<?xml version="1.0" encoding="UTF-8"?>
<testsuite xmlns:xsi="http://www.w3.org/2001/XMLSchema-instance" xsi:noNamespaceSchemaLocation="https://maven.apache.org/surefire/maven-surefire-plugin/xsd/surefire-test-report.xsd" name="org.apache.hadoop.ozone.container.common.statemachine.commandhandler.TestBlockDeletion" time="236.418" tests="3" errors="1" skipped="0" failures="0">
  <properties>
    <property name="awt.toolkit" value="sun.awt.X11.XToolkit"/>
    <property name="file.encoding.pkg" value="sun.io"/>
    <property name="java.specification.version" value="1.8"/>
    <property name="sun.cpu.isalist" value=""/>
    <property name="sun.jnu.encoding" value="UTF-8"/>
    <property name="java.class.path" value="/home/runner/work/ozone/ozone/hadoop-ozone/integration-test/target/test-classes:/home/runner/work/ozone/ozone/hadoop-ozone/integration-test/target/classes:/home/runner/.m2/repository/org/apache/ozone/ozone-common/1.2.0-SNAPSHOT/ozone-common-1.2.0-SNAPSHOT.jar:/home/runner/.m2/repository/org/apache/commons/commons-compress/1.20/commons-compress-1.20.jar:/home/runner/.m2/repository/org/apache/ozone/hdds-common/1.2.0-SNAPSHOT/hdds-common-1.2.0-SNAPSHOT.jar:/home/runner/.m2/repository/org/apache/ozone/hdds-client/1.2.0-SNAPSHOT/hdds-client-1.2.0-SNAPSHOT.jar:/home/runner/.m2/repository/org/apache/ozone/ozone-interface-client/1.2.0-SNAPSHOT/ozone-interface-client-1.2.0-SNAPSHOT.jar:/home/runner/.m2/repository/org/apache/ozone/hdds-server-framework/1.2.0-SNAPSHOT/hdds-server-framework-1.2.0-SNAPSHOT.jar:/home/runner/.m2/repository/org/apache/ozone/hdds-interface-server/1.2.0-SNAPSHOT/hdds-interface-server-1.2.0-SNAPSHOT.jar:/home/runner/.m2/repository/org/eclipse/jetty/jetty-servlet/9.4.43.v20210629/jetty-servlet-9.4.43.v20210629.jar:/home/runner/.m2/repository/org/eclipse/jetty/jetty-security/9.4.43.v20210629/jetty-security-9.4.43.v20210629.jar:/home/runner/.m2/repository/org/rocksdb/rocksdbjni/6.20.3/rocksdbjni-6.20.3.jar:/home/runner/.m2/repository/io/prometheus/simpleclient_dropwizard/0.7.0/simpleclient_dropwizard-0.7.0.jar:/home/runner/.m2/repository/io/prometheus/simpleclient/0.7.0/simpleclient-0.7.0.jar:/home/runner/.m2/repository/io/prometheus/simpleclient_common/0.7.0/simpleclient_common-0.7.0.jar:/home/runner/.m2/repository/com/fasterxml/jackson/datatype/jackson-datatype-jsr310/2.12.1/jackson-datatype-jsr310-2.12.1.jar:/home/runner/.m2/repository/org/apache/ozone/hdds-test-utils/1.2.0-SNAPSHOT/hdds-test-utils-1.2.0-SNAPSHOT.jar:/home/runner/.m2/repository/com/google/guava/guava/30.1.1-jre/guava-30.1.1-jre.jar:/home/runner/.m2/repository/com/google/guava/failureaccess/1.0.1/failureaccess-1.0.1.jar:/home/runner/.m2/repository/com/google/guava/listenablefuture/9999.0-empty-to-avoid-conflict-with-guava/listenablefuture-9999.0-empty-to-avoid-conflict-with-guava.jar:/home/runner/.m2/repository/com/google/code/findbugs/jsr305/3.0.0/jsr305-3.0.0.jar:/home/runner/.m2/repository/org/checkerframework/checker-qual/3.8.0/checker-qual-3.8.0.jar:/home/runner/.m2/repository/com/google/errorprone/error_prone_annotations/2.2.0/error_prone_annotations-2.2.0.jar:/home/runner/.m2/repository/com/google/j2objc/j2objc-annotations/1.3/j2objc-annotations-1.3.jar:/home/runner/.m2/repository/commons-io/commons-io/2.8.0/commons-io-2.8.0.jar:/home/runner/.m2/repository/commons-logging/commons-logging/1.2/commons-logging-1.2.jar:/home/runner/.m2/repository/log4j/log4j/1.2.17/log4j-1.2.17.jar:/home/runner/.m2/repository/org/slf4j/slf4j-api/1.7.30/slf4j-api-1.7.30.jar:/home/runner/.m2/repository/org/apache/ozone/hdds-server-scm/1.2.0-SNAPSHOT/hdds-server-scm-1.2.0-SNAPSHOT.jar:/home/runner/.m2/repository/org/apache/ozone/hdds-container-service/1.2.0-SNAPSHOT/hdds-container-service-1.2.0-SNAPSHOT.jar:/home/runner/.m2/repository/org/apache/ozone/hdds-hadoop-dependency-server/1.2.0-SNAPSHOT/hdds-hadoop-dependency-server-1.2.0-SNAPSHOT.jar:/home/runner/.m2/repository/org/apache/hadoop/hadoop-hdfs/3.3.1/hadoop-hdfs-3.3.1.jar:/home/runner/.m2/repository/io/dropwizard/metrics/metrics-core/3.2.4/metrics-core-3.2.4.jar:/home/runner/.m2/repository/org/apache/hadoop/hadoop-hdfs-client/3.3.1/hadoop-hdfs-client-3.3.1.jar:/home/runner/.m2/repository/org/bouncycastle/bcprov-jdk15on/1.67/bcprov-jdk15on-1.67.jar:/home/runner/.m2/repository/com/google/protobuf/protobuf-java/2.5.0/protobuf-java-2.5.0.jar:/home/runner/.m2/repository/org/apache/ozone/ozone-manager/1.2.0-SNAPSHOT/ozone-manager-1.2.0-SNAPSHOT.jar:/home/runner/.m2/repository/org/aspectj/aspectjrt/1.8.9/aspectjrt-1.8.9.jar:/home/runner/.m2/repository/org/aspectj/aspectjweaver/1.8.9/aspectjweaver-1.8.9.jar:/home/runner/.m2/repository/org/apache/ozone/hdds-interface-client/1.2.0-SNAPSHOT/hdds-interface-client-1.2.0-SNAPSHOT.jar:/home/runner/.m2/repository/org/apache/hadoop/thirdparty/hadoop-shaded-protobuf_3_7/1.1.1/hadoop-shaded-protobuf_3_7-1.1.1.jar:/home/runner/.m2/repository/org/apache/ratis/ratis-thirdparty-misc/0.7.0/ratis-thirdparty-misc-0.7.0.jar:/home/runner/.m2/repository/org/apache/ozone/ozone-interface-storage/1.2.0-SNAPSHOT/ozone-interface-storage-1.2.0-SNAPSHOT.jar:/home/runner/.m2/repository/org/reflections/reflections/0.9.11/reflections-0.9.11.jar:/home/runner/.m2/repository/org/apache/hadoop/hadoop-minikdc/3.3.1/hadoop-minikdc-3.3.1.jar:/home/runner/.m2/repository/org/apache/kerby/kerb-simplekdc/1.0.1/kerb-simplekdc-1.0.1.jar:/home/runner/.m2/repository/org/apache/kerby/kerb-client/1.0.1/kerb-client-1.0.1.jar:/home/runner/.m2/repository/org/apache/kerby/kerby-config/1.0.1/kerby-config-1.0.1.jar:/home/runner/.m2/repository/org/apache/kerby/kerb-common/1.0.1/kerb-common-1.0.1.jar:/home/runner/.m2/repository/org/apache/kerby/kerb-crypto/1.0.1/kerb-crypto-1.0.1.jar:/home/runner/.m2/repository/org/apache/kerby/kerb-util/1.0.1/kerb-util-1.0.1.jar:/home/runner/.m2/repository/org/apache/kerby/token-provider/1.0.1/token-provider-1.0.1.jar:/home/runner/.m2/repository/org/apache/kerby/kerb-admin/1.0.1/kerb-admin-1.0.1.jar:/home/runner/.m2/repository/org/apache/kerby/kerb-server/1.0.1/kerb-server-1.0.1.jar:/home/runner/.m2/repository/org/apache/kerby/kerb-identity/1.0.1/kerb-identity-1.0.1.jar:/home/runner/.m2/repository/org/apache/kerby/kerby-xdr/1.0.1/kerby-xdr-1.0.1.jar:/home/runner/.m2/repository/org/slf4j/slf4j-log4j12/1.7.30/slf4j-log4j12-1.7.30.jar:/home/runner/.m2/repository/org/apache/ozone/ozone-s3gateway/1.2.0-SNAPSHOT/ozone-s3gateway-1.2.0-SNAPSHOT.jar:/home/runner/.m2/repository/org/javassist/javassist/3.21.0-GA/javassist-3.21.0-GA.jar:/home/runner/.m2/repository/org/jboss/weld/servlet/weld-servlet/2.4.7.Final/weld-servlet-2.4.7.Final.jar:/home/runner/.m2/repository/org/glassfish/jersey/containers/jersey-container-servlet-core/2.33/jersey-container-servlet-core-2.33.jar:/home/runner/.m2/repository/org/glassfish/hk2/external/jakarta.inject/2.6.1/jakarta.inject-2.6.1.jar:/home/runner/.m2/repository/org/glassfish/jersey/core/jersey-common/2.33/jersey-common-2.33.jar:/home/runner/.m2/repository/jakarta/ws/rs/jakarta.ws.rs-api/2.1.6/jakarta.ws.rs-api-2.1.6.jar:/home/runner/.m2/repository/org/glassfish/jersey/ext/cdi/jersey-cdi1x/2.33/jersey-cdi1x-2.33.jar:/home/runner/.m2/repository/org/glassfish/jersey/inject/jersey-hk2/2.33/jersey-hk2-2.33.jar:/home/runner/.m2/repository/org/glassfish/hk2/hk2-locator/2.6.1/hk2-locator-2.6.1.jar:/home/runner/.m2/repository/org/glassfish/jersey/media/jersey-media-jaxb/2.33/jersey-media-jaxb-2.33.jar:/home/runner/.m2/repository/org/glassfish/hk2/osgi-resource-locator/1.0.3/osgi-resource-locator-1.0.3.jar:/home/runner/.m2/repository/org/glassfish/hk2/hk2-api/2.5.0/hk2-api-2.5.0.jar:/home/runner/.m2/repository/org/glassfish/hk2/hk2-utils/2.5.0/hk2-utils-2.5.0.jar:/home/runner/.m2/repository/org/glassfish/hk2/external/aopalliance-repackaged/2.5.0/aopalliance-repackaged-2.5.0.jar:/home/runner/.m2/repository/com/fasterxml/jackson/dataformat/jackson-dataformat-xml/2.12.1/jackson-dataformat-xml-2.12.1.jar:/home/runner/.m2/repository/com/fasterxml/jackson/core/jackson-core/2.12.1/jackson-core-2.12.1.jar:/home/runner/.m2/repository/com/fasterxml/jackson/module/jackson-module-jaxb-annotations/2.12.1/jackson-module-jaxb-annotations-2.12.1.jar:/home/runner/.m2/repository/jakarta/xml/bind/jakarta.xml.bind-api/2.3.2/jakarta.xml.bind-api-2.3.2.jar:/home/runner/.m2/repository/org/codehaus/woodstox/stax2-api/3.1.4/stax2-api-3.1.4.jar:/home/runner/.m2/repository/com/fasterxml/woodstox/woodstox-core/5.0.3/woodstox-core-5.0.3.jar:/home/runner/.m2/repository/javax/enterprise/cdi-api/1.2/cdi-api-1.2.jar:/home/runner/.m2/repository/javax/el/javax.el-api/3.0.0/javax.el-api-3.0.0.jar:/home/runner/.m2/repository/javax/interceptor/javax.interceptor-api/1.2/javax.interceptor-api-1.2.jar:/home/runner/.m2/repository/javax/inject/javax.inject/1/javax.inject-1.jar:/home/runner/.m2/repository/javax/xml/bind/jaxb-api/2.3.0/jaxb-api-2.3.0.jar:/home/runner/.m2/repository/org/glassfish/jaxb/jaxb-runtime/2.3.0.1/jaxb-runtime-2.3.0.1.jar:/home/runner/.m2/repository/org/glassfish/jaxb/jaxb-core/2.3.0.1/jaxb-core-2.3.0.1.jar:/home/runner/.m2/repository/org/glassfish/jaxb/txw2/2.3.0.1/txw2-2.3.0.1.jar:/home/runner/.m2/repository/com/sun/istack/istack-commons-runtime/3.0.5/istack-commons-runtime-3.0.5.jar:/home/runner/.m2/repository/org/jvnet/staxex/stax-ex/1.7.8/stax-ex-1.7.8.jar:/home/runner/.m2/repository/com/sun/xml/fastinfoset/FastInfoset/1.2.13/FastInfoset-1.2.13.jar:/home/runner/.m2/repository/javax/activation/activation/1.1.1/activation-1.1.1.jar:/home/runner/.m2/repository/org/apache/ozone/ozone-csi/1.2.0-SNAPSHOT/ozone-csi-1.2.0-SNAPSHOT.jar:/home/runner/.m2/repository/com/google/protobuf/protobuf-java-util/3.12.0/protobuf-java-util-3.12.0.jar:/home/runner/.m2/repository/com/google/code/gson/gson/2.2.4/gson-2.2.4.jar:/home/runner/.m2/repository/org/apache/ozone/hdds-config/1.2.0-SNAPSHOT/hdds-config-1.2.0-SNAPSHOT.jar:/home/runner/.m2/repository/io/grpc/grpc-netty/1.33.0/grpc-netty-1.33.0.jar:/home/runner/.m2/repository/io/grpc/grpc-core/1.33.0/grpc-core-1.33.0.jar:/home/runner/.m2/repository/com/google/android/annotations/4.1.1.4/annotations-4.1.1.4.jar:/home/runner/.m2/repository/io/netty/netty-codec-http2/4.1.63.Final/netty-codec-http2-4.1.63.Final.jar:/home/runner/.m2/repository/io/netty/netty-codec-http/4.1.63.Final/netty-codec-http-4.1.63.Final.jar:/home/runner/.m2/repository/io/netty/netty-handler-proxy/4.1.63.Final/netty-handler-proxy-4.1.63.Final.jar:/home/runner/.m2/repository/io/netty/netty-codec-socks/4.1.63.Final/netty-codec-socks-4.1.63.Final.jar:/home/runner/.m2/repository/io/perfmark/perfmark-api/0.19.0/perfmark-api-0.19.0.jar:/home/runner/.m2/repository/org/codehaus/mojo/animal-sniffer-annotations/1.18/animal-sniffer-annotations-1.18.jar:/home/runner/.m2/repository/io/netty/netty-transport-native-epoll/4.1.63.Final/netty-transport-native-epoll-4.1.63.Final.jar:/home/runner/.m2/repository/io/netty/netty-common/4.1.63.Final/netty-common-4.1.63.Final.jar:/home/runner/.m2/repository/io/netty/netty-buffer/4.1.63.Final/netty-buffer-4.1.63.Final.jar:/home/runner/.m2/repository/io/netty/netty-transport-native-unix-common/4.1.63.Final/netty-transport-native-unix-common-4.1.63.Final.jar:/home/runner/.m2/repository/io/grpc/grpc-protobuf/1.33.0/grpc-protobuf-1.33.0.jar:/home/runner/.m2/repository/io/grpc/grpc-api/1.33.0/grpc-api-1.33.0.jar:/home/runner/.m2/repository/io/grpc/grpc-context/1.33.0/grpc-context-1.33.0.jar:/home/runner/.m2/repository/com/google/api/grpc/proto-google-common-protos/1.17.0/proto-google-common-protos-1.17.0.jar:/home/runner/.m2/repository/io/grpc/grpc-protobuf-lite/1.33.0/grpc-protobuf-lite-1.33.0.jar:/home/runner/.m2/repository/io/grpc/grpc-stub/1.33.0/grpc-stub-1.33.0.jar:/home/runner/.m2/repository/org/apache/ozone/ozone-recon/1.2.0-SNAPSHOT/ozone-recon-1.2.0-SNAPSHOT.jar:/home/runner/.m2/repository/org/apache/ozone/ozone-reconcodegen/1.2.0-SNAPSHOT/ozone-reconcodegen-1.2.0-SNAPSHOT.jar:/home/runner/.m2/repository/com/google/inject/extensions/guice-multibindings/4.0/guice-multibindings-4.0.jar:/home/runner/.m2/repository/com/google/inject/guice/4.0/guice-4.0.jar:/home/runner/.m2/repository/aopalliance/aopalliance/1.0/aopalliance-1.0.jar:/home/runner/.m2/repository/com/google/inject/extensions/guice-assistedinject/4.0/guice-assistedinject-4.0.jar:/home/runner/.m2/repository/com/google/inject/extensions/guice-servlet/4.0/guice-servlet-4.0.jar:/home/runner/.m2/repository/org/glassfish/jersey/containers/jersey-container-servlet/2.33/jersey-container-servlet-2.33.jar:/home/runner/.m2/repository/org/glassfish/hk2/guice-bridge/2.5.0/guice-bridge-2.5.0.jar:/home/runner/.m2/repository/org/glassfish/jersey/core/jersey-server/2.33/jersey-server-2.33.jar:/home/runner/.m2/repository/org/glassfish/jersey/core/jersey-client/2.33/jersey-client-2.33.jar:/home/runner/.m2/repository/jakarta/annotation/jakarta.annotation-api/1.3.5/jakarta.annotation-api-1.3.5.jar:/home/runner/.m2/repository/jakarta/validation/jakarta.validation-api/2.0.2/jakarta.validation-api-2.0.2.jar:/home/runner/.m2/repository/org/glassfish/jersey/media/jersey-media-json-jackson/2.33/jersey-media-json-jackson-2.33.jar:/home/runner/.m2/repository/org/glassfish/jersey/ext/jersey-entity-filtering/2.33/jersey-entity-filtering-2.33.jar:/home/runner/.m2/repository/org/jooq/jooq/3.11.10/jooq-3.11.10.jar:/home/runner/.m2/repository/org/jooq/jooq-meta/3.11.10/jooq-meta-3.11.10.jar:/home/runner/.m2/repository/org/jooq/jooq-codegen/3.11.10/jooq-codegen-3.11.10.jar:/home/runner/.m2/repository/com/jolbox/bonecp/0.8.0.RELEASE/bonecp-0.8.0.RELEASE.jar:/home/runner/.m2/repository/org/apache/derby/derby/10.14.2.0/derby-10.14.2.0.jar:/home/runner/.m2/repository/org/xerial/sqlite-jdbc/3.25.2/sqlite-jdbc-3.25.2.jar:/home/runner/.m2/repository/org/springframework/spring-jdbc/5.2.11.RELEASE/spring-jdbc-5.2.11.RELEASE.jar:/home/runner/.m2/repository/org/springframework/spring-beans/5.2.11.RELEASE/spring-beans-5.2.11.RELEASE.jar:/home/runner/.m2/repository/org/springframework/spring-core/5.2.11.RELEASE/spring-core-5.2.11.RELEASE.jar:/home/runner/.m2/repository/org/springframework/spring-jcl/5.2.11.RELEASE/spring-jcl-5.2.11.RELEASE.jar:/home/runner/.m2/repository/org/springframework/spring-tx/5.2.11.RELEASE/spring-tx-5.2.11.RELEASE.jar:/home/runner/.m2/repository/org/apache/ozone/ozone-client/1.2.0-SNAPSHOT/ozone-client-1.2.0-SNAPSHOT.jar:/home/runner/.m2/repository/org/apache/ozone/ozone-filesystem/1.2.0-SNAPSHOT/ozone-filesystem-1.2.0-SNAPSHOT.jar:/home/runner/.m2/repository/org/apache/ozone/ozone-filesystem-common/1.2.0-SNAPSHOT/ozone-filesystem-common-1.2.0-SNAPSHOT.jar:/home/runner/.m2/repository/org/apache/ozone/ozone-tools/1.2.0-SNAPSHOT/ozone-tools-1.2.0-SNAPSHOT.jar:/home/runner/.m2/repository/org/apache/ratis/ratis-tools/2.1.0-03f3b68-SNAPSHOT/ratis-tools-2.1.0-03f3b68-SNAPSHOT.jar:/home/runner/.m2/repository/org/apache/ratis/ratis-proto/2.1.0-03f3b68-SNAPSHOT/ratis-proto-2.1.0-03f3b68-SNAPSHOT.jar:/home/runner/.m2/repository/org/apache/ratis/ratis-common/2.1.0-03f3b68-SNAPSHOT/ratis-common-2.1.0-03f3b68-SNAPSHOT.jar:/home/runner/.m2/repository/com/amazonaws/aws-java-sdk-core/1.11.901/aws-java-sdk-core-1.11.901.jar:/home/runner/.m2/repository/org/apache/httpcomponents/httpclient/4.5.13/httpclient-4.5.13.jar:/home/runner/.m2/repository/org/apache/httpcomponents/httpcore/4.4.13/httpcore-4.4.13.jar:/home/runner/.m2/repository/software/amazon/ion/ion-java/1.0.2/ion-java-1.0.2.jar:/home/runner/.m2/repository/com/fasterxml/jackson/dataformat/jackson-dataformat-cbor/2.12.1/jackson-dataformat-cbor-2.12.1.jar:/home/runner/.m2/repository/joda-time/joda-time/2.8.1/joda-time-2.8.1.jar:/home/runner/.m2/repository/com/amazonaws/aws-java-sdk-s3/1.11.901/aws-java-sdk-s3-1.11.901.jar:/home/runner/.m2/repository/com/amazonaws/aws-java-sdk-kms/1.11.901/aws-java-sdk-kms-1.11.901.jar:/home/runner/.m2/repository/com/amazonaws/jmespath-java/1.11.901/jmespath-java-1.11.901.jar:/home/runner/.m2/repository/org/kohsuke/metainf-services/metainf-services/1.8/metainf-services-1.8.jar:/home/runner/.m2/repository/org/apache/ozone/hdds-tools/1.2.0-SNAPSHOT/hdds-tools-1.2.0-SNAPSHOT.jar:/home/runner/.m2/repository/commons-cli/commons-cli/1.2/commons-cli-1.2.jar:/home/runner/.m2/repository/org/apache/commons/commons-lang3/3.7/commons-lang3-3.7.jar:/home/runner/.m2/repository/org/apache/ozone/ozone-manager/1.2.0-SNAPSHOT/ozone-manager-1.2.0-SNAPSHOT-tests.jar:/home/runner/.m2/repository/org/apache/ozone/hdds-common/1.2.0-SNAPSHOT/hdds-common-1.2.0-SNAPSHOT-tests.jar:/home/runner/.m2/repository/org/apache/ozone/hdds-hadoop-dependency-client/1.2.0-SNAPSHOT/hdds-hadoop-dependency-client-1.2.0-SNAPSHOT.jar:/home/runner/.m2/repository/info/picocli/picocli/4.4.0/picocli-4.4.0.jar:/home/runner/.m2/repository/com/fasterxml/jackson/core/jackson-annotations/2.12.1/jackson-annotations-2.12.1.jar:/home/runner/.m2/repository/javax/annotation/javax.annotation-api/1.2/javax.annotation-api-1.2.jar:/home/runner/.m2/repository/org/apache/ratis/ratis-server/2.1.0-03f3b68-SNAPSHOT/ratis-server-2.1.0-03f3b68-SNAPSHOT.jar:/home/runner/.m2/repository/org/apache/ratis/ratis-client/2.1.0-03f3b68-SNAPSHOT/ratis-client-2.1.0-03f3b68-SNAPSHOT.jar:/home/runner/.m2/repository/org/apache/ratis/ratis-server-api/2.1.0-03f3b68-SNAPSHOT/ratis-server-api-2.1.0-03f3b68-SNAPSHOT.jar:/home/runner/.m2/repository/org/apache/ratis/ratis-metrics/2.1.0-03f3b68-SNAPSHOT/ratis-metrics-2.1.0-03f3b68-SNAPSHOT.jar:/home/runner/.m2/repository/org/apache/ratis/ratis-netty/2.1.0-03f3b68-SNAPSHOT/ratis-netty-2.1.0-03f3b68-SNAPSHOT.jar:/home/runner/.m2/repository/org/apache/ratis/ratis-grpc/2.1.0-03f3b68-SNAPSHOT/ratis-grpc-2.1.0-03f3b68-SNAPSHOT.jar:/home/runner/.m2/repository/org/apache/logging/log4j/log4j-api/2.13.3/log4j-api-2.13.3.jar:/home/runner/.m2/repository/org/apache/logging/log4j/log4j-core/2.13.3/log4j-core-2.13.3.jar:/home/runner/.m2/repository/com/lmax/disruptor/3.4.2/disruptor-3.4.2.jar:/home/runner/.m2/repository/org/apache/commons/commons-pool2/2.6.0/commons-pool2-2.6.0.jar:/home/runner/.m2/repository/org/bouncycastle/bcpkix-jdk15on/1.67/bcpkix-jdk15on-1.67.jar:/home/runner/.m2/repository/commons-validator/commons-validator/1.6/commons-validator-1.6.jar:/home/runner/.m2/repository/commons-beanutils/commons-beanutils/1.9.4/commons-beanutils-1.9.4.jar:/home/runner/.m2/repository/commons-digester/commons-digester/1.8.1/commons-digester-1.8.1.jar:/home/runner/.m2/repository/commons-collections/commons-collections/3.2.2/commons-collections-3.2.2.jar:/home/runner/.m2/repository/io/jaegertracing/jaeger-client/1.6.0/jaeger-client-1.6.0.jar:/home/runner/.m2/repository/io/jaegertracing/jaeger-thrift/1.6.0/jaeger-thrift-1.6.0.jar:/home/runner/.m2/repository/org/apache/thrift/libthrift/0.14.1/libthrift-0.14.1.jar:/home/runner/.m2/repository/com/squareup/okhttp3/okhttp/4.9.0/okhttp-4.9.0.jar:/home/runner/.m2/repository/com/squareup/okio/okio/2.8.0/okio-2.8.0.jar:/home/runner/.m2/repository/io/jaegertracing/jaeger-core/1.6.0/jaeger-core-1.6.0.jar:/home/runner/.m2/repository/io/jaegertracing/jaeger-tracerresolver/1.6.0/jaeger-tracerresolver-1.6.0.jar:/home/runner/.m2/repository/io/opentracing/contrib/opentracing-tracerresolver/0.1.8/opentracing-tracerresolver-0.1.8.jar:/home/runner/.m2/repository/org/jetbrains/kotlin/kotlin-stdlib/1.4.31/kotlin-stdlib-1.4.31.jar:/home/runner/.m2/repository/org/jetbrains/kotlin/kotlin-stdlib-common/1.4.31/kotlin-stdlib-common-1.4.31.jar:/home/runner/.m2/repository/org/jetbrains/annotations/13.0/annotations-13.0.jar:/home/runner/.m2/repository/io/opentracing/opentracing-util/0.33.0/opentracing-util-0.33.0.jar:/home/runner/.m2/repository/io/opentracing/opentracing-api/0.33.0/opentracing-api-0.33.0.jar:/home/runner/.m2/repository/io/opentracing/opentracing-noop/0.33.0/opentracing-noop-0.33.0.jar:/home/runner/.m2/repository/org/yaml/snakeyaml/1.26/snakeyaml-1.26.jar:/home/runner/.m2/repository/org/apache/ozone/hdds-interface-admin/1.2.0-SNAPSHOT/hdds-interface-admin-1.2.0-SNAPSHOT.jar:/home/runner/.m2/repository/junit/junit/4.13.1/junit-4.13.1.jar:/home/runner/.m2/repository/org/hamcrest/hamcrest-core/1.3/hamcrest-core-1.3.jar:/home/runner/.m2/repository/org/junit/jupiter/junit-jupiter-api/5.7.0/junit-jupiter-api-5.7.0.jar:/home/runner/.m2/repository/org/apiguardian/apiguardian-api/1.1.0/apiguardian-api-1.1.0.jar:/home/runner/.m2/repository/org/opentest4j/opentest4j/1.2.0/opentest4j-1.2.0.jar:/home/runner/.m2/repository/org/junit/platform/junit-platform-commons/1.7.0/junit-platform-commons-1.7.0.jar:/home/runner/.m2/repository/org/junit/jupiter/junit-jupiter-engine/5.7.0/junit-jupiter-engine-5.7.0.jar:/home/runner/.m2/repository/org/junit/platform/junit-platform-engine/1.7.0/junit-platform-engine-1.7.0.jar:/home/runner/.m2/repository/org/junit/vintage/junit-vintage-engine/5.7.0/junit-vintage-engine-5.7.0.jar:/home/runner/.m2/repository/org/junit/platform/junit-platform-launcher/1.7.0/junit-platform-launcher-1.7.0.jar:/home/runner/.m2/repository/org/openjdk/jmh/jmh-core/1.19/jmh-core-1.19.jar:/home/runner/.m2/repository/net/sf/jopt-simple/jopt-simple/4.6/jopt-simple-4.6.jar:/home/runner/.m2/repository/org/apache/commons/commons-math3/3.1.1/commons-math3-3.1.1.jar:/home/runner/.m2/repository/org/openjdk/jmh/jmh-generator-annprocess/1.19/jmh-generator-annprocess-1.19.jar:/home/runner/.m2/repository/org/mockito/mockito-core/2.28.2/mockito-core-2.28.2.jar:/home/runner/.m2/repository/net/bytebuddy/byte-buddy/1.9.10/byte-buddy-1.9.10.jar:/home/runner/.m2/repository/net/bytebuddy/byte-buddy-agent/1.9.10/byte-buddy-agent-1.9.10.jar:/home/runner/.m2/repository/org/objenesis/objenesis/1.0/objenesis-1.0.jar:/home/runner/.m2/repository/org/apache/hadoop/hadoop-kms/3.3.1/hadoop-kms-3.3.1.jar:/home/runner/.m2/repository/org/apache/hadoop/hadoop-auth/3.3.1/hadoop-auth-3.3.1.jar:/home/runner/.m2/repository/com/nimbusds/nimbus-jose-jwt/7.9/nimbus-jose-jwt-7.9.jar:/home/runner/.m2/repository/com/github/stephenc/jcip/jcip-annotations/1.0-1/jcip-annotations-1.0-1.jar:/home/runner/.m2/repository/net/minidev/json-smart/2.3/json-smart-2.3.jar:/home/runner/.m2/repository/net/minidev/accessors-smart/1.2/accessors-smart-1.2.jar:/home/runner/.m2/repository/org/ow2/asm/asm/5.0.4/asm-5.0.4.jar:/home/runner/.m2/repository/org/apache/zookeeper/zookeeper/3.5.6/zookeeper-3.5.6.jar:/home/runner/.m2/repository/org/apache/zookeeper/zookeeper-jute/3.5.6/zookeeper-jute-3.5.6.jar:/home/runner/.m2/repository/org/apache/yetus/audience-annotations/0.5.0/audience-annotations-0.5.0.jar:/home/runner/.m2/repository/org/apache/curator/curator-framework/4.2.0/curator-framework-4.2.0.jar:/home/runner/.m2/repository/org/apache/hadoop/thirdparty/hadoop-shaded-guava/1.1.1/hadoop-shaded-guava-1.1.1.jar:/home/runner/.m2/repository/com/sun/jersey/jersey-core/1.19/jersey-core-1.19.jar:/home/runner/.m2/repository/javax/ws/rs/jsr311-api/1.1.1/jsr311-api-1.1.1.jar:/home/runner/.m2/repository/com/sun/jersey/jersey-server/1.19/jersey-server-1.19.jar:/home/runner/.m2/repository/javax/servlet/javax.servlet-api/3.1.0/javax.servlet-api-3.1.0.jar:/home/runner/.m2/repository/org/eclipse/jetty/jetty-server/9.4.43.v20210629/jetty-server-9.4.43.v20210629.jar:/home/runner/.m2/repository/org/eclipse/jetty/jetty-http/9.4.43.v20210629/jetty-http-9.4.43.v20210629.jar:/home/runner/.m2/repository/org/eclipse/jetty/jetty-io/9.4.43.v20210629/jetty-io-9.4.43.v20210629.jar:/home/runner/.m2/repository/org/eclipse/jetty/jetty-webapp/9.4.43.v20210629/jetty-webapp-9.4.43.v20210629.jar:/home/runner/.m2/repository/org/eclipse/jetty/jetty-xml/9.4.43.v20210629/jetty-xml-9.4.43.v20210629.jar:/home/runner/.m2/repository/org/apache/hadoop/hadoop-common/3.3.1/hadoop-common-3.3.1.jar:/home/runner/.m2/repository/commons-net/commons-net/3.6/commons-net-3.6.jar:/home/runner/.m2/repository/jakarta/activation/jakarta.activation-api/1.2.1/jakarta.activation-api-1.2.1.jar:/home/runner/.m2/repository/com/sun/jersey/jersey-servlet/1.19/jersey-servlet-1.19.jar:/home/runner/.m2/repository/com/sun/jersey/jersey-json/1.19/jersey-json-1.19.jar:/home/runner/.m2/repository/org/codehaus/jettison/jettison/1.1/jettison-1.1.jar:/home/runner/.m2/repository/com/sun/xml/bind/jaxb-impl/2.2.3-1/jaxb-impl-2.2.3-1.jar:/home/runner/.m2/repository/org/codehaus/jackson/jackson-jaxrs/1.9.2/jackson-jaxrs-1.9.2.jar:/home/runner/.m2/repository/org/codehaus/jackson/jackson-xc/1.9.2/jackson-xc-1.9.2.jar:/home/runner/.m2/repository/org/apache/commons/commons-configuration2/2.1.1/commons-configuration2-2.1.1.jar:/home/runner/.m2/repository/org/apache/commons/commons-text/1.4/commons-text-1.4.jar:/home/runner/.m2/repository/com/google/re2j/re2j/1.1/re2j-1.1.jar:/home/runner/.m2/repository/com/jcraft/jsch/0.1.54/jsch-0.1.54.jar:/home/runner/.m2/repository/org/apache/curator/curator-client/4.2.0/curator-client-4.2.0.jar:/home/runner/.m2/repository/org/apache/curator/curator-recipes/4.2.0/curator-recipes-4.2.0.jar:/home/runner/.m2/repository/org/apache/kerby/kerb-core/1.0.1/kerb-core-1.0.1.jar:/home/runner/.m2/repository/org/apache/kerby/kerby-pkix/1.0.1/kerby-pkix-1.0.1.jar:/home/runner/.m2/repository/org/apache/kerby/kerby-asn1/1.0.1/kerby-asn1-1.0.1.jar:/home/runner/.m2/repository/org/apache/kerby/kerby-util/1.0.1/kerby-util-1.0.1.jar:/home/runner/.m2/repository/dnsjava/dnsjava/2.1.7/dnsjava-2.1.7.jar:/home/runner/.m2/repository/org/xerial/snappy/snappy-java/1.1.8.2/snappy-java-1.1.8.2.jar:/home/runner/.m2/repository/org/slf4j/jul-to-slf4j/1.7.30/jul-to-slf4j-1.7.30.jar:/home/runner/.m2/repository/org/eclipse/jetty/jetty-util/9.4.43.v20210629/jetty-util-9.4.43.v20210629.jar:/home/runner/.m2/repository/com/fasterxml/jackson/core/jackson-databind/2.12.1/jackson-databind-2.12.1.jar:/home/runner/.m2/repository/org/apache/hadoop/hadoop-kms/3.3.1/hadoop-kms-3.3.1-tests.jar:/home/runner/.m2/repository/org/apache/ozone/hdds-server-scm/1.2.0-SNAPSHOT/hdds-server-scm-1.2.0-SNAPSHOT-tests.jar:/home/runner/.m2/repository/org/apache/ozone/hdds-container-service/1.2.0-SNAPSHOT/hdds-container-service-1.2.0-SNAPSHOT-tests.jar:/home/runner/.m2/repository/commons-codec/commons-codec/1.11/commons-codec-1.11.jar:/home/runner/.m2/repository/io/netty/netty-transport/4.1.63.Final/netty-transport-4.1.63.Final.jar:/home/runner/.m2/repository/io/netty/netty-resolver/4.1.63.Final/netty-resolver-4.1.63.Final.jar:/home/runner/.m2/repository/io/netty/netty-codec/4.1.63.Final/netty-codec-4.1.63.Final.jar:/home/runner/.m2/repository/io/netty/netty-handler/4.1.63.Final/netty-handler-4.1.63.Final.jar:/home/runner/.m2/repository/org/apache/ozone/hdds-hadoop-dependency-test/1.2.0-SNAPSHOT/hdds-hadoop-dependency-test-1.2.0-SNAPSHOT.jar:/home/runner/.m2/repository/org/apache/hadoop/hadoop-common/3.3.1/hadoop-common-3.3.1-tests.jar:/home/runner/.m2/repository/org/assertj/assertj-core/3.12.2/assertj-core-3.12.2.jar:/home/runner/.m2/repository/org/apache/hadoop/hadoop-hdfs/3.3.1/hadoop-hdfs-3.3.1-tests.jar:/home/runner/.m2/repository/org/eclipse/jetty/jetty-util-ajax/9.4.43.v20210629/jetty-util-ajax-9.4.43.v20210629.jar:/home/runner/.m2/repository/commons-daemon/commons-daemon/1.0.13/commons-daemon-1.0.13.jar:/home/runner/.m2/repository/io/netty/netty/3.10.6.Final/netty-3.10.6.Final.jar:/home/runner/.m2/repository/io/netty/netty-all/4.1.63.Final/netty-all-4.1.63.Final.jar:/home/runner/.m2/repository/org/apache/htrace/htrace-core4/4.1.0-incubating/htrace-core4-4.1.0-incubating.jar:/home/runner/.m2/repository/org/fusesource/leveldbjni/leveldbjni-all/1.8/leveldbjni-all-1.8.jar:/home/runner/.m2/repository/org/apache/hadoop/hadoop-distcp/3.3.1/hadoop-distcp-3.3.1.jar:/home/runner/.m2/repository/org/apache/hadoop/hadoop-mapreduce-client-jobclient/3.3.1/hadoop-mapreduce-client-jobclient-3.3.1.jar:/home/runner/.m2/repository/org/apache/hadoop/hadoop-mapreduce-client-common/3.3.1/hadoop-mapreduce-client-common-3.3.1.jar:/home/runner/.m2/repository/org/apache/hadoop/hadoop-yarn-common/3.3.1/hadoop-yarn-common-3.3.1.jar:/home/runner/.m2/repository/org/apache/hadoop/hadoop-yarn-api/3.3.1/hadoop-yarn-api-3.3.1.jar:/home/runner/.m2/repository/com/sun/jersey/jersey-client/1.19/jersey-client-1.19.jar:/home/runner/.m2/repository/com/sun/jersey/contribs/jersey-guice/1.19/jersey-guice-1.19.jar:/home/runner/.m2/repository/com/fasterxml/jackson/jaxrs/jackson-jaxrs-json-provider/2.12.1/jackson-jaxrs-json-provider-2.12.1.jar:/home/runner/.m2/repository/com/fasterxml/jackson/jaxrs/jackson-jaxrs-base/2.12.1/jackson-jaxrs-base-2.12.1.jar:/home/runner/.m2/repository/org/apache/hadoop/hadoop-yarn-client/3.3.1/hadoop-yarn-client-3.3.1.jar:/home/runner/.m2/repository/org/eclipse/jetty/websocket/websocket-client/9.4.40.v20210413/websocket-client-9.4.40.v20210413.jar:/home/runner/.m2/repository/org/eclipse/jetty/jetty-client/9.4.40.v20210413/jetty-client-9.4.40.v20210413.jar:/home/runner/.m2/repository/org/eclipse/jetty/websocket/websocket-common/9.4.40.v20210413/websocket-common-9.4.40.v20210413.jar:/home/runner/.m2/repository/org/eclipse/jetty/websocket/websocket-api/9.4.40.v20210413/websocket-api-9.4.40.v20210413.jar:/home/runner/.m2/repository/org/jline/jline/3.9.0/jline-3.9.0.jar:/home/runner/.m2/repository/org/apache/hadoop/hadoop-mapreduce-client-core/3.3.1/hadoop-mapreduce-client-core-3.3.1.jar:/home/runner/.m2/repository/org/apache/avro/avro/1.7.7/avro-1.7.7.jar:/home/runner/.m2/repository/org/codehaus/jackson/jackson-core-asl/1.9.13/jackson-core-asl-1.9.13.jar:/home/runner/.m2/repository/org/codehaus/jackson/jackson-mapper-asl/1.9.13/jackson-mapper-asl-1.9.13.jar:/home/runner/.m2/repository/com/thoughtworks/paranamer/paranamer/2.3/paranamer-2.3.jar:/home/runner/.m2/repository/org/apache/hadoop/hadoop-annotations/3.3.1/hadoop-annotations-3.3.1.jar:/usr/lib/jvm/adoptopenjdk-8-hotspot-amd64/jre/../lib/tools.jar:/home/runner/.m2/repository/org/apache/hadoop/hadoop-distcp/3.3.1/hadoop-distcp-3.3.1-tests.jar:"/>
    <property name="java.vm.vendor" value="AdoptOpenJDK"/>
    <property name="sun.arch.data.model" value="64"/>
    <property name="test.build.dir" value="/home/runner/work/ozone/ozone/hadoop-ozone/integration-test/target/test-dir"/>
    <property name="test.cache.data" value=""/>
    <property name="java.vendor.url" value="https://adoptopenjdk.net/"/>
    <property name="user.timezone" value=""/>
    <property name="java.vm.specification.version" value="1.8"/>
    <property name="os.name" value="Linux"/>
    <property name="test.build.data" value="/home/runner/work/ozone/ozone/hadoop-ozone/integration-test/target/test-dir"/>
    <property name="sun.java.launcher" value="SUN_STANDARD"/>
    <property name="sun.boot.library.path" value="/usr/lib/jvm/adoptopenjdk-8-hotspot-amd64/jre/lib/amd64"/>
    <property name="sun.java.command" value="/home/runner/work/ozone/ozone/hadoop-ozone/integration-test/target/surefire/surefirebooter3892902343296022091.jar /home/runner/work/ozone/ozone/hadoop-ozone/integration-test/target/surefire 2021-08-15T12-48-45_484-jvmRun1 surefire4273934242867459095tmp surefire_541876246368223998341tmp"/>
    <property name="surefire.test.class.path" value="/home/runner/work/ozone/ozone/hadoop-ozone/integration-test/target/test-classes:/home/runner/work/ozone/ozone/hadoop-ozone/integration-test/target/classes:/home/runner/.m2/repository/org/apache/ozone/ozone-common/1.2.0-SNAPSHOT/ozone-common-1.2.0-SNAPSHOT.jar:/home/runner/.m2/repository/org/apache/commons/commons-compress/1.20/commons-compress-1.20.jar:/home/runner/.m2/repository/org/apache/ozone/hdds-common/1.2.0-SNAPSHOT/hdds-common-1.2.0-SNAPSHOT.jar:/home/runner/.m2/repository/org/apache/ozone/hdds-client/1.2.0-SNAPSHOT/hdds-client-1.2.0-SNAPSHOT.jar:/home/runner/.m2/repository/org/apache/ozone/ozone-interface-client/1.2.0-SNAPSHOT/ozone-interface-client-1.2.0-SNAPSHOT.jar:/home/runner/.m2/repository/org/apache/ozone/hdds-server-framework/1.2.0-SNAPSHOT/hdds-server-framework-1.2.0-SNAPSHOT.jar:/home/runner/.m2/repository/org/apache/ozone/hdds-interface-server/1.2.0-SNAPSHOT/hdds-interface-server-1.2.0-SNAPSHOT.jar:/home/runner/.m2/repository/org/eclipse/jetty/jetty-servlet/9.4.43.v20210629/jetty-servlet-9.4.43.v20210629.jar:/home/runner/.m2/repository/org/eclipse/jetty/jetty-security/9.4.43.v20210629/jetty-security-9.4.43.v20210629.jar:/home/runner/.m2/repository/org/rocksdb/rocksdbjni/6.20.3/rocksdbjni-6.20.3.jar:/home/runner/.m2/repository/io/prometheus/simpleclient_dropwizard/0.7.0/simpleclient_dropwizard-0.7.0.jar:/home/runner/.m2/repository/io/prometheus/simpleclient/0.7.0/simpleclient-0.7.0.jar:/home/runner/.m2/repository/io/prometheus/simpleclient_common/0.7.0/simpleclient_common-0.7.0.jar:/home/runner/.m2/repository/com/fasterxml/jackson/datatype/jackson-datatype-jsr310/2.12.1/jackson-datatype-jsr310-2.12.1.jar:/home/runner/.m2/repository/org/apache/ozone/hdds-test-utils/1.2.0-SNAPSHOT/hdds-test-utils-1.2.0-SNAPSHOT.jar:/home/runner/.m2/repository/com/google/guava/guava/30.1.1-jre/guava-30.1.1-jre.jar:/home/runner/.m2/repository/com/google/guava/failureaccess/1.0.1/failureaccess-1.0.1.jar:/home/runner/.m2/repository/com/google/guava/listenablefuture/9999.0-empty-to-avoid-conflict-with-guava/listenablefuture-9999.0-empty-to-avoid-conflict-with-guava.jar:/home/runner/.m2/repository/com/google/code/findbugs/jsr305/3.0.0/jsr305-3.0.0.jar:/home/runner/.m2/repository/org/checkerframework/checker-qual/3.8.0/checker-qual-3.8.0.jar:/home/runner/.m2/repository/com/google/errorprone/error_prone_annotations/2.2.0/error_prone_annotations-2.2.0.jar:/home/runner/.m2/repository/com/google/j2objc/j2objc-annotations/1.3/j2objc-annotations-1.3.jar:/home/runner/.m2/repository/commons-io/commons-io/2.8.0/commons-io-2.8.0.jar:/home/runner/.m2/repository/commons-logging/commons-logging/1.2/commons-logging-1.2.jar:/home/runner/.m2/repository/log4j/log4j/1.2.17/log4j-1.2.17.jar:/home/runner/.m2/repository/org/slf4j/slf4j-api/1.7.30/slf4j-api-1.7.30.jar:/home/runner/.m2/repository/org/apache/ozone/hdds-server-scm/1.2.0-SNAPSHOT/hdds-server-scm-1.2.0-SNAPSHOT.jar:/home/runner/.m2/repository/org/apache/ozone/hdds-container-service/1.2.0-SNAPSHOT/hdds-container-service-1.2.0-SNAPSHOT.jar:/home/runner/.m2/repository/org/apache/ozone/hdds-hadoop-dependency-server/1.2.0-SNAPSHOT/hdds-hadoop-dependency-server-1.2.0-SNAPSHOT.jar:/home/runner/.m2/repository/org/apache/hadoop/hadoop-hdfs/3.3.1/hadoop-hdfs-3.3.1.jar:/home/runner/.m2/repository/io/dropwizard/metrics/metrics-core/3.2.4/metrics-core-3.2.4.jar:/home/runner/.m2/repository/org/apache/hadoop/hadoop-hdfs-client/3.3.1/hadoop-hdfs-client-3.3.1.jar:/home/runner/.m2/repository/org/bouncycastle/bcprov-jdk15on/1.67/bcprov-jdk15on-1.67.jar:/home/runner/.m2/repository/com/google/protobuf/protobuf-java/2.5.0/protobuf-java-2.5.0.jar:/home/runner/.m2/repository/org/apache/ozone/ozone-manager/1.2.0-SNAPSHOT/ozone-manager-1.2.0-SNAPSHOT.jar:/home/runner/.m2/repository/org/aspectj/aspectjrt/1.8.9/aspectjrt-1.8.9.jar:/home/runner/.m2/repository/org/aspectj/aspectjweaver/1.8.9/aspectjweaver-1.8.9.jar:/home/runner/.m2/repository/org/apache/ozone/hdds-interface-client/1.2.0-SNAPSHOT/hdds-interface-client-1.2.0-SNAPSHOT.jar:/home/runner/.m2/repository/org/apache/hadoop/thirdparty/hadoop-shaded-protobuf_3_7/1.1.1/hadoop-shaded-protobuf_3_7-1.1.1.jar:/home/runner/.m2/repository/org/apache/ratis/ratis-thirdparty-misc/0.7.0/ratis-thirdparty-misc-0.7.0.jar:/home/runner/.m2/repository/org/apache/ozone/ozone-interface-storage/1.2.0-SNAPSHOT/ozone-interface-storage-1.2.0-SNAPSHOT.jar:/home/runner/.m2/repository/org/reflections/reflections/0.9.11/reflections-0.9.11.jar:/home/runner/.m2/repository/org/apache/hadoop/hadoop-minikdc/3.3.1/hadoop-minikdc-3.3.1.jar:/home/runner/.m2/repository/org/apache/kerby/kerb-simplekdc/1.0.1/kerb-simplekdc-1.0.1.jar:/home/runner/.m2/repository/org/apache/kerby/kerb-client/1.0.1/kerb-client-1.0.1.jar:/home/runner/.m2/repository/org/apache/kerby/kerby-config/1.0.1/kerby-config-1.0.1.jar:/home/runner/.m2/repository/org/apache/kerby/kerb-common/1.0.1/kerb-common-1.0.1.jar:/home/runner/.m2/repository/org/apache/kerby/kerb-crypto/1.0.1/kerb-crypto-1.0.1.jar:/home/runner/.m2/repository/org/apache/kerby/kerb-util/1.0.1/kerb-util-1.0.1.jar:/home/runner/.m2/repository/org/apache/kerby/token-provider/1.0.1/token-provider-1.0.1.jar:/home/runner/.m2/repository/org/apache/kerby/kerb-admin/1.0.1/kerb-admin-1.0.1.jar:/home/runner/.m2/repository/org/apache/kerby/kerb-server/1.0.1/kerb-server-1.0.1.jar:/home/runner/.m2/repository/org/apache/kerby/kerb-identity/1.0.1/kerb-identity-1.0.1.jar:/home/runner/.m2/repository/org/apache/kerby/kerby-xdr/1.0.1/kerby-xdr-1.0.1.jar:/home/runner/.m2/repository/org/slf4j/slf4j-log4j12/1.7.30/slf4j-log4j12-1.7.30.jar:/home/runner/.m2/repository/org/apache/ozone/ozone-s3gateway/1.2.0-SNAPSHOT/ozone-s3gateway-1.2.0-SNAPSHOT.jar:/home/runner/.m2/repository/org/javassist/javassist/3.21.0-GA/javassist-3.21.0-GA.jar:/home/runner/.m2/repository/org/jboss/weld/servlet/weld-servlet/2.4.7.Final/weld-servlet-2.4.7.Final.jar:/home/runner/.m2/repository/org/glassfish/jersey/containers/jersey-container-servlet-core/2.33/jersey-container-servlet-core-2.33.jar:/home/runner/.m2/repository/org/glassfish/hk2/external/jakarta.inject/2.6.1/jakarta.inject-2.6.1.jar:/home/runner/.m2/repository/org/glassfish/jersey/core/jersey-common/2.33/jersey-common-2.33.jar:/home/runner/.m2/repository/jakarta/ws/rs/jakarta.ws.rs-api/2.1.6/jakarta.ws.rs-api-2.1.6.jar:/home/runner/.m2/repository/org/glassfish/jersey/ext/cdi/jersey-cdi1x/2.33/jersey-cdi1x-2.33.jar:/home/runner/.m2/repository/org/glassfish/jersey/inject/jersey-hk2/2.33/jersey-hk2-2.33.jar:/home/runner/.m2/repository/org/glassfish/hk2/hk2-locator/2.6.1/hk2-locator-2.6.1.jar:/home/runner/.m2/repository/org/glassfish/jersey/media/jersey-media-jaxb/2.33/jersey-media-jaxb-2.33.jar:/home/runner/.m2/repository/org/glassfish/hk2/osgi-resource-locator/1.0.3/osgi-resource-locator-1.0.3.jar:/home/runner/.m2/repository/org/glassfish/hk2/hk2-api/2.5.0/hk2-api-2.5.0.jar:/home/runner/.m2/repository/org/glassfish/hk2/hk2-utils/2.5.0/hk2-utils-2.5.0.jar:/home/runner/.m2/repository/org/glassfish/hk2/external/aopalliance-repackaged/2.5.0/aopalliance-repackaged-2.5.0.jar:/home/runner/.m2/repository/com/fasterxml/jackson/dataformat/jackson-dataformat-xml/2.12.1/jackson-dataformat-xml-2.12.1.jar:/home/runner/.m2/repository/com/fasterxml/jackson/core/jackson-core/2.12.1/jackson-core-2.12.1.jar:/home/runner/.m2/repository/com/fasterxml/jackson/module/jackson-module-jaxb-annotations/2.12.1/jackson-module-jaxb-annotations-2.12.1.jar:/home/runner/.m2/repository/jakarta/xml/bind/jakarta.xml.bind-api/2.3.2/jakarta.xml.bind-api-2.3.2.jar:/home/runner/.m2/repository/org/codehaus/woodstox/stax2-api/3.1.4/stax2-api-3.1.4.jar:/home/runner/.m2/repository/com/fasterxml/woodstox/woodstox-core/5.0.3/woodstox-core-5.0.3.jar:/home/runner/.m2/repository/javax/enterprise/cdi-api/1.2/cdi-api-1.2.jar:/home/runner/.m2/repository/javax/el/javax.el-api/3.0.0/javax.el-api-3.0.0.jar:/home/runner/.m2/repository/javax/interceptor/javax.interceptor-api/1.2/javax.interceptor-api-1.2.jar:/home/runner/.m2/repository/javax/inject/javax.inject/1/javax.inject-1.jar:/home/runner/.m2/repository/javax/xml/bind/jaxb-api/2.3.0/jaxb-api-2.3.0.jar:/home/runner/.m2/repository/org/glassfish/jaxb/jaxb-runtime/2.3.0.1/jaxb-runtime-2.3.0.1.jar:/home/runner/.m2/repository/org/glassfish/jaxb/jaxb-core/2.3.0.1/jaxb-core-2.3.0.1.jar:/home/runner/.m2/repository/org/glassfish/jaxb/txw2/2.3.0.1/txw2-2.3.0.1.jar:/home/runner/.m2/repository/com/sun/istack/istack-commons-runtime/3.0.5/istack-commons-runtime-3.0.5.jar:/home/runner/.m2/repository/org/jvnet/staxex/stax-ex/1.7.8/stax-ex-1.7.8.jar:/home/runner/.m2/repository/com/sun/xml/fastinfoset/FastInfoset/1.2.13/FastInfoset-1.2.13.jar:/home/runner/.m2/repository/javax/activation/activation/1.1.1/activation-1.1.1.jar:/home/runner/.m2/repository/org/apache/ozone/ozone-csi/1.2.0-SNAPSHOT/ozone-csi-1.2.0-SNAPSHOT.jar:/home/runner/.m2/repository/com/google/protobuf/protobuf-java-util/3.12.0/protobuf-java-util-3.12.0.jar:/home/runner/.m2/repository/com/google/code/gson/gson/2.2.4/gson-2.2.4.jar:/home/runner/.m2/repository/org/apache/ozone/hdds-config/1.2.0-SNAPSHOT/hdds-config-1.2.0-SNAPSHOT.jar:/home/runner/.m2/repository/io/grpc/grpc-netty/1.33.0/grpc-netty-1.33.0.jar:/home/runner/.m2/repository/io/grpc/grpc-core/1.33.0/grpc-core-1.33.0.jar:/home/runner/.m2/repository/com/google/android/annotations/4.1.1.4/annotations-4.1.1.4.jar:/home/runner/.m2/repository/io/netty/netty-codec-http2/4.1.63.Final/netty-codec-http2-4.1.63.Final.jar:/home/runner/.m2/repository/io/netty/netty-codec-http/4.1.63.Final/netty-codec-http-4.1.63.Final.jar:/home/runner/.m2/repository/io/netty/netty-handler-proxy/4.1.63.Final/netty-handler-proxy-4.1.63.Final.jar:/home/runner/.m2/repository/io/netty/netty-codec-socks/4.1.63.Final/netty-codec-socks-4.1.63.Final.jar:/home/runner/.m2/repository/io/perfmark/perfmark-api/0.19.0/perfmark-api-0.19.0.jar:/home/runner/.m2/repository/org/codehaus/mojo/animal-sniffer-annotations/1.18/animal-sniffer-annotations-1.18.jar:/home/runner/.m2/repository/io/netty/netty-transport-native-epoll/4.1.63.Final/netty-transport-native-epoll-4.1.63.Final.jar:/home/runner/.m2/repository/io/netty/netty-common/4.1.63.Final/netty-common-4.1.63.Final.jar:/home/runner/.m2/repository/io/netty/netty-buffer/4.1.63.Final/netty-buffer-4.1.63.Final.jar:/home/runner/.m2/repository/io/netty/netty-transport-native-unix-common/4.1.63.Final/netty-transport-native-unix-common-4.1.63.Final.jar:/home/runner/.m2/repository/io/grpc/grpc-protobuf/1.33.0/grpc-protobuf-1.33.0.jar:/home/runner/.m2/repository/io/grpc/grpc-api/1.33.0/grpc-api-1.33.0.jar:/home/runner/.m2/repository/io/grpc/grpc-context/1.33.0/grpc-context-1.33.0.jar:/home/runner/.m2/repository/com/google/api/grpc/proto-google-common-protos/1.17.0/proto-google-common-protos-1.17.0.jar:/home/runner/.m2/repository/io/grpc/grpc-protobuf-lite/1.33.0/grpc-protobuf-lite-1.33.0.jar:/home/runner/.m2/repository/io/grpc/grpc-stub/1.33.0/grpc-stub-1.33.0.jar:/home/runner/.m2/repository/org/apache/ozone/ozone-recon/1.2.0-SNAPSHOT/ozone-recon-1.2.0-SNAPSHOT.jar:/home/runner/.m2/repository/org/apache/ozone/ozone-reconcodegen/1.2.0-SNAPSHOT/ozone-reconcodegen-1.2.0-SNAPSHOT.jar:/home/runner/.m2/repository/com/google/inject/extensions/guice-multibindings/4.0/guice-multibindings-4.0.jar:/home/runner/.m2/repository/com/google/inject/guice/4.0/guice-4.0.jar:/home/runner/.m2/repository/aopalliance/aopalliance/1.0/aopalliance-1.0.jar:/home/runner/.m2/repository/com/google/inject/extensions/guice-assistedinject/4.0/guice-assistedinject-4.0.jar:/home/runner/.m2/repository/com/google/inject/extensions/guice-servlet/4.0/guice-servlet-4.0.jar:/home/runner/.m2/repository/org/glassfish/jersey/containers/jersey-container-servlet/2.33/jersey-container-servlet-2.33.jar:/home/runner/.m2/repository/org/glassfish/hk2/guice-bridge/2.5.0/guice-bridge-2.5.0.jar:/home/runner/.m2/repository/org/glassfish/jersey/core/jersey-server/2.33/jersey-server-2.33.jar:/home/runner/.m2/repository/org/glassfish/jersey/core/jersey-client/2.33/jersey-client-2.33.jar:/home/runner/.m2/repository/jakarta/annotation/jakarta.annotation-api/1.3.5/jakarta.annotation-api-1.3.5.jar:/home/runner/.m2/repository/jakarta/validation/jakarta.validation-api/2.0.2/jakarta.validation-api-2.0.2.jar:/home/runner/.m2/repository/org/glassfish/jersey/media/jersey-media-json-jackson/2.33/jersey-media-json-jackson-2.33.jar:/home/runner/.m2/repository/org/glassfish/jersey/ext/jersey-entity-filtering/2.33/jersey-entity-filtering-2.33.jar:/home/runner/.m2/repository/org/jooq/jooq/3.11.10/jooq-3.11.10.jar:/home/runner/.m2/repository/org/jooq/jooq-meta/3.11.10/jooq-meta-3.11.10.jar:/home/runner/.m2/repository/org/jooq/jooq-codegen/3.11.10/jooq-codegen-3.11.10.jar:/home/runner/.m2/repository/com/jolbox/bonecp/0.8.0.RELEASE/bonecp-0.8.0.RELEASE.jar:/home/runner/.m2/repository/org/apache/derby/derby/10.14.2.0/derby-10.14.2.0.jar:/home/runner/.m2/repository/org/xerial/sqlite-jdbc/3.25.2/sqlite-jdbc-3.25.2.jar:/home/runner/.m2/repository/org/springframework/spring-jdbc/5.2.11.RELEASE/spring-jdbc-5.2.11.RELEASE.jar:/home/runner/.m2/repository/org/springframework/spring-beans/5.2.11.RELEASE/spring-beans-5.2.11.RELEASE.jar:/home/runner/.m2/repository/org/springframework/spring-core/5.2.11.RELEASE/spring-core-5.2.11.RELEASE.jar:/home/runner/.m2/repository/org/springframework/spring-jcl/5.2.11.RELEASE/spring-jcl-5.2.11.RELEASE.jar:/home/runner/.m2/repository/org/springframework/spring-tx/5.2.11.RELEASE/spring-tx-5.2.11.RELEASE.jar:/home/runner/.m2/repository/org/apache/ozone/ozone-client/1.2.0-SNAPSHOT/ozone-client-1.2.0-SNAPSHOT.jar:/home/runner/.m2/repository/org/apache/ozone/ozone-filesystem/1.2.0-SNAPSHOT/ozone-filesystem-1.2.0-SNAPSHOT.jar:/home/runner/.m2/repository/org/apache/ozone/ozone-filesystem-common/1.2.0-SNAPSHOT/ozone-filesystem-common-1.2.0-SNAPSHOT.jar:/home/runner/.m2/repository/org/apache/ozone/ozone-tools/1.2.0-SNAPSHOT/ozone-tools-1.2.0-SNAPSHOT.jar:/home/runner/.m2/repository/org/apache/ratis/ratis-tools/2.1.0-03f3b68-SNAPSHOT/ratis-tools-2.1.0-03f3b68-SNAPSHOT.jar:/home/runner/.m2/repository/org/apache/ratis/ratis-proto/2.1.0-03f3b68-SNAPSHOT/ratis-proto-2.1.0-03f3b68-SNAPSHOT.jar:/home/runner/.m2/repository/org/apache/ratis/ratis-common/2.1.0-03f3b68-SNAPSHOT/ratis-common-2.1.0-03f3b68-SNAPSHOT.jar:/home/runner/.m2/repository/com/amazonaws/aws-java-sdk-core/1.11.901/aws-java-sdk-core-1.11.901.jar:/home/runner/.m2/repository/org/apache/httpcomponents/httpclient/4.5.13/httpclient-4.5.13.jar:/home/runner/.m2/repository/org/apache/httpcomponents/httpcore/4.4.13/httpcore-4.4.13.jar:/home/runner/.m2/repository/software/amazon/ion/ion-java/1.0.2/ion-java-1.0.2.jar:/home/runner/.m2/repository/com/fasterxml/jackson/dataformat/jackson-dataformat-cbor/2.12.1/jackson-dataformat-cbor-2.12.1.jar:/home/runner/.m2/repository/joda-time/joda-time/2.8.1/joda-time-2.8.1.jar:/home/runner/.m2/repository/com/amazonaws/aws-java-sdk-s3/1.11.901/aws-java-sdk-s3-1.11.901.jar:/home/runner/.m2/repository/com/amazonaws/aws-java-sdk-kms/1.11.901/aws-java-sdk-kms-1.11.901.jar:/home/runner/.m2/repository/com/amazonaws/jmespath-java/1.11.901/jmespath-java-1.11.901.jar:/home/runner/.m2/repository/org/kohsuke/metainf-services/metainf-services/1.8/metainf-services-1.8.jar:/home/runner/.m2/repository/org/apache/ozone/hdds-tools/1.2.0-SNAPSHOT/hdds-tools-1.2.0-SNAPSHOT.jar:/home/runner/.m2/repository/commons-cli/commons-cli/1.2/commons-cli-1.2.jar:/home/runner/.m2/repository/org/apache/commons/commons-lang3/3.7/commons-lang3-3.7.jar:/home/runner/.m2/repository/org/apache/ozone/ozone-manager/1.2.0-SNAPSHOT/ozone-manager-1.2.0-SNAPSHOT-tests.jar:/home/runner/.m2/repository/org/apache/ozone/hdds-common/1.2.0-SNAPSHOT/hdds-common-1.2.0-SNAPSHOT-tests.jar:/home/runner/.m2/repository/org/apache/ozone/hdds-hadoop-dependency-client/1.2.0-SNAPSHOT/hdds-hadoop-dependency-client-1.2.0-SNAPSHOT.jar:/home/runner/.m2/repository/info/picocli/picocli/4.4.0/picocli-4.4.0.jar:/home/runner/.m2/repository/com/fasterxml/jackson/core/jackson-annotations/2.12.1/jackson-annotations-2.12.1.jar:/home/runner/.m2/repository/javax/annotation/javax.annotation-api/1.2/javax.annotation-api-1.2.jar:/home/runner/.m2/repository/org/apache/ratis/ratis-server/2.1.0-03f3b68-SNAPSHOT/ratis-server-2.1.0-03f3b68-SNAPSHOT.jar:/home/runner/.m2/repository/org/apache/ratis/ratis-client/2.1.0-03f3b68-SNAPSHOT/ratis-client-2.1.0-03f3b68-SNAPSHOT.jar:/home/runner/.m2/repository/org/apache/ratis/ratis-server-api/2.1.0-03f3b68-SNAPSHOT/ratis-server-api-2.1.0-03f3b68-SNAPSHOT.jar:/home/runner/.m2/repository/org/apache/ratis/ratis-metrics/2.1.0-03f3b68-SNAPSHOT/ratis-metrics-2.1.0-03f3b68-SNAPSHOT.jar:/home/runner/.m2/repository/org/apache/ratis/ratis-netty/2.1.0-03f3b68-SNAPSHOT/ratis-netty-2.1.0-03f3b68-SNAPSHOT.jar:/home/runner/.m2/repository/org/apache/ratis/ratis-grpc/2.1.0-03f3b68-SNAPSHOT/ratis-grpc-2.1.0-03f3b68-SNAPSHOT.jar:/home/runner/.m2/repository/org/apache/logging/log4j/log4j-api/2.13.3/log4j-api-2.13.3.jar:/home/runner/.m2/repository/org/apache/logging/log4j/log4j-core/2.13.3/log4j-core-2.13.3.jar:/home/runner/.m2/repository/com/lmax/disruptor/3.4.2/disruptor-3.4.2.jar:/home/runner/.m2/repository/org/apache/commons/commons-pool2/2.6.0/commons-pool2-2.6.0.jar:/home/runner/.m2/repository/org/bouncycastle/bcpkix-jdk15on/1.67/bcpkix-jdk15on-1.67.jar:/home/runner/.m2/repository/commons-validator/commons-validator/1.6/commons-validator-1.6.jar:/home/runner/.m2/repository/commons-beanutils/commons-beanutils/1.9.4/commons-beanutils-1.9.4.jar:/home/runner/.m2/repository/commons-digester/commons-digester/1.8.1/commons-digester-1.8.1.jar:/home/runner/.m2/repository/commons-collections/commons-collections/3.2.2/commons-collections-3.2.2.jar:/home/runner/.m2/repository/io/jaegertracing/jaeger-client/1.6.0/jaeger-client-1.6.0.jar:/home/runner/.m2/repository/io/jaegertracing/jaeger-thrift/1.6.0/jaeger-thrift-1.6.0.jar:/home/runner/.m2/repository/org/apache/thrift/libthrift/0.14.1/libthrift-0.14.1.jar:/home/runner/.m2/repository/com/squareup/okhttp3/okhttp/4.9.0/okhttp-4.9.0.jar:/home/runner/.m2/repository/com/squareup/okio/okio/2.8.0/okio-2.8.0.jar:/home/runner/.m2/repository/io/jaegertracing/jaeger-core/1.6.0/jaeger-core-1.6.0.jar:/home/runner/.m2/repository/io/jaegertracing/jaeger-tracerresolver/1.6.0/jaeger-tracerresolver-1.6.0.jar:/home/runner/.m2/repository/io/opentracing/contrib/opentracing-tracerresolver/0.1.8/opentracing-tracerresolver-0.1.8.jar:/home/runner/.m2/repository/org/jetbrains/kotlin/kotlin-stdlib/1.4.31/kotlin-stdlib-1.4.31.jar:/home/runner/.m2/repository/org/jetbrains/kotlin/kotlin-stdlib-common/1.4.31/kotlin-stdlib-common-1.4.31.jar:/home/runner/.m2/repository/org/jetbrains/annotations/13.0/annotations-13.0.jar:/home/runner/.m2/repository/io/opentracing/opentracing-util/0.33.0/opentracing-util-0.33.0.jar:/home/runner/.m2/repository/io/opentracing/opentracing-api/0.33.0/opentracing-api-0.33.0.jar:/home/runner/.m2/repository/io/opentracing/opentracing-noop/0.33.0/opentracing-noop-0.33.0.jar:/home/runner/.m2/repository/org/yaml/snakeyaml/1.26/snakeyaml-1.26.jar:/home/runner/.m2/repository/org/apache/ozone/hdds-interface-admin/1.2.0-SNAPSHOT/hdds-interface-admin-1.2.0-SNAPSHOT.jar:/home/runner/.m2/repository/junit/junit/4.13.1/junit-4.13.1.jar:/home/runner/.m2/repository/org/hamcrest/hamcrest-core/1.3/hamcrest-core-1.3.jar:/home/runner/.m2/repository/org/junit/jupiter/junit-jupiter-api/5.7.0/junit-jupiter-api-5.7.0.jar:/home/runner/.m2/repository/org/apiguardian/apiguardian-api/1.1.0/apiguardian-api-1.1.0.jar:/home/runner/.m2/repository/org/opentest4j/opentest4j/1.2.0/opentest4j-1.2.0.jar:/home/runner/.m2/repository/org/junit/platform/junit-platform-commons/1.7.0/junit-platform-commons-1.7.0.jar:/home/runner/.m2/repository/org/junit/jupiter/junit-jupiter-engine/5.7.0/junit-jupiter-engine-5.7.0.jar:/home/runner/.m2/repository/org/junit/platform/junit-platform-engine/1.7.0/junit-platform-engine-1.7.0.jar:/home/runner/.m2/repository/org/junit/vintage/junit-vintage-engine/5.7.0/junit-vintage-engine-5.7.0.jar:/home/runner/.m2/repository/org/junit/platform/junit-platform-launcher/1.7.0/junit-platform-launcher-1.7.0.jar:/home/runner/.m2/repository/org/openjdk/jmh/jmh-core/1.19/jmh-core-1.19.jar:/home/runner/.m2/repository/net/sf/jopt-simple/jopt-simple/4.6/jopt-simple-4.6.jar:/home/runner/.m2/repository/org/apache/commons/commons-math3/3.1.1/commons-math3-3.1.1.jar:/home/runner/.m2/repository/org/openjdk/jmh/jmh-generator-annprocess/1.19/jmh-generator-annprocess-1.19.jar:/home/runner/.m2/repository/org/mockito/mockito-core/2.28.2/mockito-core-2.28.2.jar:/home/runner/.m2/repository/net/bytebuddy/byte-buddy/1.9.10/byte-buddy-1.9.10.jar:/home/runner/.m2/repository/net/bytebuddy/byte-buddy-agent/1.9.10/byte-buddy-agent-1.9.10.jar:/home/runner/.m2/repository/org/objenesis/objenesis/1.0/objenesis-1.0.jar:/home/runner/.m2/repository/org/apache/hadoop/hadoop-kms/3.3.1/hadoop-kms-3.3.1.jar:/home/runner/.m2/repository/org/apache/hadoop/hadoop-auth/3.3.1/hadoop-auth-3.3.1.jar:/home/runner/.m2/repository/com/nimbusds/nimbus-jose-jwt/7.9/nimbus-jose-jwt-7.9.jar:/home/runner/.m2/repository/com/github/stephenc/jcip/jcip-annotations/1.0-1/jcip-annotations-1.0-1.jar:/home/runner/.m2/repository/net/minidev/json-smart/2.3/json-smart-2.3.jar:/home/runner/.m2/repository/net/minidev/accessors-smart/1.2/accessors-smart-1.2.jar:/home/runner/.m2/repository/org/ow2/asm/asm/5.0.4/asm-5.0.4.jar:/home/runner/.m2/repository/org/apache/zookeeper/zookeeper/3.5.6/zookeeper-3.5.6.jar:/home/runner/.m2/repository/org/apache/zookeeper/zookeeper-jute/3.5.6/zookeeper-jute-3.5.6.jar:/home/runner/.m2/repository/org/apache/yetus/audience-annotations/0.5.0/audience-annotations-0.5.0.jar:/home/runner/.m2/repository/org/apache/curator/curator-framework/4.2.0/curator-framework-4.2.0.jar:/home/runner/.m2/repository/org/apache/hadoop/thirdparty/hadoop-shaded-guava/1.1.1/hadoop-shaded-guava-1.1.1.jar:/home/runner/.m2/repository/com/sun/jersey/jersey-core/1.19/jersey-core-1.19.jar:/home/runner/.m2/repository/javax/ws/rs/jsr311-api/1.1.1/jsr311-api-1.1.1.jar:/home/runner/.m2/repository/com/sun/jersey/jersey-server/1.19/jersey-server-1.19.jar:/home/runner/.m2/repository/javax/servlet/javax.servlet-api/3.1.0/javax.servlet-api-3.1.0.jar:/home/runner/.m2/repository/org/eclipse/jetty/jetty-server/9.4.43.v20210629/jetty-server-9.4.43.v20210629.jar:/home/runner/.m2/repository/org/eclipse/jetty/jetty-http/9.4.43.v20210629/jetty-http-9.4.43.v20210629.jar:/home/runner/.m2/repository/org/eclipse/jetty/jetty-io/9.4.43.v20210629/jetty-io-9.4.43.v20210629.jar:/home/runner/.m2/repository/org/eclipse/jetty/jetty-webapp/9.4.43.v20210629/jetty-webapp-9.4.43.v20210629.jar:/home/runner/.m2/repository/org/eclipse/jetty/jetty-xml/9.4.43.v20210629/jetty-xml-9.4.43.v20210629.jar:/home/runner/.m2/repository/org/apache/hadoop/hadoop-common/3.3.1/hadoop-common-3.3.1.jar:/home/runner/.m2/repository/commons-net/commons-net/3.6/commons-net-3.6.jar:/home/runner/.m2/repository/jakarta/activation/jakarta.activation-api/1.2.1/jakarta.activation-api-1.2.1.jar:/home/runner/.m2/repository/com/sun/jersey/jersey-servlet/1.19/jersey-servlet-1.19.jar:/home/runner/.m2/repository/com/sun/jersey/jersey-json/1.19/jersey-json-1.19.jar:/home/runner/.m2/repository/org/codehaus/jettison/jettison/1.1/jettison-1.1.jar:/home/runner/.m2/repository/com/sun/xml/bind/jaxb-impl/2.2.3-1/jaxb-impl-2.2.3-1.jar:/home/runner/.m2/repository/org/codehaus/jackson/jackson-jaxrs/1.9.2/jackson-jaxrs-1.9.2.jar:/home/runner/.m2/repository/org/codehaus/jackson/jackson-xc/1.9.2/jackson-xc-1.9.2.jar:/home/runner/.m2/repository/org/apache/commons/commons-configuration2/2.1.1/commons-configuration2-2.1.1.jar:/home/runner/.m2/repository/org/apache/commons/commons-text/1.4/commons-text-1.4.jar:/home/runner/.m2/repository/com/google/re2j/re2j/1.1/re2j-1.1.jar:/home/runner/.m2/repository/com/jcraft/jsch/0.1.54/jsch-0.1.54.jar:/home/runner/.m2/repository/org/apache/curator/curator-client/4.2.0/curator-client-4.2.0.jar:/home/runner/.m2/repository/org/apache/curator/curator-recipes/4.2.0/curator-recipes-4.2.0.jar:/home/runner/.m2/repository/org/apache/kerby/kerb-core/1.0.1/kerb-core-1.0.1.jar:/home/runner/.m2/repository/org/apache/kerby/kerby-pkix/1.0.1/kerby-pkix-1.0.1.jar:/home/runner/.m2/repository/org/apache/kerby/kerby-asn1/1.0.1/kerby-asn1-1.0.1.jar:/home/runner/.m2/repository/org/apache/kerby/kerby-util/1.0.1/kerby-util-1.0.1.jar:/home/runner/.m2/repository/dnsjava/dnsjava/2.1.7/dnsjava-2.1.7.jar:/home/runner/.m2/repository/org/xerial/snappy/snappy-java/1.1.8.2/snappy-java-1.1.8.2.jar:/home/runner/.m2/repository/org/slf4j/jul-to-slf4j/1.7.30/jul-to-slf4j-1.7.30.jar:/home/runner/.m2/repository/org/eclipse/jetty/jetty-util/9.4.43.v20210629/jetty-util-9.4.43.v20210629.jar:/home/runner/.m2/repository/com/fasterxml/jackson/core/jackson-databind/2.12.1/jackson-databind-2.12.1.jar:/home/runner/.m2/repository/org/apache/hadoop/hadoop-kms/3.3.1/hadoop-kms-3.3.1-tests.jar:/home/runner/.m2/repository/org/apache/ozone/hdds-server-scm/1.2.0-SNAPSHOT/hdds-server-scm-1.2.0-SNAPSHOT-tests.jar:/home/runner/.m2/repository/org/apache/ozone/hdds-container-service/1.2.0-SNAPSHOT/hdds-container-service-1.2.0-SNAPSHOT-tests.jar:/home/runner/.m2/repository/commons-codec/commons-codec/1.11/commons-codec-1.11.jar:/home/runner/.m2/repository/io/netty/netty-transport/4.1.63.Final/netty-transport-4.1.63.Final.jar:/home/runner/.m2/repository/io/netty/netty-resolver/4.1.63.Final/netty-resolver-4.1.63.Final.jar:/home/runner/.m2/repository/io/netty/netty-codec/4.1.63.Final/netty-codec-4.1.63.Final.jar:/home/runner/.m2/repository/io/netty/netty-handler/4.1.63.Final/netty-handler-4.1.63.Final.jar:/home/runner/.m2/repository/org/apache/ozone/hdds-hadoop-dependency-test/1.2.0-SNAPSHOT/hdds-hadoop-dependency-test-1.2.0-SNAPSHOT.jar:/home/runner/.m2/repository/org/apache/hadoop/hadoop-common/3.3.1/hadoop-common-3.3.1-tests.jar:/home/runner/.m2/repository/org/assertj/assertj-core/3.12.2/assertj-core-3.12.2.jar:/home/runner/.m2/repository/org/apache/hadoop/hadoop-hdfs/3.3.1/hadoop-hdfs-3.3.1-tests.jar:/home/runner/.m2/repository/org/eclipse/jetty/jetty-util-ajax/9.4.43.v20210629/jetty-util-ajax-9.4.43.v20210629.jar:/home/runner/.m2/repository/commons-daemon/commons-daemon/1.0.13/commons-daemon-1.0.13.jar:/home/runner/.m2/repository/io/netty/netty/3.10.6.Final/netty-3.10.6.Final.jar:/home/runner/.m2/repository/io/netty/netty-all/4.1.63.Final/netty-all-4.1.63.Final.jar:/home/runner/.m2/repository/org/apache/htrace/htrace-core4/4.1.0-incubating/htrace-core4-4.1.0-incubating.jar:/home/runner/.m2/repository/org/fusesource/leveldbjni/leveldbjni-all/1.8/leveldbjni-all-1.8.jar:/home/runner/.m2/repository/org/apache/hadoop/hadoop-distcp/3.3.1/hadoop-distcp-3.3.1.jar:/home/runner/.m2/repository/org/apache/hadoop/hadoop-mapreduce-client-jobclient/3.3.1/hadoop-mapreduce-client-jobclient-3.3.1.jar:/home/runner/.m2/repository/org/apache/hadoop/hadoop-mapreduce-client-common/3.3.1/hadoop-mapreduce-client-common-3.3.1.jar:/home/runner/.m2/repository/org/apache/hadoop/hadoop-yarn-common/3.3.1/hadoop-yarn-common-3.3.1.jar:/home/runner/.m2/repository/org/apache/hadoop/hadoop-yarn-api/3.3.1/hadoop-yarn-api-3.3.1.jar:/home/runner/.m2/repository/com/sun/jersey/jersey-client/1.19/jersey-client-1.19.jar:/home/runner/.m2/repository/com/sun/jersey/contribs/jersey-guice/1.19/jersey-guice-1.19.jar:/home/runner/.m2/repository/com/fasterxml/jackson/jaxrs/jackson-jaxrs-json-provider/2.12.1/jackson-jaxrs-json-provider-2.12.1.jar:/home/runner/.m2/repository/com/fasterxml/jackson/jaxrs/jackson-jaxrs-base/2.12.1/jackson-jaxrs-base-2.12.1.jar:/home/runner/.m2/repository/org/apache/hadoop/hadoop-yarn-client/3.3.1/hadoop-yarn-client-3.3.1.jar:/home/runner/.m2/repository/org/eclipse/jetty/websocket/websocket-client/9.4.40.v20210413/websocket-client-9.4.40.v20210413.jar:/home/runner/.m2/repository/org/eclipse/jetty/jetty-client/9.4.40.v20210413/jetty-client-9.4.40.v20210413.jar:/home/runner/.m2/repository/org/eclipse/jetty/websocket/websocket-common/9.4.40.v20210413/websocket-common-9.4.40.v20210413.jar:/home/runner/.m2/repository/org/eclipse/jetty/websocket/websocket-api/9.4.40.v20210413/websocket-api-9.4.40.v20210413.jar:/home/runner/.m2/repository/org/jline/jline/3.9.0/jline-3.9.0.jar:/home/runner/.m2/repository/org/apache/hadoop/hadoop-mapreduce-client-core/3.3.1/hadoop-mapreduce-client-core-3.3.1.jar:/home/runner/.m2/repository/org/apache/avro/avro/1.7.7/avro-1.7.7.jar:/home/runner/.m2/repository/org/codehaus/jackson/jackson-core-asl/1.9.13/jackson-core-asl-1.9.13.jar:/home/runner/.m2/repository/org/codehaus/jackson/jackson-mapper-asl/1.9.13/jackson-mapper-asl-1.9.13.jar:/home/runner/.m2/repository/com/thoughtworks/paranamer/paranamer/2.3/paranamer-2.3.jar:/home/runner/.m2/repository/org/apache/hadoop/hadoop-annotations/3.3.1/hadoop-annotations-3.3.1.jar:/usr/lib/jvm/adoptopenjdk-8-hotspot-amd64/jre/../lib/tools.jar:/home/runner/.m2/repository/org/apache/hadoop/hadoop-distcp/3.3.1/hadoop-distcp-3.3.1-tests.jar:"/>
    <property name="sun.cpu.endian" value="little"/>
    <property name="user.home" value="/home/runner"/>
    <property name="user.language" value="en"/>
    <property name="java.specification.vendor" value="Oracle Corporation"/>
    <property name="java.home" value="/usr/lib/jvm/adoptopenjdk-8-hotspot-amd64/jre"/>
    <property name="java.security.krb5.conf" value="/home/runner/work/ozone/ozone/hadoop-ozone/integration-test/target/test-classes/krb5.conf"/>
    <property name="basedir" value="/home/runner/work/ozone/ozone/hadoop-ozone/integration-test"/>
    <property name="file.separator" value="/"/>
    <property name="line.separator" value="&#10;"/>
    <property name="java.vm.specification.vendor" value="Oracle Corporation"/>
    <property name="java.specification.name" value="Java Platform API Specification"/>
    <property name="java.awt.graphicsenv" value="sun.awt.X11GraphicsEnvironment"/>
    <property name="skip.installnpx" value="true"/>
    <property name="surefire.real.class.path" value="/home/runner/work/ozone/ozone/hadoop-ozone/integration-test/target/surefire/surefirebooter3892902343296022091.jar:/home/runner/.m2/repository/org/jacoco/org.jacoco.agent/0.8.5/org.jacoco.agent-0.8.5-runtime.jar"/>
    <property name="hadoop.log.dir" value="/home/runner/work/ozone/ozone/hadoop-ozone/integration-test/target/log"/>
    <property name="sun.boot.class.path" value="/usr/lib/jvm/adoptopenjdk-8-hotspot-amd64/jre/lib/resources.jar:/usr/lib/jvm/adoptopenjdk-8-hotspot-amd64/jre/lib/rt.jar:/usr/lib/jvm/adoptopenjdk-8-hotspot-amd64/jre/lib/sunrsasign.jar:/usr/lib/jvm/adoptopenjdk-8-hotspot-amd64/jre/lib/jsse.jar:/usr/lib/jvm/adoptopenjdk-8-hotspot-amd64/jre/lib/jce.jar:/usr/lib/jvm/adoptopenjdk-8-hotspot-amd64/jre/lib/charsets.jar:/usr/lib/jvm/adoptopenjdk-8-hotspot-amd64/jre/lib/jfr.jar:/usr/lib/jvm/adoptopenjdk-8-hotspot-amd64/jre/classes"/>
    <property name="sun.management.compiler" value="HotSpot 64-Bit Tiered Compilers"/>
    <property name="skip.npx" value="true"/>
    <property name="java.runtime.version" value="1.8.0_292-b10"/>
    <property name="java.net.preferIPv4Stack" value="true"/>
    <property name="user.name" value="runner"/>
    <property name="path.separator" value=":"/>
    <property name="java.security.egd" value="file:///dev/urandom"/>
    <property name="os.version" value="5.4.0-1055-azure"/>
    <property name="java.endorsed.dirs" value="/usr/lib/jvm/adoptopenjdk-8-hotspot-amd64/jre/lib/endorsed"/>
    <property name="java.runtime.name" value="OpenJDK Runtime Environment"/>
    <property name="file.encoding" value="UTF-8"/>
    <property name="java.vm.name" value="OpenJDK 64-Bit Server VM"/>
    <property name="test.build.webapps" value=""/>
    <property name="localRepository" value="/home/runner/.m2/repository"/>
    <property name="java.vendor.url.bug" value="https://github.com/AdoptOpenJDK/openjdk-support/issues"/>
    <property name="java.io.tmpdir" value="/tmp"/>
    <property name="require.test.libhadoop" value=""/>
    <property name="java.version" value="1.8.0_292"/>
    <property name="user.dir" value="/home/runner/work/ozone/ozone/hadoop-ozone/integration-test"/>
    <property name="os.arch" value="amd64"/>
    <property name="java.vm.specification.name" value="Java Virtual Machine Specification"/>
    <property name="test.build.classes" value="/home/runner/work/ozone/ozone/hadoop-ozone/integration-test/target/test-classes"/>
    <property name="java.awt.printerjob" value="sun.print.PSPrinterJob"/>
    <property name="sun.os.patch.level" value="unknown"/>
    <property name="hadoop.tmp.dir" value="/home/runner/work/ozone/ozone/hadoop-ozone/integration-test/target/tmp"/>
    <property name="java.library.path" value="/usr/java/packages/lib/amd64:/usr/lib64:/lib64:/lib:/usr/lib"/>
    <property name="java.vm.info" value="mixed mode"/>
    <property name="java.vendor" value="AdoptOpenJDK"/>
    <property name="java.vm.version" value="25.292-b10"/>
    <property name="java.ext.dirs" value="/usr/lib/jvm/adoptopenjdk-8-hotspot-amd64/jre/lib/ext:/usr/java/packages/lib/ext"/>
    <property name="sun.io.unicode.encoding" value="UnicodeLittle"/>
    <property name="java.class.version" value="52.0"/>
  </properties>
  <testcase name="testBlockDeleteCommandParallelProcess" classname="org.apache.hadoop.ozone.container.common.statemachine.commandhandler.TestBlockDeletion" time="39.742"/>
  <testcase name="testContainerStatisticsAfterDelete" classname="org.apache.hadoop.ozone.container.common.statemachine.commandhandler.TestBlockDeletion" time="69.9"/>
  <testcase name="testBlockDeletion" classname="org.apache.hadoop.ozone.container.common.statemachine.commandhandler.TestBlockDeletion" time="126.757">
    <error message="Timed out waiting for condition. Thread diagnostics:&#10;Timestamp: 2021-08-15 02:03:59,777&#10;&#10;&quot;IPC Server handler 15 on default port 38093&quot; daemon prio=5 tid=4513 timed_waiting&#10;java.lang.Thread.State: TIMED_WAITING&#10;        at sun.misc.Unsafe.park(Native Method)&#10;        at java.util.concurrent.locks.LockSupport.parkNanos(LockSupport.java:215)&#10;        at java.util.concurrent.locks.AbstractQueuedSynchronizer$ConditionObject.awaitNanos(AbstractQueuedSynchronizer.java:2078)&#10;        at java.util.concurrent.LinkedBlockingQueue.poll(LinkedBlockingQueue.java:467)&#10;        at org.apache.hadoop.ipc.CallQueueManager.take(CallQueueManager.java:317)&#10;        at org.apache.hadoop.ipc.Server$Handler.run(Server.java:2932)&#10;&quot;qtp2069929890-4550&quot; daemon prio=5 tid=4550 timed_waiting&#10;java.lang.Thread.State: TIMED_WAITING&#10;        at sun.misc.Unsafe.park(Native Method)&#10;        at java.util.concurrent.locks.LockSupport.parkNanos(LockSupport.java:215)&#10;        at java.util.concurrent.locks.AbstractQueuedSynchronizer$ConditionObject.awaitNanos(AbstractQueuedSynchronizer.java:2078)&#10;        at org.eclipse.jetty.util.BlockingArrayQueue.poll(BlockingArrayQueue.java:382)&#10;        at org.eclipse.jetty.util.thread.QueuedThreadPool$Runner.idleJobPoll(QueuedThreadPool.java:974)&#10;        at org.eclipse.jetty.util.thread.QueuedThreadPool$Runner.run(QueuedThreadPool.java:1018)&#10;        at java.lang.Thread.run(Thread.java:748)&#10;&quot;IPC Server handler 8 on default port 46035&quot; daemon prio=5 tid=4466 timed_waiting&#10;java.lang.Thread.State: TIMED_WAITING&#10;        at sun.misc.Unsafe.park(Native Method)&#10;        at java.util.concurrent.locks.LockSupport.parkNanos(LockSupport.java:215)&#10;        at java.util.concurrent.locks.AbstractQueuedSynchronizer$ConditionObject.awaitNanos(AbstractQueuedSynchronizer.java:2078)&#10;        at java.util.concurrent.LinkedBlockingQueue.poll(LinkedBlockingQueue.java:467)&#10;        at org.apache.hadoop.ipc.CallQueueManager.take(CallQueueManager.java:317)&#10;        at org.apache.hadoop.ipc.Server$Handler.run(Server.java:2932)&#10;&quot;IPC Server handler 8 on default port 38093&quot; daemon prio=5 tid=4506 timed_waiting&#10;java.lang.Thread.State: TIMED_WAITING&#10;        at sun.misc.Unsafe.park(Native Method)&#10;        at java.util.concurrent.locks.LockSupport.parkNanos(LockSupport.java:215)&#10;        at java.util.concurrent.locks.AbstractQueuedSynchronizer$ConditionObject.awaitNanos(AbstractQueuedSynchronizer.java:2078)&#10;        at java.util.concurrent.LinkedBlockingQueue.poll(LinkedBlockingQueue.java:467)&#10;        at org.apache.hadoop.ipc.CallQueueManager.take(CallQueueManager.java:317)&#10;        at org.apache.hadoop.ipc.Server$Handler.run(Server.java:2932)&#10;&quot;org.apache.hadoop.ozone.container.common.statemachine.commandhandler.DeleteBlocksCommandHandler$DeleteCmdWorker@5dde2d12&quot; daemon prio=5 tid=3698 runnable&#10;java.lang.Thread.State: RUNNABLE&#10;        at java.lang.Thread.sleep(Native Method)&#10;        at org.apache.hadoop.ozone.container.common.statemachine.commandhandler.DeleteBlocksCommandHandler$DeleteCmdWorker.run(DeleteBlocksCommandHandler.java:174)&#10;        at java.lang.Thread.run(Thread.java:748)&#10;&quot;pool-465-thread-10&quot;  prio=5 tid=4843 in Object.wait()&#10;java.lang.Thread.State: WAITING (on object monitor)&#10;        at sun.misc.Unsafe.park(Native Method)&#10;        at java.util.concurrent.locks.LockSupport.park(LockSupport.java:175)&#10;        at java.util.concurrent.locks.AbstractQueuedSynchronizer$ConditionObject.await(AbstractQueuedSynchronizer.java:2039)&#10;        at java.util.concurrent.LinkedBlockingQueue.take(LinkedBlockingQueue.java:442)&#10;        at java.util.concurrent.ThreadPoolExecutor.getTask(ThreadPoolExecutor.java:1074)&#10;        at java.util.concurrent.ThreadPoolExecutor.runWorker(ThreadPoolExecutor.java:1134)&#10;        at java.util.concurrent.ThreadPoolExecutor$Worker.run(ThreadPoolExecutor.java:624)&#10;        at java.lang.Thread.run(Thread.java:748)&#10;&quot;IPC Server handler 14 on default port 41071&quot; daemon prio=5 tid=4492 timed_waiting&#10;java.lang.Thread.State: TIMED_WAITING&#10;        at sun.misc.Unsafe.park(Native Method)&#10;        at java.util.concurrent.locks.LockSupport.parkNanos(LockSupport.java:215)&#10;        at java.util.concurrent.locks.AbstractQueuedSynchronizer$ConditionObject.awaitNanos(AbstractQueuedSynchronizer.java:2078)&#10;        at java.util.concurrent.LinkedBlockingQueue.poll(LinkedBlockingQueue.java:467)&#10;        at org.apache.hadoop.ipc.CallQueueManager.take(CallQueueManager.java:317)&#10;        at org.apache.hadoop.ipc.Server$Handler.run(Server.java:2932)&#10;&quot;org.apache.ratis.util.JvmPauseMonitor$$Lambda$531/1393706494@2446bd09&quot; daemon prio=5 tid=4543 timed_waiting&#10;java.lang.Thread.State: TIMED_WAITING&#10;        at java.lang.Thread.sleep(Native Method)&#10;        at java.lang.Thread.sleep(Thread.java:340)&#10;        at java.util.concurrent.TimeUnit.sleep(TimeUnit.java:386)&#10;        at org.apache.ratis.util.TimeDuration.sleep(TimeDuration.java:324)&#10;        at org.apache.ratis.util.TimeDuration.sleep(TimeDuration.java:309)&#10;        at org.apache.ratis.util.JvmPauseMonitor.detectPause(JvmPauseMonitor.java:117)&#10;        at org.apache.ratis.util.JvmPauseMonitor.run(JvmPauseMonitor.java:106)&#10;        at org.apache.ratis.util.JvmPauseMonitor$$Lambda$531/1393706494.run(Unknown Source)&#10;        at java.lang.Thread.run(Thread.java:748)&#10;&quot;EndpointStateMachine task thread for /0.0.0.0:40379 - 0 &quot;  prio=5 tid=3748 in Object.wait()&#10;java.lang.Thread.State: WAITING (on object monitor)&#10;        at sun.misc.Unsafe.park(Native Method)&#10;        at java.util.concurrent.locks.LockSupport.park(LockSupport.java:175)&#10;        at java.util.concurrent.locks.AbstractQueuedSynchronizer$ConditionObject.await(AbstractQueuedSynchronizer.java:2039)&#10;        at java.util.concurrent.LinkedBlockingQueue.take(LinkedBlockingQueue.java:442)&#10;        at java.util.concurrent.ThreadPoolExecutor.getTask(ThreadPoolExecutor.java:1074)&#10;        at java.util.concurrent.ThreadPoolExecutor.runWorker(ThreadPoolExecutor.java:1134)&#10;        at java.util.concurrent.ThreadPoolExecutor$Worker.run(ThreadPoolExecutor.java:624)&#10;        at java.lang.Thread.run(Thread.java:748)&#10;&quot;EventQueue-ContainerReportForContainerReportHandler&quot; daemon prio=5 tid=4712 in Object.wait()&#10;java.lang.Thread.State: WAITING (on object monitor)&#10;        at sun.misc.Unsafe.park(Native Method)&#10;        at java.util.concurrent.locks.LockSupport.park(LockSupport.java:175)&#10;        at java.util.concurrent.locks.AbstractQueuedSynchronizer$ConditionObject.await(AbstractQueuedSynchronizer.java:2039)&#10;        at java.util.concurrent.LinkedBlockingQueue.take(LinkedBlockingQueue.java:442)&#10;        at java.util.concurrent.ThreadPoolExecutor.getTask(ThreadPoolExecutor.java:1074)&#10;        at java.util.concurrent.ThreadPoolExecutor.runWorker(ThreadPoolExecutor.java:1134)&#10;        at java.util.concurrent.ThreadPoolExecutor$Worker.run(ThreadPoolExecutor.java:624)&#10;        at java.lang.Thread.run(Thread.java:748)&#10;&quot;FullTableCache Cleanup Thread - 0&quot; daemon prio=5 tid=4757 in Object.wait()&#10;java.lang.Thread.State: WAITING (on object monitor)&#10;        at sun.misc.Unsafe.park(Native Method)&#10;        at java.util.concurrent.locks.LockSupport.park(LockSupport.java:175)&#10;        at java.util.concurrent.locks.AbstractQueuedSynchronizer$ConditionObject.await(AbstractQueuedSynchronizer.java:2039)&#10;        at java.util.concurrent.LinkedBlockingQueue.take(LinkedBlockingQueue.java:442)&#10;        at java.util.concurrent.ThreadPoolExecutor.getTask(ThreadPoolExecutor.java:1074)&#10;        at java.util.concurrent.ThreadPoolExecutor.runWorker(ThreadPoolExecutor.java:1134)&#10;        at java.util.concurrent.ThreadPoolExecutor$Worker.run(ThreadPoolExecutor.java:624)&#10;        at java.lang.Thread.run(Thread.java:748)&#10;&quot;IPC Server handler 10 on default port 41905&quot; daemon prio=5 tid=4566 timed_waiting&#10;java.lang.Thread.State: TIMED_WAITING&#10;        at sun.misc.Unsafe.park(Native Method)&#10;        at java.util.concurrent.locks.LockSupport.parkNanos(LockSupport.java:215)&#10;        at java.util.concurrent.locks.AbstractQueuedSynchronizer$ConditionObject.awaitNanos(AbstractQueuedSynchronizer.java:2078)&#10;        at java.util.concurrent.LinkedBlockingQueue.poll(LinkedBlockingQueue.java:467)&#10;        at org.apache.hadoop.ipc.CallQueueManager.take(CallQueueManager.java:317)&#10;        at org.apache.hadoop.ipc.Server$Handler.run(Server.java:2932)&#10;&quot;qtp797601589-4584&quot; daemon prio=5 tid=4584 runnable&#10;java.lang.Thread.State: RUNNABLE&#10;        at sun.nio.ch.EPollArrayWrapper.epollWait(Native Method)&#10;        at sun.nio.ch.EPollArrayWrapper.poll(EPollArrayWrapper.java:269)&#10;        at sun.nio.ch.EPollSelectorImpl.doSelect(EPollSelectorImpl.java:93)&#10;        at sun.nio.ch.SelectorImpl.lockAndDoSelect(SelectorImpl.java:86)&#10;        at sun.nio.ch.SelectorImpl.select(SelectorImpl.java:97)&#10;        at sun.nio.ch.SelectorImpl.select(SelectorImpl.java:101)&#10;        at org.eclipse.jetty.io.ManagedSelector.nioSelect(ManagedSelector.java:183)&#10;        at org.eclipse.jetty.io.ManagedSelector.select(ManagedSelector.java:190)&#10;        at org.eclipse.jetty.io.ManagedSelector$SelectorProducer.select(ManagedSelector.java:606)&#10;        at org.eclipse.jetty.io.ManagedSelector$SelectorProducer.produce(ManagedSelector.java:543)&#10;        at org.eclipse.jetty.util.thread.strategy.EatWhatYouKill.produceTask(EatWhatYouKill.java:362)&#10;        at org.eclipse.jetty.util.thread.strategy.EatWhatYouKill.doProduce(EatWhatYouKill.java:186)&#10;        at org.eclipse.jetty.util.thread.strategy.EatWhatYouKill.tryProduce(EatWhatYouKill.java:173)&#10;        at org.eclipse.jetty.util.thread.strategy.EatWhatYouKill.produce(EatWhatYouKill.java:137)&#10;        at org.eclipse.jetty.io.ManagedSelector$$Lambda$309/1391532202.run(Unknown Source)&#10;        at org.eclipse.jetty.util.thread.QueuedThreadPool.runJob(QueuedThreadPool.java:883)&#10;        at org.eclipse.jetty.util.thread.QueuedThreadPool$Runner.run(QueuedThreadPool.java:1034)&#10;        at java.lang.Thread.run(Thread.java:748)&#10;&quot;BlockDeletingService#0&quot; daemon prio=5 tid=4692 in Object.wait()&#10;java.lang.Thread.State: WAITING (on object monitor)&#10;        at sun.misc.Unsafe.park(Native Method)&#10;        at java.util.concurrent.locks.LockSupport.park(LockSupport.java:175)&#10;        at java.util.concurrent.locks.AbstractQueuedSynchronizer$ConditionObject.await(AbstractQueuedSynchronizer.java:2039)&#10;        at java.util.concurrent.ScheduledThreadPoolExecutor$DelayedWorkQueue.take(ScheduledThreadPoolExecutor.java:1088)&#10;        at java.util.concurrent.ScheduledThreadPoolExecutor$DelayedWorkQueue.take(ScheduledThreadPoolExecutor.java:809)&#10;        at java.util.concurrent.ThreadPoolExecutor.getTask(ThreadPoolExecutor.java:1074)&#10;        at java.util.concurrent.ThreadPoolExecutor.runWorker(ThreadPoolExecutor.java:1134)&#10;        at java.util.concurrent.ThreadPoolExecutor$Worker.run(ThreadPoolExecutor.java:624)&#10;        at java.lang.Thread.run(Thread.java:748)&#10;&quot;IPC Server handler 19 on default port 38093&quot; daemon prio=5 tid=4517 timed_waiting&#10;java.lang.Thread.State: TIMED_WAITING&#10;        at sun.misc.Unsafe.park(Native Method)&#10;        at java.util.concurrent.locks.LockSupport.parkNanos(LockSupport.java:215)&#10;        at java.util.concurrent.locks.AbstractQueuedSynchronizer$ConditionObject.awaitNanos(AbstractQueuedSynchronizer.java:2078)&#10;        at java.util.concurrent.LinkedBlockingQueue.poll(LinkedBlockingQueue.java:467)&#10;        at org.apache.hadoop.ipc.CallQueueManager.take(CallQueueManager.java:317)&#10;        at org.apache.hadoop.ipc.Server$Handler.run(Server.java:2932)&#10;&quot;BlockDeletingService#4&quot; daemon prio=5 tid=4699 in Object.wait()&#10;java.lang.Thread.State: WAITING (on object monitor)&#10;        at sun.misc.Unsafe.park(Native Method)&#10;        at java.util.concurrent.locks.LockSupport.park(LockSupport.java:175)&#10;        at java.util.concurrent.locks.AbstractQueuedSynchronizer$ConditionObject.await(AbstractQueuedSynchronizer.java:2039)&#10;        at java.util.concurrent.ScheduledThreadPoolExecutor$DelayedWorkQueue.take(ScheduledThreadPoolExecutor.java:1088)&#10;        at java.util.concurrent.ScheduledThreadPoolExecutor$DelayedWorkQueue.take(ScheduledThreadPoolExecutor.java:809)&#10;        at java.util.concurrent.ThreadPoolExecutor.getTask(ThreadPoolExecutor.java:1074)&#10;        at java.util.concurrent.ThreadPoolExecutor.runWorker(ThreadPoolExecutor.java:1134)&#10;        at java.util.concurrent.ThreadPoolExecutor$Worker.run(ThreadPoolExecutor.java:624)&#10;        at java.lang.Thread.run(Thread.java:748)&#10;&quot;IPC Server handler 12 on default port 46035&quot; daemon prio=5 tid=4470 timed_waiting&#10;java.lang.Thread.State: TIMED_WAITING&#10;        at sun.misc.Unsafe.park(Native Method)&#10;        at java.util.concurrent.locks.LockSupport.parkNanos(LockSupport.java:215)&#10;        at java.util.concurrent.locks.AbstractQueuedSynchronizer$ConditionObject.awaitNanos(AbstractQueuedSynchronizer.java:2078)&#10;        at java.util.concurrent.LinkedBlockingQueue.poll(LinkedBlockingQueue.java:467)&#10;        at org.apache.hadoop.ipc.CallQueueManager.take(CallQueueManager.java:317)&#10;        at org.apache.hadoop.ipc.Server$Handler.run(Server.java:2932)&#10;&quot;IPC Server handler 15 on default port 46035&quot; daemon prio=5 tid=4473 timed_waiting&#10;java.lang.Thread.State: TIMED_WAITING&#10;        at sun.misc.Unsafe.park(Native Method)&#10;        at java.util.concurrent.locks.LockSupport.parkNanos(LockSupport.java:215)&#10;        at java.util.concurrent.locks.AbstractQueuedSynchronizer$ConditionObject.awaitNanos(AbstractQueuedSynchronizer.java:2078)&#10;        at java.util.concurrent.LinkedBlockingQueue.poll(LinkedBlockingQueue.java:467)&#10;        at org.apache.hadoop.ipc.CallQueueManager.take(CallQueueManager.java:317)&#10;        at org.apache.hadoop.ipc.Server$Handler.run(Server.java:2932)&#10;&quot;EventQueue-NodeRegistrationContainerReportForContainerSafeModeRule&quot; daemon prio=5 tid=4709 in Object.wait()&#10;java.lang.Thread.State: WAITING (on object monitor)&#10;        at sun.misc.Unsafe.park(Native Method)&#10;        at java.util.concurrent.locks.LockSupport.park(LockSupport.java:175)&#10;        at java.util.concurrent.locks.AbstractQueuedSynchronizer$ConditionObject.await(AbstractQueuedSynchronizer.java:2039)&#10;        at java.util.concurrent.LinkedBlockingQueue.take(LinkedBlockingQueue.java:442)&#10;        at java.util.concurrent.ThreadPoolExecutor.getTask(ThreadPoolExecutor.java:1074)&#10;        at java.util.concurrent.ThreadPoolExecutor.runWorker(ThreadPoolExecutor.java:1134)&#10;        at java.util.concurrent.ThreadPoolExecutor$Worker.run(ThreadPoolExecutor.java:624)&#10;        at java.lang.Thread.run(Thread.java:748)&#10;&quot;Datanode State Machine Task Thread - 0&quot;  prio=5 tid=4653 in Object.wait()&#10;java.lang.Thread.State: WAITING (on object monitor)&#10;        at sun.misc.Unsafe.park(Native Method)&#10;        at java.util.concurrent.locks.LockSupport.park(LockSupport.java:175)&#10;        at java.util.concurrent.locks.AbstractQueuedSynchronizer$ConditionObject.await(AbstractQueuedSynchronizer.java:2039)&#10;        at java.util.concurrent.LinkedBlockingQueue.take(LinkedBlockingQueue.java:442)&#10;        at java.util.concurrent.ThreadPoolExecutor.getTask(ThreadPoolExecutor.java:1074)&#10;        at java.util.concurrent.ThreadPoolExecutor.runWorker(ThreadPoolExecutor.java:1134)&#10;        at java.util.concurrent.ThreadPoolExecutor$Worker.run(ThreadPoolExecutor.java:624)&#10;        at java.lang.Thread.run(Thread.java:748)&#10;&quot;qtp2069929890-4552&quot; daemon prio=5 tid=4552 timed_waiting&#10;java.lang.Thread.State: TIMED_WAITING&#10;        at sun.misc.Unsafe.park(Native Method)&#10;        at java.util.concurrent.locks.LockSupport.parkNanos(LockSupport.java:215)&#10;        at java.util.concurrent.locks.AbstractQueuedSynchronizer$ConditionObject.awaitNanos(AbstractQueuedSynchronizer.java:2078)&#10;        at org.eclipse.jetty.util.BlockingArrayQueue.poll(BlockingArrayQueue.java:382)&#10;        at org.eclipse.jetty.util.thread.QueuedThreadPool$Runner.idleJobPoll(QueuedThreadPool.java:974)&#10;        at org.eclipse.jetty.util.thread.QueuedThreadPool$Runner.run(QueuedThreadPool.java:1018)&#10;        at java.lang.Thread.run(Thread.java:748)&#10;&quot;BlockDeletingService#5&quot; daemon prio=5 tid=4667 in Object.wait()&#10;java.lang.Thread.State: WAITING (on object monitor)&#10;        at sun.misc.Unsafe.park(Native Method)&#10;        at java.util.concurrent.locks.LockSupport.park(LockSupport.java:175)&#10;        at java.util.concurrent.locks.AbstractQueuedSynchronizer$ConditionObject.await(AbstractQueuedSynchronizer.java:2039)&#10;        at java.util.concurrent.ScheduledThreadPoolExecutor$DelayedWorkQueue.take(ScheduledThreadPoolExecutor.java:1088)&#10;        at java.util.concurrent.ScheduledThreadPoolExecutor$DelayedWorkQueue.take(ScheduledThreadPoolExecutor.java:809)&#10;        at java.util.concurrent.ThreadPoolExecutor.getTask(ThreadPoolExecutor.java:1074)&#10;        at java.util.concurrent.ThreadPoolExecutor.runWorker(ThreadPoolExecutor.java:1134)&#10;        at java.util.concurrent.ThreadPoolExecutor$Worker.run(ThreadPoolExecutor.java:624)&#10;        at java.lang.Thread.run(Thread.java:748)&#10;&quot;IPC Server handler 3 on default port 46035&quot; daemon prio=5 tid=4461 timed_waiting&#10;java.lang.Thread.State: TIMED_WAITING&#10;        at sun.misc.Unsafe.park(Native Method)&#10;        at java.util.concurrent.locks.LockSupport.parkNanos(LockSupport.java:215)&#10;        at java.util.concurrent.locks.AbstractQueuedSynchronizer$ConditionObject.awaitNanos(AbstractQueuedSynchronizer.java:2078)&#10;        at java.util.concurrent.LinkedBlockingQueue.poll(LinkedBlockingQueue.java:467)&#10;        at org.apache.hadoop.ipc.CallQueueManager.take(CallQueueManager.java:317)&#10;        at org.apache.hadoop.ipc.Server$Handler.run(Server.java:2932)&#10;&quot;IPC Server handler 11 on default port 46035&quot; daemon prio=5 tid=4469 timed_waiting&#10;java.lang.Thread.State: TIMED_WAITING&#10;        at sun.misc.Unsafe.park(Native Method)&#10;        at java.util.concurrent.locks.LockSupport.parkNanos(LockSupport.java:215)&#10;        at java.util.concurrent.locks.AbstractQueuedSynchronizer$ConditionObject.awaitNanos(AbstractQueuedSynchronizer.java:2078)&#10;        at java.util.concurrent.LinkedBlockingQueue.poll(LinkedBlockingQueue.java:467)&#10;        at org.apache.hadoop.ipc.CallQueueManager.take(CallQueueManager.java:317)&#10;        at org.apache.hadoop.ipc.Server$Handler.run(Server.java:2932)&#10;&quot;ChunkWriter-1-0&quot; daemon prio=5 tid=4688 in Object.wait()&#10;java.lang.Thread.State: WAITING (on object monitor)&#10;        at sun.misc.Unsafe.park(Native Method)&#10;        at java.util.concurrent.locks.LockSupport.park(LockSupport.java:175)&#10;        at java.util.concurrent.locks.AbstractQueuedSynchronizer$ConditionObject.await(AbstractQueuedSynchronizer.java:2039)&#10;        at java.util.concurrent.LinkedBlockingDeque.takeFirst(LinkedBlockingDeque.java:492)&#10;        at java.util.concurrent.LinkedBlockingDeque.take(LinkedBlockingDeque.java:680)&#10;        at java.util.concurrent.ThreadPoolExecutor.getTask(ThreadPoolExecutor.java:1074)&#10;        at java.util.concurrent.ThreadPoolExecutor.runWorker(ThreadPoolExecutor.java:1134)&#10;        at java.util.concurrent.ThreadPoolExecutor$Worker.run(ThreadPoolExecutor.java:624)&#10;        at java.lang.Thread.run(Thread.java:748)&#10;&quot;Session-HouseKeeper-1bfc6174-1&quot;  prio=5 tid=4592 timed_waiting&#10;java.lang.Thread.State: TIMED_WAITING&#10;        at sun.misc.Unsafe.park(Native Method)&#10;        at java.util.concurrent.locks.LockSupport.parkNanos(LockSupport.java:215)&#10;        at java.util.concurrent.locks.AbstractQueuedSynchronizer$ConditionObject.awaitNanos(AbstractQueuedSynchronizer.java:2078)&#10;        at java.util.concurrent.ScheduledThreadPoolExecutor$DelayedWorkQueue.take(ScheduledThreadPoolExecutor.java:1093)&#10;        at java.util.concurrent.ScheduledThreadPoolExecutor$DelayedWorkQueue.take(ScheduledThreadPoolExecutor.java:809)&#10;        at java.util.concurrent.ThreadPoolExecutor.getTask(ThreadPoolExecutor.java:1074)&#10;        at java.util.concurrent.ThreadPoolExecutor.runWorker(ThreadPoolExecutor.java:1134)&#10;        at java.util.concurrent.ThreadPoolExecutor$Worker.run(ThreadPoolExecutor.java:624)&#10;        at java.lang.Thread.run(Thread.java:748)&#10;&quot;IPC Server handler 17 on default port 41905&quot; daemon prio=5 tid=4573 timed_waiting&#10;java.lang.Thread.State: TIMED_WAITING&#10;        at sun.misc.Unsafe.park(Native Method)&#10;        at java.util.concurrent.locks.LockSupport.parkNanos(LockSupport.java:215)&#10;        at java.util.concurrent.locks.AbstractQueuedSynchronizer$ConditionObject.awaitNanos(AbstractQueuedSynchronizer.java:2078)&#10;        at java.util.concurrent.LinkedBlockingQueue.poll(LinkedBlockingQueue.java:467)&#10;        at org.apache.hadoop.ipc.CallQueueManager.take(CallQueueManager.java:317)&#10;        at org.apache.hadoop.ipc.Server$Handler.run(Server.java:2932)&#10;&quot;IPC Server handler 6 on default port 41905&quot; daemon prio=5 tid=4562 timed_waiting&#10;java.lang.Thread.State: TIMED_WAITING&#10;        at sun.misc.Unsafe.park(Native Method)&#10;        at java.util.concurrent.locks.LockSupport.parkNanos(LockSupport.java:215)&#10;        at java.util.concurrent.locks.AbstractQueuedSynchronizer$ConditionObject.awaitNanos(AbstractQueuedSynchronizer.java:2078)&#10;        at java.util.concurrent.LinkedBlockingQueue.poll(LinkedBlockingQueue.java:467)&#10;        at org.apache.hadoop.ipc.CallQueueManager.take(CallQueueManager.java:317)&#10;        at org.apache.hadoop.ipc.Server$Handler.run(Server.java:2932)&#10;&quot;IPC Server handler 2 on default port 41905&quot; daemon prio=5 tid=4558 timed_waiting&#10;java.lang.Thread.State: TIMED_WAITING&#10;        at sun.misc.Unsafe.park(Native Method)&#10;        at java.util.concurrent.locks.LockSupport.parkNanos(LockSupport.java:215)&#10;        at java.util.concurrent.locks.AbstractQueuedSynchronizer$ConditionObject.awaitNanos(AbstractQueuedSynchronizer.java:2078)&#10;        at java.util.concurrent.LinkedBlockingQueue.poll(LinkedBlockingQueue.java:467)&#10;        at org.apache.hadoop.ipc.CallQueueManager.take(CallQueueManager.java:317)&#10;        at org.apache.hadoop.ipc.Server$Handler.run(Server.java:2932)&#10;&quot;EndpointStateMachine task thread for /0.0.0.0:36083 - 0 &quot;  prio=5 tid=234 in Object.wait()&#10;java.lang.Thread.State: WAITING (on object monitor)&#10;        at sun.misc.Unsafe.park(Native Method)&#10;        at java.util.concurrent.locks.LockSupport.park(LockSupport.java:175)&#10;        at java.util.concurrent.locks.AbstractQueuedSynchronizer$ConditionObject.await(AbstractQueuedSynchronizer.java:2039)&#10;        at java.util.concurrent.LinkedBlockingQueue.take(LinkedBlockingQueue.java:442)&#10;        at java.util.concurrent.ThreadPoolExecutor.getTask(ThreadPoolExecutor.java:1074)&#10;        at java.util.concurrent.ThreadPoolExecutor.runWorker(ThreadPoolExecutor.java:1134)&#10;        at java.util.concurrent.ThreadPoolExecutor$Worker.run(ThreadPoolExecutor.java:624)&#10;        at java.lang.Thread.run(Thread.java:748)&#10;&quot;0475d2c2-d46f-403e-95a5-8ff1a5c32338@group-E30A832DBA26-FollowerState&quot; daemon prio=5 tid=4729 timed_waiting&#10;java.lang.Thread.State: TIMED_WAITING&#10;        at java.lang.Thread.sleep(Native Method)&#10;        at java.lang.Thread.sleep(Thread.java:340)&#10;        at java.util.concurrent.TimeUnit.sleep(TimeUnit.java:386)&#10;        at org.apache.ratis.util.TimeDuration.sleep(TimeDuration.java:324)&#10;        at org.apache.ratis.util.TimeDuration.sleep(TimeDuration.java:309)&#10;        at org.apache.ratis.server.impl.FollowerState.run(FollowerState.java:118)&#10;&quot;Periodic HDDS volume checker&quot; daemon prio=5 tid=4603 timed_waiting&#10;java.lang.Thread.State: TIMED_WAITING&#10;        at sun.misc.Unsafe.park(Native Method)&#10;        at java.util.concurrent.locks.LockSupport.parkNanos(LockSupport.java:215)&#10;        at java.util.concurrent.locks.AbstractQueuedSynchronizer$ConditionObject.awaitNanos(AbstractQueuedSynchronizer.java:2078)&#10;        at java.util.concurrent.ScheduledThreadPoolExecutor$DelayedWorkQueue.take(ScheduledThreadPoolExecutor.java:1093)&#10;        at java.util.concurrent.ScheduledThreadPoolExecutor$DelayedWorkQueue.take(ScheduledThreadPoolExecutor.java:809)&#10;        at java.util.concurrent.ThreadPoolExecutor.getTask(ThreadPoolExecutor.java:1074)&#10;        at java.util.concurrent.ThreadPoolExecutor.runWorker(ThreadPoolExecutor.java:1134)&#10;        at java.util.concurrent.ThreadPoolExecutor$Worker.run(ThreadPoolExecutor.java:624)&#10;        at java.lang.Thread.run(Thread.java:748)&#10;&quot;BlockDeletingService#5&quot; daemon prio=5 tid=4686 in Object.wait()&#10;java.lang.Thread.State: WAITING (on object monitor)&#10;        at sun.misc.Unsafe.park(Native Method)&#10;        at java.util.concurrent.locks.LockSupport.park(LockSupport.java:175)&#10;        at java.util.concurrent.locks.AbstractQueuedSynchronizer$ConditionObject.await(AbstractQueuedSynchronizer.java:2039)&#10;        at java.util.concurrent.ScheduledThreadPoolExecutor$DelayedWorkQueue.take(ScheduledThreadPoolExecutor.java:1088)&#10;        at java.util.concurrent.ScheduledThreadPoolExecutor$DelayedWorkQueue.take(ScheduledThreadPoolExecutor.java:809)&#10;        at java.util.concurrent.ThreadPoolExecutor.getTask(ThreadPoolExecutor.java:1074)&#10;        at java.util.concurrent.ThreadPoolExecutor.runWorker(ThreadPoolExecutor.java:1134)&#10;        at java.util.concurrent.ThreadPoolExecutor$Worker.run(ThreadPoolExecutor.java:624)&#10;        at java.lang.Thread.run(Thread.java:748)&#10;&quot;IPC Server Responder&quot; daemon prio=5 tid=4446 runnable&#10;java.lang.Thread.State: RUNNABLE&#10;        at sun.nio.ch.EPollArrayWrapper.epollWait(Native Method)&#10;        at sun.nio.ch.EPollArrayWrapper.poll(EPollArrayWrapper.java:269)&#10;        at sun.nio.ch.EPollSelectorImpl.doSelect(EPollSelectorImpl.java:93)&#10;        at sun.nio.ch.SelectorImpl.lockAndDoSelect(SelectorImpl.java:86)&#10;        at sun.nio.ch.SelectorImpl.select(SelectorImpl.java:97)&#10;        at org.apache.hadoop.ipc.Server$Responder.doRunLoop(Server.java:1527)&#10;        at org.apache.hadoop.ipc.Server$Responder.run(Server.java:1510)&#10;&quot;IPC Server handler 18 on default port 41905&quot; daemon prio=5 tid=4574 timed_waiting&#10;java.lang.Thread.State: TIMED_WAITING&#10;        at sun.misc.Unsafe.park(Native Method)&#10;        at java.util.concurrent.locks.LockSupport.parkNanos(LockSupport.java:215)&#10;        at java.util.concurrent.locks.AbstractQueuedSynchronizer$ConditionObject.awaitNanos(AbstractQueuedSynchronizer.java:2078)&#10;        at java.util.concurrent.LinkedBlockingQueue.poll(LinkedBlockingQueue.java:467)&#10;        at org.apache.hadoop.ipc.CallQueueManager.take(CallQueueManager.java:317)&#10;        at org.apache.hadoop.ipc.Server$Handler.run(Server.java:2932)&#10;&quot;EventQueue-IncrementalContainerReportForIncrementalContainerReportHandler&quot; daemon prio=5 tid=4764 in Object.wait()&#10;java.lang.Thread.State: WAITING (on object monitor)&#10;        at sun.misc.Unsafe.park(Native Method)&#10;        at java.util.concurrent.locks.LockSupport.park(LockSupport.java:175)&#10;        at java.util.concurrent.locks.AbstractQueuedSynchronizer$ConditionObject.await(AbstractQueuedSynchronizer.java:2039)&#10;        at java.util.concurrent.LinkedBlockingQueue.take(LinkedBlockingQueue.java:442)&#10;        at java.util.concurrent.ThreadPoolExecutor.getTask(ThreadPoolExecutor.java:1074)&#10;        at java.util.concurrent.ThreadPoolExecutor.runWorker(ThreadPoolExecutor.java:1134)&#10;        at java.util.concurrent.ThreadPoolExecutor$Worker.run(ThreadPoolExecutor.java:624)&#10;        at java.lang.Thread.run(Thread.java:748)&#10;&quot;pool-462-thread-1&quot;  prio=5 tid=4635 timed_waiting&#10;java.lang.Thread.State: TIMED_WAITING&#10;        at sun.misc.Unsafe.park(Native Method)&#10;        at java.util.concurrent.locks.LockSupport.parkNanos(LockSupport.java:215)&#10;        at java.util.concurrent.locks.AbstractQueuedSynchronizer$ConditionObject.awaitNanos(AbstractQueuedSynchronizer.java:2078)&#10;        at java.util.concurrent.ScheduledThreadPoolExecutor$DelayedWorkQueue.take(ScheduledThreadPoolExecutor.java:1093)&#10;        at java.util.concurrent.ScheduledThreadPoolExecutor$DelayedWorkQueue.take(ScheduledThreadPoolExecutor.java:809)&#10;        at java.util.concurrent.ThreadPoolExecutor.getTask(ThreadPoolExecutor.java:1074)&#10;        at java.util.concurrent.ThreadPoolExecutor.runWorker(ThreadPoolExecutor.java:1134)&#10;        at java.util.concurrent.ThreadPoolExecutor$Worker.run(ThreadPoolExecutor.java:624)&#10;        at java.lang.Thread.run(Thread.java:748)&#10;&quot;qtp1199364158-4528&quot; daemon prio=5 tid=4528 timed_waiting&#10;java.lang.Thread.State: TIMED_WAITING&#10;        at sun.misc.Unsafe.park(Native Method)&#10;        at java.util.concurrent.locks.LockSupport.parkNanos(LockSupport.java:215)&#10;        at java.util.concurrent.locks.AbstractQueuedSynchronizer$ConditionObject.awaitNanos(AbstractQueuedSynchronizer.java:2078)&#10;        at org.eclipse.jetty.util.BlockingArrayQueue.poll(BlockingArrayQueue.java:382)&#10;        at org.eclipse.jetty.util.thread.QueuedThreadPool$Runner.idleJobPoll(QueuedThreadPool.java:974)&#10;        at org.eclipse.jetty.util.thread.QueuedThreadPool$Runner.run(QueuedThreadPool.java:1018)&#10;        at java.lang.Thread.run(Thread.java:748)&#10;&quot;IPC Server handler 5 on default port 41905&quot; daemon prio=5 tid=4561 timed_waiting&#10;java.lang.Thread.State: TIMED_WAITING&#10;        at sun.misc.Unsafe.park(Native Method)&#10;        at java.util.concurrent.locks.LockSupport.parkNanos(LockSupport.java:215)&#10;        at java.util.concurrent.locks.AbstractQueuedSynchronizer$ConditionObject.awaitNanos(AbstractQueuedSynchronizer.java:2078)&#10;        at java.util.concurrent.LinkedBlockingQueue.poll(LinkedBlockingQueue.java:467)&#10;        at org.apache.hadoop.ipc.CallQueueManager.take(CallQueueManager.java:317)&#10;        at org.apache.hadoop.ipc.Server$Handler.run(Server.java:2932)&#10;&quot;qtp1199364158-4524&quot; daemon prio=5 tid=4524 timed_waiting&#10;java.lang.Thread.State: TIMED_WAITING&#10;        at sun.misc.Unsafe.park(Native Method)&#10;        at java.util.concurrent.locks.LockSupport.parkNanos(LockSupport.java:215)&#10;        at java.util.concurrent.locks.AbstractQueuedSynchronizer$ConditionObject.awaitNanos(AbstractQueuedSynchronizer.java:2078)&#10;        at org.eclipse.jetty.util.BlockingArrayQueue.poll(BlockingArrayQueue.java:382)&#10;        at org.eclipse.jetty.util.thread.QueuedThreadPool$Runner.idleJobPoll(QueuedThreadPool.java:974)&#10;        at org.eclipse.jetty.util.thread.QueuedThreadPool$Runner.run(QueuedThreadPool.java:1018)&#10;        at java.lang.Thread.run(Thread.java:748)&#10;&quot;IPC Server handler 9 on default port 46035&quot; daemon prio=5 tid=4467 timed_waiting&#10;java.lang.Thread.State: TIMED_WAITING&#10;        at sun.misc.Unsafe.park(Native Method)&#10;        at java.util.concurrent.locks.LockSupport.parkNanos(LockSupport.java:215)&#10;        at java.util.concurrent.locks.AbstractQueuedSynchronizer$ConditionObject.awaitNanos(AbstractQueuedSynchronizer.java:2078)&#10;        at java.util.concurrent.LinkedBlockingQueue.poll(LinkedBlockingQueue.java:467)&#10;        at org.apache.hadoop.ipc.CallQueueManager.take(CallQueueManager.java:317)&#10;        at org.apache.hadoop.ipc.Server$Handler.run(Server.java:2932)&#10;&quot;pool-466-thread-10&quot;  prio=5 tid=4856 in Object.wait()&#10;java.lang.Thread.State: WAITING (on object monitor)&#10;        at sun.misc.Unsafe.park(Native Method)&#10;        at java.util.concurrent.locks.LockSupport.park(LockSupport.java:175)&#10;        at java.util.concurrent.locks.AbstractQueuedSynchronizer$ConditionObject.await(AbstractQueuedSynchronizer.java:2039)&#10;        at java.util.concurrent.LinkedBlockingQueue.take(LinkedBlockingQueue.java:442)&#10;        at java.util.concurrent.ThreadPoolExecutor.getTask(ThreadPoolExecutor.java:1074)&#10;        at java.util.concurrent.ThreadPoolExecutor.runWorker(ThreadPoolExecutor.java:1134)&#10;        at java.util.concurrent.ThreadPoolExecutor$Worker.run(ThreadPoolExecutor.java:624)&#10;        at java.lang.Thread.run(Thread.java:748)&#10;&quot;qtp797601589-4589&quot; daemon prio=5 tid=4589 timed_waiting&#10;java.lang.Thread.State: TIMED_WAITING&#10;        at sun.misc.Unsafe.park(Native Method)&#10;        at java.util.concurrent.locks.LockSupport.parkNanos(LockSupport.java:215)&#10;        at java.util.concurrent.locks.AbstractQueuedSynchronizer$ConditionObject.awaitNanos(AbstractQueuedSynchronizer.java:2078)&#10;        at org.eclipse.jetty.util.BlockingArrayQueue.poll(BlockingArrayQueue.java:382)&#10;        at org.eclipse.jetty.util.thread.QueuedThreadPool$Runner.idleJobPoll(QueuedThreadPool.java:974)&#10;        at org.eclipse.jetty.util.thread.QueuedThreadPool$Runner.run(QueuedThreadPool.java:1018)&#10;        at java.lang.Thread.run(Thread.java:748)&#10;&quot;IPC Server idle connection scanner for port 41071&quot; daemon prio=5 tid=4449 timed_waiting&#10;java.lang.Thread.State: TIMED_WAITING&#10;        at java.lang.Object.wait(Native Method)&#10;        at java.util.TimerThread.mainLoop(Timer.java:552)&#10;        at java.util.TimerThread.run(Timer.java:505)&#10;&quot;BlockDeletingService#6&quot; daemon prio=5 tid=4702 in Object.wait()&#10;java.lang.Thread.State: WAITING (on object monitor)&#10;        at sun.misc.Unsafe.park(Native Method)&#10;        at java.util.concurrent.locks.LockSupport.park(LockSupport.java:175)&#10;        at java.util.concurrent.locks.AbstractQueuedSynchronizer$ConditionObject.await(AbstractQueuedSynchronizer.java:2039)&#10;        at java.util.concurrent.ScheduledThreadPoolExecutor$DelayedWorkQueue.take(ScheduledThreadPoolExecutor.java:1088)&#10;        at java.util.concurrent.ScheduledThreadPoolExecutor$DelayedWorkQueue.take(ScheduledThreadPoolExecutor.java:809)&#10;        at java.util.concurrent.ThreadPoolExecutor.getTask(ThreadPoolExecutor.java:1074)&#10;        at java.util.concurrent.ThreadPoolExecutor.runWorker(ThreadPoolExecutor.java:1134)&#10;        at java.util.concurrent.ThreadPoolExecutor$Worker.run(ThreadPoolExecutor.java:624)&#10;        at java.lang.Thread.run(Thread.java:748)&#10;&quot;IPC Server handler 18 on default port 38093&quot; daemon prio=5 tid=4516 timed_waiting&#10;java.lang.Thread.State: TIMED_WAITING&#10;        at sun.misc.Unsafe.park(Native Method)&#10;        at java.util.concurrent.locks.LockSupport.parkNanos(LockSupport.java:215)&#10;        at java.util.concurrent.locks.AbstractQueuedSynchronizer$ConditionObject.awaitNanos(AbstractQueuedSynchronizer.java:2078)&#10;        at java.util.concurrent.LinkedBlockingQueue.poll(LinkedBlockingQueue.java:467)&#10;        at org.apache.hadoop.ipc.CallQueueManager.take(CallQueueManager.java:317)&#10;        at org.apache.hadoop.ipc.Server$Handler.run(Server.java:2932)&#10;&quot;EndpointStateMachine task thread for /0.0.0.0:40379 - 0 &quot;  prio=5 tid=4342 in Object.wait()&#10;java.lang.Thread.State: WAITING (on object monitor)&#10;        at sun.misc.Unsafe.park(Native Method)&#10;        at java.util.concurrent.locks.LockSupport.park(LockSupport.java:175)&#10;        at java.util.concurrent.locks.AbstractQueuedSynchronizer$ConditionObject.await(AbstractQueuedSynchronizer.java:2039)&#10;        at java.util.concurrent.LinkedBlockingQueue.take(LinkedBlockingQueue.java:442)&#10;        at java.util.concurrent.ThreadPoolExecutor.getTask(ThreadPoolExecutor.java:1074)&#10;        at java.util.concurrent.ThreadPoolExecutor.runWorker(ThreadPoolExecutor.java:1134)&#10;        at java.util.concurrent.ThreadPoolExecutor$Worker.run(ThreadPoolExecutor.java:624)&#10;        at java.lang.Thread.run(Thread.java:748)&#10;&quot;pool-424-thread-1&quot;  prio=5 tid=4583 timed_waiting&#10;java.lang.Thread.State: TIMED_WAITING&#10;        at sun.misc.Unsafe.park(Native Method)&#10;        at java.util.concurrent.locks.LockSupport.parkNanos(LockSupport.java:215)&#10;        at java.util.concurrent.locks.AbstractQueuedSynchronizer$ConditionObject.awaitNanos(AbstractQueuedSynchronizer.java:2078)&#10;        at java.util.concurrent.ScheduledThreadPoolExecutor$DelayedWorkQueue.take(ScheduledThreadPoolExecutor.java:1093)&#10;        at java.util.concurrent.ScheduledThreadPoolExecutor$DelayedWorkQueue.take(ScheduledThreadPoolExecutor.java:809)&#10;        at java.util.concurrent.ThreadPoolExecutor.getTask(ThreadPoolExecutor.java:1074)&#10;        at java.util.concurrent.ThreadPoolExecutor.runWorker(ThreadPoolExecutor.java:1134)&#10;        at java.util.concurrent.ThreadPoolExecutor$Worker.run(ThreadPoolExecutor.java:624)&#10;        at java.lang.Thread.run(Thread.java:748)&#10;&quot;IPC Server handler 0 on default port 41071&quot; daemon prio=5 tid=4478 timed_waiting&#10;java.lang.Thread.State: TIMED_WAITING&#10;        at sun.misc.Unsafe.park(Native Method)&#10;        at java.util.concurrent.locks.LockSupport.parkNanos(LockSupport.java:215)&#10;        at java.util.concurrent.locks.AbstractQueuedSynchronizer$ConditionObject.awaitNanos(AbstractQueuedSynchronizer.java:2078)&#10;        at java.util.concurrent.LinkedBlockingQueue.poll(LinkedBlockingQueue.java:467)&#10;        at org.apache.hadoop.ipc.CallQueueManager.take(CallQueueManager.java:317)&#10;        at org.apache.hadoop.ipc.Server$Handler.run(Server.java:2932)&#10;&quot;IPC Server handler 2 on default port 46035&quot; daemon prio=5 tid=4460 timed_waiting&#10;java.lang.Thread.State: TIMED_WAITING&#10;        at sun.misc.Unsafe.park(Native Method)&#10;        at java.util.concurrent.locks.LockSupport.parkNanos(LockSupport.java:215)&#10;        at java.util.concurrent.locks.AbstractQueuedSynchronizer$ConditionObject.awaitNanos(AbstractQueuedSynchronizer.java:2078)&#10;        at java.util.concurrent.LinkedBlockingQueue.poll(LinkedBlockingQueue.java:467)&#10;        at org.apache.hadoop.ipc.CallQueueManager.take(CallQueueManager.java:317)&#10;        at org.apache.hadoop.ipc.Server$Handler.run(Server.java:2932)&#10;&quot;pool-466-thread-3&quot;  prio=5 tid=4788 in Object.wait()&#10;java.lang.Thread.State: WAITING (on object monitor)&#10;        at sun.misc.Unsafe.park(Native Method)&#10;        at java.util.concurrent.locks.LockSupport.park(LockSupport.java:175)&#10;        at java.util.concurrent.locks.AbstractQueuedSynchronizer$ConditionObject.await(AbstractQueuedSynchronizer.java:2039)&#10;        at java.util.concurrent.LinkedBlockingQueue.take(LinkedBlockingQueue.java:442)&#10;        at java.util.concurrent.ThreadPoolExecutor.getTask(ThreadPoolExecutor.java:1074)&#10;        at java.util.concurrent.ThreadPoolExecutor.runWorker(ThreadPoolExecutor.java:1134)&#10;        at java.util.concurrent.ThreadPoolExecutor$Worker.run(ThreadPoolExecutor.java:624)&#10;        at java.lang.Thread.run(Thread.java:748)&#10;&quot;pool-465-thread-6&quot;  prio=5 tid=4817 in Object.wait()&#10;java.lang.Thread.State: WAITING (on object monitor)&#10;        at sun.misc.Unsafe.park(Native Method)&#10;        at java.util.concurrent.locks.LockSupport.park(LockSupport.java:175)&#10;        at java.util.concurrent.locks.AbstractQueuedSynchronizer$ConditionObject.await(AbstractQueuedSynchronizer.java:2039)&#10;        at java.util.concurrent.LinkedBlockingQueue.take(LinkedBlockingQueue.java:442)&#10;        at java.util.concurrent.ThreadPoolExecutor.getTask(ThreadPoolExecutor.java:1074)&#10;        at java.util.concurrent.ThreadPoolExecutor.runWorker(ThreadPoolExecutor.java:1134)&#10;        at java.util.concurrent.ThreadPoolExecutor$Worker.run(ThreadPoolExecutor.java:624)&#10;        at java.lang.Thread.run(Thread.java:748)&#10;&quot;IPC Server handler 10 on default port 41071&quot; daemon prio=5 tid=4488 timed_waiting&#10;java.lang.Thread.State: TIMED_WAITING&#10;        at sun.misc.Unsafe.park(Native Method)&#10;        at java.util.concurrent.locks.LockSupport.parkNanos(LockSupport.java:215)&#10;        at java.util.concurrent.locks.AbstractQueuedSynchronizer$ConditionObject.awaitNanos(AbstractQueuedSynchronizer.java:2078)&#10;        at java.util.concurrent.LinkedBlockingQueue.poll(LinkedBlockingQueue.java:467)&#10;        at org.apache.hadoop.ipc.CallQueueManager.take(CallQueueManager.java:317)&#10;        at org.apache.hadoop.ipc.Server$Handler.run(Server.java:2932)&#10;&quot;IPC Server handler 7 on default port 46035&quot; daemon prio=5 tid=4465 timed_waiting&#10;java.lang.Thread.State: TIMED_WAITING&#10;        at sun.misc.Unsafe.park(Native Method)&#10;        at java.util.concurrent.locks.LockSupport.parkNanos(LockSupport.java:215)&#10;        at java.util.concurrent.locks.AbstractQueuedSynchronizer$ConditionObject.awaitNanos(AbstractQueuedSynchronizer.java:2078)&#10;        at java.util.concurrent.LinkedBlockingQueue.poll(LinkedBlockingQueue.java:467)&#10;        at org.apache.hadoop.ipc.CallQueueManager.take(CallQueueManager.java:317)&#10;        at org.apache.hadoop.ipc.Server$Handler.run(Server.java:2932)&#10;&quot;qtp1221770347-4609&quot; daemon prio=5 tid=4609 runnable&#10;java.lang.Thread.State: RUNNABLE&#10;        at sun.nio.ch.EPollArrayWrapper.epollWait(Native Method)&#10;        at sun.nio.ch.EPollArrayWrapper.poll(EPollArrayWrapper.java:269)&#10;        at sun.nio.ch.EPollSelectorImpl.doSelect(EPollSelectorImpl.java:93)&#10;        at sun.nio.ch.SelectorImpl.lockAndDoSelect(SelectorImpl.java:86)&#10;        at sun.nio.ch.SelectorImpl.select(SelectorImpl.java:97)&#10;        at sun.nio.ch.SelectorImpl.select(SelectorImpl.java:101)&#10;        at org.eclipse.jetty.io.ManagedSelector.nioSelect(ManagedSelector.java:183)&#10;        at org.eclipse.jetty.io.ManagedSelector.select(ManagedSelector.java:190)&#10;        at org.eclipse.jetty.io.ManagedSelector$SelectorProducer.select(ManagedSelector.java:606)&#10;        at org.eclipse.jetty.io.ManagedSelector$SelectorProducer.produce(ManagedSelector.java:543)&#10;        at org.eclipse.jetty.util.thread.strategy.EatWhatYouKill.produceTask(EatWhatYouKill.java:362)&#10;        at org.eclipse.jetty.util.thread.strategy.EatWhatYouKill.doProduce(EatWhatYouKill.java:186)&#10;        at org.eclipse.jetty.util.thread.strategy.EatWhatYouKill.tryProduce(EatWhatYouKill.java:173)&#10;        at org.eclipse.jetty.util.thread.strategy.EatWhatYouKill.produce(EatWhatYouKill.java:137)&#10;        at org.eclipse.jetty.io.ManagedSelector$$Lambda$309/1391532202.run(Unknown Source)&#10;        at org.eclipse.jetty.util.thread.QueuedThreadPool.runJob(QueuedThreadPool.java:883)&#10;        at org.eclipse.jetty.util.thread.QueuedThreadPool$Runner.run(QueuedThreadPool.java:1034)&#10;        at java.lang.Thread.run(Thread.java:748)&#10;&quot;pool-465-thread-4&quot;  prio=5 tid=4797 in Object.wait()&#10;java.lang.Thread.State: WAITING (on object monitor)&#10;        at sun.misc.Unsafe.park(Native Method)&#10;        at java.util.concurrent.locks.LockSupport.park(LockSupport.java:175)&#10;        at java.util.concurrent.locks.AbstractQueuedSynchronizer$ConditionObject.await(AbstractQueuedSynchronizer.java:2039)&#10;        at java.util.concurrent.LinkedBlockingQueue.take(LinkedBlockingQueue.java:442)&#10;        at java.util.concurrent.ThreadPoolExecutor.getTask(ThreadPoolExecutor.java:1074)&#10;        at java.util.concurrent.ThreadPoolExecutor.runWorker(ThreadPoolExecutor.java:1134)&#10;        at java.util.concurrent.ThreadPoolExecutor$Worker.run(ThreadPoolExecutor.java:624)&#10;        at java.lang.Thread.run(Thread.java:748)&#10;&quot;Session-HouseKeeper-6287b65f-1&quot;  prio=5 tid=4617 timed_waiting&#10;java.lang.Thread.State: TIMED_WAITING&#10;        at sun.misc.Unsafe.park(Native Method)&#10;        at java.util.concurrent.locks.LockSupport.parkNanos(LockSupport.java:215)&#10;        at java.util.concurrent.locks.AbstractQueuedSynchronizer$ConditionObject.awaitNanos(AbstractQueuedSynchronizer.java:2078)&#10;        at java.util.concurrent.ScheduledThreadPoolExecutor$DelayedWorkQueue.take(ScheduledThreadPoolExecutor.java:1093)&#10;        at java.util.concurrent.ScheduledThreadPoolExecutor$DelayedWorkQueue.take(ScheduledThreadPoolExecutor.java:809)&#10;        at java.util.concurrent.ThreadPoolExecutor.getTask(ThreadPoolExecutor.java:1074)&#10;        at java.util.concurrent.ThreadPoolExecutor.runWorker(ThreadPoolExecutor.java:1134)&#10;        at java.util.concurrent.ThreadPoolExecutor$Worker.run(ThreadPoolExecutor.java:624)&#10;        at java.lang.Thread.run(Thread.java:748)&#10;&quot;IPC Parameter Sending Thread #1&quot; daemon prio=5 tid=5371 timed_waiting&#10;java.lang.Thread.State: TIMED_WAITING&#10;        at sun.misc.Unsafe.park(Native Method)&#10;        at java.util.concurrent.locks.LockSupport.parkNanos(LockSupport.java:215)&#10;        at java.util.concurrent.SynchronousQueue$TransferStack.awaitFulfill(SynchronousQueue.java:460)&#10;        at java.util.concurrent.SynchronousQueue$TransferStack.transfer(SynchronousQueue.java:362)&#10;        at java.util.concurrent.SynchronousQueue.poll(SynchronousQueue.java:941)&#10;        at java.util.concurrent.ThreadPoolExecutor.getTask(ThreadPoolExecutor.java:1073)&#10;        at java.util.concurrent.ThreadPoolExecutor.runWorker(ThreadPoolExecutor.java:1134)&#10;        at java.util.concurrent.ThreadPoolExecutor$Worker.run(ThreadPoolExecutor.java:624)&#10;        at java.lang.Thread.run(Thread.java:748)&#10;&quot;IPC Server handler 9 on default port 41071&quot; daemon prio=5 tid=4487 timed_waiting&#10;java.lang.Thread.State: TIMED_WAITING&#10;        at sun.misc.Unsafe.park(Native Method)&#10;        at java.util.concurrent.locks.LockSupport.parkNanos(LockSupport.java:215)&#10;        at java.util.concurrent.locks.AbstractQueuedSynchronizer$ConditionObject.awaitNanos(AbstractQueuedSynchronizer.java:2078)&#10;        at java.util.concurrent.LinkedBlockingQueue.poll(LinkedBlockingQueue.java:467)&#10;        at org.apache.hadoop.ipc.CallQueueManager.take(CallQueueManager.java:317)&#10;        at org.apache.hadoop.ipc.Server$Handler.run(Server.java:2932)&#10;&quot;PartialTableCache Cleanup Thread - 0&quot; daemon prio=5 tid=4759 in Object.wait()&#10;java.lang.Thread.State: WAITING (on object monitor)&#10;        at sun.misc.Unsafe.park(Native Method)&#10;        at java.util.concurrent.locks.LockSupport.park(LockSupport.java:175)&#10;        at java.util.concurrent.locks.AbstractQueuedSynchronizer$ConditionObject.await(AbstractQueuedSynchronizer.java:2039)&#10;        at java.util.concurrent.LinkedBlockingQueue.take(LinkedBlockingQueue.java:442)&#10;        at java.util.concurrent.ThreadPoolExecutor.getTask(ThreadPoolExecutor.java:1074)&#10;        at java.util.concurrent.ThreadPoolExecutor.runWorker(ThreadPoolExecutor.java:1134)&#10;        at java.util.concurrent.ThreadPoolExecutor$Worker.run(ThreadPoolExecutor.java:624)&#10;        at java.lang.Thread.run(Thread.java:748)&#10;&quot;EventQueue-ContainerReportForContainerReportHandler&quot; daemon prio=5 tid=4717 in Object.wait()&#10;java.lang.Thread.State: WAITING (on object monitor)&#10;        at sun.misc.Unsafe.park(Native Method)&#10;        at java.util.concurrent.locks.LockSupport.park(LockSupport.java:175)&#10;        at java.util.concurrent.locks.AbstractQueuedSynchronizer$ConditionObject.await(AbstractQueuedSynchronizer.java:2039)&#10;        at java.util.concurrent.LinkedBlockingQueue.take(LinkedBlockingQueue.java:442)&#10;        at java.util.concurrent.ThreadPoolExecutor.getTask(ThreadPoolExecutor.java:1074)&#10;        at java.util.concurrent.ThreadPoolExecutor.runWorker(ThreadPoolExecutor.java:1134)&#10;        at java.util.concurrent.ThreadPoolExecutor$Worker.run(ThreadPoolExecutor.java:624)&#10;        at java.lang.Thread.run(Thread.java:748)&#10;&quot;IPC Server idle connection scanner for port 41905&quot; daemon prio=5 tid=4537 timed_waiting&#10;java.lang.Thread.State: TIMED_WAITING&#10;        at java.lang.Object.wait(Native Method)&#10;        at java.util.TimerThread.mainLoop(Timer.java:552)&#10;        at java.util.TimerThread.run(Timer.java:505)&#10;&quot;IPC Server handler 5 on default port 46035&quot; daemon prio=5 tid=4463 timed_waiting&#10;java.lang.Thread.State: TIMED_WAITING&#10;        at sun.misc.Unsafe.park(Native Method)&#10;        at java.util.concurrent.locks.LockSupport.parkNanos(LockSupport.java:215)&#10;        at java.util.concurrent.locks.AbstractQueuedSynchronizer$ConditionObject.awaitNanos(AbstractQueuedSynchronizer.java:2078)&#10;        at java.util.concurrent.LinkedBlockingQueue.poll(LinkedBlockingQueue.java:467)&#10;        at org.apache.hadoop.ipc.CallQueueManager.take(CallQueueManager.java:317)&#10;        at org.apache.hadoop.ipc.Server$Handler.run(Server.java:2932)&#10;&quot;PartialTableCache Cleanup Thread - 0&quot; daemon prio=5 tid=897 in Object.wait()&#10;java.lang.Thread.State: WAITING (on object monitor)&#10;        at sun.misc.Unsafe.park(Native Method)&#10;        at java.util.concurrent.locks.LockSupport.park(LockSupport.java:175)&#10;        at java.util.concurrent.locks.AbstractQueuedSynchronizer$ConditionObject.await(AbstractQueuedSynchronizer.java:2039)&#10;        at java.util.concurrent.LinkedBlockingQueue.take(LinkedBlockingQueue.java:442)&#10;        at java.util.concurrent.ThreadPoolExecutor.getTask(ThreadPoolExecutor.java:1074)&#10;        at java.util.concurrent.ThreadPoolExecutor.runWorker(ThreadPoolExecutor.java:1134)&#10;        at java.util.concurrent.ThreadPoolExecutor$Worker.run(ThreadPoolExecutor.java:624)&#10;        at java.lang.Thread.run(Thread.java:748)&#10;&quot;IPC Server handler 3 on default port 41071&quot; daemon prio=5 tid=4481 timed_waiting&#10;java.lang.Thread.State: TIMED_WAITING&#10;        at sun.misc.Unsafe.park(Native Method)&#10;        at java.util.concurrent.locks.LockSupport.parkNanos(LockSupport.java:215)&#10;        at java.util.concurrent.locks.AbstractQueuedSynchronizer$ConditionObject.awaitNanos(AbstractQueuedSynchronizer.java:2078)&#10;        at java.util.concurrent.LinkedBlockingQueue.poll(LinkedBlockingQueue.java:467)&#10;        at org.apache.hadoop.ipc.CallQueueManager.take(CallQueueManager.java:317)&#10;        at org.apache.hadoop.ipc.Server$Handler.run(Server.java:2932)&#10;&quot;IPC Server handler 18 on default port 46035&quot; daemon prio=5 tid=4476 timed_waiting&#10;java.lang.Thread.State: TIMED_WAITING&#10;        at sun.misc.Unsafe.park(Native Method)&#10;        at java.util.concurrent.locks.LockSupport.parkNanos(LockSupport.java:215)&#10;        at java.util.concurrent.locks.AbstractQueuedSynchronizer$ConditionObject.awaitNanos(AbstractQueuedSynchronizer.java:2078)&#10;        at java.util.concurrent.LinkedBlockingQueue.poll(LinkedBlockingQueue.java:467)&#10;        at org.apache.hadoop.ipc.CallQueueManager.take(CallQueueManager.java:317)&#10;        at org.apache.hadoop.ipc.Server$Handler.run(Server.java:2932)&#10;&quot;grpc-default-executor-3&quot; daemon prio=5 tid=335 timed_waiting&#10;java.lang.Thread.State: TIMED_WAITING&#10;        at sun.misc.Unsafe.park(Native Method)&#10;        at java.util.concurrent.locks.LockSupport.parkNanos(LockSupport.java:215)&#10;        at java.util.concurrent.SynchronousQueue$TransferStack.awaitFulfill(SynchronousQueue.java:460)&#10;        at java.util.concurrent.SynchronousQueue$TransferStack.transfer(SynchronousQueue.java:362)&#10;        at java.util.concurrent.SynchronousQueue.poll(SynchronousQueue.java:941)&#10;        at java.util.concurrent.ThreadPoolExecutor.getTask(ThreadPoolExecutor.java:1073)&#10;        at java.util.concurrent.ThreadPoolExecutor.runWorker(ThreadPoolExecutor.java:1134)&#10;        at java.util.concurrent.ThreadPoolExecutor$Worker.run(ThreadPoolExecutor.java:624)&#10;        at java.lang.Thread.run(Thread.java:748)&#10;&quot;BlockDeletingService#2&quot; daemon prio=5 tid=4678 in Object.wait()&#10;java.lang.Thread.State: WAITING (on object monitor)&#10;        at sun.misc.Unsafe.park(Native Method)&#10;        at java.util.concurrent.locks.LockSupport.park(LockSupport.java:175)&#10;        at java.util.concurrent.locks.AbstractQueuedSynchronizer$ConditionObject.await(AbstractQueuedSynchronizer.java:2039)&#10;        at java.util.concurrent.ScheduledThreadPoolExecutor$DelayedWorkQueue.take(ScheduledThreadPoolExecutor.java:1088)&#10;        at java.util.concurrent.ScheduledThreadPoolExecutor$DelayedWorkQueue.take(ScheduledThreadPoolExecutor.java:809)&#10;        at java.util.concurrent.ThreadPoolExecutor.getTask(ThreadPoolExecutor.java:1074)&#10;        at java.util.concurrent.ThreadPoolExecutor.runWorker(ThreadPoolExecutor.java:1134)&#10;        at java.util.concurrent.ThreadPoolExecutor$Worker.run(ThreadPoolExecutor.java:624)&#10;        at java.lang.Thread.run(Thread.java:748)&#10;&quot;Datanode State Machine Thread - 0&quot; daemon prio=5 tid=4593 timed_waiting&#10;java.lang.Thread.State: TIMED_WAITING&#10;        at java.lang.Thread.sleep(Native Method)&#10;        at org.apache.hadoop.ozone.container.common.statemachine.DatanodeStateMachine.start(DatanodeStateMachine.java:285)&#10;        at org.apache.hadoop.ozone.container.common.statemachine.DatanodeStateMachine.lambda$startDaemon$0(DatanodeStateMachine.java:456)&#10;        at org.apache.hadoop.ozone.container.common.statemachine.DatanodeStateMachine$$Lambda$569/736565880.run(Unknown Source)&#10;        at java.lang.Thread.run(Thread.java:748)&#10;&quot;pool-465-thread-7&quot;  prio=5 tid=4821 in Object.wait()&#10;java.lang.Thread.State: WAITING (on object monitor)&#10;        at sun.misc.Unsafe.park(Native Method)&#10;        at java.util.concurrent.locks.LockSupport.park(LockSupport.java:175)&#10;        at java.util.concurrent.locks.AbstractQueuedSynchronizer$ConditionObject.await(AbstractQueuedSynchronizer.java:2039)&#10;        at java.util.concurrent.LinkedBlockingQueue.take(LinkedBlockingQueue.java:442)&#10;        at java.util.concurrent.ThreadPoolExecutor.getTask(ThreadPoolExecutor.java:1074)&#10;        at java.util.concurrent.ThreadPoolExecutor.runWorker(ThreadPoolExecutor.java:1134)&#10;        at java.util.concurrent.ThreadPoolExecutor$Worker.run(ThreadPoolExecutor.java:624)&#10;        at java.lang.Thread.run(Thread.java:748)&#10;&quot;Datanode ReportManager Thread - 4&quot; daemon prio=5 tid=4598 timed_waiting&#10;java.lang.Thread.State: TIMED_WAITING&#10;        at sun.misc.Unsafe.park(Native Method)&#10;        at java.util.concurrent.locks.LockSupport.park(LockSupport.java:175)&#10;        at java.util.concurrent.locks.AbstractQueuedSynchronizer$ConditionObject.await(AbstractQueuedSynchronizer.java:2039)&#10;        at java.util.concurrent.ScheduledThreadPoolExecutor$DelayedWorkQueue.take(ScheduledThreadPoolExecutor.java:1088)&#10;        at java.util.concurrent.ScheduledThreadPoolExecutor$DelayedWorkQueue.take(ScheduledThreadPoolExecutor.java:809)&#10;        at java.util.concurrent.ThreadPoolExecutor.getTask(ThreadPoolExecutor.java:1074)&#10;        at java.util.concurrent.ThreadPoolExecutor.runWorker(ThreadPoolExecutor.java:1134)&#10;        at java.util.concurrent.ThreadPoolExecutor$Worker.run(ThreadPoolExecutor.java:624)&#10;        at java.lang.Thread.run(Thread.java:748)&#10;&quot;IPC Server handler 1 on default port 41071&quot; daemon prio=5 tid=4479 timed_waiting&#10;java.lang.Thread.State: TIMED_WAITING&#10;        at sun.misc.Unsafe.park(Native Method)&#10;        at java.util.concurrent.locks.LockSupport.parkNanos(LockSupport.java:215)&#10;        at java.util.concurrent.locks.AbstractQueuedSynchronizer$ConditionObject.awaitNanos(AbstractQueuedSynchronizer.java:2078)&#10;        at java.util.concurrent.LinkedBlockingQueue.poll(LinkedBlockingQueue.java:467)&#10;        at org.apache.hadoop.ipc.CallQueueManager.take(CallQueueManager.java:317)&#10;        at org.apache.hadoop.ipc.Server$Handler.run(Server.java:2932)&#10;&quot;Datanode State Machine Thread - 0&quot; daemon prio=5 tid=4620 timed_waiting&#10;java.lang.Thread.State: TIMED_WAITING&#10;        at java.lang.Thread.sleep(Native Method)&#10;        at org.apache.hadoop.ozone.container.common.statemachine.DatanodeStateMachine.start(DatanodeStateMachine.java:285)&#10;        at org.apache.hadoop.ozone.container.common.statemachine.DatanodeStateMachine.lambda$startDaemon$0(DatanodeStateMachine.java:456)&#10;        at org.apache.hadoop.ozone.container.common.statemachine.DatanodeStateMachine$$Lambda$569/736565880.run(Unknown Source)&#10;        at java.lang.Thread.run(Thread.java:748)&#10;&quot;IPC Server handler 3 on default port 41905&quot; daemon prio=5 tid=4559 timed_waiting&#10;java.lang.Thread.State: TIMED_WAITING&#10;        at sun.misc.Unsafe.park(Native Method)&#10;        at java.util.concurrent.locks.LockSupport.parkNanos(LockSupport.java:215)&#10;        at java.util.concurrent.locks.AbstractQueuedSynchronizer$ConditionObject.awaitNanos(AbstractQueuedSynchronizer.java:2078)&#10;        at java.util.concurrent.LinkedBlockingQueue.poll(LinkedBlockingQueue.java:467)&#10;        at org.apache.hadoop.ipc.CallQueueManager.take(CallQueueManager.java:317)&#10;        at org.apache.hadoop.ipc.Server$Handler.run(Server.java:2932)&#10;&quot;BlockDeletingService#3&quot; daemon prio=5 tid=4680 in Object.wait()&#10;java.lang.Thread.State: WAITING (on object monitor)&#10;        at sun.misc.Unsafe.park(Native Method)&#10;        at java.util.concurrent.locks.LockSupport.park(LockSupport.java:175)&#10;        at java.util.concurrent.locks.AbstractQueuedSynchronizer$ConditionObject.await(AbstractQueuedSynchronizer.java:2039)&#10;        at java.util.concurrent.ScheduledThreadPoolExecutor$DelayedWorkQueue.take(ScheduledThreadPoolExecutor.java:1088)&#10;        at java.util.concurrent.ScheduledThreadPoolExecutor$DelayedWorkQueue.take(ScheduledThreadPoolExecutor.java:809)&#10;        at java.util.concurrent.ThreadPoolExecutor.getTask(ThreadPoolExecutor.java:1074)&#10;        at java.util.concurrent.ThreadPoolExecutor.runWorker(ThreadPoolExecutor.java:1134)&#10;        at java.util.concurrent.ThreadPoolExecutor$Worker.run(ThreadPoolExecutor.java:624)&#10;        at java.lang.Thread.run(Thread.java:748)&#10;&quot;IPC Server handler 4 on default port 38093&quot; daemon prio=5 tid=4502 timed_waiting&#10;java.lang.Thread.State: TIMED_WAITING&#10;        at sun.misc.Unsafe.park(Native Method)&#10;        at java.util.concurrent.locks.LockSupport.parkNanos(LockSupport.java:215)&#10;        at java.util.concurrent.locks.AbstractQueuedSynchronizer$ConditionObject.awaitNanos(AbstractQueuedSynchronizer.java:2078)&#10;        at java.util.concurrent.LinkedBlockingQueue.poll(LinkedBlockingQueue.java:467)&#10;        at org.apache.hadoop.ipc.CallQueueManager.take(CallQueueManager.java:317)&#10;        at org.apache.hadoop.ipc.Server$Handler.run(Server.java:2932)&#10;&quot;IPC Server listener on 0&quot; daemon prio=5 tid=4447 runnable&#10;java.lang.Thread.State: RUNNABLE&#10;        at sun.nio.ch.EPollArrayWrapper.epollWait(Native Method)&#10;        at sun.nio.ch.EPollArrayWrapper.poll(EPollArrayWrapper.java:269)&#10;        at sun.nio.ch.EPollSelectorImpl.doSelect(EPollSelectorImpl.java:93)&#10;        at sun.nio.ch.SelectorImpl.lockAndDoSelect(SelectorImpl.java:86)&#10;        at sun.nio.ch.SelectorImpl.select(SelectorImpl.java:97)&#10;        at sun.nio.ch.SelectorImpl.select(SelectorImpl.java:101)&#10;        at org.apache.hadoop.ipc.Server$Listener.run(Server.java:1350)&#10;&quot;IPC Server handler 12 on default port 38093&quot; daemon prio=5 tid=4510 timed_waiting&#10;java.lang.Thread.State: TIMED_WAITING&#10;        at sun.misc.Unsafe.park(Native Method)&#10;        at java.util.concurrent.locks.LockSupport.parkNanos(LockSupport.java:215)&#10;        at java.util.concurrent.locks.AbstractQueuedSynchronizer$ConditionObject.awaitNanos(AbstractQueuedSynchronizer.java:2078)&#10;        at java.util.concurrent.LinkedBlockingQueue.poll(LinkedBlockingQueue.java:467)&#10;        at org.apache.hadoop.ipc.CallQueueManager.take(CallQueueManager.java:317)&#10;        at org.apache.hadoop.ipc.Server$Handler.run(Server.java:2932)&#10;&quot;qtp1199364158-4521&quot; daemon prio=5 tid=4521 runnable&#10;java.lang.Thread.State: RUNNABLE&#10;        at sun.nio.ch.EPollArrayWrapper.epollWait(Native Method)&#10;        at sun.nio.ch.EPollArrayWrapper.poll(EPollArrayWrapper.java:269)&#10;        at sun.nio.ch.EPollSelectorImpl.doSelect(EPollSelectorImpl.java:93)&#10;        at sun.nio.ch.SelectorImpl.lockAndDoSelect(SelectorImpl.java:86)&#10;        at sun.nio.ch.SelectorImpl.select(SelectorImpl.java:97)&#10;        at sun.nio.ch.SelectorImpl.select(SelectorImpl.java:101)&#10;        at org.eclipse.jetty.io.ManagedSelector.nioSelect(ManagedSelector.java:183)&#10;        at org.eclipse.jetty.io.ManagedSelector.select(ManagedSelector.java:190)&#10;        at org.eclipse.jetty.io.ManagedSelector$SelectorProducer.select(ManagedSelector.java:606)&#10;        at org.eclipse.jetty.io.ManagedSelector$SelectorProducer.produce(ManagedSelector.java:543)&#10;        at org.eclipse.jetty.util.thread.strategy.EatWhatYouKill.produceTask(EatWhatYouKill.java:362)&#10;        at org.eclipse.jetty.util.thread.strategy.EatWhatYouKill.doProduce(EatWhatYouKill.java:186)&#10;        at org.eclipse.jetty.util.thread.strategy.EatWhatYouKill.tryProduce(EatWhatYouKill.java:173)&#10;        at org.eclipse.jetty.util.thread.strategy.EatWhatYouKill.produce(EatWhatYouKill.java:137)&#10;        at org.eclipse.jetty.io.ManagedSelector$$Lambda$309/1391532202.run(Unknown Source)&#10;        at org.eclipse.jetty.util.thread.QueuedThreadPool.runJob(QueuedThreadPool.java:883)&#10;        at org.eclipse.jetty.util.thread.QueuedThreadPool$Runner.run(QueuedThreadPool.java:1034)&#10;        at java.lang.Thread.run(Thread.java:748)&#10;&quot;EventQueue-ContainerReportForContainerReportHandler&quot; daemon prio=5 tid=4718 in Object.wait()&#10;java.lang.Thread.State: WAITING (on object monitor)&#10;        at sun.misc.Unsafe.park(Native Method)&#10;        at java.util.concurrent.locks.LockSupport.park(LockSupport.java:175)&#10;        at java.util.concurrent.locks.AbstractQueuedSynchronizer$ConditionObject.await(AbstractQueuedSynchronizer.java:2039)&#10;        at java.util.concurrent.LinkedBlockingQueue.take(LinkedBlockingQueue.java:442)&#10;        at java.util.concurrent.ThreadPoolExecutor.getTask(ThreadPoolExecutor.java:1074)&#10;        at java.util.concurrent.ThreadPoolExecutor.runWorker(ThreadPoolExecutor.java:1134)&#10;        at java.util.concurrent.ThreadPoolExecutor$Worker.run(ThreadPoolExecutor.java:624)&#10;        at java.lang.Thread.run(Thread.java:748)&#10;&quot;FullTableCache Cleanup Thread - 0&quot; daemon prio=5 tid=341 in Object.wait()&#10;java.lang.Thread.State: WAITING (on object monitor)&#10;        at sun.misc.Unsafe.park(Native Method)&#10;        at java.util.concurrent.locks.LockSupport.park(LockSupport.java:175)&#10;        at java.util.concurrent.locks.AbstractQueuedSynchronizer$ConditionObject.await(AbstractQueuedSynchronizer.java:2039)&#10;        at java.util.concurrent.LinkedBlockingQueue.take(LinkedBlockingQueue.java:442)&#10;        at java.util.concurrent.ThreadPoolExecutor.getTask(ThreadPoolExecutor.java:1074)&#10;        at java.util.concurrent.ThreadPoolExecutor.runWorker(ThreadPoolExecutor.java:1134)&#10;        at java.util.concurrent.ThreadPoolExecutor$Worker.run(ThreadPoolExecutor.java:624)&#10;        at java.lang.Thread.run(Thread.java:748)&#10;&quot;org.apache.ratis.util.JvmPauseMonitor$$Lambda$531/1393706494@4cf7932d&quot; daemon prio=5 tid=4661 timed_waiting&#10;java.lang.Thread.State: TIMED_WAITING&#10;        at java.lang.Thread.sleep(Native Method)&#10;        at java.lang.Thread.sleep(Thread.java:340)&#10;        at java.util.concurrent.TimeUnit.sleep(TimeUnit.java:386)&#10;        at org.apache.ratis.util.TimeDuration.sleep(TimeDuration.java:324)&#10;        at org.apache.ratis.util.TimeDuration.sleep(TimeDuration.java:309)&#10;        at org.apache.ratis.util.JvmPauseMonitor.detectPause(JvmPauseMonitor.java:117)&#10;        at org.apache.ratis.util.JvmPauseMonitor.run(JvmPauseMonitor.java:106)&#10;        at org.apache.ratis.util.JvmPauseMonitor$$Lambda$531/1393706494.run(Unknown Source)&#10;        at java.lang.Thread.run(Thread.java:748)&#10;&quot;DeleteBlocksCommandHandlerThread-0&quot; daemon prio=5 tid=8010 timed_waiting&#10;java.lang.Thread.State: TIMED_WAITING&#10;        at sun.misc.Unsafe.park(Native Method)&#10;        at java.util.concurrent.locks.LockSupport.parkNanos(LockSupport.java:215)&#10;        at java.util.concurrent.locks.AbstractQueuedSynchronizer$ConditionObject.awaitNanos(AbstractQueuedSynchronizer.java:2078)&#10;        at java.util.concurrent.LinkedBlockingQueue.poll(LinkedBlockingQueue.java:467)&#10;        at java.util.concurrent.ThreadPoolExecutor.getTask(ThreadPoolExecutor.java:1073)&#10;        at java.util.concurrent.ThreadPoolExecutor.runWorker(ThreadPoolExecutor.java:1134)&#10;        at java.util.concurrent.ThreadPoolExecutor$Worker.run(ThreadPoolExecutor.java:624)&#10;        at java.lang.Thread.run(Thread.java:748)&#10;&quot;IPC Server handler 0 on default port 38093&quot; daemon prio=5 tid=4498 timed_waiting&#10;java.lang.Thread.State: TIMED_WAITING&#10;        at sun.misc.Unsafe.park(Native Method)&#10;        at java.util.concurrent.locks.LockSupport.parkNanos(LockSupport.java:215)&#10;        at java.util.concurrent.locks.AbstractQueuedSynchronizer$ConditionObject.awaitNanos(AbstractQueuedSynchronizer.java:2078)&#10;        at java.util.concurrent.LinkedBlockingQueue.poll(LinkedBlockingQueue.java:467)&#10;        at org.apache.hadoop.ipc.CallQueueManager.take(CallQueueManager.java:317)&#10;        at org.apache.hadoop.ipc.Server$Handler.run(Server.java:2932)&#10;&quot;qtp1221770347-4616&quot; daemon prio=5 tid=4616 timed_waiting&#10;java.lang.Thread.State: TIMED_WAITING&#10;        at sun.misc.Unsafe.park(Native Method)&#10;        at java.util.concurrent.locks.LockSupport.parkNanos(LockSupport.java:215)&#10;        at java.util.concurrent.locks.AbstractQueuedSynchronizer$ConditionObject.awaitNanos(AbstractQueuedSynchronizer.java:2078)&#10;        at org.eclipse.jetty.util.BlockingArrayQueue.poll(BlockingArrayQueue.java:382)&#10;        at org.eclipse.jetty.util.thread.QueuedThreadPool$Runner.idleJobPoll(QueuedThreadPool.java:974)&#10;        at org.eclipse.jetty.util.thread.QueuedThreadPool$Runner.run(QueuedThreadPool.java:1018)&#10;        at java.lang.Thread.run(Thread.java:748)&#10;&quot;grpc-default-executor-6&quot; daemon prio=5 tid=5221 timed_waiting&#10;java.lang.Thread.State: TIMED_WAITING&#10;        at sun.misc.Unsafe.park(Native Method)&#10;        at java.util.concurrent.locks.LockSupport.parkNanos(LockSupport.java:215)&#10;        at java.util.concurrent.SynchronousQueue$TransferStack.awaitFulfill(SynchronousQueue.java:460)&#10;        at java.util.concurrent.SynchronousQueue$TransferStack.transfer(SynchronousQueue.java:362)&#10;        at java.util.concurrent.SynchronousQueue.poll(SynchronousQueue.java:941)&#10;        at java.util.concurrent.ThreadPoolExecutor.getTask(ThreadPoolExecutor.java:1073)&#10;        at java.util.concurrent.ThreadPoolExecutor.runWorker(ThreadPoolExecutor.java:1134)&#10;        at java.util.concurrent.ThreadPoolExecutor$Worker.run(ThreadPoolExecutor.java:624)&#10;        at java.lang.Thread.run(Thread.java:748)&#10;&quot;org.apache.hadoop.ozone.container.common.statemachine.commandhandler.DeleteBlocksCommandHandler$DeleteCmdWorker@4dc944bc&quot; daemon prio=5 tid=4314 runnable&#10;java.lang.Thread.State: RUNNABLE&#10;        at java.lang.Thread.sleep(Native Method)&#10;        at org.apache.hadoop.ozone.container.common.statemachine.commandhandler.DeleteBlocksCommandHandler$DeleteCmdWorker.run(DeleteBlocksCommandHandler.java:174)&#10;        at java.lang.Thread.run(Thread.java:748)&#10;&quot;qtp1199364158-4523&quot; daemon prio=5 tid=4523 timed_waiting&#10;java.lang.Thread.State: TIMED_WAITING&#10;        at sun.misc.Unsafe.park(Native Method)&#10;        at java.util.concurrent.locks.LockSupport.parkNanos(LockSupport.java:215)&#10;        at java.util.concurrent.locks.AbstractQueuedSynchronizer$ConditionObject.awaitNanos(AbstractQueuedSynchronizer.java:2078)&#10;        at org.eclipse.jetty.util.BlockingArrayQueue.poll(BlockingArrayQueue.java:382)&#10;        at org.eclipse.jetty.util.thread.QueuedThreadPool$Runner.idleJobPoll(QueuedThreadPool.java:974)&#10;        at org.eclipse.jetty.util.thread.QueuedThreadPool$Runner.run(QueuedThreadPool.java:1018)&#10;        at java.lang.Thread.run(Thread.java:748)&#10;&quot;IPC Server handler 14 on default port 41905&quot; daemon prio=5 tid=4570 timed_waiting&#10;java.lang.Thread.State: TIMED_WAITING&#10;        at sun.misc.Unsafe.park(Native Method)&#10;        at java.util.concurrent.locks.LockSupport.parkNanos(LockSupport.java:215)&#10;        at java.util.concurrent.locks.AbstractQueuedSynchronizer$ConditionObject.awaitNanos(AbstractQueuedSynchronizer.java:2078)&#10;        at java.util.concurrent.LinkedBlockingQueue.poll(LinkedBlockingQueue.java:467)&#10;        at org.apache.hadoop.ipc.CallQueueManager.take(CallQueueManager.java:317)&#10;        at org.apache.hadoop.ipc.Server$Handler.run(Server.java:2932)&#10;&quot;f89ecde1-abfa-4530-92e2-4a065b7725ea@group-E30A832DBA26-StateMachineUpdater&quot; daemon prio=5 tid=4734 in Object.wait()&#10;java.lang.Thread.State: WAITING (on object monitor)&#10;        at java.lang.Object.wait(Native Method)&#10;        at java.lang.Object.wait(Object.java:502)&#10;        at org.apache.ratis.server.impl.StateMachineUpdater.waitForCommit(StateMachineUpdater.java:204)&#10;        at org.apache.ratis.server.impl.StateMachineUpdater.run(StateMachineUpdater.java:173)&#10;        at java.lang.Thread.run(Thread.java:748)&#10;&quot;EventQueue-ContainerReportForContainerReportHandler&quot; daemon prio=5 tid=4721 in Object.wait()&#10;java.lang.Thread.State: WAITING (on object monitor)&#10;        at sun.misc.Unsafe.park(Native Method)&#10;        at java.util.concurrent.locks.LockSupport.park(LockSupport.java:175)&#10;        at java.util.concurrent.locks.AbstractQueuedSynchronizer$ConditionObject.await(AbstractQueuedSynchronizer.java:2039)&#10;        at java.util.concurrent.LinkedBlockingQueue.take(LinkedBlockingQueue.java:442)&#10;        at java.util.concurrent.ThreadPoolExecutor.getTask(ThreadPoolExecutor.java:1074)&#10;        at java.util.concurrent.ThreadPoolExecutor.runWorker(ThreadPoolExecutor.java:1134)&#10;        at java.util.concurrent.ThreadPoolExecutor$Worker.run(ThreadPoolExecutor.java:624)&#10;        at java.lang.Thread.run(Thread.java:748)&#10;&quot;IPC Server handler 10 on default port 38093&quot; daemon prio=5 tid=4508 timed_waiting&#10;java.lang.Thread.State: TIMED_WAITING&#10;        at sun.misc.Unsafe.park(Native Method)&#10;        at java.util.concurrent.locks.LockSupport.parkNanos(LockSupport.java:215)&#10;        at java.util.concurrent.locks.AbstractQueuedSynchronizer$ConditionObject.awaitNanos(AbstractQueuedSynchronizer.java:2078)&#10;        at java.util.concurrent.LinkedBlockingQueue.poll(LinkedBlockingQueue.java:467)&#10;        at org.apache.hadoop.ipc.CallQueueManager.take(CallQueueManager.java:317)&#10;        at org.apache.hadoop.ipc.Server$Handler.run(Server.java:2932)&#10;&quot;EventQueue-NodeRegistrationContainerReportForDataNodeSafeModeRule&quot; daemon prio=5 tid=4708 in Object.wait()&#10;java.lang.Thread.State: WAITING (on object monitor)&#10;        at sun.misc.Unsafe.park(Native Method)&#10;        at java.util.concurrent.locks.LockSupport.park(LockSupport.java:175)&#10;        at java.util.concurrent.locks.AbstractQueuedSynchronizer$ConditionObject.await(AbstractQueuedSynchronizer.java:2039)&#10;        at java.util.concurrent.LinkedBlockingQueue.take(LinkedBlockingQueue.java:442)&#10;        at java.util.concurrent.ThreadPoolExecutor.getTask(ThreadPoolExecutor.java:1074)&#10;        at java.util.concurrent.ThreadPoolExecutor.runWorker(ThreadPoolExecutor.java:1134)&#10;        at java.util.concurrent.ThreadPoolExecutor$Worker.run(ThreadPoolExecutor.java:624)&#10;        at java.lang.Thread.run(Thread.java:748)&#10;&quot;Thread-30906&quot; daemon prio=5 tid=31381 terminated&#10;java.lang.Thread.State: TERMINATED&#10;&quot;Command processor thread&quot; daemon prio=5 tid=4651 timed_waiting&#10;java.lang.Thread.State: TIMED_WAITING&#10;        at java.lang.Thread.sleep(Native Method)&#10;        at org.apache.hadoop.ozone.container.common.statemachine.DatanodeStateMachine.lambda$initCommandHandlerThread$2(DatanodeStateMachine.java:563)&#10;        at org.apache.hadoop.ozone.container.common.statemachine.DatanodeStateMachine$$Lambda$571/1328530415.run(Unknown Source)&#10;        at java.lang.Thread.run(Thread.java:748)&#10;&quot;qtp797601589-4585-acceptor-0@67eda4c3-ServerConnector@2b638e54{HTTP/1.1, (http/1.1)}{0.0.0.0:40875}&quot; daemon prio=3 tid=4585 runnable&#10;java.lang.Thread.State: RUNNABLE&#10;        at sun.nio.ch.ServerSocketChannelImpl.accept0(Native Method)&#10;        at sun.nio.ch.ServerSocketChannelImpl.accept(ServerSocketChannelImpl.java:421)&#10;        at sun.nio.ch.ServerSocketChannelImpl.accept(ServerSocketChannelImpl.java:249)&#10;        at org.eclipse.jetty.server.ServerConnector.accept(ServerConnector.java:388)&#10;        at org.eclipse.jetty.server.AbstractConnector$Acceptor.run(AbstractConnector.java:702)&#10;        at org.eclipse.jetty.util.thread.QueuedThreadPool.runJob(QueuedThreadPool.java:883)&#10;        at org.eclipse.jetty.util.thread.QueuedThreadPool$Runner.run(QueuedThreadPool.java:1034)&#10;        at java.lang.Thread.run(Thread.java:748)&#10;&quot;Session-HouseKeeper-58048676-1&quot;  prio=5 tid=4529 timed_waiting&#10;java.lang.Thread.State: TIMED_WAITING&#10;        at sun.misc.Unsafe.park(Native Method)&#10;        at java.util.concurrent.locks.LockSupport.parkNanos(LockSupport.java:215)&#10;        at java.util.concurrent.locks.AbstractQueuedSynchronizer$ConditionObject.awaitNanos(AbstractQueuedSynchronizer.java:2078)&#10;        at java.util.concurrent.ScheduledThreadPoolExecutor$DelayedWorkQueue.take(ScheduledThreadPoolExecutor.java:1093)&#10;        at java.util.concurrent.ScheduledThreadPoolExecutor$DelayedWorkQueue.take(ScheduledThreadPoolExecutor.java:809)&#10;        at java.util.concurrent.ThreadPoolExecutor.getTask(ThreadPoolExecutor.java:1074)&#10;        at java.util.concurrent.ThreadPoolExecutor.runWorker(ThreadPoolExecutor.java:1134)&#10;        at java.util.concurrent.ThreadPoolExecutor$Worker.run(ThreadPoolExecutor.java:624)&#10;        at java.lang.Thread.run(Thread.java:748)&#10;&quot;IPC Server Responder&quot; daemon prio=5 tid=4454 runnable&#10;java.lang.Thread.State: RUNNABLE&#10;        at sun.nio.ch.EPollArrayWrapper.epollWait(Native Method)&#10;        at sun.nio.ch.EPollArrayWrapper.poll(EPollArrayWrapper.java:269)&#10;        at sun.nio.ch.EPollSelectorImpl.doSelect(EPollSelectorImpl.java:93)&#10;        at sun.nio.ch.SelectorImpl.lockAndDoSelect(SelectorImpl.java:86)&#10;        at sun.nio.ch.SelectorImpl.select(SelectorImpl.java:97)&#10;        at org.apache.hadoop.ipc.Server$Responder.doRunLoop(Server.java:1527)&#10;        at org.apache.hadoop.ipc.Server$Responder.run(Server.java:1510)&#10;&quot;pool-467-thread-9&quot;  prio=5 tid=4837 in Object.wait()&#10;java.lang.Thread.State: WAITING (on object monitor)&#10;        at sun.misc.Unsafe.park(Native Method)&#10;        at java.util.concurrent.locks.LockSupport.park(LockSupport.java:175)&#10;        at java.util.concurrent.locks.AbstractQueuedSynchronizer$ConditionObject.await(AbstractQueuedSynchronizer.java:2039)&#10;        at java.util.concurrent.LinkedBlockingQueue.take(LinkedBlockingQueue.java:442)&#10;        at java.util.concurrent.ThreadPoolExecutor.getTask(ThreadPoolExecutor.java:1074)&#10;        at java.util.concurrent.ThreadPoolExecutor.runWorker(ThreadPoolExecutor.java:1134)&#10;        at java.util.concurrent.ThreadPoolExecutor$Worker.run(ThreadPoolExecutor.java:624)&#10;        at java.lang.Thread.run(Thread.java:748)&#10;&quot;pool-466-thread-8&quot;  prio=5 tid=4829 in Object.wait()&#10;java.lang.Thread.State: WAITING (on object monitor)&#10;        at sun.misc.Unsafe.park(Native Method)&#10;        at java.util.concurrent.locks.LockSupport.park(LockSupport.java:175)&#10;        at java.util.concurrent.locks.AbstractQueuedSynchronizer$ConditionObject.await(AbstractQueuedSynchronizer.java:2039)&#10;        at java.util.concurrent.LinkedBlockingQueue.take(LinkedBlockingQueue.java:442)&#10;        at java.util.concurrent.ThreadPoolExecutor.getTask(ThreadPoolExecutor.java:1074)&#10;        at java.util.concurrent.ThreadPoolExecutor.runWorker(ThreadPoolExecutor.java:1134)&#10;        at java.util.concurrent.ThreadPoolExecutor$Worker.run(ThreadPoolExecutor.java:624)&#10;        at java.lang.Thread.run(Thread.java:748)&#10;&quot;IPC Server handler 2 on default port 38093&quot; daemon prio=5 tid=4500 timed_waiting&#10;java.lang.Thread.State: TIMED_WAITING&#10;        at sun.misc.Unsafe.park(Native Method)&#10;        at java.util.concurrent.locks.LockSupport.parkNanos(LockSupport.java:215)&#10;        at java.util.concurrent.locks.AbstractQueuedSynchronizer$ConditionObject.awaitNanos(AbstractQueuedSynchronizer.java:2078)&#10;        at java.util.concurrent.LinkedBlockingQueue.poll(LinkedBlockingQueue.java:467)&#10;        at org.apache.hadoop.ipc.CallQueueManager.take(CallQueueManager.java:317)&#10;        at org.apache.hadoop.ipc.Server$Handler.run(Server.java:2932)&#10;&quot;IPC Server handler 8 on default port 41071&quot; daemon prio=5 tid=4486 timed_waiting&#10;java.lang.Thread.State: TIMED_WAITING&#10;        at sun.misc.Unsafe.park(Native Method)&#10;        at java.util.concurrent.locks.LockSupport.parkNanos(LockSupport.java:215)&#10;        at java.util.concurrent.locks.AbstractQueuedSynchronizer$ConditionObject.awaitNanos(AbstractQueuedSynchronizer.java:2078)&#10;        at java.util.concurrent.LinkedBlockingQueue.poll(LinkedBlockingQueue.java:467)&#10;        at org.apache.hadoop.ipc.CallQueueManager.take(CallQueueManager.java:317)&#10;        at org.apache.hadoop.ipc.Server$Handler.run(Server.java:2932)&#10;&quot;IPC Server handler 1 on default port 46035&quot; daemon prio=5 tid=4459 timed_waiting&#10;java.lang.Thread.State: TIMED_WAITING&#10;        at sun.misc.Unsafe.park(Native Method)&#10;        at java.util.concurrent.locks.LockSupport.parkNanos(LockSupport.java:215)&#10;        at java.util.concurrent.locks.AbstractQueuedSynchronizer$ConditionObject.awaitNanos(AbstractQueuedSynchronizer.java:2078)&#10;        at java.util.concurrent.LinkedBlockingQueue.poll(LinkedBlockingQueue.java:467)&#10;        at org.apache.hadoop.ipc.CallQueueManager.take(CallQueueManager.java:317)&#10;        at org.apache.hadoop.ipc.Server$Handler.run(Server.java:2932)&#10;&quot;qtp1199364158-4526&quot; daemon prio=5 tid=4526 timed_waiting&#10;java.lang.Thread.State: TIMED_WAITING&#10;        at sun.misc.Unsafe.park(Native Method)&#10;        at java.util.concurrent.locks.LockSupport.parkNanos(LockSupport.java:215)&#10;        at java.util.concurrent.locks.AbstractQueuedSynchronizer$ConditionObject.awaitNanos(AbstractQueuedSynchronizer.java:2078)&#10;        at org.eclipse.jetty.util.BlockingArrayQueue.poll(BlockingArrayQueue.java:382)&#10;        at org.eclipse.jetty.util.thread.QueuedThreadPool$Runner.idleJobPoll(QueuedThreadPool.java:974)&#10;        at org.eclipse.jetty.util.thread.QueuedThreadPool$Runner.run(QueuedThreadPool.java:1018)&#10;        at java.lang.Thread.run(Thread.java:748)&#10;&quot;IPC Server handler 18 on default port 41071&quot; daemon prio=5 tid=4496 timed_waiting&#10;java.lang.Thread.State: TIMED_WAITING&#10;        at sun.misc.Unsafe.park(Native Method)&#10;        at java.util.concurrent.locks.LockSupport.parkNanos(LockSupport.java:215)&#10;        at java.util.concurrent.locks.AbstractQueuedSynchronizer$ConditionObject.awaitNanos(AbstractQueuedSynchronizer.java:2078)&#10;        at java.util.concurrent.LinkedBlockingQueue.poll(LinkedBlockingQueue.java:467)&#10;        at org.apache.hadoop.ipc.CallQueueManager.take(CallQueueManager.java:317)&#10;        at org.apache.hadoop.ipc.Server$Handler.run(Server.java:2932)&#10;&quot;Periodic HDDS volume checker&quot; daemon prio=5 tid=4578 timed_waiting&#10;java.lang.Thread.State: TIMED_WAITING&#10;        at sun.misc.Unsafe.park(Native Method)&#10;        at java.util.concurrent.locks.LockSupport.parkNanos(LockSupport.java:215)&#10;        at java.util.concurrent.locks.AbstractQueuedSynchronizer$ConditionObject.awaitNanos(AbstractQueuedSynchronizer.java:2078)&#10;        at java.util.concurrent.ScheduledThreadPoolExecutor$DelayedWorkQueue.take(ScheduledThreadPoolExecutor.java:1093)&#10;        at java.util.concurrent.ScheduledThreadPoolExecutor$DelayedWorkQueue.take(ScheduledThreadPoolExecutor.java:809)&#10;        at java.util.concurrent.ThreadPoolExecutor.getTask(ThreadPoolExecutor.java:1074)&#10;        at java.util.concurrent.ThreadPoolExecutor.runWorker(ThreadPoolExecutor.java:1134)&#10;        at java.util.concurrent.ThreadPoolExecutor$Worker.run(ThreadPoolExecutor.java:624)&#10;        at java.lang.Thread.run(Thread.java:748)&#10;&quot;FullTableCache Cleanup Thread - 0&quot; daemon prio=5 tid=3840 in Object.wait()&#10;java.lang.Thread.State: WAITING (on object monitor)&#10;        at sun.misc.Unsafe.park(Native Method)&#10;        at java.util.concurrent.locks.LockSupport.park(LockSupport.java:175)&#10;        at java.util.concurrent.locks.AbstractQueuedSynchronizer$ConditionObject.await(AbstractQueuedSynchronizer.java:2039)&#10;        at java.util.concurrent.LinkedBlockingQueue.take(LinkedBlockingQueue.java:442)&#10;        at java.util.concurrent.ThreadPoolExecutor.getTask(ThreadPoolExecutor.java:1074)&#10;        at java.util.concurrent.ThreadPoolExecutor.runWorker(ThreadPoolExecutor.java:1134)&#10;        at java.util.concurrent.ThreadPoolExecutor$Worker.run(ThreadPoolExecutor.java:624)&#10;        at java.lang.Thread.run(Thread.java:748)&#10;&quot;PartialTableCache Cleanup Thread - 0&quot; daemon prio=5 tid=3844 in Object.wait()&#10;java.lang.Thread.State: WAITING (on object monitor)&#10;        at sun.misc.Unsafe.park(Native Method)&#10;        at java.util.concurrent.locks.LockSupport.park(LockSupport.java:175)&#10;        at java.util.concurrent.locks.AbstractQueuedSynchronizer$ConditionObject.await(AbstractQueuedSynchronizer.java:2039)&#10;        at java.util.concurrent.LinkedBlockingQueue.take(LinkedBlockingQueue.java:442)&#10;        at java.util.concurrent.ThreadPoolExecutor.getTask(ThreadPoolExecutor.java:1074)&#10;        at java.util.concurrent.ThreadPoolExecutor.runWorker(ThreadPoolExecutor.java:1134)&#10;        at java.util.concurrent.ThreadPoolExecutor$Worker.run(ThreadPoolExecutor.java:624)&#10;        at java.lang.Thread.run(Thread.java:748)&#10;&quot;BlockDeletingService#9&quot; daemon prio=5 tid=4683 in Object.wait()&#10;java.lang.Thread.State: WAITING (on object monitor)&#10;        at sun.misc.Unsafe.park(Native Method)&#10;        at java.util.concurrent.locks.LockSupport.park(LockSupport.java:175)&#10;        at java.util.concurrent.locks.AbstractQueuedSynchronizer$ConditionObject.await(AbstractQueuedSynchronizer.java:2039)&#10;        at java.util.concurrent.ScheduledThreadPoolExecutor$DelayedWorkQueue.take(ScheduledThreadPoolExecutor.java:1088)&#10;        at java.util.concurrent.ScheduledThreadPoolExecutor$DelayedWorkQueue.take(ScheduledThreadPoolExecutor.java:809)&#10;        at java.util.concurrent.ThreadPoolExecutor.getTask(ThreadPoolExecutor.java:1074)&#10;        at java.util.concurrent.ThreadPoolExecutor.runWorker(ThreadPoolExecutor.java:1134)&#10;        at java.util.concurrent.ThreadPoolExecutor$Worker.run(ThreadPoolExecutor.java:624)&#10;        at java.lang.Thread.run(Thread.java:748)&#10;&quot;IPC Server idle connection scanner for port 38093&quot; daemon prio=5 tid=4445 timed_waiting&#10;java.lang.Thread.State: TIMED_WAITING&#10;        at java.lang.Object.wait(Native Method)&#10;        at java.util.TimerThread.mainLoop(Timer.java:552)&#10;        at java.util.TimerThread.run(Timer.java:505)&#10;&quot;om1@group-C5BA1605619E-LeaderStateImpl&quot; daemon prio=5 tid=4619 timed_waiting&#10;java.lang.Thread.State: TIMED_WAITING&#10;        at sun.misc.Unsafe.park(Native Method)&#10;        at java.util.concurrent.locks.LockSupport.parkNanos(LockSupport.java:215)&#10;        at java.util.concurrent.locks.AbstractQueuedSynchronizer$ConditionObject.awaitNanos(AbstractQueuedSynchronizer.java:2078)&#10;        at java.util.concurrent.ArrayBlockingQueue.poll(ArrayBlockingQueue.java:418)&#10;        at org.apache.ratis.server.impl.LeaderStateImpl$EventQueue.poll(LeaderStateImpl.java:155)&#10;        at org.apache.ratis.server.impl.LeaderStateImpl$EventProcessor.run(LeaderStateImpl.java:587)&#10;&quot;pool-467-thread-4&quot;  prio=5 tid=4793 in Object.wait()&#10;java.lang.Thread.State: WAITING (on object monitor)&#10;        at sun.misc.Unsafe.park(Native Method)&#10;        at java.util.concurrent.locks.LockSupport.park(LockSupport.java:175)&#10;        at java.util.concurrent.locks.AbstractQueuedSynchronizer$ConditionObject.await(AbstractQueuedSynchronizer.java:2039)&#10;        at java.util.concurrent.LinkedBlockingQueue.take(LinkedBlockingQueue.java:442)&#10;        at java.util.concurrent.ThreadPoolExecutor.getTask(ThreadPoolExecutor.java:1074)&#10;        at java.util.concurrent.ThreadPoolExecutor.runWorker(ThreadPoolExecutor.java:1134)&#10;        at java.util.concurrent.ThreadPoolExecutor$Worker.run(ThreadPoolExecutor.java:624)&#10;        at java.lang.Thread.run(Thread.java:748)&#10;&quot;BlockDeletingService#8&quot; daemon prio=5 tid=4698 runnable&#10;java.lang.Thread.State: RUNNABLE&#10;        at sun.misc.Unsafe.park(Native Method)&#10;        at java.util.concurrent.locks.LockSupport.parkNanos(LockSupport.java:215)&#10;        at java.util.concurrent.locks.AbstractQueuedSynchronizer$ConditionObject.awaitNanos(AbstractQueuedSynchronizer.java:2078)&#10;        at java.util.concurrent.ScheduledThreadPoolExecutor$DelayedWorkQueue.take(ScheduledThreadPoolExecutor.java:1093)&#10;        at java.util.concurrent.ScheduledThreadPoolExecutor$DelayedWorkQueue.take(ScheduledThreadPoolExecutor.java:809)&#10;        at java.util.concurrent.ThreadPoolExecutor.getTask(ThreadPoolExecutor.java:1074)&#10;        at java.util.concurrent.ThreadPoolExecutor.runWorker(ThreadPoolExecutor.java:1134)&#10;        at java.util.concurrent.ThreadPoolExecutor$Worker.run(ThreadPoolExecutor.java:624)&#10;        at java.lang.Thread.run(Thread.java:748)&#10;&quot;BlockDeletingService#8&quot; daemon prio=5 tid=4681 in Object.wait()&#10;java.lang.Thread.State: WAITING (on object monitor)&#10;        at sun.misc.Unsafe.park(Native Method)&#10;        at java.util.concurrent.locks.LockSupport.park(LockSupport.java:175)&#10;        at java.util.concurrent.locks.AbstractQueuedSynchronizer$ConditionObject.await(AbstractQueuedSynchronizer.java:2039)&#10;        at java.util.concurrent.ScheduledThreadPoolExecutor$DelayedWorkQueue.take(ScheduledThreadPoolExecutor.java:1088)&#10;        at java.util.concurrent.ScheduledThreadPoolExecutor$DelayedWorkQueue.take(ScheduledThreadPoolExecutor.java:809)&#10;        at java.util.concurrent.ThreadPoolExecutor.getTask(ThreadPoolExecutor.java:1074)&#10;        at java.util.concurrent.ThreadPoolExecutor.runWorker(ThreadPoolExecutor.java:1134)&#10;        at java.util.concurrent.ThreadPoolExecutor$Worker.run(ThreadPoolExecutor.java:624)&#10;        at java.lang.Thread.run(Thread.java:748)&#10;&quot;EventQueue-ContainerReportForContainerReportHandler&quot; daemon prio=5 tid=4707 in Object.wait()&#10;java.lang.Thread.State: WAITING (on object monitor)&#10;        at sun.misc.Unsafe.park(Native Method)&#10;        at java.util.concurrent.locks.LockSupport.park(LockSupport.java:175)&#10;        at java.util.concurrent.locks.AbstractQueuedSynchronizer$ConditionObject.await(AbstractQueuedSynchronizer.java:2039)&#10;        at java.util.concurrent.LinkedBlockingQueue.take(LinkedBlockingQueue.java:442)&#10;        at java.util.concurrent.ThreadPoolExecutor.getTask(ThreadPoolExecutor.java:1074)&#10;        at java.util.concurrent.ThreadPoolExecutor.runWorker(ThreadPoolExecutor.java:1134)&#10;        at java.util.concurrent.ThreadPoolExecutor$Worker.run(ThreadPoolExecutor.java:624)&#10;        at java.lang.Thread.run(Thread.java:748)&#10;&quot;org.apache.hadoop.ozone.container.common.statemachine.commandhandler.DeleteBlocksCommandHandler$DeleteCmdWorker@4f2a0651&quot; daemon prio=5 tid=161 runnable&#10;java.lang.Thread.State: RUNNABLE&#10;        at java.lang.Thread.sleep(Native Method)&#10;        at org.apache.hadoop.ozone.container.common.statemachine.commandhandler.DeleteBlocksCommandHandler$DeleteCmdWorker.run(DeleteBlocksCommandHandler.java:174)&#10;        at java.lang.Thread.run(Thread.java:748)&#10;&quot;IPC Server Responder&quot; daemon prio=5 tid=4450 runnable&#10;java.lang.Thread.State: RUNNABLE&#10;        at sun.nio.ch.EPollArrayWrapper.epollWait(Native Method)&#10;        at sun.nio.ch.EPollArrayWrapper.poll(EPollArrayWrapper.java:269)&#10;        at sun.nio.ch.EPollSelectorImpl.doSelect(EPollSelectorImpl.java:93)&#10;        at sun.nio.ch.SelectorImpl.lockAndDoSelect(SelectorImpl.java:86)&#10;        at sun.nio.ch.SelectorImpl.select(SelectorImpl.java:97)&#10;        at org.apache.hadoop.ipc.Server$Responder.doRunLoop(Server.java:1527)&#10;        at org.apache.hadoop.ipc.Server$Responder.run(Server.java:1510)&#10;&quot;c2c40a72-a699-49b1-b721-1997d9d2c71f@group-E30A832DBA26-&gt;f89ecde1-abfa-4530-92e2-4a065b7725ea-GrpcLogAppender-LogAppenderDaemon&quot; daemon prio=5 tid=4742 timed_waiting&#10;java.lang.Thread.State: TIMED_WAITING&#10;        at java.lang.Object.wait(Native Method)&#10;        at org.apache.ratis.grpc.server.GrpcLogAppender.mayWait(GrpcLogAppender.java:173)&#10;        at org.apache.ratis.grpc.server.GrpcLogAppender.run(GrpcLogAppender.java:125)&#10;        at org.apache.ratis.server.leader.LogAppenderDaemon.run(LogAppenderDaemon.java:77)&#10;        at org.apache.ratis.server.leader.LogAppenderDaemon$$Lambda$818/1836067268.run(Unknown Source)&#10;        at java.lang.Thread.run(Thread.java:748)&#10;&quot;qtp2069929890-4547&quot; daemon prio=5 tid=4547 runnable&#10;java.lang.Thread.State: RUNNABLE&#10;        at sun.nio.ch.EPollArrayWrapper.epollWait(Native Method)&#10;        at sun.nio.ch.EPollArrayWrapper.poll(EPollArrayWrapper.java:269)&#10;        at sun.nio.ch.EPollSelectorImpl.doSelect(EPollSelectorImpl.java:93)&#10;        at sun.nio.ch.SelectorImpl.lockAndDoSelect(SelectorImpl.java:86)&#10;        at sun.nio.ch.SelectorImpl.select(SelectorImpl.java:97)&#10;        at sun.nio.ch.SelectorImpl.select(SelectorImpl.java:101)&#10;        at org.eclipse.jetty.io.ManagedSelector.nioSelect(ManagedSelector.java:183)&#10;        at org.eclipse.jetty.io.ManagedSelector.select(ManagedSelector.java:190)&#10;        at org.eclipse.jetty.io.ManagedSelector$SelectorProducer.select(ManagedSelector.java:606)&#10;        at org.eclipse.jetty.io.ManagedSelector$SelectorProducer.produce(ManagedSelector.java:543)&#10;        at org.eclipse.jetty.util.thread.strategy.EatWhatYouKill.produceTask(EatWhatYouKill.java:362)&#10;        at org.eclipse.jetty.util.thread.strategy.EatWhatYouKill.doProduce(EatWhatYouKill.java:186)&#10;        at org.eclipse.jetty.util.thread.strategy.EatWhatYouKill.tryProduce(EatWhatYouKill.java:173)&#10;        at org.eclipse.jetty.util.thread.strategy.EatWhatYouKill.produce(EatWhatYouKill.java:137)&#10;        at org.eclipse.jetty.io.ManagedSelector$$Lambda$309/1391532202.run(Unknown Source)&#10;        at org.eclipse.jetty.util.thread.QueuedThreadPool.runJob(QueuedThreadPool.java:883)&#10;        at org.eclipse.jetty.util.thread.QueuedThreadPool$Runner.run(QueuedThreadPool.java:1034)&#10;        at java.lang.Thread.run(Thread.java:748)&#10;&quot;IPC Server handler 13 on default port 38093&quot; daemon prio=5 tid=4511 timed_waiting&#10;java.lang.Thread.State: TIMED_WAITING&#10;        at sun.misc.Unsafe.park(Native Method)&#10;        at java.util.concurrent.locks.LockSupport.parkNanos(LockSupport.java:215)&#10;        at java.util.concurrent.locks.AbstractQueuedSynchronizer$ConditionObject.awaitNanos(AbstractQueuedSynchronizer.java:2078)&#10;        at java.util.concurrent.LinkedBlockingQueue.poll(LinkedBlockingQueue.java:467)&#10;        at org.apache.hadoop.ipc.CallQueueManager.take(CallQueueManager.java:317)&#10;        at org.apache.hadoop.ipc.Server$Handler.run(Server.java:2932)&#10;&quot;IPC Server handler 10 on default port 46035&quot; daemon prio=5 tid=4468 timed_waiting&#10;java.lang.Thread.State: TIMED_WAITING&#10;        at sun.misc.Unsafe.park(Native Method)&#10;        at java.util.concurrent.locks.LockSupport.parkNanos(LockSupport.java:215)&#10;        at java.util.concurrent.locks.AbstractQueuedSynchronizer$ConditionObject.awaitNanos(AbstractQueuedSynchronizer.java:2078)&#10;        at java.util.concurrent.LinkedBlockingQueue.poll(LinkedBlockingQueue.java:467)&#10;        at org.apache.hadoop.ipc.CallQueueManager.take(CallQueueManager.java:317)&#10;        at org.apache.hadoop.ipc.Server$Handler.run(Server.java:2932)&#10;&quot;org.apache.hadoop.ozone.container.common.statemachine.commandhandler.DeleteBlocksCommandHandler$DeleteCmdWorker@35f03e9d&quot; daemon prio=5 tid=212 runnable&#10;java.lang.Thread.State: RUNNABLE&#10;        at java.lang.Thread.sleep(Native Method)&#10;        at org.apache.hadoop.ozone.container.common.statemachine.commandhandler.DeleteBlocksCommandHandler$DeleteCmdWorker.run(DeleteBlocksCommandHandler.java:174)&#10;        at java.lang.Thread.run(Thread.java:748)&#10;&quot;surefire-forkedjvm-command-thread&quot; daemon prio=5 tid=9 runnable&#10;java.lang.Thread.State: RUNNABLE&#10;        at java.io.FileInputStream.readBytes(Native Method)&#10;        at java.io.FileInputStream.read(FileInputStream.java:255)&#10;        at java.io.BufferedInputStream.fill(BufferedInputStream.java:246)&#10;        at java.io.BufferedInputStream.read(BufferedInputStream.java:265)&#10;        at java.io.DataInputStream.readInt(DataInputStream.java:387)&#10;        at org.apache.maven.surefire.booter.MasterProcessCommand.decode(MasterProcessCommand.java:115)&#10;        at org.apache.maven.surefire.booter.CommandReader$CommandRunnable.run(CommandReader.java:390)&#10;        at java.lang.Thread.run(Thread.java:748)&#10;&quot;pool-465-thread-8&quot;  prio=5 tid=4825 in Object.wait()&#10;java.lang.Thread.State: WAITING (on object monitor)&#10;        at sun.misc.Unsafe.park(Native Method)&#10;        at java.util.concurrent.locks.LockSupport.park(LockSupport.java:175)&#10;        at java.util.concurrent.locks.AbstractQueuedSynchronizer$ConditionObject.await(AbstractQueuedSynchronizer.java:2039)&#10;        at java.util.concurrent.LinkedBlockingQueue.take(LinkedBlockingQueue.java:442)&#10;        at java.util.concurrent.ThreadPoolExecutor.getTask(ThreadPoolExecutor.java:1074)&#10;        at java.util.concurrent.ThreadPoolExecutor.runWorker(ThreadPoolExecutor.java:1134)&#10;        at java.util.concurrent.ThreadPoolExecutor$Worker.run(ThreadPoolExecutor.java:624)&#10;        at java.lang.Thread.run(Thread.java:748)&#10;&quot;IPC Server handler 1 on default port 38093&quot; daemon prio=5 tid=4499 timed_waiting&#10;java.lang.Thread.State: TIMED_WAITING&#10;        at sun.misc.Unsafe.park(Native Method)&#10;        at java.util.concurrent.locks.LockSupport.parkNanos(LockSupport.java:215)&#10;        at java.util.concurrent.locks.AbstractQueuedSynchronizer$ConditionObject.awaitNanos(AbstractQueuedSynchronizer.java:2078)&#10;        at java.util.concurrent.LinkedBlockingQueue.poll(LinkedBlockingQueue.java:467)&#10;        at org.apache.hadoop.ipc.CallQueueManager.take(CallQueueManager.java:317)&#10;        at org.apache.hadoop.ipc.Server$Handler.run(Server.java:2932)&#10;&quot;RatisPipelineUtilsThread - 0&quot;  prio=5 tid=4440 timed_waiting&#10;java.lang.Thread.State: TIMED_WAITING&#10;        at java.lang.Object.wait(Native Method)&#10;        at org.apache.hadoop.hdds.scm.pipeline.BackgroundPipelineCreatorV2.run(BackgroundPipelineCreatorV2.java:183)&#10;        at org.apache.hadoop.hdds.scm.pipeline.BackgroundPipelineCreatorV2$$Lambda$236/1032689422.run(Unknown Source)&#10;        at java.lang.Thread.run(Thread.java:748)&#10;&quot;Finalizer&quot; daemon prio=8 tid=3 in Object.wait()&#10;java.lang.Thread.State: WAITING (on object monitor)&#10;        at java.lang.Object.wait(Native Method)&#10;        at java.lang.ref.ReferenceQueue.remove(ReferenceQueue.java:144)&#10;        at java.lang.ref.ReferenceQueue.remove(ReferenceQueue.java:165)&#10;        at java.lang.ref.Finalizer$FinalizerThread.run(Finalizer.java:216)&#10;&quot;pool-466-thread-9&quot;  prio=5 tid=4836 in Object.wait()&#10;java.lang.Thread.State: WAITING (on object monitor)&#10;        at sun.misc.Unsafe.park(Native Method)&#10;        at java.util.concurrent.locks.LockSupport.park(LockSupport.java:175)&#10;        at java.util.concurrent.locks.AbstractQueuedSynchronizer$ConditionObject.await(AbstractQueuedSynchronizer.java:2039)&#10;        at java.util.concurrent.LinkedBlockingQueue.take(LinkedBlockingQueue.java:442)&#10;        at java.util.concurrent.ThreadPoolExecutor.getTask(ThreadPoolExecutor.java:1074)&#10;        at java.util.concurrent.ThreadPoolExecutor.runWorker(ThreadPoolExecutor.java:1134)&#10;        at java.util.concurrent.ThreadPoolExecutor$Worker.run(ThreadPoolExecutor.java:624)&#10;        at java.lang.Thread.run(Thread.java:748)&#10;&quot;ChunkWriter-1-0&quot; daemon prio=5 tid=4671 in Object.wait()&#10;java.lang.Thread.State: WAITING (on object monitor)&#10;        at sun.misc.Unsafe.park(Native Method)&#10;        at java.util.concurrent.locks.LockSupport.park(LockSupport.java:175)&#10;        at java.util.concurrent.locks.AbstractQueuedSynchronizer$ConditionObject.await(AbstractQueuedSynchronizer.java:2039)&#10;        at java.util.concurrent.LinkedBlockingDeque.takeFirst(LinkedBlockingDeque.java:492)&#10;        at java.util.concurrent.LinkedBlockingDeque.take(LinkedBlockingDeque.java:680)&#10;        at java.util.concurrent.ThreadPoolExecutor.getTask(ThreadPoolExecutor.java:1074)&#10;        at java.util.concurrent.ThreadPoolExecutor.runWorker(ThreadPoolExecutor.java:1134)&#10;        at java.util.concurrent.ThreadPoolExecutor$Worker.run(ThreadPoolExecutor.java:624)&#10;        at java.lang.Thread.run(Thread.java:748)&#10;&quot;qtp797601589-4586&quot; daemon prio=5 tid=4586 timed_waiting&#10;java.lang.Thread.State: TIMED_WAITING&#10;        at sun.misc.Unsafe.park(Native Method)&#10;        at java.util.concurrent.locks.LockSupport.parkNanos(LockSupport.java:215)&#10;        at java.util.concurrent.locks.AbstractQueuedSynchronizer$ConditionObject.awaitNanos(AbstractQueuedSynchronizer.java:2078)&#10;        at org.eclipse.jetty.util.BlockingArrayQueue.poll(BlockingArrayQueue.java:382)&#10;        at org.eclipse.jetty.util.thread.QueuedThreadPool$Runner.idleJobPoll(QueuedThreadPool.java:974)&#10;        at org.eclipse.jetty.util.thread.QueuedThreadPool$Runner.run(QueuedThreadPool.java:1018)&#10;        at java.lang.Thread.run(Thread.java:748)&#10;&quot;IPC Server handler 15 on default port 41905&quot; daemon prio=5 tid=4571 timed_waiting&#10;java.lang.Thread.State: TIMED_WAITING&#10;        at sun.misc.Unsafe.park(Native Method)&#10;        at java.util.concurrent.locks.LockSupport.parkNanos(LockSupport.java:215)&#10;        at java.util.concurrent.locks.AbstractQueuedSynchronizer$ConditionObject.awaitNanos(AbstractQueuedSynchronizer.java:2078)&#10;        at java.util.concurrent.LinkedBlockingQueue.poll(LinkedBlockingQueue.java:467)&#10;        at org.apache.hadoop.ipc.CallQueueManager.take(CallQueueManager.java:317)&#10;        at org.apache.hadoop.ipc.Server$Handler.run(Server.java:2932)&#10;&quot;PartialTableCache Cleanup Thread - 0&quot; daemon prio=5 tid=7229 in Object.wait()&#10;java.lang.Thread.State: WAITING (on object monitor)&#10;        at sun.misc.Unsafe.park(Native Method)&#10;        at java.util.concurrent.locks.LockSupport.park(LockSupport.java:175)&#10;        at java.util.concurrent.locks.AbstractQueuedSynchronizer$ConditionObject.await(AbstractQueuedSynchronizer.java:2039)&#10;        at java.util.concurrent.LinkedBlockingQueue.take(LinkedBlockingQueue.java:442)&#10;        at java.util.concurrent.ThreadPoolExecutor.getTask(ThreadPoolExecutor.java:1074)&#10;        at java.util.concurrent.ThreadPoolExecutor.runWorker(ThreadPoolExecutor.java:1134)&#10;        at java.util.concurrent.ThreadPoolExecutor$Worker.run(ThreadPoolExecutor.java:624)&#10;        at java.lang.Thread.run(Thread.java:748)&#10;&quot;Datanode ReportManager Thread - 2&quot; daemon prio=5 tid=4596 in Object.wait()&#10;java.lang.Thread.State: WAITING (on object monitor)&#10;        at sun.misc.Unsafe.park(Native Method)&#10;        at java.util.concurrent.locks.LockSupport.park(LockSupport.java:175)&#10;        at java.util.concurrent.locks.AbstractQueuedSynchronizer$ConditionObject.await(AbstractQueuedSynchronizer.java:2039)&#10;        at java.util.concurrent.ScheduledThreadPoolExecutor$DelayedWorkQueue.take(ScheduledThreadPoolExecutor.java:1088)&#10;        at java.util.concurrent.ScheduledThreadPoolExecutor$DelayedWorkQueue.take(ScheduledThreadPoolExecutor.java:809)&#10;        at java.util.concurrent.ThreadPoolExecutor.getTask(ThreadPoolExecutor.java:1074)&#10;        at java.util.concurrent.ThreadPoolExecutor.runWorker(ThreadPoolExecutor.java:1134)&#10;        at java.util.concurrent.ThreadPoolExecutor$Worker.run(ThreadPoolExecutor.java:624)&#10;        at java.lang.Thread.run(Thread.java:748)&#10;&quot;EventQueue-PipelineReportForPipelineReportHandler&quot; daemon prio=5 tid=4710 in Object.wait()&#10;java.lang.Thread.State: WAITING (on object monitor)&#10;        at sun.misc.Unsafe.park(Native Method)&#10;        at java.util.concurrent.locks.LockSupport.park(LockSupport.java:175)&#10;        at java.util.concurrent.locks.AbstractQueuedSynchronizer$ConditionObject.await(AbstractQueuedSynchronizer.java:2039)&#10;        at java.util.concurrent.LinkedBlockingQueue.take(LinkedBlockingQueue.java:442)&#10;        at java.util.concurrent.ThreadPoolExecutor.getTask(ThreadPoolExecutor.java:1074)&#10;        at java.util.concurrent.ThreadPoolExecutor.runWorker(ThreadPoolExecutor.java:1134)&#10;        at java.util.concurrent.ThreadPoolExecutor$Worker.run(ThreadPoolExecutor.java:624)&#10;        at java.lang.Thread.run(Thread.java:748)&#10;&quot;BlockDeletingService#8&quot; daemon prio=5 tid=4704 in Object.wait()&#10;java.lang.Thread.State: WAITING (on object monitor)&#10;        at sun.misc.Unsafe.park(Native Method)&#10;        at java.util.concurrent.locks.LockSupport.park(LockSupport.java:175)&#10;        at java.util.concurrent.locks.AbstractQueuedSynchronizer$ConditionObject.await(AbstractQueuedSynchronizer.java:2039)&#10;        at java.util.concurrent.ScheduledThreadPoolExecutor$DelayedWorkQueue.take(ScheduledThreadPoolExecutor.java:1088)&#10;        at java.util.concurrent.ScheduledThreadPoolExecutor$DelayedWorkQueue.take(ScheduledThreadPoolExecutor.java:809)&#10;        at java.util.concurrent.ThreadPoolExecutor.getTask(ThreadPoolExecutor.java:1074)&#10;        at java.util.concurrent.ThreadPoolExecutor.runWorker(ThreadPoolExecutor.java:1134)&#10;        at java.util.concurrent.ThreadPoolExecutor$Worker.run(ThreadPoolExecutor.java:624)&#10;        at java.lang.Thread.run(Thread.java:748)&#10;&quot;grpc-shared-destroyer-0&quot; daemon prio=5 tid=3501 in Object.wait()&#10;java.lang.Thread.State: WAITING (on object monitor)&#10;        at sun.misc.Unsafe.park(Native Method)&#10;        at java.util.concurrent.locks.LockSupport.park(LockSupport.java:175)&#10;        at java.util.concurrent.locks.AbstractQueuedSynchronizer$ConditionObject.await(AbstractQueuedSynchronizer.java:2039)&#10;        at java.util.concurrent.ScheduledThreadPoolExecutor$DelayedWorkQueue.take(ScheduledThreadPoolExecutor.java:1081)&#10;        at java.util.concurrent.ScheduledThreadPoolExecutor$DelayedWorkQueue.take(ScheduledThreadPoolExecutor.java:809)&#10;        at java.util.concurrent.ThreadPoolExecutor.getTask(ThreadPoolExecutor.java:1074)&#10;        at java.util.concurrent.ThreadPoolExecutor.runWorker(ThreadPoolExecutor.java:1134)&#10;        at java.util.concurrent.ThreadPoolExecutor$Worker.run(ThreadPoolExecutor.java:624)&#10;        at java.lang.Thread.run(Thread.java:748)&#10;&quot;SCM Heartbeat Processing Thread - 0&quot; daemon prio=5 tid=4439 timed_waiting&#10;java.lang.Thread.State: TIMED_WAITING&#10;        at sun.misc.Unsafe.park(Native Method)&#10;        at java.util.concurrent.locks.LockSupport.parkNanos(LockSupport.java:215)&#10;        at java.util.concurrent.locks.AbstractQueuedSynchronizer$ConditionObject.awaitNanos(AbstractQueuedSynchronizer.java:2078)&#10;        at java.util.concurrent.ScheduledThreadPoolExecutor$DelayedWorkQueue.take(ScheduledThreadPoolExecutor.java:1093)&#10;        at java.util.concurrent.ScheduledThreadPoolExecutor$DelayedWorkQueue.take(ScheduledThreadPoolExecutor.java:809)&#10;        at java.util.concurrent.ThreadPoolExecutor.getTask(ThreadPoolExecutor.java:1074)&#10;        at java.util.concurrent.ThreadPoolExecutor.runWorker(ThreadPoolExecutor.java:1134)&#10;        at java.util.concurrent.ThreadPoolExecutor$Worker.run(ThreadPoolExecutor.java:624)&#10;        at java.lang.Thread.run(Thread.java:748)&#10;&quot;om1@group-C5BA1605619E-SegmentedRaftLogWorker&quot;  prio=5 tid=4539 timed_waiting&#10;java.lang.Thread.State: TIMED_WAITING&#10;        at sun.misc.Unsafe.park(Native Method)&#10;        at java.util.concurrent.locks.LockSupport.parkNanos(LockSupport.java:215)&#10;        at java.util.concurrent.locks.AbstractQueuedSynchronizer$ConditionObject.awaitNanos(AbstractQueuedSynchronizer.java:2078)&#10;        at org.apache.ratis.util.DataBlockingQueue.poll(DataBlockingQueue.java:137)&#10;        at org.apache.ratis.server.raftlog.segmented.SegmentedRaftLogWorker.run(SegmentedRaftLogWorker.java:292)&#10;        at org.apache.ratis.server.raftlog.segmented.SegmentedRaftLogWorker$$Lambda$467/1230090799.run(Unknown Source)&#10;        at java.lang.Thread.run(Thread.java:748)&#10;&quot;pool-465-thread-3&quot;  prio=5 tid=4795 in Object.wait()&#10;java.lang.Thread.State: WAITING (on object monitor)&#10;        at sun.misc.Unsafe.park(Native Method)&#10;        at java.util.concurrent.locks.LockSupport.park(LockSupport.java:175)&#10;        at java.util.concurrent.locks.AbstractQueuedSynchronizer$ConditionObject.await(AbstractQueuedSynchronizer.java:2039)&#10;        at java.util.concurrent.LinkedBlockingQueue.take(LinkedBlockingQueue.java:442)&#10;        at java.util.concurrent.ThreadPoolExecutor.getTask(ThreadPoolExecutor.java:1074)&#10;        at java.util.concurrent.ThreadPoolExecutor.runWorker(ThreadPoolExecutor.java:1134)&#10;        at java.util.concurrent.ThreadPoolExecutor$Worker.run(ThreadPoolExecutor.java:624)&#10;        at java.lang.Thread.run(Thread.java:748)&#10;&quot;IPC Server Responder&quot; daemon prio=5 tid=4538 runnable&#10;java.lang.Thread.State: RUNNABLE&#10;        at sun.nio.ch.EPollArrayWrapper.epollWait(Native Method)&#10;        at sun.nio.ch.EPollArrayWrapper.poll(EPollArrayWrapper.java:269)&#10;        at sun.nio.ch.EPollSelectorImpl.doSelect(EPollSelectorImpl.java:93)&#10;        at sun.nio.ch.SelectorImpl.lockAndDoSelect(SelectorImpl.java:86)&#10;        at sun.nio.ch.SelectorImpl.select(SelectorImpl.java:97)&#10;        at org.apache.hadoop.ipc.Server$Responder.doRunLoop(Server.java:1527)&#10;        at org.apache.hadoop.ipc.Server$Responder.run(Server.java:1510)&#10;&quot;IPC Server handler 6 on default port 41071&quot; daemon prio=5 tid=4484 timed_waiting&#10;java.lang.Thread.State: TIMED_WAITING&#10;        at sun.misc.Unsafe.park(Native Method)&#10;        at java.util.concurrent.locks.LockSupport.parkNanos(LockSupport.java:215)&#10;        at java.util.concurrent.locks.AbstractQueuedSynchronizer$ConditionObject.awaitNanos(AbstractQueuedSynchronizer.java:2078)&#10;        at java.util.concurrent.LinkedBlockingQueue.poll(LinkedBlockingQueue.java:467)&#10;        at org.apache.hadoop.ipc.CallQueueManager.take(CallQueueManager.java:317)&#10;        at org.apache.hadoop.ipc.Server$Handler.run(Server.java:2932)&#10;&quot;BlockDeletingService#7&quot; daemon prio=5 tid=4679 in Object.wait()&#10;java.lang.Thread.State: WAITING (on object monitor)&#10;        at sun.misc.Unsafe.park(Native Method)&#10;        at java.util.concurrent.locks.LockSupport.park(LockSupport.java:175)&#10;        at java.util.concurrent.locks.AbstractQueuedSynchronizer$ConditionObject.await(AbstractQueuedSynchronizer.java:2039)&#10;        at java.util.concurrent.ScheduledThreadPoolExecutor$DelayedWorkQueue.take(ScheduledThreadPoolExecutor.java:1088)&#10;        at java.util.concurrent.ScheduledThreadPoolExecutor$DelayedWorkQueue.take(ScheduledThreadPoolExecutor.java:809)&#10;        at java.util.concurrent.ThreadPoolExecutor.getTask(ThreadPoolExecutor.java:1074)&#10;        at java.util.concurrent.ThreadPoolExecutor.runWorker(ThreadPoolExecutor.java:1134)&#10;        at java.util.concurrent.ThreadPoolExecutor$Worker.run(ThreadPoolExecutor.java:624)&#10;        at java.lang.Thread.run(Thread.java:748)&#10;&quot;Listener at 127.0.0.1/41905&quot;  prio=5 tid=1 runnable&#10;java.lang.Thread.State: RUNNABLE&#10;        at java.lang.Thread.dumpThreads(Native Method)&#10;        at java.lang.Thread.getAllStackTraces(Thread.java:1610)&#10;        at org.apache.ozone.test.TimedOutTestsListener.buildThreadDump(TimedOutTestsListener.java:93)&#10;        at org.apache.ozone.test.TimedOutTestsListener.buildThreadDiagnosticString(TimedOutTestsListener.java:79)&#10;        at org.apache.ozone.test.GenericTestUtils.waitFor(GenericTestUtils.java:225)&#10;        at org.apache.hadoop.ozone.container.common.statemachine.commandhandler.TestBlockDeletion.testBlockDeletion(TestBlockDeletion.java:246)&#10;        at sun.reflect.NativeMethodAccessorImpl.invoke0(Native Method)&#10;        at sun.reflect.NativeMethodAccessorImpl.invoke(NativeMethodAccessorImpl.java:62)&#10;        at sun.reflect.DelegatingMethodAccessorImpl.invoke(DelegatingMethodAccessorImpl.java:43)&#10;        at java.lang.reflect.Method.invoke(Method.java:498)&#10;        at org.junit.runners.model.FrameworkMethod$1.runReflectiveCall(FrameworkMethod.java:59)&#10;        at org.junit.internal.runners.model.ReflectiveCallable.run(ReflectiveCallable.java:12)&#10;        at org.junit.runners.model.FrameworkMethod.invokeExplosively(FrameworkMethod.java:56)&#10;        at org.junit.internal.runners.statements.InvokeMethod.evaluate(InvokeMethod.java:17)&#10;        at org.junit.internal.runners.statements.RunBefores.evaluate(RunBefores.java:26)&#10;        at org.junit.internal.runners.statements.RunAfters.evaluate(RunAfters.java:27)&#10;        at org.junit.runners.ParentRunner$3.evaluate(ParentRunner.java:306)&#10;        at org.junit.runners.BlockJUnit4ClassRunner$1.evaluate(BlockJUnit4ClassRunner.java:100)&#10;        at org.junit.runners.ParentRunner.runLeaf(ParentRunner.java:366)&#10;        at org.junit.runners.BlockJUnit4ClassRunner.runChild(BlockJUnit4ClassRunner.java:103)&#10;        at org.junit.runners.BlockJUnit4ClassRunner.runChild(BlockJUnit4ClassRunner.java:63)&#10;        at org.junit.runners.ParentRunner$4.run(ParentRunner.java:331)&#10;        at org.junit.runners.ParentRunner$1.schedule(ParentRunner.java:79)&#10;        at org.junit.runners.ParentRunner.runChildren(ParentRunner.java:329)&#10;        at org.junit.runners.ParentRunner.access$100(ParentRunner.java:66)&#10;        at org.junit.runners.ParentRunner$2.evaluate(ParentRunner.java:293)&#10;        at org.junit.runners.ParentRunner$3.evaluate(ParentRunner.java:306)&#10;        at org.junit.runners.ParentRunner.run(ParentRunner.java:413)&#10;        at org.junit.runner.JUnitCore.run(JUnitCore.java:137)&#10;        at org.junit.runner.JUnitCore.run(JUnitCore.java:115)&#10;        at org.junit.vintage.engine.execution.RunnerExecutor.execute(RunnerExecutor.java:43)&#10;        at org.junit.vintage.engine.VintageTestEngine$$Lambda$193/1262110193.accept(Unknown Source)&#10;        at java.util.stream.ForEachOps$ForEachOp$OfRef.accept(ForEachOps.java:183)&#10;        at java.util.stream.ReferencePipeline$3$1.accept(ReferencePipeline.java:193)&#10;        at java.util.Iterator.forEachRemaining(Iterator.java:116)&#10;        at java.util.Spliterators$IteratorSpliterator.forEachRemaining(Spliterators.java:1801)&#10;        at java.util.stream.AbstractPipeline.copyInto(AbstractPipeline.java:482)&#10;        at java.util.stream.AbstractPipeline.wrapAndCopyInto(AbstractPipeline.java:472)&#10;        at java.util.stream.ForEachOps$ForEachOp.evaluateSequential(ForEachOps.java:150)&#10;        at java.util.stream.ForEachOps$ForEachOp$OfRef.evaluateSequential(ForEachOps.java:173)&#10;        at java.util.stream.AbstractPipeline.evaluate(AbstractPipeline.java:234)&#10;        at java.util.stream.ReferencePipeline.forEach(ReferencePipeline.java:485)&#10;        at org.junit.vintage.engine.VintageTestEngine.executeAllChildren(VintageTestEngine.java:82)&#10;        at org.junit.vintage.engine.VintageTestEngine.execute(VintageTestEngine.java:73)&#10;        at org.junit.platform.launcher.core.EngineExecutionOrchestrator.execute(EngineExecutionOrchestrator.java:108)&#10;        at org.junit.platform.launcher.core.EngineExecutionOrchestrator.execute(EngineExecutionOrchestrator.java:88)&#10;        at org.junit.platform.launcher.core.EngineExecutionOrchestrator.lambda$execute$0(EngineExecutionOrchestrator.java:54)&#10;        at org.junit.platform.launcher.core.EngineExecutionOrchestrator$$Lambda$141/2018260103.accept(Unknown Source)&#10;        at org.junit.platform.launcher.core.EngineExecutionOrchestrator.withInterceptedStreams(EngineExecutionOrchestrator.java:67)&#10;        at org.junit.platform.launcher.core.EngineExecutionOrchestrator.execute(EngineExecutionOrchestrator.java:52)&#10;        at org.junit.platform.launcher.core.DefaultLauncher.execute(DefaultLauncher.java:96)&#10;        at org.junit.platform.launcher.core.DefaultLauncher.execute(DefaultLauncher.java:75)&#10;        at org.apache.maven.surefire.junitplatform.JUnitPlatformProvider.invokeAllTests(JUnitPlatformProvider.java:142)&#10;        at org.apache.maven.surefire.junitplatform.JUnitPlatformProvider.invoke(JUnitPlatformProvider.java:113)&#10;        at org.apache.maven.surefire.booter.ForkedBooter.invokeProviderInSameClassLoader(ForkedBooter.java:384)&#10;        at org.apache.maven.surefire.booter.ForkedBooter.runSuitesInProcess(ForkedBooter.java:345)&#10;        at org.apache.maven.surefire.booter.ForkedBooter.execute(ForkedBooter.java:126)&#10;        at org.apache.maven.surefire.booter.ForkedBooter.main(ForkedBooter.java:418)&#10;&quot;qtp1930352477-4641&quot; daemon prio=5 tid=4641 timed_waiting&#10;java.lang.Thread.State: TIMED_WAITING&#10;        at sun.misc.Unsafe.park(Native Method)&#10;        at java.util.concurrent.locks.LockSupport.parkNanos(LockSupport.java:215)&#10;        at java.util.concurrent.locks.AbstractQueuedSynchronizer$ConditionObject.awaitNanos(AbstractQueuedSynchronizer.java:2078)&#10;        at org.eclipse.jetty.util.BlockingArrayQueue.poll(BlockingArrayQueue.java:382)&#10;        at org.eclipse.jetty.util.thread.QueuedThreadPool$Runner.idleJobPoll(QueuedThreadPool.java:974)&#10;        at org.eclipse.jetty.util.thread.QueuedThreadPool$Runner.run(QueuedThreadPool.java:1018)&#10;        at java.lang.Thread.run(Thread.java:748)&#10;&quot;IPC Server handler 11 on default port 41905&quot; daemon prio=5 tid=4567 timed_waiting&#10;java.lang.Thread.State: TIMED_WAITING&#10;        at sun.misc.Unsafe.park(Native Method)&#10;        at java.util.concurrent.locks.LockSupport.parkNanos(LockSupport.java:215)&#10;        at java.util.concurrent.locks.AbstractQueuedSynchronizer$ConditionObject.awaitNanos(AbstractQueuedSynchronizer.java:2078)&#10;        at java.util.concurrent.LinkedBlockingQueue.poll(LinkedBlockingQueue.java:467)&#10;        at org.apache.hadoop.ipc.CallQueueManager.take(CallQueueManager.java:317)&#10;        at org.apache.hadoop.ipc.Server$Handler.run(Server.java:2932)&#10;&quot;IPC Server handler 6 on default port 38093&quot; daemon prio=5 tid=4504 timed_waiting&#10;java.lang.Thread.State: TIMED_WAITING&#10;        at sun.misc.Unsafe.park(Native Method)&#10;        at java.util.concurrent.locks.LockSupport.parkNanos(LockSupport.java:215)&#10;        at java.util.concurrent.locks.AbstractQueuedSynchronizer$ConditionObject.awaitNanos(AbstractQueuedSynchronizer.java:2078)&#10;        at java.util.concurrent.LinkedBlockingQueue.poll(LinkedBlockingQueue.java:467)&#10;        at org.apache.hadoop.ipc.CallQueueManager.take(CallQueueManager.java:317)&#10;        at org.apache.hadoop.ipc.Server$Handler.run(Server.java:2932)&#10;&quot;BlockDeletingService#2&quot; daemon prio=5 tid=4695 in Object.wait()&#10;java.lang.Thread.State: WAITING (on object monitor)&#10;        at sun.misc.Unsafe.park(Native Method)&#10;        at java.util.concurrent.locks.LockSupport.park(LockSupport.java:175)&#10;        at java.util.concurrent.locks.AbstractQueuedSynchronizer$ConditionObject.await(AbstractQueuedSynchronizer.java:2039)&#10;        at java.util.concurrent.ScheduledThreadPoolExecutor$DelayedWorkQueue.take(ScheduledThreadPoolExecutor.java:1088)&#10;        at java.util.concurrent.ScheduledThreadPoolExecutor$DelayedWorkQueue.take(ScheduledThreadPoolExecutor.java:809)&#10;        at java.util.concurrent.ThreadPoolExecutor.getTask(ThreadPoolExecutor.java:1074)&#10;        at java.util.concurrent.ThreadPoolExecutor.runWorker(ThreadPoolExecutor.java:1134)&#10;        at java.util.concurrent.ThreadPoolExecutor$Worker.run(ThreadPoolExecutor.java:624)&#10;        at java.lang.Thread.run(Thread.java:748)&#10;&quot;qtp797601589-4587&quot; daemon prio=5 tid=4587 timed_waiting&#10;java.lang.Thread.State: TIMED_WAITING&#10;        at sun.misc.Unsafe.park(Native Method)&#10;        at java.util.concurrent.locks.LockSupport.parkNanos(LockSupport.java:215)&#10;        at java.util.concurrent.locks.AbstractQueuedSynchronizer$ConditionObject.awaitNanos(AbstractQueuedSynchronizer.java:2078)&#10;        at org.eclipse.jetty.util.BlockingArrayQueue.poll(BlockingArrayQueue.java:382)&#10;        at org.eclipse.jetty.util.thread.QueuedThreadPool$Runner.idleJobPoll(QueuedThreadPool.java:974)&#10;        at org.eclipse.jetty.util.thread.QueuedThreadPool$Runner.run(QueuedThreadPool.java:1018)&#10;        at java.lang.Thread.run(Thread.java:748)&#10;&quot;org.apache.hadoop.ozone.container.common.statemachine.commandhandler.DeleteBlocksCommandHandler$DeleteCmdWorker@73db5ecc&quot; daemon prio=5 tid=3671 runnable&#10;java.lang.Thread.State: RUNNABLE&#10;        at java.lang.Thread.sleep(Native Method)&#10;        at org.apache.hadoop.ozone.container.common.statemachine.commandhandler.DeleteBlocksCommandHandler$DeleteCmdWorker.run(DeleteBlocksCommandHandler.java:174)&#10;        at java.lang.Thread.run(Thread.java:748)&#10;&quot;OM StateMachine ApplyTransaction Thread - 0&quot; daemon prio=5 tid=4755 in Object.wait()&#10;java.lang.Thread.State: WAITING (on object monitor)&#10;        at sun.misc.Unsafe.park(Native Method)&#10;        at java.util.concurrent.locks.LockSupport.park(LockSupport.java:175)&#10;        at java.util.concurrent.locks.AbstractQueuedSynchronizer$ConditionObject.await(AbstractQueuedSynchronizer.java:2039)&#10;        at java.util.concurrent.LinkedBlockingQueue.take(LinkedBlockingQueue.java:442)&#10;        at java.util.concurrent.ThreadPoolExecutor.getTask(ThreadPoolExecutor.java:1074)&#10;        at java.util.concurrent.ThreadPoolExecutor.runWorker(ThreadPoolExecutor.java:1134)&#10;        at java.util.concurrent.ThreadPoolExecutor$Worker.run(ThreadPoolExecutor.java:624)&#10;        at java.lang.Thread.run(Thread.java:748)&#10;&quot;c2c40a72-a699-49b1-b721-1997d9d2c71f@group-E30A832DBA26-LeaderStateImpl&quot; daemon prio=5 tid=4741 timed_waiting&#10;java.lang.Thread.State: TIMED_WAITING&#10;        at sun.misc.Unsafe.park(Native Method)&#10;        at java.util.concurrent.locks.LockSupport.parkNanos(LockSupport.java:215)&#10;        at java.util.concurrent.locks.AbstractQueuedSynchronizer$ConditionObject.awaitNanos(AbstractQueuedSynchronizer.java:2078)&#10;        at java.util.concurrent.ArrayBlockingQueue.poll(ArrayBlockingQueue.java:418)&#10;        at org.apache.ratis.server.impl.LeaderStateImpl$EventQueue.poll(LeaderStateImpl.java:155)&#10;        at org.apache.ratis.server.impl.LeaderStateImpl$EventProcessor.run(LeaderStateImpl.java:587)&#10;&quot;BlockDeletingService#2&quot; daemon prio=5 tid=4664 in Object.wait()&#10;java.lang.Thread.State: WAITING (on object monitor)&#10;        at sun.misc.Unsafe.park(Native Method)&#10;        at java.util.concurrent.locks.LockSupport.park(LockSupport.java:175)&#10;        at java.util.concurrent.locks.AbstractQueuedSynchronizer$ConditionObject.await(AbstractQueuedSynchronizer.java:2039)&#10;        at java.util.concurrent.ScheduledThreadPoolExecutor$DelayedWorkQueue.take(ScheduledThreadPoolExecutor.java:1088)&#10;        at java.util.concurrent.ScheduledThreadPoolExecutor$DelayedWorkQueue.take(ScheduledThreadPoolExecutor.java:809)&#10;        at java.util.concurrent.ThreadPoolExecutor.getTask(ThreadPoolExecutor.java:1074)&#10;        at java.util.concurrent.ThreadPoolExecutor.runWorker(ThreadPoolExecutor.java:1134)&#10;        at java.util.concurrent.ThreadPoolExecutor$Worker.run(ThreadPoolExecutor.java:624)&#10;        at java.lang.Thread.run(Thread.java:748)&#10;&quot;EndpointStateMachine task thread for /0.0.0.0:38093 - 0 &quot;  prio=5 tid=4655 in Object.wait()&#10;java.lang.Thread.State: WAITING (on object monitor)&#10;        at sun.misc.Unsafe.park(Native Method)&#10;        at java.util.concurrent.locks.LockSupport.park(LockSupport.java:175)&#10;        at java.util.concurrent.locks.AbstractQueuedSynchronizer$ConditionObject.await(AbstractQueuedSynchronizer.java:2039)&#10;        at java.util.concurrent.LinkedBlockingQueue.take(LinkedBlockingQueue.java:442)&#10;        at java.util.concurrent.ThreadPoolExecutor.getTask(ThreadPoolExecutor.java:1074)&#10;        at java.util.concurrent.ThreadPoolExecutor.runWorker(ThreadPoolExecutor.java:1134)&#10;        at java.util.concurrent.ThreadPoolExecutor$Worker.run(ThreadPoolExecutor.java:624)&#10;        at java.lang.Thread.run(Thread.java:748)&#10;&quot;PartialTableCache Cleanup Thread - 0&quot; daemon prio=5 tid=4760 in Object.wait()&#10;java.lang.Thread.State: WAITING (on object monitor)&#10;        at sun.misc.Unsafe.park(Native Method)&#10;        at java.util.concurrent.locks.LockSupport.park(LockSupport.java:175)&#10;        at java.util.concurrent.locks.AbstractQueuedSynchronizer$ConditionObject.await(AbstractQueuedSynchronizer.java:2039)&#10;        at java.util.concurrent.LinkedBlockingQueue.take(LinkedBlockingQueue.java:442)&#10;        at java.util.concurrent.ThreadPoolExecutor.getTask(ThreadPoolExecutor.java:1074)&#10;        at java.util.concurrent.ThreadPoolExecutor.runWorker(ThreadPoolExecutor.java:1134)&#10;        at java.util.concurrent.ThreadPoolExecutor$Worker.run(ThreadPoolExecutor.java:624)&#10;        at java.lang.Thread.run(Thread.java:748)&#10;&quot;Datanode ReportManager Thread - 3&quot; daemon prio=5 tid=4624 timed_waiting&#10;java.lang.Thread.State: TIMED_WAITING&#10;        at sun.misc.Unsafe.park(Native Method)&#10;        at java.util.concurrent.locks.LockSupport.parkNanos(LockSupport.java:215)&#10;        at java.util.concurrent.locks.AbstractQueuedSynchronizer$ConditionObject.awaitNanos(AbstractQueuedSynchronizer.java:2078)&#10;        at java.util.concurrent.ScheduledThreadPoolExecutor$DelayedWorkQueue.take(ScheduledThreadPoolExecutor.java:1093)&#10;        at java.util.concurrent.ScheduledThreadPoolExecutor$DelayedWorkQueue.take(ScheduledThreadPoolExecutor.java:809)&#10;        at java.util.concurrent.ThreadPoolExecutor.getTask(ThreadPoolExecutor.java:1074)&#10;        at java.util.concurrent.ThreadPoolExecutor.runWorker(ThreadPoolExecutor.java:1134)&#10;        at java.util.concurrent.ThreadPoolExecutor$Worker.run(ThreadPoolExecutor.java:624)&#10;        at java.lang.Thread.run(Thread.java:748)&#10;&quot;EventQueue-NewNodeForNewNodeHandler&quot; daemon prio=5 tid=4706 in Object.wait()&#10;java.lang.Thread.State: WAITING (on object monitor)&#10;        at sun.misc.Unsafe.park(Native Method)&#10;        at java.util.concurrent.locks.LockSupport.park(LockSupport.java:175)&#10;        at java.util.concurrent.locks.AbstractQueuedSynchronizer$ConditionObject.await(AbstractQueuedSynchronizer.java:2039)&#10;        at java.util.concurrent.LinkedBlockingQueue.take(LinkedBlockingQueue.java:442)&#10;        at java.util.concurrent.ThreadPoolExecutor.getTask(ThreadPoolExecutor.java:1074)&#10;        at java.util.concurrent.ThreadPoolExecutor.runWorker(ThreadPoolExecutor.java:1134)&#10;        at java.util.concurrent.ThreadPoolExecutor$Worker.run(ThreadPoolExecutor.java:624)&#10;        at java.lang.Thread.run(Thread.java:748)&#10;&quot;qtp1930352477-4639&quot; daemon prio=5 tid=4639 timed_waiting&#10;java.lang.Thread.State: TIMED_WAITING&#10;        at sun.misc.Unsafe.park(Native Method)&#10;        at java.util.concurrent.locks.LockSupport.parkNanos(LockSupport.java:215)&#10;        at java.util.concurrent.locks.AbstractQueuedSynchronizer$ConditionObject.awaitNanos(AbstractQueuedSynchronizer.java:2078)&#10;        at org.eclipse.jetty.util.BlockingArrayQueue.poll(BlockingArrayQueue.java:382)&#10;        at org.eclipse.jetty.util.thread.QueuedThreadPool$Runner.idleJobPoll(QueuedThreadPool.java:974)&#10;        at org.eclipse.jetty.util.thread.QueuedThreadPool$Runner.run(QueuedThreadPool.java:1018)&#10;        at java.lang.Thread.run(Thread.java:748)&#10;&quot;IPC Server handler 7 on default port 38093&quot; daemon prio=5 tid=4505 timed_waiting&#10;java.lang.Thread.State: TIMED_WAITING&#10;        at sun.misc.Unsafe.park(Native Method)&#10;        at java.util.concurrent.locks.LockSupport.parkNanos(LockSupport.java:215)&#10;        at java.util.concurrent.locks.AbstractQueuedSynchronizer$ConditionObject.awaitNanos(AbstractQueuedSynchronizer.java:2078)&#10;        at java.util.concurrent.LinkedBlockingQueue.poll(LinkedBlockingQueue.java:467)&#10;        at org.apache.hadoop.ipc.CallQueueManager.take(CallQueueManager.java:317)&#10;        at org.apache.hadoop.ipc.Server$Handler.run(Server.java:2932)&#10;&quot;EventQueue-CloseContainerForCloseContainerEventHandler&quot;  prio=5 tid=7234 in Object.wait()&#10;java.lang.Thread.State: WAITING (on object monitor)&#10;        at sun.misc.Unsafe.park(Native Method)&#10;        at java.util.concurrent.locks.LockSupport.park(LockSupport.java:175)&#10;        at java.util.concurrent.locks.AbstractQueuedSynchronizer$ConditionObject.await(AbstractQueuedSynchronizer.java:2039)&#10;        at java.util.concurrent.LinkedBlockingQueue.take(LinkedBlockingQueue.java:442)&#10;        at java.util.concurrent.ThreadPoolExecutor.getTask(ThreadPoolExecutor.java:1074)&#10;        at java.util.concurrent.ThreadPoolExecutor.runWorker(ThreadPoolExecutor.java:1134)&#10;        at java.util.concurrent.ThreadPoolExecutor$Worker.run(ThreadPoolExecutor.java:624)&#10;        at java.lang.Thread.run(Thread.java:748)&#10;&quot;IPC Server listener on 0&quot; daemon prio=5 tid=4451 runnable&#10;java.lang.Thread.State: RUNNABLE&#10;        at sun.nio.ch.EPollArrayWrapper.epollWait(Native Method)&#10;        at sun.nio.ch.EPollArrayWrapper.poll(EPollArrayWrapper.java:269)&#10;        at sun.nio.ch.EPollSelectorImpl.doSelect(EPollSelectorImpl.java:93)&#10;        at sun.nio.ch.SelectorImpl.lockAndDoSelect(SelectorImpl.java:86)&#10;        at sun.nio.ch.SelectorImpl.select(SelectorImpl.java:97)&#10;        at sun.nio.ch.SelectorImpl.select(SelectorImpl.java:101)&#10;        at org.apache.hadoop.ipc.Server$Listener.run(Server.java:1350)&#10;&quot;IPC Server handler 13 on default port 41071&quot; daemon prio=5 tid=4491 timed_waiting&#10;java.lang.Thread.State: TIMED_WAITING&#10;        at sun.misc.Unsafe.park(Native Method)&#10;        at java.util.concurrent.locks.LockSupport.parkNanos(LockSupport.java:215)&#10;        at java.util.concurrent.locks.AbstractQueuedSynchronizer$ConditionObject.awaitNanos(AbstractQueuedSynchronizer.java:2078)&#10;        at java.util.concurrent.LinkedBlockingQueue.poll(LinkedBlockingQueue.java:467)&#10;        at org.apache.hadoop.ipc.CallQueueManager.take(CallQueueManager.java:317)&#10;        at org.apache.hadoop.ipc.Server$Handler.run(Server.java:2932)&#10;&quot;FullTableCache Cleanup Thread - 0&quot; daemon prio=5 tid=3841 in Object.wait()&#10;java.lang.Thread.State: WAITING (on object monitor)&#10;        at sun.misc.Unsafe.park(Native Method)&#10;        at java.util.concurrent.locks.LockSupport.park(LockSupport.java:175)&#10;        at java.util.concurrent.locks.AbstractQueuedSynchronizer$ConditionObject.await(AbstractQueuedSynchronizer.java:2039)&#10;        at java.util.concurrent.LinkedBlockingQueue.take(LinkedBlockingQueue.java:442)&#10;        at java.util.concurrent.ThreadPoolExecutor.getTask(ThreadPoolExecutor.java:1074)&#10;        at java.util.concurrent.ThreadPoolExecutor.runWorker(ThreadPoolExecutor.java:1134)&#10;        at java.util.concurrent.ThreadPoolExecutor$Worker.run(ThreadPoolExecutor.java:624)&#10;        at java.lang.Thread.run(Thread.java:748)&#10;&quot;IPC Server handler 13 on default port 41905&quot; daemon prio=5 tid=4569 timed_waiting&#10;java.lang.Thread.State: TIMED_WAITING&#10;        at sun.misc.Unsafe.park(Native Method)&#10;        at java.util.concurrent.locks.LockSupport.parkNanos(LockSupport.java:215)&#10;        at java.util.concurrent.locks.AbstractQueuedSynchronizer$ConditionObject.awaitNanos(AbstractQueuedSynchronizer.java:2078)&#10;        at java.util.concurrent.LinkedBlockingQueue.poll(LinkedBlockingQueue.java:467)&#10;        at org.apache.hadoop.ipc.CallQueueManager.take(CallQueueManager.java:317)&#10;        at org.apache.hadoop.ipc.Server$Handler.run(Server.java:2932)&#10;&quot;IPC Server handler 11 on default port 41071&quot; daemon prio=5 tid=4489 timed_waiting&#10;java.lang.Thread.State: TIMED_WAITING&#10;        at sun.misc.Unsafe.park(Native Method)&#10;        at java.util.concurrent.locks.LockSupport.parkNanos(LockSupport.java:215)&#10;        at java.util.concurrent.locks.AbstractQueuedSynchronizer$ConditionObject.awaitNanos(AbstractQueuedSynchronizer.java:2078)&#10;        at java.util.concurrent.LinkedBlockingQueue.poll(LinkedBlockingQueue.java:467)&#10;        at org.apache.hadoop.ipc.CallQueueManager.take(CallQueueManager.java:317)&#10;        at org.apache.hadoop.ipc.Server$Handler.run(Server.java:2932)&#10;&quot;pool-419-thread-1&quot;  prio=5 tid=4722 in Object.wait()&#10;java.lang.Thread.State: WAITING (on object monitor)&#10;        at sun.misc.Unsafe.park(Native Method)&#10;        at java.util.concurrent.locks.LockSupport.park(LockSupport.java:175)&#10;        at java.util.concurrent.locks.AbstractQueuedSynchronizer$ConditionObject.await(AbstractQueuedSynchronizer.java:2039)&#10;        at java.util.concurrent.LinkedBlockingQueue.take(LinkedBlockingQueue.java:442)&#10;        at java.util.concurrent.ThreadPoolExecutor.getTask(ThreadPoolExecutor.java:1074)&#10;        at java.util.concurrent.ThreadPoolExecutor.runWorker(ThreadPoolExecutor.java:1134)&#10;        at java.util.concurrent.ThreadPoolExecutor$Worker.run(ThreadPoolExecutor.java:624)&#10;        at java.lang.Thread.run(Thread.java:748)&#10;&quot;IPC Server handler 16 on default port 46035&quot; daemon prio=5 tid=4474 timed_waiting&#10;java.lang.Thread.State: TIMED_WAITING&#10;        at sun.misc.Unsafe.park(Native Method)&#10;        at java.util.concurrent.locks.LockSupport.parkNanos(LockSupport.java:215)&#10;        at java.util.concurrent.locks.AbstractQueuedSynchronizer$ConditionObject.awaitNanos(AbstractQueuedSynchronizer.java:2078)&#10;        at java.util.concurrent.LinkedBlockingQueue.poll(LinkedBlockingQueue.java:467)&#10;        at org.apache.hadoop.ipc.CallQueueManager.take(CallQueueManager.java:317)&#10;        at org.apache.hadoop.ipc.Server$Handler.run(Server.java:2932)&#10;&quot;ChunkWriter-2-0&quot; daemon prio=5 tid=4672 in Object.wait()&#10;java.lang.Thread.State: WAITING (on object monitor)&#10;        at sun.misc.Unsafe.park(Native Method)&#10;        at java.util.concurrent.locks.LockSupport.park(LockSupport.java:175)&#10;        at java.util.concurrent.locks.AbstractQueuedSynchronizer$ConditionObject.await(AbstractQueuedSynchronizer.java:2039)&#10;        at java.util.concurrent.LinkedBlockingDeque.takeFirst(LinkedBlockingDeque.java:492)&#10;        at java.util.concurrent.LinkedBlockingDeque.take(LinkedBlockingDeque.java:680)&#10;        at java.util.concurrent.ThreadPoolExecutor.getTask(ThreadPoolExecutor.java:1074)&#10;        at java.util.concurrent.ThreadPoolExecutor.runWorker(ThreadPoolExecutor.java:1134)&#10;        at java.util.concurrent.ThreadPoolExecutor$Worker.run(ThreadPoolExecutor.java:624)&#10;        at java.lang.Thread.run(Thread.java:748)&#10;&quot;Datanode ReportManager Thread - 0&quot; daemon prio=5 tid=4621 in Object.wait()&#10;java.lang.Thread.State: WAITING (on object monitor)&#10;        at sun.misc.Unsafe.park(Native Method)&#10;        at java.util.concurrent.locks.LockSupport.park(LockSupport.java:175)&#10;        at java.util.concurrent.locks.AbstractQueuedSynchronizer$ConditionObject.await(AbstractQueuedSynchronizer.java:2039)&#10;        at java.util.concurrent.ScheduledThreadPoolExecutor$DelayedWorkQueue.take(ScheduledThreadPoolExecutor.java:1088)&#10;        at java.util.concurrent.ScheduledThreadPoolExecutor$DelayedWorkQueue.take(ScheduledThreadPoolExecutor.java:809)&#10;        at java.util.concurrent.ThreadPoolExecutor.getTask(ThreadPoolExecutor.java:1074)&#10;        at java.util.concurrent.ThreadPoolExecutor.runWorker(ThreadPoolExecutor.java:1134)&#10;        at java.util.concurrent.ThreadPoolExecutor$Worker.run(ThreadPoolExecutor.java:624)&#10;        at java.lang.Thread.run(Thread.java:748)&#10;&quot;f89ecde1-abfa-4530-92e2-4a065b7725ea@group-E30A832DBA26-FollowerState&quot; daemon prio=5 tid=4740 timed_waiting&#10;java.lang.Thread.State: TIMED_WAITING&#10;        at java.lang.Thread.sleep(Native Method)&#10;        at java.lang.Thread.sleep(Thread.java:340)&#10;        at java.util.concurrent.TimeUnit.sleep(TimeUnit.java:386)&#10;        at org.apache.ratis.util.TimeDuration.sleep(TimeDuration.java:324)&#10;        at org.apache.ratis.util.TimeDuration.sleep(TimeDuration.java:309)&#10;        at org.apache.ratis.server.impl.FollowerState.run(FollowerState.java:118)&#10;&quot;IPC Server listener on 0&quot; daemon prio=5 tid=4535 runnable&#10;java.lang.Thread.State: RUNNABLE&#10;        at sun.nio.ch.EPollArrayWrapper.epollWait(Native Method)&#10;        at sun.nio.ch.EPollArrayWrapper.poll(EPollArrayWrapper.java:269)&#10;        at sun.nio.ch.EPollSelectorImpl.doSelect(EPollSelectorImpl.java:93)&#10;        at sun.nio.ch.SelectorImpl.lockAndDoSelect(SelectorImpl.java:86)&#10;        at sun.nio.ch.SelectorImpl.select(SelectorImpl.java:97)&#10;        at sun.nio.ch.SelectorImpl.select(SelectorImpl.java:101)&#10;        at org.apache.hadoop.ipc.Server$Listener.run(Server.java:1350)&#10;&quot;Datanode ReportManager Thread - 3&quot; daemon prio=5 tid=4597 in Object.wait()&#10;java.lang.Thread.State: WAITING (on object monitor)&#10;        at sun.misc.Unsafe.park(Native Method)&#10;        at java.util.concurrent.locks.LockSupport.park(LockSupport.java:175)&#10;        at java.util.concurrent.locks.AbstractQueuedSynchronizer$ConditionObject.await(AbstractQueuedSynchronizer.java:2039)&#10;        at java.util.concurrent.ScheduledThreadPoolExecutor$DelayedWorkQueue.take(ScheduledThreadPoolExecutor.java:1088)&#10;        at java.util.concurrent.ScheduledThreadPoolExecutor$DelayedWorkQueue.take(ScheduledThreadPoolExecutor.java:809)&#10;        at java.util.concurrent.ThreadPoolExecutor.getTask(ThreadPoolExecutor.java:1074)&#10;        at java.util.concurrent.ThreadPoolExecutor.runWorker(ThreadPoolExecutor.java:1134)&#10;        at java.util.concurrent.ThreadPoolExecutor$Worker.run(ThreadPoolExecutor.java:624)&#10;        at java.lang.Thread.run(Thread.java:748)&#10;&quot;org.apache.hadoop.util.JvmPauseMonitor$Monitor@7df28d0e&quot; daemon prio=5 tid=4600 timed_waiting&#10;java.lang.Thread.State: TIMED_WAITING&#10;        at java.lang.Thread.sleep(Native Method)&#10;        at org.apache.hadoop.util.JvmPauseMonitor$Monitor.run(JvmPauseMonitor.java:192)&#10;        at java.lang.Thread.run(Thread.java:748)&#10;&quot;IPC Server handler 17 on default port 41071&quot; daemon prio=5 tid=4495 timed_waiting&#10;java.lang.Thread.State: TIMED_WAITING&#10;        at sun.misc.Unsafe.park(Native Method)&#10;        at java.util.concurrent.locks.LockSupport.parkNanos(LockSupport.java:215)&#10;        at java.util.concurrent.locks.AbstractQueuedSynchronizer$ConditionObject.awaitNanos(AbstractQueuedSynchronizer.java:2078)&#10;        at java.util.concurrent.LinkedBlockingQueue.poll(LinkedBlockingQueue.java:467)&#10;        at org.apache.hadoop.ipc.CallQueueManager.take(CallQueueManager.java:317)&#10;        at org.apache.hadoop.ipc.Server$Handler.run(Server.java:2932)&#10;&quot;0475d2c2-d46f-403e-95a5-8ff1a5c32338@group-E30A832DBA26-StateMachineUpdater&quot; daemon prio=5 tid=4728 in Object.wait()&#10;java.lang.Thread.State: WAITING (on object monitor)&#10;        at java.lang.Object.wait(Native Method)&#10;        at java.lang.Object.wait(Object.java:502)&#10;        at org.apache.ratis.server.impl.StateMachineUpdater.waitForCommit(StateMachineUpdater.java:204)&#10;        at org.apache.ratis.server.impl.StateMachineUpdater.run(StateMachineUpdater.java:173)&#10;        at java.lang.Thread.run(Thread.java:748)&#10;&quot;pool-450-thread-1&quot; daemon prio=5 tid=4632 timed_waiting&#10;java.lang.Thread.State: TIMED_WAITING&#10;        at sun.misc.Unsafe.park(Native Method)&#10;        at java.util.concurrent.locks.LockSupport.parkNanos(LockSupport.java:215)&#10;        at java.util.concurrent.locks.AbstractQueuedSynchronizer$ConditionObject.awaitNanos(AbstractQueuedSynchronizer.java:2078)&#10;        at java.util.concurrent.ScheduledThreadPoolExecutor$DelayedWorkQueue.take(ScheduledThreadPoolExecutor.java:1093)&#10;        at java.util.concurrent.ScheduledThreadPoolExecutor$DelayedWorkQueue.take(ScheduledThreadPoolExecutor.java:809)&#10;        at java.util.concurrent.ThreadPoolExecutor.getTask(ThreadPoolExecutor.java:1074)&#10;        at java.util.concurrent.ThreadPoolExecutor.runWorker(ThreadPoolExecutor.java:1134)&#10;        at java.util.concurrent.ThreadPoolExecutor$Worker.run(ThreadPoolExecutor.java:624)&#10;        at java.lang.Thread.run(Thread.java:748)&#10;&quot;KeyDeletingService#0&quot; daemon prio=5 tid=4545 timed_waiting&#10;java.lang.Thread.State: TIMED_WAITING&#10;        at sun.misc.Unsafe.park(Native Method)&#10;        at java.util.concurrent.locks.LockSupport.parkNanos(LockSupport.java:215)&#10;        at java.util.concurrent.locks.AbstractQueuedSynchronizer$ConditionObject.awaitNanos(AbstractQueuedSynchronizer.java:2078)&#10;        at java.util.concurrent.ScheduledThreadPoolExecutor$DelayedWorkQueue.take(ScheduledThreadPoolExecutor.java:1093)&#10;        at java.util.concurrent.ScheduledThreadPoolExecutor$DelayedWorkQueue.take(ScheduledThreadPoolExecutor.java:809)&#10;        at java.util.concurrent.ThreadPoolExecutor.getTask(ThreadPoolExecutor.java:1074)&#10;        at java.util.concurrent.ThreadPoolExecutor.runWorker(ThreadPoolExecutor.java:1134)&#10;        at java.util.concurrent.ThreadPoolExecutor$Worker.run(ThreadPoolExecutor.java:624)&#10;        at java.lang.Thread.run(Thread.java:748)&#10;&quot;ChunkWriter-3-0&quot; daemon prio=5 tid=4660 in Object.wait()&#10;java.lang.Thread.State: WAITING (on object monitor)&#10;        at sun.misc.Unsafe.park(Native Method)&#10;        at java.util.concurrent.locks.LockSupport.park(LockSupport.java:175)&#10;        at java.util.concurrent.locks.AbstractQueuedSynchronizer$ConditionObject.await(AbstractQueuedSynchronizer.java:2039)&#10;        at java.util.concurrent.LinkedBlockingDeque.takeFirst(LinkedBlockingDeque.java:492)&#10;        at java.util.concurrent.LinkedBlockingDeque.take(LinkedBlockingDeque.java:680)&#10;        at java.util.concurrent.ThreadPoolExecutor.getTask(ThreadPoolExecutor.java:1074)&#10;        at java.util.concurrent.ThreadPoolExecutor.runWorker(ThreadPoolExecutor.java:1134)&#10;        at java.util.concurrent.ThreadPoolExecutor$Worker.run(ThreadPoolExecutor.java:624)&#10;        at java.lang.Thread.run(Thread.java:748)&#10;&quot;IPC Server handler 1 on default port 41905&quot; daemon prio=5 tid=4557 timed_waiting&#10;java.lang.Thread.State: TIMED_WAITING&#10;        at sun.misc.Unsafe.park(Native Method)&#10;        at java.util.concurrent.locks.LockSupport.parkNanos(LockSupport.java:215)&#10;        at java.util.concurrent.locks.AbstractQueuedSynchronizer$ConditionObject.awaitNanos(AbstractQueuedSynchronizer.java:2078)&#10;        at java.util.concurrent.LinkedBlockingQueue.poll(LinkedBlockingQueue.java:467)&#10;        at org.apache.hadoop.ipc.CallQueueManager.take(CallQueueManager.java:317)&#10;        at org.apache.hadoop.ipc.Server$Handler.run(Server.java:2932)&#10;&quot;pool-467-thread-2&quot;  prio=5 tid=4789 in Object.wait()&#10;java.lang.Thread.State: WAITING (on object monitor)&#10;        at sun.misc.Unsafe.park(Native Method)&#10;        at java.util.concurrent.locks.LockSupport.park(LockSupport.java:175)&#10;        at java.util.concurrent.locks.AbstractQueuedSynchronizer$ConditionObject.await(AbstractQueuedSynchronizer.java:2039)&#10;        at java.util.concurrent.LinkedBlockingQueue.take(LinkedBlockingQueue.java:442)&#10;        at java.util.concurrent.ThreadPoolExecutor.getTask(ThreadPoolExecutor.java:1074)&#10;        at java.util.concurrent.ThreadPoolExecutor.runWorker(ThreadPoolExecutor.java:1134)&#10;        at java.util.concurrent.ThreadPoolExecutor$Worker.run(ThreadPoolExecutor.java:624)&#10;        at java.lang.Thread.run(Thread.java:748)&#10;&quot;ChunkWriter-2-0&quot; daemon prio=5 tid=4659 in Object.wait()&#10;java.lang.Thread.State: WAITING (on object monitor)&#10;        at sun.misc.Unsafe.park(Native Method)&#10;        at java.util.concurrent.locks.LockSupport.park(LockSupport.java:175)&#10;        at java.util.concurrent.locks.AbstractQueuedSynchronizer$ConditionObject.await(AbstractQueuedSynchronizer.java:2039)&#10;        at java.util.concurrent.LinkedBlockingDeque.takeFirst(LinkedBlockingDeque.java:492)&#10;        at java.util.concurrent.LinkedBlockingDeque.take(LinkedBlockingDeque.java:680)&#10;        at java.util.concurrent.ThreadPoolExecutor.getTask(ThreadPoolExecutor.java:1074)&#10;        at java.util.concurrent.ThreadPoolExecutor.runWorker(ThreadPoolExecutor.java:1134)&#10;        at java.util.concurrent.ThreadPoolExecutor$Worker.run(ThreadPoolExecutor.java:624)&#10;        at java.lang.Thread.run(Thread.java:748)&#10;&quot;Datanode ReportManager Thread - 2&quot; daemon prio=5 tid=4623 in Object.wait()&#10;java.lang.Thread.State: WAITING (on object monitor)&#10;        at sun.misc.Unsafe.park(Native Method)&#10;        at java.util.concurrent.locks.LockSupport.park(LockSupport.java:175)&#10;        at java.util.concurrent.locks.AbstractQueuedSynchronizer$ConditionObject.await(AbstractQueuedSynchronizer.java:2039)&#10;        at java.util.concurrent.ScheduledThreadPoolExecutor$DelayedWorkQueue.take(ScheduledThreadPoolExecutor.java:1088)&#10;        at java.util.concurrent.ScheduledThreadPoolExecutor$DelayedWorkQueue.take(ScheduledThreadPoolExecutor.java:809)&#10;        at java.util.concurrent.ThreadPoolExecutor.getTask(ThreadPoolExecutor.java:1074)&#10;        at java.util.concurrent.ThreadPoolExecutor.runWorker(ThreadPoolExecutor.java:1134)&#10;        at java.util.concurrent.ThreadPoolExecutor$Worker.run(ThreadPoolExecutor.java:624)&#10;        at java.lang.Thread.run(Thread.java:748)&#10;&quot;IPC Server handler 19 on default port 41905&quot; daemon prio=5 tid=4575 timed_waiting&#10;java.lang.Thread.State: TIMED_WAITING&#10;        at sun.misc.Unsafe.park(Native Method)&#10;        at java.util.concurrent.locks.LockSupport.parkNanos(LockSupport.java:215)&#10;        at java.util.concurrent.locks.AbstractQueuedSynchronizer$ConditionObject.awaitNanos(AbstractQueuedSynchronizer.java:2078)&#10;        at java.util.concurrent.LinkedBlockingQueue.poll(LinkedBlockingQueue.java:467)&#10;        at org.apache.hadoop.ipc.CallQueueManager.take(CallQueueManager.java:317)&#10;        at org.apache.hadoop.ipc.Server$Handler.run(Server.java:2932)&#10;&quot;IPC Server listener on 0&quot; daemon prio=5 tid=4443 runnable&#10;java.lang.Thread.State: RUNNABLE&#10;        at sun.nio.ch.EPollArrayWrapper.epollWait(Native Method)&#10;        at sun.nio.ch.EPollArrayWrapper.poll(EPollArrayWrapper.java:269)&#10;        at sun.nio.ch.EPollSelectorImpl.doSelect(EPollSelectorImpl.java:93)&#10;        at sun.nio.ch.SelectorImpl.lockAndDoSelect(SelectorImpl.java:86)&#10;        at sun.nio.ch.SelectorImpl.select(SelectorImpl.java:97)&#10;        at sun.nio.ch.SelectorImpl.select(SelectorImpl.java:101)&#10;        at org.apache.hadoop.ipc.Server$Listener.run(Server.java:1350)&#10;&quot;EventQueue-ContainerReportForContainerReportHandler&quot; daemon prio=5 tid=4720 in Object.wait()&#10;java.lang.Thread.State: WAITING (on object monitor)&#10;        at sun.misc.Unsafe.park(Native Method)&#10;        at java.util.concurrent.locks.LockSupport.park(LockSupport.java:175)&#10;        at java.util.concurrent.locks.AbstractQueuedSynchronizer$ConditionObject.await(AbstractQueuedSynchronizer.java:2039)&#10;        at java.util.concurrent.LinkedBlockingQueue.take(LinkedBlockingQueue.java:442)&#10;        at java.util.concurrent.ThreadPoolExecutor.getTask(ThreadPoolExecutor.java:1074)&#10;        at java.util.concurrent.ThreadPoolExecutor.runWorker(ThreadPoolExecutor.java:1134)&#10;        at java.util.concurrent.ThreadPoolExecutor$Worker.run(ThreadPoolExecutor.java:624)&#10;        at java.lang.Thread.run(Thread.java:748)&#10;&quot;IPC Server handler 4 on default port 46035&quot; daemon prio=5 tid=4462 timed_waiting&#10;java.lang.Thread.State: TIMED_WAITING&#10;        at sun.misc.Unsafe.park(Native Method)&#10;        at java.util.concurrent.locks.LockSupport.parkNanos(LockSupport.java:215)&#10;        at java.util.concurrent.locks.AbstractQueuedSynchronizer$ConditionObject.awaitNanos(AbstractQueuedSynchronizer.java:2078)&#10;        at java.util.concurrent.LinkedBlockingQueue.poll(LinkedBlockingQueue.java:467)&#10;        at org.apache.hadoop.ipc.CallQueueManager.take(CallQueueManager.java:317)&#10;        at org.apache.hadoop.ipc.Server$Handler.run(Server.java:2932)&#10;&quot;IPC Server handler 12 on default port 41071&quot; daemon prio=5 tid=4490 timed_waiting&#10;java.lang.Thread.State: TIMED_WAITING&#10;        at sun.misc.Unsafe.park(Native Method)&#10;        at java.util.concurrent.locks.LockSupport.parkNanos(LockSupport.java:215)&#10;        at java.util.concurrent.locks.AbstractQueuedSynchronizer$ConditionObject.awaitNanos(AbstractQueuedSynchronizer.java:2078)&#10;        at java.util.concurrent.LinkedBlockingQueue.poll(LinkedBlockingQueue.java:467)&#10;        at org.apache.hadoop.ipc.CallQueueManager.take(CallQueueManager.java:317)&#10;        at org.apache.hadoop.ipc.Server$Handler.run(Server.java:2932)&#10;&quot;org.apache.ratis.util.JvmPauseMonitor$$Lambda$531/1393706494@d08551&quot; daemon prio=5 tid=4674 timed_waiting&#10;java.lang.Thread.State: TIMED_WAITING&#10;        at java.lang.Thread.sleep(Native Method)&#10;        at java.lang.Thread.sleep(Thread.java:340)&#10;        at java.util.concurrent.TimeUnit.sleep(TimeUnit.java:386)&#10;        at org.apache.ratis.util.TimeDuration.sleep(TimeDuration.java:324)&#10;        at org.apache.ratis.util.TimeDuration.sleep(TimeDuration.java:309)&#10;        at org.apache.ratis.util.JvmPauseMonitor.detectPause(JvmPauseMonitor.java:117)&#10;        at org.apache.ratis.util.JvmPauseMonitor.run(JvmPauseMonitor.java:106)&#10;        at org.apache.ratis.util.JvmPauseMonitor$$Lambda$531/1393706494.run(Unknown Source)&#10;        at java.lang.Thread.run(Thread.java:748)&#10;&quot;IPC Server handler 19 on default port 46035&quot; daemon prio=5 tid=4477 timed_waiting&#10;java.lang.Thread.State: TIMED_WAITING&#10;        at sun.misc.Unsafe.park(Native Method)&#10;        at java.util.concurrent.locks.LockSupport.parkNanos(LockSupport.java:215)&#10;        at java.util.concurrent.locks.AbstractQueuedSynchronizer$ConditionObject.awaitNanos(AbstractQueuedSynchronizer.java:2078)&#10;        at java.util.concurrent.LinkedBlockingQueue.poll(LinkedBlockingQueue.java:467)&#10;        at org.apache.hadoop.ipc.CallQueueManager.take(CallQueueManager.java:317)&#10;        at org.apache.hadoop.ipc.Server$Handler.run(Server.java:2932)&#10;&quot;prometheus&quot; daemon prio=5 tid=4456 in Object.wait()&#10;java.lang.Thread.State: WAITING (on object monitor)&#10;        at java.lang.Object.wait(Native Method)&#10;        at java.lang.Object.wait(Object.java:502)&#10;        at org.apache.hadoop.metrics2.impl.SinkQueue.waitForData(SinkQueue.java:114)&#10;        at org.apache.hadoop.metrics2.impl.SinkQueue.consumeAll(SinkQueue.java:83)&#10;        at org.apache.hadoop.metrics2.impl.MetricsSinkAdapter.publishMetricsFromQueue(MetricsSinkAdapter.java:135)&#10;        at org.apache.hadoop.metrics2.impl.MetricsSinkAdapter$1.run(MetricsSinkAdapter.java:89)&#10;&quot;FullTableCache Cleanup Thread - 0&quot; daemon prio=5 tid=4756 in Object.wait()&#10;java.lang.Thread.State: WAITING (on object monitor)&#10;        at sun.misc.Unsafe.park(Native Method)&#10;        at java.util.concurrent.locks.LockSupport.park(LockSupport.java:175)&#10;        at java.util.concurrent.locks.AbstractQueuedSynchronizer$ConditionObject.await(AbstractQueuedSynchronizer.java:2039)&#10;        at java.util.concurrent.LinkedBlockingQueue.take(LinkedBlockingQueue.java:442)&#10;        at java.util.concurrent.ThreadPoolExecutor.getTask(ThreadPoolExecutor.java:1074)&#10;        at java.util.concurrent.ThreadPoolExecutor.runWorker(ThreadPoolExecutor.java:1134)&#10;        at java.util.concurrent.ThreadPoolExecutor$Worker.run(ThreadPoolExecutor.java:624)&#10;        at java.lang.Thread.run(Thread.java:748)&#10;&quot;Datanode State Machine Task Thread - 1&quot;  prio=5 tid=4654 in Object.wait()&#10;java.lang.Thread.State: WAITING (on object monitor)&#10;        at sun.misc.Unsafe.park(Native Method)&#10;        at java.util.concurrent.locks.LockSupport.park(LockSupport.java:175)&#10;        at java.util.concurrent.locks.AbstractQueuedSynchronizer$ConditionObject.await(AbstractQueuedSynchronizer.java:2039)&#10;        at java.util.concurrent.LinkedBlockingQueue.take(LinkedBlockingQueue.java:442)&#10;        at java.util.concurrent.ThreadPoolExecutor.getTask(ThreadPoolExecutor.java:1074)&#10;        at java.util.concurrent.ThreadPoolExecutor.runWorker(ThreadPoolExecutor.java:1134)&#10;        at java.util.concurrent.ThreadPoolExecutor$Worker.run(ThreadPoolExecutor.java:624)&#10;        at java.lang.Thread.run(Thread.java:748)&#10;&quot;grpc-default-executor-2&quot; daemon prio=5 tid=334 timed_waiting&#10;java.lang.Thread.State: TIMED_WAITING&#10;        at sun.misc.Unsafe.park(Native Method)&#10;        at java.util.concurrent.locks.LockSupport.parkNanos(LockSupport.java:215)&#10;        at java.util.concurrent.SynchronousQueue$TransferStack.awaitFulfill(SynchronousQueue.java:460)&#10;        at java.util.concurrent.SynchronousQueue$TransferStack.transfer(SynchronousQueue.java:362)&#10;        at java.util.concurrent.SynchronousQueue.poll(SynchronousQueue.java:941)&#10;        at java.util.concurrent.ThreadPoolExecutor.getTask(ThreadPoolExecutor.java:1073)&#10;        at java.util.concurrent.ThreadPoolExecutor.runWorker(ThreadPoolExecutor.java:1134)&#10;        at java.util.concurrent.ThreadPoolExecutor$Worker.run(ThreadPoolExecutor.java:624)&#10;        at java.lang.Thread.run(Thread.java:748)&#10;&quot;IPC Server handler 5 on default port 41071&quot; daemon prio=5 tid=4483 timed_waiting&#10;java.lang.Thread.State: TIMED_WAITING&#10;        at sun.misc.Unsafe.park(Native Method)&#10;        at java.util.concurrent.locks.LockSupport.parkNanos(LockSupport.java:215)&#10;        at java.util.concurrent.locks.AbstractQueuedSynchronizer$ConditionObject.awaitNanos(AbstractQueuedSynchronizer.java:2078)&#10;        at java.util.concurrent.LinkedBlockingQueue.poll(LinkedBlockingQueue.java:467)&#10;        at org.apache.hadoop.ipc.CallQueueManager.take(CallQueueManager.java:317)&#10;        at org.apache.hadoop.ipc.Server$Handler.run(Server.java:2932)&#10;&quot;pool-466-thread-6&quot;  prio=5 tid=4822 in Object.wait()&#10;java.lang.Thread.State: WAITING (on object monitor)&#10;        at sun.misc.Unsafe.park(Native Method)&#10;        at java.util.concurrent.locks.LockSupport.park(LockSupport.java:175)&#10;        at java.util.concurrent.locks.AbstractQueuedSynchronizer$ConditionObject.await(AbstractQueuedSynchronizer.java:2039)&#10;        at java.util.concurrent.LinkedBlockingQueue.take(LinkedBlockingQueue.java:442)&#10;        at java.util.concurrent.ThreadPoolExecutor.getTask(ThreadPoolExecutor.java:1074)&#10;        at java.util.concurrent.ThreadPoolExecutor.runWorker(ThreadPoolExecutor.java:1134)&#10;        at java.util.concurrent.ThreadPoolExecutor$Worker.run(ThreadPoolExecutor.java:624)&#10;        at java.lang.Thread.run(Thread.java:748)&#10;&quot;qtp1221770347-4614&quot; daemon prio=5 tid=4614 timed_waiting&#10;java.lang.Thread.State: TIMED_WAITING&#10;        at sun.misc.Unsafe.park(Native Method)&#10;        at java.util.concurrent.locks.LockSupport.parkNanos(LockSupport.java:215)&#10;        at java.util.concurrent.locks.AbstractQueuedSynchronizer$ConditionObject.awaitNanos(AbstractQueuedSynchronizer.java:2078)&#10;        at org.eclipse.jetty.util.BlockingArrayQueue.poll(BlockingArrayQueue.java:382)&#10;        at org.eclipse.jetty.util.thread.QueuedThreadPool$Runner.idleJobPoll(QueuedThreadPool.java:974)&#10;        at org.eclipse.jetty.util.thread.QueuedThreadPool$Runner.run(QueuedThreadPool.java:1018)&#10;        at java.lang.Thread.run(Thread.java:748)&#10;&quot;qtp797601589-4591&quot; daemon prio=5 tid=4591 timed_waiting&#10;java.lang.Thread.State: TIMED_WAITING&#10;        at sun.misc.Unsafe.park(Native Method)&#10;        at java.util.concurrent.locks.LockSupport.parkNanos(LockSupport.java:215)&#10;        at java.util.concurrent.locks.AbstractQueuedSynchronizer$ConditionObject.awaitNanos(AbstractQueuedSynchronizer.java:2078)&#10;        at org.eclipse.jetty.util.BlockingArrayQueue.poll(BlockingArrayQueue.java:382)&#10;        at org.eclipse.jetty.util.thread.QueuedThreadPool$Runner.idleJobPoll(QueuedThreadPool.java:974)&#10;        at org.eclipse.jetty.util.thread.QueuedThreadPool$Runner.run(QueuedThreadPool.java:1018)&#10;        at java.lang.Thread.run(Thread.java:748)&#10;&quot;IPC Server handler 3 on default port 38093&quot; daemon prio=5 tid=4501 timed_waiting&#10;java.lang.Thread.State: TIMED_WAITING&#10;        at sun.misc.Unsafe.park(Native Method)&#10;        at java.util.concurrent.locks.LockSupport.parkNanos(LockSupport.java:215)&#10;        at java.util.concurrent.locks.AbstractQueuedSynchronizer$ConditionObject.awaitNanos(AbstractQueuedSynchronizer.java:2078)&#10;        at java.util.concurrent.LinkedBlockingQueue.poll(LinkedBlockingQueue.java:467)&#10;        at org.apache.hadoop.ipc.CallQueueManager.take(CallQueueManager.java:317)&#10;        at org.apache.hadoop.ipc.Server$Handler.run(Server.java:2932)&#10;&quot;EndpointStateMachine task thread for /0.0.0.0:36083 - 0 &quot;  prio=5 tid=263 in Object.wait()&#10;java.lang.Thread.State: WAITING (on object monitor)&#10;        at sun.misc.Unsafe.park(Native Method)&#10;        at java.util.concurrent.locks.LockSupport.park(LockSupport.java:175)&#10;        at java.util.concurrent.locks.AbstractQueuedSynchronizer$ConditionObject.await(AbstractQueuedSynchronizer.java:2039)&#10;        at java.util.concurrent.LinkedBlockingQueue.take(LinkedBlockingQueue.java:442)&#10;        at java.util.concurrent.ThreadPoolExecutor.getTask(ThreadPoolExecutor.java:1074)&#10;        at java.util.concurrent.ThreadPoolExecutor.runWorker(ThreadPoolExecutor.java:1134)&#10;        at java.util.concurrent.ThreadPoolExecutor$Worker.run(ThreadPoolExecutor.java:624)&#10;        at java.lang.Thread.run(Thread.java:748)&#10;&quot;Datanode ReportManager Thread - 0&quot; daemon prio=5 tid=4646 in Object.wait()&#10;java.lang.Thread.State: WAITING (on object monitor)&#10;        at sun.misc.Unsafe.park(Native Method)&#10;        at java.util.concurrent.locks.LockSupport.park(LockSupport.java:175)&#10;        at java.util.concurrent.locks.AbstractQueuedSynchronizer$ConditionObject.await(AbstractQueuedSynchronizer.java:2039)&#10;        at java.util.concurrent.ScheduledThreadPoolExecutor$DelayedWorkQueue.take(ScheduledThreadPoolExecutor.java:1088)&#10;        at java.util.concurrent.ScheduledThreadPoolExecutor$DelayedWorkQueue.take(ScheduledThreadPoolExecutor.java:809)&#10;        at java.util.concurrent.ThreadPoolExecutor.getTask(ThreadPoolExecutor.java:1074)&#10;        at java.util.concurrent.ThreadPoolExecutor.runWorker(ThreadPoolExecutor.java:1134)&#10;        at java.util.concurrent.ThreadPoolExecutor$Worker.run(ThreadPoolExecutor.java:624)&#10;        at java.lang.Thread.run(Thread.java:748)&#10;&quot;SCMBlockDeletingService#0&quot; daemon prio=5 tid=4518 timed_waiting&#10;java.lang.Thread.State: TIMED_WAITING&#10;        at sun.misc.Unsafe.park(Native Method)&#10;        at java.util.concurrent.locks.LockSupport.parkNanos(LockSupport.java:215)&#10;        at java.util.concurrent.locks.AbstractQueuedSynchronizer$ConditionObject.awaitNanos(AbstractQueuedSynchronizer.java:2078)&#10;        at java.util.concurrent.ScheduledThreadPoolExecutor$DelayedWorkQueue.take(ScheduledThreadPoolExecutor.java:1093)&#10;        at java.util.concurrent.ScheduledThreadPoolExecutor$DelayedWorkQueue.take(ScheduledThreadPoolExecutor.java:809)&#10;        at java.util.concurrent.ThreadPoolExecutor.getTask(ThreadPoolExecutor.java:1074)&#10;        at java.util.concurrent.ThreadPoolExecutor.runWorker(ThreadPoolExecutor.java:1134)&#10;        at java.util.concurrent.ThreadPoolExecutor$Worker.run(ThreadPoolExecutor.java:624)&#10;        at java.lang.Thread.run(Thread.java:748)&#10;&quot;EventQueue-ContainerReportForContainerReportHandler&quot; daemon prio=5 tid=4715 in Object.wait()&#10;java.lang.Thread.State: WAITING (on object monitor)&#10;        at sun.misc.Unsafe.park(Native Method)&#10;        at java.util.concurrent.locks.LockSupport.park(LockSupport.java:175)&#10;        at java.util.concurrent.locks.AbstractQueuedSynchronizer$ConditionObject.await(AbstractQueuedSynchronizer.java:2039)&#10;        at java.util.concurrent.LinkedBlockingQueue.take(LinkedBlockingQueue.java:442)&#10;        at java.util.concurrent.ThreadPoolExecutor.getTask(ThreadPoolExecutor.java:1074)&#10;        at java.util.concurrent.ThreadPoolExecutor.runWorker(ThreadPoolExecutor.java:1134)&#10;        at java.util.concurrent.ThreadPoolExecutor$Worker.run(ThreadPoolExecutor.java:624)&#10;        at java.lang.Thread.run(Thread.java:748)&#10;&quot;BlockDeletingService#7&quot; daemon prio=5 tid=4696 in Object.wait()&#10;java.lang.Thread.State: WAITING (on object monitor)&#10;        at sun.misc.Unsafe.park(Native Method)&#10;        at java.util.concurrent.locks.LockSupport.park(LockSupport.java:175)&#10;        at java.util.concurrent.locks.AbstractQueuedSynchronizer$ConditionObject.await(AbstractQueuedSynchronizer.java:2039)&#10;        at java.util.concurrent.ScheduledThreadPoolExecutor$DelayedWorkQueue.take(ScheduledThreadPoolExecutor.java:1088)&#10;        at java.util.concurrent.ScheduledThreadPoolExecutor$DelayedWorkQueue.take(ScheduledThreadPoolExecutor.java:809)&#10;        at java.util.concurrent.ThreadPoolExecutor.getTask(ThreadPoolExecutor.java:1074)&#10;        at java.util.concurrent.ThreadPoolExecutor.runWorker(ThreadPoolExecutor.java:1134)&#10;        at java.util.concurrent.ThreadPoolExecutor$Worker.run(ThreadPoolExecutor.java:624)&#10;        at java.lang.Thread.run(Thread.java:748)&#10;&quot;EndpointStateMachine task thread for /0.0.0.0:38093 - 0 &quot;  prio=5 tid=4669 in Object.wait()&#10;java.lang.Thread.State: WAITING (on object monitor)&#10;        at sun.misc.Unsafe.park(Native Method)&#10;        at java.util.concurrent.locks.LockSupport.park(LockSupport.java:175)&#10;        at java.util.concurrent.locks.AbstractQueuedSynchronizer$ConditionObject.await(AbstractQueuedSynchronizer.java:2039)&#10;        at java.util.concurrent.LinkedBlockingQueue.take(LinkedBlockingQueue.java:442)&#10;        at java.util.concurrent.ThreadPoolExecutor.getTask(ThreadPoolExecutor.java:1074)&#10;        at java.util.concurrent.ThreadPoolExecutor.runWorker(ThreadPoolExecutor.java:1134)&#10;        at java.util.concurrent.ThreadPoolExecutor$Worker.run(ThreadPoolExecutor.java:624)&#10;        at java.lang.Thread.run(Thread.java:748)&#10;&quot;pool-457-thread-1&quot;  prio=5 tid=4732 in Object.wait()&#10;java.lang.Thread.State: WAITING (on object monitor)&#10;        at sun.misc.Unsafe.park(Native Method)&#10;        at java.util.concurrent.locks.LockSupport.park(LockSupport.java:175)&#10;        at java.util.concurrent.locks.AbstractQueuedSynchronizer$ConditionObject.await(AbstractQueuedSynchronizer.java:2039)&#10;        at java.util.concurrent.LinkedBlockingQueue.take(LinkedBlockingQueue.java:442)&#10;        at java.util.concurrent.ThreadPoolExecutor.getTask(ThreadPoolExecutor.java:1074)&#10;        at java.util.concurrent.ThreadPoolExecutor.runWorker(ThreadPoolExecutor.java:1134)&#10;        at java.util.concurrent.ThreadPoolExecutor$Worker.run(ThreadPoolExecutor.java:624)&#10;        at java.lang.Thread.run(Thread.java:748)&#10;&quot;Datanode ReportManager Thread - 1&quot; daemon prio=5 tid=4595 in Object.wait()&#10;java.lang.Thread.State: WAITING (on object monitor)&#10;        at sun.misc.Unsafe.park(Native Method)&#10;        at java.util.concurrent.locks.LockSupport.park(LockSupport.java:175)&#10;        at java.util.concurrent.locks.AbstractQueuedSynchronizer$ConditionObject.await(AbstractQueuedSynchronizer.java:2039)&#10;        at java.util.concurrent.ScheduledThreadPoolExecutor$DelayedWorkQueue.take(ScheduledThreadPoolExecutor.java:1088)&#10;        at java.util.concurrent.ScheduledThreadPoolExecutor$DelayedWorkQueue.take(ScheduledThreadPoolExecutor.java:809)&#10;        at java.util.concurrent.ThreadPoolExecutor.getTask(ThreadPoolExecutor.java:1074)&#10;        at java.util.concurrent.ThreadPoolExecutor.runWorker(ThreadPoolExecutor.java:1134)&#10;        at java.util.concurrent.ThreadPoolExecutor$Worker.run(ThreadPoolExecutor.java:624)&#10;        at java.lang.Thread.run(Thread.java:748)&#10;&quot;EventQueue-NodeReportForNodeReportHandler&quot; daemon prio=5 tid=6789 in Object.wait()&#10;java.lang.Thread.State: WAITING (on object monitor)&#10;        at sun.misc.Unsafe.park(Native Method)&#10;        at java.util.concurrent.locks.LockSupport.park(LockSupport.java:175)&#10;        at java.util.concurrent.locks.AbstractQueuedSynchronizer$ConditionObject.await(AbstractQueuedSynchronizer.java:2039)&#10;        at java.util.concurrent.LinkedBlockingQueue.take(LinkedBlockingQueue.java:442)&#10;        at java.util.concurrent.ThreadPoolExecutor.getTask(ThreadPoolExecutor.java:1074)&#10;        at java.util.concurrent.ThreadPoolExecutor.runWorker(ThreadPoolExecutor.java:1134)&#10;        at java.util.concurrent.ThreadPoolExecutor$Worker.run(ThreadPoolExecutor.java:624)&#10;        at java.lang.Thread.run(Thread.java:748)&#10;&quot;BlockDeletingService#6&quot; daemon prio=5 tid=4677 in Object.wait()&#10;java.lang.Thread.State: WAITING (on object monitor)&#10;        at sun.misc.Unsafe.park(Native Method)&#10;        at java.util.concurrent.locks.LockSupport.park(LockSupport.java:175)&#10;        at java.util.concurrent.locks.AbstractQueuedSynchronizer$ConditionObject.await(AbstractQueuedSynchronizer.java:2039)&#10;        at java.util.concurrent.ScheduledThreadPoolExecutor$DelayedWorkQueue.take(ScheduledThreadPoolExecutor.java:1088)&#10;        at java.util.concurrent.ScheduledThreadPoolExecutor$DelayedWorkQueue.take(ScheduledThreadPoolExecutor.java:809)&#10;        at java.util.concurrent.ThreadPoolExecutor.getTask(ThreadPoolExecutor.java:1074)&#10;        at java.util.concurrent.ThreadPoolExecutor.runWorker(ThreadPoolExecutor.java:1134)&#10;        at java.util.concurrent.ThreadPoolExecutor$Worker.run(ThreadPoolExecutor.java:624)&#10;        at java.lang.Thread.run(Thread.java:748)&#10;&quot;Datanode State Machine Task Thread - 0&quot;  prio=5 tid=4628 in Object.wait()&#10;java.lang.Thread.State: WAITING (on object monitor)&#10;        at sun.misc.Unsafe.park(Native Method)&#10;        at java.util.concurrent.locks.LockSupport.park(LockSupport.java:175)&#10;        at java.util.concurrent.locks.AbstractQueuedSynchronizer$ConditionObject.await(AbstractQueuedSynchronizer.java:2039)&#10;        at java.util.concurrent.LinkedBlockingQueue.take(LinkedBlockingQueue.java:442)&#10;        at java.util.concurrent.ThreadPoolExecutor.getTask(ThreadPoolExecutor.java:1074)&#10;        at java.util.concurrent.ThreadPoolExecutor.runWorker(ThreadPoolExecutor.java:1134)&#10;        at java.util.concurrent.ThreadPoolExecutor$Worker.run(ThreadPoolExecutor.java:624)&#10;        at java.lang.Thread.run(Thread.java:748)&#10;&quot;IPC Server handler 17 on default port 46035&quot; daemon prio=5 tid=4475 timed_waiting&#10;java.lang.Thread.State: TIMED_WAITING&#10;        at sun.misc.Unsafe.park(Native Method)&#10;        at java.util.concurrent.locks.LockSupport.parkNanos(LockSupport.java:215)&#10;        at java.util.concurrent.locks.AbstractQueuedSynchronizer$ConditionObject.awaitNanos(AbstractQueuedSynchronizer.java:2078)&#10;        at java.util.concurrent.LinkedBlockingQueue.poll(LinkedBlockingQueue.java:467)&#10;        at org.apache.hadoop.ipc.CallQueueManager.take(CallQueueManager.java:317)&#10;        at org.apache.hadoop.ipc.Server$Handler.run(Server.java:2932)&#10;&quot;qtp1930352477-4638&quot; daemon prio=5 tid=4638 timed_waiting&#10;java.lang.Thread.State: TIMED_WAITING&#10;        at sun.misc.Unsafe.park(Native Method)&#10;        at java.util.concurrent.locks.LockSupport.parkNanos(LockSupport.java:215)&#10;        at java.util.concurrent.locks.AbstractQueuedSynchronizer$ConditionObject.awaitNanos(AbstractQueuedSynchronizer.java:2078)&#10;        at org.eclipse.jetty.util.BlockingArrayQueue.poll(BlockingArrayQueue.java:382)&#10;        at org.eclipse.jetty.util.thread.QueuedThreadPool$Runner.idleJobPoll(QueuedThreadPool.java:974)&#10;        at org.eclipse.jetty.util.thread.QueuedThreadPool$Runner.run(QueuedThreadPool.java:1018)&#10;        at java.lang.Thread.run(Thread.java:748)&#10;&quot;BlockDeletingService#7&quot; daemon prio=5 tid=4703 timed_waiting&#10;java.lang.Thread.State: TIMED_WAITING&#10;        at sun.misc.Unsafe.park(Native Method)&#10;        at java.util.concurrent.locks.LockSupport.parkNanos(LockSupport.java:215)&#10;        at java.util.concurrent.locks.AbstractQueuedSynchronizer$ConditionObject.awaitNanos(AbstractQueuedSynchronizer.java:2078)&#10;        at java.util.concurrent.ScheduledThreadPoolExecutor$DelayedWorkQueue.take(ScheduledThreadPoolExecutor.java:1093)&#10;        at java.util.concurrent.ScheduledThreadPoolExecutor$DelayedWorkQueue.take(ScheduledThreadPoolExecutor.java:809)&#10;        at java.util.concurrent.ThreadPoolExecutor.getTask(ThreadPoolExecutor.java:1074)&#10;        at java.util.concurrent.ThreadPoolExecutor.runWorker(ThreadPoolExecutor.java:1134)&#10;        at java.util.concurrent.ThreadPoolExecutor$Worker.run(ThreadPoolExecutor.java:624)&#10;        at java.lang.Thread.run(Thread.java:748)&#10;&quot;IPC Server handler 19 on default port 41071&quot; daemon prio=5 tid=4497 timed_waiting&#10;java.lang.Thread.State: TIMED_WAITING&#10;        at sun.misc.Unsafe.park(Native Method)&#10;        at java.util.concurrent.locks.LockSupport.parkNanos(LockSupport.java:215)&#10;        at java.util.concurrent.locks.AbstractQueuedSynchronizer$ConditionObject.awaitNanos(AbstractQueuedSynchronizer.java:2078)&#10;        at java.util.concurrent.LinkedBlockingQueue.poll(LinkedBlockingQueue.java:467)&#10;        at org.apache.hadoop.ipc.CallQueueManager.take(CallQueueManager.java:317)&#10;        at org.apache.hadoop.ipc.Server$Handler.run(Server.java:2932)&#10;&quot;pool-466-thread-7&quot;  prio=5 tid=4826 in Object.wait()&#10;java.lang.Thread.State: WAITING (on object monitor)&#10;        at sun.misc.Unsafe.park(Native Method)&#10;        at java.util.concurrent.locks.LockSupport.park(LockSupport.java:175)&#10;        at java.util.concurrent.locks.AbstractQueuedSynchronizer$ConditionObject.await(AbstractQueuedSynchronizer.java:2039)&#10;        at java.util.concurrent.LinkedBlockingQueue.take(LinkedBlockingQueue.java:442)&#10;        at java.util.concurrent.ThreadPoolExecutor.getTask(ThreadPoolExecutor.java:1074)&#10;        at java.util.concurrent.ThreadPoolExecutor.runWorker(ThreadPoolExecutor.java:1134)&#10;        at java.util.concurrent.ThreadPoolExecutor$Worker.run(ThreadPoolExecutor.java:624)&#10;        at java.lang.Thread.run(Thread.java:748)&#10;&quot;EventQueue-ContainerReportForContainerReportHandler&quot; daemon prio=5 tid=4719 in Object.wait()&#10;java.lang.Thread.State: WAITING (on object monitor)&#10;        at sun.misc.Unsafe.park(Native Method)&#10;        at java.util.concurrent.locks.LockSupport.park(LockSupport.java:175)&#10;        at java.util.concurrent.locks.AbstractQueuedSynchronizer$ConditionObject.await(AbstractQueuedSynchronizer.java:2039)&#10;        at java.util.concurrent.LinkedBlockingQueue.take(LinkedBlockingQueue.java:442)&#10;        at java.util.concurrent.ThreadPoolExecutor.getTask(ThreadPoolExecutor.java:1074)&#10;        at java.util.concurrent.ThreadPoolExecutor.runWorker(ThreadPoolExecutor.java:1134)&#10;        at java.util.concurrent.ThreadPoolExecutor$Worker.run(ThreadPoolExecutor.java:624)&#10;        at java.lang.Thread.run(Thread.java:748)&#10;&quot;org.apache.hadoop.ozone.container.common.statemachine.commandhandler.DeleteBlocksCommandHandler$DeleteCmdWorker@95100f1&quot; daemon prio=5 tid=4607 timed_waiting&#10;java.lang.Thread.State: TIMED_WAITING&#10;        at java.lang.Thread.sleep(Native Method)&#10;        at org.apache.hadoop.ozone.container.common.statemachine.commandhandler.DeleteBlocksCommandHandler$DeleteCmdWorker.run(DeleteBlocksCommandHandler.java:174)&#10;        at java.lang.Thread.run(Thread.java:748)&#10;&quot;EndpointStateMachine task thread for /0.0.0.0:38093 - 0 &quot;  prio=5 tid=4685 in Object.wait()&#10;java.lang.Thread.State: WAITING (on object monitor)&#10;        at sun.misc.Unsafe.park(Native Method)&#10;        at java.util.concurrent.locks.LockSupport.park(LockSupport.java:175)&#10;        at java.util.concurrent.locks.AbstractQueuedSynchronizer$ConditionObject.await(AbstractQueuedSynchronizer.java:2039)&#10;        at java.util.concurrent.LinkedBlockingQueue.take(LinkedBlockingQueue.java:442)&#10;        at java.util.concurrent.ThreadPoolExecutor.getTask(ThreadPoolExecutor.java:1074)&#10;        at java.util.concurrent.ThreadPoolExecutor.runWorker(ThreadPoolExecutor.java:1134)&#10;        at java.util.concurrent.ThreadPoolExecutor$Worker.run(ThreadPoolExecutor.java:624)&#10;        at java.lang.Thread.run(Thread.java:748)&#10;&quot;pool-467-thread-5&quot;  prio=5 tid=4819 in Object.wait()&#10;java.lang.Thread.State: WAITING (on object monitor)&#10;        at sun.misc.Unsafe.park(Native Method)&#10;        at java.util.concurrent.locks.LockSupport.park(LockSupport.java:175)&#10;        at java.util.concurrent.locks.AbstractQueuedSynchronizer$ConditionObject.await(AbstractQueuedSynchronizer.java:2039)&#10;        at java.util.concurrent.LinkedBlockingQueue.take(LinkedBlockingQueue.java:442)&#10;        at java.util.concurrent.ThreadPoolExecutor.getTask(ThreadPoolExecutor.java:1074)&#10;        at java.util.concurrent.ThreadPoolExecutor.runWorker(ThreadPoolExecutor.java:1134)&#10;        at java.util.concurrent.ThreadPoolExecutor$Worker.run(ThreadPoolExecutor.java:624)&#10;        at java.lang.Thread.run(Thread.java:748)&#10;&quot;IPC Client (2013570947) connection to /0.0.0.0:38093 from runner&quot; daemon prio=5 tid=4656 timed_waiting&#10;java.lang.Thread.State: TIMED_WAITING&#10;        at java.lang.Object.wait(Native Method)&#10;        at org.apache.hadoop.ipc.Client$Connection.waitForWork(Client.java:1053)&#10;        at org.apache.hadoop.ipc.Client$Connection.run(Client.java:1097)&#10;&quot;c2c40a72-a699-49b1-b721-1997d9d2c71f@group-E30A832DBA26-SegmentedRaftLogWorker&quot;  prio=5 tid=4723 timed_waiting&#10;java.lang.Thread.State: TIMED_WAITING&#10;        at sun.misc.Unsafe.park(Native Method)&#10;        at java.util.concurrent.locks.LockSupport.parkNanos(LockSupport.java:215)&#10;        at java.util.concurrent.locks.AbstractQueuedSynchronizer$ConditionObject.awaitNanos(AbstractQueuedSynchronizer.java:2078)&#10;        at org.apache.ratis.util.DataBlockingQueue.poll(DataBlockingQueue.java:137)&#10;        at org.apache.ratis.server.raftlog.segmented.SegmentedRaftLogWorker.run(SegmentedRaftLogWorker.java:292)&#10;        at org.apache.ratis.server.raftlog.segmented.SegmentedRaftLogWorker$$Lambda$467/1230090799.run(Unknown Source)&#10;        at java.lang.Thread.run(Thread.java:748)&#10;&quot;BlockDeletingService#9&quot; daemon prio=5 tid=4700 in Object.wait()&#10;java.lang.Thread.State: WAITING (on object monitor)&#10;        at sun.misc.Unsafe.park(Native Method)&#10;        at java.util.concurrent.locks.LockSupport.park(LockSupport.java:175)&#10;        at java.util.concurrent.locks.AbstractQueuedSynchronizer$ConditionObject.await(AbstractQueuedSynchronizer.java:2039)&#10;        at java.util.concurrent.ScheduledThreadPoolExecutor$DelayedWorkQueue.take(ScheduledThreadPoolExecutor.java:1088)&#10;        at java.util.concurrent.ScheduledThreadPoolExecutor$DelayedWorkQueue.take(ScheduledThreadPoolExecutor.java:809)&#10;        at java.util.concurrent.ThreadPoolExecutor.getTask(ThreadPoolExecutor.java:1074)&#10;        at java.util.concurrent.ThreadPoolExecutor.runWorker(ThreadPoolExecutor.java:1134)&#10;        at java.util.concurrent.ThreadPoolExecutor$Worker.run(ThreadPoolExecutor.java:624)&#10;        at java.lang.Thread.run(Thread.java:748)&#10;&quot;IPC Server handler 14 on default port 38093&quot; daemon prio=5 tid=4512 timed_waiting&#10;java.lang.Thread.State: TIMED_WAITING&#10;        at sun.misc.Unsafe.park(Native Method)&#10;        at java.util.concurrent.locks.LockSupport.parkNanos(LockSupport.java:215)&#10;        at java.util.concurrent.locks.AbstractQueuedSynchronizer$ConditionObject.awaitNanos(AbstractQueuedSynchronizer.java:2078)&#10;        at java.util.concurrent.LinkedBlockingQueue.poll(LinkedBlockingQueue.java:467)&#10;        at org.apache.hadoop.ipc.CallQueueManager.take(CallQueueManager.java:317)&#10;        at org.apache.hadoop.ipc.Server$Handler.run(Server.java:2932)&#10;&quot;IPC Server handler 13 on default port 46035&quot; daemon prio=5 tid=4471 timed_waiting&#10;java.lang.Thread.State: TIMED_WAITING&#10;        at sun.misc.Unsafe.park(Native Method)&#10;        at java.util.concurrent.locks.LockSupport.parkNanos(LockSupport.java:215)&#10;        at java.util.concurrent.locks.AbstractQueuedSynchronizer$ConditionObject.awaitNanos(AbstractQueuedSynchronizer.java:2078)&#10;        at java.util.concurrent.LinkedBlockingQueue.poll(LinkedBlockingQueue.java:467)&#10;        at org.apache.hadoop.ipc.CallQueueManager.take(CallQueueManager.java:317)&#10;        at org.apache.hadoop.ipc.Server$Handler.run(Server.java:2932)&#10;&quot;IPC Server handler 6 on default port 46035&quot; daemon prio=5 tid=4464 timed_waiting&#10;java.lang.Thread.State: TIMED_WAITING&#10;        at sun.misc.Unsafe.park(Native Method)&#10;        at java.util.concurrent.locks.LockSupport.parkNanos(LockSupport.java:215)&#10;        at java.util.concurrent.locks.AbstractQueuedSynchronizer$ConditionObject.awaitNanos(AbstractQueuedSynchronizer.java:2078)&#10;        at java.util.concurrent.LinkedBlockingQueue.poll(LinkedBlockingQueue.java:467)&#10;        at org.apache.hadoop.ipc.CallQueueManager.take(CallQueueManager.java:317)&#10;        at org.apache.hadoop.ipc.Server$Handler.run(Server.java:2932)&#10;&quot;org.apache.hadoop.util.JvmPauseMonitor$Monitor@1eb84ea6&quot; daemon prio=5 tid=4576 timed_waiting&#10;java.lang.Thread.State: TIMED_WAITING&#10;        at java.lang.Thread.sleep(Native Method)&#10;        at org.apache.hadoop.util.JvmPauseMonitor$Monitor.run(JvmPauseMonitor.java:192)&#10;        at java.lang.Thread.run(Thread.java:748)&#10;&quot;IPC Server handler 14 on default port 46035&quot; daemon prio=5 tid=4472 timed_waiting&#10;java.lang.Thread.State: TIMED_WAITING&#10;        at sun.misc.Unsafe.park(Native Method)&#10;        at java.util.concurrent.locks.LockSupport.parkNanos(LockSupport.java:215)&#10;        at java.util.concurrent.locks.AbstractQueuedSynchronizer$ConditionObject.awaitNanos(AbstractQueuedSynchronizer.java:2078)&#10;        at java.util.concurrent.LinkedBlockingQueue.poll(LinkedBlockingQueue.java:467)&#10;        at org.apache.hadoop.ipc.CallQueueManager.take(CallQueueManager.java:317)&#10;        at org.apache.hadoop.ipc.Server$Handler.run(Server.java:2932)&#10;&quot;EventQueue-ContainerReportForContainerReportHandler&quot; daemon prio=5 tid=4713 in Object.wait()&#10;java.lang.Thread.State: WAITING (on object monitor)&#10;        at sun.misc.Unsafe.park(Native Method)&#10;        at java.util.concurrent.locks.LockSupport.park(LockSupport.java:175)&#10;        at java.util.concurrent.locks.AbstractQueuedSynchronizer$ConditionObject.await(AbstractQueuedSynchronizer.java:2039)&#10;        at java.util.concurrent.LinkedBlockingQueue.take(LinkedBlockingQueue.java:442)&#10;        at java.util.concurrent.ThreadPoolExecutor.getTask(ThreadPoolExecutor.java:1074)&#10;        at java.util.concurrent.ThreadPoolExecutor.runWorker(ThreadPoolExecutor.java:1134)&#10;        at java.util.concurrent.ThreadPoolExecutor$Worker.run(ThreadPoolExecutor.java:624)&#10;        at java.lang.Thread.run(Thread.java:748)&#10;&quot;BlockDeletingService#1&quot; daemon prio=5 tid=4663 in Object.wait()&#10;java.lang.Thread.State: WAITING (on object monitor)&#10;        at sun.misc.Unsafe.park(Native Method)&#10;        at java.util.concurrent.locks.LockSupport.park(LockSupport.java:175)&#10;        at java.util.concurrent.locks.AbstractQueuedSynchronizer$ConditionObject.await(AbstractQueuedSynchronizer.java:2039)&#10;        at java.util.concurrent.ScheduledThreadPoolExecutor$DelayedWorkQueue.take(ScheduledThreadPoolExecutor.java:1088)&#10;        at java.util.concurrent.ScheduledThreadPoolExecutor$DelayedWorkQueue.take(ScheduledThreadPoolExecutor.java:809)&#10;        at java.util.concurrent.ThreadPoolExecutor.getTask(ThreadPoolExecutor.java:1074)&#10;        at java.util.concurrent.ThreadPoolExecutor.runWorker(ThreadPoolExecutor.java:1134)&#10;        at java.util.concurrent.ThreadPoolExecutor$Worker.run(ThreadPoolExecutor.java:624)&#10;        at java.lang.Thread.run(Thread.java:748)&#10;&quot;qtp1221770347-4610-acceptor-0@2251beb2-ServerConnector@2918e3d7{HTTP/1.1, (http/1.1)}{0.0.0.0:41851}&quot; daemon prio=3 tid=4610 runnable&#10;java.lang.Thread.State: RUNNABLE&#10;        at sun.nio.ch.ServerSocketChannelImpl.accept0(Native Method)&#10;        at sun.nio.ch.ServerSocketChannelImpl.accept(ServerSocketChannelImpl.java:421)&#10;        at sun.nio.ch.ServerSocketChannelImpl.accept(ServerSocketChannelImpl.java:249)&#10;        at org.eclipse.jetty.server.ServerConnector.accept(ServerConnector.java:388)&#10;        at org.eclipse.jetty.server.AbstractConnector$Acceptor.run(AbstractConnector.java:702)&#10;        at org.eclipse.jetty.util.thread.QueuedThreadPool.runJob(QueuedThreadPool.java:883)&#10;        at org.eclipse.jetty.util.thread.QueuedThreadPool$Runner.run(QueuedThreadPool.java:1034)&#10;        at java.lang.Thread.run(Thread.java:748)&#10;&quot;qtp1221770347-4613&quot; daemon prio=5 tid=4613 timed_waiting&#10;java.lang.Thread.State: TIMED_WAITING&#10;        at sun.misc.Unsafe.park(Native Method)&#10;        at java.util.concurrent.locks.LockSupport.parkNanos(LockSupport.java:215)&#10;        at java.util.concurrent.locks.AbstractQueuedSynchronizer$ConditionObject.awaitNanos(AbstractQueuedSynchronizer.java:2078)&#10;        at org.eclipse.jetty.util.BlockingArrayQueue.poll(BlockingArrayQueue.java:382)&#10;        at org.eclipse.jetty.util.thread.QueuedThreadPool$Runner.idleJobPoll(QueuedThreadPool.java:974)&#10;        at org.eclipse.jetty.util.thread.QueuedThreadPool$Runner.run(QueuedThreadPool.java:1018)&#10;        at java.lang.Thread.run(Thread.java:748)&#10;&quot;ChunkWriter-0-0&quot; daemon prio=5 tid=4670 in Object.wait()&#10;java.lang.Thread.State: WAITING (on object monitor)&#10;        at sun.misc.Unsafe.park(Native Method)&#10;        at java.util.concurrent.locks.LockSupport.park(LockSupport.java:175)&#10;        at java.util.concurrent.locks.AbstractQueuedSynchronizer$ConditionObject.await(AbstractQueuedSynchronizer.java:2039)&#10;        at java.util.concurrent.LinkedBlockingDeque.takeFirst(LinkedBlockingDeque.java:492)&#10;        at java.util.concurrent.LinkedBlockingDeque.take(LinkedBlockingDeque.java:680)&#10;        at java.util.concurrent.ThreadPoolExecutor.getTask(ThreadPoolExecutor.java:1074)&#10;        at java.util.concurrent.ThreadPoolExecutor.runWorker(ThreadPoolExecutor.java:1134)&#10;        at java.util.concurrent.ThreadPoolExecutor$Worker.run(ThreadPoolExecutor.java:624)&#10;        at java.lang.Thread.run(Thread.java:748)&#10;&quot;process reaper&quot; daemon prio=10 tid=11 timed_waiting&#10;java.lang.Thread.State: TIMED_WAITING&#10;        at sun.misc.Unsafe.park(Native Method)&#10;        at java.util.concurrent.locks.LockSupport.parkNanos(LockSupport.java:215)&#10;        at java.util.concurrent.SynchronousQueue$TransferStack.awaitFulfill(SynchronousQueue.java:460)&#10;        at java.util.concurrent.SynchronousQueue$TransferStack.transfer(SynchronousQueue.java:362)&#10;        at java.util.concurrent.SynchronousQueue.poll(SynchronousQueue.java:941)&#10;        at java.util.concurrent.ThreadPoolExecutor.getTask(ThreadPoolExecutor.java:1073)&#10;        at java.util.concurrent.ThreadPoolExecutor.runWorker(ThreadPoolExecutor.java:1134)&#10;        at java.util.concurrent.ThreadPoolExecutor$Worker.run(ThreadPoolExecutor.java:624)&#10;        at java.lang.Thread.run(Thread.java:748)&#10;&quot;Datanode ReportManager Thread - 0&quot; daemon prio=5 tid=4594 in Object.wait()&#10;java.lang.Thread.State: WAITING (on object monitor)&#10;        at sun.misc.Unsafe.park(Native Method)&#10;        at java.util.concurrent.locks.LockSupport.parkNanos(LockSupport.java:215)&#10;        at java.util.concurrent.locks.AbstractQueuedSynchronizer$ConditionObject.awaitNanos(AbstractQueuedSynchronizer.java:2078)&#10;        at java.util.concurrent.ScheduledThreadPoolExecutor$DelayedWorkQueue.take(ScheduledThreadPoolExecutor.java:1093)&#10;        at java.util.concurrent.ScheduledThreadPoolExecutor$DelayedWorkQueue.take(ScheduledThreadPoolExecutor.java:809)&#10;        at java.util.concurrent.ThreadPoolExecutor.getTask(ThreadPoolExecutor.java:1074)&#10;        at java.util.concurrent.ThreadPoolExecutor.runWorker(ThreadPoolExecutor.java:1134)&#10;        at java.util.concurrent.ThreadPoolExecutor$Worker.run(ThreadPoolExecutor.java:624)&#10;        at java.lang.Thread.run(Thread.java:748)&#10;&quot;grpc-default-boss-ELG-5-1&quot; daemon prio=5 tid=4542 runnable&#10;java.lang.Thread.State: RUNNABLE&#10;        at org.apache.ratis.thirdparty.io.netty.channel.epoll.Native.epollWait(Native Method)&#10;        at org.apache.ratis.thirdparty.io.netty.channel.epoll.Native.epollWait(Native.java:177)&#10;        at org.apache.ratis.thirdparty.io.netty.channel.epoll.Native.epollWait(Native.java:170)&#10;        at org.apache.ratis.thirdparty.io.netty.channel.epoll.EpollEventLoop.epollWaitNoTimerChange(EpollEventLoop.java:290)&#10;        at org.apache.ratis.thirdparty.io.netty.channel.epoll.EpollEventLoop.run(EpollEventLoop.java:347)&#10;        at org.apache.ratis.thirdparty.io.netty.util.concurrent.SingleThreadEventExecutor$4.run(SingleThreadEventExecutor.java:989)&#10;        at org.apache.ratis.thirdparty.io.netty.util.internal.ThreadExecutorMap$2.run(ThreadExecutorMap.java:74)&#10;        at org.apache.ratis.thirdparty.io.netty.util.concurrent.FastThreadLocalRunnable.run(FastThreadLocalRunnable.java:30)&#10;        at java.lang.Thread.run(Thread.java:748)&#10;&quot;Socket Reader #1 for port 0&quot;  prio=5 tid=4452 runnable&#10;java.lang.Thread.State: RUNNABLE&#10;        at sun.nio.ch.EPollArrayWrapper.epollWait(Native Method)&#10;        at sun.nio.ch.EPollArrayWrapper.poll(EPollArrayWrapper.java:269)&#10;        at sun.nio.ch.EPollSelectorImpl.doSelect(EPollSelectorImpl.java:93)&#10;        at sun.nio.ch.SelectorImpl.lockAndDoSelect(SelectorImpl.java:86)&#10;        at sun.nio.ch.SelectorImpl.select(SelectorImpl.java:97)&#10;        at sun.nio.ch.SelectorImpl.select(SelectorImpl.java:101)&#10;        at org.apache.hadoop.ipc.Server$Listener$Reader.doRunLoop(Server.java:1288)&#10;        at org.apache.hadoop.ipc.Server$Listener$Reader.run(Server.java:1267)&#10;&quot;pool-412-thread-1&quot; daemon prio=5 tid=4580 timed_waiting&#10;java.lang.Thread.State: TIMED_WAITING&#10;        at sun.misc.Unsafe.park(Native Method)&#10;        at java.util.concurrent.locks.LockSupport.parkNanos(LockSupport.java:215)&#10;        at java.util.concurrent.locks.AbstractQueuedSynchronizer$ConditionObject.awaitNanos(AbstractQueuedSynchronizer.java:2078)&#10;        at java.util.concurrent.ScheduledThreadPoolExecutor$DelayedWorkQueue.take(ScheduledThreadPoolExecutor.java:1093)&#10;        at java.util.concurrent.ScheduledThreadPoolExecutor$DelayedWorkQueue.take(ScheduledThreadPoolExecutor.java:809)&#10;        at java.util.concurrent.ThreadPoolExecutor.getTask(ThreadPoolExecutor.java:1074)&#10;        at java.util.concurrent.ThreadPoolExecutor.runWorker(ThreadPoolExecutor.java:1134)&#10;        at java.util.concurrent.ThreadPoolExecutor$Worker.run(ThreadPoolExecutor.java:624)&#10;        at java.lang.Thread.run(Thread.java:748)&#10;&quot;qtp2069929890-4554&quot; daemon prio=5 tid=4554 timed_waiting&#10;java.lang.Thread.State: TIMED_WAITING&#10;        at sun.misc.Unsafe.park(Native Method)&#10;        at java.util.concurrent.locks.LockSupport.parkNanos(LockSupport.java:215)&#10;        at java.util.concurrent.locks.AbstractQueuedSynchronizer$ConditionObject.awaitNanos(AbstractQueuedSynchronizer.java:2078)&#10;        at org.eclipse.jetty.util.BlockingArrayQueue.poll(BlockingArrayQueue.java:382)&#10;        at org.eclipse.jetty.util.thread.QueuedThreadPool$Runner.idleJobPoll(QueuedThreadPool.java:974)&#10;        at org.eclipse.jetty.util.thread.QueuedThreadPool$Runner.run(QueuedThreadPool.java:1018)&#10;        at java.lang.Thread.run(Thread.java:748)&#10;&quot;EventQueue-CmdStatusReportForCommandStatusReportHandler&quot; daemon prio=5 tid=7539 in Object.wait()&#10;java.lang.Thread.State: WAITING (on object monitor)&#10;        at sun.misc.Unsafe.park(Native Method)&#10;        at java.util.concurrent.locks.LockSupport.park(LockSupport.java:175)&#10;        at java.util.concurrent.locks.AbstractQueuedSynchronizer$ConditionObject.await(AbstractQueuedSynchronizer.java:2039)&#10;        at java.util.concurrent.LinkedBlockingQueue.take(LinkedBlockingQueue.java:442)&#10;        at java.util.concurrent.ThreadPoolExecutor.getTask(ThreadPoolExecutor.java:1074)&#10;        at java.util.concurrent.ThreadPoolExecutor.runWorker(ThreadPoolExecutor.java:1134)&#10;        at java.util.concurrent.ThreadPoolExecutor$Worker.run(ThreadPoolExecutor.java:624)&#10;        at java.lang.Thread.run(Thread.java:748)&#10;&quot;BlockDeletingService#5&quot; daemon prio=5 tid=4701 in Object.wait()&#10;java.lang.Thread.State: WAITING (on object monitor)&#10;        at sun.misc.Unsafe.park(Native Method)&#10;        at java.util.concurrent.locks.LockSupport.park(LockSupport.java:175)&#10;        at java.util.concurrent.locks.AbstractQueuedSynchronizer$ConditionObject.await(AbstractQueuedSynchronizer.java:2039)&#10;        at java.util.concurrent.ScheduledThreadPoolExecutor$DelayedWorkQueue.take(ScheduledThreadPoolExecutor.java:1088)&#10;        at java.util.concurrent.ScheduledThreadPoolExecutor$DelayedWorkQueue.take(ScheduledThreadPoolExecutor.java:809)&#10;        at java.util.concurrent.ThreadPoolExecutor.getTask(ThreadPoolExecutor.java:1074)&#10;        at java.util.concurrent.ThreadPoolExecutor.runWorker(ThreadPoolExecutor.java:1134)&#10;        at java.util.concurrent.ThreadPoolExecutor$Worker.run(ThreadPoolExecutor.java:624)&#10;        at java.lang.Thread.run(Thread.java:748)&#10;&quot;PartialTableCache Cleanup Thread - 0&quot; daemon prio=5 tid=344 in Object.wait()&#10;java.lang.Thread.State: WAITING (on object monitor)&#10;        at sun.misc.Unsafe.park(Native Method)&#10;        at java.util.concurrent.locks.LockSupport.park(LockSupport.java:175)&#10;        at java.util.concurrent.locks.AbstractQueuedSynchronizer$ConditionObject.await(AbstractQueuedSynchronizer.java:2039)&#10;        at java.util.concurrent.LinkedBlockingQueue.take(LinkedBlockingQueue.java:442)&#10;        at java.util.concurrent.ThreadPoolExecutor.getTask(ThreadPoolExecutor.java:1074)&#10;        at java.util.concurrent.ThreadPoolExecutor.runWorker(ThreadPoolExecutor.java:1134)&#10;        at java.util.concurrent.ThreadPoolExecutor$Worker.run(ThreadPoolExecutor.java:624)&#10;        at java.lang.Thread.run(Thread.java:748)&#10;&quot;IPC Server handler 8 on default port 41905&quot; daemon prio=5 tid=4564 timed_waiting&#10;java.lang.Thread.State: TIMED_WAITING&#10;        at sun.misc.Unsafe.park(Native Method)&#10;        at java.util.concurrent.locks.LockSupport.parkNanos(LockSupport.java:215)&#10;        at java.util.concurrent.locks.AbstractQueuedSynchronizer$ConditionObject.awaitNanos(AbstractQueuedSynchronizer.java:2078)&#10;        at java.util.concurrent.LinkedBlockingQueue.poll(LinkedBlockingQueue.java:467)&#10;        at org.apache.hadoop.ipc.CallQueueManager.take(CallQueueManager.java:317)&#10;        at org.apache.hadoop.ipc.Server$Handler.run(Server.java:2932)&#10;&quot;ChunkWriter-2-0&quot; daemon prio=5 tid=4689 in Object.wait()&#10;java.lang.Thread.State: WAITING (on object monitor)&#10;        at sun.misc.Unsafe.park(Native Method)&#10;        at java.util.concurrent.locks.LockSupport.park(LockSupport.java:175)&#10;        at java.util.concurrent.locks.AbstractQueuedSynchronizer$ConditionObject.await(AbstractQueuedSynchronizer.java:2039)&#10;        at java.util.concurrent.LinkedBlockingDeque.takeFirst(LinkedBlockingDeque.java:492)&#10;        at java.util.concurrent.LinkedBlockingDeque.take(LinkedBlockingDeque.java:680)&#10;        at java.util.concurrent.ThreadPoolExecutor.getTask(ThreadPoolExecutor.java:1074)&#10;        at java.util.concurrent.ThreadPoolExecutor.runWorker(ThreadPoolExecutor.java:1134)&#10;        at java.util.concurrent.ThreadPoolExecutor$Worker.run(ThreadPoolExecutor.java:624)&#10;        at java.lang.Thread.run(Thread.java:748)&#10;&quot;pool-466-thread-4&quot;  prio=5 tid=4790 in Object.wait()&#10;java.lang.Thread.State: WAITING (on object monitor)&#10;        at sun.misc.Unsafe.park(Native Method)&#10;        at java.util.concurrent.locks.LockSupport.park(LockSupport.java:175)&#10;        at java.util.concurrent.locks.AbstractQueuedSynchronizer$ConditionObject.await(AbstractQueuedSynchronizer.java:2039)&#10;        at java.util.concurrent.LinkedBlockingQueue.take(LinkedBlockingQueue.java:442)&#10;        at java.util.concurrent.ThreadPoolExecutor.getTask(ThreadPoolExecutor.java:1074)&#10;        at java.util.concurrent.ThreadPoolExecutor.runWorker(ThreadPoolExecutor.java:1134)&#10;        at java.util.concurrent.ThreadPoolExecutor$Worker.run(ThreadPoolExecutor.java:624)&#10;        at java.lang.Thread.run(Thread.java:748)&#10;&quot;org.apache.hadoop.util.JvmPauseMonitor$Monitor@111b30d9&quot; daemon prio=5 tid=4627 timed_waiting&#10;java.lang.Thread.State: TIMED_WAITING&#10;        at java.lang.Thread.sleep(Native Method)&#10;        at org.apache.hadoop.util.JvmPauseMonitor$Monitor.run(JvmPauseMonitor.java:192)&#10;        at java.lang.Thread.run(Thread.java:748)&#10;&quot;pool-443-thread-1&quot;  prio=5 tid=4608 timed_waiting&#10;java.lang.Thread.State: TIMED_WAITING&#10;        at sun.misc.Unsafe.park(Native Method)&#10;        at java.util.concurrent.locks.LockSupport.parkNanos(LockSupport.java:215)&#10;        at java.util.concurrent.locks.AbstractQueuedSynchronizer$ConditionObject.awaitNanos(AbstractQueuedSynchronizer.java:2078)&#10;        at java.util.concurrent.ScheduledThreadPoolExecutor$DelayedWorkQueue.take(ScheduledThreadPoolExecutor.java:1093)&#10;        at java.util.concurrent.ScheduledThreadPoolExecutor$DelayedWorkQueue.take(ScheduledThreadPoolExecutor.java:809)&#10;        at java.util.concurrent.ThreadPoolExecutor.getTask(ThreadPoolExecutor.java:1074)&#10;        at java.util.concurrent.ThreadPoolExecutor.runWorker(ThreadPoolExecutor.java:1134)&#10;        at java.util.concurrent.ThreadPoolExecutor$Worker.run(ThreadPoolExecutor.java:624)&#10;        at java.lang.Thread.run(Thread.java:748)&#10;&quot;org.apache.hadoop.util.JvmPauseMonitor$Monitor@4c28b19f&quot; daemon prio=5 tid=4519 timed_waiting&#10;java.lang.Thread.State: TIMED_WAITING&#10;        at java.lang.Thread.sleep(Native Method)&#10;        at org.apache.hadoop.util.JvmPauseMonitor$Monitor.run(JvmPauseMonitor.java:192)&#10;        at java.lang.Thread.run(Thread.java:748)&#10;&quot;Session-HouseKeeper-1ee3ad6-1&quot;  prio=5 tid=4555 timed_waiting&#10;java.lang.Thread.State: TIMED_WAITING&#10;        at sun.misc.Unsafe.park(Native Method)&#10;        at java.util.concurrent.locks.LockSupport.parkNanos(LockSupport.java:215)&#10;        at java.util.concurrent.locks.AbstractQueuedSynchronizer$ConditionObject.awaitNanos(AbstractQueuedSynchronizer.java:2078)&#10;        at java.util.concurrent.ScheduledThreadPoolExecutor$DelayedWorkQueue.take(ScheduledThreadPoolExecutor.java:1093)&#10;        at java.util.concurrent.ScheduledThreadPoolExecutor$DelayedWorkQueue.take(ScheduledThreadPoolExecutor.java:809)&#10;        at java.util.concurrent.ThreadPoolExecutor.getTask(ThreadPoolExecutor.java:1074)&#10;        at java.util.concurrent.ThreadPoolExecutor.runWorker(ThreadPoolExecutor.java:1134)&#10;        at java.util.concurrent.ThreadPoolExecutor$Worker.run(ThreadPoolExecutor.java:624)&#10;        at java.lang.Thread.run(Thread.java:748)&#10;&quot;ReplicationMonitor&quot; daemon prio=5 tid=4441 timed_waiting&#10;java.lang.Thread.State: TIMED_WAITING&#10;        at java.lang.Object.wait(Native Method)&#10;        at org.apache.hadoop.hdds.scm.container.ReplicationManager.run(ReplicationManager.java:354)&#10;        at org.apache.hadoop.hdds.scm.container.ReplicationManager$$Lambda$242/2123309997.run(Unknown Source)&#10;        at java.lang.Thread.run(Thread.java:748)&#10;&quot;IPC Server handler 11 on default port 38093&quot; daemon prio=5 tid=4509 timed_waiting&#10;java.lang.Thread.State: TIMED_WAITING&#10;        at sun.misc.Unsafe.park(Native Method)&#10;        at java.util.concurrent.locks.LockSupport.parkNanos(LockSupport.java:215)&#10;        at java.util.concurrent.locks.AbstractQueuedSynchronizer$ConditionObject.awaitNanos(AbstractQueuedSynchronizer.java:2078)&#10;        at java.util.concurrent.LinkedBlockingQueue.poll(LinkedBlockingQueue.java:467)&#10;        at org.apache.hadoop.ipc.CallQueueManager.take(CallQueueManager.java:317)&#10;        at org.apache.hadoop.ipc.Server$Handler.run(Server.java:2932)&#10;&quot;Datanode ReportManager Thread - 2&quot; daemon prio=5 tid=4648 in Object.wait()&#10;java.lang.Thread.State: WAITING (on object monitor)&#10;        at sun.misc.Unsafe.park(Native Method)&#10;        at java.util.concurrent.locks.LockSupport.park(LockSupport.java:175)&#10;        at java.util.concurrent.locks.AbstractQueuedSynchronizer$ConditionObject.await(AbstractQueuedSynchronizer.java:2039)&#10;        at java.util.concurrent.ScheduledThreadPoolExecutor$DelayedWorkQueue.take(ScheduledThreadPoolExecutor.java:1088)&#10;        at java.util.concurrent.ScheduledThreadPoolExecutor$DelayedWorkQueue.take(ScheduledThreadPoolExecutor.java:809)&#10;        at java.util.concurrent.ThreadPoolExecutor.getTask(ThreadPoolExecutor.java:1074)&#10;        at java.util.concurrent.ThreadPoolExecutor.runWorker(ThreadPoolExecutor.java:1134)&#10;        at java.util.concurrent.ThreadPoolExecutor$Worker.run(ThreadPoolExecutor.java:624)&#10;        at java.lang.Thread.run(Thread.java:748)&#10;&quot;IPC Server handler 9 on default port 38093&quot; daemon prio=5 tid=4507 timed_waiting&#10;java.lang.Thread.State: TIMED_WAITING&#10;        at sun.misc.Unsafe.park(Native Method)&#10;        at java.util.concurrent.locks.LockSupport.parkNanos(LockSupport.java:215)&#10;        at java.util.concurrent.locks.AbstractQueuedSynchronizer$ConditionObject.awaitNanos(AbstractQueuedSynchronizer.java:2078)&#10;        at java.util.concurrent.LinkedBlockingQueue.poll(LinkedBlockingQueue.java:467)&#10;        at org.apache.hadoop.ipc.CallQueueManager.take(CallQueueManager.java:317)&#10;        at org.apache.hadoop.ipc.Server$Handler.run(Server.java:2932)&#10;&quot;Periodic HDDS volume checker&quot; daemon prio=5 tid=4630 timed_waiting&#10;java.lang.Thread.State: TIMED_WAITING&#10;        at sun.misc.Unsafe.park(Native Method)&#10;        at java.util.concurrent.locks.LockSupport.parkNanos(LockSupport.java:215)&#10;        at java.util.concurrent.locks.AbstractQueuedSynchronizer$ConditionObject.awaitNanos(AbstractQueuedSynchronizer.java:2078)&#10;        at java.util.concurrent.ScheduledThreadPoolExecutor$DelayedWorkQueue.take(ScheduledThreadPoolExecutor.java:1093)&#10;        at java.util.concurrent.ScheduledThreadPoolExecutor$DelayedWorkQueue.take(ScheduledThreadPoolExecutor.java:809)&#10;        at java.util.concurrent.ThreadPoolExecutor.getTask(ThreadPoolExecutor.java:1074)&#10;        at java.util.concurrent.ThreadPoolExecutor.runWorker(ThreadPoolExecutor.java:1134)&#10;        at java.util.concurrent.ThreadPoolExecutor$Worker.run(ThreadPoolExecutor.java:624)&#10;        at java.lang.Thread.run(Thread.java:748)&#10;&quot;EventQueue-PipelineReportForOneReplicaPipelineSafeModeRule&quot; daemon prio=5 tid=4711 in Object.wait()&#10;java.lang.Thread.State: WAITING (on object monitor)&#10;        at sun.misc.Unsafe.park(Native Method)&#10;        at java.util.concurrent.locks.LockSupport.park(LockSupport.java:175)&#10;        at java.util.concurrent.locks.AbstractQueuedSynchronizer$ConditionObject.await(AbstractQueuedSynchronizer.java:2039)&#10;        at java.util.concurrent.LinkedBlockingQueue.take(LinkedBlockingQueue.java:442)&#10;        at java.util.concurrent.ThreadPoolExecutor.getTask(ThreadPoolExecutor.java:1074)&#10;        at java.util.concurrent.ThreadPoolExecutor.runWorker(ThreadPoolExecutor.java:1134)&#10;        at java.util.concurrent.ThreadPoolExecutor$Worker.run(ThreadPoolExecutor.java:624)&#10;        at java.lang.Thread.run(Thread.java:748)&#10;&quot;Datanode State Machine Thread - 0&quot; daemon prio=5 tid=4645 timed_waiting&#10;java.lang.Thread.State: TIMED_WAITING&#10;        at java.lang.Thread.sleep(Native Method)&#10;        at org.apache.hadoop.ozone.container.common.statemachine.DatanodeStateMachine.start(DatanodeStateMachine.java:285)&#10;        at org.apache.hadoop.ozone.container.common.statemachine.DatanodeStateMachine.lambda$startDaemon$0(DatanodeStateMachine.java:456)&#10;        at org.apache.hadoop.ozone.container.common.statemachine.DatanodeStateMachine$$Lambda$569/736565880.run(Unknown Source)&#10;        at java.lang.Thread.run(Thread.java:748)&#10;&quot;CommandWatcher-LeaseManager#LeaseMonitor&quot; daemon prio=5 tid=4457 timed_waiting&#10;java.lang.Thread.State: TIMED_WAITING&#10;        at java.lang.Object.wait(Native Method)&#10;        at org.apache.hadoop.ozone.lease.LeaseManager$LeaseMonitor.run(LeaseManager.java:238)&#10;        at java.lang.Thread.run(Thread.java:748)&#10;&quot;Socket Reader #1 for port 0&quot;  prio=5 tid=4444 runnable&#10;java.lang.Thread.State: RUNNABLE&#10;        at sun.nio.ch.EPollArrayWrapper.epollWait(Native Method)&#10;        at sun.nio.ch.EPollArrayWrapper.poll(EPollArrayWrapper.java:269)&#10;        at sun.nio.ch.EPollSelectorImpl.doSelect(EPollSelectorImpl.java:93)&#10;        at sun.nio.ch.SelectorImpl.lockAndDoSelect(SelectorImpl.java:86)&#10;        at sun.nio.ch.SelectorImpl.select(SelectorImpl.java:97)&#10;        at sun.nio.ch.SelectorImpl.select(SelectorImpl.java:101)&#10;        at org.apache.hadoop.ipc.Server$Listener$Reader.doRunLoop(Server.java:1288)&#10;        at org.apache.hadoop.ipc.Server$Listener$Reader.run(Server.java:1267)&#10;&quot;ChunkWriter-3-0&quot; daemon prio=5 tid=4690 in Object.wait()&#10;java.lang.Thread.State: WAITING (on object monitor)&#10;        at sun.misc.Unsafe.park(Native Method)&#10;        at java.util.concurrent.locks.LockSupport.park(LockSupport.java:175)&#10;        at java.util.concurrent.locks.AbstractQueuedSynchronizer$ConditionObject.await(AbstractQueuedSynchronizer.java:2039)&#10;        at java.util.concurrent.LinkedBlockingDeque.takeFirst(LinkedBlockingDeque.java:492)&#10;        at java.util.concurrent.LinkedBlockingDeque.take(LinkedBlockingDeque.java:680)&#10;        at java.util.concurrent.ThreadPoolExecutor.getTask(ThreadPoolExecutor.java:1074)&#10;        at java.util.concurrent.ThreadPoolExecutor.runWorker(ThreadPoolExecutor.java:1134)&#10;        at java.util.concurrent.ThreadPoolExecutor$Worker.run(ThreadPoolExecutor.java:624)&#10;        at java.lang.Thread.run(Thread.java:748)&#10;&quot;pool-467-thread-10&quot;  prio=5 tid=4855 in Object.wait()&#10;java.lang.Thread.State: WAITING (on object monitor)&#10;        at sun.misc.Unsafe.park(Native Method)&#10;        at java.util.concurrent.locks.LockSupport.park(LockSupport.java:175)&#10;        at java.util.concurrent.locks.AbstractQueuedSynchronizer$ConditionObject.await(AbstractQueuedSynchronizer.java:2039)&#10;        at java.util.concurrent.LinkedBlockingQueue.take(LinkedBlockingQueue.java:442)&#10;        at java.util.concurrent.ThreadPoolExecutor.getTask(ThreadPoolExecutor.java:1074)&#10;        at java.util.concurrent.ThreadPoolExecutor.runWorker(ThreadPoolExecutor.java:1134)&#10;        at java.util.concurrent.ThreadPoolExecutor$Worker.run(ThreadPoolExecutor.java:624)&#10;        at java.lang.Thread.run(Thread.java:748)&#10;&quot;BlockDeletingService#3&quot; daemon prio=5 tid=4665 in Object.wait()&#10;java.lang.Thread.State: WAITING (on object monitor)&#10;        at sun.misc.Unsafe.park(Native Method)&#10;        at java.util.concurrent.locks.LockSupport.park(LockSupport.java:175)&#10;        at java.util.concurrent.locks.AbstractQueuedSynchronizer$ConditionObject.await(AbstractQueuedSynchronizer.java:2039)&#10;        at java.util.concurrent.ScheduledThreadPoolExecutor$DelayedWorkQueue.take(ScheduledThreadPoolExecutor.java:1088)&#10;        at java.util.concurrent.ScheduledThreadPoolExecutor$DelayedWorkQueue.take(ScheduledThreadPoolExecutor.java:809)&#10;        at java.util.concurrent.ThreadPoolExecutor.getTask(ThreadPoolExecutor.java:1074)&#10;        at java.util.concurrent.ThreadPoolExecutor.runWorker(ThreadPoolExecutor.java:1134)&#10;        at java.util.concurrent.ThreadPoolExecutor$Worker.run(ThreadPoolExecutor.java:624)&#10;        at java.lang.Thread.run(Thread.java:748)&#10;&quot;Datanode ReportManager Thread - 1&quot; daemon prio=5 tid=4622 in Object.wait()&#10;java.lang.Thread.State: WAITING (on object monitor)&#10;        at sun.misc.Unsafe.park(Native Method)&#10;        at java.util.concurrent.locks.LockSupport.park(LockSupport.java:175)&#10;        at java.util.concurrent.locks.AbstractQueuedSynchronizer$ConditionObject.await(AbstractQueuedSynchronizer.java:2039)&#10;        at java.util.concurrent.ScheduledThreadPoolExecutor$DelayedWorkQueue.take(ScheduledThreadPoolExecutor.java:1088)&#10;        at java.util.concurrent.ScheduledThreadPoolExecutor$DelayedWorkQueue.take(ScheduledThreadPoolExecutor.java:809)&#10;        at java.util.concurrent.ThreadPoolExecutor.getTask(ThreadPoolExecutor.java:1074)&#10;        at java.util.concurrent.ThreadPoolExecutor.runWorker(ThreadPoolExecutor.java:1134)&#10;        at java.util.concurrent.ThreadPoolExecutor$Worker.run(ThreadPoolExecutor.java:624)&#10;        at java.lang.Thread.run(Thread.java:748)&#10;&quot;IPC Server handler 0 on default port 46035&quot; daemon prio=5 tid=4458 timed_waiting&#10;java.lang.Thread.State: TIMED_WAITING&#10;        at sun.misc.Unsafe.park(Native Method)&#10;        at java.util.concurrent.locks.LockSupport.parkNanos(LockSupport.java:215)&#10;        at java.util.concurrent.locks.AbstractQueuedSynchronizer$ConditionObject.awaitNanos(AbstractQueuedSynchronizer.java:2078)&#10;        at java.util.concurrent.LinkedBlockingQueue.poll(LinkedBlockingQueue.java:467)&#10;        at org.apache.hadoop.ipc.CallQueueManager.take(CallQueueManager.java:317)&#10;        at org.apache.hadoop.ipc.Server$Handler.run(Server.java:2932)&#10;&quot;IPC Parameter Sending Thread #0&quot; daemon prio=5 tid=108 timed_waiting&#10;java.lang.Thread.State: TIMED_WAITING&#10;        at sun.misc.Unsafe.park(Native Method)&#10;        at java.util.concurrent.locks.LockSupport.parkNanos(LockSupport.java:215)&#10;        at java.util.concurrent.SynchronousQueue$TransferStack.awaitFulfill(SynchronousQueue.java:460)&#10;        at java.util.concurrent.SynchronousQueue$TransferStack.transfer(SynchronousQueue.java:362)&#10;        at java.util.concurrent.SynchronousQueue.poll(SynchronousQueue.java:941)&#10;        at java.util.concurrent.ThreadPoolExecutor.getTask(ThreadPoolExecutor.java:1073)&#10;        at java.util.concurrent.ThreadPoolExecutor.runWorker(ThreadPoolExecutor.java:1134)&#10;        at java.util.concurrent.ThreadPoolExecutor$Worker.run(ThreadPoolExecutor.java:624)&#10;        at java.lang.Thread.run(Thread.java:748)&#10;&quot;BlockDeletingService#4&quot; daemon prio=5 tid=4682 in Object.wait()&#10;java.lang.Thread.State: WAITING (on object monitor)&#10;        at sun.misc.Unsafe.park(Native Method)&#10;        at java.util.concurrent.locks.LockSupport.park(LockSupport.java:175)&#10;        at java.util.concurrent.locks.AbstractQueuedSynchronizer$ConditionObject.await(AbstractQueuedSynchronizer.java:2039)&#10;        at java.util.concurrent.ScheduledThreadPoolExecutor$DelayedWorkQueue.take(ScheduledThreadPoolExecutor.java:1088)&#10;        at java.util.concurrent.ScheduledThreadPoolExecutor$DelayedWorkQueue.take(ScheduledThreadPoolExecutor.java:809)&#10;        at java.util.concurrent.ThreadPoolExecutor.getTask(ThreadPoolExecutor.java:1074)&#10;        at java.util.concurrent.ThreadPoolExecutor.runWorker(ThreadPoolExecutor.java:1134)&#10;        at java.util.concurrent.ThreadPoolExecutor$Worker.run(ThreadPoolExecutor.java:624)&#10;        at java.lang.Thread.run(Thread.java:748)&#10;&quot;ChunkWriter-1-0&quot; daemon prio=5 tid=4658 in Object.wait()&#10;java.lang.Thread.State: WAITING (on object monitor)&#10;        at sun.misc.Unsafe.park(Native Method)&#10;        at java.util.concurrent.locks.LockSupport.park(LockSupport.java:175)&#10;        at java.util.concurrent.locks.AbstractQueuedSynchronizer$ConditionObject.await(AbstractQueuedSynchronizer.java:2039)&#10;        at java.util.concurrent.LinkedBlockingDeque.takeFirst(LinkedBlockingDeque.java:492)&#10;        at java.util.concurrent.LinkedBlockingDeque.take(LinkedBlockingDeque.java:680)&#10;        at java.util.concurrent.ThreadPoolExecutor.getTask(ThreadPoolExecutor.java:1074)&#10;        at java.util.concurrent.ThreadPoolExecutor.runWorker(ThreadPoolExecutor.java:1134)&#10;        at java.util.concurrent.ThreadPoolExecutor$Worker.run(ThreadPoolExecutor.java:624)&#10;        at java.lang.Thread.run(Thread.java:748)&#10;&quot;Timer-2&quot;  prio=5 tid=4544 timed_waiting&#10;java.lang.Thread.State: TIMED_WAITING&#10;        at java.lang.Object.wait(Native Method)&#10;        at java.util.TimerThread.mainLoop(Timer.java:552)&#10;        at java.util.TimerThread.run(Timer.java:505)&#10;&quot;BlockDeletingService#6&quot; daemon prio=5 tid=4694 in Object.wait()&#10;java.lang.Thread.State: WAITING (on object monitor)&#10;        at sun.misc.Unsafe.park(Native Method)&#10;        at java.util.concurrent.locks.LockSupport.park(LockSupport.java:175)&#10;        at java.util.concurrent.locks.AbstractQueuedSynchronizer$ConditionObject.await(AbstractQueuedSynchronizer.java:2039)&#10;        at java.util.concurrent.ScheduledThreadPoolExecutor$DelayedWorkQueue.take(ScheduledThreadPoolExecutor.java:1088)&#10;        at java.util.concurrent.ScheduledThreadPoolExecutor$DelayedWorkQueue.take(ScheduledThreadPoolExecutor.java:809)&#10;        at java.util.concurrent.ThreadPoolExecutor.getTask(ThreadPoolExecutor.java:1074)&#10;        at java.util.concurrent.ThreadPoolExecutor.runWorker(ThreadPoolExecutor.java:1134)&#10;        at java.util.concurrent.ThreadPoolExecutor$Worker.run(ThreadPoolExecutor.java:624)&#10;        at java.lang.Thread.run(Thread.java:748)&#10;&quot;Datanode ReportManager Thread - 3&quot; daemon prio=5 tid=4649 timed_waiting&#10;java.lang.Thread.State: TIMED_WAITING&#10;        at sun.misc.Unsafe.park(Native Method)&#10;        at java.util.concurrent.locks.LockSupport.parkNanos(LockSupport.java:215)&#10;        at java.util.concurrent.locks.AbstractQueuedSynchronizer$ConditionObject.awaitNanos(AbstractQueuedSynchronizer.java:2078)&#10;        at java.util.concurrent.ScheduledThreadPoolExecutor$DelayedWorkQueue.take(ScheduledThreadPoolExecutor.java:1093)&#10;        at java.util.concurrent.ScheduledThreadPoolExecutor$DelayedWorkQueue.take(ScheduledThreadPoolExecutor.java:809)&#10;        at java.util.concurrent.ThreadPoolExecutor.getTask(ThreadPoolExecutor.java:1074)&#10;        at java.util.concurrent.ThreadPoolExecutor.runWorker(ThreadPoolExecutor.java:1134)&#10;        at java.util.concurrent.ThreadPoolExecutor$Worker.run(ThreadPoolExecutor.java:624)&#10;        at java.lang.Thread.run(Thread.java:748)&#10;&quot;Socket Reader #1 for port 0&quot;  prio=5 tid=4536 runnable&#10;java.lang.Thread.State: RUNNABLE&#10;        at sun.nio.ch.EPollArrayWrapper.epollWait(Native Method)&#10;        at sun.nio.ch.EPollArrayWrapper.poll(EPollArrayWrapper.java:269)&#10;        at sun.nio.ch.EPollSelectorImpl.doSelect(EPollSelectorImpl.java:93)&#10;        at sun.nio.ch.SelectorImpl.lockAndDoSelect(SelectorImpl.java:86)&#10;        at sun.nio.ch.SelectorImpl.select(SelectorImpl.java:97)&#10;        at sun.nio.ch.SelectorImpl.select(SelectorImpl.java:101)&#10;        at org.apache.hadoop.ipc.Server$Listener$Reader.doRunLoop(Server.java:1288)&#10;        at org.apache.hadoop.ipc.Server$Listener$Reader.run(Server.java:1267)&#10;&quot;PartialTableCache Cleanup Thread - 0&quot; daemon prio=5 tid=3843 in Object.wait()&#10;java.lang.Thread.State: WAITING (on object monitor)&#10;        at sun.misc.Unsafe.park(Native Method)&#10;        at java.util.concurrent.locks.LockSupport.park(LockSupport.java:175)&#10;        at java.util.concurrent.locks.AbstractQueuedSynchronizer$ConditionObject.await(AbstractQueuedSynchronizer.java:2039)&#10;        at java.util.concurrent.LinkedBlockingQueue.take(LinkedBlockingQueue.java:442)&#10;        at java.util.concurrent.ThreadPoolExecutor.getTask(ThreadPoolExecutor.java:1074)&#10;        at java.util.concurrent.ThreadPoolExecutor.runWorker(ThreadPoolExecutor.java:1134)&#10;        at java.util.concurrent.ThreadPoolExecutor$Worker.run(ThreadPoolExecutor.java:624)&#10;        at java.lang.Thread.run(Thread.java:748)&#10;&quot;BlockDeletingService#0&quot; daemon prio=5 tid=4675 in Object.wait()&#10;java.lang.Thread.State: WAITING (on object monitor)&#10;        at sun.misc.Unsafe.park(Native Method)&#10;        at java.util.concurrent.locks.LockSupport.park(LockSupport.java:175)&#10;        at java.util.concurrent.locks.AbstractQueuedSynchronizer$ConditionObject.await(AbstractQueuedSynchronizer.java:2039)&#10;        at java.util.concurrent.ScheduledThreadPoolExecutor$DelayedWorkQueue.take(ScheduledThreadPoolExecutor.java:1088)&#10;        at java.util.concurrent.ScheduledThreadPoolExecutor$DelayedWorkQueue.take(ScheduledThreadPoolExecutor.java:809)&#10;        at java.util.concurrent.ThreadPoolExecutor.getTask(ThreadPoolExecutor.java:1074)&#10;        at java.util.concurrent.ThreadPoolExecutor.runWorker(ThreadPoolExecutor.java:1134)&#10;        at java.util.concurrent.ThreadPoolExecutor$Worker.run(ThreadPoolExecutor.java:624)&#10;        at java.lang.Thread.run(Thread.java:748)&#10;&quot;qtp2069929890-4548-acceptor-0@6e1515d0-ServerConnector@26f8e09e{HTTP/1.1, (http/1.1)}{0.0.0.0:41067}&quot; daemon prio=3 tid=4548 runnable&#10;java.lang.Thread.State: RUNNABLE&#10;        at sun.nio.ch.ServerSocketChannelImpl.accept0(Native Method)&#10;        at sun.nio.ch.ServerSocketChannelImpl.accept(ServerSocketChannelImpl.java:421)&#10;        at sun.nio.ch.ServerSocketChannelImpl.accept(ServerSocketChannelImpl.java:249)&#10;        at org.eclipse.jetty.server.ServerConnector.accept(ServerConnector.java:388)&#10;        at org.eclipse.jetty.server.AbstractConnector$Acceptor.run(AbstractConnector.java:702)&#10;        at org.eclipse.jetty.util.thread.QueuedThreadPool.runJob(QueuedThreadPool.java:883)&#10;        at org.eclipse.jetty.util.thread.QueuedThreadPool$Runner.run(QueuedThreadPool.java:1034)&#10;        at java.lang.Thread.run(Thread.java:748)&#10;&quot;Datanode ReportManager Thread - 4&quot; daemon prio=5 tid=4650 in Object.wait()&#10;java.lang.Thread.State: WAITING (on object monitor)&#10;        at sun.misc.Unsafe.park(Native Method)&#10;        at java.util.concurrent.locks.LockSupport.park(LockSupport.java:175)&#10;        at java.util.concurrent.locks.AbstractQueuedSynchronizer$ConditionObject.await(AbstractQueuedSynchronizer.java:2039)&#10;        at java.util.concurrent.ScheduledThreadPoolExecutor$DelayedWorkQueue.take(ScheduledThreadPoolExecutor.java:1088)&#10;        at java.util.concurrent.ScheduledThreadPoolExecutor$DelayedWorkQueue.take(ScheduledThreadPoolExecutor.java:809)&#10;        at java.util.concurrent.ThreadPoolExecutor.getTask(ThreadPoolExecutor.java:1074)&#10;        at java.util.concurrent.ThreadPoolExecutor.runWorker(ThreadPoolExecutor.java:1134)&#10;        at java.util.concurrent.ThreadPoolExecutor$Worker.run(ThreadPoolExecutor.java:624)&#10;        at java.lang.Thread.run(Thread.java:748)&#10;&quot;om1@group-C5BA1605619E-StateMachineUpdater&quot; daemon prio=5 tid=4540 in Object.wait()&#10;java.lang.Thread.State: WAITING (on object monitor)&#10;        at java.lang.Object.wait(Native Method)&#10;        at java.lang.Object.wait(Object.java:502)&#10;        at org.apache.ratis.server.impl.StateMachineUpdater.waitForCommit(StateMachineUpdater.java:204)&#10;        at org.apache.ratis.server.impl.StateMachineUpdater.run(StateMachineUpdater.java:173)&#10;        at java.lang.Thread.run(Thread.java:748)&#10;&quot;DeleteBlocksCommandHandlerThread-0&quot; daemon prio=5 tid=8308 timed_waiting&#10;java.lang.Thread.State: TIMED_WAITING&#10;        at sun.misc.Unsafe.park(Native Method)&#10;        at java.util.concurrent.locks.LockSupport.parkNanos(LockSupport.java:215)&#10;        at java.util.concurrent.locks.AbstractQueuedSynchronizer$ConditionObject.awaitNanos(AbstractQueuedSynchronizer.java:2078)&#10;        at java.util.concurrent.LinkedBlockingQueue.poll(LinkedBlockingQueue.java:467)&#10;        at java.util.concurrent.ThreadPoolExecutor.getTask(ThreadPoolExecutor.java:1073)&#10;        at java.util.concurrent.ThreadPoolExecutor.runWorker(ThreadPoolExecutor.java:1134)&#10;        at java.util.concurrent.ThreadPoolExecutor$Worker.run(ThreadPoolExecutor.java:624)&#10;        at java.lang.Thread.run(Thread.java:748)&#10;&quot;qtp1221770347-4611&quot; daemon prio=5 tid=4611 timed_waiting&#10;java.lang.Thread.State: TIMED_WAITING&#10;        at sun.misc.Unsafe.park(Native Method)&#10;        at java.util.concurrent.locks.LockSupport.parkNanos(LockSupport.java:215)&#10;        at java.util.concurrent.locks.AbstractQueuedSynchronizer$ConditionObject.awaitNanos(AbstractQueuedSynchronizer.java:2078)&#10;        at org.eclipse.jetty.util.BlockingArrayQueue.poll(BlockingArrayQueue.java:382)&#10;        at org.eclipse.jetty.util.thread.QueuedThreadPool$Runner.idleJobPoll(QueuedThreadPool.java:974)&#10;        at org.eclipse.jetty.util.thread.QueuedThreadPool$Runner.run(QueuedThreadPool.java:1018)&#10;        at java.lang.Thread.run(Thread.java:748)&#10;&quot;java.util.concurrent.ThreadPoolExecutor$Worker@6655d10a[State = -1, empty queue]&quot; daemon prio=5 tid=4744 timed_waiting&#10;java.lang.Thread.State: TIMED_WAITING&#10;        at sun.misc.Unsafe.park(Native Method)&#10;        at java.util.concurrent.locks.LockSupport.parkNanos(LockSupport.java:215)&#10;        at java.util.concurrent.locks.AbstractQueuedSynchronizer$ConditionObject.awaitNanos(AbstractQueuedSynchronizer.java:2078)&#10;        at java.util.concurrent.ScheduledThreadPoolExecutor$DelayedWorkQueue.take(ScheduledThreadPoolExecutor.java:1093)&#10;        at java.util.concurrent.ScheduledThreadPoolExecutor$DelayedWorkQueue.take(ScheduledThreadPoolExecutor.java:809)&#10;        at java.util.concurrent.ThreadPoolExecutor.getTask(ThreadPoolExecutor.java:1074)&#10;        at java.util.concurrent.ThreadPoolExecutor.runWorker(ThreadPoolExecutor.java:1134)&#10;        at java.util.concurrent.ThreadPoolExecutor$Worker.run(ThreadPoolExecutor.java:624)&#10;        at java.lang.Thread.run(Thread.java:748)&#10;&quot;qtp797601589-4590&quot; daemon prio=5 tid=4590 timed_waiting&#10;java.lang.Thread.State: TIMED_WAITING&#10;        at sun.misc.Unsafe.park(Native Method)&#10;        at java.util.concurrent.locks.LockSupport.parkNanos(LockSupport.java:215)&#10;        at java.util.concurrent.locks.AbstractQueuedSynchronizer$ConditionObject.awaitNanos(AbstractQueuedSynchronizer.java:2078)&#10;        at org.eclipse.jetty.util.BlockingArrayQueue.poll(BlockingArrayQueue.java:382)&#10;        at org.eclipse.jetty.util.thread.QueuedThreadPool$Runner.idleJobPoll(QueuedThreadPool.java:974)&#10;        at org.eclipse.jetty.util.thread.QueuedThreadPool$Runner.run(QueuedThreadPool.java:1018)&#10;        at java.lang.Thread.run(Thread.java:748)&#10;&quot;qtp1221770347-4615&quot; daemon prio=5 tid=4615 timed_waiting&#10;java.lang.Thread.State: TIMED_WAITING&#10;        at sun.misc.Unsafe.park(Native Method)&#10;        at java.util.concurrent.locks.LockSupport.parkNanos(LockSupport.java:215)&#10;        at java.util.concurrent.locks.AbstractQueuedSynchronizer$ConditionObject.awaitNanos(AbstractQueuedSynchronizer.java:2078)&#10;        at org.eclipse.jetty.util.BlockingArrayQueue.poll(BlockingArrayQueue.java:382)&#10;        at org.eclipse.jetty.util.thread.QueuedThreadPool$Runner.idleJobPoll(QueuedThreadPool.java:974)&#10;        at org.eclipse.jetty.util.thread.QueuedThreadPool$Runner.run(QueuedThreadPool.java:1018)&#10;        at java.lang.Thread.run(Thread.java:748)&#10;&quot;pool-467-thread-8&quot;  prio=5 tid=4830 in Object.wait()&#10;java.lang.Thread.State: WAITING (on object monitor)&#10;        at sun.misc.Unsafe.park(Native Method)&#10;        at java.util.concurrent.locks.LockSupport.park(LockSupport.java:175)&#10;        at java.util.concurrent.locks.AbstractQueuedSynchronizer$ConditionObject.await(AbstractQueuedSynchronizer.java:2039)&#10;        at java.util.concurrent.LinkedBlockingQueue.take(LinkedBlockingQueue.java:442)&#10;        at java.util.concurrent.ThreadPoolExecutor.getTask(ThreadPoolExecutor.java:1074)&#10;        at java.util.concurrent.ThreadPoolExecutor.runWorker(ThreadPoolExecutor.java:1134)&#10;        at java.util.concurrent.ThreadPoolExecutor$Worker.run(ThreadPoolExecutor.java:624)&#10;        at java.lang.Thread.run(Thread.java:748)&#10;&quot;pool-465-thread-5&quot;  prio=5 tid=4805 in Object.wait()&#10;java.lang.Thread.State: WAITING (on object monitor)&#10;        at sun.misc.Unsafe.park(Native Method)&#10;        at java.util.concurrent.locks.LockSupport.park(LockSupport.java:175)&#10;        at java.util.concurrent.locks.AbstractQueuedSynchronizer$ConditionObject.await(AbstractQueuedSynchronizer.java:2039)&#10;        at java.util.concurrent.LinkedBlockingQueue.take(LinkedBlockingQueue.java:442)&#10;        at java.util.concurrent.ThreadPoolExecutor.getTask(ThreadPoolExecutor.java:1074)&#10;        at java.util.concurrent.ThreadPoolExecutor.runWorker(ThreadPoolExecutor.java:1134)&#10;        at java.util.concurrent.ThreadPoolExecutor$Worker.run(ThreadPoolExecutor.java:624)&#10;        at java.lang.Thread.run(Thread.java:748)&#10;&quot;BlockDeletingService#1&quot; daemon prio=5 tid=4676 in Object.wait()&#10;java.lang.Thread.State: WAITING (on object monitor)&#10;        at sun.misc.Unsafe.park(Native Method)&#10;        at java.util.concurrent.locks.LockSupport.park(LockSupport.java:175)&#10;        at java.util.concurrent.locks.AbstractQueuedSynchronizer$ConditionObject.await(AbstractQueuedSynchronizer.java:2039)&#10;        at java.util.concurrent.ScheduledThreadPoolExecutor$DelayedWorkQueue.take(ScheduledThreadPoolExecutor.java:1088)&#10;        at java.util.concurrent.ScheduledThreadPoolExecutor$DelayedWorkQueue.take(ScheduledThreadPoolExecutor.java:809)&#10;        at java.util.concurrent.ThreadPoolExecutor.getTask(ThreadPoolExecutor.java:1074)&#10;        at java.util.concurrent.ThreadPoolExecutor.runWorker(ThreadPoolExecutor.java:1134)&#10;        at java.util.concurrent.ThreadPoolExecutor$Worker.run(ThreadPoolExecutor.java:624)&#10;        at java.lang.Thread.run(Thread.java:748)&#10;&quot;IPC Server handler 0 on default port 41905&quot; daemon prio=5 tid=4556 timed_waiting&#10;java.lang.Thread.State: TIMED_WAITING&#10;        at sun.misc.Unsafe.park(Native Method)&#10;        at java.util.concurrent.locks.LockSupport.parkNanos(LockSupport.java:215)&#10;        at java.util.concurrent.locks.AbstractQueuedSynchronizer$ConditionObject.awaitNanos(AbstractQueuedSynchronizer.java:2078)&#10;        at java.util.concurrent.LinkedBlockingQueue.poll(LinkedBlockingQueue.java:467)&#10;        at org.apache.hadoop.ipc.CallQueueManager.take(CallQueueManager.java:317)&#10;        at org.apache.hadoop.ipc.Server$Handler.run(Server.java:2932)&#10;&quot;IPC Server handler 15 on default port 41071&quot; daemon prio=5 tid=4493 timed_waiting&#10;java.lang.Thread.State: TIMED_WAITING&#10;        at sun.misc.Unsafe.park(Native Method)&#10;        at java.util.concurrent.locks.LockSupport.parkNanos(LockSupport.java:215)&#10;        at java.util.concurrent.locks.AbstractQueuedSynchronizer$ConditionObject.awaitNanos(AbstractQueuedSynchronizer.java:2078)&#10;        at java.util.concurrent.LinkedBlockingQueue.poll(LinkedBlockingQueue.java:467)&#10;        at org.apache.hadoop.ipc.CallQueueManager.take(CallQueueManager.java:317)&#10;        at org.apache.hadoop.ipc.Server$Handler.run(Server.java:2932)&#10;&quot;f89ecde1-abfa-4530-92e2-4a065b7725ea@group-E30A832DBA26-SegmentedRaftLogWorker&quot;  prio=5 tid=4733 timed_waiting&#10;java.lang.Thread.State: TIMED_WAITING&#10;        at sun.misc.Unsafe.park(Native Method)&#10;        at java.util.concurrent.locks.LockSupport.parkNanos(LockSupport.java:215)&#10;        at java.util.concurrent.locks.AbstractQueuedSynchronizer$ConditionObject.awaitNanos(AbstractQueuedSynchronizer.java:2078)&#10;        at org.apache.ratis.util.DataBlockingQueue.poll(DataBlockingQueue.java:137)&#10;        at org.apache.ratis.server.raftlog.segmented.SegmentedRaftLogWorker.run(SegmentedRaftLogWorker.java:292)&#10;        at org.apache.ratis.server.raftlog.segmented.SegmentedRaftLogWorker$$Lambda$467/1230090799.run(Unknown Source)&#10;        at java.lang.Thread.run(Thread.java:748)&#10;&quot;Session-HouseKeeper-69c6fc5a-1&quot;  prio=5 tid=4644 timed_waiting&#10;java.lang.Thread.State: TIMED_WAITING&#10;        at sun.misc.Unsafe.park(Native Method)&#10;        at java.util.concurrent.locks.LockSupport.parkNanos(LockSupport.java:215)&#10;        at java.util.concurrent.locks.AbstractQueuedSynchronizer$ConditionObject.awaitNanos(AbstractQueuedSynchronizer.java:2078)&#10;        at java.util.concurrent.ScheduledThreadPoolExecutor$DelayedWorkQueue.take(ScheduledThreadPoolExecutor.java:1093)&#10;        at java.util.concurrent.ScheduledThreadPoolExecutor$DelayedWorkQueue.take(ScheduledThreadPoolExecutor.java:809)&#10;        at java.util.concurrent.ThreadPoolExecutor.getTask(ThreadPoolExecutor.java:1074)&#10;        at java.util.concurrent.ThreadPoolExecutor.runWorker(ThreadPoolExecutor.java:1134)&#10;        at java.util.concurrent.ThreadPoolExecutor$Worker.run(ThreadPoolExecutor.java:624)&#10;        at java.lang.Thread.run(Thread.java:748)&#10;&quot;org.apache.hadoop.ozone.container.common.statemachine.commandhandler.DeleteBlocksCommandHandler$DeleteCmdWorker@7a932c03&quot; daemon prio=5 tid=4582 timed_waiting&#10;java.lang.Thread.State: TIMED_WAITING&#10;        at java.lang.Thread.sleep(Native Method)&#10;        at org.apache.hadoop.ozone.container.common.statemachine.commandhandler.DeleteBlocksCommandHandler$DeleteCmdWorker.run(DeleteBlocksCommandHandler.java:174)&#10;        at java.lang.Thread.run(Thread.java:748)&#10;&quot;c2c40a72-a699-49b1-b721-1997d9d2c71f@group-E30A832DBA26-&gt;0475d2c2-d46f-403e-95a5-8ff1a5c32338-GrpcLogAppender-LogAppenderDaemon&quot; daemon prio=5 tid=4743 timed_waiting&#10;java.lang.Thread.State: TIMED_WAITING&#10;        at java.lang.Object.wait(Native Method)&#10;        at org.apache.ratis.grpc.server.GrpcLogAppender.mayWait(GrpcLogAppender.java:173)&#10;        at org.apache.ratis.grpc.server.GrpcLogAppender.run(GrpcLogAppender.java:125)&#10;        at org.apache.ratis.server.leader.LogAppenderDaemon.run(LogAppenderDaemon.java:77)&#10;        at org.apache.ratis.server.leader.LogAppenderDaemon$$Lambda$818/1836067268.run(Unknown Source)&#10;        at java.lang.Thread.run(Thread.java:748)&#10;&quot;BlockDeletingService#9&quot; daemon prio=5 tid=4705 in Object.wait()&#10;java.lang.Thread.State: WAITING (on object monitor)&#10;        at sun.misc.Unsafe.park(Native Method)&#10;        at java.util.concurrent.locks.LockSupport.park(LockSupport.java:175)&#10;        at java.util.concurrent.locks.AbstractQueuedSynchronizer$ConditionObject.await(AbstractQueuedSynchronizer.java:2039)&#10;        at java.util.concurrent.ScheduledThreadPoolExecutor$DelayedWorkQueue.take(ScheduledThreadPoolExecutor.java:1088)&#10;        at java.util.concurrent.ScheduledThreadPoolExecutor$DelayedWorkQueue.take(ScheduledThreadPoolExecutor.java:809)&#10;        at java.util.concurrent.ThreadPoolExecutor.getTask(ThreadPoolExecutor.java:1074)&#10;        at java.util.concurrent.ThreadPoolExecutor.runWorker(ThreadPoolExecutor.java:1134)&#10;        at java.util.concurrent.ThreadPoolExecutor$Worker.run(ThreadPoolExecutor.java:624)&#10;        at java.lang.Thread.run(Thread.java:748)&#10;&quot;EndpointStateMachine task thread for /0.0.0.0:36083 - 0 &quot;  prio=5 tid=245 in Object.wait()&#10;java.lang.Thread.State: WAITING (on object monitor)&#10;        at sun.misc.Unsafe.park(Native Method)&#10;        at java.util.concurrent.locks.LockSupport.park(LockSupport.java:175)&#10;        at java.util.concurrent.locks.AbstractQueuedSynchronizer$ConditionObject.await(AbstractQueuedSynchronizer.java:2039)&#10;        at java.util.concurrent.LinkedBlockingQueue.take(LinkedBlockingQueue.java:442)&#10;        at java.util.concurrent.ThreadPoolExecutor.getTask(ThreadPoolExecutor.java:1074)&#10;        at java.util.concurrent.ThreadPoolExecutor.runWorker(ThreadPoolExecutor.java:1134)&#10;        at java.util.concurrent.ThreadPoolExecutor$Worker.run(ThreadPoolExecutor.java:624)&#10;        at java.lang.Thread.run(Thread.java:748)&#10;&quot;EventQueue-DatanodeCommandForSCMNodeManager&quot;  prio=5 tid=4714 in Object.wait()&#10;java.lang.Thread.State: WAITING (on object monitor)&#10;        at sun.misc.Unsafe.park(Native Method)&#10;        at java.util.concurrent.locks.LockSupport.park(LockSupport.java:175)&#10;        at java.util.concurrent.locks.AbstractQueuedSynchronizer$ConditionObject.await(AbstractQueuedSynchronizer.java:2039)&#10;        at java.util.concurrent.LinkedBlockingQueue.take(LinkedBlockingQueue.java:442)&#10;        at java.util.concurrent.ThreadPoolExecutor.getTask(ThreadPoolExecutor.java:1074)&#10;        at java.util.concurrent.ThreadPoolExecutor.runWorker(ThreadPoolExecutor.java:1134)&#10;        at java.util.concurrent.ThreadPoolExecutor$Worker.run(ThreadPoolExecutor.java:624)&#10;        at java.lang.Thread.run(Thread.java:748)&#10;&quot;IPC Server handler 16 on default port 38093&quot; daemon prio=5 tid=4514 timed_waiting&#10;java.lang.Thread.State: TIMED_WAITING&#10;        at sun.misc.Unsafe.park(Native Method)&#10;        at java.util.concurrent.locks.LockSupport.parkNanos(LockSupport.java:215)&#10;        at java.util.concurrent.locks.AbstractQueuedSynchronizer$ConditionObject.awaitNanos(AbstractQueuedSynchronizer.java:2078)&#10;        at java.util.concurrent.LinkedBlockingQueue.poll(LinkedBlockingQueue.java:467)&#10;        at org.apache.hadoop.ipc.CallQueueManager.take(CallQueueManager.java:317)&#10;        at org.apache.hadoop.ipc.Server$Handler.run(Server.java:2932)&#10;&quot;grpc-default-executor-5&quot; daemon prio=5 tid=3811 timed_waiting&#10;java.lang.Thread.State: TIMED_WAITING&#10;        at sun.misc.Unsafe.park(Native Method)&#10;        at java.util.concurrent.locks.LockSupport.parkNanos(LockSupport.java:215)&#10;        at java.util.concurrent.SynchronousQueue$TransferStack.awaitFulfill(SynchronousQueue.java:460)&#10;        at java.util.concurrent.SynchronousQueue$TransferStack.transfer(SynchronousQueue.java:362)&#10;        at java.util.concurrent.SynchronousQueue.poll(SynchronousQueue.java:941)&#10;        at java.util.concurrent.ThreadPoolExecutor.getTask(ThreadPoolExecutor.java:1073)&#10;        at java.util.concurrent.ThreadPoolExecutor.runWorker(ThreadPoolExecutor.java:1134)&#10;        at java.util.concurrent.ThreadPoolExecutor$Worker.run(ThreadPoolExecutor.java:624)&#10;        at java.lang.Thread.run(Thread.java:748)&#10;&quot;IPC Server handler 7 on default port 41905&quot; daemon prio=5 tid=4563 timed_waiting&#10;java.lang.Thread.State: TIMED_WAITING&#10;        at sun.misc.Unsafe.park(Native Method)&#10;        at java.util.concurrent.locks.LockSupport.parkNanos(LockSupport.java:215)&#10;        at java.util.concurrent.locks.AbstractQueuedSynchronizer$ConditionObject.awaitNanos(AbstractQueuedSynchronizer.java:2078)&#10;        at java.util.concurrent.LinkedBlockingQueue.poll(LinkedBlockingQueue.java:467)&#10;        at org.apache.hadoop.ipc.CallQueueManager.take(CallQueueManager.java:317)&#10;        at org.apache.hadoop.ipc.Server$Handler.run(Server.java:2932)&#10;&quot;qtp1199364158-4527&quot; daemon prio=5 tid=4527 timed_waiting&#10;java.lang.Thread.State: TIMED_WAITING&#10;        at sun.misc.Unsafe.park(Native Method)&#10;        at java.util.concurrent.locks.LockSupport.parkNanos(LockSupport.java:215)&#10;        at java.util.concurrent.locks.AbstractQueuedSynchronizer$ConditionObject.awaitNanos(AbstractQueuedSynchronizer.java:2078)&#10;        at org.eclipse.jetty.util.BlockingArrayQueue.poll(BlockingArrayQueue.java:382)&#10;        at org.eclipse.jetty.util.thread.QueuedThreadPool$Runner.idleJobPoll(QueuedThreadPool.java:974)&#10;        at org.eclipse.jetty.util.thread.QueuedThreadPool$Runner.run(QueuedThreadPool.java:1018)&#10;        at java.lang.Thread.run(Thread.java:748)&#10;&quot;ChunkWriter-0-0&quot; daemon prio=5 tid=4687 in Object.wait()&#10;java.lang.Thread.State: WAITING (on object monitor)&#10;        at sun.misc.Unsafe.park(Native Method)&#10;        at java.util.concurrent.locks.LockSupport.park(LockSupport.java:175)&#10;        at java.util.concurrent.locks.AbstractQueuedSynchronizer$ConditionObject.await(AbstractQueuedSynchronizer.java:2039)&#10;        at java.util.concurrent.LinkedBlockingDeque.takeFirst(LinkedBlockingDeque.java:492)&#10;        at java.util.concurrent.LinkedBlockingDeque.take(LinkedBlockingDeque.java:680)&#10;        at java.util.concurrent.ThreadPoolExecutor.getTask(ThreadPoolExecutor.java:1074)&#10;        at java.util.concurrent.ThreadPoolExecutor.runWorker(ThreadPoolExecutor.java:1134)&#10;        at java.util.concurrent.ThreadPoolExecutor$Worker.run(ThreadPoolExecutor.java:624)&#10;        at java.lang.Thread.run(Thread.java:748)&#10;&quot;pool-466-thread-2&quot;  prio=5 tid=4787 in Object.wait()&#10;java.lang.Thread.State: WAITING (on object monitor)&#10;        at sun.misc.Unsafe.park(Native Method)&#10;        at java.util.concurrent.locks.LockSupport.park(LockSupport.java:175)&#10;        at java.util.concurrent.locks.AbstractQueuedSynchronizer$ConditionObject.await(AbstractQueuedSynchronizer.java:2039)&#10;        at java.util.concurrent.LinkedBlockingQueue.take(LinkedBlockingQueue.java:442)&#10;        at java.util.concurrent.ThreadPoolExecutor.getTask(ThreadPoolExecutor.java:1074)&#10;        at java.util.concurrent.ThreadPoolExecutor.runWorker(ThreadPoolExecutor.java:1134)&#10;        at java.util.concurrent.ThreadPoolExecutor$Worker.run(ThreadPoolExecutor.java:624)&#10;        at java.lang.Thread.run(Thread.java:748)&#10;&quot;qtp1221770347-4612&quot; daemon prio=5 tid=4612 timed_waiting&#10;java.lang.Thread.State: TIMED_WAITING&#10;        at sun.misc.Unsafe.park(Native Method)&#10;        at java.util.concurrent.locks.LockSupport.parkNanos(LockSupport.java:215)&#10;        at java.util.concurrent.locks.AbstractQueuedSynchronizer$ConditionObject.awaitNanos(AbstractQueuedSynchronizer.java:2078)&#10;        at org.eclipse.jetty.util.BlockingArrayQueue.poll(BlockingArrayQueue.java:382)&#10;        at org.eclipse.jetty.util.thread.QueuedThreadPool$Runner.idleJobPoll(QueuedThreadPool.java:974)&#10;        at org.eclipse.jetty.util.thread.QueuedThreadPool$Runner.run(QueuedThreadPool.java:1018)&#10;        at java.lang.Thread.run(Thread.java:748)&#10;&quot;Socket Reader #1 for port 0&quot;  prio=5 tid=4448 runnable&#10;java.lang.Thread.State: RUNNABLE&#10;        at sun.nio.ch.EPollArrayWrapper.epollWait(Native Method)&#10;        at sun.nio.ch.EPollArrayWrapper.poll(EPollArrayWrapper.java:269)&#10;        at sun.nio.ch.EPollSelectorImpl.doSelect(EPollSelectorImpl.java:93)&#10;        at sun.nio.ch.SelectorImpl.lockAndDoSelect(SelectorImpl.java:86)&#10;        at sun.nio.ch.SelectorImpl.select(SelectorImpl.java:97)&#10;        at sun.nio.ch.SelectorImpl.select(SelectorImpl.java:101)&#10;        at org.apache.hadoop.ipc.Server$Listener$Reader.doRunLoop(Server.java:1288)&#10;        at org.apache.hadoop.ipc.Server$Listener$Reader.run(Server.java:1267)&#10;&quot;OMDoubleBufferFlushThread&quot; daemon prio=5 tid=4533 timed_waiting&#10;java.lang.Thread.State: TIMED_WAITING&#10;        at java.lang.Object.wait(Native Method)&#10;        at org.apache.hadoop.ozone.om.ratis.OzoneManagerDoubleBuffer.canFlush(OzoneManagerDoubleBuffer.java:509)&#10;        at org.apache.hadoop.ozone.om.ratis.OzoneManagerDoubleBuffer.flushTransactions(OzoneManagerDoubleBuffer.java:241)&#10;        at org.apache.hadoop.ozone.om.ratis.OzoneManagerDoubleBuffer$$Lambda$365/649699940.run(Unknown Source)&#10;        at java.lang.Thread.run(Thread.java:748)&#10;&quot;pool-467-thread-7&quot;  prio=5 tid=4827 in Object.wait()&#10;java.lang.Thread.State: WAITING (on object monitor)&#10;        at sun.misc.Unsafe.park(Native Method)&#10;        at java.util.concurrent.locks.LockSupport.park(LockSupport.java:175)&#10;        at java.util.concurrent.locks.AbstractQueuedSynchronizer$ConditionObject.await(AbstractQueuedSynchronizer.java:2039)&#10;        at java.util.concurrent.LinkedBlockingQueue.take(LinkedBlockingQueue.java:442)&#10;        at java.util.concurrent.ThreadPoolExecutor.getTask(ThreadPoolExecutor.java:1074)&#10;        at java.util.concurrent.ThreadPoolExecutor.runWorker(ThreadPoolExecutor.java:1134)&#10;        at java.util.concurrent.ThreadPoolExecutor$Worker.run(ThreadPoolExecutor.java:624)&#10;        at java.lang.Thread.run(Thread.java:748)&#10;&quot;pool-465-thread-1&quot;  prio=5 tid=4769 in Object.wait()&#10;java.lang.Thread.State: WAITING (on object monitor)&#10;        at sun.misc.Unsafe.park(Native Method)&#10;        at java.util.concurrent.locks.LockSupport.park(LockSupport.java:175)&#10;        at java.util.concurrent.locks.AbstractQueuedSynchronizer$ConditionObject.await(AbstractQueuedSynchronizer.java:2039)&#10;        at java.util.concurrent.LinkedBlockingQueue.take(LinkedBlockingQueue.java:442)&#10;        at java.util.concurrent.ThreadPoolExecutor.getTask(ThreadPoolExecutor.java:1074)&#10;        at java.util.concurrent.ThreadPoolExecutor.runWorker(ThreadPoolExecutor.java:1134)&#10;        at java.util.concurrent.ThreadPoolExecutor$Worker.run(ThreadPoolExecutor.java:624)&#10;        at java.lang.Thread.run(Thread.java:748)&#10;&quot;EndpointStateMachine task thread for /0.0.0.0:40379 - 0 &quot;  prio=5 tid=3719 in Object.wait()&#10;java.lang.Thread.State: WAITING (on object monitor)&#10;        at sun.misc.Unsafe.park(Native Method)&#10;        at java.util.concurrent.locks.LockSupport.park(LockSupport.java:175)&#10;        at java.util.concurrent.locks.AbstractQueuedSynchronizer$ConditionObject.await(AbstractQueuedSynchronizer.java:2039)&#10;        at java.util.concurrent.LinkedBlockingQueue.take(LinkedBlockingQueue.java:442)&#10;        at java.util.concurrent.ThreadPoolExecutor.getTask(ThreadPoolExecutor.java:1074)&#10;        at java.util.concurrent.ThreadPoolExecutor.runWorker(ThreadPoolExecutor.java:1134)&#10;        at java.util.concurrent.ThreadPoolExecutor$Worker.run(ThreadPoolExecutor.java:624)&#10;        at java.lang.Thread.run(Thread.java:748)&#10;&quot;Reference Handler&quot; daemon prio=10 tid=2 in Object.wait()&#10;java.lang.Thread.State: WAITING (on object monitor)&#10;        at java.lang.Object.wait(Native Method)&#10;        at java.lang.Object.wait(Object.java:502)&#10;        at java.lang.ref.Reference.tryHandlePending(Reference.java:191)&#10;        at java.lang.ref.Reference$ReferenceHandler.run(Reference.java:153)&#10;&quot;EventQueue-DeleteBlockStatusForDeletedBlockLogImpl&quot; daemon prio=5 tid=7542 in Object.wait()&#10;java.lang.Thread.State: WAITING (on object monitor)&#10;        at sun.misc.Unsafe.park(Native Method)&#10;        at java.util.concurrent.locks.LockSupport.park(LockSupport.java:175)&#10;        at java.util.concurrent.locks.AbstractQueuedSynchronizer$ConditionObject.await(AbstractQueuedSynchronizer.java:2039)&#10;        at java.util.concurrent.LinkedBlockingQueue.take(LinkedBlockingQueue.java:442)&#10;        at java.util.concurrent.ThreadPoolExecutor.getTask(ThreadPoolExecutor.java:1074)&#10;        at java.util.concurrent.ThreadPoolExecutor.runWorker(ThreadPoolExecutor.java:1134)&#10;        at java.util.concurrent.ThreadPoolExecutor$Worker.run(ThreadPoolExecutor.java:624)&#10;        at java.lang.Thread.run(Thread.java:748)&#10;&quot;BlockDeletingService#0&quot; daemon prio=5 tid=4662 in Object.wait()&#10;java.lang.Thread.State: WAITING (on object monitor)&#10;        at sun.misc.Unsafe.park(Native Method)&#10;        at java.util.concurrent.locks.LockSupport.park(LockSupport.java:175)&#10;        at java.util.concurrent.locks.AbstractQueuedSynchronizer$ConditionObject.await(AbstractQueuedSynchronizer.java:2039)&#10;        at java.util.concurrent.ScheduledThreadPoolExecutor$DelayedWorkQueue.take(ScheduledThreadPoolExecutor.java:1088)&#10;        at java.util.concurrent.ScheduledThreadPoolExecutor$DelayedWorkQueue.take(ScheduledThreadPoolExecutor.java:809)&#10;        at java.util.concurrent.ThreadPoolExecutor.getTask(ThreadPoolExecutor.java:1074)&#10;        at java.util.concurrent.ThreadPoolExecutor.runWorker(ThreadPoolExecutor.java:1134)&#10;        at java.util.concurrent.ThreadPoolExecutor$Worker.run(ThreadPoolExecutor.java:624)&#10;        at java.lang.Thread.run(Thread.java:748)&#10;&quot;org.apache.hadoop.util.JvmPauseMonitor$Monitor@633b5820&quot; daemon prio=5 tid=4652 timed_waiting&#10;java.lang.Thread.State: TIMED_WAITING&#10;        at java.lang.Thread.sleep(Native Method)&#10;        at org.apache.hadoop.util.JvmPauseMonitor$Monitor.run(JvmPauseMonitor.java:192)&#10;        at java.lang.Thread.run(Thread.java:748)&#10;&quot;IPC Server handler 5 on default port 38093&quot; daemon prio=5 tid=4503 timed_waiting&#10;java.lang.Thread.State: TIMED_WAITING&#10;        at sun.misc.Unsafe.park(Native Method)&#10;        at java.util.concurrent.locks.LockSupport.parkNanos(LockSupport.java:215)&#10;        at java.util.concurrent.locks.AbstractQueuedSynchronizer$ConditionObject.awaitNanos(AbstractQueuedSynchronizer.java:2078)&#10;        at java.util.concurrent.LinkedBlockingQueue.poll(LinkedBlockingQueue.java:467)&#10;        at org.apache.hadoop.ipc.CallQueueManager.take(CallQueueManager.java:317)&#10;        at org.apache.hadoop.ipc.Server$Handler.run(Server.java:2932)&#10;&quot;PartialTableCache Cleanup Thread - 0&quot; daemon prio=5 tid=343 in Object.wait()&#10;java.lang.Thread.State: WAITING (on object monitor)&#10;        at sun.misc.Unsafe.park(Native Method)&#10;        at java.util.concurrent.locks.LockSupport.park(LockSupport.java:175)&#10;        at java.util.concurrent.locks.AbstractQueuedSynchronizer$ConditionObject.await(AbstractQueuedSynchronizer.java:2039)&#10;        at java.util.concurrent.LinkedBlockingQueue.take(LinkedBlockingQueue.java:442)&#10;        at java.util.concurrent.ThreadPoolExecutor.getTask(ThreadPoolExecutor.java:1074)&#10;        at java.util.concurrent.ThreadPoolExecutor.runWorker(ThreadPoolExecutor.java:1134)&#10;        at java.util.concurrent.ThreadPoolExecutor$Worker.run(ThreadPoolExecutor.java:624)&#10;        at java.lang.Thread.run(Thread.java:748)&#10;&quot;org.apache.hadoop.ozone.container.common.statemachine.commandhandler.DeleteBlocksCommandHandler$DeleteCmdWorker@4162775a&quot; daemon prio=5 tid=4634 timed_waiting&#10;java.lang.Thread.State: TIMED_WAITING&#10;        at java.lang.Thread.sleep(Native Method)&#10;        at org.apache.hadoop.ozone.container.common.statemachine.commandhandler.DeleteBlocksCommandHandler$DeleteCmdWorker.run(DeleteBlocksCommandHandler.java:174)&#10;        at java.lang.Thread.run(Thread.java:748)&#10;&quot;FullTableCache Cleanup Thread - 0&quot; daemon prio=5 tid=340 in Object.wait()&#10;java.lang.Thread.State: WAITING (on object monitor)&#10;        at sun.misc.Unsafe.park(Native Method)&#10;        at java.util.concurrent.locks.LockSupport.park(LockSupport.java:175)&#10;        at java.util.concurrent.locks.AbstractQueuedSynchronizer$ConditionObject.await(AbstractQueuedSynchronizer.java:2039)&#10;        at java.util.concurrent.LinkedBlockingQueue.take(LinkedBlockingQueue.java:442)&#10;        at java.util.concurrent.ThreadPoolExecutor.getTask(ThreadPoolExecutor.java:1074)&#10;        at java.util.concurrent.ThreadPoolExecutor.runWorker(ThreadPoolExecutor.java:1134)&#10;        at java.util.concurrent.ThreadPoolExecutor$Worker.run(ThreadPoolExecutor.java:624)&#10;        at java.lang.Thread.run(Thread.java:748)&#10;&quot;ForkJoinPool.commonPool-worker-1&quot; daemon prio=5 tid=4792 timed_waiting&#10;java.lang.Thread.State: TIMED_WAITING&#10;        at sun.misc.Unsafe.park(Native Method)&#10;        at java.util.concurrent.ForkJoinPool.awaitWork(ForkJoinPool.java:1824)&#10;        at java.util.concurrent.ForkJoinPool.runWorker(ForkJoinPool.java:1693)&#10;        at java.util.concurrent.ForkJoinWorkerThread.run(ForkJoinWorkerThread.java:175)&#10;&quot;IPC Server handler 17 on default port 38093&quot; daemon prio=5 tid=4515 timed_waiting&#10;java.lang.Thread.State: TIMED_WAITING&#10;        at sun.misc.Unsafe.park(Native Method)&#10;        at java.util.concurrent.locks.LockSupport.parkNanos(LockSupport.java:215)&#10;        at java.util.concurrent.locks.AbstractQueuedSynchronizer$ConditionObject.awaitNanos(AbstractQueuedSynchronizer.java:2078)&#10;        at java.util.concurrent.LinkedBlockingQueue.poll(LinkedBlockingQueue.java:467)&#10;        at org.apache.hadoop.ipc.CallQueueManager.take(CallQueueManager.java:317)&#10;        at org.apache.hadoop.ipc.Server$Handler.run(Server.java:2932)&#10;&quot;c2c40a72-a699-49b1-b721-1997d9d2c71f@group-E30A832DBA26-StateMachineUpdater&quot; daemon prio=5 tid=4724 in Object.wait()&#10;java.lang.Thread.State: WAITING (on object monitor)&#10;        at java.lang.Object.wait(Native Method)&#10;        at java.lang.Object.wait(Object.java:502)&#10;        at org.apache.ratis.server.impl.StateMachineUpdater.waitForCommit(StateMachineUpdater.java:204)&#10;        at org.apache.ratis.server.impl.StateMachineUpdater.run(StateMachineUpdater.java:173)&#10;        at java.lang.Thread.run(Thread.java:748)&#10;&quot;pool-406-thread-1&quot;  prio=5 tid=4534 in Object.wait()&#10;java.lang.Thread.State: WAITING (on object monitor)&#10;        at sun.misc.Unsafe.park(Native Method)&#10;        at java.util.concurrent.locks.LockSupport.park(LockSupport.java:175)&#10;        at java.util.concurrent.locks.AbstractQueuedSynchronizer$ConditionObject.await(AbstractQueuedSynchronizer.java:2039)&#10;        at java.util.concurrent.LinkedBlockingQueue.take(LinkedBlockingQueue.java:442)&#10;        at java.util.concurrent.ThreadPoolExecutor.getTask(ThreadPoolExecutor.java:1074)&#10;        at java.util.concurrent.ThreadPoolExecutor.runWorker(ThreadPoolExecutor.java:1134)&#10;        at java.util.concurrent.ThreadPoolExecutor$Worker.run(ThreadPoolExecutor.java:624)&#10;        at java.lang.Thread.run(Thread.java:748)&#10;&quot;IPC Server handler 7 on default port 41071&quot; daemon prio=5 tid=4485 timed_waiting&#10;java.lang.Thread.State: TIMED_WAITING&#10;        at sun.misc.Unsafe.park(Native Method)&#10;        at java.util.concurrent.locks.LockSupport.parkNanos(LockSupport.java:215)&#10;        at java.util.concurrent.locks.AbstractQueuedSynchronizer$ConditionObject.awaitNanos(AbstractQueuedSynchronizer.java:2078)&#10;        at java.util.concurrent.LinkedBlockingQueue.poll(LinkedBlockingQueue.java:467)&#10;        at org.apache.hadoop.ipc.CallQueueManager.take(CallQueueManager.java:317)&#10;        at org.apache.hadoop.ipc.Server$Handler.run(Server.java:2932)&#10;&quot;pool-467-thread-6&quot;  prio=5 tid=4823 in Object.wait()&#10;java.lang.Thread.State: WAITING (on object monitor)&#10;        at sun.misc.Unsafe.park(Native Method)&#10;        at java.util.concurrent.locks.LockSupport.park(LockSupport.java:175)&#10;        at java.util.concurrent.locks.AbstractQueuedSynchronizer$ConditionObject.await(AbstractQueuedSynchronizer.java:2039)&#10;        at java.util.concurrent.LinkedBlockingQueue.take(LinkedBlockingQueue.java:442)&#10;        at java.util.concurrent.ThreadPoolExecutor.getTask(ThreadPoolExecutor.java:1074)&#10;        at java.util.concurrent.ThreadPoolExecutor.runWorker(ThreadPoolExecutor.java:1134)&#10;        at java.util.concurrent.ThreadPoolExecutor$Worker.run(ThreadPoolExecutor.java:624)&#10;        at java.lang.Thread.run(Thread.java:748)&#10;&quot;pool-386-thread-1&quot;  prio=5 tid=4520 timed_waiting&#10;java.lang.Thread.State: TIMED_WAITING&#10;        at sun.misc.Unsafe.park(Native Method)&#10;        at java.util.concurrent.locks.LockSupport.parkNanos(LockSupport.java:215)&#10;        at java.util.concurrent.locks.AbstractQueuedSynchronizer$ConditionObject.awaitNanos(AbstractQueuedSynchronizer.java:2078)&#10;        at java.util.concurrent.ScheduledThreadPoolExecutor$DelayedWorkQueue.take(ScheduledThreadPoolExecutor.java:1093)&#10;        at java.util.concurrent.ScheduledThreadPoolExecutor$DelayedWorkQueue.take(ScheduledThreadPoolExecutor.java:809)&#10;        at java.util.concurrent.ThreadPoolExecutor.getTask(ThreadPoolExecutor.java:1074)&#10;        at java.util.concurrent.ThreadPoolExecutor.runWorker(ThreadPoolExecutor.java:1134)&#10;        at java.util.concurrent.ThreadPoolExecutor$Worker.run(ThreadPoolExecutor.java:624)&#10;        at java.lang.Thread.run(Thread.java:748)&#10;&quot;pool-466-thread-5&quot;  prio=5 tid=4818 in Object.wait()&#10;java.lang.Thread.State: WAITING (on object monitor)&#10;        at sun.misc.Unsafe.park(Native Method)&#10;        at java.util.concurrent.locks.LockSupport.park(LockSupport.java:175)&#10;        at java.util.concurrent.locks.AbstractQueuedSynchronizer$ConditionObject.await(AbstractQueuedSynchronizer.java:2039)&#10;        at java.util.concurrent.LinkedBlockingQueue.take(LinkedBlockingQueue.java:442)&#10;        at java.util.concurrent.ThreadPoolExecutor.getTask(ThreadPoolExecutor.java:1074)&#10;        at java.util.concurrent.ThreadPoolExecutor.runWorker(ThreadPoolExecutor.java:1134)&#10;        at java.util.concurrent.ThreadPoolExecutor$Worker.run(ThreadPoolExecutor.java:624)&#10;        at java.lang.Thread.run(Thread.java:748)&#10;&quot;IPC Server handler 16 on default port 41071&quot; daemon prio=5 tid=4494 timed_waiting&#10;java.lang.Thread.State: TIMED_WAITING&#10;        at sun.misc.Unsafe.park(Native Method)&#10;        at java.util.concurrent.locks.LockSupport.parkNanos(LockSupport.java:215)&#10;        at java.util.concurrent.locks.AbstractQueuedSynchronizer$ConditionObject.awaitNanos(AbstractQueuedSynchronizer.java:2078)&#10;        at java.util.concurrent.LinkedBlockingQueue.poll(LinkedBlockingQueue.java:467)&#10;        at org.apache.hadoop.ipc.CallQueueManager.take(CallQueueManager.java:317)&#10;        at org.apache.hadoop.ipc.Server$Handler.run(Server.java:2932)&#10;&quot;DatanodeAdminManager-0&quot; daemon prio=5 tid=4442 timed_waiting&#10;java.lang.Thread.State: TIMED_WAITING&#10;        at sun.misc.Unsafe.park(Native Method)&#10;        at java.util.concurrent.locks.LockSupport.parkNanos(LockSupport.java:215)&#10;        at java.util.concurrent.locks.AbstractQueuedSynchronizer$ConditionObject.awaitNanos(AbstractQueuedSynchronizer.java:2078)&#10;        at java.util.concurrent.ScheduledThreadPoolExecutor$DelayedWorkQueue.take(ScheduledThreadPoolExecutor.java:1093)&#10;        at java.util.concurrent.ScheduledThreadPoolExecutor$DelayedWorkQueue.take(ScheduledThreadPoolExecutor.java:809)&#10;        at java.util.concurrent.ThreadPoolExecutor.getTask(ThreadPoolExecutor.java:1074)&#10;        at java.util.concurrent.ThreadPoolExecutor.runWorker(ThreadPoolExecutor.java:1134)&#10;        at java.util.concurrent.ThreadPoolExecutor$Worker.run(ThreadPoolExecutor.java:624)&#10;        at java.lang.Thread.run(Thread.java:748)&#10;&quot;qtp2069929890-4551&quot; daemon prio=5 tid=4551 timed_waiting&#10;java.lang.Thread.State: TIMED_WAITING&#10;        at sun.misc.Unsafe.park(Native Method)&#10;        at java.util.concurrent.locks.LockSupport.parkNanos(LockSupport.java:215)&#10;        at java.util.concurrent.locks.AbstractQueuedSynchronizer$ConditionObject.awaitNanos(AbstractQueuedSynchronizer.java:2078)&#10;        at org.eclipse.jetty.util.BlockingArrayQueue.poll(BlockingArrayQueue.java:382)&#10;        at org.eclipse.jetty.util.thread.QueuedThreadPool$Runner.idleJobPoll(QueuedThreadPool.java:974)&#10;        at org.eclipse.jetty.util.thread.QueuedThreadPool$Runner.run(QueuedThreadPool.java:1018)&#10;        at java.lang.Thread.run(Thread.java:748)&#10;&quot;IPC Server handler 16 on default port 41905&quot; daemon prio=5 tid=4572 timed_waiting&#10;java.lang.Thread.State: TIMED_WAITING&#10;        at sun.misc.Unsafe.park(Native Method)&#10;        at java.util.concurrent.locks.LockSupport.parkNanos(LockSupport.java:215)&#10;        at java.util.concurrent.locks.AbstractQueuedSynchronizer$ConditionObject.awaitNanos(AbstractQueuedSynchronizer.java:2078)&#10;        at java.util.concurrent.LinkedBlockingQueue.poll(LinkedBlockingQueue.java:467)&#10;        at org.apache.hadoop.ipc.CallQueueManager.take(CallQueueManager.java:317)&#10;        at org.apache.hadoop.ipc.Server$Handler.run(Server.java:2932)&#10;&quot;grpc-default-worker-ELG-3-1&quot; daemon prio=5 tid=305 runnable&#10;java.lang.Thread.State: RUNNABLE&#10;        at org.apache.ratis.thirdparty.io.netty.channel.epoll.Native.epollWait(Native Method)&#10;        at org.apache.ratis.thirdparty.io.netty.channel.epoll.Native.epollWait(Native.java:177)&#10;        at org.apache.ratis.thirdparty.io.netty.channel.epoll.Native.epollWait(Native.java:170)&#10;        at org.apache.ratis.thirdparty.io.netty.channel.epoll.EpollEventLoop.epollWaitNoTimerChange(EpollEventLoop.java:290)&#10;        at org.apache.ratis.thirdparty.io.netty.channel.epoll.EpollEventLoop.run(EpollEventLoop.java:347)&#10;        at org.apache.ratis.thirdparty.io.netty.util.concurrent.SingleThreadEventExecutor$4.run(SingleThreadEventExecutor.java:989)&#10;        at org.apache.ratis.thirdparty.io.netty.util.internal.ThreadExecutorMap$2.run(ThreadExecutorMap.java:74)&#10;        at org.apache.ratis.thirdparty.io.netty.util.concurrent.FastThreadLocalRunnable.run(FastThreadLocalRunnable.java:30)&#10;        at java.lang.Thread.run(Thread.java:748)&#10;&quot;qtp1930352477-4643&quot; daemon prio=5 tid=4643 timed_waiting&#10;java.lang.Thread.State: TIMED_WAITING&#10;        at sun.misc.Unsafe.park(Native Method)&#10;        at java.util.concurrent.locks.LockSupport.parkNanos(LockSupport.java:215)&#10;        at java.util.concurrent.locks.AbstractQueuedSynchronizer$ConditionObject.awaitNanos(AbstractQueuedSynchronizer.java:2078)&#10;        at org.eclipse.jetty.util.BlockingArrayQueue.poll(BlockingArrayQueue.java:382)&#10;        at org.eclipse.jetty.util.thread.QueuedThreadPool$Runner.idleJobPoll(QueuedThreadPool.java:974)&#10;        at org.eclipse.jetty.util.thread.QueuedThreadPool$Runner.run(QueuedThreadPool.java:1018)&#10;        at java.lang.Thread.run(Thread.java:748)&#10;&quot;Datanode ReportManager Thread - 1&quot; daemon prio=5 tid=4647 in Object.wait()&#10;java.lang.Thread.State: WAITING (on object monitor)&#10;        at sun.misc.Unsafe.park(Native Method)&#10;        at java.util.concurrent.locks.LockSupport.park(LockSupport.java:175)&#10;        at java.util.concurrent.locks.AbstractQueuedSynchronizer$ConditionObject.await(AbstractQueuedSynchronizer.java:2039)&#10;        at java.util.concurrent.ScheduledThreadPoolExecutor$DelayedWorkQueue.take(ScheduledThreadPoolExecutor.java:1088)&#10;        at java.util.concurrent.ScheduledThreadPoolExecutor$DelayedWorkQueue.take(ScheduledThreadPoolExecutor.java:809)&#10;        at java.util.concurrent.ThreadPoolExecutor.getTask(ThreadPoolExecutor.java:1074)&#10;        at java.util.concurrent.ThreadPoolExecutor.runWorker(ThreadPoolExecutor.java:1134)&#10;        at java.util.concurrent.ThreadPoolExecutor$Worker.run(ThreadPoolExecutor.java:624)&#10;        at java.lang.Thread.run(Thread.java:748)&#10;&quot;qtp1930352477-4642&quot; daemon prio=5 tid=4642 timed_waiting&#10;java.lang.Thread.State: TIMED_WAITING&#10;        at sun.misc.Unsafe.park(Native Method)&#10;        at java.util.concurrent.locks.LockSupport.parkNanos(LockSupport.java:215)&#10;        at java.util.concurrent.locks.AbstractQueuedSynchronizer$ConditionObject.awaitNanos(AbstractQueuedSynchronizer.java:2078)&#10;        at org.eclipse.jetty.util.BlockingArrayQueue.poll(BlockingArrayQueue.java:382)&#10;        at org.eclipse.jetty.util.thread.QueuedThreadPool$Runner.idleJobPoll(QueuedThreadPool.java:974)&#10;        at org.eclipse.jetty.util.thread.QueuedThreadPool$Runner.run(QueuedThreadPool.java:1018)&#10;        at java.lang.Thread.run(Thread.java:748)&#10;&quot;pool-465-thread-9&quot;  prio=5 tid=4832 in Object.wait()&#10;java.lang.Thread.State: WAITING (on object monitor)&#10;        at sun.misc.Unsafe.park(Native Method)&#10;        at java.util.concurrent.locks.LockSupport.park(LockSupport.java:175)&#10;        at java.util.concurrent.locks.AbstractQueuedSynchronizer$ConditionObject.await(AbstractQueuedSynchronizer.java:2039)&#10;        at java.util.concurrent.LinkedBlockingQueue.take(LinkedBlockingQueue.java:442)&#10;        at java.util.concurrent.ThreadPoolExecutor.getTask(ThreadPoolExecutor.java:1074)&#10;        at java.util.concurrent.ThreadPoolExecutor.runWorker(ThreadPoolExecutor.java:1134)&#10;        at java.util.concurrent.ThreadPoolExecutor$Worker.run(ThreadPoolExecutor.java:624)&#10;        at java.lang.Thread.run(Thread.java:748)&#10;&quot;IPC Server handler 12 on default port 41905&quot; daemon prio=5 tid=4568 timed_waiting&#10;java.lang.Thread.State: TIMED_WAITING&#10;        at sun.misc.Unsafe.park(Native Method)&#10;        at java.util.concurrent.locks.LockSupport.parkNanos(LockSupport.java:215)&#10;        at java.util.concurrent.locks.AbstractQueuedSynchronizer$ConditionObject.awaitNanos(AbstractQueuedSynchronizer.java:2078)&#10;        at java.util.concurrent.LinkedBlockingQueue.poll(LinkedBlockingQueue.java:467)&#10;        at org.apache.hadoop.ipc.CallQueueManager.take(CallQueueManager.java:317)&#10;        at org.apache.hadoop.ipc.Server$Handler.run(Server.java:2932)&#10;&quot;Timer for &apos;StorageContainerManager&apos; metrics system&quot; daemon prio=5 tid=4455 timed_waiting&#10;java.lang.Thread.State: TIMED_WAITING&#10;        at java.lang.Object.wait(Native Method)&#10;        at java.util.TimerThread.mainLoop(Timer.java:552)&#10;        at java.util.TimerThread.run(Timer.java:505)&#10;&quot;0475d2c2-d46f-403e-95a5-8ff1a5c32338@group-E30A832DBA26-SegmentedRaftLogWorker&quot;  prio=5 tid=4727 timed_waiting&#10;java.lang.Thread.State: TIMED_WAITING&#10;        at sun.misc.Unsafe.park(Native Method)&#10;        at java.util.concurrent.locks.LockSupport.parkNanos(LockSupport.java:215)&#10;        at java.util.concurrent.locks.AbstractQueuedSynchronizer$ConditionObject.awaitNanos(AbstractQueuedSynchronizer.java:2078)&#10;        at org.apache.ratis.util.DataBlockingQueue.poll(DataBlockingQueue.java:137)&#10;        at org.apache.ratis.server.raftlog.segmented.SegmentedRaftLogWorker.run(SegmentedRaftLogWorker.java:292)&#10;        at org.apache.ratis.server.raftlog.segmented.SegmentedRaftLogWorker$$Lambda$467/1230090799.run(Unknown Source)&#10;        at java.lang.Thread.run(Thread.java:748)&#10;&quot;qtp797601589-4588&quot; daemon prio=5 tid=4588 timed_waiting&#10;java.lang.Thread.State: TIMED_WAITING&#10;        at sun.misc.Unsafe.park(Native Method)&#10;        at java.util.concurrent.locks.LockSupport.parkNanos(LockSupport.java:215)&#10;        at java.util.concurrent.locks.AbstractQueuedSynchronizer$ConditionObject.awaitNanos(AbstractQueuedSynchronizer.java:2078)&#10;        at org.eclipse.jetty.util.BlockingArrayQueue.poll(BlockingArrayQueue.java:382)&#10;        at org.eclipse.jetty.util.thread.QueuedThreadPool$Runner.idleJobPoll(QueuedThreadPool.java:974)&#10;        at org.eclipse.jetty.util.thread.QueuedThreadPool$Runner.run(QueuedThreadPool.java:1018)&#10;        at java.lang.Thread.run(Thread.java:748)&#10;&quot;IPC Server handler 4 on default port 41071&quot; daemon prio=5 tid=4482 timed_waiting&#10;java.lang.Thread.State: TIMED_WAITING&#10;        at sun.misc.Unsafe.park(Native Method)&#10;        at java.util.concurrent.locks.LockSupport.parkNanos(LockSupport.java:215)&#10;        at java.util.concurrent.locks.AbstractQueuedSynchronizer$ConditionObject.awaitNanos(AbstractQueuedSynchronizer.java:2078)&#10;        at java.util.concurrent.LinkedBlockingQueue.poll(LinkedBlockingQueue.java:467)&#10;        at org.apache.hadoop.ipc.CallQueueManager.take(CallQueueManager.java:317)&#10;        at org.apache.hadoop.ipc.Server$Handler.run(Server.java:2932)&#10;&quot;BlockDeletingService#4&quot; daemon prio=5 tid=4666 runnable&#10;java.lang.Thread.State: RUNNABLE&#10;        at sun.misc.Unsafe.park(Native Method)&#10;        at java.util.concurrent.locks.LockSupport.park(LockSupport.java:175)&#10;        at java.util.concurrent.CompletableFuture$Signaller.block(CompletableFuture.java:1707)&#10;        at java.util.concurrent.ForkJoinPool.managedBlock(ForkJoinPool.java:3323)&#10;        at java.util.concurrent.CompletableFuture.waitingGet(CompletableFuture.java:1742)&#10;        at java.util.concurrent.CompletableFuture.get(CompletableFuture.java:1908)&#10;        at org.apache.ratis.server.impl.RaftServerImpl.waitForReply(RaftServerImpl.java:880)&#10;        at org.apache.ratis.server.impl.RaftServerProxy.getGroupInfo(RaftServerProxy.java:524)&#10;        at org.apache.hadoop.ozone.container.common.transport.server.ratis.XceiverServerRatis.getMinReplicatedIndex(XceiverServerRatis.java:843)&#10;        at org.apache.hadoop.ozone.container.keyvalue.statemachine.background.BlockDeletingService.isDeletionAllowed(BlockDeletingService.java:206)&#10;        at org.apache.hadoop.ozone.container.keyvalue.statemachine.background.BlockDeletingService.lambda$chooseContainerForBlockDeletion$0(BlockDeletingService.java:180)&#10;        at org.apache.hadoop.ozone.container.keyvalue.statemachine.background.BlockDeletingService$$Lambda$680/729106810.test(Unknown Source)&#10;        at java.util.stream.ReferencePipeline$2$1.accept(ReferencePipeline.java:174)&#10;        at java.util.Collections$UnmodifiableMap$UnmodifiableEntrySet.lambda$entryConsumer$0(Collections.java:1577)&#10;        at java.util.Collections$UnmodifiableMap$UnmodifiableEntrySet$$Lambda$683/290269891.accept(Unknown Source)&#10;        at java.util.concurrent.ConcurrentSkipListMap$EntrySpliterator.forEachRemaining(ConcurrentSkipListMap.java:3535)&#10;        at java.util.Collections$UnmodifiableMap$UnmodifiableEntrySet$UnmodifiableEntrySetSpliterator.forEachRemaining(Collections.java:1602)&#10;        at java.util.stream.AbstractPipeline.copyInto(AbstractPipeline.java:482)&#10;        at java.util.stream.AbstractPipeline.wrapAndCopyInto(AbstractPipeline.java:472)&#10;        at java.util.stream.ReduceOps$ReduceOp.evaluateSequential(ReduceOps.java:708)&#10;        at java.util.stream.AbstractPipeline.evaluate(AbstractPipeline.java:234)&#10;        at java.util.stream.ReferencePipeline.collect(ReferencePipeline.java:566)&#10;        at org.apache.hadoop.ozone.container.keyvalue.statemachine.background.BlockDeletingService.chooseContainerForBlockDeletion(BlockDeletingService.java:181)&#10;        at org.apache.hadoop.ozone.container.keyvalue.statemachine.background.BlockDeletingService.getTasks(BlockDeletingService.java:145)&#10;        at org.apache.hadoop.hdds.utils.BackgroundService$PeriodicalTask.run(BackgroundService.java:97)&#10;        at java.util.concurrent.Executors$RunnableAdapter.call(Executors.java:511)&#10;        at java.util.concurrent.FutureTask.runAndReset(FutureTask.java:308)&#10;        at java.util.concurrent.ScheduledThreadPoolExecutor$ScheduledFutureTask.access$301(ScheduledThreadPoolExecutor.java:180)&#10;        at java.util.concurrent.ScheduledThreadPoolExecutor$ScheduledFutureTask.run(ScheduledThreadPoolExecutor.java:294)&#10;        at java.util.concurrent.ThreadPoolExecutor.runWorker(ThreadPoolExecutor.java:1149)&#10;        at java.util.concurrent.ThreadPoolExecutor$Worker.run(ThreadPoolExecutor.java:624)&#10;        at java.lang.Thread.run(Thread.java:748)&#10;&quot;org.apache.ratis.util.JvmPauseMonitor$$Lambda$531/1393706494@4cd58a27&quot; daemon prio=5 tid=4691 timed_waiting&#10;java.lang.Thread.State: TIMED_WAITING&#10;        at java.lang.Thread.sleep(Native Method)&#10;        at java.lang.Thread.sleep(Thread.java:340)&#10;        at java.util.concurrent.TimeUnit.sleep(TimeUnit.java:386)&#10;        at org.apache.ratis.util.TimeDuration.sleep(TimeDuration.java:324)&#10;        at org.apache.ratis.util.TimeDuration.sleep(TimeDuration.java:309)&#10;        at org.apache.ratis.util.JvmPauseMonitor.detectPause(JvmPauseMonitor.java:117)&#10;        at org.apache.ratis.util.JvmPauseMonitor.run(JvmPauseMonitor.java:106)&#10;        at org.apache.ratis.util.JvmPauseMonitor$$Lambda$531/1393706494.run(Unknown Source)&#10;        at java.lang.Thread.run(Thread.java:748)&#10;&quot;pool-431-thread-1&quot; daemon prio=5 tid=4605 timed_waiting&#10;java.lang.Thread.State: TIMED_WAITING&#10;        at sun.misc.Unsafe.park(Native Method)&#10;        at java.util.concurrent.locks.LockSupport.parkNanos(LockSupport.java:215)&#10;        at java.util.concurrent.locks.AbstractQueuedSynchronizer$ConditionObject.awaitNanos(AbstractQueuedSynchronizer.java:2078)&#10;        at java.util.concurrent.ScheduledThreadPoolExecutor$DelayedWorkQueue.take(ScheduledThreadPoolExecutor.java:1093)&#10;        at java.util.concurrent.ScheduledThreadPoolExecutor$DelayedWorkQueue.take(ScheduledThreadPoolExecutor.java:809)&#10;        at java.util.concurrent.ThreadPoolExecutor.getTask(ThreadPoolExecutor.java:1074)&#10;        at java.util.concurrent.ThreadPoolExecutor.runWorker(ThreadPoolExecutor.java:1134)&#10;        at java.util.concurrent.ThreadPoolExecutor$Worker.run(ThreadPoolExecutor.java:624)&#10;        at java.lang.Thread.run(Thread.java:748)&#10;&quot;pool-465-thread-2&quot;  prio=5 tid=4786 in Object.wait()&#10;java.lang.Thread.State: WAITING (on object monitor)&#10;        at sun.misc.Unsafe.park(Native Method)&#10;        at java.util.concurrent.locks.LockSupport.park(LockSupport.java:175)&#10;        at java.util.concurrent.locks.AbstractQueuedSynchronizer$ConditionObject.await(AbstractQueuedSynchronizer.java:2039)&#10;        at java.util.concurrent.LinkedBlockingQueue.take(LinkedBlockingQueue.java:442)&#10;        at java.util.concurrent.ThreadPoolExecutor.getTask(ThreadPoolExecutor.java:1074)&#10;        at java.util.concurrent.ThreadPoolExecutor.runWorker(ThreadPoolExecutor.java:1134)&#10;        at java.util.concurrent.ThreadPoolExecutor$Worker.run(ThreadPoolExecutor.java:624)&#10;        at java.lang.Thread.run(Thread.java:748)&#10;&quot;IPC Server idle connection scanner for port 46035&quot; daemon prio=5 tid=4453 timed_waiting&#10;java.lang.Thread.State: TIMED_WAITING&#10;        at java.lang.Object.wait(Native Method)&#10;        at java.util.TimerThread.mainLoop(Timer.java:552)&#10;        at java.util.TimerThread.run(Timer.java:505)&#10;&quot;Datanode State Machine Task Thread - 1&quot;  prio=5 tid=4668 in Object.wait()&#10;java.lang.Thread.State: WAITING (on object monitor)&#10;        at sun.misc.Unsafe.park(Native Method)&#10;        at java.util.concurrent.locks.LockSupport.park(LockSupport.java:175)&#10;        at java.util.concurrent.locks.AbstractQueuedSynchronizer$ConditionObject.await(AbstractQueuedSynchronizer.java:2039)&#10;        at java.util.concurrent.LinkedBlockingQueue.take(LinkedBlockingQueue.java:442)&#10;        at java.util.concurrent.ThreadPoolExecutor.getTask(ThreadPoolExecutor.java:1074)&#10;        at java.util.concurrent.ThreadPoolExecutor.runWorker(ThreadPoolExecutor.java:1134)&#10;        at java.util.concurrent.ThreadPoolExecutor$Worker.run(ThreadPoolExecutor.java:624)&#10;        at java.lang.Thread.run(Thread.java:748)&#10;&quot;qtp1199364158-4525&quot; daemon prio=5 tid=4525 timed_waiting&#10;java.lang.Thread.State: TIMED_WAITING&#10;        at sun.misc.Unsafe.park(Native Method)&#10;        at java.util.concurrent.locks.LockSupport.parkNanos(LockSupport.java:215)&#10;        at java.util.concurrent.locks.AbstractQueuedSynchronizer$ConditionObject.awaitNanos(AbstractQueuedSynchronizer.java:2078)&#10;        at org.eclipse.jetty.util.BlockingArrayQueue.poll(BlockingArrayQueue.java:382)&#10;        at org.eclipse.jetty.util.thread.QueuedThreadPool$Runner.idleJobPoll(QueuedThreadPool.java:974)&#10;        at org.eclipse.jetty.util.thread.QueuedThreadPool$Runner.run(QueuedThreadPool.java:1018)&#10;        at java.lang.Thread.run(Thread.java:748)&#10;&quot;PartialTableCache Cleanup Thread - 0&quot; daemon prio=5 tid=3940 in Object.wait()&#10;java.lang.Thread.State: WAITING (on object monitor)&#10;        at sun.misc.Unsafe.park(Native Method)&#10;        at java.util.concurrent.locks.LockSupport.park(LockSupport.java:175)&#10;        at java.util.concurrent.locks.AbstractQueuedSynchronizer$ConditionObject.await(AbstractQueuedSynchronizer.java:2039)&#10;        at java.util.concurrent.LinkedBlockingQueue.take(LinkedBlockingQueue.java:442)&#10;        at java.util.concurrent.ThreadPoolExecutor.getTask(ThreadPoolExecutor.java:1074)&#10;        at java.util.concurrent.ThreadPoolExecutor.runWorker(ThreadPoolExecutor.java:1134)&#10;        at java.util.concurrent.ThreadPoolExecutor$Worker.run(ThreadPoolExecutor.java:624)&#10;        at java.lang.Thread.run(Thread.java:748)&#10;&quot;EndpointStateMachine task thread for /0.0.0.0:40379 - 0 &quot;  prio=5 tid=3734 in Object.wait()&#10;java.lang.Thread.State: WAITING (on object monitor)&#10;        at sun.misc.Unsafe.park(Native Method)&#10;        at java.util.concurrent.locks.LockSupport.park(LockSupport.java:175)&#10;        at java.util.concurrent.locks.AbstractQueuedSynchronizer$ConditionObject.await(AbstractQueuedSynchronizer.java:2039)&#10;        at java.util.concurrent.LinkedBlockingQueue.take(LinkedBlockingQueue.java:442)&#10;        at java.util.concurrent.ThreadPoolExecutor.getTask(ThreadPoolExecutor.java:1074)&#10;        at java.util.concurrent.ThreadPoolExecutor.runWorker(ThreadPoolExecutor.java:1134)&#10;        at java.util.concurrent.ThreadPoolExecutor$Worker.run(ThreadPoolExecutor.java:624)&#10;        at java.lang.Thread.run(Thread.java:748)&#10;&quot;Command processor thread&quot; daemon prio=5 tid=4599 timed_waiting&#10;java.lang.Thread.State: TIMED_WAITING&#10;        at java.lang.Thread.sleep(Native Method)&#10;        at org.apache.hadoop.ozone.container.common.statemachine.DatanodeStateMachine.lambda$initCommandHandlerThread$2(DatanodeStateMachine.java:563)&#10;        at org.apache.hadoop.ozone.container.common.statemachine.DatanodeStateMachine$$Lambda$571/1328530415.run(Unknown Source)&#10;        at java.lang.Thread.run(Thread.java:748)&#10;&quot;java.util.concurrent.ThreadPoolExecutor$Worker@131dce29[State = -1, empty queue]&quot; daemon prio=5 tid=3833 timed_waiting&#10;java.lang.Thread.State: TIMED_WAITING&#10;        at sun.misc.Unsafe.park(Native Method)&#10;        at java.util.concurrent.locks.LockSupport.parkNanos(LockSupport.java:215)&#10;        at java.util.concurrent.locks.AbstractQueuedSynchronizer$ConditionObject.awaitNanos(AbstractQueuedSynchronizer.java:2078)&#10;        at java.util.concurrent.ScheduledThreadPoolExecutor$DelayedWorkQueue.take(ScheduledThreadPoolExecutor.java:1093)&#10;        at java.util.concurrent.ScheduledThreadPoolExecutor$DelayedWorkQueue.take(ScheduledThreadPoolExecutor.java:809)&#10;        at java.util.concurrent.ThreadPoolExecutor.getTask(ThreadPoolExecutor.java:1074)&#10;        at java.util.concurrent.ThreadPoolExecutor.runWorker(ThreadPoolExecutor.java:1134)&#10;        at java.util.concurrent.ThreadPoolExecutor$Worker.run(ThreadPoolExecutor.java:624)&#10;        at java.lang.Thread.run(Thread.java:748)&#10;&quot;DeleteBlocksCommandHandlerThread-0&quot; daemon prio=5 tid=7457 timed_waiting&#10;java.lang.Thread.State: TIMED_WAITING&#10;        at sun.misc.Unsafe.park(Native Method)&#10;        at java.util.concurrent.locks.LockSupport.parkNanos(LockSupport.java:215)&#10;        at java.util.concurrent.locks.AbstractQueuedSynchronizer$ConditionObject.awaitNanos(AbstractQueuedSynchronizer.java:2078)&#10;        at java.util.concurrent.LinkedBlockingQueue.poll(LinkedBlockingQueue.java:467)&#10;        at java.util.concurrent.ThreadPoolExecutor.getTask(ThreadPoolExecutor.java:1073)&#10;        at java.util.concurrent.ThreadPoolExecutor.runWorker(ThreadPoolExecutor.java:1134)&#10;        at java.util.concurrent.ThreadPoolExecutor$Worker.run(ThreadPoolExecutor.java:624)&#10;        at java.lang.Thread.run(Thread.java:748)&#10;&quot;IPC Server handler 2 on default port 41071&quot; daemon prio=5 tid=4480 timed_waiting&#10;java.lang.Thread.State: TIMED_WAITING&#10;        at sun.misc.Unsafe.park(Native Method)&#10;        at java.util.concurrent.locks.LockSupport.parkNanos(LockSupport.java:215)&#10;        at java.util.concurrent.locks.AbstractQueuedSynchronizer$ConditionObject.awaitNanos(AbstractQueuedSynchronizer.java:2078)&#10;        at java.util.concurrent.LinkedBlockingQueue.poll(LinkedBlockingQueue.java:467)&#10;        at org.apache.hadoop.ipc.CallQueueManager.take(CallQueueManager.java:317)&#10;        at org.apache.hadoop.ipc.Server$Handler.run(Server.java:2932)&#10;&quot;IPC Server handler 9 on default port 41905&quot; daemon prio=5 tid=4565 timed_waiting&#10;java.lang.Thread.State: TIMED_WAITING&#10;        at sun.misc.Unsafe.park(Native Method)&#10;        at java.util.concurrent.locks.LockSupport.parkNanos(LockSupport.java:215)&#10;        at java.util.concurrent.locks.AbstractQueuedSynchronizer$ConditionObject.awaitNanos(AbstractQueuedSynchronizer.java:2078)&#10;        at java.util.concurrent.LinkedBlockingQueue.poll(LinkedBlockingQueue.java:467)&#10;        at org.apache.hadoop.ipc.CallQueueManager.take(CallQueueManager.java:317)&#10;        at org.apache.hadoop.ipc.Server$Handler.run(Server.java:2932)&#10;&quot;BlockDeletingService#3&quot; daemon prio=5 tid=4697 in Object.wait()&#10;java.lang.Thread.State: WAITING (on object monitor)&#10;        at sun.misc.Unsafe.park(Native Method)&#10;        at java.util.concurrent.locks.LockSupport.park(LockSupport.java:175)&#10;        at java.util.concurrent.locks.AbstractQueuedSynchronizer$ConditionObject.await(AbstractQueuedSynchronizer.java:2039)&#10;        at java.util.concurrent.ScheduledThreadPoolExecutor$DelayedWorkQueue.take(ScheduledThreadPoolExecutor.java:1088)&#10;        at java.util.concurrent.ScheduledThreadPoolExecutor$DelayedWorkQueue.take(ScheduledThreadPoolExecutor.java:809)&#10;        at java.util.concurrent.ThreadPoolExecutor.getTask(ThreadPoolExecutor.java:1074)&#10;        at java.util.concurrent.ThreadPoolExecutor.runWorker(ThreadPoolExecutor.java:1134)&#10;        at java.util.concurrent.ThreadPoolExecutor$Worker.run(ThreadPoolExecutor.java:624)&#10;        at java.lang.Thread.run(Thread.java:748)&#10;&quot;Datanode ReportManager Thread - 4&quot; daemon prio=5 tid=4625 in Object.wait()&#10;java.lang.Thread.State: WAITING (on object monitor)&#10;        at sun.misc.Unsafe.park(Native Method)&#10;        at java.util.concurrent.locks.LockSupport.park(LockSupport.java:175)&#10;        at java.util.concurrent.locks.AbstractQueuedSynchronizer$ConditionObject.await(AbstractQueuedSynchronizer.java:2039)&#10;        at java.util.concurrent.ScheduledThreadPoolExecutor$DelayedWorkQueue.take(ScheduledThreadPoolExecutor.java:1088)&#10;        at java.util.concurrent.ScheduledThreadPoolExecutor$DelayedWorkQueue.take(ScheduledThreadPoolExecutor.java:809)&#10;        at java.util.concurrent.ThreadPoolExecutor.getTask(ThreadPoolExecutor.java:1074)&#10;        at java.util.concurrent.ThreadPoolExecutor.runWorker(ThreadPoolExecutor.java:1134)&#10;        at java.util.concurrent.ThreadPoolExecutor$Worker.run(ThreadPoolExecutor.java:624)&#10;        at java.lang.Thread.run(Thread.java:748)&#10;&quot;Datanode State Machine Task Thread - 0&quot;  prio=5 tid=4601 in Object.wait()&#10;java.lang.Thread.State: WAITING (on object monitor)&#10;        at sun.misc.Unsafe.park(Native Method)&#10;        at java.util.concurrent.locks.LockSupport.park(LockSupport.java:175)&#10;        at java.util.concurrent.locks.AbstractQueuedSynchronizer$ConditionObject.await(AbstractQueuedSynchronizer.java:2039)&#10;        at java.util.concurrent.LinkedBlockingQueue.take(LinkedBlockingQueue.java:442)&#10;        at java.util.concurrent.ThreadPoolExecutor.getTask(ThreadPoolExecutor.java:1074)&#10;        at java.util.concurrent.ThreadPoolExecutor.runWorker(ThreadPoolExecutor.java:1134)&#10;        at java.util.concurrent.ThreadPoolExecutor$Worker.run(ThreadPoolExecutor.java:624)&#10;        at java.lang.Thread.run(Thread.java:748)&#10;&quot;pool-467-thread-3&quot;  prio=5 tid=4791 in Object.wait()&#10;java.lang.Thread.State: WAITING (on object monitor)&#10;        at sun.misc.Unsafe.park(Native Method)&#10;        at java.util.concurrent.locks.LockSupport.park(LockSupport.java:175)&#10;        at java.util.concurrent.locks.AbstractQueuedSynchronizer$ConditionObject.await(AbstractQueuedSynchronizer.java:2039)&#10;        at java.util.concurrent.LinkedBlockingQueue.take(LinkedBlockingQueue.java:442)&#10;        at java.util.concurrent.ThreadPoolExecutor.getTask(ThreadPoolExecutor.java:1074)&#10;        at java.util.concurrent.ThreadPoolExecutor.runWorker(ThreadPoolExecutor.java:1134)&#10;        at java.util.concurrent.ThreadPoolExecutor$Worker.run(ThreadPoolExecutor.java:624)&#10;        at java.lang.Thread.run(Thread.java:748)&#10;&quot;ChunkWriter-3-0&quot; daemon prio=5 tid=4673 in Object.wait()&#10;java.lang.Thread.State: WAITING (on object monitor)&#10;        at sun.misc.Unsafe.park(Native Method)&#10;        at java.util.concurrent.locks.LockSupport.park(LockSupport.java:175)&#10;        at java.util.concurrent.locks.AbstractQueuedSynchronizer$ConditionObject.await(AbstractQueuedSynchronizer.java:2039)&#10;        at java.util.concurrent.LinkedBlockingDeque.takeFirst(LinkedBlockingDeque.java:492)&#10;        at java.util.concurrent.LinkedBlockingDeque.take(LinkedBlockingDeque.java:680)&#10;        at java.util.concurrent.ThreadPoolExecutor.getTask(ThreadPoolExecutor.java:1074)&#10;        at java.util.concurrent.ThreadPoolExecutor.runWorker(ThreadPoolExecutor.java:1134)&#10;        at java.util.concurrent.ThreadPoolExecutor$Worker.run(ThreadPoolExecutor.java:624)&#10;        at java.lang.Thread.run(Thread.java:748)&#10;&quot;BlockDeletingService#1&quot; daemon prio=5 tid=4693 in Object.wait()&#10;java.lang.Thread.State: WAITING (on object monitor)&#10;        at sun.misc.Unsafe.park(Native Method)&#10;        at java.util.concurrent.locks.LockSupport.park(LockSupport.java:175)&#10;        at java.util.concurrent.locks.AbstractQueuedSynchronizer$ConditionObject.await(AbstractQueuedSynchronizer.java:2039)&#10;        at java.util.concurrent.ScheduledThreadPoolExecutor$DelayedWorkQueue.take(ScheduledThreadPoolExecutor.java:1088)&#10;        at java.util.concurrent.ScheduledThreadPoolExecutor$DelayedWorkQueue.take(ScheduledThreadPoolExecutor.java:809)&#10;        at java.util.concurrent.ThreadPoolExecutor.getTask(ThreadPoolExecutor.java:1074)&#10;        at java.util.concurrent.ThreadPoolExecutor.runWorker(ThreadPoolExecutor.java:1134)&#10;        at java.util.concurrent.ThreadPoolExecutor$Worker.run(ThreadPoolExecutor.java:624)&#10;        at java.lang.Thread.run(Thread.java:748)&#10;&quot;Datanode State Machine Task Thread - 1&quot;  prio=5 tid=4684 in Object.wait()&#10;java.lang.Thread.State: WAITING (on object monitor)&#10;        at sun.misc.Unsafe.park(Native Method)&#10;        at java.util.concurrent.locks.LockSupport.park(LockSupport.java:175)&#10;        at java.util.concurrent.locks.AbstractQueuedSynchronizer$ConditionObject.await(AbstractQueuedSynchronizer.java:2039)&#10;        at java.util.concurrent.LinkedBlockingQueue.take(LinkedBlockingQueue.java:442)&#10;        at java.util.concurrent.ThreadPoolExecutor.getTask(ThreadPoolExecutor.java:1074)&#10;        at java.util.concurrent.ThreadPoolExecutor.runWorker(ThreadPoolExecutor.java:1134)&#10;        at java.util.concurrent.ThreadPoolExecutor$Worker.run(ThreadPoolExecutor.java:624)&#10;        at java.lang.Thread.run(Thread.java:748)&#10;&quot;qtp2069929890-4553&quot; daemon prio=5 tid=4553 timed_waiting&#10;java.lang.Thread.State: TIMED_WAITING&#10;        at sun.misc.Unsafe.park(Native Method)&#10;        at java.util.concurrent.locks.LockSupport.parkNanos(LockSupport.java:215)&#10;        at java.util.concurrent.locks.AbstractQueuedSynchronizer$ConditionObject.awaitNanos(AbstractQueuedSynchronizer.java:2078)&#10;        at org.eclipse.jetty.util.BlockingArrayQueue.poll(BlockingArrayQueue.java:382)&#10;        at org.eclipse.jetty.util.thread.QueuedThreadPool$Runner.idleJobPoll(QueuedThreadPool.java:974)&#10;        at org.eclipse.jetty.util.thread.QueuedThreadPool$Runner.run(QueuedThreadPool.java:1018)&#10;        at java.lang.Thread.run(Thread.java:748)&#10;&quot;Command processor thread&quot; daemon prio=5 tid=4626 timed_waiting&#10;java.lang.Thread.State: TIMED_WAITING&#10;        at java.lang.Thread.sleep(Native Method)&#10;        at org.apache.hadoop.ozone.container.common.statemachine.DatanodeStateMachine.lambda$initCommandHandlerThread$2(DatanodeStateMachine.java:563)&#10;        at org.apache.hadoop.ozone.container.common.statemachine.DatanodeStateMachine$$Lambda$571/1328530415.run(Unknown Source)&#10;        at java.lang.Thread.run(Thread.java:748)&#10;&quot;pool-407-thread-1&quot;  prio=5 tid=4546 timed_waiting&#10;java.lang.Thread.State: TIMED_WAITING&#10;        at sun.misc.Unsafe.park(Native Method)&#10;        at java.util.concurrent.locks.LockSupport.parkNanos(LockSupport.java:215)&#10;        at java.util.concurrent.locks.AbstractQueuedSynchronizer$ConditionObject.awaitNanos(AbstractQueuedSynchronizer.java:2078)&#10;        at java.util.concurrent.ScheduledThreadPoolExecutor$DelayedWorkQueue.take(ScheduledThreadPoolExecutor.java:1093)&#10;        at java.util.concurrent.ScheduledThreadPoolExecutor$DelayedWorkQueue.take(ScheduledThreadPoolExecutor.java:809)&#10;        at java.util.concurrent.ThreadPoolExecutor.getTask(ThreadPoolExecutor.java:1074)&#10;        at java.util.concurrent.ThreadPoolExecutor.runWorker(ThreadPoolExecutor.java:1134)&#10;        at java.util.concurrent.ThreadPoolExecutor$Worker.run(ThreadPoolExecutor.java:624)&#10;        at java.lang.Thread.run(Thread.java:748)&#10;&quot;org.apache.hadoop.ozone.container.common.statemachine.commandhandler.DeleteBlocksCommandHandler$DeleteCmdWorker@55eb10c0&quot; daemon prio=5 tid=3646 runnable&#10;java.lang.Thread.State: RUNNABLE&#10;        at java.lang.Throwable.fillInStackTrace(Native Method)&#10;        at java.lang.Throwable.fillInStackTrace(Throwable.java:784)&#10;        at java.lang.Throwable.&lt;init&gt;(Throwable.java:266)&#10;        at java.lang.Exception.&lt;init&gt;(Exception.java:66)&#10;        at java.lang.InterruptedException.&lt;init&gt;(InterruptedException.java:67)&#10;        at java.lang.Thread.sleep(Native Method)&#10;        at org.apache.hadoop.ozone.container.common.statemachine.commandhandler.DeleteBlocksCommandHandler$DeleteCmdWorker.run(DeleteBlocksCommandHandler.java:174)&#10;        at java.lang.Thread.run(Thread.java:748)&#10;&quot;pool-438-thread-1&quot;  prio=5 tid=4726 in Object.wait()&#10;java.lang.Thread.State: WAITING (on object monitor)&#10;        at sun.misc.Unsafe.park(Native Method)&#10;        at java.util.concurrent.locks.LockSupport.park(LockSupport.java:175)&#10;        at java.util.concurrent.locks.AbstractQueuedSynchronizer$ConditionObject.await(AbstractQueuedSynchronizer.java:2039)&#10;        at java.util.concurrent.LinkedBlockingQueue.take(LinkedBlockingQueue.java:442)&#10;        at java.util.concurrent.ThreadPoolExecutor.getTask(ThreadPoolExecutor.java:1074)&#10;        at java.util.concurrent.ThreadPoolExecutor.runWorker(ThreadPoolExecutor.java:1134)&#10;        at java.util.concurrent.ThreadPoolExecutor$Worker.run(ThreadPoolExecutor.java:624)&#10;        at java.lang.Thread.run(Thread.java:748)&#10;&quot;grpc-default-executor-4&quot; daemon prio=5 tid=3810 timed_waiting&#10;java.lang.Thread.State: TIMED_WAITING&#10;        at sun.misc.Unsafe.park(Native Method)&#10;        at java.util.concurrent.locks.LockSupport.parkNanos(LockSupport.java:215)&#10;        at java.util.concurrent.SynchronousQueue$TransferStack.awaitFulfill(SynchronousQueue.java:460)&#10;        at java.util.concurrent.SynchronousQueue$TransferStack.transfer(SynchronousQueue.java:362)&#10;        at java.util.concurrent.SynchronousQueue.poll(SynchronousQueue.java:941)&#10;        at java.util.concurrent.ThreadPoolExecutor.getTask(ThreadPoolExecutor.java:1073)&#10;        at java.util.concurrent.ThreadPoolExecutor.runWorker(ThreadPoolExecutor.java:1134)&#10;        at java.util.concurrent.ThreadPoolExecutor$Worker.run(ThreadPoolExecutor.java:624)&#10;        at java.lang.Thread.run(Thread.java:748)&#10;&quot;pool-467-thread-1&quot;  prio=5 tid=4777 in Object.wait()&#10;java.lang.Thread.State: WAITING (on object monitor)&#10;        at sun.misc.Unsafe.park(Native Method)&#10;        at java.util.concurrent.locks.LockSupport.park(LockSupport.java:175)&#10;        at java.util.concurrent.locks.AbstractQueuedSynchronizer$ConditionObject.await(AbstractQueuedSynchronizer.java:2039)&#10;        at java.util.concurrent.LinkedBlockingQueue.take(LinkedBlockingQueue.java:442)&#10;        at java.util.concurrent.ThreadPoolExecutor.getTask(ThreadPoolExecutor.java:1074)&#10;        at java.util.concurrent.ThreadPoolExecutor.runWorker(ThreadPoolExecutor.java:1134)&#10;        at java.util.concurrent.ThreadPoolExecutor$Worker.run(ThreadPoolExecutor.java:624)&#10;        at java.lang.Thread.run(Thread.java:748)&#10;&quot;qtp2069929890-4549&quot; daemon prio=5 tid=4549 timed_waiting&#10;java.lang.Thread.State: TIMED_WAITING&#10;        at sun.misc.Unsafe.park(Native Method)&#10;        at java.util.concurrent.locks.LockSupport.parkNanos(LockSupport.java:215)&#10;        at java.util.concurrent.locks.AbstractQueuedSynchronizer$ConditionObject.awaitNanos(AbstractQueuedSynchronizer.java:2078)&#10;        at org.eclipse.jetty.util.BlockingArrayQueue.poll(BlockingArrayQueue.java:382)&#10;        at org.eclipse.jetty.util.thread.QueuedThreadPool$Runner.idleJobPoll(QueuedThreadPool.java:974)&#10;        at org.eclipse.jetty.util.thread.QueuedThreadPool$Runner.run(QueuedThreadPool.java:1018)&#10;        at java.lang.Thread.run(Thread.java:748)&#10;&quot;qtp1199364158-4522-acceptor-0@1b39d69d-ServerConnector@7eb6889c{HTTP/1.1, (http/1.1)}{0.0.0.0:46305}&quot; daemon prio=3 tid=4522 runnable&#10;java.lang.Thread.State: RUNNABLE&#10;        at sun.nio.ch.ServerSocketChannelImpl.accept0(Native Method)&#10;        at sun.nio.ch.ServerSocketChannelImpl.accept(ServerSocketChannelImpl.java:421)&#10;        at sun.nio.ch.ServerSocketChannelImpl.accept(ServerSocketChannelImpl.java:249)&#10;        at org.eclipse.jetty.server.ServerConnector.accept(ServerConnector.java:388)&#10;        at org.eclipse.jetty.server.AbstractConnector$Acceptor.run(AbstractConnector.java:702)&#10;        at org.eclipse.jetty.util.thread.QueuedThreadPool.runJob(QueuedThreadPool.java:883)&#10;        at org.eclipse.jetty.util.thread.QueuedThreadPool$Runner.run(QueuedThreadPool.java:1034)&#10;        at java.lang.Thread.run(Thread.java:748)&#10;&quot;org.apache.hadoop.ozone.container.common.statemachine.commandhandler.DeleteBlocksCommandHandler$DeleteCmdWorker@128921c4&quot; daemon prio=5 tid=186 runnable&#10;java.lang.Thread.State: RUNNABLE&#10;        at java.lang.Thread.sleep(Native Method)&#10;        at org.apache.hadoop.ozone.container.common.statemachine.commandhandler.DeleteBlocksCommandHandler$DeleteCmdWorker.run(DeleteBlocksCommandHandler.java:174)&#10;        at java.lang.Thread.run(Thread.java:748)&#10;&quot;Signal Dispatcher&quot; daemon prio=9 tid=4 runnable&#10;java.lang.Thread.State: RUNNABLE&#10;&quot;pool-466-thread-1&quot;  prio=5 tid=4783 in Object.wait()&#10;java.lang.Thread.State: WAITING (on object monitor)&#10;        at sun.misc.Unsafe.park(Native Method)&#10;        at java.util.concurrent.locks.LockSupport.park(LockSupport.java:175)&#10;        at java.util.concurrent.locks.AbstractQueuedSynchronizer$ConditionObject.await(AbstractQueuedSynchronizer.java:2039)&#10;        at java.util.concurrent.LinkedBlockingQueue.take(LinkedBlockingQueue.java:442)&#10;        at java.util.concurrent.ThreadPoolExecutor.getTask(ThreadPoolExecutor.java:1074)&#10;        at java.util.concurrent.ThreadPoolExecutor.runWorker(ThreadPoolExecutor.java:1134)&#10;        at java.util.concurrent.ThreadPoolExecutor$Worker.run(ThreadPoolExecutor.java:624)&#10;        at java.lang.Thread.run(Thread.java:748)&#10;&quot;qtp1930352477-4640&quot; daemon prio=5 tid=4640 timed_waiting&#10;java.lang.Thread.State: TIMED_WAITING&#10;        at sun.misc.Unsafe.park(Native Method)&#10;        at java.util.concurrent.locks.LockSupport.parkNanos(LockSupport.java:215)&#10;        at java.util.concurrent.locks.AbstractQueuedSynchronizer$ConditionObject.awaitNanos(AbstractQueuedSynchronizer.java:2078)&#10;        at org.eclipse.jetty.util.BlockingArrayQueue.poll(BlockingArrayQueue.java:382)&#10;        at org.eclipse.jetty.util.thread.QueuedThreadPool$Runner.idleJobPoll(QueuedThreadPool.java:974)&#10;        at org.eclipse.jetty.util.thread.QueuedThreadPool$Runner.run(QueuedThreadPool.java:1018)&#10;        at java.lang.Thread.run(Thread.java:748)&#10;&quot;qtp1930352477-4636&quot; daemon prio=5 tid=4636 runnable&#10;java.lang.Thread.State: RUNNABLE&#10;        at sun.nio.ch.EPollArrayWrapper.epollWait(Native Method)&#10;        at sun.nio.ch.EPollArrayWrapper.poll(EPollArrayWrapper.java:269)&#10;        at sun.nio.ch.EPollSelectorImpl.doSelect(EPollSelectorImpl.java:93)&#10;        at sun.nio.ch.SelectorImpl.lockAndDoSelect(SelectorImpl.java:86)&#10;        at sun.nio.ch.SelectorImpl.select(SelectorImpl.java:97)&#10;        at sun.nio.ch.SelectorImpl.select(SelectorImpl.java:101)&#10;        at org.eclipse.jetty.io.ManagedSelector.nioSelect(ManagedSelector.java:183)&#10;        at org.eclipse.jetty.io.ManagedSelector.select(ManagedSelector.java:190)&#10;        at org.eclipse.jetty.io.ManagedSelector$SelectorProducer.select(ManagedSelector.java:606)&#10;        at org.eclipse.jetty.io.ManagedSelector$SelectorProducer.produce(ManagedSelector.java:543)&#10;        at org.eclipse.jetty.util.thread.strategy.EatWhatYouKill.produceTask(EatWhatYouKill.java:362)&#10;        at org.eclipse.jetty.util.thread.strategy.EatWhatYouKill.doProduce(EatWhatYouKill.java:186)&#10;        at org.eclipse.jetty.util.thread.strategy.EatWhatYouKill.tryProduce(EatWhatYouKill.java:173)&#10;        at org.eclipse.jetty.util.thread.strategy.EatWhatYouKill.produce(EatWhatYouKill.java:137)&#10;        at org.eclipse.jetty.io.ManagedSelector$$Lambda$309/1391532202.run(Unknown Source)&#10;        at org.eclipse.jetty.util.thread.QueuedThreadPool.runJob(QueuedThreadPool.java:883)&#10;        at org.eclipse.jetty.util.thread.QueuedThreadPool$Runner.run(QueuedThreadPool.java:1034)&#10;        at java.lang.Thread.run(Thread.java:748)&#10;&quot;surefire-forkedjvm-ping-30s&quot; daemon prio=5 tid=10 timed_waiting&#10;java.lang.Thread.State: TIMED_WAITING&#10;        at sun.misc.Unsafe.park(Native Method)&#10;        at java.util.concurrent.locks.LockSupport.parkNanos(LockSupport.java:215)&#10;        at java.util.concurrent.locks.AbstractQueuedSynchronizer$ConditionObject.awaitNanos(AbstractQueuedSynchronizer.java:2078)&#10;        at java.util.concurrent.ScheduledThreadPoolExecutor$DelayedWorkQueue.take(ScheduledThreadPoolExecutor.java:1093)&#10;        at java.util.concurrent.ScheduledThreadPoolExecutor$DelayedWorkQueue.take(ScheduledThreadPoolExecutor.java:809)&#10;        at java.util.concurrent.ThreadPoolExecutor.getTask(ThreadPoolExecutor.java:1074)&#10;        at java.util.concurrent.ThreadPoolExecutor.runWorker(ThreadPoolExecutor.java:1134)&#10;        at java.util.concurrent.ThreadPoolExecutor$Worker.run(ThreadPoolExecutor.java:624)&#10;        at java.lang.Thread.run(Thread.java:748)&#10;&quot;EventQueue-ContainerReportForContainerReportHandler&quot; daemon prio=5 tid=4716 in Object.wait()&#10;java.lang.Thread.State: WAITING (on object monitor)&#10;        at sun.misc.Unsafe.park(Native Method)&#10;        at java.util.concurrent.locks.LockSupport.park(LockSupport.java:175)&#10;        at java.util.concurrent.locks.AbstractQueuedSynchronizer$ConditionObject.await(AbstractQueuedSynchronizer.java:2039)&#10;        at java.util.concurrent.LinkedBlockingQueue.take(LinkedBlockingQueue.java:442)&#10;        at java.util.concurrent.ThreadPoolExecutor.getTask(ThreadPoolExecutor.java:1074)&#10;        at java.util.concurrent.ThreadPoolExecutor.runWorker(ThreadPoolExecutor.java:1134)&#10;        at java.util.concurrent.ThreadPoolExecutor$Worker.run(ThreadPoolExecutor.java:624)&#10;        at java.lang.Thread.run(Thread.java:748)&#10;&quot;ChunkWriter-0-0&quot; daemon prio=5 tid=4657 in Object.wait()&#10;java.lang.Thread.State: WAITING (on object monitor)&#10;        at sun.misc.Unsafe.park(Native Method)&#10;        at java.util.concurrent.locks.LockSupport.park(LockSupport.java:175)&#10;        at java.util.concurrent.locks.AbstractQueuedSynchronizer$ConditionObject.await(AbstractQueuedSynchronizer.java:2039)&#10;        at java.util.concurrent.LinkedBlockingDeque.takeFirst(LinkedBlockingDeque.java:492)&#10;        at java.util.concurrent.LinkedBlockingDeque.take(LinkedBlockingDeque.java:680)&#10;        at java.util.concurrent.ThreadPoolExecutor.getTask(ThreadPoolExecutor.java:1074)&#10;        at java.util.concurrent.ThreadPoolExecutor.runWorker(ThreadPoolExecutor.java:1134)&#10;        at java.util.concurrent.ThreadPoolExecutor$Worker.run(ThreadPoolExecutor.java:624)&#10;        at java.lang.Thread.run(Thread.java:748)&#10;&quot;grpc-default-worker-ELG-3-2&quot; daemon prio=5 tid=307 runnable&#10;java.lang.Thread.State: RUNNABLE&#10;        at org.apache.ratis.thirdparty.io.netty.channel.epoll.Native.epollWait(Native Method)&#10;        at org.apache.ratis.thirdparty.io.netty.channel.epoll.Native.epollWait(Native.java:177)&#10;        at org.apache.ratis.thirdparty.io.netty.channel.epoll.Native.epollWait(Native.java:170)&#10;        at org.apache.ratis.thirdparty.io.netty.channel.epoll.EpollEventLoop.epollWaitNoTimerChange(EpollEventLoop.java:290)&#10;        at org.apache.ratis.thirdparty.io.netty.channel.epoll.EpollEventLoop.run(EpollEventLoop.java:347)&#10;        at org.apache.ratis.thirdparty.io.netty.util.concurrent.SingleThreadEventExecutor$4.run(SingleThreadEventExecutor.java:989)&#10;        at org.apache.ratis.thirdparty.io.netty.util.internal.ThreadExecutorMap$2.run(ThreadExecutorMap.java:74)&#10;        at org.apache.ratis.thirdparty.io.netty.util.concurrent.FastThreadLocalRunnable.run(FastThreadLocalRunnable.java:30)&#10;        at java.lang.Thread.run(Thread.java:748)&#10;&quot;EventQueue-OpenPipelineForHealthyPipelineSafeModeRule&quot; daemon prio=5 tid=4747 in Object.wait()&#10;java.lang.Thread.State: WAITING (on object monitor)&#10;        at sun.misc.Unsafe.park(Native Method)&#10;        at java.util.concurrent.locks.LockSupport.park(LockSupport.java:175)&#10;        at java.util.concurrent.locks.AbstractQueuedSynchronizer$ConditionObject.await(AbstractQueuedSynchronizer.java:2039)&#10;        at java.util.concurrent.LinkedBlockingQueue.take(LinkedBlockingQueue.java:442)&#10;        at java.util.concurrent.ThreadPoolExecutor.getTask(ThreadPoolExecutor.java:1074)&#10;        at java.util.concurrent.ThreadPoolExecutor.runWorker(ThreadPoolExecutor.java:1134)&#10;        at java.util.concurrent.ThreadPoolExecutor$Worker.run(ThreadPoolExecutor.java:624)&#10;        at java.lang.Thread.run(Thread.java:748)&#10;&quot;qtp1930352477-4637-acceptor-0@49f65a87-ServerConnector@1df95cb{HTTP/1.1, (http/1.1)}{0.0.0.0:45277}&quot; daemon prio=3 tid=4637 runnable&#10;java.lang.Thread.State: RUNNABLE&#10;        at sun.nio.ch.ServerSocketChannelImpl.accept0(Native Method)&#10;        at sun.nio.ch.ServerSocketChannelImpl.accept(ServerSocketChannelImpl.java:421)&#10;        at sun.nio.ch.ServerSocketChannelImpl.accept(ServerSocketChannelImpl.java:249)&#10;        at org.eclipse.jetty.server.ServerConnector.accept(ServerConnector.java:388)&#10;        at org.eclipse.jetty.server.AbstractConnector$Acceptor.run(AbstractConnector.java:702)&#10;        at org.eclipse.jetty.util.thread.QueuedThreadPool.runJob(QueuedThreadPool.java:883)&#10;        at org.eclipse.jetty.util.thread.QueuedThreadPool$Runner.run(QueuedThreadPool.java:1034)&#10;        at java.lang.Thread.run(Thread.java:748)&#10;&quot;IPC Server handler 4 on default port 41905&quot; daemon prio=5 tid=4560 timed_waiting&#10;java.lang.Thread.State: TIMED_WAITING&#10;        at sun.misc.Unsafe.park(Native Method)&#10;        at java.util.concurrent.locks.LockSupport.parkNanos(LockSupport.java:215)&#10;        at java.util.concurrent.locks.AbstractQueuedSynchronizer$ConditionObject.awaitNanos(AbstractQueuedSynchronizer.java:2078)&#10;        at java.util.concurrent.LinkedBlockingQueue.poll(LinkedBlockingQueue.java:467)&#10;        at org.apache.hadoop.ipc.CallQueueManager.take(CallQueueManager.java:317)&#10;        at org.apache.hadoop.ipc.Server$Handler.run(Server.java:2932)&#10;&#10;" type="java.util.concurrent.TimeoutException"><![CDATA[java.util.concurrent.TimeoutException: 
Timed out waiting for condition. Thread diagnostics:
Timestamp: 2021-08-15 02:03:59,777

"IPC Server handler 15 on default port 38093" daemon prio=5 tid=4513 timed_waiting
java.lang.Thread.State: TIMED_WAITING
        at sun.misc.Unsafe.park(Native Method)
        at java.util.concurrent.locks.LockSupport.parkNanos(LockSupport.java:215)
        at java.util.concurrent.locks.AbstractQueuedSynchronizer$ConditionObject.awaitNanos(AbstractQueuedSynchronizer.java:2078)
        at java.util.concurrent.LinkedBlockingQueue.poll(LinkedBlockingQueue.java:467)
        at org.apache.hadoop.ipc.CallQueueManager.take(CallQueueManager.java:317)
        at org.apache.hadoop.ipc.Server$Handler.run(Server.java:2932)
"qtp2069929890-4550" daemon prio=5 tid=4550 timed_waiting
java.lang.Thread.State: TIMED_WAITING
        at sun.misc.Unsafe.park(Native Method)
        at java.util.concurrent.locks.LockSupport.parkNanos(LockSupport.java:215)
        at java.util.concurrent.locks.AbstractQueuedSynchronizer$ConditionObject.awaitNanos(AbstractQueuedSynchronizer.java:2078)
        at org.eclipse.jetty.util.BlockingArrayQueue.poll(BlockingArrayQueue.java:382)
        at org.eclipse.jetty.util.thread.QueuedThreadPool$Runner.idleJobPoll(QueuedThreadPool.java:974)
        at org.eclipse.jetty.util.thread.QueuedThreadPool$Runner.run(QueuedThreadPool.java:1018)
        at java.lang.Thread.run(Thread.java:748)
"IPC Server handler 8 on default port 46035" daemon prio=5 tid=4466 timed_waiting
java.lang.Thread.State: TIMED_WAITING
        at sun.misc.Unsafe.park(Native Method)
        at java.util.concurrent.locks.LockSupport.parkNanos(LockSupport.java:215)
        at java.util.concurrent.locks.AbstractQueuedSynchronizer$ConditionObject.awaitNanos(AbstractQueuedSynchronizer.java:2078)
        at java.util.concurrent.LinkedBlockingQueue.poll(LinkedBlockingQueue.java:467)
        at org.apache.hadoop.ipc.CallQueueManager.take(CallQueueManager.java:317)
        at org.apache.hadoop.ipc.Server$Handler.run(Server.java:2932)
"IPC Server handler 8 on default port 38093" daemon prio=5 tid=4506 timed_waiting
java.lang.Thread.State: TIMED_WAITING
        at sun.misc.Unsafe.park(Native Method)
        at java.util.concurrent.locks.LockSupport.parkNanos(LockSupport.java:215)
        at java.util.concurrent.locks.AbstractQueuedSynchronizer$ConditionObject.awaitNanos(AbstractQueuedSynchronizer.java:2078)
        at java.util.concurrent.LinkedBlockingQueue.poll(LinkedBlockingQueue.java:467)
        at org.apache.hadoop.ipc.CallQueueManager.take(CallQueueManager.java:317)
        at org.apache.hadoop.ipc.Server$Handler.run(Server.java:2932)
"org.apache.hadoop.ozone.container.common.statemachine.commandhandler.DeleteBlocksCommandHandler$DeleteCmdWorker@5dde2d12" daemon prio=5 tid=3698 runnable
java.lang.Thread.State: RUNNABLE
        at java.lang.Thread.sleep(Native Method)
        at org.apache.hadoop.ozone.container.common.statemachine.commandhandler.DeleteBlocksCommandHandler$DeleteCmdWorker.run(DeleteBlocksCommandHandler.java:174)
        at java.lang.Thread.run(Thread.java:748)
"pool-465-thread-10"  prio=5 tid=4843 in Object.wait()
java.lang.Thread.State: WAITING (on object monitor)
        at sun.misc.Unsafe.park(Native Method)
        at java.util.concurrent.locks.LockSupport.park(LockSupport.java:175)
        at java.util.concurrent.locks.AbstractQueuedSynchronizer$ConditionObject.await(AbstractQueuedSynchronizer.java:2039)
        at java.util.concurrent.LinkedBlockingQueue.take(LinkedBlockingQueue.java:442)
        at java.util.concurrent.ThreadPoolExecutor.getTask(ThreadPoolExecutor.java:1074)
        at java.util.concurrent.ThreadPoolExecutor.runWorker(ThreadPoolExecutor.java:1134)
        at java.util.concurrent.ThreadPoolExecutor$Worker.run(ThreadPoolExecutor.java:624)
        at java.lang.Thread.run(Thread.java:748)
"IPC Server handler 14 on default port 41071" daemon prio=5 tid=4492 timed_waiting
java.lang.Thread.State: TIMED_WAITING
        at sun.misc.Unsafe.park(Native Method)
        at java.util.concurrent.locks.LockSupport.parkNanos(LockSupport.java:215)
        at java.util.concurrent.locks.AbstractQueuedSynchronizer$ConditionObject.awaitNanos(AbstractQueuedSynchronizer.java:2078)
        at java.util.concurrent.LinkedBlockingQueue.poll(LinkedBlockingQueue.java:467)
        at org.apache.hadoop.ipc.CallQueueManager.take(CallQueueManager.java:317)
        at org.apache.hadoop.ipc.Server$Handler.run(Server.java:2932)
"org.apache.ratis.util.JvmPauseMonitor$$Lambda$531/1393706494@2446bd09" daemon prio=5 tid=4543 timed_waiting
java.lang.Thread.State: TIMED_WAITING
        at java.lang.Thread.sleep(Native Method)
        at java.lang.Thread.sleep(Thread.java:340)
        at java.util.concurrent.TimeUnit.sleep(TimeUnit.java:386)
        at org.apache.ratis.util.TimeDuration.sleep(TimeDuration.java:324)
        at org.apache.ratis.util.TimeDuration.sleep(TimeDuration.java:309)
        at org.apache.ratis.util.JvmPauseMonitor.detectPause(JvmPauseMonitor.java:117)
        at org.apache.ratis.util.JvmPauseMonitor.run(JvmPauseMonitor.java:106)
        at org.apache.ratis.util.JvmPauseMonitor$$Lambda$531/1393706494.run(Unknown Source)
        at java.lang.Thread.run(Thread.java:748)
"EndpointStateMachine task thread for /0.0.0.0:40379 - 0 "  prio=5 tid=3748 in Object.wait()
java.lang.Thread.State: WAITING (on object monitor)
        at sun.misc.Unsafe.park(Native Method)
        at java.util.concurrent.locks.LockSupport.park(LockSupport.java:175)
        at java.util.concurrent.locks.AbstractQueuedSynchronizer$ConditionObject.await(AbstractQueuedSynchronizer.java:2039)
        at java.util.concurrent.LinkedBlockingQueue.take(LinkedBlockingQueue.java:442)
        at java.util.concurrent.ThreadPoolExecutor.getTask(ThreadPoolExecutor.java:1074)
        at java.util.concurrent.ThreadPoolExecutor.runWorker(ThreadPoolExecutor.java:1134)
        at java.util.concurrent.ThreadPoolExecutor$Worker.run(ThreadPoolExecutor.java:624)
        at java.lang.Thread.run(Thread.java:748)
"EventQueue-ContainerReportForContainerReportHandler" daemon prio=5 tid=4712 in Object.wait()
java.lang.Thread.State: WAITING (on object monitor)
        at sun.misc.Unsafe.park(Native Method)
        at java.util.concurrent.locks.LockSupport.park(LockSupport.java:175)
        at java.util.concurrent.locks.AbstractQueuedSynchronizer$ConditionObject.await(AbstractQueuedSynchronizer.java:2039)
        at java.util.concurrent.LinkedBlockingQueue.take(LinkedBlockingQueue.java:442)
        at java.util.concurrent.ThreadPoolExecutor.getTask(ThreadPoolExecutor.java:1074)
        at java.util.concurrent.ThreadPoolExecutor.runWorker(ThreadPoolExecutor.java:1134)
        at java.util.concurrent.ThreadPoolExecutor$Worker.run(ThreadPoolExecutor.java:624)
        at java.lang.Thread.run(Thread.java:748)
"FullTableCache Cleanup Thread - 0" daemon prio=5 tid=4757 in Object.wait()
java.lang.Thread.State: WAITING (on object monitor)
        at sun.misc.Unsafe.park(Native Method)
        at java.util.concurrent.locks.LockSupport.park(LockSupport.java:175)
        at java.util.concurrent.locks.AbstractQueuedSynchronizer$ConditionObject.await(AbstractQueuedSynchronizer.java:2039)
        at java.util.concurrent.LinkedBlockingQueue.take(LinkedBlockingQueue.java:442)
        at java.util.concurrent.ThreadPoolExecutor.getTask(ThreadPoolExecutor.java:1074)
        at java.util.concurrent.ThreadPoolExecutor.runWorker(ThreadPoolExecutor.java:1134)
        at java.util.concurrent.ThreadPoolExecutor$Worker.run(ThreadPoolExecutor.java:624)
        at java.lang.Thread.run(Thread.java:748)
"IPC Server handler 10 on default port 41905" daemon prio=5 tid=4566 timed_waiting
java.lang.Thread.State: TIMED_WAITING
        at sun.misc.Unsafe.park(Native Method)
        at java.util.concurrent.locks.LockSupport.parkNanos(LockSupport.java:215)
        at java.util.concurrent.locks.AbstractQueuedSynchronizer$ConditionObject.awaitNanos(AbstractQueuedSynchronizer.java:2078)
        at java.util.concurrent.LinkedBlockingQueue.poll(LinkedBlockingQueue.java:467)
        at org.apache.hadoop.ipc.CallQueueManager.take(CallQueueManager.java:317)
        at org.apache.hadoop.ipc.Server$Handler.run(Server.java:2932)
"qtp797601589-4584" daemon prio=5 tid=4584 runnable
java.lang.Thread.State: RUNNABLE
        at sun.nio.ch.EPollArrayWrapper.epollWait(Native Method)
        at sun.nio.ch.EPollArrayWrapper.poll(EPollArrayWrapper.java:269)
        at sun.nio.ch.EPollSelectorImpl.doSelect(EPollSelectorImpl.java:93)
        at sun.nio.ch.SelectorImpl.lockAndDoSelect(SelectorImpl.java:86)
        at sun.nio.ch.SelectorImpl.select(SelectorImpl.java:97)
        at sun.nio.ch.SelectorImpl.select(SelectorImpl.java:101)
        at org.eclipse.jetty.io.ManagedSelector.nioSelect(ManagedSelector.java:183)
        at org.eclipse.jetty.io.ManagedSelector.select(ManagedSelector.java:190)
        at org.eclipse.jetty.io.ManagedSelector$SelectorProducer.select(ManagedSelector.java:606)
        at org.eclipse.jetty.io.ManagedSelector$SelectorProducer.produce(ManagedSelector.java:543)
        at org.eclipse.jetty.util.thread.strategy.EatWhatYouKill.produceTask(EatWhatYouKill.java:362)
        at org.eclipse.jetty.util.thread.strategy.EatWhatYouKill.doProduce(EatWhatYouKill.java:186)
        at org.eclipse.jetty.util.thread.strategy.EatWhatYouKill.tryProduce(EatWhatYouKill.java:173)
        at org.eclipse.jetty.util.thread.strategy.EatWhatYouKill.produce(EatWhatYouKill.java:137)
        at org.eclipse.jetty.io.ManagedSelector$$Lambda$309/1391532202.run(Unknown Source)
        at org.eclipse.jetty.util.thread.QueuedThreadPool.runJob(QueuedThreadPool.java:883)
        at org.eclipse.jetty.util.thread.QueuedThreadPool$Runner.run(QueuedThreadPool.java:1034)
        at java.lang.Thread.run(Thread.java:748)
"BlockDeletingService#0" daemon prio=5 tid=4692 in Object.wait()
java.lang.Thread.State: WAITING (on object monitor)
        at sun.misc.Unsafe.park(Native Method)
        at java.util.concurrent.locks.LockSupport.park(LockSupport.java:175)
        at java.util.concurrent.locks.AbstractQueuedSynchronizer$ConditionObject.await(AbstractQueuedSynchronizer.java:2039)
        at java.util.concurrent.ScheduledThreadPoolExecutor$DelayedWorkQueue.take(ScheduledThreadPoolExecutor.java:1088)
        at java.util.concurrent.ScheduledThreadPoolExecutor$DelayedWorkQueue.take(ScheduledThreadPoolExecutor.java:809)
        at java.util.concurrent.ThreadPoolExecutor.getTask(ThreadPoolExecutor.java:1074)
        at java.util.concurrent.ThreadPoolExecutor.runWorker(ThreadPoolExecutor.java:1134)
        at java.util.concurrent.ThreadPoolExecutor$Worker.run(ThreadPoolExecutor.java:624)
        at java.lang.Thread.run(Thread.java:748)
"IPC Server handler 19 on default port 38093" daemon prio=5 tid=4517 timed_waiting
java.lang.Thread.State: TIMED_WAITING
        at sun.misc.Unsafe.park(Native Method)
        at java.util.concurrent.locks.LockSupport.parkNanos(LockSupport.java:215)
        at java.util.concurrent.locks.AbstractQueuedSynchronizer$ConditionObject.awaitNanos(AbstractQueuedSynchronizer.java:2078)
        at java.util.concurrent.LinkedBlockingQueue.poll(LinkedBlockingQueue.java:467)
        at org.apache.hadoop.ipc.CallQueueManager.take(CallQueueManager.java:317)
        at org.apache.hadoop.ipc.Server$Handler.run(Server.java:2932)
"BlockDeletingService#4" daemon prio=5 tid=4699 in Object.wait()
java.lang.Thread.State: WAITING (on object monitor)
        at sun.misc.Unsafe.park(Native Method)
        at java.util.concurrent.locks.LockSupport.park(LockSupport.java:175)
        at java.util.concurrent.locks.AbstractQueuedSynchronizer$ConditionObject.await(AbstractQueuedSynchronizer.java:2039)
        at java.util.concurrent.ScheduledThreadPoolExecutor$DelayedWorkQueue.take(ScheduledThreadPoolExecutor.java:1088)
        at java.util.concurrent.ScheduledThreadPoolExecutor$DelayedWorkQueue.take(ScheduledThreadPoolExecutor.java:809)
        at java.util.concurrent.ThreadPoolExecutor.getTask(ThreadPoolExecutor.java:1074)
        at java.util.concurrent.ThreadPoolExecutor.runWorker(ThreadPoolExecutor.java:1134)
        at java.util.concurrent.ThreadPoolExecutor$Worker.run(ThreadPoolExecutor.java:624)
        at java.lang.Thread.run(Thread.java:748)
"IPC Server handler 12 on default port 46035" daemon prio=5 tid=4470 timed_waiting
java.lang.Thread.State: TIMED_WAITING
        at sun.misc.Unsafe.park(Native Method)
        at java.util.concurrent.locks.LockSupport.parkNanos(LockSupport.java:215)
        at java.util.concurrent.locks.AbstractQueuedSynchronizer$ConditionObject.awaitNanos(AbstractQueuedSynchronizer.java:2078)
        at java.util.concurrent.LinkedBlockingQueue.poll(LinkedBlockingQueue.java:467)
        at org.apache.hadoop.ipc.CallQueueManager.take(CallQueueManager.java:317)
        at org.apache.hadoop.ipc.Server$Handler.run(Server.java:2932)
"IPC Server handler 15 on default port 46035" daemon prio=5 tid=4473 timed_waiting
java.lang.Thread.State: TIMED_WAITING
        at sun.misc.Unsafe.park(Native Method)
        at java.util.concurrent.locks.LockSupport.parkNanos(LockSupport.java:215)
        at java.util.concurrent.locks.AbstractQueuedSynchronizer$ConditionObject.awaitNanos(AbstractQueuedSynchronizer.java:2078)
        at java.util.concurrent.LinkedBlockingQueue.poll(LinkedBlockingQueue.java:467)
        at org.apache.hadoop.ipc.CallQueueManager.take(CallQueueManager.java:317)
        at org.apache.hadoop.ipc.Server$Handler.run(Server.java:2932)
"EventQueue-NodeRegistrationContainerReportForContainerSafeModeRule" daemon prio=5 tid=4709 in Object.wait()
java.lang.Thread.State: WAITING (on object monitor)
        at sun.misc.Unsafe.park(Native Method)
        at java.util.concurrent.locks.LockSupport.park(LockSupport.java:175)
        at java.util.concurrent.locks.AbstractQueuedSynchronizer$ConditionObject.await(AbstractQueuedSynchronizer.java:2039)
        at java.util.concurrent.LinkedBlockingQueue.take(LinkedBlockingQueue.java:442)
        at java.util.concurrent.ThreadPoolExecutor.getTask(ThreadPoolExecutor.java:1074)
        at java.util.concurrent.ThreadPoolExecutor.runWorker(ThreadPoolExecutor.java:1134)
        at java.util.concurrent.ThreadPoolExecutor$Worker.run(ThreadPoolExecutor.java:624)
        at java.lang.Thread.run(Thread.java:748)
"Datanode State Machine Task Thread - 0"  prio=5 tid=4653 in Object.wait()
java.lang.Thread.State: WAITING (on object monitor)
        at sun.misc.Unsafe.park(Native Method)
        at java.util.concurrent.locks.LockSupport.park(LockSupport.java:175)
        at java.util.concurrent.locks.AbstractQueuedSynchronizer$ConditionObject.await(AbstractQueuedSynchronizer.java:2039)
        at java.util.concurrent.LinkedBlockingQueue.take(LinkedBlockingQueue.java:442)
        at java.util.concurrent.ThreadPoolExecutor.getTask(ThreadPoolExecutor.java:1074)
        at java.util.concurrent.ThreadPoolExecutor.runWorker(ThreadPoolExecutor.java:1134)
        at java.util.concurrent.ThreadPoolExecutor$Worker.run(ThreadPoolExecutor.java:624)
        at java.lang.Thread.run(Thread.java:748)
"qtp2069929890-4552" daemon prio=5 tid=4552 timed_waiting
java.lang.Thread.State: TIMED_WAITING
        at sun.misc.Unsafe.park(Native Method)
        at java.util.concurrent.locks.LockSupport.parkNanos(LockSupport.java:215)
        at java.util.concurrent.locks.AbstractQueuedSynchronizer$ConditionObject.awaitNanos(AbstractQueuedSynchronizer.java:2078)
        at org.eclipse.jetty.util.BlockingArrayQueue.poll(BlockingArrayQueue.java:382)
        at org.eclipse.jetty.util.thread.QueuedThreadPool$Runner.idleJobPoll(QueuedThreadPool.java:974)
        at org.eclipse.jetty.util.thread.QueuedThreadPool$Runner.run(QueuedThreadPool.java:1018)
        at java.lang.Thread.run(Thread.java:748)
"BlockDeletingService#5" daemon prio=5 tid=4667 in Object.wait()
java.lang.Thread.State: WAITING (on object monitor)
        at sun.misc.Unsafe.park(Native Method)
        at java.util.concurrent.locks.LockSupport.park(LockSupport.java:175)
        at java.util.concurrent.locks.AbstractQueuedSynchronizer$ConditionObject.await(AbstractQueuedSynchronizer.java:2039)
        at java.util.concurrent.ScheduledThreadPoolExecutor$DelayedWorkQueue.take(ScheduledThreadPoolExecutor.java:1088)
        at java.util.concurrent.ScheduledThreadPoolExecutor$DelayedWorkQueue.take(ScheduledThreadPoolExecutor.java:809)
        at java.util.concurrent.ThreadPoolExecutor.getTask(ThreadPoolExecutor.java:1074)
        at java.util.concurrent.ThreadPoolExecutor.runWorker(ThreadPoolExecutor.java:1134)
        at java.util.concurrent.ThreadPoolExecutor$Worker.run(ThreadPoolExecutor.java:624)
        at java.lang.Thread.run(Thread.java:748)
"IPC Server handler 3 on default port 46035" daemon prio=5 tid=4461 timed_waiting
java.lang.Thread.State: TIMED_WAITING
        at sun.misc.Unsafe.park(Native Method)
        at java.util.concurrent.locks.LockSupport.parkNanos(LockSupport.java:215)
        at java.util.concurrent.locks.AbstractQueuedSynchronizer$ConditionObject.awaitNanos(AbstractQueuedSynchronizer.java:2078)
        at java.util.concurrent.LinkedBlockingQueue.poll(LinkedBlockingQueue.java:467)
        at org.apache.hadoop.ipc.CallQueueManager.take(CallQueueManager.java:317)
        at org.apache.hadoop.ipc.Server$Handler.run(Server.java:2932)
"IPC Server handler 11 on default port 46035" daemon prio=5 tid=4469 timed_waiting
java.lang.Thread.State: TIMED_WAITING
        at sun.misc.Unsafe.park(Native Method)
        at java.util.concurrent.locks.LockSupport.parkNanos(LockSupport.java:215)
        at java.util.concurrent.locks.AbstractQueuedSynchronizer$ConditionObject.awaitNanos(AbstractQueuedSynchronizer.java:2078)
        at java.util.concurrent.LinkedBlockingQueue.poll(LinkedBlockingQueue.java:467)
        at org.apache.hadoop.ipc.CallQueueManager.take(CallQueueManager.java:317)
        at org.apache.hadoop.ipc.Server$Handler.run(Server.java:2932)
"ChunkWriter-1-0" daemon prio=5 tid=4688 in Object.wait()
java.lang.Thread.State: WAITING (on object monitor)
        at sun.misc.Unsafe.park(Native Method)
        at java.util.concurrent.locks.LockSupport.park(LockSupport.java:175)
        at java.util.concurrent.locks.AbstractQueuedSynchronizer$ConditionObject.await(AbstractQueuedSynchronizer.java:2039)
        at java.util.concurrent.LinkedBlockingDeque.takeFirst(LinkedBlockingDeque.java:492)
        at java.util.concurrent.LinkedBlockingDeque.take(LinkedBlockingDeque.java:680)
        at java.util.concurrent.ThreadPoolExecutor.getTask(ThreadPoolExecutor.java:1074)
        at java.util.concurrent.ThreadPoolExecutor.runWorker(ThreadPoolExecutor.java:1134)
        at java.util.concurrent.ThreadPoolExecutor$Worker.run(ThreadPoolExecutor.java:624)
        at java.lang.Thread.run(Thread.java:748)
"Session-HouseKeeper-1bfc6174-1"  prio=5 tid=4592 timed_waiting
java.lang.Thread.State: TIMED_WAITING
        at sun.misc.Unsafe.park(Native Method)
        at java.util.concurrent.locks.LockSupport.parkNanos(LockSupport.java:215)
        at java.util.concurrent.locks.AbstractQueuedSynchronizer$ConditionObject.awaitNanos(AbstractQueuedSynchronizer.java:2078)
        at java.util.concurrent.ScheduledThreadPoolExecutor$DelayedWorkQueue.take(ScheduledThreadPoolExecutor.java:1093)
        at java.util.concurrent.ScheduledThreadPoolExecutor$DelayedWorkQueue.take(ScheduledThreadPoolExecutor.java:809)
        at java.util.concurrent.ThreadPoolExecutor.getTask(ThreadPoolExecutor.java:1074)
        at java.util.concurrent.ThreadPoolExecutor.runWorker(ThreadPoolExecutor.java:1134)
        at java.util.concurrent.ThreadPoolExecutor$Worker.run(ThreadPoolExecutor.java:624)
        at java.lang.Thread.run(Thread.java:748)
"IPC Server handler 17 on default port 41905" daemon prio=5 tid=4573 timed_waiting
java.lang.Thread.State: TIMED_WAITING
        at sun.misc.Unsafe.park(Native Method)
        at java.util.concurrent.locks.LockSupport.parkNanos(LockSupport.java:215)
        at java.util.concurrent.locks.AbstractQueuedSynchronizer$ConditionObject.awaitNanos(AbstractQueuedSynchronizer.java:2078)
        at java.util.concurrent.LinkedBlockingQueue.poll(LinkedBlockingQueue.java:467)
        at org.apache.hadoop.ipc.CallQueueManager.take(CallQueueManager.java:317)
        at org.apache.hadoop.ipc.Server$Handler.run(Server.java:2932)
"IPC Server handler 6 on default port 41905" daemon prio=5 tid=4562 timed_waiting
java.lang.Thread.State: TIMED_WAITING
        at sun.misc.Unsafe.park(Native Method)
        at java.util.concurrent.locks.LockSupport.parkNanos(LockSupport.java:215)
        at java.util.concurrent.locks.AbstractQueuedSynchronizer$ConditionObject.awaitNanos(AbstractQueuedSynchronizer.java:2078)
        at java.util.concurrent.LinkedBlockingQueue.poll(LinkedBlockingQueue.java:467)
        at org.apache.hadoop.ipc.CallQueueManager.take(CallQueueManager.java:317)
        at org.apache.hadoop.ipc.Server$Handler.run(Server.java:2932)
"IPC Server handler 2 on default port 41905" daemon prio=5 tid=4558 timed_waiting
java.lang.Thread.State: TIMED_WAITING
        at sun.misc.Unsafe.park(Native Method)
        at java.util.concurrent.locks.LockSupport.parkNanos(LockSupport.java:215)
        at java.util.concurrent.locks.AbstractQueuedSynchronizer$ConditionObject.awaitNanos(AbstractQueuedSynchronizer.java:2078)
        at java.util.concurrent.LinkedBlockingQueue.poll(LinkedBlockingQueue.java:467)
        at org.apache.hadoop.ipc.CallQueueManager.take(CallQueueManager.java:317)
        at org.apache.hadoop.ipc.Server$Handler.run(Server.java:2932)
"EndpointStateMachine task thread for /0.0.0.0:36083 - 0 "  prio=5 tid=234 in Object.wait()
java.lang.Thread.State: WAITING (on object monitor)
        at sun.misc.Unsafe.park(Native Method)
        at java.util.concurrent.locks.LockSupport.park(LockSupport.java:175)
        at java.util.concurrent.locks.AbstractQueuedSynchronizer$ConditionObject.await(AbstractQueuedSynchronizer.java:2039)
        at java.util.concurrent.LinkedBlockingQueue.take(LinkedBlockingQueue.java:442)
        at java.util.concurrent.ThreadPoolExecutor.getTask(ThreadPoolExecutor.java:1074)
        at java.util.concurrent.ThreadPoolExecutor.runWorker(ThreadPoolExecutor.java:1134)
        at java.util.concurrent.ThreadPoolExecutor$Worker.run(ThreadPoolExecutor.java:624)
        at java.lang.Thread.run(Thread.java:748)
"0475d2c2-d46f-403e-95a5-8ff1a5c32338@group-E30A832DBA26-FollowerState" daemon prio=5 tid=4729 timed_waiting
java.lang.Thread.State: TIMED_WAITING
        at java.lang.Thread.sleep(Native Method)
        at java.lang.Thread.sleep(Thread.java:340)
        at java.util.concurrent.TimeUnit.sleep(TimeUnit.java:386)
        at org.apache.ratis.util.TimeDuration.sleep(TimeDuration.java:324)
        at org.apache.ratis.util.TimeDuration.sleep(TimeDuration.java:309)
        at org.apache.ratis.server.impl.FollowerState.run(FollowerState.java:118)
"Periodic HDDS volume checker" daemon prio=5 tid=4603 timed_waiting
java.lang.Thread.State: TIMED_WAITING
        at sun.misc.Unsafe.park(Native Method)
        at java.util.concurrent.locks.LockSupport.parkNanos(LockSupport.java:215)
        at java.util.concurrent.locks.AbstractQueuedSynchronizer$ConditionObject.awaitNanos(AbstractQueuedSynchronizer.java:2078)
        at java.util.concurrent.ScheduledThreadPoolExecutor$DelayedWorkQueue.take(ScheduledThreadPoolExecutor.java:1093)
        at java.util.concurrent.ScheduledThreadPoolExecutor$DelayedWorkQueue.take(ScheduledThreadPoolExecutor.java:809)
        at java.util.concurrent.ThreadPoolExecutor.getTask(ThreadPoolExecutor.java:1074)
        at java.util.concurrent.ThreadPoolExecutor.runWorker(ThreadPoolExecutor.java:1134)
        at java.util.concurrent.ThreadPoolExecutor$Worker.run(ThreadPoolExecutor.java:624)
        at java.lang.Thread.run(Thread.java:748)
"BlockDeletingService#5" daemon prio=5 tid=4686 in Object.wait()
java.lang.Thread.State: WAITING (on object monitor)
        at sun.misc.Unsafe.park(Native Method)
        at java.util.concurrent.locks.LockSupport.park(LockSupport.java:175)
        at java.util.concurrent.locks.AbstractQueuedSynchronizer$ConditionObject.await(AbstractQueuedSynchronizer.java:2039)
        at java.util.concurrent.ScheduledThreadPoolExecutor$DelayedWorkQueue.take(ScheduledThreadPoolExecutor.java:1088)
        at java.util.concurrent.ScheduledThreadPoolExecutor$DelayedWorkQueue.take(ScheduledThreadPoolExecutor.java:809)
        at java.util.concurrent.ThreadPoolExecutor.getTask(ThreadPoolExecutor.java:1074)
        at java.util.concurrent.ThreadPoolExecutor.runWorker(ThreadPoolExecutor.java:1134)
        at java.util.concurrent.ThreadPoolExecutor$Worker.run(ThreadPoolExecutor.java:624)
        at java.lang.Thread.run(Thread.java:748)
"IPC Server Responder" daemon prio=5 tid=4446 runnable
java.lang.Thread.State: RUNNABLE
        at sun.nio.ch.EPollArrayWrapper.epollWait(Native Method)
        at sun.nio.ch.EPollArrayWrapper.poll(EPollArrayWrapper.java:269)
        at sun.nio.ch.EPollSelectorImpl.doSelect(EPollSelectorImpl.java:93)
        at sun.nio.ch.SelectorImpl.lockAndDoSelect(SelectorImpl.java:86)
        at sun.nio.ch.SelectorImpl.select(SelectorImpl.java:97)
        at org.apache.hadoop.ipc.Server$Responder.doRunLoop(Server.java:1527)
        at org.apache.hadoop.ipc.Server$Responder.run(Server.java:1510)
"IPC Server handler 18 on default port 41905" daemon prio=5 tid=4574 timed_waiting
java.lang.Thread.State: TIMED_WAITING
        at sun.misc.Unsafe.park(Native Method)
        at java.util.concurrent.locks.LockSupport.parkNanos(LockSupport.java:215)
        at java.util.concurrent.locks.AbstractQueuedSynchronizer$ConditionObject.awaitNanos(AbstractQueuedSynchronizer.java:2078)
        at java.util.concurrent.LinkedBlockingQueue.poll(LinkedBlockingQueue.java:467)
        at org.apache.hadoop.ipc.CallQueueManager.take(CallQueueManager.java:317)
        at org.apache.hadoop.ipc.Server$Handler.run(Server.java:2932)
"EventQueue-IncrementalContainerReportForIncrementalContainerReportHandler" daemon prio=5 tid=4764 in Object.wait()
java.lang.Thread.State: WAITING (on object monitor)
        at sun.misc.Unsafe.park(Native Method)
        at java.util.concurrent.locks.LockSupport.park(LockSupport.java:175)
        at java.util.concurrent.locks.AbstractQueuedSynchronizer$ConditionObject.await(AbstractQueuedSynchronizer.java:2039)
        at java.util.concurrent.LinkedBlockingQueue.take(LinkedBlockingQueue.java:442)
        at java.util.concurrent.ThreadPoolExecutor.getTask(ThreadPoolExecutor.java:1074)
        at java.util.concurrent.ThreadPoolExecutor.runWorker(ThreadPoolExecutor.java:1134)
        at java.util.concurrent.ThreadPoolExecutor$Worker.run(ThreadPoolExecutor.java:624)
        at java.lang.Thread.run(Thread.java:748)
"pool-462-thread-1"  prio=5 tid=4635 timed_waiting
java.lang.Thread.State: TIMED_WAITING
        at sun.misc.Unsafe.park(Native Method)
        at java.util.concurrent.locks.LockSupport.parkNanos(LockSupport.java:215)
        at java.util.concurrent.locks.AbstractQueuedSynchronizer$ConditionObject.awaitNanos(AbstractQueuedSynchronizer.java:2078)
        at java.util.concurrent.ScheduledThreadPoolExecutor$DelayedWorkQueue.take(ScheduledThreadPoolExecutor.java:1093)
        at java.util.concurrent.ScheduledThreadPoolExecutor$DelayedWorkQueue.take(ScheduledThreadPoolExecutor.java:809)
        at java.util.concurrent.ThreadPoolExecutor.getTask(ThreadPoolExecutor.java:1074)
        at java.util.concurrent.ThreadPoolExecutor.runWorker(ThreadPoolExecutor.java:1134)
        at java.util.concurrent.ThreadPoolExecutor$Worker.run(ThreadPoolExecutor.java:624)
        at java.lang.Thread.run(Thread.java:748)
"qtp1199364158-4528" daemon prio=5 tid=4528 timed_waiting
java.lang.Thread.State: TIMED_WAITING
        at sun.misc.Unsafe.park(Native Method)
        at java.util.concurrent.locks.LockSupport.parkNanos(LockSupport.java:215)
        at java.util.concurrent.locks.AbstractQueuedSynchronizer$ConditionObject.awaitNanos(AbstractQueuedSynchronizer.java:2078)
        at org.eclipse.jetty.util.BlockingArrayQueue.poll(BlockingArrayQueue.java:382)
        at org.eclipse.jetty.util.thread.QueuedThreadPool$Runner.idleJobPoll(QueuedThreadPool.java:974)
        at org.eclipse.jetty.util.thread.QueuedThreadPool$Runner.run(QueuedThreadPool.java:1018)
        at java.lang.Thread.run(Thread.java:748)
"IPC Server handler 5 on default port 41905" daemon prio=5 tid=4561 timed_waiting
java.lang.Thread.State: TIMED_WAITING
        at sun.misc.Unsafe.park(Native Method)
        at java.util.concurrent.locks.LockSupport.parkNanos(LockSupport.java:215)
        at java.util.concurrent.locks.AbstractQueuedSynchronizer$ConditionObject.awaitNanos(AbstractQueuedSynchronizer.java:2078)
        at java.util.concurrent.LinkedBlockingQueue.poll(LinkedBlockingQueue.java:467)
        at org.apache.hadoop.ipc.CallQueueManager.take(CallQueueManager.java:317)
        at org.apache.hadoop.ipc.Server$Handler.run(Server.java:2932)
"qtp1199364158-4524" daemon prio=5 tid=4524 timed_waiting
java.lang.Thread.State: TIMED_WAITING
        at sun.misc.Unsafe.park(Native Method)
        at java.util.concurrent.locks.LockSupport.parkNanos(LockSupport.java:215)
        at java.util.concurrent.locks.AbstractQueuedSynchronizer$ConditionObject.awaitNanos(AbstractQueuedSynchronizer.java:2078)
        at org.eclipse.jetty.util.BlockingArrayQueue.poll(BlockingArrayQueue.java:382)
        at org.eclipse.jetty.util.thread.QueuedThreadPool$Runner.idleJobPoll(QueuedThreadPool.java:974)
        at org.eclipse.jetty.util.thread.QueuedThreadPool$Runner.run(QueuedThreadPool.java:1018)
        at java.lang.Thread.run(Thread.java:748)
"IPC Server handler 9 on default port 46035" daemon prio=5 tid=4467 timed_waiting
java.lang.Thread.State: TIMED_WAITING
        at sun.misc.Unsafe.park(Native Method)
        at java.util.concurrent.locks.LockSupport.parkNanos(LockSupport.java:215)
        at java.util.concurrent.locks.AbstractQueuedSynchronizer$ConditionObject.awaitNanos(AbstractQueuedSynchronizer.java:2078)
        at java.util.concurrent.LinkedBlockingQueue.poll(LinkedBlockingQueue.java:467)
        at org.apache.hadoop.ipc.CallQueueManager.take(CallQueueManager.java:317)
        at org.apache.hadoop.ipc.Server$Handler.run(Server.java:2932)
"pool-466-thread-10"  prio=5 tid=4856 in Object.wait()
java.lang.Thread.State: WAITING (on object monitor)
        at sun.misc.Unsafe.park(Native Method)
        at java.util.concurrent.locks.LockSupport.park(LockSupport.java:175)
        at java.util.concurrent.locks.AbstractQueuedSynchronizer$ConditionObject.await(AbstractQueuedSynchronizer.java:2039)
        at java.util.concurrent.LinkedBlockingQueue.take(LinkedBlockingQueue.java:442)
        at java.util.concurrent.ThreadPoolExecutor.getTask(ThreadPoolExecutor.java:1074)
        at java.util.concurrent.ThreadPoolExecutor.runWorker(ThreadPoolExecutor.java:1134)
        at java.util.concurrent.ThreadPoolExecutor$Worker.run(ThreadPoolExecutor.java:624)
        at java.lang.Thread.run(Thread.java:748)
"qtp797601589-4589" daemon prio=5 tid=4589 timed_waiting
java.lang.Thread.State: TIMED_WAITING
        at sun.misc.Unsafe.park(Native Method)
        at java.util.concurrent.locks.LockSupport.parkNanos(LockSupport.java:215)
        at java.util.concurrent.locks.AbstractQueuedSynchronizer$ConditionObject.awaitNanos(AbstractQueuedSynchronizer.java:2078)
        at org.eclipse.jetty.util.BlockingArrayQueue.poll(BlockingArrayQueue.java:382)
        at org.eclipse.jetty.util.thread.QueuedThreadPool$Runner.idleJobPoll(QueuedThreadPool.java:974)
        at org.eclipse.jetty.util.thread.QueuedThreadPool$Runner.run(QueuedThreadPool.java:1018)
        at java.lang.Thread.run(Thread.java:748)
"IPC Server idle connection scanner for port 41071" daemon prio=5 tid=4449 timed_waiting
java.lang.Thread.State: TIMED_WAITING
        at java.lang.Object.wait(Native Method)
        at java.util.TimerThread.mainLoop(Timer.java:552)
        at java.util.TimerThread.run(Timer.java:505)
"BlockDeletingService#6" daemon prio=5 tid=4702 in Object.wait()
java.lang.Thread.State: WAITING (on object monitor)
        at sun.misc.Unsafe.park(Native Method)
        at java.util.concurrent.locks.LockSupport.park(LockSupport.java:175)
        at java.util.concurrent.locks.AbstractQueuedSynchronizer$ConditionObject.await(AbstractQueuedSynchronizer.java:2039)
        at java.util.concurrent.ScheduledThreadPoolExecutor$DelayedWorkQueue.take(ScheduledThreadPoolExecutor.java:1088)
        at java.util.concurrent.ScheduledThreadPoolExecutor$DelayedWorkQueue.take(ScheduledThreadPoolExecutor.java:809)
        at java.util.concurrent.ThreadPoolExecutor.getTask(ThreadPoolExecutor.java:1074)
        at java.util.concurrent.ThreadPoolExecutor.runWorker(ThreadPoolExecutor.java:1134)
        at java.util.concurrent.ThreadPoolExecutor$Worker.run(ThreadPoolExecutor.java:624)
        at java.lang.Thread.run(Thread.java:748)
"IPC Server handler 18 on default port 38093" daemon prio=5 tid=4516 timed_waiting
java.lang.Thread.State: TIMED_WAITING
        at sun.misc.Unsafe.park(Native Method)
        at java.util.concurrent.locks.LockSupport.parkNanos(LockSupport.java:215)
        at java.util.concurrent.locks.AbstractQueuedSynchronizer$ConditionObject.awaitNanos(AbstractQueuedSynchronizer.java:2078)
        at java.util.concurrent.LinkedBlockingQueue.poll(LinkedBlockingQueue.java:467)
        at org.apache.hadoop.ipc.CallQueueManager.take(CallQueueManager.java:317)
        at org.apache.hadoop.ipc.Server$Handler.run(Server.java:2932)
"EndpointStateMachine task thread for /0.0.0.0:40379 - 0 "  prio=5 tid=4342 in Object.wait()
java.lang.Thread.State: WAITING (on object monitor)
        at sun.misc.Unsafe.park(Native Method)
        at java.util.concurrent.locks.LockSupport.park(LockSupport.java:175)
        at java.util.concurrent.locks.AbstractQueuedSynchronizer$ConditionObject.await(AbstractQueuedSynchronizer.java:2039)
        at java.util.concurrent.LinkedBlockingQueue.take(LinkedBlockingQueue.java:442)
        at java.util.concurrent.ThreadPoolExecutor.getTask(ThreadPoolExecutor.java:1074)
        at java.util.concurrent.ThreadPoolExecutor.runWorker(ThreadPoolExecutor.java:1134)
        at java.util.concurrent.ThreadPoolExecutor$Worker.run(ThreadPoolExecutor.java:624)
        at java.lang.Thread.run(Thread.java:748)
"pool-424-thread-1"  prio=5 tid=4583 timed_waiting
java.lang.Thread.State: TIMED_WAITING
        at sun.misc.Unsafe.park(Native Method)
        at java.util.concurrent.locks.LockSupport.parkNanos(LockSupport.java:215)
        at java.util.concurrent.locks.AbstractQueuedSynchronizer$ConditionObject.awaitNanos(AbstractQueuedSynchronizer.java:2078)
        at java.util.concurrent.ScheduledThreadPoolExecutor$DelayedWorkQueue.take(ScheduledThreadPoolExecutor.java:1093)
        at java.util.concurrent.ScheduledThreadPoolExecutor$DelayedWorkQueue.take(ScheduledThreadPoolExecutor.java:809)
        at java.util.concurrent.ThreadPoolExecutor.getTask(ThreadPoolExecutor.java:1074)
        at java.util.concurrent.ThreadPoolExecutor.runWorker(ThreadPoolExecutor.java:1134)
        at java.util.concurrent.ThreadPoolExecutor$Worker.run(ThreadPoolExecutor.java:624)
        at java.lang.Thread.run(Thread.java:748)
"IPC Server handler 0 on default port 41071" daemon prio=5 tid=4478 timed_waiting
java.lang.Thread.State: TIMED_WAITING
        at sun.misc.Unsafe.park(Native Method)
        at java.util.concurrent.locks.LockSupport.parkNanos(LockSupport.java:215)
        at java.util.concurrent.locks.AbstractQueuedSynchronizer$ConditionObject.awaitNanos(AbstractQueuedSynchronizer.java:2078)
        at java.util.concurrent.LinkedBlockingQueue.poll(LinkedBlockingQueue.java:467)
        at org.apache.hadoop.ipc.CallQueueManager.take(CallQueueManager.java:317)
        at org.apache.hadoop.ipc.Server$Handler.run(Server.java:2932)
"IPC Server handler 2 on default port 46035" daemon prio=5 tid=4460 timed_waiting
java.lang.Thread.State: TIMED_WAITING
        at sun.misc.Unsafe.park(Native Method)
        at java.util.concurrent.locks.LockSupport.parkNanos(LockSupport.java:215)
        at java.util.concurrent.locks.AbstractQueuedSynchronizer$ConditionObject.awaitNanos(AbstractQueuedSynchronizer.java:2078)
        at java.util.concurrent.LinkedBlockingQueue.poll(LinkedBlockingQueue.java:467)
        at org.apache.hadoop.ipc.CallQueueManager.take(CallQueueManager.java:317)
        at org.apache.hadoop.ipc.Server$Handler.run(Server.java:2932)
"pool-466-thread-3"  prio=5 tid=4788 in Object.wait()
java.lang.Thread.State: WAITING (on object monitor)
        at sun.misc.Unsafe.park(Native Method)
        at java.util.concurrent.locks.LockSupport.park(LockSupport.java:175)
        at java.util.concurrent.locks.AbstractQueuedSynchronizer$ConditionObject.await(AbstractQueuedSynchronizer.java:2039)
        at java.util.concurrent.LinkedBlockingQueue.take(LinkedBlockingQueue.java:442)
        at java.util.concurrent.ThreadPoolExecutor.getTask(ThreadPoolExecutor.java:1074)
        at java.util.concurrent.ThreadPoolExecutor.runWorker(ThreadPoolExecutor.java:1134)
        at java.util.concurrent.ThreadPoolExecutor$Worker.run(ThreadPoolExecutor.java:624)
        at java.lang.Thread.run(Thread.java:748)
"pool-465-thread-6"  prio=5 tid=4817 in Object.wait()
java.lang.Thread.State: WAITING (on object monitor)
        at sun.misc.Unsafe.park(Native Method)
        at java.util.concurrent.locks.LockSupport.park(LockSupport.java:175)
        at java.util.concurrent.locks.AbstractQueuedSynchronizer$ConditionObject.await(AbstractQueuedSynchronizer.java:2039)
        at java.util.concurrent.LinkedBlockingQueue.take(LinkedBlockingQueue.java:442)
        at java.util.concurrent.ThreadPoolExecutor.getTask(ThreadPoolExecutor.java:1074)
        at java.util.concurrent.ThreadPoolExecutor.runWorker(ThreadPoolExecutor.java:1134)
        at java.util.concurrent.ThreadPoolExecutor$Worker.run(ThreadPoolExecutor.java:624)
        at java.lang.Thread.run(Thread.java:748)
"IPC Server handler 10 on default port 41071" daemon prio=5 tid=4488 timed_waiting
java.lang.Thread.State: TIMED_WAITING
        at sun.misc.Unsafe.park(Native Method)
        at java.util.concurrent.locks.LockSupport.parkNanos(LockSupport.java:215)
        at java.util.concurrent.locks.AbstractQueuedSynchronizer$ConditionObject.awaitNanos(AbstractQueuedSynchronizer.java:2078)
        at java.util.concurrent.LinkedBlockingQueue.poll(LinkedBlockingQueue.java:467)
        at org.apache.hadoop.ipc.CallQueueManager.take(CallQueueManager.java:317)
        at org.apache.hadoop.ipc.Server$Handler.run(Server.java:2932)
"IPC Server handler 7 on default port 46035" daemon prio=5 tid=4465 timed_waiting
java.lang.Thread.State: TIMED_WAITING
        at sun.misc.Unsafe.park(Native Method)
        at java.util.concurrent.locks.LockSupport.parkNanos(LockSupport.java:215)
        at java.util.concurrent.locks.AbstractQueuedSynchronizer$ConditionObject.awaitNanos(AbstractQueuedSynchronizer.java:2078)
        at java.util.concurrent.LinkedBlockingQueue.poll(LinkedBlockingQueue.java:467)
        at org.apache.hadoop.ipc.CallQueueManager.take(CallQueueManager.java:317)
        at org.apache.hadoop.ipc.Server$Handler.run(Server.java:2932)
"qtp1221770347-4609" daemon prio=5 tid=4609 runnable
java.lang.Thread.State: RUNNABLE
        at sun.nio.ch.EPollArrayWrapper.epollWait(Native Method)
        at sun.nio.ch.EPollArrayWrapper.poll(EPollArrayWrapper.java:269)
        at sun.nio.ch.EPollSelectorImpl.doSelect(EPollSelectorImpl.java:93)
        at sun.nio.ch.SelectorImpl.lockAndDoSelect(SelectorImpl.java:86)
        at sun.nio.ch.SelectorImpl.select(SelectorImpl.java:97)
        at sun.nio.ch.SelectorImpl.select(SelectorImpl.java:101)
        at org.eclipse.jetty.io.ManagedSelector.nioSelect(ManagedSelector.java:183)
        at org.eclipse.jetty.io.ManagedSelector.select(ManagedSelector.java:190)
        at org.eclipse.jetty.io.ManagedSelector$SelectorProducer.select(ManagedSelector.java:606)
        at org.eclipse.jetty.io.ManagedSelector$SelectorProducer.produce(ManagedSelector.java:543)
        at org.eclipse.jetty.util.thread.strategy.EatWhatYouKill.produceTask(EatWhatYouKill.java:362)
        at org.eclipse.jetty.util.thread.strategy.EatWhatYouKill.doProduce(EatWhatYouKill.java:186)
        at org.eclipse.jetty.util.thread.strategy.EatWhatYouKill.tryProduce(EatWhatYouKill.java:173)
        at org.eclipse.jetty.util.thread.strategy.EatWhatYouKill.produce(EatWhatYouKill.java:137)
        at org.eclipse.jetty.io.ManagedSelector$$Lambda$309/1391532202.run(Unknown Source)
        at org.eclipse.jetty.util.thread.QueuedThreadPool.runJob(QueuedThreadPool.java:883)
        at org.eclipse.jetty.util.thread.QueuedThreadPool$Runner.run(QueuedThreadPool.java:1034)
        at java.lang.Thread.run(Thread.java:748)
"pool-465-thread-4"  prio=5 tid=4797 in Object.wait()
java.lang.Thread.State: WAITING (on object monitor)
        at sun.misc.Unsafe.park(Native Method)
        at java.util.concurrent.locks.LockSupport.park(LockSupport.java:175)
        at java.util.concurrent.locks.AbstractQueuedSynchronizer$ConditionObject.await(AbstractQueuedSynchronizer.java:2039)
        at java.util.concurrent.LinkedBlockingQueue.take(LinkedBlockingQueue.java:442)
        at java.util.concurrent.ThreadPoolExecutor.getTask(ThreadPoolExecutor.java:1074)
        at java.util.concurrent.ThreadPoolExecutor.runWorker(ThreadPoolExecutor.java:1134)
        at java.util.concurrent.ThreadPoolExecutor$Worker.run(ThreadPoolExecutor.java:624)
        at java.lang.Thread.run(Thread.java:748)
"Session-HouseKeeper-6287b65f-1"  prio=5 tid=4617 timed_waiting
java.lang.Thread.State: TIMED_WAITING
        at sun.misc.Unsafe.park(Native Method)
        at java.util.concurrent.locks.LockSupport.parkNanos(LockSupport.java:215)
        at java.util.concurrent.locks.AbstractQueuedSynchronizer$ConditionObject.awaitNanos(AbstractQueuedSynchronizer.java:2078)
        at java.util.concurrent.ScheduledThreadPoolExecutor$DelayedWorkQueue.take(ScheduledThreadPoolExecutor.java:1093)
        at java.util.concurrent.ScheduledThreadPoolExecutor$DelayedWorkQueue.take(ScheduledThreadPoolExecutor.java:809)
        at java.util.concurrent.ThreadPoolExecutor.getTask(ThreadPoolExecutor.java:1074)
        at java.util.concurrent.ThreadPoolExecutor.runWorker(ThreadPoolExecutor.java:1134)
        at java.util.concurrent.ThreadPoolExecutor$Worker.run(ThreadPoolExecutor.java:624)
        at java.lang.Thread.run(Thread.java:748)
"IPC Parameter Sending Thread #1" daemon prio=5 tid=5371 timed_waiting
java.lang.Thread.State: TIMED_WAITING
        at sun.misc.Unsafe.park(Native Method)
        at java.util.concurrent.locks.LockSupport.parkNanos(LockSupport.java:215)
        at java.util.concurrent.SynchronousQueue$TransferStack.awaitFulfill(SynchronousQueue.java:460)
        at java.util.concurrent.SynchronousQueue$TransferStack.transfer(SynchronousQueue.java:362)
        at java.util.concurrent.SynchronousQueue.poll(SynchronousQueue.java:941)
        at java.util.concurrent.ThreadPoolExecutor.getTask(ThreadPoolExecutor.java:1073)
        at java.util.concurrent.ThreadPoolExecutor.runWorker(ThreadPoolExecutor.java:1134)
        at java.util.concurrent.ThreadPoolExecutor$Worker.run(ThreadPoolExecutor.java:624)
        at java.lang.Thread.run(Thread.java:748)
"IPC Server handler 9 on default port 41071" daemon prio=5 tid=4487 timed_waiting
java.lang.Thread.State: TIMED_WAITING
        at sun.misc.Unsafe.park(Native Method)
        at java.util.concurrent.locks.LockSupport.parkNanos(LockSupport.java:215)
        at java.util.concurrent.locks.AbstractQueuedSynchronizer$ConditionObject.awaitNanos(AbstractQueuedSynchronizer.java:2078)
        at java.util.concurrent.LinkedBlockingQueue.poll(LinkedBlockingQueue.java:467)
        at org.apache.hadoop.ipc.CallQueueManager.take(CallQueueManager.java:317)
        at org.apache.hadoop.ipc.Server$Handler.run(Server.java:2932)
"PartialTableCache Cleanup Thread - 0" daemon prio=5 tid=4759 in Object.wait()
java.lang.Thread.State: WAITING (on object monitor)
        at sun.misc.Unsafe.park(Native Method)
        at java.util.concurrent.locks.LockSupport.park(LockSupport.java:175)
        at java.util.concurrent.locks.AbstractQueuedSynchronizer$ConditionObject.await(AbstractQueuedSynchronizer.java:2039)
        at java.util.concurrent.LinkedBlockingQueue.take(LinkedBlockingQueue.java:442)
        at java.util.concurrent.ThreadPoolExecutor.getTask(ThreadPoolExecutor.java:1074)
        at java.util.concurrent.ThreadPoolExecutor.runWorker(ThreadPoolExecutor.java:1134)
        at java.util.concurrent.ThreadPoolExecutor$Worker.run(ThreadPoolExecutor.java:624)
        at java.lang.Thread.run(Thread.java:748)
"EventQueue-ContainerReportForContainerReportHandler" daemon prio=5 tid=4717 in Object.wait()
java.lang.Thread.State: WAITING (on object monitor)
        at sun.misc.Unsafe.park(Native Method)
        at java.util.concurrent.locks.LockSupport.park(LockSupport.java:175)
        at java.util.concurrent.locks.AbstractQueuedSynchronizer$ConditionObject.await(AbstractQueuedSynchronizer.java:2039)
        at java.util.concurrent.LinkedBlockingQueue.take(LinkedBlockingQueue.java:442)
        at java.util.concurrent.ThreadPoolExecutor.getTask(ThreadPoolExecutor.java:1074)
        at java.util.concurrent.ThreadPoolExecutor.runWorker(ThreadPoolExecutor.java:1134)
        at java.util.concurrent.ThreadPoolExecutor$Worker.run(ThreadPoolExecutor.java:624)
        at java.lang.Thread.run(Thread.java:748)
"IPC Server idle connection scanner for port 41905" daemon prio=5 tid=4537 timed_waiting
java.lang.Thread.State: TIMED_WAITING
        at java.lang.Object.wait(Native Method)
        at java.util.TimerThread.mainLoop(Timer.java:552)
        at java.util.TimerThread.run(Timer.java:505)
"IPC Server handler 5 on default port 46035" daemon prio=5 tid=4463 timed_waiting
java.lang.Thread.State: TIMED_WAITING
        at sun.misc.Unsafe.park(Native Method)
        at java.util.concurrent.locks.LockSupport.parkNanos(LockSupport.java:215)
        at java.util.concurrent.locks.AbstractQueuedSynchronizer$ConditionObject.awaitNanos(AbstractQueuedSynchronizer.java:2078)
        at java.util.concurrent.LinkedBlockingQueue.poll(LinkedBlockingQueue.java:467)
        at org.apache.hadoop.ipc.CallQueueManager.take(CallQueueManager.java:317)
        at org.apache.hadoop.ipc.Server$Handler.run(Server.java:2932)
"PartialTableCache Cleanup Thread - 0" daemon prio=5 tid=897 in Object.wait()
java.lang.Thread.State: WAITING (on object monitor)
        at sun.misc.Unsafe.park(Native Method)
        at java.util.concurrent.locks.LockSupport.park(LockSupport.java:175)
        at java.util.concurrent.locks.AbstractQueuedSynchronizer$ConditionObject.await(AbstractQueuedSynchronizer.java:2039)
        at java.util.concurrent.LinkedBlockingQueue.take(LinkedBlockingQueue.java:442)
        at java.util.concurrent.ThreadPoolExecutor.getTask(ThreadPoolExecutor.java:1074)
        at java.util.concurrent.ThreadPoolExecutor.runWorker(ThreadPoolExecutor.java:1134)
        at java.util.concurrent.ThreadPoolExecutor$Worker.run(ThreadPoolExecutor.java:624)
        at java.lang.Thread.run(Thread.java:748)
"IPC Server handler 3 on default port 41071" daemon prio=5 tid=4481 timed_waiting
java.lang.Thread.State: TIMED_WAITING
        at sun.misc.Unsafe.park(Native Method)
        at java.util.concurrent.locks.LockSupport.parkNanos(LockSupport.java:215)
        at java.util.concurrent.locks.AbstractQueuedSynchronizer$ConditionObject.awaitNanos(AbstractQueuedSynchronizer.java:2078)
        at java.util.concurrent.LinkedBlockingQueue.poll(LinkedBlockingQueue.java:467)
        at org.apache.hadoop.ipc.CallQueueManager.take(CallQueueManager.java:317)
        at org.apache.hadoop.ipc.Server$Handler.run(Server.java:2932)
"IPC Server handler 18 on default port 46035" daemon prio=5 tid=4476 timed_waiting
java.lang.Thread.State: TIMED_WAITING
        at sun.misc.Unsafe.park(Native Method)
        at java.util.concurrent.locks.LockSupport.parkNanos(LockSupport.java:215)
        at java.util.concurrent.locks.AbstractQueuedSynchronizer$ConditionObject.awaitNanos(AbstractQueuedSynchronizer.java:2078)
        at java.util.concurrent.LinkedBlockingQueue.poll(LinkedBlockingQueue.java:467)
        at org.apache.hadoop.ipc.CallQueueManager.take(CallQueueManager.java:317)
        at org.apache.hadoop.ipc.Server$Handler.run(Server.java:2932)
"grpc-default-executor-3" daemon prio=5 tid=335 timed_waiting
java.lang.Thread.State: TIMED_WAITING
        at sun.misc.Unsafe.park(Native Method)
        at java.util.concurrent.locks.LockSupport.parkNanos(LockSupport.java:215)
        at java.util.concurrent.SynchronousQueue$TransferStack.awaitFulfill(SynchronousQueue.java:460)
        at java.util.concurrent.SynchronousQueue$TransferStack.transfer(SynchronousQueue.java:362)
        at java.util.concurrent.SynchronousQueue.poll(SynchronousQueue.java:941)
        at java.util.concurrent.ThreadPoolExecutor.getTask(ThreadPoolExecutor.java:1073)
        at java.util.concurrent.ThreadPoolExecutor.runWorker(ThreadPoolExecutor.java:1134)
        at java.util.concurrent.ThreadPoolExecutor$Worker.run(ThreadPoolExecutor.java:624)
        at java.lang.Thread.run(Thread.java:748)
"BlockDeletingService#2" daemon prio=5 tid=4678 in Object.wait()
java.lang.Thread.State: WAITING (on object monitor)
        at sun.misc.Unsafe.park(Native Method)
        at java.util.concurrent.locks.LockSupport.park(LockSupport.java:175)
        at java.util.concurrent.locks.AbstractQueuedSynchronizer$ConditionObject.await(AbstractQueuedSynchronizer.java:2039)
        at java.util.concurrent.ScheduledThreadPoolExecutor$DelayedWorkQueue.take(ScheduledThreadPoolExecutor.java:1088)
        at java.util.concurrent.ScheduledThreadPoolExecutor$DelayedWorkQueue.take(ScheduledThreadPoolExecutor.java:809)
        at java.util.concurrent.ThreadPoolExecutor.getTask(ThreadPoolExecutor.java:1074)
        at java.util.concurrent.ThreadPoolExecutor.runWorker(ThreadPoolExecutor.java:1134)
        at java.util.concurrent.ThreadPoolExecutor$Worker.run(ThreadPoolExecutor.java:624)
        at java.lang.Thread.run(Thread.java:748)
"Datanode State Machine Thread - 0" daemon prio=5 tid=4593 timed_waiting
java.lang.Thread.State: TIMED_WAITING
        at java.lang.Thread.sleep(Native Method)
        at org.apache.hadoop.ozone.container.common.statemachine.DatanodeStateMachine.start(DatanodeStateMachine.java:285)
        at org.apache.hadoop.ozone.container.common.statemachine.DatanodeStateMachine.lambda$startDaemon$0(DatanodeStateMachine.java:456)
        at org.apache.hadoop.ozone.container.common.statemachine.DatanodeStateMachine$$Lambda$569/736565880.run(Unknown Source)
        at java.lang.Thread.run(Thread.java:748)
"pool-465-thread-7"  prio=5 tid=4821 in Object.wait()
java.lang.Thread.State: WAITING (on object monitor)
        at sun.misc.Unsafe.park(Native Method)
        at java.util.concurrent.locks.LockSupport.park(LockSupport.java:175)
        at java.util.concurrent.locks.AbstractQueuedSynchronizer$ConditionObject.await(AbstractQueuedSynchronizer.java:2039)
        at java.util.concurrent.LinkedBlockingQueue.take(LinkedBlockingQueue.java:442)
        at java.util.concurrent.ThreadPoolExecutor.getTask(ThreadPoolExecutor.java:1074)
        at java.util.concurrent.ThreadPoolExecutor.runWorker(ThreadPoolExecutor.java:1134)
        at java.util.concurrent.ThreadPoolExecutor$Worker.run(ThreadPoolExecutor.java:624)
        at java.lang.Thread.run(Thread.java:748)
"Datanode ReportManager Thread - 4" daemon prio=5 tid=4598 timed_waiting
java.lang.Thread.State: TIMED_WAITING
        at sun.misc.Unsafe.park(Native Method)
        at java.util.concurrent.locks.LockSupport.park(LockSupport.java:175)
        at java.util.concurrent.locks.AbstractQueuedSynchronizer$ConditionObject.await(AbstractQueuedSynchronizer.java:2039)
        at java.util.concurrent.ScheduledThreadPoolExecutor$DelayedWorkQueue.take(ScheduledThreadPoolExecutor.java:1088)
        at java.util.concurrent.ScheduledThreadPoolExecutor$DelayedWorkQueue.take(ScheduledThreadPoolExecutor.java:809)
        at java.util.concurrent.ThreadPoolExecutor.getTask(ThreadPoolExecutor.java:1074)
        at java.util.concurrent.ThreadPoolExecutor.runWorker(ThreadPoolExecutor.java:1134)
        at java.util.concurrent.ThreadPoolExecutor$Worker.run(ThreadPoolExecutor.java:624)
        at java.lang.Thread.run(Thread.java:748)
"IPC Server handler 1 on default port 41071" daemon prio=5 tid=4479 timed_waiting
java.lang.Thread.State: TIMED_WAITING
        at sun.misc.Unsafe.park(Native Method)
        at java.util.concurrent.locks.LockSupport.parkNanos(LockSupport.java:215)
        at java.util.concurrent.locks.AbstractQueuedSynchronizer$ConditionObject.awaitNanos(AbstractQueuedSynchronizer.java:2078)
        at java.util.concurrent.LinkedBlockingQueue.poll(LinkedBlockingQueue.java:467)
        at org.apache.hadoop.ipc.CallQueueManager.take(CallQueueManager.java:317)
        at org.apache.hadoop.ipc.Server$Handler.run(Server.java:2932)
"Datanode State Machine Thread - 0" daemon prio=5 tid=4620 timed_waiting
java.lang.Thread.State: TIMED_WAITING
        at java.lang.Thread.sleep(Native Method)
        at org.apache.hadoop.ozone.container.common.statemachine.DatanodeStateMachine.start(DatanodeStateMachine.java:285)
        at org.apache.hadoop.ozone.container.common.statemachine.DatanodeStateMachine.lambda$startDaemon$0(DatanodeStateMachine.java:456)
        at org.apache.hadoop.ozone.container.common.statemachine.DatanodeStateMachine$$Lambda$569/736565880.run(Unknown Source)
        at java.lang.Thread.run(Thread.java:748)
"IPC Server handler 3 on default port 41905" daemon prio=5 tid=4559 timed_waiting
java.lang.Thread.State: TIMED_WAITING
        at sun.misc.Unsafe.park(Native Method)
        at java.util.concurrent.locks.LockSupport.parkNanos(LockSupport.java:215)
        at java.util.concurrent.locks.AbstractQueuedSynchronizer$ConditionObject.awaitNanos(AbstractQueuedSynchronizer.java:2078)
        at java.util.concurrent.LinkedBlockingQueue.poll(LinkedBlockingQueue.java:467)
        at org.apache.hadoop.ipc.CallQueueManager.take(CallQueueManager.java:317)
        at org.apache.hadoop.ipc.Server$Handler.run(Server.java:2932)
"BlockDeletingService#3" daemon prio=5 tid=4680 in Object.wait()
java.lang.Thread.State: WAITING (on object monitor)
        at sun.misc.Unsafe.park(Native Method)
        at java.util.concurrent.locks.LockSupport.park(LockSupport.java:175)
        at java.util.concurrent.locks.AbstractQueuedSynchronizer$ConditionObject.await(AbstractQueuedSynchronizer.java:2039)
        at java.util.concurrent.ScheduledThreadPoolExecutor$DelayedWorkQueue.take(ScheduledThreadPoolExecutor.java:1088)
        at java.util.concurrent.ScheduledThreadPoolExecutor$DelayedWorkQueue.take(ScheduledThreadPoolExecutor.java:809)
        at java.util.concurrent.ThreadPoolExecutor.getTask(ThreadPoolExecutor.java:1074)
        at java.util.concurrent.ThreadPoolExecutor.runWorker(ThreadPoolExecutor.java:1134)
        at java.util.concurrent.ThreadPoolExecutor$Worker.run(ThreadPoolExecutor.java:624)
        at java.lang.Thread.run(Thread.java:748)
"IPC Server handler 4 on default port 38093" daemon prio=5 tid=4502 timed_waiting
java.lang.Thread.State: TIMED_WAITING
        at sun.misc.Unsafe.park(Native Method)
        at java.util.concurrent.locks.LockSupport.parkNanos(LockSupport.java:215)
        at java.util.concurrent.locks.AbstractQueuedSynchronizer$ConditionObject.awaitNanos(AbstractQueuedSynchronizer.java:2078)
        at java.util.concurrent.LinkedBlockingQueue.poll(LinkedBlockingQueue.java:467)
        at org.apache.hadoop.ipc.CallQueueManager.take(CallQueueManager.java:317)
        at org.apache.hadoop.ipc.Server$Handler.run(Server.java:2932)
"IPC Server listener on 0" daemon prio=5 tid=4447 runnable
java.lang.Thread.State: RUNNABLE
        at sun.nio.ch.EPollArrayWrapper.epollWait(Native Method)
        at sun.nio.ch.EPollArrayWrapper.poll(EPollArrayWrapper.java:269)
        at sun.nio.ch.EPollSelectorImpl.doSelect(EPollSelectorImpl.java:93)
        at sun.nio.ch.SelectorImpl.lockAndDoSelect(SelectorImpl.java:86)
        at sun.nio.ch.SelectorImpl.select(SelectorImpl.java:97)
        at sun.nio.ch.SelectorImpl.select(SelectorImpl.java:101)
        at org.apache.hadoop.ipc.Server$Listener.run(Server.java:1350)
"IPC Server handler 12 on default port 38093" daemon prio=5 tid=4510 timed_waiting
java.lang.Thread.State: TIMED_WAITING
        at sun.misc.Unsafe.park(Native Method)
        at java.util.concurrent.locks.LockSupport.parkNanos(LockSupport.java:215)
        at java.util.concurrent.locks.AbstractQueuedSynchronizer$ConditionObject.awaitNanos(AbstractQueuedSynchronizer.java:2078)
        at java.util.concurrent.LinkedBlockingQueue.poll(LinkedBlockingQueue.java:467)
        at org.apache.hadoop.ipc.CallQueueManager.take(CallQueueManager.java:317)
        at org.apache.hadoop.ipc.Server$Handler.run(Server.java:2932)
"qtp1199364158-4521" daemon prio=5 tid=4521 runnable
java.lang.Thread.State: RUNNABLE
        at sun.nio.ch.EPollArrayWrapper.epollWait(Native Method)
        at sun.nio.ch.EPollArrayWrapper.poll(EPollArrayWrapper.java:269)
        at sun.nio.ch.EPollSelectorImpl.doSelect(EPollSelectorImpl.java:93)
        at sun.nio.ch.SelectorImpl.lockAndDoSelect(SelectorImpl.java:86)
        at sun.nio.ch.SelectorImpl.select(SelectorImpl.java:97)
        at sun.nio.ch.SelectorImpl.select(SelectorImpl.java:101)
        at org.eclipse.jetty.io.ManagedSelector.nioSelect(ManagedSelector.java:183)
        at org.eclipse.jetty.io.ManagedSelector.select(ManagedSelector.java:190)
        at org.eclipse.jetty.io.ManagedSelector$SelectorProducer.select(ManagedSelector.java:606)
        at org.eclipse.jetty.io.ManagedSelector$SelectorProducer.produce(ManagedSelector.java:543)
        at org.eclipse.jetty.util.thread.strategy.EatWhatYouKill.produceTask(EatWhatYouKill.java:362)
        at org.eclipse.jetty.util.thread.strategy.EatWhatYouKill.doProduce(EatWhatYouKill.java:186)
        at org.eclipse.jetty.util.thread.strategy.EatWhatYouKill.tryProduce(EatWhatYouKill.java:173)
        at org.eclipse.jetty.util.thread.strategy.EatWhatYouKill.produce(EatWhatYouKill.java:137)
        at org.eclipse.jetty.io.ManagedSelector$$Lambda$309/1391532202.run(Unknown Source)
        at org.eclipse.jetty.util.thread.QueuedThreadPool.runJob(QueuedThreadPool.java:883)
        at org.eclipse.jetty.util.thread.QueuedThreadPool$Runner.run(QueuedThreadPool.java:1034)
        at java.lang.Thread.run(Thread.java:748)
"EventQueue-ContainerReportForContainerReportHandler" daemon prio=5 tid=4718 in Object.wait()
java.lang.Thread.State: WAITING (on object monitor)
        at sun.misc.Unsafe.park(Native Method)
        at java.util.concurrent.locks.LockSupport.park(LockSupport.java:175)
        at java.util.concurrent.locks.AbstractQueuedSynchronizer$ConditionObject.await(AbstractQueuedSynchronizer.java:2039)
        at java.util.concurrent.LinkedBlockingQueue.take(LinkedBlockingQueue.java:442)
        at java.util.concurrent.ThreadPoolExecutor.getTask(ThreadPoolExecutor.java:1074)
        at java.util.concurrent.ThreadPoolExecutor.runWorker(ThreadPoolExecutor.java:1134)
        at java.util.concurrent.ThreadPoolExecutor$Worker.run(ThreadPoolExecutor.java:624)
        at java.lang.Thread.run(Thread.java:748)
"FullTableCache Cleanup Thread - 0" daemon prio=5 tid=341 in Object.wait()
java.lang.Thread.State: WAITING (on object monitor)
        at sun.misc.Unsafe.park(Native Method)
        at java.util.concurrent.locks.LockSupport.park(LockSupport.java:175)
        at java.util.concurrent.locks.AbstractQueuedSynchronizer$ConditionObject.await(AbstractQueuedSynchronizer.java:2039)
        at java.util.concurrent.LinkedBlockingQueue.take(LinkedBlockingQueue.java:442)
        at java.util.concurrent.ThreadPoolExecutor.getTask(ThreadPoolExecutor.java:1074)
        at java.util.concurrent.ThreadPoolExecutor.runWorker(ThreadPoolExecutor.java:1134)
        at java.util.concurrent.ThreadPoolExecutor$Worker.run(ThreadPoolExecutor.java:624)
        at java.lang.Thread.run(Thread.java:748)
"org.apache.ratis.util.JvmPauseMonitor$$Lambda$531/1393706494@4cf7932d" daemon prio=5 tid=4661 timed_waiting
java.lang.Thread.State: TIMED_WAITING
        at java.lang.Thread.sleep(Native Method)
        at java.lang.Thread.sleep(Thread.java:340)
        at java.util.concurrent.TimeUnit.sleep(TimeUnit.java:386)
        at org.apache.ratis.util.TimeDuration.sleep(TimeDuration.java:324)
        at org.apache.ratis.util.TimeDuration.sleep(TimeDuration.java:309)
        at org.apache.ratis.util.JvmPauseMonitor.detectPause(JvmPauseMonitor.java:117)
        at org.apache.ratis.util.JvmPauseMonitor.run(JvmPauseMonitor.java:106)
        at org.apache.ratis.util.JvmPauseMonitor$$Lambda$531/1393706494.run(Unknown Source)
        at java.lang.Thread.run(Thread.java:748)
"DeleteBlocksCommandHandlerThread-0" daemon prio=5 tid=8010 timed_waiting
java.lang.Thread.State: TIMED_WAITING
        at sun.misc.Unsafe.park(Native Method)
        at java.util.concurrent.locks.LockSupport.parkNanos(LockSupport.java:215)
        at java.util.concurrent.locks.AbstractQueuedSynchronizer$ConditionObject.awaitNanos(AbstractQueuedSynchronizer.java:2078)
        at java.util.concurrent.LinkedBlockingQueue.poll(LinkedBlockingQueue.java:467)
        at java.util.concurrent.ThreadPoolExecutor.getTask(ThreadPoolExecutor.java:1073)
        at java.util.concurrent.ThreadPoolExecutor.runWorker(ThreadPoolExecutor.java:1134)
        at java.util.concurrent.ThreadPoolExecutor$Worker.run(ThreadPoolExecutor.java:624)
        at java.lang.Thread.run(Thread.java:748)
"IPC Server handler 0 on default port 38093" daemon prio=5 tid=4498 timed_waiting
java.lang.Thread.State: TIMED_WAITING
        at sun.misc.Unsafe.park(Native Method)
        at java.util.concurrent.locks.LockSupport.parkNanos(LockSupport.java:215)
        at java.util.concurrent.locks.AbstractQueuedSynchronizer$ConditionObject.awaitNanos(AbstractQueuedSynchronizer.java:2078)
        at java.util.concurrent.LinkedBlockingQueue.poll(LinkedBlockingQueue.java:467)
        at org.apache.hadoop.ipc.CallQueueManager.take(CallQueueManager.java:317)
        at org.apache.hadoop.ipc.Server$Handler.run(Server.java:2932)
"qtp1221770347-4616" daemon prio=5 tid=4616 timed_waiting
java.lang.Thread.State: TIMED_WAITING
        at sun.misc.Unsafe.park(Native Method)
        at java.util.concurrent.locks.LockSupport.parkNanos(LockSupport.java:215)
        at java.util.concurrent.locks.AbstractQueuedSynchronizer$ConditionObject.awaitNanos(AbstractQueuedSynchronizer.java:2078)
        at org.eclipse.jetty.util.BlockingArrayQueue.poll(BlockingArrayQueue.java:382)
        at org.eclipse.jetty.util.thread.QueuedThreadPool$Runner.idleJobPoll(QueuedThreadPool.java:974)
        at org.eclipse.jetty.util.thread.QueuedThreadPool$Runner.run(QueuedThreadPool.java:1018)
        at java.lang.Thread.run(Thread.java:748)
"grpc-default-executor-6" daemon prio=5 tid=5221 timed_waiting
java.lang.Thread.State: TIMED_WAITING
        at sun.misc.Unsafe.park(Native Method)
        at java.util.concurrent.locks.LockSupport.parkNanos(LockSupport.java:215)
        at java.util.concurrent.SynchronousQueue$TransferStack.awaitFulfill(SynchronousQueue.java:460)
        at java.util.concurrent.SynchronousQueue$TransferStack.transfer(SynchronousQueue.java:362)
        at java.util.concurrent.SynchronousQueue.poll(SynchronousQueue.java:941)
        at java.util.concurrent.ThreadPoolExecutor.getTask(ThreadPoolExecutor.java:1073)
        at java.util.concurrent.ThreadPoolExecutor.runWorker(ThreadPoolExecutor.java:1134)
        at java.util.concurrent.ThreadPoolExecutor$Worker.run(ThreadPoolExecutor.java:624)
        at java.lang.Thread.run(Thread.java:748)
"org.apache.hadoop.ozone.container.common.statemachine.commandhandler.DeleteBlocksCommandHandler$DeleteCmdWorker@4dc944bc" daemon prio=5 tid=4314 runnable
java.lang.Thread.State: RUNNABLE
        at java.lang.Thread.sleep(Native Method)
        at org.apache.hadoop.ozone.container.common.statemachine.commandhandler.DeleteBlocksCommandHandler$DeleteCmdWorker.run(DeleteBlocksCommandHandler.java:174)
        at java.lang.Thread.run(Thread.java:748)
"qtp1199364158-4523" daemon prio=5 tid=4523 timed_waiting
java.lang.Thread.State: TIMED_WAITING
        at sun.misc.Unsafe.park(Native Method)
        at java.util.concurrent.locks.LockSupport.parkNanos(LockSupport.java:215)
        at java.util.concurrent.locks.AbstractQueuedSynchronizer$ConditionObject.awaitNanos(AbstractQueuedSynchronizer.java:2078)
        at org.eclipse.jetty.util.BlockingArrayQueue.poll(BlockingArrayQueue.java:382)
        at org.eclipse.jetty.util.thread.QueuedThreadPool$Runner.idleJobPoll(QueuedThreadPool.java:974)
        at org.eclipse.jetty.util.thread.QueuedThreadPool$Runner.run(QueuedThreadPool.java:1018)
        at java.lang.Thread.run(Thread.java:748)
"IPC Server handler 14 on default port 41905" daemon prio=5 tid=4570 timed_waiting
java.lang.Thread.State: TIMED_WAITING
        at sun.misc.Unsafe.park(Native Method)
        at java.util.concurrent.locks.LockSupport.parkNanos(LockSupport.java:215)
        at java.util.concurrent.locks.AbstractQueuedSynchronizer$ConditionObject.awaitNanos(AbstractQueuedSynchronizer.java:2078)
        at java.util.concurrent.LinkedBlockingQueue.poll(LinkedBlockingQueue.java:467)
        at org.apache.hadoop.ipc.CallQueueManager.take(CallQueueManager.java:317)
        at org.apache.hadoop.ipc.Server$Handler.run(Server.java:2932)
"f89ecde1-abfa-4530-92e2-4a065b7725ea@group-E30A832DBA26-StateMachineUpdater" daemon prio=5 tid=4734 in Object.wait()
java.lang.Thread.State: WAITING (on object monitor)
        at java.lang.Object.wait(Native Method)
        at java.lang.Object.wait(Object.java:502)
        at org.apache.ratis.server.impl.StateMachineUpdater.waitForCommit(StateMachineUpdater.java:204)
        at org.apache.ratis.server.impl.StateMachineUpdater.run(StateMachineUpdater.java:173)
        at java.lang.Thread.run(Thread.java:748)
"EventQueue-ContainerReportForContainerReportHandler" daemon prio=5 tid=4721 in Object.wait()
java.lang.Thread.State: WAITING (on object monitor)
        at sun.misc.Unsafe.park(Native Method)
        at java.util.concurrent.locks.LockSupport.park(LockSupport.java:175)
        at java.util.concurrent.locks.AbstractQueuedSynchronizer$ConditionObject.await(AbstractQueuedSynchronizer.java:2039)
        at java.util.concurrent.LinkedBlockingQueue.take(LinkedBlockingQueue.java:442)
        at java.util.concurrent.ThreadPoolExecutor.getTask(ThreadPoolExecutor.java:1074)
        at java.util.concurrent.ThreadPoolExecutor.runWorker(ThreadPoolExecutor.java:1134)
        at java.util.concurrent.ThreadPoolExecutor$Worker.run(ThreadPoolExecutor.java:624)
        at java.lang.Thread.run(Thread.java:748)
"IPC Server handler 10 on default port 38093" daemon prio=5 tid=4508 timed_waiting
java.lang.Thread.State: TIMED_WAITING
        at sun.misc.Unsafe.park(Native Method)
        at java.util.concurrent.locks.LockSupport.parkNanos(LockSupport.java:215)
        at java.util.concurrent.locks.AbstractQueuedSynchronizer$ConditionObject.awaitNanos(AbstractQueuedSynchronizer.java:2078)
        at java.util.concurrent.LinkedBlockingQueue.poll(LinkedBlockingQueue.java:467)
        at org.apache.hadoop.ipc.CallQueueManager.take(CallQueueManager.java:317)
        at org.apache.hadoop.ipc.Server$Handler.run(Server.java:2932)
"EventQueue-NodeRegistrationContainerReportForDataNodeSafeModeRule" daemon prio=5 tid=4708 in Object.wait()
java.lang.Thread.State: WAITING (on object monitor)
        at sun.misc.Unsafe.park(Native Method)
        at java.util.concurrent.locks.LockSupport.park(LockSupport.java:175)
        at java.util.concurrent.locks.AbstractQueuedSynchronizer$ConditionObject.await(AbstractQueuedSynchronizer.java:2039)
        at java.util.concurrent.LinkedBlockingQueue.take(LinkedBlockingQueue.java:442)
        at java.util.concurrent.ThreadPoolExecutor.getTask(ThreadPoolExecutor.java:1074)
        at java.util.concurrent.ThreadPoolExecutor.runWorker(ThreadPoolExecutor.java:1134)
        at java.util.concurrent.ThreadPoolExecutor$Worker.run(ThreadPoolExecutor.java:624)
        at java.lang.Thread.run(Thread.java:748)
"Thread-30906" daemon prio=5 tid=31381 terminated
java.lang.Thread.State: TERMINATED
"Command processor thread" daemon prio=5 tid=4651 timed_waiting
java.lang.Thread.State: TIMED_WAITING
        at java.lang.Thread.sleep(Native Method)
        at org.apache.hadoop.ozone.container.common.statemachine.DatanodeStateMachine.lambda$initCommandHandlerThread$2(DatanodeStateMachine.java:563)
        at org.apache.hadoop.ozone.container.common.statemachine.DatanodeStateMachine$$Lambda$571/1328530415.run(Unknown Source)
        at java.lang.Thread.run(Thread.java:748)
"qtp797601589-4585-acceptor-0@67eda4c3-ServerConnector@2b638e54{HTTP/1.1, (http/1.1)}{0.0.0.0:40875}" daemon prio=3 tid=4585 runnable
java.lang.Thread.State: RUNNABLE
        at sun.nio.ch.ServerSocketChannelImpl.accept0(Native Method)
        at sun.nio.ch.ServerSocketChannelImpl.accept(ServerSocketChannelImpl.java:421)
        at sun.nio.ch.ServerSocketChannelImpl.accept(ServerSocketChannelImpl.java:249)
        at org.eclipse.jetty.server.ServerConnector.accept(ServerConnector.java:388)
        at org.eclipse.jetty.server.AbstractConnector$Acceptor.run(AbstractConnector.java:702)
        at org.eclipse.jetty.util.thread.QueuedThreadPool.runJob(QueuedThreadPool.java:883)
        at org.eclipse.jetty.util.thread.QueuedThreadPool$Runner.run(QueuedThreadPool.java:1034)
        at java.lang.Thread.run(Thread.java:748)
"Session-HouseKeeper-58048676-1"  prio=5 tid=4529 timed_waiting
java.lang.Thread.State: TIMED_WAITING
        at sun.misc.Unsafe.park(Native Method)
        at java.util.concurrent.locks.LockSupport.parkNanos(LockSupport.java:215)
        at java.util.concurrent.locks.AbstractQueuedSynchronizer$ConditionObject.awaitNanos(AbstractQueuedSynchronizer.java:2078)
        at java.util.concurrent.ScheduledThreadPoolExecutor$DelayedWorkQueue.take(ScheduledThreadPoolExecutor.java:1093)
        at java.util.concurrent.ScheduledThreadPoolExecutor$DelayedWorkQueue.take(ScheduledThreadPoolExecutor.java:809)
        at java.util.concurrent.ThreadPoolExecutor.getTask(ThreadPoolExecutor.java:1074)
        at java.util.concurrent.ThreadPoolExecutor.runWorker(ThreadPoolExecutor.java:1134)
        at java.util.concurrent.ThreadPoolExecutor$Worker.run(ThreadPoolExecutor.java:624)
        at java.lang.Thread.run(Thread.java:748)
"IPC Server Responder" daemon prio=5 tid=4454 runnable
java.lang.Thread.State: RUNNABLE
        at sun.nio.ch.EPollArrayWrapper.epollWait(Native Method)
        at sun.nio.ch.EPollArrayWrapper.poll(EPollArrayWrapper.java:269)
        at sun.nio.ch.EPollSelectorImpl.doSelect(EPollSelectorImpl.java:93)
        at sun.nio.ch.SelectorImpl.lockAndDoSelect(SelectorImpl.java:86)
        at sun.nio.ch.SelectorImpl.select(SelectorImpl.java:97)
        at org.apache.hadoop.ipc.Server$Responder.doRunLoop(Server.java:1527)
        at org.apache.hadoop.ipc.Server$Responder.run(Server.java:1510)
"pool-467-thread-9"  prio=5 tid=4837 in Object.wait()
java.lang.Thread.State: WAITING (on object monitor)
        at sun.misc.Unsafe.park(Native Method)
        at java.util.concurrent.locks.LockSupport.park(LockSupport.java:175)
        at java.util.concurrent.locks.AbstractQueuedSynchronizer$ConditionObject.await(AbstractQueuedSynchronizer.java:2039)
        at java.util.concurrent.LinkedBlockingQueue.take(LinkedBlockingQueue.java:442)
        at java.util.concurrent.ThreadPoolExecutor.getTask(ThreadPoolExecutor.java:1074)
        at java.util.concurrent.ThreadPoolExecutor.runWorker(ThreadPoolExecutor.java:1134)
        at java.util.concurrent.ThreadPoolExecutor$Worker.run(ThreadPoolExecutor.java:624)
        at java.lang.Thread.run(Thread.java:748)
"pool-466-thread-8"  prio=5 tid=4829 in Object.wait()
java.lang.Thread.State: WAITING (on object monitor)
        at sun.misc.Unsafe.park(Native Method)
        at java.util.concurrent.locks.LockSupport.park(LockSupport.java:175)
        at java.util.concurrent.locks.AbstractQueuedSynchronizer$ConditionObject.await(AbstractQueuedSynchronizer.java:2039)
        at java.util.concurrent.LinkedBlockingQueue.take(LinkedBlockingQueue.java:442)
        at java.util.concurrent.ThreadPoolExecutor.getTask(ThreadPoolExecutor.java:1074)
        at java.util.concurrent.ThreadPoolExecutor.runWorker(ThreadPoolExecutor.java:1134)
        at java.util.concurrent.ThreadPoolExecutor$Worker.run(ThreadPoolExecutor.java:624)
        at java.lang.Thread.run(Thread.java:748)
"IPC Server handler 2 on default port 38093" daemon prio=5 tid=4500 timed_waiting
java.lang.Thread.State: TIMED_WAITING
        at sun.misc.Unsafe.park(Native Method)
        at java.util.concurrent.locks.LockSupport.parkNanos(LockSupport.java:215)
        at java.util.concurrent.locks.AbstractQueuedSynchronizer$ConditionObject.awaitNanos(AbstractQueuedSynchronizer.java:2078)
        at java.util.concurrent.LinkedBlockingQueue.poll(LinkedBlockingQueue.java:467)
        at org.apache.hadoop.ipc.CallQueueManager.take(CallQueueManager.java:317)
        at org.apache.hadoop.ipc.Server$Handler.run(Server.java:2932)
"IPC Server handler 8 on default port 41071" daemon prio=5 tid=4486 timed_waiting
java.lang.Thread.State: TIMED_WAITING
        at sun.misc.Unsafe.park(Native Method)
        at java.util.concurrent.locks.LockSupport.parkNanos(LockSupport.java:215)
        at java.util.concurrent.locks.AbstractQueuedSynchronizer$ConditionObject.awaitNanos(AbstractQueuedSynchronizer.java:2078)
        at java.util.concurrent.LinkedBlockingQueue.poll(LinkedBlockingQueue.java:467)
        at org.apache.hadoop.ipc.CallQueueManager.take(CallQueueManager.java:317)
        at org.apache.hadoop.ipc.Server$Handler.run(Server.java:2932)
"IPC Server handler 1 on default port 46035" daemon prio=5 tid=4459 timed_waiting
java.lang.Thread.State: TIMED_WAITING
        at sun.misc.Unsafe.park(Native Method)
        at java.util.concurrent.locks.LockSupport.parkNanos(LockSupport.java:215)
        at java.util.concurrent.locks.AbstractQueuedSynchronizer$ConditionObject.awaitNanos(AbstractQueuedSynchronizer.java:2078)
        at java.util.concurrent.LinkedBlockingQueue.poll(LinkedBlockingQueue.java:467)
        at org.apache.hadoop.ipc.CallQueueManager.take(CallQueueManager.java:317)
        at org.apache.hadoop.ipc.Server$Handler.run(Server.java:2932)
"qtp1199364158-4526" daemon prio=5 tid=4526 timed_waiting
java.lang.Thread.State: TIMED_WAITING
        at sun.misc.Unsafe.park(Native Method)
        at java.util.concurrent.locks.LockSupport.parkNanos(LockSupport.java:215)
        at java.util.concurrent.locks.AbstractQueuedSynchronizer$ConditionObject.awaitNanos(AbstractQueuedSynchronizer.java:2078)
        at org.eclipse.jetty.util.BlockingArrayQueue.poll(BlockingArrayQueue.java:382)
        at org.eclipse.jetty.util.thread.QueuedThreadPool$Runner.idleJobPoll(QueuedThreadPool.java:974)
        at org.eclipse.jetty.util.thread.QueuedThreadPool$Runner.run(QueuedThreadPool.java:1018)
        at java.lang.Thread.run(Thread.java:748)
"IPC Server handler 18 on default port 41071" daemon prio=5 tid=4496 timed_waiting
java.lang.Thread.State: TIMED_WAITING
        at sun.misc.Unsafe.park(Native Method)
        at java.util.concurrent.locks.LockSupport.parkNanos(LockSupport.java:215)
        at java.util.concurrent.locks.AbstractQueuedSynchronizer$ConditionObject.awaitNanos(AbstractQueuedSynchronizer.java:2078)
        at java.util.concurrent.LinkedBlockingQueue.poll(LinkedBlockingQueue.java:467)
        at org.apache.hadoop.ipc.CallQueueManager.take(CallQueueManager.java:317)
        at org.apache.hadoop.ipc.Server$Handler.run(Server.java:2932)
"Periodic HDDS volume checker" daemon prio=5 tid=4578 timed_waiting
java.lang.Thread.State: TIMED_WAITING
        at sun.misc.Unsafe.park(Native Method)
        at java.util.concurrent.locks.LockSupport.parkNanos(LockSupport.java:215)
        at java.util.concurrent.locks.AbstractQueuedSynchronizer$ConditionObject.awaitNanos(AbstractQueuedSynchronizer.java:2078)
        at java.util.concurrent.ScheduledThreadPoolExecutor$DelayedWorkQueue.take(ScheduledThreadPoolExecutor.java:1093)
        at java.util.concurrent.ScheduledThreadPoolExecutor$DelayedWorkQueue.take(ScheduledThreadPoolExecutor.java:809)
        at java.util.concurrent.ThreadPoolExecutor.getTask(ThreadPoolExecutor.java:1074)
        at java.util.concurrent.ThreadPoolExecutor.runWorker(ThreadPoolExecutor.java:1134)
        at java.util.concurrent.ThreadPoolExecutor$Worker.run(ThreadPoolExecutor.java:624)
        at java.lang.Thread.run(Thread.java:748)
"FullTableCache Cleanup Thread - 0" daemon prio=5 tid=3840 in Object.wait()
java.lang.Thread.State: WAITING (on object monitor)
        at sun.misc.Unsafe.park(Native Method)
        at java.util.concurrent.locks.LockSupport.park(LockSupport.java:175)
        at java.util.concurrent.locks.AbstractQueuedSynchronizer$ConditionObject.await(AbstractQueuedSynchronizer.java:2039)
        at java.util.concurrent.LinkedBlockingQueue.take(LinkedBlockingQueue.java:442)
        at java.util.concurrent.ThreadPoolExecutor.getTask(ThreadPoolExecutor.java:1074)
        at java.util.concurrent.ThreadPoolExecutor.runWorker(ThreadPoolExecutor.java:1134)
        at java.util.concurrent.ThreadPoolExecutor$Worker.run(ThreadPoolExecutor.java:624)
        at java.lang.Thread.run(Thread.java:748)
"PartialTableCache Cleanup Thread - 0" daemon prio=5 tid=3844 in Object.wait()
java.lang.Thread.State: WAITING (on object monitor)
        at sun.misc.Unsafe.park(Native Method)
        at java.util.concurrent.locks.LockSupport.park(LockSupport.java:175)
        at java.util.concurrent.locks.AbstractQueuedSynchronizer$ConditionObject.await(AbstractQueuedSynchronizer.java:2039)
        at java.util.concurrent.LinkedBlockingQueue.take(LinkedBlockingQueue.java:442)
        at java.util.concurrent.ThreadPoolExecutor.getTask(ThreadPoolExecutor.java:1074)
        at java.util.concurrent.ThreadPoolExecutor.runWorker(ThreadPoolExecutor.java:1134)
        at java.util.concurrent.ThreadPoolExecutor$Worker.run(ThreadPoolExecutor.java:624)
        at java.lang.Thread.run(Thread.java:748)
"BlockDeletingService#9" daemon prio=5 tid=4683 in Object.wait()
java.lang.Thread.State: WAITING (on object monitor)
        at sun.misc.Unsafe.park(Native Method)
        at java.util.concurrent.locks.LockSupport.park(LockSupport.java:175)
        at java.util.concurrent.locks.AbstractQueuedSynchronizer$ConditionObject.await(AbstractQueuedSynchronizer.java:2039)
        at java.util.concurrent.ScheduledThreadPoolExecutor$DelayedWorkQueue.take(ScheduledThreadPoolExecutor.java:1088)
        at java.util.concurrent.ScheduledThreadPoolExecutor$DelayedWorkQueue.take(ScheduledThreadPoolExecutor.java:809)
        at java.util.concurrent.ThreadPoolExecutor.getTask(ThreadPoolExecutor.java:1074)
        at java.util.concurrent.ThreadPoolExecutor.runWorker(ThreadPoolExecutor.java:1134)
        at java.util.concurrent.ThreadPoolExecutor$Worker.run(ThreadPoolExecutor.java:624)
        at java.lang.Thread.run(Thread.java:748)
"IPC Server idle connection scanner for port 38093" daemon prio=5 tid=4445 timed_waiting
java.lang.Thread.State: TIMED_WAITING
        at java.lang.Object.wait(Native Method)
        at java.util.TimerThread.mainLoop(Timer.java:552)
        at java.util.TimerThread.run(Timer.java:505)
"om1@group-C5BA1605619E-LeaderStateImpl" daemon prio=5 tid=4619 timed_waiting
java.lang.Thread.State: TIMED_WAITING
        at sun.misc.Unsafe.park(Native Method)
        at java.util.concurrent.locks.LockSupport.parkNanos(LockSupport.java:215)
        at java.util.concurrent.locks.AbstractQueuedSynchronizer$ConditionObject.awaitNanos(AbstractQueuedSynchronizer.java:2078)
        at java.util.concurrent.ArrayBlockingQueue.poll(ArrayBlockingQueue.java:418)
        at org.apache.ratis.server.impl.LeaderStateImpl$EventQueue.poll(LeaderStateImpl.java:155)
        at org.apache.ratis.server.impl.LeaderStateImpl$EventProcessor.run(LeaderStateImpl.java:587)
"pool-467-thread-4"  prio=5 tid=4793 in Object.wait()
java.lang.Thread.State: WAITING (on object monitor)
        at sun.misc.Unsafe.park(Native Method)
        at java.util.concurrent.locks.LockSupport.park(LockSupport.java:175)
        at java.util.concurrent.locks.AbstractQueuedSynchronizer$ConditionObject.await(AbstractQueuedSynchronizer.java:2039)
        at java.util.concurrent.LinkedBlockingQueue.take(LinkedBlockingQueue.java:442)
        at java.util.concurrent.ThreadPoolExecutor.getTask(ThreadPoolExecutor.java:1074)
        at java.util.concurrent.ThreadPoolExecutor.runWorker(ThreadPoolExecutor.java:1134)
        at java.util.concurrent.ThreadPoolExecutor$Worker.run(ThreadPoolExecutor.java:624)
        at java.lang.Thread.run(Thread.java:748)
"BlockDeletingService#8" daemon prio=5 tid=4698 runnable
java.lang.Thread.State: RUNNABLE
        at sun.misc.Unsafe.park(Native Method)
        at java.util.concurrent.locks.LockSupport.parkNanos(LockSupport.java:215)
        at java.util.concurrent.locks.AbstractQueuedSynchronizer$ConditionObject.awaitNanos(AbstractQueuedSynchronizer.java:2078)
        at java.util.concurrent.ScheduledThreadPoolExecutor$DelayedWorkQueue.take(ScheduledThreadPoolExecutor.java:1093)
        at java.util.concurrent.ScheduledThreadPoolExecutor$DelayedWorkQueue.take(ScheduledThreadPoolExecutor.java:809)
        at java.util.concurrent.ThreadPoolExecutor.getTask(ThreadPoolExecutor.java:1074)
        at java.util.concurrent.ThreadPoolExecutor.runWorker(ThreadPoolExecutor.java:1134)
        at java.util.concurrent.ThreadPoolExecutor$Worker.run(ThreadPoolExecutor.java:624)
        at java.lang.Thread.run(Thread.java:748)
"BlockDeletingService#8" daemon prio=5 tid=4681 in Object.wait()
java.lang.Thread.State: WAITING (on object monitor)
        at sun.misc.Unsafe.park(Native Method)
        at java.util.concurrent.locks.LockSupport.park(LockSupport.java:175)
        at java.util.concurrent.locks.AbstractQueuedSynchronizer$ConditionObject.await(AbstractQueuedSynchronizer.java:2039)
        at java.util.concurrent.ScheduledThreadPoolExecutor$DelayedWorkQueue.take(ScheduledThreadPoolExecutor.java:1088)
        at java.util.concurrent.ScheduledThreadPoolExecutor$DelayedWorkQueue.take(ScheduledThreadPoolExecutor.java:809)
        at java.util.concurrent.ThreadPoolExecutor.getTask(ThreadPoolExecutor.java:1074)
        at java.util.concurrent.ThreadPoolExecutor.runWorker(ThreadPoolExecutor.java:1134)
        at java.util.concurrent.ThreadPoolExecutor$Worker.run(ThreadPoolExecutor.java:624)
        at java.lang.Thread.run(Thread.java:748)
"EventQueue-ContainerReportForContainerReportHandler" daemon prio=5 tid=4707 in Object.wait()
java.lang.Thread.State: WAITING (on object monitor)
        at sun.misc.Unsafe.park(Native Method)
        at java.util.concurrent.locks.LockSupport.park(LockSupport.java:175)
        at java.util.concurrent.locks.AbstractQueuedSynchronizer$ConditionObject.await(AbstractQueuedSynchronizer.java:2039)
        at java.util.concurrent.LinkedBlockingQueue.take(LinkedBlockingQueue.java:442)
        at java.util.concurrent.ThreadPoolExecutor.getTask(ThreadPoolExecutor.java:1074)
        at java.util.concurrent.ThreadPoolExecutor.runWorker(ThreadPoolExecutor.java:1134)
        at java.util.concurrent.ThreadPoolExecutor$Worker.run(ThreadPoolExecutor.java:624)
        at java.lang.Thread.run(Thread.java:748)
"org.apache.hadoop.ozone.container.common.statemachine.commandhandler.DeleteBlocksCommandHandler$DeleteCmdWorker@4f2a0651" daemon prio=5 tid=161 runnable
java.lang.Thread.State: RUNNABLE
        at java.lang.Thread.sleep(Native Method)
        at org.apache.hadoop.ozone.container.common.statemachine.commandhandler.DeleteBlocksCommandHandler$DeleteCmdWorker.run(DeleteBlocksCommandHandler.java:174)
        at java.lang.Thread.run(Thread.java:748)
"IPC Server Responder" daemon prio=5 tid=4450 runnable
java.lang.Thread.State: RUNNABLE
        at sun.nio.ch.EPollArrayWrapper.epollWait(Native Method)
        at sun.nio.ch.EPollArrayWrapper.poll(EPollArrayWrapper.java:269)
        at sun.nio.ch.EPollSelectorImpl.doSelect(EPollSelectorImpl.java:93)
        at sun.nio.ch.SelectorImpl.lockAndDoSelect(SelectorImpl.java:86)
        at sun.nio.ch.SelectorImpl.select(SelectorImpl.java:97)
        at org.apache.hadoop.ipc.Server$Responder.doRunLoop(Server.java:1527)
        at org.apache.hadoop.ipc.Server$Responder.run(Server.java:1510)
"c2c40a72-a699-49b1-b721-1997d9d2c71f@group-E30A832DBA26->f89ecde1-abfa-4530-92e2-4a065b7725ea-GrpcLogAppender-LogAppenderDaemon" daemon prio=5 tid=4742 timed_waiting
java.lang.Thread.State: TIMED_WAITING
        at java.lang.Object.wait(Native Method)
        at org.apache.ratis.grpc.server.GrpcLogAppender.mayWait(GrpcLogAppender.java:173)
        at org.apache.ratis.grpc.server.GrpcLogAppender.run(GrpcLogAppender.java:125)
        at org.apache.ratis.server.leader.LogAppenderDaemon.run(LogAppenderDaemon.java:77)
        at org.apache.ratis.server.leader.LogAppenderDaemon$$Lambda$818/1836067268.run(Unknown Source)
        at java.lang.Thread.run(Thread.java:748)
"qtp2069929890-4547" daemon prio=5 tid=4547 runnable
java.lang.Thread.State: RUNNABLE
        at sun.nio.ch.EPollArrayWrapper.epollWait(Native Method)
        at sun.nio.ch.EPollArrayWrapper.poll(EPollArrayWrapper.java:269)
        at sun.nio.ch.EPollSelectorImpl.doSelect(EPollSelectorImpl.java:93)
        at sun.nio.ch.SelectorImpl.lockAndDoSelect(SelectorImpl.java:86)
        at sun.nio.ch.SelectorImpl.select(SelectorImpl.java:97)
        at sun.nio.ch.SelectorImpl.select(SelectorImpl.java:101)
        at org.eclipse.jetty.io.ManagedSelector.nioSelect(ManagedSelector.java:183)
        at org.eclipse.jetty.io.ManagedSelector.select(ManagedSelector.java:190)
        at org.eclipse.jetty.io.ManagedSelector$SelectorProducer.select(ManagedSelector.java:606)
        at org.eclipse.jetty.io.ManagedSelector$SelectorProducer.produce(ManagedSelector.java:543)
        at org.eclipse.jetty.util.thread.strategy.EatWhatYouKill.produceTask(EatWhatYouKill.java:362)
        at org.eclipse.jetty.util.thread.strategy.EatWhatYouKill.doProduce(EatWhatYouKill.java:186)
        at org.eclipse.jetty.util.thread.strategy.EatWhatYouKill.tryProduce(EatWhatYouKill.java:173)
        at org.eclipse.jetty.util.thread.strategy.EatWhatYouKill.produce(EatWhatYouKill.java:137)
        at org.eclipse.jetty.io.ManagedSelector$$Lambda$309/1391532202.run(Unknown Source)
        at org.eclipse.jetty.util.thread.QueuedThreadPool.runJob(QueuedThreadPool.java:883)
        at org.eclipse.jetty.util.thread.QueuedThreadPool$Runner.run(QueuedThreadPool.java:1034)
        at java.lang.Thread.run(Thread.java:748)
"IPC Server handler 13 on default port 38093" daemon prio=5 tid=4511 timed_waiting
java.lang.Thread.State: TIMED_WAITING
        at sun.misc.Unsafe.park(Native Method)
        at java.util.concurrent.locks.LockSupport.parkNanos(LockSupport.java:215)
        at java.util.concurrent.locks.AbstractQueuedSynchronizer$ConditionObject.awaitNanos(AbstractQueuedSynchronizer.java:2078)
        at java.util.concurrent.LinkedBlockingQueue.poll(LinkedBlockingQueue.java:467)
        at org.apache.hadoop.ipc.CallQueueManager.take(CallQueueManager.java:317)
        at org.apache.hadoop.ipc.Server$Handler.run(Server.java:2932)
"IPC Server handler 10 on default port 46035" daemon prio=5 tid=4468 timed_waiting
java.lang.Thread.State: TIMED_WAITING
        at sun.misc.Unsafe.park(Native Method)
        at java.util.concurrent.locks.LockSupport.parkNanos(LockSupport.java:215)
        at java.util.concurrent.locks.AbstractQueuedSynchronizer$ConditionObject.awaitNanos(AbstractQueuedSynchronizer.java:2078)
        at java.util.concurrent.LinkedBlockingQueue.poll(LinkedBlockingQueue.java:467)
        at org.apache.hadoop.ipc.CallQueueManager.take(CallQueueManager.java:317)
        at org.apache.hadoop.ipc.Server$Handler.run(Server.java:2932)
"org.apache.hadoop.ozone.container.common.statemachine.commandhandler.DeleteBlocksCommandHandler$DeleteCmdWorker@35f03e9d" daemon prio=5 tid=212 runnable
java.lang.Thread.State: RUNNABLE
        at java.lang.Thread.sleep(Native Method)
        at org.apache.hadoop.ozone.container.common.statemachine.commandhandler.DeleteBlocksCommandHandler$DeleteCmdWorker.run(DeleteBlocksCommandHandler.java:174)
        at java.lang.Thread.run(Thread.java:748)
"surefire-forkedjvm-command-thread" daemon prio=5 tid=9 runnable
java.lang.Thread.State: RUNNABLE
        at java.io.FileInputStream.readBytes(Native Method)
        at java.io.FileInputStream.read(FileInputStream.java:255)
        at java.io.BufferedInputStream.fill(BufferedInputStream.java:246)
        at java.io.BufferedInputStream.read(BufferedInputStream.java:265)
        at java.io.DataInputStream.readInt(DataInputStream.java:387)
        at org.apache.maven.surefire.booter.MasterProcessCommand.decode(MasterProcessCommand.java:115)
        at org.apache.maven.surefire.booter.CommandReader$CommandRunnable.run(CommandReader.java:390)
        at java.lang.Thread.run(Thread.java:748)
"pool-465-thread-8"  prio=5 tid=4825 in Object.wait()
java.lang.Thread.State: WAITING (on object monitor)
        at sun.misc.Unsafe.park(Native Method)
        at java.util.concurrent.locks.LockSupport.park(LockSupport.java:175)
        at java.util.concurrent.locks.AbstractQueuedSynchronizer$ConditionObject.await(AbstractQueuedSynchronizer.java:2039)
        at java.util.concurrent.LinkedBlockingQueue.take(LinkedBlockingQueue.java:442)
        at java.util.concurrent.ThreadPoolExecutor.getTask(ThreadPoolExecutor.java:1074)
        at java.util.concurrent.ThreadPoolExecutor.runWorker(ThreadPoolExecutor.java:1134)
        at java.util.concurrent.ThreadPoolExecutor$Worker.run(ThreadPoolExecutor.java:624)
        at java.lang.Thread.run(Thread.java:748)
"IPC Server handler 1 on default port 38093" daemon prio=5 tid=4499 timed_waiting
java.lang.Thread.State: TIMED_WAITING
        at sun.misc.Unsafe.park(Native Method)
        at java.util.concurrent.locks.LockSupport.parkNanos(LockSupport.java:215)
        at java.util.concurrent.locks.AbstractQueuedSynchronizer$ConditionObject.awaitNanos(AbstractQueuedSynchronizer.java:2078)
        at java.util.concurrent.LinkedBlockingQueue.poll(LinkedBlockingQueue.java:467)
        at org.apache.hadoop.ipc.CallQueueManager.take(CallQueueManager.java:317)
        at org.apache.hadoop.ipc.Server$Handler.run(Server.java:2932)
"RatisPipelineUtilsThread - 0"  prio=5 tid=4440 timed_waiting
java.lang.Thread.State: TIMED_WAITING
        at java.lang.Object.wait(Native Method)
        at org.apache.hadoop.hdds.scm.pipeline.BackgroundPipelineCreatorV2.run(BackgroundPipelineCreatorV2.java:183)
        at org.apache.hadoop.hdds.scm.pipeline.BackgroundPipelineCreatorV2$$Lambda$236/1032689422.run(Unknown Source)
        at java.lang.Thread.run(Thread.java:748)
"Finalizer" daemon prio=8 tid=3 in Object.wait()
java.lang.Thread.State: WAITING (on object monitor)
        at java.lang.Object.wait(Native Method)
        at java.lang.ref.ReferenceQueue.remove(ReferenceQueue.java:144)
        at java.lang.ref.ReferenceQueue.remove(ReferenceQueue.java:165)
        at java.lang.ref.Finalizer$FinalizerThread.run(Finalizer.java:216)
"pool-466-thread-9"  prio=5 tid=4836 in Object.wait()
java.lang.Thread.State: WAITING (on object monitor)
        at sun.misc.Unsafe.park(Native Method)
        at java.util.concurrent.locks.LockSupport.park(LockSupport.java:175)
        at java.util.concurrent.locks.AbstractQueuedSynchronizer$ConditionObject.await(AbstractQueuedSynchronizer.java:2039)
        at java.util.concurrent.LinkedBlockingQueue.take(LinkedBlockingQueue.java:442)
        at java.util.concurrent.ThreadPoolExecutor.getTask(ThreadPoolExecutor.java:1074)
        at java.util.concurrent.ThreadPoolExecutor.runWorker(ThreadPoolExecutor.java:1134)
        at java.util.concurrent.ThreadPoolExecutor$Worker.run(ThreadPoolExecutor.java:624)
        at java.lang.Thread.run(Thread.java:748)
"ChunkWriter-1-0" daemon prio=5 tid=4671 in Object.wait()
java.lang.Thread.State: WAITING (on object monitor)
        at sun.misc.Unsafe.park(Native Method)
        at java.util.concurrent.locks.LockSupport.park(LockSupport.java:175)
        at java.util.concurrent.locks.AbstractQueuedSynchronizer$ConditionObject.await(AbstractQueuedSynchronizer.java:2039)
        at java.util.concurrent.LinkedBlockingDeque.takeFirst(LinkedBlockingDeque.java:492)
        at java.util.concurrent.LinkedBlockingDeque.take(LinkedBlockingDeque.java:680)
        at java.util.concurrent.ThreadPoolExecutor.getTask(ThreadPoolExecutor.java:1074)
        at java.util.concurrent.ThreadPoolExecutor.runWorker(ThreadPoolExecutor.java:1134)
        at java.util.concurrent.ThreadPoolExecutor$Worker.run(ThreadPoolExecutor.java:624)
        at java.lang.Thread.run(Thread.java:748)
"qtp797601589-4586" daemon prio=5 tid=4586 timed_waiting
java.lang.Thread.State: TIMED_WAITING
        at sun.misc.Unsafe.park(Native Method)
        at java.util.concurrent.locks.LockSupport.parkNanos(LockSupport.java:215)
        at java.util.concurrent.locks.AbstractQueuedSynchronizer$ConditionObject.awaitNanos(AbstractQueuedSynchronizer.java:2078)
        at org.eclipse.jetty.util.BlockingArrayQueue.poll(BlockingArrayQueue.java:382)
        at org.eclipse.jetty.util.thread.QueuedThreadPool$Runner.idleJobPoll(QueuedThreadPool.java:974)
        at org.eclipse.jetty.util.thread.QueuedThreadPool$Runner.run(QueuedThreadPool.java:1018)
        at java.lang.Thread.run(Thread.java:748)
"IPC Server handler 15 on default port 41905" daemon prio=5 tid=4571 timed_waiting
java.lang.Thread.State: TIMED_WAITING
        at sun.misc.Unsafe.park(Native Method)
        at java.util.concurrent.locks.LockSupport.parkNanos(LockSupport.java:215)
        at java.util.concurrent.locks.AbstractQueuedSynchronizer$ConditionObject.awaitNanos(AbstractQueuedSynchronizer.java:2078)
        at java.util.concurrent.LinkedBlockingQueue.poll(LinkedBlockingQueue.java:467)
        at org.apache.hadoop.ipc.CallQueueManager.take(CallQueueManager.java:317)
        at org.apache.hadoop.ipc.Server$Handler.run(Server.java:2932)
"PartialTableCache Cleanup Thread - 0" daemon prio=5 tid=7229 in Object.wait()
java.lang.Thread.State: WAITING (on object monitor)
        at sun.misc.Unsafe.park(Native Method)
        at java.util.concurrent.locks.LockSupport.park(LockSupport.java:175)
        at java.util.concurrent.locks.AbstractQueuedSynchronizer$ConditionObject.await(AbstractQueuedSynchronizer.java:2039)
        at java.util.concurrent.LinkedBlockingQueue.take(LinkedBlockingQueue.java:442)
        at java.util.concurrent.ThreadPoolExecutor.getTask(ThreadPoolExecutor.java:1074)
        at java.util.concurrent.ThreadPoolExecutor.runWorker(ThreadPoolExecutor.java:1134)
        at java.util.concurrent.ThreadPoolExecutor$Worker.run(ThreadPoolExecutor.java:624)
        at java.lang.Thread.run(Thread.java:748)
"Datanode ReportManager Thread - 2" daemon prio=5 tid=4596 in Object.wait()
java.lang.Thread.State: WAITING (on object monitor)
        at sun.misc.Unsafe.park(Native Method)
        at java.util.concurrent.locks.LockSupport.park(LockSupport.java:175)
        at java.util.concurrent.locks.AbstractQueuedSynchronizer$ConditionObject.await(AbstractQueuedSynchronizer.java:2039)
        at java.util.concurrent.ScheduledThreadPoolExecutor$DelayedWorkQueue.take(ScheduledThreadPoolExecutor.java:1088)
        at java.util.concurrent.ScheduledThreadPoolExecutor$DelayedWorkQueue.take(ScheduledThreadPoolExecutor.java:809)
        at java.util.concurrent.ThreadPoolExecutor.getTask(ThreadPoolExecutor.java:1074)
        at java.util.concurrent.ThreadPoolExecutor.runWorker(ThreadPoolExecutor.java:1134)
        at java.util.concurrent.ThreadPoolExecutor$Worker.run(ThreadPoolExecutor.java:624)
        at java.lang.Thread.run(Thread.java:748)
"EventQueue-PipelineReportForPipelineReportHandler" daemon prio=5 tid=4710 in Object.wait()
java.lang.Thread.State: WAITING (on object monitor)
        at sun.misc.Unsafe.park(Native Method)
        at java.util.concurrent.locks.LockSupport.park(LockSupport.java:175)
        at java.util.concurrent.locks.AbstractQueuedSynchronizer$ConditionObject.await(AbstractQueuedSynchronizer.java:2039)
        at java.util.concurrent.LinkedBlockingQueue.take(LinkedBlockingQueue.java:442)
        at java.util.concurrent.ThreadPoolExecutor.getTask(ThreadPoolExecutor.java:1074)
        at java.util.concurrent.ThreadPoolExecutor.runWorker(ThreadPoolExecutor.java:1134)
        at java.util.concurrent.ThreadPoolExecutor$Worker.run(ThreadPoolExecutor.java:624)
        at java.lang.Thread.run(Thread.java:748)
"BlockDeletingService#8" daemon prio=5 tid=4704 in Object.wait()
java.lang.Thread.State: WAITING (on object monitor)
        at sun.misc.Unsafe.park(Native Method)
        at java.util.concurrent.locks.LockSupport.park(LockSupport.java:175)
        at java.util.concurrent.locks.AbstractQueuedSynchronizer$ConditionObject.await(AbstractQueuedSynchronizer.java:2039)
        at java.util.concurrent.ScheduledThreadPoolExecutor$DelayedWorkQueue.take(ScheduledThreadPoolExecutor.java:1088)
        at java.util.concurrent.ScheduledThreadPoolExecutor$DelayedWorkQueue.take(ScheduledThreadPoolExecutor.java:809)
        at java.util.concurrent.ThreadPoolExecutor.getTask(ThreadPoolExecutor.java:1074)
        at java.util.concurrent.ThreadPoolExecutor.runWorker(ThreadPoolExecutor.java:1134)
        at java.util.concurrent.ThreadPoolExecutor$Worker.run(ThreadPoolExecutor.java:624)
        at java.lang.Thread.run(Thread.java:748)
"grpc-shared-destroyer-0" daemon prio=5 tid=3501 in Object.wait()
java.lang.Thread.State: WAITING (on object monitor)
        at sun.misc.Unsafe.park(Native Method)
        at java.util.concurrent.locks.LockSupport.park(LockSupport.java:175)
        at java.util.concurrent.locks.AbstractQueuedSynchronizer$ConditionObject.await(AbstractQueuedSynchronizer.java:2039)
        at java.util.concurrent.ScheduledThreadPoolExecutor$DelayedWorkQueue.take(ScheduledThreadPoolExecutor.java:1081)
        at java.util.concurrent.ScheduledThreadPoolExecutor$DelayedWorkQueue.take(ScheduledThreadPoolExecutor.java:809)
        at java.util.concurrent.ThreadPoolExecutor.getTask(ThreadPoolExecutor.java:1074)
        at java.util.concurrent.ThreadPoolExecutor.runWorker(ThreadPoolExecutor.java:1134)
        at java.util.concurrent.ThreadPoolExecutor$Worker.run(ThreadPoolExecutor.java:624)
        at java.lang.Thread.run(Thread.java:748)
"SCM Heartbeat Processing Thread - 0" daemon prio=5 tid=4439 timed_waiting
java.lang.Thread.State: TIMED_WAITING
        at sun.misc.Unsafe.park(Native Method)
        at java.util.concurrent.locks.LockSupport.parkNanos(LockSupport.java:215)
        at java.util.concurrent.locks.AbstractQueuedSynchronizer$ConditionObject.awaitNanos(AbstractQueuedSynchronizer.java:2078)
        at java.util.concurrent.ScheduledThreadPoolExecutor$DelayedWorkQueue.take(ScheduledThreadPoolExecutor.java:1093)
        at java.util.concurrent.ScheduledThreadPoolExecutor$DelayedWorkQueue.take(ScheduledThreadPoolExecutor.java:809)
        at java.util.concurrent.ThreadPoolExecutor.getTask(ThreadPoolExecutor.java:1074)
        at java.util.concurrent.ThreadPoolExecutor.runWorker(ThreadPoolExecutor.java:1134)
        at java.util.concurrent.ThreadPoolExecutor$Worker.run(ThreadPoolExecutor.java:624)
        at java.lang.Thread.run(Thread.java:748)
"om1@group-C5BA1605619E-SegmentedRaftLogWorker"  prio=5 tid=4539 timed_waiting
java.lang.Thread.State: TIMED_WAITING
        at sun.misc.Unsafe.park(Native Method)
        at java.util.concurrent.locks.LockSupport.parkNanos(LockSupport.java:215)
        at java.util.concurrent.locks.AbstractQueuedSynchronizer$ConditionObject.awaitNanos(AbstractQueuedSynchronizer.java:2078)
        at org.apache.ratis.util.DataBlockingQueue.poll(DataBlockingQueue.java:137)
        at org.apache.ratis.server.raftlog.segmented.SegmentedRaftLogWorker.run(SegmentedRaftLogWorker.java:292)
        at org.apache.ratis.server.raftlog.segmented.SegmentedRaftLogWorker$$Lambda$467/1230090799.run(Unknown Source)
        at java.lang.Thread.run(Thread.java:748)
"pool-465-thread-3"  prio=5 tid=4795 in Object.wait()
java.lang.Thread.State: WAITING (on object monitor)
        at sun.misc.Unsafe.park(Native Method)
        at java.util.concurrent.locks.LockSupport.park(LockSupport.java:175)
        at java.util.concurrent.locks.AbstractQueuedSynchronizer$ConditionObject.await(AbstractQueuedSynchronizer.java:2039)
        at java.util.concurrent.LinkedBlockingQueue.take(LinkedBlockingQueue.java:442)
        at java.util.concurrent.ThreadPoolExecutor.getTask(ThreadPoolExecutor.java:1074)
        at java.util.concurrent.ThreadPoolExecutor.runWorker(ThreadPoolExecutor.java:1134)
        at java.util.concurrent.ThreadPoolExecutor$Worker.run(ThreadPoolExecutor.java:624)
        at java.lang.Thread.run(Thread.java:748)
"IPC Server Responder" daemon prio=5 tid=4538 runnable
java.lang.Thread.State: RUNNABLE
        at sun.nio.ch.EPollArrayWrapper.epollWait(Native Method)
        at sun.nio.ch.EPollArrayWrapper.poll(EPollArrayWrapper.java:269)
        at sun.nio.ch.EPollSelectorImpl.doSelect(EPollSelectorImpl.java:93)
        at sun.nio.ch.SelectorImpl.lockAndDoSelect(SelectorImpl.java:86)
        at sun.nio.ch.SelectorImpl.select(SelectorImpl.java:97)
        at org.apache.hadoop.ipc.Server$Responder.doRunLoop(Server.java:1527)
        at org.apache.hadoop.ipc.Server$Responder.run(Server.java:1510)
"IPC Server handler 6 on default port 41071" daemon prio=5 tid=4484 timed_waiting
java.lang.Thread.State: TIMED_WAITING
        at sun.misc.Unsafe.park(Native Method)
        at java.util.concurrent.locks.LockSupport.parkNanos(LockSupport.java:215)
        at java.util.concurrent.locks.AbstractQueuedSynchronizer$ConditionObject.awaitNanos(AbstractQueuedSynchronizer.java:2078)
        at java.util.concurrent.LinkedBlockingQueue.poll(LinkedBlockingQueue.java:467)
        at org.apache.hadoop.ipc.CallQueueManager.take(CallQueueManager.java:317)
        at org.apache.hadoop.ipc.Server$Handler.run(Server.java:2932)
"BlockDeletingService#7" daemon prio=5 tid=4679 in Object.wait()
java.lang.Thread.State: WAITING (on object monitor)
        at sun.misc.Unsafe.park(Native Method)
        at java.util.concurrent.locks.LockSupport.park(LockSupport.java:175)
        at java.util.concurrent.locks.AbstractQueuedSynchronizer$ConditionObject.await(AbstractQueuedSynchronizer.java:2039)
        at java.util.concurrent.ScheduledThreadPoolExecutor$DelayedWorkQueue.take(ScheduledThreadPoolExecutor.java:1088)
        at java.util.concurrent.ScheduledThreadPoolExecutor$DelayedWorkQueue.take(ScheduledThreadPoolExecutor.java:809)
        at java.util.concurrent.ThreadPoolExecutor.getTask(ThreadPoolExecutor.java:1074)
        at java.util.concurrent.ThreadPoolExecutor.runWorker(ThreadPoolExecutor.java:1134)
        at java.util.concurrent.ThreadPoolExecutor$Worker.run(ThreadPoolExecutor.java:624)
        at java.lang.Thread.run(Thread.java:748)
"Listener at 127.0.0.1/41905"  prio=5 tid=1 runnable
java.lang.Thread.State: RUNNABLE
        at java.lang.Thread.dumpThreads(Native Method)
        at java.lang.Thread.getAllStackTraces(Thread.java:1610)
        at org.apache.ozone.test.TimedOutTestsListener.buildThreadDump(TimedOutTestsListener.java:93)
        at org.apache.ozone.test.TimedOutTestsListener.buildThreadDiagnosticString(TimedOutTestsListener.java:79)
        at org.apache.ozone.test.GenericTestUtils.waitFor(GenericTestUtils.java:225)
        at org.apache.hadoop.ozone.container.common.statemachine.commandhandler.TestBlockDeletion.testBlockDeletion(TestBlockDeletion.java:246)
        at sun.reflect.NativeMethodAccessorImpl.invoke0(Native Method)
        at sun.reflect.NativeMethodAccessorImpl.invoke(NativeMethodAccessorImpl.java:62)
        at sun.reflect.DelegatingMethodAccessorImpl.invoke(DelegatingMethodAccessorImpl.java:43)
        at java.lang.reflect.Method.invoke(Method.java:498)
        at org.junit.runners.model.FrameworkMethod$1.runReflectiveCall(FrameworkMethod.java:59)
        at org.junit.internal.runners.model.ReflectiveCallable.run(ReflectiveCallable.java:12)
        at org.junit.runners.model.FrameworkMethod.invokeExplosively(FrameworkMethod.java:56)
        at org.junit.internal.runners.statements.InvokeMethod.evaluate(InvokeMethod.java:17)
        at org.junit.internal.runners.statements.RunBefores.evaluate(RunBefores.java:26)
        at org.junit.internal.runners.statements.RunAfters.evaluate(RunAfters.java:27)
        at org.junit.runners.ParentRunner$3.evaluate(ParentRunner.java:306)
        at org.junit.runners.BlockJUnit4ClassRunner$1.evaluate(BlockJUnit4ClassRunner.java:100)
        at org.junit.runners.ParentRunner.runLeaf(ParentRunner.java:366)
        at org.junit.runners.BlockJUnit4ClassRunner.runChild(BlockJUnit4ClassRunner.java:103)
        at org.junit.runners.BlockJUnit4ClassRunner.runChild(BlockJUnit4ClassRunner.java:63)
        at org.junit.runners.ParentRunner$4.run(ParentRunner.java:331)
        at org.junit.runners.ParentRunner$1.schedule(ParentRunner.java:79)
        at org.junit.runners.ParentRunner.runChildren(ParentRunner.java:329)
        at org.junit.runners.ParentRunner.access$100(ParentRunner.java:66)
        at org.junit.runners.ParentRunner$2.evaluate(ParentRunner.java:293)
        at org.junit.runners.ParentRunner$3.evaluate(ParentRunner.java:306)
        at org.junit.runners.ParentRunner.run(ParentRunner.java:413)
        at org.junit.runner.JUnitCore.run(JUnitCore.java:137)
        at org.junit.runner.JUnitCore.run(JUnitCore.java:115)
        at org.junit.vintage.engine.execution.RunnerExecutor.execute(RunnerExecutor.java:43)
        at org.junit.vintage.engine.VintageTestEngine$$Lambda$193/1262110193.accept(Unknown Source)
        at java.util.stream.ForEachOps$ForEachOp$OfRef.accept(ForEachOps.java:183)
        at java.util.stream.ReferencePipeline$3$1.accept(ReferencePipeline.java:193)
        at java.util.Iterator.forEachRemaining(Iterator.java:116)
        at java.util.Spliterators$IteratorSpliterator.forEachRemaining(Spliterators.java:1801)
        at java.util.stream.AbstractPipeline.copyInto(AbstractPipeline.java:482)
        at java.util.stream.AbstractPipeline.wrapAndCopyInto(AbstractPipeline.java:472)
        at java.util.stream.ForEachOps$ForEachOp.evaluateSequential(ForEachOps.java:150)
        at java.util.stream.ForEachOps$ForEachOp$OfRef.evaluateSequential(ForEachOps.java:173)
        at java.util.stream.AbstractPipeline.evaluate(AbstractPipeline.java:234)
        at java.util.stream.ReferencePipeline.forEach(ReferencePipeline.java:485)
        at org.junit.vintage.engine.VintageTestEngine.executeAllChildren(VintageTestEngine.java:82)
        at org.junit.vintage.engine.VintageTestEngine.execute(VintageTestEngine.java:73)
        at org.junit.platform.launcher.core.EngineExecutionOrchestrator.execute(EngineExecutionOrchestrator.java:108)
        at org.junit.platform.launcher.core.EngineExecutionOrchestrator.execute(EngineExecutionOrchestrator.java:88)
        at org.junit.platform.launcher.core.EngineExecutionOrchestrator.lambda$execute$0(EngineExecutionOrchestrator.java:54)
        at org.junit.platform.launcher.core.EngineExecutionOrchestrator$$Lambda$141/2018260103.accept(Unknown Source)
        at org.junit.platform.launcher.core.EngineExecutionOrchestrator.withInterceptedStreams(EngineExecutionOrchestrator.java:67)
        at org.junit.platform.launcher.core.EngineExecutionOrchestrator.execute(EngineExecutionOrchestrator.java:52)
        at org.junit.platform.launcher.core.DefaultLauncher.execute(DefaultLauncher.java:96)
        at org.junit.platform.launcher.core.DefaultLauncher.execute(DefaultLauncher.java:75)
        at org.apache.maven.surefire.junitplatform.JUnitPlatformProvider.invokeAllTests(JUnitPlatformProvider.java:142)
        at org.apache.maven.surefire.junitplatform.JUnitPlatformProvider.invoke(JUnitPlatformProvider.java:113)
        at org.apache.maven.surefire.booter.ForkedBooter.invokeProviderInSameClassLoader(ForkedBooter.java:384)
        at org.apache.maven.surefire.booter.ForkedBooter.runSuitesInProcess(ForkedBooter.java:345)
        at org.apache.maven.surefire.booter.ForkedBooter.execute(ForkedBooter.java:126)
        at org.apache.maven.surefire.booter.ForkedBooter.main(ForkedBooter.java:418)
"qtp1930352477-4641" daemon prio=5 tid=4641 timed_waiting
java.lang.Thread.State: TIMED_WAITING
        at sun.misc.Unsafe.park(Native Method)
        at java.util.concurrent.locks.LockSupport.parkNanos(LockSupport.java:215)
        at java.util.concurrent.locks.AbstractQueuedSynchronizer$ConditionObject.awaitNanos(AbstractQueuedSynchronizer.java:2078)
        at org.eclipse.jetty.util.BlockingArrayQueue.poll(BlockingArrayQueue.java:382)
        at org.eclipse.jetty.util.thread.QueuedThreadPool$Runner.idleJobPoll(QueuedThreadPool.java:974)
        at org.eclipse.jetty.util.thread.QueuedThreadPool$Runner.run(QueuedThreadPool.java:1018)
        at java.lang.Thread.run(Thread.java:748)
"IPC Server handler 11 on default port 41905" daemon prio=5 tid=4567 timed_waiting
java.lang.Thread.State: TIMED_WAITING
        at sun.misc.Unsafe.park(Native Method)
        at java.util.concurrent.locks.LockSupport.parkNanos(LockSupport.java:215)
        at java.util.concurrent.locks.AbstractQueuedSynchronizer$ConditionObject.awaitNanos(AbstractQueuedSynchronizer.java:2078)
        at java.util.concurrent.LinkedBlockingQueue.poll(LinkedBlockingQueue.java:467)
        at org.apache.hadoop.ipc.CallQueueManager.take(CallQueueManager.java:317)
        at org.apache.hadoop.ipc.Server$Handler.run(Server.java:2932)
"IPC Server handler 6 on default port 38093" daemon prio=5 tid=4504 timed_waiting
java.lang.Thread.State: TIMED_WAITING
        at sun.misc.Unsafe.park(Native Method)
        at java.util.concurrent.locks.LockSupport.parkNanos(LockSupport.java:215)
        at java.util.concurrent.locks.AbstractQueuedSynchronizer$ConditionObject.awaitNanos(AbstractQueuedSynchronizer.java:2078)
        at java.util.concurrent.LinkedBlockingQueue.poll(LinkedBlockingQueue.java:467)
        at org.apache.hadoop.ipc.CallQueueManager.take(CallQueueManager.java:317)
        at org.apache.hadoop.ipc.Server$Handler.run(Server.java:2932)
"BlockDeletingService#2" daemon prio=5 tid=4695 in Object.wait()
java.lang.Thread.State: WAITING (on object monitor)
        at sun.misc.Unsafe.park(Native Method)
        at java.util.concurrent.locks.LockSupport.park(LockSupport.java:175)
        at java.util.concurrent.locks.AbstractQueuedSynchronizer$ConditionObject.await(AbstractQueuedSynchronizer.java:2039)
        at java.util.concurrent.ScheduledThreadPoolExecutor$DelayedWorkQueue.take(ScheduledThreadPoolExecutor.java:1088)
        at java.util.concurrent.ScheduledThreadPoolExecutor$DelayedWorkQueue.take(ScheduledThreadPoolExecutor.java:809)
        at java.util.concurrent.ThreadPoolExecutor.getTask(ThreadPoolExecutor.java:1074)
        at java.util.concurrent.ThreadPoolExecutor.runWorker(ThreadPoolExecutor.java:1134)
        at java.util.concurrent.ThreadPoolExecutor$Worker.run(ThreadPoolExecutor.java:624)
        at java.lang.Thread.run(Thread.java:748)
"qtp797601589-4587" daemon prio=5 tid=4587 timed_waiting
java.lang.Thread.State: TIMED_WAITING
        at sun.misc.Unsafe.park(Native Method)
        at java.util.concurrent.locks.LockSupport.parkNanos(LockSupport.java:215)
        at java.util.concurrent.locks.AbstractQueuedSynchronizer$ConditionObject.awaitNanos(AbstractQueuedSynchronizer.java:2078)
        at org.eclipse.jetty.util.BlockingArrayQueue.poll(BlockingArrayQueue.java:382)
        at org.eclipse.jetty.util.thread.QueuedThreadPool$Runner.idleJobPoll(QueuedThreadPool.java:974)
        at org.eclipse.jetty.util.thread.QueuedThreadPool$Runner.run(QueuedThreadPool.java:1018)
        at java.lang.Thread.run(Thread.java:748)
"org.apache.hadoop.ozone.container.common.statemachine.commandhandler.DeleteBlocksCommandHandler$DeleteCmdWorker@73db5ecc" daemon prio=5 tid=3671 runnable
java.lang.Thread.State: RUNNABLE
        at java.lang.Thread.sleep(Native Method)
        at org.apache.hadoop.ozone.container.common.statemachine.commandhandler.DeleteBlocksCommandHandler$DeleteCmdWorker.run(DeleteBlocksCommandHandler.java:174)
        at java.lang.Thread.run(Thread.java:748)
"OM StateMachine ApplyTransaction Thread - 0" daemon prio=5 tid=4755 in Object.wait()
java.lang.Thread.State: WAITING (on object monitor)
        at sun.misc.Unsafe.park(Native Method)
        at java.util.concurrent.locks.LockSupport.park(LockSupport.java:175)
        at java.util.concurrent.locks.AbstractQueuedSynchronizer$ConditionObject.await(AbstractQueuedSynchronizer.java:2039)
        at java.util.concurrent.LinkedBlockingQueue.take(LinkedBlockingQueue.java:442)
        at java.util.concurrent.ThreadPoolExecutor.getTask(ThreadPoolExecutor.java:1074)
        at java.util.concurrent.ThreadPoolExecutor.runWorker(ThreadPoolExecutor.java:1134)
        at java.util.concurrent.ThreadPoolExecutor$Worker.run(ThreadPoolExecutor.java:624)
        at java.lang.Thread.run(Thread.java:748)
"c2c40a72-a699-49b1-b721-1997d9d2c71f@group-E30A832DBA26-LeaderStateImpl" daemon prio=5 tid=4741 timed_waiting
java.lang.Thread.State: TIMED_WAITING
        at sun.misc.Unsafe.park(Native Method)
        at java.util.concurrent.locks.LockSupport.parkNanos(LockSupport.java:215)
        at java.util.concurrent.locks.AbstractQueuedSynchronizer$ConditionObject.awaitNanos(AbstractQueuedSynchronizer.java:2078)
        at java.util.concurrent.ArrayBlockingQueue.poll(ArrayBlockingQueue.java:418)
        at org.apache.ratis.server.impl.LeaderStateImpl$EventQueue.poll(LeaderStateImpl.java:155)
        at org.apache.ratis.server.impl.LeaderStateImpl$EventProcessor.run(LeaderStateImpl.java:587)
"BlockDeletingService#2" daemon prio=5 tid=4664 in Object.wait()
java.lang.Thread.State: WAITING (on object monitor)
        at sun.misc.Unsafe.park(Native Method)
        at java.util.concurrent.locks.LockSupport.park(LockSupport.java:175)
        at java.util.concurrent.locks.AbstractQueuedSynchronizer$ConditionObject.await(AbstractQueuedSynchronizer.java:2039)
        at java.util.concurrent.ScheduledThreadPoolExecutor$DelayedWorkQueue.take(ScheduledThreadPoolExecutor.java:1088)
        at java.util.concurrent.ScheduledThreadPoolExecutor$DelayedWorkQueue.take(ScheduledThreadPoolExecutor.java:809)
        at java.util.concurrent.ThreadPoolExecutor.getTask(ThreadPoolExecutor.java:1074)
        at java.util.concurrent.ThreadPoolExecutor.runWorker(ThreadPoolExecutor.java:1134)
        at java.util.concurrent.ThreadPoolExecutor$Worker.run(ThreadPoolExecutor.java:624)
        at java.lang.Thread.run(Thread.java:748)
"EndpointStateMachine task thread for /0.0.0.0:38093 - 0 "  prio=5 tid=4655 in Object.wait()
java.lang.Thread.State: WAITING (on object monitor)
        at sun.misc.Unsafe.park(Native Method)
        at java.util.concurrent.locks.LockSupport.park(LockSupport.java:175)
        at java.util.concurrent.locks.AbstractQueuedSynchronizer$ConditionObject.await(AbstractQueuedSynchronizer.java:2039)
        at java.util.concurrent.LinkedBlockingQueue.take(LinkedBlockingQueue.java:442)
        at java.util.concurrent.ThreadPoolExecutor.getTask(ThreadPoolExecutor.java:1074)
        at java.util.concurrent.ThreadPoolExecutor.runWorker(ThreadPoolExecutor.java:1134)
        at java.util.concurrent.ThreadPoolExecutor$Worker.run(ThreadPoolExecutor.java:624)
        at java.lang.Thread.run(Thread.java:748)
"PartialTableCache Cleanup Thread - 0" daemon prio=5 tid=4760 in Object.wait()
java.lang.Thread.State: WAITING (on object monitor)
        at sun.misc.Unsafe.park(Native Method)
        at java.util.concurrent.locks.LockSupport.park(LockSupport.java:175)
        at java.util.concurrent.locks.AbstractQueuedSynchronizer$ConditionObject.await(AbstractQueuedSynchronizer.java:2039)
        at java.util.concurrent.LinkedBlockingQueue.take(LinkedBlockingQueue.java:442)
        at java.util.concurrent.ThreadPoolExecutor.getTask(ThreadPoolExecutor.java:1074)
        at java.util.concurrent.ThreadPoolExecutor.runWorker(ThreadPoolExecutor.java:1134)
        at java.util.concurrent.ThreadPoolExecutor$Worker.run(ThreadPoolExecutor.java:624)
        at java.lang.Thread.run(Thread.java:748)
"Datanode ReportManager Thread - 3" daemon prio=5 tid=4624 timed_waiting
java.lang.Thread.State: TIMED_WAITING
        at sun.misc.Unsafe.park(Native Method)
        at java.util.concurrent.locks.LockSupport.parkNanos(LockSupport.java:215)
        at java.util.concurrent.locks.AbstractQueuedSynchronizer$ConditionObject.awaitNanos(AbstractQueuedSynchronizer.java:2078)
        at java.util.concurrent.ScheduledThreadPoolExecutor$DelayedWorkQueue.take(ScheduledThreadPoolExecutor.java:1093)
        at java.util.concurrent.ScheduledThreadPoolExecutor$DelayedWorkQueue.take(ScheduledThreadPoolExecutor.java:809)
        at java.util.concurrent.ThreadPoolExecutor.getTask(ThreadPoolExecutor.java:1074)
        at java.util.concurrent.ThreadPoolExecutor.runWorker(ThreadPoolExecutor.java:1134)
        at java.util.concurrent.ThreadPoolExecutor$Worker.run(ThreadPoolExecutor.java:624)
        at java.lang.Thread.run(Thread.java:748)
"EventQueue-NewNodeForNewNodeHandler" daemon prio=5 tid=4706 in Object.wait()
java.lang.Thread.State: WAITING (on object monitor)
        at sun.misc.Unsafe.park(Native Method)
        at java.util.concurrent.locks.LockSupport.park(LockSupport.java:175)
        at java.util.concurrent.locks.AbstractQueuedSynchronizer$ConditionObject.await(AbstractQueuedSynchronizer.java:2039)
        at java.util.concurrent.LinkedBlockingQueue.take(LinkedBlockingQueue.java:442)
        at java.util.concurrent.ThreadPoolExecutor.getTask(ThreadPoolExecutor.java:1074)
        at java.util.concurrent.ThreadPoolExecutor.runWorker(ThreadPoolExecutor.java:1134)
        at java.util.concurrent.ThreadPoolExecutor$Worker.run(ThreadPoolExecutor.java:624)
        at java.lang.Thread.run(Thread.java:748)
"qtp1930352477-4639" daemon prio=5 tid=4639 timed_waiting
java.lang.Thread.State: TIMED_WAITING
        at sun.misc.Unsafe.park(Native Method)
        at java.util.concurrent.locks.LockSupport.parkNanos(LockSupport.java:215)
        at java.util.concurrent.locks.AbstractQueuedSynchronizer$ConditionObject.awaitNanos(AbstractQueuedSynchronizer.java:2078)
        at org.eclipse.jetty.util.BlockingArrayQueue.poll(BlockingArrayQueue.java:382)
        at org.eclipse.jetty.util.thread.QueuedThreadPool$Runner.idleJobPoll(QueuedThreadPool.java:974)
        at org.eclipse.jetty.util.thread.QueuedThreadPool$Runner.run(QueuedThreadPool.java:1018)
        at java.lang.Thread.run(Thread.java:748)
"IPC Server handler 7 on default port 38093" daemon prio=5 tid=4505 timed_waiting
java.lang.Thread.State: TIMED_WAITING
        at sun.misc.Unsafe.park(Native Method)
        at java.util.concurrent.locks.LockSupport.parkNanos(LockSupport.java:215)
        at java.util.concurrent.locks.AbstractQueuedSynchronizer$ConditionObject.awaitNanos(AbstractQueuedSynchronizer.java:2078)
        at java.util.concurrent.LinkedBlockingQueue.poll(LinkedBlockingQueue.java:467)
        at org.apache.hadoop.ipc.CallQueueManager.take(CallQueueManager.java:317)
        at org.apache.hadoop.ipc.Server$Handler.run(Server.java:2932)
"EventQueue-CloseContainerForCloseContainerEventHandler"  prio=5 tid=7234 in Object.wait()
java.lang.Thread.State: WAITING (on object monitor)
        at sun.misc.Unsafe.park(Native Method)
        at java.util.concurrent.locks.LockSupport.park(LockSupport.java:175)
        at java.util.concurrent.locks.AbstractQueuedSynchronizer$ConditionObject.await(AbstractQueuedSynchronizer.java:2039)
        at java.util.concurrent.LinkedBlockingQueue.take(LinkedBlockingQueue.java:442)
        at java.util.concurrent.ThreadPoolExecutor.getTask(ThreadPoolExecutor.java:1074)
        at java.util.concurrent.ThreadPoolExecutor.runWorker(ThreadPoolExecutor.java:1134)
        at java.util.concurrent.ThreadPoolExecutor$Worker.run(ThreadPoolExecutor.java:624)
        at java.lang.Thread.run(Thread.java:748)
"IPC Server listener on 0" daemon prio=5 tid=4451 runnable
java.lang.Thread.State: RUNNABLE
        at sun.nio.ch.EPollArrayWrapper.epollWait(Native Method)
        at sun.nio.ch.EPollArrayWrapper.poll(EPollArrayWrapper.java:269)
        at sun.nio.ch.EPollSelectorImpl.doSelect(EPollSelectorImpl.java:93)
        at sun.nio.ch.SelectorImpl.lockAndDoSelect(SelectorImpl.java:86)
        at sun.nio.ch.SelectorImpl.select(SelectorImpl.java:97)
        at sun.nio.ch.SelectorImpl.select(SelectorImpl.java:101)
        at org.apache.hadoop.ipc.Server$Listener.run(Server.java:1350)
"IPC Server handler 13 on default port 41071" daemon prio=5 tid=4491 timed_waiting
java.lang.Thread.State: TIMED_WAITING
        at sun.misc.Unsafe.park(Native Method)
        at java.util.concurrent.locks.LockSupport.parkNanos(LockSupport.java:215)
        at java.util.concurrent.locks.AbstractQueuedSynchronizer$ConditionObject.awaitNanos(AbstractQueuedSynchronizer.java:2078)
        at java.util.concurrent.LinkedBlockingQueue.poll(LinkedBlockingQueue.java:467)
        at org.apache.hadoop.ipc.CallQueueManager.take(CallQueueManager.java:317)
        at org.apache.hadoop.ipc.Server$Handler.run(Server.java:2932)
"FullTableCache Cleanup Thread - 0" daemon prio=5 tid=3841 in Object.wait()
java.lang.Thread.State: WAITING (on object monitor)
        at sun.misc.Unsafe.park(Native Method)
        at java.util.concurrent.locks.LockSupport.park(LockSupport.java:175)
        at java.util.concurrent.locks.AbstractQueuedSynchronizer$ConditionObject.await(AbstractQueuedSynchronizer.java:2039)
        at java.util.concurrent.LinkedBlockingQueue.take(LinkedBlockingQueue.java:442)
        at java.util.concurrent.ThreadPoolExecutor.getTask(ThreadPoolExecutor.java:1074)
        at java.util.concurrent.ThreadPoolExecutor.runWorker(ThreadPoolExecutor.java:1134)
        at java.util.concurrent.ThreadPoolExecutor$Worker.run(ThreadPoolExecutor.java:624)
        at java.lang.Thread.run(Thread.java:748)
"IPC Server handler 13 on default port 41905" daemon prio=5 tid=4569 timed_waiting
java.lang.Thread.State: TIMED_WAITING
        at sun.misc.Unsafe.park(Native Method)
        at java.util.concurrent.locks.LockSupport.parkNanos(LockSupport.java:215)
        at java.util.concurrent.locks.AbstractQueuedSynchronizer$ConditionObject.awaitNanos(AbstractQueuedSynchronizer.java:2078)
        at java.util.concurrent.LinkedBlockingQueue.poll(LinkedBlockingQueue.java:467)
        at org.apache.hadoop.ipc.CallQueueManager.take(CallQueueManager.java:317)
        at org.apache.hadoop.ipc.Server$Handler.run(Server.java:2932)
"IPC Server handler 11 on default port 41071" daemon prio=5 tid=4489 timed_waiting
java.lang.Thread.State: TIMED_WAITING
        at sun.misc.Unsafe.park(Native Method)
        at java.util.concurrent.locks.LockSupport.parkNanos(LockSupport.java:215)
        at java.util.concurrent.locks.AbstractQueuedSynchronizer$ConditionObject.awaitNanos(AbstractQueuedSynchronizer.java:2078)
        at java.util.concurrent.LinkedBlockingQueue.poll(LinkedBlockingQueue.java:467)
        at org.apache.hadoop.ipc.CallQueueManager.take(CallQueueManager.java:317)
        at org.apache.hadoop.ipc.Server$Handler.run(Server.java:2932)
"pool-419-thread-1"  prio=5 tid=4722 in Object.wait()
java.lang.Thread.State: WAITING (on object monitor)
        at sun.misc.Unsafe.park(Native Method)
        at java.util.concurrent.locks.LockSupport.park(LockSupport.java:175)
        at java.util.concurrent.locks.AbstractQueuedSynchronizer$ConditionObject.await(AbstractQueuedSynchronizer.java:2039)
        at java.util.concurrent.LinkedBlockingQueue.take(LinkedBlockingQueue.java:442)
        at java.util.concurrent.ThreadPoolExecutor.getTask(ThreadPoolExecutor.java:1074)
        at java.util.concurrent.ThreadPoolExecutor.runWorker(ThreadPoolExecutor.java:1134)
        at java.util.concurrent.ThreadPoolExecutor$Worker.run(ThreadPoolExecutor.java:624)
        at java.lang.Thread.run(Thread.java:748)
"IPC Server handler 16 on default port 46035" daemon prio=5 tid=4474 timed_waiting
java.lang.Thread.State: TIMED_WAITING
        at sun.misc.Unsafe.park(Native Method)
        at java.util.concurrent.locks.LockSupport.parkNanos(LockSupport.java:215)
        at java.util.concurrent.locks.AbstractQueuedSynchronizer$ConditionObject.awaitNanos(AbstractQueuedSynchronizer.java:2078)
        at java.util.concurrent.LinkedBlockingQueue.poll(LinkedBlockingQueue.java:467)
        at org.apache.hadoop.ipc.CallQueueManager.take(CallQueueManager.java:317)
        at org.apache.hadoop.ipc.Server$Handler.run(Server.java:2932)
"ChunkWriter-2-0" daemon prio=5 tid=4672 in Object.wait()
java.lang.Thread.State: WAITING (on object monitor)
        at sun.misc.Unsafe.park(Native Method)
        at java.util.concurrent.locks.LockSupport.park(LockSupport.java:175)
        at java.util.concurrent.locks.AbstractQueuedSynchronizer$ConditionObject.await(AbstractQueuedSynchronizer.java:2039)
        at java.util.concurrent.LinkedBlockingDeque.takeFirst(LinkedBlockingDeque.java:492)
        at java.util.concurrent.LinkedBlockingDeque.take(LinkedBlockingDeque.java:680)
        at java.util.concurrent.ThreadPoolExecutor.getTask(ThreadPoolExecutor.java:1074)
        at java.util.concurrent.ThreadPoolExecutor.runWorker(ThreadPoolExecutor.java:1134)
        at java.util.concurrent.ThreadPoolExecutor$Worker.run(ThreadPoolExecutor.java:624)
        at java.lang.Thread.run(Thread.java:748)
"Datanode ReportManager Thread - 0" daemon prio=5 tid=4621 in Object.wait()
java.lang.Thread.State: WAITING (on object monitor)
        at sun.misc.Unsafe.park(Native Method)
        at java.util.concurrent.locks.LockSupport.park(LockSupport.java:175)
        at java.util.concurrent.locks.AbstractQueuedSynchronizer$ConditionObject.await(AbstractQueuedSynchronizer.java:2039)
        at java.util.concurrent.ScheduledThreadPoolExecutor$DelayedWorkQueue.take(ScheduledThreadPoolExecutor.java:1088)
        at java.util.concurrent.ScheduledThreadPoolExecutor$DelayedWorkQueue.take(ScheduledThreadPoolExecutor.java:809)
        at java.util.concurrent.ThreadPoolExecutor.getTask(ThreadPoolExecutor.java:1074)
        at java.util.concurrent.ThreadPoolExecutor.runWorker(ThreadPoolExecutor.java:1134)
        at java.util.concurrent.ThreadPoolExecutor$Worker.run(ThreadPoolExecutor.java:624)
        at java.lang.Thread.run(Thread.java:748)
"f89ecde1-abfa-4530-92e2-4a065b7725ea@group-E30A832DBA26-FollowerState" daemon prio=5 tid=4740 timed_waiting
java.lang.Thread.State: TIMED_WAITING
        at java.lang.Thread.sleep(Native Method)
        at java.lang.Thread.sleep(Thread.java:340)
        at java.util.concurrent.TimeUnit.sleep(TimeUnit.java:386)
        at org.apache.ratis.util.TimeDuration.sleep(TimeDuration.java:324)
        at org.apache.ratis.util.TimeDuration.sleep(TimeDuration.java:309)
        at org.apache.ratis.server.impl.FollowerState.run(FollowerState.java:118)
"IPC Server listener on 0" daemon prio=5 tid=4535 runnable
java.lang.Thread.State: RUNNABLE
        at sun.nio.ch.EPollArrayWrapper.epollWait(Native Method)
        at sun.nio.ch.EPollArrayWrapper.poll(EPollArrayWrapper.java:269)
        at sun.nio.ch.EPollSelectorImpl.doSelect(EPollSelectorImpl.java:93)
        at sun.nio.ch.SelectorImpl.lockAndDoSelect(SelectorImpl.java:86)
        at sun.nio.ch.SelectorImpl.select(SelectorImpl.java:97)
        at sun.nio.ch.SelectorImpl.select(SelectorImpl.java:101)
        at org.apache.hadoop.ipc.Server$Listener.run(Server.java:1350)
"Datanode ReportManager Thread - 3" daemon prio=5 tid=4597 in Object.wait()
java.lang.Thread.State: WAITING (on object monitor)
        at sun.misc.Unsafe.park(Native Method)
        at java.util.concurrent.locks.LockSupport.park(LockSupport.java:175)
        at java.util.concurrent.locks.AbstractQueuedSynchronizer$ConditionObject.await(AbstractQueuedSynchronizer.java:2039)
        at java.util.concurrent.ScheduledThreadPoolExecutor$DelayedWorkQueue.take(ScheduledThreadPoolExecutor.java:1088)
        at java.util.concurrent.ScheduledThreadPoolExecutor$DelayedWorkQueue.take(ScheduledThreadPoolExecutor.java:809)
        at java.util.concurrent.ThreadPoolExecutor.getTask(ThreadPoolExecutor.java:1074)
        at java.util.concurrent.ThreadPoolExecutor.runWorker(ThreadPoolExecutor.java:1134)
        at java.util.concurrent.ThreadPoolExecutor$Worker.run(ThreadPoolExecutor.java:624)
        at java.lang.Thread.run(Thread.java:748)
"org.apache.hadoop.util.JvmPauseMonitor$Monitor@7df28d0e" daemon prio=5 tid=4600 timed_waiting
java.lang.Thread.State: TIMED_WAITING
        at java.lang.Thread.sleep(Native Method)
        at org.apache.hadoop.util.JvmPauseMonitor$Monitor.run(JvmPauseMonitor.java:192)
        at java.lang.Thread.run(Thread.java:748)
"IPC Server handler 17 on default port 41071" daemon prio=5 tid=4495 timed_waiting
java.lang.Thread.State: TIMED_WAITING
        at sun.misc.Unsafe.park(Native Method)
        at java.util.concurrent.locks.LockSupport.parkNanos(LockSupport.java:215)
        at java.util.concurrent.locks.AbstractQueuedSynchronizer$ConditionObject.awaitNanos(AbstractQueuedSynchronizer.java:2078)
        at java.util.concurrent.LinkedBlockingQueue.poll(LinkedBlockingQueue.java:467)
        at org.apache.hadoop.ipc.CallQueueManager.take(CallQueueManager.java:317)
        at org.apache.hadoop.ipc.Server$Handler.run(Server.java:2932)
"0475d2c2-d46f-403e-95a5-8ff1a5c32338@group-E30A832DBA26-StateMachineUpdater" daemon prio=5 tid=4728 in Object.wait()
java.lang.Thread.State: WAITING (on object monitor)
        at java.lang.Object.wait(Native Method)
        at java.lang.Object.wait(Object.java:502)
        at org.apache.ratis.server.impl.StateMachineUpdater.waitForCommit(StateMachineUpdater.java:204)
        at org.apache.ratis.server.impl.StateMachineUpdater.run(StateMachineUpdater.java:173)
        at java.lang.Thread.run(Thread.java:748)
"pool-450-thread-1" daemon prio=5 tid=4632 timed_waiting
java.lang.Thread.State: TIMED_WAITING
        at sun.misc.Unsafe.park(Native Method)
        at java.util.concurrent.locks.LockSupport.parkNanos(LockSupport.java:215)
        at java.util.concurrent.locks.AbstractQueuedSynchronizer$ConditionObject.awaitNanos(AbstractQueuedSynchronizer.java:2078)
        at java.util.concurrent.ScheduledThreadPoolExecutor$DelayedWorkQueue.take(ScheduledThreadPoolExecutor.java:1093)
        at java.util.concurrent.ScheduledThreadPoolExecutor$DelayedWorkQueue.take(ScheduledThreadPoolExecutor.java:809)
        at java.util.concurrent.ThreadPoolExecutor.getTask(ThreadPoolExecutor.java:1074)
        at java.util.concurrent.ThreadPoolExecutor.runWorker(ThreadPoolExecutor.java:1134)
        at java.util.concurrent.ThreadPoolExecutor$Worker.run(ThreadPoolExecutor.java:624)
        at java.lang.Thread.run(Thread.java:748)
"KeyDeletingService#0" daemon prio=5 tid=4545 timed_waiting
java.lang.Thread.State: TIMED_WAITING
        at sun.misc.Unsafe.park(Native Method)
        at java.util.concurrent.locks.LockSupport.parkNanos(LockSupport.java:215)
        at java.util.concurrent.locks.AbstractQueuedSynchronizer$ConditionObject.awaitNanos(AbstractQueuedSynchronizer.java:2078)
        at java.util.concurrent.ScheduledThreadPoolExecutor$DelayedWorkQueue.take(ScheduledThreadPoolExecutor.java:1093)
        at java.util.concurrent.ScheduledThreadPoolExecutor$DelayedWorkQueue.take(ScheduledThreadPoolExecutor.java:809)
        at java.util.concurrent.ThreadPoolExecutor.getTask(ThreadPoolExecutor.java:1074)
        at java.util.concurrent.ThreadPoolExecutor.runWorker(ThreadPoolExecutor.java:1134)
        at java.util.concurrent.ThreadPoolExecutor$Worker.run(ThreadPoolExecutor.java:624)
        at java.lang.Thread.run(Thread.java:748)
"ChunkWriter-3-0" daemon prio=5 tid=4660 in Object.wait()
java.lang.Thread.State: WAITING (on object monitor)
        at sun.misc.Unsafe.park(Native Method)
        at java.util.concurrent.locks.LockSupport.park(LockSupport.java:175)
        at java.util.concurrent.locks.AbstractQueuedSynchronizer$ConditionObject.await(AbstractQueuedSynchronizer.java:2039)
        at java.util.concurrent.LinkedBlockingDeque.takeFirst(LinkedBlockingDeque.java:492)
        at java.util.concurrent.LinkedBlockingDeque.take(LinkedBlockingDeque.java:680)
        at java.util.concurrent.ThreadPoolExecutor.getTask(ThreadPoolExecutor.java:1074)
        at java.util.concurrent.ThreadPoolExecutor.runWorker(ThreadPoolExecutor.java:1134)
        at java.util.concurrent.ThreadPoolExecutor$Worker.run(ThreadPoolExecutor.java:624)
        at java.lang.Thread.run(Thread.java:748)
"IPC Server handler 1 on default port 41905" daemon prio=5 tid=4557 timed_waiting
java.lang.Thread.State: TIMED_WAITING
        at sun.misc.Unsafe.park(Native Method)
        at java.util.concurrent.locks.LockSupport.parkNanos(LockSupport.java:215)
        at java.util.concurrent.locks.AbstractQueuedSynchronizer$ConditionObject.awaitNanos(AbstractQueuedSynchronizer.java:2078)
        at java.util.concurrent.LinkedBlockingQueue.poll(LinkedBlockingQueue.java:467)
        at org.apache.hadoop.ipc.CallQueueManager.take(CallQueueManager.java:317)
        at org.apache.hadoop.ipc.Server$Handler.run(Server.java:2932)
"pool-467-thread-2"  prio=5 tid=4789 in Object.wait()
java.lang.Thread.State: WAITING (on object monitor)
        at sun.misc.Unsafe.park(Native Method)
        at java.util.concurrent.locks.LockSupport.park(LockSupport.java:175)
        at java.util.concurrent.locks.AbstractQueuedSynchronizer$ConditionObject.await(AbstractQueuedSynchronizer.java:2039)
        at java.util.concurrent.LinkedBlockingQueue.take(LinkedBlockingQueue.java:442)
        at java.util.concurrent.ThreadPoolExecutor.getTask(ThreadPoolExecutor.java:1074)
        at java.util.concurrent.ThreadPoolExecutor.runWorker(ThreadPoolExecutor.java:1134)
        at java.util.concurrent.ThreadPoolExecutor$Worker.run(ThreadPoolExecutor.java:624)
        at java.lang.Thread.run(Thread.java:748)
"ChunkWriter-2-0" daemon prio=5 tid=4659 in Object.wait()
java.lang.Thread.State: WAITING (on object monitor)
        at sun.misc.Unsafe.park(Native Method)
        at java.util.concurrent.locks.LockSupport.park(LockSupport.java:175)
        at java.util.concurrent.locks.AbstractQueuedSynchronizer$ConditionObject.await(AbstractQueuedSynchronizer.java:2039)
        at java.util.concurrent.LinkedBlockingDeque.takeFirst(LinkedBlockingDeque.java:492)
        at java.util.concurrent.LinkedBlockingDeque.take(LinkedBlockingDeque.java:680)
        at java.util.concurrent.ThreadPoolExecutor.getTask(ThreadPoolExecutor.java:1074)
        at java.util.concurrent.ThreadPoolExecutor.runWorker(ThreadPoolExecutor.java:1134)
        at java.util.concurrent.ThreadPoolExecutor$Worker.run(ThreadPoolExecutor.java:624)
        at java.lang.Thread.run(Thread.java:748)
"Datanode ReportManager Thread - 2" daemon prio=5 tid=4623 in Object.wait()
java.lang.Thread.State: WAITING (on object monitor)
        at sun.misc.Unsafe.park(Native Method)
        at java.util.concurrent.locks.LockSupport.park(LockSupport.java:175)
        at java.util.concurrent.locks.AbstractQueuedSynchronizer$ConditionObject.await(AbstractQueuedSynchronizer.java:2039)
        at java.util.concurrent.ScheduledThreadPoolExecutor$DelayedWorkQueue.take(ScheduledThreadPoolExecutor.java:1088)
        at java.util.concurrent.ScheduledThreadPoolExecutor$DelayedWorkQueue.take(ScheduledThreadPoolExecutor.java:809)
        at java.util.concurrent.ThreadPoolExecutor.getTask(ThreadPoolExecutor.java:1074)
        at java.util.concurrent.ThreadPoolExecutor.runWorker(ThreadPoolExecutor.java:1134)
        at java.util.concurrent.ThreadPoolExecutor$Worker.run(ThreadPoolExecutor.java:624)
        at java.lang.Thread.run(Thread.java:748)
"IPC Server handler 19 on default port 41905" daemon prio=5 tid=4575 timed_waiting
java.lang.Thread.State: TIMED_WAITING
        at sun.misc.Unsafe.park(Native Method)
        at java.util.concurrent.locks.LockSupport.parkNanos(LockSupport.java:215)
        at java.util.concurrent.locks.AbstractQueuedSynchronizer$ConditionObject.awaitNanos(AbstractQueuedSynchronizer.java:2078)
        at java.util.concurrent.LinkedBlockingQueue.poll(LinkedBlockingQueue.java:467)
        at org.apache.hadoop.ipc.CallQueueManager.take(CallQueueManager.java:317)
        at org.apache.hadoop.ipc.Server$Handler.run(Server.java:2932)
"IPC Server listener on 0" daemon prio=5 tid=4443 runnable
java.lang.Thread.State: RUNNABLE
        at sun.nio.ch.EPollArrayWrapper.epollWait(Native Method)
        at sun.nio.ch.EPollArrayWrapper.poll(EPollArrayWrapper.java:269)
        at sun.nio.ch.EPollSelectorImpl.doSelect(EPollSelectorImpl.java:93)
        at sun.nio.ch.SelectorImpl.lockAndDoSelect(SelectorImpl.java:86)
        at sun.nio.ch.SelectorImpl.select(SelectorImpl.java:97)
        at sun.nio.ch.SelectorImpl.select(SelectorImpl.java:101)
        at org.apache.hadoop.ipc.Server$Listener.run(Server.java:1350)
"EventQueue-ContainerReportForContainerReportHandler" daemon prio=5 tid=4720 in Object.wait()
java.lang.Thread.State: WAITING (on object monitor)
        at sun.misc.Unsafe.park(Native Method)
        at java.util.concurrent.locks.LockSupport.park(LockSupport.java:175)
        at java.util.concurrent.locks.AbstractQueuedSynchronizer$ConditionObject.await(AbstractQueuedSynchronizer.java:2039)
        at java.util.concurrent.LinkedBlockingQueue.take(LinkedBlockingQueue.java:442)
        at java.util.concurrent.ThreadPoolExecutor.getTask(ThreadPoolExecutor.java:1074)
        at java.util.concurrent.ThreadPoolExecutor.runWorker(ThreadPoolExecutor.java:1134)
        at java.util.concurrent.ThreadPoolExecutor$Worker.run(ThreadPoolExecutor.java:624)
        at java.lang.Thread.run(Thread.java:748)
"IPC Server handler 4 on default port 46035" daemon prio=5 tid=4462 timed_waiting
java.lang.Thread.State: TIMED_WAITING
        at sun.misc.Unsafe.park(Native Method)
        at java.util.concurrent.locks.LockSupport.parkNanos(LockSupport.java:215)
        at java.util.concurrent.locks.AbstractQueuedSynchronizer$ConditionObject.awaitNanos(AbstractQueuedSynchronizer.java:2078)
        at java.util.concurrent.LinkedBlockingQueue.poll(LinkedBlockingQueue.java:467)
        at org.apache.hadoop.ipc.CallQueueManager.take(CallQueueManager.java:317)
        at org.apache.hadoop.ipc.Server$Handler.run(Server.java:2932)
"IPC Server handler 12 on default port 41071" daemon prio=5 tid=4490 timed_waiting
java.lang.Thread.State: TIMED_WAITING
        at sun.misc.Unsafe.park(Native Method)
        at java.util.concurrent.locks.LockSupport.parkNanos(LockSupport.java:215)
        at java.util.concurrent.locks.AbstractQueuedSynchronizer$ConditionObject.awaitNanos(AbstractQueuedSynchronizer.java:2078)
        at java.util.concurrent.LinkedBlockingQueue.poll(LinkedBlockingQueue.java:467)
        at org.apache.hadoop.ipc.CallQueueManager.take(CallQueueManager.java:317)
        at org.apache.hadoop.ipc.Server$Handler.run(Server.java:2932)
"org.apache.ratis.util.JvmPauseMonitor$$Lambda$531/1393706494@d08551" daemon prio=5 tid=4674 timed_waiting
java.lang.Thread.State: TIMED_WAITING
        at java.lang.Thread.sleep(Native Method)
        at java.lang.Thread.sleep(Thread.java:340)
        at java.util.concurrent.TimeUnit.sleep(TimeUnit.java:386)
        at org.apache.ratis.util.TimeDuration.sleep(TimeDuration.java:324)
        at org.apache.ratis.util.TimeDuration.sleep(TimeDuration.java:309)
        at org.apache.ratis.util.JvmPauseMonitor.detectPause(JvmPauseMonitor.java:117)
        at org.apache.ratis.util.JvmPauseMonitor.run(JvmPauseMonitor.java:106)
        at org.apache.ratis.util.JvmPauseMonitor$$Lambda$531/1393706494.run(Unknown Source)
        at java.lang.Thread.run(Thread.java:748)
"IPC Server handler 19 on default port 46035" daemon prio=5 tid=4477 timed_waiting
java.lang.Thread.State: TIMED_WAITING
        at sun.misc.Unsafe.park(Native Method)
        at java.util.concurrent.locks.LockSupport.parkNanos(LockSupport.java:215)
        at java.util.concurrent.locks.AbstractQueuedSynchronizer$ConditionObject.awaitNanos(AbstractQueuedSynchronizer.java:2078)
        at java.util.concurrent.LinkedBlockingQueue.poll(LinkedBlockingQueue.java:467)
        at org.apache.hadoop.ipc.CallQueueManager.take(CallQueueManager.java:317)
        at org.apache.hadoop.ipc.Server$Handler.run(Server.java:2932)
"prometheus" daemon prio=5 tid=4456 in Object.wait()
java.lang.Thread.State: WAITING (on object monitor)
        at java.lang.Object.wait(Native Method)
        at java.lang.Object.wait(Object.java:502)
        at org.apache.hadoop.metrics2.impl.SinkQueue.waitForData(SinkQueue.java:114)
        at org.apache.hadoop.metrics2.impl.SinkQueue.consumeAll(SinkQueue.java:83)
        at org.apache.hadoop.metrics2.impl.MetricsSinkAdapter.publishMetricsFromQueue(MetricsSinkAdapter.java:135)
        at org.apache.hadoop.metrics2.impl.MetricsSinkAdapter$1.run(MetricsSinkAdapter.java:89)
"FullTableCache Cleanup Thread - 0" daemon prio=5 tid=4756 in Object.wait()
java.lang.Thread.State: WAITING (on object monitor)
        at sun.misc.Unsafe.park(Native Method)
        at java.util.concurrent.locks.LockSupport.park(LockSupport.java:175)
        at java.util.concurrent.locks.AbstractQueuedSynchronizer$ConditionObject.await(AbstractQueuedSynchronizer.java:2039)
        at java.util.concurrent.LinkedBlockingQueue.take(LinkedBlockingQueue.java:442)
        at java.util.concurrent.ThreadPoolExecutor.getTask(ThreadPoolExecutor.java:1074)
        at java.util.concurrent.ThreadPoolExecutor.runWorker(ThreadPoolExecutor.java:1134)
        at java.util.concurrent.ThreadPoolExecutor$Worker.run(ThreadPoolExecutor.java:624)
        at java.lang.Thread.run(Thread.java:748)
"Datanode State Machine Task Thread - 1"  prio=5 tid=4654 in Object.wait()
java.lang.Thread.State: WAITING (on object monitor)
        at sun.misc.Unsafe.park(Native Method)
        at java.util.concurrent.locks.LockSupport.park(LockSupport.java:175)
        at java.util.concurrent.locks.AbstractQueuedSynchronizer$ConditionObject.await(AbstractQueuedSynchronizer.java:2039)
        at java.util.concurrent.LinkedBlockingQueue.take(LinkedBlockingQueue.java:442)
        at java.util.concurrent.ThreadPoolExecutor.getTask(ThreadPoolExecutor.java:1074)
        at java.util.concurrent.ThreadPoolExecutor.runWorker(ThreadPoolExecutor.java:1134)
        at java.util.concurrent.ThreadPoolExecutor$Worker.run(ThreadPoolExecutor.java:624)
        at java.lang.Thread.run(Thread.java:748)
"grpc-default-executor-2" daemon prio=5 tid=334 timed_waiting
java.lang.Thread.State: TIMED_WAITING
        at sun.misc.Unsafe.park(Native Method)
        at java.util.concurrent.locks.LockSupport.parkNanos(LockSupport.java:215)
        at java.util.concurrent.SynchronousQueue$TransferStack.awaitFulfill(SynchronousQueue.java:460)
        at java.util.concurrent.SynchronousQueue$TransferStack.transfer(SynchronousQueue.java:362)
        at java.util.concurrent.SynchronousQueue.poll(SynchronousQueue.java:941)
        at java.util.concurrent.ThreadPoolExecutor.getTask(ThreadPoolExecutor.java:1073)
        at java.util.concurrent.ThreadPoolExecutor.runWorker(ThreadPoolExecutor.java:1134)
        at java.util.concurrent.ThreadPoolExecutor$Worker.run(ThreadPoolExecutor.java:624)
        at java.lang.Thread.run(Thread.java:748)
"IPC Server handler 5 on default port 41071" daemon prio=5 tid=4483 timed_waiting
java.lang.Thread.State: TIMED_WAITING
        at sun.misc.Unsafe.park(Native Method)
        at java.util.concurrent.locks.LockSupport.parkNanos(LockSupport.java:215)
        at java.util.concurrent.locks.AbstractQueuedSynchronizer$ConditionObject.awaitNanos(AbstractQueuedSynchronizer.java:2078)
        at java.util.concurrent.LinkedBlockingQueue.poll(LinkedBlockingQueue.java:467)
        at org.apache.hadoop.ipc.CallQueueManager.take(CallQueueManager.java:317)
        at org.apache.hadoop.ipc.Server$Handler.run(Server.java:2932)
"pool-466-thread-6"  prio=5 tid=4822 in Object.wait()
java.lang.Thread.State: WAITING (on object monitor)
        at sun.misc.Unsafe.park(Native Method)
        at java.util.concurrent.locks.LockSupport.park(LockSupport.java:175)
        at java.util.concurrent.locks.AbstractQueuedSynchronizer$ConditionObject.await(AbstractQueuedSynchronizer.java:2039)
        at java.util.concurrent.LinkedBlockingQueue.take(LinkedBlockingQueue.java:442)
        at java.util.concurrent.ThreadPoolExecutor.getTask(ThreadPoolExecutor.java:1074)
        at java.util.concurrent.ThreadPoolExecutor.runWorker(ThreadPoolExecutor.java:1134)
        at java.util.concurrent.ThreadPoolExecutor$Worker.run(ThreadPoolExecutor.java:624)
        at java.lang.Thread.run(Thread.java:748)
"qtp1221770347-4614" daemon prio=5 tid=4614 timed_waiting
java.lang.Thread.State: TIMED_WAITING
        at sun.misc.Unsafe.park(Native Method)
        at java.util.concurrent.locks.LockSupport.parkNanos(LockSupport.java:215)
        at java.util.concurrent.locks.AbstractQueuedSynchronizer$ConditionObject.awaitNanos(AbstractQueuedSynchronizer.java:2078)
        at org.eclipse.jetty.util.BlockingArrayQueue.poll(BlockingArrayQueue.java:382)
        at org.eclipse.jetty.util.thread.QueuedThreadPool$Runner.idleJobPoll(QueuedThreadPool.java:974)
        at org.eclipse.jetty.util.thread.QueuedThreadPool$Runner.run(QueuedThreadPool.java:1018)
        at java.lang.Thread.run(Thread.java:748)
"qtp797601589-4591" daemon prio=5 tid=4591 timed_waiting
java.lang.Thread.State: TIMED_WAITING
        at sun.misc.Unsafe.park(Native Method)
        at java.util.concurrent.locks.LockSupport.parkNanos(LockSupport.java:215)
        at java.util.concurrent.locks.AbstractQueuedSynchronizer$ConditionObject.awaitNanos(AbstractQueuedSynchronizer.java:2078)
        at org.eclipse.jetty.util.BlockingArrayQueue.poll(BlockingArrayQueue.java:382)
        at org.eclipse.jetty.util.thread.QueuedThreadPool$Runner.idleJobPoll(QueuedThreadPool.java:974)
        at org.eclipse.jetty.util.thread.QueuedThreadPool$Runner.run(QueuedThreadPool.java:1018)
        at java.lang.Thread.run(Thread.java:748)
"IPC Server handler 3 on default port 38093" daemon prio=5 tid=4501 timed_waiting
java.lang.Thread.State: TIMED_WAITING
        at sun.misc.Unsafe.park(Native Method)
        at java.util.concurrent.locks.LockSupport.parkNanos(LockSupport.java:215)
        at java.util.concurrent.locks.AbstractQueuedSynchronizer$ConditionObject.awaitNanos(AbstractQueuedSynchronizer.java:2078)
        at java.util.concurrent.LinkedBlockingQueue.poll(LinkedBlockingQueue.java:467)
        at org.apache.hadoop.ipc.CallQueueManager.take(CallQueueManager.java:317)
        at org.apache.hadoop.ipc.Server$Handler.run(Server.java:2932)
"EndpointStateMachine task thread for /0.0.0.0:36083 - 0 "  prio=5 tid=263 in Object.wait()
java.lang.Thread.State: WAITING (on object monitor)
        at sun.misc.Unsafe.park(Native Method)
        at java.util.concurrent.locks.LockSupport.park(LockSupport.java:175)
        at java.util.concurrent.locks.AbstractQueuedSynchronizer$ConditionObject.await(AbstractQueuedSynchronizer.java:2039)
        at java.util.concurrent.LinkedBlockingQueue.take(LinkedBlockingQueue.java:442)
        at java.util.concurrent.ThreadPoolExecutor.getTask(ThreadPoolExecutor.java:1074)
        at java.util.concurrent.ThreadPoolExecutor.runWorker(ThreadPoolExecutor.java:1134)
        at java.util.concurrent.ThreadPoolExecutor$Worker.run(ThreadPoolExecutor.java:624)
        at java.lang.Thread.run(Thread.java:748)
"Datanode ReportManager Thread - 0" daemon prio=5 tid=4646 in Object.wait()
java.lang.Thread.State: WAITING (on object monitor)
        at sun.misc.Unsafe.park(Native Method)
        at java.util.concurrent.locks.LockSupport.park(LockSupport.java:175)
        at java.util.concurrent.locks.AbstractQueuedSynchronizer$ConditionObject.await(AbstractQueuedSynchronizer.java:2039)
        at java.util.concurrent.ScheduledThreadPoolExecutor$DelayedWorkQueue.take(ScheduledThreadPoolExecutor.java:1088)
        at java.util.concurrent.ScheduledThreadPoolExecutor$DelayedWorkQueue.take(ScheduledThreadPoolExecutor.java:809)
        at java.util.concurrent.ThreadPoolExecutor.getTask(ThreadPoolExecutor.java:1074)
        at java.util.concurrent.ThreadPoolExecutor.runWorker(ThreadPoolExecutor.java:1134)
        at java.util.concurrent.ThreadPoolExecutor$Worker.run(ThreadPoolExecutor.java:624)
        at java.lang.Thread.run(Thread.java:748)
"SCMBlockDeletingService#0" daemon prio=5 tid=4518 timed_waiting
java.lang.Thread.State: TIMED_WAITING
        at sun.misc.Unsafe.park(Native Method)
        at java.util.concurrent.locks.LockSupport.parkNanos(LockSupport.java:215)
        at java.util.concurrent.locks.AbstractQueuedSynchronizer$ConditionObject.awaitNanos(AbstractQueuedSynchronizer.java:2078)
        at java.util.concurrent.ScheduledThreadPoolExecutor$DelayedWorkQueue.take(ScheduledThreadPoolExecutor.java:1093)
        at java.util.concurrent.ScheduledThreadPoolExecutor$DelayedWorkQueue.take(ScheduledThreadPoolExecutor.java:809)
        at java.util.concurrent.ThreadPoolExecutor.getTask(ThreadPoolExecutor.java:1074)
        at java.util.concurrent.ThreadPoolExecutor.runWorker(ThreadPoolExecutor.java:1134)
        at java.util.concurrent.ThreadPoolExecutor$Worker.run(ThreadPoolExecutor.java:624)
        at java.lang.Thread.run(Thread.java:748)
"EventQueue-ContainerReportForContainerReportHandler" daemon prio=5 tid=4715 in Object.wait()
java.lang.Thread.State: WAITING (on object monitor)
        at sun.misc.Unsafe.park(Native Method)
        at java.util.concurrent.locks.LockSupport.park(LockSupport.java:175)
        at java.util.concurrent.locks.AbstractQueuedSynchronizer$ConditionObject.await(AbstractQueuedSynchronizer.java:2039)
        at java.util.concurrent.LinkedBlockingQueue.take(LinkedBlockingQueue.java:442)
        at java.util.concurrent.ThreadPoolExecutor.getTask(ThreadPoolExecutor.java:1074)
        at java.util.concurrent.ThreadPoolExecutor.runWorker(ThreadPoolExecutor.java:1134)
        at java.util.concurrent.ThreadPoolExecutor$Worker.run(ThreadPoolExecutor.java:624)
        at java.lang.Thread.run(Thread.java:748)
"BlockDeletingService#7" daemon prio=5 tid=4696 in Object.wait()
java.lang.Thread.State: WAITING (on object monitor)
        at sun.misc.Unsafe.park(Native Method)
        at java.util.concurrent.locks.LockSupport.park(LockSupport.java:175)
        at java.util.concurrent.locks.AbstractQueuedSynchronizer$ConditionObject.await(AbstractQueuedSynchronizer.java:2039)
        at java.util.concurrent.ScheduledThreadPoolExecutor$DelayedWorkQueue.take(ScheduledThreadPoolExecutor.java:1088)
        at java.util.concurrent.ScheduledThreadPoolExecutor$DelayedWorkQueue.take(ScheduledThreadPoolExecutor.java:809)
        at java.util.concurrent.ThreadPoolExecutor.getTask(ThreadPoolExecutor.java:1074)
        at java.util.concurrent.ThreadPoolExecutor.runWorker(ThreadPoolExecutor.java:1134)
        at java.util.concurrent.ThreadPoolExecutor$Worker.run(ThreadPoolExecutor.java:624)
        at java.lang.Thread.run(Thread.java:748)
"EndpointStateMachine task thread for /0.0.0.0:38093 - 0 "  prio=5 tid=4669 in Object.wait()
java.lang.Thread.State: WAITING (on object monitor)
        at sun.misc.Unsafe.park(Native Method)
        at java.util.concurrent.locks.LockSupport.park(LockSupport.java:175)
        at java.util.concurrent.locks.AbstractQueuedSynchronizer$ConditionObject.await(AbstractQueuedSynchronizer.java:2039)
        at java.util.concurrent.LinkedBlockingQueue.take(LinkedBlockingQueue.java:442)
        at java.util.concurrent.ThreadPoolExecutor.getTask(ThreadPoolExecutor.java:1074)
        at java.util.concurrent.ThreadPoolExecutor.runWorker(ThreadPoolExecutor.java:1134)
        at java.util.concurrent.ThreadPoolExecutor$Worker.run(ThreadPoolExecutor.java:624)
        at java.lang.Thread.run(Thread.java:748)
"pool-457-thread-1"  prio=5 tid=4732 in Object.wait()
java.lang.Thread.State: WAITING (on object monitor)
        at sun.misc.Unsafe.park(Native Method)
        at java.util.concurrent.locks.LockSupport.park(LockSupport.java:175)
        at java.util.concurrent.locks.AbstractQueuedSynchronizer$ConditionObject.await(AbstractQueuedSynchronizer.java:2039)
        at java.util.concurrent.LinkedBlockingQueue.take(LinkedBlockingQueue.java:442)
        at java.util.concurrent.ThreadPoolExecutor.getTask(ThreadPoolExecutor.java:1074)
        at java.util.concurrent.ThreadPoolExecutor.runWorker(ThreadPoolExecutor.java:1134)
        at java.util.concurrent.ThreadPoolExecutor$Worker.run(ThreadPoolExecutor.java:624)
        at java.lang.Thread.run(Thread.java:748)
"Datanode ReportManager Thread - 1" daemon prio=5 tid=4595 in Object.wait()
java.lang.Thread.State: WAITING (on object monitor)
        at sun.misc.Unsafe.park(Native Method)
        at java.util.concurrent.locks.LockSupport.park(LockSupport.java:175)
        at java.util.concurrent.locks.AbstractQueuedSynchronizer$ConditionObject.await(AbstractQueuedSynchronizer.java:2039)
        at java.util.concurrent.ScheduledThreadPoolExecutor$DelayedWorkQueue.take(ScheduledThreadPoolExecutor.java:1088)
        at java.util.concurrent.ScheduledThreadPoolExecutor$DelayedWorkQueue.take(ScheduledThreadPoolExecutor.java:809)
        at java.util.concurrent.ThreadPoolExecutor.getTask(ThreadPoolExecutor.java:1074)
        at java.util.concurrent.ThreadPoolExecutor.runWorker(ThreadPoolExecutor.java:1134)
        at java.util.concurrent.ThreadPoolExecutor$Worker.run(ThreadPoolExecutor.java:624)
        at java.lang.Thread.run(Thread.java:748)
"EventQueue-NodeReportForNodeReportHandler" daemon prio=5 tid=6789 in Object.wait()
java.lang.Thread.State: WAITING (on object monitor)
        at sun.misc.Unsafe.park(Native Method)
        at java.util.concurrent.locks.LockSupport.park(LockSupport.java:175)
        at java.util.concurrent.locks.AbstractQueuedSynchronizer$ConditionObject.await(AbstractQueuedSynchronizer.java:2039)
        at java.util.concurrent.LinkedBlockingQueue.take(LinkedBlockingQueue.java:442)
        at java.util.concurrent.ThreadPoolExecutor.getTask(ThreadPoolExecutor.java:1074)
        at java.util.concurrent.ThreadPoolExecutor.runWorker(ThreadPoolExecutor.java:1134)
        at java.util.concurrent.ThreadPoolExecutor$Worker.run(ThreadPoolExecutor.java:624)
        at java.lang.Thread.run(Thread.java:748)
"BlockDeletingService#6" daemon prio=5 tid=4677 in Object.wait()
java.lang.Thread.State: WAITING (on object monitor)
        at sun.misc.Unsafe.park(Native Method)
        at java.util.concurrent.locks.LockSupport.park(LockSupport.java:175)
        at java.util.concurrent.locks.AbstractQueuedSynchronizer$ConditionObject.await(AbstractQueuedSynchronizer.java:2039)
        at java.util.concurrent.ScheduledThreadPoolExecutor$DelayedWorkQueue.take(ScheduledThreadPoolExecutor.java:1088)
        at java.util.concurrent.ScheduledThreadPoolExecutor$DelayedWorkQueue.take(ScheduledThreadPoolExecutor.java:809)
        at java.util.concurrent.ThreadPoolExecutor.getTask(ThreadPoolExecutor.java:1074)
        at java.util.concurrent.ThreadPoolExecutor.runWorker(ThreadPoolExecutor.java:1134)
        at java.util.concurrent.ThreadPoolExecutor$Worker.run(ThreadPoolExecutor.java:624)
        at java.lang.Thread.run(Thread.java:748)
"Datanode State Machine Task Thread - 0"  prio=5 tid=4628 in Object.wait()
java.lang.Thread.State: WAITING (on object monitor)
        at sun.misc.Unsafe.park(Native Method)
        at java.util.concurrent.locks.LockSupport.park(LockSupport.java:175)
        at java.util.concurrent.locks.AbstractQueuedSynchronizer$ConditionObject.await(AbstractQueuedSynchronizer.java:2039)
        at java.util.concurrent.LinkedBlockingQueue.take(LinkedBlockingQueue.java:442)
        at java.util.concurrent.ThreadPoolExecutor.getTask(ThreadPoolExecutor.java:1074)
        at java.util.concurrent.ThreadPoolExecutor.runWorker(ThreadPoolExecutor.java:1134)
        at java.util.concurrent.ThreadPoolExecutor$Worker.run(ThreadPoolExecutor.java:624)
        at java.lang.Thread.run(Thread.java:748)
"IPC Server handler 17 on default port 46035" daemon prio=5 tid=4475 timed_waiting
java.lang.Thread.State: TIMED_WAITING
        at sun.misc.Unsafe.park(Native Method)
        at java.util.concurrent.locks.LockSupport.parkNanos(LockSupport.java:215)
        at java.util.concurrent.locks.AbstractQueuedSynchronizer$ConditionObject.awaitNanos(AbstractQueuedSynchronizer.java:2078)
        at java.util.concurrent.LinkedBlockingQueue.poll(LinkedBlockingQueue.java:467)
        at org.apache.hadoop.ipc.CallQueueManager.take(CallQueueManager.java:317)
        at org.apache.hadoop.ipc.Server$Handler.run(Server.java:2932)
"qtp1930352477-4638" daemon prio=5 tid=4638 timed_waiting
java.lang.Thread.State: TIMED_WAITING
        at sun.misc.Unsafe.park(Native Method)
        at java.util.concurrent.locks.LockSupport.parkNanos(LockSupport.java:215)
        at java.util.concurrent.locks.AbstractQueuedSynchronizer$ConditionObject.awaitNanos(AbstractQueuedSynchronizer.java:2078)
        at org.eclipse.jetty.util.BlockingArrayQueue.poll(BlockingArrayQueue.java:382)
        at org.eclipse.jetty.util.thread.QueuedThreadPool$Runner.idleJobPoll(QueuedThreadPool.java:974)
        at org.eclipse.jetty.util.thread.QueuedThreadPool$Runner.run(QueuedThreadPool.java:1018)
        at java.lang.Thread.run(Thread.java:748)
"BlockDeletingService#7" daemon prio=5 tid=4703 timed_waiting
java.lang.Thread.State: TIMED_WAITING
        at sun.misc.Unsafe.park(Native Method)
        at java.util.concurrent.locks.LockSupport.parkNanos(LockSupport.java:215)
        at java.util.concurrent.locks.AbstractQueuedSynchronizer$ConditionObject.awaitNanos(AbstractQueuedSynchronizer.java:2078)
        at java.util.concurrent.ScheduledThreadPoolExecutor$DelayedWorkQueue.take(ScheduledThreadPoolExecutor.java:1093)
        at java.util.concurrent.ScheduledThreadPoolExecutor$DelayedWorkQueue.take(ScheduledThreadPoolExecutor.java:809)
        at java.util.concurrent.ThreadPoolExecutor.getTask(ThreadPoolExecutor.java:1074)
        at java.util.concurrent.ThreadPoolExecutor.runWorker(ThreadPoolExecutor.java:1134)
        at java.util.concurrent.ThreadPoolExecutor$Worker.run(ThreadPoolExecutor.java:624)
        at java.lang.Thread.run(Thread.java:748)
"IPC Server handler 19 on default port 41071" daemon prio=5 tid=4497 timed_waiting
java.lang.Thread.State: TIMED_WAITING
        at sun.misc.Unsafe.park(Native Method)
        at java.util.concurrent.locks.LockSupport.parkNanos(LockSupport.java:215)
        at java.util.concurrent.locks.AbstractQueuedSynchronizer$ConditionObject.awaitNanos(AbstractQueuedSynchronizer.java:2078)
        at java.util.concurrent.LinkedBlockingQueue.poll(LinkedBlockingQueue.java:467)
        at org.apache.hadoop.ipc.CallQueueManager.take(CallQueueManager.java:317)
        at org.apache.hadoop.ipc.Server$Handler.run(Server.java:2932)
"pool-466-thread-7"  prio=5 tid=4826 in Object.wait()
java.lang.Thread.State: WAITING (on object monitor)
        at sun.misc.Unsafe.park(Native Method)
        at java.util.concurrent.locks.LockSupport.park(LockSupport.java:175)
        at java.util.concurrent.locks.AbstractQueuedSynchronizer$ConditionObject.await(AbstractQueuedSynchronizer.java:2039)
        at java.util.concurrent.LinkedBlockingQueue.take(LinkedBlockingQueue.java:442)
        at java.util.concurrent.ThreadPoolExecutor.getTask(ThreadPoolExecutor.java:1074)
        at java.util.concurrent.ThreadPoolExecutor.runWorker(ThreadPoolExecutor.java:1134)
        at java.util.concurrent.ThreadPoolExecutor$Worker.run(ThreadPoolExecutor.java:624)
        at java.lang.Thread.run(Thread.java:748)
"EventQueue-ContainerReportForContainerReportHandler" daemon prio=5 tid=4719 in Object.wait()
java.lang.Thread.State: WAITING (on object monitor)
        at sun.misc.Unsafe.park(Native Method)
        at java.util.concurrent.locks.LockSupport.park(LockSupport.java:175)
        at java.util.concurrent.locks.AbstractQueuedSynchronizer$ConditionObject.await(AbstractQueuedSynchronizer.java:2039)
        at java.util.concurrent.LinkedBlockingQueue.take(LinkedBlockingQueue.java:442)
        at java.util.concurrent.ThreadPoolExecutor.getTask(ThreadPoolExecutor.java:1074)
        at java.util.concurrent.ThreadPoolExecutor.runWorker(ThreadPoolExecutor.java:1134)
        at java.util.concurrent.ThreadPoolExecutor$Worker.run(ThreadPoolExecutor.java:624)
        at java.lang.Thread.run(Thread.java:748)
"org.apache.hadoop.ozone.container.common.statemachine.commandhandler.DeleteBlocksCommandHandler$DeleteCmdWorker@95100f1" daemon prio=5 tid=4607 timed_waiting
java.lang.Thread.State: TIMED_WAITING
        at java.lang.Thread.sleep(Native Method)
        at org.apache.hadoop.ozone.container.common.statemachine.commandhandler.DeleteBlocksCommandHandler$DeleteCmdWorker.run(DeleteBlocksCommandHandler.java:174)
        at java.lang.Thread.run(Thread.java:748)
"EndpointStateMachine task thread for /0.0.0.0:38093 - 0 "  prio=5 tid=4685 in Object.wait()
java.lang.Thread.State: WAITING (on object monitor)
        at sun.misc.Unsafe.park(Native Method)
        at java.util.concurrent.locks.LockSupport.park(LockSupport.java:175)
        at java.util.concurrent.locks.AbstractQueuedSynchronizer$ConditionObject.await(AbstractQueuedSynchronizer.java:2039)
        at java.util.concurrent.LinkedBlockingQueue.take(LinkedBlockingQueue.java:442)
        at java.util.concurrent.ThreadPoolExecutor.getTask(ThreadPoolExecutor.java:1074)
        at java.util.concurrent.ThreadPoolExecutor.runWorker(ThreadPoolExecutor.java:1134)
        at java.util.concurrent.ThreadPoolExecutor$Worker.run(ThreadPoolExecutor.java:624)
        at java.lang.Thread.run(Thread.java:748)
"pool-467-thread-5"  prio=5 tid=4819 in Object.wait()
java.lang.Thread.State: WAITING (on object monitor)
        at sun.misc.Unsafe.park(Native Method)
        at java.util.concurrent.locks.LockSupport.park(LockSupport.java:175)
        at java.util.concurrent.locks.AbstractQueuedSynchronizer$ConditionObject.await(AbstractQueuedSynchronizer.java:2039)
        at java.util.concurrent.LinkedBlockingQueue.take(LinkedBlockingQueue.java:442)
        at java.util.concurrent.ThreadPoolExecutor.getTask(ThreadPoolExecutor.java:1074)
        at java.util.concurrent.ThreadPoolExecutor.runWorker(ThreadPoolExecutor.java:1134)
        at java.util.concurrent.ThreadPoolExecutor$Worker.run(ThreadPoolExecutor.java:624)
        at java.lang.Thread.run(Thread.java:748)
"IPC Client (2013570947) connection to /0.0.0.0:38093 from runner" daemon prio=5 tid=4656 timed_waiting
java.lang.Thread.State: TIMED_WAITING
        at java.lang.Object.wait(Native Method)
        at org.apache.hadoop.ipc.Client$Connection.waitForWork(Client.java:1053)
        at org.apache.hadoop.ipc.Client$Connection.run(Client.java:1097)
"c2c40a72-a699-49b1-b721-1997d9d2c71f@group-E30A832DBA26-SegmentedRaftLogWorker"  prio=5 tid=4723 timed_waiting
java.lang.Thread.State: TIMED_WAITING
        at sun.misc.Unsafe.park(Native Method)
        at java.util.concurrent.locks.LockSupport.parkNanos(LockSupport.java:215)
        at java.util.concurrent.locks.AbstractQueuedSynchronizer$ConditionObject.awaitNanos(AbstractQueuedSynchronizer.java:2078)
        at org.apache.ratis.util.DataBlockingQueue.poll(DataBlockingQueue.java:137)
        at org.apache.ratis.server.raftlog.segmented.SegmentedRaftLogWorker.run(SegmentedRaftLogWorker.java:292)
        at org.apache.ratis.server.raftlog.segmented.SegmentedRaftLogWorker$$Lambda$467/1230090799.run(Unknown Source)
        at java.lang.Thread.run(Thread.java:748)
"BlockDeletingService#9" daemon prio=5 tid=4700 in Object.wait()
java.lang.Thread.State: WAITING (on object monitor)
        at sun.misc.Unsafe.park(Native Method)
        at java.util.concurrent.locks.LockSupport.park(LockSupport.java:175)
        at java.util.concurrent.locks.AbstractQueuedSynchronizer$ConditionObject.await(AbstractQueuedSynchronizer.java:2039)
        at java.util.concurrent.ScheduledThreadPoolExecutor$DelayedWorkQueue.take(ScheduledThreadPoolExecutor.java:1088)
        at java.util.concurrent.ScheduledThreadPoolExecutor$DelayedWorkQueue.take(ScheduledThreadPoolExecutor.java:809)
        at java.util.concurrent.ThreadPoolExecutor.getTask(ThreadPoolExecutor.java:1074)
        at java.util.concurrent.ThreadPoolExecutor.runWorker(ThreadPoolExecutor.java:1134)
        at java.util.concurrent.ThreadPoolExecutor$Worker.run(ThreadPoolExecutor.java:624)
        at java.lang.Thread.run(Thread.java:748)
"IPC Server handler 14 on default port 38093" daemon prio=5 tid=4512 timed_waiting
java.lang.Thread.State: TIMED_WAITING
        at sun.misc.Unsafe.park(Native Method)
        at java.util.concurrent.locks.LockSupport.parkNanos(LockSupport.java:215)
        at java.util.concurrent.locks.AbstractQueuedSynchronizer$ConditionObject.awaitNanos(AbstractQueuedSynchronizer.java:2078)
        at java.util.concurrent.LinkedBlockingQueue.poll(LinkedBlockingQueue.java:467)
        at org.apache.hadoop.ipc.CallQueueManager.take(CallQueueManager.java:317)
        at org.apache.hadoop.ipc.Server$Handler.run(Server.java:2932)
"IPC Server handler 13 on default port 46035" daemon prio=5 tid=4471 timed_waiting
java.lang.Thread.State: TIMED_WAITING
        at sun.misc.Unsafe.park(Native Method)
        at java.util.concurrent.locks.LockSupport.parkNanos(LockSupport.java:215)
        at java.util.concurrent.locks.AbstractQueuedSynchronizer$ConditionObject.awaitNanos(AbstractQueuedSynchronizer.java:2078)
        at java.util.concurrent.LinkedBlockingQueue.poll(LinkedBlockingQueue.java:467)
        at org.apache.hadoop.ipc.CallQueueManager.take(CallQueueManager.java:317)
        at org.apache.hadoop.ipc.Server$Handler.run(Server.java:2932)
"IPC Server handler 6 on default port 46035" daemon prio=5 tid=4464 timed_waiting
java.lang.Thread.State: TIMED_WAITING
        at sun.misc.Unsafe.park(Native Method)
        at java.util.concurrent.locks.LockSupport.parkNanos(LockSupport.java:215)
        at java.util.concurrent.locks.AbstractQueuedSynchronizer$ConditionObject.awaitNanos(AbstractQueuedSynchronizer.java:2078)
        at java.util.concurrent.LinkedBlockingQueue.poll(LinkedBlockingQueue.java:467)
        at org.apache.hadoop.ipc.CallQueueManager.take(CallQueueManager.java:317)
        at org.apache.hadoop.ipc.Server$Handler.run(Server.java:2932)
"org.apache.hadoop.util.JvmPauseMonitor$Monitor@1eb84ea6" daemon prio=5 tid=4576 timed_waiting
java.lang.Thread.State: TIMED_WAITING
        at java.lang.Thread.sleep(Native Method)
        at org.apache.hadoop.util.JvmPauseMonitor$Monitor.run(JvmPauseMonitor.java:192)
        at java.lang.Thread.run(Thread.java:748)
"IPC Server handler 14 on default port 46035" daemon prio=5 tid=4472 timed_waiting
java.lang.Thread.State: TIMED_WAITING
        at sun.misc.Unsafe.park(Native Method)
        at java.util.concurrent.locks.LockSupport.parkNanos(LockSupport.java:215)
        at java.util.concurrent.locks.AbstractQueuedSynchronizer$ConditionObject.awaitNanos(AbstractQueuedSynchronizer.java:2078)
        at java.util.concurrent.LinkedBlockingQueue.poll(LinkedBlockingQueue.java:467)
        at org.apache.hadoop.ipc.CallQueueManager.take(CallQueueManager.java:317)
        at org.apache.hadoop.ipc.Server$Handler.run(Server.java:2932)
"EventQueue-ContainerReportForContainerReportHandler" daemon prio=5 tid=4713 in Object.wait()
java.lang.Thread.State: WAITING (on object monitor)
        at sun.misc.Unsafe.park(Native Method)
        at java.util.concurrent.locks.LockSupport.park(LockSupport.java:175)
        at java.util.concurrent.locks.AbstractQueuedSynchronizer$ConditionObject.await(AbstractQueuedSynchronizer.java:2039)
        at java.util.concurrent.LinkedBlockingQueue.take(LinkedBlockingQueue.java:442)
        at java.util.concurrent.ThreadPoolExecutor.getTask(ThreadPoolExecutor.java:1074)
        at java.util.concurrent.ThreadPoolExecutor.runWorker(ThreadPoolExecutor.java:1134)
        at java.util.concurrent.ThreadPoolExecutor$Worker.run(ThreadPoolExecutor.java:624)
        at java.lang.Thread.run(Thread.java:748)
"BlockDeletingService#1" daemon prio=5 tid=4663 in Object.wait()
java.lang.Thread.State: WAITING (on object monitor)
        at sun.misc.Unsafe.park(Native Method)
        at java.util.concurrent.locks.LockSupport.park(LockSupport.java:175)
        at java.util.concurrent.locks.AbstractQueuedSynchronizer$ConditionObject.await(AbstractQueuedSynchronizer.java:2039)
        at java.util.concurrent.ScheduledThreadPoolExecutor$DelayedWorkQueue.take(ScheduledThreadPoolExecutor.java:1088)
        at java.util.concurrent.ScheduledThreadPoolExecutor$DelayedWorkQueue.take(ScheduledThreadPoolExecutor.java:809)
        at java.util.concurrent.ThreadPoolExecutor.getTask(ThreadPoolExecutor.java:1074)
        at java.util.concurrent.ThreadPoolExecutor.runWorker(ThreadPoolExecutor.java:1134)
        at java.util.concurrent.ThreadPoolExecutor$Worker.run(ThreadPoolExecutor.java:624)
        at java.lang.Thread.run(Thread.java:748)
"qtp1221770347-4610-acceptor-0@2251beb2-ServerConnector@2918e3d7{HTTP/1.1, (http/1.1)}{0.0.0.0:41851}" daemon prio=3 tid=4610 runnable
java.lang.Thread.State: RUNNABLE
        at sun.nio.ch.ServerSocketChannelImpl.accept0(Native Method)
        at sun.nio.ch.ServerSocketChannelImpl.accept(ServerSocketChannelImpl.java:421)
        at sun.nio.ch.ServerSocketChannelImpl.accept(ServerSocketChannelImpl.java:249)
        at org.eclipse.jetty.server.ServerConnector.accept(ServerConnector.java:388)
        at org.eclipse.jetty.server.AbstractConnector$Acceptor.run(AbstractConnector.java:702)
        at org.eclipse.jetty.util.thread.QueuedThreadPool.runJob(QueuedThreadPool.java:883)
        at org.eclipse.jetty.util.thread.QueuedThreadPool$Runner.run(QueuedThreadPool.java:1034)
        at java.lang.Thread.run(Thread.java:748)
"qtp1221770347-4613" daemon prio=5 tid=4613 timed_waiting
java.lang.Thread.State: TIMED_WAITING
        at sun.misc.Unsafe.park(Native Method)
        at java.util.concurrent.locks.LockSupport.parkNanos(LockSupport.java:215)
        at java.util.concurrent.locks.AbstractQueuedSynchronizer$ConditionObject.awaitNanos(AbstractQueuedSynchronizer.java:2078)
        at org.eclipse.jetty.util.BlockingArrayQueue.poll(BlockingArrayQueue.java:382)
        at org.eclipse.jetty.util.thread.QueuedThreadPool$Runner.idleJobPoll(QueuedThreadPool.java:974)
        at org.eclipse.jetty.util.thread.QueuedThreadPool$Runner.run(QueuedThreadPool.java:1018)
        at java.lang.Thread.run(Thread.java:748)
"ChunkWriter-0-0" daemon prio=5 tid=4670 in Object.wait()
java.lang.Thread.State: WAITING (on object monitor)
        at sun.misc.Unsafe.park(Native Method)
        at java.util.concurrent.locks.LockSupport.park(LockSupport.java:175)
        at java.util.concurrent.locks.AbstractQueuedSynchronizer$ConditionObject.await(AbstractQueuedSynchronizer.java:2039)
        at java.util.concurrent.LinkedBlockingDeque.takeFirst(LinkedBlockingDeque.java:492)
        at java.util.concurrent.LinkedBlockingDeque.take(LinkedBlockingDeque.java:680)
        at java.util.concurrent.ThreadPoolExecutor.getTask(ThreadPoolExecutor.java:1074)
        at java.util.concurrent.ThreadPoolExecutor.runWorker(ThreadPoolExecutor.java:1134)
        at java.util.concurrent.ThreadPoolExecutor$Worker.run(ThreadPoolExecutor.java:624)
        at java.lang.Thread.run(Thread.java:748)
"process reaper" daemon prio=10 tid=11 timed_waiting
java.lang.Thread.State: TIMED_WAITING
        at sun.misc.Unsafe.park(Native Method)
        at java.util.concurrent.locks.LockSupport.parkNanos(LockSupport.java:215)
        at java.util.concurrent.SynchronousQueue$TransferStack.awaitFulfill(SynchronousQueue.java:460)
        at java.util.concurrent.SynchronousQueue$TransferStack.transfer(SynchronousQueue.java:362)
        at java.util.concurrent.SynchronousQueue.poll(SynchronousQueue.java:941)
        at java.util.concurrent.ThreadPoolExecutor.getTask(ThreadPoolExecutor.java:1073)
        at java.util.concurrent.ThreadPoolExecutor.runWorker(ThreadPoolExecutor.java:1134)
        at java.util.concurrent.ThreadPoolExecutor$Worker.run(ThreadPoolExecutor.java:624)
        at java.lang.Thread.run(Thread.java:748)
"Datanode ReportManager Thread - 0" daemon prio=5 tid=4594 in Object.wait()
java.lang.Thread.State: WAITING (on object monitor)
        at sun.misc.Unsafe.park(Native Method)
        at java.util.concurrent.locks.LockSupport.parkNanos(LockSupport.java:215)
        at java.util.concurrent.locks.AbstractQueuedSynchronizer$ConditionObject.awaitNanos(AbstractQueuedSynchronizer.java:2078)
        at java.util.concurrent.ScheduledThreadPoolExecutor$DelayedWorkQueue.take(ScheduledThreadPoolExecutor.java:1093)
        at java.util.concurrent.ScheduledThreadPoolExecutor$DelayedWorkQueue.take(ScheduledThreadPoolExecutor.java:809)
        at java.util.concurrent.ThreadPoolExecutor.getTask(ThreadPoolExecutor.java:1074)
        at java.util.concurrent.ThreadPoolExecutor.runWorker(ThreadPoolExecutor.java:1134)
        at java.util.concurrent.ThreadPoolExecutor$Worker.run(ThreadPoolExecutor.java:624)
        at java.lang.Thread.run(Thread.java:748)
"grpc-default-boss-ELG-5-1" daemon prio=5 tid=4542 runnable
java.lang.Thread.State: RUNNABLE
        at org.apache.ratis.thirdparty.io.netty.channel.epoll.Native.epollWait(Native Method)
        at org.apache.ratis.thirdparty.io.netty.channel.epoll.Native.epollWait(Native.java:177)
        at org.apache.ratis.thirdparty.io.netty.channel.epoll.Native.epollWait(Native.java:170)
        at org.apache.ratis.thirdparty.io.netty.channel.epoll.EpollEventLoop.epollWaitNoTimerChange(EpollEventLoop.java:290)
        at org.apache.ratis.thirdparty.io.netty.channel.epoll.EpollEventLoop.run(EpollEventLoop.java:347)
        at org.apache.ratis.thirdparty.io.netty.util.concurrent.SingleThreadEventExecutor$4.run(SingleThreadEventExecutor.java:989)
        at org.apache.ratis.thirdparty.io.netty.util.internal.ThreadExecutorMap$2.run(ThreadExecutorMap.java:74)
        at org.apache.ratis.thirdparty.io.netty.util.concurrent.FastThreadLocalRunnable.run(FastThreadLocalRunnable.java:30)
        at java.lang.Thread.run(Thread.java:748)
"Socket Reader #1 for port 0"  prio=5 tid=4452 runnable
java.lang.Thread.State: RUNNABLE
        at sun.nio.ch.EPollArrayWrapper.epollWait(Native Method)
        at sun.nio.ch.EPollArrayWrapper.poll(EPollArrayWrapper.java:269)
        at sun.nio.ch.EPollSelectorImpl.doSelect(EPollSelectorImpl.java:93)
        at sun.nio.ch.SelectorImpl.lockAndDoSelect(SelectorImpl.java:86)
        at sun.nio.ch.SelectorImpl.select(SelectorImpl.java:97)
        at sun.nio.ch.SelectorImpl.select(SelectorImpl.java:101)
        at org.apache.hadoop.ipc.Server$Listener$Reader.doRunLoop(Server.java:1288)
        at org.apache.hadoop.ipc.Server$Listener$Reader.run(Server.java:1267)
"pool-412-thread-1" daemon prio=5 tid=4580 timed_waiting
java.lang.Thread.State: TIMED_WAITING
        at sun.misc.Unsafe.park(Native Method)
        at java.util.concurrent.locks.LockSupport.parkNanos(LockSupport.java:215)
        at java.util.concurrent.locks.AbstractQueuedSynchronizer$ConditionObject.awaitNanos(AbstractQueuedSynchronizer.java:2078)
        at java.util.concurrent.ScheduledThreadPoolExecutor$DelayedWorkQueue.take(ScheduledThreadPoolExecutor.java:1093)
        at java.util.concurrent.ScheduledThreadPoolExecutor$DelayedWorkQueue.take(ScheduledThreadPoolExecutor.java:809)
        at java.util.concurrent.ThreadPoolExecutor.getTask(ThreadPoolExecutor.java:1074)
        at java.util.concurrent.ThreadPoolExecutor.runWorker(ThreadPoolExecutor.java:1134)
        at java.util.concurrent.ThreadPoolExecutor$Worker.run(ThreadPoolExecutor.java:624)
        at java.lang.Thread.run(Thread.java:748)
"qtp2069929890-4554" daemon prio=5 tid=4554 timed_waiting
java.lang.Thread.State: TIMED_WAITING
        at sun.misc.Unsafe.park(Native Method)
        at java.util.concurrent.locks.LockSupport.parkNanos(LockSupport.java:215)
        at java.util.concurrent.locks.AbstractQueuedSynchronizer$ConditionObject.awaitNanos(AbstractQueuedSynchronizer.java:2078)
        at org.eclipse.jetty.util.BlockingArrayQueue.poll(BlockingArrayQueue.java:382)
        at org.eclipse.jetty.util.thread.QueuedThreadPool$Runner.idleJobPoll(QueuedThreadPool.java:974)
        at org.eclipse.jetty.util.thread.QueuedThreadPool$Runner.run(QueuedThreadPool.java:1018)
        at java.lang.Thread.run(Thread.java:748)
"EventQueue-CmdStatusReportForCommandStatusReportHandler" daemon prio=5 tid=7539 in Object.wait()
java.lang.Thread.State: WAITING (on object monitor)
        at sun.misc.Unsafe.park(Native Method)
        at java.util.concurrent.locks.LockSupport.park(LockSupport.java:175)
        at java.util.concurrent.locks.AbstractQueuedSynchronizer$ConditionObject.await(AbstractQueuedSynchronizer.java:2039)
        at java.util.concurrent.LinkedBlockingQueue.take(LinkedBlockingQueue.java:442)
        at java.util.concurrent.ThreadPoolExecutor.getTask(ThreadPoolExecutor.java:1074)
        at java.util.concurrent.ThreadPoolExecutor.runWorker(ThreadPoolExecutor.java:1134)
        at java.util.concurrent.ThreadPoolExecutor$Worker.run(ThreadPoolExecutor.java:624)
        at java.lang.Thread.run(Thread.java:748)
"BlockDeletingService#5" daemon prio=5 tid=4701 in Object.wait()
java.lang.Thread.State: WAITING (on object monitor)
        at sun.misc.Unsafe.park(Native Method)
        at java.util.concurrent.locks.LockSupport.park(LockSupport.java:175)
        at java.util.concurrent.locks.AbstractQueuedSynchronizer$ConditionObject.await(AbstractQueuedSynchronizer.java:2039)
        at java.util.concurrent.ScheduledThreadPoolExecutor$DelayedWorkQueue.take(ScheduledThreadPoolExecutor.java:1088)
        at java.util.concurrent.ScheduledThreadPoolExecutor$DelayedWorkQueue.take(ScheduledThreadPoolExecutor.java:809)
        at java.util.concurrent.ThreadPoolExecutor.getTask(ThreadPoolExecutor.java:1074)
        at java.util.concurrent.ThreadPoolExecutor.runWorker(ThreadPoolExecutor.java:1134)
        at java.util.concurrent.ThreadPoolExecutor$Worker.run(ThreadPoolExecutor.java:624)
        at java.lang.Thread.run(Thread.java:748)
"PartialTableCache Cleanup Thread - 0" daemon prio=5 tid=344 in Object.wait()
java.lang.Thread.State: WAITING (on object monitor)
        at sun.misc.Unsafe.park(Native Method)
        at java.util.concurrent.locks.LockSupport.park(LockSupport.java:175)
        at java.util.concurrent.locks.AbstractQueuedSynchronizer$ConditionObject.await(AbstractQueuedSynchronizer.java:2039)
        at java.util.concurrent.LinkedBlockingQueue.take(LinkedBlockingQueue.java:442)
        at java.util.concurrent.ThreadPoolExecutor.getTask(ThreadPoolExecutor.java:1074)
        at java.util.concurrent.ThreadPoolExecutor.runWorker(ThreadPoolExecutor.java:1134)
        at java.util.concurrent.ThreadPoolExecutor$Worker.run(ThreadPoolExecutor.java:624)
        at java.lang.Thread.run(Thread.java:748)
"IPC Server handler 8 on default port 41905" daemon prio=5 tid=4564 timed_waiting
java.lang.Thread.State: TIMED_WAITING
        at sun.misc.Unsafe.park(Native Method)
        at java.util.concurrent.locks.LockSupport.parkNanos(LockSupport.java:215)
        at java.util.concurrent.locks.AbstractQueuedSynchronizer$ConditionObject.awaitNanos(AbstractQueuedSynchronizer.java:2078)
        at java.util.concurrent.LinkedBlockingQueue.poll(LinkedBlockingQueue.java:467)
        at org.apache.hadoop.ipc.CallQueueManager.take(CallQueueManager.java:317)
        at org.apache.hadoop.ipc.Server$Handler.run(Server.java:2932)
"ChunkWriter-2-0" daemon prio=5 tid=4689 in Object.wait()
java.lang.Thread.State: WAITING (on object monitor)
        at sun.misc.Unsafe.park(Native Method)
        at java.util.concurrent.locks.LockSupport.park(LockSupport.java:175)
        at java.util.concurrent.locks.AbstractQueuedSynchronizer$ConditionObject.await(AbstractQueuedSynchronizer.java:2039)
        at java.util.concurrent.LinkedBlockingDeque.takeFirst(LinkedBlockingDeque.java:492)
        at java.util.concurrent.LinkedBlockingDeque.take(LinkedBlockingDeque.java:680)
        at java.util.concurrent.ThreadPoolExecutor.getTask(ThreadPoolExecutor.java:1074)
        at java.util.concurrent.ThreadPoolExecutor.runWorker(ThreadPoolExecutor.java:1134)
        at java.util.concurrent.ThreadPoolExecutor$Worker.run(ThreadPoolExecutor.java:624)
        at java.lang.Thread.run(Thread.java:748)
"pool-466-thread-4"  prio=5 tid=4790 in Object.wait()
java.lang.Thread.State: WAITING (on object monitor)
        at sun.misc.Unsafe.park(Native Method)
        at java.util.concurrent.locks.LockSupport.park(LockSupport.java:175)
        at java.util.concurrent.locks.AbstractQueuedSynchronizer$ConditionObject.await(AbstractQueuedSynchronizer.java:2039)
        at java.util.concurrent.LinkedBlockingQueue.take(LinkedBlockingQueue.java:442)
        at java.util.concurrent.ThreadPoolExecutor.getTask(ThreadPoolExecutor.java:1074)
        at java.util.concurrent.ThreadPoolExecutor.runWorker(ThreadPoolExecutor.java:1134)
        at java.util.concurrent.ThreadPoolExecutor$Worker.run(ThreadPoolExecutor.java:624)
        at java.lang.Thread.run(Thread.java:748)
"org.apache.hadoop.util.JvmPauseMonitor$Monitor@111b30d9" daemon prio=5 tid=4627 timed_waiting
java.lang.Thread.State: TIMED_WAITING
        at java.lang.Thread.sleep(Native Method)
        at org.apache.hadoop.util.JvmPauseMonitor$Monitor.run(JvmPauseMonitor.java:192)
        at java.lang.Thread.run(Thread.java:748)
"pool-443-thread-1"  prio=5 tid=4608 timed_waiting
java.lang.Thread.State: TIMED_WAITING
        at sun.misc.Unsafe.park(Native Method)
        at java.util.concurrent.locks.LockSupport.parkNanos(LockSupport.java:215)
        at java.util.concurrent.locks.AbstractQueuedSynchronizer$ConditionObject.awaitNanos(AbstractQueuedSynchronizer.java:2078)
        at java.util.concurrent.ScheduledThreadPoolExecutor$DelayedWorkQueue.take(ScheduledThreadPoolExecutor.java:1093)
        at java.util.concurrent.ScheduledThreadPoolExecutor$DelayedWorkQueue.take(ScheduledThreadPoolExecutor.java:809)
        at java.util.concurrent.ThreadPoolExecutor.getTask(ThreadPoolExecutor.java:1074)
        at java.util.concurrent.ThreadPoolExecutor.runWorker(ThreadPoolExecutor.java:1134)
        at java.util.concurrent.ThreadPoolExecutor$Worker.run(ThreadPoolExecutor.java:624)
        at java.lang.Thread.run(Thread.java:748)
"org.apache.hadoop.util.JvmPauseMonitor$Monitor@4c28b19f" daemon prio=5 tid=4519 timed_waiting
java.lang.Thread.State: TIMED_WAITING
        at java.lang.Thread.sleep(Native Method)
        at org.apache.hadoop.util.JvmPauseMonitor$Monitor.run(JvmPauseMonitor.java:192)
        at java.lang.Thread.run(Thread.java:748)
"Session-HouseKeeper-1ee3ad6-1"  prio=5 tid=4555 timed_waiting
java.lang.Thread.State: TIMED_WAITING
        at sun.misc.Unsafe.park(Native Method)
        at java.util.concurrent.locks.LockSupport.parkNanos(LockSupport.java:215)
        at java.util.concurrent.locks.AbstractQueuedSynchronizer$ConditionObject.awaitNanos(AbstractQueuedSynchronizer.java:2078)
        at java.util.concurrent.ScheduledThreadPoolExecutor$DelayedWorkQueue.take(ScheduledThreadPoolExecutor.java:1093)
        at java.util.concurrent.ScheduledThreadPoolExecutor$DelayedWorkQueue.take(ScheduledThreadPoolExecutor.java:809)
        at java.util.concurrent.ThreadPoolExecutor.getTask(ThreadPoolExecutor.java:1074)
        at java.util.concurrent.ThreadPoolExecutor.runWorker(ThreadPoolExecutor.java:1134)
        at java.util.concurrent.ThreadPoolExecutor$Worker.run(ThreadPoolExecutor.java:624)
        at java.lang.Thread.run(Thread.java:748)
"ReplicationMonitor" daemon prio=5 tid=4441 timed_waiting
java.lang.Thread.State: TIMED_WAITING
        at java.lang.Object.wait(Native Method)
        at org.apache.hadoop.hdds.scm.container.ReplicationManager.run(ReplicationManager.java:354)
        at org.apache.hadoop.hdds.scm.container.ReplicationManager$$Lambda$242/2123309997.run(Unknown Source)
        at java.lang.Thread.run(Thread.java:748)
"IPC Server handler 11 on default port 38093" daemon prio=5 tid=4509 timed_waiting
java.lang.Thread.State: TIMED_WAITING
        at sun.misc.Unsafe.park(Native Method)
        at java.util.concurrent.locks.LockSupport.parkNanos(LockSupport.java:215)
        at java.util.concurrent.locks.AbstractQueuedSynchronizer$ConditionObject.awaitNanos(AbstractQueuedSynchronizer.java:2078)
        at java.util.concurrent.LinkedBlockingQueue.poll(LinkedBlockingQueue.java:467)
        at org.apache.hadoop.ipc.CallQueueManager.take(CallQueueManager.java:317)
        at org.apache.hadoop.ipc.Server$Handler.run(Server.java:2932)
"Datanode ReportManager Thread - 2" daemon prio=5 tid=4648 in Object.wait()
java.lang.Thread.State: WAITING (on object monitor)
        at sun.misc.Unsafe.park(Native Method)
        at java.util.concurrent.locks.LockSupport.park(LockSupport.java:175)
        at java.util.concurrent.locks.AbstractQueuedSynchronizer$ConditionObject.await(AbstractQueuedSynchronizer.java:2039)
        at java.util.concurrent.ScheduledThreadPoolExecutor$DelayedWorkQueue.take(ScheduledThreadPoolExecutor.java:1088)
        at java.util.concurrent.ScheduledThreadPoolExecutor$DelayedWorkQueue.take(ScheduledThreadPoolExecutor.java:809)
        at java.util.concurrent.ThreadPoolExecutor.getTask(ThreadPoolExecutor.java:1074)
        at java.util.concurrent.ThreadPoolExecutor.runWorker(ThreadPoolExecutor.java:1134)
        at java.util.concurrent.ThreadPoolExecutor$Worker.run(ThreadPoolExecutor.java:624)
        at java.lang.Thread.run(Thread.java:748)
"IPC Server handler 9 on default port 38093" daemon prio=5 tid=4507 timed_waiting
java.lang.Thread.State: TIMED_WAITING
        at sun.misc.Unsafe.park(Native Method)
        at java.util.concurrent.locks.LockSupport.parkNanos(LockSupport.java:215)
        at java.util.concurrent.locks.AbstractQueuedSynchronizer$ConditionObject.awaitNanos(AbstractQueuedSynchronizer.java:2078)
        at java.util.concurrent.LinkedBlockingQueue.poll(LinkedBlockingQueue.java:467)
        at org.apache.hadoop.ipc.CallQueueManager.take(CallQueueManager.java:317)
        at org.apache.hadoop.ipc.Server$Handler.run(Server.java:2932)
"Periodic HDDS volume checker" daemon prio=5 tid=4630 timed_waiting
java.lang.Thread.State: TIMED_WAITING
        at sun.misc.Unsafe.park(Native Method)
        at java.util.concurrent.locks.LockSupport.parkNanos(LockSupport.java:215)
        at java.util.concurrent.locks.AbstractQueuedSynchronizer$ConditionObject.awaitNanos(AbstractQueuedSynchronizer.java:2078)
        at java.util.concurrent.ScheduledThreadPoolExecutor$DelayedWorkQueue.take(ScheduledThreadPoolExecutor.java:1093)
        at java.util.concurrent.ScheduledThreadPoolExecutor$DelayedWorkQueue.take(ScheduledThreadPoolExecutor.java:809)
        at java.util.concurrent.ThreadPoolExecutor.getTask(ThreadPoolExecutor.java:1074)
        at java.util.concurrent.ThreadPoolExecutor.runWorker(ThreadPoolExecutor.java:1134)
        at java.util.concurrent.ThreadPoolExecutor$Worker.run(ThreadPoolExecutor.java:624)
        at java.lang.Thread.run(Thread.java:748)
"EventQueue-PipelineReportForOneReplicaPipelineSafeModeRule" daemon prio=5 tid=4711 in Object.wait()
java.lang.Thread.State: WAITING (on object monitor)
        at sun.misc.Unsafe.park(Native Method)
        at java.util.concurrent.locks.LockSupport.park(LockSupport.java:175)
        at java.util.concurrent.locks.AbstractQueuedSynchronizer$ConditionObject.await(AbstractQueuedSynchronizer.java:2039)
        at java.util.concurrent.LinkedBlockingQueue.take(LinkedBlockingQueue.java:442)
        at java.util.concurrent.ThreadPoolExecutor.getTask(ThreadPoolExecutor.java:1074)
        at java.util.concurrent.ThreadPoolExecutor.runWorker(ThreadPoolExecutor.java:1134)
        at java.util.concurrent.ThreadPoolExecutor$Worker.run(ThreadPoolExecutor.java:624)
        at java.lang.Thread.run(Thread.java:748)
"Datanode State Machine Thread - 0" daemon prio=5 tid=4645 timed_waiting
java.lang.Thread.State: TIMED_WAITING
        at java.lang.Thread.sleep(Native Method)
        at org.apache.hadoop.ozone.container.common.statemachine.DatanodeStateMachine.start(DatanodeStateMachine.java:285)
        at org.apache.hadoop.ozone.container.common.statemachine.DatanodeStateMachine.lambda$startDaemon$0(DatanodeStateMachine.java:456)
        at org.apache.hadoop.ozone.container.common.statemachine.DatanodeStateMachine$$Lambda$569/736565880.run(Unknown Source)
        at java.lang.Thread.run(Thread.java:748)
"CommandWatcher-LeaseManager#LeaseMonitor" daemon prio=5 tid=4457 timed_waiting
java.lang.Thread.State: TIMED_WAITING
        at java.lang.Object.wait(Native Method)
        at org.apache.hadoop.ozone.lease.LeaseManager$LeaseMonitor.run(LeaseManager.java:238)
        at java.lang.Thread.run(Thread.java:748)
"Socket Reader #1 for port 0"  prio=5 tid=4444 runnable
java.lang.Thread.State: RUNNABLE
        at sun.nio.ch.EPollArrayWrapper.epollWait(Native Method)
        at sun.nio.ch.EPollArrayWrapper.poll(EPollArrayWrapper.java:269)
        at sun.nio.ch.EPollSelectorImpl.doSelect(EPollSelectorImpl.java:93)
        at sun.nio.ch.SelectorImpl.lockAndDoSelect(SelectorImpl.java:86)
        at sun.nio.ch.SelectorImpl.select(SelectorImpl.java:97)
        at sun.nio.ch.SelectorImpl.select(SelectorImpl.java:101)
        at org.apache.hadoop.ipc.Server$Listener$Reader.doRunLoop(Server.java:1288)
        at org.apache.hadoop.ipc.Server$Listener$Reader.run(Server.java:1267)
"ChunkWriter-3-0" daemon prio=5 tid=4690 in Object.wait()
java.lang.Thread.State: WAITING (on object monitor)
        at sun.misc.Unsafe.park(Native Method)
        at java.util.concurrent.locks.LockSupport.park(LockSupport.java:175)
        at java.util.concurrent.locks.AbstractQueuedSynchronizer$ConditionObject.await(AbstractQueuedSynchronizer.java:2039)
        at java.util.concurrent.LinkedBlockingDeque.takeFirst(LinkedBlockingDeque.java:492)
        at java.util.concurrent.LinkedBlockingDeque.take(LinkedBlockingDeque.java:680)
        at java.util.concurrent.ThreadPoolExecutor.getTask(ThreadPoolExecutor.java:1074)
        at java.util.concurrent.ThreadPoolExecutor.runWorker(ThreadPoolExecutor.java:1134)
        at java.util.concurrent.ThreadPoolExecutor$Worker.run(ThreadPoolExecutor.java:624)
        at java.lang.Thread.run(Thread.java:748)
"pool-467-thread-10"  prio=5 tid=4855 in Object.wait()
java.lang.Thread.State: WAITING (on object monitor)
        at sun.misc.Unsafe.park(Native Method)
        at java.util.concurrent.locks.LockSupport.park(LockSupport.java:175)
        at java.util.concurrent.locks.AbstractQueuedSynchronizer$ConditionObject.await(AbstractQueuedSynchronizer.java:2039)
        at java.util.concurrent.LinkedBlockingQueue.take(LinkedBlockingQueue.java:442)
        at java.util.concurrent.ThreadPoolExecutor.getTask(ThreadPoolExecutor.java:1074)
        at java.util.concurrent.ThreadPoolExecutor.runWorker(ThreadPoolExecutor.java:1134)
        at java.util.concurrent.ThreadPoolExecutor$Worker.run(ThreadPoolExecutor.java:624)
        at java.lang.Thread.run(Thread.java:748)
"BlockDeletingService#3" daemon prio=5 tid=4665 in Object.wait()
java.lang.Thread.State: WAITING (on object monitor)
        at sun.misc.Unsafe.park(Native Method)
        at java.util.concurrent.locks.LockSupport.park(LockSupport.java:175)
        at java.util.concurrent.locks.AbstractQueuedSynchronizer$ConditionObject.await(AbstractQueuedSynchronizer.java:2039)
        at java.util.concurrent.ScheduledThreadPoolExecutor$DelayedWorkQueue.take(ScheduledThreadPoolExecutor.java:1088)
        at java.util.concurrent.ScheduledThreadPoolExecutor$DelayedWorkQueue.take(ScheduledThreadPoolExecutor.java:809)
        at java.util.concurrent.ThreadPoolExecutor.getTask(ThreadPoolExecutor.java:1074)
        at java.util.concurrent.ThreadPoolExecutor.runWorker(ThreadPoolExecutor.java:1134)
        at java.util.concurrent.ThreadPoolExecutor$Worker.run(ThreadPoolExecutor.java:624)
        at java.lang.Thread.run(Thread.java:748)
"Datanode ReportManager Thread - 1" daemon prio=5 tid=4622 in Object.wait()
java.lang.Thread.State: WAITING (on object monitor)
        at sun.misc.Unsafe.park(Native Method)
        at java.util.concurrent.locks.LockSupport.park(LockSupport.java:175)
        at java.util.concurrent.locks.AbstractQueuedSynchronizer$ConditionObject.await(AbstractQueuedSynchronizer.java:2039)
        at java.util.concurrent.ScheduledThreadPoolExecutor$DelayedWorkQueue.take(ScheduledThreadPoolExecutor.java:1088)
        at java.util.concurrent.ScheduledThreadPoolExecutor$DelayedWorkQueue.take(ScheduledThreadPoolExecutor.java:809)
        at java.util.concurrent.ThreadPoolExecutor.getTask(ThreadPoolExecutor.java:1074)
        at java.util.concurrent.ThreadPoolExecutor.runWorker(ThreadPoolExecutor.java:1134)
        at java.util.concurrent.ThreadPoolExecutor$Worker.run(ThreadPoolExecutor.java:624)
        at java.lang.Thread.run(Thread.java:748)
"IPC Server handler 0 on default port 46035" daemon prio=5 tid=4458 timed_waiting
java.lang.Thread.State: TIMED_WAITING
        at sun.misc.Unsafe.park(Native Method)
        at java.util.concurrent.locks.LockSupport.parkNanos(LockSupport.java:215)
        at java.util.concurrent.locks.AbstractQueuedSynchronizer$ConditionObject.awaitNanos(AbstractQueuedSynchronizer.java:2078)
        at java.util.concurrent.LinkedBlockingQueue.poll(LinkedBlockingQueue.java:467)
        at org.apache.hadoop.ipc.CallQueueManager.take(CallQueueManager.java:317)
        at org.apache.hadoop.ipc.Server$Handler.run(Server.java:2932)
"IPC Parameter Sending Thread #0" daemon prio=5 tid=108 timed_waiting
java.lang.Thread.State: TIMED_WAITING
        at sun.misc.Unsafe.park(Native Method)
        at java.util.concurrent.locks.LockSupport.parkNanos(LockSupport.java:215)
        at java.util.concurrent.SynchronousQueue$TransferStack.awaitFulfill(SynchronousQueue.java:460)
        at java.util.concurrent.SynchronousQueue$TransferStack.transfer(SynchronousQueue.java:362)
        at java.util.concurrent.SynchronousQueue.poll(SynchronousQueue.java:941)
        at java.util.concurrent.ThreadPoolExecutor.getTask(ThreadPoolExecutor.java:1073)
        at java.util.concurrent.ThreadPoolExecutor.runWorker(ThreadPoolExecutor.java:1134)
        at java.util.concurrent.ThreadPoolExecutor$Worker.run(ThreadPoolExecutor.java:624)
        at java.lang.Thread.run(Thread.java:748)
"BlockDeletingService#4" daemon prio=5 tid=4682 in Object.wait()
java.lang.Thread.State: WAITING (on object monitor)
        at sun.misc.Unsafe.park(Native Method)
        at java.util.concurrent.locks.LockSupport.park(LockSupport.java:175)
        at java.util.concurrent.locks.AbstractQueuedSynchronizer$ConditionObject.await(AbstractQueuedSynchronizer.java:2039)
        at java.util.concurrent.ScheduledThreadPoolExecutor$DelayedWorkQueue.take(ScheduledThreadPoolExecutor.java:1088)
        at java.util.concurrent.ScheduledThreadPoolExecutor$DelayedWorkQueue.take(ScheduledThreadPoolExecutor.java:809)
        at java.util.concurrent.ThreadPoolExecutor.getTask(ThreadPoolExecutor.java:1074)
        at java.util.concurrent.ThreadPoolExecutor.runWorker(ThreadPoolExecutor.java:1134)
        at java.util.concurrent.ThreadPoolExecutor$Worker.run(ThreadPoolExecutor.java:624)
        at java.lang.Thread.run(Thread.java:748)
"ChunkWriter-1-0" daemon prio=5 tid=4658 in Object.wait()
java.lang.Thread.State: WAITING (on object monitor)
        at sun.misc.Unsafe.park(Native Method)
        at java.util.concurrent.locks.LockSupport.park(LockSupport.java:175)
        at java.util.concurrent.locks.AbstractQueuedSynchronizer$ConditionObject.await(AbstractQueuedSynchronizer.java:2039)
        at java.util.concurrent.LinkedBlockingDeque.takeFirst(LinkedBlockingDeque.java:492)
        at java.util.concurrent.LinkedBlockingDeque.take(LinkedBlockingDeque.java:680)
        at java.util.concurrent.ThreadPoolExecutor.getTask(ThreadPoolExecutor.java:1074)
        at java.util.concurrent.ThreadPoolExecutor.runWorker(ThreadPoolExecutor.java:1134)
        at java.util.concurrent.ThreadPoolExecutor$Worker.run(ThreadPoolExecutor.java:624)
        at java.lang.Thread.run(Thread.java:748)
"Timer-2"  prio=5 tid=4544 timed_waiting
java.lang.Thread.State: TIMED_WAITING
        at java.lang.Object.wait(Native Method)
        at java.util.TimerThread.mainLoop(Timer.java:552)
        at java.util.TimerThread.run(Timer.java:505)
"BlockDeletingService#6" daemon prio=5 tid=4694 in Object.wait()
java.lang.Thread.State: WAITING (on object monitor)
        at sun.misc.Unsafe.park(Native Method)
        at java.util.concurrent.locks.LockSupport.park(LockSupport.java:175)
        at java.util.concurrent.locks.AbstractQueuedSynchronizer$ConditionObject.await(AbstractQueuedSynchronizer.java:2039)
        at java.util.concurrent.ScheduledThreadPoolExecutor$DelayedWorkQueue.take(ScheduledThreadPoolExecutor.java:1088)
        at java.util.concurrent.ScheduledThreadPoolExecutor$DelayedWorkQueue.take(ScheduledThreadPoolExecutor.java:809)
        at java.util.concurrent.ThreadPoolExecutor.getTask(ThreadPoolExecutor.java:1074)
        at java.util.concurrent.ThreadPoolExecutor.runWorker(ThreadPoolExecutor.java:1134)
        at java.util.concurrent.ThreadPoolExecutor$Worker.run(ThreadPoolExecutor.java:624)
        at java.lang.Thread.run(Thread.java:748)
"Datanode ReportManager Thread - 3" daemon prio=5 tid=4649 timed_waiting
java.lang.Thread.State: TIMED_WAITING
        at sun.misc.Unsafe.park(Native Method)
        at java.util.concurrent.locks.LockSupport.parkNanos(LockSupport.java:215)
        at java.util.concurrent.locks.AbstractQueuedSynchronizer$ConditionObject.awaitNanos(AbstractQueuedSynchronizer.java:2078)
        at java.util.concurrent.ScheduledThreadPoolExecutor$DelayedWorkQueue.take(ScheduledThreadPoolExecutor.java:1093)
        at java.util.concurrent.ScheduledThreadPoolExecutor$DelayedWorkQueue.take(ScheduledThreadPoolExecutor.java:809)
        at java.util.concurrent.ThreadPoolExecutor.getTask(ThreadPoolExecutor.java:1074)
        at java.util.concurrent.ThreadPoolExecutor.runWorker(ThreadPoolExecutor.java:1134)
        at java.util.concurrent.ThreadPoolExecutor$Worker.run(ThreadPoolExecutor.java:624)
        at java.lang.Thread.run(Thread.java:748)
"Socket Reader #1 for port 0"  prio=5 tid=4536 runnable
java.lang.Thread.State: RUNNABLE
        at sun.nio.ch.EPollArrayWrapper.epollWait(Native Method)
        at sun.nio.ch.EPollArrayWrapper.poll(EPollArrayWrapper.java:269)
        at sun.nio.ch.EPollSelectorImpl.doSelect(EPollSelectorImpl.java:93)
        at sun.nio.ch.SelectorImpl.lockAndDoSelect(SelectorImpl.java:86)
        at sun.nio.ch.SelectorImpl.select(SelectorImpl.java:97)
        at sun.nio.ch.SelectorImpl.select(SelectorImpl.java:101)
        at org.apache.hadoop.ipc.Server$Listener$Reader.doRunLoop(Server.java:1288)
        at org.apache.hadoop.ipc.Server$Listener$Reader.run(Server.java:1267)
"PartialTableCache Cleanup Thread - 0" daemon prio=5 tid=3843 in Object.wait()
java.lang.Thread.State: WAITING (on object monitor)
        at sun.misc.Unsafe.park(Native Method)
        at java.util.concurrent.locks.LockSupport.park(LockSupport.java:175)
        at java.util.concurrent.locks.AbstractQueuedSynchronizer$ConditionObject.await(AbstractQueuedSynchronizer.java:2039)
        at java.util.concurrent.LinkedBlockingQueue.take(LinkedBlockingQueue.java:442)
        at java.util.concurrent.ThreadPoolExecutor.getTask(ThreadPoolExecutor.java:1074)
        at java.util.concurrent.ThreadPoolExecutor.runWorker(ThreadPoolExecutor.java:1134)
        at java.util.concurrent.ThreadPoolExecutor$Worker.run(ThreadPoolExecutor.java:624)
        at java.lang.Thread.run(Thread.java:748)
"BlockDeletingService#0" daemon prio=5 tid=4675 in Object.wait()
java.lang.Thread.State: WAITING (on object monitor)
        at sun.misc.Unsafe.park(Native Method)
        at java.util.concurrent.locks.LockSupport.park(LockSupport.java:175)
        at java.util.concurrent.locks.AbstractQueuedSynchronizer$ConditionObject.await(AbstractQueuedSynchronizer.java:2039)
        at java.util.concurrent.ScheduledThreadPoolExecutor$DelayedWorkQueue.take(ScheduledThreadPoolExecutor.java:1088)
        at java.util.concurrent.ScheduledThreadPoolExecutor$DelayedWorkQueue.take(ScheduledThreadPoolExecutor.java:809)
        at java.util.concurrent.ThreadPoolExecutor.getTask(ThreadPoolExecutor.java:1074)
        at java.util.concurrent.ThreadPoolExecutor.runWorker(ThreadPoolExecutor.java:1134)
        at java.util.concurrent.ThreadPoolExecutor$Worker.run(ThreadPoolExecutor.java:624)
        at java.lang.Thread.run(Thread.java:748)
"qtp2069929890-4548-acceptor-0@6e1515d0-ServerConnector@26f8e09e{HTTP/1.1, (http/1.1)}{0.0.0.0:41067}" daemon prio=3 tid=4548 runnable
java.lang.Thread.State: RUNNABLE
        at sun.nio.ch.ServerSocketChannelImpl.accept0(Native Method)
        at sun.nio.ch.ServerSocketChannelImpl.accept(ServerSocketChannelImpl.java:421)
        at sun.nio.ch.ServerSocketChannelImpl.accept(ServerSocketChannelImpl.java:249)
        at org.eclipse.jetty.server.ServerConnector.accept(ServerConnector.java:388)
        at org.eclipse.jetty.server.AbstractConnector$Acceptor.run(AbstractConnector.java:702)
        at org.eclipse.jetty.util.thread.QueuedThreadPool.runJob(QueuedThreadPool.java:883)
        at org.eclipse.jetty.util.thread.QueuedThreadPool$Runner.run(QueuedThreadPool.java:1034)
        at java.lang.Thread.run(Thread.java:748)
"Datanode ReportManager Thread - 4" daemon prio=5 tid=4650 in Object.wait()
java.lang.Thread.State: WAITING (on object monitor)
        at sun.misc.Unsafe.park(Native Method)
        at java.util.concurrent.locks.LockSupport.park(LockSupport.java:175)
        at java.util.concurrent.locks.AbstractQueuedSynchronizer$ConditionObject.await(AbstractQueuedSynchronizer.java:2039)
        at java.util.concurrent.ScheduledThreadPoolExecutor$DelayedWorkQueue.take(ScheduledThreadPoolExecutor.java:1088)
        at java.util.concurrent.ScheduledThreadPoolExecutor$DelayedWorkQueue.take(ScheduledThreadPoolExecutor.java:809)
        at java.util.concurrent.ThreadPoolExecutor.getTask(ThreadPoolExecutor.java:1074)
        at java.util.concurrent.ThreadPoolExecutor.runWorker(ThreadPoolExecutor.java:1134)
        at java.util.concurrent.ThreadPoolExecutor$Worker.run(ThreadPoolExecutor.java:624)
        at java.lang.Thread.run(Thread.java:748)
"om1@group-C5BA1605619E-StateMachineUpdater" daemon prio=5 tid=4540 in Object.wait()
java.lang.Thread.State: WAITING (on object monitor)
        at java.lang.Object.wait(Native Method)
        at java.lang.Object.wait(Object.java:502)
        at org.apache.ratis.server.impl.StateMachineUpdater.waitForCommit(StateMachineUpdater.java:204)
        at org.apache.ratis.server.impl.StateMachineUpdater.run(StateMachineUpdater.java:173)
        at java.lang.Thread.run(Thread.java:748)
"DeleteBlocksCommandHandlerThread-0" daemon prio=5 tid=8308 timed_waiting
java.lang.Thread.State: TIMED_WAITING
        at sun.misc.Unsafe.park(Native Method)
        at java.util.concurrent.locks.LockSupport.parkNanos(LockSupport.java:215)
        at java.util.concurrent.locks.AbstractQueuedSynchronizer$ConditionObject.awaitNanos(AbstractQueuedSynchronizer.java:2078)
        at java.util.concurrent.LinkedBlockingQueue.poll(LinkedBlockingQueue.java:467)
        at java.util.concurrent.ThreadPoolExecutor.getTask(ThreadPoolExecutor.java:1073)
        at java.util.concurrent.ThreadPoolExecutor.runWorker(ThreadPoolExecutor.java:1134)
        at java.util.concurrent.ThreadPoolExecutor$Worker.run(ThreadPoolExecutor.java:624)
        at java.lang.Thread.run(Thread.java:748)
"qtp1221770347-4611" daemon prio=5 tid=4611 timed_waiting
java.lang.Thread.State: TIMED_WAITING
        at sun.misc.Unsafe.park(Native Method)
        at java.util.concurrent.locks.LockSupport.parkNanos(LockSupport.java:215)
        at java.util.concurrent.locks.AbstractQueuedSynchronizer$ConditionObject.awaitNanos(AbstractQueuedSynchronizer.java:2078)
        at org.eclipse.jetty.util.BlockingArrayQueue.poll(BlockingArrayQueue.java:382)
        at org.eclipse.jetty.util.thread.QueuedThreadPool$Runner.idleJobPoll(QueuedThreadPool.java:974)
        at org.eclipse.jetty.util.thread.QueuedThreadPool$Runner.run(QueuedThreadPool.java:1018)
        at java.lang.Thread.run(Thread.java:748)
"java.util.concurrent.ThreadPoolExecutor$Worker@6655d10a[State = -1, empty queue]" daemon prio=5 tid=4744 timed_waiting
java.lang.Thread.State: TIMED_WAITING
        at sun.misc.Unsafe.park(Native Method)
        at java.util.concurrent.locks.LockSupport.parkNanos(LockSupport.java:215)
        at java.util.concurrent.locks.AbstractQueuedSynchronizer$ConditionObject.awaitNanos(AbstractQueuedSynchronizer.java:2078)
        at java.util.concurrent.ScheduledThreadPoolExecutor$DelayedWorkQueue.take(ScheduledThreadPoolExecutor.java:1093)
        at java.util.concurrent.ScheduledThreadPoolExecutor$DelayedWorkQueue.take(ScheduledThreadPoolExecutor.java:809)
        at java.util.concurrent.ThreadPoolExecutor.getTask(ThreadPoolExecutor.java:1074)
        at java.util.concurrent.ThreadPoolExecutor.runWorker(ThreadPoolExecutor.java:1134)
        at java.util.concurrent.ThreadPoolExecutor$Worker.run(ThreadPoolExecutor.java:624)
        at java.lang.Thread.run(Thread.java:748)
"qtp797601589-4590" daemon prio=5 tid=4590 timed_waiting
java.lang.Thread.State: TIMED_WAITING
        at sun.misc.Unsafe.park(Native Method)
        at java.util.concurrent.locks.LockSupport.parkNanos(LockSupport.java:215)
        at java.util.concurrent.locks.AbstractQueuedSynchronizer$ConditionObject.awaitNanos(AbstractQueuedSynchronizer.java:2078)
        at org.eclipse.jetty.util.BlockingArrayQueue.poll(BlockingArrayQueue.java:382)
        at org.eclipse.jetty.util.thread.QueuedThreadPool$Runner.idleJobPoll(QueuedThreadPool.java:974)
        at org.eclipse.jetty.util.thread.QueuedThreadPool$Runner.run(QueuedThreadPool.java:1018)
        at java.lang.Thread.run(Thread.java:748)
"qtp1221770347-4615" daemon prio=5 tid=4615 timed_waiting
java.lang.Thread.State: TIMED_WAITING
        at sun.misc.Unsafe.park(Native Method)
        at java.util.concurrent.locks.LockSupport.parkNanos(LockSupport.java:215)
        at java.util.concurrent.locks.AbstractQueuedSynchronizer$ConditionObject.awaitNanos(AbstractQueuedSynchronizer.java:2078)
        at org.eclipse.jetty.util.BlockingArrayQueue.poll(BlockingArrayQueue.java:382)
        at org.eclipse.jetty.util.thread.QueuedThreadPool$Runner.idleJobPoll(QueuedThreadPool.java:974)
        at org.eclipse.jetty.util.thread.QueuedThreadPool$Runner.run(QueuedThreadPool.java:1018)
        at java.lang.Thread.run(Thread.java:748)
"pool-467-thread-8"  prio=5 tid=4830 in Object.wait()
java.lang.Thread.State: WAITING (on object monitor)
        at sun.misc.Unsafe.park(Native Method)
        at java.util.concurrent.locks.LockSupport.park(LockSupport.java:175)
        at java.util.concurrent.locks.AbstractQueuedSynchronizer$ConditionObject.await(AbstractQueuedSynchronizer.java:2039)
        at java.util.concurrent.LinkedBlockingQueue.take(LinkedBlockingQueue.java:442)
        at java.util.concurrent.ThreadPoolExecutor.getTask(ThreadPoolExecutor.java:1074)
        at java.util.concurrent.ThreadPoolExecutor.runWorker(ThreadPoolExecutor.java:1134)
        at java.util.concurrent.ThreadPoolExecutor$Worker.run(ThreadPoolExecutor.java:624)
        at java.lang.Thread.run(Thread.java:748)
"pool-465-thread-5"  prio=5 tid=4805 in Object.wait()
java.lang.Thread.State: WAITING (on object monitor)
        at sun.misc.Unsafe.park(Native Method)
        at java.util.concurrent.locks.LockSupport.park(LockSupport.java:175)
        at java.util.concurrent.locks.AbstractQueuedSynchronizer$ConditionObject.await(AbstractQueuedSynchronizer.java:2039)
        at java.util.concurrent.LinkedBlockingQueue.take(LinkedBlockingQueue.java:442)
        at java.util.concurrent.ThreadPoolExecutor.getTask(ThreadPoolExecutor.java:1074)
        at java.util.concurrent.ThreadPoolExecutor.runWorker(ThreadPoolExecutor.java:1134)
        at java.util.concurrent.ThreadPoolExecutor$Worker.run(ThreadPoolExecutor.java:624)
        at java.lang.Thread.run(Thread.java:748)
"BlockDeletingService#1" daemon prio=5 tid=4676 in Object.wait()
java.lang.Thread.State: WAITING (on object monitor)
        at sun.misc.Unsafe.park(Native Method)
        at java.util.concurrent.locks.LockSupport.park(LockSupport.java:175)
        at java.util.concurrent.locks.AbstractQueuedSynchronizer$ConditionObject.await(AbstractQueuedSynchronizer.java:2039)
        at java.util.concurrent.ScheduledThreadPoolExecutor$DelayedWorkQueue.take(ScheduledThreadPoolExecutor.java:1088)
        at java.util.concurrent.ScheduledThreadPoolExecutor$DelayedWorkQueue.take(ScheduledThreadPoolExecutor.java:809)
        at java.util.concurrent.ThreadPoolExecutor.getTask(ThreadPoolExecutor.java:1074)
        at java.util.concurrent.ThreadPoolExecutor.runWorker(ThreadPoolExecutor.java:1134)
        at java.util.concurrent.ThreadPoolExecutor$Worker.run(ThreadPoolExecutor.java:624)
        at java.lang.Thread.run(Thread.java:748)
"IPC Server handler 0 on default port 41905" daemon prio=5 tid=4556 timed_waiting
java.lang.Thread.State: TIMED_WAITING
        at sun.misc.Unsafe.park(Native Method)
        at java.util.concurrent.locks.LockSupport.parkNanos(LockSupport.java:215)
        at java.util.concurrent.locks.AbstractQueuedSynchronizer$ConditionObject.awaitNanos(AbstractQueuedSynchronizer.java:2078)
        at java.util.concurrent.LinkedBlockingQueue.poll(LinkedBlockingQueue.java:467)
        at org.apache.hadoop.ipc.CallQueueManager.take(CallQueueManager.java:317)
        at org.apache.hadoop.ipc.Server$Handler.run(Server.java:2932)
"IPC Server handler 15 on default port 41071" daemon prio=5 tid=4493 timed_waiting
java.lang.Thread.State: TIMED_WAITING
        at sun.misc.Unsafe.park(Native Method)
        at java.util.concurrent.locks.LockSupport.parkNanos(LockSupport.java:215)
        at java.util.concurrent.locks.AbstractQueuedSynchronizer$ConditionObject.awaitNanos(AbstractQueuedSynchronizer.java:2078)
        at java.util.concurrent.LinkedBlockingQueue.poll(LinkedBlockingQueue.java:467)
        at org.apache.hadoop.ipc.CallQueueManager.take(CallQueueManager.java:317)
        at org.apache.hadoop.ipc.Server$Handler.run(Server.java:2932)
"f89ecde1-abfa-4530-92e2-4a065b7725ea@group-E30A832DBA26-SegmentedRaftLogWorker"  prio=5 tid=4733 timed_waiting
java.lang.Thread.State: TIMED_WAITING
        at sun.misc.Unsafe.park(Native Method)
        at java.util.concurrent.locks.LockSupport.parkNanos(LockSupport.java:215)
        at java.util.concurrent.locks.AbstractQueuedSynchronizer$ConditionObject.awaitNanos(AbstractQueuedSynchronizer.java:2078)
        at org.apache.ratis.util.DataBlockingQueue.poll(DataBlockingQueue.java:137)
        at org.apache.ratis.server.raftlog.segmented.SegmentedRaftLogWorker.run(SegmentedRaftLogWorker.java:292)
        at org.apache.ratis.server.raftlog.segmented.SegmentedRaftLogWorker$$Lambda$467/1230090799.run(Unknown Source)
        at java.lang.Thread.run(Thread.java:748)
"Session-HouseKeeper-69c6fc5a-1"  prio=5 tid=4644 timed_waiting
java.lang.Thread.State: TIMED_WAITING
        at sun.misc.Unsafe.park(Native Method)
        at java.util.concurrent.locks.LockSupport.parkNanos(LockSupport.java:215)
        at java.util.concurrent.locks.AbstractQueuedSynchronizer$ConditionObject.awaitNanos(AbstractQueuedSynchronizer.java:2078)
        at java.util.concurrent.ScheduledThreadPoolExecutor$DelayedWorkQueue.take(ScheduledThreadPoolExecutor.java:1093)
        at java.util.concurrent.ScheduledThreadPoolExecutor$DelayedWorkQueue.take(ScheduledThreadPoolExecutor.java:809)
        at java.util.concurrent.ThreadPoolExecutor.getTask(ThreadPoolExecutor.java:1074)
        at java.util.concurrent.ThreadPoolExecutor.runWorker(ThreadPoolExecutor.java:1134)
        at java.util.concurrent.ThreadPoolExecutor$Worker.run(ThreadPoolExecutor.java:624)
        at java.lang.Thread.run(Thread.java:748)
"org.apache.hadoop.ozone.container.common.statemachine.commandhandler.DeleteBlocksCommandHandler$DeleteCmdWorker@7a932c03" daemon prio=5 tid=4582 timed_waiting
java.lang.Thread.State: TIMED_WAITING
        at java.lang.Thread.sleep(Native Method)
        at org.apache.hadoop.ozone.container.common.statemachine.commandhandler.DeleteBlocksCommandHandler$DeleteCmdWorker.run(DeleteBlocksCommandHandler.java:174)
        at java.lang.Thread.run(Thread.java:748)
"c2c40a72-a699-49b1-b721-1997d9d2c71f@group-E30A832DBA26->0475d2c2-d46f-403e-95a5-8ff1a5c32338-GrpcLogAppender-LogAppenderDaemon" daemon prio=5 tid=4743 timed_waiting
java.lang.Thread.State: TIMED_WAITING
        at java.lang.Object.wait(Native Method)
        at org.apache.ratis.grpc.server.GrpcLogAppender.mayWait(GrpcLogAppender.java:173)
        at org.apache.ratis.grpc.server.GrpcLogAppender.run(GrpcLogAppender.java:125)
        at org.apache.ratis.server.leader.LogAppenderDaemon.run(LogAppenderDaemon.java:77)
        at org.apache.ratis.server.leader.LogAppenderDaemon$$Lambda$818/1836067268.run(Unknown Source)
        at java.lang.Thread.run(Thread.java:748)
"BlockDeletingService#9" daemon prio=5 tid=4705 in Object.wait()
java.lang.Thread.State: WAITING (on object monitor)
        at sun.misc.Unsafe.park(Native Method)
        at java.util.concurrent.locks.LockSupport.park(LockSupport.java:175)
        at java.util.concurrent.locks.AbstractQueuedSynchronizer$ConditionObject.await(AbstractQueuedSynchronizer.java:2039)
        at java.util.concurrent.ScheduledThreadPoolExecutor$DelayedWorkQueue.take(ScheduledThreadPoolExecutor.java:1088)
        at java.util.concurrent.ScheduledThreadPoolExecutor$DelayedWorkQueue.take(ScheduledThreadPoolExecutor.java:809)
        at java.util.concurrent.ThreadPoolExecutor.getTask(ThreadPoolExecutor.java:1074)
        at java.util.concurrent.ThreadPoolExecutor.runWorker(ThreadPoolExecutor.java:1134)
        at java.util.concurrent.ThreadPoolExecutor$Worker.run(ThreadPoolExecutor.java:624)
        at java.lang.Thread.run(Thread.java:748)
"EndpointStateMachine task thread for /0.0.0.0:36083 - 0 "  prio=5 tid=245 in Object.wait()
java.lang.Thread.State: WAITING (on object monitor)
        at sun.misc.Unsafe.park(Native Method)
        at java.util.concurrent.locks.LockSupport.park(LockSupport.java:175)
        at java.util.concurrent.locks.AbstractQueuedSynchronizer$ConditionObject.await(AbstractQueuedSynchronizer.java:2039)
        at java.util.concurrent.LinkedBlockingQueue.take(LinkedBlockingQueue.java:442)
        at java.util.concurrent.ThreadPoolExecutor.getTask(ThreadPoolExecutor.java:1074)
        at java.util.concurrent.ThreadPoolExecutor.runWorker(ThreadPoolExecutor.java:1134)
        at java.util.concurrent.ThreadPoolExecutor$Worker.run(ThreadPoolExecutor.java:624)
        at java.lang.Thread.run(Thread.java:748)
"EventQueue-DatanodeCommandForSCMNodeManager"  prio=5 tid=4714 in Object.wait()
java.lang.Thread.State: WAITING (on object monitor)
        at sun.misc.Unsafe.park(Native Method)
        at java.util.concurrent.locks.LockSupport.park(LockSupport.java:175)
        at java.util.concurrent.locks.AbstractQueuedSynchronizer$ConditionObject.await(AbstractQueuedSynchronizer.java:2039)
        at java.util.concurrent.LinkedBlockingQueue.take(LinkedBlockingQueue.java:442)
        at java.util.concurrent.ThreadPoolExecutor.getTask(ThreadPoolExecutor.java:1074)
        at java.util.concurrent.ThreadPoolExecutor.runWorker(ThreadPoolExecutor.java:1134)
        at java.util.concurrent.ThreadPoolExecutor$Worker.run(ThreadPoolExecutor.java:624)
        at java.lang.Thread.run(Thread.java:748)
"IPC Server handler 16 on default port 38093" daemon prio=5 tid=4514 timed_waiting
java.lang.Thread.State: TIMED_WAITING
        at sun.misc.Unsafe.park(Native Method)
        at java.util.concurrent.locks.LockSupport.parkNanos(LockSupport.java:215)
        at java.util.concurrent.locks.AbstractQueuedSynchronizer$ConditionObject.awaitNanos(AbstractQueuedSynchronizer.java:2078)
        at java.util.concurrent.LinkedBlockingQueue.poll(LinkedBlockingQueue.java:467)
        at org.apache.hadoop.ipc.CallQueueManager.take(CallQueueManager.java:317)
        at org.apache.hadoop.ipc.Server$Handler.run(Server.java:2932)
"grpc-default-executor-5" daemon prio=5 tid=3811 timed_waiting
java.lang.Thread.State: TIMED_WAITING
        at sun.misc.Unsafe.park(Native Method)
        at java.util.concurrent.locks.LockSupport.parkNanos(LockSupport.java:215)
        at java.util.concurrent.SynchronousQueue$TransferStack.awaitFulfill(SynchronousQueue.java:460)
        at java.util.concurrent.SynchronousQueue$TransferStack.transfer(SynchronousQueue.java:362)
        at java.util.concurrent.SynchronousQueue.poll(SynchronousQueue.java:941)
        at java.util.concurrent.ThreadPoolExecutor.getTask(ThreadPoolExecutor.java:1073)
        at java.util.concurrent.ThreadPoolExecutor.runWorker(ThreadPoolExecutor.java:1134)
        at java.util.concurrent.ThreadPoolExecutor$Worker.run(ThreadPoolExecutor.java:624)
        at java.lang.Thread.run(Thread.java:748)
"IPC Server handler 7 on default port 41905" daemon prio=5 tid=4563 timed_waiting
java.lang.Thread.State: TIMED_WAITING
        at sun.misc.Unsafe.park(Native Method)
        at java.util.concurrent.locks.LockSupport.parkNanos(LockSupport.java:215)
        at java.util.concurrent.locks.AbstractQueuedSynchronizer$ConditionObject.awaitNanos(AbstractQueuedSynchronizer.java:2078)
        at java.util.concurrent.LinkedBlockingQueue.poll(LinkedBlockingQueue.java:467)
        at org.apache.hadoop.ipc.CallQueueManager.take(CallQueueManager.java:317)
        at org.apache.hadoop.ipc.Server$Handler.run(Server.java:2932)
"qtp1199364158-4527" daemon prio=5 tid=4527 timed_waiting
java.lang.Thread.State: TIMED_WAITING
        at sun.misc.Unsafe.park(Native Method)
        at java.util.concurrent.locks.LockSupport.parkNanos(LockSupport.java:215)
        at java.util.concurrent.locks.AbstractQueuedSynchronizer$ConditionObject.awaitNanos(AbstractQueuedSynchronizer.java:2078)
        at org.eclipse.jetty.util.BlockingArrayQueue.poll(BlockingArrayQueue.java:382)
        at org.eclipse.jetty.util.thread.QueuedThreadPool$Runner.idleJobPoll(QueuedThreadPool.java:974)
        at org.eclipse.jetty.util.thread.QueuedThreadPool$Runner.run(QueuedThreadPool.java:1018)
        at java.lang.Thread.run(Thread.java:748)
"ChunkWriter-0-0" daemon prio=5 tid=4687 in Object.wait()
java.lang.Thread.State: WAITING (on object monitor)
        at sun.misc.Unsafe.park(Native Method)
        at java.util.concurrent.locks.LockSupport.park(LockSupport.java:175)
        at java.util.concurrent.locks.AbstractQueuedSynchronizer$ConditionObject.await(AbstractQueuedSynchronizer.java:2039)
        at java.util.concurrent.LinkedBlockingDeque.takeFirst(LinkedBlockingDeque.java:492)
        at java.util.concurrent.LinkedBlockingDeque.take(LinkedBlockingDeque.java:680)
        at java.util.concurrent.ThreadPoolExecutor.getTask(ThreadPoolExecutor.java:1074)
        at java.util.concurrent.ThreadPoolExecutor.runWorker(ThreadPoolExecutor.java:1134)
        at java.util.concurrent.ThreadPoolExecutor$Worker.run(ThreadPoolExecutor.java:624)
        at java.lang.Thread.run(Thread.java:748)
"pool-466-thread-2"  prio=5 tid=4787 in Object.wait()
java.lang.Thread.State: WAITING (on object monitor)
        at sun.misc.Unsafe.park(Native Method)
        at java.util.concurrent.locks.LockSupport.park(LockSupport.java:175)
        at java.util.concurrent.locks.AbstractQueuedSynchronizer$ConditionObject.await(AbstractQueuedSynchronizer.java:2039)
        at java.util.concurrent.LinkedBlockingQueue.take(LinkedBlockingQueue.java:442)
        at java.util.concurrent.ThreadPoolExecutor.getTask(ThreadPoolExecutor.java:1074)
        at java.util.concurrent.ThreadPoolExecutor.runWorker(ThreadPoolExecutor.java:1134)
        at java.util.concurrent.ThreadPoolExecutor$Worker.run(ThreadPoolExecutor.java:624)
        at java.lang.Thread.run(Thread.java:748)
"qtp1221770347-4612" daemon prio=5 tid=4612 timed_waiting
java.lang.Thread.State: TIMED_WAITING
        at sun.misc.Unsafe.park(Native Method)
        at java.util.concurrent.locks.LockSupport.parkNanos(LockSupport.java:215)
        at java.util.concurrent.locks.AbstractQueuedSynchronizer$ConditionObject.awaitNanos(AbstractQueuedSynchronizer.java:2078)
        at org.eclipse.jetty.util.BlockingArrayQueue.poll(BlockingArrayQueue.java:382)
        at org.eclipse.jetty.util.thread.QueuedThreadPool$Runner.idleJobPoll(QueuedThreadPool.java:974)
        at org.eclipse.jetty.util.thread.QueuedThreadPool$Runner.run(QueuedThreadPool.java:1018)
        at java.lang.Thread.run(Thread.java:748)
"Socket Reader #1 for port 0"  prio=5 tid=4448 runnable
java.lang.Thread.State: RUNNABLE
        at sun.nio.ch.EPollArrayWrapper.epollWait(Native Method)
        at sun.nio.ch.EPollArrayWrapper.poll(EPollArrayWrapper.java:269)
        at sun.nio.ch.EPollSelectorImpl.doSelect(EPollSelectorImpl.java:93)
        at sun.nio.ch.SelectorImpl.lockAndDoSelect(SelectorImpl.java:86)
        at sun.nio.ch.SelectorImpl.select(SelectorImpl.java:97)
        at sun.nio.ch.SelectorImpl.select(SelectorImpl.java:101)
        at org.apache.hadoop.ipc.Server$Listener$Reader.doRunLoop(Server.java:1288)
        at org.apache.hadoop.ipc.Server$Listener$Reader.run(Server.java:1267)
"OMDoubleBufferFlushThread" daemon prio=5 tid=4533 timed_waiting
java.lang.Thread.State: TIMED_WAITING
        at java.lang.Object.wait(Native Method)
        at org.apache.hadoop.ozone.om.ratis.OzoneManagerDoubleBuffer.canFlush(OzoneManagerDoubleBuffer.java:509)
        at org.apache.hadoop.ozone.om.ratis.OzoneManagerDoubleBuffer.flushTransactions(OzoneManagerDoubleBuffer.java:241)
        at org.apache.hadoop.ozone.om.ratis.OzoneManagerDoubleBuffer$$Lambda$365/649699940.run(Unknown Source)
        at java.lang.Thread.run(Thread.java:748)
"pool-467-thread-7"  prio=5 tid=4827 in Object.wait()
java.lang.Thread.State: WAITING (on object monitor)
        at sun.misc.Unsafe.park(Native Method)
        at java.util.concurrent.locks.LockSupport.park(LockSupport.java:175)
        at java.util.concurrent.locks.AbstractQueuedSynchronizer$ConditionObject.await(AbstractQueuedSynchronizer.java:2039)
        at java.util.concurrent.LinkedBlockingQueue.take(LinkedBlockingQueue.java:442)
        at java.util.concurrent.ThreadPoolExecutor.getTask(ThreadPoolExecutor.java:1074)
        at java.util.concurrent.ThreadPoolExecutor.runWorker(ThreadPoolExecutor.java:1134)
        at java.util.concurrent.ThreadPoolExecutor$Worker.run(ThreadPoolExecutor.java:624)
        at java.lang.Thread.run(Thread.java:748)
"pool-465-thread-1"  prio=5 tid=4769 in Object.wait()
java.lang.Thread.State: WAITING (on object monitor)
        at sun.misc.Unsafe.park(Native Method)
        at java.util.concurrent.locks.LockSupport.park(LockSupport.java:175)
        at java.util.concurrent.locks.AbstractQueuedSynchronizer$ConditionObject.await(AbstractQueuedSynchronizer.java:2039)
        at java.util.concurrent.LinkedBlockingQueue.take(LinkedBlockingQueue.java:442)
        at java.util.concurrent.ThreadPoolExecutor.getTask(ThreadPoolExecutor.java:1074)
        at java.util.concurrent.ThreadPoolExecutor.runWorker(ThreadPoolExecutor.java:1134)
        at java.util.concurrent.ThreadPoolExecutor$Worker.run(ThreadPoolExecutor.java:624)
        at java.lang.Thread.run(Thread.java:748)
"EndpointStateMachine task thread for /0.0.0.0:40379 - 0 "  prio=5 tid=3719 in Object.wait()
java.lang.Thread.State: WAITING (on object monitor)
        at sun.misc.Unsafe.park(Native Method)
        at java.util.concurrent.locks.LockSupport.park(LockSupport.java:175)
        at java.util.concurrent.locks.AbstractQueuedSynchronizer$ConditionObject.await(AbstractQueuedSynchronizer.java:2039)
        at java.util.concurrent.LinkedBlockingQueue.take(LinkedBlockingQueue.java:442)
        at java.util.concurrent.ThreadPoolExecutor.getTask(ThreadPoolExecutor.java:1074)
        at java.util.concurrent.ThreadPoolExecutor.runWorker(ThreadPoolExecutor.java:1134)
        at java.util.concurrent.ThreadPoolExecutor$Worker.run(ThreadPoolExecutor.java:624)
        at java.lang.Thread.run(Thread.java:748)
"Reference Handler" daemon prio=10 tid=2 in Object.wait()
java.lang.Thread.State: WAITING (on object monitor)
        at java.lang.Object.wait(Native Method)
        at java.lang.Object.wait(Object.java:502)
        at java.lang.ref.Reference.tryHandlePending(Reference.java:191)
        at java.lang.ref.Reference$ReferenceHandler.run(Reference.java:153)
"EventQueue-DeleteBlockStatusForDeletedBlockLogImpl" daemon prio=5 tid=7542 in Object.wait()
java.lang.Thread.State: WAITING (on object monitor)
        at sun.misc.Unsafe.park(Native Method)
        at java.util.concurrent.locks.LockSupport.park(LockSupport.java:175)
        at java.util.concurrent.locks.AbstractQueuedSynchronizer$ConditionObject.await(AbstractQueuedSynchronizer.java:2039)
        at java.util.concurrent.LinkedBlockingQueue.take(LinkedBlockingQueue.java:442)
        at java.util.concurrent.ThreadPoolExecutor.getTask(ThreadPoolExecutor.java:1074)
        at java.util.concurrent.ThreadPoolExecutor.runWorker(ThreadPoolExecutor.java:1134)
        at java.util.concurrent.ThreadPoolExecutor$Worker.run(ThreadPoolExecutor.java:624)
        at java.lang.Thread.run(Thread.java:748)
"BlockDeletingService#0" daemon prio=5 tid=4662 in Object.wait()
java.lang.Thread.State: WAITING (on object monitor)
        at sun.misc.Unsafe.park(Native Method)
        at java.util.concurrent.locks.LockSupport.park(LockSupport.java:175)
        at java.util.concurrent.locks.AbstractQueuedSynchronizer$ConditionObject.await(AbstractQueuedSynchronizer.java:2039)
        at java.util.concurrent.ScheduledThreadPoolExecutor$DelayedWorkQueue.take(ScheduledThreadPoolExecutor.java:1088)
        at java.util.concurrent.ScheduledThreadPoolExecutor$DelayedWorkQueue.take(ScheduledThreadPoolExecutor.java:809)
        at java.util.concurrent.ThreadPoolExecutor.getTask(ThreadPoolExecutor.java:1074)
        at java.util.concurrent.ThreadPoolExecutor.runWorker(ThreadPoolExecutor.java:1134)
        at java.util.concurrent.ThreadPoolExecutor$Worker.run(ThreadPoolExecutor.java:624)
        at java.lang.Thread.run(Thread.java:748)
"org.apache.hadoop.util.JvmPauseMonitor$Monitor@633b5820" daemon prio=5 tid=4652 timed_waiting
java.lang.Thread.State: TIMED_WAITING
        at java.lang.Thread.sleep(Native Method)
        at org.apache.hadoop.util.JvmPauseMonitor$Monitor.run(JvmPauseMonitor.java:192)
        at java.lang.Thread.run(Thread.java:748)
"IPC Server handler 5 on default port 38093" daemon prio=5 tid=4503 timed_waiting
java.lang.Thread.State: TIMED_WAITING
        at sun.misc.Unsafe.park(Native Method)
        at java.util.concurrent.locks.LockSupport.parkNanos(LockSupport.java:215)
        at java.util.concurrent.locks.AbstractQueuedSynchronizer$ConditionObject.awaitNanos(AbstractQueuedSynchronizer.java:2078)
        at java.util.concurrent.LinkedBlockingQueue.poll(LinkedBlockingQueue.java:467)
        at org.apache.hadoop.ipc.CallQueueManager.take(CallQueueManager.java:317)
        at org.apache.hadoop.ipc.Server$Handler.run(Server.java:2932)
"PartialTableCache Cleanup Thread - 0" daemon prio=5 tid=343 in Object.wait()
java.lang.Thread.State: WAITING (on object monitor)
        at sun.misc.Unsafe.park(Native Method)
        at java.util.concurrent.locks.LockSupport.park(LockSupport.java:175)
        at java.util.concurrent.locks.AbstractQueuedSynchronizer$ConditionObject.await(AbstractQueuedSynchronizer.java:2039)
        at java.util.concurrent.LinkedBlockingQueue.take(LinkedBlockingQueue.java:442)
        at java.util.concurrent.ThreadPoolExecutor.getTask(ThreadPoolExecutor.java:1074)
        at java.util.concurrent.ThreadPoolExecutor.runWorker(ThreadPoolExecutor.java:1134)
        at java.util.concurrent.ThreadPoolExecutor$Worker.run(ThreadPoolExecutor.java:624)
        at java.lang.Thread.run(Thread.java:748)
"org.apache.hadoop.ozone.container.common.statemachine.commandhandler.DeleteBlocksCommandHandler$DeleteCmdWorker@4162775a" daemon prio=5 tid=4634 timed_waiting
java.lang.Thread.State: TIMED_WAITING
        at java.lang.Thread.sleep(Native Method)
        at org.apache.hadoop.ozone.container.common.statemachine.commandhandler.DeleteBlocksCommandHandler$DeleteCmdWorker.run(DeleteBlocksCommandHandler.java:174)
        at java.lang.Thread.run(Thread.java:748)
"FullTableCache Cleanup Thread - 0" daemon prio=5 tid=340 in Object.wait()
java.lang.Thread.State: WAITING (on object monitor)
        at sun.misc.Unsafe.park(Native Method)
        at java.util.concurrent.locks.LockSupport.park(LockSupport.java:175)
        at java.util.concurrent.locks.AbstractQueuedSynchronizer$ConditionObject.await(AbstractQueuedSynchronizer.java:2039)
        at java.util.concurrent.LinkedBlockingQueue.take(LinkedBlockingQueue.java:442)
        at java.util.concurrent.ThreadPoolExecutor.getTask(ThreadPoolExecutor.java:1074)
        at java.util.concurrent.ThreadPoolExecutor.runWorker(ThreadPoolExecutor.java:1134)
        at java.util.concurrent.ThreadPoolExecutor$Worker.run(ThreadPoolExecutor.java:624)
        at java.lang.Thread.run(Thread.java:748)
"ForkJoinPool.commonPool-worker-1" daemon prio=5 tid=4792 timed_waiting
java.lang.Thread.State: TIMED_WAITING
        at sun.misc.Unsafe.park(Native Method)
        at java.util.concurrent.ForkJoinPool.awaitWork(ForkJoinPool.java:1824)
        at java.util.concurrent.ForkJoinPool.runWorker(ForkJoinPool.java:1693)
        at java.util.concurrent.ForkJoinWorkerThread.run(ForkJoinWorkerThread.java:175)
"IPC Server handler 17 on default port 38093" daemon prio=5 tid=4515 timed_waiting
java.lang.Thread.State: TIMED_WAITING
        at sun.misc.Unsafe.park(Native Method)
        at java.util.concurrent.locks.LockSupport.parkNanos(LockSupport.java:215)
        at java.util.concurrent.locks.AbstractQueuedSynchronizer$ConditionObject.awaitNanos(AbstractQueuedSynchronizer.java:2078)
        at java.util.concurrent.LinkedBlockingQueue.poll(LinkedBlockingQueue.java:467)
        at org.apache.hadoop.ipc.CallQueueManager.take(CallQueueManager.java:317)
        at org.apache.hadoop.ipc.Server$Handler.run(Server.java:2932)
"c2c40a72-a699-49b1-b721-1997d9d2c71f@group-E30A832DBA26-StateMachineUpdater" daemon prio=5 tid=4724 in Object.wait()
java.lang.Thread.State: WAITING (on object monitor)
        at java.lang.Object.wait(Native Method)
        at java.lang.Object.wait(Object.java:502)
        at org.apache.ratis.server.impl.StateMachineUpdater.waitForCommit(StateMachineUpdater.java:204)
        at org.apache.ratis.server.impl.StateMachineUpdater.run(StateMachineUpdater.java:173)
        at java.lang.Thread.run(Thread.java:748)
"pool-406-thread-1"  prio=5 tid=4534 in Object.wait()
java.lang.Thread.State: WAITING (on object monitor)
        at sun.misc.Unsafe.park(Native Method)
        at java.util.concurrent.locks.LockSupport.park(LockSupport.java:175)
        at java.util.concurrent.locks.AbstractQueuedSynchronizer$ConditionObject.await(AbstractQueuedSynchronizer.java:2039)
        at java.util.concurrent.LinkedBlockingQueue.take(LinkedBlockingQueue.java:442)
        at java.util.concurrent.ThreadPoolExecutor.getTask(ThreadPoolExecutor.java:1074)
        at java.util.concurrent.ThreadPoolExecutor.runWorker(ThreadPoolExecutor.java:1134)
        at java.util.concurrent.ThreadPoolExecutor$Worker.run(ThreadPoolExecutor.java:624)
        at java.lang.Thread.run(Thread.java:748)
"IPC Server handler 7 on default port 41071" daemon prio=5 tid=4485 timed_waiting
java.lang.Thread.State: TIMED_WAITING
        at sun.misc.Unsafe.park(Native Method)
        at java.util.concurrent.locks.LockSupport.parkNanos(LockSupport.java:215)
        at java.util.concurrent.locks.AbstractQueuedSynchronizer$ConditionObject.awaitNanos(AbstractQueuedSynchronizer.java:2078)
        at java.util.concurrent.LinkedBlockingQueue.poll(LinkedBlockingQueue.java:467)
        at org.apache.hadoop.ipc.CallQueueManager.take(CallQueueManager.java:317)
        at org.apache.hadoop.ipc.Server$Handler.run(Server.java:2932)
"pool-467-thread-6"  prio=5 tid=4823 in Object.wait()
java.lang.Thread.State: WAITING (on object monitor)
        at sun.misc.Unsafe.park(Native Method)
        at java.util.concurrent.locks.LockSupport.park(LockSupport.java:175)
        at java.util.concurrent.locks.AbstractQueuedSynchronizer$ConditionObject.await(AbstractQueuedSynchronizer.java:2039)
        at java.util.concurrent.LinkedBlockingQueue.take(LinkedBlockingQueue.java:442)
        at java.util.concurrent.ThreadPoolExecutor.getTask(ThreadPoolExecutor.java:1074)
        at java.util.concurrent.ThreadPoolExecutor.runWorker(ThreadPoolExecutor.java:1134)
        at java.util.concurrent.ThreadPoolExecutor$Worker.run(ThreadPoolExecutor.java:624)
        at java.lang.Thread.run(Thread.java:748)
"pool-386-thread-1"  prio=5 tid=4520 timed_waiting
java.lang.Thread.State: TIMED_WAITING
        at sun.misc.Unsafe.park(Native Method)
        at java.util.concurrent.locks.LockSupport.parkNanos(LockSupport.java:215)
        at java.util.concurrent.locks.AbstractQueuedSynchronizer$ConditionObject.awaitNanos(AbstractQueuedSynchronizer.java:2078)
        at java.util.concurrent.ScheduledThreadPoolExecutor$DelayedWorkQueue.take(ScheduledThreadPoolExecutor.java:1093)
        at java.util.concurrent.ScheduledThreadPoolExecutor$DelayedWorkQueue.take(ScheduledThreadPoolExecutor.java:809)
        at java.util.concurrent.ThreadPoolExecutor.getTask(ThreadPoolExecutor.java:1074)
        at java.util.concurrent.ThreadPoolExecutor.runWorker(ThreadPoolExecutor.java:1134)
        at java.util.concurrent.ThreadPoolExecutor$Worker.run(ThreadPoolExecutor.java:624)
        at java.lang.Thread.run(Thread.java:748)
"pool-466-thread-5"  prio=5 tid=4818 in Object.wait()
java.lang.Thread.State: WAITING (on object monitor)
        at sun.misc.Unsafe.park(Native Method)
        at java.util.concurrent.locks.LockSupport.park(LockSupport.java:175)
        at java.util.concurrent.locks.AbstractQueuedSynchronizer$ConditionObject.await(AbstractQueuedSynchronizer.java:2039)
        at java.util.concurrent.LinkedBlockingQueue.take(LinkedBlockingQueue.java:442)
        at java.util.concurrent.ThreadPoolExecutor.getTask(ThreadPoolExecutor.java:1074)
        at java.util.concurrent.ThreadPoolExecutor.runWorker(ThreadPoolExecutor.java:1134)
        at java.util.concurrent.ThreadPoolExecutor$Worker.run(ThreadPoolExecutor.java:624)
        at java.lang.Thread.run(Thread.java:748)
"IPC Server handler 16 on default port 41071" daemon prio=5 tid=4494 timed_waiting
java.lang.Thread.State: TIMED_WAITING
        at sun.misc.Unsafe.park(Native Method)
        at java.util.concurrent.locks.LockSupport.parkNanos(LockSupport.java:215)
        at java.util.concurrent.locks.AbstractQueuedSynchronizer$ConditionObject.awaitNanos(AbstractQueuedSynchronizer.java:2078)
        at java.util.concurrent.LinkedBlockingQueue.poll(LinkedBlockingQueue.java:467)
        at org.apache.hadoop.ipc.CallQueueManager.take(CallQueueManager.java:317)
        at org.apache.hadoop.ipc.Server$Handler.run(Server.java:2932)
"DatanodeAdminManager-0" daemon prio=5 tid=4442 timed_waiting
java.lang.Thread.State: TIMED_WAITING
        at sun.misc.Unsafe.park(Native Method)
        at java.util.concurrent.locks.LockSupport.parkNanos(LockSupport.java:215)
        at java.util.concurrent.locks.AbstractQueuedSynchronizer$ConditionObject.awaitNanos(AbstractQueuedSynchronizer.java:2078)
        at java.util.concurrent.ScheduledThreadPoolExecutor$DelayedWorkQueue.take(ScheduledThreadPoolExecutor.java:1093)
        at java.util.concurrent.ScheduledThreadPoolExecutor$DelayedWorkQueue.take(ScheduledThreadPoolExecutor.java:809)
        at java.util.concurrent.ThreadPoolExecutor.getTask(ThreadPoolExecutor.java:1074)
        at java.util.concurrent.ThreadPoolExecutor.runWorker(ThreadPoolExecutor.java:1134)
        at java.util.concurrent.ThreadPoolExecutor$Worker.run(ThreadPoolExecutor.java:624)
        at java.lang.Thread.run(Thread.java:748)
"qtp2069929890-4551" daemon prio=5 tid=4551 timed_waiting
java.lang.Thread.State: TIMED_WAITING
        at sun.misc.Unsafe.park(Native Method)
        at java.util.concurrent.locks.LockSupport.parkNanos(LockSupport.java:215)
        at java.util.concurrent.locks.AbstractQueuedSynchronizer$ConditionObject.awaitNanos(AbstractQueuedSynchronizer.java:2078)
        at org.eclipse.jetty.util.BlockingArrayQueue.poll(BlockingArrayQueue.java:382)
        at org.eclipse.jetty.util.thread.QueuedThreadPool$Runner.idleJobPoll(QueuedThreadPool.java:974)
        at org.eclipse.jetty.util.thread.QueuedThreadPool$Runner.run(QueuedThreadPool.java:1018)
        at java.lang.Thread.run(Thread.java:748)
"IPC Server handler 16 on default port 41905" daemon prio=5 tid=4572 timed_waiting
java.lang.Thread.State: TIMED_WAITING
        at sun.misc.Unsafe.park(Native Method)
        at java.util.concurrent.locks.LockSupport.parkNanos(LockSupport.java:215)
        at java.util.concurrent.locks.AbstractQueuedSynchronizer$ConditionObject.awaitNanos(AbstractQueuedSynchronizer.java:2078)
        at java.util.concurrent.LinkedBlockingQueue.poll(LinkedBlockingQueue.java:467)
        at org.apache.hadoop.ipc.CallQueueManager.take(CallQueueManager.java:317)
        at org.apache.hadoop.ipc.Server$Handler.run(Server.java:2932)
"grpc-default-worker-ELG-3-1" daemon prio=5 tid=305 runnable
java.lang.Thread.State: RUNNABLE
        at org.apache.ratis.thirdparty.io.netty.channel.epoll.Native.epollWait(Native Method)
        at org.apache.ratis.thirdparty.io.netty.channel.epoll.Native.epollWait(Native.java:177)
        at org.apache.ratis.thirdparty.io.netty.channel.epoll.Native.epollWait(Native.java:170)
        at org.apache.ratis.thirdparty.io.netty.channel.epoll.EpollEventLoop.epollWaitNoTimerChange(EpollEventLoop.java:290)
        at org.apache.ratis.thirdparty.io.netty.channel.epoll.EpollEventLoop.run(EpollEventLoop.java:347)
        at org.apache.ratis.thirdparty.io.netty.util.concurrent.SingleThreadEventExecutor$4.run(SingleThreadEventExecutor.java:989)
        at org.apache.ratis.thirdparty.io.netty.util.internal.ThreadExecutorMap$2.run(ThreadExecutorMap.java:74)
        at org.apache.ratis.thirdparty.io.netty.util.concurrent.FastThreadLocalRunnable.run(FastThreadLocalRunnable.java:30)
        at java.lang.Thread.run(Thread.java:748)
"qtp1930352477-4643" daemon prio=5 tid=4643 timed_waiting
java.lang.Thread.State: TIMED_WAITING
        at sun.misc.Unsafe.park(Native Method)
        at java.util.concurrent.locks.LockSupport.parkNanos(LockSupport.java:215)
        at java.util.concurrent.locks.AbstractQueuedSynchronizer$ConditionObject.awaitNanos(AbstractQueuedSynchronizer.java:2078)
        at org.eclipse.jetty.util.BlockingArrayQueue.poll(BlockingArrayQueue.java:382)
        at org.eclipse.jetty.util.thread.QueuedThreadPool$Runner.idleJobPoll(QueuedThreadPool.java:974)
        at org.eclipse.jetty.util.thread.QueuedThreadPool$Runner.run(QueuedThreadPool.java:1018)
        at java.lang.Thread.run(Thread.java:748)
"Datanode ReportManager Thread - 1" daemon prio=5 tid=4647 in Object.wait()
java.lang.Thread.State: WAITING (on object monitor)
        at sun.misc.Unsafe.park(Native Method)
        at java.util.concurrent.locks.LockSupport.park(LockSupport.java:175)
        at java.util.concurrent.locks.AbstractQueuedSynchronizer$ConditionObject.await(AbstractQueuedSynchronizer.java:2039)
        at java.util.concurrent.ScheduledThreadPoolExecutor$DelayedWorkQueue.take(ScheduledThreadPoolExecutor.java:1088)
        at java.util.concurrent.ScheduledThreadPoolExecutor$DelayedWorkQueue.take(ScheduledThreadPoolExecutor.java:809)
        at java.util.concurrent.ThreadPoolExecutor.getTask(ThreadPoolExecutor.java:1074)
        at java.util.concurrent.ThreadPoolExecutor.runWorker(ThreadPoolExecutor.java:1134)
        at java.util.concurrent.ThreadPoolExecutor$Worker.run(ThreadPoolExecutor.java:624)
        at java.lang.Thread.run(Thread.java:748)
"qtp1930352477-4642" daemon prio=5 tid=4642 timed_waiting
java.lang.Thread.State: TIMED_WAITING
        at sun.misc.Unsafe.park(Native Method)
        at java.util.concurrent.locks.LockSupport.parkNanos(LockSupport.java:215)
        at java.util.concurrent.locks.AbstractQueuedSynchronizer$ConditionObject.awaitNanos(AbstractQueuedSynchronizer.java:2078)
        at org.eclipse.jetty.util.BlockingArrayQueue.poll(BlockingArrayQueue.java:382)
        at org.eclipse.jetty.util.thread.QueuedThreadPool$Runner.idleJobPoll(QueuedThreadPool.java:974)
        at org.eclipse.jetty.util.thread.QueuedThreadPool$Runner.run(QueuedThreadPool.java:1018)
        at java.lang.Thread.run(Thread.java:748)
"pool-465-thread-9"  prio=5 tid=4832 in Object.wait()
java.lang.Thread.State: WAITING (on object monitor)
        at sun.misc.Unsafe.park(Native Method)
        at java.util.concurrent.locks.LockSupport.park(LockSupport.java:175)
        at java.util.concurrent.locks.AbstractQueuedSynchronizer$ConditionObject.await(AbstractQueuedSynchronizer.java:2039)
        at java.util.concurrent.LinkedBlockingQueue.take(LinkedBlockingQueue.java:442)
        at java.util.concurrent.ThreadPoolExecutor.getTask(ThreadPoolExecutor.java:1074)
        at java.util.concurrent.ThreadPoolExecutor.runWorker(ThreadPoolExecutor.java:1134)
        at java.util.concurrent.ThreadPoolExecutor$Worker.run(ThreadPoolExecutor.java:624)
        at java.lang.Thread.run(Thread.java:748)
"IPC Server handler 12 on default port 41905" daemon prio=5 tid=4568 timed_waiting
java.lang.Thread.State: TIMED_WAITING
        at sun.misc.Unsafe.park(Native Method)
        at java.util.concurrent.locks.LockSupport.parkNanos(LockSupport.java:215)
        at java.util.concurrent.locks.AbstractQueuedSynchronizer$ConditionObject.awaitNanos(AbstractQueuedSynchronizer.java:2078)
        at java.util.concurrent.LinkedBlockingQueue.poll(LinkedBlockingQueue.java:467)
        at org.apache.hadoop.ipc.CallQueueManager.take(CallQueueManager.java:317)
        at org.apache.hadoop.ipc.Server$Handler.run(Server.java:2932)
"Timer for 'StorageContainerManager' metrics system" daemon prio=5 tid=4455 timed_waiting
java.lang.Thread.State: TIMED_WAITING
        at java.lang.Object.wait(Native Method)
        at java.util.TimerThread.mainLoop(Timer.java:552)
        at java.util.TimerThread.run(Timer.java:505)
"0475d2c2-d46f-403e-95a5-8ff1a5c32338@group-E30A832DBA26-SegmentedRaftLogWorker"  prio=5 tid=4727 timed_waiting
java.lang.Thread.State: TIMED_WAITING
        at sun.misc.Unsafe.park(Native Method)
        at java.util.concurrent.locks.LockSupport.parkNanos(LockSupport.java:215)
        at java.util.concurrent.locks.AbstractQueuedSynchronizer$ConditionObject.awaitNanos(AbstractQueuedSynchronizer.java:2078)
        at org.apache.ratis.util.DataBlockingQueue.poll(DataBlockingQueue.java:137)
        at org.apache.ratis.server.raftlog.segmented.SegmentedRaftLogWorker.run(SegmentedRaftLogWorker.java:292)
        at org.apache.ratis.server.raftlog.segmented.SegmentedRaftLogWorker$$Lambda$467/1230090799.run(Unknown Source)
        at java.lang.Thread.run(Thread.java:748)
"qtp797601589-4588" daemon prio=5 tid=4588 timed_waiting
java.lang.Thread.State: TIMED_WAITING
        at sun.misc.Unsafe.park(Native Method)
        at java.util.concurrent.locks.LockSupport.parkNanos(LockSupport.java:215)
        at java.util.concurrent.locks.AbstractQueuedSynchronizer$ConditionObject.awaitNanos(AbstractQueuedSynchronizer.java:2078)
        at org.eclipse.jetty.util.BlockingArrayQueue.poll(BlockingArrayQueue.java:382)
        at org.eclipse.jetty.util.thread.QueuedThreadPool$Runner.idleJobPoll(QueuedThreadPool.java:974)
        at org.eclipse.jetty.util.thread.QueuedThreadPool$Runner.run(QueuedThreadPool.java:1018)
        at java.lang.Thread.run(Thread.java:748)
"IPC Server handler 4 on default port 41071" daemon prio=5 tid=4482 timed_waiting
java.lang.Thread.State: TIMED_WAITING
        at sun.misc.Unsafe.park(Native Method)
        at java.util.concurrent.locks.LockSupport.parkNanos(LockSupport.java:215)
        at java.util.concurrent.locks.AbstractQueuedSynchronizer$ConditionObject.awaitNanos(AbstractQueuedSynchronizer.java:2078)
        at java.util.concurrent.LinkedBlockingQueue.poll(LinkedBlockingQueue.java:467)
        at org.apache.hadoop.ipc.CallQueueManager.take(CallQueueManager.java:317)
        at org.apache.hadoop.ipc.Server$Handler.run(Server.java:2932)
"BlockDeletingService#4" daemon prio=5 tid=4666 runnable
java.lang.Thread.State: RUNNABLE
        at sun.misc.Unsafe.park(Native Method)
        at java.util.concurrent.locks.LockSupport.park(LockSupport.java:175)
        at java.util.concurrent.CompletableFuture$Signaller.block(CompletableFuture.java:1707)
        at java.util.concurrent.ForkJoinPool.managedBlock(ForkJoinPool.java:3323)
        at java.util.concurrent.CompletableFuture.waitingGet(CompletableFuture.java:1742)
        at java.util.concurrent.CompletableFuture.get(CompletableFuture.java:1908)
        at org.apache.ratis.server.impl.RaftServerImpl.waitForReply(RaftServerImpl.java:880)
        at org.apache.ratis.server.impl.RaftServerProxy.getGroupInfo(RaftServerProxy.java:524)
        at org.apache.hadoop.ozone.container.common.transport.server.ratis.XceiverServerRatis.getMinReplicatedIndex(XceiverServerRatis.java:843)
        at org.apache.hadoop.ozone.container.keyvalue.statemachine.background.BlockDeletingService.isDeletionAllowed(BlockDeletingService.java:206)
        at org.apache.hadoop.ozone.container.keyvalue.statemachine.background.BlockDeletingService.lambda$chooseContainerForBlockDeletion$0(BlockDeletingService.java:180)
        at org.apache.hadoop.ozone.container.keyvalue.statemachine.background.BlockDeletingService$$Lambda$680/729106810.test(Unknown Source)
        at java.util.stream.ReferencePipeline$2$1.accept(ReferencePipeline.java:174)
        at java.util.Collections$UnmodifiableMap$UnmodifiableEntrySet.lambda$entryConsumer$0(Collections.java:1577)
        at java.util.Collections$UnmodifiableMap$UnmodifiableEntrySet$$Lambda$683/290269891.accept(Unknown Source)
        at java.util.concurrent.ConcurrentSkipListMap$EntrySpliterator.forEachRemaining(ConcurrentSkipListMap.java:3535)
        at java.util.Collections$UnmodifiableMap$UnmodifiableEntrySet$UnmodifiableEntrySetSpliterator.forEachRemaining(Collections.java:1602)
        at java.util.stream.AbstractPipeline.copyInto(AbstractPipeline.java:482)
        at java.util.stream.AbstractPipeline.wrapAndCopyInto(AbstractPipeline.java:472)
        at java.util.stream.ReduceOps$ReduceOp.evaluateSequential(ReduceOps.java:708)
        at java.util.stream.AbstractPipeline.evaluate(AbstractPipeline.java:234)
        at java.util.stream.ReferencePipeline.collect(ReferencePipeline.java:566)
        at org.apache.hadoop.ozone.container.keyvalue.statemachine.background.BlockDeletingService.chooseContainerForBlockDeletion(BlockDeletingService.java:181)
        at org.apache.hadoop.ozone.container.keyvalue.statemachine.background.BlockDeletingService.getTasks(BlockDeletingService.java:145)
        at org.apache.hadoop.hdds.utils.BackgroundService$PeriodicalTask.run(BackgroundService.java:97)
        at java.util.concurrent.Executors$RunnableAdapter.call(Executors.java:511)
        at java.util.concurrent.FutureTask.runAndReset(FutureTask.java:308)
        at java.util.concurrent.ScheduledThreadPoolExecutor$ScheduledFutureTask.access$301(ScheduledThreadPoolExecutor.java:180)
        at java.util.concurrent.ScheduledThreadPoolExecutor$ScheduledFutureTask.run(ScheduledThreadPoolExecutor.java:294)
        at java.util.concurrent.ThreadPoolExecutor.runWorker(ThreadPoolExecutor.java:1149)
        at java.util.concurrent.ThreadPoolExecutor$Worker.run(ThreadPoolExecutor.java:624)
        at java.lang.Thread.run(Thread.java:748)
"org.apache.ratis.util.JvmPauseMonitor$$Lambda$531/1393706494@4cd58a27" daemon prio=5 tid=4691 timed_waiting
java.lang.Thread.State: TIMED_WAITING
        at java.lang.Thread.sleep(Native Method)
        at java.lang.Thread.sleep(Thread.java:340)
        at java.util.concurrent.TimeUnit.sleep(TimeUnit.java:386)
        at org.apache.ratis.util.TimeDuration.sleep(TimeDuration.java:324)
        at org.apache.ratis.util.TimeDuration.sleep(TimeDuration.java:309)
        at org.apache.ratis.util.JvmPauseMonitor.detectPause(JvmPauseMonitor.java:117)
        at org.apache.ratis.util.JvmPauseMonitor.run(JvmPauseMonitor.java:106)
        at org.apache.ratis.util.JvmPauseMonitor$$Lambda$531/1393706494.run(Unknown Source)
        at java.lang.Thread.run(Thread.java:748)
"pool-431-thread-1" daemon prio=5 tid=4605 timed_waiting
java.lang.Thread.State: TIMED_WAITING
        at sun.misc.Unsafe.park(Native Method)
        at java.util.concurrent.locks.LockSupport.parkNanos(LockSupport.java:215)
        at java.util.concurrent.locks.AbstractQueuedSynchronizer$ConditionObject.awaitNanos(AbstractQueuedSynchronizer.java:2078)
        at java.util.concurrent.ScheduledThreadPoolExecutor$DelayedWorkQueue.take(ScheduledThreadPoolExecutor.java:1093)
        at java.util.concurrent.ScheduledThreadPoolExecutor$DelayedWorkQueue.take(ScheduledThreadPoolExecutor.java:809)
        at java.util.concurrent.ThreadPoolExecutor.getTask(ThreadPoolExecutor.java:1074)
        at java.util.concurrent.ThreadPoolExecutor.runWorker(ThreadPoolExecutor.java:1134)
        at java.util.concurrent.ThreadPoolExecutor$Worker.run(ThreadPoolExecutor.java:624)
        at java.lang.Thread.run(Thread.java:748)
"pool-465-thread-2"  prio=5 tid=4786 in Object.wait()
java.lang.Thread.State: WAITING (on object monitor)
        at sun.misc.Unsafe.park(Native Method)
        at java.util.concurrent.locks.LockSupport.park(LockSupport.java:175)
        at java.util.concurrent.locks.AbstractQueuedSynchronizer$ConditionObject.await(AbstractQueuedSynchronizer.java:2039)
        at java.util.concurrent.LinkedBlockingQueue.take(LinkedBlockingQueue.java:442)
        at java.util.concurrent.ThreadPoolExecutor.getTask(ThreadPoolExecutor.java:1074)
        at java.util.concurrent.ThreadPoolExecutor.runWorker(ThreadPoolExecutor.java:1134)
        at java.util.concurrent.ThreadPoolExecutor$Worker.run(ThreadPoolExecutor.java:624)
        at java.lang.Thread.run(Thread.java:748)
"IPC Server idle connection scanner for port 46035" daemon prio=5 tid=4453 timed_waiting
java.lang.Thread.State: TIMED_WAITING
        at java.lang.Object.wait(Native Method)
        at java.util.TimerThread.mainLoop(Timer.java:552)
        at java.util.TimerThread.run(Timer.java:505)
"Datanode State Machine Task Thread - 1"  prio=5 tid=4668 in Object.wait()
java.lang.Thread.State: WAITING (on object monitor)
        at sun.misc.Unsafe.park(Native Method)
        at java.util.concurrent.locks.LockSupport.park(LockSupport.java:175)
        at java.util.concurrent.locks.AbstractQueuedSynchronizer$ConditionObject.await(AbstractQueuedSynchronizer.java:2039)
        at java.util.concurrent.LinkedBlockingQueue.take(LinkedBlockingQueue.java:442)
        at java.util.concurrent.ThreadPoolExecutor.getTask(ThreadPoolExecutor.java:1074)
        at java.util.concurrent.ThreadPoolExecutor.runWorker(ThreadPoolExecutor.java:1134)
        at java.util.concurrent.ThreadPoolExecutor$Worker.run(ThreadPoolExecutor.java:624)
        at java.lang.Thread.run(Thread.java:748)
"qtp1199364158-4525" daemon prio=5 tid=4525 timed_waiting
java.lang.Thread.State: TIMED_WAITING
        at sun.misc.Unsafe.park(Native Method)
        at java.util.concurrent.locks.LockSupport.parkNanos(LockSupport.java:215)
        at java.util.concurrent.locks.AbstractQueuedSynchronizer$ConditionObject.awaitNanos(AbstractQueuedSynchronizer.java:2078)
        at org.eclipse.jetty.util.BlockingArrayQueue.poll(BlockingArrayQueue.java:382)
        at org.eclipse.jetty.util.thread.QueuedThreadPool$Runner.idleJobPoll(QueuedThreadPool.java:974)
        at org.eclipse.jetty.util.thread.QueuedThreadPool$Runner.run(QueuedThreadPool.java:1018)
        at java.lang.Thread.run(Thread.java:748)
"PartialTableCache Cleanup Thread - 0" daemon prio=5 tid=3940 in Object.wait()
java.lang.Thread.State: WAITING (on object monitor)
        at sun.misc.Unsafe.park(Native Method)
        at java.util.concurrent.locks.LockSupport.park(LockSupport.java:175)
        at java.util.concurrent.locks.AbstractQueuedSynchronizer$ConditionObject.await(AbstractQueuedSynchronizer.java:2039)
        at java.util.concurrent.LinkedBlockingQueue.take(LinkedBlockingQueue.java:442)
        at java.util.concurrent.ThreadPoolExecutor.getTask(ThreadPoolExecutor.java:1074)
        at java.util.concurrent.ThreadPoolExecutor.runWorker(ThreadPoolExecutor.java:1134)
        at java.util.concurrent.ThreadPoolExecutor$Worker.run(ThreadPoolExecutor.java:624)
        at java.lang.Thread.run(Thread.java:748)
"EndpointStateMachine task thread for /0.0.0.0:40379 - 0 "  prio=5 tid=3734 in Object.wait()
java.lang.Thread.State: WAITING (on object monitor)
        at sun.misc.Unsafe.park(Native Method)
        at java.util.concurrent.locks.LockSupport.park(LockSupport.java:175)
        at java.util.concurrent.locks.AbstractQueuedSynchronizer$ConditionObject.await(AbstractQueuedSynchronizer.java:2039)
        at java.util.concurrent.LinkedBlockingQueue.take(LinkedBlockingQueue.java:442)
        at java.util.concurrent.ThreadPoolExecutor.getTask(ThreadPoolExecutor.java:1074)
        at java.util.concurrent.ThreadPoolExecutor.runWorker(ThreadPoolExecutor.java:1134)
        at java.util.concurrent.ThreadPoolExecutor$Worker.run(ThreadPoolExecutor.java:624)
        at java.lang.Thread.run(Thread.java:748)
"Command processor thread" daemon prio=5 tid=4599 timed_waiting
java.lang.Thread.State: TIMED_WAITING
        at java.lang.Thread.sleep(Native Method)
        at org.apache.hadoop.ozone.container.common.statemachine.DatanodeStateMachine.lambda$initCommandHandlerThread$2(DatanodeStateMachine.java:563)
        at org.apache.hadoop.ozone.container.common.statemachine.DatanodeStateMachine$$Lambda$571/1328530415.run(Unknown Source)
        at java.lang.Thread.run(Thread.java:748)
"java.util.concurrent.ThreadPoolExecutor$Worker@131dce29[State = -1, empty queue]" daemon prio=5 tid=3833 timed_waiting
java.lang.Thread.State: TIMED_WAITING
        at sun.misc.Unsafe.park(Native Method)
        at java.util.concurrent.locks.LockSupport.parkNanos(LockSupport.java:215)
        at java.util.concurrent.locks.AbstractQueuedSynchronizer$ConditionObject.awaitNanos(AbstractQueuedSynchronizer.java:2078)
        at java.util.concurrent.ScheduledThreadPoolExecutor$DelayedWorkQueue.take(ScheduledThreadPoolExecutor.java:1093)
        at java.util.concurrent.ScheduledThreadPoolExecutor$DelayedWorkQueue.take(ScheduledThreadPoolExecutor.java:809)
        at java.util.concurrent.ThreadPoolExecutor.getTask(ThreadPoolExecutor.java:1074)
        at java.util.concurrent.ThreadPoolExecutor.runWorker(ThreadPoolExecutor.java:1134)
        at java.util.concurrent.ThreadPoolExecutor$Worker.run(ThreadPoolExecutor.java:624)
        at java.lang.Thread.run(Thread.java:748)
"DeleteBlocksCommandHandlerThread-0" daemon prio=5 tid=7457 timed_waiting
java.lang.Thread.State: TIMED_WAITING
        at sun.misc.Unsafe.park(Native Method)
        at java.util.concurrent.locks.LockSupport.parkNanos(LockSupport.java:215)
        at java.util.concurrent.locks.AbstractQueuedSynchronizer$ConditionObject.awaitNanos(AbstractQueuedSynchronizer.java:2078)
        at java.util.concurrent.LinkedBlockingQueue.poll(LinkedBlockingQueue.java:467)
        at java.util.concurrent.ThreadPoolExecutor.getTask(ThreadPoolExecutor.java:1073)
        at java.util.concurrent.ThreadPoolExecutor.runWorker(ThreadPoolExecutor.java:1134)
        at java.util.concurrent.ThreadPoolExecutor$Worker.run(ThreadPoolExecutor.java:624)
        at java.lang.Thread.run(Thread.java:748)
"IPC Server handler 2 on default port 41071" daemon prio=5 tid=4480 timed_waiting
java.lang.Thread.State: TIMED_WAITING
        at sun.misc.Unsafe.park(Native Method)
        at java.util.concurrent.locks.LockSupport.parkNanos(LockSupport.java:215)
        at java.util.concurrent.locks.AbstractQueuedSynchronizer$ConditionObject.awaitNanos(AbstractQueuedSynchronizer.java:2078)
        at java.util.concurrent.LinkedBlockingQueue.poll(LinkedBlockingQueue.java:467)
        at org.apache.hadoop.ipc.CallQueueManager.take(CallQueueManager.java:317)
        at org.apache.hadoop.ipc.Server$Handler.run(Server.java:2932)
"IPC Server handler 9 on default port 41905" daemon prio=5 tid=4565 timed_waiting
java.lang.Thread.State: TIMED_WAITING
        at sun.misc.Unsafe.park(Native Method)
        at java.util.concurrent.locks.LockSupport.parkNanos(LockSupport.java:215)
        at java.util.concurrent.locks.AbstractQueuedSynchronizer$ConditionObject.awaitNanos(AbstractQueuedSynchronizer.java:2078)
        at java.util.concurrent.LinkedBlockingQueue.poll(LinkedBlockingQueue.java:467)
        at org.apache.hadoop.ipc.CallQueueManager.take(CallQueueManager.java:317)
        at org.apache.hadoop.ipc.Server$Handler.run(Server.java:2932)
"BlockDeletingService#3" daemon prio=5 tid=4697 in Object.wait()
java.lang.Thread.State: WAITING (on object monitor)
        at sun.misc.Unsafe.park(Native Method)
        at java.util.concurrent.locks.LockSupport.park(LockSupport.java:175)
        at java.util.concurrent.locks.AbstractQueuedSynchronizer$ConditionObject.await(AbstractQueuedSynchronizer.java:2039)
        at java.util.concurrent.ScheduledThreadPoolExecutor$DelayedWorkQueue.take(ScheduledThreadPoolExecutor.java:1088)
        at java.util.concurrent.ScheduledThreadPoolExecutor$DelayedWorkQueue.take(ScheduledThreadPoolExecutor.java:809)
        at java.util.concurrent.ThreadPoolExecutor.getTask(ThreadPoolExecutor.java:1074)
        at java.util.concurrent.ThreadPoolExecutor.runWorker(ThreadPoolExecutor.java:1134)
        at java.util.concurrent.ThreadPoolExecutor$Worker.run(ThreadPoolExecutor.java:624)
        at java.lang.Thread.run(Thread.java:748)
"Datanode ReportManager Thread - 4" daemon prio=5 tid=4625 in Object.wait()
java.lang.Thread.State: WAITING (on object monitor)
        at sun.misc.Unsafe.park(Native Method)
        at java.util.concurrent.locks.LockSupport.park(LockSupport.java:175)
        at java.util.concurrent.locks.AbstractQueuedSynchronizer$ConditionObject.await(AbstractQueuedSynchronizer.java:2039)
        at java.util.concurrent.ScheduledThreadPoolExecutor$DelayedWorkQueue.take(ScheduledThreadPoolExecutor.java:1088)
        at java.util.concurrent.ScheduledThreadPoolExecutor$DelayedWorkQueue.take(ScheduledThreadPoolExecutor.java:809)
        at java.util.concurrent.ThreadPoolExecutor.getTask(ThreadPoolExecutor.java:1074)
        at java.util.concurrent.ThreadPoolExecutor.runWorker(ThreadPoolExecutor.java:1134)
        at java.util.concurrent.ThreadPoolExecutor$Worker.run(ThreadPoolExecutor.java:624)
        at java.lang.Thread.run(Thread.java:748)
"Datanode State Machine Task Thread - 0"  prio=5 tid=4601 in Object.wait()
java.lang.Thread.State: WAITING (on object monitor)
        at sun.misc.Unsafe.park(Native Method)
        at java.util.concurrent.locks.LockSupport.park(LockSupport.java:175)
        at java.util.concurrent.locks.AbstractQueuedSynchronizer$ConditionObject.await(AbstractQueuedSynchronizer.java:2039)
        at java.util.concurrent.LinkedBlockingQueue.take(LinkedBlockingQueue.java:442)
        at java.util.concurrent.ThreadPoolExecutor.getTask(ThreadPoolExecutor.java:1074)
        at java.util.concurrent.ThreadPoolExecutor.runWorker(ThreadPoolExecutor.java:1134)
        at java.util.concurrent.ThreadPoolExecutor$Worker.run(ThreadPoolExecutor.java:624)
        at java.lang.Thread.run(Thread.java:748)
"pool-467-thread-3"  prio=5 tid=4791 in Object.wait()
java.lang.Thread.State: WAITING (on object monitor)
        at sun.misc.Unsafe.park(Native Method)
        at java.util.concurrent.locks.LockSupport.park(LockSupport.java:175)
        at java.util.concurrent.locks.AbstractQueuedSynchronizer$ConditionObject.await(AbstractQueuedSynchronizer.java:2039)
        at java.util.concurrent.LinkedBlockingQueue.take(LinkedBlockingQueue.java:442)
        at java.util.concurrent.ThreadPoolExecutor.getTask(ThreadPoolExecutor.java:1074)
        at java.util.concurrent.ThreadPoolExecutor.runWorker(ThreadPoolExecutor.java:1134)
        at java.util.concurrent.ThreadPoolExecutor$Worker.run(ThreadPoolExecutor.java:624)
        at java.lang.Thread.run(Thread.java:748)
"ChunkWriter-3-0" daemon prio=5 tid=4673 in Object.wait()
java.lang.Thread.State: WAITING (on object monitor)
        at sun.misc.Unsafe.park(Native Method)
        at java.util.concurrent.locks.LockSupport.park(LockSupport.java:175)
        at java.util.concurrent.locks.AbstractQueuedSynchronizer$ConditionObject.await(AbstractQueuedSynchronizer.java:2039)
        at java.util.concurrent.LinkedBlockingDeque.takeFirst(LinkedBlockingDeque.java:492)
        at java.util.concurrent.LinkedBlockingDeque.take(LinkedBlockingDeque.java:680)
        at java.util.concurrent.ThreadPoolExecutor.getTask(ThreadPoolExecutor.java:1074)
        at java.util.concurrent.ThreadPoolExecutor.runWorker(ThreadPoolExecutor.java:1134)
        at java.util.concurrent.ThreadPoolExecutor$Worker.run(ThreadPoolExecutor.java:624)
        at java.lang.Thread.run(Thread.java:748)
"BlockDeletingService#1" daemon prio=5 tid=4693 in Object.wait()
java.lang.Thread.State: WAITING (on object monitor)
        at sun.misc.Unsafe.park(Native Method)
        at java.util.concurrent.locks.LockSupport.park(LockSupport.java:175)
        at java.util.concurrent.locks.AbstractQueuedSynchronizer$ConditionObject.await(AbstractQueuedSynchronizer.java:2039)
        at java.util.concurrent.ScheduledThreadPoolExecutor$DelayedWorkQueue.take(ScheduledThreadPoolExecutor.java:1088)
        at java.util.concurrent.ScheduledThreadPoolExecutor$DelayedWorkQueue.take(ScheduledThreadPoolExecutor.java:809)
        at java.util.concurrent.ThreadPoolExecutor.getTask(ThreadPoolExecutor.java:1074)
        at java.util.concurrent.ThreadPoolExecutor.runWorker(ThreadPoolExecutor.java:1134)
        at java.util.concurrent.ThreadPoolExecutor$Worker.run(ThreadPoolExecutor.java:624)
        at java.lang.Thread.run(Thread.java:748)
"Datanode State Machine Task Thread - 1"  prio=5 tid=4684 in Object.wait()
java.lang.Thread.State: WAITING (on object monitor)
        at sun.misc.Unsafe.park(Native Method)
        at java.util.concurrent.locks.LockSupport.park(LockSupport.java:175)
        at java.util.concurrent.locks.AbstractQueuedSynchronizer$ConditionObject.await(AbstractQueuedSynchronizer.java:2039)
        at java.util.concurrent.LinkedBlockingQueue.take(LinkedBlockingQueue.java:442)
        at java.util.concurrent.ThreadPoolExecutor.getTask(ThreadPoolExecutor.java:1074)
        at java.util.concurrent.ThreadPoolExecutor.runWorker(ThreadPoolExecutor.java:1134)
        at java.util.concurrent.ThreadPoolExecutor$Worker.run(ThreadPoolExecutor.java:624)
        at java.lang.Thread.run(Thread.java:748)
"qtp2069929890-4553" daemon prio=5 tid=4553 timed_waiting
java.lang.Thread.State: TIMED_WAITING
        at sun.misc.Unsafe.park(Native Method)
        at java.util.concurrent.locks.LockSupport.parkNanos(LockSupport.java:215)
        at java.util.concurrent.locks.AbstractQueuedSynchronizer$ConditionObject.awaitNanos(AbstractQueuedSynchronizer.java:2078)
        at org.eclipse.jetty.util.BlockingArrayQueue.poll(BlockingArrayQueue.java:382)
        at org.eclipse.jetty.util.thread.QueuedThreadPool$Runner.idleJobPoll(QueuedThreadPool.java:974)
        at org.eclipse.jetty.util.thread.QueuedThreadPool$Runner.run(QueuedThreadPool.java:1018)
        at java.lang.Thread.run(Thread.java:748)
"Command processor thread" daemon prio=5 tid=4626 timed_waiting
java.lang.Thread.State: TIMED_WAITING
        at java.lang.Thread.sleep(Native Method)
        at org.apache.hadoop.ozone.container.common.statemachine.DatanodeStateMachine.lambda$initCommandHandlerThread$2(DatanodeStateMachine.java:563)
        at org.apache.hadoop.ozone.container.common.statemachine.DatanodeStateMachine$$Lambda$571/1328530415.run(Unknown Source)
        at java.lang.Thread.run(Thread.java:748)
"pool-407-thread-1"  prio=5 tid=4546 timed_waiting
java.lang.Thread.State: TIMED_WAITING
        at sun.misc.Unsafe.park(Native Method)
        at java.util.concurrent.locks.LockSupport.parkNanos(LockSupport.java:215)
        at java.util.concurrent.locks.AbstractQueuedSynchronizer$ConditionObject.awaitNanos(AbstractQueuedSynchronizer.java:2078)
        at java.util.concurrent.ScheduledThreadPoolExecutor$DelayedWorkQueue.take(ScheduledThreadPoolExecutor.java:1093)
        at java.util.concurrent.ScheduledThreadPoolExecutor$DelayedWorkQueue.take(ScheduledThreadPoolExecutor.java:809)
        at java.util.concurrent.ThreadPoolExecutor.getTask(ThreadPoolExecutor.java:1074)
        at java.util.concurrent.ThreadPoolExecutor.runWorker(ThreadPoolExecutor.java:1134)
        at java.util.concurrent.ThreadPoolExecutor$Worker.run(ThreadPoolExecutor.java:624)
        at java.lang.Thread.run(Thread.java:748)
"org.apache.hadoop.ozone.container.common.statemachine.commandhandler.DeleteBlocksCommandHandler$DeleteCmdWorker@55eb10c0" daemon prio=5 tid=3646 runnable
java.lang.Thread.State: RUNNABLE
        at java.lang.Throwable.fillInStackTrace(Native Method)
        at java.lang.Throwable.fillInStackTrace(Throwable.java:784)
        at java.lang.Throwable.<init>(Throwable.java:266)
        at java.lang.Exception.<init>(Exception.java:66)
        at java.lang.InterruptedException.<init>(InterruptedException.java:67)
        at java.lang.Thread.sleep(Native Method)
        at org.apache.hadoop.ozone.container.common.statemachine.commandhandler.DeleteBlocksCommandHandler$DeleteCmdWorker.run(DeleteBlocksCommandHandler.java:174)
        at java.lang.Thread.run(Thread.java:748)
"pool-438-thread-1"  prio=5 tid=4726 in Object.wait()
java.lang.Thread.State: WAITING (on object monitor)
        at sun.misc.Unsafe.park(Native Method)
        at java.util.concurrent.locks.LockSupport.park(LockSupport.java:175)
        at java.util.concurrent.locks.AbstractQueuedSynchronizer$ConditionObject.await(AbstractQueuedSynchronizer.java:2039)
        at java.util.concurrent.LinkedBlockingQueue.take(LinkedBlockingQueue.java:442)
        at java.util.concurrent.ThreadPoolExecutor.getTask(ThreadPoolExecutor.java:1074)
        at java.util.concurrent.ThreadPoolExecutor.runWorker(ThreadPoolExecutor.java:1134)
        at java.util.concurrent.ThreadPoolExecutor$Worker.run(ThreadPoolExecutor.java:624)
        at java.lang.Thread.run(Thread.java:748)
"grpc-default-executor-4" daemon prio=5 tid=3810 timed_waiting
java.lang.Thread.State: TIMED_WAITING
        at sun.misc.Unsafe.park(Native Method)
        at java.util.concurrent.locks.LockSupport.parkNanos(LockSupport.java:215)
        at java.util.concurrent.SynchronousQueue$TransferStack.awaitFulfill(SynchronousQueue.java:460)
        at java.util.concurrent.SynchronousQueue$TransferStack.transfer(SynchronousQueue.java:362)
        at java.util.concurrent.SynchronousQueue.poll(SynchronousQueue.java:941)
        at java.util.concurrent.ThreadPoolExecutor.getTask(ThreadPoolExecutor.java:1073)
        at java.util.concurrent.ThreadPoolExecutor.runWorker(ThreadPoolExecutor.java:1134)
        at java.util.concurrent.ThreadPoolExecutor$Worker.run(ThreadPoolExecutor.java:624)
        at java.lang.Thread.run(Thread.java:748)
"pool-467-thread-1"  prio=5 tid=4777 in Object.wait()
java.lang.Thread.State: WAITING (on object monitor)
        at sun.misc.Unsafe.park(Native Method)
        at java.util.concurrent.locks.LockSupport.park(LockSupport.java:175)
        at java.util.concurrent.locks.AbstractQueuedSynchronizer$ConditionObject.await(AbstractQueuedSynchronizer.java:2039)
        at java.util.concurrent.LinkedBlockingQueue.take(LinkedBlockingQueue.java:442)
        at java.util.concurrent.ThreadPoolExecutor.getTask(ThreadPoolExecutor.java:1074)
        at java.util.concurrent.ThreadPoolExecutor.runWorker(ThreadPoolExecutor.java:1134)
        at java.util.concurrent.ThreadPoolExecutor$Worker.run(ThreadPoolExecutor.java:624)
        at java.lang.Thread.run(Thread.java:748)
"qtp2069929890-4549" daemon prio=5 tid=4549 timed_waiting
java.lang.Thread.State: TIMED_WAITING
        at sun.misc.Unsafe.park(Native Method)
        at java.util.concurrent.locks.LockSupport.parkNanos(LockSupport.java:215)
        at java.util.concurrent.locks.AbstractQueuedSynchronizer$ConditionObject.awaitNanos(AbstractQueuedSynchronizer.java:2078)
        at org.eclipse.jetty.util.BlockingArrayQueue.poll(BlockingArrayQueue.java:382)
        at org.eclipse.jetty.util.thread.QueuedThreadPool$Runner.idleJobPoll(QueuedThreadPool.java:974)
        at org.eclipse.jetty.util.thread.QueuedThreadPool$Runner.run(QueuedThreadPool.java:1018)
        at java.lang.Thread.run(Thread.java:748)
"qtp1199364158-4522-acceptor-0@1b39d69d-ServerConnector@7eb6889c{HTTP/1.1, (http/1.1)}{0.0.0.0:46305}" daemon prio=3 tid=4522 runnable
java.lang.Thread.State: RUNNABLE
        at sun.nio.ch.ServerSocketChannelImpl.accept0(Native Method)
        at sun.nio.ch.ServerSocketChannelImpl.accept(ServerSocketChannelImpl.java:421)
        at sun.nio.ch.ServerSocketChannelImpl.accept(ServerSocketChannelImpl.java:249)
        at org.eclipse.jetty.server.ServerConnector.accept(ServerConnector.java:388)
        at org.eclipse.jetty.server.AbstractConnector$Acceptor.run(AbstractConnector.java:702)
        at org.eclipse.jetty.util.thread.QueuedThreadPool.runJob(QueuedThreadPool.java:883)
        at org.eclipse.jetty.util.thread.QueuedThreadPool$Runner.run(QueuedThreadPool.java:1034)
        at java.lang.Thread.run(Thread.java:748)
"org.apache.hadoop.ozone.container.common.statemachine.commandhandler.DeleteBlocksCommandHandler$DeleteCmdWorker@128921c4" daemon prio=5 tid=186 runnable
java.lang.Thread.State: RUNNABLE
        at java.lang.Thread.sleep(Native Method)
        at org.apache.hadoop.ozone.container.common.statemachine.commandhandler.DeleteBlocksCommandHandler$DeleteCmdWorker.run(DeleteBlocksCommandHandler.java:174)
        at java.lang.Thread.run(Thread.java:748)
"Signal Dispatcher" daemon prio=9 tid=4 runnable
java.lang.Thread.State: RUNNABLE
"pool-466-thread-1"  prio=5 tid=4783 in Object.wait()
java.lang.Thread.State: WAITING (on object monitor)
        at sun.misc.Unsafe.park(Native Method)
        at java.util.concurrent.locks.LockSupport.park(LockSupport.java:175)
        at java.util.concurrent.locks.AbstractQueuedSynchronizer$ConditionObject.await(AbstractQueuedSynchronizer.java:2039)
        at java.util.concurrent.LinkedBlockingQueue.take(LinkedBlockingQueue.java:442)
        at java.util.concurrent.ThreadPoolExecutor.getTask(ThreadPoolExecutor.java:1074)
        at java.util.concurrent.ThreadPoolExecutor.runWorker(ThreadPoolExecutor.java:1134)
        at java.util.concurrent.ThreadPoolExecutor$Worker.run(ThreadPoolExecutor.java:624)
        at java.lang.Thread.run(Thread.java:748)
"qtp1930352477-4640" daemon prio=5 tid=4640 timed_waiting
java.lang.Thread.State: TIMED_WAITING
        at sun.misc.Unsafe.park(Native Method)
        at java.util.concurrent.locks.LockSupport.parkNanos(LockSupport.java:215)
        at java.util.concurrent.locks.AbstractQueuedSynchronizer$ConditionObject.awaitNanos(AbstractQueuedSynchronizer.java:2078)
        at org.eclipse.jetty.util.BlockingArrayQueue.poll(BlockingArrayQueue.java:382)
        at org.eclipse.jetty.util.thread.QueuedThreadPool$Runner.idleJobPoll(QueuedThreadPool.java:974)
        at org.eclipse.jetty.util.thread.QueuedThreadPool$Runner.run(QueuedThreadPool.java:1018)
        at java.lang.Thread.run(Thread.java:748)
"qtp1930352477-4636" daemon prio=5 tid=4636 runnable
java.lang.Thread.State: RUNNABLE
        at sun.nio.ch.EPollArrayWrapper.epollWait(Native Method)
        at sun.nio.ch.EPollArrayWrapper.poll(EPollArrayWrapper.java:269)
        at sun.nio.ch.EPollSelectorImpl.doSelect(EPollSelectorImpl.java:93)
        at sun.nio.ch.SelectorImpl.lockAndDoSelect(SelectorImpl.java:86)
        at sun.nio.ch.SelectorImpl.select(SelectorImpl.java:97)
        at sun.nio.ch.SelectorImpl.select(SelectorImpl.java:101)
        at org.eclipse.jetty.io.ManagedSelector.nioSelect(ManagedSelector.java:183)
        at org.eclipse.jetty.io.ManagedSelector.select(ManagedSelector.java:190)
        at org.eclipse.jetty.io.ManagedSelector$SelectorProducer.select(ManagedSelector.java:606)
        at org.eclipse.jetty.io.ManagedSelector$SelectorProducer.produce(ManagedSelector.java:543)
        at org.eclipse.jetty.util.thread.strategy.EatWhatYouKill.produceTask(EatWhatYouKill.java:362)
        at org.eclipse.jetty.util.thread.strategy.EatWhatYouKill.doProduce(EatWhatYouKill.java:186)
        at org.eclipse.jetty.util.thread.strategy.EatWhatYouKill.tryProduce(EatWhatYouKill.java:173)
        at org.eclipse.jetty.util.thread.strategy.EatWhatYouKill.produce(EatWhatYouKill.java:137)
        at org.eclipse.jetty.io.ManagedSelector$$Lambda$309/1391532202.run(Unknown Source)
        at org.eclipse.jetty.util.thread.QueuedThreadPool.runJob(QueuedThreadPool.java:883)
        at org.eclipse.jetty.util.thread.QueuedThreadPool$Runner.run(QueuedThreadPool.java:1034)
        at java.lang.Thread.run(Thread.java:748)
"surefire-forkedjvm-ping-30s" daemon prio=5 tid=10 timed_waiting
java.lang.Thread.State: TIMED_WAITING
        at sun.misc.Unsafe.park(Native Method)
        at java.util.concurrent.locks.LockSupport.parkNanos(LockSupport.java:215)
        at java.util.concurrent.locks.AbstractQueuedSynchronizer$ConditionObject.awaitNanos(AbstractQueuedSynchronizer.java:2078)
        at java.util.concurrent.ScheduledThreadPoolExecutor$DelayedWorkQueue.take(ScheduledThreadPoolExecutor.java:1093)
        at java.util.concurrent.ScheduledThreadPoolExecutor$DelayedWorkQueue.take(ScheduledThreadPoolExecutor.java:809)
        at java.util.concurrent.ThreadPoolExecutor.getTask(ThreadPoolExecutor.java:1074)
        at java.util.concurrent.ThreadPoolExecutor.runWorker(ThreadPoolExecutor.java:1134)
        at java.util.concurrent.ThreadPoolExecutor$Worker.run(ThreadPoolExecutor.java:624)
        at java.lang.Thread.run(Thread.java:748)
"EventQueue-ContainerReportForContainerReportHandler" daemon prio=5 tid=4716 in Object.wait()
java.lang.Thread.State: WAITING (on object monitor)
        at sun.misc.Unsafe.park(Native Method)
        at java.util.concurrent.locks.LockSupport.park(LockSupport.java:175)
        at java.util.concurrent.locks.AbstractQueuedSynchronizer$ConditionObject.await(AbstractQueuedSynchronizer.java:2039)
        at java.util.concurrent.LinkedBlockingQueue.take(LinkedBlockingQueue.java:442)
        at java.util.concurrent.ThreadPoolExecutor.getTask(ThreadPoolExecutor.java:1074)
        at java.util.concurrent.ThreadPoolExecutor.runWorker(ThreadPoolExecutor.java:1134)
        at java.util.concurrent.ThreadPoolExecutor$Worker.run(ThreadPoolExecutor.java:624)
        at java.lang.Thread.run(Thread.java:748)
"ChunkWriter-0-0" daemon prio=5 tid=4657 in Object.wait()
java.lang.Thread.State: WAITING (on object monitor)
        at sun.misc.Unsafe.park(Native Method)
        at java.util.concurrent.locks.LockSupport.park(LockSupport.java:175)
        at java.util.concurrent.locks.AbstractQueuedSynchronizer$ConditionObject.await(AbstractQueuedSynchronizer.java:2039)
        at java.util.concurrent.LinkedBlockingDeque.takeFirst(LinkedBlockingDeque.java:492)
        at java.util.concurrent.LinkedBlockingDeque.take(LinkedBlockingDeque.java:680)
        at java.util.concurrent.ThreadPoolExecutor.getTask(ThreadPoolExecutor.java:1074)
        at java.util.concurrent.ThreadPoolExecutor.runWorker(ThreadPoolExecutor.java:1134)
        at java.util.concurrent.ThreadPoolExecutor$Worker.run(ThreadPoolExecutor.java:624)
        at java.lang.Thread.run(Thread.java:748)
"grpc-default-worker-ELG-3-2" daemon prio=5 tid=307 runnable
java.lang.Thread.State: RUNNABLE
        at org.apache.ratis.thirdparty.io.netty.channel.epoll.Native.epollWait(Native Method)
        at org.apache.ratis.thirdparty.io.netty.channel.epoll.Native.epollWait(Native.java:177)
        at org.apache.ratis.thirdparty.io.netty.channel.epoll.Native.epollWait(Native.java:170)
        at org.apache.ratis.thirdparty.io.netty.channel.epoll.EpollEventLoop.epollWaitNoTimerChange(EpollEventLoop.java:290)
        at org.apache.ratis.thirdparty.io.netty.channel.epoll.EpollEventLoop.run(EpollEventLoop.java:347)
        at org.apache.ratis.thirdparty.io.netty.util.concurrent.SingleThreadEventExecutor$4.run(SingleThreadEventExecutor.java:989)
        at org.apache.ratis.thirdparty.io.netty.util.internal.ThreadExecutorMap$2.run(ThreadExecutorMap.java:74)
        at org.apache.ratis.thirdparty.io.netty.util.concurrent.FastThreadLocalRunnable.run(FastThreadLocalRunnable.java:30)
        at java.lang.Thread.run(Thread.java:748)
"EventQueue-OpenPipelineForHealthyPipelineSafeModeRule" daemon prio=5 tid=4747 in Object.wait()
java.lang.Thread.State: WAITING (on object monitor)
        at sun.misc.Unsafe.park(Native Method)
        at java.util.concurrent.locks.LockSupport.park(LockSupport.java:175)
        at java.util.concurrent.locks.AbstractQueuedSynchronizer$ConditionObject.await(AbstractQueuedSynchronizer.java:2039)
        at java.util.concurrent.LinkedBlockingQueue.take(LinkedBlockingQueue.java:442)
        at java.util.concurrent.ThreadPoolExecutor.getTask(ThreadPoolExecutor.java:1074)
        at java.util.concurrent.ThreadPoolExecutor.runWorker(ThreadPoolExecutor.java:1134)
        at java.util.concurrent.ThreadPoolExecutor$Worker.run(ThreadPoolExecutor.java:624)
        at java.lang.Thread.run(Thread.java:748)
"qtp1930352477-4637-acceptor-0@49f65a87-ServerConnector@1df95cb{HTTP/1.1, (http/1.1)}{0.0.0.0:45277}" daemon prio=3 tid=4637 runnable
java.lang.Thread.State: RUNNABLE
        at sun.nio.ch.ServerSocketChannelImpl.accept0(Native Method)
        at sun.nio.ch.ServerSocketChannelImpl.accept(ServerSocketChannelImpl.java:421)
        at sun.nio.ch.ServerSocketChannelImpl.accept(ServerSocketChannelImpl.java:249)
        at org.eclipse.jetty.server.ServerConnector.accept(ServerConnector.java:388)
        at org.eclipse.jetty.server.AbstractConnector$Acceptor.run(AbstractConnector.java:702)
        at org.eclipse.jetty.util.thread.QueuedThreadPool.runJob(QueuedThreadPool.java:883)
        at org.eclipse.jetty.util.thread.QueuedThreadPool$Runner.run(QueuedThreadPool.java:1034)
        at java.lang.Thread.run(Thread.java:748)
"IPC Server handler 4 on default port 41905" daemon prio=5 tid=4560 timed_waiting
java.lang.Thread.State: TIMED_WAITING
        at sun.misc.Unsafe.park(Native Method)
        at java.util.concurrent.locks.LockSupport.parkNanos(LockSupport.java:215)
        at java.util.concurrent.locks.AbstractQueuedSynchronizer$ConditionObject.awaitNanos(AbstractQueuedSynchronizer.java:2078)
        at java.util.concurrent.LinkedBlockingQueue.poll(LinkedBlockingQueue.java:467)
        at org.apache.hadoop.ipc.CallQueueManager.take(CallQueueManager.java:317)
        at org.apache.hadoop.ipc.Server$Handler.run(Server.java:2932)


	at org.apache.ozone.test.GenericTestUtils.waitFor(GenericTestUtils.java:225)
	at org.apache.hadoop.ozone.container.common.statemachine.commandhandler.TestBlockDeletion.testBlockDeletion(TestBlockDeletion.java:246)
	at sun.reflect.NativeMethodAccessorImpl.invoke0(Native Method)
	at sun.reflect.NativeMethodAccessorImpl.invoke(NativeMethodAccessorImpl.java:62)
	at sun.reflect.DelegatingMethodAccessorImpl.invoke(DelegatingMethodAccessorImpl.java:43)
	at java.lang.reflect.Method.invoke(Method.java:498)
	at org.junit.runners.model.FrameworkMethod$1.runReflectiveCall(FrameworkMethod.java:59)
	at org.junit.internal.runners.model.ReflectiveCallable.run(ReflectiveCallable.java:12)
	at org.junit.runners.model.FrameworkMethod.invokeExplosively(FrameworkMethod.java:56)
	at org.junit.internal.runners.statements.InvokeMethod.evaluate(InvokeMethod.java:17)
	at org.junit.internal.runners.statements.RunBefores.evaluate(RunBefores.java:26)
	at org.junit.internal.runners.statements.RunAfters.evaluate(RunAfters.java:27)
	at org.junit.runners.ParentRunner$3.evaluate(ParentRunner.java:306)
	at org.junit.runners.BlockJUnit4ClassRunner$1.evaluate(BlockJUnit4ClassRunner.java:100)
	at org.junit.runners.ParentRunner.runLeaf(ParentRunner.java:366)
	at org.junit.runners.BlockJUnit4ClassRunner.runChild(BlockJUnit4ClassRunner.java:103)
	at org.junit.runners.BlockJUnit4ClassRunner.runChild(BlockJUnit4ClassRunner.java:63)
	at org.junit.runners.ParentRunner$4.run(ParentRunner.java:331)
	at org.junit.runners.ParentRunner$1.schedule(ParentRunner.java:79)
	at org.junit.runners.ParentRunner.runChildren(ParentRunner.java:329)
	at org.junit.runners.ParentRunner.access$100(ParentRunner.java:66)
	at org.junit.runners.ParentRunner$2.evaluate(ParentRunner.java:293)
	at org.junit.runners.ParentRunner$3.evaluate(ParentRunner.java:306)
	at org.junit.runners.ParentRunner.run(ParentRunner.java:413)
	at org.junit.runner.JUnitCore.run(JUnitCore.java:137)
	at org.junit.runner.JUnitCore.run(JUnitCore.java:115)
	at org.junit.vintage.engine.execution.RunnerExecutor.execute(RunnerExecutor.java:43)
	at java.util.stream.ForEachOps$ForEachOp$OfRef.accept(ForEachOps.java:183)
	at java.util.stream.ReferencePipeline$3$1.accept(ReferencePipeline.java:193)
	at java.util.Iterator.forEachRemaining(Iterator.java:116)
	at java.util.Spliterators$IteratorSpliterator.forEachRemaining(Spliterators.java:1801)
	at java.util.stream.AbstractPipeline.copyInto(AbstractPipeline.java:482)
	at java.util.stream.AbstractPipeline.wrapAndCopyInto(AbstractPipeline.java:472)
	at java.util.stream.ForEachOps$ForEachOp.evaluateSequential(ForEachOps.java:150)
	at java.util.stream.ForEachOps$ForEachOp$OfRef.evaluateSequential(ForEachOps.java:173)
	at java.util.stream.AbstractPipeline.evaluate(AbstractPipeline.java:234)
	at java.util.stream.ReferencePipeline.forEach(ReferencePipeline.java:485)
	at org.junit.vintage.engine.VintageTestEngine.executeAllChildren(VintageTestEngine.java:82)
	at org.junit.vintage.engine.VintageTestEngine.execute(VintageTestEngine.java:73)
	at org.junit.platform.launcher.core.EngineExecutionOrchestrator.execute(EngineExecutionOrchestrator.java:108)
	at org.junit.platform.launcher.core.EngineExecutionOrchestrator.execute(EngineExecutionOrchestrator.java:88)
	at org.junit.platform.launcher.core.EngineExecutionOrchestrator.lambda$execute$0(EngineExecutionOrchestrator.java:54)
	at org.junit.platform.launcher.core.EngineExecutionOrchestrator.withInterceptedStreams(EngineExecutionOrchestrator.java:67)
	at org.junit.platform.launcher.core.EngineExecutionOrchestrator.execute(EngineExecutionOrchestrator.java:52)
	at org.junit.platform.launcher.core.DefaultLauncher.execute(DefaultLauncher.java:96)
	at org.junit.platform.launcher.core.DefaultLauncher.execute(DefaultLauncher.java:75)
	at org.apache.maven.surefire.junitplatform.JUnitPlatformProvider.invokeAllTests(JUnitPlatformProvider.java:142)
	at org.apache.maven.surefire.junitplatform.JUnitPlatformProvider.invoke(JUnitPlatformProvider.java:113)
	at org.apache.maven.surefire.booter.ForkedBooter.invokeProviderInSameClassLoader(ForkedBooter.java:384)
	at org.apache.maven.surefire.booter.ForkedBooter.runSuitesInProcess(ForkedBooter.java:345)
	at org.apache.maven.surefire.booter.ForkedBooter.execute(ForkedBooter.java:126)
	at org.apache.maven.surefire.booter.ForkedBooter.main(ForkedBooter.java:418)
]]></error>
    <system-out><![CDATA[2021-08-15 14:02:10,454 [Listener at 127.0.0.1/43409] WARN  server.ServerUtils (ServerUtils.java:getScmDbDir(148)) - ozone.scm.db.dirs is not configured. We recommend adding this setting. Falling back to ozone.metadata.dirs instead.
2021-08-15 14:02:10,469 [Listener at 127.0.0.1/43409] INFO  ha.SCMHANodeDetails (SCMHANodeDetails.java:loadSCMHAConfig(157)) - ServiceID for StorageContainerManager is null
2021-08-15 14:02:10,469 [Listener at 127.0.0.1/43409] INFO  ha.SCMHANodeDetails (SCMHANodeDetails.java:loadSCMHAConfig(162)) - ozone.scm.default.service.id is not defined, falling back to ozone.scm.service.ids to find serviceID for StorageContainerManager if it is HA enabled cluster
2021-08-15 14:02:10,470 [Listener at 127.0.0.1/43409] WARN  server.ServerUtils (ServerUtils.java:getScmDbDir(148)) - ozone.scm.db.dirs is not configured. We recommend adding this setting. Falling back to ozone.metadata.dirs instead.
2021-08-15 14:02:10,470 [Listener at 127.0.0.1/43409] INFO  upgrade.AbstractLayoutVersionManager (AbstractLayoutVersionManager.java:init(70)) - Initializing Layout version manager with metadata layout = SCM_HA (version = 2), software layout = SCM_HA (version = 2)
2021-08-15 14:02:10,548 [Listener at 127.0.0.1/43409] INFO  reflections.Reflections (Reflections.java:scan(232)) - Reflections took 77 ms to scan 7 urls, producing 120 keys and 275 values 
2021-08-15 14:02:10,554 [Listener at 127.0.0.1/43409] WARN  utils.HAUtils (HAUtils.java:getMetaDir(342)) - ozone.scm.db.dirs is not configured. We recommend adding this setting. Falling back to ozone.metadata.dirs instead.
2021-08-15 14:02:10,571 [Listener at 127.0.0.1/43409] WARN  db.DBStoreBuilder (DBStoreBuilder.java:applyDBDefinition(145)) - ozone.scm.db.dirs is not configured. We recommend adding this setting. Falling back to ozone.metadata.dirs instead.
2021-08-15 14:02:10,691 [Listener at 127.0.0.1/43409] INFO  net.NodeSchemaLoader (NodeSchemaLoader.java:loadSchemaFromFile(129)) - Loading schema from [jar:file:/home/runner/.m2/repository/org/apache/ozone/hdds-common/1.2.0-SNAPSHOT/hdds-common-1.2.0-SNAPSHOT.jar!/network-topology-default.xml]
2021-08-15 14:02:10,691 [Listener at 127.0.0.1/43409] INFO  net.NodeSchemaLoader (NodeSchemaLoader.java:loadSchema(176)) - Loading network topology layer schema file
2021-08-15 14:02:10,705 [Listener at 127.0.0.1/43409] INFO  ha.SequenceIdGenerator (SequenceIdGenerator.java:upgradeToSequenceId(327)) - upgrade localId to 107544261427200000
2021-08-15 14:02:10,705 [Listener at 127.0.0.1/43409] INFO  ha.SequenceIdGenerator (SequenceIdGenerator.java:upgradeToSequenceId(337)) - upgrade delTxnId to 0
2021-08-15 14:02:10,705 [Listener at 127.0.0.1/43409] INFO  ha.SequenceIdGenerator (SequenceIdGenerator.java:upgradeToSequenceId(351)) - upgrade containerId to 0
2021-08-15 14:02:10,706 [Listener at 127.0.0.1/43409] INFO  ha.SequenceIdGenerator (SequenceIdGenerator.java:<init>(217)) - Init the HA SequenceIdGenerator.
2021-08-15 14:02:10,707 [Listener at 127.0.0.1/43409] INFO  node.SCMNodeManager (SCMNodeManager.java:<init>(145)) - Entering startup safe mode.
2021-08-15 14:02:10,708 [Listener at 127.0.0.1/43409] INFO  algorithms.ContainerPlacementPolicyFactory (ContainerPlacementPolicyFactory.java:getPolicy(60)) - Create container placement policy of type org.apache.hadoop.hdds.scm.container.placement.algorithms.SCMContainerPlacementRandom
2021-08-15 14:02:10,713 [Listener at 127.0.0.1/43409] INFO  pipeline.PipelineStateManager (PipelineStateManagerV2Impl.java:initialize(78)) - No pipeline exists in current db
2021-08-15 14:02:10,714 [Listener at 127.0.0.1/43409] INFO  algorithms.LeaderChoosePolicyFactory (LeaderChoosePolicyFactory.java:getPolicy(57)) - Create leader choose policy of type org.apache.hadoop.hdds.scm.pipeline.leader.choose.algorithms.MinLeaderCountChoosePolicy
2021-08-15 14:02:10,716 [Listener at 127.0.0.1/43409] INFO  ha.SCMServiceManager (SCMServiceManager.java:register(43)) - Registering service BackgroundPipelineCreator.
2021-08-15 14:02:10,716 [Listener at 127.0.0.1/43409] INFO  pipeline.BackgroundPipelineCreator (BackgroundPipelineCreatorV2.java:start(130)) - Starting RatisPipelineUtilsThread.
2021-08-15 14:02:10,728 [Listener at 127.0.0.1/43409] INFO  algorithms.PipelineChoosePolicyFactory (PipelineChoosePolicyFactory.java:createPipelineChoosePolicyFromClass(73)) - Create pipeline choose policy of type org.apache.hadoop.hdds.scm.pipeline.choose.algorithms.RandomPipelineChoosePolicy
2021-08-15 14:02:10,728 [Listener at 127.0.0.1/43409] INFO  ha.SCMServiceManager (SCMServiceManager.java:register(43)) - Registering service SCMBlockDeletingService.
2021-08-15 14:02:10,728 [Listener at 127.0.0.1/43409] INFO  ha.SCMServiceManager (SCMServiceManager.java:register(43)) - Registering service ReplicationManager.
2021-08-15 14:02:10,729 [Listener at 127.0.0.1/43409] INFO  container.ReplicationManager (ReplicationManager.java:start(286)) - Starting Replication Monitor Thread.
2021-08-15 14:02:10,736 [Listener at 127.0.0.1/43409] INFO  safemode.ContainerSafeModeRule (ContainerSafeModeRule.java:<init>(89)) - containers with one replica threshold count 0
2021-08-15 14:02:10,736 [Listener at 127.0.0.1/43409] INFO  safemode.HealthyPipelineSafeModeRule (HealthyPipelineSafeModeRule.java:initializeRule(156)) - Total pipeline count is 0, healthy pipeline threshold count is 1
2021-08-15 14:02:10,736 [Listener at 127.0.0.1/43409] INFO  safemode.OneReplicaPipelineSafeModeRule (OneReplicaPipelineSafeModeRule.java:initializeRule(180)) - Total pipeline count is 0, pipeline's with at least one datanode reported threshold count is 0
2021-08-15 14:02:10,748 [ReplicationMonitor] INFO  container.ReplicationManager (ReplicationManager.java:processAll(341)) - Replication Monitor Thread took 0 milliseconds for processing 0 containers.
2021-08-15 14:02:10,763 [Listener at 127.0.0.1/43409] INFO  ipc.CallQueueManager (CallQueueManager.java:<init>(90)) - Using callQueue: class java.util.concurrent.LinkedBlockingQueue, queueCapacity: 2000, scheduler: class org.apache.hadoop.ipc.DefaultRpcScheduler, ipcBackoff: false.
2021-08-15 14:02:10,778 [Socket Reader #1 for port 0] INFO  ipc.Server (Server.java:run(1265)) - Starting Socket Reader #1 for port 0
2021-08-15 14:02:10,810 [Listener at 0.0.0.0/38093] INFO  ipc.CallQueueManager (CallQueueManager.java:<init>(90)) - Using callQueue: class java.util.concurrent.LinkedBlockingQueue, queueCapacity: 2000, scheduler: class org.apache.hadoop.ipc.DefaultRpcScheduler, ipcBackoff: false.
2021-08-15 14:02:10,822 [Socket Reader #1 for port 0] INFO  ipc.Server (Server.java:run(1265)) - Starting Socket Reader #1 for port 0
2021-08-15 14:02:10,828 [Listener at 0.0.0.0/41071] INFO  ipc.CallQueueManager (CallQueueManager.java:<init>(90)) - Using callQueue: class java.util.concurrent.LinkedBlockingQueue, queueCapacity: 2000, scheduler: class org.apache.hadoop.ipc.DefaultRpcScheduler, ipcBackoff: false.
2021-08-15 14:02:10,829 [Socket Reader #1 for port 0] INFO  ipc.Server (Server.java:run(1265)) - Starting Socket Reader #1 for port 0
2021-08-15 14:02:10,897 [Listener at 0.0.0.0/46035] INFO  algorithms.ContainerPlacementPolicyFactory (ContainerPlacementPolicyFactory.java:getPolicy(60)) - Create container placement policy of type org.apache.hadoop.hdds.scm.container.placement.algorithms.SCMContainerPlacementRandom
2021-08-15 14:02:10,900 [Listener at 0.0.0.0/46035] INFO  server.StorageContainerManager (StorageContainerManager.java:<init>(383)) - 
Container Balancer status:
Key                            Value
Running                        false
Container Balancer Configuration values:
Key                                                Value
Threshold                                          0.1
Max Datanodes to Involve per Iteration(ratio)      0.5
Max Size to Move per Iteration                     10737418240B

2021-08-15 14:02:10,904 [Listener at 0.0.0.0/46035] WARN  events.EventQueue (EventQueue.java:fireEvent(194)) - No event handler registered for event TypedEvent{payloadType=SafeModeStatus, name='Safe mode status'}
2021-08-15 14:02:10,904 [Listener at 0.0.0.0/46035] INFO  ha.SCMContext (SCMContext.java:updateSafeModeStatus(205)) - Update SafeModeStatus from SafeModeStatus{safeModeStatus=true, preCheckPassed=false} to SafeModeStatus{safeModeStatus=true, preCheckPassed=false}.
2021-08-15 14:02:10,904 [Listener at 0.0.0.0/46035] INFO  server.StorageContainerManager (StorageContainerManager.java:start(1249)) - StorageContainerLocationProtocol RPC server is listening at /0.0.0.0:46035
2021-08-15 14:02:10,905 [Listener at 0.0.0.0/46035] WARN  impl.MetricsConfig (MetricsConfig.java:loadFirst(136)) - Cannot locate configuration: tried hadoop-metrics2-storagecontainermanager.properties,hadoop-metrics2.properties
2021-08-15 14:02:10,920 [Listener at 0.0.0.0/46035] INFO  impl.MetricsSystemImpl (MetricsSystemImpl.java:startTimer(378)) - Scheduled Metric snapshot period at 10 second(s).
2021-08-15 14:02:10,920 [Listener at 0.0.0.0/46035] INFO  impl.MetricsSystemImpl (MetricsSystemImpl.java:start(191)) - StorageContainerManager metrics system started
2021-08-15 14:02:10,993 [Listener at 0.0.0.0/46035] INFO  impl.MetricsSinkAdapter (MetricsSinkAdapter.java:start(204)) - Sink prometheus started
2021-08-15 14:02:10,993 [Listener at 0.0.0.0/46035] INFO  impl.MetricsSystemImpl (MetricsSystemImpl.java:registerSink(305)) - Registered sink prometheus
2021-08-15 14:02:11,038 [Listener at 0.0.0.0/46035] INFO  server.SCMClientProtocolServer (SCMClientProtocolServer.java:start(164)) - RPC server for Client  is listening at /0.0.0.0:46035
2021-08-15 14:02:11,038 [IPC Server Responder] INFO  ipc.Server (Server.java:run(1507)) - IPC Server Responder: starting
2021-08-15 14:02:11,049 [IPC Server listener on 0] INFO  ipc.Server (Server.java:run(1344)) - IPC Server listener on 0: starting
2021-08-15 14:02:11,075 [Listener at 0.0.0.0/46035] INFO  server.StorageContainerManager (StorageContainerManager.java:start(1264)) - ScmBlockLocationProtocol RPC server is listening at /0.0.0.0:41071
2021-08-15 14:02:11,076 [Listener at 0.0.0.0/46035] INFO  server.SCMBlockProtocolServer (SCMBlockProtocolServer.java:start(151)) - RPC server for Block Protocol is listening at /0.0.0.0:41071
2021-08-15 14:02:11,076 [IPC Server Responder] INFO  ipc.Server (Server.java:run(1507)) - IPC Server Responder: starting
2021-08-15 14:02:11,079 [IPC Server listener on 0] INFO  ipc.Server (Server.java:run(1344)) - IPC Server listener on 0: starting
2021-08-15 14:02:11,081 [Listener at 0.0.0.0/46035] INFO  server.StorageContainerManager (StorageContainerManager.java:start(1270)) - ScmDatanodeProtocl RPC server is listening at /0.0.0.0:38093
2021-08-15 14:02:11,081 [Listener at 0.0.0.0/46035] INFO  server.SCMDatanodeProtocolServer (SCMDatanodeProtocolServer.java:start(181)) - RPC server for DataNodes is listening at /0.0.0.0:38093
2021-08-15 14:02:11,081 [IPC Server Responder] INFO  ipc.Server (Server.java:run(1507)) - IPC Server Responder: starting
2021-08-15 14:02:11,082 [IPC Server listener on 0] INFO  ipc.Server (Server.java:run(1344)) - IPC Server listener on 0: starting
2021-08-15 14:02:11,103 [Listener at 0.0.0.0/46035] INFO  http.BaseHttpServer (BaseHttpServer.java:newHttpServer2BuilderForOzone(209)) - Starting Web-server for scm at: http://0.0.0.0:0
2021-08-15 14:02:11,103 [Listener at 0.0.0.0/46035] INFO  http.BaseHttpServer (BaseHttpServer.java:<init>(107)) - Hadoop Security Enabled: false Ozone Security Enabled: false Ozone HTTP Security Enabled: false 
2021-08-15 14:02:11,105 [Listener at 0.0.0.0/46035] INFO  server.AuthenticationFilter (AuthenticationFilter.java:constructSecretProvider(240)) - Unable to initialize FileSignerSecretProvider, falling back to use random secrets.
2021-08-15 14:02:11,105 [Listener at 0.0.0.0/46035] WARN  http.HttpRequestLog (HttpRequestLog.java:getRequestLog(103)) - Jetty request log can only be enabled using Log4j
2021-08-15 14:02:11,106 [Listener at 0.0.0.0/46035] INFO  http.HttpServer2 (HttpServer2.java:addGlobalFilter(1020)) - Added global filter 'safety' (class=org.apache.hadoop.hdds.server.http.HttpServer2$QuotingInputFilter)
2021-08-15 14:02:11,106 [Listener at 0.0.0.0/46035] INFO  http.HttpServer2 (HttpServer2.java:addFilter(996)) - Added filter static_user_filter (class=org.apache.hadoop.http.lib.StaticUserWebFilter$StaticUserFilter) to context scm
2021-08-15 14:02:11,106 [Listener at 0.0.0.0/46035] INFO  http.HttpServer2 (HttpServer2.java:addFilter(1004)) - Added filter static_user_filter (class=org.apache.hadoop.http.lib.StaticUserWebFilter$StaticUserFilter) to context logs
2021-08-15 14:02:11,107 [Listener at 0.0.0.0/46035] INFO  http.HttpServer2 (HttpServer2.java:addFilter(1004)) - Added filter static_user_filter (class=org.apache.hadoop.http.lib.StaticUserWebFilter$StaticUserFilter) to context static
2021-08-15 14:02:11,107 [Listener at 0.0.0.0/46035] INFO  http.HttpServer2 (HttpServer2.java:bindListener(1239)) - Jetty bound to port 46305
2021-08-15 14:02:11,107 [Listener at 0.0.0.0/46035] INFO  server.Server (Server.java:doStart(375)) - jetty-9.4.43.v20210629; built: 2021-06-30T11:07:22.254Z; git: 526006ecfa3af7f1a27ef3a288e2bef7ea9dd7e8; jvm 1.8.0_292-b10
2021-08-15 14:02:11,108 [Listener at 0.0.0.0/46035] INFO  server.session (DefaultSessionIdManager.java:doStart(334)) - DefaultSessionIdManager workerName=node0
2021-08-15 14:02:11,108 [Listener at 0.0.0.0/46035] INFO  server.session (DefaultSessionIdManager.java:doStart(339)) - No SessionScavenger set, using defaults
2021-08-15 14:02:11,109 [Listener at 0.0.0.0/46035] INFO  server.session (HouseKeeper.java:startScavenging(132)) - node0 Scavenging every 600000ms
2021-08-15 14:02:11,109 [Listener at 0.0.0.0/46035] INFO  handler.ContextHandler (ContextHandler.java:doStart(915)) - Started o.e.j.s.ServletContextHandler@45ae53aa{logs,/logs,file:///home/runner/work/ozone/ozone/hadoop-ozone/integration-test/target/log,AVAILABLE}
2021-08-15 14:02:11,110 [Listener at 0.0.0.0/46035] INFO  handler.ContextHandler (ContextHandler.java:doStart(915)) - Started o.e.j.s.ServletContextHandler@565f233a{static,/static,file:///home/runner/work/ozone/ozone/hadoop-ozone/integration-test/target/test-classes/webapps/static,AVAILABLE}
2021-08-15 14:02:11,112 [Listener at 0.0.0.0/46035] INFO  handler.ContextHandler (ContextHandler.java:doStart(915)) - Started o.e.j.w.WebAppContext@3a360264{scm,/,file:///home/runner/work/ozone/ozone/hadoop-ozone/integration-test/target/test-classes/webapps/scm/,AVAILABLE}{file:/home/runner/work/ozone/ozone/hadoop-ozone/integration-test/target/test-classes/webapps/scm}
2021-08-15 14:02:11,132 [org.apache.hadoop.util.JvmPauseMonitor$Monitor@4c28b19f] INFO  util.JvmPauseMonitor (JvmPauseMonitor.java:run(188)) - Starting JVM pause monitor
2021-08-15 14:02:11,152 [Listener at 0.0.0.0/46035] INFO  server.AbstractConnector (AbstractConnector.java:doStart(331)) - Started ServerConnector@7eb6889c{HTTP/1.1, (http/1.1)}{0.0.0.0:46305}
2021-08-15 14:02:11,152 [Listener at 0.0.0.0/46035] INFO  server.Server (Server.java:doStart(415)) - Started @111367ms
2021-08-15 14:02:11,152 [Listener at 0.0.0.0/46035] WARN  impl.MetricsSystemImpl (MetricsSystemImpl.java:register(279)) - Sink prometheus already exists!
2021-08-15 14:02:11,153 [Listener at 0.0.0.0/46035] INFO  http.BaseHttpServer (BaseHttpServer.java:updateConnectorAddress(329)) - HTTP server of scm listening at http://0.0.0.0:46305
2021-08-15 14:02:11,153 [Listener at 0.0.0.0/46035] WARN  server.ServerUtils (ServerUtils.java:getDBPath(225)) - ozone.om.db.dirs is not configured. We recommend adding this setting. Falling back to ozone.metadata.dirs instead.
2021-08-15 14:02:11,157 [Listener at 0.0.0.0/46035] INFO  ha.OMHANodeDetails (OMHANodeDetails.java:loadOMHAConfig(112)) - ozone.om.internal.service.id is not defined, falling back to ozone.om.service.ids to find serviceID for OzoneManager if it is HA enabled cluster
2021-08-15 14:02:11,157 [Listener at 0.0.0.0/46035] INFO  ha.OMHANodeDetails (OMHANodeDetails.java:loadOMHAConfig(219)) - Configuration does not have ozone.om.address set. Falling back to the default OM address /127.0.0.1:0
2021-08-15 14:02:11,157 [Listener at 0.0.0.0/46035] INFO  ha.OMHANodeDetails (OMHANodeDetails.java:getOMNodeDetails(247)) - OM Service ID is not set. Setting it to the default ID: omServiceIdDefault
2021-08-15 14:02:11,157 [Listener at 0.0.0.0/46035] INFO  ha.OMHANodeDetails (OMHANodeDetails.java:getOMNodeDetails(254)) - OM Node ID is not set. Setting it to the default ID: om1
2021-08-15 14:02:11,158 [Listener at 0.0.0.0/46035] WARN  server.ServerUtils (ServerUtils.java:getDBPath(225)) - ozone.om.db.dirs is not configured. We recommend adding this setting. Falling back to ozone.metadata.dirs instead.
2021-08-15 14:02:11,158 [Listener at 0.0.0.0/46035] INFO  upgrade.AbstractLayoutVersionManager (AbstractLayoutVersionManager.java:init(70)) - Initializing Layout version manager with metadata layout = INITIAL_VERSION (version = 0), software layout = INITIAL_VERSION (version = 0)
2021-08-15 14:02:11,275 [Listener at 0.0.0.0/46035] INFO  reflections.Reflections (Reflections.java:scan(232)) - Reflections took 116 ms to scan 2 urls, producing 131 keys and 342 values [using 2 cores]
2021-08-15 14:02:11,275 [Listener at 0.0.0.0/46035] INFO  upgrade.OMLayoutVersionManager (OMLayoutVersionManager.java:lambda$0(116)) - Skipping Upgrade Action MockOmUpgradeAction since it has been finalized.
2021-08-15 14:02:11,275 [Listener at 0.0.0.0/46035] WARN  server.ServerUtils (ServerUtils.java:getDBPath(225)) - ozone.om.db.dirs is not configured. We recommend adding this setting. Falling back to ozone.metadata.dirs instead.
2021-08-15 14:02:11,316 [Listener at 0.0.0.0/46035] WARN  server.ServerUtils (ServerUtils.java:getDBPath(225)) - ozone.om.db.dirs is not configured. We recommend adding this setting. Falling back to ozone.metadata.dirs instead.
2021-08-15 14:02:11,316 [Listener at 0.0.0.0/46035] INFO  codec.OmKeyInfoCodec (OmKeyInfoCodec.java:<init>(51)) - OmKeyInfoCodec ignorePipeline = true
2021-08-15 14:02:11,316 [Listener at 0.0.0.0/46035] INFO  codec.RepeatedOmKeyInfoCodec (RepeatedOmKeyInfoCodec.java:<init>(42)) - RepeatedOmKeyInfoCodec ignorePipeline = true
2021-08-15 14:02:11,581 [Listener at 0.0.0.0/46035] INFO  om.OzoneManager (OzoneManager.java:addS3GVolumeToDB(4115)) - Created Volume s3v With Owner runner required for S3Gateway operations.
2021-08-15 14:02:11,581 [Listener at 0.0.0.0/46035] WARN  server.ServerUtils (ServerUtils.java:getDefaultRatisDirectory(237)) - Storage directory for Ratis is not configured. It is a good idea to map this to an SSD disk. Falling back to ozone.metadata.dirs
2021-08-15 14:02:11,581 [Listener at 0.0.0.0/46035] WARN  utils.OzoneManagerRatisUtils (OzoneManagerRatisUtils.java:getOMRatisSnapshotDirectory(391)) - ozone.om.ratis.snapshot.dir is not configured. Falling back to ozone.metadata.dirs config
2021-08-15 14:02:11,582 [Listener at 0.0.0.0/46035] WARN  impl.MetricRegistriesImpl (MetricRegistriesImpl.java:addReporterRegistration(111)) - New reporters are added after registries were created. Some metrics will be missing from the reporter. Please add reporter before adding any new registry.
2021-08-15 14:02:11,582 [Listener at 0.0.0.0/46035] WARN  impl.MetricRegistriesImpl (MetricRegistriesImpl.java:addReporterRegistration(111)) - New reporters are added after registries were created. Some metrics will be missing from the reporter. Please add reporter before adding any new registry.
2021-08-15 14:02:11,582 [Listener at 0.0.0.0/46035] WARN  server.ServerUtils (ServerUtils.java:getDefaultRatisDirectory(237)) - Storage directory for Ratis is not configured. It is a good idea to map this to an SSD disk. Falling back to ozone.metadata.dirs
2021-08-15 14:02:11,583 [Listener at 0.0.0.0/46035] INFO  ratis.OzoneManagerRatisServer (OzoneManagerRatisServer.java:<init>(158)) - Instantiating OM Ratis server with groupID: omServiceIdDefault and peers: localhost:9872
2021-08-15 14:02:11,583 [Listener at 0.0.0.0/46035] INFO  ratis.OzoneManagerStateMachine (OzoneManagerStateMachine.java:loadSnapshotInfoFromDB(605)) - LastAppliedIndex is set from TransactionInfo from OM DB as (t:0, i:~)
2021-08-15 14:02:11,586 [Listener at 0.0.0.0/46035] INFO  server.RaftServer (ConfUtils.java:logGet(44)) - raft.rpc.type = GRPC (default)
2021-08-15 14:02:11,587 [Listener at 0.0.0.0/46035] INFO  grpc.GrpcFactory (GrpcFactory.java:checkPooledByteBufAllocatorUseCacheForAllThreads(48)) - PERFORMANCE WARNING: useCacheForAllThreads is true that may cause Netty to create a lot garbage objects and, as a result, trigger GC.
	It is recommended to disable useCacheForAllThreads by setting -Dorg.apache.ratis.thirdparty.io.netty.allocator.useCacheForAllThreads=false in command line.
2021-08-15 14:02:11,587 [Listener at 0.0.0.0/46035] INFO  grpc.GrpcConfigKeys (ConfUtils.java:logGet(44)) - raft.grpc.admin.port = -1 (default)
2021-08-15 14:02:11,587 [Listener at 0.0.0.0/46035] INFO  grpc.GrpcConfigKeys (ConfUtils.java:logGet(44)) - raft.grpc.server.port = 9872 (custom)
2021-08-15 14:02:11,587 [Listener at 0.0.0.0/46035] INFO  grpc.GrpcConfigKeys (ConfUtils.java:logGet(44)) - raft.grpc.client.port = -1 (default)
2021-08-15 14:02:11,587 [Listener at 0.0.0.0/46035] INFO  grpc.GrpcConfigKeys (ConfUtils.java:logGet(44)) - raft.grpc.server.port = 9872 (custom)
2021-08-15 14:02:11,587 [Listener at 0.0.0.0/46035] INFO  grpc.GrpcConfigKeys (ConfUtils.java:logGet(44)) - raft.grpc.server.port = 9872 (custom)
2021-08-15 14:02:11,588 [Listener at 0.0.0.0/46035] INFO  server.GrpcService (ConfUtils.java:logGet(44)) - raft.grpc.message.size.max = 33554432 (custom)
2021-08-15 14:02:11,588 [Listener at 0.0.0.0/46035] INFO  server.RaftServerConfigKeys (ConfUtils.java:logGet(44)) - raft.server.log.appender.buffer.byte-limit = 33554432 (custom)
2021-08-15 14:02:11,596 [Listener at 0.0.0.0/46035] INFO  server.GrpcService (ConfUtils.java:logGet(44)) - raft.grpc.flow.control.window = 1MB (=1048576) (default)
2021-08-15 14:02:11,596 [Listener at 0.0.0.0/46035] INFO  server.RaftServerConfigKeys (ConfUtils.java:logGet(44)) - raft.server.rpc.request.timeout = 3000ms (default)
2021-08-15 14:02:11,598 [Listener at 0.0.0.0/46035] INFO  impl.DataStreamServerImpl (ConfUtils.java:logGet(44)) - raft.datastream.type = DISABLED (default)
2021-08-15 14:02:11,598 [Listener at 0.0.0.0/46035] INFO  server.RaftServerConfigKeys (ConfUtils.java:logGet(44)) - raft.server.rpc.slowness.timeout = 120s (custom)
2021-08-15 14:02:11,598 [Listener at 0.0.0.0/46035] INFO  server.RaftServerConfigKeys (ConfUtils.java:logGet(44)) - raft.server.leaderelection.leader.step-down.wait-time = 10s (default)
2021-08-15 14:02:11,598 [Listener at 0.0.0.0/46035] INFO  server.RaftServerConfigKeys (ConfUtils.java:logGet(44)) - raft.server.storage.dir = [/home/runner/work/ozone/ozone/hadoop-ozone/integration-test/target/test-dir/MiniOzoneClusterImpl-8fa699bc-e258-4c24-98aa-94a5d955589f/ozone-meta/ratis] (custom)
2021-08-15 14:02:11,598 [Listener at 0.0.0.0/46035] INFO  server.RaftServer (RaftServerProxy.java:addNew(95)) - om1: addNew group-C5BA1605619E:[om1|rpc:localhost:9872|priority:0] returns group-C5BA1605619E:java.util.concurrent.CompletableFuture@5f9f94ec[Not completed]
2021-08-15 14:02:11,598 [Listener at 0.0.0.0/46035] INFO  om.OzoneManager (OzoneManager.java:initializeRatisServer(1573)) - OzoneManager Ratis server initialized at port 9872
2021-08-15 14:02:11,599 [Listener at 0.0.0.0/46035] INFO  ipc.CallQueueManager (CallQueueManager.java:<init>(90)) - Using callQueue: class java.util.concurrent.LinkedBlockingQueue, queueCapacity: 2000, scheduler: class org.apache.hadoop.ipc.DefaultRpcScheduler, ipcBackoff: false.
2021-08-15 14:02:11,609 [pool-406-thread-1] INFO  server.RaftServer$Division (RaftServerImpl.java:<init>(181)) - om1: new RaftServerImpl for group-C5BA1605619E:[om1|rpc:localhost:9872|priority:0] with OzoneManagerStateMachine:uninitialized
2021-08-15 14:02:11,616 [Socket Reader #1 for port 0] INFO  ipc.Server (Server.java:run(1265)) - Starting Socket Reader #1 for port 0
2021-08-15 14:02:11,625 [pool-406-thread-1] INFO  server.RaftServerConfigKeys (ConfUtils.java:logGet(44)) - raft.server.rpc.timeout.min = 1s (custom)
2021-08-15 14:02:11,626 [pool-406-thread-1] INFO  server.RaftServerConfigKeys (ConfUtils.java:logGet(44)) - raft.server.rpc.timeout.max = 1200ms (custom)
2021-08-15 14:02:11,626 [pool-406-thread-1] INFO  server.RaftServerConfigKeys (ConfUtils.java:logGet(44)) - raft.server.rpc.sleep.time = 25ms (default)
2021-08-15 14:02:11,626 [pool-406-thread-1] INFO  server.RaftServerConfigKeys (ConfUtils.java:logGet(44)) - raft.server.rpc.slowness.timeout = 120s (custom)
2021-08-15 14:02:11,626 [pool-406-thread-1] INFO  server.RaftServerConfigKeys (ConfUtils.java:logGet(44)) - raft.server.leaderelection.leader.step-down.wait-time = 10s (default)
2021-08-15 14:02:11,626 [pool-406-thread-1] INFO  server.RaftServerConfigKeys (ConfUtils.java:logGet(44)) - raft.server.sleep.deviation.threshold = 300ms (default)
2021-08-15 14:02:11,626 [pool-406-thread-1] INFO  server.RaftServerConfigKeys (ConfUtils.java:logGet(44)) - raft.server.log.appender.install.snapshot.enabled = false (custom)
2021-08-15 14:02:11,626 [pool-406-thread-1] INFO  server.RaftServer$Division (ServerState.java:<init>(105)) - om1@group-C5BA1605619E: ConfigurationManager, init=-1: [om1|rpc:localhost:9872|priority:0], old=null, confs=<EMPTY_MAP>
2021-08-15 14:02:11,640 [pool-406-thread-1] INFO  server.RaftServerConfigKeys (ConfUtils.java:logGet(44)) - raft.server.storage.dir = [/home/runner/work/ozone/ozone/hadoop-ozone/integration-test/target/test-dir/MiniOzoneClusterImpl-8fa699bc-e258-4c24-98aa-94a5d955589f/ozone-meta/ratis] (custom)
2021-08-15 14:02:11,641 [pool-406-thread-1] INFO  server.RaftServerConfigKeys (ConfUtils.java:logGet(44)) - raft.server.log.corruption.policy = EXCEPTION (default)
2021-08-15 14:02:11,641 [pool-406-thread-1] INFO  server.RaftServerConfigKeys (ConfUtils.java:logGet(44)) - raft.server.storage.free-space.min = 0MB (=0) (default)
2021-08-15 14:02:11,641 [pool-406-thread-1] INFO  storage.RaftStorageDirectory (RaftStorageDirectoryImpl.java:analyzeStorage(135)) - The storage directory /home/runner/work/ozone/ozone/hadoop-ozone/integration-test/target/test-dir/MiniOzoneClusterImpl-8fa699bc-e258-4c24-98aa-94a5d955589f/ozone-meta/ratis/bf265839-605b-3f16-9796-c5ba1605619e does not exist. Creating ...
2021-08-15 14:02:11,644 [pool-406-thread-1] INFO  storage.RaftStorageDirectory (RaftStorageDirectoryImpl.java:tryLock(230)) - Lock on /home/runner/work/ozone/ozone/hadoop-ozone/integration-test/target/test-dir/MiniOzoneClusterImpl-8fa699bc-e258-4c24-98aa-94a5d955589f/ozone-meta/ratis/bf265839-605b-3f16-9796-c5ba1605619e/in_use.lock acquired by nodename 29626@fv-az184-677
2021-08-15 14:02:11,645 [pool-406-thread-1] INFO  storage.RaftStorage (RaftStorageImpl.java:format(89)) - Storage directory /home/runner/work/ozone/ozone/hadoop-ozone/integration-test/target/test-dir/MiniOzoneClusterImpl-8fa699bc-e258-4c24-98aa-94a5d955589f/ozone-meta/ratis/bf265839-605b-3f16-9796-c5ba1605619e has been successfully formatted.
2021-08-15 14:02:11,654 [pool-406-thread-1] INFO  server.RaftServerConfigKeys (ConfUtils.java:logGet(44)) - raft.server.notification.no-leader.timeout = 120s (custom)
2021-08-15 14:02:11,654 [pool-406-thread-1] INFO  server.RaftServerConfigKeys (ConfUtils.java:logGet(44)) - raft.server.log.use.memory = false (default)
2021-08-15 14:02:11,654 [pool-406-thread-1] INFO  server.RaftServerConfigKeys (ConfUtils.java:logGet(44)) - raft.server.log.purge.gap = 1000000 (custom)
2021-08-15 14:02:11,655 [pool-406-thread-1] INFO  server.RaftServerConfigKeys (ConfUtils.java:logGet(44)) - raft.server.log.appender.buffer.byte-limit = 33554432 (custom)
2021-08-15 14:02:11,655 [pool-406-thread-1] INFO  server.RaftServerConfigKeys (ConfUtils.java:logGet(44)) - raft.server.log.segment.size.max = 4194304 (custom)
2021-08-15 14:02:11,655 [pool-406-thread-1] INFO  server.RaftServerConfigKeys (ConfUtils.java:logGet(44)) - raft.server.log.segment.cache.num.max = 2 (custom)
2021-08-15 14:02:11,655 [pool-406-thread-1] INFO  server.RaftServerConfigKeys (ConfUtils.java:logGet(44)) - raft.server.log.segment.cache.size.max = 200MB (=209715200) (default)
2021-08-15 14:02:11,655 [pool-406-thread-1] INFO  segmented.SegmentedRaftLogWorker (SegmentedRaftLogWorker.java:<init>(182)) - new om1@group-C5BA1605619E-SegmentedRaftLogWorker for RaftStorageImpl:Storage Directory /home/runner/work/ozone/ozone/hadoop-ozone/integration-test/target/test-dir/MiniOzoneClusterImpl-8fa699bc-e258-4c24-98aa-94a5d955589f/ozone-meta/ratis/bf265839-605b-3f16-9796-c5ba1605619e
2021-08-15 14:02:11,655 [pool-406-thread-1] INFO  server.RaftServerConfigKeys (ConfUtils.java:logGet(44)) - raft.server.log.queue.byte-limit = 64MB (=67108864) (default)
2021-08-15 14:02:11,655 [pool-406-thread-1] INFO  server.RaftServerConfigKeys (ConfUtils.java:logGet(44)) - raft.server.log.queue.element-limit = 4096 (default)
2021-08-15 14:02:11,655 [pool-406-thread-1] INFO  server.RaftServerConfigKeys (ConfUtils.java:logGet(44)) - raft.server.log.segment.size.max = 4194304 (custom)
2021-08-15 14:02:11,655 [pool-406-thread-1] INFO  server.RaftServerConfigKeys (ConfUtils.java:logGet(44)) - raft.server.log.preallocated.size = 4194304 (custom)
2021-08-15 14:02:11,655 [pool-406-thread-1] INFO  server.RaftServerConfigKeys (ConfUtils.java:logGet(44)) - raft.server.log.force.sync.num = 128 (default)
2021-08-15 14:02:11,655 [pool-406-thread-1] INFO  server.RaftServerConfigKeys (ConfUtils.java:logGet(44)) - raft.server.log.statemachine.data.sync = true (default)
2021-08-15 14:02:11,655 [pool-406-thread-1] INFO  server.RaftServerConfigKeys (ConfUtils.java:logGet(44)) - raft.server.log.statemachine.data.sync.timeout = 10s (default)
2021-08-15 14:02:11,655 [pool-406-thread-1] INFO  server.RaftServerConfigKeys (ConfUtils.java:logGet(44)) - raft.server.log.statemachine.data.sync.timeout.retry = -1 (default)
2021-08-15 14:02:11,656 [pool-406-thread-1] INFO  server.RaftServerConfigKeys (ConfUtils.java:logGet(44)) - raft.server.log.write.buffer.size = 64KB (=65536) (default)
2021-08-15 14:02:11,656 [pool-406-thread-1] INFO  server.RaftServerConfigKeys (ConfUtils.java:logGet(44)) - raft.server.log.statemachine.data.caching.enabled = false (default)
2021-08-15 14:02:11,656 [pool-406-thread-1] INFO  segmented.SegmentedRaftLogWorker (SegmentedRaftLogWorker.java:lambda$new$0(133)) - om1@group-C5BA1605619E-SegmentedRaftLogWorker: flushIndex: setUnconditionally 0 -> -1
2021-08-15 14:02:11,656 [pool-406-thread-1] INFO  segmented.SegmentedRaftLogWorker (SegmentedRaftLogWorker.java:lambda$new$0(133)) - om1@group-C5BA1605619E-SegmentedRaftLogWorker: safeCacheEvictIndex: setUnconditionally 0 -> -1
2021-08-15 14:02:11,664 [pool-406-thread-1] INFO  server.RaftServerConfigKeys (ConfUtils.java:logGet(44)) - raft.server.snapshot.auto.trigger.enabled = true (custom)
2021-08-15 14:02:11,664 [pool-406-thread-1] INFO  server.RaftServerConfigKeys (ConfUtils.java:logGet(44)) - raft.server.snapshot.auto.trigger.threshold = 400000 (default)
2021-08-15 14:02:11,664 [pool-406-thread-1] INFO  server.RaftServerConfigKeys (ConfUtils.java:logGet(44)) - raft.server.snapshot.retention.file.num = -1 (default)
2021-08-15 14:02:11,664 [pool-406-thread-1] INFO  server.RaftServerConfigKeys (ConfUtils.java:logGet(44)) - raft.server.log.purge.upto.snapshot.index = true (custom)
2021-08-15 14:02:11,664 [pool-406-thread-1] INFO  server.RaftServerConfigKeys (ConfUtils.java:logGet(44)) - raft.server.retrycache.expirytime = 300s (custom)
2021-08-15 14:02:11,664 [pool-406-thread-1] INFO  server.RaftServerConfigKeys (ConfUtils.java:logGet(44)) - raft.server.retrycache.statistics.expirytime = 100μs (default)
2021-08-15 14:02:11,667 [Listener at 127.0.0.1/41905] INFO  om.OzoneManager (OzoneManager.java:initFSOLayout(4321)) - Configured ozone.om.metadata.layout=SIMPLE and disabled optimized OM FS operations
2021-08-15 14:02:11,680 [Listener at 127.0.0.1/41905] INFO  impl.MetricsSystemImpl (MetricsSystemImpl.java:init(158)) - OzoneManager metrics system started (again)
2021-08-15 14:02:11,721 [Listener at 127.0.0.1/41905] INFO  om.OzoneManager (OzoneManager.java:start(1270)) - OzoneManager RPC server is listening at localhost/127.0.0.1:41905
2021-08-15 14:02:11,725 [Listener at 127.0.0.1/41905] INFO  ratis.OzoneManagerRatisServer (OzoneManagerRatisServer.java:start(516)) - Starting OzoneManagerRatisServer om1 at port 9872
2021-08-15 14:02:11,725 [Listener at 127.0.0.1/41905] INFO  server.RaftServer$Division (RaftServerImpl.java:start(296)) - om1@group-C5BA1605619E: start as a follower, conf=-1: [om1|rpc:localhost:9872|priority:0], old=null
2021-08-15 14:02:11,725 [Listener at 127.0.0.1/41905] INFO  server.RaftServer$Division (RaftServerImpl.java:setRole(285)) - om1@group-C5BA1605619E: changes role from      null to FOLLOWER at term 0 for startAsFollower
2021-08-15 14:02:11,726 [Listener at 127.0.0.1/41905] INFO  impl.RoleInfo (RoleInfo.java:updateAndGet(130)) - om1: start om1@group-C5BA1605619E-FollowerState
2021-08-15 14:02:11,738 [Listener at 127.0.0.1/41905] INFO  util.JmxRegister (JmxRegister.java:tryRegister(44)) - Successfully registered JMX Bean with object name Ratis:service=RaftServer,group=group-C5BA1605619E,id=om1
2021-08-15 14:02:11,744 [Listener at 127.0.0.1/41905] INFO  server.RaftServer (RaftServerProxy.java:lambda$start$5(374)) - om1: start RPC server
2021-08-15 14:02:11,760 [Listener at 127.0.0.1/41905] INFO  server.GrpcService (GrpcService.java:startImpl(253)) - om1: GrpcService started, listening on 9872
2021-08-15 14:02:11,761 [Listener at 127.0.0.1/41905] INFO  om.OzoneManager (OzoneManager.java:start(1288)) - Version File has different layout version (0) than OM DB (null). That is expected if this OM has never been finalized to a newer layout version.
2021-08-15 14:02:11,761 [org.apache.ratis.util.JvmPauseMonitor$$Lambda$531/1393706494@2446bd09] INFO  util.JvmPauseMonitor (JvmPauseMonitor.java:run(103)) - JvmPauseMonitor-om1: Started
2021-08-15 14:02:11,770 [Listener at 127.0.0.1/41905] INFO  http.BaseHttpServer (BaseHttpServer.java:newHttpServer2BuilderForOzone(209)) - Starting Web-server for ozoneManager at: http://0.0.0.0:0
2021-08-15 14:02:11,770 [Listener at 127.0.0.1/41905] INFO  http.BaseHttpServer (BaseHttpServer.java:<init>(107)) - Hadoop Security Enabled: false Ozone Security Enabled: false Ozone HTTP Security Enabled: false 
2021-08-15 14:02:11,771 [Listener at 127.0.0.1/41905] INFO  server.AuthenticationFilter (AuthenticationFilter.java:constructSecretProvider(240)) - Unable to initialize FileSignerSecretProvider, falling back to use random secrets.
2021-08-15 14:02:11,792 [Listener at 127.0.0.1/41905] WARN  http.HttpRequestLog (HttpRequestLog.java:getRequestLog(103)) - Jetty request log can only be enabled using Log4j
2021-08-15 14:02:11,793 [Listener at 127.0.0.1/41905] INFO  http.HttpServer2 (HttpServer2.java:addGlobalFilter(1020)) - Added global filter 'safety' (class=org.apache.hadoop.hdds.server.http.HttpServer2$QuotingInputFilter)
2021-08-15 14:02:11,793 [Listener at 127.0.0.1/41905] INFO  http.HttpServer2 (HttpServer2.java:addFilter(996)) - Added filter static_user_filter (class=org.apache.hadoop.http.lib.StaticUserWebFilter$StaticUserFilter) to context ozoneManager
2021-08-15 14:02:11,793 [Listener at 127.0.0.1/41905] INFO  http.HttpServer2 (HttpServer2.java:addFilter(1004)) - Added filter static_user_filter (class=org.apache.hadoop.http.lib.StaticUserWebFilter$StaticUserFilter) to context static
2021-08-15 14:02:11,793 [Listener at 127.0.0.1/41905] INFO  http.HttpServer2 (HttpServer2.java:addFilter(1004)) - Added filter static_user_filter (class=org.apache.hadoop.http.lib.StaticUserWebFilter$StaticUserFilter) to context logs
2021-08-15 14:02:11,794 [Listener at 127.0.0.1/41905] INFO  http.HttpServer2 (HttpServer2.java:bindListener(1239)) - Jetty bound to port 41067
2021-08-15 14:02:11,794 [Listener at 127.0.0.1/41905] INFO  server.Server (Server.java:doStart(375)) - jetty-9.4.43.v20210629; built: 2021-06-30T11:07:22.254Z; git: 526006ecfa3af7f1a27ef3a288e2bef7ea9dd7e8; jvm 1.8.0_292-b10
2021-08-15 14:02:11,797 [Listener at 127.0.0.1/41905] INFO  server.session (DefaultSessionIdManager.java:doStart(334)) - DefaultSessionIdManager workerName=node0
2021-08-15 14:02:11,797 [Listener at 127.0.0.1/41905] INFO  server.session (DefaultSessionIdManager.java:doStart(339)) - No SessionScavenger set, using defaults
2021-08-15 14:02:11,797 [Listener at 127.0.0.1/41905] INFO  server.session (HouseKeeper.java:startScavenging(132)) - node0 Scavenging every 600000ms
2021-08-15 14:02:11,798 [Listener at 127.0.0.1/41905] INFO  handler.ContextHandler (ContextHandler.java:doStart(915)) - Started o.e.j.s.ServletContextHandler@26eb6e87{logs,/logs,file:///home/runner/work/ozone/ozone/hadoop-ozone/integration-test/target/log,AVAILABLE}
2021-08-15 14:02:11,798 [Listener at 127.0.0.1/41905] INFO  handler.ContextHandler (ContextHandler.java:doStart(915)) - Started o.e.j.s.ServletContextHandler@4d1b2e3f{static,/static,file:///home/runner/work/ozone/ozone/hadoop-ozone/integration-test/target/test-classes/webapps/static,AVAILABLE}
2021-08-15 14:02:11,809 [Listener at 127.0.0.1/41905] INFO  handler.ContextHandler (ContextHandler.java:doStart(915)) - Started o.e.j.w.WebAppContext@2de22551{ozoneManager,/,file:///home/runner/work/ozone/ozone/hadoop-ozone/integration-test/target/test-classes/webapps/ozoneManager/,AVAILABLE}{file:/home/runner/work/ozone/ozone/hadoop-ozone/integration-test/target/test-classes/webapps/ozoneManager}
2021-08-15 14:02:11,812 [Listener at 127.0.0.1/41905] INFO  server.AbstractConnector (AbstractConnector.java:doStart(331)) - Started ServerConnector@26f8e09e{HTTP/1.1, (http/1.1)}{0.0.0.0:41067}
2021-08-15 14:02:11,812 [Listener at 127.0.0.1/41905] INFO  server.Server (Server.java:doStart(415)) - Started @112027ms
2021-08-15 14:02:11,816 [Listener at 127.0.0.1/41905] WARN  impl.MetricsSystemImpl (MetricsSystemImpl.java:register(279)) - Sink prometheus already exists!
2021-08-15 14:02:11,816 [Listener at 127.0.0.1/41905] INFO  http.BaseHttpServer (BaseHttpServer.java:updateConnectorAddress(329)) - HTTP server of ozoneManager listening at http://0.0.0.0:41067
2021-08-15 14:02:11,824 [IPC Server Responder] INFO  ipc.Server (Server.java:run(1507)) - IPC Server Responder: starting
2021-08-15 14:02:11,824 [IPC Server listener on 0] INFO  ipc.Server (Server.java:run(1344)) - IPC Server listener on 0: starting
2021-08-15 14:02:11,876 [Listener at 127.0.0.1/41905] INFO  om.OzoneManager (OzoneManager.java:startTrashEmptier(1531)) - Trash Interval set to 0. Files deleted will not move to trash
2021-08-15 14:02:11,897 [org.apache.hadoop.util.JvmPauseMonitor$Monitor@1eb84ea6] INFO  util.JvmPauseMonitor (JvmPauseMonitor.java:run(188)) - Starting JVM pause monitor
2021-08-15 14:02:11,899 [Listener at 127.0.0.1/41905] WARN  impl.MetricRegistriesImpl (MetricRegistriesImpl.java:addReporterRegistration(111)) - New reporters are added after registries were created. Some metrics will be missing from the reporter. Please add reporter before adding any new registry.
2021-08-15 14:02:11,904 [Listener at 127.0.0.1/41905] WARN  impl.MetricRegistriesImpl (MetricRegistriesImpl.java:addReporterRegistration(111)) - New reporters are added after registries were created. Some metrics will be missing from the reporter. Please add reporter before adding any new registry.
2021-08-15 14:02:11,908 [Listener at 127.0.0.1/41905] INFO  impl.MetricsSystemImpl (MetricsSystemImpl.java:init(158)) - HddsDatanode metrics system started (again)
2021-08-15 14:02:11,948 [Listener at 127.0.0.1/41905] INFO  ozone.HddsDatanodeService (HddsDatanodeService.java:start(234)) - HddsDatanodeService host:fv-az184-677.3ow45vhwbzuu5incsxmygykede.cx.internal.cloudapp.net ip:10.1.0.17
2021-08-15 14:02:11,995 [Listener at 127.0.0.1/41905] INFO  upgrade.AbstractLayoutVersionManager (AbstractLayoutVersionManager.java:init(70)) - Initializing Layout version manager with metadata layout = SCM_HA (version = 2), software layout = SCM_HA (version = 2)
2021-08-15 14:02:12,077 [Listener at 127.0.0.1/41905] INFO  reflections.Reflections (Reflections.java:scan(232)) - Reflections took 81 ms to scan 7 urls, producing 120 keys and 275 values 
2021-08-15 14:02:12,115 [Listener at 127.0.0.1/41905] INFO  volume.HddsVolume (HddsVolume.java:<init>(120)) - Creating HddsVolume: /home/runner/work/ozone/ozone/hadoop-ozone/integration-test/target/test-dir/MiniOzoneClusterImpl-8fa699bc-e258-4c24-98aa-94a5d955589f/datanode-0/data-0/containers/hdds of storage type : DISK capacity : 9223372036854775807
2021-08-15 14:02:12,116 [Listener at 127.0.0.1/41905] INFO  volume.MutableVolumeSet (MutableVolumeSet.java:initializeVolumeSet(181)) - Added Volume : /home/runner/work/ozone/ozone/hadoop-ozone/integration-test/target/test-dir/MiniOzoneClusterImpl-8fa699bc-e258-4c24-98aa-94a5d955589f/datanode-0/data-0/containers/hdds to VolumeSet
2021-08-15 14:02:12,116 [Listener at 127.0.0.1/41905] INFO  volume.ThrottledAsyncChecker (ThrottledAsyncChecker.java:schedule(141)) - Scheduling a check for /home/runner/work/ozone/ozone/hadoop-ozone/integration-test/target/test-dir/MiniOzoneClusterImpl-8fa699bc-e258-4c24-98aa-94a5d955589f/datanode-0/data-0/containers/hdds
2021-08-15 14:02:12,132 [Listener at 127.0.0.1/41905] INFO  volume.StorageVolumeChecker (StorageVolumeChecker.java:checkAllVolumes(202)) - Scheduled health check for volume /home/runner/work/ozone/ozone/hadoop-ozone/integration-test/target/test-dir/MiniOzoneClusterImpl-8fa699bc-e258-4c24-98aa-94a5d955589f/datanode-0/data-0/containers/hdds
2021-08-15 14:02:12,168 [Listener at 127.0.0.1/41905] INFO  volume.MutableVolumeSet (MutableVolumeSet.java:initializeVolumeSet(181)) - Added Volume : /home/runner/work/ozone/ozone/hadoop-ozone/integration-test/target/test-dir/MiniOzoneClusterImpl-8fa699bc-e258-4c24-98aa-94a5d955589f/datanode-0/data/ratis to VolumeSet
2021-08-15 14:02:12,168 [Listener at 127.0.0.1/41905] INFO  volume.ThrottledAsyncChecker (ThrottledAsyncChecker.java:schedule(141)) - Scheduling a check for /home/runner/work/ozone/ozone/hadoop-ozone/integration-test/target/test-dir/MiniOzoneClusterImpl-8fa699bc-e258-4c24-98aa-94a5d955589f/datanode-0/data/ratis
2021-08-15 14:02:12,168 [Listener at 127.0.0.1/41905] INFO  volume.StorageVolumeChecker (StorageVolumeChecker.java:checkAllVolumes(202)) - Scheduled health check for volume /home/runner/work/ozone/ozone/hadoop-ozone/integration-test/target/test-dir/MiniOzoneClusterImpl-8fa699bc-e258-4c24-98aa-94a5d955589f/datanode-0/data/ratis
2021-08-15 14:02:12,188 [Listener at 127.0.0.1/41905] INFO  ozoneimpl.ContainerReader (ContainerReader.java:<init>(98)) - Running in upgrade mode:true
2021-08-15 14:02:12,206 [Thread-4264] INFO  ozoneimpl.ContainerReader (ContainerReader.java:readVolume(142)) - Start to verify containers on volume /home/runner/work/ozone/ozone/hadoop-ozone/integration-test/target/test-dir/MiniOzoneClusterImpl-8fa699bc-e258-4c24-98aa-94a5d955589f/datanode-0/data-0/containers/hdds
2021-08-15 14:02:12,206 [Thread-4264] INFO  ozoneimpl.ContainerReader (ContainerReader.java:readVolume(174)) - Finish verifying containers on volume /home/runner/work/ozone/ozone/hadoop-ozone/integration-test/target/test-dir/MiniOzoneClusterImpl-8fa699bc-e258-4c24-98aa-94a5d955589f/datanode-0/data-0/containers/hdds
2021-08-15 14:02:12,206 [Listener at 127.0.0.1/41905] INFO  ozoneimpl.OzoneContainer (OzoneContainer.java:buildContainerSet(237)) - Build ContainerSet costs 0s
2021-08-15 14:02:12,209 [Listener at 127.0.0.1/41905] INFO  server.RaftServer (ConfUtils.java:logGet(44)) - raft.rpc.type = GRPC (default)
2021-08-15 14:02:12,210 [Listener at 127.0.0.1/41905] INFO  grpc.GrpcFactory (GrpcFactory.java:checkPooledByteBufAllocatorUseCacheForAllThreads(48)) - PERFORMANCE WARNING: useCacheForAllThreads is true that may cause Netty to create a lot garbage objects and, as a result, trigger GC.
	It is recommended to disable useCacheForAllThreads by setting -Dorg.apache.ratis.thirdparty.io.netty.allocator.useCacheForAllThreads=false in command line.
2021-08-15 14:02:12,210 [Listener at 127.0.0.1/41905] INFO  grpc.GrpcConfigKeys (ConfUtils.java:logGet(44)) - raft.grpc.admin.port = 0 (custom)
2021-08-15 14:02:12,210 [Listener at 127.0.0.1/41905] INFO  grpc.GrpcConfigKeys (ConfUtils.java:logGet(44)) - raft.grpc.client.port = 0 (custom)
2021-08-15 14:02:12,210 [Listener at 127.0.0.1/41905] INFO  grpc.GrpcConfigKeys (ConfUtils.java:logGet(44)) - raft.grpc.server.port = 0 (default)
2021-08-15 14:02:12,210 [Listener at 127.0.0.1/41905] INFO  server.GrpcService (ConfUtils.java:logGet(44)) - raft.grpc.message.size.max = 32MB (=33554432) (custom)
2021-08-15 14:02:12,210 [Listener at 127.0.0.1/41905] INFO  server.RaftServerConfigKeys (ConfUtils.java:logGet(44)) - raft.server.log.appender.buffer.byte-limit = 33554432 (custom)
2021-08-15 14:02:12,210 [Listener at 127.0.0.1/41905] INFO  server.GrpcService (ConfUtils.java:logGet(44)) - raft.grpc.flow.control.window = 5MB (=5242880) (custom)
2021-08-15 14:02:12,210 [Listener at 127.0.0.1/41905] INFO  server.RaftServerConfigKeys (ConfUtils.java:logGet(44)) - raft.server.rpc.request.timeout = 60s (custom)
2021-08-15 14:02:12,212 [Listener at 127.0.0.1/41905] INFO  impl.DataStreamServerImpl (ConfUtils.java:logGet(44)) - raft.datastream.type = DISABLED (default)
2021-08-15 14:02:12,215 [Listener at 127.0.0.1/41905] INFO  server.RaftServerConfigKeys (ConfUtils.java:logGet(44)) - raft.server.rpc.slowness.timeout = 300s (custom)
2021-08-15 14:02:12,215 [Listener at 127.0.0.1/41905] INFO  server.RaftServerConfigKeys (ConfUtils.java:logGet(44)) - raft.server.leaderelection.leader.step-down.wait-time = 10s (default)
2021-08-15 14:02:12,215 [Listener at 127.0.0.1/41905] INFO  server.RaftServerConfigKeys (ConfUtils.java:logGet(44)) - raft.server.storage.dir = [/home/runner/work/ozone/ozone/hadoop-ozone/integration-test/target/test-dir/MiniOzoneClusterImpl-8fa699bc-e258-4c24-98aa-94a5d955589f/datanode-0/data/ratis] (custom)
2021-08-15 14:02:12,227 [Listener at 127.0.0.1/41905] INFO  http.BaseHttpServer (BaseHttpServer.java:newHttpServer2BuilderForOzone(209)) - Starting Web-server for hddsDatanode at: http://0.0.0.0:0
2021-08-15 14:02:12,227 [Listener at 127.0.0.1/41905] INFO  http.BaseHttpServer (BaseHttpServer.java:<init>(107)) - Hadoop Security Enabled: false Ozone Security Enabled: false Ozone HTTP Security Enabled: false 
2021-08-15 14:02:12,228 [Listener at 127.0.0.1/41905] INFO  server.AuthenticationFilter (AuthenticationFilter.java:constructSecretProvider(240)) - Unable to initialize FileSignerSecretProvider, falling back to use random secrets.
2021-08-15 14:02:12,238 [Listener at 127.0.0.1/41905] WARN  http.HttpRequestLog (HttpRequestLog.java:getRequestLog(103)) - Jetty request log can only be enabled using Log4j
2021-08-15 14:02:12,239 [Listener at 127.0.0.1/41905] INFO  http.HttpServer2 (HttpServer2.java:addGlobalFilter(1020)) - Added global filter 'safety' (class=org.apache.hadoop.hdds.server.http.HttpServer2$QuotingInputFilter)
2021-08-15 14:02:12,239 [Listener at 127.0.0.1/41905] INFO  http.HttpServer2 (HttpServer2.java:addFilter(996)) - Added filter static_user_filter (class=org.apache.hadoop.http.lib.StaticUserWebFilter$StaticUserFilter) to context hddsDatanode
2021-08-15 14:02:12,239 [Listener at 127.0.0.1/41905] INFO  http.HttpServer2 (HttpServer2.java:addFilter(1004)) - Added filter static_user_filter (class=org.apache.hadoop.http.lib.StaticUserWebFilter$StaticUserFilter) to context logs
2021-08-15 14:02:12,240 [Listener at 127.0.0.1/41905] INFO  http.HttpServer2 (HttpServer2.java:addFilter(1004)) - Added filter static_user_filter (class=org.apache.hadoop.http.lib.StaticUserWebFilter$StaticUserFilter) to context static
2021-08-15 14:02:12,240 [Listener at 127.0.0.1/41905] INFO  http.HttpServer2 (HttpServer2.java:bindListener(1239)) - Jetty bound to port 40875
2021-08-15 14:02:12,240 [Listener at 127.0.0.1/41905] INFO  server.Server (Server.java:doStart(375)) - jetty-9.4.43.v20210629; built: 2021-06-30T11:07:22.254Z; git: 526006ecfa3af7f1a27ef3a288e2bef7ea9dd7e8; jvm 1.8.0_292-b10
2021-08-15 14:02:12,263 [Listener at 127.0.0.1/41905] INFO  server.session (DefaultSessionIdManager.java:doStart(334)) - DefaultSessionIdManager workerName=node0
2021-08-15 14:02:12,263 [Listener at 127.0.0.1/41905] INFO  server.session (DefaultSessionIdManager.java:doStart(339)) - No SessionScavenger set, using defaults
2021-08-15 14:02:12,263 [Listener at 127.0.0.1/41905] INFO  server.session (HouseKeeper.java:startScavenging(132)) - node0 Scavenging every 600000ms
2021-08-15 14:02:12,280 [Listener at 127.0.0.1/41905] INFO  handler.ContextHandler (ContextHandler.java:doStart(915)) - Started o.e.j.s.ServletContextHandler@5b0480a3{logs,/logs,file:///home/runner/work/ozone/ozone/hadoop-ozone/integration-test/target/log,AVAILABLE}
2021-08-15 14:02:12,280 [Listener at 127.0.0.1/41905] INFO  handler.ContextHandler (ContextHandler.java:doStart(915)) - Started o.e.j.s.ServletContextHandler@54e6635e{static,/static,jar:file:/home/runner/.m2/repository/org/apache/ozone/hdds-container-service/1.2.0-SNAPSHOT/hdds-container-service-1.2.0-SNAPSHOT.jar!/webapps/static,AVAILABLE}
2021-08-15 14:02:12,382 [Listener at 127.0.0.1/41905] INFO  handler.ContextHandler (ContextHandler.java:doStart(915)) - Started o.e.j.w.WebAppContext@825ab3a{hddsDatanode,/,file:///tmp/jetty-0_0_0_0-40875-hdds-container-service-1_2_0-SNAPSHOT_jar-_-any-4861741021863746463/webapp/,AVAILABLE}{jar:file:/home/runner/.m2/repository/org/apache/ozone/hdds-container-service/1.2.0-SNAPSHOT/hdds-container-service-1.2.0-SNAPSHOT.jar!/webapps/hddsDatanode}
2021-08-15 14:02:12,396 [Listener at 127.0.0.1/41905] INFO  server.AbstractConnector (AbstractConnector.java:doStart(331)) - Started ServerConnector@2b638e54{HTTP/1.1, (http/1.1)}{0.0.0.0:40875}
2021-08-15 14:02:12,396 [Listener at 127.0.0.1/41905] INFO  server.Server (Server.java:doStart(415)) - Started @112611ms
2021-08-15 14:02:12,396 [Listener at 127.0.0.1/41905] WARN  impl.MetricsSystemImpl (MetricsSystemImpl.java:register(279)) - Sink prometheus already exists!
2021-08-15 14:02:12,400 [Listener at 127.0.0.1/41905] INFO  http.BaseHttpServer (BaseHttpServer.java:updateConnectorAddress(329)) - HTTP server of hddsDatanode listening at http://0.0.0.0:40875
2021-08-15 14:02:12,400 [Listener at 127.0.0.1/41905] WARN  impl.MetricRegistriesImpl (MetricRegistriesImpl.java:addReporterRegistration(111)) - New reporters are added after registries were created. Some metrics will be missing from the reporter. Please add reporter before adding any new registry.
2021-08-15 14:02:12,400 [Listener at 127.0.0.1/41905] WARN  impl.MetricRegistriesImpl (MetricRegistriesImpl.java:addReporterRegistration(111)) - New reporters are added after registries were created. Some metrics will be missing from the reporter. Please add reporter before adding any new registry.
2021-08-15 14:02:12,401 [Listener at 127.0.0.1/41905] INFO  impl.MetricsSystemImpl (MetricsSystemImpl.java:init(158)) - HddsDatanode metrics system started (again)
2021-08-15 14:02:12,421 [Listener at 127.0.0.1/41905] INFO  ozone.HddsDatanodeService (HddsDatanodeService.java:start(234)) - HddsDatanodeService host:fv-az184-677.3ow45vhwbzuu5incsxmygykede.cx.internal.cloudapp.net ip:10.1.0.17
2021-08-15 14:02:12,472 [org.apache.hadoop.util.JvmPauseMonitor$Monitor@7df28d0e] INFO  util.JvmPauseMonitor (JvmPauseMonitor.java:run(188)) - Starting JVM pause monitor
2021-08-15 14:02:12,473 [Datanode State Machine Task Thread - 0] INFO  datanode.InitDatanodeState (InitDatanodeState.java:persistContainerDatanodeDetails(145)) - DatanodeDetails is persisted to /home/runner/work/ozone/ozone/hadoop-ozone/integration-test/target/test-dir/MiniOzoneClusterImpl-8fa699bc-e258-4c24-98aa-94a5d955589f/datanode-0/meta/datanode.id
2021-08-15 14:02:12,480 [Listener at 127.0.0.1/41905] INFO  upgrade.AbstractLayoutVersionManager (AbstractLayoutVersionManager.java:init(70)) - Initializing Layout version manager with metadata layout = SCM_HA (version = 2), software layout = SCM_HA (version = 2)
2021-08-15 14:02:12,553 [Listener at 127.0.0.1/41905] INFO  reflections.Reflections (Reflections.java:scan(232)) - Reflections took 73 ms to scan 7 urls, producing 120 keys and 275 values 
2021-08-15 14:02:12,588 [Listener at 127.0.0.1/41905] INFO  volume.HddsVolume (HddsVolume.java:<init>(120)) - Creating HddsVolume: /home/runner/work/ozone/ozone/hadoop-ozone/integration-test/target/test-dir/MiniOzoneClusterImpl-8fa699bc-e258-4c24-98aa-94a5d955589f/datanode-1/data-0/containers/hdds of storage type : DISK capacity : 9223372036854775807
2021-08-15 14:02:12,588 [Listener at 127.0.0.1/41905] INFO  volume.MutableVolumeSet (MutableVolumeSet.java:initializeVolumeSet(181)) - Added Volume : /home/runner/work/ozone/ozone/hadoop-ozone/integration-test/target/test-dir/MiniOzoneClusterImpl-8fa699bc-e258-4c24-98aa-94a5d955589f/datanode-1/data-0/containers/hdds to VolumeSet
2021-08-15 14:02:12,588 [Listener at 127.0.0.1/41905] INFO  volume.ThrottledAsyncChecker (ThrottledAsyncChecker.java:schedule(141)) - Scheduling a check for /home/runner/work/ozone/ozone/hadoop-ozone/integration-test/target/test-dir/MiniOzoneClusterImpl-8fa699bc-e258-4c24-98aa-94a5d955589f/datanode-1/data-0/containers/hdds
2021-08-15 14:02:12,600 [Listener at 127.0.0.1/41905] INFO  volume.StorageVolumeChecker (StorageVolumeChecker.java:checkAllVolumes(202)) - Scheduled health check for volume /home/runner/work/ozone/ozone/hadoop-ozone/integration-test/target/test-dir/MiniOzoneClusterImpl-8fa699bc-e258-4c24-98aa-94a5d955589f/datanode-1/data-0/containers/hdds
2021-08-15 14:02:12,635 [Listener at 127.0.0.1/41905] INFO  volume.MutableVolumeSet (MutableVolumeSet.java:initializeVolumeSet(181)) - Added Volume : /home/runner/work/ozone/ozone/hadoop-ozone/integration-test/target/test-dir/MiniOzoneClusterImpl-8fa699bc-e258-4c24-98aa-94a5d955589f/datanode-1/data/ratis to VolumeSet
2021-08-15 14:02:12,640 [Listener at 127.0.0.1/41905] INFO  volume.ThrottledAsyncChecker (ThrottledAsyncChecker.java:schedule(141)) - Scheduling a check for /home/runner/work/ozone/ozone/hadoop-ozone/integration-test/target/test-dir/MiniOzoneClusterImpl-8fa699bc-e258-4c24-98aa-94a5d955589f/datanode-1/data/ratis
2021-08-15 14:02:12,644 [Listener at 127.0.0.1/41905] INFO  volume.StorageVolumeChecker (StorageVolumeChecker.java:checkAllVolumes(202)) - Scheduled health check for volume /home/runner/work/ozone/ozone/hadoop-ozone/integration-test/target/test-dir/MiniOzoneClusterImpl-8fa699bc-e258-4c24-98aa-94a5d955589f/datanode-1/data/ratis
2021-08-15 14:02:12,674 [Listener at 127.0.0.1/41905] INFO  ozoneimpl.ContainerReader (ContainerReader.java:<init>(98)) - Running in upgrade mode:true
2021-08-15 14:02:12,678 [Thread-4276] INFO  ozoneimpl.ContainerReader (ContainerReader.java:readVolume(142)) - Start to verify containers on volume /home/runner/work/ozone/ozone/hadoop-ozone/integration-test/target/test-dir/MiniOzoneClusterImpl-8fa699bc-e258-4c24-98aa-94a5d955589f/datanode-1/data-0/containers/hdds
2021-08-15 14:02:12,678 [Thread-4276] INFO  ozoneimpl.ContainerReader (ContainerReader.java:readVolume(174)) - Finish verifying containers on volume /home/runner/work/ozone/ozone/hadoop-ozone/integration-test/target/test-dir/MiniOzoneClusterImpl-8fa699bc-e258-4c24-98aa-94a5d955589f/datanode-1/data-0/containers/hdds
2021-08-15 14:02:12,678 [Listener at 127.0.0.1/41905] INFO  ozoneimpl.OzoneContainer (OzoneContainer.java:buildContainerSet(237)) - Build ContainerSet costs 0s
2021-08-15 14:02:12,680 [Listener at 127.0.0.1/41905] INFO  server.RaftServer (ConfUtils.java:logGet(44)) - raft.rpc.type = GRPC (default)
2021-08-15 14:02:12,680 [Listener at 127.0.0.1/41905] INFO  grpc.GrpcFactory (GrpcFactory.java:checkPooledByteBufAllocatorUseCacheForAllThreads(48)) - PERFORMANCE WARNING: useCacheForAllThreads is true that may cause Netty to create a lot garbage objects and, as a result, trigger GC.
	It is recommended to disable useCacheForAllThreads by setting -Dorg.apache.ratis.thirdparty.io.netty.allocator.useCacheForAllThreads=false in command line.
2021-08-15 14:02:12,680 [Listener at 127.0.0.1/41905] INFO  grpc.GrpcConfigKeys (ConfUtils.java:logGet(44)) - raft.grpc.admin.port = 0 (custom)
2021-08-15 14:02:12,680 [Listener at 127.0.0.1/41905] INFO  grpc.GrpcConfigKeys (ConfUtils.java:logGet(44)) - raft.grpc.client.port = 0 (custom)
2021-08-15 14:02:12,680 [Listener at 127.0.0.1/41905] INFO  grpc.GrpcConfigKeys (ConfUtils.java:logGet(44)) - raft.grpc.server.port = 0 (default)
2021-08-15 14:02:12,681 [Listener at 127.0.0.1/41905] INFO  server.GrpcService (ConfUtils.java:logGet(44)) - raft.grpc.message.size.max = 32MB (=33554432) (custom)
2021-08-15 14:02:12,681 [Listener at 127.0.0.1/41905] INFO  server.RaftServerConfigKeys (ConfUtils.java:logGet(44)) - raft.server.log.appender.buffer.byte-limit = 33554432 (custom)
2021-08-15 14:02:12,681 [Listener at 127.0.0.1/41905] INFO  server.GrpcService (ConfUtils.java:logGet(44)) - raft.grpc.flow.control.window = 5MB (=5242880) (custom)
2021-08-15 14:02:12,681 [Listener at 127.0.0.1/41905] INFO  server.RaftServerConfigKeys (ConfUtils.java:logGet(44)) - raft.server.rpc.request.timeout = 60s (custom)
2021-08-15 14:02:12,682 [Listener at 127.0.0.1/41905] INFO  impl.DataStreamServerImpl (ConfUtils.java:logGet(44)) - raft.datastream.type = DISABLED (default)
2021-08-15 14:02:12,682 [Listener at 127.0.0.1/41905] INFO  server.RaftServerConfigKeys (ConfUtils.java:logGet(44)) - raft.server.rpc.slowness.timeout = 300s (custom)
2021-08-15 14:02:12,682 [Listener at 127.0.0.1/41905] INFO  server.RaftServerConfigKeys (ConfUtils.java:logGet(44)) - raft.server.leaderelection.leader.step-down.wait-time = 10s (default)
2021-08-15 14:02:12,682 [Listener at 127.0.0.1/41905] INFO  server.RaftServerConfigKeys (ConfUtils.java:logGet(44)) - raft.server.storage.dir = [/home/runner/work/ozone/ozone/hadoop-ozone/integration-test/target/test-dir/MiniOzoneClusterImpl-8fa699bc-e258-4c24-98aa-94a5d955589f/datanode-1/data/ratis] (custom)
2021-08-15 14:02:12,695 [Listener at 127.0.0.1/41905] INFO  http.BaseHttpServer (BaseHttpServer.java:newHttpServer2BuilderForOzone(209)) - Starting Web-server for hddsDatanode at: http://0.0.0.0:0
2021-08-15 14:02:12,695 [Listener at 127.0.0.1/41905] INFO  http.BaseHttpServer (BaseHttpServer.java:<init>(107)) - Hadoop Security Enabled: false Ozone Security Enabled: false Ozone HTTP Security Enabled: false 
2021-08-15 14:02:12,696 [Listener at 127.0.0.1/41905] INFO  server.AuthenticationFilter (AuthenticationFilter.java:constructSecretProvider(240)) - Unable to initialize FileSignerSecretProvider, falling back to use random secrets.
2021-08-15 14:02:12,697 [Listener at 127.0.0.1/41905] WARN  http.HttpRequestLog (HttpRequestLog.java:getRequestLog(103)) - Jetty request log can only be enabled using Log4j
2021-08-15 14:02:12,697 [Listener at 127.0.0.1/41905] INFO  http.HttpServer2 (HttpServer2.java:addGlobalFilter(1020)) - Added global filter 'safety' (class=org.apache.hadoop.hdds.server.http.HttpServer2$QuotingInputFilter)
2021-08-15 14:02:12,698 [Listener at 127.0.0.1/41905] INFO  http.HttpServer2 (HttpServer2.java:addFilter(996)) - Added filter static_user_filter (class=org.apache.hadoop.http.lib.StaticUserWebFilter$StaticUserFilter) to context hddsDatanode
2021-08-15 14:02:12,698 [Listener at 127.0.0.1/41905] INFO  http.HttpServer2 (HttpServer2.java:addFilter(1004)) - Added filter static_user_filter (class=org.apache.hadoop.http.lib.StaticUserWebFilter$StaticUserFilter) to context static
2021-08-15 14:02:12,698 [Listener at 127.0.0.1/41905] INFO  http.HttpServer2 (HttpServer2.java:addFilter(1004)) - Added filter static_user_filter (class=org.apache.hadoop.http.lib.StaticUserWebFilter$StaticUserFilter) to context logs
2021-08-15 14:02:12,698 [Listener at 127.0.0.1/41905] INFO  http.HttpServer2 (HttpServer2.java:bindListener(1239)) - Jetty bound to port 41851
2021-08-15 14:02:12,698 [Listener at 127.0.0.1/41905] INFO  server.Server (Server.java:doStart(375)) - jetty-9.4.43.v20210629; built: 2021-06-30T11:07:22.254Z; git: 526006ecfa3af7f1a27ef3a288e2bef7ea9dd7e8; jvm 1.8.0_292-b10
2021-08-15 14:02:12,751 [Listener at 127.0.0.1/41905] INFO  server.session (DefaultSessionIdManager.java:doStart(334)) - DefaultSessionIdManager workerName=node0
2021-08-15 14:02:12,752 [Listener at 127.0.0.1/41905] INFO  server.session (DefaultSessionIdManager.java:doStart(339)) - No SessionScavenger set, using defaults
2021-08-15 14:02:12,752 [Listener at 127.0.0.1/41905] INFO  server.session (HouseKeeper.java:startScavenging(132)) - node0 Scavenging every 660000ms
2021-08-15 14:02:12,765 [Listener at 127.0.0.1/41905] INFO  handler.ContextHandler (ContextHandler.java:doStart(915)) - Started o.e.j.s.ServletContextHandler@1ca91fd{logs,/logs,file:///home/runner/work/ozone/ozone/hadoop-ozone/integration-test/target/log,AVAILABLE}
2021-08-15 14:02:12,765 [Listener at 127.0.0.1/41905] INFO  handler.ContextHandler (ContextHandler.java:doStart(915)) - Started o.e.j.s.ServletContextHandler@1bc7c8c7{static,/static,jar:file:/home/runner/.m2/repository/org/apache/ozone/hdds-container-service/1.2.0-SNAPSHOT/hdds-container-service-1.2.0-SNAPSHOT.jar!/webapps/static,AVAILABLE}
2021-08-15 14:02:12,825 [om1@group-C5BA1605619E-FollowerState] INFO  impl.FollowerState (FollowerState.java:run(134)) - om1@group-C5BA1605619E-FollowerState: change to CANDIDATE, lastRpcElapsedTime:1099123239ns, electionTimeout:1087ms
2021-08-15 14:02:12,825 [om1@group-C5BA1605619E-FollowerState] INFO  impl.RoleInfo (RoleInfo.java:shutdownFollowerState(108)) - om1: shutdown om1@group-C5BA1605619E-FollowerState
2021-08-15 14:02:12,825 [om1@group-C5BA1605619E-FollowerState] INFO  server.RaftServer$Division (RaftServerImpl.java:setRole(285)) - om1@group-C5BA1605619E: changes role from  FOLLOWER to CANDIDATE at term 0 for changeToCandidate
2021-08-15 14:02:12,825 [om1@group-C5BA1605619E-FollowerState] INFO  server.RaftServerConfigKeys (ConfUtils.java:logGet(44)) - raft.server.leaderelection.pre-vote = false (custom)
2021-08-15 14:02:12,825 [om1@group-C5BA1605619E-FollowerState] INFO  impl.RoleInfo (RoleInfo.java:updateAndGet(130)) - om1: start om1@group-C5BA1605619E-LeaderElection13
2021-08-15 14:02:12,859 [om1@group-C5BA1605619E-LeaderElection13] INFO  impl.LeaderElection (LeaderElection.java:askForVotes(306)) - om1@group-C5BA1605619E-LeaderElection13 ELECTION round 0: submit vote requests at term 1 for -1: [om1|rpc:localhost:9872|priority:0], old=null
2021-08-15 14:02:12,859 [om1@group-C5BA1605619E-LeaderElection13] INFO  impl.LeaderElection (LeaderElection.java:askForVotes(308)) - om1@group-C5BA1605619E-LeaderElection13 ELECTION round 0: result PASSED (term=1)
2021-08-15 14:02:12,859 [om1@group-C5BA1605619E-LeaderElection13] INFO  impl.RoleInfo (RoleInfo.java:shutdownLeaderElection(121)) - om1: shutdown om1@group-C5BA1605619E-LeaderElection13
2021-08-15 14:02:12,859 [om1@group-C5BA1605619E-LeaderElection13] INFO  server.RaftServer$Division (RaftServerImpl.java:setRole(285)) - om1@group-C5BA1605619E: changes role from CANDIDATE to LEADER at term 1 for changeToLeader
2021-08-15 14:02:12,859 [om1@group-C5BA1605619E-LeaderElection13] INFO  server.RaftServer$Division (ServerState.java:setLeader(285)) - om1@group-C5BA1605619E: change Leader from null to om1 at term 1 for becomeLeader, leader elected after 1204ms
2021-08-15 14:02:12,859 [om1@group-C5BA1605619E-LeaderElection13] INFO  server.RaftServerConfigKeys (ConfUtils.java:logGet(44)) - raft.server.staging.catchup.gap = 1000 (default)
2021-08-15 14:02:12,859 [om1@group-C5BA1605619E-LeaderElection13] INFO  server.RaftServerConfigKeys (ConfUtils.java:logGet(44)) - raft.server.write.element-limit = 4096 (default)
2021-08-15 14:02:12,859 [om1@group-C5BA1605619E-LeaderElection13] INFO  server.RaftServerConfigKeys (ConfUtils.java:logGet(44)) - raft.server.write.byte-limit = 64MB (=67108864) (default)
2021-08-15 14:02:12,860 [om1@group-C5BA1605619E-LeaderElection13] INFO  server.RaftServerConfigKeys (ConfUtils.java:logGet(44)) - raft.server.watch.timeout = 10s (default)
2021-08-15 14:02:12,860 [om1@group-C5BA1605619E-LeaderElection13] INFO  server.RaftServerConfigKeys (ConfUtils.java:logGet(44)) - raft.server.watch.timeout.denomination = 1s (default)
2021-08-15 14:02:12,860 [om1@group-C5BA1605619E-LeaderElection13] INFO  server.RaftServerConfigKeys (ConfUtils.java:logGet(44)) - raft.server.watch.element-limit = 65536 (default)
2021-08-15 14:02:12,860 [om1@group-C5BA1605619E-LeaderElection13] INFO  impl.RoleInfo (RoleInfo.java:updateAndGet(130)) - om1: start om1@group-C5BA1605619E-LeaderStateImpl
2021-08-15 14:02:12,860 [om1@group-C5BA1605619E-LeaderElection13] INFO  segmented.SegmentedRaftLogWorker (SegmentedRaftLogWorker.java:startLogSegment(394)) - om1@group-C5BA1605619E-SegmentedRaftLogWorker: Starting segment from index:0
2021-08-15 14:02:12,877 [om1@group-C5BA1605619E-LeaderElection13] INFO  server.RaftServer$Division (ServerState.java:setRaftConf(387)) - om1@group-C5BA1605619E: set configuration 0: [om1|rpc:localhost:9872|admin:|client:|dataStream:|priority:0], old=null
2021-08-15 14:02:12,896 [om1@group-C5BA1605619E-SegmentedRaftLogWorker] INFO  segmented.SegmentedRaftLogWorker (SegmentedRaftLogWorker.java:execute(601)) - om1@group-C5BA1605619E-SegmentedRaftLogWorker: created new log segment /home/runner/work/ozone/ozone/hadoop-ozone/integration-test/target/test-dir/MiniOzoneClusterImpl-8fa699bc-e258-4c24-98aa-94a5d955589f/ozone-meta/ratis/bf265839-605b-3f16-9796-c5ba1605619e/current/log_inprogress_0
2021-08-15 14:02:12,899 [om1@group-C5BA1605619E-StateMachineUpdater] INFO  ratis.OzoneManagerStateMachine (OzoneManagerStateMachine.java:notifyConfigurationChanged(188)) - Received Configuration change notification from Ratis. New Peer list:
[id: "om1"
address: "localhost:9872"
]
2021-08-15 14:02:12,915 [Listener at 127.0.0.1/41905] INFO  handler.ContextHandler (ContextHandler.java:doStart(915)) - Started o.e.j.w.WebAppContext@1ed9a4bd{hddsDatanode,/,file:///tmp/jetty-0_0_0_0-41851-hdds-container-service-1_2_0-SNAPSHOT_jar-_-any-2230873732609372636/webapp/,AVAILABLE}{jar:file:/home/runner/.m2/repository/org/apache/ozone/hdds-container-service/1.2.0-SNAPSHOT/hdds-container-service-1.2.0-SNAPSHOT.jar!/webapps/hddsDatanode}
2021-08-15 14:02:12,932 [Listener at 127.0.0.1/41905] INFO  server.AbstractConnector (AbstractConnector.java:doStart(331)) - Started ServerConnector@2918e3d7{HTTP/1.1, (http/1.1)}{0.0.0.0:41851}
2021-08-15 14:02:12,933 [Listener at 127.0.0.1/41905] INFO  server.Server (Server.java:doStart(415)) - Started @113148ms
2021-08-15 14:02:12,940 [Listener at 127.0.0.1/41905] WARN  impl.MetricsSystemImpl (MetricsSystemImpl.java:register(279)) - Sink prometheus already exists!
2021-08-15 14:02:12,940 [Listener at 127.0.0.1/41905] INFO  http.BaseHttpServer (BaseHttpServer.java:updateConnectorAddress(329)) - HTTP server of hddsDatanode listening at http://0.0.0.0:41851
2021-08-15 14:02:12,941 [Listener at 127.0.0.1/41905] WARN  impl.MetricRegistriesImpl (MetricRegistriesImpl.java:addReporterRegistration(111)) - New reporters are added after registries were created. Some metrics will be missing from the reporter. Please add reporter before adding any new registry.
2021-08-15 14:02:12,941 [Listener at 127.0.0.1/41905] WARN  impl.MetricRegistriesImpl (MetricRegistriesImpl.java:addReporterRegistration(111)) - New reporters are added after registries were created. Some metrics will be missing from the reporter. Please add reporter before adding any new registry.
2021-08-15 14:02:12,941 [Listener at 127.0.0.1/41905] INFO  impl.MetricsSystemImpl (MetricsSystemImpl.java:init(158)) - HddsDatanode metrics system started (again)
2021-08-15 14:02:12,984 [org.apache.hadoop.util.JvmPauseMonitor$Monitor@111b30d9] INFO  util.JvmPauseMonitor (JvmPauseMonitor.java:run(188)) - Starting JVM pause monitor
2021-08-15 14:02:12,986 [Datanode State Machine Task Thread - 0] INFO  datanode.InitDatanodeState (InitDatanodeState.java:persistContainerDatanodeDetails(145)) - DatanodeDetails is persisted to /home/runner/work/ozone/ozone/hadoop-ozone/integration-test/target/test-dir/MiniOzoneClusterImpl-8fa699bc-e258-4c24-98aa-94a5d955589f/datanode-1/meta/datanode.id
2021-08-15 14:02:12,990 [Listener at 127.0.0.1/41905] INFO  ozone.HddsDatanodeService (HddsDatanodeService.java:start(234)) - HddsDatanodeService host:fv-az184-677.3ow45vhwbzuu5incsxmygykede.cx.internal.cloudapp.net ip:10.1.0.17
2021-08-15 14:02:13,042 [Listener at 127.0.0.1/41905] INFO  upgrade.AbstractLayoutVersionManager (AbstractLayoutVersionManager.java:init(70)) - Initializing Layout version manager with metadata layout = SCM_HA (version = 2), software layout = SCM_HA (version = 2)
2021-08-15 14:02:13,119 [Listener at 127.0.0.1/41905] INFO  reflections.Reflections (Reflections.java:scan(232)) - Reflections took 74 ms to scan 7 urls, producing 120 keys and 275 values 
2021-08-15 14:02:13,122 [Listener at 127.0.0.1/41905] INFO  volume.HddsVolume (HddsVolume.java:<init>(120)) - Creating HddsVolume: /home/runner/work/ozone/ozone/hadoop-ozone/integration-test/target/test-dir/MiniOzoneClusterImpl-8fa699bc-e258-4c24-98aa-94a5d955589f/datanode-2/data-0/containers/hdds of storage type : DISK capacity : 9223372036854775807
2021-08-15 14:02:13,122 [Listener at 127.0.0.1/41905] INFO  volume.MutableVolumeSet (MutableVolumeSet.java:initializeVolumeSet(181)) - Added Volume : /home/runner/work/ozone/ozone/hadoop-ozone/integration-test/target/test-dir/MiniOzoneClusterImpl-8fa699bc-e258-4c24-98aa-94a5d955589f/datanode-2/data-0/containers/hdds to VolumeSet
2021-08-15 14:02:13,122 [Listener at 127.0.0.1/41905] INFO  volume.ThrottledAsyncChecker (ThrottledAsyncChecker.java:schedule(141)) - Scheduling a check for /home/runner/work/ozone/ozone/hadoop-ozone/integration-test/target/test-dir/MiniOzoneClusterImpl-8fa699bc-e258-4c24-98aa-94a5d955589f/datanode-2/data-0/containers/hdds
2021-08-15 14:02:13,123 [Listener at 127.0.0.1/41905] INFO  volume.StorageVolumeChecker (StorageVolumeChecker.java:checkAllVolumes(202)) - Scheduled health check for volume /home/runner/work/ozone/ozone/hadoop-ozone/integration-test/target/test-dir/MiniOzoneClusterImpl-8fa699bc-e258-4c24-98aa-94a5d955589f/datanode-2/data-0/containers/hdds
2021-08-15 14:02:13,167 [Listener at 127.0.0.1/41905] INFO  volume.MutableVolumeSet (MutableVolumeSet.java:initializeVolumeSet(181)) - Added Volume : /home/runner/work/ozone/ozone/hadoop-ozone/integration-test/target/test-dir/MiniOzoneClusterImpl-8fa699bc-e258-4c24-98aa-94a5d955589f/datanode-2/data/ratis to VolumeSet
2021-08-15 14:02:13,167 [Listener at 127.0.0.1/41905] INFO  volume.ThrottledAsyncChecker (ThrottledAsyncChecker.java:schedule(141)) - Scheduling a check for /home/runner/work/ozone/ozone/hadoop-ozone/integration-test/target/test-dir/MiniOzoneClusterImpl-8fa699bc-e258-4c24-98aa-94a5d955589f/datanode-2/data/ratis
2021-08-15 14:02:13,168 [Listener at 127.0.0.1/41905] INFO  volume.StorageVolumeChecker (StorageVolumeChecker.java:checkAllVolumes(202)) - Scheduled health check for volume /home/runner/work/ozone/ozone/hadoop-ozone/integration-test/target/test-dir/MiniOzoneClusterImpl-8fa699bc-e258-4c24-98aa-94a5d955589f/datanode-2/data/ratis
2021-08-15 14:02:13,205 [Listener at 127.0.0.1/41905] INFO  ozoneimpl.ContainerReader (ContainerReader.java:<init>(98)) - Running in upgrade mode:true
2021-08-15 14:02:13,206 [Thread-4290] INFO  ozoneimpl.ContainerReader (ContainerReader.java:readVolume(142)) - Start to verify containers on volume /home/runner/work/ozone/ozone/hadoop-ozone/integration-test/target/test-dir/MiniOzoneClusterImpl-8fa699bc-e258-4c24-98aa-94a5d955589f/datanode-2/data-0/containers/hdds
2021-08-15 14:02:13,206 [Thread-4290] INFO  ozoneimpl.ContainerReader (ContainerReader.java:readVolume(174)) - Finish verifying containers on volume /home/runner/work/ozone/ozone/hadoop-ozone/integration-test/target/test-dir/MiniOzoneClusterImpl-8fa699bc-e258-4c24-98aa-94a5d955589f/datanode-2/data-0/containers/hdds
2021-08-15 14:02:13,206 [Listener at 127.0.0.1/41905] INFO  ozoneimpl.OzoneContainer (OzoneContainer.java:buildContainerSet(237)) - Build ContainerSet costs 0s
2021-08-15 14:02:13,208 [Listener at 127.0.0.1/41905] INFO  server.RaftServer (ConfUtils.java:logGet(44)) - raft.rpc.type = GRPC (default)
2021-08-15 14:02:13,208 [Listener at 127.0.0.1/41905] INFO  grpc.GrpcFactory (GrpcFactory.java:checkPooledByteBufAllocatorUseCacheForAllThreads(48)) - PERFORMANCE WARNING: useCacheForAllThreads is true that may cause Netty to create a lot garbage objects and, as a result, trigger GC.
	It is recommended to disable useCacheForAllThreads by setting -Dorg.apache.ratis.thirdparty.io.netty.allocator.useCacheForAllThreads=false in command line.
2021-08-15 14:02:13,208 [Listener at 127.0.0.1/41905] INFO  grpc.GrpcConfigKeys (ConfUtils.java:logGet(44)) - raft.grpc.admin.port = 0 (custom)
2021-08-15 14:02:13,208 [Listener at 127.0.0.1/41905] INFO  grpc.GrpcConfigKeys (ConfUtils.java:logGet(44)) - raft.grpc.client.port = 0 (custom)
2021-08-15 14:02:13,208 [Listener at 127.0.0.1/41905] INFO  grpc.GrpcConfigKeys (ConfUtils.java:logGet(44)) - raft.grpc.server.port = 0 (default)
2021-08-15 14:02:13,208 [Listener at 127.0.0.1/41905] INFO  server.GrpcService (ConfUtils.java:logGet(44)) - raft.grpc.message.size.max = 32MB (=33554432) (custom)
2021-08-15 14:02:13,208 [Listener at 127.0.0.1/41905] INFO  server.RaftServerConfigKeys (ConfUtils.java:logGet(44)) - raft.server.log.appender.buffer.byte-limit = 33554432 (custom)
2021-08-15 14:02:13,208 [Listener at 127.0.0.1/41905] INFO  server.GrpcService (ConfUtils.java:logGet(44)) - raft.grpc.flow.control.window = 5MB (=5242880) (custom)
2021-08-15 14:02:13,208 [Listener at 127.0.0.1/41905] INFO  server.RaftServerConfigKeys (ConfUtils.java:logGet(44)) - raft.server.rpc.request.timeout = 60s (custom)
2021-08-15 14:02:13,209 [Listener at 127.0.0.1/41905] INFO  impl.DataStreamServerImpl (ConfUtils.java:logGet(44)) - raft.datastream.type = DISABLED (default)
2021-08-15 14:02:13,210 [Listener at 127.0.0.1/41905] INFO  server.RaftServerConfigKeys (ConfUtils.java:logGet(44)) - raft.server.rpc.slowness.timeout = 300s (custom)
2021-08-15 14:02:13,210 [Listener at 127.0.0.1/41905] INFO  server.RaftServerConfigKeys (ConfUtils.java:logGet(44)) - raft.server.leaderelection.leader.step-down.wait-time = 10s (default)
2021-08-15 14:02:13,210 [Listener at 127.0.0.1/41905] INFO  server.RaftServerConfigKeys (ConfUtils.java:logGet(44)) - raft.server.storage.dir = [/home/runner/work/ozone/ozone/hadoop-ozone/integration-test/target/test-dir/MiniOzoneClusterImpl-8fa699bc-e258-4c24-98aa-94a5d955589f/datanode-2/data/ratis] (custom)
2021-08-15 14:02:13,216 [Listener at 127.0.0.1/41905] INFO  http.BaseHttpServer (BaseHttpServer.java:newHttpServer2BuilderForOzone(209)) - Starting Web-server for hddsDatanode at: http://0.0.0.0:0
2021-08-15 14:02:13,216 [Listener at 127.0.0.1/41905] INFO  http.BaseHttpServer (BaseHttpServer.java:<init>(107)) - Hadoop Security Enabled: false Ozone Security Enabled: false Ozone HTTP Security Enabled: false 
2021-08-15 14:02:13,217 [Listener at 127.0.0.1/41905] INFO  server.AuthenticationFilter (AuthenticationFilter.java:constructSecretProvider(240)) - Unable to initialize FileSignerSecretProvider, falling back to use random secrets.
2021-08-15 14:02:13,222 [Listener at 127.0.0.1/41905] WARN  http.HttpRequestLog (HttpRequestLog.java:getRequestLog(103)) - Jetty request log can only be enabled using Log4j
2021-08-15 14:02:13,222 [Listener at 127.0.0.1/41905] INFO  http.HttpServer2 (HttpServer2.java:addGlobalFilter(1020)) - Added global filter 'safety' (class=org.apache.hadoop.hdds.server.http.HttpServer2$QuotingInputFilter)
2021-08-15 14:02:13,223 [Listener at 127.0.0.1/41905] INFO  http.HttpServer2 (HttpServer2.java:addFilter(996)) - Added filter static_user_filter (class=org.apache.hadoop.http.lib.StaticUserWebFilter$StaticUserFilter) to context hddsDatanode
2021-08-15 14:02:13,223 [Listener at 127.0.0.1/41905] INFO  http.HttpServer2 (HttpServer2.java:addFilter(1004)) - Added filter static_user_filter (class=org.apache.hadoop.http.lib.StaticUserWebFilter$StaticUserFilter) to context logs
2021-08-15 14:02:13,223 [Listener at 127.0.0.1/41905] INFO  http.HttpServer2 (HttpServer2.java:addFilter(1004)) - Added filter static_user_filter (class=org.apache.hadoop.http.lib.StaticUserWebFilter$StaticUserFilter) to context static
2021-08-15 14:02:13,224 [Listener at 127.0.0.1/41905] INFO  http.HttpServer2 (HttpServer2.java:bindListener(1239)) - Jetty bound to port 45277
2021-08-15 14:02:13,224 [Listener at 127.0.0.1/41905] INFO  server.Server (Server.java:doStart(375)) - jetty-9.4.43.v20210629; built: 2021-06-30T11:07:22.254Z; git: 526006ecfa3af7f1a27ef3a288e2bef7ea9dd7e8; jvm 1.8.0_292-b10
2021-08-15 14:02:13,240 [Listener at 127.0.0.1/41905] INFO  server.session (DefaultSessionIdManager.java:doStart(334)) - DefaultSessionIdManager workerName=node0
2021-08-15 14:02:13,240 [Listener at 127.0.0.1/41905] INFO  server.session (DefaultSessionIdManager.java:doStart(339)) - No SessionScavenger set, using defaults
2021-08-15 14:02:13,240 [Listener at 127.0.0.1/41905] INFO  server.session (HouseKeeper.java:startScavenging(132)) - node0 Scavenging every 660000ms
2021-08-15 14:02:13,255 [Listener at 127.0.0.1/41905] INFO  handler.ContextHandler (ContextHandler.java:doStart(915)) - Started o.e.j.s.ServletContextHandler@520739bc{logs,/logs,file:///home/runner/work/ozone/ozone/hadoop-ozone/integration-test/target/log,AVAILABLE}
2021-08-15 14:02:13,255 [Listener at 127.0.0.1/41905] INFO  handler.ContextHandler (ContextHandler.java:doStart(915)) - Started o.e.j.s.ServletContextHandler@53b17c1f{static,/static,jar:file:/home/runner/.m2/repository/org/apache/ozone/hdds-container-service/1.2.0-SNAPSHOT/hdds-container-service-1.2.0-SNAPSHOT.jar!/webapps/static,AVAILABLE}
2021-08-15 14:02:13,310 [Listener at 127.0.0.1/41905] INFO  handler.ContextHandler (ContextHandler.java:doStart(915)) - Started o.e.j.w.WebAppContext@21ad2894{hddsDatanode,/,file:///tmp/jetty-0_0_0_0-45277-hdds-container-service-1_2_0-SNAPSHOT_jar-_-any-3324991533974578534/webapp/,AVAILABLE}{jar:file:/home/runner/.m2/repository/org/apache/ozone/hdds-container-service/1.2.0-SNAPSHOT/hdds-container-service-1.2.0-SNAPSHOT.jar!/webapps/hddsDatanode}
2021-08-15 14:02:13,311 [Listener at 127.0.0.1/41905] INFO  server.AbstractConnector (AbstractConnector.java:doStart(331)) - Started ServerConnector@1df95cb{HTTP/1.1, (http/1.1)}{0.0.0.0:45277}
2021-08-15 14:02:13,311 [Listener at 127.0.0.1/41905] INFO  server.Server (Server.java:doStart(415)) - Started @113526ms
2021-08-15 14:02:13,311 [Listener at 127.0.0.1/41905] WARN  impl.MetricsSystemImpl (MetricsSystemImpl.java:register(279)) - Sink prometheus already exists!
2021-08-15 14:02:13,312 [Listener at 127.0.0.1/41905] INFO  http.BaseHttpServer (BaseHttpServer.java:updateConnectorAddress(329)) - HTTP server of hddsDatanode listening at http://0.0.0.0:45277
2021-08-15 14:02:13,312 [Listener at 127.0.0.1/41905] INFO  ozone.MiniOzoneClusterImpl (MiniOzoneClusterImpl.java:lambda$waitForClusterToBeReady$0(235)) - Waiting for nodes to be ready. Got 0 of 3 DN Heartbeats.
2021-08-15 14:02:13,313 [Listener at 127.0.0.1/41905] INFO  ozone.MiniOzoneClusterImpl (MiniOzoneClusterImpl.java:lambda$waitForClusterToBeReady$0(238)) - Waiting for cluster to exit safe mode
2021-08-15 14:02:13,313 [Listener at 127.0.0.1/41905] INFO  ozone.MiniOzoneClusterImpl (MiniOzoneClusterImpl.java:lambda$waitForClusterToBeReady$0(240)) - SCM became leader
2021-08-15 14:02:13,396 [org.apache.hadoop.util.JvmPauseMonitor$Monitor@633b5820] INFO  util.JvmPauseMonitor (JvmPauseMonitor.java:run(188)) - Starting JVM pause monitor
2021-08-15 14:02:13,410 [Datanode State Machine Task Thread - 0] INFO  datanode.InitDatanodeState (InitDatanodeState.java:persistContainerDatanodeDetails(145)) - DatanodeDetails is persisted to /home/runner/work/ozone/ozone/hadoop-ozone/integration-test/target/test-dir/MiniOzoneClusterImpl-8fa699bc-e258-4c24-98aa-94a5d955589f/datanode-2/meta/datanode.id
2021-08-15 14:02:14,313 [Listener at 127.0.0.1/41905] INFO  ozone.MiniOzoneClusterImpl (MiniOzoneClusterImpl.java:lambda$waitForClusterToBeReady$0(235)) - Waiting for nodes to be ready. Got 0 of 3 DN Heartbeats.
2021-08-15 14:02:14,313 [Listener at 127.0.0.1/41905] INFO  ozone.MiniOzoneClusterImpl (MiniOzoneClusterImpl.java:lambda$waitForClusterToBeReady$0(238)) - Waiting for cluster to exit safe mode
2021-08-15 14:02:14,313 [Listener at 127.0.0.1/41905] INFO  ozone.MiniOzoneClusterImpl (MiniOzoneClusterImpl.java:lambda$waitForClusterToBeReady$0(240)) - SCM became leader
2021-08-15 14:02:14,517 [EndpointStateMachine task thread for /0.0.0.0:38093 - 0 ] INFO  ozoneimpl.OzoneContainer (OzoneContainer.java:start(305)) - Attempting to start container services.
2021-08-15 14:02:14,517 [EndpointStateMachine task thread for /0.0.0.0:38093 - 0 ] INFO  ozoneimpl.OzoneContainer (OzoneContainer.java:startContainerScrub(250)) - Background container scanner has been disabled.
2021-08-15 14:02:14,518 [EndpointStateMachine task thread for /0.0.0.0:38093 - 0 ] INFO  replication.ReplicationServer (ReplicationServer.java:start(106)) - ReplicationServer is started using port 40199
2021-08-15 14:02:14,527 [EndpointStateMachine task thread for /0.0.0.0:38093 - 0 ] INFO  ratis.XceiverServerRatis (XceiverServerRatis.java:start(482)) - Starting XceiverServerRatis c2c40a72-a699-49b1-b721-1997d9d2c71f
2021-08-15 14:02:14,543 [EndpointStateMachine task thread for /0.0.0.0:38093 - 0 ] INFO  server.RaftServer (RaftServerProxy.java:lambda$start$5(374)) - c2c40a72-a699-49b1-b721-1997d9d2c71f: start RPC server
2021-08-15 14:02:14,552 [EndpointStateMachine task thread for /0.0.0.0:38093 - 0 ] INFO  server.GrpcService (GrpcService.java:startImpl(253)) - c2c40a72-a699-49b1-b721-1997d9d2c71f: GrpcService started, listening on 43041
2021-08-15 14:02:14,560 [EndpointStateMachine task thread for /0.0.0.0:38093 - 0 ] INFO  ratis.XceiverServerRatis (XceiverServerRatis.java:getRealPort(503)) - XceiverServerRatis c2c40a72-a699-49b1-b721-1997d9d2c71f is started using port 43041 for RATIS
2021-08-15 14:02:14,560 [EndpointStateMachine task thread for /0.0.0.0:38093 - 0 ] INFO  ratis.XceiverServerRatis (XceiverServerRatis.java:getRealPort(503)) - XceiverServerRatis c2c40a72-a699-49b1-b721-1997d9d2c71f is started using port 43041 for RATIS_ADMIN
2021-08-15 14:02:14,560 [EndpointStateMachine task thread for /0.0.0.0:38093 - 0 ] INFO  ratis.XceiverServerRatis (XceiverServerRatis.java:getRealPort(503)) - XceiverServerRatis c2c40a72-a699-49b1-b721-1997d9d2c71f is started using port 43041 for RATIS_SERVER
2021-08-15 14:02:14,568 [EndpointStateMachine task thread for /0.0.0.0:38093 - 0 ] INFO  server.XceiverServerGrpc (XceiverServerGrpc.java:start(135)) - XceiverServerGrpc c2c40a72-a699-49b1-b721-1997d9d2c71f is started using port 37757
2021-08-15 14:02:14,580 [org.apache.ratis.util.JvmPauseMonitor$$Lambda$531/1393706494@4cf7932d] INFO  util.JvmPauseMonitor (JvmPauseMonitor.java:run(103)) - JvmPauseMonitor-c2c40a72-a699-49b1-b721-1997d9d2c71f: Started
2021-08-15 14:02:15,006 [EndpointStateMachine task thread for /0.0.0.0:38093 - 0 ] INFO  ozoneimpl.OzoneContainer (OzoneContainer.java:start(305)) - Attempting to start container services.
2021-08-15 14:02:15,007 [EndpointStateMachine task thread for /0.0.0.0:38093 - 0 ] INFO  ozoneimpl.OzoneContainer (OzoneContainer.java:startContainerScrub(250)) - Background container scanner has been disabled.
2021-08-15 14:02:15,008 [EndpointStateMachine task thread for /0.0.0.0:38093 - 0 ] INFO  replication.ReplicationServer (ReplicationServer.java:start(106)) - ReplicationServer is started using port 41483
2021-08-15 14:02:15,011 [EndpointStateMachine task thread for /0.0.0.0:38093 - 0 ] INFO  ratis.XceiverServerRatis (XceiverServerRatis.java:start(482)) - Starting XceiverServerRatis 0475d2c2-d46f-403e-95a5-8ff1a5c32338
2021-08-15 14:02:15,016 [EndpointStateMachine task thread for /0.0.0.0:38093 - 0 ] INFO  server.RaftServer (RaftServerProxy.java:lambda$start$5(374)) - 0475d2c2-d46f-403e-95a5-8ff1a5c32338: start RPC server
2021-08-15 14:02:15,019 [EndpointStateMachine task thread for /0.0.0.0:38093 - 0 ] INFO  server.GrpcService (GrpcService.java:startImpl(253)) - 0475d2c2-d46f-403e-95a5-8ff1a5c32338: GrpcService started, listening on 42163
2021-08-15 14:02:15,020 [EndpointStateMachine task thread for /0.0.0.0:38093 - 0 ] INFO  ratis.XceiverServerRatis (XceiverServerRatis.java:getRealPort(503)) - XceiverServerRatis 0475d2c2-d46f-403e-95a5-8ff1a5c32338 is started using port 42163 for RATIS
2021-08-15 14:02:15,020 [EndpointStateMachine task thread for /0.0.0.0:38093 - 0 ] INFO  ratis.XceiverServerRatis (XceiverServerRatis.java:getRealPort(503)) - XceiverServerRatis 0475d2c2-d46f-403e-95a5-8ff1a5c32338 is started using port 42163 for RATIS_ADMIN
2021-08-15 14:02:15,020 [EndpointStateMachine task thread for /0.0.0.0:38093 - 0 ] INFO  ratis.XceiverServerRatis (XceiverServerRatis.java:getRealPort(503)) - XceiverServerRatis 0475d2c2-d46f-403e-95a5-8ff1a5c32338 is started using port 42163 for RATIS_SERVER
2021-08-15 14:02:15,028 [EndpointStateMachine task thread for /0.0.0.0:38093 - 0 ] INFO  server.XceiverServerGrpc (XceiverServerGrpc.java:start(135)) - XceiverServerGrpc 0475d2c2-d46f-403e-95a5-8ff1a5c32338 is started using port 38065
2021-08-15 14:02:15,040 [org.apache.ratis.util.JvmPauseMonitor$$Lambda$531/1393706494@d08551] INFO  util.JvmPauseMonitor (JvmPauseMonitor.java:run(103)) - JvmPauseMonitor-0475d2c2-d46f-403e-95a5-8ff1a5c32338: Started
2021-08-15 14:02:15,313 [Listener at 127.0.0.1/41905] INFO  ozone.MiniOzoneClusterImpl (MiniOzoneClusterImpl.java:lambda$waitForClusterToBeReady$0(235)) - Waiting for nodes to be ready. Got 0 of 3 DN Heartbeats.
2021-08-15 14:02:15,314 [Listener at 127.0.0.1/41905] INFO  ozone.MiniOzoneClusterImpl (MiniOzoneClusterImpl.java:lambda$waitForClusterToBeReady$0(238)) - Waiting for cluster to exit safe mode
2021-08-15 14:02:15,314 [Listener at 127.0.0.1/41905] INFO  ozone.MiniOzoneClusterImpl (MiniOzoneClusterImpl.java:lambda$waitForClusterToBeReady$0(240)) - SCM became leader
2021-08-15 14:02:15,404 [EndpointStateMachine task thread for /0.0.0.0:38093 - 0 ] INFO  ozoneimpl.OzoneContainer (OzoneContainer.java:start(305)) - Attempting to start container services.
2021-08-15 14:02:15,411 [EndpointStateMachine task thread for /0.0.0.0:38093 - 0 ] INFO  ozoneimpl.OzoneContainer (OzoneContainer.java:startContainerScrub(250)) - Background container scanner has been disabled.
2021-08-15 14:02:15,428 [EndpointStateMachine task thread for /0.0.0.0:38093 - 0 ] INFO  replication.ReplicationServer (ReplicationServer.java:start(106)) - ReplicationServer is started using port 33771
2021-08-15 14:02:15,447 [EndpointStateMachine task thread for /0.0.0.0:38093 - 0 ] INFO  ratis.XceiverServerRatis (XceiverServerRatis.java:start(482)) - Starting XceiverServerRatis f89ecde1-abfa-4530-92e2-4a065b7725ea
2021-08-15 14:02:15,454 [EndpointStateMachine task thread for /0.0.0.0:38093 - 0 ] INFO  server.RaftServer (RaftServerProxy.java:lambda$start$5(374)) - f89ecde1-abfa-4530-92e2-4a065b7725ea: start RPC server
2021-08-15 14:02:15,455 [EndpointStateMachine task thread for /0.0.0.0:38093 - 0 ] INFO  server.GrpcService (GrpcService.java:startImpl(253)) - f89ecde1-abfa-4530-92e2-4a065b7725ea: GrpcService started, listening on 45053
2021-08-15 14:02:15,455 [EndpointStateMachine task thread for /0.0.0.0:38093 - 0 ] INFO  ratis.XceiverServerRatis (XceiverServerRatis.java:getRealPort(503)) - XceiverServerRatis f89ecde1-abfa-4530-92e2-4a065b7725ea is started using port 45053 for RATIS
2021-08-15 14:02:15,455 [EndpointStateMachine task thread for /0.0.0.0:38093 - 0 ] INFO  ratis.XceiverServerRatis (XceiverServerRatis.java:getRealPort(503)) - XceiverServerRatis f89ecde1-abfa-4530-92e2-4a065b7725ea is started using port 45053 for RATIS_ADMIN
2021-08-15 14:02:15,455 [EndpointStateMachine task thread for /0.0.0.0:38093 - 0 ] INFO  ratis.XceiverServerRatis (XceiverServerRatis.java:getRealPort(503)) - XceiverServerRatis f89ecde1-abfa-4530-92e2-4a065b7725ea is started using port 45053 for RATIS_SERVER
2021-08-15 14:02:15,464 [EndpointStateMachine task thread for /0.0.0.0:38093 - 0 ] INFO  server.XceiverServerGrpc (XceiverServerGrpc.java:start(135)) - XceiverServerGrpc f89ecde1-abfa-4530-92e2-4a065b7725ea is started using port 46857
2021-08-15 14:02:15,480 [org.apache.ratis.util.JvmPauseMonitor$$Lambda$531/1393706494@4cd58a27] INFO  util.JvmPauseMonitor (JvmPauseMonitor.java:run(103)) - JvmPauseMonitor-f89ecde1-abfa-4530-92e2-4a065b7725ea: Started
2021-08-15 14:02:16,316 [Listener at 127.0.0.1/41905] INFO  ozone.MiniOzoneClusterImpl (MiniOzoneClusterImpl.java:lambda$waitForClusterToBeReady$0(235)) - Waiting for nodes to be ready. Got 0 of 3 DN Heartbeats.
2021-08-15 14:02:16,316 [Listener at 127.0.0.1/41905] INFO  ozone.MiniOzoneClusterImpl (MiniOzoneClusterImpl.java:lambda$waitForClusterToBeReady$0(238)) - Waiting for cluster to exit safe mode
2021-08-15 14:02:16,316 [Listener at 127.0.0.1/41905] INFO  ozone.MiniOzoneClusterImpl (MiniOzoneClusterImpl.java:lambda$waitForClusterToBeReady$0(240)) - SCM became leader
2021-08-15 14:02:16,467 [IPC Server handler 6 on default port 38093] INFO  net.NetworkTopologyImpl (NetworkTopologyImpl.java:add(112)) - Added a new node: /default-rack/c2c40a72-a699-49b1-b721-1997d9d2c71f
2021-08-15 14:02:16,468 [IPC Server handler 6 on default port 38093] INFO  node.SCMNodeManager (SCMNodeManager.java:register(390)) - Registered Data node : c2c40a72-a699-49b1-b721-1997d9d2c71f{ip: 10.1.0.17, host: fv-az184-677.3ow45vhwbzuu5incsxmygykede.cx.internal.cloudapp.net, ports: [REPLICATION=40199, RATIS=43041, RATIS_ADMIN=43041, RATIS_SERVER=43041, STANDALONE=37757], networkLocation: /default-rack, certSerialId: null, persistedOpState: null, persistedOpStateExpiryEpochSec: 0}
2021-08-15 14:02:16,469 [EventQueue-NodeRegistrationContainerReportForDataNodeSafeModeRule] INFO  safemode.SCMSafeModeManager (DataNodeSafeModeRule.java:process(71)) - SCM in safe mode. 1 DataNodes registered, 3 required.
2021-08-15 14:02:16,472 [EventQueue-NodeRegistrationContainerReportForContainerSafeModeRule] INFO  safemode.SCMSafeModeManager (SCMSafeModeManager.java:validateSafeModeExitRules(204)) - ContainerSafeModeRule rule is successfully validated
2021-08-15 14:02:16,485 [EventQueue-NewNodeForNewNodeHandler] INFO  pipeline.BackgroundPipelineCreator (BackgroundPipelineCreatorV2.java:notifyEventTriggered(285)) - trigger a one-shot run on RatisPipelineUtilsThread.
2021-08-15 14:02:16,486 [EventQueue-PipelineReportForOneReplicaPipelineSafeModeRule] INFO  safemode.SCMSafeModeManager (SCMSafeModeManager.java:validateSafeModeExitRules(204)) - AtleastOneDatanodeReportedRule rule is successfully validated
2021-08-15 14:02:16,985 [IPC Server handler 0 on default port 38093] INFO  net.NetworkTopologyImpl (NetworkTopologyImpl.java:add(112)) - Added a new node: /default-rack/0475d2c2-d46f-403e-95a5-8ff1a5c32338
2021-08-15 14:02:16,985 [IPC Server handler 0 on default port 38093] INFO  node.SCMNodeManager (SCMNodeManager.java:register(390)) - Registered Data node : 0475d2c2-d46f-403e-95a5-8ff1a5c32338{ip: 10.1.0.17, host: fv-az184-677.3ow45vhwbzuu5incsxmygykede.cx.internal.cloudapp.net, ports: [REPLICATION=41483, RATIS=42163, RATIS_ADMIN=42163, RATIS_SERVER=42163, STANDALONE=38065], networkLocation: /default-rack, certSerialId: null, persistedOpState: null, persistedOpStateExpiryEpochSec: 0}
2021-08-15 14:02:16,985 [EventQueue-NewNodeForNewNodeHandler] INFO  pipeline.BackgroundPipelineCreator (BackgroundPipelineCreatorV2.java:notifyEventTriggered(285)) - trigger a one-shot run on RatisPipelineUtilsThread.
2021-08-15 14:02:16,988 [EventQueue-NodeRegistrationContainerReportForDataNodeSafeModeRule] INFO  safemode.SCMSafeModeManager (DataNodeSafeModeRule.java:process(71)) - SCM in safe mode. 2 DataNodes registered, 3 required.
2021-08-15 14:02:17,316 [Listener at 127.0.0.1/41905] INFO  ozone.MiniOzoneClusterImpl (MiniOzoneClusterImpl.java:lambda$waitForClusterToBeReady$0(235)) - Waiting for nodes to be ready. Got 2 of 3 DN Heartbeats.
2021-08-15 14:02:17,316 [Listener at 127.0.0.1/41905] INFO  ozone.MiniOzoneClusterImpl (MiniOzoneClusterImpl.java:lambda$waitForClusterToBeReady$0(238)) - Waiting for cluster to exit safe mode
2021-08-15 14:02:17,317 [Listener at 127.0.0.1/41905] INFO  ozone.MiniOzoneClusterImpl (MiniOzoneClusterImpl.java:lambda$waitForClusterToBeReady$0(240)) - SCM became leader
2021-08-15 14:02:17,397 [IPC Server handler 14 on default port 38093] INFO  net.NetworkTopologyImpl (NetworkTopologyImpl.java:add(112)) - Added a new node: /default-rack/f89ecde1-abfa-4530-92e2-4a065b7725ea
2021-08-15 14:02:17,397 [IPC Server handler 14 on default port 38093] INFO  node.SCMNodeManager (SCMNodeManager.java:register(390)) - Registered Data node : f89ecde1-abfa-4530-92e2-4a065b7725ea{ip: 10.1.0.17, host: fv-az184-677.3ow45vhwbzuu5incsxmygykede.cx.internal.cloudapp.net, ports: [REPLICATION=33771, RATIS=45053, RATIS_ADMIN=45053, RATIS_SERVER=45053, STANDALONE=46857], networkLocation: /default-rack, certSerialId: null, persistedOpState: null, persistedOpStateExpiryEpochSec: 0}
2021-08-15 14:02:17,398 [EventQueue-NewNodeForNewNodeHandler] INFO  pipeline.BackgroundPipelineCreator (BackgroundPipelineCreatorV2.java:notifyEventTriggered(285)) - trigger a one-shot run on RatisPipelineUtilsThread.
2021-08-15 14:02:17,400 [EventQueue-NodeRegistrationContainerReportForDataNodeSafeModeRule] INFO  safemode.SCMSafeModeManager (DataNodeSafeModeRule.java:process(71)) - SCM in safe mode. 3 DataNodes registered, 3 required.
2021-08-15 14:02:17,400 [EventQueue-NodeRegistrationContainerReportForDataNodeSafeModeRule] INFO  safemode.SCMSafeModeManager (SCMSafeModeManager.java:validateSafeModeExitRules(204)) - DataNodeSafeModeRule rule is successfully validated
2021-08-15 14:02:17,401 [EventQueue-NodeRegistrationContainerReportForDataNodeSafeModeRule] INFO  safemode.SCMSafeModeManager (SCMSafeModeManager.java:completePreCheck(233)) - All SCM safe mode pre check rules have passed
2021-08-15 14:02:17,401 [EventQueue-NodeRegistrationContainerReportForDataNodeSafeModeRule] WARN  events.EventQueue (EventQueue.java:fireEvent(194)) - No event handler registered for event TypedEvent{payloadType=SafeModeStatus, name='Safe mode status'}
2021-08-15 14:02:17,401 [EventQueue-NodeRegistrationContainerReportForDataNodeSafeModeRule] INFO  ha.SCMContext (SCMContext.java:updateSafeModeStatus(205)) - Update SafeModeStatus from SafeModeStatus{safeModeStatus=true, preCheckPassed=false} to SafeModeStatus{safeModeStatus=true, preCheckPassed=true}.
2021-08-15 14:02:17,401 [EventQueue-NodeRegistrationContainerReportForDataNodeSafeModeRule] INFO  pipeline.BackgroundPipelineCreator (BackgroundPipelineCreatorV2.java:notifyEventTriggered(285)) - trigger a one-shot run on RatisPipelineUtilsThread.
2021-08-15 14:02:17,402 [RatisPipelineUtilsThread - 0] INFO  pipeline.RatisPipelineProvider (RatisPipelineProvider.java:lambda$create$0(183)) - Sending CreatePipelineCommand for pipeline:PipelineID=cebe81c0-351e-492f-8138-e30a832dba26 to datanode:0475d2c2-d46f-403e-95a5-8ff1a5c32338
2021-08-15 14:02:17,404 [RatisPipelineUtilsThread - 0] INFO  pipeline.RatisPipelineProvider (RatisPipelineProvider.java:lambda$create$0(183)) - Sending CreatePipelineCommand for pipeline:PipelineID=cebe81c0-351e-492f-8138-e30a832dba26 to datanode:f89ecde1-abfa-4530-92e2-4a065b7725ea
2021-08-15 14:02:17,404 [RatisPipelineUtilsThread - 0] INFO  pipeline.RatisPipelineProvider (RatisPipelineProvider.java:lambda$create$0(183)) - Sending CreatePipelineCommand for pipeline:PipelineID=cebe81c0-351e-492f-8138-e30a832dba26 to datanode:c2c40a72-a699-49b1-b721-1997d9d2c71f
2021-08-15 14:02:17,404 [RatisPipelineUtilsThread - 0] INFO  pipeline.PipelineStateManager (PipelineStateManagerV2Impl.java:addPipeline(101)) - Created pipeline Pipeline[ Id: cebe81c0-351e-492f-8138-e30a832dba26, Nodes: 0475d2c2-d46f-403e-95a5-8ff1a5c32338{ip: 10.1.0.17, host: fv-az184-677.3ow45vhwbzuu5incsxmygykede.cx.internal.cloudapp.net, ports: [REPLICATION=41483, RATIS=42163, RATIS_ADMIN=42163, RATIS_SERVER=42163, STANDALONE=38065], networkLocation: /default-rack, certSerialId: null, persistedOpState: IN_SERVICE, persistedOpStateExpiryEpochSec: 0}f89ecde1-abfa-4530-92e2-4a065b7725ea{ip: 10.1.0.17, host: fv-az184-677.3ow45vhwbzuu5incsxmygykede.cx.internal.cloudapp.net, ports: [REPLICATION=33771, RATIS=45053, RATIS_ADMIN=45053, RATIS_SERVER=45053, STANDALONE=46857], networkLocation: /default-rack, certSerialId: null, persistedOpState: IN_SERVICE, persistedOpStateExpiryEpochSec: 0}c2c40a72-a699-49b1-b721-1997d9d2c71f{ip: 10.1.0.17, host: fv-az184-677.3ow45vhwbzuu5incsxmygykede.cx.internal.cloudapp.net, ports: [REPLICATION=40199, RATIS=43041, RATIS_ADMIN=43041, RATIS_SERVER=43041, STANDALONE=37757], networkLocation: /default-rack, certSerialId: null, persistedOpState: IN_SERVICE, persistedOpStateExpiryEpochSec: 0}, ReplicationConfig: RATIS/THREE, State:ALLOCATED, leaderId:, CreationTimestamp2021-08-15T14:02:17.402Z[Etc/UTC]].
2021-08-15 14:02:18,317 [Listener at 127.0.0.1/41905] INFO  ozone.MiniOzoneClusterImpl (MiniOzoneClusterImpl.java:lambda$waitForClusterToBeReady$0(235)) - Nodes are ready. Got 3 of 3 DN Heartbeats.
2021-08-15 14:02:18,317 [Listener at 127.0.0.1/41905] INFO  ozone.MiniOzoneClusterImpl (MiniOzoneClusterImpl.java:lambda$waitForClusterToBeReady$0(238)) - Waiting for cluster to exit safe mode
2021-08-15 14:02:18,317 [Listener at 127.0.0.1/41905] INFO  ozone.MiniOzoneClusterImpl (MiniOzoneClusterImpl.java:lambda$waitForClusterToBeReady$0(240)) - SCM became leader
2021-08-15 14:02:19,317 [Listener at 127.0.0.1/41905] INFO  ozone.MiniOzoneClusterImpl (MiniOzoneClusterImpl.java:lambda$waitForClusterToBeReady$0(235)) - Nodes are ready. Got 3 of 3 DN Heartbeats.
2021-08-15 14:02:19,318 [Listener at 127.0.0.1/41905] INFO  ozone.MiniOzoneClusterImpl (MiniOzoneClusterImpl.java:lambda$waitForClusterToBeReady$0(238)) - Waiting for cluster to exit safe mode
2021-08-15 14:02:19,318 [Listener at 127.0.0.1/41905] INFO  ozone.MiniOzoneClusterImpl (MiniOzoneClusterImpl.java:lambda$waitForClusterToBeReady$0(240)) - SCM became leader
2021-08-15 14:02:19,468 [Command processor thread] INFO  server.RaftServer (RaftServerProxy.java:addNew(95)) - c2c40a72-a699-49b1-b721-1997d9d2c71f: addNew group-E30A832DBA26:[f89ecde1-abfa-4530-92e2-4a065b7725ea|rpc:10.1.0.17:45053|priority:0, c2c40a72-a699-49b1-b721-1997d9d2c71f|rpc:10.1.0.17:43041|priority:1, 0475d2c2-d46f-403e-95a5-8ff1a5c32338|rpc:10.1.0.17:42163|priority:0] returns group-E30A832DBA26:java.util.concurrent.CompletableFuture@2e268a49[Not completed]
2021-08-15 14:02:19,478 [pool-419-thread-1] INFO  server.RaftServer$Division (RaftServerImpl.java:<init>(181)) - c2c40a72-a699-49b1-b721-1997d9d2c71f: new RaftServerImpl for group-E30A832DBA26:[f89ecde1-abfa-4530-92e2-4a065b7725ea|rpc:10.1.0.17:45053|priority:0, c2c40a72-a699-49b1-b721-1997d9d2c71f|rpc:10.1.0.17:43041|priority:1, 0475d2c2-d46f-403e-95a5-8ff1a5c32338|rpc:10.1.0.17:42163|priority:0] with ContainerStateMachine:uninitialized
2021-08-15 14:02:19,488 [pool-419-thread-1] INFO  server.RaftServerConfigKeys (ConfUtils.java:logGet(44)) - raft.server.rpc.timeout.min = 5s (custom)
2021-08-15 14:02:19,489 [pool-419-thread-1] INFO  server.RaftServerConfigKeys (ConfUtils.java:logGet(44)) - raft.server.rpc.timeout.max = 5200ms (custom)
2021-08-15 14:02:19,489 [pool-419-thread-1] INFO  server.RaftServerConfigKeys (ConfUtils.java:logGet(44)) - raft.server.rpc.sleep.time = 25ms (default)
2021-08-15 14:02:19,489 [pool-419-thread-1] INFO  server.RaftServerConfigKeys (ConfUtils.java:logGet(44)) - raft.server.rpc.slowness.timeout = 300s (custom)
2021-08-15 14:02:19,489 [pool-419-thread-1] INFO  server.RaftServerConfigKeys (ConfUtils.java:logGet(44)) - raft.server.leaderelection.leader.step-down.wait-time = 10s (default)
2021-08-15 14:02:19,489 [pool-419-thread-1] INFO  server.RaftServerConfigKeys (ConfUtils.java:logGet(44)) - raft.server.sleep.deviation.threshold = 300ms (default)
2021-08-15 14:02:19,489 [pool-419-thread-1] INFO  server.RaftServerConfigKeys (ConfUtils.java:logGet(44)) - raft.server.log.appender.install.snapshot.enabled = false (custom)
2021-08-15 14:02:19,489 [pool-419-thread-1] INFO  server.RaftServer$Division (ServerState.java:<init>(105)) - c2c40a72-a699-49b1-b721-1997d9d2c71f@group-E30A832DBA26: ConfigurationManager, init=-1: [f89ecde1-abfa-4530-92e2-4a065b7725ea|rpc:10.1.0.17:45053|priority:0, c2c40a72-a699-49b1-b721-1997d9d2c71f|rpc:10.1.0.17:43041|priority:1, 0475d2c2-d46f-403e-95a5-8ff1a5c32338|rpc:10.1.0.17:42163|priority:0], old=null, confs=<EMPTY_MAP>
2021-08-15 14:02:19,489 [pool-419-thread-1] INFO  server.RaftServerConfigKeys (ConfUtils.java:logGet(44)) - raft.server.storage.dir = [/home/runner/work/ozone/ozone/hadoop-ozone/integration-test/target/test-dir/MiniOzoneClusterImpl-8fa699bc-e258-4c24-98aa-94a5d955589f/datanode-0/data/ratis] (custom)
2021-08-15 14:02:19,489 [pool-419-thread-1] INFO  server.RaftServerConfigKeys (ConfUtils.java:logGet(44)) - raft.server.log.corruption.policy = EXCEPTION (default)
2021-08-15 14:02:19,489 [pool-419-thread-1] INFO  server.RaftServerConfigKeys (ConfUtils.java:logGet(44)) - raft.server.storage.free-space.min = 0MB (=0) (default)
2021-08-15 14:02:19,489 [pool-419-thread-1] INFO  storage.RaftStorageDirectory (RaftStorageDirectoryImpl.java:analyzeStorage(135)) - The storage directory /home/runner/work/ozone/ozone/hadoop-ozone/integration-test/target/test-dir/MiniOzoneClusterImpl-8fa699bc-e258-4c24-98aa-94a5d955589f/datanode-0/data/ratis/cebe81c0-351e-492f-8138-e30a832dba26 does not exist. Creating ...
2021-08-15 14:02:19,498 [pool-419-thread-1] INFO  storage.RaftStorageDirectory (RaftStorageDirectoryImpl.java:tryLock(230)) - Lock on /home/runner/work/ozone/ozone/hadoop-ozone/integration-test/target/test-dir/MiniOzoneClusterImpl-8fa699bc-e258-4c24-98aa-94a5d955589f/datanode-0/data/ratis/cebe81c0-351e-492f-8138-e30a832dba26/in_use.lock acquired by nodename 29626@fv-az184-677
2021-08-15 14:02:19,500 [pool-419-thread-1] INFO  storage.RaftStorage (RaftStorageImpl.java:format(89)) - Storage directory /home/runner/work/ozone/ozone/hadoop-ozone/integration-test/target/test-dir/MiniOzoneClusterImpl-8fa699bc-e258-4c24-98aa-94a5d955589f/datanode-0/data/ratis/cebe81c0-351e-492f-8138-e30a832dba26 has been successfully formatted.
2021-08-15 14:02:19,512 [pool-419-thread-1] INFO  ratis.ContainerStateMachine (ContainerStateMachine.java:loadSnapshot(225)) - group-E30A832DBA26: The snapshot info is null. Setting the last applied indexto:(t:0, i:~)
2021-08-15 14:02:19,513 [pool-419-thread-1] INFO  server.RaftServerConfigKeys (ConfUtils.java:logGet(44)) - raft.server.notification.no-leader.timeout = 300s (custom)
2021-08-15 14:02:19,513 [pool-419-thread-1] INFO  server.RaftServerConfigKeys (ConfUtils.java:logGet(44)) - raft.server.log.use.memory = false (default)
2021-08-15 14:02:19,513 [pool-419-thread-1] INFO  server.RaftServerConfigKeys (ConfUtils.java:logGet(44)) - raft.server.log.purge.gap = 1000000 (custom)
2021-08-15 14:02:19,513 [pool-419-thread-1] INFO  server.RaftServerConfigKeys (ConfUtils.java:logGet(44)) - raft.server.log.appender.buffer.byte-limit = 33554432 (custom)
2021-08-15 14:02:19,513 [pool-419-thread-1] INFO  server.RaftServerConfigKeys (ConfUtils.java:logGet(44)) - raft.server.log.segment.size.max = 1048576 (custom)
2021-08-15 14:02:19,513 [pool-419-thread-1] INFO  server.RaftServerConfigKeys (ConfUtils.java:logGet(44)) - raft.server.log.segment.cache.num.max = 2 (custom)
2021-08-15 14:02:19,513 [pool-419-thread-1] INFO  server.RaftServerConfigKeys (ConfUtils.java:logGet(44)) - raft.server.log.segment.cache.size.max = 200MB (=209715200) (default)
2021-08-15 14:02:19,513 [pool-419-thread-1] INFO  segmented.SegmentedRaftLogWorker (SegmentedRaftLogWorker.java:<init>(182)) - new c2c40a72-a699-49b1-b721-1997d9d2c71f@group-E30A832DBA26-SegmentedRaftLogWorker for RaftStorageImpl:Storage Directory /home/runner/work/ozone/ozone/hadoop-ozone/integration-test/target/test-dir/MiniOzoneClusterImpl-8fa699bc-e258-4c24-98aa-94a5d955589f/datanode-0/data/ratis/cebe81c0-351e-492f-8138-e30a832dba26
2021-08-15 14:02:19,513 [pool-419-thread-1] INFO  server.RaftServerConfigKeys (ConfUtils.java:logGet(44)) - raft.server.log.queue.byte-limit = 2147483647 (custom)
2021-08-15 14:02:19,513 [pool-419-thread-1] INFO  server.RaftServerConfigKeys (ConfUtils.java:logGet(44)) - raft.server.log.queue.element-limit = 1024 (custom)
2021-08-15 14:02:19,513 [pool-419-thread-1] INFO  server.RaftServerConfigKeys (ConfUtils.java:logGet(44)) - raft.server.log.segment.size.max = 1048576 (custom)
2021-08-15 14:02:19,513 [pool-419-thread-1] INFO  server.RaftServerConfigKeys (ConfUtils.java:logGet(44)) - raft.server.log.preallocated.size = 16384 (custom)
2021-08-15 14:02:19,514 [pool-419-thread-1] INFO  server.RaftServerConfigKeys (ConfUtils.java:logGet(44)) - raft.server.log.force.sync.num = 128 (default)
2021-08-15 14:02:19,514 [pool-419-thread-1] INFO  server.RaftServerConfigKeys (ConfUtils.java:logGet(44)) - raft.server.log.statemachine.data.sync = true (default)
2021-08-15 14:02:19,514 [pool-419-thread-1] INFO  server.RaftServerConfigKeys (ConfUtils.java:logGet(44)) - raft.server.log.statemachine.data.sync.timeout = 10s (default)
2021-08-15 14:02:19,514 [pool-419-thread-1] INFO  server.RaftServerConfigKeys (ConfUtils.java:logGet(44)) - raft.server.log.statemachine.data.sync.timeout.retry = -1 (default)
2021-08-15 14:02:19,514 [pool-419-thread-1] INFO  server.RaftServerConfigKeys (ConfUtils.java:logGet(44)) - raft.server.log.write.buffer.size = 1048576 (custom)
2021-08-15 14:02:19,515 [pool-419-thread-1] INFO  server.RaftServerConfigKeys (ConfUtils.java:logGet(44)) - raft.server.log.statemachine.data.caching.enabled = true (custom)
2021-08-15 14:02:19,515 [pool-419-thread-1] INFO  segmented.SegmentedRaftLogWorker (SegmentedRaftLogWorker.java:lambda$new$0(133)) - c2c40a72-a699-49b1-b721-1997d9d2c71f@group-E30A832DBA26-SegmentedRaftLogWorker: flushIndex: setUnconditionally 0 -> -1
2021-08-15 14:02:19,515 [pool-419-thread-1] INFO  segmented.SegmentedRaftLogWorker (SegmentedRaftLogWorker.java:lambda$new$0(133)) - c2c40a72-a699-49b1-b721-1997d9d2c71f@group-E30A832DBA26-SegmentedRaftLogWorker: safeCacheEvictIndex: setUnconditionally 0 -> -1
2021-08-15 14:02:19,522 [pool-419-thread-1] INFO  server.RaftServerConfigKeys (ConfUtils.java:logGet(44)) - raft.server.snapshot.auto.trigger.enabled = true (custom)
2021-08-15 14:02:19,522 [pool-419-thread-1] INFO  server.RaftServerConfigKeys (ConfUtils.java:logGet(44)) - raft.server.snapshot.auto.trigger.threshold = 10000 (custom)
2021-08-15 14:02:19,522 [pool-419-thread-1] INFO  server.RaftServerConfigKeys (ConfUtils.java:logGet(44)) - raft.server.snapshot.retention.file.num = 5 (custom)
2021-08-15 14:02:19,522 [pool-419-thread-1] INFO  server.RaftServerConfigKeys (ConfUtils.java:logGet(44)) - raft.server.log.purge.upto.snapshot.index = false (default)
2021-08-15 14:02:19,522 [pool-419-thread-1] INFO  server.RaftServerConfigKeys (ConfUtils.java:logGet(44)) - raft.server.retrycache.expirytime = 600000ms (custom)
2021-08-15 14:02:19,522 [pool-419-thread-1] INFO  server.RaftServerConfigKeys (ConfUtils.java:logGet(44)) - raft.server.retrycache.statistics.expirytime = 100μs (default)
2021-08-15 14:02:19,523 [pool-419-thread-1] INFO  server.RaftServer$Division (RaftServerImpl.java:start(296)) - c2c40a72-a699-49b1-b721-1997d9d2c71f@group-E30A832DBA26: start as a follower, conf=-1: [f89ecde1-abfa-4530-92e2-4a065b7725ea|rpc:10.1.0.17:45053|priority:0, c2c40a72-a699-49b1-b721-1997d9d2c71f|rpc:10.1.0.17:43041|priority:1, 0475d2c2-d46f-403e-95a5-8ff1a5c32338|rpc:10.1.0.17:42163|priority:0], old=null
2021-08-15 14:02:19,523 [pool-419-thread-1] INFO  server.RaftServer$Division (RaftServerImpl.java:setRole(285)) - c2c40a72-a699-49b1-b721-1997d9d2c71f@group-E30A832DBA26: changes role from      null to FOLLOWER at term 0 for startAsFollower
2021-08-15 14:02:19,523 [pool-419-thread-1] INFO  impl.RoleInfo (RoleInfo.java:updateAndGet(130)) - c2c40a72-a699-49b1-b721-1997d9d2c71f: start c2c40a72-a699-49b1-b721-1997d9d2c71f@group-E30A832DBA26-FollowerState
2021-08-15 14:02:19,527 [pool-419-thread-1] INFO  util.JmxRegister (JmxRegister.java:tryRegister(44)) - Successfully registered JMX Bean with object name Ratis:service=RaftServer,group=group-E30A832DBA26,id=c2c40a72-a699-49b1-b721-1997d9d2c71f
2021-08-15 14:02:19,533 [Command processor thread] INFO  ratis.XceiverServerRatis (XceiverServerRatis.java:addGroup(763)) - Created group PipelineID=cebe81c0-351e-492f-8138-e30a832dba26
2021-08-15 14:02:19,568 [grpc-default-executor-4] INFO  server.RaftServer (RaftServerProxy.java:addNew(95)) - 0475d2c2-d46f-403e-95a5-8ff1a5c32338: addNew group-E30A832DBA26:[f89ecde1-abfa-4530-92e2-4a065b7725ea|rpc:10.1.0.17:45053|dataStream:|priority:0, c2c40a72-a699-49b1-b721-1997d9d2c71f|rpc:10.1.0.17:43041|dataStream:|priority:1, 0475d2c2-d46f-403e-95a5-8ff1a5c32338|rpc:10.1.0.17:42163|dataStream:|priority:0] returns group-E30A832DBA26:java.util.concurrent.CompletableFuture@65fecc20[Not completed]
2021-08-15 14:02:19,604 [pool-438-thread-1] INFO  server.RaftServer$Division (RaftServerImpl.java:<init>(181)) - 0475d2c2-d46f-403e-95a5-8ff1a5c32338: new RaftServerImpl for group-E30A832DBA26:[f89ecde1-abfa-4530-92e2-4a065b7725ea|rpc:10.1.0.17:45053|dataStream:|priority:0, c2c40a72-a699-49b1-b721-1997d9d2c71f|rpc:10.1.0.17:43041|dataStream:|priority:1, 0475d2c2-d46f-403e-95a5-8ff1a5c32338|rpc:10.1.0.17:42163|dataStream:|priority:0] with ContainerStateMachine:uninitialized
2021-08-15 14:02:19,609 [pool-438-thread-1] INFO  server.RaftServerConfigKeys (ConfUtils.java:logGet(44)) - raft.server.rpc.timeout.min = 5s (custom)
2021-08-15 14:02:19,609 [pool-438-thread-1] INFO  server.RaftServerConfigKeys (ConfUtils.java:logGet(44)) - raft.server.rpc.timeout.max = 5200ms (custom)
2021-08-15 14:02:19,609 [pool-438-thread-1] INFO  server.RaftServerConfigKeys (ConfUtils.java:logGet(44)) - raft.server.rpc.sleep.time = 25ms (default)
2021-08-15 14:02:19,609 [pool-438-thread-1] INFO  server.RaftServerConfigKeys (ConfUtils.java:logGet(44)) - raft.server.rpc.slowness.timeout = 300s (custom)
2021-08-15 14:02:19,609 [pool-438-thread-1] INFO  server.RaftServerConfigKeys (ConfUtils.java:logGet(44)) - raft.server.leaderelection.leader.step-down.wait-time = 10s (default)
2021-08-15 14:02:19,609 [pool-438-thread-1] INFO  server.RaftServerConfigKeys (ConfUtils.java:logGet(44)) - raft.server.sleep.deviation.threshold = 300ms (default)
2021-08-15 14:02:19,609 [pool-438-thread-1] INFO  server.RaftServerConfigKeys (ConfUtils.java:logGet(44)) - raft.server.log.appender.install.snapshot.enabled = false (custom)
2021-08-15 14:02:19,609 [pool-438-thread-1] INFO  server.RaftServer$Division (ServerState.java:<init>(105)) - 0475d2c2-d46f-403e-95a5-8ff1a5c32338@group-E30A832DBA26: ConfigurationManager, init=-1: [f89ecde1-abfa-4530-92e2-4a065b7725ea|rpc:10.1.0.17:45053|dataStream:|priority:0, c2c40a72-a699-49b1-b721-1997d9d2c71f|rpc:10.1.0.17:43041|dataStream:|priority:1, 0475d2c2-d46f-403e-95a5-8ff1a5c32338|rpc:10.1.0.17:42163|dataStream:|priority:0], old=null, confs=<EMPTY_MAP>
2021-08-15 14:02:19,609 [pool-438-thread-1] INFO  server.RaftServerConfigKeys (ConfUtils.java:logGet(44)) - raft.server.storage.dir = [/home/runner/work/ozone/ozone/hadoop-ozone/integration-test/target/test-dir/MiniOzoneClusterImpl-8fa699bc-e258-4c24-98aa-94a5d955589f/datanode-1/data/ratis] (custom)
2021-08-15 14:02:19,609 [pool-438-thread-1] INFO  server.RaftServerConfigKeys (ConfUtils.java:logGet(44)) - raft.server.log.corruption.policy = EXCEPTION (default)
2021-08-15 14:02:19,609 [pool-438-thread-1] INFO  server.RaftServerConfigKeys (ConfUtils.java:logGet(44)) - raft.server.storage.free-space.min = 0MB (=0) (default)
2021-08-15 14:02:19,610 [pool-438-thread-1] INFO  storage.RaftStorageDirectory (RaftStorageDirectoryImpl.java:analyzeStorage(135)) - The storage directory /home/runner/work/ozone/ozone/hadoop-ozone/integration-test/target/test-dir/MiniOzoneClusterImpl-8fa699bc-e258-4c24-98aa-94a5d955589f/datanode-1/data/ratis/cebe81c0-351e-492f-8138-e30a832dba26 does not exist. Creating ...
2021-08-15 14:02:19,612 [pool-438-thread-1] INFO  storage.RaftStorageDirectory (RaftStorageDirectoryImpl.java:tryLock(230)) - Lock on /home/runner/work/ozone/ozone/hadoop-ozone/integration-test/target/test-dir/MiniOzoneClusterImpl-8fa699bc-e258-4c24-98aa-94a5d955589f/datanode-1/data/ratis/cebe81c0-351e-492f-8138-e30a832dba26/in_use.lock acquired by nodename 29626@fv-az184-677
2021-08-15 14:02:19,616 [pool-438-thread-1] INFO  storage.RaftStorage (RaftStorageImpl.java:format(89)) - Storage directory /home/runner/work/ozone/ozone/hadoop-ozone/integration-test/target/test-dir/MiniOzoneClusterImpl-8fa699bc-e258-4c24-98aa-94a5d955589f/datanode-1/data/ratis/cebe81c0-351e-492f-8138-e30a832dba26 has been successfully formatted.
2021-08-15 14:02:19,617 [pool-438-thread-1] INFO  ratis.ContainerStateMachine (ContainerStateMachine.java:loadSnapshot(225)) - group-E30A832DBA26: The snapshot info is null. Setting the last applied indexto:(t:0, i:~)
2021-08-15 14:02:19,617 [pool-438-thread-1] INFO  server.RaftServerConfigKeys (ConfUtils.java:logGet(44)) - raft.server.notification.no-leader.timeout = 300s (custom)
2021-08-15 14:02:19,617 [pool-438-thread-1] INFO  server.RaftServerConfigKeys (ConfUtils.java:logGet(44)) - raft.server.log.use.memory = false (default)
2021-08-15 14:02:19,617 [pool-438-thread-1] INFO  server.RaftServerConfigKeys (ConfUtils.java:logGet(44)) - raft.server.log.purge.gap = 1000000 (custom)
2021-08-15 14:02:19,617 [pool-438-thread-1] INFO  server.RaftServerConfigKeys (ConfUtils.java:logGet(44)) - raft.server.log.appender.buffer.byte-limit = 33554432 (custom)
2021-08-15 14:02:19,618 [pool-438-thread-1] INFO  server.RaftServerConfigKeys (ConfUtils.java:logGet(44)) - raft.server.log.segment.size.max = 1048576 (custom)
2021-08-15 14:02:19,618 [pool-438-thread-1] INFO  server.RaftServerConfigKeys (ConfUtils.java:logGet(44)) - raft.server.log.segment.cache.num.max = 2 (custom)
2021-08-15 14:02:19,618 [pool-438-thread-1] INFO  server.RaftServerConfigKeys (ConfUtils.java:logGet(44)) - raft.server.log.segment.cache.size.max = 200MB (=209715200) (default)
2021-08-15 14:02:19,618 [pool-438-thread-1] INFO  segmented.SegmentedRaftLogWorker (SegmentedRaftLogWorker.java:<init>(182)) - new 0475d2c2-d46f-403e-95a5-8ff1a5c32338@group-E30A832DBA26-SegmentedRaftLogWorker for RaftStorageImpl:Storage Directory /home/runner/work/ozone/ozone/hadoop-ozone/integration-test/target/test-dir/MiniOzoneClusterImpl-8fa699bc-e258-4c24-98aa-94a5d955589f/datanode-1/data/ratis/cebe81c0-351e-492f-8138-e30a832dba26
2021-08-15 14:02:19,618 [pool-438-thread-1] INFO  server.RaftServerConfigKeys (ConfUtils.java:logGet(44)) - raft.server.log.queue.byte-limit = 2147483647 (custom)
2021-08-15 14:02:19,618 [pool-438-thread-1] INFO  server.RaftServerConfigKeys (ConfUtils.java:logGet(44)) - raft.server.log.queue.element-limit = 1024 (custom)
2021-08-15 14:02:19,618 [pool-438-thread-1] INFO  server.RaftServerConfigKeys (ConfUtils.java:logGet(44)) - raft.server.log.segment.size.max = 1048576 (custom)
2021-08-15 14:02:19,618 [pool-438-thread-1] INFO  server.RaftServerConfigKeys (ConfUtils.java:logGet(44)) - raft.server.log.preallocated.size = 16384 (custom)
2021-08-15 14:02:19,618 [pool-438-thread-1] INFO  server.RaftServerConfigKeys (ConfUtils.java:logGet(44)) - raft.server.log.force.sync.num = 128 (default)
2021-08-15 14:02:19,618 [pool-438-thread-1] INFO  server.RaftServerConfigKeys (ConfUtils.java:logGet(44)) - raft.server.log.statemachine.data.sync = true (default)
2021-08-15 14:02:19,618 [pool-438-thread-1] INFO  server.RaftServerConfigKeys (ConfUtils.java:logGet(44)) - raft.server.log.statemachine.data.sync.timeout = 10s (default)
2021-08-15 14:02:19,618 [pool-438-thread-1] INFO  server.RaftServerConfigKeys (ConfUtils.java:logGet(44)) - raft.server.log.statemachine.data.sync.timeout.retry = -1 (default)
2021-08-15 14:02:19,619 [pool-438-thread-1] INFO  server.RaftServerConfigKeys (ConfUtils.java:logGet(44)) - raft.server.log.write.buffer.size = 1048576 (custom)
2021-08-15 14:02:19,619 [pool-438-thread-1] INFO  server.RaftServerConfigKeys (ConfUtils.java:logGet(44)) - raft.server.log.statemachine.data.caching.enabled = true (custom)
2021-08-15 14:02:19,620 [pool-438-thread-1] INFO  segmented.SegmentedRaftLogWorker (SegmentedRaftLogWorker.java:lambda$new$0(133)) - 0475d2c2-d46f-403e-95a5-8ff1a5c32338@group-E30A832DBA26-SegmentedRaftLogWorker: flushIndex: setUnconditionally 0 -> -1
2021-08-15 14:02:19,620 [Datanode State Machine Thread - 0] WARN  statemachine.StateContext (StateContext.java:execute(621)) - No available thread in pool for past 0 seconds.
2021-08-15 14:02:19,620 [pool-438-thread-1] INFO  segmented.SegmentedRaftLogWorker (SegmentedRaftLogWorker.java:lambda$new$0(133)) - 0475d2c2-d46f-403e-95a5-8ff1a5c32338@group-E30A832DBA26-SegmentedRaftLogWorker: safeCacheEvictIndex: setUnconditionally 0 -> -1
2021-08-15 14:02:19,624 [pool-438-thread-1] INFO  server.RaftServerConfigKeys (ConfUtils.java:logGet(44)) - raft.server.snapshot.auto.trigger.enabled = true (custom)
2021-08-15 14:02:19,624 [pool-438-thread-1] INFO  server.RaftServerConfigKeys (ConfUtils.java:logGet(44)) - raft.server.snapshot.auto.trigger.threshold = 10000 (custom)
2021-08-15 14:02:19,624 [pool-438-thread-1] INFO  server.RaftServerConfigKeys (ConfUtils.java:logGet(44)) - raft.server.snapshot.retention.file.num = 5 (custom)
2021-08-15 14:02:19,624 [pool-438-thread-1] INFO  server.RaftServerConfigKeys (ConfUtils.java:logGet(44)) - raft.server.log.purge.upto.snapshot.index = false (default)
2021-08-15 14:02:19,624 [pool-438-thread-1] INFO  server.RaftServerConfigKeys (ConfUtils.java:logGet(44)) - raft.server.retrycache.expirytime = 600000ms (custom)
2021-08-15 14:02:19,624 [pool-438-thread-1] INFO  server.RaftServerConfigKeys (ConfUtils.java:logGet(44)) - raft.server.retrycache.statistics.expirytime = 100μs (default)
2021-08-15 14:02:19,625 [pool-438-thread-1] INFO  server.RaftServer$Division (RaftServerImpl.java:start(296)) - 0475d2c2-d46f-403e-95a5-8ff1a5c32338@group-E30A832DBA26: start as a follower, conf=-1: [f89ecde1-abfa-4530-92e2-4a065b7725ea|rpc:10.1.0.17:45053|dataStream:|priority:0, c2c40a72-a699-49b1-b721-1997d9d2c71f|rpc:10.1.0.17:43041|dataStream:|priority:1, 0475d2c2-d46f-403e-95a5-8ff1a5c32338|rpc:10.1.0.17:42163|dataStream:|priority:0], old=null
2021-08-15 14:02:19,625 [pool-438-thread-1] INFO  server.RaftServer$Division (RaftServerImpl.java:setRole(285)) - 0475d2c2-d46f-403e-95a5-8ff1a5c32338@group-E30A832DBA26: changes role from      null to FOLLOWER at term 0 for startAsFollower
2021-08-15 14:02:19,625 [pool-438-thread-1] INFO  impl.RoleInfo (RoleInfo.java:updateAndGet(130)) - 0475d2c2-d46f-403e-95a5-8ff1a5c32338: start 0475d2c2-d46f-403e-95a5-8ff1a5c32338@group-E30A832DBA26-FollowerState
2021-08-15 14:02:19,640 [pool-438-thread-1] INFO  util.JmxRegister (JmxRegister.java:tryRegister(44)) - Successfully registered JMX Bean with object name Ratis:service=RaftServer,group=group-E30A832DBA26,id=0475d2c2-d46f-403e-95a5-8ff1a5c32338
2021-08-15 14:02:19,692 [grpc-default-executor-4] INFO  server.RaftServer (RaftServerProxy.java:addNew(95)) - f89ecde1-abfa-4530-92e2-4a065b7725ea: addNew group-E30A832DBA26:[f89ecde1-abfa-4530-92e2-4a065b7725ea|rpc:10.1.0.17:45053|dataStream:|priority:0, c2c40a72-a699-49b1-b721-1997d9d2c71f|rpc:10.1.0.17:43041|dataStream:|priority:1, 0475d2c2-d46f-403e-95a5-8ff1a5c32338|rpc:10.1.0.17:42163|dataStream:|priority:0] returns group-E30A832DBA26:java.util.concurrent.CompletableFuture@2673ade0[Not completed]
2021-08-15 14:02:19,710 [pool-457-thread-1] INFO  server.RaftServer$Division (RaftServerImpl.java:<init>(181)) - f89ecde1-abfa-4530-92e2-4a065b7725ea: new RaftServerImpl for group-E30A832DBA26:[f89ecde1-abfa-4530-92e2-4a065b7725ea|rpc:10.1.0.17:45053|dataStream:|priority:0, c2c40a72-a699-49b1-b721-1997d9d2c71f|rpc:10.1.0.17:43041|dataStream:|priority:1, 0475d2c2-d46f-403e-95a5-8ff1a5c32338|rpc:10.1.0.17:42163|dataStream:|priority:0] with ContainerStateMachine:uninitialized
2021-08-15 14:02:19,728 [pool-457-thread-1] INFO  server.RaftServerConfigKeys (ConfUtils.java:logGet(44)) - raft.server.rpc.timeout.min = 5s (custom)
2021-08-15 14:02:19,728 [pool-457-thread-1] INFO  server.RaftServerConfigKeys (ConfUtils.java:logGet(44)) - raft.server.rpc.timeout.max = 5200ms (custom)
2021-08-15 14:02:19,728 [pool-457-thread-1] INFO  server.RaftServerConfigKeys (ConfUtils.java:logGet(44)) - raft.server.rpc.sleep.time = 25ms (default)
2021-08-15 14:02:19,728 [pool-457-thread-1] INFO  server.RaftServerConfigKeys (ConfUtils.java:logGet(44)) - raft.server.rpc.slowness.timeout = 300s (custom)
2021-08-15 14:02:19,728 [pool-457-thread-1] INFO  server.RaftServerConfigKeys (ConfUtils.java:logGet(44)) - raft.server.leaderelection.leader.step-down.wait-time = 10s (default)
2021-08-15 14:02:19,731 [pool-457-thread-1] INFO  server.RaftServerConfigKeys (ConfUtils.java:logGet(44)) - raft.server.sleep.deviation.threshold = 300ms (default)
2021-08-15 14:02:19,731 [pool-457-thread-1] INFO  server.RaftServerConfigKeys (ConfUtils.java:logGet(44)) - raft.server.log.appender.install.snapshot.enabled = false (custom)
2021-08-15 14:02:19,731 [pool-457-thread-1] INFO  server.RaftServer$Division (ServerState.java:<init>(105)) - f89ecde1-abfa-4530-92e2-4a065b7725ea@group-E30A832DBA26: ConfigurationManager, init=-1: [f89ecde1-abfa-4530-92e2-4a065b7725ea|rpc:10.1.0.17:45053|dataStream:|priority:0, c2c40a72-a699-49b1-b721-1997d9d2c71f|rpc:10.1.0.17:43041|dataStream:|priority:1, 0475d2c2-d46f-403e-95a5-8ff1a5c32338|rpc:10.1.0.17:42163|dataStream:|priority:0], old=null, confs=<EMPTY_MAP>
2021-08-15 14:02:19,731 [pool-457-thread-1] INFO  server.RaftServerConfigKeys (ConfUtils.java:logGet(44)) - raft.server.storage.dir = [/home/runner/work/ozone/ozone/hadoop-ozone/integration-test/target/test-dir/MiniOzoneClusterImpl-8fa699bc-e258-4c24-98aa-94a5d955589f/datanode-2/data/ratis] (custom)
2021-08-15 14:02:19,731 [pool-457-thread-1] INFO  server.RaftServerConfigKeys (ConfUtils.java:logGet(44)) - raft.server.log.corruption.policy = EXCEPTION (default)
2021-08-15 14:02:19,731 [pool-457-thread-1] INFO  server.RaftServerConfigKeys (ConfUtils.java:logGet(44)) - raft.server.storage.free-space.min = 0MB (=0) (default)
2021-08-15 14:02:19,732 [pool-457-thread-1] INFO  storage.RaftStorageDirectory (RaftStorageDirectoryImpl.java:analyzeStorage(135)) - The storage directory /home/runner/work/ozone/ozone/hadoop-ozone/integration-test/target/test-dir/MiniOzoneClusterImpl-8fa699bc-e258-4c24-98aa-94a5d955589f/datanode-2/data/ratis/cebe81c0-351e-492f-8138-e30a832dba26 does not exist. Creating ...
2021-08-15 14:02:19,740 [pool-457-thread-1] INFO  storage.RaftStorageDirectory (RaftStorageDirectoryImpl.java:tryLock(230)) - Lock on /home/runner/work/ozone/ozone/hadoop-ozone/integration-test/target/test-dir/MiniOzoneClusterImpl-8fa699bc-e258-4c24-98aa-94a5d955589f/datanode-2/data/ratis/cebe81c0-351e-492f-8138-e30a832dba26/in_use.lock acquired by nodename 29626@fv-az184-677
2021-08-15 14:02:19,744 [pool-457-thread-1] INFO  storage.RaftStorage (RaftStorageImpl.java:format(89)) - Storage directory /home/runner/work/ozone/ozone/hadoop-ozone/integration-test/target/test-dir/MiniOzoneClusterImpl-8fa699bc-e258-4c24-98aa-94a5d955589f/datanode-2/data/ratis/cebe81c0-351e-492f-8138-e30a832dba26 has been successfully formatted.
2021-08-15 14:02:19,755 [Datanode State Machine Thread - 0] WARN  statemachine.StateContext (StateContext.java:execute(621)) - No available thread in pool for past 0 seconds.
2021-08-15 14:02:19,755 [pool-457-thread-1] INFO  ratis.ContainerStateMachine (ContainerStateMachine.java:loadSnapshot(225)) - group-E30A832DBA26: The snapshot info is null. Setting the last applied indexto:(t:0, i:~)
2021-08-15 14:02:19,755 [pool-457-thread-1] INFO  server.RaftServerConfigKeys (ConfUtils.java:logGet(44)) - raft.server.notification.no-leader.timeout = 300s (custom)
2021-08-15 14:02:19,756 [pool-457-thread-1] INFO  server.RaftServerConfigKeys (ConfUtils.java:logGet(44)) - raft.server.log.use.memory = false (default)
2021-08-15 14:02:19,756 [pool-457-thread-1] INFO  server.RaftServerConfigKeys (ConfUtils.java:logGet(44)) - raft.server.log.purge.gap = 1000000 (custom)
2021-08-15 14:02:19,756 [pool-457-thread-1] INFO  server.RaftServerConfigKeys (ConfUtils.java:logGet(44)) - raft.server.log.appender.buffer.byte-limit = 33554432 (custom)
2021-08-15 14:02:19,756 [pool-457-thread-1] INFO  server.RaftServerConfigKeys (ConfUtils.java:logGet(44)) - raft.server.log.segment.size.max = 1048576 (custom)
2021-08-15 14:02:19,757 [pool-457-thread-1] INFO  server.RaftServerConfigKeys (ConfUtils.java:logGet(44)) - raft.server.log.segment.cache.num.max = 2 (custom)
2021-08-15 14:02:19,757 [pool-457-thread-1] INFO  server.RaftServerConfigKeys (ConfUtils.java:logGet(44)) - raft.server.log.segment.cache.size.max = 200MB (=209715200) (default)
2021-08-15 14:02:19,757 [pool-457-thread-1] INFO  segmented.SegmentedRaftLogWorker (SegmentedRaftLogWorker.java:<init>(182)) - new f89ecde1-abfa-4530-92e2-4a065b7725ea@group-E30A832DBA26-SegmentedRaftLogWorker for RaftStorageImpl:Storage Directory /home/runner/work/ozone/ozone/hadoop-ozone/integration-test/target/test-dir/MiniOzoneClusterImpl-8fa699bc-e258-4c24-98aa-94a5d955589f/datanode-2/data/ratis/cebe81c0-351e-492f-8138-e30a832dba26
2021-08-15 14:02:19,757 [pool-457-thread-1] INFO  server.RaftServerConfigKeys (ConfUtils.java:logGet(44)) - raft.server.log.queue.byte-limit = 2147483647 (custom)
2021-08-15 14:02:19,757 [pool-457-thread-1] INFO  server.RaftServerConfigKeys (ConfUtils.java:logGet(44)) - raft.server.log.queue.element-limit = 1024 (custom)
2021-08-15 14:02:19,757 [pool-457-thread-1] INFO  server.RaftServerConfigKeys (ConfUtils.java:logGet(44)) - raft.server.log.segment.size.max = 1048576 (custom)
2021-08-15 14:02:19,757 [pool-457-thread-1] INFO  server.RaftServerConfigKeys (ConfUtils.java:logGet(44)) - raft.server.log.preallocated.size = 16384 (custom)
2021-08-15 14:02:19,757 [pool-457-thread-1] INFO  server.RaftServerConfigKeys (ConfUtils.java:logGet(44)) - raft.server.log.force.sync.num = 128 (default)
2021-08-15 14:02:19,757 [pool-457-thread-1] INFO  server.RaftServerConfigKeys (ConfUtils.java:logGet(44)) - raft.server.log.statemachine.data.sync = true (default)
2021-08-15 14:02:19,757 [pool-457-thread-1] INFO  server.RaftServerConfigKeys (ConfUtils.java:logGet(44)) - raft.server.log.statemachine.data.sync.timeout = 10s (default)
2021-08-15 14:02:19,757 [pool-457-thread-1] INFO  server.RaftServerConfigKeys (ConfUtils.java:logGet(44)) - raft.server.log.statemachine.data.sync.timeout.retry = -1 (default)
2021-08-15 14:02:19,758 [pool-457-thread-1] INFO  server.RaftServerConfigKeys (ConfUtils.java:logGet(44)) - raft.server.log.write.buffer.size = 1048576 (custom)
2021-08-15 14:02:19,760 [pool-457-thread-1] INFO  server.RaftServerConfigKeys (ConfUtils.java:logGet(44)) - raft.server.log.statemachine.data.caching.enabled = true (custom)
2021-08-15 14:02:19,761 [pool-457-thread-1] INFO  segmented.SegmentedRaftLogWorker (SegmentedRaftLogWorker.java:lambda$new$0(133)) - f89ecde1-abfa-4530-92e2-4a065b7725ea@group-E30A832DBA26-SegmentedRaftLogWorker: flushIndex: setUnconditionally 0 -> -1
2021-08-15 14:02:19,761 [pool-457-thread-1] INFO  segmented.SegmentedRaftLogWorker (SegmentedRaftLogWorker.java:lambda$new$0(133)) - f89ecde1-abfa-4530-92e2-4a065b7725ea@group-E30A832DBA26-SegmentedRaftLogWorker: safeCacheEvictIndex: setUnconditionally 0 -> -1
2021-08-15 14:02:19,763 [pool-457-thread-1] INFO  server.RaftServerConfigKeys (ConfUtils.java:logGet(44)) - raft.server.snapshot.auto.trigger.enabled = true (custom)
2021-08-15 14:02:19,763 [pool-457-thread-1] INFO  server.RaftServerConfigKeys (ConfUtils.java:logGet(44)) - raft.server.snapshot.auto.trigger.threshold = 10000 (custom)
2021-08-15 14:02:19,763 [pool-457-thread-1] INFO  server.RaftServerConfigKeys (ConfUtils.java:logGet(44)) - raft.server.snapshot.retention.file.num = 5 (custom)
2021-08-15 14:02:19,763 [pool-457-thread-1] INFO  server.RaftServerConfigKeys (ConfUtils.java:logGet(44)) - raft.server.log.purge.upto.snapshot.index = false (default)
2021-08-15 14:02:19,763 [pool-457-thread-1] INFO  server.RaftServerConfigKeys (ConfUtils.java:logGet(44)) - raft.server.retrycache.expirytime = 600000ms (custom)
2021-08-15 14:02:19,763 [pool-457-thread-1] INFO  server.RaftServerConfigKeys (ConfUtils.java:logGet(44)) - raft.server.retrycache.statistics.expirytime = 100μs (default)
2021-08-15 14:02:19,764 [pool-457-thread-1] INFO  server.RaftServer$Division (RaftServerImpl.java:start(296)) - f89ecde1-abfa-4530-92e2-4a065b7725ea@group-E30A832DBA26: start as a follower, conf=-1: [f89ecde1-abfa-4530-92e2-4a065b7725ea|rpc:10.1.0.17:45053|dataStream:|priority:0, c2c40a72-a699-49b1-b721-1997d9d2c71f|rpc:10.1.0.17:43041|dataStream:|priority:1, 0475d2c2-d46f-403e-95a5-8ff1a5c32338|rpc:10.1.0.17:42163|dataStream:|priority:0], old=null
2021-08-15 14:02:19,764 [pool-457-thread-1] INFO  server.RaftServer$Division (RaftServerImpl.java:setRole(285)) - f89ecde1-abfa-4530-92e2-4a065b7725ea@group-E30A832DBA26: changes role from      null to FOLLOWER at term 0 for startAsFollower
2021-08-15 14:02:19,764 [pool-457-thread-1] INFO  impl.RoleInfo (RoleInfo.java:updateAndGet(130)) - f89ecde1-abfa-4530-92e2-4a065b7725ea: start f89ecde1-abfa-4530-92e2-4a065b7725ea@group-E30A832DBA26-FollowerState
2021-08-15 14:02:19,765 [pool-457-thread-1] INFO  util.JmxRegister (JmxRegister.java:tryRegister(44)) - Successfully registered JMX Bean with object name Ratis:service=RaftServer,group=group-E30A832DBA26,id=f89ecde1-abfa-4530-92e2-4a065b7725ea
2021-08-15 14:02:19,787 [Command processor thread] INFO  commandhandler.CreatePipelineCommandHandler (CreatePipelineCommandHandler.java:handle(106)) - Created Pipeline RATIS THREE PipelineID=cebe81c0-351e-492f-8138-e30a832dba26.
2021-08-15 14:02:20,318 [Listener at 127.0.0.1/41905] INFO  ozone.MiniOzoneClusterImpl (MiniOzoneClusterImpl.java:lambda$waitForClusterToBeReady$0(235)) - Nodes are ready. Got 3 of 3 DN Heartbeats.
2021-08-15 14:02:20,318 [Listener at 127.0.0.1/41905] INFO  ozone.MiniOzoneClusterImpl (MiniOzoneClusterImpl.java:lambda$waitForClusterToBeReady$0(238)) - Waiting for cluster to exit safe mode
2021-08-15 14:02:20,318 [Listener at 127.0.0.1/41905] INFO  ozone.MiniOzoneClusterImpl (MiniOzoneClusterImpl.java:lambda$waitForClusterToBeReady$0(240)) - SCM became leader
2021-08-15 14:02:21,318 [Listener at 127.0.0.1/41905] INFO  ozone.MiniOzoneClusterImpl (MiniOzoneClusterImpl.java:lambda$waitForClusterToBeReady$0(235)) - Nodes are ready. Got 3 of 3 DN Heartbeats.
2021-08-15 14:02:21,319 [Listener at 127.0.0.1/41905] INFO  ozone.MiniOzoneClusterImpl (MiniOzoneClusterImpl.java:lambda$waitForClusterToBeReady$0(238)) - Waiting for cluster to exit safe mode
2021-08-15 14:02:21,319 [Listener at 127.0.0.1/41905] INFO  ozone.MiniOzoneClusterImpl (MiniOzoneClusterImpl.java:lambda$waitForClusterToBeReady$0(240)) - SCM became leader
2021-08-15 14:02:22,319 [Listener at 127.0.0.1/41905] INFO  ozone.MiniOzoneClusterImpl (MiniOzoneClusterImpl.java:lambda$waitForClusterToBeReady$0(235)) - Nodes are ready. Got 3 of 3 DN Heartbeats.
2021-08-15 14:02:22,320 [Listener at 127.0.0.1/41905] INFO  ozone.MiniOzoneClusterImpl (MiniOzoneClusterImpl.java:lambda$waitForClusterToBeReady$0(238)) - Waiting for cluster to exit safe mode
2021-08-15 14:02:22,320 [Listener at 127.0.0.1/41905] INFO  ozone.MiniOzoneClusterImpl (MiniOzoneClusterImpl.java:lambda$waitForClusterToBeReady$0(240)) - SCM became leader
2021-08-15 14:02:23,320 [Listener at 127.0.0.1/41905] INFO  ozone.MiniOzoneClusterImpl (MiniOzoneClusterImpl.java:lambda$waitForClusterToBeReady$0(235)) - Nodes are ready. Got 3 of 3 DN Heartbeats.
2021-08-15 14:02:23,321 [Listener at 127.0.0.1/41905] INFO  ozone.MiniOzoneClusterImpl (MiniOzoneClusterImpl.java:lambda$waitForClusterToBeReady$0(238)) - Waiting for cluster to exit safe mode
2021-08-15 14:02:23,321 [Listener at 127.0.0.1/41905] INFO  ozone.MiniOzoneClusterImpl (MiniOzoneClusterImpl.java:lambda$waitForClusterToBeReady$0(240)) - SCM became leader
2021-08-15 14:02:24,321 [Listener at 127.0.0.1/41905] INFO  ozone.MiniOzoneClusterImpl (MiniOzoneClusterImpl.java:lambda$waitForClusterToBeReady$0(235)) - Nodes are ready. Got 3 of 3 DN Heartbeats.
2021-08-15 14:02:24,321 [Listener at 127.0.0.1/41905] INFO  ozone.MiniOzoneClusterImpl (MiniOzoneClusterImpl.java:lambda$waitForClusterToBeReady$0(238)) - Waiting for cluster to exit safe mode
2021-08-15 14:02:24,321 [Listener at 127.0.0.1/41905] INFO  ozone.MiniOzoneClusterImpl (MiniOzoneClusterImpl.java:lambda$waitForClusterToBeReady$0(240)) - SCM became leader
2021-08-15 14:02:24,528 [c2c40a72-a699-49b1-b721-1997d9d2c71f@group-E30A832DBA26-FollowerState] INFO  impl.FollowerState (FollowerState.java:run(134)) - c2c40a72-a699-49b1-b721-1997d9d2c71f@group-E30A832DBA26-FollowerState: change to CANDIDATE, lastRpcElapsedTime:5005400522ns, electionTimeout:5001ms
2021-08-15 14:02:24,529 [c2c40a72-a699-49b1-b721-1997d9d2c71f@group-E30A832DBA26-FollowerState] INFO  impl.RoleInfo (RoleInfo.java:shutdownFollowerState(108)) - c2c40a72-a699-49b1-b721-1997d9d2c71f: shutdown c2c40a72-a699-49b1-b721-1997d9d2c71f@group-E30A832DBA26-FollowerState
2021-08-15 14:02:24,529 [c2c40a72-a699-49b1-b721-1997d9d2c71f@group-E30A832DBA26-FollowerState] INFO  server.RaftServer$Division (RaftServerImpl.java:setRole(285)) - c2c40a72-a699-49b1-b721-1997d9d2c71f@group-E30A832DBA26: changes role from  FOLLOWER to CANDIDATE at term 0 for changeToCandidate
2021-08-15 14:02:24,529 [c2c40a72-a699-49b1-b721-1997d9d2c71f@group-E30A832DBA26-FollowerState] INFO  server.RaftServerConfigKeys (ConfUtils.java:logGet(44)) - raft.server.leaderelection.pre-vote = false (custom)
2021-08-15 14:02:24,529 [c2c40a72-a699-49b1-b721-1997d9d2c71f@group-E30A832DBA26-FollowerState] INFO  impl.RoleInfo (RoleInfo.java:updateAndGet(130)) - c2c40a72-a699-49b1-b721-1997d9d2c71f: start c2c40a72-a699-49b1-b721-1997d9d2c71f@group-E30A832DBA26-LeaderElection14
2021-08-15 14:02:24,567 [c2c40a72-a699-49b1-b721-1997d9d2c71f@group-E30A832DBA26-LeaderElection14] INFO  impl.LeaderElection (LeaderElection.java:askForVotes(306)) - c2c40a72-a699-49b1-b721-1997d9d2c71f@group-E30A832DBA26-LeaderElection14 ELECTION round 0: submit vote requests at term 1 for -1: [f89ecde1-abfa-4530-92e2-4a065b7725ea|rpc:10.1.0.17:45053|priority:0, c2c40a72-a699-49b1-b721-1997d9d2c71f|rpc:10.1.0.17:43041|priority:1, 0475d2c2-d46f-403e-95a5-8ff1a5c32338|rpc:10.1.0.17:42163|priority:0], old=null
2021-08-15 14:02:24,612 [grpc-default-executor-4] INFO  server.RaftServer$Division (RaftServerImpl.java:requestVote(1043)) - f89ecde1-abfa-4530-92e2-4a065b7725ea@group-E30A832DBA26: receive requestVote(ELECTION, c2c40a72-a699-49b1-b721-1997d9d2c71f, group-E30A832DBA26, 1, (t:0, i:0))
2021-08-15 14:02:24,612 [grpc-default-executor-4] INFO  impl.VoteContext (VoteContext.java:log(48)) - f89ecde1-abfa-4530-92e2-4a065b7725ea@group-E30A832DBA26-FOLLOWER: accept ELECTION from c2c40a72-a699-49b1-b721-1997d9d2c71f: our priority 0 <= candidate's priority 1
2021-08-15 14:02:24,612 [grpc-default-executor-4] INFO  server.RaftServer$Division (RaftServerImpl.java:setRole(285)) - f89ecde1-abfa-4530-92e2-4a065b7725ea@group-E30A832DBA26: changes role from  FOLLOWER to FOLLOWER at term 1 for candidate:c2c40a72-a699-49b1-b721-1997d9d2c71f
2021-08-15 14:02:24,612 [grpc-default-executor-4] INFO  impl.RoleInfo (RoleInfo.java:shutdownFollowerState(108)) - f89ecde1-abfa-4530-92e2-4a065b7725ea: shutdown f89ecde1-abfa-4530-92e2-4a065b7725ea@group-E30A832DBA26-FollowerState
2021-08-15 14:02:24,612 [grpc-default-executor-4] INFO  impl.RoleInfo (RoleInfo.java:updateAndGet(130)) - f89ecde1-abfa-4530-92e2-4a065b7725ea: start f89ecde1-abfa-4530-92e2-4a065b7725ea@group-E30A832DBA26-FollowerState
2021-08-15 14:02:24,613 [f89ecde1-abfa-4530-92e2-4a065b7725ea@group-E30A832DBA26-FollowerState] INFO  impl.FollowerState (FollowerState.java:run(143)) - f89ecde1-abfa-4530-92e2-4a065b7725ea@group-E30A832DBA26-FollowerState was interrupted: {}
java.lang.InterruptedException: sleep interrupted
	at java.lang.Thread.sleep(Native Method)
	at java.lang.Thread.sleep(Thread.java:340)
	at java.util.concurrent.TimeUnit.sleep(TimeUnit.java:386)
	at org.apache.ratis.util.TimeDuration.sleep(TimeDuration.java:324)
	at org.apache.ratis.util.TimeDuration.sleep(TimeDuration.java:309)
	at org.apache.ratis.server.impl.FollowerState.run(FollowerState.java:118)
2021-08-15 14:02:24,628 [grpc-default-executor-4] INFO  server.RaftServer$Division (RaftServerImpl.java:requestVote(1075)) - f89ecde1-abfa-4530-92e2-4a065b7725ea@group-E30A832DBA26 replies to ELECTION vote request: c2c40a72-a699-49b1-b721-1997d9d2c71f<-f89ecde1-abfa-4530-92e2-4a065b7725ea#0:OK-t1. Peer's state: f89ecde1-abfa-4530-92e2-4a065b7725ea@group-E30A832DBA26:t1, leader=null, voted=c2c40a72-a699-49b1-b721-1997d9d2c71f, raftlog=f89ecde1-abfa-4530-92e2-4a065b7725ea@group-E30A832DBA26-SegmentedRaftLog:OPENED:c-1,f-1,i0, conf=-1: [f89ecde1-abfa-4530-92e2-4a065b7725ea|rpc:10.1.0.17:45053|dataStream:|priority:0, c2c40a72-a699-49b1-b721-1997d9d2c71f|rpc:10.1.0.17:43041|dataStream:|priority:1, 0475d2c2-d46f-403e-95a5-8ff1a5c32338|rpc:10.1.0.17:42163|dataStream:|priority:0], old=null
2021-08-15 14:02:24,644 [c2c40a72-a699-49b1-b721-1997d9d2c71f@group-E30A832DBA26-LeaderElection14] INFO  impl.LeaderElection (LeaderElection.java:logAndReturn(89)) - c2c40a72-a699-49b1-b721-1997d9d2c71f@group-E30A832DBA26-LeaderElection14: ELECTION PASSED received 1 response(s) and 0 exception(s):
2021-08-15 14:02:24,644 [c2c40a72-a699-49b1-b721-1997d9d2c71f@group-E30A832DBA26-LeaderElection14] INFO  impl.LeaderElection (LeaderElection.java:logAndReturn(93)) -   Response 0: c2c40a72-a699-49b1-b721-1997d9d2c71f<-f89ecde1-abfa-4530-92e2-4a065b7725ea#0:OK-t1
2021-08-15 14:02:24,644 [c2c40a72-a699-49b1-b721-1997d9d2c71f@group-E30A832DBA26-LeaderElection14] INFO  impl.LeaderElection (LeaderElection.java:askForVotes(308)) - c2c40a72-a699-49b1-b721-1997d9d2c71f@group-E30A832DBA26-LeaderElection14 ELECTION round 0: result PASSED
2021-08-15 14:02:24,644 [c2c40a72-a699-49b1-b721-1997d9d2c71f@group-E30A832DBA26-LeaderElection14] INFO  impl.RoleInfo (RoleInfo.java:shutdownLeaderElection(121)) - c2c40a72-a699-49b1-b721-1997d9d2c71f: shutdown c2c40a72-a699-49b1-b721-1997d9d2c71f@group-E30A832DBA26-LeaderElection14
2021-08-15 14:02:24,644 [c2c40a72-a699-49b1-b721-1997d9d2c71f@group-E30A832DBA26-LeaderElection14] INFO  server.RaftServer$Division (RaftServerImpl.java:setRole(285)) - c2c40a72-a699-49b1-b721-1997d9d2c71f@group-E30A832DBA26: changes role from CANDIDATE to LEADER at term 1 for changeToLeader
2021-08-15 14:02:24,644 [c2c40a72-a699-49b1-b721-1997d9d2c71f@group-E30A832DBA26-LeaderElection14] INFO  ratis.XceiverServerRatis (XceiverServerRatis.java:handleLeaderChangedNotification(861)) - Leader change notification received for group: group-E30A832DBA26 with new leaderId: c2c40a72-a699-49b1-b721-1997d9d2c71f
2021-08-15 14:02:24,644 [c2c40a72-a699-49b1-b721-1997d9d2c71f@group-E30A832DBA26-LeaderElection14] INFO  server.RaftServer$Division (ServerState.java:setLeader(285)) - c2c40a72-a699-49b1-b721-1997d9d2c71f@group-E30A832DBA26: change Leader from null to c2c40a72-a699-49b1-b721-1997d9d2c71f at term 1 for becomeLeader, leader elected after 5131ms
2021-08-15 14:02:24,644 [c2c40a72-a699-49b1-b721-1997d9d2c71f@group-E30A832DBA26-LeaderElection14] INFO  server.RaftServerConfigKeys (ConfUtils.java:logGet(44)) - raft.server.staging.catchup.gap = 1000 (default)
2021-08-15 14:02:24,644 [c2c40a72-a699-49b1-b721-1997d9d2c71f@group-E30A832DBA26-LeaderElection14] INFO  server.RaftServerConfigKeys (ConfUtils.java:logGet(44)) - raft.server.write.element-limit = 1024 (custom)
2021-08-15 14:02:24,644 [c2c40a72-a699-49b1-b721-1997d9d2c71f@group-E30A832DBA26-LeaderElection14] INFO  server.RaftServerConfigKeys (ConfUtils.java:logGet(44)) - raft.server.write.byte-limit = 1024 M (=1073741824) (custom)
2021-08-15 14:02:24,645 [c2c40a72-a699-49b1-b721-1997d9d2c71f@group-E30A832DBA26-LeaderElection14] INFO  server.RaftServerConfigKeys (ConfUtils.java:logGet(44)) - raft.server.watch.timeout = 180s (custom)
2021-08-15 14:02:24,645 [c2c40a72-a699-49b1-b721-1997d9d2c71f@group-E30A832DBA26-LeaderElection14] INFO  server.RaftServerConfigKeys (ConfUtils.java:logGet(44)) - raft.server.watch.timeout.denomination = 1s (default)
2021-08-15 14:02:24,645 [c2c40a72-a699-49b1-b721-1997d9d2c71f@group-E30A832DBA26-LeaderElection14] INFO  server.RaftServerConfigKeys (ConfUtils.java:logGet(44)) - raft.server.watch.element-limit = 65536 (default)
2021-08-15 14:02:24,645 [c2c40a72-a699-49b1-b721-1997d9d2c71f@group-E30A832DBA26-LeaderElection14] INFO  server.RaftServerConfigKeys (ConfUtils.java:logGet(44)) - raft.server.log.appender.snapshot.chunk.size.max = 16MB (=16777216) (default)
2021-08-15 14:02:24,645 [c2c40a72-a699-49b1-b721-1997d9d2c71f@group-E30A832DBA26-LeaderElection14] INFO  server.RaftServerConfigKeys (ConfUtils.java:logGet(44)) - raft.server.log.appender.buffer.byte-limit = 33554432 (custom)
2021-08-15 14:02:24,645 [c2c40a72-a699-49b1-b721-1997d9d2c71f@group-E30A832DBA26-LeaderElection14] INFO  server.RaftServerConfigKeys (ConfUtils.java:logGet(44)) - raft.server.log.appender.buffer.element-limit = 1 (custom)
2021-08-15 14:02:24,645 [c2c40a72-a699-49b1-b721-1997d9d2c71f@group-E30A832DBA26-LeaderElection14] INFO  grpc.GrpcConfigKeys (ConfUtils.java:logGet(44)) - raft.grpc.server.leader.outstanding.appends.max = 128 (default)
2021-08-15 14:02:24,645 [c2c40a72-a699-49b1-b721-1997d9d2c71f@group-E30A832DBA26-LeaderElection14] INFO  server.RaftServerConfigKeys (ConfUtils.java:logGet(44)) - raft.server.rpc.request.timeout = 60s (custom)
2021-08-15 14:02:24,645 [c2c40a72-a699-49b1-b721-1997d9d2c71f@group-E30A832DBA26-LeaderElection14] INFO  server.RaftServerConfigKeys (ConfUtils.java:logGet(44)) - raft.server.log.appender.install.snapshot.enabled = false (custom)
2021-08-15 14:02:24,646 [c2c40a72-a699-49b1-b721-1997d9d2c71f@group-E30A832DBA26-LeaderElection14] INFO  server.RaftServerConfigKeys (ConfUtils.java:logGet(44)) - raft.server.log.appender.snapshot.chunk.size.max = 16MB (=16777216) (default)
2021-08-15 14:02:24,646 [c2c40a72-a699-49b1-b721-1997d9d2c71f@group-E30A832DBA26-LeaderElection14] INFO  server.RaftServerConfigKeys (ConfUtils.java:logGet(44)) - raft.server.log.appender.buffer.byte-limit = 33554432 (custom)
2021-08-15 14:02:24,646 [c2c40a72-a699-49b1-b721-1997d9d2c71f@group-E30A832DBA26-LeaderElection14] INFO  server.RaftServerConfigKeys (ConfUtils.java:logGet(44)) - raft.server.log.appender.buffer.element-limit = 1 (custom)
2021-08-15 14:02:24,646 [c2c40a72-a699-49b1-b721-1997d9d2c71f@group-E30A832DBA26-LeaderElection14] INFO  grpc.GrpcConfigKeys (ConfUtils.java:logGet(44)) - raft.grpc.server.leader.outstanding.appends.max = 128 (default)
2021-08-15 14:02:24,646 [c2c40a72-a699-49b1-b721-1997d9d2c71f@group-E30A832DBA26-LeaderElection14] INFO  server.RaftServerConfigKeys (ConfUtils.java:logGet(44)) - raft.server.rpc.request.timeout = 60s (custom)
2021-08-15 14:02:24,646 [c2c40a72-a699-49b1-b721-1997d9d2c71f@group-E30A832DBA26-LeaderElection14] INFO  server.RaftServerConfigKeys (ConfUtils.java:logGet(44)) - raft.server.log.appender.install.snapshot.enabled = false (custom)
2021-08-15 14:02:24,647 [c2c40a72-a699-49b1-b721-1997d9d2c71f@group-E30A832DBA26-LeaderElection14] INFO  impl.RoleInfo (RoleInfo.java:updateAndGet(130)) - c2c40a72-a699-49b1-b721-1997d9d2c71f: start c2c40a72-a699-49b1-b721-1997d9d2c71f@group-E30A832DBA26-LeaderStateImpl
2021-08-15 14:02:24,647 [c2c40a72-a699-49b1-b721-1997d9d2c71f@group-E30A832DBA26-LeaderElection14] INFO  segmented.SegmentedRaftLogWorker (SegmentedRaftLogWorker.java:startLogSegment(394)) - c2c40a72-a699-49b1-b721-1997d9d2c71f@group-E30A832DBA26-SegmentedRaftLogWorker: Starting segment from index:0
2021-08-15 14:02:24,647 [grpc-default-executor-5] INFO  server.RaftServer$Division (RaftServerImpl.java:requestVote(1043)) - 0475d2c2-d46f-403e-95a5-8ff1a5c32338@group-E30A832DBA26: receive requestVote(ELECTION, c2c40a72-a699-49b1-b721-1997d9d2c71f, group-E30A832DBA26, 1, (t:0, i:0))
2021-08-15 14:02:24,681 [grpc-default-executor-3] INFO  ratis.XceiverServerRatis (XceiverServerRatis.java:handleLeaderChangedNotification(861)) - Leader change notification received for group: group-E30A832DBA26 with new leaderId: c2c40a72-a699-49b1-b721-1997d9d2c71f
2021-08-15 14:02:24,681 [grpc-default-executor-3] INFO  server.RaftServer$Division (ServerState.java:setLeader(285)) - f89ecde1-abfa-4530-92e2-4a065b7725ea@group-E30A832DBA26: change Leader from null to c2c40a72-a699-49b1-b721-1997d9d2c71f at term 1 for appendEntries, leader elected after 4925ms
2021-08-15 14:02:24,677 [grpc-default-executor-2] INFO  ratis.XceiverServerRatis (XceiverServerRatis.java:handleLeaderChangedNotification(861)) - Leader change notification received for group: group-E30A832DBA26 with new leaderId: c2c40a72-a699-49b1-b721-1997d9d2c71f
2021-08-15 14:02:24,681 [grpc-default-executor-2] INFO  server.RaftServer$Division (ServerState.java:setLeader(285)) - 0475d2c2-d46f-403e-95a5-8ff1a5c32338@group-E30A832DBA26: change Leader from null to c2c40a72-a699-49b1-b721-1997d9d2c71f at term 1 for appendEntries, leader elected after 5059ms
2021-08-15 14:02:24,681 [c2c40a72-a699-49b1-b721-1997d9d2c71f@group-E30A832DBA26-LeaderElection14] INFO  server.RaftServer$Division (ServerState.java:setRaftConf(387)) - c2c40a72-a699-49b1-b721-1997d9d2c71f@group-E30A832DBA26: set configuration 0: [f89ecde1-abfa-4530-92e2-4a065b7725ea|rpc:10.1.0.17:45053|dataStream:|priority:0, c2c40a72-a699-49b1-b721-1997d9d2c71f|rpc:10.1.0.17:43041|dataStream:|priority:1, 0475d2c2-d46f-403e-95a5-8ff1a5c32338|rpc:10.1.0.17:42163|dataStream:|priority:0], old=null
2021-08-15 14:02:24,672 [EventQueue-PipelineReportForPipelineReportHandler] INFO  pipeline.PipelineManagerImpl (PipelineManagerImpl.java:openPipeline(283)) - Pipeline Pipeline[ Id: cebe81c0-351e-492f-8138-e30a832dba26, Nodes: 0475d2c2-d46f-403e-95a5-8ff1a5c32338{ip: 10.1.0.17, host: fv-az184-677.3ow45vhwbzuu5incsxmygykede.cx.internal.cloudapp.net, ports: [REPLICATION=41483, RATIS=42163, RATIS_ADMIN=42163, RATIS_SERVER=42163, STANDALONE=38065], networkLocation: /default-rack, certSerialId: null, persistedOpState: IN_SERVICE, persistedOpStateExpiryEpochSec: 0}f89ecde1-abfa-4530-92e2-4a065b7725ea{ip: 10.1.0.17, host: fv-az184-677.3ow45vhwbzuu5incsxmygykede.cx.internal.cloudapp.net, ports: [REPLICATION=33771, RATIS=45053, RATIS_ADMIN=45053, RATIS_SERVER=45053, STANDALONE=46857], networkLocation: /default-rack, certSerialId: null, persistedOpState: IN_SERVICE, persistedOpStateExpiryEpochSec: 0}c2c40a72-a699-49b1-b721-1997d9d2c71f{ip: 10.1.0.17, host: fv-az184-677.3ow45vhwbzuu5incsxmygykede.cx.internal.cloudapp.net, ports: [REPLICATION=40199, RATIS=43041, RATIS_ADMIN=43041, RATIS_SERVER=43041, STANDALONE=37757], networkLocation: /default-rack, certSerialId: null, persistedOpState: IN_SERVICE, persistedOpStateExpiryEpochSec: 0}, ReplicationConfig: RATIS/THREE, State:ALLOCATED, leaderId:c2c40a72-a699-49b1-b721-1997d9d2c71f, CreationTimestamp2021-08-15T14:02:17.402Z[Etc/UTC]] moved to OPEN state
2021-08-15 14:02:24,648 [c2c40a72-a699-49b1-b721-1997d9d2c71f@group-E30A832DBA26-SegmentedRaftLogWorker] INFO  segmented.SegmentedRaftLogWorker (SegmentedRaftLogWorker.java:execute(601)) - c2c40a72-a699-49b1-b721-1997d9d2c71f@group-E30A832DBA26-SegmentedRaftLogWorker: created new log segment /home/runner/work/ozone/ozone/hadoop-ozone/integration-test/target/test-dir/MiniOzoneClusterImpl-8fa699bc-e258-4c24-98aa-94a5d955589f/datanode-0/data/ratis/cebe81c0-351e-492f-8138-e30a832dba26/current/log_inprogress_0
2021-08-15 14:02:24,648 [Datanode State Machine Thread - 0] WARN  statemachine.StateContext (StateContext.java:execute(621)) - No available thread in pool for past 0 seconds.
2021-08-15 14:02:24,694 [grpc-default-executor-5] INFO  impl.VoteContext (VoteContext.java:log(48)) - 0475d2c2-d46f-403e-95a5-8ff1a5c32338@group-E30A832DBA26-FOLLOWER: reject ELECTION from c2c40a72-a699-49b1-b721-1997d9d2c71f: this server is a follower and still has a valid leader c2c40a72-a699-49b1-b721-1997d9d2c71f
2021-08-15 14:02:24,724 [grpc-default-executor-5] INFO  server.RaftServer$Division (RaftServerImpl.java:requestVote(1075)) - 0475d2c2-d46f-403e-95a5-8ff1a5c32338@group-E30A832DBA26 replies to ELECTION vote request: c2c40a72-a699-49b1-b721-1997d9d2c71f<-0475d2c2-d46f-403e-95a5-8ff1a5c32338#0:FAIL-t1. Peer's state: 0475d2c2-d46f-403e-95a5-8ff1a5c32338@group-E30A832DBA26:t1, leader=c2c40a72-a699-49b1-b721-1997d9d2c71f, voted=null, raftlog=0475d2c2-d46f-403e-95a5-8ff1a5c32338@group-E30A832DBA26-SegmentedRaftLog:OPENED:c-1,f-1,i0, conf=-1: [f89ecde1-abfa-4530-92e2-4a065b7725ea|rpc:10.1.0.17:45053|dataStream:|priority:0, c2c40a72-a699-49b1-b721-1997d9d2c71f|rpc:10.1.0.17:43041|dataStream:|priority:1, 0475d2c2-d46f-403e-95a5-8ff1a5c32338|rpc:10.1.0.17:42163|dataStream:|priority:0], old=null
2021-08-15 14:02:24,694 [grpc-default-executor-3] INFO  server.RaftServer$Division (ServerState.java:setRaftConf(387)) - f89ecde1-abfa-4530-92e2-4a065b7725ea@group-E30A832DBA26: set configuration 0: [f89ecde1-abfa-4530-92e2-4a065b7725ea|rpc:10.1.0.17:45053|dataStream:|priority:0, c2c40a72-a699-49b1-b721-1997d9d2c71f|rpc:10.1.0.17:43041|dataStream:|priority:1, 0475d2c2-d46f-403e-95a5-8ff1a5c32338|rpc:10.1.0.17:42163|dataStream:|priority:0], old=null
2021-08-15 14:02:24,725 [grpc-default-executor-3] INFO  segmented.SegmentedRaftLogWorker (SegmentedRaftLogWorker.java:startLogSegment(394)) - f89ecde1-abfa-4530-92e2-4a065b7725ea@group-E30A832DBA26-SegmentedRaftLogWorker: Starting segment from index:0
2021-08-15 14:02:24,726 [EventQueue-OpenPipelineForHealthyPipelineSafeModeRule] INFO  safemode.SCMSafeModeManager (HealthyPipelineSafeModeRule.java:process(124)) - SCM in safe mode. Healthy pipelines reported count is 1, required healthy pipeline reported count is 1
2021-08-15 14:02:24,768 [EventQueue-OpenPipelineForHealthyPipelineSafeModeRule] INFO  safemode.SCMSafeModeManager (SCMSafeModeManager.java:validateSafeModeExitRules(204)) - HealthyPipelineSafeModeRule rule is successfully validated
2021-08-15 14:02:24,768 [EventQueue-OpenPipelineForHealthyPipelineSafeModeRule] INFO  safemode.SCMSafeModeManager (SCMSafeModeManager.java:validateSafeModeExitRules(219)) - ScmSafeModeManager, all rules are successfully validated
2021-08-15 14:02:24,768 [EventQueue-OpenPipelineForHealthyPipelineSafeModeRule] INFO  safemode.SCMSafeModeManager (SCMSafeModeManager.java:exitSafeMode(248)) - SCM exiting safe mode.
2021-08-15 14:02:24,768 [EventQueue-OpenPipelineForHealthyPipelineSafeModeRule] WARN  events.EventQueue (EventQueue.java:fireEvent(194)) - No event handler registered for event TypedEvent{payloadType=SafeModeStatus, name='Safe mode status'}
2021-08-15 14:02:24,768 [EventQueue-OpenPipelineForHealthyPipelineSafeModeRule] INFO  ha.SCMContext (SCMContext.java:updateSafeModeStatus(205)) - Update SafeModeStatus from SafeModeStatus{safeModeStatus=true, preCheckPassed=true} to SafeModeStatus{safeModeStatus=false, preCheckPassed=true}.
2021-08-15 14:02:24,768 [EventQueue-OpenPipelineForHealthyPipelineSafeModeRule] INFO  pipeline.BackgroundPipelineCreator (BackgroundPipelineCreatorV2.java:notifyStatusChanged(264)) - Service BackgroundPipelineCreator transitions to RUNNING.
2021-08-15 14:02:24,768 [EventQueue-OpenPipelineForHealthyPipelineSafeModeRule] INFO  container.ReplicationManager (ReplicationManager.java:notifyStatusChanged(1679)) - Service ReplicationManager transitions to RUNNING.
2021-08-15 14:02:24,763 [f89ecde1-abfa-4530-92e2-4a065b7725ea@group-E30A832DBA26-SegmentedRaftLogWorker] INFO  segmented.SegmentedRaftLogWorker (SegmentedRaftLogWorker.java:execute(601)) - f89ecde1-abfa-4530-92e2-4a065b7725ea@group-E30A832DBA26-SegmentedRaftLogWorker: created new log segment /home/runner/work/ozone/ozone/hadoop-ozone/integration-test/target/test-dir/MiniOzoneClusterImpl-8fa699bc-e258-4c24-98aa-94a5d955589f/datanode-2/data/ratis/cebe81c0-351e-492f-8138-e30a832dba26/current/log_inprogress_0
2021-08-15 14:02:24,784 [grpc-default-executor-2] INFO  server.RaftServer$Division (ServerState.java:setRaftConf(387)) - 0475d2c2-d46f-403e-95a5-8ff1a5c32338@group-E30A832DBA26: set configuration 0: [f89ecde1-abfa-4530-92e2-4a065b7725ea|rpc:10.1.0.17:45053|dataStream:|priority:0, c2c40a72-a699-49b1-b721-1997d9d2c71f|rpc:10.1.0.17:43041|dataStream:|priority:1, 0475d2c2-d46f-403e-95a5-8ff1a5c32338|rpc:10.1.0.17:42163|dataStream:|priority:0], old=null
2021-08-15 14:02:24,784 [grpc-default-executor-2] INFO  segmented.SegmentedRaftLogWorker (SegmentedRaftLogWorker.java:startLogSegment(394)) - 0475d2c2-d46f-403e-95a5-8ff1a5c32338@group-E30A832DBA26-SegmentedRaftLogWorker: Starting segment from index:0
2021-08-15 14:02:24,789 [0475d2c2-d46f-403e-95a5-8ff1a5c32338@group-E30A832DBA26-SegmentedRaftLogWorker] INFO  segmented.SegmentedRaftLogWorker (SegmentedRaftLogWorker.java:execute(601)) - 0475d2c2-d46f-403e-95a5-8ff1a5c32338@group-E30A832DBA26-SegmentedRaftLogWorker: created new log segment /home/runner/work/ozone/ozone/hadoop-ozone/integration-test/target/test-dir/MiniOzoneClusterImpl-8fa699bc-e258-4c24-98aa-94a5d955589f/datanode-1/data/ratis/cebe81c0-351e-492f-8138-e30a832dba26/current/log_inprogress_0
2021-08-15 14:02:24,863 [SCMBlockDeletingService#0] DEBUG block.SCMBlockDeletingService (SCMBlockDeletingService.java:call(133)) - Running DeletedBlockTransactionScanner
2021-08-15 14:02:24,963 [SCMBlockDeletingService#0] DEBUG block.SCMBlockDeletingService (SCMBlockDeletingService.java:call(133)) - Running DeletedBlockTransactionScanner
2021-08-15 14:02:25,063 [SCMBlockDeletingService#0] DEBUG block.SCMBlockDeletingService (SCMBlockDeletingService.java:call(133)) - Running DeletedBlockTransactionScanner
2021-08-15 14:02:25,163 [SCMBlockDeletingService#0] DEBUG block.SCMBlockDeletingService (SCMBlockDeletingService.java:call(133)) - Running DeletedBlockTransactionScanner
2021-08-15 14:02:25,263 [SCMBlockDeletingService#0] DEBUG block.SCMBlockDeletingService (SCMBlockDeletingService.java:call(133)) - Running DeletedBlockTransactionScanner
2021-08-15 14:02:25,321 [Listener at 127.0.0.1/41905] INFO  ozone.MiniOzoneClusterImpl (MiniOzoneClusterImpl.java:lambda$waitForClusterToBeReady$0(235)) - Nodes are ready. Got 3 of 3 DN Heartbeats.
2021-08-15 14:02:25,322 [Listener at 127.0.0.1/41905] INFO  ozone.MiniOzoneClusterImpl (MiniOzoneClusterImpl.java:lambda$waitForClusterToBeReady$0(238)) - Cluster exits safe mode
2021-08-15 14:02:25,322 [Listener at 127.0.0.1/41905] INFO  ozone.MiniOzoneClusterImpl (MiniOzoneClusterImpl.java:lambda$waitForClusterToBeReady$0(240)) - SCM became leader
2021-08-15 14:02:25,367 [SCMBlockDeletingService#0] DEBUG block.SCMBlockDeletingService (SCMBlockDeletingService.java:call(133)) - Running DeletedBlockTransactionScanner
2021-08-15 14:02:25,467 [SCMBlockDeletingService#0] DEBUG block.SCMBlockDeletingService (SCMBlockDeletingService.java:call(133)) - Running DeletedBlockTransactionScanner
2021-08-15 14:02:25,567 [SCMBlockDeletingService#0] DEBUG block.SCMBlockDeletingService (SCMBlockDeletingService.java:call(133)) - Running DeletedBlockTransactionScanner
2021-08-15 14:02:25,667 [SCMBlockDeletingService#0] DEBUG block.SCMBlockDeletingService (SCMBlockDeletingService.java:call(133)) - Running DeletedBlockTransactionScanner
2021-08-15 14:02:25,767 [SCMBlockDeletingService#0] DEBUG block.SCMBlockDeletingService (SCMBlockDeletingService.java:call(133)) - Running DeletedBlockTransactionScanner
2021-08-15 14:02:25,868 [SCMBlockDeletingService#0] DEBUG block.SCMBlockDeletingService (SCMBlockDeletingService.java:call(133)) - Running DeletedBlockTransactionScanner
2021-08-15 14:02:25,968 [SCMBlockDeletingService#0] DEBUG block.SCMBlockDeletingService (SCMBlockDeletingService.java:call(133)) - Running DeletedBlockTransactionScanner
2021-08-15 14:02:26,068 [SCMBlockDeletingService#0] DEBUG block.SCMBlockDeletingService (SCMBlockDeletingService.java:call(133)) - Running DeletedBlockTransactionScanner
2021-08-15 14:02:26,168 [SCMBlockDeletingService#0] DEBUG block.SCMBlockDeletingService (SCMBlockDeletingService.java:call(133)) - Running DeletedBlockTransactionScanner
2021-08-15 14:02:26,268 [SCMBlockDeletingService#0] DEBUG block.SCMBlockDeletingService (SCMBlockDeletingService.java:call(133)) - Running DeletedBlockTransactionScanner
2021-08-15 14:02:26,368 [SCMBlockDeletingService#0] DEBUG block.SCMBlockDeletingService (SCMBlockDeletingService.java:call(133)) - Running DeletedBlockTransactionScanner
2021-08-15 14:02:26,468 [SCMBlockDeletingService#0] DEBUG block.SCMBlockDeletingService (SCMBlockDeletingService.java:call(133)) - Running DeletedBlockTransactionScanner
2021-08-15 14:02:26,568 [SCMBlockDeletingService#0] DEBUG block.SCMBlockDeletingService (SCMBlockDeletingService.java:call(133)) - Running DeletedBlockTransactionScanner
2021-08-15 14:02:26,671 [SCMBlockDeletingService#0] DEBUG block.SCMBlockDeletingService (SCMBlockDeletingService.java:call(133)) - Running DeletedBlockTransactionScanner
2021-08-15 14:02:26,784 [SCMBlockDeletingService#0] DEBUG block.SCMBlockDeletingService (SCMBlockDeletingService.java:call(133)) - Running DeletedBlockTransactionScanner
2021-08-15 14:02:26,884 [SCMBlockDeletingService#0] DEBUG block.SCMBlockDeletingService (SCMBlockDeletingService.java:call(133)) - Running DeletedBlockTransactionScanner
2021-08-15 14:02:26,984 [SCMBlockDeletingService#0] DEBUG block.SCMBlockDeletingService (SCMBlockDeletingService.java:call(133)) - Running DeletedBlockTransactionScanner
2021-08-15 14:02:27,084 [SCMBlockDeletingService#0] DEBUG block.SCMBlockDeletingService (SCMBlockDeletingService.java:call(133)) - Running DeletedBlockTransactionScanner
2021-08-15 14:02:27,188 [SCMBlockDeletingService#0] DEBUG block.SCMBlockDeletingService (SCMBlockDeletingService.java:call(133)) - Running DeletedBlockTransactionScanner
2021-08-15 14:02:27,288 [SCMBlockDeletingService#0] DEBUG block.SCMBlockDeletingService (SCMBlockDeletingService.java:call(133)) - Running DeletedBlockTransactionScanner
2021-08-15 14:02:27,388 [SCMBlockDeletingService#0] DEBUG block.SCMBlockDeletingService (SCMBlockDeletingService.java:call(133)) - Running DeletedBlockTransactionScanner
2021-08-15 14:02:27,489 [SCMBlockDeletingService#0] DEBUG block.SCMBlockDeletingService (SCMBlockDeletingService.java:call(133)) - Running DeletedBlockTransactionScanner
2021-08-15 14:02:27,589 [SCMBlockDeletingService#0] DEBUG block.SCMBlockDeletingService (SCMBlockDeletingService.java:call(133)) - Running DeletedBlockTransactionScanner
2021-08-15 14:02:27,689 [SCMBlockDeletingService#0] DEBUG block.SCMBlockDeletingService (SCMBlockDeletingService.java:call(133)) - Running DeletedBlockTransactionScanner
2021-08-15 14:02:27,792 [SCMBlockDeletingService#0] DEBUG block.SCMBlockDeletingService (SCMBlockDeletingService.java:call(133)) - Running DeletedBlockTransactionScanner
2021-08-15 14:02:27,892 [SCMBlockDeletingService#0] DEBUG block.SCMBlockDeletingService (SCMBlockDeletingService.java:call(133)) - Running DeletedBlockTransactionScanner
2021-08-15 14:02:27,992 [SCMBlockDeletingService#0] DEBUG block.SCMBlockDeletingService (SCMBlockDeletingService.java:call(133)) - Running DeletedBlockTransactionScanner
2021-08-15 14:02:28,092 [SCMBlockDeletingService#0] DEBUG block.SCMBlockDeletingService (SCMBlockDeletingService.java:call(133)) - Running DeletedBlockTransactionScanner
2021-08-15 14:02:28,192 [SCMBlockDeletingService#0] DEBUG block.SCMBlockDeletingService (SCMBlockDeletingService.java:call(133)) - Running DeletedBlockTransactionScanner
2021-08-15 14:02:28,292 [SCMBlockDeletingService#0] DEBUG block.SCMBlockDeletingService (SCMBlockDeletingService.java:call(133)) - Running DeletedBlockTransactionScanner
2021-08-15 14:02:28,392 [SCMBlockDeletingService#0] DEBUG block.SCMBlockDeletingService (SCMBlockDeletingService.java:call(133)) - Running DeletedBlockTransactionScanner
2021-08-15 14:02:28,492 [SCMBlockDeletingService#0] DEBUG block.SCMBlockDeletingService (SCMBlockDeletingService.java:call(133)) - Running DeletedBlockTransactionScanner
2021-08-15 14:02:28,592 [SCMBlockDeletingService#0] DEBUG block.SCMBlockDeletingService (SCMBlockDeletingService.java:call(133)) - Running DeletedBlockTransactionScanner
2021-08-15 14:02:28,693 [SCMBlockDeletingService#0] DEBUG block.SCMBlockDeletingService (SCMBlockDeletingService.java:call(133)) - Running DeletedBlockTransactionScanner
2021-08-15 14:02:28,793 [SCMBlockDeletingService#0] DEBUG block.SCMBlockDeletingService (SCMBlockDeletingService.java:call(133)) - Running DeletedBlockTransactionScanner
2021-08-15 14:02:28,893 [SCMBlockDeletingService#0] DEBUG block.SCMBlockDeletingService (SCMBlockDeletingService.java:call(133)) - Running DeletedBlockTransactionScanner
2021-08-15 14:02:28,993 [SCMBlockDeletingService#0] DEBUG block.SCMBlockDeletingService (SCMBlockDeletingService.java:call(133)) - Running DeletedBlockTransactionScanner
2021-08-15 14:02:29,098 [SCMBlockDeletingService#0] DEBUG block.SCMBlockDeletingService (SCMBlockDeletingService.java:call(133)) - Running DeletedBlockTransactionScanner
2021-08-15 14:02:29,198 [SCMBlockDeletingService#0] DEBUG block.SCMBlockDeletingService (SCMBlockDeletingService.java:call(133)) - Running DeletedBlockTransactionScanner
2021-08-15 14:02:29,299 [SCMBlockDeletingService#0] DEBUG block.SCMBlockDeletingService (SCMBlockDeletingService.java:call(133)) - Running DeletedBlockTransactionScanner
2021-08-15 14:02:29,399 [SCMBlockDeletingService#0] DEBUG block.SCMBlockDeletingService (SCMBlockDeletingService.java:call(133)) - Running DeletedBlockTransactionScanner
2021-08-15 14:02:29,499 [SCMBlockDeletingService#0] DEBUG block.SCMBlockDeletingService (SCMBlockDeletingService.java:call(133)) - Running DeletedBlockTransactionScanner
2021-08-15 14:02:29,530 [Listener at 127.0.0.1/41905] INFO  rpc.RpcClient (RpcClient.java:createVolume(342)) - Creating Volume: 37b20978-7390-4654-b84c-6bd34c7b6659, with runner as owner and space quota set to -1 bytes, counts quota set to -1
2021-08-15 14:02:29,537 [OM StateMachine ApplyTransaction Thread - 0] INFO  volume.OMVolumeCreateRequest (OMVolumeCreateRequest.java:validateAndUpdateCache(195)) - created volume:37b20978-7390-4654-b84c-6bd34c7b6659 for user:runner
2021-08-15 14:02:29,554 [Listener at 127.0.0.1/41905] INFO  rpc.RpcClient (RpcClient.java:createBucket(502)) - Creating Bucket: 37b20978-7390-4654-b84c-6bd34c7b6659/cda89b2a-6fec-4259-a774-c74dbde6b6af, with Versioning false and Storage Type set to DISK and Encryption set to false 
2021-08-15 14:02:29,599 [SCMBlockDeletingService#0] DEBUG block.SCMBlockDeletingService (SCMBlockDeletingService.java:call(133)) - Running DeletedBlockTransactionScanner
2021-08-15 14:02:29,675 [IPC Server handler 2 on default port 41071] INFO  ha.SequenceIdGenerator (SequenceIdGenerator.java:getNextId(127)) - Allocate a batch for containerId, change lastId from 0 to 1000.
2021-08-15 14:02:29,676 [IPC Server handler 2 on default port 41071] WARN  ha.SequenceIdGenerator (SequenceIdGenerator.java:allocateBatch(234)) - Failed to allocate a batch for localId, expected lastId is 0, actual lastId is 107544261427200000.
2021-08-15 14:02:29,676 [IPC Server handler 2 on default port 41071] INFO  ha.SequenceIdGenerator (SequenceIdGenerator.java:getNextId(127)) - Allocate a batch for localId, change lastId from 107544261427200000 to 107544261427201000.
2021-08-15 14:02:29,699 [SCMBlockDeletingService#0] DEBUG block.SCMBlockDeletingService (SCMBlockDeletingService.java:call(133)) - Running DeletedBlockTransactionScanner
2021-08-15 14:02:29,799 [SCMBlockDeletingService#0] DEBUG block.SCMBlockDeletingService (SCMBlockDeletingService.java:call(133)) - Running DeletedBlockTransactionScanner
2021-08-15 14:02:29,899 [SCMBlockDeletingService#0] DEBUG block.SCMBlockDeletingService (SCMBlockDeletingService.java:call(133)) - Running DeletedBlockTransactionScanner
2021-08-15 14:02:29,999 [SCMBlockDeletingService#0] DEBUG block.SCMBlockDeletingService (SCMBlockDeletingService.java:call(133)) - Running DeletedBlockTransactionScanner
2021-08-15 14:02:30,015 [Datanode State Machine Thread - 0] WARN  statemachine.StateContext (StateContext.java:execute(621)) - No available thread in pool for past 0 seconds.
2021-08-15 14:02:30,020 [Datanode State Machine Thread - 0] WARN  statemachine.StateContext (StateContext.java:execute(621)) - No available thread in pool for past 0 seconds.
2021-08-15 14:02:30,033 [Datanode State Machine Thread - 0] WARN  statemachine.StateContext (StateContext.java:execute(621)) - No available thread in pool for past 0 seconds.
2021-08-15 14:02:30,099 [SCMBlockDeletingService#0] DEBUG block.SCMBlockDeletingService (SCMBlockDeletingService.java:call(133)) - Running DeletedBlockTransactionScanner
2021-08-15 14:02:30,199 [SCMBlockDeletingService#0] DEBUG block.SCMBlockDeletingService (SCMBlockDeletingService.java:call(133)) - Running DeletedBlockTransactionScanner
2021-08-15 14:02:30,302 [SCMBlockDeletingService#0] DEBUG block.SCMBlockDeletingService (SCMBlockDeletingService.java:call(133)) - Running DeletedBlockTransactionScanner
2021-08-15 14:02:30,402 [SCMBlockDeletingService#0] DEBUG block.SCMBlockDeletingService (SCMBlockDeletingService.java:call(133)) - Running DeletedBlockTransactionScanner
2021-08-15 14:02:30,502 [SCMBlockDeletingService#0] DEBUG block.SCMBlockDeletingService (SCMBlockDeletingService.java:call(133)) - Running DeletedBlockTransactionScanner
2021-08-15 14:02:30,602 [SCMBlockDeletingService#0] DEBUG block.SCMBlockDeletingService (SCMBlockDeletingService.java:call(133)) - Running DeletedBlockTransactionScanner
2021-08-15 14:02:30,668 [Datanode State Machine Thread - 0] WARN  statemachine.StateContext (StateContext.java:execute(621)) - No available thread in pool for past 0 seconds.
2021-08-15 14:02:30,702 [SCMBlockDeletingService#0] DEBUG block.SCMBlockDeletingService (SCMBlockDeletingService.java:call(133)) - Running DeletedBlockTransactionScanner
2021-08-15 14:02:30,716 [Datanode State Machine Thread - 0] WARN  statemachine.StateContext (StateContext.java:execute(621)) - No available thread in pool for past 0 seconds.
2021-08-15 14:02:30,762 [Datanode State Machine Thread - 0] WARN  statemachine.StateContext (StateContext.java:execute(621)) - No available thread in pool for past 0 seconds.
2021-08-15 14:02:31,007 [SCMBlockDeletingService#0] DEBUG block.SCMBlockDeletingService (SCMBlockDeletingService.java:call(133)) - Running DeletedBlockTransactionScanner
2021-08-15 14:02:31,107 [SCMBlockDeletingService#0] DEBUG block.SCMBlockDeletingService (SCMBlockDeletingService.java:call(133)) - Running DeletedBlockTransactionScanner
2021-08-15 14:02:31,207 [SCMBlockDeletingService#0] DEBUG block.SCMBlockDeletingService (SCMBlockDeletingService.java:call(133)) - Running DeletedBlockTransactionScanner
2021-08-15 14:02:31,308 [SCMBlockDeletingService#0] DEBUG block.SCMBlockDeletingService (SCMBlockDeletingService.java:call(133)) - Running DeletedBlockTransactionScanner
2021-08-15 14:02:31,362 [Datanode State Machine Thread - 0] WARN  statemachine.StateContext (StateContext.java:execute(621)) - No available thread in pool for past 0 seconds.
2021-08-15 14:02:31,382 [Datanode State Machine Thread - 0] WARN  statemachine.StateContext (StateContext.java:execute(621)) - No available thread in pool for past 0 seconds.
2021-08-15 14:02:31,408 [SCMBlockDeletingService#0] DEBUG block.SCMBlockDeletingService (SCMBlockDeletingService.java:call(133)) - Running DeletedBlockTransactionScanner
2021-08-15 14:02:31,508 [SCMBlockDeletingService#0] DEBUG block.SCMBlockDeletingService (SCMBlockDeletingService.java:call(133)) - Running DeletedBlockTransactionScanner
2021-08-15 14:02:31,608 [SCMBlockDeletingService#0] DEBUG block.SCMBlockDeletingService (SCMBlockDeletingService.java:call(133)) - Running DeletedBlockTransactionScanner
2021-08-15 14:02:31,710 [SCMBlockDeletingService#0] DEBUG block.SCMBlockDeletingService (SCMBlockDeletingService.java:call(133)) - Running DeletedBlockTransactionScanner
2021-08-15 14:02:31,811 [SCMBlockDeletingService#0] DEBUG block.SCMBlockDeletingService (SCMBlockDeletingService.java:call(133)) - Running DeletedBlockTransactionScanner
2021-08-15 14:02:31,910 [Datanode State Machine Thread - 0] WARN  statemachine.StateContext (StateContext.java:execute(621)) - No available thread in pool for past 0 seconds.
2021-08-15 14:02:31,910 [Datanode State Machine Thread - 0] WARN  statemachine.StateContext (StateContext.java:execute(621)) - No available thread in pool for past 0 seconds.
2021-08-15 14:02:31,911 [SCMBlockDeletingService#0] DEBUG block.SCMBlockDeletingService (SCMBlockDeletingService.java:call(133)) - Running DeletedBlockTransactionScanner
2021-08-15 14:02:31,937 [Datanode State Machine Thread - 0] WARN  statemachine.StateContext (StateContext.java:execute(621)) - No available thread in pool for past 0 seconds.
2021-08-15 14:02:32,011 [SCMBlockDeletingService#0] DEBUG block.SCMBlockDeletingService (SCMBlockDeletingService.java:call(133)) - Running DeletedBlockTransactionScanner
2021-08-15 14:02:32,152 [SCMBlockDeletingService#0] DEBUG block.SCMBlockDeletingService (SCMBlockDeletingService.java:call(133)) - Running DeletedBlockTransactionScanner
2021-08-15 14:02:32,252 [SCMBlockDeletingService#0] DEBUG block.SCMBlockDeletingService (SCMBlockDeletingService.java:call(133)) - Running DeletedBlockTransactionScanner
2021-08-15 14:02:32,352 [SCMBlockDeletingService#0] DEBUG block.SCMBlockDeletingService (SCMBlockDeletingService.java:call(133)) - Running DeletedBlockTransactionScanner
2021-08-15 14:02:32,424 [Datanode State Machine Thread - 0] WARN  statemachine.StateContext (StateContext.java:execute(621)) - No available thread in pool for past 0 seconds.
2021-08-15 14:02:32,425 [Datanode State Machine Thread - 0] WARN  statemachine.StateContext (StateContext.java:execute(621)) - No available thread in pool for past 0 seconds.
2021-08-15 14:02:32,425 [Datanode State Machine Thread - 0] WARN  statemachine.StateContext (StateContext.java:execute(621)) - No available thread in pool for past 0 seconds.
2021-08-15 14:02:32,452 [SCMBlockDeletingService#0] DEBUG block.SCMBlockDeletingService (SCMBlockDeletingService.java:call(133)) - Running DeletedBlockTransactionScanner
2021-08-15 14:02:32,552 [SCMBlockDeletingService#0] DEBUG block.SCMBlockDeletingService (SCMBlockDeletingService.java:call(133)) - Running DeletedBlockTransactionScanner
2021-08-15 14:02:32,652 [SCMBlockDeletingService#0] DEBUG block.SCMBlockDeletingService (SCMBlockDeletingService.java:call(133)) - Running DeletedBlockTransactionScanner
2021-08-15 14:02:32,752 [SCMBlockDeletingService#0] DEBUG block.SCMBlockDeletingService (SCMBlockDeletingService.java:call(133)) - Running DeletedBlockTransactionScanner
2021-08-15 14:02:32,852 [SCMBlockDeletingService#0] DEBUG block.SCMBlockDeletingService (SCMBlockDeletingService.java:call(133)) - Running DeletedBlockTransactionScanner
2021-08-15 14:02:32,928 [Datanode State Machine Thread - 0] WARN  statemachine.StateContext (StateContext.java:execute(621)) - No available thread in pool for past 0 seconds.
2021-08-15 14:02:32,932 [Datanode State Machine Thread - 0] WARN  statemachine.StateContext (StateContext.java:execute(621)) - No available thread in pool for past 0 seconds.
2021-08-15 14:02:32,939 [Datanode State Machine Thread - 0] WARN  statemachine.StateContext (StateContext.java:execute(621)) - No available thread in pool for past 0 seconds.
2021-08-15 14:02:32,956 [SCMBlockDeletingService#0] DEBUG block.SCMBlockDeletingService (SCMBlockDeletingService.java:call(133)) - Running DeletedBlockTransactionScanner
2021-08-15 14:02:33,056 [SCMBlockDeletingService#0] DEBUG block.SCMBlockDeletingService (SCMBlockDeletingService.java:call(133)) - Running DeletedBlockTransactionScanner
2021-08-15 14:02:33,156 [SCMBlockDeletingService#0] DEBUG block.SCMBlockDeletingService (SCMBlockDeletingService.java:call(133)) - Running DeletedBlockTransactionScanner
2021-08-15 14:02:33,256 [SCMBlockDeletingService#0] DEBUG block.SCMBlockDeletingService (SCMBlockDeletingService.java:call(133)) - Running DeletedBlockTransactionScanner
2021-08-15 14:02:33,356 [SCMBlockDeletingService#0] DEBUG block.SCMBlockDeletingService (SCMBlockDeletingService.java:call(133)) - Running DeletedBlockTransactionScanner
2021-08-15 14:02:33,457 [SCMBlockDeletingService#0] DEBUG block.SCMBlockDeletingService (SCMBlockDeletingService.java:call(133)) - Running DeletedBlockTransactionScanner
2021-08-15 14:02:33,557 [SCMBlockDeletingService#0] DEBUG block.SCMBlockDeletingService (SCMBlockDeletingService.java:call(133)) - Running DeletedBlockTransactionScanner
2021-08-15 14:02:33,657 [SCMBlockDeletingService#0] DEBUG block.SCMBlockDeletingService (SCMBlockDeletingService.java:call(133)) - Running DeletedBlockTransactionScanner
2021-08-15 14:02:33,757 [SCMBlockDeletingService#0] DEBUG block.SCMBlockDeletingService (SCMBlockDeletingService.java:call(133)) - Running DeletedBlockTransactionScanner
2021-08-15 14:02:33,857 [SCMBlockDeletingService#0] DEBUG block.SCMBlockDeletingService (SCMBlockDeletingService.java:call(133)) - Running DeletedBlockTransactionScanner
2021-08-15 14:02:33,957 [SCMBlockDeletingService#0] DEBUG block.SCMBlockDeletingService (SCMBlockDeletingService.java:call(133)) - Running DeletedBlockTransactionScanner
2021-08-15 14:02:34,057 [SCMBlockDeletingService#0] DEBUG block.SCMBlockDeletingService (SCMBlockDeletingService.java:call(133)) - Running DeletedBlockTransactionScanner
2021-08-15 14:02:34,157 [SCMBlockDeletingService#0] DEBUG block.SCMBlockDeletingService (SCMBlockDeletingService.java:call(133)) - Running DeletedBlockTransactionScanner
2021-08-15 14:02:34,257 [SCMBlockDeletingService#0] DEBUG block.SCMBlockDeletingService (SCMBlockDeletingService.java:call(133)) - Running DeletedBlockTransactionScanner
2021-08-15 14:02:34,357 [SCMBlockDeletingService#0] DEBUG block.SCMBlockDeletingService (SCMBlockDeletingService.java:call(133)) - Running DeletedBlockTransactionScanner
2021-08-15 14:02:34,457 [SCMBlockDeletingService#0] DEBUG block.SCMBlockDeletingService (SCMBlockDeletingService.java:call(133)) - Running DeletedBlockTransactionScanner
2021-08-15 14:02:34,560 [SCMBlockDeletingService#0] DEBUG block.SCMBlockDeletingService (SCMBlockDeletingService.java:call(133)) - Running DeletedBlockTransactionScanner
2021-08-15 14:02:34,660 [SCMBlockDeletingService#0] DEBUG block.SCMBlockDeletingService (SCMBlockDeletingService.java:call(133)) - Running DeletedBlockTransactionScanner
2021-08-15 14:02:34,760 [SCMBlockDeletingService#0] DEBUG block.SCMBlockDeletingService (SCMBlockDeletingService.java:call(133)) - Running DeletedBlockTransactionScanner
2021-08-15 14:02:34,860 [SCMBlockDeletingService#0] DEBUG block.SCMBlockDeletingService (SCMBlockDeletingService.java:call(133)) - Running DeletedBlockTransactionScanner
2021-08-15 14:02:34,960 [SCMBlockDeletingService#0] DEBUG block.SCMBlockDeletingService (SCMBlockDeletingService.java:call(133)) - Running DeletedBlockTransactionScanner
2021-08-15 14:02:35,060 [SCMBlockDeletingService#0] DEBUG block.SCMBlockDeletingService (SCMBlockDeletingService.java:call(133)) - Running DeletedBlockTransactionScanner
2021-08-15 14:02:35,160 [SCMBlockDeletingService#0] DEBUG block.SCMBlockDeletingService (SCMBlockDeletingService.java:call(133)) - Running DeletedBlockTransactionScanner
2021-08-15 14:02:35,260 [SCMBlockDeletingService#0] DEBUG block.SCMBlockDeletingService (SCMBlockDeletingService.java:call(133)) - Running DeletedBlockTransactionScanner
2021-08-15 14:02:35,360 [SCMBlockDeletingService#0] DEBUG block.SCMBlockDeletingService (SCMBlockDeletingService.java:call(133)) - Running DeletedBlockTransactionScanner
2021-08-15 14:02:35,460 [SCMBlockDeletingService#0] DEBUG block.SCMBlockDeletingService (SCMBlockDeletingService.java:call(133)) - Running DeletedBlockTransactionScanner
2021-08-15 14:02:35,561 [SCMBlockDeletingService#0] DEBUG block.SCMBlockDeletingService (SCMBlockDeletingService.java:call(133)) - Running DeletedBlockTransactionScanner
2021-08-15 14:02:35,661 [SCMBlockDeletingService#0] DEBUG block.SCMBlockDeletingService (SCMBlockDeletingService.java:call(133)) - Running DeletedBlockTransactionScanner
2021-08-15 14:02:35,761 [SCMBlockDeletingService#0] DEBUG block.SCMBlockDeletingService (SCMBlockDeletingService.java:call(133)) - Running DeletedBlockTransactionScanner
2021-08-15 14:02:35,880 [SCMBlockDeletingService#0] DEBUG block.SCMBlockDeletingService (SCMBlockDeletingService.java:call(133)) - Running DeletedBlockTransactionScanner
2021-08-15 14:02:35,980 [SCMBlockDeletingService#0] DEBUG block.SCMBlockDeletingService (SCMBlockDeletingService.java:call(133)) - Running DeletedBlockTransactionScanner
2021-08-15 14:02:36,080 [SCMBlockDeletingService#0] DEBUG block.SCMBlockDeletingService (SCMBlockDeletingService.java:call(133)) - Running DeletedBlockTransactionScanner
2021-08-15 14:02:36,180 [SCMBlockDeletingService#0] DEBUG block.SCMBlockDeletingService (SCMBlockDeletingService.java:call(133)) - Running DeletedBlockTransactionScanner
2021-08-15 14:02:36,203 [Datanode State Machine Thread - 0] WARN  statemachine.StateContext (StateContext.java:execute(621)) - No available thread in pool for past 0 seconds.
2021-08-15 14:02:36,207 [Datanode State Machine Thread - 0] WARN  statemachine.StateContext (StateContext.java:execute(621)) - No available thread in pool for past 0 seconds.
2021-08-15 14:02:36,208 [Datanode State Machine Thread - 0] WARN  statemachine.StateContext (StateContext.java:execute(621)) - No available thread in pool for past 0 seconds.
2021-08-15 14:02:36,280 [SCMBlockDeletingService#0] DEBUG block.SCMBlockDeletingService (SCMBlockDeletingService.java:call(133)) - Running DeletedBlockTransactionScanner
2021-08-15 14:02:36,381 [SCMBlockDeletingService#0] DEBUG block.SCMBlockDeletingService (SCMBlockDeletingService.java:call(133)) - Running DeletedBlockTransactionScanner
2021-08-15 14:02:36,481 [SCMBlockDeletingService#0] DEBUG block.SCMBlockDeletingService (SCMBlockDeletingService.java:call(133)) - Running DeletedBlockTransactionScanner
2021-08-15 14:02:36,581 [SCMBlockDeletingService#0] DEBUG block.SCMBlockDeletingService (SCMBlockDeletingService.java:call(133)) - Running DeletedBlockTransactionScanner
2021-08-15 14:02:36,681 [SCMBlockDeletingService#0] DEBUG block.SCMBlockDeletingService (SCMBlockDeletingService.java:call(133)) - Running DeletedBlockTransactionScanner
2021-08-15 14:02:36,781 [SCMBlockDeletingService#0] DEBUG block.SCMBlockDeletingService (SCMBlockDeletingService.java:call(133)) - Running DeletedBlockTransactionScanner
2021-08-15 14:02:36,881 [SCMBlockDeletingService#0] DEBUG block.SCMBlockDeletingService (SCMBlockDeletingService.java:call(133)) - Running DeletedBlockTransactionScanner
2021-08-15 14:02:36,981 [SCMBlockDeletingService#0] DEBUG block.SCMBlockDeletingService (SCMBlockDeletingService.java:call(133)) - Running DeletedBlockTransactionScanner
2021-08-15 14:02:37,081 [SCMBlockDeletingService#0] DEBUG block.SCMBlockDeletingService (SCMBlockDeletingService.java:call(133)) - Running DeletedBlockTransactionScanner
2021-08-15 14:02:37,181 [SCMBlockDeletingService#0] DEBUG block.SCMBlockDeletingService (SCMBlockDeletingService.java:call(133)) - Running DeletedBlockTransactionScanner
2021-08-15 14:02:37,281 [SCMBlockDeletingService#0] DEBUG block.SCMBlockDeletingService (SCMBlockDeletingService.java:call(133)) - Running DeletedBlockTransactionScanner
2021-08-15 14:02:37,381 [SCMBlockDeletingService#0] DEBUG block.SCMBlockDeletingService (SCMBlockDeletingService.java:call(133)) - Running DeletedBlockTransactionScanner
2021-08-15 14:02:37,481 [SCMBlockDeletingService#0] DEBUG block.SCMBlockDeletingService (SCMBlockDeletingService.java:call(133)) - Running DeletedBlockTransactionScanner
2021-08-15 14:02:37,582 [SCMBlockDeletingService#0] DEBUG block.SCMBlockDeletingService (SCMBlockDeletingService.java:call(133)) - Running DeletedBlockTransactionScanner
2021-08-15 14:02:37,682 [SCMBlockDeletingService#0] DEBUG block.SCMBlockDeletingService (SCMBlockDeletingService.java:call(133)) - Running DeletedBlockTransactionScanner
2021-08-15 14:02:37,782 [SCMBlockDeletingService#0] DEBUG block.SCMBlockDeletingService (SCMBlockDeletingService.java:call(133)) - Running DeletedBlockTransactionScanner
2021-08-15 14:02:37,882 [SCMBlockDeletingService#0] DEBUG block.SCMBlockDeletingService (SCMBlockDeletingService.java:call(133)) - Running DeletedBlockTransactionScanner
2021-08-15 14:02:37,982 [SCMBlockDeletingService#0] DEBUG block.SCMBlockDeletingService (SCMBlockDeletingService.java:call(133)) - Running DeletedBlockTransactionScanner
2021-08-15 14:02:38,082 [SCMBlockDeletingService#0] DEBUG block.SCMBlockDeletingService (SCMBlockDeletingService.java:call(133)) - Running DeletedBlockTransactionScanner
2021-08-15 14:02:38,182 [SCMBlockDeletingService#0] DEBUG block.SCMBlockDeletingService (SCMBlockDeletingService.java:call(133)) - Running DeletedBlockTransactionScanner
2021-08-15 14:02:38,282 [SCMBlockDeletingService#0] DEBUG block.SCMBlockDeletingService (SCMBlockDeletingService.java:call(133)) - Running DeletedBlockTransactionScanner
2021-08-15 14:02:38,382 [SCMBlockDeletingService#0] DEBUG block.SCMBlockDeletingService (SCMBlockDeletingService.java:call(133)) - Running DeletedBlockTransactionScanner
2021-08-15 14:02:38,482 [SCMBlockDeletingService#0] DEBUG block.SCMBlockDeletingService (SCMBlockDeletingService.java:call(133)) - Running DeletedBlockTransactionScanner
2021-08-15 14:02:38,582 [SCMBlockDeletingService#0] DEBUG block.SCMBlockDeletingService (SCMBlockDeletingService.java:call(133)) - Running DeletedBlockTransactionScanner
2021-08-15 14:02:38,682 [SCMBlockDeletingService#0] DEBUG block.SCMBlockDeletingService (SCMBlockDeletingService.java:call(133)) - Running DeletedBlockTransactionScanner
2021-08-15 14:02:38,782 [SCMBlockDeletingService#0] DEBUG block.SCMBlockDeletingService (SCMBlockDeletingService.java:call(133)) - Running DeletedBlockTransactionScanner
2021-08-15 14:02:38,882 [SCMBlockDeletingService#0] DEBUG block.SCMBlockDeletingService (SCMBlockDeletingService.java:call(133)) - Running DeletedBlockTransactionScanner
2021-08-15 14:02:38,983 [SCMBlockDeletingService#0] DEBUG block.SCMBlockDeletingService (SCMBlockDeletingService.java:call(133)) - Running DeletedBlockTransactionScanner
2021-08-15 14:02:39,083 [SCMBlockDeletingService#0] DEBUG block.SCMBlockDeletingService (SCMBlockDeletingService.java:call(133)) - Running DeletedBlockTransactionScanner
2021-08-15 14:02:39,186 [SCMBlockDeletingService#0] DEBUG block.SCMBlockDeletingService (SCMBlockDeletingService.java:call(133)) - Running DeletedBlockTransactionScanner
2021-08-15 14:02:39,228 [Datanode State Machine Thread - 0] WARN  statemachine.StateContext (StateContext.java:execute(621)) - No available thread in pool for past 0 seconds.
2021-08-15 14:02:39,283 [Datanode State Machine Thread - 0] WARN  statemachine.StateContext (StateContext.java:execute(621)) - No available thread in pool for past 0 seconds.
2021-08-15 14:02:39,286 [SCMBlockDeletingService#0] DEBUG block.SCMBlockDeletingService (SCMBlockDeletingService.java:call(133)) - Running DeletedBlockTransactionScanner
2021-08-15 14:02:39,324 [Datanode State Machine Thread - 0] WARN  statemachine.StateContext (StateContext.java:execute(621)) - No available thread in pool for past 0 seconds.
2021-08-15 14:02:39,386 [SCMBlockDeletingService#0] DEBUG block.SCMBlockDeletingService (SCMBlockDeletingService.java:call(133)) - Running DeletedBlockTransactionScanner
2021-08-15 14:02:39,487 [SCMBlockDeletingService#0] DEBUG block.SCMBlockDeletingService (SCMBlockDeletingService.java:call(133)) - Running DeletedBlockTransactionScanner
2021-08-15 14:02:39,587 [SCMBlockDeletingService#0] DEBUG block.SCMBlockDeletingService (SCMBlockDeletingService.java:call(133)) - Running DeletedBlockTransactionScanner
2021-08-15 14:02:39,687 [SCMBlockDeletingService#0] DEBUG block.SCMBlockDeletingService (SCMBlockDeletingService.java:call(133)) - Running DeletedBlockTransactionScanner
2021-08-15 14:02:39,787 [SCMBlockDeletingService#0] DEBUG block.SCMBlockDeletingService (SCMBlockDeletingService.java:call(133)) - Running DeletedBlockTransactionScanner
2021-08-15 14:02:39,847 [Datanode State Machine Thread - 0] WARN  statemachine.StateContext (StateContext.java:execute(621)) - No available thread in pool for past 0 seconds.
2021-08-15 14:02:39,851 [Datanode State Machine Thread - 0] WARN  statemachine.StateContext (StateContext.java:execute(621)) - No available thread in pool for past 0 seconds.
2021-08-15 14:02:39,874 [Datanode State Machine Thread - 0] WARN  statemachine.StateContext (StateContext.java:execute(621)) - No available thread in pool for past 0 seconds.
2021-08-15 14:02:39,887 [SCMBlockDeletingService#0] DEBUG block.SCMBlockDeletingService (SCMBlockDeletingService.java:call(133)) - Running DeletedBlockTransactionScanner
2021-08-15 14:02:39,987 [SCMBlockDeletingService#0] DEBUG block.SCMBlockDeletingService (SCMBlockDeletingService.java:call(133)) - Running DeletedBlockTransactionScanner
2021-08-15 14:02:40,087 [SCMBlockDeletingService#0] DEBUG block.SCMBlockDeletingService (SCMBlockDeletingService.java:call(133)) - Running DeletedBlockTransactionScanner
2021-08-15 14:02:40,187 [SCMBlockDeletingService#0] DEBUG block.SCMBlockDeletingService (SCMBlockDeletingService.java:call(133)) - Running DeletedBlockTransactionScanner
2021-08-15 14:02:40,288 [SCMBlockDeletingService#0] DEBUG block.SCMBlockDeletingService (SCMBlockDeletingService.java:call(133)) - Running DeletedBlockTransactionScanner
2021-08-15 14:02:40,367 [Datanode State Machine Thread - 0] WARN  statemachine.StateContext (StateContext.java:execute(621)) - No available thread in pool for past 0 seconds.
2021-08-15 14:02:40,388 [SCMBlockDeletingService#0] DEBUG block.SCMBlockDeletingService (SCMBlockDeletingService.java:call(133)) - Running DeletedBlockTransactionScanner
2021-08-15 14:02:40,406 [Datanode State Machine Thread - 0] WARN  statemachine.StateContext (StateContext.java:execute(621)) - No available thread in pool for past 0 seconds.
2021-08-15 14:02:40,409 [Datanode State Machine Thread - 0] WARN  statemachine.StateContext (StateContext.java:execute(621)) - No available thread in pool for past 0 seconds.
2021-08-15 14:02:40,488 [SCMBlockDeletingService#0] DEBUG block.SCMBlockDeletingService (SCMBlockDeletingService.java:call(133)) - Running DeletedBlockTransactionScanner
2021-08-15 14:02:40,616 [SCMBlockDeletingService#0] DEBUG block.SCMBlockDeletingService (SCMBlockDeletingService.java:call(133)) - Running DeletedBlockTransactionScanner
2021-08-15 14:02:40,717 [SCMBlockDeletingService#0] DEBUG block.SCMBlockDeletingService (SCMBlockDeletingService.java:call(133)) - Running DeletedBlockTransactionScanner
2021-08-15 14:02:40,817 [SCMBlockDeletingService#0] DEBUG block.SCMBlockDeletingService (SCMBlockDeletingService.java:call(133)) - Running DeletedBlockTransactionScanner
2021-08-15 14:02:40,853 [Datanode State Machine Thread - 0] WARN  statemachine.StateContext (StateContext.java:execute(621)) - No available thread in pool for past 0 seconds.
2021-08-15 14:02:40,861 [Datanode State Machine Thread - 0] WARN  statemachine.StateContext (StateContext.java:execute(621)) - No available thread in pool for past 0 seconds.
2021-08-15 14:02:40,920 [SCMBlockDeletingService#0] DEBUG block.SCMBlockDeletingService (SCMBlockDeletingService.java:call(133)) - Running DeletedBlockTransactionScanner
2021-08-15 14:02:40,930 [Datanode State Machine Thread - 0] WARN  statemachine.StateContext (StateContext.java:execute(621)) - No available thread in pool for past 0 seconds.
2021-08-15 14:02:41,020 [SCMBlockDeletingService#0] DEBUG block.SCMBlockDeletingService (SCMBlockDeletingService.java:call(133)) - Running DeletedBlockTransactionScanner
2021-08-15 14:02:41,120 [SCMBlockDeletingService#0] DEBUG block.SCMBlockDeletingService (SCMBlockDeletingService.java:call(133)) - Running DeletedBlockTransactionScanner
2021-08-15 14:02:41,220 [SCMBlockDeletingService#0] DEBUG block.SCMBlockDeletingService (SCMBlockDeletingService.java:call(133)) - Running DeletedBlockTransactionScanner
2021-08-15 14:02:41,321 [SCMBlockDeletingService#0] DEBUG block.SCMBlockDeletingService (SCMBlockDeletingService.java:call(133)) - Running DeletedBlockTransactionScanner
2021-08-15 14:02:41,425 [SCMBlockDeletingService#0] DEBUG block.SCMBlockDeletingService (SCMBlockDeletingService.java:call(133)) - Running DeletedBlockTransactionScanner
2021-08-15 14:02:41,525 [SCMBlockDeletingService#0] DEBUG block.SCMBlockDeletingService (SCMBlockDeletingService.java:call(133)) - Running DeletedBlockTransactionScanner
2021-08-15 14:02:41,578 [Datanode State Machine Thread - 0] WARN  statemachine.StateContext (StateContext.java:execute(621)) - No available thread in pool for past 0 seconds.
2021-08-15 14:02:41,580 [Datanode State Machine Thread - 0] WARN  statemachine.StateContext (StateContext.java:execute(621)) - No available thread in pool for past 0 seconds.
2021-08-15 14:02:41,580 [Datanode State Machine Thread - 0] WARN  statemachine.StateContext (StateContext.java:execute(621)) - No available thread in pool for past 0 seconds.
2021-08-15 14:02:41,625 [SCMBlockDeletingService#0] DEBUG block.SCMBlockDeletingService (SCMBlockDeletingService.java:call(133)) - Running DeletedBlockTransactionScanner
2021-08-15 14:02:41,725 [SCMBlockDeletingService#0] DEBUG block.SCMBlockDeletingService (SCMBlockDeletingService.java:call(133)) - Running DeletedBlockTransactionScanner
2021-08-15 14:02:41,825 [SCMBlockDeletingService#0] DEBUG block.SCMBlockDeletingService (SCMBlockDeletingService.java:call(133)) - Running DeletedBlockTransactionScanner
2021-08-15 14:02:41,925 [SCMBlockDeletingService#0] DEBUG block.SCMBlockDeletingService (SCMBlockDeletingService.java:call(133)) - Running DeletedBlockTransactionScanner
2021-08-15 14:02:42,015 [Datanode State Machine Thread - 0] WARN  statemachine.StateContext (StateContext.java:execute(621)) - No available thread in pool for past 0 seconds.
2021-08-15 14:02:42,025 [SCMBlockDeletingService#0] DEBUG block.SCMBlockDeletingService (SCMBlockDeletingService.java:call(133)) - Running DeletedBlockTransactionScanner
2021-08-15 14:02:42,064 [Datanode State Machine Thread - 0] WARN  statemachine.StateContext (StateContext.java:execute(621)) - No available thread in pool for past 0 seconds.
2021-08-15 14:02:42,066 [Datanode State Machine Thread - 0] WARN  statemachine.StateContext (StateContext.java:execute(621)) - No available thread in pool for past 0 seconds.
2021-08-15 14:02:42,125 [SCMBlockDeletingService#0] DEBUG block.SCMBlockDeletingService (SCMBlockDeletingService.java:call(133)) - Running DeletedBlockTransactionScanner
2021-08-15 14:02:42,226 [SCMBlockDeletingService#0] DEBUG block.SCMBlockDeletingService (SCMBlockDeletingService.java:call(133)) - Running DeletedBlockTransactionScanner
2021-08-15 14:02:42,326 [SCMBlockDeletingService#0] DEBUG block.SCMBlockDeletingService (SCMBlockDeletingService.java:call(133)) - Running DeletedBlockTransactionScanner
2021-08-15 14:02:42,426 [SCMBlockDeletingService#0] DEBUG block.SCMBlockDeletingService (SCMBlockDeletingService.java:call(133)) - Running DeletedBlockTransactionScanner
2021-08-15 14:02:42,526 [SCMBlockDeletingService#0] DEBUG block.SCMBlockDeletingService (SCMBlockDeletingService.java:call(133)) - Running DeletedBlockTransactionScanner
2021-08-15 14:02:42,589 [Datanode State Machine Thread - 0] WARN  statemachine.StateContext (StateContext.java:execute(621)) - No available thread in pool for past 0 seconds.
2021-08-15 14:02:42,589 [Datanode State Machine Thread - 0] WARN  statemachine.StateContext (StateContext.java:execute(621)) - No available thread in pool for past 0 seconds.
2021-08-15 14:02:42,589 [Datanode State Machine Thread - 0] WARN  statemachine.StateContext (StateContext.java:execute(621)) - No available thread in pool for past 0 seconds.
2021-08-15 14:02:42,626 [SCMBlockDeletingService#0] DEBUG block.SCMBlockDeletingService (SCMBlockDeletingService.java:call(133)) - Running DeletedBlockTransactionScanner
2021-08-15 14:02:42,734 [SCMBlockDeletingService#0] DEBUG block.SCMBlockDeletingService (SCMBlockDeletingService.java:call(133)) - Running DeletedBlockTransactionScanner
2021-08-15 14:02:42,835 [SCMBlockDeletingService#0] DEBUG block.SCMBlockDeletingService (SCMBlockDeletingService.java:call(133)) - Running DeletedBlockTransactionScanner
2021-08-15 14:02:42,935 [SCMBlockDeletingService#0] DEBUG block.SCMBlockDeletingService (SCMBlockDeletingService.java:call(133)) - Running DeletedBlockTransactionScanner
2021-08-15 14:02:42,992 [Datanode State Machine Thread - 0] WARN  statemachine.StateContext (StateContext.java:execute(621)) - No available thread in pool for past 0 seconds.
2021-08-15 14:02:43,020 [Datanode State Machine Thread - 0] WARN  statemachine.StateContext (StateContext.java:execute(621)) - No available thread in pool for past 0 seconds.
2021-08-15 14:02:43,035 [SCMBlockDeletingService#0] DEBUG block.SCMBlockDeletingService (SCMBlockDeletingService.java:call(133)) - Running DeletedBlockTransactionScanner
2021-08-15 14:02:43,135 [SCMBlockDeletingService#0] DEBUG block.SCMBlockDeletingService (SCMBlockDeletingService.java:call(133)) - Running DeletedBlockTransactionScanner
2021-08-15 14:02:43,235 [SCMBlockDeletingService#0] DEBUG block.SCMBlockDeletingService (SCMBlockDeletingService.java:call(133)) - Running DeletedBlockTransactionScanner
2021-08-15 14:02:43,335 [SCMBlockDeletingService#0] DEBUG block.SCMBlockDeletingService (SCMBlockDeletingService.java:call(133)) - Running DeletedBlockTransactionScanner
2021-08-15 14:02:43,435 [SCMBlockDeletingService#0] DEBUG block.SCMBlockDeletingService (SCMBlockDeletingService.java:call(133)) - Running DeletedBlockTransactionScanner
2021-08-15 14:02:43,535 [SCMBlockDeletingService#0] DEBUG block.SCMBlockDeletingService (SCMBlockDeletingService.java:call(133)) - Running DeletedBlockTransactionScanner
2021-08-15 14:02:43,584 [Datanode State Machine Thread - 0] WARN  statemachine.StateContext (StateContext.java:execute(621)) - No available thread in pool for past 0 seconds.
2021-08-15 14:02:43,586 [Datanode State Machine Thread - 0] WARN  statemachine.StateContext (StateContext.java:execute(621)) - No available thread in pool for past 0 seconds.
2021-08-15 14:02:43,587 [Datanode State Machine Thread - 0] WARN  statemachine.StateContext (StateContext.java:execute(621)) - No available thread in pool for past 0 seconds.
2021-08-15 14:02:43,636 [SCMBlockDeletingService#0] DEBUG block.SCMBlockDeletingService (SCMBlockDeletingService.java:call(133)) - Running DeletedBlockTransactionScanner
2021-08-15 14:02:43,736 [SCMBlockDeletingService#0] DEBUG block.SCMBlockDeletingService (SCMBlockDeletingService.java:call(133)) - Running DeletedBlockTransactionScanner
2021-08-15 14:02:43,836 [SCMBlockDeletingService#0] DEBUG block.SCMBlockDeletingService (SCMBlockDeletingService.java:call(133)) - Running DeletedBlockTransactionScanner
2021-08-15 14:02:43,936 [SCMBlockDeletingService#0] DEBUG block.SCMBlockDeletingService (SCMBlockDeletingService.java:call(133)) - Running DeletedBlockTransactionScanner
2021-08-15 14:02:44,036 [SCMBlockDeletingService#0] DEBUG block.SCMBlockDeletingService (SCMBlockDeletingService.java:call(133)) - Running DeletedBlockTransactionScanner
2021-08-15 14:02:44,078 [Datanode State Machine Thread - 0] WARN  statemachine.StateContext (StateContext.java:execute(621)) - No available thread in pool for past 0 seconds.
2021-08-15 14:02:44,117 [Datanode State Machine Thread - 0] WARN  statemachine.StateContext (StateContext.java:execute(621)) - No available thread in pool for past 0 seconds.
2021-08-15 14:02:44,136 [SCMBlockDeletingService#0] DEBUG block.SCMBlockDeletingService (SCMBlockDeletingService.java:call(133)) - Running DeletedBlockTransactionScanner
2021-08-15 14:02:44,140 [Datanode State Machine Thread - 0] WARN  statemachine.StateContext (StateContext.java:execute(621)) - No available thread in pool for past 0 seconds.
2021-08-15 14:02:44,236 [SCMBlockDeletingService#0] DEBUG block.SCMBlockDeletingService (SCMBlockDeletingService.java:call(133)) - Running DeletedBlockTransactionScanner
2021-08-15 14:02:44,372 [SCMBlockDeletingService#0] DEBUG block.SCMBlockDeletingService (SCMBlockDeletingService.java:call(133)) - Running DeletedBlockTransactionScanner
2021-08-15 14:02:44,472 [SCMBlockDeletingService#0] DEBUG block.SCMBlockDeletingService (SCMBlockDeletingService.java:call(133)) - Running DeletedBlockTransactionScanner
2021-08-15 14:02:44,572 [SCMBlockDeletingService#0] DEBUG block.SCMBlockDeletingService (SCMBlockDeletingService.java:call(133)) - Running DeletedBlockTransactionScanner
2021-08-15 14:02:44,672 [SCMBlockDeletingService#0] DEBUG block.SCMBlockDeletingService (SCMBlockDeletingService.java:call(133)) - Running DeletedBlockTransactionScanner
2021-08-15 14:02:44,772 [SCMBlockDeletingService#0] DEBUG block.SCMBlockDeletingService (SCMBlockDeletingService.java:call(133)) - Running DeletedBlockTransactionScanner
2021-08-15 14:02:44,796 [Datanode State Machine Thread - 0] WARN  statemachine.StateContext (StateContext.java:execute(621)) - No available thread in pool for past 0 seconds.
2021-08-15 14:02:44,800 [Datanode State Machine Thread - 0] WARN  statemachine.StateContext (StateContext.java:execute(621)) - No available thread in pool for past 0 seconds.
2021-08-15 14:02:44,849 [Datanode State Machine Thread - 0] WARN  statemachine.StateContext (StateContext.java:execute(621)) - No available thread in pool for past 0 seconds.
2021-08-15 14:02:44,873 [SCMBlockDeletingService#0] DEBUG block.SCMBlockDeletingService (SCMBlockDeletingService.java:call(133)) - Running DeletedBlockTransactionScanner
2021-08-15 14:02:44,973 [SCMBlockDeletingService#0] DEBUG block.SCMBlockDeletingService (SCMBlockDeletingService.java:call(133)) - Running DeletedBlockTransactionScanner
2021-08-15 14:02:45,073 [SCMBlockDeletingService#0] DEBUG block.SCMBlockDeletingService (SCMBlockDeletingService.java:call(133)) - Running DeletedBlockTransactionScanner
2021-08-15 14:02:45,173 [SCMBlockDeletingService#0] DEBUG block.SCMBlockDeletingService (SCMBlockDeletingService.java:call(133)) - Running DeletedBlockTransactionScanner
2021-08-15 14:02:45,273 [SCMBlockDeletingService#0] DEBUG block.SCMBlockDeletingService (SCMBlockDeletingService.java:call(133)) - Running DeletedBlockTransactionScanner
2021-08-15 14:02:45,376 [SCMBlockDeletingService#0] DEBUG block.SCMBlockDeletingService (SCMBlockDeletingService.java:call(133)) - Running DeletedBlockTransactionScanner
2021-08-15 14:02:45,476 [SCMBlockDeletingService#0] DEBUG block.SCMBlockDeletingService (SCMBlockDeletingService.java:call(133)) - Running DeletedBlockTransactionScanner
2021-08-15 14:02:45,576 [SCMBlockDeletingService#0] DEBUG block.SCMBlockDeletingService (SCMBlockDeletingService.java:call(133)) - Running DeletedBlockTransactionScanner
2021-08-15 14:02:45,676 [SCMBlockDeletingService#0] DEBUG block.SCMBlockDeletingService (SCMBlockDeletingService.java:call(133)) - Running DeletedBlockTransactionScanner
2021-08-15 14:02:45,776 [SCMBlockDeletingService#0] DEBUG block.SCMBlockDeletingService (SCMBlockDeletingService.java:call(133)) - Running DeletedBlockTransactionScanner
2021-08-15 14:02:45,876 [SCMBlockDeletingService#0] DEBUG block.SCMBlockDeletingService (SCMBlockDeletingService.java:call(133)) - Running DeletedBlockTransactionScanner
2021-08-15 14:02:45,976 [SCMBlockDeletingService#0] DEBUG block.SCMBlockDeletingService (SCMBlockDeletingService.java:call(133)) - Running DeletedBlockTransactionScanner
2021-08-15 14:02:46,076 [SCMBlockDeletingService#0] DEBUG block.SCMBlockDeletingService (SCMBlockDeletingService.java:call(133)) - Running DeletedBlockTransactionScanner
2021-08-15 14:02:46,176 [SCMBlockDeletingService#0] DEBUG block.SCMBlockDeletingService (SCMBlockDeletingService.java:call(133)) - Running DeletedBlockTransactionScanner
2021-08-15 14:02:46,277 [SCMBlockDeletingService#0] DEBUG block.SCMBlockDeletingService (SCMBlockDeletingService.java:call(133)) - Running DeletedBlockTransactionScanner
2021-08-15 14:02:46,377 [SCMBlockDeletingService#0] DEBUG block.SCMBlockDeletingService (SCMBlockDeletingService.java:call(133)) - Running DeletedBlockTransactionScanner
2021-08-15 14:02:46,477 [SCMBlockDeletingService#0] DEBUG block.SCMBlockDeletingService (SCMBlockDeletingService.java:call(133)) - Running DeletedBlockTransactionScanner
2021-08-15 14:02:46,577 [SCMBlockDeletingService#0] DEBUG block.SCMBlockDeletingService (SCMBlockDeletingService.java:call(133)) - Running DeletedBlockTransactionScanner
2021-08-15 14:02:46,677 [SCMBlockDeletingService#0] DEBUG block.SCMBlockDeletingService (SCMBlockDeletingService.java:call(133)) - Running DeletedBlockTransactionScanner
2021-08-15 14:02:46,777 [SCMBlockDeletingService#0] DEBUG block.SCMBlockDeletingService (SCMBlockDeletingService.java:call(133)) - Running DeletedBlockTransactionScanner
2021-08-15 14:02:46,877 [SCMBlockDeletingService#0] DEBUG block.SCMBlockDeletingService (SCMBlockDeletingService.java:call(133)) - Running DeletedBlockTransactionScanner
2021-08-15 14:02:46,977 [SCMBlockDeletingService#0] DEBUG block.SCMBlockDeletingService (SCMBlockDeletingService.java:call(133)) - Running DeletedBlockTransactionScanner
2021-08-15 14:02:47,080 [SCMBlockDeletingService#0] DEBUG block.SCMBlockDeletingService (SCMBlockDeletingService.java:call(133)) - Running DeletedBlockTransactionScanner
2021-08-15 14:02:47,180 [SCMBlockDeletingService#0] DEBUG block.SCMBlockDeletingService (SCMBlockDeletingService.java:call(133)) - Running DeletedBlockTransactionScanner
2021-08-15 14:02:47,281 [SCMBlockDeletingService#0] DEBUG block.SCMBlockDeletingService (SCMBlockDeletingService.java:call(133)) - Running DeletedBlockTransactionScanner
2021-08-15 14:02:47,381 [SCMBlockDeletingService#0] DEBUG block.SCMBlockDeletingService (SCMBlockDeletingService.java:call(133)) - Running DeletedBlockTransactionScanner
2021-08-15 14:02:47,481 [SCMBlockDeletingService#0] DEBUG block.SCMBlockDeletingService (SCMBlockDeletingService.java:call(133)) - Running DeletedBlockTransactionScanner
2021-08-15 14:02:47,581 [SCMBlockDeletingService#0] DEBUG block.SCMBlockDeletingService (SCMBlockDeletingService.java:call(133)) - Running DeletedBlockTransactionScanner
2021-08-15 14:02:47,682 [SCMBlockDeletingService#0] DEBUG block.SCMBlockDeletingService (SCMBlockDeletingService.java:call(133)) - Running DeletedBlockTransactionScanner
2021-08-15 14:02:47,784 [SCMBlockDeletingService#0] DEBUG block.SCMBlockDeletingService (SCMBlockDeletingService.java:call(133)) - Running DeletedBlockTransactionScanner
2021-08-15 14:02:47,784 [Datanode State Machine Thread - 0] WARN  statemachine.StateContext (StateContext.java:execute(621)) - No available thread in pool for past 0 seconds.
2021-08-15 14:02:47,818 [Datanode State Machine Thread - 0] WARN  statemachine.StateContext (StateContext.java:execute(621)) - No available thread in pool for past 0 seconds.
2021-08-15 14:02:47,822 [Datanode State Machine Thread - 0] WARN  statemachine.StateContext (StateContext.java:execute(621)) - No available thread in pool for past 0 seconds.
2021-08-15 14:02:47,884 [SCMBlockDeletingService#0] DEBUG block.SCMBlockDeletingService (SCMBlockDeletingService.java:call(133)) - Running DeletedBlockTransactionScanner
2021-08-15 14:02:47,984 [SCMBlockDeletingService#0] DEBUG block.SCMBlockDeletingService (SCMBlockDeletingService.java:call(133)) - Running DeletedBlockTransactionScanner
2021-08-15 14:02:48,084 [SCMBlockDeletingService#0] DEBUG block.SCMBlockDeletingService (SCMBlockDeletingService.java:call(133)) - Running DeletedBlockTransactionScanner
2021-08-15 14:02:48,184 [SCMBlockDeletingService#0] DEBUG block.SCMBlockDeletingService (SCMBlockDeletingService.java:call(133)) - Running DeletedBlockTransactionScanner
2021-08-15 14:02:48,208 [Datanode State Machine Thread - 0] WARN  statemachine.StateContext (StateContext.java:execute(621)) - No available thread in pool for past 0 seconds.
2021-08-15 14:02:48,216 [Datanode State Machine Thread - 0] WARN  statemachine.StateContext (StateContext.java:execute(621)) - No available thread in pool for past 0 seconds.
2021-08-15 14:02:48,219 [Datanode State Machine Thread - 0] WARN  statemachine.StateContext (StateContext.java:execute(621)) - No available thread in pool for past 0 seconds.
2021-08-15 14:02:48,284 [SCMBlockDeletingService#0] DEBUG block.SCMBlockDeletingService (SCMBlockDeletingService.java:call(133)) - Running DeletedBlockTransactionScanner
2021-08-15 14:02:48,388 [SCMBlockDeletingService#0] DEBUG block.SCMBlockDeletingService (SCMBlockDeletingService.java:call(133)) - Running DeletedBlockTransactionScanner
2021-08-15 14:02:48,488 [SCMBlockDeletingService#0] DEBUG block.SCMBlockDeletingService (SCMBlockDeletingService.java:call(133)) - Running DeletedBlockTransactionScanner
2021-08-15 14:02:48,588 [SCMBlockDeletingService#0] DEBUG block.SCMBlockDeletingService (SCMBlockDeletingService.java:call(133)) - Running DeletedBlockTransactionScanner
2021-08-15 14:02:48,685 [Datanode State Machine Thread - 0] WARN  statemachine.StateContext (StateContext.java:execute(621)) - No available thread in pool for past 0 seconds.
2021-08-15 14:02:48,688 [SCMBlockDeletingService#0] DEBUG block.SCMBlockDeletingService (SCMBlockDeletingService.java:call(133)) - Running DeletedBlockTransactionScanner
2021-08-15 14:02:48,698 [Datanode State Machine Thread - 0] WARN  statemachine.StateContext (StateContext.java:execute(621)) - No available thread in pool for past 0 seconds.
2021-08-15 14:02:48,789 [SCMBlockDeletingService#0] DEBUG block.SCMBlockDeletingService (SCMBlockDeletingService.java:call(133)) - Running DeletedBlockTransactionScanner
2021-08-15 14:02:48,889 [SCMBlockDeletingService#0] DEBUG block.SCMBlockDeletingService (SCMBlockDeletingService.java:call(133)) - Running DeletedBlockTransactionScanner
2021-08-15 14:02:48,989 [SCMBlockDeletingService#0] DEBUG block.SCMBlockDeletingService (SCMBlockDeletingService.java:call(133)) - Running DeletedBlockTransactionScanner
2021-08-15 14:02:49,090 [SCMBlockDeletingService#0] DEBUG block.SCMBlockDeletingService (SCMBlockDeletingService.java:call(133)) - Running DeletedBlockTransactionScanner
2021-08-15 14:02:49,190 [Datanode State Machine Thread - 0] WARN  statemachine.StateContext (StateContext.java:execute(621)) - No available thread in pool for past 0 seconds.
2021-08-15 14:02:49,190 [SCMBlockDeletingService#0] DEBUG block.SCMBlockDeletingService (SCMBlockDeletingService.java:call(133)) - Running DeletedBlockTransactionScanner
2021-08-15 14:02:49,191 [Datanode State Machine Thread - 0] WARN  statemachine.StateContext (StateContext.java:execute(621)) - No available thread in pool for past 0 seconds.
2021-08-15 14:02:49,198 [Datanode State Machine Thread - 0] WARN  statemachine.StateContext (StateContext.java:execute(621)) - No available thread in pool for past 0 seconds.
2021-08-15 14:02:49,290 [SCMBlockDeletingService#0] DEBUG block.SCMBlockDeletingService (SCMBlockDeletingService.java:call(133)) - Running DeletedBlockTransactionScanner
2021-08-15 14:02:49,390 [SCMBlockDeletingService#0] DEBUG block.SCMBlockDeletingService (SCMBlockDeletingService.java:call(133)) - Running DeletedBlockTransactionScanner
2021-08-15 14:02:49,490 [SCMBlockDeletingService#0] DEBUG block.SCMBlockDeletingService (SCMBlockDeletingService.java:call(133)) - Running DeletedBlockTransactionScanner
2021-08-15 14:02:49,591 [SCMBlockDeletingService#0] DEBUG block.SCMBlockDeletingService (SCMBlockDeletingService.java:call(133)) - Running DeletedBlockTransactionScanner
2021-08-15 14:02:49,691 [SCMBlockDeletingService#0] DEBUG block.SCMBlockDeletingService (SCMBlockDeletingService.java:call(133)) - Running DeletedBlockTransactionScanner
2021-08-15 14:02:49,736 [Datanode State Machine Thread - 0] WARN  statemachine.StateContext (StateContext.java:execute(621)) - No available thread in pool for past 0 seconds.
2021-08-15 14:02:49,740 [Datanode State Machine Thread - 0] WARN  statemachine.StateContext (StateContext.java:execute(621)) - No available thread in pool for past 0 seconds.
2021-08-15 14:02:49,741 [Datanode State Machine Thread - 0] WARN  statemachine.StateContext (StateContext.java:execute(621)) - No available thread in pool for past 0 seconds.
2021-08-15 14:02:49,791 [SCMBlockDeletingService#0] DEBUG block.SCMBlockDeletingService (SCMBlockDeletingService.java:call(133)) - Running DeletedBlockTransactionScanner
2021-08-15 14:02:49,891 [SCMBlockDeletingService#0] DEBUG block.SCMBlockDeletingService (SCMBlockDeletingService.java:call(133)) - Running DeletedBlockTransactionScanner
2021-08-15 14:02:49,991 [SCMBlockDeletingService#0] DEBUG block.SCMBlockDeletingService (SCMBlockDeletingService.java:call(133)) - Running DeletedBlockTransactionScanner
2021-08-15 14:02:50,091 [SCMBlockDeletingService#0] DEBUG block.SCMBlockDeletingService (SCMBlockDeletingService.java:call(133)) - Running DeletedBlockTransactionScanner
2021-08-15 14:02:50,109 [Datanode State Machine Thread - 0] WARN  statemachine.StateContext (StateContext.java:execute(621)) - No available thread in pool for past 0 seconds.
2021-08-15 14:02:50,109 [Datanode State Machine Thread - 0] WARN  statemachine.StateContext (StateContext.java:execute(621)) - No available thread in pool for past 0 seconds.
2021-08-15 14:02:50,114 [Datanode State Machine Thread - 0] WARN  statemachine.StateContext (StateContext.java:execute(621)) - No available thread in pool for past 0 seconds.
2021-08-15 14:02:50,191 [SCMBlockDeletingService#0] DEBUG block.SCMBlockDeletingService (SCMBlockDeletingService.java:call(133)) - Running DeletedBlockTransactionScanner
2021-08-15 14:02:50,292 [SCMBlockDeletingService#0] DEBUG block.SCMBlockDeletingService (SCMBlockDeletingService.java:call(133)) - Running DeletedBlockTransactionScanner
2021-08-15 14:02:50,392 [SCMBlockDeletingService#0] DEBUG block.SCMBlockDeletingService (SCMBlockDeletingService.java:call(133)) - Running DeletedBlockTransactionScanner
2021-08-15 14:02:50,492 [SCMBlockDeletingService#0] DEBUG block.SCMBlockDeletingService (SCMBlockDeletingService.java:call(133)) - Running DeletedBlockTransactionScanner
2021-08-15 14:02:50,589 [Datanode State Machine Thread - 0] WARN  statemachine.StateContext (StateContext.java:execute(621)) - No available thread in pool for past 0 seconds.
2021-08-15 14:02:50,592 [SCMBlockDeletingService#0] DEBUG block.SCMBlockDeletingService (SCMBlockDeletingService.java:call(133)) - Running DeletedBlockTransactionScanner
2021-08-15 14:02:50,595 [Datanode State Machine Thread - 0] WARN  statemachine.StateContext (StateContext.java:execute(621)) - No available thread in pool for past 0 seconds.
2021-08-15 14:02:50,696 [SCMBlockDeletingService#0] DEBUG block.SCMBlockDeletingService (SCMBlockDeletingService.java:call(133)) - Running DeletedBlockTransactionScanner
2021-08-15 14:02:50,796 [SCMBlockDeletingService#0] DEBUG block.SCMBlockDeletingService (SCMBlockDeletingService.java:call(133)) - Running DeletedBlockTransactionScanner
2021-08-15 14:02:50,896 [SCMBlockDeletingService#0] DEBUG block.SCMBlockDeletingService (SCMBlockDeletingService.java:call(133)) - Running DeletedBlockTransactionScanner
2021-08-15 14:02:50,996 [SCMBlockDeletingService#0] DEBUG block.SCMBlockDeletingService (SCMBlockDeletingService.java:call(133)) - Running DeletedBlockTransactionScanner
2021-08-15 14:02:51,072 [Datanode State Machine Thread - 0] WARN  statemachine.StateContext (StateContext.java:execute(621)) - No available thread in pool for past 0 seconds.
2021-08-15 14:02:51,096 [SCMBlockDeletingService#0] DEBUG block.SCMBlockDeletingService (SCMBlockDeletingService.java:call(133)) - Running DeletedBlockTransactionScanner
2021-08-15 14:02:51,196 [SCMBlockDeletingService#0] DEBUG block.SCMBlockDeletingService (SCMBlockDeletingService.java:call(133)) - Running DeletedBlockTransactionScanner
2021-08-15 14:02:51,296 [SCMBlockDeletingService#0] DEBUG block.SCMBlockDeletingService (SCMBlockDeletingService.java:call(133)) - Running DeletedBlockTransactionScanner
2021-08-15 14:02:51,357 [Datanode State Machine Thread - 0] WARN  statemachine.StateContext (StateContext.java:execute(621)) - No available thread in pool for past 0 seconds.
2021-08-15 14:02:51,392 [Datanode State Machine Thread - 0] WARN  statemachine.StateContext (StateContext.java:execute(621)) - No available thread in pool for past 0 seconds.
2021-08-15 14:02:51,394 [Datanode State Machine Thread - 0] WARN  statemachine.StateContext (StateContext.java:execute(621)) - No available thread in pool for past 0 seconds.
2021-08-15 14:02:51,397 [SCMBlockDeletingService#0] DEBUG block.SCMBlockDeletingService (SCMBlockDeletingService.java:call(133)) - Running DeletedBlockTransactionScanner
2021-08-15 14:02:51,498 [SCMBlockDeletingService#0] DEBUG block.SCMBlockDeletingService (SCMBlockDeletingService.java:call(133)) - Running DeletedBlockTransactionScanner
2021-08-15 14:02:51,598 [SCMBlockDeletingService#0] DEBUG block.SCMBlockDeletingService (SCMBlockDeletingService.java:call(133)) - Running DeletedBlockTransactionScanner
2021-08-15 14:02:51,698 [SCMBlockDeletingService#0] DEBUG block.SCMBlockDeletingService (SCMBlockDeletingService.java:call(133)) - Running DeletedBlockTransactionScanner
2021-08-15 14:02:51,759 [Datanode State Machine Thread - 0] WARN  statemachine.StateContext (StateContext.java:execute(621)) - No available thread in pool for past 0 seconds.
2021-08-15 14:02:51,763 [Datanode State Machine Thread - 0] WARN  statemachine.StateContext (StateContext.java:execute(621)) - No available thread in pool for past 0 seconds.
2021-08-15 14:02:51,798 [SCMBlockDeletingService#0] DEBUG block.SCMBlockDeletingService (SCMBlockDeletingService.java:call(133)) - Running DeletedBlockTransactionScanner
2021-08-15 14:02:51,898 [SCMBlockDeletingService#0] DEBUG block.SCMBlockDeletingService (SCMBlockDeletingService.java:call(133)) - Running DeletedBlockTransactionScanner
2021-08-15 14:02:52,002 [SCMBlockDeletingService#0] DEBUG block.SCMBlockDeletingService (SCMBlockDeletingService.java:call(133)) - Running DeletedBlockTransactionScanner
2021-08-15 14:02:52,102 [SCMBlockDeletingService#0] DEBUG block.SCMBlockDeletingService (SCMBlockDeletingService.java:call(133)) - Running DeletedBlockTransactionScanner
2021-08-15 14:02:52,202 [SCMBlockDeletingService#0] DEBUG block.SCMBlockDeletingService (SCMBlockDeletingService.java:call(133)) - Running DeletedBlockTransactionScanner
2021-08-15 14:02:52,302 [SCMBlockDeletingService#0] DEBUG block.SCMBlockDeletingService (SCMBlockDeletingService.java:call(133)) - Running DeletedBlockTransactionScanner
2021-08-15 14:02:52,380 [Datanode State Machine Thread - 0] WARN  statemachine.StateContext (StateContext.java:execute(621)) - No available thread in pool for past 0 seconds.
2021-08-15 14:02:52,381 [Datanode State Machine Thread - 0] WARN  statemachine.StateContext (StateContext.java:execute(621)) - No available thread in pool for past 0 seconds.
2021-08-15 14:02:52,384 [Datanode State Machine Thread - 0] WARN  statemachine.StateContext (StateContext.java:execute(621)) - No available thread in pool for past 0 seconds.
2021-08-15 14:02:52,402 [SCMBlockDeletingService#0] DEBUG block.SCMBlockDeletingService (SCMBlockDeletingService.java:call(133)) - Running DeletedBlockTransactionScanner
2021-08-15 14:02:52,502 [SCMBlockDeletingService#0] DEBUG block.SCMBlockDeletingService (SCMBlockDeletingService.java:call(133)) - Running DeletedBlockTransactionScanner
2021-08-15 14:02:52,602 [SCMBlockDeletingService#0] DEBUG block.SCMBlockDeletingService (SCMBlockDeletingService.java:call(133)) - Running DeletedBlockTransactionScanner
2021-08-15 14:02:52,702 [SCMBlockDeletingService#0] DEBUG block.SCMBlockDeletingService (SCMBlockDeletingService.java:call(133)) - Running DeletedBlockTransactionScanner
2021-08-15 14:02:52,802 [SCMBlockDeletingService#0] DEBUG block.SCMBlockDeletingService (SCMBlockDeletingService.java:call(133)) - Running DeletedBlockTransactionScanner
2021-08-15 14:02:52,902 [SCMBlockDeletingService#0] DEBUG block.SCMBlockDeletingService (SCMBlockDeletingService.java:call(133)) - Running DeletedBlockTransactionScanner
2021-08-15 14:02:52,961 [Datanode State Machine Thread - 0] WARN  statemachine.StateContext (StateContext.java:execute(621)) - No available thread in pool for past 0 seconds.
2021-08-15 14:02:52,967 [Datanode State Machine Thread - 0] WARN  statemachine.StateContext (StateContext.java:execute(621)) - No available thread in pool for past 0 seconds.
2021-08-15 14:02:52,970 [Datanode State Machine Thread - 0] WARN  statemachine.StateContext (StateContext.java:execute(621)) - No available thread in pool for past 0 seconds.
2021-08-15 14:02:53,003 [SCMBlockDeletingService#0] DEBUG block.SCMBlockDeletingService (SCMBlockDeletingService.java:call(133)) - Running DeletedBlockTransactionScanner
2021-08-15 14:02:53,124 [SCMBlockDeletingService#0] DEBUG block.SCMBlockDeletingService (SCMBlockDeletingService.java:call(133)) - Running DeletedBlockTransactionScanner
2021-08-15 14:02:53,224 [SCMBlockDeletingService#0] DEBUG block.SCMBlockDeletingService (SCMBlockDeletingService.java:call(133)) - Running DeletedBlockTransactionScanner
2021-08-15 14:02:53,324 [SCMBlockDeletingService#0] DEBUG block.SCMBlockDeletingService (SCMBlockDeletingService.java:call(133)) - Running DeletedBlockTransactionScanner
2021-08-15 14:02:53,424 [SCMBlockDeletingService#0] DEBUG block.SCMBlockDeletingService (SCMBlockDeletingService.java:call(133)) - Running DeletedBlockTransactionScanner
2021-08-15 14:02:53,427 [Datanode State Machine Thread - 0] WARN  statemachine.StateContext (StateContext.java:execute(621)) - No available thread in pool for past 0 seconds.
2021-08-15 14:02:53,433 [Datanode State Machine Thread - 0] WARN  statemachine.StateContext (StateContext.java:execute(621)) - No available thread in pool for past 0 seconds.
2021-08-15 14:02:53,442 [Datanode State Machine Thread - 0] WARN  statemachine.StateContext (StateContext.java:execute(621)) - No available thread in pool for past 0 seconds.
2021-08-15 14:02:53,524 [SCMBlockDeletingService#0] DEBUG block.SCMBlockDeletingService (SCMBlockDeletingService.java:call(133)) - Running DeletedBlockTransactionScanner
2021-08-15 14:02:53,624 [SCMBlockDeletingService#0] DEBUG block.SCMBlockDeletingService (SCMBlockDeletingService.java:call(133)) - Running DeletedBlockTransactionScanner
2021-08-15 14:02:53,724 [SCMBlockDeletingService#0] DEBUG block.SCMBlockDeletingService (SCMBlockDeletingService.java:call(133)) - Running DeletedBlockTransactionScanner
2021-08-15 14:02:53,728 [Datanode State Machine Thread - 0] WARN  statemachine.StateContext (StateContext.java:execute(621)) - No available thread in pool for past 0 seconds.
2021-08-15 14:02:53,756 [Datanode State Machine Thread - 0] WARN  statemachine.StateContext (StateContext.java:execute(621)) - No available thread in pool for past 0 seconds.
2021-08-15 14:02:53,758 [Datanode State Machine Thread - 0] WARN  statemachine.StateContext (StateContext.java:execute(621)) - No available thread in pool for past 0 seconds.
2021-08-15 14:02:53,828 [SCMBlockDeletingService#0] DEBUG block.SCMBlockDeletingService (SCMBlockDeletingService.java:call(133)) - Running DeletedBlockTransactionScanner
2021-08-15 14:02:53,928 [SCMBlockDeletingService#0] DEBUG block.SCMBlockDeletingService (SCMBlockDeletingService.java:call(133)) - Running DeletedBlockTransactionScanner
2021-08-15 14:02:54,028 [SCMBlockDeletingService#0] DEBUG block.SCMBlockDeletingService (SCMBlockDeletingService.java:call(133)) - Running DeletedBlockTransactionScanner
2021-08-15 14:02:54,128 [SCMBlockDeletingService#0] DEBUG block.SCMBlockDeletingService (SCMBlockDeletingService.java:call(133)) - Running DeletedBlockTransactionScanner
2021-08-15 14:02:54,152 [Datanode State Machine Thread - 0] WARN  statemachine.StateContext (StateContext.java:execute(621)) - No available thread in pool for past 0 seconds.
2021-08-15 14:02:54,159 [Datanode State Machine Thread - 0] WARN  statemachine.StateContext (StateContext.java:execute(621)) - No available thread in pool for past 0 seconds.
2021-08-15 14:02:54,191 [Datanode State Machine Thread - 0] WARN  statemachine.StateContext (StateContext.java:execute(621)) - No available thread in pool for past 0 seconds.
2021-08-15 14:02:54,230 [SCMBlockDeletingService#0] DEBUG block.SCMBlockDeletingService (SCMBlockDeletingService.java:call(133)) - Running DeletedBlockTransactionScanner
2021-08-15 14:02:54,330 [SCMBlockDeletingService#0] DEBUG block.SCMBlockDeletingService (SCMBlockDeletingService.java:call(133)) - Running DeletedBlockTransactionScanner
2021-08-15 14:02:54,430 [SCMBlockDeletingService#0] DEBUG block.SCMBlockDeletingService (SCMBlockDeletingService.java:call(133)) - Running DeletedBlockTransactionScanner
2021-08-15 14:02:54,530 [SCMBlockDeletingService#0] DEBUG block.SCMBlockDeletingService (SCMBlockDeletingService.java:call(133)) - Running DeletedBlockTransactionScanner
2021-08-15 14:02:54,630 [SCMBlockDeletingService#0] DEBUG block.SCMBlockDeletingService (SCMBlockDeletingService.java:call(133)) - Running DeletedBlockTransactionScanner
2021-08-15 14:02:54,730 [SCMBlockDeletingService#0] DEBUG block.SCMBlockDeletingService (SCMBlockDeletingService.java:call(133)) - Running DeletedBlockTransactionScanner
2021-08-15 14:02:54,830 [SCMBlockDeletingService#0] DEBUG block.SCMBlockDeletingService (SCMBlockDeletingService.java:call(133)) - Running DeletedBlockTransactionScanner
2021-08-15 14:02:54,930 [SCMBlockDeletingService#0] DEBUG block.SCMBlockDeletingService (SCMBlockDeletingService.java:call(133)) - Running DeletedBlockTransactionScanner
2021-08-15 14:02:55,030 [SCMBlockDeletingService#0] DEBUG block.SCMBlockDeletingService (SCMBlockDeletingService.java:call(133)) - Running DeletedBlockTransactionScanner
2021-08-15 14:02:55,131 [SCMBlockDeletingService#0] DEBUG block.SCMBlockDeletingService (SCMBlockDeletingService.java:call(133)) - Running DeletedBlockTransactionScanner
2021-08-15 14:02:55,232 [SCMBlockDeletingService#0] DEBUG block.SCMBlockDeletingService (SCMBlockDeletingService.java:call(133)) - Running DeletedBlockTransactionScanner
2021-08-15 14:02:55,332 [SCMBlockDeletingService#0] DEBUG block.SCMBlockDeletingService (SCMBlockDeletingService.java:call(133)) - Running DeletedBlockTransactionScanner
2021-08-15 14:02:55,432 [SCMBlockDeletingService#0] DEBUG block.SCMBlockDeletingService (SCMBlockDeletingService.java:call(133)) - Running DeletedBlockTransactionScanner
2021-08-15 14:02:55,532 [SCMBlockDeletingService#0] DEBUG block.SCMBlockDeletingService (SCMBlockDeletingService.java:call(133)) - Running DeletedBlockTransactionScanner
2021-08-15 14:02:55,632 [SCMBlockDeletingService#0] DEBUG block.SCMBlockDeletingService (SCMBlockDeletingService.java:call(133)) - Running DeletedBlockTransactionScanner
2021-08-15 14:02:55,732 [SCMBlockDeletingService#0] DEBUG block.SCMBlockDeletingService (SCMBlockDeletingService.java:call(133)) - Running DeletedBlockTransactionScanner
2021-08-15 14:02:55,832 [SCMBlockDeletingService#0] DEBUG block.SCMBlockDeletingService (SCMBlockDeletingService.java:call(133)) - Running DeletedBlockTransactionScanner
2021-08-15 14:02:55,933 [SCMBlockDeletingService#0] DEBUG block.SCMBlockDeletingService (SCMBlockDeletingService.java:call(133)) - Running DeletedBlockTransactionScanner
2021-08-15 14:02:56,033 [SCMBlockDeletingService#0] DEBUG block.SCMBlockDeletingService (SCMBlockDeletingService.java:call(133)) - Running DeletedBlockTransactionScanner
2021-08-15 14:02:56,133 [SCMBlockDeletingService#0] DEBUG block.SCMBlockDeletingService (SCMBlockDeletingService.java:call(133)) - Running DeletedBlockTransactionScanner
2021-08-15 14:02:56,234 [SCMBlockDeletingService#0] DEBUG block.SCMBlockDeletingService (SCMBlockDeletingService.java:call(133)) - Running DeletedBlockTransactionScanner
2021-08-15 14:02:56,334 [SCMBlockDeletingService#0] DEBUG block.SCMBlockDeletingService (SCMBlockDeletingService.java:call(133)) - Running DeletedBlockTransactionScanner
2021-08-15 14:02:56,434 [SCMBlockDeletingService#0] DEBUG block.SCMBlockDeletingService (SCMBlockDeletingService.java:call(133)) - Running DeletedBlockTransactionScanner
2021-08-15 14:02:56,534 [SCMBlockDeletingService#0] DEBUG block.SCMBlockDeletingService (SCMBlockDeletingService.java:call(133)) - Running DeletedBlockTransactionScanner
2021-08-15 14:02:56,634 [SCMBlockDeletingService#0] DEBUG block.SCMBlockDeletingService (SCMBlockDeletingService.java:call(133)) - Running DeletedBlockTransactionScanner
2021-08-15 14:02:56,736 [SCMBlockDeletingService#0] DEBUG block.SCMBlockDeletingService (SCMBlockDeletingService.java:call(133)) - Running DeletedBlockTransactionScanner
2021-08-15 14:02:56,837 [SCMBlockDeletingService#0] DEBUG block.SCMBlockDeletingService (SCMBlockDeletingService.java:call(133)) - Running DeletedBlockTransactionScanner
2021-08-15 14:02:56,940 [SCMBlockDeletingService#0] DEBUG block.SCMBlockDeletingService (SCMBlockDeletingService.java:call(133)) - Running DeletedBlockTransactionScanner
2021-08-15 14:02:57,041 [SCMBlockDeletingService#0] DEBUG block.SCMBlockDeletingService (SCMBlockDeletingService.java:call(133)) - Running DeletedBlockTransactionScanner
2021-08-15 14:02:57,152 [SCMBlockDeletingService#0] DEBUG block.SCMBlockDeletingService (SCMBlockDeletingService.java:call(133)) - Running DeletedBlockTransactionScanner
2021-08-15 14:02:57,253 [SCMBlockDeletingService#0] DEBUG block.SCMBlockDeletingService (SCMBlockDeletingService.java:call(133)) - Running DeletedBlockTransactionScanner
2021-08-15 14:02:57,282 [Datanode State Machine Thread - 0] WARN  statemachine.StateContext (StateContext.java:execute(621)) - No available thread in pool for past 0 seconds.
2021-08-15 14:02:57,295 [Datanode State Machine Thread - 0] WARN  statemachine.StateContext (StateContext.java:execute(621)) - No available thread in pool for past 0 seconds.
2021-08-15 14:02:57,301 [Datanode State Machine Thread - 0] WARN  statemachine.StateContext (StateContext.java:execute(621)) - No available thread in pool for past 0 seconds.
2021-08-15 14:02:57,354 [SCMBlockDeletingService#0] DEBUG block.SCMBlockDeletingService (SCMBlockDeletingService.java:call(133)) - Running DeletedBlockTransactionScanner
2021-08-15 14:02:57,454 [SCMBlockDeletingService#0] DEBUG block.SCMBlockDeletingService (SCMBlockDeletingService.java:call(133)) - Running DeletedBlockTransactionScanner
2021-08-15 14:02:57,556 [SCMBlockDeletingService#0] DEBUG block.SCMBlockDeletingService (SCMBlockDeletingService.java:call(133)) - Running DeletedBlockTransactionScanner
2021-08-15 14:02:57,656 [SCMBlockDeletingService#0] DEBUG block.SCMBlockDeletingService (SCMBlockDeletingService.java:call(133)) - Running DeletedBlockTransactionScanner
2021-08-15 14:02:57,756 [SCMBlockDeletingService#0] DEBUG block.SCMBlockDeletingService (SCMBlockDeletingService.java:call(133)) - Running DeletedBlockTransactionScanner
2021-08-15 14:02:57,856 [SCMBlockDeletingService#0] DEBUG block.SCMBlockDeletingService (SCMBlockDeletingService.java:call(133)) - Running DeletedBlockTransactionScanner
2021-08-15 14:02:57,956 [SCMBlockDeletingService#0] DEBUG block.SCMBlockDeletingService (SCMBlockDeletingService.java:call(133)) - Running DeletedBlockTransactionScanner
2021-08-15 14:02:58,056 [SCMBlockDeletingService#0] DEBUG block.SCMBlockDeletingService (SCMBlockDeletingService.java:call(133)) - Running DeletedBlockTransactionScanner
2021-08-15 14:02:58,156 [SCMBlockDeletingService#0] DEBUG block.SCMBlockDeletingService (SCMBlockDeletingService.java:call(133)) - Running DeletedBlockTransactionScanner
2021-08-15 14:02:58,257 [SCMBlockDeletingService#0] DEBUG block.SCMBlockDeletingService (SCMBlockDeletingService.java:call(133)) - Running DeletedBlockTransactionScanner
2021-08-15 14:02:58,357 [SCMBlockDeletingService#0] DEBUG block.SCMBlockDeletingService (SCMBlockDeletingService.java:call(133)) - Running DeletedBlockTransactionScanner
2021-08-15 14:02:58,457 [SCMBlockDeletingService#0] DEBUG block.SCMBlockDeletingService (SCMBlockDeletingService.java:call(133)) - Running DeletedBlockTransactionScanner
2021-08-15 14:02:58,557 [SCMBlockDeletingService#0] DEBUG block.SCMBlockDeletingService (SCMBlockDeletingService.java:call(133)) - Running DeletedBlockTransactionScanner
2021-08-15 14:02:58,657 [SCMBlockDeletingService#0] DEBUG block.SCMBlockDeletingService (SCMBlockDeletingService.java:call(133)) - Running DeletedBlockTransactionScanner
2021-08-15 14:02:58,757 [SCMBlockDeletingService#0] DEBUG block.SCMBlockDeletingService (SCMBlockDeletingService.java:call(133)) - Running DeletedBlockTransactionScanner
2021-08-15 14:02:58,857 [SCMBlockDeletingService#0] DEBUG block.SCMBlockDeletingService (SCMBlockDeletingService.java:call(133)) - Running DeletedBlockTransactionScanner
2021-08-15 14:02:58,957 [SCMBlockDeletingService#0] DEBUG block.SCMBlockDeletingService (SCMBlockDeletingService.java:call(133)) - Running DeletedBlockTransactionScanner
2021-08-15 14:02:59,057 [SCMBlockDeletingService#0] DEBUG block.SCMBlockDeletingService (SCMBlockDeletingService.java:call(133)) - Running DeletedBlockTransactionScanner
2021-08-15 14:02:59,089 [Datanode State Machine Thread - 0] WARN  statemachine.StateContext (StateContext.java:execute(621)) - No available thread in pool for past 0 seconds.
2021-08-15 14:02:59,091 [Datanode State Machine Thread - 0] WARN  statemachine.StateContext (StateContext.java:execute(621)) - No available thread in pool for past 0 seconds.
2021-08-15 14:02:59,091 [Datanode State Machine Thread - 0] WARN  statemachine.StateContext (StateContext.java:execute(621)) - No available thread in pool for past 0 seconds.
2021-08-15 14:02:59,160 [SCMBlockDeletingService#0] DEBUG block.SCMBlockDeletingService (SCMBlockDeletingService.java:call(133)) - Running DeletedBlockTransactionScanner
2021-08-15 14:02:59,260 [SCMBlockDeletingService#0] DEBUG block.SCMBlockDeletingService (SCMBlockDeletingService.java:call(133)) - Running DeletedBlockTransactionScanner
2021-08-15 14:02:59,360 [SCMBlockDeletingService#0] DEBUG block.SCMBlockDeletingService (SCMBlockDeletingService.java:call(133)) - Running DeletedBlockTransactionScanner
2021-08-15 14:02:59,460 [SCMBlockDeletingService#0] DEBUG block.SCMBlockDeletingService (SCMBlockDeletingService.java:call(133)) - Running DeletedBlockTransactionScanner
2021-08-15 14:02:59,560 [SCMBlockDeletingService#0] DEBUG block.SCMBlockDeletingService (SCMBlockDeletingService.java:call(133)) - Running DeletedBlockTransactionScanner
2021-08-15 14:02:59,602 [Datanode State Machine Thread - 0] WARN  statemachine.StateContext (StateContext.java:execute(621)) - No available thread in pool for past 0 seconds.
2021-08-15 14:02:59,604 [Datanode State Machine Thread - 0] WARN  statemachine.StateContext (StateContext.java:execute(621)) - No available thread in pool for past 0 seconds.
2021-08-15 14:02:59,611 [Datanode State Machine Thread - 0] WARN  statemachine.StateContext (StateContext.java:execute(621)) - No available thread in pool for past 0 seconds.
2021-08-15 14:02:59,661 [SCMBlockDeletingService#0] DEBUG block.SCMBlockDeletingService (SCMBlockDeletingService.java:call(133)) - Running DeletedBlockTransactionScanner
2021-08-15 14:02:59,761 [SCMBlockDeletingService#0] DEBUG block.SCMBlockDeletingService (SCMBlockDeletingService.java:call(133)) - Running DeletedBlockTransactionScanner
2021-08-15 14:02:59,861 [SCMBlockDeletingService#0] DEBUG block.SCMBlockDeletingService (SCMBlockDeletingService.java:call(133)) - Running DeletedBlockTransactionScanner
2021-08-15 14:02:59,961 [SCMBlockDeletingService#0] DEBUG block.SCMBlockDeletingService (SCMBlockDeletingService.java:call(133)) - Running DeletedBlockTransactionScanner
2021-08-15 14:03:00,061 [SCMBlockDeletingService#0] DEBUG block.SCMBlockDeletingService (SCMBlockDeletingService.java:call(133)) - Running DeletedBlockTransactionScanner
2021-08-15 14:03:00,161 [SCMBlockDeletingService#0] DEBUG block.SCMBlockDeletingService (SCMBlockDeletingService.java:call(133)) - Running DeletedBlockTransactionScanner
2021-08-15 14:03:00,261 [SCMBlockDeletingService#0] DEBUG block.SCMBlockDeletingService (SCMBlockDeletingService.java:call(133)) - Running DeletedBlockTransactionScanner
2021-08-15 14:03:00,361 [SCMBlockDeletingService#0] DEBUG block.SCMBlockDeletingService (SCMBlockDeletingService.java:call(133)) - Running DeletedBlockTransactionScanner
2021-08-15 14:03:00,461 [SCMBlockDeletingService#0] DEBUG block.SCMBlockDeletingService (SCMBlockDeletingService.java:call(133)) - Running DeletedBlockTransactionScanner
2021-08-15 14:03:00,561 [SCMBlockDeletingService#0] DEBUG block.SCMBlockDeletingService (SCMBlockDeletingService.java:call(133)) - Running DeletedBlockTransactionScanner
2021-08-15 14:03:00,661 [SCMBlockDeletingService#0] DEBUG block.SCMBlockDeletingService (SCMBlockDeletingService.java:call(133)) - Running DeletedBlockTransactionScanner
2021-08-15 14:03:00,761 [SCMBlockDeletingService#0] DEBUG block.SCMBlockDeletingService (SCMBlockDeletingService.java:call(133)) - Running DeletedBlockTransactionScanner
2021-08-15 14:03:00,863 [SCMBlockDeletingService#0] DEBUG block.SCMBlockDeletingService (SCMBlockDeletingService.java:call(133)) - Running DeletedBlockTransactionScanner
2021-08-15 14:03:00,963 [SCMBlockDeletingService#0] DEBUG block.SCMBlockDeletingService (SCMBlockDeletingService.java:call(133)) - Running DeletedBlockTransactionScanner
2021-08-15 14:03:01,063 [SCMBlockDeletingService#0] DEBUG block.SCMBlockDeletingService (SCMBlockDeletingService.java:call(133)) - Running DeletedBlockTransactionScanner
2021-08-15 14:03:01,163 [SCMBlockDeletingService#0] DEBUG block.SCMBlockDeletingService (SCMBlockDeletingService.java:call(133)) - Running DeletedBlockTransactionScanner
2021-08-15 14:03:01,263 [SCMBlockDeletingService#0] DEBUG block.SCMBlockDeletingService (SCMBlockDeletingService.java:call(133)) - Running DeletedBlockTransactionScanner
2021-08-15 14:03:01,363 [SCMBlockDeletingService#0] DEBUG block.SCMBlockDeletingService (SCMBlockDeletingService.java:call(133)) - Running DeletedBlockTransactionScanner
2021-08-15 14:03:01,463 [SCMBlockDeletingService#0] DEBUG block.SCMBlockDeletingService (SCMBlockDeletingService.java:call(133)) - Running DeletedBlockTransactionScanner
2021-08-15 14:03:01,563 [SCMBlockDeletingService#0] DEBUG block.SCMBlockDeletingService (SCMBlockDeletingService.java:call(133)) - Running DeletedBlockTransactionScanner
2021-08-15 14:03:01,663 [SCMBlockDeletingService#0] DEBUG block.SCMBlockDeletingService (SCMBlockDeletingService.java:call(133)) - Running DeletedBlockTransactionScanner
2021-08-15 14:03:01,763 [SCMBlockDeletingService#0] DEBUG block.SCMBlockDeletingService (SCMBlockDeletingService.java:call(133)) - Running DeletedBlockTransactionScanner
2021-08-15 14:03:01,863 [SCMBlockDeletingService#0] DEBUG block.SCMBlockDeletingService (SCMBlockDeletingService.java:call(133)) - Running DeletedBlockTransactionScanner
2021-08-15 14:03:01,963 [SCMBlockDeletingService#0] DEBUG block.SCMBlockDeletingService (SCMBlockDeletingService.java:call(133)) - Running DeletedBlockTransactionScanner
2021-08-15 14:03:02,063 [SCMBlockDeletingService#0] DEBUG block.SCMBlockDeletingService (SCMBlockDeletingService.java:call(133)) - Running DeletedBlockTransactionScanner
2021-08-15 14:03:02,164 [SCMBlockDeletingService#0] DEBUG block.SCMBlockDeletingService (SCMBlockDeletingService.java:call(133)) - Running DeletedBlockTransactionScanner
2021-08-15 14:03:02,264 [SCMBlockDeletingService#0] DEBUG block.SCMBlockDeletingService (SCMBlockDeletingService.java:call(133)) - Running DeletedBlockTransactionScanner
2021-08-15 14:03:02,364 [SCMBlockDeletingService#0] DEBUG block.SCMBlockDeletingService (SCMBlockDeletingService.java:call(133)) - Running DeletedBlockTransactionScanner
2021-08-15 14:03:02,464 [SCMBlockDeletingService#0] DEBUG block.SCMBlockDeletingService (SCMBlockDeletingService.java:call(133)) - Running DeletedBlockTransactionScanner
2021-08-15 14:03:02,493 [Datanode State Machine Thread - 0] WARN  statemachine.StateContext (StateContext.java:execute(621)) - No available thread in pool for past 0 seconds.
2021-08-15 14:03:02,494 [Datanode State Machine Thread - 0] WARN  statemachine.StateContext (StateContext.java:execute(621)) - No available thread in pool for past 0 seconds.
2021-08-15 14:03:02,494 [Datanode State Machine Thread - 0] WARN  statemachine.StateContext (StateContext.java:execute(621)) - No available thread in pool for past 0 seconds.
2021-08-15 14:03:02,564 [SCMBlockDeletingService#0] DEBUG block.SCMBlockDeletingService (SCMBlockDeletingService.java:call(133)) - Running DeletedBlockTransactionScanner
2021-08-15 14:03:02,664 [SCMBlockDeletingService#0] DEBUG block.SCMBlockDeletingService (SCMBlockDeletingService.java:call(133)) - Running DeletedBlockTransactionScanner
2021-08-15 14:03:02,765 [SCMBlockDeletingService#0] DEBUG block.SCMBlockDeletingService (SCMBlockDeletingService.java:call(133)) - Running DeletedBlockTransactionScanner
2021-08-15 14:03:02,865 [SCMBlockDeletingService#0] DEBUG block.SCMBlockDeletingService (SCMBlockDeletingService.java:call(133)) - Running DeletedBlockTransactionScanner
2021-08-15 14:03:02,869 [Datanode State Machine Thread - 0] WARN  statemachine.StateContext (StateContext.java:execute(621)) - No available thread in pool for past 0 seconds.
2021-08-15 14:03:02,870 [Datanode State Machine Thread - 0] WARN  statemachine.StateContext (StateContext.java:execute(621)) - No available thread in pool for past 0 seconds.
2021-08-15 14:03:02,870 [Datanode State Machine Thread - 0] WARN  statemachine.StateContext (StateContext.java:execute(621)) - No available thread in pool for past 0 seconds.
2021-08-15 14:03:02,965 [SCMBlockDeletingService#0] DEBUG block.SCMBlockDeletingService (SCMBlockDeletingService.java:call(133)) - Running DeletedBlockTransactionScanner
2021-08-15 14:03:03,065 [SCMBlockDeletingService#0] DEBUG block.SCMBlockDeletingService (SCMBlockDeletingService.java:call(133)) - Running DeletedBlockTransactionScanner
2021-08-15 14:03:03,166 [SCMBlockDeletingService#0] DEBUG block.SCMBlockDeletingService (SCMBlockDeletingService.java:call(133)) - Running DeletedBlockTransactionScanner
2021-08-15 14:03:03,245 [Datanode State Machine Thread - 0] WARN  statemachine.StateContext (StateContext.java:execute(621)) - No available thread in pool for past 0 seconds.
2021-08-15 14:03:03,258 [Datanode State Machine Thread - 0] WARN  statemachine.StateContext (StateContext.java:execute(621)) - No available thread in pool for past 0 seconds.
2021-08-15 14:03:03,266 [SCMBlockDeletingService#0] DEBUG block.SCMBlockDeletingService (SCMBlockDeletingService.java:call(133)) - Running DeletedBlockTransactionScanner
2021-08-15 14:03:03,287 [Datanode State Machine Thread - 0] WARN  statemachine.StateContext (StateContext.java:execute(621)) - No available thread in pool for past 0 seconds.
2021-08-15 14:03:03,367 [SCMBlockDeletingService#0] DEBUG block.SCMBlockDeletingService (SCMBlockDeletingService.java:call(133)) - Running DeletedBlockTransactionScanner
2021-08-15 14:03:03,467 [SCMBlockDeletingService#0] DEBUG block.SCMBlockDeletingService (SCMBlockDeletingService.java:call(133)) - Running DeletedBlockTransactionScanner
2021-08-15 14:03:03,567 [SCMBlockDeletingService#0] DEBUG block.SCMBlockDeletingService (SCMBlockDeletingService.java:call(133)) - Running DeletedBlockTransactionScanner
2021-08-15 14:03:03,667 [SCMBlockDeletingService#0] DEBUG block.SCMBlockDeletingService (SCMBlockDeletingService.java:call(133)) - Running DeletedBlockTransactionScanner
2021-08-15 14:03:03,767 [SCMBlockDeletingService#0] DEBUG block.SCMBlockDeletingService (SCMBlockDeletingService.java:call(133)) - Running DeletedBlockTransactionScanner
2021-08-15 14:03:03,867 [SCMBlockDeletingService#0] DEBUG block.SCMBlockDeletingService (SCMBlockDeletingService.java:call(133)) - Running DeletedBlockTransactionScanner
2021-08-15 14:03:03,967 [SCMBlockDeletingService#0] DEBUG block.SCMBlockDeletingService (SCMBlockDeletingService.java:call(133)) - Running DeletedBlockTransactionScanner
2021-08-15 14:03:04,067 [SCMBlockDeletingService#0] DEBUG block.SCMBlockDeletingService (SCMBlockDeletingService.java:call(133)) - Running DeletedBlockTransactionScanner
2021-08-15 14:03:04,167 [SCMBlockDeletingService#0] DEBUG block.SCMBlockDeletingService (SCMBlockDeletingService.java:call(133)) - Running DeletedBlockTransactionScanner
2021-08-15 14:03:04,267 [SCMBlockDeletingService#0] DEBUG block.SCMBlockDeletingService (SCMBlockDeletingService.java:call(133)) - Running DeletedBlockTransactionScanner
2021-08-15 14:03:04,367 [SCMBlockDeletingService#0] DEBUG block.SCMBlockDeletingService (SCMBlockDeletingService.java:call(133)) - Running DeletedBlockTransactionScanner
2021-08-15 14:03:04,467 [SCMBlockDeletingService#0] DEBUG block.SCMBlockDeletingService (SCMBlockDeletingService.java:call(133)) - Running DeletedBlockTransactionScanner
2021-08-15 14:03:04,567 [SCMBlockDeletingService#0] DEBUG block.SCMBlockDeletingService (SCMBlockDeletingService.java:call(133)) - Running DeletedBlockTransactionScanner
2021-08-15 14:03:04,667 [SCMBlockDeletingService#0] DEBUG block.SCMBlockDeletingService (SCMBlockDeletingService.java:call(133)) - Running DeletedBlockTransactionScanner
2021-08-15 14:03:04,767 [SCMBlockDeletingService#0] DEBUG block.SCMBlockDeletingService (SCMBlockDeletingService.java:call(133)) - Running DeletedBlockTransactionScanner
2021-08-15 14:03:04,868 [SCMBlockDeletingService#0] DEBUG block.SCMBlockDeletingService (SCMBlockDeletingService.java:call(133)) - Running DeletedBlockTransactionScanner
2021-08-15 14:03:04,968 [SCMBlockDeletingService#0] DEBUG block.SCMBlockDeletingService (SCMBlockDeletingService.java:call(133)) - Running DeletedBlockTransactionScanner
2021-08-15 14:03:05,068 [SCMBlockDeletingService#0] DEBUG block.SCMBlockDeletingService (SCMBlockDeletingService.java:call(133)) - Running DeletedBlockTransactionScanner
2021-08-15 14:03:05,168 [SCMBlockDeletingService#0] DEBUG block.SCMBlockDeletingService (SCMBlockDeletingService.java:call(133)) - Running DeletedBlockTransactionScanner
2021-08-15 14:03:05,268 [SCMBlockDeletingService#0] DEBUG block.SCMBlockDeletingService (SCMBlockDeletingService.java:call(133)) - Running DeletedBlockTransactionScanner
2021-08-15 14:03:05,368 [SCMBlockDeletingService#0] DEBUG block.SCMBlockDeletingService (SCMBlockDeletingService.java:call(133)) - Running DeletedBlockTransactionScanner
2021-08-15 14:03:05,468 [SCMBlockDeletingService#0] DEBUG block.SCMBlockDeletingService (SCMBlockDeletingService.java:call(133)) - Running DeletedBlockTransactionScanner
2021-08-15 14:03:05,569 [SCMBlockDeletingService#0] DEBUG block.SCMBlockDeletingService (SCMBlockDeletingService.java:call(133)) - Running DeletedBlockTransactionScanner
2021-08-15 14:03:05,672 [SCMBlockDeletingService#0] DEBUG block.SCMBlockDeletingService (SCMBlockDeletingService.java:call(133)) - Running DeletedBlockTransactionScanner
2021-08-15 14:03:05,773 [SCMBlockDeletingService#0] DEBUG block.SCMBlockDeletingService (SCMBlockDeletingService.java:call(133)) - Running DeletedBlockTransactionScanner
2021-08-15 14:03:05,873 [SCMBlockDeletingService#0] DEBUG block.SCMBlockDeletingService (SCMBlockDeletingService.java:call(133)) - Running DeletedBlockTransactionScanner
2021-08-15 14:03:05,973 [SCMBlockDeletingService#0] DEBUG block.SCMBlockDeletingService (SCMBlockDeletingService.java:call(133)) - Running DeletedBlockTransactionScanner
2021-08-15 14:03:06,073 [SCMBlockDeletingService#0] DEBUG block.SCMBlockDeletingService (SCMBlockDeletingService.java:call(133)) - Running DeletedBlockTransactionScanner
2021-08-15 14:03:06,173 [SCMBlockDeletingService#0] DEBUG block.SCMBlockDeletingService (SCMBlockDeletingService.java:call(133)) - Running DeletedBlockTransactionScanner
2021-08-15 14:03:06,273 [SCMBlockDeletingService#0] DEBUG block.SCMBlockDeletingService (SCMBlockDeletingService.java:call(133)) - Running DeletedBlockTransactionScanner
2021-08-15 14:03:06,375 [SCMBlockDeletingService#0] DEBUG block.SCMBlockDeletingService (SCMBlockDeletingService.java:call(133)) - Running DeletedBlockTransactionScanner
2021-08-15 14:03:06,387 [Datanode State Machine Thread - 0] WARN  statemachine.StateContext (StateContext.java:execute(621)) - No available thread in pool for past 0 seconds.
2021-08-15 14:03:06,396 [Datanode State Machine Thread - 0] WARN  statemachine.StateContext (StateContext.java:execute(621)) - No available thread in pool for past 0 seconds.
2021-08-15 14:03:06,421 [Datanode State Machine Thread - 0] WARN  statemachine.StateContext (StateContext.java:execute(621)) - No available thread in pool for past 0 seconds.
2021-08-15 14:03:06,475 [SCMBlockDeletingService#0] DEBUG block.SCMBlockDeletingService (SCMBlockDeletingService.java:call(133)) - Running DeletedBlockTransactionScanner
2021-08-15 14:03:06,575 [SCMBlockDeletingService#0] DEBUG block.SCMBlockDeletingService (SCMBlockDeletingService.java:call(133)) - Running DeletedBlockTransactionScanner
2021-08-15 14:03:06,675 [SCMBlockDeletingService#0] DEBUG block.SCMBlockDeletingService (SCMBlockDeletingService.java:call(133)) - Running DeletedBlockTransactionScanner
2021-08-15 14:03:06,775 [SCMBlockDeletingService#0] DEBUG block.SCMBlockDeletingService (SCMBlockDeletingService.java:call(133)) - Running DeletedBlockTransactionScanner
2021-08-15 14:03:06,853 [Datanode State Machine Thread - 0] WARN  statemachine.StateContext (StateContext.java:execute(621)) - No available thread in pool for past 0 seconds.
2021-08-15 14:03:06,857 [Datanode State Machine Thread - 0] WARN  statemachine.StateContext (StateContext.java:execute(621)) - No available thread in pool for past 0 seconds.
2021-08-15 14:03:06,875 [SCMBlockDeletingService#0] DEBUG block.SCMBlockDeletingService (SCMBlockDeletingService.java:call(133)) - Running DeletedBlockTransactionScanner
2021-08-15 14:03:06,880 [Datanode State Machine Thread - 0] WARN  statemachine.StateContext (StateContext.java:execute(621)) - No available thread in pool for past 0 seconds.
2021-08-15 14:03:06,975 [SCMBlockDeletingService#0] DEBUG block.SCMBlockDeletingService (SCMBlockDeletingService.java:call(133)) - Running DeletedBlockTransactionScanner
2021-08-15 14:03:07,075 [SCMBlockDeletingService#0] DEBUG block.SCMBlockDeletingService (SCMBlockDeletingService.java:call(133)) - Running DeletedBlockTransactionScanner
2021-08-15 14:03:07,175 [SCMBlockDeletingService#0] DEBUG block.SCMBlockDeletingService (SCMBlockDeletingService.java:call(133)) - Running DeletedBlockTransactionScanner
2021-08-15 14:03:07,276 [SCMBlockDeletingService#0] DEBUG block.SCMBlockDeletingService (SCMBlockDeletingService.java:call(133)) - Running DeletedBlockTransactionScanner
2021-08-15 14:03:07,376 [SCMBlockDeletingService#0] DEBUG block.SCMBlockDeletingService (SCMBlockDeletingService.java:call(133)) - Running DeletedBlockTransactionScanner
2021-08-15 14:03:07,476 [SCMBlockDeletingService#0] DEBUG block.SCMBlockDeletingService (SCMBlockDeletingService.java:call(133)) - Running DeletedBlockTransactionScanner
2021-08-15 14:03:07,576 [SCMBlockDeletingService#0] DEBUG block.SCMBlockDeletingService (SCMBlockDeletingService.java:call(133)) - Running DeletedBlockTransactionScanner
2021-08-15 14:03:07,676 [SCMBlockDeletingService#0] DEBUG block.SCMBlockDeletingService (SCMBlockDeletingService.java:call(133)) - Running DeletedBlockTransactionScanner
2021-08-15 14:03:07,776 [SCMBlockDeletingService#0] DEBUG block.SCMBlockDeletingService (SCMBlockDeletingService.java:call(133)) - Running DeletedBlockTransactionScanner
2021-08-15 14:03:07,876 [SCMBlockDeletingService#0] DEBUG block.SCMBlockDeletingService (SCMBlockDeletingService.java:call(133)) - Running DeletedBlockTransactionScanner
2021-08-15 14:03:07,976 [SCMBlockDeletingService#0] DEBUG block.SCMBlockDeletingService (SCMBlockDeletingService.java:call(133)) - Running DeletedBlockTransactionScanner
2021-08-15 14:03:08,076 [SCMBlockDeletingService#0] DEBUG block.SCMBlockDeletingService (SCMBlockDeletingService.java:call(133)) - Running DeletedBlockTransactionScanner
2021-08-15 14:03:08,176 [SCMBlockDeletingService#0] DEBUG block.SCMBlockDeletingService (SCMBlockDeletingService.java:call(133)) - Running DeletedBlockTransactionScanner
2021-08-15 14:03:08,277 [SCMBlockDeletingService#0] DEBUG block.SCMBlockDeletingService (SCMBlockDeletingService.java:call(133)) - Running DeletedBlockTransactionScanner
2021-08-15 14:03:08,377 [SCMBlockDeletingService#0] DEBUG block.SCMBlockDeletingService (SCMBlockDeletingService.java:call(133)) - Running DeletedBlockTransactionScanner
2021-08-15 14:03:08,478 [SCMBlockDeletingService#0] DEBUG block.SCMBlockDeletingService (SCMBlockDeletingService.java:call(133)) - Running DeletedBlockTransactionScanner
2021-08-15 14:03:08,578 [SCMBlockDeletingService#0] DEBUG block.SCMBlockDeletingService (SCMBlockDeletingService.java:call(133)) - Running DeletedBlockTransactionScanner
2021-08-15 14:03:08,678 [SCMBlockDeletingService#0] DEBUG block.SCMBlockDeletingService (SCMBlockDeletingService.java:call(133)) - Running DeletedBlockTransactionScanner
2021-08-15 14:03:08,778 [SCMBlockDeletingService#0] DEBUG block.SCMBlockDeletingService (SCMBlockDeletingService.java:call(133)) - Running DeletedBlockTransactionScanner
2021-08-15 14:03:08,878 [SCMBlockDeletingService#0] DEBUG block.SCMBlockDeletingService (SCMBlockDeletingService.java:call(133)) - Running DeletedBlockTransactionScanner
2021-08-15 14:03:08,978 [SCMBlockDeletingService#0] DEBUG block.SCMBlockDeletingService (SCMBlockDeletingService.java:call(133)) - Running DeletedBlockTransactionScanner
2021-08-15 14:03:09,078 [SCMBlockDeletingService#0] DEBUG block.SCMBlockDeletingService (SCMBlockDeletingService.java:call(133)) - Running DeletedBlockTransactionScanner
2021-08-15 14:03:09,178 [SCMBlockDeletingService#0] DEBUG block.SCMBlockDeletingService (SCMBlockDeletingService.java:call(133)) - Running DeletedBlockTransactionScanner
2021-08-15 14:03:09,278 [SCMBlockDeletingService#0] DEBUG block.SCMBlockDeletingService (SCMBlockDeletingService.java:call(133)) - Running DeletedBlockTransactionScanner
2021-08-15 14:03:09,379 [SCMBlockDeletingService#0] DEBUG block.SCMBlockDeletingService (SCMBlockDeletingService.java:call(133)) - Running DeletedBlockTransactionScanner
2021-08-15 14:03:09,479 [SCMBlockDeletingService#0] DEBUG block.SCMBlockDeletingService (SCMBlockDeletingService.java:call(133)) - Running DeletedBlockTransactionScanner
2021-08-15 14:03:09,579 [SCMBlockDeletingService#0] DEBUG block.SCMBlockDeletingService (SCMBlockDeletingService.java:call(133)) - Running DeletedBlockTransactionScanner
2021-08-15 14:03:09,652 [Datanode State Machine Thread - 0] WARN  statemachine.StateContext (StateContext.java:execute(621)) - No available thread in pool for past 0 seconds.
2021-08-15 14:03:09,672 [Datanode State Machine Thread - 0] WARN  statemachine.StateContext (StateContext.java:execute(621)) - No available thread in pool for past 0 seconds.
2021-08-15 14:03:09,684 [SCMBlockDeletingService#0] DEBUG block.SCMBlockDeletingService (SCMBlockDeletingService.java:call(133)) - Running DeletedBlockTransactionScanner
2021-08-15 14:03:09,721 [Datanode State Machine Thread - 0] WARN  statemachine.StateContext (StateContext.java:execute(621)) - No available thread in pool for past 0 seconds.
2021-08-15 14:03:09,784 [SCMBlockDeletingService#0] DEBUG block.SCMBlockDeletingService (SCMBlockDeletingService.java:call(133)) - Running DeletedBlockTransactionScanner
2021-08-15 14:03:09,884 [SCMBlockDeletingService#0] DEBUG block.SCMBlockDeletingService (SCMBlockDeletingService.java:call(133)) - Running DeletedBlockTransactionScanner
2021-08-15 14:03:09,984 [SCMBlockDeletingService#0] DEBUG block.SCMBlockDeletingService (SCMBlockDeletingService.java:call(133)) - Running DeletedBlockTransactionScanner
2021-08-15 14:03:10,085 [SCMBlockDeletingService#0] DEBUG block.SCMBlockDeletingService (SCMBlockDeletingService.java:call(133)) - Running DeletedBlockTransactionScanner
2021-08-15 14:03:10,088 [Datanode State Machine Thread - 0] WARN  statemachine.StateContext (StateContext.java:execute(621)) - No available thread in pool for past 0 seconds.
2021-08-15 14:03:10,089 [Datanode State Machine Thread - 0] WARN  statemachine.StateContext (StateContext.java:execute(621)) - No available thread in pool for past 0 seconds.
2021-08-15 14:03:10,090 [Datanode State Machine Thread - 0] WARN  statemachine.StateContext (StateContext.java:execute(621)) - No available thread in pool for past 0 seconds.
2021-08-15 14:03:10,185 [SCMBlockDeletingService#0] DEBUG block.SCMBlockDeletingService (SCMBlockDeletingService.java:call(133)) - Running DeletedBlockTransactionScanner
2021-08-15 14:03:10,285 [SCMBlockDeletingService#0] DEBUG block.SCMBlockDeletingService (SCMBlockDeletingService.java:call(133)) - Running DeletedBlockTransactionScanner
2021-08-15 14:03:10,385 [SCMBlockDeletingService#0] DEBUG block.SCMBlockDeletingService (SCMBlockDeletingService.java:call(133)) - Running DeletedBlockTransactionScanner
2021-08-15 14:03:10,429 [Datanode State Machine Thread - 0] WARN  statemachine.StateContext (StateContext.java:execute(621)) - No available thread in pool for past 0 seconds.
2021-08-15 14:03:10,468 [Datanode State Machine Thread - 0] WARN  statemachine.StateContext (StateContext.java:execute(621)) - No available thread in pool for past 0 seconds.
2021-08-15 14:03:10,469 [Datanode State Machine Thread - 0] WARN  statemachine.StateContext (StateContext.java:execute(621)) - No available thread in pool for past 0 seconds.
2021-08-15 14:03:10,485 [SCMBlockDeletingService#0] DEBUG block.SCMBlockDeletingService (SCMBlockDeletingService.java:call(133)) - Running DeletedBlockTransactionScanner
2021-08-15 14:03:10,585 [SCMBlockDeletingService#0] DEBUG block.SCMBlockDeletingService (SCMBlockDeletingService.java:call(133)) - Running DeletedBlockTransactionScanner
2021-08-15 14:03:10,685 [SCMBlockDeletingService#0] DEBUG block.SCMBlockDeletingService (SCMBlockDeletingService.java:call(133)) - Running DeletedBlockTransactionScanner
2021-08-15 14:03:10,785 [SCMBlockDeletingService#0] DEBUG block.SCMBlockDeletingService (SCMBlockDeletingService.java:call(133)) - Running DeletedBlockTransactionScanner
2021-08-15 14:03:10,885 [SCMBlockDeletingService#0] DEBUG block.SCMBlockDeletingService (SCMBlockDeletingService.java:call(133)) - Running DeletedBlockTransactionScanner
2021-08-15 14:03:10,985 [SCMBlockDeletingService#0] DEBUG block.SCMBlockDeletingService (SCMBlockDeletingService.java:call(133)) - Running DeletedBlockTransactionScanner
2021-08-15 14:03:11,085 [SCMBlockDeletingService#0] DEBUG block.SCMBlockDeletingService (SCMBlockDeletingService.java:call(133)) - Running DeletedBlockTransactionScanner
2021-08-15 14:03:11,102 [Datanode State Machine Thread - 0] WARN  statemachine.StateContext (StateContext.java:execute(621)) - No available thread in pool for past 0 seconds.
2021-08-15 14:03:11,107 [Datanode State Machine Thread - 0] WARN  statemachine.StateContext (StateContext.java:execute(621)) - No available thread in pool for past 0 seconds.
2021-08-15 14:03:11,107 [Datanode State Machine Thread - 0] WARN  statemachine.StateContext (StateContext.java:execute(621)) - No available thread in pool for past 0 seconds.
2021-08-15 14:03:11,185 [SCMBlockDeletingService#0] DEBUG block.SCMBlockDeletingService (SCMBlockDeletingService.java:call(133)) - Running DeletedBlockTransactionScanner
2021-08-15 14:03:11,285 [SCMBlockDeletingService#0] DEBUG block.SCMBlockDeletingService (SCMBlockDeletingService.java:call(133)) - Running DeletedBlockTransactionScanner
2021-08-15 14:03:11,386 [SCMBlockDeletingService#0] DEBUG block.SCMBlockDeletingService (SCMBlockDeletingService.java:call(133)) - Running DeletedBlockTransactionScanner
2021-08-15 14:03:11,441 [Datanode State Machine Thread - 0] WARN  statemachine.StateContext (StateContext.java:execute(621)) - No available thread in pool for past 0 seconds.
2021-08-15 14:03:11,458 [Datanode State Machine Thread - 0] WARN  statemachine.StateContext (StateContext.java:execute(621)) - No available thread in pool for past 0 seconds.
2021-08-15 14:03:11,466 [Datanode State Machine Thread - 0] WARN  statemachine.StateContext (StateContext.java:execute(621)) - No available thread in pool for past 0 seconds.
2021-08-15 14:03:11,486 [SCMBlockDeletingService#0] DEBUG block.SCMBlockDeletingService (SCMBlockDeletingService.java:call(133)) - Running DeletedBlockTransactionScanner
2021-08-15 14:03:11,586 [SCMBlockDeletingService#0] DEBUG block.SCMBlockDeletingService (SCMBlockDeletingService.java:call(133)) - Running DeletedBlockTransactionScanner
2021-08-15 14:03:11,686 [SCMBlockDeletingService#0] DEBUG block.SCMBlockDeletingService (SCMBlockDeletingService.java:call(133)) - Running DeletedBlockTransactionScanner
2021-08-15 14:03:11,786 [SCMBlockDeletingService#0] DEBUG block.SCMBlockDeletingService (SCMBlockDeletingService.java:call(133)) - Running DeletedBlockTransactionScanner
2021-08-15 14:03:11,886 [SCMBlockDeletingService#0] DEBUG block.SCMBlockDeletingService (SCMBlockDeletingService.java:call(133)) - Running DeletedBlockTransactionScanner
2021-08-15 14:03:11,986 [SCMBlockDeletingService#0] DEBUG block.SCMBlockDeletingService (SCMBlockDeletingService.java:call(133)) - Running DeletedBlockTransactionScanner
2021-08-15 14:03:12,098 [SCMBlockDeletingService#0] DEBUG block.SCMBlockDeletingService (SCMBlockDeletingService.java:call(133)) - Running DeletedBlockTransactionScanner
2021-08-15 14:03:12,198 [SCMBlockDeletingService#0] DEBUG block.SCMBlockDeletingService (SCMBlockDeletingService.java:call(133)) - Running DeletedBlockTransactionScanner
2021-08-15 14:03:12,298 [SCMBlockDeletingService#0] DEBUG block.SCMBlockDeletingService (SCMBlockDeletingService.java:call(133)) - Running DeletedBlockTransactionScanner
2021-08-15 14:03:12,399 [SCMBlockDeletingService#0] DEBUG block.SCMBlockDeletingService (SCMBlockDeletingService.java:call(133)) - Running DeletedBlockTransactionScanner
2021-08-15 14:03:12,499 [SCMBlockDeletingService#0] DEBUG block.SCMBlockDeletingService (SCMBlockDeletingService.java:call(133)) - Running DeletedBlockTransactionScanner
2021-08-15 14:03:12,600 [SCMBlockDeletingService#0] DEBUG block.SCMBlockDeletingService (SCMBlockDeletingService.java:call(133)) - Running DeletedBlockTransactionScanner
2021-08-15 14:03:12,700 [SCMBlockDeletingService#0] DEBUG block.SCMBlockDeletingService (SCMBlockDeletingService.java:call(133)) - Running DeletedBlockTransactionScanner
2021-08-15 14:03:12,800 [SCMBlockDeletingService#0] DEBUG block.SCMBlockDeletingService (SCMBlockDeletingService.java:call(133)) - Running DeletedBlockTransactionScanner
2021-08-15 14:03:12,900 [SCMBlockDeletingService#0] DEBUG block.SCMBlockDeletingService (SCMBlockDeletingService.java:call(133)) - Running DeletedBlockTransactionScanner
2021-08-15 14:03:13,000 [SCMBlockDeletingService#0] DEBUG block.SCMBlockDeletingService (SCMBlockDeletingService.java:call(133)) - Running DeletedBlockTransactionScanner
2021-08-15 14:03:13,100 [SCMBlockDeletingService#0] DEBUG block.SCMBlockDeletingService (SCMBlockDeletingService.java:call(133)) - Running DeletedBlockTransactionScanner
2021-08-15 14:03:13,200 [SCMBlockDeletingService#0] DEBUG block.SCMBlockDeletingService (SCMBlockDeletingService.java:call(133)) - Running DeletedBlockTransactionScanner
2021-08-15 14:03:13,300 [SCMBlockDeletingService#0] DEBUG block.SCMBlockDeletingService (SCMBlockDeletingService.java:call(133)) - Running DeletedBlockTransactionScanner
2021-08-15 14:03:13,401 [SCMBlockDeletingService#0] DEBUG block.SCMBlockDeletingService (SCMBlockDeletingService.java:call(133)) - Running DeletedBlockTransactionScanner
2021-08-15 14:03:13,501 [SCMBlockDeletingService#0] DEBUG block.SCMBlockDeletingService (SCMBlockDeletingService.java:call(133)) - Running DeletedBlockTransactionScanner
2021-08-15 14:03:13,601 [SCMBlockDeletingService#0] DEBUG block.SCMBlockDeletingService (SCMBlockDeletingService.java:call(133)) - Running DeletedBlockTransactionScanner
2021-08-15 14:03:13,701 [SCMBlockDeletingService#0] DEBUG block.SCMBlockDeletingService (SCMBlockDeletingService.java:call(133)) - Running DeletedBlockTransactionScanner
2021-08-15 14:03:13,801 [SCMBlockDeletingService#0] DEBUG block.SCMBlockDeletingService (SCMBlockDeletingService.java:call(133)) - Running DeletedBlockTransactionScanner
2021-08-15 14:03:13,901 [SCMBlockDeletingService#0] DEBUG block.SCMBlockDeletingService (SCMBlockDeletingService.java:call(133)) - Running DeletedBlockTransactionScanner
2021-08-15 14:03:14,001 [SCMBlockDeletingService#0] DEBUG block.SCMBlockDeletingService (SCMBlockDeletingService.java:call(133)) - Running DeletedBlockTransactionScanner
2021-08-15 14:03:14,102 [SCMBlockDeletingService#0] DEBUG block.SCMBlockDeletingService (SCMBlockDeletingService.java:call(133)) - Running DeletedBlockTransactionScanner
2021-08-15 14:03:14,203 [SCMBlockDeletingService#0] DEBUG block.SCMBlockDeletingService (SCMBlockDeletingService.java:call(133)) - Running DeletedBlockTransactionScanner
2021-08-15 14:03:14,274 [Datanode State Machine Thread - 0] WARN  statemachine.StateContext (StateContext.java:execute(621)) - No available thread in pool for past 0 seconds.
2021-08-15 14:03:14,275 [Datanode State Machine Thread - 0] WARN  statemachine.StateContext (StateContext.java:execute(621)) - No available thread in pool for past 0 seconds.
2021-08-15 14:03:14,292 [Datanode State Machine Thread - 0] WARN  statemachine.StateContext (StateContext.java:execute(621)) - No available thread in pool for past 0 seconds.
2021-08-15 14:03:14,303 [SCMBlockDeletingService#0] DEBUG block.SCMBlockDeletingService (SCMBlockDeletingService.java:call(133)) - Running DeletedBlockTransactionScanner
2021-08-15 14:03:14,403 [SCMBlockDeletingService#0] DEBUG block.SCMBlockDeletingService (SCMBlockDeletingService.java:call(133)) - Running DeletedBlockTransactionScanner
2021-08-15 14:03:14,503 [SCMBlockDeletingService#0] DEBUG block.SCMBlockDeletingService (SCMBlockDeletingService.java:call(133)) - Running DeletedBlockTransactionScanner
2021-08-15 14:03:14,596 [Datanode State Machine Thread - 0] WARN  statemachine.StateContext (StateContext.java:execute(621)) - No available thread in pool for past 0 seconds.
2021-08-15 14:03:14,604 [SCMBlockDeletingService#0] DEBUG block.SCMBlockDeletingService (SCMBlockDeletingService.java:call(133)) - Running DeletedBlockTransactionScanner
2021-08-15 14:03:14,605 [Datanode State Machine Thread - 0] WARN  statemachine.StateContext (StateContext.java:execute(621)) - No available thread in pool for past 0 seconds.
2021-08-15 14:03:14,638 [Datanode State Machine Thread - 0] WARN  statemachine.StateContext (StateContext.java:execute(621)) - No available thread in pool for past 0 seconds.
2021-08-15 14:03:14,704 [SCMBlockDeletingService#0] DEBUG block.SCMBlockDeletingService (SCMBlockDeletingService.java:call(133)) - Running DeletedBlockTransactionScanner
2021-08-15 14:03:14,804 [SCMBlockDeletingService#0] DEBUG block.SCMBlockDeletingService (SCMBlockDeletingService.java:call(133)) - Running DeletedBlockTransactionScanner
2021-08-15 14:03:14,904 [SCMBlockDeletingService#0] DEBUG block.SCMBlockDeletingService (SCMBlockDeletingService.java:call(133)) - Running DeletedBlockTransactionScanner
2021-08-15 14:03:15,004 [SCMBlockDeletingService#0] DEBUG block.SCMBlockDeletingService (SCMBlockDeletingService.java:call(133)) - Running DeletedBlockTransactionScanner
2021-08-15 14:03:15,101 [Datanode State Machine Thread - 0] WARN  statemachine.StateContext (StateContext.java:execute(621)) - No available thread in pool for past 0 seconds.
2021-08-15 14:03:15,102 [Datanode State Machine Thread - 0] WARN  statemachine.StateContext (StateContext.java:execute(621)) - No available thread in pool for past 0 seconds.
2021-08-15 14:03:15,106 [SCMBlockDeletingService#0] DEBUG block.SCMBlockDeletingService (SCMBlockDeletingService.java:call(133)) - Running DeletedBlockTransactionScanner
2021-08-15 14:03:15,107 [Datanode State Machine Thread - 0] WARN  statemachine.StateContext (StateContext.java:execute(621)) - No available thread in pool for past 0 seconds.
2021-08-15 14:03:15,206 [SCMBlockDeletingService#0] DEBUG block.SCMBlockDeletingService (SCMBlockDeletingService.java:call(133)) - Running DeletedBlockTransactionScanner
2021-08-15 14:03:15,307 [SCMBlockDeletingService#0] DEBUG block.SCMBlockDeletingService (SCMBlockDeletingService.java:call(133)) - Running DeletedBlockTransactionScanner
2021-08-15 14:03:15,407 [SCMBlockDeletingService#0] DEBUG block.SCMBlockDeletingService (SCMBlockDeletingService.java:call(133)) - Running DeletedBlockTransactionScanner
2021-08-15 14:03:15,507 [SCMBlockDeletingService#0] DEBUG block.SCMBlockDeletingService (SCMBlockDeletingService.java:call(133)) - Running DeletedBlockTransactionScanner
2021-08-15 14:03:15,607 [SCMBlockDeletingService#0] DEBUG block.SCMBlockDeletingService (SCMBlockDeletingService.java:call(133)) - Running DeletedBlockTransactionScanner
2021-08-15 14:03:15,707 [SCMBlockDeletingService#0] DEBUG block.SCMBlockDeletingService (SCMBlockDeletingService.java:call(133)) - Running DeletedBlockTransactionScanner
2021-08-15 14:03:15,807 [SCMBlockDeletingService#0] DEBUG block.SCMBlockDeletingService (SCMBlockDeletingService.java:call(133)) - Running DeletedBlockTransactionScanner
2021-08-15 14:03:15,907 [SCMBlockDeletingService#0] DEBUG block.SCMBlockDeletingService (SCMBlockDeletingService.java:call(133)) - Running DeletedBlockTransactionScanner
2021-08-15 14:03:16,007 [SCMBlockDeletingService#0] DEBUG block.SCMBlockDeletingService (SCMBlockDeletingService.java:call(133)) - Running DeletedBlockTransactionScanner
2021-08-15 14:03:16,107 [SCMBlockDeletingService#0] DEBUG block.SCMBlockDeletingService (SCMBlockDeletingService.java:call(133)) - Running DeletedBlockTransactionScanner
2021-08-15 14:03:16,207 [SCMBlockDeletingService#0] DEBUG block.SCMBlockDeletingService (SCMBlockDeletingService.java:call(133)) - Running DeletedBlockTransactionScanner
2021-08-15 14:03:16,307 [SCMBlockDeletingService#0] DEBUG block.SCMBlockDeletingService (SCMBlockDeletingService.java:call(133)) - Running DeletedBlockTransactionScanner
2021-08-15 14:03:16,407 [SCMBlockDeletingService#0] DEBUG block.SCMBlockDeletingService (SCMBlockDeletingService.java:call(133)) - Running DeletedBlockTransactionScanner
2021-08-15 14:03:16,507 [SCMBlockDeletingService#0] DEBUG block.SCMBlockDeletingService (SCMBlockDeletingService.java:call(133)) - Running DeletedBlockTransactionScanner
2021-08-15 14:03:16,607 [SCMBlockDeletingService#0] DEBUG block.SCMBlockDeletingService (SCMBlockDeletingService.java:call(133)) - Running DeletedBlockTransactionScanner
2021-08-15 14:03:16,707 [SCMBlockDeletingService#0] DEBUG block.SCMBlockDeletingService (SCMBlockDeletingService.java:call(133)) - Running DeletedBlockTransactionScanner
2021-08-15 14:03:16,808 [SCMBlockDeletingService#0] DEBUG block.SCMBlockDeletingService (SCMBlockDeletingService.java:call(133)) - Running DeletedBlockTransactionScanner
2021-08-15 14:03:16,908 [SCMBlockDeletingService#0] DEBUG block.SCMBlockDeletingService (SCMBlockDeletingService.java:call(133)) - Running DeletedBlockTransactionScanner
2021-08-15 14:03:17,012 [SCMBlockDeletingService#0] DEBUG block.SCMBlockDeletingService (SCMBlockDeletingService.java:call(133)) - Running DeletedBlockTransactionScanner
2021-08-15 14:03:17,112 [SCMBlockDeletingService#0] DEBUG block.SCMBlockDeletingService (SCMBlockDeletingService.java:call(133)) - Running DeletedBlockTransactionScanner
2021-08-15 14:03:17,212 [SCMBlockDeletingService#0] DEBUG block.SCMBlockDeletingService (SCMBlockDeletingService.java:call(133)) - Running DeletedBlockTransactionScanner
2021-08-15 14:03:17,312 [SCMBlockDeletingService#0] DEBUG block.SCMBlockDeletingService (SCMBlockDeletingService.java:call(133)) - Running DeletedBlockTransactionScanner
2021-08-15 14:03:17,414 [SCMBlockDeletingService#0] DEBUG block.SCMBlockDeletingService (SCMBlockDeletingService.java:call(133)) - Running DeletedBlockTransactionScanner
2021-08-15 14:03:17,514 [SCMBlockDeletingService#0] DEBUG block.SCMBlockDeletingService (SCMBlockDeletingService.java:call(133)) - Running DeletedBlockTransactionScanner
2021-08-15 14:03:17,614 [SCMBlockDeletingService#0] DEBUG block.SCMBlockDeletingService (SCMBlockDeletingService.java:call(133)) - Running DeletedBlockTransactionScanner
2021-08-15 14:03:17,714 [SCMBlockDeletingService#0] DEBUG block.SCMBlockDeletingService (SCMBlockDeletingService.java:call(133)) - Running DeletedBlockTransactionScanner
2021-08-15 14:03:17,816 [SCMBlockDeletingService#0] DEBUG block.SCMBlockDeletingService (SCMBlockDeletingService.java:call(133)) - Running DeletedBlockTransactionScanner
2021-08-15 14:03:17,876 [Datanode State Machine Thread - 0] WARN  statemachine.StateContext (StateContext.java:execute(621)) - No available thread in pool for past 0 seconds.
2021-08-15 14:03:17,886 [Datanode State Machine Thread - 0] WARN  statemachine.StateContext (StateContext.java:execute(621)) - No available thread in pool for past 0 seconds.
2021-08-15 14:03:17,891 [Datanode State Machine Thread - 0] WARN  statemachine.StateContext (StateContext.java:execute(621)) - No available thread in pool for past 0 seconds.
2021-08-15 14:03:17,917 [SCMBlockDeletingService#0] DEBUG block.SCMBlockDeletingService (SCMBlockDeletingService.java:call(133)) - Running DeletedBlockTransactionScanner
2021-08-15 14:03:18,017 [SCMBlockDeletingService#0] DEBUG block.SCMBlockDeletingService (SCMBlockDeletingService.java:call(133)) - Running DeletedBlockTransactionScanner
2021-08-15 14:03:18,117 [SCMBlockDeletingService#0] DEBUG block.SCMBlockDeletingService (SCMBlockDeletingService.java:call(133)) - Running DeletedBlockTransactionScanner
2021-08-15 14:03:18,217 [SCMBlockDeletingService#0] DEBUG block.SCMBlockDeletingService (SCMBlockDeletingService.java:call(133)) - Running DeletedBlockTransactionScanner
2021-08-15 14:03:18,317 [SCMBlockDeletingService#0] DEBUG block.SCMBlockDeletingService (SCMBlockDeletingService.java:call(133)) - Running DeletedBlockTransactionScanner
2021-08-15 14:03:18,377 [Datanode State Machine Thread - 0] WARN  statemachine.StateContext (StateContext.java:execute(621)) - No available thread in pool for past 0 seconds.
2021-08-15 14:03:18,378 [Datanode State Machine Thread - 0] WARN  statemachine.StateContext (StateContext.java:execute(621)) - No available thread in pool for past 0 seconds.
2021-08-15 14:03:18,385 [Datanode State Machine Thread - 0] WARN  statemachine.StateContext (StateContext.java:execute(621)) - No available thread in pool for past 0 seconds.
2021-08-15 14:03:18,417 [SCMBlockDeletingService#0] DEBUG block.SCMBlockDeletingService (SCMBlockDeletingService.java:call(133)) - Running DeletedBlockTransactionScanner
2021-08-15 14:03:18,519 [SCMBlockDeletingService#0] DEBUG block.SCMBlockDeletingService (SCMBlockDeletingService.java:call(133)) - Running DeletedBlockTransactionScanner
2021-08-15 14:03:18,619 [SCMBlockDeletingService#0] DEBUG block.SCMBlockDeletingService (SCMBlockDeletingService.java:call(133)) - Running DeletedBlockTransactionScanner
2021-08-15 14:03:18,697 [Datanode State Machine Thread - 0] WARN  statemachine.StateContext (StateContext.java:execute(621)) - No available thread in pool for past 0 seconds.
2021-08-15 14:03:18,704 [Datanode State Machine Thread - 0] WARN  statemachine.StateContext (StateContext.java:execute(621)) - No available thread in pool for past 0 seconds.
2021-08-15 14:03:18,719 [SCMBlockDeletingService#0] DEBUG block.SCMBlockDeletingService (SCMBlockDeletingService.java:call(133)) - Running DeletedBlockTransactionScanner
2021-08-15 14:03:18,745 [Datanode State Machine Thread - 0] WARN  statemachine.StateContext (StateContext.java:execute(621)) - No available thread in pool for past 0 seconds.
2021-08-15 14:03:18,819 [SCMBlockDeletingService#0] DEBUG block.SCMBlockDeletingService (SCMBlockDeletingService.java:call(133)) - Running DeletedBlockTransactionScanner
2021-08-15 14:03:18,919 [SCMBlockDeletingService#0] DEBUG block.SCMBlockDeletingService (SCMBlockDeletingService.java:call(133)) - Running DeletedBlockTransactionScanner
2021-08-15 14:03:19,019 [SCMBlockDeletingService#0] DEBUG block.SCMBlockDeletingService (SCMBlockDeletingService.java:call(133)) - Running DeletedBlockTransactionScanner
2021-08-15 14:03:19,119 [SCMBlockDeletingService#0] DEBUG block.SCMBlockDeletingService (SCMBlockDeletingService.java:call(133)) - Running DeletedBlockTransactionScanner
2021-08-15 14:03:19,219 [SCMBlockDeletingService#0] DEBUG block.SCMBlockDeletingService (SCMBlockDeletingService.java:call(133)) - Running DeletedBlockTransactionScanner
2021-08-15 14:03:19,319 [SCMBlockDeletingService#0] DEBUG block.SCMBlockDeletingService (SCMBlockDeletingService.java:call(133)) - Running DeletedBlockTransactionScanner
2021-08-15 14:03:19,419 [SCMBlockDeletingService#0] DEBUG block.SCMBlockDeletingService (SCMBlockDeletingService.java:call(133)) - Running DeletedBlockTransactionScanner
2021-08-15 14:03:19,520 [SCMBlockDeletingService#0] DEBUG block.SCMBlockDeletingService (SCMBlockDeletingService.java:call(133)) - Running DeletedBlockTransactionScanner
2021-08-15 14:03:19,620 [SCMBlockDeletingService#0] DEBUG block.SCMBlockDeletingService (SCMBlockDeletingService.java:call(133)) - Running DeletedBlockTransactionScanner
2021-08-15 14:03:19,720 [SCMBlockDeletingService#0] DEBUG block.SCMBlockDeletingService (SCMBlockDeletingService.java:call(133)) - Running DeletedBlockTransactionScanner
2021-08-15 14:03:19,820 [SCMBlockDeletingService#0] DEBUG block.SCMBlockDeletingService (SCMBlockDeletingService.java:call(133)) - Running DeletedBlockTransactionScanner
2021-08-15 14:03:19,920 [SCMBlockDeletingService#0] DEBUG block.SCMBlockDeletingService (SCMBlockDeletingService.java:call(133)) - Running DeletedBlockTransactionScanner
2021-08-15 14:03:20,020 [SCMBlockDeletingService#0] DEBUG block.SCMBlockDeletingService (SCMBlockDeletingService.java:call(133)) - Running DeletedBlockTransactionScanner
2021-08-15 14:03:20,120 [SCMBlockDeletingService#0] DEBUG block.SCMBlockDeletingService (SCMBlockDeletingService.java:call(133)) - Running DeletedBlockTransactionScanner
2021-08-15 14:03:20,220 [SCMBlockDeletingService#0] DEBUG block.SCMBlockDeletingService (SCMBlockDeletingService.java:call(133)) - Running DeletedBlockTransactionScanner
2021-08-15 14:03:20,320 [SCMBlockDeletingService#0] DEBUG block.SCMBlockDeletingService (SCMBlockDeletingService.java:call(133)) - Running DeletedBlockTransactionScanner
2021-08-15 14:03:20,421 [SCMBlockDeletingService#0] DEBUG block.SCMBlockDeletingService (SCMBlockDeletingService.java:call(133)) - Running DeletedBlockTransactionScanner
2021-08-15 14:03:20,521 [SCMBlockDeletingService#0] DEBUG block.SCMBlockDeletingService (SCMBlockDeletingService.java:call(133)) - Running DeletedBlockTransactionScanner
2021-08-15 14:03:20,621 [SCMBlockDeletingService#0] DEBUG block.SCMBlockDeletingService (SCMBlockDeletingService.java:call(133)) - Running DeletedBlockTransactionScanner
2021-08-15 14:03:20,721 [SCMBlockDeletingService#0] DEBUG block.SCMBlockDeletingService (SCMBlockDeletingService.java:call(133)) - Running DeletedBlockTransactionScanner
2021-08-15 14:03:20,821 [SCMBlockDeletingService#0] DEBUG block.SCMBlockDeletingService (SCMBlockDeletingService.java:call(133)) - Running DeletedBlockTransactionScanner
2021-08-15 14:03:20,922 [SCMBlockDeletingService#0] DEBUG block.SCMBlockDeletingService (SCMBlockDeletingService.java:call(133)) - Running DeletedBlockTransactionScanner
2021-08-15 14:03:21,022 [SCMBlockDeletingService#0] DEBUG block.SCMBlockDeletingService (SCMBlockDeletingService.java:call(133)) - Running DeletedBlockTransactionScanner
2021-08-15 14:03:21,122 [SCMBlockDeletingService#0] DEBUG block.SCMBlockDeletingService (SCMBlockDeletingService.java:call(133)) - Running DeletedBlockTransactionScanner
2021-08-15 14:03:21,222 [SCMBlockDeletingService#0] DEBUG block.SCMBlockDeletingService (SCMBlockDeletingService.java:call(133)) - Running DeletedBlockTransactionScanner
2021-08-15 14:03:21,322 [SCMBlockDeletingService#0] DEBUG block.SCMBlockDeletingService (SCMBlockDeletingService.java:call(133)) - Running DeletedBlockTransactionScanner
2021-08-15 14:03:21,422 [SCMBlockDeletingService#0] DEBUG block.SCMBlockDeletingService (SCMBlockDeletingService.java:call(133)) - Running DeletedBlockTransactionScanner
2021-08-15 14:03:21,523 [SCMBlockDeletingService#0] DEBUG block.SCMBlockDeletingService (SCMBlockDeletingService.java:call(133)) - Running DeletedBlockTransactionScanner
2021-08-15 14:03:21,525 [Datanode State Machine Thread - 0] WARN  statemachine.StateContext (StateContext.java:execute(621)) - No available thread in pool for past 0 seconds.
2021-08-15 14:03:21,527 [Datanode State Machine Thread - 0] WARN  statemachine.StateContext (StateContext.java:execute(621)) - No available thread in pool for past 0 seconds.
2021-08-15 14:03:21,528 [Datanode State Machine Thread - 0] WARN  statemachine.StateContext (StateContext.java:execute(621)) - No available thread in pool for past 0 seconds.
2021-08-15 14:03:21,623 [SCMBlockDeletingService#0] DEBUG block.SCMBlockDeletingService (SCMBlockDeletingService.java:call(133)) - Running DeletedBlockTransactionScanner
2021-08-15 14:03:21,723 [SCMBlockDeletingService#0] DEBUG block.SCMBlockDeletingService (SCMBlockDeletingService.java:call(133)) - Running DeletedBlockTransactionScanner
2021-08-15 14:03:21,823 [SCMBlockDeletingService#0] DEBUG block.SCMBlockDeletingService (SCMBlockDeletingService.java:call(133)) - Running DeletedBlockTransactionScanner
2021-08-15 14:03:21,843 [Datanode State Machine Thread - 0] WARN  statemachine.StateContext (StateContext.java:execute(621)) - No available thread in pool for past 0 seconds.
2021-08-15 14:03:21,848 [Datanode State Machine Thread - 0] WARN  statemachine.StateContext (StateContext.java:execute(621)) - No available thread in pool for past 0 seconds.
2021-08-15 14:03:21,848 [Datanode State Machine Thread - 0] WARN  statemachine.StateContext (StateContext.java:execute(621)) - No available thread in pool for past 0 seconds.
2021-08-15 14:03:21,928 [SCMBlockDeletingService#0] DEBUG block.SCMBlockDeletingService (SCMBlockDeletingService.java:call(133)) - Running DeletedBlockTransactionScanner
2021-08-15 14:03:22,028 [SCMBlockDeletingService#0] DEBUG block.SCMBlockDeletingService (SCMBlockDeletingService.java:call(133)) - Running DeletedBlockTransactionScanner
2021-08-15 14:03:22,128 [SCMBlockDeletingService#0] DEBUG block.SCMBlockDeletingService (SCMBlockDeletingService.java:call(133)) - Running DeletedBlockTransactionScanner
2021-08-15 14:03:22,228 [SCMBlockDeletingService#0] DEBUG block.SCMBlockDeletingService (SCMBlockDeletingService.java:call(133)) - Running DeletedBlockTransactionScanner
2021-08-15 14:03:22,253 [Datanode State Machine Thread - 0] WARN  statemachine.StateContext (StateContext.java:execute(621)) - No available thread in pool for past 0 seconds.
2021-08-15 14:03:22,253 [Datanode State Machine Thread - 0] WARN  statemachine.StateContext (StateContext.java:execute(621)) - No available thread in pool for past 0 seconds.
2021-08-15 14:03:22,329 [SCMBlockDeletingService#0] DEBUG block.SCMBlockDeletingService (SCMBlockDeletingService.java:call(133)) - Running DeletedBlockTransactionScanner
2021-08-15 14:03:22,430 [SCMBlockDeletingService#0] DEBUG block.SCMBlockDeletingService (SCMBlockDeletingService.java:call(133)) - Running DeletedBlockTransactionScanner
2021-08-15 14:03:22,530 [SCMBlockDeletingService#0] DEBUG block.SCMBlockDeletingService (SCMBlockDeletingService.java:call(133)) - Running DeletedBlockTransactionScanner
2021-08-15 14:03:22,611 [Datanode State Machine Thread - 0] WARN  statemachine.StateContext (StateContext.java:execute(621)) - No available thread in pool for past 0 seconds.
2021-08-15 14:03:22,614 [Datanode State Machine Thread - 0] WARN  statemachine.StateContext (StateContext.java:execute(621)) - No available thread in pool for past 0 seconds.
2021-08-15 14:03:22,630 [SCMBlockDeletingService#0] DEBUG block.SCMBlockDeletingService (SCMBlockDeletingService.java:call(133)) - Running DeletedBlockTransactionScanner
2021-08-15 14:03:22,632 [Datanode State Machine Thread - 0] WARN  statemachine.StateContext (StateContext.java:execute(621)) - No available thread in pool for past 0 seconds.
2021-08-15 14:03:22,730 [SCMBlockDeletingService#0] DEBUG block.SCMBlockDeletingService (SCMBlockDeletingService.java:call(133)) - Running DeletedBlockTransactionScanner
2021-08-15 14:03:22,834 [SCMBlockDeletingService#0] DEBUG block.SCMBlockDeletingService (SCMBlockDeletingService.java:call(133)) - Running DeletedBlockTransactionScanner
2021-08-15 14:03:22,835 [IPC Server handler 5 on default port 41071] INFO  ha.SequenceIdGenerator (SequenceIdGenerator.java:getNextId(127)) - Allocate a batch for delTxnId, change lastId from 0 to 1000.
2021-08-15 14:03:22,934 [SCMBlockDeletingService#0] DEBUG block.SCMBlockDeletingService (SCMBlockDeletingService.java:call(133)) - Running DeletedBlockTransactionScanner
2021-08-15 14:03:23,034 [SCMBlockDeletingService#0] DEBUG block.SCMBlockDeletingService (SCMBlockDeletingService.java:call(133)) - Running DeletedBlockTransactionScanner
2021-08-15 14:03:23,134 [SCMBlockDeletingService#0] DEBUG block.SCMBlockDeletingService (SCMBlockDeletingService.java:call(133)) - Running DeletedBlockTransactionScanner
2021-08-15 14:03:23,234 [SCMBlockDeletingService#0] DEBUG block.SCMBlockDeletingService (SCMBlockDeletingService.java:call(133)) - Running DeletedBlockTransactionScanner
2021-08-15 14:03:23,334 [SCMBlockDeletingService#0] DEBUG block.SCMBlockDeletingService (SCMBlockDeletingService.java:call(133)) - Running DeletedBlockTransactionScanner
2021-08-15 14:03:23,434 [SCMBlockDeletingService#0] DEBUG block.SCMBlockDeletingService (SCMBlockDeletingService.java:call(133)) - Running DeletedBlockTransactionScanner
2021-08-15 14:03:23,534 [SCMBlockDeletingService#0] DEBUG block.SCMBlockDeletingService (SCMBlockDeletingService.java:call(133)) - Running DeletedBlockTransactionScanner
2021-08-15 14:03:23,635 [SCMBlockDeletingService#0] DEBUG block.SCMBlockDeletingService (SCMBlockDeletingService.java:call(133)) - Running DeletedBlockTransactionScanner
2021-08-15 14:03:23,735 [SCMBlockDeletingService#0] DEBUG block.SCMBlockDeletingService (SCMBlockDeletingService.java:call(133)) - Running DeletedBlockTransactionScanner
2021-08-15 14:03:23,836 [SCMBlockDeletingService#0] DEBUG block.SCMBlockDeletingService (SCMBlockDeletingService.java:call(133)) - Running DeletedBlockTransactionScanner
2021-08-15 14:03:23,936 [SCMBlockDeletingService#0] DEBUG block.SCMBlockDeletingService (SCMBlockDeletingService.java:call(133)) - Running DeletedBlockTransactionScanner
2021-08-15 14:03:24,036 [SCMBlockDeletingService#0] DEBUG block.SCMBlockDeletingService (SCMBlockDeletingService.java:call(133)) - Running DeletedBlockTransactionScanner
2021-08-15 14:03:24,136 [SCMBlockDeletingService#0] DEBUG block.SCMBlockDeletingService (SCMBlockDeletingService.java:call(133)) - Running DeletedBlockTransactionScanner
2021-08-15 14:03:24,236 [SCMBlockDeletingService#0] DEBUG block.SCMBlockDeletingService (SCMBlockDeletingService.java:call(133)) - Running DeletedBlockTransactionScanner
2021-08-15 14:03:24,336 [SCMBlockDeletingService#0] DEBUG block.SCMBlockDeletingService (SCMBlockDeletingService.java:call(133)) - Running DeletedBlockTransactionScanner
2021-08-15 14:03:24,436 [SCMBlockDeletingService#0] DEBUG block.SCMBlockDeletingService (SCMBlockDeletingService.java:call(133)) - Running DeletedBlockTransactionScanner
2021-08-15 14:03:24,536 [SCMBlockDeletingService#0] DEBUG block.SCMBlockDeletingService (SCMBlockDeletingService.java:call(133)) - Running DeletedBlockTransactionScanner
2021-08-15 14:03:24,636 [SCMBlockDeletingService#0] DEBUG block.SCMBlockDeletingService (SCMBlockDeletingService.java:call(133)) - Running DeletedBlockTransactionScanner
2021-08-15 14:03:24,736 [SCMBlockDeletingService#0] DEBUG block.SCMBlockDeletingService (SCMBlockDeletingService.java:call(133)) - Running DeletedBlockTransactionScanner
2021-08-15 14:03:24,836 [SCMBlockDeletingService#0] DEBUG block.SCMBlockDeletingService (SCMBlockDeletingService.java:call(133)) - Running DeletedBlockTransactionScanner
2021-08-15 14:03:24,939 [SCMBlockDeletingService#0] DEBUG block.SCMBlockDeletingService (SCMBlockDeletingService.java:call(133)) - Running DeletedBlockTransactionScanner
2021-08-15 14:03:25,039 [SCMBlockDeletingService#0] DEBUG block.SCMBlockDeletingService (SCMBlockDeletingService.java:call(133)) - Running DeletedBlockTransactionScanner
2021-08-15 14:03:25,139 [SCMBlockDeletingService#0] DEBUG block.SCMBlockDeletingService (SCMBlockDeletingService.java:call(133)) - Running DeletedBlockTransactionScanner
2021-08-15 14:03:25,239 [SCMBlockDeletingService#0] DEBUG block.SCMBlockDeletingService (SCMBlockDeletingService.java:call(133)) - Running DeletedBlockTransactionScanner
2021-08-15 14:03:25,339 [SCMBlockDeletingService#0] DEBUG block.SCMBlockDeletingService (SCMBlockDeletingService.java:call(133)) - Running DeletedBlockTransactionScanner
2021-08-15 14:03:25,439 [SCMBlockDeletingService#0] DEBUG block.SCMBlockDeletingService (SCMBlockDeletingService.java:call(133)) - Running DeletedBlockTransactionScanner
2021-08-15 14:03:25,539 [SCMBlockDeletingService#0] DEBUG block.SCMBlockDeletingService (SCMBlockDeletingService.java:call(133)) - Running DeletedBlockTransactionScanner
2021-08-15 14:03:25,640 [SCMBlockDeletingService#0] DEBUG block.SCMBlockDeletingService (SCMBlockDeletingService.java:call(133)) - Running DeletedBlockTransactionScanner
2021-08-15 14:03:25,740 [SCMBlockDeletingService#0] DEBUG block.SCMBlockDeletingService (SCMBlockDeletingService.java:call(133)) - Running DeletedBlockTransactionScanner
2021-08-15 14:03:25,840 [SCMBlockDeletingService#0] DEBUG block.SCMBlockDeletingService (SCMBlockDeletingService.java:call(133)) - Running DeletedBlockTransactionScanner
2021-08-15 14:03:25,940 [SCMBlockDeletingService#0] DEBUG block.SCMBlockDeletingService (SCMBlockDeletingService.java:call(133)) - Running DeletedBlockTransactionScanner
2021-08-15 14:03:26,042 [SCMBlockDeletingService#0] DEBUG block.SCMBlockDeletingService (SCMBlockDeletingService.java:call(133)) - Running DeletedBlockTransactionScanner
2021-08-15 14:03:26,142 [SCMBlockDeletingService#0] DEBUG block.SCMBlockDeletingService (SCMBlockDeletingService.java:call(133)) - Running DeletedBlockTransactionScanner
2021-08-15 14:03:26,242 [SCMBlockDeletingService#0] DEBUG block.SCMBlockDeletingService (SCMBlockDeletingService.java:call(133)) - Running DeletedBlockTransactionScanner
2021-08-15 14:03:26,342 [SCMBlockDeletingService#0] DEBUG block.SCMBlockDeletingService (SCMBlockDeletingService.java:call(133)) - Running DeletedBlockTransactionScanner
2021-08-15 14:03:26,442 [SCMBlockDeletingService#0] DEBUG block.SCMBlockDeletingService (SCMBlockDeletingService.java:call(133)) - Running DeletedBlockTransactionScanner
2021-08-15 14:03:26,542 [SCMBlockDeletingService#0] DEBUG block.SCMBlockDeletingService (SCMBlockDeletingService.java:call(133)) - Running DeletedBlockTransactionScanner
2021-08-15 14:03:26,642 [SCMBlockDeletingService#0] DEBUG block.SCMBlockDeletingService (SCMBlockDeletingService.java:call(133)) - Running DeletedBlockTransactionScanner
2021-08-15 14:03:26,742 [SCMBlockDeletingService#0] DEBUG block.SCMBlockDeletingService (SCMBlockDeletingService.java:call(133)) - Running DeletedBlockTransactionScanner
2021-08-15 14:03:26,842 [SCMBlockDeletingService#0] DEBUG block.SCMBlockDeletingService (SCMBlockDeletingService.java:call(133)) - Running DeletedBlockTransactionScanner
2021-08-15 14:03:26,942 [SCMBlockDeletingService#0] DEBUG block.SCMBlockDeletingService (SCMBlockDeletingService.java:call(133)) - Running DeletedBlockTransactionScanner
2021-08-15 14:03:27,042 [SCMBlockDeletingService#0] DEBUG block.SCMBlockDeletingService (SCMBlockDeletingService.java:call(133)) - Running DeletedBlockTransactionScanner
2021-08-15 14:03:27,142 [SCMBlockDeletingService#0] DEBUG block.SCMBlockDeletingService (SCMBlockDeletingService.java:call(133)) - Running DeletedBlockTransactionScanner
2021-08-15 14:03:27,242 [SCMBlockDeletingService#0] DEBUG block.SCMBlockDeletingService (SCMBlockDeletingService.java:call(133)) - Running DeletedBlockTransactionScanner
2021-08-15 14:03:27,343 [SCMBlockDeletingService#0] DEBUG block.SCMBlockDeletingService (SCMBlockDeletingService.java:call(133)) - Running DeletedBlockTransactionScanner
2021-08-15 14:03:27,443 [SCMBlockDeletingService#0] DEBUG block.SCMBlockDeletingService (SCMBlockDeletingService.java:call(133)) - Running DeletedBlockTransactionScanner
2021-08-15 14:03:27,543 [SCMBlockDeletingService#0] DEBUG block.SCMBlockDeletingService (SCMBlockDeletingService.java:call(133)) - Running DeletedBlockTransactionScanner
2021-08-15 14:03:27,643 [SCMBlockDeletingService#0] DEBUG block.SCMBlockDeletingService (SCMBlockDeletingService.java:call(133)) - Running DeletedBlockTransactionScanner
2021-08-15 14:03:27,737 [EventQueue-CloseContainerForCloseContainerEventHandler] INFO  container.CloseContainerEventHandler (CloseContainerEventHandler.java:onMessage(69)) - Close container Event triggered for container : #1
2021-08-15 14:03:27,737 [EventQueue-CloseContainerForCloseContainerEventHandler] INFO  container.CloseContainerEventHandler (CloseContainerEventHandler.java:onMessage(69)) - Close container Event triggered for container : #2
2021-08-15 14:03:27,738 [EventQueue-CloseContainerForCloseContainerEventHandler] INFO  container.CloseContainerEventHandler (CloseContainerEventHandler.java:onMessage(69)) - Close container Event triggered for container : #3
2021-08-15 14:03:27,738 [EventQueue-CloseContainerForCloseContainerEventHandler] INFO  container.CloseContainerEventHandler (CloseContainerEventHandler.java:onMessage(69)) - Close container Event triggered for container : #4
2021-08-15 14:03:27,738 [EventQueue-CloseContainerForCloseContainerEventHandler] INFO  container.CloseContainerEventHandler (CloseContainerEventHandler.java:onMessage(69)) - Close container Event triggered for container : #5
2021-08-15 14:03:27,738 [EventQueue-CloseContainerForCloseContainerEventHandler] INFO  container.CloseContainerEventHandler (CloseContainerEventHandler.java:onMessage(69)) - Close container Event triggered for container : #6
2021-08-15 14:03:27,739 [EventQueue-CloseContainerForCloseContainerEventHandler] INFO  container.CloseContainerEventHandler (CloseContainerEventHandler.java:onMessage(69)) - Close container Event triggered for container : #7
2021-08-15 14:03:27,739 [EventQueue-CloseContainerForCloseContainerEventHandler] INFO  container.CloseContainerEventHandler (CloseContainerEventHandler.java:onMessage(69)) - Close container Event triggered for container : #8
2021-08-15 14:03:27,739 [EventQueue-CloseContainerForCloseContainerEventHandler] INFO  container.CloseContainerEventHandler (CloseContainerEventHandler.java:onMessage(69)) - Close container Event triggered for container : #9
2021-08-15 14:03:27,739 [EventQueue-CloseContainerForCloseContainerEventHandler] INFO  container.CloseContainerEventHandler (CloseContainerEventHandler.java:onMessage(69)) - Close container Event triggered for container : #10
2021-08-15 14:03:27,739 [EventQueue-CloseContainerForCloseContainerEventHandler] INFO  container.CloseContainerEventHandler (CloseContainerEventHandler.java:onMessage(69)) - Close container Event triggered for container : #11
2021-08-15 14:03:27,740 [EventQueue-CloseContainerForCloseContainerEventHandler] INFO  container.CloseContainerEventHandler (CloseContainerEventHandler.java:onMessage(69)) - Close container Event triggered for container : #12
2021-08-15 14:03:27,740 [EventQueue-CloseContainerForCloseContainerEventHandler] INFO  container.CloseContainerEventHandler (CloseContainerEventHandler.java:onMessage(69)) - Close container Event triggered for container : #13
2021-08-15 14:03:27,740 [EventQueue-CloseContainerForCloseContainerEventHandler] INFO  container.CloseContainerEventHandler (CloseContainerEventHandler.java:onMessage(69)) - Close container Event triggered for container : #14
2021-08-15 14:03:27,740 [EventQueue-CloseContainerForCloseContainerEventHandler] INFO  container.CloseContainerEventHandler (CloseContainerEventHandler.java:onMessage(69)) - Close container Event triggered for container : #15
2021-08-15 14:03:27,740 [EventQueue-CloseContainerForCloseContainerEventHandler] INFO  container.CloseContainerEventHandler (CloseContainerEventHandler.java:onMessage(69)) - Close container Event triggered for container : #16
2021-08-15 14:03:27,740 [EventQueue-CloseContainerForCloseContainerEventHandler] INFO  container.CloseContainerEventHandler (CloseContainerEventHandler.java:onMessage(69)) - Close container Event triggered for container : #17
2021-08-15 14:03:27,741 [EventQueue-CloseContainerForCloseContainerEventHandler] INFO  container.CloseContainerEventHandler (CloseContainerEventHandler.java:onMessage(69)) - Close container Event triggered for container : #18
2021-08-15 14:03:27,741 [EventQueue-CloseContainerForCloseContainerEventHandler] INFO  container.CloseContainerEventHandler (CloseContainerEventHandler.java:onMessage(69)) - Close container Event triggered for container : #19
2021-08-15 14:03:27,741 [EventQueue-CloseContainerForCloseContainerEventHandler] INFO  container.CloseContainerEventHandler (CloseContainerEventHandler.java:onMessage(69)) - Close container Event triggered for container : #20
2021-08-15 14:03:27,741 [EventQueue-CloseContainerForCloseContainerEventHandler] INFO  container.CloseContainerEventHandler (CloseContainerEventHandler.java:onMessage(69)) - Close container Event triggered for container : #21
2021-08-15 14:03:27,741 [EventQueue-CloseContainerForCloseContainerEventHandler] INFO  container.CloseContainerEventHandler (CloseContainerEventHandler.java:onMessage(69)) - Close container Event triggered for container : #22
2021-08-15 14:03:27,741 [EventQueue-CloseContainerForCloseContainerEventHandler] INFO  container.CloseContainerEventHandler (CloseContainerEventHandler.java:onMessage(69)) - Close container Event triggered for container : #23
2021-08-15 14:03:27,741 [EventQueue-CloseContainerForCloseContainerEventHandler] INFO  container.CloseContainerEventHandler (CloseContainerEventHandler.java:onMessage(69)) - Close container Event triggered for container : #24
2021-08-15 14:03:27,742 [EventQueue-CloseContainerForCloseContainerEventHandler] INFO  container.CloseContainerEventHandler (CloseContainerEventHandler.java:onMessage(69)) - Close container Event triggered for container : #25
2021-08-15 14:03:27,742 [EventQueue-CloseContainerForCloseContainerEventHandler] INFO  container.CloseContainerEventHandler (CloseContainerEventHandler.java:onMessage(69)) - Close container Event triggered for container : #26
2021-08-15 14:03:27,742 [EventQueue-CloseContainerForCloseContainerEventHandler] INFO  container.CloseContainerEventHandler (CloseContainerEventHandler.java:onMessage(69)) - Close container Event triggered for container : #27
2021-08-15 14:03:27,742 [EventQueue-CloseContainerForCloseContainerEventHandler] INFO  container.CloseContainerEventHandler (CloseContainerEventHandler.java:onMessage(69)) - Close container Event triggered for container : #28
2021-08-15 14:03:27,742 [EventQueue-CloseContainerForCloseContainerEventHandler] INFO  container.CloseContainerEventHandler (CloseContainerEventHandler.java:onMessage(69)) - Close container Event triggered for container : #29
2021-08-15 14:03:27,743 [EventQueue-CloseContainerForCloseContainerEventHandler] INFO  container.CloseContainerEventHandler (CloseContainerEventHandler.java:onMessage(69)) - Close container Event triggered for container : #30
2021-08-15 14:03:27,743 [EventQueue-CloseContainerForCloseContainerEventHandler] INFO  container.CloseContainerEventHandler (CloseContainerEventHandler.java:onMessage(69)) - Close container Event triggered for container : #31
2021-08-15 14:03:27,743 [SCMBlockDeletingService#0] DEBUG block.SCMBlockDeletingService (SCMBlockDeletingService.java:call(133)) - Running DeletedBlockTransactionScanner
2021-08-15 14:03:27,743 [EventQueue-CloseContainerForCloseContainerEventHandler] INFO  container.CloseContainerEventHandler (CloseContainerEventHandler.java:onMessage(69)) - Close container Event triggered for container : #32
2021-08-15 14:03:27,743 [EventQueue-CloseContainerForCloseContainerEventHandler] INFO  container.CloseContainerEventHandler (CloseContainerEventHandler.java:onMessage(69)) - Close container Event triggered for container : #33
2021-08-15 14:03:27,743 [EventQueue-CloseContainerForCloseContainerEventHandler] INFO  container.CloseContainerEventHandler (CloseContainerEventHandler.java:onMessage(69)) - Close container Event triggered for container : #34
2021-08-15 14:03:27,743 [EventQueue-CloseContainerForCloseContainerEventHandler] INFO  container.CloseContainerEventHandler (CloseContainerEventHandler.java:onMessage(69)) - Close container Event triggered for container : #35
2021-08-15 14:03:27,743 [EventQueue-CloseContainerForCloseContainerEventHandler] INFO  container.CloseContainerEventHandler (CloseContainerEventHandler.java:onMessage(69)) - Close container Event triggered for container : #36
2021-08-15 14:03:27,744 [EventQueue-CloseContainerForCloseContainerEventHandler] INFO  container.CloseContainerEventHandler (CloseContainerEventHandler.java:onMessage(69)) - Close container Event triggered for container : #37
2021-08-15 14:03:27,744 [EventQueue-CloseContainerForCloseContainerEventHandler] INFO  container.CloseContainerEventHandler (CloseContainerEventHandler.java:onMessage(69)) - Close container Event triggered for container : #38
2021-08-15 14:03:27,744 [EventQueue-CloseContainerForCloseContainerEventHandler] INFO  container.CloseContainerEventHandler (CloseContainerEventHandler.java:onMessage(69)) - Close container Event triggered for container : #39
2021-08-15 14:03:27,744 [EventQueue-CloseContainerForCloseContainerEventHandler] INFO  container.CloseContainerEventHandler (CloseContainerEventHandler.java:onMessage(69)) - Close container Event triggered for container : #40
2021-08-15 14:03:27,744 [EventQueue-CloseContainerForCloseContainerEventHandler] INFO  container.CloseContainerEventHandler (CloseContainerEventHandler.java:onMessage(69)) - Close container Event triggered for container : #41
2021-08-15 14:03:27,745 [EventQueue-CloseContainerForCloseContainerEventHandler] INFO  container.CloseContainerEventHandler (CloseContainerEventHandler.java:onMessage(69)) - Close container Event triggered for container : #42
2021-08-15 14:03:27,745 [EventQueue-CloseContainerForCloseContainerEventHandler] INFO  container.CloseContainerEventHandler (CloseContainerEventHandler.java:onMessage(69)) - Close container Event triggered for container : #43
2021-08-15 14:03:27,745 [EventQueue-CloseContainerForCloseContainerEventHandler] INFO  container.CloseContainerEventHandler (CloseContainerEventHandler.java:onMessage(69)) - Close container Event triggered for container : #44
2021-08-15 14:03:27,745 [EventQueue-CloseContainerForCloseContainerEventHandler] INFO  container.CloseContainerEventHandler (CloseContainerEventHandler.java:onMessage(69)) - Close container Event triggered for container : #45
2021-08-15 14:03:27,745 [EventQueue-CloseContainerForCloseContainerEventHandler] INFO  container.CloseContainerEventHandler (CloseContainerEventHandler.java:onMessage(69)) - Close container Event triggered for container : #46
2021-08-15 14:03:27,745 [EventQueue-CloseContainerForCloseContainerEventHandler] INFO  container.CloseContainerEventHandler (CloseContainerEventHandler.java:onMessage(69)) - Close container Event triggered for container : #47
2021-08-15 14:03:27,746 [EventQueue-CloseContainerForCloseContainerEventHandler] INFO  container.CloseContainerEventHandler (CloseContainerEventHandler.java:onMessage(69)) - Close container Event triggered for container : #48
2021-08-15 14:03:27,746 [EventQueue-CloseContainerForCloseContainerEventHandler] INFO  container.CloseContainerEventHandler (CloseContainerEventHandler.java:onMessage(69)) - Close container Event triggered for container : #49
2021-08-15 14:03:27,746 [EventQueue-CloseContainerForCloseContainerEventHandler] INFO  container.CloseContainerEventHandler (CloseContainerEventHandler.java:onMessage(69)) - Close container Event triggered for container : #50
2021-08-15 14:03:27,746 [EventQueue-CloseContainerForCloseContainerEventHandler] INFO  container.CloseContainerEventHandler (CloseContainerEventHandler.java:onMessage(69)) - Close container Event triggered for container : #51
2021-08-15 14:03:27,746 [EventQueue-CloseContainerForCloseContainerEventHandler] INFO  container.CloseContainerEventHandler (CloseContainerEventHandler.java:onMessage(69)) - Close container Event triggered for container : #52
2021-08-15 14:03:27,746 [EventQueue-CloseContainerForCloseContainerEventHandler] INFO  container.CloseContainerEventHandler (CloseContainerEventHandler.java:onMessage(69)) - Close container Event triggered for container : #53
2021-08-15 14:03:27,747 [EventQueue-CloseContainerForCloseContainerEventHandler] INFO  container.CloseContainerEventHandler (CloseContainerEventHandler.java:onMessage(69)) - Close container Event triggered for container : #54
2021-08-15 14:03:27,747 [EventQueue-CloseContainerForCloseContainerEventHandler] INFO  container.CloseContainerEventHandler (CloseContainerEventHandler.java:onMessage(69)) - Close container Event triggered for container : #55
2021-08-15 14:03:27,747 [EventQueue-CloseContainerForCloseContainerEventHandler] INFO  container.CloseContainerEventHandler (CloseContainerEventHandler.java:onMessage(69)) - Close container Event triggered for container : #56
2021-08-15 14:03:27,843 [SCMBlockDeletingService#0] DEBUG block.SCMBlockDeletingService (SCMBlockDeletingService.java:call(133)) - Running DeletedBlockTransactionScanner
2021-08-15 14:03:27,948 [SCMBlockDeletingService#0] DEBUG block.SCMBlockDeletingService (SCMBlockDeletingService.java:call(133)) - Running DeletedBlockTransactionScanner
2021-08-15 14:03:28,048 [SCMBlockDeletingService#0] DEBUG block.SCMBlockDeletingService (SCMBlockDeletingService.java:call(133)) - Running DeletedBlockTransactionScanner
2021-08-15 14:03:28,053 [Datanode State Machine Thread - 0] WARN  statemachine.StateContext (StateContext.java:execute(621)) - No available thread in pool for past 0 seconds.
2021-08-15 14:03:28,054 [Datanode State Machine Thread - 0] WARN  statemachine.StateContext (StateContext.java:execute(621)) - No available thread in pool for past 0 seconds.
2021-08-15 14:03:28,072 [Datanode State Machine Thread - 0] WARN  statemachine.StateContext (StateContext.java:execute(621)) - No available thread in pool for past 0 seconds.
2021-08-15 14:03:28,075 [pool-465-thread-1] INFO  keyvalue.KeyValueContainer (KeyValueContainer.java:flushAndSyncDB(397)) - Container 1 is synced with bcsId 17.
2021-08-15 14:03:28,075 [pool-465-thread-1] INFO  keyvalue.KeyValueContainer (KeyValueContainer.java:flushAndSyncDB(397)) - Container 1 is synced with bcsId 17.
2021-08-15 14:03:28,078 [pool-465-thread-1] INFO  keyvalue.KeyValueContainer (KeyValueContainer.java:close(334)) - Container 1 is closed with bcsId 17.
2021-08-15 14:03:28,080 [Datanode State Machine Thread - 0] WARN  statemachine.StateContext (StateContext.java:execute(621)) - No available thread in pool for past 0 seconds.
2021-08-15 14:03:28,080 [Datanode State Machine Thread - 0] WARN  statemachine.StateContext (StateContext.java:execute(621)) - No available thread in pool for past 0 seconds.
2021-08-15 14:03:28,081 [EventQueue-IncrementalContainerReportForIncrementalContainerReportHandler] INFO  container.IncrementalContainerReportHandler (AbstractContainerReportHandler.java:updateContainerState(223)) - Moving container #1 to CLOSED state, datanode c2c40a72-a699-49b1-b721-1997d9d2c71f{ip: 10.1.0.17, host: fv-az184-677.3ow45vhwbzuu5incsxmygykede.cx.internal.cloudapp.net, ports: [REPLICATION=40199, RATIS=43041, RATIS_ADMIN=43041, RATIS_SERVER=43041, STANDALONE=37757], networkLocation: /default-rack, certSerialId: null, persistedOpState: IN_SERVICE, persistedOpStateExpiryEpochSec: 0} reported CLOSED replica.
2021-08-15 14:03:28,094 [Datanode State Machine Thread - 0] WARN  statemachine.StateContext (StateContext.java:execute(621)) - No available thread in pool for past 0 seconds.
2021-08-15 14:03:28,094 [Datanode State Machine Thread - 0] WARN  statemachine.StateContext (StateContext.java:execute(621)) - No available thread in pool for past 0 seconds.
2021-08-15 14:03:28,113 [pool-467-thread-7] INFO  keyvalue.KeyValueContainer (KeyValueContainer.java:flushAndSyncDB(397)) - Container 1 is synced with bcsId 17.
2021-08-15 14:03:28,112 [Datanode State Machine Thread - 0] WARN  statemachine.StateContext (StateContext.java:execute(621)) - No available thread in pool for past 0 seconds.
2021-08-15 14:03:28,107 [pool-466-thread-2] INFO  keyvalue.KeyValueContainer (KeyValueContainer.java:flushAndSyncDB(397)) - Container 1 is synced with bcsId 17.
2021-08-15 14:03:28,126 [pool-466-thread-2] INFO  keyvalue.KeyValueContainer (KeyValueContainer.java:flushAndSyncDB(397)) - Container 1 is synced with bcsId 17.
2021-08-15 14:03:28,121 [pool-467-thread-7] INFO  keyvalue.KeyValueContainer (KeyValueContainer.java:flushAndSyncDB(397)) - Container 1 is synced with bcsId 17.
2021-08-15 14:03:28,127 [pool-465-thread-2] INFO  keyvalue.KeyValueContainer (KeyValueContainer.java:flushAndSyncDB(397)) - Container 2 is synced with bcsId 35.
2021-08-15 14:03:28,127 [pool-465-thread-2] INFO  keyvalue.KeyValueContainer (KeyValueContainer.java:flushAndSyncDB(397)) - Container 2 is synced with bcsId 35.
2021-08-15 14:03:28,128 [pool-467-thread-7] INFO  keyvalue.KeyValueContainer (KeyValueContainer.java:close(334)) - Container 1 is closed with bcsId 17.
2021-08-15 14:03:28,128 [pool-466-thread-2] INFO  keyvalue.KeyValueContainer (KeyValueContainer.java:close(334)) - Container 1 is closed with bcsId 17.
2021-08-15 14:03:28,129 [pool-465-thread-2] INFO  keyvalue.KeyValueContainer (KeyValueContainer.java:close(334)) - Container 2 is closed with bcsId 35.
2021-08-15 14:03:28,140 [pool-466-thread-10] INFO  keyvalue.KeyValueContainer (KeyValueContainer.java:flushAndSyncDB(397)) - Container 2 is synced with bcsId 35.
2021-08-15 14:03:28,140 [pool-466-thread-10] INFO  keyvalue.KeyValueContainer (KeyValueContainer.java:flushAndSyncDB(397)) - Container 2 is synced with bcsId 35.
2021-08-15 14:03:28,142 [Datanode State Machine Thread - 0] WARN  statemachine.StateContext (StateContext.java:execute(621)) - No available thread in pool for past 0 seconds.
2021-08-15 14:03:28,142 [pool-466-thread-10] INFO  keyvalue.KeyValueContainer (KeyValueContainer.java:close(334)) - Container 2 is closed with bcsId 35.
2021-08-15 14:03:28,143 [EventQueue-IncrementalContainerReportForIncrementalContainerReportHandler] INFO  container.IncrementalContainerReportHandler (AbstractContainerReportHandler.java:updateContainerState(223)) - Moving container #2 to CLOSED state, datanode 0475d2c2-d46f-403e-95a5-8ff1a5c32338{ip: 10.1.0.17, host: fv-az184-677.3ow45vhwbzuu5incsxmygykede.cx.internal.cloudapp.net, ports: [REPLICATION=41483, RATIS=42163, RATIS_ADMIN=42163, RATIS_SERVER=42163, STANDALONE=38065], networkLocation: /default-rack, certSerialId: null, persistedOpState: IN_SERVICE, persistedOpStateExpiryEpochSec: 0} reported CLOSED replica.
2021-08-15 14:03:28,148 [SCMBlockDeletingService#0] DEBUG block.SCMBlockDeletingService (SCMBlockDeletingService.java:call(133)) - Running DeletedBlockTransactionScanner
2021-08-15 14:03:28,148 [SCMBlockDeletingService#0] DEBUG block.SCMBlockDeletingService (DatanodeDeletedBlockTransactions.java:addTransactionToDN(50)) - Transaction added: 0475d2c2-d46f-403e-95a5-8ff1a5c32338 <- TX(1)
2021-08-15 14:03:28,148 [SCMBlockDeletingService#0] DEBUG block.SCMBlockDeletingService (DatanodeDeletedBlockTransactions.java:addTransactionToDN(50)) - Transaction added: f89ecde1-abfa-4530-92e2-4a065b7725ea <- TX(1)
2021-08-15 14:03:28,148 [SCMBlockDeletingService#0] DEBUG block.SCMBlockDeletingService (DatanodeDeletedBlockTransactions.java:addTransactionToDN(50)) - Transaction added: c2c40a72-a699-49b1-b721-1997d9d2c71f <- TX(1)
2021-08-15 14:03:28,148 [SCMBlockDeletingService#0] DEBUG block.SCMBlockDeletingService (DatanodeDeletedBlockTransactions.java:addTransactionToDN(50)) - Transaction added: 0475d2c2-d46f-403e-95a5-8ff1a5c32338 <- TX(2)
2021-08-15 14:03:28,148 [SCMBlockDeletingService#0] DEBUG block.SCMBlockDeletingService (DatanodeDeletedBlockTransactions.java:addTransactionToDN(50)) - Transaction added: c2c40a72-a699-49b1-b721-1997d9d2c71f <- TX(2)
2021-08-15 14:03:28,148 [SCMBlockDeletingService#0] DEBUG block.SCMBlockDeletingService (DatanodeDeletedBlockTransactions.java:addTransactionToDN(50)) - Transaction added: f89ecde1-abfa-4530-92e2-4a065b7725ea <- TX(2)
2021-08-15 14:03:28,148 [SCMBlockDeletingService#0] DEBUG block.SCMBlockDeletingService (SCMBlockDeletingService.java:call(164)) - Added delete block command for datanode c2c40a72-a699-49b1-b721-1997d9d2c71f in the queue, number of delete block transactions: 2
2021-08-15 14:03:28,148 [SCMBlockDeletingService#0] DEBUG block.SCMBlockDeletingService (SCMBlockDeletingService.java:call(164)) - Added delete block command for datanode 0475d2c2-d46f-403e-95a5-8ff1a5c32338 in the queue, number of delete block transactions: 2
2021-08-15 14:03:28,148 [SCMBlockDeletingService#0] DEBUG block.SCMBlockDeletingService (SCMBlockDeletingService.java:call(164)) - Added delete block command for datanode f89ecde1-abfa-4530-92e2-4a065b7725ea in the queue, number of delete block transactions: 2
2021-08-15 14:03:28,148 [SCMBlockDeletingService#0] INFO  block.SCMBlockDeletingService (SCMBlockDeletingService.java:call(174)) - Totally added 6 blocks to be deleted for 3 datanodes, task elapsed time: 1ms
2021-08-15 14:03:28,151 [Datanode State Machine Thread - 0] WARN  statemachine.StateContext (StateContext.java:execute(621)) - No available thread in pool for past 0 seconds.
2021-08-15 14:03:28,157 [Datanode State Machine Thread - 0] WARN  statemachine.StateContext (StateContext.java:execute(621)) - No available thread in pool for past 0 seconds.
2021-08-15 14:03:28,157 [Datanode State Machine Thread - 0] WARN  statemachine.StateContext (StateContext.java:execute(621)) - No available thread in pool for past 0 seconds.
2021-08-15 14:03:28,162 [pool-467-thread-6] INFO  keyvalue.KeyValueContainer (KeyValueContainer.java:flushAndSyncDB(397)) - Container 2 is synced with bcsId 35.
2021-08-15 14:03:28,162 [pool-467-thread-6] INFO  keyvalue.KeyValueContainer (KeyValueContainer.java:flushAndSyncDB(397)) - Container 2 is synced with bcsId 35.
2021-08-15 14:03:28,162 [pool-465-thread-9] INFO  keyvalue.KeyValueContainer (KeyValueContainer.java:flushAndSyncDB(397)) - Container 3 is synced with bcsId 52.
2021-08-15 14:03:28,163 [pool-465-thread-9] INFO  keyvalue.KeyValueContainer (KeyValueContainer.java:flushAndSyncDB(397)) - Container 3 is synced with bcsId 52.
2021-08-15 14:03:28,165 [pool-465-thread-9] INFO  keyvalue.KeyValueContainer (KeyValueContainer.java:close(334)) - Container 3 is closed with bcsId 52.
2021-08-15 14:03:28,165 [pool-467-thread-6] INFO  keyvalue.KeyValueContainer (KeyValueContainer.java:close(334)) - Container 2 is closed with bcsId 35.
2021-08-15 14:03:28,206 [Datanode State Machine Thread - 0] WARN  statemachine.StateContext (StateContext.java:execute(621)) - No available thread in pool for past 0 seconds.
2021-08-15 14:03:28,208 [Datanode State Machine Thread - 0] WARN  statemachine.StateContext (StateContext.java:execute(621)) - No available thread in pool for past 0 seconds.
2021-08-15 14:03:28,209 [Datanode State Machine Thread - 0] WARN  statemachine.StateContext (StateContext.java:execute(621)) - No available thread in pool for past 0 seconds.
2021-08-15 14:03:28,210 [EventQueue-IncrementalContainerReportForIncrementalContainerReportHandler] INFO  container.IncrementalContainerReportHandler (AbstractContainerReportHandler.java:updateContainerState(223)) - Moving container #3 to CLOSED state, datanode c2c40a72-a699-49b1-b721-1997d9d2c71f{ip: 10.1.0.17, host: fv-az184-677.3ow45vhwbzuu5incsxmygykede.cx.internal.cloudapp.net, ports: [REPLICATION=40199, RATIS=43041, RATIS_ADMIN=43041, RATIS_SERVER=43041, STANDALONE=37757], networkLocation: /default-rack, certSerialId: null, persistedOpState: IN_SERVICE, persistedOpStateExpiryEpochSec: 0} reported CLOSED replica.
2021-08-15 14:03:28,219 [Datanode State Machine Thread - 0] WARN  statemachine.StateContext (StateContext.java:execute(621)) - No available thread in pool for past 0 seconds.
2021-08-15 14:03:28,220 [Datanode State Machine Thread - 0] WARN  statemachine.StateContext (StateContext.java:execute(621)) - No available thread in pool for past 0 seconds.
2021-08-15 14:03:28,236 [pool-467-thread-9] INFO  keyvalue.KeyValueContainer (KeyValueContainer.java:flushAndSyncDB(397)) - Container 3 is synced with bcsId 52.
2021-08-15 14:03:28,236 [pool-467-thread-9] INFO  keyvalue.KeyValueContainer (KeyValueContainer.java:flushAndSyncDB(397)) - Container 3 is synced with bcsId 52.
2021-08-15 14:03:28,239 [pool-466-thread-4] INFO  keyvalue.KeyValueContainer (KeyValueContainer.java:flushAndSyncDB(397)) - Container 3 is synced with bcsId 52.
2021-08-15 14:03:28,239 [pool-466-thread-4] INFO  keyvalue.KeyValueContainer (KeyValueContainer.java:flushAndSyncDB(397)) - Container 3 is synced with bcsId 52.
2021-08-15 14:03:28,240 [pool-467-thread-9] INFO  keyvalue.KeyValueContainer (KeyValueContainer.java:close(334)) - Container 3 is closed with bcsId 52.
2021-08-15 14:03:28,248 [pool-466-thread-4] INFO  keyvalue.KeyValueContainer (KeyValueContainer.java:close(334)) - Container 3 is closed with bcsId 52.
2021-08-15 14:03:28,248 [SCMBlockDeletingService#0] DEBUG block.SCMBlockDeletingService (SCMBlockDeletingService.java:call(133)) - Running DeletedBlockTransactionScanner
2021-08-15 14:03:28,248 [SCMBlockDeletingService#0] DEBUG block.SCMBlockDeletingService (DatanodeDeletedBlockTransactions.java:addTransactionToDN(50)) - Transaction added: 0475d2c2-d46f-403e-95a5-8ff1a5c32338 <- TX(1)
2021-08-15 14:03:28,248 [SCMBlockDeletingService#0] DEBUG block.SCMBlockDeletingService (DatanodeDeletedBlockTransactions.java:addTransactionToDN(50)) - Transaction added: f89ecde1-abfa-4530-92e2-4a065b7725ea <- TX(1)
2021-08-15 14:03:28,248 [SCMBlockDeletingService#0] DEBUG block.SCMBlockDeletingService (DatanodeDeletedBlockTransactions.java:addTransactionToDN(50)) - Transaction added: c2c40a72-a699-49b1-b721-1997d9d2c71f <- TX(1)
2021-08-15 14:03:28,248 [SCMBlockDeletingService#0] DEBUG block.SCMBlockDeletingService (DatanodeDeletedBlockTransactions.java:addTransactionToDN(50)) - Transaction added: 0475d2c2-d46f-403e-95a5-8ff1a5c32338 <- TX(2)
2021-08-15 14:03:28,248 [SCMBlockDeletingService#0] DEBUG block.SCMBlockDeletingService (DatanodeDeletedBlockTransactions.java:addTransactionToDN(50)) - Transaction added: c2c40a72-a699-49b1-b721-1997d9d2c71f <- TX(2)
2021-08-15 14:03:28,248 [SCMBlockDeletingService#0] DEBUG block.SCMBlockDeletingService (DatanodeDeletedBlockTransactions.java:addTransactionToDN(50)) - Transaction added: f89ecde1-abfa-4530-92e2-4a065b7725ea <- TX(2)
2021-08-15 14:03:28,248 [SCMBlockDeletingService#0] DEBUG block.SCMBlockDeletingService (DatanodeDeletedBlockTransactions.java:addTransactionToDN(50)) - Transaction added: 0475d2c2-d46f-403e-95a5-8ff1a5c32338 <- TX(3)
2021-08-15 14:03:28,248 [SCMBlockDeletingService#0] DEBUG block.SCMBlockDeletingService (DatanodeDeletedBlockTransactions.java:addTransactionToDN(50)) - Transaction added: c2c40a72-a699-49b1-b721-1997d9d2c71f <- TX(3)
2021-08-15 14:03:28,248 [SCMBlockDeletingService#0] DEBUG block.SCMBlockDeletingService (DatanodeDeletedBlockTransactions.java:addTransactionToDN(50)) - Transaction added: f89ecde1-abfa-4530-92e2-4a065b7725ea <- TX(3)
2021-08-15 14:03:28,248 [Datanode State Machine Thread - 0] WARN  statemachine.StateContext (StateContext.java:execute(621)) - No available thread in pool for past 0 seconds.
2021-08-15 14:03:28,248 [SCMBlockDeletingService#0] DEBUG block.SCMBlockDeletingService (SCMBlockDeletingService.java:call(164)) - Added delete block command for datanode c2c40a72-a699-49b1-b721-1997d9d2c71f in the queue, number of delete block transactions: 3
2021-08-15 14:03:28,249 [SCMBlockDeletingService#0] DEBUG block.SCMBlockDeletingService (SCMBlockDeletingService.java:call(164)) - Added delete block command for datanode 0475d2c2-d46f-403e-95a5-8ff1a5c32338 in the queue, number of delete block transactions: 3
2021-08-15 14:03:28,249 [SCMBlockDeletingService#0] DEBUG block.SCMBlockDeletingService (SCMBlockDeletingService.java:call(164)) - Added delete block command for datanode f89ecde1-abfa-4530-92e2-4a065b7725ea in the queue, number of delete block transactions: 3
2021-08-15 14:03:28,249 [SCMBlockDeletingService#0] INFO  block.SCMBlockDeletingService (SCMBlockDeletingService.java:call(174)) - Totally added 9 blocks to be deleted for 3 datanodes, task elapsed time: 1ms
2021-08-15 14:03:28,250 [Datanode State Machine Thread - 0] WARN  statemachine.StateContext (StateContext.java:execute(621)) - No available thread in pool for past 0 seconds.
2021-08-15 14:03:28,251 [Datanode State Machine Thread - 0] WARN  statemachine.StateContext (StateContext.java:execute(621)) - No available thread in pool for past 0 seconds.
2021-08-15 14:03:28,251 [Datanode State Machine Thread - 0] WARN  statemachine.StateContext (StateContext.java:execute(621)) - No available thread in pool for past 0 seconds.
2021-08-15 14:03:28,253 [pool-465-thread-10] INFO  keyvalue.KeyValueContainer (KeyValueContainer.java:flushAndSyncDB(397)) - Container 4 is synced with bcsId 67.
2021-08-15 14:03:28,254 [pool-465-thread-10] INFO  keyvalue.KeyValueContainer (KeyValueContainer.java:flushAndSyncDB(397)) - Container 4 is synced with bcsId 67.
2021-08-15 14:03:28,256 [pool-465-thread-10] INFO  keyvalue.KeyValueContainer (KeyValueContainer.java:close(334)) - Container 4 is closed with bcsId 67.
2021-08-15 14:03:28,268 [Datanode State Machine Thread - 0] WARN  statemachine.StateContext (StateContext.java:execute(621)) - No available thread in pool for past 0 seconds.
2021-08-15 14:03:28,269 [Datanode State Machine Thread - 0] WARN  statemachine.StateContext (StateContext.java:execute(621)) - No available thread in pool for past 0 seconds.
2021-08-15 14:03:28,270 [Datanode State Machine Thread - 0] WARN  statemachine.StateContext (StateContext.java:execute(621)) - No available thread in pool for past 0 seconds.
2021-08-15 14:03:28,271 [Datanode State Machine Thread - 0] WARN  statemachine.StateContext (StateContext.java:execute(621)) - No available thread in pool for past 0 seconds.
2021-08-15 14:03:28,272 [pool-466-thread-5] INFO  keyvalue.KeyValueContainer (KeyValueContainer.java:flushAndSyncDB(397)) - Container 4 is synced with bcsId 67.
2021-08-15 14:03:28,273 [pool-466-thread-5] INFO  keyvalue.KeyValueContainer (KeyValueContainer.java:flushAndSyncDB(397)) - Container 4 is synced with bcsId 67.
2021-08-15 14:03:28,275 [EventQueue-IncrementalContainerReportForIncrementalContainerReportHandler] INFO  container.IncrementalContainerReportHandler (AbstractContainerReportHandler.java:updateContainerState(223)) - Moving container #4 to CLOSED state, datanode c2c40a72-a699-49b1-b721-1997d9d2c71f{ip: 10.1.0.17, host: fv-az184-677.3ow45vhwbzuu5incsxmygykede.cx.internal.cloudapp.net, ports: [REPLICATION=40199, RATIS=43041, RATIS_ADMIN=43041, RATIS_SERVER=43041, STANDALONE=37757], networkLocation: /default-rack, certSerialId: null, persistedOpState: IN_SERVICE, persistedOpStateExpiryEpochSec: 0} reported CLOSED replica.
2021-08-15 14:03:28,275 [pool-466-thread-5] INFO  keyvalue.KeyValueContainer (KeyValueContainer.java:close(334)) - Container 4 is closed with bcsId 67.
2021-08-15 14:03:28,278 [pool-467-thread-4] INFO  keyvalue.KeyValueContainer (KeyValueContainer.java:flushAndSyncDB(397)) - Container 4 is synced with bcsId 67.
2021-08-15 14:03:28,338 [pool-467-thread-4] INFO  keyvalue.KeyValueContainer (KeyValueContainer.java:flushAndSyncDB(397)) - Container 4 is synced with bcsId 67.
2021-08-15 14:03:28,330 [pool-465-thread-5] INFO  keyvalue.KeyValueContainer (KeyValueContainer.java:flushAndSyncDB(397)) - Container 5 is synced with bcsId 83.
2021-08-15 14:03:28,338 [pool-465-thread-5] INFO  keyvalue.KeyValueContainer (KeyValueContainer.java:flushAndSyncDB(397)) - Container 5 is synced with bcsId 83.
2021-08-15 14:03:28,329 [Datanode State Machine Thread - 0] WARN  statemachine.StateContext (StateContext.java:execute(621)) - No available thread in pool for past 0 seconds.
2021-08-15 14:03:28,306 [Datanode State Machine Thread - 0] WARN  statemachine.StateContext (StateContext.java:execute(621)) - No available thread in pool for past 0 seconds.
2021-08-15 14:03:28,343 [pool-467-thread-4] INFO  keyvalue.KeyValueContainer (KeyValueContainer.java:close(334)) - Container 4 is closed with bcsId 67.
2021-08-15 14:03:28,344 [pool-465-thread-5] INFO  keyvalue.KeyValueContainer (KeyValueContainer.java:close(334)) - Container 5 is closed with bcsId 83.
2021-08-15 14:03:28,348 [SCMBlockDeletingService#0] DEBUG block.SCMBlockDeletingService (SCMBlockDeletingService.java:call(133)) - Running DeletedBlockTransactionScanner
2021-08-15 14:03:28,348 [SCMBlockDeletingService#0] DEBUG block.SCMBlockDeletingService (DatanodeDeletedBlockTransactions.java:addTransactionToDN(50)) - Transaction added: 0475d2c2-d46f-403e-95a5-8ff1a5c32338 <- TX(1)
2021-08-15 14:03:28,348 [SCMBlockDeletingService#0] DEBUG block.SCMBlockDeletingService (DatanodeDeletedBlockTransactions.java:addTransactionToDN(50)) - Transaction added: f89ecde1-abfa-4530-92e2-4a065b7725ea <- TX(1)
2021-08-15 14:03:28,348 [SCMBlockDeletingService#0] DEBUG block.SCMBlockDeletingService (DatanodeDeletedBlockTransactions.java:addTransactionToDN(50)) - Transaction added: c2c40a72-a699-49b1-b721-1997d9d2c71f <- TX(1)
2021-08-15 14:03:28,348 [SCMBlockDeletingService#0] DEBUG block.SCMBlockDeletingService (DatanodeDeletedBlockTransactions.java:addTransactionToDN(50)) - Transaction added: 0475d2c2-d46f-403e-95a5-8ff1a5c32338 <- TX(2)
2021-08-15 14:03:28,348 [SCMBlockDeletingService#0] DEBUG block.SCMBlockDeletingService (DatanodeDeletedBlockTransactions.java:addTransactionToDN(50)) - Transaction added: c2c40a72-a699-49b1-b721-1997d9d2c71f <- TX(2)
2021-08-15 14:03:28,348 [SCMBlockDeletingService#0] DEBUG block.SCMBlockDeletingService (DatanodeDeletedBlockTransactions.java:addTransactionToDN(50)) - Transaction added: f89ecde1-abfa-4530-92e2-4a065b7725ea <- TX(2)
2021-08-15 14:03:28,348 [SCMBlockDeletingService#0] DEBUG block.SCMBlockDeletingService (DatanodeDeletedBlockTransactions.java:addTransactionToDN(50)) - Transaction added: 0475d2c2-d46f-403e-95a5-8ff1a5c32338 <- TX(3)
2021-08-15 14:03:28,348 [SCMBlockDeletingService#0] DEBUG block.SCMBlockDeletingService (DatanodeDeletedBlockTransactions.java:addTransactionToDN(50)) - Transaction added: c2c40a72-a699-49b1-b721-1997d9d2c71f <- TX(3)
2021-08-15 14:03:28,348 [SCMBlockDeletingService#0] DEBUG block.SCMBlockDeletingService (DatanodeDeletedBlockTransactions.java:addTransactionToDN(50)) - Transaction added: f89ecde1-abfa-4530-92e2-4a065b7725ea <- TX(3)
2021-08-15 14:03:28,348 [SCMBlockDeletingService#0] DEBUG block.SCMBlockDeletingService (DatanodeDeletedBlockTransactions.java:addTransactionToDN(50)) - Transaction added: f89ecde1-abfa-4530-92e2-4a065b7725ea <- TX(4)
2021-08-15 14:03:28,348 [SCMBlockDeletingService#0] DEBUG block.SCMBlockDeletingService (DatanodeDeletedBlockTransactions.java:addTransactionToDN(50)) - Transaction added: c2c40a72-a699-49b1-b721-1997d9d2c71f <- TX(4)
2021-08-15 14:03:28,349 [SCMBlockDeletingService#0] DEBUG block.SCMBlockDeletingService (DatanodeDeletedBlockTransactions.java:addTransactionToDN(50)) - Transaction added: 0475d2c2-d46f-403e-95a5-8ff1a5c32338 <- TX(4)
2021-08-15 14:03:28,349 [SCMBlockDeletingService#0] DEBUG block.SCMBlockDeletingService (SCMBlockDeletingService.java:call(164)) - Added delete block command for datanode c2c40a72-a699-49b1-b721-1997d9d2c71f in the queue, number of delete block transactions: 4
2021-08-15 14:03:28,349 [SCMBlockDeletingService#0] DEBUG block.SCMBlockDeletingService (SCMBlockDeletingService.java:call(164)) - Added delete block command for datanode 0475d2c2-d46f-403e-95a5-8ff1a5c32338 in the queue, number of delete block transactions: 4
2021-08-15 14:03:28,349 [SCMBlockDeletingService#0] DEBUG block.SCMBlockDeletingService (SCMBlockDeletingService.java:call(164)) - Added delete block command for datanode f89ecde1-abfa-4530-92e2-4a065b7725ea in the queue, number of delete block transactions: 4
2021-08-15 14:03:28,349 [SCMBlockDeletingService#0] INFO  block.SCMBlockDeletingService (SCMBlockDeletingService.java:call(174)) - Totally added 12 blocks to be deleted for 3 datanodes, task elapsed time: 1ms
2021-08-15 14:03:28,357 [pool-467-thread-3] INFO  keyvalue.KeyValueContainer (KeyValueContainer.java:flushAndSyncDB(397)) - Container 5 is synced with bcsId 83.
2021-08-15 14:03:28,357 [pool-467-thread-3] INFO  keyvalue.KeyValueContainer (KeyValueContainer.java:flushAndSyncDB(397)) - Container 5 is synced with bcsId 83.
2021-08-15 14:03:28,358 [Datanode State Machine Thread - 0] WARN  statemachine.StateContext (StateContext.java:execute(621)) - No available thread in pool for past 0 seconds.
2021-08-15 14:03:28,359 [Datanode State Machine Thread - 0] WARN  statemachine.StateContext (StateContext.java:execute(621)) - No available thread in pool for past 0 seconds.
2021-08-15 14:03:28,360 [Datanode State Machine Thread - 0] WARN  statemachine.StateContext (StateContext.java:execute(621)) - No available thread in pool for past 0 seconds.
2021-08-15 14:03:28,360 [Datanode State Machine Thread - 0] WARN  statemachine.StateContext (StateContext.java:execute(621)) - No available thread in pool for past 0 seconds.
2021-08-15 14:03:28,363 [pool-467-thread-3] INFO  keyvalue.KeyValueContainer (KeyValueContainer.java:close(334)) - Container 5 is closed with bcsId 83.
2021-08-15 14:03:28,368 [pool-466-thread-9] INFO  keyvalue.KeyValueContainer (KeyValueContainer.java:flushAndSyncDB(397)) - Container 5 is synced with bcsId 83.
2021-08-15 14:03:28,368 [pool-466-thread-9] INFO  keyvalue.KeyValueContainer (KeyValueContainer.java:flushAndSyncDB(397)) - Container 5 is synced with bcsId 83.
2021-08-15 14:03:28,368 [EventQueue-IncrementalContainerReportForIncrementalContainerReportHandler] INFO  container.IncrementalContainerReportHandler (AbstractContainerReportHandler.java:updateContainerState(223)) - Moving container #5 to CLOSED state, datanode c2c40a72-a699-49b1-b721-1997d9d2c71f{ip: 10.1.0.17, host: fv-az184-677.3ow45vhwbzuu5incsxmygykede.cx.internal.cloudapp.net, ports: [REPLICATION=40199, RATIS=43041, RATIS_ADMIN=43041, RATIS_SERVER=43041, STANDALONE=37757], networkLocation: /default-rack, certSerialId: null, persistedOpState: IN_SERVICE, persistedOpStateExpiryEpochSec: 0} reported CLOSED replica.
2021-08-15 14:03:28,368 [Datanode State Machine Thread - 0] WARN  statemachine.StateContext (StateContext.java:execute(621)) - No available thread in pool for past 0 seconds.
2021-08-15 14:03:28,369 [Datanode State Machine Thread - 0] WARN  statemachine.StateContext (StateContext.java:execute(621)) - No available thread in pool for past 0 seconds.
2021-08-15 14:03:28,390 [Datanode State Machine Thread - 0] WARN  statemachine.StateContext (StateContext.java:execute(621)) - No available thread in pool for past 0 seconds.
2021-08-15 14:03:28,390 [Datanode State Machine Thread - 0] WARN  statemachine.StateContext (StateContext.java:execute(621)) - No available thread in pool for past 0 seconds.
2021-08-15 14:03:28,395 [pool-466-thread-9] INFO  keyvalue.KeyValueContainer (KeyValueContainer.java:close(334)) - Container 5 is closed with bcsId 83.
2021-08-15 14:03:28,412 [Datanode State Machine Thread - 0] WARN  statemachine.StateContext (StateContext.java:execute(621)) - No available thread in pool for past 0 seconds.
2021-08-15 14:03:28,412 [Datanode State Machine Thread - 0] WARN  statemachine.StateContext (StateContext.java:execute(621)) - No available thread in pool for past 0 seconds.
2021-08-15 14:03:28,413 [Datanode State Machine Thread - 0] WARN  statemachine.StateContext (StateContext.java:execute(621)) - No available thread in pool for past 0 seconds.
2021-08-15 14:03:28,424 [pool-465-thread-7] INFO  keyvalue.KeyValueContainer (KeyValueContainer.java:flushAndSyncDB(397)) - Container 6 is synced with bcsId 97.
2021-08-15 14:03:28,424 [pool-465-thread-7] INFO  keyvalue.KeyValueContainer (KeyValueContainer.java:flushAndSyncDB(397)) - Container 6 is synced with bcsId 97.
2021-08-15 14:03:28,425 [Datanode State Machine Thread - 0] WARN  statemachine.StateContext (StateContext.java:execute(621)) - No available thread in pool for past 0 seconds.
2021-08-15 14:03:28,426 [pool-465-thread-7] INFO  keyvalue.KeyValueContainer (KeyValueContainer.java:close(334)) - Container 6 is closed with bcsId 97.
2021-08-15 14:03:28,435 [Datanode State Machine Thread - 0] WARN  statemachine.StateContext (StateContext.java:execute(621)) - No available thread in pool for past 0 seconds.
2021-08-15 14:03:28,436 [pool-467-thread-1] INFO  keyvalue.KeyValueContainer (KeyValueContainer.java:flushAndSyncDB(397)) - Container 6 is synced with bcsId 97.
2021-08-15 14:03:28,436 [pool-467-thread-1] INFO  keyvalue.KeyValueContainer (KeyValueContainer.java:flushAndSyncDB(397)) - Container 6 is synced with bcsId 97.
2021-08-15 14:03:28,441 [pool-467-thread-1] INFO  keyvalue.KeyValueContainer (KeyValueContainer.java:close(334)) - Container 6 is closed with bcsId 97.
2021-08-15 14:03:28,444 [Datanode State Machine Thread - 0] WARN  statemachine.StateContext (StateContext.java:execute(621)) - No available thread in pool for past 0 seconds.
2021-08-15 14:03:28,449 [SCMBlockDeletingService#0] DEBUG block.SCMBlockDeletingService (SCMBlockDeletingService.java:call(133)) - Running DeletedBlockTransactionScanner
2021-08-15 14:03:28,449 [SCMBlockDeletingService#0] DEBUG block.SCMBlockDeletingService (DatanodeDeletedBlockTransactions.java:addTransactionToDN(50)) - Transaction added: 0475d2c2-d46f-403e-95a5-8ff1a5c32338 <- TX(1)
2021-08-15 14:03:28,449 [SCMBlockDeletingService#0] DEBUG block.SCMBlockDeletingService (DatanodeDeletedBlockTransactions.java:addTransactionToDN(50)) - Transaction added: f89ecde1-abfa-4530-92e2-4a065b7725ea <- TX(1)
2021-08-15 14:03:28,449 [SCMBlockDeletingService#0] DEBUG block.SCMBlockDeletingService (DatanodeDeletedBlockTransactions.java:addTransactionToDN(50)) - Transaction added: c2c40a72-a699-49b1-b721-1997d9d2c71f <- TX(1)
2021-08-15 14:03:28,449 [SCMBlockDeletingService#0] DEBUG block.SCMBlockDeletingService (DatanodeDeletedBlockTransactions.java:addTransactionToDN(50)) - Transaction added: 0475d2c2-d46f-403e-95a5-8ff1a5c32338 <- TX(2)
2021-08-15 14:03:28,449 [SCMBlockDeletingService#0] DEBUG block.SCMBlockDeletingService (DatanodeDeletedBlockTransactions.java:addTransactionToDN(50)) - Transaction added: c2c40a72-a699-49b1-b721-1997d9d2c71f <- TX(2)
2021-08-15 14:03:28,449 [SCMBlockDeletingService#0] DEBUG block.SCMBlockDeletingService (DatanodeDeletedBlockTransactions.java:addTransactionToDN(50)) - Transaction added: f89ecde1-abfa-4530-92e2-4a065b7725ea <- TX(2)
2021-08-15 14:03:28,449 [SCMBlockDeletingService#0] DEBUG block.SCMBlockDeletingService (DatanodeDeletedBlockTransactions.java:addTransactionToDN(50)) - Transaction added: 0475d2c2-d46f-403e-95a5-8ff1a5c32338 <- TX(3)
2021-08-15 14:03:28,450 [SCMBlockDeletingService#0] DEBUG block.SCMBlockDeletingService (DatanodeDeletedBlockTransactions.java:addTransactionToDN(50)) - Transaction added: c2c40a72-a699-49b1-b721-1997d9d2c71f <- TX(3)
2021-08-15 14:03:28,450 [SCMBlockDeletingService#0] DEBUG block.SCMBlockDeletingService (DatanodeDeletedBlockTransactions.java:addTransactionToDN(50)) - Transaction added: f89ecde1-abfa-4530-92e2-4a065b7725ea <- TX(3)
2021-08-15 14:03:28,450 [SCMBlockDeletingService#0] DEBUG block.SCMBlockDeletingService (DatanodeDeletedBlockTransactions.java:addTransactionToDN(50)) - Transaction added: f89ecde1-abfa-4530-92e2-4a065b7725ea <- TX(4)
2021-08-15 14:03:28,450 [SCMBlockDeletingService#0] DEBUG block.SCMBlockDeletingService (DatanodeDeletedBlockTransactions.java:addTransactionToDN(50)) - Transaction added: c2c40a72-a699-49b1-b721-1997d9d2c71f <- TX(4)
2021-08-15 14:03:28,450 [SCMBlockDeletingService#0] DEBUG block.SCMBlockDeletingService (DatanodeDeletedBlockTransactions.java:addTransactionToDN(50)) - Transaction added: 0475d2c2-d46f-403e-95a5-8ff1a5c32338 <- TX(4)
2021-08-15 14:03:28,450 [SCMBlockDeletingService#0] DEBUG block.SCMBlockDeletingService (DatanodeDeletedBlockTransactions.java:addTransactionToDN(50)) - Transaction added: c2c40a72-a699-49b1-b721-1997d9d2c71f <- TX(5)
2021-08-15 14:03:28,450 [SCMBlockDeletingService#0] DEBUG block.SCMBlockDeletingService (DatanodeDeletedBlockTransactions.java:addTransactionToDN(50)) - Transaction added: f89ecde1-abfa-4530-92e2-4a065b7725ea <- TX(5)
2021-08-15 14:03:28,450 [SCMBlockDeletingService#0] DEBUG block.SCMBlockDeletingService (DatanodeDeletedBlockTransactions.java:addTransactionToDN(50)) - Transaction added: 0475d2c2-d46f-403e-95a5-8ff1a5c32338 <- TX(5)
2021-08-15 14:03:28,450 [SCMBlockDeletingService#0] DEBUG block.SCMBlockDeletingService (SCMBlockDeletingService.java:call(164)) - Added delete block command for datanode c2c40a72-a699-49b1-b721-1997d9d2c71f in the queue, number of delete block transactions: 5
2021-08-15 14:03:28,450 [SCMBlockDeletingService#0] DEBUG block.SCMBlockDeletingService (SCMBlockDeletingService.java:call(164)) - Added delete block command for datanode 0475d2c2-d46f-403e-95a5-8ff1a5c32338 in the queue, number of delete block transactions: 5
2021-08-15 14:03:28,450 [SCMBlockDeletingService#0] DEBUG block.SCMBlockDeletingService (SCMBlockDeletingService.java:call(164)) - Added delete block command for datanode f89ecde1-abfa-4530-92e2-4a065b7725ea in the queue, number of delete block transactions: 5
2021-08-15 14:03:28,450 [SCMBlockDeletingService#0] INFO  block.SCMBlockDeletingService (SCMBlockDeletingService.java:call(174)) - Totally added 15 blocks to be deleted for 3 datanodes, task elapsed time: 1ms
2021-08-15 14:03:28,451 [Datanode State Machine Thread - 0] WARN  statemachine.StateContext (StateContext.java:execute(621)) - No available thread in pool for past 0 seconds.
2021-08-15 14:03:28,451 [EventQueue-IncrementalContainerReportForIncrementalContainerReportHandler] INFO  container.IncrementalContainerReportHandler (AbstractContainerReportHandler.java:updateContainerState(223)) - Moving container #6 to CLOSED state, datanode f89ecde1-abfa-4530-92e2-4a065b7725ea{ip: 10.1.0.17, host: fv-az184-677.3ow45vhwbzuu5incsxmygykede.cx.internal.cloudapp.net, ports: [REPLICATION=33771, RATIS=45053, RATIS_ADMIN=45053, RATIS_SERVER=45053, STANDALONE=46857], networkLocation: /default-rack, certSerialId: null, persistedOpState: IN_SERVICE, persistedOpStateExpiryEpochSec: 0} reported CLOSED replica.
2021-08-15 14:03:28,451 [pool-466-thread-3] INFO  keyvalue.KeyValueContainer (KeyValueContainer.java:flushAndSyncDB(397)) - Container 6 is synced with bcsId 97.
2021-08-15 14:03:28,452 [pool-466-thread-3] INFO  keyvalue.KeyValueContainer (KeyValueContainer.java:flushAndSyncDB(397)) - Container 6 is synced with bcsId 97.
2021-08-15 14:03:28,454 [pool-466-thread-3] INFO  keyvalue.KeyValueContainer (KeyValueContainer.java:close(334)) - Container 6 is closed with bcsId 97.
2021-08-15 14:03:28,456 [Datanode State Machine Thread - 0] WARN  statemachine.StateContext (StateContext.java:execute(621)) - No available thread in pool for past 0 seconds.
2021-08-15 14:03:28,502 [pool-467-thread-5] INFO  keyvalue.KeyValueContainer (KeyValueContainer.java:flushAndSyncDB(397)) - Container 7 is synced with bcsId 112.
2021-08-15 14:03:28,514 [pool-467-thread-5] INFO  keyvalue.KeyValueContainer (KeyValueContainer.java:flushAndSyncDB(397)) - Container 7 is synced with bcsId 112.
2021-08-15 14:03:28,515 [Datanode State Machine Thread - 0] WARN  statemachine.StateContext (StateContext.java:execute(621)) - No available thread in pool for past 0 seconds.
2021-08-15 14:03:28,463 [pool-465-thread-8] INFO  keyvalue.KeyValueContainer (KeyValueContainer.java:flushAndSyncDB(397)) - Container 7 is synced with bcsId 112.
2021-08-15 14:03:28,515 [pool-465-thread-8] INFO  keyvalue.KeyValueContainer (KeyValueContainer.java:flushAndSyncDB(397)) - Container 7 is synced with bcsId 112.
2021-08-15 14:03:28,515 [Datanode State Machine Thread - 0] WARN  statemachine.StateContext (StateContext.java:execute(621)) - No available thread in pool for past 0 seconds.
2021-08-15 14:03:28,517 [Datanode State Machine Thread - 0] WARN  statemachine.StateContext (StateContext.java:execute(621)) - No available thread in pool for past 0 seconds.
2021-08-15 14:03:28,517 [pool-467-thread-5] INFO  keyvalue.KeyValueContainer (KeyValueContainer.java:close(334)) - Container 7 is closed with bcsId 112.
2021-08-15 14:03:28,518 [pool-465-thread-8] INFO  keyvalue.KeyValueContainer (KeyValueContainer.java:close(334)) - Container 7 is closed with bcsId 112.
2021-08-15 14:03:28,525 [Datanode State Machine Thread - 0] WARN  statemachine.StateContext (StateContext.java:execute(621)) - No available thread in pool for past 0 seconds.
2021-08-15 14:03:28,525 [Datanode State Machine Thread - 0] WARN  statemachine.StateContext (StateContext.java:execute(621)) - No available thread in pool for past 0 seconds.
2021-08-15 14:03:28,525 [Datanode State Machine Thread - 0] WARN  statemachine.StateContext (StateContext.java:execute(621)) - No available thread in pool for past 0 seconds.
2021-08-15 14:03:28,526 [EventQueue-IncrementalContainerReportForIncrementalContainerReportHandler] INFO  container.IncrementalContainerReportHandler (AbstractContainerReportHandler.java:updateContainerState(223)) - Moving container #7 to CLOSED state, datanode c2c40a72-a699-49b1-b721-1997d9d2c71f{ip: 10.1.0.17, host: fv-az184-677.3ow45vhwbzuu5incsxmygykede.cx.internal.cloudapp.net, ports: [REPLICATION=40199, RATIS=43041, RATIS_ADMIN=43041, RATIS_SERVER=43041, STANDALONE=37757], networkLocation: /default-rack, certSerialId: null, persistedOpState: IN_SERVICE, persistedOpStateExpiryEpochSec: 0} reported CLOSED replica.
2021-08-15 14:03:28,526 [Datanode State Machine Thread - 0] WARN  statemachine.StateContext (StateContext.java:execute(621)) - No available thread in pool for past 0 seconds.
2021-08-15 14:03:28,549 [SCMBlockDeletingService#0] DEBUG block.SCMBlockDeletingService (SCMBlockDeletingService.java:call(133)) - Running DeletedBlockTransactionScanner
2021-08-15 14:03:28,573 [SCMBlockDeletingService#0] DEBUG block.SCMBlockDeletingService (DatanodeDeletedBlockTransactions.java:addTransactionToDN(50)) - Transaction added: 0475d2c2-d46f-403e-95a5-8ff1a5c32338 <- TX(1)
2021-08-15 14:03:28,573 [SCMBlockDeletingService#0] DEBUG block.SCMBlockDeletingService (DatanodeDeletedBlockTransactions.java:addTransactionToDN(50)) - Transaction added: f89ecde1-abfa-4530-92e2-4a065b7725ea <- TX(1)
2021-08-15 14:03:28,573 [SCMBlockDeletingService#0] DEBUG block.SCMBlockDeletingService (DatanodeDeletedBlockTransactions.java:addTransactionToDN(50)) - Transaction added: c2c40a72-a699-49b1-b721-1997d9d2c71f <- TX(1)
2021-08-15 14:03:28,573 [SCMBlockDeletingService#0] DEBUG block.SCMBlockDeletingService (DatanodeDeletedBlockTransactions.java:addTransactionToDN(50)) - Transaction added: 0475d2c2-d46f-403e-95a5-8ff1a5c32338 <- TX(2)
2021-08-15 14:03:28,573 [SCMBlockDeletingService#0] DEBUG block.SCMBlockDeletingService (DatanodeDeletedBlockTransactions.java:addTransactionToDN(50)) - Transaction added: c2c40a72-a699-49b1-b721-1997d9d2c71f <- TX(2)
2021-08-15 14:03:28,573 [SCMBlockDeletingService#0] DEBUG block.SCMBlockDeletingService (DatanodeDeletedBlockTransactions.java:addTransactionToDN(50)) - Transaction added: f89ecde1-abfa-4530-92e2-4a065b7725ea <- TX(2)
2021-08-15 14:03:28,573 [SCMBlockDeletingService#0] DEBUG block.SCMBlockDeletingService (DatanodeDeletedBlockTransactions.java:addTransactionToDN(50)) - Transaction added: 0475d2c2-d46f-403e-95a5-8ff1a5c32338 <- TX(3)
2021-08-15 14:03:28,573 [SCMBlockDeletingService#0] DEBUG block.SCMBlockDeletingService (DatanodeDeletedBlockTransactions.java:addTransactionToDN(50)) - Transaction added: c2c40a72-a699-49b1-b721-1997d9d2c71f <- TX(3)
2021-08-15 14:03:28,573 [SCMBlockDeletingService#0] DEBUG block.SCMBlockDeletingService (DatanodeDeletedBlockTransactions.java:addTransactionToDN(50)) - Transaction added: f89ecde1-abfa-4530-92e2-4a065b7725ea <- TX(3)
2021-08-15 14:03:28,573 [SCMBlockDeletingService#0] DEBUG block.SCMBlockDeletingService (DatanodeDeletedBlockTransactions.java:addTransactionToDN(50)) - Transaction added: f89ecde1-abfa-4530-92e2-4a065b7725ea <- TX(4)
2021-08-15 14:03:28,573 [SCMBlockDeletingService#0] DEBUG block.SCMBlockDeletingService (DatanodeDeletedBlockTransactions.java:addTransactionToDN(50)) - Transaction added: c2c40a72-a699-49b1-b721-1997d9d2c71f <- TX(4)
2021-08-15 14:03:28,573 [SCMBlockDeletingService#0] DEBUG block.SCMBlockDeletingService (DatanodeDeletedBlockTransactions.java:addTransactionToDN(50)) - Transaction added: 0475d2c2-d46f-403e-95a5-8ff1a5c32338 <- TX(4)
2021-08-15 14:03:28,573 [SCMBlockDeletingService#0] DEBUG block.SCMBlockDeletingService (DatanodeDeletedBlockTransactions.java:addTransactionToDN(50)) - Transaction added: c2c40a72-a699-49b1-b721-1997d9d2c71f <- TX(5)
2021-08-15 14:03:28,573 [SCMBlockDeletingService#0] DEBUG block.SCMBlockDeletingService (DatanodeDeletedBlockTransactions.java:addTransactionToDN(50)) - Transaction added: f89ecde1-abfa-4530-92e2-4a065b7725ea <- TX(5)
2021-08-15 14:03:28,573 [SCMBlockDeletingService#0] DEBUG block.SCMBlockDeletingService (DatanodeDeletedBlockTransactions.java:addTransactionToDN(50)) - Transaction added: 0475d2c2-d46f-403e-95a5-8ff1a5c32338 <- TX(5)
2021-08-15 14:03:28,573 [SCMBlockDeletingService#0] DEBUG block.SCMBlockDeletingService (DatanodeDeletedBlockTransactions.java:addTransactionToDN(50)) - Transaction added: c2c40a72-a699-49b1-b721-1997d9d2c71f <- TX(6)
2021-08-15 14:03:28,573 [SCMBlockDeletingService#0] DEBUG block.SCMBlockDeletingService (DatanodeDeletedBlockTransactions.java:addTransactionToDN(50)) - Transaction added: f89ecde1-abfa-4530-92e2-4a065b7725ea <- TX(6)
2021-08-15 14:03:28,573 [SCMBlockDeletingService#0] DEBUG block.SCMBlockDeletingService (DatanodeDeletedBlockTransactions.java:addTransactionToDN(50)) - Transaction added: 0475d2c2-d46f-403e-95a5-8ff1a5c32338 <- TX(6)
2021-08-15 14:03:28,573 [SCMBlockDeletingService#0] DEBUG block.SCMBlockDeletingService (DatanodeDeletedBlockTransactions.java:addTransactionToDN(50)) - Transaction added: f89ecde1-abfa-4530-92e2-4a065b7725ea <- TX(7)
2021-08-15 14:03:28,573 [SCMBlockDeletingService#0] DEBUG block.SCMBlockDeletingService (DatanodeDeletedBlockTransactions.java:addTransactionToDN(50)) - Transaction added: 0475d2c2-d46f-403e-95a5-8ff1a5c32338 <- TX(7)
2021-08-15 14:03:28,573 [SCMBlockDeletingService#0] DEBUG block.SCMBlockDeletingService (DatanodeDeletedBlockTransactions.java:addTransactionToDN(50)) - Transaction added: c2c40a72-a699-49b1-b721-1997d9d2c71f <- TX(7)
2021-08-15 14:03:28,573 [SCMBlockDeletingService#0] DEBUG block.SCMBlockDeletingService (SCMBlockDeletingService.java:call(164)) - Added delete block command for datanode c2c40a72-a699-49b1-b721-1997d9d2c71f in the queue, number of delete block transactions: 7
2021-08-15 14:03:28,573 [SCMBlockDeletingService#0] DEBUG block.SCMBlockDeletingService (SCMBlockDeletingService.java:call(164)) - Added delete block command for datanode 0475d2c2-d46f-403e-95a5-8ff1a5c32338 in the queue, number of delete block transactions: 7
2021-08-15 14:03:28,573 [SCMBlockDeletingService#0] DEBUG block.SCMBlockDeletingService (SCMBlockDeletingService.java:call(164)) - Added delete block command for datanode f89ecde1-abfa-4530-92e2-4a065b7725ea in the queue, number of delete block transactions: 7
2021-08-15 14:03:28,574 [SCMBlockDeletingService#0] INFO  block.SCMBlockDeletingService (SCMBlockDeletingService.java:call(174)) - Totally added 21 blocks to be deleted for 3 datanodes, task elapsed time: 25ms
2021-08-15 14:03:28,575 [Datanode State Machine Thread - 0] WARN  statemachine.StateContext (StateContext.java:execute(621)) - No available thread in pool for past 0 seconds.
2021-08-15 14:03:28,575 [Datanode State Machine Thread - 0] WARN  statemachine.StateContext (StateContext.java:execute(621)) - No available thread in pool for past 0 seconds.
2021-08-15 14:03:28,573 [Datanode State Machine Thread - 0] WARN  statemachine.StateContext (StateContext.java:execute(621)) - No available thread in pool for past 0 seconds.
2021-08-15 14:03:28,577 [pool-465-thread-6] INFO  keyvalue.KeyValueContainer (KeyValueContainer.java:flushAndSyncDB(397)) - Container 8 is synced with bcsId 128.
2021-08-15 14:03:28,577 [pool-465-thread-6] INFO  keyvalue.KeyValueContainer (KeyValueContainer.java:flushAndSyncDB(397)) - Container 8 is synced with bcsId 128.
2021-08-15 14:03:28,578 [Datanode State Machine Thread - 0] WARN  statemachine.StateContext (StateContext.java:execute(621)) - No available thread in pool for past 0 seconds.
2021-08-15 14:03:28,579 [Datanode State Machine Thread - 0] WARN  statemachine.StateContext (StateContext.java:execute(621)) - No available thread in pool for past 0 seconds.
2021-08-15 14:03:28,580 [pool-465-thread-6] INFO  keyvalue.KeyValueContainer (KeyValueContainer.java:close(334)) - Container 8 is closed with bcsId 128.
2021-08-15 14:03:28,580 [pool-466-thread-7] INFO  keyvalue.KeyValueContainer (KeyValueContainer.java:flushAndSyncDB(397)) - Container 7 is synced with bcsId 112.
2021-08-15 14:03:28,580 [pool-466-thread-7] INFO  keyvalue.KeyValueContainer (KeyValueContainer.java:flushAndSyncDB(397)) - Container 7 is synced with bcsId 112.
2021-08-15 14:03:28,581 [pool-466-thread-1] INFO  keyvalue.KeyValueContainer (KeyValueContainer.java:flushAndSyncDB(397)) - Container 8 is synced with bcsId 128.
2021-08-15 14:03:28,581 [pool-466-thread-1] INFO  keyvalue.KeyValueContainer (KeyValueContainer.java:flushAndSyncDB(397)) - Container 8 is synced with bcsId 128.
2021-08-15 14:03:28,581 [pool-467-thread-2] INFO  keyvalue.KeyValueContainer (KeyValueContainer.java:flushAndSyncDB(397)) - Container 8 is synced with bcsId 128.
2021-08-15 14:03:28,581 [pool-467-thread-2] INFO  keyvalue.KeyValueContainer (KeyValueContainer.java:flushAndSyncDB(397)) - Container 8 is synced with bcsId 128.
2021-08-15 14:03:28,582 [pool-467-thread-2] INFO  keyvalue.KeyValueContainer (KeyValueContainer.java:close(334)) - Container 8 is closed with bcsId 128.
2021-08-15 14:03:28,582 [pool-466-thread-1] INFO  keyvalue.KeyValueContainer (KeyValueContainer.java:close(334)) - Container 8 is closed with bcsId 128.
2021-08-15 14:03:28,582 [Datanode State Machine Thread - 0] WARN  statemachine.StateContext (StateContext.java:execute(621)) - No available thread in pool for past 0 seconds.
2021-08-15 14:03:28,582 [Datanode State Machine Thread - 0] WARN  statemachine.StateContext (StateContext.java:execute(621)) - No available thread in pool for past 0 seconds.
2021-08-15 14:03:28,583 [EventQueue-IncrementalContainerReportForIncrementalContainerReportHandler] INFO  container.IncrementalContainerReportHandler (AbstractContainerReportHandler.java:updateContainerState(223)) - Moving container #8 to CLOSED state, datanode f89ecde1-abfa-4530-92e2-4a065b7725ea{ip: 10.1.0.17, host: fv-az184-677.3ow45vhwbzuu5incsxmygykede.cx.internal.cloudapp.net, ports: [REPLICATION=33771, RATIS=45053, RATIS_ADMIN=45053, RATIS_SERVER=45053, STANDALONE=46857], networkLocation: /default-rack, certSerialId: null, persistedOpState: IN_SERVICE, persistedOpStateExpiryEpochSec: 0} reported CLOSED replica.
2021-08-15 14:03:28,583 [pool-466-thread-7] INFO  keyvalue.KeyValueContainer (KeyValueContainer.java:close(334)) - Container 7 is closed with bcsId 112.
2021-08-15 14:03:28,584 [Datanode State Machine Thread - 0] WARN  statemachine.StateContext (StateContext.java:execute(621)) - No available thread in pool for past 0 seconds.
2021-08-15 14:03:28,619 [Datanode State Machine Thread - 0] WARN  statemachine.StateContext (StateContext.java:execute(621)) - No available thread in pool for past 0 seconds.
2021-08-15 14:03:28,623 [Datanode State Machine Thread - 0] WARN  statemachine.StateContext (StateContext.java:execute(621)) - No available thread in pool for past 0 seconds.
2021-08-15 14:03:28,623 [Datanode State Machine Thread - 0] WARN  statemachine.StateContext (StateContext.java:execute(621)) - No available thread in pool for past 0 seconds.
2021-08-15 14:03:28,624 [Datanode State Machine Thread - 0] WARN  statemachine.StateContext (StateContext.java:execute(621)) - No available thread in pool for past 0 seconds.
2021-08-15 14:03:28,637 [pool-465-thread-3] INFO  keyvalue.KeyValueContainer (KeyValueContainer.java:flushAndSyncDB(397)) - Container 9 is synced with bcsId 144.
2021-08-15 14:03:28,637 [pool-465-thread-3] INFO  keyvalue.KeyValueContainer (KeyValueContainer.java:flushAndSyncDB(397)) - Container 9 is synced with bcsId 144.
2021-08-15 14:03:28,644 [pool-465-thread-3] INFO  keyvalue.KeyValueContainer (KeyValueContainer.java:close(334)) - Container 9 is closed with bcsId 144.
2021-08-15 14:03:28,645 [Datanode State Machine Thread - 0] WARN  statemachine.StateContext (StateContext.java:execute(621)) - No available thread in pool for past 0 seconds.
2021-08-15 14:03:28,647 [Datanode State Machine Thread - 0] WARN  statemachine.StateContext (StateContext.java:execute(621)) - No available thread in pool for past 0 seconds.
2021-08-15 14:03:28,648 [EventQueue-IncrementalContainerReportForIncrementalContainerReportHandler] INFO  container.IncrementalContainerReportHandler (AbstractContainerReportHandler.java:updateContainerState(223)) - Moving container #9 to CLOSED state, datanode c2c40a72-a699-49b1-b721-1997d9d2c71f{ip: 10.1.0.17, host: fv-az184-677.3ow45vhwbzuu5incsxmygykede.cx.internal.cloudapp.net, ports: [REPLICATION=40199, RATIS=43041, RATIS_ADMIN=43041, RATIS_SERVER=43041, STANDALONE=37757], networkLocation: /default-rack, certSerialId: null, persistedOpState: IN_SERVICE, persistedOpStateExpiryEpochSec: 0} reported CLOSED replica.
2021-08-15 14:03:28,648 [pool-466-thread-6] INFO  keyvalue.KeyValueContainer (KeyValueContainer.java:flushAndSyncDB(397)) - Container 9 is synced with bcsId 144.
2021-08-15 14:03:28,649 [pool-466-thread-6] INFO  keyvalue.KeyValueContainer (KeyValueContainer.java:flushAndSyncDB(397)) - Container 9 is synced with bcsId 144.
2021-08-15 14:03:28,649 [SCMBlockDeletingService#0] DEBUG block.SCMBlockDeletingService (SCMBlockDeletingService.java:call(133)) - Running DeletedBlockTransactionScanner
2021-08-15 14:03:28,650 [pool-466-thread-6] INFO  keyvalue.KeyValueContainer (KeyValueContainer.java:close(334)) - Container 9 is closed with bcsId 144.
2021-08-15 14:03:28,650 [pool-467-thread-8] INFO  keyvalue.KeyValueContainer (KeyValueContainer.java:flushAndSyncDB(397)) - Container 9 is synced with bcsId 144.
2021-08-15 14:03:28,651 [pool-467-thread-8] INFO  keyvalue.KeyValueContainer (KeyValueContainer.java:flushAndSyncDB(397)) - Container 9 is synced with bcsId 144.
2021-08-15 14:03:28,651 [Datanode State Machine Thread - 0] WARN  statemachine.StateContext (StateContext.java:execute(621)) - No available thread in pool for past 0 seconds.
2021-08-15 14:03:28,663 [Datanode State Machine Thread - 0] WARN  statemachine.StateContext (StateContext.java:execute(621)) - No available thread in pool for past 0 seconds.
2021-08-15 14:03:28,664 [pool-467-thread-8] INFO  keyvalue.KeyValueContainer (KeyValueContainer.java:close(334)) - Container 9 is closed with bcsId 144.
2021-08-15 14:03:28,665 [SCMBlockDeletingService#0] DEBUG block.SCMBlockDeletingService (DatanodeDeletedBlockTransactions.java:addTransactionToDN(50)) - Transaction added: 0475d2c2-d46f-403e-95a5-8ff1a5c32338 <- TX(1)
2021-08-15 14:03:28,665 [SCMBlockDeletingService#0] DEBUG block.SCMBlockDeletingService (DatanodeDeletedBlockTransactions.java:addTransactionToDN(50)) - Transaction added: f89ecde1-abfa-4530-92e2-4a065b7725ea <- TX(1)
2021-08-15 14:03:28,665 [SCMBlockDeletingService#0] DEBUG block.SCMBlockDeletingService (DatanodeDeletedBlockTransactions.java:addTransactionToDN(50)) - Transaction added: c2c40a72-a699-49b1-b721-1997d9d2c71f <- TX(1)
2021-08-15 14:03:28,665 [SCMBlockDeletingService#0] DEBUG block.SCMBlockDeletingService (DatanodeDeletedBlockTransactions.java:addTransactionToDN(50)) - Transaction added: 0475d2c2-d46f-403e-95a5-8ff1a5c32338 <- TX(2)
2021-08-15 14:03:28,665 [SCMBlockDeletingService#0] DEBUG block.SCMBlockDeletingService (DatanodeDeletedBlockTransactions.java:addTransactionToDN(50)) - Transaction added: c2c40a72-a699-49b1-b721-1997d9d2c71f <- TX(2)
2021-08-15 14:03:28,665 [SCMBlockDeletingService#0] DEBUG block.SCMBlockDeletingService (DatanodeDeletedBlockTransactions.java:addTransactionToDN(50)) - Transaction added: f89ecde1-abfa-4530-92e2-4a065b7725ea <- TX(2)
2021-08-15 14:03:28,665 [SCMBlockDeletingService#0] DEBUG block.SCMBlockDeletingService (DatanodeDeletedBlockTransactions.java:addTransactionToDN(50)) - Transaction added: 0475d2c2-d46f-403e-95a5-8ff1a5c32338 <- TX(3)
2021-08-15 14:03:28,665 [SCMBlockDeletingService#0] DEBUG block.SCMBlockDeletingService (DatanodeDeletedBlockTransactions.java:addTransactionToDN(50)) - Transaction added: c2c40a72-a699-49b1-b721-1997d9d2c71f <- TX(3)
2021-08-15 14:03:28,665 [SCMBlockDeletingService#0] DEBUG block.SCMBlockDeletingService (DatanodeDeletedBlockTransactions.java:addTransactionToDN(50)) - Transaction added: f89ecde1-abfa-4530-92e2-4a065b7725ea <- TX(3)
2021-08-15 14:03:28,665 [SCMBlockDeletingService#0] DEBUG block.SCMBlockDeletingService (DatanodeDeletedBlockTransactions.java:addTransactionToDN(50)) - Transaction added: f89ecde1-abfa-4530-92e2-4a065b7725ea <- TX(4)
2021-08-15 14:03:28,666 [SCMBlockDeletingService#0] DEBUG block.SCMBlockDeletingService (DatanodeDeletedBlockTransactions.java:addTransactionToDN(50)) - Transaction added: c2c40a72-a699-49b1-b721-1997d9d2c71f <- TX(4)
2021-08-15 14:03:28,666 [SCMBlockDeletingService#0] DEBUG block.SCMBlockDeletingService (DatanodeDeletedBlockTransactions.java:addTransactionToDN(50)) - Transaction added: 0475d2c2-d46f-403e-95a5-8ff1a5c32338 <- TX(4)
2021-08-15 14:03:28,666 [SCMBlockDeletingService#0] DEBUG block.SCMBlockDeletingService (DatanodeDeletedBlockTransactions.java:addTransactionToDN(50)) - Transaction added: c2c40a72-a699-49b1-b721-1997d9d2c71f <- TX(5)
2021-08-15 14:03:28,666 [SCMBlockDeletingService#0] DEBUG block.SCMBlockDeletingService (DatanodeDeletedBlockTransactions.java:addTransactionToDN(50)) - Transaction added: f89ecde1-abfa-4530-92e2-4a065b7725ea <- TX(5)
2021-08-15 14:03:28,666 [SCMBlockDeletingService#0] DEBUG block.SCMBlockDeletingService (DatanodeDeletedBlockTransactions.java:addTransactionToDN(50)) - Transaction added: 0475d2c2-d46f-403e-95a5-8ff1a5c32338 <- TX(5)
2021-08-15 14:03:28,666 [SCMBlockDeletingService#0] DEBUG block.SCMBlockDeletingService (DatanodeDeletedBlockTransactions.java:addTransactionToDN(50)) - Transaction added: c2c40a72-a699-49b1-b721-1997d9d2c71f <- TX(6)
2021-08-15 14:03:28,666 [SCMBlockDeletingService#0] DEBUG block.SCMBlockDeletingService (DatanodeDeletedBlockTransactions.java:addTransactionToDN(50)) - Transaction added: f89ecde1-abfa-4530-92e2-4a065b7725ea <- TX(6)
2021-08-15 14:03:28,666 [SCMBlockDeletingService#0] DEBUG block.SCMBlockDeletingService (DatanodeDeletedBlockTransactions.java:addTransactionToDN(50)) - Transaction added: 0475d2c2-d46f-403e-95a5-8ff1a5c32338 <- TX(6)
2021-08-15 14:03:28,666 [SCMBlockDeletingService#0] DEBUG block.SCMBlockDeletingService (DatanodeDeletedBlockTransactions.java:addTransactionToDN(50)) - Transaction added: f89ecde1-abfa-4530-92e2-4a065b7725ea <- TX(7)
2021-08-15 14:03:28,666 [SCMBlockDeletingService#0] DEBUG block.SCMBlockDeletingService (DatanodeDeletedBlockTransactions.java:addTransactionToDN(50)) - Transaction added: 0475d2c2-d46f-403e-95a5-8ff1a5c32338 <- TX(7)
2021-08-15 14:03:28,666 [SCMBlockDeletingService#0] DEBUG block.SCMBlockDeletingService (DatanodeDeletedBlockTransactions.java:addTransactionToDN(50)) - Transaction added: c2c40a72-a699-49b1-b721-1997d9d2c71f <- TX(7)
2021-08-15 14:03:28,666 [SCMBlockDeletingService#0] DEBUG block.SCMBlockDeletingService (DatanodeDeletedBlockTransactions.java:addTransactionToDN(50)) - Transaction added: 0475d2c2-d46f-403e-95a5-8ff1a5c32338 <- TX(8)
2021-08-15 14:03:28,666 [SCMBlockDeletingService#0] DEBUG block.SCMBlockDeletingService (DatanodeDeletedBlockTransactions.java:addTransactionToDN(50)) - Transaction added: f89ecde1-abfa-4530-92e2-4a065b7725ea <- TX(8)
2021-08-15 14:03:28,666 [SCMBlockDeletingService#0] DEBUG block.SCMBlockDeletingService (DatanodeDeletedBlockTransactions.java:addTransactionToDN(50)) - Transaction added: c2c40a72-a699-49b1-b721-1997d9d2c71f <- TX(8)
2021-08-15 14:03:28,666 [SCMBlockDeletingService#0] DEBUG block.SCMBlockDeletingService (DatanodeDeletedBlockTransactions.java:addTransactionToDN(50)) - Transaction added: 0475d2c2-d46f-403e-95a5-8ff1a5c32338 <- TX(9)
2021-08-15 14:03:28,666 [SCMBlockDeletingService#0] DEBUG block.SCMBlockDeletingService (DatanodeDeletedBlockTransactions.java:addTransactionToDN(50)) - Transaction added: c2c40a72-a699-49b1-b721-1997d9d2c71f <- TX(9)
2021-08-15 14:03:28,666 [SCMBlockDeletingService#0] DEBUG block.SCMBlockDeletingService (DatanodeDeletedBlockTransactions.java:addTransactionToDN(50)) - Transaction added: f89ecde1-abfa-4530-92e2-4a065b7725ea <- TX(9)
2021-08-15 14:03:28,666 [SCMBlockDeletingService#0] DEBUG block.SCMBlockDeletingService (SCMBlockDeletingService.java:call(164)) - Added delete block command for datanode c2c40a72-a699-49b1-b721-1997d9d2c71f in the queue, number of delete block transactions: 9
2021-08-15 14:03:28,666 [SCMBlockDeletingService#0] DEBUG block.SCMBlockDeletingService (SCMBlockDeletingService.java:call(164)) - Added delete block command for datanode 0475d2c2-d46f-403e-95a5-8ff1a5c32338 in the queue, number of delete block transactions: 9
2021-08-15 14:03:28,666 [SCMBlockDeletingService#0] DEBUG block.SCMBlockDeletingService (SCMBlockDeletingService.java:call(164)) - Added delete block command for datanode f89ecde1-abfa-4530-92e2-4a065b7725ea in the queue, number of delete block transactions: 9
2021-08-15 14:03:28,666 [SCMBlockDeletingService#0] INFO  block.SCMBlockDeletingService (SCMBlockDeletingService.java:call(174)) - Totally added 27 blocks to be deleted for 3 datanodes, task elapsed time: 16ms
2021-08-15 14:03:28,672 [Datanode State Machine Thread - 0] WARN  statemachine.StateContext (StateContext.java:execute(621)) - No available thread in pool for past 0 seconds.
2021-08-15 14:03:28,675 [pool-465-thread-4] INFO  keyvalue.KeyValueContainer (KeyValueContainer.java:flushAndSyncDB(397)) - Container 10 is synced with bcsId 159.
2021-08-15 14:03:28,676 [pool-465-thread-4] INFO  keyvalue.KeyValueContainer (KeyValueContainer.java:flushAndSyncDB(397)) - Container 10 is synced with bcsId 159.
2021-08-15 14:03:28,678 [pool-465-thread-4] INFO  keyvalue.KeyValueContainer (KeyValueContainer.java:close(334)) - Container 10 is closed with bcsId 159.
2021-08-15 14:03:28,678 [Datanode State Machine Thread - 0] WARN  statemachine.StateContext (StateContext.java:execute(621)) - No available thread in pool for past 0 seconds.
2021-08-15 14:03:28,678 [pool-467-thread-10] INFO  keyvalue.KeyValueContainer (KeyValueContainer.java:flushAndSyncDB(397)) - Container 10 is synced with bcsId 159.
2021-08-15 14:03:28,680 [pool-467-thread-10] INFO  keyvalue.KeyValueContainer (KeyValueContainer.java:flushAndSyncDB(397)) - Container 10 is synced with bcsId 159.
2021-08-15 14:03:28,681 [EventQueue-IncrementalContainerReportForIncrementalContainerReportHandler] INFO  container.IncrementalContainerReportHandler (AbstractContainerReportHandler.java:updateContainerState(223)) - Moving container #10 to CLOSED state, datanode c2c40a72-a699-49b1-b721-1997d9d2c71f{ip: 10.1.0.17, host: fv-az184-677.3ow45vhwbzuu5incsxmygykede.cx.internal.cloudapp.net, ports: [REPLICATION=40199, RATIS=43041, RATIS_ADMIN=43041, RATIS_SERVER=43041, STANDALONE=37757], networkLocation: /default-rack, certSerialId: null, persistedOpState: IN_SERVICE, persistedOpStateExpiryEpochSec: 0} reported CLOSED replica.
2021-08-15 14:03:28,682 [Datanode State Machine Thread - 0] WARN  statemachine.StateContext (StateContext.java:execute(621)) - No available thread in pool for past 0 seconds.
2021-08-15 14:03:28,685 [pool-467-thread-10] INFO  keyvalue.KeyValueContainer (KeyValueContainer.java:close(334)) - Container 10 is closed with bcsId 159.
2021-08-15 14:03:28,705 [Datanode State Machine Thread - 0] WARN  statemachine.StateContext (StateContext.java:execute(621)) - No available thread in pool for past 0 seconds.
2021-08-15 14:03:28,707 [Datanode State Machine Thread - 0] WARN  statemachine.StateContext (StateContext.java:execute(621)) - No available thread in pool for past 0 seconds.
2021-08-15 14:03:28,708 [pool-465-thread-1] INFO  keyvalue.KeyValueContainer (KeyValueContainer.java:flushAndSyncDB(397)) - Container 11 is synced with bcsId 175.
2021-08-15 14:03:28,708 [pool-465-thread-1] INFO  keyvalue.KeyValueContainer (KeyValueContainer.java:flushAndSyncDB(397)) - Container 11 is synced with bcsId 175.
2021-08-15 14:03:28,709 [Datanode State Machine Thread - 0] WARN  statemachine.StateContext (StateContext.java:execute(621)) - No available thread in pool for past 0 seconds.
2021-08-15 14:03:28,710 [pool-465-thread-1] INFO  keyvalue.KeyValueContainer (KeyValueContainer.java:close(334)) - Container 11 is closed with bcsId 175.
2021-08-15 14:03:28,711 [EventQueue-IncrementalContainerReportForIncrementalContainerReportHandler] INFO  container.IncrementalContainerReportHandler (AbstractContainerReportHandler.java:updateContainerState(223)) - Moving container #11 to CLOSED state, datanode c2c40a72-a699-49b1-b721-1997d9d2c71f{ip: 10.1.0.17, host: fv-az184-677.3ow45vhwbzuu5incsxmygykede.cx.internal.cloudapp.net, ports: [REPLICATION=40199, RATIS=43041, RATIS_ADMIN=43041, RATIS_SERVER=43041, STANDALONE=37757], networkLocation: /default-rack, certSerialId: null, persistedOpState: IN_SERVICE, persistedOpStateExpiryEpochSec: 0} reported CLOSED replica.
2021-08-15 14:03:28,712 [Datanode State Machine Thread - 0] WARN  statemachine.StateContext (StateContext.java:execute(621)) - No available thread in pool for past 0 seconds.
2021-08-15 14:03:28,713 [Datanode State Machine Thread - 0] WARN  statemachine.StateContext (StateContext.java:execute(621)) - No available thread in pool for past 0 seconds.
2021-08-15 14:03:28,715 [Datanode State Machine Thread - 0] WARN  statemachine.StateContext (StateContext.java:execute(621)) - No available thread in pool for past 0 seconds.
2021-08-15 14:03:28,736 [pool-466-thread-8] INFO  keyvalue.KeyValueContainer (KeyValueContainer.java:flushAndSyncDB(397)) - Container 10 is synced with bcsId 159.
2021-08-15 14:03:28,736 [Datanode State Machine Thread - 0] WARN  statemachine.StateContext (StateContext.java:execute(621)) - No available thread in pool for past 0 seconds.
2021-08-15 14:03:28,737 [pool-466-thread-8] INFO  keyvalue.KeyValueContainer (KeyValueContainer.java:flushAndSyncDB(397)) - Container 10 is synced with bcsId 159.
2021-08-15 14:03:28,738 [pool-466-thread-8] INFO  keyvalue.KeyValueContainer (KeyValueContainer.java:close(334)) - Container 10 is closed with bcsId 159.
2021-08-15 14:03:28,744 [Datanode State Machine Thread - 0] WARN  statemachine.StateContext (StateContext.java:execute(621)) - No available thread in pool for past 0 seconds.
2021-08-15 14:03:28,746 [Datanode State Machine Thread - 0] WARN  statemachine.StateContext (StateContext.java:execute(621)) - No available thread in pool for past 0 seconds.
2021-08-15 14:03:28,747 [pool-467-thread-7] INFO  keyvalue.KeyValueContainer (KeyValueContainer.java:flushAndSyncDB(397)) - Container 11 is synced with bcsId 175.
2021-08-15 14:03:28,747 [pool-467-thread-7] INFO  keyvalue.KeyValueContainer (KeyValueContainer.java:flushAndSyncDB(397)) - Container 11 is synced with bcsId 175.
2021-08-15 14:03:28,751 [SCMBlockDeletingService#0] DEBUG block.SCMBlockDeletingService (SCMBlockDeletingService.java:call(133)) - Running DeletedBlockTransactionScanner
2021-08-15 14:03:28,751 [SCMBlockDeletingService#0] DEBUG block.SCMBlockDeletingService (DatanodeDeletedBlockTransactions.java:addTransactionToDN(50)) - Transaction added: 0475d2c2-d46f-403e-95a5-8ff1a5c32338 <- TX(1)
2021-08-15 14:03:28,751 [SCMBlockDeletingService#0] DEBUG block.SCMBlockDeletingService (DatanodeDeletedBlockTransactions.java:addTransactionToDN(50)) - Transaction added: f89ecde1-abfa-4530-92e2-4a065b7725ea <- TX(1)
2021-08-15 14:03:28,751 [SCMBlockDeletingService#0] DEBUG block.SCMBlockDeletingService (DatanodeDeletedBlockTransactions.java:addTransactionToDN(50)) - Transaction added: c2c40a72-a699-49b1-b721-1997d9d2c71f <- TX(1)
2021-08-15 14:03:28,751 [SCMBlockDeletingService#0] DEBUG block.SCMBlockDeletingService (DatanodeDeletedBlockTransactions.java:addTransactionToDN(50)) - Transaction added: 0475d2c2-d46f-403e-95a5-8ff1a5c32338 <- TX(2)
2021-08-15 14:03:28,751 [SCMBlockDeletingService#0] DEBUG block.SCMBlockDeletingService (DatanodeDeletedBlockTransactions.java:addTransactionToDN(50)) - Transaction added: c2c40a72-a699-49b1-b721-1997d9d2c71f <- TX(2)
2021-08-15 14:03:28,751 [SCMBlockDeletingService#0] DEBUG block.SCMBlockDeletingService (DatanodeDeletedBlockTransactions.java:addTransactionToDN(50)) - Transaction added: f89ecde1-abfa-4530-92e2-4a065b7725ea <- TX(2)
2021-08-15 14:03:28,751 [SCMBlockDeletingService#0] DEBUG block.SCMBlockDeletingService (DatanodeDeletedBlockTransactions.java:addTransactionToDN(50)) - Transaction added: 0475d2c2-d46f-403e-95a5-8ff1a5c32338 <- TX(3)
2021-08-15 14:03:28,751 [SCMBlockDeletingService#0] DEBUG block.SCMBlockDeletingService (DatanodeDeletedBlockTransactions.java:addTransactionToDN(50)) - Transaction added: c2c40a72-a699-49b1-b721-1997d9d2c71f <- TX(3)
2021-08-15 14:03:28,751 [SCMBlockDeletingService#0] DEBUG block.SCMBlockDeletingService (DatanodeDeletedBlockTransactions.java:addTransactionToDN(50)) - Transaction added: f89ecde1-abfa-4530-92e2-4a065b7725ea <- TX(3)
2021-08-15 14:03:28,751 [SCMBlockDeletingService#0] DEBUG block.SCMBlockDeletingService (DatanodeDeletedBlockTransactions.java:addTransactionToDN(50)) - Transaction added: f89ecde1-abfa-4530-92e2-4a065b7725ea <- TX(4)
2021-08-15 14:03:28,751 [SCMBlockDeletingService#0] DEBUG block.SCMBlockDeletingService (DatanodeDeletedBlockTransactions.java:addTransactionToDN(50)) - Transaction added: c2c40a72-a699-49b1-b721-1997d9d2c71f <- TX(4)
2021-08-15 14:03:28,751 [SCMBlockDeletingService#0] DEBUG block.SCMBlockDeletingService (DatanodeDeletedBlockTransactions.java:addTransactionToDN(50)) - Transaction added: 0475d2c2-d46f-403e-95a5-8ff1a5c32338 <- TX(4)
2021-08-15 14:03:28,751 [SCMBlockDeletingService#0] DEBUG block.SCMBlockDeletingService (DatanodeDeletedBlockTransactions.java:addTransactionToDN(50)) - Transaction added: c2c40a72-a699-49b1-b721-1997d9d2c71f <- TX(5)
2021-08-15 14:03:28,751 [SCMBlockDeletingService#0] DEBUG block.SCMBlockDeletingService (DatanodeDeletedBlockTransactions.java:addTransactionToDN(50)) - Transaction added: f89ecde1-abfa-4530-92e2-4a065b7725ea <- TX(5)
2021-08-15 14:03:28,751 [SCMBlockDeletingService#0] DEBUG block.SCMBlockDeletingService (DatanodeDeletedBlockTransactions.java:addTransactionToDN(50)) - Transaction added: 0475d2c2-d46f-403e-95a5-8ff1a5c32338 <- TX(5)
2021-08-15 14:03:28,751 [SCMBlockDeletingService#0] DEBUG block.SCMBlockDeletingService (DatanodeDeletedBlockTransactions.java:addTransactionToDN(50)) - Transaction added: c2c40a72-a699-49b1-b721-1997d9d2c71f <- TX(6)
2021-08-15 14:03:28,751 [SCMBlockDeletingService#0] DEBUG block.SCMBlockDeletingService (DatanodeDeletedBlockTransactions.java:addTransactionToDN(50)) - Transaction added: f89ecde1-abfa-4530-92e2-4a065b7725ea <- TX(6)
2021-08-15 14:03:28,751 [SCMBlockDeletingService#0] DEBUG block.SCMBlockDeletingService (DatanodeDeletedBlockTransactions.java:addTransactionToDN(50)) - Transaction added: 0475d2c2-d46f-403e-95a5-8ff1a5c32338 <- TX(6)
2021-08-15 14:03:28,751 [SCMBlockDeletingService#0] DEBUG block.SCMBlockDeletingService (DatanodeDeletedBlockTransactions.java:addTransactionToDN(50)) - Transaction added: f89ecde1-abfa-4530-92e2-4a065b7725ea <- TX(7)
2021-08-15 14:03:28,751 [SCMBlockDeletingService#0] DEBUG block.SCMBlockDeletingService (DatanodeDeletedBlockTransactions.java:addTransactionToDN(50)) - Transaction added: 0475d2c2-d46f-403e-95a5-8ff1a5c32338 <- TX(7)
2021-08-15 14:03:28,751 [SCMBlockDeletingService#0] DEBUG block.SCMBlockDeletingService (DatanodeDeletedBlockTransactions.java:addTransactionToDN(50)) - Transaction added: c2c40a72-a699-49b1-b721-1997d9d2c71f <- TX(7)
2021-08-15 14:03:28,751 [SCMBlockDeletingService#0] DEBUG block.SCMBlockDeletingService (DatanodeDeletedBlockTransactions.java:addTransactionToDN(50)) - Transaction added: 0475d2c2-d46f-403e-95a5-8ff1a5c32338 <- TX(8)
2021-08-15 14:03:28,751 [SCMBlockDeletingService#0] DEBUG block.SCMBlockDeletingService (DatanodeDeletedBlockTransactions.java:addTransactionToDN(50)) - Transaction added: f89ecde1-abfa-4530-92e2-4a065b7725ea <- TX(8)
2021-08-15 14:03:28,751 [SCMBlockDeletingService#0] DEBUG block.SCMBlockDeletingService (DatanodeDeletedBlockTransactions.java:addTransactionToDN(50)) - Transaction added: c2c40a72-a699-49b1-b721-1997d9d2c71f <- TX(8)
2021-08-15 14:03:28,751 [SCMBlockDeletingService#0] DEBUG block.SCMBlockDeletingService (DatanodeDeletedBlockTransactions.java:addTransactionToDN(50)) - Transaction added: 0475d2c2-d46f-403e-95a5-8ff1a5c32338 <- TX(9)
2021-08-15 14:03:28,751 [SCMBlockDeletingService#0] DEBUG block.SCMBlockDeletingService (DatanodeDeletedBlockTransactions.java:addTransactionToDN(50)) - Transaction added: c2c40a72-a699-49b1-b721-1997d9d2c71f <- TX(9)
2021-08-15 14:03:28,751 [SCMBlockDeletingService#0] DEBUG block.SCMBlockDeletingService (DatanodeDeletedBlockTransactions.java:addTransactionToDN(50)) - Transaction added: f89ecde1-abfa-4530-92e2-4a065b7725ea <- TX(9)
2021-08-15 14:03:28,752 [SCMBlockDeletingService#0] DEBUG block.SCMBlockDeletingService (DatanodeDeletedBlockTransactions.java:addTransactionToDN(50)) - Transaction added: 0475d2c2-d46f-403e-95a5-8ff1a5c32338 <- TX(10)
2021-08-15 14:03:28,752 [SCMBlockDeletingService#0] DEBUG block.SCMBlockDeletingService (DatanodeDeletedBlockTransactions.java:addTransactionToDN(50)) - Transaction added: c2c40a72-a699-49b1-b721-1997d9d2c71f <- TX(10)
2021-08-15 14:03:28,752 [SCMBlockDeletingService#0] DEBUG block.SCMBlockDeletingService (DatanodeDeletedBlockTransactions.java:addTransactionToDN(50)) - Transaction added: f89ecde1-abfa-4530-92e2-4a065b7725ea <- TX(10)
2021-08-15 14:03:28,752 [SCMBlockDeletingService#0] DEBUG block.SCMBlockDeletingService (DatanodeDeletedBlockTransactions.java:addTransactionToDN(50)) - Transaction added: 0475d2c2-d46f-403e-95a5-8ff1a5c32338 <- TX(11)
2021-08-15 14:03:28,752 [SCMBlockDeletingService#0] DEBUG block.SCMBlockDeletingService (DatanodeDeletedBlockTransactions.java:addTransactionToDN(50)) - Transaction added: c2c40a72-a699-49b1-b721-1997d9d2c71f <- TX(11)
2021-08-15 14:03:28,752 [SCMBlockDeletingService#0] DEBUG block.SCMBlockDeletingService (DatanodeDeletedBlockTransactions.java:addTransactionToDN(50)) - Transaction added: f89ecde1-abfa-4530-92e2-4a065b7725ea <- TX(11)
2021-08-15 14:03:28,752 [SCMBlockDeletingService#0] DEBUG block.SCMBlockDeletingService (SCMBlockDeletingService.java:call(164)) - Added delete block command for datanode c2c40a72-a699-49b1-b721-1997d9d2c71f in the queue, number of delete block transactions: 11
2021-08-15 14:03:28,752 [SCMBlockDeletingService#0] DEBUG block.SCMBlockDeletingService (SCMBlockDeletingService.java:call(164)) - Added delete block command for datanode 0475d2c2-d46f-403e-95a5-8ff1a5c32338 in the queue, number of delete block transactions: 11
2021-08-15 14:03:28,752 [SCMBlockDeletingService#0] DEBUG block.SCMBlockDeletingService (SCMBlockDeletingService.java:call(164)) - Added delete block command for datanode f89ecde1-abfa-4530-92e2-4a065b7725ea in the queue, number of delete block transactions: 11
2021-08-15 14:03:28,752 [SCMBlockDeletingService#0] INFO  block.SCMBlockDeletingService (SCMBlockDeletingService.java:call(174)) - Totally added 33 blocks to be deleted for 3 datanodes, task elapsed time: 1ms
2021-08-15 14:03:28,755 [pool-467-thread-7] INFO  keyvalue.KeyValueContainer (KeyValueContainer.java:close(334)) - Container 11 is closed with bcsId 175.
2021-08-15 14:03:28,776 [pool-465-thread-2] INFO  keyvalue.KeyValueContainer (KeyValueContainer.java:flushAndSyncDB(397)) - Container 12 is synced with bcsId 191.
2021-08-15 14:03:28,776 [pool-465-thread-2] INFO  keyvalue.KeyValueContainer (KeyValueContainer.java:flushAndSyncDB(397)) - Container 12 is synced with bcsId 191.
2021-08-15 14:03:28,779 [pool-465-thread-2] INFO  keyvalue.KeyValueContainer (KeyValueContainer.java:close(334)) - Container 12 is closed with bcsId 191.
2021-08-15 14:03:28,790 [pool-467-thread-6] INFO  keyvalue.KeyValueContainer (KeyValueContainer.java:flushAndSyncDB(397)) - Container 12 is synced with bcsId 191.
2021-08-15 14:03:28,790 [pool-467-thread-6] INFO  keyvalue.KeyValueContainer (KeyValueContainer.java:flushAndSyncDB(397)) - Container 12 is synced with bcsId 191.
2021-08-15 14:03:28,793 [Datanode State Machine Thread - 0] WARN  statemachine.StateContext (StateContext.java:execute(621)) - No available thread in pool for past 0 seconds.
2021-08-15 14:03:28,794 [pool-467-thread-6] INFO  keyvalue.KeyValueContainer (KeyValueContainer.java:close(334)) - Container 12 is closed with bcsId 191.
2021-08-15 14:03:28,794 [pool-466-thread-2] INFO  keyvalue.KeyValueContainer (KeyValueContainer.java:flushAndSyncDB(397)) - Container 11 is synced with bcsId 175.
2021-08-15 14:03:28,794 [pool-466-thread-2] INFO  keyvalue.KeyValueContainer (KeyValueContainer.java:flushAndSyncDB(397)) - Container 11 is synced with bcsId 175.
2021-08-15 14:03:28,798 [Datanode State Machine Thread - 0] WARN  statemachine.StateContext (StateContext.java:execute(621)) - No available thread in pool for past 0 seconds.
2021-08-15 14:03:28,798 [pool-466-thread-2] INFO  keyvalue.KeyValueContainer (KeyValueContainer.java:close(334)) - Container 11 is closed with bcsId 175.
2021-08-15 14:03:28,799 [EventQueue-IncrementalContainerReportForIncrementalContainerReportHandler] INFO  container.IncrementalContainerReportHandler (AbstractContainerReportHandler.java:updateContainerState(223)) - Moving container #12 to CLOSED state, datanode f89ecde1-abfa-4530-92e2-4a065b7725ea{ip: 10.1.0.17, host: fv-az184-677.3ow45vhwbzuu5incsxmygykede.cx.internal.cloudapp.net, ports: [REPLICATION=33771, RATIS=45053, RATIS_ADMIN=45053, RATIS_SERVER=45053, STANDALONE=46857], networkLocation: /default-rack, certSerialId: null, persistedOpState: IN_SERVICE, persistedOpStateExpiryEpochSec: 0} reported CLOSED replica.
2021-08-15 14:03:28,800 [Datanode State Machine Thread - 0] WARN  statemachine.StateContext (StateContext.java:execute(621)) - No available thread in pool for past 0 seconds.
2021-08-15 14:03:28,803 [pool-466-thread-10] INFO  keyvalue.KeyValueContainer (KeyValueContainer.java:flushAndSyncDB(397)) - Container 12 is synced with bcsId 191.
2021-08-15 14:03:28,809 [pool-466-thread-10] INFO  keyvalue.KeyValueContainer (KeyValueContainer.java:flushAndSyncDB(397)) - Container 12 is synced with bcsId 191.
2021-08-15 14:03:28,810 [pool-466-thread-10] INFO  keyvalue.KeyValueContainer (KeyValueContainer.java:close(334)) - Container 12 is closed with bcsId 191.
2021-08-15 14:03:28,815 [Datanode State Machine Thread - 0] WARN  statemachine.StateContext (StateContext.java:execute(621)) - No available thread in pool for past 0 seconds.
2021-08-15 14:03:28,817 [Datanode State Machine Thread - 0] WARN  statemachine.StateContext (StateContext.java:execute(621)) - No available thread in pool for past 0 seconds.
2021-08-15 14:03:28,833 [Datanode State Machine Thread - 0] WARN  statemachine.StateContext (StateContext.java:execute(621)) - No available thread in pool for past 0 seconds.
2021-08-15 14:03:28,833 [Datanode State Machine Thread - 0] WARN  statemachine.StateContext (StateContext.java:execute(621)) - No available thread in pool for past 0 seconds.
2021-08-15 14:03:28,836 [pool-465-thread-9] INFO  keyvalue.KeyValueContainer (KeyValueContainer.java:flushAndSyncDB(397)) - Container 13 is synced with bcsId 206.
2021-08-15 14:03:28,836 [pool-465-thread-9] INFO  keyvalue.KeyValueContainer (KeyValueContainer.java:flushAndSyncDB(397)) - Container 13 is synced with bcsId 206.
2021-08-15 14:03:28,841 [pool-465-thread-9] INFO  keyvalue.KeyValueContainer (KeyValueContainer.java:close(334)) - Container 13 is closed with bcsId 206.
2021-08-15 14:03:28,851 [SCMBlockDeletingService#0] DEBUG block.SCMBlockDeletingService (SCMBlockDeletingService.java:call(133)) - Running DeletedBlockTransactionScanner
2021-08-15 14:03:28,851 [SCMBlockDeletingService#0] DEBUG block.SCMBlockDeletingService (DatanodeDeletedBlockTransactions.java:addTransactionToDN(50)) - Transaction added: 0475d2c2-d46f-403e-95a5-8ff1a5c32338 <- TX(1)
2021-08-15 14:03:28,851 [SCMBlockDeletingService#0] DEBUG block.SCMBlockDeletingService (DatanodeDeletedBlockTransactions.java:addTransactionToDN(50)) - Transaction added: f89ecde1-abfa-4530-92e2-4a065b7725ea <- TX(1)
2021-08-15 14:03:28,851 [SCMBlockDeletingService#0] DEBUG block.SCMBlockDeletingService (DatanodeDeletedBlockTransactions.java:addTransactionToDN(50)) - Transaction added: c2c40a72-a699-49b1-b721-1997d9d2c71f <- TX(1)
2021-08-15 14:03:28,851 [SCMBlockDeletingService#0] DEBUG block.SCMBlockDeletingService (DatanodeDeletedBlockTransactions.java:addTransactionToDN(50)) - Transaction added: 0475d2c2-d46f-403e-95a5-8ff1a5c32338 <- TX(2)
2021-08-15 14:03:28,851 [SCMBlockDeletingService#0] DEBUG block.SCMBlockDeletingService (DatanodeDeletedBlockTransactions.java:addTransactionToDN(50)) - Transaction added: c2c40a72-a699-49b1-b721-1997d9d2c71f <- TX(2)
2021-08-15 14:03:28,851 [SCMBlockDeletingService#0] DEBUG block.SCMBlockDeletingService (DatanodeDeletedBlockTransactions.java:addTransactionToDN(50)) - Transaction added: f89ecde1-abfa-4530-92e2-4a065b7725ea <- TX(2)
2021-08-15 14:03:28,851 [SCMBlockDeletingService#0] DEBUG block.SCMBlockDeletingService (DatanodeDeletedBlockTransactions.java:addTransactionToDN(50)) - Transaction added: 0475d2c2-d46f-403e-95a5-8ff1a5c32338 <- TX(3)
2021-08-15 14:03:28,851 [SCMBlockDeletingService#0] DEBUG block.SCMBlockDeletingService (DatanodeDeletedBlockTransactions.java:addTransactionToDN(50)) - Transaction added: c2c40a72-a699-49b1-b721-1997d9d2c71f <- TX(3)
2021-08-15 14:03:28,851 [SCMBlockDeletingService#0] DEBUG block.SCMBlockDeletingService (DatanodeDeletedBlockTransactions.java:addTransactionToDN(50)) - Transaction added: f89ecde1-abfa-4530-92e2-4a065b7725ea <- TX(3)
2021-08-15 14:03:28,851 [SCMBlockDeletingService#0] DEBUG block.SCMBlockDeletingService (DatanodeDeletedBlockTransactions.java:addTransactionToDN(50)) - Transaction added: f89ecde1-abfa-4530-92e2-4a065b7725ea <- TX(4)
2021-08-15 14:03:28,851 [SCMBlockDeletingService#0] DEBUG block.SCMBlockDeletingService (DatanodeDeletedBlockTransactions.java:addTransactionToDN(50)) - Transaction added: c2c40a72-a699-49b1-b721-1997d9d2c71f <- TX(4)
2021-08-15 14:03:28,851 [SCMBlockDeletingService#0] DEBUG block.SCMBlockDeletingService (DatanodeDeletedBlockTransactions.java:addTransactionToDN(50)) - Transaction added: 0475d2c2-d46f-403e-95a5-8ff1a5c32338 <- TX(4)
2021-08-15 14:03:28,851 [SCMBlockDeletingService#0] DEBUG block.SCMBlockDeletingService (DatanodeDeletedBlockTransactions.java:addTransactionToDN(50)) - Transaction added: c2c40a72-a699-49b1-b721-1997d9d2c71f <- TX(5)
2021-08-15 14:03:28,851 [SCMBlockDeletingService#0] DEBUG block.SCMBlockDeletingService (DatanodeDeletedBlockTransactions.java:addTransactionToDN(50)) - Transaction added: f89ecde1-abfa-4530-92e2-4a065b7725ea <- TX(5)
2021-08-15 14:03:28,851 [SCMBlockDeletingService#0] DEBUG block.SCMBlockDeletingService (DatanodeDeletedBlockTransactions.java:addTransactionToDN(50)) - Transaction added: 0475d2c2-d46f-403e-95a5-8ff1a5c32338 <- TX(5)
2021-08-15 14:03:28,851 [SCMBlockDeletingService#0] DEBUG block.SCMBlockDeletingService (DatanodeDeletedBlockTransactions.java:addTransactionToDN(50)) - Transaction added: c2c40a72-a699-49b1-b721-1997d9d2c71f <- TX(6)
2021-08-15 14:03:28,851 [SCMBlockDeletingService#0] DEBUG block.SCMBlockDeletingService (DatanodeDeletedBlockTransactions.java:addTransactionToDN(50)) - Transaction added: f89ecde1-abfa-4530-92e2-4a065b7725ea <- TX(6)
2021-08-15 14:03:28,851 [SCMBlockDeletingService#0] DEBUG block.SCMBlockDeletingService (DatanodeDeletedBlockTransactions.java:addTransactionToDN(50)) - Transaction added: 0475d2c2-d46f-403e-95a5-8ff1a5c32338 <- TX(6)
2021-08-15 14:03:28,851 [SCMBlockDeletingService#0] DEBUG block.SCMBlockDeletingService (DatanodeDeletedBlockTransactions.java:addTransactionToDN(50)) - Transaction added: f89ecde1-abfa-4530-92e2-4a065b7725ea <- TX(7)
2021-08-15 14:03:28,851 [SCMBlockDeletingService#0] DEBUG block.SCMBlockDeletingService (DatanodeDeletedBlockTransactions.java:addTransactionToDN(50)) - Transaction added: 0475d2c2-d46f-403e-95a5-8ff1a5c32338 <- TX(7)
2021-08-15 14:03:28,851 [SCMBlockDeletingService#0] DEBUG block.SCMBlockDeletingService (DatanodeDeletedBlockTransactions.java:addTransactionToDN(50)) - Transaction added: c2c40a72-a699-49b1-b721-1997d9d2c71f <- TX(7)
2021-08-15 14:03:28,851 [SCMBlockDeletingService#0] DEBUG block.SCMBlockDeletingService (DatanodeDeletedBlockTransactions.java:addTransactionToDN(50)) - Transaction added: 0475d2c2-d46f-403e-95a5-8ff1a5c32338 <- TX(8)
2021-08-15 14:03:28,851 [SCMBlockDeletingService#0] DEBUG block.SCMBlockDeletingService (DatanodeDeletedBlockTransactions.java:addTransactionToDN(50)) - Transaction added: f89ecde1-abfa-4530-92e2-4a065b7725ea <- TX(8)
2021-08-15 14:03:28,851 [SCMBlockDeletingService#0] DEBUG block.SCMBlockDeletingService (DatanodeDeletedBlockTransactions.java:addTransactionToDN(50)) - Transaction added: c2c40a72-a699-49b1-b721-1997d9d2c71f <- TX(8)
2021-08-15 14:03:28,851 [SCMBlockDeletingService#0] DEBUG block.SCMBlockDeletingService (DatanodeDeletedBlockTransactions.java:addTransactionToDN(50)) - Transaction added: 0475d2c2-d46f-403e-95a5-8ff1a5c32338 <- TX(9)
2021-08-15 14:03:28,852 [SCMBlockDeletingService#0] DEBUG block.SCMBlockDeletingService (DatanodeDeletedBlockTransactions.java:addTransactionToDN(50)) - Transaction added: c2c40a72-a699-49b1-b721-1997d9d2c71f <- TX(9)
2021-08-15 14:03:28,852 [SCMBlockDeletingService#0] DEBUG block.SCMBlockDeletingService (DatanodeDeletedBlockTransactions.java:addTransactionToDN(50)) - Transaction added: f89ecde1-abfa-4530-92e2-4a065b7725ea <- TX(9)
2021-08-15 14:03:28,852 [SCMBlockDeletingService#0] DEBUG block.SCMBlockDeletingService (DatanodeDeletedBlockTransactions.java:addTransactionToDN(50)) - Transaction added: 0475d2c2-d46f-403e-95a5-8ff1a5c32338 <- TX(10)
2021-08-15 14:03:28,852 [SCMBlockDeletingService#0] DEBUG block.SCMBlockDeletingService (DatanodeDeletedBlockTransactions.java:addTransactionToDN(50)) - Transaction added: c2c40a72-a699-49b1-b721-1997d9d2c71f <- TX(10)
2021-08-15 14:03:28,852 [SCMBlockDeletingService#0] DEBUG block.SCMBlockDeletingService (DatanodeDeletedBlockTransactions.java:addTransactionToDN(50)) - Transaction added: f89ecde1-abfa-4530-92e2-4a065b7725ea <- TX(10)
2021-08-15 14:03:28,852 [SCMBlockDeletingService#0] DEBUG block.SCMBlockDeletingService (DatanodeDeletedBlockTransactions.java:addTransactionToDN(50)) - Transaction added: 0475d2c2-d46f-403e-95a5-8ff1a5c32338 <- TX(11)
2021-08-15 14:03:28,852 [SCMBlockDeletingService#0] DEBUG block.SCMBlockDeletingService (DatanodeDeletedBlockTransactions.java:addTransactionToDN(50)) - Transaction added: c2c40a72-a699-49b1-b721-1997d9d2c71f <- TX(11)
2021-08-15 14:03:28,852 [SCMBlockDeletingService#0] DEBUG block.SCMBlockDeletingService (DatanodeDeletedBlockTransactions.java:addTransactionToDN(50)) - Transaction added: f89ecde1-abfa-4530-92e2-4a065b7725ea <- TX(11)
2021-08-15 14:03:28,852 [SCMBlockDeletingService#0] DEBUG block.SCMBlockDeletingService (DatanodeDeletedBlockTransactions.java:addTransactionToDN(50)) - Transaction added: f89ecde1-abfa-4530-92e2-4a065b7725ea <- TX(12)
2021-08-15 14:03:28,852 [SCMBlockDeletingService#0] DEBUG block.SCMBlockDeletingService (DatanodeDeletedBlockTransactions.java:addTransactionToDN(50)) - Transaction added: c2c40a72-a699-49b1-b721-1997d9d2c71f <- TX(12)
2021-08-15 14:03:28,852 [SCMBlockDeletingService#0] DEBUG block.SCMBlockDeletingService (DatanodeDeletedBlockTransactions.java:addTransactionToDN(50)) - Transaction added: 0475d2c2-d46f-403e-95a5-8ff1a5c32338 <- TX(12)
2021-08-15 14:03:28,852 [SCMBlockDeletingService#0] DEBUG block.SCMBlockDeletingService (SCMBlockDeletingService.java:call(164)) - Added delete block command for datanode c2c40a72-a699-49b1-b721-1997d9d2c71f in the queue, number of delete block transactions: 12
2021-08-15 14:03:28,852 [SCMBlockDeletingService#0] DEBUG block.SCMBlockDeletingService (SCMBlockDeletingService.java:call(164)) - Added delete block command for datanode 0475d2c2-d46f-403e-95a5-8ff1a5c32338 in the queue, number of delete block transactions: 12
2021-08-15 14:03:28,852 [SCMBlockDeletingService#0] DEBUG block.SCMBlockDeletingService (SCMBlockDeletingService.java:call(164)) - Added delete block command for datanode f89ecde1-abfa-4530-92e2-4a065b7725ea in the queue, number of delete block transactions: 12
2021-08-15 14:03:28,852 [SCMBlockDeletingService#0] INFO  block.SCMBlockDeletingService (SCMBlockDeletingService.java:call(174)) - Totally added 36 blocks to be deleted for 3 datanodes, task elapsed time: 1ms
2021-08-15 14:03:28,864 [Datanode State Machine Thread - 0] WARN  statemachine.StateContext (StateContext.java:execute(621)) - No available thread in pool for past 0 seconds.
2021-08-15 14:03:28,865 [EventQueue-IncrementalContainerReportForIncrementalContainerReportHandler] INFO  container.IncrementalContainerReportHandler (AbstractContainerReportHandler.java:updateContainerState(223)) - Moving container #13 to CLOSED state, datanode c2c40a72-a699-49b1-b721-1997d9d2c71f{ip: 10.1.0.17, host: fv-az184-677.3ow45vhwbzuu5incsxmygykede.cx.internal.cloudapp.net, ports: [REPLICATION=40199, RATIS=43041, RATIS_ADMIN=43041, RATIS_SERVER=43041, STANDALONE=37757], networkLocation: /default-rack, certSerialId: null, persistedOpState: IN_SERVICE, persistedOpStateExpiryEpochSec: 0} reported CLOSED replica.
2021-08-15 14:03:28,868 [Datanode State Machine Thread - 0] WARN  statemachine.StateContext (StateContext.java:execute(621)) - No available thread in pool for past 0 seconds.
2021-08-15 14:03:28,868 [Datanode State Machine Thread - 0] WARN  statemachine.StateContext (StateContext.java:execute(621)) - No available thread in pool for past 0 seconds.
2021-08-15 14:03:28,870 [pool-467-thread-9] INFO  keyvalue.KeyValueContainer (KeyValueContainer.java:flushAndSyncDB(397)) - Container 13 is synced with bcsId 206.
2021-08-15 14:03:28,870 [pool-467-thread-9] INFO  keyvalue.KeyValueContainer (KeyValueContainer.java:flushAndSyncDB(397)) - Container 13 is synced with bcsId 206.
2021-08-15 14:03:28,872 [pool-467-thread-9] INFO  keyvalue.KeyValueContainer (KeyValueContainer.java:close(334)) - Container 13 is closed with bcsId 206.
2021-08-15 14:03:28,872 [Datanode State Machine Thread - 0] WARN  statemachine.StateContext (StateContext.java:execute(621)) - No available thread in pool for past 0 seconds.
2021-08-15 14:03:28,880 [Datanode State Machine Thread - 0] WARN  statemachine.StateContext (StateContext.java:execute(621)) - No available thread in pool for past 0 seconds.
2021-08-15 14:03:28,880 [Datanode State Machine Thread - 0] WARN  statemachine.StateContext (StateContext.java:execute(621)) - No available thread in pool for past 0 seconds.
2021-08-15 14:03:28,885 [pool-465-thread-10] INFO  keyvalue.KeyValueContainer (KeyValueContainer.java:flushAndSyncDB(397)) - Container 14 is synced with bcsId 222.
2021-08-15 14:03:28,885 [pool-465-thread-10] INFO  keyvalue.KeyValueContainer (KeyValueContainer.java:flushAndSyncDB(397)) - Container 14 is synced with bcsId 222.
2021-08-15 14:03:28,886 [Datanode State Machine Thread - 0] WARN  statemachine.StateContext (StateContext.java:execute(621)) - No available thread in pool for past 0 seconds.
2021-08-15 14:03:28,886 [pool-466-thread-4] INFO  keyvalue.KeyValueContainer (KeyValueContainer.java:flushAndSyncDB(397)) - Container 13 is synced with bcsId 206.
2021-08-15 14:03:28,886 [pool-466-thread-4] INFO  keyvalue.KeyValueContainer (KeyValueContainer.java:flushAndSyncDB(397)) - Container 13 is synced with bcsId 206.
2021-08-15 14:03:28,888 [pool-467-thread-4] INFO  keyvalue.KeyValueContainer (KeyValueContainer.java:flushAndSyncDB(397)) - Container 14 is synced with bcsId 222.
2021-08-15 14:03:28,888 [pool-467-thread-4] INFO  keyvalue.KeyValueContainer (KeyValueContainer.java:flushAndSyncDB(397)) - Container 14 is synced with bcsId 222.
2021-08-15 14:03:28,889 [pool-465-thread-10] INFO  keyvalue.KeyValueContainer (KeyValueContainer.java:close(334)) - Container 14 is closed with bcsId 222.
2021-08-15 14:03:28,889 [Datanode State Machine Thread - 0] WARN  statemachine.StateContext (StateContext.java:execute(621)) - No available thread in pool for past 0 seconds.
2021-08-15 14:03:28,889 [pool-466-thread-4] INFO  keyvalue.KeyValueContainer (KeyValueContainer.java:close(334)) - Container 13 is closed with bcsId 206.
2021-08-15 14:03:28,890 [EventQueue-IncrementalContainerReportForIncrementalContainerReportHandler] INFO  container.IncrementalContainerReportHandler (AbstractContainerReportHandler.java:updateContainerState(223)) - Moving container #14 to CLOSED state, datanode c2c40a72-a699-49b1-b721-1997d9d2c71f{ip: 10.1.0.17, host: fv-az184-677.3ow45vhwbzuu5incsxmygykede.cx.internal.cloudapp.net, ports: [REPLICATION=40199, RATIS=43041, RATIS_ADMIN=43041, RATIS_SERVER=43041, STANDALONE=37757], networkLocation: /default-rack, certSerialId: null, persistedOpState: IN_SERVICE, persistedOpStateExpiryEpochSec: 0} reported CLOSED replica.
2021-08-15 14:03:28,891 [pool-467-thread-4] INFO  keyvalue.KeyValueContainer (KeyValueContainer.java:close(334)) - Container 14 is closed with bcsId 222.
2021-08-15 14:03:28,892 [Datanode State Machine Thread - 0] WARN  statemachine.StateContext (StateContext.java:execute(621)) - No available thread in pool for past 0 seconds.
2021-08-15 14:03:28,892 [pool-466-thread-5] INFO  keyvalue.KeyValueContainer (KeyValueContainer.java:flushAndSyncDB(397)) - Container 14 is synced with bcsId 222.
2021-08-15 14:03:28,897 [pool-466-thread-5] INFO  keyvalue.KeyValueContainer (KeyValueContainer.java:flushAndSyncDB(397)) - Container 14 is synced with bcsId 222.
2021-08-15 14:03:28,900 [pool-466-thread-5] INFO  keyvalue.KeyValueContainer (KeyValueContainer.java:close(334)) - Container 14 is closed with bcsId 222.
2021-08-15 14:03:28,913 [Datanode State Machine Thread - 0] WARN  statemachine.StateContext (StateContext.java:execute(621)) - No available thread in pool for past 0 seconds.
2021-08-15 14:03:28,921 [Datanode State Machine Thread - 0] WARN  statemachine.StateContext (StateContext.java:execute(621)) - No available thread in pool for past 0 seconds.
2021-08-15 14:03:28,921 [pool-465-thread-5] INFO  keyvalue.KeyValueContainer (KeyValueContainer.java:flushAndSyncDB(397)) - Container 15 is synced with bcsId 235.
2021-08-15 14:03:28,921 [pool-465-thread-5] INFO  keyvalue.KeyValueContainer (KeyValueContainer.java:flushAndSyncDB(397)) - Container 15 is synced with bcsId 235.
2021-08-15 14:03:28,924 [pool-465-thread-5] INFO  keyvalue.KeyValueContainer (KeyValueContainer.java:close(334)) - Container 15 is closed with bcsId 235.
2021-08-15 14:03:28,932 [pool-466-thread-9] INFO  keyvalue.KeyValueContainer (KeyValueContainer.java:flushAndSyncDB(397)) - Container 15 is synced with bcsId 235.
2021-08-15 14:03:28,932 [pool-466-thread-9] INFO  keyvalue.KeyValueContainer (KeyValueContainer.java:flushAndSyncDB(397)) - Container 15 is synced with bcsId 235.
2021-08-15 14:03:28,933 [Datanode State Machine Thread - 0] WARN  statemachine.StateContext (StateContext.java:execute(621)) - No available thread in pool for past 0 seconds.
2021-08-15 14:03:28,934 [EventQueue-IncrementalContainerReportForIncrementalContainerReportHandler] INFO  container.IncrementalContainerReportHandler (AbstractContainerReportHandler.java:updateContainerState(223)) - Moving container #15 to CLOSED state, datanode c2c40a72-a699-49b1-b721-1997d9d2c71f{ip: 10.1.0.17, host: fv-az184-677.3ow45vhwbzuu5incsxmygykede.cx.internal.cloudapp.net, ports: [REPLICATION=40199, RATIS=43041, RATIS_ADMIN=43041, RATIS_SERVER=43041, STANDALONE=37757], networkLocation: /default-rack, certSerialId: null, persistedOpState: IN_SERVICE, persistedOpStateExpiryEpochSec: 0} reported CLOSED replica.
2021-08-15 14:03:28,936 [Datanode State Machine Thread - 0] WARN  statemachine.StateContext (StateContext.java:execute(621)) - No available thread in pool for past 0 seconds.
2021-08-15 14:03:28,937 [Datanode State Machine Thread - 0] WARN  statemachine.StateContext (StateContext.java:execute(621)) - No available thread in pool for past 0 seconds.
2021-08-15 14:03:28,951 [SCMBlockDeletingService#0] DEBUG block.SCMBlockDeletingService (SCMBlockDeletingService.java:call(133)) - Running DeletedBlockTransactionScanner
2021-08-15 14:03:28,951 [SCMBlockDeletingService#0] DEBUG block.SCMBlockDeletingService (DatanodeDeletedBlockTransactions.java:addTransactionToDN(50)) - Transaction added: 0475d2c2-d46f-403e-95a5-8ff1a5c32338 <- TX(1)
2021-08-15 14:03:28,951 [SCMBlockDeletingService#0] DEBUG block.SCMBlockDeletingService (DatanodeDeletedBlockTransactions.java:addTransactionToDN(50)) - Transaction added: f89ecde1-abfa-4530-92e2-4a065b7725ea <- TX(1)
2021-08-15 14:03:28,951 [SCMBlockDeletingService#0] DEBUG block.SCMBlockDeletingService (DatanodeDeletedBlockTransactions.java:addTransactionToDN(50)) - Transaction added: c2c40a72-a699-49b1-b721-1997d9d2c71f <- TX(1)
2021-08-15 14:03:28,952 [SCMBlockDeletingService#0] DEBUG block.SCMBlockDeletingService (DatanodeDeletedBlockTransactions.java:addTransactionToDN(50)) - Transaction added: 0475d2c2-d46f-403e-95a5-8ff1a5c32338 <- TX(2)
2021-08-15 14:03:28,952 [SCMBlockDeletingService#0] DEBUG block.SCMBlockDeletingService (DatanodeDeletedBlockTransactions.java:addTransactionToDN(50)) - Transaction added: c2c40a72-a699-49b1-b721-1997d9d2c71f <- TX(2)
2021-08-15 14:03:28,952 [SCMBlockDeletingService#0] DEBUG block.SCMBlockDeletingService (DatanodeDeletedBlockTransactions.java:addTransactionToDN(50)) - Transaction added: f89ecde1-abfa-4530-92e2-4a065b7725ea <- TX(2)
2021-08-15 14:03:28,952 [SCMBlockDeletingService#0] DEBUG block.SCMBlockDeletingService (DatanodeDeletedBlockTransactions.java:addTransactionToDN(50)) - Transaction added: 0475d2c2-d46f-403e-95a5-8ff1a5c32338 <- TX(3)
2021-08-15 14:03:28,952 [SCMBlockDeletingService#0] DEBUG block.SCMBlockDeletingService (DatanodeDeletedBlockTransactions.java:addTransactionToDN(50)) - Transaction added: c2c40a72-a699-49b1-b721-1997d9d2c71f <- TX(3)
2021-08-15 14:03:28,958 [SCMBlockDeletingService#0] DEBUG block.SCMBlockDeletingService (DatanodeDeletedBlockTransactions.java:addTransactionToDN(50)) - Transaction added: f89ecde1-abfa-4530-92e2-4a065b7725ea <- TX(3)
2021-08-15 14:03:28,958 [SCMBlockDeletingService#0] DEBUG block.SCMBlockDeletingService (DatanodeDeletedBlockTransactions.java:addTransactionToDN(50)) - Transaction added: f89ecde1-abfa-4530-92e2-4a065b7725ea <- TX(4)
2021-08-15 14:03:28,958 [SCMBlockDeletingService#0] DEBUG block.SCMBlockDeletingService (DatanodeDeletedBlockTransactions.java:addTransactionToDN(50)) - Transaction added: c2c40a72-a699-49b1-b721-1997d9d2c71f <- TX(4)
2021-08-15 14:03:28,958 [SCMBlockDeletingService#0] DEBUG block.SCMBlockDeletingService (DatanodeDeletedBlockTransactions.java:addTransactionToDN(50)) - Transaction added: 0475d2c2-d46f-403e-95a5-8ff1a5c32338 <- TX(4)
2021-08-15 14:03:28,958 [SCMBlockDeletingService#0] DEBUG block.SCMBlockDeletingService (DatanodeDeletedBlockTransactions.java:addTransactionToDN(50)) - Transaction added: c2c40a72-a699-49b1-b721-1997d9d2c71f <- TX(5)
2021-08-15 14:03:28,958 [SCMBlockDeletingService#0] DEBUG block.SCMBlockDeletingService (DatanodeDeletedBlockTransactions.java:addTransactionToDN(50)) - Transaction added: f89ecde1-abfa-4530-92e2-4a065b7725ea <- TX(5)
2021-08-15 14:03:28,958 [SCMBlockDeletingService#0] DEBUG block.SCMBlockDeletingService (DatanodeDeletedBlockTransactions.java:addTransactionToDN(50)) - Transaction added: 0475d2c2-d46f-403e-95a5-8ff1a5c32338 <- TX(5)
2021-08-15 14:03:28,958 [SCMBlockDeletingService#0] DEBUG block.SCMBlockDeletingService (DatanodeDeletedBlockTransactions.java:addTransactionToDN(50)) - Transaction added: c2c40a72-a699-49b1-b721-1997d9d2c71f <- TX(6)
2021-08-15 14:03:28,958 [SCMBlockDeletingService#0] DEBUG block.SCMBlockDeletingService (DatanodeDeletedBlockTransactions.java:addTransactionToDN(50)) - Transaction added: f89ecde1-abfa-4530-92e2-4a065b7725ea <- TX(6)
2021-08-15 14:03:28,958 [SCMBlockDeletingService#0] DEBUG block.SCMBlockDeletingService (DatanodeDeletedBlockTransactions.java:addTransactionToDN(50)) - Transaction added: 0475d2c2-d46f-403e-95a5-8ff1a5c32338 <- TX(6)
2021-08-15 14:03:28,958 [SCMBlockDeletingService#0] DEBUG block.SCMBlockDeletingService (DatanodeDeletedBlockTransactions.java:addTransactionToDN(50)) - Transaction added: f89ecde1-abfa-4530-92e2-4a065b7725ea <- TX(7)
2021-08-15 14:03:28,958 [SCMBlockDeletingService#0] DEBUG block.SCMBlockDeletingService (DatanodeDeletedBlockTransactions.java:addTransactionToDN(50)) - Transaction added: 0475d2c2-d46f-403e-95a5-8ff1a5c32338 <- TX(7)
2021-08-15 14:03:28,958 [SCMBlockDeletingService#0] DEBUG block.SCMBlockDeletingService (DatanodeDeletedBlockTransactions.java:addTransactionToDN(50)) - Transaction added: c2c40a72-a699-49b1-b721-1997d9d2c71f <- TX(7)
2021-08-15 14:03:28,958 [SCMBlockDeletingService#0] DEBUG block.SCMBlockDeletingService (DatanodeDeletedBlockTransactions.java:addTransactionToDN(50)) - Transaction added: 0475d2c2-d46f-403e-95a5-8ff1a5c32338 <- TX(8)
2021-08-15 14:03:28,959 [SCMBlockDeletingService#0] DEBUG block.SCMBlockDeletingService (DatanodeDeletedBlockTransactions.java:addTransactionToDN(50)) - Transaction added: f89ecde1-abfa-4530-92e2-4a065b7725ea <- TX(8)
2021-08-15 14:03:28,959 [SCMBlockDeletingService#0] DEBUG block.SCMBlockDeletingService (DatanodeDeletedBlockTransactions.java:addTransactionToDN(50)) - Transaction added: c2c40a72-a699-49b1-b721-1997d9d2c71f <- TX(8)
2021-08-15 14:03:28,959 [SCMBlockDeletingService#0] DEBUG block.SCMBlockDeletingService (DatanodeDeletedBlockTransactions.java:addTransactionToDN(50)) - Transaction added: 0475d2c2-d46f-403e-95a5-8ff1a5c32338 <- TX(9)
2021-08-15 14:03:28,959 [SCMBlockDeletingService#0] DEBUG block.SCMBlockDeletingService (DatanodeDeletedBlockTransactions.java:addTransactionToDN(50)) - Transaction added: c2c40a72-a699-49b1-b721-1997d9d2c71f <- TX(9)
2021-08-15 14:03:28,959 [SCMBlockDeletingService#0] DEBUG block.SCMBlockDeletingService (DatanodeDeletedBlockTransactions.java:addTransactionToDN(50)) - Transaction added: f89ecde1-abfa-4530-92e2-4a065b7725ea <- TX(9)
2021-08-15 14:03:28,959 [SCMBlockDeletingService#0] DEBUG block.SCMBlockDeletingService (DatanodeDeletedBlockTransactions.java:addTransactionToDN(50)) - Transaction added: 0475d2c2-d46f-403e-95a5-8ff1a5c32338 <- TX(10)
2021-08-15 14:03:28,959 [SCMBlockDeletingService#0] DEBUG block.SCMBlockDeletingService (DatanodeDeletedBlockTransactions.java:addTransactionToDN(50)) - Transaction added: c2c40a72-a699-49b1-b721-1997d9d2c71f <- TX(10)
2021-08-15 14:03:28,959 [SCMBlockDeletingService#0] DEBUG block.SCMBlockDeletingService (DatanodeDeletedBlockTransactions.java:addTransactionToDN(50)) - Transaction added: f89ecde1-abfa-4530-92e2-4a065b7725ea <- TX(10)
2021-08-15 14:03:28,959 [SCMBlockDeletingService#0] DEBUG block.SCMBlockDeletingService (DatanodeDeletedBlockTransactions.java:addTransactionToDN(50)) - Transaction added: 0475d2c2-d46f-403e-95a5-8ff1a5c32338 <- TX(11)
2021-08-15 14:03:28,959 [SCMBlockDeletingService#0] DEBUG block.SCMBlockDeletingService (DatanodeDeletedBlockTransactions.java:addTransactionToDN(50)) - Transaction added: c2c40a72-a699-49b1-b721-1997d9d2c71f <- TX(11)
2021-08-15 14:03:28,959 [SCMBlockDeletingService#0] DEBUG block.SCMBlockDeletingService (DatanodeDeletedBlockTransactions.java:addTransactionToDN(50)) - Transaction added: f89ecde1-abfa-4530-92e2-4a065b7725ea <- TX(11)
2021-08-15 14:03:28,959 [SCMBlockDeletingService#0] DEBUG block.SCMBlockDeletingService (DatanodeDeletedBlockTransactions.java:addTransactionToDN(50)) - Transaction added: f89ecde1-abfa-4530-92e2-4a065b7725ea <- TX(12)
2021-08-15 14:03:28,959 [SCMBlockDeletingService#0] DEBUG block.SCMBlockDeletingService (DatanodeDeletedBlockTransactions.java:addTransactionToDN(50)) - Transaction added: c2c40a72-a699-49b1-b721-1997d9d2c71f <- TX(12)
2021-08-15 14:03:28,959 [SCMBlockDeletingService#0] DEBUG block.SCMBlockDeletingService (DatanodeDeletedBlockTransactions.java:addTransactionToDN(50)) - Transaction added: 0475d2c2-d46f-403e-95a5-8ff1a5c32338 <- TX(12)
2021-08-15 14:03:28,959 [SCMBlockDeletingService#0] DEBUG block.SCMBlockDeletingService (DatanodeDeletedBlockTransactions.java:addTransactionToDN(50)) - Transaction added: c2c40a72-a699-49b1-b721-1997d9d2c71f <- TX(13)
2021-08-15 14:03:28,959 [SCMBlockDeletingService#0] DEBUG block.SCMBlockDeletingService (DatanodeDeletedBlockTransactions.java:addTransactionToDN(50)) - Transaction added: f89ecde1-abfa-4530-92e2-4a065b7725ea <- TX(13)
2021-08-15 14:03:28,959 [SCMBlockDeletingService#0] DEBUG block.SCMBlockDeletingService (DatanodeDeletedBlockTransactions.java:addTransactionToDN(50)) - Transaction added: 0475d2c2-d46f-403e-95a5-8ff1a5c32338 <- TX(13)
2021-08-15 14:03:28,959 [SCMBlockDeletingService#0] DEBUG block.SCMBlockDeletingService (DatanodeDeletedBlockTransactions.java:addTransactionToDN(50)) - Transaction added: f89ecde1-abfa-4530-92e2-4a065b7725ea <- TX(14)
2021-08-15 14:03:28,959 [SCMBlockDeletingService#0] DEBUG block.SCMBlockDeletingService (DatanodeDeletedBlockTransactions.java:addTransactionToDN(50)) - Transaction added: 0475d2c2-d46f-403e-95a5-8ff1a5c32338 <- TX(14)
2021-08-15 14:03:28,959 [SCMBlockDeletingService#0] DEBUG block.SCMBlockDeletingService (DatanodeDeletedBlockTransactions.java:addTransactionToDN(50)) - Transaction added: c2c40a72-a699-49b1-b721-1997d9d2c71f <- TX(14)
2021-08-15 14:03:28,959 [SCMBlockDeletingService#0] DEBUG block.SCMBlockDeletingService (DatanodeDeletedBlockTransactions.java:addTransactionToDN(50)) - Transaction added: c2c40a72-a699-49b1-b721-1997d9d2c71f <- TX(15)
2021-08-15 14:03:28,959 [SCMBlockDeletingService#0] DEBUG block.SCMBlockDeletingService (DatanodeDeletedBlockTransactions.java:addTransactionToDN(50)) - Transaction added: f89ecde1-abfa-4530-92e2-4a065b7725ea <- TX(15)
2021-08-15 14:03:28,959 [SCMBlockDeletingService#0] DEBUG block.SCMBlockDeletingService (DatanodeDeletedBlockTransactions.java:addTransactionToDN(50)) - Transaction added: 0475d2c2-d46f-403e-95a5-8ff1a5c32338 <- TX(15)
2021-08-15 14:03:28,959 [SCMBlockDeletingService#0] DEBUG block.SCMBlockDeletingService (SCMBlockDeletingService.java:call(164)) - Added delete block command for datanode c2c40a72-a699-49b1-b721-1997d9d2c71f in the queue, number of delete block transactions: 15
2021-08-15 14:03:28,959 [SCMBlockDeletingService#0] DEBUG block.SCMBlockDeletingService (SCMBlockDeletingService.java:call(164)) - Added delete block command for datanode 0475d2c2-d46f-403e-95a5-8ff1a5c32338 in the queue, number of delete block transactions: 15
2021-08-15 14:03:28,959 [SCMBlockDeletingService#0] DEBUG block.SCMBlockDeletingService (SCMBlockDeletingService.java:call(164)) - Added delete block command for datanode f89ecde1-abfa-4530-92e2-4a065b7725ea in the queue, number of delete block transactions: 15
2021-08-15 14:03:28,959 [SCMBlockDeletingService#0] INFO  block.SCMBlockDeletingService (SCMBlockDeletingService.java:call(174)) - Totally added 45 blocks to be deleted for 3 datanodes, task elapsed time: 8ms
2021-08-15 14:03:28,972 [pool-466-thread-9] INFO  keyvalue.KeyValueContainer (KeyValueContainer.java:close(334)) - Container 15 is closed with bcsId 235.
2021-08-15 14:03:28,972 [Datanode State Machine Thread - 0] WARN  statemachine.StateContext (StateContext.java:execute(621)) - No available thread in pool for past 0 seconds.
2021-08-15 14:03:28,972 [Datanode State Machine Thread - 0] WARN  statemachine.StateContext (StateContext.java:execute(621)) - No available thread in pool for past 0 seconds.
2021-08-15 14:03:28,991 [Datanode State Machine Thread - 0] WARN  statemachine.StateContext (StateContext.java:execute(621)) - No available thread in pool for past 0 seconds.
2021-08-15 14:03:28,992 [pool-467-thread-3] INFO  keyvalue.KeyValueContainer (KeyValueContainer.java:flushAndSyncDB(397)) - Container 15 is synced with bcsId 235.
2021-08-15 14:03:28,992 [pool-467-thread-3] INFO  keyvalue.KeyValueContainer (KeyValueContainer.java:flushAndSyncDB(397)) - Container 15 is synced with bcsId 235.
2021-08-15 14:03:28,999 [Datanode State Machine Thread - 0] WARN  statemachine.StateContext (StateContext.java:execute(621)) - No available thread in pool for past 0 seconds.
2021-08-15 14:03:29,001 [pool-467-thread-3] INFO  keyvalue.KeyValueContainer (KeyValueContainer.java:close(334)) - Container 15 is closed with bcsId 235.
2021-08-15 14:03:29,001 [pool-465-thread-7] INFO  keyvalue.KeyValueContainer (KeyValueContainer.java:flushAndSyncDB(397)) - Container 16 is synced with bcsId 253.
2021-08-15 14:03:29,002 [pool-465-thread-7] INFO  keyvalue.KeyValueContainer (KeyValueContainer.java:flushAndSyncDB(397)) - Container 16 is synced with bcsId 253.
2021-08-15 14:03:29,007 [pool-466-thread-3] INFO  keyvalue.KeyValueContainer (KeyValueContainer.java:flushAndSyncDB(397)) - Container 16 is synced with bcsId 253.
2021-08-15 14:03:29,007 [pool-466-thread-3] INFO  keyvalue.KeyValueContainer (KeyValueContainer.java:flushAndSyncDB(397)) - Container 16 is synced with bcsId 253.
2021-08-15 14:03:29,007 [pool-465-thread-7] INFO  keyvalue.KeyValueContainer (KeyValueContainer.java:close(334)) - Container 16 is closed with bcsId 253.
2021-08-15 14:03:29,008 [Datanode State Machine Thread - 0] WARN  statemachine.StateContext (StateContext.java:execute(621)) - No available thread in pool for past 0 seconds.
2021-08-15 14:03:29,010 [EventQueue-IncrementalContainerReportForIncrementalContainerReportHandler] INFO  container.IncrementalContainerReportHandler (AbstractContainerReportHandler.java:updateContainerState(223)) - Moving container #16 to CLOSED state, datanode c2c40a72-a699-49b1-b721-1997d9d2c71f{ip: 10.1.0.17, host: fv-az184-677.3ow45vhwbzuu5incsxmygykede.cx.internal.cloudapp.net, ports: [REPLICATION=40199, RATIS=43041, RATIS_ADMIN=43041, RATIS_SERVER=43041, STANDALONE=37757], networkLocation: /default-rack, certSerialId: null, persistedOpState: IN_SERVICE, persistedOpStateExpiryEpochSec: 0} reported CLOSED replica.
2021-08-15 14:03:29,010 [pool-466-thread-3] INFO  keyvalue.KeyValueContainer (KeyValueContainer.java:close(334)) - Container 16 is closed with bcsId 253.
2021-08-15 14:03:29,017 [Datanode State Machine Thread - 0] WARN  statemachine.StateContext (StateContext.java:execute(621)) - No available thread in pool for past 0 seconds.
2021-08-15 14:03:29,054 [pool-467-thread-1] INFO  keyvalue.KeyValueContainer (KeyValueContainer.java:flushAndSyncDB(397)) - Container 16 is synced with bcsId 253.
2021-08-15 14:03:29,064 [pool-467-thread-1] INFO  keyvalue.KeyValueContainer (KeyValueContainer.java:flushAndSyncDB(397)) - Container 16 is synced with bcsId 253.
2021-08-15 14:03:29,051 [SCMBlockDeletingService#0] DEBUG block.SCMBlockDeletingService (SCMBlockDeletingService.java:call(133)) - Running DeletedBlockTransactionScanner
2021-08-15 14:03:29,051 [Datanode State Machine Thread - 0] WARN  statemachine.StateContext (StateContext.java:execute(621)) - No available thread in pool for past 0 seconds.
2021-08-15 14:03:29,065 [SCMBlockDeletingService#0] DEBUG block.SCMBlockDeletingService (DatanodeDeletedBlockTransactions.java:addTransactionToDN(50)) - Transaction added: 0475d2c2-d46f-403e-95a5-8ff1a5c32338 <- TX(1)
2021-08-15 14:03:29,065 [SCMBlockDeletingService#0] DEBUG block.SCMBlockDeletingService (DatanodeDeletedBlockTransactions.java:addTransactionToDN(50)) - Transaction added: f89ecde1-abfa-4530-92e2-4a065b7725ea <- TX(1)
2021-08-15 14:03:29,065 [SCMBlockDeletingService#0] DEBUG block.SCMBlockDeletingService (DatanodeDeletedBlockTransactions.java:addTransactionToDN(50)) - Transaction added: c2c40a72-a699-49b1-b721-1997d9d2c71f <- TX(1)
2021-08-15 14:03:29,065 [SCMBlockDeletingService#0] DEBUG block.SCMBlockDeletingService (DatanodeDeletedBlockTransactions.java:addTransactionToDN(50)) - Transaction added: 0475d2c2-d46f-403e-95a5-8ff1a5c32338 <- TX(2)
2021-08-15 14:03:29,065 [SCMBlockDeletingService#0] DEBUG block.SCMBlockDeletingService (DatanodeDeletedBlockTransactions.java:addTransactionToDN(50)) - Transaction added: c2c40a72-a699-49b1-b721-1997d9d2c71f <- TX(2)
2021-08-15 14:03:29,065 [SCMBlockDeletingService#0] DEBUG block.SCMBlockDeletingService (DatanodeDeletedBlockTransactions.java:addTransactionToDN(50)) - Transaction added: f89ecde1-abfa-4530-92e2-4a065b7725ea <- TX(2)
2021-08-15 14:03:29,065 [SCMBlockDeletingService#0] DEBUG block.SCMBlockDeletingService (DatanodeDeletedBlockTransactions.java:addTransactionToDN(50)) - Transaction added: 0475d2c2-d46f-403e-95a5-8ff1a5c32338 <- TX(3)
2021-08-15 14:03:29,065 [SCMBlockDeletingService#0] DEBUG block.SCMBlockDeletingService (DatanodeDeletedBlockTransactions.java:addTransactionToDN(50)) - Transaction added: c2c40a72-a699-49b1-b721-1997d9d2c71f <- TX(3)
2021-08-15 14:03:29,065 [SCMBlockDeletingService#0] DEBUG block.SCMBlockDeletingService (DatanodeDeletedBlockTransactions.java:addTransactionToDN(50)) - Transaction added: f89ecde1-abfa-4530-92e2-4a065b7725ea <- TX(3)
2021-08-15 14:03:29,065 [SCMBlockDeletingService#0] DEBUG block.SCMBlockDeletingService (DatanodeDeletedBlockTransactions.java:addTransactionToDN(50)) - Transaction added: f89ecde1-abfa-4530-92e2-4a065b7725ea <- TX(4)
2021-08-15 14:03:29,065 [SCMBlockDeletingService#0] DEBUG block.SCMBlockDeletingService (DatanodeDeletedBlockTransactions.java:addTransactionToDN(50)) - Transaction added: c2c40a72-a699-49b1-b721-1997d9d2c71f <- TX(4)
2021-08-15 14:03:29,065 [SCMBlockDeletingService#0] DEBUG block.SCMBlockDeletingService (DatanodeDeletedBlockTransactions.java:addTransactionToDN(50)) - Transaction added: 0475d2c2-d46f-403e-95a5-8ff1a5c32338 <- TX(4)
2021-08-15 14:03:29,065 [SCMBlockDeletingService#0] DEBUG block.SCMBlockDeletingService (DatanodeDeletedBlockTransactions.java:addTransactionToDN(50)) - Transaction added: c2c40a72-a699-49b1-b721-1997d9d2c71f <- TX(5)
2021-08-15 14:03:29,065 [SCMBlockDeletingService#0] DEBUG block.SCMBlockDeletingService (DatanodeDeletedBlockTransactions.java:addTransactionToDN(50)) - Transaction added: f89ecde1-abfa-4530-92e2-4a065b7725ea <- TX(5)
2021-08-15 14:03:29,065 [SCMBlockDeletingService#0] DEBUG block.SCMBlockDeletingService (DatanodeDeletedBlockTransactions.java:addTransactionToDN(50)) - Transaction added: 0475d2c2-d46f-403e-95a5-8ff1a5c32338 <- TX(5)
2021-08-15 14:03:29,065 [SCMBlockDeletingService#0] DEBUG block.SCMBlockDeletingService (DatanodeDeletedBlockTransactions.java:addTransactionToDN(50)) - Transaction added: c2c40a72-a699-49b1-b721-1997d9d2c71f <- TX(6)
2021-08-15 14:03:29,065 [SCMBlockDeletingService#0] DEBUG block.SCMBlockDeletingService (DatanodeDeletedBlockTransactions.java:addTransactionToDN(50)) - Transaction added: f89ecde1-abfa-4530-92e2-4a065b7725ea <- TX(6)
2021-08-15 14:03:29,065 [SCMBlockDeletingService#0] DEBUG block.SCMBlockDeletingService (DatanodeDeletedBlockTransactions.java:addTransactionToDN(50)) - Transaction added: 0475d2c2-d46f-403e-95a5-8ff1a5c32338 <- TX(6)
2021-08-15 14:03:29,065 [SCMBlockDeletingService#0] DEBUG block.SCMBlockDeletingService (DatanodeDeletedBlockTransactions.java:addTransactionToDN(50)) - Transaction added: f89ecde1-abfa-4530-92e2-4a065b7725ea <- TX(7)
2021-08-15 14:03:29,065 [SCMBlockDeletingService#0] DEBUG block.SCMBlockDeletingService (DatanodeDeletedBlockTransactions.java:addTransactionToDN(50)) - Transaction added: 0475d2c2-d46f-403e-95a5-8ff1a5c32338 <- TX(7)
2021-08-15 14:03:29,065 [SCMBlockDeletingService#0] DEBUG block.SCMBlockDeletingService (DatanodeDeletedBlockTransactions.java:addTransactionToDN(50)) - Transaction added: c2c40a72-a699-49b1-b721-1997d9d2c71f <- TX(7)
2021-08-15 14:03:29,065 [SCMBlockDeletingService#0] DEBUG block.SCMBlockDeletingService (DatanodeDeletedBlockTransactions.java:addTransactionToDN(50)) - Transaction added: 0475d2c2-d46f-403e-95a5-8ff1a5c32338 <- TX(8)
2021-08-15 14:03:29,065 [SCMBlockDeletingService#0] DEBUG block.SCMBlockDeletingService (DatanodeDeletedBlockTransactions.java:addTransactionToDN(50)) - Transaction added: f89ecde1-abfa-4530-92e2-4a065b7725ea <- TX(8)
2021-08-15 14:03:29,065 [SCMBlockDeletingService#0] DEBUG block.SCMBlockDeletingService (DatanodeDeletedBlockTransactions.java:addTransactionToDN(50)) - Transaction added: c2c40a72-a699-49b1-b721-1997d9d2c71f <- TX(8)
2021-08-15 14:03:29,065 [SCMBlockDeletingService#0] DEBUG block.SCMBlockDeletingService (DatanodeDeletedBlockTransactions.java:addTransactionToDN(50)) - Transaction added: 0475d2c2-d46f-403e-95a5-8ff1a5c32338 <- TX(9)
2021-08-15 14:03:29,065 [SCMBlockDeletingService#0] DEBUG block.SCMBlockDeletingService (DatanodeDeletedBlockTransactions.java:addTransactionToDN(50)) - Transaction added: c2c40a72-a699-49b1-b721-1997d9d2c71f <- TX(9)
2021-08-15 14:03:29,065 [SCMBlockDeletingService#0] DEBUG block.SCMBlockDeletingService (DatanodeDeletedBlockTransactions.java:addTransactionToDN(50)) - Transaction added: f89ecde1-abfa-4530-92e2-4a065b7725ea <- TX(9)
2021-08-15 14:03:29,065 [SCMBlockDeletingService#0] DEBUG block.SCMBlockDeletingService (DatanodeDeletedBlockTransactions.java:addTransactionToDN(50)) - Transaction added: 0475d2c2-d46f-403e-95a5-8ff1a5c32338 <- TX(10)
2021-08-15 14:03:29,065 [SCMBlockDeletingService#0] DEBUG block.SCMBlockDeletingService (DatanodeDeletedBlockTransactions.java:addTransactionToDN(50)) - Transaction added: c2c40a72-a699-49b1-b721-1997d9d2c71f <- TX(10)
2021-08-15 14:03:29,065 [SCMBlockDeletingService#0] DEBUG block.SCMBlockDeletingService (DatanodeDeletedBlockTransactions.java:addTransactionToDN(50)) - Transaction added: f89ecde1-abfa-4530-92e2-4a065b7725ea <- TX(10)
2021-08-15 14:03:29,065 [SCMBlockDeletingService#0] DEBUG block.SCMBlockDeletingService (DatanodeDeletedBlockTransactions.java:addTransactionToDN(50)) - Transaction added: 0475d2c2-d46f-403e-95a5-8ff1a5c32338 <- TX(11)
2021-08-15 14:03:29,066 [SCMBlockDeletingService#0] DEBUG block.SCMBlockDeletingService (DatanodeDeletedBlockTransactions.java:addTransactionToDN(50)) - Transaction added: c2c40a72-a699-49b1-b721-1997d9d2c71f <- TX(11)
2021-08-15 14:03:29,066 [SCMBlockDeletingService#0] DEBUG block.SCMBlockDeletingService (DatanodeDeletedBlockTransactions.java:addTransactionToDN(50)) - Transaction added: f89ecde1-abfa-4530-92e2-4a065b7725ea <- TX(11)
2021-08-15 14:03:29,066 [SCMBlockDeletingService#0] DEBUG block.SCMBlockDeletingService (DatanodeDeletedBlockTransactions.java:addTransactionToDN(50)) - Transaction added: f89ecde1-abfa-4530-92e2-4a065b7725ea <- TX(12)
2021-08-15 14:03:29,066 [SCMBlockDeletingService#0] DEBUG block.SCMBlockDeletingService (DatanodeDeletedBlockTransactions.java:addTransactionToDN(50)) - Transaction added: c2c40a72-a699-49b1-b721-1997d9d2c71f <- TX(12)
2021-08-15 14:03:29,066 [SCMBlockDeletingService#0] DEBUG block.SCMBlockDeletingService (DatanodeDeletedBlockTransactions.java:addTransactionToDN(50)) - Transaction added: 0475d2c2-d46f-403e-95a5-8ff1a5c32338 <- TX(12)
2021-08-15 14:03:29,066 [SCMBlockDeletingService#0] DEBUG block.SCMBlockDeletingService (DatanodeDeletedBlockTransactions.java:addTransactionToDN(50)) - Transaction added: c2c40a72-a699-49b1-b721-1997d9d2c71f <- TX(13)
2021-08-15 14:03:29,066 [SCMBlockDeletingService#0] DEBUG block.SCMBlockDeletingService (DatanodeDeletedBlockTransactions.java:addTransactionToDN(50)) - Transaction added: f89ecde1-abfa-4530-92e2-4a065b7725ea <- TX(13)
2021-08-15 14:03:29,066 [SCMBlockDeletingService#0] DEBUG block.SCMBlockDeletingService (DatanodeDeletedBlockTransactions.java:addTransactionToDN(50)) - Transaction added: 0475d2c2-d46f-403e-95a5-8ff1a5c32338 <- TX(13)
2021-08-15 14:03:29,066 [SCMBlockDeletingService#0] DEBUG block.SCMBlockDeletingService (DatanodeDeletedBlockTransactions.java:addTransactionToDN(50)) - Transaction added: f89ecde1-abfa-4530-92e2-4a065b7725ea <- TX(14)
2021-08-15 14:03:29,066 [SCMBlockDeletingService#0] DEBUG block.SCMBlockDeletingService (DatanodeDeletedBlockTransactions.java:addTransactionToDN(50)) - Transaction added: 0475d2c2-d46f-403e-95a5-8ff1a5c32338 <- TX(14)
2021-08-15 14:03:29,066 [SCMBlockDeletingService#0] DEBUG block.SCMBlockDeletingService (DatanodeDeletedBlockTransactions.java:addTransactionToDN(50)) - Transaction added: c2c40a72-a699-49b1-b721-1997d9d2c71f <- TX(14)
2021-08-15 14:03:29,066 [SCMBlockDeletingService#0] DEBUG block.SCMBlockDeletingService (DatanodeDeletedBlockTransactions.java:addTransactionToDN(50)) - Transaction added: c2c40a72-a699-49b1-b721-1997d9d2c71f <- TX(15)
2021-08-15 14:03:29,066 [SCMBlockDeletingService#0] DEBUG block.SCMBlockDeletingService (DatanodeDeletedBlockTransactions.java:addTransactionToDN(50)) - Transaction added: f89ecde1-abfa-4530-92e2-4a065b7725ea <- TX(15)
2021-08-15 14:03:29,066 [SCMBlockDeletingService#0] DEBUG block.SCMBlockDeletingService (DatanodeDeletedBlockTransactions.java:addTransactionToDN(50)) - Transaction added: 0475d2c2-d46f-403e-95a5-8ff1a5c32338 <- TX(15)
2021-08-15 14:03:29,066 [SCMBlockDeletingService#0] DEBUG block.SCMBlockDeletingService (DatanodeDeletedBlockTransactions.java:addTransactionToDN(50)) - Transaction added: 0475d2c2-d46f-403e-95a5-8ff1a5c32338 <- TX(16)
2021-08-15 14:03:29,066 [SCMBlockDeletingService#0] DEBUG block.SCMBlockDeletingService (DatanodeDeletedBlockTransactions.java:addTransactionToDN(50)) - Transaction added: f89ecde1-abfa-4530-92e2-4a065b7725ea <- TX(16)
2021-08-15 14:03:29,066 [SCMBlockDeletingService#0] DEBUG block.SCMBlockDeletingService (DatanodeDeletedBlockTransactions.java:addTransactionToDN(50)) - Transaction added: c2c40a72-a699-49b1-b721-1997d9d2c71f <- TX(16)
2021-08-15 14:03:29,066 [SCMBlockDeletingService#0] DEBUG block.SCMBlockDeletingService (SCMBlockDeletingService.java:call(164)) - Added delete block command for datanode c2c40a72-a699-49b1-b721-1997d9d2c71f in the queue, number of delete block transactions: 16
2021-08-15 14:03:29,066 [SCMBlockDeletingService#0] DEBUG block.SCMBlockDeletingService (SCMBlockDeletingService.java:call(164)) - Added delete block command for datanode 0475d2c2-d46f-403e-95a5-8ff1a5c32338 in the queue, number of delete block transactions: 16
2021-08-15 14:03:29,066 [SCMBlockDeletingService#0] DEBUG block.SCMBlockDeletingService (SCMBlockDeletingService.java:call(164)) - Added delete block command for datanode f89ecde1-abfa-4530-92e2-4a065b7725ea in the queue, number of delete block transactions: 16
2021-08-15 14:03:29,066 [SCMBlockDeletingService#0] INFO  block.SCMBlockDeletingService (SCMBlockDeletingService.java:call(174)) - Totally added 48 blocks to be deleted for 3 datanodes, task elapsed time: 14ms
2021-08-15 14:03:29,051 [Datanode State Machine Thread - 0] WARN  statemachine.StateContext (StateContext.java:execute(621)) - No available thread in pool for past 0 seconds.
2021-08-15 14:03:29,067 [pool-467-thread-1] INFO  keyvalue.KeyValueContainer (KeyValueContainer.java:close(334)) - Container 16 is closed with bcsId 253.
2021-08-15 14:03:29,067 [Datanode State Machine Thread - 0] WARN  statemachine.StateContext (StateContext.java:execute(621)) - No available thread in pool for past 0 seconds.
2021-08-15 14:03:29,085 [Datanode State Machine Thread - 0] WARN  statemachine.StateContext (StateContext.java:execute(621)) - No available thread in pool for past 0 seconds.
2021-08-15 14:03:29,105 [Datanode State Machine Thread - 0] WARN  statemachine.StateContext (StateContext.java:execute(621)) - No available thread in pool for past 0 seconds.
2021-08-15 14:03:29,106 [pool-465-thread-8] INFO  keyvalue.KeyValueContainer (KeyValueContainer.java:flushAndSyncDB(397)) - Container 17 is synced with bcsId 268.
2021-08-15 14:03:29,106 [pool-465-thread-8] INFO  keyvalue.KeyValueContainer (KeyValueContainer.java:flushAndSyncDB(397)) - Container 17 is synced with bcsId 268.
2021-08-15 14:03:29,107 [pool-465-thread-8] INFO  keyvalue.KeyValueContainer (KeyValueContainer.java:close(334)) - Container 17 is closed with bcsId 268.
2021-08-15 14:03:29,112 [Datanode State Machine Thread - 0] WARN  statemachine.StateContext (StateContext.java:execute(621)) - No available thread in pool for past 0 seconds.
2021-08-15 14:03:29,115 [Datanode State Machine Thread - 0] WARN  statemachine.StateContext (StateContext.java:execute(621)) - No available thread in pool for past 0 seconds.
2021-08-15 14:03:29,117 [EventQueue-IncrementalContainerReportForIncrementalContainerReportHandler] INFO  container.IncrementalContainerReportHandler (AbstractContainerReportHandler.java:updateContainerState(223)) - Moving container #17 to CLOSED state, datanode c2c40a72-a699-49b1-b721-1997d9d2c71f{ip: 10.1.0.17, host: fv-az184-677.3ow45vhwbzuu5incsxmygykede.cx.internal.cloudapp.net, ports: [REPLICATION=40199, RATIS=43041, RATIS_ADMIN=43041, RATIS_SERVER=43041, STANDALONE=37757], networkLocation: /default-rack, certSerialId: null, persistedOpState: IN_SERVICE, persistedOpStateExpiryEpochSec: 0} reported CLOSED replica.
2021-08-15 14:03:29,118 [pool-466-thread-1] INFO  keyvalue.KeyValueContainer (KeyValueContainer.java:flushAndSyncDB(397)) - Container 17 is synced with bcsId 268.
2021-08-15 14:03:29,118 [pool-466-thread-1] INFO  keyvalue.KeyValueContainer (KeyValueContainer.java:flushAndSyncDB(397)) - Container 17 is synced with bcsId 268.
2021-08-15 14:03:29,120 [pool-466-thread-1] INFO  keyvalue.KeyValueContainer (KeyValueContainer.java:close(334)) - Container 17 is closed with bcsId 268.
2021-08-15 14:03:29,121 [Datanode State Machine Thread - 0] WARN  statemachine.StateContext (StateContext.java:execute(621)) - No available thread in pool for past 0 seconds.
2021-08-15 14:03:29,122 [Datanode State Machine Thread - 0] WARN  statemachine.StateContext (StateContext.java:execute(621)) - No available thread in pool for past 0 seconds.
2021-08-15 14:03:29,124 [pool-465-thread-6] INFO  keyvalue.KeyValueContainer (KeyValueContainer.java:flushAndSyncDB(397)) - Container 18 is synced with bcsId 283.
2021-08-15 14:03:29,124 [pool-465-thread-6] INFO  keyvalue.KeyValueContainer (KeyValueContainer.java:flushAndSyncDB(397)) - Container 18 is synced with bcsId 283.
2021-08-15 14:03:29,124 [Datanode State Machine Thread - 0] WARN  statemachine.StateContext (StateContext.java:execute(621)) - No available thread in pool for past 0 seconds.
2021-08-15 14:03:29,125 [pool-465-thread-6] INFO  keyvalue.KeyValueContainer (KeyValueContainer.java:close(334)) - Container 18 is closed with bcsId 283.
2021-08-15 14:03:29,125 [Datanode State Machine Thread - 0] WARN  statemachine.StateContext (StateContext.java:execute(621)) - No available thread in pool for past 0 seconds.
2021-08-15 14:03:29,126 [EventQueue-IncrementalContainerReportForIncrementalContainerReportHandler] INFO  container.IncrementalContainerReportHandler (AbstractContainerReportHandler.java:updateContainerState(223)) - Moving container #18 to CLOSED state, datanode c2c40a72-a699-49b1-b721-1997d9d2c71f{ip: 10.1.0.17, host: fv-az184-677.3ow45vhwbzuu5incsxmygykede.cx.internal.cloudapp.net, ports: [REPLICATION=40199, RATIS=43041, RATIS_ADMIN=43041, RATIS_SERVER=43041, STANDALONE=37757], networkLocation: /default-rack, certSerialId: null, persistedOpState: IN_SERVICE, persistedOpStateExpiryEpochSec: 0} reported CLOSED replica.
2021-08-15 14:03:29,135 [pool-467-thread-5] INFO  keyvalue.KeyValueContainer (KeyValueContainer.java:flushAndSyncDB(397)) - Container 17 is synced with bcsId 268.
2021-08-15 14:03:29,136 [pool-467-thread-5] INFO  keyvalue.KeyValueContainer (KeyValueContainer.java:flushAndSyncDB(397)) - Container 17 is synced with bcsId 268.
2021-08-15 14:03:29,136 [Datanode State Machine Thread - 0] WARN  statemachine.StateContext (StateContext.java:execute(621)) - No available thread in pool for past 0 seconds.
2021-08-15 14:03:29,141 [Datanode State Machine Thread - 0] WARN  statemachine.StateContext (StateContext.java:execute(621)) - No available thread in pool for past 0 seconds.
2021-08-15 14:03:29,142 [Datanode State Machine Thread - 0] WARN  statemachine.StateContext (StateContext.java:execute(621)) - No available thread in pool for past 0 seconds.
2021-08-15 14:03:29,144 [Datanode State Machine Thread - 0] WARN  statemachine.StateContext (StateContext.java:execute(621)) - No available thread in pool for past 0 seconds.
2021-08-15 14:03:29,146 [pool-466-thread-7] INFO  keyvalue.KeyValueContainer (KeyValueContainer.java:flushAndSyncDB(397)) - Container 18 is synced with bcsId 283.
2021-08-15 14:03:29,146 [pool-466-thread-7] INFO  keyvalue.KeyValueContainer (KeyValueContainer.java:flushAndSyncDB(397)) - Container 18 is synced with bcsId 283.
2021-08-15 14:03:29,147 [Datanode State Machine Thread - 0] WARN  statemachine.StateContext (StateContext.java:execute(621)) - No available thread in pool for past 0 seconds.
2021-08-15 14:03:29,147 [pool-467-thread-5] INFO  keyvalue.KeyValueContainer (KeyValueContainer.java:close(334)) - Container 17 is closed with bcsId 268.
2021-08-15 14:03:29,147 [Datanode State Machine Thread - 0] WARN  statemachine.StateContext (StateContext.java:execute(621)) - No available thread in pool for past 0 seconds.
2021-08-15 14:03:29,148 [pool-467-thread-2] INFO  keyvalue.KeyValueContainer (KeyValueContainer.java:flushAndSyncDB(397)) - Container 18 is synced with bcsId 283.
2021-08-15 14:03:29,148 [pool-467-thread-2] INFO  keyvalue.KeyValueContainer (KeyValueContainer.java:flushAndSyncDB(397)) - Container 18 is synced with bcsId 283.
2021-08-15 14:03:29,148 [pool-466-thread-7] INFO  keyvalue.KeyValueContainer (KeyValueContainer.java:close(334)) - Container 18 is closed with bcsId 283.
2021-08-15 14:03:29,150 [pool-467-thread-2] INFO  keyvalue.KeyValueContainer (KeyValueContainer.java:close(334)) - Container 18 is closed with bcsId 283.
2021-08-15 14:03:29,151 [SCMBlockDeletingService#0] DEBUG block.SCMBlockDeletingService (SCMBlockDeletingService.java:call(133)) - Running DeletedBlockTransactionScanner
2021-08-15 14:03:29,152 [SCMBlockDeletingService#0] DEBUG block.SCMBlockDeletingService (DatanodeDeletedBlockTransactions.java:addTransactionToDN(50)) - Transaction added: 0475d2c2-d46f-403e-95a5-8ff1a5c32338 <- TX(1)
2021-08-15 14:03:29,152 [SCMBlockDeletingService#0] DEBUG block.SCMBlockDeletingService (DatanodeDeletedBlockTransactions.java:addTransactionToDN(50)) - Transaction added: f89ecde1-abfa-4530-92e2-4a065b7725ea <- TX(1)
2021-08-15 14:03:29,152 [SCMBlockDeletingService#0] DEBUG block.SCMBlockDeletingService (DatanodeDeletedBlockTransactions.java:addTransactionToDN(50)) - Transaction added: c2c40a72-a699-49b1-b721-1997d9d2c71f <- TX(1)
2021-08-15 14:03:29,152 [SCMBlockDeletingService#0] DEBUG block.SCMBlockDeletingService (DatanodeDeletedBlockTransactions.java:addTransactionToDN(50)) - Transaction added: 0475d2c2-d46f-403e-95a5-8ff1a5c32338 <- TX(2)
2021-08-15 14:03:29,152 [SCMBlockDeletingService#0] DEBUG block.SCMBlockDeletingService (DatanodeDeletedBlockTransactions.java:addTransactionToDN(50)) - Transaction added: c2c40a72-a699-49b1-b721-1997d9d2c71f <- TX(2)
2021-08-15 14:03:29,152 [SCMBlockDeletingService#0] DEBUG block.SCMBlockDeletingService (DatanodeDeletedBlockTransactions.java:addTransactionToDN(50)) - Transaction added: f89ecde1-abfa-4530-92e2-4a065b7725ea <- TX(2)
2021-08-15 14:03:29,152 [SCMBlockDeletingService#0] DEBUG block.SCMBlockDeletingService (DatanodeDeletedBlockTransactions.java:addTransactionToDN(50)) - Transaction added: 0475d2c2-d46f-403e-95a5-8ff1a5c32338 <- TX(3)
2021-08-15 14:03:29,152 [SCMBlockDeletingService#0] DEBUG block.SCMBlockDeletingService (DatanodeDeletedBlockTransactions.java:addTransactionToDN(50)) - Transaction added: c2c40a72-a699-49b1-b721-1997d9d2c71f <- TX(3)
2021-08-15 14:03:29,152 [SCMBlockDeletingService#0] DEBUG block.SCMBlockDeletingService (DatanodeDeletedBlockTransactions.java:addTransactionToDN(50)) - Transaction added: f89ecde1-abfa-4530-92e2-4a065b7725ea <- TX(3)
2021-08-15 14:03:29,152 [SCMBlockDeletingService#0] DEBUG block.SCMBlockDeletingService (DatanodeDeletedBlockTransactions.java:addTransactionToDN(50)) - Transaction added: f89ecde1-abfa-4530-92e2-4a065b7725ea <- TX(4)
2021-08-15 14:03:29,152 [SCMBlockDeletingService#0] DEBUG block.SCMBlockDeletingService (DatanodeDeletedBlockTransactions.java:addTransactionToDN(50)) - Transaction added: c2c40a72-a699-49b1-b721-1997d9d2c71f <- TX(4)
2021-08-15 14:03:29,152 [SCMBlockDeletingService#0] DEBUG block.SCMBlockDeletingService (DatanodeDeletedBlockTransactions.java:addTransactionToDN(50)) - Transaction added: 0475d2c2-d46f-403e-95a5-8ff1a5c32338 <- TX(4)
2021-08-15 14:03:29,152 [SCMBlockDeletingService#0] DEBUG block.SCMBlockDeletingService (DatanodeDeletedBlockTransactions.java:addTransactionToDN(50)) - Transaction added: c2c40a72-a699-49b1-b721-1997d9d2c71f <- TX(5)
2021-08-15 14:03:29,152 [SCMBlockDeletingService#0] DEBUG block.SCMBlockDeletingService (DatanodeDeletedBlockTransactions.java:addTransactionToDN(50)) - Transaction added: f89ecde1-abfa-4530-92e2-4a065b7725ea <- TX(5)
2021-08-15 14:03:29,152 [SCMBlockDeletingService#0] DEBUG block.SCMBlockDeletingService (DatanodeDeletedBlockTransactions.java:addTransactionToDN(50)) - Transaction added: 0475d2c2-d46f-403e-95a5-8ff1a5c32338 <- TX(5)
2021-08-15 14:03:29,152 [SCMBlockDeletingService#0] DEBUG block.SCMBlockDeletingService (DatanodeDeletedBlockTransactions.java:addTransactionToDN(50)) - Transaction added: c2c40a72-a699-49b1-b721-1997d9d2c71f <- TX(6)
2021-08-15 14:03:29,152 [SCMBlockDeletingService#0] DEBUG block.SCMBlockDeletingService (DatanodeDeletedBlockTransactions.java:addTransactionToDN(50)) - Transaction added: f89ecde1-abfa-4530-92e2-4a065b7725ea <- TX(6)
2021-08-15 14:03:29,152 [SCMBlockDeletingService#0] DEBUG block.SCMBlockDeletingService (DatanodeDeletedBlockTransactions.java:addTransactionToDN(50)) - Transaction added: 0475d2c2-d46f-403e-95a5-8ff1a5c32338 <- TX(6)
2021-08-15 14:03:29,152 [SCMBlockDeletingService#0] DEBUG block.SCMBlockDeletingService (DatanodeDeletedBlockTransactions.java:addTransactionToDN(50)) - Transaction added: f89ecde1-abfa-4530-92e2-4a065b7725ea <- TX(7)
2021-08-15 14:03:29,152 [SCMBlockDeletingService#0] DEBUG block.SCMBlockDeletingService (DatanodeDeletedBlockTransactions.java:addTransactionToDN(50)) - Transaction added: 0475d2c2-d46f-403e-95a5-8ff1a5c32338 <- TX(7)
2021-08-15 14:03:29,152 [SCMBlockDeletingService#0] DEBUG block.SCMBlockDeletingService (DatanodeDeletedBlockTransactions.java:addTransactionToDN(50)) - Transaction added: c2c40a72-a699-49b1-b721-1997d9d2c71f <- TX(7)
2021-08-15 14:03:29,152 [SCMBlockDeletingService#0] DEBUG block.SCMBlockDeletingService (DatanodeDeletedBlockTransactions.java:addTransactionToDN(50)) - Transaction added: 0475d2c2-d46f-403e-95a5-8ff1a5c32338 <- TX(8)
2021-08-15 14:03:29,152 [SCMBlockDeletingService#0] DEBUG block.SCMBlockDeletingService (DatanodeDeletedBlockTransactions.java:addTransactionToDN(50)) - Transaction added: f89ecde1-abfa-4530-92e2-4a065b7725ea <- TX(8)
2021-08-15 14:03:29,152 [SCMBlockDeletingService#0] DEBUG block.SCMBlockDeletingService (DatanodeDeletedBlockTransactions.java:addTransactionToDN(50)) - Transaction added: c2c40a72-a699-49b1-b721-1997d9d2c71f <- TX(8)
2021-08-15 14:03:29,152 [SCMBlockDeletingService#0] DEBUG block.SCMBlockDeletingService (DatanodeDeletedBlockTransactions.java:addTransactionToDN(50)) - Transaction added: 0475d2c2-d46f-403e-95a5-8ff1a5c32338 <- TX(9)
2021-08-15 14:03:29,152 [SCMBlockDeletingService#0] DEBUG block.SCMBlockDeletingService (DatanodeDeletedBlockTransactions.java:addTransactionToDN(50)) - Transaction added: c2c40a72-a699-49b1-b721-1997d9d2c71f <- TX(9)
2021-08-15 14:03:29,152 [SCMBlockDeletingService#0] DEBUG block.SCMBlockDeletingService (DatanodeDeletedBlockTransactions.java:addTransactionToDN(50)) - Transaction added: f89ecde1-abfa-4530-92e2-4a065b7725ea <- TX(9)
2021-08-15 14:03:29,152 [SCMBlockDeletingService#0] DEBUG block.SCMBlockDeletingService (DatanodeDeletedBlockTransactions.java:addTransactionToDN(50)) - Transaction added: 0475d2c2-d46f-403e-95a5-8ff1a5c32338 <- TX(10)
2021-08-15 14:03:29,152 [SCMBlockDeletingService#0] DEBUG block.SCMBlockDeletingService (DatanodeDeletedBlockTransactions.java:addTransactionToDN(50)) - Transaction added: c2c40a72-a699-49b1-b721-1997d9d2c71f <- TX(10)
2021-08-15 14:03:29,152 [SCMBlockDeletingService#0] DEBUG block.SCMBlockDeletingService (DatanodeDeletedBlockTransactions.java:addTransactionToDN(50)) - Transaction added: f89ecde1-abfa-4530-92e2-4a065b7725ea <- TX(10)
2021-08-15 14:03:29,152 [SCMBlockDeletingService#0] DEBUG block.SCMBlockDeletingService (DatanodeDeletedBlockTransactions.java:addTransactionToDN(50)) - Transaction added: 0475d2c2-d46f-403e-95a5-8ff1a5c32338 <- TX(11)
2021-08-15 14:03:29,153 [SCMBlockDeletingService#0] DEBUG block.SCMBlockDeletingService (DatanodeDeletedBlockTransactions.java:addTransactionToDN(50)) - Transaction added: c2c40a72-a699-49b1-b721-1997d9d2c71f <- TX(11)
2021-08-15 14:03:29,153 [SCMBlockDeletingService#0] DEBUG block.SCMBlockDeletingService (DatanodeDeletedBlockTransactions.java:addTransactionToDN(50)) - Transaction added: f89ecde1-abfa-4530-92e2-4a065b7725ea <- TX(11)
2021-08-15 14:03:29,153 [SCMBlockDeletingService#0] DEBUG block.SCMBlockDeletingService (DatanodeDeletedBlockTransactions.java:addTransactionToDN(50)) - Transaction added: f89ecde1-abfa-4530-92e2-4a065b7725ea <- TX(12)
2021-08-15 14:03:29,153 [SCMBlockDeletingService#0] DEBUG block.SCMBlockDeletingService (DatanodeDeletedBlockTransactions.java:addTransactionToDN(50)) - Transaction added: c2c40a72-a699-49b1-b721-1997d9d2c71f <- TX(12)
2021-08-15 14:03:29,153 [SCMBlockDeletingService#0] DEBUG block.SCMBlockDeletingService (DatanodeDeletedBlockTransactions.java:addTransactionToDN(50)) - Transaction added: 0475d2c2-d46f-403e-95a5-8ff1a5c32338 <- TX(12)
2021-08-15 14:03:29,153 [SCMBlockDeletingService#0] DEBUG block.SCMBlockDeletingService (DatanodeDeletedBlockTransactions.java:addTransactionToDN(50)) - Transaction added: c2c40a72-a699-49b1-b721-1997d9d2c71f <- TX(13)
2021-08-15 14:03:29,153 [SCMBlockDeletingService#0] DEBUG block.SCMBlockDeletingService (DatanodeDeletedBlockTransactions.java:addTransactionToDN(50)) - Transaction added: f89ecde1-abfa-4530-92e2-4a065b7725ea <- TX(13)
2021-08-15 14:03:29,153 [SCMBlockDeletingService#0] DEBUG block.SCMBlockDeletingService (DatanodeDeletedBlockTransactions.java:addTransactionToDN(50)) - Transaction added: 0475d2c2-d46f-403e-95a5-8ff1a5c32338 <- TX(13)
2021-08-15 14:03:29,153 [SCMBlockDeletingService#0] DEBUG block.SCMBlockDeletingService (DatanodeDeletedBlockTransactions.java:addTransactionToDN(50)) - Transaction added: f89ecde1-abfa-4530-92e2-4a065b7725ea <- TX(14)
2021-08-15 14:03:29,153 [SCMBlockDeletingService#0] DEBUG block.SCMBlockDeletingService (DatanodeDeletedBlockTransactions.java:addTransactionToDN(50)) - Transaction added: 0475d2c2-d46f-403e-95a5-8ff1a5c32338 <- TX(14)
2021-08-15 14:03:29,153 [SCMBlockDeletingService#0] DEBUG block.SCMBlockDeletingService (DatanodeDeletedBlockTransactions.java:addTransactionToDN(50)) - Transaction added: c2c40a72-a699-49b1-b721-1997d9d2c71f <- TX(14)
2021-08-15 14:03:29,153 [SCMBlockDeletingService#0] DEBUG block.SCMBlockDeletingService (DatanodeDeletedBlockTransactions.java:addTransactionToDN(50)) - Transaction added: c2c40a72-a699-49b1-b721-1997d9d2c71f <- TX(15)
2021-08-15 14:03:29,153 [SCMBlockDeletingService#0] DEBUG block.SCMBlockDeletingService (DatanodeDeletedBlockTransactions.java:addTransactionToDN(50)) - Transaction added: f89ecde1-abfa-4530-92e2-4a065b7725ea <- TX(15)
2021-08-15 14:03:29,153 [SCMBlockDeletingService#0] DEBUG block.SCMBlockDeletingService (DatanodeDeletedBlockTransactions.java:addTransactionToDN(50)) - Transaction added: 0475d2c2-d46f-403e-95a5-8ff1a5c32338 <- TX(15)
2021-08-15 14:03:29,153 [SCMBlockDeletingService#0] DEBUG block.SCMBlockDeletingService (DatanodeDeletedBlockTransactions.java:addTransactionToDN(50)) - Transaction added: 0475d2c2-d46f-403e-95a5-8ff1a5c32338 <- TX(16)
2021-08-15 14:03:29,153 [SCMBlockDeletingService#0] DEBUG block.SCMBlockDeletingService (DatanodeDeletedBlockTransactions.java:addTransactionToDN(50)) - Transaction added: f89ecde1-abfa-4530-92e2-4a065b7725ea <- TX(16)
2021-08-15 14:03:29,153 [SCMBlockDeletingService#0] DEBUG block.SCMBlockDeletingService (DatanodeDeletedBlockTransactions.java:addTransactionToDN(50)) - Transaction added: c2c40a72-a699-49b1-b721-1997d9d2c71f <- TX(16)
2021-08-15 14:03:29,153 [SCMBlockDeletingService#0] DEBUG block.SCMBlockDeletingService (DatanodeDeletedBlockTransactions.java:addTransactionToDN(50)) - Transaction added: 0475d2c2-d46f-403e-95a5-8ff1a5c32338 <- TX(17)
2021-08-15 14:03:29,153 [SCMBlockDeletingService#0] DEBUG block.SCMBlockDeletingService (DatanodeDeletedBlockTransactions.java:addTransactionToDN(50)) - Transaction added: c2c40a72-a699-49b1-b721-1997d9d2c71f <- TX(17)
2021-08-15 14:03:29,153 [SCMBlockDeletingService#0] DEBUG block.SCMBlockDeletingService (DatanodeDeletedBlockTransactions.java:addTransactionToDN(50)) - Transaction added: f89ecde1-abfa-4530-92e2-4a065b7725ea <- TX(17)
2021-08-15 14:03:29,153 [SCMBlockDeletingService#0] DEBUG block.SCMBlockDeletingService (DatanodeDeletedBlockTransactions.java:addTransactionToDN(50)) - Transaction added: 0475d2c2-d46f-403e-95a5-8ff1a5c32338 <- TX(18)
2021-08-15 14:03:29,153 [SCMBlockDeletingService#0] DEBUG block.SCMBlockDeletingService (DatanodeDeletedBlockTransactions.java:addTransactionToDN(50)) - Transaction added: c2c40a72-a699-49b1-b721-1997d9d2c71f <- TX(18)
2021-08-15 14:03:29,153 [SCMBlockDeletingService#0] DEBUG block.SCMBlockDeletingService (DatanodeDeletedBlockTransactions.java:addTransactionToDN(50)) - Transaction added: f89ecde1-abfa-4530-92e2-4a065b7725ea <- TX(18)
2021-08-15 14:03:29,153 [SCMBlockDeletingService#0] DEBUG block.SCMBlockDeletingService (SCMBlockDeletingService.java:call(164)) - Added delete block command for datanode c2c40a72-a699-49b1-b721-1997d9d2c71f in the queue, number of delete block transactions: 18
2021-08-15 14:03:29,153 [SCMBlockDeletingService#0] DEBUG block.SCMBlockDeletingService (SCMBlockDeletingService.java:call(164)) - Added delete block command for datanode 0475d2c2-d46f-403e-95a5-8ff1a5c32338 in the queue, number of delete block transactions: 18
2021-08-15 14:03:29,153 [SCMBlockDeletingService#0] DEBUG block.SCMBlockDeletingService (SCMBlockDeletingService.java:call(164)) - Added delete block command for datanode f89ecde1-abfa-4530-92e2-4a065b7725ea in the queue, number of delete block transactions: 18
2021-08-15 14:03:29,153 [SCMBlockDeletingService#0] INFO  block.SCMBlockDeletingService (SCMBlockDeletingService.java:call(174)) - Totally added 54 blocks to be deleted for 3 datanodes, task elapsed time: 2ms
2021-08-15 14:03:29,155 [pool-465-thread-3] INFO  keyvalue.KeyValueContainer (KeyValueContainer.java:flushAndSyncDB(397)) - Container 19 is synced with bcsId 298.
2021-08-15 14:03:29,155 [pool-465-thread-3] INFO  keyvalue.KeyValueContainer (KeyValueContainer.java:flushAndSyncDB(397)) - Container 19 is synced with bcsId 298.
2021-08-15 14:03:29,156 [pool-466-thread-6] INFO  keyvalue.KeyValueContainer (KeyValueContainer.java:flushAndSyncDB(397)) - Container 19 is synced with bcsId 298.
2021-08-15 14:03:29,156 [pool-466-thread-6] INFO  keyvalue.KeyValueContainer (KeyValueContainer.java:flushAndSyncDB(397)) - Container 19 is synced with bcsId 298.
2021-08-15 14:03:29,157 [pool-465-thread-3] INFO  keyvalue.KeyValueContainer (KeyValueContainer.java:close(334)) - Container 19 is closed with bcsId 298.
2021-08-15 14:03:29,158 [EventQueue-IncrementalContainerReportForIncrementalContainerReportHandler] INFO  container.IncrementalContainerReportHandler (AbstractContainerReportHandler.java:updateContainerState(223)) - Moving container #19 to CLOSED state, datanode c2c40a72-a699-49b1-b721-1997d9d2c71f{ip: 10.1.0.17, host: fv-az184-677.3ow45vhwbzuu5incsxmygykede.cx.internal.cloudapp.net, ports: [REPLICATION=40199, RATIS=43041, RATIS_ADMIN=43041, RATIS_SERVER=43041, STANDALONE=37757], networkLocation: /default-rack, certSerialId: null, persistedOpState: IN_SERVICE, persistedOpStateExpiryEpochSec: 0} reported CLOSED replica.
2021-08-15 14:03:29,160 [pool-467-thread-8] INFO  keyvalue.KeyValueContainer (KeyValueContainer.java:flushAndSyncDB(397)) - Container 19 is synced with bcsId 298.
2021-08-15 14:03:29,160 [pool-467-thread-8] INFO  keyvalue.KeyValueContainer (KeyValueContainer.java:flushAndSyncDB(397)) - Container 19 is synced with bcsId 298.
2021-08-15 14:03:29,161 [pool-466-thread-6] INFO  keyvalue.KeyValueContainer (KeyValueContainer.java:close(334)) - Container 19 is closed with bcsId 298.
2021-08-15 14:03:29,168 [Datanode State Machine Thread - 0] WARN  statemachine.StateContext (StateContext.java:execute(621)) - No available thread in pool for past 0 seconds.
2021-08-15 14:03:29,168 [Datanode State Machine Thread - 0] WARN  statemachine.StateContext (StateContext.java:execute(621)) - No available thread in pool for past 0 seconds.
2021-08-15 14:03:29,167 [pool-467-thread-10] INFO  keyvalue.KeyValueContainer (KeyValueContainer.java:flushAndSyncDB(397)) - Container 20 is synced with bcsId 314.
2021-08-15 14:03:29,196 [pool-467-thread-10] INFO  keyvalue.KeyValueContainer (KeyValueContainer.java:flushAndSyncDB(397)) - Container 20 is synced with bcsId 314.
2021-08-15 14:03:29,166 [pool-466-thread-8] INFO  keyvalue.KeyValueContainer (KeyValueContainer.java:flushAndSyncDB(397)) - Container 20 is synced with bcsId 314.
2021-08-15 14:03:29,197 [pool-466-thread-8] INFO  keyvalue.KeyValueContainer (KeyValueContainer.java:flushAndSyncDB(397)) - Container 20 is synced with bcsId 314.
2021-08-15 14:03:29,164 [pool-465-thread-4] INFO  keyvalue.KeyValueContainer (KeyValueContainer.java:flushAndSyncDB(397)) - Container 20 is synced with bcsId 314.
2021-08-15 14:03:29,163 [pool-467-thread-8] INFO  keyvalue.KeyValueContainer (KeyValueContainer.java:close(334)) - Container 19 is closed with bcsId 298.
2021-08-15 14:03:29,162 [Datanode State Machine Thread - 0] WARN  statemachine.StateContext (StateContext.java:execute(621)) - No available thread in pool for past 0 seconds.
2021-08-15 14:03:29,197 [pool-465-thread-4] INFO  keyvalue.KeyValueContainer (KeyValueContainer.java:flushAndSyncDB(397)) - Container 20 is synced with bcsId 314.
2021-08-15 14:03:29,203 [pool-467-thread-10] INFO  keyvalue.KeyValueContainer (KeyValueContainer.java:close(334)) - Container 20 is closed with bcsId 314.
2021-08-15 14:03:29,203 [Datanode State Machine Thread - 0] WARN  statemachine.StateContext (StateContext.java:execute(621)) - No available thread in pool for past 0 seconds.
2021-08-15 14:03:29,203 [pool-466-thread-8] INFO  keyvalue.KeyValueContainer (KeyValueContainer.java:close(334)) - Container 20 is closed with bcsId 314.
2021-08-15 14:03:29,203 [Datanode State Machine Thread - 0] WARN  statemachine.StateContext (StateContext.java:execute(621)) - No available thread in pool for past 0 seconds.
2021-08-15 14:03:29,203 [EventQueue-IncrementalContainerReportForIncrementalContainerReportHandler] INFO  container.IncrementalContainerReportHandler (AbstractContainerReportHandler.java:updateContainerState(223)) - Moving container #20 to CLOSED state, datanode f89ecde1-abfa-4530-92e2-4a065b7725ea{ip: 10.1.0.17, host: fv-az184-677.3ow45vhwbzuu5incsxmygykede.cx.internal.cloudapp.net, ports: [REPLICATION=33771, RATIS=45053, RATIS_ADMIN=45053, RATIS_SERVER=45053, STANDALONE=46857], networkLocation: /default-rack, certSerialId: null, persistedOpState: IN_SERVICE, persistedOpStateExpiryEpochSec: 0} reported CLOSED replica.
2021-08-15 14:03:29,203 [pool-465-thread-4] INFO  keyvalue.KeyValueContainer (KeyValueContainer.java:close(334)) - Container 20 is closed with bcsId 314.
2021-08-15 14:03:29,204 [Datanode State Machine Thread - 0] WARN  statemachine.StateContext (StateContext.java:execute(621)) - No available thread in pool for past 0 seconds.
2021-08-15 14:03:29,241 [org.apache.hadoop.ozone.container.common.statemachine.commandhandler.DeleteBlocksCommandHandler$DeleteCmdWorker@4162775a] INFO  commandhandler.DeleteBlocksCommandHandler (DeleteBlocksCommandHandler.java:processCmd(261)) - Start to delete container blocks, TXIDs=[1(0),2(0)], numOfContainers=2, numOfBlocks=2
2021-08-15 14:03:29,252 [SCMBlockDeletingService#0] DEBUG block.SCMBlockDeletingService (SCMBlockDeletingService.java:call(133)) - Running DeletedBlockTransactionScanner
2021-08-15 14:03:29,242 [pool-465-thread-1] INFO  keyvalue.KeyValueContainer (KeyValueContainer.java:flushAndSyncDB(397)) - Container 21 is synced with bcsId 329.
2021-08-15 14:03:29,295 [SCMBlockDeletingService#0] DEBUG block.SCMBlockDeletingService (DatanodeDeletedBlockTransactions.java:addTransactionToDN(50)) - Transaction added: 0475d2c2-d46f-403e-95a5-8ff1a5c32338 <- TX(1)
2021-08-15 14:03:29,295 [pool-465-thread-1] INFO  keyvalue.KeyValueContainer (KeyValueContainer.java:flushAndSyncDB(397)) - Container 21 is synced with bcsId 329.
2021-08-15 14:03:29,295 [SCMBlockDeletingService#0] DEBUG block.SCMBlockDeletingService (DatanodeDeletedBlockTransactions.java:addTransactionToDN(50)) - Transaction added: f89ecde1-abfa-4530-92e2-4a065b7725ea <- TX(1)
2021-08-15 14:03:29,295 [SCMBlockDeletingService#0] DEBUG block.SCMBlockDeletingService (DatanodeDeletedBlockTransactions.java:addTransactionToDN(50)) - Transaction added: c2c40a72-a699-49b1-b721-1997d9d2c71f <- TX(1)
2021-08-15 14:03:29,295 [SCMBlockDeletingService#0] DEBUG block.SCMBlockDeletingService (DatanodeDeletedBlockTransactions.java:addTransactionToDN(50)) - Transaction added: 0475d2c2-d46f-403e-95a5-8ff1a5c32338 <- TX(2)
2021-08-15 14:03:29,295 [SCMBlockDeletingService#0] DEBUG block.SCMBlockDeletingService (DatanodeDeletedBlockTransactions.java:addTransactionToDN(50)) - Transaction added: c2c40a72-a699-49b1-b721-1997d9d2c71f <- TX(2)
2021-08-15 14:03:29,295 [SCMBlockDeletingService#0] DEBUG block.SCMBlockDeletingService (DatanodeDeletedBlockTransactions.java:addTransactionToDN(50)) - Transaction added: f89ecde1-abfa-4530-92e2-4a065b7725ea <- TX(2)
2021-08-15 14:03:29,295 [SCMBlockDeletingService#0] DEBUG block.SCMBlockDeletingService (DatanodeDeletedBlockTransactions.java:addTransactionToDN(50)) - Transaction added: 0475d2c2-d46f-403e-95a5-8ff1a5c32338 <- TX(3)
2021-08-15 14:03:29,295 [SCMBlockDeletingService#0] DEBUG block.SCMBlockDeletingService (DatanodeDeletedBlockTransactions.java:addTransactionToDN(50)) - Transaction added: c2c40a72-a699-49b1-b721-1997d9d2c71f <- TX(3)
2021-08-15 14:03:29,295 [SCMBlockDeletingService#0] DEBUG block.SCMBlockDeletingService (DatanodeDeletedBlockTransactions.java:addTransactionToDN(50)) - Transaction added: f89ecde1-abfa-4530-92e2-4a065b7725ea <- TX(3)
2021-08-15 14:03:29,295 [SCMBlockDeletingService#0] DEBUG block.SCMBlockDeletingService (DatanodeDeletedBlockTransactions.java:addTransactionToDN(50)) - Transaction added: f89ecde1-abfa-4530-92e2-4a065b7725ea <- TX(4)
2021-08-15 14:03:29,295 [SCMBlockDeletingService#0] DEBUG block.SCMBlockDeletingService (DatanodeDeletedBlockTransactions.java:addTransactionToDN(50)) - Transaction added: c2c40a72-a699-49b1-b721-1997d9d2c71f <- TX(4)
2021-08-15 14:03:29,295 [SCMBlockDeletingService#0] DEBUG block.SCMBlockDeletingService (DatanodeDeletedBlockTransactions.java:addTransactionToDN(50)) - Transaction added: 0475d2c2-d46f-403e-95a5-8ff1a5c32338 <- TX(4)
2021-08-15 14:03:29,295 [SCMBlockDeletingService#0] DEBUG block.SCMBlockDeletingService (DatanodeDeletedBlockTransactions.java:addTransactionToDN(50)) - Transaction added: c2c40a72-a699-49b1-b721-1997d9d2c71f <- TX(5)
2021-08-15 14:03:29,295 [SCMBlockDeletingService#0] DEBUG block.SCMBlockDeletingService (DatanodeDeletedBlockTransactions.java:addTransactionToDN(50)) - Transaction added: f89ecde1-abfa-4530-92e2-4a065b7725ea <- TX(5)
2021-08-15 14:03:29,295 [SCMBlockDeletingService#0] DEBUG block.SCMBlockDeletingService (DatanodeDeletedBlockTransactions.java:addTransactionToDN(50)) - Transaction added: 0475d2c2-d46f-403e-95a5-8ff1a5c32338 <- TX(5)
2021-08-15 14:03:29,295 [SCMBlockDeletingService#0] DEBUG block.SCMBlockDeletingService (DatanodeDeletedBlockTransactions.java:addTransactionToDN(50)) - Transaction added: c2c40a72-a699-49b1-b721-1997d9d2c71f <- TX(6)
2021-08-15 14:03:29,296 [SCMBlockDeletingService#0] DEBUG block.SCMBlockDeletingService (DatanodeDeletedBlockTransactions.java:addTransactionToDN(50)) - Transaction added: f89ecde1-abfa-4530-92e2-4a065b7725ea <- TX(6)
2021-08-15 14:03:29,296 [SCMBlockDeletingService#0] DEBUG block.SCMBlockDeletingService (DatanodeDeletedBlockTransactions.java:addTransactionToDN(50)) - Transaction added: 0475d2c2-d46f-403e-95a5-8ff1a5c32338 <- TX(6)
2021-08-15 14:03:29,296 [SCMBlockDeletingService#0] DEBUG block.SCMBlockDeletingService (DatanodeDeletedBlockTransactions.java:addTransactionToDN(50)) - Transaction added: f89ecde1-abfa-4530-92e2-4a065b7725ea <- TX(7)
2021-08-15 14:03:29,296 [SCMBlockDeletingService#0] DEBUG block.SCMBlockDeletingService (DatanodeDeletedBlockTransactions.java:addTransactionToDN(50)) - Transaction added: 0475d2c2-d46f-403e-95a5-8ff1a5c32338 <- TX(7)
2021-08-15 14:03:29,296 [SCMBlockDeletingService#0] DEBUG block.SCMBlockDeletingService (DatanodeDeletedBlockTransactions.java:addTransactionToDN(50)) - Transaction added: c2c40a72-a699-49b1-b721-1997d9d2c71f <- TX(7)
2021-08-15 14:03:29,296 [SCMBlockDeletingService#0] DEBUG block.SCMBlockDeletingService (DatanodeDeletedBlockTransactions.java:addTransactionToDN(50)) - Transaction added: 0475d2c2-d46f-403e-95a5-8ff1a5c32338 <- TX(8)
2021-08-15 14:03:29,296 [SCMBlockDeletingService#0] DEBUG block.SCMBlockDeletingService (DatanodeDeletedBlockTransactions.java:addTransactionToDN(50)) - Transaction added: f89ecde1-abfa-4530-92e2-4a065b7725ea <- TX(8)
2021-08-15 14:03:29,296 [SCMBlockDeletingService#0] DEBUG block.SCMBlockDeletingService (DatanodeDeletedBlockTransactions.java:addTransactionToDN(50)) - Transaction added: c2c40a72-a699-49b1-b721-1997d9d2c71f <- TX(8)
2021-08-15 14:03:29,296 [SCMBlockDeletingService#0] DEBUG block.SCMBlockDeletingService (DatanodeDeletedBlockTransactions.java:addTransactionToDN(50)) - Transaction added: 0475d2c2-d46f-403e-95a5-8ff1a5c32338 <- TX(9)
2021-08-15 14:03:29,296 [SCMBlockDeletingService#0] DEBUG block.SCMBlockDeletingService (DatanodeDeletedBlockTransactions.java:addTransactionToDN(50)) - Transaction added: c2c40a72-a699-49b1-b721-1997d9d2c71f <- TX(9)
2021-08-15 14:03:29,296 [SCMBlockDeletingService#0] DEBUG block.SCMBlockDeletingService (DatanodeDeletedBlockTransactions.java:addTransactionToDN(50)) - Transaction added: f89ecde1-abfa-4530-92e2-4a065b7725ea <- TX(9)
2021-08-15 14:03:29,296 [SCMBlockDeletingService#0] DEBUG block.SCMBlockDeletingService (DatanodeDeletedBlockTransactions.java:addTransactionToDN(50)) - Transaction added: 0475d2c2-d46f-403e-95a5-8ff1a5c32338 <- TX(10)
2021-08-15 14:03:29,296 [SCMBlockDeletingService#0] DEBUG block.SCMBlockDeletingService (DatanodeDeletedBlockTransactions.java:addTransactionToDN(50)) - Transaction added: c2c40a72-a699-49b1-b721-1997d9d2c71f <- TX(10)
2021-08-15 14:03:29,296 [SCMBlockDeletingService#0] DEBUG block.SCMBlockDeletingService (DatanodeDeletedBlockTransactions.java:addTransactionToDN(50)) - Transaction added: f89ecde1-abfa-4530-92e2-4a065b7725ea <- TX(10)
2021-08-15 14:03:29,296 [SCMBlockDeletingService#0] DEBUG block.SCMBlockDeletingService (DatanodeDeletedBlockTransactions.java:addTransactionToDN(50)) - Transaction added: 0475d2c2-d46f-403e-95a5-8ff1a5c32338 <- TX(11)
2021-08-15 14:03:29,296 [SCMBlockDeletingService#0] DEBUG block.SCMBlockDeletingService (DatanodeDeletedBlockTransactions.java:addTransactionToDN(50)) - Transaction added: c2c40a72-a699-49b1-b721-1997d9d2c71f <- TX(11)
2021-08-15 14:03:29,296 [SCMBlockDeletingService#0] DEBUG block.SCMBlockDeletingService (DatanodeDeletedBlockTransactions.java:addTransactionToDN(50)) - Transaction added: f89ecde1-abfa-4530-92e2-4a065b7725ea <- TX(11)
2021-08-15 14:03:29,296 [SCMBlockDeletingService#0] DEBUG block.SCMBlockDeletingService (DatanodeDeletedBlockTransactions.java:addTransactionToDN(50)) - Transaction added: f89ecde1-abfa-4530-92e2-4a065b7725ea <- TX(12)
2021-08-15 14:03:29,296 [SCMBlockDeletingService#0] DEBUG block.SCMBlockDeletingService (DatanodeDeletedBlockTransactions.java:addTransactionToDN(50)) - Transaction added: c2c40a72-a699-49b1-b721-1997d9d2c71f <- TX(12)
2021-08-15 14:03:29,296 [SCMBlockDeletingService#0] DEBUG block.SCMBlockDeletingService (DatanodeDeletedBlockTransactions.java:addTransactionToDN(50)) - Transaction added: 0475d2c2-d46f-403e-95a5-8ff1a5c32338 <- TX(12)
2021-08-15 14:03:29,296 [SCMBlockDeletingService#0] DEBUG block.SCMBlockDeletingService (DatanodeDeletedBlockTransactions.java:addTransactionToDN(50)) - Transaction added: c2c40a72-a699-49b1-b721-1997d9d2c71f <- TX(13)
2021-08-15 14:03:29,296 [SCMBlockDeletingService#0] DEBUG block.SCMBlockDeletingService (DatanodeDeletedBlockTransactions.java:addTransactionToDN(50)) - Transaction added: f89ecde1-abfa-4530-92e2-4a065b7725ea <- TX(13)
2021-08-15 14:03:29,296 [SCMBlockDeletingService#0] DEBUG block.SCMBlockDeletingService (DatanodeDeletedBlockTransactions.java:addTransactionToDN(50)) - Transaction added: 0475d2c2-d46f-403e-95a5-8ff1a5c32338 <- TX(13)
2021-08-15 14:03:29,296 [SCMBlockDeletingService#0] DEBUG block.SCMBlockDeletingService (DatanodeDeletedBlockTransactions.java:addTransactionToDN(50)) - Transaction added: f89ecde1-abfa-4530-92e2-4a065b7725ea <- TX(14)
2021-08-15 14:03:29,296 [SCMBlockDeletingService#0] DEBUG block.SCMBlockDeletingService (DatanodeDeletedBlockTransactions.java:addTransactionToDN(50)) - Transaction added: 0475d2c2-d46f-403e-95a5-8ff1a5c32338 <- TX(14)
2021-08-15 14:03:29,296 [SCMBlockDeletingService#0] DEBUG block.SCMBlockDeletingService (DatanodeDeletedBlockTransactions.java:addTransactionToDN(50)) - Transaction added: c2c40a72-a699-49b1-b721-1997d9d2c71f <- TX(14)
2021-08-15 14:03:29,296 [SCMBlockDeletingService#0] DEBUG block.SCMBlockDeletingService (DatanodeDeletedBlockTransactions.java:addTransactionToDN(50)) - Transaction added: c2c40a72-a699-49b1-b721-1997d9d2c71f <- TX(15)
2021-08-15 14:03:29,296 [SCMBlockDeletingService#0] DEBUG block.SCMBlockDeletingService (DatanodeDeletedBlockTransactions.java:addTransactionToDN(50)) - Transaction added: f89ecde1-abfa-4530-92e2-4a065b7725ea <- TX(15)
2021-08-15 14:03:29,296 [SCMBlockDeletingService#0] DEBUG block.SCMBlockDeletingService (DatanodeDeletedBlockTransactions.java:addTransactionToDN(50)) - Transaction added: 0475d2c2-d46f-403e-95a5-8ff1a5c32338 <- TX(15)
2021-08-15 14:03:29,296 [SCMBlockDeletingService#0] DEBUG block.SCMBlockDeletingService (DatanodeDeletedBlockTransactions.java:addTransactionToDN(50)) - Transaction added: 0475d2c2-d46f-403e-95a5-8ff1a5c32338 <- TX(16)
2021-08-15 14:03:29,296 [SCMBlockDeletingService#0] DEBUG block.SCMBlockDeletingService (DatanodeDeletedBlockTransactions.java:addTransactionToDN(50)) - Transaction added: f89ecde1-abfa-4530-92e2-4a065b7725ea <- TX(16)
2021-08-15 14:03:29,296 [SCMBlockDeletingService#0] DEBUG block.SCMBlockDeletingService (DatanodeDeletedBlockTransactions.java:addTransactionToDN(50)) - Transaction added: c2c40a72-a699-49b1-b721-1997d9d2c71f <- TX(16)
2021-08-15 14:03:29,296 [SCMBlockDeletingService#0] DEBUG block.SCMBlockDeletingService (DatanodeDeletedBlockTransactions.java:addTransactionToDN(50)) - Transaction added: 0475d2c2-d46f-403e-95a5-8ff1a5c32338 <- TX(17)
2021-08-15 14:03:29,296 [SCMBlockDeletingService#0] DEBUG block.SCMBlockDeletingService (DatanodeDeletedBlockTransactions.java:addTransactionToDN(50)) - Transaction added: c2c40a72-a699-49b1-b721-1997d9d2c71f <- TX(17)
2021-08-15 14:03:29,297 [SCMBlockDeletingService#0] DEBUG block.SCMBlockDeletingService (DatanodeDeletedBlockTransactions.java:addTransactionToDN(50)) - Transaction added: f89ecde1-abfa-4530-92e2-4a065b7725ea <- TX(17)
2021-08-15 14:03:29,297 [SCMBlockDeletingService#0] DEBUG block.SCMBlockDeletingService (DatanodeDeletedBlockTransactions.java:addTransactionToDN(50)) - Transaction added: 0475d2c2-d46f-403e-95a5-8ff1a5c32338 <- TX(18)
2021-08-15 14:03:29,297 [SCMBlockDeletingService#0] DEBUG block.SCMBlockDeletingService (DatanodeDeletedBlockTransactions.java:addTransactionToDN(50)) - Transaction added: c2c40a72-a699-49b1-b721-1997d9d2c71f <- TX(18)
2021-08-15 14:03:29,297 [SCMBlockDeletingService#0] DEBUG block.SCMBlockDeletingService (DatanodeDeletedBlockTransactions.java:addTransactionToDN(50)) - Transaction added: f89ecde1-abfa-4530-92e2-4a065b7725ea <- TX(18)
2021-08-15 14:03:29,297 [SCMBlockDeletingService#0] DEBUG block.SCMBlockDeletingService (DatanodeDeletedBlockTransactions.java:addTransactionToDN(50)) - Transaction added: 0475d2c2-d46f-403e-95a5-8ff1a5c32338 <- TX(19)
2021-08-15 14:03:29,297 [SCMBlockDeletingService#0] DEBUG block.SCMBlockDeletingService (DatanodeDeletedBlockTransactions.java:addTransactionToDN(50)) - Transaction added: c2c40a72-a699-49b1-b721-1997d9d2c71f <- TX(19)
2021-08-15 14:03:29,297 [SCMBlockDeletingService#0] DEBUG block.SCMBlockDeletingService (DatanodeDeletedBlockTransactions.java:addTransactionToDN(50)) - Transaction added: f89ecde1-abfa-4530-92e2-4a065b7725ea <- TX(19)
2021-08-15 14:03:29,297 [SCMBlockDeletingService#0] DEBUG block.SCMBlockDeletingService (DatanodeDeletedBlockTransactions.java:addTransactionToDN(50)) - Transaction added: f89ecde1-abfa-4530-92e2-4a065b7725ea <- TX(20)
2021-08-15 14:03:29,297 [SCMBlockDeletingService#0] DEBUG block.SCMBlockDeletingService (DatanodeDeletedBlockTransactions.java:addTransactionToDN(50)) - Transaction added: c2c40a72-a699-49b1-b721-1997d9d2c71f <- TX(20)
2021-08-15 14:03:29,297 [SCMBlockDeletingService#0] DEBUG block.SCMBlockDeletingService (DatanodeDeletedBlockTransactions.java:addTransactionToDN(50)) - Transaction added: 0475d2c2-d46f-403e-95a5-8ff1a5c32338 <- TX(20)
2021-08-15 14:03:29,297 [SCMBlockDeletingService#0] DEBUG block.SCMBlockDeletingService (SCMBlockDeletingService.java:call(164)) - Added delete block command for datanode c2c40a72-a699-49b1-b721-1997d9d2c71f in the queue, number of delete block transactions: 20
2021-08-15 14:03:29,297 [SCMBlockDeletingService#0] DEBUG block.SCMBlockDeletingService (SCMBlockDeletingService.java:call(164)) - Added delete block command for datanode 0475d2c2-d46f-403e-95a5-8ff1a5c32338 in the queue, number of delete block transactions: 20
2021-08-15 14:03:29,297 [SCMBlockDeletingService#0] DEBUG block.SCMBlockDeletingService (SCMBlockDeletingService.java:call(164)) - Added delete block command for datanode f89ecde1-abfa-4530-92e2-4a065b7725ea in the queue, number of delete block transactions: 20
2021-08-15 14:03:29,297 [SCMBlockDeletingService#0] INFO  block.SCMBlockDeletingService (SCMBlockDeletingService.java:call(174)) - Totally added 60 blocks to be deleted for 3 datanodes, task elapsed time: 45ms
2021-08-15 14:03:29,299 [pool-465-thread-1] INFO  keyvalue.KeyValueContainer (KeyValueContainer.java:close(334)) - Container 21 is closed with bcsId 329.
2021-08-15 14:03:29,299 [Datanode State Machine Thread - 0] WARN  statemachine.StateContext (StateContext.java:execute(621)) - No available thread in pool for past 0 seconds.
2021-08-15 14:03:29,300 [EventQueue-ContainerReportForContainerReportHandler] INFO  container.ContainerReportHandler (AbstractContainerReportHandler.java:updateContainerState(223)) - Moving container #21 to CLOSED state, datanode c2c40a72-a699-49b1-b721-1997d9d2c71f{ip: 10.1.0.17, host: fv-az184-677.3ow45vhwbzuu5incsxmygykede.cx.internal.cloudapp.net, ports: [REPLICATION=40199, RATIS=43041, RATIS_ADMIN=43041, RATIS_SERVER=43041, STANDALONE=37757], networkLocation: /default-rack, certSerialId: null, persistedOpState: IN_SERVICE, persistedOpStateExpiryEpochSec: 0} reported CLOSED replica.
2021-08-15 14:03:29,304 [pool-466-thread-2] INFO  keyvalue.KeyValueContainer (KeyValueContainer.java:flushAndSyncDB(397)) - Container 21 is synced with bcsId 329.
2021-08-15 14:03:29,304 [pool-466-thread-2] INFO  keyvalue.KeyValueContainer (KeyValueContainer.java:flushAndSyncDB(397)) - Container 21 is synced with bcsId 329.
2021-08-15 14:03:29,304 [pool-467-thread-7] INFO  keyvalue.KeyValueContainer (KeyValueContainer.java:flushAndSyncDB(397)) - Container 21 is synced with bcsId 329.
2021-08-15 14:03:29,314 [pool-467-thread-7] INFO  keyvalue.KeyValueContainer (KeyValueContainer.java:flushAndSyncDB(397)) - Container 21 is synced with bcsId 329.
2021-08-15 14:03:29,314 [Datanode State Machine Thread - 0] WARN  statemachine.StateContext (StateContext.java:execute(621)) - No available thread in pool for past 0 seconds.
2021-08-15 14:03:29,306 [pool-466-thread-2] INFO  keyvalue.KeyValueContainer (KeyValueContainer.java:close(334)) - Container 21 is closed with bcsId 329.
2021-08-15 14:03:29,317 [pool-467-thread-7] INFO  keyvalue.KeyValueContainer (KeyValueContainer.java:close(334)) - Container 21 is closed with bcsId 329.
2021-08-15 14:03:29,340 [pool-465-thread-2] INFO  keyvalue.KeyValueContainer (KeyValueContainer.java:flushAndSyncDB(397)) - Container 22 is synced with bcsId 344.
2021-08-15 14:03:29,340 [pool-465-thread-2] INFO  keyvalue.KeyValueContainer (KeyValueContainer.java:flushAndSyncDB(397)) - Container 22 is synced with bcsId 344.
2021-08-15 14:03:29,345 [pool-465-thread-2] INFO  keyvalue.KeyValueContainer (KeyValueContainer.java:close(334)) - Container 22 is closed with bcsId 344.
2021-08-15 14:03:29,355 [SCMBlockDeletingService#0] DEBUG block.SCMBlockDeletingService (SCMBlockDeletingService.java:call(133)) - Running DeletedBlockTransactionScanner
2021-08-15 14:03:29,355 [SCMBlockDeletingService#0] DEBUG block.SCMBlockDeletingService (DatanodeDeletedBlockTransactions.java:addTransactionToDN(50)) - Transaction added: 0475d2c2-d46f-403e-95a5-8ff1a5c32338 <- TX(1)
2021-08-15 14:03:29,355 [SCMBlockDeletingService#0] DEBUG block.SCMBlockDeletingService (DatanodeDeletedBlockTransactions.java:addTransactionToDN(50)) - Transaction added: f89ecde1-abfa-4530-92e2-4a065b7725ea <- TX(1)
2021-08-15 14:03:29,355 [SCMBlockDeletingService#0] DEBUG block.SCMBlockDeletingService (DatanodeDeletedBlockTransactions.java:addTransactionToDN(50)) - Transaction added: c2c40a72-a699-49b1-b721-1997d9d2c71f <- TX(1)
2021-08-15 14:03:29,355 [SCMBlockDeletingService#0] DEBUG block.SCMBlockDeletingService (DatanodeDeletedBlockTransactions.java:addTransactionToDN(50)) - Transaction added: 0475d2c2-d46f-403e-95a5-8ff1a5c32338 <- TX(2)
2021-08-15 14:03:29,355 [SCMBlockDeletingService#0] DEBUG block.SCMBlockDeletingService (DatanodeDeletedBlockTransactions.java:addTransactionToDN(50)) - Transaction added: c2c40a72-a699-49b1-b721-1997d9d2c71f <- TX(2)
2021-08-15 14:03:29,355 [SCMBlockDeletingService#0] DEBUG block.SCMBlockDeletingService (DatanodeDeletedBlockTransactions.java:addTransactionToDN(50)) - Transaction added: f89ecde1-abfa-4530-92e2-4a065b7725ea <- TX(2)
2021-08-15 14:03:29,355 [SCMBlockDeletingService#0] DEBUG block.SCMBlockDeletingService (DatanodeDeletedBlockTransactions.java:addTransactionToDN(50)) - Transaction added: 0475d2c2-d46f-403e-95a5-8ff1a5c32338 <- TX(3)
2021-08-15 14:03:29,355 [SCMBlockDeletingService#0] DEBUG block.SCMBlockDeletingService (DatanodeDeletedBlockTransactions.java:addTransactionToDN(50)) - Transaction added: c2c40a72-a699-49b1-b721-1997d9d2c71f <- TX(3)
2021-08-15 14:03:29,355 [SCMBlockDeletingService#0] DEBUG block.SCMBlockDeletingService (DatanodeDeletedBlockTransactions.java:addTransactionToDN(50)) - Transaction added: f89ecde1-abfa-4530-92e2-4a065b7725ea <- TX(3)
2021-08-15 14:03:29,355 [SCMBlockDeletingService#0] DEBUG block.SCMBlockDeletingService (DatanodeDeletedBlockTransactions.java:addTransactionToDN(50)) - Transaction added: f89ecde1-abfa-4530-92e2-4a065b7725ea <- TX(4)
2021-08-15 14:03:29,355 [SCMBlockDeletingService#0] DEBUG block.SCMBlockDeletingService (DatanodeDeletedBlockTransactions.java:addTransactionToDN(50)) - Transaction added: c2c40a72-a699-49b1-b721-1997d9d2c71f <- TX(4)
2021-08-15 14:03:29,355 [SCMBlockDeletingService#0] DEBUG block.SCMBlockDeletingService (DatanodeDeletedBlockTransactions.java:addTransactionToDN(50)) - Transaction added: 0475d2c2-d46f-403e-95a5-8ff1a5c32338 <- TX(4)
2021-08-15 14:03:29,355 [SCMBlockDeletingService#0] DEBUG block.SCMBlockDeletingService (DatanodeDeletedBlockTransactions.java:addTransactionToDN(50)) - Transaction added: c2c40a72-a699-49b1-b721-1997d9d2c71f <- TX(5)
2021-08-15 14:03:29,355 [SCMBlockDeletingService#0] DEBUG block.SCMBlockDeletingService (DatanodeDeletedBlockTransactions.java:addTransactionToDN(50)) - Transaction added: f89ecde1-abfa-4530-92e2-4a065b7725ea <- TX(5)
2021-08-15 14:03:29,355 [SCMBlockDeletingService#0] DEBUG block.SCMBlockDeletingService (DatanodeDeletedBlockTransactions.java:addTransactionToDN(50)) - Transaction added: 0475d2c2-d46f-403e-95a5-8ff1a5c32338 <- TX(5)
2021-08-15 14:03:29,355 [SCMBlockDeletingService#0] DEBUG block.SCMBlockDeletingService (DatanodeDeletedBlockTransactions.java:addTransactionToDN(50)) - Transaction added: c2c40a72-a699-49b1-b721-1997d9d2c71f <- TX(6)
2021-08-15 14:03:29,355 [SCMBlockDeletingService#0] DEBUG block.SCMBlockDeletingService (DatanodeDeletedBlockTransactions.java:addTransactionToDN(50)) - Transaction added: f89ecde1-abfa-4530-92e2-4a065b7725ea <- TX(6)
2021-08-15 14:03:29,355 [SCMBlockDeletingService#0] DEBUG block.SCMBlockDeletingService (DatanodeDeletedBlockTransactions.java:addTransactionToDN(50)) - Transaction added: 0475d2c2-d46f-403e-95a5-8ff1a5c32338 <- TX(6)
2021-08-15 14:03:29,355 [SCMBlockDeletingService#0] DEBUG block.SCMBlockDeletingService (DatanodeDeletedBlockTransactions.java:addTransactionToDN(50)) - Transaction added: f89ecde1-abfa-4530-92e2-4a065b7725ea <- TX(7)
2021-08-15 14:03:29,355 [SCMBlockDeletingService#0] DEBUG block.SCMBlockDeletingService (DatanodeDeletedBlockTransactions.java:addTransactionToDN(50)) - Transaction added: 0475d2c2-d46f-403e-95a5-8ff1a5c32338 <- TX(7)
2021-08-15 14:03:29,355 [SCMBlockDeletingService#0] DEBUG block.SCMBlockDeletingService (DatanodeDeletedBlockTransactions.java:addTransactionToDN(50)) - Transaction added: c2c40a72-a699-49b1-b721-1997d9d2c71f <- TX(7)
2021-08-15 14:03:29,355 [SCMBlockDeletingService#0] DEBUG block.SCMBlockDeletingService (DatanodeDeletedBlockTransactions.java:addTransactionToDN(50)) - Transaction added: 0475d2c2-d46f-403e-95a5-8ff1a5c32338 <- TX(8)
2021-08-15 14:03:29,355 [SCMBlockDeletingService#0] DEBUG block.SCMBlockDeletingService (DatanodeDeletedBlockTransactions.java:addTransactionToDN(50)) - Transaction added: f89ecde1-abfa-4530-92e2-4a065b7725ea <- TX(8)
2021-08-15 14:03:29,355 [SCMBlockDeletingService#0] DEBUG block.SCMBlockDeletingService (DatanodeDeletedBlockTransactions.java:addTransactionToDN(50)) - Transaction added: c2c40a72-a699-49b1-b721-1997d9d2c71f <- TX(8)
2021-08-15 14:03:29,356 [SCMBlockDeletingService#0] DEBUG block.SCMBlockDeletingService (DatanodeDeletedBlockTransactions.java:addTransactionToDN(50)) - Transaction added: 0475d2c2-d46f-403e-95a5-8ff1a5c32338 <- TX(9)
2021-08-15 14:03:29,356 [SCMBlockDeletingService#0] DEBUG block.SCMBlockDeletingService (DatanodeDeletedBlockTransactions.java:addTransactionToDN(50)) - Transaction added: c2c40a72-a699-49b1-b721-1997d9d2c71f <- TX(9)
2021-08-15 14:03:29,356 [SCMBlockDeletingService#0] DEBUG block.SCMBlockDeletingService (DatanodeDeletedBlockTransactions.java:addTransactionToDN(50)) - Transaction added: f89ecde1-abfa-4530-92e2-4a065b7725ea <- TX(9)
2021-08-15 14:03:29,356 [SCMBlockDeletingService#0] DEBUG block.SCMBlockDeletingService (DatanodeDeletedBlockTransactions.java:addTransactionToDN(50)) - Transaction added: 0475d2c2-d46f-403e-95a5-8ff1a5c32338 <- TX(10)
2021-08-15 14:03:29,356 [SCMBlockDeletingService#0] DEBUG block.SCMBlockDeletingService (DatanodeDeletedBlockTransactions.java:addTransactionToDN(50)) - Transaction added: c2c40a72-a699-49b1-b721-1997d9d2c71f <- TX(10)
2021-08-15 14:03:29,356 [SCMBlockDeletingService#0] DEBUG block.SCMBlockDeletingService (DatanodeDeletedBlockTransactions.java:addTransactionToDN(50)) - Transaction added: f89ecde1-abfa-4530-92e2-4a065b7725ea <- TX(10)
2021-08-15 14:03:29,360 [SCMBlockDeletingService#0] DEBUG block.SCMBlockDeletingService (DatanodeDeletedBlockTransactions.java:addTransactionToDN(50)) - Transaction added: 0475d2c2-d46f-403e-95a5-8ff1a5c32338 <- TX(11)
2021-08-15 14:03:29,361 [SCMBlockDeletingService#0] DEBUG block.SCMBlockDeletingService (DatanodeDeletedBlockTransactions.java:addTransactionToDN(50)) - Transaction added: c2c40a72-a699-49b1-b721-1997d9d2c71f <- TX(11)
2021-08-15 14:03:29,361 [SCMBlockDeletingService#0] DEBUG block.SCMBlockDeletingService (DatanodeDeletedBlockTransactions.java:addTransactionToDN(50)) - Transaction added: f89ecde1-abfa-4530-92e2-4a065b7725ea <- TX(11)
2021-08-15 14:03:29,361 [SCMBlockDeletingService#0] DEBUG block.SCMBlockDeletingService (DatanodeDeletedBlockTransactions.java:addTransactionToDN(50)) - Transaction added: f89ecde1-abfa-4530-92e2-4a065b7725ea <- TX(12)
2021-08-15 14:03:29,361 [SCMBlockDeletingService#0] DEBUG block.SCMBlockDeletingService (DatanodeDeletedBlockTransactions.java:addTransactionToDN(50)) - Transaction added: c2c40a72-a699-49b1-b721-1997d9d2c71f <- TX(12)
2021-08-15 14:03:29,361 [SCMBlockDeletingService#0] DEBUG block.SCMBlockDeletingService (DatanodeDeletedBlockTransactions.java:addTransactionToDN(50)) - Transaction added: 0475d2c2-d46f-403e-95a5-8ff1a5c32338 <- TX(12)
2021-08-15 14:03:29,361 [SCMBlockDeletingService#0] DEBUG block.SCMBlockDeletingService (DatanodeDeletedBlockTransactions.java:addTransactionToDN(50)) - Transaction added: c2c40a72-a699-49b1-b721-1997d9d2c71f <- TX(13)
2021-08-15 14:03:29,361 [SCMBlockDeletingService#0] DEBUG block.SCMBlockDeletingService (DatanodeDeletedBlockTransactions.java:addTransactionToDN(50)) - Transaction added: f89ecde1-abfa-4530-92e2-4a065b7725ea <- TX(13)
2021-08-15 14:03:29,361 [SCMBlockDeletingService#0] DEBUG block.SCMBlockDeletingService (DatanodeDeletedBlockTransactions.java:addTransactionToDN(50)) - Transaction added: 0475d2c2-d46f-403e-95a5-8ff1a5c32338 <- TX(13)
2021-08-15 14:03:29,361 [SCMBlockDeletingService#0] DEBUG block.SCMBlockDeletingService (DatanodeDeletedBlockTransactions.java:addTransactionToDN(50)) - Transaction added: f89ecde1-abfa-4530-92e2-4a065b7725ea <- TX(14)
2021-08-15 14:03:29,361 [SCMBlockDeletingService#0] DEBUG block.SCMBlockDeletingService (DatanodeDeletedBlockTransactions.java:addTransactionToDN(50)) - Transaction added: 0475d2c2-d46f-403e-95a5-8ff1a5c32338 <- TX(14)
2021-08-15 14:03:29,361 [SCMBlockDeletingService#0] DEBUG block.SCMBlockDeletingService (DatanodeDeletedBlockTransactions.java:addTransactionToDN(50)) - Transaction added: c2c40a72-a699-49b1-b721-1997d9d2c71f <- TX(14)
2021-08-15 14:03:29,361 [SCMBlockDeletingService#0] DEBUG block.SCMBlockDeletingService (DatanodeDeletedBlockTransactions.java:addTransactionToDN(50)) - Transaction added: c2c40a72-a699-49b1-b721-1997d9d2c71f <- TX(15)
2021-08-15 14:03:29,361 [SCMBlockDeletingService#0] DEBUG block.SCMBlockDeletingService (DatanodeDeletedBlockTransactions.java:addTransactionToDN(50)) - Transaction added: f89ecde1-abfa-4530-92e2-4a065b7725ea <- TX(15)
2021-08-15 14:03:29,361 [SCMBlockDeletingService#0] DEBUG block.SCMBlockDeletingService (DatanodeDeletedBlockTransactions.java:addTransactionToDN(50)) - Transaction added: 0475d2c2-d46f-403e-95a5-8ff1a5c32338 <- TX(15)
2021-08-15 14:03:29,361 [SCMBlockDeletingService#0] DEBUG block.SCMBlockDeletingService (DatanodeDeletedBlockTransactions.java:addTransactionToDN(50)) - Transaction added: 0475d2c2-d46f-403e-95a5-8ff1a5c32338 <- TX(16)
2021-08-15 14:03:29,361 [SCMBlockDeletingService#0] DEBUG block.SCMBlockDeletingService (DatanodeDeletedBlockTransactions.java:addTransactionToDN(50)) - Transaction added: f89ecde1-abfa-4530-92e2-4a065b7725ea <- TX(16)
2021-08-15 14:03:29,361 [SCMBlockDeletingService#0] DEBUG block.SCMBlockDeletingService (DatanodeDeletedBlockTransactions.java:addTransactionToDN(50)) - Transaction added: c2c40a72-a699-49b1-b721-1997d9d2c71f <- TX(16)
2021-08-15 14:03:29,361 [SCMBlockDeletingService#0] DEBUG block.SCMBlockDeletingService (DatanodeDeletedBlockTransactions.java:addTransactionToDN(50)) - Transaction added: 0475d2c2-d46f-403e-95a5-8ff1a5c32338 <- TX(17)
2021-08-15 14:03:29,361 [SCMBlockDeletingService#0] DEBUG block.SCMBlockDeletingService (DatanodeDeletedBlockTransactions.java:addTransactionToDN(50)) - Transaction added: c2c40a72-a699-49b1-b721-1997d9d2c71f <- TX(17)
2021-08-15 14:03:29,361 [SCMBlockDeletingService#0] DEBUG block.SCMBlockDeletingService (DatanodeDeletedBlockTransactions.java:addTransactionToDN(50)) - Transaction added: f89ecde1-abfa-4530-92e2-4a065b7725ea <- TX(17)
2021-08-15 14:03:29,361 [SCMBlockDeletingService#0] DEBUG block.SCMBlockDeletingService (DatanodeDeletedBlockTransactions.java:addTransactionToDN(50)) - Transaction added: 0475d2c2-d46f-403e-95a5-8ff1a5c32338 <- TX(18)
2021-08-15 14:03:29,361 [SCMBlockDeletingService#0] DEBUG block.SCMBlockDeletingService (DatanodeDeletedBlockTransactions.java:addTransactionToDN(50)) - Transaction added: c2c40a72-a699-49b1-b721-1997d9d2c71f <- TX(18)
2021-08-15 14:03:29,361 [SCMBlockDeletingService#0] DEBUG block.SCMBlockDeletingService (DatanodeDeletedBlockTransactions.java:addTransactionToDN(50)) - Transaction added: f89ecde1-abfa-4530-92e2-4a065b7725ea <- TX(18)
2021-08-15 14:03:29,361 [SCMBlockDeletingService#0] DEBUG block.SCMBlockDeletingService (DatanodeDeletedBlockTransactions.java:addTransactionToDN(50)) - Transaction added: 0475d2c2-d46f-403e-95a5-8ff1a5c32338 <- TX(19)
2021-08-15 14:03:29,361 [SCMBlockDeletingService#0] DEBUG block.SCMBlockDeletingService (DatanodeDeletedBlockTransactions.java:addTransactionToDN(50)) - Transaction added: c2c40a72-a699-49b1-b721-1997d9d2c71f <- TX(19)
2021-08-15 14:03:29,361 [SCMBlockDeletingService#0] DEBUG block.SCMBlockDeletingService (DatanodeDeletedBlockTransactions.java:addTransactionToDN(50)) - Transaction added: f89ecde1-abfa-4530-92e2-4a065b7725ea <- TX(19)
2021-08-15 14:03:29,361 [SCMBlockDeletingService#0] DEBUG block.SCMBlockDeletingService (DatanodeDeletedBlockTransactions.java:addTransactionToDN(50)) - Transaction added: f89ecde1-abfa-4530-92e2-4a065b7725ea <- TX(20)
2021-08-15 14:03:29,361 [SCMBlockDeletingService#0] DEBUG block.SCMBlockDeletingService (DatanodeDeletedBlockTransactions.java:addTransactionToDN(50)) - Transaction added: c2c40a72-a699-49b1-b721-1997d9d2c71f <- TX(20)
2021-08-15 14:03:29,361 [SCMBlockDeletingService#0] DEBUG block.SCMBlockDeletingService (DatanodeDeletedBlockTransactions.java:addTransactionToDN(50)) - Transaction added: 0475d2c2-d46f-403e-95a5-8ff1a5c32338 <- TX(20)
2021-08-15 14:03:29,361 [SCMBlockDeletingService#0] DEBUG block.SCMBlockDeletingService (DatanodeDeletedBlockTransactions.java:addTransactionToDN(50)) - Transaction added: c2c40a72-a699-49b1-b721-1997d9d2c71f <- TX(21)
2021-08-15 14:03:29,362 [SCMBlockDeletingService#0] DEBUG block.SCMBlockDeletingService (DatanodeDeletedBlockTransactions.java:addTransactionToDN(50)) - Transaction added: f89ecde1-abfa-4530-92e2-4a065b7725ea <- TX(21)
2021-08-15 14:03:29,360 [Datanode State Machine Thread - 0] WARN  statemachine.StateContext (StateContext.java:execute(621)) - No available thread in pool for past 0 seconds.
2021-08-15 14:03:29,362 [EventQueue-IncrementalContainerReportForIncrementalContainerReportHandler] INFO  container.IncrementalContainerReportHandler (AbstractContainerReportHandler.java:updateContainerState(223)) - Moving container #22 to CLOSED state, datanode c2c40a72-a699-49b1-b721-1997d9d2c71f{ip: 10.1.0.17, host: fv-az184-677.3ow45vhwbzuu5incsxmygykede.cx.internal.cloudapp.net, ports: [REPLICATION=40199, RATIS=43041, RATIS_ADMIN=43041, RATIS_SERVER=43041, STANDALONE=37757], networkLocation: /default-rack, certSerialId: null, persistedOpState: IN_SERVICE, persistedOpStateExpiryEpochSec: 0} reported CLOSED replica.
2021-08-15 14:03:29,362 [SCMBlockDeletingService#0] DEBUG block.SCMBlockDeletingService (DatanodeDeletedBlockTransactions.java:addTransactionToDN(50)) - Transaction added: 0475d2c2-d46f-403e-95a5-8ff1a5c32338 <- TX(21)
2021-08-15 14:03:29,368 [SCMBlockDeletingService#0] DEBUG block.SCMBlockDeletingService (DatanodeDeletedBlockTransactions.java:addTransactionToDN(50)) - Transaction added: c2c40a72-a699-49b1-b721-1997d9d2c71f <- TX(22)
2021-08-15 14:03:29,368 [SCMBlockDeletingService#0] DEBUG block.SCMBlockDeletingService (DatanodeDeletedBlockTransactions.java:addTransactionToDN(50)) - Transaction added: f89ecde1-abfa-4530-92e2-4a065b7725ea <- TX(22)
2021-08-15 14:03:29,368 [SCMBlockDeletingService#0] DEBUG block.SCMBlockDeletingService (DatanodeDeletedBlockTransactions.java:addTransactionToDN(50)) - Transaction added: 0475d2c2-d46f-403e-95a5-8ff1a5c32338 <- TX(22)
2021-08-15 14:03:29,368 [SCMBlockDeletingService#0] DEBUG block.SCMBlockDeletingService (SCMBlockDeletingService.java:call(164)) - Added delete block command for datanode c2c40a72-a699-49b1-b721-1997d9d2c71f in the queue, number of delete block transactions: 22
2021-08-15 14:03:29,368 [SCMBlockDeletingService#0] DEBUG block.SCMBlockDeletingService (SCMBlockDeletingService.java:call(164)) - Added delete block command for datanode 0475d2c2-d46f-403e-95a5-8ff1a5c32338 in the queue, number of delete block transactions: 22
2021-08-15 14:03:29,368 [SCMBlockDeletingService#0] DEBUG block.SCMBlockDeletingService (SCMBlockDeletingService.java:call(164)) - Added delete block command for datanode f89ecde1-abfa-4530-92e2-4a065b7725ea in the queue, number of delete block transactions: 22
2021-08-15 14:03:29,368 [SCMBlockDeletingService#0] INFO  block.SCMBlockDeletingService (SCMBlockDeletingService.java:call(174)) - Totally added 66 blocks to be deleted for 3 datanodes, task elapsed time: 13ms
2021-08-15 14:03:29,376 [org.apache.hadoop.ozone.container.common.statemachine.commandhandler.DeleteBlocksCommandHandler$DeleteCmdWorker@4162775a] INFO  commandhandler.DeleteBlocksCommandHandler (DeleteBlocksCommandHandler.java:processCmd(261)) - Start to delete container blocks, TXIDs=[1(0),2(0),3(0)], numOfContainers=3, numOfBlocks=3
2021-08-15 14:03:29,376 [Datanode State Machine Thread - 0] WARN  statemachine.StateContext (StateContext.java:execute(621)) - No available thread in pool for past 0 seconds.
2021-08-15 14:03:29,400 [pool-466-thread-10] INFO  keyvalue.KeyValueContainer (KeyValueContainer.java:flushAndSyncDB(397)) - Container 22 is synced with bcsId 344.
2021-08-15 14:03:29,400 [pool-466-thread-10] INFO  keyvalue.KeyValueContainer (KeyValueContainer.java:flushAndSyncDB(397)) - Container 22 is synced with bcsId 344.
2021-08-15 14:03:29,402 [pool-467-thread-6] INFO  keyvalue.KeyValueContainer (KeyValueContainer.java:flushAndSyncDB(397)) - Container 22 is synced with bcsId 344.
2021-08-15 14:03:29,402 [pool-467-thread-6] INFO  keyvalue.KeyValueContainer (KeyValueContainer.java:flushAndSyncDB(397)) - Container 22 is synced with bcsId 344.
2021-08-15 14:03:29,404 [pool-467-thread-6] INFO  keyvalue.KeyValueContainer (KeyValueContainer.java:close(334)) - Container 22 is closed with bcsId 344.
2021-08-15 14:03:29,404 [pool-466-thread-10] INFO  keyvalue.KeyValueContainer (KeyValueContainer.java:close(334)) - Container 22 is closed with bcsId 344.
2021-08-15 14:03:29,432 [Datanode State Machine Thread - 0] WARN  statemachine.StateContext (StateContext.java:execute(621)) - No available thread in pool for past 0 seconds.
2021-08-15 14:03:29,432 [Datanode State Machine Thread - 0] WARN  statemachine.StateContext (StateContext.java:execute(621)) - No available thread in pool for past 0 seconds.
2021-08-15 14:03:29,448 [org.apache.hadoop.ozone.container.common.statemachine.commandhandler.DeleteBlocksCommandHandler$DeleteCmdWorker@4162775a] INFO  commandhandler.DeleteBlocksCommandHandler (DeleteBlocksCommandHandler.java:processCmd(261)) - Start to delete container blocks, TXIDs=[1(0),2(0),3(0),4(0)], numOfContainers=4, numOfBlocks=4
2021-08-15 14:03:29,449 [org.apache.hadoop.ozone.container.common.statemachine.commandhandler.DeleteBlocksCommandHandler$DeleteCmdWorker@4162775a] INFO  commandhandler.DeleteBlocksCommandHandler (DeleteBlocksCommandHandler.java:processCmd(261)) - Start to delete container blocks, TXIDs=[1(0),2(0),3(0),4(0),5(0)], numOfContainers=5, numOfBlocks=5
2021-08-15 14:03:29,449 [pool-465-thread-9] INFO  keyvalue.KeyValueContainer (KeyValueContainer.java:flushAndSyncDB(397)) - Container 23 is synced with bcsId 359.
2021-08-15 14:03:29,449 [pool-465-thread-9] INFO  keyvalue.KeyValueContainer (KeyValueContainer.java:flushAndSyncDB(397)) - Container 23 is synced with bcsId 359.
2021-08-15 14:03:29,450 [org.apache.hadoop.ozone.container.common.statemachine.commandhandler.DeleteBlocksCommandHandler$DeleteCmdWorker@4162775a] INFO  commandhandler.DeleteBlocksCommandHandler (DeleteBlocksCommandHandler.java:processCmd(261)) - Start to delete container blocks, TXIDs=[1(0),2(0),3(0),4(0),5(0),6(0),7(0)], numOfContainers=7, numOfBlocks=7
2021-08-15 14:03:29,450 [org.apache.hadoop.ozone.container.common.statemachine.commandhandler.DeleteBlocksCommandHandler$DeleteCmdWorker@4162775a] INFO  commandhandler.DeleteBlocksCommandHandler (DeleteBlocksCommandHandler.java:processCmd(261)) - Start to delete container blocks, TXIDs=[1(0),2(0),3(0),4(0),5(0),6(0),7(0),8(0),9(0)], numOfContainers=9, numOfBlocks=9
2021-08-15 14:03:29,450 [org.apache.hadoop.ozone.container.common.statemachine.commandhandler.DeleteBlocksCommandHandler$DeleteCmdWorker@4162775a] INFO  commandhandler.DeleteBlocksCommandHandler (DeleteBlocksCommandHandler.java:processCmd(261)) - Start to delete container blocks, TXIDs=[1(0),2(0),3(0),4(0),5(0),6(0),7(0),8(0),9(0),10(0),11(0)], numOfContainers=11, numOfBlocks=11
2021-08-15 14:03:29,450 [org.apache.hadoop.ozone.container.common.statemachine.commandhandler.DeleteBlocksCommandHandler$DeleteCmdWorker@4162775a] INFO  commandhandler.DeleteBlocksCommandHandler (DeleteBlocksCommandHandler.java:processCmd(261)) - Start to delete container blocks, TXIDs=[1(0),2(0),3(0),4(0),5(0),6(0),7(0),8(0),9(0),10(0),11(0),12(0)], numOfContainers=12, numOfBlocks=12
2021-08-15 14:03:29,451 [org.apache.hadoop.ozone.container.common.statemachine.commandhandler.DeleteBlocksCommandHandler$DeleteCmdWorker@4162775a] INFO  commandhandler.DeleteBlocksCommandHandler (DeleteBlocksCommandHandler.java:processCmd(261)) - Start to delete container blocks, TXIDs=[1(0),2(0),3(0),4(0),5(0),6(0),7(0),8(0),9(0),10(0),11(0),12(0),13(0),14(0),15(0)], numOfContainers=15, numOfBlocks=15
2021-08-15 14:03:29,451 [org.apache.hadoop.ozone.container.common.statemachine.commandhandler.DeleteBlocksCommandHandler$DeleteCmdWorker@4162775a] INFO  commandhandler.DeleteBlocksCommandHandler (DeleteBlocksCommandHandler.java:processCmd(261)) - Start to delete container blocks, TXIDs=[1(0),2(0),3(0),4(0),5(0),6(0),7(0),8(0),9(0),10(0),11(0),12(0),13(0),14(0),15(0),16(0)], numOfContainers=16, numOfBlocks=16
2021-08-15 14:03:29,452 [pool-465-thread-9] INFO  keyvalue.KeyValueContainer (KeyValueContainer.java:close(334)) - Container 23 is closed with bcsId 359.
2021-08-15 14:03:29,452 [Datanode State Machine Thread - 0] WARN  statemachine.StateContext (StateContext.java:execute(621)) - No available thread in pool for past 0 seconds.
2021-08-15 14:03:29,452 [EventQueue-IncrementalContainerReportForIncrementalContainerReportHandler] INFO  container.IncrementalContainerReportHandler (AbstractContainerReportHandler.java:updateContainerState(223)) - Moving container #23 to CLOSED state, datanode c2c40a72-a699-49b1-b721-1997d9d2c71f{ip: 10.1.0.17, host: fv-az184-677.3ow45vhwbzuu5incsxmygykede.cx.internal.cloudapp.net, ports: [REPLICATION=40199, RATIS=43041, RATIS_ADMIN=43041, RATIS_SERVER=43041, STANDALONE=37757], networkLocation: /default-rack, certSerialId: null, persistedOpState: IN_SERVICE, persistedOpStateExpiryEpochSec: 0} reported CLOSED replica.
2021-08-15 14:03:29,455 [SCMBlockDeletingService#0] DEBUG block.SCMBlockDeletingService (SCMBlockDeletingService.java:call(133)) - Running DeletedBlockTransactionScanner
2021-08-15 14:03:29,455 [SCMBlockDeletingService#0] DEBUG block.SCMBlockDeletingService (DatanodeDeletedBlockTransactions.java:addTransactionToDN(50)) - Transaction added: 0475d2c2-d46f-403e-95a5-8ff1a5c32338 <- TX(1)
2021-08-15 14:03:29,455 [SCMBlockDeletingService#0] DEBUG block.SCMBlockDeletingService (DatanodeDeletedBlockTransactions.java:addTransactionToDN(50)) - Transaction added: f89ecde1-abfa-4530-92e2-4a065b7725ea <- TX(1)
2021-08-15 14:03:29,455 [SCMBlockDeletingService#0] DEBUG block.SCMBlockDeletingService (DatanodeDeletedBlockTransactions.java:addTransactionToDN(50)) - Transaction added: c2c40a72-a699-49b1-b721-1997d9d2c71f <- TX(1)
2021-08-15 14:03:29,456 [SCMBlockDeletingService#0] DEBUG block.SCMBlockDeletingService (DatanodeDeletedBlockTransactions.java:addTransactionToDN(50)) - Transaction added: 0475d2c2-d46f-403e-95a5-8ff1a5c32338 <- TX(2)
2021-08-15 14:03:29,456 [SCMBlockDeletingService#0] DEBUG block.SCMBlockDeletingService (DatanodeDeletedBlockTransactions.java:addTransactionToDN(50)) - Transaction added: c2c40a72-a699-49b1-b721-1997d9d2c71f <- TX(2)
2021-08-15 14:03:29,456 [SCMBlockDeletingService#0] DEBUG block.SCMBlockDeletingService (DatanodeDeletedBlockTransactions.java:addTransactionToDN(50)) - Transaction added: f89ecde1-abfa-4530-92e2-4a065b7725ea <- TX(2)
2021-08-15 14:03:29,456 [SCMBlockDeletingService#0] DEBUG block.SCMBlockDeletingService (DatanodeDeletedBlockTransactions.java:addTransactionToDN(50)) - Transaction added: 0475d2c2-d46f-403e-95a5-8ff1a5c32338 <- TX(3)
2021-08-15 14:03:29,456 [SCMBlockDeletingService#0] DEBUG block.SCMBlockDeletingService (DatanodeDeletedBlockTransactions.java:addTransactionToDN(50)) - Transaction added: c2c40a72-a699-49b1-b721-1997d9d2c71f <- TX(3)
2021-08-15 14:03:29,456 [SCMBlockDeletingService#0] DEBUG block.SCMBlockDeletingService (DatanodeDeletedBlockTransactions.java:addTransactionToDN(50)) - Transaction added: f89ecde1-abfa-4530-92e2-4a065b7725ea <- TX(3)
2021-08-15 14:03:29,456 [SCMBlockDeletingService#0] DEBUG block.SCMBlockDeletingService (DatanodeDeletedBlockTransactions.java:addTransactionToDN(50)) - Transaction added: f89ecde1-abfa-4530-92e2-4a065b7725ea <- TX(4)
2021-08-15 14:03:29,456 [SCMBlockDeletingService#0] DEBUG block.SCMBlockDeletingService (DatanodeDeletedBlockTransactions.java:addTransactionToDN(50)) - Transaction added: c2c40a72-a699-49b1-b721-1997d9d2c71f <- TX(4)
2021-08-15 14:03:29,456 [SCMBlockDeletingService#0] DEBUG block.SCMBlockDeletingService (DatanodeDeletedBlockTransactions.java:addTransactionToDN(50)) - Transaction added: 0475d2c2-d46f-403e-95a5-8ff1a5c32338 <- TX(4)
2021-08-15 14:03:29,456 [SCMBlockDeletingService#0] DEBUG block.SCMBlockDeletingService (DatanodeDeletedBlockTransactions.java:addTransactionToDN(50)) - Transaction added: c2c40a72-a699-49b1-b721-1997d9d2c71f <- TX(5)
2021-08-15 14:03:29,456 [SCMBlockDeletingService#0] DEBUG block.SCMBlockDeletingService (DatanodeDeletedBlockTransactions.java:addTransactionToDN(50)) - Transaction added: f89ecde1-abfa-4530-92e2-4a065b7725ea <- TX(5)
2021-08-15 14:03:29,456 [SCMBlockDeletingService#0] DEBUG block.SCMBlockDeletingService (DatanodeDeletedBlockTransactions.java:addTransactionToDN(50)) - Transaction added: 0475d2c2-d46f-403e-95a5-8ff1a5c32338 <- TX(5)
2021-08-15 14:03:29,456 [SCMBlockDeletingService#0] DEBUG block.SCMBlockDeletingService (DatanodeDeletedBlockTransactions.java:addTransactionToDN(50)) - Transaction added: c2c40a72-a699-49b1-b721-1997d9d2c71f <- TX(6)
2021-08-15 14:03:29,456 [SCMBlockDeletingService#0] DEBUG block.SCMBlockDeletingService (DatanodeDeletedBlockTransactions.java:addTransactionToDN(50)) - Transaction added: f89ecde1-abfa-4530-92e2-4a065b7725ea <- TX(6)
2021-08-15 14:03:29,456 [SCMBlockDeletingService#0] DEBUG block.SCMBlockDeletingService (DatanodeDeletedBlockTransactions.java:addTransactionToDN(50)) - Transaction added: 0475d2c2-d46f-403e-95a5-8ff1a5c32338 <- TX(6)
2021-08-15 14:03:29,456 [SCMBlockDeletingService#0] DEBUG block.SCMBlockDeletingService (DatanodeDeletedBlockTransactions.java:addTransactionToDN(50)) - Transaction added: f89ecde1-abfa-4530-92e2-4a065b7725ea <- TX(7)
2021-08-15 14:03:29,456 [SCMBlockDeletingService#0] DEBUG block.SCMBlockDeletingService (DatanodeDeletedBlockTransactions.java:addTransactionToDN(50)) - Transaction added: 0475d2c2-d46f-403e-95a5-8ff1a5c32338 <- TX(7)
2021-08-15 14:03:29,456 [SCMBlockDeletingService#0] DEBUG block.SCMBlockDeletingService (DatanodeDeletedBlockTransactions.java:addTransactionToDN(50)) - Transaction added: c2c40a72-a699-49b1-b721-1997d9d2c71f <- TX(7)
2021-08-15 14:03:29,456 [SCMBlockDeletingService#0] DEBUG block.SCMBlockDeletingService (DatanodeDeletedBlockTransactions.java:addTransactionToDN(50)) - Transaction added: 0475d2c2-d46f-403e-95a5-8ff1a5c32338 <- TX(8)
2021-08-15 14:03:29,456 [SCMBlockDeletingService#0] DEBUG block.SCMBlockDeletingService (DatanodeDeletedBlockTransactions.java:addTransactionToDN(50)) - Transaction added: f89ecde1-abfa-4530-92e2-4a065b7725ea <- TX(8)
2021-08-15 14:03:29,456 [SCMBlockDeletingService#0] DEBUG block.SCMBlockDeletingService (DatanodeDeletedBlockTransactions.java:addTransactionToDN(50)) - Transaction added: c2c40a72-a699-49b1-b721-1997d9d2c71f <- TX(8)
2021-08-15 14:03:29,456 [SCMBlockDeletingService#0] DEBUG block.SCMBlockDeletingService (DatanodeDeletedBlockTransactions.java:addTransactionToDN(50)) - Transaction added: 0475d2c2-d46f-403e-95a5-8ff1a5c32338 <- TX(9)
2021-08-15 14:03:29,456 [SCMBlockDeletingService#0] DEBUG block.SCMBlockDeletingService (DatanodeDeletedBlockTransactions.java:addTransactionToDN(50)) - Transaction added: c2c40a72-a699-49b1-b721-1997d9d2c71f <- TX(9)
2021-08-15 14:03:29,456 [SCMBlockDeletingService#0] DEBUG block.SCMBlockDeletingService (DatanodeDeletedBlockTransactions.java:addTransactionToDN(50)) - Transaction added: f89ecde1-abfa-4530-92e2-4a065b7725ea <- TX(9)
2021-08-15 14:03:29,456 [SCMBlockDeletingService#0] DEBUG block.SCMBlockDeletingService (DatanodeDeletedBlockTransactions.java:addTransactionToDN(50)) - Transaction added: 0475d2c2-d46f-403e-95a5-8ff1a5c32338 <- TX(10)
2021-08-15 14:03:29,456 [SCMBlockDeletingService#0] DEBUG block.SCMBlockDeletingService (DatanodeDeletedBlockTransactions.java:addTransactionToDN(50)) - Transaction added: c2c40a72-a699-49b1-b721-1997d9d2c71f <- TX(10)
2021-08-15 14:03:29,456 [SCMBlockDeletingService#0] DEBUG block.SCMBlockDeletingService (DatanodeDeletedBlockTransactions.java:addTransactionToDN(50)) - Transaction added: f89ecde1-abfa-4530-92e2-4a065b7725ea <- TX(10)
2021-08-15 14:03:29,456 [SCMBlockDeletingService#0] DEBUG block.SCMBlockDeletingService (DatanodeDeletedBlockTransactions.java:addTransactionToDN(50)) - Transaction added: 0475d2c2-d46f-403e-95a5-8ff1a5c32338 <- TX(11)
2021-08-15 14:03:29,456 [SCMBlockDeletingService#0] DEBUG block.SCMBlockDeletingService (DatanodeDeletedBlockTransactions.java:addTransactionToDN(50)) - Transaction added: c2c40a72-a699-49b1-b721-1997d9d2c71f <- TX(11)
2021-08-15 14:03:29,456 [SCMBlockDeletingService#0] DEBUG block.SCMBlockDeletingService (DatanodeDeletedBlockTransactions.java:addTransactionToDN(50)) - Transaction added: f89ecde1-abfa-4530-92e2-4a065b7725ea <- TX(11)
2021-08-15 14:03:29,456 [SCMBlockDeletingService#0] DEBUG block.SCMBlockDeletingService (DatanodeDeletedBlockTransactions.java:addTransactionToDN(50)) - Transaction added: f89ecde1-abfa-4530-92e2-4a065b7725ea <- TX(12)
2021-08-15 14:03:29,456 [SCMBlockDeletingService#0] DEBUG block.SCMBlockDeletingService (DatanodeDeletedBlockTransactions.java:addTransactionToDN(50)) - Transaction added: c2c40a72-a699-49b1-b721-1997d9d2c71f <- TX(12)
2021-08-15 14:03:29,456 [SCMBlockDeletingService#0] DEBUG block.SCMBlockDeletingService (DatanodeDeletedBlockTransactions.java:addTransactionToDN(50)) - Transaction added: 0475d2c2-d46f-403e-95a5-8ff1a5c32338 <- TX(12)
2021-08-15 14:03:29,456 [SCMBlockDeletingService#0] DEBUG block.SCMBlockDeletingService (DatanodeDeletedBlockTransactions.java:addTransactionToDN(50)) - Transaction added: c2c40a72-a699-49b1-b721-1997d9d2c71f <- TX(13)
2021-08-15 14:03:29,456 [SCMBlockDeletingService#0] DEBUG block.SCMBlockDeletingService (DatanodeDeletedBlockTransactions.java:addTransactionToDN(50)) - Transaction added: f89ecde1-abfa-4530-92e2-4a065b7725ea <- TX(13)
2021-08-15 14:03:29,456 [SCMBlockDeletingService#0] DEBUG block.SCMBlockDeletingService (DatanodeDeletedBlockTransactions.java:addTransactionToDN(50)) - Transaction added: 0475d2c2-d46f-403e-95a5-8ff1a5c32338 <- TX(13)
2021-08-15 14:03:29,456 [SCMBlockDeletingService#0] DEBUG block.SCMBlockDeletingService (DatanodeDeletedBlockTransactions.java:addTransactionToDN(50)) - Transaction added: f89ecde1-abfa-4530-92e2-4a065b7725ea <- TX(14)
2021-08-15 14:03:29,457 [SCMBlockDeletingService#0] DEBUG block.SCMBlockDeletingService (DatanodeDeletedBlockTransactions.java:addTransactionToDN(50)) - Transaction added: 0475d2c2-d46f-403e-95a5-8ff1a5c32338 <- TX(14)
2021-08-15 14:03:29,457 [SCMBlockDeletingService#0] DEBUG block.SCMBlockDeletingService (DatanodeDeletedBlockTransactions.java:addTransactionToDN(50)) - Transaction added: c2c40a72-a699-49b1-b721-1997d9d2c71f <- TX(14)
2021-08-15 14:03:29,457 [SCMBlockDeletingService#0] DEBUG block.SCMBlockDeletingService (DatanodeDeletedBlockTransactions.java:addTransactionToDN(50)) - Transaction added: c2c40a72-a699-49b1-b721-1997d9d2c71f <- TX(15)
2021-08-15 14:03:29,457 [SCMBlockDeletingService#0] DEBUG block.SCMBlockDeletingService (DatanodeDeletedBlockTransactions.java:addTransactionToDN(50)) - Transaction added: f89ecde1-abfa-4530-92e2-4a065b7725ea <- TX(15)
2021-08-15 14:03:29,457 [SCMBlockDeletingService#0] DEBUG block.SCMBlockDeletingService (DatanodeDeletedBlockTransactions.java:addTransactionToDN(50)) - Transaction added: 0475d2c2-d46f-403e-95a5-8ff1a5c32338 <- TX(15)
2021-08-15 14:03:29,457 [SCMBlockDeletingService#0] DEBUG block.SCMBlockDeletingService (DatanodeDeletedBlockTransactions.java:addTransactionToDN(50)) - Transaction added: 0475d2c2-d46f-403e-95a5-8ff1a5c32338 <- TX(16)
2021-08-15 14:03:29,457 [SCMBlockDeletingService#0] DEBUG block.SCMBlockDeletingService (DatanodeDeletedBlockTransactions.java:addTransactionToDN(50)) - Transaction added: f89ecde1-abfa-4530-92e2-4a065b7725ea <- TX(16)
2021-08-15 14:03:29,457 [SCMBlockDeletingService#0] DEBUG block.SCMBlockDeletingService (DatanodeDeletedBlockTransactions.java:addTransactionToDN(50)) - Transaction added: c2c40a72-a699-49b1-b721-1997d9d2c71f <- TX(16)
2021-08-15 14:03:29,457 [SCMBlockDeletingService#0] DEBUG block.SCMBlockDeletingService (DatanodeDeletedBlockTransactions.java:addTransactionToDN(50)) - Transaction added: 0475d2c2-d46f-403e-95a5-8ff1a5c32338 <- TX(17)
2021-08-15 14:03:29,457 [SCMBlockDeletingService#0] DEBUG block.SCMBlockDeletingService (DatanodeDeletedBlockTransactions.java:addTransactionToDN(50)) - Transaction added: c2c40a72-a699-49b1-b721-1997d9d2c71f <- TX(17)
2021-08-15 14:03:29,457 [SCMBlockDeletingService#0] DEBUG block.SCMBlockDeletingService (DatanodeDeletedBlockTransactions.java:addTransactionToDN(50)) - Transaction added: f89ecde1-abfa-4530-92e2-4a065b7725ea <- TX(17)
2021-08-15 14:03:29,457 [SCMBlockDeletingService#0] DEBUG block.SCMBlockDeletingService (DatanodeDeletedBlockTransactions.java:addTransactionToDN(50)) - Transaction added: 0475d2c2-d46f-403e-95a5-8ff1a5c32338 <- TX(18)
2021-08-15 14:03:29,457 [SCMBlockDeletingService#0] DEBUG block.SCMBlockDeletingService (DatanodeDeletedBlockTransactions.java:addTransactionToDN(50)) - Transaction added: c2c40a72-a699-49b1-b721-1997d9d2c71f <- TX(18)
2021-08-15 14:03:29,457 [SCMBlockDeletingService#0] DEBUG block.SCMBlockDeletingService (DatanodeDeletedBlockTransactions.java:addTransactionToDN(50)) - Transaction added: f89ecde1-abfa-4530-92e2-4a065b7725ea <- TX(18)
2021-08-15 14:03:29,457 [SCMBlockDeletingService#0] DEBUG block.SCMBlockDeletingService (DatanodeDeletedBlockTransactions.java:addTransactionToDN(50)) - Transaction added: 0475d2c2-d46f-403e-95a5-8ff1a5c32338 <- TX(19)
2021-08-15 14:03:29,457 [SCMBlockDeletingService#0] DEBUG block.SCMBlockDeletingService (DatanodeDeletedBlockTransactions.java:addTransactionToDN(50)) - Transaction added: c2c40a72-a699-49b1-b721-1997d9d2c71f <- TX(19)
2021-08-15 14:03:29,457 [SCMBlockDeletingService#0] DEBUG block.SCMBlockDeletingService (DatanodeDeletedBlockTransactions.java:addTransactionToDN(50)) - Transaction added: f89ecde1-abfa-4530-92e2-4a065b7725ea <- TX(19)
2021-08-15 14:03:29,457 [SCMBlockDeletingService#0] DEBUG block.SCMBlockDeletingService (DatanodeDeletedBlockTransactions.java:addTransactionToDN(50)) - Transaction added: f89ecde1-abfa-4530-92e2-4a065b7725ea <- TX(20)
2021-08-15 14:03:29,457 [SCMBlockDeletingService#0] DEBUG block.SCMBlockDeletingService (DatanodeDeletedBlockTransactions.java:addTransactionToDN(50)) - Transaction added: c2c40a72-a699-49b1-b721-1997d9d2c71f <- TX(20)
2021-08-15 14:03:29,457 [SCMBlockDeletingService#0] DEBUG block.SCMBlockDeletingService (DatanodeDeletedBlockTransactions.java:addTransactionToDN(50)) - Transaction added: 0475d2c2-d46f-403e-95a5-8ff1a5c32338 <- TX(20)
2021-08-15 14:03:29,457 [SCMBlockDeletingService#0] DEBUG block.SCMBlockDeletingService (DatanodeDeletedBlockTransactions.java:addTransactionToDN(50)) - Transaction added: c2c40a72-a699-49b1-b721-1997d9d2c71f <- TX(21)
2021-08-15 14:03:29,457 [SCMBlockDeletingService#0] DEBUG block.SCMBlockDeletingService (DatanodeDeletedBlockTransactions.java:addTransactionToDN(50)) - Transaction added: f89ecde1-abfa-4530-92e2-4a065b7725ea <- TX(21)
2021-08-15 14:03:29,457 [SCMBlockDeletingService#0] DEBUG block.SCMBlockDeletingService (DatanodeDeletedBlockTransactions.java:addTransactionToDN(50)) - Transaction added: 0475d2c2-d46f-403e-95a5-8ff1a5c32338 <- TX(21)
2021-08-15 14:03:29,457 [SCMBlockDeletingService#0] DEBUG block.SCMBlockDeletingService (DatanodeDeletedBlockTransactions.java:addTransactionToDN(50)) - Transaction added: c2c40a72-a699-49b1-b721-1997d9d2c71f <- TX(22)
2021-08-15 14:03:29,457 [SCMBlockDeletingService#0] DEBUG block.SCMBlockDeletingService (DatanodeDeletedBlockTransactions.java:addTransactionToDN(50)) - Transaction added: f89ecde1-abfa-4530-92e2-4a065b7725ea <- TX(22)
2021-08-15 14:03:29,457 [SCMBlockDeletingService#0] DEBUG block.SCMBlockDeletingService (DatanodeDeletedBlockTransactions.java:addTransactionToDN(50)) - Transaction added: 0475d2c2-d46f-403e-95a5-8ff1a5c32338 <- TX(22)
2021-08-15 14:03:29,457 [SCMBlockDeletingService#0] DEBUG block.SCMBlockDeletingService (DatanodeDeletedBlockTransactions.java:addTransactionToDN(50)) - Transaction added: f89ecde1-abfa-4530-92e2-4a065b7725ea <- TX(23)
2021-08-15 14:03:29,457 [SCMBlockDeletingService#0] DEBUG block.SCMBlockDeletingService (DatanodeDeletedBlockTransactions.java:addTransactionToDN(50)) - Transaction added: 0475d2c2-d46f-403e-95a5-8ff1a5c32338 <- TX(23)
2021-08-15 14:03:29,457 [SCMBlockDeletingService#0] DEBUG block.SCMBlockDeletingService (DatanodeDeletedBlockTransactions.java:addTransactionToDN(50)) - Transaction added: c2c40a72-a699-49b1-b721-1997d9d2c71f <- TX(23)
2021-08-15 14:03:29,458 [SCMBlockDeletingService#0] DEBUG block.SCMBlockDeletingService (SCMBlockDeletingService.java:call(164)) - Added delete block command for datanode c2c40a72-a699-49b1-b721-1997d9d2c71f in the queue, number of delete block transactions: 23
2021-08-15 14:03:29,458 [SCMBlockDeletingService#0] DEBUG block.SCMBlockDeletingService (SCMBlockDeletingService.java:call(164)) - Added delete block command for datanode 0475d2c2-d46f-403e-95a5-8ff1a5c32338 in the queue, number of delete block transactions: 23
2021-08-15 14:03:29,458 [SCMBlockDeletingService#0] DEBUG block.SCMBlockDeletingService (SCMBlockDeletingService.java:call(164)) - Added delete block command for datanode f89ecde1-abfa-4530-92e2-4a065b7725ea in the queue, number of delete block transactions: 23
2021-08-15 14:03:29,458 [SCMBlockDeletingService#0] INFO  block.SCMBlockDeletingService (SCMBlockDeletingService.java:call(174)) - Totally added 69 blocks to be deleted for 3 datanodes, task elapsed time: 2ms
2021-08-15 14:03:29,481 [pool-466-thread-4] INFO  keyvalue.KeyValueContainer (KeyValueContainer.java:flushAndSyncDB(397)) - Container 23 is synced with bcsId 359.
2021-08-15 14:03:29,495 [pool-466-thread-4] INFO  keyvalue.KeyValueContainer (KeyValueContainer.java:flushAndSyncDB(397)) - Container 23 is synced with bcsId 359.
2021-08-15 14:03:29,495 [Datanode State Machine Thread - 0] WARN  statemachine.StateContext (StateContext.java:execute(621)) - No available thread in pool for past 0 seconds.
2021-08-15 14:03:29,503 [pool-466-thread-4] INFO  keyvalue.KeyValueContainer (KeyValueContainer.java:close(334)) - Container 23 is closed with bcsId 359.
2021-08-15 14:03:29,506 [pool-467-thread-9] INFO  keyvalue.KeyValueContainer (KeyValueContainer.java:flushAndSyncDB(397)) - Container 23 is synced with bcsId 359.
2021-08-15 14:03:29,507 [pool-467-thread-9] INFO  keyvalue.KeyValueContainer (KeyValueContainer.java:flushAndSyncDB(397)) - Container 23 is synced with bcsId 359.
2021-08-15 14:03:29,512 [pool-467-thread-9] INFO  keyvalue.KeyValueContainer (KeyValueContainer.java:close(334)) - Container 23 is closed with bcsId 359.
2021-08-15 14:03:29,513 [Datanode State Machine Thread - 0] WARN  statemachine.StateContext (StateContext.java:execute(621)) - No available thread in pool for past 0 seconds.
2021-08-15 14:03:29,525 [Datanode State Machine Thread - 0] WARN  statemachine.StateContext (StateContext.java:execute(621)) - No available thread in pool for past 0 seconds.
2021-08-15 14:03:29,527 [BlockDeletingService#2] INFO  background.BlockDeletingService (BlockDeletingService.java:getTasks(158)) - Plan to choose 5000 blocks for block deletion, actually deleting 16 blocks.
2021-08-15 14:03:29,528 [BlockDeletingService#2] INFO  impl.FilePerBlockStrategy (FilePerBlockStrategy.java:deleteChunk(227)) - Deleted block file: /home/runner/work/ozone/ozone/hadoop-ozone/integration-test/target/test-dir/MiniOzoneClusterImpl-8fa699bc-e258-4c24-98aa-94a5d955589f/datanode-2/data-0/containers/hdds/8fa699bc-e258-4c24-98aa-94a5d955589f/current/containerDir0/1/chunks/107544261427200001.block
2021-08-15 14:03:29,529 [BlockDeletingService#2] INFO  background.BlockDeletingService (BlockDeletingService.java:deleteViaSchema2(447)) - Container: 1, deleted blocks: 1, task elapsed time: 1ms
2021-08-15 14:03:29,529 [BlockDeletingService#2] INFO  impl.FilePerBlockStrategy (FilePerBlockStrategy.java:deleteChunk(227)) - Deleted block file: /home/runner/work/ozone/ozone/hadoop-ozone/integration-test/target/test-dir/MiniOzoneClusterImpl-8fa699bc-e258-4c24-98aa-94a5d955589f/datanode-2/data-0/containers/hdds/8fa699bc-e258-4c24-98aa-94a5d955589f/current/containerDir0/16/chunks/107544261427200016.block
2021-08-15 14:03:29,529 [BlockDeletingService#2] INFO  background.BlockDeletingService (BlockDeletingService.java:deleteViaSchema2(447)) - Container: 16, deleted blocks: 1, task elapsed time: 1ms
2021-08-15 14:03:29,530 [BlockDeletingService#2] INFO  impl.FilePerBlockStrategy (FilePerBlockStrategy.java:deleteChunk(227)) - Deleted block file: /home/runner/work/ozone/ozone/hadoop-ozone/integration-test/target/test-dir/MiniOzoneClusterImpl-8fa699bc-e258-4c24-98aa-94a5d955589f/datanode-2/data-0/containers/hdds/8fa699bc-e258-4c24-98aa-94a5d955589f/current/containerDir0/15/chunks/107544261427200015.block
2021-08-15 14:03:29,530 [BlockDeletingService#2] INFO  background.BlockDeletingService (BlockDeletingService.java:deleteViaSchema2(447)) - Container: 15, deleted blocks: 1, task elapsed time: 0ms
2021-08-15 14:03:29,531 [BlockDeletingService#2] INFO  impl.FilePerBlockStrategy (FilePerBlockStrategy.java:deleteChunk(227)) - Deleted block file: /home/runner/work/ozone/ozone/hadoop-ozone/integration-test/target/test-dir/MiniOzoneClusterImpl-8fa699bc-e258-4c24-98aa-94a5d955589f/datanode-2/data-0/containers/hdds/8fa699bc-e258-4c24-98aa-94a5d955589f/current/containerDir0/14/chunks/107544261427200014.block
2021-08-15 14:03:29,532 [BlockDeletingService#8] INFO  impl.FilePerBlockStrategy (FilePerBlockStrategy.java:deleteChunk(227)) - Deleted block file: /home/runner/work/ozone/ozone/hadoop-ozone/integration-test/target/test-dir/MiniOzoneClusterImpl-8fa699bc-e258-4c24-98aa-94a5d955589f/datanode-2/data-0/containers/hdds/8fa699bc-e258-4c24-98aa-94a5d955589f/current/containerDir0/13/chunks/107544261427200013.block
2021-08-15 14:03:29,532 [pool-465-thread-10] INFO  keyvalue.KeyValueContainer (KeyValueContainer.java:flushAndSyncDB(397)) - Container 24 is synced with bcsId 375.
2021-08-15 14:03:29,532 [pool-465-thread-10] INFO  keyvalue.KeyValueContainer (KeyValueContainer.java:flushAndSyncDB(397)) - Container 24 is synced with bcsId 375.
2021-08-15 14:03:29,534 [BlockDeletingService#6] INFO  impl.FilePerBlockStrategy (FilePerBlockStrategy.java:deleteChunk(227)) - Deleted block file: /home/runner/work/ozone/ozone/hadoop-ozone/integration-test/target/test-dir/MiniOzoneClusterImpl-8fa699bc-e258-4c24-98aa-94a5d955589f/datanode-2/data-0/containers/hdds/8fa699bc-e258-4c24-98aa-94a5d955589f/current/containerDir0/8/chunks/107544261427200008.block
2021-08-15 14:03:29,535 [BlockDeletingService#6] INFO  background.BlockDeletingService (BlockDeletingService.java:deleteViaSchema2(447)) - Container: 8, deleted blocks: 1, task elapsed time: 1ms
2021-08-15 14:03:29,535 [pool-465-thread-10] INFO  keyvalue.KeyValueContainer (KeyValueContainer.java:close(334)) - Container 24 is closed with bcsId 375.
2021-08-15 14:03:29,535 [pool-467-thread-4] INFO  keyvalue.KeyValueContainer (KeyValueContainer.java:flushAndSyncDB(397)) - Container 24 is synced with bcsId 375.
2021-08-15 14:03:29,535 [pool-467-thread-4] INFO  keyvalue.KeyValueContainer (KeyValueContainer.java:flushAndSyncDB(397)) - Container 24 is synced with bcsId 375.
2021-08-15 14:03:29,536 [BlockDeletingService#0] INFO  impl.FilePerBlockStrategy (FilePerBlockStrategy.java:deleteChunk(227)) - Deleted block file: /home/runner/work/ozone/ozone/hadoop-ozone/integration-test/target/test-dir/MiniOzoneClusterImpl-8fa699bc-e258-4c24-98aa-94a5d955589f/datanode-2/data-0/containers/hdds/8fa699bc-e258-4c24-98aa-94a5d955589f/current/containerDir0/4/chunks/107544261427200004.block
2021-08-15 14:03:29,536 [BlockDeletingService#0] INFO  background.BlockDeletingService (BlockDeletingService.java:deleteViaSchema2(447)) - Container: 4, deleted blocks: 1, task elapsed time: 1ms
2021-08-15 14:03:29,543 [BlockDeletingService#4] INFO  impl.FilePerBlockStrategy (FilePerBlockStrategy.java:deleteChunk(227)) - Deleted block file: /home/runner/work/ozone/ozone/hadoop-ozone/integration-test/target/test-dir/MiniOzoneClusterImpl-8fa699bc-e258-4c24-98aa-94a5d955589f/datanode-2/data-0/containers/hdds/8fa699bc-e258-4c24-98aa-94a5d955589f/current/containerDir0/12/chunks/107544261427200012.block
2021-08-15 14:03:29,543 [BlockDeletingService#4] INFO  background.BlockDeletingService (BlockDeletingService.java:deleteViaSchema2(447)) - Container: 12, deleted blocks: 1, task elapsed time: 12ms
2021-08-15 14:03:29,544 [pool-467-thread-4] INFO  keyvalue.KeyValueContainer (KeyValueContainer.java:close(334)) - Container 24 is closed with bcsId 375.
2021-08-15 14:03:29,544 [BlockDeletingService#3] INFO  impl.FilePerBlockStrategy (FilePerBlockStrategy.java:deleteChunk(227)) - Deleted block file: /home/runner/work/ozone/ozone/hadoop-ozone/integration-test/target/test-dir/MiniOzoneClusterImpl-8fa699bc-e258-4c24-98aa-94a5d955589f/datanode-2/data-0/containers/hdds/8fa699bc-e258-4c24-98aa-94a5d955589f/current/containerDir0/6/chunks/107544261427200006.block
2021-08-15 14:03:29,544 [BlockDeletingService#3] INFO  background.BlockDeletingService (BlockDeletingService.java:deleteViaSchema2(447)) - Container: 6, deleted blocks: 1, task elapsed time: 10ms
2021-08-15 14:03:29,545 [BlockDeletingService#5] INFO  impl.FilePerBlockStrategy (FilePerBlockStrategy.java:deleteChunk(227)) - Deleted block file: /home/runner/work/ozone/ozone/hadoop-ozone/integration-test/target/test-dir/MiniOzoneClusterImpl-8fa699bc-e258-4c24-98aa-94a5d955589f/datanode-2/data-0/containers/hdds/8fa699bc-e258-4c24-98aa-94a5d955589f/current/containerDir0/10/chunks/107544261427200010.block
2021-08-15 14:03:29,545 [BlockDeletingService#5] INFO  background.BlockDeletingService (BlockDeletingService.java:deleteViaSchema2(447)) - Container: 10, deleted blocks: 1, task elapsed time: 11ms
2021-08-15 14:03:29,546 [BlockDeletingService#9] INFO  impl.FilePerBlockStrategy (FilePerBlockStrategy.java:deleteChunk(227)) - Deleted block file: /home/runner/work/ozone/ozone/hadoop-ozone/integration-test/target/test-dir/MiniOzoneClusterImpl-8fa699bc-e258-4c24-98aa-94a5d955589f/datanode-2/data-0/containers/hdds/8fa699bc-e258-4c24-98aa-94a5d955589f/current/containerDir0/11/chunks/107544261427200011.block
2021-08-15 14:03:29,546 [BlockDeletingService#9] INFO  background.BlockDeletingService (BlockDeletingService.java:deleteViaSchema2(447)) - Container: 11, deleted blocks: 1, task elapsed time: 13ms
2021-08-15 14:03:29,546 [BlockDeletingService#1] INFO  impl.FilePerBlockStrategy (FilePerBlockStrategy.java:deleteChunk(227)) - Deleted block file: /home/runner/work/ozone/ozone/hadoop-ozone/integration-test/target/test-dir/MiniOzoneClusterImpl-8fa699bc-e258-4c24-98aa-94a5d955589f/datanode-2/data-0/containers/hdds/8fa699bc-e258-4c24-98aa-94a5d955589f/current/containerDir0/9/chunks/107544261427200009.block
2021-08-15 14:03:29,546 [BlockDeletingService#1] INFO  background.BlockDeletingService (BlockDeletingService.java:deleteViaSchema2(447)) - Container: 9, deleted blocks: 1, task elapsed time: 12ms
2021-08-15 14:03:29,546 [BlockDeletingService#7] INFO  impl.FilePerBlockStrategy (FilePerBlockStrategy.java:deleteChunk(227)) - Deleted block file: /home/runner/work/ozone/ozone/hadoop-ozone/integration-test/target/test-dir/MiniOzoneClusterImpl-8fa699bc-e258-4c24-98aa-94a5d955589f/datanode-2/data-0/containers/hdds/8fa699bc-e258-4c24-98aa-94a5d955589f/current/containerDir0/5/chunks/107544261427200005.block
2021-08-15 14:03:29,546 [BlockDeletingService#7] INFO  background.BlockDeletingService (BlockDeletingService.java:deleteViaSchema2(447)) - Container: 5, deleted blocks: 1, task elapsed time: 11ms
2021-08-15 14:03:29,547 [BlockDeletingService#0] INFO  impl.FilePerBlockStrategy (FilePerBlockStrategy.java:deleteChunk(227)) - Deleted block file: /home/runner/work/ozone/ozone/hadoop-ozone/integration-test/target/test-dir/MiniOzoneClusterImpl-8fa699bc-e258-4c24-98aa-94a5d955589f/datanode-2/data-0/containers/hdds/8fa699bc-e258-4c24-98aa-94a5d955589f/current/containerDir0/3/chunks/107544261427200003.block
2021-08-15 14:03:29,547 [BlockDeletingService#0] INFO  background.BlockDeletingService (BlockDeletingService.java:deleteViaSchema2(447)) - Container: 3, deleted blocks: 1, task elapsed time: 11ms
2021-08-15 14:03:29,547 [BlockDeletingService#6] INFO  impl.FilePerBlockStrategy (FilePerBlockStrategy.java:deleteChunk(227)) - Deleted block file: /home/runner/work/ozone/ozone/hadoop-ozone/integration-test/target/test-dir/MiniOzoneClusterImpl-8fa699bc-e258-4c24-98aa-94a5d955589f/datanode-2/data-0/containers/hdds/8fa699bc-e258-4c24-98aa-94a5d955589f/current/containerDir0/7/chunks/107544261427200007.block
2021-08-15 14:03:29,548 [BlockDeletingService#6] INFO  background.BlockDeletingService (BlockDeletingService.java:deleteViaSchema2(447)) - Container: 7, deleted blocks: 1, task elapsed time: 13ms
2021-08-15 14:03:29,532 [BlockDeletingService#8] INFO  background.BlockDeletingService (BlockDeletingService.java:deleteViaSchema2(447)) - Container: 13, deleted blocks: 1, task elapsed time: 1ms
2021-08-15 14:03:29,548 [BlockDeletingService#4] INFO  impl.FilePerBlockStrategy (FilePerBlockStrategy.java:deleteChunk(227)) - Deleted block file: /home/runner/work/ozone/ozone/hadoop-ozone/integration-test/target/test-dir/MiniOzoneClusterImpl-8fa699bc-e258-4c24-98aa-94a5d955589f/datanode-2/data-0/containers/hdds/8fa699bc-e258-4c24-98aa-94a5d955589f/current/containerDir0/2/chunks/107544261427200002.block
2021-08-15 14:03:29,548 [BlockDeletingService#4] INFO  background.BlockDeletingService (BlockDeletingService.java:deleteViaSchema2(447)) - Container: 2, deleted blocks: 1, task elapsed time: 6ms
2021-08-15 14:03:29,549 [BlockDeletingService#2] INFO  background.BlockDeletingService (BlockDeletingService.java:deleteViaSchema2(447)) - Container: 14, deleted blocks: 1, task elapsed time: 20ms
2021-08-15 14:03:29,551 [pool-466-thread-5] INFO  keyvalue.KeyValueContainer (KeyValueContainer.java:flushAndSyncDB(397)) - Container 24 is synced with bcsId 375.
2021-08-15 14:03:29,551 [pool-466-thread-5] INFO  keyvalue.KeyValueContainer (KeyValueContainer.java:flushAndSyncDB(397)) - Container 24 is synced with bcsId 375.
2021-08-15 14:03:29,552 [pool-466-thread-5] INFO  keyvalue.KeyValueContainer (KeyValueContainer.java:close(334)) - Container 24 is closed with bcsId 375.
2021-08-15 14:03:29,555 [SCMBlockDeletingService#0] DEBUG block.SCMBlockDeletingService (SCMBlockDeletingService.java:call(133)) - Running DeletedBlockTransactionScanner
2021-08-15 14:03:29,555 [SCMBlockDeletingService#0] DEBUG block.SCMBlockDeletingService (DatanodeDeletedBlockTransactions.java:addTransactionToDN(50)) - Transaction added: 0475d2c2-d46f-403e-95a5-8ff1a5c32338 <- TX(1)
2021-08-15 14:03:29,556 [SCMBlockDeletingService#0] DEBUG block.SCMBlockDeletingService (DatanodeDeletedBlockTransactions.java:addTransactionToDN(50)) - Transaction added: f89ecde1-abfa-4530-92e2-4a065b7725ea <- TX(1)
2021-08-15 14:03:29,556 [SCMBlockDeletingService#0] DEBUG block.SCMBlockDeletingService (DatanodeDeletedBlockTransactions.java:addTransactionToDN(50)) - Transaction added: c2c40a72-a699-49b1-b721-1997d9d2c71f <- TX(1)
2021-08-15 14:03:29,556 [SCMBlockDeletingService#0] DEBUG block.SCMBlockDeletingService (DatanodeDeletedBlockTransactions.java:addTransactionToDN(50)) - Transaction added: 0475d2c2-d46f-403e-95a5-8ff1a5c32338 <- TX(2)
2021-08-15 14:03:29,556 [SCMBlockDeletingService#0] DEBUG block.SCMBlockDeletingService (DatanodeDeletedBlockTransactions.java:addTransactionToDN(50)) - Transaction added: c2c40a72-a699-49b1-b721-1997d9d2c71f <- TX(2)
2021-08-15 14:03:29,556 [SCMBlockDeletingService#0] DEBUG block.SCMBlockDeletingService (DatanodeDeletedBlockTransactions.java:addTransactionToDN(50)) - Transaction added: f89ecde1-abfa-4530-92e2-4a065b7725ea <- TX(2)
2021-08-15 14:03:29,556 [SCMBlockDeletingService#0] DEBUG block.SCMBlockDeletingService (DatanodeDeletedBlockTransactions.java:addTransactionToDN(50)) - Transaction added: 0475d2c2-d46f-403e-95a5-8ff1a5c32338 <- TX(3)
2021-08-15 14:03:29,556 [SCMBlockDeletingService#0] DEBUG block.SCMBlockDeletingService (DatanodeDeletedBlockTransactions.java:addTransactionToDN(50)) - Transaction added: c2c40a72-a699-49b1-b721-1997d9d2c71f <- TX(3)
2021-08-15 14:03:29,556 [SCMBlockDeletingService#0] DEBUG block.SCMBlockDeletingService (DatanodeDeletedBlockTransactions.java:addTransactionToDN(50)) - Transaction added: f89ecde1-abfa-4530-92e2-4a065b7725ea <- TX(3)
2021-08-15 14:03:29,556 [SCMBlockDeletingService#0] DEBUG block.SCMBlockDeletingService (DatanodeDeletedBlockTransactions.java:addTransactionToDN(50)) - Transaction added: f89ecde1-abfa-4530-92e2-4a065b7725ea <- TX(4)
2021-08-15 14:03:29,556 [SCMBlockDeletingService#0] DEBUG block.SCMBlockDeletingService (DatanodeDeletedBlockTransactions.java:addTransactionToDN(50)) - Transaction added: c2c40a72-a699-49b1-b721-1997d9d2c71f <- TX(4)
2021-08-15 14:03:29,556 [SCMBlockDeletingService#0] DEBUG block.SCMBlockDeletingService (DatanodeDeletedBlockTransactions.java:addTransactionToDN(50)) - Transaction added: 0475d2c2-d46f-403e-95a5-8ff1a5c32338 <- TX(4)
2021-08-15 14:03:29,556 [SCMBlockDeletingService#0] DEBUG block.SCMBlockDeletingService (DatanodeDeletedBlockTransactions.java:addTransactionToDN(50)) - Transaction added: c2c40a72-a699-49b1-b721-1997d9d2c71f <- TX(5)
2021-08-15 14:03:29,556 [SCMBlockDeletingService#0] DEBUG block.SCMBlockDeletingService (DatanodeDeletedBlockTransactions.java:addTransactionToDN(50)) - Transaction added: f89ecde1-abfa-4530-92e2-4a065b7725ea <- TX(5)
2021-08-15 14:03:29,556 [SCMBlockDeletingService#0] DEBUG block.SCMBlockDeletingService (DatanodeDeletedBlockTransactions.java:addTransactionToDN(50)) - Transaction added: 0475d2c2-d46f-403e-95a5-8ff1a5c32338 <- TX(5)
2021-08-15 14:03:29,556 [SCMBlockDeletingService#0] DEBUG block.SCMBlockDeletingService (DatanodeDeletedBlockTransactions.java:addTransactionToDN(50)) - Transaction added: c2c40a72-a699-49b1-b721-1997d9d2c71f <- TX(6)
2021-08-15 14:03:29,556 [SCMBlockDeletingService#0] DEBUG block.SCMBlockDeletingService (DatanodeDeletedBlockTransactions.java:addTransactionToDN(50)) - Transaction added: f89ecde1-abfa-4530-92e2-4a065b7725ea <- TX(6)
2021-08-15 14:03:29,556 [SCMBlockDeletingService#0] DEBUG block.SCMBlockDeletingService (DatanodeDeletedBlockTransactions.java:addTransactionToDN(50)) - Transaction added: 0475d2c2-d46f-403e-95a5-8ff1a5c32338 <- TX(6)
2021-08-15 14:03:29,556 [SCMBlockDeletingService#0] DEBUG block.SCMBlockDeletingService (DatanodeDeletedBlockTransactions.java:addTransactionToDN(50)) - Transaction added: f89ecde1-abfa-4530-92e2-4a065b7725ea <- TX(7)
2021-08-15 14:03:29,556 [SCMBlockDeletingService#0] DEBUG block.SCMBlockDeletingService (DatanodeDeletedBlockTransactions.java:addTransactionToDN(50)) - Transaction added: 0475d2c2-d46f-403e-95a5-8ff1a5c32338 <- TX(7)
2021-08-15 14:03:29,556 [SCMBlockDeletingService#0] DEBUG block.SCMBlockDeletingService (DatanodeDeletedBlockTransactions.java:addTransactionToDN(50)) - Transaction added: c2c40a72-a699-49b1-b721-1997d9d2c71f <- TX(7)
2021-08-15 14:03:29,556 [SCMBlockDeletingService#0] DEBUG block.SCMBlockDeletingService (DatanodeDeletedBlockTransactions.java:addTransactionToDN(50)) - Transaction added: 0475d2c2-d46f-403e-95a5-8ff1a5c32338 <- TX(8)
2021-08-15 14:03:29,556 [SCMBlockDeletingService#0] DEBUG block.SCMBlockDeletingService (DatanodeDeletedBlockTransactions.java:addTransactionToDN(50)) - Transaction added: f89ecde1-abfa-4530-92e2-4a065b7725ea <- TX(8)
2021-08-15 14:03:29,556 [SCMBlockDeletingService#0] DEBUG block.SCMBlockDeletingService (DatanodeDeletedBlockTransactions.java:addTransactionToDN(50)) - Transaction added: c2c40a72-a699-49b1-b721-1997d9d2c71f <- TX(8)
2021-08-15 14:03:29,556 [SCMBlockDeletingService#0] DEBUG block.SCMBlockDeletingService (DatanodeDeletedBlockTransactions.java:addTransactionToDN(50)) - Transaction added: 0475d2c2-d46f-403e-95a5-8ff1a5c32338 <- TX(9)
2021-08-15 14:03:29,556 [SCMBlockDeletingService#0] DEBUG block.SCMBlockDeletingService (DatanodeDeletedBlockTransactions.java:addTransactionToDN(50)) - Transaction added: c2c40a72-a699-49b1-b721-1997d9d2c71f <- TX(9)
2021-08-15 14:03:29,556 [SCMBlockDeletingService#0] DEBUG block.SCMBlockDeletingService (DatanodeDeletedBlockTransactions.java:addTransactionToDN(50)) - Transaction added: f89ecde1-abfa-4530-92e2-4a065b7725ea <- TX(9)
2021-08-15 14:03:29,556 [SCMBlockDeletingService#0] DEBUG block.SCMBlockDeletingService (DatanodeDeletedBlockTransactions.java:addTransactionToDN(50)) - Transaction added: 0475d2c2-d46f-403e-95a5-8ff1a5c32338 <- TX(10)
2021-08-15 14:03:29,556 [SCMBlockDeletingService#0] DEBUG block.SCMBlockDeletingService (DatanodeDeletedBlockTransactions.java:addTransactionToDN(50)) - Transaction added: c2c40a72-a699-49b1-b721-1997d9d2c71f <- TX(10)
2021-08-15 14:03:29,556 [SCMBlockDeletingService#0] DEBUG block.SCMBlockDeletingService (DatanodeDeletedBlockTransactions.java:addTransactionToDN(50)) - Transaction added: f89ecde1-abfa-4530-92e2-4a065b7725ea <- TX(10)
2021-08-15 14:03:29,556 [SCMBlockDeletingService#0] DEBUG block.SCMBlockDeletingService (DatanodeDeletedBlockTransactions.java:addTransactionToDN(50)) - Transaction added: 0475d2c2-d46f-403e-95a5-8ff1a5c32338 <- TX(11)
2021-08-15 14:03:29,556 [SCMBlockDeletingService#0] DEBUG block.SCMBlockDeletingService (DatanodeDeletedBlockTransactions.java:addTransactionToDN(50)) - Transaction added: c2c40a72-a699-49b1-b721-1997d9d2c71f <- TX(11)
2021-08-15 14:03:29,556 [SCMBlockDeletingService#0] DEBUG block.SCMBlockDeletingService (DatanodeDeletedBlockTransactions.java:addTransactionToDN(50)) - Transaction added: f89ecde1-abfa-4530-92e2-4a065b7725ea <- TX(11)
2021-08-15 14:03:29,556 [SCMBlockDeletingService#0] DEBUG block.SCMBlockDeletingService (DatanodeDeletedBlockTransactions.java:addTransactionToDN(50)) - Transaction added: f89ecde1-abfa-4530-92e2-4a065b7725ea <- TX(12)
2021-08-15 14:03:29,556 [SCMBlockDeletingService#0] DEBUG block.SCMBlockDeletingService (DatanodeDeletedBlockTransactions.java:addTransactionToDN(50)) - Transaction added: c2c40a72-a699-49b1-b721-1997d9d2c71f <- TX(12)
2021-08-15 14:03:29,556 [SCMBlockDeletingService#0] DEBUG block.SCMBlockDeletingService (DatanodeDeletedBlockTransactions.java:addTransactionToDN(50)) - Transaction added: 0475d2c2-d46f-403e-95a5-8ff1a5c32338 <- TX(12)
2021-08-15 14:03:29,556 [SCMBlockDeletingService#0] DEBUG block.SCMBlockDeletingService (DatanodeDeletedBlockTransactions.java:addTransactionToDN(50)) - Transaction added: c2c40a72-a699-49b1-b721-1997d9d2c71f <- TX(13)
2021-08-15 14:03:29,556 [SCMBlockDeletingService#0] DEBUG block.SCMBlockDeletingService (DatanodeDeletedBlockTransactions.java:addTransactionToDN(50)) - Transaction added: f89ecde1-abfa-4530-92e2-4a065b7725ea <- TX(13)
2021-08-15 14:03:29,557 [SCMBlockDeletingService#0] DEBUG block.SCMBlockDeletingService (DatanodeDeletedBlockTransactions.java:addTransactionToDN(50)) - Transaction added: 0475d2c2-d46f-403e-95a5-8ff1a5c32338 <- TX(13)
2021-08-15 14:03:29,557 [SCMBlockDeletingService#0] DEBUG block.SCMBlockDeletingService (DatanodeDeletedBlockTransactions.java:addTransactionToDN(50)) - Transaction added: f89ecde1-abfa-4530-92e2-4a065b7725ea <- TX(14)
2021-08-15 14:03:29,557 [SCMBlockDeletingService#0] DEBUG block.SCMBlockDeletingService (DatanodeDeletedBlockTransactions.java:addTransactionToDN(50)) - Transaction added: 0475d2c2-d46f-403e-95a5-8ff1a5c32338 <- TX(14)
2021-08-15 14:03:29,557 [SCMBlockDeletingService#0] DEBUG block.SCMBlockDeletingService (DatanodeDeletedBlockTransactions.java:addTransactionToDN(50)) - Transaction added: c2c40a72-a699-49b1-b721-1997d9d2c71f <- TX(14)
2021-08-15 14:03:29,557 [SCMBlockDeletingService#0] DEBUG block.SCMBlockDeletingService (DatanodeDeletedBlockTransactions.java:addTransactionToDN(50)) - Transaction added: c2c40a72-a699-49b1-b721-1997d9d2c71f <- TX(15)
2021-08-15 14:03:29,557 [SCMBlockDeletingService#0] DEBUG block.SCMBlockDeletingService (DatanodeDeletedBlockTransactions.java:addTransactionToDN(50)) - Transaction added: f89ecde1-abfa-4530-92e2-4a065b7725ea <- TX(15)
2021-08-15 14:03:29,557 [SCMBlockDeletingService#0] DEBUG block.SCMBlockDeletingService (DatanodeDeletedBlockTransactions.java:addTransactionToDN(50)) - Transaction added: 0475d2c2-d46f-403e-95a5-8ff1a5c32338 <- TX(15)
2021-08-15 14:03:29,557 [SCMBlockDeletingService#0] DEBUG block.SCMBlockDeletingService (DatanodeDeletedBlockTransactions.java:addTransactionToDN(50)) - Transaction added: 0475d2c2-d46f-403e-95a5-8ff1a5c32338 <- TX(16)
2021-08-15 14:03:29,557 [SCMBlockDeletingService#0] DEBUG block.SCMBlockDeletingService (DatanodeDeletedBlockTransactions.java:addTransactionToDN(50)) - Transaction added: f89ecde1-abfa-4530-92e2-4a065b7725ea <- TX(16)
2021-08-15 14:03:29,557 [SCMBlockDeletingService#0] DEBUG block.SCMBlockDeletingService (DatanodeDeletedBlockTransactions.java:addTransactionToDN(50)) - Transaction added: c2c40a72-a699-49b1-b721-1997d9d2c71f <- TX(16)
2021-08-15 14:03:29,557 [SCMBlockDeletingService#0] DEBUG block.SCMBlockDeletingService (DatanodeDeletedBlockTransactions.java:addTransactionToDN(50)) - Transaction added: 0475d2c2-d46f-403e-95a5-8ff1a5c32338 <- TX(17)
2021-08-15 14:03:29,557 [SCMBlockDeletingService#0] DEBUG block.SCMBlockDeletingService (DatanodeDeletedBlockTransactions.java:addTransactionToDN(50)) - Transaction added: c2c40a72-a699-49b1-b721-1997d9d2c71f <- TX(17)
2021-08-15 14:03:29,557 [SCMBlockDeletingService#0] DEBUG block.SCMBlockDeletingService (DatanodeDeletedBlockTransactions.java:addTransactionToDN(50)) - Transaction added: f89ecde1-abfa-4530-92e2-4a065b7725ea <- TX(17)
2021-08-15 14:03:29,557 [SCMBlockDeletingService#0] DEBUG block.SCMBlockDeletingService (DatanodeDeletedBlockTransactions.java:addTransactionToDN(50)) - Transaction added: 0475d2c2-d46f-403e-95a5-8ff1a5c32338 <- TX(18)
2021-08-15 14:03:29,557 [SCMBlockDeletingService#0] DEBUG block.SCMBlockDeletingService (DatanodeDeletedBlockTransactions.java:addTransactionToDN(50)) - Transaction added: c2c40a72-a699-49b1-b721-1997d9d2c71f <- TX(18)
2021-08-15 14:03:29,557 [SCMBlockDeletingService#0] DEBUG block.SCMBlockDeletingService (DatanodeDeletedBlockTransactions.java:addTransactionToDN(50)) - Transaction added: f89ecde1-abfa-4530-92e2-4a065b7725ea <- TX(18)
2021-08-15 14:03:29,557 [SCMBlockDeletingService#0] DEBUG block.SCMBlockDeletingService (DatanodeDeletedBlockTransactions.java:addTransactionToDN(50)) - Transaction added: 0475d2c2-d46f-403e-95a5-8ff1a5c32338 <- TX(19)
2021-08-15 14:03:29,557 [SCMBlockDeletingService#0] DEBUG block.SCMBlockDeletingService (DatanodeDeletedBlockTransactions.java:addTransactionToDN(50)) - Transaction added: c2c40a72-a699-49b1-b721-1997d9d2c71f <- TX(19)
2021-08-15 14:03:29,557 [SCMBlockDeletingService#0] DEBUG block.SCMBlockDeletingService (DatanodeDeletedBlockTransactions.java:addTransactionToDN(50)) - Transaction added: f89ecde1-abfa-4530-92e2-4a065b7725ea <- TX(19)
2021-08-15 14:03:29,557 [SCMBlockDeletingService#0] DEBUG block.SCMBlockDeletingService (DatanodeDeletedBlockTransactions.java:addTransactionToDN(50)) - Transaction added: f89ecde1-abfa-4530-92e2-4a065b7725ea <- TX(20)
2021-08-15 14:03:29,557 [SCMBlockDeletingService#0] DEBUG block.SCMBlockDeletingService (DatanodeDeletedBlockTransactions.java:addTransactionToDN(50)) - Transaction added: c2c40a72-a699-49b1-b721-1997d9d2c71f <- TX(20)
2021-08-15 14:03:29,557 [SCMBlockDeletingService#0] DEBUG block.SCMBlockDeletingService (DatanodeDeletedBlockTransactions.java:addTransactionToDN(50)) - Transaction added: 0475d2c2-d46f-403e-95a5-8ff1a5c32338 <- TX(20)
2021-08-15 14:03:29,557 [SCMBlockDeletingService#0] DEBUG block.SCMBlockDeletingService (DatanodeDeletedBlockTransactions.java:addTransactionToDN(50)) - Transaction added: c2c40a72-a699-49b1-b721-1997d9d2c71f <- TX(21)
2021-08-15 14:03:29,557 [SCMBlockDeletingService#0] DEBUG block.SCMBlockDeletingService (DatanodeDeletedBlockTransactions.java:addTransactionToDN(50)) - Transaction added: f89ecde1-abfa-4530-92e2-4a065b7725ea <- TX(21)
2021-08-15 14:03:29,557 [SCMBlockDeletingService#0] DEBUG block.SCMBlockDeletingService (DatanodeDeletedBlockTransactions.java:addTransactionToDN(50)) - Transaction added: 0475d2c2-d46f-403e-95a5-8ff1a5c32338 <- TX(21)
2021-08-15 14:03:29,557 [SCMBlockDeletingService#0] DEBUG block.SCMBlockDeletingService (DatanodeDeletedBlockTransactions.java:addTransactionToDN(50)) - Transaction added: c2c40a72-a699-49b1-b721-1997d9d2c71f <- TX(22)
2021-08-15 14:03:29,557 [SCMBlockDeletingService#0] DEBUG block.SCMBlockDeletingService (DatanodeDeletedBlockTransactions.java:addTransactionToDN(50)) - Transaction added: f89ecde1-abfa-4530-92e2-4a065b7725ea <- TX(22)
2021-08-15 14:03:29,557 [SCMBlockDeletingService#0] DEBUG block.SCMBlockDeletingService (DatanodeDeletedBlockTransactions.java:addTransactionToDN(50)) - Transaction added: 0475d2c2-d46f-403e-95a5-8ff1a5c32338 <- TX(22)
2021-08-15 14:03:29,557 [SCMBlockDeletingService#0] DEBUG block.SCMBlockDeletingService (DatanodeDeletedBlockTransactions.java:addTransactionToDN(50)) - Transaction added: f89ecde1-abfa-4530-92e2-4a065b7725ea <- TX(23)
2021-08-15 14:03:29,557 [SCMBlockDeletingService#0] DEBUG block.SCMBlockDeletingService (DatanodeDeletedBlockTransactions.java:addTransactionToDN(50)) - Transaction added: 0475d2c2-d46f-403e-95a5-8ff1a5c32338 <- TX(23)
2021-08-15 14:03:29,557 [SCMBlockDeletingService#0] DEBUG block.SCMBlockDeletingService (DatanodeDeletedBlockTransactions.java:addTransactionToDN(50)) - Transaction added: c2c40a72-a699-49b1-b721-1997d9d2c71f <- TX(23)
2021-08-15 14:03:29,558 [SCMBlockDeletingService#0] DEBUG block.SCMBlockDeletingService (SCMBlockDeletingService.java:call(164)) - Added delete block command for datanode c2c40a72-a699-49b1-b721-1997d9d2c71f in the queue, number of delete block transactions: 23
2021-08-15 14:03:29,558 [SCMBlockDeletingService#0] DEBUG block.SCMBlockDeletingService (SCMBlockDeletingService.java:call(164)) - Added delete block command for datanode 0475d2c2-d46f-403e-95a5-8ff1a5c32338 in the queue, number of delete block transactions: 23
2021-08-15 14:03:29,558 [SCMBlockDeletingService#0] DEBUG block.SCMBlockDeletingService (SCMBlockDeletingService.java:call(164)) - Added delete block command for datanode f89ecde1-abfa-4530-92e2-4a065b7725ea in the queue, number of delete block transactions: 23
2021-08-15 14:03:29,558 [SCMBlockDeletingService#0] INFO  block.SCMBlockDeletingService (SCMBlockDeletingService.java:call(174)) - Totally added 69 blocks to be deleted for 3 datanodes, task elapsed time: 3ms
2021-08-15 14:03:29,560 [Datanode State Machine Thread - 0] WARN  statemachine.StateContext (StateContext.java:execute(621)) - No available thread in pool for past 0 seconds.
2021-08-15 14:03:29,560 [Datanode State Machine Thread - 0] WARN  statemachine.StateContext (StateContext.java:execute(621)) - No available thread in pool for past 0 seconds.
2021-08-15 14:03:29,560 [Datanode State Machine Thread - 0] WARN  statemachine.StateContext (StateContext.java:execute(621)) - No available thread in pool for past 0 seconds.
2021-08-15 14:03:29,561 [EventQueue-IncrementalContainerReportForIncrementalContainerReportHandler] INFO  container.IncrementalContainerReportHandler (AbstractContainerReportHandler.java:updateContainerState(223)) - Moving container #24 to CLOSED state, datanode c2c40a72-a699-49b1-b721-1997d9d2c71f{ip: 10.1.0.17, host: fv-az184-677.3ow45vhwbzuu5incsxmygykede.cx.internal.cloudapp.net, ports: [REPLICATION=40199, RATIS=43041, RATIS_ADMIN=43041, RATIS_SERVER=43041, STANDALONE=37757], networkLocation: /default-rack, certSerialId: null, persistedOpState: IN_SERVICE, persistedOpStateExpiryEpochSec: 0} reported CLOSED replica.
2021-08-15 14:03:29,562 [pool-465-thread-5] INFO  keyvalue.KeyValueContainer (KeyValueContainer.java:flushAndSyncDB(397)) - Container 25 is synced with bcsId 391.
2021-08-15 14:03:29,562 [pool-465-thread-5] INFO  keyvalue.KeyValueContainer (KeyValueContainer.java:flushAndSyncDB(397)) - Container 25 is synced with bcsId 391.
2021-08-15 14:03:29,567 [pool-465-thread-5] INFO  keyvalue.KeyValueContainer (KeyValueContainer.java:close(334)) - Container 25 is closed with bcsId 391.
2021-08-15 14:03:29,586 [Datanode State Machine Thread - 0] WARN  statemachine.StateContext (StateContext.java:execute(621)) - No available thread in pool for past 0 seconds.
2021-08-15 14:03:29,586 [EventQueue-IncrementalContainerReportForIncrementalContainerReportHandler] INFO  container.IncrementalContainerReportHandler (AbstractContainerReportHandler.java:updateContainerState(223)) - Moving container #25 to CLOSED state, datanode c2c40a72-a699-49b1-b721-1997d9d2c71f{ip: 10.1.0.17, host: fv-az184-677.3ow45vhwbzuu5incsxmygykede.cx.internal.cloudapp.net, ports: [REPLICATION=40199, RATIS=43041, RATIS_ADMIN=43041, RATIS_SERVER=43041, STANDALONE=37757], networkLocation: /default-rack, certSerialId: null, persistedOpState: IN_SERVICE, persistedOpStateExpiryEpochSec: 0} reported CLOSED replica.
2021-08-15 14:03:29,626 [EventQueue-DeleteBlockStatusForDeletedBlockLogImpl] DEBUG block.DeletedBlockLogImpl (DeletedBlockLogImpl.java:isTransactionFailed(278)) - Got block deletion ACK from datanode, TXIDs=1, success=true
2021-08-15 14:03:29,632 [EventQueue-DeleteBlockStatusForDeletedBlockLogImpl] DEBUG block.DeletedBlockLogImpl (DeletedBlockLogImpl.java:commitTransactions(256)) - Datanode txId=1 containerId=#1 committed by dnId=f89ecde1-abfa-4530-92e2-4a065b7725ea
2021-08-15 14:03:29,632 [EventQueue-DeleteBlockStatusForDeletedBlockLogImpl] DEBUG block.DeletedBlockLogImpl (DeletedBlockLogImpl.java:isTransactionFailed(278)) - Got block deletion ACK from datanode, TXIDs=2, success=true
2021-08-15 14:03:29,632 [EventQueue-DeleteBlockStatusForDeletedBlockLogImpl] DEBUG block.DeletedBlockLogImpl (DeletedBlockLogImpl.java:commitTransactions(256)) - Datanode txId=2 containerId=#2 committed by dnId=f89ecde1-abfa-4530-92e2-4a065b7725ea
2021-08-15 14:03:29,632 [EventQueue-DeleteBlockStatusForDeletedBlockLogImpl] DEBUG block.DeletedBlockLogImpl (DeletedBlockLogImpl.java:isTransactionFailed(278)) - Got block deletion ACK from datanode, TXIDs=3, success=true
2021-08-15 14:03:29,632 [EventQueue-DeleteBlockStatusForDeletedBlockLogImpl] DEBUG block.DeletedBlockLogImpl (DeletedBlockLogImpl.java:commitTransactions(256)) - Datanode txId=3 containerId=#3 committed by dnId=f89ecde1-abfa-4530-92e2-4a065b7725ea
2021-08-15 14:03:29,632 [EventQueue-DeleteBlockStatusForDeletedBlockLogImpl] DEBUG block.DeletedBlockLogImpl (DeletedBlockLogImpl.java:isTransactionFailed(278)) - Got block deletion ACK from datanode, TXIDs=4, success=true
2021-08-15 14:03:29,632 [EventQueue-DeleteBlockStatusForDeletedBlockLogImpl] DEBUG block.DeletedBlockLogImpl (DeletedBlockLogImpl.java:commitTransactions(256)) - Datanode txId=4 containerId=#4 committed by dnId=f89ecde1-abfa-4530-92e2-4a065b7725ea
2021-08-15 14:03:29,632 [EventQueue-DeleteBlockStatusForDeletedBlockLogImpl] DEBUG block.DeletedBlockLogImpl (DeletedBlockLogImpl.java:isTransactionFailed(278)) - Got block deletion ACK from datanode, TXIDs=5, success=true
2021-08-15 14:03:29,632 [EventQueue-DeleteBlockStatusForDeletedBlockLogImpl] DEBUG block.DeletedBlockLogImpl (DeletedBlockLogImpl.java:commitTransactions(256)) - Datanode txId=5 containerId=#5 committed by dnId=f89ecde1-abfa-4530-92e2-4a065b7725ea
2021-08-15 14:03:29,632 [EventQueue-DeleteBlockStatusForDeletedBlockLogImpl] DEBUG block.DeletedBlockLogImpl (DeletedBlockLogImpl.java:isTransactionFailed(278)) - Got block deletion ACK from datanode, TXIDs=6, success=true
2021-08-15 14:03:29,632 [EventQueue-DeleteBlockStatusForDeletedBlockLogImpl] DEBUG block.DeletedBlockLogImpl (DeletedBlockLogImpl.java:commitTransactions(256)) - Datanode txId=6 containerId=#6 committed by dnId=f89ecde1-abfa-4530-92e2-4a065b7725ea
2021-08-15 14:03:29,632 [EventQueue-DeleteBlockStatusForDeletedBlockLogImpl] DEBUG block.DeletedBlockLogImpl (DeletedBlockLogImpl.java:isTransactionFailed(278)) - Got block deletion ACK from datanode, TXIDs=7, success=true
2021-08-15 14:03:29,632 [EventQueue-DeleteBlockStatusForDeletedBlockLogImpl] DEBUG block.DeletedBlockLogImpl (DeletedBlockLogImpl.java:commitTransactions(256)) - Datanode txId=7 containerId=#7 committed by dnId=f89ecde1-abfa-4530-92e2-4a065b7725ea
2021-08-15 14:03:29,632 [EventQueue-DeleteBlockStatusForDeletedBlockLogImpl] DEBUG block.DeletedBlockLogImpl (DeletedBlockLogImpl.java:isTransactionFailed(278)) - Got block deletion ACK from datanode, TXIDs=8, success=true
2021-08-15 14:03:29,632 [EventQueue-DeleteBlockStatusForDeletedBlockLogImpl] DEBUG block.DeletedBlockLogImpl (DeletedBlockLogImpl.java:commitTransactions(256)) - Datanode txId=8 containerId=#8 committed by dnId=f89ecde1-abfa-4530-92e2-4a065b7725ea
2021-08-15 14:03:29,632 [EventQueue-DeleteBlockStatusForDeletedBlockLogImpl] DEBUG block.DeletedBlockLogImpl (DeletedBlockLogImpl.java:isTransactionFailed(278)) - Got block deletion ACK from datanode, TXIDs=9, success=true
2021-08-15 14:03:29,632 [EventQueue-DeleteBlockStatusForDeletedBlockLogImpl] DEBUG block.DeletedBlockLogImpl (DeletedBlockLogImpl.java:commitTransactions(256)) - Datanode txId=9 containerId=#9 committed by dnId=f89ecde1-abfa-4530-92e2-4a065b7725ea
2021-08-15 14:03:29,632 [EventQueue-DeleteBlockStatusForDeletedBlockLogImpl] DEBUG block.DeletedBlockLogImpl (DeletedBlockLogImpl.java:isTransactionFailed(278)) - Got block deletion ACK from datanode, TXIDs=10, success=true
2021-08-15 14:03:29,632 [EventQueue-DeleteBlockStatusForDeletedBlockLogImpl] DEBUG block.DeletedBlockLogImpl (DeletedBlockLogImpl.java:commitTransactions(256)) - Datanode txId=10 containerId=#10 committed by dnId=f89ecde1-abfa-4530-92e2-4a065b7725ea
2021-08-15 14:03:29,632 [EventQueue-DeleteBlockStatusForDeletedBlockLogImpl] DEBUG block.DeletedBlockLogImpl (DeletedBlockLogImpl.java:isTransactionFailed(278)) - Got block deletion ACK from datanode, TXIDs=11, success=true
2021-08-15 14:03:29,633 [EventQueue-DeleteBlockStatusForDeletedBlockLogImpl] DEBUG block.DeletedBlockLogImpl (DeletedBlockLogImpl.java:commitTransactions(256)) - Datanode txId=11 containerId=#11 committed by dnId=f89ecde1-abfa-4530-92e2-4a065b7725ea
2021-08-15 14:03:29,633 [EventQueue-DeleteBlockStatusForDeletedBlockLogImpl] DEBUG block.DeletedBlockLogImpl (DeletedBlockLogImpl.java:isTransactionFailed(278)) - Got block deletion ACK from datanode, TXIDs=12, success=true
2021-08-15 14:03:29,633 [EventQueue-DeleteBlockStatusForDeletedBlockLogImpl] DEBUG block.DeletedBlockLogImpl (DeletedBlockLogImpl.java:commitTransactions(256)) - Datanode txId=12 containerId=#12 committed by dnId=f89ecde1-abfa-4530-92e2-4a065b7725ea
2021-08-15 14:03:29,633 [EventQueue-DeleteBlockStatusForDeletedBlockLogImpl] DEBUG block.DeletedBlockLogImpl (DeletedBlockLogImpl.java:isTransactionFailed(278)) - Got block deletion ACK from datanode, TXIDs=13, success=true
2021-08-15 14:03:29,633 [EventQueue-DeleteBlockStatusForDeletedBlockLogImpl] DEBUG block.DeletedBlockLogImpl (DeletedBlockLogImpl.java:commitTransactions(256)) - Datanode txId=13 containerId=#13 committed by dnId=f89ecde1-abfa-4530-92e2-4a065b7725ea
2021-08-15 14:03:29,633 [EventQueue-DeleteBlockStatusForDeletedBlockLogImpl] DEBUG block.DeletedBlockLogImpl (DeletedBlockLogImpl.java:isTransactionFailed(278)) - Got block deletion ACK from datanode, TXIDs=14, success=true
2021-08-15 14:03:29,633 [EventQueue-DeleteBlockStatusForDeletedBlockLogImpl] DEBUG block.DeletedBlockLogImpl (DeletedBlockLogImpl.java:commitTransactions(256)) - Datanode txId=14 containerId=#14 committed by dnId=f89ecde1-abfa-4530-92e2-4a065b7725ea
2021-08-15 14:03:29,633 [EventQueue-DeleteBlockStatusForDeletedBlockLogImpl] DEBUG block.DeletedBlockLogImpl (DeletedBlockLogImpl.java:isTransactionFailed(278)) - Got block deletion ACK from datanode, TXIDs=15, success=true
2021-08-15 14:03:29,633 [EventQueue-DeleteBlockStatusForDeletedBlockLogImpl] DEBUG block.DeletedBlockLogImpl (DeletedBlockLogImpl.java:commitTransactions(256)) - Datanode txId=15 containerId=#15 committed by dnId=f89ecde1-abfa-4530-92e2-4a065b7725ea
2021-08-15 14:03:29,633 [EventQueue-DeleteBlockStatusForDeletedBlockLogImpl] DEBUG block.DeletedBlockLogImpl (DeletedBlockLogImpl.java:isTransactionFailed(278)) - Got block deletion ACK from datanode, TXIDs=1, success=true
2021-08-15 14:03:29,633 [EventQueue-DeleteBlockStatusForDeletedBlockLogImpl] DEBUG block.DeletedBlockLogImpl (DeletedBlockLogImpl.java:commitTransactions(256)) - Datanode txId=1 containerId=#1 committed by dnId=f89ecde1-abfa-4530-92e2-4a065b7725ea
2021-08-15 14:03:29,633 [EventQueue-DeleteBlockStatusForDeletedBlockLogImpl] DEBUG block.DeletedBlockLogImpl (DeletedBlockLogImpl.java:isTransactionFailed(278)) - Got block deletion ACK from datanode, TXIDs=2, success=true
2021-08-15 14:03:29,633 [EventQueue-DeleteBlockStatusForDeletedBlockLogImpl] DEBUG block.DeletedBlockLogImpl (DeletedBlockLogImpl.java:commitTransactions(256)) - Datanode txId=2 containerId=#2 committed by dnId=f89ecde1-abfa-4530-92e2-4a065b7725ea
2021-08-15 14:03:29,633 [EventQueue-DeleteBlockStatusForDeletedBlockLogImpl] DEBUG block.DeletedBlockLogImpl (DeletedBlockLogImpl.java:isTransactionFailed(278)) - Got block deletion ACK from datanode, TXIDs=3, success=true
2021-08-15 14:03:29,633 [EventQueue-DeleteBlockStatusForDeletedBlockLogImpl] DEBUG block.DeletedBlockLogImpl (DeletedBlockLogImpl.java:commitTransactions(256)) - Datanode txId=3 containerId=#3 committed by dnId=f89ecde1-abfa-4530-92e2-4a065b7725ea
2021-08-15 14:03:29,633 [EventQueue-DeleteBlockStatusForDeletedBlockLogImpl] DEBUG block.DeletedBlockLogImpl (DeletedBlockLogImpl.java:isTransactionFailed(278)) - Got block deletion ACK from datanode, TXIDs=4, success=true
2021-08-15 14:03:29,633 [EventQueue-DeleteBlockStatusForDeletedBlockLogImpl] DEBUG block.DeletedBlockLogImpl (DeletedBlockLogImpl.java:commitTransactions(256)) - Datanode txId=4 containerId=#4 committed by dnId=f89ecde1-abfa-4530-92e2-4a065b7725ea
2021-08-15 14:03:29,633 [EventQueue-DeleteBlockStatusForDeletedBlockLogImpl] DEBUG block.DeletedBlockLogImpl (DeletedBlockLogImpl.java:isTransactionFailed(278)) - Got block deletion ACK from datanode, TXIDs=5, success=true
2021-08-15 14:03:29,633 [EventQueue-DeleteBlockStatusForDeletedBlockLogImpl] DEBUG block.DeletedBlockLogImpl (DeletedBlockLogImpl.java:commitTransactions(256)) - Datanode txId=5 containerId=#5 committed by dnId=f89ecde1-abfa-4530-92e2-4a065b7725ea
2021-08-15 14:03:29,633 [EventQueue-DeleteBlockStatusForDeletedBlockLogImpl] DEBUG block.DeletedBlockLogImpl (DeletedBlockLogImpl.java:isTransactionFailed(278)) - Got block deletion ACK from datanode, TXIDs=6, success=true
2021-08-15 14:03:29,633 [EventQueue-DeleteBlockStatusForDeletedBlockLogImpl] DEBUG block.DeletedBlockLogImpl (DeletedBlockLogImpl.java:commitTransactions(256)) - Datanode txId=6 containerId=#6 committed by dnId=f89ecde1-abfa-4530-92e2-4a065b7725ea
2021-08-15 14:03:29,633 [EventQueue-DeleteBlockStatusForDeletedBlockLogImpl] DEBUG block.DeletedBlockLogImpl (DeletedBlockLogImpl.java:isTransactionFailed(278)) - Got block deletion ACK from datanode, TXIDs=7, success=true
2021-08-15 14:03:29,633 [EventQueue-DeleteBlockStatusForDeletedBlockLogImpl] DEBUG block.DeletedBlockLogImpl (DeletedBlockLogImpl.java:commitTransactions(256)) - Datanode txId=7 containerId=#7 committed by dnId=f89ecde1-abfa-4530-92e2-4a065b7725ea
2021-08-15 14:03:29,633 [EventQueue-DeleteBlockStatusForDeletedBlockLogImpl] DEBUG block.DeletedBlockLogImpl (DeletedBlockLogImpl.java:isTransactionFailed(278)) - Got block deletion ACK from datanode, TXIDs=8, success=true
2021-08-15 14:03:29,634 [EventQueue-DeleteBlockStatusForDeletedBlockLogImpl] DEBUG block.DeletedBlockLogImpl (DeletedBlockLogImpl.java:commitTransactions(256)) - Datanode txId=8 containerId=#8 committed by dnId=f89ecde1-abfa-4530-92e2-4a065b7725ea
2021-08-15 14:03:29,634 [EventQueue-DeleteBlockStatusForDeletedBlockLogImpl] DEBUG block.DeletedBlockLogImpl (DeletedBlockLogImpl.java:isTransactionFailed(278)) - Got block deletion ACK from datanode, TXIDs=9, success=true
2021-08-15 14:03:29,634 [EventQueue-DeleteBlockStatusForDeletedBlockLogImpl] DEBUG block.DeletedBlockLogImpl (DeletedBlockLogImpl.java:commitTransactions(256)) - Datanode txId=9 containerId=#9 committed by dnId=f89ecde1-abfa-4530-92e2-4a065b7725ea
2021-08-15 14:03:29,634 [EventQueue-DeleteBlockStatusForDeletedBlockLogImpl] DEBUG block.DeletedBlockLogImpl (DeletedBlockLogImpl.java:isTransactionFailed(278)) - Got block deletion ACK from datanode, TXIDs=10, success=true
2021-08-15 14:03:29,634 [EventQueue-DeleteBlockStatusForDeletedBlockLogImpl] DEBUG block.DeletedBlockLogImpl (DeletedBlockLogImpl.java:commitTransactions(256)) - Datanode txId=10 containerId=#10 committed by dnId=f89ecde1-abfa-4530-92e2-4a065b7725ea
2021-08-15 14:03:29,634 [EventQueue-DeleteBlockStatusForDeletedBlockLogImpl] DEBUG block.DeletedBlockLogImpl (DeletedBlockLogImpl.java:isTransactionFailed(278)) - Got block deletion ACK from datanode, TXIDs=11, success=true
2021-08-15 14:03:29,634 [EventQueue-DeleteBlockStatusForDeletedBlockLogImpl] DEBUG block.DeletedBlockLogImpl (DeletedBlockLogImpl.java:commitTransactions(256)) - Datanode txId=11 containerId=#11 committed by dnId=f89ecde1-abfa-4530-92e2-4a065b7725ea
2021-08-15 14:03:29,634 [EventQueue-DeleteBlockStatusForDeletedBlockLogImpl] DEBUG block.DeletedBlockLogImpl (DeletedBlockLogImpl.java:isTransactionFailed(278)) - Got block deletion ACK from datanode, TXIDs=12, success=true
2021-08-15 14:03:29,634 [EventQueue-DeleteBlockStatusForDeletedBlockLogImpl] DEBUG block.DeletedBlockLogImpl (DeletedBlockLogImpl.java:commitTransactions(256)) - Datanode txId=12 containerId=#12 committed by dnId=f89ecde1-abfa-4530-92e2-4a065b7725ea
2021-08-15 14:03:29,634 [EventQueue-DeleteBlockStatusForDeletedBlockLogImpl] DEBUG block.DeletedBlockLogImpl (DeletedBlockLogImpl.java:isTransactionFailed(278)) - Got block deletion ACK from datanode, TXIDs=1, success=true
2021-08-15 14:03:29,634 [EventQueue-DeleteBlockStatusForDeletedBlockLogImpl] DEBUG block.DeletedBlockLogImpl (DeletedBlockLogImpl.java:commitTransactions(256)) - Datanode txId=1 containerId=#1 committed by dnId=f89ecde1-abfa-4530-92e2-4a065b7725ea
2021-08-15 14:03:29,634 [EventQueue-DeleteBlockStatusForDeletedBlockLogImpl] DEBUG block.DeletedBlockLogImpl (DeletedBlockLogImpl.java:isTransactionFailed(278)) - Got block deletion ACK from datanode, TXIDs=2, success=true
2021-08-15 14:03:29,634 [EventQueue-DeleteBlockStatusForDeletedBlockLogImpl] DEBUG block.DeletedBlockLogImpl (DeletedBlockLogImpl.java:commitTransactions(256)) - Datanode txId=2 containerId=#2 committed by dnId=f89ecde1-abfa-4530-92e2-4a065b7725ea
2021-08-15 14:03:29,640 [EventQueue-DeleteBlockStatusForDeletedBlockLogImpl] DEBUG block.DeletedBlockLogImpl (DeletedBlockLogImpl.java:isTransactionFailed(278)) - Got block deletion ACK from datanode, TXIDs=1, success=true
2021-08-15 14:03:29,640 [EventQueue-DeleteBlockStatusForDeletedBlockLogImpl] DEBUG block.DeletedBlockLogImpl (DeletedBlockLogImpl.java:commitTransactions(256)) - Datanode txId=1 containerId=#1 committed by dnId=f89ecde1-abfa-4530-92e2-4a065b7725ea
2021-08-15 14:03:29,640 [EventQueue-DeleteBlockStatusForDeletedBlockLogImpl] DEBUG block.DeletedBlockLogImpl (DeletedBlockLogImpl.java:isTransactionFailed(278)) - Got block deletion ACK from datanode, TXIDs=2, success=true
2021-08-15 14:03:29,640 [EventQueue-DeleteBlockStatusForDeletedBlockLogImpl] DEBUG block.DeletedBlockLogImpl (DeletedBlockLogImpl.java:commitTransactions(256)) - Datanode txId=2 containerId=#2 committed by dnId=f89ecde1-abfa-4530-92e2-4a065b7725ea
2021-08-15 14:03:29,640 [EventQueue-DeleteBlockStatusForDeletedBlockLogImpl] DEBUG block.DeletedBlockLogImpl (DeletedBlockLogImpl.java:isTransactionFailed(278)) - Got block deletion ACK from datanode, TXIDs=3, success=true
2021-08-15 14:03:29,640 [EventQueue-DeleteBlockStatusForDeletedBlockLogImpl] DEBUG block.DeletedBlockLogImpl (DeletedBlockLogImpl.java:commitTransactions(256)) - Datanode txId=3 containerId=#3 committed by dnId=f89ecde1-abfa-4530-92e2-4a065b7725ea
2021-08-15 14:03:29,640 [EventQueue-DeleteBlockStatusForDeletedBlockLogImpl] DEBUG block.DeletedBlockLogImpl (DeletedBlockLogImpl.java:isTransactionFailed(278)) - Got block deletion ACK from datanode, TXIDs=4, success=true
2021-08-15 14:03:29,640 [EventQueue-DeleteBlockStatusForDeletedBlockLogImpl] DEBUG block.DeletedBlockLogImpl (DeletedBlockLogImpl.java:commitTransactions(256)) - Datanode txId=4 containerId=#4 committed by dnId=f89ecde1-abfa-4530-92e2-4a065b7725ea
2021-08-15 14:03:29,640 [EventQueue-DeleteBlockStatusForDeletedBlockLogImpl] DEBUG block.DeletedBlockLogImpl (DeletedBlockLogImpl.java:isTransactionFailed(278)) - Got block deletion ACK from datanode, TXIDs=5, success=true
2021-08-15 14:03:29,640 [EventQueue-DeleteBlockStatusForDeletedBlockLogImpl] DEBUG block.DeletedBlockLogImpl (DeletedBlockLogImpl.java:commitTransactions(256)) - Datanode txId=5 containerId=#5 committed by dnId=f89ecde1-abfa-4530-92e2-4a065b7725ea
2021-08-15 14:03:29,640 [EventQueue-DeleteBlockStatusForDeletedBlockLogImpl] DEBUG block.DeletedBlockLogImpl (DeletedBlockLogImpl.java:isTransactionFailed(278)) - Got block deletion ACK from datanode, TXIDs=6, success=true
2021-08-15 14:03:29,640 [EventQueue-DeleteBlockStatusForDeletedBlockLogImpl] DEBUG block.DeletedBlockLogImpl (DeletedBlockLogImpl.java:commitTransactions(256)) - Datanode txId=6 containerId=#6 committed by dnId=f89ecde1-abfa-4530-92e2-4a065b7725ea
2021-08-15 14:03:29,640 [EventQueue-DeleteBlockStatusForDeletedBlockLogImpl] DEBUG block.DeletedBlockLogImpl (DeletedBlockLogImpl.java:isTransactionFailed(278)) - Got block deletion ACK from datanode, TXIDs=7, success=true
2021-08-15 14:03:29,640 [EventQueue-DeleteBlockStatusForDeletedBlockLogImpl] DEBUG block.DeletedBlockLogImpl (DeletedBlockLogImpl.java:commitTransactions(256)) - Datanode txId=7 containerId=#7 committed by dnId=f89ecde1-abfa-4530-92e2-4a065b7725ea
2021-08-15 14:03:29,640 [EventQueue-DeleteBlockStatusForDeletedBlockLogImpl] DEBUG block.DeletedBlockLogImpl (DeletedBlockLogImpl.java:isTransactionFailed(278)) - Got block deletion ACK from datanode, TXIDs=8, success=true
2021-08-15 14:03:29,640 [EventQueue-DeleteBlockStatusForDeletedBlockLogImpl] DEBUG block.DeletedBlockLogImpl (DeletedBlockLogImpl.java:commitTransactions(256)) - Datanode txId=8 containerId=#8 committed by dnId=f89ecde1-abfa-4530-92e2-4a065b7725ea
2021-08-15 14:03:29,640 [EventQueue-DeleteBlockStatusForDeletedBlockLogImpl] DEBUG block.DeletedBlockLogImpl (DeletedBlockLogImpl.java:isTransactionFailed(278)) - Got block deletion ACK from datanode, TXIDs=9, success=true
2021-08-15 14:03:29,640 [EventQueue-DeleteBlockStatusForDeletedBlockLogImpl] DEBUG block.DeletedBlockLogImpl (DeletedBlockLogImpl.java:commitTransactions(256)) - Datanode txId=9 containerId=#9 committed by dnId=f89ecde1-abfa-4530-92e2-4a065b7725ea
2021-08-15 14:03:29,640 [EventQueue-DeleteBlockStatusForDeletedBlockLogImpl] DEBUG block.DeletedBlockLogImpl (DeletedBlockLogImpl.java:isTransactionFailed(278)) - Got block deletion ACK from datanode, TXIDs=10, success=true
2021-08-15 14:03:29,640 [EventQueue-DeleteBlockStatusForDeletedBlockLogImpl] DEBUG block.DeletedBlockLogImpl (DeletedBlockLogImpl.java:commitTransactions(256)) - Datanode txId=10 containerId=#10 committed by dnId=f89ecde1-abfa-4530-92e2-4a065b7725ea
2021-08-15 14:03:29,640 [EventQueue-DeleteBlockStatusForDeletedBlockLogImpl] DEBUG block.DeletedBlockLogImpl (DeletedBlockLogImpl.java:isTransactionFailed(278)) - Got block deletion ACK from datanode, TXIDs=11, success=true
2021-08-15 14:03:29,640 [EventQueue-DeleteBlockStatusForDeletedBlockLogImpl] DEBUG block.DeletedBlockLogImpl (DeletedBlockLogImpl.java:commitTransactions(256)) - Datanode txId=11 containerId=#11 committed by dnId=f89ecde1-abfa-4530-92e2-4a065b7725ea
2021-08-15 14:03:29,640 [EventQueue-DeleteBlockStatusForDeletedBlockLogImpl] DEBUG block.DeletedBlockLogImpl (DeletedBlockLogImpl.java:isTransactionFailed(278)) - Got block deletion ACK from datanode, TXIDs=12, success=true
2021-08-15 14:03:29,641 [EventQueue-DeleteBlockStatusForDeletedBlockLogImpl] DEBUG block.DeletedBlockLogImpl (DeletedBlockLogImpl.java:commitTransactions(256)) - Datanode txId=12 containerId=#12 committed by dnId=f89ecde1-abfa-4530-92e2-4a065b7725ea
2021-08-15 14:03:29,641 [EventQueue-DeleteBlockStatusForDeletedBlockLogImpl] DEBUG block.DeletedBlockLogImpl (DeletedBlockLogImpl.java:isTransactionFailed(278)) - Got block deletion ACK from datanode, TXIDs=13, success=true
2021-08-15 14:03:29,641 [EventQueue-DeleteBlockStatusForDeletedBlockLogImpl] DEBUG block.DeletedBlockLogImpl (DeletedBlockLogImpl.java:commitTransactions(256)) - Datanode txId=13 containerId=#13 committed by dnId=f89ecde1-abfa-4530-92e2-4a065b7725ea
2021-08-15 14:03:29,641 [EventQueue-DeleteBlockStatusForDeletedBlockLogImpl] DEBUG block.DeletedBlockLogImpl (DeletedBlockLogImpl.java:isTransactionFailed(278)) - Got block deletion ACK from datanode, TXIDs=14, success=true
2021-08-15 14:03:29,641 [EventQueue-DeleteBlockStatusForDeletedBlockLogImpl] DEBUG block.DeletedBlockLogImpl (DeletedBlockLogImpl.java:commitTransactions(256)) - Datanode txId=14 containerId=#14 committed by dnId=f89ecde1-abfa-4530-92e2-4a065b7725ea
2021-08-15 14:03:29,641 [EventQueue-DeleteBlockStatusForDeletedBlockLogImpl] DEBUG block.DeletedBlockLogImpl (DeletedBlockLogImpl.java:isTransactionFailed(278)) - Got block deletion ACK from datanode, TXIDs=15, success=true
2021-08-15 14:03:29,641 [EventQueue-DeleteBlockStatusForDeletedBlockLogImpl] DEBUG block.DeletedBlockLogImpl (DeletedBlockLogImpl.java:commitTransactions(256)) - Datanode txId=15 containerId=#15 committed by dnId=f89ecde1-abfa-4530-92e2-4a065b7725ea
2021-08-15 14:03:29,641 [EventQueue-DeleteBlockStatusForDeletedBlockLogImpl] DEBUG block.DeletedBlockLogImpl (DeletedBlockLogImpl.java:isTransactionFailed(278)) - Got block deletion ACK from datanode, TXIDs=16, success=true
2021-08-15 14:03:29,641 [EventQueue-DeleteBlockStatusForDeletedBlockLogImpl] DEBUG block.DeletedBlockLogImpl (DeletedBlockLogImpl.java:commitTransactions(256)) - Datanode txId=16 containerId=#16 committed by dnId=f89ecde1-abfa-4530-92e2-4a065b7725ea
2021-08-15 14:03:29,641 [EventQueue-DeleteBlockStatusForDeletedBlockLogImpl] DEBUG block.DeletedBlockLogImpl (DeletedBlockLogImpl.java:isTransactionFailed(278)) - Got block deletion ACK from datanode, TXIDs=1, success=true
2021-08-15 14:03:29,641 [EventQueue-DeleteBlockStatusForDeletedBlockLogImpl] DEBUG block.DeletedBlockLogImpl (DeletedBlockLogImpl.java:commitTransactions(256)) - Datanode txId=1 containerId=#1 committed by dnId=f89ecde1-abfa-4530-92e2-4a065b7725ea
2021-08-15 14:03:29,641 [EventQueue-DeleteBlockStatusForDeletedBlockLogImpl] DEBUG block.DeletedBlockLogImpl (DeletedBlockLogImpl.java:isTransactionFailed(278)) - Got block deletion ACK from datanode, TXIDs=2, success=true
2021-08-15 14:03:29,641 [EventQueue-DeleteBlockStatusForDeletedBlockLogImpl] DEBUG block.DeletedBlockLogImpl (DeletedBlockLogImpl.java:commitTransactions(256)) - Datanode txId=2 containerId=#2 committed by dnId=f89ecde1-abfa-4530-92e2-4a065b7725ea
2021-08-15 14:03:29,641 [EventQueue-DeleteBlockStatusForDeletedBlockLogImpl] DEBUG block.DeletedBlockLogImpl (DeletedBlockLogImpl.java:isTransactionFailed(278)) - Got block deletion ACK from datanode, TXIDs=3, success=true
2021-08-15 14:03:29,641 [EventQueue-DeleteBlockStatusForDeletedBlockLogImpl] DEBUG block.DeletedBlockLogImpl (DeletedBlockLogImpl.java:commitTransactions(256)) - Datanode txId=3 containerId=#3 committed by dnId=f89ecde1-abfa-4530-92e2-4a065b7725ea
2021-08-15 14:03:29,641 [EventQueue-DeleteBlockStatusForDeletedBlockLogImpl] DEBUG block.DeletedBlockLogImpl (DeletedBlockLogImpl.java:isTransactionFailed(278)) - Got block deletion ACK from datanode, TXIDs=4, success=true
2021-08-15 14:03:29,641 [EventQueue-DeleteBlockStatusForDeletedBlockLogImpl] DEBUG block.DeletedBlockLogImpl (DeletedBlockLogImpl.java:commitTransactions(256)) - Datanode txId=4 containerId=#4 committed by dnId=f89ecde1-abfa-4530-92e2-4a065b7725ea
2021-08-15 14:03:29,641 [EventQueue-DeleteBlockStatusForDeletedBlockLogImpl] DEBUG block.DeletedBlockLogImpl (DeletedBlockLogImpl.java:isTransactionFailed(278)) - Got block deletion ACK from datanode, TXIDs=5, success=true
2021-08-15 14:03:29,641 [EventQueue-DeleteBlockStatusForDeletedBlockLogImpl] DEBUG block.DeletedBlockLogImpl (DeletedBlockLogImpl.java:commitTransactions(256)) - Datanode txId=5 containerId=#5 committed by dnId=f89ecde1-abfa-4530-92e2-4a065b7725ea
2021-08-15 14:03:29,641 [EventQueue-DeleteBlockStatusForDeletedBlockLogImpl] DEBUG block.DeletedBlockLogImpl (DeletedBlockLogImpl.java:isTransactionFailed(278)) - Got block deletion ACK from datanode, TXIDs=1, success=true
2021-08-15 14:03:29,641 [EventQueue-DeleteBlockStatusForDeletedBlockLogImpl] DEBUG block.DeletedBlockLogImpl (DeletedBlockLogImpl.java:commitTransactions(256)) - Datanode txId=1 containerId=#1 committed by dnId=f89ecde1-abfa-4530-92e2-4a065b7725ea
2021-08-15 14:03:29,641 [EventQueue-DeleteBlockStatusForDeletedBlockLogImpl] DEBUG block.DeletedBlockLogImpl (DeletedBlockLogImpl.java:isTransactionFailed(278)) - Got block deletion ACK from datanode, TXIDs=2, success=true
2021-08-15 14:03:29,641 [EventQueue-DeleteBlockStatusForDeletedBlockLogImpl] DEBUG block.DeletedBlockLogImpl (DeletedBlockLogImpl.java:commitTransactions(256)) - Datanode txId=2 containerId=#2 committed by dnId=f89ecde1-abfa-4530-92e2-4a065b7725ea
2021-08-15 14:03:29,641 [EventQueue-DeleteBlockStatusForDeletedBlockLogImpl] DEBUG block.DeletedBlockLogImpl (DeletedBlockLogImpl.java:isTransactionFailed(278)) - Got block deletion ACK from datanode, TXIDs=3, success=true
2021-08-15 14:03:29,641 [EventQueue-DeleteBlockStatusForDeletedBlockLogImpl] DEBUG block.DeletedBlockLogImpl (DeletedBlockLogImpl.java:commitTransactions(256)) - Datanode txId=3 containerId=#3 committed by dnId=f89ecde1-abfa-4530-92e2-4a065b7725ea
2021-08-15 14:03:29,641 [EventQueue-DeleteBlockStatusForDeletedBlockLogImpl] DEBUG block.DeletedBlockLogImpl (DeletedBlockLogImpl.java:isTransactionFailed(278)) - Got block deletion ACK from datanode, TXIDs=4, success=true
2021-08-15 14:03:29,641 [EventQueue-DeleteBlockStatusForDeletedBlockLogImpl] DEBUG block.DeletedBlockLogImpl (DeletedBlockLogImpl.java:commitTransactions(256)) - Datanode txId=4 containerId=#4 committed by dnId=f89ecde1-abfa-4530-92e2-4a065b7725ea
2021-08-15 14:03:29,641 [EventQueue-DeleteBlockStatusForDeletedBlockLogImpl] DEBUG block.DeletedBlockLogImpl (DeletedBlockLogImpl.java:isTransactionFailed(278)) - Got block deletion ACK from datanode, TXIDs=1, success=true
2021-08-15 14:03:29,641 [EventQueue-DeleteBlockStatusForDeletedBlockLogImpl] DEBUG block.DeletedBlockLogImpl (DeletedBlockLogImpl.java:commitTransactions(256)) - Datanode txId=1 containerId=#1 committed by dnId=f89ecde1-abfa-4530-92e2-4a065b7725ea
2021-08-15 14:03:29,641 [EventQueue-DeleteBlockStatusForDeletedBlockLogImpl] DEBUG block.DeletedBlockLogImpl (DeletedBlockLogImpl.java:isTransactionFailed(278)) - Got block deletion ACK from datanode, TXIDs=2, success=true
2021-08-15 14:03:29,641 [EventQueue-DeleteBlockStatusForDeletedBlockLogImpl] DEBUG block.DeletedBlockLogImpl (DeletedBlockLogImpl.java:commitTransactions(256)) - Datanode txId=2 containerId=#2 committed by dnId=f89ecde1-abfa-4530-92e2-4a065b7725ea
2021-08-15 14:03:29,642 [EventQueue-DeleteBlockStatusForDeletedBlockLogImpl] DEBUG block.DeletedBlockLogImpl (DeletedBlockLogImpl.java:isTransactionFailed(278)) - Got block deletion ACK from datanode, TXIDs=3, success=true
2021-08-15 14:03:29,642 [EventQueue-DeleteBlockStatusForDeletedBlockLogImpl] DEBUG block.DeletedBlockLogImpl (DeletedBlockLogImpl.java:commitTransactions(256)) - Datanode txId=3 containerId=#3 committed by dnId=f89ecde1-abfa-4530-92e2-4a065b7725ea
2021-08-15 14:03:29,642 [EventQueue-DeleteBlockStatusForDeletedBlockLogImpl] DEBUG block.DeletedBlockLogImpl (DeletedBlockLogImpl.java:isTransactionFailed(278)) - Got block deletion ACK from datanode, TXIDs=1, success=true
2021-08-15 14:03:29,642 [EventQueue-DeleteBlockStatusForDeletedBlockLogImpl] DEBUG block.DeletedBlockLogImpl (DeletedBlockLogImpl.java:commitTransactions(256)) - Datanode txId=1 containerId=#1 committed by dnId=f89ecde1-abfa-4530-92e2-4a065b7725ea
2021-08-15 14:03:29,642 [EventQueue-DeleteBlockStatusForDeletedBlockLogImpl] DEBUG block.DeletedBlockLogImpl (DeletedBlockLogImpl.java:isTransactionFailed(278)) - Got block deletion ACK from datanode, TXIDs=2, success=true
2021-08-15 14:03:29,642 [EventQueue-DeleteBlockStatusForDeletedBlockLogImpl] DEBUG block.DeletedBlockLogImpl (DeletedBlockLogImpl.java:commitTransactions(256)) - Datanode txId=2 containerId=#2 committed by dnId=f89ecde1-abfa-4530-92e2-4a065b7725ea
2021-08-15 14:03:29,642 [EventQueue-DeleteBlockStatusForDeletedBlockLogImpl] DEBUG block.DeletedBlockLogImpl (DeletedBlockLogImpl.java:isTransactionFailed(278)) - Got block deletion ACK from datanode, TXIDs=3, success=true
2021-08-15 14:03:29,642 [EventQueue-DeleteBlockStatusForDeletedBlockLogImpl] DEBUG block.DeletedBlockLogImpl (DeletedBlockLogImpl.java:commitTransactions(256)) - Datanode txId=3 containerId=#3 committed by dnId=f89ecde1-abfa-4530-92e2-4a065b7725ea
2021-08-15 14:03:29,642 [EventQueue-DeleteBlockStatusForDeletedBlockLogImpl] DEBUG block.DeletedBlockLogImpl (DeletedBlockLogImpl.java:isTransactionFailed(278)) - Got block deletion ACK from datanode, TXIDs=4, success=true
2021-08-15 14:03:29,642 [EventQueue-DeleteBlockStatusForDeletedBlockLogImpl] DEBUG block.DeletedBlockLogImpl (DeletedBlockLogImpl.java:commitTransactions(256)) - Datanode txId=4 containerId=#4 committed by dnId=f89ecde1-abfa-4530-92e2-4a065b7725ea
2021-08-15 14:03:29,642 [EventQueue-DeleteBlockStatusForDeletedBlockLogImpl] DEBUG block.DeletedBlockLogImpl (DeletedBlockLogImpl.java:isTransactionFailed(278)) - Got block deletion ACK from datanode, TXIDs=5, success=true
2021-08-15 14:03:29,642 [EventQueue-DeleteBlockStatusForDeletedBlockLogImpl] DEBUG block.DeletedBlockLogImpl (DeletedBlockLogImpl.java:commitTransactions(256)) - Datanode txId=5 containerId=#5 committed by dnId=f89ecde1-abfa-4530-92e2-4a065b7725ea
2021-08-15 14:03:29,642 [EventQueue-DeleteBlockStatusForDeletedBlockLogImpl] DEBUG block.DeletedBlockLogImpl (DeletedBlockLogImpl.java:isTransactionFailed(278)) - Got block deletion ACK from datanode, TXIDs=6, success=true
2021-08-15 14:03:29,642 [EventQueue-DeleteBlockStatusForDeletedBlockLogImpl] DEBUG block.DeletedBlockLogImpl (DeletedBlockLogImpl.java:commitTransactions(256)) - Datanode txId=6 containerId=#6 committed by dnId=f89ecde1-abfa-4530-92e2-4a065b7725ea
2021-08-15 14:03:29,642 [EventQueue-DeleteBlockStatusForDeletedBlockLogImpl] DEBUG block.DeletedBlockLogImpl (DeletedBlockLogImpl.java:isTransactionFailed(278)) - Got block deletion ACK from datanode, TXIDs=7, success=true
2021-08-15 14:03:29,642 [EventQueue-DeleteBlockStatusForDeletedBlockLogImpl] DEBUG block.DeletedBlockLogImpl (DeletedBlockLogImpl.java:commitTransactions(256)) - Datanode txId=7 containerId=#7 committed by dnId=f89ecde1-abfa-4530-92e2-4a065b7725ea
2021-08-15 14:03:29,642 [EventQueue-DeleteBlockStatusForDeletedBlockLogImpl] DEBUG block.DeletedBlockLogImpl (DeletedBlockLogImpl.java:isTransactionFailed(278)) - Got block deletion ACK from datanode, TXIDs=8, success=true
2021-08-15 14:03:29,642 [EventQueue-DeleteBlockStatusForDeletedBlockLogImpl] DEBUG block.DeletedBlockLogImpl (DeletedBlockLogImpl.java:commitTransactions(256)) - Datanode txId=8 containerId=#8 committed by dnId=f89ecde1-abfa-4530-92e2-4a065b7725ea
2021-08-15 14:03:29,644 [EventQueue-DeleteBlockStatusForDeletedBlockLogImpl] DEBUG block.DeletedBlockLogImpl (DeletedBlockLogImpl.java:isTransactionFailed(278)) - Got block deletion ACK from datanode, TXIDs=9, success=true
2021-08-15 14:03:29,644 [EventQueue-DeleteBlockStatusForDeletedBlockLogImpl] DEBUG block.DeletedBlockLogImpl (DeletedBlockLogImpl.java:commitTransactions(256)) - Datanode txId=9 containerId=#9 committed by dnId=f89ecde1-abfa-4530-92e2-4a065b7725ea
2021-08-15 14:03:29,644 [EventQueue-DeleteBlockStatusForDeletedBlockLogImpl] DEBUG block.DeletedBlockLogImpl (DeletedBlockLogImpl.java:isTransactionFailed(278)) - Got block deletion ACK from datanode, TXIDs=10, success=true
2021-08-15 14:03:29,644 [EventQueue-DeleteBlockStatusForDeletedBlockLogImpl] DEBUG block.DeletedBlockLogImpl (DeletedBlockLogImpl.java:commitTransactions(256)) - Datanode txId=10 containerId=#10 committed by dnId=f89ecde1-abfa-4530-92e2-4a065b7725ea
2021-08-15 14:03:29,644 [EventQueue-DeleteBlockStatusForDeletedBlockLogImpl] DEBUG block.DeletedBlockLogImpl (DeletedBlockLogImpl.java:isTransactionFailed(278)) - Got block deletion ACK from datanode, TXIDs=11, success=true
2021-08-15 14:03:29,644 [EventQueue-DeleteBlockStatusForDeletedBlockLogImpl] DEBUG block.DeletedBlockLogImpl (DeletedBlockLogImpl.java:commitTransactions(256)) - Datanode txId=11 containerId=#11 committed by dnId=f89ecde1-abfa-4530-92e2-4a065b7725ea
2021-08-15 14:03:29,644 [EventQueue-DeleteBlockStatusForDeletedBlockLogImpl] DEBUG block.DeletedBlockLogImpl (DeletedBlockLogImpl.java:isTransactionFailed(278)) - Got block deletion ACK from datanode, TXIDs=1, success=true
2021-08-15 14:03:29,644 [EventQueue-DeleteBlockStatusForDeletedBlockLogImpl] DEBUG block.DeletedBlockLogImpl (DeletedBlockLogImpl.java:commitTransactions(256)) - Datanode txId=1 containerId=#1 committed by dnId=f89ecde1-abfa-4530-92e2-4a065b7725ea
2021-08-15 14:03:29,644 [EventQueue-DeleteBlockStatusForDeletedBlockLogImpl] DEBUG block.DeletedBlockLogImpl (DeletedBlockLogImpl.java:isTransactionFailed(278)) - Got block deletion ACK from datanode, TXIDs=2, success=true
2021-08-15 14:03:29,644 [EventQueue-DeleteBlockStatusForDeletedBlockLogImpl] DEBUG block.DeletedBlockLogImpl (DeletedBlockLogImpl.java:commitTransactions(256)) - Datanode txId=2 containerId=#2 committed by dnId=f89ecde1-abfa-4530-92e2-4a065b7725ea
2021-08-15 14:03:29,644 [EventQueue-DeleteBlockStatusForDeletedBlockLogImpl] DEBUG block.DeletedBlockLogImpl (DeletedBlockLogImpl.java:isTransactionFailed(278)) - Got block deletion ACK from datanode, TXIDs=3, success=true
2021-08-15 14:03:29,644 [EventQueue-DeleteBlockStatusForDeletedBlockLogImpl] DEBUG block.DeletedBlockLogImpl (DeletedBlockLogImpl.java:commitTransactions(256)) - Datanode txId=3 containerId=#3 committed by dnId=f89ecde1-abfa-4530-92e2-4a065b7725ea
2021-08-15 14:03:29,644 [EventQueue-DeleteBlockStatusForDeletedBlockLogImpl] DEBUG block.DeletedBlockLogImpl (DeletedBlockLogImpl.java:isTransactionFailed(278)) - Got block deletion ACK from datanode, TXIDs=4, success=true
2021-08-15 14:03:29,644 [EventQueue-DeleteBlockStatusForDeletedBlockLogImpl] DEBUG block.DeletedBlockLogImpl (DeletedBlockLogImpl.java:commitTransactions(256)) - Datanode txId=4 containerId=#4 committed by dnId=f89ecde1-abfa-4530-92e2-4a065b7725ea
2021-08-15 14:03:29,644 [EventQueue-DeleteBlockStatusForDeletedBlockLogImpl] DEBUG block.DeletedBlockLogImpl (DeletedBlockLogImpl.java:isTransactionFailed(278)) - Got block deletion ACK from datanode, TXIDs=5, success=true
2021-08-15 14:03:29,644 [EventQueue-DeleteBlockStatusForDeletedBlockLogImpl] DEBUG block.DeletedBlockLogImpl (DeletedBlockLogImpl.java:commitTransactions(256)) - Datanode txId=5 containerId=#5 committed by dnId=f89ecde1-abfa-4530-92e2-4a065b7725ea
2021-08-15 14:03:29,644 [EventQueue-DeleteBlockStatusForDeletedBlockLogImpl] DEBUG block.DeletedBlockLogImpl (DeletedBlockLogImpl.java:isTransactionFailed(278)) - Got block deletion ACK from datanode, TXIDs=6, success=true
2021-08-15 14:03:29,644 [EventQueue-DeleteBlockStatusForDeletedBlockLogImpl] DEBUG block.DeletedBlockLogImpl (DeletedBlockLogImpl.java:commitTransactions(256)) - Datanode txId=6 containerId=#6 committed by dnId=f89ecde1-abfa-4530-92e2-4a065b7725ea
2021-08-15 14:03:29,644 [EventQueue-DeleteBlockStatusForDeletedBlockLogImpl] DEBUG block.DeletedBlockLogImpl (DeletedBlockLogImpl.java:isTransactionFailed(278)) - Got block deletion ACK from datanode, TXIDs=7, success=true
2021-08-15 14:03:29,644 [EventQueue-DeleteBlockStatusForDeletedBlockLogImpl] DEBUG block.DeletedBlockLogImpl (DeletedBlockLogImpl.java:commitTransactions(256)) - Datanode txId=7 containerId=#7 committed by dnId=f89ecde1-abfa-4530-92e2-4a065b7725ea
2021-08-15 14:03:29,644 [EventQueue-DeleteBlockStatusForDeletedBlockLogImpl] DEBUG block.DeletedBlockLogImpl (DeletedBlockLogImpl.java:isTransactionFailed(278)) - Got block deletion ACK from datanode, TXIDs=8, success=true
2021-08-15 14:03:29,644 [EventQueue-DeleteBlockStatusForDeletedBlockLogImpl] DEBUG block.DeletedBlockLogImpl (DeletedBlockLogImpl.java:commitTransactions(256)) - Datanode txId=8 containerId=#8 committed by dnId=f89ecde1-abfa-4530-92e2-4a065b7725ea
2021-08-15 14:03:29,644 [EventQueue-DeleteBlockStatusForDeletedBlockLogImpl] DEBUG block.DeletedBlockLogImpl (DeletedBlockLogImpl.java:isTransactionFailed(278)) - Got block deletion ACK from datanode, TXIDs=9, success=true
2021-08-15 14:03:29,644 [EventQueue-DeleteBlockStatusForDeletedBlockLogImpl] DEBUG block.DeletedBlockLogImpl (DeletedBlockLogImpl.java:commitTransactions(256)) - Datanode txId=9 containerId=#9 committed by dnId=f89ecde1-abfa-4530-92e2-4a065b7725ea
2021-08-15 14:03:29,644 [EventQueue-DeleteBlockStatusForDeletedBlockLogImpl] DEBUG block.DeletedBlockLogImpl (DeletedBlockLogImpl.java:isTransactionFailed(278)) - Got block deletion ACK from datanode, TXIDs=1, success=true
2021-08-15 14:03:29,644 [EventQueue-DeleteBlockStatusForDeletedBlockLogImpl] DEBUG block.DeletedBlockLogImpl (DeletedBlockLogImpl.java:commitTransactions(256)) - Datanode txId=1 containerId=#1 committed by dnId=f89ecde1-abfa-4530-92e2-4a065b7725ea
2021-08-15 14:03:29,644 [EventQueue-DeleteBlockStatusForDeletedBlockLogImpl] DEBUG block.DeletedBlockLogImpl (DeletedBlockLogImpl.java:isTransactionFailed(278)) - Got block deletion ACK from datanode, TXIDs=2, success=true
2021-08-15 14:03:29,644 [EventQueue-DeleteBlockStatusForDeletedBlockLogImpl] DEBUG block.DeletedBlockLogImpl (DeletedBlockLogImpl.java:commitTransactions(256)) - Datanode txId=2 containerId=#2 committed by dnId=f89ecde1-abfa-4530-92e2-4a065b7725ea
2021-08-15 14:03:29,644 [EventQueue-DeleteBlockStatusForDeletedBlockLogImpl] DEBUG block.DeletedBlockLogImpl (DeletedBlockLogImpl.java:isTransactionFailed(278)) - Got block deletion ACK from datanode, TXIDs=3, success=true
2021-08-15 14:03:29,645 [EventQueue-DeleteBlockStatusForDeletedBlockLogImpl] DEBUG block.DeletedBlockLogImpl (DeletedBlockLogImpl.java:commitTransactions(256)) - Datanode txId=3 containerId=#3 committed by dnId=f89ecde1-abfa-4530-92e2-4a065b7725ea
2021-08-15 14:03:29,645 [EventQueue-DeleteBlockStatusForDeletedBlockLogImpl] DEBUG block.DeletedBlockLogImpl (DeletedBlockLogImpl.java:isTransactionFailed(278)) - Got block deletion ACK from datanode, TXIDs=4, success=true
2021-08-15 14:03:29,645 [EventQueue-DeleteBlockStatusForDeletedBlockLogImpl] DEBUG block.DeletedBlockLogImpl (DeletedBlockLogImpl.java:commitTransactions(256)) - Datanode txId=4 containerId=#4 committed by dnId=f89ecde1-abfa-4530-92e2-4a065b7725ea
2021-08-15 14:03:29,645 [EventQueue-DeleteBlockStatusForDeletedBlockLogImpl] DEBUG block.DeletedBlockLogImpl (DeletedBlockLogImpl.java:isTransactionFailed(278)) - Got block deletion ACK from datanode, TXIDs=5, success=true
2021-08-15 14:03:29,645 [EventQueue-DeleteBlockStatusForDeletedBlockLogImpl] DEBUG block.DeletedBlockLogImpl (DeletedBlockLogImpl.java:commitTransactions(256)) - Datanode txId=5 containerId=#5 committed by dnId=f89ecde1-abfa-4530-92e2-4a065b7725ea
2021-08-15 14:03:29,645 [EventQueue-DeleteBlockStatusForDeletedBlockLogImpl] DEBUG block.DeletedBlockLogImpl (DeletedBlockLogImpl.java:isTransactionFailed(278)) - Got block deletion ACK from datanode, TXIDs=6, success=true
2021-08-15 14:03:29,645 [EventQueue-DeleteBlockStatusForDeletedBlockLogImpl] DEBUG block.DeletedBlockLogImpl (DeletedBlockLogImpl.java:commitTransactions(256)) - Datanode txId=6 containerId=#6 committed by dnId=f89ecde1-abfa-4530-92e2-4a065b7725ea
2021-08-15 14:03:29,645 [EventQueue-DeleteBlockStatusForDeletedBlockLogImpl] DEBUG block.DeletedBlockLogImpl (DeletedBlockLogImpl.java:isTransactionFailed(278)) - Got block deletion ACK from datanode, TXIDs=7, success=true
2021-08-15 14:03:29,645 [EventQueue-DeleteBlockStatusForDeletedBlockLogImpl] DEBUG block.DeletedBlockLogImpl (DeletedBlockLogImpl.java:commitTransactions(256)) - Datanode txId=7 containerId=#7 committed by dnId=f89ecde1-abfa-4530-92e2-4a065b7725ea
2021-08-15 14:03:29,651 [pool-466-thread-9] INFO  keyvalue.KeyValueContainer (KeyValueContainer.java:flushAndSyncDB(397)) - Container 25 is synced with bcsId 391.
2021-08-15 14:03:29,652 [pool-466-thread-9] INFO  keyvalue.KeyValueContainer (KeyValueContainer.java:flushAndSyncDB(397)) - Container 25 is synced with bcsId 391.
2021-08-15 14:03:29,653 [pool-467-thread-3] INFO  keyvalue.KeyValueContainer (KeyValueContainer.java:flushAndSyncDB(397)) - Container 25 is synced with bcsId 391.
2021-08-15 14:03:29,653 [pool-467-thread-3] INFO  keyvalue.KeyValueContainer (KeyValueContainer.java:flushAndSyncDB(397)) - Container 25 is synced with bcsId 391.
2021-08-15 14:03:29,654 [pool-466-thread-9] INFO  keyvalue.KeyValueContainer (KeyValueContainer.java:close(334)) - Container 25 is closed with bcsId 391.
2021-08-15 14:03:29,654 [Datanode State Machine Thread - 0] WARN  statemachine.StateContext (StateContext.java:execute(621)) - No available thread in pool for past 0 seconds.
2021-08-15 14:03:29,655 [SCMBlockDeletingService#0] DEBUG block.SCMBlockDeletingService (SCMBlockDeletingService.java:call(133)) - Running DeletedBlockTransactionScanner
2021-08-15 14:03:29,656 [SCMBlockDeletingService#0] DEBUG block.SCMBlockDeletingService (DatanodeDeletedBlockTransactions.java:addTransactionToDN(50)) - Transaction added: 0475d2c2-d46f-403e-95a5-8ff1a5c32338 <- TX(1)
2021-08-15 14:03:29,656 [SCMBlockDeletingService#0] DEBUG block.SCMBlockDeletingService (DatanodeDeletedBlockTransactions.java:addTransactionToDN(50)) - Transaction added: c2c40a72-a699-49b1-b721-1997d9d2c71f <- TX(1)
2021-08-15 14:03:29,656 [SCMBlockDeletingService#0] DEBUG block.SCMBlockDeletingService (DatanodeDeletedBlockTransactions.java:addTransactionToDN(50)) - Transaction added: 0475d2c2-d46f-403e-95a5-8ff1a5c32338 <- TX(2)
2021-08-15 14:03:29,656 [SCMBlockDeletingService#0] DEBUG block.SCMBlockDeletingService (DatanodeDeletedBlockTransactions.java:addTransactionToDN(50)) - Transaction added: c2c40a72-a699-49b1-b721-1997d9d2c71f <- TX(2)
2021-08-15 14:03:29,656 [SCMBlockDeletingService#0] DEBUG block.SCMBlockDeletingService (DatanodeDeletedBlockTransactions.java:addTransactionToDN(50)) - Transaction added: 0475d2c2-d46f-403e-95a5-8ff1a5c32338 <- TX(3)
2021-08-15 14:03:29,656 [SCMBlockDeletingService#0] DEBUG block.SCMBlockDeletingService (DatanodeDeletedBlockTransactions.java:addTransactionToDN(50)) - Transaction added: c2c40a72-a699-49b1-b721-1997d9d2c71f <- TX(3)
2021-08-15 14:03:29,656 [SCMBlockDeletingService#0] DEBUG block.SCMBlockDeletingService (DatanodeDeletedBlockTransactions.java:addTransactionToDN(50)) - Transaction added: c2c40a72-a699-49b1-b721-1997d9d2c71f <- TX(4)
2021-08-15 14:03:29,656 [SCMBlockDeletingService#0] DEBUG block.SCMBlockDeletingService (DatanodeDeletedBlockTransactions.java:addTransactionToDN(50)) - Transaction added: 0475d2c2-d46f-403e-95a5-8ff1a5c32338 <- TX(4)
2021-08-15 14:03:29,656 [SCMBlockDeletingService#0] DEBUG block.SCMBlockDeletingService (DatanodeDeletedBlockTransactions.java:addTransactionToDN(50)) - Transaction added: c2c40a72-a699-49b1-b721-1997d9d2c71f <- TX(5)
2021-08-15 14:03:29,656 [SCMBlockDeletingService#0] DEBUG block.SCMBlockDeletingService (DatanodeDeletedBlockTransactions.java:addTransactionToDN(50)) - Transaction added: 0475d2c2-d46f-403e-95a5-8ff1a5c32338 <- TX(5)
2021-08-15 14:03:29,656 [SCMBlockDeletingService#0] DEBUG block.SCMBlockDeletingService (DatanodeDeletedBlockTransactions.java:addTransactionToDN(50)) - Transaction added: c2c40a72-a699-49b1-b721-1997d9d2c71f <- TX(6)
2021-08-15 14:03:29,656 [SCMBlockDeletingService#0] DEBUG block.SCMBlockDeletingService (DatanodeDeletedBlockTransactions.java:addTransactionToDN(50)) - Transaction added: 0475d2c2-d46f-403e-95a5-8ff1a5c32338 <- TX(6)
2021-08-15 14:03:29,656 [SCMBlockDeletingService#0] DEBUG block.SCMBlockDeletingService (DatanodeDeletedBlockTransactions.java:addTransactionToDN(50)) - Transaction added: 0475d2c2-d46f-403e-95a5-8ff1a5c32338 <- TX(7)
2021-08-15 14:03:29,656 [SCMBlockDeletingService#0] DEBUG block.SCMBlockDeletingService (DatanodeDeletedBlockTransactions.java:addTransactionToDN(50)) - Transaction added: c2c40a72-a699-49b1-b721-1997d9d2c71f <- TX(7)
2021-08-15 14:03:29,656 [SCMBlockDeletingService#0] DEBUG block.SCMBlockDeletingService (DatanodeDeletedBlockTransactions.java:addTransactionToDN(50)) - Transaction added: 0475d2c2-d46f-403e-95a5-8ff1a5c32338 <- TX(8)
2021-08-15 14:03:29,656 [SCMBlockDeletingService#0] DEBUG block.SCMBlockDeletingService (DatanodeDeletedBlockTransactions.java:addTransactionToDN(50)) - Transaction added: c2c40a72-a699-49b1-b721-1997d9d2c71f <- TX(8)
2021-08-15 14:03:29,656 [SCMBlockDeletingService#0] DEBUG block.SCMBlockDeletingService (DatanodeDeletedBlockTransactions.java:addTransactionToDN(50)) - Transaction added: 0475d2c2-d46f-403e-95a5-8ff1a5c32338 <- TX(9)
2021-08-15 14:03:29,656 [SCMBlockDeletingService#0] DEBUG block.SCMBlockDeletingService (DatanodeDeletedBlockTransactions.java:addTransactionToDN(50)) - Transaction added: c2c40a72-a699-49b1-b721-1997d9d2c71f <- TX(9)
2021-08-15 14:03:29,656 [SCMBlockDeletingService#0] DEBUG block.SCMBlockDeletingService (DatanodeDeletedBlockTransactions.java:addTransactionToDN(50)) - Transaction added: 0475d2c2-d46f-403e-95a5-8ff1a5c32338 <- TX(10)
2021-08-15 14:03:29,656 [SCMBlockDeletingService#0] DEBUG block.SCMBlockDeletingService (DatanodeDeletedBlockTransactions.java:addTransactionToDN(50)) - Transaction added: c2c40a72-a699-49b1-b721-1997d9d2c71f <- TX(10)
2021-08-15 14:03:29,656 [SCMBlockDeletingService#0] DEBUG block.SCMBlockDeletingService (DatanodeDeletedBlockTransactions.java:addTransactionToDN(50)) - Transaction added: 0475d2c2-d46f-403e-95a5-8ff1a5c32338 <- TX(11)
2021-08-15 14:03:29,656 [SCMBlockDeletingService#0] DEBUG block.SCMBlockDeletingService (DatanodeDeletedBlockTransactions.java:addTransactionToDN(50)) - Transaction added: c2c40a72-a699-49b1-b721-1997d9d2c71f <- TX(11)
2021-08-15 14:03:29,656 [SCMBlockDeletingService#0] DEBUG block.SCMBlockDeletingService (DatanodeDeletedBlockTransactions.java:addTransactionToDN(50)) - Transaction added: c2c40a72-a699-49b1-b721-1997d9d2c71f <- TX(12)
2021-08-15 14:03:29,656 [SCMBlockDeletingService#0] DEBUG block.SCMBlockDeletingService (DatanodeDeletedBlockTransactions.java:addTransactionToDN(50)) - Transaction added: 0475d2c2-d46f-403e-95a5-8ff1a5c32338 <- TX(12)
2021-08-15 14:03:29,656 [SCMBlockDeletingService#0] DEBUG block.SCMBlockDeletingService (DatanodeDeletedBlockTransactions.java:addTransactionToDN(50)) - Transaction added: c2c40a72-a699-49b1-b721-1997d9d2c71f <- TX(13)
2021-08-15 14:03:29,656 [SCMBlockDeletingService#0] DEBUG block.SCMBlockDeletingService (DatanodeDeletedBlockTransactions.java:addTransactionToDN(50)) - Transaction added: 0475d2c2-d46f-403e-95a5-8ff1a5c32338 <- TX(13)
2021-08-15 14:03:29,656 [SCMBlockDeletingService#0] DEBUG block.SCMBlockDeletingService (DatanodeDeletedBlockTransactions.java:addTransactionToDN(50)) - Transaction added: 0475d2c2-d46f-403e-95a5-8ff1a5c32338 <- TX(14)
2021-08-15 14:03:29,656 [SCMBlockDeletingService#0] DEBUG block.SCMBlockDeletingService (DatanodeDeletedBlockTransactions.java:addTransactionToDN(50)) - Transaction added: c2c40a72-a699-49b1-b721-1997d9d2c71f <- TX(14)
2021-08-15 14:03:29,656 [SCMBlockDeletingService#0] DEBUG block.SCMBlockDeletingService (DatanodeDeletedBlockTransactions.java:addTransactionToDN(50)) - Transaction added: c2c40a72-a699-49b1-b721-1997d9d2c71f <- TX(15)
2021-08-15 14:03:29,656 [SCMBlockDeletingService#0] DEBUG block.SCMBlockDeletingService (DatanodeDeletedBlockTransactions.java:addTransactionToDN(50)) - Transaction added: 0475d2c2-d46f-403e-95a5-8ff1a5c32338 <- TX(15)
2021-08-15 14:03:29,656 [SCMBlockDeletingService#0] DEBUG block.SCMBlockDeletingService (DatanodeDeletedBlockTransactions.java:addTransactionToDN(50)) - Transaction added: 0475d2c2-d46f-403e-95a5-8ff1a5c32338 <- TX(16)
2021-08-15 14:03:29,657 [SCMBlockDeletingService#0] DEBUG block.SCMBlockDeletingService (DatanodeDeletedBlockTransactions.java:addTransactionToDN(50)) - Transaction added: c2c40a72-a699-49b1-b721-1997d9d2c71f <- TX(16)
2021-08-15 14:03:29,657 [SCMBlockDeletingService#0] DEBUG block.SCMBlockDeletingService (DatanodeDeletedBlockTransactions.java:addTransactionToDN(50)) - Transaction added: 0475d2c2-d46f-403e-95a5-8ff1a5c32338 <- TX(17)
2021-08-15 14:03:29,657 [SCMBlockDeletingService#0] DEBUG block.SCMBlockDeletingService (DatanodeDeletedBlockTransactions.java:addTransactionToDN(50)) - Transaction added: c2c40a72-a699-49b1-b721-1997d9d2c71f <- TX(17)
2021-08-15 14:03:29,657 [SCMBlockDeletingService#0] DEBUG block.SCMBlockDeletingService (DatanodeDeletedBlockTransactions.java:addTransactionToDN(50)) - Transaction added: f89ecde1-abfa-4530-92e2-4a065b7725ea <- TX(17)
2021-08-15 14:03:29,657 [SCMBlockDeletingService#0] DEBUG block.SCMBlockDeletingService (DatanodeDeletedBlockTransactions.java:addTransactionToDN(50)) - Transaction added: 0475d2c2-d46f-403e-95a5-8ff1a5c32338 <- TX(18)
2021-08-15 14:03:29,657 [SCMBlockDeletingService#0] DEBUG block.SCMBlockDeletingService (DatanodeDeletedBlockTransactions.java:addTransactionToDN(50)) - Transaction added: c2c40a72-a699-49b1-b721-1997d9d2c71f <- TX(18)
2021-08-15 14:03:29,657 [SCMBlockDeletingService#0] DEBUG block.SCMBlockDeletingService (DatanodeDeletedBlockTransactions.java:addTransactionToDN(50)) - Transaction added: f89ecde1-abfa-4530-92e2-4a065b7725ea <- TX(18)
2021-08-15 14:03:29,657 [SCMBlockDeletingService#0] DEBUG block.SCMBlockDeletingService (DatanodeDeletedBlockTransactions.java:addTransactionToDN(50)) - Transaction added: 0475d2c2-d46f-403e-95a5-8ff1a5c32338 <- TX(19)
2021-08-15 14:03:29,657 [SCMBlockDeletingService#0] DEBUG block.SCMBlockDeletingService (DatanodeDeletedBlockTransactions.java:addTransactionToDN(50)) - Transaction added: c2c40a72-a699-49b1-b721-1997d9d2c71f <- TX(19)
2021-08-15 14:03:29,657 [SCMBlockDeletingService#0] DEBUG block.SCMBlockDeletingService (DatanodeDeletedBlockTransactions.java:addTransactionToDN(50)) - Transaction added: f89ecde1-abfa-4530-92e2-4a065b7725ea <- TX(19)
2021-08-15 14:03:29,657 [SCMBlockDeletingService#0] DEBUG block.SCMBlockDeletingService (DatanodeDeletedBlockTransactions.java:addTransactionToDN(50)) - Transaction added: f89ecde1-abfa-4530-92e2-4a065b7725ea <- TX(20)
2021-08-15 14:03:29,657 [SCMBlockDeletingService#0] DEBUG block.SCMBlockDeletingService (DatanodeDeletedBlockTransactions.java:addTransactionToDN(50)) - Transaction added: c2c40a72-a699-49b1-b721-1997d9d2c71f <- TX(20)
2021-08-15 14:03:29,657 [SCMBlockDeletingService#0] DEBUG block.SCMBlockDeletingService (DatanodeDeletedBlockTransactions.java:addTransactionToDN(50)) - Transaction added: 0475d2c2-d46f-403e-95a5-8ff1a5c32338 <- TX(20)
2021-08-15 14:03:29,657 [SCMBlockDeletingService#0] DEBUG block.SCMBlockDeletingService (DatanodeDeletedBlockTransactions.java:addTransactionToDN(50)) - Transaction added: c2c40a72-a699-49b1-b721-1997d9d2c71f <- TX(21)
2021-08-15 14:03:29,657 [SCMBlockDeletingService#0] DEBUG block.SCMBlockDeletingService (DatanodeDeletedBlockTransactions.java:addTransactionToDN(50)) - Transaction added: f89ecde1-abfa-4530-92e2-4a065b7725ea <- TX(21)
2021-08-15 14:03:29,657 [SCMBlockDeletingService#0] DEBUG block.SCMBlockDeletingService (DatanodeDeletedBlockTransactions.java:addTransactionToDN(50)) - Transaction added: 0475d2c2-d46f-403e-95a5-8ff1a5c32338 <- TX(21)
2021-08-15 14:03:29,657 [SCMBlockDeletingService#0] DEBUG block.SCMBlockDeletingService (DatanodeDeletedBlockTransactions.java:addTransactionToDN(50)) - Transaction added: c2c40a72-a699-49b1-b721-1997d9d2c71f <- TX(22)
2021-08-15 14:03:29,657 [SCMBlockDeletingService#0] DEBUG block.SCMBlockDeletingService (DatanodeDeletedBlockTransactions.java:addTransactionToDN(50)) - Transaction added: f89ecde1-abfa-4530-92e2-4a065b7725ea <- TX(22)
2021-08-15 14:03:29,657 [SCMBlockDeletingService#0] DEBUG block.SCMBlockDeletingService (DatanodeDeletedBlockTransactions.java:addTransactionToDN(50)) - Transaction added: 0475d2c2-d46f-403e-95a5-8ff1a5c32338 <- TX(22)
2021-08-15 14:03:29,657 [SCMBlockDeletingService#0] DEBUG block.SCMBlockDeletingService (DatanodeDeletedBlockTransactions.java:addTransactionToDN(50)) - Transaction added: f89ecde1-abfa-4530-92e2-4a065b7725ea <- TX(23)
2021-08-15 14:03:29,657 [SCMBlockDeletingService#0] DEBUG block.SCMBlockDeletingService (DatanodeDeletedBlockTransactions.java:addTransactionToDN(50)) - Transaction added: 0475d2c2-d46f-403e-95a5-8ff1a5c32338 <- TX(23)
2021-08-15 14:03:29,657 [SCMBlockDeletingService#0] DEBUG block.SCMBlockDeletingService (DatanodeDeletedBlockTransactions.java:addTransactionToDN(50)) - Transaction added: c2c40a72-a699-49b1-b721-1997d9d2c71f <- TX(23)
2021-08-15 14:03:29,657 [SCMBlockDeletingService#0] DEBUG block.SCMBlockDeletingService (DatanodeDeletedBlockTransactions.java:addTransactionToDN(50)) - Transaction added: 0475d2c2-d46f-403e-95a5-8ff1a5c32338 <- TX(24)
2021-08-15 14:03:29,657 [SCMBlockDeletingService#0] DEBUG block.SCMBlockDeletingService (DatanodeDeletedBlockTransactions.java:addTransactionToDN(50)) - Transaction added: f89ecde1-abfa-4530-92e2-4a065b7725ea <- TX(24)
2021-08-15 14:03:29,657 [SCMBlockDeletingService#0] DEBUG block.SCMBlockDeletingService (DatanodeDeletedBlockTransactions.java:addTransactionToDN(50)) - Transaction added: c2c40a72-a699-49b1-b721-1997d9d2c71f <- TX(24)
2021-08-15 14:03:29,657 [SCMBlockDeletingService#0] DEBUG block.SCMBlockDeletingService (DatanodeDeletedBlockTransactions.java:addTransactionToDN(50)) - Transaction added: 0475d2c2-d46f-403e-95a5-8ff1a5c32338 <- TX(25)
2021-08-15 14:03:29,657 [SCMBlockDeletingService#0] DEBUG block.SCMBlockDeletingService (DatanodeDeletedBlockTransactions.java:addTransactionToDN(50)) - Transaction added: c2c40a72-a699-49b1-b721-1997d9d2c71f <- TX(25)
2021-08-15 14:03:29,657 [SCMBlockDeletingService#0] DEBUG block.SCMBlockDeletingService (DatanodeDeletedBlockTransactions.java:addTransactionToDN(50)) - Transaction added: f89ecde1-abfa-4530-92e2-4a065b7725ea <- TX(25)
2021-08-15 14:03:29,657 [SCMBlockDeletingService#0] DEBUG block.SCMBlockDeletingService (SCMBlockDeletingService.java:call(164)) - Added delete block command for datanode c2c40a72-a699-49b1-b721-1997d9d2c71f in the queue, number of delete block transactions: 25
2021-08-15 14:03:29,657 [SCMBlockDeletingService#0] DEBUG block.SCMBlockDeletingService (SCMBlockDeletingService.java:call(164)) - Added delete block command for datanode 0475d2c2-d46f-403e-95a5-8ff1a5c32338 in the queue, number of delete block transactions: 25
2021-08-15 14:03:29,657 [SCMBlockDeletingService#0] DEBUG block.SCMBlockDeletingService (SCMBlockDeletingService.java:call(164)) - Added delete block command for datanode f89ecde1-abfa-4530-92e2-4a065b7725ea in the queue, number of delete block transactions: 9
2021-08-15 14:03:29,657 [SCMBlockDeletingService#0] INFO  block.SCMBlockDeletingService (SCMBlockDeletingService.java:call(174)) - Totally added 59 blocks to be deleted for 3 datanodes, task elapsed time: 2ms
2021-08-15 14:03:29,658 [pool-465-thread-7] INFO  keyvalue.KeyValueContainer (KeyValueContainer.java:flushAndSyncDB(397)) - Container 26 is synced with bcsId 407.
2021-08-15 14:03:29,658 [pool-465-thread-7] INFO  keyvalue.KeyValueContainer (KeyValueContainer.java:flushAndSyncDB(397)) - Container 26 is synced with bcsId 407.
2021-08-15 14:03:29,658 [pool-467-thread-3] INFO  keyvalue.KeyValueContainer (KeyValueContainer.java:close(334)) - Container 25 is closed with bcsId 391.
2021-08-15 14:03:29,662 [pool-465-thread-7] INFO  keyvalue.KeyValueContainer (KeyValueContainer.java:close(334)) - Container 26 is closed with bcsId 407.
2021-08-15 14:03:29,688 [pool-466-thread-3] INFO  keyvalue.KeyValueContainer (KeyValueContainer.java:flushAndSyncDB(397)) - Container 26 is synced with bcsId 407.
2021-08-15 14:03:29,688 [pool-466-thread-3] INFO  keyvalue.KeyValueContainer (KeyValueContainer.java:flushAndSyncDB(397)) - Container 26 is synced with bcsId 407.
2021-08-15 14:03:29,690 [pool-466-thread-3] INFO  keyvalue.KeyValueContainer (KeyValueContainer.java:close(334)) - Container 26 is closed with bcsId 407.
2021-08-15 14:03:29,697 [Datanode State Machine Thread - 0] WARN  statemachine.StateContext (StateContext.java:execute(621)) - No available thread in pool for past 0 seconds.
2021-08-15 14:03:29,698 [EventQueue-ContainerReportForContainerReportHandler] INFO  container.ContainerReportHandler (AbstractContainerReportHandler.java:updateContainerState(223)) - Moving container #26 to CLOSED state, datanode c2c40a72-a699-49b1-b721-1997d9d2c71f{ip: 10.1.0.17, host: fv-az184-677.3ow45vhwbzuu5incsxmygykede.cx.internal.cloudapp.net, ports: [REPLICATION=40199, RATIS=43041, RATIS_ADMIN=43041, RATIS_SERVER=43041, STANDALONE=37757], networkLocation: /default-rack, certSerialId: null, persistedOpState: IN_SERVICE, persistedOpStateExpiryEpochSec: 0} reported CLOSED replica.
2021-08-15 14:03:29,706 [Datanode State Machine Thread - 0] WARN  statemachine.StateContext (StateContext.java:execute(621)) - No available thread in pool for past 0 seconds.
2021-08-15 14:03:29,707 [Datanode State Machine Thread - 0] WARN  statemachine.StateContext (StateContext.java:execute(621)) - No available thread in pool for past 0 seconds.
2021-08-15 14:03:29,709 [Datanode State Machine Thread - 0] WARN  statemachine.StateContext (StateContext.java:execute(621)) - No available thread in pool for past 0 seconds.
2021-08-15 14:03:29,709 [pool-467-thread-1] INFO  keyvalue.KeyValueContainer (KeyValueContainer.java:flushAndSyncDB(397)) - Container 26 is synced with bcsId 407.
2021-08-15 14:03:29,709 [pool-467-thread-1] INFO  keyvalue.KeyValueContainer (KeyValueContainer.java:flushAndSyncDB(397)) - Container 26 is synced with bcsId 407.
2021-08-15 14:03:29,722 [pool-467-thread-1] INFO  keyvalue.KeyValueContainer (KeyValueContainer.java:close(334)) - Container 26 is closed with bcsId 407.
2021-08-15 14:03:29,738 [Listener at 127.0.0.1/41905] WARN  commandhandler.TestBlockDeletion (TestBlockDeletion.java:lambda$testBlockDeletion$3(251)) - Verify blocks deletion failed
java.lang.AssertionError: expected null, but was:<[blockId=conID: 1 locID: 107544261427200001 bcsId: 17, size=4194304]>
	at org.junit.Assert.fail(Assert.java:89)
	at org.junit.Assert.failNotNull(Assert.java:756)
	at org.junit.Assert.assertNull(Assert.java:738)
	at org.junit.Assert.assertNull(Assert.java:748)
	at org.apache.hadoop.ozone.container.common.statemachine.commandhandler.TestBlockDeletion.lambda$verifyBlocksDeleted$15(TestBlockDeletion.java:453)
	at org.apache.hadoop.ozone.OzoneTestUtils.performOperationOnKeyContainers(OzoneTestUtils.java:133)
	at org.apache.hadoop.ozone.container.common.statemachine.commandhandler.TestBlockDeletion.verifyBlocksDeleted(TestBlockDeletion.java:442)
	at org.apache.hadoop.ozone.container.common.statemachine.commandhandler.TestBlockDeletion.lambda$testBlockDeletion$3(TestBlockDeletion.java:248)
	at org.apache.ozone.test.GenericTestUtils.waitFor(GenericTestUtils.java:215)
	at org.apache.hadoop.ozone.container.common.statemachine.commandhandler.TestBlockDeletion.testBlockDeletion(TestBlockDeletion.java:246)
	at sun.reflect.NativeMethodAccessorImpl.invoke0(Native Method)
	at sun.reflect.NativeMethodAccessorImpl.invoke(NativeMethodAccessorImpl.java:62)
	at sun.reflect.DelegatingMethodAccessorImpl.invoke(DelegatingMethodAccessorImpl.java:43)
	at java.lang.reflect.Method.invoke(Method.java:498)
	at org.junit.runners.model.FrameworkMethod$1.runReflectiveCall(FrameworkMethod.java:59)
	at org.junit.internal.runners.model.ReflectiveCallable.run(ReflectiveCallable.java:12)
	at org.junit.runners.model.FrameworkMethod.invokeExplosively(FrameworkMethod.java:56)
	at org.junit.internal.runners.statements.InvokeMethod.evaluate(InvokeMethod.java:17)
	at org.junit.internal.runners.statements.RunBefores.evaluate(RunBefores.java:26)
	at org.junit.internal.runners.statements.RunAfters.evaluate(RunAfters.java:27)
	at org.junit.runners.ParentRunner$3.evaluate(ParentRunner.java:306)
	at org.junit.runners.BlockJUnit4ClassRunner$1.evaluate(BlockJUnit4ClassRunner.java:100)
	at org.junit.runners.ParentRunner.runLeaf(ParentRunner.java:366)
	at org.junit.runners.BlockJUnit4ClassRunner.runChild(BlockJUnit4ClassRunner.java:103)
	at org.junit.runners.BlockJUnit4ClassRunner.runChild(BlockJUnit4ClassRunner.java:63)
	at org.junit.runners.ParentRunner$4.run(ParentRunner.java:331)
	at org.junit.runners.ParentRunner$1.schedule(ParentRunner.java:79)
	at org.junit.runners.ParentRunner.runChildren(ParentRunner.java:329)
	at org.junit.runners.ParentRunner.access$100(ParentRunner.java:66)
	at org.junit.runners.ParentRunner$2.evaluate(ParentRunner.java:293)
	at org.junit.runners.ParentRunner$3.evaluate(ParentRunner.java:306)
	at org.junit.runners.ParentRunner.run(ParentRunner.java:413)
	at org.junit.runner.JUnitCore.run(JUnitCore.java:137)
	at org.junit.runner.JUnitCore.run(JUnitCore.java:115)
	at org.junit.vintage.engine.execution.RunnerExecutor.execute(RunnerExecutor.java:43)
	at java.util.stream.ForEachOps$ForEachOp$OfRef.accept(ForEachOps.java:183)
	at java.util.stream.ReferencePipeline$3$1.accept(ReferencePipeline.java:193)
	at java.util.Iterator.forEachRemaining(Iterator.java:116)
	at java.util.Spliterators$IteratorSpliterator.forEachRemaining(Spliterators.java:1801)
	at java.util.stream.AbstractPipeline.copyInto(AbstractPipeline.java:482)
	at java.util.stream.AbstractPipeline.wrapAndCopyInto(AbstractPipeline.java:472)
	at java.util.stream.ForEachOps$ForEachOp.evaluateSequential(ForEachOps.java:150)
	at java.util.stream.ForEachOps$ForEachOp$OfRef.evaluateSequential(ForEachOps.java:173)
	at java.util.stream.AbstractPipeline.evaluate(AbstractPipeline.java:234)
	at java.util.stream.ReferencePipeline.forEach(ReferencePipeline.java:485)
	at org.junit.vintage.engine.VintageTestEngine.executeAllChildren(VintageTestEngine.java:82)
	at org.junit.vintage.engine.VintageTestEngine.execute(VintageTestEngine.java:73)
	at org.junit.platform.launcher.core.EngineExecutionOrchestrator.execute(EngineExecutionOrchestrator.java:108)
	at org.junit.platform.launcher.core.EngineExecutionOrchestrator.execute(EngineExecutionOrchestrator.java:88)
	at org.junit.platform.launcher.core.EngineExecutionOrchestrator.lambda$execute$0(EngineExecutionOrchestrator.java:54)
	at org.junit.platform.launcher.core.EngineExecutionOrchestrator.withInterceptedStreams(EngineExecutionOrchestrator.java:67)
	at org.junit.platform.launcher.core.EngineExecutionOrchestrator.execute(EngineExecutionOrchestrator.java:52)
	at org.junit.platform.launcher.core.DefaultLauncher.execute(DefaultLauncher.java:96)
	at org.junit.platform.launcher.core.DefaultLauncher.execute(DefaultLauncher.java:75)
	at org.apache.maven.surefire.junitplatform.JUnitPlatformProvider.invokeAllTests(JUnitPlatformProvider.java:142)
	at org.apache.maven.surefire.junitplatform.JUnitPlatformProvider.invoke(JUnitPlatformProvider.java:113)
	at org.apache.maven.surefire.booter.ForkedBooter.invokeProviderInSameClassLoader(ForkedBooter.java:384)
	at org.apache.maven.surefire.booter.ForkedBooter.runSuitesInProcess(ForkedBooter.java:345)
	at org.apache.maven.surefire.booter.ForkedBooter.execute(ForkedBooter.java:126)
	at org.apache.maven.surefire.booter.ForkedBooter.main(ForkedBooter.java:418)
2021-08-15 14:03:29,770 [SCMBlockDeletingService#0] DEBUG block.SCMBlockDeletingService (SCMBlockDeletingService.java:call(133)) - Running DeletedBlockTransactionScanner
2021-08-15 14:03:29,770 [SCMBlockDeletingService#0] DEBUG block.SCMBlockDeletingService (DatanodeDeletedBlockTransactions.java:addTransactionToDN(50)) - Transaction added: 0475d2c2-d46f-403e-95a5-8ff1a5c32338 <- TX(1)
2021-08-15 14:03:29,770 [SCMBlockDeletingService#0] DEBUG block.SCMBlockDeletingService (DatanodeDeletedBlockTransactions.java:addTransactionToDN(50)) - Transaction added: c2c40a72-a699-49b1-b721-1997d9d2c71f <- TX(1)
2021-08-15 14:03:29,770 [SCMBlockDeletingService#0] DEBUG block.SCMBlockDeletingService (DatanodeDeletedBlockTransactions.java:addTransactionToDN(50)) - Transaction added: 0475d2c2-d46f-403e-95a5-8ff1a5c32338 <- TX(2)
2021-08-15 14:03:29,770 [SCMBlockDeletingService#0] DEBUG block.SCMBlockDeletingService (DatanodeDeletedBlockTransactions.java:addTransactionToDN(50)) - Transaction added: c2c40a72-a699-49b1-b721-1997d9d2c71f <- TX(2)
2021-08-15 14:03:29,770 [SCMBlockDeletingService#0] DEBUG block.SCMBlockDeletingService (DatanodeDeletedBlockTransactions.java:addTransactionToDN(50)) - Transaction added: 0475d2c2-d46f-403e-95a5-8ff1a5c32338 <- TX(3)
2021-08-15 14:03:29,770 [SCMBlockDeletingService#0] DEBUG block.SCMBlockDeletingService (DatanodeDeletedBlockTransactions.java:addTransactionToDN(50)) - Transaction added: c2c40a72-a699-49b1-b721-1997d9d2c71f <- TX(3)
2021-08-15 14:03:29,770 [SCMBlockDeletingService#0] DEBUG block.SCMBlockDeletingService (DatanodeDeletedBlockTransactions.java:addTransactionToDN(50)) - Transaction added: c2c40a72-a699-49b1-b721-1997d9d2c71f <- TX(4)
2021-08-15 14:03:29,770 [SCMBlockDeletingService#0] DEBUG block.SCMBlockDeletingService (DatanodeDeletedBlockTransactions.java:addTransactionToDN(50)) - Transaction added: 0475d2c2-d46f-403e-95a5-8ff1a5c32338 <- TX(4)
2021-08-15 14:03:29,770 [SCMBlockDeletingService#0] DEBUG block.SCMBlockDeletingService (DatanodeDeletedBlockTransactions.java:addTransactionToDN(50)) - Transaction added: c2c40a72-a699-49b1-b721-1997d9d2c71f <- TX(5)
2021-08-15 14:03:29,770 [SCMBlockDeletingService#0] DEBUG block.SCMBlockDeletingService (DatanodeDeletedBlockTransactions.java:addTransactionToDN(50)) - Transaction added: 0475d2c2-d46f-403e-95a5-8ff1a5c32338 <- TX(5)
2021-08-15 14:03:29,770 [SCMBlockDeletingService#0] DEBUG block.SCMBlockDeletingService (DatanodeDeletedBlockTransactions.java:addTransactionToDN(50)) - Transaction added: c2c40a72-a699-49b1-b721-1997d9d2c71f <- TX(6)
2021-08-15 14:03:29,770 [SCMBlockDeletingService#0] DEBUG block.SCMBlockDeletingService (DatanodeDeletedBlockTransactions.java:addTransactionToDN(50)) - Transaction added: 0475d2c2-d46f-403e-95a5-8ff1a5c32338 <- TX(6)
2021-08-15 14:03:29,770 [SCMBlockDeletingService#0] DEBUG block.SCMBlockDeletingService (DatanodeDeletedBlockTransactions.java:addTransactionToDN(50)) - Transaction added: 0475d2c2-d46f-403e-95a5-8ff1a5c32338 <- TX(7)
2021-08-15 14:03:29,770 [SCMBlockDeletingService#0] DEBUG block.SCMBlockDeletingService (DatanodeDeletedBlockTransactions.java:addTransactionToDN(50)) - Transaction added: c2c40a72-a699-49b1-b721-1997d9d2c71f <- TX(7)
2021-08-15 14:03:29,771 [SCMBlockDeletingService#0] DEBUG block.SCMBlockDeletingService (DatanodeDeletedBlockTransactions.java:addTransactionToDN(50)) - Transaction added: 0475d2c2-d46f-403e-95a5-8ff1a5c32338 <- TX(8)
2021-08-15 14:03:29,771 [SCMBlockDeletingService#0] DEBUG block.SCMBlockDeletingService (DatanodeDeletedBlockTransactions.java:addTransactionToDN(50)) - Transaction added: c2c40a72-a699-49b1-b721-1997d9d2c71f <- TX(8)
2021-08-15 14:03:29,771 [SCMBlockDeletingService#0] DEBUG block.SCMBlockDeletingService (DatanodeDeletedBlockTransactions.java:addTransactionToDN(50)) - Transaction added: 0475d2c2-d46f-403e-95a5-8ff1a5c32338 <- TX(9)
2021-08-15 14:03:29,771 [SCMBlockDeletingService#0] DEBUG block.SCMBlockDeletingService (DatanodeDeletedBlockTransactions.java:addTransactionToDN(50)) - Transaction added: c2c40a72-a699-49b1-b721-1997d9d2c71f <- TX(9)
2021-08-15 14:03:29,771 [SCMBlockDeletingService#0] DEBUG block.SCMBlockDeletingService (DatanodeDeletedBlockTransactions.java:addTransactionToDN(50)) - Transaction added: 0475d2c2-d46f-403e-95a5-8ff1a5c32338 <- TX(10)
2021-08-15 14:03:29,771 [SCMBlockDeletingService#0] DEBUG block.SCMBlockDeletingService (DatanodeDeletedBlockTransactions.java:addTransactionToDN(50)) - Transaction added: c2c40a72-a699-49b1-b721-1997d9d2c71f <- TX(10)
2021-08-15 14:03:29,771 [SCMBlockDeletingService#0] DEBUG block.SCMBlockDeletingService (DatanodeDeletedBlockTransactions.java:addTransactionToDN(50)) - Transaction added: 0475d2c2-d46f-403e-95a5-8ff1a5c32338 <- TX(11)
2021-08-15 14:03:29,771 [SCMBlockDeletingService#0] DEBUG block.SCMBlockDeletingService (DatanodeDeletedBlockTransactions.java:addTransactionToDN(50)) - Transaction added: c2c40a72-a699-49b1-b721-1997d9d2c71f <- TX(11)
2021-08-15 14:03:29,771 [SCMBlockDeletingService#0] DEBUG block.SCMBlockDeletingService (DatanodeDeletedBlockTransactions.java:addTransactionToDN(50)) - Transaction added: c2c40a72-a699-49b1-b721-1997d9d2c71f <- TX(12)
2021-08-15 14:03:29,771 [SCMBlockDeletingService#0] DEBUG block.SCMBlockDeletingService (DatanodeDeletedBlockTransactions.java:addTransactionToDN(50)) - Transaction added: 0475d2c2-d46f-403e-95a5-8ff1a5c32338 <- TX(12)
2021-08-15 14:03:29,771 [SCMBlockDeletingService#0] DEBUG block.SCMBlockDeletingService (DatanodeDeletedBlockTransactions.java:addTransactionToDN(50)) - Transaction added: c2c40a72-a699-49b1-b721-1997d9d2c71f <- TX(13)
2021-08-15 14:03:29,771 [SCMBlockDeletingService#0] DEBUG block.SCMBlockDeletingService (DatanodeDeletedBlockTransactions.java:addTransactionToDN(50)) - Transaction added: 0475d2c2-d46f-403e-95a5-8ff1a5c32338 <- TX(13)
2021-08-15 14:03:29,771 [SCMBlockDeletingService#0] DEBUG block.SCMBlockDeletingService (DatanodeDeletedBlockTransactions.java:addTransactionToDN(50)) - Transaction added: 0475d2c2-d46f-403e-95a5-8ff1a5c32338 <- TX(14)
2021-08-15 14:03:29,771 [SCMBlockDeletingService#0] DEBUG block.SCMBlockDeletingService (DatanodeDeletedBlockTransactions.java:addTransactionToDN(50)) - Transaction added: c2c40a72-a699-49b1-b721-1997d9d2c71f <- TX(14)
2021-08-15 14:03:29,771 [SCMBlockDeletingService#0] DEBUG block.SCMBlockDeletingService (DatanodeDeletedBlockTransactions.java:addTransactionToDN(50)) - Transaction added: c2c40a72-a699-49b1-b721-1997d9d2c71f <- TX(15)
2021-08-15 14:03:29,771 [SCMBlockDeletingService#0] DEBUG block.SCMBlockDeletingService (DatanodeDeletedBlockTransactions.java:addTransactionToDN(50)) - Transaction added: 0475d2c2-d46f-403e-95a5-8ff1a5c32338 <- TX(15)
2021-08-15 14:03:29,771 [SCMBlockDeletingService#0] DEBUG block.SCMBlockDeletingService (DatanodeDeletedBlockTransactions.java:addTransactionToDN(50)) - Transaction added: 0475d2c2-d46f-403e-95a5-8ff1a5c32338 <- TX(16)
2021-08-15 14:03:29,771 [SCMBlockDeletingService#0] DEBUG block.SCMBlockDeletingService (DatanodeDeletedBlockTransactions.java:addTransactionToDN(50)) - Transaction added: c2c40a72-a699-49b1-b721-1997d9d2c71f <- TX(16)
2021-08-15 14:03:29,771 [SCMBlockDeletingService#0] DEBUG block.SCMBlockDeletingService (DatanodeDeletedBlockTransactions.java:addTransactionToDN(50)) - Transaction added: 0475d2c2-d46f-403e-95a5-8ff1a5c32338 <- TX(17)
2021-08-15 14:03:29,771 [SCMBlockDeletingService#0] DEBUG block.SCMBlockDeletingService (DatanodeDeletedBlockTransactions.java:addTransactionToDN(50)) - Transaction added: c2c40a72-a699-49b1-b721-1997d9d2c71f <- TX(17)
2021-08-15 14:03:29,771 [SCMBlockDeletingService#0] DEBUG block.SCMBlockDeletingService (DatanodeDeletedBlockTransactions.java:addTransactionToDN(50)) - Transaction added: f89ecde1-abfa-4530-92e2-4a065b7725ea <- TX(17)
2021-08-15 14:03:29,771 [SCMBlockDeletingService#0] DEBUG block.SCMBlockDeletingService (DatanodeDeletedBlockTransactions.java:addTransactionToDN(50)) - Transaction added: 0475d2c2-d46f-403e-95a5-8ff1a5c32338 <- TX(18)
2021-08-15 14:03:29,771 [SCMBlockDeletingService#0] DEBUG block.SCMBlockDeletingService (DatanodeDeletedBlockTransactions.java:addTransactionToDN(50)) - Transaction added: c2c40a72-a699-49b1-b721-1997d9d2c71f <- TX(18)
2021-08-15 14:03:29,771 [SCMBlockDeletingService#0] DEBUG block.SCMBlockDeletingService (DatanodeDeletedBlockTransactions.java:addTransactionToDN(50)) - Transaction added: f89ecde1-abfa-4530-92e2-4a065b7725ea <- TX(18)
2021-08-15 14:03:29,771 [SCMBlockDeletingService#0] DEBUG block.SCMBlockDeletingService (DatanodeDeletedBlockTransactions.java:addTransactionToDN(50)) - Transaction added: 0475d2c2-d46f-403e-95a5-8ff1a5c32338 <- TX(19)
2021-08-15 14:03:29,771 [SCMBlockDeletingService#0] DEBUG block.SCMBlockDeletingService (DatanodeDeletedBlockTransactions.java:addTransactionToDN(50)) - Transaction added: c2c40a72-a699-49b1-b721-1997d9d2c71f <- TX(19)
2021-08-15 14:03:29,771 [SCMBlockDeletingService#0] DEBUG block.SCMBlockDeletingService (DatanodeDeletedBlockTransactions.java:addTransactionToDN(50)) - Transaction added: f89ecde1-abfa-4530-92e2-4a065b7725ea <- TX(19)
2021-08-15 14:03:29,771 [SCMBlockDeletingService#0] DEBUG block.SCMBlockDeletingService (DatanodeDeletedBlockTransactions.java:addTransactionToDN(50)) - Transaction added: f89ecde1-abfa-4530-92e2-4a065b7725ea <- TX(20)
2021-08-15 14:03:29,771 [SCMBlockDeletingService#0] DEBUG block.SCMBlockDeletingService (DatanodeDeletedBlockTransactions.java:addTransactionToDN(50)) - Transaction added: c2c40a72-a699-49b1-b721-1997d9d2c71f <- TX(20)
2021-08-15 14:03:29,771 [SCMBlockDeletingService#0] DEBUG block.SCMBlockDeletingService (DatanodeDeletedBlockTransactions.java:addTransactionToDN(50)) - Transaction added: 0475d2c2-d46f-403e-95a5-8ff1a5c32338 <- TX(20)
2021-08-15 14:03:29,771 [SCMBlockDeletingService#0] DEBUG block.SCMBlockDeletingService (DatanodeDeletedBlockTransactions.java:addTransactionToDN(50)) - Transaction added: c2c40a72-a699-49b1-b721-1997d9d2c71f <- TX(21)
2021-08-15 14:03:29,771 [SCMBlockDeletingService#0] DEBUG block.SCMBlockDeletingService (DatanodeDeletedBlockTransactions.java:addTransactionToDN(50)) - Transaction added: f89ecde1-abfa-4530-92e2-4a065b7725ea <- TX(21)
2021-08-15 14:03:29,771 [SCMBlockDeletingService#0] DEBUG block.SCMBlockDeletingService (DatanodeDeletedBlockTransactions.java:addTransactionToDN(50)) - Transaction added: 0475d2c2-d46f-403e-95a5-8ff1a5c32338 <- TX(21)
2021-08-15 14:03:29,772 [SCMBlockDeletingService#0] DEBUG block.SCMBlockDeletingService (DatanodeDeletedBlockTransactions.java:addTransactionToDN(50)) - Transaction added: c2c40a72-a699-49b1-b721-1997d9d2c71f <- TX(22)
2021-08-15 14:03:29,772 [SCMBlockDeletingService#0] DEBUG block.SCMBlockDeletingService (DatanodeDeletedBlockTransactions.java:addTransactionToDN(50)) - Transaction added: f89ecde1-abfa-4530-92e2-4a065b7725ea <- TX(22)
2021-08-15 14:03:29,772 [SCMBlockDeletingService#0] DEBUG block.SCMBlockDeletingService (DatanodeDeletedBlockTransactions.java:addTransactionToDN(50)) - Transaction added: 0475d2c2-d46f-403e-95a5-8ff1a5c32338 <- TX(22)
2021-08-15 14:03:29,772 [SCMBlockDeletingService#0] DEBUG block.SCMBlockDeletingService (DatanodeDeletedBlockTransactions.java:addTransactionToDN(50)) - Transaction added: f89ecde1-abfa-4530-92e2-4a065b7725ea <- TX(23)
2021-08-15 14:03:29,772 [SCMBlockDeletingService#0] DEBUG block.SCMBlockDeletingService (DatanodeDeletedBlockTransactions.java:addTransactionToDN(50)) - Transaction added: 0475d2c2-d46f-403e-95a5-8ff1a5c32338 <- TX(23)
2021-08-15 14:03:29,772 [SCMBlockDeletingService#0] DEBUG block.SCMBlockDeletingService (DatanodeDeletedBlockTransactions.java:addTransactionToDN(50)) - Transaction added: c2c40a72-a699-49b1-b721-1997d9d2c71f <- TX(23)
2021-08-15 14:03:29,772 [SCMBlockDeletingService#0] DEBUG block.SCMBlockDeletingService (DatanodeDeletedBlockTransactions.java:addTransactionToDN(50)) - Transaction added: 0475d2c2-d46f-403e-95a5-8ff1a5c32338 <- TX(24)
2021-08-15 14:03:29,772 [SCMBlockDeletingService#0] DEBUG block.SCMBlockDeletingService (DatanodeDeletedBlockTransactions.java:addTransactionToDN(50)) - Transaction added: f89ecde1-abfa-4530-92e2-4a065b7725ea <- TX(24)
2021-08-15 14:03:29,772 [SCMBlockDeletingService#0] DEBUG block.SCMBlockDeletingService (DatanodeDeletedBlockTransactions.java:addTransactionToDN(50)) - Transaction added: c2c40a72-a699-49b1-b721-1997d9d2c71f <- TX(24)
2021-08-15 14:03:29,772 [SCMBlockDeletingService#0] DEBUG block.SCMBlockDeletingService (DatanodeDeletedBlockTransactions.java:addTransactionToDN(50)) - Transaction added: 0475d2c2-d46f-403e-95a5-8ff1a5c32338 <- TX(25)
2021-08-15 14:03:29,772 [SCMBlockDeletingService#0] DEBUG block.SCMBlockDeletingService (DatanodeDeletedBlockTransactions.java:addTransactionToDN(50)) - Transaction added: c2c40a72-a699-49b1-b721-1997d9d2c71f <- TX(25)
2021-08-15 14:03:29,772 [SCMBlockDeletingService#0] DEBUG block.SCMBlockDeletingService (DatanodeDeletedBlockTransactions.java:addTransactionToDN(50)) - Transaction added: f89ecde1-abfa-4530-92e2-4a065b7725ea <- TX(25)
2021-08-15 14:03:29,772 [SCMBlockDeletingService#0] DEBUG block.SCMBlockDeletingService (DatanodeDeletedBlockTransactions.java:addTransactionToDN(50)) - Transaction added: 0475d2c2-d46f-403e-95a5-8ff1a5c32338 <- TX(26)
2021-08-15 14:03:29,772 [SCMBlockDeletingService#0] DEBUG block.SCMBlockDeletingService (DatanodeDeletedBlockTransactions.java:addTransactionToDN(50)) - Transaction added: c2c40a72-a699-49b1-b721-1997d9d2c71f <- TX(26)
2021-08-15 14:03:29,772 [SCMBlockDeletingService#0] DEBUG block.SCMBlockDeletingService (DatanodeDeletedBlockTransactions.java:addTransactionToDN(50)) - Transaction added: f89ecde1-abfa-4530-92e2-4a065b7725ea <- TX(26)
2021-08-15 14:03:29,772 [SCMBlockDeletingService#0] DEBUG block.SCMBlockDeletingService (SCMBlockDeletingService.java:call(164)) - Added delete block command for datanode c2c40a72-a699-49b1-b721-1997d9d2c71f in the queue, number of delete block transactions: 26
2021-08-15 14:03:29,772 [SCMBlockDeletingService#0] DEBUG block.SCMBlockDeletingService (SCMBlockDeletingService.java:call(164)) - Added delete block command for datanode 0475d2c2-d46f-403e-95a5-8ff1a5c32338 in the queue, number of delete block transactions: 26
2021-08-15 14:03:29,772 [SCMBlockDeletingService#0] DEBUG block.SCMBlockDeletingService (SCMBlockDeletingService.java:call(164)) - Added delete block command for datanode f89ecde1-abfa-4530-92e2-4a065b7725ea in the queue, number of delete block transactions: 10
2021-08-15 14:03:29,772 [SCMBlockDeletingService#0] INFO  block.SCMBlockDeletingService (SCMBlockDeletingService.java:call(174)) - Totally added 62 blocks to be deleted for 3 datanodes, task elapsed time: 2ms
2021-08-15 14:03:29,871 [SCMBlockDeletingService#0] DEBUG block.SCMBlockDeletingService (SCMBlockDeletingService.java:call(133)) - Running DeletedBlockTransactionScanner
2021-08-15 14:03:29,871 [SCMBlockDeletingService#0] DEBUG block.SCMBlockDeletingService (DatanodeDeletedBlockTransactions.java:addTransactionToDN(50)) - Transaction added: 0475d2c2-d46f-403e-95a5-8ff1a5c32338 <- TX(1)
2021-08-15 14:03:29,871 [SCMBlockDeletingService#0] DEBUG block.SCMBlockDeletingService (DatanodeDeletedBlockTransactions.java:addTransactionToDN(50)) - Transaction added: c2c40a72-a699-49b1-b721-1997d9d2c71f <- TX(1)
2021-08-15 14:03:29,871 [SCMBlockDeletingService#0] DEBUG block.SCMBlockDeletingService (DatanodeDeletedBlockTransactions.java:addTransactionToDN(50)) - Transaction added: 0475d2c2-d46f-403e-95a5-8ff1a5c32338 <- TX(2)
2021-08-15 14:03:29,871 [SCMBlockDeletingService#0] DEBUG block.SCMBlockDeletingService (DatanodeDeletedBlockTransactions.java:addTransactionToDN(50)) - Transaction added: c2c40a72-a699-49b1-b721-1997d9d2c71f <- TX(2)
2021-08-15 14:03:29,871 [SCMBlockDeletingService#0] DEBUG block.SCMBlockDeletingService (DatanodeDeletedBlockTransactions.java:addTransactionToDN(50)) - Transaction added: 0475d2c2-d46f-403e-95a5-8ff1a5c32338 <- TX(3)
2021-08-15 14:03:29,871 [SCMBlockDeletingService#0] DEBUG block.SCMBlockDeletingService (DatanodeDeletedBlockTransactions.java:addTransactionToDN(50)) - Transaction added: c2c40a72-a699-49b1-b721-1997d9d2c71f <- TX(3)
2021-08-15 14:03:29,871 [SCMBlockDeletingService#0] DEBUG block.SCMBlockDeletingService (DatanodeDeletedBlockTransactions.java:addTransactionToDN(50)) - Transaction added: c2c40a72-a699-49b1-b721-1997d9d2c71f <- TX(4)
2021-08-15 14:03:29,871 [SCMBlockDeletingService#0] DEBUG block.SCMBlockDeletingService (DatanodeDeletedBlockTransactions.java:addTransactionToDN(50)) - Transaction added: 0475d2c2-d46f-403e-95a5-8ff1a5c32338 <- TX(4)
2021-08-15 14:03:29,871 [SCMBlockDeletingService#0] DEBUG block.SCMBlockDeletingService (DatanodeDeletedBlockTransactions.java:addTransactionToDN(50)) - Transaction added: c2c40a72-a699-49b1-b721-1997d9d2c71f <- TX(5)
2021-08-15 14:03:29,871 [SCMBlockDeletingService#0] DEBUG block.SCMBlockDeletingService (DatanodeDeletedBlockTransactions.java:addTransactionToDN(50)) - Transaction added: 0475d2c2-d46f-403e-95a5-8ff1a5c32338 <- TX(5)
2021-08-15 14:03:29,872 [SCMBlockDeletingService#0] DEBUG block.SCMBlockDeletingService (DatanodeDeletedBlockTransactions.java:addTransactionToDN(50)) - Transaction added: c2c40a72-a699-49b1-b721-1997d9d2c71f <- TX(6)
2021-08-15 14:03:29,872 [SCMBlockDeletingService#0] DEBUG block.SCMBlockDeletingService (DatanodeDeletedBlockTransactions.java:addTransactionToDN(50)) - Transaction added: 0475d2c2-d46f-403e-95a5-8ff1a5c32338 <- TX(6)
2021-08-15 14:03:29,872 [SCMBlockDeletingService#0] DEBUG block.SCMBlockDeletingService (DatanodeDeletedBlockTransactions.java:addTransactionToDN(50)) - Transaction added: 0475d2c2-d46f-403e-95a5-8ff1a5c32338 <- TX(7)
2021-08-15 14:03:29,872 [SCMBlockDeletingService#0] DEBUG block.SCMBlockDeletingService (DatanodeDeletedBlockTransactions.java:addTransactionToDN(50)) - Transaction added: c2c40a72-a699-49b1-b721-1997d9d2c71f <- TX(7)
2021-08-15 14:03:29,872 [SCMBlockDeletingService#0] DEBUG block.SCMBlockDeletingService (DatanodeDeletedBlockTransactions.java:addTransactionToDN(50)) - Transaction added: 0475d2c2-d46f-403e-95a5-8ff1a5c32338 <- TX(8)
2021-08-15 14:03:29,872 [SCMBlockDeletingService#0] DEBUG block.SCMBlockDeletingService (DatanodeDeletedBlockTransactions.java:addTransactionToDN(50)) - Transaction added: c2c40a72-a699-49b1-b721-1997d9d2c71f <- TX(8)
2021-08-15 14:03:29,872 [SCMBlockDeletingService#0] DEBUG block.SCMBlockDeletingService (DatanodeDeletedBlockTransactions.java:addTransactionToDN(50)) - Transaction added: 0475d2c2-d46f-403e-95a5-8ff1a5c32338 <- TX(9)
2021-08-15 14:03:29,872 [SCMBlockDeletingService#0] DEBUG block.SCMBlockDeletingService (DatanodeDeletedBlockTransactions.java:addTransactionToDN(50)) - Transaction added: c2c40a72-a699-49b1-b721-1997d9d2c71f <- TX(9)
2021-08-15 14:03:29,872 [SCMBlockDeletingService#0] DEBUG block.SCMBlockDeletingService (DatanodeDeletedBlockTransactions.java:addTransactionToDN(50)) - Transaction added: 0475d2c2-d46f-403e-95a5-8ff1a5c32338 <- TX(10)
2021-08-15 14:03:29,872 [SCMBlockDeletingService#0] DEBUG block.SCMBlockDeletingService (DatanodeDeletedBlockTransactions.java:addTransactionToDN(50)) - Transaction added: c2c40a72-a699-49b1-b721-1997d9d2c71f <- TX(10)
2021-08-15 14:03:29,872 [SCMBlockDeletingService#0] DEBUG block.SCMBlockDeletingService (DatanodeDeletedBlockTransactions.java:addTransactionToDN(50)) - Transaction added: 0475d2c2-d46f-403e-95a5-8ff1a5c32338 <- TX(11)
2021-08-15 14:03:29,872 [SCMBlockDeletingService#0] DEBUG block.SCMBlockDeletingService (DatanodeDeletedBlockTransactions.java:addTransactionToDN(50)) - Transaction added: c2c40a72-a699-49b1-b721-1997d9d2c71f <- TX(11)
2021-08-15 14:03:29,872 [SCMBlockDeletingService#0] DEBUG block.SCMBlockDeletingService (DatanodeDeletedBlockTransactions.java:addTransactionToDN(50)) - Transaction added: c2c40a72-a699-49b1-b721-1997d9d2c71f <- TX(12)
2021-08-15 14:03:29,872 [SCMBlockDeletingService#0] DEBUG block.SCMBlockDeletingService (DatanodeDeletedBlockTransactions.java:addTransactionToDN(50)) - Transaction added: 0475d2c2-d46f-403e-95a5-8ff1a5c32338 <- TX(12)
2021-08-15 14:03:29,872 [SCMBlockDeletingService#0] DEBUG block.SCMBlockDeletingService (DatanodeDeletedBlockTransactions.java:addTransactionToDN(50)) - Transaction added: c2c40a72-a699-49b1-b721-1997d9d2c71f <- TX(13)
2021-08-15 14:03:29,872 [SCMBlockDeletingService#0] DEBUG block.SCMBlockDeletingService (DatanodeDeletedBlockTransactions.java:addTransactionToDN(50)) - Transaction added: 0475d2c2-d46f-403e-95a5-8ff1a5c32338 <- TX(13)
2021-08-15 14:03:29,872 [SCMBlockDeletingService#0] DEBUG block.SCMBlockDeletingService (DatanodeDeletedBlockTransactions.java:addTransactionToDN(50)) - Transaction added: 0475d2c2-d46f-403e-95a5-8ff1a5c32338 <- TX(14)
2021-08-15 14:03:29,872 [SCMBlockDeletingService#0] DEBUG block.SCMBlockDeletingService (DatanodeDeletedBlockTransactions.java:addTransactionToDN(50)) - Transaction added: c2c40a72-a699-49b1-b721-1997d9d2c71f <- TX(14)
2021-08-15 14:03:29,872 [SCMBlockDeletingService#0] DEBUG block.SCMBlockDeletingService (DatanodeDeletedBlockTransactions.java:addTransactionToDN(50)) - Transaction added: c2c40a72-a699-49b1-b721-1997d9d2c71f <- TX(15)
2021-08-15 14:03:29,872 [SCMBlockDeletingService#0] DEBUG block.SCMBlockDeletingService (DatanodeDeletedBlockTransactions.java:addTransactionToDN(50)) - Transaction added: 0475d2c2-d46f-403e-95a5-8ff1a5c32338 <- TX(15)
2021-08-15 14:03:29,872 [SCMBlockDeletingService#0] DEBUG block.SCMBlockDeletingService (DatanodeDeletedBlockTransactions.java:addTransactionToDN(50)) - Transaction added: 0475d2c2-d46f-403e-95a5-8ff1a5c32338 <- TX(16)
2021-08-15 14:03:29,872 [SCMBlockDeletingService#0] DEBUG block.SCMBlockDeletingService (DatanodeDeletedBlockTransactions.java:addTransactionToDN(50)) - Transaction added: c2c40a72-a699-49b1-b721-1997d9d2c71f <- TX(16)
2021-08-15 14:03:29,872 [SCMBlockDeletingService#0] DEBUG block.SCMBlockDeletingService (DatanodeDeletedBlockTransactions.java:addTransactionToDN(50)) - Transaction added: 0475d2c2-d46f-403e-95a5-8ff1a5c32338 <- TX(17)
2021-08-15 14:03:29,872 [SCMBlockDeletingService#0] DEBUG block.SCMBlockDeletingService (DatanodeDeletedBlockTransactions.java:addTransactionToDN(50)) - Transaction added: c2c40a72-a699-49b1-b721-1997d9d2c71f <- TX(17)
2021-08-15 14:03:29,872 [SCMBlockDeletingService#0] DEBUG block.SCMBlockDeletingService (DatanodeDeletedBlockTransactions.java:addTransactionToDN(50)) - Transaction added: f89ecde1-abfa-4530-92e2-4a065b7725ea <- TX(17)
2021-08-15 14:03:29,872 [SCMBlockDeletingService#0] DEBUG block.SCMBlockDeletingService (DatanodeDeletedBlockTransactions.java:addTransactionToDN(50)) - Transaction added: 0475d2c2-d46f-403e-95a5-8ff1a5c32338 <- TX(18)
2021-08-15 14:03:29,872 [SCMBlockDeletingService#0] DEBUG block.SCMBlockDeletingService (DatanodeDeletedBlockTransactions.java:addTransactionToDN(50)) - Transaction added: c2c40a72-a699-49b1-b721-1997d9d2c71f <- TX(18)
2021-08-15 14:03:29,872 [SCMBlockDeletingService#0] DEBUG block.SCMBlockDeletingService (DatanodeDeletedBlockTransactions.java:addTransactionToDN(50)) - Transaction added: f89ecde1-abfa-4530-92e2-4a065b7725ea <- TX(18)
2021-08-15 14:03:29,872 [SCMBlockDeletingService#0] DEBUG block.SCMBlockDeletingService (DatanodeDeletedBlockTransactions.java:addTransactionToDN(50)) - Transaction added: 0475d2c2-d46f-403e-95a5-8ff1a5c32338 <- TX(19)
2021-08-15 14:03:29,872 [SCMBlockDeletingService#0] DEBUG block.SCMBlockDeletingService (DatanodeDeletedBlockTransactions.java:addTransactionToDN(50)) - Transaction added: c2c40a72-a699-49b1-b721-1997d9d2c71f <- TX(19)
2021-08-15 14:03:29,872 [SCMBlockDeletingService#0] DEBUG block.SCMBlockDeletingService (DatanodeDeletedBlockTransactions.java:addTransactionToDN(50)) - Transaction added: f89ecde1-abfa-4530-92e2-4a065b7725ea <- TX(19)
2021-08-15 14:03:29,872 [SCMBlockDeletingService#0] DEBUG block.SCMBlockDeletingService (DatanodeDeletedBlockTransactions.java:addTransactionToDN(50)) - Transaction added: f89ecde1-abfa-4530-92e2-4a065b7725ea <- TX(20)
2021-08-15 14:03:29,872 [SCMBlockDeletingService#0] DEBUG block.SCMBlockDeletingService (DatanodeDeletedBlockTransactions.java:addTransactionToDN(50)) - Transaction added: c2c40a72-a699-49b1-b721-1997d9d2c71f <- TX(20)
2021-08-15 14:03:29,873 [SCMBlockDeletingService#0] DEBUG block.SCMBlockDeletingService (DatanodeDeletedBlockTransactions.java:addTransactionToDN(50)) - Transaction added: 0475d2c2-d46f-403e-95a5-8ff1a5c32338 <- TX(20)
2021-08-15 14:03:29,873 [SCMBlockDeletingService#0] DEBUG block.SCMBlockDeletingService (DatanodeDeletedBlockTransactions.java:addTransactionToDN(50)) - Transaction added: c2c40a72-a699-49b1-b721-1997d9d2c71f <- TX(21)
2021-08-15 14:03:29,873 [SCMBlockDeletingService#0] DEBUG block.SCMBlockDeletingService (DatanodeDeletedBlockTransactions.java:addTransactionToDN(50)) - Transaction added: f89ecde1-abfa-4530-92e2-4a065b7725ea <- TX(21)
2021-08-15 14:03:29,873 [SCMBlockDeletingService#0] DEBUG block.SCMBlockDeletingService (DatanodeDeletedBlockTransactions.java:addTransactionToDN(50)) - Transaction added: 0475d2c2-d46f-403e-95a5-8ff1a5c32338 <- TX(21)
2021-08-15 14:03:29,873 [SCMBlockDeletingService#0] DEBUG block.SCMBlockDeletingService (DatanodeDeletedBlockTransactions.java:addTransactionToDN(50)) - Transaction added: c2c40a72-a699-49b1-b721-1997d9d2c71f <- TX(22)
2021-08-15 14:03:29,873 [SCMBlockDeletingService#0] DEBUG block.SCMBlockDeletingService (DatanodeDeletedBlockTransactions.java:addTransactionToDN(50)) - Transaction added: f89ecde1-abfa-4530-92e2-4a065b7725ea <- TX(22)
2021-08-15 14:03:29,873 [SCMBlockDeletingService#0] DEBUG block.SCMBlockDeletingService (DatanodeDeletedBlockTransactions.java:addTransactionToDN(50)) - Transaction added: 0475d2c2-d46f-403e-95a5-8ff1a5c32338 <- TX(22)
2021-08-15 14:03:29,873 [SCMBlockDeletingService#0] DEBUG block.SCMBlockDeletingService (DatanodeDeletedBlockTransactions.java:addTransactionToDN(50)) - Transaction added: f89ecde1-abfa-4530-92e2-4a065b7725ea <- TX(23)
2021-08-15 14:03:29,873 [SCMBlockDeletingService#0] DEBUG block.SCMBlockDeletingService (DatanodeDeletedBlockTransactions.java:addTransactionToDN(50)) - Transaction added: 0475d2c2-d46f-403e-95a5-8ff1a5c32338 <- TX(23)
2021-08-15 14:03:29,873 [SCMBlockDeletingService#0] DEBUG block.SCMBlockDeletingService (DatanodeDeletedBlockTransactions.java:addTransactionToDN(50)) - Transaction added: c2c40a72-a699-49b1-b721-1997d9d2c71f <- TX(23)
2021-08-15 14:03:29,873 [SCMBlockDeletingService#0] DEBUG block.SCMBlockDeletingService (DatanodeDeletedBlockTransactions.java:addTransactionToDN(50)) - Transaction added: 0475d2c2-d46f-403e-95a5-8ff1a5c32338 <- TX(24)
2021-08-15 14:03:29,873 [SCMBlockDeletingService#0] DEBUG block.SCMBlockDeletingService (DatanodeDeletedBlockTransactions.java:addTransactionToDN(50)) - Transaction added: f89ecde1-abfa-4530-92e2-4a065b7725ea <- TX(24)
2021-08-15 14:03:29,873 [SCMBlockDeletingService#0] DEBUG block.SCMBlockDeletingService (DatanodeDeletedBlockTransactions.java:addTransactionToDN(50)) - Transaction added: c2c40a72-a699-49b1-b721-1997d9d2c71f <- TX(24)
2021-08-15 14:03:29,873 [SCMBlockDeletingService#0] DEBUG block.SCMBlockDeletingService (DatanodeDeletedBlockTransactions.java:addTransactionToDN(50)) - Transaction added: 0475d2c2-d46f-403e-95a5-8ff1a5c32338 <- TX(25)
2021-08-15 14:03:29,873 [SCMBlockDeletingService#0] DEBUG block.SCMBlockDeletingService (DatanodeDeletedBlockTransactions.java:addTransactionToDN(50)) - Transaction added: c2c40a72-a699-49b1-b721-1997d9d2c71f <- TX(25)
2021-08-15 14:03:29,873 [SCMBlockDeletingService#0] DEBUG block.SCMBlockDeletingService (DatanodeDeletedBlockTransactions.java:addTransactionToDN(50)) - Transaction added: f89ecde1-abfa-4530-92e2-4a065b7725ea <- TX(25)
2021-08-15 14:03:29,873 [SCMBlockDeletingService#0] DEBUG block.SCMBlockDeletingService (DatanodeDeletedBlockTransactions.java:addTransactionToDN(50)) - Transaction added: 0475d2c2-d46f-403e-95a5-8ff1a5c32338 <- TX(26)
2021-08-15 14:03:29,873 [SCMBlockDeletingService#0] DEBUG block.SCMBlockDeletingService (DatanodeDeletedBlockTransactions.java:addTransactionToDN(50)) - Transaction added: c2c40a72-a699-49b1-b721-1997d9d2c71f <- TX(26)
2021-08-15 14:03:29,873 [SCMBlockDeletingService#0] DEBUG block.SCMBlockDeletingService (DatanodeDeletedBlockTransactions.java:addTransactionToDN(50)) - Transaction added: f89ecde1-abfa-4530-92e2-4a065b7725ea <- TX(26)
2021-08-15 14:03:29,877 [SCMBlockDeletingService#0] DEBUG block.SCMBlockDeletingService (SCMBlockDeletingService.java:call(164)) - Added delete block command for datanode c2c40a72-a699-49b1-b721-1997d9d2c71f in the queue, number of delete block transactions: 26
2021-08-15 14:03:29,877 [SCMBlockDeletingService#0] DEBUG block.SCMBlockDeletingService (SCMBlockDeletingService.java:call(164)) - Added delete block command for datanode 0475d2c2-d46f-403e-95a5-8ff1a5c32338 in the queue, number of delete block transactions: 26
2021-08-15 14:03:29,877 [SCMBlockDeletingService#0] DEBUG block.SCMBlockDeletingService (SCMBlockDeletingService.java:call(164)) - Added delete block command for datanode f89ecde1-abfa-4530-92e2-4a065b7725ea in the queue, number of delete block transactions: 10
2021-08-15 14:03:29,877 [SCMBlockDeletingService#0] INFO  block.SCMBlockDeletingService (SCMBlockDeletingService.java:call(174)) - Totally added 62 blocks to be deleted for 3 datanodes, task elapsed time: 6ms
2021-08-15 14:03:29,920 [pool-465-thread-8] INFO  keyvalue.KeyValueContainer (KeyValueContainer.java:flushAndSyncDB(397)) - Container 27 is synced with bcsId 423.
2021-08-15 14:03:29,920 [pool-465-thread-8] INFO  keyvalue.KeyValueContainer (KeyValueContainer.java:flushAndSyncDB(397)) - Container 27 is synced with bcsId 423.
2021-08-15 14:03:29,927 [pool-465-thread-8] INFO  keyvalue.KeyValueContainer (KeyValueContainer.java:close(334)) - Container 27 is closed with bcsId 423.
2021-08-15 14:03:29,935 [Datanode State Machine Thread - 0] WARN  statemachine.StateContext (StateContext.java:execute(621)) - No available thread in pool for past 0 seconds.
2021-08-15 14:03:29,937 [pool-466-thread-1] INFO  keyvalue.KeyValueContainer (KeyValueContainer.java:flushAndSyncDB(397)) - Container 27 is synced with bcsId 423.
2021-08-15 14:03:29,937 [pool-466-thread-1] INFO  keyvalue.KeyValueContainer (KeyValueContainer.java:flushAndSyncDB(397)) - Container 27 is synced with bcsId 423.
2021-08-15 14:03:29,937 [pool-467-thread-5] INFO  keyvalue.KeyValueContainer (KeyValueContainer.java:flushAndSyncDB(397)) - Container 27 is synced with bcsId 423.
2021-08-15 14:03:29,938 [pool-467-thread-5] INFO  keyvalue.KeyValueContainer (KeyValueContainer.java:flushAndSyncDB(397)) - Container 27 is synced with bcsId 423.
2021-08-15 14:03:29,938 [EventQueue-IncrementalContainerReportForIncrementalContainerReportHandler] INFO  container.IncrementalContainerReportHandler (AbstractContainerReportHandler.java:updateContainerState(223)) - Moving container #27 to CLOSED state, datanode c2c40a72-a699-49b1-b721-1997d9d2c71f{ip: 10.1.0.17, host: fv-az184-677.3ow45vhwbzuu5incsxmygykede.cx.internal.cloudapp.net, ports: [REPLICATION=40199, RATIS=43041, RATIS_ADMIN=43041, RATIS_SERVER=43041, STANDALONE=37757], networkLocation: /default-rack, certSerialId: null, persistedOpState: IN_SERVICE, persistedOpStateExpiryEpochSec: 0} reported CLOSED replica.
2021-08-15 14:03:29,942 [pool-466-thread-1] INFO  keyvalue.KeyValueContainer (KeyValueContainer.java:close(334)) - Container 27 is closed with bcsId 423.
2021-08-15 14:03:29,942 [pool-467-thread-5] INFO  keyvalue.KeyValueContainer (KeyValueContainer.java:close(334)) - Container 27 is closed with bcsId 423.
2021-08-15 14:03:29,943 [Datanode State Machine Thread - 0] WARN  statemachine.StateContext (StateContext.java:execute(621)) - No available thread in pool for past 0 seconds.
2021-08-15 14:03:29,971 [SCMBlockDeletingService#0] DEBUG block.SCMBlockDeletingService (SCMBlockDeletingService.java:call(133)) - Running DeletedBlockTransactionScanner
2021-08-15 14:03:29,971 [SCMBlockDeletingService#0] DEBUG block.SCMBlockDeletingService (DatanodeDeletedBlockTransactions.java:addTransactionToDN(50)) - Transaction added: 0475d2c2-d46f-403e-95a5-8ff1a5c32338 <- TX(1)
2021-08-15 14:03:29,971 [SCMBlockDeletingService#0] DEBUG block.SCMBlockDeletingService (DatanodeDeletedBlockTransactions.java:addTransactionToDN(50)) - Transaction added: c2c40a72-a699-49b1-b721-1997d9d2c71f <- TX(1)
2021-08-15 14:03:29,971 [SCMBlockDeletingService#0] DEBUG block.SCMBlockDeletingService (DatanodeDeletedBlockTransactions.java:addTransactionToDN(50)) - Transaction added: 0475d2c2-d46f-403e-95a5-8ff1a5c32338 <- TX(2)
2021-08-15 14:03:29,971 [SCMBlockDeletingService#0] DEBUG block.SCMBlockDeletingService (DatanodeDeletedBlockTransactions.java:addTransactionToDN(50)) - Transaction added: c2c40a72-a699-49b1-b721-1997d9d2c71f <- TX(2)
2021-08-15 14:03:29,971 [SCMBlockDeletingService#0] DEBUG block.SCMBlockDeletingService (DatanodeDeletedBlockTransactions.java:addTransactionToDN(50)) - Transaction added: 0475d2c2-d46f-403e-95a5-8ff1a5c32338 <- TX(3)
2021-08-15 14:03:29,971 [SCMBlockDeletingService#0] DEBUG block.SCMBlockDeletingService (DatanodeDeletedBlockTransactions.java:addTransactionToDN(50)) - Transaction added: c2c40a72-a699-49b1-b721-1997d9d2c71f <- TX(3)
2021-08-15 14:03:29,971 [SCMBlockDeletingService#0] DEBUG block.SCMBlockDeletingService (DatanodeDeletedBlockTransactions.java:addTransactionToDN(50)) - Transaction added: c2c40a72-a699-49b1-b721-1997d9d2c71f <- TX(4)
2021-08-15 14:03:29,971 [SCMBlockDeletingService#0] DEBUG block.SCMBlockDeletingService (DatanodeDeletedBlockTransactions.java:addTransactionToDN(50)) - Transaction added: 0475d2c2-d46f-403e-95a5-8ff1a5c32338 <- TX(4)
2021-08-15 14:03:29,972 [SCMBlockDeletingService#0] DEBUG block.SCMBlockDeletingService (DatanodeDeletedBlockTransactions.java:addTransactionToDN(50)) - Transaction added: c2c40a72-a699-49b1-b721-1997d9d2c71f <- TX(5)
2021-08-15 14:03:29,972 [SCMBlockDeletingService#0] DEBUG block.SCMBlockDeletingService (DatanodeDeletedBlockTransactions.java:addTransactionToDN(50)) - Transaction added: 0475d2c2-d46f-403e-95a5-8ff1a5c32338 <- TX(5)
2021-08-15 14:03:29,972 [SCMBlockDeletingService#0] DEBUG block.SCMBlockDeletingService (DatanodeDeletedBlockTransactions.java:addTransactionToDN(50)) - Transaction added: c2c40a72-a699-49b1-b721-1997d9d2c71f <- TX(6)
2021-08-15 14:03:29,972 [SCMBlockDeletingService#0] DEBUG block.SCMBlockDeletingService (DatanodeDeletedBlockTransactions.java:addTransactionToDN(50)) - Transaction added: 0475d2c2-d46f-403e-95a5-8ff1a5c32338 <- TX(6)
2021-08-15 14:03:29,972 [SCMBlockDeletingService#0] DEBUG block.SCMBlockDeletingService (DatanodeDeletedBlockTransactions.java:addTransactionToDN(50)) - Transaction added: 0475d2c2-d46f-403e-95a5-8ff1a5c32338 <- TX(7)
2021-08-15 14:03:29,972 [SCMBlockDeletingService#0] DEBUG block.SCMBlockDeletingService (DatanodeDeletedBlockTransactions.java:addTransactionToDN(50)) - Transaction added: c2c40a72-a699-49b1-b721-1997d9d2c71f <- TX(7)
2021-08-15 14:03:29,972 [SCMBlockDeletingService#0] DEBUG block.SCMBlockDeletingService (DatanodeDeletedBlockTransactions.java:addTransactionToDN(50)) - Transaction added: 0475d2c2-d46f-403e-95a5-8ff1a5c32338 <- TX(8)
2021-08-15 14:03:29,972 [SCMBlockDeletingService#0] DEBUG block.SCMBlockDeletingService (DatanodeDeletedBlockTransactions.java:addTransactionToDN(50)) - Transaction added: c2c40a72-a699-49b1-b721-1997d9d2c71f <- TX(8)
2021-08-15 14:03:29,972 [SCMBlockDeletingService#0] DEBUG block.SCMBlockDeletingService (DatanodeDeletedBlockTransactions.java:addTransactionToDN(50)) - Transaction added: 0475d2c2-d46f-403e-95a5-8ff1a5c32338 <- TX(9)
2021-08-15 14:03:29,972 [SCMBlockDeletingService#0] DEBUG block.SCMBlockDeletingService (DatanodeDeletedBlockTransactions.java:addTransactionToDN(50)) - Transaction added: c2c40a72-a699-49b1-b721-1997d9d2c71f <- TX(9)
2021-08-15 14:03:29,972 [SCMBlockDeletingService#0] DEBUG block.SCMBlockDeletingService (DatanodeDeletedBlockTransactions.java:addTransactionToDN(50)) - Transaction added: 0475d2c2-d46f-403e-95a5-8ff1a5c32338 <- TX(10)
2021-08-15 14:03:29,972 [SCMBlockDeletingService#0] DEBUG block.SCMBlockDeletingService (DatanodeDeletedBlockTransactions.java:addTransactionToDN(50)) - Transaction added: c2c40a72-a699-49b1-b721-1997d9d2c71f <- TX(10)
2021-08-15 14:03:29,972 [SCMBlockDeletingService#0] DEBUG block.SCMBlockDeletingService (DatanodeDeletedBlockTransactions.java:addTransactionToDN(50)) - Transaction added: 0475d2c2-d46f-403e-95a5-8ff1a5c32338 <- TX(11)
2021-08-15 14:03:29,972 [SCMBlockDeletingService#0] DEBUG block.SCMBlockDeletingService (DatanodeDeletedBlockTransactions.java:addTransactionToDN(50)) - Transaction added: c2c40a72-a699-49b1-b721-1997d9d2c71f <- TX(11)
2021-08-15 14:03:29,972 [SCMBlockDeletingService#0] DEBUG block.SCMBlockDeletingService (DatanodeDeletedBlockTransactions.java:addTransactionToDN(50)) - Transaction added: c2c40a72-a699-49b1-b721-1997d9d2c71f <- TX(12)
2021-08-15 14:03:29,972 [SCMBlockDeletingService#0] DEBUG block.SCMBlockDeletingService (DatanodeDeletedBlockTransactions.java:addTransactionToDN(50)) - Transaction added: 0475d2c2-d46f-403e-95a5-8ff1a5c32338 <- TX(12)
2021-08-15 14:03:29,972 [SCMBlockDeletingService#0] DEBUG block.SCMBlockDeletingService (DatanodeDeletedBlockTransactions.java:addTransactionToDN(50)) - Transaction added: c2c40a72-a699-49b1-b721-1997d9d2c71f <- TX(13)
2021-08-15 14:03:29,972 [SCMBlockDeletingService#0] DEBUG block.SCMBlockDeletingService (DatanodeDeletedBlockTransactions.java:addTransactionToDN(50)) - Transaction added: 0475d2c2-d46f-403e-95a5-8ff1a5c32338 <- TX(13)
2021-08-15 14:03:29,972 [SCMBlockDeletingService#0] DEBUG block.SCMBlockDeletingService (DatanodeDeletedBlockTransactions.java:addTransactionToDN(50)) - Transaction added: 0475d2c2-d46f-403e-95a5-8ff1a5c32338 <- TX(14)
2021-08-15 14:03:29,972 [SCMBlockDeletingService#0] DEBUG block.SCMBlockDeletingService (DatanodeDeletedBlockTransactions.java:addTransactionToDN(50)) - Transaction added: c2c40a72-a699-49b1-b721-1997d9d2c71f <- TX(14)
2021-08-15 14:03:29,972 [SCMBlockDeletingService#0] DEBUG block.SCMBlockDeletingService (DatanodeDeletedBlockTransactions.java:addTransactionToDN(50)) - Transaction added: c2c40a72-a699-49b1-b721-1997d9d2c71f <- TX(15)
2021-08-15 14:03:29,972 [SCMBlockDeletingService#0] DEBUG block.SCMBlockDeletingService (DatanodeDeletedBlockTransactions.java:addTransactionToDN(50)) - Transaction added: 0475d2c2-d46f-403e-95a5-8ff1a5c32338 <- TX(15)
2021-08-15 14:03:29,972 [SCMBlockDeletingService#0] DEBUG block.SCMBlockDeletingService (DatanodeDeletedBlockTransactions.java:addTransactionToDN(50)) - Transaction added: 0475d2c2-d46f-403e-95a5-8ff1a5c32338 <- TX(16)
2021-08-15 14:03:29,972 [SCMBlockDeletingService#0] DEBUG block.SCMBlockDeletingService (DatanodeDeletedBlockTransactions.java:addTransactionToDN(50)) - Transaction added: c2c40a72-a699-49b1-b721-1997d9d2c71f <- TX(16)
2021-08-15 14:03:29,972 [SCMBlockDeletingService#0] DEBUG block.SCMBlockDeletingService (DatanodeDeletedBlockTransactions.java:addTransactionToDN(50)) - Transaction added: 0475d2c2-d46f-403e-95a5-8ff1a5c32338 <- TX(17)
2021-08-15 14:03:29,972 [SCMBlockDeletingService#0] DEBUG block.SCMBlockDeletingService (DatanodeDeletedBlockTransactions.java:addTransactionToDN(50)) - Transaction added: c2c40a72-a699-49b1-b721-1997d9d2c71f <- TX(17)
2021-08-15 14:03:29,972 [SCMBlockDeletingService#0] DEBUG block.SCMBlockDeletingService (DatanodeDeletedBlockTransactions.java:addTransactionToDN(50)) - Transaction added: f89ecde1-abfa-4530-92e2-4a065b7725ea <- TX(17)
2021-08-15 14:03:29,972 [SCMBlockDeletingService#0] DEBUG block.SCMBlockDeletingService (DatanodeDeletedBlockTransactions.java:addTransactionToDN(50)) - Transaction added: 0475d2c2-d46f-403e-95a5-8ff1a5c32338 <- TX(18)
2021-08-15 14:03:29,972 [SCMBlockDeletingService#0] DEBUG block.SCMBlockDeletingService (DatanodeDeletedBlockTransactions.java:addTransactionToDN(50)) - Transaction added: c2c40a72-a699-49b1-b721-1997d9d2c71f <- TX(18)
2021-08-15 14:03:29,972 [SCMBlockDeletingService#0] DEBUG block.SCMBlockDeletingService (DatanodeDeletedBlockTransactions.java:addTransactionToDN(50)) - Transaction added: f89ecde1-abfa-4530-92e2-4a065b7725ea <- TX(18)
2021-08-15 14:03:29,972 [SCMBlockDeletingService#0] DEBUG block.SCMBlockDeletingService (DatanodeDeletedBlockTransactions.java:addTransactionToDN(50)) - Transaction added: 0475d2c2-d46f-403e-95a5-8ff1a5c32338 <- TX(19)
2021-08-15 14:03:29,972 [SCMBlockDeletingService#0] DEBUG block.SCMBlockDeletingService (DatanodeDeletedBlockTransactions.java:addTransactionToDN(50)) - Transaction added: c2c40a72-a699-49b1-b721-1997d9d2c71f <- TX(19)
2021-08-15 14:03:29,972 [SCMBlockDeletingService#0] DEBUG block.SCMBlockDeletingService (DatanodeDeletedBlockTransactions.java:addTransactionToDN(50)) - Transaction added: f89ecde1-abfa-4530-92e2-4a065b7725ea <- TX(19)
2021-08-15 14:03:29,973 [SCMBlockDeletingService#0] DEBUG block.SCMBlockDeletingService (DatanodeDeletedBlockTransactions.java:addTransactionToDN(50)) - Transaction added: f89ecde1-abfa-4530-92e2-4a065b7725ea <- TX(20)
2021-08-15 14:03:29,973 [SCMBlockDeletingService#0] DEBUG block.SCMBlockDeletingService (DatanodeDeletedBlockTransactions.java:addTransactionToDN(50)) - Transaction added: c2c40a72-a699-49b1-b721-1997d9d2c71f <- TX(20)
2021-08-15 14:03:29,973 [SCMBlockDeletingService#0] DEBUG block.SCMBlockDeletingService (DatanodeDeletedBlockTransactions.java:addTransactionToDN(50)) - Transaction added: 0475d2c2-d46f-403e-95a5-8ff1a5c32338 <- TX(20)
2021-08-15 14:03:29,973 [SCMBlockDeletingService#0] DEBUG block.SCMBlockDeletingService (DatanodeDeletedBlockTransactions.java:addTransactionToDN(50)) - Transaction added: c2c40a72-a699-49b1-b721-1997d9d2c71f <- TX(21)
2021-08-15 14:03:29,973 [SCMBlockDeletingService#0] DEBUG block.SCMBlockDeletingService (DatanodeDeletedBlockTransactions.java:addTransactionToDN(50)) - Transaction added: f89ecde1-abfa-4530-92e2-4a065b7725ea <- TX(21)
2021-08-15 14:03:29,973 [SCMBlockDeletingService#0] DEBUG block.SCMBlockDeletingService (DatanodeDeletedBlockTransactions.java:addTransactionToDN(50)) - Transaction added: 0475d2c2-d46f-403e-95a5-8ff1a5c32338 <- TX(21)
2021-08-15 14:03:29,973 [SCMBlockDeletingService#0] DEBUG block.SCMBlockDeletingService (DatanodeDeletedBlockTransactions.java:addTransactionToDN(50)) - Transaction added: c2c40a72-a699-49b1-b721-1997d9d2c71f <- TX(22)
2021-08-15 14:03:29,973 [SCMBlockDeletingService#0] DEBUG block.SCMBlockDeletingService (DatanodeDeletedBlockTransactions.java:addTransactionToDN(50)) - Transaction added: f89ecde1-abfa-4530-92e2-4a065b7725ea <- TX(22)
2021-08-15 14:03:29,973 [SCMBlockDeletingService#0] DEBUG block.SCMBlockDeletingService (DatanodeDeletedBlockTransactions.java:addTransactionToDN(50)) - Transaction added: 0475d2c2-d46f-403e-95a5-8ff1a5c32338 <- TX(22)
2021-08-15 14:03:29,973 [SCMBlockDeletingService#0] DEBUG block.SCMBlockDeletingService (DatanodeDeletedBlockTransactions.java:addTransactionToDN(50)) - Transaction added: f89ecde1-abfa-4530-92e2-4a065b7725ea <- TX(23)
2021-08-15 14:03:29,973 [SCMBlockDeletingService#0] DEBUG block.SCMBlockDeletingService (DatanodeDeletedBlockTransactions.java:addTransactionToDN(50)) - Transaction added: 0475d2c2-d46f-403e-95a5-8ff1a5c32338 <- TX(23)
2021-08-15 14:03:29,973 [SCMBlockDeletingService#0] DEBUG block.SCMBlockDeletingService (DatanodeDeletedBlockTransactions.java:addTransactionToDN(50)) - Transaction added: c2c40a72-a699-49b1-b721-1997d9d2c71f <- TX(23)
2021-08-15 14:03:29,973 [SCMBlockDeletingService#0] DEBUG block.SCMBlockDeletingService (DatanodeDeletedBlockTransactions.java:addTransactionToDN(50)) - Transaction added: 0475d2c2-d46f-403e-95a5-8ff1a5c32338 <- TX(24)
2021-08-15 14:03:29,973 [SCMBlockDeletingService#0] DEBUG block.SCMBlockDeletingService (DatanodeDeletedBlockTransactions.java:addTransactionToDN(50)) - Transaction added: f89ecde1-abfa-4530-92e2-4a065b7725ea <- TX(24)
2021-08-15 14:03:29,973 [SCMBlockDeletingService#0] DEBUG block.SCMBlockDeletingService (DatanodeDeletedBlockTransactions.java:addTransactionToDN(50)) - Transaction added: c2c40a72-a699-49b1-b721-1997d9d2c71f <- TX(24)
2021-08-15 14:03:29,973 [SCMBlockDeletingService#0] DEBUG block.SCMBlockDeletingService (DatanodeDeletedBlockTransactions.java:addTransactionToDN(50)) - Transaction added: 0475d2c2-d46f-403e-95a5-8ff1a5c32338 <- TX(25)
2021-08-15 14:03:29,973 [SCMBlockDeletingService#0] DEBUG block.SCMBlockDeletingService (DatanodeDeletedBlockTransactions.java:addTransactionToDN(50)) - Transaction added: c2c40a72-a699-49b1-b721-1997d9d2c71f <- TX(25)
2021-08-15 14:03:29,973 [SCMBlockDeletingService#0] DEBUG block.SCMBlockDeletingService (DatanodeDeletedBlockTransactions.java:addTransactionToDN(50)) - Transaction added: f89ecde1-abfa-4530-92e2-4a065b7725ea <- TX(25)
2021-08-15 14:03:29,973 [SCMBlockDeletingService#0] DEBUG block.SCMBlockDeletingService (DatanodeDeletedBlockTransactions.java:addTransactionToDN(50)) - Transaction added: 0475d2c2-d46f-403e-95a5-8ff1a5c32338 <- TX(26)
2021-08-15 14:03:29,973 [SCMBlockDeletingService#0] DEBUG block.SCMBlockDeletingService (DatanodeDeletedBlockTransactions.java:addTransactionToDN(50)) - Transaction added: c2c40a72-a699-49b1-b721-1997d9d2c71f <- TX(26)
2021-08-15 14:03:29,973 [SCMBlockDeletingService#0] DEBUG block.SCMBlockDeletingService (DatanodeDeletedBlockTransactions.java:addTransactionToDN(50)) - Transaction added: f89ecde1-abfa-4530-92e2-4a065b7725ea <- TX(26)
2021-08-15 14:03:29,973 [SCMBlockDeletingService#0] DEBUG block.SCMBlockDeletingService (DatanodeDeletedBlockTransactions.java:addTransactionToDN(50)) - Transaction added: 0475d2c2-d46f-403e-95a5-8ff1a5c32338 <- TX(27)
2021-08-15 14:03:29,973 [SCMBlockDeletingService#0] DEBUG block.SCMBlockDeletingService (DatanodeDeletedBlockTransactions.java:addTransactionToDN(50)) - Transaction added: c2c40a72-a699-49b1-b721-1997d9d2c71f <- TX(27)
2021-08-15 14:03:29,973 [SCMBlockDeletingService#0] DEBUG block.SCMBlockDeletingService (DatanodeDeletedBlockTransactions.java:addTransactionToDN(50)) - Transaction added: f89ecde1-abfa-4530-92e2-4a065b7725ea <- TX(27)
2021-08-15 14:03:29,973 [SCMBlockDeletingService#0] DEBUG block.SCMBlockDeletingService (SCMBlockDeletingService.java:call(164)) - Added delete block command for datanode c2c40a72-a699-49b1-b721-1997d9d2c71f in the queue, number of delete block transactions: 27
2021-08-15 14:03:29,973 [SCMBlockDeletingService#0] DEBUG block.SCMBlockDeletingService (SCMBlockDeletingService.java:call(164)) - Added delete block command for datanode 0475d2c2-d46f-403e-95a5-8ff1a5c32338 in the queue, number of delete block transactions: 27
2021-08-15 14:03:29,973 [SCMBlockDeletingService#0] DEBUG block.SCMBlockDeletingService (SCMBlockDeletingService.java:call(164)) - Added delete block command for datanode f89ecde1-abfa-4530-92e2-4a065b7725ea in the queue, number of delete block transactions: 11
2021-08-15 14:03:29,973 [SCMBlockDeletingService#0] INFO  block.SCMBlockDeletingService (SCMBlockDeletingService.java:call(174)) - Totally added 65 blocks to be deleted for 3 datanodes, task elapsed time: 3ms
2021-08-15 14:03:30,071 [SCMBlockDeletingService#0] DEBUG block.SCMBlockDeletingService (SCMBlockDeletingService.java:call(133)) - Running DeletedBlockTransactionScanner
2021-08-15 14:03:30,071 [SCMBlockDeletingService#0] DEBUG block.SCMBlockDeletingService (DatanodeDeletedBlockTransactions.java:addTransactionToDN(50)) - Transaction added: 0475d2c2-d46f-403e-95a5-8ff1a5c32338 <- TX(1)
2021-08-15 14:03:30,071 [SCMBlockDeletingService#0] DEBUG block.SCMBlockDeletingService (DatanodeDeletedBlockTransactions.java:addTransactionToDN(50)) - Transaction added: c2c40a72-a699-49b1-b721-1997d9d2c71f <- TX(1)
2021-08-15 14:03:30,071 [SCMBlockDeletingService#0] DEBUG block.SCMBlockDeletingService (DatanodeDeletedBlockTransactions.java:addTransactionToDN(50)) - Transaction added: 0475d2c2-d46f-403e-95a5-8ff1a5c32338 <- TX(2)
2021-08-15 14:03:30,071 [SCMBlockDeletingService#0] DEBUG block.SCMBlockDeletingService (DatanodeDeletedBlockTransactions.java:addTransactionToDN(50)) - Transaction added: c2c40a72-a699-49b1-b721-1997d9d2c71f <- TX(2)
2021-08-15 14:03:30,071 [SCMBlockDeletingService#0] DEBUG block.SCMBlockDeletingService (DatanodeDeletedBlockTransactions.java:addTransactionToDN(50)) - Transaction added: 0475d2c2-d46f-403e-95a5-8ff1a5c32338 <- TX(3)
2021-08-15 14:03:30,071 [SCMBlockDeletingService#0] DEBUG block.SCMBlockDeletingService (DatanodeDeletedBlockTransactions.java:addTransactionToDN(50)) - Transaction added: c2c40a72-a699-49b1-b721-1997d9d2c71f <- TX(3)
2021-08-15 14:03:30,072 [SCMBlockDeletingService#0] DEBUG block.SCMBlockDeletingService (DatanodeDeletedBlockTransactions.java:addTransactionToDN(50)) - Transaction added: c2c40a72-a699-49b1-b721-1997d9d2c71f <- TX(4)
2021-08-15 14:03:30,072 [SCMBlockDeletingService#0] DEBUG block.SCMBlockDeletingService (DatanodeDeletedBlockTransactions.java:addTransactionToDN(50)) - Transaction added: 0475d2c2-d46f-403e-95a5-8ff1a5c32338 <- TX(4)
2021-08-15 14:03:30,072 [SCMBlockDeletingService#0] DEBUG block.SCMBlockDeletingService (DatanodeDeletedBlockTransactions.java:addTransactionToDN(50)) - Transaction added: c2c40a72-a699-49b1-b721-1997d9d2c71f <- TX(5)
2021-08-15 14:03:30,072 [SCMBlockDeletingService#0] DEBUG block.SCMBlockDeletingService (DatanodeDeletedBlockTransactions.java:addTransactionToDN(50)) - Transaction added: 0475d2c2-d46f-403e-95a5-8ff1a5c32338 <- TX(5)
2021-08-15 14:03:30,072 [SCMBlockDeletingService#0] DEBUG block.SCMBlockDeletingService (DatanodeDeletedBlockTransactions.java:addTransactionToDN(50)) - Transaction added: c2c40a72-a699-49b1-b721-1997d9d2c71f <- TX(6)
2021-08-15 14:03:30,072 [SCMBlockDeletingService#0] DEBUG block.SCMBlockDeletingService (DatanodeDeletedBlockTransactions.java:addTransactionToDN(50)) - Transaction added: 0475d2c2-d46f-403e-95a5-8ff1a5c32338 <- TX(6)
2021-08-15 14:03:30,072 [SCMBlockDeletingService#0] DEBUG block.SCMBlockDeletingService (DatanodeDeletedBlockTransactions.java:addTransactionToDN(50)) - Transaction added: 0475d2c2-d46f-403e-95a5-8ff1a5c32338 <- TX(7)
2021-08-15 14:03:30,072 [SCMBlockDeletingService#0] DEBUG block.SCMBlockDeletingService (DatanodeDeletedBlockTransactions.java:addTransactionToDN(50)) - Transaction added: c2c40a72-a699-49b1-b721-1997d9d2c71f <- TX(7)
2021-08-15 14:03:30,072 [SCMBlockDeletingService#0] DEBUG block.SCMBlockDeletingService (DatanodeDeletedBlockTransactions.java:addTransactionToDN(50)) - Transaction added: 0475d2c2-d46f-403e-95a5-8ff1a5c32338 <- TX(8)
2021-08-15 14:03:30,072 [SCMBlockDeletingService#0] DEBUG block.SCMBlockDeletingService (DatanodeDeletedBlockTransactions.java:addTransactionToDN(50)) - Transaction added: c2c40a72-a699-49b1-b721-1997d9d2c71f <- TX(8)
2021-08-15 14:03:30,072 [SCMBlockDeletingService#0] DEBUG block.SCMBlockDeletingService (DatanodeDeletedBlockTransactions.java:addTransactionToDN(50)) - Transaction added: 0475d2c2-d46f-403e-95a5-8ff1a5c32338 <- TX(9)
2021-08-15 14:03:30,072 [SCMBlockDeletingService#0] DEBUG block.SCMBlockDeletingService (DatanodeDeletedBlockTransactions.java:addTransactionToDN(50)) - Transaction added: c2c40a72-a699-49b1-b721-1997d9d2c71f <- TX(9)
2021-08-15 14:03:30,072 [SCMBlockDeletingService#0] DEBUG block.SCMBlockDeletingService (DatanodeDeletedBlockTransactions.java:addTransactionToDN(50)) - Transaction added: 0475d2c2-d46f-403e-95a5-8ff1a5c32338 <- TX(10)
2021-08-15 14:03:30,072 [SCMBlockDeletingService#0] DEBUG block.SCMBlockDeletingService (DatanodeDeletedBlockTransactions.java:addTransactionToDN(50)) - Transaction added: c2c40a72-a699-49b1-b721-1997d9d2c71f <- TX(10)
2021-08-15 14:03:30,072 [SCMBlockDeletingService#0] DEBUG block.SCMBlockDeletingService (DatanodeDeletedBlockTransactions.java:addTransactionToDN(50)) - Transaction added: 0475d2c2-d46f-403e-95a5-8ff1a5c32338 <- TX(11)
2021-08-15 14:03:30,072 [SCMBlockDeletingService#0] DEBUG block.SCMBlockDeletingService (DatanodeDeletedBlockTransactions.java:addTransactionToDN(50)) - Transaction added: c2c40a72-a699-49b1-b721-1997d9d2c71f <- TX(11)
2021-08-15 14:03:30,072 [SCMBlockDeletingService#0] DEBUG block.SCMBlockDeletingService (DatanodeDeletedBlockTransactions.java:addTransactionToDN(50)) - Transaction added: c2c40a72-a699-49b1-b721-1997d9d2c71f <- TX(12)
2021-08-15 14:03:30,072 [SCMBlockDeletingService#0] DEBUG block.SCMBlockDeletingService (DatanodeDeletedBlockTransactions.java:addTransactionToDN(50)) - Transaction added: 0475d2c2-d46f-403e-95a5-8ff1a5c32338 <- TX(12)
2021-08-15 14:03:30,072 [SCMBlockDeletingService#0] DEBUG block.SCMBlockDeletingService (DatanodeDeletedBlockTransactions.java:addTransactionToDN(50)) - Transaction added: c2c40a72-a699-49b1-b721-1997d9d2c71f <- TX(13)
2021-08-15 14:03:30,072 [SCMBlockDeletingService#0] DEBUG block.SCMBlockDeletingService (DatanodeDeletedBlockTransactions.java:addTransactionToDN(50)) - Transaction added: 0475d2c2-d46f-403e-95a5-8ff1a5c32338 <- TX(13)
2021-08-15 14:03:30,072 [SCMBlockDeletingService#0] DEBUG block.SCMBlockDeletingService (DatanodeDeletedBlockTransactions.java:addTransactionToDN(50)) - Transaction added: 0475d2c2-d46f-403e-95a5-8ff1a5c32338 <- TX(14)
2021-08-15 14:03:30,072 [SCMBlockDeletingService#0] DEBUG block.SCMBlockDeletingService (DatanodeDeletedBlockTransactions.java:addTransactionToDN(50)) - Transaction added: c2c40a72-a699-49b1-b721-1997d9d2c71f <- TX(14)
2021-08-15 14:03:30,072 [SCMBlockDeletingService#0] DEBUG block.SCMBlockDeletingService (DatanodeDeletedBlockTransactions.java:addTransactionToDN(50)) - Transaction added: c2c40a72-a699-49b1-b721-1997d9d2c71f <- TX(15)
2021-08-15 14:03:30,072 [SCMBlockDeletingService#0] DEBUG block.SCMBlockDeletingService (DatanodeDeletedBlockTransactions.java:addTransactionToDN(50)) - Transaction added: 0475d2c2-d46f-403e-95a5-8ff1a5c32338 <- TX(15)
2021-08-15 14:03:30,072 [SCMBlockDeletingService#0] DEBUG block.SCMBlockDeletingService (DatanodeDeletedBlockTransactions.java:addTransactionToDN(50)) - Transaction added: 0475d2c2-d46f-403e-95a5-8ff1a5c32338 <- TX(16)
2021-08-15 14:03:30,072 [SCMBlockDeletingService#0] DEBUG block.SCMBlockDeletingService (DatanodeDeletedBlockTransactions.java:addTransactionToDN(50)) - Transaction added: c2c40a72-a699-49b1-b721-1997d9d2c71f <- TX(16)
2021-08-15 14:03:30,072 [SCMBlockDeletingService#0] DEBUG block.SCMBlockDeletingService (DatanodeDeletedBlockTransactions.java:addTransactionToDN(50)) - Transaction added: 0475d2c2-d46f-403e-95a5-8ff1a5c32338 <- TX(17)
2021-08-15 14:03:30,072 [SCMBlockDeletingService#0] DEBUG block.SCMBlockDeletingService (DatanodeDeletedBlockTransactions.java:addTransactionToDN(50)) - Transaction added: c2c40a72-a699-49b1-b721-1997d9d2c71f <- TX(17)
2021-08-15 14:03:30,072 [SCMBlockDeletingService#0] DEBUG block.SCMBlockDeletingService (DatanodeDeletedBlockTransactions.java:addTransactionToDN(50)) - Transaction added: f89ecde1-abfa-4530-92e2-4a065b7725ea <- TX(17)
2021-08-15 14:03:30,072 [SCMBlockDeletingService#0] DEBUG block.SCMBlockDeletingService (DatanodeDeletedBlockTransactions.java:addTransactionToDN(50)) - Transaction added: 0475d2c2-d46f-403e-95a5-8ff1a5c32338 <- TX(18)
2021-08-15 14:03:30,072 [SCMBlockDeletingService#0] DEBUG block.SCMBlockDeletingService (DatanodeDeletedBlockTransactions.java:addTransactionToDN(50)) - Transaction added: c2c40a72-a699-49b1-b721-1997d9d2c71f <- TX(18)
2021-08-15 14:03:30,072 [SCMBlockDeletingService#0] DEBUG block.SCMBlockDeletingService (DatanodeDeletedBlockTransactions.java:addTransactionToDN(50)) - Transaction added: f89ecde1-abfa-4530-92e2-4a065b7725ea <- TX(18)
2021-08-15 14:03:30,072 [SCMBlockDeletingService#0] DEBUG block.SCMBlockDeletingService (DatanodeDeletedBlockTransactions.java:addTransactionToDN(50)) - Transaction added: 0475d2c2-d46f-403e-95a5-8ff1a5c32338 <- TX(19)
2021-08-15 14:03:30,072 [SCMBlockDeletingService#0] DEBUG block.SCMBlockDeletingService (DatanodeDeletedBlockTransactions.java:addTransactionToDN(50)) - Transaction added: c2c40a72-a699-49b1-b721-1997d9d2c71f <- TX(19)
2021-08-15 14:03:30,072 [SCMBlockDeletingService#0] DEBUG block.SCMBlockDeletingService (DatanodeDeletedBlockTransactions.java:addTransactionToDN(50)) - Transaction added: f89ecde1-abfa-4530-92e2-4a065b7725ea <- TX(19)
2021-08-15 14:03:30,072 [SCMBlockDeletingService#0] DEBUG block.SCMBlockDeletingService (DatanodeDeletedBlockTransactions.java:addTransactionToDN(50)) - Transaction added: f89ecde1-abfa-4530-92e2-4a065b7725ea <- TX(20)
2021-08-15 14:03:30,072 [SCMBlockDeletingService#0] DEBUG block.SCMBlockDeletingService (DatanodeDeletedBlockTransactions.java:addTransactionToDN(50)) - Transaction added: c2c40a72-a699-49b1-b721-1997d9d2c71f <- TX(20)
2021-08-15 14:03:30,073 [SCMBlockDeletingService#0] DEBUG block.SCMBlockDeletingService (DatanodeDeletedBlockTransactions.java:addTransactionToDN(50)) - Transaction added: 0475d2c2-d46f-403e-95a5-8ff1a5c32338 <- TX(20)
2021-08-15 14:03:30,073 [SCMBlockDeletingService#0] DEBUG block.SCMBlockDeletingService (DatanodeDeletedBlockTransactions.java:addTransactionToDN(50)) - Transaction added: c2c40a72-a699-49b1-b721-1997d9d2c71f <- TX(21)
2021-08-15 14:03:30,073 [SCMBlockDeletingService#0] DEBUG block.SCMBlockDeletingService (DatanodeDeletedBlockTransactions.java:addTransactionToDN(50)) - Transaction added: f89ecde1-abfa-4530-92e2-4a065b7725ea <- TX(21)
2021-08-15 14:03:30,073 [SCMBlockDeletingService#0] DEBUG block.SCMBlockDeletingService (DatanodeDeletedBlockTransactions.java:addTransactionToDN(50)) - Transaction added: 0475d2c2-d46f-403e-95a5-8ff1a5c32338 <- TX(21)
2021-08-15 14:03:30,073 [SCMBlockDeletingService#0] DEBUG block.SCMBlockDeletingService (DatanodeDeletedBlockTransactions.java:addTransactionToDN(50)) - Transaction added: c2c40a72-a699-49b1-b721-1997d9d2c71f <- TX(22)
2021-08-15 14:03:30,073 [SCMBlockDeletingService#0] DEBUG block.SCMBlockDeletingService (DatanodeDeletedBlockTransactions.java:addTransactionToDN(50)) - Transaction added: f89ecde1-abfa-4530-92e2-4a065b7725ea <- TX(22)
2021-08-15 14:03:30,073 [SCMBlockDeletingService#0] DEBUG block.SCMBlockDeletingService (DatanodeDeletedBlockTransactions.java:addTransactionToDN(50)) - Transaction added: 0475d2c2-d46f-403e-95a5-8ff1a5c32338 <- TX(22)
2021-08-15 14:03:30,073 [SCMBlockDeletingService#0] DEBUG block.SCMBlockDeletingService (DatanodeDeletedBlockTransactions.java:addTransactionToDN(50)) - Transaction added: f89ecde1-abfa-4530-92e2-4a065b7725ea <- TX(23)
2021-08-15 14:03:30,073 [SCMBlockDeletingService#0] DEBUG block.SCMBlockDeletingService (DatanodeDeletedBlockTransactions.java:addTransactionToDN(50)) - Transaction added: 0475d2c2-d46f-403e-95a5-8ff1a5c32338 <- TX(23)
2021-08-15 14:03:30,073 [SCMBlockDeletingService#0] DEBUG block.SCMBlockDeletingService (DatanodeDeletedBlockTransactions.java:addTransactionToDN(50)) - Transaction added: c2c40a72-a699-49b1-b721-1997d9d2c71f <- TX(23)
2021-08-15 14:03:30,073 [SCMBlockDeletingService#0] DEBUG block.SCMBlockDeletingService (DatanodeDeletedBlockTransactions.java:addTransactionToDN(50)) - Transaction added: 0475d2c2-d46f-403e-95a5-8ff1a5c32338 <- TX(24)
2021-08-15 14:03:30,073 [SCMBlockDeletingService#0] DEBUG block.SCMBlockDeletingService (DatanodeDeletedBlockTransactions.java:addTransactionToDN(50)) - Transaction added: f89ecde1-abfa-4530-92e2-4a065b7725ea <- TX(24)
2021-08-15 14:03:30,073 [SCMBlockDeletingService#0] DEBUG block.SCMBlockDeletingService (DatanodeDeletedBlockTransactions.java:addTransactionToDN(50)) - Transaction added: c2c40a72-a699-49b1-b721-1997d9d2c71f <- TX(24)
2021-08-15 14:03:30,073 [SCMBlockDeletingService#0] DEBUG block.SCMBlockDeletingService (DatanodeDeletedBlockTransactions.java:addTransactionToDN(50)) - Transaction added: 0475d2c2-d46f-403e-95a5-8ff1a5c32338 <- TX(25)
2021-08-15 14:03:30,073 [SCMBlockDeletingService#0] DEBUG block.SCMBlockDeletingService (DatanodeDeletedBlockTransactions.java:addTransactionToDN(50)) - Transaction added: c2c40a72-a699-49b1-b721-1997d9d2c71f <- TX(25)
2021-08-15 14:03:30,073 [SCMBlockDeletingService#0] DEBUG block.SCMBlockDeletingService (DatanodeDeletedBlockTransactions.java:addTransactionToDN(50)) - Transaction added: f89ecde1-abfa-4530-92e2-4a065b7725ea <- TX(25)
2021-08-15 14:03:30,073 [SCMBlockDeletingService#0] DEBUG block.SCMBlockDeletingService (DatanodeDeletedBlockTransactions.java:addTransactionToDN(50)) - Transaction added: 0475d2c2-d46f-403e-95a5-8ff1a5c32338 <- TX(26)
2021-08-15 14:03:30,073 [SCMBlockDeletingService#0] DEBUG block.SCMBlockDeletingService (DatanodeDeletedBlockTransactions.java:addTransactionToDN(50)) - Transaction added: c2c40a72-a699-49b1-b721-1997d9d2c71f <- TX(26)
2021-08-15 14:03:30,073 [SCMBlockDeletingService#0] DEBUG block.SCMBlockDeletingService (DatanodeDeletedBlockTransactions.java:addTransactionToDN(50)) - Transaction added: f89ecde1-abfa-4530-92e2-4a065b7725ea <- TX(26)
2021-08-15 14:03:30,073 [SCMBlockDeletingService#0] DEBUG block.SCMBlockDeletingService (DatanodeDeletedBlockTransactions.java:addTransactionToDN(50)) - Transaction added: 0475d2c2-d46f-403e-95a5-8ff1a5c32338 <- TX(27)
2021-08-15 14:03:30,073 [SCMBlockDeletingService#0] DEBUG block.SCMBlockDeletingService (DatanodeDeletedBlockTransactions.java:addTransactionToDN(50)) - Transaction added: c2c40a72-a699-49b1-b721-1997d9d2c71f <- TX(27)
2021-08-15 14:03:30,073 [SCMBlockDeletingService#0] DEBUG block.SCMBlockDeletingService (DatanodeDeletedBlockTransactions.java:addTransactionToDN(50)) - Transaction added: f89ecde1-abfa-4530-92e2-4a065b7725ea <- TX(27)
2021-08-15 14:03:30,073 [SCMBlockDeletingService#0] DEBUG block.SCMBlockDeletingService (SCMBlockDeletingService.java:call(164)) - Added delete block command for datanode c2c40a72-a699-49b1-b721-1997d9d2c71f in the queue, number of delete block transactions: 27
2021-08-15 14:03:30,073 [SCMBlockDeletingService#0] DEBUG block.SCMBlockDeletingService (SCMBlockDeletingService.java:call(164)) - Added delete block command for datanode 0475d2c2-d46f-403e-95a5-8ff1a5c32338 in the queue, number of delete block transactions: 27
2021-08-15 14:03:30,073 [SCMBlockDeletingService#0] DEBUG block.SCMBlockDeletingService (SCMBlockDeletingService.java:call(164)) - Added delete block command for datanode f89ecde1-abfa-4530-92e2-4a065b7725ea in the queue, number of delete block transactions: 11
2021-08-15 14:03:30,073 [SCMBlockDeletingService#0] INFO  block.SCMBlockDeletingService (SCMBlockDeletingService.java:call(174)) - Totally added 65 blocks to be deleted for 3 datanodes, task elapsed time: 3ms
2021-08-15 14:03:30,137 [EventQueue-ContainerReportForContainerReportHandler] INFO  container.ContainerReportHandler (AbstractContainerReportHandler.java:updateContainerState(223)) - Moving container #28 to CLOSED state, datanode c2c40a72-a699-49b1-b721-1997d9d2c71f{ip: 10.1.0.17, host: fv-az184-677.3ow45vhwbzuu5incsxmygykede.cx.internal.cloudapp.net, ports: [REPLICATION=40199, RATIS=43041, RATIS_ADMIN=43041, RATIS_SERVER=43041, STANDALONE=37757], networkLocation: /default-rack, certSerialId: null, persistedOpState: IN_SERVICE, persistedOpStateExpiryEpochSec: 0} reported CLOSED replica.
2021-08-15 14:03:30,137 [EventQueue-ContainerReportForContainerReportHandler] INFO  container.ContainerReportHandler (AbstractContainerReportHandler.java:updateContainerState(223)) - Moving container #29 to CLOSED state, datanode c2c40a72-a699-49b1-b721-1997d9d2c71f{ip: 10.1.0.17, host: fv-az184-677.3ow45vhwbzuu5incsxmygykede.cx.internal.cloudapp.net, ports: [REPLICATION=40199, RATIS=43041, RATIS_ADMIN=43041, RATIS_SERVER=43041, STANDALONE=37757], networkLocation: /default-rack, certSerialId: null, persistedOpState: IN_SERVICE, persistedOpStateExpiryEpochSec: 0} reported CLOSED replica.
2021-08-15 14:03:30,138 [EventQueue-ContainerReportForContainerReportHandler] INFO  container.ContainerReportHandler (AbstractContainerReportHandler.java:updateContainerState(223)) - Moving container #30 to CLOSED state, datanode c2c40a72-a699-49b1-b721-1997d9d2c71f{ip: 10.1.0.17, host: fv-az184-677.3ow45vhwbzuu5incsxmygykede.cx.internal.cloudapp.net, ports: [REPLICATION=40199, RATIS=43041, RATIS_ADMIN=43041, RATIS_SERVER=43041, STANDALONE=37757], networkLocation: /default-rack, certSerialId: null, persistedOpState: IN_SERVICE, persistedOpStateExpiryEpochSec: 0} reported CLOSED replica.
2021-08-15 14:03:30,138 [EventQueue-ContainerReportForContainerReportHandler] INFO  container.ContainerReportHandler (AbstractContainerReportHandler.java:updateContainerState(223)) - Moving container #31 to CLOSED state, datanode c2c40a72-a699-49b1-b721-1997d9d2c71f{ip: 10.1.0.17, host: fv-az184-677.3ow45vhwbzuu5incsxmygykede.cx.internal.cloudapp.net, ports: [REPLICATION=40199, RATIS=43041, RATIS_ADMIN=43041, RATIS_SERVER=43041, STANDALONE=37757], networkLocation: /default-rack, certSerialId: null, persistedOpState: IN_SERVICE, persistedOpStateExpiryEpochSec: 0} reported CLOSED replica.
2021-08-15 14:03:30,138 [EventQueue-ContainerReportForContainerReportHandler] INFO  container.ContainerReportHandler (AbstractContainerReportHandler.java:updateContainerState(223)) - Moving container #32 to CLOSED state, datanode c2c40a72-a699-49b1-b721-1997d9d2c71f{ip: 10.1.0.17, host: fv-az184-677.3ow45vhwbzuu5incsxmygykede.cx.internal.cloudapp.net, ports: [REPLICATION=40199, RATIS=43041, RATIS_ADMIN=43041, RATIS_SERVER=43041, STANDALONE=37757], networkLocation: /default-rack, certSerialId: null, persistedOpState: IN_SERVICE, persistedOpStateExpiryEpochSec: 0} reported CLOSED replica.
2021-08-15 14:03:30,138 [EventQueue-ContainerReportForContainerReportHandler] INFO  container.ContainerReportHandler (AbstractContainerReportHandler.java:updateContainerState(223)) - Moving container #33 to CLOSED state, datanode c2c40a72-a699-49b1-b721-1997d9d2c71f{ip: 10.1.0.17, host: fv-az184-677.3ow45vhwbzuu5incsxmygykede.cx.internal.cloudapp.net, ports: [REPLICATION=40199, RATIS=43041, RATIS_ADMIN=43041, RATIS_SERVER=43041, STANDALONE=37757], networkLocation: /default-rack, certSerialId: null, persistedOpState: IN_SERVICE, persistedOpStateExpiryEpochSec: 0} reported CLOSED replica.
2021-08-15 14:03:30,138 [EventQueue-ContainerReportForContainerReportHandler] INFO  container.ContainerReportHandler (AbstractContainerReportHandler.java:updateContainerState(223)) - Moving container #34 to CLOSED state, datanode c2c40a72-a699-49b1-b721-1997d9d2c71f{ip: 10.1.0.17, host: fv-az184-677.3ow45vhwbzuu5incsxmygykede.cx.internal.cloudapp.net, ports: [REPLICATION=40199, RATIS=43041, RATIS_ADMIN=43041, RATIS_SERVER=43041, STANDALONE=37757], networkLocation: /default-rack, certSerialId: null, persistedOpState: IN_SERVICE, persistedOpStateExpiryEpochSec: 0} reported CLOSED replica.
2021-08-15 14:03:30,138 [EventQueue-ContainerReportForContainerReportHandler] INFO  container.ContainerReportHandler (AbstractContainerReportHandler.java:updateContainerState(223)) - Moving container #35 to CLOSED state, datanode c2c40a72-a699-49b1-b721-1997d9d2c71f{ip: 10.1.0.17, host: fv-az184-677.3ow45vhwbzuu5incsxmygykede.cx.internal.cloudapp.net, ports: [REPLICATION=40199, RATIS=43041, RATIS_ADMIN=43041, RATIS_SERVER=43041, STANDALONE=37757], networkLocation: /default-rack, certSerialId: null, persistedOpState: IN_SERVICE, persistedOpStateExpiryEpochSec: 0} reported CLOSED replica.
2021-08-15 14:03:30,138 [EventQueue-ContainerReportForContainerReportHandler] INFO  container.ContainerReportHandler (AbstractContainerReportHandler.java:updateContainerState(223)) - Moving container #36 to CLOSED state, datanode c2c40a72-a699-49b1-b721-1997d9d2c71f{ip: 10.1.0.17, host: fv-az184-677.3ow45vhwbzuu5incsxmygykede.cx.internal.cloudapp.net, ports: [REPLICATION=40199, RATIS=43041, RATIS_ADMIN=43041, RATIS_SERVER=43041, STANDALONE=37757], networkLocation: /default-rack, certSerialId: null, persistedOpState: IN_SERVICE, persistedOpStateExpiryEpochSec: 0} reported CLOSED replica.
2021-08-15 14:03:30,138 [EventQueue-ContainerReportForContainerReportHandler] INFO  container.ContainerReportHandler (AbstractContainerReportHandler.java:updateContainerState(223)) - Moving container #37 to CLOSED state, datanode c2c40a72-a699-49b1-b721-1997d9d2c71f{ip: 10.1.0.17, host: fv-az184-677.3ow45vhwbzuu5incsxmygykede.cx.internal.cloudapp.net, ports: [REPLICATION=40199, RATIS=43041, RATIS_ADMIN=43041, RATIS_SERVER=43041, STANDALONE=37757], networkLocation: /default-rack, certSerialId: null, persistedOpState: IN_SERVICE, persistedOpStateExpiryEpochSec: 0} reported CLOSED replica.
2021-08-15 14:03:30,138 [EventQueue-ContainerReportForContainerReportHandler] INFO  container.ContainerReportHandler (AbstractContainerReportHandler.java:updateContainerState(223)) - Moving container #38 to CLOSED state, datanode c2c40a72-a699-49b1-b721-1997d9d2c71f{ip: 10.1.0.17, host: fv-az184-677.3ow45vhwbzuu5incsxmygykede.cx.internal.cloudapp.net, ports: [REPLICATION=40199, RATIS=43041, RATIS_ADMIN=43041, RATIS_SERVER=43041, STANDALONE=37757], networkLocation: /default-rack, certSerialId: null, persistedOpState: IN_SERVICE, persistedOpStateExpiryEpochSec: 0} reported CLOSED replica.
2021-08-15 14:03:30,138 [EventQueue-ContainerReportForContainerReportHandler] INFO  container.ContainerReportHandler (AbstractContainerReportHandler.java:updateContainerState(223)) - Moving container #39 to CLOSED state, datanode c2c40a72-a699-49b1-b721-1997d9d2c71f{ip: 10.1.0.17, host: fv-az184-677.3ow45vhwbzuu5incsxmygykede.cx.internal.cloudapp.net, ports: [REPLICATION=40199, RATIS=43041, RATIS_ADMIN=43041, RATIS_SERVER=43041, STANDALONE=37757], networkLocation: /default-rack, certSerialId: null, persistedOpState: IN_SERVICE, persistedOpStateExpiryEpochSec: 0} reported CLOSED replica.
2021-08-15 14:03:30,138 [EventQueue-ContainerReportForContainerReportHandler] INFO  container.ContainerReportHandler (AbstractContainerReportHandler.java:updateContainerState(223)) - Moving container #40 to CLOSED state, datanode c2c40a72-a699-49b1-b721-1997d9d2c71f{ip: 10.1.0.17, host: fv-az184-677.3ow45vhwbzuu5incsxmygykede.cx.internal.cloudapp.net, ports: [REPLICATION=40199, RATIS=43041, RATIS_ADMIN=43041, RATIS_SERVER=43041, STANDALONE=37757], networkLocation: /default-rack, certSerialId: null, persistedOpState: IN_SERVICE, persistedOpStateExpiryEpochSec: 0} reported CLOSED replica.
2021-08-15 14:03:30,138 [EventQueue-ContainerReportForContainerReportHandler] INFO  container.ContainerReportHandler (AbstractContainerReportHandler.java:updateContainerState(223)) - Moving container #41 to CLOSED state, datanode c2c40a72-a699-49b1-b721-1997d9d2c71f{ip: 10.1.0.17, host: fv-az184-677.3ow45vhwbzuu5incsxmygykede.cx.internal.cloudapp.net, ports: [REPLICATION=40199, RATIS=43041, RATIS_ADMIN=43041, RATIS_SERVER=43041, STANDALONE=37757], networkLocation: /default-rack, certSerialId: null, persistedOpState: IN_SERVICE, persistedOpStateExpiryEpochSec: 0} reported CLOSED replica.
2021-08-15 14:03:30,139 [EventQueue-ContainerReportForContainerReportHandler] INFO  container.ContainerReportHandler (AbstractContainerReportHandler.java:updateContainerState(223)) - Moving container #42 to CLOSED state, datanode c2c40a72-a699-49b1-b721-1997d9d2c71f{ip: 10.1.0.17, host: fv-az184-677.3ow45vhwbzuu5incsxmygykede.cx.internal.cloudapp.net, ports: [REPLICATION=40199, RATIS=43041, RATIS_ADMIN=43041, RATIS_SERVER=43041, STANDALONE=37757], networkLocation: /default-rack, certSerialId: null, persistedOpState: IN_SERVICE, persistedOpStateExpiryEpochSec: 0} reported CLOSED replica.
2021-08-15 14:03:30,139 [EventQueue-ContainerReportForContainerReportHandler] INFO  container.ContainerReportHandler (AbstractContainerReportHandler.java:updateContainerState(223)) - Moving container #43 to CLOSED state, datanode c2c40a72-a699-49b1-b721-1997d9d2c71f{ip: 10.1.0.17, host: fv-az184-677.3ow45vhwbzuu5incsxmygykede.cx.internal.cloudapp.net, ports: [REPLICATION=40199, RATIS=43041, RATIS_ADMIN=43041, RATIS_SERVER=43041, STANDALONE=37757], networkLocation: /default-rack, certSerialId: null, persistedOpState: IN_SERVICE, persistedOpStateExpiryEpochSec: 0} reported CLOSED replica.
2021-08-15 14:03:30,139 [EventQueue-ContainerReportForContainerReportHandler] INFO  container.ContainerReportHandler (AbstractContainerReportHandler.java:updateContainerState(223)) - Moving container #44 to CLOSED state, datanode c2c40a72-a699-49b1-b721-1997d9d2c71f{ip: 10.1.0.17, host: fv-az184-677.3ow45vhwbzuu5incsxmygykede.cx.internal.cloudapp.net, ports: [REPLICATION=40199, RATIS=43041, RATIS_ADMIN=43041, RATIS_SERVER=43041, STANDALONE=37757], networkLocation: /default-rack, certSerialId: null, persistedOpState: IN_SERVICE, persistedOpStateExpiryEpochSec: 0} reported CLOSED replica.
2021-08-15 14:03:30,139 [EventQueue-ContainerReportForContainerReportHandler] INFO  container.ContainerReportHandler (AbstractContainerReportHandler.java:updateContainerState(223)) - Moving container #45 to CLOSED state, datanode c2c40a72-a699-49b1-b721-1997d9d2c71f{ip: 10.1.0.17, host: fv-az184-677.3ow45vhwbzuu5incsxmygykede.cx.internal.cloudapp.net, ports: [REPLICATION=40199, RATIS=43041, RATIS_ADMIN=43041, RATIS_SERVER=43041, STANDALONE=37757], networkLocation: /default-rack, certSerialId: null, persistedOpState: IN_SERVICE, persistedOpStateExpiryEpochSec: 0} reported CLOSED replica.
2021-08-15 14:03:30,139 [EventQueue-ContainerReportForContainerReportHandler] INFO  container.ContainerReportHandler (AbstractContainerReportHandler.java:updateContainerState(223)) - Moving container #46 to CLOSED state, datanode c2c40a72-a699-49b1-b721-1997d9d2c71f{ip: 10.1.0.17, host: fv-az184-677.3ow45vhwbzuu5incsxmygykede.cx.internal.cloudapp.net, ports: [REPLICATION=40199, RATIS=43041, RATIS_ADMIN=43041, RATIS_SERVER=43041, STANDALONE=37757], networkLocation: /default-rack, certSerialId: null, persistedOpState: IN_SERVICE, persistedOpStateExpiryEpochSec: 0} reported CLOSED replica.
2021-08-15 14:03:30,139 [EventQueue-ContainerReportForContainerReportHandler] INFO  container.ContainerReportHandler (AbstractContainerReportHandler.java:updateContainerState(223)) - Moving container #47 to CLOSED state, datanode c2c40a72-a699-49b1-b721-1997d9d2c71f{ip: 10.1.0.17, host: fv-az184-677.3ow45vhwbzuu5incsxmygykede.cx.internal.cloudapp.net, ports: [REPLICATION=40199, RATIS=43041, RATIS_ADMIN=43041, RATIS_SERVER=43041, STANDALONE=37757], networkLocation: /default-rack, certSerialId: null, persistedOpState: IN_SERVICE, persistedOpStateExpiryEpochSec: 0} reported CLOSED replica.
2021-08-15 14:03:30,139 [EventQueue-ContainerReportForContainerReportHandler] INFO  container.ContainerReportHandler (AbstractContainerReportHandler.java:updateContainerState(223)) - Moving container #48 to CLOSED state, datanode c2c40a72-a699-49b1-b721-1997d9d2c71f{ip: 10.1.0.17, host: fv-az184-677.3ow45vhwbzuu5incsxmygykede.cx.internal.cloudapp.net, ports: [REPLICATION=40199, RATIS=43041, RATIS_ADMIN=43041, RATIS_SERVER=43041, STANDALONE=37757], networkLocation: /default-rack, certSerialId: null, persistedOpState: IN_SERVICE, persistedOpStateExpiryEpochSec: 0} reported CLOSED replica.
2021-08-15 14:03:30,139 [EventQueue-ContainerReportForContainerReportHandler] INFO  container.ContainerReportHandler (AbstractContainerReportHandler.java:updateContainerState(223)) - Moving container #49 to CLOSED state, datanode c2c40a72-a699-49b1-b721-1997d9d2c71f{ip: 10.1.0.17, host: fv-az184-677.3ow45vhwbzuu5incsxmygykede.cx.internal.cloudapp.net, ports: [REPLICATION=40199, RATIS=43041, RATIS_ADMIN=43041, RATIS_SERVER=43041, STANDALONE=37757], networkLocation: /default-rack, certSerialId: null, persistedOpState: IN_SERVICE, persistedOpStateExpiryEpochSec: 0} reported CLOSED replica.
2021-08-15 14:03:30,139 [EventQueue-ContainerReportForContainerReportHandler] INFO  container.ContainerReportHandler (AbstractContainerReportHandler.java:updateContainerState(223)) - Moving container #50 to CLOSED state, datanode c2c40a72-a699-49b1-b721-1997d9d2c71f{ip: 10.1.0.17, host: fv-az184-677.3ow45vhwbzuu5incsxmygykede.cx.internal.cloudapp.net, ports: [REPLICATION=40199, RATIS=43041, RATIS_ADMIN=43041, RATIS_SERVER=43041, STANDALONE=37757], networkLocation: /default-rack, certSerialId: null, persistedOpState: IN_SERVICE, persistedOpStateExpiryEpochSec: 0} reported CLOSED replica.
2021-08-15 14:03:30,139 [EventQueue-ContainerReportForContainerReportHandler] INFO  container.ContainerReportHandler (AbstractContainerReportHandler.java:updateContainerState(223)) - Moving container #51 to CLOSED state, datanode c2c40a72-a699-49b1-b721-1997d9d2c71f{ip: 10.1.0.17, host: fv-az184-677.3ow45vhwbzuu5incsxmygykede.cx.internal.cloudapp.net, ports: [REPLICATION=40199, RATIS=43041, RATIS_ADMIN=43041, RATIS_SERVER=43041, STANDALONE=37757], networkLocation: /default-rack, certSerialId: null, persistedOpState: IN_SERVICE, persistedOpStateExpiryEpochSec: 0} reported CLOSED replica.
2021-08-15 14:03:30,140 [EventQueue-ContainerReportForContainerReportHandler] INFO  container.ContainerReportHandler (AbstractContainerReportHandler.java:updateContainerState(223)) - Moving container #52 to CLOSED state, datanode c2c40a72-a699-49b1-b721-1997d9d2c71f{ip: 10.1.0.17, host: fv-az184-677.3ow45vhwbzuu5incsxmygykede.cx.internal.cloudapp.net, ports: [REPLICATION=40199, RATIS=43041, RATIS_ADMIN=43041, RATIS_SERVER=43041, STANDALONE=37757], networkLocation: /default-rack, certSerialId: null, persistedOpState: IN_SERVICE, persistedOpStateExpiryEpochSec: 0} reported CLOSED replica.
2021-08-15 14:03:30,140 [EventQueue-ContainerReportForContainerReportHandler] INFO  container.ContainerReportHandler (AbstractContainerReportHandler.java:updateContainerState(223)) - Moving container #53 to CLOSED state, datanode c2c40a72-a699-49b1-b721-1997d9d2c71f{ip: 10.1.0.17, host: fv-az184-677.3ow45vhwbzuu5incsxmygykede.cx.internal.cloudapp.net, ports: [REPLICATION=40199, RATIS=43041, RATIS_ADMIN=43041, RATIS_SERVER=43041, STANDALONE=37757], networkLocation: /default-rack, certSerialId: null, persistedOpState: IN_SERVICE, persistedOpStateExpiryEpochSec: 0} reported CLOSED replica.
2021-08-15 14:03:30,141 [EventQueue-ContainerReportForContainerReportHandler] INFO  container.ContainerReportHandler (AbstractContainerReportHandler.java:updateContainerState(223)) - Moving container #54 to CLOSED state, datanode c2c40a72-a699-49b1-b721-1997d9d2c71f{ip: 10.1.0.17, host: fv-az184-677.3ow45vhwbzuu5incsxmygykede.cx.internal.cloudapp.net, ports: [REPLICATION=40199, RATIS=43041, RATIS_ADMIN=43041, RATIS_SERVER=43041, STANDALONE=37757], networkLocation: /default-rack, certSerialId: null, persistedOpState: IN_SERVICE, persistedOpStateExpiryEpochSec: 0} reported CLOSED replica.
2021-08-15 14:03:30,141 [EventQueue-ContainerReportForContainerReportHandler] INFO  container.ContainerReportHandler (AbstractContainerReportHandler.java:updateContainerState(223)) - Moving container #55 to CLOSED state, datanode c2c40a72-a699-49b1-b721-1997d9d2c71f{ip: 10.1.0.17, host: fv-az184-677.3ow45vhwbzuu5incsxmygykede.cx.internal.cloudapp.net, ports: [REPLICATION=40199, RATIS=43041, RATIS_ADMIN=43041, RATIS_SERVER=43041, STANDALONE=37757], networkLocation: /default-rack, certSerialId: null, persistedOpState: IN_SERVICE, persistedOpStateExpiryEpochSec: 0} reported CLOSED replica.
2021-08-15 14:03:30,141 [EventQueue-ContainerReportForContainerReportHandler] INFO  container.ContainerReportHandler (AbstractContainerReportHandler.java:updateContainerState(223)) - Moving container #56 to CLOSED state, datanode c2c40a72-a699-49b1-b721-1997d9d2c71f{ip: 10.1.0.17, host: fv-az184-677.3ow45vhwbzuu5incsxmygykede.cx.internal.cloudapp.net, ports: [REPLICATION=40199, RATIS=43041, RATIS_ADMIN=43041, RATIS_SERVER=43041, STANDALONE=37757], networkLocation: /default-rack, certSerialId: null, persistedOpState: IN_SERVICE, persistedOpStateExpiryEpochSec: 0} reported CLOSED replica.
2021-08-15 14:03:30,171 [SCMBlockDeletingService#0] DEBUG block.SCMBlockDeletingService (SCMBlockDeletingService.java:call(133)) - Running DeletedBlockTransactionScanner
2021-08-15 14:03:30,172 [SCMBlockDeletingService#0] DEBUG block.SCMBlockDeletingService (DatanodeDeletedBlockTransactions.java:addTransactionToDN(50)) - Transaction added: 0475d2c2-d46f-403e-95a5-8ff1a5c32338 <- TX(1)
2021-08-15 14:03:30,172 [SCMBlockDeletingService#0] DEBUG block.SCMBlockDeletingService (DatanodeDeletedBlockTransactions.java:addTransactionToDN(50)) - Transaction added: c2c40a72-a699-49b1-b721-1997d9d2c71f <- TX(1)
2021-08-15 14:03:30,172 [SCMBlockDeletingService#0] DEBUG block.SCMBlockDeletingService (DatanodeDeletedBlockTransactions.java:addTransactionToDN(50)) - Transaction added: 0475d2c2-d46f-403e-95a5-8ff1a5c32338 <- TX(2)
2021-08-15 14:03:30,172 [SCMBlockDeletingService#0] DEBUG block.SCMBlockDeletingService (DatanodeDeletedBlockTransactions.java:addTransactionToDN(50)) - Transaction added: c2c40a72-a699-49b1-b721-1997d9d2c71f <- TX(2)
2021-08-15 14:03:30,172 [SCMBlockDeletingService#0] DEBUG block.SCMBlockDeletingService (DatanodeDeletedBlockTransactions.java:addTransactionToDN(50)) - Transaction added: 0475d2c2-d46f-403e-95a5-8ff1a5c32338 <- TX(3)
2021-08-15 14:03:30,172 [SCMBlockDeletingService#0] DEBUG block.SCMBlockDeletingService (DatanodeDeletedBlockTransactions.java:addTransactionToDN(50)) - Transaction added: c2c40a72-a699-49b1-b721-1997d9d2c71f <- TX(3)
2021-08-15 14:03:30,172 [SCMBlockDeletingService#0] DEBUG block.SCMBlockDeletingService (DatanodeDeletedBlockTransactions.java:addTransactionToDN(50)) - Transaction added: c2c40a72-a699-49b1-b721-1997d9d2c71f <- TX(4)
2021-08-15 14:03:30,172 [SCMBlockDeletingService#0] DEBUG block.SCMBlockDeletingService (DatanodeDeletedBlockTransactions.java:addTransactionToDN(50)) - Transaction added: 0475d2c2-d46f-403e-95a5-8ff1a5c32338 <- TX(4)
2021-08-15 14:03:30,172 [SCMBlockDeletingService#0] DEBUG block.SCMBlockDeletingService (DatanodeDeletedBlockTransactions.java:addTransactionToDN(50)) - Transaction added: c2c40a72-a699-49b1-b721-1997d9d2c71f <- TX(5)
2021-08-15 14:03:30,172 [SCMBlockDeletingService#0] DEBUG block.SCMBlockDeletingService (DatanodeDeletedBlockTransactions.java:addTransactionToDN(50)) - Transaction added: 0475d2c2-d46f-403e-95a5-8ff1a5c32338 <- TX(5)
2021-08-15 14:03:30,173 [SCMBlockDeletingService#0] DEBUG block.SCMBlockDeletingService (DatanodeDeletedBlockTransactions.java:addTransactionToDN(50)) - Transaction added: c2c40a72-a699-49b1-b721-1997d9d2c71f <- TX(6)
2021-08-15 14:03:30,173 [SCMBlockDeletingService#0] DEBUG block.SCMBlockDeletingService (DatanodeDeletedBlockTransactions.java:addTransactionToDN(50)) - Transaction added: 0475d2c2-d46f-403e-95a5-8ff1a5c32338 <- TX(6)
2021-08-15 14:03:30,173 [SCMBlockDeletingService#0] DEBUG block.SCMBlockDeletingService (DatanodeDeletedBlockTransactions.java:addTransactionToDN(50)) - Transaction added: 0475d2c2-d46f-403e-95a5-8ff1a5c32338 <- TX(7)
2021-08-15 14:03:30,173 [SCMBlockDeletingService#0] DEBUG block.SCMBlockDeletingService (DatanodeDeletedBlockTransactions.java:addTransactionToDN(50)) - Transaction added: c2c40a72-a699-49b1-b721-1997d9d2c71f <- TX(7)
2021-08-15 14:03:30,173 [SCMBlockDeletingService#0] DEBUG block.SCMBlockDeletingService (DatanodeDeletedBlockTransactions.java:addTransactionToDN(50)) - Transaction added: 0475d2c2-d46f-403e-95a5-8ff1a5c32338 <- TX(8)
2021-08-15 14:03:30,173 [SCMBlockDeletingService#0] DEBUG block.SCMBlockDeletingService (DatanodeDeletedBlockTransactions.java:addTransactionToDN(50)) - Transaction added: c2c40a72-a699-49b1-b721-1997d9d2c71f <- TX(8)
2021-08-15 14:03:30,173 [SCMBlockDeletingService#0] DEBUG block.SCMBlockDeletingService (DatanodeDeletedBlockTransactions.java:addTransactionToDN(50)) - Transaction added: 0475d2c2-d46f-403e-95a5-8ff1a5c32338 <- TX(9)
2021-08-15 14:03:30,173 [SCMBlockDeletingService#0] DEBUG block.SCMBlockDeletingService (DatanodeDeletedBlockTransactions.java:addTransactionToDN(50)) - Transaction added: c2c40a72-a699-49b1-b721-1997d9d2c71f <- TX(9)
2021-08-15 14:03:30,173 [SCMBlockDeletingService#0] DEBUG block.SCMBlockDeletingService (DatanodeDeletedBlockTransactions.java:addTransactionToDN(50)) - Transaction added: 0475d2c2-d46f-403e-95a5-8ff1a5c32338 <- TX(10)
2021-08-15 14:03:30,173 [SCMBlockDeletingService#0] DEBUG block.SCMBlockDeletingService (DatanodeDeletedBlockTransactions.java:addTransactionToDN(50)) - Transaction added: c2c40a72-a699-49b1-b721-1997d9d2c71f <- TX(10)
2021-08-15 14:03:30,173 [SCMBlockDeletingService#0] DEBUG block.SCMBlockDeletingService (DatanodeDeletedBlockTransactions.java:addTransactionToDN(50)) - Transaction added: 0475d2c2-d46f-403e-95a5-8ff1a5c32338 <- TX(11)
2021-08-15 14:03:30,173 [SCMBlockDeletingService#0] DEBUG block.SCMBlockDeletingService (DatanodeDeletedBlockTransactions.java:addTransactionToDN(50)) - Transaction added: c2c40a72-a699-49b1-b721-1997d9d2c71f <- TX(11)
2021-08-15 14:03:30,173 [SCMBlockDeletingService#0] DEBUG block.SCMBlockDeletingService (DatanodeDeletedBlockTransactions.java:addTransactionToDN(50)) - Transaction added: c2c40a72-a699-49b1-b721-1997d9d2c71f <- TX(12)
2021-08-15 14:03:30,173 [SCMBlockDeletingService#0] DEBUG block.SCMBlockDeletingService (DatanodeDeletedBlockTransactions.java:addTransactionToDN(50)) - Transaction added: 0475d2c2-d46f-403e-95a5-8ff1a5c32338 <- TX(12)
2021-08-15 14:03:30,173 [SCMBlockDeletingService#0] DEBUG block.SCMBlockDeletingService (DatanodeDeletedBlockTransactions.java:addTransactionToDN(50)) - Transaction added: c2c40a72-a699-49b1-b721-1997d9d2c71f <- TX(13)
2021-08-15 14:03:30,173 [SCMBlockDeletingService#0] DEBUG block.SCMBlockDeletingService (DatanodeDeletedBlockTransactions.java:addTransactionToDN(50)) - Transaction added: 0475d2c2-d46f-403e-95a5-8ff1a5c32338 <- TX(13)
2021-08-15 14:03:30,173 [SCMBlockDeletingService#0] DEBUG block.SCMBlockDeletingService (DatanodeDeletedBlockTransactions.java:addTransactionToDN(50)) - Transaction added: 0475d2c2-d46f-403e-95a5-8ff1a5c32338 <- TX(14)
2021-08-15 14:03:30,173 [SCMBlockDeletingService#0] DEBUG block.SCMBlockDeletingService (DatanodeDeletedBlockTransactions.java:addTransactionToDN(50)) - Transaction added: c2c40a72-a699-49b1-b721-1997d9d2c71f <- TX(14)
2021-08-15 14:03:30,173 [SCMBlockDeletingService#0] DEBUG block.SCMBlockDeletingService (DatanodeDeletedBlockTransactions.java:addTransactionToDN(50)) - Transaction added: c2c40a72-a699-49b1-b721-1997d9d2c71f <- TX(15)
2021-08-15 14:03:30,173 [SCMBlockDeletingService#0] DEBUG block.SCMBlockDeletingService (DatanodeDeletedBlockTransactions.java:addTransactionToDN(50)) - Transaction added: 0475d2c2-d46f-403e-95a5-8ff1a5c32338 <- TX(15)
2021-08-15 14:03:30,173 [SCMBlockDeletingService#0] DEBUG block.SCMBlockDeletingService (DatanodeDeletedBlockTransactions.java:addTransactionToDN(50)) - Transaction added: 0475d2c2-d46f-403e-95a5-8ff1a5c32338 <- TX(16)
2021-08-15 14:03:30,173 [SCMBlockDeletingService#0] DEBUG block.SCMBlockDeletingService (DatanodeDeletedBlockTransactions.java:addTransactionToDN(50)) - Transaction added: c2c40a72-a699-49b1-b721-1997d9d2c71f <- TX(16)
2021-08-15 14:03:30,173 [SCMBlockDeletingService#0] DEBUG block.SCMBlockDeletingService (DatanodeDeletedBlockTransactions.java:addTransactionToDN(50)) - Transaction added: 0475d2c2-d46f-403e-95a5-8ff1a5c32338 <- TX(17)
2021-08-15 14:03:30,173 [SCMBlockDeletingService#0] DEBUG block.SCMBlockDeletingService (DatanodeDeletedBlockTransactions.java:addTransactionToDN(50)) - Transaction added: c2c40a72-a699-49b1-b721-1997d9d2c71f <- TX(17)
2021-08-15 14:03:30,173 [SCMBlockDeletingService#0] DEBUG block.SCMBlockDeletingService (DatanodeDeletedBlockTransactions.java:addTransactionToDN(50)) - Transaction added: f89ecde1-abfa-4530-92e2-4a065b7725ea <- TX(17)
2021-08-15 14:03:30,173 [SCMBlockDeletingService#0] DEBUG block.SCMBlockDeletingService (DatanodeDeletedBlockTransactions.java:addTransactionToDN(50)) - Transaction added: 0475d2c2-d46f-403e-95a5-8ff1a5c32338 <- TX(18)
2021-08-15 14:03:30,173 [SCMBlockDeletingService#0] DEBUG block.SCMBlockDeletingService (DatanodeDeletedBlockTransactions.java:addTransactionToDN(50)) - Transaction added: c2c40a72-a699-49b1-b721-1997d9d2c71f <- TX(18)
2021-08-15 14:03:30,173 [SCMBlockDeletingService#0] DEBUG block.SCMBlockDeletingService (DatanodeDeletedBlockTransactions.java:addTransactionToDN(50)) - Transaction added: f89ecde1-abfa-4530-92e2-4a065b7725ea <- TX(18)
2021-08-15 14:03:30,173 [SCMBlockDeletingService#0] DEBUG block.SCMBlockDeletingService (DatanodeDeletedBlockTransactions.java:addTransactionToDN(50)) - Transaction added: 0475d2c2-d46f-403e-95a5-8ff1a5c32338 <- TX(19)
2021-08-15 14:03:30,173 [SCMBlockDeletingService#0] DEBUG block.SCMBlockDeletingService (DatanodeDeletedBlockTransactions.java:addTransactionToDN(50)) - Transaction added: c2c40a72-a699-49b1-b721-1997d9d2c71f <- TX(19)
2021-08-15 14:03:30,173 [SCMBlockDeletingService#0] DEBUG block.SCMBlockDeletingService (DatanodeDeletedBlockTransactions.java:addTransactionToDN(50)) - Transaction added: f89ecde1-abfa-4530-92e2-4a065b7725ea <- TX(19)
2021-08-15 14:03:30,173 [SCMBlockDeletingService#0] DEBUG block.SCMBlockDeletingService (DatanodeDeletedBlockTransactions.java:addTransactionToDN(50)) - Transaction added: f89ecde1-abfa-4530-92e2-4a065b7725ea <- TX(20)
2021-08-15 14:03:30,173 [SCMBlockDeletingService#0] DEBUG block.SCMBlockDeletingService (DatanodeDeletedBlockTransactions.java:addTransactionToDN(50)) - Transaction added: c2c40a72-a699-49b1-b721-1997d9d2c71f <- TX(20)
2021-08-15 14:03:30,173 [SCMBlockDeletingService#0] DEBUG block.SCMBlockDeletingService (DatanodeDeletedBlockTransactions.java:addTransactionToDN(50)) - Transaction added: 0475d2c2-d46f-403e-95a5-8ff1a5c32338 <- TX(20)
2021-08-15 14:03:30,173 [SCMBlockDeletingService#0] DEBUG block.SCMBlockDeletingService (DatanodeDeletedBlockTransactions.java:addTransactionToDN(50)) - Transaction added: c2c40a72-a699-49b1-b721-1997d9d2c71f <- TX(21)
2021-08-15 14:03:30,173 [SCMBlockDeletingService#0] DEBUG block.SCMBlockDeletingService (DatanodeDeletedBlockTransactions.java:addTransactionToDN(50)) - Transaction added: f89ecde1-abfa-4530-92e2-4a065b7725ea <- TX(21)
2021-08-15 14:03:30,173 [SCMBlockDeletingService#0] DEBUG block.SCMBlockDeletingService (DatanodeDeletedBlockTransactions.java:addTransactionToDN(50)) - Transaction added: 0475d2c2-d46f-403e-95a5-8ff1a5c32338 <- TX(21)
2021-08-15 14:03:30,173 [SCMBlockDeletingService#0] DEBUG block.SCMBlockDeletingService (DatanodeDeletedBlockTransactions.java:addTransactionToDN(50)) - Transaction added: c2c40a72-a699-49b1-b721-1997d9d2c71f <- TX(22)
2021-08-15 14:03:30,173 [SCMBlockDeletingService#0] DEBUG block.SCMBlockDeletingService (DatanodeDeletedBlockTransactions.java:addTransactionToDN(50)) - Transaction added: f89ecde1-abfa-4530-92e2-4a065b7725ea <- TX(22)
2021-08-15 14:03:30,174 [SCMBlockDeletingService#0] DEBUG block.SCMBlockDeletingService (DatanodeDeletedBlockTransactions.java:addTransactionToDN(50)) - Transaction added: 0475d2c2-d46f-403e-95a5-8ff1a5c32338 <- TX(22)
2021-08-15 14:03:30,174 [SCMBlockDeletingService#0] DEBUG block.SCMBlockDeletingService (DatanodeDeletedBlockTransactions.java:addTransactionToDN(50)) - Transaction added: f89ecde1-abfa-4530-92e2-4a065b7725ea <- TX(23)
2021-08-15 14:03:30,174 [SCMBlockDeletingService#0] DEBUG block.SCMBlockDeletingService (DatanodeDeletedBlockTransactions.java:addTransactionToDN(50)) - Transaction added: 0475d2c2-d46f-403e-95a5-8ff1a5c32338 <- TX(23)
2021-08-15 14:03:30,174 [SCMBlockDeletingService#0] DEBUG block.SCMBlockDeletingService (DatanodeDeletedBlockTransactions.java:addTransactionToDN(50)) - Transaction added: c2c40a72-a699-49b1-b721-1997d9d2c71f <- TX(23)
2021-08-15 14:03:30,174 [SCMBlockDeletingService#0] DEBUG block.SCMBlockDeletingService (DatanodeDeletedBlockTransactions.java:addTransactionToDN(50)) - Transaction added: 0475d2c2-d46f-403e-95a5-8ff1a5c32338 <- TX(24)
2021-08-15 14:03:30,174 [SCMBlockDeletingService#0] DEBUG block.SCMBlockDeletingService (DatanodeDeletedBlockTransactions.java:addTransactionToDN(50)) - Transaction added: f89ecde1-abfa-4530-92e2-4a065b7725ea <- TX(24)
2021-08-15 14:03:30,174 [SCMBlockDeletingService#0] DEBUG block.SCMBlockDeletingService (DatanodeDeletedBlockTransactions.java:addTransactionToDN(50)) - Transaction added: c2c40a72-a699-49b1-b721-1997d9d2c71f <- TX(24)
2021-08-15 14:03:30,174 [SCMBlockDeletingService#0] DEBUG block.SCMBlockDeletingService (DatanodeDeletedBlockTransactions.java:addTransactionToDN(50)) - Transaction added: 0475d2c2-d46f-403e-95a5-8ff1a5c32338 <- TX(25)
2021-08-15 14:03:30,174 [SCMBlockDeletingService#0] DEBUG block.SCMBlockDeletingService (DatanodeDeletedBlockTransactions.java:addTransactionToDN(50)) - Transaction added: c2c40a72-a699-49b1-b721-1997d9d2c71f <- TX(25)
2021-08-15 14:03:30,174 [SCMBlockDeletingService#0] DEBUG block.SCMBlockDeletingService (DatanodeDeletedBlockTransactions.java:addTransactionToDN(50)) - Transaction added: f89ecde1-abfa-4530-92e2-4a065b7725ea <- TX(25)
2021-08-15 14:03:30,174 [SCMBlockDeletingService#0] DEBUG block.SCMBlockDeletingService (DatanodeDeletedBlockTransactions.java:addTransactionToDN(50)) - Transaction added: 0475d2c2-d46f-403e-95a5-8ff1a5c32338 <- TX(26)
2021-08-15 14:03:30,174 [SCMBlockDeletingService#0] DEBUG block.SCMBlockDeletingService (DatanodeDeletedBlockTransactions.java:addTransactionToDN(50)) - Transaction added: c2c40a72-a699-49b1-b721-1997d9d2c71f <- TX(26)
2021-08-15 14:03:30,174 [SCMBlockDeletingService#0] DEBUG block.SCMBlockDeletingService (DatanodeDeletedBlockTransactions.java:addTransactionToDN(50)) - Transaction added: f89ecde1-abfa-4530-92e2-4a065b7725ea <- TX(26)
2021-08-15 14:03:30,174 [SCMBlockDeletingService#0] DEBUG block.SCMBlockDeletingService (DatanodeDeletedBlockTransactions.java:addTransactionToDN(50)) - Transaction added: 0475d2c2-d46f-403e-95a5-8ff1a5c32338 <- TX(27)
2021-08-15 14:03:30,174 [SCMBlockDeletingService#0] DEBUG block.SCMBlockDeletingService (DatanodeDeletedBlockTransactions.java:addTransactionToDN(50)) - Transaction added: c2c40a72-a699-49b1-b721-1997d9d2c71f <- TX(27)
2021-08-15 14:03:30,174 [SCMBlockDeletingService#0] DEBUG block.SCMBlockDeletingService (DatanodeDeletedBlockTransactions.java:addTransactionToDN(50)) - Transaction added: f89ecde1-abfa-4530-92e2-4a065b7725ea <- TX(27)
2021-08-15 14:03:30,174 [SCMBlockDeletingService#0] DEBUG block.SCMBlockDeletingService (DatanodeDeletedBlockTransactions.java:addTransactionToDN(50)) - Transaction added: f89ecde1-abfa-4530-92e2-4a065b7725ea <- TX(28)
2021-08-15 14:03:30,174 [SCMBlockDeletingService#0] DEBUG block.SCMBlockDeletingService (DatanodeDeletedBlockTransactions.java:addTransactionToDN(50)) - Transaction added: c2c40a72-a699-49b1-b721-1997d9d2c71f <- TX(28)
2021-08-15 14:03:30,174 [SCMBlockDeletingService#0] DEBUG block.SCMBlockDeletingService (DatanodeDeletedBlockTransactions.java:addTransactionToDN(50)) - Transaction added: 0475d2c2-d46f-403e-95a5-8ff1a5c32338 <- TX(28)
2021-08-15 14:03:30,174 [SCMBlockDeletingService#0] DEBUG block.SCMBlockDeletingService (DatanodeDeletedBlockTransactions.java:addTransactionToDN(50)) - Transaction added: c2c40a72-a699-49b1-b721-1997d9d2c71f <- TX(29)
2021-08-15 14:03:30,174 [SCMBlockDeletingService#0] DEBUG block.SCMBlockDeletingService (DatanodeDeletedBlockTransactions.java:addTransactionToDN(50)) - Transaction added: f89ecde1-abfa-4530-92e2-4a065b7725ea <- TX(29)
2021-08-15 14:03:30,174 [SCMBlockDeletingService#0] DEBUG block.SCMBlockDeletingService (DatanodeDeletedBlockTransactions.java:addTransactionToDN(50)) - Transaction added: 0475d2c2-d46f-403e-95a5-8ff1a5c32338 <- TX(29)
2021-08-15 14:03:30,174 [SCMBlockDeletingService#0] DEBUG block.SCMBlockDeletingService (DatanodeDeletedBlockTransactions.java:addTransactionToDN(50)) - Transaction added: f89ecde1-abfa-4530-92e2-4a065b7725ea <- TX(30)
2021-08-15 14:03:30,174 [SCMBlockDeletingService#0] DEBUG block.SCMBlockDeletingService (DatanodeDeletedBlockTransactions.java:addTransactionToDN(50)) - Transaction added: 0475d2c2-d46f-403e-95a5-8ff1a5c32338 <- TX(30)
2021-08-15 14:03:30,174 [SCMBlockDeletingService#0] DEBUG block.SCMBlockDeletingService (DatanodeDeletedBlockTransactions.java:addTransactionToDN(50)) - Transaction added: c2c40a72-a699-49b1-b721-1997d9d2c71f <- TX(30)
2021-08-15 14:03:30,174 [SCMBlockDeletingService#0] DEBUG block.SCMBlockDeletingService (DatanodeDeletedBlockTransactions.java:addTransactionToDN(50)) - Transaction added: c2c40a72-a699-49b1-b721-1997d9d2c71f <- TX(31)
2021-08-15 14:03:30,174 [SCMBlockDeletingService#0] DEBUG block.SCMBlockDeletingService (DatanodeDeletedBlockTransactions.java:addTransactionToDN(50)) - Transaction added: f89ecde1-abfa-4530-92e2-4a065b7725ea <- TX(31)
2021-08-15 14:03:30,174 [SCMBlockDeletingService#0] DEBUG block.SCMBlockDeletingService (DatanodeDeletedBlockTransactions.java:addTransactionToDN(50)) - Transaction added: 0475d2c2-d46f-403e-95a5-8ff1a5c32338 <- TX(31)
2021-08-15 14:03:30,174 [SCMBlockDeletingService#0] DEBUG block.SCMBlockDeletingService (DatanodeDeletedBlockTransactions.java:addTransactionToDN(50)) - Transaction added: 0475d2c2-d46f-403e-95a5-8ff1a5c32338 <- TX(32)
2021-08-15 14:03:30,174 [SCMBlockDeletingService#0] DEBUG block.SCMBlockDeletingService (DatanodeDeletedBlockTransactions.java:addTransactionToDN(50)) - Transaction added: f89ecde1-abfa-4530-92e2-4a065b7725ea <- TX(32)
2021-08-15 14:03:30,174 [SCMBlockDeletingService#0] DEBUG block.SCMBlockDeletingService (DatanodeDeletedBlockTransactions.java:addTransactionToDN(50)) - Transaction added: c2c40a72-a699-49b1-b721-1997d9d2c71f <- TX(32)
2021-08-15 14:03:30,174 [SCMBlockDeletingService#0] DEBUG block.SCMBlockDeletingService (DatanodeDeletedBlockTransactions.java:addTransactionToDN(50)) - Transaction added: 0475d2c2-d46f-403e-95a5-8ff1a5c32338 <- TX(33)
2021-08-15 14:03:30,174 [SCMBlockDeletingService#0] DEBUG block.SCMBlockDeletingService (DatanodeDeletedBlockTransactions.java:addTransactionToDN(50)) - Transaction added: c2c40a72-a699-49b1-b721-1997d9d2c71f <- TX(33)
2021-08-15 14:03:30,174 [SCMBlockDeletingService#0] DEBUG block.SCMBlockDeletingService (DatanodeDeletedBlockTransactions.java:addTransactionToDN(50)) - Transaction added: f89ecde1-abfa-4530-92e2-4a065b7725ea <- TX(33)
2021-08-15 14:03:30,174 [SCMBlockDeletingService#0] DEBUG block.SCMBlockDeletingService (DatanodeDeletedBlockTransactions.java:addTransactionToDN(50)) - Transaction added: 0475d2c2-d46f-403e-95a5-8ff1a5c32338 <- TX(34)
2021-08-15 14:03:30,174 [SCMBlockDeletingService#0] DEBUG block.SCMBlockDeletingService (DatanodeDeletedBlockTransactions.java:addTransactionToDN(50)) - Transaction added: c2c40a72-a699-49b1-b721-1997d9d2c71f <- TX(34)
2021-08-15 14:03:30,174 [SCMBlockDeletingService#0] DEBUG block.SCMBlockDeletingService (DatanodeDeletedBlockTransactions.java:addTransactionToDN(50)) - Transaction added: f89ecde1-abfa-4530-92e2-4a065b7725ea <- TX(34)
2021-08-15 14:03:30,174 [SCMBlockDeletingService#0] DEBUG block.SCMBlockDeletingService (DatanodeDeletedBlockTransactions.java:addTransactionToDN(50)) - Transaction added: 0475d2c2-d46f-403e-95a5-8ff1a5c32338 <- TX(35)
2021-08-15 14:03:30,174 [SCMBlockDeletingService#0] DEBUG block.SCMBlockDeletingService (DatanodeDeletedBlockTransactions.java:addTransactionToDN(50)) - Transaction added: c2c40a72-a699-49b1-b721-1997d9d2c71f <- TX(35)
2021-08-15 14:03:30,174 [SCMBlockDeletingService#0] DEBUG block.SCMBlockDeletingService (DatanodeDeletedBlockTransactions.java:addTransactionToDN(50)) - Transaction added: f89ecde1-abfa-4530-92e2-4a065b7725ea <- TX(35)
2021-08-15 14:03:30,175 [SCMBlockDeletingService#0] DEBUG block.SCMBlockDeletingService (DatanodeDeletedBlockTransactions.java:addTransactionToDN(50)) - Transaction added: f89ecde1-abfa-4530-92e2-4a065b7725ea <- TX(36)
2021-08-15 14:03:30,175 [SCMBlockDeletingService#0] DEBUG block.SCMBlockDeletingService (DatanodeDeletedBlockTransactions.java:addTransactionToDN(50)) - Transaction added: c2c40a72-a699-49b1-b721-1997d9d2c71f <- TX(36)
2021-08-15 14:03:30,175 [SCMBlockDeletingService#0] DEBUG block.SCMBlockDeletingService (DatanodeDeletedBlockTransactions.java:addTransactionToDN(50)) - Transaction added: 0475d2c2-d46f-403e-95a5-8ff1a5c32338 <- TX(36)
2021-08-15 14:03:30,175 [SCMBlockDeletingService#0] DEBUG block.SCMBlockDeletingService (DatanodeDeletedBlockTransactions.java:addTransactionToDN(50)) - Transaction added: c2c40a72-a699-49b1-b721-1997d9d2c71f <- TX(37)
2021-08-15 14:03:30,175 [SCMBlockDeletingService#0] DEBUG block.SCMBlockDeletingService (DatanodeDeletedBlockTransactions.java:addTransactionToDN(50)) - Transaction added: f89ecde1-abfa-4530-92e2-4a065b7725ea <- TX(37)
2021-08-15 14:03:30,175 [SCMBlockDeletingService#0] DEBUG block.SCMBlockDeletingService (DatanodeDeletedBlockTransactions.java:addTransactionToDN(50)) - Transaction added: 0475d2c2-d46f-403e-95a5-8ff1a5c32338 <- TX(37)
2021-08-15 14:03:30,175 [SCMBlockDeletingService#0] DEBUG block.SCMBlockDeletingService (DatanodeDeletedBlockTransactions.java:addTransactionToDN(50)) - Transaction added: c2c40a72-a699-49b1-b721-1997d9d2c71f <- TX(38)
2021-08-15 14:03:30,175 [SCMBlockDeletingService#0] DEBUG block.SCMBlockDeletingService (DatanodeDeletedBlockTransactions.java:addTransactionToDN(50)) - Transaction added: f89ecde1-abfa-4530-92e2-4a065b7725ea <- TX(38)
2021-08-15 14:03:30,175 [SCMBlockDeletingService#0] DEBUG block.SCMBlockDeletingService (DatanodeDeletedBlockTransactions.java:addTransactionToDN(50)) - Transaction added: 0475d2c2-d46f-403e-95a5-8ff1a5c32338 <- TX(38)
2021-08-15 14:03:30,175 [SCMBlockDeletingService#0] DEBUG block.SCMBlockDeletingService (DatanodeDeletedBlockTransactions.java:addTransactionToDN(50)) - Transaction added: f89ecde1-abfa-4530-92e2-4a065b7725ea <- TX(39)
2021-08-15 14:03:30,175 [SCMBlockDeletingService#0] DEBUG block.SCMBlockDeletingService (DatanodeDeletedBlockTransactions.java:addTransactionToDN(50)) - Transaction added: 0475d2c2-d46f-403e-95a5-8ff1a5c32338 <- TX(39)
2021-08-15 14:03:30,175 [SCMBlockDeletingService#0] DEBUG block.SCMBlockDeletingService (DatanodeDeletedBlockTransactions.java:addTransactionToDN(50)) - Transaction added: c2c40a72-a699-49b1-b721-1997d9d2c71f <- TX(39)
2021-08-15 14:03:30,175 [SCMBlockDeletingService#0] DEBUG block.SCMBlockDeletingService (DatanodeDeletedBlockTransactions.java:addTransactionToDN(50)) - Transaction added: 0475d2c2-d46f-403e-95a5-8ff1a5c32338 <- TX(40)
2021-08-15 14:03:30,175 [SCMBlockDeletingService#0] DEBUG block.SCMBlockDeletingService (DatanodeDeletedBlockTransactions.java:addTransactionToDN(50)) - Transaction added: f89ecde1-abfa-4530-92e2-4a065b7725ea <- TX(40)
2021-08-15 14:03:30,175 [SCMBlockDeletingService#0] DEBUG block.SCMBlockDeletingService (DatanodeDeletedBlockTransactions.java:addTransactionToDN(50)) - Transaction added: c2c40a72-a699-49b1-b721-1997d9d2c71f <- TX(40)
2021-08-15 14:03:30,175 [SCMBlockDeletingService#0] DEBUG block.SCMBlockDeletingService (DatanodeDeletedBlockTransactions.java:addTransactionToDN(50)) - Transaction added: 0475d2c2-d46f-403e-95a5-8ff1a5c32338 <- TX(41)
2021-08-15 14:03:30,175 [SCMBlockDeletingService#0] DEBUG block.SCMBlockDeletingService (DatanodeDeletedBlockTransactions.java:addTransactionToDN(50)) - Transaction added: c2c40a72-a699-49b1-b721-1997d9d2c71f <- TX(41)
2021-08-15 14:03:30,175 [SCMBlockDeletingService#0] DEBUG block.SCMBlockDeletingService (DatanodeDeletedBlockTransactions.java:addTransactionToDN(50)) - Transaction added: f89ecde1-abfa-4530-92e2-4a065b7725ea <- TX(41)
2021-08-15 14:03:30,175 [SCMBlockDeletingService#0] DEBUG block.SCMBlockDeletingService (DatanodeDeletedBlockTransactions.java:addTransactionToDN(50)) - Transaction added: 0475d2c2-d46f-403e-95a5-8ff1a5c32338 <- TX(42)
2021-08-15 14:03:30,175 [SCMBlockDeletingService#0] DEBUG block.SCMBlockDeletingService (DatanodeDeletedBlockTransactions.java:addTransactionToDN(50)) - Transaction added: c2c40a72-a699-49b1-b721-1997d9d2c71f <- TX(42)
2021-08-15 14:03:30,175 [SCMBlockDeletingService#0] DEBUG block.SCMBlockDeletingService (DatanodeDeletedBlockTransactions.java:addTransactionToDN(50)) - Transaction added: f89ecde1-abfa-4530-92e2-4a065b7725ea <- TX(42)
2021-08-15 14:03:30,175 [SCMBlockDeletingService#0] DEBUG block.SCMBlockDeletingService (DatanodeDeletedBlockTransactions.java:addTransactionToDN(50)) - Transaction added: 0475d2c2-d46f-403e-95a5-8ff1a5c32338 <- TX(43)
2021-08-15 14:03:30,175 [SCMBlockDeletingService#0] DEBUG block.SCMBlockDeletingService (DatanodeDeletedBlockTransactions.java:addTransactionToDN(50)) - Transaction added: c2c40a72-a699-49b1-b721-1997d9d2c71f <- TX(43)
2021-08-15 14:03:30,175 [SCMBlockDeletingService#0] DEBUG block.SCMBlockDeletingService (DatanodeDeletedBlockTransactions.java:addTransactionToDN(50)) - Transaction added: f89ecde1-abfa-4530-92e2-4a065b7725ea <- TX(43)
2021-08-15 14:03:30,175 [SCMBlockDeletingService#0] DEBUG block.SCMBlockDeletingService (DatanodeDeletedBlockTransactions.java:addTransactionToDN(50)) - Transaction added: f89ecde1-abfa-4530-92e2-4a065b7725ea <- TX(44)
2021-08-15 14:03:30,175 [SCMBlockDeletingService#0] DEBUG block.SCMBlockDeletingService (DatanodeDeletedBlockTransactions.java:addTransactionToDN(50)) - Transaction added: c2c40a72-a699-49b1-b721-1997d9d2c71f <- TX(44)
2021-08-15 14:03:30,175 [SCMBlockDeletingService#0] DEBUG block.SCMBlockDeletingService (DatanodeDeletedBlockTransactions.java:addTransactionToDN(50)) - Transaction added: 0475d2c2-d46f-403e-95a5-8ff1a5c32338 <- TX(44)
2021-08-15 14:03:30,175 [SCMBlockDeletingService#0] DEBUG block.SCMBlockDeletingService (DatanodeDeletedBlockTransactions.java:addTransactionToDN(50)) - Transaction added: c2c40a72-a699-49b1-b721-1997d9d2c71f <- TX(45)
2021-08-15 14:03:30,175 [SCMBlockDeletingService#0] DEBUG block.SCMBlockDeletingService (DatanodeDeletedBlockTransactions.java:addTransactionToDN(50)) - Transaction added: f89ecde1-abfa-4530-92e2-4a065b7725ea <- TX(45)
2021-08-15 14:03:30,175 [SCMBlockDeletingService#0] DEBUG block.SCMBlockDeletingService (DatanodeDeletedBlockTransactions.java:addTransactionToDN(50)) - Transaction added: 0475d2c2-d46f-403e-95a5-8ff1a5c32338 <- TX(45)
2021-08-15 14:03:30,175 [SCMBlockDeletingService#0] DEBUG block.SCMBlockDeletingService (DatanodeDeletedBlockTransactions.java:addTransactionToDN(50)) - Transaction added: f89ecde1-abfa-4530-92e2-4a065b7725ea <- TX(46)
2021-08-15 14:03:30,175 [SCMBlockDeletingService#0] DEBUG block.SCMBlockDeletingService (DatanodeDeletedBlockTransactions.java:addTransactionToDN(50)) - Transaction added: 0475d2c2-d46f-403e-95a5-8ff1a5c32338 <- TX(46)
2021-08-15 14:03:30,175 [SCMBlockDeletingService#0] DEBUG block.SCMBlockDeletingService (DatanodeDeletedBlockTransactions.java:addTransactionToDN(50)) - Transaction added: c2c40a72-a699-49b1-b721-1997d9d2c71f <- TX(46)
2021-08-15 14:03:30,175 [SCMBlockDeletingService#0] DEBUG block.SCMBlockDeletingService (DatanodeDeletedBlockTransactions.java:addTransactionToDN(50)) - Transaction added: c2c40a72-a699-49b1-b721-1997d9d2c71f <- TX(47)
2021-08-15 14:03:30,175 [SCMBlockDeletingService#0] DEBUG block.SCMBlockDeletingService (DatanodeDeletedBlockTransactions.java:addTransactionToDN(50)) - Transaction added: f89ecde1-abfa-4530-92e2-4a065b7725ea <- TX(47)
2021-08-15 14:03:30,175 [SCMBlockDeletingService#0] DEBUG block.SCMBlockDeletingService (DatanodeDeletedBlockTransactions.java:addTransactionToDN(50)) - Transaction added: 0475d2c2-d46f-403e-95a5-8ff1a5c32338 <- TX(47)
2021-08-15 14:03:30,175 [SCMBlockDeletingService#0] DEBUG block.SCMBlockDeletingService (DatanodeDeletedBlockTransactions.java:addTransactionToDN(50)) - Transaction added: 0475d2c2-d46f-403e-95a5-8ff1a5c32338 <- TX(48)
2021-08-15 14:03:30,175 [SCMBlockDeletingService#0] DEBUG block.SCMBlockDeletingService (DatanodeDeletedBlockTransactions.java:addTransactionToDN(50)) - Transaction added: f89ecde1-abfa-4530-92e2-4a065b7725ea <- TX(48)
2021-08-15 14:03:30,175 [SCMBlockDeletingService#0] DEBUG block.SCMBlockDeletingService (DatanodeDeletedBlockTransactions.java:addTransactionToDN(50)) - Transaction added: c2c40a72-a699-49b1-b721-1997d9d2c71f <- TX(48)
2021-08-15 14:03:30,176 [SCMBlockDeletingService#0] DEBUG block.SCMBlockDeletingService (DatanodeDeletedBlockTransactions.java:addTransactionToDN(50)) - Transaction added: 0475d2c2-d46f-403e-95a5-8ff1a5c32338 <- TX(49)
2021-08-15 14:03:30,176 [SCMBlockDeletingService#0] DEBUG block.SCMBlockDeletingService (DatanodeDeletedBlockTransactions.java:addTransactionToDN(50)) - Transaction added: c2c40a72-a699-49b1-b721-1997d9d2c71f <- TX(49)
2021-08-15 14:03:30,176 [SCMBlockDeletingService#0] DEBUG block.SCMBlockDeletingService (DatanodeDeletedBlockTransactions.java:addTransactionToDN(50)) - Transaction added: f89ecde1-abfa-4530-92e2-4a065b7725ea <- TX(49)
2021-08-15 14:03:30,176 [SCMBlockDeletingService#0] DEBUG block.SCMBlockDeletingService (DatanodeDeletedBlockTransactions.java:addTransactionToDN(50)) - Transaction added: 0475d2c2-d46f-403e-95a5-8ff1a5c32338 <- TX(50)
2021-08-15 14:03:30,176 [SCMBlockDeletingService#0] DEBUG block.SCMBlockDeletingService (DatanodeDeletedBlockTransactions.java:addTransactionToDN(50)) - Transaction added: c2c40a72-a699-49b1-b721-1997d9d2c71f <- TX(50)
2021-08-15 14:03:30,176 [SCMBlockDeletingService#0] DEBUG block.SCMBlockDeletingService (DatanodeDeletedBlockTransactions.java:addTransactionToDN(50)) - Transaction added: f89ecde1-abfa-4530-92e2-4a065b7725ea <- TX(50)
2021-08-15 14:03:30,176 [SCMBlockDeletingService#0] DEBUG block.SCMBlockDeletingService (DatanodeDeletedBlockTransactions.java:addTransactionToDN(50)) - Transaction added: 0475d2c2-d46f-403e-95a5-8ff1a5c32338 <- TX(51)
2021-08-15 14:03:30,176 [SCMBlockDeletingService#0] DEBUG block.SCMBlockDeletingService (DatanodeDeletedBlockTransactions.java:addTransactionToDN(50)) - Transaction added: c2c40a72-a699-49b1-b721-1997d9d2c71f <- TX(51)
2021-08-15 14:03:30,176 [SCMBlockDeletingService#0] DEBUG block.SCMBlockDeletingService (DatanodeDeletedBlockTransactions.java:addTransactionToDN(50)) - Transaction added: f89ecde1-abfa-4530-92e2-4a065b7725ea <- TX(51)
2021-08-15 14:03:30,176 [SCMBlockDeletingService#0] DEBUG block.SCMBlockDeletingService (DatanodeDeletedBlockTransactions.java:addTransactionToDN(50)) - Transaction added: f89ecde1-abfa-4530-92e2-4a065b7725ea <- TX(52)
2021-08-15 14:03:30,176 [SCMBlockDeletingService#0] DEBUG block.SCMBlockDeletingService (DatanodeDeletedBlockTransactions.java:addTransactionToDN(50)) - Transaction added: c2c40a72-a699-49b1-b721-1997d9d2c71f <- TX(52)
2021-08-15 14:03:30,176 [SCMBlockDeletingService#0] DEBUG block.SCMBlockDeletingService (DatanodeDeletedBlockTransactions.java:addTransactionToDN(50)) - Transaction added: 0475d2c2-d46f-403e-95a5-8ff1a5c32338 <- TX(52)
2021-08-15 14:03:30,176 [SCMBlockDeletingService#0] DEBUG block.SCMBlockDeletingService (DatanodeDeletedBlockTransactions.java:addTransactionToDN(50)) - Transaction added: c2c40a72-a699-49b1-b721-1997d9d2c71f <- TX(53)
2021-08-15 14:03:30,176 [SCMBlockDeletingService#0] DEBUG block.SCMBlockDeletingService (DatanodeDeletedBlockTransactions.java:addTransactionToDN(50)) - Transaction added: f89ecde1-abfa-4530-92e2-4a065b7725ea <- TX(53)
2021-08-15 14:03:30,176 [SCMBlockDeletingService#0] DEBUG block.SCMBlockDeletingService (DatanodeDeletedBlockTransactions.java:addTransactionToDN(50)) - Transaction added: 0475d2c2-d46f-403e-95a5-8ff1a5c32338 <- TX(53)
2021-08-15 14:03:30,176 [SCMBlockDeletingService#0] DEBUG block.SCMBlockDeletingService (DatanodeDeletedBlockTransactions.java:addTransactionToDN(50)) - Transaction added: c2c40a72-a699-49b1-b721-1997d9d2c71f <- TX(54)
2021-08-15 14:03:30,176 [SCMBlockDeletingService#0] DEBUG block.SCMBlockDeletingService (DatanodeDeletedBlockTransactions.java:addTransactionToDN(50)) - Transaction added: f89ecde1-abfa-4530-92e2-4a065b7725ea <- TX(54)
2021-08-15 14:03:30,176 [SCMBlockDeletingService#0] DEBUG block.SCMBlockDeletingService (DatanodeDeletedBlockTransactions.java:addTransactionToDN(50)) - Transaction added: 0475d2c2-d46f-403e-95a5-8ff1a5c32338 <- TX(54)
2021-08-15 14:03:30,176 [SCMBlockDeletingService#0] DEBUG block.SCMBlockDeletingService (DatanodeDeletedBlockTransactions.java:addTransactionToDN(50)) - Transaction added: f89ecde1-abfa-4530-92e2-4a065b7725ea <- TX(55)
2021-08-15 14:03:30,176 [SCMBlockDeletingService#0] DEBUG block.SCMBlockDeletingService (DatanodeDeletedBlockTransactions.java:addTransactionToDN(50)) - Transaction added: 0475d2c2-d46f-403e-95a5-8ff1a5c32338 <- TX(55)
2021-08-15 14:03:30,176 [SCMBlockDeletingService#0] DEBUG block.SCMBlockDeletingService (DatanodeDeletedBlockTransactions.java:addTransactionToDN(50)) - Transaction added: c2c40a72-a699-49b1-b721-1997d9d2c71f <- TX(55)
2021-08-15 14:03:30,176 [SCMBlockDeletingService#0] DEBUG block.SCMBlockDeletingService (DatanodeDeletedBlockTransactions.java:addTransactionToDN(50)) - Transaction added: 0475d2c2-d46f-403e-95a5-8ff1a5c32338 <- TX(56)
2021-08-15 14:03:30,176 [SCMBlockDeletingService#0] DEBUG block.SCMBlockDeletingService (DatanodeDeletedBlockTransactions.java:addTransactionToDN(50)) - Transaction added: f89ecde1-abfa-4530-92e2-4a065b7725ea <- TX(56)
2021-08-15 14:03:30,176 [SCMBlockDeletingService#0] DEBUG block.SCMBlockDeletingService (DatanodeDeletedBlockTransactions.java:addTransactionToDN(50)) - Transaction added: c2c40a72-a699-49b1-b721-1997d9d2c71f <- TX(56)
2021-08-15 14:03:30,176 [SCMBlockDeletingService#0] DEBUG block.SCMBlockDeletingService (SCMBlockDeletingService.java:call(164)) - Added delete block command for datanode c2c40a72-a699-49b1-b721-1997d9d2c71f in the queue, number of delete block transactions: 56
2021-08-15 14:03:30,176 [SCMBlockDeletingService#0] DEBUG block.SCMBlockDeletingService (SCMBlockDeletingService.java:call(164)) - Added delete block command for datanode 0475d2c2-d46f-403e-95a5-8ff1a5c32338 in the queue, number of delete block transactions: 56
2021-08-15 14:03:30,176 [SCMBlockDeletingService#0] DEBUG block.SCMBlockDeletingService (SCMBlockDeletingService.java:call(164)) - Added delete block command for datanode f89ecde1-abfa-4530-92e2-4a065b7725ea in the queue, number of delete block transactions: 40
2021-08-15 14:03:30,176 [SCMBlockDeletingService#0] INFO  block.SCMBlockDeletingService (SCMBlockDeletingService.java:call(174)) - Totally added 152 blocks to be deleted for 3 datanodes, task elapsed time: 5ms
2021-08-15 14:03:30,240 [org.apache.hadoop.ozone.container.common.statemachine.commandhandler.DeleteBlocksCommandHandler$DeleteCmdWorker@7a932c03] INFO  commandhandler.DeleteBlocksCommandHandler (DeleteBlocksCommandHandler.java:processCmd(261)) - Start to delete container blocks, TXIDs=[1(0),2(0)], numOfContainers=2, numOfBlocks=2
2021-08-15 14:03:30,268 [org.apache.hadoop.ozone.container.common.statemachine.commandhandler.DeleteBlocksCommandHandler$DeleteCmdWorker@7a932c03] INFO  commandhandler.DeleteBlocksCommandHandler (DeleteBlocksCommandHandler.java:processCmd(261)) - Start to delete container blocks, TXIDs=[1(0),2(0),3(0)], numOfContainers=3, numOfBlocks=3
2021-08-15 14:03:30,271 [SCMBlockDeletingService#0] DEBUG block.SCMBlockDeletingService (SCMBlockDeletingService.java:call(133)) - Running DeletedBlockTransactionScanner
2021-08-15 14:03:30,271 [SCMBlockDeletingService#0] DEBUG block.SCMBlockDeletingService (DatanodeDeletedBlockTransactions.java:addTransactionToDN(50)) - Transaction added: 0475d2c2-d46f-403e-95a5-8ff1a5c32338 <- TX(1)
2021-08-15 14:03:30,271 [SCMBlockDeletingService#0] DEBUG block.SCMBlockDeletingService (DatanodeDeletedBlockTransactions.java:addTransactionToDN(50)) - Transaction added: c2c40a72-a699-49b1-b721-1997d9d2c71f <- TX(1)
2021-08-15 14:03:30,272 [SCMBlockDeletingService#0] DEBUG block.SCMBlockDeletingService (DatanodeDeletedBlockTransactions.java:addTransactionToDN(50)) - Transaction added: 0475d2c2-d46f-403e-95a5-8ff1a5c32338 <- TX(2)
2021-08-15 14:03:30,272 [SCMBlockDeletingService#0] DEBUG block.SCMBlockDeletingService (DatanodeDeletedBlockTransactions.java:addTransactionToDN(50)) - Transaction added: c2c40a72-a699-49b1-b721-1997d9d2c71f <- TX(2)
2021-08-15 14:03:30,272 [SCMBlockDeletingService#0] DEBUG block.SCMBlockDeletingService (DatanodeDeletedBlockTransactions.java:addTransactionToDN(50)) - Transaction added: 0475d2c2-d46f-403e-95a5-8ff1a5c32338 <- TX(3)
2021-08-15 14:03:30,272 [SCMBlockDeletingService#0] DEBUG block.SCMBlockDeletingService (DatanodeDeletedBlockTransactions.java:addTransactionToDN(50)) - Transaction added: c2c40a72-a699-49b1-b721-1997d9d2c71f <- TX(3)
2021-08-15 14:03:30,272 [SCMBlockDeletingService#0] DEBUG block.SCMBlockDeletingService (DatanodeDeletedBlockTransactions.java:addTransactionToDN(50)) - Transaction added: c2c40a72-a699-49b1-b721-1997d9d2c71f <- TX(4)
2021-08-15 14:03:30,272 [SCMBlockDeletingService#0] DEBUG block.SCMBlockDeletingService (DatanodeDeletedBlockTransactions.java:addTransactionToDN(50)) - Transaction added: 0475d2c2-d46f-403e-95a5-8ff1a5c32338 <- TX(4)
2021-08-15 14:03:30,272 [SCMBlockDeletingService#0] DEBUG block.SCMBlockDeletingService (DatanodeDeletedBlockTransactions.java:addTransactionToDN(50)) - Transaction added: c2c40a72-a699-49b1-b721-1997d9d2c71f <- TX(5)
2021-08-15 14:03:30,272 [SCMBlockDeletingService#0] DEBUG block.SCMBlockDeletingService (DatanodeDeletedBlockTransactions.java:addTransactionToDN(50)) - Transaction added: 0475d2c2-d46f-403e-95a5-8ff1a5c32338 <- TX(5)
2021-08-15 14:03:30,272 [SCMBlockDeletingService#0] DEBUG block.SCMBlockDeletingService (DatanodeDeletedBlockTransactions.java:addTransactionToDN(50)) - Transaction added: c2c40a72-a699-49b1-b721-1997d9d2c71f <- TX(6)
2021-08-15 14:03:30,272 [SCMBlockDeletingService#0] DEBUG block.SCMBlockDeletingService (DatanodeDeletedBlockTransactions.java:addTransactionToDN(50)) - Transaction added: 0475d2c2-d46f-403e-95a5-8ff1a5c32338 <- TX(6)
2021-08-15 14:03:30,272 [SCMBlockDeletingService#0] DEBUG block.SCMBlockDeletingService (DatanodeDeletedBlockTransactions.java:addTransactionToDN(50)) - Transaction added: 0475d2c2-d46f-403e-95a5-8ff1a5c32338 <- TX(7)
2021-08-15 14:03:30,272 [SCMBlockDeletingService#0] DEBUG block.SCMBlockDeletingService (DatanodeDeletedBlockTransactions.java:addTransactionToDN(50)) - Transaction added: c2c40a72-a699-49b1-b721-1997d9d2c71f <- TX(7)
2021-08-15 14:03:30,272 [SCMBlockDeletingService#0] DEBUG block.SCMBlockDeletingService (DatanodeDeletedBlockTransactions.java:addTransactionToDN(50)) - Transaction added: 0475d2c2-d46f-403e-95a5-8ff1a5c32338 <- TX(8)
2021-08-15 14:03:30,272 [SCMBlockDeletingService#0] DEBUG block.SCMBlockDeletingService (DatanodeDeletedBlockTransactions.java:addTransactionToDN(50)) - Transaction added: c2c40a72-a699-49b1-b721-1997d9d2c71f <- TX(8)
2021-08-15 14:03:30,272 [SCMBlockDeletingService#0] DEBUG block.SCMBlockDeletingService (DatanodeDeletedBlockTransactions.java:addTransactionToDN(50)) - Transaction added: 0475d2c2-d46f-403e-95a5-8ff1a5c32338 <- TX(9)
2021-08-15 14:03:30,272 [SCMBlockDeletingService#0] DEBUG block.SCMBlockDeletingService (DatanodeDeletedBlockTransactions.java:addTransactionToDN(50)) - Transaction added: c2c40a72-a699-49b1-b721-1997d9d2c71f <- TX(9)
2021-08-15 14:03:30,272 [SCMBlockDeletingService#0] DEBUG block.SCMBlockDeletingService (DatanodeDeletedBlockTransactions.java:addTransactionToDN(50)) - Transaction added: 0475d2c2-d46f-403e-95a5-8ff1a5c32338 <- TX(10)
2021-08-15 14:03:30,272 [SCMBlockDeletingService#0] DEBUG block.SCMBlockDeletingService (DatanodeDeletedBlockTransactions.java:addTransactionToDN(50)) - Transaction added: c2c40a72-a699-49b1-b721-1997d9d2c71f <- TX(10)
2021-08-15 14:03:30,272 [SCMBlockDeletingService#0] DEBUG block.SCMBlockDeletingService (DatanodeDeletedBlockTransactions.java:addTransactionToDN(50)) - Transaction added: 0475d2c2-d46f-403e-95a5-8ff1a5c32338 <- TX(11)
2021-08-15 14:03:30,272 [SCMBlockDeletingService#0] DEBUG block.SCMBlockDeletingService (DatanodeDeletedBlockTransactions.java:addTransactionToDN(50)) - Transaction added: c2c40a72-a699-49b1-b721-1997d9d2c71f <- TX(11)
2021-08-15 14:03:30,272 [SCMBlockDeletingService#0] DEBUG block.SCMBlockDeletingService (DatanodeDeletedBlockTransactions.java:addTransactionToDN(50)) - Transaction added: c2c40a72-a699-49b1-b721-1997d9d2c71f <- TX(12)
2021-08-15 14:03:30,272 [SCMBlockDeletingService#0] DEBUG block.SCMBlockDeletingService (DatanodeDeletedBlockTransactions.java:addTransactionToDN(50)) - Transaction added: 0475d2c2-d46f-403e-95a5-8ff1a5c32338 <- TX(12)
2021-08-15 14:03:30,272 [SCMBlockDeletingService#0] DEBUG block.SCMBlockDeletingService (DatanodeDeletedBlockTransactions.java:addTransactionToDN(50)) - Transaction added: c2c40a72-a699-49b1-b721-1997d9d2c71f <- TX(13)
2021-08-15 14:03:30,272 [SCMBlockDeletingService#0] DEBUG block.SCMBlockDeletingService (DatanodeDeletedBlockTransactions.java:addTransactionToDN(50)) - Transaction added: 0475d2c2-d46f-403e-95a5-8ff1a5c32338 <- TX(13)
2021-08-15 14:03:30,272 [SCMBlockDeletingService#0] DEBUG block.SCMBlockDeletingService (DatanodeDeletedBlockTransactions.java:addTransactionToDN(50)) - Transaction added: 0475d2c2-d46f-403e-95a5-8ff1a5c32338 <- TX(14)
2021-08-15 14:03:30,272 [SCMBlockDeletingService#0] DEBUG block.SCMBlockDeletingService (DatanodeDeletedBlockTransactions.java:addTransactionToDN(50)) - Transaction added: c2c40a72-a699-49b1-b721-1997d9d2c71f <- TX(14)
2021-08-15 14:03:30,272 [SCMBlockDeletingService#0] DEBUG block.SCMBlockDeletingService (DatanodeDeletedBlockTransactions.java:addTransactionToDN(50)) - Transaction added: c2c40a72-a699-49b1-b721-1997d9d2c71f <- TX(15)
2021-08-15 14:03:30,272 [SCMBlockDeletingService#0] DEBUG block.SCMBlockDeletingService (DatanodeDeletedBlockTransactions.java:addTransactionToDN(50)) - Transaction added: 0475d2c2-d46f-403e-95a5-8ff1a5c32338 <- TX(15)
2021-08-15 14:03:30,272 [SCMBlockDeletingService#0] DEBUG block.SCMBlockDeletingService (DatanodeDeletedBlockTransactions.java:addTransactionToDN(50)) - Transaction added: 0475d2c2-d46f-403e-95a5-8ff1a5c32338 <- TX(16)
2021-08-15 14:03:30,272 [SCMBlockDeletingService#0] DEBUG block.SCMBlockDeletingService (DatanodeDeletedBlockTransactions.java:addTransactionToDN(50)) - Transaction added: c2c40a72-a699-49b1-b721-1997d9d2c71f <- TX(16)
2021-08-15 14:03:30,273 [SCMBlockDeletingService#0] DEBUG block.SCMBlockDeletingService (DatanodeDeletedBlockTransactions.java:addTransactionToDN(50)) - Transaction added: 0475d2c2-d46f-403e-95a5-8ff1a5c32338 <- TX(17)
2021-08-15 14:03:30,273 [SCMBlockDeletingService#0] DEBUG block.SCMBlockDeletingService (DatanodeDeletedBlockTransactions.java:addTransactionToDN(50)) - Transaction added: c2c40a72-a699-49b1-b721-1997d9d2c71f <- TX(17)
2021-08-15 14:03:30,273 [SCMBlockDeletingService#0] DEBUG block.SCMBlockDeletingService (DatanodeDeletedBlockTransactions.java:addTransactionToDN(50)) - Transaction added: f89ecde1-abfa-4530-92e2-4a065b7725ea <- TX(17)
2021-08-15 14:03:30,273 [SCMBlockDeletingService#0] DEBUG block.SCMBlockDeletingService (DatanodeDeletedBlockTransactions.java:addTransactionToDN(50)) - Transaction added: 0475d2c2-d46f-403e-95a5-8ff1a5c32338 <- TX(18)
2021-08-15 14:03:30,273 [SCMBlockDeletingService#0] DEBUG block.SCMBlockDeletingService (DatanodeDeletedBlockTransactions.java:addTransactionToDN(50)) - Transaction added: c2c40a72-a699-49b1-b721-1997d9d2c71f <- TX(18)
2021-08-15 14:03:30,273 [SCMBlockDeletingService#0] DEBUG block.SCMBlockDeletingService (DatanodeDeletedBlockTransactions.java:addTransactionToDN(50)) - Transaction added: f89ecde1-abfa-4530-92e2-4a065b7725ea <- TX(18)
2021-08-15 14:03:30,273 [SCMBlockDeletingService#0] DEBUG block.SCMBlockDeletingService (DatanodeDeletedBlockTransactions.java:addTransactionToDN(50)) - Transaction added: 0475d2c2-d46f-403e-95a5-8ff1a5c32338 <- TX(19)
2021-08-15 14:03:30,273 [SCMBlockDeletingService#0] DEBUG block.SCMBlockDeletingService (DatanodeDeletedBlockTransactions.java:addTransactionToDN(50)) - Transaction added: c2c40a72-a699-49b1-b721-1997d9d2c71f <- TX(19)
2021-08-15 14:03:30,273 [SCMBlockDeletingService#0] DEBUG block.SCMBlockDeletingService (DatanodeDeletedBlockTransactions.java:addTransactionToDN(50)) - Transaction added: f89ecde1-abfa-4530-92e2-4a065b7725ea <- TX(19)
2021-08-15 14:03:30,273 [SCMBlockDeletingService#0] DEBUG block.SCMBlockDeletingService (DatanodeDeletedBlockTransactions.java:addTransactionToDN(50)) - Transaction added: f89ecde1-abfa-4530-92e2-4a065b7725ea <- TX(20)
2021-08-15 14:03:30,273 [SCMBlockDeletingService#0] DEBUG block.SCMBlockDeletingService (DatanodeDeletedBlockTransactions.java:addTransactionToDN(50)) - Transaction added: c2c40a72-a699-49b1-b721-1997d9d2c71f <- TX(20)
2021-08-15 14:03:30,273 [SCMBlockDeletingService#0] DEBUG block.SCMBlockDeletingService (DatanodeDeletedBlockTransactions.java:addTransactionToDN(50)) - Transaction added: 0475d2c2-d46f-403e-95a5-8ff1a5c32338 <- TX(20)
2021-08-15 14:03:30,273 [SCMBlockDeletingService#0] DEBUG block.SCMBlockDeletingService (DatanodeDeletedBlockTransactions.java:addTransactionToDN(50)) - Transaction added: c2c40a72-a699-49b1-b721-1997d9d2c71f <- TX(21)
2021-08-15 14:03:30,273 [SCMBlockDeletingService#0] DEBUG block.SCMBlockDeletingService (DatanodeDeletedBlockTransactions.java:addTransactionToDN(50)) - Transaction added: f89ecde1-abfa-4530-92e2-4a065b7725ea <- TX(21)
2021-08-15 14:03:30,273 [SCMBlockDeletingService#0] DEBUG block.SCMBlockDeletingService (DatanodeDeletedBlockTransactions.java:addTransactionToDN(50)) - Transaction added: 0475d2c2-d46f-403e-95a5-8ff1a5c32338 <- TX(21)
2021-08-15 14:03:30,273 [SCMBlockDeletingService#0] DEBUG block.SCMBlockDeletingService (DatanodeDeletedBlockTransactions.java:addTransactionToDN(50)) - Transaction added: c2c40a72-a699-49b1-b721-1997d9d2c71f <- TX(22)
2021-08-15 14:03:30,273 [SCMBlockDeletingService#0] DEBUG block.SCMBlockDeletingService (DatanodeDeletedBlockTransactions.java:addTransactionToDN(50)) - Transaction added: f89ecde1-abfa-4530-92e2-4a065b7725ea <- TX(22)
2021-08-15 14:03:30,273 [SCMBlockDeletingService#0] DEBUG block.SCMBlockDeletingService (DatanodeDeletedBlockTransactions.java:addTransactionToDN(50)) - Transaction added: 0475d2c2-d46f-403e-95a5-8ff1a5c32338 <- TX(22)
2021-08-15 14:03:30,273 [SCMBlockDeletingService#0] DEBUG block.SCMBlockDeletingService (DatanodeDeletedBlockTransactions.java:addTransactionToDN(50)) - Transaction added: f89ecde1-abfa-4530-92e2-4a065b7725ea <- TX(23)
2021-08-15 14:03:30,273 [SCMBlockDeletingService#0] DEBUG block.SCMBlockDeletingService (DatanodeDeletedBlockTransactions.java:addTransactionToDN(50)) - Transaction added: 0475d2c2-d46f-403e-95a5-8ff1a5c32338 <- TX(23)
2021-08-15 14:03:30,273 [SCMBlockDeletingService#0] DEBUG block.SCMBlockDeletingService (DatanodeDeletedBlockTransactions.java:addTransactionToDN(50)) - Transaction added: c2c40a72-a699-49b1-b721-1997d9d2c71f <- TX(23)
2021-08-15 14:03:30,273 [SCMBlockDeletingService#0] DEBUG block.SCMBlockDeletingService (DatanodeDeletedBlockTransactions.java:addTransactionToDN(50)) - Transaction added: 0475d2c2-d46f-403e-95a5-8ff1a5c32338 <- TX(24)
2021-08-15 14:03:30,273 [SCMBlockDeletingService#0] DEBUG block.SCMBlockDeletingService (DatanodeDeletedBlockTransactions.java:addTransactionToDN(50)) - Transaction added: f89ecde1-abfa-4530-92e2-4a065b7725ea <- TX(24)
2021-08-15 14:03:30,273 [SCMBlockDeletingService#0] DEBUG block.SCMBlockDeletingService (DatanodeDeletedBlockTransactions.java:addTransactionToDN(50)) - Transaction added: c2c40a72-a699-49b1-b721-1997d9d2c71f <- TX(24)
2021-08-15 14:03:30,273 [SCMBlockDeletingService#0] DEBUG block.SCMBlockDeletingService (DatanodeDeletedBlockTransactions.java:addTransactionToDN(50)) - Transaction added: 0475d2c2-d46f-403e-95a5-8ff1a5c32338 <- TX(25)
2021-08-15 14:03:30,273 [SCMBlockDeletingService#0] DEBUG block.SCMBlockDeletingService (DatanodeDeletedBlockTransactions.java:addTransactionToDN(50)) - Transaction added: c2c40a72-a699-49b1-b721-1997d9d2c71f <- TX(25)
2021-08-15 14:03:30,273 [SCMBlockDeletingService#0] DEBUG block.SCMBlockDeletingService (DatanodeDeletedBlockTransactions.java:addTransactionToDN(50)) - Transaction added: f89ecde1-abfa-4530-92e2-4a065b7725ea <- TX(25)
2021-08-15 14:03:30,273 [SCMBlockDeletingService#0] DEBUG block.SCMBlockDeletingService (DatanodeDeletedBlockTransactions.java:addTransactionToDN(50)) - Transaction added: 0475d2c2-d46f-403e-95a5-8ff1a5c32338 <- TX(26)
2021-08-15 14:03:30,273 [SCMBlockDeletingService#0] DEBUG block.SCMBlockDeletingService (DatanodeDeletedBlockTransactions.java:addTransactionToDN(50)) - Transaction added: c2c40a72-a699-49b1-b721-1997d9d2c71f <- TX(26)
2021-08-15 14:03:30,273 [SCMBlockDeletingService#0] DEBUG block.SCMBlockDeletingService (DatanodeDeletedBlockTransactions.java:addTransactionToDN(50)) - Transaction added: f89ecde1-abfa-4530-92e2-4a065b7725ea <- TX(26)
2021-08-15 14:03:30,273 [SCMBlockDeletingService#0] DEBUG block.SCMBlockDeletingService (DatanodeDeletedBlockTransactions.java:addTransactionToDN(50)) - Transaction added: 0475d2c2-d46f-403e-95a5-8ff1a5c32338 <- TX(27)
2021-08-15 14:03:30,273 [SCMBlockDeletingService#0] DEBUG block.SCMBlockDeletingService (DatanodeDeletedBlockTransactions.java:addTransactionToDN(50)) - Transaction added: c2c40a72-a699-49b1-b721-1997d9d2c71f <- TX(27)
2021-08-15 14:03:30,273 [SCMBlockDeletingService#0] DEBUG block.SCMBlockDeletingService (DatanodeDeletedBlockTransactions.java:addTransactionToDN(50)) - Transaction added: f89ecde1-abfa-4530-92e2-4a065b7725ea <- TX(27)
2021-08-15 14:03:30,273 [SCMBlockDeletingService#0] DEBUG block.SCMBlockDeletingService (DatanodeDeletedBlockTransactions.java:addTransactionToDN(50)) - Transaction added: f89ecde1-abfa-4530-92e2-4a065b7725ea <- TX(28)
2021-08-15 14:03:30,273 [SCMBlockDeletingService#0] DEBUG block.SCMBlockDeletingService (DatanodeDeletedBlockTransactions.java:addTransactionToDN(50)) - Transaction added: c2c40a72-a699-49b1-b721-1997d9d2c71f <- TX(28)
2021-08-15 14:03:30,273 [SCMBlockDeletingService#0] DEBUG block.SCMBlockDeletingService (DatanodeDeletedBlockTransactions.java:addTransactionToDN(50)) - Transaction added: 0475d2c2-d46f-403e-95a5-8ff1a5c32338 <- TX(28)
2021-08-15 14:03:30,274 [SCMBlockDeletingService#0] DEBUG block.SCMBlockDeletingService (DatanodeDeletedBlockTransactions.java:addTransactionToDN(50)) - Transaction added: c2c40a72-a699-49b1-b721-1997d9d2c71f <- TX(29)
2021-08-15 14:03:30,274 [SCMBlockDeletingService#0] DEBUG block.SCMBlockDeletingService (DatanodeDeletedBlockTransactions.java:addTransactionToDN(50)) - Transaction added: f89ecde1-abfa-4530-92e2-4a065b7725ea <- TX(29)
2021-08-15 14:03:30,274 [SCMBlockDeletingService#0] DEBUG block.SCMBlockDeletingService (DatanodeDeletedBlockTransactions.java:addTransactionToDN(50)) - Transaction added: 0475d2c2-d46f-403e-95a5-8ff1a5c32338 <- TX(29)
2021-08-15 14:03:30,274 [SCMBlockDeletingService#0] DEBUG block.SCMBlockDeletingService (DatanodeDeletedBlockTransactions.java:addTransactionToDN(50)) - Transaction added: f89ecde1-abfa-4530-92e2-4a065b7725ea <- TX(30)
2021-08-15 14:03:30,274 [SCMBlockDeletingService#0] DEBUG block.SCMBlockDeletingService (DatanodeDeletedBlockTransactions.java:addTransactionToDN(50)) - Transaction added: 0475d2c2-d46f-403e-95a5-8ff1a5c32338 <- TX(30)
2021-08-15 14:03:30,274 [SCMBlockDeletingService#0] DEBUG block.SCMBlockDeletingService (DatanodeDeletedBlockTransactions.java:addTransactionToDN(50)) - Transaction added: c2c40a72-a699-49b1-b721-1997d9d2c71f <- TX(30)
2021-08-15 14:03:30,274 [SCMBlockDeletingService#0] DEBUG block.SCMBlockDeletingService (DatanodeDeletedBlockTransactions.java:addTransactionToDN(50)) - Transaction added: c2c40a72-a699-49b1-b721-1997d9d2c71f <- TX(31)
2021-08-15 14:03:30,274 [SCMBlockDeletingService#0] DEBUG block.SCMBlockDeletingService (DatanodeDeletedBlockTransactions.java:addTransactionToDN(50)) - Transaction added: f89ecde1-abfa-4530-92e2-4a065b7725ea <- TX(31)
2021-08-15 14:03:30,274 [SCMBlockDeletingService#0] DEBUG block.SCMBlockDeletingService (DatanodeDeletedBlockTransactions.java:addTransactionToDN(50)) - Transaction added: 0475d2c2-d46f-403e-95a5-8ff1a5c32338 <- TX(31)
2021-08-15 14:03:30,274 [SCMBlockDeletingService#0] DEBUG block.SCMBlockDeletingService (DatanodeDeletedBlockTransactions.java:addTransactionToDN(50)) - Transaction added: 0475d2c2-d46f-403e-95a5-8ff1a5c32338 <- TX(32)
2021-08-15 14:03:30,274 [SCMBlockDeletingService#0] DEBUG block.SCMBlockDeletingService (DatanodeDeletedBlockTransactions.java:addTransactionToDN(50)) - Transaction added: f89ecde1-abfa-4530-92e2-4a065b7725ea <- TX(32)
2021-08-15 14:03:30,274 [SCMBlockDeletingService#0] DEBUG block.SCMBlockDeletingService (DatanodeDeletedBlockTransactions.java:addTransactionToDN(50)) - Transaction added: c2c40a72-a699-49b1-b721-1997d9d2c71f <- TX(32)
2021-08-15 14:03:30,274 [SCMBlockDeletingService#0] DEBUG block.SCMBlockDeletingService (DatanodeDeletedBlockTransactions.java:addTransactionToDN(50)) - Transaction added: 0475d2c2-d46f-403e-95a5-8ff1a5c32338 <- TX(33)
2021-08-15 14:03:30,274 [SCMBlockDeletingService#0] DEBUG block.SCMBlockDeletingService (DatanodeDeletedBlockTransactions.java:addTransactionToDN(50)) - Transaction added: c2c40a72-a699-49b1-b721-1997d9d2c71f <- TX(33)
2021-08-15 14:03:30,274 [SCMBlockDeletingService#0] DEBUG block.SCMBlockDeletingService (DatanodeDeletedBlockTransactions.java:addTransactionToDN(50)) - Transaction added: f89ecde1-abfa-4530-92e2-4a065b7725ea <- TX(33)
2021-08-15 14:03:30,274 [SCMBlockDeletingService#0] DEBUG block.SCMBlockDeletingService (DatanodeDeletedBlockTransactions.java:addTransactionToDN(50)) - Transaction added: 0475d2c2-d46f-403e-95a5-8ff1a5c32338 <- TX(34)
2021-08-15 14:03:30,274 [SCMBlockDeletingService#0] DEBUG block.SCMBlockDeletingService (DatanodeDeletedBlockTransactions.java:addTransactionToDN(50)) - Transaction added: c2c40a72-a699-49b1-b721-1997d9d2c71f <- TX(34)
2021-08-15 14:03:30,274 [SCMBlockDeletingService#0] DEBUG block.SCMBlockDeletingService (DatanodeDeletedBlockTransactions.java:addTransactionToDN(50)) - Transaction added: f89ecde1-abfa-4530-92e2-4a065b7725ea <- TX(34)
2021-08-15 14:03:30,274 [SCMBlockDeletingService#0] DEBUG block.SCMBlockDeletingService (DatanodeDeletedBlockTransactions.java:addTransactionToDN(50)) - Transaction added: 0475d2c2-d46f-403e-95a5-8ff1a5c32338 <- TX(35)
2021-08-15 14:03:30,274 [SCMBlockDeletingService#0] DEBUG block.SCMBlockDeletingService (DatanodeDeletedBlockTransactions.java:addTransactionToDN(50)) - Transaction added: c2c40a72-a699-49b1-b721-1997d9d2c71f <- TX(35)
2021-08-15 14:03:30,274 [SCMBlockDeletingService#0] DEBUG block.SCMBlockDeletingService (DatanodeDeletedBlockTransactions.java:addTransactionToDN(50)) - Transaction added: f89ecde1-abfa-4530-92e2-4a065b7725ea <- TX(35)
2021-08-15 14:03:30,274 [SCMBlockDeletingService#0] DEBUG block.SCMBlockDeletingService (DatanodeDeletedBlockTransactions.java:addTransactionToDN(50)) - Transaction added: f89ecde1-abfa-4530-92e2-4a065b7725ea <- TX(36)
2021-08-15 14:03:30,274 [SCMBlockDeletingService#0] DEBUG block.SCMBlockDeletingService (DatanodeDeletedBlockTransactions.java:addTransactionToDN(50)) - Transaction added: c2c40a72-a699-49b1-b721-1997d9d2c71f <- TX(36)
2021-08-15 14:03:30,274 [SCMBlockDeletingService#0] DEBUG block.SCMBlockDeletingService (DatanodeDeletedBlockTransactions.java:addTransactionToDN(50)) - Transaction added: 0475d2c2-d46f-403e-95a5-8ff1a5c32338 <- TX(36)
2021-08-15 14:03:30,274 [SCMBlockDeletingService#0] DEBUG block.SCMBlockDeletingService (DatanodeDeletedBlockTransactions.java:addTransactionToDN(50)) - Transaction added: c2c40a72-a699-49b1-b721-1997d9d2c71f <- TX(37)
2021-08-15 14:03:30,274 [SCMBlockDeletingService#0] DEBUG block.SCMBlockDeletingService (DatanodeDeletedBlockTransactions.java:addTransactionToDN(50)) - Transaction added: f89ecde1-abfa-4530-92e2-4a065b7725ea <- TX(37)
2021-08-15 14:03:30,274 [SCMBlockDeletingService#0] DEBUG block.SCMBlockDeletingService (DatanodeDeletedBlockTransactions.java:addTransactionToDN(50)) - Transaction added: 0475d2c2-d46f-403e-95a5-8ff1a5c32338 <- TX(37)
2021-08-15 14:03:30,274 [SCMBlockDeletingService#0] DEBUG block.SCMBlockDeletingService (DatanodeDeletedBlockTransactions.java:addTransactionToDN(50)) - Transaction added: c2c40a72-a699-49b1-b721-1997d9d2c71f <- TX(38)
2021-08-15 14:03:30,274 [SCMBlockDeletingService#0] DEBUG block.SCMBlockDeletingService (DatanodeDeletedBlockTransactions.java:addTransactionToDN(50)) - Transaction added: f89ecde1-abfa-4530-92e2-4a065b7725ea <- TX(38)
2021-08-15 14:03:30,274 [SCMBlockDeletingService#0] DEBUG block.SCMBlockDeletingService (DatanodeDeletedBlockTransactions.java:addTransactionToDN(50)) - Transaction added: 0475d2c2-d46f-403e-95a5-8ff1a5c32338 <- TX(38)
2021-08-15 14:03:30,274 [SCMBlockDeletingService#0] DEBUG block.SCMBlockDeletingService (DatanodeDeletedBlockTransactions.java:addTransactionToDN(50)) - Transaction added: f89ecde1-abfa-4530-92e2-4a065b7725ea <- TX(39)
2021-08-15 14:03:30,274 [SCMBlockDeletingService#0] DEBUG block.SCMBlockDeletingService (DatanodeDeletedBlockTransactions.java:addTransactionToDN(50)) - Transaction added: 0475d2c2-d46f-403e-95a5-8ff1a5c32338 <- TX(39)
2021-08-15 14:03:30,274 [SCMBlockDeletingService#0] DEBUG block.SCMBlockDeletingService (DatanodeDeletedBlockTransactions.java:addTransactionToDN(50)) - Transaction added: c2c40a72-a699-49b1-b721-1997d9d2c71f <- TX(39)
2021-08-15 14:03:30,274 [SCMBlockDeletingService#0] DEBUG block.SCMBlockDeletingService (DatanodeDeletedBlockTransactions.java:addTransactionToDN(50)) - Transaction added: 0475d2c2-d46f-403e-95a5-8ff1a5c32338 <- TX(40)
2021-08-15 14:03:30,274 [SCMBlockDeletingService#0] DEBUG block.SCMBlockDeletingService (DatanodeDeletedBlockTransactions.java:addTransactionToDN(50)) - Transaction added: f89ecde1-abfa-4530-92e2-4a065b7725ea <- TX(40)
2021-08-15 14:03:30,274 [SCMBlockDeletingService#0] DEBUG block.SCMBlockDeletingService (DatanodeDeletedBlockTransactions.java:addTransactionToDN(50)) - Transaction added: c2c40a72-a699-49b1-b721-1997d9d2c71f <- TX(40)
2021-08-15 14:03:30,274 [SCMBlockDeletingService#0] DEBUG block.SCMBlockDeletingService (DatanodeDeletedBlockTransactions.java:addTransactionToDN(50)) - Transaction added: 0475d2c2-d46f-403e-95a5-8ff1a5c32338 <- TX(41)
2021-08-15 14:03:30,274 [SCMBlockDeletingService#0] DEBUG block.SCMBlockDeletingService (DatanodeDeletedBlockTransactions.java:addTransactionToDN(50)) - Transaction added: c2c40a72-a699-49b1-b721-1997d9d2c71f <- TX(41)
2021-08-15 14:03:30,274 [SCMBlockDeletingService#0] DEBUG block.SCMBlockDeletingService (DatanodeDeletedBlockTransactions.java:addTransactionToDN(50)) - Transaction added: f89ecde1-abfa-4530-92e2-4a065b7725ea <- TX(41)
2021-08-15 14:03:30,275 [SCMBlockDeletingService#0] DEBUG block.SCMBlockDeletingService (DatanodeDeletedBlockTransactions.java:addTransactionToDN(50)) - Transaction added: 0475d2c2-d46f-403e-95a5-8ff1a5c32338 <- TX(42)
2021-08-15 14:03:30,275 [SCMBlockDeletingService#0] DEBUG block.SCMBlockDeletingService (DatanodeDeletedBlockTransactions.java:addTransactionToDN(50)) - Transaction added: c2c40a72-a699-49b1-b721-1997d9d2c71f <- TX(42)
2021-08-15 14:03:30,275 [SCMBlockDeletingService#0] DEBUG block.SCMBlockDeletingService (DatanodeDeletedBlockTransactions.java:addTransactionToDN(50)) - Transaction added: f89ecde1-abfa-4530-92e2-4a065b7725ea <- TX(42)
2021-08-15 14:03:30,275 [SCMBlockDeletingService#0] DEBUG block.SCMBlockDeletingService (DatanodeDeletedBlockTransactions.java:addTransactionToDN(50)) - Transaction added: 0475d2c2-d46f-403e-95a5-8ff1a5c32338 <- TX(43)
2021-08-15 14:03:30,275 [SCMBlockDeletingService#0] DEBUG block.SCMBlockDeletingService (DatanodeDeletedBlockTransactions.java:addTransactionToDN(50)) - Transaction added: c2c40a72-a699-49b1-b721-1997d9d2c71f <- TX(43)
2021-08-15 14:03:30,275 [SCMBlockDeletingService#0] DEBUG block.SCMBlockDeletingService (DatanodeDeletedBlockTransactions.java:addTransactionToDN(50)) - Transaction added: f89ecde1-abfa-4530-92e2-4a065b7725ea <- TX(43)
2021-08-15 14:03:30,275 [SCMBlockDeletingService#0] DEBUG block.SCMBlockDeletingService (DatanodeDeletedBlockTransactions.java:addTransactionToDN(50)) - Transaction added: f89ecde1-abfa-4530-92e2-4a065b7725ea <- TX(44)
2021-08-15 14:03:30,275 [SCMBlockDeletingService#0] DEBUG block.SCMBlockDeletingService (DatanodeDeletedBlockTransactions.java:addTransactionToDN(50)) - Transaction added: c2c40a72-a699-49b1-b721-1997d9d2c71f <- TX(44)
2021-08-15 14:03:30,275 [SCMBlockDeletingService#0] DEBUG block.SCMBlockDeletingService (DatanodeDeletedBlockTransactions.java:addTransactionToDN(50)) - Transaction added: 0475d2c2-d46f-403e-95a5-8ff1a5c32338 <- TX(44)
2021-08-15 14:03:30,275 [SCMBlockDeletingService#0] DEBUG block.SCMBlockDeletingService (DatanodeDeletedBlockTransactions.java:addTransactionToDN(50)) - Transaction added: c2c40a72-a699-49b1-b721-1997d9d2c71f <- TX(45)
2021-08-15 14:03:30,275 [SCMBlockDeletingService#0] DEBUG block.SCMBlockDeletingService (DatanodeDeletedBlockTransactions.java:addTransactionToDN(50)) - Transaction added: f89ecde1-abfa-4530-92e2-4a065b7725ea <- TX(45)
2021-08-15 14:03:30,275 [SCMBlockDeletingService#0] DEBUG block.SCMBlockDeletingService (DatanodeDeletedBlockTransactions.java:addTransactionToDN(50)) - Transaction added: 0475d2c2-d46f-403e-95a5-8ff1a5c32338 <- TX(45)
2021-08-15 14:03:30,275 [SCMBlockDeletingService#0] DEBUG block.SCMBlockDeletingService (DatanodeDeletedBlockTransactions.java:addTransactionToDN(50)) - Transaction added: f89ecde1-abfa-4530-92e2-4a065b7725ea <- TX(46)
2021-08-15 14:03:30,275 [SCMBlockDeletingService#0] DEBUG block.SCMBlockDeletingService (DatanodeDeletedBlockTransactions.java:addTransactionToDN(50)) - Transaction added: 0475d2c2-d46f-403e-95a5-8ff1a5c32338 <- TX(46)
2021-08-15 14:03:30,275 [SCMBlockDeletingService#0] DEBUG block.SCMBlockDeletingService (DatanodeDeletedBlockTransactions.java:addTransactionToDN(50)) - Transaction added: c2c40a72-a699-49b1-b721-1997d9d2c71f <- TX(46)
2021-08-15 14:03:30,275 [SCMBlockDeletingService#0] DEBUG block.SCMBlockDeletingService (DatanodeDeletedBlockTransactions.java:addTransactionToDN(50)) - Transaction added: c2c40a72-a699-49b1-b721-1997d9d2c71f <- TX(47)
2021-08-15 14:03:30,275 [SCMBlockDeletingService#0] DEBUG block.SCMBlockDeletingService (DatanodeDeletedBlockTransactions.java:addTransactionToDN(50)) - Transaction added: f89ecde1-abfa-4530-92e2-4a065b7725ea <- TX(47)
2021-08-15 14:03:30,275 [SCMBlockDeletingService#0] DEBUG block.SCMBlockDeletingService (DatanodeDeletedBlockTransactions.java:addTransactionToDN(50)) - Transaction added: 0475d2c2-d46f-403e-95a5-8ff1a5c32338 <- TX(47)
2021-08-15 14:03:30,275 [SCMBlockDeletingService#0] DEBUG block.SCMBlockDeletingService (DatanodeDeletedBlockTransactions.java:addTransactionToDN(50)) - Transaction added: 0475d2c2-d46f-403e-95a5-8ff1a5c32338 <- TX(48)
2021-08-15 14:03:30,275 [SCMBlockDeletingService#0] DEBUG block.SCMBlockDeletingService (DatanodeDeletedBlockTransactions.java:addTransactionToDN(50)) - Transaction added: f89ecde1-abfa-4530-92e2-4a065b7725ea <- TX(48)
2021-08-15 14:03:30,275 [SCMBlockDeletingService#0] DEBUG block.SCMBlockDeletingService (DatanodeDeletedBlockTransactions.java:addTransactionToDN(50)) - Transaction added: c2c40a72-a699-49b1-b721-1997d9d2c71f <- TX(48)
2021-08-15 14:03:30,275 [SCMBlockDeletingService#0] DEBUG block.SCMBlockDeletingService (DatanodeDeletedBlockTransactions.java:addTransactionToDN(50)) - Transaction added: 0475d2c2-d46f-403e-95a5-8ff1a5c32338 <- TX(49)
2021-08-15 14:03:30,275 [SCMBlockDeletingService#0] DEBUG block.SCMBlockDeletingService (DatanodeDeletedBlockTransactions.java:addTransactionToDN(50)) - Transaction added: c2c40a72-a699-49b1-b721-1997d9d2c71f <- TX(49)
2021-08-15 14:03:30,275 [SCMBlockDeletingService#0] DEBUG block.SCMBlockDeletingService (DatanodeDeletedBlockTransactions.java:addTransactionToDN(50)) - Transaction added: f89ecde1-abfa-4530-92e2-4a065b7725ea <- TX(49)
2021-08-15 14:03:30,275 [SCMBlockDeletingService#0] DEBUG block.SCMBlockDeletingService (DatanodeDeletedBlockTransactions.java:addTransactionToDN(50)) - Transaction added: 0475d2c2-d46f-403e-95a5-8ff1a5c32338 <- TX(50)
2021-08-15 14:03:30,275 [SCMBlockDeletingService#0] DEBUG block.SCMBlockDeletingService (DatanodeDeletedBlockTransactions.java:addTransactionToDN(50)) - Transaction added: c2c40a72-a699-49b1-b721-1997d9d2c71f <- TX(50)
2021-08-15 14:03:30,275 [SCMBlockDeletingService#0] DEBUG block.SCMBlockDeletingService (DatanodeDeletedBlockTransactions.java:addTransactionToDN(50)) - Transaction added: f89ecde1-abfa-4530-92e2-4a065b7725ea <- TX(50)
2021-08-15 14:03:30,275 [SCMBlockDeletingService#0] DEBUG block.SCMBlockDeletingService (DatanodeDeletedBlockTransactions.java:addTransactionToDN(50)) - Transaction added: 0475d2c2-d46f-403e-95a5-8ff1a5c32338 <- TX(51)
2021-08-15 14:03:30,275 [SCMBlockDeletingService#0] DEBUG block.SCMBlockDeletingService (DatanodeDeletedBlockTransactions.java:addTransactionToDN(50)) - Transaction added: c2c40a72-a699-49b1-b721-1997d9d2c71f <- TX(51)
2021-08-15 14:03:30,275 [SCMBlockDeletingService#0] DEBUG block.SCMBlockDeletingService (DatanodeDeletedBlockTransactions.java:addTransactionToDN(50)) - Transaction added: f89ecde1-abfa-4530-92e2-4a065b7725ea <- TX(51)
2021-08-15 14:03:30,275 [SCMBlockDeletingService#0] DEBUG block.SCMBlockDeletingService (DatanodeDeletedBlockTransactions.java:addTransactionToDN(50)) - Transaction added: f89ecde1-abfa-4530-92e2-4a065b7725ea <- TX(52)
2021-08-15 14:03:30,275 [SCMBlockDeletingService#0] DEBUG block.SCMBlockDeletingService (DatanodeDeletedBlockTransactions.java:addTransactionToDN(50)) - Transaction added: c2c40a72-a699-49b1-b721-1997d9d2c71f <- TX(52)
2021-08-15 14:03:30,275 [SCMBlockDeletingService#0] DEBUG block.SCMBlockDeletingService (DatanodeDeletedBlockTransactions.java:addTransactionToDN(50)) - Transaction added: 0475d2c2-d46f-403e-95a5-8ff1a5c32338 <- TX(52)
2021-08-15 14:03:30,275 [SCMBlockDeletingService#0] DEBUG block.SCMBlockDeletingService (DatanodeDeletedBlockTransactions.java:addTransactionToDN(50)) - Transaction added: c2c40a72-a699-49b1-b721-1997d9d2c71f <- TX(53)
2021-08-15 14:03:30,275 [SCMBlockDeletingService#0] DEBUG block.SCMBlockDeletingService (DatanodeDeletedBlockTransactions.java:addTransactionToDN(50)) - Transaction added: f89ecde1-abfa-4530-92e2-4a065b7725ea <- TX(53)
2021-08-15 14:03:30,275 [SCMBlockDeletingService#0] DEBUG block.SCMBlockDeletingService (DatanodeDeletedBlockTransactions.java:addTransactionToDN(50)) - Transaction added: 0475d2c2-d46f-403e-95a5-8ff1a5c32338 <- TX(53)
2021-08-15 14:03:30,275 [SCMBlockDeletingService#0] DEBUG block.SCMBlockDeletingService (DatanodeDeletedBlockTransactions.java:addTransactionToDN(50)) - Transaction added: c2c40a72-a699-49b1-b721-1997d9d2c71f <- TX(54)
2021-08-15 14:03:30,275 [SCMBlockDeletingService#0] DEBUG block.SCMBlockDeletingService (DatanodeDeletedBlockTransactions.java:addTransactionToDN(50)) - Transaction added: f89ecde1-abfa-4530-92e2-4a065b7725ea <- TX(54)
2021-08-15 14:03:30,275 [SCMBlockDeletingService#0] DEBUG block.SCMBlockDeletingService (DatanodeDeletedBlockTransactions.java:addTransactionToDN(50)) - Transaction added: 0475d2c2-d46f-403e-95a5-8ff1a5c32338 <- TX(54)
2021-08-15 14:03:30,276 [SCMBlockDeletingService#0] DEBUG block.SCMBlockDeletingService (DatanodeDeletedBlockTransactions.java:addTransactionToDN(50)) - Transaction added: f89ecde1-abfa-4530-92e2-4a065b7725ea <- TX(55)
2021-08-15 14:03:30,276 [SCMBlockDeletingService#0] DEBUG block.SCMBlockDeletingService (DatanodeDeletedBlockTransactions.java:addTransactionToDN(50)) - Transaction added: 0475d2c2-d46f-403e-95a5-8ff1a5c32338 <- TX(55)
2021-08-15 14:03:30,276 [SCMBlockDeletingService#0] DEBUG block.SCMBlockDeletingService (DatanodeDeletedBlockTransactions.java:addTransactionToDN(50)) - Transaction added: c2c40a72-a699-49b1-b721-1997d9d2c71f <- TX(55)
2021-08-15 14:03:30,276 [SCMBlockDeletingService#0] DEBUG block.SCMBlockDeletingService (DatanodeDeletedBlockTransactions.java:addTransactionToDN(50)) - Transaction added: 0475d2c2-d46f-403e-95a5-8ff1a5c32338 <- TX(56)
2021-08-15 14:03:30,276 [SCMBlockDeletingService#0] DEBUG block.SCMBlockDeletingService (DatanodeDeletedBlockTransactions.java:addTransactionToDN(50)) - Transaction added: f89ecde1-abfa-4530-92e2-4a065b7725ea <- TX(56)
2021-08-15 14:03:30,276 [SCMBlockDeletingService#0] DEBUG block.SCMBlockDeletingService (DatanodeDeletedBlockTransactions.java:addTransactionToDN(50)) - Transaction added: c2c40a72-a699-49b1-b721-1997d9d2c71f <- TX(56)
2021-08-15 14:03:30,279 [SCMBlockDeletingService#0] DEBUG block.SCMBlockDeletingService (SCMBlockDeletingService.java:call(164)) - Added delete block command for datanode c2c40a72-a699-49b1-b721-1997d9d2c71f in the queue, number of delete block transactions: 56
2021-08-15 14:03:30,279 [SCMBlockDeletingService#0] DEBUG block.SCMBlockDeletingService (SCMBlockDeletingService.java:call(164)) - Added delete block command for datanode 0475d2c2-d46f-403e-95a5-8ff1a5c32338 in the queue, number of delete block transactions: 56
2021-08-15 14:03:30,280 [SCMBlockDeletingService#0] DEBUG block.SCMBlockDeletingService (SCMBlockDeletingService.java:call(164)) - Added delete block command for datanode f89ecde1-abfa-4530-92e2-4a065b7725ea in the queue, number of delete block transactions: 40
2021-08-15 14:03:30,280 [SCMBlockDeletingService#0] INFO  block.SCMBlockDeletingService (SCMBlockDeletingService.java:call(174)) - Totally added 152 blocks to be deleted for 3 datanodes, task elapsed time: 8ms
2021-08-15 14:03:30,288 [org.apache.hadoop.ozone.container.common.statemachine.commandhandler.DeleteBlocksCommandHandler$DeleteCmdWorker@7a932c03] INFO  commandhandler.DeleteBlocksCommandHandler (DeleteBlocksCommandHandler.java:processCmd(261)) - Start to delete container blocks, TXIDs=[1(0),2(0),3(0),4(0)], numOfContainers=4, numOfBlocks=4
2021-08-15 14:03:30,288 [org.apache.hadoop.ozone.container.common.statemachine.commandhandler.DeleteBlocksCommandHandler$DeleteCmdWorker@7a932c03] INFO  commandhandler.DeleteBlocksCommandHandler (DeleteBlocksCommandHandler.java:processCmd(261)) - Start to delete container blocks, TXIDs=[1(0),2(0),3(0),4(0),5(0)], numOfContainers=5, numOfBlocks=5
2021-08-15 14:03:30,288 [org.apache.hadoop.ozone.container.common.statemachine.commandhandler.DeleteBlocksCommandHandler$DeleteCmdWorker@7a932c03] INFO  commandhandler.DeleteBlocksCommandHandler (DeleteBlocksCommandHandler.java:processCmd(261)) - Start to delete container blocks, TXIDs=[1(0),2(0),3(0),4(0),5(0),6(0),7(0)], numOfContainers=7, numOfBlocks=7
2021-08-15 14:03:30,289 [org.apache.hadoop.ozone.container.common.statemachine.commandhandler.DeleteBlocksCommandHandler$DeleteCmdWorker@7a932c03] INFO  commandhandler.DeleteBlocksCommandHandler (DeleteBlocksCommandHandler.java:processCmd(261)) - Start to delete container blocks, TXIDs=[1(0),2(0),3(0),4(0),5(0),6(0),7(0),8(0),9(0)], numOfContainers=9, numOfBlocks=9
2021-08-15 14:03:30,289 [org.apache.hadoop.ozone.container.common.statemachine.commandhandler.DeleteBlocksCommandHandler$DeleteCmdWorker@7a932c03] INFO  commandhandler.DeleteBlocksCommandHandler (DeleteBlocksCommandHandler.java:processCmd(261)) - Start to delete container blocks, TXIDs=[1(0),2(0),3(0),4(0),5(0),6(0),7(0),8(0),9(0),10(0),11(0)], numOfContainers=11, numOfBlocks=11
2021-08-15 14:03:30,289 [org.apache.hadoop.ozone.container.common.statemachine.commandhandler.DeleteBlocksCommandHandler$DeleteCmdWorker@7a932c03] INFO  commandhandler.DeleteBlocksCommandHandler (DeleteBlocksCommandHandler.java:processCmd(261)) - Start to delete container blocks, TXIDs=[1(0),2(0),3(0),4(0),5(0),6(0),7(0),8(0),9(0),10(0),11(0),12(0)], numOfContainers=12, numOfBlocks=12
2021-08-15 14:03:30,289 [org.apache.hadoop.ozone.container.common.statemachine.commandhandler.DeleteBlocksCommandHandler$DeleteCmdWorker@7a932c03] INFO  commandhandler.DeleteBlocksCommandHandler (DeleteBlocksCommandHandler.java:processCmd(261)) - Start to delete container blocks, TXIDs=[1(0),2(0),3(0),4(0),5(0),6(0),7(0),8(0),9(0),10(0),11(0),12(0),13(0),14(0),15(0)], numOfContainers=15, numOfBlocks=15
2021-08-15 14:03:30,289 [org.apache.hadoop.ozone.container.common.statemachine.commandhandler.DeleteBlocksCommandHandler$DeleteCmdWorker@7a932c03] INFO  commandhandler.DeleteBlocksCommandHandler (DeleteBlocksCommandHandler.java:processCmd(261)) - Start to delete container blocks, TXIDs=[1(0),2(0),3(0),4(0),5(0),6(0),7(0),8(0),9(0),10(0),11(0),12(0),13(0),14(0),15(0),16(0)], numOfContainers=16, numOfBlocks=16
2021-08-15 14:03:30,290 [org.apache.hadoop.ozone.container.common.statemachine.commandhandler.DeleteBlocksCommandHandler$DeleteCmdWorker@7a932c03] INFO  commandhandler.DeleteBlocksCommandHandler (DeleteBlocksCommandHandler.java:processCmd(261)) - Start to delete container blocks, TXIDs=[1(0),2(0),3(0),4(0),5(0),6(0),7(0),8(0),9(0),10(0),11(0),12(0),13(0),14(0),15(0),16(0),17(0),18(0)], numOfContainers=18, numOfBlocks=18
2021-08-15 14:03:30,290 [org.apache.hadoop.ozone.container.common.statemachine.commandhandler.DeleteBlocksCommandHandler$DeleteCmdWorker@7a932c03] INFO  commandhandler.DeleteBlocksCommandHandler (DeleteBlocksCommandHandler.java:processCmd(261)) - Start to delete container blocks, TXIDs=[1(0),2(0),3(0),4(0),5(0),6(0),7(0),8(0),9(0),10(0),11(0),12(0),13(0),14(0),15(0),16(0),17(0),18(0),19(0),20(0)], numOfContainers=20, numOfBlocks=20
2021-08-15 14:03:30,290 [org.apache.hadoop.ozone.container.common.statemachine.commandhandler.DeleteBlocksCommandHandler$DeleteCmdWorker@7a932c03] INFO  commandhandler.DeleteBlocksCommandHandler (DeleteBlocksCommandHandler.java:processCmd(261)) - Start to delete container blocks, TXIDs=[1(0),2(0),3(0),4(0),5(0),6(0),7(0),8(0),9(0),10(0),11(0),12(0),13(0),14(0),15(0),16(0),17(0),18(0),19(0),20(0),21(0),22(0)], numOfContainers=22, numOfBlocks=22
2021-08-15 14:03:30,290 [org.apache.hadoop.ozone.container.common.statemachine.commandhandler.DeleteBlocksCommandHandler$DeleteCmdWorker@7a932c03] INFO  commandhandler.DeleteBlocksCommandHandler (DeleteBlocksCommandHandler.java:processCmd(261)) - Start to delete container blocks, TXIDs=[1(0),2(0),3(0),4(0),5(0),6(0),7(0),8(0),9(0),10(0),11(0),12(0),13(0),14(0),15(0),16(0),17(0),18(0),19(0),20(0),21(0),22(0),23(0)], numOfContainers=23, numOfBlocks=23
2021-08-15 14:03:30,290 [org.apache.hadoop.ozone.container.common.statemachine.commandhandler.DeleteBlocksCommandHandler$DeleteCmdWorker@7a932c03] INFO  commandhandler.DeleteBlocksCommandHandler (DeleteBlocksCommandHandler.java:processCmd(261)) - Start to delete container blocks, TXIDs=[1(0),2(0),3(0),4(0),5(0),6(0),7(0),8(0),9(0),10(0),11(0),12(0),13(0),14(0),15(0),16(0),17(0),18(0),19(0),20(0),21(0),22(0),23(0)], numOfContainers=23, numOfBlocks=23
2021-08-15 14:03:30,290 [org.apache.hadoop.ozone.container.common.statemachine.commandhandler.DeleteBlocksCommandHandler$DeleteCmdWorker@7a932c03] INFO  commandhandler.DeleteBlocksCommandHandler (DeleteBlocksCommandHandler.java:processCmd(261)) - Start to delete container blocks, TXIDs=[1(0),2(0),3(0),4(0),5(0),6(0),7(0),8(0),9(0),10(0),11(0),12(0),13(0),14(0),15(0),16(0),17(0),18(0),19(0),20(0),21(0),22(0),23(0),24(0),25(0)], numOfContainers=25, numOfBlocks=25
2021-08-15 14:03:30,291 [org.apache.hadoop.ozone.container.common.statemachine.commandhandler.DeleteBlocksCommandHandler$DeleteCmdWorker@7a932c03] INFO  commandhandler.DeleteBlocksCommandHandler (DeleteBlocksCommandHandler.java:processCmd(261)) - Start to delete container blocks, TXIDs=[1(0),2(0),3(0),4(0),5(0),6(0),7(0),8(0),9(0),10(0),11(0),12(0),13(0),14(0),15(0),16(0),17(0),18(0),19(0),20(0),21(0),22(0),23(0),24(0),25(0),26(0)], numOfContainers=26, numOfBlocks=26
2021-08-15 14:03:30,291 [org.apache.hadoop.ozone.container.common.statemachine.commandhandler.DeleteBlocksCommandHandler$DeleteCmdWorker@7a932c03] INFO  commandhandler.DeleteBlocksCommandHandler (DeleteBlocksCommandHandler.java:processCmd(261)) - Start to delete container blocks, TXIDs=[1(0),2(0),3(0),4(0),5(0),6(0),7(0),8(0),9(0),10(0),11(0),12(0),13(0),14(0),15(0),16(0),17(0),18(0),19(0),20(0),21(0),22(0),23(0),24(0),25(0),26(0)], numOfContainers=26, numOfBlocks=26
2021-08-15 14:03:30,349 [EventQueue-DeleteBlockStatusForDeletedBlockLogImpl] DEBUG block.DeletedBlockLogImpl (DeletedBlockLogImpl.java:isTransactionFailed(278)) - Got block deletion ACK from datanode, TXIDs=1, success=true
2021-08-15 14:03:30,349 [EventQueue-DeleteBlockStatusForDeletedBlockLogImpl] DEBUG block.DeletedBlockLogImpl (DeletedBlockLogImpl.java:commitTransactions(256)) - Datanode txId=1 containerId=#1 committed by dnId=c2c40a72-a699-49b1-b721-1997d9d2c71f
2021-08-15 14:03:30,349 [EventQueue-DeleteBlockStatusForDeletedBlockLogImpl] DEBUG block.DeletedBlockLogImpl (DeletedBlockLogImpl.java:isTransactionFailed(278)) - Got block deletion ACK from datanode, TXIDs=2, success=true
2021-08-15 14:03:30,349 [EventQueue-DeleteBlockStatusForDeletedBlockLogImpl] DEBUG block.DeletedBlockLogImpl (DeletedBlockLogImpl.java:commitTransactions(256)) - Datanode txId=2 containerId=#2 committed by dnId=c2c40a72-a699-49b1-b721-1997d9d2c71f
2021-08-15 14:03:30,349 [EventQueue-DeleteBlockStatusForDeletedBlockLogImpl] DEBUG block.DeletedBlockLogImpl (DeletedBlockLogImpl.java:isTransactionFailed(278)) - Got block deletion ACK from datanode, TXIDs=3, success=true
2021-08-15 14:03:30,349 [EventQueue-DeleteBlockStatusForDeletedBlockLogImpl] DEBUG block.DeletedBlockLogImpl (DeletedBlockLogImpl.java:commitTransactions(256)) - Datanode txId=3 containerId=#3 committed by dnId=c2c40a72-a699-49b1-b721-1997d9d2c71f
2021-08-15 14:03:30,349 [EventQueue-DeleteBlockStatusForDeletedBlockLogImpl] DEBUG block.DeletedBlockLogImpl (DeletedBlockLogImpl.java:isTransactionFailed(278)) - Got block deletion ACK from datanode, TXIDs=4, success=true
2021-08-15 14:03:30,349 [EventQueue-DeleteBlockStatusForDeletedBlockLogImpl] DEBUG block.DeletedBlockLogImpl (DeletedBlockLogImpl.java:commitTransactions(256)) - Datanode txId=4 containerId=#4 committed by dnId=c2c40a72-a699-49b1-b721-1997d9d2c71f
2021-08-15 14:03:30,349 [EventQueue-DeleteBlockStatusForDeletedBlockLogImpl] DEBUG block.DeletedBlockLogImpl (DeletedBlockLogImpl.java:isTransactionFailed(278)) - Got block deletion ACK from datanode, TXIDs=5, success=true
2021-08-15 14:03:30,349 [EventQueue-DeleteBlockStatusForDeletedBlockLogImpl] DEBUG block.DeletedBlockLogImpl (DeletedBlockLogImpl.java:commitTransactions(256)) - Datanode txId=5 containerId=#5 committed by dnId=c2c40a72-a699-49b1-b721-1997d9d2c71f
2021-08-15 14:03:30,349 [EventQueue-DeleteBlockStatusForDeletedBlockLogImpl] DEBUG block.DeletedBlockLogImpl (DeletedBlockLogImpl.java:isTransactionFailed(278)) - Got block deletion ACK from datanode, TXIDs=6, success=true
2021-08-15 14:03:30,349 [EventQueue-DeleteBlockStatusForDeletedBlockLogImpl] DEBUG block.DeletedBlockLogImpl (DeletedBlockLogImpl.java:commitTransactions(256)) - Datanode txId=6 containerId=#6 committed by dnId=c2c40a72-a699-49b1-b721-1997d9d2c71f
2021-08-15 14:03:30,349 [EventQueue-DeleteBlockStatusForDeletedBlockLogImpl] DEBUG block.DeletedBlockLogImpl (DeletedBlockLogImpl.java:isTransactionFailed(278)) - Got block deletion ACK from datanode, TXIDs=7, success=true
2021-08-15 14:03:30,349 [EventQueue-DeleteBlockStatusForDeletedBlockLogImpl] DEBUG block.DeletedBlockLogImpl (DeletedBlockLogImpl.java:commitTransactions(256)) - Datanode txId=7 containerId=#7 committed by dnId=c2c40a72-a699-49b1-b721-1997d9d2c71f
2021-08-15 14:03:30,349 [EventQueue-DeleteBlockStatusForDeletedBlockLogImpl] DEBUG block.DeletedBlockLogImpl (DeletedBlockLogImpl.java:isTransactionFailed(278)) - Got block deletion ACK from datanode, TXIDs=8, success=true
2021-08-15 14:03:30,349 [EventQueue-DeleteBlockStatusForDeletedBlockLogImpl] DEBUG block.DeletedBlockLogImpl (DeletedBlockLogImpl.java:commitTransactions(256)) - Datanode txId=8 containerId=#8 committed by dnId=c2c40a72-a699-49b1-b721-1997d9d2c71f
2021-08-15 14:03:30,349 [EventQueue-DeleteBlockStatusForDeletedBlockLogImpl] DEBUG block.DeletedBlockLogImpl (DeletedBlockLogImpl.java:isTransactionFailed(278)) - Got block deletion ACK from datanode, TXIDs=9, success=true
2021-08-15 14:03:30,349 [EventQueue-DeleteBlockStatusForDeletedBlockLogImpl] DEBUG block.DeletedBlockLogImpl (DeletedBlockLogImpl.java:commitTransactions(256)) - Datanode txId=9 containerId=#9 committed by dnId=c2c40a72-a699-49b1-b721-1997d9d2c71f
2021-08-15 14:03:30,349 [EventQueue-DeleteBlockStatusForDeletedBlockLogImpl] DEBUG block.DeletedBlockLogImpl (DeletedBlockLogImpl.java:isTransactionFailed(278)) - Got block deletion ACK from datanode, TXIDs=10, success=true
2021-08-15 14:03:30,349 [EventQueue-DeleteBlockStatusForDeletedBlockLogImpl] DEBUG block.DeletedBlockLogImpl (DeletedBlockLogImpl.java:commitTransactions(256)) - Datanode txId=10 containerId=#10 committed by dnId=c2c40a72-a699-49b1-b721-1997d9d2c71f
2021-08-15 14:03:30,349 [EventQueue-DeleteBlockStatusForDeletedBlockLogImpl] DEBUG block.DeletedBlockLogImpl (DeletedBlockLogImpl.java:isTransactionFailed(278)) - Got block deletion ACK from datanode, TXIDs=11, success=true
2021-08-15 14:03:30,349 [EventQueue-DeleteBlockStatusForDeletedBlockLogImpl] DEBUG block.DeletedBlockLogImpl (DeletedBlockLogImpl.java:commitTransactions(256)) - Datanode txId=11 containerId=#11 committed by dnId=c2c40a72-a699-49b1-b721-1997d9d2c71f
2021-08-15 14:03:30,349 [EventQueue-DeleteBlockStatusForDeletedBlockLogImpl] DEBUG block.DeletedBlockLogImpl (DeletedBlockLogImpl.java:isTransactionFailed(278)) - Got block deletion ACK from datanode, TXIDs=12, success=true
2021-08-15 14:03:30,349 [EventQueue-DeleteBlockStatusForDeletedBlockLogImpl] DEBUG block.DeletedBlockLogImpl (DeletedBlockLogImpl.java:commitTransactions(256)) - Datanode txId=12 containerId=#12 committed by dnId=c2c40a72-a699-49b1-b721-1997d9d2c71f
2021-08-15 14:03:30,349 [EventQueue-DeleteBlockStatusForDeletedBlockLogImpl] DEBUG block.DeletedBlockLogImpl (DeletedBlockLogImpl.java:isTransactionFailed(278)) - Got block deletion ACK from datanode, TXIDs=13, success=true
2021-08-15 14:03:30,349 [EventQueue-DeleteBlockStatusForDeletedBlockLogImpl] DEBUG block.DeletedBlockLogImpl (DeletedBlockLogImpl.java:commitTransactions(256)) - Datanode txId=13 containerId=#13 committed by dnId=c2c40a72-a699-49b1-b721-1997d9d2c71f
2021-08-15 14:03:30,350 [EventQueue-DeleteBlockStatusForDeletedBlockLogImpl] DEBUG block.DeletedBlockLogImpl (DeletedBlockLogImpl.java:isTransactionFailed(278)) - Got block deletion ACK from datanode, TXIDs=14, success=true
2021-08-15 14:03:30,350 [EventQueue-DeleteBlockStatusForDeletedBlockLogImpl] DEBUG block.DeletedBlockLogImpl (DeletedBlockLogImpl.java:commitTransactions(256)) - Datanode txId=14 containerId=#14 committed by dnId=c2c40a72-a699-49b1-b721-1997d9d2c71f
2021-08-15 14:03:30,350 [EventQueue-DeleteBlockStatusForDeletedBlockLogImpl] DEBUG block.DeletedBlockLogImpl (DeletedBlockLogImpl.java:isTransactionFailed(278)) - Got block deletion ACK from datanode, TXIDs=15, success=true
2021-08-15 14:03:30,350 [EventQueue-DeleteBlockStatusForDeletedBlockLogImpl] DEBUG block.DeletedBlockLogImpl (DeletedBlockLogImpl.java:commitTransactions(256)) - Datanode txId=15 containerId=#15 committed by dnId=c2c40a72-a699-49b1-b721-1997d9d2c71f
2021-08-15 14:03:30,350 [EventQueue-DeleteBlockStatusForDeletedBlockLogImpl] DEBUG block.DeletedBlockLogImpl (DeletedBlockLogImpl.java:isTransactionFailed(278)) - Got block deletion ACK from datanode, TXIDs=16, success=true
2021-08-15 14:03:30,350 [EventQueue-DeleteBlockStatusForDeletedBlockLogImpl] DEBUG block.DeletedBlockLogImpl (DeletedBlockLogImpl.java:commitTransactions(256)) - Datanode txId=16 containerId=#16 committed by dnId=c2c40a72-a699-49b1-b721-1997d9d2c71f
2021-08-15 14:03:30,350 [EventQueue-DeleteBlockStatusForDeletedBlockLogImpl] DEBUG block.DeletedBlockLogImpl (DeletedBlockLogImpl.java:isTransactionFailed(278)) - Got block deletion ACK from datanode, TXIDs=1, success=true
2021-08-15 14:03:30,350 [EventQueue-DeleteBlockStatusForDeletedBlockLogImpl] DEBUG block.DeletedBlockLogImpl (DeletedBlockLogImpl.java:commitTransactions(256)) - Datanode txId=1 containerId=#1 committed by dnId=c2c40a72-a699-49b1-b721-1997d9d2c71f
2021-08-15 14:03:30,350 [EventQueue-DeleteBlockStatusForDeletedBlockLogImpl] DEBUG block.DeletedBlockLogImpl (DeletedBlockLogImpl.java:isTransactionFailed(278)) - Got block deletion ACK from datanode, TXIDs=2, success=true
2021-08-15 14:03:30,350 [EventQueue-DeleteBlockStatusForDeletedBlockLogImpl] DEBUG block.DeletedBlockLogImpl (DeletedBlockLogImpl.java:commitTransactions(256)) - Datanode txId=2 containerId=#2 committed by dnId=c2c40a72-a699-49b1-b721-1997d9d2c71f
2021-08-15 14:03:30,350 [EventQueue-DeleteBlockStatusForDeletedBlockLogImpl] DEBUG block.DeletedBlockLogImpl (DeletedBlockLogImpl.java:isTransactionFailed(278)) - Got block deletion ACK from datanode, TXIDs=3, success=true
2021-08-15 14:03:30,350 [EventQueue-DeleteBlockStatusForDeletedBlockLogImpl] DEBUG block.DeletedBlockLogImpl (DeletedBlockLogImpl.java:commitTransactions(256)) - Datanode txId=3 containerId=#3 committed by dnId=c2c40a72-a699-49b1-b721-1997d9d2c71f
2021-08-15 14:03:30,350 [EventQueue-DeleteBlockStatusForDeletedBlockLogImpl] DEBUG block.DeletedBlockLogImpl (DeletedBlockLogImpl.java:isTransactionFailed(278)) - Got block deletion ACK from datanode, TXIDs=4, success=true
2021-08-15 14:03:30,350 [EventQueue-DeleteBlockStatusForDeletedBlockLogImpl] DEBUG block.DeletedBlockLogImpl (DeletedBlockLogImpl.java:commitTransactions(256)) - Datanode txId=4 containerId=#4 committed by dnId=c2c40a72-a699-49b1-b721-1997d9d2c71f
2021-08-15 14:03:30,350 [EventQueue-DeleteBlockStatusForDeletedBlockLogImpl] DEBUG block.DeletedBlockLogImpl (DeletedBlockLogImpl.java:isTransactionFailed(278)) - Got block deletion ACK from datanode, TXIDs=5, success=true
2021-08-15 14:03:30,350 [EventQueue-DeleteBlockStatusForDeletedBlockLogImpl] DEBUG block.DeletedBlockLogImpl (DeletedBlockLogImpl.java:commitTransactions(256)) - Datanode txId=5 containerId=#5 committed by dnId=c2c40a72-a699-49b1-b721-1997d9d2c71f
2021-08-15 14:03:30,350 [EventQueue-DeleteBlockStatusForDeletedBlockLogImpl] DEBUG block.DeletedBlockLogImpl (DeletedBlockLogImpl.java:isTransactionFailed(278)) - Got block deletion ACK from datanode, TXIDs=6, success=true
2021-08-15 14:03:30,350 [EventQueue-DeleteBlockStatusForDeletedBlockLogImpl] DEBUG block.DeletedBlockLogImpl (DeletedBlockLogImpl.java:commitTransactions(256)) - Datanode txId=6 containerId=#6 committed by dnId=c2c40a72-a699-49b1-b721-1997d9d2c71f
2021-08-15 14:03:30,350 [EventQueue-DeleteBlockStatusForDeletedBlockLogImpl] DEBUG block.DeletedBlockLogImpl (DeletedBlockLogImpl.java:isTransactionFailed(278)) - Got block deletion ACK from datanode, TXIDs=7, success=true
2021-08-15 14:03:30,350 [EventQueue-DeleteBlockStatusForDeletedBlockLogImpl] DEBUG block.DeletedBlockLogImpl (DeletedBlockLogImpl.java:commitTransactions(256)) - Datanode txId=7 containerId=#7 committed by dnId=c2c40a72-a699-49b1-b721-1997d9d2c71f
2021-08-15 14:03:30,350 [EventQueue-DeleteBlockStatusForDeletedBlockLogImpl] DEBUG block.DeletedBlockLogImpl (DeletedBlockLogImpl.java:isTransactionFailed(278)) - Got block deletion ACK from datanode, TXIDs=8, success=true
2021-08-15 14:03:30,350 [EventQueue-DeleteBlockStatusForDeletedBlockLogImpl] DEBUG block.DeletedBlockLogImpl (DeletedBlockLogImpl.java:commitTransactions(256)) - Datanode txId=8 containerId=#8 committed by dnId=c2c40a72-a699-49b1-b721-1997d9d2c71f
2021-08-15 14:03:30,350 [EventQueue-DeleteBlockStatusForDeletedBlockLogImpl] DEBUG block.DeletedBlockLogImpl (DeletedBlockLogImpl.java:isTransactionFailed(278)) - Got block deletion ACK from datanode, TXIDs=9, success=true
2021-08-15 14:03:30,350 [EventQueue-DeleteBlockStatusForDeletedBlockLogImpl] DEBUG block.DeletedBlockLogImpl (DeletedBlockLogImpl.java:commitTransactions(256)) - Datanode txId=9 containerId=#9 committed by dnId=c2c40a72-a699-49b1-b721-1997d9d2c71f
2021-08-15 14:03:30,350 [EventQueue-DeleteBlockStatusForDeletedBlockLogImpl] DEBUG block.DeletedBlockLogImpl (DeletedBlockLogImpl.java:isTransactionFailed(278)) - Got block deletion ACK from datanode, TXIDs=10, success=true
2021-08-15 14:03:30,350 [EventQueue-DeleteBlockStatusForDeletedBlockLogImpl] DEBUG block.DeletedBlockLogImpl (DeletedBlockLogImpl.java:commitTransactions(256)) - Datanode txId=10 containerId=#10 committed by dnId=c2c40a72-a699-49b1-b721-1997d9d2c71f
2021-08-15 14:03:30,350 [EventQueue-DeleteBlockStatusForDeletedBlockLogImpl] DEBUG block.DeletedBlockLogImpl (DeletedBlockLogImpl.java:isTransactionFailed(278)) - Got block deletion ACK from datanode, TXIDs=11, success=true
2021-08-15 14:03:30,350 [EventQueue-DeleteBlockStatusForDeletedBlockLogImpl] DEBUG block.DeletedBlockLogImpl (DeletedBlockLogImpl.java:commitTransactions(256)) - Datanode txId=11 containerId=#11 committed by dnId=c2c40a72-a699-49b1-b721-1997d9d2c71f
2021-08-15 14:03:30,350 [EventQueue-DeleteBlockStatusForDeletedBlockLogImpl] DEBUG block.DeletedBlockLogImpl (DeletedBlockLogImpl.java:isTransactionFailed(278)) - Got block deletion ACK from datanode, TXIDs=12, success=true
2021-08-15 14:03:30,350 [EventQueue-DeleteBlockStatusForDeletedBlockLogImpl] DEBUG block.DeletedBlockLogImpl (DeletedBlockLogImpl.java:commitTransactions(256)) - Datanode txId=12 containerId=#12 committed by dnId=c2c40a72-a699-49b1-b721-1997d9d2c71f
2021-08-15 14:03:30,350 [EventQueue-DeleteBlockStatusForDeletedBlockLogImpl] DEBUG block.DeletedBlockLogImpl (DeletedBlockLogImpl.java:isTransactionFailed(278)) - Got block deletion ACK from datanode, TXIDs=13, success=true
2021-08-15 14:03:30,350 [EventQueue-DeleteBlockStatusForDeletedBlockLogImpl] DEBUG block.DeletedBlockLogImpl (DeletedBlockLogImpl.java:commitTransactions(256)) - Datanode txId=13 containerId=#13 committed by dnId=c2c40a72-a699-49b1-b721-1997d9d2c71f
2021-08-15 14:03:30,350 [EventQueue-DeleteBlockStatusForDeletedBlockLogImpl] DEBUG block.DeletedBlockLogImpl (DeletedBlockLogImpl.java:isTransactionFailed(278)) - Got block deletion ACK from datanode, TXIDs=14, success=true
2021-08-15 14:03:30,350 [EventQueue-DeleteBlockStatusForDeletedBlockLogImpl] DEBUG block.DeletedBlockLogImpl (DeletedBlockLogImpl.java:commitTransactions(256)) - Datanode txId=14 containerId=#14 committed by dnId=c2c40a72-a699-49b1-b721-1997d9d2c71f
2021-08-15 14:03:30,350 [EventQueue-DeleteBlockStatusForDeletedBlockLogImpl] DEBUG block.DeletedBlockLogImpl (DeletedBlockLogImpl.java:isTransactionFailed(278)) - Got block deletion ACK from datanode, TXIDs=15, success=true
2021-08-15 14:03:30,350 [EventQueue-DeleteBlockStatusForDeletedBlockLogImpl] DEBUG block.DeletedBlockLogImpl (DeletedBlockLogImpl.java:commitTransactions(256)) - Datanode txId=15 containerId=#15 committed by dnId=c2c40a72-a699-49b1-b721-1997d9d2c71f
2021-08-15 14:03:30,350 [EventQueue-DeleteBlockStatusForDeletedBlockLogImpl] DEBUG block.DeletedBlockLogImpl (DeletedBlockLogImpl.java:isTransactionFailed(278)) - Got block deletion ACK from datanode, TXIDs=1, success=true
2021-08-15 14:03:30,350 [EventQueue-DeleteBlockStatusForDeletedBlockLogImpl] DEBUG block.DeletedBlockLogImpl (DeletedBlockLogImpl.java:commitTransactions(256)) - Datanode txId=1 containerId=#1 committed by dnId=c2c40a72-a699-49b1-b721-1997d9d2c71f
2021-08-15 14:03:30,350 [EventQueue-DeleteBlockStatusForDeletedBlockLogImpl] DEBUG block.DeletedBlockLogImpl (DeletedBlockLogImpl.java:isTransactionFailed(278)) - Got block deletion ACK from datanode, TXIDs=2, success=true
2021-08-15 14:03:30,350 [EventQueue-DeleteBlockStatusForDeletedBlockLogImpl] DEBUG block.DeletedBlockLogImpl (DeletedBlockLogImpl.java:commitTransactions(256)) - Datanode txId=2 containerId=#2 committed by dnId=c2c40a72-a699-49b1-b721-1997d9d2c71f
2021-08-15 14:03:30,350 [EventQueue-DeleteBlockStatusForDeletedBlockLogImpl] DEBUG block.DeletedBlockLogImpl (DeletedBlockLogImpl.java:isTransactionFailed(278)) - Got block deletion ACK from datanode, TXIDs=3, success=true
2021-08-15 14:03:30,350 [EventQueue-DeleteBlockStatusForDeletedBlockLogImpl] DEBUG block.DeletedBlockLogImpl (DeletedBlockLogImpl.java:commitTransactions(256)) - Datanode txId=3 containerId=#3 committed by dnId=c2c40a72-a699-49b1-b721-1997d9d2c71f
2021-08-15 14:03:30,350 [EventQueue-DeleteBlockStatusForDeletedBlockLogImpl] DEBUG block.DeletedBlockLogImpl (DeletedBlockLogImpl.java:isTransactionFailed(278)) - Got block deletion ACK from datanode, TXIDs=4, success=true
2021-08-15 14:03:30,350 [EventQueue-DeleteBlockStatusForDeletedBlockLogImpl] DEBUG block.DeletedBlockLogImpl (DeletedBlockLogImpl.java:commitTransactions(256)) - Datanode txId=4 containerId=#4 committed by dnId=c2c40a72-a699-49b1-b721-1997d9d2c71f
2021-08-15 14:03:30,350 [EventQueue-DeleteBlockStatusForDeletedBlockLogImpl] DEBUG block.DeletedBlockLogImpl (DeletedBlockLogImpl.java:isTransactionFailed(278)) - Got block deletion ACK from datanode, TXIDs=5, success=true
2021-08-15 14:03:30,350 [EventQueue-DeleteBlockStatusForDeletedBlockLogImpl] DEBUG block.DeletedBlockLogImpl (DeletedBlockLogImpl.java:commitTransactions(256)) - Datanode txId=5 containerId=#5 committed by dnId=c2c40a72-a699-49b1-b721-1997d9d2c71f
2021-08-15 14:03:30,350 [EventQueue-DeleteBlockStatusForDeletedBlockLogImpl] DEBUG block.DeletedBlockLogImpl (DeletedBlockLogImpl.java:isTransactionFailed(278)) - Got block deletion ACK from datanode, TXIDs=6, success=true
2021-08-15 14:03:30,350 [EventQueue-DeleteBlockStatusForDeletedBlockLogImpl] DEBUG block.DeletedBlockLogImpl (DeletedBlockLogImpl.java:commitTransactions(256)) - Datanode txId=6 containerId=#6 committed by dnId=c2c40a72-a699-49b1-b721-1997d9d2c71f
2021-08-15 14:03:30,350 [EventQueue-DeleteBlockStatusForDeletedBlockLogImpl] DEBUG block.DeletedBlockLogImpl (DeletedBlockLogImpl.java:isTransactionFailed(278)) - Got block deletion ACK from datanode, TXIDs=7, success=true
2021-08-15 14:03:30,350 [EventQueue-DeleteBlockStatusForDeletedBlockLogImpl] DEBUG block.DeletedBlockLogImpl (DeletedBlockLogImpl.java:commitTransactions(256)) - Datanode txId=7 containerId=#7 committed by dnId=c2c40a72-a699-49b1-b721-1997d9d2c71f
2021-08-15 14:03:30,351 [EventQueue-DeleteBlockStatusForDeletedBlockLogImpl] DEBUG block.DeletedBlockLogImpl (DeletedBlockLogImpl.java:isTransactionFailed(278)) - Got block deletion ACK from datanode, TXIDs=8, success=true
2021-08-15 14:03:30,351 [EventQueue-DeleteBlockStatusForDeletedBlockLogImpl] DEBUG block.DeletedBlockLogImpl (DeletedBlockLogImpl.java:commitTransactions(256)) - Datanode txId=8 containerId=#8 committed by dnId=c2c40a72-a699-49b1-b721-1997d9d2c71f
2021-08-15 14:03:30,351 [EventQueue-DeleteBlockStatusForDeletedBlockLogImpl] DEBUG block.DeletedBlockLogImpl (DeletedBlockLogImpl.java:isTransactionFailed(278)) - Got block deletion ACK from datanode, TXIDs=9, success=true
2021-08-15 14:03:30,351 [EventQueue-DeleteBlockStatusForDeletedBlockLogImpl] DEBUG block.DeletedBlockLogImpl (DeletedBlockLogImpl.java:commitTransactions(256)) - Datanode txId=9 containerId=#9 committed by dnId=c2c40a72-a699-49b1-b721-1997d9d2c71f
2021-08-15 14:03:30,351 [EventQueue-DeleteBlockStatusForDeletedBlockLogImpl] DEBUG block.DeletedBlockLogImpl (DeletedBlockLogImpl.java:isTransactionFailed(278)) - Got block deletion ACK from datanode, TXIDs=10, success=true
2021-08-15 14:03:30,351 [EventQueue-DeleteBlockStatusForDeletedBlockLogImpl] DEBUG block.DeletedBlockLogImpl (DeletedBlockLogImpl.java:commitTransactions(256)) - Datanode txId=10 containerId=#10 committed by dnId=c2c40a72-a699-49b1-b721-1997d9d2c71f
2021-08-15 14:03:30,351 [EventQueue-DeleteBlockStatusForDeletedBlockLogImpl] DEBUG block.DeletedBlockLogImpl (DeletedBlockLogImpl.java:isTransactionFailed(278)) - Got block deletion ACK from datanode, TXIDs=11, success=true
2021-08-15 14:03:30,351 [EventQueue-DeleteBlockStatusForDeletedBlockLogImpl] DEBUG block.DeletedBlockLogImpl (DeletedBlockLogImpl.java:commitTransactions(256)) - Datanode txId=11 containerId=#11 committed by dnId=c2c40a72-a699-49b1-b721-1997d9d2c71f
2021-08-15 14:03:30,351 [EventQueue-DeleteBlockStatusForDeletedBlockLogImpl] DEBUG block.DeletedBlockLogImpl (DeletedBlockLogImpl.java:isTransactionFailed(278)) - Got block deletion ACK from datanode, TXIDs=12, success=true
2021-08-15 14:03:30,351 [EventQueue-DeleteBlockStatusForDeletedBlockLogImpl] DEBUG block.DeletedBlockLogImpl (DeletedBlockLogImpl.java:commitTransactions(256)) - Datanode txId=12 containerId=#12 committed by dnId=c2c40a72-a699-49b1-b721-1997d9d2c71f
2021-08-15 14:03:30,351 [EventQueue-DeleteBlockStatusForDeletedBlockLogImpl] DEBUG block.DeletedBlockLogImpl (DeletedBlockLogImpl.java:isTransactionFailed(278)) - Got block deletion ACK from datanode, TXIDs=1, success=true
2021-08-15 14:03:30,351 [EventQueue-DeleteBlockStatusForDeletedBlockLogImpl] DEBUG block.DeletedBlockLogImpl (DeletedBlockLogImpl.java:commitTransactions(256)) - Datanode txId=1 containerId=#1 committed by dnId=c2c40a72-a699-49b1-b721-1997d9d2c71f
2021-08-15 14:03:30,351 [EventQueue-DeleteBlockStatusForDeletedBlockLogImpl] DEBUG block.DeletedBlockLogImpl (DeletedBlockLogImpl.java:isTransactionFailed(278)) - Got block deletion ACK from datanode, TXIDs=2, success=true
2021-08-15 14:03:30,351 [EventQueue-DeleteBlockStatusForDeletedBlockLogImpl] DEBUG block.DeletedBlockLogImpl (DeletedBlockLogImpl.java:commitTransactions(256)) - Datanode txId=2 containerId=#2 committed by dnId=c2c40a72-a699-49b1-b721-1997d9d2c71f
2021-08-15 14:03:30,351 [EventQueue-DeleteBlockStatusForDeletedBlockLogImpl] DEBUG block.DeletedBlockLogImpl (DeletedBlockLogImpl.java:isTransactionFailed(278)) - Got block deletion ACK from datanode, TXIDs=3, success=true
2021-08-15 14:03:30,351 [EventQueue-DeleteBlockStatusForDeletedBlockLogImpl] DEBUG block.DeletedBlockLogImpl (DeletedBlockLogImpl.java:commitTransactions(256)) - Datanode txId=3 containerId=#3 committed by dnId=c2c40a72-a699-49b1-b721-1997d9d2c71f
2021-08-15 14:03:30,351 [EventQueue-DeleteBlockStatusForDeletedBlockLogImpl] DEBUG block.DeletedBlockLogImpl (DeletedBlockLogImpl.java:isTransactionFailed(278)) - Got block deletion ACK from datanode, TXIDs=1, success=true
2021-08-15 14:03:30,351 [EventQueue-DeleteBlockStatusForDeletedBlockLogImpl] DEBUG block.DeletedBlockLogImpl (DeletedBlockLogImpl.java:commitTransactions(256)) - Datanode txId=1 containerId=#1 committed by dnId=c2c40a72-a699-49b1-b721-1997d9d2c71f
2021-08-15 14:03:30,351 [EventQueue-DeleteBlockStatusForDeletedBlockLogImpl] DEBUG block.DeletedBlockLogImpl (DeletedBlockLogImpl.java:isTransactionFailed(278)) - Got block deletion ACK from datanode, TXIDs=2, success=true
2021-08-15 14:03:30,351 [EventQueue-DeleteBlockStatusForDeletedBlockLogImpl] DEBUG block.DeletedBlockLogImpl (DeletedBlockLogImpl.java:commitTransactions(256)) - Datanode txId=2 containerId=#2 committed by dnId=c2c40a72-a699-49b1-b721-1997d9d2c71f
2021-08-15 14:03:30,351 [EventQueue-DeleteBlockStatusForDeletedBlockLogImpl] DEBUG block.DeletedBlockLogImpl (DeletedBlockLogImpl.java:isTransactionFailed(278)) - Got block deletion ACK from datanode, TXIDs=3, success=true
2021-08-15 14:03:30,351 [EventQueue-DeleteBlockStatusForDeletedBlockLogImpl] DEBUG block.DeletedBlockLogImpl (DeletedBlockLogImpl.java:commitTransactions(256)) - Datanode txId=3 containerId=#3 committed by dnId=c2c40a72-a699-49b1-b721-1997d9d2c71f
2021-08-15 14:03:30,351 [EventQueue-DeleteBlockStatusForDeletedBlockLogImpl] DEBUG block.DeletedBlockLogImpl (DeletedBlockLogImpl.java:isTransactionFailed(278)) - Got block deletion ACK from datanode, TXIDs=4, success=true
2021-08-15 14:03:30,351 [EventQueue-DeleteBlockStatusForDeletedBlockLogImpl] DEBUG block.DeletedBlockLogImpl (DeletedBlockLogImpl.java:commitTransactions(256)) - Datanode txId=4 containerId=#4 committed by dnId=c2c40a72-a699-49b1-b721-1997d9d2c71f
2021-08-15 14:03:30,351 [EventQueue-DeleteBlockStatusForDeletedBlockLogImpl] DEBUG block.DeletedBlockLogImpl (DeletedBlockLogImpl.java:isTransactionFailed(278)) - Got block deletion ACK from datanode, TXIDs=5, success=true
2021-08-15 14:03:30,351 [EventQueue-DeleteBlockStatusForDeletedBlockLogImpl] DEBUG block.DeletedBlockLogImpl (DeletedBlockLogImpl.java:commitTransactions(256)) - Datanode txId=5 containerId=#5 committed by dnId=c2c40a72-a699-49b1-b721-1997d9d2c71f
2021-08-15 14:03:30,351 [EventQueue-DeleteBlockStatusForDeletedBlockLogImpl] DEBUG block.DeletedBlockLogImpl (DeletedBlockLogImpl.java:isTransactionFailed(278)) - Got block deletion ACK from datanode, TXIDs=6, success=true
2021-08-15 14:03:30,351 [EventQueue-DeleteBlockStatusForDeletedBlockLogImpl] DEBUG block.DeletedBlockLogImpl (DeletedBlockLogImpl.java:commitTransactions(256)) - Datanode txId=6 containerId=#6 committed by dnId=c2c40a72-a699-49b1-b721-1997d9d2c71f
2021-08-15 14:03:30,351 [EventQueue-DeleteBlockStatusForDeletedBlockLogImpl] DEBUG block.DeletedBlockLogImpl (DeletedBlockLogImpl.java:isTransactionFailed(278)) - Got block deletion ACK from datanode, TXIDs=7, success=true
2021-08-15 14:03:30,351 [EventQueue-DeleteBlockStatusForDeletedBlockLogImpl] DEBUG block.DeletedBlockLogImpl (DeletedBlockLogImpl.java:commitTransactions(256)) - Datanode txId=7 containerId=#7 committed by dnId=c2c40a72-a699-49b1-b721-1997d9d2c71f
2021-08-15 14:03:30,351 [EventQueue-DeleteBlockStatusForDeletedBlockLogImpl] DEBUG block.DeletedBlockLogImpl (DeletedBlockLogImpl.java:isTransactionFailed(278)) - Got block deletion ACK from datanode, TXIDs=8, success=true
2021-08-15 14:03:30,351 [EventQueue-DeleteBlockStatusForDeletedBlockLogImpl] DEBUG block.DeletedBlockLogImpl (DeletedBlockLogImpl.java:commitTransactions(256)) - Datanode txId=8 containerId=#8 committed by dnId=c2c40a72-a699-49b1-b721-1997d9d2c71f
2021-08-15 14:03:30,351 [EventQueue-DeleteBlockStatusForDeletedBlockLogImpl] DEBUG block.DeletedBlockLogImpl (DeletedBlockLogImpl.java:isTransactionFailed(278)) - Got block deletion ACK from datanode, TXIDs=9, success=true
2021-08-15 14:03:30,351 [EventQueue-DeleteBlockStatusForDeletedBlockLogImpl] DEBUG block.DeletedBlockLogImpl (DeletedBlockLogImpl.java:commitTransactions(256)) - Datanode txId=9 containerId=#9 committed by dnId=c2c40a72-a699-49b1-b721-1997d9d2c71f
2021-08-15 14:03:30,351 [EventQueue-DeleteBlockStatusForDeletedBlockLogImpl] DEBUG block.DeletedBlockLogImpl (DeletedBlockLogImpl.java:isTransactionFailed(278)) - Got block deletion ACK from datanode, TXIDs=10, success=true
2021-08-15 14:03:30,351 [EventQueue-DeleteBlockStatusForDeletedBlockLogImpl] DEBUG block.DeletedBlockLogImpl (DeletedBlockLogImpl.java:commitTransactions(256)) - Datanode txId=10 containerId=#10 committed by dnId=c2c40a72-a699-49b1-b721-1997d9d2c71f
2021-08-15 14:03:30,351 [EventQueue-DeleteBlockStatusForDeletedBlockLogImpl] DEBUG block.DeletedBlockLogImpl (DeletedBlockLogImpl.java:isTransactionFailed(278)) - Got block deletion ACK from datanode, TXIDs=11, success=true
2021-08-15 14:03:30,351 [EventQueue-DeleteBlockStatusForDeletedBlockLogImpl] DEBUG block.DeletedBlockLogImpl (DeletedBlockLogImpl.java:commitTransactions(256)) - Datanode txId=11 containerId=#11 committed by dnId=c2c40a72-a699-49b1-b721-1997d9d2c71f
2021-08-15 14:03:30,351 [EventQueue-DeleteBlockStatusForDeletedBlockLogImpl] DEBUG block.DeletedBlockLogImpl (DeletedBlockLogImpl.java:isTransactionFailed(278)) - Got block deletion ACK from datanode, TXIDs=12, success=true
2021-08-15 14:03:30,351 [EventQueue-DeleteBlockStatusForDeletedBlockLogImpl] DEBUG block.DeletedBlockLogImpl (DeletedBlockLogImpl.java:commitTransactions(256)) - Datanode txId=12 containerId=#12 committed by dnId=c2c40a72-a699-49b1-b721-1997d9d2c71f
2021-08-15 14:03:30,351 [EventQueue-DeleteBlockStatusForDeletedBlockLogImpl] DEBUG block.DeletedBlockLogImpl (DeletedBlockLogImpl.java:isTransactionFailed(278)) - Got block deletion ACK from datanode, TXIDs=13, success=true
2021-08-15 14:03:30,351 [EventQueue-DeleteBlockStatusForDeletedBlockLogImpl] DEBUG block.DeletedBlockLogImpl (DeletedBlockLogImpl.java:commitTransactions(256)) - Datanode txId=13 containerId=#13 committed by dnId=c2c40a72-a699-49b1-b721-1997d9d2c71f
2021-08-15 14:03:30,351 [EventQueue-DeleteBlockStatusForDeletedBlockLogImpl] DEBUG block.DeletedBlockLogImpl (DeletedBlockLogImpl.java:isTransactionFailed(278)) - Got block deletion ACK from datanode, TXIDs=14, success=true
2021-08-15 14:03:30,351 [EventQueue-DeleteBlockStatusForDeletedBlockLogImpl] DEBUG block.DeletedBlockLogImpl (DeletedBlockLogImpl.java:commitTransactions(256)) - Datanode txId=14 containerId=#14 committed by dnId=c2c40a72-a699-49b1-b721-1997d9d2c71f
2021-08-15 14:03:30,351 [EventQueue-DeleteBlockStatusForDeletedBlockLogImpl] DEBUG block.DeletedBlockLogImpl (DeletedBlockLogImpl.java:isTransactionFailed(278)) - Got block deletion ACK from datanode, TXIDs=15, success=true
2021-08-15 14:03:30,351 [EventQueue-DeleteBlockStatusForDeletedBlockLogImpl] DEBUG block.DeletedBlockLogImpl (DeletedBlockLogImpl.java:commitTransactions(256)) - Datanode txId=15 containerId=#15 committed by dnId=c2c40a72-a699-49b1-b721-1997d9d2c71f
2021-08-15 14:03:30,351 [EventQueue-DeleteBlockStatusForDeletedBlockLogImpl] DEBUG block.DeletedBlockLogImpl (DeletedBlockLogImpl.java:isTransactionFailed(278)) - Got block deletion ACK from datanode, TXIDs=16, success=true
2021-08-15 14:03:30,351 [EventQueue-DeleteBlockStatusForDeletedBlockLogImpl] DEBUG block.DeletedBlockLogImpl (DeletedBlockLogImpl.java:commitTransactions(256)) - Datanode txId=16 containerId=#16 committed by dnId=c2c40a72-a699-49b1-b721-1997d9d2c71f
2021-08-15 14:03:30,351 [EventQueue-DeleteBlockStatusForDeletedBlockLogImpl] DEBUG block.DeletedBlockLogImpl (DeletedBlockLogImpl.java:isTransactionFailed(278)) - Got block deletion ACK from datanode, TXIDs=17, success=true
2021-08-15 14:03:30,351 [EventQueue-DeleteBlockStatusForDeletedBlockLogImpl] DEBUG block.DeletedBlockLogImpl (DeletedBlockLogImpl.java:commitTransactions(256)) - Datanode txId=17 containerId=#17 committed by dnId=c2c40a72-a699-49b1-b721-1997d9d2c71f
2021-08-15 14:03:30,360 [EventQueue-DeleteBlockStatusForDeletedBlockLogImpl] DEBUG block.DeletedBlockLogImpl (DeletedBlockLogImpl.java:isTransactionFailed(278)) - Got block deletion ACK from datanode, TXIDs=18, success=true
2021-08-15 14:03:30,361 [EventQueue-DeleteBlockStatusForDeletedBlockLogImpl] DEBUG block.DeletedBlockLogImpl (DeletedBlockLogImpl.java:commitTransactions(256)) - Datanode txId=18 containerId=#18 committed by dnId=c2c40a72-a699-49b1-b721-1997d9d2c71f
2021-08-15 14:03:30,362 [EventQueue-DeleteBlockStatusForDeletedBlockLogImpl] DEBUG block.DeletedBlockLogImpl (DeletedBlockLogImpl.java:isTransactionFailed(278)) - Got block deletion ACK from datanode, TXIDs=19, success=true
2021-08-15 14:03:30,362 [EventQueue-DeleteBlockStatusForDeletedBlockLogImpl] DEBUG block.DeletedBlockLogImpl (DeletedBlockLogImpl.java:commitTransactions(256)) - Datanode txId=19 containerId=#19 committed by dnId=c2c40a72-a699-49b1-b721-1997d9d2c71f
2021-08-15 14:03:30,362 [EventQueue-DeleteBlockStatusForDeletedBlockLogImpl] DEBUG block.DeletedBlockLogImpl (DeletedBlockLogImpl.java:isTransactionFailed(278)) - Got block deletion ACK from datanode, TXIDs=20, success=true
2021-08-15 14:03:30,362 [EventQueue-DeleteBlockStatusForDeletedBlockLogImpl] DEBUG block.DeletedBlockLogImpl (DeletedBlockLogImpl.java:commitTransactions(256)) - Datanode txId=20 containerId=#20 committed by dnId=c2c40a72-a699-49b1-b721-1997d9d2c71f
2021-08-15 14:03:30,362 [EventQueue-DeleteBlockStatusForDeletedBlockLogImpl] DEBUG block.DeletedBlockLogImpl (DeletedBlockLogImpl.java:isTransactionFailed(278)) - Got block deletion ACK from datanode, TXIDs=21, success=true
2021-08-15 14:03:30,362 [EventQueue-DeleteBlockStatusForDeletedBlockLogImpl] DEBUG block.DeletedBlockLogImpl (DeletedBlockLogImpl.java:commitTransactions(256)) - Datanode txId=21 containerId=#21 committed by dnId=c2c40a72-a699-49b1-b721-1997d9d2c71f
2021-08-15 14:03:30,362 [EventQueue-DeleteBlockStatusForDeletedBlockLogImpl] DEBUG block.DeletedBlockLogImpl (DeletedBlockLogImpl.java:isTransactionFailed(278)) - Got block deletion ACK from datanode, TXIDs=22, success=true
2021-08-15 14:03:30,362 [EventQueue-DeleteBlockStatusForDeletedBlockLogImpl] DEBUG block.DeletedBlockLogImpl (DeletedBlockLogImpl.java:commitTransactions(256)) - Datanode txId=22 containerId=#22 committed by dnId=c2c40a72-a699-49b1-b721-1997d9d2c71f
2021-08-15 14:03:30,363 [EventQueue-DeleteBlockStatusForDeletedBlockLogImpl] DEBUG block.DeletedBlockLogImpl (DeletedBlockLogImpl.java:isTransactionFailed(278)) - Got block deletion ACK from datanode, TXIDs=1, success=true
2021-08-15 14:03:30,363 [EventQueue-DeleteBlockStatusForDeletedBlockLogImpl] DEBUG block.DeletedBlockLogImpl (DeletedBlockLogImpl.java:commitTransactions(256)) - Datanode txId=1 containerId=#1 committed by dnId=c2c40a72-a699-49b1-b721-1997d9d2c71f
2021-08-15 14:03:30,363 [EventQueue-DeleteBlockStatusForDeletedBlockLogImpl] DEBUG block.DeletedBlockLogImpl (DeletedBlockLogImpl.java:isTransactionFailed(278)) - Got block deletion ACK from datanode, TXIDs=2, success=true
2021-08-15 14:03:30,363 [EventQueue-DeleteBlockStatusForDeletedBlockLogImpl] DEBUG block.DeletedBlockLogImpl (DeletedBlockLogImpl.java:commitTransactions(256)) - Datanode txId=2 containerId=#2 committed by dnId=c2c40a72-a699-49b1-b721-1997d9d2c71f
2021-08-15 14:03:30,363 [EventQueue-DeleteBlockStatusForDeletedBlockLogImpl] DEBUG block.DeletedBlockLogImpl (DeletedBlockLogImpl.java:isTransactionFailed(278)) - Got block deletion ACK from datanode, TXIDs=3, success=true
2021-08-15 14:03:30,363 [EventQueue-DeleteBlockStatusForDeletedBlockLogImpl] DEBUG block.DeletedBlockLogImpl (DeletedBlockLogImpl.java:commitTransactions(256)) - Datanode txId=3 containerId=#3 committed by dnId=c2c40a72-a699-49b1-b721-1997d9d2c71f
2021-08-15 14:03:30,363 [EventQueue-DeleteBlockStatusForDeletedBlockLogImpl] DEBUG block.DeletedBlockLogImpl (DeletedBlockLogImpl.java:isTransactionFailed(278)) - Got block deletion ACK from datanode, TXIDs=4, success=true
2021-08-15 14:03:30,363 [EventQueue-DeleteBlockStatusForDeletedBlockLogImpl] DEBUG block.DeletedBlockLogImpl (DeletedBlockLogImpl.java:commitTransactions(256)) - Datanode txId=4 containerId=#4 committed by dnId=c2c40a72-a699-49b1-b721-1997d9d2c71f
2021-08-15 14:03:30,363 [EventQueue-DeleteBlockStatusForDeletedBlockLogImpl] DEBUG block.DeletedBlockLogImpl (DeletedBlockLogImpl.java:isTransactionFailed(278)) - Got block deletion ACK from datanode, TXIDs=5, success=true
2021-08-15 14:03:30,363 [EventQueue-DeleteBlockStatusForDeletedBlockLogImpl] DEBUG block.DeletedBlockLogImpl (DeletedBlockLogImpl.java:commitTransactions(256)) - Datanode txId=5 containerId=#5 committed by dnId=c2c40a72-a699-49b1-b721-1997d9d2c71f
2021-08-15 14:03:30,363 [EventQueue-DeleteBlockStatusForDeletedBlockLogImpl] DEBUG block.DeletedBlockLogImpl (DeletedBlockLogImpl.java:isTransactionFailed(278)) - Got block deletion ACK from datanode, TXIDs=6, success=true
2021-08-15 14:03:30,363 [EventQueue-DeleteBlockStatusForDeletedBlockLogImpl] DEBUG block.DeletedBlockLogImpl (DeletedBlockLogImpl.java:commitTransactions(256)) - Datanode txId=6 containerId=#6 committed by dnId=c2c40a72-a699-49b1-b721-1997d9d2c71f
2021-08-15 14:03:30,363 [EventQueue-DeleteBlockStatusForDeletedBlockLogImpl] DEBUG block.DeletedBlockLogImpl (DeletedBlockLogImpl.java:isTransactionFailed(278)) - Got block deletion ACK from datanode, TXIDs=7, success=true
2021-08-15 14:03:30,363 [EventQueue-DeleteBlockStatusForDeletedBlockLogImpl] DEBUG block.DeletedBlockLogImpl (DeletedBlockLogImpl.java:commitTransactions(256)) - Datanode txId=7 containerId=#7 committed by dnId=c2c40a72-a699-49b1-b721-1997d9d2c71f
2021-08-15 14:03:30,364 [EventQueue-DeleteBlockStatusForDeletedBlockLogImpl] DEBUG block.DeletedBlockLogImpl (DeletedBlockLogImpl.java:isTransactionFailed(278)) - Got block deletion ACK from datanode, TXIDs=8, success=true
2021-08-15 14:03:30,364 [EventQueue-DeleteBlockStatusForDeletedBlockLogImpl] DEBUG block.DeletedBlockLogImpl (DeletedBlockLogImpl.java:commitTransactions(256)) - Datanode txId=8 containerId=#8 committed by dnId=c2c40a72-a699-49b1-b721-1997d9d2c71f
2021-08-15 14:03:30,364 [EventQueue-DeleteBlockStatusForDeletedBlockLogImpl] DEBUG block.DeletedBlockLogImpl (DeletedBlockLogImpl.java:isTransactionFailed(278)) - Got block deletion ACK from datanode, TXIDs=9, success=true
2021-08-15 14:03:30,364 [EventQueue-DeleteBlockStatusForDeletedBlockLogImpl] DEBUG block.DeletedBlockLogImpl (DeletedBlockLogImpl.java:commitTransactions(256)) - Datanode txId=9 containerId=#9 committed by dnId=c2c40a72-a699-49b1-b721-1997d9d2c71f
2021-08-15 14:03:30,364 [EventQueue-DeleteBlockStatusForDeletedBlockLogImpl] DEBUG block.DeletedBlockLogImpl (DeletedBlockLogImpl.java:isTransactionFailed(278)) - Got block deletion ACK from datanode, TXIDs=10, success=true
2021-08-15 14:03:30,364 [EventQueue-DeleteBlockStatusForDeletedBlockLogImpl] DEBUG block.DeletedBlockLogImpl (DeletedBlockLogImpl.java:commitTransactions(256)) - Datanode txId=10 containerId=#10 committed by dnId=c2c40a72-a699-49b1-b721-1997d9d2c71f
2021-08-15 14:03:30,364 [EventQueue-DeleteBlockStatusForDeletedBlockLogImpl] DEBUG block.DeletedBlockLogImpl (DeletedBlockLogImpl.java:isTransactionFailed(278)) - Got block deletion ACK from datanode, TXIDs=11, success=true
2021-08-15 14:03:30,364 [EventQueue-DeleteBlockStatusForDeletedBlockLogImpl] DEBUG block.DeletedBlockLogImpl (DeletedBlockLogImpl.java:commitTransactions(256)) - Datanode txId=11 containerId=#11 committed by dnId=c2c40a72-a699-49b1-b721-1997d9d2c71f
2021-08-15 14:03:30,364 [EventQueue-DeleteBlockStatusForDeletedBlockLogImpl] DEBUG block.DeletedBlockLogImpl (DeletedBlockLogImpl.java:isTransactionFailed(278)) - Got block deletion ACK from datanode, TXIDs=12, success=true
2021-08-15 14:03:30,364 [EventQueue-DeleteBlockStatusForDeletedBlockLogImpl] DEBUG block.DeletedBlockLogImpl (DeletedBlockLogImpl.java:commitTransactions(256)) - Datanode txId=12 containerId=#12 committed by dnId=c2c40a72-a699-49b1-b721-1997d9d2c71f
2021-08-15 14:03:30,364 [EventQueue-DeleteBlockStatusForDeletedBlockLogImpl] DEBUG block.DeletedBlockLogImpl (DeletedBlockLogImpl.java:isTransactionFailed(278)) - Got block deletion ACK from datanode, TXIDs=13, success=true
2021-08-15 14:03:30,364 [EventQueue-DeleteBlockStatusForDeletedBlockLogImpl] DEBUG block.DeletedBlockLogImpl (DeletedBlockLogImpl.java:commitTransactions(256)) - Datanode txId=13 containerId=#13 committed by dnId=c2c40a72-a699-49b1-b721-1997d9d2c71f
2021-08-15 14:03:30,364 [EventQueue-DeleteBlockStatusForDeletedBlockLogImpl] DEBUG block.DeletedBlockLogImpl (DeletedBlockLogImpl.java:isTransactionFailed(278)) - Got block deletion ACK from datanode, TXIDs=14, success=true
2021-08-15 14:03:30,364 [EventQueue-DeleteBlockStatusForDeletedBlockLogImpl] DEBUG block.DeletedBlockLogImpl (DeletedBlockLogImpl.java:commitTransactions(256)) - Datanode txId=14 containerId=#14 committed by dnId=c2c40a72-a699-49b1-b721-1997d9d2c71f
2021-08-15 14:03:30,364 [EventQueue-DeleteBlockStatusForDeletedBlockLogImpl] DEBUG block.DeletedBlockLogImpl (DeletedBlockLogImpl.java:isTransactionFailed(278)) - Got block deletion ACK from datanode, TXIDs=15, success=true
2021-08-15 14:03:30,364 [EventQueue-DeleteBlockStatusForDeletedBlockLogImpl] DEBUG block.DeletedBlockLogImpl (DeletedBlockLogImpl.java:commitTransactions(256)) - Datanode txId=15 containerId=#15 committed by dnId=c2c40a72-a699-49b1-b721-1997d9d2c71f
2021-08-15 14:03:30,364 [EventQueue-DeleteBlockStatusForDeletedBlockLogImpl] DEBUG block.DeletedBlockLogImpl (DeletedBlockLogImpl.java:isTransactionFailed(278)) - Got block deletion ACK from datanode, TXIDs=16, success=true
2021-08-15 14:03:30,364 [EventQueue-DeleteBlockStatusForDeletedBlockLogImpl] DEBUG block.DeletedBlockLogImpl (DeletedBlockLogImpl.java:commitTransactions(256)) - Datanode txId=16 containerId=#16 committed by dnId=c2c40a72-a699-49b1-b721-1997d9d2c71f
2021-08-15 14:03:30,364 [EventQueue-DeleteBlockStatusForDeletedBlockLogImpl] DEBUG block.DeletedBlockLogImpl (DeletedBlockLogImpl.java:isTransactionFailed(278)) - Got block deletion ACK from datanode, TXIDs=17, success=true
2021-08-15 14:03:30,364 [EventQueue-DeleteBlockStatusForDeletedBlockLogImpl] DEBUG block.DeletedBlockLogImpl (DeletedBlockLogImpl.java:commitTransactions(256)) - Datanode txId=17 containerId=#17 committed by dnId=c2c40a72-a699-49b1-b721-1997d9d2c71f
2021-08-15 14:03:30,364 [EventQueue-DeleteBlockStatusForDeletedBlockLogImpl] DEBUG block.DeletedBlockLogImpl (DeletedBlockLogImpl.java:isTransactionFailed(278)) - Got block deletion ACK from datanode, TXIDs=18, success=true
2021-08-15 14:03:30,364 [EventQueue-DeleteBlockStatusForDeletedBlockLogImpl] DEBUG block.DeletedBlockLogImpl (DeletedBlockLogImpl.java:commitTransactions(256)) - Datanode txId=18 containerId=#18 committed by dnId=c2c40a72-a699-49b1-b721-1997d9d2c71f
2021-08-15 14:03:30,364 [EventQueue-DeleteBlockStatusForDeletedBlockLogImpl] DEBUG block.DeletedBlockLogImpl (DeletedBlockLogImpl.java:isTransactionFailed(278)) - Got block deletion ACK from datanode, TXIDs=19, success=true
2021-08-15 14:03:30,364 [EventQueue-DeleteBlockStatusForDeletedBlockLogImpl] DEBUG block.DeletedBlockLogImpl (DeletedBlockLogImpl.java:commitTransactions(256)) - Datanode txId=19 containerId=#19 committed by dnId=c2c40a72-a699-49b1-b721-1997d9d2c71f
2021-08-15 14:03:30,364 [EventQueue-DeleteBlockStatusForDeletedBlockLogImpl] DEBUG block.DeletedBlockLogImpl (DeletedBlockLogImpl.java:isTransactionFailed(278)) - Got block deletion ACK from datanode, TXIDs=20, success=true
2021-08-15 14:03:30,364 [EventQueue-DeleteBlockStatusForDeletedBlockLogImpl] DEBUG block.DeletedBlockLogImpl (DeletedBlockLogImpl.java:commitTransactions(256)) - Datanode txId=20 containerId=#20 committed by dnId=c2c40a72-a699-49b1-b721-1997d9d2c71f
2021-08-15 14:03:30,364 [EventQueue-DeleteBlockStatusForDeletedBlockLogImpl] DEBUG block.DeletedBlockLogImpl (DeletedBlockLogImpl.java:isTransactionFailed(278)) - Got block deletion ACK from datanode, TXIDs=1, success=true
2021-08-15 14:03:30,366 [EventQueue-DeleteBlockStatusForDeletedBlockLogImpl] DEBUG block.DeletedBlockLogImpl (DeletedBlockLogImpl.java:commitTransactions(256)) - Datanode txId=1 containerId=#1 committed by dnId=c2c40a72-a699-49b1-b721-1997d9d2c71f
2021-08-15 14:03:30,366 [EventQueue-DeleteBlockStatusForDeletedBlockLogImpl] DEBUG block.DeletedBlockLogImpl (DeletedBlockLogImpl.java:isTransactionFailed(278)) - Got block deletion ACK from datanode, TXIDs=2, success=true
2021-08-15 14:03:30,366 [EventQueue-DeleteBlockStatusForDeletedBlockLogImpl] DEBUG block.DeletedBlockLogImpl (DeletedBlockLogImpl.java:commitTransactions(256)) - Datanode txId=2 containerId=#2 committed by dnId=c2c40a72-a699-49b1-b721-1997d9d2c71f
2021-08-15 14:03:30,366 [EventQueue-DeleteBlockStatusForDeletedBlockLogImpl] DEBUG block.DeletedBlockLogImpl (DeletedBlockLogImpl.java:isTransactionFailed(278)) - Got block deletion ACK from datanode, TXIDs=1, success=true
2021-08-15 14:03:30,368 [EventQueue-DeleteBlockStatusForDeletedBlockLogImpl] DEBUG block.DeletedBlockLogImpl (DeletedBlockLogImpl.java:commitTransactions(256)) - Datanode txId=1 containerId=#1 committed by dnId=c2c40a72-a699-49b1-b721-1997d9d2c71f
2021-08-15 14:03:30,368 [EventQueue-DeleteBlockStatusForDeletedBlockLogImpl] DEBUG block.DeletedBlockLogImpl (DeletedBlockLogImpl.java:isTransactionFailed(278)) - Got block deletion ACK from datanode, TXIDs=2, success=true
2021-08-15 14:03:30,368 [EventQueue-DeleteBlockStatusForDeletedBlockLogImpl] DEBUG block.DeletedBlockLogImpl (DeletedBlockLogImpl.java:commitTransactions(256)) - Datanode txId=2 containerId=#2 committed by dnId=c2c40a72-a699-49b1-b721-1997d9d2c71f
2021-08-15 14:03:30,368 [EventQueue-DeleteBlockStatusForDeletedBlockLogImpl] DEBUG block.DeletedBlockLogImpl (DeletedBlockLogImpl.java:isTransactionFailed(278)) - Got block deletion ACK from datanode, TXIDs=3, success=true
2021-08-15 14:03:30,368 [EventQueue-DeleteBlockStatusForDeletedBlockLogImpl] DEBUG block.DeletedBlockLogImpl (DeletedBlockLogImpl.java:commitTransactions(256)) - Datanode txId=3 containerId=#3 committed by dnId=c2c40a72-a699-49b1-b721-1997d9d2c71f
2021-08-15 14:03:30,369 [EventQueue-DeleteBlockStatusForDeletedBlockLogImpl] DEBUG block.DeletedBlockLogImpl (DeletedBlockLogImpl.java:isTransactionFailed(278)) - Got block deletion ACK from datanode, TXIDs=4, success=true
2021-08-15 14:03:30,369 [EventQueue-DeleteBlockStatusForDeletedBlockLogImpl] DEBUG block.DeletedBlockLogImpl (DeletedBlockLogImpl.java:commitTransactions(256)) - Datanode txId=4 containerId=#4 committed by dnId=c2c40a72-a699-49b1-b721-1997d9d2c71f
2021-08-15 14:03:30,369 [EventQueue-DeleteBlockStatusForDeletedBlockLogImpl] DEBUG block.DeletedBlockLogImpl (DeletedBlockLogImpl.java:isTransactionFailed(278)) - Got block deletion ACK from datanode, TXIDs=5, success=true
2021-08-15 14:03:30,369 [EventQueue-DeleteBlockStatusForDeletedBlockLogImpl] DEBUG block.DeletedBlockLogImpl (DeletedBlockLogImpl.java:commitTransactions(256)) - Datanode txId=5 containerId=#5 committed by dnId=c2c40a72-a699-49b1-b721-1997d9d2c71f
2021-08-15 14:03:30,369 [EventQueue-DeleteBlockStatusForDeletedBlockLogImpl] DEBUG block.DeletedBlockLogImpl (DeletedBlockLogImpl.java:isTransactionFailed(278)) - Got block deletion ACK from datanode, TXIDs=6, success=true
2021-08-15 14:03:30,370 [EventQueue-DeleteBlockStatusForDeletedBlockLogImpl] DEBUG block.DeletedBlockLogImpl (DeletedBlockLogImpl.java:commitTransactions(256)) - Datanode txId=6 containerId=#6 committed by dnId=c2c40a72-a699-49b1-b721-1997d9d2c71f
2021-08-15 14:03:30,370 [EventQueue-DeleteBlockStatusForDeletedBlockLogImpl] DEBUG block.DeletedBlockLogImpl (DeletedBlockLogImpl.java:isTransactionFailed(278)) - Got block deletion ACK from datanode, TXIDs=7, success=true
2021-08-15 14:03:30,370 [EventQueue-DeleteBlockStatusForDeletedBlockLogImpl] DEBUG block.DeletedBlockLogImpl (DeletedBlockLogImpl.java:commitTransactions(256)) - Datanode txId=7 containerId=#7 committed by dnId=c2c40a72-a699-49b1-b721-1997d9d2c71f
2021-08-15 14:03:30,370 [EventQueue-DeleteBlockStatusForDeletedBlockLogImpl] DEBUG block.DeletedBlockLogImpl (DeletedBlockLogImpl.java:isTransactionFailed(278)) - Got block deletion ACK from datanode, TXIDs=8, success=true
2021-08-15 14:03:30,370 [EventQueue-DeleteBlockStatusForDeletedBlockLogImpl] DEBUG block.DeletedBlockLogImpl (DeletedBlockLogImpl.java:commitTransactions(256)) - Datanode txId=8 containerId=#8 committed by dnId=c2c40a72-a699-49b1-b721-1997d9d2c71f
2021-08-15 14:03:30,370 [EventQueue-DeleteBlockStatusForDeletedBlockLogImpl] DEBUG block.DeletedBlockLogImpl (DeletedBlockLogImpl.java:isTransactionFailed(278)) - Got block deletion ACK from datanode, TXIDs=9, success=true
2021-08-15 14:03:30,370 [EventQueue-DeleteBlockStatusForDeletedBlockLogImpl] DEBUG block.DeletedBlockLogImpl (DeletedBlockLogImpl.java:commitTransactions(256)) - Datanode txId=9 containerId=#9 committed by dnId=c2c40a72-a699-49b1-b721-1997d9d2c71f
2021-08-15 14:03:30,370 [EventQueue-DeleteBlockStatusForDeletedBlockLogImpl] DEBUG block.DeletedBlockLogImpl (DeletedBlockLogImpl.java:isTransactionFailed(278)) - Got block deletion ACK from datanode, TXIDs=10, success=true
2021-08-15 14:03:30,370 [EventQueue-DeleteBlockStatusForDeletedBlockLogImpl] DEBUG block.DeletedBlockLogImpl (DeletedBlockLogImpl.java:commitTransactions(256)) - Datanode txId=10 containerId=#10 committed by dnId=c2c40a72-a699-49b1-b721-1997d9d2c71f
2021-08-15 14:03:30,370 [EventQueue-DeleteBlockStatusForDeletedBlockLogImpl] DEBUG block.DeletedBlockLogImpl (DeletedBlockLogImpl.java:isTransactionFailed(278)) - Got block deletion ACK from datanode, TXIDs=11, success=true
2021-08-15 14:03:30,370 [EventQueue-DeleteBlockStatusForDeletedBlockLogImpl] DEBUG block.DeletedBlockLogImpl (DeletedBlockLogImpl.java:commitTransactions(256)) - Datanode txId=11 containerId=#11 committed by dnId=c2c40a72-a699-49b1-b721-1997d9d2c71f
2021-08-15 14:03:30,370 [EventQueue-DeleteBlockStatusForDeletedBlockLogImpl] DEBUG block.DeletedBlockLogImpl (DeletedBlockLogImpl.java:isTransactionFailed(278)) - Got block deletion ACK from datanode, TXIDs=12, success=true
2021-08-15 14:03:30,370 [EventQueue-DeleteBlockStatusForDeletedBlockLogImpl] DEBUG block.DeletedBlockLogImpl (DeletedBlockLogImpl.java:commitTransactions(256)) - Datanode txId=12 containerId=#12 committed by dnId=c2c40a72-a699-49b1-b721-1997d9d2c71f
2021-08-15 14:03:30,370 [EventQueue-DeleteBlockStatusForDeletedBlockLogImpl] DEBUG block.DeletedBlockLogImpl (DeletedBlockLogImpl.java:isTransactionFailed(278)) - Got block deletion ACK from datanode, TXIDs=13, success=true
2021-08-15 14:03:30,370 [EventQueue-DeleteBlockStatusForDeletedBlockLogImpl] DEBUG block.DeletedBlockLogImpl (DeletedBlockLogImpl.java:commitTransactions(256)) - Datanode txId=13 containerId=#13 committed by dnId=c2c40a72-a699-49b1-b721-1997d9d2c71f
2021-08-15 14:03:30,370 [EventQueue-DeleteBlockStatusForDeletedBlockLogImpl] DEBUG block.DeletedBlockLogImpl (DeletedBlockLogImpl.java:isTransactionFailed(278)) - Got block deletion ACK from datanode, TXIDs=14, success=true
2021-08-15 14:03:30,370 [EventQueue-DeleteBlockStatusForDeletedBlockLogImpl] DEBUG block.DeletedBlockLogImpl (DeletedBlockLogImpl.java:commitTransactions(256)) - Datanode txId=14 containerId=#14 committed by dnId=c2c40a72-a699-49b1-b721-1997d9d2c71f
2021-08-15 14:03:30,370 [EventQueue-DeleteBlockStatusForDeletedBlockLogImpl] DEBUG block.DeletedBlockLogImpl (DeletedBlockLogImpl.java:isTransactionFailed(278)) - Got block deletion ACK from datanode, TXIDs=15, success=true
2021-08-15 14:03:30,370 [EventQueue-DeleteBlockStatusForDeletedBlockLogImpl] DEBUG block.DeletedBlockLogImpl (DeletedBlockLogImpl.java:commitTransactions(256)) - Datanode txId=15 containerId=#15 committed by dnId=c2c40a72-a699-49b1-b721-1997d9d2c71f
2021-08-15 14:03:30,370 [EventQueue-DeleteBlockStatusForDeletedBlockLogImpl] DEBUG block.DeletedBlockLogImpl (DeletedBlockLogImpl.java:isTransactionFailed(278)) - Got block deletion ACK from datanode, TXIDs=16, success=true
2021-08-15 14:03:30,370 [EventQueue-DeleteBlockStatusForDeletedBlockLogImpl] DEBUG block.DeletedBlockLogImpl (DeletedBlockLogImpl.java:commitTransactions(256)) - Datanode txId=16 containerId=#16 committed by dnId=c2c40a72-a699-49b1-b721-1997d9d2c71f
2021-08-15 14:03:30,370 [EventQueue-DeleteBlockStatusForDeletedBlockLogImpl] DEBUG block.DeletedBlockLogImpl (DeletedBlockLogImpl.java:isTransactionFailed(278)) - Got block deletion ACK from datanode, TXIDs=17, success=true
2021-08-15 14:03:30,370 [EventQueue-DeleteBlockStatusForDeletedBlockLogImpl] DEBUG block.DeletedBlockLogImpl (DeletedBlockLogImpl.java:commitTransactions(256)) - Datanode txId=17 containerId=#17 committed by dnId=c2c40a72-a699-49b1-b721-1997d9d2c71f
2021-08-15 14:03:30,370 [EventQueue-DeleteBlockStatusForDeletedBlockLogImpl] DEBUG block.DeletedBlockLogImpl (DeletedBlockLogImpl.java:isTransactionFailed(278)) - Got block deletion ACK from datanode, TXIDs=18, success=true
2021-08-15 14:03:30,370 [EventQueue-DeleteBlockStatusForDeletedBlockLogImpl] DEBUG block.DeletedBlockLogImpl (DeletedBlockLogImpl.java:commitTransactions(256)) - Datanode txId=18 containerId=#18 committed by dnId=c2c40a72-a699-49b1-b721-1997d9d2c71f
2021-08-15 14:03:30,370 [EventQueue-DeleteBlockStatusForDeletedBlockLogImpl] DEBUG block.DeletedBlockLogImpl (DeletedBlockLogImpl.java:isTransactionFailed(278)) - Got block deletion ACK from datanode, TXIDs=1, success=true
2021-08-15 14:03:30,370 [EventQueue-DeleteBlockStatusForDeletedBlockLogImpl] DEBUG block.DeletedBlockLogImpl (DeletedBlockLogImpl.java:commitTransactions(256)) - Datanode txId=1 containerId=#1 committed by dnId=c2c40a72-a699-49b1-b721-1997d9d2c71f
2021-08-15 14:03:30,370 [EventQueue-DeleteBlockStatusForDeletedBlockLogImpl] DEBUG block.DeletedBlockLogImpl (DeletedBlockLogImpl.java:isTransactionFailed(278)) - Got block deletion ACK from datanode, TXIDs=2, success=true
2021-08-15 14:03:30,370 [EventQueue-DeleteBlockStatusForDeletedBlockLogImpl] DEBUG block.DeletedBlockLogImpl (DeletedBlockLogImpl.java:commitTransactions(256)) - Datanode txId=2 containerId=#2 committed by dnId=c2c40a72-a699-49b1-b721-1997d9d2c71f
2021-08-15 14:03:30,371 [EventQueue-DeleteBlockStatusForDeletedBlockLogImpl] DEBUG block.DeletedBlockLogImpl (DeletedBlockLogImpl.java:isTransactionFailed(278)) - Got block deletion ACK from datanode, TXIDs=3, success=true
2021-08-15 14:03:30,371 [EventQueue-DeleteBlockStatusForDeletedBlockLogImpl] DEBUG block.DeletedBlockLogImpl (DeletedBlockLogImpl.java:commitTransactions(256)) - Datanode txId=3 containerId=#3 committed by dnId=c2c40a72-a699-49b1-b721-1997d9d2c71f
2021-08-15 14:03:30,371 [EventQueue-DeleteBlockStatusForDeletedBlockLogImpl] DEBUG block.DeletedBlockLogImpl (DeletedBlockLogImpl.java:isTransactionFailed(278)) - Got block deletion ACK from datanode, TXIDs=4, success=true
2021-08-15 14:03:30,371 [EventQueue-DeleteBlockStatusForDeletedBlockLogImpl] DEBUG block.DeletedBlockLogImpl (DeletedBlockLogImpl.java:commitTransactions(256)) - Datanode txId=4 containerId=#4 committed by dnId=c2c40a72-a699-49b1-b721-1997d9d2c71f
2021-08-15 14:03:30,371 [EventQueue-DeleteBlockStatusForDeletedBlockLogImpl] DEBUG block.DeletedBlockLogImpl (DeletedBlockLogImpl.java:isTransactionFailed(278)) - Got block deletion ACK from datanode, TXIDs=5, success=true
2021-08-15 14:03:30,371 [EventQueue-DeleteBlockStatusForDeletedBlockLogImpl] DEBUG block.DeletedBlockLogImpl (DeletedBlockLogImpl.java:commitTransactions(256)) - Datanode txId=5 containerId=#5 committed by dnId=c2c40a72-a699-49b1-b721-1997d9d2c71f
2021-08-15 14:03:30,371 [EventQueue-DeleteBlockStatusForDeletedBlockLogImpl] DEBUG block.DeletedBlockLogImpl (DeletedBlockLogImpl.java:isTransactionFailed(278)) - Got block deletion ACK from datanode, TXIDs=6, success=true
2021-08-15 14:03:30,371 [EventQueue-DeleteBlockStatusForDeletedBlockLogImpl] DEBUG block.DeletedBlockLogImpl (DeletedBlockLogImpl.java:commitTransactions(256)) - Datanode txId=6 containerId=#6 committed by dnId=c2c40a72-a699-49b1-b721-1997d9d2c71f
2021-08-15 14:03:30,371 [SCMBlockDeletingService#0] DEBUG block.SCMBlockDeletingService (SCMBlockDeletingService.java:call(133)) - Running DeletedBlockTransactionScanner
2021-08-15 14:03:30,376 [EventQueue-DeleteBlockStatusForDeletedBlockLogImpl] DEBUG block.DeletedBlockLogImpl (DeletedBlockLogImpl.java:isTransactionFailed(278)) - Got block deletion ACK from datanode, TXIDs=7, success=true
2021-08-15 14:03:30,376 [EventQueue-DeleteBlockStatusForDeletedBlockLogImpl] DEBUG block.DeletedBlockLogImpl (DeletedBlockLogImpl.java:commitTransactions(256)) - Datanode txId=7 containerId=#7 committed by dnId=c2c40a72-a699-49b1-b721-1997d9d2c71f
2021-08-15 14:03:30,376 [SCMBlockDeletingService#0] DEBUG block.SCMBlockDeletingService (DatanodeDeletedBlockTransactions.java:addTransactionToDN(50)) - Transaction added: 0475d2c2-d46f-403e-95a5-8ff1a5c32338 <- TX(1)
2021-08-15 14:03:30,376 [SCMBlockDeletingService#0] DEBUG block.SCMBlockDeletingService (DatanodeDeletedBlockTransactions.java:addTransactionToDN(50)) - Transaction added: 0475d2c2-d46f-403e-95a5-8ff1a5c32338 <- TX(2)
2021-08-15 14:03:30,376 [SCMBlockDeletingService#0] DEBUG block.SCMBlockDeletingService (DatanodeDeletedBlockTransactions.java:addTransactionToDN(50)) - Transaction added: 0475d2c2-d46f-403e-95a5-8ff1a5c32338 <- TX(3)
2021-08-15 14:03:30,376 [SCMBlockDeletingService#0] DEBUG block.SCMBlockDeletingService (DatanodeDeletedBlockTransactions.java:addTransactionToDN(50)) - Transaction added: 0475d2c2-d46f-403e-95a5-8ff1a5c32338 <- TX(4)
2021-08-15 14:03:30,376 [SCMBlockDeletingService#0] DEBUG block.SCMBlockDeletingService (DatanodeDeletedBlockTransactions.java:addTransactionToDN(50)) - Transaction added: 0475d2c2-d46f-403e-95a5-8ff1a5c32338 <- TX(5)
2021-08-15 14:03:30,376 [SCMBlockDeletingService#0] DEBUG block.SCMBlockDeletingService (DatanodeDeletedBlockTransactions.java:addTransactionToDN(50)) - Transaction added: 0475d2c2-d46f-403e-95a5-8ff1a5c32338 <- TX(6)
2021-08-15 14:03:30,376 [SCMBlockDeletingService#0] DEBUG block.SCMBlockDeletingService (DatanodeDeletedBlockTransactions.java:addTransactionToDN(50)) - Transaction added: 0475d2c2-d46f-403e-95a5-8ff1a5c32338 <- TX(7)
2021-08-15 14:03:30,376 [SCMBlockDeletingService#0] DEBUG block.SCMBlockDeletingService (DatanodeDeletedBlockTransactions.java:addTransactionToDN(50)) - Transaction added: 0475d2c2-d46f-403e-95a5-8ff1a5c32338 <- TX(8)
2021-08-15 14:03:30,376 [SCMBlockDeletingService#0] DEBUG block.SCMBlockDeletingService (DatanodeDeletedBlockTransactions.java:addTransactionToDN(50)) - Transaction added: 0475d2c2-d46f-403e-95a5-8ff1a5c32338 <- TX(9)
2021-08-15 14:03:30,376 [SCMBlockDeletingService#0] DEBUG block.SCMBlockDeletingService (DatanodeDeletedBlockTransactions.java:addTransactionToDN(50)) - Transaction added: 0475d2c2-d46f-403e-95a5-8ff1a5c32338 <- TX(10)
2021-08-15 14:03:30,376 [SCMBlockDeletingService#0] DEBUG block.SCMBlockDeletingService (DatanodeDeletedBlockTransactions.java:addTransactionToDN(50)) - Transaction added: 0475d2c2-d46f-403e-95a5-8ff1a5c32338 <- TX(11)
2021-08-15 14:03:30,376 [SCMBlockDeletingService#0] DEBUG block.SCMBlockDeletingService (DatanodeDeletedBlockTransactions.java:addTransactionToDN(50)) - Transaction added: 0475d2c2-d46f-403e-95a5-8ff1a5c32338 <- TX(12)
2021-08-15 14:03:30,376 [SCMBlockDeletingService#0] DEBUG block.SCMBlockDeletingService (DatanodeDeletedBlockTransactions.java:addTransactionToDN(50)) - Transaction added: 0475d2c2-d46f-403e-95a5-8ff1a5c32338 <- TX(13)
2021-08-15 14:03:30,376 [SCMBlockDeletingService#0] DEBUG block.SCMBlockDeletingService (DatanodeDeletedBlockTransactions.java:addTransactionToDN(50)) - Transaction added: 0475d2c2-d46f-403e-95a5-8ff1a5c32338 <- TX(14)
2021-08-15 14:03:30,376 [SCMBlockDeletingService#0] DEBUG block.SCMBlockDeletingService (DatanodeDeletedBlockTransactions.java:addTransactionToDN(50)) - Transaction added: 0475d2c2-d46f-403e-95a5-8ff1a5c32338 <- TX(15)
2021-08-15 14:03:30,376 [SCMBlockDeletingService#0] DEBUG block.SCMBlockDeletingService (DatanodeDeletedBlockTransactions.java:addTransactionToDN(50)) - Transaction added: 0475d2c2-d46f-403e-95a5-8ff1a5c32338 <- TX(16)
2021-08-15 14:03:30,377 [SCMBlockDeletingService#0] DEBUG block.SCMBlockDeletingService (DatanodeDeletedBlockTransactions.java:addTransactionToDN(50)) - Transaction added: 0475d2c2-d46f-403e-95a5-8ff1a5c32338 <- TX(17)
2021-08-15 14:03:30,377 [SCMBlockDeletingService#0] DEBUG block.SCMBlockDeletingService (DatanodeDeletedBlockTransactions.java:addTransactionToDN(50)) - Transaction added: f89ecde1-abfa-4530-92e2-4a065b7725ea <- TX(17)
2021-08-15 14:03:30,377 [SCMBlockDeletingService#0] DEBUG block.SCMBlockDeletingService (DatanodeDeletedBlockTransactions.java:addTransactionToDN(50)) - Transaction added: 0475d2c2-d46f-403e-95a5-8ff1a5c32338 <- TX(18)
2021-08-15 14:03:30,377 [SCMBlockDeletingService#0] DEBUG block.SCMBlockDeletingService (DatanodeDeletedBlockTransactions.java:addTransactionToDN(50)) - Transaction added: f89ecde1-abfa-4530-92e2-4a065b7725ea <- TX(18)
2021-08-15 14:03:30,377 [SCMBlockDeletingService#0] DEBUG block.SCMBlockDeletingService (DatanodeDeletedBlockTransactions.java:addTransactionToDN(50)) - Transaction added: 0475d2c2-d46f-403e-95a5-8ff1a5c32338 <- TX(19)
2021-08-15 14:03:30,377 [SCMBlockDeletingService#0] DEBUG block.SCMBlockDeletingService (DatanodeDeletedBlockTransactions.java:addTransactionToDN(50)) - Transaction added: f89ecde1-abfa-4530-92e2-4a065b7725ea <- TX(19)
2021-08-15 14:03:30,377 [SCMBlockDeletingService#0] DEBUG block.SCMBlockDeletingService (DatanodeDeletedBlockTransactions.java:addTransactionToDN(50)) - Transaction added: f89ecde1-abfa-4530-92e2-4a065b7725ea <- TX(20)
2021-08-15 14:03:30,377 [SCMBlockDeletingService#0] DEBUG block.SCMBlockDeletingService (DatanodeDeletedBlockTransactions.java:addTransactionToDN(50)) - Transaction added: 0475d2c2-d46f-403e-95a5-8ff1a5c32338 <- TX(20)
2021-08-15 14:03:30,377 [SCMBlockDeletingService#0] DEBUG block.SCMBlockDeletingService (DatanodeDeletedBlockTransactions.java:addTransactionToDN(50)) - Transaction added: f89ecde1-abfa-4530-92e2-4a065b7725ea <- TX(21)
2021-08-15 14:03:30,377 [SCMBlockDeletingService#0] DEBUG block.SCMBlockDeletingService (DatanodeDeletedBlockTransactions.java:addTransactionToDN(50)) - Transaction added: 0475d2c2-d46f-403e-95a5-8ff1a5c32338 <- TX(21)
2021-08-15 14:03:30,377 [SCMBlockDeletingService#0] DEBUG block.SCMBlockDeletingService (DatanodeDeletedBlockTransactions.java:addTransactionToDN(50)) - Transaction added: f89ecde1-abfa-4530-92e2-4a065b7725ea <- TX(22)
2021-08-15 14:03:30,377 [SCMBlockDeletingService#0] DEBUG block.SCMBlockDeletingService (DatanodeDeletedBlockTransactions.java:addTransactionToDN(50)) - Transaction added: 0475d2c2-d46f-403e-95a5-8ff1a5c32338 <- TX(22)
2021-08-15 14:03:30,377 [SCMBlockDeletingService#0] DEBUG block.SCMBlockDeletingService (DatanodeDeletedBlockTransactions.java:addTransactionToDN(50)) - Transaction added: f89ecde1-abfa-4530-92e2-4a065b7725ea <- TX(23)
2021-08-15 14:03:30,377 [SCMBlockDeletingService#0] DEBUG block.SCMBlockDeletingService (DatanodeDeletedBlockTransactions.java:addTransactionToDN(50)) - Transaction added: 0475d2c2-d46f-403e-95a5-8ff1a5c32338 <- TX(23)
2021-08-15 14:03:30,377 [SCMBlockDeletingService#0] DEBUG block.SCMBlockDeletingService (DatanodeDeletedBlockTransactions.java:addTransactionToDN(50)) - Transaction added: c2c40a72-a699-49b1-b721-1997d9d2c71f <- TX(23)
2021-08-15 14:03:30,377 [SCMBlockDeletingService#0] DEBUG block.SCMBlockDeletingService (DatanodeDeletedBlockTransactions.java:addTransactionToDN(50)) - Transaction added: 0475d2c2-d46f-403e-95a5-8ff1a5c32338 <- TX(24)
2021-08-15 14:03:30,377 [SCMBlockDeletingService#0] DEBUG block.SCMBlockDeletingService (DatanodeDeletedBlockTransactions.java:addTransactionToDN(50)) - Transaction added: f89ecde1-abfa-4530-92e2-4a065b7725ea <- TX(24)
2021-08-15 14:03:30,377 [SCMBlockDeletingService#0] DEBUG block.SCMBlockDeletingService (DatanodeDeletedBlockTransactions.java:addTransactionToDN(50)) - Transaction added: c2c40a72-a699-49b1-b721-1997d9d2c71f <- TX(24)
2021-08-15 14:03:30,377 [SCMBlockDeletingService#0] DEBUG block.SCMBlockDeletingService (DatanodeDeletedBlockTransactions.java:addTransactionToDN(50)) - Transaction added: 0475d2c2-d46f-403e-95a5-8ff1a5c32338 <- TX(25)
2021-08-15 14:03:30,377 [SCMBlockDeletingService#0] DEBUG block.SCMBlockDeletingService (DatanodeDeletedBlockTransactions.java:addTransactionToDN(50)) - Transaction added: c2c40a72-a699-49b1-b721-1997d9d2c71f <- TX(25)
2021-08-15 14:03:30,377 [SCMBlockDeletingService#0] DEBUG block.SCMBlockDeletingService (DatanodeDeletedBlockTransactions.java:addTransactionToDN(50)) - Transaction added: f89ecde1-abfa-4530-92e2-4a065b7725ea <- TX(25)
2021-08-15 14:03:30,377 [SCMBlockDeletingService#0] DEBUG block.SCMBlockDeletingService (DatanodeDeletedBlockTransactions.java:addTransactionToDN(50)) - Transaction added: 0475d2c2-d46f-403e-95a5-8ff1a5c32338 <- TX(26)
2021-08-15 14:03:30,377 [SCMBlockDeletingService#0] DEBUG block.SCMBlockDeletingService (DatanodeDeletedBlockTransactions.java:addTransactionToDN(50)) - Transaction added: c2c40a72-a699-49b1-b721-1997d9d2c71f <- TX(26)
2021-08-15 14:03:30,377 [SCMBlockDeletingService#0] DEBUG block.SCMBlockDeletingService (DatanodeDeletedBlockTransactions.java:addTransactionToDN(50)) - Transaction added: f89ecde1-abfa-4530-92e2-4a065b7725ea <- TX(26)
2021-08-15 14:03:30,377 [SCMBlockDeletingService#0] DEBUG block.SCMBlockDeletingService (DatanodeDeletedBlockTransactions.java:addTransactionToDN(50)) - Transaction added: 0475d2c2-d46f-403e-95a5-8ff1a5c32338 <- TX(27)
2021-08-15 14:03:30,377 [SCMBlockDeletingService#0] DEBUG block.SCMBlockDeletingService (DatanodeDeletedBlockTransactions.java:addTransactionToDN(50)) - Transaction added: c2c40a72-a699-49b1-b721-1997d9d2c71f <- TX(27)
2021-08-15 14:03:30,377 [SCMBlockDeletingService#0] DEBUG block.SCMBlockDeletingService (DatanodeDeletedBlockTransactions.java:addTransactionToDN(50)) - Transaction added: f89ecde1-abfa-4530-92e2-4a065b7725ea <- TX(27)
2021-08-15 14:03:30,377 [SCMBlockDeletingService#0] DEBUG block.SCMBlockDeletingService (DatanodeDeletedBlockTransactions.java:addTransactionToDN(50)) - Transaction added: f89ecde1-abfa-4530-92e2-4a065b7725ea <- TX(28)
2021-08-15 14:03:30,377 [SCMBlockDeletingService#0] DEBUG block.SCMBlockDeletingService (DatanodeDeletedBlockTransactions.java:addTransactionToDN(50)) - Transaction added: c2c40a72-a699-49b1-b721-1997d9d2c71f <- TX(28)
2021-08-15 14:03:30,377 [SCMBlockDeletingService#0] DEBUG block.SCMBlockDeletingService (DatanodeDeletedBlockTransactions.java:addTransactionToDN(50)) - Transaction added: 0475d2c2-d46f-403e-95a5-8ff1a5c32338 <- TX(28)
2021-08-15 14:03:30,377 [SCMBlockDeletingService#0] DEBUG block.SCMBlockDeletingService (DatanodeDeletedBlockTransactions.java:addTransactionToDN(50)) - Transaction added: c2c40a72-a699-49b1-b721-1997d9d2c71f <- TX(29)
2021-08-15 14:03:30,377 [SCMBlockDeletingService#0] DEBUG block.SCMBlockDeletingService (DatanodeDeletedBlockTransactions.java:addTransactionToDN(50)) - Transaction added: f89ecde1-abfa-4530-92e2-4a065b7725ea <- TX(29)
2021-08-15 14:03:30,377 [SCMBlockDeletingService#0] DEBUG block.SCMBlockDeletingService (DatanodeDeletedBlockTransactions.java:addTransactionToDN(50)) - Transaction added: 0475d2c2-d46f-403e-95a5-8ff1a5c32338 <- TX(29)
2021-08-15 14:03:30,377 [SCMBlockDeletingService#0] DEBUG block.SCMBlockDeletingService (DatanodeDeletedBlockTransactions.java:addTransactionToDN(50)) - Transaction added: f89ecde1-abfa-4530-92e2-4a065b7725ea <- TX(30)
2021-08-15 14:03:30,378 [SCMBlockDeletingService#0] DEBUG block.SCMBlockDeletingService (DatanodeDeletedBlockTransactions.java:addTransactionToDN(50)) - Transaction added: 0475d2c2-d46f-403e-95a5-8ff1a5c32338 <- TX(30)
2021-08-15 14:03:30,378 [SCMBlockDeletingService#0] DEBUG block.SCMBlockDeletingService (DatanodeDeletedBlockTransactions.java:addTransactionToDN(50)) - Transaction added: c2c40a72-a699-49b1-b721-1997d9d2c71f <- TX(30)
2021-08-15 14:03:30,378 [SCMBlockDeletingService#0] DEBUG block.SCMBlockDeletingService (DatanodeDeletedBlockTransactions.java:addTransactionToDN(50)) - Transaction added: c2c40a72-a699-49b1-b721-1997d9d2c71f <- TX(31)
2021-08-15 14:03:30,378 [SCMBlockDeletingService#0] DEBUG block.SCMBlockDeletingService (DatanodeDeletedBlockTransactions.java:addTransactionToDN(50)) - Transaction added: f89ecde1-abfa-4530-92e2-4a065b7725ea <- TX(31)
2021-08-15 14:03:30,378 [SCMBlockDeletingService#0] DEBUG block.SCMBlockDeletingService (DatanodeDeletedBlockTransactions.java:addTransactionToDN(50)) - Transaction added: 0475d2c2-d46f-403e-95a5-8ff1a5c32338 <- TX(31)
2021-08-15 14:03:30,378 [SCMBlockDeletingService#0] DEBUG block.SCMBlockDeletingService (DatanodeDeletedBlockTransactions.java:addTransactionToDN(50)) - Transaction added: 0475d2c2-d46f-403e-95a5-8ff1a5c32338 <- TX(32)
2021-08-15 14:03:30,378 [SCMBlockDeletingService#0] DEBUG block.SCMBlockDeletingService (DatanodeDeletedBlockTransactions.java:addTransactionToDN(50)) - Transaction added: f89ecde1-abfa-4530-92e2-4a065b7725ea <- TX(32)
2021-08-15 14:03:30,378 [SCMBlockDeletingService#0] DEBUG block.SCMBlockDeletingService (DatanodeDeletedBlockTransactions.java:addTransactionToDN(50)) - Transaction added: c2c40a72-a699-49b1-b721-1997d9d2c71f <- TX(32)
2021-08-15 14:03:30,378 [SCMBlockDeletingService#0] DEBUG block.SCMBlockDeletingService (DatanodeDeletedBlockTransactions.java:addTransactionToDN(50)) - Transaction added: 0475d2c2-d46f-403e-95a5-8ff1a5c32338 <- TX(33)
2021-08-15 14:03:30,378 [SCMBlockDeletingService#0] DEBUG block.SCMBlockDeletingService (DatanodeDeletedBlockTransactions.java:addTransactionToDN(50)) - Transaction added: c2c40a72-a699-49b1-b721-1997d9d2c71f <- TX(33)
2021-08-15 14:03:30,378 [SCMBlockDeletingService#0] DEBUG block.SCMBlockDeletingService (DatanodeDeletedBlockTransactions.java:addTransactionToDN(50)) - Transaction added: f89ecde1-abfa-4530-92e2-4a065b7725ea <- TX(33)
2021-08-15 14:03:30,378 [SCMBlockDeletingService#0] DEBUG block.SCMBlockDeletingService (DatanodeDeletedBlockTransactions.java:addTransactionToDN(50)) - Transaction added: 0475d2c2-d46f-403e-95a5-8ff1a5c32338 <- TX(34)
2021-08-15 14:03:30,378 [SCMBlockDeletingService#0] DEBUG block.SCMBlockDeletingService (DatanodeDeletedBlockTransactions.java:addTransactionToDN(50)) - Transaction added: c2c40a72-a699-49b1-b721-1997d9d2c71f <- TX(34)
2021-08-15 14:03:30,378 [SCMBlockDeletingService#0] DEBUG block.SCMBlockDeletingService (DatanodeDeletedBlockTransactions.java:addTransactionToDN(50)) - Transaction added: f89ecde1-abfa-4530-92e2-4a065b7725ea <- TX(34)
2021-08-15 14:03:30,378 [SCMBlockDeletingService#0] DEBUG block.SCMBlockDeletingService (DatanodeDeletedBlockTransactions.java:addTransactionToDN(50)) - Transaction added: 0475d2c2-d46f-403e-95a5-8ff1a5c32338 <- TX(35)
2021-08-15 14:03:30,378 [SCMBlockDeletingService#0] DEBUG block.SCMBlockDeletingService (DatanodeDeletedBlockTransactions.java:addTransactionToDN(50)) - Transaction added: c2c40a72-a699-49b1-b721-1997d9d2c71f <- TX(35)
2021-08-15 14:03:30,378 [SCMBlockDeletingService#0] DEBUG block.SCMBlockDeletingService (DatanodeDeletedBlockTransactions.java:addTransactionToDN(50)) - Transaction added: f89ecde1-abfa-4530-92e2-4a065b7725ea <- TX(35)
2021-08-15 14:03:30,378 [SCMBlockDeletingService#0] DEBUG block.SCMBlockDeletingService (DatanodeDeletedBlockTransactions.java:addTransactionToDN(50)) - Transaction added: f89ecde1-abfa-4530-92e2-4a065b7725ea <- TX(36)
2021-08-15 14:03:30,378 [SCMBlockDeletingService#0] DEBUG block.SCMBlockDeletingService (DatanodeDeletedBlockTransactions.java:addTransactionToDN(50)) - Transaction added: c2c40a72-a699-49b1-b721-1997d9d2c71f <- TX(36)
2021-08-15 14:03:30,378 [SCMBlockDeletingService#0] DEBUG block.SCMBlockDeletingService (DatanodeDeletedBlockTransactions.java:addTransactionToDN(50)) - Transaction added: 0475d2c2-d46f-403e-95a5-8ff1a5c32338 <- TX(36)
2021-08-15 14:03:30,378 [SCMBlockDeletingService#0] DEBUG block.SCMBlockDeletingService (DatanodeDeletedBlockTransactions.java:addTransactionToDN(50)) - Transaction added: c2c40a72-a699-49b1-b721-1997d9d2c71f <- TX(37)
2021-08-15 14:03:30,378 [SCMBlockDeletingService#0] DEBUG block.SCMBlockDeletingService (DatanodeDeletedBlockTransactions.java:addTransactionToDN(50)) - Transaction added: f89ecde1-abfa-4530-92e2-4a065b7725ea <- TX(37)
2021-08-15 14:03:30,378 [SCMBlockDeletingService#0] DEBUG block.SCMBlockDeletingService (DatanodeDeletedBlockTransactions.java:addTransactionToDN(50)) - Transaction added: 0475d2c2-d46f-403e-95a5-8ff1a5c32338 <- TX(37)
2021-08-15 14:03:30,378 [SCMBlockDeletingService#0] DEBUG block.SCMBlockDeletingService (DatanodeDeletedBlockTransactions.java:addTransactionToDN(50)) - Transaction added: c2c40a72-a699-49b1-b721-1997d9d2c71f <- TX(38)
2021-08-15 14:03:30,378 [SCMBlockDeletingService#0] DEBUG block.SCMBlockDeletingService (DatanodeDeletedBlockTransactions.java:addTransactionToDN(50)) - Transaction added: f89ecde1-abfa-4530-92e2-4a065b7725ea <- TX(38)
2021-08-15 14:03:30,378 [SCMBlockDeletingService#0] DEBUG block.SCMBlockDeletingService (DatanodeDeletedBlockTransactions.java:addTransactionToDN(50)) - Transaction added: 0475d2c2-d46f-403e-95a5-8ff1a5c32338 <- TX(38)
2021-08-15 14:03:30,378 [SCMBlockDeletingService#0] DEBUG block.SCMBlockDeletingService (DatanodeDeletedBlockTransactions.java:addTransactionToDN(50)) - Transaction added: f89ecde1-abfa-4530-92e2-4a065b7725ea <- TX(39)
2021-08-15 14:03:30,378 [SCMBlockDeletingService#0] DEBUG block.SCMBlockDeletingService (DatanodeDeletedBlockTransactions.java:addTransactionToDN(50)) - Transaction added: 0475d2c2-d46f-403e-95a5-8ff1a5c32338 <- TX(39)
2021-08-15 14:03:30,378 [SCMBlockDeletingService#0] DEBUG block.SCMBlockDeletingService (DatanodeDeletedBlockTransactions.java:addTransactionToDN(50)) - Transaction added: c2c40a72-a699-49b1-b721-1997d9d2c71f <- TX(39)
2021-08-15 14:03:30,378 [SCMBlockDeletingService#0] DEBUG block.SCMBlockDeletingService (DatanodeDeletedBlockTransactions.java:addTransactionToDN(50)) - Transaction added: 0475d2c2-d46f-403e-95a5-8ff1a5c32338 <- TX(40)
2021-08-15 14:03:30,378 [SCMBlockDeletingService#0] DEBUG block.SCMBlockDeletingService (DatanodeDeletedBlockTransactions.java:addTransactionToDN(50)) - Transaction added: f89ecde1-abfa-4530-92e2-4a065b7725ea <- TX(40)
2021-08-15 14:03:30,378 [SCMBlockDeletingService#0] DEBUG block.SCMBlockDeletingService (DatanodeDeletedBlockTransactions.java:addTransactionToDN(50)) - Transaction added: c2c40a72-a699-49b1-b721-1997d9d2c71f <- TX(40)
2021-08-15 14:03:30,378 [SCMBlockDeletingService#0] DEBUG block.SCMBlockDeletingService (DatanodeDeletedBlockTransactions.java:addTransactionToDN(50)) - Transaction added: 0475d2c2-d46f-403e-95a5-8ff1a5c32338 <- TX(41)
2021-08-15 14:03:30,378 [SCMBlockDeletingService#0] DEBUG block.SCMBlockDeletingService (DatanodeDeletedBlockTransactions.java:addTransactionToDN(50)) - Transaction added: c2c40a72-a699-49b1-b721-1997d9d2c71f <- TX(41)
2021-08-15 14:03:30,379 [SCMBlockDeletingService#0] DEBUG block.SCMBlockDeletingService (DatanodeDeletedBlockTransactions.java:addTransactionToDN(50)) - Transaction added: f89ecde1-abfa-4530-92e2-4a065b7725ea <- TX(41)
2021-08-15 14:03:30,379 [SCMBlockDeletingService#0] DEBUG block.SCMBlockDeletingService (DatanodeDeletedBlockTransactions.java:addTransactionToDN(50)) - Transaction added: 0475d2c2-d46f-403e-95a5-8ff1a5c32338 <- TX(42)
2021-08-15 14:03:30,379 [SCMBlockDeletingService#0] DEBUG block.SCMBlockDeletingService (DatanodeDeletedBlockTransactions.java:addTransactionToDN(50)) - Transaction added: c2c40a72-a699-49b1-b721-1997d9d2c71f <- TX(42)
2021-08-15 14:03:30,379 [SCMBlockDeletingService#0] DEBUG block.SCMBlockDeletingService (DatanodeDeletedBlockTransactions.java:addTransactionToDN(50)) - Transaction added: f89ecde1-abfa-4530-92e2-4a065b7725ea <- TX(42)
2021-08-15 14:03:30,379 [SCMBlockDeletingService#0] DEBUG block.SCMBlockDeletingService (DatanodeDeletedBlockTransactions.java:addTransactionToDN(50)) - Transaction added: 0475d2c2-d46f-403e-95a5-8ff1a5c32338 <- TX(43)
2021-08-15 14:03:30,379 [SCMBlockDeletingService#0] DEBUG block.SCMBlockDeletingService (DatanodeDeletedBlockTransactions.java:addTransactionToDN(50)) - Transaction added: c2c40a72-a699-49b1-b721-1997d9d2c71f <- TX(43)
2021-08-15 14:03:30,379 [SCMBlockDeletingService#0] DEBUG block.SCMBlockDeletingService (DatanodeDeletedBlockTransactions.java:addTransactionToDN(50)) - Transaction added: f89ecde1-abfa-4530-92e2-4a065b7725ea <- TX(43)
2021-08-15 14:03:30,379 [SCMBlockDeletingService#0] DEBUG block.SCMBlockDeletingService (DatanodeDeletedBlockTransactions.java:addTransactionToDN(50)) - Transaction added: f89ecde1-abfa-4530-92e2-4a065b7725ea <- TX(44)
2021-08-15 14:03:30,379 [SCMBlockDeletingService#0] DEBUG block.SCMBlockDeletingService (DatanodeDeletedBlockTransactions.java:addTransactionToDN(50)) - Transaction added: c2c40a72-a699-49b1-b721-1997d9d2c71f <- TX(44)
2021-08-15 14:03:30,379 [SCMBlockDeletingService#0] DEBUG block.SCMBlockDeletingService (DatanodeDeletedBlockTransactions.java:addTransactionToDN(50)) - Transaction added: 0475d2c2-d46f-403e-95a5-8ff1a5c32338 <- TX(44)
2021-08-15 14:03:30,379 [SCMBlockDeletingService#0] DEBUG block.SCMBlockDeletingService (DatanodeDeletedBlockTransactions.java:addTransactionToDN(50)) - Transaction added: c2c40a72-a699-49b1-b721-1997d9d2c71f <- TX(45)
2021-08-15 14:03:30,379 [SCMBlockDeletingService#0] DEBUG block.SCMBlockDeletingService (DatanodeDeletedBlockTransactions.java:addTransactionToDN(50)) - Transaction added: f89ecde1-abfa-4530-92e2-4a065b7725ea <- TX(45)
2021-08-15 14:03:30,379 [SCMBlockDeletingService#0] DEBUG block.SCMBlockDeletingService (DatanodeDeletedBlockTransactions.java:addTransactionToDN(50)) - Transaction added: 0475d2c2-d46f-403e-95a5-8ff1a5c32338 <- TX(45)
2021-08-15 14:03:30,379 [SCMBlockDeletingService#0] DEBUG block.SCMBlockDeletingService (DatanodeDeletedBlockTransactions.java:addTransactionToDN(50)) - Transaction added: f89ecde1-abfa-4530-92e2-4a065b7725ea <- TX(46)
2021-08-15 14:03:30,379 [SCMBlockDeletingService#0] DEBUG block.SCMBlockDeletingService (DatanodeDeletedBlockTransactions.java:addTransactionToDN(50)) - Transaction added: 0475d2c2-d46f-403e-95a5-8ff1a5c32338 <- TX(46)
2021-08-15 14:03:30,379 [SCMBlockDeletingService#0] DEBUG block.SCMBlockDeletingService (DatanodeDeletedBlockTransactions.java:addTransactionToDN(50)) - Transaction added: c2c40a72-a699-49b1-b721-1997d9d2c71f <- TX(46)
2021-08-15 14:03:30,379 [SCMBlockDeletingService#0] DEBUG block.SCMBlockDeletingService (DatanodeDeletedBlockTransactions.java:addTransactionToDN(50)) - Transaction added: c2c40a72-a699-49b1-b721-1997d9d2c71f <- TX(47)
2021-08-15 14:03:30,379 [SCMBlockDeletingService#0] DEBUG block.SCMBlockDeletingService (DatanodeDeletedBlockTransactions.java:addTransactionToDN(50)) - Transaction added: f89ecde1-abfa-4530-92e2-4a065b7725ea <- TX(47)
2021-08-15 14:03:30,379 [SCMBlockDeletingService#0] DEBUG block.SCMBlockDeletingService (DatanodeDeletedBlockTransactions.java:addTransactionToDN(50)) - Transaction added: 0475d2c2-d46f-403e-95a5-8ff1a5c32338 <- TX(47)
2021-08-15 14:03:30,379 [SCMBlockDeletingService#0] DEBUG block.SCMBlockDeletingService (DatanodeDeletedBlockTransactions.java:addTransactionToDN(50)) - Transaction added: 0475d2c2-d46f-403e-95a5-8ff1a5c32338 <- TX(48)
2021-08-15 14:03:30,379 [SCMBlockDeletingService#0] DEBUG block.SCMBlockDeletingService (DatanodeDeletedBlockTransactions.java:addTransactionToDN(50)) - Transaction added: f89ecde1-abfa-4530-92e2-4a065b7725ea <- TX(48)
2021-08-15 14:03:30,379 [SCMBlockDeletingService#0] DEBUG block.SCMBlockDeletingService (DatanodeDeletedBlockTransactions.java:addTransactionToDN(50)) - Transaction added: c2c40a72-a699-49b1-b721-1997d9d2c71f <- TX(48)
2021-08-15 14:03:30,379 [SCMBlockDeletingService#0] DEBUG block.SCMBlockDeletingService (DatanodeDeletedBlockTransactions.java:addTransactionToDN(50)) - Transaction added: 0475d2c2-d46f-403e-95a5-8ff1a5c32338 <- TX(49)
2021-08-15 14:03:30,379 [SCMBlockDeletingService#0] DEBUG block.SCMBlockDeletingService (DatanodeDeletedBlockTransactions.java:addTransactionToDN(50)) - Transaction added: c2c40a72-a699-49b1-b721-1997d9d2c71f <- TX(49)
2021-08-15 14:03:30,379 [SCMBlockDeletingService#0] DEBUG block.SCMBlockDeletingService (DatanodeDeletedBlockTransactions.java:addTransactionToDN(50)) - Transaction added: f89ecde1-abfa-4530-92e2-4a065b7725ea <- TX(49)
2021-08-15 14:03:30,379 [SCMBlockDeletingService#0] DEBUG block.SCMBlockDeletingService (DatanodeDeletedBlockTransactions.java:addTransactionToDN(50)) - Transaction added: 0475d2c2-d46f-403e-95a5-8ff1a5c32338 <- TX(50)
2021-08-15 14:03:30,379 [SCMBlockDeletingService#0] DEBUG block.SCMBlockDeletingService (DatanodeDeletedBlockTransactions.java:addTransactionToDN(50)) - Transaction added: c2c40a72-a699-49b1-b721-1997d9d2c71f <- TX(50)
2021-08-15 14:03:30,379 [SCMBlockDeletingService#0] DEBUG block.SCMBlockDeletingService (DatanodeDeletedBlockTransactions.java:addTransactionToDN(50)) - Transaction added: f89ecde1-abfa-4530-92e2-4a065b7725ea <- TX(50)
2021-08-15 14:03:30,379 [SCMBlockDeletingService#0] DEBUG block.SCMBlockDeletingService (DatanodeDeletedBlockTransactions.java:addTransactionToDN(50)) - Transaction added: 0475d2c2-d46f-403e-95a5-8ff1a5c32338 <- TX(51)
2021-08-15 14:03:30,379 [SCMBlockDeletingService#0] DEBUG block.SCMBlockDeletingService (DatanodeDeletedBlockTransactions.java:addTransactionToDN(50)) - Transaction added: c2c40a72-a699-49b1-b721-1997d9d2c71f <- TX(51)
2021-08-15 14:03:30,379 [SCMBlockDeletingService#0] DEBUG block.SCMBlockDeletingService (DatanodeDeletedBlockTransactions.java:addTransactionToDN(50)) - Transaction added: f89ecde1-abfa-4530-92e2-4a065b7725ea <- TX(51)
2021-08-15 14:03:30,379 [SCMBlockDeletingService#0] DEBUG block.SCMBlockDeletingService (DatanodeDeletedBlockTransactions.java:addTransactionToDN(50)) - Transaction added: f89ecde1-abfa-4530-92e2-4a065b7725ea <- TX(52)
2021-08-15 14:03:30,379 [SCMBlockDeletingService#0] DEBUG block.SCMBlockDeletingService (DatanodeDeletedBlockTransactions.java:addTransactionToDN(50)) - Transaction added: c2c40a72-a699-49b1-b721-1997d9d2c71f <- TX(52)
2021-08-15 14:03:30,379 [SCMBlockDeletingService#0] DEBUG block.SCMBlockDeletingService (DatanodeDeletedBlockTransactions.java:addTransactionToDN(50)) - Transaction added: 0475d2c2-d46f-403e-95a5-8ff1a5c32338 <- TX(52)
2021-08-15 14:03:30,380 [SCMBlockDeletingService#0] DEBUG block.SCMBlockDeletingService (DatanodeDeletedBlockTransactions.java:addTransactionToDN(50)) - Transaction added: c2c40a72-a699-49b1-b721-1997d9d2c71f <- TX(53)
2021-08-15 14:03:30,380 [SCMBlockDeletingService#0] DEBUG block.SCMBlockDeletingService (DatanodeDeletedBlockTransactions.java:addTransactionToDN(50)) - Transaction added: f89ecde1-abfa-4530-92e2-4a065b7725ea <- TX(53)
2021-08-15 14:03:30,380 [SCMBlockDeletingService#0] DEBUG block.SCMBlockDeletingService (DatanodeDeletedBlockTransactions.java:addTransactionToDN(50)) - Transaction added: 0475d2c2-d46f-403e-95a5-8ff1a5c32338 <- TX(53)
2021-08-15 14:03:30,380 [SCMBlockDeletingService#0] DEBUG block.SCMBlockDeletingService (DatanodeDeletedBlockTransactions.java:addTransactionToDN(50)) - Transaction added: c2c40a72-a699-49b1-b721-1997d9d2c71f <- TX(54)
2021-08-15 14:03:30,380 [SCMBlockDeletingService#0] DEBUG block.SCMBlockDeletingService (DatanodeDeletedBlockTransactions.java:addTransactionToDN(50)) - Transaction added: f89ecde1-abfa-4530-92e2-4a065b7725ea <- TX(54)
2021-08-15 14:03:30,380 [SCMBlockDeletingService#0] DEBUG block.SCMBlockDeletingService (DatanodeDeletedBlockTransactions.java:addTransactionToDN(50)) - Transaction added: 0475d2c2-d46f-403e-95a5-8ff1a5c32338 <- TX(54)
2021-08-15 14:03:30,380 [SCMBlockDeletingService#0] DEBUG block.SCMBlockDeletingService (DatanodeDeletedBlockTransactions.java:addTransactionToDN(50)) - Transaction added: f89ecde1-abfa-4530-92e2-4a065b7725ea <- TX(55)
2021-08-15 14:03:30,380 [SCMBlockDeletingService#0] DEBUG block.SCMBlockDeletingService (DatanodeDeletedBlockTransactions.java:addTransactionToDN(50)) - Transaction added: 0475d2c2-d46f-403e-95a5-8ff1a5c32338 <- TX(55)
2021-08-15 14:03:30,380 [SCMBlockDeletingService#0] DEBUG block.SCMBlockDeletingService (DatanodeDeletedBlockTransactions.java:addTransactionToDN(50)) - Transaction added: c2c40a72-a699-49b1-b721-1997d9d2c71f <- TX(55)
2021-08-15 14:03:30,380 [SCMBlockDeletingService#0] DEBUG block.SCMBlockDeletingService (DatanodeDeletedBlockTransactions.java:addTransactionToDN(50)) - Transaction added: 0475d2c2-d46f-403e-95a5-8ff1a5c32338 <- TX(56)
2021-08-15 14:03:30,380 [SCMBlockDeletingService#0] DEBUG block.SCMBlockDeletingService (DatanodeDeletedBlockTransactions.java:addTransactionToDN(50)) - Transaction added: f89ecde1-abfa-4530-92e2-4a065b7725ea <- TX(56)
2021-08-15 14:03:30,380 [SCMBlockDeletingService#0] DEBUG block.SCMBlockDeletingService (DatanodeDeletedBlockTransactions.java:addTransactionToDN(50)) - Transaction added: c2c40a72-a699-49b1-b721-1997d9d2c71f <- TX(56)
2021-08-15 14:03:30,380 [EventQueue-DeleteBlockStatusForDeletedBlockLogImpl] DEBUG block.DeletedBlockLogImpl (DeletedBlockLogImpl.java:isTransactionFailed(278)) - Got block deletion ACK from datanode, TXIDs=1, success=true
2021-08-15 14:03:30,380 [EventQueue-DeleteBlockStatusForDeletedBlockLogImpl] DEBUG block.DeletedBlockLogImpl (DeletedBlockLogImpl.java:commitTransactions(256)) - Datanode txId=1 containerId=#1 committed by dnId=c2c40a72-a699-49b1-b721-1997d9d2c71f
2021-08-15 14:03:30,380 [EventQueue-DeleteBlockStatusForDeletedBlockLogImpl] DEBUG block.DeletedBlockLogImpl (DeletedBlockLogImpl.java:isTransactionFailed(278)) - Got block deletion ACK from datanode, TXIDs=2, success=true
2021-08-15 14:03:30,380 [EventQueue-DeleteBlockStatusForDeletedBlockLogImpl] DEBUG block.DeletedBlockLogImpl (DeletedBlockLogImpl.java:commitTransactions(256)) - Datanode txId=2 containerId=#2 committed by dnId=c2c40a72-a699-49b1-b721-1997d9d2c71f
2021-08-15 14:03:30,380 [EventQueue-DeleteBlockStatusForDeletedBlockLogImpl] DEBUG block.DeletedBlockLogImpl (DeletedBlockLogImpl.java:isTransactionFailed(278)) - Got block deletion ACK from datanode, TXIDs=3, success=true
2021-08-15 14:03:30,380 [EventQueue-DeleteBlockStatusForDeletedBlockLogImpl] DEBUG block.DeletedBlockLogImpl (DeletedBlockLogImpl.java:commitTransactions(256)) - Datanode txId=3 containerId=#3 committed by dnId=c2c40a72-a699-49b1-b721-1997d9d2c71f
2021-08-15 14:03:30,380 [EventQueue-DeleteBlockStatusForDeletedBlockLogImpl] DEBUG block.DeletedBlockLogImpl (DeletedBlockLogImpl.java:isTransactionFailed(278)) - Got block deletion ACK from datanode, TXIDs=4, success=true
2021-08-15 14:03:30,380 [EventQueue-DeleteBlockStatusForDeletedBlockLogImpl] DEBUG block.DeletedBlockLogImpl (DeletedBlockLogImpl.java:commitTransactions(256)) - Datanode txId=4 containerId=#4 committed by dnId=c2c40a72-a699-49b1-b721-1997d9d2c71f
2021-08-15 14:03:30,380 [EventQueue-DeleteBlockStatusForDeletedBlockLogImpl] DEBUG block.DeletedBlockLogImpl (DeletedBlockLogImpl.java:isTransactionFailed(278)) - Got block deletion ACK from datanode, TXIDs=5, success=true
2021-08-15 14:03:30,380 [EventQueue-DeleteBlockStatusForDeletedBlockLogImpl] DEBUG block.DeletedBlockLogImpl (DeletedBlockLogImpl.java:commitTransactions(256)) - Datanode txId=5 containerId=#5 committed by dnId=c2c40a72-a699-49b1-b721-1997d9d2c71f
2021-08-15 14:03:30,380 [EventQueue-DeleteBlockStatusForDeletedBlockLogImpl] DEBUG block.DeletedBlockLogImpl (DeletedBlockLogImpl.java:isTransactionFailed(278)) - Got block deletion ACK from datanode, TXIDs=1, success=true
2021-08-15 14:03:30,380 [EventQueue-DeleteBlockStatusForDeletedBlockLogImpl] DEBUG block.DeletedBlockLogImpl (DeletedBlockLogImpl.java:commitTransactions(256)) - Datanode txId=1 containerId=#1 committed by dnId=c2c40a72-a699-49b1-b721-1997d9d2c71f
2021-08-15 14:03:30,380 [EventQueue-DeleteBlockStatusForDeletedBlockLogImpl] DEBUG block.DeletedBlockLogImpl (DeletedBlockLogImpl.java:isTransactionFailed(278)) - Got block deletion ACK from datanode, TXIDs=2, success=true
2021-08-15 14:03:30,380 [EventQueue-DeleteBlockStatusForDeletedBlockLogImpl] DEBUG block.DeletedBlockLogImpl (DeletedBlockLogImpl.java:commitTransactions(256)) - Datanode txId=2 containerId=#2 committed by dnId=c2c40a72-a699-49b1-b721-1997d9d2c71f
2021-08-15 14:03:30,380 [EventQueue-DeleteBlockStatusForDeletedBlockLogImpl] DEBUG block.DeletedBlockLogImpl (DeletedBlockLogImpl.java:isTransactionFailed(278)) - Got block deletion ACK from datanode, TXIDs=3, success=true
2021-08-15 14:03:30,381 [EventQueue-DeleteBlockStatusForDeletedBlockLogImpl] DEBUG block.DeletedBlockLogImpl (DeletedBlockLogImpl.java:commitTransactions(256)) - Datanode txId=3 containerId=#3 committed by dnId=c2c40a72-a699-49b1-b721-1997d9d2c71f
2021-08-15 14:03:30,381 [EventQueue-DeleteBlockStatusForDeletedBlockLogImpl] DEBUG block.DeletedBlockLogImpl (DeletedBlockLogImpl.java:isTransactionFailed(278)) - Got block deletion ACK from datanode, TXIDs=4, success=true
2021-08-15 14:03:30,381 [EventQueue-DeleteBlockStatusForDeletedBlockLogImpl] DEBUG block.DeletedBlockLogImpl (DeletedBlockLogImpl.java:commitTransactions(256)) - Datanode txId=4 containerId=#4 committed by dnId=c2c40a72-a699-49b1-b721-1997d9d2c71f
2021-08-15 14:03:30,381 [EventQueue-DeleteBlockStatusForDeletedBlockLogImpl] DEBUG block.DeletedBlockLogImpl (DeletedBlockLogImpl.java:isTransactionFailed(278)) - Got block deletion ACK from datanode, TXIDs=5, success=true
2021-08-15 14:03:30,381 [EventQueue-DeleteBlockStatusForDeletedBlockLogImpl] DEBUG block.DeletedBlockLogImpl (DeletedBlockLogImpl.java:commitTransactions(256)) - Datanode txId=5 containerId=#5 committed by dnId=c2c40a72-a699-49b1-b721-1997d9d2c71f
2021-08-15 14:03:30,381 [EventQueue-DeleteBlockStatusForDeletedBlockLogImpl] DEBUG block.DeletedBlockLogImpl (DeletedBlockLogImpl.java:isTransactionFailed(278)) - Got block deletion ACK from datanode, TXIDs=6, success=true
2021-08-15 14:03:30,381 [EventQueue-DeleteBlockStatusForDeletedBlockLogImpl] DEBUG block.DeletedBlockLogImpl (DeletedBlockLogImpl.java:commitTransactions(256)) - Datanode txId=6 containerId=#6 committed by dnId=c2c40a72-a699-49b1-b721-1997d9d2c71f
2021-08-15 14:03:30,381 [EventQueue-DeleteBlockStatusForDeletedBlockLogImpl] DEBUG block.DeletedBlockLogImpl (DeletedBlockLogImpl.java:isTransactionFailed(278)) - Got block deletion ACK from datanode, TXIDs=7, success=true
2021-08-15 14:03:30,381 [EventQueue-DeleteBlockStatusForDeletedBlockLogImpl] DEBUG block.DeletedBlockLogImpl (DeletedBlockLogImpl.java:commitTransactions(256)) - Datanode txId=7 containerId=#7 committed by dnId=c2c40a72-a699-49b1-b721-1997d9d2c71f
2021-08-15 14:03:30,381 [EventQueue-DeleteBlockStatusForDeletedBlockLogImpl] DEBUG block.DeletedBlockLogImpl (DeletedBlockLogImpl.java:isTransactionFailed(278)) - Got block deletion ACK from datanode, TXIDs=8, success=true
2021-08-15 14:03:30,381 [EventQueue-DeleteBlockStatusForDeletedBlockLogImpl] DEBUG block.DeletedBlockLogImpl (DeletedBlockLogImpl.java:commitTransactions(256)) - Datanode txId=8 containerId=#8 committed by dnId=c2c40a72-a699-49b1-b721-1997d9d2c71f
2021-08-15 14:03:30,381 [EventQueue-DeleteBlockStatusForDeletedBlockLogImpl] DEBUG block.DeletedBlockLogImpl (DeletedBlockLogImpl.java:isTransactionFailed(278)) - Got block deletion ACK from datanode, TXIDs=9, success=true
2021-08-15 14:03:30,381 [EventQueue-DeleteBlockStatusForDeletedBlockLogImpl] DEBUG block.DeletedBlockLogImpl (DeletedBlockLogImpl.java:commitTransactions(256)) - Datanode txId=9 containerId=#9 committed by dnId=c2c40a72-a699-49b1-b721-1997d9d2c71f
2021-08-15 14:03:30,381 [EventQueue-DeleteBlockStatusForDeletedBlockLogImpl] DEBUG block.DeletedBlockLogImpl (DeletedBlockLogImpl.java:isTransactionFailed(278)) - Got block deletion ACK from datanode, TXIDs=10, success=true
2021-08-15 14:03:30,381 [EventQueue-DeleteBlockStatusForDeletedBlockLogImpl] DEBUG block.DeletedBlockLogImpl (DeletedBlockLogImpl.java:commitTransactions(256)) - Datanode txId=10 containerId=#10 committed by dnId=c2c40a72-a699-49b1-b721-1997d9d2c71f
2021-08-15 14:03:30,381 [EventQueue-DeleteBlockStatusForDeletedBlockLogImpl] DEBUG block.DeletedBlockLogImpl (DeletedBlockLogImpl.java:isTransactionFailed(278)) - Got block deletion ACK from datanode, TXIDs=11, success=true
2021-08-15 14:03:30,381 [EventQueue-DeleteBlockStatusForDeletedBlockLogImpl] DEBUG block.DeletedBlockLogImpl (DeletedBlockLogImpl.java:commitTransactions(256)) - Datanode txId=11 containerId=#11 committed by dnId=c2c40a72-a699-49b1-b721-1997d9d2c71f
2021-08-15 14:03:30,381 [EventQueue-DeleteBlockStatusForDeletedBlockLogImpl] DEBUG block.DeletedBlockLogImpl (DeletedBlockLogImpl.java:isTransactionFailed(278)) - Got block deletion ACK from datanode, TXIDs=12, success=true
2021-08-15 14:03:30,381 [EventQueue-DeleteBlockStatusForDeletedBlockLogImpl] DEBUG block.DeletedBlockLogImpl (DeletedBlockLogImpl.java:commitTransactions(256)) - Datanode txId=12 containerId=#12 committed by dnId=c2c40a72-a699-49b1-b721-1997d9d2c71f
2021-08-15 14:03:30,381 [EventQueue-DeleteBlockStatusForDeletedBlockLogImpl] DEBUG block.DeletedBlockLogImpl (DeletedBlockLogImpl.java:isTransactionFailed(278)) - Got block deletion ACK from datanode, TXIDs=13, success=true
2021-08-15 14:03:30,381 [EventQueue-DeleteBlockStatusForDeletedBlockLogImpl] DEBUG block.DeletedBlockLogImpl (DeletedBlockLogImpl.java:commitTransactions(256)) - Datanode txId=13 containerId=#13 committed by dnId=c2c40a72-a699-49b1-b721-1997d9d2c71f
2021-08-15 14:03:30,381 [EventQueue-DeleteBlockStatusForDeletedBlockLogImpl] DEBUG block.DeletedBlockLogImpl (DeletedBlockLogImpl.java:isTransactionFailed(278)) - Got block deletion ACK from datanode, TXIDs=14, success=true
2021-08-15 14:03:30,381 [EventQueue-DeleteBlockStatusForDeletedBlockLogImpl] DEBUG block.DeletedBlockLogImpl (DeletedBlockLogImpl.java:commitTransactions(256)) - Datanode txId=14 containerId=#14 committed by dnId=c2c40a72-a699-49b1-b721-1997d9d2c71f
2021-08-15 14:03:30,381 [EventQueue-DeleteBlockStatusForDeletedBlockLogImpl] DEBUG block.DeletedBlockLogImpl (DeletedBlockLogImpl.java:isTransactionFailed(278)) - Got block deletion ACK from datanode, TXIDs=15, success=true
2021-08-15 14:03:30,381 [EventQueue-DeleteBlockStatusForDeletedBlockLogImpl] DEBUG block.DeletedBlockLogImpl (DeletedBlockLogImpl.java:commitTransactions(256)) - Datanode txId=15 containerId=#15 committed by dnId=c2c40a72-a699-49b1-b721-1997d9d2c71f
2021-08-15 14:03:30,381 [EventQueue-DeleteBlockStatusForDeletedBlockLogImpl] DEBUG block.DeletedBlockLogImpl (DeletedBlockLogImpl.java:isTransactionFailed(278)) - Got block deletion ACK from datanode, TXIDs=16, success=true
2021-08-15 14:03:30,381 [EventQueue-DeleteBlockStatusForDeletedBlockLogImpl] DEBUG block.DeletedBlockLogImpl (DeletedBlockLogImpl.java:commitTransactions(256)) - Datanode txId=16 containerId=#16 committed by dnId=c2c40a72-a699-49b1-b721-1997d9d2c71f
2021-08-15 14:03:30,381 [EventQueue-DeleteBlockStatusForDeletedBlockLogImpl] DEBUG block.DeletedBlockLogImpl (DeletedBlockLogImpl.java:isTransactionFailed(278)) - Got block deletion ACK from datanode, TXIDs=17, success=true
2021-08-15 14:03:30,381 [EventQueue-DeleteBlockStatusForDeletedBlockLogImpl] DEBUG block.DeletedBlockLogImpl (DeletedBlockLogImpl.java:commitTransactions(256)) - Datanode txId=17 containerId=#17 committed by dnId=c2c40a72-a699-49b1-b721-1997d9d2c71f
2021-08-15 14:03:30,382 [EventQueue-DeleteBlockStatusForDeletedBlockLogImpl] DEBUG block.DeletedBlockLogImpl (DeletedBlockLogImpl.java:isTransactionFailed(278)) - Got block deletion ACK from datanode, TXIDs=18, success=true
2021-08-15 14:03:30,382 [EventQueue-DeleteBlockStatusForDeletedBlockLogImpl] DEBUG block.DeletedBlockLogImpl (DeletedBlockLogImpl.java:commitTransactions(256)) - Datanode txId=18 containerId=#18 committed by dnId=c2c40a72-a699-49b1-b721-1997d9d2c71f
2021-08-15 14:03:30,382 [EventQueue-DeleteBlockStatusForDeletedBlockLogImpl] DEBUG block.DeletedBlockLogImpl (DeletedBlockLogImpl.java:isTransactionFailed(278)) - Got block deletion ACK from datanode, TXIDs=19, success=true
2021-08-15 14:03:30,382 [EventQueue-DeleteBlockStatusForDeletedBlockLogImpl] DEBUG block.DeletedBlockLogImpl (DeletedBlockLogImpl.java:commitTransactions(256)) - Datanode txId=19 containerId=#19 committed by dnId=c2c40a72-a699-49b1-b721-1997d9d2c71f
2021-08-15 14:03:30,382 [EventQueue-DeleteBlockStatusForDeletedBlockLogImpl] DEBUG block.DeletedBlockLogImpl (DeletedBlockLogImpl.java:isTransactionFailed(278)) - Got block deletion ACK from datanode, TXIDs=20, success=true
2021-08-15 14:03:30,382 [EventQueue-DeleteBlockStatusForDeletedBlockLogImpl] DEBUG block.DeletedBlockLogImpl (DeletedBlockLogImpl.java:commitTransactions(256)) - Datanode txId=20 containerId=#20 committed by dnId=c2c40a72-a699-49b1-b721-1997d9d2c71f
2021-08-15 14:03:30,386 [EventQueue-DeleteBlockStatusForDeletedBlockLogImpl] DEBUG block.DeletedBlockLogImpl (DeletedBlockLogImpl.java:isTransactionFailed(278)) - Got block deletion ACK from datanode, TXIDs=21, success=true
2021-08-15 14:03:30,380 [SCMBlockDeletingService#0] DEBUG block.SCMBlockDeletingService (SCMBlockDeletingService.java:call(164)) - Added delete block command for datanode c2c40a72-a699-49b1-b721-1997d9d2c71f in the queue, number of delete block transactions: 34
2021-08-15 14:03:30,386 [EventQueue-DeleteBlockStatusForDeletedBlockLogImpl] DEBUG block.DeletedBlockLogImpl (DeletedBlockLogImpl.java:commitTransactions(256)) - Datanode txId=21 containerId=#21 committed by dnId=c2c40a72-a699-49b1-b721-1997d9d2c71f
2021-08-15 14:03:30,386 [EventQueue-DeleteBlockStatusForDeletedBlockLogImpl] DEBUG block.DeletedBlockLogImpl (DeletedBlockLogImpl.java:isTransactionFailed(278)) - Got block deletion ACK from datanode, TXIDs=22, success=true
2021-08-15 14:03:30,386 [SCMBlockDeletingService#0] DEBUG block.SCMBlockDeletingService (SCMBlockDeletingService.java:call(164)) - Added delete block command for datanode 0475d2c2-d46f-403e-95a5-8ff1a5c32338 in the queue, number of delete block transactions: 56
2021-08-15 14:03:30,386 [EventQueue-DeleteBlockStatusForDeletedBlockLogImpl] DEBUG block.DeletedBlockLogImpl (DeletedBlockLogImpl.java:commitTransactions(256)) - Datanode txId=22 containerId=#22 committed by dnId=c2c40a72-a699-49b1-b721-1997d9d2c71f
2021-08-15 14:03:30,386 [EventQueue-DeleteBlockStatusForDeletedBlockLogImpl] DEBUG block.DeletedBlockLogImpl (DeletedBlockLogImpl.java:isTransactionFailed(278)) - Got block deletion ACK from datanode, TXIDs=23, success=true
2021-08-15 14:03:30,386 [SCMBlockDeletingService#0] DEBUG block.SCMBlockDeletingService (SCMBlockDeletingService.java:call(164)) - Added delete block command for datanode f89ecde1-abfa-4530-92e2-4a065b7725ea in the queue, number of delete block transactions: 40
2021-08-15 14:03:30,386 [SCMBlockDeletingService#0] INFO  block.SCMBlockDeletingService (SCMBlockDeletingService.java:call(174)) - Totally added 130 blocks to be deleted for 3 datanodes, task elapsed time: 15ms
2021-08-15 14:03:30,386 [EventQueue-DeleteBlockStatusForDeletedBlockLogImpl] DEBUG block.DeletedBlockLogImpl (DeletedBlockLogImpl.java:commitTransactions(256)) - Datanode txId=23 containerId=#23 committed by dnId=c2c40a72-a699-49b1-b721-1997d9d2c71f
2021-08-15 14:03:30,387 [EventQueue-DeleteBlockStatusForDeletedBlockLogImpl] DEBUG block.DeletedBlockLogImpl (DeletedBlockLogImpl.java:isTransactionFailed(278)) - Got block deletion ACK from datanode, TXIDs=1, success=true
2021-08-15 14:03:30,387 [EventQueue-DeleteBlockStatusForDeletedBlockLogImpl] DEBUG block.DeletedBlockLogImpl (DeletedBlockLogImpl.java:commitTransactions(256)) - Datanode txId=1 containerId=#1 committed by dnId=c2c40a72-a699-49b1-b721-1997d9d2c71f
2021-08-15 14:03:30,387 [EventQueue-DeleteBlockStatusForDeletedBlockLogImpl] DEBUG block.DeletedBlockLogImpl (DeletedBlockLogImpl.java:isTransactionFailed(278)) - Got block deletion ACK from datanode, TXIDs=2, success=true
2021-08-15 14:03:30,387 [EventQueue-DeleteBlockStatusForDeletedBlockLogImpl] DEBUG block.DeletedBlockLogImpl (DeletedBlockLogImpl.java:commitTransactions(256)) - Datanode txId=2 containerId=#2 committed by dnId=c2c40a72-a699-49b1-b721-1997d9d2c71f
2021-08-15 14:03:30,387 [EventQueue-DeleteBlockStatusForDeletedBlockLogImpl] DEBUG block.DeletedBlockLogImpl (DeletedBlockLogImpl.java:isTransactionFailed(278)) - Got block deletion ACK from datanode, TXIDs=3, success=true
2021-08-15 14:03:30,387 [EventQueue-DeleteBlockStatusForDeletedBlockLogImpl] DEBUG block.DeletedBlockLogImpl (DeletedBlockLogImpl.java:commitTransactions(256)) - Datanode txId=3 containerId=#3 committed by dnId=c2c40a72-a699-49b1-b721-1997d9d2c71f
2021-08-15 14:03:30,387 [EventQueue-DeleteBlockStatusForDeletedBlockLogImpl] DEBUG block.DeletedBlockLogImpl (DeletedBlockLogImpl.java:isTransactionFailed(278)) - Got block deletion ACK from datanode, TXIDs=4, success=true
2021-08-15 14:03:30,387 [EventQueue-DeleteBlockStatusForDeletedBlockLogImpl] DEBUG block.DeletedBlockLogImpl (DeletedBlockLogImpl.java:commitTransactions(256)) - Datanode txId=4 containerId=#4 committed by dnId=c2c40a72-a699-49b1-b721-1997d9d2c71f
2021-08-15 14:03:30,387 [EventQueue-DeleteBlockStatusForDeletedBlockLogImpl] DEBUG block.DeletedBlockLogImpl (DeletedBlockLogImpl.java:isTransactionFailed(278)) - Got block deletion ACK from datanode, TXIDs=5, success=true
2021-08-15 14:03:30,387 [EventQueue-DeleteBlockStatusForDeletedBlockLogImpl] DEBUG block.DeletedBlockLogImpl (DeletedBlockLogImpl.java:commitTransactions(256)) - Datanode txId=5 containerId=#5 committed by dnId=c2c40a72-a699-49b1-b721-1997d9d2c71f
2021-08-15 14:03:30,387 [EventQueue-DeleteBlockStatusForDeletedBlockLogImpl] DEBUG block.DeletedBlockLogImpl (DeletedBlockLogImpl.java:isTransactionFailed(278)) - Got block deletion ACK from datanode, TXIDs=6, success=true
2021-08-15 14:03:30,387 [EventQueue-DeleteBlockStatusForDeletedBlockLogImpl] DEBUG block.DeletedBlockLogImpl (DeletedBlockLogImpl.java:commitTransactions(256)) - Datanode txId=6 containerId=#6 committed by dnId=c2c40a72-a699-49b1-b721-1997d9d2c71f
2021-08-15 14:03:30,387 [EventQueue-DeleteBlockStatusForDeletedBlockLogImpl] DEBUG block.DeletedBlockLogImpl (DeletedBlockLogImpl.java:isTransactionFailed(278)) - Got block deletion ACK from datanode, TXIDs=7, success=true
2021-08-15 14:03:30,387 [EventQueue-DeleteBlockStatusForDeletedBlockLogImpl] DEBUG block.DeletedBlockLogImpl (DeletedBlockLogImpl.java:commitTransactions(256)) - Datanode txId=7 containerId=#7 committed by dnId=c2c40a72-a699-49b1-b721-1997d9d2c71f
2021-08-15 14:03:30,387 [EventQueue-DeleteBlockStatusForDeletedBlockLogImpl] DEBUG block.DeletedBlockLogImpl (DeletedBlockLogImpl.java:isTransactionFailed(278)) - Got block deletion ACK from datanode, TXIDs=8, success=true
2021-08-15 14:03:30,387 [EventQueue-DeleteBlockStatusForDeletedBlockLogImpl] DEBUG block.DeletedBlockLogImpl (DeletedBlockLogImpl.java:commitTransactions(256)) - Datanode txId=8 containerId=#8 committed by dnId=c2c40a72-a699-49b1-b721-1997d9d2c71f
2021-08-15 14:03:30,387 [EventQueue-DeleteBlockStatusForDeletedBlockLogImpl] DEBUG block.DeletedBlockLogImpl (DeletedBlockLogImpl.java:isTransactionFailed(278)) - Got block deletion ACK from datanode, TXIDs=9, success=true
2021-08-15 14:03:30,387 [EventQueue-DeleteBlockStatusForDeletedBlockLogImpl] DEBUG block.DeletedBlockLogImpl (DeletedBlockLogImpl.java:commitTransactions(256)) - Datanode txId=9 containerId=#9 committed by dnId=c2c40a72-a699-49b1-b721-1997d9d2c71f
2021-08-15 14:03:30,387 [EventQueue-DeleteBlockStatusForDeletedBlockLogImpl] DEBUG block.DeletedBlockLogImpl (DeletedBlockLogImpl.java:isTransactionFailed(278)) - Got block deletion ACK from datanode, TXIDs=10, success=true
2021-08-15 14:03:30,387 [EventQueue-DeleteBlockStatusForDeletedBlockLogImpl] DEBUG block.DeletedBlockLogImpl (DeletedBlockLogImpl.java:commitTransactions(256)) - Datanode txId=10 containerId=#10 committed by dnId=c2c40a72-a699-49b1-b721-1997d9d2c71f
2021-08-15 14:03:30,387 [EventQueue-DeleteBlockStatusForDeletedBlockLogImpl] DEBUG block.DeletedBlockLogImpl (DeletedBlockLogImpl.java:isTransactionFailed(278)) - Got block deletion ACK from datanode, TXIDs=11, success=true
2021-08-15 14:03:30,387 [EventQueue-DeleteBlockStatusForDeletedBlockLogImpl] DEBUG block.DeletedBlockLogImpl (DeletedBlockLogImpl.java:commitTransactions(256)) - Datanode txId=11 containerId=#11 committed by dnId=c2c40a72-a699-49b1-b721-1997d9d2c71f
2021-08-15 14:03:30,387 [EventQueue-DeleteBlockStatusForDeletedBlockLogImpl] DEBUG block.DeletedBlockLogImpl (DeletedBlockLogImpl.java:isTransactionFailed(278)) - Got block deletion ACK from datanode, TXIDs=12, success=true
2021-08-15 14:03:30,387 [EventQueue-DeleteBlockStatusForDeletedBlockLogImpl] DEBUG block.DeletedBlockLogImpl (DeletedBlockLogImpl.java:commitTransactions(256)) - Datanode txId=12 containerId=#12 committed by dnId=c2c40a72-a699-49b1-b721-1997d9d2c71f
2021-08-15 14:03:30,387 [EventQueue-DeleteBlockStatusForDeletedBlockLogImpl] DEBUG block.DeletedBlockLogImpl (DeletedBlockLogImpl.java:isTransactionFailed(278)) - Got block deletion ACK from datanode, TXIDs=13, success=true
2021-08-15 14:03:30,388 [EventQueue-DeleteBlockStatusForDeletedBlockLogImpl] DEBUG block.DeletedBlockLogImpl (DeletedBlockLogImpl.java:commitTransactions(256)) - Datanode txId=13 containerId=#13 committed by dnId=c2c40a72-a699-49b1-b721-1997d9d2c71f
2021-08-15 14:03:30,388 [EventQueue-DeleteBlockStatusForDeletedBlockLogImpl] DEBUG block.DeletedBlockLogImpl (DeletedBlockLogImpl.java:isTransactionFailed(278)) - Got block deletion ACK from datanode, TXIDs=14, success=true
2021-08-15 14:03:30,388 [EventQueue-DeleteBlockStatusForDeletedBlockLogImpl] DEBUG block.DeletedBlockLogImpl (DeletedBlockLogImpl.java:commitTransactions(256)) - Datanode txId=14 containerId=#14 committed by dnId=c2c40a72-a699-49b1-b721-1997d9d2c71f
2021-08-15 14:03:30,388 [EventQueue-DeleteBlockStatusForDeletedBlockLogImpl] DEBUG block.DeletedBlockLogImpl (DeletedBlockLogImpl.java:isTransactionFailed(278)) - Got block deletion ACK from datanode, TXIDs=15, success=true
2021-08-15 14:03:30,388 [EventQueue-DeleteBlockStatusForDeletedBlockLogImpl] DEBUG block.DeletedBlockLogImpl (DeletedBlockLogImpl.java:commitTransactions(256)) - Datanode txId=15 containerId=#15 committed by dnId=c2c40a72-a699-49b1-b721-1997d9d2c71f
2021-08-15 14:03:30,388 [EventQueue-DeleteBlockStatusForDeletedBlockLogImpl] DEBUG block.DeletedBlockLogImpl (DeletedBlockLogImpl.java:isTransactionFailed(278)) - Got block deletion ACK from datanode, TXIDs=16, success=true
2021-08-15 14:03:30,388 [EventQueue-DeleteBlockStatusForDeletedBlockLogImpl] DEBUG block.DeletedBlockLogImpl (DeletedBlockLogImpl.java:commitTransactions(256)) - Datanode txId=16 containerId=#16 committed by dnId=c2c40a72-a699-49b1-b721-1997d9d2c71f
2021-08-15 14:03:30,388 [EventQueue-DeleteBlockStatusForDeletedBlockLogImpl] DEBUG block.DeletedBlockLogImpl (DeletedBlockLogImpl.java:isTransactionFailed(278)) - Got block deletion ACK from datanode, TXIDs=17, success=true
2021-08-15 14:03:30,388 [EventQueue-DeleteBlockStatusForDeletedBlockLogImpl] DEBUG block.DeletedBlockLogImpl (DeletedBlockLogImpl.java:commitTransactions(256)) - Datanode txId=17 containerId=#17 committed by dnId=c2c40a72-a699-49b1-b721-1997d9d2c71f
2021-08-15 14:03:30,388 [EventQueue-DeleteBlockStatusForDeletedBlockLogImpl] DEBUG block.DeletedBlockLogImpl (DeletedBlockLogImpl.java:isTransactionFailed(278)) - Got block deletion ACK from datanode, TXIDs=18, success=true
2021-08-15 14:03:30,388 [EventQueue-DeleteBlockStatusForDeletedBlockLogImpl] DEBUG block.DeletedBlockLogImpl (DeletedBlockLogImpl.java:commitTransactions(256)) - Datanode txId=18 containerId=#18 committed by dnId=c2c40a72-a699-49b1-b721-1997d9d2c71f
2021-08-15 14:03:30,388 [EventQueue-DeleteBlockStatusForDeletedBlockLogImpl] DEBUG block.DeletedBlockLogImpl (DeletedBlockLogImpl.java:isTransactionFailed(278)) - Got block deletion ACK from datanode, TXIDs=19, success=true
2021-08-15 14:03:30,388 [EventQueue-DeleteBlockStatusForDeletedBlockLogImpl] DEBUG block.DeletedBlockLogImpl (DeletedBlockLogImpl.java:commitTransactions(256)) - Datanode txId=19 containerId=#19 committed by dnId=c2c40a72-a699-49b1-b721-1997d9d2c71f
2021-08-15 14:03:30,388 [EventQueue-DeleteBlockStatusForDeletedBlockLogImpl] DEBUG block.DeletedBlockLogImpl (DeletedBlockLogImpl.java:isTransactionFailed(278)) - Got block deletion ACK from datanode, TXIDs=20, success=true
2021-08-15 14:03:30,388 [EventQueue-DeleteBlockStatusForDeletedBlockLogImpl] DEBUG block.DeletedBlockLogImpl (DeletedBlockLogImpl.java:commitTransactions(256)) - Datanode txId=20 containerId=#20 committed by dnId=c2c40a72-a699-49b1-b721-1997d9d2c71f
2021-08-15 14:03:30,388 [EventQueue-DeleteBlockStatusForDeletedBlockLogImpl] DEBUG block.DeletedBlockLogImpl (DeletedBlockLogImpl.java:isTransactionFailed(278)) - Got block deletion ACK from datanode, TXIDs=21, success=true
2021-08-15 14:03:30,388 [EventQueue-DeleteBlockStatusForDeletedBlockLogImpl] DEBUG block.DeletedBlockLogImpl (DeletedBlockLogImpl.java:commitTransactions(256)) - Datanode txId=21 containerId=#21 committed by dnId=c2c40a72-a699-49b1-b721-1997d9d2c71f
2021-08-15 14:03:30,388 [EventQueue-DeleteBlockStatusForDeletedBlockLogImpl] DEBUG block.DeletedBlockLogImpl (DeletedBlockLogImpl.java:isTransactionFailed(278)) - Got block deletion ACK from datanode, TXIDs=22, success=true
2021-08-15 14:03:30,388 [EventQueue-DeleteBlockStatusForDeletedBlockLogImpl] DEBUG block.DeletedBlockLogImpl (DeletedBlockLogImpl.java:commitTransactions(256)) - Datanode txId=22 containerId=#22 committed by dnId=c2c40a72-a699-49b1-b721-1997d9d2c71f
2021-08-15 14:03:30,388 [EventQueue-DeleteBlockStatusForDeletedBlockLogImpl] DEBUG block.DeletedBlockLogImpl (DeletedBlockLogImpl.java:isTransactionFailed(278)) - Got block deletion ACK from datanode, TXIDs=23, success=true
2021-08-15 14:03:30,388 [EventQueue-DeleteBlockStatusForDeletedBlockLogImpl] DEBUG block.DeletedBlockLogImpl (DeletedBlockLogImpl.java:commitTransactions(256)) - Datanode txId=23 containerId=#23 committed by dnId=c2c40a72-a699-49b1-b721-1997d9d2c71f
2021-08-15 14:03:30,388 [EventQueue-DeleteBlockStatusForDeletedBlockLogImpl] DEBUG block.DeletedBlockLogImpl (DeletedBlockLogImpl.java:isTransactionFailed(278)) - Got block deletion ACK from datanode, TXIDs=1, success=true
2021-08-15 14:03:30,388 [EventQueue-DeleteBlockStatusForDeletedBlockLogImpl] DEBUG block.DeletedBlockLogImpl (DeletedBlockLogImpl.java:commitTransactions(256)) - Datanode txId=1 containerId=#1 committed by dnId=c2c40a72-a699-49b1-b721-1997d9d2c71f
2021-08-15 14:03:30,388 [EventQueue-DeleteBlockStatusForDeletedBlockLogImpl] DEBUG block.DeletedBlockLogImpl (DeletedBlockLogImpl.java:isTransactionFailed(278)) - Got block deletion ACK from datanode, TXIDs=2, success=true
2021-08-15 14:03:30,388 [EventQueue-DeleteBlockStatusForDeletedBlockLogImpl] DEBUG block.DeletedBlockLogImpl (DeletedBlockLogImpl.java:commitTransactions(256)) - Datanode txId=2 containerId=#2 committed by dnId=c2c40a72-a699-49b1-b721-1997d9d2c71f
2021-08-15 14:03:30,388 [EventQueue-DeleteBlockStatusForDeletedBlockLogImpl] DEBUG block.DeletedBlockLogImpl (DeletedBlockLogImpl.java:isTransactionFailed(278)) - Got block deletion ACK from datanode, TXIDs=3, success=true
2021-08-15 14:03:30,388 [EventQueue-DeleteBlockStatusForDeletedBlockLogImpl] DEBUG block.DeletedBlockLogImpl (DeletedBlockLogImpl.java:commitTransactions(256)) - Datanode txId=3 containerId=#3 committed by dnId=c2c40a72-a699-49b1-b721-1997d9d2c71f
2021-08-15 14:03:30,389 [EventQueue-DeleteBlockStatusForDeletedBlockLogImpl] DEBUG block.DeletedBlockLogImpl (DeletedBlockLogImpl.java:isTransactionFailed(278)) - Got block deletion ACK from datanode, TXIDs=4, success=true
2021-08-15 14:03:30,389 [EventQueue-DeleteBlockStatusForDeletedBlockLogImpl] DEBUG block.DeletedBlockLogImpl (DeletedBlockLogImpl.java:commitTransactions(256)) - Datanode txId=4 containerId=#4 committed by dnId=c2c40a72-a699-49b1-b721-1997d9d2c71f
2021-08-15 14:03:30,389 [EventQueue-DeleteBlockStatusForDeletedBlockLogImpl] DEBUG block.DeletedBlockLogImpl (DeletedBlockLogImpl.java:isTransactionFailed(278)) - Got block deletion ACK from datanode, TXIDs=1, success=true
2021-08-15 14:03:30,389 [EventQueue-DeleteBlockStatusForDeletedBlockLogImpl] DEBUG block.DeletedBlockLogImpl (DeletedBlockLogImpl.java:commitTransactions(256)) - Datanode txId=1 containerId=#1 committed by dnId=c2c40a72-a699-49b1-b721-1997d9d2c71f
2021-08-15 14:03:30,389 [EventQueue-DeleteBlockStatusForDeletedBlockLogImpl] DEBUG block.DeletedBlockLogImpl (DeletedBlockLogImpl.java:isTransactionFailed(278)) - Got block deletion ACK from datanode, TXIDs=2, success=true
2021-08-15 14:03:30,389 [EventQueue-DeleteBlockStatusForDeletedBlockLogImpl] DEBUG block.DeletedBlockLogImpl (DeletedBlockLogImpl.java:commitTransactions(256)) - Datanode txId=2 containerId=#2 committed by dnId=c2c40a72-a699-49b1-b721-1997d9d2c71f
2021-08-15 14:03:30,389 [EventQueue-DeleteBlockStatusForDeletedBlockLogImpl] DEBUG block.DeletedBlockLogImpl (DeletedBlockLogImpl.java:isTransactionFailed(278)) - Got block deletion ACK from datanode, TXIDs=3, success=true
2021-08-15 14:03:30,389 [EventQueue-DeleteBlockStatusForDeletedBlockLogImpl] DEBUG block.DeletedBlockLogImpl (DeletedBlockLogImpl.java:commitTransactions(256)) - Datanode txId=3 containerId=#3 committed by dnId=c2c40a72-a699-49b1-b721-1997d9d2c71f
2021-08-15 14:03:30,389 [EventQueue-DeleteBlockStatusForDeletedBlockLogImpl] DEBUG block.DeletedBlockLogImpl (DeletedBlockLogImpl.java:isTransactionFailed(278)) - Got block deletion ACK from datanode, TXIDs=4, success=true
2021-08-15 14:03:30,389 [EventQueue-DeleteBlockStatusForDeletedBlockLogImpl] DEBUG block.DeletedBlockLogImpl (DeletedBlockLogImpl.java:commitTransactions(256)) - Datanode txId=4 containerId=#4 committed by dnId=c2c40a72-a699-49b1-b721-1997d9d2c71f
2021-08-15 14:03:30,389 [EventQueue-DeleteBlockStatusForDeletedBlockLogImpl] DEBUG block.DeletedBlockLogImpl (DeletedBlockLogImpl.java:isTransactionFailed(278)) - Got block deletion ACK from datanode, TXIDs=5, success=true
2021-08-15 14:03:30,389 [EventQueue-DeleteBlockStatusForDeletedBlockLogImpl] DEBUG block.DeletedBlockLogImpl (DeletedBlockLogImpl.java:commitTransactions(256)) - Datanode txId=5 containerId=#5 committed by dnId=c2c40a72-a699-49b1-b721-1997d9d2c71f
2021-08-15 14:03:30,389 [EventQueue-DeleteBlockStatusForDeletedBlockLogImpl] DEBUG block.DeletedBlockLogImpl (DeletedBlockLogImpl.java:isTransactionFailed(278)) - Got block deletion ACK from datanode, TXIDs=6, success=true
2021-08-15 14:03:30,389 [EventQueue-DeleteBlockStatusForDeletedBlockLogImpl] DEBUG block.DeletedBlockLogImpl (DeletedBlockLogImpl.java:commitTransactions(256)) - Datanode txId=6 containerId=#6 committed by dnId=c2c40a72-a699-49b1-b721-1997d9d2c71f
2021-08-15 14:03:30,389 [EventQueue-DeleteBlockStatusForDeletedBlockLogImpl] DEBUG block.DeletedBlockLogImpl (DeletedBlockLogImpl.java:isTransactionFailed(278)) - Got block deletion ACK from datanode, TXIDs=7, success=true
2021-08-15 14:03:30,389 [EventQueue-DeleteBlockStatusForDeletedBlockLogImpl] DEBUG block.DeletedBlockLogImpl (DeletedBlockLogImpl.java:commitTransactions(256)) - Datanode txId=7 containerId=#7 committed by dnId=c2c40a72-a699-49b1-b721-1997d9d2c71f
2021-08-15 14:03:30,389 [EventQueue-DeleteBlockStatusForDeletedBlockLogImpl] DEBUG block.DeletedBlockLogImpl (DeletedBlockLogImpl.java:isTransactionFailed(278)) - Got block deletion ACK from datanode, TXIDs=8, success=true
2021-08-15 14:03:30,389 [EventQueue-DeleteBlockStatusForDeletedBlockLogImpl] DEBUG block.DeletedBlockLogImpl (DeletedBlockLogImpl.java:commitTransactions(256)) - Datanode txId=8 containerId=#8 committed by dnId=c2c40a72-a699-49b1-b721-1997d9d2c71f
2021-08-15 14:03:30,389 [EventQueue-DeleteBlockStatusForDeletedBlockLogImpl] DEBUG block.DeletedBlockLogImpl (DeletedBlockLogImpl.java:isTransactionFailed(278)) - Got block deletion ACK from datanode, TXIDs=9, success=true
2021-08-15 14:03:30,389 [EventQueue-DeleteBlockStatusForDeletedBlockLogImpl] DEBUG block.DeletedBlockLogImpl (DeletedBlockLogImpl.java:commitTransactions(256)) - Datanode txId=9 containerId=#9 committed by dnId=c2c40a72-a699-49b1-b721-1997d9d2c71f
2021-08-15 14:03:30,389 [EventQueue-DeleteBlockStatusForDeletedBlockLogImpl] DEBUG block.DeletedBlockLogImpl (DeletedBlockLogImpl.java:isTransactionFailed(278)) - Got block deletion ACK from datanode, TXIDs=10, success=true
2021-08-15 14:03:30,389 [EventQueue-DeleteBlockStatusForDeletedBlockLogImpl] DEBUG block.DeletedBlockLogImpl (DeletedBlockLogImpl.java:commitTransactions(256)) - Datanode txId=10 containerId=#10 committed by dnId=c2c40a72-a699-49b1-b721-1997d9d2c71f
2021-08-15 14:03:30,389 [EventQueue-DeleteBlockStatusForDeletedBlockLogImpl] DEBUG block.DeletedBlockLogImpl (DeletedBlockLogImpl.java:isTransactionFailed(278)) - Got block deletion ACK from datanode, TXIDs=11, success=true
2021-08-15 14:03:30,389 [EventQueue-DeleteBlockStatusForDeletedBlockLogImpl] DEBUG block.DeletedBlockLogImpl (DeletedBlockLogImpl.java:commitTransactions(256)) - Datanode txId=11 containerId=#11 committed by dnId=c2c40a72-a699-49b1-b721-1997d9d2c71f
2021-08-15 14:03:30,389 [EventQueue-DeleteBlockStatusForDeletedBlockLogImpl] DEBUG block.DeletedBlockLogImpl (DeletedBlockLogImpl.java:isTransactionFailed(278)) - Got block deletion ACK from datanode, TXIDs=12, success=true
2021-08-15 14:03:30,389 [EventQueue-DeleteBlockStatusForDeletedBlockLogImpl] DEBUG block.DeletedBlockLogImpl (DeletedBlockLogImpl.java:commitTransactions(256)) - Datanode txId=12 containerId=#12 committed by dnId=c2c40a72-a699-49b1-b721-1997d9d2c71f
2021-08-15 14:03:30,389 [EventQueue-DeleteBlockStatusForDeletedBlockLogImpl] DEBUG block.DeletedBlockLogImpl (DeletedBlockLogImpl.java:isTransactionFailed(278)) - Got block deletion ACK from datanode, TXIDs=13, success=true
2021-08-15 14:03:30,389 [EventQueue-DeleteBlockStatusForDeletedBlockLogImpl] DEBUG block.DeletedBlockLogImpl (DeletedBlockLogImpl.java:commitTransactions(256)) - Datanode txId=13 containerId=#13 committed by dnId=c2c40a72-a699-49b1-b721-1997d9d2c71f
2021-08-15 14:03:30,389 [EventQueue-DeleteBlockStatusForDeletedBlockLogImpl] DEBUG block.DeletedBlockLogImpl (DeletedBlockLogImpl.java:isTransactionFailed(278)) - Got block deletion ACK from datanode, TXIDs=14, success=true
2021-08-15 14:03:30,390 [EventQueue-DeleteBlockStatusForDeletedBlockLogImpl] DEBUG block.DeletedBlockLogImpl (DeletedBlockLogImpl.java:commitTransactions(256)) - Datanode txId=14 containerId=#14 committed by dnId=c2c40a72-a699-49b1-b721-1997d9d2c71f
2021-08-15 14:03:30,390 [EventQueue-DeleteBlockStatusForDeletedBlockLogImpl] DEBUG block.DeletedBlockLogImpl (DeletedBlockLogImpl.java:isTransactionFailed(278)) - Got block deletion ACK from datanode, TXIDs=15, success=true
2021-08-15 14:03:30,390 [EventQueue-DeleteBlockStatusForDeletedBlockLogImpl] DEBUG block.DeletedBlockLogImpl (DeletedBlockLogImpl.java:commitTransactions(256)) - Datanode txId=15 containerId=#15 committed by dnId=c2c40a72-a699-49b1-b721-1997d9d2c71f
2021-08-15 14:03:30,390 [EventQueue-DeleteBlockStatusForDeletedBlockLogImpl] DEBUG block.DeletedBlockLogImpl (DeletedBlockLogImpl.java:isTransactionFailed(278)) - Got block deletion ACK from datanode, TXIDs=16, success=true
2021-08-15 14:03:30,390 [EventQueue-DeleteBlockStatusForDeletedBlockLogImpl] DEBUG block.DeletedBlockLogImpl (DeletedBlockLogImpl.java:commitTransactions(256)) - Datanode txId=16 containerId=#16 committed by dnId=c2c40a72-a699-49b1-b721-1997d9d2c71f
2021-08-15 14:03:30,390 [EventQueue-DeleteBlockStatusForDeletedBlockLogImpl] DEBUG block.DeletedBlockLogImpl (DeletedBlockLogImpl.java:isTransactionFailed(278)) - Got block deletion ACK from datanode, TXIDs=17, success=true
2021-08-15 14:03:30,390 [EventQueue-DeleteBlockStatusForDeletedBlockLogImpl] DEBUG block.DeletedBlockLogImpl (DeletedBlockLogImpl.java:commitTransactions(256)) - Datanode txId=17 containerId=#17 committed by dnId=c2c40a72-a699-49b1-b721-1997d9d2c71f
2021-08-15 14:03:30,390 [EventQueue-DeleteBlockStatusForDeletedBlockLogImpl] DEBUG block.DeletedBlockLogImpl (DeletedBlockLogImpl.java:isTransactionFailed(278)) - Got block deletion ACK from datanode, TXIDs=18, success=true
2021-08-15 14:03:30,390 [EventQueue-DeleteBlockStatusForDeletedBlockLogImpl] DEBUG block.DeletedBlockLogImpl (DeletedBlockLogImpl.java:commitTransactions(256)) - Datanode txId=18 containerId=#18 committed by dnId=c2c40a72-a699-49b1-b721-1997d9d2c71f
2021-08-15 14:03:30,390 [EventQueue-DeleteBlockStatusForDeletedBlockLogImpl] DEBUG block.DeletedBlockLogImpl (DeletedBlockLogImpl.java:isTransactionFailed(278)) - Got block deletion ACK from datanode, TXIDs=19, success=true
2021-08-15 14:03:30,390 [EventQueue-DeleteBlockStatusForDeletedBlockLogImpl] DEBUG block.DeletedBlockLogImpl (DeletedBlockLogImpl.java:commitTransactions(256)) - Datanode txId=19 containerId=#19 committed by dnId=c2c40a72-a699-49b1-b721-1997d9d2c71f
2021-08-15 14:03:30,390 [EventQueue-DeleteBlockStatusForDeletedBlockLogImpl] DEBUG block.DeletedBlockLogImpl (DeletedBlockLogImpl.java:isTransactionFailed(278)) - Got block deletion ACK from datanode, TXIDs=20, success=true
2021-08-15 14:03:30,390 [EventQueue-DeleteBlockStatusForDeletedBlockLogImpl] DEBUG block.DeletedBlockLogImpl (DeletedBlockLogImpl.java:commitTransactions(256)) - Datanode txId=20 containerId=#20 committed by dnId=c2c40a72-a699-49b1-b721-1997d9d2c71f
2021-08-15 14:03:30,390 [EventQueue-DeleteBlockStatusForDeletedBlockLogImpl] DEBUG block.DeletedBlockLogImpl (DeletedBlockLogImpl.java:isTransactionFailed(278)) - Got block deletion ACK from datanode, TXIDs=21, success=true
2021-08-15 14:03:30,390 [EventQueue-DeleteBlockStatusForDeletedBlockLogImpl] DEBUG block.DeletedBlockLogImpl (DeletedBlockLogImpl.java:commitTransactions(256)) - Datanode txId=21 containerId=#21 committed by dnId=c2c40a72-a699-49b1-b721-1997d9d2c71f
2021-08-15 14:03:30,390 [EventQueue-DeleteBlockStatusForDeletedBlockLogImpl] DEBUG block.DeletedBlockLogImpl (DeletedBlockLogImpl.java:isTransactionFailed(278)) - Got block deletion ACK from datanode, TXIDs=22, success=true
2021-08-15 14:03:30,390 [EventQueue-DeleteBlockStatusForDeletedBlockLogImpl] DEBUG block.DeletedBlockLogImpl (DeletedBlockLogImpl.java:commitTransactions(256)) - Datanode txId=22 containerId=#22 committed by dnId=c2c40a72-a699-49b1-b721-1997d9d2c71f
2021-08-15 14:03:30,390 [EventQueue-DeleteBlockStatusForDeletedBlockLogImpl] DEBUG block.DeletedBlockLogImpl (DeletedBlockLogImpl.java:isTransactionFailed(278)) - Got block deletion ACK from datanode, TXIDs=23, success=true
2021-08-15 14:03:30,390 [EventQueue-DeleteBlockStatusForDeletedBlockLogImpl] DEBUG block.DeletedBlockLogImpl (DeletedBlockLogImpl.java:commitTransactions(256)) - Datanode txId=23 containerId=#23 committed by dnId=c2c40a72-a699-49b1-b721-1997d9d2c71f
2021-08-15 14:03:30,390 [EventQueue-DeleteBlockStatusForDeletedBlockLogImpl] DEBUG block.DeletedBlockLogImpl (DeletedBlockLogImpl.java:isTransactionFailed(278)) - Got block deletion ACK from datanode, TXIDs=24, success=true
2021-08-15 14:03:30,390 [EventQueue-DeleteBlockStatusForDeletedBlockLogImpl] DEBUG block.DeletedBlockLogImpl (DeletedBlockLogImpl.java:commitTransactions(256)) - Datanode txId=24 containerId=#24 committed by dnId=c2c40a72-a699-49b1-b721-1997d9d2c71f
2021-08-15 14:03:30,390 [EventQueue-DeleteBlockStatusForDeletedBlockLogImpl] DEBUG block.DeletedBlockLogImpl (DeletedBlockLogImpl.java:isTransactionFailed(278)) - Got block deletion ACK from datanode, TXIDs=25, success=true
2021-08-15 14:03:30,390 [EventQueue-DeleteBlockStatusForDeletedBlockLogImpl] DEBUG block.DeletedBlockLogImpl (DeletedBlockLogImpl.java:commitTransactions(256)) - Datanode txId=25 containerId=#25 committed by dnId=c2c40a72-a699-49b1-b721-1997d9d2c71f
2021-08-15 14:03:30,390 [EventQueue-DeleteBlockStatusForDeletedBlockLogImpl] DEBUG block.DeletedBlockLogImpl (DeletedBlockLogImpl.java:isTransactionFailed(278)) - Got block deletion ACK from datanode, TXIDs=26, success=true
2021-08-15 14:03:30,390 [EventQueue-DeleteBlockStatusForDeletedBlockLogImpl] DEBUG block.DeletedBlockLogImpl (DeletedBlockLogImpl.java:commitTransactions(256)) - Datanode txId=26 containerId=#26 committed by dnId=c2c40a72-a699-49b1-b721-1997d9d2c71f
2021-08-15 14:03:30,390 [EventQueue-DeleteBlockStatusForDeletedBlockLogImpl] DEBUG block.DeletedBlockLogImpl (DeletedBlockLogImpl.java:isTransactionFailed(278)) - Got block deletion ACK from datanode, TXIDs=1, success=true
2021-08-15 14:03:30,390 [EventQueue-DeleteBlockStatusForDeletedBlockLogImpl] DEBUG block.DeletedBlockLogImpl (DeletedBlockLogImpl.java:commitTransactions(256)) - Datanode txId=1 containerId=#1 committed by dnId=c2c40a72-a699-49b1-b721-1997d9d2c71f
2021-08-15 14:03:30,390 [EventQueue-DeleteBlockStatusForDeletedBlockLogImpl] DEBUG block.DeletedBlockLogImpl (DeletedBlockLogImpl.java:isTransactionFailed(278)) - Got block deletion ACK from datanode, TXIDs=2, success=true
2021-08-15 14:03:30,390 [EventQueue-DeleteBlockStatusForDeletedBlockLogImpl] DEBUG block.DeletedBlockLogImpl (DeletedBlockLogImpl.java:commitTransactions(256)) - Datanode txId=2 containerId=#2 committed by dnId=c2c40a72-a699-49b1-b721-1997d9d2c71f
2021-08-15 14:03:30,391 [EventQueue-DeleteBlockStatusForDeletedBlockLogImpl] DEBUG block.DeletedBlockLogImpl (DeletedBlockLogImpl.java:isTransactionFailed(278)) - Got block deletion ACK from datanode, TXIDs=3, success=true
2021-08-15 14:03:30,391 [EventQueue-DeleteBlockStatusForDeletedBlockLogImpl] DEBUG block.DeletedBlockLogImpl (DeletedBlockLogImpl.java:commitTransactions(256)) - Datanode txId=3 containerId=#3 committed by dnId=c2c40a72-a699-49b1-b721-1997d9d2c71f
2021-08-15 14:03:30,391 [EventQueue-DeleteBlockStatusForDeletedBlockLogImpl] DEBUG block.DeletedBlockLogImpl (DeletedBlockLogImpl.java:isTransactionFailed(278)) - Got block deletion ACK from datanode, TXIDs=4, success=true
2021-08-15 14:03:30,391 [EventQueue-DeleteBlockStatusForDeletedBlockLogImpl] DEBUG block.DeletedBlockLogImpl (DeletedBlockLogImpl.java:commitTransactions(256)) - Datanode txId=4 containerId=#4 committed by dnId=c2c40a72-a699-49b1-b721-1997d9d2c71f
2021-08-15 14:03:30,391 [EventQueue-DeleteBlockStatusForDeletedBlockLogImpl] DEBUG block.DeletedBlockLogImpl (DeletedBlockLogImpl.java:isTransactionFailed(278)) - Got block deletion ACK from datanode, TXIDs=5, success=true
2021-08-15 14:03:30,391 [EventQueue-DeleteBlockStatusForDeletedBlockLogImpl] DEBUG block.DeletedBlockLogImpl (DeletedBlockLogImpl.java:commitTransactions(256)) - Datanode txId=5 containerId=#5 committed by dnId=c2c40a72-a699-49b1-b721-1997d9d2c71f
2021-08-15 14:03:30,391 [EventQueue-DeleteBlockStatusForDeletedBlockLogImpl] DEBUG block.DeletedBlockLogImpl (DeletedBlockLogImpl.java:isTransactionFailed(278)) - Got block deletion ACK from datanode, TXIDs=6, success=true
2021-08-15 14:03:30,391 [EventQueue-DeleteBlockStatusForDeletedBlockLogImpl] DEBUG block.DeletedBlockLogImpl (DeletedBlockLogImpl.java:commitTransactions(256)) - Datanode txId=6 containerId=#6 committed by dnId=c2c40a72-a699-49b1-b721-1997d9d2c71f
2021-08-15 14:03:30,391 [EventQueue-DeleteBlockStatusForDeletedBlockLogImpl] DEBUG block.DeletedBlockLogImpl (DeletedBlockLogImpl.java:isTransactionFailed(278)) - Got block deletion ACK from datanode, TXIDs=7, success=true
2021-08-15 14:03:30,391 [EventQueue-DeleteBlockStatusForDeletedBlockLogImpl] DEBUG block.DeletedBlockLogImpl (DeletedBlockLogImpl.java:commitTransactions(256)) - Datanode txId=7 containerId=#7 committed by dnId=c2c40a72-a699-49b1-b721-1997d9d2c71f
2021-08-15 14:03:30,391 [EventQueue-DeleteBlockStatusForDeletedBlockLogImpl] DEBUG block.DeletedBlockLogImpl (DeletedBlockLogImpl.java:isTransactionFailed(278)) - Got block deletion ACK from datanode, TXIDs=8, success=true
2021-08-15 14:03:30,391 [EventQueue-DeleteBlockStatusForDeletedBlockLogImpl] DEBUG block.DeletedBlockLogImpl (DeletedBlockLogImpl.java:commitTransactions(256)) - Datanode txId=8 containerId=#8 committed by dnId=c2c40a72-a699-49b1-b721-1997d9d2c71f
2021-08-15 14:03:30,391 [EventQueue-DeleteBlockStatusForDeletedBlockLogImpl] DEBUG block.DeletedBlockLogImpl (DeletedBlockLogImpl.java:isTransactionFailed(278)) - Got block deletion ACK from datanode, TXIDs=9, success=true
2021-08-15 14:03:30,391 [EventQueue-DeleteBlockStatusForDeletedBlockLogImpl] DEBUG block.DeletedBlockLogImpl (DeletedBlockLogImpl.java:commitTransactions(256)) - Datanode txId=9 containerId=#9 committed by dnId=c2c40a72-a699-49b1-b721-1997d9d2c71f
2021-08-15 14:03:30,391 [EventQueue-DeleteBlockStatusForDeletedBlockLogImpl] DEBUG block.DeletedBlockLogImpl (DeletedBlockLogImpl.java:isTransactionFailed(278)) - Got block deletion ACK from datanode, TXIDs=10, success=true
2021-08-15 14:03:30,391 [EventQueue-DeleteBlockStatusForDeletedBlockLogImpl] DEBUG block.DeletedBlockLogImpl (DeletedBlockLogImpl.java:commitTransactions(256)) - Datanode txId=10 containerId=#10 committed by dnId=c2c40a72-a699-49b1-b721-1997d9d2c71f
2021-08-15 14:03:30,391 [EventQueue-DeleteBlockStatusForDeletedBlockLogImpl] DEBUG block.DeletedBlockLogImpl (DeletedBlockLogImpl.java:isTransactionFailed(278)) - Got block deletion ACK from datanode, TXIDs=11, success=true
2021-08-15 14:03:30,391 [EventQueue-DeleteBlockStatusForDeletedBlockLogImpl] DEBUG block.DeletedBlockLogImpl (DeletedBlockLogImpl.java:commitTransactions(256)) - Datanode txId=11 containerId=#11 committed by dnId=c2c40a72-a699-49b1-b721-1997d9d2c71f
2021-08-15 14:03:30,391 [EventQueue-DeleteBlockStatusForDeletedBlockLogImpl] DEBUG block.DeletedBlockLogImpl (DeletedBlockLogImpl.java:isTransactionFailed(278)) - Got block deletion ACK from datanode, TXIDs=1, success=true
2021-08-15 14:03:30,391 [EventQueue-DeleteBlockStatusForDeletedBlockLogImpl] DEBUG block.DeletedBlockLogImpl (DeletedBlockLogImpl.java:commitTransactions(256)) - Datanode txId=1 containerId=#1 committed by dnId=c2c40a72-a699-49b1-b721-1997d9d2c71f
2021-08-15 14:03:30,391 [EventQueue-DeleteBlockStatusForDeletedBlockLogImpl] DEBUG block.DeletedBlockLogImpl (DeletedBlockLogImpl.java:isTransactionFailed(278)) - Got block deletion ACK from datanode, TXIDs=2, success=true
2021-08-15 14:03:30,391 [EventQueue-DeleteBlockStatusForDeletedBlockLogImpl] DEBUG block.DeletedBlockLogImpl (DeletedBlockLogImpl.java:commitTransactions(256)) - Datanode txId=2 containerId=#2 committed by dnId=c2c40a72-a699-49b1-b721-1997d9d2c71f
2021-08-15 14:03:30,391 [EventQueue-DeleteBlockStatusForDeletedBlockLogImpl] DEBUG block.DeletedBlockLogImpl (DeletedBlockLogImpl.java:isTransactionFailed(278)) - Got block deletion ACK from datanode, TXIDs=3, success=true
2021-08-15 14:03:30,391 [EventQueue-DeleteBlockStatusForDeletedBlockLogImpl] DEBUG block.DeletedBlockLogImpl (DeletedBlockLogImpl.java:commitTransactions(256)) - Datanode txId=3 containerId=#3 committed by dnId=c2c40a72-a699-49b1-b721-1997d9d2c71f
2021-08-15 14:03:30,391 [EventQueue-DeleteBlockStatusForDeletedBlockLogImpl] DEBUG block.DeletedBlockLogImpl (DeletedBlockLogImpl.java:isTransactionFailed(278)) - Got block deletion ACK from datanode, TXIDs=4, success=true
2021-08-15 14:03:30,391 [EventQueue-DeleteBlockStatusForDeletedBlockLogImpl] DEBUG block.DeletedBlockLogImpl (DeletedBlockLogImpl.java:commitTransactions(256)) - Datanode txId=4 containerId=#4 committed by dnId=c2c40a72-a699-49b1-b721-1997d9d2c71f
2021-08-15 14:03:30,391 [EventQueue-DeleteBlockStatusForDeletedBlockLogImpl] DEBUG block.DeletedBlockLogImpl (DeletedBlockLogImpl.java:isTransactionFailed(278)) - Got block deletion ACK from datanode, TXIDs=5, success=true
2021-08-15 14:03:30,391 [EventQueue-DeleteBlockStatusForDeletedBlockLogImpl] DEBUG block.DeletedBlockLogImpl (DeletedBlockLogImpl.java:commitTransactions(256)) - Datanode txId=5 containerId=#5 committed by dnId=c2c40a72-a699-49b1-b721-1997d9d2c71f
2021-08-15 14:03:30,391 [EventQueue-DeleteBlockStatusForDeletedBlockLogImpl] DEBUG block.DeletedBlockLogImpl (DeletedBlockLogImpl.java:isTransactionFailed(278)) - Got block deletion ACK from datanode, TXIDs=6, success=true
2021-08-15 14:03:30,392 [EventQueue-DeleteBlockStatusForDeletedBlockLogImpl] DEBUG block.DeletedBlockLogImpl (DeletedBlockLogImpl.java:commitTransactions(256)) - Datanode txId=6 containerId=#6 committed by dnId=c2c40a72-a699-49b1-b721-1997d9d2c71f
2021-08-15 14:03:30,392 [EventQueue-DeleteBlockStatusForDeletedBlockLogImpl] DEBUG block.DeletedBlockLogImpl (DeletedBlockLogImpl.java:isTransactionFailed(278)) - Got block deletion ACK from datanode, TXIDs=7, success=true
2021-08-15 14:03:30,392 [EventQueue-DeleteBlockStatusForDeletedBlockLogImpl] DEBUG block.DeletedBlockLogImpl (DeletedBlockLogImpl.java:commitTransactions(256)) - Datanode txId=7 containerId=#7 committed by dnId=c2c40a72-a699-49b1-b721-1997d9d2c71f
2021-08-15 14:03:30,392 [EventQueue-DeleteBlockStatusForDeletedBlockLogImpl] DEBUG block.DeletedBlockLogImpl (DeletedBlockLogImpl.java:isTransactionFailed(278)) - Got block deletion ACK from datanode, TXIDs=8, success=true
2021-08-15 14:03:30,396 [EventQueue-DeleteBlockStatusForDeletedBlockLogImpl] DEBUG block.DeletedBlockLogImpl (DeletedBlockLogImpl.java:commitTransactions(256)) - Datanode txId=8 containerId=#8 committed by dnId=c2c40a72-a699-49b1-b721-1997d9d2c71f
2021-08-15 14:03:30,396 [EventQueue-DeleteBlockStatusForDeletedBlockLogImpl] DEBUG block.DeletedBlockLogImpl (DeletedBlockLogImpl.java:isTransactionFailed(278)) - Got block deletion ACK from datanode, TXIDs=9, success=true
2021-08-15 14:03:30,396 [EventQueue-DeleteBlockStatusForDeletedBlockLogImpl] DEBUG block.DeletedBlockLogImpl (DeletedBlockLogImpl.java:commitTransactions(256)) - Datanode txId=9 containerId=#9 committed by dnId=c2c40a72-a699-49b1-b721-1997d9d2c71f
2021-08-15 14:03:30,396 [EventQueue-DeleteBlockStatusForDeletedBlockLogImpl] DEBUG block.DeletedBlockLogImpl (DeletedBlockLogImpl.java:isTransactionFailed(278)) - Got block deletion ACK from datanode, TXIDs=1, success=true
2021-08-15 14:03:30,396 [EventQueue-DeleteBlockStatusForDeletedBlockLogImpl] DEBUG block.DeletedBlockLogImpl (DeletedBlockLogImpl.java:commitTransactions(256)) - Datanode txId=1 containerId=#1 committed by dnId=c2c40a72-a699-49b1-b721-1997d9d2c71f
2021-08-15 14:03:30,396 [EventQueue-DeleteBlockStatusForDeletedBlockLogImpl] DEBUG block.DeletedBlockLogImpl (DeletedBlockLogImpl.java:isTransactionFailed(278)) - Got block deletion ACK from datanode, TXIDs=2, success=true
2021-08-15 14:03:30,396 [EventQueue-DeleteBlockStatusForDeletedBlockLogImpl] DEBUG block.DeletedBlockLogImpl (DeletedBlockLogImpl.java:commitTransactions(256)) - Datanode txId=2 containerId=#2 committed by dnId=c2c40a72-a699-49b1-b721-1997d9d2c71f
2021-08-15 14:03:30,396 [EventQueue-DeleteBlockStatusForDeletedBlockLogImpl] DEBUG block.DeletedBlockLogImpl (DeletedBlockLogImpl.java:isTransactionFailed(278)) - Got block deletion ACK from datanode, TXIDs=3, success=true
2021-08-15 14:03:30,396 [EventQueue-DeleteBlockStatusForDeletedBlockLogImpl] DEBUG block.DeletedBlockLogImpl (DeletedBlockLogImpl.java:commitTransactions(256)) - Datanode txId=3 containerId=#3 committed by dnId=c2c40a72-a699-49b1-b721-1997d9d2c71f
2021-08-15 14:03:30,396 [EventQueue-DeleteBlockStatusForDeletedBlockLogImpl] DEBUG block.DeletedBlockLogImpl (DeletedBlockLogImpl.java:isTransactionFailed(278)) - Got block deletion ACK from datanode, TXIDs=4, success=true
2021-08-15 14:03:30,396 [EventQueue-DeleteBlockStatusForDeletedBlockLogImpl] DEBUG block.DeletedBlockLogImpl (DeletedBlockLogImpl.java:commitTransactions(256)) - Datanode txId=4 containerId=#4 committed by dnId=c2c40a72-a699-49b1-b721-1997d9d2c71f
2021-08-15 14:03:30,396 [EventQueue-DeleteBlockStatusForDeletedBlockLogImpl] DEBUG block.DeletedBlockLogImpl (DeletedBlockLogImpl.java:isTransactionFailed(278)) - Got block deletion ACK from datanode, TXIDs=5, success=true
2021-08-15 14:03:30,399 [EventQueue-DeleteBlockStatusForDeletedBlockLogImpl] DEBUG block.DeletedBlockLogImpl (DeletedBlockLogImpl.java:commitTransactions(256)) - Datanode txId=5 containerId=#5 committed by dnId=c2c40a72-a699-49b1-b721-1997d9d2c71f
2021-08-15 14:03:30,400 [EventQueue-DeleteBlockStatusForDeletedBlockLogImpl] DEBUG block.DeletedBlockLogImpl (DeletedBlockLogImpl.java:isTransactionFailed(278)) - Got block deletion ACK from datanode, TXIDs=6, success=true
2021-08-15 14:03:30,400 [EventQueue-DeleteBlockStatusForDeletedBlockLogImpl] DEBUG block.DeletedBlockLogImpl (DeletedBlockLogImpl.java:commitTransactions(256)) - Datanode txId=6 containerId=#6 committed by dnId=c2c40a72-a699-49b1-b721-1997d9d2c71f
2021-08-15 14:03:30,400 [EventQueue-DeleteBlockStatusForDeletedBlockLogImpl] DEBUG block.DeletedBlockLogImpl (DeletedBlockLogImpl.java:isTransactionFailed(278)) - Got block deletion ACK from datanode, TXIDs=7, success=true
2021-08-15 14:03:30,400 [EventQueue-DeleteBlockStatusForDeletedBlockLogImpl] DEBUG block.DeletedBlockLogImpl (DeletedBlockLogImpl.java:commitTransactions(256)) - Datanode txId=7 containerId=#7 committed by dnId=c2c40a72-a699-49b1-b721-1997d9d2c71f
2021-08-15 14:03:30,400 [EventQueue-DeleteBlockStatusForDeletedBlockLogImpl] DEBUG block.DeletedBlockLogImpl (DeletedBlockLogImpl.java:isTransactionFailed(278)) - Got block deletion ACK from datanode, TXIDs=8, success=true
2021-08-15 14:03:30,400 [EventQueue-DeleteBlockStatusForDeletedBlockLogImpl] DEBUG block.DeletedBlockLogImpl (DeletedBlockLogImpl.java:commitTransactions(256)) - Datanode txId=8 containerId=#8 committed by dnId=c2c40a72-a699-49b1-b721-1997d9d2c71f
2021-08-15 14:03:30,400 [EventQueue-DeleteBlockStatusForDeletedBlockLogImpl] DEBUG block.DeletedBlockLogImpl (DeletedBlockLogImpl.java:isTransactionFailed(278)) - Got block deletion ACK from datanode, TXIDs=9, success=true
2021-08-15 14:03:30,400 [EventQueue-DeleteBlockStatusForDeletedBlockLogImpl] DEBUG block.DeletedBlockLogImpl (DeletedBlockLogImpl.java:commitTransactions(256)) - Datanode txId=9 containerId=#9 committed by dnId=c2c40a72-a699-49b1-b721-1997d9d2c71f
2021-08-15 14:03:30,400 [EventQueue-DeleteBlockStatusForDeletedBlockLogImpl] DEBUG block.DeletedBlockLogImpl (DeletedBlockLogImpl.java:isTransactionFailed(278)) - Got block deletion ACK from datanode, TXIDs=10, success=true
2021-08-15 14:03:30,400 [EventQueue-DeleteBlockStatusForDeletedBlockLogImpl] DEBUG block.DeletedBlockLogImpl (DeletedBlockLogImpl.java:commitTransactions(256)) - Datanode txId=10 containerId=#10 committed by dnId=c2c40a72-a699-49b1-b721-1997d9d2c71f
2021-08-15 14:03:30,400 [EventQueue-DeleteBlockStatusForDeletedBlockLogImpl] DEBUG block.DeletedBlockLogImpl (DeletedBlockLogImpl.java:isTransactionFailed(278)) - Got block deletion ACK from datanode, TXIDs=11, success=true
2021-08-15 14:03:30,400 [EventQueue-DeleteBlockStatusForDeletedBlockLogImpl] DEBUG block.DeletedBlockLogImpl (DeletedBlockLogImpl.java:commitTransactions(256)) - Datanode txId=11 containerId=#11 committed by dnId=c2c40a72-a699-49b1-b721-1997d9d2c71f
2021-08-15 14:03:30,400 [EventQueue-DeleteBlockStatusForDeletedBlockLogImpl] DEBUG block.DeletedBlockLogImpl (DeletedBlockLogImpl.java:isTransactionFailed(278)) - Got block deletion ACK from datanode, TXIDs=12, success=true
2021-08-15 14:03:30,406 [EventQueue-DeleteBlockStatusForDeletedBlockLogImpl] DEBUG block.DeletedBlockLogImpl (DeletedBlockLogImpl.java:commitTransactions(256)) - Datanode txId=12 containerId=#12 committed by dnId=c2c40a72-a699-49b1-b721-1997d9d2c71f
2021-08-15 14:03:30,406 [EventQueue-DeleteBlockStatusForDeletedBlockLogImpl] DEBUG block.DeletedBlockLogImpl (DeletedBlockLogImpl.java:isTransactionFailed(278)) - Got block deletion ACK from datanode, TXIDs=13, success=true
2021-08-15 14:03:30,406 [EventQueue-DeleteBlockStatusForDeletedBlockLogImpl] DEBUG block.DeletedBlockLogImpl (DeletedBlockLogImpl.java:commitTransactions(256)) - Datanode txId=13 containerId=#13 committed by dnId=c2c40a72-a699-49b1-b721-1997d9d2c71f
2021-08-15 14:03:30,406 [EventQueue-DeleteBlockStatusForDeletedBlockLogImpl] DEBUG block.DeletedBlockLogImpl (DeletedBlockLogImpl.java:isTransactionFailed(278)) - Got block deletion ACK from datanode, TXIDs=14, success=true
2021-08-15 14:03:30,406 [EventQueue-DeleteBlockStatusForDeletedBlockLogImpl] DEBUG block.DeletedBlockLogImpl (DeletedBlockLogImpl.java:commitTransactions(256)) - Datanode txId=14 containerId=#14 committed by dnId=c2c40a72-a699-49b1-b721-1997d9d2c71f
2021-08-15 14:03:30,406 [EventQueue-DeleteBlockStatusForDeletedBlockLogImpl] DEBUG block.DeletedBlockLogImpl (DeletedBlockLogImpl.java:isTransactionFailed(278)) - Got block deletion ACK from datanode, TXIDs=15, success=true
2021-08-15 14:03:30,406 [EventQueue-DeleteBlockStatusForDeletedBlockLogImpl] DEBUG block.DeletedBlockLogImpl (DeletedBlockLogImpl.java:commitTransactions(256)) - Datanode txId=15 containerId=#15 committed by dnId=c2c40a72-a699-49b1-b721-1997d9d2c71f
2021-08-15 14:03:30,406 [EventQueue-DeleteBlockStatusForDeletedBlockLogImpl] DEBUG block.DeletedBlockLogImpl (DeletedBlockLogImpl.java:isTransactionFailed(278)) - Got block deletion ACK from datanode, TXIDs=16, success=true
2021-08-15 14:03:30,406 [EventQueue-DeleteBlockStatusForDeletedBlockLogImpl] DEBUG block.DeletedBlockLogImpl (DeletedBlockLogImpl.java:commitTransactions(256)) - Datanode txId=16 containerId=#16 committed by dnId=c2c40a72-a699-49b1-b721-1997d9d2c71f
2021-08-15 14:03:30,406 [EventQueue-DeleteBlockStatusForDeletedBlockLogImpl] DEBUG block.DeletedBlockLogImpl (DeletedBlockLogImpl.java:isTransactionFailed(278)) - Got block deletion ACK from datanode, TXIDs=17, success=true
2021-08-15 14:03:30,406 [EventQueue-DeleteBlockStatusForDeletedBlockLogImpl] DEBUG block.DeletedBlockLogImpl (DeletedBlockLogImpl.java:commitTransactions(256)) - Datanode txId=17 containerId=#17 committed by dnId=c2c40a72-a699-49b1-b721-1997d9d2c71f
2021-08-15 14:03:30,406 [EventQueue-DeleteBlockStatusForDeletedBlockLogImpl] DEBUG block.DeletedBlockLogImpl (DeletedBlockLogImpl.java:isTransactionFailed(278)) - Got block deletion ACK from datanode, TXIDs=18, success=true
2021-08-15 14:03:30,406 [EventQueue-DeleteBlockStatusForDeletedBlockLogImpl] DEBUG block.DeletedBlockLogImpl (DeletedBlockLogImpl.java:commitTransactions(256)) - Datanode txId=18 containerId=#18 committed by dnId=c2c40a72-a699-49b1-b721-1997d9d2c71f
2021-08-15 14:03:30,406 [EventQueue-DeleteBlockStatusForDeletedBlockLogImpl] DEBUG block.DeletedBlockLogImpl (DeletedBlockLogImpl.java:isTransactionFailed(278)) - Got block deletion ACK from datanode, TXIDs=19, success=true
2021-08-15 14:03:30,406 [EventQueue-DeleteBlockStatusForDeletedBlockLogImpl] DEBUG block.DeletedBlockLogImpl (DeletedBlockLogImpl.java:commitTransactions(256)) - Datanode txId=19 containerId=#19 committed by dnId=c2c40a72-a699-49b1-b721-1997d9d2c71f
2021-08-15 14:03:30,406 [EventQueue-DeleteBlockStatusForDeletedBlockLogImpl] DEBUG block.DeletedBlockLogImpl (DeletedBlockLogImpl.java:isTransactionFailed(278)) - Got block deletion ACK from datanode, TXIDs=20, success=true
2021-08-15 14:03:30,406 [EventQueue-DeleteBlockStatusForDeletedBlockLogImpl] DEBUG block.DeletedBlockLogImpl (DeletedBlockLogImpl.java:commitTransactions(256)) - Datanode txId=20 containerId=#20 committed by dnId=c2c40a72-a699-49b1-b721-1997d9d2c71f
2021-08-15 14:03:30,406 [EventQueue-DeleteBlockStatusForDeletedBlockLogImpl] DEBUG block.DeletedBlockLogImpl (DeletedBlockLogImpl.java:isTransactionFailed(278)) - Got block deletion ACK from datanode, TXIDs=21, success=true
2021-08-15 14:03:30,406 [EventQueue-DeleteBlockStatusForDeletedBlockLogImpl] DEBUG block.DeletedBlockLogImpl (DeletedBlockLogImpl.java:commitTransactions(256)) - Datanode txId=21 containerId=#21 committed by dnId=c2c40a72-a699-49b1-b721-1997d9d2c71f
2021-08-15 14:03:30,406 [EventQueue-DeleteBlockStatusForDeletedBlockLogImpl] DEBUG block.DeletedBlockLogImpl (DeletedBlockLogImpl.java:isTransactionFailed(278)) - Got block deletion ACK from datanode, TXIDs=22, success=true
2021-08-15 14:03:30,407 [EventQueue-DeleteBlockStatusForDeletedBlockLogImpl] DEBUG block.DeletedBlockLogImpl (DeletedBlockLogImpl.java:commitTransactions(256)) - Datanode txId=22 containerId=#22 committed by dnId=c2c40a72-a699-49b1-b721-1997d9d2c71f
2021-08-15 14:03:30,407 [EventQueue-DeleteBlockStatusForDeletedBlockLogImpl] DEBUG block.DeletedBlockLogImpl (DeletedBlockLogImpl.java:isTransactionFailed(278)) - Got block deletion ACK from datanode, TXIDs=23, success=true
2021-08-15 14:03:30,407 [EventQueue-DeleteBlockStatusForDeletedBlockLogImpl] DEBUG block.DeletedBlockLogImpl (DeletedBlockLogImpl.java:commitTransactions(256)) - Datanode txId=23 containerId=#23 committed by dnId=c2c40a72-a699-49b1-b721-1997d9d2c71f
2021-08-15 14:03:30,408 [EventQueue-DeleteBlockStatusForDeletedBlockLogImpl] DEBUG block.DeletedBlockLogImpl (DeletedBlockLogImpl.java:isTransactionFailed(278)) - Got block deletion ACK from datanode, TXIDs=24, success=true
2021-08-15 14:03:30,408 [EventQueue-DeleteBlockStatusForDeletedBlockLogImpl] DEBUG block.DeletedBlockLogImpl (DeletedBlockLogImpl.java:commitTransactions(256)) - Datanode txId=24 containerId=#24 committed by dnId=c2c40a72-a699-49b1-b721-1997d9d2c71f
2021-08-15 14:03:30,408 [EventQueue-DeleteBlockStatusForDeletedBlockLogImpl] DEBUG block.DeletedBlockLogImpl (DeletedBlockLogImpl.java:isTransactionFailed(278)) - Got block deletion ACK from datanode, TXIDs=25, success=true
2021-08-15 14:03:30,408 [EventQueue-DeleteBlockStatusForDeletedBlockLogImpl] DEBUG block.DeletedBlockLogImpl (DeletedBlockLogImpl.java:commitTransactions(256)) - Datanode txId=25 containerId=#25 committed by dnId=c2c40a72-a699-49b1-b721-1997d9d2c71f
2021-08-15 14:03:30,408 [EventQueue-DeleteBlockStatusForDeletedBlockLogImpl] DEBUG block.DeletedBlockLogImpl (DeletedBlockLogImpl.java:isTransactionFailed(278)) - Got block deletion ACK from datanode, TXIDs=26, success=true
2021-08-15 14:03:30,408 [EventQueue-DeleteBlockStatusForDeletedBlockLogImpl] DEBUG block.DeletedBlockLogImpl (DeletedBlockLogImpl.java:commitTransactions(256)) - Datanode txId=26 containerId=#26 committed by dnId=c2c40a72-a699-49b1-b721-1997d9d2c71f
2021-08-15 14:03:30,408 [EventQueue-DeleteBlockStatusForDeletedBlockLogImpl] DEBUG block.DeletedBlockLogImpl (DeletedBlockLogImpl.java:isTransactionFailed(278)) - Got block deletion ACK from datanode, TXIDs=1, success=true
2021-08-15 14:03:30,408 [EventQueue-DeleteBlockStatusForDeletedBlockLogImpl] DEBUG block.DeletedBlockLogImpl (DeletedBlockLogImpl.java:commitTransactions(256)) - Datanode txId=1 containerId=#1 committed by dnId=c2c40a72-a699-49b1-b721-1997d9d2c71f
2021-08-15 14:03:30,408 [EventQueue-DeleteBlockStatusForDeletedBlockLogImpl] DEBUG block.DeletedBlockLogImpl (DeletedBlockLogImpl.java:isTransactionFailed(278)) - Got block deletion ACK from datanode, TXIDs=2, success=true
2021-08-15 14:03:30,409 [EventQueue-DeleteBlockStatusForDeletedBlockLogImpl] DEBUG block.DeletedBlockLogImpl (DeletedBlockLogImpl.java:commitTransactions(256)) - Datanode txId=2 containerId=#2 committed by dnId=c2c40a72-a699-49b1-b721-1997d9d2c71f
2021-08-15 14:03:30,409 [EventQueue-DeleteBlockStatusForDeletedBlockLogImpl] DEBUG block.DeletedBlockLogImpl (DeletedBlockLogImpl.java:isTransactionFailed(278)) - Got block deletion ACK from datanode, TXIDs=3, success=true
2021-08-15 14:03:30,409 [EventQueue-DeleteBlockStatusForDeletedBlockLogImpl] DEBUG block.DeletedBlockLogImpl (DeletedBlockLogImpl.java:commitTransactions(256)) - Datanode txId=3 containerId=#3 committed by dnId=c2c40a72-a699-49b1-b721-1997d9d2c71f
2021-08-15 14:03:30,409 [EventQueue-DeleteBlockStatusForDeletedBlockLogImpl] DEBUG block.DeletedBlockLogImpl (DeletedBlockLogImpl.java:isTransactionFailed(278)) - Got block deletion ACK from datanode, TXIDs=4, success=true
2021-08-15 14:03:30,409 [EventQueue-DeleteBlockStatusForDeletedBlockLogImpl] DEBUG block.DeletedBlockLogImpl (DeletedBlockLogImpl.java:commitTransactions(256)) - Datanode txId=4 containerId=#4 committed by dnId=c2c40a72-a699-49b1-b721-1997d9d2c71f
2021-08-15 14:03:30,409 [EventQueue-DeleteBlockStatusForDeletedBlockLogImpl] DEBUG block.DeletedBlockLogImpl (DeletedBlockLogImpl.java:isTransactionFailed(278)) - Got block deletion ACK from datanode, TXIDs=5, success=true
2021-08-15 14:03:30,409 [EventQueue-DeleteBlockStatusForDeletedBlockLogImpl] DEBUG block.DeletedBlockLogImpl (DeletedBlockLogImpl.java:commitTransactions(256)) - Datanode txId=5 containerId=#5 committed by dnId=c2c40a72-a699-49b1-b721-1997d9d2c71f
2021-08-15 14:03:30,409 [EventQueue-DeleteBlockStatusForDeletedBlockLogImpl] DEBUG block.DeletedBlockLogImpl (DeletedBlockLogImpl.java:isTransactionFailed(278)) - Got block deletion ACK from datanode, TXIDs=6, success=true
2021-08-15 14:03:30,409 [EventQueue-DeleteBlockStatusForDeletedBlockLogImpl] DEBUG block.DeletedBlockLogImpl (DeletedBlockLogImpl.java:commitTransactions(256)) - Datanode txId=6 containerId=#6 committed by dnId=c2c40a72-a699-49b1-b721-1997d9d2c71f
2021-08-15 14:03:30,409 [EventQueue-DeleteBlockStatusForDeletedBlockLogImpl] DEBUG block.DeletedBlockLogImpl (DeletedBlockLogImpl.java:isTransactionFailed(278)) - Got block deletion ACK from datanode, TXIDs=7, success=true
2021-08-15 14:03:30,409 [EventQueue-DeleteBlockStatusForDeletedBlockLogImpl] DEBUG block.DeletedBlockLogImpl (DeletedBlockLogImpl.java:commitTransactions(256)) - Datanode txId=7 containerId=#7 committed by dnId=c2c40a72-a699-49b1-b721-1997d9d2c71f
2021-08-15 14:03:30,409 [EventQueue-DeleteBlockStatusForDeletedBlockLogImpl] DEBUG block.DeletedBlockLogImpl (DeletedBlockLogImpl.java:isTransactionFailed(278)) - Got block deletion ACK from datanode, TXIDs=8, success=true
2021-08-15 14:03:30,409 [EventQueue-DeleteBlockStatusForDeletedBlockLogImpl] DEBUG block.DeletedBlockLogImpl (DeletedBlockLogImpl.java:commitTransactions(256)) - Datanode txId=8 containerId=#8 committed by dnId=c2c40a72-a699-49b1-b721-1997d9d2c71f
2021-08-15 14:03:30,409 [EventQueue-DeleteBlockStatusForDeletedBlockLogImpl] DEBUG block.DeletedBlockLogImpl (DeletedBlockLogImpl.java:isTransactionFailed(278)) - Got block deletion ACK from datanode, TXIDs=9, success=true
2021-08-15 14:03:30,409 [EventQueue-DeleteBlockStatusForDeletedBlockLogImpl] DEBUG block.DeletedBlockLogImpl (DeletedBlockLogImpl.java:commitTransactions(256)) - Datanode txId=9 containerId=#9 committed by dnId=c2c40a72-a699-49b1-b721-1997d9d2c71f
2021-08-15 14:03:30,409 [EventQueue-DeleteBlockStatusForDeletedBlockLogImpl] DEBUG block.DeletedBlockLogImpl (DeletedBlockLogImpl.java:isTransactionFailed(278)) - Got block deletion ACK from datanode, TXIDs=10, success=true
2021-08-15 14:03:30,409 [EventQueue-DeleteBlockStatusForDeletedBlockLogImpl] DEBUG block.DeletedBlockLogImpl (DeletedBlockLogImpl.java:commitTransactions(256)) - Datanode txId=10 containerId=#10 committed by dnId=c2c40a72-a699-49b1-b721-1997d9d2c71f
2021-08-15 14:03:30,409 [EventQueue-DeleteBlockStatusForDeletedBlockLogImpl] DEBUG block.DeletedBlockLogImpl (DeletedBlockLogImpl.java:isTransactionFailed(278)) - Got block deletion ACK from datanode, TXIDs=11, success=true
2021-08-15 14:03:30,409 [EventQueue-DeleteBlockStatusForDeletedBlockLogImpl] DEBUG block.DeletedBlockLogImpl (DeletedBlockLogImpl.java:commitTransactions(256)) - Datanode txId=11 containerId=#11 committed by dnId=c2c40a72-a699-49b1-b721-1997d9d2c71f
2021-08-15 14:03:30,409 [EventQueue-DeleteBlockStatusForDeletedBlockLogImpl] DEBUG block.DeletedBlockLogImpl (DeletedBlockLogImpl.java:isTransactionFailed(278)) - Got block deletion ACK from datanode, TXIDs=12, success=true
2021-08-15 14:03:30,409 [EventQueue-DeleteBlockStatusForDeletedBlockLogImpl] DEBUG block.DeletedBlockLogImpl (DeletedBlockLogImpl.java:commitTransactions(256)) - Datanode txId=12 containerId=#12 committed by dnId=c2c40a72-a699-49b1-b721-1997d9d2c71f
2021-08-15 14:03:30,409 [EventQueue-DeleteBlockStatusForDeletedBlockLogImpl] DEBUG block.DeletedBlockLogImpl (DeletedBlockLogImpl.java:isTransactionFailed(278)) - Got block deletion ACK from datanode, TXIDs=13, success=true
2021-08-15 14:03:30,409 [EventQueue-DeleteBlockStatusForDeletedBlockLogImpl] DEBUG block.DeletedBlockLogImpl (DeletedBlockLogImpl.java:commitTransactions(256)) - Datanode txId=13 containerId=#13 committed by dnId=c2c40a72-a699-49b1-b721-1997d9d2c71f
2021-08-15 14:03:30,409 [EventQueue-DeleteBlockStatusForDeletedBlockLogImpl] DEBUG block.DeletedBlockLogImpl (DeletedBlockLogImpl.java:isTransactionFailed(278)) - Got block deletion ACK from datanode, TXIDs=14, success=true
2021-08-15 14:03:30,410 [EventQueue-DeleteBlockStatusForDeletedBlockLogImpl] DEBUG block.DeletedBlockLogImpl (DeletedBlockLogImpl.java:commitTransactions(256)) - Datanode txId=14 containerId=#14 committed by dnId=c2c40a72-a699-49b1-b721-1997d9d2c71f
2021-08-15 14:03:30,410 [EventQueue-DeleteBlockStatusForDeletedBlockLogImpl] DEBUG block.DeletedBlockLogImpl (DeletedBlockLogImpl.java:isTransactionFailed(278)) - Got block deletion ACK from datanode, TXIDs=15, success=true
2021-08-15 14:03:30,415 [EventQueue-DeleteBlockStatusForDeletedBlockLogImpl] DEBUG block.DeletedBlockLogImpl (DeletedBlockLogImpl.java:commitTransactions(256)) - Datanode txId=15 containerId=#15 committed by dnId=c2c40a72-a699-49b1-b721-1997d9d2c71f
2021-08-15 14:03:30,415 [EventQueue-DeleteBlockStatusForDeletedBlockLogImpl] DEBUG block.DeletedBlockLogImpl (DeletedBlockLogImpl.java:isTransactionFailed(278)) - Got block deletion ACK from datanode, TXIDs=16, success=true
2021-08-15 14:03:30,415 [EventQueue-DeleteBlockStatusForDeletedBlockLogImpl] DEBUG block.DeletedBlockLogImpl (DeletedBlockLogImpl.java:commitTransactions(256)) - Datanode txId=16 containerId=#16 committed by dnId=c2c40a72-a699-49b1-b721-1997d9d2c71f
2021-08-15 14:03:30,415 [EventQueue-DeleteBlockStatusForDeletedBlockLogImpl] DEBUG block.DeletedBlockLogImpl (DeletedBlockLogImpl.java:isTransactionFailed(278)) - Got block deletion ACK from datanode, TXIDs=17, success=true
2021-08-15 14:03:30,415 [EventQueue-DeleteBlockStatusForDeletedBlockLogImpl] DEBUG block.DeletedBlockLogImpl (DeletedBlockLogImpl.java:commitTransactions(256)) - Datanode txId=17 containerId=#17 committed by dnId=c2c40a72-a699-49b1-b721-1997d9d2c71f
2021-08-15 14:03:30,415 [EventQueue-DeleteBlockStatusForDeletedBlockLogImpl] DEBUG block.DeletedBlockLogImpl (DeletedBlockLogImpl.java:isTransactionFailed(278)) - Got block deletion ACK from datanode, TXIDs=18, success=true
2021-08-15 14:03:30,415 [EventQueue-DeleteBlockStatusForDeletedBlockLogImpl] DEBUG block.DeletedBlockLogImpl (DeletedBlockLogImpl.java:commitTransactions(256)) - Datanode txId=18 containerId=#18 committed by dnId=c2c40a72-a699-49b1-b721-1997d9d2c71f
2021-08-15 14:03:30,416 [EventQueue-DeleteBlockStatusForDeletedBlockLogImpl] DEBUG block.DeletedBlockLogImpl (DeletedBlockLogImpl.java:isTransactionFailed(278)) - Got block deletion ACK from datanode, TXIDs=19, success=true
2021-08-15 14:03:30,416 [EventQueue-DeleteBlockStatusForDeletedBlockLogImpl] DEBUG block.DeletedBlockLogImpl (DeletedBlockLogImpl.java:commitTransactions(256)) - Datanode txId=19 containerId=#19 committed by dnId=c2c40a72-a699-49b1-b721-1997d9d2c71f
2021-08-15 14:03:30,416 [EventQueue-DeleteBlockStatusForDeletedBlockLogImpl] DEBUG block.DeletedBlockLogImpl (DeletedBlockLogImpl.java:isTransactionFailed(278)) - Got block deletion ACK from datanode, TXIDs=20, success=true
2021-08-15 14:03:30,416 [EventQueue-DeleteBlockStatusForDeletedBlockLogImpl] DEBUG block.DeletedBlockLogImpl (DeletedBlockLogImpl.java:commitTransactions(256)) - Datanode txId=20 containerId=#20 committed by dnId=c2c40a72-a699-49b1-b721-1997d9d2c71f
2021-08-15 14:03:30,416 [EventQueue-DeleteBlockStatusForDeletedBlockLogImpl] DEBUG block.DeletedBlockLogImpl (DeletedBlockLogImpl.java:isTransactionFailed(278)) - Got block deletion ACK from datanode, TXIDs=21, success=true
2021-08-15 14:03:30,416 [EventQueue-DeleteBlockStatusForDeletedBlockLogImpl] DEBUG block.DeletedBlockLogImpl (DeletedBlockLogImpl.java:commitTransactions(256)) - Datanode txId=21 containerId=#21 committed by dnId=c2c40a72-a699-49b1-b721-1997d9d2c71f
2021-08-15 14:03:30,416 [EventQueue-DeleteBlockStatusForDeletedBlockLogImpl] DEBUG block.DeletedBlockLogImpl (DeletedBlockLogImpl.java:isTransactionFailed(278)) - Got block deletion ACK from datanode, TXIDs=22, success=true
2021-08-15 14:03:30,416 [EventQueue-DeleteBlockStatusForDeletedBlockLogImpl] DEBUG block.DeletedBlockLogImpl (DeletedBlockLogImpl.java:commitTransactions(256)) - Datanode txId=22 containerId=#22 committed by dnId=c2c40a72-a699-49b1-b721-1997d9d2c71f
2021-08-15 14:03:30,416 [EventQueue-DeleteBlockStatusForDeletedBlockLogImpl] DEBUG block.DeletedBlockLogImpl (DeletedBlockLogImpl.java:isTransactionFailed(278)) - Got block deletion ACK from datanode, TXIDs=23, success=true
2021-08-15 14:03:30,416 [EventQueue-DeleteBlockStatusForDeletedBlockLogImpl] DEBUG block.DeletedBlockLogImpl (DeletedBlockLogImpl.java:commitTransactions(256)) - Datanode txId=23 containerId=#23 committed by dnId=c2c40a72-a699-49b1-b721-1997d9d2c71f
2021-08-15 14:03:30,416 [EventQueue-DeleteBlockStatusForDeletedBlockLogImpl] DEBUG block.DeletedBlockLogImpl (DeletedBlockLogImpl.java:isTransactionFailed(278)) - Got block deletion ACK from datanode, TXIDs=24, success=true
2021-08-15 14:03:30,417 [EventQueue-DeleteBlockStatusForDeletedBlockLogImpl] DEBUG block.DeletedBlockLogImpl (DeletedBlockLogImpl.java:commitTransactions(256)) - Datanode txId=24 containerId=#24 committed by dnId=c2c40a72-a699-49b1-b721-1997d9d2c71f
2021-08-15 14:03:30,417 [EventQueue-DeleteBlockStatusForDeletedBlockLogImpl] DEBUG block.DeletedBlockLogImpl (DeletedBlockLogImpl.java:isTransactionFailed(278)) - Got block deletion ACK from datanode, TXIDs=25, success=true
2021-08-15 14:03:30,417 [EventQueue-DeleteBlockStatusForDeletedBlockLogImpl] DEBUG block.DeletedBlockLogImpl (DeletedBlockLogImpl.java:commitTransactions(256)) - Datanode txId=25 containerId=#25 committed by dnId=c2c40a72-a699-49b1-b721-1997d9d2c71f
2021-08-15 14:03:30,449 [BlockDeletingService#7] INFO  background.BlockDeletingService (BlockDeletingService.java:getTasks(158)) - Plan to choose 5000 blocks for block deletion, actually deleting 26 blocks.
2021-08-15 14:03:30,450 [BlockDeletingService#7] INFO  impl.FilePerBlockStrategy (FilePerBlockStrategy.java:deleteChunk(227)) - Deleted block file: /home/runner/work/ozone/ozone/hadoop-ozone/integration-test/target/test-dir/MiniOzoneClusterImpl-8fa699bc-e258-4c24-98aa-94a5d955589f/datanode-0/data-0/containers/hdds/8fa699bc-e258-4c24-98aa-94a5d955589f/current/containerDir0/1/chunks/107544261427200001.block
2021-08-15 14:03:30,450 [BlockDeletingService#7] INFO  background.BlockDeletingService (BlockDeletingService.java:deleteViaSchema2(447)) - Container: 1, deleted blocks: 1, task elapsed time: 1ms
2021-08-15 14:03:30,450 [BlockDeletingService#7] INFO  impl.FilePerBlockStrategy (FilePerBlockStrategy.java:deleteChunk(227)) - Deleted block file: /home/runner/work/ozone/ozone/hadoop-ozone/integration-test/target/test-dir/MiniOzoneClusterImpl-8fa699bc-e258-4c24-98aa-94a5d955589f/datanode-0/data-0/containers/hdds/8fa699bc-e258-4c24-98aa-94a5d955589f/current/containerDir0/26/chunks/107544261427200026.block
2021-08-15 14:03:30,451 [BlockDeletingService#7] INFO  background.BlockDeletingService (BlockDeletingService.java:deleteViaSchema2(447)) - Container: 26, deleted blocks: 1, task elapsed time: 1ms
2021-08-15 14:03:30,451 [BlockDeletingService#7] INFO  impl.FilePerBlockStrategy (FilePerBlockStrategy.java:deleteChunk(227)) - Deleted block file: /home/runner/work/ozone/ozone/hadoop-ozone/integration-test/target/test-dir/MiniOzoneClusterImpl-8fa699bc-e258-4c24-98aa-94a5d955589f/datanode-0/data-0/containers/hdds/8fa699bc-e258-4c24-98aa-94a5d955589f/current/containerDir0/25/chunks/107544261427200025.block
2021-08-15 14:03:30,451 [BlockDeletingService#7] INFO  background.BlockDeletingService (BlockDeletingService.java:deleteViaSchema2(447)) - Container: 25, deleted blocks: 1, task elapsed time: 1ms
2021-08-15 14:03:30,452 [BlockDeletingService#1] INFO  impl.FilePerBlockStrategy (FilePerBlockStrategy.java:deleteChunk(227)) - Deleted block file: /home/runner/work/ozone/ozone/hadoop-ozone/integration-test/target/test-dir/MiniOzoneClusterImpl-8fa699bc-e258-4c24-98aa-94a5d955589f/datanode-0/data-0/containers/hdds/8fa699bc-e258-4c24-98aa-94a5d955589f/current/containerDir0/23/chunks/107544261427200023.block
2021-08-15 14:03:30,453 [BlockDeletingService#1] INFO  background.BlockDeletingService (BlockDeletingService.java:deleteViaSchema2(447)) - Container: 23, deleted blocks: 1, task elapsed time: 1ms
2021-08-15 14:03:30,453 [BlockDeletingService#1] INFO  impl.FilePerBlockStrategy (FilePerBlockStrategy.java:deleteChunk(227)) - Deleted block file: /home/runner/work/ozone/ozone/hadoop-ozone/integration-test/target/test-dir/MiniOzoneClusterImpl-8fa699bc-e258-4c24-98aa-94a5d955589f/datanode-0/data-0/containers/hdds/8fa699bc-e258-4c24-98aa-94a5d955589f/current/containerDir0/22/chunks/107544261427200022.block
2021-08-15 14:03:30,453 [BlockDeletingService#1] INFO  background.BlockDeletingService (BlockDeletingService.java:deleteViaSchema2(447)) - Container: 22, deleted blocks: 1, task elapsed time: 1ms
2021-08-15 14:03:30,454 [BlockDeletingService#1] INFO  impl.FilePerBlockStrategy (FilePerBlockStrategy.java:deleteChunk(227)) - Deleted block file: /home/runner/work/ozone/ozone/hadoop-ozone/integration-test/target/test-dir/MiniOzoneClusterImpl-8fa699bc-e258-4c24-98aa-94a5d955589f/datanode-0/data-0/containers/hdds/8fa699bc-e258-4c24-98aa-94a5d955589f/current/containerDir0/21/chunks/107544261427200021.block
2021-08-15 14:03:30,454 [BlockDeletingService#1] INFO  background.BlockDeletingService (BlockDeletingService.java:deleteViaSchema2(447)) - Container: 21, deleted blocks: 1, task elapsed time: 0ms
2021-08-15 14:03:30,455 [BlockDeletingService#1] INFO  impl.FilePerBlockStrategy (FilePerBlockStrategy.java:deleteChunk(227)) - Deleted block file: /home/runner/work/ozone/ozone/hadoop-ozone/integration-test/target/test-dir/MiniOzoneClusterImpl-8fa699bc-e258-4c24-98aa-94a5d955589f/datanode-0/data-0/containers/hdds/8fa699bc-e258-4c24-98aa-94a5d955589f/current/containerDir0/20/chunks/107544261427200020.block
2021-08-15 14:03:30,455 [BlockDeletingService#1] INFO  background.BlockDeletingService (BlockDeletingService.java:deleteViaSchema2(447)) - Container: 20, deleted blocks: 1, task elapsed time: 1ms
2021-08-15 14:03:30,455 [BlockDeletingService#1] INFO  impl.FilePerBlockStrategy (FilePerBlockStrategy.java:deleteChunk(227)) - Deleted block file: /home/runner/work/ozone/ozone/hadoop-ozone/integration-test/target/test-dir/MiniOzoneClusterImpl-8fa699bc-e258-4c24-98aa-94a5d955589f/datanode-0/data-0/containers/hdds/8fa699bc-e258-4c24-98aa-94a5d955589f/current/containerDir0/19/chunks/107544261427200019.block
2021-08-15 14:03:30,456 [BlockDeletingService#1] INFO  background.BlockDeletingService (BlockDeletingService.java:deleteViaSchema2(447)) - Container: 19, deleted blocks: 1, task elapsed time: 1ms
2021-08-15 14:03:30,456 [BlockDeletingService#6] INFO  impl.FilePerBlockStrategy (FilePerBlockStrategy.java:deleteChunk(227)) - Deleted block file: /home/runner/work/ozone/ozone/hadoop-ozone/integration-test/target/test-dir/MiniOzoneClusterImpl-8fa699bc-e258-4c24-98aa-94a5d955589f/datanode-0/data-0/containers/hdds/8fa699bc-e258-4c24-98aa-94a5d955589f/current/containerDir0/17/chunks/107544261427200017.block
2021-08-15 14:03:30,457 [BlockDeletingService#6] INFO  background.BlockDeletingService (BlockDeletingService.java:deleteViaSchema2(447)) - Container: 17, deleted blocks: 1, task elapsed time: 1ms
2021-08-15 14:03:30,457 [BlockDeletingService#6] INFO  impl.FilePerBlockStrategy (FilePerBlockStrategy.java:deleteChunk(227)) - Deleted block file: /home/runner/work/ozone/ozone/hadoop-ozone/integration-test/target/test-dir/MiniOzoneClusterImpl-8fa699bc-e258-4c24-98aa-94a5d955589f/datanode-0/data-0/containers/hdds/8fa699bc-e258-4c24-98aa-94a5d955589f/current/containerDir0/16/chunks/107544261427200016.block
2021-08-15 14:03:30,457 [BlockDeletingService#6] INFO  background.BlockDeletingService (BlockDeletingService.java:deleteViaSchema2(447)) - Container: 16, deleted blocks: 1, task elapsed time: 1ms
2021-08-15 14:03:30,458 [BlockDeletingService#6] INFO  impl.FilePerBlockStrategy (FilePerBlockStrategy.java:deleteChunk(227)) - Deleted block file: /home/runner/work/ozone/ozone/hadoop-ozone/integration-test/target/test-dir/MiniOzoneClusterImpl-8fa699bc-e258-4c24-98aa-94a5d955589f/datanode-0/data-0/containers/hdds/8fa699bc-e258-4c24-98aa-94a5d955589f/current/containerDir0/15/chunks/107544261427200015.block
2021-08-15 14:03:30,458 [BlockDeletingService#6] INFO  background.BlockDeletingService (BlockDeletingService.java:deleteViaSchema2(447)) - Container: 15, deleted blocks: 1, task elapsed time: 0ms
2021-08-15 14:03:30,459 [BlockDeletingService#6] INFO  impl.FilePerBlockStrategy (FilePerBlockStrategy.java:deleteChunk(227)) - Deleted block file: /home/runner/work/ozone/ozone/hadoop-ozone/integration-test/target/test-dir/MiniOzoneClusterImpl-8fa699bc-e258-4c24-98aa-94a5d955589f/datanode-0/data-0/containers/hdds/8fa699bc-e258-4c24-98aa-94a5d955589f/current/containerDir0/14/chunks/107544261427200014.block
2021-08-15 14:03:30,459 [BlockDeletingService#6] INFO  background.BlockDeletingService (BlockDeletingService.java:deleteViaSchema2(447)) - Container: 14, deleted blocks: 1, task elapsed time: 1ms
2021-08-15 14:03:30,460 [BlockDeletingService#6] INFO  impl.FilePerBlockStrategy (FilePerBlockStrategy.java:deleteChunk(227)) - Deleted block file: /home/runner/work/ozone/ozone/hadoop-ozone/integration-test/target/test-dir/MiniOzoneClusterImpl-8fa699bc-e258-4c24-98aa-94a5d955589f/datanode-0/data-0/containers/hdds/8fa699bc-e258-4c24-98aa-94a5d955589f/current/containerDir0/13/chunks/107544261427200013.block
2021-08-15 14:03:30,460 [BlockDeletingService#6] INFO  background.BlockDeletingService (BlockDeletingService.java:deleteViaSchema2(447)) - Container: 13, deleted blocks: 1, task elapsed time: 1ms
2021-08-15 14:03:30,462 [BlockDeletingService#7] INFO  impl.FilePerBlockStrategy (FilePerBlockStrategy.java:deleteChunk(227)) - Deleted block file: /home/runner/work/ozone/ozone/hadoop-ozone/integration-test/target/test-dir/MiniOzoneClusterImpl-8fa699bc-e258-4c24-98aa-94a5d955589f/datanode-0/data-0/containers/hdds/8fa699bc-e258-4c24-98aa-94a5d955589f/current/containerDir0/24/chunks/107544261427200024.block
2021-08-15 14:03:30,462 [BlockDeletingService#7] INFO  background.BlockDeletingService (BlockDeletingService.java:deleteViaSchema2(447)) - Container: 24, deleted blocks: 1, task elapsed time: 10ms
2021-08-15 14:03:30,463 [BlockDeletingService#4] INFO  impl.FilePerBlockStrategy (FilePerBlockStrategy.java:deleteChunk(227)) - Deleted block file: /home/runner/work/ozone/ozone/hadoop-ozone/integration-test/target/test-dir/MiniOzoneClusterImpl-8fa699bc-e258-4c24-98aa-94a5d955589f/datanode-0/data-0/containers/hdds/8fa699bc-e258-4c24-98aa-94a5d955589f/current/containerDir0/7/chunks/107544261427200007.block
2021-08-15 14:03:30,463 [BlockDeletingService#4] INFO  background.BlockDeletingService (BlockDeletingService.java:deleteViaSchema2(447)) - Container: 7, deleted blocks: 1, task elapsed time: 1ms
2021-08-15 14:03:30,463 [BlockDeletingService#6] INFO  impl.FilePerBlockStrategy (FilePerBlockStrategy.java:deleteChunk(227)) - Deleted block file: /home/runner/work/ozone/ozone/hadoop-ozone/integration-test/target/test-dir/MiniOzoneClusterImpl-8fa699bc-e258-4c24-98aa-94a5d955589f/datanode-0/data-0/containers/hdds/8fa699bc-e258-4c24-98aa-94a5d955589f/current/containerDir0/8/chunks/107544261427200008.block
2021-08-15 14:03:30,464 [BlockDeletingService#6] INFO  background.BlockDeletingService (BlockDeletingService.java:deleteViaSchema2(447)) - Container: 8, deleted blocks: 1, task elapsed time: 2ms
2021-08-15 14:03:30,464 [BlockDeletingService#9] INFO  impl.FilePerBlockStrategy (FilePerBlockStrategy.java:deleteChunk(227)) - Deleted block file: /home/runner/work/ozone/ozone/hadoop-ozone/integration-test/target/test-dir/MiniOzoneClusterImpl-8fa699bc-e258-4c24-98aa-94a5d955589f/datanode-0/data-0/containers/hdds/8fa699bc-e258-4c24-98aa-94a5d955589f/current/containerDir0/4/chunks/107544261427200004.block
2021-08-15 14:03:30,464 [BlockDeletingService#9] INFO  background.BlockDeletingService (BlockDeletingService.java:deleteViaSchema2(447)) - Container: 4, deleted blocks: 1, task elapsed time: 1ms
2021-08-15 14:03:30,465 [BlockDeletingService#6] INFO  impl.FilePerBlockStrategy (FilePerBlockStrategy.java:deleteChunk(227)) - Deleted block file: /home/runner/work/ozone/ozone/hadoop-ozone/integration-test/target/test-dir/MiniOzoneClusterImpl-8fa699bc-e258-4c24-98aa-94a5d955589f/datanode-0/data-0/containers/hdds/8fa699bc-e258-4c24-98aa-94a5d955589f/current/containerDir0/3/chunks/107544261427200003.block
2021-08-15 14:03:30,465 [BlockDeletingService#6] INFO  background.BlockDeletingService (BlockDeletingService.java:deleteViaSchema2(447)) - Container: 3, deleted blocks: 1, task elapsed time: 1ms
2021-08-15 14:03:30,461 [BlockDeletingService#0] INFO  impl.FilePerBlockStrategy (FilePerBlockStrategy.java:deleteChunk(227)) - Deleted block file: /home/runner/work/ozone/ozone/hadoop-ozone/integration-test/target/test-dir/MiniOzoneClusterImpl-8fa699bc-e258-4c24-98aa-94a5d955589f/datanode-0/data-0/containers/hdds/8fa699bc-e258-4c24-98aa-94a5d955589f/current/containerDir0/10/chunks/107544261427200010.block
2021-08-15 14:03:30,465 [BlockDeletingService#0] INFO  background.BlockDeletingService (BlockDeletingService.java:deleteViaSchema2(447)) - Container: 10, deleted blocks: 1, task elapsed time: 5ms
2021-08-15 14:03:30,461 [BlockDeletingService#2] INFO  impl.FilePerBlockStrategy (FilePerBlockStrategy.java:deleteChunk(227)) - Deleted block file: /home/runner/work/ozone/ozone/hadoop-ozone/integration-test/target/test-dir/MiniOzoneClusterImpl-8fa699bc-e258-4c24-98aa-94a5d955589f/datanode-0/data-0/containers/hdds/8fa699bc-e258-4c24-98aa-94a5d955589f/current/containerDir0/11/chunks/107544261427200011.block
2021-08-15 14:03:30,465 [BlockDeletingService#2] INFO  background.BlockDeletingService (BlockDeletingService.java:deleteViaSchema2(447)) - Container: 11, deleted blocks: 1, task elapsed time: 5ms
2021-08-15 14:03:30,460 [BlockDeletingService#3] INFO  impl.FilePerBlockStrategy (FilePerBlockStrategy.java:deleteChunk(227)) - Deleted block file: /home/runner/work/ozone/ozone/hadoop-ozone/integration-test/target/test-dir/MiniOzoneClusterImpl-8fa699bc-e258-4c24-98aa-94a5d955589f/datanode-0/data-0/containers/hdds/8fa699bc-e258-4c24-98aa-94a5d955589f/current/containerDir0/12/chunks/107544261427200012.block
2021-08-15 14:03:30,466 [BlockDeletingService#3] INFO  background.BlockDeletingService (BlockDeletingService.java:deleteViaSchema2(447)) - Container: 12, deleted blocks: 1, task elapsed time: 6ms
2021-08-15 14:03:30,465 [BlockDeletingService#9] INFO  impl.FilePerBlockStrategy (FilePerBlockStrategy.java:deleteChunk(227)) - Deleted block file: /home/runner/work/ozone/ozone/hadoop-ozone/integration-test/target/test-dir/MiniOzoneClusterImpl-8fa699bc-e258-4c24-98aa-94a5d955589f/datanode-0/data-0/containers/hdds/8fa699bc-e258-4c24-98aa-94a5d955589f/current/containerDir0/2/chunks/107544261427200002.block
2021-08-15 14:03:30,464 [BlockDeletingService#1] INFO  impl.FilePerBlockStrategy (FilePerBlockStrategy.java:deleteChunk(227)) - Deleted block file: /home/runner/work/ozone/ozone/hadoop-ozone/integration-test/target/test-dir/MiniOzoneClusterImpl-8fa699bc-e258-4c24-98aa-94a5d955589f/datanode-0/data-0/containers/hdds/8fa699bc-e258-4c24-98aa-94a5d955589f/current/containerDir0/18/chunks/107544261427200018.block
2021-08-15 14:03:30,463 [BlockDeletingService#4] INFO  impl.FilePerBlockStrategy (FilePerBlockStrategy.java:deleteChunk(227)) - Deleted block file: /home/runner/work/ozone/ozone/hadoop-ozone/integration-test/target/test-dir/MiniOzoneClusterImpl-8fa699bc-e258-4c24-98aa-94a5d955589f/datanode-0/data-0/containers/hdds/8fa699bc-e258-4c24-98aa-94a5d955589f/current/containerDir0/5/chunks/107544261427200005.block
2021-08-15 14:03:30,469 [BlockDeletingService#4] INFO  background.BlockDeletingService (BlockDeletingService.java:deleteViaSchema2(447)) - Container: 5, deleted blocks: 1, task elapsed time: 6ms
2021-08-15 14:03:30,462 [BlockDeletingService#8] INFO  impl.FilePerBlockStrategy (FilePerBlockStrategy.java:deleteChunk(227)) - Deleted block file: /home/runner/work/ozone/ozone/hadoop-ozone/integration-test/target/test-dir/MiniOzoneClusterImpl-8fa699bc-e258-4c24-98aa-94a5d955589f/datanode-0/data-0/containers/hdds/8fa699bc-e258-4c24-98aa-94a5d955589f/current/containerDir0/9/chunks/107544261427200009.block
2021-08-15 14:03:30,469 [BlockDeletingService#8] INFO  background.BlockDeletingService (BlockDeletingService.java:deleteViaSchema2(447)) - Container: 9, deleted blocks: 1, task elapsed time: 8ms
2021-08-15 14:03:30,469 [BlockDeletingService#1] INFO  background.BlockDeletingService (BlockDeletingService.java:deleteViaSchema2(447)) - Container: 18, deleted blocks: 1, task elapsed time: 14ms
2021-08-15 14:03:30,472 [SCMBlockDeletingService#0] DEBUG block.SCMBlockDeletingService (SCMBlockDeletingService.java:call(133)) - Running DeletedBlockTransactionScanner
2021-08-15 14:03:30,472 [SCMBlockDeletingService#0] DEBUG block.SCMBlockDeletingService (DatanodeDeletedBlockTransactions.java:addTransactionToDN(50)) - Transaction added: 0475d2c2-d46f-403e-95a5-8ff1a5c32338 <- TX(1)
2021-08-15 14:03:30,472 [SCMBlockDeletingService#0] DEBUG block.SCMBlockDeletingService (DatanodeDeletedBlockTransactions.java:addTransactionToDN(50)) - Transaction added: 0475d2c2-d46f-403e-95a5-8ff1a5c32338 <- TX(2)
2021-08-15 14:03:30,472 [SCMBlockDeletingService#0] DEBUG block.SCMBlockDeletingService (DatanodeDeletedBlockTransactions.java:addTransactionToDN(50)) - Transaction added: 0475d2c2-d46f-403e-95a5-8ff1a5c32338 <- TX(3)
2021-08-15 14:03:30,472 [SCMBlockDeletingService#0] DEBUG block.SCMBlockDeletingService (DatanodeDeletedBlockTransactions.java:addTransactionToDN(50)) - Transaction added: 0475d2c2-d46f-403e-95a5-8ff1a5c32338 <- TX(4)
2021-08-15 14:03:30,472 [SCMBlockDeletingService#0] DEBUG block.SCMBlockDeletingService (DatanodeDeletedBlockTransactions.java:addTransactionToDN(50)) - Transaction added: 0475d2c2-d46f-403e-95a5-8ff1a5c32338 <- TX(5)
2021-08-15 14:03:30,472 [SCMBlockDeletingService#0] DEBUG block.SCMBlockDeletingService (DatanodeDeletedBlockTransactions.java:addTransactionToDN(50)) - Transaction added: 0475d2c2-d46f-403e-95a5-8ff1a5c32338 <- TX(6)
2021-08-15 14:03:30,472 [SCMBlockDeletingService#0] DEBUG block.SCMBlockDeletingService (DatanodeDeletedBlockTransactions.java:addTransactionToDN(50)) - Transaction added: 0475d2c2-d46f-403e-95a5-8ff1a5c32338 <- TX(7)
2021-08-15 14:03:30,472 [SCMBlockDeletingService#0] DEBUG block.SCMBlockDeletingService (DatanodeDeletedBlockTransactions.java:addTransactionToDN(50)) - Transaction added: 0475d2c2-d46f-403e-95a5-8ff1a5c32338 <- TX(8)
2021-08-15 14:03:30,472 [SCMBlockDeletingService#0] DEBUG block.SCMBlockDeletingService (DatanodeDeletedBlockTransactions.java:addTransactionToDN(50)) - Transaction added: 0475d2c2-d46f-403e-95a5-8ff1a5c32338 <- TX(9)
2021-08-15 14:03:30,472 [SCMBlockDeletingService#0] DEBUG block.SCMBlockDeletingService (DatanodeDeletedBlockTransactions.java:addTransactionToDN(50)) - Transaction added: 0475d2c2-d46f-403e-95a5-8ff1a5c32338 <- TX(10)
2021-08-15 14:03:30,472 [SCMBlockDeletingService#0] DEBUG block.SCMBlockDeletingService (DatanodeDeletedBlockTransactions.java:addTransactionToDN(50)) - Transaction added: 0475d2c2-d46f-403e-95a5-8ff1a5c32338 <- TX(11)
2021-08-15 14:03:30,472 [SCMBlockDeletingService#0] DEBUG block.SCMBlockDeletingService (DatanodeDeletedBlockTransactions.java:addTransactionToDN(50)) - Transaction added: 0475d2c2-d46f-403e-95a5-8ff1a5c32338 <- TX(12)
2021-08-15 14:03:30,472 [SCMBlockDeletingService#0] DEBUG block.SCMBlockDeletingService (DatanodeDeletedBlockTransactions.java:addTransactionToDN(50)) - Transaction added: 0475d2c2-d46f-403e-95a5-8ff1a5c32338 <- TX(13)
2021-08-15 14:03:30,472 [SCMBlockDeletingService#0] DEBUG block.SCMBlockDeletingService (DatanodeDeletedBlockTransactions.java:addTransactionToDN(50)) - Transaction added: 0475d2c2-d46f-403e-95a5-8ff1a5c32338 <- TX(14)
2021-08-15 14:03:30,472 [SCMBlockDeletingService#0] DEBUG block.SCMBlockDeletingService (DatanodeDeletedBlockTransactions.java:addTransactionToDN(50)) - Transaction added: 0475d2c2-d46f-403e-95a5-8ff1a5c32338 <- TX(15)
2021-08-15 14:03:30,472 [SCMBlockDeletingService#0] DEBUG block.SCMBlockDeletingService (DatanodeDeletedBlockTransactions.java:addTransactionToDN(50)) - Transaction added: 0475d2c2-d46f-403e-95a5-8ff1a5c32338 <- TX(16)
2021-08-15 14:03:30,472 [SCMBlockDeletingService#0] DEBUG block.SCMBlockDeletingService (DatanodeDeletedBlockTransactions.java:addTransactionToDN(50)) - Transaction added: 0475d2c2-d46f-403e-95a5-8ff1a5c32338 <- TX(17)
2021-08-15 14:03:30,472 [SCMBlockDeletingService#0] DEBUG block.SCMBlockDeletingService (DatanodeDeletedBlockTransactions.java:addTransactionToDN(50)) - Transaction added: f89ecde1-abfa-4530-92e2-4a065b7725ea <- TX(17)
2021-08-15 14:03:30,472 [SCMBlockDeletingService#0] DEBUG block.SCMBlockDeletingService (DatanodeDeletedBlockTransactions.java:addTransactionToDN(50)) - Transaction added: 0475d2c2-d46f-403e-95a5-8ff1a5c32338 <- TX(18)
2021-08-15 14:03:30,472 [SCMBlockDeletingService#0] DEBUG block.SCMBlockDeletingService (DatanodeDeletedBlockTransactions.java:addTransactionToDN(50)) - Transaction added: f89ecde1-abfa-4530-92e2-4a065b7725ea <- TX(18)
2021-08-15 14:03:30,472 [SCMBlockDeletingService#0] DEBUG block.SCMBlockDeletingService (DatanodeDeletedBlockTransactions.java:addTransactionToDN(50)) - Transaction added: 0475d2c2-d46f-403e-95a5-8ff1a5c32338 <- TX(19)
2021-08-15 14:03:30,472 [SCMBlockDeletingService#0] DEBUG block.SCMBlockDeletingService (DatanodeDeletedBlockTransactions.java:addTransactionToDN(50)) - Transaction added: f89ecde1-abfa-4530-92e2-4a065b7725ea <- TX(19)
2021-08-15 14:03:30,472 [SCMBlockDeletingService#0] DEBUG block.SCMBlockDeletingService (DatanodeDeletedBlockTransactions.java:addTransactionToDN(50)) - Transaction added: f89ecde1-abfa-4530-92e2-4a065b7725ea <- TX(20)
2021-08-15 14:03:30,472 [SCMBlockDeletingService#0] DEBUG block.SCMBlockDeletingService (DatanodeDeletedBlockTransactions.java:addTransactionToDN(50)) - Transaction added: 0475d2c2-d46f-403e-95a5-8ff1a5c32338 <- TX(20)
2021-08-15 14:03:30,473 [SCMBlockDeletingService#0] DEBUG block.SCMBlockDeletingService (DatanodeDeletedBlockTransactions.java:addTransactionToDN(50)) - Transaction added: f89ecde1-abfa-4530-92e2-4a065b7725ea <- TX(21)
2021-08-15 14:03:30,473 [SCMBlockDeletingService#0] DEBUG block.SCMBlockDeletingService (DatanodeDeletedBlockTransactions.java:addTransactionToDN(50)) - Transaction added: 0475d2c2-d46f-403e-95a5-8ff1a5c32338 <- TX(21)
2021-08-15 14:03:30,473 [SCMBlockDeletingService#0] DEBUG block.SCMBlockDeletingService (DatanodeDeletedBlockTransactions.java:addTransactionToDN(50)) - Transaction added: f89ecde1-abfa-4530-92e2-4a065b7725ea <- TX(22)
2021-08-15 14:03:30,473 [SCMBlockDeletingService#0] DEBUG block.SCMBlockDeletingService (DatanodeDeletedBlockTransactions.java:addTransactionToDN(50)) - Transaction added: 0475d2c2-d46f-403e-95a5-8ff1a5c32338 <- TX(22)
2021-08-15 14:03:30,473 [SCMBlockDeletingService#0] DEBUG block.SCMBlockDeletingService (DatanodeDeletedBlockTransactions.java:addTransactionToDN(50)) - Transaction added: f89ecde1-abfa-4530-92e2-4a065b7725ea <- TX(23)
2021-08-15 14:03:30,473 [SCMBlockDeletingService#0] DEBUG block.SCMBlockDeletingService (DatanodeDeletedBlockTransactions.java:addTransactionToDN(50)) - Transaction added: 0475d2c2-d46f-403e-95a5-8ff1a5c32338 <- TX(23)
2021-08-15 14:03:30,473 [SCMBlockDeletingService#0] DEBUG block.SCMBlockDeletingService (DatanodeDeletedBlockTransactions.java:addTransactionToDN(50)) - Transaction added: 0475d2c2-d46f-403e-95a5-8ff1a5c32338 <- TX(24)
2021-08-15 14:03:30,473 [SCMBlockDeletingService#0] DEBUG block.SCMBlockDeletingService (DatanodeDeletedBlockTransactions.java:addTransactionToDN(50)) - Transaction added: f89ecde1-abfa-4530-92e2-4a065b7725ea <- TX(24)
2021-08-15 14:03:30,473 [SCMBlockDeletingService#0] DEBUG block.SCMBlockDeletingService (DatanodeDeletedBlockTransactions.java:addTransactionToDN(50)) - Transaction added: 0475d2c2-d46f-403e-95a5-8ff1a5c32338 <- TX(25)
2021-08-15 14:03:30,473 [SCMBlockDeletingService#0] DEBUG block.SCMBlockDeletingService (DatanodeDeletedBlockTransactions.java:addTransactionToDN(50)) - Transaction added: f89ecde1-abfa-4530-92e2-4a065b7725ea <- TX(25)
2021-08-15 14:03:30,473 [SCMBlockDeletingService#0] DEBUG block.SCMBlockDeletingService (DatanodeDeletedBlockTransactions.java:addTransactionToDN(50)) - Transaction added: 0475d2c2-d46f-403e-95a5-8ff1a5c32338 <- TX(26)
2021-08-15 14:03:30,473 [SCMBlockDeletingService#0] DEBUG block.SCMBlockDeletingService (DatanodeDeletedBlockTransactions.java:addTransactionToDN(50)) - Transaction added: f89ecde1-abfa-4530-92e2-4a065b7725ea <- TX(26)
2021-08-15 14:03:30,473 [SCMBlockDeletingService#0] DEBUG block.SCMBlockDeletingService (DatanodeDeletedBlockTransactions.java:addTransactionToDN(50)) - Transaction added: 0475d2c2-d46f-403e-95a5-8ff1a5c32338 <- TX(27)
2021-08-15 14:03:30,473 [SCMBlockDeletingService#0] DEBUG block.SCMBlockDeletingService (DatanodeDeletedBlockTransactions.java:addTransactionToDN(50)) - Transaction added: c2c40a72-a699-49b1-b721-1997d9d2c71f <- TX(27)
2021-08-15 14:03:30,473 [SCMBlockDeletingService#0] DEBUG block.SCMBlockDeletingService (DatanodeDeletedBlockTransactions.java:addTransactionToDN(50)) - Transaction added: f89ecde1-abfa-4530-92e2-4a065b7725ea <- TX(27)
2021-08-15 14:03:30,473 [SCMBlockDeletingService#0] DEBUG block.SCMBlockDeletingService (DatanodeDeletedBlockTransactions.java:addTransactionToDN(50)) - Transaction added: f89ecde1-abfa-4530-92e2-4a065b7725ea <- TX(28)
2021-08-15 14:03:30,473 [SCMBlockDeletingService#0] DEBUG block.SCMBlockDeletingService (DatanodeDeletedBlockTransactions.java:addTransactionToDN(50)) - Transaction added: c2c40a72-a699-49b1-b721-1997d9d2c71f <- TX(28)
2021-08-15 14:03:30,473 [SCMBlockDeletingService#0] DEBUG block.SCMBlockDeletingService (DatanodeDeletedBlockTransactions.java:addTransactionToDN(50)) - Transaction added: 0475d2c2-d46f-403e-95a5-8ff1a5c32338 <- TX(28)
2021-08-15 14:03:30,473 [SCMBlockDeletingService#0] DEBUG block.SCMBlockDeletingService (DatanodeDeletedBlockTransactions.java:addTransactionToDN(50)) - Transaction added: c2c40a72-a699-49b1-b721-1997d9d2c71f <- TX(29)
2021-08-15 14:03:30,473 [SCMBlockDeletingService#0] DEBUG block.SCMBlockDeletingService (DatanodeDeletedBlockTransactions.java:addTransactionToDN(50)) - Transaction added: f89ecde1-abfa-4530-92e2-4a065b7725ea <- TX(29)
2021-08-15 14:03:30,473 [SCMBlockDeletingService#0] DEBUG block.SCMBlockDeletingService (DatanodeDeletedBlockTransactions.java:addTransactionToDN(50)) - Transaction added: 0475d2c2-d46f-403e-95a5-8ff1a5c32338 <- TX(29)
2021-08-15 14:03:30,473 [SCMBlockDeletingService#0] DEBUG block.SCMBlockDeletingService (DatanodeDeletedBlockTransactions.java:addTransactionToDN(50)) - Transaction added: f89ecde1-abfa-4530-92e2-4a065b7725ea <- TX(30)
2021-08-15 14:03:30,473 [SCMBlockDeletingService#0] DEBUG block.SCMBlockDeletingService (DatanodeDeletedBlockTransactions.java:addTransactionToDN(50)) - Transaction added: 0475d2c2-d46f-403e-95a5-8ff1a5c32338 <- TX(30)
2021-08-15 14:03:30,473 [SCMBlockDeletingService#0] DEBUG block.SCMBlockDeletingService (DatanodeDeletedBlockTransactions.java:addTransactionToDN(50)) - Transaction added: c2c40a72-a699-49b1-b721-1997d9d2c71f <- TX(30)
2021-08-15 14:03:30,473 [SCMBlockDeletingService#0] DEBUG block.SCMBlockDeletingService (DatanodeDeletedBlockTransactions.java:addTransactionToDN(50)) - Transaction added: c2c40a72-a699-49b1-b721-1997d9d2c71f <- TX(31)
2021-08-15 14:03:30,473 [SCMBlockDeletingService#0] DEBUG block.SCMBlockDeletingService (DatanodeDeletedBlockTransactions.java:addTransactionToDN(50)) - Transaction added: f89ecde1-abfa-4530-92e2-4a065b7725ea <- TX(31)
2021-08-15 14:03:30,473 [SCMBlockDeletingService#0] DEBUG block.SCMBlockDeletingService (DatanodeDeletedBlockTransactions.java:addTransactionToDN(50)) - Transaction added: 0475d2c2-d46f-403e-95a5-8ff1a5c32338 <- TX(31)
2021-08-15 14:03:30,473 [SCMBlockDeletingService#0] DEBUG block.SCMBlockDeletingService (DatanodeDeletedBlockTransactions.java:addTransactionToDN(50)) - Transaction added: 0475d2c2-d46f-403e-95a5-8ff1a5c32338 <- TX(32)
2021-08-15 14:03:30,473 [SCMBlockDeletingService#0] DEBUG block.SCMBlockDeletingService (DatanodeDeletedBlockTransactions.java:addTransactionToDN(50)) - Transaction added: f89ecde1-abfa-4530-92e2-4a065b7725ea <- TX(32)
2021-08-15 14:03:30,473 [SCMBlockDeletingService#0] DEBUG block.SCMBlockDeletingService (DatanodeDeletedBlockTransactions.java:addTransactionToDN(50)) - Transaction added: c2c40a72-a699-49b1-b721-1997d9d2c71f <- TX(32)
2021-08-15 14:03:30,473 [SCMBlockDeletingService#0] DEBUG block.SCMBlockDeletingService (DatanodeDeletedBlockTransactions.java:addTransactionToDN(50)) - Transaction added: 0475d2c2-d46f-403e-95a5-8ff1a5c32338 <- TX(33)
2021-08-15 14:03:30,473 [SCMBlockDeletingService#0] DEBUG block.SCMBlockDeletingService (DatanodeDeletedBlockTransactions.java:addTransactionToDN(50)) - Transaction added: c2c40a72-a699-49b1-b721-1997d9d2c71f <- TX(33)
2021-08-15 14:03:30,473 [SCMBlockDeletingService#0] DEBUG block.SCMBlockDeletingService (DatanodeDeletedBlockTransactions.java:addTransactionToDN(50)) - Transaction added: f89ecde1-abfa-4530-92e2-4a065b7725ea <- TX(33)
2021-08-15 14:03:30,473 [SCMBlockDeletingService#0] DEBUG block.SCMBlockDeletingService (DatanodeDeletedBlockTransactions.java:addTransactionToDN(50)) - Transaction added: 0475d2c2-d46f-403e-95a5-8ff1a5c32338 <- TX(34)
2021-08-15 14:03:30,473 [SCMBlockDeletingService#0] DEBUG block.SCMBlockDeletingService (DatanodeDeletedBlockTransactions.java:addTransactionToDN(50)) - Transaction added: c2c40a72-a699-49b1-b721-1997d9d2c71f <- TX(34)
2021-08-15 14:03:30,473 [SCMBlockDeletingService#0] DEBUG block.SCMBlockDeletingService (DatanodeDeletedBlockTransactions.java:addTransactionToDN(50)) - Transaction added: f89ecde1-abfa-4530-92e2-4a065b7725ea <- TX(34)
2021-08-15 14:03:30,473 [SCMBlockDeletingService#0] DEBUG block.SCMBlockDeletingService (DatanodeDeletedBlockTransactions.java:addTransactionToDN(50)) - Transaction added: 0475d2c2-d46f-403e-95a5-8ff1a5c32338 <- TX(35)
2021-08-15 14:03:30,473 [SCMBlockDeletingService#0] DEBUG block.SCMBlockDeletingService (DatanodeDeletedBlockTransactions.java:addTransactionToDN(50)) - Transaction added: c2c40a72-a699-49b1-b721-1997d9d2c71f <- TX(35)
2021-08-15 14:03:30,473 [SCMBlockDeletingService#0] DEBUG block.SCMBlockDeletingService (DatanodeDeletedBlockTransactions.java:addTransactionToDN(50)) - Transaction added: f89ecde1-abfa-4530-92e2-4a065b7725ea <- TX(35)
2021-08-15 14:03:30,474 [SCMBlockDeletingService#0] DEBUG block.SCMBlockDeletingService (DatanodeDeletedBlockTransactions.java:addTransactionToDN(50)) - Transaction added: f89ecde1-abfa-4530-92e2-4a065b7725ea <- TX(36)
2021-08-15 14:03:30,474 [SCMBlockDeletingService#0] DEBUG block.SCMBlockDeletingService (DatanodeDeletedBlockTransactions.java:addTransactionToDN(50)) - Transaction added: c2c40a72-a699-49b1-b721-1997d9d2c71f <- TX(36)
2021-08-15 14:03:30,474 [SCMBlockDeletingService#0] DEBUG block.SCMBlockDeletingService (DatanodeDeletedBlockTransactions.java:addTransactionToDN(50)) - Transaction added: 0475d2c2-d46f-403e-95a5-8ff1a5c32338 <- TX(36)
2021-08-15 14:03:30,474 [SCMBlockDeletingService#0] DEBUG block.SCMBlockDeletingService (DatanodeDeletedBlockTransactions.java:addTransactionToDN(50)) - Transaction added: c2c40a72-a699-49b1-b721-1997d9d2c71f <- TX(37)
2021-08-15 14:03:30,474 [SCMBlockDeletingService#0] DEBUG block.SCMBlockDeletingService (DatanodeDeletedBlockTransactions.java:addTransactionToDN(50)) - Transaction added: f89ecde1-abfa-4530-92e2-4a065b7725ea <- TX(37)
2021-08-15 14:03:30,474 [SCMBlockDeletingService#0] DEBUG block.SCMBlockDeletingService (DatanodeDeletedBlockTransactions.java:addTransactionToDN(50)) - Transaction added: 0475d2c2-d46f-403e-95a5-8ff1a5c32338 <- TX(37)
2021-08-15 14:03:30,474 [SCMBlockDeletingService#0] DEBUG block.SCMBlockDeletingService (DatanodeDeletedBlockTransactions.java:addTransactionToDN(50)) - Transaction added: c2c40a72-a699-49b1-b721-1997d9d2c71f <- TX(38)
2021-08-15 14:03:30,474 [SCMBlockDeletingService#0] DEBUG block.SCMBlockDeletingService (DatanodeDeletedBlockTransactions.java:addTransactionToDN(50)) - Transaction added: f89ecde1-abfa-4530-92e2-4a065b7725ea <- TX(38)
2021-08-15 14:03:30,474 [SCMBlockDeletingService#0] DEBUG block.SCMBlockDeletingService (DatanodeDeletedBlockTransactions.java:addTransactionToDN(50)) - Transaction added: 0475d2c2-d46f-403e-95a5-8ff1a5c32338 <- TX(38)
2021-08-15 14:03:30,474 [SCMBlockDeletingService#0] DEBUG block.SCMBlockDeletingService (DatanodeDeletedBlockTransactions.java:addTransactionToDN(50)) - Transaction added: f89ecde1-abfa-4530-92e2-4a065b7725ea <- TX(39)
2021-08-15 14:03:30,474 [SCMBlockDeletingService#0] DEBUG block.SCMBlockDeletingService (DatanodeDeletedBlockTransactions.java:addTransactionToDN(50)) - Transaction added: 0475d2c2-d46f-403e-95a5-8ff1a5c32338 <- TX(39)
2021-08-15 14:03:30,474 [SCMBlockDeletingService#0] DEBUG block.SCMBlockDeletingService (DatanodeDeletedBlockTransactions.java:addTransactionToDN(50)) - Transaction added: c2c40a72-a699-49b1-b721-1997d9d2c71f <- TX(39)
2021-08-15 14:03:30,474 [SCMBlockDeletingService#0] DEBUG block.SCMBlockDeletingService (DatanodeDeletedBlockTransactions.java:addTransactionToDN(50)) - Transaction added: 0475d2c2-d46f-403e-95a5-8ff1a5c32338 <- TX(40)
2021-08-15 14:03:30,474 [SCMBlockDeletingService#0] DEBUG block.SCMBlockDeletingService (DatanodeDeletedBlockTransactions.java:addTransactionToDN(50)) - Transaction added: f89ecde1-abfa-4530-92e2-4a065b7725ea <- TX(40)
2021-08-15 14:03:30,474 [SCMBlockDeletingService#0] DEBUG block.SCMBlockDeletingService (DatanodeDeletedBlockTransactions.java:addTransactionToDN(50)) - Transaction added: c2c40a72-a699-49b1-b721-1997d9d2c71f <- TX(40)
2021-08-15 14:03:30,474 [SCMBlockDeletingService#0] DEBUG block.SCMBlockDeletingService (DatanodeDeletedBlockTransactions.java:addTransactionToDN(50)) - Transaction added: 0475d2c2-d46f-403e-95a5-8ff1a5c32338 <- TX(41)
2021-08-15 14:03:30,474 [SCMBlockDeletingService#0] DEBUG block.SCMBlockDeletingService (DatanodeDeletedBlockTransactions.java:addTransactionToDN(50)) - Transaction added: c2c40a72-a699-49b1-b721-1997d9d2c71f <- TX(41)
2021-08-15 14:03:30,474 [SCMBlockDeletingService#0] DEBUG block.SCMBlockDeletingService (DatanodeDeletedBlockTransactions.java:addTransactionToDN(50)) - Transaction added: f89ecde1-abfa-4530-92e2-4a065b7725ea <- TX(41)
2021-08-15 14:03:30,474 [SCMBlockDeletingService#0] DEBUG block.SCMBlockDeletingService (DatanodeDeletedBlockTransactions.java:addTransactionToDN(50)) - Transaction added: 0475d2c2-d46f-403e-95a5-8ff1a5c32338 <- TX(42)
2021-08-15 14:03:30,474 [SCMBlockDeletingService#0] DEBUG block.SCMBlockDeletingService (DatanodeDeletedBlockTransactions.java:addTransactionToDN(50)) - Transaction added: c2c40a72-a699-49b1-b721-1997d9d2c71f <- TX(42)
2021-08-15 14:03:30,474 [SCMBlockDeletingService#0] DEBUG block.SCMBlockDeletingService (DatanodeDeletedBlockTransactions.java:addTransactionToDN(50)) - Transaction added: f89ecde1-abfa-4530-92e2-4a065b7725ea <- TX(42)
2021-08-15 14:03:30,474 [SCMBlockDeletingService#0] DEBUG block.SCMBlockDeletingService (DatanodeDeletedBlockTransactions.java:addTransactionToDN(50)) - Transaction added: 0475d2c2-d46f-403e-95a5-8ff1a5c32338 <- TX(43)
2021-08-15 14:03:30,474 [SCMBlockDeletingService#0] DEBUG block.SCMBlockDeletingService (DatanodeDeletedBlockTransactions.java:addTransactionToDN(50)) - Transaction added: c2c40a72-a699-49b1-b721-1997d9d2c71f <- TX(43)
2021-08-15 14:03:30,474 [SCMBlockDeletingService#0] DEBUG block.SCMBlockDeletingService (DatanodeDeletedBlockTransactions.java:addTransactionToDN(50)) - Transaction added: f89ecde1-abfa-4530-92e2-4a065b7725ea <- TX(43)
2021-08-15 14:03:30,474 [SCMBlockDeletingService#0] DEBUG block.SCMBlockDeletingService (DatanodeDeletedBlockTransactions.java:addTransactionToDN(50)) - Transaction added: f89ecde1-abfa-4530-92e2-4a065b7725ea <- TX(44)
2021-08-15 14:03:30,474 [SCMBlockDeletingService#0] DEBUG block.SCMBlockDeletingService (DatanodeDeletedBlockTransactions.java:addTransactionToDN(50)) - Transaction added: c2c40a72-a699-49b1-b721-1997d9d2c71f <- TX(44)
2021-08-15 14:03:30,474 [SCMBlockDeletingService#0] DEBUG block.SCMBlockDeletingService (DatanodeDeletedBlockTransactions.java:addTransactionToDN(50)) - Transaction added: 0475d2c2-d46f-403e-95a5-8ff1a5c32338 <- TX(44)
2021-08-15 14:03:30,474 [SCMBlockDeletingService#0] DEBUG block.SCMBlockDeletingService (DatanodeDeletedBlockTransactions.java:addTransactionToDN(50)) - Transaction added: c2c40a72-a699-49b1-b721-1997d9d2c71f <- TX(45)
2021-08-15 14:03:30,474 [SCMBlockDeletingService#0] DEBUG block.SCMBlockDeletingService (DatanodeDeletedBlockTransactions.java:addTransactionToDN(50)) - Transaction added: f89ecde1-abfa-4530-92e2-4a065b7725ea <- TX(45)
2021-08-15 14:03:30,474 [SCMBlockDeletingService#0] DEBUG block.SCMBlockDeletingService (DatanodeDeletedBlockTransactions.java:addTransactionToDN(50)) - Transaction added: 0475d2c2-d46f-403e-95a5-8ff1a5c32338 <- TX(45)
2021-08-15 14:03:30,474 [SCMBlockDeletingService#0] DEBUG block.SCMBlockDeletingService (DatanodeDeletedBlockTransactions.java:addTransactionToDN(50)) - Transaction added: f89ecde1-abfa-4530-92e2-4a065b7725ea <- TX(46)
2021-08-15 14:03:30,474 [SCMBlockDeletingService#0] DEBUG block.SCMBlockDeletingService (DatanodeDeletedBlockTransactions.java:addTransactionToDN(50)) - Transaction added: 0475d2c2-d46f-403e-95a5-8ff1a5c32338 <- TX(46)
2021-08-15 14:03:30,474 [SCMBlockDeletingService#0] DEBUG block.SCMBlockDeletingService (DatanodeDeletedBlockTransactions.java:addTransactionToDN(50)) - Transaction added: c2c40a72-a699-49b1-b721-1997d9d2c71f <- TX(46)
2021-08-15 14:03:30,474 [SCMBlockDeletingService#0] DEBUG block.SCMBlockDeletingService (DatanodeDeletedBlockTransactions.java:addTransactionToDN(50)) - Transaction added: c2c40a72-a699-49b1-b721-1997d9d2c71f <- TX(47)
2021-08-15 14:03:30,474 [SCMBlockDeletingService#0] DEBUG block.SCMBlockDeletingService (DatanodeDeletedBlockTransactions.java:addTransactionToDN(50)) - Transaction added: f89ecde1-abfa-4530-92e2-4a065b7725ea <- TX(47)
2021-08-15 14:03:30,474 [SCMBlockDeletingService#0] DEBUG block.SCMBlockDeletingService (DatanodeDeletedBlockTransactions.java:addTransactionToDN(50)) - Transaction added: 0475d2c2-d46f-403e-95a5-8ff1a5c32338 <- TX(47)
2021-08-15 14:03:30,474 [SCMBlockDeletingService#0] DEBUG block.SCMBlockDeletingService (DatanodeDeletedBlockTransactions.java:addTransactionToDN(50)) - Transaction added: 0475d2c2-d46f-403e-95a5-8ff1a5c32338 <- TX(48)
2021-08-15 14:03:30,474 [SCMBlockDeletingService#0] DEBUG block.SCMBlockDeletingService (DatanodeDeletedBlockTransactions.java:addTransactionToDN(50)) - Transaction added: f89ecde1-abfa-4530-92e2-4a065b7725ea <- TX(48)
2021-08-15 14:03:30,474 [SCMBlockDeletingService#0] DEBUG block.SCMBlockDeletingService (DatanodeDeletedBlockTransactions.java:addTransactionToDN(50)) - Transaction added: c2c40a72-a699-49b1-b721-1997d9d2c71f <- TX(48)
2021-08-15 14:03:30,474 [SCMBlockDeletingService#0] DEBUG block.SCMBlockDeletingService (DatanodeDeletedBlockTransactions.java:addTransactionToDN(50)) - Transaction added: 0475d2c2-d46f-403e-95a5-8ff1a5c32338 <- TX(49)
2021-08-15 14:03:30,475 [SCMBlockDeletingService#0] DEBUG block.SCMBlockDeletingService (DatanodeDeletedBlockTransactions.java:addTransactionToDN(50)) - Transaction added: c2c40a72-a699-49b1-b721-1997d9d2c71f <- TX(49)
2021-08-15 14:03:30,475 [SCMBlockDeletingService#0] DEBUG block.SCMBlockDeletingService (DatanodeDeletedBlockTransactions.java:addTransactionToDN(50)) - Transaction added: f89ecde1-abfa-4530-92e2-4a065b7725ea <- TX(49)
2021-08-15 14:03:30,475 [SCMBlockDeletingService#0] DEBUG block.SCMBlockDeletingService (DatanodeDeletedBlockTransactions.java:addTransactionToDN(50)) - Transaction added: 0475d2c2-d46f-403e-95a5-8ff1a5c32338 <- TX(50)
2021-08-15 14:03:30,475 [SCMBlockDeletingService#0] DEBUG block.SCMBlockDeletingService (DatanodeDeletedBlockTransactions.java:addTransactionToDN(50)) - Transaction added: c2c40a72-a699-49b1-b721-1997d9d2c71f <- TX(50)
2021-08-15 14:03:30,475 [SCMBlockDeletingService#0] DEBUG block.SCMBlockDeletingService (DatanodeDeletedBlockTransactions.java:addTransactionToDN(50)) - Transaction added: f89ecde1-abfa-4530-92e2-4a065b7725ea <- TX(50)
2021-08-15 14:03:30,475 [SCMBlockDeletingService#0] DEBUG block.SCMBlockDeletingService (DatanodeDeletedBlockTransactions.java:addTransactionToDN(50)) - Transaction added: 0475d2c2-d46f-403e-95a5-8ff1a5c32338 <- TX(51)
2021-08-15 14:03:30,475 [SCMBlockDeletingService#0] DEBUG block.SCMBlockDeletingService (DatanodeDeletedBlockTransactions.java:addTransactionToDN(50)) - Transaction added: c2c40a72-a699-49b1-b721-1997d9d2c71f <- TX(51)
2021-08-15 14:03:30,475 [SCMBlockDeletingService#0] DEBUG block.SCMBlockDeletingService (DatanodeDeletedBlockTransactions.java:addTransactionToDN(50)) - Transaction added: f89ecde1-abfa-4530-92e2-4a065b7725ea <- TX(51)
2021-08-15 14:03:30,475 [SCMBlockDeletingService#0] DEBUG block.SCMBlockDeletingService (DatanodeDeletedBlockTransactions.java:addTransactionToDN(50)) - Transaction added: f89ecde1-abfa-4530-92e2-4a065b7725ea <- TX(52)
2021-08-15 14:03:30,475 [SCMBlockDeletingService#0] DEBUG block.SCMBlockDeletingService (DatanodeDeletedBlockTransactions.java:addTransactionToDN(50)) - Transaction added: c2c40a72-a699-49b1-b721-1997d9d2c71f <- TX(52)
2021-08-15 14:03:30,475 [SCMBlockDeletingService#0] DEBUG block.SCMBlockDeletingService (DatanodeDeletedBlockTransactions.java:addTransactionToDN(50)) - Transaction added: 0475d2c2-d46f-403e-95a5-8ff1a5c32338 <- TX(52)
2021-08-15 14:03:30,475 [SCMBlockDeletingService#0] DEBUG block.SCMBlockDeletingService (DatanodeDeletedBlockTransactions.java:addTransactionToDN(50)) - Transaction added: c2c40a72-a699-49b1-b721-1997d9d2c71f <- TX(53)
2021-08-15 14:03:30,475 [SCMBlockDeletingService#0] DEBUG block.SCMBlockDeletingService (DatanodeDeletedBlockTransactions.java:addTransactionToDN(50)) - Transaction added: f89ecde1-abfa-4530-92e2-4a065b7725ea <- TX(53)
2021-08-15 14:03:30,475 [SCMBlockDeletingService#0] DEBUG block.SCMBlockDeletingService (DatanodeDeletedBlockTransactions.java:addTransactionToDN(50)) - Transaction added: 0475d2c2-d46f-403e-95a5-8ff1a5c32338 <- TX(53)
2021-08-15 14:03:30,475 [SCMBlockDeletingService#0] DEBUG block.SCMBlockDeletingService (DatanodeDeletedBlockTransactions.java:addTransactionToDN(50)) - Transaction added: c2c40a72-a699-49b1-b721-1997d9d2c71f <- TX(54)
2021-08-15 14:03:30,475 [SCMBlockDeletingService#0] DEBUG block.SCMBlockDeletingService (DatanodeDeletedBlockTransactions.java:addTransactionToDN(50)) - Transaction added: f89ecde1-abfa-4530-92e2-4a065b7725ea <- TX(54)
2021-08-15 14:03:30,475 [SCMBlockDeletingService#0] DEBUG block.SCMBlockDeletingService (DatanodeDeletedBlockTransactions.java:addTransactionToDN(50)) - Transaction added: 0475d2c2-d46f-403e-95a5-8ff1a5c32338 <- TX(54)
2021-08-15 14:03:30,475 [SCMBlockDeletingService#0] DEBUG block.SCMBlockDeletingService (DatanodeDeletedBlockTransactions.java:addTransactionToDN(50)) - Transaction added: f89ecde1-abfa-4530-92e2-4a065b7725ea <- TX(55)
2021-08-15 14:03:30,475 [SCMBlockDeletingService#0] DEBUG block.SCMBlockDeletingService (DatanodeDeletedBlockTransactions.java:addTransactionToDN(50)) - Transaction added: 0475d2c2-d46f-403e-95a5-8ff1a5c32338 <- TX(55)
2021-08-15 14:03:30,475 [SCMBlockDeletingService#0] DEBUG block.SCMBlockDeletingService (DatanodeDeletedBlockTransactions.java:addTransactionToDN(50)) - Transaction added: c2c40a72-a699-49b1-b721-1997d9d2c71f <- TX(55)
2021-08-15 14:03:30,475 [SCMBlockDeletingService#0] DEBUG block.SCMBlockDeletingService (DatanodeDeletedBlockTransactions.java:addTransactionToDN(50)) - Transaction added: 0475d2c2-d46f-403e-95a5-8ff1a5c32338 <- TX(56)
2021-08-15 14:03:30,475 [SCMBlockDeletingService#0] DEBUG block.SCMBlockDeletingService (DatanodeDeletedBlockTransactions.java:addTransactionToDN(50)) - Transaction added: f89ecde1-abfa-4530-92e2-4a065b7725ea <- TX(56)
2021-08-15 14:03:30,475 [SCMBlockDeletingService#0] DEBUG block.SCMBlockDeletingService (DatanodeDeletedBlockTransactions.java:addTransactionToDN(50)) - Transaction added: c2c40a72-a699-49b1-b721-1997d9d2c71f <- TX(56)
2021-08-15 14:03:30,479 [SCMBlockDeletingService#0] DEBUG block.SCMBlockDeletingService (SCMBlockDeletingService.java:call(164)) - Added delete block command for datanode c2c40a72-a699-49b1-b721-1997d9d2c71f in the queue, number of delete block transactions: 30
2021-08-15 14:03:30,480 [SCMBlockDeletingService#0] DEBUG block.SCMBlockDeletingService (SCMBlockDeletingService.java:call(164)) - Added delete block command for datanode 0475d2c2-d46f-403e-95a5-8ff1a5c32338 in the queue, number of delete block transactions: 56
2021-08-15 14:03:30,481 [SCMBlockDeletingService#0] DEBUG block.SCMBlockDeletingService (SCMBlockDeletingService.java:call(164)) - Added delete block command for datanode f89ecde1-abfa-4530-92e2-4a065b7725ea in the queue, number of delete block transactions: 40
2021-08-15 14:03:30,481 [SCMBlockDeletingService#0] INFO  block.SCMBlockDeletingService (SCMBlockDeletingService.java:call(174)) - Totally added 126 blocks to be deleted for 3 datanodes, task elapsed time: 9ms
2021-08-15 14:03:30,466 [BlockDeletingService#7] INFO  impl.FilePerBlockStrategy (FilePerBlockStrategy.java:deleteChunk(227)) - Deleted block file: /home/runner/work/ozone/ozone/hadoop-ozone/integration-test/target/test-dir/MiniOzoneClusterImpl-8fa699bc-e258-4c24-98aa-94a5d955589f/datanode-0/data-0/containers/hdds/8fa699bc-e258-4c24-98aa-94a5d955589f/current/containerDir0/6/chunks/107544261427200006.block
2021-08-15 14:03:30,466 [BlockDeletingService#9] INFO  background.BlockDeletingService (BlockDeletingService.java:deleteViaSchema2(447)) - Container: 2, deleted blocks: 1, task elapsed time: 1ms
2021-08-15 14:03:30,486 [BlockDeletingService#7] INFO  background.BlockDeletingService (BlockDeletingService.java:deleteViaSchema2(447)) - Container: 6, deleted blocks: 1, task elapsed time: 24ms
2021-08-15 14:03:30,572 [SCMBlockDeletingService#0] DEBUG block.SCMBlockDeletingService (SCMBlockDeletingService.java:call(133)) - Running DeletedBlockTransactionScanner
2021-08-15 14:03:30,572 [SCMBlockDeletingService#0] DEBUG block.SCMBlockDeletingService (DatanodeDeletedBlockTransactions.java:addTransactionToDN(50)) - Transaction added: 0475d2c2-d46f-403e-95a5-8ff1a5c32338 <- TX(1)
2021-08-15 14:03:30,572 [SCMBlockDeletingService#0] DEBUG block.SCMBlockDeletingService (DatanodeDeletedBlockTransactions.java:addTransactionToDN(50)) - Transaction added: 0475d2c2-d46f-403e-95a5-8ff1a5c32338 <- TX(2)
2021-08-15 14:03:30,572 [SCMBlockDeletingService#0] DEBUG block.SCMBlockDeletingService (DatanodeDeletedBlockTransactions.java:addTransactionToDN(50)) - Transaction added: 0475d2c2-d46f-403e-95a5-8ff1a5c32338 <- TX(3)
2021-08-15 14:03:30,572 [SCMBlockDeletingService#0] DEBUG block.SCMBlockDeletingService (DatanodeDeletedBlockTransactions.java:addTransactionToDN(50)) - Transaction added: 0475d2c2-d46f-403e-95a5-8ff1a5c32338 <- TX(4)
2021-08-15 14:03:30,572 [SCMBlockDeletingService#0] DEBUG block.SCMBlockDeletingService (DatanodeDeletedBlockTransactions.java:addTransactionToDN(50)) - Transaction added: 0475d2c2-d46f-403e-95a5-8ff1a5c32338 <- TX(5)
2021-08-15 14:03:30,572 [SCMBlockDeletingService#0] DEBUG block.SCMBlockDeletingService (DatanodeDeletedBlockTransactions.java:addTransactionToDN(50)) - Transaction added: 0475d2c2-d46f-403e-95a5-8ff1a5c32338 <- TX(6)
2021-08-15 14:03:30,572 [SCMBlockDeletingService#0] DEBUG block.SCMBlockDeletingService (DatanodeDeletedBlockTransactions.java:addTransactionToDN(50)) - Transaction added: 0475d2c2-d46f-403e-95a5-8ff1a5c32338 <- TX(7)
2021-08-15 14:03:30,572 [SCMBlockDeletingService#0] DEBUG block.SCMBlockDeletingService (DatanodeDeletedBlockTransactions.java:addTransactionToDN(50)) - Transaction added: 0475d2c2-d46f-403e-95a5-8ff1a5c32338 <- TX(8)
2021-08-15 14:03:30,572 [SCMBlockDeletingService#0] DEBUG block.SCMBlockDeletingService (DatanodeDeletedBlockTransactions.java:addTransactionToDN(50)) - Transaction added: 0475d2c2-d46f-403e-95a5-8ff1a5c32338 <- TX(9)
2021-08-15 14:03:30,572 [SCMBlockDeletingService#0] DEBUG block.SCMBlockDeletingService (DatanodeDeletedBlockTransactions.java:addTransactionToDN(50)) - Transaction added: 0475d2c2-d46f-403e-95a5-8ff1a5c32338 <- TX(10)
2021-08-15 14:03:30,573 [SCMBlockDeletingService#0] DEBUG block.SCMBlockDeletingService (DatanodeDeletedBlockTransactions.java:addTransactionToDN(50)) - Transaction added: 0475d2c2-d46f-403e-95a5-8ff1a5c32338 <- TX(11)
2021-08-15 14:03:30,573 [SCMBlockDeletingService#0] DEBUG block.SCMBlockDeletingService (DatanodeDeletedBlockTransactions.java:addTransactionToDN(50)) - Transaction added: 0475d2c2-d46f-403e-95a5-8ff1a5c32338 <- TX(12)
2021-08-15 14:03:30,573 [SCMBlockDeletingService#0] DEBUG block.SCMBlockDeletingService (DatanodeDeletedBlockTransactions.java:addTransactionToDN(50)) - Transaction added: 0475d2c2-d46f-403e-95a5-8ff1a5c32338 <- TX(13)
2021-08-15 14:03:30,573 [SCMBlockDeletingService#0] DEBUG block.SCMBlockDeletingService (DatanodeDeletedBlockTransactions.java:addTransactionToDN(50)) - Transaction added: 0475d2c2-d46f-403e-95a5-8ff1a5c32338 <- TX(14)
2021-08-15 14:03:30,573 [SCMBlockDeletingService#0] DEBUG block.SCMBlockDeletingService (DatanodeDeletedBlockTransactions.java:addTransactionToDN(50)) - Transaction added: 0475d2c2-d46f-403e-95a5-8ff1a5c32338 <- TX(15)
2021-08-15 14:03:30,573 [SCMBlockDeletingService#0] DEBUG block.SCMBlockDeletingService (DatanodeDeletedBlockTransactions.java:addTransactionToDN(50)) - Transaction added: 0475d2c2-d46f-403e-95a5-8ff1a5c32338 <- TX(16)
2021-08-15 14:03:30,573 [SCMBlockDeletingService#0] DEBUG block.SCMBlockDeletingService (DatanodeDeletedBlockTransactions.java:addTransactionToDN(50)) - Transaction added: 0475d2c2-d46f-403e-95a5-8ff1a5c32338 <- TX(17)
2021-08-15 14:03:30,573 [SCMBlockDeletingService#0] DEBUG block.SCMBlockDeletingService (DatanodeDeletedBlockTransactions.java:addTransactionToDN(50)) - Transaction added: f89ecde1-abfa-4530-92e2-4a065b7725ea <- TX(17)
2021-08-15 14:03:30,573 [SCMBlockDeletingService#0] DEBUG block.SCMBlockDeletingService (DatanodeDeletedBlockTransactions.java:addTransactionToDN(50)) - Transaction added: 0475d2c2-d46f-403e-95a5-8ff1a5c32338 <- TX(18)
2021-08-15 14:03:30,573 [SCMBlockDeletingService#0] DEBUG block.SCMBlockDeletingService (DatanodeDeletedBlockTransactions.java:addTransactionToDN(50)) - Transaction added: f89ecde1-abfa-4530-92e2-4a065b7725ea <- TX(18)
2021-08-15 14:03:30,573 [SCMBlockDeletingService#0] DEBUG block.SCMBlockDeletingService (DatanodeDeletedBlockTransactions.java:addTransactionToDN(50)) - Transaction added: 0475d2c2-d46f-403e-95a5-8ff1a5c32338 <- TX(19)
2021-08-15 14:03:30,573 [SCMBlockDeletingService#0] DEBUG block.SCMBlockDeletingService (DatanodeDeletedBlockTransactions.java:addTransactionToDN(50)) - Transaction added: f89ecde1-abfa-4530-92e2-4a065b7725ea <- TX(19)
2021-08-15 14:03:30,573 [SCMBlockDeletingService#0] DEBUG block.SCMBlockDeletingService (DatanodeDeletedBlockTransactions.java:addTransactionToDN(50)) - Transaction added: f89ecde1-abfa-4530-92e2-4a065b7725ea <- TX(20)
2021-08-15 14:03:30,573 [SCMBlockDeletingService#0] DEBUG block.SCMBlockDeletingService (DatanodeDeletedBlockTransactions.java:addTransactionToDN(50)) - Transaction added: 0475d2c2-d46f-403e-95a5-8ff1a5c32338 <- TX(20)
2021-08-15 14:03:30,573 [SCMBlockDeletingService#0] DEBUG block.SCMBlockDeletingService (DatanodeDeletedBlockTransactions.java:addTransactionToDN(50)) - Transaction added: f89ecde1-abfa-4530-92e2-4a065b7725ea <- TX(21)
2021-08-15 14:03:30,573 [SCMBlockDeletingService#0] DEBUG block.SCMBlockDeletingService (DatanodeDeletedBlockTransactions.java:addTransactionToDN(50)) - Transaction added: 0475d2c2-d46f-403e-95a5-8ff1a5c32338 <- TX(21)
2021-08-15 14:03:30,573 [SCMBlockDeletingService#0] DEBUG block.SCMBlockDeletingService (DatanodeDeletedBlockTransactions.java:addTransactionToDN(50)) - Transaction added: f89ecde1-abfa-4530-92e2-4a065b7725ea <- TX(22)
2021-08-15 14:03:30,573 [SCMBlockDeletingService#0] DEBUG block.SCMBlockDeletingService (DatanodeDeletedBlockTransactions.java:addTransactionToDN(50)) - Transaction added: 0475d2c2-d46f-403e-95a5-8ff1a5c32338 <- TX(22)
2021-08-15 14:03:30,573 [SCMBlockDeletingService#0] DEBUG block.SCMBlockDeletingService (DatanodeDeletedBlockTransactions.java:addTransactionToDN(50)) - Transaction added: f89ecde1-abfa-4530-92e2-4a065b7725ea <- TX(23)
2021-08-15 14:03:30,573 [SCMBlockDeletingService#0] DEBUG block.SCMBlockDeletingService (DatanodeDeletedBlockTransactions.java:addTransactionToDN(50)) - Transaction added: 0475d2c2-d46f-403e-95a5-8ff1a5c32338 <- TX(23)
2021-08-15 14:03:30,573 [SCMBlockDeletingService#0] DEBUG block.SCMBlockDeletingService (DatanodeDeletedBlockTransactions.java:addTransactionToDN(50)) - Transaction added: 0475d2c2-d46f-403e-95a5-8ff1a5c32338 <- TX(24)
2021-08-15 14:03:30,573 [SCMBlockDeletingService#0] DEBUG block.SCMBlockDeletingService (DatanodeDeletedBlockTransactions.java:addTransactionToDN(50)) - Transaction added: f89ecde1-abfa-4530-92e2-4a065b7725ea <- TX(24)
2021-08-15 14:03:30,573 [SCMBlockDeletingService#0] DEBUG block.SCMBlockDeletingService (DatanodeDeletedBlockTransactions.java:addTransactionToDN(50)) - Transaction added: 0475d2c2-d46f-403e-95a5-8ff1a5c32338 <- TX(25)
2021-08-15 14:03:30,573 [SCMBlockDeletingService#0] DEBUG block.SCMBlockDeletingService (DatanodeDeletedBlockTransactions.java:addTransactionToDN(50)) - Transaction added: f89ecde1-abfa-4530-92e2-4a065b7725ea <- TX(25)
2021-08-15 14:03:30,573 [SCMBlockDeletingService#0] DEBUG block.SCMBlockDeletingService (DatanodeDeletedBlockTransactions.java:addTransactionToDN(50)) - Transaction added: 0475d2c2-d46f-403e-95a5-8ff1a5c32338 <- TX(26)
2021-08-15 14:03:30,573 [SCMBlockDeletingService#0] DEBUG block.SCMBlockDeletingService (DatanodeDeletedBlockTransactions.java:addTransactionToDN(50)) - Transaction added: f89ecde1-abfa-4530-92e2-4a065b7725ea <- TX(26)
2021-08-15 14:03:30,573 [SCMBlockDeletingService#0] DEBUG block.SCMBlockDeletingService (DatanodeDeletedBlockTransactions.java:addTransactionToDN(50)) - Transaction added: 0475d2c2-d46f-403e-95a5-8ff1a5c32338 <- TX(27)
2021-08-15 14:03:30,573 [SCMBlockDeletingService#0] DEBUG block.SCMBlockDeletingService (DatanodeDeletedBlockTransactions.java:addTransactionToDN(50)) - Transaction added: c2c40a72-a699-49b1-b721-1997d9d2c71f <- TX(27)
2021-08-15 14:03:30,573 [SCMBlockDeletingService#0] DEBUG block.SCMBlockDeletingService (DatanodeDeletedBlockTransactions.java:addTransactionToDN(50)) - Transaction added: f89ecde1-abfa-4530-92e2-4a065b7725ea <- TX(27)
2021-08-15 14:03:30,573 [SCMBlockDeletingService#0] DEBUG block.SCMBlockDeletingService (DatanodeDeletedBlockTransactions.java:addTransactionToDN(50)) - Transaction added: f89ecde1-abfa-4530-92e2-4a065b7725ea <- TX(28)
2021-08-15 14:03:30,573 [SCMBlockDeletingService#0] DEBUG block.SCMBlockDeletingService (DatanodeDeletedBlockTransactions.java:addTransactionToDN(50)) - Transaction added: c2c40a72-a699-49b1-b721-1997d9d2c71f <- TX(28)
2021-08-15 14:03:30,573 [SCMBlockDeletingService#0] DEBUG block.SCMBlockDeletingService (DatanodeDeletedBlockTransactions.java:addTransactionToDN(50)) - Transaction added: 0475d2c2-d46f-403e-95a5-8ff1a5c32338 <- TX(28)
2021-08-15 14:03:30,573 [SCMBlockDeletingService#0] DEBUG block.SCMBlockDeletingService (DatanodeDeletedBlockTransactions.java:addTransactionToDN(50)) - Transaction added: c2c40a72-a699-49b1-b721-1997d9d2c71f <- TX(29)
2021-08-15 14:03:30,573 [SCMBlockDeletingService#0] DEBUG block.SCMBlockDeletingService (DatanodeDeletedBlockTransactions.java:addTransactionToDN(50)) - Transaction added: f89ecde1-abfa-4530-92e2-4a065b7725ea <- TX(29)
2021-08-15 14:03:30,573 [SCMBlockDeletingService#0] DEBUG block.SCMBlockDeletingService (DatanodeDeletedBlockTransactions.java:addTransactionToDN(50)) - Transaction added: 0475d2c2-d46f-403e-95a5-8ff1a5c32338 <- TX(29)
2021-08-15 14:03:30,573 [SCMBlockDeletingService#0] DEBUG block.SCMBlockDeletingService (DatanodeDeletedBlockTransactions.java:addTransactionToDN(50)) - Transaction added: f89ecde1-abfa-4530-92e2-4a065b7725ea <- TX(30)
2021-08-15 14:03:30,573 [SCMBlockDeletingService#0] DEBUG block.SCMBlockDeletingService (DatanodeDeletedBlockTransactions.java:addTransactionToDN(50)) - Transaction added: 0475d2c2-d46f-403e-95a5-8ff1a5c32338 <- TX(30)
2021-08-15 14:03:30,573 [SCMBlockDeletingService#0] DEBUG block.SCMBlockDeletingService (DatanodeDeletedBlockTransactions.java:addTransactionToDN(50)) - Transaction added: c2c40a72-a699-49b1-b721-1997d9d2c71f <- TX(30)
2021-08-15 14:03:30,574 [SCMBlockDeletingService#0] DEBUG block.SCMBlockDeletingService (DatanodeDeletedBlockTransactions.java:addTransactionToDN(50)) - Transaction added: c2c40a72-a699-49b1-b721-1997d9d2c71f <- TX(31)
2021-08-15 14:03:30,574 [SCMBlockDeletingService#0] DEBUG block.SCMBlockDeletingService (DatanodeDeletedBlockTransactions.java:addTransactionToDN(50)) - Transaction added: f89ecde1-abfa-4530-92e2-4a065b7725ea <- TX(31)
2021-08-15 14:03:30,574 [SCMBlockDeletingService#0] DEBUG block.SCMBlockDeletingService (DatanodeDeletedBlockTransactions.java:addTransactionToDN(50)) - Transaction added: 0475d2c2-d46f-403e-95a5-8ff1a5c32338 <- TX(31)
2021-08-15 14:03:30,574 [SCMBlockDeletingService#0] DEBUG block.SCMBlockDeletingService (DatanodeDeletedBlockTransactions.java:addTransactionToDN(50)) - Transaction added: 0475d2c2-d46f-403e-95a5-8ff1a5c32338 <- TX(32)
2021-08-15 14:03:30,574 [SCMBlockDeletingService#0] DEBUG block.SCMBlockDeletingService (DatanodeDeletedBlockTransactions.java:addTransactionToDN(50)) - Transaction added: f89ecde1-abfa-4530-92e2-4a065b7725ea <- TX(32)
2021-08-15 14:03:30,574 [SCMBlockDeletingService#0] DEBUG block.SCMBlockDeletingService (DatanodeDeletedBlockTransactions.java:addTransactionToDN(50)) - Transaction added: c2c40a72-a699-49b1-b721-1997d9d2c71f <- TX(32)
2021-08-15 14:03:30,574 [SCMBlockDeletingService#0] DEBUG block.SCMBlockDeletingService (DatanodeDeletedBlockTransactions.java:addTransactionToDN(50)) - Transaction added: 0475d2c2-d46f-403e-95a5-8ff1a5c32338 <- TX(33)
2021-08-15 14:03:30,574 [SCMBlockDeletingService#0] DEBUG block.SCMBlockDeletingService (DatanodeDeletedBlockTransactions.java:addTransactionToDN(50)) - Transaction added: c2c40a72-a699-49b1-b721-1997d9d2c71f <- TX(33)
2021-08-15 14:03:30,574 [SCMBlockDeletingService#0] DEBUG block.SCMBlockDeletingService (DatanodeDeletedBlockTransactions.java:addTransactionToDN(50)) - Transaction added: f89ecde1-abfa-4530-92e2-4a065b7725ea <- TX(33)
2021-08-15 14:03:30,574 [SCMBlockDeletingService#0] DEBUG block.SCMBlockDeletingService (DatanodeDeletedBlockTransactions.java:addTransactionToDN(50)) - Transaction added: 0475d2c2-d46f-403e-95a5-8ff1a5c32338 <- TX(34)
2021-08-15 14:03:30,574 [SCMBlockDeletingService#0] DEBUG block.SCMBlockDeletingService (DatanodeDeletedBlockTransactions.java:addTransactionToDN(50)) - Transaction added: c2c40a72-a699-49b1-b721-1997d9d2c71f <- TX(34)
2021-08-15 14:03:30,574 [SCMBlockDeletingService#0] DEBUG block.SCMBlockDeletingService (DatanodeDeletedBlockTransactions.java:addTransactionToDN(50)) - Transaction added: f89ecde1-abfa-4530-92e2-4a065b7725ea <- TX(34)
2021-08-15 14:03:30,574 [SCMBlockDeletingService#0] DEBUG block.SCMBlockDeletingService (DatanodeDeletedBlockTransactions.java:addTransactionToDN(50)) - Transaction added: 0475d2c2-d46f-403e-95a5-8ff1a5c32338 <- TX(35)
2021-08-15 14:03:30,574 [SCMBlockDeletingService#0] DEBUG block.SCMBlockDeletingService (DatanodeDeletedBlockTransactions.java:addTransactionToDN(50)) - Transaction added: c2c40a72-a699-49b1-b721-1997d9d2c71f <- TX(35)
2021-08-15 14:03:30,574 [SCMBlockDeletingService#0] DEBUG block.SCMBlockDeletingService (DatanodeDeletedBlockTransactions.java:addTransactionToDN(50)) - Transaction added: f89ecde1-abfa-4530-92e2-4a065b7725ea <- TX(35)
2021-08-15 14:03:30,574 [SCMBlockDeletingService#0] DEBUG block.SCMBlockDeletingService (DatanodeDeletedBlockTransactions.java:addTransactionToDN(50)) - Transaction added: f89ecde1-abfa-4530-92e2-4a065b7725ea <- TX(36)
2021-08-15 14:03:30,574 [SCMBlockDeletingService#0] DEBUG block.SCMBlockDeletingService (DatanodeDeletedBlockTransactions.java:addTransactionToDN(50)) - Transaction added: c2c40a72-a699-49b1-b721-1997d9d2c71f <- TX(36)
2021-08-15 14:03:30,574 [SCMBlockDeletingService#0] DEBUG block.SCMBlockDeletingService (DatanodeDeletedBlockTransactions.java:addTransactionToDN(50)) - Transaction added: 0475d2c2-d46f-403e-95a5-8ff1a5c32338 <- TX(36)
2021-08-15 14:03:30,574 [SCMBlockDeletingService#0] DEBUG block.SCMBlockDeletingService (DatanodeDeletedBlockTransactions.java:addTransactionToDN(50)) - Transaction added: c2c40a72-a699-49b1-b721-1997d9d2c71f <- TX(37)
2021-08-15 14:03:30,574 [SCMBlockDeletingService#0] DEBUG block.SCMBlockDeletingService (DatanodeDeletedBlockTransactions.java:addTransactionToDN(50)) - Transaction added: f89ecde1-abfa-4530-92e2-4a065b7725ea <- TX(37)
2021-08-15 14:03:30,574 [SCMBlockDeletingService#0] DEBUG block.SCMBlockDeletingService (DatanodeDeletedBlockTransactions.java:addTransactionToDN(50)) - Transaction added: 0475d2c2-d46f-403e-95a5-8ff1a5c32338 <- TX(37)
2021-08-15 14:03:30,574 [SCMBlockDeletingService#0] DEBUG block.SCMBlockDeletingService (DatanodeDeletedBlockTransactions.java:addTransactionToDN(50)) - Transaction added: c2c40a72-a699-49b1-b721-1997d9d2c71f <- TX(38)
2021-08-15 14:03:30,574 [SCMBlockDeletingService#0] DEBUG block.SCMBlockDeletingService (DatanodeDeletedBlockTransactions.java:addTransactionToDN(50)) - Transaction added: f89ecde1-abfa-4530-92e2-4a065b7725ea <- TX(38)
2021-08-15 14:03:30,574 [SCMBlockDeletingService#0] DEBUG block.SCMBlockDeletingService (DatanodeDeletedBlockTransactions.java:addTransactionToDN(50)) - Transaction added: 0475d2c2-d46f-403e-95a5-8ff1a5c32338 <- TX(38)
2021-08-15 14:03:30,574 [SCMBlockDeletingService#0] DEBUG block.SCMBlockDeletingService (DatanodeDeletedBlockTransactions.java:addTransactionToDN(50)) - Transaction added: f89ecde1-abfa-4530-92e2-4a065b7725ea <- TX(39)
2021-08-15 14:03:30,574 [SCMBlockDeletingService#0] DEBUG block.SCMBlockDeletingService (DatanodeDeletedBlockTransactions.java:addTransactionToDN(50)) - Transaction added: 0475d2c2-d46f-403e-95a5-8ff1a5c32338 <- TX(39)
2021-08-15 14:03:30,574 [SCMBlockDeletingService#0] DEBUG block.SCMBlockDeletingService (DatanodeDeletedBlockTransactions.java:addTransactionToDN(50)) - Transaction added: c2c40a72-a699-49b1-b721-1997d9d2c71f <- TX(39)
2021-08-15 14:03:30,574 [SCMBlockDeletingService#0] DEBUG block.SCMBlockDeletingService (DatanodeDeletedBlockTransactions.java:addTransactionToDN(50)) - Transaction added: 0475d2c2-d46f-403e-95a5-8ff1a5c32338 <- TX(40)
2021-08-15 14:03:30,574 [SCMBlockDeletingService#0] DEBUG block.SCMBlockDeletingService (DatanodeDeletedBlockTransactions.java:addTransactionToDN(50)) - Transaction added: f89ecde1-abfa-4530-92e2-4a065b7725ea <- TX(40)
2021-08-15 14:03:30,574 [SCMBlockDeletingService#0] DEBUG block.SCMBlockDeletingService (DatanodeDeletedBlockTransactions.java:addTransactionToDN(50)) - Transaction added: c2c40a72-a699-49b1-b721-1997d9d2c71f <- TX(40)
2021-08-15 14:03:30,574 [SCMBlockDeletingService#0] DEBUG block.SCMBlockDeletingService (DatanodeDeletedBlockTransactions.java:addTransactionToDN(50)) - Transaction added: 0475d2c2-d46f-403e-95a5-8ff1a5c32338 <- TX(41)
2021-08-15 14:03:30,574 [SCMBlockDeletingService#0] DEBUG block.SCMBlockDeletingService (DatanodeDeletedBlockTransactions.java:addTransactionToDN(50)) - Transaction added: c2c40a72-a699-49b1-b721-1997d9d2c71f <- TX(41)
2021-08-15 14:03:30,574 [SCMBlockDeletingService#0] DEBUG block.SCMBlockDeletingService (DatanodeDeletedBlockTransactions.java:addTransactionToDN(50)) - Transaction added: f89ecde1-abfa-4530-92e2-4a065b7725ea <- TX(41)
2021-08-15 14:03:30,574 [SCMBlockDeletingService#0] DEBUG block.SCMBlockDeletingService (DatanodeDeletedBlockTransactions.java:addTransactionToDN(50)) - Transaction added: 0475d2c2-d46f-403e-95a5-8ff1a5c32338 <- TX(42)
2021-08-15 14:03:30,574 [SCMBlockDeletingService#0] DEBUG block.SCMBlockDeletingService (DatanodeDeletedBlockTransactions.java:addTransactionToDN(50)) - Transaction added: c2c40a72-a699-49b1-b721-1997d9d2c71f <- TX(42)
2021-08-15 14:03:30,574 [SCMBlockDeletingService#0] DEBUG block.SCMBlockDeletingService (DatanodeDeletedBlockTransactions.java:addTransactionToDN(50)) - Transaction added: f89ecde1-abfa-4530-92e2-4a065b7725ea <- TX(42)
2021-08-15 14:03:30,574 [SCMBlockDeletingService#0] DEBUG block.SCMBlockDeletingService (DatanodeDeletedBlockTransactions.java:addTransactionToDN(50)) - Transaction added: 0475d2c2-d46f-403e-95a5-8ff1a5c32338 <- TX(43)
2021-08-15 14:03:30,574 [SCMBlockDeletingService#0] DEBUG block.SCMBlockDeletingService (DatanodeDeletedBlockTransactions.java:addTransactionToDN(50)) - Transaction added: c2c40a72-a699-49b1-b721-1997d9d2c71f <- TX(43)
2021-08-15 14:03:30,574 [SCMBlockDeletingService#0] DEBUG block.SCMBlockDeletingService (DatanodeDeletedBlockTransactions.java:addTransactionToDN(50)) - Transaction added: f89ecde1-abfa-4530-92e2-4a065b7725ea <- TX(43)
2021-08-15 14:03:30,575 [SCMBlockDeletingService#0] DEBUG block.SCMBlockDeletingService (DatanodeDeletedBlockTransactions.java:addTransactionToDN(50)) - Transaction added: f89ecde1-abfa-4530-92e2-4a065b7725ea <- TX(44)
2021-08-15 14:03:30,575 [SCMBlockDeletingService#0] DEBUG block.SCMBlockDeletingService (DatanodeDeletedBlockTransactions.java:addTransactionToDN(50)) - Transaction added: c2c40a72-a699-49b1-b721-1997d9d2c71f <- TX(44)
2021-08-15 14:03:30,575 [SCMBlockDeletingService#0] DEBUG block.SCMBlockDeletingService (DatanodeDeletedBlockTransactions.java:addTransactionToDN(50)) - Transaction added: 0475d2c2-d46f-403e-95a5-8ff1a5c32338 <- TX(44)
2021-08-15 14:03:30,575 [SCMBlockDeletingService#0] DEBUG block.SCMBlockDeletingService (DatanodeDeletedBlockTransactions.java:addTransactionToDN(50)) - Transaction added: c2c40a72-a699-49b1-b721-1997d9d2c71f <- TX(45)
2021-08-15 14:03:30,575 [SCMBlockDeletingService#0] DEBUG block.SCMBlockDeletingService (DatanodeDeletedBlockTransactions.java:addTransactionToDN(50)) - Transaction added: f89ecde1-abfa-4530-92e2-4a065b7725ea <- TX(45)
2021-08-15 14:03:30,575 [SCMBlockDeletingService#0] DEBUG block.SCMBlockDeletingService (DatanodeDeletedBlockTransactions.java:addTransactionToDN(50)) - Transaction added: 0475d2c2-d46f-403e-95a5-8ff1a5c32338 <- TX(45)
2021-08-15 14:03:30,575 [SCMBlockDeletingService#0] DEBUG block.SCMBlockDeletingService (DatanodeDeletedBlockTransactions.java:addTransactionToDN(50)) - Transaction added: f89ecde1-abfa-4530-92e2-4a065b7725ea <- TX(46)
2021-08-15 14:03:30,575 [SCMBlockDeletingService#0] DEBUG block.SCMBlockDeletingService (DatanodeDeletedBlockTransactions.java:addTransactionToDN(50)) - Transaction added: 0475d2c2-d46f-403e-95a5-8ff1a5c32338 <- TX(46)
2021-08-15 14:03:30,575 [SCMBlockDeletingService#0] DEBUG block.SCMBlockDeletingService (DatanodeDeletedBlockTransactions.java:addTransactionToDN(50)) - Transaction added: c2c40a72-a699-49b1-b721-1997d9d2c71f <- TX(46)
2021-08-15 14:03:30,575 [SCMBlockDeletingService#0] DEBUG block.SCMBlockDeletingService (DatanodeDeletedBlockTransactions.java:addTransactionToDN(50)) - Transaction added: c2c40a72-a699-49b1-b721-1997d9d2c71f <- TX(47)
2021-08-15 14:03:30,575 [SCMBlockDeletingService#0] DEBUG block.SCMBlockDeletingService (DatanodeDeletedBlockTransactions.java:addTransactionToDN(50)) - Transaction added: f89ecde1-abfa-4530-92e2-4a065b7725ea <- TX(47)
2021-08-15 14:03:30,575 [SCMBlockDeletingService#0] DEBUG block.SCMBlockDeletingService (DatanodeDeletedBlockTransactions.java:addTransactionToDN(50)) - Transaction added: 0475d2c2-d46f-403e-95a5-8ff1a5c32338 <- TX(47)
2021-08-15 14:03:30,575 [SCMBlockDeletingService#0] DEBUG block.SCMBlockDeletingService (DatanodeDeletedBlockTransactions.java:addTransactionToDN(50)) - Transaction added: 0475d2c2-d46f-403e-95a5-8ff1a5c32338 <- TX(48)
2021-08-15 14:03:30,575 [SCMBlockDeletingService#0] DEBUG block.SCMBlockDeletingService (DatanodeDeletedBlockTransactions.java:addTransactionToDN(50)) - Transaction added: f89ecde1-abfa-4530-92e2-4a065b7725ea <- TX(48)
2021-08-15 14:03:30,575 [SCMBlockDeletingService#0] DEBUG block.SCMBlockDeletingService (DatanodeDeletedBlockTransactions.java:addTransactionToDN(50)) - Transaction added: c2c40a72-a699-49b1-b721-1997d9d2c71f <- TX(48)
2021-08-15 14:03:30,575 [SCMBlockDeletingService#0] DEBUG block.SCMBlockDeletingService (DatanodeDeletedBlockTransactions.java:addTransactionToDN(50)) - Transaction added: 0475d2c2-d46f-403e-95a5-8ff1a5c32338 <- TX(49)
2021-08-15 14:03:30,575 [SCMBlockDeletingService#0] DEBUG block.SCMBlockDeletingService (DatanodeDeletedBlockTransactions.java:addTransactionToDN(50)) - Transaction added: c2c40a72-a699-49b1-b721-1997d9d2c71f <- TX(49)
2021-08-15 14:03:30,575 [SCMBlockDeletingService#0] DEBUG block.SCMBlockDeletingService (DatanodeDeletedBlockTransactions.java:addTransactionToDN(50)) - Transaction added: f89ecde1-abfa-4530-92e2-4a065b7725ea <- TX(49)
2021-08-15 14:03:30,575 [SCMBlockDeletingService#0] DEBUG block.SCMBlockDeletingService (DatanodeDeletedBlockTransactions.java:addTransactionToDN(50)) - Transaction added: 0475d2c2-d46f-403e-95a5-8ff1a5c32338 <- TX(50)
2021-08-15 14:03:30,575 [SCMBlockDeletingService#0] DEBUG block.SCMBlockDeletingService (DatanodeDeletedBlockTransactions.java:addTransactionToDN(50)) - Transaction added: c2c40a72-a699-49b1-b721-1997d9d2c71f <- TX(50)
2021-08-15 14:03:30,575 [SCMBlockDeletingService#0] DEBUG block.SCMBlockDeletingService (DatanodeDeletedBlockTransactions.java:addTransactionToDN(50)) - Transaction added: f89ecde1-abfa-4530-92e2-4a065b7725ea <- TX(50)
2021-08-15 14:03:30,575 [SCMBlockDeletingService#0] DEBUG block.SCMBlockDeletingService (DatanodeDeletedBlockTransactions.java:addTransactionToDN(50)) - Transaction added: 0475d2c2-d46f-403e-95a5-8ff1a5c32338 <- TX(51)
2021-08-15 14:03:30,575 [SCMBlockDeletingService#0] DEBUG block.SCMBlockDeletingService (DatanodeDeletedBlockTransactions.java:addTransactionToDN(50)) - Transaction added: c2c40a72-a699-49b1-b721-1997d9d2c71f <- TX(51)
2021-08-15 14:03:30,575 [SCMBlockDeletingService#0] DEBUG block.SCMBlockDeletingService (DatanodeDeletedBlockTransactions.java:addTransactionToDN(50)) - Transaction added: f89ecde1-abfa-4530-92e2-4a065b7725ea <- TX(51)
2021-08-15 14:03:30,575 [SCMBlockDeletingService#0] DEBUG block.SCMBlockDeletingService (DatanodeDeletedBlockTransactions.java:addTransactionToDN(50)) - Transaction added: f89ecde1-abfa-4530-92e2-4a065b7725ea <- TX(52)
2021-08-15 14:03:30,575 [SCMBlockDeletingService#0] DEBUG block.SCMBlockDeletingService (DatanodeDeletedBlockTransactions.java:addTransactionToDN(50)) - Transaction added: c2c40a72-a699-49b1-b721-1997d9d2c71f <- TX(52)
2021-08-15 14:03:30,575 [SCMBlockDeletingService#0] DEBUG block.SCMBlockDeletingService (DatanodeDeletedBlockTransactions.java:addTransactionToDN(50)) - Transaction added: 0475d2c2-d46f-403e-95a5-8ff1a5c32338 <- TX(52)
2021-08-15 14:03:30,575 [SCMBlockDeletingService#0] DEBUG block.SCMBlockDeletingService (DatanodeDeletedBlockTransactions.java:addTransactionToDN(50)) - Transaction added: c2c40a72-a699-49b1-b721-1997d9d2c71f <- TX(53)
2021-08-15 14:03:30,575 [SCMBlockDeletingService#0] DEBUG block.SCMBlockDeletingService (DatanodeDeletedBlockTransactions.java:addTransactionToDN(50)) - Transaction added: f89ecde1-abfa-4530-92e2-4a065b7725ea <- TX(53)
2021-08-15 14:03:30,575 [SCMBlockDeletingService#0] DEBUG block.SCMBlockDeletingService (DatanodeDeletedBlockTransactions.java:addTransactionToDN(50)) - Transaction added: 0475d2c2-d46f-403e-95a5-8ff1a5c32338 <- TX(53)
2021-08-15 14:03:30,575 [SCMBlockDeletingService#0] DEBUG block.SCMBlockDeletingService (DatanodeDeletedBlockTransactions.java:addTransactionToDN(50)) - Transaction added: c2c40a72-a699-49b1-b721-1997d9d2c71f <- TX(54)
2021-08-15 14:03:30,575 [SCMBlockDeletingService#0] DEBUG block.SCMBlockDeletingService (DatanodeDeletedBlockTransactions.java:addTransactionToDN(50)) - Transaction added: f89ecde1-abfa-4530-92e2-4a065b7725ea <- TX(54)
2021-08-15 14:03:30,575 [SCMBlockDeletingService#0] DEBUG block.SCMBlockDeletingService (DatanodeDeletedBlockTransactions.java:addTransactionToDN(50)) - Transaction added: 0475d2c2-d46f-403e-95a5-8ff1a5c32338 <- TX(54)
2021-08-15 14:03:30,575 [SCMBlockDeletingService#0] DEBUG block.SCMBlockDeletingService (DatanodeDeletedBlockTransactions.java:addTransactionToDN(50)) - Transaction added: f89ecde1-abfa-4530-92e2-4a065b7725ea <- TX(55)
2021-08-15 14:03:30,575 [SCMBlockDeletingService#0] DEBUG block.SCMBlockDeletingService (DatanodeDeletedBlockTransactions.java:addTransactionToDN(50)) - Transaction added: 0475d2c2-d46f-403e-95a5-8ff1a5c32338 <- TX(55)
2021-08-15 14:03:30,575 [SCMBlockDeletingService#0] DEBUG block.SCMBlockDeletingService (DatanodeDeletedBlockTransactions.java:addTransactionToDN(50)) - Transaction added: c2c40a72-a699-49b1-b721-1997d9d2c71f <- TX(55)
2021-08-15 14:03:30,575 [SCMBlockDeletingService#0] DEBUG block.SCMBlockDeletingService (DatanodeDeletedBlockTransactions.java:addTransactionToDN(50)) - Transaction added: 0475d2c2-d46f-403e-95a5-8ff1a5c32338 <- TX(56)
2021-08-15 14:03:30,575 [SCMBlockDeletingService#0] DEBUG block.SCMBlockDeletingService (DatanodeDeletedBlockTransactions.java:addTransactionToDN(50)) - Transaction added: f89ecde1-abfa-4530-92e2-4a065b7725ea <- TX(56)
2021-08-15 14:03:30,575 [SCMBlockDeletingService#0] DEBUG block.SCMBlockDeletingService (DatanodeDeletedBlockTransactions.java:addTransactionToDN(50)) - Transaction added: c2c40a72-a699-49b1-b721-1997d9d2c71f <- TX(56)
2021-08-15 14:03:30,576 [SCMBlockDeletingService#0] DEBUG block.SCMBlockDeletingService (SCMBlockDeletingService.java:call(164)) - Added delete block command for datanode c2c40a72-a699-49b1-b721-1997d9d2c71f in the queue, number of delete block transactions: 30
2021-08-15 14:03:30,576 [SCMBlockDeletingService#0] DEBUG block.SCMBlockDeletingService (SCMBlockDeletingService.java:call(164)) - Added delete block command for datanode 0475d2c2-d46f-403e-95a5-8ff1a5c32338 in the queue, number of delete block transactions: 56
2021-08-15 14:03:30,576 [SCMBlockDeletingService#0] DEBUG block.SCMBlockDeletingService (SCMBlockDeletingService.java:call(164)) - Added delete block command for datanode f89ecde1-abfa-4530-92e2-4a065b7725ea in the queue, number of delete block transactions: 40
2021-08-15 14:03:30,576 [SCMBlockDeletingService#0] INFO  block.SCMBlockDeletingService (SCMBlockDeletingService.java:call(174)) - Totally added 126 blocks to be deleted for 3 datanodes, task elapsed time: 4ms
2021-08-15 14:03:30,672 [SCMBlockDeletingService#0] DEBUG block.SCMBlockDeletingService (SCMBlockDeletingService.java:call(133)) - Running DeletedBlockTransactionScanner
2021-08-15 14:03:30,672 [SCMBlockDeletingService#0] DEBUG block.SCMBlockDeletingService (DatanodeDeletedBlockTransactions.java:addTransactionToDN(50)) - Transaction added: 0475d2c2-d46f-403e-95a5-8ff1a5c32338 <- TX(1)
2021-08-15 14:03:30,672 [SCMBlockDeletingService#0] DEBUG block.SCMBlockDeletingService (DatanodeDeletedBlockTransactions.java:addTransactionToDN(50)) - Transaction added: 0475d2c2-d46f-403e-95a5-8ff1a5c32338 <- TX(2)
2021-08-15 14:03:30,672 [SCMBlockDeletingService#0] DEBUG block.SCMBlockDeletingService (DatanodeDeletedBlockTransactions.java:addTransactionToDN(50)) - Transaction added: 0475d2c2-d46f-403e-95a5-8ff1a5c32338 <- TX(3)
2021-08-15 14:03:30,672 [SCMBlockDeletingService#0] DEBUG block.SCMBlockDeletingService (DatanodeDeletedBlockTransactions.java:addTransactionToDN(50)) - Transaction added: 0475d2c2-d46f-403e-95a5-8ff1a5c32338 <- TX(4)
2021-08-15 14:03:30,672 [SCMBlockDeletingService#0] DEBUG block.SCMBlockDeletingService (DatanodeDeletedBlockTransactions.java:addTransactionToDN(50)) - Transaction added: 0475d2c2-d46f-403e-95a5-8ff1a5c32338 <- TX(5)
2021-08-15 14:03:30,672 [SCMBlockDeletingService#0] DEBUG block.SCMBlockDeletingService (DatanodeDeletedBlockTransactions.java:addTransactionToDN(50)) - Transaction added: 0475d2c2-d46f-403e-95a5-8ff1a5c32338 <- TX(6)
2021-08-15 14:03:30,672 [SCMBlockDeletingService#0] DEBUG block.SCMBlockDeletingService (DatanodeDeletedBlockTransactions.java:addTransactionToDN(50)) - Transaction added: 0475d2c2-d46f-403e-95a5-8ff1a5c32338 <- TX(7)
2021-08-15 14:03:30,673 [SCMBlockDeletingService#0] DEBUG block.SCMBlockDeletingService (DatanodeDeletedBlockTransactions.java:addTransactionToDN(50)) - Transaction added: 0475d2c2-d46f-403e-95a5-8ff1a5c32338 <- TX(8)
2021-08-15 14:03:30,673 [SCMBlockDeletingService#0] DEBUG block.SCMBlockDeletingService (DatanodeDeletedBlockTransactions.java:addTransactionToDN(50)) - Transaction added: 0475d2c2-d46f-403e-95a5-8ff1a5c32338 <- TX(9)
2021-08-15 14:03:30,673 [SCMBlockDeletingService#0] DEBUG block.SCMBlockDeletingService (DatanodeDeletedBlockTransactions.java:addTransactionToDN(50)) - Transaction added: 0475d2c2-d46f-403e-95a5-8ff1a5c32338 <- TX(10)
2021-08-15 14:03:30,673 [SCMBlockDeletingService#0] DEBUG block.SCMBlockDeletingService (DatanodeDeletedBlockTransactions.java:addTransactionToDN(50)) - Transaction added: 0475d2c2-d46f-403e-95a5-8ff1a5c32338 <- TX(11)
2021-08-15 14:03:30,673 [SCMBlockDeletingService#0] DEBUG block.SCMBlockDeletingService (DatanodeDeletedBlockTransactions.java:addTransactionToDN(50)) - Transaction added: 0475d2c2-d46f-403e-95a5-8ff1a5c32338 <- TX(12)
2021-08-15 14:03:30,673 [SCMBlockDeletingService#0] DEBUG block.SCMBlockDeletingService (DatanodeDeletedBlockTransactions.java:addTransactionToDN(50)) - Transaction added: 0475d2c2-d46f-403e-95a5-8ff1a5c32338 <- TX(13)
2021-08-15 14:03:30,673 [SCMBlockDeletingService#0] DEBUG block.SCMBlockDeletingService (DatanodeDeletedBlockTransactions.java:addTransactionToDN(50)) - Transaction added: 0475d2c2-d46f-403e-95a5-8ff1a5c32338 <- TX(14)
2021-08-15 14:03:30,673 [SCMBlockDeletingService#0] DEBUG block.SCMBlockDeletingService (DatanodeDeletedBlockTransactions.java:addTransactionToDN(50)) - Transaction added: 0475d2c2-d46f-403e-95a5-8ff1a5c32338 <- TX(15)
2021-08-15 14:03:30,673 [SCMBlockDeletingService#0] DEBUG block.SCMBlockDeletingService (DatanodeDeletedBlockTransactions.java:addTransactionToDN(50)) - Transaction added: 0475d2c2-d46f-403e-95a5-8ff1a5c32338 <- TX(16)
2021-08-15 14:03:30,673 [SCMBlockDeletingService#0] DEBUG block.SCMBlockDeletingService (DatanodeDeletedBlockTransactions.java:addTransactionToDN(50)) - Transaction added: 0475d2c2-d46f-403e-95a5-8ff1a5c32338 <- TX(17)
2021-08-15 14:03:30,673 [SCMBlockDeletingService#0] DEBUG block.SCMBlockDeletingService (DatanodeDeletedBlockTransactions.java:addTransactionToDN(50)) - Transaction added: f89ecde1-abfa-4530-92e2-4a065b7725ea <- TX(17)
2021-08-15 14:03:30,673 [SCMBlockDeletingService#0] DEBUG block.SCMBlockDeletingService (DatanodeDeletedBlockTransactions.java:addTransactionToDN(50)) - Transaction added: 0475d2c2-d46f-403e-95a5-8ff1a5c32338 <- TX(18)
2021-08-15 14:03:30,673 [SCMBlockDeletingService#0] DEBUG block.SCMBlockDeletingService (DatanodeDeletedBlockTransactions.java:addTransactionToDN(50)) - Transaction added: f89ecde1-abfa-4530-92e2-4a065b7725ea <- TX(18)
2021-08-15 14:03:30,673 [SCMBlockDeletingService#0] DEBUG block.SCMBlockDeletingService (DatanodeDeletedBlockTransactions.java:addTransactionToDN(50)) - Transaction added: 0475d2c2-d46f-403e-95a5-8ff1a5c32338 <- TX(19)
2021-08-15 14:03:30,673 [SCMBlockDeletingService#0] DEBUG block.SCMBlockDeletingService (DatanodeDeletedBlockTransactions.java:addTransactionToDN(50)) - Transaction added: f89ecde1-abfa-4530-92e2-4a065b7725ea <- TX(19)
2021-08-15 14:03:30,673 [SCMBlockDeletingService#0] DEBUG block.SCMBlockDeletingService (DatanodeDeletedBlockTransactions.java:addTransactionToDN(50)) - Transaction added: f89ecde1-abfa-4530-92e2-4a065b7725ea <- TX(20)
2021-08-15 14:03:30,673 [SCMBlockDeletingService#0] DEBUG block.SCMBlockDeletingService (DatanodeDeletedBlockTransactions.java:addTransactionToDN(50)) - Transaction added: 0475d2c2-d46f-403e-95a5-8ff1a5c32338 <- TX(20)
2021-08-15 14:03:30,673 [SCMBlockDeletingService#0] DEBUG block.SCMBlockDeletingService (DatanodeDeletedBlockTransactions.java:addTransactionToDN(50)) - Transaction added: f89ecde1-abfa-4530-92e2-4a065b7725ea <- TX(21)
2021-08-15 14:03:30,673 [SCMBlockDeletingService#0] DEBUG block.SCMBlockDeletingService (DatanodeDeletedBlockTransactions.java:addTransactionToDN(50)) - Transaction added: 0475d2c2-d46f-403e-95a5-8ff1a5c32338 <- TX(21)
2021-08-15 14:03:30,673 [SCMBlockDeletingService#0] DEBUG block.SCMBlockDeletingService (DatanodeDeletedBlockTransactions.java:addTransactionToDN(50)) - Transaction added: f89ecde1-abfa-4530-92e2-4a065b7725ea <- TX(22)
2021-08-15 14:03:30,673 [SCMBlockDeletingService#0] DEBUG block.SCMBlockDeletingService (DatanodeDeletedBlockTransactions.java:addTransactionToDN(50)) - Transaction added: 0475d2c2-d46f-403e-95a5-8ff1a5c32338 <- TX(22)
2021-08-15 14:03:30,673 [SCMBlockDeletingService#0] DEBUG block.SCMBlockDeletingService (DatanodeDeletedBlockTransactions.java:addTransactionToDN(50)) - Transaction added: f89ecde1-abfa-4530-92e2-4a065b7725ea <- TX(23)
2021-08-15 14:03:30,673 [SCMBlockDeletingService#0] DEBUG block.SCMBlockDeletingService (DatanodeDeletedBlockTransactions.java:addTransactionToDN(50)) - Transaction added: 0475d2c2-d46f-403e-95a5-8ff1a5c32338 <- TX(23)
2021-08-15 14:03:30,673 [SCMBlockDeletingService#0] DEBUG block.SCMBlockDeletingService (DatanodeDeletedBlockTransactions.java:addTransactionToDN(50)) - Transaction added: 0475d2c2-d46f-403e-95a5-8ff1a5c32338 <- TX(24)
2021-08-15 14:03:30,673 [SCMBlockDeletingService#0] DEBUG block.SCMBlockDeletingService (DatanodeDeletedBlockTransactions.java:addTransactionToDN(50)) - Transaction added: f89ecde1-abfa-4530-92e2-4a065b7725ea <- TX(24)
2021-08-15 14:03:30,673 [SCMBlockDeletingService#0] DEBUG block.SCMBlockDeletingService (DatanodeDeletedBlockTransactions.java:addTransactionToDN(50)) - Transaction added: 0475d2c2-d46f-403e-95a5-8ff1a5c32338 <- TX(25)
2021-08-15 14:03:30,673 [SCMBlockDeletingService#0] DEBUG block.SCMBlockDeletingService (DatanodeDeletedBlockTransactions.java:addTransactionToDN(50)) - Transaction added: f89ecde1-abfa-4530-92e2-4a065b7725ea <- TX(25)
2021-08-15 14:03:30,673 [SCMBlockDeletingService#0] DEBUG block.SCMBlockDeletingService (DatanodeDeletedBlockTransactions.java:addTransactionToDN(50)) - Transaction added: 0475d2c2-d46f-403e-95a5-8ff1a5c32338 <- TX(26)
2021-08-15 14:03:30,673 [SCMBlockDeletingService#0] DEBUG block.SCMBlockDeletingService (DatanodeDeletedBlockTransactions.java:addTransactionToDN(50)) - Transaction added: f89ecde1-abfa-4530-92e2-4a065b7725ea <- TX(26)
2021-08-15 14:03:30,673 [SCMBlockDeletingService#0] DEBUG block.SCMBlockDeletingService (DatanodeDeletedBlockTransactions.java:addTransactionToDN(50)) - Transaction added: 0475d2c2-d46f-403e-95a5-8ff1a5c32338 <- TX(27)
2021-08-15 14:03:30,673 [SCMBlockDeletingService#0] DEBUG block.SCMBlockDeletingService (DatanodeDeletedBlockTransactions.java:addTransactionToDN(50)) - Transaction added: c2c40a72-a699-49b1-b721-1997d9d2c71f <- TX(27)
2021-08-15 14:03:30,673 [SCMBlockDeletingService#0] DEBUG block.SCMBlockDeletingService (DatanodeDeletedBlockTransactions.java:addTransactionToDN(50)) - Transaction added: f89ecde1-abfa-4530-92e2-4a065b7725ea <- TX(27)
2021-08-15 14:03:30,673 [SCMBlockDeletingService#0] DEBUG block.SCMBlockDeletingService (DatanodeDeletedBlockTransactions.java:addTransactionToDN(50)) - Transaction added: f89ecde1-abfa-4530-92e2-4a065b7725ea <- TX(28)
2021-08-15 14:03:30,673 [SCMBlockDeletingService#0] DEBUG block.SCMBlockDeletingService (DatanodeDeletedBlockTransactions.java:addTransactionToDN(50)) - Transaction added: c2c40a72-a699-49b1-b721-1997d9d2c71f <- TX(28)
2021-08-15 14:03:30,673 [SCMBlockDeletingService#0] DEBUG block.SCMBlockDeletingService (DatanodeDeletedBlockTransactions.java:addTransactionToDN(50)) - Transaction added: 0475d2c2-d46f-403e-95a5-8ff1a5c32338 <- TX(28)
2021-08-15 14:03:30,674 [SCMBlockDeletingService#0] DEBUG block.SCMBlockDeletingService (DatanodeDeletedBlockTransactions.java:addTransactionToDN(50)) - Transaction added: c2c40a72-a699-49b1-b721-1997d9d2c71f <- TX(29)
2021-08-15 14:03:30,674 [SCMBlockDeletingService#0] DEBUG block.SCMBlockDeletingService (DatanodeDeletedBlockTransactions.java:addTransactionToDN(50)) - Transaction added: f89ecde1-abfa-4530-92e2-4a065b7725ea <- TX(29)
2021-08-15 14:03:30,674 [SCMBlockDeletingService#0] DEBUG block.SCMBlockDeletingService (DatanodeDeletedBlockTransactions.java:addTransactionToDN(50)) - Transaction added: 0475d2c2-d46f-403e-95a5-8ff1a5c32338 <- TX(29)
2021-08-15 14:03:30,674 [SCMBlockDeletingService#0] DEBUG block.SCMBlockDeletingService (DatanodeDeletedBlockTransactions.java:addTransactionToDN(50)) - Transaction added: f89ecde1-abfa-4530-92e2-4a065b7725ea <- TX(30)
2021-08-15 14:03:30,674 [SCMBlockDeletingService#0] DEBUG block.SCMBlockDeletingService (DatanodeDeletedBlockTransactions.java:addTransactionToDN(50)) - Transaction added: 0475d2c2-d46f-403e-95a5-8ff1a5c32338 <- TX(30)
2021-08-15 14:03:30,674 [SCMBlockDeletingService#0] DEBUG block.SCMBlockDeletingService (DatanodeDeletedBlockTransactions.java:addTransactionToDN(50)) - Transaction added: c2c40a72-a699-49b1-b721-1997d9d2c71f <- TX(30)
2021-08-15 14:03:30,674 [SCMBlockDeletingService#0] DEBUG block.SCMBlockDeletingService (DatanodeDeletedBlockTransactions.java:addTransactionToDN(50)) - Transaction added: c2c40a72-a699-49b1-b721-1997d9d2c71f <- TX(31)
2021-08-15 14:03:30,674 [SCMBlockDeletingService#0] DEBUG block.SCMBlockDeletingService (DatanodeDeletedBlockTransactions.java:addTransactionToDN(50)) - Transaction added: f89ecde1-abfa-4530-92e2-4a065b7725ea <- TX(31)
2021-08-15 14:03:30,674 [SCMBlockDeletingService#0] DEBUG block.SCMBlockDeletingService (DatanodeDeletedBlockTransactions.java:addTransactionToDN(50)) - Transaction added: 0475d2c2-d46f-403e-95a5-8ff1a5c32338 <- TX(31)
2021-08-15 14:03:30,674 [SCMBlockDeletingService#0] DEBUG block.SCMBlockDeletingService (DatanodeDeletedBlockTransactions.java:addTransactionToDN(50)) - Transaction added: 0475d2c2-d46f-403e-95a5-8ff1a5c32338 <- TX(32)
2021-08-15 14:03:30,674 [SCMBlockDeletingService#0] DEBUG block.SCMBlockDeletingService (DatanodeDeletedBlockTransactions.java:addTransactionToDN(50)) - Transaction added: f89ecde1-abfa-4530-92e2-4a065b7725ea <- TX(32)
2021-08-15 14:03:30,674 [SCMBlockDeletingService#0] DEBUG block.SCMBlockDeletingService (DatanodeDeletedBlockTransactions.java:addTransactionToDN(50)) - Transaction added: c2c40a72-a699-49b1-b721-1997d9d2c71f <- TX(32)
2021-08-15 14:03:30,674 [SCMBlockDeletingService#0] DEBUG block.SCMBlockDeletingService (DatanodeDeletedBlockTransactions.java:addTransactionToDN(50)) - Transaction added: 0475d2c2-d46f-403e-95a5-8ff1a5c32338 <- TX(33)
2021-08-15 14:03:30,674 [SCMBlockDeletingService#0] DEBUG block.SCMBlockDeletingService (DatanodeDeletedBlockTransactions.java:addTransactionToDN(50)) - Transaction added: c2c40a72-a699-49b1-b721-1997d9d2c71f <- TX(33)
2021-08-15 14:03:30,674 [SCMBlockDeletingService#0] DEBUG block.SCMBlockDeletingService (DatanodeDeletedBlockTransactions.java:addTransactionToDN(50)) - Transaction added: f89ecde1-abfa-4530-92e2-4a065b7725ea <- TX(33)
2021-08-15 14:03:30,674 [SCMBlockDeletingService#0] DEBUG block.SCMBlockDeletingService (DatanodeDeletedBlockTransactions.java:addTransactionToDN(50)) - Transaction added: 0475d2c2-d46f-403e-95a5-8ff1a5c32338 <- TX(34)
2021-08-15 14:03:30,674 [SCMBlockDeletingService#0] DEBUG block.SCMBlockDeletingService (DatanodeDeletedBlockTransactions.java:addTransactionToDN(50)) - Transaction added: c2c40a72-a699-49b1-b721-1997d9d2c71f <- TX(34)
2021-08-15 14:03:30,674 [SCMBlockDeletingService#0] DEBUG block.SCMBlockDeletingService (DatanodeDeletedBlockTransactions.java:addTransactionToDN(50)) - Transaction added: f89ecde1-abfa-4530-92e2-4a065b7725ea <- TX(34)
2021-08-15 14:03:30,674 [SCMBlockDeletingService#0] DEBUG block.SCMBlockDeletingService (DatanodeDeletedBlockTransactions.java:addTransactionToDN(50)) - Transaction added: 0475d2c2-d46f-403e-95a5-8ff1a5c32338 <- TX(35)
2021-08-15 14:03:30,674 [SCMBlockDeletingService#0] DEBUG block.SCMBlockDeletingService (DatanodeDeletedBlockTransactions.java:addTransactionToDN(50)) - Transaction added: c2c40a72-a699-49b1-b721-1997d9d2c71f <- TX(35)
2021-08-15 14:03:30,674 [SCMBlockDeletingService#0] DEBUG block.SCMBlockDeletingService (DatanodeDeletedBlockTransactions.java:addTransactionToDN(50)) - Transaction added: f89ecde1-abfa-4530-92e2-4a065b7725ea <- TX(35)
2021-08-15 14:03:30,674 [SCMBlockDeletingService#0] DEBUG block.SCMBlockDeletingService (DatanodeDeletedBlockTransactions.java:addTransactionToDN(50)) - Transaction added: f89ecde1-abfa-4530-92e2-4a065b7725ea <- TX(36)
2021-08-15 14:03:30,674 [SCMBlockDeletingService#0] DEBUG block.SCMBlockDeletingService (DatanodeDeletedBlockTransactions.java:addTransactionToDN(50)) - Transaction added: c2c40a72-a699-49b1-b721-1997d9d2c71f <- TX(36)
2021-08-15 14:03:30,674 [SCMBlockDeletingService#0] DEBUG block.SCMBlockDeletingService (DatanodeDeletedBlockTransactions.java:addTransactionToDN(50)) - Transaction added: 0475d2c2-d46f-403e-95a5-8ff1a5c32338 <- TX(36)
2021-08-15 14:03:30,674 [SCMBlockDeletingService#0] DEBUG block.SCMBlockDeletingService (DatanodeDeletedBlockTransactions.java:addTransactionToDN(50)) - Transaction added: c2c40a72-a699-49b1-b721-1997d9d2c71f <- TX(37)
2021-08-15 14:03:30,674 [SCMBlockDeletingService#0] DEBUG block.SCMBlockDeletingService (DatanodeDeletedBlockTransactions.java:addTransactionToDN(50)) - Transaction added: f89ecde1-abfa-4530-92e2-4a065b7725ea <- TX(37)
2021-08-15 14:03:30,674 [SCMBlockDeletingService#0] DEBUG block.SCMBlockDeletingService (DatanodeDeletedBlockTransactions.java:addTransactionToDN(50)) - Transaction added: 0475d2c2-d46f-403e-95a5-8ff1a5c32338 <- TX(37)
2021-08-15 14:03:30,674 [SCMBlockDeletingService#0] DEBUG block.SCMBlockDeletingService (DatanodeDeletedBlockTransactions.java:addTransactionToDN(50)) - Transaction added: c2c40a72-a699-49b1-b721-1997d9d2c71f <- TX(38)
2021-08-15 14:03:30,674 [SCMBlockDeletingService#0] DEBUG block.SCMBlockDeletingService (DatanodeDeletedBlockTransactions.java:addTransactionToDN(50)) - Transaction added: f89ecde1-abfa-4530-92e2-4a065b7725ea <- TX(38)
2021-08-15 14:03:30,674 [SCMBlockDeletingService#0] DEBUG block.SCMBlockDeletingService (DatanodeDeletedBlockTransactions.java:addTransactionToDN(50)) - Transaction added: 0475d2c2-d46f-403e-95a5-8ff1a5c32338 <- TX(38)
2021-08-15 14:03:30,674 [SCMBlockDeletingService#0] DEBUG block.SCMBlockDeletingService (DatanodeDeletedBlockTransactions.java:addTransactionToDN(50)) - Transaction added: f89ecde1-abfa-4530-92e2-4a065b7725ea <- TX(39)
2021-08-15 14:03:30,674 [SCMBlockDeletingService#0] DEBUG block.SCMBlockDeletingService (DatanodeDeletedBlockTransactions.java:addTransactionToDN(50)) - Transaction added: 0475d2c2-d46f-403e-95a5-8ff1a5c32338 <- TX(39)
2021-08-15 14:03:30,674 [SCMBlockDeletingService#0] DEBUG block.SCMBlockDeletingService (DatanodeDeletedBlockTransactions.java:addTransactionToDN(50)) - Transaction added: c2c40a72-a699-49b1-b721-1997d9d2c71f <- TX(39)
2021-08-15 14:03:30,674 [SCMBlockDeletingService#0] DEBUG block.SCMBlockDeletingService (DatanodeDeletedBlockTransactions.java:addTransactionToDN(50)) - Transaction added: 0475d2c2-d46f-403e-95a5-8ff1a5c32338 <- TX(40)
2021-08-15 14:03:30,674 [SCMBlockDeletingService#0] DEBUG block.SCMBlockDeletingService (DatanodeDeletedBlockTransactions.java:addTransactionToDN(50)) - Transaction added: f89ecde1-abfa-4530-92e2-4a065b7725ea <- TX(40)
2021-08-15 14:03:30,674 [SCMBlockDeletingService#0] DEBUG block.SCMBlockDeletingService (DatanodeDeletedBlockTransactions.java:addTransactionToDN(50)) - Transaction added: c2c40a72-a699-49b1-b721-1997d9d2c71f <- TX(40)
2021-08-15 14:03:30,674 [SCMBlockDeletingService#0] DEBUG block.SCMBlockDeletingService (DatanodeDeletedBlockTransactions.java:addTransactionToDN(50)) - Transaction added: 0475d2c2-d46f-403e-95a5-8ff1a5c32338 <- TX(41)
2021-08-15 14:03:30,674 [SCMBlockDeletingService#0] DEBUG block.SCMBlockDeletingService (DatanodeDeletedBlockTransactions.java:addTransactionToDN(50)) - Transaction added: c2c40a72-a699-49b1-b721-1997d9d2c71f <- TX(41)
2021-08-15 14:03:30,674 [SCMBlockDeletingService#0] DEBUG block.SCMBlockDeletingService (DatanodeDeletedBlockTransactions.java:addTransactionToDN(50)) - Transaction added: f89ecde1-abfa-4530-92e2-4a065b7725ea <- TX(41)
2021-08-15 14:03:30,675 [SCMBlockDeletingService#0] DEBUG block.SCMBlockDeletingService (DatanodeDeletedBlockTransactions.java:addTransactionToDN(50)) - Transaction added: 0475d2c2-d46f-403e-95a5-8ff1a5c32338 <- TX(42)
2021-08-15 14:03:30,675 [SCMBlockDeletingService#0] DEBUG block.SCMBlockDeletingService (DatanodeDeletedBlockTransactions.java:addTransactionToDN(50)) - Transaction added: c2c40a72-a699-49b1-b721-1997d9d2c71f <- TX(42)
2021-08-15 14:03:30,675 [SCMBlockDeletingService#0] DEBUG block.SCMBlockDeletingService (DatanodeDeletedBlockTransactions.java:addTransactionToDN(50)) - Transaction added: f89ecde1-abfa-4530-92e2-4a065b7725ea <- TX(42)
2021-08-15 14:03:30,675 [SCMBlockDeletingService#0] DEBUG block.SCMBlockDeletingService (DatanodeDeletedBlockTransactions.java:addTransactionToDN(50)) - Transaction added: 0475d2c2-d46f-403e-95a5-8ff1a5c32338 <- TX(43)
2021-08-15 14:03:30,675 [SCMBlockDeletingService#0] DEBUG block.SCMBlockDeletingService (DatanodeDeletedBlockTransactions.java:addTransactionToDN(50)) - Transaction added: c2c40a72-a699-49b1-b721-1997d9d2c71f <- TX(43)
2021-08-15 14:03:30,675 [SCMBlockDeletingService#0] DEBUG block.SCMBlockDeletingService (DatanodeDeletedBlockTransactions.java:addTransactionToDN(50)) - Transaction added: f89ecde1-abfa-4530-92e2-4a065b7725ea <- TX(43)
2021-08-15 14:03:30,675 [SCMBlockDeletingService#0] DEBUG block.SCMBlockDeletingService (DatanodeDeletedBlockTransactions.java:addTransactionToDN(50)) - Transaction added: f89ecde1-abfa-4530-92e2-4a065b7725ea <- TX(44)
2021-08-15 14:03:30,675 [SCMBlockDeletingService#0] DEBUG block.SCMBlockDeletingService (DatanodeDeletedBlockTransactions.java:addTransactionToDN(50)) - Transaction added: c2c40a72-a699-49b1-b721-1997d9d2c71f <- TX(44)
2021-08-15 14:03:30,675 [SCMBlockDeletingService#0] DEBUG block.SCMBlockDeletingService (DatanodeDeletedBlockTransactions.java:addTransactionToDN(50)) - Transaction added: 0475d2c2-d46f-403e-95a5-8ff1a5c32338 <- TX(44)
2021-08-15 14:03:30,675 [SCMBlockDeletingService#0] DEBUG block.SCMBlockDeletingService (DatanodeDeletedBlockTransactions.java:addTransactionToDN(50)) - Transaction added: c2c40a72-a699-49b1-b721-1997d9d2c71f <- TX(45)
2021-08-15 14:03:30,675 [SCMBlockDeletingService#0] DEBUG block.SCMBlockDeletingService (DatanodeDeletedBlockTransactions.java:addTransactionToDN(50)) - Transaction added: f89ecde1-abfa-4530-92e2-4a065b7725ea <- TX(45)
2021-08-15 14:03:30,675 [SCMBlockDeletingService#0] DEBUG block.SCMBlockDeletingService (DatanodeDeletedBlockTransactions.java:addTransactionToDN(50)) - Transaction added: 0475d2c2-d46f-403e-95a5-8ff1a5c32338 <- TX(45)
2021-08-15 14:03:30,675 [SCMBlockDeletingService#0] DEBUG block.SCMBlockDeletingService (DatanodeDeletedBlockTransactions.java:addTransactionToDN(50)) - Transaction added: f89ecde1-abfa-4530-92e2-4a065b7725ea <- TX(46)
2021-08-15 14:03:30,675 [SCMBlockDeletingService#0] DEBUG block.SCMBlockDeletingService (DatanodeDeletedBlockTransactions.java:addTransactionToDN(50)) - Transaction added: 0475d2c2-d46f-403e-95a5-8ff1a5c32338 <- TX(46)
2021-08-15 14:03:30,675 [SCMBlockDeletingService#0] DEBUG block.SCMBlockDeletingService (DatanodeDeletedBlockTransactions.java:addTransactionToDN(50)) - Transaction added: c2c40a72-a699-49b1-b721-1997d9d2c71f <- TX(46)
2021-08-15 14:03:30,675 [SCMBlockDeletingService#0] DEBUG block.SCMBlockDeletingService (DatanodeDeletedBlockTransactions.java:addTransactionToDN(50)) - Transaction added: c2c40a72-a699-49b1-b721-1997d9d2c71f <- TX(47)
2021-08-15 14:03:30,675 [SCMBlockDeletingService#0] DEBUG block.SCMBlockDeletingService (DatanodeDeletedBlockTransactions.java:addTransactionToDN(50)) - Transaction added: f89ecde1-abfa-4530-92e2-4a065b7725ea <- TX(47)
2021-08-15 14:03:30,675 [SCMBlockDeletingService#0] DEBUG block.SCMBlockDeletingService (DatanodeDeletedBlockTransactions.java:addTransactionToDN(50)) - Transaction added: 0475d2c2-d46f-403e-95a5-8ff1a5c32338 <- TX(47)
2021-08-15 14:03:30,675 [SCMBlockDeletingService#0] DEBUG block.SCMBlockDeletingService (DatanodeDeletedBlockTransactions.java:addTransactionToDN(50)) - Transaction added: 0475d2c2-d46f-403e-95a5-8ff1a5c32338 <- TX(48)
2021-08-15 14:03:30,675 [SCMBlockDeletingService#0] DEBUG block.SCMBlockDeletingService (DatanodeDeletedBlockTransactions.java:addTransactionToDN(50)) - Transaction added: f89ecde1-abfa-4530-92e2-4a065b7725ea <- TX(48)
2021-08-15 14:03:30,675 [SCMBlockDeletingService#0] DEBUG block.SCMBlockDeletingService (DatanodeDeletedBlockTransactions.java:addTransactionToDN(50)) - Transaction added: c2c40a72-a699-49b1-b721-1997d9d2c71f <- TX(48)
2021-08-15 14:03:30,675 [SCMBlockDeletingService#0] DEBUG block.SCMBlockDeletingService (DatanodeDeletedBlockTransactions.java:addTransactionToDN(50)) - Transaction added: 0475d2c2-d46f-403e-95a5-8ff1a5c32338 <- TX(49)
2021-08-15 14:03:30,675 [SCMBlockDeletingService#0] DEBUG block.SCMBlockDeletingService (DatanodeDeletedBlockTransactions.java:addTransactionToDN(50)) - Transaction added: c2c40a72-a699-49b1-b721-1997d9d2c71f <- TX(49)
2021-08-15 14:03:30,675 [SCMBlockDeletingService#0] DEBUG block.SCMBlockDeletingService (DatanodeDeletedBlockTransactions.java:addTransactionToDN(50)) - Transaction added: f89ecde1-abfa-4530-92e2-4a065b7725ea <- TX(49)
2021-08-15 14:03:30,675 [SCMBlockDeletingService#0] DEBUG block.SCMBlockDeletingService (DatanodeDeletedBlockTransactions.java:addTransactionToDN(50)) - Transaction added: 0475d2c2-d46f-403e-95a5-8ff1a5c32338 <- TX(50)
2021-08-15 14:03:30,675 [SCMBlockDeletingService#0] DEBUG block.SCMBlockDeletingService (DatanodeDeletedBlockTransactions.java:addTransactionToDN(50)) - Transaction added: c2c40a72-a699-49b1-b721-1997d9d2c71f <- TX(50)
2021-08-15 14:03:30,675 [SCMBlockDeletingService#0] DEBUG block.SCMBlockDeletingService (DatanodeDeletedBlockTransactions.java:addTransactionToDN(50)) - Transaction added: f89ecde1-abfa-4530-92e2-4a065b7725ea <- TX(50)
2021-08-15 14:03:30,675 [SCMBlockDeletingService#0] DEBUG block.SCMBlockDeletingService (DatanodeDeletedBlockTransactions.java:addTransactionToDN(50)) - Transaction added: 0475d2c2-d46f-403e-95a5-8ff1a5c32338 <- TX(51)
2021-08-15 14:03:30,675 [SCMBlockDeletingService#0] DEBUG block.SCMBlockDeletingService (DatanodeDeletedBlockTransactions.java:addTransactionToDN(50)) - Transaction added: c2c40a72-a699-49b1-b721-1997d9d2c71f <- TX(51)
2021-08-15 14:03:30,675 [SCMBlockDeletingService#0] DEBUG block.SCMBlockDeletingService (DatanodeDeletedBlockTransactions.java:addTransactionToDN(50)) - Transaction added: f89ecde1-abfa-4530-92e2-4a065b7725ea <- TX(51)
2021-08-15 14:03:30,675 [SCMBlockDeletingService#0] DEBUG block.SCMBlockDeletingService (DatanodeDeletedBlockTransactions.java:addTransactionToDN(50)) - Transaction added: f89ecde1-abfa-4530-92e2-4a065b7725ea <- TX(52)
2021-08-15 14:03:30,675 [SCMBlockDeletingService#0] DEBUG block.SCMBlockDeletingService (DatanodeDeletedBlockTransactions.java:addTransactionToDN(50)) - Transaction added: c2c40a72-a699-49b1-b721-1997d9d2c71f <- TX(52)
2021-08-15 14:03:30,675 [SCMBlockDeletingService#0] DEBUG block.SCMBlockDeletingService (DatanodeDeletedBlockTransactions.java:addTransactionToDN(50)) - Transaction added: 0475d2c2-d46f-403e-95a5-8ff1a5c32338 <- TX(52)
2021-08-15 14:03:30,675 [SCMBlockDeletingService#0] DEBUG block.SCMBlockDeletingService (DatanodeDeletedBlockTransactions.java:addTransactionToDN(50)) - Transaction added: c2c40a72-a699-49b1-b721-1997d9d2c71f <- TX(53)
2021-08-15 14:03:30,675 [SCMBlockDeletingService#0] DEBUG block.SCMBlockDeletingService (DatanodeDeletedBlockTransactions.java:addTransactionToDN(50)) - Transaction added: f89ecde1-abfa-4530-92e2-4a065b7725ea <- TX(53)
2021-08-15 14:03:30,675 [SCMBlockDeletingService#0] DEBUG block.SCMBlockDeletingService (DatanodeDeletedBlockTransactions.java:addTransactionToDN(50)) - Transaction added: 0475d2c2-d46f-403e-95a5-8ff1a5c32338 <- TX(53)
2021-08-15 14:03:30,675 [SCMBlockDeletingService#0] DEBUG block.SCMBlockDeletingService (DatanodeDeletedBlockTransactions.java:addTransactionToDN(50)) - Transaction added: c2c40a72-a699-49b1-b721-1997d9d2c71f <- TX(54)
2021-08-15 14:03:30,675 [SCMBlockDeletingService#0] DEBUG block.SCMBlockDeletingService (DatanodeDeletedBlockTransactions.java:addTransactionToDN(50)) - Transaction added: f89ecde1-abfa-4530-92e2-4a065b7725ea <- TX(54)
2021-08-15 14:03:30,675 [SCMBlockDeletingService#0] DEBUG block.SCMBlockDeletingService (DatanodeDeletedBlockTransactions.java:addTransactionToDN(50)) - Transaction added: 0475d2c2-d46f-403e-95a5-8ff1a5c32338 <- TX(54)
2021-08-15 14:03:30,676 [SCMBlockDeletingService#0] DEBUG block.SCMBlockDeletingService (DatanodeDeletedBlockTransactions.java:addTransactionToDN(50)) - Transaction added: f89ecde1-abfa-4530-92e2-4a065b7725ea <- TX(55)
2021-08-15 14:03:30,676 [SCMBlockDeletingService#0] DEBUG block.SCMBlockDeletingService (DatanodeDeletedBlockTransactions.java:addTransactionToDN(50)) - Transaction added: 0475d2c2-d46f-403e-95a5-8ff1a5c32338 <- TX(55)
2021-08-15 14:03:30,676 [SCMBlockDeletingService#0] DEBUG block.SCMBlockDeletingService (DatanodeDeletedBlockTransactions.java:addTransactionToDN(50)) - Transaction added: c2c40a72-a699-49b1-b721-1997d9d2c71f <- TX(55)
2021-08-15 14:03:30,676 [SCMBlockDeletingService#0] DEBUG block.SCMBlockDeletingService (DatanodeDeletedBlockTransactions.java:addTransactionToDN(50)) - Transaction added: 0475d2c2-d46f-403e-95a5-8ff1a5c32338 <- TX(56)
2021-08-15 14:03:30,676 [SCMBlockDeletingService#0] DEBUG block.SCMBlockDeletingService (DatanodeDeletedBlockTransactions.java:addTransactionToDN(50)) - Transaction added: f89ecde1-abfa-4530-92e2-4a065b7725ea <- TX(56)
2021-08-15 14:03:30,676 [SCMBlockDeletingService#0] DEBUG block.SCMBlockDeletingService (DatanodeDeletedBlockTransactions.java:addTransactionToDN(50)) - Transaction added: c2c40a72-a699-49b1-b721-1997d9d2c71f <- TX(56)
2021-08-15 14:03:30,676 [SCMBlockDeletingService#0] DEBUG block.SCMBlockDeletingService (SCMBlockDeletingService.java:call(164)) - Added delete block command for datanode c2c40a72-a699-49b1-b721-1997d9d2c71f in the queue, number of delete block transactions: 30
2021-08-15 14:03:30,676 [SCMBlockDeletingService#0] DEBUG block.SCMBlockDeletingService (SCMBlockDeletingService.java:call(164)) - Added delete block command for datanode 0475d2c2-d46f-403e-95a5-8ff1a5c32338 in the queue, number of delete block transactions: 56
2021-08-15 14:03:30,676 [SCMBlockDeletingService#0] DEBUG block.SCMBlockDeletingService (SCMBlockDeletingService.java:call(164)) - Added delete block command for datanode f89ecde1-abfa-4530-92e2-4a065b7725ea in the queue, number of delete block transactions: 40
2021-08-15 14:03:30,676 [SCMBlockDeletingService#0] INFO  block.SCMBlockDeletingService (SCMBlockDeletingService.java:call(174)) - Totally added 126 blocks to be deleted for 3 datanodes, task elapsed time: 4ms
2021-08-15 14:03:30,728 [org.apache.hadoop.ozone.container.common.statemachine.commandhandler.DeleteBlocksCommandHandler$DeleteCmdWorker@95100f1] INFO  commandhandler.DeleteBlocksCommandHandler (DeleteBlocksCommandHandler.java:processCmd(261)) - Start to delete container blocks, TXIDs=[1(0),2(0)], numOfContainers=2, numOfBlocks=2
2021-08-15 14:03:30,740 [org.apache.hadoop.ozone.container.common.statemachine.commandhandler.DeleteBlocksCommandHandler$DeleteCmdWorker@95100f1] INFO  commandhandler.DeleteBlocksCommandHandler (DeleteBlocksCommandHandler.java:processCmd(261)) - Start to delete container blocks, TXIDs=[1(0),2(0),3(0)], numOfContainers=3, numOfBlocks=3
2021-08-15 14:03:30,740 [org.apache.hadoop.ozone.container.common.statemachine.commandhandler.DeleteBlocksCommandHandler$DeleteCmdWorker@95100f1] INFO  commandhandler.DeleteBlocksCommandHandler (DeleteBlocksCommandHandler.java:processCmd(261)) - Start to delete container blocks, TXIDs=[1(0),2(0),3(0),4(0)], numOfContainers=4, numOfBlocks=4
2021-08-15 14:03:30,741 [org.apache.hadoop.ozone.container.common.statemachine.commandhandler.DeleteBlocksCommandHandler$DeleteCmdWorker@95100f1] INFO  commandhandler.DeleteBlocksCommandHandler (DeleteBlocksCommandHandler.java:processCmd(261)) - Start to delete container blocks, TXIDs=[1(0),2(0),3(0),4(0),5(0)], numOfContainers=5, numOfBlocks=5
2021-08-15 14:03:30,741 [org.apache.hadoop.ozone.container.common.statemachine.commandhandler.DeleteBlocksCommandHandler$DeleteCmdWorker@95100f1] INFO  commandhandler.DeleteBlocksCommandHandler (DeleteBlocksCommandHandler.java:processCmd(261)) - Start to delete container blocks, TXIDs=[1(0),2(0),3(0),4(0),5(0),6(0),7(0)], numOfContainers=7, numOfBlocks=7
2021-08-15 14:03:30,742 [org.apache.hadoop.ozone.container.common.statemachine.commandhandler.DeleteBlocksCommandHandler$DeleteCmdWorker@95100f1] INFO  commandhandler.DeleteBlocksCommandHandler (DeleteBlocksCommandHandler.java:processCmd(261)) - Start to delete container blocks, TXIDs=[1(0),2(0),3(0),4(0),5(0),6(0),7(0),8(0),9(0)], numOfContainers=9, numOfBlocks=9
2021-08-15 14:03:30,744 [org.apache.hadoop.ozone.container.common.statemachine.commandhandler.DeleteBlocksCommandHandler$DeleteCmdWorker@95100f1] INFO  commandhandler.DeleteBlocksCommandHandler (DeleteBlocksCommandHandler.java:processCmd(261)) - Start to delete container blocks, TXIDs=[1(0),2(0),3(0),4(0),5(0),6(0),7(0),8(0),9(0),10(0),11(0)], numOfContainers=11, numOfBlocks=11
2021-08-15 14:03:30,744 [org.apache.hadoop.ozone.container.common.statemachine.commandhandler.DeleteBlocksCommandHandler$DeleteCmdWorker@95100f1] INFO  commandhandler.DeleteBlocksCommandHandler (DeleteBlocksCommandHandler.java:processCmd(261)) - Start to delete container blocks, TXIDs=[1(0),2(0),3(0),4(0),5(0),6(0),7(0),8(0),9(0),10(0),11(0),12(0)], numOfContainers=12, numOfBlocks=12
2021-08-15 14:03:30,744 [org.apache.hadoop.ozone.container.common.statemachine.commandhandler.DeleteBlocksCommandHandler$DeleteCmdWorker@95100f1] INFO  commandhandler.DeleteBlocksCommandHandler (DeleteBlocksCommandHandler.java:processCmd(261)) - Start to delete container blocks, TXIDs=[1(0),2(0),3(0),4(0),5(0),6(0),7(0),8(0),9(0),10(0),11(0),12(0),13(0),14(0),15(0)], numOfContainers=15, numOfBlocks=15
2021-08-15 14:03:30,745 [org.apache.hadoop.ozone.container.common.statemachine.commandhandler.DeleteBlocksCommandHandler$DeleteCmdWorker@95100f1] INFO  commandhandler.DeleteBlocksCommandHandler (DeleteBlocksCommandHandler.java:processCmd(261)) - Start to delete container blocks, TXIDs=[1(0),2(0),3(0),4(0),5(0),6(0),7(0),8(0),9(0),10(0),11(0),12(0),13(0),14(0),15(0),16(0)], numOfContainers=16, numOfBlocks=16
2021-08-15 14:03:30,745 [org.apache.hadoop.ozone.container.common.statemachine.commandhandler.DeleteBlocksCommandHandler$DeleteCmdWorker@95100f1] INFO  commandhandler.DeleteBlocksCommandHandler (DeleteBlocksCommandHandler.java:processCmd(261)) - Start to delete container blocks, TXIDs=[1(0),2(0),3(0),4(0),5(0),6(0),7(0),8(0),9(0),10(0),11(0),12(0),13(0),14(0),15(0),16(0),17(0),18(0)], numOfContainers=18, numOfBlocks=18
2021-08-15 14:03:30,746 [org.apache.hadoop.ozone.container.common.statemachine.commandhandler.DeleteBlocksCommandHandler$DeleteCmdWorker@95100f1] INFO  commandhandler.DeleteBlocksCommandHandler (DeleteBlocksCommandHandler.java:processCmd(261)) - Start to delete container blocks, TXIDs=[1(0),2(0),3(0),4(0),5(0),6(0),7(0),8(0),9(0),10(0),11(0),12(0),13(0),14(0),15(0),16(0),17(0),18(0),19(0),20(0)], numOfContainers=20, numOfBlocks=20
2021-08-15 14:03:30,746 [org.apache.hadoop.ozone.container.common.statemachine.commandhandler.DeleteBlocksCommandHandler$DeleteCmdWorker@95100f1] INFO  commandhandler.DeleteBlocksCommandHandler (DeleteBlocksCommandHandler.java:processCmd(261)) - Start to delete container blocks, TXIDs=[1(0),2(0),3(0),4(0),5(0),6(0),7(0),8(0),9(0),10(0),11(0),12(0),13(0),14(0),15(0),16(0),17(0),18(0),19(0),20(0),21(0),22(0)], numOfContainers=22, numOfBlocks=22
2021-08-15 14:03:30,746 [org.apache.hadoop.ozone.container.common.statemachine.commandhandler.DeleteBlocksCommandHandler$DeleteCmdWorker@95100f1] INFO  commandhandler.DeleteBlocksCommandHandler (DeleteBlocksCommandHandler.java:processCmd(261)) - Start to delete container blocks, TXIDs=[1(0),2(0),3(0),4(0),5(0),6(0),7(0),8(0),9(0),10(0),11(0),12(0),13(0),14(0),15(0),16(0),17(0),18(0),19(0),20(0),21(0),22(0),23(0)], numOfContainers=23, numOfBlocks=23
2021-08-15 14:03:30,747 [org.apache.hadoop.ozone.container.common.statemachine.commandhandler.DeleteBlocksCommandHandler$DeleteCmdWorker@95100f1] INFO  commandhandler.DeleteBlocksCommandHandler (DeleteBlocksCommandHandler.java:processCmd(261)) - Start to delete container blocks, TXIDs=[1(0),2(0),3(0),4(0),5(0),6(0),7(0),8(0),9(0),10(0),11(0),12(0),13(0),14(0),15(0),16(0),17(0),18(0),19(0),20(0),21(0),22(0),23(0)], numOfContainers=23, numOfBlocks=23
2021-08-15 14:03:30,747 [org.apache.hadoop.ozone.container.common.statemachine.commandhandler.DeleteBlocksCommandHandler$DeleteCmdWorker@95100f1] INFO  commandhandler.DeleteBlocksCommandHandler (DeleteBlocksCommandHandler.java:processCmd(261)) - Start to delete container blocks, TXIDs=[1(0),2(0),3(0),4(0),5(0),6(0),7(0),8(0),9(0),10(0),11(0),12(0),13(0),14(0),15(0),16(0),17(0),18(0),19(0),20(0),21(0),22(0),23(0),24(0),25(0)], numOfContainers=25, numOfBlocks=25
2021-08-15 14:03:30,748 [org.apache.hadoop.ozone.container.common.statemachine.commandhandler.DeleteBlocksCommandHandler$DeleteCmdWorker@95100f1] INFO  commandhandler.DeleteBlocksCommandHandler (DeleteBlocksCommandHandler.java:processCmd(261)) - Start to delete container blocks, TXIDs=[1(0),2(0),3(0),4(0),5(0),6(0),7(0),8(0),9(0),10(0),11(0),12(0),13(0),14(0),15(0),16(0),17(0),18(0),19(0),20(0),21(0),22(0),23(0),24(0),25(0),26(0)], numOfContainers=26, numOfBlocks=26
2021-08-15 14:03:30,748 [org.apache.hadoop.ozone.container.common.statemachine.commandhandler.DeleteBlocksCommandHandler$DeleteCmdWorker@95100f1] INFO  commandhandler.DeleteBlocksCommandHandler (DeleteBlocksCommandHandler.java:processCmd(261)) - Start to delete container blocks, TXIDs=[1(0),2(0),3(0),4(0),5(0),6(0),7(0),8(0),9(0),10(0),11(0),12(0),13(0),14(0),15(0),16(0),17(0),18(0),19(0),20(0),21(0),22(0),23(0),24(0),25(0),26(0)], numOfContainers=26, numOfBlocks=26
2021-08-15 14:03:30,749 [org.apache.hadoop.ozone.container.common.statemachine.commandhandler.DeleteBlocksCommandHandler$DeleteCmdWorker@95100f1] INFO  commandhandler.DeleteBlocksCommandHandler (DeleteBlocksCommandHandler.java:processCmd(261)) - Start to delete container blocks, TXIDs=[1(0),2(0),3(0),4(0),5(0),6(0),7(0),8(0),9(0),10(0),11(0),12(0),13(0),14(0),15(0),16(0),17(0),18(0),19(0),20(0),21(0),22(0),23(0),24(0),25(0),26(0),27(0)], numOfContainers=27, numOfBlocks=27
2021-08-15 14:03:30,749 [org.apache.hadoop.ozone.container.common.statemachine.commandhandler.DeleteBlocksCommandHandler$DeleteCmdWorker@95100f1] INFO  commandhandler.DeleteBlocksCommandHandler (DeleteBlocksCommandHandler.java:processCmd(261)) - Start to delete container blocks, TXIDs=[1(0),2(0),3(0),4(0),5(0),6(0),7(0),8(0),9(0),10(0),11(0),12(0),13(0),14(0),15(0),16(0),17(0),18(0),19(0),20(0),21(0),22(0),23(0),24(0),25(0),26(0),27(0)], numOfContainers=27, numOfBlocks=27
2021-08-15 14:03:30,772 [SCMBlockDeletingService#0] DEBUG block.SCMBlockDeletingService (SCMBlockDeletingService.java:call(133)) - Running DeletedBlockTransactionScanner
2021-08-15 14:03:30,772 [SCMBlockDeletingService#0] DEBUG block.SCMBlockDeletingService (DatanodeDeletedBlockTransactions.java:addTransactionToDN(50)) - Transaction added: 0475d2c2-d46f-403e-95a5-8ff1a5c32338 <- TX(1)
2021-08-15 14:03:30,772 [SCMBlockDeletingService#0] DEBUG block.SCMBlockDeletingService (DatanodeDeletedBlockTransactions.java:addTransactionToDN(50)) - Transaction added: 0475d2c2-d46f-403e-95a5-8ff1a5c32338 <- TX(2)
2021-08-15 14:03:30,772 [SCMBlockDeletingService#0] DEBUG block.SCMBlockDeletingService (DatanodeDeletedBlockTransactions.java:addTransactionToDN(50)) - Transaction added: 0475d2c2-d46f-403e-95a5-8ff1a5c32338 <- TX(3)
2021-08-15 14:03:30,772 [SCMBlockDeletingService#0] DEBUG block.SCMBlockDeletingService (DatanodeDeletedBlockTransactions.java:addTransactionToDN(50)) - Transaction added: 0475d2c2-d46f-403e-95a5-8ff1a5c32338 <- TX(4)
2021-08-15 14:03:30,772 [SCMBlockDeletingService#0] DEBUG block.SCMBlockDeletingService (DatanodeDeletedBlockTransactions.java:addTransactionToDN(50)) - Transaction added: 0475d2c2-d46f-403e-95a5-8ff1a5c32338 <- TX(5)
2021-08-15 14:03:30,772 [SCMBlockDeletingService#0] DEBUG block.SCMBlockDeletingService (DatanodeDeletedBlockTransactions.java:addTransactionToDN(50)) - Transaction added: 0475d2c2-d46f-403e-95a5-8ff1a5c32338 <- TX(6)
2021-08-15 14:03:30,773 [SCMBlockDeletingService#0] DEBUG block.SCMBlockDeletingService (DatanodeDeletedBlockTransactions.java:addTransactionToDN(50)) - Transaction added: 0475d2c2-d46f-403e-95a5-8ff1a5c32338 <- TX(7)
2021-08-15 14:03:30,773 [SCMBlockDeletingService#0] DEBUG block.SCMBlockDeletingService (DatanodeDeletedBlockTransactions.java:addTransactionToDN(50)) - Transaction added: 0475d2c2-d46f-403e-95a5-8ff1a5c32338 <- TX(8)
2021-08-15 14:03:30,773 [SCMBlockDeletingService#0] DEBUG block.SCMBlockDeletingService (DatanodeDeletedBlockTransactions.java:addTransactionToDN(50)) - Transaction added: 0475d2c2-d46f-403e-95a5-8ff1a5c32338 <- TX(9)
2021-08-15 14:03:30,773 [SCMBlockDeletingService#0] DEBUG block.SCMBlockDeletingService (DatanodeDeletedBlockTransactions.java:addTransactionToDN(50)) - Transaction added: 0475d2c2-d46f-403e-95a5-8ff1a5c32338 <- TX(10)
2021-08-15 14:03:30,773 [SCMBlockDeletingService#0] DEBUG block.SCMBlockDeletingService (DatanodeDeletedBlockTransactions.java:addTransactionToDN(50)) - Transaction added: 0475d2c2-d46f-403e-95a5-8ff1a5c32338 <- TX(11)
2021-08-15 14:03:30,773 [SCMBlockDeletingService#0] DEBUG block.SCMBlockDeletingService (DatanodeDeletedBlockTransactions.java:addTransactionToDN(50)) - Transaction added: 0475d2c2-d46f-403e-95a5-8ff1a5c32338 <- TX(12)
2021-08-15 14:03:30,773 [SCMBlockDeletingService#0] DEBUG block.SCMBlockDeletingService (DatanodeDeletedBlockTransactions.java:addTransactionToDN(50)) - Transaction added: 0475d2c2-d46f-403e-95a5-8ff1a5c32338 <- TX(13)
2021-08-15 14:03:30,773 [SCMBlockDeletingService#0] DEBUG block.SCMBlockDeletingService (DatanodeDeletedBlockTransactions.java:addTransactionToDN(50)) - Transaction added: 0475d2c2-d46f-403e-95a5-8ff1a5c32338 <- TX(14)
2021-08-15 14:03:30,773 [SCMBlockDeletingService#0] DEBUG block.SCMBlockDeletingService (DatanodeDeletedBlockTransactions.java:addTransactionToDN(50)) - Transaction added: 0475d2c2-d46f-403e-95a5-8ff1a5c32338 <- TX(15)
2021-08-15 14:03:30,773 [SCMBlockDeletingService#0] DEBUG block.SCMBlockDeletingService (DatanodeDeletedBlockTransactions.java:addTransactionToDN(50)) - Transaction added: 0475d2c2-d46f-403e-95a5-8ff1a5c32338 <- TX(16)
2021-08-15 14:03:30,773 [SCMBlockDeletingService#0] DEBUG block.SCMBlockDeletingService (DatanodeDeletedBlockTransactions.java:addTransactionToDN(50)) - Transaction added: 0475d2c2-d46f-403e-95a5-8ff1a5c32338 <- TX(17)
2021-08-15 14:03:30,773 [SCMBlockDeletingService#0] DEBUG block.SCMBlockDeletingService (DatanodeDeletedBlockTransactions.java:addTransactionToDN(50)) - Transaction added: f89ecde1-abfa-4530-92e2-4a065b7725ea <- TX(17)
2021-08-15 14:03:30,773 [SCMBlockDeletingService#0] DEBUG block.SCMBlockDeletingService (DatanodeDeletedBlockTransactions.java:addTransactionToDN(50)) - Transaction added: 0475d2c2-d46f-403e-95a5-8ff1a5c32338 <- TX(18)
2021-08-15 14:03:30,773 [SCMBlockDeletingService#0] DEBUG block.SCMBlockDeletingService (DatanodeDeletedBlockTransactions.java:addTransactionToDN(50)) - Transaction added: f89ecde1-abfa-4530-92e2-4a065b7725ea <- TX(18)
2021-08-15 14:03:30,773 [SCMBlockDeletingService#0] DEBUG block.SCMBlockDeletingService (DatanodeDeletedBlockTransactions.java:addTransactionToDN(50)) - Transaction added: 0475d2c2-d46f-403e-95a5-8ff1a5c32338 <- TX(19)
2021-08-15 14:03:30,773 [SCMBlockDeletingService#0] DEBUG block.SCMBlockDeletingService (DatanodeDeletedBlockTransactions.java:addTransactionToDN(50)) - Transaction added: f89ecde1-abfa-4530-92e2-4a065b7725ea <- TX(19)
2021-08-15 14:03:30,773 [SCMBlockDeletingService#0] DEBUG block.SCMBlockDeletingService (DatanodeDeletedBlockTransactions.java:addTransactionToDN(50)) - Transaction added: f89ecde1-abfa-4530-92e2-4a065b7725ea <- TX(20)
2021-08-15 14:03:30,773 [SCMBlockDeletingService#0] DEBUG block.SCMBlockDeletingService (DatanodeDeletedBlockTransactions.java:addTransactionToDN(50)) - Transaction added: 0475d2c2-d46f-403e-95a5-8ff1a5c32338 <- TX(20)
2021-08-15 14:03:30,773 [SCMBlockDeletingService#0] DEBUG block.SCMBlockDeletingService (DatanodeDeletedBlockTransactions.java:addTransactionToDN(50)) - Transaction added: f89ecde1-abfa-4530-92e2-4a065b7725ea <- TX(21)
2021-08-15 14:03:30,773 [SCMBlockDeletingService#0] DEBUG block.SCMBlockDeletingService (DatanodeDeletedBlockTransactions.java:addTransactionToDN(50)) - Transaction added: 0475d2c2-d46f-403e-95a5-8ff1a5c32338 <- TX(21)
2021-08-15 14:03:30,773 [SCMBlockDeletingService#0] DEBUG block.SCMBlockDeletingService (DatanodeDeletedBlockTransactions.java:addTransactionToDN(50)) - Transaction added: f89ecde1-abfa-4530-92e2-4a065b7725ea <- TX(22)
2021-08-15 14:03:30,773 [SCMBlockDeletingService#0] DEBUG block.SCMBlockDeletingService (DatanodeDeletedBlockTransactions.java:addTransactionToDN(50)) - Transaction added: 0475d2c2-d46f-403e-95a5-8ff1a5c32338 <- TX(22)
2021-08-15 14:03:30,773 [SCMBlockDeletingService#0] DEBUG block.SCMBlockDeletingService (DatanodeDeletedBlockTransactions.java:addTransactionToDN(50)) - Transaction added: f89ecde1-abfa-4530-92e2-4a065b7725ea <- TX(23)
2021-08-15 14:03:30,773 [SCMBlockDeletingService#0] DEBUG block.SCMBlockDeletingService (DatanodeDeletedBlockTransactions.java:addTransactionToDN(50)) - Transaction added: 0475d2c2-d46f-403e-95a5-8ff1a5c32338 <- TX(23)
2021-08-15 14:03:30,773 [SCMBlockDeletingService#0] DEBUG block.SCMBlockDeletingService (DatanodeDeletedBlockTransactions.java:addTransactionToDN(50)) - Transaction added: 0475d2c2-d46f-403e-95a5-8ff1a5c32338 <- TX(24)
2021-08-15 14:03:30,773 [SCMBlockDeletingService#0] DEBUG block.SCMBlockDeletingService (DatanodeDeletedBlockTransactions.java:addTransactionToDN(50)) - Transaction added: f89ecde1-abfa-4530-92e2-4a065b7725ea <- TX(24)
2021-08-15 14:03:30,773 [SCMBlockDeletingService#0] DEBUG block.SCMBlockDeletingService (DatanodeDeletedBlockTransactions.java:addTransactionToDN(50)) - Transaction added: 0475d2c2-d46f-403e-95a5-8ff1a5c32338 <- TX(25)
2021-08-15 14:03:30,773 [SCMBlockDeletingService#0] DEBUG block.SCMBlockDeletingService (DatanodeDeletedBlockTransactions.java:addTransactionToDN(50)) - Transaction added: f89ecde1-abfa-4530-92e2-4a065b7725ea <- TX(25)
2021-08-15 14:03:30,773 [SCMBlockDeletingService#0] DEBUG block.SCMBlockDeletingService (DatanodeDeletedBlockTransactions.java:addTransactionToDN(50)) - Transaction added: 0475d2c2-d46f-403e-95a5-8ff1a5c32338 <- TX(26)
2021-08-15 14:03:30,773 [SCMBlockDeletingService#0] DEBUG block.SCMBlockDeletingService (DatanodeDeletedBlockTransactions.java:addTransactionToDN(50)) - Transaction added: f89ecde1-abfa-4530-92e2-4a065b7725ea <- TX(26)
2021-08-15 14:03:30,773 [SCMBlockDeletingService#0] DEBUG block.SCMBlockDeletingService (DatanodeDeletedBlockTransactions.java:addTransactionToDN(50)) - Transaction added: 0475d2c2-d46f-403e-95a5-8ff1a5c32338 <- TX(27)
2021-08-15 14:03:30,773 [SCMBlockDeletingService#0] DEBUG block.SCMBlockDeletingService (DatanodeDeletedBlockTransactions.java:addTransactionToDN(50)) - Transaction added: c2c40a72-a699-49b1-b721-1997d9d2c71f <- TX(27)
2021-08-15 14:03:30,773 [SCMBlockDeletingService#0] DEBUG block.SCMBlockDeletingService (DatanodeDeletedBlockTransactions.java:addTransactionToDN(50)) - Transaction added: f89ecde1-abfa-4530-92e2-4a065b7725ea <- TX(27)
2021-08-15 14:03:30,773 [SCMBlockDeletingService#0] DEBUG block.SCMBlockDeletingService (DatanodeDeletedBlockTransactions.java:addTransactionToDN(50)) - Transaction added: f89ecde1-abfa-4530-92e2-4a065b7725ea <- TX(28)
2021-08-15 14:03:30,773 [SCMBlockDeletingService#0] DEBUG block.SCMBlockDeletingService (DatanodeDeletedBlockTransactions.java:addTransactionToDN(50)) - Transaction added: c2c40a72-a699-49b1-b721-1997d9d2c71f <- TX(28)
2021-08-15 14:03:30,773 [SCMBlockDeletingService#0] DEBUG block.SCMBlockDeletingService (DatanodeDeletedBlockTransactions.java:addTransactionToDN(50)) - Transaction added: 0475d2c2-d46f-403e-95a5-8ff1a5c32338 <- TX(28)
2021-08-15 14:03:30,773 [SCMBlockDeletingService#0] DEBUG block.SCMBlockDeletingService (DatanodeDeletedBlockTransactions.java:addTransactionToDN(50)) - Transaction added: c2c40a72-a699-49b1-b721-1997d9d2c71f <- TX(29)
2021-08-15 14:03:30,774 [SCMBlockDeletingService#0] DEBUG block.SCMBlockDeletingService (DatanodeDeletedBlockTransactions.java:addTransactionToDN(50)) - Transaction added: f89ecde1-abfa-4530-92e2-4a065b7725ea <- TX(29)
2021-08-15 14:03:30,774 [SCMBlockDeletingService#0] DEBUG block.SCMBlockDeletingService (DatanodeDeletedBlockTransactions.java:addTransactionToDN(50)) - Transaction added: 0475d2c2-d46f-403e-95a5-8ff1a5c32338 <- TX(29)
2021-08-15 14:03:30,774 [SCMBlockDeletingService#0] DEBUG block.SCMBlockDeletingService (DatanodeDeletedBlockTransactions.java:addTransactionToDN(50)) - Transaction added: f89ecde1-abfa-4530-92e2-4a065b7725ea <- TX(30)
2021-08-15 14:03:30,774 [SCMBlockDeletingService#0] DEBUG block.SCMBlockDeletingService (DatanodeDeletedBlockTransactions.java:addTransactionToDN(50)) - Transaction added: 0475d2c2-d46f-403e-95a5-8ff1a5c32338 <- TX(30)
2021-08-15 14:03:30,774 [SCMBlockDeletingService#0] DEBUG block.SCMBlockDeletingService (DatanodeDeletedBlockTransactions.java:addTransactionToDN(50)) - Transaction added: c2c40a72-a699-49b1-b721-1997d9d2c71f <- TX(30)
2021-08-15 14:03:30,774 [SCMBlockDeletingService#0] DEBUG block.SCMBlockDeletingService (DatanodeDeletedBlockTransactions.java:addTransactionToDN(50)) - Transaction added: c2c40a72-a699-49b1-b721-1997d9d2c71f <- TX(31)
2021-08-15 14:03:30,774 [SCMBlockDeletingService#0] DEBUG block.SCMBlockDeletingService (DatanodeDeletedBlockTransactions.java:addTransactionToDN(50)) - Transaction added: f89ecde1-abfa-4530-92e2-4a065b7725ea <- TX(31)
2021-08-15 14:03:30,774 [SCMBlockDeletingService#0] DEBUG block.SCMBlockDeletingService (DatanodeDeletedBlockTransactions.java:addTransactionToDN(50)) - Transaction added: 0475d2c2-d46f-403e-95a5-8ff1a5c32338 <- TX(31)
2021-08-15 14:03:30,774 [SCMBlockDeletingService#0] DEBUG block.SCMBlockDeletingService (DatanodeDeletedBlockTransactions.java:addTransactionToDN(50)) - Transaction added: 0475d2c2-d46f-403e-95a5-8ff1a5c32338 <- TX(32)
2021-08-15 14:03:30,774 [SCMBlockDeletingService#0] DEBUG block.SCMBlockDeletingService (DatanodeDeletedBlockTransactions.java:addTransactionToDN(50)) - Transaction added: f89ecde1-abfa-4530-92e2-4a065b7725ea <- TX(32)
2021-08-15 14:03:30,774 [SCMBlockDeletingService#0] DEBUG block.SCMBlockDeletingService (DatanodeDeletedBlockTransactions.java:addTransactionToDN(50)) - Transaction added: c2c40a72-a699-49b1-b721-1997d9d2c71f <- TX(32)
2021-08-15 14:03:30,774 [SCMBlockDeletingService#0] DEBUG block.SCMBlockDeletingService (DatanodeDeletedBlockTransactions.java:addTransactionToDN(50)) - Transaction added: 0475d2c2-d46f-403e-95a5-8ff1a5c32338 <- TX(33)
2021-08-15 14:03:30,774 [SCMBlockDeletingService#0] DEBUG block.SCMBlockDeletingService (DatanodeDeletedBlockTransactions.java:addTransactionToDN(50)) - Transaction added: c2c40a72-a699-49b1-b721-1997d9d2c71f <- TX(33)
2021-08-15 14:03:30,774 [SCMBlockDeletingService#0] DEBUG block.SCMBlockDeletingService (DatanodeDeletedBlockTransactions.java:addTransactionToDN(50)) - Transaction added: f89ecde1-abfa-4530-92e2-4a065b7725ea <- TX(33)
2021-08-15 14:03:30,774 [SCMBlockDeletingService#0] DEBUG block.SCMBlockDeletingService (DatanodeDeletedBlockTransactions.java:addTransactionToDN(50)) - Transaction added: 0475d2c2-d46f-403e-95a5-8ff1a5c32338 <- TX(34)
2021-08-15 14:03:30,774 [SCMBlockDeletingService#0] DEBUG block.SCMBlockDeletingService (DatanodeDeletedBlockTransactions.java:addTransactionToDN(50)) - Transaction added: c2c40a72-a699-49b1-b721-1997d9d2c71f <- TX(34)
2021-08-15 14:03:30,774 [SCMBlockDeletingService#0] DEBUG block.SCMBlockDeletingService (DatanodeDeletedBlockTransactions.java:addTransactionToDN(50)) - Transaction added: f89ecde1-abfa-4530-92e2-4a065b7725ea <- TX(34)
2021-08-15 14:03:30,774 [SCMBlockDeletingService#0] DEBUG block.SCMBlockDeletingService (DatanodeDeletedBlockTransactions.java:addTransactionToDN(50)) - Transaction added: 0475d2c2-d46f-403e-95a5-8ff1a5c32338 <- TX(35)
2021-08-15 14:03:30,774 [SCMBlockDeletingService#0] DEBUG block.SCMBlockDeletingService (DatanodeDeletedBlockTransactions.java:addTransactionToDN(50)) - Transaction added: c2c40a72-a699-49b1-b721-1997d9d2c71f <- TX(35)
2021-08-15 14:03:30,774 [SCMBlockDeletingService#0] DEBUG block.SCMBlockDeletingService (DatanodeDeletedBlockTransactions.java:addTransactionToDN(50)) - Transaction added: f89ecde1-abfa-4530-92e2-4a065b7725ea <- TX(35)
2021-08-15 14:03:30,774 [SCMBlockDeletingService#0] DEBUG block.SCMBlockDeletingService (DatanodeDeletedBlockTransactions.java:addTransactionToDN(50)) - Transaction added: f89ecde1-abfa-4530-92e2-4a065b7725ea <- TX(36)
2021-08-15 14:03:30,774 [SCMBlockDeletingService#0] DEBUG block.SCMBlockDeletingService (DatanodeDeletedBlockTransactions.java:addTransactionToDN(50)) - Transaction added: c2c40a72-a699-49b1-b721-1997d9d2c71f <- TX(36)
2021-08-15 14:03:30,774 [SCMBlockDeletingService#0] DEBUG block.SCMBlockDeletingService (DatanodeDeletedBlockTransactions.java:addTransactionToDN(50)) - Transaction added: 0475d2c2-d46f-403e-95a5-8ff1a5c32338 <- TX(36)
2021-08-15 14:03:30,774 [SCMBlockDeletingService#0] DEBUG block.SCMBlockDeletingService (DatanodeDeletedBlockTransactions.java:addTransactionToDN(50)) - Transaction added: c2c40a72-a699-49b1-b721-1997d9d2c71f <- TX(37)
2021-08-15 14:03:30,774 [SCMBlockDeletingService#0] DEBUG block.SCMBlockDeletingService (DatanodeDeletedBlockTransactions.java:addTransactionToDN(50)) - Transaction added: f89ecde1-abfa-4530-92e2-4a065b7725ea <- TX(37)
2021-08-15 14:03:30,774 [SCMBlockDeletingService#0] DEBUG block.SCMBlockDeletingService (DatanodeDeletedBlockTransactions.java:addTransactionToDN(50)) - Transaction added: 0475d2c2-d46f-403e-95a5-8ff1a5c32338 <- TX(37)
2021-08-15 14:03:30,774 [SCMBlockDeletingService#0] DEBUG block.SCMBlockDeletingService (DatanodeDeletedBlockTransactions.java:addTransactionToDN(50)) - Transaction added: c2c40a72-a699-49b1-b721-1997d9d2c71f <- TX(38)
2021-08-15 14:03:30,774 [SCMBlockDeletingService#0] DEBUG block.SCMBlockDeletingService (DatanodeDeletedBlockTransactions.java:addTransactionToDN(50)) - Transaction added: f89ecde1-abfa-4530-92e2-4a065b7725ea <- TX(38)
2021-08-15 14:03:30,774 [SCMBlockDeletingService#0] DEBUG block.SCMBlockDeletingService (DatanodeDeletedBlockTransactions.java:addTransactionToDN(50)) - Transaction added: 0475d2c2-d46f-403e-95a5-8ff1a5c32338 <- TX(38)
2021-08-15 14:03:30,774 [SCMBlockDeletingService#0] DEBUG block.SCMBlockDeletingService (DatanodeDeletedBlockTransactions.java:addTransactionToDN(50)) - Transaction added: f89ecde1-abfa-4530-92e2-4a065b7725ea <- TX(39)
2021-08-15 14:03:30,774 [SCMBlockDeletingService#0] DEBUG block.SCMBlockDeletingService (DatanodeDeletedBlockTransactions.java:addTransactionToDN(50)) - Transaction added: 0475d2c2-d46f-403e-95a5-8ff1a5c32338 <- TX(39)
2021-08-15 14:03:30,774 [SCMBlockDeletingService#0] DEBUG block.SCMBlockDeletingService (DatanodeDeletedBlockTransactions.java:addTransactionToDN(50)) - Transaction added: c2c40a72-a699-49b1-b721-1997d9d2c71f <- TX(39)
2021-08-15 14:03:30,774 [SCMBlockDeletingService#0] DEBUG block.SCMBlockDeletingService (DatanodeDeletedBlockTransactions.java:addTransactionToDN(50)) - Transaction added: 0475d2c2-d46f-403e-95a5-8ff1a5c32338 <- TX(40)
2021-08-15 14:03:30,774 [SCMBlockDeletingService#0] DEBUG block.SCMBlockDeletingService (DatanodeDeletedBlockTransactions.java:addTransactionToDN(50)) - Transaction added: f89ecde1-abfa-4530-92e2-4a065b7725ea <- TX(40)
2021-08-15 14:03:30,774 [SCMBlockDeletingService#0] DEBUG block.SCMBlockDeletingService (DatanodeDeletedBlockTransactions.java:addTransactionToDN(50)) - Transaction added: c2c40a72-a699-49b1-b721-1997d9d2c71f <- TX(40)
2021-08-15 14:03:30,774 [SCMBlockDeletingService#0] DEBUG block.SCMBlockDeletingService (DatanodeDeletedBlockTransactions.java:addTransactionToDN(50)) - Transaction added: 0475d2c2-d46f-403e-95a5-8ff1a5c32338 <- TX(41)
2021-08-15 14:03:30,774 [SCMBlockDeletingService#0] DEBUG block.SCMBlockDeletingService (DatanodeDeletedBlockTransactions.java:addTransactionToDN(50)) - Transaction added: c2c40a72-a699-49b1-b721-1997d9d2c71f <- TX(41)
2021-08-15 14:03:30,774 [SCMBlockDeletingService#0] DEBUG block.SCMBlockDeletingService (DatanodeDeletedBlockTransactions.java:addTransactionToDN(50)) - Transaction added: f89ecde1-abfa-4530-92e2-4a065b7725ea <- TX(41)
2021-08-15 14:03:30,775 [SCMBlockDeletingService#0] DEBUG block.SCMBlockDeletingService (DatanodeDeletedBlockTransactions.java:addTransactionToDN(50)) - Transaction added: 0475d2c2-d46f-403e-95a5-8ff1a5c32338 <- TX(42)
2021-08-15 14:03:30,775 [SCMBlockDeletingService#0] DEBUG block.SCMBlockDeletingService (DatanodeDeletedBlockTransactions.java:addTransactionToDN(50)) - Transaction added: c2c40a72-a699-49b1-b721-1997d9d2c71f <- TX(42)
2021-08-15 14:03:30,775 [SCMBlockDeletingService#0] DEBUG block.SCMBlockDeletingService (DatanodeDeletedBlockTransactions.java:addTransactionToDN(50)) - Transaction added: f89ecde1-abfa-4530-92e2-4a065b7725ea <- TX(42)
2021-08-15 14:03:30,775 [SCMBlockDeletingService#0] DEBUG block.SCMBlockDeletingService (DatanodeDeletedBlockTransactions.java:addTransactionToDN(50)) - Transaction added: 0475d2c2-d46f-403e-95a5-8ff1a5c32338 <- TX(43)
2021-08-15 14:03:30,775 [SCMBlockDeletingService#0] DEBUG block.SCMBlockDeletingService (DatanodeDeletedBlockTransactions.java:addTransactionToDN(50)) - Transaction added: c2c40a72-a699-49b1-b721-1997d9d2c71f <- TX(43)
2021-08-15 14:03:30,775 [SCMBlockDeletingService#0] DEBUG block.SCMBlockDeletingService (DatanodeDeletedBlockTransactions.java:addTransactionToDN(50)) - Transaction added: f89ecde1-abfa-4530-92e2-4a065b7725ea <- TX(43)
2021-08-15 14:03:30,775 [SCMBlockDeletingService#0] DEBUG block.SCMBlockDeletingService (DatanodeDeletedBlockTransactions.java:addTransactionToDN(50)) - Transaction added: f89ecde1-abfa-4530-92e2-4a065b7725ea <- TX(44)
2021-08-15 14:03:30,775 [SCMBlockDeletingService#0] DEBUG block.SCMBlockDeletingService (DatanodeDeletedBlockTransactions.java:addTransactionToDN(50)) - Transaction added: c2c40a72-a699-49b1-b721-1997d9d2c71f <- TX(44)
2021-08-15 14:03:30,775 [SCMBlockDeletingService#0] DEBUG block.SCMBlockDeletingService (DatanodeDeletedBlockTransactions.java:addTransactionToDN(50)) - Transaction added: 0475d2c2-d46f-403e-95a5-8ff1a5c32338 <- TX(44)
2021-08-15 14:03:30,775 [SCMBlockDeletingService#0] DEBUG block.SCMBlockDeletingService (DatanodeDeletedBlockTransactions.java:addTransactionToDN(50)) - Transaction added: c2c40a72-a699-49b1-b721-1997d9d2c71f <- TX(45)
2021-08-15 14:03:30,775 [SCMBlockDeletingService#0] DEBUG block.SCMBlockDeletingService (DatanodeDeletedBlockTransactions.java:addTransactionToDN(50)) - Transaction added: f89ecde1-abfa-4530-92e2-4a065b7725ea <- TX(45)
2021-08-15 14:03:30,775 [SCMBlockDeletingService#0] DEBUG block.SCMBlockDeletingService (DatanodeDeletedBlockTransactions.java:addTransactionToDN(50)) - Transaction added: 0475d2c2-d46f-403e-95a5-8ff1a5c32338 <- TX(45)
2021-08-15 14:03:30,775 [SCMBlockDeletingService#0] DEBUG block.SCMBlockDeletingService (DatanodeDeletedBlockTransactions.java:addTransactionToDN(50)) - Transaction added: f89ecde1-abfa-4530-92e2-4a065b7725ea <- TX(46)
2021-08-15 14:03:30,775 [SCMBlockDeletingService#0] DEBUG block.SCMBlockDeletingService (DatanodeDeletedBlockTransactions.java:addTransactionToDN(50)) - Transaction added: 0475d2c2-d46f-403e-95a5-8ff1a5c32338 <- TX(46)
2021-08-15 14:03:30,775 [SCMBlockDeletingService#0] DEBUG block.SCMBlockDeletingService (DatanodeDeletedBlockTransactions.java:addTransactionToDN(50)) - Transaction added: c2c40a72-a699-49b1-b721-1997d9d2c71f <- TX(46)
2021-08-15 14:03:30,775 [SCMBlockDeletingService#0] DEBUG block.SCMBlockDeletingService (DatanodeDeletedBlockTransactions.java:addTransactionToDN(50)) - Transaction added: c2c40a72-a699-49b1-b721-1997d9d2c71f <- TX(47)
2021-08-15 14:03:30,775 [SCMBlockDeletingService#0] DEBUG block.SCMBlockDeletingService (DatanodeDeletedBlockTransactions.java:addTransactionToDN(50)) - Transaction added: f89ecde1-abfa-4530-92e2-4a065b7725ea <- TX(47)
2021-08-15 14:03:30,775 [SCMBlockDeletingService#0] DEBUG block.SCMBlockDeletingService (DatanodeDeletedBlockTransactions.java:addTransactionToDN(50)) - Transaction added: 0475d2c2-d46f-403e-95a5-8ff1a5c32338 <- TX(47)
2021-08-15 14:03:30,775 [SCMBlockDeletingService#0] DEBUG block.SCMBlockDeletingService (DatanodeDeletedBlockTransactions.java:addTransactionToDN(50)) - Transaction added: 0475d2c2-d46f-403e-95a5-8ff1a5c32338 <- TX(48)
2021-08-15 14:03:30,775 [SCMBlockDeletingService#0] DEBUG block.SCMBlockDeletingService (DatanodeDeletedBlockTransactions.java:addTransactionToDN(50)) - Transaction added: f89ecde1-abfa-4530-92e2-4a065b7725ea <- TX(48)
2021-08-15 14:03:30,775 [SCMBlockDeletingService#0] DEBUG block.SCMBlockDeletingService (DatanodeDeletedBlockTransactions.java:addTransactionToDN(50)) - Transaction added: c2c40a72-a699-49b1-b721-1997d9d2c71f <- TX(48)
2021-08-15 14:03:30,775 [SCMBlockDeletingService#0] DEBUG block.SCMBlockDeletingService (DatanodeDeletedBlockTransactions.java:addTransactionToDN(50)) - Transaction added: 0475d2c2-d46f-403e-95a5-8ff1a5c32338 <- TX(49)
2021-08-15 14:03:30,775 [SCMBlockDeletingService#0] DEBUG block.SCMBlockDeletingService (DatanodeDeletedBlockTransactions.java:addTransactionToDN(50)) - Transaction added: c2c40a72-a699-49b1-b721-1997d9d2c71f <- TX(49)
2021-08-15 14:03:30,775 [SCMBlockDeletingService#0] DEBUG block.SCMBlockDeletingService (DatanodeDeletedBlockTransactions.java:addTransactionToDN(50)) - Transaction added: f89ecde1-abfa-4530-92e2-4a065b7725ea <- TX(49)
2021-08-15 14:03:30,775 [SCMBlockDeletingService#0] DEBUG block.SCMBlockDeletingService (DatanodeDeletedBlockTransactions.java:addTransactionToDN(50)) - Transaction added: 0475d2c2-d46f-403e-95a5-8ff1a5c32338 <- TX(50)
2021-08-15 14:03:30,775 [SCMBlockDeletingService#0] DEBUG block.SCMBlockDeletingService (DatanodeDeletedBlockTransactions.java:addTransactionToDN(50)) - Transaction added: c2c40a72-a699-49b1-b721-1997d9d2c71f <- TX(50)
2021-08-15 14:03:30,775 [SCMBlockDeletingService#0] DEBUG block.SCMBlockDeletingService (DatanodeDeletedBlockTransactions.java:addTransactionToDN(50)) - Transaction added: f89ecde1-abfa-4530-92e2-4a065b7725ea <- TX(50)
2021-08-15 14:03:30,775 [SCMBlockDeletingService#0] DEBUG block.SCMBlockDeletingService (DatanodeDeletedBlockTransactions.java:addTransactionToDN(50)) - Transaction added: 0475d2c2-d46f-403e-95a5-8ff1a5c32338 <- TX(51)
2021-08-15 14:03:30,775 [SCMBlockDeletingService#0] DEBUG block.SCMBlockDeletingService (DatanodeDeletedBlockTransactions.java:addTransactionToDN(50)) - Transaction added: c2c40a72-a699-49b1-b721-1997d9d2c71f <- TX(51)
2021-08-15 14:03:30,775 [SCMBlockDeletingService#0] DEBUG block.SCMBlockDeletingService (DatanodeDeletedBlockTransactions.java:addTransactionToDN(50)) - Transaction added: f89ecde1-abfa-4530-92e2-4a065b7725ea <- TX(51)
2021-08-15 14:03:30,775 [SCMBlockDeletingService#0] DEBUG block.SCMBlockDeletingService (DatanodeDeletedBlockTransactions.java:addTransactionToDN(50)) - Transaction added: f89ecde1-abfa-4530-92e2-4a065b7725ea <- TX(52)
2021-08-15 14:03:30,775 [SCMBlockDeletingService#0] DEBUG block.SCMBlockDeletingService (DatanodeDeletedBlockTransactions.java:addTransactionToDN(50)) - Transaction added: c2c40a72-a699-49b1-b721-1997d9d2c71f <- TX(52)
2021-08-15 14:03:30,775 [SCMBlockDeletingService#0] DEBUG block.SCMBlockDeletingService (DatanodeDeletedBlockTransactions.java:addTransactionToDN(50)) - Transaction added: 0475d2c2-d46f-403e-95a5-8ff1a5c32338 <- TX(52)
2021-08-15 14:03:30,775 [SCMBlockDeletingService#0] DEBUG block.SCMBlockDeletingService (DatanodeDeletedBlockTransactions.java:addTransactionToDN(50)) - Transaction added: c2c40a72-a699-49b1-b721-1997d9d2c71f <- TX(53)
2021-08-15 14:03:30,775 [SCMBlockDeletingService#0] DEBUG block.SCMBlockDeletingService (DatanodeDeletedBlockTransactions.java:addTransactionToDN(50)) - Transaction added: f89ecde1-abfa-4530-92e2-4a065b7725ea <- TX(53)
2021-08-15 14:03:30,775 [SCMBlockDeletingService#0] DEBUG block.SCMBlockDeletingService (DatanodeDeletedBlockTransactions.java:addTransactionToDN(50)) - Transaction added: 0475d2c2-d46f-403e-95a5-8ff1a5c32338 <- TX(53)
2021-08-15 14:03:30,775 [SCMBlockDeletingService#0] DEBUG block.SCMBlockDeletingService (DatanodeDeletedBlockTransactions.java:addTransactionToDN(50)) - Transaction added: c2c40a72-a699-49b1-b721-1997d9d2c71f <- TX(54)
2021-08-15 14:03:30,775 [SCMBlockDeletingService#0] DEBUG block.SCMBlockDeletingService (DatanodeDeletedBlockTransactions.java:addTransactionToDN(50)) - Transaction added: f89ecde1-abfa-4530-92e2-4a065b7725ea <- TX(54)
2021-08-15 14:03:30,775 [SCMBlockDeletingService#0] DEBUG block.SCMBlockDeletingService (DatanodeDeletedBlockTransactions.java:addTransactionToDN(50)) - Transaction added: 0475d2c2-d46f-403e-95a5-8ff1a5c32338 <- TX(54)
2021-08-15 14:03:30,776 [SCMBlockDeletingService#0] DEBUG block.SCMBlockDeletingService (DatanodeDeletedBlockTransactions.java:addTransactionToDN(50)) - Transaction added: f89ecde1-abfa-4530-92e2-4a065b7725ea <- TX(55)
2021-08-15 14:03:30,776 [SCMBlockDeletingService#0] DEBUG block.SCMBlockDeletingService (DatanodeDeletedBlockTransactions.java:addTransactionToDN(50)) - Transaction added: 0475d2c2-d46f-403e-95a5-8ff1a5c32338 <- TX(55)
2021-08-15 14:03:30,776 [SCMBlockDeletingService#0] DEBUG block.SCMBlockDeletingService (DatanodeDeletedBlockTransactions.java:addTransactionToDN(50)) - Transaction added: c2c40a72-a699-49b1-b721-1997d9d2c71f <- TX(55)
2021-08-15 14:03:30,776 [SCMBlockDeletingService#0] DEBUG block.SCMBlockDeletingService (DatanodeDeletedBlockTransactions.java:addTransactionToDN(50)) - Transaction added: 0475d2c2-d46f-403e-95a5-8ff1a5c32338 <- TX(56)
2021-08-15 14:03:30,776 [SCMBlockDeletingService#0] DEBUG block.SCMBlockDeletingService (DatanodeDeletedBlockTransactions.java:addTransactionToDN(50)) - Transaction added: f89ecde1-abfa-4530-92e2-4a065b7725ea <- TX(56)
2021-08-15 14:03:30,776 [SCMBlockDeletingService#0] DEBUG block.SCMBlockDeletingService (DatanodeDeletedBlockTransactions.java:addTransactionToDN(50)) - Transaction added: c2c40a72-a699-49b1-b721-1997d9d2c71f <- TX(56)
2021-08-15 14:03:30,779 [SCMBlockDeletingService#0] DEBUG block.SCMBlockDeletingService (SCMBlockDeletingService.java:call(164)) - Added delete block command for datanode c2c40a72-a699-49b1-b721-1997d9d2c71f in the queue, number of delete block transactions: 30
2021-08-15 14:03:30,779 [SCMBlockDeletingService#0] DEBUG block.SCMBlockDeletingService (SCMBlockDeletingService.java:call(164)) - Added delete block command for datanode 0475d2c2-d46f-403e-95a5-8ff1a5c32338 in the queue, number of delete block transactions: 56
2021-08-15 14:03:30,779 [SCMBlockDeletingService#0] DEBUG block.SCMBlockDeletingService (SCMBlockDeletingService.java:call(164)) - Added delete block command for datanode f89ecde1-abfa-4530-92e2-4a065b7725ea in the queue, number of delete block transactions: 40
2021-08-15 14:03:30,779 [SCMBlockDeletingService#0] INFO  block.SCMBlockDeletingService (SCMBlockDeletingService.java:call(174)) - Totally added 126 blocks to be deleted for 3 datanodes, task elapsed time: 7ms
2021-08-15 14:03:30,872 [SCMBlockDeletingService#0] DEBUG block.SCMBlockDeletingService (SCMBlockDeletingService.java:call(133)) - Running DeletedBlockTransactionScanner
2021-08-15 14:03:30,872 [SCMBlockDeletingService#0] DEBUG block.SCMBlockDeletingService (DatanodeDeletedBlockTransactions.java:addTransactionToDN(50)) - Transaction added: 0475d2c2-d46f-403e-95a5-8ff1a5c32338 <- TX(1)
2021-08-15 14:03:30,873 [SCMBlockDeletingService#0] DEBUG block.SCMBlockDeletingService (DatanodeDeletedBlockTransactions.java:addTransactionToDN(50)) - Transaction added: 0475d2c2-d46f-403e-95a5-8ff1a5c32338 <- TX(2)
2021-08-15 14:03:30,873 [SCMBlockDeletingService#0] DEBUG block.SCMBlockDeletingService (DatanodeDeletedBlockTransactions.java:addTransactionToDN(50)) - Transaction added: 0475d2c2-d46f-403e-95a5-8ff1a5c32338 <- TX(3)
2021-08-15 14:03:30,873 [SCMBlockDeletingService#0] DEBUG block.SCMBlockDeletingService (DatanodeDeletedBlockTransactions.java:addTransactionToDN(50)) - Transaction added: 0475d2c2-d46f-403e-95a5-8ff1a5c32338 <- TX(4)
2021-08-15 14:03:30,873 [SCMBlockDeletingService#0] DEBUG block.SCMBlockDeletingService (DatanodeDeletedBlockTransactions.java:addTransactionToDN(50)) - Transaction added: 0475d2c2-d46f-403e-95a5-8ff1a5c32338 <- TX(5)
2021-08-15 14:03:30,873 [SCMBlockDeletingService#0] DEBUG block.SCMBlockDeletingService (DatanodeDeletedBlockTransactions.java:addTransactionToDN(50)) - Transaction added: 0475d2c2-d46f-403e-95a5-8ff1a5c32338 <- TX(6)
2021-08-15 14:03:30,873 [SCMBlockDeletingService#0] DEBUG block.SCMBlockDeletingService (DatanodeDeletedBlockTransactions.java:addTransactionToDN(50)) - Transaction added: 0475d2c2-d46f-403e-95a5-8ff1a5c32338 <- TX(7)
2021-08-15 14:03:30,873 [SCMBlockDeletingService#0] DEBUG block.SCMBlockDeletingService (DatanodeDeletedBlockTransactions.java:addTransactionToDN(50)) - Transaction added: 0475d2c2-d46f-403e-95a5-8ff1a5c32338 <- TX(8)
2021-08-15 14:03:30,873 [SCMBlockDeletingService#0] DEBUG block.SCMBlockDeletingService (DatanodeDeletedBlockTransactions.java:addTransactionToDN(50)) - Transaction added: 0475d2c2-d46f-403e-95a5-8ff1a5c32338 <- TX(9)
2021-08-15 14:03:30,873 [SCMBlockDeletingService#0] DEBUG block.SCMBlockDeletingService (DatanodeDeletedBlockTransactions.java:addTransactionToDN(50)) - Transaction added: 0475d2c2-d46f-403e-95a5-8ff1a5c32338 <- TX(10)
2021-08-15 14:03:30,873 [SCMBlockDeletingService#0] DEBUG block.SCMBlockDeletingService (DatanodeDeletedBlockTransactions.java:addTransactionToDN(50)) - Transaction added: 0475d2c2-d46f-403e-95a5-8ff1a5c32338 <- TX(11)
2021-08-15 14:03:30,873 [SCMBlockDeletingService#0] DEBUG block.SCMBlockDeletingService (DatanodeDeletedBlockTransactions.java:addTransactionToDN(50)) - Transaction added: 0475d2c2-d46f-403e-95a5-8ff1a5c32338 <- TX(12)
2021-08-15 14:03:30,873 [SCMBlockDeletingService#0] DEBUG block.SCMBlockDeletingService (DatanodeDeletedBlockTransactions.java:addTransactionToDN(50)) - Transaction added: 0475d2c2-d46f-403e-95a5-8ff1a5c32338 <- TX(13)
2021-08-15 14:03:30,873 [SCMBlockDeletingService#0] DEBUG block.SCMBlockDeletingService (DatanodeDeletedBlockTransactions.java:addTransactionToDN(50)) - Transaction added: 0475d2c2-d46f-403e-95a5-8ff1a5c32338 <- TX(14)
2021-08-15 14:03:30,873 [SCMBlockDeletingService#0] DEBUG block.SCMBlockDeletingService (DatanodeDeletedBlockTransactions.java:addTransactionToDN(50)) - Transaction added: 0475d2c2-d46f-403e-95a5-8ff1a5c32338 <- TX(15)
2021-08-15 14:03:30,873 [SCMBlockDeletingService#0] DEBUG block.SCMBlockDeletingService (DatanodeDeletedBlockTransactions.java:addTransactionToDN(50)) - Transaction added: 0475d2c2-d46f-403e-95a5-8ff1a5c32338 <- TX(16)
2021-08-15 14:03:30,873 [SCMBlockDeletingService#0] DEBUG block.SCMBlockDeletingService (DatanodeDeletedBlockTransactions.java:addTransactionToDN(50)) - Transaction added: 0475d2c2-d46f-403e-95a5-8ff1a5c32338 <- TX(17)
2021-08-15 14:03:30,873 [SCMBlockDeletingService#0] DEBUG block.SCMBlockDeletingService (DatanodeDeletedBlockTransactions.java:addTransactionToDN(50)) - Transaction added: f89ecde1-abfa-4530-92e2-4a065b7725ea <- TX(17)
2021-08-15 14:03:30,873 [SCMBlockDeletingService#0] DEBUG block.SCMBlockDeletingService (DatanodeDeletedBlockTransactions.java:addTransactionToDN(50)) - Transaction added: 0475d2c2-d46f-403e-95a5-8ff1a5c32338 <- TX(18)
2021-08-15 14:03:30,873 [SCMBlockDeletingService#0] DEBUG block.SCMBlockDeletingService (DatanodeDeletedBlockTransactions.java:addTransactionToDN(50)) - Transaction added: f89ecde1-abfa-4530-92e2-4a065b7725ea <- TX(18)
2021-08-15 14:03:30,873 [SCMBlockDeletingService#0] DEBUG block.SCMBlockDeletingService (DatanodeDeletedBlockTransactions.java:addTransactionToDN(50)) - Transaction added: 0475d2c2-d46f-403e-95a5-8ff1a5c32338 <- TX(19)
2021-08-15 14:03:30,873 [SCMBlockDeletingService#0] DEBUG block.SCMBlockDeletingService (DatanodeDeletedBlockTransactions.java:addTransactionToDN(50)) - Transaction added: f89ecde1-abfa-4530-92e2-4a065b7725ea <- TX(19)
2021-08-15 14:03:30,873 [SCMBlockDeletingService#0] DEBUG block.SCMBlockDeletingService (DatanodeDeletedBlockTransactions.java:addTransactionToDN(50)) - Transaction added: f89ecde1-abfa-4530-92e2-4a065b7725ea <- TX(20)
2021-08-15 14:03:30,873 [SCMBlockDeletingService#0] DEBUG block.SCMBlockDeletingService (DatanodeDeletedBlockTransactions.java:addTransactionToDN(50)) - Transaction added: 0475d2c2-d46f-403e-95a5-8ff1a5c32338 <- TX(20)
2021-08-15 14:03:30,873 [SCMBlockDeletingService#0] DEBUG block.SCMBlockDeletingService (DatanodeDeletedBlockTransactions.java:addTransactionToDN(50)) - Transaction added: f89ecde1-abfa-4530-92e2-4a065b7725ea <- TX(21)
2021-08-15 14:03:30,873 [SCMBlockDeletingService#0] DEBUG block.SCMBlockDeletingService (DatanodeDeletedBlockTransactions.java:addTransactionToDN(50)) - Transaction added: 0475d2c2-d46f-403e-95a5-8ff1a5c32338 <- TX(21)
2021-08-15 14:03:30,873 [SCMBlockDeletingService#0] DEBUG block.SCMBlockDeletingService (DatanodeDeletedBlockTransactions.java:addTransactionToDN(50)) - Transaction added: f89ecde1-abfa-4530-92e2-4a065b7725ea <- TX(22)
2021-08-15 14:03:30,873 [SCMBlockDeletingService#0] DEBUG block.SCMBlockDeletingService (DatanodeDeletedBlockTransactions.java:addTransactionToDN(50)) - Transaction added: 0475d2c2-d46f-403e-95a5-8ff1a5c32338 <- TX(22)
2021-08-15 14:03:30,873 [SCMBlockDeletingService#0] DEBUG block.SCMBlockDeletingService (DatanodeDeletedBlockTransactions.java:addTransactionToDN(50)) - Transaction added: f89ecde1-abfa-4530-92e2-4a065b7725ea <- TX(23)
2021-08-15 14:03:30,873 [SCMBlockDeletingService#0] DEBUG block.SCMBlockDeletingService (DatanodeDeletedBlockTransactions.java:addTransactionToDN(50)) - Transaction added: 0475d2c2-d46f-403e-95a5-8ff1a5c32338 <- TX(23)
2021-08-15 14:03:30,873 [SCMBlockDeletingService#0] DEBUG block.SCMBlockDeletingService (DatanodeDeletedBlockTransactions.java:addTransactionToDN(50)) - Transaction added: 0475d2c2-d46f-403e-95a5-8ff1a5c32338 <- TX(24)
2021-08-15 14:03:30,873 [SCMBlockDeletingService#0] DEBUG block.SCMBlockDeletingService (DatanodeDeletedBlockTransactions.java:addTransactionToDN(50)) - Transaction added: f89ecde1-abfa-4530-92e2-4a065b7725ea <- TX(24)
2021-08-15 14:03:30,873 [SCMBlockDeletingService#0] DEBUG block.SCMBlockDeletingService (DatanodeDeletedBlockTransactions.java:addTransactionToDN(50)) - Transaction added: 0475d2c2-d46f-403e-95a5-8ff1a5c32338 <- TX(25)
2021-08-15 14:03:30,873 [SCMBlockDeletingService#0] DEBUG block.SCMBlockDeletingService (DatanodeDeletedBlockTransactions.java:addTransactionToDN(50)) - Transaction added: f89ecde1-abfa-4530-92e2-4a065b7725ea <- TX(25)
2021-08-15 14:03:30,873 [SCMBlockDeletingService#0] DEBUG block.SCMBlockDeletingService (DatanodeDeletedBlockTransactions.java:addTransactionToDN(50)) - Transaction added: 0475d2c2-d46f-403e-95a5-8ff1a5c32338 <- TX(26)
2021-08-15 14:03:30,873 [SCMBlockDeletingService#0] DEBUG block.SCMBlockDeletingService (DatanodeDeletedBlockTransactions.java:addTransactionToDN(50)) - Transaction added: f89ecde1-abfa-4530-92e2-4a065b7725ea <- TX(26)
2021-08-15 14:03:30,873 [SCMBlockDeletingService#0] DEBUG block.SCMBlockDeletingService (DatanodeDeletedBlockTransactions.java:addTransactionToDN(50)) - Transaction added: 0475d2c2-d46f-403e-95a5-8ff1a5c32338 <- TX(27)
2021-08-15 14:03:30,873 [SCMBlockDeletingService#0] DEBUG block.SCMBlockDeletingService (DatanodeDeletedBlockTransactions.java:addTransactionToDN(50)) - Transaction added: c2c40a72-a699-49b1-b721-1997d9d2c71f <- TX(27)
2021-08-15 14:03:30,873 [SCMBlockDeletingService#0] DEBUG block.SCMBlockDeletingService (DatanodeDeletedBlockTransactions.java:addTransactionToDN(50)) - Transaction added: f89ecde1-abfa-4530-92e2-4a065b7725ea <- TX(27)
2021-08-15 14:03:30,874 [SCMBlockDeletingService#0] DEBUG block.SCMBlockDeletingService (DatanodeDeletedBlockTransactions.java:addTransactionToDN(50)) - Transaction added: f89ecde1-abfa-4530-92e2-4a065b7725ea <- TX(28)
2021-08-15 14:03:30,874 [SCMBlockDeletingService#0] DEBUG block.SCMBlockDeletingService (DatanodeDeletedBlockTransactions.java:addTransactionToDN(50)) - Transaction added: c2c40a72-a699-49b1-b721-1997d9d2c71f <- TX(28)
2021-08-15 14:03:30,874 [SCMBlockDeletingService#0] DEBUG block.SCMBlockDeletingService (DatanodeDeletedBlockTransactions.java:addTransactionToDN(50)) - Transaction added: 0475d2c2-d46f-403e-95a5-8ff1a5c32338 <- TX(28)
2021-08-15 14:03:30,874 [SCMBlockDeletingService#0] DEBUG block.SCMBlockDeletingService (DatanodeDeletedBlockTransactions.java:addTransactionToDN(50)) - Transaction added: c2c40a72-a699-49b1-b721-1997d9d2c71f <- TX(29)
2021-08-15 14:03:30,874 [SCMBlockDeletingService#0] DEBUG block.SCMBlockDeletingService (DatanodeDeletedBlockTransactions.java:addTransactionToDN(50)) - Transaction added: f89ecde1-abfa-4530-92e2-4a065b7725ea <- TX(29)
2021-08-15 14:03:30,874 [SCMBlockDeletingService#0] DEBUG block.SCMBlockDeletingService (DatanodeDeletedBlockTransactions.java:addTransactionToDN(50)) - Transaction added: 0475d2c2-d46f-403e-95a5-8ff1a5c32338 <- TX(29)
2021-08-15 14:03:30,874 [SCMBlockDeletingService#0] DEBUG block.SCMBlockDeletingService (DatanodeDeletedBlockTransactions.java:addTransactionToDN(50)) - Transaction added: f89ecde1-abfa-4530-92e2-4a065b7725ea <- TX(30)
2021-08-15 14:03:30,874 [SCMBlockDeletingService#0] DEBUG block.SCMBlockDeletingService (DatanodeDeletedBlockTransactions.java:addTransactionToDN(50)) - Transaction added: 0475d2c2-d46f-403e-95a5-8ff1a5c32338 <- TX(30)
2021-08-15 14:03:30,874 [SCMBlockDeletingService#0] DEBUG block.SCMBlockDeletingService (DatanodeDeletedBlockTransactions.java:addTransactionToDN(50)) - Transaction added: c2c40a72-a699-49b1-b721-1997d9d2c71f <- TX(30)
2021-08-15 14:03:30,874 [SCMBlockDeletingService#0] DEBUG block.SCMBlockDeletingService (DatanodeDeletedBlockTransactions.java:addTransactionToDN(50)) - Transaction added: c2c40a72-a699-49b1-b721-1997d9d2c71f <- TX(31)
2021-08-15 14:03:30,874 [SCMBlockDeletingService#0] DEBUG block.SCMBlockDeletingService (DatanodeDeletedBlockTransactions.java:addTransactionToDN(50)) - Transaction added: f89ecde1-abfa-4530-92e2-4a065b7725ea <- TX(31)
2021-08-15 14:03:30,874 [SCMBlockDeletingService#0] DEBUG block.SCMBlockDeletingService (DatanodeDeletedBlockTransactions.java:addTransactionToDN(50)) - Transaction added: 0475d2c2-d46f-403e-95a5-8ff1a5c32338 <- TX(31)
2021-08-15 14:03:30,874 [SCMBlockDeletingService#0] DEBUG block.SCMBlockDeletingService (DatanodeDeletedBlockTransactions.java:addTransactionToDN(50)) - Transaction added: 0475d2c2-d46f-403e-95a5-8ff1a5c32338 <- TX(32)
2021-08-15 14:03:30,874 [SCMBlockDeletingService#0] DEBUG block.SCMBlockDeletingService (DatanodeDeletedBlockTransactions.java:addTransactionToDN(50)) - Transaction added: f89ecde1-abfa-4530-92e2-4a065b7725ea <- TX(32)
2021-08-15 14:03:30,874 [SCMBlockDeletingService#0] DEBUG block.SCMBlockDeletingService (DatanodeDeletedBlockTransactions.java:addTransactionToDN(50)) - Transaction added: c2c40a72-a699-49b1-b721-1997d9d2c71f <- TX(32)
2021-08-15 14:03:30,874 [SCMBlockDeletingService#0] DEBUG block.SCMBlockDeletingService (DatanodeDeletedBlockTransactions.java:addTransactionToDN(50)) - Transaction added: 0475d2c2-d46f-403e-95a5-8ff1a5c32338 <- TX(33)
2021-08-15 14:03:30,874 [SCMBlockDeletingService#0] DEBUG block.SCMBlockDeletingService (DatanodeDeletedBlockTransactions.java:addTransactionToDN(50)) - Transaction added: c2c40a72-a699-49b1-b721-1997d9d2c71f <- TX(33)
2021-08-15 14:03:30,874 [SCMBlockDeletingService#0] DEBUG block.SCMBlockDeletingService (DatanodeDeletedBlockTransactions.java:addTransactionToDN(50)) - Transaction added: f89ecde1-abfa-4530-92e2-4a065b7725ea <- TX(33)
2021-08-15 14:03:30,874 [SCMBlockDeletingService#0] DEBUG block.SCMBlockDeletingService (DatanodeDeletedBlockTransactions.java:addTransactionToDN(50)) - Transaction added: 0475d2c2-d46f-403e-95a5-8ff1a5c32338 <- TX(34)
2021-08-15 14:03:30,874 [SCMBlockDeletingService#0] DEBUG block.SCMBlockDeletingService (DatanodeDeletedBlockTransactions.java:addTransactionToDN(50)) - Transaction added: c2c40a72-a699-49b1-b721-1997d9d2c71f <- TX(34)
2021-08-15 14:03:30,874 [SCMBlockDeletingService#0] DEBUG block.SCMBlockDeletingService (DatanodeDeletedBlockTransactions.java:addTransactionToDN(50)) - Transaction added: f89ecde1-abfa-4530-92e2-4a065b7725ea <- TX(34)
2021-08-15 14:03:30,874 [SCMBlockDeletingService#0] DEBUG block.SCMBlockDeletingService (DatanodeDeletedBlockTransactions.java:addTransactionToDN(50)) - Transaction added: 0475d2c2-d46f-403e-95a5-8ff1a5c32338 <- TX(35)
2021-08-15 14:03:30,874 [SCMBlockDeletingService#0] DEBUG block.SCMBlockDeletingService (DatanodeDeletedBlockTransactions.java:addTransactionToDN(50)) - Transaction added: c2c40a72-a699-49b1-b721-1997d9d2c71f <- TX(35)
2021-08-15 14:03:30,874 [SCMBlockDeletingService#0] DEBUG block.SCMBlockDeletingService (DatanodeDeletedBlockTransactions.java:addTransactionToDN(50)) - Transaction added: f89ecde1-abfa-4530-92e2-4a065b7725ea <- TX(35)
2021-08-15 14:03:30,874 [SCMBlockDeletingService#0] DEBUG block.SCMBlockDeletingService (DatanodeDeletedBlockTransactions.java:addTransactionToDN(50)) - Transaction added: f89ecde1-abfa-4530-92e2-4a065b7725ea <- TX(36)
2021-08-15 14:03:30,874 [SCMBlockDeletingService#0] DEBUG block.SCMBlockDeletingService (DatanodeDeletedBlockTransactions.java:addTransactionToDN(50)) - Transaction added: c2c40a72-a699-49b1-b721-1997d9d2c71f <- TX(36)
2021-08-15 14:03:30,874 [SCMBlockDeletingService#0] DEBUG block.SCMBlockDeletingService (DatanodeDeletedBlockTransactions.java:addTransactionToDN(50)) - Transaction added: 0475d2c2-d46f-403e-95a5-8ff1a5c32338 <- TX(36)
2021-08-15 14:03:30,874 [SCMBlockDeletingService#0] DEBUG block.SCMBlockDeletingService (DatanodeDeletedBlockTransactions.java:addTransactionToDN(50)) - Transaction added: c2c40a72-a699-49b1-b721-1997d9d2c71f <- TX(37)
2021-08-15 14:03:30,874 [SCMBlockDeletingService#0] DEBUG block.SCMBlockDeletingService (DatanodeDeletedBlockTransactions.java:addTransactionToDN(50)) - Transaction added: f89ecde1-abfa-4530-92e2-4a065b7725ea <- TX(37)
2021-08-15 14:03:30,874 [SCMBlockDeletingService#0] DEBUG block.SCMBlockDeletingService (DatanodeDeletedBlockTransactions.java:addTransactionToDN(50)) - Transaction added: 0475d2c2-d46f-403e-95a5-8ff1a5c32338 <- TX(37)
2021-08-15 14:03:30,874 [SCMBlockDeletingService#0] DEBUG block.SCMBlockDeletingService (DatanodeDeletedBlockTransactions.java:addTransactionToDN(50)) - Transaction added: c2c40a72-a699-49b1-b721-1997d9d2c71f <- TX(38)
2021-08-15 14:03:30,874 [SCMBlockDeletingService#0] DEBUG block.SCMBlockDeletingService (DatanodeDeletedBlockTransactions.java:addTransactionToDN(50)) - Transaction added: f89ecde1-abfa-4530-92e2-4a065b7725ea <- TX(38)
2021-08-15 14:03:30,874 [SCMBlockDeletingService#0] DEBUG block.SCMBlockDeletingService (DatanodeDeletedBlockTransactions.java:addTransactionToDN(50)) - Transaction added: 0475d2c2-d46f-403e-95a5-8ff1a5c32338 <- TX(38)
2021-08-15 14:03:30,874 [SCMBlockDeletingService#0] DEBUG block.SCMBlockDeletingService (DatanodeDeletedBlockTransactions.java:addTransactionToDN(50)) - Transaction added: f89ecde1-abfa-4530-92e2-4a065b7725ea <- TX(39)
2021-08-15 14:03:30,874 [SCMBlockDeletingService#0] DEBUG block.SCMBlockDeletingService (DatanodeDeletedBlockTransactions.java:addTransactionToDN(50)) - Transaction added: 0475d2c2-d46f-403e-95a5-8ff1a5c32338 <- TX(39)
2021-08-15 14:03:30,874 [SCMBlockDeletingService#0] DEBUG block.SCMBlockDeletingService (DatanodeDeletedBlockTransactions.java:addTransactionToDN(50)) - Transaction added: c2c40a72-a699-49b1-b721-1997d9d2c71f <- TX(39)
2021-08-15 14:03:30,874 [SCMBlockDeletingService#0] DEBUG block.SCMBlockDeletingService (DatanodeDeletedBlockTransactions.java:addTransactionToDN(50)) - Transaction added: 0475d2c2-d46f-403e-95a5-8ff1a5c32338 <- TX(40)
2021-08-15 14:03:30,874 [SCMBlockDeletingService#0] DEBUG block.SCMBlockDeletingService (DatanodeDeletedBlockTransactions.java:addTransactionToDN(50)) - Transaction added: f89ecde1-abfa-4530-92e2-4a065b7725ea <- TX(40)
2021-08-15 14:03:30,874 [SCMBlockDeletingService#0] DEBUG block.SCMBlockDeletingService (DatanodeDeletedBlockTransactions.java:addTransactionToDN(50)) - Transaction added: c2c40a72-a699-49b1-b721-1997d9d2c71f <- TX(40)
2021-08-15 14:03:30,875 [SCMBlockDeletingService#0] DEBUG block.SCMBlockDeletingService (DatanodeDeletedBlockTransactions.java:addTransactionToDN(50)) - Transaction added: 0475d2c2-d46f-403e-95a5-8ff1a5c32338 <- TX(41)
2021-08-15 14:03:30,875 [SCMBlockDeletingService#0] DEBUG block.SCMBlockDeletingService (DatanodeDeletedBlockTransactions.java:addTransactionToDN(50)) - Transaction added: c2c40a72-a699-49b1-b721-1997d9d2c71f <- TX(41)
2021-08-15 14:03:30,875 [SCMBlockDeletingService#0] DEBUG block.SCMBlockDeletingService (DatanodeDeletedBlockTransactions.java:addTransactionToDN(50)) - Transaction added: f89ecde1-abfa-4530-92e2-4a065b7725ea <- TX(41)
2021-08-15 14:03:30,875 [SCMBlockDeletingService#0] DEBUG block.SCMBlockDeletingService (DatanodeDeletedBlockTransactions.java:addTransactionToDN(50)) - Transaction added: 0475d2c2-d46f-403e-95a5-8ff1a5c32338 <- TX(42)
2021-08-15 14:03:30,875 [SCMBlockDeletingService#0] DEBUG block.SCMBlockDeletingService (DatanodeDeletedBlockTransactions.java:addTransactionToDN(50)) - Transaction added: c2c40a72-a699-49b1-b721-1997d9d2c71f <- TX(42)
2021-08-15 14:03:30,875 [SCMBlockDeletingService#0] DEBUG block.SCMBlockDeletingService (DatanodeDeletedBlockTransactions.java:addTransactionToDN(50)) - Transaction added: f89ecde1-abfa-4530-92e2-4a065b7725ea <- TX(42)
2021-08-15 14:03:30,875 [SCMBlockDeletingService#0] DEBUG block.SCMBlockDeletingService (DatanodeDeletedBlockTransactions.java:addTransactionToDN(50)) - Transaction added: 0475d2c2-d46f-403e-95a5-8ff1a5c32338 <- TX(43)
2021-08-15 14:03:30,875 [SCMBlockDeletingService#0] DEBUG block.SCMBlockDeletingService (DatanodeDeletedBlockTransactions.java:addTransactionToDN(50)) - Transaction added: c2c40a72-a699-49b1-b721-1997d9d2c71f <- TX(43)
2021-08-15 14:03:30,875 [SCMBlockDeletingService#0] DEBUG block.SCMBlockDeletingService (DatanodeDeletedBlockTransactions.java:addTransactionToDN(50)) - Transaction added: f89ecde1-abfa-4530-92e2-4a065b7725ea <- TX(43)
2021-08-15 14:03:30,875 [SCMBlockDeletingService#0] DEBUG block.SCMBlockDeletingService (DatanodeDeletedBlockTransactions.java:addTransactionToDN(50)) - Transaction added: f89ecde1-abfa-4530-92e2-4a065b7725ea <- TX(44)
2021-08-15 14:03:30,875 [SCMBlockDeletingService#0] DEBUG block.SCMBlockDeletingService (DatanodeDeletedBlockTransactions.java:addTransactionToDN(50)) - Transaction added: c2c40a72-a699-49b1-b721-1997d9d2c71f <- TX(44)
2021-08-15 14:03:30,875 [SCMBlockDeletingService#0] DEBUG block.SCMBlockDeletingService (DatanodeDeletedBlockTransactions.java:addTransactionToDN(50)) - Transaction added: 0475d2c2-d46f-403e-95a5-8ff1a5c32338 <- TX(44)
2021-08-15 14:03:30,875 [SCMBlockDeletingService#0] DEBUG block.SCMBlockDeletingService (DatanodeDeletedBlockTransactions.java:addTransactionToDN(50)) - Transaction added: c2c40a72-a699-49b1-b721-1997d9d2c71f <- TX(45)
2021-08-15 14:03:30,875 [SCMBlockDeletingService#0] DEBUG block.SCMBlockDeletingService (DatanodeDeletedBlockTransactions.java:addTransactionToDN(50)) - Transaction added: f89ecde1-abfa-4530-92e2-4a065b7725ea <- TX(45)
2021-08-15 14:03:30,875 [SCMBlockDeletingService#0] DEBUG block.SCMBlockDeletingService (DatanodeDeletedBlockTransactions.java:addTransactionToDN(50)) - Transaction added: 0475d2c2-d46f-403e-95a5-8ff1a5c32338 <- TX(45)
2021-08-15 14:03:30,875 [SCMBlockDeletingService#0] DEBUG block.SCMBlockDeletingService (DatanodeDeletedBlockTransactions.java:addTransactionToDN(50)) - Transaction added: f89ecde1-abfa-4530-92e2-4a065b7725ea <- TX(46)
2021-08-15 14:03:30,875 [SCMBlockDeletingService#0] DEBUG block.SCMBlockDeletingService (DatanodeDeletedBlockTransactions.java:addTransactionToDN(50)) - Transaction added: 0475d2c2-d46f-403e-95a5-8ff1a5c32338 <- TX(46)
2021-08-15 14:03:30,875 [SCMBlockDeletingService#0] DEBUG block.SCMBlockDeletingService (DatanodeDeletedBlockTransactions.java:addTransactionToDN(50)) - Transaction added: c2c40a72-a699-49b1-b721-1997d9d2c71f <- TX(46)
2021-08-15 14:03:30,875 [SCMBlockDeletingService#0] DEBUG block.SCMBlockDeletingService (DatanodeDeletedBlockTransactions.java:addTransactionToDN(50)) - Transaction added: c2c40a72-a699-49b1-b721-1997d9d2c71f <- TX(47)
2021-08-15 14:03:30,875 [SCMBlockDeletingService#0] DEBUG block.SCMBlockDeletingService (DatanodeDeletedBlockTransactions.java:addTransactionToDN(50)) - Transaction added: f89ecde1-abfa-4530-92e2-4a065b7725ea <- TX(47)
2021-08-15 14:03:30,875 [SCMBlockDeletingService#0] DEBUG block.SCMBlockDeletingService (DatanodeDeletedBlockTransactions.java:addTransactionToDN(50)) - Transaction added: 0475d2c2-d46f-403e-95a5-8ff1a5c32338 <- TX(47)
2021-08-15 14:03:30,875 [SCMBlockDeletingService#0] DEBUG block.SCMBlockDeletingService (DatanodeDeletedBlockTransactions.java:addTransactionToDN(50)) - Transaction added: 0475d2c2-d46f-403e-95a5-8ff1a5c32338 <- TX(48)
2021-08-15 14:03:30,875 [SCMBlockDeletingService#0] DEBUG block.SCMBlockDeletingService (DatanodeDeletedBlockTransactions.java:addTransactionToDN(50)) - Transaction added: f89ecde1-abfa-4530-92e2-4a065b7725ea <- TX(48)
2021-08-15 14:03:30,875 [SCMBlockDeletingService#0] DEBUG block.SCMBlockDeletingService (DatanodeDeletedBlockTransactions.java:addTransactionToDN(50)) - Transaction added: c2c40a72-a699-49b1-b721-1997d9d2c71f <- TX(48)
2021-08-15 14:03:30,875 [SCMBlockDeletingService#0] DEBUG block.SCMBlockDeletingService (DatanodeDeletedBlockTransactions.java:addTransactionToDN(50)) - Transaction added: 0475d2c2-d46f-403e-95a5-8ff1a5c32338 <- TX(49)
2021-08-15 14:03:30,875 [SCMBlockDeletingService#0] DEBUG block.SCMBlockDeletingService (DatanodeDeletedBlockTransactions.java:addTransactionToDN(50)) - Transaction added: c2c40a72-a699-49b1-b721-1997d9d2c71f <- TX(49)
2021-08-15 14:03:30,875 [SCMBlockDeletingService#0] DEBUG block.SCMBlockDeletingService (DatanodeDeletedBlockTransactions.java:addTransactionToDN(50)) - Transaction added: f89ecde1-abfa-4530-92e2-4a065b7725ea <- TX(49)
2021-08-15 14:03:30,875 [SCMBlockDeletingService#0] DEBUG block.SCMBlockDeletingService (DatanodeDeletedBlockTransactions.java:addTransactionToDN(50)) - Transaction added: 0475d2c2-d46f-403e-95a5-8ff1a5c32338 <- TX(50)
2021-08-15 14:03:30,875 [SCMBlockDeletingService#0] DEBUG block.SCMBlockDeletingService (DatanodeDeletedBlockTransactions.java:addTransactionToDN(50)) - Transaction added: c2c40a72-a699-49b1-b721-1997d9d2c71f <- TX(50)
2021-08-15 14:03:30,875 [SCMBlockDeletingService#0] DEBUG block.SCMBlockDeletingService (DatanodeDeletedBlockTransactions.java:addTransactionToDN(50)) - Transaction added: f89ecde1-abfa-4530-92e2-4a065b7725ea <- TX(50)
2021-08-15 14:03:30,875 [SCMBlockDeletingService#0] DEBUG block.SCMBlockDeletingService (DatanodeDeletedBlockTransactions.java:addTransactionToDN(50)) - Transaction added: 0475d2c2-d46f-403e-95a5-8ff1a5c32338 <- TX(51)
2021-08-15 14:03:30,875 [SCMBlockDeletingService#0] DEBUG block.SCMBlockDeletingService (DatanodeDeletedBlockTransactions.java:addTransactionToDN(50)) - Transaction added: c2c40a72-a699-49b1-b721-1997d9d2c71f <- TX(51)
2021-08-15 14:03:30,875 [SCMBlockDeletingService#0] DEBUG block.SCMBlockDeletingService (DatanodeDeletedBlockTransactions.java:addTransactionToDN(50)) - Transaction added: f89ecde1-abfa-4530-92e2-4a065b7725ea <- TX(51)
2021-08-15 14:03:30,875 [SCMBlockDeletingService#0] DEBUG block.SCMBlockDeletingService (DatanodeDeletedBlockTransactions.java:addTransactionToDN(50)) - Transaction added: f89ecde1-abfa-4530-92e2-4a065b7725ea <- TX(52)
2021-08-15 14:03:30,875 [SCMBlockDeletingService#0] DEBUG block.SCMBlockDeletingService (DatanodeDeletedBlockTransactions.java:addTransactionToDN(50)) - Transaction added: c2c40a72-a699-49b1-b721-1997d9d2c71f <- TX(52)
2021-08-15 14:03:30,875 [SCMBlockDeletingService#0] DEBUG block.SCMBlockDeletingService (DatanodeDeletedBlockTransactions.java:addTransactionToDN(50)) - Transaction added: 0475d2c2-d46f-403e-95a5-8ff1a5c32338 <- TX(52)
2021-08-15 14:03:30,875 [SCMBlockDeletingService#0] DEBUG block.SCMBlockDeletingService (DatanodeDeletedBlockTransactions.java:addTransactionToDN(50)) - Transaction added: c2c40a72-a699-49b1-b721-1997d9d2c71f <- TX(53)
2021-08-15 14:03:30,875 [SCMBlockDeletingService#0] DEBUG block.SCMBlockDeletingService (DatanodeDeletedBlockTransactions.java:addTransactionToDN(50)) - Transaction added: f89ecde1-abfa-4530-92e2-4a065b7725ea <- TX(53)
2021-08-15 14:03:30,875 [SCMBlockDeletingService#0] DEBUG block.SCMBlockDeletingService (DatanodeDeletedBlockTransactions.java:addTransactionToDN(50)) - Transaction added: 0475d2c2-d46f-403e-95a5-8ff1a5c32338 <- TX(53)
2021-08-15 14:03:30,875 [SCMBlockDeletingService#0] DEBUG block.SCMBlockDeletingService (DatanodeDeletedBlockTransactions.java:addTransactionToDN(50)) - Transaction added: c2c40a72-a699-49b1-b721-1997d9d2c71f <- TX(54)
2021-08-15 14:03:30,876 [SCMBlockDeletingService#0] DEBUG block.SCMBlockDeletingService (DatanodeDeletedBlockTransactions.java:addTransactionToDN(50)) - Transaction added: f89ecde1-abfa-4530-92e2-4a065b7725ea <- TX(54)
2021-08-15 14:03:30,876 [SCMBlockDeletingService#0] DEBUG block.SCMBlockDeletingService (DatanodeDeletedBlockTransactions.java:addTransactionToDN(50)) - Transaction added: 0475d2c2-d46f-403e-95a5-8ff1a5c32338 <- TX(54)
2021-08-15 14:03:30,876 [SCMBlockDeletingService#0] DEBUG block.SCMBlockDeletingService (DatanodeDeletedBlockTransactions.java:addTransactionToDN(50)) - Transaction added: f89ecde1-abfa-4530-92e2-4a065b7725ea <- TX(55)
2021-08-15 14:03:30,876 [SCMBlockDeletingService#0] DEBUG block.SCMBlockDeletingService (DatanodeDeletedBlockTransactions.java:addTransactionToDN(50)) - Transaction added: 0475d2c2-d46f-403e-95a5-8ff1a5c32338 <- TX(55)
2021-08-15 14:03:30,876 [SCMBlockDeletingService#0] DEBUG block.SCMBlockDeletingService (DatanodeDeletedBlockTransactions.java:addTransactionToDN(50)) - Transaction added: c2c40a72-a699-49b1-b721-1997d9d2c71f <- TX(55)
2021-08-15 14:03:30,876 [SCMBlockDeletingService#0] DEBUG block.SCMBlockDeletingService (DatanodeDeletedBlockTransactions.java:addTransactionToDN(50)) - Transaction added: 0475d2c2-d46f-403e-95a5-8ff1a5c32338 <- TX(56)
2021-08-15 14:03:30,876 [SCMBlockDeletingService#0] DEBUG block.SCMBlockDeletingService (DatanodeDeletedBlockTransactions.java:addTransactionToDN(50)) - Transaction added: f89ecde1-abfa-4530-92e2-4a065b7725ea <- TX(56)
2021-08-15 14:03:30,876 [SCMBlockDeletingService#0] DEBUG block.SCMBlockDeletingService (DatanodeDeletedBlockTransactions.java:addTransactionToDN(50)) - Transaction added: c2c40a72-a699-49b1-b721-1997d9d2c71f <- TX(56)
2021-08-15 14:03:30,876 [SCMBlockDeletingService#0] DEBUG block.SCMBlockDeletingService (SCMBlockDeletingService.java:call(164)) - Added delete block command for datanode c2c40a72-a699-49b1-b721-1997d9d2c71f in the queue, number of delete block transactions: 30
2021-08-15 14:03:30,876 [SCMBlockDeletingService#0] DEBUG block.SCMBlockDeletingService (SCMBlockDeletingService.java:call(164)) - Added delete block command for datanode 0475d2c2-d46f-403e-95a5-8ff1a5c32338 in the queue, number of delete block transactions: 56
2021-08-15 14:03:30,876 [SCMBlockDeletingService#0] DEBUG block.SCMBlockDeletingService (SCMBlockDeletingService.java:call(164)) - Added delete block command for datanode f89ecde1-abfa-4530-92e2-4a065b7725ea in the queue, number of delete block transactions: 40
2021-08-15 14:03:30,876 [SCMBlockDeletingService#0] INFO  block.SCMBlockDeletingService (SCMBlockDeletingService.java:call(174)) - Totally added 126 blocks to be deleted for 3 datanodes, task elapsed time: 4ms
2021-08-15 14:03:30,953 [EventQueue-DeleteBlockStatusForDeletedBlockLogImpl] DEBUG block.DeletedBlockLogImpl (DeletedBlockLogImpl.java:isTransactionFailed(278)) - Got block deletion ACK from datanode, TXIDs=1, success=true
2021-08-15 14:03:30,953 [EventQueue-DeleteBlockStatusForDeletedBlockLogImpl] DEBUG block.DeletedBlockLogImpl (DeletedBlockLogImpl.java:commitTransactions(250)) - Purging txId=1 from block deletion log
2021-08-15 14:03:30,953 [EventQueue-DeleteBlockStatusForDeletedBlockLogImpl] DEBUG block.DeletedBlockLogImpl (DeletedBlockLogImpl.java:commitTransactions(256)) - Datanode txId=1 containerId=#1 committed by dnId=0475d2c2-d46f-403e-95a5-8ff1a5c32338
2021-08-15 14:03:30,953 [EventQueue-DeleteBlockStatusForDeletedBlockLogImpl] DEBUG block.DeletedBlockLogImpl (DeletedBlockLogImpl.java:isTransactionFailed(278)) - Got block deletion ACK from datanode, TXIDs=2, success=true
2021-08-15 14:03:30,953 [EventQueue-DeleteBlockStatusForDeletedBlockLogImpl] DEBUG block.DeletedBlockLogImpl (DeletedBlockLogImpl.java:commitTransactions(250)) - Purging txId=2 from block deletion log
2021-08-15 14:03:30,953 [EventQueue-DeleteBlockStatusForDeletedBlockLogImpl] DEBUG block.DeletedBlockLogImpl (DeletedBlockLogImpl.java:commitTransactions(256)) - Datanode txId=2 containerId=#2 committed by dnId=0475d2c2-d46f-403e-95a5-8ff1a5c32338
2021-08-15 14:03:30,953 [EventQueue-DeleteBlockStatusForDeletedBlockLogImpl] DEBUG block.DeletedBlockLogImpl (DeletedBlockLogImpl.java:isTransactionFailed(278)) - Got block deletion ACK from datanode, TXIDs=3, success=true
2021-08-15 14:03:30,953 [EventQueue-DeleteBlockStatusForDeletedBlockLogImpl] DEBUG block.DeletedBlockLogImpl (DeletedBlockLogImpl.java:commitTransactions(250)) - Purging txId=3 from block deletion log
2021-08-15 14:03:30,954 [EventQueue-DeleteBlockStatusForDeletedBlockLogImpl] DEBUG block.DeletedBlockLogImpl (DeletedBlockLogImpl.java:commitTransactions(256)) - Datanode txId=3 containerId=#3 committed by dnId=0475d2c2-d46f-403e-95a5-8ff1a5c32338
2021-08-15 14:03:30,954 [EventQueue-DeleteBlockStatusForDeletedBlockLogImpl] DEBUG block.DeletedBlockLogImpl (DeletedBlockLogImpl.java:isTransactionFailed(278)) - Got block deletion ACK from datanode, TXIDs=4, success=true
2021-08-15 14:03:30,954 [EventQueue-DeleteBlockStatusForDeletedBlockLogImpl] DEBUG block.DeletedBlockLogImpl (DeletedBlockLogImpl.java:commitTransactions(250)) - Purging txId=4 from block deletion log
2021-08-15 14:03:30,954 [EventQueue-DeleteBlockStatusForDeletedBlockLogImpl] DEBUG block.DeletedBlockLogImpl (DeletedBlockLogImpl.java:commitTransactions(256)) - Datanode txId=4 containerId=#4 committed by dnId=0475d2c2-d46f-403e-95a5-8ff1a5c32338
2021-08-15 14:03:30,954 [EventQueue-DeleteBlockStatusForDeletedBlockLogImpl] DEBUG block.DeletedBlockLogImpl (DeletedBlockLogImpl.java:isTransactionFailed(278)) - Got block deletion ACK from datanode, TXIDs=5, success=true
2021-08-15 14:03:30,954 [EventQueue-DeleteBlockStatusForDeletedBlockLogImpl] DEBUG block.DeletedBlockLogImpl (DeletedBlockLogImpl.java:commitTransactions(250)) - Purging txId=5 from block deletion log
2021-08-15 14:03:30,954 [EventQueue-DeleteBlockStatusForDeletedBlockLogImpl] DEBUG block.DeletedBlockLogImpl (DeletedBlockLogImpl.java:commitTransactions(256)) - Datanode txId=5 containerId=#5 committed by dnId=0475d2c2-d46f-403e-95a5-8ff1a5c32338
2021-08-15 14:03:30,954 [EventQueue-DeleteBlockStatusForDeletedBlockLogImpl] DEBUG block.DeletedBlockLogImpl (DeletedBlockLogImpl.java:isTransactionFailed(278)) - Got block deletion ACK from datanode, TXIDs=6, success=true
2021-08-15 14:03:30,954 [EventQueue-DeleteBlockStatusForDeletedBlockLogImpl] DEBUG block.DeletedBlockLogImpl (DeletedBlockLogImpl.java:commitTransactions(250)) - Purging txId=6 from block deletion log
2021-08-15 14:03:30,954 [EventQueue-DeleteBlockStatusForDeletedBlockLogImpl] DEBUG block.DeletedBlockLogImpl (DeletedBlockLogImpl.java:commitTransactions(256)) - Datanode txId=6 containerId=#6 committed by dnId=0475d2c2-d46f-403e-95a5-8ff1a5c32338
2021-08-15 14:03:30,954 [EventQueue-DeleteBlockStatusForDeletedBlockLogImpl] DEBUG block.DeletedBlockLogImpl (DeletedBlockLogImpl.java:isTransactionFailed(278)) - Got block deletion ACK from datanode, TXIDs=7, success=true
2021-08-15 14:03:30,954 [EventQueue-DeleteBlockStatusForDeletedBlockLogImpl] DEBUG block.DeletedBlockLogImpl (DeletedBlockLogImpl.java:commitTransactions(250)) - Purging txId=7 from block deletion log
2021-08-15 14:03:30,954 [EventQueue-DeleteBlockStatusForDeletedBlockLogImpl] DEBUG block.DeletedBlockLogImpl (DeletedBlockLogImpl.java:commitTransactions(256)) - Datanode txId=7 containerId=#7 committed by dnId=0475d2c2-d46f-403e-95a5-8ff1a5c32338
2021-08-15 14:03:30,954 [EventQueue-DeleteBlockStatusForDeletedBlockLogImpl] DEBUG block.DeletedBlockLogImpl (DeletedBlockLogImpl.java:isTransactionFailed(278)) - Got block deletion ACK from datanode, TXIDs=8, success=true
2021-08-15 14:03:30,954 [EventQueue-DeleteBlockStatusForDeletedBlockLogImpl] DEBUG block.DeletedBlockLogImpl (DeletedBlockLogImpl.java:commitTransactions(250)) - Purging txId=8 from block deletion log
2021-08-15 14:03:30,954 [EventQueue-DeleteBlockStatusForDeletedBlockLogImpl] DEBUG block.DeletedBlockLogImpl (DeletedBlockLogImpl.java:commitTransactions(256)) - Datanode txId=8 containerId=#8 committed by dnId=0475d2c2-d46f-403e-95a5-8ff1a5c32338
2021-08-15 14:03:30,954 [EventQueue-DeleteBlockStatusForDeletedBlockLogImpl] DEBUG block.DeletedBlockLogImpl (DeletedBlockLogImpl.java:isTransactionFailed(278)) - Got block deletion ACK from datanode, TXIDs=9, success=true
2021-08-15 14:03:30,954 [EventQueue-DeleteBlockStatusForDeletedBlockLogImpl] DEBUG block.DeletedBlockLogImpl (DeletedBlockLogImpl.java:commitTransactions(250)) - Purging txId=9 from block deletion log
2021-08-15 14:03:30,954 [EventQueue-DeleteBlockStatusForDeletedBlockLogImpl] DEBUG block.DeletedBlockLogImpl (DeletedBlockLogImpl.java:commitTransactions(256)) - Datanode txId=9 containerId=#9 committed by dnId=0475d2c2-d46f-403e-95a5-8ff1a5c32338
2021-08-15 14:03:30,954 [EventQueue-DeleteBlockStatusForDeletedBlockLogImpl] DEBUG block.DeletedBlockLogImpl (DeletedBlockLogImpl.java:isTransactionFailed(278)) - Got block deletion ACK from datanode, TXIDs=10, success=true
2021-08-15 14:03:30,954 [EventQueue-DeleteBlockStatusForDeletedBlockLogImpl] DEBUG block.DeletedBlockLogImpl (DeletedBlockLogImpl.java:commitTransactions(250)) - Purging txId=10 from block deletion log
2021-08-15 14:03:30,954 [EventQueue-DeleteBlockStatusForDeletedBlockLogImpl] DEBUG block.DeletedBlockLogImpl (DeletedBlockLogImpl.java:commitTransactions(256)) - Datanode txId=10 containerId=#10 committed by dnId=0475d2c2-d46f-403e-95a5-8ff1a5c32338
2021-08-15 14:03:30,954 [EventQueue-DeleteBlockStatusForDeletedBlockLogImpl] DEBUG block.DeletedBlockLogImpl (DeletedBlockLogImpl.java:isTransactionFailed(278)) - Got block deletion ACK from datanode, TXIDs=11, success=true
2021-08-15 14:03:30,954 [EventQueue-DeleteBlockStatusForDeletedBlockLogImpl] DEBUG block.DeletedBlockLogImpl (DeletedBlockLogImpl.java:commitTransactions(250)) - Purging txId=11 from block deletion log
2021-08-15 14:03:30,954 [EventQueue-DeleteBlockStatusForDeletedBlockLogImpl] DEBUG block.DeletedBlockLogImpl (DeletedBlockLogImpl.java:commitTransactions(256)) - Datanode txId=11 containerId=#11 committed by dnId=0475d2c2-d46f-403e-95a5-8ff1a5c32338
2021-08-15 14:03:30,954 [EventQueue-DeleteBlockStatusForDeletedBlockLogImpl] DEBUG block.DeletedBlockLogImpl (DeletedBlockLogImpl.java:isTransactionFailed(278)) - Got block deletion ACK from datanode, TXIDs=12, success=true
2021-08-15 14:03:30,954 [EventQueue-DeleteBlockStatusForDeletedBlockLogImpl] DEBUG block.DeletedBlockLogImpl (DeletedBlockLogImpl.java:commitTransactions(250)) - Purging txId=12 from block deletion log
2021-08-15 14:03:30,954 [EventQueue-DeleteBlockStatusForDeletedBlockLogImpl] DEBUG block.DeletedBlockLogImpl (DeletedBlockLogImpl.java:commitTransactions(256)) - Datanode txId=12 containerId=#12 committed by dnId=0475d2c2-d46f-403e-95a5-8ff1a5c32338
2021-08-15 14:03:30,954 [EventQueue-DeleteBlockStatusForDeletedBlockLogImpl] DEBUG block.DeletedBlockLogImpl (DeletedBlockLogImpl.java:isTransactionFailed(278)) - Got block deletion ACK from datanode, TXIDs=13, success=true
2021-08-15 14:03:30,954 [EventQueue-DeleteBlockStatusForDeletedBlockLogImpl] DEBUG block.DeletedBlockLogImpl (DeletedBlockLogImpl.java:commitTransactions(250)) - Purging txId=13 from block deletion log
2021-08-15 14:03:30,954 [EventQueue-DeleteBlockStatusForDeletedBlockLogImpl] DEBUG block.DeletedBlockLogImpl (DeletedBlockLogImpl.java:commitTransactions(256)) - Datanode txId=13 containerId=#13 committed by dnId=0475d2c2-d46f-403e-95a5-8ff1a5c32338
2021-08-15 14:03:30,954 [EventQueue-DeleteBlockStatusForDeletedBlockLogImpl] DEBUG block.DeletedBlockLogImpl (DeletedBlockLogImpl.java:isTransactionFailed(278)) - Got block deletion ACK from datanode, TXIDs=14, success=true
2021-08-15 14:03:30,954 [EventQueue-DeleteBlockStatusForDeletedBlockLogImpl] DEBUG block.DeletedBlockLogImpl (DeletedBlockLogImpl.java:commitTransactions(250)) - Purging txId=14 from block deletion log
2021-08-15 14:03:30,954 [EventQueue-DeleteBlockStatusForDeletedBlockLogImpl] DEBUG block.DeletedBlockLogImpl (DeletedBlockLogImpl.java:commitTransactions(256)) - Datanode txId=14 containerId=#14 committed by dnId=0475d2c2-d46f-403e-95a5-8ff1a5c32338
2021-08-15 14:03:30,954 [EventQueue-DeleteBlockStatusForDeletedBlockLogImpl] DEBUG block.DeletedBlockLogImpl (DeletedBlockLogImpl.java:isTransactionFailed(278)) - Got block deletion ACK from datanode, TXIDs=15, success=true
2021-08-15 14:03:30,954 [EventQueue-DeleteBlockStatusForDeletedBlockLogImpl] DEBUG block.DeletedBlockLogImpl (DeletedBlockLogImpl.java:commitTransactions(250)) - Purging txId=15 from block deletion log
2021-08-15 14:03:30,954 [EventQueue-DeleteBlockStatusForDeletedBlockLogImpl] DEBUG block.DeletedBlockLogImpl (DeletedBlockLogImpl.java:commitTransactions(256)) - Datanode txId=15 containerId=#15 committed by dnId=0475d2c2-d46f-403e-95a5-8ff1a5c32338
2021-08-15 14:03:30,954 [EventQueue-DeleteBlockStatusForDeletedBlockLogImpl] DEBUG block.DeletedBlockLogImpl (DeletedBlockLogImpl.java:isTransactionFailed(278)) - Got block deletion ACK from datanode, TXIDs=16, success=true
2021-08-15 14:03:30,954 [EventQueue-DeleteBlockStatusForDeletedBlockLogImpl] DEBUG block.DeletedBlockLogImpl (DeletedBlockLogImpl.java:commitTransactions(250)) - Purging txId=16 from block deletion log
2021-08-15 14:03:30,954 [EventQueue-DeleteBlockStatusForDeletedBlockLogImpl] DEBUG block.DeletedBlockLogImpl (DeletedBlockLogImpl.java:commitTransactions(256)) - Datanode txId=16 containerId=#16 committed by dnId=0475d2c2-d46f-403e-95a5-8ff1a5c32338
2021-08-15 14:03:30,954 [EventQueue-DeleteBlockStatusForDeletedBlockLogImpl] DEBUG block.DeletedBlockLogImpl (DeletedBlockLogImpl.java:isTransactionFailed(278)) - Got block deletion ACK from datanode, TXIDs=17, success=true
2021-08-15 14:03:30,955 [EventQueue-DeleteBlockStatusForDeletedBlockLogImpl] DEBUG block.DeletedBlockLogImpl (DeletedBlockLogImpl.java:commitTransactions(256)) - Datanode txId=17 containerId=#17 committed by dnId=0475d2c2-d46f-403e-95a5-8ff1a5c32338
2021-08-15 14:03:30,955 [EventQueue-DeleteBlockStatusForDeletedBlockLogImpl] DEBUG block.DeletedBlockLogImpl (DeletedBlockLogImpl.java:isTransactionFailed(278)) - Got block deletion ACK from datanode, TXIDs=18, success=true
2021-08-15 14:03:30,955 [EventQueue-DeleteBlockStatusForDeletedBlockLogImpl] DEBUG block.DeletedBlockLogImpl (DeletedBlockLogImpl.java:commitTransactions(256)) - Datanode txId=18 containerId=#18 committed by dnId=0475d2c2-d46f-403e-95a5-8ff1a5c32338
2021-08-15 14:03:30,955 [EventQueue-DeleteBlockStatusForDeletedBlockLogImpl] DEBUG block.DeletedBlockLogImpl (DeletedBlockLogImpl.java:isTransactionFailed(278)) - Got block deletion ACK from datanode, TXIDs=19, success=true
2021-08-15 14:03:30,955 [EventQueue-DeleteBlockStatusForDeletedBlockLogImpl] DEBUG block.DeletedBlockLogImpl (DeletedBlockLogImpl.java:commitTransactions(256)) - Datanode txId=19 containerId=#19 committed by dnId=0475d2c2-d46f-403e-95a5-8ff1a5c32338
2021-08-15 14:03:30,955 [EventQueue-DeleteBlockStatusForDeletedBlockLogImpl] DEBUG block.DeletedBlockLogImpl (DeletedBlockLogImpl.java:isTransactionFailed(278)) - Got block deletion ACK from datanode, TXIDs=20, success=true
2021-08-15 14:03:30,955 [EventQueue-DeleteBlockStatusForDeletedBlockLogImpl] DEBUG block.DeletedBlockLogImpl (DeletedBlockLogImpl.java:commitTransactions(256)) - Datanode txId=20 containerId=#20 committed by dnId=0475d2c2-d46f-403e-95a5-8ff1a5c32338
2021-08-15 14:03:30,955 [EventQueue-DeleteBlockStatusForDeletedBlockLogImpl] DEBUG block.DeletedBlockLogImpl (DeletedBlockLogImpl.java:isTransactionFailed(278)) - Got block deletion ACK from datanode, TXIDs=21, success=true
2021-08-15 14:03:30,955 [EventQueue-DeleteBlockStatusForDeletedBlockLogImpl] DEBUG block.DeletedBlockLogImpl (DeletedBlockLogImpl.java:commitTransactions(256)) - Datanode txId=21 containerId=#21 committed by dnId=0475d2c2-d46f-403e-95a5-8ff1a5c32338
2021-08-15 14:03:30,955 [EventQueue-DeleteBlockStatusForDeletedBlockLogImpl] DEBUG block.DeletedBlockLogImpl (DeletedBlockLogImpl.java:isTransactionFailed(278)) - Got block deletion ACK from datanode, TXIDs=22, success=true
2021-08-15 14:03:30,955 [EventQueue-DeleteBlockStatusForDeletedBlockLogImpl] DEBUG block.DeletedBlockLogImpl (DeletedBlockLogImpl.java:commitTransactions(256)) - Datanode txId=22 containerId=#22 committed by dnId=0475d2c2-d46f-403e-95a5-8ff1a5c32338
2021-08-15 14:03:30,955 [EventQueue-DeleteBlockStatusForDeletedBlockLogImpl] DEBUG block.DeletedBlockLogImpl (DeletedBlockLogImpl.java:isTransactionFailed(278)) - Got block deletion ACK from datanode, TXIDs=23, success=true
2021-08-15 14:03:30,955 [EventQueue-DeleteBlockStatusForDeletedBlockLogImpl] DEBUG block.DeletedBlockLogImpl (DeletedBlockLogImpl.java:commitTransactions(256)) - Datanode txId=23 containerId=#23 committed by dnId=0475d2c2-d46f-403e-95a5-8ff1a5c32338
2021-08-15 14:03:30,955 [EventQueue-DeleteBlockStatusForDeletedBlockLogImpl] DEBUG block.DeletedBlockLogImpl (DeletedBlockLogImpl.java:isTransactionFailed(278)) - Got block deletion ACK from datanode, TXIDs=24, success=true
2021-08-15 14:03:30,955 [EventQueue-DeleteBlockStatusForDeletedBlockLogImpl] DEBUG block.DeletedBlockLogImpl (DeletedBlockLogImpl.java:commitTransactions(256)) - Datanode txId=24 containerId=#24 committed by dnId=0475d2c2-d46f-403e-95a5-8ff1a5c32338
2021-08-15 14:03:30,955 [EventQueue-DeleteBlockStatusForDeletedBlockLogImpl] DEBUG block.DeletedBlockLogImpl (DeletedBlockLogImpl.java:isTransactionFailed(278)) - Got block deletion ACK from datanode, TXIDs=25, success=true
2021-08-15 14:03:30,955 [EventQueue-DeleteBlockStatusForDeletedBlockLogImpl] DEBUG block.DeletedBlockLogImpl (DeletedBlockLogImpl.java:commitTransactions(256)) - Datanode txId=25 containerId=#25 committed by dnId=0475d2c2-d46f-403e-95a5-8ff1a5c32338
2021-08-15 14:03:30,955 [EventQueue-DeleteBlockStatusForDeletedBlockLogImpl] DEBUG block.DeletedBlockLogImpl (DeletedBlockLogImpl.java:isTransactionFailed(278)) - Got block deletion ACK from datanode, TXIDs=26, success=true
2021-08-15 14:03:30,955 [EventQueue-DeleteBlockStatusForDeletedBlockLogImpl] DEBUG block.DeletedBlockLogImpl (DeletedBlockLogImpl.java:commitTransactions(256)) - Datanode txId=26 containerId=#26 committed by dnId=0475d2c2-d46f-403e-95a5-8ff1a5c32338
2021-08-15 14:03:30,955 [EventQueue-DeleteBlockStatusForDeletedBlockLogImpl] DEBUG block.DeletedBlockLogImpl (DeletedBlockLogImpl.java:isTransactionFailed(278)) - Got block deletion ACK from datanode, TXIDs=27, success=true
2021-08-15 14:03:30,955 [EventQueue-DeleteBlockStatusForDeletedBlockLogImpl] DEBUG block.DeletedBlockLogImpl (DeletedBlockLogImpl.java:commitTransactions(256)) - Datanode txId=27 containerId=#27 committed by dnId=0475d2c2-d46f-403e-95a5-8ff1a5c32338
2021-08-15 14:03:30,955 [EventQueue-DeleteBlockStatusForDeletedBlockLogImpl] DEBUG block.DeletedBlockLogImpl (DeletedBlockLogImpl.java:isTransactionFailed(278)) - Got block deletion ACK from datanode, TXIDs=1, success=true
2021-08-15 14:03:30,955 [EventQueue-DeleteBlockStatusForDeletedBlockLogImpl] DEBUG block.DeletedBlockLogImpl (DeletedBlockLogImpl.java:commitTransactions(224)) - Transaction txId=1 commit by dnId=0475d2c2-d46f-403e-95a5-8ff1a5c32338 for containerID=#1 failed. Corresponding entry not found.
2021-08-15 14:03:30,955 [EventQueue-DeleteBlockStatusForDeletedBlockLogImpl] DEBUG block.DeletedBlockLogImpl (DeletedBlockLogImpl.java:isTransactionFailed(278)) - Got block deletion ACK from datanode, TXIDs=2, success=true
2021-08-15 14:03:30,955 [EventQueue-DeleteBlockStatusForDeletedBlockLogImpl] DEBUG block.DeletedBlockLogImpl (DeletedBlockLogImpl.java:commitTransactions(224)) - Transaction txId=2 commit by dnId=0475d2c2-d46f-403e-95a5-8ff1a5c32338 for containerID=#2 failed. Corresponding entry not found.
2021-08-15 14:03:30,955 [EventQueue-DeleteBlockStatusForDeletedBlockLogImpl] DEBUG block.DeletedBlockLogImpl (DeletedBlockLogImpl.java:isTransactionFailed(278)) - Got block deletion ACK from datanode, TXIDs=3, success=true
2021-08-15 14:03:30,955 [EventQueue-DeleteBlockStatusForDeletedBlockLogImpl] DEBUG block.DeletedBlockLogImpl (DeletedBlockLogImpl.java:commitTransactions(224)) - Transaction txId=3 commit by dnId=0475d2c2-d46f-403e-95a5-8ff1a5c32338 for containerID=#3 failed. Corresponding entry not found.
2021-08-15 14:03:30,955 [EventQueue-DeleteBlockStatusForDeletedBlockLogImpl] DEBUG block.DeletedBlockLogImpl (DeletedBlockLogImpl.java:isTransactionFailed(278)) - Got block deletion ACK from datanode, TXIDs=4, success=true
2021-08-15 14:03:30,955 [EventQueue-DeleteBlockStatusForDeletedBlockLogImpl] DEBUG block.DeletedBlockLogImpl (DeletedBlockLogImpl.java:commitTransactions(224)) - Transaction txId=4 commit by dnId=0475d2c2-d46f-403e-95a5-8ff1a5c32338 for containerID=#4 failed. Corresponding entry not found.
2021-08-15 14:03:30,955 [EventQueue-DeleteBlockStatusForDeletedBlockLogImpl] DEBUG block.DeletedBlockLogImpl (DeletedBlockLogImpl.java:isTransactionFailed(278)) - Got block deletion ACK from datanode, TXIDs=5, success=true
2021-08-15 14:03:30,955 [EventQueue-DeleteBlockStatusForDeletedBlockLogImpl] DEBUG block.DeletedBlockLogImpl (DeletedBlockLogImpl.java:commitTransactions(224)) - Transaction txId=5 commit by dnId=0475d2c2-d46f-403e-95a5-8ff1a5c32338 for containerID=#5 failed. Corresponding entry not found.
2021-08-15 14:03:30,955 [EventQueue-DeleteBlockStatusForDeletedBlockLogImpl] DEBUG block.DeletedBlockLogImpl (DeletedBlockLogImpl.java:isTransactionFailed(278)) - Got block deletion ACK from datanode, TXIDs=6, success=true
2021-08-15 14:03:30,955 [EventQueue-DeleteBlockStatusForDeletedBlockLogImpl] DEBUG block.DeletedBlockLogImpl (DeletedBlockLogImpl.java:commitTransactions(224)) - Transaction txId=6 commit by dnId=0475d2c2-d46f-403e-95a5-8ff1a5c32338 for containerID=#6 failed. Corresponding entry not found.
2021-08-15 14:03:30,955 [EventQueue-DeleteBlockStatusForDeletedBlockLogImpl] DEBUG block.DeletedBlockLogImpl (DeletedBlockLogImpl.java:isTransactionFailed(278)) - Got block deletion ACK from datanode, TXIDs=7, success=true
2021-08-15 14:03:30,955 [EventQueue-DeleteBlockStatusForDeletedBlockLogImpl] DEBUG block.DeletedBlockLogImpl (DeletedBlockLogImpl.java:commitTransactions(224)) - Transaction txId=7 commit by dnId=0475d2c2-d46f-403e-95a5-8ff1a5c32338 for containerID=#7 failed. Corresponding entry not found.
2021-08-15 14:03:30,955 [EventQueue-DeleteBlockStatusForDeletedBlockLogImpl] DEBUG block.DeletedBlockLogImpl (DeletedBlockLogImpl.java:isTransactionFailed(278)) - Got block deletion ACK from datanode, TXIDs=8, success=true
2021-08-15 14:03:30,956 [EventQueue-DeleteBlockStatusForDeletedBlockLogImpl] DEBUG block.DeletedBlockLogImpl (DeletedBlockLogImpl.java:commitTransactions(224)) - Transaction txId=8 commit by dnId=0475d2c2-d46f-403e-95a5-8ff1a5c32338 for containerID=#8 failed. Corresponding entry not found.
2021-08-15 14:03:30,956 [EventQueue-DeleteBlockStatusForDeletedBlockLogImpl] DEBUG block.DeletedBlockLogImpl (DeletedBlockLogImpl.java:isTransactionFailed(278)) - Got block deletion ACK from datanode, TXIDs=9, success=true
2021-08-15 14:03:30,956 [EventQueue-DeleteBlockStatusForDeletedBlockLogImpl] DEBUG block.DeletedBlockLogImpl (DeletedBlockLogImpl.java:commitTransactions(224)) - Transaction txId=9 commit by dnId=0475d2c2-d46f-403e-95a5-8ff1a5c32338 for containerID=#9 failed. Corresponding entry not found.
2021-08-15 14:03:30,956 [EventQueue-DeleteBlockStatusForDeletedBlockLogImpl] DEBUG block.DeletedBlockLogImpl (DeletedBlockLogImpl.java:isTransactionFailed(278)) - Got block deletion ACK from datanode, TXIDs=10, success=true
2021-08-15 14:03:30,956 [EventQueue-DeleteBlockStatusForDeletedBlockLogImpl] DEBUG block.DeletedBlockLogImpl (DeletedBlockLogImpl.java:commitTransactions(224)) - Transaction txId=10 commit by dnId=0475d2c2-d46f-403e-95a5-8ff1a5c32338 for containerID=#10 failed. Corresponding entry not found.
2021-08-15 14:03:30,956 [EventQueue-DeleteBlockStatusForDeletedBlockLogImpl] DEBUG block.DeletedBlockLogImpl (DeletedBlockLogImpl.java:isTransactionFailed(278)) - Got block deletion ACK from datanode, TXIDs=11, success=true
2021-08-15 14:03:30,956 [EventQueue-DeleteBlockStatusForDeletedBlockLogImpl] DEBUG block.DeletedBlockLogImpl (DeletedBlockLogImpl.java:commitTransactions(224)) - Transaction txId=11 commit by dnId=0475d2c2-d46f-403e-95a5-8ff1a5c32338 for containerID=#11 failed. Corresponding entry not found.
2021-08-15 14:03:30,956 [EventQueue-DeleteBlockStatusForDeletedBlockLogImpl] DEBUG block.DeletedBlockLogImpl (DeletedBlockLogImpl.java:isTransactionFailed(278)) - Got block deletion ACK from datanode, TXIDs=12, success=true
2021-08-15 14:03:30,956 [EventQueue-DeleteBlockStatusForDeletedBlockLogImpl] DEBUG block.DeletedBlockLogImpl (DeletedBlockLogImpl.java:commitTransactions(224)) - Transaction txId=12 commit by dnId=0475d2c2-d46f-403e-95a5-8ff1a5c32338 for containerID=#12 failed. Corresponding entry not found.
2021-08-15 14:03:30,956 [EventQueue-DeleteBlockStatusForDeletedBlockLogImpl] DEBUG block.DeletedBlockLogImpl (DeletedBlockLogImpl.java:isTransactionFailed(278)) - Got block deletion ACK from datanode, TXIDs=13, success=true
2021-08-15 14:03:30,956 [EventQueue-DeleteBlockStatusForDeletedBlockLogImpl] DEBUG block.DeletedBlockLogImpl (DeletedBlockLogImpl.java:commitTransactions(224)) - Transaction txId=13 commit by dnId=0475d2c2-d46f-403e-95a5-8ff1a5c32338 for containerID=#13 failed. Corresponding entry not found.
2021-08-15 14:03:30,956 [EventQueue-DeleteBlockStatusForDeletedBlockLogImpl] DEBUG block.DeletedBlockLogImpl (DeletedBlockLogImpl.java:isTransactionFailed(278)) - Got block deletion ACK from datanode, TXIDs=14, success=true
2021-08-15 14:03:30,956 [EventQueue-DeleteBlockStatusForDeletedBlockLogImpl] DEBUG block.DeletedBlockLogImpl (DeletedBlockLogImpl.java:commitTransactions(224)) - Transaction txId=14 commit by dnId=0475d2c2-d46f-403e-95a5-8ff1a5c32338 for containerID=#14 failed. Corresponding entry not found.
2021-08-15 14:03:30,956 [EventQueue-DeleteBlockStatusForDeletedBlockLogImpl] DEBUG block.DeletedBlockLogImpl (DeletedBlockLogImpl.java:isTransactionFailed(278)) - Got block deletion ACK from datanode, TXIDs=15, success=true
2021-08-15 14:03:30,956 [EventQueue-DeleteBlockStatusForDeletedBlockLogImpl] DEBUG block.DeletedBlockLogImpl (DeletedBlockLogImpl.java:commitTransactions(224)) - Transaction txId=15 commit by dnId=0475d2c2-d46f-403e-95a5-8ff1a5c32338 for containerID=#15 failed. Corresponding entry not found.
2021-08-15 14:03:30,956 [EventQueue-DeleteBlockStatusForDeletedBlockLogImpl] DEBUG block.DeletedBlockLogImpl (DeletedBlockLogImpl.java:isTransactionFailed(278)) - Got block deletion ACK from datanode, TXIDs=16, success=true
2021-08-15 14:03:30,956 [EventQueue-DeleteBlockStatusForDeletedBlockLogImpl] DEBUG block.DeletedBlockLogImpl (DeletedBlockLogImpl.java:commitTransactions(224)) - Transaction txId=16 commit by dnId=0475d2c2-d46f-403e-95a5-8ff1a5c32338 for containerID=#16 failed. Corresponding entry not found.
2021-08-15 14:03:30,956 [EventQueue-DeleteBlockStatusForDeletedBlockLogImpl] DEBUG block.DeletedBlockLogImpl (DeletedBlockLogImpl.java:isTransactionFailed(278)) - Got block deletion ACK from datanode, TXIDs=17, success=true
2021-08-15 14:03:30,956 [EventQueue-DeleteBlockStatusForDeletedBlockLogImpl] DEBUG block.DeletedBlockLogImpl (DeletedBlockLogImpl.java:commitTransactions(256)) - Datanode txId=17 containerId=#17 committed by dnId=0475d2c2-d46f-403e-95a5-8ff1a5c32338
2021-08-15 14:03:30,956 [EventQueue-DeleteBlockStatusForDeletedBlockLogImpl] DEBUG block.DeletedBlockLogImpl (DeletedBlockLogImpl.java:isTransactionFailed(278)) - Got block deletion ACK from datanode, TXIDs=18, success=true
2021-08-15 14:03:30,956 [EventQueue-DeleteBlockStatusForDeletedBlockLogImpl] DEBUG block.DeletedBlockLogImpl (DeletedBlockLogImpl.java:commitTransactions(256)) - Datanode txId=18 containerId=#18 committed by dnId=0475d2c2-d46f-403e-95a5-8ff1a5c32338
2021-08-15 14:03:30,956 [EventQueue-DeleteBlockStatusForDeletedBlockLogImpl] DEBUG block.DeletedBlockLogImpl (DeletedBlockLogImpl.java:isTransactionFailed(278)) - Got block deletion ACK from datanode, TXIDs=19, success=true
2021-08-15 14:03:30,956 [EventQueue-DeleteBlockStatusForDeletedBlockLogImpl] DEBUG block.DeletedBlockLogImpl (DeletedBlockLogImpl.java:commitTransactions(256)) - Datanode txId=19 containerId=#19 committed by dnId=0475d2c2-d46f-403e-95a5-8ff1a5c32338
2021-08-15 14:03:30,956 [EventQueue-DeleteBlockStatusForDeletedBlockLogImpl] DEBUG block.DeletedBlockLogImpl (DeletedBlockLogImpl.java:isTransactionFailed(278)) - Got block deletion ACK from datanode, TXIDs=20, success=true
2021-08-15 14:03:30,956 [EventQueue-DeleteBlockStatusForDeletedBlockLogImpl] DEBUG block.DeletedBlockLogImpl (DeletedBlockLogImpl.java:commitTransactions(256)) - Datanode txId=20 containerId=#20 committed by dnId=0475d2c2-d46f-403e-95a5-8ff1a5c32338
2021-08-15 14:03:30,956 [EventQueue-DeleteBlockStatusForDeletedBlockLogImpl] DEBUG block.DeletedBlockLogImpl (DeletedBlockLogImpl.java:isTransactionFailed(278)) - Got block deletion ACK from datanode, TXIDs=21, success=true
2021-08-15 14:03:30,956 [EventQueue-DeleteBlockStatusForDeletedBlockLogImpl] DEBUG block.DeletedBlockLogImpl (DeletedBlockLogImpl.java:commitTransactions(256)) - Datanode txId=21 containerId=#21 committed by dnId=0475d2c2-d46f-403e-95a5-8ff1a5c32338
2021-08-15 14:03:30,956 [EventQueue-DeleteBlockStatusForDeletedBlockLogImpl] DEBUG block.DeletedBlockLogImpl (DeletedBlockLogImpl.java:isTransactionFailed(278)) - Got block deletion ACK from datanode, TXIDs=22, success=true
2021-08-15 14:03:30,956 [EventQueue-DeleteBlockStatusForDeletedBlockLogImpl] DEBUG block.DeletedBlockLogImpl (DeletedBlockLogImpl.java:commitTransactions(256)) - Datanode txId=22 containerId=#22 committed by dnId=0475d2c2-d46f-403e-95a5-8ff1a5c32338
2021-08-15 14:03:30,956 [EventQueue-DeleteBlockStatusForDeletedBlockLogImpl] DEBUG block.DeletedBlockLogImpl (DeletedBlockLogImpl.java:isTransactionFailed(278)) - Got block deletion ACK from datanode, TXIDs=23, success=true
2021-08-15 14:03:30,956 [EventQueue-DeleteBlockStatusForDeletedBlockLogImpl] DEBUG block.DeletedBlockLogImpl (DeletedBlockLogImpl.java:commitTransactions(256)) - Datanode txId=23 containerId=#23 committed by dnId=0475d2c2-d46f-403e-95a5-8ff1a5c32338
2021-08-15 14:03:30,956 [EventQueue-DeleteBlockStatusForDeletedBlockLogImpl] DEBUG block.DeletedBlockLogImpl (DeletedBlockLogImpl.java:isTransactionFailed(278)) - Got block deletion ACK from datanode, TXIDs=24, success=true
2021-08-15 14:03:30,956 [EventQueue-DeleteBlockStatusForDeletedBlockLogImpl] DEBUG block.DeletedBlockLogImpl (DeletedBlockLogImpl.java:commitTransactions(256)) - Datanode txId=24 containerId=#24 committed by dnId=0475d2c2-d46f-403e-95a5-8ff1a5c32338
2021-08-15 14:03:30,956 [EventQueue-DeleteBlockStatusForDeletedBlockLogImpl] DEBUG block.DeletedBlockLogImpl (DeletedBlockLogImpl.java:isTransactionFailed(278)) - Got block deletion ACK from datanode, TXIDs=25, success=true
2021-08-15 14:03:30,956 [EventQueue-DeleteBlockStatusForDeletedBlockLogImpl] DEBUG block.DeletedBlockLogImpl (DeletedBlockLogImpl.java:commitTransactions(256)) - Datanode txId=25 containerId=#25 committed by dnId=0475d2c2-d46f-403e-95a5-8ff1a5c32338
2021-08-15 14:03:30,956 [EventQueue-DeleteBlockStatusForDeletedBlockLogImpl] DEBUG block.DeletedBlockLogImpl (DeletedBlockLogImpl.java:isTransactionFailed(278)) - Got block deletion ACK from datanode, TXIDs=26, success=true
2021-08-15 14:03:30,956 [EventQueue-DeleteBlockStatusForDeletedBlockLogImpl] DEBUG block.DeletedBlockLogImpl (DeletedBlockLogImpl.java:commitTransactions(256)) - Datanode txId=26 containerId=#26 committed by dnId=0475d2c2-d46f-403e-95a5-8ff1a5c32338
2021-08-15 14:03:30,956 [EventQueue-DeleteBlockStatusForDeletedBlockLogImpl] DEBUG block.DeletedBlockLogImpl (DeletedBlockLogImpl.java:isTransactionFailed(278)) - Got block deletion ACK from datanode, TXIDs=27, success=true
2021-08-15 14:03:30,956 [EventQueue-DeleteBlockStatusForDeletedBlockLogImpl] DEBUG block.DeletedBlockLogImpl (DeletedBlockLogImpl.java:commitTransactions(256)) - Datanode txId=27 containerId=#27 committed by dnId=0475d2c2-d46f-403e-95a5-8ff1a5c32338
2021-08-15 14:03:30,956 [EventQueue-DeleteBlockStatusForDeletedBlockLogImpl] DEBUG block.DeletedBlockLogImpl (DeletedBlockLogImpl.java:isTransactionFailed(278)) - Got block deletion ACK from datanode, TXIDs=1, success=true
2021-08-15 14:03:30,957 [EventQueue-DeleteBlockStatusForDeletedBlockLogImpl] DEBUG block.DeletedBlockLogImpl (DeletedBlockLogImpl.java:commitTransactions(224)) - Transaction txId=1 commit by dnId=0475d2c2-d46f-403e-95a5-8ff1a5c32338 for containerID=#1 failed. Corresponding entry not found.
2021-08-15 14:03:30,957 [EventQueue-DeleteBlockStatusForDeletedBlockLogImpl] DEBUG block.DeletedBlockLogImpl (DeletedBlockLogImpl.java:isTransactionFailed(278)) - Got block deletion ACK from datanode, TXIDs=2, success=true
2021-08-15 14:03:30,957 [EventQueue-DeleteBlockStatusForDeletedBlockLogImpl] DEBUG block.DeletedBlockLogImpl (DeletedBlockLogImpl.java:commitTransactions(224)) - Transaction txId=2 commit by dnId=0475d2c2-d46f-403e-95a5-8ff1a5c32338 for containerID=#2 failed. Corresponding entry not found.
2021-08-15 14:03:30,957 [EventQueue-DeleteBlockStatusForDeletedBlockLogImpl] DEBUG block.DeletedBlockLogImpl (DeletedBlockLogImpl.java:isTransactionFailed(278)) - Got block deletion ACK from datanode, TXIDs=3, success=true
2021-08-15 14:03:30,957 [EventQueue-DeleteBlockStatusForDeletedBlockLogImpl] DEBUG block.DeletedBlockLogImpl (DeletedBlockLogImpl.java:commitTransactions(224)) - Transaction txId=3 commit by dnId=0475d2c2-d46f-403e-95a5-8ff1a5c32338 for containerID=#3 failed. Corresponding entry not found.
2021-08-15 14:03:30,957 [EventQueue-DeleteBlockStatusForDeletedBlockLogImpl] DEBUG block.DeletedBlockLogImpl (DeletedBlockLogImpl.java:isTransactionFailed(278)) - Got block deletion ACK from datanode, TXIDs=1, success=true
2021-08-15 14:03:30,957 [EventQueue-DeleteBlockStatusForDeletedBlockLogImpl] DEBUG block.DeletedBlockLogImpl (DeletedBlockLogImpl.java:commitTransactions(224)) - Transaction txId=1 commit by dnId=0475d2c2-d46f-403e-95a5-8ff1a5c32338 for containerID=#1 failed. Corresponding entry not found.
2021-08-15 14:03:30,957 [EventQueue-DeleteBlockStatusForDeletedBlockLogImpl] DEBUG block.DeletedBlockLogImpl (DeletedBlockLogImpl.java:isTransactionFailed(278)) - Got block deletion ACK from datanode, TXIDs=2, success=true
2021-08-15 14:03:30,957 [EventQueue-DeleteBlockStatusForDeletedBlockLogImpl] DEBUG block.DeletedBlockLogImpl (DeletedBlockLogImpl.java:commitTransactions(224)) - Transaction txId=2 commit by dnId=0475d2c2-d46f-403e-95a5-8ff1a5c32338 for containerID=#2 failed. Corresponding entry not found.
2021-08-15 14:03:30,957 [EventQueue-DeleteBlockStatusForDeletedBlockLogImpl] DEBUG block.DeletedBlockLogImpl (DeletedBlockLogImpl.java:isTransactionFailed(278)) - Got block deletion ACK from datanode, TXIDs=1, success=true
2021-08-15 14:03:30,957 [EventQueue-DeleteBlockStatusForDeletedBlockLogImpl] DEBUG block.DeletedBlockLogImpl (DeletedBlockLogImpl.java:commitTransactions(224)) - Transaction txId=1 commit by dnId=0475d2c2-d46f-403e-95a5-8ff1a5c32338 for containerID=#1 failed. Corresponding entry not found.
2021-08-15 14:03:30,957 [EventQueue-DeleteBlockStatusForDeletedBlockLogImpl] DEBUG block.DeletedBlockLogImpl (DeletedBlockLogImpl.java:isTransactionFailed(278)) - Got block deletion ACK from datanode, TXIDs=2, success=true
2021-08-15 14:03:30,957 [EventQueue-DeleteBlockStatusForDeletedBlockLogImpl] DEBUG block.DeletedBlockLogImpl (DeletedBlockLogImpl.java:commitTransactions(224)) - Transaction txId=2 commit by dnId=0475d2c2-d46f-403e-95a5-8ff1a5c32338 for containerID=#2 failed. Corresponding entry not found.
2021-08-15 14:03:30,957 [EventQueue-DeleteBlockStatusForDeletedBlockLogImpl] DEBUG block.DeletedBlockLogImpl (DeletedBlockLogImpl.java:isTransactionFailed(278)) - Got block deletion ACK from datanode, TXIDs=3, success=true
2021-08-15 14:03:30,957 [EventQueue-DeleteBlockStatusForDeletedBlockLogImpl] DEBUG block.DeletedBlockLogImpl (DeletedBlockLogImpl.java:commitTransactions(224)) - Transaction txId=3 commit by dnId=0475d2c2-d46f-403e-95a5-8ff1a5c32338 for containerID=#3 failed. Corresponding entry not found.
2021-08-15 14:03:30,957 [EventQueue-DeleteBlockStatusForDeletedBlockLogImpl] DEBUG block.DeletedBlockLogImpl (DeletedBlockLogImpl.java:isTransactionFailed(278)) - Got block deletion ACK from datanode, TXIDs=4, success=true
2021-08-15 14:03:30,957 [EventQueue-DeleteBlockStatusForDeletedBlockLogImpl] DEBUG block.DeletedBlockLogImpl (DeletedBlockLogImpl.java:commitTransactions(224)) - Transaction txId=4 commit by dnId=0475d2c2-d46f-403e-95a5-8ff1a5c32338 for containerID=#4 failed. Corresponding entry not found.
2021-08-15 14:03:30,957 [EventQueue-DeleteBlockStatusForDeletedBlockLogImpl] DEBUG block.DeletedBlockLogImpl (DeletedBlockLogImpl.java:isTransactionFailed(278)) - Got block deletion ACK from datanode, TXIDs=5, success=true
2021-08-15 14:03:30,957 [EventQueue-DeleteBlockStatusForDeletedBlockLogImpl] DEBUG block.DeletedBlockLogImpl (DeletedBlockLogImpl.java:commitTransactions(224)) - Transaction txId=5 commit by dnId=0475d2c2-d46f-403e-95a5-8ff1a5c32338 for containerID=#5 failed. Corresponding entry not found.
2021-08-15 14:03:30,957 [EventQueue-DeleteBlockStatusForDeletedBlockLogImpl] DEBUG block.DeletedBlockLogImpl (DeletedBlockLogImpl.java:isTransactionFailed(278)) - Got block deletion ACK from datanode, TXIDs=1, success=true
2021-08-15 14:03:30,957 [EventQueue-DeleteBlockStatusForDeletedBlockLogImpl] DEBUG block.DeletedBlockLogImpl (DeletedBlockLogImpl.java:commitTransactions(224)) - Transaction txId=1 commit by dnId=0475d2c2-d46f-403e-95a5-8ff1a5c32338 for containerID=#1 failed. Corresponding entry not found.
2021-08-15 14:03:30,957 [EventQueue-DeleteBlockStatusForDeletedBlockLogImpl] DEBUG block.DeletedBlockLogImpl (DeletedBlockLogImpl.java:isTransactionFailed(278)) - Got block deletion ACK from datanode, TXIDs=2, success=true
2021-08-15 14:03:30,957 [EventQueue-DeleteBlockStatusForDeletedBlockLogImpl] DEBUG block.DeletedBlockLogImpl (DeletedBlockLogImpl.java:commitTransactions(224)) - Transaction txId=2 commit by dnId=0475d2c2-d46f-403e-95a5-8ff1a5c32338 for containerID=#2 failed. Corresponding entry not found.
2021-08-15 14:03:30,957 [EventQueue-DeleteBlockStatusForDeletedBlockLogImpl] DEBUG block.DeletedBlockLogImpl (DeletedBlockLogImpl.java:isTransactionFailed(278)) - Got block deletion ACK from datanode, TXIDs=3, success=true
2021-08-15 14:03:30,957 [EventQueue-DeleteBlockStatusForDeletedBlockLogImpl] DEBUG block.DeletedBlockLogImpl (DeletedBlockLogImpl.java:commitTransactions(224)) - Transaction txId=3 commit by dnId=0475d2c2-d46f-403e-95a5-8ff1a5c32338 for containerID=#3 failed. Corresponding entry not found.
2021-08-15 14:03:30,957 [EventQueue-DeleteBlockStatusForDeletedBlockLogImpl] DEBUG block.DeletedBlockLogImpl (DeletedBlockLogImpl.java:isTransactionFailed(278)) - Got block deletion ACK from datanode, TXIDs=4, success=true
2021-08-15 14:03:30,957 [EventQueue-DeleteBlockStatusForDeletedBlockLogImpl] DEBUG block.DeletedBlockLogImpl (DeletedBlockLogImpl.java:commitTransactions(224)) - Transaction txId=4 commit by dnId=0475d2c2-d46f-403e-95a5-8ff1a5c32338 for containerID=#4 failed. Corresponding entry not found.
2021-08-15 14:03:30,957 [EventQueue-DeleteBlockStatusForDeletedBlockLogImpl] DEBUG block.DeletedBlockLogImpl (DeletedBlockLogImpl.java:isTransactionFailed(278)) - Got block deletion ACK from datanode, TXIDs=1, success=true
2021-08-15 14:03:30,957 [EventQueue-DeleteBlockStatusForDeletedBlockLogImpl] DEBUG block.DeletedBlockLogImpl (DeletedBlockLogImpl.java:commitTransactions(224)) - Transaction txId=1 commit by dnId=0475d2c2-d46f-403e-95a5-8ff1a5c32338 for containerID=#1 failed. Corresponding entry not found.
2021-08-15 14:03:30,957 [EventQueue-DeleteBlockStatusForDeletedBlockLogImpl] DEBUG block.DeletedBlockLogImpl (DeletedBlockLogImpl.java:isTransactionFailed(278)) - Got block deletion ACK from datanode, TXIDs=2, success=true
2021-08-15 14:03:30,957 [EventQueue-DeleteBlockStatusForDeletedBlockLogImpl] DEBUG block.DeletedBlockLogImpl (DeletedBlockLogImpl.java:commitTransactions(224)) - Transaction txId=2 commit by dnId=0475d2c2-d46f-403e-95a5-8ff1a5c32338 for containerID=#2 failed. Corresponding entry not found.
2021-08-15 14:03:30,957 [EventQueue-DeleteBlockStatusForDeletedBlockLogImpl] DEBUG block.DeletedBlockLogImpl (DeletedBlockLogImpl.java:isTransactionFailed(278)) - Got block deletion ACK from datanode, TXIDs=3, success=true
2021-08-15 14:03:30,957 [EventQueue-DeleteBlockStatusForDeletedBlockLogImpl] DEBUG block.DeletedBlockLogImpl (DeletedBlockLogImpl.java:commitTransactions(224)) - Transaction txId=3 commit by dnId=0475d2c2-d46f-403e-95a5-8ff1a5c32338 for containerID=#3 failed. Corresponding entry not found.
2021-08-15 14:03:30,957 [EventQueue-DeleteBlockStatusForDeletedBlockLogImpl] DEBUG block.DeletedBlockLogImpl (DeletedBlockLogImpl.java:isTransactionFailed(278)) - Got block deletion ACK from datanode, TXIDs=4, success=true
2021-08-15 14:03:30,957 [EventQueue-DeleteBlockStatusForDeletedBlockLogImpl] DEBUG block.DeletedBlockLogImpl (DeletedBlockLogImpl.java:commitTransactions(224)) - Transaction txId=4 commit by dnId=0475d2c2-d46f-403e-95a5-8ff1a5c32338 for containerID=#4 failed. Corresponding entry not found.
2021-08-15 14:03:30,957 [EventQueue-DeleteBlockStatusForDeletedBlockLogImpl] DEBUG block.DeletedBlockLogImpl (DeletedBlockLogImpl.java:isTransactionFailed(278)) - Got block deletion ACK from datanode, TXIDs=5, success=true
2021-08-15 14:03:30,957 [EventQueue-DeleteBlockStatusForDeletedBlockLogImpl] DEBUG block.DeletedBlockLogImpl (DeletedBlockLogImpl.java:commitTransactions(224)) - Transaction txId=5 commit by dnId=0475d2c2-d46f-403e-95a5-8ff1a5c32338 for containerID=#5 failed. Corresponding entry not found.
2021-08-15 14:03:30,957 [EventQueue-DeleteBlockStatusForDeletedBlockLogImpl] DEBUG block.DeletedBlockLogImpl (DeletedBlockLogImpl.java:isTransactionFailed(278)) - Got block deletion ACK from datanode, TXIDs=6, success=true
2021-08-15 14:03:30,957 [EventQueue-DeleteBlockStatusForDeletedBlockLogImpl] DEBUG block.DeletedBlockLogImpl (DeletedBlockLogImpl.java:commitTransactions(224)) - Transaction txId=6 commit by dnId=0475d2c2-d46f-403e-95a5-8ff1a5c32338 for containerID=#6 failed. Corresponding entry not found.
2021-08-15 14:03:30,957 [EventQueue-DeleteBlockStatusForDeletedBlockLogImpl] DEBUG block.DeletedBlockLogImpl (DeletedBlockLogImpl.java:isTransactionFailed(278)) - Got block deletion ACK from datanode, TXIDs=7, success=true
2021-08-15 14:03:30,957 [EventQueue-DeleteBlockStatusForDeletedBlockLogImpl] DEBUG block.DeletedBlockLogImpl (DeletedBlockLogImpl.java:commitTransactions(224)) - Transaction txId=7 commit by dnId=0475d2c2-d46f-403e-95a5-8ff1a5c32338 for containerID=#7 failed. Corresponding entry not found.
2021-08-15 14:03:30,957 [EventQueue-DeleteBlockStatusForDeletedBlockLogImpl] DEBUG block.DeletedBlockLogImpl (DeletedBlockLogImpl.java:isTransactionFailed(278)) - Got block deletion ACK from datanode, TXIDs=8, success=true
2021-08-15 14:03:30,957 [EventQueue-DeleteBlockStatusForDeletedBlockLogImpl] DEBUG block.DeletedBlockLogImpl (DeletedBlockLogImpl.java:commitTransactions(224)) - Transaction txId=8 commit by dnId=0475d2c2-d46f-403e-95a5-8ff1a5c32338 for containerID=#8 failed. Corresponding entry not found.
2021-08-15 14:03:30,957 [EventQueue-DeleteBlockStatusForDeletedBlockLogImpl] DEBUG block.DeletedBlockLogImpl (DeletedBlockLogImpl.java:isTransactionFailed(278)) - Got block deletion ACK from datanode, TXIDs=9, success=true
2021-08-15 14:03:30,958 [EventQueue-DeleteBlockStatusForDeletedBlockLogImpl] DEBUG block.DeletedBlockLogImpl (DeletedBlockLogImpl.java:commitTransactions(224)) - Transaction txId=9 commit by dnId=0475d2c2-d46f-403e-95a5-8ff1a5c32338 for containerID=#9 failed. Corresponding entry not found.
2021-08-15 14:03:30,958 [EventQueue-DeleteBlockStatusForDeletedBlockLogImpl] DEBUG block.DeletedBlockLogImpl (DeletedBlockLogImpl.java:isTransactionFailed(278)) - Got block deletion ACK from datanode, TXIDs=10, success=true
2021-08-15 14:03:30,958 [EventQueue-DeleteBlockStatusForDeletedBlockLogImpl] DEBUG block.DeletedBlockLogImpl (DeletedBlockLogImpl.java:commitTransactions(224)) - Transaction txId=10 commit by dnId=0475d2c2-d46f-403e-95a5-8ff1a5c32338 for containerID=#10 failed. Corresponding entry not found.
2021-08-15 14:03:30,958 [EventQueue-DeleteBlockStatusForDeletedBlockLogImpl] DEBUG block.DeletedBlockLogImpl (DeletedBlockLogImpl.java:isTransactionFailed(278)) - Got block deletion ACK from datanode, TXIDs=11, success=true
2021-08-15 14:03:30,958 [EventQueue-DeleteBlockStatusForDeletedBlockLogImpl] DEBUG block.DeletedBlockLogImpl (DeletedBlockLogImpl.java:commitTransactions(224)) - Transaction txId=11 commit by dnId=0475d2c2-d46f-403e-95a5-8ff1a5c32338 for containerID=#11 failed. Corresponding entry not found.
2021-08-15 14:03:30,958 [EventQueue-DeleteBlockStatusForDeletedBlockLogImpl] DEBUG block.DeletedBlockLogImpl (DeletedBlockLogImpl.java:isTransactionFailed(278)) - Got block deletion ACK from datanode, TXIDs=1, success=true
2021-08-15 14:03:30,958 [EventQueue-DeleteBlockStatusForDeletedBlockLogImpl] DEBUG block.DeletedBlockLogImpl (DeletedBlockLogImpl.java:commitTransactions(224)) - Transaction txId=1 commit by dnId=0475d2c2-d46f-403e-95a5-8ff1a5c32338 for containerID=#1 failed. Corresponding entry not found.
2021-08-15 14:03:30,958 [EventQueue-DeleteBlockStatusForDeletedBlockLogImpl] DEBUG block.DeletedBlockLogImpl (DeletedBlockLogImpl.java:isTransactionFailed(278)) - Got block deletion ACK from datanode, TXIDs=2, success=true
2021-08-15 14:03:30,958 [EventQueue-DeleteBlockStatusForDeletedBlockLogImpl] DEBUG block.DeletedBlockLogImpl (DeletedBlockLogImpl.java:commitTransactions(224)) - Transaction txId=2 commit by dnId=0475d2c2-d46f-403e-95a5-8ff1a5c32338 for containerID=#2 failed. Corresponding entry not found.
2021-08-15 14:03:30,958 [EventQueue-DeleteBlockStatusForDeletedBlockLogImpl] DEBUG block.DeletedBlockLogImpl (DeletedBlockLogImpl.java:isTransactionFailed(278)) - Got block deletion ACK from datanode, TXIDs=3, success=true
2021-08-15 14:03:30,958 [EventQueue-DeleteBlockStatusForDeletedBlockLogImpl] DEBUG block.DeletedBlockLogImpl (DeletedBlockLogImpl.java:commitTransactions(224)) - Transaction txId=3 commit by dnId=0475d2c2-d46f-403e-95a5-8ff1a5c32338 for containerID=#3 failed. Corresponding entry not found.
2021-08-15 14:03:30,958 [EventQueue-DeleteBlockStatusForDeletedBlockLogImpl] DEBUG block.DeletedBlockLogImpl (DeletedBlockLogImpl.java:isTransactionFailed(278)) - Got block deletion ACK from datanode, TXIDs=4, success=true
2021-08-15 14:03:30,958 [EventQueue-DeleteBlockStatusForDeletedBlockLogImpl] DEBUG block.DeletedBlockLogImpl (DeletedBlockLogImpl.java:commitTransactions(224)) - Transaction txId=4 commit by dnId=0475d2c2-d46f-403e-95a5-8ff1a5c32338 for containerID=#4 failed. Corresponding entry not found.
2021-08-15 14:03:30,958 [EventQueue-DeleteBlockStatusForDeletedBlockLogImpl] DEBUG block.DeletedBlockLogImpl (DeletedBlockLogImpl.java:isTransactionFailed(278)) - Got block deletion ACK from datanode, TXIDs=5, success=true
2021-08-15 14:03:30,958 [EventQueue-DeleteBlockStatusForDeletedBlockLogImpl] DEBUG block.DeletedBlockLogImpl (DeletedBlockLogImpl.java:commitTransactions(224)) - Transaction txId=5 commit by dnId=0475d2c2-d46f-403e-95a5-8ff1a5c32338 for containerID=#5 failed. Corresponding entry not found.
2021-08-15 14:03:30,958 [EventQueue-DeleteBlockStatusForDeletedBlockLogImpl] DEBUG block.DeletedBlockLogImpl (DeletedBlockLogImpl.java:isTransactionFailed(278)) - Got block deletion ACK from datanode, TXIDs=6, success=true
2021-08-15 14:03:30,958 [EventQueue-DeleteBlockStatusForDeletedBlockLogImpl] DEBUG block.DeletedBlockLogImpl (DeletedBlockLogImpl.java:commitTransactions(224)) - Transaction txId=6 commit by dnId=0475d2c2-d46f-403e-95a5-8ff1a5c32338 for containerID=#6 failed. Corresponding entry not found.
2021-08-15 14:03:30,958 [EventQueue-DeleteBlockStatusForDeletedBlockLogImpl] DEBUG block.DeletedBlockLogImpl (DeletedBlockLogImpl.java:isTransactionFailed(278)) - Got block deletion ACK from datanode, TXIDs=7, success=true
2021-08-15 14:03:30,958 [EventQueue-DeleteBlockStatusForDeletedBlockLogImpl] DEBUG block.DeletedBlockLogImpl (DeletedBlockLogImpl.java:commitTransactions(224)) - Transaction txId=7 commit by dnId=0475d2c2-d46f-403e-95a5-8ff1a5c32338 for containerID=#7 failed. Corresponding entry not found.
2021-08-15 14:03:30,958 [EventQueue-DeleteBlockStatusForDeletedBlockLogImpl] DEBUG block.DeletedBlockLogImpl (DeletedBlockLogImpl.java:isTransactionFailed(278)) - Got block deletion ACK from datanode, TXIDs=8, success=true
2021-08-15 14:03:30,958 [EventQueue-DeleteBlockStatusForDeletedBlockLogImpl] DEBUG block.DeletedBlockLogImpl (DeletedBlockLogImpl.java:commitTransactions(224)) - Transaction txId=8 commit by dnId=0475d2c2-d46f-403e-95a5-8ff1a5c32338 for containerID=#8 failed. Corresponding entry not found.
2021-08-15 14:03:30,958 [EventQueue-DeleteBlockStatusForDeletedBlockLogImpl] DEBUG block.DeletedBlockLogImpl (DeletedBlockLogImpl.java:isTransactionFailed(278)) - Got block deletion ACK from datanode, TXIDs=9, success=true
2021-08-15 14:03:30,958 [EventQueue-DeleteBlockStatusForDeletedBlockLogImpl] DEBUG block.DeletedBlockLogImpl (DeletedBlockLogImpl.java:commitTransactions(224)) - Transaction txId=9 commit by dnId=0475d2c2-d46f-403e-95a5-8ff1a5c32338 for containerID=#9 failed. Corresponding entry not found.
2021-08-15 14:03:30,958 [EventQueue-DeleteBlockStatusForDeletedBlockLogImpl] DEBUG block.DeletedBlockLogImpl (DeletedBlockLogImpl.java:isTransactionFailed(278)) - Got block deletion ACK from datanode, TXIDs=1, success=true
2021-08-15 14:03:30,958 [EventQueue-DeleteBlockStatusForDeletedBlockLogImpl] DEBUG block.DeletedBlockLogImpl (DeletedBlockLogImpl.java:commitTransactions(224)) - Transaction txId=1 commit by dnId=0475d2c2-d46f-403e-95a5-8ff1a5c32338 for containerID=#1 failed. Corresponding entry not found.
2021-08-15 14:03:30,958 [EventQueue-DeleteBlockStatusForDeletedBlockLogImpl] DEBUG block.DeletedBlockLogImpl (DeletedBlockLogImpl.java:isTransactionFailed(278)) - Got block deletion ACK from datanode, TXIDs=2, success=true
2021-08-15 14:03:30,958 [EventQueue-DeleteBlockStatusForDeletedBlockLogImpl] DEBUG block.DeletedBlockLogImpl (DeletedBlockLogImpl.java:commitTransactions(224)) - Transaction txId=2 commit by dnId=0475d2c2-d46f-403e-95a5-8ff1a5c32338 for containerID=#2 failed. Corresponding entry not found.
2021-08-15 14:03:30,958 [EventQueue-DeleteBlockStatusForDeletedBlockLogImpl] DEBUG block.DeletedBlockLogImpl (DeletedBlockLogImpl.java:isTransactionFailed(278)) - Got block deletion ACK from datanode, TXIDs=3, success=true
2021-08-15 14:03:30,958 [EventQueue-DeleteBlockStatusForDeletedBlockLogImpl] DEBUG block.DeletedBlockLogImpl (DeletedBlockLogImpl.java:commitTransactions(224)) - Transaction txId=3 commit by dnId=0475d2c2-d46f-403e-95a5-8ff1a5c32338 for containerID=#3 failed. Corresponding entry not found.
2021-08-15 14:03:30,958 [EventQueue-DeleteBlockStatusForDeletedBlockLogImpl] DEBUG block.DeletedBlockLogImpl (DeletedBlockLogImpl.java:isTransactionFailed(278)) - Got block deletion ACK from datanode, TXIDs=4, success=true
2021-08-15 14:03:30,958 [EventQueue-DeleteBlockStatusForDeletedBlockLogImpl] DEBUG block.DeletedBlockLogImpl (DeletedBlockLogImpl.java:commitTransactions(224)) - Transaction txId=4 commit by dnId=0475d2c2-d46f-403e-95a5-8ff1a5c32338 for containerID=#4 failed. Corresponding entry not found.
2021-08-15 14:03:30,958 [EventQueue-DeleteBlockStatusForDeletedBlockLogImpl] DEBUG block.DeletedBlockLogImpl (DeletedBlockLogImpl.java:isTransactionFailed(278)) - Got block deletion ACK from datanode, TXIDs=5, success=true
2021-08-15 14:03:30,958 [EventQueue-DeleteBlockStatusForDeletedBlockLogImpl] DEBUG block.DeletedBlockLogImpl (DeletedBlockLogImpl.java:commitTransactions(224)) - Transaction txId=5 commit by dnId=0475d2c2-d46f-403e-95a5-8ff1a5c32338 for containerID=#5 failed. Corresponding entry not found.
2021-08-15 14:03:30,958 [EventQueue-DeleteBlockStatusForDeletedBlockLogImpl] DEBUG block.DeletedBlockLogImpl (DeletedBlockLogImpl.java:isTransactionFailed(278)) - Got block deletion ACK from datanode, TXIDs=6, success=true
2021-08-15 14:03:30,958 [EventQueue-DeleteBlockStatusForDeletedBlockLogImpl] DEBUG block.DeletedBlockLogImpl (DeletedBlockLogImpl.java:commitTransactions(224)) - Transaction txId=6 commit by dnId=0475d2c2-d46f-403e-95a5-8ff1a5c32338 for containerID=#6 failed. Corresponding entry not found.
2021-08-15 14:03:30,958 [EventQueue-DeleteBlockStatusForDeletedBlockLogImpl] DEBUG block.DeletedBlockLogImpl (DeletedBlockLogImpl.java:isTransactionFailed(278)) - Got block deletion ACK from datanode, TXIDs=7, success=true
2021-08-15 14:03:30,958 [EventQueue-DeleteBlockStatusForDeletedBlockLogImpl] DEBUG block.DeletedBlockLogImpl (DeletedBlockLogImpl.java:commitTransactions(224)) - Transaction txId=7 commit by dnId=0475d2c2-d46f-403e-95a5-8ff1a5c32338 for containerID=#7 failed. Corresponding entry not found.
2021-08-15 14:03:30,958 [EventQueue-DeleteBlockStatusForDeletedBlockLogImpl] DEBUG block.DeletedBlockLogImpl (DeletedBlockLogImpl.java:isTransactionFailed(278)) - Got block deletion ACK from datanode, TXIDs=1, success=true
2021-08-15 14:03:30,958 [EventQueue-DeleteBlockStatusForDeletedBlockLogImpl] DEBUG block.DeletedBlockLogImpl (DeletedBlockLogImpl.java:commitTransactions(224)) - Transaction txId=1 commit by dnId=0475d2c2-d46f-403e-95a5-8ff1a5c32338 for containerID=#1 failed. Corresponding entry not found.
2021-08-15 14:03:30,958 [EventQueue-DeleteBlockStatusForDeletedBlockLogImpl] DEBUG block.DeletedBlockLogImpl (DeletedBlockLogImpl.java:isTransactionFailed(278)) - Got block deletion ACK from datanode, TXIDs=2, success=true
2021-08-15 14:03:30,958 [EventQueue-DeleteBlockStatusForDeletedBlockLogImpl] DEBUG block.DeletedBlockLogImpl (DeletedBlockLogImpl.java:commitTransactions(224)) - Transaction txId=2 commit by dnId=0475d2c2-d46f-403e-95a5-8ff1a5c32338 for containerID=#2 failed. Corresponding entry not found.
2021-08-15 14:03:30,958 [EventQueue-DeleteBlockStatusForDeletedBlockLogImpl] DEBUG block.DeletedBlockLogImpl (DeletedBlockLogImpl.java:isTransactionFailed(278)) - Got block deletion ACK from datanode, TXIDs=3, success=true
2021-08-15 14:03:30,958 [EventQueue-DeleteBlockStatusForDeletedBlockLogImpl] DEBUG block.DeletedBlockLogImpl (DeletedBlockLogImpl.java:commitTransactions(224)) - Transaction txId=3 commit by dnId=0475d2c2-d46f-403e-95a5-8ff1a5c32338 for containerID=#3 failed. Corresponding entry not found.
2021-08-15 14:03:30,958 [EventQueue-DeleteBlockStatusForDeletedBlockLogImpl] DEBUG block.DeletedBlockLogImpl (DeletedBlockLogImpl.java:isTransactionFailed(278)) - Got block deletion ACK from datanode, TXIDs=4, success=true
2021-08-15 14:03:30,959 [EventQueue-DeleteBlockStatusForDeletedBlockLogImpl] DEBUG block.DeletedBlockLogImpl (DeletedBlockLogImpl.java:commitTransactions(224)) - Transaction txId=4 commit by dnId=0475d2c2-d46f-403e-95a5-8ff1a5c32338 for containerID=#4 failed. Corresponding entry not found.
2021-08-15 14:03:30,959 [EventQueue-DeleteBlockStatusForDeletedBlockLogImpl] DEBUG block.DeletedBlockLogImpl (DeletedBlockLogImpl.java:isTransactionFailed(278)) - Got block deletion ACK from datanode, TXIDs=5, success=true
2021-08-15 14:03:30,959 [EventQueue-DeleteBlockStatusForDeletedBlockLogImpl] DEBUG block.DeletedBlockLogImpl (DeletedBlockLogImpl.java:commitTransactions(224)) - Transaction txId=5 commit by dnId=0475d2c2-d46f-403e-95a5-8ff1a5c32338 for containerID=#5 failed. Corresponding entry not found.
2021-08-15 14:03:30,959 [EventQueue-DeleteBlockStatusForDeletedBlockLogImpl] DEBUG block.DeletedBlockLogImpl (DeletedBlockLogImpl.java:isTransactionFailed(278)) - Got block deletion ACK from datanode, TXIDs=6, success=true
2021-08-15 14:03:30,959 [EventQueue-DeleteBlockStatusForDeletedBlockLogImpl] DEBUG block.DeletedBlockLogImpl (DeletedBlockLogImpl.java:commitTransactions(224)) - Transaction txId=6 commit by dnId=0475d2c2-d46f-403e-95a5-8ff1a5c32338 for containerID=#6 failed. Corresponding entry not found.
2021-08-15 14:03:30,959 [EventQueue-DeleteBlockStatusForDeletedBlockLogImpl] DEBUG block.DeletedBlockLogImpl (DeletedBlockLogImpl.java:isTransactionFailed(278)) - Got block deletion ACK from datanode, TXIDs=7, success=true
2021-08-15 14:03:30,959 [EventQueue-DeleteBlockStatusForDeletedBlockLogImpl] DEBUG block.DeletedBlockLogImpl (DeletedBlockLogImpl.java:commitTransactions(224)) - Transaction txId=7 commit by dnId=0475d2c2-d46f-403e-95a5-8ff1a5c32338 for containerID=#7 failed. Corresponding entry not found.
2021-08-15 14:03:30,959 [EventQueue-DeleteBlockStatusForDeletedBlockLogImpl] DEBUG block.DeletedBlockLogImpl (DeletedBlockLogImpl.java:isTransactionFailed(278)) - Got block deletion ACK from datanode, TXIDs=8, success=true
2021-08-15 14:03:30,959 [EventQueue-DeleteBlockStatusForDeletedBlockLogImpl] DEBUG block.DeletedBlockLogImpl (DeletedBlockLogImpl.java:commitTransactions(224)) - Transaction txId=8 commit by dnId=0475d2c2-d46f-403e-95a5-8ff1a5c32338 for containerID=#8 failed. Corresponding entry not found.
2021-08-15 14:03:30,959 [EventQueue-DeleteBlockStatusForDeletedBlockLogImpl] DEBUG block.DeletedBlockLogImpl (DeletedBlockLogImpl.java:isTransactionFailed(278)) - Got block deletion ACK from datanode, TXIDs=9, success=true
2021-08-15 14:03:30,959 [EventQueue-DeleteBlockStatusForDeletedBlockLogImpl] DEBUG block.DeletedBlockLogImpl (DeletedBlockLogImpl.java:commitTransactions(224)) - Transaction txId=9 commit by dnId=0475d2c2-d46f-403e-95a5-8ff1a5c32338 for containerID=#9 failed. Corresponding entry not found.
2021-08-15 14:03:30,959 [EventQueue-DeleteBlockStatusForDeletedBlockLogImpl] DEBUG block.DeletedBlockLogImpl (DeletedBlockLogImpl.java:isTransactionFailed(278)) - Got block deletion ACK from datanode, TXIDs=10, success=true
2021-08-15 14:03:30,959 [EventQueue-DeleteBlockStatusForDeletedBlockLogImpl] DEBUG block.DeletedBlockLogImpl (DeletedBlockLogImpl.java:commitTransactions(224)) - Transaction txId=10 commit by dnId=0475d2c2-d46f-403e-95a5-8ff1a5c32338 for containerID=#10 failed. Corresponding entry not found.
2021-08-15 14:03:30,959 [EventQueue-DeleteBlockStatusForDeletedBlockLogImpl] DEBUG block.DeletedBlockLogImpl (DeletedBlockLogImpl.java:isTransactionFailed(278)) - Got block deletion ACK from datanode, TXIDs=11, success=true
2021-08-15 14:03:30,959 [EventQueue-DeleteBlockStatusForDeletedBlockLogImpl] DEBUG block.DeletedBlockLogImpl (DeletedBlockLogImpl.java:commitTransactions(224)) - Transaction txId=11 commit by dnId=0475d2c2-d46f-403e-95a5-8ff1a5c32338 for containerID=#11 failed. Corresponding entry not found.
2021-08-15 14:03:30,959 [EventQueue-DeleteBlockStatusForDeletedBlockLogImpl] DEBUG block.DeletedBlockLogImpl (DeletedBlockLogImpl.java:isTransactionFailed(278)) - Got block deletion ACK from datanode, TXIDs=12, success=true
2021-08-15 14:03:30,959 [EventQueue-DeleteBlockStatusForDeletedBlockLogImpl] DEBUG block.DeletedBlockLogImpl (DeletedBlockLogImpl.java:commitTransactions(224)) - Transaction txId=12 commit by dnId=0475d2c2-d46f-403e-95a5-8ff1a5c32338 for containerID=#12 failed. Corresponding entry not found.
2021-08-15 14:03:30,959 [EventQueue-DeleteBlockStatusForDeletedBlockLogImpl] DEBUG block.DeletedBlockLogImpl (DeletedBlockLogImpl.java:isTransactionFailed(278)) - Got block deletion ACK from datanode, TXIDs=13, success=true
2021-08-15 14:03:30,959 [EventQueue-DeleteBlockStatusForDeletedBlockLogImpl] DEBUG block.DeletedBlockLogImpl (DeletedBlockLogImpl.java:commitTransactions(224)) - Transaction txId=13 commit by dnId=0475d2c2-d46f-403e-95a5-8ff1a5c32338 for containerID=#13 failed. Corresponding entry not found.
2021-08-15 14:03:30,959 [EventQueue-DeleteBlockStatusForDeletedBlockLogImpl] DEBUG block.DeletedBlockLogImpl (DeletedBlockLogImpl.java:isTransactionFailed(278)) - Got block deletion ACK from datanode, TXIDs=14, success=true
2021-08-15 14:03:30,959 [EventQueue-DeleteBlockStatusForDeletedBlockLogImpl] DEBUG block.DeletedBlockLogImpl (DeletedBlockLogImpl.java:commitTransactions(224)) - Transaction txId=14 commit by dnId=0475d2c2-d46f-403e-95a5-8ff1a5c32338 for containerID=#14 failed. Corresponding entry not found.
2021-08-15 14:03:30,959 [EventQueue-DeleteBlockStatusForDeletedBlockLogImpl] DEBUG block.DeletedBlockLogImpl (DeletedBlockLogImpl.java:isTransactionFailed(278)) - Got block deletion ACK from datanode, TXIDs=15, success=true
2021-08-15 14:03:30,959 [EventQueue-DeleteBlockStatusForDeletedBlockLogImpl] DEBUG block.DeletedBlockLogImpl (DeletedBlockLogImpl.java:commitTransactions(224)) - Transaction txId=15 commit by dnId=0475d2c2-d46f-403e-95a5-8ff1a5c32338 for containerID=#15 failed. Corresponding entry not found.
2021-08-15 14:03:30,959 [EventQueue-DeleteBlockStatusForDeletedBlockLogImpl] DEBUG block.DeletedBlockLogImpl (DeletedBlockLogImpl.java:isTransactionFailed(278)) - Got block deletion ACK from datanode, TXIDs=16, success=true
2021-08-15 14:03:30,959 [EventQueue-DeleteBlockStatusForDeletedBlockLogImpl] DEBUG block.DeletedBlockLogImpl (DeletedBlockLogImpl.java:commitTransactions(224)) - Transaction txId=16 commit by dnId=0475d2c2-d46f-403e-95a5-8ff1a5c32338 for containerID=#16 failed. Corresponding entry not found.
2021-08-15 14:03:30,959 [EventQueue-DeleteBlockStatusForDeletedBlockLogImpl] DEBUG block.DeletedBlockLogImpl (DeletedBlockLogImpl.java:isTransactionFailed(278)) - Got block deletion ACK from datanode, TXIDs=1, success=true
2021-08-15 14:03:30,959 [EventQueue-DeleteBlockStatusForDeletedBlockLogImpl] DEBUG block.DeletedBlockLogImpl (DeletedBlockLogImpl.java:commitTransactions(224)) - Transaction txId=1 commit by dnId=0475d2c2-d46f-403e-95a5-8ff1a5c32338 for containerID=#1 failed. Corresponding entry not found.
2021-08-15 14:03:30,959 [EventQueue-DeleteBlockStatusForDeletedBlockLogImpl] DEBUG block.DeletedBlockLogImpl (DeletedBlockLogImpl.java:isTransactionFailed(278)) - Got block deletion ACK from datanode, TXIDs=2, success=true
2021-08-15 14:03:30,959 [EventQueue-DeleteBlockStatusForDeletedBlockLogImpl] DEBUG block.DeletedBlockLogImpl (DeletedBlockLogImpl.java:commitTransactions(224)) - Transaction txId=2 commit by dnId=0475d2c2-d46f-403e-95a5-8ff1a5c32338 for containerID=#2 failed. Corresponding entry not found.
2021-08-15 14:03:30,959 [EventQueue-DeleteBlockStatusForDeletedBlockLogImpl] DEBUG block.DeletedBlockLogImpl (DeletedBlockLogImpl.java:isTransactionFailed(278)) - Got block deletion ACK from datanode, TXIDs=3, success=true
2021-08-15 14:03:30,959 [EventQueue-DeleteBlockStatusForDeletedBlockLogImpl] DEBUG block.DeletedBlockLogImpl (DeletedBlockLogImpl.java:commitTransactions(224)) - Transaction txId=3 commit by dnId=0475d2c2-d46f-403e-95a5-8ff1a5c32338 for containerID=#3 failed. Corresponding entry not found.
2021-08-15 14:03:30,959 [EventQueue-DeleteBlockStatusForDeletedBlockLogImpl] DEBUG block.DeletedBlockLogImpl (DeletedBlockLogImpl.java:isTransactionFailed(278)) - Got block deletion ACK from datanode, TXIDs=4, success=true
2021-08-15 14:03:30,959 [EventQueue-DeleteBlockStatusForDeletedBlockLogImpl] DEBUG block.DeletedBlockLogImpl (DeletedBlockLogImpl.java:commitTransactions(224)) - Transaction txId=4 commit by dnId=0475d2c2-d46f-403e-95a5-8ff1a5c32338 for containerID=#4 failed. Corresponding entry not found.
2021-08-15 14:03:30,959 [EventQueue-DeleteBlockStatusForDeletedBlockLogImpl] DEBUG block.DeletedBlockLogImpl (DeletedBlockLogImpl.java:isTransactionFailed(278)) - Got block deletion ACK from datanode, TXIDs=5, success=true
2021-08-15 14:03:30,959 [EventQueue-DeleteBlockStatusForDeletedBlockLogImpl] DEBUG block.DeletedBlockLogImpl (DeletedBlockLogImpl.java:commitTransactions(224)) - Transaction txId=5 commit by dnId=0475d2c2-d46f-403e-95a5-8ff1a5c32338 for containerID=#5 failed. Corresponding entry not found.
2021-08-15 14:03:30,959 [EventQueue-DeleteBlockStatusForDeletedBlockLogImpl] DEBUG block.DeletedBlockLogImpl (DeletedBlockLogImpl.java:isTransactionFailed(278)) - Got block deletion ACK from datanode, TXIDs=6, success=true
2021-08-15 14:03:30,959 [EventQueue-DeleteBlockStatusForDeletedBlockLogImpl] DEBUG block.DeletedBlockLogImpl (DeletedBlockLogImpl.java:commitTransactions(224)) - Transaction txId=6 commit by dnId=0475d2c2-d46f-403e-95a5-8ff1a5c32338 for containerID=#6 failed. Corresponding entry not found.
2021-08-15 14:03:30,959 [EventQueue-DeleteBlockStatusForDeletedBlockLogImpl] DEBUG block.DeletedBlockLogImpl (DeletedBlockLogImpl.java:isTransactionFailed(278)) - Got block deletion ACK from datanode, TXIDs=7, success=true
2021-08-15 14:03:30,959 [EventQueue-DeleteBlockStatusForDeletedBlockLogImpl] DEBUG block.DeletedBlockLogImpl (DeletedBlockLogImpl.java:commitTransactions(224)) - Transaction txId=7 commit by dnId=0475d2c2-d46f-403e-95a5-8ff1a5c32338 for containerID=#7 failed. Corresponding entry not found.
2021-08-15 14:03:30,959 [EventQueue-DeleteBlockStatusForDeletedBlockLogImpl] DEBUG block.DeletedBlockLogImpl (DeletedBlockLogImpl.java:isTransactionFailed(278)) - Got block deletion ACK from datanode, TXIDs=8, success=true
2021-08-15 14:03:30,959 [EventQueue-DeleteBlockStatusForDeletedBlockLogImpl] DEBUG block.DeletedBlockLogImpl (DeletedBlockLogImpl.java:commitTransactions(224)) - Transaction txId=8 commit by dnId=0475d2c2-d46f-403e-95a5-8ff1a5c32338 for containerID=#8 failed. Corresponding entry not found.
2021-08-15 14:03:30,959 [EventQueue-DeleteBlockStatusForDeletedBlockLogImpl] DEBUG block.DeletedBlockLogImpl (DeletedBlockLogImpl.java:isTransactionFailed(278)) - Got block deletion ACK from datanode, TXIDs=9, success=true
2021-08-15 14:03:30,959 [EventQueue-DeleteBlockStatusForDeletedBlockLogImpl] DEBUG block.DeletedBlockLogImpl (DeletedBlockLogImpl.java:commitTransactions(224)) - Transaction txId=9 commit by dnId=0475d2c2-d46f-403e-95a5-8ff1a5c32338 for containerID=#9 failed. Corresponding entry not found.
2021-08-15 14:03:30,959 [EventQueue-DeleteBlockStatusForDeletedBlockLogImpl] DEBUG block.DeletedBlockLogImpl (DeletedBlockLogImpl.java:isTransactionFailed(278)) - Got block deletion ACK from datanode, TXIDs=10, success=true
2021-08-15 14:03:30,960 [EventQueue-DeleteBlockStatusForDeletedBlockLogImpl] DEBUG block.DeletedBlockLogImpl (DeletedBlockLogImpl.java:commitTransactions(224)) - Transaction txId=10 commit by dnId=0475d2c2-d46f-403e-95a5-8ff1a5c32338 for containerID=#10 failed. Corresponding entry not found.
2021-08-15 14:03:30,960 [EventQueue-DeleteBlockStatusForDeletedBlockLogImpl] DEBUG block.DeletedBlockLogImpl (DeletedBlockLogImpl.java:isTransactionFailed(278)) - Got block deletion ACK from datanode, TXIDs=11, success=true
2021-08-15 14:03:30,960 [EventQueue-DeleteBlockStatusForDeletedBlockLogImpl] DEBUG block.DeletedBlockLogImpl (DeletedBlockLogImpl.java:commitTransactions(224)) - Transaction txId=11 commit by dnId=0475d2c2-d46f-403e-95a5-8ff1a5c32338 for containerID=#11 failed. Corresponding entry not found.
2021-08-15 14:03:30,960 [EventQueue-DeleteBlockStatusForDeletedBlockLogImpl] DEBUG block.DeletedBlockLogImpl (DeletedBlockLogImpl.java:isTransactionFailed(278)) - Got block deletion ACK from datanode, TXIDs=12, success=true
2021-08-15 14:03:30,960 [EventQueue-DeleteBlockStatusForDeletedBlockLogImpl] DEBUG block.DeletedBlockLogImpl (DeletedBlockLogImpl.java:commitTransactions(224)) - Transaction txId=12 commit by dnId=0475d2c2-d46f-403e-95a5-8ff1a5c32338 for containerID=#12 failed. Corresponding entry not found.
2021-08-15 14:03:30,960 [EventQueue-DeleteBlockStatusForDeletedBlockLogImpl] DEBUG block.DeletedBlockLogImpl (DeletedBlockLogImpl.java:isTransactionFailed(278)) - Got block deletion ACK from datanode, TXIDs=13, success=true
2021-08-15 14:03:30,960 [EventQueue-DeleteBlockStatusForDeletedBlockLogImpl] DEBUG block.DeletedBlockLogImpl (DeletedBlockLogImpl.java:commitTransactions(224)) - Transaction txId=13 commit by dnId=0475d2c2-d46f-403e-95a5-8ff1a5c32338 for containerID=#13 failed. Corresponding entry not found.
2021-08-15 14:03:30,972 [EventQueue-DeleteBlockStatusForDeletedBlockLogImpl] DEBUG block.DeletedBlockLogImpl (DeletedBlockLogImpl.java:isTransactionFailed(278)) - Got block deletion ACK from datanode, TXIDs=14, success=true
2021-08-15 14:03:30,972 [EventQueue-DeleteBlockStatusForDeletedBlockLogImpl] DEBUG block.DeletedBlockLogImpl (DeletedBlockLogImpl.java:commitTransactions(224)) - Transaction txId=14 commit by dnId=0475d2c2-d46f-403e-95a5-8ff1a5c32338 for containerID=#14 failed. Corresponding entry not found.
2021-08-15 14:03:30,972 [EventQueue-DeleteBlockStatusForDeletedBlockLogImpl] DEBUG block.DeletedBlockLogImpl (DeletedBlockLogImpl.java:isTransactionFailed(278)) - Got block deletion ACK from datanode, TXIDs=15, success=true
2021-08-15 14:03:30,972 [EventQueue-DeleteBlockStatusForDeletedBlockLogImpl] DEBUG block.DeletedBlockLogImpl (DeletedBlockLogImpl.java:commitTransactions(224)) - Transaction txId=15 commit by dnId=0475d2c2-d46f-403e-95a5-8ff1a5c32338 for containerID=#15 failed. Corresponding entry not found.
2021-08-15 14:03:30,972 [EventQueue-DeleteBlockStatusForDeletedBlockLogImpl] DEBUG block.DeletedBlockLogImpl (DeletedBlockLogImpl.java:isTransactionFailed(278)) - Got block deletion ACK from datanode, TXIDs=1, success=true
2021-08-15 14:03:30,972 [EventQueue-DeleteBlockStatusForDeletedBlockLogImpl] DEBUG block.DeletedBlockLogImpl (DeletedBlockLogImpl.java:commitTransactions(224)) - Transaction txId=1 commit by dnId=0475d2c2-d46f-403e-95a5-8ff1a5c32338 for containerID=#1 failed. Corresponding entry not found.
2021-08-15 14:03:30,972 [EventQueue-DeleteBlockStatusForDeletedBlockLogImpl] DEBUG block.DeletedBlockLogImpl (DeletedBlockLogImpl.java:isTransactionFailed(278)) - Got block deletion ACK from datanode, TXIDs=2, success=true
2021-08-15 14:03:30,972 [EventQueue-DeleteBlockStatusForDeletedBlockLogImpl] DEBUG block.DeletedBlockLogImpl (DeletedBlockLogImpl.java:commitTransactions(224)) - Transaction txId=2 commit by dnId=0475d2c2-d46f-403e-95a5-8ff1a5c32338 for containerID=#2 failed. Corresponding entry not found.
2021-08-15 14:03:30,972 [EventQueue-DeleteBlockStatusForDeletedBlockLogImpl] DEBUG block.DeletedBlockLogImpl (DeletedBlockLogImpl.java:isTransactionFailed(278)) - Got block deletion ACK from datanode, TXIDs=3, success=true
2021-08-15 14:03:30,972 [EventQueue-DeleteBlockStatusForDeletedBlockLogImpl] DEBUG block.DeletedBlockLogImpl (DeletedBlockLogImpl.java:commitTransactions(224)) - Transaction txId=3 commit by dnId=0475d2c2-d46f-403e-95a5-8ff1a5c32338 for containerID=#3 failed. Corresponding entry not found.
2021-08-15 14:03:30,972 [EventQueue-DeleteBlockStatusForDeletedBlockLogImpl] DEBUG block.DeletedBlockLogImpl (DeletedBlockLogImpl.java:isTransactionFailed(278)) - Got block deletion ACK from datanode, TXIDs=4, success=true
2021-08-15 14:03:30,972 [EventQueue-DeleteBlockStatusForDeletedBlockLogImpl] DEBUG block.DeletedBlockLogImpl (DeletedBlockLogImpl.java:commitTransactions(224)) - Transaction txId=4 commit by dnId=0475d2c2-d46f-403e-95a5-8ff1a5c32338 for containerID=#4 failed. Corresponding entry not found.
2021-08-15 14:03:30,972 [EventQueue-DeleteBlockStatusForDeletedBlockLogImpl] DEBUG block.DeletedBlockLogImpl (DeletedBlockLogImpl.java:isTransactionFailed(278)) - Got block deletion ACK from datanode, TXIDs=5, success=true
2021-08-15 14:03:30,972 [EventQueue-DeleteBlockStatusForDeletedBlockLogImpl] DEBUG block.DeletedBlockLogImpl (DeletedBlockLogImpl.java:commitTransactions(224)) - Transaction txId=5 commit by dnId=0475d2c2-d46f-403e-95a5-8ff1a5c32338 for containerID=#5 failed. Corresponding entry not found.
2021-08-15 14:03:30,972 [EventQueue-DeleteBlockStatusForDeletedBlockLogImpl] DEBUG block.DeletedBlockLogImpl (DeletedBlockLogImpl.java:isTransactionFailed(278)) - Got block deletion ACK from datanode, TXIDs=6, success=true
2021-08-15 14:03:30,972 [EventQueue-DeleteBlockStatusForDeletedBlockLogImpl] DEBUG block.DeletedBlockLogImpl (DeletedBlockLogImpl.java:commitTransactions(224)) - Transaction txId=6 commit by dnId=0475d2c2-d46f-403e-95a5-8ff1a5c32338 for containerID=#6 failed. Corresponding entry not found.
2021-08-15 14:03:30,972 [EventQueue-DeleteBlockStatusForDeletedBlockLogImpl] DEBUG block.DeletedBlockLogImpl (DeletedBlockLogImpl.java:isTransactionFailed(278)) - Got block deletion ACK from datanode, TXIDs=7, success=true
2021-08-15 14:03:30,972 [EventQueue-DeleteBlockStatusForDeletedBlockLogImpl] DEBUG block.DeletedBlockLogImpl (DeletedBlockLogImpl.java:commitTransactions(224)) - Transaction txId=7 commit by dnId=0475d2c2-d46f-403e-95a5-8ff1a5c32338 for containerID=#7 failed. Corresponding entry not found.
2021-08-15 14:03:30,972 [EventQueue-DeleteBlockStatusForDeletedBlockLogImpl] DEBUG block.DeletedBlockLogImpl (DeletedBlockLogImpl.java:isTransactionFailed(278)) - Got block deletion ACK from datanode, TXIDs=8, success=true
2021-08-15 14:03:30,972 [EventQueue-DeleteBlockStatusForDeletedBlockLogImpl] DEBUG block.DeletedBlockLogImpl (DeletedBlockLogImpl.java:commitTransactions(224)) - Transaction txId=8 commit by dnId=0475d2c2-d46f-403e-95a5-8ff1a5c32338 for containerID=#8 failed. Corresponding entry not found.
2021-08-15 14:03:30,972 [EventQueue-DeleteBlockStatusForDeletedBlockLogImpl] DEBUG block.DeletedBlockLogImpl (DeletedBlockLogImpl.java:isTransactionFailed(278)) - Got block deletion ACK from datanode, TXIDs=9, success=true
2021-08-15 14:03:30,972 [EventQueue-DeleteBlockStatusForDeletedBlockLogImpl] DEBUG block.DeletedBlockLogImpl (DeletedBlockLogImpl.java:commitTransactions(224)) - Transaction txId=9 commit by dnId=0475d2c2-d46f-403e-95a5-8ff1a5c32338 for containerID=#9 failed. Corresponding entry not found.
2021-08-15 14:03:30,972 [EventQueue-DeleteBlockStatusForDeletedBlockLogImpl] DEBUG block.DeletedBlockLogImpl (DeletedBlockLogImpl.java:isTransactionFailed(278)) - Got block deletion ACK from datanode, TXIDs=10, success=true
2021-08-15 14:03:30,972 [EventQueue-DeleteBlockStatusForDeletedBlockLogImpl] DEBUG block.DeletedBlockLogImpl (DeletedBlockLogImpl.java:commitTransactions(224)) - Transaction txId=10 commit by dnId=0475d2c2-d46f-403e-95a5-8ff1a5c32338 for containerID=#10 failed. Corresponding entry not found.
2021-08-15 14:03:30,972 [SCMBlockDeletingService#0] DEBUG block.SCMBlockDeletingService (SCMBlockDeletingService.java:call(133)) - Running DeletedBlockTransactionScanner
2021-08-15 14:03:30,972 [EventQueue-DeleteBlockStatusForDeletedBlockLogImpl] DEBUG block.DeletedBlockLogImpl (DeletedBlockLogImpl.java:isTransactionFailed(278)) - Got block deletion ACK from datanode, TXIDs=11, success=true
2021-08-15 14:03:30,972 [EventQueue-DeleteBlockStatusForDeletedBlockLogImpl] DEBUG block.DeletedBlockLogImpl (DeletedBlockLogImpl.java:commitTransactions(224)) - Transaction txId=11 commit by dnId=0475d2c2-d46f-403e-95a5-8ff1a5c32338 for containerID=#11 failed. Corresponding entry not found.
2021-08-15 14:03:30,973 [EventQueue-DeleteBlockStatusForDeletedBlockLogImpl] DEBUG block.DeletedBlockLogImpl (DeletedBlockLogImpl.java:isTransactionFailed(278)) - Got block deletion ACK from datanode, TXIDs=12, success=true
2021-08-15 14:03:30,973 [EventQueue-DeleteBlockStatusForDeletedBlockLogImpl] DEBUG block.DeletedBlockLogImpl (DeletedBlockLogImpl.java:commitTransactions(224)) - Transaction txId=12 commit by dnId=0475d2c2-d46f-403e-95a5-8ff1a5c32338 for containerID=#12 failed. Corresponding entry not found.
2021-08-15 14:03:30,973 [SCMBlockDeletingService#0] DEBUG block.SCMBlockDeletingService (DatanodeDeletedBlockTransactions.java:addTransactionToDN(50)) - Transaction added: f89ecde1-abfa-4530-92e2-4a065b7725ea <- TX(17)
2021-08-15 14:03:30,973 [SCMBlockDeletingService#0] DEBUG block.SCMBlockDeletingService (DatanodeDeletedBlockTransactions.java:addTransactionToDN(50)) - Transaction added: f89ecde1-abfa-4530-92e2-4a065b7725ea <- TX(18)
2021-08-15 14:03:30,973 [SCMBlockDeletingService#0] DEBUG block.SCMBlockDeletingService (DatanodeDeletedBlockTransactions.java:addTransactionToDN(50)) - Transaction added: f89ecde1-abfa-4530-92e2-4a065b7725ea <- TX(19)
2021-08-15 14:03:30,973 [SCMBlockDeletingService#0] DEBUG block.SCMBlockDeletingService (DatanodeDeletedBlockTransactions.java:addTransactionToDN(50)) - Transaction added: f89ecde1-abfa-4530-92e2-4a065b7725ea <- TX(20)
2021-08-15 14:03:30,973 [SCMBlockDeletingService#0] DEBUG block.SCMBlockDeletingService (DatanodeDeletedBlockTransactions.java:addTransactionToDN(50)) - Transaction added: f89ecde1-abfa-4530-92e2-4a065b7725ea <- TX(21)
2021-08-15 14:03:30,973 [SCMBlockDeletingService#0] DEBUG block.SCMBlockDeletingService (DatanodeDeletedBlockTransactions.java:addTransactionToDN(50)) - Transaction added: f89ecde1-abfa-4530-92e2-4a065b7725ea <- TX(22)
2021-08-15 14:03:30,973 [SCMBlockDeletingService#0] DEBUG block.SCMBlockDeletingService (DatanodeDeletedBlockTransactions.java:addTransactionToDN(50)) - Transaction added: f89ecde1-abfa-4530-92e2-4a065b7725ea <- TX(23)
2021-08-15 14:03:30,973 [SCMBlockDeletingService#0] DEBUG block.SCMBlockDeletingService (DatanodeDeletedBlockTransactions.java:addTransactionToDN(50)) - Transaction added: f89ecde1-abfa-4530-92e2-4a065b7725ea <- TX(24)
2021-08-15 14:03:30,973 [SCMBlockDeletingService#0] DEBUG block.SCMBlockDeletingService (DatanodeDeletedBlockTransactions.java:addTransactionToDN(50)) - Transaction added: f89ecde1-abfa-4530-92e2-4a065b7725ea <- TX(25)
2021-08-15 14:03:30,973 [SCMBlockDeletingService#0] DEBUG block.SCMBlockDeletingService (DatanodeDeletedBlockTransactions.java:addTransactionToDN(50)) - Transaction added: f89ecde1-abfa-4530-92e2-4a065b7725ea <- TX(26)
2021-08-15 14:03:30,973 [SCMBlockDeletingService#0] DEBUG block.SCMBlockDeletingService (DatanodeDeletedBlockTransactions.java:addTransactionToDN(50)) - Transaction added: c2c40a72-a699-49b1-b721-1997d9d2c71f <- TX(27)
2021-08-15 14:03:30,973 [SCMBlockDeletingService#0] DEBUG block.SCMBlockDeletingService (DatanodeDeletedBlockTransactions.java:addTransactionToDN(50)) - Transaction added: f89ecde1-abfa-4530-92e2-4a065b7725ea <- TX(27)
2021-08-15 14:03:30,973 [SCMBlockDeletingService#0] DEBUG block.SCMBlockDeletingService (DatanodeDeletedBlockTransactions.java:addTransactionToDN(50)) - Transaction added: f89ecde1-abfa-4530-92e2-4a065b7725ea <- TX(28)
2021-08-15 14:03:30,973 [SCMBlockDeletingService#0] DEBUG block.SCMBlockDeletingService (DatanodeDeletedBlockTransactions.java:addTransactionToDN(50)) - Transaction added: c2c40a72-a699-49b1-b721-1997d9d2c71f <- TX(28)
2021-08-15 14:03:30,973 [SCMBlockDeletingService#0] DEBUG block.SCMBlockDeletingService (DatanodeDeletedBlockTransactions.java:addTransactionToDN(50)) - Transaction added: 0475d2c2-d46f-403e-95a5-8ff1a5c32338 <- TX(28)
2021-08-15 14:03:30,973 [SCMBlockDeletingService#0] DEBUG block.SCMBlockDeletingService (DatanodeDeletedBlockTransactions.java:addTransactionToDN(50)) - Transaction added: c2c40a72-a699-49b1-b721-1997d9d2c71f <- TX(29)
2021-08-15 14:03:30,973 [SCMBlockDeletingService#0] DEBUG block.SCMBlockDeletingService (DatanodeDeletedBlockTransactions.java:addTransactionToDN(50)) - Transaction added: f89ecde1-abfa-4530-92e2-4a065b7725ea <- TX(29)
2021-08-15 14:03:30,973 [SCMBlockDeletingService#0] DEBUG block.SCMBlockDeletingService (DatanodeDeletedBlockTransactions.java:addTransactionToDN(50)) - Transaction added: 0475d2c2-d46f-403e-95a5-8ff1a5c32338 <- TX(29)
2021-08-15 14:03:30,973 [SCMBlockDeletingService#0] DEBUG block.SCMBlockDeletingService (DatanodeDeletedBlockTransactions.java:addTransactionToDN(50)) - Transaction added: f89ecde1-abfa-4530-92e2-4a065b7725ea <- TX(30)
2021-08-15 14:03:30,973 [SCMBlockDeletingService#0] DEBUG block.SCMBlockDeletingService (DatanodeDeletedBlockTransactions.java:addTransactionToDN(50)) - Transaction added: 0475d2c2-d46f-403e-95a5-8ff1a5c32338 <- TX(30)
2021-08-15 14:03:30,973 [SCMBlockDeletingService#0] DEBUG block.SCMBlockDeletingService (DatanodeDeletedBlockTransactions.java:addTransactionToDN(50)) - Transaction added: c2c40a72-a699-49b1-b721-1997d9d2c71f <- TX(30)
2021-08-15 14:03:30,973 [SCMBlockDeletingService#0] DEBUG block.SCMBlockDeletingService (DatanodeDeletedBlockTransactions.java:addTransactionToDN(50)) - Transaction added: c2c40a72-a699-49b1-b721-1997d9d2c71f <- TX(31)
2021-08-15 14:03:30,973 [SCMBlockDeletingService#0] DEBUG block.SCMBlockDeletingService (DatanodeDeletedBlockTransactions.java:addTransactionToDN(50)) - Transaction added: f89ecde1-abfa-4530-92e2-4a065b7725ea <- TX(31)
2021-08-15 14:03:30,973 [SCMBlockDeletingService#0] DEBUG block.SCMBlockDeletingService (DatanodeDeletedBlockTransactions.java:addTransactionToDN(50)) - Transaction added: 0475d2c2-d46f-403e-95a5-8ff1a5c32338 <- TX(31)
2021-08-15 14:03:30,973 [SCMBlockDeletingService#0] DEBUG block.SCMBlockDeletingService (DatanodeDeletedBlockTransactions.java:addTransactionToDN(50)) - Transaction added: 0475d2c2-d46f-403e-95a5-8ff1a5c32338 <- TX(32)
2021-08-15 14:03:30,973 [SCMBlockDeletingService#0] DEBUG block.SCMBlockDeletingService (DatanodeDeletedBlockTransactions.java:addTransactionToDN(50)) - Transaction added: f89ecde1-abfa-4530-92e2-4a065b7725ea <- TX(32)
2021-08-15 14:03:30,973 [SCMBlockDeletingService#0] DEBUG block.SCMBlockDeletingService (DatanodeDeletedBlockTransactions.java:addTransactionToDN(50)) - Transaction added: c2c40a72-a699-49b1-b721-1997d9d2c71f <- TX(32)
2021-08-15 14:03:30,973 [SCMBlockDeletingService#0] DEBUG block.SCMBlockDeletingService (DatanodeDeletedBlockTransactions.java:addTransactionToDN(50)) - Transaction added: 0475d2c2-d46f-403e-95a5-8ff1a5c32338 <- TX(33)
2021-08-15 14:03:30,974 [SCMBlockDeletingService#0] DEBUG block.SCMBlockDeletingService (DatanodeDeletedBlockTransactions.java:addTransactionToDN(50)) - Transaction added: c2c40a72-a699-49b1-b721-1997d9d2c71f <- TX(33)
2021-08-15 14:03:30,974 [SCMBlockDeletingService#0] DEBUG block.SCMBlockDeletingService (DatanodeDeletedBlockTransactions.java:addTransactionToDN(50)) - Transaction added: f89ecde1-abfa-4530-92e2-4a065b7725ea <- TX(33)
2021-08-15 14:03:30,974 [SCMBlockDeletingService#0] DEBUG block.SCMBlockDeletingService (DatanodeDeletedBlockTransactions.java:addTransactionToDN(50)) - Transaction added: 0475d2c2-d46f-403e-95a5-8ff1a5c32338 <- TX(34)
2021-08-15 14:03:30,974 [SCMBlockDeletingService#0] DEBUG block.SCMBlockDeletingService (DatanodeDeletedBlockTransactions.java:addTransactionToDN(50)) - Transaction added: c2c40a72-a699-49b1-b721-1997d9d2c71f <- TX(34)
2021-08-15 14:03:30,974 [SCMBlockDeletingService#0] DEBUG block.SCMBlockDeletingService (DatanodeDeletedBlockTransactions.java:addTransactionToDN(50)) - Transaction added: f89ecde1-abfa-4530-92e2-4a065b7725ea <- TX(34)
2021-08-15 14:03:30,974 [SCMBlockDeletingService#0] DEBUG block.SCMBlockDeletingService (DatanodeDeletedBlockTransactions.java:addTransactionToDN(50)) - Transaction added: 0475d2c2-d46f-403e-95a5-8ff1a5c32338 <- TX(35)
2021-08-15 14:03:30,974 [SCMBlockDeletingService#0] DEBUG block.SCMBlockDeletingService (DatanodeDeletedBlockTransactions.java:addTransactionToDN(50)) - Transaction added: c2c40a72-a699-49b1-b721-1997d9d2c71f <- TX(35)
2021-08-15 14:03:30,974 [SCMBlockDeletingService#0] DEBUG block.SCMBlockDeletingService (DatanodeDeletedBlockTransactions.java:addTransactionToDN(50)) - Transaction added: f89ecde1-abfa-4530-92e2-4a065b7725ea <- TX(35)
2021-08-15 14:03:30,974 [SCMBlockDeletingService#0] DEBUG block.SCMBlockDeletingService (DatanodeDeletedBlockTransactions.java:addTransactionToDN(50)) - Transaction added: f89ecde1-abfa-4530-92e2-4a065b7725ea <- TX(36)
2021-08-15 14:03:30,974 [SCMBlockDeletingService#0] DEBUG block.SCMBlockDeletingService (DatanodeDeletedBlockTransactions.java:addTransactionToDN(50)) - Transaction added: c2c40a72-a699-49b1-b721-1997d9d2c71f <- TX(36)
2021-08-15 14:03:30,974 [SCMBlockDeletingService#0] DEBUG block.SCMBlockDeletingService (DatanodeDeletedBlockTransactions.java:addTransactionToDN(50)) - Transaction added: 0475d2c2-d46f-403e-95a5-8ff1a5c32338 <- TX(36)
2021-08-15 14:03:30,974 [SCMBlockDeletingService#0] DEBUG block.SCMBlockDeletingService (DatanodeDeletedBlockTransactions.java:addTransactionToDN(50)) - Transaction added: c2c40a72-a699-49b1-b721-1997d9d2c71f <- TX(37)
2021-08-15 14:03:30,974 [SCMBlockDeletingService#0] DEBUG block.SCMBlockDeletingService (DatanodeDeletedBlockTransactions.java:addTransactionToDN(50)) - Transaction added: f89ecde1-abfa-4530-92e2-4a065b7725ea <- TX(37)
2021-08-15 14:03:30,974 [SCMBlockDeletingService#0] DEBUG block.SCMBlockDeletingService (DatanodeDeletedBlockTransactions.java:addTransactionToDN(50)) - Transaction added: 0475d2c2-d46f-403e-95a5-8ff1a5c32338 <- TX(37)
2021-08-15 14:03:30,974 [SCMBlockDeletingService#0] DEBUG block.SCMBlockDeletingService (DatanodeDeletedBlockTransactions.java:addTransactionToDN(50)) - Transaction added: c2c40a72-a699-49b1-b721-1997d9d2c71f <- TX(38)
2021-08-15 14:03:30,974 [SCMBlockDeletingService#0] DEBUG block.SCMBlockDeletingService (DatanodeDeletedBlockTransactions.java:addTransactionToDN(50)) - Transaction added: f89ecde1-abfa-4530-92e2-4a065b7725ea <- TX(38)
2021-08-15 14:03:30,974 [SCMBlockDeletingService#0] DEBUG block.SCMBlockDeletingService (DatanodeDeletedBlockTransactions.java:addTransactionToDN(50)) - Transaction added: 0475d2c2-d46f-403e-95a5-8ff1a5c32338 <- TX(38)
2021-08-15 14:03:30,974 [SCMBlockDeletingService#0] DEBUG block.SCMBlockDeletingService (DatanodeDeletedBlockTransactions.java:addTransactionToDN(50)) - Transaction added: f89ecde1-abfa-4530-92e2-4a065b7725ea <- TX(39)
2021-08-15 14:03:30,974 [SCMBlockDeletingService#0] DEBUG block.SCMBlockDeletingService (DatanodeDeletedBlockTransactions.java:addTransactionToDN(50)) - Transaction added: 0475d2c2-d46f-403e-95a5-8ff1a5c32338 <- TX(39)
2021-08-15 14:03:30,974 [SCMBlockDeletingService#0] DEBUG block.SCMBlockDeletingService (DatanodeDeletedBlockTransactions.java:addTransactionToDN(50)) - Transaction added: c2c40a72-a699-49b1-b721-1997d9d2c71f <- TX(39)
2021-08-15 14:03:30,974 [SCMBlockDeletingService#0] DEBUG block.SCMBlockDeletingService (DatanodeDeletedBlockTransactions.java:addTransactionToDN(50)) - Transaction added: 0475d2c2-d46f-403e-95a5-8ff1a5c32338 <- TX(40)
2021-08-15 14:03:30,974 [SCMBlockDeletingService#0] DEBUG block.SCMBlockDeletingService (DatanodeDeletedBlockTransactions.java:addTransactionToDN(50)) - Transaction added: f89ecde1-abfa-4530-92e2-4a065b7725ea <- TX(40)
2021-08-15 14:03:30,974 [SCMBlockDeletingService#0] DEBUG block.SCMBlockDeletingService (DatanodeDeletedBlockTransactions.java:addTransactionToDN(50)) - Transaction added: c2c40a72-a699-49b1-b721-1997d9d2c71f <- TX(40)
2021-08-15 14:03:30,974 [SCMBlockDeletingService#0] DEBUG block.SCMBlockDeletingService (DatanodeDeletedBlockTransactions.java:addTransactionToDN(50)) - Transaction added: 0475d2c2-d46f-403e-95a5-8ff1a5c32338 <- TX(41)
2021-08-15 14:03:30,974 [SCMBlockDeletingService#0] DEBUG block.SCMBlockDeletingService (DatanodeDeletedBlockTransactions.java:addTransactionToDN(50)) - Transaction added: c2c40a72-a699-49b1-b721-1997d9d2c71f <- TX(41)
2021-08-15 14:03:30,974 [SCMBlockDeletingService#0] DEBUG block.SCMBlockDeletingService (DatanodeDeletedBlockTransactions.java:addTransactionToDN(50)) - Transaction added: f89ecde1-abfa-4530-92e2-4a065b7725ea <- TX(41)
2021-08-15 14:03:30,974 [SCMBlockDeletingService#0] DEBUG block.SCMBlockDeletingService (DatanodeDeletedBlockTransactions.java:addTransactionToDN(50)) - Transaction added: 0475d2c2-d46f-403e-95a5-8ff1a5c32338 <- TX(42)
2021-08-15 14:03:30,974 [SCMBlockDeletingService#0] DEBUG block.SCMBlockDeletingService (DatanodeDeletedBlockTransactions.java:addTransactionToDN(50)) - Transaction added: c2c40a72-a699-49b1-b721-1997d9d2c71f <- TX(42)
2021-08-15 14:03:30,974 [SCMBlockDeletingService#0] DEBUG block.SCMBlockDeletingService (DatanodeDeletedBlockTransactions.java:addTransactionToDN(50)) - Transaction added: f89ecde1-abfa-4530-92e2-4a065b7725ea <- TX(42)
2021-08-15 14:03:30,974 [SCMBlockDeletingService#0] DEBUG block.SCMBlockDeletingService (DatanodeDeletedBlockTransactions.java:addTransactionToDN(50)) - Transaction added: 0475d2c2-d46f-403e-95a5-8ff1a5c32338 <- TX(43)
2021-08-15 14:03:30,974 [SCMBlockDeletingService#0] DEBUG block.SCMBlockDeletingService (DatanodeDeletedBlockTransactions.java:addTransactionToDN(50)) - Transaction added: c2c40a72-a699-49b1-b721-1997d9d2c71f <- TX(43)
2021-08-15 14:03:30,974 [SCMBlockDeletingService#0] DEBUG block.SCMBlockDeletingService (DatanodeDeletedBlockTransactions.java:addTransactionToDN(50)) - Transaction added: f89ecde1-abfa-4530-92e2-4a065b7725ea <- TX(43)
2021-08-15 14:03:30,974 [SCMBlockDeletingService#0] DEBUG block.SCMBlockDeletingService (DatanodeDeletedBlockTransactions.java:addTransactionToDN(50)) - Transaction added: f89ecde1-abfa-4530-92e2-4a065b7725ea <- TX(44)
2021-08-15 14:03:30,974 [SCMBlockDeletingService#0] DEBUG block.SCMBlockDeletingService (DatanodeDeletedBlockTransactions.java:addTransactionToDN(50)) - Transaction added: c2c40a72-a699-49b1-b721-1997d9d2c71f <- TX(44)
2021-08-15 14:03:30,975 [SCMBlockDeletingService#0] DEBUG block.SCMBlockDeletingService (DatanodeDeletedBlockTransactions.java:addTransactionToDN(50)) - Transaction added: 0475d2c2-d46f-403e-95a5-8ff1a5c32338 <- TX(44)
2021-08-15 14:03:30,975 [SCMBlockDeletingService#0] DEBUG block.SCMBlockDeletingService (DatanodeDeletedBlockTransactions.java:addTransactionToDN(50)) - Transaction added: c2c40a72-a699-49b1-b721-1997d9d2c71f <- TX(45)
2021-08-15 14:03:30,975 [SCMBlockDeletingService#0] DEBUG block.SCMBlockDeletingService (DatanodeDeletedBlockTransactions.java:addTransactionToDN(50)) - Transaction added: f89ecde1-abfa-4530-92e2-4a065b7725ea <- TX(45)
2021-08-15 14:03:30,975 [SCMBlockDeletingService#0] DEBUG block.SCMBlockDeletingService (DatanodeDeletedBlockTransactions.java:addTransactionToDN(50)) - Transaction added: 0475d2c2-d46f-403e-95a5-8ff1a5c32338 <- TX(45)
2021-08-15 14:03:30,975 [SCMBlockDeletingService#0] DEBUG block.SCMBlockDeletingService (DatanodeDeletedBlockTransactions.java:addTransactionToDN(50)) - Transaction added: f89ecde1-abfa-4530-92e2-4a065b7725ea <- TX(46)
2021-08-15 14:03:30,975 [SCMBlockDeletingService#0] DEBUG block.SCMBlockDeletingService (DatanodeDeletedBlockTransactions.java:addTransactionToDN(50)) - Transaction added: 0475d2c2-d46f-403e-95a5-8ff1a5c32338 <- TX(46)
2021-08-15 14:03:30,975 [SCMBlockDeletingService#0] DEBUG block.SCMBlockDeletingService (DatanodeDeletedBlockTransactions.java:addTransactionToDN(50)) - Transaction added: c2c40a72-a699-49b1-b721-1997d9d2c71f <- TX(46)
2021-08-15 14:03:30,975 [SCMBlockDeletingService#0] DEBUG block.SCMBlockDeletingService (DatanodeDeletedBlockTransactions.java:addTransactionToDN(50)) - Transaction added: c2c40a72-a699-49b1-b721-1997d9d2c71f <- TX(47)
2021-08-15 14:03:30,975 [SCMBlockDeletingService#0] DEBUG block.SCMBlockDeletingService (DatanodeDeletedBlockTransactions.java:addTransactionToDN(50)) - Transaction added: f89ecde1-abfa-4530-92e2-4a065b7725ea <- TX(47)
2021-08-15 14:03:30,975 [SCMBlockDeletingService#0] DEBUG block.SCMBlockDeletingService (DatanodeDeletedBlockTransactions.java:addTransactionToDN(50)) - Transaction added: 0475d2c2-d46f-403e-95a5-8ff1a5c32338 <- TX(47)
2021-08-15 14:03:30,975 [SCMBlockDeletingService#0] DEBUG block.SCMBlockDeletingService (DatanodeDeletedBlockTransactions.java:addTransactionToDN(50)) - Transaction added: 0475d2c2-d46f-403e-95a5-8ff1a5c32338 <- TX(48)
2021-08-15 14:03:30,975 [SCMBlockDeletingService#0] DEBUG block.SCMBlockDeletingService (DatanodeDeletedBlockTransactions.java:addTransactionToDN(50)) - Transaction added: f89ecde1-abfa-4530-92e2-4a065b7725ea <- TX(48)
2021-08-15 14:03:30,975 [SCMBlockDeletingService#0] DEBUG block.SCMBlockDeletingService (DatanodeDeletedBlockTransactions.java:addTransactionToDN(50)) - Transaction added: c2c40a72-a699-49b1-b721-1997d9d2c71f <- TX(48)
2021-08-15 14:03:30,975 [SCMBlockDeletingService#0] DEBUG block.SCMBlockDeletingService (DatanodeDeletedBlockTransactions.java:addTransactionToDN(50)) - Transaction added: 0475d2c2-d46f-403e-95a5-8ff1a5c32338 <- TX(49)
2021-08-15 14:03:30,975 [SCMBlockDeletingService#0] DEBUG block.SCMBlockDeletingService (DatanodeDeletedBlockTransactions.java:addTransactionToDN(50)) - Transaction added: c2c40a72-a699-49b1-b721-1997d9d2c71f <- TX(49)
2021-08-15 14:03:30,975 [SCMBlockDeletingService#0] DEBUG block.SCMBlockDeletingService (DatanodeDeletedBlockTransactions.java:addTransactionToDN(50)) - Transaction added: f89ecde1-abfa-4530-92e2-4a065b7725ea <- TX(49)
2021-08-15 14:03:30,975 [SCMBlockDeletingService#0] DEBUG block.SCMBlockDeletingService (DatanodeDeletedBlockTransactions.java:addTransactionToDN(50)) - Transaction added: 0475d2c2-d46f-403e-95a5-8ff1a5c32338 <- TX(50)
2021-08-15 14:03:30,975 [SCMBlockDeletingService#0] DEBUG block.SCMBlockDeletingService (DatanodeDeletedBlockTransactions.java:addTransactionToDN(50)) - Transaction added: c2c40a72-a699-49b1-b721-1997d9d2c71f <- TX(50)
2021-08-15 14:03:30,975 [SCMBlockDeletingService#0] DEBUG block.SCMBlockDeletingService (DatanodeDeletedBlockTransactions.java:addTransactionToDN(50)) - Transaction added: f89ecde1-abfa-4530-92e2-4a065b7725ea <- TX(50)
2021-08-15 14:03:30,975 [SCMBlockDeletingService#0] DEBUG block.SCMBlockDeletingService (DatanodeDeletedBlockTransactions.java:addTransactionToDN(50)) - Transaction added: 0475d2c2-d46f-403e-95a5-8ff1a5c32338 <- TX(51)
2021-08-15 14:03:30,975 [SCMBlockDeletingService#0] DEBUG block.SCMBlockDeletingService (DatanodeDeletedBlockTransactions.java:addTransactionToDN(50)) - Transaction added: c2c40a72-a699-49b1-b721-1997d9d2c71f <- TX(51)
2021-08-15 14:03:30,975 [SCMBlockDeletingService#0] DEBUG block.SCMBlockDeletingService (DatanodeDeletedBlockTransactions.java:addTransactionToDN(50)) - Transaction added: f89ecde1-abfa-4530-92e2-4a065b7725ea <- TX(51)
2021-08-15 14:03:30,975 [SCMBlockDeletingService#0] DEBUG block.SCMBlockDeletingService (DatanodeDeletedBlockTransactions.java:addTransactionToDN(50)) - Transaction added: f89ecde1-abfa-4530-92e2-4a065b7725ea <- TX(52)
2021-08-15 14:03:30,975 [SCMBlockDeletingService#0] DEBUG block.SCMBlockDeletingService (DatanodeDeletedBlockTransactions.java:addTransactionToDN(50)) - Transaction added: c2c40a72-a699-49b1-b721-1997d9d2c71f <- TX(52)
2021-08-15 14:03:30,975 [SCMBlockDeletingService#0] DEBUG block.SCMBlockDeletingService (DatanodeDeletedBlockTransactions.java:addTransactionToDN(50)) - Transaction added: 0475d2c2-d46f-403e-95a5-8ff1a5c32338 <- TX(52)
2021-08-15 14:03:30,975 [SCMBlockDeletingService#0] DEBUG block.SCMBlockDeletingService (DatanodeDeletedBlockTransactions.java:addTransactionToDN(50)) - Transaction added: c2c40a72-a699-49b1-b721-1997d9d2c71f <- TX(53)
2021-08-15 14:03:30,975 [SCMBlockDeletingService#0] DEBUG block.SCMBlockDeletingService (DatanodeDeletedBlockTransactions.java:addTransactionToDN(50)) - Transaction added: f89ecde1-abfa-4530-92e2-4a065b7725ea <- TX(53)
2021-08-15 14:03:30,975 [SCMBlockDeletingService#0] DEBUG block.SCMBlockDeletingService (DatanodeDeletedBlockTransactions.java:addTransactionToDN(50)) - Transaction added: 0475d2c2-d46f-403e-95a5-8ff1a5c32338 <- TX(53)
2021-08-15 14:03:30,975 [SCMBlockDeletingService#0] DEBUG block.SCMBlockDeletingService (DatanodeDeletedBlockTransactions.java:addTransactionToDN(50)) - Transaction added: c2c40a72-a699-49b1-b721-1997d9d2c71f <- TX(54)
2021-08-15 14:03:30,975 [SCMBlockDeletingService#0] DEBUG block.SCMBlockDeletingService (DatanodeDeletedBlockTransactions.java:addTransactionToDN(50)) - Transaction added: f89ecde1-abfa-4530-92e2-4a065b7725ea <- TX(54)
2021-08-15 14:03:30,975 [SCMBlockDeletingService#0] DEBUG block.SCMBlockDeletingService (DatanodeDeletedBlockTransactions.java:addTransactionToDN(50)) - Transaction added: 0475d2c2-d46f-403e-95a5-8ff1a5c32338 <- TX(54)
2021-08-15 14:03:30,975 [SCMBlockDeletingService#0] DEBUG block.SCMBlockDeletingService (DatanodeDeletedBlockTransactions.java:addTransactionToDN(50)) - Transaction added: f89ecde1-abfa-4530-92e2-4a065b7725ea <- TX(55)
2021-08-15 14:03:30,975 [SCMBlockDeletingService#0] DEBUG block.SCMBlockDeletingService (DatanodeDeletedBlockTransactions.java:addTransactionToDN(50)) - Transaction added: 0475d2c2-d46f-403e-95a5-8ff1a5c32338 <- TX(55)
2021-08-15 14:03:30,975 [SCMBlockDeletingService#0] DEBUG block.SCMBlockDeletingService (DatanodeDeletedBlockTransactions.java:addTransactionToDN(50)) - Transaction added: c2c40a72-a699-49b1-b721-1997d9d2c71f <- TX(55)
2021-08-15 14:03:30,976 [SCMBlockDeletingService#0] DEBUG block.SCMBlockDeletingService (DatanodeDeletedBlockTransactions.java:addTransactionToDN(50)) - Transaction added: 0475d2c2-d46f-403e-95a5-8ff1a5c32338 <- TX(56)
2021-08-15 14:03:30,976 [SCMBlockDeletingService#0] DEBUG block.SCMBlockDeletingService (DatanodeDeletedBlockTransactions.java:addTransactionToDN(50)) - Transaction added: f89ecde1-abfa-4530-92e2-4a065b7725ea <- TX(56)
2021-08-15 14:03:30,976 [SCMBlockDeletingService#0] DEBUG block.SCMBlockDeletingService (DatanodeDeletedBlockTransactions.java:addTransactionToDN(50)) - Transaction added: c2c40a72-a699-49b1-b721-1997d9d2c71f <- TX(56)
2021-08-15 14:03:30,976 [SCMBlockDeletingService#0] DEBUG block.SCMBlockDeletingService (SCMBlockDeletingService.java:call(164)) - Added delete block command for datanode c2c40a72-a699-49b1-b721-1997d9d2c71f in the queue, number of delete block transactions: 30
2021-08-15 14:03:30,976 [SCMBlockDeletingService#0] DEBUG block.SCMBlockDeletingService (SCMBlockDeletingService.java:call(164)) - Added delete block command for datanode 0475d2c2-d46f-403e-95a5-8ff1a5c32338 in the queue, number of delete block transactions: 29
2021-08-15 14:03:30,980 [SCMBlockDeletingService#0] DEBUG block.SCMBlockDeletingService (SCMBlockDeletingService.java:call(164)) - Added delete block command for datanode f89ecde1-abfa-4530-92e2-4a065b7725ea in the queue, number of delete block transactions: 40
2021-08-15 14:03:30,980 [SCMBlockDeletingService#0] INFO  block.SCMBlockDeletingService (SCMBlockDeletingService.java:call(174)) - Totally added 99 blocks to be deleted for 3 datanodes, task elapsed time: 7ms
2021-08-15 14:03:30,983 [EventQueue-DeleteBlockStatusForDeletedBlockLogImpl] DEBUG block.DeletedBlockLogImpl (DeletedBlockLogImpl.java:isTransactionFailed(278)) - Got block deletion ACK from datanode, TXIDs=1, success=true
2021-08-15 14:03:30,983 [EventQueue-DeleteBlockStatusForDeletedBlockLogImpl] DEBUG block.DeletedBlockLogImpl (DeletedBlockLogImpl.java:commitTransactions(224)) - Transaction txId=1 commit by dnId=0475d2c2-d46f-403e-95a5-8ff1a5c32338 for containerID=#1 failed. Corresponding entry not found.
2021-08-15 14:03:30,983 [EventQueue-DeleteBlockStatusForDeletedBlockLogImpl] DEBUG block.DeletedBlockLogImpl (DeletedBlockLogImpl.java:isTransactionFailed(278)) - Got block deletion ACK from datanode, TXIDs=2, success=true
2021-08-15 14:03:30,983 [EventQueue-DeleteBlockStatusForDeletedBlockLogImpl] DEBUG block.DeletedBlockLogImpl (DeletedBlockLogImpl.java:commitTransactions(224)) - Transaction txId=2 commit by dnId=0475d2c2-d46f-403e-95a5-8ff1a5c32338 for containerID=#2 failed. Corresponding entry not found.
2021-08-15 14:03:30,983 [EventQueue-DeleteBlockStatusForDeletedBlockLogImpl] DEBUG block.DeletedBlockLogImpl (DeletedBlockLogImpl.java:isTransactionFailed(278)) - Got block deletion ACK from datanode, TXIDs=3, success=true
2021-08-15 14:03:30,983 [EventQueue-DeleteBlockStatusForDeletedBlockLogImpl] DEBUG block.DeletedBlockLogImpl (DeletedBlockLogImpl.java:commitTransactions(224)) - Transaction txId=3 commit by dnId=0475d2c2-d46f-403e-95a5-8ff1a5c32338 for containerID=#3 failed. Corresponding entry not found.
2021-08-15 14:03:30,983 [EventQueue-DeleteBlockStatusForDeletedBlockLogImpl] DEBUG block.DeletedBlockLogImpl (DeletedBlockLogImpl.java:isTransactionFailed(278)) - Got block deletion ACK from datanode, TXIDs=4, success=true
2021-08-15 14:03:30,983 [EventQueue-DeleteBlockStatusForDeletedBlockLogImpl] DEBUG block.DeletedBlockLogImpl (DeletedBlockLogImpl.java:commitTransactions(224)) - Transaction txId=4 commit by dnId=0475d2c2-d46f-403e-95a5-8ff1a5c32338 for containerID=#4 failed. Corresponding entry not found.
2021-08-15 14:03:30,983 [EventQueue-DeleteBlockStatusForDeletedBlockLogImpl] DEBUG block.DeletedBlockLogImpl (DeletedBlockLogImpl.java:isTransactionFailed(278)) - Got block deletion ACK from datanode, TXIDs=5, success=true
2021-08-15 14:03:30,984 [EventQueue-DeleteBlockStatusForDeletedBlockLogImpl] DEBUG block.DeletedBlockLogImpl (DeletedBlockLogImpl.java:commitTransactions(224)) - Transaction txId=5 commit by dnId=0475d2c2-d46f-403e-95a5-8ff1a5c32338 for containerID=#5 failed. Corresponding entry not found.
2021-08-15 14:03:30,984 [EventQueue-DeleteBlockStatusForDeletedBlockLogImpl] DEBUG block.DeletedBlockLogImpl (DeletedBlockLogImpl.java:isTransactionFailed(278)) - Got block deletion ACK from datanode, TXIDs=6, success=true
2021-08-15 14:03:30,984 [EventQueue-DeleteBlockStatusForDeletedBlockLogImpl] DEBUG block.DeletedBlockLogImpl (DeletedBlockLogImpl.java:commitTransactions(224)) - Transaction txId=6 commit by dnId=0475d2c2-d46f-403e-95a5-8ff1a5c32338 for containerID=#6 failed. Corresponding entry not found.
2021-08-15 14:03:30,984 [EventQueue-DeleteBlockStatusForDeletedBlockLogImpl] DEBUG block.DeletedBlockLogImpl (DeletedBlockLogImpl.java:isTransactionFailed(278)) - Got block deletion ACK from datanode, TXIDs=7, success=true
2021-08-15 14:03:30,984 [EventQueue-DeleteBlockStatusForDeletedBlockLogImpl] DEBUG block.DeletedBlockLogImpl (DeletedBlockLogImpl.java:commitTransactions(224)) - Transaction txId=7 commit by dnId=0475d2c2-d46f-403e-95a5-8ff1a5c32338 for containerID=#7 failed. Corresponding entry not found.
2021-08-15 14:03:30,984 [EventQueue-DeleteBlockStatusForDeletedBlockLogImpl] DEBUG block.DeletedBlockLogImpl (DeletedBlockLogImpl.java:isTransactionFailed(278)) - Got block deletion ACK from datanode, TXIDs=8, success=true
2021-08-15 14:03:30,984 [EventQueue-DeleteBlockStatusForDeletedBlockLogImpl] DEBUG block.DeletedBlockLogImpl (DeletedBlockLogImpl.java:commitTransactions(224)) - Transaction txId=8 commit by dnId=0475d2c2-d46f-403e-95a5-8ff1a5c32338 for containerID=#8 failed. Corresponding entry not found.
2021-08-15 14:03:30,984 [EventQueue-DeleteBlockStatusForDeletedBlockLogImpl] DEBUG block.DeletedBlockLogImpl (DeletedBlockLogImpl.java:isTransactionFailed(278)) - Got block deletion ACK from datanode, TXIDs=9, success=true
2021-08-15 14:03:30,984 [EventQueue-DeleteBlockStatusForDeletedBlockLogImpl] DEBUG block.DeletedBlockLogImpl (DeletedBlockLogImpl.java:commitTransactions(224)) - Transaction txId=9 commit by dnId=0475d2c2-d46f-403e-95a5-8ff1a5c32338 for containerID=#9 failed. Corresponding entry not found.
2021-08-15 14:03:30,984 [EventQueue-DeleteBlockStatusForDeletedBlockLogImpl] DEBUG block.DeletedBlockLogImpl (DeletedBlockLogImpl.java:isTransactionFailed(278)) - Got block deletion ACK from datanode, TXIDs=10, success=true
2021-08-15 14:03:30,984 [EventQueue-DeleteBlockStatusForDeletedBlockLogImpl] DEBUG block.DeletedBlockLogImpl (DeletedBlockLogImpl.java:commitTransactions(224)) - Transaction txId=10 commit by dnId=0475d2c2-d46f-403e-95a5-8ff1a5c32338 for containerID=#10 failed. Corresponding entry not found.
2021-08-15 14:03:30,984 [EventQueue-DeleteBlockStatusForDeletedBlockLogImpl] DEBUG block.DeletedBlockLogImpl (DeletedBlockLogImpl.java:isTransactionFailed(278)) - Got block deletion ACK from datanode, TXIDs=11, success=true
2021-08-15 14:03:30,984 [EventQueue-DeleteBlockStatusForDeletedBlockLogImpl] DEBUG block.DeletedBlockLogImpl (DeletedBlockLogImpl.java:commitTransactions(224)) - Transaction txId=11 commit by dnId=0475d2c2-d46f-403e-95a5-8ff1a5c32338 for containerID=#11 failed. Corresponding entry not found.
2021-08-15 14:03:30,984 [EventQueue-DeleteBlockStatusForDeletedBlockLogImpl] DEBUG block.DeletedBlockLogImpl (DeletedBlockLogImpl.java:isTransactionFailed(278)) - Got block deletion ACK from datanode, TXIDs=12, success=true
2021-08-15 14:03:30,984 [EventQueue-DeleteBlockStatusForDeletedBlockLogImpl] DEBUG block.DeletedBlockLogImpl (DeletedBlockLogImpl.java:commitTransactions(224)) - Transaction txId=12 commit by dnId=0475d2c2-d46f-403e-95a5-8ff1a5c32338 for containerID=#12 failed. Corresponding entry not found.
2021-08-15 14:03:30,984 [EventQueue-DeleteBlockStatusForDeletedBlockLogImpl] DEBUG block.DeletedBlockLogImpl (DeletedBlockLogImpl.java:isTransactionFailed(278)) - Got block deletion ACK from datanode, TXIDs=13, success=true
2021-08-15 14:03:30,984 [EventQueue-DeleteBlockStatusForDeletedBlockLogImpl] DEBUG block.DeletedBlockLogImpl (DeletedBlockLogImpl.java:commitTransactions(224)) - Transaction txId=13 commit by dnId=0475d2c2-d46f-403e-95a5-8ff1a5c32338 for containerID=#13 failed. Corresponding entry not found.
2021-08-15 14:03:30,984 [EventQueue-DeleteBlockStatusForDeletedBlockLogImpl] DEBUG block.DeletedBlockLogImpl (DeletedBlockLogImpl.java:isTransactionFailed(278)) - Got block deletion ACK from datanode, TXIDs=14, success=true
2021-08-15 14:03:30,984 [EventQueue-DeleteBlockStatusForDeletedBlockLogImpl] DEBUG block.DeletedBlockLogImpl (DeletedBlockLogImpl.java:commitTransactions(224)) - Transaction txId=14 commit by dnId=0475d2c2-d46f-403e-95a5-8ff1a5c32338 for containerID=#14 failed. Corresponding entry not found.
2021-08-15 14:03:30,984 [EventQueue-DeleteBlockStatusForDeletedBlockLogImpl] DEBUG block.DeletedBlockLogImpl (DeletedBlockLogImpl.java:isTransactionFailed(278)) - Got block deletion ACK from datanode, TXIDs=15, success=true
2021-08-15 14:03:30,984 [EventQueue-DeleteBlockStatusForDeletedBlockLogImpl] DEBUG block.DeletedBlockLogImpl (DeletedBlockLogImpl.java:commitTransactions(224)) - Transaction txId=15 commit by dnId=0475d2c2-d46f-403e-95a5-8ff1a5c32338 for containerID=#15 failed. Corresponding entry not found.
2021-08-15 14:03:30,984 [EventQueue-DeleteBlockStatusForDeletedBlockLogImpl] DEBUG block.DeletedBlockLogImpl (DeletedBlockLogImpl.java:isTransactionFailed(278)) - Got block deletion ACK from datanode, TXIDs=16, success=true
2021-08-15 14:03:30,984 [EventQueue-DeleteBlockStatusForDeletedBlockLogImpl] DEBUG block.DeletedBlockLogImpl (DeletedBlockLogImpl.java:commitTransactions(224)) - Transaction txId=16 commit by dnId=0475d2c2-d46f-403e-95a5-8ff1a5c32338 for containerID=#16 failed. Corresponding entry not found.
2021-08-15 14:03:30,984 [EventQueue-DeleteBlockStatusForDeletedBlockLogImpl] DEBUG block.DeletedBlockLogImpl (DeletedBlockLogImpl.java:isTransactionFailed(278)) - Got block deletion ACK from datanode, TXIDs=17, success=true
2021-08-15 14:03:30,984 [EventQueue-DeleteBlockStatusForDeletedBlockLogImpl] DEBUG block.DeletedBlockLogImpl (DeletedBlockLogImpl.java:commitTransactions(256)) - Datanode txId=17 containerId=#17 committed by dnId=0475d2c2-d46f-403e-95a5-8ff1a5c32338
2021-08-15 14:03:30,984 [EventQueue-DeleteBlockStatusForDeletedBlockLogImpl] DEBUG block.DeletedBlockLogImpl (DeletedBlockLogImpl.java:isTransactionFailed(278)) - Got block deletion ACK from datanode, TXIDs=18, success=true
2021-08-15 14:03:30,984 [EventQueue-DeleteBlockStatusForDeletedBlockLogImpl] DEBUG block.DeletedBlockLogImpl (DeletedBlockLogImpl.java:commitTransactions(256)) - Datanode txId=18 containerId=#18 committed by dnId=0475d2c2-d46f-403e-95a5-8ff1a5c32338
2021-08-15 14:03:30,984 [EventQueue-DeleteBlockStatusForDeletedBlockLogImpl] DEBUG block.DeletedBlockLogImpl (DeletedBlockLogImpl.java:isTransactionFailed(278)) - Got block deletion ACK from datanode, TXIDs=19, success=true
2021-08-15 14:03:30,984 [EventQueue-DeleteBlockStatusForDeletedBlockLogImpl] DEBUG block.DeletedBlockLogImpl (DeletedBlockLogImpl.java:commitTransactions(256)) - Datanode txId=19 containerId=#19 committed by dnId=0475d2c2-d46f-403e-95a5-8ff1a5c32338
2021-08-15 14:03:30,984 [EventQueue-DeleteBlockStatusForDeletedBlockLogImpl] DEBUG block.DeletedBlockLogImpl (DeletedBlockLogImpl.java:isTransactionFailed(278)) - Got block deletion ACK from datanode, TXIDs=20, success=true
2021-08-15 14:03:30,984 [EventQueue-DeleteBlockStatusForDeletedBlockLogImpl] DEBUG block.DeletedBlockLogImpl (DeletedBlockLogImpl.java:commitTransactions(256)) - Datanode txId=20 containerId=#20 committed by dnId=0475d2c2-d46f-403e-95a5-8ff1a5c32338
2021-08-15 14:03:30,984 [EventQueue-DeleteBlockStatusForDeletedBlockLogImpl] DEBUG block.DeletedBlockLogImpl (DeletedBlockLogImpl.java:isTransactionFailed(278)) - Got block deletion ACK from datanode, TXIDs=1, success=true
2021-08-15 14:03:30,984 [EventQueue-DeleteBlockStatusForDeletedBlockLogImpl] DEBUG block.DeletedBlockLogImpl (DeletedBlockLogImpl.java:commitTransactions(224)) - Transaction txId=1 commit by dnId=0475d2c2-d46f-403e-95a5-8ff1a5c32338 for containerID=#1 failed. Corresponding entry not found.
2021-08-15 14:03:30,984 [EventQueue-DeleteBlockStatusForDeletedBlockLogImpl] DEBUG block.DeletedBlockLogImpl (DeletedBlockLogImpl.java:isTransactionFailed(278)) - Got block deletion ACK from datanode, TXIDs=2, success=true
2021-08-15 14:03:30,984 [EventQueue-DeleteBlockStatusForDeletedBlockLogImpl] DEBUG block.DeletedBlockLogImpl (DeletedBlockLogImpl.java:commitTransactions(224)) - Transaction txId=2 commit by dnId=0475d2c2-d46f-403e-95a5-8ff1a5c32338 for containerID=#2 failed. Corresponding entry not found.
2021-08-15 14:03:30,984 [EventQueue-DeleteBlockStatusForDeletedBlockLogImpl] DEBUG block.DeletedBlockLogImpl (DeletedBlockLogImpl.java:isTransactionFailed(278)) - Got block deletion ACK from datanode, TXIDs=3, success=true
2021-08-15 14:03:30,984 [EventQueue-DeleteBlockStatusForDeletedBlockLogImpl] DEBUG block.DeletedBlockLogImpl (DeletedBlockLogImpl.java:commitTransactions(224)) - Transaction txId=3 commit by dnId=0475d2c2-d46f-403e-95a5-8ff1a5c32338 for containerID=#3 failed. Corresponding entry not found.
2021-08-15 14:03:30,984 [EventQueue-DeleteBlockStatusForDeletedBlockLogImpl] DEBUG block.DeletedBlockLogImpl (DeletedBlockLogImpl.java:isTransactionFailed(278)) - Got block deletion ACK from datanode, TXIDs=4, success=true
2021-08-15 14:03:30,984 [EventQueue-DeleteBlockStatusForDeletedBlockLogImpl] DEBUG block.DeletedBlockLogImpl (DeletedBlockLogImpl.java:commitTransactions(224)) - Transaction txId=4 commit by dnId=0475d2c2-d46f-403e-95a5-8ff1a5c32338 for containerID=#4 failed. Corresponding entry not found.
2021-08-15 14:03:30,984 [EventQueue-DeleteBlockStatusForDeletedBlockLogImpl] DEBUG block.DeletedBlockLogImpl (DeletedBlockLogImpl.java:isTransactionFailed(278)) - Got block deletion ACK from datanode, TXIDs=5, success=true
2021-08-15 14:03:30,984 [EventQueue-DeleteBlockStatusForDeletedBlockLogImpl] DEBUG block.DeletedBlockLogImpl (DeletedBlockLogImpl.java:commitTransactions(224)) - Transaction txId=5 commit by dnId=0475d2c2-d46f-403e-95a5-8ff1a5c32338 for containerID=#5 failed. Corresponding entry not found.
2021-08-15 14:03:30,985 [EventQueue-DeleteBlockStatusForDeletedBlockLogImpl] DEBUG block.DeletedBlockLogImpl (DeletedBlockLogImpl.java:isTransactionFailed(278)) - Got block deletion ACK from datanode, TXIDs=6, success=true
2021-08-15 14:03:30,985 [EventQueue-DeleteBlockStatusForDeletedBlockLogImpl] DEBUG block.DeletedBlockLogImpl (DeletedBlockLogImpl.java:commitTransactions(224)) - Transaction txId=6 commit by dnId=0475d2c2-d46f-403e-95a5-8ff1a5c32338 for containerID=#6 failed. Corresponding entry not found.
2021-08-15 14:03:30,985 [EventQueue-DeleteBlockStatusForDeletedBlockLogImpl] DEBUG block.DeletedBlockLogImpl (DeletedBlockLogImpl.java:isTransactionFailed(278)) - Got block deletion ACK from datanode, TXIDs=7, success=true
2021-08-15 14:03:30,985 [EventQueue-DeleteBlockStatusForDeletedBlockLogImpl] DEBUG block.DeletedBlockLogImpl (DeletedBlockLogImpl.java:commitTransactions(224)) - Transaction txId=7 commit by dnId=0475d2c2-d46f-403e-95a5-8ff1a5c32338 for containerID=#7 failed. Corresponding entry not found.
2021-08-15 14:03:30,985 [EventQueue-DeleteBlockStatusForDeletedBlockLogImpl] DEBUG block.DeletedBlockLogImpl (DeletedBlockLogImpl.java:isTransactionFailed(278)) - Got block deletion ACK from datanode, TXIDs=8, success=true
2021-08-15 14:03:30,985 [EventQueue-DeleteBlockStatusForDeletedBlockLogImpl] DEBUG block.DeletedBlockLogImpl (DeletedBlockLogImpl.java:commitTransactions(224)) - Transaction txId=8 commit by dnId=0475d2c2-d46f-403e-95a5-8ff1a5c32338 for containerID=#8 failed. Corresponding entry not found.
2021-08-15 14:03:30,985 [EventQueue-DeleteBlockStatusForDeletedBlockLogImpl] DEBUG block.DeletedBlockLogImpl (DeletedBlockLogImpl.java:isTransactionFailed(278)) - Got block deletion ACK from datanode, TXIDs=9, success=true
2021-08-15 14:03:30,985 [EventQueue-DeleteBlockStatusForDeletedBlockLogImpl] DEBUG block.DeletedBlockLogImpl (DeletedBlockLogImpl.java:commitTransactions(224)) - Transaction txId=9 commit by dnId=0475d2c2-d46f-403e-95a5-8ff1a5c32338 for containerID=#9 failed. Corresponding entry not found.
2021-08-15 14:03:30,985 [EventQueue-DeleteBlockStatusForDeletedBlockLogImpl] DEBUG block.DeletedBlockLogImpl (DeletedBlockLogImpl.java:isTransactionFailed(278)) - Got block deletion ACK from datanode, TXIDs=10, success=true
2021-08-15 14:03:30,985 [EventQueue-DeleteBlockStatusForDeletedBlockLogImpl] DEBUG block.DeletedBlockLogImpl (DeletedBlockLogImpl.java:commitTransactions(224)) - Transaction txId=10 commit by dnId=0475d2c2-d46f-403e-95a5-8ff1a5c32338 for containerID=#10 failed. Corresponding entry not found.
2021-08-15 14:03:30,985 [EventQueue-DeleteBlockStatusForDeletedBlockLogImpl] DEBUG block.DeletedBlockLogImpl (DeletedBlockLogImpl.java:isTransactionFailed(278)) - Got block deletion ACK from datanode, TXIDs=11, success=true
2021-08-15 14:03:30,985 [EventQueue-DeleteBlockStatusForDeletedBlockLogImpl] DEBUG block.DeletedBlockLogImpl (DeletedBlockLogImpl.java:commitTransactions(224)) - Transaction txId=11 commit by dnId=0475d2c2-d46f-403e-95a5-8ff1a5c32338 for containerID=#11 failed. Corresponding entry not found.
2021-08-15 14:03:30,985 [EventQueue-DeleteBlockStatusForDeletedBlockLogImpl] DEBUG block.DeletedBlockLogImpl (DeletedBlockLogImpl.java:isTransactionFailed(278)) - Got block deletion ACK from datanode, TXIDs=12, success=true
2021-08-15 14:03:30,988 [EventQueue-DeleteBlockStatusForDeletedBlockLogImpl] DEBUG block.DeletedBlockLogImpl (DeletedBlockLogImpl.java:commitTransactions(224)) - Transaction txId=12 commit by dnId=0475d2c2-d46f-403e-95a5-8ff1a5c32338 for containerID=#12 failed. Corresponding entry not found.
2021-08-15 14:03:30,988 [EventQueue-DeleteBlockStatusForDeletedBlockLogImpl] DEBUG block.DeletedBlockLogImpl (DeletedBlockLogImpl.java:isTransactionFailed(278)) - Got block deletion ACK from datanode, TXIDs=13, success=true
2021-08-15 14:03:30,988 [EventQueue-DeleteBlockStatusForDeletedBlockLogImpl] DEBUG block.DeletedBlockLogImpl (DeletedBlockLogImpl.java:commitTransactions(224)) - Transaction txId=13 commit by dnId=0475d2c2-d46f-403e-95a5-8ff1a5c32338 for containerID=#13 failed. Corresponding entry not found.
2021-08-15 14:03:30,988 [EventQueue-DeleteBlockStatusForDeletedBlockLogImpl] DEBUG block.DeletedBlockLogImpl (DeletedBlockLogImpl.java:isTransactionFailed(278)) - Got block deletion ACK from datanode, TXIDs=14, success=true
2021-08-15 14:03:30,988 [EventQueue-DeleteBlockStatusForDeletedBlockLogImpl] DEBUG block.DeletedBlockLogImpl (DeletedBlockLogImpl.java:commitTransactions(224)) - Transaction txId=14 commit by dnId=0475d2c2-d46f-403e-95a5-8ff1a5c32338 for containerID=#14 failed. Corresponding entry not found.
2021-08-15 14:03:30,988 [EventQueue-DeleteBlockStatusForDeletedBlockLogImpl] DEBUG block.DeletedBlockLogImpl (DeletedBlockLogImpl.java:isTransactionFailed(278)) - Got block deletion ACK from datanode, TXIDs=15, success=true
2021-08-15 14:03:30,988 [EventQueue-DeleteBlockStatusForDeletedBlockLogImpl] DEBUG block.DeletedBlockLogImpl (DeletedBlockLogImpl.java:commitTransactions(224)) - Transaction txId=15 commit by dnId=0475d2c2-d46f-403e-95a5-8ff1a5c32338 for containerID=#15 failed. Corresponding entry not found.
2021-08-15 14:03:30,988 [EventQueue-DeleteBlockStatusForDeletedBlockLogImpl] DEBUG block.DeletedBlockLogImpl (DeletedBlockLogImpl.java:isTransactionFailed(278)) - Got block deletion ACK from datanode, TXIDs=16, success=true
2021-08-15 14:03:30,988 [EventQueue-DeleteBlockStatusForDeletedBlockLogImpl] DEBUG block.DeletedBlockLogImpl (DeletedBlockLogImpl.java:commitTransactions(224)) - Transaction txId=16 commit by dnId=0475d2c2-d46f-403e-95a5-8ff1a5c32338 for containerID=#16 failed. Corresponding entry not found.
2021-08-15 14:03:30,988 [EventQueue-DeleteBlockStatusForDeletedBlockLogImpl] DEBUG block.DeletedBlockLogImpl (DeletedBlockLogImpl.java:isTransactionFailed(278)) - Got block deletion ACK from datanode, TXIDs=17, success=true
2021-08-15 14:03:30,988 [EventQueue-DeleteBlockStatusForDeletedBlockLogImpl] DEBUG block.DeletedBlockLogImpl (DeletedBlockLogImpl.java:commitTransactions(256)) - Datanode txId=17 containerId=#17 committed by dnId=0475d2c2-d46f-403e-95a5-8ff1a5c32338
2021-08-15 14:03:30,988 [EventQueue-DeleteBlockStatusForDeletedBlockLogImpl] DEBUG block.DeletedBlockLogImpl (DeletedBlockLogImpl.java:isTransactionFailed(278)) - Got block deletion ACK from datanode, TXIDs=18, success=true
2021-08-15 14:03:30,988 [EventQueue-DeleteBlockStatusForDeletedBlockLogImpl] DEBUG block.DeletedBlockLogImpl (DeletedBlockLogImpl.java:commitTransactions(256)) - Datanode txId=18 containerId=#18 committed by dnId=0475d2c2-d46f-403e-95a5-8ff1a5c32338
2021-08-15 14:03:30,988 [EventQueue-DeleteBlockStatusForDeletedBlockLogImpl] DEBUG block.DeletedBlockLogImpl (DeletedBlockLogImpl.java:isTransactionFailed(278)) - Got block deletion ACK from datanode, TXIDs=1, success=true
2021-08-15 14:03:30,988 [EventQueue-DeleteBlockStatusForDeletedBlockLogImpl] DEBUG block.DeletedBlockLogImpl (DeletedBlockLogImpl.java:commitTransactions(224)) - Transaction txId=1 commit by dnId=0475d2c2-d46f-403e-95a5-8ff1a5c32338 for containerID=#1 failed. Corresponding entry not found.
2021-08-15 14:03:30,988 [EventQueue-DeleteBlockStatusForDeletedBlockLogImpl] DEBUG block.DeletedBlockLogImpl (DeletedBlockLogImpl.java:isTransactionFailed(278)) - Got block deletion ACK from datanode, TXIDs=2, success=true
2021-08-15 14:03:30,988 [EventQueue-DeleteBlockStatusForDeletedBlockLogImpl] DEBUG block.DeletedBlockLogImpl (DeletedBlockLogImpl.java:commitTransactions(224)) - Transaction txId=2 commit by dnId=0475d2c2-d46f-403e-95a5-8ff1a5c32338 for containerID=#2 failed. Corresponding entry not found.
2021-08-15 14:03:30,988 [EventQueue-DeleteBlockStatusForDeletedBlockLogImpl] DEBUG block.DeletedBlockLogImpl (DeletedBlockLogImpl.java:isTransactionFailed(278)) - Got block deletion ACK from datanode, TXIDs=3, success=true
2021-08-15 14:03:30,988 [EventQueue-DeleteBlockStatusForDeletedBlockLogImpl] DEBUG block.DeletedBlockLogImpl (DeletedBlockLogImpl.java:commitTransactions(224)) - Transaction txId=3 commit by dnId=0475d2c2-d46f-403e-95a5-8ff1a5c32338 for containerID=#3 failed. Corresponding entry not found.
2021-08-15 14:03:30,988 [EventQueue-DeleteBlockStatusForDeletedBlockLogImpl] DEBUG block.DeletedBlockLogImpl (DeletedBlockLogImpl.java:isTransactionFailed(278)) - Got block deletion ACK from datanode, TXIDs=4, success=true
2021-08-15 14:03:30,988 [EventQueue-DeleteBlockStatusForDeletedBlockLogImpl] DEBUG block.DeletedBlockLogImpl (DeletedBlockLogImpl.java:commitTransactions(224)) - Transaction txId=4 commit by dnId=0475d2c2-d46f-403e-95a5-8ff1a5c32338 for containerID=#4 failed. Corresponding entry not found.
2021-08-15 14:03:30,988 [EventQueue-DeleteBlockStatusForDeletedBlockLogImpl] DEBUG block.DeletedBlockLogImpl (DeletedBlockLogImpl.java:isTransactionFailed(278)) - Got block deletion ACK from datanode, TXIDs=5, success=true
2021-08-15 14:03:30,988 [EventQueue-DeleteBlockStatusForDeletedBlockLogImpl] DEBUG block.DeletedBlockLogImpl (DeletedBlockLogImpl.java:commitTransactions(224)) - Transaction txId=5 commit by dnId=0475d2c2-d46f-403e-95a5-8ff1a5c32338 for containerID=#5 failed. Corresponding entry not found.
2021-08-15 14:03:30,988 [EventQueue-DeleteBlockStatusForDeletedBlockLogImpl] DEBUG block.DeletedBlockLogImpl (DeletedBlockLogImpl.java:isTransactionFailed(278)) - Got block deletion ACK from datanode, TXIDs=6, success=true
2021-08-15 14:03:30,988 [EventQueue-DeleteBlockStatusForDeletedBlockLogImpl] DEBUG block.DeletedBlockLogImpl (DeletedBlockLogImpl.java:commitTransactions(224)) - Transaction txId=6 commit by dnId=0475d2c2-d46f-403e-95a5-8ff1a5c32338 for containerID=#6 failed. Corresponding entry not found.
2021-08-15 14:03:30,988 [EventQueue-DeleteBlockStatusForDeletedBlockLogImpl] DEBUG block.DeletedBlockLogImpl (DeletedBlockLogImpl.java:isTransactionFailed(278)) - Got block deletion ACK from datanode, TXIDs=7, success=true
2021-08-15 14:03:30,988 [EventQueue-DeleteBlockStatusForDeletedBlockLogImpl] DEBUG block.DeletedBlockLogImpl (DeletedBlockLogImpl.java:commitTransactions(224)) - Transaction txId=7 commit by dnId=0475d2c2-d46f-403e-95a5-8ff1a5c32338 for containerID=#7 failed. Corresponding entry not found.
2021-08-15 14:03:30,988 [EventQueue-DeleteBlockStatusForDeletedBlockLogImpl] DEBUG block.DeletedBlockLogImpl (DeletedBlockLogImpl.java:isTransactionFailed(278)) - Got block deletion ACK from datanode, TXIDs=8, success=true
2021-08-15 14:03:30,988 [EventQueue-DeleteBlockStatusForDeletedBlockLogImpl] DEBUG block.DeletedBlockLogImpl (DeletedBlockLogImpl.java:commitTransactions(224)) - Transaction txId=8 commit by dnId=0475d2c2-d46f-403e-95a5-8ff1a5c32338 for containerID=#8 failed. Corresponding entry not found.
2021-08-15 14:03:30,988 [EventQueue-DeleteBlockStatusForDeletedBlockLogImpl] DEBUG block.DeletedBlockLogImpl (DeletedBlockLogImpl.java:isTransactionFailed(278)) - Got block deletion ACK from datanode, TXIDs=9, success=true
2021-08-15 14:03:30,988 [EventQueue-DeleteBlockStatusForDeletedBlockLogImpl] DEBUG block.DeletedBlockLogImpl (DeletedBlockLogImpl.java:commitTransactions(224)) - Transaction txId=9 commit by dnId=0475d2c2-d46f-403e-95a5-8ff1a5c32338 for containerID=#9 failed. Corresponding entry not found.
2021-08-15 14:03:30,988 [EventQueue-DeleteBlockStatusForDeletedBlockLogImpl] DEBUG block.DeletedBlockLogImpl (DeletedBlockLogImpl.java:isTransactionFailed(278)) - Got block deletion ACK from datanode, TXIDs=10, success=true
2021-08-15 14:03:30,988 [EventQueue-DeleteBlockStatusForDeletedBlockLogImpl] DEBUG block.DeletedBlockLogImpl (DeletedBlockLogImpl.java:commitTransactions(224)) - Transaction txId=10 commit by dnId=0475d2c2-d46f-403e-95a5-8ff1a5c32338 for containerID=#10 failed. Corresponding entry not found.
2021-08-15 14:03:30,988 [EventQueue-DeleteBlockStatusForDeletedBlockLogImpl] DEBUG block.DeletedBlockLogImpl (DeletedBlockLogImpl.java:isTransactionFailed(278)) - Got block deletion ACK from datanode, TXIDs=11, success=true
2021-08-15 14:03:30,989 [EventQueue-DeleteBlockStatusForDeletedBlockLogImpl] DEBUG block.DeletedBlockLogImpl (DeletedBlockLogImpl.java:commitTransactions(224)) - Transaction txId=11 commit by dnId=0475d2c2-d46f-403e-95a5-8ff1a5c32338 for containerID=#11 failed. Corresponding entry not found.
2021-08-15 14:03:30,989 [EventQueue-DeleteBlockStatusForDeletedBlockLogImpl] DEBUG block.DeletedBlockLogImpl (DeletedBlockLogImpl.java:isTransactionFailed(278)) - Got block deletion ACK from datanode, TXIDs=12, success=true
2021-08-15 14:03:30,989 [EventQueue-DeleteBlockStatusForDeletedBlockLogImpl] DEBUG block.DeletedBlockLogImpl (DeletedBlockLogImpl.java:commitTransactions(224)) - Transaction txId=12 commit by dnId=0475d2c2-d46f-403e-95a5-8ff1a5c32338 for containerID=#12 failed. Corresponding entry not found.
2021-08-15 14:03:30,989 [EventQueue-DeleteBlockStatusForDeletedBlockLogImpl] DEBUG block.DeletedBlockLogImpl (DeletedBlockLogImpl.java:isTransactionFailed(278)) - Got block deletion ACK from datanode, TXIDs=13, success=true
2021-08-15 14:03:30,989 [EventQueue-DeleteBlockStatusForDeletedBlockLogImpl] DEBUG block.DeletedBlockLogImpl (DeletedBlockLogImpl.java:commitTransactions(224)) - Transaction txId=13 commit by dnId=0475d2c2-d46f-403e-95a5-8ff1a5c32338 for containerID=#13 failed. Corresponding entry not found.
2021-08-15 14:03:30,989 [EventQueue-DeleteBlockStatusForDeletedBlockLogImpl] DEBUG block.DeletedBlockLogImpl (DeletedBlockLogImpl.java:isTransactionFailed(278)) - Got block deletion ACK from datanode, TXIDs=14, success=true
2021-08-15 14:03:30,989 [EventQueue-DeleteBlockStatusForDeletedBlockLogImpl] DEBUG block.DeletedBlockLogImpl (DeletedBlockLogImpl.java:commitTransactions(224)) - Transaction txId=14 commit by dnId=0475d2c2-d46f-403e-95a5-8ff1a5c32338 for containerID=#14 failed. Corresponding entry not found.
2021-08-15 14:03:30,989 [EventQueue-DeleteBlockStatusForDeletedBlockLogImpl] DEBUG block.DeletedBlockLogImpl (DeletedBlockLogImpl.java:isTransactionFailed(278)) - Got block deletion ACK from datanode, TXIDs=15, success=true
2021-08-15 14:03:30,989 [EventQueue-DeleteBlockStatusForDeletedBlockLogImpl] DEBUG block.DeletedBlockLogImpl (DeletedBlockLogImpl.java:commitTransactions(224)) - Transaction txId=15 commit by dnId=0475d2c2-d46f-403e-95a5-8ff1a5c32338 for containerID=#15 failed. Corresponding entry not found.
2021-08-15 14:03:30,989 [EventQueue-DeleteBlockStatusForDeletedBlockLogImpl] DEBUG block.DeletedBlockLogImpl (DeletedBlockLogImpl.java:isTransactionFailed(278)) - Got block deletion ACK from datanode, TXIDs=16, success=true
2021-08-15 14:03:30,989 [EventQueue-DeleteBlockStatusForDeletedBlockLogImpl] DEBUG block.DeletedBlockLogImpl (DeletedBlockLogImpl.java:commitTransactions(224)) - Transaction txId=16 commit by dnId=0475d2c2-d46f-403e-95a5-8ff1a5c32338 for containerID=#16 failed. Corresponding entry not found.
2021-08-15 14:03:30,989 [EventQueue-DeleteBlockStatusForDeletedBlockLogImpl] DEBUG block.DeletedBlockLogImpl (DeletedBlockLogImpl.java:isTransactionFailed(278)) - Got block deletion ACK from datanode, TXIDs=17, success=true
2021-08-15 14:03:30,989 [EventQueue-DeleteBlockStatusForDeletedBlockLogImpl] DEBUG block.DeletedBlockLogImpl (DeletedBlockLogImpl.java:commitTransactions(256)) - Datanode txId=17 containerId=#17 committed by dnId=0475d2c2-d46f-403e-95a5-8ff1a5c32338
2021-08-15 14:03:30,989 [EventQueue-DeleteBlockStatusForDeletedBlockLogImpl] DEBUG block.DeletedBlockLogImpl (DeletedBlockLogImpl.java:isTransactionFailed(278)) - Got block deletion ACK from datanode, TXIDs=18, success=true
2021-08-15 14:03:30,989 [EventQueue-DeleteBlockStatusForDeletedBlockLogImpl] DEBUG block.DeletedBlockLogImpl (DeletedBlockLogImpl.java:commitTransactions(256)) - Datanode txId=18 containerId=#18 committed by dnId=0475d2c2-d46f-403e-95a5-8ff1a5c32338
2021-08-15 14:03:30,989 [EventQueue-DeleteBlockStatusForDeletedBlockLogImpl] DEBUG block.DeletedBlockLogImpl (DeletedBlockLogImpl.java:isTransactionFailed(278)) - Got block deletion ACK from datanode, TXIDs=19, success=true
2021-08-15 14:03:30,989 [EventQueue-DeleteBlockStatusForDeletedBlockLogImpl] DEBUG block.DeletedBlockLogImpl (DeletedBlockLogImpl.java:commitTransactions(256)) - Datanode txId=19 containerId=#19 committed by dnId=0475d2c2-d46f-403e-95a5-8ff1a5c32338
2021-08-15 14:03:30,989 [EventQueue-DeleteBlockStatusForDeletedBlockLogImpl] DEBUG block.DeletedBlockLogImpl (DeletedBlockLogImpl.java:isTransactionFailed(278)) - Got block deletion ACK from datanode, TXIDs=20, success=true
2021-08-15 14:03:30,989 [EventQueue-DeleteBlockStatusForDeletedBlockLogImpl] DEBUG block.DeletedBlockLogImpl (DeletedBlockLogImpl.java:commitTransactions(256)) - Datanode txId=20 containerId=#20 committed by dnId=0475d2c2-d46f-403e-95a5-8ff1a5c32338
2021-08-15 14:03:30,989 [EventQueue-DeleteBlockStatusForDeletedBlockLogImpl] DEBUG block.DeletedBlockLogImpl (DeletedBlockLogImpl.java:isTransactionFailed(278)) - Got block deletion ACK from datanode, TXIDs=21, success=true
2021-08-15 14:03:30,989 [EventQueue-DeleteBlockStatusForDeletedBlockLogImpl] DEBUG block.DeletedBlockLogImpl (DeletedBlockLogImpl.java:commitTransactions(256)) - Datanode txId=21 containerId=#21 committed by dnId=0475d2c2-d46f-403e-95a5-8ff1a5c32338
2021-08-15 14:03:30,989 [EventQueue-DeleteBlockStatusForDeletedBlockLogImpl] DEBUG block.DeletedBlockLogImpl (DeletedBlockLogImpl.java:isTransactionFailed(278)) - Got block deletion ACK from datanode, TXIDs=22, success=true
2021-08-15 14:03:30,989 [EventQueue-DeleteBlockStatusForDeletedBlockLogImpl] DEBUG block.DeletedBlockLogImpl (DeletedBlockLogImpl.java:commitTransactions(256)) - Datanode txId=22 containerId=#22 committed by dnId=0475d2c2-d46f-403e-95a5-8ff1a5c32338
2021-08-15 14:03:30,989 [EventQueue-DeleteBlockStatusForDeletedBlockLogImpl] DEBUG block.DeletedBlockLogImpl (DeletedBlockLogImpl.java:isTransactionFailed(278)) - Got block deletion ACK from datanode, TXIDs=23, success=true
2021-08-15 14:03:30,989 [EventQueue-DeleteBlockStatusForDeletedBlockLogImpl] DEBUG block.DeletedBlockLogImpl (DeletedBlockLogImpl.java:commitTransactions(256)) - Datanode txId=23 containerId=#23 committed by dnId=0475d2c2-d46f-403e-95a5-8ff1a5c32338
2021-08-15 14:03:30,991 [BlockDeletingService#2] INFO  background.BlockDeletingService (BlockDeletingService.java:getTasks(158)) - Plan to choose 5000 blocks for block deletion, actually deleting 27 blocks.
2021-08-15 14:03:30,992 [BlockDeletingService#2] INFO  impl.FilePerBlockStrategy (FilePerBlockStrategy.java:deleteChunk(227)) - Deleted block file: /home/runner/work/ozone/ozone/hadoop-ozone/integration-test/target/test-dir/MiniOzoneClusterImpl-8fa699bc-e258-4c24-98aa-94a5d955589f/datanode-1/data-0/containers/hdds/8fa699bc-e258-4c24-98aa-94a5d955589f/current/containerDir0/1/chunks/107544261427200001.block
2021-08-15 14:03:30,992 [BlockDeletingService#2] INFO  background.BlockDeletingService (BlockDeletingService.java:deleteViaSchema2(447)) - Container: 1, deleted blocks: 1, task elapsed time: 1ms
2021-08-15 14:03:30,992 [BlockDeletingService#2] INFO  impl.FilePerBlockStrategy (FilePerBlockStrategy.java:deleteChunk(227)) - Deleted block file: /home/runner/work/ozone/ozone/hadoop-ozone/integration-test/target/test-dir/MiniOzoneClusterImpl-8fa699bc-e258-4c24-98aa-94a5d955589f/datanode-1/data-0/containers/hdds/8fa699bc-e258-4c24-98aa-94a5d955589f/current/containerDir0/27/chunks/107544261427200027.block
2021-08-15 14:03:30,993 [BlockDeletingService#2] INFO  background.BlockDeletingService (BlockDeletingService.java:deleteViaSchema2(447)) - Container: 27, deleted blocks: 1, task elapsed time: 1ms
2021-08-15 14:03:30,993 [BlockDeletingService#2] INFO  impl.FilePerBlockStrategy (FilePerBlockStrategy.java:deleteChunk(227)) - Deleted block file: /home/runner/work/ozone/ozone/hadoop-ozone/integration-test/target/test-dir/MiniOzoneClusterImpl-8fa699bc-e258-4c24-98aa-94a5d955589f/datanode-1/data-0/containers/hdds/8fa699bc-e258-4c24-98aa-94a5d955589f/current/containerDir0/26/chunks/107544261427200026.block
2021-08-15 14:03:30,993 [BlockDeletingService#2] INFO  background.BlockDeletingService (BlockDeletingService.java:deleteViaSchema2(447)) - Container: 26, deleted blocks: 1, task elapsed time: 1ms
2021-08-15 14:03:30,994 [BlockDeletingService#2] INFO  impl.FilePerBlockStrategy (FilePerBlockStrategy.java:deleteChunk(227)) - Deleted block file: /home/runner/work/ozone/ozone/hadoop-ozone/integration-test/target/test-dir/MiniOzoneClusterImpl-8fa699bc-e258-4c24-98aa-94a5d955589f/datanode-1/data-0/containers/hdds/8fa699bc-e258-4c24-98aa-94a5d955589f/current/containerDir0/25/chunks/107544261427200025.block
2021-08-15 14:03:30,994 [BlockDeletingService#2] INFO  background.BlockDeletingService (BlockDeletingService.java:deleteViaSchema2(447)) - Container: 25, deleted blocks: 1, task elapsed time: 0ms
2021-08-15 14:03:30,994 [EventQueue-DeleteBlockStatusForDeletedBlockLogImpl] DEBUG block.DeletedBlockLogImpl (DeletedBlockLogImpl.java:isTransactionFailed(278)) - Got block deletion ACK from datanode, TXIDs=1, success=true
2021-08-15 14:03:30,994 [EventQueue-DeleteBlockStatusForDeletedBlockLogImpl] DEBUG block.DeletedBlockLogImpl (DeletedBlockLogImpl.java:commitTransactions(224)) - Transaction txId=1 commit by dnId=0475d2c2-d46f-403e-95a5-8ff1a5c32338 for containerID=#1 failed. Corresponding entry not found.
2021-08-15 14:03:30,994 [EventQueue-DeleteBlockStatusForDeletedBlockLogImpl] DEBUG block.DeletedBlockLogImpl (DeletedBlockLogImpl.java:isTransactionFailed(278)) - Got block deletion ACK from datanode, TXIDs=2, success=true
2021-08-15 14:03:30,994 [EventQueue-DeleteBlockStatusForDeletedBlockLogImpl] DEBUG block.DeletedBlockLogImpl (DeletedBlockLogImpl.java:commitTransactions(224)) - Transaction txId=2 commit by dnId=0475d2c2-d46f-403e-95a5-8ff1a5c32338 for containerID=#2 failed. Corresponding entry not found.
2021-08-15 14:03:30,994 [EventQueue-DeleteBlockStatusForDeletedBlockLogImpl] DEBUG block.DeletedBlockLogImpl (DeletedBlockLogImpl.java:isTransactionFailed(278)) - Got block deletion ACK from datanode, TXIDs=3, success=true
2021-08-15 14:03:30,994 [EventQueue-DeleteBlockStatusForDeletedBlockLogImpl] DEBUG block.DeletedBlockLogImpl (DeletedBlockLogImpl.java:commitTransactions(224)) - Transaction txId=3 commit by dnId=0475d2c2-d46f-403e-95a5-8ff1a5c32338 for containerID=#3 failed. Corresponding entry not found.
2021-08-15 14:03:30,994 [EventQueue-DeleteBlockStatusForDeletedBlockLogImpl] DEBUG block.DeletedBlockLogImpl (DeletedBlockLogImpl.java:isTransactionFailed(278)) - Got block deletion ACK from datanode, TXIDs=4, success=true
2021-08-15 14:03:30,994 [EventQueue-DeleteBlockStatusForDeletedBlockLogImpl] DEBUG block.DeletedBlockLogImpl (DeletedBlockLogImpl.java:commitTransactions(224)) - Transaction txId=4 commit by dnId=0475d2c2-d46f-403e-95a5-8ff1a5c32338 for containerID=#4 failed. Corresponding entry not found.
2021-08-15 14:03:30,994 [EventQueue-DeleteBlockStatusForDeletedBlockLogImpl] DEBUG block.DeletedBlockLogImpl (DeletedBlockLogImpl.java:isTransactionFailed(278)) - Got block deletion ACK from datanode, TXIDs=5, success=true
2021-08-15 14:03:30,994 [EventQueue-DeleteBlockStatusForDeletedBlockLogImpl] DEBUG block.DeletedBlockLogImpl (DeletedBlockLogImpl.java:commitTransactions(224)) - Transaction txId=5 commit by dnId=0475d2c2-d46f-403e-95a5-8ff1a5c32338 for containerID=#5 failed. Corresponding entry not found.
2021-08-15 14:03:30,994 [EventQueue-DeleteBlockStatusForDeletedBlockLogImpl] DEBUG block.DeletedBlockLogImpl (DeletedBlockLogImpl.java:isTransactionFailed(278)) - Got block deletion ACK from datanode, TXIDs=6, success=true
2021-08-15 14:03:30,994 [EventQueue-DeleteBlockStatusForDeletedBlockLogImpl] DEBUG block.DeletedBlockLogImpl (DeletedBlockLogImpl.java:commitTransactions(224)) - Transaction txId=6 commit by dnId=0475d2c2-d46f-403e-95a5-8ff1a5c32338 for containerID=#6 failed. Corresponding entry not found.
2021-08-15 14:03:30,994 [EventQueue-DeleteBlockStatusForDeletedBlockLogImpl] DEBUG block.DeletedBlockLogImpl (DeletedBlockLogImpl.java:isTransactionFailed(278)) - Got block deletion ACK from datanode, TXIDs=7, success=true
2021-08-15 14:03:30,994 [EventQueue-DeleteBlockStatusForDeletedBlockLogImpl] DEBUG block.DeletedBlockLogImpl (DeletedBlockLogImpl.java:commitTransactions(224)) - Transaction txId=7 commit by dnId=0475d2c2-d46f-403e-95a5-8ff1a5c32338 for containerID=#7 failed. Corresponding entry not found.
2021-08-15 14:03:30,995 [EventQueue-DeleteBlockStatusForDeletedBlockLogImpl] DEBUG block.DeletedBlockLogImpl (DeletedBlockLogImpl.java:isTransactionFailed(278)) - Got block deletion ACK from datanode, TXIDs=8, success=true
2021-08-15 14:03:30,995 [EventQueue-DeleteBlockStatusForDeletedBlockLogImpl] DEBUG block.DeletedBlockLogImpl (DeletedBlockLogImpl.java:commitTransactions(224)) - Transaction txId=8 commit by dnId=0475d2c2-d46f-403e-95a5-8ff1a5c32338 for containerID=#8 failed. Corresponding entry not found.
2021-08-15 14:03:30,995 [EventQueue-DeleteBlockStatusForDeletedBlockLogImpl] DEBUG block.DeletedBlockLogImpl (DeletedBlockLogImpl.java:isTransactionFailed(278)) - Got block deletion ACK from datanode, TXIDs=9, success=true
2021-08-15 14:03:30,995 [EventQueue-DeleteBlockStatusForDeletedBlockLogImpl] DEBUG block.DeletedBlockLogImpl (DeletedBlockLogImpl.java:commitTransactions(224)) - Transaction txId=9 commit by dnId=0475d2c2-d46f-403e-95a5-8ff1a5c32338 for containerID=#9 failed. Corresponding entry not found.
2021-08-15 14:03:30,995 [EventQueue-DeleteBlockStatusForDeletedBlockLogImpl] DEBUG block.DeletedBlockLogImpl (DeletedBlockLogImpl.java:isTransactionFailed(278)) - Got block deletion ACK from datanode, TXIDs=10, success=true
2021-08-15 14:03:30,995 [EventQueue-DeleteBlockStatusForDeletedBlockLogImpl] DEBUG block.DeletedBlockLogImpl (DeletedBlockLogImpl.java:commitTransactions(224)) - Transaction txId=10 commit by dnId=0475d2c2-d46f-403e-95a5-8ff1a5c32338 for containerID=#10 failed. Corresponding entry not found.
2021-08-15 14:03:30,995 [EventQueue-DeleteBlockStatusForDeletedBlockLogImpl] DEBUG block.DeletedBlockLogImpl (DeletedBlockLogImpl.java:isTransactionFailed(278)) - Got block deletion ACK from datanode, TXIDs=11, success=true
2021-08-15 14:03:30,995 [EventQueue-DeleteBlockStatusForDeletedBlockLogImpl] DEBUG block.DeletedBlockLogImpl (DeletedBlockLogImpl.java:commitTransactions(224)) - Transaction txId=11 commit by dnId=0475d2c2-d46f-403e-95a5-8ff1a5c32338 for containerID=#11 failed. Corresponding entry not found.
2021-08-15 14:03:30,995 [EventQueue-DeleteBlockStatusForDeletedBlockLogImpl] DEBUG block.DeletedBlockLogImpl (DeletedBlockLogImpl.java:isTransactionFailed(278)) - Got block deletion ACK from datanode, TXIDs=12, success=true
2021-08-15 14:03:30,995 [EventQueue-DeleteBlockStatusForDeletedBlockLogImpl] DEBUG block.DeletedBlockLogImpl (DeletedBlockLogImpl.java:commitTransactions(224)) - Transaction txId=12 commit by dnId=0475d2c2-d46f-403e-95a5-8ff1a5c32338 for containerID=#12 failed. Corresponding entry not found.
2021-08-15 14:03:30,995 [EventQueue-DeleteBlockStatusForDeletedBlockLogImpl] DEBUG block.DeletedBlockLogImpl (DeletedBlockLogImpl.java:isTransactionFailed(278)) - Got block deletion ACK from datanode, TXIDs=13, success=true
2021-08-15 14:03:30,995 [EventQueue-DeleteBlockStatusForDeletedBlockLogImpl] DEBUG block.DeletedBlockLogImpl (DeletedBlockLogImpl.java:commitTransactions(224)) - Transaction txId=13 commit by dnId=0475d2c2-d46f-403e-95a5-8ff1a5c32338 for containerID=#13 failed. Corresponding entry not found.
2021-08-15 14:03:30,995 [EventQueue-DeleteBlockStatusForDeletedBlockLogImpl] DEBUG block.DeletedBlockLogImpl (DeletedBlockLogImpl.java:isTransactionFailed(278)) - Got block deletion ACK from datanode, TXIDs=14, success=true
2021-08-15 14:03:30,995 [EventQueue-DeleteBlockStatusForDeletedBlockLogImpl] DEBUG block.DeletedBlockLogImpl (DeletedBlockLogImpl.java:commitTransactions(224)) - Transaction txId=14 commit by dnId=0475d2c2-d46f-403e-95a5-8ff1a5c32338 for containerID=#14 failed. Corresponding entry not found.
2021-08-15 14:03:30,995 [EventQueue-DeleteBlockStatusForDeletedBlockLogImpl] DEBUG block.DeletedBlockLogImpl (DeletedBlockLogImpl.java:isTransactionFailed(278)) - Got block deletion ACK from datanode, TXIDs=15, success=true
2021-08-15 14:03:30,995 [EventQueue-DeleteBlockStatusForDeletedBlockLogImpl] DEBUG block.DeletedBlockLogImpl (DeletedBlockLogImpl.java:commitTransactions(224)) - Transaction txId=15 commit by dnId=0475d2c2-d46f-403e-95a5-8ff1a5c32338 for containerID=#15 failed. Corresponding entry not found.
2021-08-15 14:03:30,995 [EventQueue-DeleteBlockStatusForDeletedBlockLogImpl] DEBUG block.DeletedBlockLogImpl (DeletedBlockLogImpl.java:isTransactionFailed(278)) - Got block deletion ACK from datanode, TXIDs=16, success=true
2021-08-15 14:03:30,995 [EventQueue-DeleteBlockStatusForDeletedBlockLogImpl] DEBUG block.DeletedBlockLogImpl (DeletedBlockLogImpl.java:commitTransactions(224)) - Transaction txId=16 commit by dnId=0475d2c2-d46f-403e-95a5-8ff1a5c32338 for containerID=#16 failed. Corresponding entry not found.
2021-08-15 14:03:30,995 [EventQueue-DeleteBlockStatusForDeletedBlockLogImpl] DEBUG block.DeletedBlockLogImpl (DeletedBlockLogImpl.java:isTransactionFailed(278)) - Got block deletion ACK from datanode, TXIDs=17, success=true
2021-08-15 14:03:30,995 [EventQueue-DeleteBlockStatusForDeletedBlockLogImpl] DEBUG block.DeletedBlockLogImpl (DeletedBlockLogImpl.java:commitTransactions(256)) - Datanode txId=17 containerId=#17 committed by dnId=0475d2c2-d46f-403e-95a5-8ff1a5c32338
2021-08-15 14:03:30,999 [EventQueue-DeleteBlockStatusForDeletedBlockLogImpl] DEBUG block.DeletedBlockLogImpl (DeletedBlockLogImpl.java:isTransactionFailed(278)) - Got block deletion ACK from datanode, TXIDs=18, success=true
2021-08-15 14:03:30,999 [EventQueue-DeleteBlockStatusForDeletedBlockLogImpl] DEBUG block.DeletedBlockLogImpl (DeletedBlockLogImpl.java:commitTransactions(256)) - Datanode txId=18 containerId=#18 committed by dnId=0475d2c2-d46f-403e-95a5-8ff1a5c32338
2021-08-15 14:03:30,999 [EventQueue-DeleteBlockStatusForDeletedBlockLogImpl] DEBUG block.DeletedBlockLogImpl (DeletedBlockLogImpl.java:isTransactionFailed(278)) - Got block deletion ACK from datanode, TXIDs=19, success=true
2021-08-15 14:03:30,999 [EventQueue-DeleteBlockStatusForDeletedBlockLogImpl] DEBUG block.DeletedBlockLogImpl (DeletedBlockLogImpl.java:commitTransactions(256)) - Datanode txId=19 containerId=#19 committed by dnId=0475d2c2-d46f-403e-95a5-8ff1a5c32338
2021-08-15 14:03:30,999 [EventQueue-DeleteBlockStatusForDeletedBlockLogImpl] DEBUG block.DeletedBlockLogImpl (DeletedBlockLogImpl.java:isTransactionFailed(278)) - Got block deletion ACK from datanode, TXIDs=20, success=true
2021-08-15 14:03:30,999 [EventQueue-DeleteBlockStatusForDeletedBlockLogImpl] DEBUG block.DeletedBlockLogImpl (DeletedBlockLogImpl.java:commitTransactions(256)) - Datanode txId=20 containerId=#20 committed by dnId=0475d2c2-d46f-403e-95a5-8ff1a5c32338
2021-08-15 14:03:30,999 [EventQueue-DeleteBlockStatusForDeletedBlockLogImpl] DEBUG block.DeletedBlockLogImpl (DeletedBlockLogImpl.java:isTransactionFailed(278)) - Got block deletion ACK from datanode, TXIDs=21, success=true
2021-08-15 14:03:30,999 [EventQueue-DeleteBlockStatusForDeletedBlockLogImpl] DEBUG block.DeletedBlockLogImpl (DeletedBlockLogImpl.java:commitTransactions(256)) - Datanode txId=21 containerId=#21 committed by dnId=0475d2c2-d46f-403e-95a5-8ff1a5c32338
2021-08-15 14:03:30,999 [EventQueue-DeleteBlockStatusForDeletedBlockLogImpl] DEBUG block.DeletedBlockLogImpl (DeletedBlockLogImpl.java:isTransactionFailed(278)) - Got block deletion ACK from datanode, TXIDs=22, success=true
2021-08-15 14:03:31,000 [EventQueue-DeleteBlockStatusForDeletedBlockLogImpl] DEBUG block.DeletedBlockLogImpl (DeletedBlockLogImpl.java:commitTransactions(256)) - Datanode txId=22 containerId=#22 committed by dnId=0475d2c2-d46f-403e-95a5-8ff1a5c32338
2021-08-15 14:03:31,000 [EventQueue-DeleteBlockStatusForDeletedBlockLogImpl] DEBUG block.DeletedBlockLogImpl (DeletedBlockLogImpl.java:isTransactionFailed(278)) - Got block deletion ACK from datanode, TXIDs=23, success=true
2021-08-15 14:03:31,000 [EventQueue-DeleteBlockStatusForDeletedBlockLogImpl] DEBUG block.DeletedBlockLogImpl (DeletedBlockLogImpl.java:commitTransactions(256)) - Datanode txId=23 containerId=#23 committed by dnId=0475d2c2-d46f-403e-95a5-8ff1a5c32338
2021-08-15 14:03:31,000 [EventQueue-DeleteBlockStatusForDeletedBlockLogImpl] DEBUG block.DeletedBlockLogImpl (DeletedBlockLogImpl.java:isTransactionFailed(278)) - Got block deletion ACK from datanode, TXIDs=1, success=true
2021-08-15 14:03:31,000 [EventQueue-DeleteBlockStatusForDeletedBlockLogImpl] DEBUG block.DeletedBlockLogImpl (DeletedBlockLogImpl.java:commitTransactions(224)) - Transaction txId=1 commit by dnId=0475d2c2-d46f-403e-95a5-8ff1a5c32338 for containerID=#1 failed. Corresponding entry not found.
2021-08-15 14:03:31,000 [EventQueue-DeleteBlockStatusForDeletedBlockLogImpl] DEBUG block.DeletedBlockLogImpl (DeletedBlockLogImpl.java:isTransactionFailed(278)) - Got block deletion ACK from datanode, TXIDs=2, success=true
2021-08-15 14:03:31,000 [EventQueue-DeleteBlockStatusForDeletedBlockLogImpl] DEBUG block.DeletedBlockLogImpl (DeletedBlockLogImpl.java:commitTransactions(224)) - Transaction txId=2 commit by dnId=0475d2c2-d46f-403e-95a5-8ff1a5c32338 for containerID=#2 failed. Corresponding entry not found.
2021-08-15 14:03:30,995 [BlockDeletingService#2] INFO  impl.FilePerBlockStrategy (FilePerBlockStrategy.java:deleteChunk(227)) - Deleted block file: /home/runner/work/ozone/ozone/hadoop-ozone/integration-test/target/test-dir/MiniOzoneClusterImpl-8fa699bc-e258-4c24-98aa-94a5d955589f/datanode-1/data-0/containers/hdds/8fa699bc-e258-4c24-98aa-94a5d955589f/current/containerDir0/24/chunks/107544261427200024.block
2021-08-15 14:03:30,999 [BlockDeletingService#5] INFO  impl.FilePerBlockStrategy (FilePerBlockStrategy.java:deleteChunk(227)) - Deleted block file: /home/runner/work/ozone/ozone/hadoop-ozone/integration-test/target/test-dir/MiniOzoneClusterImpl-8fa699bc-e258-4c24-98aa-94a5d955589f/datanode-1/data-0/containers/hdds/8fa699bc-e258-4c24-98aa-94a5d955589f/current/containerDir0/15/chunks/107544261427200015.block
2021-08-15 14:03:31,008 [BlockDeletingService#2] INFO  background.BlockDeletingService (BlockDeletingService.java:deleteViaSchema2(447)) - Container: 24, deleted blocks: 1, task elapsed time: 14ms
2021-08-15 14:03:31,008 [BlockDeletingService#5] INFO  background.BlockDeletingService (BlockDeletingService.java:deleteViaSchema2(447)) - Container: 15, deleted blocks: 1, task elapsed time: 9ms
2021-08-15 14:03:31,009 [BlockDeletingService#2] INFO  impl.FilePerBlockStrategy (FilePerBlockStrategy.java:deleteChunk(227)) - Deleted block file: /home/runner/work/ozone/ozone/hadoop-ozone/integration-test/target/test-dir/MiniOzoneClusterImpl-8fa699bc-e258-4c24-98aa-94a5d955589f/datanode-1/data-0/containers/hdds/8fa699bc-e258-4c24-98aa-94a5d955589f/current/containerDir0/14/chunks/107544261427200014.block
2021-08-15 14:03:31,009 [BlockDeletingService#5] INFO  impl.FilePerBlockStrategy (FilePerBlockStrategy.java:deleteChunk(227)) - Deleted block file: /home/runner/work/ozone/ozone/hadoop-ozone/integration-test/target/test-dir/MiniOzoneClusterImpl-8fa699bc-e258-4c24-98aa-94a5d955589f/datanode-1/data-0/containers/hdds/8fa699bc-e258-4c24-98aa-94a5d955589f/current/containerDir0/13/chunks/107544261427200013.block
2021-08-15 14:03:31,009 [BlockDeletingService#2] INFO  background.BlockDeletingService (BlockDeletingService.java:deleteViaSchema2(447)) - Container: 14, deleted blocks: 1, task elapsed time: 1ms
2021-08-15 14:03:31,009 [BlockDeletingService#5] INFO  background.BlockDeletingService (BlockDeletingService.java:deleteViaSchema2(447)) - Container: 13, deleted blocks: 1, task elapsed time: 1ms
2021-08-15 14:03:31,009 [BlockDeletingService#2] INFO  impl.FilePerBlockStrategy (FilePerBlockStrategy.java:deleteChunk(227)) - Deleted block file: /home/runner/work/ozone/ozone/hadoop-ozone/integration-test/target/test-dir/MiniOzoneClusterImpl-8fa699bc-e258-4c24-98aa-94a5d955589f/datanode-1/data-0/containers/hdds/8fa699bc-e258-4c24-98aa-94a5d955589f/current/containerDir0/12/chunks/107544261427200012.block
2021-08-15 14:03:31,009 [BlockDeletingService#5] INFO  impl.FilePerBlockStrategy (FilePerBlockStrategy.java:deleteChunk(227)) - Deleted block file: /home/runner/work/ozone/ozone/hadoop-ozone/integration-test/target/test-dir/MiniOzoneClusterImpl-8fa699bc-e258-4c24-98aa-94a5d955589f/datanode-1/data-0/containers/hdds/8fa699bc-e258-4c24-98aa-94a5d955589f/current/containerDir0/11/chunks/107544261427200011.block
2021-08-15 14:03:31,009 [BlockDeletingService#2] INFO  background.BlockDeletingService (BlockDeletingService.java:deleteViaSchema2(447)) - Container: 12, deleted blocks: 1, task elapsed time: 1ms
2021-08-15 14:03:31,010 [BlockDeletingService#5] INFO  background.BlockDeletingService (BlockDeletingService.java:deleteViaSchema2(447)) - Container: 11, deleted blocks: 1, task elapsed time: 1ms
2021-08-15 14:03:31,010 [BlockDeletingService#5] INFO  impl.FilePerBlockStrategy (FilePerBlockStrategy.java:deleteChunk(227)) - Deleted block file: /home/runner/work/ozone/ozone/hadoop-ozone/integration-test/target/test-dir/MiniOzoneClusterImpl-8fa699bc-e258-4c24-98aa-94a5d955589f/datanode-1/data-0/containers/hdds/8fa699bc-e258-4c24-98aa-94a5d955589f/current/containerDir0/9/chunks/107544261427200009.block
2021-08-15 14:03:31,010 [BlockDeletingService#5] INFO  background.BlockDeletingService (BlockDeletingService.java:deleteViaSchema2(447)) - Container: 9, deleted blocks: 1, task elapsed time: 1ms
2021-08-15 14:03:31,011 [EventQueue-DeleteBlockStatusForDeletedBlockLogImpl] DEBUG block.DeletedBlockLogImpl (DeletedBlockLogImpl.java:isTransactionFailed(278)) - Got block deletion ACK from datanode, TXIDs=3, success=true
2021-08-15 14:03:31,011 [EventQueue-DeleteBlockStatusForDeletedBlockLogImpl] DEBUG block.DeletedBlockLogImpl (DeletedBlockLogImpl.java:commitTransactions(224)) - Transaction txId=3 commit by dnId=0475d2c2-d46f-403e-95a5-8ff1a5c32338 for containerID=#3 failed. Corresponding entry not found.
2021-08-15 14:03:31,011 [EventQueue-DeleteBlockStatusForDeletedBlockLogImpl] DEBUG block.DeletedBlockLogImpl (DeletedBlockLogImpl.java:isTransactionFailed(278)) - Got block deletion ACK from datanode, TXIDs=4, success=true
2021-08-15 14:03:31,011 [EventQueue-DeleteBlockStatusForDeletedBlockLogImpl] DEBUG block.DeletedBlockLogImpl (DeletedBlockLogImpl.java:commitTransactions(224)) - Transaction txId=4 commit by dnId=0475d2c2-d46f-403e-95a5-8ff1a5c32338 for containerID=#4 failed. Corresponding entry not found.
2021-08-15 14:03:31,011 [EventQueue-DeleteBlockStatusForDeletedBlockLogImpl] DEBUG block.DeletedBlockLogImpl (DeletedBlockLogImpl.java:isTransactionFailed(278)) - Got block deletion ACK from datanode, TXIDs=5, success=true
2021-08-15 14:03:31,011 [EventQueue-DeleteBlockStatusForDeletedBlockLogImpl] DEBUG block.DeletedBlockLogImpl (DeletedBlockLogImpl.java:commitTransactions(224)) - Transaction txId=5 commit by dnId=0475d2c2-d46f-403e-95a5-8ff1a5c32338 for containerID=#5 failed. Corresponding entry not found.
2021-08-15 14:03:31,011 [EventQueue-DeleteBlockStatusForDeletedBlockLogImpl] DEBUG block.DeletedBlockLogImpl (DeletedBlockLogImpl.java:isTransactionFailed(278)) - Got block deletion ACK from datanode, TXIDs=6, success=true
2021-08-15 14:03:31,011 [EventQueue-DeleteBlockStatusForDeletedBlockLogImpl] DEBUG block.DeletedBlockLogImpl (DeletedBlockLogImpl.java:commitTransactions(224)) - Transaction txId=6 commit by dnId=0475d2c2-d46f-403e-95a5-8ff1a5c32338 for containerID=#6 failed. Corresponding entry not found.
2021-08-15 14:03:31,011 [EventQueue-DeleteBlockStatusForDeletedBlockLogImpl] DEBUG block.DeletedBlockLogImpl (DeletedBlockLogImpl.java:isTransactionFailed(278)) - Got block deletion ACK from datanode, TXIDs=7, success=true
2021-08-15 14:03:31,011 [EventQueue-DeleteBlockStatusForDeletedBlockLogImpl] DEBUG block.DeletedBlockLogImpl (DeletedBlockLogImpl.java:commitTransactions(224)) - Transaction txId=7 commit by dnId=0475d2c2-d46f-403e-95a5-8ff1a5c32338 for containerID=#7 failed. Corresponding entry not found.
2021-08-15 14:03:31,011 [EventQueue-DeleteBlockStatusForDeletedBlockLogImpl] DEBUG block.DeletedBlockLogImpl (DeletedBlockLogImpl.java:isTransactionFailed(278)) - Got block deletion ACK from datanode, TXIDs=8, success=true
2021-08-15 14:03:31,011 [EventQueue-DeleteBlockStatusForDeletedBlockLogImpl] DEBUG block.DeletedBlockLogImpl (DeletedBlockLogImpl.java:commitTransactions(224)) - Transaction txId=8 commit by dnId=0475d2c2-d46f-403e-95a5-8ff1a5c32338 for containerID=#8 failed. Corresponding entry not found.
2021-08-15 14:03:31,011 [EventQueue-DeleteBlockStatusForDeletedBlockLogImpl] DEBUG block.DeletedBlockLogImpl (DeletedBlockLogImpl.java:isTransactionFailed(278)) - Got block deletion ACK from datanode, TXIDs=9, success=true
2021-08-15 14:03:31,011 [EventQueue-DeleteBlockStatusForDeletedBlockLogImpl] DEBUG block.DeletedBlockLogImpl (DeletedBlockLogImpl.java:commitTransactions(224)) - Transaction txId=9 commit by dnId=0475d2c2-d46f-403e-95a5-8ff1a5c32338 for containerID=#9 failed. Corresponding entry not found.
2021-08-15 14:03:31,011 [EventQueue-DeleteBlockStatusForDeletedBlockLogImpl] DEBUG block.DeletedBlockLogImpl (DeletedBlockLogImpl.java:isTransactionFailed(278)) - Got block deletion ACK from datanode, TXIDs=10, success=true
2021-08-15 14:03:31,011 [EventQueue-DeleteBlockStatusForDeletedBlockLogImpl] DEBUG block.DeletedBlockLogImpl (DeletedBlockLogImpl.java:commitTransactions(224)) - Transaction txId=10 commit by dnId=0475d2c2-d46f-403e-95a5-8ff1a5c32338 for containerID=#10 failed. Corresponding entry not found.
2021-08-15 14:03:31,011 [EventQueue-DeleteBlockStatusForDeletedBlockLogImpl] DEBUG block.DeletedBlockLogImpl (DeletedBlockLogImpl.java:isTransactionFailed(278)) - Got block deletion ACK from datanode, TXIDs=11, success=true
2021-08-15 14:03:31,011 [EventQueue-DeleteBlockStatusForDeletedBlockLogImpl] DEBUG block.DeletedBlockLogImpl (DeletedBlockLogImpl.java:commitTransactions(224)) - Transaction txId=11 commit by dnId=0475d2c2-d46f-403e-95a5-8ff1a5c32338 for containerID=#11 failed. Corresponding entry not found.
2021-08-15 14:03:31,011 [EventQueue-DeleteBlockStatusForDeletedBlockLogImpl] DEBUG block.DeletedBlockLogImpl (DeletedBlockLogImpl.java:isTransactionFailed(278)) - Got block deletion ACK from datanode, TXIDs=12, success=true
2021-08-15 14:03:31,011 [EventQueue-DeleteBlockStatusForDeletedBlockLogImpl] DEBUG block.DeletedBlockLogImpl (DeletedBlockLogImpl.java:commitTransactions(224)) - Transaction txId=12 commit by dnId=0475d2c2-d46f-403e-95a5-8ff1a5c32338 for containerID=#12 failed. Corresponding entry not found.
2021-08-15 14:03:31,011 [EventQueue-DeleteBlockStatusForDeletedBlockLogImpl] DEBUG block.DeletedBlockLogImpl (DeletedBlockLogImpl.java:isTransactionFailed(278)) - Got block deletion ACK from datanode, TXIDs=13, success=true
2021-08-15 14:03:31,011 [EventQueue-DeleteBlockStatusForDeletedBlockLogImpl] DEBUG block.DeletedBlockLogImpl (DeletedBlockLogImpl.java:commitTransactions(224)) - Transaction txId=13 commit by dnId=0475d2c2-d46f-403e-95a5-8ff1a5c32338 for containerID=#13 failed. Corresponding entry not found.
2021-08-15 14:03:31,011 [EventQueue-DeleteBlockStatusForDeletedBlockLogImpl] DEBUG block.DeletedBlockLogImpl (DeletedBlockLogImpl.java:isTransactionFailed(278)) - Got block deletion ACK from datanode, TXIDs=14, success=true
2021-08-15 14:03:30,999 [BlockDeletingService#9] INFO  impl.FilePerBlockStrategy (FilePerBlockStrategy.java:deleteChunk(227)) - Deleted block file: /home/runner/work/ozone/ozone/hadoop-ozone/integration-test/target/test-dir/MiniOzoneClusterImpl-8fa699bc-e258-4c24-98aa-94a5d955589f/datanode-1/data-0/containers/hdds/8fa699bc-e258-4c24-98aa-94a5d955589f/current/containerDir0/16/chunks/107544261427200016.block
2021-08-15 14:03:30,999 [BlockDeletingService#4] INFO  impl.FilePerBlockStrategy (FilePerBlockStrategy.java:deleteChunk(227)) - Deleted block file: /home/runner/work/ozone/ozone/hadoop-ozone/integration-test/target/test-dir/MiniOzoneClusterImpl-8fa699bc-e258-4c24-98aa-94a5d955589f/datanode-1/data-0/containers/hdds/8fa699bc-e258-4c24-98aa-94a5d955589f/current/containerDir0/17/chunks/107544261427200017.block
2021-08-15 14:03:31,012 [BlockDeletingService#9] INFO  background.BlockDeletingService (BlockDeletingService.java:deleteViaSchema2(447)) - Container: 16, deleted blocks: 1, task elapsed time: 14ms
2021-08-15 14:03:31,013 [BlockDeletingService#4] INFO  background.BlockDeletingService (BlockDeletingService.java:deleteViaSchema2(447)) - Container: 17, deleted blocks: 1, task elapsed time: 15ms
2021-08-15 14:03:31,013 [BlockDeletingService#9] INFO  impl.FilePerBlockStrategy (FilePerBlockStrategy.java:deleteChunk(227)) - Deleted block file: /home/runner/work/ozone/ozone/hadoop-ozone/integration-test/target/test-dir/MiniOzoneClusterImpl-8fa699bc-e258-4c24-98aa-94a5d955589f/datanode-1/data-0/containers/hdds/8fa699bc-e258-4c24-98aa-94a5d955589f/current/containerDir0/7/chunks/107544261427200007.block
2021-08-15 14:03:31,013 [BlockDeletingService#4] INFO  impl.FilePerBlockStrategy (FilePerBlockStrategy.java:deleteChunk(227)) - Deleted block file: /home/runner/work/ozone/ozone/hadoop-ozone/integration-test/target/test-dir/MiniOzoneClusterImpl-8fa699bc-e258-4c24-98aa-94a5d955589f/datanode-1/data-0/containers/hdds/8fa699bc-e258-4c24-98aa-94a5d955589f/current/containerDir0/6/chunks/107544261427200006.block
2021-08-15 14:03:31,013 [BlockDeletingService#4] INFO  background.BlockDeletingService (BlockDeletingService.java:deleteViaSchema2(447)) - Container: 6, deleted blocks: 1, task elapsed time: 1ms
2021-08-15 14:03:31,014 [EventQueue-DeleteBlockStatusForDeletedBlockLogImpl] DEBUG block.DeletedBlockLogImpl (DeletedBlockLogImpl.java:commitTransactions(224)) - Transaction txId=14 commit by dnId=0475d2c2-d46f-403e-95a5-8ff1a5c32338 for containerID=#14 failed. Corresponding entry not found.
2021-08-15 14:03:31,014 [EventQueue-DeleteBlockStatusForDeletedBlockLogImpl] DEBUG block.DeletedBlockLogImpl (DeletedBlockLogImpl.java:isTransactionFailed(278)) - Got block deletion ACK from datanode, TXIDs=15, success=true
2021-08-15 14:03:31,014 [EventQueue-DeleteBlockStatusForDeletedBlockLogImpl] DEBUG block.DeletedBlockLogImpl (DeletedBlockLogImpl.java:commitTransactions(224)) - Transaction txId=15 commit by dnId=0475d2c2-d46f-403e-95a5-8ff1a5c32338 for containerID=#15 failed. Corresponding entry not found.
2021-08-15 14:03:31,014 [EventQueue-DeleteBlockStatusForDeletedBlockLogImpl] DEBUG block.DeletedBlockLogImpl (DeletedBlockLogImpl.java:isTransactionFailed(278)) - Got block deletion ACK from datanode, TXIDs=16, success=true
2021-08-15 14:03:31,014 [EventQueue-DeleteBlockStatusForDeletedBlockLogImpl] DEBUG block.DeletedBlockLogImpl (DeletedBlockLogImpl.java:commitTransactions(224)) - Transaction txId=16 commit by dnId=0475d2c2-d46f-403e-95a5-8ff1a5c32338 for containerID=#16 failed. Corresponding entry not found.
2021-08-15 14:03:31,014 [EventQueue-DeleteBlockStatusForDeletedBlockLogImpl] DEBUG block.DeletedBlockLogImpl (DeletedBlockLogImpl.java:isTransactionFailed(278)) - Got block deletion ACK from datanode, TXIDs=17, success=true
2021-08-15 14:03:31,014 [EventQueue-DeleteBlockStatusForDeletedBlockLogImpl] DEBUG block.DeletedBlockLogImpl (DeletedBlockLogImpl.java:commitTransactions(256)) - Datanode txId=17 containerId=#17 committed by dnId=0475d2c2-d46f-403e-95a5-8ff1a5c32338
2021-08-15 14:03:31,014 [EventQueue-DeleteBlockStatusForDeletedBlockLogImpl] DEBUG block.DeletedBlockLogImpl (DeletedBlockLogImpl.java:isTransactionFailed(278)) - Got block deletion ACK from datanode, TXIDs=18, success=true
2021-08-15 14:03:31,014 [EventQueue-DeleteBlockStatusForDeletedBlockLogImpl] DEBUG block.DeletedBlockLogImpl (DeletedBlockLogImpl.java:commitTransactions(256)) - Datanode txId=18 containerId=#18 committed by dnId=0475d2c2-d46f-403e-95a5-8ff1a5c32338
2021-08-15 14:03:31,014 [EventQueue-DeleteBlockStatusForDeletedBlockLogImpl] DEBUG block.DeletedBlockLogImpl (DeletedBlockLogImpl.java:isTransactionFailed(278)) - Got block deletion ACK from datanode, TXIDs=19, success=true
2021-08-15 14:03:31,014 [EventQueue-DeleteBlockStatusForDeletedBlockLogImpl] DEBUG block.DeletedBlockLogImpl (DeletedBlockLogImpl.java:commitTransactions(256)) - Datanode txId=19 containerId=#19 committed by dnId=0475d2c2-d46f-403e-95a5-8ff1a5c32338
2021-08-15 14:03:31,014 [EventQueue-DeleteBlockStatusForDeletedBlockLogImpl] DEBUG block.DeletedBlockLogImpl (DeletedBlockLogImpl.java:isTransactionFailed(278)) - Got block deletion ACK from datanode, TXIDs=20, success=true
2021-08-15 14:03:31,014 [EventQueue-DeleteBlockStatusForDeletedBlockLogImpl] DEBUG block.DeletedBlockLogImpl (DeletedBlockLogImpl.java:commitTransactions(256)) - Datanode txId=20 containerId=#20 committed by dnId=0475d2c2-d46f-403e-95a5-8ff1a5c32338
2021-08-15 14:03:31,014 [EventQueue-DeleteBlockStatusForDeletedBlockLogImpl] DEBUG block.DeletedBlockLogImpl (DeletedBlockLogImpl.java:isTransactionFailed(278)) - Got block deletion ACK from datanode, TXIDs=21, success=true
2021-08-15 14:03:31,014 [EventQueue-DeleteBlockStatusForDeletedBlockLogImpl] DEBUG block.DeletedBlockLogImpl (DeletedBlockLogImpl.java:commitTransactions(256)) - Datanode txId=21 containerId=#21 committed by dnId=0475d2c2-d46f-403e-95a5-8ff1a5c32338
2021-08-15 14:03:31,014 [EventQueue-DeleteBlockStatusForDeletedBlockLogImpl] DEBUG block.DeletedBlockLogImpl (DeletedBlockLogImpl.java:isTransactionFailed(278)) - Got block deletion ACK from datanode, TXIDs=22, success=true
2021-08-15 14:03:31,014 [EventQueue-DeleteBlockStatusForDeletedBlockLogImpl] DEBUG block.DeletedBlockLogImpl (DeletedBlockLogImpl.java:commitTransactions(256)) - Datanode txId=22 containerId=#22 committed by dnId=0475d2c2-d46f-403e-95a5-8ff1a5c32338
2021-08-15 14:03:31,014 [EventQueue-DeleteBlockStatusForDeletedBlockLogImpl] DEBUG block.DeletedBlockLogImpl (DeletedBlockLogImpl.java:isTransactionFailed(278)) - Got block deletion ACK from datanode, TXIDs=1, success=true
2021-08-15 14:03:31,014 [EventQueue-DeleteBlockStatusForDeletedBlockLogImpl] DEBUG block.DeletedBlockLogImpl (DeletedBlockLogImpl.java:commitTransactions(224)) - Transaction txId=1 commit by dnId=0475d2c2-d46f-403e-95a5-8ff1a5c32338 for containerID=#1 failed. Corresponding entry not found.
2021-08-15 14:03:31,014 [EventQueue-DeleteBlockStatusForDeletedBlockLogImpl] DEBUG block.DeletedBlockLogImpl (DeletedBlockLogImpl.java:isTransactionFailed(278)) - Got block deletion ACK from datanode, TXIDs=2, success=true
2021-08-15 14:03:31,014 [EventQueue-DeleteBlockStatusForDeletedBlockLogImpl] DEBUG block.DeletedBlockLogImpl (DeletedBlockLogImpl.java:commitTransactions(224)) - Transaction txId=2 commit by dnId=0475d2c2-d46f-403e-95a5-8ff1a5c32338 for containerID=#2 failed. Corresponding entry not found.
2021-08-15 14:03:30,998 [BlockDeletingService#8] INFO  impl.FilePerBlockStrategy (FilePerBlockStrategy.java:deleteChunk(227)) - Deleted block file: /home/runner/work/ozone/ozone/hadoop-ozone/integration-test/target/test-dir/MiniOzoneClusterImpl-8fa699bc-e258-4c24-98aa-94a5d955589f/datanode-1/data-0/containers/hdds/8fa699bc-e258-4c24-98aa-94a5d955589f/current/containerDir0/18/chunks/107544261427200018.block
2021-08-15 14:03:31,015 [BlockDeletingService#8] INFO  background.BlockDeletingService (BlockDeletingService.java:deleteViaSchema2(447)) - Container: 18, deleted blocks: 1, task elapsed time: 17ms
2021-08-15 14:03:31,016 [BlockDeletingService#8] INFO  impl.FilePerBlockStrategy (FilePerBlockStrategy.java:deleteChunk(227)) - Deleted block file: /home/runner/work/ozone/ozone/hadoop-ozone/integration-test/target/test-dir/MiniOzoneClusterImpl-8fa699bc-e258-4c24-98aa-94a5d955589f/datanode-1/data-0/containers/hdds/8fa699bc-e258-4c24-98aa-94a5d955589f/current/containerDir0/4/chunks/107544261427200004.block
2021-08-15 14:03:31,016 [BlockDeletingService#8] INFO  background.BlockDeletingService (BlockDeletingService.java:deleteViaSchema2(447)) - Container: 4, deleted blocks: 1, task elapsed time: 1ms
2021-08-15 14:03:31,016 [BlockDeletingService#8] INFO  impl.FilePerBlockStrategy (FilePerBlockStrategy.java:deleteChunk(227)) - Deleted block file: /home/runner/work/ozone/ozone/hadoop-ozone/integration-test/target/test-dir/MiniOzoneClusterImpl-8fa699bc-e258-4c24-98aa-94a5d955589f/datanode-1/data-0/containers/hdds/8fa699bc-e258-4c24-98aa-94a5d955589f/current/containerDir0/3/chunks/107544261427200003.block
2021-08-15 14:03:31,016 [BlockDeletingService#8] INFO  background.BlockDeletingService (BlockDeletingService.java:deleteViaSchema2(447)) - Container: 3, deleted blocks: 1, task elapsed time: 1ms
2021-08-15 14:03:31,017 [BlockDeletingService#8] INFO  impl.FilePerBlockStrategy (FilePerBlockStrategy.java:deleteChunk(227)) - Deleted block file: /home/runner/work/ozone/ozone/hadoop-ozone/integration-test/target/test-dir/MiniOzoneClusterImpl-8fa699bc-e258-4c24-98aa-94a5d955589f/datanode-1/data-0/containers/hdds/8fa699bc-e258-4c24-98aa-94a5d955589f/current/containerDir0/2/chunks/107544261427200002.block
2021-08-15 14:03:31,017 [BlockDeletingService#8] INFO  background.BlockDeletingService (BlockDeletingService.java:deleteViaSchema2(447)) - Container: 2, deleted blocks: 1, task elapsed time: 1ms
2021-08-15 14:03:30,998 [BlockDeletingService#0] INFO  impl.FilePerBlockStrategy (FilePerBlockStrategy.java:deleteChunk(227)) - Deleted block file: /home/runner/work/ozone/ozone/hadoop-ozone/integration-test/target/test-dir/MiniOzoneClusterImpl-8fa699bc-e258-4c24-98aa-94a5d955589f/datanode-1/data-0/containers/hdds/8fa699bc-e258-4c24-98aa-94a5d955589f/current/containerDir0/19/chunks/107544261427200019.block
2021-08-15 14:03:31,017 [BlockDeletingService#0] INFO  background.BlockDeletingService (BlockDeletingService.java:deleteViaSchema2(447)) - Container: 19, deleted blocks: 1, task elapsed time: 21ms
2021-08-15 14:03:30,997 [BlockDeletingService#7] INFO  impl.FilePerBlockStrategy (FilePerBlockStrategy.java:deleteChunk(227)) - Deleted block file: /home/runner/work/ozone/ozone/hadoop-ozone/integration-test/target/test-dir/MiniOzoneClusterImpl-8fa699bc-e258-4c24-98aa-94a5d955589f/datanode-1/data-0/containers/hdds/8fa699bc-e258-4c24-98aa-94a5d955589f/current/containerDir0/20/chunks/107544261427200020.block
2021-08-15 14:03:31,018 [BlockDeletingService#7] INFO  background.BlockDeletingService (BlockDeletingService.java:deleteViaSchema2(447)) - Container: 20, deleted blocks: 1, task elapsed time: 21ms
2021-08-15 14:03:30,996 [BlockDeletingService#3] INFO  impl.FilePerBlockStrategy (FilePerBlockStrategy.java:deleteChunk(227)) - Deleted block file: /home/runner/work/ozone/ozone/hadoop-ozone/integration-test/target/test-dir/MiniOzoneClusterImpl-8fa699bc-e258-4c24-98aa-94a5d955589f/datanode-1/data-0/containers/hdds/8fa699bc-e258-4c24-98aa-94a5d955589f/current/containerDir0/21/chunks/107544261427200021.block
2021-08-15 14:03:30,996 [BlockDeletingService#6] INFO  impl.FilePerBlockStrategy (FilePerBlockStrategy.java:deleteChunk(227)) - Deleted block file: /home/runner/work/ozone/ozone/hadoop-ozone/integration-test/target/test-dir/MiniOzoneClusterImpl-8fa699bc-e258-4c24-98aa-94a5d955589f/datanode-1/data-0/containers/hdds/8fa699bc-e258-4c24-98aa-94a5d955589f/current/containerDir0/22/chunks/107544261427200022.block
2021-08-15 14:03:31,018 [BlockDeletingService#6] INFO  background.BlockDeletingService (BlockDeletingService.java:deleteViaSchema2(447)) - Container: 22, deleted blocks: 1, task elapsed time: 22ms
2021-08-15 14:03:30,995 [BlockDeletingService#1] INFO  impl.FilePerBlockStrategy (FilePerBlockStrategy.java:deleteChunk(227)) - Deleted block file: /home/runner/work/ozone/ozone/hadoop-ozone/integration-test/target/test-dir/MiniOzoneClusterImpl-8fa699bc-e258-4c24-98aa-94a5d955589f/datanode-1/data-0/containers/hdds/8fa699bc-e258-4c24-98aa-94a5d955589f/current/containerDir0/23/chunks/107544261427200023.block
2021-08-15 14:03:31,020 [BlockDeletingService#1] INFO  background.BlockDeletingService (BlockDeletingService.java:deleteViaSchema2(447)) - Container: 23, deleted blocks: 1, task elapsed time: 25ms
2021-08-15 14:03:31,018 [EventQueue-DeleteBlockStatusForDeletedBlockLogImpl] DEBUG block.DeletedBlockLogImpl (DeletedBlockLogImpl.java:isTransactionFailed(278)) - Got block deletion ACK from datanode, TXIDs=3, success=true
2021-08-15 14:03:31,018 [BlockDeletingService#3] INFO  background.BlockDeletingService (BlockDeletingService.java:deleteViaSchema2(447)) - Container: 21, deleted blocks: 1, task elapsed time: 22ms
2021-08-15 14:03:31,023 [EventQueue-DeleteBlockStatusForDeletedBlockLogImpl] DEBUG block.DeletedBlockLogImpl (DeletedBlockLogImpl.java:commitTransactions(224)) - Transaction txId=3 commit by dnId=0475d2c2-d46f-403e-95a5-8ff1a5c32338 for containerID=#3 failed. Corresponding entry not found.
2021-08-15 14:03:31,023 [EventQueue-DeleteBlockStatusForDeletedBlockLogImpl] DEBUG block.DeletedBlockLogImpl (DeletedBlockLogImpl.java:isTransactionFailed(278)) - Got block deletion ACK from datanode, TXIDs=4, success=true
2021-08-15 14:03:31,023 [EventQueue-DeleteBlockStatusForDeletedBlockLogImpl] DEBUG block.DeletedBlockLogImpl (DeletedBlockLogImpl.java:commitTransactions(224)) - Transaction txId=4 commit by dnId=0475d2c2-d46f-403e-95a5-8ff1a5c32338 for containerID=#4 failed. Corresponding entry not found.
2021-08-15 14:03:31,023 [EventQueue-DeleteBlockStatusForDeletedBlockLogImpl] DEBUG block.DeletedBlockLogImpl (DeletedBlockLogImpl.java:isTransactionFailed(278)) - Got block deletion ACK from datanode, TXIDs=5, success=true
2021-08-15 14:03:31,023 [EventQueue-DeleteBlockStatusForDeletedBlockLogImpl] DEBUG block.DeletedBlockLogImpl (DeletedBlockLogImpl.java:commitTransactions(224)) - Transaction txId=5 commit by dnId=0475d2c2-d46f-403e-95a5-8ff1a5c32338 for containerID=#5 failed. Corresponding entry not found.
2021-08-15 14:03:31,023 [EventQueue-DeleteBlockStatusForDeletedBlockLogImpl] DEBUG block.DeletedBlockLogImpl (DeletedBlockLogImpl.java:isTransactionFailed(278)) - Got block deletion ACK from datanode, TXIDs=6, success=true
2021-08-15 14:03:31,023 [EventQueue-DeleteBlockStatusForDeletedBlockLogImpl] DEBUG block.DeletedBlockLogImpl (DeletedBlockLogImpl.java:commitTransactions(224)) - Transaction txId=6 commit by dnId=0475d2c2-d46f-403e-95a5-8ff1a5c32338 for containerID=#6 failed. Corresponding entry not found.
2021-08-15 14:03:31,023 [EventQueue-DeleteBlockStatusForDeletedBlockLogImpl] DEBUG block.DeletedBlockLogImpl (DeletedBlockLogImpl.java:isTransactionFailed(278)) - Got block deletion ACK from datanode, TXIDs=7, success=true
2021-08-15 14:03:31,023 [EventQueue-DeleteBlockStatusForDeletedBlockLogImpl] DEBUG block.DeletedBlockLogImpl (DeletedBlockLogImpl.java:commitTransactions(224)) - Transaction txId=7 commit by dnId=0475d2c2-d46f-403e-95a5-8ff1a5c32338 for containerID=#7 failed. Corresponding entry not found.
2021-08-15 14:03:31,023 [EventQueue-DeleteBlockStatusForDeletedBlockLogImpl] DEBUG block.DeletedBlockLogImpl (DeletedBlockLogImpl.java:isTransactionFailed(278)) - Got block deletion ACK from datanode, TXIDs=8, success=true
2021-08-15 14:03:31,023 [EventQueue-DeleteBlockStatusForDeletedBlockLogImpl] DEBUG block.DeletedBlockLogImpl (DeletedBlockLogImpl.java:commitTransactions(224)) - Transaction txId=8 commit by dnId=0475d2c2-d46f-403e-95a5-8ff1a5c32338 for containerID=#8 failed. Corresponding entry not found.
2021-08-15 14:03:31,023 [EventQueue-DeleteBlockStatusForDeletedBlockLogImpl] DEBUG block.DeletedBlockLogImpl (DeletedBlockLogImpl.java:isTransactionFailed(278)) - Got block deletion ACK from datanode, TXIDs=9, success=true
2021-08-15 14:03:31,023 [EventQueue-DeleteBlockStatusForDeletedBlockLogImpl] DEBUG block.DeletedBlockLogImpl (DeletedBlockLogImpl.java:commitTransactions(224)) - Transaction txId=9 commit by dnId=0475d2c2-d46f-403e-95a5-8ff1a5c32338 for containerID=#9 failed. Corresponding entry not found.
2021-08-15 14:03:31,023 [EventQueue-DeleteBlockStatusForDeletedBlockLogImpl] DEBUG block.DeletedBlockLogImpl (DeletedBlockLogImpl.java:isTransactionFailed(278)) - Got block deletion ACK from datanode, TXIDs=10, success=true
2021-08-15 14:03:31,023 [EventQueue-DeleteBlockStatusForDeletedBlockLogImpl] DEBUG block.DeletedBlockLogImpl (DeletedBlockLogImpl.java:commitTransactions(224)) - Transaction txId=10 commit by dnId=0475d2c2-d46f-403e-95a5-8ff1a5c32338 for containerID=#10 failed. Corresponding entry not found.
2021-08-15 14:03:31,023 [EventQueue-DeleteBlockStatusForDeletedBlockLogImpl] DEBUG block.DeletedBlockLogImpl (DeletedBlockLogImpl.java:isTransactionFailed(278)) - Got block deletion ACK from datanode, TXIDs=11, success=true
2021-08-15 14:03:31,023 [EventQueue-DeleteBlockStatusForDeletedBlockLogImpl] DEBUG block.DeletedBlockLogImpl (DeletedBlockLogImpl.java:commitTransactions(224)) - Transaction txId=11 commit by dnId=0475d2c2-d46f-403e-95a5-8ff1a5c32338 for containerID=#11 failed. Corresponding entry not found.
2021-08-15 14:03:31,023 [EventQueue-DeleteBlockStatusForDeletedBlockLogImpl] DEBUG block.DeletedBlockLogImpl (DeletedBlockLogImpl.java:isTransactionFailed(278)) - Got block deletion ACK from datanode, TXIDs=12, success=true
2021-08-15 14:03:31,023 [EventQueue-DeleteBlockStatusForDeletedBlockLogImpl] DEBUG block.DeletedBlockLogImpl (DeletedBlockLogImpl.java:commitTransactions(224)) - Transaction txId=12 commit by dnId=0475d2c2-d46f-403e-95a5-8ff1a5c32338 for containerID=#12 failed. Corresponding entry not found.
2021-08-15 14:03:31,023 [EventQueue-DeleteBlockStatusForDeletedBlockLogImpl] DEBUG block.DeletedBlockLogImpl (DeletedBlockLogImpl.java:isTransactionFailed(278)) - Got block deletion ACK from datanode, TXIDs=13, success=true
2021-08-15 14:03:31,023 [EventQueue-DeleteBlockStatusForDeletedBlockLogImpl] DEBUG block.DeletedBlockLogImpl (DeletedBlockLogImpl.java:commitTransactions(224)) - Transaction txId=13 commit by dnId=0475d2c2-d46f-403e-95a5-8ff1a5c32338 for containerID=#13 failed. Corresponding entry not found.
2021-08-15 14:03:31,023 [EventQueue-DeleteBlockStatusForDeletedBlockLogImpl] DEBUG block.DeletedBlockLogImpl (DeletedBlockLogImpl.java:isTransactionFailed(278)) - Got block deletion ACK from datanode, TXIDs=14, success=true
2021-08-15 14:03:31,023 [EventQueue-DeleteBlockStatusForDeletedBlockLogImpl] DEBUG block.DeletedBlockLogImpl (DeletedBlockLogImpl.java:commitTransactions(224)) - Transaction txId=14 commit by dnId=0475d2c2-d46f-403e-95a5-8ff1a5c32338 for containerID=#14 failed. Corresponding entry not found.
2021-08-15 14:03:31,023 [EventQueue-DeleteBlockStatusForDeletedBlockLogImpl] DEBUG block.DeletedBlockLogImpl (DeletedBlockLogImpl.java:isTransactionFailed(278)) - Got block deletion ACK from datanode, TXIDs=15, success=true
2021-08-15 14:03:31,024 [EventQueue-DeleteBlockStatusForDeletedBlockLogImpl] DEBUG block.DeletedBlockLogImpl (DeletedBlockLogImpl.java:commitTransactions(224)) - Transaction txId=15 commit by dnId=0475d2c2-d46f-403e-95a5-8ff1a5c32338 for containerID=#15 failed. Corresponding entry not found.
2021-08-15 14:03:31,024 [EventQueue-DeleteBlockStatusForDeletedBlockLogImpl] DEBUG block.DeletedBlockLogImpl (DeletedBlockLogImpl.java:isTransactionFailed(278)) - Got block deletion ACK from datanode, TXIDs=16, success=true
2021-08-15 14:03:31,024 [EventQueue-DeleteBlockStatusForDeletedBlockLogImpl] DEBUG block.DeletedBlockLogImpl (DeletedBlockLogImpl.java:commitTransactions(224)) - Transaction txId=16 commit by dnId=0475d2c2-d46f-403e-95a5-8ff1a5c32338 for containerID=#16 failed. Corresponding entry not found.
2021-08-15 14:03:31,024 [EventQueue-DeleteBlockStatusForDeletedBlockLogImpl] DEBUG block.DeletedBlockLogImpl (DeletedBlockLogImpl.java:isTransactionFailed(278)) - Got block deletion ACK from datanode, TXIDs=17, success=true
2021-08-15 14:03:31,024 [EventQueue-DeleteBlockStatusForDeletedBlockLogImpl] DEBUG block.DeletedBlockLogImpl (DeletedBlockLogImpl.java:commitTransactions(256)) - Datanode txId=17 containerId=#17 committed by dnId=0475d2c2-d46f-403e-95a5-8ff1a5c32338
2021-08-15 14:03:31,024 [EventQueue-DeleteBlockStatusForDeletedBlockLogImpl] DEBUG block.DeletedBlockLogImpl (DeletedBlockLogImpl.java:isTransactionFailed(278)) - Got block deletion ACK from datanode, TXIDs=18, success=true
2021-08-15 14:03:31,024 [EventQueue-DeleteBlockStatusForDeletedBlockLogImpl] DEBUG block.DeletedBlockLogImpl (DeletedBlockLogImpl.java:commitTransactions(256)) - Datanode txId=18 containerId=#18 committed by dnId=0475d2c2-d46f-403e-95a5-8ff1a5c32338
2021-08-15 14:03:31,024 [EventQueue-DeleteBlockStatusForDeletedBlockLogImpl] DEBUG block.DeletedBlockLogImpl (DeletedBlockLogImpl.java:isTransactionFailed(278)) - Got block deletion ACK from datanode, TXIDs=19, success=true
2021-08-15 14:03:31,024 [EventQueue-DeleteBlockStatusForDeletedBlockLogImpl] DEBUG block.DeletedBlockLogImpl (DeletedBlockLogImpl.java:commitTransactions(256)) - Datanode txId=19 containerId=#19 committed by dnId=0475d2c2-d46f-403e-95a5-8ff1a5c32338
2021-08-15 14:03:31,024 [EventQueue-DeleteBlockStatusForDeletedBlockLogImpl] DEBUG block.DeletedBlockLogImpl (DeletedBlockLogImpl.java:isTransactionFailed(278)) - Got block deletion ACK from datanode, TXIDs=20, success=true
2021-08-15 14:03:31,024 [EventQueue-DeleteBlockStatusForDeletedBlockLogImpl] DEBUG block.DeletedBlockLogImpl (DeletedBlockLogImpl.java:commitTransactions(256)) - Datanode txId=20 containerId=#20 committed by dnId=0475d2c2-d46f-403e-95a5-8ff1a5c32338
2021-08-15 14:03:31,024 [EventQueue-DeleteBlockStatusForDeletedBlockLogImpl] DEBUG block.DeletedBlockLogImpl (DeletedBlockLogImpl.java:isTransactionFailed(278)) - Got block deletion ACK from datanode, TXIDs=21, success=true
2021-08-15 14:03:31,024 [EventQueue-DeleteBlockStatusForDeletedBlockLogImpl] DEBUG block.DeletedBlockLogImpl (DeletedBlockLogImpl.java:commitTransactions(256)) - Datanode txId=21 containerId=#21 committed by dnId=0475d2c2-d46f-403e-95a5-8ff1a5c32338
2021-08-15 14:03:31,024 [EventQueue-DeleteBlockStatusForDeletedBlockLogImpl] DEBUG block.DeletedBlockLogImpl (DeletedBlockLogImpl.java:isTransactionFailed(278)) - Got block deletion ACK from datanode, TXIDs=22, success=true
2021-08-15 14:03:31,024 [EventQueue-DeleteBlockStatusForDeletedBlockLogImpl] DEBUG block.DeletedBlockLogImpl (DeletedBlockLogImpl.java:commitTransactions(256)) - Datanode txId=22 containerId=#22 committed by dnId=0475d2c2-d46f-403e-95a5-8ff1a5c32338
2021-08-15 14:03:31,024 [EventQueue-DeleteBlockStatusForDeletedBlockLogImpl] DEBUG block.DeletedBlockLogImpl (DeletedBlockLogImpl.java:isTransactionFailed(278)) - Got block deletion ACK from datanode, TXIDs=23, success=true
2021-08-15 14:03:31,024 [EventQueue-DeleteBlockStatusForDeletedBlockLogImpl] DEBUG block.DeletedBlockLogImpl (DeletedBlockLogImpl.java:commitTransactions(256)) - Datanode txId=23 containerId=#23 committed by dnId=0475d2c2-d46f-403e-95a5-8ff1a5c32338
2021-08-15 14:03:31,024 [EventQueue-DeleteBlockStatusForDeletedBlockLogImpl] DEBUG block.DeletedBlockLogImpl (DeletedBlockLogImpl.java:isTransactionFailed(278)) - Got block deletion ACK from datanode, TXIDs=24, success=true
2021-08-15 14:03:31,024 [EventQueue-DeleteBlockStatusForDeletedBlockLogImpl] DEBUG block.DeletedBlockLogImpl (DeletedBlockLogImpl.java:commitTransactions(256)) - Datanode txId=24 containerId=#24 committed by dnId=0475d2c2-d46f-403e-95a5-8ff1a5c32338
2021-08-15 14:03:31,024 [EventQueue-DeleteBlockStatusForDeletedBlockLogImpl] DEBUG block.DeletedBlockLogImpl (DeletedBlockLogImpl.java:isTransactionFailed(278)) - Got block deletion ACK from datanode, TXIDs=25, success=true
2021-08-15 14:03:31,024 [EventQueue-DeleteBlockStatusForDeletedBlockLogImpl] DEBUG block.DeletedBlockLogImpl (DeletedBlockLogImpl.java:commitTransactions(256)) - Datanode txId=25 containerId=#25 committed by dnId=0475d2c2-d46f-403e-95a5-8ff1a5c32338
2021-08-15 14:03:31,024 [EventQueue-DeleteBlockStatusForDeletedBlockLogImpl] DEBUG block.DeletedBlockLogImpl (DeletedBlockLogImpl.java:isTransactionFailed(278)) - Got block deletion ACK from datanode, TXIDs=26, success=true
2021-08-15 14:03:31,024 [EventQueue-DeleteBlockStatusForDeletedBlockLogImpl] DEBUG block.DeletedBlockLogImpl (DeletedBlockLogImpl.java:commitTransactions(256)) - Datanode txId=26 containerId=#26 committed by dnId=0475d2c2-d46f-403e-95a5-8ff1a5c32338
2021-08-15 14:03:31,024 [EventQueue-DeleteBlockStatusForDeletedBlockLogImpl] DEBUG block.DeletedBlockLogImpl (DeletedBlockLogImpl.java:isTransactionFailed(278)) - Got block deletion ACK from datanode, TXIDs=1, success=true
2021-08-15 14:03:31,024 [EventQueue-DeleteBlockStatusForDeletedBlockLogImpl] DEBUG block.DeletedBlockLogImpl (DeletedBlockLogImpl.java:commitTransactions(224)) - Transaction txId=1 commit by dnId=0475d2c2-d46f-403e-95a5-8ff1a5c32338 for containerID=#1 failed. Corresponding entry not found.
2021-08-15 14:03:31,024 [EventQueue-DeleteBlockStatusForDeletedBlockLogImpl] DEBUG block.DeletedBlockLogImpl (DeletedBlockLogImpl.java:isTransactionFailed(278)) - Got block deletion ACK from datanode, TXIDs=2, success=true
2021-08-15 14:03:31,024 [EventQueue-DeleteBlockStatusForDeletedBlockLogImpl] DEBUG block.DeletedBlockLogImpl (DeletedBlockLogImpl.java:commitTransactions(224)) - Transaction txId=2 commit by dnId=0475d2c2-d46f-403e-95a5-8ff1a5c32338 for containerID=#2 failed. Corresponding entry not found.
2021-08-15 14:03:31,024 [EventQueue-DeleteBlockStatusForDeletedBlockLogImpl] DEBUG block.DeletedBlockLogImpl (DeletedBlockLogImpl.java:isTransactionFailed(278)) - Got block deletion ACK from datanode, TXIDs=3, success=true
2021-08-15 14:03:31,024 [EventQueue-DeleteBlockStatusForDeletedBlockLogImpl] DEBUG block.DeletedBlockLogImpl (DeletedBlockLogImpl.java:commitTransactions(224)) - Transaction txId=3 commit by dnId=0475d2c2-d46f-403e-95a5-8ff1a5c32338 for containerID=#3 failed. Corresponding entry not found.
2021-08-15 14:03:31,024 [EventQueue-DeleteBlockStatusForDeletedBlockLogImpl] DEBUG block.DeletedBlockLogImpl (DeletedBlockLogImpl.java:isTransactionFailed(278)) - Got block deletion ACK from datanode, TXIDs=4, success=true
2021-08-15 14:03:31,024 [EventQueue-DeleteBlockStatusForDeletedBlockLogImpl] DEBUG block.DeletedBlockLogImpl (DeletedBlockLogImpl.java:commitTransactions(224)) - Transaction txId=4 commit by dnId=0475d2c2-d46f-403e-95a5-8ff1a5c32338 for containerID=#4 failed. Corresponding entry not found.
2021-08-15 14:03:31,024 [EventQueue-DeleteBlockStatusForDeletedBlockLogImpl] DEBUG block.DeletedBlockLogImpl (DeletedBlockLogImpl.java:isTransactionFailed(278)) - Got block deletion ACK from datanode, TXIDs=5, success=true
2021-08-15 14:03:31,024 [EventQueue-DeleteBlockStatusForDeletedBlockLogImpl] DEBUG block.DeletedBlockLogImpl (DeletedBlockLogImpl.java:commitTransactions(224)) - Transaction txId=5 commit by dnId=0475d2c2-d46f-403e-95a5-8ff1a5c32338 for containerID=#5 failed. Corresponding entry not found.
2021-08-15 14:03:31,024 [EventQueue-DeleteBlockStatusForDeletedBlockLogImpl] DEBUG block.DeletedBlockLogImpl (DeletedBlockLogImpl.java:isTransactionFailed(278)) - Got block deletion ACK from datanode, TXIDs=6, success=true
2021-08-15 14:03:31,024 [EventQueue-DeleteBlockStatusForDeletedBlockLogImpl] DEBUG block.DeletedBlockLogImpl (DeletedBlockLogImpl.java:commitTransactions(224)) - Transaction txId=6 commit by dnId=0475d2c2-d46f-403e-95a5-8ff1a5c32338 for containerID=#6 failed. Corresponding entry not found.
2021-08-15 14:03:31,024 [EventQueue-DeleteBlockStatusForDeletedBlockLogImpl] DEBUG block.DeletedBlockLogImpl (DeletedBlockLogImpl.java:isTransactionFailed(278)) - Got block deletion ACK from datanode, TXIDs=7, success=true
2021-08-15 14:03:31,024 [EventQueue-DeleteBlockStatusForDeletedBlockLogImpl] DEBUG block.DeletedBlockLogImpl (DeletedBlockLogImpl.java:commitTransactions(224)) - Transaction txId=7 commit by dnId=0475d2c2-d46f-403e-95a5-8ff1a5c32338 for containerID=#7 failed. Corresponding entry not found.
2021-08-15 14:03:31,024 [EventQueue-DeleteBlockStatusForDeletedBlockLogImpl] DEBUG block.DeletedBlockLogImpl (DeletedBlockLogImpl.java:isTransactionFailed(278)) - Got block deletion ACK from datanode, TXIDs=8, success=true
2021-08-15 14:03:31,024 [EventQueue-DeleteBlockStatusForDeletedBlockLogImpl] DEBUG block.DeletedBlockLogImpl (DeletedBlockLogImpl.java:commitTransactions(224)) - Transaction txId=8 commit by dnId=0475d2c2-d46f-403e-95a5-8ff1a5c32338 for containerID=#8 failed. Corresponding entry not found.
2021-08-15 14:03:31,024 [EventQueue-DeleteBlockStatusForDeletedBlockLogImpl] DEBUG block.DeletedBlockLogImpl (DeletedBlockLogImpl.java:isTransactionFailed(278)) - Got block deletion ACK from datanode, TXIDs=9, success=true
2021-08-15 14:03:31,024 [EventQueue-DeleteBlockStatusForDeletedBlockLogImpl] DEBUG block.DeletedBlockLogImpl (DeletedBlockLogImpl.java:commitTransactions(224)) - Transaction txId=9 commit by dnId=0475d2c2-d46f-403e-95a5-8ff1a5c32338 for containerID=#9 failed. Corresponding entry not found.
2021-08-15 14:03:31,024 [EventQueue-DeleteBlockStatusForDeletedBlockLogImpl] DEBUG block.DeletedBlockLogImpl (DeletedBlockLogImpl.java:isTransactionFailed(278)) - Got block deletion ACK from datanode, TXIDs=10, success=true
2021-08-15 14:03:31,024 [EventQueue-DeleteBlockStatusForDeletedBlockLogImpl] DEBUG block.DeletedBlockLogImpl (DeletedBlockLogImpl.java:commitTransactions(224)) - Transaction txId=10 commit by dnId=0475d2c2-d46f-403e-95a5-8ff1a5c32338 for containerID=#10 failed. Corresponding entry not found.
2021-08-15 14:03:31,024 [EventQueue-DeleteBlockStatusForDeletedBlockLogImpl] DEBUG block.DeletedBlockLogImpl (DeletedBlockLogImpl.java:isTransactionFailed(278)) - Got block deletion ACK from datanode, TXIDs=11, success=true
2021-08-15 14:03:31,024 [EventQueue-DeleteBlockStatusForDeletedBlockLogImpl] DEBUG block.DeletedBlockLogImpl (DeletedBlockLogImpl.java:commitTransactions(224)) - Transaction txId=11 commit by dnId=0475d2c2-d46f-403e-95a5-8ff1a5c32338 for containerID=#11 failed. Corresponding entry not found.
2021-08-15 14:03:31,024 [EventQueue-DeleteBlockStatusForDeletedBlockLogImpl] DEBUG block.DeletedBlockLogImpl (DeletedBlockLogImpl.java:isTransactionFailed(278)) - Got block deletion ACK from datanode, TXIDs=12, success=true
2021-08-15 14:03:31,024 [EventQueue-DeleteBlockStatusForDeletedBlockLogImpl] DEBUG block.DeletedBlockLogImpl (DeletedBlockLogImpl.java:commitTransactions(224)) - Transaction txId=12 commit by dnId=0475d2c2-d46f-403e-95a5-8ff1a5c32338 for containerID=#12 failed. Corresponding entry not found.
2021-08-15 14:03:31,024 [EventQueue-DeleteBlockStatusForDeletedBlockLogImpl] DEBUG block.DeletedBlockLogImpl (DeletedBlockLogImpl.java:isTransactionFailed(278)) - Got block deletion ACK from datanode, TXIDs=13, success=true
2021-08-15 14:03:31,025 [EventQueue-DeleteBlockStatusForDeletedBlockLogImpl] DEBUG block.DeletedBlockLogImpl (DeletedBlockLogImpl.java:commitTransactions(224)) - Transaction txId=13 commit by dnId=0475d2c2-d46f-403e-95a5-8ff1a5c32338 for containerID=#13 failed. Corresponding entry not found.
2021-08-15 14:03:31,025 [EventQueue-DeleteBlockStatusForDeletedBlockLogImpl] DEBUG block.DeletedBlockLogImpl (DeletedBlockLogImpl.java:isTransactionFailed(278)) - Got block deletion ACK from datanode, TXIDs=14, success=true
2021-08-15 14:03:31,025 [EventQueue-DeleteBlockStatusForDeletedBlockLogImpl] DEBUG block.DeletedBlockLogImpl (DeletedBlockLogImpl.java:commitTransactions(224)) - Transaction txId=14 commit by dnId=0475d2c2-d46f-403e-95a5-8ff1a5c32338 for containerID=#14 failed. Corresponding entry not found.
2021-08-15 14:03:31,025 [EventQueue-DeleteBlockStatusForDeletedBlockLogImpl] DEBUG block.DeletedBlockLogImpl (DeletedBlockLogImpl.java:isTransactionFailed(278)) - Got block deletion ACK from datanode, TXIDs=15, success=true
2021-08-15 14:03:31,025 [EventQueue-DeleteBlockStatusForDeletedBlockLogImpl] DEBUG block.DeletedBlockLogImpl (DeletedBlockLogImpl.java:commitTransactions(224)) - Transaction txId=15 commit by dnId=0475d2c2-d46f-403e-95a5-8ff1a5c32338 for containerID=#15 failed. Corresponding entry not found.
2021-08-15 14:03:31,025 [EventQueue-DeleteBlockStatusForDeletedBlockLogImpl] DEBUG block.DeletedBlockLogImpl (DeletedBlockLogImpl.java:isTransactionFailed(278)) - Got block deletion ACK from datanode, TXIDs=16, success=true
2021-08-15 14:03:31,025 [EventQueue-DeleteBlockStatusForDeletedBlockLogImpl] DEBUG block.DeletedBlockLogImpl (DeletedBlockLogImpl.java:commitTransactions(224)) - Transaction txId=16 commit by dnId=0475d2c2-d46f-403e-95a5-8ff1a5c32338 for containerID=#16 failed. Corresponding entry not found.
2021-08-15 14:03:31,025 [EventQueue-DeleteBlockStatusForDeletedBlockLogImpl] DEBUG block.DeletedBlockLogImpl (DeletedBlockLogImpl.java:isTransactionFailed(278)) - Got block deletion ACK from datanode, TXIDs=17, success=true
2021-08-15 14:03:31,025 [EventQueue-DeleteBlockStatusForDeletedBlockLogImpl] DEBUG block.DeletedBlockLogImpl (DeletedBlockLogImpl.java:commitTransactions(256)) - Datanode txId=17 containerId=#17 committed by dnId=0475d2c2-d46f-403e-95a5-8ff1a5c32338
2021-08-15 14:03:31,025 [EventQueue-DeleteBlockStatusForDeletedBlockLogImpl] DEBUG block.DeletedBlockLogImpl (DeletedBlockLogImpl.java:isTransactionFailed(278)) - Got block deletion ACK from datanode, TXIDs=18, success=true
2021-08-15 14:03:31,025 [EventQueue-DeleteBlockStatusForDeletedBlockLogImpl] DEBUG block.DeletedBlockLogImpl (DeletedBlockLogImpl.java:commitTransactions(256)) - Datanode txId=18 containerId=#18 committed by dnId=0475d2c2-d46f-403e-95a5-8ff1a5c32338
2021-08-15 14:03:31,025 [EventQueue-DeleteBlockStatusForDeletedBlockLogImpl] DEBUG block.DeletedBlockLogImpl (DeletedBlockLogImpl.java:isTransactionFailed(278)) - Got block deletion ACK from datanode, TXIDs=19, success=true
2021-08-15 14:03:31,025 [EventQueue-DeleteBlockStatusForDeletedBlockLogImpl] DEBUG block.DeletedBlockLogImpl (DeletedBlockLogImpl.java:commitTransactions(256)) - Datanode txId=19 containerId=#19 committed by dnId=0475d2c2-d46f-403e-95a5-8ff1a5c32338
2021-08-15 14:03:31,025 [EventQueue-DeleteBlockStatusForDeletedBlockLogImpl] DEBUG block.DeletedBlockLogImpl (DeletedBlockLogImpl.java:isTransactionFailed(278)) - Got block deletion ACK from datanode, TXIDs=20, success=true
2021-08-15 14:03:31,025 [EventQueue-DeleteBlockStatusForDeletedBlockLogImpl] DEBUG block.DeletedBlockLogImpl (DeletedBlockLogImpl.java:commitTransactions(256)) - Datanode txId=20 containerId=#20 committed by dnId=0475d2c2-d46f-403e-95a5-8ff1a5c32338
2021-08-15 14:03:31,025 [EventQueue-DeleteBlockStatusForDeletedBlockLogImpl] DEBUG block.DeletedBlockLogImpl (DeletedBlockLogImpl.java:isTransactionFailed(278)) - Got block deletion ACK from datanode, TXIDs=21, success=true
2021-08-15 14:03:31,025 [EventQueue-DeleteBlockStatusForDeletedBlockLogImpl] DEBUG block.DeletedBlockLogImpl (DeletedBlockLogImpl.java:commitTransactions(256)) - Datanode txId=21 containerId=#21 committed by dnId=0475d2c2-d46f-403e-95a5-8ff1a5c32338
2021-08-15 14:03:31,025 [EventQueue-DeleteBlockStatusForDeletedBlockLogImpl] DEBUG block.DeletedBlockLogImpl (DeletedBlockLogImpl.java:isTransactionFailed(278)) - Got block deletion ACK from datanode, TXIDs=22, success=true
2021-08-15 14:03:31,025 [EventQueue-DeleteBlockStatusForDeletedBlockLogImpl] DEBUG block.DeletedBlockLogImpl (DeletedBlockLogImpl.java:commitTransactions(256)) - Datanode txId=22 containerId=#22 committed by dnId=0475d2c2-d46f-403e-95a5-8ff1a5c32338
2021-08-15 14:03:31,025 [EventQueue-DeleteBlockStatusForDeletedBlockLogImpl] DEBUG block.DeletedBlockLogImpl (DeletedBlockLogImpl.java:isTransactionFailed(278)) - Got block deletion ACK from datanode, TXIDs=23, success=true
2021-08-15 14:03:31,025 [EventQueue-DeleteBlockStatusForDeletedBlockLogImpl] DEBUG block.DeletedBlockLogImpl (DeletedBlockLogImpl.java:commitTransactions(256)) - Datanode txId=23 containerId=#23 committed by dnId=0475d2c2-d46f-403e-95a5-8ff1a5c32338
2021-08-15 14:03:31,025 [EventQueue-DeleteBlockStatusForDeletedBlockLogImpl] DEBUG block.DeletedBlockLogImpl (DeletedBlockLogImpl.java:isTransactionFailed(278)) - Got block deletion ACK from datanode, TXIDs=24, success=true
2021-08-15 14:03:31,025 [EventQueue-DeleteBlockStatusForDeletedBlockLogImpl] DEBUG block.DeletedBlockLogImpl (DeletedBlockLogImpl.java:commitTransactions(256)) - Datanode txId=24 containerId=#24 committed by dnId=0475d2c2-d46f-403e-95a5-8ff1a5c32338
2021-08-15 14:03:31,025 [EventQueue-DeleteBlockStatusForDeletedBlockLogImpl] DEBUG block.DeletedBlockLogImpl (DeletedBlockLogImpl.java:isTransactionFailed(278)) - Got block deletion ACK from datanode, TXIDs=25, success=true
2021-08-15 14:03:31,025 [EventQueue-DeleteBlockStatusForDeletedBlockLogImpl] DEBUG block.DeletedBlockLogImpl (DeletedBlockLogImpl.java:commitTransactions(256)) - Datanode txId=25 containerId=#25 committed by dnId=0475d2c2-d46f-403e-95a5-8ff1a5c32338
2021-08-15 14:03:31,025 [EventQueue-DeleteBlockStatusForDeletedBlockLogImpl] DEBUG block.DeletedBlockLogImpl (DeletedBlockLogImpl.java:isTransactionFailed(278)) - Got block deletion ACK from datanode, TXIDs=26, success=true
2021-08-15 14:03:31,025 [EventQueue-DeleteBlockStatusForDeletedBlockLogImpl] DEBUG block.DeletedBlockLogImpl (DeletedBlockLogImpl.java:commitTransactions(256)) - Datanode txId=26 containerId=#26 committed by dnId=0475d2c2-d46f-403e-95a5-8ff1a5c32338
2021-08-15 14:03:31,025 [EventQueue-DeleteBlockStatusForDeletedBlockLogImpl] DEBUG block.DeletedBlockLogImpl (DeletedBlockLogImpl.java:isTransactionFailed(278)) - Got block deletion ACK from datanode, TXIDs=1, success=true
2021-08-15 14:03:31,025 [EventQueue-DeleteBlockStatusForDeletedBlockLogImpl] DEBUG block.DeletedBlockLogImpl (DeletedBlockLogImpl.java:commitTransactions(224)) - Transaction txId=1 commit by dnId=0475d2c2-d46f-403e-95a5-8ff1a5c32338 for containerID=#1 failed. Corresponding entry not found.
2021-08-15 14:03:31,025 [EventQueue-DeleteBlockStatusForDeletedBlockLogImpl] DEBUG block.DeletedBlockLogImpl (DeletedBlockLogImpl.java:isTransactionFailed(278)) - Got block deletion ACK from datanode, TXIDs=2, success=true
2021-08-15 14:03:31,025 [EventQueue-DeleteBlockStatusForDeletedBlockLogImpl] DEBUG block.DeletedBlockLogImpl (DeletedBlockLogImpl.java:commitTransactions(224)) - Transaction txId=2 commit by dnId=0475d2c2-d46f-403e-95a5-8ff1a5c32338 for containerID=#2 failed. Corresponding entry not found.
2021-08-15 14:03:31,025 [EventQueue-DeleteBlockStatusForDeletedBlockLogImpl] DEBUG block.DeletedBlockLogImpl (DeletedBlockLogImpl.java:isTransactionFailed(278)) - Got block deletion ACK from datanode, TXIDs=3, success=true
2021-08-15 14:03:31,025 [EventQueue-DeleteBlockStatusForDeletedBlockLogImpl] DEBUG block.DeletedBlockLogImpl (DeletedBlockLogImpl.java:commitTransactions(224)) - Transaction txId=3 commit by dnId=0475d2c2-d46f-403e-95a5-8ff1a5c32338 for containerID=#3 failed. Corresponding entry not found.
2021-08-15 14:03:31,025 [EventQueue-DeleteBlockStatusForDeletedBlockLogImpl] DEBUG block.DeletedBlockLogImpl (DeletedBlockLogImpl.java:isTransactionFailed(278)) - Got block deletion ACK from datanode, TXIDs=4, success=true
2021-08-15 14:03:31,025 [EventQueue-DeleteBlockStatusForDeletedBlockLogImpl] DEBUG block.DeletedBlockLogImpl (DeletedBlockLogImpl.java:commitTransactions(224)) - Transaction txId=4 commit by dnId=0475d2c2-d46f-403e-95a5-8ff1a5c32338 for containerID=#4 failed. Corresponding entry not found.
2021-08-15 14:03:31,025 [EventQueue-DeleteBlockStatusForDeletedBlockLogImpl] DEBUG block.DeletedBlockLogImpl (DeletedBlockLogImpl.java:isTransactionFailed(278)) - Got block deletion ACK from datanode, TXIDs=5, success=true
2021-08-15 14:03:31,025 [EventQueue-DeleteBlockStatusForDeletedBlockLogImpl] DEBUG block.DeletedBlockLogImpl (DeletedBlockLogImpl.java:commitTransactions(224)) - Transaction txId=5 commit by dnId=0475d2c2-d46f-403e-95a5-8ff1a5c32338 for containerID=#5 failed. Corresponding entry not found.
2021-08-15 14:03:31,025 [EventQueue-DeleteBlockStatusForDeletedBlockLogImpl] DEBUG block.DeletedBlockLogImpl (DeletedBlockLogImpl.java:isTransactionFailed(278)) - Got block deletion ACK from datanode, TXIDs=6, success=true
2021-08-15 14:03:31,014 [BlockDeletingService#4] INFO  impl.FilePerBlockStrategy (FilePerBlockStrategy.java:deleteChunk(227)) - Deleted block file: /home/runner/work/ozone/ozone/hadoop-ozone/integration-test/target/test-dir/MiniOzoneClusterImpl-8fa699bc-e258-4c24-98aa-94a5d955589f/datanode-1/data-0/containers/hdds/8fa699bc-e258-4c24-98aa-94a5d955589f/current/containerDir0/5/chunks/107544261427200005.block
2021-08-15 14:03:31,025 [BlockDeletingService#4] INFO  background.BlockDeletingService (BlockDeletingService.java:deleteViaSchema2(447)) - Container: 5, deleted blocks: 1, task elapsed time: 12ms
2021-08-15 14:03:31,013 [BlockDeletingService#9] INFO  background.BlockDeletingService (BlockDeletingService.java:deleteViaSchema2(447)) - Container: 7, deleted blocks: 1, task elapsed time: 1ms
2021-08-15 14:03:31,011 [BlockDeletingService#5] INFO  impl.FilePerBlockStrategy (FilePerBlockStrategy.java:deleteChunk(227)) - Deleted block file: /home/runner/work/ozone/ozone/hadoop-ozone/integration-test/target/test-dir/MiniOzoneClusterImpl-8fa699bc-e258-4c24-98aa-94a5d955589f/datanode-1/data-0/containers/hdds/8fa699bc-e258-4c24-98aa-94a5d955589f/current/containerDir0/8/chunks/107544261427200008.block
2021-08-15 14:03:31,026 [BlockDeletingService#5] INFO  background.BlockDeletingService (BlockDeletingService.java:deleteViaSchema2(447)) - Container: 8, deleted blocks: 1, task elapsed time: 15ms
2021-08-15 14:03:31,010 [BlockDeletingService#2] INFO  impl.FilePerBlockStrategy (FilePerBlockStrategy.java:deleteChunk(227)) - Deleted block file: /home/runner/work/ozone/ozone/hadoop-ozone/integration-test/target/test-dir/MiniOzoneClusterImpl-8fa699bc-e258-4c24-98aa-94a5d955589f/datanode-1/data-0/containers/hdds/8fa699bc-e258-4c24-98aa-94a5d955589f/current/containerDir0/10/chunks/107544261427200010.block
2021-08-15 14:03:31,028 [BlockDeletingService#2] INFO  background.BlockDeletingService (BlockDeletingService.java:deleteViaSchema2(447)) - Container: 10, deleted blocks: 1, task elapsed time: 18ms
2021-08-15 14:03:31,030 [EventQueue-DeleteBlockStatusForDeletedBlockLogImpl] DEBUG block.DeletedBlockLogImpl (DeletedBlockLogImpl.java:commitTransactions(224)) - Transaction txId=6 commit by dnId=0475d2c2-d46f-403e-95a5-8ff1a5c32338 for containerID=#6 failed. Corresponding entry not found.
2021-08-15 14:03:31,030 [EventQueue-DeleteBlockStatusForDeletedBlockLogImpl] DEBUG block.DeletedBlockLogImpl (DeletedBlockLogImpl.java:isTransactionFailed(278)) - Got block deletion ACK from datanode, TXIDs=7, success=true
2021-08-15 14:03:31,030 [EventQueue-DeleteBlockStatusForDeletedBlockLogImpl] DEBUG block.DeletedBlockLogImpl (DeletedBlockLogImpl.java:commitTransactions(224)) - Transaction txId=7 commit by dnId=0475d2c2-d46f-403e-95a5-8ff1a5c32338 for containerID=#7 failed. Corresponding entry not found.
2021-08-15 14:03:31,030 [EventQueue-DeleteBlockStatusForDeletedBlockLogImpl] DEBUG block.DeletedBlockLogImpl (DeletedBlockLogImpl.java:isTransactionFailed(278)) - Got block deletion ACK from datanode, TXIDs=8, success=true
2021-08-15 14:03:31,030 [EventQueue-DeleteBlockStatusForDeletedBlockLogImpl] DEBUG block.DeletedBlockLogImpl (DeletedBlockLogImpl.java:commitTransactions(224)) - Transaction txId=8 commit by dnId=0475d2c2-d46f-403e-95a5-8ff1a5c32338 for containerID=#8 failed. Corresponding entry not found.
2021-08-15 14:03:31,030 [EventQueue-DeleteBlockStatusForDeletedBlockLogImpl] DEBUG block.DeletedBlockLogImpl (DeletedBlockLogImpl.java:isTransactionFailed(278)) - Got block deletion ACK from datanode, TXIDs=9, success=true
2021-08-15 14:03:31,030 [EventQueue-DeleteBlockStatusForDeletedBlockLogImpl] DEBUG block.DeletedBlockLogImpl (DeletedBlockLogImpl.java:commitTransactions(224)) - Transaction txId=9 commit by dnId=0475d2c2-d46f-403e-95a5-8ff1a5c32338 for containerID=#9 failed. Corresponding entry not found.
2021-08-15 14:03:31,030 [EventQueue-DeleteBlockStatusForDeletedBlockLogImpl] DEBUG block.DeletedBlockLogImpl (DeletedBlockLogImpl.java:isTransactionFailed(278)) - Got block deletion ACK from datanode, TXIDs=10, success=true
2021-08-15 14:03:31,030 [EventQueue-DeleteBlockStatusForDeletedBlockLogImpl] DEBUG block.DeletedBlockLogImpl (DeletedBlockLogImpl.java:commitTransactions(224)) - Transaction txId=10 commit by dnId=0475d2c2-d46f-403e-95a5-8ff1a5c32338 for containerID=#10 failed. Corresponding entry not found.
2021-08-15 14:03:31,030 [EventQueue-DeleteBlockStatusForDeletedBlockLogImpl] DEBUG block.DeletedBlockLogImpl (DeletedBlockLogImpl.java:isTransactionFailed(278)) - Got block deletion ACK from datanode, TXIDs=11, success=true
2021-08-15 14:03:31,030 [EventQueue-DeleteBlockStatusForDeletedBlockLogImpl] DEBUG block.DeletedBlockLogImpl (DeletedBlockLogImpl.java:commitTransactions(224)) - Transaction txId=11 commit by dnId=0475d2c2-d46f-403e-95a5-8ff1a5c32338 for containerID=#11 failed. Corresponding entry not found.
2021-08-15 14:03:31,030 [EventQueue-DeleteBlockStatusForDeletedBlockLogImpl] DEBUG block.DeletedBlockLogImpl (DeletedBlockLogImpl.java:isTransactionFailed(278)) - Got block deletion ACK from datanode, TXIDs=12, success=true
2021-08-15 14:03:31,030 [EventQueue-DeleteBlockStatusForDeletedBlockLogImpl] DEBUG block.DeletedBlockLogImpl (DeletedBlockLogImpl.java:commitTransactions(224)) - Transaction txId=12 commit by dnId=0475d2c2-d46f-403e-95a5-8ff1a5c32338 for containerID=#12 failed. Corresponding entry not found.
2021-08-15 14:03:31,030 [EventQueue-DeleteBlockStatusForDeletedBlockLogImpl] DEBUG block.DeletedBlockLogImpl (DeletedBlockLogImpl.java:isTransactionFailed(278)) - Got block deletion ACK from datanode, TXIDs=13, success=true
2021-08-15 14:03:31,030 [EventQueue-DeleteBlockStatusForDeletedBlockLogImpl] DEBUG block.DeletedBlockLogImpl (DeletedBlockLogImpl.java:commitTransactions(224)) - Transaction txId=13 commit by dnId=0475d2c2-d46f-403e-95a5-8ff1a5c32338 for containerID=#13 failed. Corresponding entry not found.
2021-08-15 14:03:31,030 [EventQueue-DeleteBlockStatusForDeletedBlockLogImpl] DEBUG block.DeletedBlockLogImpl (DeletedBlockLogImpl.java:isTransactionFailed(278)) - Got block deletion ACK from datanode, TXIDs=14, success=true
2021-08-15 14:03:31,030 [EventQueue-DeleteBlockStatusForDeletedBlockLogImpl] DEBUG block.DeletedBlockLogImpl (DeletedBlockLogImpl.java:commitTransactions(224)) - Transaction txId=14 commit by dnId=0475d2c2-d46f-403e-95a5-8ff1a5c32338 for containerID=#14 failed. Corresponding entry not found.
2021-08-15 14:03:31,030 [EventQueue-DeleteBlockStatusForDeletedBlockLogImpl] DEBUG block.DeletedBlockLogImpl (DeletedBlockLogImpl.java:isTransactionFailed(278)) - Got block deletion ACK from datanode, TXIDs=15, success=true
2021-08-15 14:03:31,030 [EventQueue-DeleteBlockStatusForDeletedBlockLogImpl] DEBUG block.DeletedBlockLogImpl (DeletedBlockLogImpl.java:commitTransactions(224)) - Transaction txId=15 commit by dnId=0475d2c2-d46f-403e-95a5-8ff1a5c32338 for containerID=#15 failed. Corresponding entry not found.
2021-08-15 14:03:31,031 [EventQueue-DeleteBlockStatusForDeletedBlockLogImpl] DEBUG block.DeletedBlockLogImpl (DeletedBlockLogImpl.java:isTransactionFailed(278)) - Got block deletion ACK from datanode, TXIDs=16, success=true
2021-08-15 14:03:31,031 [EventQueue-DeleteBlockStatusForDeletedBlockLogImpl] DEBUG block.DeletedBlockLogImpl (DeletedBlockLogImpl.java:commitTransactions(224)) - Transaction txId=16 commit by dnId=0475d2c2-d46f-403e-95a5-8ff1a5c32338 for containerID=#16 failed. Corresponding entry not found.
2021-08-15 14:03:31,031 [EventQueue-DeleteBlockStatusForDeletedBlockLogImpl] DEBUG block.DeletedBlockLogImpl (DeletedBlockLogImpl.java:isTransactionFailed(278)) - Got block deletion ACK from datanode, TXIDs=17, success=true
2021-08-15 14:03:31,031 [EventQueue-DeleteBlockStatusForDeletedBlockLogImpl] DEBUG block.DeletedBlockLogImpl (DeletedBlockLogImpl.java:commitTransactions(256)) - Datanode txId=17 containerId=#17 committed by dnId=0475d2c2-d46f-403e-95a5-8ff1a5c32338
2021-08-15 14:03:31,031 [EventQueue-DeleteBlockStatusForDeletedBlockLogImpl] DEBUG block.DeletedBlockLogImpl (DeletedBlockLogImpl.java:isTransactionFailed(278)) - Got block deletion ACK from datanode, TXIDs=18, success=true
2021-08-15 14:03:31,031 [EventQueue-DeleteBlockStatusForDeletedBlockLogImpl] DEBUG block.DeletedBlockLogImpl (DeletedBlockLogImpl.java:commitTransactions(256)) - Datanode txId=18 containerId=#18 committed by dnId=0475d2c2-d46f-403e-95a5-8ff1a5c32338
2021-08-15 14:03:31,031 [EventQueue-DeleteBlockStatusForDeletedBlockLogImpl] DEBUG block.DeletedBlockLogImpl (DeletedBlockLogImpl.java:isTransactionFailed(278)) - Got block deletion ACK from datanode, TXIDs=19, success=true
2021-08-15 14:03:31,031 [EventQueue-DeleteBlockStatusForDeletedBlockLogImpl] DEBUG block.DeletedBlockLogImpl (DeletedBlockLogImpl.java:commitTransactions(256)) - Datanode txId=19 containerId=#19 committed by dnId=0475d2c2-d46f-403e-95a5-8ff1a5c32338
2021-08-15 14:03:31,031 [EventQueue-DeleteBlockStatusForDeletedBlockLogImpl] DEBUG block.DeletedBlockLogImpl (DeletedBlockLogImpl.java:isTransactionFailed(278)) - Got block deletion ACK from datanode, TXIDs=20, success=true
2021-08-15 14:03:31,031 [EventQueue-DeleteBlockStatusForDeletedBlockLogImpl] DEBUG block.DeletedBlockLogImpl (DeletedBlockLogImpl.java:commitTransactions(256)) - Datanode txId=20 containerId=#20 committed by dnId=0475d2c2-d46f-403e-95a5-8ff1a5c32338
2021-08-15 14:03:31,031 [EventQueue-DeleteBlockStatusForDeletedBlockLogImpl] DEBUG block.DeletedBlockLogImpl (DeletedBlockLogImpl.java:isTransactionFailed(278)) - Got block deletion ACK from datanode, TXIDs=21, success=true
2021-08-15 14:03:31,031 [EventQueue-DeleteBlockStatusForDeletedBlockLogImpl] DEBUG block.DeletedBlockLogImpl (DeletedBlockLogImpl.java:commitTransactions(256)) - Datanode txId=21 containerId=#21 committed by dnId=0475d2c2-d46f-403e-95a5-8ff1a5c32338
2021-08-15 14:03:31,031 [EventQueue-DeleteBlockStatusForDeletedBlockLogImpl] DEBUG block.DeletedBlockLogImpl (DeletedBlockLogImpl.java:isTransactionFailed(278)) - Got block deletion ACK from datanode, TXIDs=22, success=true
2021-08-15 14:03:31,031 [EventQueue-DeleteBlockStatusForDeletedBlockLogImpl] DEBUG block.DeletedBlockLogImpl (DeletedBlockLogImpl.java:commitTransactions(256)) - Datanode txId=22 containerId=#22 committed by dnId=0475d2c2-d46f-403e-95a5-8ff1a5c32338
2021-08-15 14:03:31,031 [EventQueue-DeleteBlockStatusForDeletedBlockLogImpl] DEBUG block.DeletedBlockLogImpl (DeletedBlockLogImpl.java:isTransactionFailed(278)) - Got block deletion ACK from datanode, TXIDs=23, success=true
2021-08-15 14:03:31,031 [EventQueue-DeleteBlockStatusForDeletedBlockLogImpl] DEBUG block.DeletedBlockLogImpl (DeletedBlockLogImpl.java:commitTransactions(256)) - Datanode txId=23 containerId=#23 committed by dnId=0475d2c2-d46f-403e-95a5-8ff1a5c32338
2021-08-15 14:03:31,031 [EventQueue-DeleteBlockStatusForDeletedBlockLogImpl] DEBUG block.DeletedBlockLogImpl (DeletedBlockLogImpl.java:isTransactionFailed(278)) - Got block deletion ACK from datanode, TXIDs=24, success=true
2021-08-15 14:03:31,031 [EventQueue-DeleteBlockStatusForDeletedBlockLogImpl] DEBUG block.DeletedBlockLogImpl (DeletedBlockLogImpl.java:commitTransactions(256)) - Datanode txId=24 containerId=#24 committed by dnId=0475d2c2-d46f-403e-95a5-8ff1a5c32338
2021-08-15 14:03:31,031 [EventQueue-DeleteBlockStatusForDeletedBlockLogImpl] DEBUG block.DeletedBlockLogImpl (DeletedBlockLogImpl.java:isTransactionFailed(278)) - Got block deletion ACK from datanode, TXIDs=25, success=true
2021-08-15 14:03:31,031 [EventQueue-DeleteBlockStatusForDeletedBlockLogImpl] DEBUG block.DeletedBlockLogImpl (DeletedBlockLogImpl.java:commitTransactions(256)) - Datanode txId=25 containerId=#25 committed by dnId=0475d2c2-d46f-403e-95a5-8ff1a5c32338
2021-08-15 14:03:31,072 [SCMBlockDeletingService#0] DEBUG block.SCMBlockDeletingService (SCMBlockDeletingService.java:call(133)) - Running DeletedBlockTransactionScanner
2021-08-15 14:03:31,073 [SCMBlockDeletingService#0] DEBUG block.SCMBlockDeletingService (DatanodeDeletedBlockTransactions.java:addTransactionToDN(50)) - Transaction added: f89ecde1-abfa-4530-92e2-4a065b7725ea <- TX(17)
2021-08-15 14:03:31,073 [SCMBlockDeletingService#0] DEBUG block.SCMBlockDeletingService (DatanodeDeletedBlockTransactions.java:addTransactionToDN(50)) - Transaction added: f89ecde1-abfa-4530-92e2-4a065b7725ea <- TX(18)
2021-08-15 14:03:31,073 [SCMBlockDeletingService#0] DEBUG block.SCMBlockDeletingService (DatanodeDeletedBlockTransactions.java:addTransactionToDN(50)) - Transaction added: f89ecde1-abfa-4530-92e2-4a065b7725ea <- TX(19)
2021-08-15 14:03:31,073 [SCMBlockDeletingService#0] DEBUG block.SCMBlockDeletingService (DatanodeDeletedBlockTransactions.java:addTransactionToDN(50)) - Transaction added: f89ecde1-abfa-4530-92e2-4a065b7725ea <- TX(20)
2021-08-15 14:03:31,073 [SCMBlockDeletingService#0] DEBUG block.SCMBlockDeletingService (DatanodeDeletedBlockTransactions.java:addTransactionToDN(50)) - Transaction added: f89ecde1-abfa-4530-92e2-4a065b7725ea <- TX(21)
2021-08-15 14:03:31,073 [SCMBlockDeletingService#0] DEBUG block.SCMBlockDeletingService (DatanodeDeletedBlockTransactions.java:addTransactionToDN(50)) - Transaction added: f89ecde1-abfa-4530-92e2-4a065b7725ea <- TX(22)
2021-08-15 14:03:31,073 [SCMBlockDeletingService#0] DEBUG block.SCMBlockDeletingService (DatanodeDeletedBlockTransactions.java:addTransactionToDN(50)) - Transaction added: f89ecde1-abfa-4530-92e2-4a065b7725ea <- TX(23)
2021-08-15 14:03:31,073 [SCMBlockDeletingService#0] DEBUG block.SCMBlockDeletingService (DatanodeDeletedBlockTransactions.java:addTransactionToDN(50)) - Transaction added: f89ecde1-abfa-4530-92e2-4a065b7725ea <- TX(24)
2021-08-15 14:03:31,073 [SCMBlockDeletingService#0] DEBUG block.SCMBlockDeletingService (DatanodeDeletedBlockTransactions.java:addTransactionToDN(50)) - Transaction added: f89ecde1-abfa-4530-92e2-4a065b7725ea <- TX(25)
2021-08-15 14:03:31,073 [SCMBlockDeletingService#0] DEBUG block.SCMBlockDeletingService (DatanodeDeletedBlockTransactions.java:addTransactionToDN(50)) - Transaction added: f89ecde1-abfa-4530-92e2-4a065b7725ea <- TX(26)
2021-08-15 14:03:31,073 [SCMBlockDeletingService#0] DEBUG block.SCMBlockDeletingService (DatanodeDeletedBlockTransactions.java:addTransactionToDN(50)) - Transaction added: c2c40a72-a699-49b1-b721-1997d9d2c71f <- TX(27)
2021-08-15 14:03:31,073 [SCMBlockDeletingService#0] DEBUG block.SCMBlockDeletingService (DatanodeDeletedBlockTransactions.java:addTransactionToDN(50)) - Transaction added: f89ecde1-abfa-4530-92e2-4a065b7725ea <- TX(27)
2021-08-15 14:03:31,073 [SCMBlockDeletingService#0] DEBUG block.SCMBlockDeletingService (DatanodeDeletedBlockTransactions.java:addTransactionToDN(50)) - Transaction added: f89ecde1-abfa-4530-92e2-4a065b7725ea <- TX(28)
2021-08-15 14:03:31,073 [SCMBlockDeletingService#0] DEBUG block.SCMBlockDeletingService (DatanodeDeletedBlockTransactions.java:addTransactionToDN(50)) - Transaction added: c2c40a72-a699-49b1-b721-1997d9d2c71f <- TX(28)
2021-08-15 14:03:31,073 [SCMBlockDeletingService#0] DEBUG block.SCMBlockDeletingService (DatanodeDeletedBlockTransactions.java:addTransactionToDN(50)) - Transaction added: 0475d2c2-d46f-403e-95a5-8ff1a5c32338 <- TX(28)
2021-08-15 14:03:31,073 [SCMBlockDeletingService#0] DEBUG block.SCMBlockDeletingService (DatanodeDeletedBlockTransactions.java:addTransactionToDN(50)) - Transaction added: c2c40a72-a699-49b1-b721-1997d9d2c71f <- TX(29)
2021-08-15 14:03:31,073 [SCMBlockDeletingService#0] DEBUG block.SCMBlockDeletingService (DatanodeDeletedBlockTransactions.java:addTransactionToDN(50)) - Transaction added: f89ecde1-abfa-4530-92e2-4a065b7725ea <- TX(29)
2021-08-15 14:03:31,073 [SCMBlockDeletingService#0] DEBUG block.SCMBlockDeletingService (DatanodeDeletedBlockTransactions.java:addTransactionToDN(50)) - Transaction added: 0475d2c2-d46f-403e-95a5-8ff1a5c32338 <- TX(29)
2021-08-15 14:03:31,073 [SCMBlockDeletingService#0] DEBUG block.SCMBlockDeletingService (DatanodeDeletedBlockTransactions.java:addTransactionToDN(50)) - Transaction added: f89ecde1-abfa-4530-92e2-4a065b7725ea <- TX(30)
2021-08-15 14:03:31,073 [SCMBlockDeletingService#0] DEBUG block.SCMBlockDeletingService (DatanodeDeletedBlockTransactions.java:addTransactionToDN(50)) - Transaction added: 0475d2c2-d46f-403e-95a5-8ff1a5c32338 <- TX(30)
2021-08-15 14:03:31,073 [SCMBlockDeletingService#0] DEBUG block.SCMBlockDeletingService (DatanodeDeletedBlockTransactions.java:addTransactionToDN(50)) - Transaction added: c2c40a72-a699-49b1-b721-1997d9d2c71f <- TX(30)
2021-08-15 14:03:31,073 [SCMBlockDeletingService#0] DEBUG block.SCMBlockDeletingService (DatanodeDeletedBlockTransactions.java:addTransactionToDN(50)) - Transaction added: c2c40a72-a699-49b1-b721-1997d9d2c71f <- TX(31)
2021-08-15 14:03:31,073 [SCMBlockDeletingService#0] DEBUG block.SCMBlockDeletingService (DatanodeDeletedBlockTransactions.java:addTransactionToDN(50)) - Transaction added: f89ecde1-abfa-4530-92e2-4a065b7725ea <- TX(31)
2021-08-15 14:03:31,073 [SCMBlockDeletingService#0] DEBUG block.SCMBlockDeletingService (DatanodeDeletedBlockTransactions.java:addTransactionToDN(50)) - Transaction added: 0475d2c2-d46f-403e-95a5-8ff1a5c32338 <- TX(31)
2021-08-15 14:03:31,073 [SCMBlockDeletingService#0] DEBUG block.SCMBlockDeletingService (DatanodeDeletedBlockTransactions.java:addTransactionToDN(50)) - Transaction added: 0475d2c2-d46f-403e-95a5-8ff1a5c32338 <- TX(32)
2021-08-15 14:03:31,073 [SCMBlockDeletingService#0] DEBUG block.SCMBlockDeletingService (DatanodeDeletedBlockTransactions.java:addTransactionToDN(50)) - Transaction added: f89ecde1-abfa-4530-92e2-4a065b7725ea <- TX(32)
2021-08-15 14:03:31,073 [SCMBlockDeletingService#0] DEBUG block.SCMBlockDeletingService (DatanodeDeletedBlockTransactions.java:addTransactionToDN(50)) - Transaction added: c2c40a72-a699-49b1-b721-1997d9d2c71f <- TX(32)
2021-08-15 14:03:31,073 [SCMBlockDeletingService#0] DEBUG block.SCMBlockDeletingService (DatanodeDeletedBlockTransactions.java:addTransactionToDN(50)) - Transaction added: 0475d2c2-d46f-403e-95a5-8ff1a5c32338 <- TX(33)
2021-08-15 14:03:31,074 [SCMBlockDeletingService#0] DEBUG block.SCMBlockDeletingService (DatanodeDeletedBlockTransactions.java:addTransactionToDN(50)) - Transaction added: c2c40a72-a699-49b1-b721-1997d9d2c71f <- TX(33)
2021-08-15 14:03:31,074 [SCMBlockDeletingService#0] DEBUG block.SCMBlockDeletingService (DatanodeDeletedBlockTransactions.java:addTransactionToDN(50)) - Transaction added: f89ecde1-abfa-4530-92e2-4a065b7725ea <- TX(33)
2021-08-15 14:03:31,074 [SCMBlockDeletingService#0] DEBUG block.SCMBlockDeletingService (DatanodeDeletedBlockTransactions.java:addTransactionToDN(50)) - Transaction added: 0475d2c2-d46f-403e-95a5-8ff1a5c32338 <- TX(34)
2021-08-15 14:03:31,074 [SCMBlockDeletingService#0] DEBUG block.SCMBlockDeletingService (DatanodeDeletedBlockTransactions.java:addTransactionToDN(50)) - Transaction added: c2c40a72-a699-49b1-b721-1997d9d2c71f <- TX(34)
2021-08-15 14:03:31,074 [SCMBlockDeletingService#0] DEBUG block.SCMBlockDeletingService (DatanodeDeletedBlockTransactions.java:addTransactionToDN(50)) - Transaction added: f89ecde1-abfa-4530-92e2-4a065b7725ea <- TX(34)
2021-08-15 14:03:31,074 [SCMBlockDeletingService#0] DEBUG block.SCMBlockDeletingService (DatanodeDeletedBlockTransactions.java:addTransactionToDN(50)) - Transaction added: 0475d2c2-d46f-403e-95a5-8ff1a5c32338 <- TX(35)
2021-08-15 14:03:31,074 [SCMBlockDeletingService#0] DEBUG block.SCMBlockDeletingService (DatanodeDeletedBlockTransactions.java:addTransactionToDN(50)) - Transaction added: c2c40a72-a699-49b1-b721-1997d9d2c71f <- TX(35)
2021-08-15 14:03:31,074 [SCMBlockDeletingService#0] DEBUG block.SCMBlockDeletingService (DatanodeDeletedBlockTransactions.java:addTransactionToDN(50)) - Transaction added: f89ecde1-abfa-4530-92e2-4a065b7725ea <- TX(35)
2021-08-15 14:03:31,074 [SCMBlockDeletingService#0] DEBUG block.SCMBlockDeletingService (DatanodeDeletedBlockTransactions.java:addTransactionToDN(50)) - Transaction added: f89ecde1-abfa-4530-92e2-4a065b7725ea <- TX(36)
2021-08-15 14:03:31,074 [SCMBlockDeletingService#0] DEBUG block.SCMBlockDeletingService (DatanodeDeletedBlockTransactions.java:addTransactionToDN(50)) - Transaction added: c2c40a72-a699-49b1-b721-1997d9d2c71f <- TX(36)
2021-08-15 14:03:31,074 [SCMBlockDeletingService#0] DEBUG block.SCMBlockDeletingService (DatanodeDeletedBlockTransactions.java:addTransactionToDN(50)) - Transaction added: 0475d2c2-d46f-403e-95a5-8ff1a5c32338 <- TX(36)
2021-08-15 14:03:31,074 [SCMBlockDeletingService#0] DEBUG block.SCMBlockDeletingService (DatanodeDeletedBlockTransactions.java:addTransactionToDN(50)) - Transaction added: c2c40a72-a699-49b1-b721-1997d9d2c71f <- TX(37)
2021-08-15 14:03:31,074 [SCMBlockDeletingService#0] DEBUG block.SCMBlockDeletingService (DatanodeDeletedBlockTransactions.java:addTransactionToDN(50)) - Transaction added: f89ecde1-abfa-4530-92e2-4a065b7725ea <- TX(37)
2021-08-15 14:03:31,074 [SCMBlockDeletingService#0] DEBUG block.SCMBlockDeletingService (DatanodeDeletedBlockTransactions.java:addTransactionToDN(50)) - Transaction added: 0475d2c2-d46f-403e-95a5-8ff1a5c32338 <- TX(37)
2021-08-15 14:03:31,074 [SCMBlockDeletingService#0] DEBUG block.SCMBlockDeletingService (DatanodeDeletedBlockTransactions.java:addTransactionToDN(50)) - Transaction added: c2c40a72-a699-49b1-b721-1997d9d2c71f <- TX(38)
2021-08-15 14:03:31,074 [SCMBlockDeletingService#0] DEBUG block.SCMBlockDeletingService (DatanodeDeletedBlockTransactions.java:addTransactionToDN(50)) - Transaction added: f89ecde1-abfa-4530-92e2-4a065b7725ea <- TX(38)
2021-08-15 14:03:31,074 [SCMBlockDeletingService#0] DEBUG block.SCMBlockDeletingService (DatanodeDeletedBlockTransactions.java:addTransactionToDN(50)) - Transaction added: 0475d2c2-d46f-403e-95a5-8ff1a5c32338 <- TX(38)
2021-08-15 14:03:31,074 [SCMBlockDeletingService#0] DEBUG block.SCMBlockDeletingService (DatanodeDeletedBlockTransactions.java:addTransactionToDN(50)) - Transaction added: f89ecde1-abfa-4530-92e2-4a065b7725ea <- TX(39)
2021-08-15 14:03:31,074 [SCMBlockDeletingService#0] DEBUG block.SCMBlockDeletingService (DatanodeDeletedBlockTransactions.java:addTransactionToDN(50)) - Transaction added: 0475d2c2-d46f-403e-95a5-8ff1a5c32338 <- TX(39)
2021-08-15 14:03:31,074 [SCMBlockDeletingService#0] DEBUG block.SCMBlockDeletingService (DatanodeDeletedBlockTransactions.java:addTransactionToDN(50)) - Transaction added: c2c40a72-a699-49b1-b721-1997d9d2c71f <- TX(39)
2021-08-15 14:03:31,074 [SCMBlockDeletingService#0] DEBUG block.SCMBlockDeletingService (DatanodeDeletedBlockTransactions.java:addTransactionToDN(50)) - Transaction added: 0475d2c2-d46f-403e-95a5-8ff1a5c32338 <- TX(40)
2021-08-15 14:03:31,074 [SCMBlockDeletingService#0] DEBUG block.SCMBlockDeletingService (DatanodeDeletedBlockTransactions.java:addTransactionToDN(50)) - Transaction added: f89ecde1-abfa-4530-92e2-4a065b7725ea <- TX(40)
2021-08-15 14:03:31,074 [SCMBlockDeletingService#0] DEBUG block.SCMBlockDeletingService (DatanodeDeletedBlockTransactions.java:addTransactionToDN(50)) - Transaction added: c2c40a72-a699-49b1-b721-1997d9d2c71f <- TX(40)
2021-08-15 14:03:31,074 [SCMBlockDeletingService#0] DEBUG block.SCMBlockDeletingService (DatanodeDeletedBlockTransactions.java:addTransactionToDN(50)) - Transaction added: 0475d2c2-d46f-403e-95a5-8ff1a5c32338 <- TX(41)
2021-08-15 14:03:31,074 [SCMBlockDeletingService#0] DEBUG block.SCMBlockDeletingService (DatanodeDeletedBlockTransactions.java:addTransactionToDN(50)) - Transaction added: c2c40a72-a699-49b1-b721-1997d9d2c71f <- TX(41)
2021-08-15 14:03:31,074 [SCMBlockDeletingService#0] DEBUG block.SCMBlockDeletingService (DatanodeDeletedBlockTransactions.java:addTransactionToDN(50)) - Transaction added: f89ecde1-abfa-4530-92e2-4a065b7725ea <- TX(41)
2021-08-15 14:03:31,074 [SCMBlockDeletingService#0] DEBUG block.SCMBlockDeletingService (DatanodeDeletedBlockTransactions.java:addTransactionToDN(50)) - Transaction added: 0475d2c2-d46f-403e-95a5-8ff1a5c32338 <- TX(42)
2021-08-15 14:03:31,074 [SCMBlockDeletingService#0] DEBUG block.SCMBlockDeletingService (DatanodeDeletedBlockTransactions.java:addTransactionToDN(50)) - Transaction added: c2c40a72-a699-49b1-b721-1997d9d2c71f <- TX(42)
2021-08-15 14:03:31,074 [SCMBlockDeletingService#0] DEBUG block.SCMBlockDeletingService (DatanodeDeletedBlockTransactions.java:addTransactionToDN(50)) - Transaction added: f89ecde1-abfa-4530-92e2-4a065b7725ea <- TX(42)
2021-08-15 14:03:31,074 [SCMBlockDeletingService#0] DEBUG block.SCMBlockDeletingService (DatanodeDeletedBlockTransactions.java:addTransactionToDN(50)) - Transaction added: 0475d2c2-d46f-403e-95a5-8ff1a5c32338 <- TX(43)
2021-08-15 14:03:31,074 [SCMBlockDeletingService#0] DEBUG block.SCMBlockDeletingService (DatanodeDeletedBlockTransactions.java:addTransactionToDN(50)) - Transaction added: c2c40a72-a699-49b1-b721-1997d9d2c71f <- TX(43)
2021-08-15 14:03:31,074 [SCMBlockDeletingService#0] DEBUG block.SCMBlockDeletingService (DatanodeDeletedBlockTransactions.java:addTransactionToDN(50)) - Transaction added: f89ecde1-abfa-4530-92e2-4a065b7725ea <- TX(43)
2021-08-15 14:03:31,074 [SCMBlockDeletingService#0] DEBUG block.SCMBlockDeletingService (DatanodeDeletedBlockTransactions.java:addTransactionToDN(50)) - Transaction added: f89ecde1-abfa-4530-92e2-4a065b7725ea <- TX(44)
2021-08-15 14:03:31,074 [SCMBlockDeletingService#0] DEBUG block.SCMBlockDeletingService (DatanodeDeletedBlockTransactions.java:addTransactionToDN(50)) - Transaction added: c2c40a72-a699-49b1-b721-1997d9d2c71f <- TX(44)
2021-08-15 14:03:31,074 [SCMBlockDeletingService#0] DEBUG block.SCMBlockDeletingService (DatanodeDeletedBlockTransactions.java:addTransactionToDN(50)) - Transaction added: 0475d2c2-d46f-403e-95a5-8ff1a5c32338 <- TX(44)
2021-08-15 14:03:31,074 [SCMBlockDeletingService#0] DEBUG block.SCMBlockDeletingService (DatanodeDeletedBlockTransactions.java:addTransactionToDN(50)) - Transaction added: c2c40a72-a699-49b1-b721-1997d9d2c71f <- TX(45)
2021-08-15 14:03:31,074 [SCMBlockDeletingService#0] DEBUG block.SCMBlockDeletingService (DatanodeDeletedBlockTransactions.java:addTransactionToDN(50)) - Transaction added: f89ecde1-abfa-4530-92e2-4a065b7725ea <- TX(45)
2021-08-15 14:03:31,075 [SCMBlockDeletingService#0] DEBUG block.SCMBlockDeletingService (DatanodeDeletedBlockTransactions.java:addTransactionToDN(50)) - Transaction added: 0475d2c2-d46f-403e-95a5-8ff1a5c32338 <- TX(45)
2021-08-15 14:03:31,075 [SCMBlockDeletingService#0] DEBUG block.SCMBlockDeletingService (DatanodeDeletedBlockTransactions.java:addTransactionToDN(50)) - Transaction added: f89ecde1-abfa-4530-92e2-4a065b7725ea <- TX(46)
2021-08-15 14:03:31,075 [SCMBlockDeletingService#0] DEBUG block.SCMBlockDeletingService (DatanodeDeletedBlockTransactions.java:addTransactionToDN(50)) - Transaction added: 0475d2c2-d46f-403e-95a5-8ff1a5c32338 <- TX(46)
2021-08-15 14:03:31,075 [SCMBlockDeletingService#0] DEBUG block.SCMBlockDeletingService (DatanodeDeletedBlockTransactions.java:addTransactionToDN(50)) - Transaction added: c2c40a72-a699-49b1-b721-1997d9d2c71f <- TX(46)
2021-08-15 14:03:31,075 [SCMBlockDeletingService#0] DEBUG block.SCMBlockDeletingService (DatanodeDeletedBlockTransactions.java:addTransactionToDN(50)) - Transaction added: c2c40a72-a699-49b1-b721-1997d9d2c71f <- TX(47)
2021-08-15 14:03:31,075 [SCMBlockDeletingService#0] DEBUG block.SCMBlockDeletingService (DatanodeDeletedBlockTransactions.java:addTransactionToDN(50)) - Transaction added: f89ecde1-abfa-4530-92e2-4a065b7725ea <- TX(47)
2021-08-15 14:03:31,075 [SCMBlockDeletingService#0] DEBUG block.SCMBlockDeletingService (DatanodeDeletedBlockTransactions.java:addTransactionToDN(50)) - Transaction added: 0475d2c2-d46f-403e-95a5-8ff1a5c32338 <- TX(47)
2021-08-15 14:03:31,075 [SCMBlockDeletingService#0] DEBUG block.SCMBlockDeletingService (DatanodeDeletedBlockTransactions.java:addTransactionToDN(50)) - Transaction added: 0475d2c2-d46f-403e-95a5-8ff1a5c32338 <- TX(48)
2021-08-15 14:03:31,075 [SCMBlockDeletingService#0] DEBUG block.SCMBlockDeletingService (DatanodeDeletedBlockTransactions.java:addTransactionToDN(50)) - Transaction added: f89ecde1-abfa-4530-92e2-4a065b7725ea <- TX(48)
2021-08-15 14:03:31,075 [SCMBlockDeletingService#0] DEBUG block.SCMBlockDeletingService (DatanodeDeletedBlockTransactions.java:addTransactionToDN(50)) - Transaction added: c2c40a72-a699-49b1-b721-1997d9d2c71f <- TX(48)
2021-08-15 14:03:31,075 [SCMBlockDeletingService#0] DEBUG block.SCMBlockDeletingService (DatanodeDeletedBlockTransactions.java:addTransactionToDN(50)) - Transaction added: 0475d2c2-d46f-403e-95a5-8ff1a5c32338 <- TX(49)
2021-08-15 14:03:31,075 [SCMBlockDeletingService#0] DEBUG block.SCMBlockDeletingService (DatanodeDeletedBlockTransactions.java:addTransactionToDN(50)) - Transaction added: c2c40a72-a699-49b1-b721-1997d9d2c71f <- TX(49)
2021-08-15 14:03:31,075 [SCMBlockDeletingService#0] DEBUG block.SCMBlockDeletingService (DatanodeDeletedBlockTransactions.java:addTransactionToDN(50)) - Transaction added: f89ecde1-abfa-4530-92e2-4a065b7725ea <- TX(49)
2021-08-15 14:03:31,075 [SCMBlockDeletingService#0] DEBUG block.SCMBlockDeletingService (DatanodeDeletedBlockTransactions.java:addTransactionToDN(50)) - Transaction added: 0475d2c2-d46f-403e-95a5-8ff1a5c32338 <- TX(50)
2021-08-15 14:03:31,075 [SCMBlockDeletingService#0] DEBUG block.SCMBlockDeletingService (DatanodeDeletedBlockTransactions.java:addTransactionToDN(50)) - Transaction added: c2c40a72-a699-49b1-b721-1997d9d2c71f <- TX(50)
2021-08-15 14:03:31,075 [SCMBlockDeletingService#0] DEBUG block.SCMBlockDeletingService (DatanodeDeletedBlockTransactions.java:addTransactionToDN(50)) - Transaction added: f89ecde1-abfa-4530-92e2-4a065b7725ea <- TX(50)
2021-08-15 14:03:31,075 [SCMBlockDeletingService#0] DEBUG block.SCMBlockDeletingService (DatanodeDeletedBlockTransactions.java:addTransactionToDN(50)) - Transaction added: 0475d2c2-d46f-403e-95a5-8ff1a5c32338 <- TX(51)
2021-08-15 14:03:31,075 [SCMBlockDeletingService#0] DEBUG block.SCMBlockDeletingService (DatanodeDeletedBlockTransactions.java:addTransactionToDN(50)) - Transaction added: c2c40a72-a699-49b1-b721-1997d9d2c71f <- TX(51)
2021-08-15 14:03:31,075 [SCMBlockDeletingService#0] DEBUG block.SCMBlockDeletingService (DatanodeDeletedBlockTransactions.java:addTransactionToDN(50)) - Transaction added: f89ecde1-abfa-4530-92e2-4a065b7725ea <- TX(51)
2021-08-15 14:03:31,075 [SCMBlockDeletingService#0] DEBUG block.SCMBlockDeletingService (DatanodeDeletedBlockTransactions.java:addTransactionToDN(50)) - Transaction added: f89ecde1-abfa-4530-92e2-4a065b7725ea <- TX(52)
2021-08-15 14:03:31,075 [SCMBlockDeletingService#0] DEBUG block.SCMBlockDeletingService (DatanodeDeletedBlockTransactions.java:addTransactionToDN(50)) - Transaction added: c2c40a72-a699-49b1-b721-1997d9d2c71f <- TX(52)
2021-08-15 14:03:31,075 [SCMBlockDeletingService#0] DEBUG block.SCMBlockDeletingService (DatanodeDeletedBlockTransactions.java:addTransactionToDN(50)) - Transaction added: 0475d2c2-d46f-403e-95a5-8ff1a5c32338 <- TX(52)
2021-08-15 14:03:31,075 [SCMBlockDeletingService#0] DEBUG block.SCMBlockDeletingService (DatanodeDeletedBlockTransactions.java:addTransactionToDN(50)) - Transaction added: c2c40a72-a699-49b1-b721-1997d9d2c71f <- TX(53)
2021-08-15 14:03:31,075 [SCMBlockDeletingService#0] DEBUG block.SCMBlockDeletingService (DatanodeDeletedBlockTransactions.java:addTransactionToDN(50)) - Transaction added: f89ecde1-abfa-4530-92e2-4a065b7725ea <- TX(53)
2021-08-15 14:03:31,075 [SCMBlockDeletingService#0] DEBUG block.SCMBlockDeletingService (DatanodeDeletedBlockTransactions.java:addTransactionToDN(50)) - Transaction added: 0475d2c2-d46f-403e-95a5-8ff1a5c32338 <- TX(53)
2021-08-15 14:03:31,075 [SCMBlockDeletingService#0] DEBUG block.SCMBlockDeletingService (DatanodeDeletedBlockTransactions.java:addTransactionToDN(50)) - Transaction added: c2c40a72-a699-49b1-b721-1997d9d2c71f <- TX(54)
2021-08-15 14:03:31,075 [SCMBlockDeletingService#0] DEBUG block.SCMBlockDeletingService (DatanodeDeletedBlockTransactions.java:addTransactionToDN(50)) - Transaction added: f89ecde1-abfa-4530-92e2-4a065b7725ea <- TX(54)
2021-08-15 14:03:31,075 [SCMBlockDeletingService#0] DEBUG block.SCMBlockDeletingService (DatanodeDeletedBlockTransactions.java:addTransactionToDN(50)) - Transaction added: 0475d2c2-d46f-403e-95a5-8ff1a5c32338 <- TX(54)
2021-08-15 14:03:31,075 [SCMBlockDeletingService#0] DEBUG block.SCMBlockDeletingService (DatanodeDeletedBlockTransactions.java:addTransactionToDN(50)) - Transaction added: f89ecde1-abfa-4530-92e2-4a065b7725ea <- TX(55)
2021-08-15 14:03:31,075 [SCMBlockDeletingService#0] DEBUG block.SCMBlockDeletingService (DatanodeDeletedBlockTransactions.java:addTransactionToDN(50)) - Transaction added: 0475d2c2-d46f-403e-95a5-8ff1a5c32338 <- TX(55)
2021-08-15 14:03:31,075 [SCMBlockDeletingService#0] DEBUG block.SCMBlockDeletingService (DatanodeDeletedBlockTransactions.java:addTransactionToDN(50)) - Transaction added: c2c40a72-a699-49b1-b721-1997d9d2c71f <- TX(55)
2021-08-15 14:03:31,075 [SCMBlockDeletingService#0] DEBUG block.SCMBlockDeletingService (DatanodeDeletedBlockTransactions.java:addTransactionToDN(50)) - Transaction added: 0475d2c2-d46f-403e-95a5-8ff1a5c32338 <- TX(56)
2021-08-15 14:03:31,075 [SCMBlockDeletingService#0] DEBUG block.SCMBlockDeletingService (DatanodeDeletedBlockTransactions.java:addTransactionToDN(50)) - Transaction added: f89ecde1-abfa-4530-92e2-4a065b7725ea <- TX(56)
2021-08-15 14:03:31,075 [SCMBlockDeletingService#0] DEBUG block.SCMBlockDeletingService (DatanodeDeletedBlockTransactions.java:addTransactionToDN(50)) - Transaction added: c2c40a72-a699-49b1-b721-1997d9d2c71f <- TX(56)
2021-08-15 14:03:31,076 [SCMBlockDeletingService#0] DEBUG block.SCMBlockDeletingService (SCMBlockDeletingService.java:call(164)) - Added delete block command for datanode c2c40a72-a699-49b1-b721-1997d9d2c71f in the queue, number of delete block transactions: 30
2021-08-15 14:03:31,076 [SCMBlockDeletingService#0] DEBUG block.SCMBlockDeletingService (SCMBlockDeletingService.java:call(164)) - Added delete block command for datanode 0475d2c2-d46f-403e-95a5-8ff1a5c32338 in the queue, number of delete block transactions: 29
2021-08-15 14:03:31,076 [SCMBlockDeletingService#0] DEBUG block.SCMBlockDeletingService (SCMBlockDeletingService.java:call(164)) - Added delete block command for datanode f89ecde1-abfa-4530-92e2-4a065b7725ea in the queue, number of delete block transactions: 40
2021-08-15 14:03:31,076 [SCMBlockDeletingService#0] INFO  block.SCMBlockDeletingService (SCMBlockDeletingService.java:call(174)) - Totally added 99 blocks to be deleted for 3 datanodes, task elapsed time: 3ms
2021-08-15 14:03:31,172 [SCMBlockDeletingService#0] DEBUG block.SCMBlockDeletingService (SCMBlockDeletingService.java:call(133)) - Running DeletedBlockTransactionScanner
2021-08-15 14:03:31,173 [SCMBlockDeletingService#0] DEBUG block.SCMBlockDeletingService (DatanodeDeletedBlockTransactions.java:addTransactionToDN(50)) - Transaction added: f89ecde1-abfa-4530-92e2-4a065b7725ea <- TX(17)
2021-08-15 14:03:31,173 [SCMBlockDeletingService#0] DEBUG block.SCMBlockDeletingService (DatanodeDeletedBlockTransactions.java:addTransactionToDN(50)) - Transaction added: f89ecde1-abfa-4530-92e2-4a065b7725ea <- TX(18)
2021-08-15 14:03:31,173 [SCMBlockDeletingService#0] DEBUG block.SCMBlockDeletingService (DatanodeDeletedBlockTransactions.java:addTransactionToDN(50)) - Transaction added: f89ecde1-abfa-4530-92e2-4a065b7725ea <- TX(19)
2021-08-15 14:03:31,173 [SCMBlockDeletingService#0] DEBUG block.SCMBlockDeletingService (DatanodeDeletedBlockTransactions.java:addTransactionToDN(50)) - Transaction added: f89ecde1-abfa-4530-92e2-4a065b7725ea <- TX(20)
2021-08-15 14:03:31,173 [SCMBlockDeletingService#0] DEBUG block.SCMBlockDeletingService (DatanodeDeletedBlockTransactions.java:addTransactionToDN(50)) - Transaction added: f89ecde1-abfa-4530-92e2-4a065b7725ea <- TX(21)
2021-08-15 14:03:31,173 [SCMBlockDeletingService#0] DEBUG block.SCMBlockDeletingService (DatanodeDeletedBlockTransactions.java:addTransactionToDN(50)) - Transaction added: f89ecde1-abfa-4530-92e2-4a065b7725ea <- TX(22)
2021-08-15 14:03:31,173 [SCMBlockDeletingService#0] DEBUG block.SCMBlockDeletingService (DatanodeDeletedBlockTransactions.java:addTransactionToDN(50)) - Transaction added: f89ecde1-abfa-4530-92e2-4a065b7725ea <- TX(23)
2021-08-15 14:03:31,173 [SCMBlockDeletingService#0] DEBUG block.SCMBlockDeletingService (DatanodeDeletedBlockTransactions.java:addTransactionToDN(50)) - Transaction added: f89ecde1-abfa-4530-92e2-4a065b7725ea <- TX(24)
2021-08-15 14:03:31,173 [SCMBlockDeletingService#0] DEBUG block.SCMBlockDeletingService (DatanodeDeletedBlockTransactions.java:addTransactionToDN(50)) - Transaction added: f89ecde1-abfa-4530-92e2-4a065b7725ea <- TX(25)
2021-08-15 14:03:31,173 [SCMBlockDeletingService#0] DEBUG block.SCMBlockDeletingService (DatanodeDeletedBlockTransactions.java:addTransactionToDN(50)) - Transaction added: f89ecde1-abfa-4530-92e2-4a065b7725ea <- TX(26)
2021-08-15 14:03:31,173 [SCMBlockDeletingService#0] DEBUG block.SCMBlockDeletingService (DatanodeDeletedBlockTransactions.java:addTransactionToDN(50)) - Transaction added: c2c40a72-a699-49b1-b721-1997d9d2c71f <- TX(27)
2021-08-15 14:03:31,173 [SCMBlockDeletingService#0] DEBUG block.SCMBlockDeletingService (DatanodeDeletedBlockTransactions.java:addTransactionToDN(50)) - Transaction added: f89ecde1-abfa-4530-92e2-4a065b7725ea <- TX(27)
2021-08-15 14:03:31,173 [SCMBlockDeletingService#0] DEBUG block.SCMBlockDeletingService (DatanodeDeletedBlockTransactions.java:addTransactionToDN(50)) - Transaction added: f89ecde1-abfa-4530-92e2-4a065b7725ea <- TX(28)
2021-08-15 14:03:31,173 [SCMBlockDeletingService#0] DEBUG block.SCMBlockDeletingService (DatanodeDeletedBlockTransactions.java:addTransactionToDN(50)) - Transaction added: c2c40a72-a699-49b1-b721-1997d9d2c71f <- TX(28)
2021-08-15 14:03:31,173 [SCMBlockDeletingService#0] DEBUG block.SCMBlockDeletingService (DatanodeDeletedBlockTransactions.java:addTransactionToDN(50)) - Transaction added: 0475d2c2-d46f-403e-95a5-8ff1a5c32338 <- TX(28)
2021-08-15 14:03:31,173 [SCMBlockDeletingService#0] DEBUG block.SCMBlockDeletingService (DatanodeDeletedBlockTransactions.java:addTransactionToDN(50)) - Transaction added: c2c40a72-a699-49b1-b721-1997d9d2c71f <- TX(29)
2021-08-15 14:03:31,173 [SCMBlockDeletingService#0] DEBUG block.SCMBlockDeletingService (DatanodeDeletedBlockTransactions.java:addTransactionToDN(50)) - Transaction added: f89ecde1-abfa-4530-92e2-4a065b7725ea <- TX(29)
2021-08-15 14:03:31,173 [SCMBlockDeletingService#0] DEBUG block.SCMBlockDeletingService (DatanodeDeletedBlockTransactions.java:addTransactionToDN(50)) - Transaction added: 0475d2c2-d46f-403e-95a5-8ff1a5c32338 <- TX(29)
2021-08-15 14:03:31,173 [SCMBlockDeletingService#0] DEBUG block.SCMBlockDeletingService (DatanodeDeletedBlockTransactions.java:addTransactionToDN(50)) - Transaction added: f89ecde1-abfa-4530-92e2-4a065b7725ea <- TX(30)
2021-08-15 14:03:31,173 [SCMBlockDeletingService#0] DEBUG block.SCMBlockDeletingService (DatanodeDeletedBlockTransactions.java:addTransactionToDN(50)) - Transaction added: 0475d2c2-d46f-403e-95a5-8ff1a5c32338 <- TX(30)
2021-08-15 14:03:31,173 [SCMBlockDeletingService#0] DEBUG block.SCMBlockDeletingService (DatanodeDeletedBlockTransactions.java:addTransactionToDN(50)) - Transaction added: c2c40a72-a699-49b1-b721-1997d9d2c71f <- TX(30)
2021-08-15 14:03:31,173 [SCMBlockDeletingService#0] DEBUG block.SCMBlockDeletingService (DatanodeDeletedBlockTransactions.java:addTransactionToDN(50)) - Transaction added: c2c40a72-a699-49b1-b721-1997d9d2c71f <- TX(31)
2021-08-15 14:03:31,173 [SCMBlockDeletingService#0] DEBUG block.SCMBlockDeletingService (DatanodeDeletedBlockTransactions.java:addTransactionToDN(50)) - Transaction added: f89ecde1-abfa-4530-92e2-4a065b7725ea <- TX(31)
2021-08-15 14:03:31,173 [SCMBlockDeletingService#0] DEBUG block.SCMBlockDeletingService (DatanodeDeletedBlockTransactions.java:addTransactionToDN(50)) - Transaction added: 0475d2c2-d46f-403e-95a5-8ff1a5c32338 <- TX(31)
2021-08-15 14:03:31,173 [SCMBlockDeletingService#0] DEBUG block.SCMBlockDeletingService (DatanodeDeletedBlockTransactions.java:addTransactionToDN(50)) - Transaction added: 0475d2c2-d46f-403e-95a5-8ff1a5c32338 <- TX(32)
2021-08-15 14:03:31,173 [SCMBlockDeletingService#0] DEBUG block.SCMBlockDeletingService (DatanodeDeletedBlockTransactions.java:addTransactionToDN(50)) - Transaction added: f89ecde1-abfa-4530-92e2-4a065b7725ea <- TX(32)
2021-08-15 14:03:31,173 [SCMBlockDeletingService#0] DEBUG block.SCMBlockDeletingService (DatanodeDeletedBlockTransactions.java:addTransactionToDN(50)) - Transaction added: c2c40a72-a699-49b1-b721-1997d9d2c71f <- TX(32)
2021-08-15 14:03:31,174 [SCMBlockDeletingService#0] DEBUG block.SCMBlockDeletingService (DatanodeDeletedBlockTransactions.java:addTransactionToDN(50)) - Transaction added: 0475d2c2-d46f-403e-95a5-8ff1a5c32338 <- TX(33)
2021-08-15 14:03:31,174 [SCMBlockDeletingService#0] DEBUG block.SCMBlockDeletingService (DatanodeDeletedBlockTransactions.java:addTransactionToDN(50)) - Transaction added: c2c40a72-a699-49b1-b721-1997d9d2c71f <- TX(33)
2021-08-15 14:03:31,174 [SCMBlockDeletingService#0] DEBUG block.SCMBlockDeletingService (DatanodeDeletedBlockTransactions.java:addTransactionToDN(50)) - Transaction added: f89ecde1-abfa-4530-92e2-4a065b7725ea <- TX(33)
2021-08-15 14:03:31,174 [SCMBlockDeletingService#0] DEBUG block.SCMBlockDeletingService (DatanodeDeletedBlockTransactions.java:addTransactionToDN(50)) - Transaction added: 0475d2c2-d46f-403e-95a5-8ff1a5c32338 <- TX(34)
2021-08-15 14:03:31,174 [SCMBlockDeletingService#0] DEBUG block.SCMBlockDeletingService (DatanodeDeletedBlockTransactions.java:addTransactionToDN(50)) - Transaction added: c2c40a72-a699-49b1-b721-1997d9d2c71f <- TX(34)
2021-08-15 14:03:31,174 [SCMBlockDeletingService#0] DEBUG block.SCMBlockDeletingService (DatanodeDeletedBlockTransactions.java:addTransactionToDN(50)) - Transaction added: f89ecde1-abfa-4530-92e2-4a065b7725ea <- TX(34)
2021-08-15 14:03:31,174 [SCMBlockDeletingService#0] DEBUG block.SCMBlockDeletingService (DatanodeDeletedBlockTransactions.java:addTransactionToDN(50)) - Transaction added: 0475d2c2-d46f-403e-95a5-8ff1a5c32338 <- TX(35)
2021-08-15 14:03:31,174 [SCMBlockDeletingService#0] DEBUG block.SCMBlockDeletingService (DatanodeDeletedBlockTransactions.java:addTransactionToDN(50)) - Transaction added: c2c40a72-a699-49b1-b721-1997d9d2c71f <- TX(35)
2021-08-15 14:03:31,174 [SCMBlockDeletingService#0] DEBUG block.SCMBlockDeletingService (DatanodeDeletedBlockTransactions.java:addTransactionToDN(50)) - Transaction added: f89ecde1-abfa-4530-92e2-4a065b7725ea <- TX(35)
2021-08-15 14:03:31,174 [SCMBlockDeletingService#0] DEBUG block.SCMBlockDeletingService (DatanodeDeletedBlockTransactions.java:addTransactionToDN(50)) - Transaction added: f89ecde1-abfa-4530-92e2-4a065b7725ea <- TX(36)
2021-08-15 14:03:31,174 [SCMBlockDeletingService#0] DEBUG block.SCMBlockDeletingService (DatanodeDeletedBlockTransactions.java:addTransactionToDN(50)) - Transaction added: c2c40a72-a699-49b1-b721-1997d9d2c71f <- TX(36)
2021-08-15 14:03:31,174 [SCMBlockDeletingService#0] DEBUG block.SCMBlockDeletingService (DatanodeDeletedBlockTransactions.java:addTransactionToDN(50)) - Transaction added: 0475d2c2-d46f-403e-95a5-8ff1a5c32338 <- TX(36)
2021-08-15 14:03:31,174 [SCMBlockDeletingService#0] DEBUG block.SCMBlockDeletingService (DatanodeDeletedBlockTransactions.java:addTransactionToDN(50)) - Transaction added: c2c40a72-a699-49b1-b721-1997d9d2c71f <- TX(37)
2021-08-15 14:03:31,174 [SCMBlockDeletingService#0] DEBUG block.SCMBlockDeletingService (DatanodeDeletedBlockTransactions.java:addTransactionToDN(50)) - Transaction added: f89ecde1-abfa-4530-92e2-4a065b7725ea <- TX(37)
2021-08-15 14:03:31,174 [SCMBlockDeletingService#0] DEBUG block.SCMBlockDeletingService (DatanodeDeletedBlockTransactions.java:addTransactionToDN(50)) - Transaction added: 0475d2c2-d46f-403e-95a5-8ff1a5c32338 <- TX(37)
2021-08-15 14:03:31,174 [SCMBlockDeletingService#0] DEBUG block.SCMBlockDeletingService (DatanodeDeletedBlockTransactions.java:addTransactionToDN(50)) - Transaction added: c2c40a72-a699-49b1-b721-1997d9d2c71f <- TX(38)
2021-08-15 14:03:31,174 [SCMBlockDeletingService#0] DEBUG block.SCMBlockDeletingService (DatanodeDeletedBlockTransactions.java:addTransactionToDN(50)) - Transaction added: f89ecde1-abfa-4530-92e2-4a065b7725ea <- TX(38)
2021-08-15 14:03:31,174 [SCMBlockDeletingService#0] DEBUG block.SCMBlockDeletingService (DatanodeDeletedBlockTransactions.java:addTransactionToDN(50)) - Transaction added: 0475d2c2-d46f-403e-95a5-8ff1a5c32338 <- TX(38)
2021-08-15 14:03:31,174 [SCMBlockDeletingService#0] DEBUG block.SCMBlockDeletingService (DatanodeDeletedBlockTransactions.java:addTransactionToDN(50)) - Transaction added: f89ecde1-abfa-4530-92e2-4a065b7725ea <- TX(39)
2021-08-15 14:03:31,174 [SCMBlockDeletingService#0] DEBUG block.SCMBlockDeletingService (DatanodeDeletedBlockTransactions.java:addTransactionToDN(50)) - Transaction added: 0475d2c2-d46f-403e-95a5-8ff1a5c32338 <- TX(39)
2021-08-15 14:03:31,174 [SCMBlockDeletingService#0] DEBUG block.SCMBlockDeletingService (DatanodeDeletedBlockTransactions.java:addTransactionToDN(50)) - Transaction added: c2c40a72-a699-49b1-b721-1997d9d2c71f <- TX(39)
2021-08-15 14:03:31,174 [SCMBlockDeletingService#0] DEBUG block.SCMBlockDeletingService (DatanodeDeletedBlockTransactions.java:addTransactionToDN(50)) - Transaction added: 0475d2c2-d46f-403e-95a5-8ff1a5c32338 <- TX(40)
2021-08-15 14:03:31,174 [SCMBlockDeletingService#0] DEBUG block.SCMBlockDeletingService (DatanodeDeletedBlockTransactions.java:addTransactionToDN(50)) - Transaction added: f89ecde1-abfa-4530-92e2-4a065b7725ea <- TX(40)
2021-08-15 14:03:31,174 [SCMBlockDeletingService#0] DEBUG block.SCMBlockDeletingService (DatanodeDeletedBlockTransactions.java:addTransactionToDN(50)) - Transaction added: c2c40a72-a699-49b1-b721-1997d9d2c71f <- TX(40)
2021-08-15 14:03:31,174 [SCMBlockDeletingService#0] DEBUG block.SCMBlockDeletingService (DatanodeDeletedBlockTransactions.java:addTransactionToDN(50)) - Transaction added: 0475d2c2-d46f-403e-95a5-8ff1a5c32338 <- TX(41)
2021-08-15 14:03:31,174 [SCMBlockDeletingService#0] DEBUG block.SCMBlockDeletingService (DatanodeDeletedBlockTransactions.java:addTransactionToDN(50)) - Transaction added: c2c40a72-a699-49b1-b721-1997d9d2c71f <- TX(41)
2021-08-15 14:03:31,174 [SCMBlockDeletingService#0] DEBUG block.SCMBlockDeletingService (DatanodeDeletedBlockTransactions.java:addTransactionToDN(50)) - Transaction added: f89ecde1-abfa-4530-92e2-4a065b7725ea <- TX(41)
2021-08-15 14:03:31,174 [SCMBlockDeletingService#0] DEBUG block.SCMBlockDeletingService (DatanodeDeletedBlockTransactions.java:addTransactionToDN(50)) - Transaction added: 0475d2c2-d46f-403e-95a5-8ff1a5c32338 <- TX(42)
2021-08-15 14:03:31,174 [SCMBlockDeletingService#0] DEBUG block.SCMBlockDeletingService (DatanodeDeletedBlockTransactions.java:addTransactionToDN(50)) - Transaction added: c2c40a72-a699-49b1-b721-1997d9d2c71f <- TX(42)
2021-08-15 14:03:31,174 [SCMBlockDeletingService#0] DEBUG block.SCMBlockDeletingService (DatanodeDeletedBlockTransactions.java:addTransactionToDN(50)) - Transaction added: f89ecde1-abfa-4530-92e2-4a065b7725ea <- TX(42)
2021-08-15 14:03:31,174 [SCMBlockDeletingService#0] DEBUG block.SCMBlockDeletingService (DatanodeDeletedBlockTransactions.java:addTransactionToDN(50)) - Transaction added: 0475d2c2-d46f-403e-95a5-8ff1a5c32338 <- TX(43)
2021-08-15 14:03:31,174 [SCMBlockDeletingService#0] DEBUG block.SCMBlockDeletingService (DatanodeDeletedBlockTransactions.java:addTransactionToDN(50)) - Transaction added: c2c40a72-a699-49b1-b721-1997d9d2c71f <- TX(43)
2021-08-15 14:03:31,174 [SCMBlockDeletingService#0] DEBUG block.SCMBlockDeletingService (DatanodeDeletedBlockTransactions.java:addTransactionToDN(50)) - Transaction added: f89ecde1-abfa-4530-92e2-4a065b7725ea <- TX(43)
2021-08-15 14:03:31,174 [SCMBlockDeletingService#0] DEBUG block.SCMBlockDeletingService (DatanodeDeletedBlockTransactions.java:addTransactionToDN(50)) - Transaction added: f89ecde1-abfa-4530-92e2-4a065b7725ea <- TX(44)
2021-08-15 14:03:31,175 [SCMBlockDeletingService#0] DEBUG block.SCMBlockDeletingService (DatanodeDeletedBlockTransactions.java:addTransactionToDN(50)) - Transaction added: c2c40a72-a699-49b1-b721-1997d9d2c71f <- TX(44)
2021-08-15 14:03:31,175 [SCMBlockDeletingService#0] DEBUG block.SCMBlockDeletingService (DatanodeDeletedBlockTransactions.java:addTransactionToDN(50)) - Transaction added: 0475d2c2-d46f-403e-95a5-8ff1a5c32338 <- TX(44)
2021-08-15 14:03:31,175 [SCMBlockDeletingService#0] DEBUG block.SCMBlockDeletingService (DatanodeDeletedBlockTransactions.java:addTransactionToDN(50)) - Transaction added: c2c40a72-a699-49b1-b721-1997d9d2c71f <- TX(45)
2021-08-15 14:03:31,175 [SCMBlockDeletingService#0] DEBUG block.SCMBlockDeletingService (DatanodeDeletedBlockTransactions.java:addTransactionToDN(50)) - Transaction added: f89ecde1-abfa-4530-92e2-4a065b7725ea <- TX(45)
2021-08-15 14:03:31,175 [SCMBlockDeletingService#0] DEBUG block.SCMBlockDeletingService (DatanodeDeletedBlockTransactions.java:addTransactionToDN(50)) - Transaction added: 0475d2c2-d46f-403e-95a5-8ff1a5c32338 <- TX(45)
2021-08-15 14:03:31,175 [SCMBlockDeletingService#0] DEBUG block.SCMBlockDeletingService (DatanodeDeletedBlockTransactions.java:addTransactionToDN(50)) - Transaction added: f89ecde1-abfa-4530-92e2-4a065b7725ea <- TX(46)
2021-08-15 14:03:31,175 [SCMBlockDeletingService#0] DEBUG block.SCMBlockDeletingService (DatanodeDeletedBlockTransactions.java:addTransactionToDN(50)) - Transaction added: 0475d2c2-d46f-403e-95a5-8ff1a5c32338 <- TX(46)
2021-08-15 14:03:31,175 [SCMBlockDeletingService#0] DEBUG block.SCMBlockDeletingService (DatanodeDeletedBlockTransactions.java:addTransactionToDN(50)) - Transaction added: c2c40a72-a699-49b1-b721-1997d9d2c71f <- TX(46)
2021-08-15 14:03:31,175 [SCMBlockDeletingService#0] DEBUG block.SCMBlockDeletingService (DatanodeDeletedBlockTransactions.java:addTransactionToDN(50)) - Transaction added: c2c40a72-a699-49b1-b721-1997d9d2c71f <- TX(47)
2021-08-15 14:03:31,175 [SCMBlockDeletingService#0] DEBUG block.SCMBlockDeletingService (DatanodeDeletedBlockTransactions.java:addTransactionToDN(50)) - Transaction added: f89ecde1-abfa-4530-92e2-4a065b7725ea <- TX(47)
2021-08-15 14:03:31,175 [SCMBlockDeletingService#0] DEBUG block.SCMBlockDeletingService (DatanodeDeletedBlockTransactions.java:addTransactionToDN(50)) - Transaction added: 0475d2c2-d46f-403e-95a5-8ff1a5c32338 <- TX(47)
2021-08-15 14:03:31,175 [SCMBlockDeletingService#0] DEBUG block.SCMBlockDeletingService (DatanodeDeletedBlockTransactions.java:addTransactionToDN(50)) - Transaction added: 0475d2c2-d46f-403e-95a5-8ff1a5c32338 <- TX(48)
2021-08-15 14:03:31,175 [SCMBlockDeletingService#0] DEBUG block.SCMBlockDeletingService (DatanodeDeletedBlockTransactions.java:addTransactionToDN(50)) - Transaction added: f89ecde1-abfa-4530-92e2-4a065b7725ea <- TX(48)
2021-08-15 14:03:31,175 [SCMBlockDeletingService#0] DEBUG block.SCMBlockDeletingService (DatanodeDeletedBlockTransactions.java:addTransactionToDN(50)) - Transaction added: c2c40a72-a699-49b1-b721-1997d9d2c71f <- TX(48)
2021-08-15 14:03:31,175 [SCMBlockDeletingService#0] DEBUG block.SCMBlockDeletingService (DatanodeDeletedBlockTransactions.java:addTransactionToDN(50)) - Transaction added: 0475d2c2-d46f-403e-95a5-8ff1a5c32338 <- TX(49)
2021-08-15 14:03:31,175 [SCMBlockDeletingService#0] DEBUG block.SCMBlockDeletingService (DatanodeDeletedBlockTransactions.java:addTransactionToDN(50)) - Transaction added: c2c40a72-a699-49b1-b721-1997d9d2c71f <- TX(49)
2021-08-15 14:03:31,175 [SCMBlockDeletingService#0] DEBUG block.SCMBlockDeletingService (DatanodeDeletedBlockTransactions.java:addTransactionToDN(50)) - Transaction added: f89ecde1-abfa-4530-92e2-4a065b7725ea <- TX(49)
2021-08-15 14:03:31,175 [SCMBlockDeletingService#0] DEBUG block.SCMBlockDeletingService (DatanodeDeletedBlockTransactions.java:addTransactionToDN(50)) - Transaction added: 0475d2c2-d46f-403e-95a5-8ff1a5c32338 <- TX(50)
2021-08-15 14:03:31,175 [SCMBlockDeletingService#0] DEBUG block.SCMBlockDeletingService (DatanodeDeletedBlockTransactions.java:addTransactionToDN(50)) - Transaction added: c2c40a72-a699-49b1-b721-1997d9d2c71f <- TX(50)
2021-08-15 14:03:31,175 [SCMBlockDeletingService#0] DEBUG block.SCMBlockDeletingService (DatanodeDeletedBlockTransactions.java:addTransactionToDN(50)) - Transaction added: f89ecde1-abfa-4530-92e2-4a065b7725ea <- TX(50)
2021-08-15 14:03:31,175 [SCMBlockDeletingService#0] DEBUG block.SCMBlockDeletingService (DatanodeDeletedBlockTransactions.java:addTransactionToDN(50)) - Transaction added: 0475d2c2-d46f-403e-95a5-8ff1a5c32338 <- TX(51)
2021-08-15 14:03:31,175 [SCMBlockDeletingService#0] DEBUG block.SCMBlockDeletingService (DatanodeDeletedBlockTransactions.java:addTransactionToDN(50)) - Transaction added: c2c40a72-a699-49b1-b721-1997d9d2c71f <- TX(51)
2021-08-15 14:03:31,175 [SCMBlockDeletingService#0] DEBUG block.SCMBlockDeletingService (DatanodeDeletedBlockTransactions.java:addTransactionToDN(50)) - Transaction added: f89ecde1-abfa-4530-92e2-4a065b7725ea <- TX(51)
2021-08-15 14:03:31,175 [SCMBlockDeletingService#0] DEBUG block.SCMBlockDeletingService (DatanodeDeletedBlockTransactions.java:addTransactionToDN(50)) - Transaction added: f89ecde1-abfa-4530-92e2-4a065b7725ea <- TX(52)
2021-08-15 14:03:31,175 [SCMBlockDeletingService#0] DEBUG block.SCMBlockDeletingService (DatanodeDeletedBlockTransactions.java:addTransactionToDN(50)) - Transaction added: c2c40a72-a699-49b1-b721-1997d9d2c71f <- TX(52)
2021-08-15 14:03:31,175 [SCMBlockDeletingService#0] DEBUG block.SCMBlockDeletingService (DatanodeDeletedBlockTransactions.java:addTransactionToDN(50)) - Transaction added: 0475d2c2-d46f-403e-95a5-8ff1a5c32338 <- TX(52)
2021-08-15 14:03:31,175 [SCMBlockDeletingService#0] DEBUG block.SCMBlockDeletingService (DatanodeDeletedBlockTransactions.java:addTransactionToDN(50)) - Transaction added: c2c40a72-a699-49b1-b721-1997d9d2c71f <- TX(53)
2021-08-15 14:03:31,175 [SCMBlockDeletingService#0] DEBUG block.SCMBlockDeletingService (DatanodeDeletedBlockTransactions.java:addTransactionToDN(50)) - Transaction added: f89ecde1-abfa-4530-92e2-4a065b7725ea <- TX(53)
2021-08-15 14:03:31,175 [SCMBlockDeletingService#0] DEBUG block.SCMBlockDeletingService (DatanodeDeletedBlockTransactions.java:addTransactionToDN(50)) - Transaction added: 0475d2c2-d46f-403e-95a5-8ff1a5c32338 <- TX(53)
2021-08-15 14:03:31,175 [SCMBlockDeletingService#0] DEBUG block.SCMBlockDeletingService (DatanodeDeletedBlockTransactions.java:addTransactionToDN(50)) - Transaction added: c2c40a72-a699-49b1-b721-1997d9d2c71f <- TX(54)
2021-08-15 14:03:31,175 [SCMBlockDeletingService#0] DEBUG block.SCMBlockDeletingService (DatanodeDeletedBlockTransactions.java:addTransactionToDN(50)) - Transaction added: f89ecde1-abfa-4530-92e2-4a065b7725ea <- TX(54)
2021-08-15 14:03:31,175 [SCMBlockDeletingService#0] DEBUG block.SCMBlockDeletingService (DatanodeDeletedBlockTransactions.java:addTransactionToDN(50)) - Transaction added: 0475d2c2-d46f-403e-95a5-8ff1a5c32338 <- TX(54)
2021-08-15 14:03:31,175 [SCMBlockDeletingService#0] DEBUG block.SCMBlockDeletingService (DatanodeDeletedBlockTransactions.java:addTransactionToDN(50)) - Transaction added: f89ecde1-abfa-4530-92e2-4a065b7725ea <- TX(55)
2021-08-15 14:03:31,175 [SCMBlockDeletingService#0] DEBUG block.SCMBlockDeletingService (DatanodeDeletedBlockTransactions.java:addTransactionToDN(50)) - Transaction added: 0475d2c2-d46f-403e-95a5-8ff1a5c32338 <- TX(55)
2021-08-15 14:03:31,176 [SCMBlockDeletingService#0] DEBUG block.SCMBlockDeletingService (DatanodeDeletedBlockTransactions.java:addTransactionToDN(50)) - Transaction added: c2c40a72-a699-49b1-b721-1997d9d2c71f <- TX(55)
2021-08-15 14:03:31,176 [SCMBlockDeletingService#0] DEBUG block.SCMBlockDeletingService (DatanodeDeletedBlockTransactions.java:addTransactionToDN(50)) - Transaction added: 0475d2c2-d46f-403e-95a5-8ff1a5c32338 <- TX(56)
2021-08-15 14:03:31,176 [SCMBlockDeletingService#0] DEBUG block.SCMBlockDeletingService (DatanodeDeletedBlockTransactions.java:addTransactionToDN(50)) - Transaction added: f89ecde1-abfa-4530-92e2-4a065b7725ea <- TX(56)
2021-08-15 14:03:31,176 [SCMBlockDeletingService#0] DEBUG block.SCMBlockDeletingService (DatanodeDeletedBlockTransactions.java:addTransactionToDN(50)) - Transaction added: c2c40a72-a699-49b1-b721-1997d9d2c71f <- TX(56)
2021-08-15 14:03:31,176 [SCMBlockDeletingService#0] DEBUG block.SCMBlockDeletingService (SCMBlockDeletingService.java:call(164)) - Added delete block command for datanode c2c40a72-a699-49b1-b721-1997d9d2c71f in the queue, number of delete block transactions: 30
2021-08-15 14:03:31,176 [SCMBlockDeletingService#0] DEBUG block.SCMBlockDeletingService (SCMBlockDeletingService.java:call(164)) - Added delete block command for datanode 0475d2c2-d46f-403e-95a5-8ff1a5c32338 in the queue, number of delete block transactions: 29
2021-08-15 14:03:31,176 [SCMBlockDeletingService#0] DEBUG block.SCMBlockDeletingService (SCMBlockDeletingService.java:call(164)) - Added delete block command for datanode f89ecde1-abfa-4530-92e2-4a065b7725ea in the queue, number of delete block transactions: 40
2021-08-15 14:03:31,176 [SCMBlockDeletingService#0] INFO  block.SCMBlockDeletingService (SCMBlockDeletingService.java:call(174)) - Totally added 99 blocks to be deleted for 3 datanodes, task elapsed time: 3ms
2021-08-15 14:03:31,273 [SCMBlockDeletingService#0] DEBUG block.SCMBlockDeletingService (SCMBlockDeletingService.java:call(133)) - Running DeletedBlockTransactionScanner
2021-08-15 14:03:31,273 [SCMBlockDeletingService#0] DEBUG block.SCMBlockDeletingService (DatanodeDeletedBlockTransactions.java:addTransactionToDN(50)) - Transaction added: f89ecde1-abfa-4530-92e2-4a065b7725ea <- TX(17)
2021-08-15 14:03:31,273 [SCMBlockDeletingService#0] DEBUG block.SCMBlockDeletingService (DatanodeDeletedBlockTransactions.java:addTransactionToDN(50)) - Transaction added: f89ecde1-abfa-4530-92e2-4a065b7725ea <- TX(18)
2021-08-15 14:03:31,273 [SCMBlockDeletingService#0] DEBUG block.SCMBlockDeletingService (DatanodeDeletedBlockTransactions.java:addTransactionToDN(50)) - Transaction added: f89ecde1-abfa-4530-92e2-4a065b7725ea <- TX(19)
2021-08-15 14:03:31,273 [SCMBlockDeletingService#0] DEBUG block.SCMBlockDeletingService (DatanodeDeletedBlockTransactions.java:addTransactionToDN(50)) - Transaction added: f89ecde1-abfa-4530-92e2-4a065b7725ea <- TX(20)
2021-08-15 14:03:31,273 [SCMBlockDeletingService#0] DEBUG block.SCMBlockDeletingService (DatanodeDeletedBlockTransactions.java:addTransactionToDN(50)) - Transaction added: f89ecde1-abfa-4530-92e2-4a065b7725ea <- TX(21)
2021-08-15 14:03:31,273 [SCMBlockDeletingService#0] DEBUG block.SCMBlockDeletingService (DatanodeDeletedBlockTransactions.java:addTransactionToDN(50)) - Transaction added: f89ecde1-abfa-4530-92e2-4a065b7725ea <- TX(22)
2021-08-15 14:03:31,273 [SCMBlockDeletingService#0] DEBUG block.SCMBlockDeletingService (DatanodeDeletedBlockTransactions.java:addTransactionToDN(50)) - Transaction added: f89ecde1-abfa-4530-92e2-4a065b7725ea <- TX(23)
2021-08-15 14:03:31,273 [SCMBlockDeletingService#0] DEBUG block.SCMBlockDeletingService (DatanodeDeletedBlockTransactions.java:addTransactionToDN(50)) - Transaction added: f89ecde1-abfa-4530-92e2-4a065b7725ea <- TX(24)
2021-08-15 14:03:31,273 [SCMBlockDeletingService#0] DEBUG block.SCMBlockDeletingService (DatanodeDeletedBlockTransactions.java:addTransactionToDN(50)) - Transaction added: f89ecde1-abfa-4530-92e2-4a065b7725ea <- TX(25)
2021-08-15 14:03:31,273 [SCMBlockDeletingService#0] DEBUG block.SCMBlockDeletingService (DatanodeDeletedBlockTransactions.java:addTransactionToDN(50)) - Transaction added: f89ecde1-abfa-4530-92e2-4a065b7725ea <- TX(26)
2021-08-15 14:03:31,273 [SCMBlockDeletingService#0] DEBUG block.SCMBlockDeletingService (DatanodeDeletedBlockTransactions.java:addTransactionToDN(50)) - Transaction added: c2c40a72-a699-49b1-b721-1997d9d2c71f <- TX(27)
2021-08-15 14:03:31,273 [SCMBlockDeletingService#0] DEBUG block.SCMBlockDeletingService (DatanodeDeletedBlockTransactions.java:addTransactionToDN(50)) - Transaction added: f89ecde1-abfa-4530-92e2-4a065b7725ea <- TX(27)
2021-08-15 14:03:31,273 [SCMBlockDeletingService#0] DEBUG block.SCMBlockDeletingService (DatanodeDeletedBlockTransactions.java:addTransactionToDN(50)) - Transaction added: f89ecde1-abfa-4530-92e2-4a065b7725ea <- TX(28)
2021-08-15 14:03:31,273 [SCMBlockDeletingService#0] DEBUG block.SCMBlockDeletingService (DatanodeDeletedBlockTransactions.java:addTransactionToDN(50)) - Transaction added: c2c40a72-a699-49b1-b721-1997d9d2c71f <- TX(28)
2021-08-15 14:03:31,273 [SCMBlockDeletingService#0] DEBUG block.SCMBlockDeletingService (DatanodeDeletedBlockTransactions.java:addTransactionToDN(50)) - Transaction added: 0475d2c2-d46f-403e-95a5-8ff1a5c32338 <- TX(28)
2021-08-15 14:03:31,273 [SCMBlockDeletingService#0] DEBUG block.SCMBlockDeletingService (DatanodeDeletedBlockTransactions.java:addTransactionToDN(50)) - Transaction added: c2c40a72-a699-49b1-b721-1997d9d2c71f <- TX(29)
2021-08-15 14:03:31,273 [SCMBlockDeletingService#0] DEBUG block.SCMBlockDeletingService (DatanodeDeletedBlockTransactions.java:addTransactionToDN(50)) - Transaction added: f89ecde1-abfa-4530-92e2-4a065b7725ea <- TX(29)
2021-08-15 14:03:31,273 [SCMBlockDeletingService#0] DEBUG block.SCMBlockDeletingService (DatanodeDeletedBlockTransactions.java:addTransactionToDN(50)) - Transaction added: 0475d2c2-d46f-403e-95a5-8ff1a5c32338 <- TX(29)
2021-08-15 14:03:31,273 [SCMBlockDeletingService#0] DEBUG block.SCMBlockDeletingService (DatanodeDeletedBlockTransactions.java:addTransactionToDN(50)) - Transaction added: f89ecde1-abfa-4530-92e2-4a065b7725ea <- TX(30)
2021-08-15 14:03:31,273 [SCMBlockDeletingService#0] DEBUG block.SCMBlockDeletingService (DatanodeDeletedBlockTransactions.java:addTransactionToDN(50)) - Transaction added: 0475d2c2-d46f-403e-95a5-8ff1a5c32338 <- TX(30)
2021-08-15 14:03:31,273 [SCMBlockDeletingService#0] DEBUG block.SCMBlockDeletingService (DatanodeDeletedBlockTransactions.java:addTransactionToDN(50)) - Transaction added: c2c40a72-a699-49b1-b721-1997d9d2c71f <- TX(30)
2021-08-15 14:03:31,273 [SCMBlockDeletingService#0] DEBUG block.SCMBlockDeletingService (DatanodeDeletedBlockTransactions.java:addTransactionToDN(50)) - Transaction added: c2c40a72-a699-49b1-b721-1997d9d2c71f <- TX(31)
2021-08-15 14:03:31,273 [SCMBlockDeletingService#0] DEBUG block.SCMBlockDeletingService (DatanodeDeletedBlockTransactions.java:addTransactionToDN(50)) - Transaction added: f89ecde1-abfa-4530-92e2-4a065b7725ea <- TX(31)
2021-08-15 14:03:31,273 [SCMBlockDeletingService#0] DEBUG block.SCMBlockDeletingService (DatanodeDeletedBlockTransactions.java:addTransactionToDN(50)) - Transaction added: 0475d2c2-d46f-403e-95a5-8ff1a5c32338 <- TX(31)
2021-08-15 14:03:31,273 [SCMBlockDeletingService#0] DEBUG block.SCMBlockDeletingService (DatanodeDeletedBlockTransactions.java:addTransactionToDN(50)) - Transaction added: 0475d2c2-d46f-403e-95a5-8ff1a5c32338 <- TX(32)
2021-08-15 14:03:31,274 [SCMBlockDeletingService#0] DEBUG block.SCMBlockDeletingService (DatanodeDeletedBlockTransactions.java:addTransactionToDN(50)) - Transaction added: f89ecde1-abfa-4530-92e2-4a065b7725ea <- TX(32)
2021-08-15 14:03:31,274 [SCMBlockDeletingService#0] DEBUG block.SCMBlockDeletingService (DatanodeDeletedBlockTransactions.java:addTransactionToDN(50)) - Transaction added: c2c40a72-a699-49b1-b721-1997d9d2c71f <- TX(32)
2021-08-15 14:03:31,274 [SCMBlockDeletingService#0] DEBUG block.SCMBlockDeletingService (DatanodeDeletedBlockTransactions.java:addTransactionToDN(50)) - Transaction added: 0475d2c2-d46f-403e-95a5-8ff1a5c32338 <- TX(33)
2021-08-15 14:03:31,274 [SCMBlockDeletingService#0] DEBUG block.SCMBlockDeletingService (DatanodeDeletedBlockTransactions.java:addTransactionToDN(50)) - Transaction added: c2c40a72-a699-49b1-b721-1997d9d2c71f <- TX(33)
2021-08-15 14:03:31,274 [SCMBlockDeletingService#0] DEBUG block.SCMBlockDeletingService (DatanodeDeletedBlockTransactions.java:addTransactionToDN(50)) - Transaction added: f89ecde1-abfa-4530-92e2-4a065b7725ea <- TX(33)
2021-08-15 14:03:31,274 [SCMBlockDeletingService#0] DEBUG block.SCMBlockDeletingService (DatanodeDeletedBlockTransactions.java:addTransactionToDN(50)) - Transaction added: 0475d2c2-d46f-403e-95a5-8ff1a5c32338 <- TX(34)
2021-08-15 14:03:31,274 [SCMBlockDeletingService#0] DEBUG block.SCMBlockDeletingService (DatanodeDeletedBlockTransactions.java:addTransactionToDN(50)) - Transaction added: c2c40a72-a699-49b1-b721-1997d9d2c71f <- TX(34)
2021-08-15 14:03:31,274 [SCMBlockDeletingService#0] DEBUG block.SCMBlockDeletingService (DatanodeDeletedBlockTransactions.java:addTransactionToDN(50)) - Transaction added: f89ecde1-abfa-4530-92e2-4a065b7725ea <- TX(34)
2021-08-15 14:03:31,274 [SCMBlockDeletingService#0] DEBUG block.SCMBlockDeletingService (DatanodeDeletedBlockTransactions.java:addTransactionToDN(50)) - Transaction added: 0475d2c2-d46f-403e-95a5-8ff1a5c32338 <- TX(35)
2021-08-15 14:03:31,274 [SCMBlockDeletingService#0] DEBUG block.SCMBlockDeletingService (DatanodeDeletedBlockTransactions.java:addTransactionToDN(50)) - Transaction added: c2c40a72-a699-49b1-b721-1997d9d2c71f <- TX(35)
2021-08-15 14:03:31,274 [SCMBlockDeletingService#0] DEBUG block.SCMBlockDeletingService (DatanodeDeletedBlockTransactions.java:addTransactionToDN(50)) - Transaction added: f89ecde1-abfa-4530-92e2-4a065b7725ea <- TX(35)
2021-08-15 14:03:31,274 [SCMBlockDeletingService#0] DEBUG block.SCMBlockDeletingService (DatanodeDeletedBlockTransactions.java:addTransactionToDN(50)) - Transaction added: f89ecde1-abfa-4530-92e2-4a065b7725ea <- TX(36)
2021-08-15 14:03:31,274 [SCMBlockDeletingService#0] DEBUG block.SCMBlockDeletingService (DatanodeDeletedBlockTransactions.java:addTransactionToDN(50)) - Transaction added: c2c40a72-a699-49b1-b721-1997d9d2c71f <- TX(36)
2021-08-15 14:03:31,274 [SCMBlockDeletingService#0] DEBUG block.SCMBlockDeletingService (DatanodeDeletedBlockTransactions.java:addTransactionToDN(50)) - Transaction added: 0475d2c2-d46f-403e-95a5-8ff1a5c32338 <- TX(36)
2021-08-15 14:03:31,274 [SCMBlockDeletingService#0] DEBUG block.SCMBlockDeletingService (DatanodeDeletedBlockTransactions.java:addTransactionToDN(50)) - Transaction added: c2c40a72-a699-49b1-b721-1997d9d2c71f <- TX(37)
2021-08-15 14:03:31,274 [SCMBlockDeletingService#0] DEBUG block.SCMBlockDeletingService (DatanodeDeletedBlockTransactions.java:addTransactionToDN(50)) - Transaction added: f89ecde1-abfa-4530-92e2-4a065b7725ea <- TX(37)
2021-08-15 14:03:31,274 [SCMBlockDeletingService#0] DEBUG block.SCMBlockDeletingService (DatanodeDeletedBlockTransactions.java:addTransactionToDN(50)) - Transaction added: 0475d2c2-d46f-403e-95a5-8ff1a5c32338 <- TX(37)
2021-08-15 14:03:31,274 [SCMBlockDeletingService#0] DEBUG block.SCMBlockDeletingService (DatanodeDeletedBlockTransactions.java:addTransactionToDN(50)) - Transaction added: c2c40a72-a699-49b1-b721-1997d9d2c71f <- TX(38)
2021-08-15 14:03:31,274 [SCMBlockDeletingService#0] DEBUG block.SCMBlockDeletingService (DatanodeDeletedBlockTransactions.java:addTransactionToDN(50)) - Transaction added: f89ecde1-abfa-4530-92e2-4a065b7725ea <- TX(38)
2021-08-15 14:03:31,274 [SCMBlockDeletingService#0] DEBUG block.SCMBlockDeletingService (DatanodeDeletedBlockTransactions.java:addTransactionToDN(50)) - Transaction added: 0475d2c2-d46f-403e-95a5-8ff1a5c32338 <- TX(38)
2021-08-15 14:03:31,274 [SCMBlockDeletingService#0] DEBUG block.SCMBlockDeletingService (DatanodeDeletedBlockTransactions.java:addTransactionToDN(50)) - Transaction added: f89ecde1-abfa-4530-92e2-4a065b7725ea <- TX(39)
2021-08-15 14:03:31,274 [SCMBlockDeletingService#0] DEBUG block.SCMBlockDeletingService (DatanodeDeletedBlockTransactions.java:addTransactionToDN(50)) - Transaction added: 0475d2c2-d46f-403e-95a5-8ff1a5c32338 <- TX(39)
2021-08-15 14:03:31,274 [SCMBlockDeletingService#0] DEBUG block.SCMBlockDeletingService (DatanodeDeletedBlockTransactions.java:addTransactionToDN(50)) - Transaction added: c2c40a72-a699-49b1-b721-1997d9d2c71f <- TX(39)
2021-08-15 14:03:31,274 [SCMBlockDeletingService#0] DEBUG block.SCMBlockDeletingService (DatanodeDeletedBlockTransactions.java:addTransactionToDN(50)) - Transaction added: 0475d2c2-d46f-403e-95a5-8ff1a5c32338 <- TX(40)
2021-08-15 14:03:31,274 [SCMBlockDeletingService#0] DEBUG block.SCMBlockDeletingService (DatanodeDeletedBlockTransactions.java:addTransactionToDN(50)) - Transaction added: f89ecde1-abfa-4530-92e2-4a065b7725ea <- TX(40)
2021-08-15 14:03:31,274 [SCMBlockDeletingService#0] DEBUG block.SCMBlockDeletingService (DatanodeDeletedBlockTransactions.java:addTransactionToDN(50)) - Transaction added: c2c40a72-a699-49b1-b721-1997d9d2c71f <- TX(40)
2021-08-15 14:03:31,274 [SCMBlockDeletingService#0] DEBUG block.SCMBlockDeletingService (DatanodeDeletedBlockTransactions.java:addTransactionToDN(50)) - Transaction added: 0475d2c2-d46f-403e-95a5-8ff1a5c32338 <- TX(41)
2021-08-15 14:03:31,274 [SCMBlockDeletingService#0] DEBUG block.SCMBlockDeletingService (DatanodeDeletedBlockTransactions.java:addTransactionToDN(50)) - Transaction added: c2c40a72-a699-49b1-b721-1997d9d2c71f <- TX(41)
2021-08-15 14:03:31,274 [SCMBlockDeletingService#0] DEBUG block.SCMBlockDeletingService (DatanodeDeletedBlockTransactions.java:addTransactionToDN(50)) - Transaction added: f89ecde1-abfa-4530-92e2-4a065b7725ea <- TX(41)
2021-08-15 14:03:31,274 [SCMBlockDeletingService#0] DEBUG block.SCMBlockDeletingService (DatanodeDeletedBlockTransactions.java:addTransactionToDN(50)) - Transaction added: 0475d2c2-d46f-403e-95a5-8ff1a5c32338 <- TX(42)
2021-08-15 14:03:31,274 [SCMBlockDeletingService#0] DEBUG block.SCMBlockDeletingService (DatanodeDeletedBlockTransactions.java:addTransactionToDN(50)) - Transaction added: c2c40a72-a699-49b1-b721-1997d9d2c71f <- TX(42)
2021-08-15 14:03:31,274 [SCMBlockDeletingService#0] DEBUG block.SCMBlockDeletingService (DatanodeDeletedBlockTransactions.java:addTransactionToDN(50)) - Transaction added: f89ecde1-abfa-4530-92e2-4a065b7725ea <- TX(42)
2021-08-15 14:03:31,274 [SCMBlockDeletingService#0] DEBUG block.SCMBlockDeletingService (DatanodeDeletedBlockTransactions.java:addTransactionToDN(50)) - Transaction added: 0475d2c2-d46f-403e-95a5-8ff1a5c32338 <- TX(43)
2021-08-15 14:03:31,274 [SCMBlockDeletingService#0] DEBUG block.SCMBlockDeletingService (DatanodeDeletedBlockTransactions.java:addTransactionToDN(50)) - Transaction added: c2c40a72-a699-49b1-b721-1997d9d2c71f <- TX(43)
2021-08-15 14:03:31,274 [SCMBlockDeletingService#0] DEBUG block.SCMBlockDeletingService (DatanodeDeletedBlockTransactions.java:addTransactionToDN(50)) - Transaction added: f89ecde1-abfa-4530-92e2-4a065b7725ea <- TX(43)
2021-08-15 14:03:31,275 [SCMBlockDeletingService#0] DEBUG block.SCMBlockDeletingService (DatanodeDeletedBlockTransactions.java:addTransactionToDN(50)) - Transaction added: f89ecde1-abfa-4530-92e2-4a065b7725ea <- TX(44)
2021-08-15 14:03:31,275 [SCMBlockDeletingService#0] DEBUG block.SCMBlockDeletingService (DatanodeDeletedBlockTransactions.java:addTransactionToDN(50)) - Transaction added: c2c40a72-a699-49b1-b721-1997d9d2c71f <- TX(44)
2021-08-15 14:03:31,275 [SCMBlockDeletingService#0] DEBUG block.SCMBlockDeletingService (DatanodeDeletedBlockTransactions.java:addTransactionToDN(50)) - Transaction added: 0475d2c2-d46f-403e-95a5-8ff1a5c32338 <- TX(44)
2021-08-15 14:03:31,275 [SCMBlockDeletingService#0] DEBUG block.SCMBlockDeletingService (DatanodeDeletedBlockTransactions.java:addTransactionToDN(50)) - Transaction added: c2c40a72-a699-49b1-b721-1997d9d2c71f <- TX(45)
2021-08-15 14:03:31,275 [SCMBlockDeletingService#0] DEBUG block.SCMBlockDeletingService (DatanodeDeletedBlockTransactions.java:addTransactionToDN(50)) - Transaction added: f89ecde1-abfa-4530-92e2-4a065b7725ea <- TX(45)
2021-08-15 14:03:31,275 [SCMBlockDeletingService#0] DEBUG block.SCMBlockDeletingService (DatanodeDeletedBlockTransactions.java:addTransactionToDN(50)) - Transaction added: 0475d2c2-d46f-403e-95a5-8ff1a5c32338 <- TX(45)
2021-08-15 14:03:31,275 [SCMBlockDeletingService#0] DEBUG block.SCMBlockDeletingService (DatanodeDeletedBlockTransactions.java:addTransactionToDN(50)) - Transaction added: f89ecde1-abfa-4530-92e2-4a065b7725ea <- TX(46)
2021-08-15 14:03:31,275 [SCMBlockDeletingService#0] DEBUG block.SCMBlockDeletingService (DatanodeDeletedBlockTransactions.java:addTransactionToDN(50)) - Transaction added: 0475d2c2-d46f-403e-95a5-8ff1a5c32338 <- TX(46)
2021-08-15 14:03:31,275 [SCMBlockDeletingService#0] DEBUG block.SCMBlockDeletingService (DatanodeDeletedBlockTransactions.java:addTransactionToDN(50)) - Transaction added: c2c40a72-a699-49b1-b721-1997d9d2c71f <- TX(46)
2021-08-15 14:03:31,275 [SCMBlockDeletingService#0] DEBUG block.SCMBlockDeletingService (DatanodeDeletedBlockTransactions.java:addTransactionToDN(50)) - Transaction added: c2c40a72-a699-49b1-b721-1997d9d2c71f <- TX(47)
2021-08-15 14:03:31,275 [SCMBlockDeletingService#0] DEBUG block.SCMBlockDeletingService (DatanodeDeletedBlockTransactions.java:addTransactionToDN(50)) - Transaction added: f89ecde1-abfa-4530-92e2-4a065b7725ea <- TX(47)
2021-08-15 14:03:31,275 [SCMBlockDeletingService#0] DEBUG block.SCMBlockDeletingService (DatanodeDeletedBlockTransactions.java:addTransactionToDN(50)) - Transaction added: 0475d2c2-d46f-403e-95a5-8ff1a5c32338 <- TX(47)
2021-08-15 14:03:31,275 [SCMBlockDeletingService#0] DEBUG block.SCMBlockDeletingService (DatanodeDeletedBlockTransactions.java:addTransactionToDN(50)) - Transaction added: 0475d2c2-d46f-403e-95a5-8ff1a5c32338 <- TX(48)
2021-08-15 14:03:31,275 [SCMBlockDeletingService#0] DEBUG block.SCMBlockDeletingService (DatanodeDeletedBlockTransactions.java:addTransactionToDN(50)) - Transaction added: f89ecde1-abfa-4530-92e2-4a065b7725ea <- TX(48)
2021-08-15 14:03:31,275 [SCMBlockDeletingService#0] DEBUG block.SCMBlockDeletingService (DatanodeDeletedBlockTransactions.java:addTransactionToDN(50)) - Transaction added: c2c40a72-a699-49b1-b721-1997d9d2c71f <- TX(48)
2021-08-15 14:03:31,275 [SCMBlockDeletingService#0] DEBUG block.SCMBlockDeletingService (DatanodeDeletedBlockTransactions.java:addTransactionToDN(50)) - Transaction added: 0475d2c2-d46f-403e-95a5-8ff1a5c32338 <- TX(49)
2021-08-15 14:03:31,275 [SCMBlockDeletingService#0] DEBUG block.SCMBlockDeletingService (DatanodeDeletedBlockTransactions.java:addTransactionToDN(50)) - Transaction added: c2c40a72-a699-49b1-b721-1997d9d2c71f <- TX(49)
2021-08-15 14:03:31,275 [SCMBlockDeletingService#0] DEBUG block.SCMBlockDeletingService (DatanodeDeletedBlockTransactions.java:addTransactionToDN(50)) - Transaction added: f89ecde1-abfa-4530-92e2-4a065b7725ea <- TX(49)
2021-08-15 14:03:31,275 [SCMBlockDeletingService#0] DEBUG block.SCMBlockDeletingService (DatanodeDeletedBlockTransactions.java:addTransactionToDN(50)) - Transaction added: 0475d2c2-d46f-403e-95a5-8ff1a5c32338 <- TX(50)
2021-08-15 14:03:31,275 [SCMBlockDeletingService#0] DEBUG block.SCMBlockDeletingService (DatanodeDeletedBlockTransactions.java:addTransactionToDN(50)) - Transaction added: c2c40a72-a699-49b1-b721-1997d9d2c71f <- TX(50)
2021-08-15 14:03:31,275 [SCMBlockDeletingService#0] DEBUG block.SCMBlockDeletingService (DatanodeDeletedBlockTransactions.java:addTransactionToDN(50)) - Transaction added: f89ecde1-abfa-4530-92e2-4a065b7725ea <- TX(50)
2021-08-15 14:03:31,275 [SCMBlockDeletingService#0] DEBUG block.SCMBlockDeletingService (DatanodeDeletedBlockTransactions.java:addTransactionToDN(50)) - Transaction added: 0475d2c2-d46f-403e-95a5-8ff1a5c32338 <- TX(51)
2021-08-15 14:03:31,275 [SCMBlockDeletingService#0] DEBUG block.SCMBlockDeletingService (DatanodeDeletedBlockTransactions.java:addTransactionToDN(50)) - Transaction added: c2c40a72-a699-49b1-b721-1997d9d2c71f <- TX(51)
2021-08-15 14:03:31,275 [SCMBlockDeletingService#0] DEBUG block.SCMBlockDeletingService (DatanodeDeletedBlockTransactions.java:addTransactionToDN(50)) - Transaction added: f89ecde1-abfa-4530-92e2-4a065b7725ea <- TX(51)
2021-08-15 14:03:31,275 [SCMBlockDeletingService#0] DEBUG block.SCMBlockDeletingService (DatanodeDeletedBlockTransactions.java:addTransactionToDN(50)) - Transaction added: f89ecde1-abfa-4530-92e2-4a065b7725ea <- TX(52)
2021-08-15 14:03:31,275 [SCMBlockDeletingService#0] DEBUG block.SCMBlockDeletingService (DatanodeDeletedBlockTransactions.java:addTransactionToDN(50)) - Transaction added: c2c40a72-a699-49b1-b721-1997d9d2c71f <- TX(52)
2021-08-15 14:03:31,275 [SCMBlockDeletingService#0] DEBUG block.SCMBlockDeletingService (DatanodeDeletedBlockTransactions.java:addTransactionToDN(50)) - Transaction added: 0475d2c2-d46f-403e-95a5-8ff1a5c32338 <- TX(52)
2021-08-15 14:03:31,275 [SCMBlockDeletingService#0] DEBUG block.SCMBlockDeletingService (DatanodeDeletedBlockTransactions.java:addTransactionToDN(50)) - Transaction added: c2c40a72-a699-49b1-b721-1997d9d2c71f <- TX(53)
2021-08-15 14:03:31,275 [SCMBlockDeletingService#0] DEBUG block.SCMBlockDeletingService (DatanodeDeletedBlockTransactions.java:addTransactionToDN(50)) - Transaction added: f89ecde1-abfa-4530-92e2-4a065b7725ea <- TX(53)
2021-08-15 14:03:31,275 [SCMBlockDeletingService#0] DEBUG block.SCMBlockDeletingService (DatanodeDeletedBlockTransactions.java:addTransactionToDN(50)) - Transaction added: 0475d2c2-d46f-403e-95a5-8ff1a5c32338 <- TX(53)
2021-08-15 14:03:31,275 [SCMBlockDeletingService#0] DEBUG block.SCMBlockDeletingService (DatanodeDeletedBlockTransactions.java:addTransactionToDN(50)) - Transaction added: c2c40a72-a699-49b1-b721-1997d9d2c71f <- TX(54)
2021-08-15 14:03:31,275 [SCMBlockDeletingService#0] DEBUG block.SCMBlockDeletingService (DatanodeDeletedBlockTransactions.java:addTransactionToDN(50)) - Transaction added: f89ecde1-abfa-4530-92e2-4a065b7725ea <- TX(54)
2021-08-15 14:03:31,275 [SCMBlockDeletingService#0] DEBUG block.SCMBlockDeletingService (DatanodeDeletedBlockTransactions.java:addTransactionToDN(50)) - Transaction added: 0475d2c2-d46f-403e-95a5-8ff1a5c32338 <- TX(54)
2021-08-15 14:03:31,275 [SCMBlockDeletingService#0] DEBUG block.SCMBlockDeletingService (DatanodeDeletedBlockTransactions.java:addTransactionToDN(50)) - Transaction added: f89ecde1-abfa-4530-92e2-4a065b7725ea <- TX(55)
2021-08-15 14:03:31,276 [SCMBlockDeletingService#0] DEBUG block.SCMBlockDeletingService (DatanodeDeletedBlockTransactions.java:addTransactionToDN(50)) - Transaction added: 0475d2c2-d46f-403e-95a5-8ff1a5c32338 <- TX(55)
2021-08-15 14:03:31,276 [SCMBlockDeletingService#0] DEBUG block.SCMBlockDeletingService (DatanodeDeletedBlockTransactions.java:addTransactionToDN(50)) - Transaction added: c2c40a72-a699-49b1-b721-1997d9d2c71f <- TX(55)
2021-08-15 14:03:31,276 [SCMBlockDeletingService#0] DEBUG block.SCMBlockDeletingService (DatanodeDeletedBlockTransactions.java:addTransactionToDN(50)) - Transaction added: 0475d2c2-d46f-403e-95a5-8ff1a5c32338 <- TX(56)
2021-08-15 14:03:31,276 [SCMBlockDeletingService#0] DEBUG block.SCMBlockDeletingService (DatanodeDeletedBlockTransactions.java:addTransactionToDN(50)) - Transaction added: f89ecde1-abfa-4530-92e2-4a065b7725ea <- TX(56)
2021-08-15 14:03:31,276 [SCMBlockDeletingService#0] DEBUG block.SCMBlockDeletingService (DatanodeDeletedBlockTransactions.java:addTransactionToDN(50)) - Transaction added: c2c40a72-a699-49b1-b721-1997d9d2c71f <- TX(56)
2021-08-15 14:03:31,276 [SCMBlockDeletingService#0] DEBUG block.SCMBlockDeletingService (SCMBlockDeletingService.java:call(164)) - Added delete block command for datanode c2c40a72-a699-49b1-b721-1997d9d2c71f in the queue, number of delete block transactions: 30
2021-08-15 14:03:31,276 [SCMBlockDeletingService#0] DEBUG block.SCMBlockDeletingService (SCMBlockDeletingService.java:call(164)) - Added delete block command for datanode 0475d2c2-d46f-403e-95a5-8ff1a5c32338 in the queue, number of delete block transactions: 29
2021-08-15 14:03:31,276 [SCMBlockDeletingService#0] DEBUG block.SCMBlockDeletingService (SCMBlockDeletingService.java:call(164)) - Added delete block command for datanode f89ecde1-abfa-4530-92e2-4a065b7725ea in the queue, number of delete block transactions: 40
2021-08-15 14:03:31,276 [SCMBlockDeletingService#0] INFO  block.SCMBlockDeletingService (SCMBlockDeletingService.java:call(174)) - Totally added 99 blocks to be deleted for 3 datanodes, task elapsed time: 3ms
2021-08-15 14:03:31,373 [SCMBlockDeletingService#0] DEBUG block.SCMBlockDeletingService (SCMBlockDeletingService.java:call(133)) - Running DeletedBlockTransactionScanner
2021-08-15 14:03:31,373 [SCMBlockDeletingService#0] DEBUG block.SCMBlockDeletingService (DatanodeDeletedBlockTransactions.java:addTransactionToDN(50)) - Transaction added: f89ecde1-abfa-4530-92e2-4a065b7725ea <- TX(17)
2021-08-15 14:03:31,373 [SCMBlockDeletingService#0] DEBUG block.SCMBlockDeletingService (DatanodeDeletedBlockTransactions.java:addTransactionToDN(50)) - Transaction added: f89ecde1-abfa-4530-92e2-4a065b7725ea <- TX(18)
2021-08-15 14:03:31,373 [SCMBlockDeletingService#0] DEBUG block.SCMBlockDeletingService (DatanodeDeletedBlockTransactions.java:addTransactionToDN(50)) - Transaction added: f89ecde1-abfa-4530-92e2-4a065b7725ea <- TX(19)
2021-08-15 14:03:31,373 [SCMBlockDeletingService#0] DEBUG block.SCMBlockDeletingService (DatanodeDeletedBlockTransactions.java:addTransactionToDN(50)) - Transaction added: f89ecde1-abfa-4530-92e2-4a065b7725ea <- TX(20)
2021-08-15 14:03:31,373 [SCMBlockDeletingService#0] DEBUG block.SCMBlockDeletingService (DatanodeDeletedBlockTransactions.java:addTransactionToDN(50)) - Transaction added: f89ecde1-abfa-4530-92e2-4a065b7725ea <- TX(21)
2021-08-15 14:03:31,373 [SCMBlockDeletingService#0] DEBUG block.SCMBlockDeletingService (DatanodeDeletedBlockTransactions.java:addTransactionToDN(50)) - Transaction added: f89ecde1-abfa-4530-92e2-4a065b7725ea <- TX(22)
2021-08-15 14:03:31,373 [SCMBlockDeletingService#0] DEBUG block.SCMBlockDeletingService (DatanodeDeletedBlockTransactions.java:addTransactionToDN(50)) - Transaction added: f89ecde1-abfa-4530-92e2-4a065b7725ea <- TX(23)
2021-08-15 14:03:31,373 [SCMBlockDeletingService#0] DEBUG block.SCMBlockDeletingService (DatanodeDeletedBlockTransactions.java:addTransactionToDN(50)) - Transaction added: f89ecde1-abfa-4530-92e2-4a065b7725ea <- TX(24)
2021-08-15 14:03:31,373 [SCMBlockDeletingService#0] DEBUG block.SCMBlockDeletingService (DatanodeDeletedBlockTransactions.java:addTransactionToDN(50)) - Transaction added: f89ecde1-abfa-4530-92e2-4a065b7725ea <- TX(25)
2021-08-15 14:03:31,373 [SCMBlockDeletingService#0] DEBUG block.SCMBlockDeletingService (DatanodeDeletedBlockTransactions.java:addTransactionToDN(50)) - Transaction added: f89ecde1-abfa-4530-92e2-4a065b7725ea <- TX(26)
2021-08-15 14:03:31,373 [SCMBlockDeletingService#0] DEBUG block.SCMBlockDeletingService (DatanodeDeletedBlockTransactions.java:addTransactionToDN(50)) - Transaction added: c2c40a72-a699-49b1-b721-1997d9d2c71f <- TX(27)
2021-08-15 14:03:31,373 [SCMBlockDeletingService#0] DEBUG block.SCMBlockDeletingService (DatanodeDeletedBlockTransactions.java:addTransactionToDN(50)) - Transaction added: f89ecde1-abfa-4530-92e2-4a065b7725ea <- TX(27)
2021-08-15 14:03:31,373 [SCMBlockDeletingService#0] DEBUG block.SCMBlockDeletingService (DatanodeDeletedBlockTransactions.java:addTransactionToDN(50)) - Transaction added: f89ecde1-abfa-4530-92e2-4a065b7725ea <- TX(28)
2021-08-15 14:03:31,373 [SCMBlockDeletingService#0] DEBUG block.SCMBlockDeletingService (DatanodeDeletedBlockTransactions.java:addTransactionToDN(50)) - Transaction added: c2c40a72-a699-49b1-b721-1997d9d2c71f <- TX(28)
2021-08-15 14:03:31,373 [SCMBlockDeletingService#0] DEBUG block.SCMBlockDeletingService (DatanodeDeletedBlockTransactions.java:addTransactionToDN(50)) - Transaction added: 0475d2c2-d46f-403e-95a5-8ff1a5c32338 <- TX(28)
2021-08-15 14:03:31,373 [SCMBlockDeletingService#0] DEBUG block.SCMBlockDeletingService (DatanodeDeletedBlockTransactions.java:addTransactionToDN(50)) - Transaction added: c2c40a72-a699-49b1-b721-1997d9d2c71f <- TX(29)
2021-08-15 14:03:31,373 [SCMBlockDeletingService#0] DEBUG block.SCMBlockDeletingService (DatanodeDeletedBlockTransactions.java:addTransactionToDN(50)) - Transaction added: f89ecde1-abfa-4530-92e2-4a065b7725ea <- TX(29)
2021-08-15 14:03:31,373 [SCMBlockDeletingService#0] DEBUG block.SCMBlockDeletingService (DatanodeDeletedBlockTransactions.java:addTransactionToDN(50)) - Transaction added: 0475d2c2-d46f-403e-95a5-8ff1a5c32338 <- TX(29)
2021-08-15 14:03:31,373 [SCMBlockDeletingService#0] DEBUG block.SCMBlockDeletingService (DatanodeDeletedBlockTransactions.java:addTransactionToDN(50)) - Transaction added: f89ecde1-abfa-4530-92e2-4a065b7725ea <- TX(30)
2021-08-15 14:03:31,373 [SCMBlockDeletingService#0] DEBUG block.SCMBlockDeletingService (DatanodeDeletedBlockTransactions.java:addTransactionToDN(50)) - Transaction added: 0475d2c2-d46f-403e-95a5-8ff1a5c32338 <- TX(30)
2021-08-15 14:03:31,373 [SCMBlockDeletingService#0] DEBUG block.SCMBlockDeletingService (DatanodeDeletedBlockTransactions.java:addTransactionToDN(50)) - Transaction added: c2c40a72-a699-49b1-b721-1997d9d2c71f <- TX(30)
2021-08-15 14:03:31,373 [SCMBlockDeletingService#0] DEBUG block.SCMBlockDeletingService (DatanodeDeletedBlockTransactions.java:addTransactionToDN(50)) - Transaction added: c2c40a72-a699-49b1-b721-1997d9d2c71f <- TX(31)
2021-08-15 14:03:31,374 [SCMBlockDeletingService#0] DEBUG block.SCMBlockDeletingService (DatanodeDeletedBlockTransactions.java:addTransactionToDN(50)) - Transaction added: f89ecde1-abfa-4530-92e2-4a065b7725ea <- TX(31)
2021-08-15 14:03:31,374 [SCMBlockDeletingService#0] DEBUG block.SCMBlockDeletingService (DatanodeDeletedBlockTransactions.java:addTransactionToDN(50)) - Transaction added: 0475d2c2-d46f-403e-95a5-8ff1a5c32338 <- TX(31)
2021-08-15 14:03:31,374 [SCMBlockDeletingService#0] DEBUG block.SCMBlockDeletingService (DatanodeDeletedBlockTransactions.java:addTransactionToDN(50)) - Transaction added: 0475d2c2-d46f-403e-95a5-8ff1a5c32338 <- TX(32)
2021-08-15 14:03:31,374 [SCMBlockDeletingService#0] DEBUG block.SCMBlockDeletingService (DatanodeDeletedBlockTransactions.java:addTransactionToDN(50)) - Transaction added: f89ecde1-abfa-4530-92e2-4a065b7725ea <- TX(32)
2021-08-15 14:03:31,374 [SCMBlockDeletingService#0] DEBUG block.SCMBlockDeletingService (DatanodeDeletedBlockTransactions.java:addTransactionToDN(50)) - Transaction added: c2c40a72-a699-49b1-b721-1997d9d2c71f <- TX(32)
2021-08-15 14:03:31,374 [SCMBlockDeletingService#0] DEBUG block.SCMBlockDeletingService (DatanodeDeletedBlockTransactions.java:addTransactionToDN(50)) - Transaction added: 0475d2c2-d46f-403e-95a5-8ff1a5c32338 <- TX(33)
2021-08-15 14:03:31,374 [SCMBlockDeletingService#0] DEBUG block.SCMBlockDeletingService (DatanodeDeletedBlockTransactions.java:addTransactionToDN(50)) - Transaction added: c2c40a72-a699-49b1-b721-1997d9d2c71f <- TX(33)
2021-08-15 14:03:31,374 [SCMBlockDeletingService#0] DEBUG block.SCMBlockDeletingService (DatanodeDeletedBlockTransactions.java:addTransactionToDN(50)) - Transaction added: f89ecde1-abfa-4530-92e2-4a065b7725ea <- TX(33)
2021-08-15 14:03:31,374 [SCMBlockDeletingService#0] DEBUG block.SCMBlockDeletingService (DatanodeDeletedBlockTransactions.java:addTransactionToDN(50)) - Transaction added: 0475d2c2-d46f-403e-95a5-8ff1a5c32338 <- TX(34)
2021-08-15 14:03:31,374 [SCMBlockDeletingService#0] DEBUG block.SCMBlockDeletingService (DatanodeDeletedBlockTransactions.java:addTransactionToDN(50)) - Transaction added: c2c40a72-a699-49b1-b721-1997d9d2c71f <- TX(34)
2021-08-15 14:03:31,374 [SCMBlockDeletingService#0] DEBUG block.SCMBlockDeletingService (DatanodeDeletedBlockTransactions.java:addTransactionToDN(50)) - Transaction added: f89ecde1-abfa-4530-92e2-4a065b7725ea <- TX(34)
2021-08-15 14:03:31,374 [SCMBlockDeletingService#0] DEBUG block.SCMBlockDeletingService (DatanodeDeletedBlockTransactions.java:addTransactionToDN(50)) - Transaction added: 0475d2c2-d46f-403e-95a5-8ff1a5c32338 <- TX(35)
2021-08-15 14:03:31,374 [SCMBlockDeletingService#0] DEBUG block.SCMBlockDeletingService (DatanodeDeletedBlockTransactions.java:addTransactionToDN(50)) - Transaction added: c2c40a72-a699-49b1-b721-1997d9d2c71f <- TX(35)
2021-08-15 14:03:31,374 [SCMBlockDeletingService#0] DEBUG block.SCMBlockDeletingService (DatanodeDeletedBlockTransactions.java:addTransactionToDN(50)) - Transaction added: f89ecde1-abfa-4530-92e2-4a065b7725ea <- TX(35)
2021-08-15 14:03:31,374 [SCMBlockDeletingService#0] DEBUG block.SCMBlockDeletingService (DatanodeDeletedBlockTransactions.java:addTransactionToDN(50)) - Transaction added: f89ecde1-abfa-4530-92e2-4a065b7725ea <- TX(36)
2021-08-15 14:03:31,374 [SCMBlockDeletingService#0] DEBUG block.SCMBlockDeletingService (DatanodeDeletedBlockTransactions.java:addTransactionToDN(50)) - Transaction added: c2c40a72-a699-49b1-b721-1997d9d2c71f <- TX(36)
2021-08-15 14:03:31,374 [SCMBlockDeletingService#0] DEBUG block.SCMBlockDeletingService (DatanodeDeletedBlockTransactions.java:addTransactionToDN(50)) - Transaction added: 0475d2c2-d46f-403e-95a5-8ff1a5c32338 <- TX(36)
2021-08-15 14:03:31,374 [SCMBlockDeletingService#0] DEBUG block.SCMBlockDeletingService (DatanodeDeletedBlockTransactions.java:addTransactionToDN(50)) - Transaction added: c2c40a72-a699-49b1-b721-1997d9d2c71f <- TX(37)
2021-08-15 14:03:31,374 [SCMBlockDeletingService#0] DEBUG block.SCMBlockDeletingService (DatanodeDeletedBlockTransactions.java:addTransactionToDN(50)) - Transaction added: f89ecde1-abfa-4530-92e2-4a065b7725ea <- TX(37)
2021-08-15 14:03:31,374 [SCMBlockDeletingService#0] DEBUG block.SCMBlockDeletingService (DatanodeDeletedBlockTransactions.java:addTransactionToDN(50)) - Transaction added: 0475d2c2-d46f-403e-95a5-8ff1a5c32338 <- TX(37)
2021-08-15 14:03:31,374 [SCMBlockDeletingService#0] DEBUG block.SCMBlockDeletingService (DatanodeDeletedBlockTransactions.java:addTransactionToDN(50)) - Transaction added: c2c40a72-a699-49b1-b721-1997d9d2c71f <- TX(38)
2021-08-15 14:03:31,374 [SCMBlockDeletingService#0] DEBUG block.SCMBlockDeletingService (DatanodeDeletedBlockTransactions.java:addTransactionToDN(50)) - Transaction added: f89ecde1-abfa-4530-92e2-4a065b7725ea <- TX(38)
2021-08-15 14:03:31,374 [SCMBlockDeletingService#0] DEBUG block.SCMBlockDeletingService (DatanodeDeletedBlockTransactions.java:addTransactionToDN(50)) - Transaction added: 0475d2c2-d46f-403e-95a5-8ff1a5c32338 <- TX(38)
2021-08-15 14:03:31,374 [SCMBlockDeletingService#0] DEBUG block.SCMBlockDeletingService (DatanodeDeletedBlockTransactions.java:addTransactionToDN(50)) - Transaction added: f89ecde1-abfa-4530-92e2-4a065b7725ea <- TX(39)
2021-08-15 14:03:31,374 [SCMBlockDeletingService#0] DEBUG block.SCMBlockDeletingService (DatanodeDeletedBlockTransactions.java:addTransactionToDN(50)) - Transaction added: 0475d2c2-d46f-403e-95a5-8ff1a5c32338 <- TX(39)
2021-08-15 14:03:31,374 [SCMBlockDeletingService#0] DEBUG block.SCMBlockDeletingService (DatanodeDeletedBlockTransactions.java:addTransactionToDN(50)) - Transaction added: c2c40a72-a699-49b1-b721-1997d9d2c71f <- TX(39)
2021-08-15 14:03:31,374 [SCMBlockDeletingService#0] DEBUG block.SCMBlockDeletingService (DatanodeDeletedBlockTransactions.java:addTransactionToDN(50)) - Transaction added: 0475d2c2-d46f-403e-95a5-8ff1a5c32338 <- TX(40)
2021-08-15 14:03:31,374 [SCMBlockDeletingService#0] DEBUG block.SCMBlockDeletingService (DatanodeDeletedBlockTransactions.java:addTransactionToDN(50)) - Transaction added: f89ecde1-abfa-4530-92e2-4a065b7725ea <- TX(40)
2021-08-15 14:03:31,374 [SCMBlockDeletingService#0] DEBUG block.SCMBlockDeletingService (DatanodeDeletedBlockTransactions.java:addTransactionToDN(50)) - Transaction added: c2c40a72-a699-49b1-b721-1997d9d2c71f <- TX(40)
2021-08-15 14:03:31,374 [SCMBlockDeletingService#0] DEBUG block.SCMBlockDeletingService (DatanodeDeletedBlockTransactions.java:addTransactionToDN(50)) - Transaction added: 0475d2c2-d46f-403e-95a5-8ff1a5c32338 <- TX(41)
2021-08-15 14:03:31,374 [SCMBlockDeletingService#0] DEBUG block.SCMBlockDeletingService (DatanodeDeletedBlockTransactions.java:addTransactionToDN(50)) - Transaction added: c2c40a72-a699-49b1-b721-1997d9d2c71f <- TX(41)
2021-08-15 14:03:31,374 [SCMBlockDeletingService#0] DEBUG block.SCMBlockDeletingService (DatanodeDeletedBlockTransactions.java:addTransactionToDN(50)) - Transaction added: f89ecde1-abfa-4530-92e2-4a065b7725ea <- TX(41)
2021-08-15 14:03:31,374 [SCMBlockDeletingService#0] DEBUG block.SCMBlockDeletingService (DatanodeDeletedBlockTransactions.java:addTransactionToDN(50)) - Transaction added: 0475d2c2-d46f-403e-95a5-8ff1a5c32338 <- TX(42)
2021-08-15 14:03:31,374 [SCMBlockDeletingService#0] DEBUG block.SCMBlockDeletingService (DatanodeDeletedBlockTransactions.java:addTransactionToDN(50)) - Transaction added: c2c40a72-a699-49b1-b721-1997d9d2c71f <- TX(42)
2021-08-15 14:03:31,374 [SCMBlockDeletingService#0] DEBUG block.SCMBlockDeletingService (DatanodeDeletedBlockTransactions.java:addTransactionToDN(50)) - Transaction added: f89ecde1-abfa-4530-92e2-4a065b7725ea <- TX(42)
2021-08-15 14:03:31,375 [SCMBlockDeletingService#0] DEBUG block.SCMBlockDeletingService (DatanodeDeletedBlockTransactions.java:addTransactionToDN(50)) - Transaction added: 0475d2c2-d46f-403e-95a5-8ff1a5c32338 <- TX(43)
2021-08-15 14:03:31,375 [SCMBlockDeletingService#0] DEBUG block.SCMBlockDeletingService (DatanodeDeletedBlockTransactions.java:addTransactionToDN(50)) - Transaction added: c2c40a72-a699-49b1-b721-1997d9d2c71f <- TX(43)
2021-08-15 14:03:31,375 [SCMBlockDeletingService#0] DEBUG block.SCMBlockDeletingService (DatanodeDeletedBlockTransactions.java:addTransactionToDN(50)) - Transaction added: f89ecde1-abfa-4530-92e2-4a065b7725ea <- TX(43)
2021-08-15 14:03:31,375 [SCMBlockDeletingService#0] DEBUG block.SCMBlockDeletingService (DatanodeDeletedBlockTransactions.java:addTransactionToDN(50)) - Transaction added: f89ecde1-abfa-4530-92e2-4a065b7725ea <- TX(44)
2021-08-15 14:03:31,375 [SCMBlockDeletingService#0] DEBUG block.SCMBlockDeletingService (DatanodeDeletedBlockTransactions.java:addTransactionToDN(50)) - Transaction added: c2c40a72-a699-49b1-b721-1997d9d2c71f <- TX(44)
2021-08-15 14:03:31,375 [SCMBlockDeletingService#0] DEBUG block.SCMBlockDeletingService (DatanodeDeletedBlockTransactions.java:addTransactionToDN(50)) - Transaction added: 0475d2c2-d46f-403e-95a5-8ff1a5c32338 <- TX(44)
2021-08-15 14:03:31,375 [SCMBlockDeletingService#0] DEBUG block.SCMBlockDeletingService (DatanodeDeletedBlockTransactions.java:addTransactionToDN(50)) - Transaction added: c2c40a72-a699-49b1-b721-1997d9d2c71f <- TX(45)
2021-08-15 14:03:31,375 [SCMBlockDeletingService#0] DEBUG block.SCMBlockDeletingService (DatanodeDeletedBlockTransactions.java:addTransactionToDN(50)) - Transaction added: f89ecde1-abfa-4530-92e2-4a065b7725ea <- TX(45)
2021-08-15 14:03:31,375 [SCMBlockDeletingService#0] DEBUG block.SCMBlockDeletingService (DatanodeDeletedBlockTransactions.java:addTransactionToDN(50)) - Transaction added: 0475d2c2-d46f-403e-95a5-8ff1a5c32338 <- TX(45)
2021-08-15 14:03:31,375 [SCMBlockDeletingService#0] DEBUG block.SCMBlockDeletingService (DatanodeDeletedBlockTransactions.java:addTransactionToDN(50)) - Transaction added: f89ecde1-abfa-4530-92e2-4a065b7725ea <- TX(46)
2021-08-15 14:03:31,375 [SCMBlockDeletingService#0] DEBUG block.SCMBlockDeletingService (DatanodeDeletedBlockTransactions.java:addTransactionToDN(50)) - Transaction added: 0475d2c2-d46f-403e-95a5-8ff1a5c32338 <- TX(46)
2021-08-15 14:03:31,375 [SCMBlockDeletingService#0] DEBUG block.SCMBlockDeletingService (DatanodeDeletedBlockTransactions.java:addTransactionToDN(50)) - Transaction added: c2c40a72-a699-49b1-b721-1997d9d2c71f <- TX(46)
2021-08-15 14:03:31,375 [SCMBlockDeletingService#0] DEBUG block.SCMBlockDeletingService (DatanodeDeletedBlockTransactions.java:addTransactionToDN(50)) - Transaction added: c2c40a72-a699-49b1-b721-1997d9d2c71f <- TX(47)
2021-08-15 14:03:31,375 [SCMBlockDeletingService#0] DEBUG block.SCMBlockDeletingService (DatanodeDeletedBlockTransactions.java:addTransactionToDN(50)) - Transaction added: f89ecde1-abfa-4530-92e2-4a065b7725ea <- TX(47)
2021-08-15 14:03:31,375 [SCMBlockDeletingService#0] DEBUG block.SCMBlockDeletingService (DatanodeDeletedBlockTransactions.java:addTransactionToDN(50)) - Transaction added: 0475d2c2-d46f-403e-95a5-8ff1a5c32338 <- TX(47)
2021-08-15 14:03:31,375 [SCMBlockDeletingService#0] DEBUG block.SCMBlockDeletingService (DatanodeDeletedBlockTransactions.java:addTransactionToDN(50)) - Transaction added: 0475d2c2-d46f-403e-95a5-8ff1a5c32338 <- TX(48)
2021-08-15 14:03:31,375 [SCMBlockDeletingService#0] DEBUG block.SCMBlockDeletingService (DatanodeDeletedBlockTransactions.java:addTransactionToDN(50)) - Transaction added: f89ecde1-abfa-4530-92e2-4a065b7725ea <- TX(48)
2021-08-15 14:03:31,375 [SCMBlockDeletingService#0] DEBUG block.SCMBlockDeletingService (DatanodeDeletedBlockTransactions.java:addTransactionToDN(50)) - Transaction added: c2c40a72-a699-49b1-b721-1997d9d2c71f <- TX(48)
2021-08-15 14:03:31,375 [SCMBlockDeletingService#0] DEBUG block.SCMBlockDeletingService (DatanodeDeletedBlockTransactions.java:addTransactionToDN(50)) - Transaction added: 0475d2c2-d46f-403e-95a5-8ff1a5c32338 <- TX(49)
2021-08-15 14:03:31,375 [SCMBlockDeletingService#0] DEBUG block.SCMBlockDeletingService (DatanodeDeletedBlockTransactions.java:addTransactionToDN(50)) - Transaction added: c2c40a72-a699-49b1-b721-1997d9d2c71f <- TX(49)
2021-08-15 14:03:31,375 [SCMBlockDeletingService#0] DEBUG block.SCMBlockDeletingService (DatanodeDeletedBlockTransactions.java:addTransactionToDN(50)) - Transaction added: f89ecde1-abfa-4530-92e2-4a065b7725ea <- TX(49)
2021-08-15 14:03:31,375 [SCMBlockDeletingService#0] DEBUG block.SCMBlockDeletingService (DatanodeDeletedBlockTransactions.java:addTransactionToDN(50)) - Transaction added: 0475d2c2-d46f-403e-95a5-8ff1a5c32338 <- TX(50)
2021-08-15 14:03:31,375 [SCMBlockDeletingService#0] DEBUG block.SCMBlockDeletingService (DatanodeDeletedBlockTransactions.java:addTransactionToDN(50)) - Transaction added: c2c40a72-a699-49b1-b721-1997d9d2c71f <- TX(50)
2021-08-15 14:03:31,375 [SCMBlockDeletingService#0] DEBUG block.SCMBlockDeletingService (DatanodeDeletedBlockTransactions.java:addTransactionToDN(50)) - Transaction added: f89ecde1-abfa-4530-92e2-4a065b7725ea <- TX(50)
2021-08-15 14:03:31,375 [SCMBlockDeletingService#0] DEBUG block.SCMBlockDeletingService (DatanodeDeletedBlockTransactions.java:addTransactionToDN(50)) - Transaction added: 0475d2c2-d46f-403e-95a5-8ff1a5c32338 <- TX(51)
2021-08-15 14:03:31,375 [SCMBlockDeletingService#0] DEBUG block.SCMBlockDeletingService (DatanodeDeletedBlockTransactions.java:addTransactionToDN(50)) - Transaction added: c2c40a72-a699-49b1-b721-1997d9d2c71f <- TX(51)
2021-08-15 14:03:31,375 [SCMBlockDeletingService#0] DEBUG block.SCMBlockDeletingService (DatanodeDeletedBlockTransactions.java:addTransactionToDN(50)) - Transaction added: f89ecde1-abfa-4530-92e2-4a065b7725ea <- TX(51)
2021-08-15 14:03:31,375 [SCMBlockDeletingService#0] DEBUG block.SCMBlockDeletingService (DatanodeDeletedBlockTransactions.java:addTransactionToDN(50)) - Transaction added: f89ecde1-abfa-4530-92e2-4a065b7725ea <- TX(52)
2021-08-15 14:03:31,375 [SCMBlockDeletingService#0] DEBUG block.SCMBlockDeletingService (DatanodeDeletedBlockTransactions.java:addTransactionToDN(50)) - Transaction added: c2c40a72-a699-49b1-b721-1997d9d2c71f <- TX(52)
2021-08-15 14:03:31,375 [SCMBlockDeletingService#0] DEBUG block.SCMBlockDeletingService (DatanodeDeletedBlockTransactions.java:addTransactionToDN(50)) - Transaction added: 0475d2c2-d46f-403e-95a5-8ff1a5c32338 <- TX(52)
2021-08-15 14:03:31,375 [SCMBlockDeletingService#0] DEBUG block.SCMBlockDeletingService (DatanodeDeletedBlockTransactions.java:addTransactionToDN(50)) - Transaction added: c2c40a72-a699-49b1-b721-1997d9d2c71f <- TX(53)
2021-08-15 14:03:31,375 [SCMBlockDeletingService#0] DEBUG block.SCMBlockDeletingService (DatanodeDeletedBlockTransactions.java:addTransactionToDN(50)) - Transaction added: f89ecde1-abfa-4530-92e2-4a065b7725ea <- TX(53)
2021-08-15 14:03:31,375 [SCMBlockDeletingService#0] DEBUG block.SCMBlockDeletingService (DatanodeDeletedBlockTransactions.java:addTransactionToDN(50)) - Transaction added: 0475d2c2-d46f-403e-95a5-8ff1a5c32338 <- TX(53)
2021-08-15 14:03:31,375 [SCMBlockDeletingService#0] DEBUG block.SCMBlockDeletingService (DatanodeDeletedBlockTransactions.java:addTransactionToDN(50)) - Transaction added: c2c40a72-a699-49b1-b721-1997d9d2c71f <- TX(54)
2021-08-15 14:03:31,376 [SCMBlockDeletingService#0] DEBUG block.SCMBlockDeletingService (DatanodeDeletedBlockTransactions.java:addTransactionToDN(50)) - Transaction added: f89ecde1-abfa-4530-92e2-4a065b7725ea <- TX(54)
2021-08-15 14:03:31,376 [SCMBlockDeletingService#0] DEBUG block.SCMBlockDeletingService (DatanodeDeletedBlockTransactions.java:addTransactionToDN(50)) - Transaction added: 0475d2c2-d46f-403e-95a5-8ff1a5c32338 <- TX(54)
2021-08-15 14:03:31,376 [SCMBlockDeletingService#0] DEBUG block.SCMBlockDeletingService (DatanodeDeletedBlockTransactions.java:addTransactionToDN(50)) - Transaction added: f89ecde1-abfa-4530-92e2-4a065b7725ea <- TX(55)
2021-08-15 14:03:31,376 [SCMBlockDeletingService#0] DEBUG block.SCMBlockDeletingService (DatanodeDeletedBlockTransactions.java:addTransactionToDN(50)) - Transaction added: 0475d2c2-d46f-403e-95a5-8ff1a5c32338 <- TX(55)
2021-08-15 14:03:31,376 [SCMBlockDeletingService#0] DEBUG block.SCMBlockDeletingService (DatanodeDeletedBlockTransactions.java:addTransactionToDN(50)) - Transaction added: c2c40a72-a699-49b1-b721-1997d9d2c71f <- TX(55)
2021-08-15 14:03:31,376 [SCMBlockDeletingService#0] DEBUG block.SCMBlockDeletingService (DatanodeDeletedBlockTransactions.java:addTransactionToDN(50)) - Transaction added: 0475d2c2-d46f-403e-95a5-8ff1a5c32338 <- TX(56)
2021-08-15 14:03:31,376 [SCMBlockDeletingService#0] DEBUG block.SCMBlockDeletingService (DatanodeDeletedBlockTransactions.java:addTransactionToDN(50)) - Transaction added: f89ecde1-abfa-4530-92e2-4a065b7725ea <- TX(56)
2021-08-15 14:03:31,376 [SCMBlockDeletingService#0] DEBUG block.SCMBlockDeletingService (DatanodeDeletedBlockTransactions.java:addTransactionToDN(50)) - Transaction added: c2c40a72-a699-49b1-b721-1997d9d2c71f <- TX(56)
2021-08-15 14:03:31,376 [SCMBlockDeletingService#0] DEBUG block.SCMBlockDeletingService (SCMBlockDeletingService.java:call(164)) - Added delete block command for datanode c2c40a72-a699-49b1-b721-1997d9d2c71f in the queue, number of delete block transactions: 30
2021-08-15 14:03:31,376 [SCMBlockDeletingService#0] DEBUG block.SCMBlockDeletingService (SCMBlockDeletingService.java:call(164)) - Added delete block command for datanode 0475d2c2-d46f-403e-95a5-8ff1a5c32338 in the queue, number of delete block transactions: 29
2021-08-15 14:03:31,376 [SCMBlockDeletingService#0] DEBUG block.SCMBlockDeletingService (SCMBlockDeletingService.java:call(164)) - Added delete block command for datanode f89ecde1-abfa-4530-92e2-4a065b7725ea in the queue, number of delete block transactions: 40
2021-08-15 14:03:31,376 [SCMBlockDeletingService#0] INFO  block.SCMBlockDeletingService (SCMBlockDeletingService.java:call(174)) - Totally added 99 blocks to be deleted for 3 datanodes, task elapsed time: 3ms
2021-08-15 14:03:31,451 [org.apache.hadoop.ozone.container.common.statemachine.commandhandler.DeleteBlocksCommandHandler$DeleteCmdWorker@4162775a] INFO  commandhandler.DeleteBlocksCommandHandler (DeleteBlocksCommandHandler.java:processCmd(261)) - Start to delete container blocks, TXIDs=[1(0),2(0),3(0),4(0),5(0),6(0),7(0),8(0),9(0),10(0),11(0),12(0),13(0),14(0),15(0),16(0),17(0),18(0)], numOfContainers=18, numOfBlocks=18
2021-08-15 14:03:31,454 [org.apache.hadoop.ozone.container.common.statemachine.commandhandler.DeleteBlocksCommandHandler$DeleteCmdWorker@4162775a] INFO  commandhandler.DeleteBlocksCommandHandler (DeleteBlocksCommandHandler.java:processCmd(261)) - Start to delete container blocks, TXIDs=[1(0),2(0),3(0),4(0),5(0),6(0),7(0),8(0),9(0),10(0),11(0),12(0),13(0),14(0),15(0),16(0),17(0),18(0),19(0),20(0)], numOfContainers=20, numOfBlocks=20
2021-08-15 14:03:31,454 [org.apache.hadoop.ozone.container.common.statemachine.commandhandler.DeleteBlocksCommandHandler$DeleteCmdWorker@4162775a] INFO  commandhandler.DeleteBlocksCommandHandler (DeleteBlocksCommandHandler.java:processCmd(261)) - Start to delete container blocks, TXIDs=[1(0),2(0),3(0),4(0),5(0),6(0),7(0),8(0),9(0),10(0),11(0),12(0),13(0),14(0),15(0),16(0),17(0),18(0),19(0),20(0),21(0),22(0)], numOfContainers=22, numOfBlocks=22
2021-08-15 14:03:31,454 [org.apache.hadoop.ozone.container.common.statemachine.commandhandler.DeleteBlocksCommandHandler$DeleteCmdWorker@4162775a] INFO  commandhandler.DeleteBlocksCommandHandler (DeleteBlocksCommandHandler.java:processCmd(261)) - Start to delete container blocks, TXIDs=[1(0),2(0),3(0),4(0),5(0),6(0),7(0),8(0),9(0),10(0),11(0),12(0),13(0),14(0),15(0),16(0),17(0),18(0),19(0),20(0),21(0),22(0),23(0)], numOfContainers=23, numOfBlocks=23
2021-08-15 14:03:31,454 [org.apache.hadoop.ozone.container.common.statemachine.commandhandler.DeleteBlocksCommandHandler$DeleteCmdWorker@4162775a] INFO  commandhandler.DeleteBlocksCommandHandler (DeleteBlocksCommandHandler.java:processCmd(261)) - Start to delete container blocks, TXIDs=[1(0),2(0),3(0),4(0),5(0),6(0),7(0),8(0),9(0),10(0),11(0),12(0),13(0),14(0),15(0),16(0),17(0),18(0),19(0),20(0),21(0),22(0),23(0)], numOfContainers=23, numOfBlocks=23
2021-08-15 14:03:31,454 [org.apache.hadoop.ozone.container.common.statemachine.commandhandler.DeleteBlocksCommandHandler$DeleteCmdWorker@4162775a] INFO  commandhandler.DeleteBlocksCommandHandler (DeleteBlocksCommandHandler.java:processCmd(261)) - Start to delete container blocks, TXIDs=[17(0),18(0),19(0),20(0),21(0),22(0),23(0),24(0),25(0)], numOfContainers=9, numOfBlocks=9
2021-08-15 14:03:31,454 [org.apache.hadoop.ozone.container.common.statemachine.commandhandler.DeleteBlocksCommandHandler$DeleteCmdWorker@4162775a] INFO  commandhandler.DeleteBlocksCommandHandler (DeleteBlocksCommandHandler.java:processCmd(261)) - Start to delete container blocks, TXIDs=[17(0),18(0),19(0),20(0),21(0),22(0),23(0),24(0),25(0),26(0)], numOfContainers=10, numOfBlocks=10
2021-08-15 14:03:31,455 [org.apache.hadoop.ozone.container.common.statemachine.commandhandler.DeleteBlocksCommandHandler$DeleteCmdWorker@4162775a] INFO  commandhandler.DeleteBlocksCommandHandler (DeleteBlocksCommandHandler.java:processCmd(261)) - Start to delete container blocks, TXIDs=[17(0),18(0),19(0),20(0),21(0),22(0),23(0),24(0),25(0),26(0)], numOfContainers=10, numOfBlocks=10
2021-08-15 14:03:31,455 [org.apache.hadoop.ozone.container.common.statemachine.commandhandler.DeleteBlocksCommandHandler$DeleteCmdWorker@4162775a] INFO  commandhandler.DeleteBlocksCommandHandler (DeleteBlocksCommandHandler.java:processCmd(261)) - Start to delete container blocks, TXIDs=[17(0),18(0),19(0),20(0),21(0),22(0),23(0),24(0),25(0),26(0),27(0)], numOfContainers=11, numOfBlocks=11
2021-08-15 14:03:31,455 [org.apache.hadoop.ozone.container.common.statemachine.commandhandler.DeleteBlocksCommandHandler$DeleteCmdWorker@4162775a] INFO  commandhandler.DeleteBlocksCommandHandler (DeleteBlocksCommandHandler.java:processCmd(261)) - Start to delete container blocks, TXIDs=[17(0),18(0),19(0),20(0),21(0),22(0),23(0),24(0),25(0),26(0),27(0)], numOfContainers=11, numOfBlocks=11
2021-08-15 14:03:31,455 [org.apache.hadoop.ozone.container.common.statemachine.commandhandler.DeleteBlocksCommandHandler$DeleteCmdWorker@4162775a] INFO  commandhandler.DeleteBlocksCommandHandler (DeleteBlocksCommandHandler.java:processCmd(261)) - Start to delete container blocks, TXIDs=[17(0),18(0),19(0),20(0),21(0),22(0),23(0),24(0),25(0),26(0),27(0),28(0),29(0),30(0),31(0),32(0),33(0),34(0),35(0),36(0),37(0),38(0),39(0),40(0),41(0),42(0),43(0),44(0),45(0),46(0),47(0),48(0),49(0),50(0),51(0),52(0),53(0),54(0),55(0),56(0)], numOfContainers=40, numOfBlocks=40
2021-08-15 14:03:31,456 [org.apache.hadoop.ozone.container.common.statemachine.commandhandler.DeleteBlocksCommandHandler$DeleteCmdWorker@4162775a] INFO  commandhandler.DeleteBlocksCommandHandler (DeleteBlocksCommandHandler.java:processCmd(261)) - Start to delete container blocks, TXIDs=[17(0),18(0),19(0),20(0),21(0),22(0),23(0),24(0),25(0),26(0),27(0),28(0),29(0),30(0),31(0),32(0),33(0),34(0),35(0),36(0),37(0),38(0),39(0),40(0),41(0),42(0),43(0),44(0),45(0),46(0),47(0),48(0),49(0),50(0),51(0),52(0),53(0),54(0),55(0),56(0)], numOfContainers=40, numOfBlocks=40
2021-08-15 14:03:31,474 [SCMBlockDeletingService#0] DEBUG block.SCMBlockDeletingService (SCMBlockDeletingService.java:call(133)) - Running DeletedBlockTransactionScanner
2021-08-15 14:03:31,481 [SCMBlockDeletingService#0] DEBUG block.SCMBlockDeletingService (DatanodeDeletedBlockTransactions.java:addTransactionToDN(50)) - Transaction added: f89ecde1-abfa-4530-92e2-4a065b7725ea <- TX(17)
2021-08-15 14:03:31,481 [SCMBlockDeletingService#0] DEBUG block.SCMBlockDeletingService (DatanodeDeletedBlockTransactions.java:addTransactionToDN(50)) - Transaction added: f89ecde1-abfa-4530-92e2-4a065b7725ea <- TX(18)
2021-08-15 14:03:31,481 [SCMBlockDeletingService#0] DEBUG block.SCMBlockDeletingService (DatanodeDeletedBlockTransactions.java:addTransactionToDN(50)) - Transaction added: f89ecde1-abfa-4530-92e2-4a065b7725ea <- TX(19)
2021-08-15 14:03:31,481 [SCMBlockDeletingService#0] DEBUG block.SCMBlockDeletingService (DatanodeDeletedBlockTransactions.java:addTransactionToDN(50)) - Transaction added: f89ecde1-abfa-4530-92e2-4a065b7725ea <- TX(20)
2021-08-15 14:03:31,481 [SCMBlockDeletingService#0] DEBUG block.SCMBlockDeletingService (DatanodeDeletedBlockTransactions.java:addTransactionToDN(50)) - Transaction added: f89ecde1-abfa-4530-92e2-4a065b7725ea <- TX(21)
2021-08-15 14:03:31,481 [SCMBlockDeletingService#0] DEBUG block.SCMBlockDeletingService (DatanodeDeletedBlockTransactions.java:addTransactionToDN(50)) - Transaction added: f89ecde1-abfa-4530-92e2-4a065b7725ea <- TX(22)
2021-08-15 14:03:31,481 [SCMBlockDeletingService#0] DEBUG block.SCMBlockDeletingService (DatanodeDeletedBlockTransactions.java:addTransactionToDN(50)) - Transaction added: f89ecde1-abfa-4530-92e2-4a065b7725ea <- TX(23)
2021-08-15 14:03:31,481 [SCMBlockDeletingService#0] DEBUG block.SCMBlockDeletingService (DatanodeDeletedBlockTransactions.java:addTransactionToDN(50)) - Transaction added: f89ecde1-abfa-4530-92e2-4a065b7725ea <- TX(24)
2021-08-15 14:03:31,481 [SCMBlockDeletingService#0] DEBUG block.SCMBlockDeletingService (DatanodeDeletedBlockTransactions.java:addTransactionToDN(50)) - Transaction added: f89ecde1-abfa-4530-92e2-4a065b7725ea <- TX(25)
2021-08-15 14:03:31,481 [SCMBlockDeletingService#0] DEBUG block.SCMBlockDeletingService (DatanodeDeletedBlockTransactions.java:addTransactionToDN(50)) - Transaction added: f89ecde1-abfa-4530-92e2-4a065b7725ea <- TX(26)
2021-08-15 14:03:31,481 [SCMBlockDeletingService#0] DEBUG block.SCMBlockDeletingService (DatanodeDeletedBlockTransactions.java:addTransactionToDN(50)) - Transaction added: c2c40a72-a699-49b1-b721-1997d9d2c71f <- TX(27)
2021-08-15 14:03:31,481 [SCMBlockDeletingService#0] DEBUG block.SCMBlockDeletingService (DatanodeDeletedBlockTransactions.java:addTransactionToDN(50)) - Transaction added: f89ecde1-abfa-4530-92e2-4a065b7725ea <- TX(27)
2021-08-15 14:03:31,481 [SCMBlockDeletingService#0] DEBUG block.SCMBlockDeletingService (DatanodeDeletedBlockTransactions.java:addTransactionToDN(50)) - Transaction added: f89ecde1-abfa-4530-92e2-4a065b7725ea <- TX(28)
2021-08-15 14:03:31,481 [SCMBlockDeletingService#0] DEBUG block.SCMBlockDeletingService (DatanodeDeletedBlockTransactions.java:addTransactionToDN(50)) - Transaction added: c2c40a72-a699-49b1-b721-1997d9d2c71f <- TX(28)
2021-08-15 14:03:31,481 [SCMBlockDeletingService#0] DEBUG block.SCMBlockDeletingService (DatanodeDeletedBlockTransactions.java:addTransactionToDN(50)) - Transaction added: 0475d2c2-d46f-403e-95a5-8ff1a5c32338 <- TX(28)
2021-08-15 14:03:31,481 [SCMBlockDeletingService#0] DEBUG block.SCMBlockDeletingService (DatanodeDeletedBlockTransactions.java:addTransactionToDN(50)) - Transaction added: c2c40a72-a699-49b1-b721-1997d9d2c71f <- TX(29)
2021-08-15 14:03:31,481 [SCMBlockDeletingService#0] DEBUG block.SCMBlockDeletingService (DatanodeDeletedBlockTransactions.java:addTransactionToDN(50)) - Transaction added: f89ecde1-abfa-4530-92e2-4a065b7725ea <- TX(29)
2021-08-15 14:03:31,481 [SCMBlockDeletingService#0] DEBUG block.SCMBlockDeletingService (DatanodeDeletedBlockTransactions.java:addTransactionToDN(50)) - Transaction added: 0475d2c2-d46f-403e-95a5-8ff1a5c32338 <- TX(29)
2021-08-15 14:03:31,481 [SCMBlockDeletingService#0] DEBUG block.SCMBlockDeletingService (DatanodeDeletedBlockTransactions.java:addTransactionToDN(50)) - Transaction added: f89ecde1-abfa-4530-92e2-4a065b7725ea <- TX(30)
2021-08-15 14:03:31,481 [SCMBlockDeletingService#0] DEBUG block.SCMBlockDeletingService (DatanodeDeletedBlockTransactions.java:addTransactionToDN(50)) - Transaction added: 0475d2c2-d46f-403e-95a5-8ff1a5c32338 <- TX(30)
2021-08-15 14:03:31,481 [SCMBlockDeletingService#0] DEBUG block.SCMBlockDeletingService (DatanodeDeletedBlockTransactions.java:addTransactionToDN(50)) - Transaction added: c2c40a72-a699-49b1-b721-1997d9d2c71f <- TX(30)
2021-08-15 14:03:31,481 [SCMBlockDeletingService#0] DEBUG block.SCMBlockDeletingService (DatanodeDeletedBlockTransactions.java:addTransactionToDN(50)) - Transaction added: c2c40a72-a699-49b1-b721-1997d9d2c71f <- TX(31)
2021-08-15 14:03:31,481 [SCMBlockDeletingService#0] DEBUG block.SCMBlockDeletingService (DatanodeDeletedBlockTransactions.java:addTransactionToDN(50)) - Transaction added: f89ecde1-abfa-4530-92e2-4a065b7725ea <- TX(31)
2021-08-15 14:03:31,481 [SCMBlockDeletingService#0] DEBUG block.SCMBlockDeletingService (DatanodeDeletedBlockTransactions.java:addTransactionToDN(50)) - Transaction added: 0475d2c2-d46f-403e-95a5-8ff1a5c32338 <- TX(31)
2021-08-15 14:03:31,481 [SCMBlockDeletingService#0] DEBUG block.SCMBlockDeletingService (DatanodeDeletedBlockTransactions.java:addTransactionToDN(50)) - Transaction added: 0475d2c2-d46f-403e-95a5-8ff1a5c32338 <- TX(32)
2021-08-15 14:03:31,481 [SCMBlockDeletingService#0] DEBUG block.SCMBlockDeletingService (DatanodeDeletedBlockTransactions.java:addTransactionToDN(50)) - Transaction added: f89ecde1-abfa-4530-92e2-4a065b7725ea <- TX(32)
2021-08-15 14:03:31,481 [SCMBlockDeletingService#0] DEBUG block.SCMBlockDeletingService (DatanodeDeletedBlockTransactions.java:addTransactionToDN(50)) - Transaction added: c2c40a72-a699-49b1-b721-1997d9d2c71f <- TX(32)
2021-08-15 14:03:31,482 [SCMBlockDeletingService#0] DEBUG block.SCMBlockDeletingService (DatanodeDeletedBlockTransactions.java:addTransactionToDN(50)) - Transaction added: 0475d2c2-d46f-403e-95a5-8ff1a5c32338 <- TX(33)
2021-08-15 14:03:31,482 [SCMBlockDeletingService#0] DEBUG block.SCMBlockDeletingService (DatanodeDeletedBlockTransactions.java:addTransactionToDN(50)) - Transaction added: c2c40a72-a699-49b1-b721-1997d9d2c71f <- TX(33)
2021-08-15 14:03:31,482 [SCMBlockDeletingService#0] DEBUG block.SCMBlockDeletingService (DatanodeDeletedBlockTransactions.java:addTransactionToDN(50)) - Transaction added: f89ecde1-abfa-4530-92e2-4a065b7725ea <- TX(33)
2021-08-15 14:03:31,482 [SCMBlockDeletingService#0] DEBUG block.SCMBlockDeletingService (DatanodeDeletedBlockTransactions.java:addTransactionToDN(50)) - Transaction added: 0475d2c2-d46f-403e-95a5-8ff1a5c32338 <- TX(34)
2021-08-15 14:03:31,482 [SCMBlockDeletingService#0] DEBUG block.SCMBlockDeletingService (DatanodeDeletedBlockTransactions.java:addTransactionToDN(50)) - Transaction added: c2c40a72-a699-49b1-b721-1997d9d2c71f <- TX(34)
2021-08-15 14:03:31,482 [SCMBlockDeletingService#0] DEBUG block.SCMBlockDeletingService (DatanodeDeletedBlockTransactions.java:addTransactionToDN(50)) - Transaction added: f89ecde1-abfa-4530-92e2-4a065b7725ea <- TX(34)
2021-08-15 14:03:31,482 [SCMBlockDeletingService#0] DEBUG block.SCMBlockDeletingService (DatanodeDeletedBlockTransactions.java:addTransactionToDN(50)) - Transaction added: 0475d2c2-d46f-403e-95a5-8ff1a5c32338 <- TX(35)
2021-08-15 14:03:31,482 [SCMBlockDeletingService#0] DEBUG block.SCMBlockDeletingService (DatanodeDeletedBlockTransactions.java:addTransactionToDN(50)) - Transaction added: c2c40a72-a699-49b1-b721-1997d9d2c71f <- TX(35)
2021-08-15 14:03:31,482 [SCMBlockDeletingService#0] DEBUG block.SCMBlockDeletingService (DatanodeDeletedBlockTransactions.java:addTransactionToDN(50)) - Transaction added: f89ecde1-abfa-4530-92e2-4a065b7725ea <- TX(35)
2021-08-15 14:03:31,482 [SCMBlockDeletingService#0] DEBUG block.SCMBlockDeletingService (DatanodeDeletedBlockTransactions.java:addTransactionToDN(50)) - Transaction added: f89ecde1-abfa-4530-92e2-4a065b7725ea <- TX(36)
2021-08-15 14:03:31,482 [SCMBlockDeletingService#0] DEBUG block.SCMBlockDeletingService (DatanodeDeletedBlockTransactions.java:addTransactionToDN(50)) - Transaction added: c2c40a72-a699-49b1-b721-1997d9d2c71f <- TX(36)
2021-08-15 14:03:31,482 [SCMBlockDeletingService#0] DEBUG block.SCMBlockDeletingService (DatanodeDeletedBlockTransactions.java:addTransactionToDN(50)) - Transaction added: 0475d2c2-d46f-403e-95a5-8ff1a5c32338 <- TX(36)
2021-08-15 14:03:31,482 [SCMBlockDeletingService#0] DEBUG block.SCMBlockDeletingService (DatanodeDeletedBlockTransactions.java:addTransactionToDN(50)) - Transaction added: c2c40a72-a699-49b1-b721-1997d9d2c71f <- TX(37)
2021-08-15 14:03:31,482 [SCMBlockDeletingService#0] DEBUG block.SCMBlockDeletingService (DatanodeDeletedBlockTransactions.java:addTransactionToDN(50)) - Transaction added: f89ecde1-abfa-4530-92e2-4a065b7725ea <- TX(37)
2021-08-15 14:03:31,482 [SCMBlockDeletingService#0] DEBUG block.SCMBlockDeletingService (DatanodeDeletedBlockTransactions.java:addTransactionToDN(50)) - Transaction added: 0475d2c2-d46f-403e-95a5-8ff1a5c32338 <- TX(37)
2021-08-15 14:03:31,482 [SCMBlockDeletingService#0] DEBUG block.SCMBlockDeletingService (DatanodeDeletedBlockTransactions.java:addTransactionToDN(50)) - Transaction added: c2c40a72-a699-49b1-b721-1997d9d2c71f <- TX(38)
2021-08-15 14:03:31,482 [SCMBlockDeletingService#0] DEBUG block.SCMBlockDeletingService (DatanodeDeletedBlockTransactions.java:addTransactionToDN(50)) - Transaction added: f89ecde1-abfa-4530-92e2-4a065b7725ea <- TX(38)
2021-08-15 14:03:31,482 [SCMBlockDeletingService#0] DEBUG block.SCMBlockDeletingService (DatanodeDeletedBlockTransactions.java:addTransactionToDN(50)) - Transaction added: 0475d2c2-d46f-403e-95a5-8ff1a5c32338 <- TX(38)
2021-08-15 14:03:31,482 [SCMBlockDeletingService#0] DEBUG block.SCMBlockDeletingService (DatanodeDeletedBlockTransactions.java:addTransactionToDN(50)) - Transaction added: f89ecde1-abfa-4530-92e2-4a065b7725ea <- TX(39)
2021-08-15 14:03:31,482 [SCMBlockDeletingService#0] DEBUG block.SCMBlockDeletingService (DatanodeDeletedBlockTransactions.java:addTransactionToDN(50)) - Transaction added: 0475d2c2-d46f-403e-95a5-8ff1a5c32338 <- TX(39)
2021-08-15 14:03:31,482 [SCMBlockDeletingService#0] DEBUG block.SCMBlockDeletingService (DatanodeDeletedBlockTransactions.java:addTransactionToDN(50)) - Transaction added: c2c40a72-a699-49b1-b721-1997d9d2c71f <- TX(39)
2021-08-15 14:03:31,482 [SCMBlockDeletingService#0] DEBUG block.SCMBlockDeletingService (DatanodeDeletedBlockTransactions.java:addTransactionToDN(50)) - Transaction added: 0475d2c2-d46f-403e-95a5-8ff1a5c32338 <- TX(40)
2021-08-15 14:03:31,482 [SCMBlockDeletingService#0] DEBUG block.SCMBlockDeletingService (DatanodeDeletedBlockTransactions.java:addTransactionToDN(50)) - Transaction added: f89ecde1-abfa-4530-92e2-4a065b7725ea <- TX(40)
2021-08-15 14:03:31,482 [SCMBlockDeletingService#0] DEBUG block.SCMBlockDeletingService (DatanodeDeletedBlockTransactions.java:addTransactionToDN(50)) - Transaction added: c2c40a72-a699-49b1-b721-1997d9d2c71f <- TX(40)
2021-08-15 14:03:31,482 [SCMBlockDeletingService#0] DEBUG block.SCMBlockDeletingService (DatanodeDeletedBlockTransactions.java:addTransactionToDN(50)) - Transaction added: 0475d2c2-d46f-403e-95a5-8ff1a5c32338 <- TX(41)
2021-08-15 14:03:31,482 [SCMBlockDeletingService#0] DEBUG block.SCMBlockDeletingService (DatanodeDeletedBlockTransactions.java:addTransactionToDN(50)) - Transaction added: c2c40a72-a699-49b1-b721-1997d9d2c71f <- TX(41)
2021-08-15 14:03:31,482 [SCMBlockDeletingService#0] DEBUG block.SCMBlockDeletingService (DatanodeDeletedBlockTransactions.java:addTransactionToDN(50)) - Transaction added: f89ecde1-abfa-4530-92e2-4a065b7725ea <- TX(41)
2021-08-15 14:03:31,482 [SCMBlockDeletingService#0] DEBUG block.SCMBlockDeletingService (DatanodeDeletedBlockTransactions.java:addTransactionToDN(50)) - Transaction added: 0475d2c2-d46f-403e-95a5-8ff1a5c32338 <- TX(42)
2021-08-15 14:03:31,482 [SCMBlockDeletingService#0] DEBUG block.SCMBlockDeletingService (DatanodeDeletedBlockTransactions.java:addTransactionToDN(50)) - Transaction added: c2c40a72-a699-49b1-b721-1997d9d2c71f <- TX(42)
2021-08-15 14:03:31,482 [SCMBlockDeletingService#0] DEBUG block.SCMBlockDeletingService (DatanodeDeletedBlockTransactions.java:addTransactionToDN(50)) - Transaction added: f89ecde1-abfa-4530-92e2-4a065b7725ea <- TX(42)
2021-08-15 14:03:31,482 [SCMBlockDeletingService#0] DEBUG block.SCMBlockDeletingService (DatanodeDeletedBlockTransactions.java:addTransactionToDN(50)) - Transaction added: 0475d2c2-d46f-403e-95a5-8ff1a5c32338 <- TX(43)
2021-08-15 14:03:31,482 [SCMBlockDeletingService#0] DEBUG block.SCMBlockDeletingService (DatanodeDeletedBlockTransactions.java:addTransactionToDN(50)) - Transaction added: c2c40a72-a699-49b1-b721-1997d9d2c71f <- TX(43)
2021-08-15 14:03:31,482 [SCMBlockDeletingService#0] DEBUG block.SCMBlockDeletingService (DatanodeDeletedBlockTransactions.java:addTransactionToDN(50)) - Transaction added: f89ecde1-abfa-4530-92e2-4a065b7725ea <- TX(43)
2021-08-15 14:03:31,482 [SCMBlockDeletingService#0] DEBUG block.SCMBlockDeletingService (DatanodeDeletedBlockTransactions.java:addTransactionToDN(50)) - Transaction added: f89ecde1-abfa-4530-92e2-4a065b7725ea <- TX(44)
2021-08-15 14:03:31,483 [SCMBlockDeletingService#0] DEBUG block.SCMBlockDeletingService (DatanodeDeletedBlockTransactions.java:addTransactionToDN(50)) - Transaction added: c2c40a72-a699-49b1-b721-1997d9d2c71f <- TX(44)
2021-08-15 14:03:31,483 [SCMBlockDeletingService#0] DEBUG block.SCMBlockDeletingService (DatanodeDeletedBlockTransactions.java:addTransactionToDN(50)) - Transaction added: 0475d2c2-d46f-403e-95a5-8ff1a5c32338 <- TX(44)
2021-08-15 14:03:31,483 [SCMBlockDeletingService#0] DEBUG block.SCMBlockDeletingService (DatanodeDeletedBlockTransactions.java:addTransactionToDN(50)) - Transaction added: c2c40a72-a699-49b1-b721-1997d9d2c71f <- TX(45)
2021-08-15 14:03:31,483 [SCMBlockDeletingService#0] DEBUG block.SCMBlockDeletingService (DatanodeDeletedBlockTransactions.java:addTransactionToDN(50)) - Transaction added: f89ecde1-abfa-4530-92e2-4a065b7725ea <- TX(45)
2021-08-15 14:03:31,483 [SCMBlockDeletingService#0] DEBUG block.SCMBlockDeletingService (DatanodeDeletedBlockTransactions.java:addTransactionToDN(50)) - Transaction added: 0475d2c2-d46f-403e-95a5-8ff1a5c32338 <- TX(45)
2021-08-15 14:03:31,483 [SCMBlockDeletingService#0] DEBUG block.SCMBlockDeletingService (DatanodeDeletedBlockTransactions.java:addTransactionToDN(50)) - Transaction added: f89ecde1-abfa-4530-92e2-4a065b7725ea <- TX(46)
2021-08-15 14:03:31,483 [SCMBlockDeletingService#0] DEBUG block.SCMBlockDeletingService (DatanodeDeletedBlockTransactions.java:addTransactionToDN(50)) - Transaction added: 0475d2c2-d46f-403e-95a5-8ff1a5c32338 <- TX(46)
2021-08-15 14:03:31,483 [SCMBlockDeletingService#0] DEBUG block.SCMBlockDeletingService (DatanodeDeletedBlockTransactions.java:addTransactionToDN(50)) - Transaction added: c2c40a72-a699-49b1-b721-1997d9d2c71f <- TX(46)
2021-08-15 14:03:31,483 [SCMBlockDeletingService#0] DEBUG block.SCMBlockDeletingService (DatanodeDeletedBlockTransactions.java:addTransactionToDN(50)) - Transaction added: c2c40a72-a699-49b1-b721-1997d9d2c71f <- TX(47)
2021-08-15 14:03:31,483 [SCMBlockDeletingService#0] DEBUG block.SCMBlockDeletingService (DatanodeDeletedBlockTransactions.java:addTransactionToDN(50)) - Transaction added: f89ecde1-abfa-4530-92e2-4a065b7725ea <- TX(47)
2021-08-15 14:03:31,483 [SCMBlockDeletingService#0] DEBUG block.SCMBlockDeletingService (DatanodeDeletedBlockTransactions.java:addTransactionToDN(50)) - Transaction added: 0475d2c2-d46f-403e-95a5-8ff1a5c32338 <- TX(47)
2021-08-15 14:03:31,483 [SCMBlockDeletingService#0] DEBUG block.SCMBlockDeletingService (DatanodeDeletedBlockTransactions.java:addTransactionToDN(50)) - Transaction added: 0475d2c2-d46f-403e-95a5-8ff1a5c32338 <- TX(48)
2021-08-15 14:03:31,483 [SCMBlockDeletingService#0] DEBUG block.SCMBlockDeletingService (DatanodeDeletedBlockTransactions.java:addTransactionToDN(50)) - Transaction added: f89ecde1-abfa-4530-92e2-4a065b7725ea <- TX(48)
2021-08-15 14:03:31,483 [SCMBlockDeletingService#0] DEBUG block.SCMBlockDeletingService (DatanodeDeletedBlockTransactions.java:addTransactionToDN(50)) - Transaction added: c2c40a72-a699-49b1-b721-1997d9d2c71f <- TX(48)
2021-08-15 14:03:31,483 [SCMBlockDeletingService#0] DEBUG block.SCMBlockDeletingService (DatanodeDeletedBlockTransactions.java:addTransactionToDN(50)) - Transaction added: 0475d2c2-d46f-403e-95a5-8ff1a5c32338 <- TX(49)
2021-08-15 14:03:31,483 [SCMBlockDeletingService#0] DEBUG block.SCMBlockDeletingService (DatanodeDeletedBlockTransactions.java:addTransactionToDN(50)) - Transaction added: c2c40a72-a699-49b1-b721-1997d9d2c71f <- TX(49)
2021-08-15 14:03:31,483 [SCMBlockDeletingService#0] DEBUG block.SCMBlockDeletingService (DatanodeDeletedBlockTransactions.java:addTransactionToDN(50)) - Transaction added: f89ecde1-abfa-4530-92e2-4a065b7725ea <- TX(49)
2021-08-15 14:03:31,483 [SCMBlockDeletingService#0] DEBUG block.SCMBlockDeletingService (DatanodeDeletedBlockTransactions.java:addTransactionToDN(50)) - Transaction added: 0475d2c2-d46f-403e-95a5-8ff1a5c32338 <- TX(50)
2021-08-15 14:03:31,483 [SCMBlockDeletingService#0] DEBUG block.SCMBlockDeletingService (DatanodeDeletedBlockTransactions.java:addTransactionToDN(50)) - Transaction added: c2c40a72-a699-49b1-b721-1997d9d2c71f <- TX(50)
2021-08-15 14:03:31,483 [SCMBlockDeletingService#0] DEBUG block.SCMBlockDeletingService (DatanodeDeletedBlockTransactions.java:addTransactionToDN(50)) - Transaction added: f89ecde1-abfa-4530-92e2-4a065b7725ea <- TX(50)
2021-08-15 14:03:31,483 [SCMBlockDeletingService#0] DEBUG block.SCMBlockDeletingService (DatanodeDeletedBlockTransactions.java:addTransactionToDN(50)) - Transaction added: 0475d2c2-d46f-403e-95a5-8ff1a5c32338 <- TX(51)
2021-08-15 14:03:31,483 [SCMBlockDeletingService#0] DEBUG block.SCMBlockDeletingService (DatanodeDeletedBlockTransactions.java:addTransactionToDN(50)) - Transaction added: c2c40a72-a699-49b1-b721-1997d9d2c71f <- TX(51)
2021-08-15 14:03:31,483 [SCMBlockDeletingService#0] DEBUG block.SCMBlockDeletingService (DatanodeDeletedBlockTransactions.java:addTransactionToDN(50)) - Transaction added: f89ecde1-abfa-4530-92e2-4a065b7725ea <- TX(51)
2021-08-15 14:03:31,483 [SCMBlockDeletingService#0] DEBUG block.SCMBlockDeletingService (DatanodeDeletedBlockTransactions.java:addTransactionToDN(50)) - Transaction added: f89ecde1-abfa-4530-92e2-4a065b7725ea <- TX(52)
2021-08-15 14:03:31,483 [SCMBlockDeletingService#0] DEBUG block.SCMBlockDeletingService (DatanodeDeletedBlockTransactions.java:addTransactionToDN(50)) - Transaction added: c2c40a72-a699-49b1-b721-1997d9d2c71f <- TX(52)
2021-08-15 14:03:31,483 [SCMBlockDeletingService#0] DEBUG block.SCMBlockDeletingService (DatanodeDeletedBlockTransactions.java:addTransactionToDN(50)) - Transaction added: 0475d2c2-d46f-403e-95a5-8ff1a5c32338 <- TX(52)
2021-08-15 14:03:31,483 [SCMBlockDeletingService#0] DEBUG block.SCMBlockDeletingService (DatanodeDeletedBlockTransactions.java:addTransactionToDN(50)) - Transaction added: c2c40a72-a699-49b1-b721-1997d9d2c71f <- TX(53)
2021-08-15 14:03:31,483 [SCMBlockDeletingService#0] DEBUG block.SCMBlockDeletingService (DatanodeDeletedBlockTransactions.java:addTransactionToDN(50)) - Transaction added: f89ecde1-abfa-4530-92e2-4a065b7725ea <- TX(53)
2021-08-15 14:03:31,483 [SCMBlockDeletingService#0] DEBUG block.SCMBlockDeletingService (DatanodeDeletedBlockTransactions.java:addTransactionToDN(50)) - Transaction added: 0475d2c2-d46f-403e-95a5-8ff1a5c32338 <- TX(53)
2021-08-15 14:03:31,483 [SCMBlockDeletingService#0] DEBUG block.SCMBlockDeletingService (DatanodeDeletedBlockTransactions.java:addTransactionToDN(50)) - Transaction added: c2c40a72-a699-49b1-b721-1997d9d2c71f <- TX(54)
2021-08-15 14:03:31,483 [SCMBlockDeletingService#0] DEBUG block.SCMBlockDeletingService (DatanodeDeletedBlockTransactions.java:addTransactionToDN(50)) - Transaction added: f89ecde1-abfa-4530-92e2-4a065b7725ea <- TX(54)
2021-08-15 14:03:31,483 [SCMBlockDeletingService#0] DEBUG block.SCMBlockDeletingService (DatanodeDeletedBlockTransactions.java:addTransactionToDN(50)) - Transaction added: 0475d2c2-d46f-403e-95a5-8ff1a5c32338 <- TX(54)
2021-08-15 14:03:31,483 [SCMBlockDeletingService#0] DEBUG block.SCMBlockDeletingService (DatanodeDeletedBlockTransactions.java:addTransactionToDN(50)) - Transaction added: f89ecde1-abfa-4530-92e2-4a065b7725ea <- TX(55)
2021-08-15 14:03:31,483 [SCMBlockDeletingService#0] DEBUG block.SCMBlockDeletingService (DatanodeDeletedBlockTransactions.java:addTransactionToDN(50)) - Transaction added: 0475d2c2-d46f-403e-95a5-8ff1a5c32338 <- TX(55)
2021-08-15 14:03:31,483 [SCMBlockDeletingService#0] DEBUG block.SCMBlockDeletingService (DatanodeDeletedBlockTransactions.java:addTransactionToDN(50)) - Transaction added: c2c40a72-a699-49b1-b721-1997d9d2c71f <- TX(55)
2021-08-15 14:03:31,484 [SCMBlockDeletingService#0] DEBUG block.SCMBlockDeletingService (DatanodeDeletedBlockTransactions.java:addTransactionToDN(50)) - Transaction added: 0475d2c2-d46f-403e-95a5-8ff1a5c32338 <- TX(56)
2021-08-15 14:03:31,484 [SCMBlockDeletingService#0] DEBUG block.SCMBlockDeletingService (DatanodeDeletedBlockTransactions.java:addTransactionToDN(50)) - Transaction added: f89ecde1-abfa-4530-92e2-4a065b7725ea <- TX(56)
2021-08-15 14:03:31,484 [SCMBlockDeletingService#0] DEBUG block.SCMBlockDeletingService (DatanodeDeletedBlockTransactions.java:addTransactionToDN(50)) - Transaction added: c2c40a72-a699-49b1-b721-1997d9d2c71f <- TX(56)
2021-08-15 14:03:31,484 [SCMBlockDeletingService#0] DEBUG block.SCMBlockDeletingService (SCMBlockDeletingService.java:call(164)) - Added delete block command for datanode c2c40a72-a699-49b1-b721-1997d9d2c71f in the queue, number of delete block transactions: 30
2021-08-15 14:03:31,484 [SCMBlockDeletingService#0] DEBUG block.SCMBlockDeletingService (SCMBlockDeletingService.java:call(164)) - Added delete block command for datanode 0475d2c2-d46f-403e-95a5-8ff1a5c32338 in the queue, number of delete block transactions: 29
2021-08-15 14:03:31,484 [SCMBlockDeletingService#0] DEBUG block.SCMBlockDeletingService (SCMBlockDeletingService.java:call(164)) - Added delete block command for datanode f89ecde1-abfa-4530-92e2-4a065b7725ea in the queue, number of delete block transactions: 40
2021-08-15 14:03:31,484 [SCMBlockDeletingService#0] INFO  block.SCMBlockDeletingService (SCMBlockDeletingService.java:call(174)) - Totally added 99 blocks to be deleted for 3 datanodes, task elapsed time: 9ms
2021-08-15 14:03:31,549 [EventQueue-DeleteBlockStatusForDeletedBlockLogImpl] DEBUG block.DeletedBlockLogImpl (DeletedBlockLogImpl.java:isTransactionFailed(278)) - Got block deletion ACK from datanode, TXIDs=17, success=true
2021-08-15 14:03:31,560 [EventQueue-DeleteBlockStatusForDeletedBlockLogImpl] DEBUG block.DeletedBlockLogImpl (DeletedBlockLogImpl.java:commitTransactions(250)) - Purging txId=17 from block deletion log
2021-08-15 14:03:31,560 [EventQueue-DeleteBlockStatusForDeletedBlockLogImpl] DEBUG block.DeletedBlockLogImpl (DeletedBlockLogImpl.java:commitTransactions(256)) - Datanode txId=17 containerId=#17 committed by dnId=f89ecde1-abfa-4530-92e2-4a065b7725ea
2021-08-15 14:03:31,560 [EventQueue-DeleteBlockStatusForDeletedBlockLogImpl] DEBUG block.DeletedBlockLogImpl (DeletedBlockLogImpl.java:isTransactionFailed(278)) - Got block deletion ACK from datanode, TXIDs=18, success=true
2021-08-15 14:03:31,561 [EventQueue-DeleteBlockStatusForDeletedBlockLogImpl] DEBUG block.DeletedBlockLogImpl (DeletedBlockLogImpl.java:commitTransactions(250)) - Purging txId=18 from block deletion log
2021-08-15 14:03:31,561 [EventQueue-DeleteBlockStatusForDeletedBlockLogImpl] DEBUG block.DeletedBlockLogImpl (DeletedBlockLogImpl.java:commitTransactions(256)) - Datanode txId=18 containerId=#18 committed by dnId=f89ecde1-abfa-4530-92e2-4a065b7725ea
2021-08-15 14:03:31,561 [EventQueue-DeleteBlockStatusForDeletedBlockLogImpl] DEBUG block.DeletedBlockLogImpl (DeletedBlockLogImpl.java:isTransactionFailed(278)) - Got block deletion ACK from datanode, TXIDs=19, success=true
2021-08-15 14:03:31,561 [EventQueue-DeleteBlockStatusForDeletedBlockLogImpl] DEBUG block.DeletedBlockLogImpl (DeletedBlockLogImpl.java:commitTransactions(250)) - Purging txId=19 from block deletion log
2021-08-15 14:03:31,561 [EventQueue-DeleteBlockStatusForDeletedBlockLogImpl] DEBUG block.DeletedBlockLogImpl (DeletedBlockLogImpl.java:commitTransactions(256)) - Datanode txId=19 containerId=#19 committed by dnId=f89ecde1-abfa-4530-92e2-4a065b7725ea
2021-08-15 14:03:31,561 [EventQueue-DeleteBlockStatusForDeletedBlockLogImpl] DEBUG block.DeletedBlockLogImpl (DeletedBlockLogImpl.java:isTransactionFailed(278)) - Got block deletion ACK from datanode, TXIDs=20, success=true
2021-08-15 14:03:31,561 [EventQueue-DeleteBlockStatusForDeletedBlockLogImpl] DEBUG block.DeletedBlockLogImpl (DeletedBlockLogImpl.java:commitTransactions(250)) - Purging txId=20 from block deletion log
2021-08-15 14:03:31,561 [EventQueue-DeleteBlockStatusForDeletedBlockLogImpl] DEBUG block.DeletedBlockLogImpl (DeletedBlockLogImpl.java:commitTransactions(256)) - Datanode txId=20 containerId=#20 committed by dnId=f89ecde1-abfa-4530-92e2-4a065b7725ea
2021-08-15 14:03:31,561 [EventQueue-DeleteBlockStatusForDeletedBlockLogImpl] DEBUG block.DeletedBlockLogImpl (DeletedBlockLogImpl.java:isTransactionFailed(278)) - Got block deletion ACK from datanode, TXIDs=21, success=true
2021-08-15 14:03:31,561 [EventQueue-DeleteBlockStatusForDeletedBlockLogImpl] DEBUG block.DeletedBlockLogImpl (DeletedBlockLogImpl.java:commitTransactions(250)) - Purging txId=21 from block deletion log
2021-08-15 14:03:31,561 [EventQueue-DeleteBlockStatusForDeletedBlockLogImpl] DEBUG block.DeletedBlockLogImpl (DeletedBlockLogImpl.java:commitTransactions(256)) - Datanode txId=21 containerId=#21 committed by dnId=f89ecde1-abfa-4530-92e2-4a065b7725ea
2021-08-15 14:03:31,561 [EventQueue-DeleteBlockStatusForDeletedBlockLogImpl] DEBUG block.DeletedBlockLogImpl (DeletedBlockLogImpl.java:isTransactionFailed(278)) - Got block deletion ACK from datanode, TXIDs=22, success=true
2021-08-15 14:03:31,561 [EventQueue-DeleteBlockStatusForDeletedBlockLogImpl] DEBUG block.DeletedBlockLogImpl (DeletedBlockLogImpl.java:commitTransactions(250)) - Purging txId=22 from block deletion log
2021-08-15 14:03:31,561 [EventQueue-DeleteBlockStatusForDeletedBlockLogImpl] DEBUG block.DeletedBlockLogImpl (DeletedBlockLogImpl.java:commitTransactions(256)) - Datanode txId=22 containerId=#22 committed by dnId=f89ecde1-abfa-4530-92e2-4a065b7725ea
2021-08-15 14:03:31,561 [EventQueue-DeleteBlockStatusForDeletedBlockLogImpl] DEBUG block.DeletedBlockLogImpl (DeletedBlockLogImpl.java:isTransactionFailed(278)) - Got block deletion ACK from datanode, TXIDs=23, success=true
2021-08-15 14:03:31,561 [EventQueue-DeleteBlockStatusForDeletedBlockLogImpl] DEBUG block.DeletedBlockLogImpl (DeletedBlockLogImpl.java:commitTransactions(250)) - Purging txId=23 from block deletion log
2021-08-15 14:03:31,561 [EventQueue-DeleteBlockStatusForDeletedBlockLogImpl] DEBUG block.DeletedBlockLogImpl (DeletedBlockLogImpl.java:commitTransactions(256)) - Datanode txId=23 containerId=#23 committed by dnId=f89ecde1-abfa-4530-92e2-4a065b7725ea
2021-08-15 14:03:31,561 [EventQueue-DeleteBlockStatusForDeletedBlockLogImpl] DEBUG block.DeletedBlockLogImpl (DeletedBlockLogImpl.java:isTransactionFailed(278)) - Got block deletion ACK from datanode, TXIDs=24, success=true
2021-08-15 14:03:31,561 [EventQueue-DeleteBlockStatusForDeletedBlockLogImpl] DEBUG block.DeletedBlockLogImpl (DeletedBlockLogImpl.java:commitTransactions(250)) - Purging txId=24 from block deletion log
2021-08-15 14:03:31,561 [EventQueue-DeleteBlockStatusForDeletedBlockLogImpl] DEBUG block.DeletedBlockLogImpl (DeletedBlockLogImpl.java:commitTransactions(256)) - Datanode txId=24 containerId=#24 committed by dnId=f89ecde1-abfa-4530-92e2-4a065b7725ea
2021-08-15 14:03:31,561 [EventQueue-DeleteBlockStatusForDeletedBlockLogImpl] DEBUG block.DeletedBlockLogImpl (DeletedBlockLogImpl.java:isTransactionFailed(278)) - Got block deletion ACK from datanode, TXIDs=25, success=true
2021-08-15 14:03:31,561 [EventQueue-DeleteBlockStatusForDeletedBlockLogImpl] DEBUG block.DeletedBlockLogImpl (DeletedBlockLogImpl.java:commitTransactions(250)) - Purging txId=25 from block deletion log
2021-08-15 14:03:31,561 [EventQueue-DeleteBlockStatusForDeletedBlockLogImpl] DEBUG block.DeletedBlockLogImpl (DeletedBlockLogImpl.java:commitTransactions(256)) - Datanode txId=25 containerId=#25 committed by dnId=f89ecde1-abfa-4530-92e2-4a065b7725ea
2021-08-15 14:03:31,561 [EventQueue-DeleteBlockStatusForDeletedBlockLogImpl] DEBUG block.DeletedBlockLogImpl (DeletedBlockLogImpl.java:isTransactionFailed(278)) - Got block deletion ACK from datanode, TXIDs=26, success=true
2021-08-15 14:03:31,561 [EventQueue-DeleteBlockStatusForDeletedBlockLogImpl] DEBUG block.DeletedBlockLogImpl (DeletedBlockLogImpl.java:commitTransactions(250)) - Purging txId=26 from block deletion log
2021-08-15 14:03:31,561 [EventQueue-DeleteBlockStatusForDeletedBlockLogImpl] DEBUG block.DeletedBlockLogImpl (DeletedBlockLogImpl.java:commitTransactions(256)) - Datanode txId=26 containerId=#26 committed by dnId=f89ecde1-abfa-4530-92e2-4a065b7725ea
2021-08-15 14:03:31,561 [EventQueue-DeleteBlockStatusForDeletedBlockLogImpl] DEBUG block.DeletedBlockLogImpl (DeletedBlockLogImpl.java:isTransactionFailed(278)) - Got block deletion ACK from datanode, TXIDs=27, success=true
2021-08-15 14:03:31,561 [EventQueue-DeleteBlockStatusForDeletedBlockLogImpl] DEBUG block.DeletedBlockLogImpl (DeletedBlockLogImpl.java:commitTransactions(256)) - Datanode txId=27 containerId=#27 committed by dnId=f89ecde1-abfa-4530-92e2-4a065b7725ea
2021-08-15 14:03:31,561 [EventQueue-DeleteBlockStatusForDeletedBlockLogImpl] DEBUG block.DeletedBlockLogImpl (DeletedBlockLogImpl.java:isTransactionFailed(278)) - Got block deletion ACK from datanode, TXIDs=17, success=true
2021-08-15 14:03:31,561 [EventQueue-DeleteBlockStatusForDeletedBlockLogImpl] DEBUG block.DeletedBlockLogImpl (DeletedBlockLogImpl.java:commitTransactions(224)) - Transaction txId=17 commit by dnId=f89ecde1-abfa-4530-92e2-4a065b7725ea for containerID=#17 failed. Corresponding entry not found.
2021-08-15 14:03:31,561 [EventQueue-DeleteBlockStatusForDeletedBlockLogImpl] DEBUG block.DeletedBlockLogImpl (DeletedBlockLogImpl.java:isTransactionFailed(278)) - Got block deletion ACK from datanode, TXIDs=18, success=true
2021-08-15 14:03:31,561 [EventQueue-DeleteBlockStatusForDeletedBlockLogImpl] DEBUG block.DeletedBlockLogImpl (DeletedBlockLogImpl.java:commitTransactions(224)) - Transaction txId=18 commit by dnId=f89ecde1-abfa-4530-92e2-4a065b7725ea for containerID=#18 failed. Corresponding entry not found.
2021-08-15 14:03:31,561 [EventQueue-DeleteBlockStatusForDeletedBlockLogImpl] DEBUG block.DeletedBlockLogImpl (DeletedBlockLogImpl.java:isTransactionFailed(278)) - Got block deletion ACK from datanode, TXIDs=19, success=true
2021-08-15 14:03:31,561 [EventQueue-DeleteBlockStatusForDeletedBlockLogImpl] DEBUG block.DeletedBlockLogImpl (DeletedBlockLogImpl.java:commitTransactions(224)) - Transaction txId=19 commit by dnId=f89ecde1-abfa-4530-92e2-4a065b7725ea for containerID=#19 failed. Corresponding entry not found.
2021-08-15 14:03:31,562 [EventQueue-DeleteBlockStatusForDeletedBlockLogImpl] DEBUG block.DeletedBlockLogImpl (DeletedBlockLogImpl.java:isTransactionFailed(278)) - Got block deletion ACK from datanode, TXIDs=20, success=true
2021-08-15 14:03:31,562 [EventQueue-DeleteBlockStatusForDeletedBlockLogImpl] DEBUG block.DeletedBlockLogImpl (DeletedBlockLogImpl.java:commitTransactions(224)) - Transaction txId=20 commit by dnId=f89ecde1-abfa-4530-92e2-4a065b7725ea for containerID=#20 failed. Corresponding entry not found.
2021-08-15 14:03:31,562 [EventQueue-DeleteBlockStatusForDeletedBlockLogImpl] DEBUG block.DeletedBlockLogImpl (DeletedBlockLogImpl.java:isTransactionFailed(278)) - Got block deletion ACK from datanode, TXIDs=21, success=true
2021-08-15 14:03:31,562 [EventQueue-DeleteBlockStatusForDeletedBlockLogImpl] DEBUG block.DeletedBlockLogImpl (DeletedBlockLogImpl.java:commitTransactions(224)) - Transaction txId=21 commit by dnId=f89ecde1-abfa-4530-92e2-4a065b7725ea for containerID=#21 failed. Corresponding entry not found.
2021-08-15 14:03:31,562 [EventQueue-DeleteBlockStatusForDeletedBlockLogImpl] DEBUG block.DeletedBlockLogImpl (DeletedBlockLogImpl.java:isTransactionFailed(278)) - Got block deletion ACK from datanode, TXIDs=22, success=true
2021-08-15 14:03:31,562 [EventQueue-DeleteBlockStatusForDeletedBlockLogImpl] DEBUG block.DeletedBlockLogImpl (DeletedBlockLogImpl.java:commitTransactions(224)) - Transaction txId=22 commit by dnId=f89ecde1-abfa-4530-92e2-4a065b7725ea for containerID=#22 failed. Corresponding entry not found.
2021-08-15 14:03:31,562 [EventQueue-DeleteBlockStatusForDeletedBlockLogImpl] DEBUG block.DeletedBlockLogImpl (DeletedBlockLogImpl.java:isTransactionFailed(278)) - Got block deletion ACK from datanode, TXIDs=23, success=true
2021-08-15 14:03:31,562 [EventQueue-DeleteBlockStatusForDeletedBlockLogImpl] DEBUG block.DeletedBlockLogImpl (DeletedBlockLogImpl.java:commitTransactions(224)) - Transaction txId=23 commit by dnId=f89ecde1-abfa-4530-92e2-4a065b7725ea for containerID=#23 failed. Corresponding entry not found.
2021-08-15 14:03:31,562 [EventQueue-DeleteBlockStatusForDeletedBlockLogImpl] DEBUG block.DeletedBlockLogImpl (DeletedBlockLogImpl.java:isTransactionFailed(278)) - Got block deletion ACK from datanode, TXIDs=24, success=true
2021-08-15 14:03:31,562 [EventQueue-DeleteBlockStatusForDeletedBlockLogImpl] DEBUG block.DeletedBlockLogImpl (DeletedBlockLogImpl.java:commitTransactions(224)) - Transaction txId=24 commit by dnId=f89ecde1-abfa-4530-92e2-4a065b7725ea for containerID=#24 failed. Corresponding entry not found.
2021-08-15 14:03:31,562 [EventQueue-DeleteBlockStatusForDeletedBlockLogImpl] DEBUG block.DeletedBlockLogImpl (DeletedBlockLogImpl.java:isTransactionFailed(278)) - Got block deletion ACK from datanode, TXIDs=25, success=true
2021-08-15 14:03:31,562 [EventQueue-DeleteBlockStatusForDeletedBlockLogImpl] DEBUG block.DeletedBlockLogImpl (DeletedBlockLogImpl.java:commitTransactions(224)) - Transaction txId=25 commit by dnId=f89ecde1-abfa-4530-92e2-4a065b7725ea for containerID=#25 failed. Corresponding entry not found.
2021-08-15 14:03:31,562 [EventQueue-DeleteBlockStatusForDeletedBlockLogImpl] DEBUG block.DeletedBlockLogImpl (DeletedBlockLogImpl.java:isTransactionFailed(278)) - Got block deletion ACK from datanode, TXIDs=26, success=true
2021-08-15 14:03:31,562 [EventQueue-DeleteBlockStatusForDeletedBlockLogImpl] DEBUG block.DeletedBlockLogImpl (DeletedBlockLogImpl.java:commitTransactions(224)) - Transaction txId=26 commit by dnId=f89ecde1-abfa-4530-92e2-4a065b7725ea for containerID=#26 failed. Corresponding entry not found.
2021-08-15 14:03:31,562 [EventQueue-DeleteBlockStatusForDeletedBlockLogImpl] DEBUG block.DeletedBlockLogImpl (DeletedBlockLogImpl.java:isTransactionFailed(278)) - Got block deletion ACK from datanode, TXIDs=27, success=true
2021-08-15 14:03:31,562 [EventQueue-DeleteBlockStatusForDeletedBlockLogImpl] DEBUG block.DeletedBlockLogImpl (DeletedBlockLogImpl.java:commitTransactions(256)) - Datanode txId=27 containerId=#27 committed by dnId=f89ecde1-abfa-4530-92e2-4a065b7725ea
2021-08-15 14:03:31,562 [EventQueue-DeleteBlockStatusForDeletedBlockLogImpl] DEBUG block.DeletedBlockLogImpl (DeletedBlockLogImpl.java:isTransactionFailed(278)) - Got block deletion ACK from datanode, TXIDs=17, success=true
2021-08-15 14:03:31,562 [EventQueue-DeleteBlockStatusForDeletedBlockLogImpl] DEBUG block.DeletedBlockLogImpl (DeletedBlockLogImpl.java:commitTransactions(224)) - Transaction txId=17 commit by dnId=f89ecde1-abfa-4530-92e2-4a065b7725ea for containerID=#17 failed. Corresponding entry not found.
2021-08-15 14:03:31,562 [EventQueue-DeleteBlockStatusForDeletedBlockLogImpl] DEBUG block.DeletedBlockLogImpl (DeletedBlockLogImpl.java:isTransactionFailed(278)) - Got block deletion ACK from datanode, TXIDs=18, success=true
2021-08-15 14:03:31,562 [EventQueue-DeleteBlockStatusForDeletedBlockLogImpl] DEBUG block.DeletedBlockLogImpl (DeletedBlockLogImpl.java:commitTransactions(224)) - Transaction txId=18 commit by dnId=f89ecde1-abfa-4530-92e2-4a065b7725ea for containerID=#18 failed. Corresponding entry not found.
2021-08-15 14:03:31,562 [EventQueue-DeleteBlockStatusForDeletedBlockLogImpl] DEBUG block.DeletedBlockLogImpl (DeletedBlockLogImpl.java:isTransactionFailed(278)) - Got block deletion ACK from datanode, TXIDs=19, success=true
2021-08-15 14:03:31,562 [EventQueue-DeleteBlockStatusForDeletedBlockLogImpl] DEBUG block.DeletedBlockLogImpl (DeletedBlockLogImpl.java:commitTransactions(224)) - Transaction txId=19 commit by dnId=f89ecde1-abfa-4530-92e2-4a065b7725ea for containerID=#19 failed. Corresponding entry not found.
2021-08-15 14:03:31,562 [EventQueue-DeleteBlockStatusForDeletedBlockLogImpl] DEBUG block.DeletedBlockLogImpl (DeletedBlockLogImpl.java:isTransactionFailed(278)) - Got block deletion ACK from datanode, TXIDs=20, success=true
2021-08-15 14:03:31,562 [EventQueue-DeleteBlockStatusForDeletedBlockLogImpl] DEBUG block.DeletedBlockLogImpl (DeletedBlockLogImpl.java:commitTransactions(224)) - Transaction txId=20 commit by dnId=f89ecde1-abfa-4530-92e2-4a065b7725ea for containerID=#20 failed. Corresponding entry not found.
2021-08-15 14:03:31,562 [EventQueue-DeleteBlockStatusForDeletedBlockLogImpl] DEBUG block.DeletedBlockLogImpl (DeletedBlockLogImpl.java:isTransactionFailed(278)) - Got block deletion ACK from datanode, TXIDs=21, success=true
2021-08-15 14:03:31,562 [EventQueue-DeleteBlockStatusForDeletedBlockLogImpl] DEBUG block.DeletedBlockLogImpl (DeletedBlockLogImpl.java:commitTransactions(224)) - Transaction txId=21 commit by dnId=f89ecde1-abfa-4530-92e2-4a065b7725ea for containerID=#21 failed. Corresponding entry not found.
2021-08-15 14:03:31,562 [EventQueue-DeleteBlockStatusForDeletedBlockLogImpl] DEBUG block.DeletedBlockLogImpl (DeletedBlockLogImpl.java:isTransactionFailed(278)) - Got block deletion ACK from datanode, TXIDs=22, success=true
2021-08-15 14:03:31,562 [EventQueue-DeleteBlockStatusForDeletedBlockLogImpl] DEBUG block.DeletedBlockLogImpl (DeletedBlockLogImpl.java:commitTransactions(224)) - Transaction txId=22 commit by dnId=f89ecde1-abfa-4530-92e2-4a065b7725ea for containerID=#22 failed. Corresponding entry not found.
2021-08-15 14:03:31,562 [EventQueue-DeleteBlockStatusForDeletedBlockLogImpl] DEBUG block.DeletedBlockLogImpl (DeletedBlockLogImpl.java:isTransactionFailed(278)) - Got block deletion ACK from datanode, TXIDs=23, success=true
2021-08-15 14:03:31,562 [EventQueue-DeleteBlockStatusForDeletedBlockLogImpl] DEBUG block.DeletedBlockLogImpl (DeletedBlockLogImpl.java:commitTransactions(224)) - Transaction txId=23 commit by dnId=f89ecde1-abfa-4530-92e2-4a065b7725ea for containerID=#23 failed. Corresponding entry not found.
2021-08-15 14:03:31,562 [EventQueue-DeleteBlockStatusForDeletedBlockLogImpl] DEBUG block.DeletedBlockLogImpl (DeletedBlockLogImpl.java:isTransactionFailed(278)) - Got block deletion ACK from datanode, TXIDs=24, success=true
2021-08-15 14:03:31,562 [EventQueue-DeleteBlockStatusForDeletedBlockLogImpl] DEBUG block.DeletedBlockLogImpl (DeletedBlockLogImpl.java:commitTransactions(224)) - Transaction txId=24 commit by dnId=f89ecde1-abfa-4530-92e2-4a065b7725ea for containerID=#24 failed. Corresponding entry not found.
2021-08-15 14:03:31,562 [EventQueue-DeleteBlockStatusForDeletedBlockLogImpl] DEBUG block.DeletedBlockLogImpl (DeletedBlockLogImpl.java:isTransactionFailed(278)) - Got block deletion ACK from datanode, TXIDs=25, success=true
2021-08-15 14:03:31,562 [EventQueue-DeleteBlockStatusForDeletedBlockLogImpl] DEBUG block.DeletedBlockLogImpl (DeletedBlockLogImpl.java:commitTransactions(224)) - Transaction txId=25 commit by dnId=f89ecde1-abfa-4530-92e2-4a065b7725ea for containerID=#25 failed. Corresponding entry not found.
2021-08-15 14:03:31,562 [EventQueue-DeleteBlockStatusForDeletedBlockLogImpl] DEBUG block.DeletedBlockLogImpl (DeletedBlockLogImpl.java:isTransactionFailed(278)) - Got block deletion ACK from datanode, TXIDs=26, success=true
2021-08-15 14:03:31,562 [EventQueue-DeleteBlockStatusForDeletedBlockLogImpl] DEBUG block.DeletedBlockLogImpl (DeletedBlockLogImpl.java:commitTransactions(224)) - Transaction txId=26 commit by dnId=f89ecde1-abfa-4530-92e2-4a065b7725ea for containerID=#26 failed. Corresponding entry not found.
2021-08-15 14:03:31,562 [EventQueue-DeleteBlockStatusForDeletedBlockLogImpl] DEBUG block.DeletedBlockLogImpl (DeletedBlockLogImpl.java:isTransactionFailed(278)) - Got block deletion ACK from datanode, TXIDs=1, success=true
2021-08-15 14:03:31,562 [EventQueue-DeleteBlockStatusForDeletedBlockLogImpl] DEBUG block.DeletedBlockLogImpl (DeletedBlockLogImpl.java:commitTransactions(224)) - Transaction txId=1 commit by dnId=f89ecde1-abfa-4530-92e2-4a065b7725ea for containerID=#1 failed. Corresponding entry not found.
2021-08-15 14:03:31,562 [EventQueue-DeleteBlockStatusForDeletedBlockLogImpl] DEBUG block.DeletedBlockLogImpl (DeletedBlockLogImpl.java:isTransactionFailed(278)) - Got block deletion ACK from datanode, TXIDs=2, success=true
2021-08-15 14:03:31,563 [EventQueue-DeleteBlockStatusForDeletedBlockLogImpl] DEBUG block.DeletedBlockLogImpl (DeletedBlockLogImpl.java:commitTransactions(224)) - Transaction txId=2 commit by dnId=f89ecde1-abfa-4530-92e2-4a065b7725ea for containerID=#2 failed. Corresponding entry not found.
2021-08-15 14:03:31,563 [EventQueue-DeleteBlockStatusForDeletedBlockLogImpl] DEBUG block.DeletedBlockLogImpl (DeletedBlockLogImpl.java:isTransactionFailed(278)) - Got block deletion ACK from datanode, TXIDs=3, success=true
2021-08-15 14:03:31,563 [EventQueue-DeleteBlockStatusForDeletedBlockLogImpl] DEBUG block.DeletedBlockLogImpl (DeletedBlockLogImpl.java:commitTransactions(224)) - Transaction txId=3 commit by dnId=f89ecde1-abfa-4530-92e2-4a065b7725ea for containerID=#3 failed. Corresponding entry not found.
2021-08-15 14:03:31,563 [EventQueue-DeleteBlockStatusForDeletedBlockLogImpl] DEBUG block.DeletedBlockLogImpl (DeletedBlockLogImpl.java:isTransactionFailed(278)) - Got block deletion ACK from datanode, TXIDs=4, success=true
2021-08-15 14:03:31,563 [EventQueue-DeleteBlockStatusForDeletedBlockLogImpl] DEBUG block.DeletedBlockLogImpl (DeletedBlockLogImpl.java:commitTransactions(224)) - Transaction txId=4 commit by dnId=f89ecde1-abfa-4530-92e2-4a065b7725ea for containerID=#4 failed. Corresponding entry not found.
2021-08-15 14:03:31,563 [EventQueue-DeleteBlockStatusForDeletedBlockLogImpl] DEBUG block.DeletedBlockLogImpl (DeletedBlockLogImpl.java:isTransactionFailed(278)) - Got block deletion ACK from datanode, TXIDs=5, success=true
2021-08-15 14:03:31,563 [EventQueue-DeleteBlockStatusForDeletedBlockLogImpl] DEBUG block.DeletedBlockLogImpl (DeletedBlockLogImpl.java:commitTransactions(224)) - Transaction txId=5 commit by dnId=f89ecde1-abfa-4530-92e2-4a065b7725ea for containerID=#5 failed. Corresponding entry not found.
2021-08-15 14:03:31,563 [EventQueue-DeleteBlockStatusForDeletedBlockLogImpl] DEBUG block.DeletedBlockLogImpl (DeletedBlockLogImpl.java:isTransactionFailed(278)) - Got block deletion ACK from datanode, TXIDs=6, success=true
2021-08-15 14:03:31,563 [EventQueue-DeleteBlockStatusForDeletedBlockLogImpl] DEBUG block.DeletedBlockLogImpl (DeletedBlockLogImpl.java:commitTransactions(224)) - Transaction txId=6 commit by dnId=f89ecde1-abfa-4530-92e2-4a065b7725ea for containerID=#6 failed. Corresponding entry not found.
2021-08-15 14:03:31,563 [EventQueue-DeleteBlockStatusForDeletedBlockLogImpl] DEBUG block.DeletedBlockLogImpl (DeletedBlockLogImpl.java:isTransactionFailed(278)) - Got block deletion ACK from datanode, TXIDs=7, success=true
2021-08-15 14:03:31,563 [EventQueue-DeleteBlockStatusForDeletedBlockLogImpl] DEBUG block.DeletedBlockLogImpl (DeletedBlockLogImpl.java:commitTransactions(224)) - Transaction txId=7 commit by dnId=f89ecde1-abfa-4530-92e2-4a065b7725ea for containerID=#7 failed. Corresponding entry not found.
2021-08-15 14:03:31,563 [EventQueue-DeleteBlockStatusForDeletedBlockLogImpl] DEBUG block.DeletedBlockLogImpl (DeletedBlockLogImpl.java:isTransactionFailed(278)) - Got block deletion ACK from datanode, TXIDs=8, success=true
2021-08-15 14:03:31,563 [EventQueue-DeleteBlockStatusForDeletedBlockLogImpl] DEBUG block.DeletedBlockLogImpl (DeletedBlockLogImpl.java:commitTransactions(224)) - Transaction txId=8 commit by dnId=f89ecde1-abfa-4530-92e2-4a065b7725ea for containerID=#8 failed. Corresponding entry not found.
2021-08-15 14:03:31,563 [EventQueue-DeleteBlockStatusForDeletedBlockLogImpl] DEBUG block.DeletedBlockLogImpl (DeletedBlockLogImpl.java:isTransactionFailed(278)) - Got block deletion ACK from datanode, TXIDs=9, success=true
2021-08-15 14:03:31,563 [EventQueue-DeleteBlockStatusForDeletedBlockLogImpl] DEBUG block.DeletedBlockLogImpl (DeletedBlockLogImpl.java:commitTransactions(224)) - Transaction txId=9 commit by dnId=f89ecde1-abfa-4530-92e2-4a065b7725ea for containerID=#9 failed. Corresponding entry not found.
2021-08-15 14:03:31,563 [EventQueue-DeleteBlockStatusForDeletedBlockLogImpl] DEBUG block.DeletedBlockLogImpl (DeletedBlockLogImpl.java:isTransactionFailed(278)) - Got block deletion ACK from datanode, TXIDs=10, success=true
2021-08-15 14:03:31,563 [EventQueue-DeleteBlockStatusForDeletedBlockLogImpl] DEBUG block.DeletedBlockLogImpl (DeletedBlockLogImpl.java:commitTransactions(224)) - Transaction txId=10 commit by dnId=f89ecde1-abfa-4530-92e2-4a065b7725ea for containerID=#10 failed. Corresponding entry not found.
2021-08-15 14:03:31,563 [EventQueue-DeleteBlockStatusForDeletedBlockLogImpl] DEBUG block.DeletedBlockLogImpl (DeletedBlockLogImpl.java:isTransactionFailed(278)) - Got block deletion ACK from datanode, TXIDs=11, success=true
2021-08-15 14:03:31,563 [EventQueue-DeleteBlockStatusForDeletedBlockLogImpl] DEBUG block.DeletedBlockLogImpl (DeletedBlockLogImpl.java:commitTransactions(224)) - Transaction txId=11 commit by dnId=f89ecde1-abfa-4530-92e2-4a065b7725ea for containerID=#11 failed. Corresponding entry not found.
2021-08-15 14:03:31,563 [EventQueue-DeleteBlockStatusForDeletedBlockLogImpl] DEBUG block.DeletedBlockLogImpl (DeletedBlockLogImpl.java:isTransactionFailed(278)) - Got block deletion ACK from datanode, TXIDs=12, success=true
2021-08-15 14:03:31,563 [EventQueue-DeleteBlockStatusForDeletedBlockLogImpl] DEBUG block.DeletedBlockLogImpl (DeletedBlockLogImpl.java:commitTransactions(224)) - Transaction txId=12 commit by dnId=f89ecde1-abfa-4530-92e2-4a065b7725ea for containerID=#12 failed. Corresponding entry not found.
2021-08-15 14:03:31,563 [EventQueue-DeleteBlockStatusForDeletedBlockLogImpl] DEBUG block.DeletedBlockLogImpl (DeletedBlockLogImpl.java:isTransactionFailed(278)) - Got block deletion ACK from datanode, TXIDs=13, success=true
2021-08-15 14:03:31,563 [EventQueue-DeleteBlockStatusForDeletedBlockLogImpl] DEBUG block.DeletedBlockLogImpl (DeletedBlockLogImpl.java:commitTransactions(224)) - Transaction txId=13 commit by dnId=f89ecde1-abfa-4530-92e2-4a065b7725ea for containerID=#13 failed. Corresponding entry not found.
2021-08-15 14:03:31,563 [EventQueue-DeleteBlockStatusForDeletedBlockLogImpl] DEBUG block.DeletedBlockLogImpl (DeletedBlockLogImpl.java:isTransactionFailed(278)) - Got block deletion ACK from datanode, TXIDs=14, success=true
2021-08-15 14:03:31,563 [EventQueue-DeleteBlockStatusForDeletedBlockLogImpl] DEBUG block.DeletedBlockLogImpl (DeletedBlockLogImpl.java:commitTransactions(224)) - Transaction txId=14 commit by dnId=f89ecde1-abfa-4530-92e2-4a065b7725ea for containerID=#14 failed. Corresponding entry not found.
2021-08-15 14:03:31,563 [EventQueue-DeleteBlockStatusForDeletedBlockLogImpl] DEBUG block.DeletedBlockLogImpl (DeletedBlockLogImpl.java:isTransactionFailed(278)) - Got block deletion ACK from datanode, TXIDs=15, success=true
2021-08-15 14:03:31,563 [EventQueue-DeleteBlockStatusForDeletedBlockLogImpl] DEBUG block.DeletedBlockLogImpl (DeletedBlockLogImpl.java:commitTransactions(224)) - Transaction txId=15 commit by dnId=f89ecde1-abfa-4530-92e2-4a065b7725ea for containerID=#15 failed. Corresponding entry not found.
2021-08-15 14:03:31,563 [EventQueue-DeleteBlockStatusForDeletedBlockLogImpl] DEBUG block.DeletedBlockLogImpl (DeletedBlockLogImpl.java:isTransactionFailed(278)) - Got block deletion ACK from datanode, TXIDs=16, success=true
2021-08-15 14:03:31,563 [EventQueue-DeleteBlockStatusForDeletedBlockLogImpl] DEBUG block.DeletedBlockLogImpl (DeletedBlockLogImpl.java:commitTransactions(224)) - Transaction txId=16 commit by dnId=f89ecde1-abfa-4530-92e2-4a065b7725ea for containerID=#16 failed. Corresponding entry not found.
2021-08-15 14:03:31,563 [EventQueue-DeleteBlockStatusForDeletedBlockLogImpl] DEBUG block.DeletedBlockLogImpl (DeletedBlockLogImpl.java:isTransactionFailed(278)) - Got block deletion ACK from datanode, TXIDs=17, success=true
2021-08-15 14:03:31,563 [EventQueue-DeleteBlockStatusForDeletedBlockLogImpl] DEBUG block.DeletedBlockLogImpl (DeletedBlockLogImpl.java:commitTransactions(224)) - Transaction txId=17 commit by dnId=f89ecde1-abfa-4530-92e2-4a065b7725ea for containerID=#17 failed. Corresponding entry not found.
2021-08-15 14:03:31,563 [EventQueue-DeleteBlockStatusForDeletedBlockLogImpl] DEBUG block.DeletedBlockLogImpl (DeletedBlockLogImpl.java:isTransactionFailed(278)) - Got block deletion ACK from datanode, TXIDs=18, success=true
2021-08-15 14:03:31,563 [EventQueue-DeleteBlockStatusForDeletedBlockLogImpl] DEBUG block.DeletedBlockLogImpl (DeletedBlockLogImpl.java:commitTransactions(224)) - Transaction txId=18 commit by dnId=f89ecde1-abfa-4530-92e2-4a065b7725ea for containerID=#18 failed. Corresponding entry not found.
2021-08-15 14:03:31,563 [EventQueue-DeleteBlockStatusForDeletedBlockLogImpl] DEBUG block.DeletedBlockLogImpl (DeletedBlockLogImpl.java:isTransactionFailed(278)) - Got block deletion ACK from datanode, TXIDs=19, success=true
2021-08-15 14:03:31,563 [EventQueue-DeleteBlockStatusForDeletedBlockLogImpl] DEBUG block.DeletedBlockLogImpl (DeletedBlockLogImpl.java:commitTransactions(224)) - Transaction txId=19 commit by dnId=f89ecde1-abfa-4530-92e2-4a065b7725ea for containerID=#19 failed. Corresponding entry not found.
2021-08-15 14:03:31,563 [EventQueue-DeleteBlockStatusForDeletedBlockLogImpl] DEBUG block.DeletedBlockLogImpl (DeletedBlockLogImpl.java:isTransactionFailed(278)) - Got block deletion ACK from datanode, TXIDs=20, success=true
2021-08-15 14:03:31,563 [EventQueue-DeleteBlockStatusForDeletedBlockLogImpl] DEBUG block.DeletedBlockLogImpl (DeletedBlockLogImpl.java:commitTransactions(224)) - Transaction txId=20 commit by dnId=f89ecde1-abfa-4530-92e2-4a065b7725ea for containerID=#20 failed. Corresponding entry not found.
2021-08-15 14:03:31,563 [EventQueue-DeleteBlockStatusForDeletedBlockLogImpl] DEBUG block.DeletedBlockLogImpl (DeletedBlockLogImpl.java:isTransactionFailed(278)) - Got block deletion ACK from datanode, TXIDs=17, success=true
2021-08-15 14:03:31,563 [EventQueue-DeleteBlockStatusForDeletedBlockLogImpl] DEBUG block.DeletedBlockLogImpl (DeletedBlockLogImpl.java:commitTransactions(224)) - Transaction txId=17 commit by dnId=f89ecde1-abfa-4530-92e2-4a065b7725ea for containerID=#17 failed. Corresponding entry not found.
2021-08-15 14:03:31,563 [EventQueue-DeleteBlockStatusForDeletedBlockLogImpl] DEBUG block.DeletedBlockLogImpl (DeletedBlockLogImpl.java:isTransactionFailed(278)) - Got block deletion ACK from datanode, TXIDs=18, success=true
2021-08-15 14:03:31,563 [EventQueue-DeleteBlockStatusForDeletedBlockLogImpl] DEBUG block.DeletedBlockLogImpl (DeletedBlockLogImpl.java:commitTransactions(224)) - Transaction txId=18 commit by dnId=f89ecde1-abfa-4530-92e2-4a065b7725ea for containerID=#18 failed. Corresponding entry not found.
2021-08-15 14:03:31,563 [EventQueue-DeleteBlockStatusForDeletedBlockLogImpl] DEBUG block.DeletedBlockLogImpl (DeletedBlockLogImpl.java:isTransactionFailed(278)) - Got block deletion ACK from datanode, TXIDs=19, success=true
2021-08-15 14:03:31,563 [EventQueue-DeleteBlockStatusForDeletedBlockLogImpl] DEBUG block.DeletedBlockLogImpl (DeletedBlockLogImpl.java:commitTransactions(224)) - Transaction txId=19 commit by dnId=f89ecde1-abfa-4530-92e2-4a065b7725ea for containerID=#19 failed. Corresponding entry not found.
2021-08-15 14:03:31,563 [EventQueue-DeleteBlockStatusForDeletedBlockLogImpl] DEBUG block.DeletedBlockLogImpl (DeletedBlockLogImpl.java:isTransactionFailed(278)) - Got block deletion ACK from datanode, TXIDs=20, success=true
2021-08-15 14:03:31,563 [EventQueue-DeleteBlockStatusForDeletedBlockLogImpl] DEBUG block.DeletedBlockLogImpl (DeletedBlockLogImpl.java:commitTransactions(224)) - Transaction txId=20 commit by dnId=f89ecde1-abfa-4530-92e2-4a065b7725ea for containerID=#20 failed. Corresponding entry not found.
2021-08-15 14:03:31,563 [EventQueue-DeleteBlockStatusForDeletedBlockLogImpl] DEBUG block.DeletedBlockLogImpl (DeletedBlockLogImpl.java:isTransactionFailed(278)) - Got block deletion ACK from datanode, TXIDs=21, success=true
2021-08-15 14:03:31,564 [EventQueue-DeleteBlockStatusForDeletedBlockLogImpl] DEBUG block.DeletedBlockLogImpl (DeletedBlockLogImpl.java:commitTransactions(224)) - Transaction txId=21 commit by dnId=f89ecde1-abfa-4530-92e2-4a065b7725ea for containerID=#21 failed. Corresponding entry not found.
2021-08-15 14:03:31,564 [EventQueue-DeleteBlockStatusForDeletedBlockLogImpl] DEBUG block.DeletedBlockLogImpl (DeletedBlockLogImpl.java:isTransactionFailed(278)) - Got block deletion ACK from datanode, TXIDs=22, success=true
2021-08-15 14:03:31,564 [EventQueue-DeleteBlockStatusForDeletedBlockLogImpl] DEBUG block.DeletedBlockLogImpl (DeletedBlockLogImpl.java:commitTransactions(224)) - Transaction txId=22 commit by dnId=f89ecde1-abfa-4530-92e2-4a065b7725ea for containerID=#22 failed. Corresponding entry not found.
2021-08-15 14:03:31,564 [EventQueue-DeleteBlockStatusForDeletedBlockLogImpl] DEBUG block.DeletedBlockLogImpl (DeletedBlockLogImpl.java:isTransactionFailed(278)) - Got block deletion ACK from datanode, TXIDs=23, success=true
2021-08-15 14:03:31,564 [EventQueue-DeleteBlockStatusForDeletedBlockLogImpl] DEBUG block.DeletedBlockLogImpl (DeletedBlockLogImpl.java:commitTransactions(224)) - Transaction txId=23 commit by dnId=f89ecde1-abfa-4530-92e2-4a065b7725ea for containerID=#23 failed. Corresponding entry not found.
2021-08-15 14:03:31,564 [EventQueue-DeleteBlockStatusForDeletedBlockLogImpl] DEBUG block.DeletedBlockLogImpl (DeletedBlockLogImpl.java:isTransactionFailed(278)) - Got block deletion ACK from datanode, TXIDs=24, success=true
2021-08-15 14:03:31,564 [EventQueue-DeleteBlockStatusForDeletedBlockLogImpl] DEBUG block.DeletedBlockLogImpl (DeletedBlockLogImpl.java:commitTransactions(224)) - Transaction txId=24 commit by dnId=f89ecde1-abfa-4530-92e2-4a065b7725ea for containerID=#24 failed. Corresponding entry not found.
2021-08-15 14:03:31,564 [EventQueue-DeleteBlockStatusForDeletedBlockLogImpl] DEBUG block.DeletedBlockLogImpl (DeletedBlockLogImpl.java:isTransactionFailed(278)) - Got block deletion ACK from datanode, TXIDs=25, success=true
2021-08-15 14:03:31,564 [EventQueue-DeleteBlockStatusForDeletedBlockLogImpl] DEBUG block.DeletedBlockLogImpl (DeletedBlockLogImpl.java:commitTransactions(224)) - Transaction txId=25 commit by dnId=f89ecde1-abfa-4530-92e2-4a065b7725ea for containerID=#25 failed. Corresponding entry not found.
2021-08-15 14:03:31,564 [EventQueue-DeleteBlockStatusForDeletedBlockLogImpl] DEBUG block.DeletedBlockLogImpl (DeletedBlockLogImpl.java:isTransactionFailed(278)) - Got block deletion ACK from datanode, TXIDs=26, success=true
2021-08-15 14:03:31,564 [EventQueue-DeleteBlockStatusForDeletedBlockLogImpl] DEBUG block.DeletedBlockLogImpl (DeletedBlockLogImpl.java:commitTransactions(224)) - Transaction txId=26 commit by dnId=f89ecde1-abfa-4530-92e2-4a065b7725ea for containerID=#26 failed. Corresponding entry not found.
2021-08-15 14:03:31,564 [EventQueue-DeleteBlockStatusForDeletedBlockLogImpl] DEBUG block.DeletedBlockLogImpl (DeletedBlockLogImpl.java:isTransactionFailed(278)) - Got block deletion ACK from datanode, TXIDs=27, success=true
2021-08-15 14:03:31,564 [EventQueue-DeleteBlockStatusForDeletedBlockLogImpl] DEBUG block.DeletedBlockLogImpl (DeletedBlockLogImpl.java:commitTransactions(256)) - Datanode txId=27 containerId=#27 committed by dnId=f89ecde1-abfa-4530-92e2-4a065b7725ea
2021-08-15 14:03:31,564 [EventQueue-DeleteBlockStatusForDeletedBlockLogImpl] DEBUG block.DeletedBlockLogImpl (DeletedBlockLogImpl.java:isTransactionFailed(278)) - Got block deletion ACK from datanode, TXIDs=28, success=true
2021-08-15 14:03:31,564 [EventQueue-DeleteBlockStatusForDeletedBlockLogImpl] DEBUG block.DeletedBlockLogImpl (DeletedBlockLogImpl.java:commitTransactions(256)) - Datanode txId=28 containerId=#28 committed by dnId=f89ecde1-abfa-4530-92e2-4a065b7725ea
2021-08-15 14:03:31,564 [EventQueue-DeleteBlockStatusForDeletedBlockLogImpl] DEBUG block.DeletedBlockLogImpl (DeletedBlockLogImpl.java:isTransactionFailed(278)) - Got block deletion ACK from datanode, TXIDs=29, success=true
2021-08-15 14:03:31,564 [EventQueue-DeleteBlockStatusForDeletedBlockLogImpl] DEBUG block.DeletedBlockLogImpl (DeletedBlockLogImpl.java:commitTransactions(256)) - Datanode txId=29 containerId=#29 committed by dnId=f89ecde1-abfa-4530-92e2-4a065b7725ea
2021-08-15 14:03:31,564 [EventQueue-DeleteBlockStatusForDeletedBlockLogImpl] DEBUG block.DeletedBlockLogImpl (DeletedBlockLogImpl.java:isTransactionFailed(278)) - Got block deletion ACK from datanode, TXIDs=30, success=true
2021-08-15 14:03:31,564 [EventQueue-DeleteBlockStatusForDeletedBlockLogImpl] DEBUG block.DeletedBlockLogImpl (DeletedBlockLogImpl.java:commitTransactions(256)) - Datanode txId=30 containerId=#30 committed by dnId=f89ecde1-abfa-4530-92e2-4a065b7725ea
2021-08-15 14:03:31,564 [EventQueue-DeleteBlockStatusForDeletedBlockLogImpl] DEBUG block.DeletedBlockLogImpl (DeletedBlockLogImpl.java:isTransactionFailed(278)) - Got block deletion ACK from datanode, TXIDs=31, success=true
2021-08-15 14:03:31,564 [EventQueue-DeleteBlockStatusForDeletedBlockLogImpl] DEBUG block.DeletedBlockLogImpl (DeletedBlockLogImpl.java:commitTransactions(256)) - Datanode txId=31 containerId=#31 committed by dnId=f89ecde1-abfa-4530-92e2-4a065b7725ea
2021-08-15 14:03:31,564 [EventQueue-DeleteBlockStatusForDeletedBlockLogImpl] DEBUG block.DeletedBlockLogImpl (DeletedBlockLogImpl.java:isTransactionFailed(278)) - Got block deletion ACK from datanode, TXIDs=32, success=true
2021-08-15 14:03:31,564 [EventQueue-DeleteBlockStatusForDeletedBlockLogImpl] DEBUG block.DeletedBlockLogImpl (DeletedBlockLogImpl.java:commitTransactions(256)) - Datanode txId=32 containerId=#32 committed by dnId=f89ecde1-abfa-4530-92e2-4a065b7725ea
2021-08-15 14:03:31,564 [EventQueue-DeleteBlockStatusForDeletedBlockLogImpl] DEBUG block.DeletedBlockLogImpl (DeletedBlockLogImpl.java:isTransactionFailed(278)) - Got block deletion ACK from datanode, TXIDs=33, success=true
2021-08-15 14:03:31,564 [EventQueue-DeleteBlockStatusForDeletedBlockLogImpl] DEBUG block.DeletedBlockLogImpl (DeletedBlockLogImpl.java:commitTransactions(256)) - Datanode txId=33 containerId=#33 committed by dnId=f89ecde1-abfa-4530-92e2-4a065b7725ea
2021-08-15 14:03:31,564 [EventQueue-DeleteBlockStatusForDeletedBlockLogImpl] DEBUG block.DeletedBlockLogImpl (DeletedBlockLogImpl.java:isTransactionFailed(278)) - Got block deletion ACK from datanode, TXIDs=34, success=true
2021-08-15 14:03:31,564 [EventQueue-DeleteBlockStatusForDeletedBlockLogImpl] DEBUG block.DeletedBlockLogImpl (DeletedBlockLogImpl.java:commitTransactions(256)) - Datanode txId=34 containerId=#34 committed by dnId=f89ecde1-abfa-4530-92e2-4a065b7725ea
2021-08-15 14:03:31,564 [EventQueue-DeleteBlockStatusForDeletedBlockLogImpl] DEBUG block.DeletedBlockLogImpl (DeletedBlockLogImpl.java:isTransactionFailed(278)) - Got block deletion ACK from datanode, TXIDs=35, success=true
2021-08-15 14:03:31,564 [EventQueue-DeleteBlockStatusForDeletedBlockLogImpl] DEBUG block.DeletedBlockLogImpl (DeletedBlockLogImpl.java:commitTransactions(256)) - Datanode txId=35 containerId=#35 committed by dnId=f89ecde1-abfa-4530-92e2-4a065b7725ea
2021-08-15 14:03:31,564 [EventQueue-DeleteBlockStatusForDeletedBlockLogImpl] DEBUG block.DeletedBlockLogImpl (DeletedBlockLogImpl.java:isTransactionFailed(278)) - Got block deletion ACK from datanode, TXIDs=36, success=true
2021-08-15 14:03:31,564 [EventQueue-DeleteBlockStatusForDeletedBlockLogImpl] DEBUG block.DeletedBlockLogImpl (DeletedBlockLogImpl.java:commitTransactions(256)) - Datanode txId=36 containerId=#36 committed by dnId=f89ecde1-abfa-4530-92e2-4a065b7725ea
2021-08-15 14:03:31,564 [EventQueue-DeleteBlockStatusForDeletedBlockLogImpl] DEBUG block.DeletedBlockLogImpl (DeletedBlockLogImpl.java:isTransactionFailed(278)) - Got block deletion ACK from datanode, TXIDs=37, success=true
2021-08-15 14:03:31,564 [EventQueue-DeleteBlockStatusForDeletedBlockLogImpl] DEBUG block.DeletedBlockLogImpl (DeletedBlockLogImpl.java:commitTransactions(256)) - Datanode txId=37 containerId=#37 committed by dnId=f89ecde1-abfa-4530-92e2-4a065b7725ea
2021-08-15 14:03:31,564 [EventQueue-DeleteBlockStatusForDeletedBlockLogImpl] DEBUG block.DeletedBlockLogImpl (DeletedBlockLogImpl.java:isTransactionFailed(278)) - Got block deletion ACK from datanode, TXIDs=38, success=true
2021-08-15 14:03:31,564 [EventQueue-DeleteBlockStatusForDeletedBlockLogImpl] DEBUG block.DeletedBlockLogImpl (DeletedBlockLogImpl.java:commitTransactions(256)) - Datanode txId=38 containerId=#38 committed by dnId=f89ecde1-abfa-4530-92e2-4a065b7725ea
2021-08-15 14:03:31,564 [EventQueue-DeleteBlockStatusForDeletedBlockLogImpl] DEBUG block.DeletedBlockLogImpl (DeletedBlockLogImpl.java:isTransactionFailed(278)) - Got block deletion ACK from datanode, TXIDs=39, success=true
2021-08-15 14:03:31,564 [EventQueue-DeleteBlockStatusForDeletedBlockLogImpl] DEBUG block.DeletedBlockLogImpl (DeletedBlockLogImpl.java:commitTransactions(256)) - Datanode txId=39 containerId=#39 committed by dnId=f89ecde1-abfa-4530-92e2-4a065b7725ea
2021-08-15 14:03:31,564 [EventQueue-DeleteBlockStatusForDeletedBlockLogImpl] DEBUG block.DeletedBlockLogImpl (DeletedBlockLogImpl.java:isTransactionFailed(278)) - Got block deletion ACK from datanode, TXIDs=40, success=true
2021-08-15 14:03:31,564 [EventQueue-DeleteBlockStatusForDeletedBlockLogImpl] DEBUG block.DeletedBlockLogImpl (DeletedBlockLogImpl.java:commitTransactions(256)) - Datanode txId=40 containerId=#40 committed by dnId=f89ecde1-abfa-4530-92e2-4a065b7725ea
2021-08-15 14:03:31,564 [EventQueue-DeleteBlockStatusForDeletedBlockLogImpl] DEBUG block.DeletedBlockLogImpl (DeletedBlockLogImpl.java:isTransactionFailed(278)) - Got block deletion ACK from datanode, TXIDs=41, success=true
2021-08-15 14:03:31,565 [EventQueue-DeleteBlockStatusForDeletedBlockLogImpl] DEBUG block.DeletedBlockLogImpl (DeletedBlockLogImpl.java:commitTransactions(256)) - Datanode txId=41 containerId=#41 committed by dnId=f89ecde1-abfa-4530-92e2-4a065b7725ea
2021-08-15 14:03:31,565 [EventQueue-DeleteBlockStatusForDeletedBlockLogImpl] DEBUG block.DeletedBlockLogImpl (DeletedBlockLogImpl.java:isTransactionFailed(278)) - Got block deletion ACK from datanode, TXIDs=42, success=true
2021-08-15 14:03:31,565 [EventQueue-DeleteBlockStatusForDeletedBlockLogImpl] DEBUG block.DeletedBlockLogImpl (DeletedBlockLogImpl.java:commitTransactions(256)) - Datanode txId=42 containerId=#42 committed by dnId=f89ecde1-abfa-4530-92e2-4a065b7725ea
2021-08-15 14:03:31,565 [EventQueue-DeleteBlockStatusForDeletedBlockLogImpl] DEBUG block.DeletedBlockLogImpl (DeletedBlockLogImpl.java:isTransactionFailed(278)) - Got block deletion ACK from datanode, TXIDs=43, success=true
2021-08-15 14:03:31,565 [EventQueue-DeleteBlockStatusForDeletedBlockLogImpl] DEBUG block.DeletedBlockLogImpl (DeletedBlockLogImpl.java:commitTransactions(256)) - Datanode txId=43 containerId=#43 committed by dnId=f89ecde1-abfa-4530-92e2-4a065b7725ea
2021-08-15 14:03:31,565 [EventQueue-DeleteBlockStatusForDeletedBlockLogImpl] DEBUG block.DeletedBlockLogImpl (DeletedBlockLogImpl.java:isTransactionFailed(278)) - Got block deletion ACK from datanode, TXIDs=44, success=true
2021-08-15 14:03:31,565 [EventQueue-DeleteBlockStatusForDeletedBlockLogImpl] DEBUG block.DeletedBlockLogImpl (DeletedBlockLogImpl.java:commitTransactions(256)) - Datanode txId=44 containerId=#44 committed by dnId=f89ecde1-abfa-4530-92e2-4a065b7725ea
2021-08-15 14:03:31,565 [EventQueue-DeleteBlockStatusForDeletedBlockLogImpl] DEBUG block.DeletedBlockLogImpl (DeletedBlockLogImpl.java:isTransactionFailed(278)) - Got block deletion ACK from datanode, TXIDs=45, success=true
2021-08-15 14:03:31,565 [EventQueue-DeleteBlockStatusForDeletedBlockLogImpl] DEBUG block.DeletedBlockLogImpl (DeletedBlockLogImpl.java:commitTransactions(256)) - Datanode txId=45 containerId=#45 committed by dnId=f89ecde1-abfa-4530-92e2-4a065b7725ea
2021-08-15 14:03:31,565 [EventQueue-DeleteBlockStatusForDeletedBlockLogImpl] DEBUG block.DeletedBlockLogImpl (DeletedBlockLogImpl.java:isTransactionFailed(278)) - Got block deletion ACK from datanode, TXIDs=46, success=true
2021-08-15 14:03:31,565 [EventQueue-DeleteBlockStatusForDeletedBlockLogImpl] DEBUG block.DeletedBlockLogImpl (DeletedBlockLogImpl.java:commitTransactions(256)) - Datanode txId=46 containerId=#46 committed by dnId=f89ecde1-abfa-4530-92e2-4a065b7725ea
2021-08-15 14:03:31,565 [EventQueue-DeleteBlockStatusForDeletedBlockLogImpl] DEBUG block.DeletedBlockLogImpl (DeletedBlockLogImpl.java:isTransactionFailed(278)) - Got block deletion ACK from datanode, TXIDs=47, success=true
2021-08-15 14:03:31,565 [EventQueue-DeleteBlockStatusForDeletedBlockLogImpl] DEBUG block.DeletedBlockLogImpl (DeletedBlockLogImpl.java:commitTransactions(256)) - Datanode txId=47 containerId=#47 committed by dnId=f89ecde1-abfa-4530-92e2-4a065b7725ea
2021-08-15 14:03:31,565 [EventQueue-DeleteBlockStatusForDeletedBlockLogImpl] DEBUG block.DeletedBlockLogImpl (DeletedBlockLogImpl.java:isTransactionFailed(278)) - Got block deletion ACK from datanode, TXIDs=48, success=true
2021-08-15 14:03:31,565 [EventQueue-DeleteBlockStatusForDeletedBlockLogImpl] DEBUG block.DeletedBlockLogImpl (DeletedBlockLogImpl.java:commitTransactions(256)) - Datanode txId=48 containerId=#48 committed by dnId=f89ecde1-abfa-4530-92e2-4a065b7725ea
2021-08-15 14:03:31,565 [EventQueue-DeleteBlockStatusForDeletedBlockLogImpl] DEBUG block.DeletedBlockLogImpl (DeletedBlockLogImpl.java:isTransactionFailed(278)) - Got block deletion ACK from datanode, TXIDs=49, success=true
2021-08-15 14:03:31,565 [EventQueue-DeleteBlockStatusForDeletedBlockLogImpl] DEBUG block.DeletedBlockLogImpl (DeletedBlockLogImpl.java:commitTransactions(256)) - Datanode txId=49 containerId=#49 committed by dnId=f89ecde1-abfa-4530-92e2-4a065b7725ea
2021-08-15 14:03:31,565 [EventQueue-DeleteBlockStatusForDeletedBlockLogImpl] DEBUG block.DeletedBlockLogImpl (DeletedBlockLogImpl.java:isTransactionFailed(278)) - Got block deletion ACK from datanode, TXIDs=50, success=true
2021-08-15 14:03:31,565 [EventQueue-DeleteBlockStatusForDeletedBlockLogImpl] DEBUG block.DeletedBlockLogImpl (DeletedBlockLogImpl.java:commitTransactions(256)) - Datanode txId=50 containerId=#50 committed by dnId=f89ecde1-abfa-4530-92e2-4a065b7725ea
2021-08-15 14:03:31,565 [EventQueue-DeleteBlockStatusForDeletedBlockLogImpl] DEBUG block.DeletedBlockLogImpl (DeletedBlockLogImpl.java:isTransactionFailed(278)) - Got block deletion ACK from datanode, TXIDs=51, success=true
2021-08-15 14:03:31,565 [EventQueue-DeleteBlockStatusForDeletedBlockLogImpl] DEBUG block.DeletedBlockLogImpl (DeletedBlockLogImpl.java:commitTransactions(256)) - Datanode txId=51 containerId=#51 committed by dnId=f89ecde1-abfa-4530-92e2-4a065b7725ea
2021-08-15 14:03:31,565 [EventQueue-DeleteBlockStatusForDeletedBlockLogImpl] DEBUG block.DeletedBlockLogImpl (DeletedBlockLogImpl.java:isTransactionFailed(278)) - Got block deletion ACK from datanode, TXIDs=52, success=true
2021-08-15 14:03:31,565 [EventQueue-DeleteBlockStatusForDeletedBlockLogImpl] DEBUG block.DeletedBlockLogImpl (DeletedBlockLogImpl.java:commitTransactions(256)) - Datanode txId=52 containerId=#52 committed by dnId=f89ecde1-abfa-4530-92e2-4a065b7725ea
2021-08-15 14:03:31,565 [EventQueue-DeleteBlockStatusForDeletedBlockLogImpl] DEBUG block.DeletedBlockLogImpl (DeletedBlockLogImpl.java:isTransactionFailed(278)) - Got block deletion ACK from datanode, TXIDs=53, success=true
2021-08-15 14:03:31,565 [EventQueue-DeleteBlockStatusForDeletedBlockLogImpl] DEBUG block.DeletedBlockLogImpl (DeletedBlockLogImpl.java:commitTransactions(256)) - Datanode txId=53 containerId=#53 committed by dnId=f89ecde1-abfa-4530-92e2-4a065b7725ea
2021-08-15 14:03:31,565 [EventQueue-DeleteBlockStatusForDeletedBlockLogImpl] DEBUG block.DeletedBlockLogImpl (DeletedBlockLogImpl.java:isTransactionFailed(278)) - Got block deletion ACK from datanode, TXIDs=54, success=true
2021-08-15 14:03:31,565 [EventQueue-DeleteBlockStatusForDeletedBlockLogImpl] DEBUG block.DeletedBlockLogImpl (DeletedBlockLogImpl.java:commitTransactions(256)) - Datanode txId=54 containerId=#54 committed by dnId=f89ecde1-abfa-4530-92e2-4a065b7725ea
2021-08-15 14:03:31,565 [EventQueue-DeleteBlockStatusForDeletedBlockLogImpl] DEBUG block.DeletedBlockLogImpl (DeletedBlockLogImpl.java:isTransactionFailed(278)) - Got block deletion ACK from datanode, TXIDs=55, success=true
2021-08-15 14:03:31,565 [EventQueue-DeleteBlockStatusForDeletedBlockLogImpl] DEBUG block.DeletedBlockLogImpl (DeletedBlockLogImpl.java:commitTransactions(256)) - Datanode txId=55 containerId=#55 committed by dnId=f89ecde1-abfa-4530-92e2-4a065b7725ea
2021-08-15 14:03:31,565 [EventQueue-DeleteBlockStatusForDeletedBlockLogImpl] DEBUG block.DeletedBlockLogImpl (DeletedBlockLogImpl.java:isTransactionFailed(278)) - Got block deletion ACK from datanode, TXIDs=56, success=true
2021-08-15 14:03:31,565 [EventQueue-DeleteBlockStatusForDeletedBlockLogImpl] DEBUG block.DeletedBlockLogImpl (DeletedBlockLogImpl.java:commitTransactions(256)) - Datanode txId=56 containerId=#56 committed by dnId=f89ecde1-abfa-4530-92e2-4a065b7725ea
2021-08-15 14:03:31,565 [EventQueue-DeleteBlockStatusForDeletedBlockLogImpl] DEBUG block.DeletedBlockLogImpl (DeletedBlockLogImpl.java:isTransactionFailed(278)) - Got block deletion ACK from datanode, TXIDs=1, success=true
2021-08-15 14:03:31,565 [EventQueue-DeleteBlockStatusForDeletedBlockLogImpl] DEBUG block.DeletedBlockLogImpl (DeletedBlockLogImpl.java:commitTransactions(224)) - Transaction txId=1 commit by dnId=f89ecde1-abfa-4530-92e2-4a065b7725ea for containerID=#1 failed. Corresponding entry not found.
2021-08-15 14:03:31,565 [EventQueue-DeleteBlockStatusForDeletedBlockLogImpl] DEBUG block.DeletedBlockLogImpl (DeletedBlockLogImpl.java:isTransactionFailed(278)) - Got block deletion ACK from datanode, TXIDs=2, success=true
2021-08-15 14:03:31,565 [EventQueue-DeleteBlockStatusForDeletedBlockLogImpl] DEBUG block.DeletedBlockLogImpl (DeletedBlockLogImpl.java:commitTransactions(224)) - Transaction txId=2 commit by dnId=f89ecde1-abfa-4530-92e2-4a065b7725ea for containerID=#2 failed. Corresponding entry not found.
2021-08-15 14:03:31,565 [EventQueue-DeleteBlockStatusForDeletedBlockLogImpl] DEBUG block.DeletedBlockLogImpl (DeletedBlockLogImpl.java:isTransactionFailed(278)) - Got block deletion ACK from datanode, TXIDs=3, success=true
2021-08-15 14:03:31,565 [EventQueue-DeleteBlockStatusForDeletedBlockLogImpl] DEBUG block.DeletedBlockLogImpl (DeletedBlockLogImpl.java:commitTransactions(224)) - Transaction txId=3 commit by dnId=f89ecde1-abfa-4530-92e2-4a065b7725ea for containerID=#3 failed. Corresponding entry not found.
2021-08-15 14:03:31,565 [EventQueue-DeleteBlockStatusForDeletedBlockLogImpl] DEBUG block.DeletedBlockLogImpl (DeletedBlockLogImpl.java:isTransactionFailed(278)) - Got block deletion ACK from datanode, TXIDs=4, success=true
2021-08-15 14:03:31,565 [EventQueue-DeleteBlockStatusForDeletedBlockLogImpl] DEBUG block.DeletedBlockLogImpl (DeletedBlockLogImpl.java:commitTransactions(224)) - Transaction txId=4 commit by dnId=f89ecde1-abfa-4530-92e2-4a065b7725ea for containerID=#4 failed. Corresponding entry not found.
2021-08-15 14:03:31,565 [EventQueue-DeleteBlockStatusForDeletedBlockLogImpl] DEBUG block.DeletedBlockLogImpl (DeletedBlockLogImpl.java:isTransactionFailed(278)) - Got block deletion ACK from datanode, TXIDs=5, success=true
2021-08-15 14:03:31,566 [EventQueue-DeleteBlockStatusForDeletedBlockLogImpl] DEBUG block.DeletedBlockLogImpl (DeletedBlockLogImpl.java:commitTransactions(224)) - Transaction txId=5 commit by dnId=f89ecde1-abfa-4530-92e2-4a065b7725ea for containerID=#5 failed. Corresponding entry not found.
2021-08-15 14:03:31,566 [EventQueue-DeleteBlockStatusForDeletedBlockLogImpl] DEBUG block.DeletedBlockLogImpl (DeletedBlockLogImpl.java:isTransactionFailed(278)) - Got block deletion ACK from datanode, TXIDs=6, success=true
2021-08-15 14:03:31,566 [EventQueue-DeleteBlockStatusForDeletedBlockLogImpl] DEBUG block.DeletedBlockLogImpl (DeletedBlockLogImpl.java:commitTransactions(224)) - Transaction txId=6 commit by dnId=f89ecde1-abfa-4530-92e2-4a065b7725ea for containerID=#6 failed. Corresponding entry not found.
2021-08-15 14:03:31,566 [EventQueue-DeleteBlockStatusForDeletedBlockLogImpl] DEBUG block.DeletedBlockLogImpl (DeletedBlockLogImpl.java:isTransactionFailed(278)) - Got block deletion ACK from datanode, TXIDs=7, success=true
2021-08-15 14:03:31,566 [EventQueue-DeleteBlockStatusForDeletedBlockLogImpl] DEBUG block.DeletedBlockLogImpl (DeletedBlockLogImpl.java:commitTransactions(224)) - Transaction txId=7 commit by dnId=f89ecde1-abfa-4530-92e2-4a065b7725ea for containerID=#7 failed. Corresponding entry not found.
2021-08-15 14:03:31,566 [EventQueue-DeleteBlockStatusForDeletedBlockLogImpl] DEBUG block.DeletedBlockLogImpl (DeletedBlockLogImpl.java:isTransactionFailed(278)) - Got block deletion ACK from datanode, TXIDs=8, success=true
2021-08-15 14:03:31,566 [EventQueue-DeleteBlockStatusForDeletedBlockLogImpl] DEBUG block.DeletedBlockLogImpl (DeletedBlockLogImpl.java:commitTransactions(224)) - Transaction txId=8 commit by dnId=f89ecde1-abfa-4530-92e2-4a065b7725ea for containerID=#8 failed. Corresponding entry not found.
2021-08-15 14:03:31,566 [EventQueue-DeleteBlockStatusForDeletedBlockLogImpl] DEBUG block.DeletedBlockLogImpl (DeletedBlockLogImpl.java:isTransactionFailed(278)) - Got block deletion ACK from datanode, TXIDs=9, success=true
2021-08-15 14:03:31,566 [EventQueue-DeleteBlockStatusForDeletedBlockLogImpl] DEBUG block.DeletedBlockLogImpl (DeletedBlockLogImpl.java:commitTransactions(224)) - Transaction txId=9 commit by dnId=f89ecde1-abfa-4530-92e2-4a065b7725ea for containerID=#9 failed. Corresponding entry not found.
2021-08-15 14:03:31,566 [EventQueue-DeleteBlockStatusForDeletedBlockLogImpl] DEBUG block.DeletedBlockLogImpl (DeletedBlockLogImpl.java:isTransactionFailed(278)) - Got block deletion ACK from datanode, TXIDs=10, success=true
2021-08-15 14:03:31,566 [EventQueue-DeleteBlockStatusForDeletedBlockLogImpl] DEBUG block.DeletedBlockLogImpl (DeletedBlockLogImpl.java:commitTransactions(224)) - Transaction txId=10 commit by dnId=f89ecde1-abfa-4530-92e2-4a065b7725ea for containerID=#10 failed. Corresponding entry not found.
2021-08-15 14:03:31,566 [EventQueue-DeleteBlockStatusForDeletedBlockLogImpl] DEBUG block.DeletedBlockLogImpl (DeletedBlockLogImpl.java:isTransactionFailed(278)) - Got block deletion ACK from datanode, TXIDs=11, success=true
2021-08-15 14:03:31,566 [EventQueue-DeleteBlockStatusForDeletedBlockLogImpl] DEBUG block.DeletedBlockLogImpl (DeletedBlockLogImpl.java:commitTransactions(224)) - Transaction txId=11 commit by dnId=f89ecde1-abfa-4530-92e2-4a065b7725ea for containerID=#11 failed. Corresponding entry not found.
2021-08-15 14:03:31,566 [EventQueue-DeleteBlockStatusForDeletedBlockLogImpl] DEBUG block.DeletedBlockLogImpl (DeletedBlockLogImpl.java:isTransactionFailed(278)) - Got block deletion ACK from datanode, TXIDs=12, success=true
2021-08-15 14:03:31,566 [EventQueue-DeleteBlockStatusForDeletedBlockLogImpl] DEBUG block.DeletedBlockLogImpl (DeletedBlockLogImpl.java:commitTransactions(224)) - Transaction txId=12 commit by dnId=f89ecde1-abfa-4530-92e2-4a065b7725ea for containerID=#12 failed. Corresponding entry not found.
2021-08-15 14:03:31,566 [EventQueue-DeleteBlockStatusForDeletedBlockLogImpl] DEBUG block.DeletedBlockLogImpl (DeletedBlockLogImpl.java:isTransactionFailed(278)) - Got block deletion ACK from datanode, TXIDs=13, success=true
2021-08-15 14:03:31,566 [EventQueue-DeleteBlockStatusForDeletedBlockLogImpl] DEBUG block.DeletedBlockLogImpl (DeletedBlockLogImpl.java:commitTransactions(224)) - Transaction txId=13 commit by dnId=f89ecde1-abfa-4530-92e2-4a065b7725ea for containerID=#13 failed. Corresponding entry not found.
2021-08-15 14:03:31,566 [EventQueue-DeleteBlockStatusForDeletedBlockLogImpl] DEBUG block.DeletedBlockLogImpl (DeletedBlockLogImpl.java:isTransactionFailed(278)) - Got block deletion ACK from datanode, TXIDs=14, success=true
2021-08-15 14:03:31,566 [EventQueue-DeleteBlockStatusForDeletedBlockLogImpl] DEBUG block.DeletedBlockLogImpl (DeletedBlockLogImpl.java:commitTransactions(224)) - Transaction txId=14 commit by dnId=f89ecde1-abfa-4530-92e2-4a065b7725ea for containerID=#14 failed. Corresponding entry not found.
2021-08-15 14:03:31,566 [EventQueue-DeleteBlockStatusForDeletedBlockLogImpl] DEBUG block.DeletedBlockLogImpl (DeletedBlockLogImpl.java:isTransactionFailed(278)) - Got block deletion ACK from datanode, TXIDs=15, success=true
2021-08-15 14:03:31,566 [EventQueue-DeleteBlockStatusForDeletedBlockLogImpl] DEBUG block.DeletedBlockLogImpl (DeletedBlockLogImpl.java:commitTransactions(224)) - Transaction txId=15 commit by dnId=f89ecde1-abfa-4530-92e2-4a065b7725ea for containerID=#15 failed. Corresponding entry not found.
2021-08-15 14:03:31,566 [EventQueue-DeleteBlockStatusForDeletedBlockLogImpl] DEBUG block.DeletedBlockLogImpl (DeletedBlockLogImpl.java:isTransactionFailed(278)) - Got block deletion ACK from datanode, TXIDs=16, success=true
2021-08-15 14:03:31,566 [EventQueue-DeleteBlockStatusForDeletedBlockLogImpl] DEBUG block.DeletedBlockLogImpl (DeletedBlockLogImpl.java:commitTransactions(224)) - Transaction txId=16 commit by dnId=f89ecde1-abfa-4530-92e2-4a065b7725ea for containerID=#16 failed. Corresponding entry not found.
2021-08-15 14:03:31,566 [EventQueue-DeleteBlockStatusForDeletedBlockLogImpl] DEBUG block.DeletedBlockLogImpl (DeletedBlockLogImpl.java:isTransactionFailed(278)) - Got block deletion ACK from datanode, TXIDs=17, success=true
2021-08-15 14:03:31,566 [EventQueue-DeleteBlockStatusForDeletedBlockLogImpl] DEBUG block.DeletedBlockLogImpl (DeletedBlockLogImpl.java:commitTransactions(224)) - Transaction txId=17 commit by dnId=f89ecde1-abfa-4530-92e2-4a065b7725ea for containerID=#17 failed. Corresponding entry not found.
2021-08-15 14:03:31,566 [EventQueue-DeleteBlockStatusForDeletedBlockLogImpl] DEBUG block.DeletedBlockLogImpl (DeletedBlockLogImpl.java:isTransactionFailed(278)) - Got block deletion ACK from datanode, TXIDs=18, success=true
2021-08-15 14:03:31,566 [EventQueue-DeleteBlockStatusForDeletedBlockLogImpl] DEBUG block.DeletedBlockLogImpl (DeletedBlockLogImpl.java:commitTransactions(224)) - Transaction txId=18 commit by dnId=f89ecde1-abfa-4530-92e2-4a065b7725ea for containerID=#18 failed. Corresponding entry not found.
2021-08-15 14:03:31,566 [EventQueue-DeleteBlockStatusForDeletedBlockLogImpl] DEBUG block.DeletedBlockLogImpl (DeletedBlockLogImpl.java:isTransactionFailed(278)) - Got block deletion ACK from datanode, TXIDs=17, success=true
2021-08-15 14:03:31,566 [EventQueue-DeleteBlockStatusForDeletedBlockLogImpl] DEBUG block.DeletedBlockLogImpl (DeletedBlockLogImpl.java:commitTransactions(224)) - Transaction txId=17 commit by dnId=f89ecde1-abfa-4530-92e2-4a065b7725ea for containerID=#17 failed. Corresponding entry not found.
2021-08-15 14:03:31,566 [EventQueue-DeleteBlockStatusForDeletedBlockLogImpl] DEBUG block.DeletedBlockLogImpl (DeletedBlockLogImpl.java:isTransactionFailed(278)) - Got block deletion ACK from datanode, TXIDs=18, success=true
2021-08-15 14:03:31,566 [EventQueue-DeleteBlockStatusForDeletedBlockLogImpl] DEBUG block.DeletedBlockLogImpl (DeletedBlockLogImpl.java:commitTransactions(224)) - Transaction txId=18 commit by dnId=f89ecde1-abfa-4530-92e2-4a065b7725ea for containerID=#18 failed. Corresponding entry not found.
2021-08-15 14:03:31,566 [EventQueue-DeleteBlockStatusForDeletedBlockLogImpl] DEBUG block.DeletedBlockLogImpl (DeletedBlockLogImpl.java:isTransactionFailed(278)) - Got block deletion ACK from datanode, TXIDs=19, success=true
2021-08-15 14:03:31,566 [EventQueue-DeleteBlockStatusForDeletedBlockLogImpl] DEBUG block.DeletedBlockLogImpl (DeletedBlockLogImpl.java:commitTransactions(224)) - Transaction txId=19 commit by dnId=f89ecde1-abfa-4530-92e2-4a065b7725ea for containerID=#19 failed. Corresponding entry not found.
2021-08-15 14:03:31,566 [EventQueue-DeleteBlockStatusForDeletedBlockLogImpl] DEBUG block.DeletedBlockLogImpl (DeletedBlockLogImpl.java:isTransactionFailed(278)) - Got block deletion ACK from datanode, TXIDs=20, success=true
2021-08-15 14:03:31,566 [EventQueue-DeleteBlockStatusForDeletedBlockLogImpl] DEBUG block.DeletedBlockLogImpl (DeletedBlockLogImpl.java:commitTransactions(224)) - Transaction txId=20 commit by dnId=f89ecde1-abfa-4530-92e2-4a065b7725ea for containerID=#20 failed. Corresponding entry not found.
2021-08-15 14:03:31,566 [EventQueue-DeleteBlockStatusForDeletedBlockLogImpl] DEBUG block.DeletedBlockLogImpl (DeletedBlockLogImpl.java:isTransactionFailed(278)) - Got block deletion ACK from datanode, TXIDs=21, success=true
2021-08-15 14:03:31,566 [EventQueue-DeleteBlockStatusForDeletedBlockLogImpl] DEBUG block.DeletedBlockLogImpl (DeletedBlockLogImpl.java:commitTransactions(224)) - Transaction txId=21 commit by dnId=f89ecde1-abfa-4530-92e2-4a065b7725ea for containerID=#21 failed. Corresponding entry not found.
2021-08-15 14:03:31,566 [EventQueue-DeleteBlockStatusForDeletedBlockLogImpl] DEBUG block.DeletedBlockLogImpl (DeletedBlockLogImpl.java:isTransactionFailed(278)) - Got block deletion ACK from datanode, TXIDs=22, success=true
2021-08-15 14:03:31,566 [EventQueue-DeleteBlockStatusForDeletedBlockLogImpl] DEBUG block.DeletedBlockLogImpl (DeletedBlockLogImpl.java:commitTransactions(224)) - Transaction txId=22 commit by dnId=f89ecde1-abfa-4530-92e2-4a065b7725ea for containerID=#22 failed. Corresponding entry not found.
2021-08-15 14:03:31,566 [EventQueue-DeleteBlockStatusForDeletedBlockLogImpl] DEBUG block.DeletedBlockLogImpl (DeletedBlockLogImpl.java:isTransactionFailed(278)) - Got block deletion ACK from datanode, TXIDs=23, success=true
2021-08-15 14:03:31,566 [EventQueue-DeleteBlockStatusForDeletedBlockLogImpl] DEBUG block.DeletedBlockLogImpl (DeletedBlockLogImpl.java:commitTransactions(224)) - Transaction txId=23 commit by dnId=f89ecde1-abfa-4530-92e2-4a065b7725ea for containerID=#23 failed. Corresponding entry not found.
2021-08-15 14:03:31,566 [EventQueue-DeleteBlockStatusForDeletedBlockLogImpl] DEBUG block.DeletedBlockLogImpl (DeletedBlockLogImpl.java:isTransactionFailed(278)) - Got block deletion ACK from datanode, TXIDs=24, success=true
2021-08-15 14:03:31,566 [EventQueue-DeleteBlockStatusForDeletedBlockLogImpl] DEBUG block.DeletedBlockLogImpl (DeletedBlockLogImpl.java:commitTransactions(224)) - Transaction txId=24 commit by dnId=f89ecde1-abfa-4530-92e2-4a065b7725ea for containerID=#24 failed. Corresponding entry not found.
2021-08-15 14:03:31,566 [EventQueue-DeleteBlockStatusForDeletedBlockLogImpl] DEBUG block.DeletedBlockLogImpl (DeletedBlockLogImpl.java:isTransactionFailed(278)) - Got block deletion ACK from datanode, TXIDs=25, success=true
2021-08-15 14:03:31,567 [EventQueue-DeleteBlockStatusForDeletedBlockLogImpl] DEBUG block.DeletedBlockLogImpl (DeletedBlockLogImpl.java:commitTransactions(224)) - Transaction txId=25 commit by dnId=f89ecde1-abfa-4530-92e2-4a065b7725ea for containerID=#25 failed. Corresponding entry not found.
2021-08-15 14:03:31,567 [EventQueue-DeleteBlockStatusForDeletedBlockLogImpl] DEBUG block.DeletedBlockLogImpl (DeletedBlockLogImpl.java:isTransactionFailed(278)) - Got block deletion ACK from datanode, TXIDs=26, success=true
2021-08-15 14:03:31,567 [EventQueue-DeleteBlockStatusForDeletedBlockLogImpl] DEBUG block.DeletedBlockLogImpl (DeletedBlockLogImpl.java:commitTransactions(224)) - Transaction txId=26 commit by dnId=f89ecde1-abfa-4530-92e2-4a065b7725ea for containerID=#26 failed. Corresponding entry not found.
2021-08-15 14:03:31,567 [EventQueue-DeleteBlockStatusForDeletedBlockLogImpl] DEBUG block.DeletedBlockLogImpl (DeletedBlockLogImpl.java:isTransactionFailed(278)) - Got block deletion ACK from datanode, TXIDs=27, success=true
2021-08-15 14:03:31,567 [EventQueue-DeleteBlockStatusForDeletedBlockLogImpl] DEBUG block.DeletedBlockLogImpl (DeletedBlockLogImpl.java:commitTransactions(256)) - Datanode txId=27 containerId=#27 committed by dnId=f89ecde1-abfa-4530-92e2-4a065b7725ea
2021-08-15 14:03:31,567 [EventQueue-DeleteBlockStatusForDeletedBlockLogImpl] DEBUG block.DeletedBlockLogImpl (DeletedBlockLogImpl.java:isTransactionFailed(278)) - Got block deletion ACK from datanode, TXIDs=28, success=true
2021-08-15 14:03:31,567 [EventQueue-DeleteBlockStatusForDeletedBlockLogImpl] DEBUG block.DeletedBlockLogImpl (DeletedBlockLogImpl.java:commitTransactions(256)) - Datanode txId=28 containerId=#28 committed by dnId=f89ecde1-abfa-4530-92e2-4a065b7725ea
2021-08-15 14:03:31,567 [EventQueue-DeleteBlockStatusForDeletedBlockLogImpl] DEBUG block.DeletedBlockLogImpl (DeletedBlockLogImpl.java:isTransactionFailed(278)) - Got block deletion ACK from datanode, TXIDs=29, success=true
2021-08-15 14:03:31,567 [EventQueue-DeleteBlockStatusForDeletedBlockLogImpl] DEBUG block.DeletedBlockLogImpl (DeletedBlockLogImpl.java:commitTransactions(256)) - Datanode txId=29 containerId=#29 committed by dnId=f89ecde1-abfa-4530-92e2-4a065b7725ea
2021-08-15 14:03:31,567 [EventQueue-DeleteBlockStatusForDeletedBlockLogImpl] DEBUG block.DeletedBlockLogImpl (DeletedBlockLogImpl.java:isTransactionFailed(278)) - Got block deletion ACK from datanode, TXIDs=30, success=true
2021-08-15 14:03:31,567 [EventQueue-DeleteBlockStatusForDeletedBlockLogImpl] DEBUG block.DeletedBlockLogImpl (DeletedBlockLogImpl.java:commitTransactions(256)) - Datanode txId=30 containerId=#30 committed by dnId=f89ecde1-abfa-4530-92e2-4a065b7725ea
2021-08-15 14:03:31,567 [EventQueue-DeleteBlockStatusForDeletedBlockLogImpl] DEBUG block.DeletedBlockLogImpl (DeletedBlockLogImpl.java:isTransactionFailed(278)) - Got block deletion ACK from datanode, TXIDs=31, success=true
2021-08-15 14:03:31,567 [EventQueue-DeleteBlockStatusForDeletedBlockLogImpl] DEBUG block.DeletedBlockLogImpl (DeletedBlockLogImpl.java:commitTransactions(256)) - Datanode txId=31 containerId=#31 committed by dnId=f89ecde1-abfa-4530-92e2-4a065b7725ea
2021-08-15 14:03:31,567 [EventQueue-DeleteBlockStatusForDeletedBlockLogImpl] DEBUG block.DeletedBlockLogImpl (DeletedBlockLogImpl.java:isTransactionFailed(278)) - Got block deletion ACK from datanode, TXIDs=32, success=true
2021-08-15 14:03:31,567 [EventQueue-DeleteBlockStatusForDeletedBlockLogImpl] DEBUG block.DeletedBlockLogImpl (DeletedBlockLogImpl.java:commitTransactions(256)) - Datanode txId=32 containerId=#32 committed by dnId=f89ecde1-abfa-4530-92e2-4a065b7725ea
2021-08-15 14:03:31,567 [EventQueue-DeleteBlockStatusForDeletedBlockLogImpl] DEBUG block.DeletedBlockLogImpl (DeletedBlockLogImpl.java:isTransactionFailed(278)) - Got block deletion ACK from datanode, TXIDs=33, success=true
2021-08-15 14:03:31,567 [EventQueue-DeleteBlockStatusForDeletedBlockLogImpl] DEBUG block.DeletedBlockLogImpl (DeletedBlockLogImpl.java:commitTransactions(256)) - Datanode txId=33 containerId=#33 committed by dnId=f89ecde1-abfa-4530-92e2-4a065b7725ea
2021-08-15 14:03:31,567 [EventQueue-DeleteBlockStatusForDeletedBlockLogImpl] DEBUG block.DeletedBlockLogImpl (DeletedBlockLogImpl.java:isTransactionFailed(278)) - Got block deletion ACK from datanode, TXIDs=34, success=true
2021-08-15 14:03:31,567 [EventQueue-DeleteBlockStatusForDeletedBlockLogImpl] DEBUG block.DeletedBlockLogImpl (DeletedBlockLogImpl.java:commitTransactions(256)) - Datanode txId=34 containerId=#34 committed by dnId=f89ecde1-abfa-4530-92e2-4a065b7725ea
2021-08-15 14:03:31,567 [EventQueue-DeleteBlockStatusForDeletedBlockLogImpl] DEBUG block.DeletedBlockLogImpl (DeletedBlockLogImpl.java:isTransactionFailed(278)) - Got block deletion ACK from datanode, TXIDs=35, success=true
2021-08-15 14:03:31,567 [EventQueue-DeleteBlockStatusForDeletedBlockLogImpl] DEBUG block.DeletedBlockLogImpl (DeletedBlockLogImpl.java:commitTransactions(256)) - Datanode txId=35 containerId=#35 committed by dnId=f89ecde1-abfa-4530-92e2-4a065b7725ea
2021-08-15 14:03:31,567 [EventQueue-DeleteBlockStatusForDeletedBlockLogImpl] DEBUG block.DeletedBlockLogImpl (DeletedBlockLogImpl.java:isTransactionFailed(278)) - Got block deletion ACK from datanode, TXIDs=36, success=true
2021-08-15 14:03:31,567 [EventQueue-DeleteBlockStatusForDeletedBlockLogImpl] DEBUG block.DeletedBlockLogImpl (DeletedBlockLogImpl.java:commitTransactions(256)) - Datanode txId=36 containerId=#36 committed by dnId=f89ecde1-abfa-4530-92e2-4a065b7725ea
2021-08-15 14:03:31,567 [EventQueue-DeleteBlockStatusForDeletedBlockLogImpl] DEBUG block.DeletedBlockLogImpl (DeletedBlockLogImpl.java:isTransactionFailed(278)) - Got block deletion ACK from datanode, TXIDs=37, success=true
2021-08-15 14:03:31,567 [EventQueue-DeleteBlockStatusForDeletedBlockLogImpl] DEBUG block.DeletedBlockLogImpl (DeletedBlockLogImpl.java:commitTransactions(256)) - Datanode txId=37 containerId=#37 committed by dnId=f89ecde1-abfa-4530-92e2-4a065b7725ea
2021-08-15 14:03:31,567 [EventQueue-DeleteBlockStatusForDeletedBlockLogImpl] DEBUG block.DeletedBlockLogImpl (DeletedBlockLogImpl.java:isTransactionFailed(278)) - Got block deletion ACK from datanode, TXIDs=38, success=true
2021-08-15 14:03:31,567 [EventQueue-DeleteBlockStatusForDeletedBlockLogImpl] DEBUG block.DeletedBlockLogImpl (DeletedBlockLogImpl.java:commitTransactions(256)) - Datanode txId=38 containerId=#38 committed by dnId=f89ecde1-abfa-4530-92e2-4a065b7725ea
2021-08-15 14:03:31,567 [EventQueue-DeleteBlockStatusForDeletedBlockLogImpl] DEBUG block.DeletedBlockLogImpl (DeletedBlockLogImpl.java:isTransactionFailed(278)) - Got block deletion ACK from datanode, TXIDs=39, success=true
2021-08-15 14:03:31,567 [EventQueue-DeleteBlockStatusForDeletedBlockLogImpl] DEBUG block.DeletedBlockLogImpl (DeletedBlockLogImpl.java:commitTransactions(256)) - Datanode txId=39 containerId=#39 committed by dnId=f89ecde1-abfa-4530-92e2-4a065b7725ea
2021-08-15 14:03:31,567 [EventQueue-DeleteBlockStatusForDeletedBlockLogImpl] DEBUG block.DeletedBlockLogImpl (DeletedBlockLogImpl.java:isTransactionFailed(278)) - Got block deletion ACK from datanode, TXIDs=40, success=true
2021-08-15 14:03:31,567 [EventQueue-DeleteBlockStatusForDeletedBlockLogImpl] DEBUG block.DeletedBlockLogImpl (DeletedBlockLogImpl.java:commitTransactions(256)) - Datanode txId=40 containerId=#40 committed by dnId=f89ecde1-abfa-4530-92e2-4a065b7725ea
2021-08-15 14:03:31,567 [EventQueue-DeleteBlockStatusForDeletedBlockLogImpl] DEBUG block.DeletedBlockLogImpl (DeletedBlockLogImpl.java:isTransactionFailed(278)) - Got block deletion ACK from datanode, TXIDs=41, success=true
2021-08-15 14:03:31,567 [EventQueue-DeleteBlockStatusForDeletedBlockLogImpl] DEBUG block.DeletedBlockLogImpl (DeletedBlockLogImpl.java:commitTransactions(256)) - Datanode txId=41 containerId=#41 committed by dnId=f89ecde1-abfa-4530-92e2-4a065b7725ea
2021-08-15 14:03:31,567 [EventQueue-DeleteBlockStatusForDeletedBlockLogImpl] DEBUG block.DeletedBlockLogImpl (DeletedBlockLogImpl.java:isTransactionFailed(278)) - Got block deletion ACK from datanode, TXIDs=42, success=true
2021-08-15 14:03:31,567 [EventQueue-DeleteBlockStatusForDeletedBlockLogImpl] DEBUG block.DeletedBlockLogImpl (DeletedBlockLogImpl.java:commitTransactions(256)) - Datanode txId=42 containerId=#42 committed by dnId=f89ecde1-abfa-4530-92e2-4a065b7725ea
2021-08-15 14:03:31,567 [EventQueue-DeleteBlockStatusForDeletedBlockLogImpl] DEBUG block.DeletedBlockLogImpl (DeletedBlockLogImpl.java:isTransactionFailed(278)) - Got block deletion ACK from datanode, TXIDs=43, success=true
2021-08-15 14:03:31,567 [EventQueue-DeleteBlockStatusForDeletedBlockLogImpl] DEBUG block.DeletedBlockLogImpl (DeletedBlockLogImpl.java:commitTransactions(256)) - Datanode txId=43 containerId=#43 committed by dnId=f89ecde1-abfa-4530-92e2-4a065b7725ea
2021-08-15 14:03:31,567 [EventQueue-DeleteBlockStatusForDeletedBlockLogImpl] DEBUG block.DeletedBlockLogImpl (DeletedBlockLogImpl.java:isTransactionFailed(278)) - Got block deletion ACK from datanode, TXIDs=44, success=true
2021-08-15 14:03:31,567 [EventQueue-DeleteBlockStatusForDeletedBlockLogImpl] DEBUG block.DeletedBlockLogImpl (DeletedBlockLogImpl.java:commitTransactions(256)) - Datanode txId=44 containerId=#44 committed by dnId=f89ecde1-abfa-4530-92e2-4a065b7725ea
2021-08-15 14:03:31,567 [EventQueue-DeleteBlockStatusForDeletedBlockLogImpl] DEBUG block.DeletedBlockLogImpl (DeletedBlockLogImpl.java:isTransactionFailed(278)) - Got block deletion ACK from datanode, TXIDs=45, success=true
2021-08-15 14:03:31,567 [EventQueue-DeleteBlockStatusForDeletedBlockLogImpl] DEBUG block.DeletedBlockLogImpl (DeletedBlockLogImpl.java:commitTransactions(256)) - Datanode txId=45 containerId=#45 committed by dnId=f89ecde1-abfa-4530-92e2-4a065b7725ea
2021-08-15 14:03:31,567 [EventQueue-DeleteBlockStatusForDeletedBlockLogImpl] DEBUG block.DeletedBlockLogImpl (DeletedBlockLogImpl.java:isTransactionFailed(278)) - Got block deletion ACK from datanode, TXIDs=46, success=true
2021-08-15 14:03:31,568 [EventQueue-DeleteBlockStatusForDeletedBlockLogImpl] DEBUG block.DeletedBlockLogImpl (DeletedBlockLogImpl.java:commitTransactions(256)) - Datanode txId=46 containerId=#46 committed by dnId=f89ecde1-abfa-4530-92e2-4a065b7725ea
2021-08-15 14:03:31,568 [EventQueue-DeleteBlockStatusForDeletedBlockLogImpl] DEBUG block.DeletedBlockLogImpl (DeletedBlockLogImpl.java:isTransactionFailed(278)) - Got block deletion ACK from datanode, TXIDs=47, success=true
2021-08-15 14:03:31,568 [EventQueue-DeleteBlockStatusForDeletedBlockLogImpl] DEBUG block.DeletedBlockLogImpl (DeletedBlockLogImpl.java:commitTransactions(256)) - Datanode txId=47 containerId=#47 committed by dnId=f89ecde1-abfa-4530-92e2-4a065b7725ea
2021-08-15 14:03:31,568 [EventQueue-DeleteBlockStatusForDeletedBlockLogImpl] DEBUG block.DeletedBlockLogImpl (DeletedBlockLogImpl.java:isTransactionFailed(278)) - Got block deletion ACK from datanode, TXIDs=48, success=true
2021-08-15 14:03:31,568 [EventQueue-DeleteBlockStatusForDeletedBlockLogImpl] DEBUG block.DeletedBlockLogImpl (DeletedBlockLogImpl.java:commitTransactions(256)) - Datanode txId=48 containerId=#48 committed by dnId=f89ecde1-abfa-4530-92e2-4a065b7725ea
2021-08-15 14:03:31,568 [EventQueue-DeleteBlockStatusForDeletedBlockLogImpl] DEBUG block.DeletedBlockLogImpl (DeletedBlockLogImpl.java:isTransactionFailed(278)) - Got block deletion ACK from datanode, TXIDs=49, success=true
2021-08-15 14:03:31,574 [SCMBlockDeletingService#0] DEBUG block.SCMBlockDeletingService (SCMBlockDeletingService.java:call(133)) - Running DeletedBlockTransactionScanner
2021-08-15 14:03:31,580 [EventQueue-DeleteBlockStatusForDeletedBlockLogImpl] DEBUG block.DeletedBlockLogImpl (DeletedBlockLogImpl.java:commitTransactions(256)) - Datanode txId=49 containerId=#49 committed by dnId=f89ecde1-abfa-4530-92e2-4a065b7725ea
2021-08-15 14:03:31,583 [EventQueue-DeleteBlockStatusForDeletedBlockLogImpl] DEBUG block.DeletedBlockLogImpl (DeletedBlockLogImpl.java:isTransactionFailed(278)) - Got block deletion ACK from datanode, TXIDs=50, success=true
2021-08-15 14:03:31,583 [EventQueue-DeleteBlockStatusForDeletedBlockLogImpl] DEBUG block.DeletedBlockLogImpl (DeletedBlockLogImpl.java:commitTransactions(256)) - Datanode txId=50 containerId=#50 committed by dnId=f89ecde1-abfa-4530-92e2-4a065b7725ea
2021-08-15 14:03:31,583 [EventQueue-DeleteBlockStatusForDeletedBlockLogImpl] DEBUG block.DeletedBlockLogImpl (DeletedBlockLogImpl.java:isTransactionFailed(278)) - Got block deletion ACK from datanode, TXIDs=51, success=true
2021-08-15 14:03:31,583 [EventQueue-DeleteBlockStatusForDeletedBlockLogImpl] DEBUG block.DeletedBlockLogImpl (DeletedBlockLogImpl.java:commitTransactions(256)) - Datanode txId=51 containerId=#51 committed by dnId=f89ecde1-abfa-4530-92e2-4a065b7725ea
2021-08-15 14:03:31,583 [EventQueue-DeleteBlockStatusForDeletedBlockLogImpl] DEBUG block.DeletedBlockLogImpl (DeletedBlockLogImpl.java:isTransactionFailed(278)) - Got block deletion ACK from datanode, TXIDs=52, success=true
2021-08-15 14:03:31,583 [EventQueue-DeleteBlockStatusForDeletedBlockLogImpl] DEBUG block.DeletedBlockLogImpl (DeletedBlockLogImpl.java:commitTransactions(256)) - Datanode txId=52 containerId=#52 committed by dnId=f89ecde1-abfa-4530-92e2-4a065b7725ea
2021-08-15 14:03:31,583 [EventQueue-DeleteBlockStatusForDeletedBlockLogImpl] DEBUG block.DeletedBlockLogImpl (DeletedBlockLogImpl.java:isTransactionFailed(278)) - Got block deletion ACK from datanode, TXIDs=53, success=true
2021-08-15 14:03:31,583 [EventQueue-DeleteBlockStatusForDeletedBlockLogImpl] DEBUG block.DeletedBlockLogImpl (DeletedBlockLogImpl.java:commitTransactions(256)) - Datanode txId=53 containerId=#53 committed by dnId=f89ecde1-abfa-4530-92e2-4a065b7725ea
2021-08-15 14:03:31,583 [EventQueue-DeleteBlockStatusForDeletedBlockLogImpl] DEBUG block.DeletedBlockLogImpl (DeletedBlockLogImpl.java:isTransactionFailed(278)) - Got block deletion ACK from datanode, TXIDs=54, success=true
2021-08-15 14:03:31,583 [EventQueue-DeleteBlockStatusForDeletedBlockLogImpl] DEBUG block.DeletedBlockLogImpl (DeletedBlockLogImpl.java:commitTransactions(256)) - Datanode txId=54 containerId=#54 committed by dnId=f89ecde1-abfa-4530-92e2-4a065b7725ea
2021-08-15 14:03:31,583 [EventQueue-DeleteBlockStatusForDeletedBlockLogImpl] DEBUG block.DeletedBlockLogImpl (DeletedBlockLogImpl.java:isTransactionFailed(278)) - Got block deletion ACK from datanode, TXIDs=55, success=true
2021-08-15 14:03:31,583 [EventQueue-DeleteBlockStatusForDeletedBlockLogImpl] DEBUG block.DeletedBlockLogImpl (DeletedBlockLogImpl.java:commitTransactions(256)) - Datanode txId=55 containerId=#55 committed by dnId=f89ecde1-abfa-4530-92e2-4a065b7725ea
2021-08-15 14:03:31,583 [EventQueue-DeleteBlockStatusForDeletedBlockLogImpl] DEBUG block.DeletedBlockLogImpl (DeletedBlockLogImpl.java:isTransactionFailed(278)) - Got block deletion ACK from datanode, TXIDs=56, success=true
2021-08-15 14:03:31,583 [EventQueue-DeleteBlockStatusForDeletedBlockLogImpl] DEBUG block.DeletedBlockLogImpl (DeletedBlockLogImpl.java:commitTransactions(256)) - Datanode txId=56 containerId=#56 committed by dnId=f89ecde1-abfa-4530-92e2-4a065b7725ea
2021-08-15 14:03:31,583 [SCMBlockDeletingService#0] DEBUG block.SCMBlockDeletingService (DatanodeDeletedBlockTransactions.java:addTransactionToDN(50)) - Transaction added: c2c40a72-a699-49b1-b721-1997d9d2c71f <- TX(27)
2021-08-15 14:03:31,583 [SCMBlockDeletingService#0] DEBUG block.SCMBlockDeletingService (DatanodeDeletedBlockTransactions.java:addTransactionToDN(50)) - Transaction added: c2c40a72-a699-49b1-b721-1997d9d2c71f <- TX(28)
2021-08-15 14:03:31,583 [SCMBlockDeletingService#0] DEBUG block.SCMBlockDeletingService (DatanodeDeletedBlockTransactions.java:addTransactionToDN(50)) - Transaction added: 0475d2c2-d46f-403e-95a5-8ff1a5c32338 <- TX(28)
2021-08-15 14:03:31,583 [SCMBlockDeletingService#0] DEBUG block.SCMBlockDeletingService (DatanodeDeletedBlockTransactions.java:addTransactionToDN(50)) - Transaction added: c2c40a72-a699-49b1-b721-1997d9d2c71f <- TX(29)
2021-08-15 14:03:31,583 [SCMBlockDeletingService#0] DEBUG block.SCMBlockDeletingService (DatanodeDeletedBlockTransactions.java:addTransactionToDN(50)) - Transaction added: 0475d2c2-d46f-403e-95a5-8ff1a5c32338 <- TX(29)
2021-08-15 14:03:31,583 [SCMBlockDeletingService#0] DEBUG block.SCMBlockDeletingService (DatanodeDeletedBlockTransactions.java:addTransactionToDN(50)) - Transaction added: 0475d2c2-d46f-403e-95a5-8ff1a5c32338 <- TX(30)
2021-08-15 14:03:31,583 [SCMBlockDeletingService#0] DEBUG block.SCMBlockDeletingService (DatanodeDeletedBlockTransactions.java:addTransactionToDN(50)) - Transaction added: c2c40a72-a699-49b1-b721-1997d9d2c71f <- TX(30)
2021-08-15 14:03:31,583 [SCMBlockDeletingService#0] DEBUG block.SCMBlockDeletingService (DatanodeDeletedBlockTransactions.java:addTransactionToDN(50)) - Transaction added: c2c40a72-a699-49b1-b721-1997d9d2c71f <- TX(31)
2021-08-15 14:03:31,584 [SCMBlockDeletingService#0] DEBUG block.SCMBlockDeletingService (DatanodeDeletedBlockTransactions.java:addTransactionToDN(50)) - Transaction added: 0475d2c2-d46f-403e-95a5-8ff1a5c32338 <- TX(31)
2021-08-15 14:03:31,584 [SCMBlockDeletingService#0] DEBUG block.SCMBlockDeletingService (DatanodeDeletedBlockTransactions.java:addTransactionToDN(50)) - Transaction added: 0475d2c2-d46f-403e-95a5-8ff1a5c32338 <- TX(32)
2021-08-15 14:03:31,584 [SCMBlockDeletingService#0] DEBUG block.SCMBlockDeletingService (DatanodeDeletedBlockTransactions.java:addTransactionToDN(50)) - Transaction added: c2c40a72-a699-49b1-b721-1997d9d2c71f <- TX(32)
2021-08-15 14:03:31,584 [SCMBlockDeletingService#0] DEBUG block.SCMBlockDeletingService (DatanodeDeletedBlockTransactions.java:addTransactionToDN(50)) - Transaction added: 0475d2c2-d46f-403e-95a5-8ff1a5c32338 <- TX(33)
2021-08-15 14:03:31,584 [SCMBlockDeletingService#0] DEBUG block.SCMBlockDeletingService (DatanodeDeletedBlockTransactions.java:addTransactionToDN(50)) - Transaction added: c2c40a72-a699-49b1-b721-1997d9d2c71f <- TX(33)
2021-08-15 14:03:31,584 [SCMBlockDeletingService#0] DEBUG block.SCMBlockDeletingService (DatanodeDeletedBlockTransactions.java:addTransactionToDN(50)) - Transaction added: 0475d2c2-d46f-403e-95a5-8ff1a5c32338 <- TX(34)
2021-08-15 14:03:31,584 [SCMBlockDeletingService#0] DEBUG block.SCMBlockDeletingService (DatanodeDeletedBlockTransactions.java:addTransactionToDN(50)) - Transaction added: c2c40a72-a699-49b1-b721-1997d9d2c71f <- TX(34)
2021-08-15 14:03:31,584 [SCMBlockDeletingService#0] DEBUG block.SCMBlockDeletingService (DatanodeDeletedBlockTransactions.java:addTransactionToDN(50)) - Transaction added: 0475d2c2-d46f-403e-95a5-8ff1a5c32338 <- TX(35)
2021-08-15 14:03:31,584 [SCMBlockDeletingService#0] DEBUG block.SCMBlockDeletingService (DatanodeDeletedBlockTransactions.java:addTransactionToDN(50)) - Transaction added: c2c40a72-a699-49b1-b721-1997d9d2c71f <- TX(35)
2021-08-15 14:03:31,584 [SCMBlockDeletingService#0] DEBUG block.SCMBlockDeletingService (DatanodeDeletedBlockTransactions.java:addTransactionToDN(50)) - Transaction added: c2c40a72-a699-49b1-b721-1997d9d2c71f <- TX(36)
2021-08-15 14:03:31,584 [SCMBlockDeletingService#0] DEBUG block.SCMBlockDeletingService (DatanodeDeletedBlockTransactions.java:addTransactionToDN(50)) - Transaction added: 0475d2c2-d46f-403e-95a5-8ff1a5c32338 <- TX(36)
2021-08-15 14:03:31,584 [SCMBlockDeletingService#0] DEBUG block.SCMBlockDeletingService (DatanodeDeletedBlockTransactions.java:addTransactionToDN(50)) - Transaction added: c2c40a72-a699-49b1-b721-1997d9d2c71f <- TX(37)
2021-08-15 14:03:31,584 [SCMBlockDeletingService#0] DEBUG block.SCMBlockDeletingService (DatanodeDeletedBlockTransactions.java:addTransactionToDN(50)) - Transaction added: 0475d2c2-d46f-403e-95a5-8ff1a5c32338 <- TX(37)
2021-08-15 14:03:31,584 [SCMBlockDeletingService#0] DEBUG block.SCMBlockDeletingService (DatanodeDeletedBlockTransactions.java:addTransactionToDN(50)) - Transaction added: c2c40a72-a699-49b1-b721-1997d9d2c71f <- TX(38)
2021-08-15 14:03:31,584 [SCMBlockDeletingService#0] DEBUG block.SCMBlockDeletingService (DatanodeDeletedBlockTransactions.java:addTransactionToDN(50)) - Transaction added: 0475d2c2-d46f-403e-95a5-8ff1a5c32338 <- TX(38)
2021-08-15 14:03:31,584 [SCMBlockDeletingService#0] DEBUG block.SCMBlockDeletingService (DatanodeDeletedBlockTransactions.java:addTransactionToDN(50)) - Transaction added: 0475d2c2-d46f-403e-95a5-8ff1a5c32338 <- TX(39)
2021-08-15 14:03:31,584 [SCMBlockDeletingService#0] DEBUG block.SCMBlockDeletingService (DatanodeDeletedBlockTransactions.java:addTransactionToDN(50)) - Transaction added: c2c40a72-a699-49b1-b721-1997d9d2c71f <- TX(39)
2021-08-15 14:03:31,584 [SCMBlockDeletingService#0] DEBUG block.SCMBlockDeletingService (DatanodeDeletedBlockTransactions.java:addTransactionToDN(50)) - Transaction added: 0475d2c2-d46f-403e-95a5-8ff1a5c32338 <- TX(40)
2021-08-15 14:03:31,584 [SCMBlockDeletingService#0] DEBUG block.SCMBlockDeletingService (DatanodeDeletedBlockTransactions.java:addTransactionToDN(50)) - Transaction added: c2c40a72-a699-49b1-b721-1997d9d2c71f <- TX(40)
2021-08-15 14:03:31,584 [SCMBlockDeletingService#0] DEBUG block.SCMBlockDeletingService (DatanodeDeletedBlockTransactions.java:addTransactionToDN(50)) - Transaction added: 0475d2c2-d46f-403e-95a5-8ff1a5c32338 <- TX(41)
2021-08-15 14:03:31,584 [SCMBlockDeletingService#0] DEBUG block.SCMBlockDeletingService (DatanodeDeletedBlockTransactions.java:addTransactionToDN(50)) - Transaction added: c2c40a72-a699-49b1-b721-1997d9d2c71f <- TX(41)
2021-08-15 14:03:31,584 [SCMBlockDeletingService#0] DEBUG block.SCMBlockDeletingService (DatanodeDeletedBlockTransactions.java:addTransactionToDN(50)) - Transaction added: 0475d2c2-d46f-403e-95a5-8ff1a5c32338 <- TX(42)
2021-08-15 14:03:31,584 [SCMBlockDeletingService#0] DEBUG block.SCMBlockDeletingService (DatanodeDeletedBlockTransactions.java:addTransactionToDN(50)) - Transaction added: c2c40a72-a699-49b1-b721-1997d9d2c71f <- TX(42)
2021-08-15 14:03:31,584 [SCMBlockDeletingService#0] DEBUG block.SCMBlockDeletingService (DatanodeDeletedBlockTransactions.java:addTransactionToDN(50)) - Transaction added: 0475d2c2-d46f-403e-95a5-8ff1a5c32338 <- TX(43)
2021-08-15 14:03:31,584 [SCMBlockDeletingService#0] DEBUG block.SCMBlockDeletingService (DatanodeDeletedBlockTransactions.java:addTransactionToDN(50)) - Transaction added: c2c40a72-a699-49b1-b721-1997d9d2c71f <- TX(43)
2021-08-15 14:03:31,584 [SCMBlockDeletingService#0] DEBUG block.SCMBlockDeletingService (DatanodeDeletedBlockTransactions.java:addTransactionToDN(50)) - Transaction added: c2c40a72-a699-49b1-b721-1997d9d2c71f <- TX(44)
2021-08-15 14:03:31,584 [SCMBlockDeletingService#0] DEBUG block.SCMBlockDeletingService (DatanodeDeletedBlockTransactions.java:addTransactionToDN(50)) - Transaction added: 0475d2c2-d46f-403e-95a5-8ff1a5c32338 <- TX(44)
2021-08-15 14:03:31,584 [SCMBlockDeletingService#0] DEBUG block.SCMBlockDeletingService (DatanodeDeletedBlockTransactions.java:addTransactionToDN(50)) - Transaction added: c2c40a72-a699-49b1-b721-1997d9d2c71f <- TX(45)
2021-08-15 14:03:31,584 [SCMBlockDeletingService#0] DEBUG block.SCMBlockDeletingService (DatanodeDeletedBlockTransactions.java:addTransactionToDN(50)) - Transaction added: 0475d2c2-d46f-403e-95a5-8ff1a5c32338 <- TX(45)
2021-08-15 14:03:31,584 [SCMBlockDeletingService#0] DEBUG block.SCMBlockDeletingService (DatanodeDeletedBlockTransactions.java:addTransactionToDN(50)) - Transaction added: 0475d2c2-d46f-403e-95a5-8ff1a5c32338 <- TX(46)
2021-08-15 14:03:31,584 [SCMBlockDeletingService#0] DEBUG block.SCMBlockDeletingService (DatanodeDeletedBlockTransactions.java:addTransactionToDN(50)) - Transaction added: c2c40a72-a699-49b1-b721-1997d9d2c71f <- TX(46)
2021-08-15 14:03:31,585 [SCMBlockDeletingService#0] DEBUG block.SCMBlockDeletingService (DatanodeDeletedBlockTransactions.java:addTransactionToDN(50)) - Transaction added: c2c40a72-a699-49b1-b721-1997d9d2c71f <- TX(47)
2021-08-15 14:03:31,585 [SCMBlockDeletingService#0] DEBUG block.SCMBlockDeletingService (DatanodeDeletedBlockTransactions.java:addTransactionToDN(50)) - Transaction added: 0475d2c2-d46f-403e-95a5-8ff1a5c32338 <- TX(47)
2021-08-15 14:03:31,585 [SCMBlockDeletingService#0] DEBUG block.SCMBlockDeletingService (DatanodeDeletedBlockTransactions.java:addTransactionToDN(50)) - Transaction added: 0475d2c2-d46f-403e-95a5-8ff1a5c32338 <- TX(48)
2021-08-15 14:03:31,585 [SCMBlockDeletingService#0] DEBUG block.SCMBlockDeletingService (DatanodeDeletedBlockTransactions.java:addTransactionToDN(50)) - Transaction added: c2c40a72-a699-49b1-b721-1997d9d2c71f <- TX(48)
2021-08-15 14:03:31,585 [SCMBlockDeletingService#0] DEBUG block.SCMBlockDeletingService (DatanodeDeletedBlockTransactions.java:addTransactionToDN(50)) - Transaction added: 0475d2c2-d46f-403e-95a5-8ff1a5c32338 <- TX(49)
2021-08-15 14:03:31,585 [SCMBlockDeletingService#0] DEBUG block.SCMBlockDeletingService (DatanodeDeletedBlockTransactions.java:addTransactionToDN(50)) - Transaction added: c2c40a72-a699-49b1-b721-1997d9d2c71f <- TX(49)
2021-08-15 14:03:31,585 [SCMBlockDeletingService#0] DEBUG block.SCMBlockDeletingService (DatanodeDeletedBlockTransactions.java:addTransactionToDN(50)) - Transaction added: 0475d2c2-d46f-403e-95a5-8ff1a5c32338 <- TX(50)
2021-08-15 14:03:31,585 [SCMBlockDeletingService#0] DEBUG block.SCMBlockDeletingService (DatanodeDeletedBlockTransactions.java:addTransactionToDN(50)) - Transaction added: c2c40a72-a699-49b1-b721-1997d9d2c71f <- TX(50)
2021-08-15 14:03:31,585 [SCMBlockDeletingService#0] DEBUG block.SCMBlockDeletingService (DatanodeDeletedBlockTransactions.java:addTransactionToDN(50)) - Transaction added: 0475d2c2-d46f-403e-95a5-8ff1a5c32338 <- TX(51)
2021-08-15 14:03:31,585 [SCMBlockDeletingService#0] DEBUG block.SCMBlockDeletingService (DatanodeDeletedBlockTransactions.java:addTransactionToDN(50)) - Transaction added: c2c40a72-a699-49b1-b721-1997d9d2c71f <- TX(51)
2021-08-15 14:03:31,585 [SCMBlockDeletingService#0] DEBUG block.SCMBlockDeletingService (DatanodeDeletedBlockTransactions.java:addTransactionToDN(50)) - Transaction added: c2c40a72-a699-49b1-b721-1997d9d2c71f <- TX(52)
2021-08-15 14:03:31,585 [SCMBlockDeletingService#0] DEBUG block.SCMBlockDeletingService (DatanodeDeletedBlockTransactions.java:addTransactionToDN(50)) - Transaction added: 0475d2c2-d46f-403e-95a5-8ff1a5c32338 <- TX(52)
2021-08-15 14:03:31,585 [SCMBlockDeletingService#0] DEBUG block.SCMBlockDeletingService (DatanodeDeletedBlockTransactions.java:addTransactionToDN(50)) - Transaction added: c2c40a72-a699-49b1-b721-1997d9d2c71f <- TX(53)
2021-08-15 14:03:31,585 [SCMBlockDeletingService#0] DEBUG block.SCMBlockDeletingService (DatanodeDeletedBlockTransactions.java:addTransactionToDN(50)) - Transaction added: 0475d2c2-d46f-403e-95a5-8ff1a5c32338 <- TX(53)
2021-08-15 14:03:31,585 [SCMBlockDeletingService#0] DEBUG block.SCMBlockDeletingService (DatanodeDeletedBlockTransactions.java:addTransactionToDN(50)) - Transaction added: c2c40a72-a699-49b1-b721-1997d9d2c71f <- TX(54)
2021-08-15 14:03:31,585 [SCMBlockDeletingService#0] DEBUG block.SCMBlockDeletingService (DatanodeDeletedBlockTransactions.java:addTransactionToDN(50)) - Transaction added: 0475d2c2-d46f-403e-95a5-8ff1a5c32338 <- TX(54)
2021-08-15 14:03:31,585 [SCMBlockDeletingService#0] DEBUG block.SCMBlockDeletingService (DatanodeDeletedBlockTransactions.java:addTransactionToDN(50)) - Transaction added: 0475d2c2-d46f-403e-95a5-8ff1a5c32338 <- TX(55)
2021-08-15 14:03:31,585 [SCMBlockDeletingService#0] DEBUG block.SCMBlockDeletingService (DatanodeDeletedBlockTransactions.java:addTransactionToDN(50)) - Transaction added: c2c40a72-a699-49b1-b721-1997d9d2c71f <- TX(55)
2021-08-15 14:03:31,585 [SCMBlockDeletingService#0] DEBUG block.SCMBlockDeletingService (DatanodeDeletedBlockTransactions.java:addTransactionToDN(50)) - Transaction added: 0475d2c2-d46f-403e-95a5-8ff1a5c32338 <- TX(56)
2021-08-15 14:03:31,585 [SCMBlockDeletingService#0] DEBUG block.SCMBlockDeletingService (DatanodeDeletedBlockTransactions.java:addTransactionToDN(50)) - Transaction added: c2c40a72-a699-49b1-b721-1997d9d2c71f <- TX(56)
2021-08-15 14:03:31,585 [SCMBlockDeletingService#0] DEBUG block.SCMBlockDeletingService (SCMBlockDeletingService.java:call(164)) - Added delete block command for datanode c2c40a72-a699-49b1-b721-1997d9d2c71f in the queue, number of delete block transactions: 30
2021-08-15 14:03:31,585 [SCMBlockDeletingService#0] DEBUG block.SCMBlockDeletingService (SCMBlockDeletingService.java:call(164)) - Added delete block command for datanode 0475d2c2-d46f-403e-95a5-8ff1a5c32338 in the queue, number of delete block transactions: 29
2021-08-15 14:03:31,585 [SCMBlockDeletingService#0] INFO  block.SCMBlockDeletingService (SCMBlockDeletingService.java:call(174)) - Totally added 59 blocks to be deleted for 2 datanodes, task elapsed time: 11ms
2021-08-15 14:03:31,596 [EventQueue-DeleteBlockStatusForDeletedBlockLogImpl] DEBUG block.DeletedBlockLogImpl (DeletedBlockLogImpl.java:isTransactionFailed(278)) - Got block deletion ACK from datanode, TXIDs=1, success=true
2021-08-15 14:03:31,596 [EventQueue-DeleteBlockStatusForDeletedBlockLogImpl] DEBUG block.DeletedBlockLogImpl (DeletedBlockLogImpl.java:commitTransactions(224)) - Transaction txId=1 commit by dnId=f89ecde1-abfa-4530-92e2-4a065b7725ea for containerID=#1 failed. Corresponding entry not found.
2021-08-15 14:03:31,596 [EventQueue-DeleteBlockStatusForDeletedBlockLogImpl] DEBUG block.DeletedBlockLogImpl (DeletedBlockLogImpl.java:isTransactionFailed(278)) - Got block deletion ACK from datanode, TXIDs=2, success=true
2021-08-15 14:03:31,596 [EventQueue-DeleteBlockStatusForDeletedBlockLogImpl] DEBUG block.DeletedBlockLogImpl (DeletedBlockLogImpl.java:commitTransactions(224)) - Transaction txId=2 commit by dnId=f89ecde1-abfa-4530-92e2-4a065b7725ea for containerID=#2 failed. Corresponding entry not found.
2021-08-15 14:03:31,596 [EventQueue-DeleteBlockStatusForDeletedBlockLogImpl] DEBUG block.DeletedBlockLogImpl (DeletedBlockLogImpl.java:isTransactionFailed(278)) - Got block deletion ACK from datanode, TXIDs=3, success=true
2021-08-15 14:03:31,596 [EventQueue-DeleteBlockStatusForDeletedBlockLogImpl] DEBUG block.DeletedBlockLogImpl (DeletedBlockLogImpl.java:commitTransactions(224)) - Transaction txId=3 commit by dnId=f89ecde1-abfa-4530-92e2-4a065b7725ea for containerID=#3 failed. Corresponding entry not found.
2021-08-15 14:03:31,596 [EventQueue-DeleteBlockStatusForDeletedBlockLogImpl] DEBUG block.DeletedBlockLogImpl (DeletedBlockLogImpl.java:isTransactionFailed(278)) - Got block deletion ACK from datanode, TXIDs=4, success=true
2021-08-15 14:03:31,596 [EventQueue-DeleteBlockStatusForDeletedBlockLogImpl] DEBUG block.DeletedBlockLogImpl (DeletedBlockLogImpl.java:commitTransactions(224)) - Transaction txId=4 commit by dnId=f89ecde1-abfa-4530-92e2-4a065b7725ea for containerID=#4 failed. Corresponding entry not found.
2021-08-15 14:03:31,596 [EventQueue-DeleteBlockStatusForDeletedBlockLogImpl] DEBUG block.DeletedBlockLogImpl (DeletedBlockLogImpl.java:isTransactionFailed(278)) - Got block deletion ACK from datanode, TXIDs=5, success=true
2021-08-15 14:03:31,596 [EventQueue-DeleteBlockStatusForDeletedBlockLogImpl] DEBUG block.DeletedBlockLogImpl (DeletedBlockLogImpl.java:commitTransactions(224)) - Transaction txId=5 commit by dnId=f89ecde1-abfa-4530-92e2-4a065b7725ea for containerID=#5 failed. Corresponding entry not found.
2021-08-15 14:03:31,596 [EventQueue-DeleteBlockStatusForDeletedBlockLogImpl] DEBUG block.DeletedBlockLogImpl (DeletedBlockLogImpl.java:isTransactionFailed(278)) - Got block deletion ACK from datanode, TXIDs=6, success=true
2021-08-15 14:03:31,596 [EventQueue-DeleteBlockStatusForDeletedBlockLogImpl] DEBUG block.DeletedBlockLogImpl (DeletedBlockLogImpl.java:commitTransactions(224)) - Transaction txId=6 commit by dnId=f89ecde1-abfa-4530-92e2-4a065b7725ea for containerID=#6 failed. Corresponding entry not found.
2021-08-15 14:03:31,596 [EventQueue-DeleteBlockStatusForDeletedBlockLogImpl] DEBUG block.DeletedBlockLogImpl (DeletedBlockLogImpl.java:isTransactionFailed(278)) - Got block deletion ACK from datanode, TXIDs=7, success=true
2021-08-15 14:03:31,596 [EventQueue-DeleteBlockStatusForDeletedBlockLogImpl] DEBUG block.DeletedBlockLogImpl (DeletedBlockLogImpl.java:commitTransactions(224)) - Transaction txId=7 commit by dnId=f89ecde1-abfa-4530-92e2-4a065b7725ea for containerID=#7 failed. Corresponding entry not found.
2021-08-15 14:03:31,596 [EventQueue-DeleteBlockStatusForDeletedBlockLogImpl] DEBUG block.DeletedBlockLogImpl (DeletedBlockLogImpl.java:isTransactionFailed(278)) - Got block deletion ACK from datanode, TXIDs=8, success=true
2021-08-15 14:03:31,596 [EventQueue-DeleteBlockStatusForDeletedBlockLogImpl] DEBUG block.DeletedBlockLogImpl (DeletedBlockLogImpl.java:commitTransactions(224)) - Transaction txId=8 commit by dnId=f89ecde1-abfa-4530-92e2-4a065b7725ea for containerID=#8 failed. Corresponding entry not found.
2021-08-15 14:03:31,596 [EventQueue-DeleteBlockStatusForDeletedBlockLogImpl] DEBUG block.DeletedBlockLogImpl (DeletedBlockLogImpl.java:isTransactionFailed(278)) - Got block deletion ACK from datanode, TXIDs=9, success=true
2021-08-15 14:03:31,596 [EventQueue-DeleteBlockStatusForDeletedBlockLogImpl] DEBUG block.DeletedBlockLogImpl (DeletedBlockLogImpl.java:commitTransactions(224)) - Transaction txId=9 commit by dnId=f89ecde1-abfa-4530-92e2-4a065b7725ea for containerID=#9 failed. Corresponding entry not found.
2021-08-15 14:03:31,596 [EventQueue-DeleteBlockStatusForDeletedBlockLogImpl] DEBUG block.DeletedBlockLogImpl (DeletedBlockLogImpl.java:isTransactionFailed(278)) - Got block deletion ACK from datanode, TXIDs=10, success=true
2021-08-15 14:03:31,596 [EventQueue-DeleteBlockStatusForDeletedBlockLogImpl] DEBUG block.DeletedBlockLogImpl (DeletedBlockLogImpl.java:commitTransactions(224)) - Transaction txId=10 commit by dnId=f89ecde1-abfa-4530-92e2-4a065b7725ea for containerID=#10 failed. Corresponding entry not found.
2021-08-15 14:03:31,596 [EventQueue-DeleteBlockStatusForDeletedBlockLogImpl] DEBUG block.DeletedBlockLogImpl (DeletedBlockLogImpl.java:isTransactionFailed(278)) - Got block deletion ACK from datanode, TXIDs=11, success=true
2021-08-15 14:03:31,596 [EventQueue-DeleteBlockStatusForDeletedBlockLogImpl] DEBUG block.DeletedBlockLogImpl (DeletedBlockLogImpl.java:commitTransactions(224)) - Transaction txId=11 commit by dnId=f89ecde1-abfa-4530-92e2-4a065b7725ea for containerID=#11 failed. Corresponding entry not found.
2021-08-15 14:03:31,596 [EventQueue-DeleteBlockStatusForDeletedBlockLogImpl] DEBUG block.DeletedBlockLogImpl (DeletedBlockLogImpl.java:isTransactionFailed(278)) - Got block deletion ACK from datanode, TXIDs=12, success=true
2021-08-15 14:03:31,596 [EventQueue-DeleteBlockStatusForDeletedBlockLogImpl] DEBUG block.DeletedBlockLogImpl (DeletedBlockLogImpl.java:commitTransactions(224)) - Transaction txId=12 commit by dnId=f89ecde1-abfa-4530-92e2-4a065b7725ea for containerID=#12 failed. Corresponding entry not found.
2021-08-15 14:03:31,596 [EventQueue-DeleteBlockStatusForDeletedBlockLogImpl] DEBUG block.DeletedBlockLogImpl (DeletedBlockLogImpl.java:isTransactionFailed(278)) - Got block deletion ACK from datanode, TXIDs=13, success=true
2021-08-15 14:03:31,596 [EventQueue-DeleteBlockStatusForDeletedBlockLogImpl] DEBUG block.DeletedBlockLogImpl (DeletedBlockLogImpl.java:commitTransactions(224)) - Transaction txId=13 commit by dnId=f89ecde1-abfa-4530-92e2-4a065b7725ea for containerID=#13 failed. Corresponding entry not found.
2021-08-15 14:03:31,596 [EventQueue-DeleteBlockStatusForDeletedBlockLogImpl] DEBUG block.DeletedBlockLogImpl (DeletedBlockLogImpl.java:isTransactionFailed(278)) - Got block deletion ACK from datanode, TXIDs=14, success=true
2021-08-15 14:03:31,596 [EventQueue-DeleteBlockStatusForDeletedBlockLogImpl] DEBUG block.DeletedBlockLogImpl (DeletedBlockLogImpl.java:commitTransactions(224)) - Transaction txId=14 commit by dnId=f89ecde1-abfa-4530-92e2-4a065b7725ea for containerID=#14 failed. Corresponding entry not found.
2021-08-15 14:03:31,596 [EventQueue-DeleteBlockStatusForDeletedBlockLogImpl] DEBUG block.DeletedBlockLogImpl (DeletedBlockLogImpl.java:isTransactionFailed(278)) - Got block deletion ACK from datanode, TXIDs=15, success=true
2021-08-15 14:03:31,596 [EventQueue-DeleteBlockStatusForDeletedBlockLogImpl] DEBUG block.DeletedBlockLogImpl (DeletedBlockLogImpl.java:commitTransactions(224)) - Transaction txId=15 commit by dnId=f89ecde1-abfa-4530-92e2-4a065b7725ea for containerID=#15 failed. Corresponding entry not found.
2021-08-15 14:03:31,596 [EventQueue-DeleteBlockStatusForDeletedBlockLogImpl] DEBUG block.DeletedBlockLogImpl (DeletedBlockLogImpl.java:isTransactionFailed(278)) - Got block deletion ACK from datanode, TXIDs=16, success=true
2021-08-15 14:03:31,596 [EventQueue-DeleteBlockStatusForDeletedBlockLogImpl] DEBUG block.DeletedBlockLogImpl (DeletedBlockLogImpl.java:commitTransactions(224)) - Transaction txId=16 commit by dnId=f89ecde1-abfa-4530-92e2-4a065b7725ea for containerID=#16 failed. Corresponding entry not found.
2021-08-15 14:03:31,596 [EventQueue-DeleteBlockStatusForDeletedBlockLogImpl] DEBUG block.DeletedBlockLogImpl (DeletedBlockLogImpl.java:isTransactionFailed(278)) - Got block deletion ACK from datanode, TXIDs=17, success=true
2021-08-15 14:03:31,596 [EventQueue-DeleteBlockStatusForDeletedBlockLogImpl] DEBUG block.DeletedBlockLogImpl (DeletedBlockLogImpl.java:commitTransactions(224)) - Transaction txId=17 commit by dnId=f89ecde1-abfa-4530-92e2-4a065b7725ea for containerID=#17 failed. Corresponding entry not found.
2021-08-15 14:03:31,597 [EventQueue-DeleteBlockStatusForDeletedBlockLogImpl] DEBUG block.DeletedBlockLogImpl (DeletedBlockLogImpl.java:isTransactionFailed(278)) - Got block deletion ACK from datanode, TXIDs=18, success=true
2021-08-15 14:03:31,597 [EventQueue-DeleteBlockStatusForDeletedBlockLogImpl] DEBUG block.DeletedBlockLogImpl (DeletedBlockLogImpl.java:commitTransactions(224)) - Transaction txId=18 commit by dnId=f89ecde1-abfa-4530-92e2-4a065b7725ea for containerID=#18 failed. Corresponding entry not found.
2021-08-15 14:03:31,597 [EventQueue-DeleteBlockStatusForDeletedBlockLogImpl] DEBUG block.DeletedBlockLogImpl (DeletedBlockLogImpl.java:isTransactionFailed(278)) - Got block deletion ACK from datanode, TXIDs=19, success=true
2021-08-15 14:03:31,597 [EventQueue-DeleteBlockStatusForDeletedBlockLogImpl] DEBUG block.DeletedBlockLogImpl (DeletedBlockLogImpl.java:commitTransactions(224)) - Transaction txId=19 commit by dnId=f89ecde1-abfa-4530-92e2-4a065b7725ea for containerID=#19 failed. Corresponding entry not found.
2021-08-15 14:03:31,597 [EventQueue-DeleteBlockStatusForDeletedBlockLogImpl] DEBUG block.DeletedBlockLogImpl (DeletedBlockLogImpl.java:isTransactionFailed(278)) - Got block deletion ACK from datanode, TXIDs=20, success=true
2021-08-15 14:03:31,597 [EventQueue-DeleteBlockStatusForDeletedBlockLogImpl] DEBUG block.DeletedBlockLogImpl (DeletedBlockLogImpl.java:commitTransactions(224)) - Transaction txId=20 commit by dnId=f89ecde1-abfa-4530-92e2-4a065b7725ea for containerID=#20 failed. Corresponding entry not found.
2021-08-15 14:03:31,597 [EventQueue-DeleteBlockStatusForDeletedBlockLogImpl] DEBUG block.DeletedBlockLogImpl (DeletedBlockLogImpl.java:isTransactionFailed(278)) - Got block deletion ACK from datanode, TXIDs=21, success=true
2021-08-15 14:03:31,597 [EventQueue-DeleteBlockStatusForDeletedBlockLogImpl] DEBUG block.DeletedBlockLogImpl (DeletedBlockLogImpl.java:commitTransactions(224)) - Transaction txId=21 commit by dnId=f89ecde1-abfa-4530-92e2-4a065b7725ea for containerID=#21 failed. Corresponding entry not found.
2021-08-15 14:03:31,599 [BlockDeletingService#3] INFO  background.BlockDeletingService (BlockDeletingService.java:getTasks(158)) - Plan to choose 5000 blocks for block deletion, actually deleting 11 blocks.
2021-08-15 14:03:31,601 [BlockDeletingService#3] INFO  impl.FilePerBlockStrategy (FilePerBlockStrategy.java:deleteChunk(227)) - Deleted block file: /home/runner/work/ozone/ozone/hadoop-ozone/integration-test/target/test-dir/MiniOzoneClusterImpl-8fa699bc-e258-4c24-98aa-94a5d955589f/datanode-2/data-0/containers/hdds/8fa699bc-e258-4c24-98aa-94a5d955589f/current/containerDir0/17/chunks/107544261427200017.block
2021-08-15 14:03:31,601 [BlockDeletingService#3] INFO  background.BlockDeletingService (BlockDeletingService.java:deleteViaSchema2(447)) - Container: 17, deleted blocks: 1, task elapsed time: 1ms
2021-08-15 14:03:31,602 [BlockDeletingService#3] INFO  impl.FilePerBlockStrategy (FilePerBlockStrategy.java:deleteChunk(227)) - Deleted block file: /home/runner/work/ozone/ozone/hadoop-ozone/integration-test/target/test-dir/MiniOzoneClusterImpl-8fa699bc-e258-4c24-98aa-94a5d955589f/datanode-2/data-0/containers/hdds/8fa699bc-e258-4c24-98aa-94a5d955589f/current/containerDir0/27/chunks/107544261427200027.block
2021-08-15 14:03:31,602 [BlockDeletingService#3] INFO  background.BlockDeletingService (BlockDeletingService.java:deleteViaSchema2(447)) - Container: 27, deleted blocks: 1, task elapsed time: 0ms
2021-08-15 14:03:31,603 [BlockDeletingService#3] INFO  impl.FilePerBlockStrategy (FilePerBlockStrategy.java:deleteChunk(227)) - Deleted block file: /home/runner/work/ozone/ozone/hadoop-ozone/integration-test/target/test-dir/MiniOzoneClusterImpl-8fa699bc-e258-4c24-98aa-94a5d955589f/datanode-2/data-0/containers/hdds/8fa699bc-e258-4c24-98aa-94a5d955589f/current/containerDir0/26/chunks/107544261427200026.block
2021-08-15 14:03:31,603 [BlockDeletingService#3] INFO  background.BlockDeletingService (BlockDeletingService.java:deleteViaSchema2(447)) - Container: 26, deleted blocks: 1, task elapsed time: 0ms
2021-08-15 14:03:31,604 [BlockDeletingService#3] INFO  impl.FilePerBlockStrategy (FilePerBlockStrategy.java:deleteChunk(227)) - Deleted block file: /home/runner/work/ozone/ozone/hadoop-ozone/integration-test/target/test-dir/MiniOzoneClusterImpl-8fa699bc-e258-4c24-98aa-94a5d955589f/datanode-2/data-0/containers/hdds/8fa699bc-e258-4c24-98aa-94a5d955589f/current/containerDir0/25/chunks/107544261427200025.block
2021-08-15 14:03:31,604 [BlockDeletingService#3] INFO  background.BlockDeletingService (BlockDeletingService.java:deleteViaSchema2(447)) - Container: 25, deleted blocks: 1, task elapsed time: 1ms
2021-08-15 14:03:31,605 [BlockDeletingService#3] INFO  impl.FilePerBlockStrategy (FilePerBlockStrategy.java:deleteChunk(227)) - Deleted block file: /home/runner/work/ozone/ozone/hadoop-ozone/integration-test/target/test-dir/MiniOzoneClusterImpl-8fa699bc-e258-4c24-98aa-94a5d955589f/datanode-2/data-0/containers/hdds/8fa699bc-e258-4c24-98aa-94a5d955589f/current/containerDir0/24/chunks/107544261427200024.block
2021-08-15 14:03:31,605 [BlockDeletingService#3] INFO  background.BlockDeletingService (BlockDeletingService.java:deleteViaSchema2(447)) - Container: 24, deleted blocks: 1, task elapsed time: 1ms
2021-08-15 14:03:31,606 [BlockDeletingService#3] INFO  impl.FilePerBlockStrategy (FilePerBlockStrategy.java:deleteChunk(227)) - Deleted block file: /home/runner/work/ozone/ozone/hadoop-ozone/integration-test/target/test-dir/MiniOzoneClusterImpl-8fa699bc-e258-4c24-98aa-94a5d955589f/datanode-2/data-0/containers/hdds/8fa699bc-e258-4c24-98aa-94a5d955589f/current/containerDir0/23/chunks/107544261427200023.block
2021-08-15 14:03:31,606 [BlockDeletingService#3] INFO  background.BlockDeletingService (BlockDeletingService.java:deleteViaSchema2(447)) - Container: 23, deleted blocks: 1, task elapsed time: 1ms
2021-08-15 14:03:31,606 [BlockDeletingService#3] INFO  impl.FilePerBlockStrategy (FilePerBlockStrategy.java:deleteChunk(227)) - Deleted block file: /home/runner/work/ozone/ozone/hadoop-ozone/integration-test/target/test-dir/MiniOzoneClusterImpl-8fa699bc-e258-4c24-98aa-94a5d955589f/datanode-2/data-0/containers/hdds/8fa699bc-e258-4c24-98aa-94a5d955589f/current/containerDir0/22/chunks/107544261427200022.block
2021-08-15 14:03:31,606 [BlockDeletingService#3] INFO  background.BlockDeletingService (BlockDeletingService.java:deleteViaSchema2(447)) - Container: 22, deleted blocks: 1, task elapsed time: 1ms
2021-08-15 14:03:31,607 [BlockDeletingService#3] INFO  impl.FilePerBlockStrategy (FilePerBlockStrategy.java:deleteChunk(227)) - Deleted block file: /home/runner/work/ozone/ozone/hadoop-ozone/integration-test/target/test-dir/MiniOzoneClusterImpl-8fa699bc-e258-4c24-98aa-94a5d955589f/datanode-2/data-0/containers/hdds/8fa699bc-e258-4c24-98aa-94a5d955589f/current/containerDir0/21/chunks/107544261427200021.block
2021-08-15 14:03:31,607 [BlockDeletingService#3] INFO  background.BlockDeletingService (BlockDeletingService.java:deleteViaSchema2(447)) - Container: 21, deleted blocks: 1, task elapsed time: 1ms
2021-08-15 14:03:31,608 [BlockDeletingService#7] INFO  impl.FilePerBlockStrategy (FilePerBlockStrategy.java:deleteChunk(227)) - Deleted block file: /home/runner/work/ozone/ozone/hadoop-ozone/integration-test/target/test-dir/MiniOzoneClusterImpl-8fa699bc-e258-4c24-98aa-94a5d955589f/datanode-2/data-0/containers/hdds/8fa699bc-e258-4c24-98aa-94a5d955589f/current/containerDir0/19/chunks/107544261427200019.block
2021-08-15 14:03:31,609 [BlockDeletingService#7] INFO  background.BlockDeletingService (BlockDeletingService.java:deleteViaSchema2(447)) - Container: 19, deleted blocks: 1, task elapsed time: 1ms
2021-08-15 14:03:31,609 [BlockDeletingService#7] INFO  impl.FilePerBlockStrategy (FilePerBlockStrategy.java:deleteChunk(227)) - Deleted block file: /home/runner/work/ozone/ozone/hadoop-ozone/integration-test/target/test-dir/MiniOzoneClusterImpl-8fa699bc-e258-4c24-98aa-94a5d955589f/datanode-2/data-0/containers/hdds/8fa699bc-e258-4c24-98aa-94a5d955589f/current/containerDir0/18/chunks/107544261427200018.block
2021-08-15 14:03:31,609 [BlockDeletingService#7] INFO  background.BlockDeletingService (BlockDeletingService.java:deleteViaSchema2(447)) - Container: 18, deleted blocks: 1, task elapsed time: 1ms
2021-08-15 14:03:31,610 [EventQueue-DeleteBlockStatusForDeletedBlockLogImpl] DEBUG block.DeletedBlockLogImpl (DeletedBlockLogImpl.java:isTransactionFailed(278)) - Got block deletion ACK from datanode, TXIDs=22, success=true
2021-08-15 14:03:31,610 [EventQueue-DeleteBlockStatusForDeletedBlockLogImpl] DEBUG block.DeletedBlockLogImpl (DeletedBlockLogImpl.java:commitTransactions(224)) - Transaction txId=22 commit by dnId=f89ecde1-abfa-4530-92e2-4a065b7725ea for containerID=#22 failed. Corresponding entry not found.
2021-08-15 14:03:31,610 [EventQueue-DeleteBlockStatusForDeletedBlockLogImpl] DEBUG block.DeletedBlockLogImpl (DeletedBlockLogImpl.java:isTransactionFailed(278)) - Got block deletion ACK from datanode, TXIDs=23, success=true
2021-08-15 14:03:31,610 [EventQueue-DeleteBlockStatusForDeletedBlockLogImpl] DEBUG block.DeletedBlockLogImpl (DeletedBlockLogImpl.java:commitTransactions(224)) - Transaction txId=23 commit by dnId=f89ecde1-abfa-4530-92e2-4a065b7725ea for containerID=#23 failed. Corresponding entry not found.
2021-08-15 14:03:31,610 [EventQueue-DeleteBlockStatusForDeletedBlockLogImpl] DEBUG block.DeletedBlockLogImpl (DeletedBlockLogImpl.java:isTransactionFailed(278)) - Got block deletion ACK from datanode, TXIDs=1, success=true
2021-08-15 14:03:31,610 [EventQueue-DeleteBlockStatusForDeletedBlockLogImpl] DEBUG block.DeletedBlockLogImpl (DeletedBlockLogImpl.java:commitTransactions(224)) - Transaction txId=1 commit by dnId=f89ecde1-abfa-4530-92e2-4a065b7725ea for containerID=#1 failed. Corresponding entry not found.
2021-08-15 14:03:31,610 [EventQueue-DeleteBlockStatusForDeletedBlockLogImpl] DEBUG block.DeletedBlockLogImpl (DeletedBlockLogImpl.java:isTransactionFailed(278)) - Got block deletion ACK from datanode, TXIDs=2, success=true
2021-08-15 14:03:31,610 [EventQueue-DeleteBlockStatusForDeletedBlockLogImpl] DEBUG block.DeletedBlockLogImpl (DeletedBlockLogImpl.java:commitTransactions(224)) - Transaction txId=2 commit by dnId=f89ecde1-abfa-4530-92e2-4a065b7725ea for containerID=#2 failed. Corresponding entry not found.
2021-08-15 14:03:31,610 [EventQueue-DeleteBlockStatusForDeletedBlockLogImpl] DEBUG block.DeletedBlockLogImpl (DeletedBlockLogImpl.java:isTransactionFailed(278)) - Got block deletion ACK from datanode, TXIDs=3, success=true
2021-08-15 14:03:31,610 [EventQueue-DeleteBlockStatusForDeletedBlockLogImpl] DEBUG block.DeletedBlockLogImpl (DeletedBlockLogImpl.java:commitTransactions(224)) - Transaction txId=3 commit by dnId=f89ecde1-abfa-4530-92e2-4a065b7725ea for containerID=#3 failed. Corresponding entry not found.
2021-08-15 14:03:31,610 [EventQueue-DeleteBlockStatusForDeletedBlockLogImpl] DEBUG block.DeletedBlockLogImpl (DeletedBlockLogImpl.java:isTransactionFailed(278)) - Got block deletion ACK from datanode, TXIDs=4, success=true
2021-08-15 14:03:31,610 [EventQueue-DeleteBlockStatusForDeletedBlockLogImpl] DEBUG block.DeletedBlockLogImpl (DeletedBlockLogImpl.java:commitTransactions(224)) - Transaction txId=4 commit by dnId=f89ecde1-abfa-4530-92e2-4a065b7725ea for containerID=#4 failed. Corresponding entry not found.
2021-08-15 14:03:31,610 [EventQueue-DeleteBlockStatusForDeletedBlockLogImpl] DEBUG block.DeletedBlockLogImpl (DeletedBlockLogImpl.java:isTransactionFailed(278)) - Got block deletion ACK from datanode, TXIDs=5, success=true
2021-08-15 14:03:31,610 [EventQueue-DeleteBlockStatusForDeletedBlockLogImpl] DEBUG block.DeletedBlockLogImpl (DeletedBlockLogImpl.java:commitTransactions(224)) - Transaction txId=5 commit by dnId=f89ecde1-abfa-4530-92e2-4a065b7725ea for containerID=#5 failed. Corresponding entry not found.
2021-08-15 14:03:31,610 [EventQueue-DeleteBlockStatusForDeletedBlockLogImpl] DEBUG block.DeletedBlockLogImpl (DeletedBlockLogImpl.java:isTransactionFailed(278)) - Got block deletion ACK from datanode, TXIDs=6, success=true
2021-08-15 14:03:31,610 [EventQueue-DeleteBlockStatusForDeletedBlockLogImpl] DEBUG block.DeletedBlockLogImpl (DeletedBlockLogImpl.java:commitTransactions(224)) - Transaction txId=6 commit by dnId=f89ecde1-abfa-4530-92e2-4a065b7725ea for containerID=#6 failed. Corresponding entry not found.
2021-08-15 14:03:31,610 [EventQueue-DeleteBlockStatusForDeletedBlockLogImpl] DEBUG block.DeletedBlockLogImpl (DeletedBlockLogImpl.java:isTransactionFailed(278)) - Got block deletion ACK from datanode, TXIDs=7, success=true
2021-08-15 14:03:31,610 [EventQueue-DeleteBlockStatusForDeletedBlockLogImpl] DEBUG block.DeletedBlockLogImpl (DeletedBlockLogImpl.java:commitTransactions(224)) - Transaction txId=7 commit by dnId=f89ecde1-abfa-4530-92e2-4a065b7725ea for containerID=#7 failed. Corresponding entry not found.
2021-08-15 14:03:31,610 [EventQueue-DeleteBlockStatusForDeletedBlockLogImpl] DEBUG block.DeletedBlockLogImpl (DeletedBlockLogImpl.java:isTransactionFailed(278)) - Got block deletion ACK from datanode, TXIDs=8, success=true
2021-08-15 14:03:31,610 [EventQueue-DeleteBlockStatusForDeletedBlockLogImpl] DEBUG block.DeletedBlockLogImpl (DeletedBlockLogImpl.java:commitTransactions(224)) - Transaction txId=8 commit by dnId=f89ecde1-abfa-4530-92e2-4a065b7725ea for containerID=#8 failed. Corresponding entry not found.
2021-08-15 14:03:31,610 [EventQueue-DeleteBlockStatusForDeletedBlockLogImpl] DEBUG block.DeletedBlockLogImpl (DeletedBlockLogImpl.java:isTransactionFailed(278)) - Got block deletion ACK from datanode, TXIDs=9, success=true
2021-08-15 14:03:31,610 [EventQueue-DeleteBlockStatusForDeletedBlockLogImpl] DEBUG block.DeletedBlockLogImpl (DeletedBlockLogImpl.java:commitTransactions(224)) - Transaction txId=9 commit by dnId=f89ecde1-abfa-4530-92e2-4a065b7725ea for containerID=#9 failed. Corresponding entry not found.
2021-08-15 14:03:31,610 [EventQueue-DeleteBlockStatusForDeletedBlockLogImpl] DEBUG block.DeletedBlockLogImpl (DeletedBlockLogImpl.java:isTransactionFailed(278)) - Got block deletion ACK from datanode, TXIDs=10, success=true
2021-08-15 14:03:31,610 [EventQueue-DeleteBlockStatusForDeletedBlockLogImpl] DEBUG block.DeletedBlockLogImpl (DeletedBlockLogImpl.java:commitTransactions(224)) - Transaction txId=10 commit by dnId=f89ecde1-abfa-4530-92e2-4a065b7725ea for containerID=#10 failed. Corresponding entry not found.
2021-08-15 14:03:31,610 [EventQueue-DeleteBlockStatusForDeletedBlockLogImpl] DEBUG block.DeletedBlockLogImpl (DeletedBlockLogImpl.java:isTransactionFailed(278)) - Got block deletion ACK from datanode, TXIDs=11, success=true
2021-08-15 14:03:31,610 [EventQueue-DeleteBlockStatusForDeletedBlockLogImpl] DEBUG block.DeletedBlockLogImpl (DeletedBlockLogImpl.java:commitTransactions(224)) - Transaction txId=11 commit by dnId=f89ecde1-abfa-4530-92e2-4a065b7725ea for containerID=#11 failed. Corresponding entry not found.
2021-08-15 14:03:31,610 [EventQueue-DeleteBlockStatusForDeletedBlockLogImpl] DEBUG block.DeletedBlockLogImpl (DeletedBlockLogImpl.java:isTransactionFailed(278)) - Got block deletion ACK from datanode, TXIDs=12, success=true
2021-08-15 14:03:31,610 [EventQueue-DeleteBlockStatusForDeletedBlockLogImpl] DEBUG block.DeletedBlockLogImpl (DeletedBlockLogImpl.java:commitTransactions(224)) - Transaction txId=12 commit by dnId=f89ecde1-abfa-4530-92e2-4a065b7725ea for containerID=#12 failed. Corresponding entry not found.
2021-08-15 14:03:31,610 [EventQueue-DeleteBlockStatusForDeletedBlockLogImpl] DEBUG block.DeletedBlockLogImpl (DeletedBlockLogImpl.java:isTransactionFailed(278)) - Got block deletion ACK from datanode, TXIDs=13, success=true
2021-08-15 14:03:31,610 [EventQueue-DeleteBlockStatusForDeletedBlockLogImpl] DEBUG block.DeletedBlockLogImpl (DeletedBlockLogImpl.java:commitTransactions(224)) - Transaction txId=13 commit by dnId=f89ecde1-abfa-4530-92e2-4a065b7725ea for containerID=#13 failed. Corresponding entry not found.
2021-08-15 14:03:31,610 [EventQueue-DeleteBlockStatusForDeletedBlockLogImpl] DEBUG block.DeletedBlockLogImpl (DeletedBlockLogImpl.java:isTransactionFailed(278)) - Got block deletion ACK from datanode, TXIDs=14, success=true
2021-08-15 14:03:31,610 [EventQueue-DeleteBlockStatusForDeletedBlockLogImpl] DEBUG block.DeletedBlockLogImpl (DeletedBlockLogImpl.java:commitTransactions(224)) - Transaction txId=14 commit by dnId=f89ecde1-abfa-4530-92e2-4a065b7725ea for containerID=#14 failed. Corresponding entry not found.
2021-08-15 14:03:31,610 [EventQueue-DeleteBlockStatusForDeletedBlockLogImpl] DEBUG block.DeletedBlockLogImpl (DeletedBlockLogImpl.java:isTransactionFailed(278)) - Got block deletion ACK from datanode, TXIDs=15, success=true
2021-08-15 14:03:31,610 [EventQueue-DeleteBlockStatusForDeletedBlockLogImpl] DEBUG block.DeletedBlockLogImpl (DeletedBlockLogImpl.java:commitTransactions(224)) - Transaction txId=15 commit by dnId=f89ecde1-abfa-4530-92e2-4a065b7725ea for containerID=#15 failed. Corresponding entry not found.
2021-08-15 14:03:31,611 [EventQueue-DeleteBlockStatusForDeletedBlockLogImpl] DEBUG block.DeletedBlockLogImpl (DeletedBlockLogImpl.java:isTransactionFailed(278)) - Got block deletion ACK from datanode, TXIDs=16, success=true
2021-08-15 14:03:31,611 [EventQueue-DeleteBlockStatusForDeletedBlockLogImpl] DEBUG block.DeletedBlockLogImpl (DeletedBlockLogImpl.java:commitTransactions(224)) - Transaction txId=16 commit by dnId=f89ecde1-abfa-4530-92e2-4a065b7725ea for containerID=#16 failed. Corresponding entry not found.
2021-08-15 14:03:31,611 [EventQueue-DeleteBlockStatusForDeletedBlockLogImpl] DEBUG block.DeletedBlockLogImpl (DeletedBlockLogImpl.java:isTransactionFailed(278)) - Got block deletion ACK from datanode, TXIDs=17, success=true
2021-08-15 14:03:31,611 [EventQueue-DeleteBlockStatusForDeletedBlockLogImpl] DEBUG block.DeletedBlockLogImpl (DeletedBlockLogImpl.java:commitTransactions(224)) - Transaction txId=17 commit by dnId=f89ecde1-abfa-4530-92e2-4a065b7725ea for containerID=#17 failed. Corresponding entry not found.
2021-08-15 14:03:31,611 [EventQueue-DeleteBlockStatusForDeletedBlockLogImpl] DEBUG block.DeletedBlockLogImpl (DeletedBlockLogImpl.java:isTransactionFailed(278)) - Got block deletion ACK from datanode, TXIDs=18, success=true
2021-08-15 14:03:31,611 [EventQueue-DeleteBlockStatusForDeletedBlockLogImpl] DEBUG block.DeletedBlockLogImpl (DeletedBlockLogImpl.java:commitTransactions(224)) - Transaction txId=18 commit by dnId=f89ecde1-abfa-4530-92e2-4a065b7725ea for containerID=#18 failed. Corresponding entry not found.
2021-08-15 14:03:31,611 [EventQueue-DeleteBlockStatusForDeletedBlockLogImpl] DEBUG block.DeletedBlockLogImpl (DeletedBlockLogImpl.java:isTransactionFailed(278)) - Got block deletion ACK from datanode, TXIDs=19, success=true
2021-08-15 14:03:31,611 [EventQueue-DeleteBlockStatusForDeletedBlockLogImpl] DEBUG block.DeletedBlockLogImpl (DeletedBlockLogImpl.java:commitTransactions(224)) - Transaction txId=19 commit by dnId=f89ecde1-abfa-4530-92e2-4a065b7725ea for containerID=#19 failed. Corresponding entry not found.
2021-08-15 14:03:31,611 [EventQueue-DeleteBlockStatusForDeletedBlockLogImpl] DEBUG block.DeletedBlockLogImpl (DeletedBlockLogImpl.java:isTransactionFailed(278)) - Got block deletion ACK from datanode, TXIDs=20, success=true
2021-08-15 14:03:31,611 [EventQueue-DeleteBlockStatusForDeletedBlockLogImpl] DEBUG block.DeletedBlockLogImpl (DeletedBlockLogImpl.java:commitTransactions(224)) - Transaction txId=20 commit by dnId=f89ecde1-abfa-4530-92e2-4a065b7725ea for containerID=#20 failed. Corresponding entry not found.
2021-08-15 14:03:31,611 [EventQueue-DeleteBlockStatusForDeletedBlockLogImpl] DEBUG block.DeletedBlockLogImpl (DeletedBlockLogImpl.java:isTransactionFailed(278)) - Got block deletion ACK from datanode, TXIDs=21, success=true
2021-08-15 14:03:31,611 [EventQueue-DeleteBlockStatusForDeletedBlockLogImpl] DEBUG block.DeletedBlockLogImpl (DeletedBlockLogImpl.java:commitTransactions(224)) - Transaction txId=21 commit by dnId=f89ecde1-abfa-4530-92e2-4a065b7725ea for containerID=#21 failed. Corresponding entry not found.
2021-08-15 14:03:31,611 [EventQueue-DeleteBlockStatusForDeletedBlockLogImpl] DEBUG block.DeletedBlockLogImpl (DeletedBlockLogImpl.java:isTransactionFailed(278)) - Got block deletion ACK from datanode, TXIDs=22, success=true
2021-08-15 14:03:31,611 [EventQueue-DeleteBlockStatusForDeletedBlockLogImpl] DEBUG block.DeletedBlockLogImpl (DeletedBlockLogImpl.java:commitTransactions(224)) - Transaction txId=22 commit by dnId=f89ecde1-abfa-4530-92e2-4a065b7725ea for containerID=#22 failed. Corresponding entry not found.
2021-08-15 14:03:31,611 [EventQueue-DeleteBlockStatusForDeletedBlockLogImpl] DEBUG block.DeletedBlockLogImpl (DeletedBlockLogImpl.java:isTransactionFailed(278)) - Got block deletion ACK from datanode, TXIDs=23, success=true
2021-08-15 14:03:31,611 [EventQueue-DeleteBlockStatusForDeletedBlockLogImpl] DEBUG block.DeletedBlockLogImpl (DeletedBlockLogImpl.java:commitTransactions(224)) - Transaction txId=23 commit by dnId=f89ecde1-abfa-4530-92e2-4a065b7725ea for containerID=#23 failed. Corresponding entry not found.
2021-08-15 14:03:31,611 [EventQueue-DeleteBlockStatusForDeletedBlockLogImpl] DEBUG block.DeletedBlockLogImpl (DeletedBlockLogImpl.java:isTransactionFailed(278)) - Got block deletion ACK from datanode, TXIDs=1, success=true
2021-08-15 14:03:31,611 [EventQueue-DeleteBlockStatusForDeletedBlockLogImpl] DEBUG block.DeletedBlockLogImpl (DeletedBlockLogImpl.java:commitTransactions(224)) - Transaction txId=1 commit by dnId=f89ecde1-abfa-4530-92e2-4a065b7725ea for containerID=#1 failed. Corresponding entry not found.
2021-08-15 14:03:31,611 [EventQueue-DeleteBlockStatusForDeletedBlockLogImpl] DEBUG block.DeletedBlockLogImpl (DeletedBlockLogImpl.java:isTransactionFailed(278)) - Got block deletion ACK from datanode, TXIDs=2, success=true
2021-08-15 14:03:31,611 [EventQueue-DeleteBlockStatusForDeletedBlockLogImpl] DEBUG block.DeletedBlockLogImpl (DeletedBlockLogImpl.java:commitTransactions(224)) - Transaction txId=2 commit by dnId=f89ecde1-abfa-4530-92e2-4a065b7725ea for containerID=#2 failed. Corresponding entry not found.
2021-08-15 14:03:31,611 [EventQueue-DeleteBlockStatusForDeletedBlockLogImpl] DEBUG block.DeletedBlockLogImpl (DeletedBlockLogImpl.java:isTransactionFailed(278)) - Got block deletion ACK from datanode, TXIDs=3, success=true
2021-08-15 14:03:31,611 [EventQueue-DeleteBlockStatusForDeletedBlockLogImpl] DEBUG block.DeletedBlockLogImpl (DeletedBlockLogImpl.java:commitTransactions(224)) - Transaction txId=3 commit by dnId=f89ecde1-abfa-4530-92e2-4a065b7725ea for containerID=#3 failed. Corresponding entry not found.
2021-08-15 14:03:31,611 [EventQueue-DeleteBlockStatusForDeletedBlockLogImpl] DEBUG block.DeletedBlockLogImpl (DeletedBlockLogImpl.java:isTransactionFailed(278)) - Got block deletion ACK from datanode, TXIDs=4, success=true
2021-08-15 14:03:31,611 [EventQueue-DeleteBlockStatusForDeletedBlockLogImpl] DEBUG block.DeletedBlockLogImpl (DeletedBlockLogImpl.java:commitTransactions(224)) - Transaction txId=4 commit by dnId=f89ecde1-abfa-4530-92e2-4a065b7725ea for containerID=#4 failed. Corresponding entry not found.
2021-08-15 14:03:31,611 [EventQueue-DeleteBlockStatusForDeletedBlockLogImpl] DEBUG block.DeletedBlockLogImpl (DeletedBlockLogImpl.java:isTransactionFailed(278)) - Got block deletion ACK from datanode, TXIDs=5, success=true
2021-08-15 14:03:31,611 [EventQueue-DeleteBlockStatusForDeletedBlockLogImpl] DEBUG block.DeletedBlockLogImpl (DeletedBlockLogImpl.java:commitTransactions(224)) - Transaction txId=5 commit by dnId=f89ecde1-abfa-4530-92e2-4a065b7725ea for containerID=#5 failed. Corresponding entry not found.
2021-08-15 14:03:31,611 [EventQueue-DeleteBlockStatusForDeletedBlockLogImpl] DEBUG block.DeletedBlockLogImpl (DeletedBlockLogImpl.java:isTransactionFailed(278)) - Got block deletion ACK from datanode, TXIDs=6, success=true
2021-08-15 14:03:31,611 [EventQueue-DeleteBlockStatusForDeletedBlockLogImpl] DEBUG block.DeletedBlockLogImpl (DeletedBlockLogImpl.java:commitTransactions(224)) - Transaction txId=6 commit by dnId=f89ecde1-abfa-4530-92e2-4a065b7725ea for containerID=#6 failed. Corresponding entry not found.
2021-08-15 14:03:31,611 [EventQueue-DeleteBlockStatusForDeletedBlockLogImpl] DEBUG block.DeletedBlockLogImpl (DeletedBlockLogImpl.java:isTransactionFailed(278)) - Got block deletion ACK from datanode, TXIDs=7, success=true
2021-08-15 14:03:31,611 [EventQueue-DeleteBlockStatusForDeletedBlockLogImpl] DEBUG block.DeletedBlockLogImpl (DeletedBlockLogImpl.java:commitTransactions(224)) - Transaction txId=7 commit by dnId=f89ecde1-abfa-4530-92e2-4a065b7725ea for containerID=#7 failed. Corresponding entry not found.
2021-08-15 14:03:31,611 [EventQueue-DeleteBlockStatusForDeletedBlockLogImpl] DEBUG block.DeletedBlockLogImpl (DeletedBlockLogImpl.java:isTransactionFailed(278)) - Got block deletion ACK from datanode, TXIDs=8, success=true
2021-08-15 14:03:31,611 [EventQueue-DeleteBlockStatusForDeletedBlockLogImpl] DEBUG block.DeletedBlockLogImpl (DeletedBlockLogImpl.java:commitTransactions(224)) - Transaction txId=8 commit by dnId=f89ecde1-abfa-4530-92e2-4a065b7725ea for containerID=#8 failed. Corresponding entry not found.
2021-08-15 14:03:31,611 [EventQueue-DeleteBlockStatusForDeletedBlockLogImpl] DEBUG block.DeletedBlockLogImpl (DeletedBlockLogImpl.java:isTransactionFailed(278)) - Got block deletion ACK from datanode, TXIDs=9, success=true
2021-08-15 14:03:31,611 [EventQueue-DeleteBlockStatusForDeletedBlockLogImpl] DEBUG block.DeletedBlockLogImpl (DeletedBlockLogImpl.java:commitTransactions(224)) - Transaction txId=9 commit by dnId=f89ecde1-abfa-4530-92e2-4a065b7725ea for containerID=#9 failed. Corresponding entry not found.
2021-08-15 14:03:31,611 [EventQueue-DeleteBlockStatusForDeletedBlockLogImpl] DEBUG block.DeletedBlockLogImpl (DeletedBlockLogImpl.java:isTransactionFailed(278)) - Got block deletion ACK from datanode, TXIDs=10, success=true
2021-08-15 14:03:31,611 [EventQueue-DeleteBlockStatusForDeletedBlockLogImpl] DEBUG block.DeletedBlockLogImpl (DeletedBlockLogImpl.java:commitTransactions(224)) - Transaction txId=10 commit by dnId=f89ecde1-abfa-4530-92e2-4a065b7725ea for containerID=#10 failed. Corresponding entry not found.
2021-08-15 14:03:31,611 [EventQueue-DeleteBlockStatusForDeletedBlockLogImpl] DEBUG block.DeletedBlockLogImpl (DeletedBlockLogImpl.java:isTransactionFailed(278)) - Got block deletion ACK from datanode, TXIDs=11, success=true
2021-08-15 14:03:31,611 [EventQueue-DeleteBlockStatusForDeletedBlockLogImpl] DEBUG block.DeletedBlockLogImpl (DeletedBlockLogImpl.java:commitTransactions(224)) - Transaction txId=11 commit by dnId=f89ecde1-abfa-4530-92e2-4a065b7725ea for containerID=#11 failed. Corresponding entry not found.
2021-08-15 14:03:31,611 [EventQueue-DeleteBlockStatusForDeletedBlockLogImpl] DEBUG block.DeletedBlockLogImpl (DeletedBlockLogImpl.java:isTransactionFailed(278)) - Got block deletion ACK from datanode, TXIDs=12, success=true
2021-08-15 14:03:31,611 [EventQueue-DeleteBlockStatusForDeletedBlockLogImpl] DEBUG block.DeletedBlockLogImpl (DeletedBlockLogImpl.java:commitTransactions(224)) - Transaction txId=12 commit by dnId=f89ecde1-abfa-4530-92e2-4a065b7725ea for containerID=#12 failed. Corresponding entry not found.
2021-08-15 14:03:31,611 [EventQueue-DeleteBlockStatusForDeletedBlockLogImpl] DEBUG block.DeletedBlockLogImpl (DeletedBlockLogImpl.java:isTransactionFailed(278)) - Got block deletion ACK from datanode, TXIDs=13, success=true
2021-08-15 14:03:31,611 [EventQueue-DeleteBlockStatusForDeletedBlockLogImpl] DEBUG block.DeletedBlockLogImpl (DeletedBlockLogImpl.java:commitTransactions(224)) - Transaction txId=13 commit by dnId=f89ecde1-abfa-4530-92e2-4a065b7725ea for containerID=#13 failed. Corresponding entry not found.
2021-08-15 14:03:31,611 [EventQueue-DeleteBlockStatusForDeletedBlockLogImpl] DEBUG block.DeletedBlockLogImpl (DeletedBlockLogImpl.java:isTransactionFailed(278)) - Got block deletion ACK from datanode, TXIDs=14, success=true
2021-08-15 14:03:31,611 [EventQueue-DeleteBlockStatusForDeletedBlockLogImpl] DEBUG block.DeletedBlockLogImpl (DeletedBlockLogImpl.java:commitTransactions(224)) - Transaction txId=14 commit by dnId=f89ecde1-abfa-4530-92e2-4a065b7725ea for containerID=#14 failed. Corresponding entry not found.
2021-08-15 14:03:31,612 [EventQueue-DeleteBlockStatusForDeletedBlockLogImpl] DEBUG block.DeletedBlockLogImpl (DeletedBlockLogImpl.java:isTransactionFailed(278)) - Got block deletion ACK from datanode, TXIDs=15, success=true
2021-08-15 14:03:31,612 [EventQueue-DeleteBlockStatusForDeletedBlockLogImpl] DEBUG block.DeletedBlockLogImpl (DeletedBlockLogImpl.java:commitTransactions(224)) - Transaction txId=15 commit by dnId=f89ecde1-abfa-4530-92e2-4a065b7725ea for containerID=#15 failed. Corresponding entry not found.
2021-08-15 14:03:31,612 [EventQueue-DeleteBlockStatusForDeletedBlockLogImpl] DEBUG block.DeletedBlockLogImpl (DeletedBlockLogImpl.java:isTransactionFailed(278)) - Got block deletion ACK from datanode, TXIDs=16, success=true
2021-08-15 14:03:31,612 [EventQueue-DeleteBlockStatusForDeletedBlockLogImpl] DEBUG block.DeletedBlockLogImpl (DeletedBlockLogImpl.java:commitTransactions(224)) - Transaction txId=16 commit by dnId=f89ecde1-abfa-4530-92e2-4a065b7725ea for containerID=#16 failed. Corresponding entry not found.
2021-08-15 14:03:31,612 [EventQueue-DeleteBlockStatusForDeletedBlockLogImpl] DEBUG block.DeletedBlockLogImpl (DeletedBlockLogImpl.java:isTransactionFailed(278)) - Got block deletion ACK from datanode, TXIDs=17, success=true
2021-08-15 14:03:31,612 [EventQueue-DeleteBlockStatusForDeletedBlockLogImpl] DEBUG block.DeletedBlockLogImpl (DeletedBlockLogImpl.java:commitTransactions(224)) - Transaction txId=17 commit by dnId=f89ecde1-abfa-4530-92e2-4a065b7725ea for containerID=#17 failed. Corresponding entry not found.
2021-08-15 14:03:31,612 [EventQueue-DeleteBlockStatusForDeletedBlockLogImpl] DEBUG block.DeletedBlockLogImpl (DeletedBlockLogImpl.java:isTransactionFailed(278)) - Got block deletion ACK from datanode, TXIDs=18, success=true
2021-08-15 14:03:31,612 [EventQueue-DeleteBlockStatusForDeletedBlockLogImpl] DEBUG block.DeletedBlockLogImpl (DeletedBlockLogImpl.java:commitTransactions(224)) - Transaction txId=18 commit by dnId=f89ecde1-abfa-4530-92e2-4a065b7725ea for containerID=#18 failed. Corresponding entry not found.
2021-08-15 14:03:31,612 [EventQueue-DeleteBlockStatusForDeletedBlockLogImpl] DEBUG block.DeletedBlockLogImpl (DeletedBlockLogImpl.java:isTransactionFailed(278)) - Got block deletion ACK from datanode, TXIDs=19, success=true
2021-08-15 14:03:31,612 [EventQueue-DeleteBlockStatusForDeletedBlockLogImpl] DEBUG block.DeletedBlockLogImpl (DeletedBlockLogImpl.java:commitTransactions(224)) - Transaction txId=19 commit by dnId=f89ecde1-abfa-4530-92e2-4a065b7725ea for containerID=#19 failed. Corresponding entry not found.
2021-08-15 14:03:31,612 [EventQueue-DeleteBlockStatusForDeletedBlockLogImpl] DEBUG block.DeletedBlockLogImpl (DeletedBlockLogImpl.java:isTransactionFailed(278)) - Got block deletion ACK from datanode, TXIDs=20, success=true
2021-08-15 14:03:31,612 [EventQueue-DeleteBlockStatusForDeletedBlockLogImpl] DEBUG block.DeletedBlockLogImpl (DeletedBlockLogImpl.java:commitTransactions(224)) - Transaction txId=20 commit by dnId=f89ecde1-abfa-4530-92e2-4a065b7725ea for containerID=#20 failed. Corresponding entry not found.
2021-08-15 14:03:31,612 [EventQueue-DeleteBlockStatusForDeletedBlockLogImpl] DEBUG block.DeletedBlockLogImpl (DeletedBlockLogImpl.java:isTransactionFailed(278)) - Got block deletion ACK from datanode, TXIDs=21, success=true
2021-08-15 14:03:31,612 [EventQueue-DeleteBlockStatusForDeletedBlockLogImpl] DEBUG block.DeletedBlockLogImpl (DeletedBlockLogImpl.java:commitTransactions(224)) - Transaction txId=21 commit by dnId=f89ecde1-abfa-4530-92e2-4a065b7725ea for containerID=#21 failed. Corresponding entry not found.
2021-08-15 14:03:31,612 [EventQueue-DeleteBlockStatusForDeletedBlockLogImpl] DEBUG block.DeletedBlockLogImpl (DeletedBlockLogImpl.java:isTransactionFailed(278)) - Got block deletion ACK from datanode, TXIDs=22, success=true
2021-08-15 14:03:31,612 [EventQueue-DeleteBlockStatusForDeletedBlockLogImpl] DEBUG block.DeletedBlockLogImpl (DeletedBlockLogImpl.java:commitTransactions(224)) - Transaction txId=22 commit by dnId=f89ecde1-abfa-4530-92e2-4a065b7725ea for containerID=#22 failed. Corresponding entry not found.
2021-08-15 14:03:31,612 [EventQueue-DeleteBlockStatusForDeletedBlockLogImpl] DEBUG block.DeletedBlockLogImpl (DeletedBlockLogImpl.java:isTransactionFailed(278)) - Got block deletion ACK from datanode, TXIDs=17, success=true
2021-08-15 14:03:31,612 [EventQueue-DeleteBlockStatusForDeletedBlockLogImpl] DEBUG block.DeletedBlockLogImpl (DeletedBlockLogImpl.java:commitTransactions(224)) - Transaction txId=17 commit by dnId=f89ecde1-abfa-4530-92e2-4a065b7725ea for containerID=#17 failed. Corresponding entry not found.
2021-08-15 14:03:31,612 [EventQueue-DeleteBlockStatusForDeletedBlockLogImpl] DEBUG block.DeletedBlockLogImpl (DeletedBlockLogImpl.java:isTransactionFailed(278)) - Got block deletion ACK from datanode, TXIDs=18, success=true
2021-08-15 14:03:31,612 [EventQueue-DeleteBlockStatusForDeletedBlockLogImpl] DEBUG block.DeletedBlockLogImpl (DeletedBlockLogImpl.java:commitTransactions(224)) - Transaction txId=18 commit by dnId=f89ecde1-abfa-4530-92e2-4a065b7725ea for containerID=#18 failed. Corresponding entry not found.
2021-08-15 14:03:31,612 [EventQueue-DeleteBlockStatusForDeletedBlockLogImpl] DEBUG block.DeletedBlockLogImpl (DeletedBlockLogImpl.java:isTransactionFailed(278)) - Got block deletion ACK from datanode, TXIDs=19, success=true
2021-08-15 14:03:31,612 [EventQueue-DeleteBlockStatusForDeletedBlockLogImpl] DEBUG block.DeletedBlockLogImpl (DeletedBlockLogImpl.java:commitTransactions(224)) - Transaction txId=19 commit by dnId=f89ecde1-abfa-4530-92e2-4a065b7725ea for containerID=#19 failed. Corresponding entry not found.
2021-08-15 14:03:31,612 [EventQueue-DeleteBlockStatusForDeletedBlockLogImpl] DEBUG block.DeletedBlockLogImpl (DeletedBlockLogImpl.java:isTransactionFailed(278)) - Got block deletion ACK from datanode, TXIDs=20, success=true
2021-08-15 14:03:31,612 [EventQueue-DeleteBlockStatusForDeletedBlockLogImpl] DEBUG block.DeletedBlockLogImpl (DeletedBlockLogImpl.java:commitTransactions(224)) - Transaction txId=20 commit by dnId=f89ecde1-abfa-4530-92e2-4a065b7725ea for containerID=#20 failed. Corresponding entry not found.
2021-08-15 14:03:31,612 [EventQueue-DeleteBlockStatusForDeletedBlockLogImpl] DEBUG block.DeletedBlockLogImpl (DeletedBlockLogImpl.java:isTransactionFailed(278)) - Got block deletion ACK from datanode, TXIDs=21, success=true
2021-08-15 14:03:31,612 [EventQueue-DeleteBlockStatusForDeletedBlockLogImpl] DEBUG block.DeletedBlockLogImpl (DeletedBlockLogImpl.java:commitTransactions(224)) - Transaction txId=21 commit by dnId=f89ecde1-abfa-4530-92e2-4a065b7725ea for containerID=#21 failed. Corresponding entry not found.
2021-08-15 14:03:31,612 [EventQueue-DeleteBlockStatusForDeletedBlockLogImpl] DEBUG block.DeletedBlockLogImpl (DeletedBlockLogImpl.java:isTransactionFailed(278)) - Got block deletion ACK from datanode, TXIDs=22, success=true
2021-08-15 14:03:31,612 [EventQueue-DeleteBlockStatusForDeletedBlockLogImpl] DEBUG block.DeletedBlockLogImpl (DeletedBlockLogImpl.java:commitTransactions(224)) - Transaction txId=22 commit by dnId=f89ecde1-abfa-4530-92e2-4a065b7725ea for containerID=#22 failed. Corresponding entry not found.
2021-08-15 14:03:31,612 [EventQueue-DeleteBlockStatusForDeletedBlockLogImpl] DEBUG block.DeletedBlockLogImpl (DeletedBlockLogImpl.java:isTransactionFailed(278)) - Got block deletion ACK from datanode, TXIDs=23, success=true
2021-08-15 14:03:31,612 [EventQueue-DeleteBlockStatusForDeletedBlockLogImpl] DEBUG block.DeletedBlockLogImpl (DeletedBlockLogImpl.java:commitTransactions(224)) - Transaction txId=23 commit by dnId=f89ecde1-abfa-4530-92e2-4a065b7725ea for containerID=#23 failed. Corresponding entry not found.
2021-08-15 14:03:31,612 [EventQueue-DeleteBlockStatusForDeletedBlockLogImpl] DEBUG block.DeletedBlockLogImpl (DeletedBlockLogImpl.java:isTransactionFailed(278)) - Got block deletion ACK from datanode, TXIDs=24, success=true
2021-08-15 14:03:31,612 [EventQueue-DeleteBlockStatusForDeletedBlockLogImpl] DEBUG block.DeletedBlockLogImpl (DeletedBlockLogImpl.java:commitTransactions(224)) - Transaction txId=24 commit by dnId=f89ecde1-abfa-4530-92e2-4a065b7725ea for containerID=#24 failed. Corresponding entry not found.
2021-08-15 14:03:31,612 [EventQueue-DeleteBlockStatusForDeletedBlockLogImpl] DEBUG block.DeletedBlockLogImpl (DeletedBlockLogImpl.java:isTransactionFailed(278)) - Got block deletion ACK from datanode, TXIDs=25, success=true
2021-08-15 14:03:31,612 [EventQueue-DeleteBlockStatusForDeletedBlockLogImpl] DEBUG block.DeletedBlockLogImpl (DeletedBlockLogImpl.java:commitTransactions(224)) - Transaction txId=25 commit by dnId=f89ecde1-abfa-4530-92e2-4a065b7725ea for containerID=#25 failed. Corresponding entry not found.
2021-08-15 14:03:31,612 [EventQueue-DeleteBlockStatusForDeletedBlockLogImpl] DEBUG block.DeletedBlockLogImpl (DeletedBlockLogImpl.java:isTransactionFailed(278)) - Got block deletion ACK from datanode, TXIDs=26, success=true
2021-08-15 14:03:31,612 [EventQueue-DeleteBlockStatusForDeletedBlockLogImpl] DEBUG block.DeletedBlockLogImpl (DeletedBlockLogImpl.java:commitTransactions(224)) - Transaction txId=26 commit by dnId=f89ecde1-abfa-4530-92e2-4a065b7725ea for containerID=#26 failed. Corresponding entry not found.
2021-08-15 14:03:31,612 [EventQueue-DeleteBlockStatusForDeletedBlockLogImpl] DEBUG block.DeletedBlockLogImpl (DeletedBlockLogImpl.java:isTransactionFailed(278)) - Got block deletion ACK from datanode, TXIDs=17, success=true
2021-08-15 14:03:31,612 [EventQueue-DeleteBlockStatusForDeletedBlockLogImpl] DEBUG block.DeletedBlockLogImpl (DeletedBlockLogImpl.java:commitTransactions(224)) - Transaction txId=17 commit by dnId=f89ecde1-abfa-4530-92e2-4a065b7725ea for containerID=#17 failed. Corresponding entry not found.
2021-08-15 14:03:31,612 [EventQueue-DeleteBlockStatusForDeletedBlockLogImpl] DEBUG block.DeletedBlockLogImpl (DeletedBlockLogImpl.java:isTransactionFailed(278)) - Got block deletion ACK from datanode, TXIDs=18, success=true
2021-08-15 14:03:31,612 [EventQueue-DeleteBlockStatusForDeletedBlockLogImpl] DEBUG block.DeletedBlockLogImpl (DeletedBlockLogImpl.java:commitTransactions(224)) - Transaction txId=18 commit by dnId=f89ecde1-abfa-4530-92e2-4a065b7725ea for containerID=#18 failed. Corresponding entry not found.
2021-08-15 14:03:31,612 [EventQueue-DeleteBlockStatusForDeletedBlockLogImpl] DEBUG block.DeletedBlockLogImpl (DeletedBlockLogImpl.java:isTransactionFailed(278)) - Got block deletion ACK from datanode, TXIDs=19, success=true
2021-08-15 14:03:31,612 [EventQueue-DeleteBlockStatusForDeletedBlockLogImpl] DEBUG block.DeletedBlockLogImpl (DeletedBlockLogImpl.java:commitTransactions(224)) - Transaction txId=19 commit by dnId=f89ecde1-abfa-4530-92e2-4a065b7725ea for containerID=#19 failed. Corresponding entry not found.
2021-08-15 14:03:31,612 [EventQueue-DeleteBlockStatusForDeletedBlockLogImpl] DEBUG block.DeletedBlockLogImpl (DeletedBlockLogImpl.java:isTransactionFailed(278)) - Got block deletion ACK from datanode, TXIDs=20, success=true
2021-08-15 14:03:31,612 [EventQueue-DeleteBlockStatusForDeletedBlockLogImpl] DEBUG block.DeletedBlockLogImpl (DeletedBlockLogImpl.java:commitTransactions(224)) - Transaction txId=20 commit by dnId=f89ecde1-abfa-4530-92e2-4a065b7725ea for containerID=#20 failed. Corresponding entry not found.
2021-08-15 14:03:31,613 [EventQueue-DeleteBlockStatusForDeletedBlockLogImpl] DEBUG block.DeletedBlockLogImpl (DeletedBlockLogImpl.java:isTransactionFailed(278)) - Got block deletion ACK from datanode, TXIDs=21, success=true
2021-08-15 14:03:31,613 [EventQueue-DeleteBlockStatusForDeletedBlockLogImpl] DEBUG block.DeletedBlockLogImpl (DeletedBlockLogImpl.java:commitTransactions(224)) - Transaction txId=21 commit by dnId=f89ecde1-abfa-4530-92e2-4a065b7725ea for containerID=#21 failed. Corresponding entry not found.
2021-08-15 14:03:31,613 [EventQueue-DeleteBlockStatusForDeletedBlockLogImpl] DEBUG block.DeletedBlockLogImpl (DeletedBlockLogImpl.java:isTransactionFailed(278)) - Got block deletion ACK from datanode, TXIDs=22, success=true
2021-08-15 14:03:31,613 [EventQueue-DeleteBlockStatusForDeletedBlockLogImpl] DEBUG block.DeletedBlockLogImpl (DeletedBlockLogImpl.java:commitTransactions(224)) - Transaction txId=22 commit by dnId=f89ecde1-abfa-4530-92e2-4a065b7725ea for containerID=#22 failed. Corresponding entry not found.
2021-08-15 14:03:31,613 [EventQueue-DeleteBlockStatusForDeletedBlockLogImpl] DEBUG block.DeletedBlockLogImpl (DeletedBlockLogImpl.java:isTransactionFailed(278)) - Got block deletion ACK from datanode, TXIDs=23, success=true
2021-08-15 14:03:31,613 [EventQueue-DeleteBlockStatusForDeletedBlockLogImpl] DEBUG block.DeletedBlockLogImpl (DeletedBlockLogImpl.java:commitTransactions(224)) - Transaction txId=23 commit by dnId=f89ecde1-abfa-4530-92e2-4a065b7725ea for containerID=#23 failed. Corresponding entry not found.
2021-08-15 14:03:31,613 [EventQueue-DeleteBlockStatusForDeletedBlockLogImpl] DEBUG block.DeletedBlockLogImpl (DeletedBlockLogImpl.java:isTransactionFailed(278)) - Got block deletion ACK from datanode, TXIDs=24, success=true
2021-08-15 14:03:31,613 [EventQueue-DeleteBlockStatusForDeletedBlockLogImpl] DEBUG block.DeletedBlockLogImpl (DeletedBlockLogImpl.java:commitTransactions(224)) - Transaction txId=24 commit by dnId=f89ecde1-abfa-4530-92e2-4a065b7725ea for containerID=#24 failed. Corresponding entry not found.
2021-08-15 14:03:31,613 [EventQueue-DeleteBlockStatusForDeletedBlockLogImpl] DEBUG block.DeletedBlockLogImpl (DeletedBlockLogImpl.java:isTransactionFailed(278)) - Got block deletion ACK from datanode, TXIDs=25, success=true
2021-08-15 14:03:31,613 [EventQueue-DeleteBlockStatusForDeletedBlockLogImpl] DEBUG block.DeletedBlockLogImpl (DeletedBlockLogImpl.java:commitTransactions(224)) - Transaction txId=25 commit by dnId=f89ecde1-abfa-4530-92e2-4a065b7725ea for containerID=#25 failed. Corresponding entry not found.
2021-08-15 14:03:31,620 [BlockDeletingService#3] INFO  impl.FilePerBlockStrategy (FilePerBlockStrategy.java:deleteChunk(227)) - Deleted block file: /home/runner/work/ozone/ozone/hadoop-ozone/integration-test/target/test-dir/MiniOzoneClusterImpl-8fa699bc-e258-4c24-98aa-94a5d955589f/datanode-2/data-0/containers/hdds/8fa699bc-e258-4c24-98aa-94a5d955589f/current/containerDir0/20/chunks/107544261427200020.block
2021-08-15 14:03:31,620 [BlockDeletingService#3] INFO  background.BlockDeletingService (BlockDeletingService.java:deleteViaSchema2(447)) - Container: 20, deleted blocks: 1, task elapsed time: 12ms
2021-08-15 14:03:31,674 [SCMBlockDeletingService#0] DEBUG block.SCMBlockDeletingService (SCMBlockDeletingService.java:call(133)) - Running DeletedBlockTransactionScanner
2021-08-15 14:03:31,674 [SCMBlockDeletingService#0] DEBUG block.SCMBlockDeletingService (DatanodeDeletedBlockTransactions.java:addTransactionToDN(50)) - Transaction added: c2c40a72-a699-49b1-b721-1997d9d2c71f <- TX(27)
2021-08-15 14:03:31,675 [SCMBlockDeletingService#0] DEBUG block.SCMBlockDeletingService (DatanodeDeletedBlockTransactions.java:addTransactionToDN(50)) - Transaction added: c2c40a72-a699-49b1-b721-1997d9d2c71f <- TX(28)
2021-08-15 14:03:31,675 [SCMBlockDeletingService#0] DEBUG block.SCMBlockDeletingService (DatanodeDeletedBlockTransactions.java:addTransactionToDN(50)) - Transaction added: 0475d2c2-d46f-403e-95a5-8ff1a5c32338 <- TX(28)
2021-08-15 14:03:31,675 [SCMBlockDeletingService#0] DEBUG block.SCMBlockDeletingService (DatanodeDeletedBlockTransactions.java:addTransactionToDN(50)) - Transaction added: c2c40a72-a699-49b1-b721-1997d9d2c71f <- TX(29)
2021-08-15 14:03:31,675 [SCMBlockDeletingService#0] DEBUG block.SCMBlockDeletingService (DatanodeDeletedBlockTransactions.java:addTransactionToDN(50)) - Transaction added: 0475d2c2-d46f-403e-95a5-8ff1a5c32338 <- TX(29)
2021-08-15 14:03:31,675 [SCMBlockDeletingService#0] DEBUG block.SCMBlockDeletingService (DatanodeDeletedBlockTransactions.java:addTransactionToDN(50)) - Transaction added: 0475d2c2-d46f-403e-95a5-8ff1a5c32338 <- TX(30)
2021-08-15 14:03:31,675 [SCMBlockDeletingService#0] DEBUG block.SCMBlockDeletingService (DatanodeDeletedBlockTransactions.java:addTransactionToDN(50)) - Transaction added: c2c40a72-a699-49b1-b721-1997d9d2c71f <- TX(30)
2021-08-15 14:03:31,675 [SCMBlockDeletingService#0] DEBUG block.SCMBlockDeletingService (DatanodeDeletedBlockTransactions.java:addTransactionToDN(50)) - Transaction added: c2c40a72-a699-49b1-b721-1997d9d2c71f <- TX(31)
2021-08-15 14:03:31,675 [SCMBlockDeletingService#0] DEBUG block.SCMBlockDeletingService (DatanodeDeletedBlockTransactions.java:addTransactionToDN(50)) - Transaction added: 0475d2c2-d46f-403e-95a5-8ff1a5c32338 <- TX(31)
2021-08-15 14:03:31,675 [SCMBlockDeletingService#0] DEBUG block.SCMBlockDeletingService (DatanodeDeletedBlockTransactions.java:addTransactionToDN(50)) - Transaction added: 0475d2c2-d46f-403e-95a5-8ff1a5c32338 <- TX(32)
2021-08-15 14:03:31,675 [SCMBlockDeletingService#0] DEBUG block.SCMBlockDeletingService (DatanodeDeletedBlockTransactions.java:addTransactionToDN(50)) - Transaction added: c2c40a72-a699-49b1-b721-1997d9d2c71f <- TX(32)
2021-08-15 14:03:31,675 [SCMBlockDeletingService#0] DEBUG block.SCMBlockDeletingService (DatanodeDeletedBlockTransactions.java:addTransactionToDN(50)) - Transaction added: 0475d2c2-d46f-403e-95a5-8ff1a5c32338 <- TX(33)
2021-08-15 14:03:31,675 [SCMBlockDeletingService#0] DEBUG block.SCMBlockDeletingService (DatanodeDeletedBlockTransactions.java:addTransactionToDN(50)) - Transaction added: c2c40a72-a699-49b1-b721-1997d9d2c71f <- TX(33)
2021-08-15 14:03:31,675 [SCMBlockDeletingService#0] DEBUG block.SCMBlockDeletingService (DatanodeDeletedBlockTransactions.java:addTransactionToDN(50)) - Transaction added: 0475d2c2-d46f-403e-95a5-8ff1a5c32338 <- TX(34)
2021-08-15 14:03:31,675 [SCMBlockDeletingService#0] DEBUG block.SCMBlockDeletingService (DatanodeDeletedBlockTransactions.java:addTransactionToDN(50)) - Transaction added: c2c40a72-a699-49b1-b721-1997d9d2c71f <- TX(34)
2021-08-15 14:03:31,675 [SCMBlockDeletingService#0] DEBUG block.SCMBlockDeletingService (DatanodeDeletedBlockTransactions.java:addTransactionToDN(50)) - Transaction added: 0475d2c2-d46f-403e-95a5-8ff1a5c32338 <- TX(35)
2021-08-15 14:03:31,675 [SCMBlockDeletingService#0] DEBUG block.SCMBlockDeletingService (DatanodeDeletedBlockTransactions.java:addTransactionToDN(50)) - Transaction added: c2c40a72-a699-49b1-b721-1997d9d2c71f <- TX(35)
2021-08-15 14:03:31,675 [SCMBlockDeletingService#0] DEBUG block.SCMBlockDeletingService (DatanodeDeletedBlockTransactions.java:addTransactionToDN(50)) - Transaction added: c2c40a72-a699-49b1-b721-1997d9d2c71f <- TX(36)
2021-08-15 14:03:31,675 [SCMBlockDeletingService#0] DEBUG block.SCMBlockDeletingService (DatanodeDeletedBlockTransactions.java:addTransactionToDN(50)) - Transaction added: 0475d2c2-d46f-403e-95a5-8ff1a5c32338 <- TX(36)
2021-08-15 14:03:31,675 [SCMBlockDeletingService#0] DEBUG block.SCMBlockDeletingService (DatanodeDeletedBlockTransactions.java:addTransactionToDN(50)) - Transaction added: c2c40a72-a699-49b1-b721-1997d9d2c71f <- TX(37)
2021-08-15 14:03:31,675 [SCMBlockDeletingService#0] DEBUG block.SCMBlockDeletingService (DatanodeDeletedBlockTransactions.java:addTransactionToDN(50)) - Transaction added: 0475d2c2-d46f-403e-95a5-8ff1a5c32338 <- TX(37)
2021-08-15 14:03:31,675 [SCMBlockDeletingService#0] DEBUG block.SCMBlockDeletingService (DatanodeDeletedBlockTransactions.java:addTransactionToDN(50)) - Transaction added: c2c40a72-a699-49b1-b721-1997d9d2c71f <- TX(38)
2021-08-15 14:03:31,675 [SCMBlockDeletingService#0] DEBUG block.SCMBlockDeletingService (DatanodeDeletedBlockTransactions.java:addTransactionToDN(50)) - Transaction added: 0475d2c2-d46f-403e-95a5-8ff1a5c32338 <- TX(38)
2021-08-15 14:03:31,675 [SCMBlockDeletingService#0] DEBUG block.SCMBlockDeletingService (DatanodeDeletedBlockTransactions.java:addTransactionToDN(50)) - Transaction added: 0475d2c2-d46f-403e-95a5-8ff1a5c32338 <- TX(39)
2021-08-15 14:03:31,675 [SCMBlockDeletingService#0] DEBUG block.SCMBlockDeletingService (DatanodeDeletedBlockTransactions.java:addTransactionToDN(50)) - Transaction added: c2c40a72-a699-49b1-b721-1997d9d2c71f <- TX(39)
2021-08-15 14:03:31,675 [SCMBlockDeletingService#0] DEBUG block.SCMBlockDeletingService (DatanodeDeletedBlockTransactions.java:addTransactionToDN(50)) - Transaction added: 0475d2c2-d46f-403e-95a5-8ff1a5c32338 <- TX(40)
2021-08-15 14:03:31,675 [SCMBlockDeletingService#0] DEBUG block.SCMBlockDeletingService (DatanodeDeletedBlockTransactions.java:addTransactionToDN(50)) - Transaction added: c2c40a72-a699-49b1-b721-1997d9d2c71f <- TX(40)
2021-08-15 14:03:31,675 [SCMBlockDeletingService#0] DEBUG block.SCMBlockDeletingService (DatanodeDeletedBlockTransactions.java:addTransactionToDN(50)) - Transaction added: 0475d2c2-d46f-403e-95a5-8ff1a5c32338 <- TX(41)
2021-08-15 14:03:31,675 [SCMBlockDeletingService#0] DEBUG block.SCMBlockDeletingService (DatanodeDeletedBlockTransactions.java:addTransactionToDN(50)) - Transaction added: c2c40a72-a699-49b1-b721-1997d9d2c71f <- TX(41)
2021-08-15 14:03:31,675 [SCMBlockDeletingService#0] DEBUG block.SCMBlockDeletingService (DatanodeDeletedBlockTransactions.java:addTransactionToDN(50)) - Transaction added: 0475d2c2-d46f-403e-95a5-8ff1a5c32338 <- TX(42)
2021-08-15 14:03:31,675 [SCMBlockDeletingService#0] DEBUG block.SCMBlockDeletingService (DatanodeDeletedBlockTransactions.java:addTransactionToDN(50)) - Transaction added: c2c40a72-a699-49b1-b721-1997d9d2c71f <- TX(42)
2021-08-15 14:03:31,675 [SCMBlockDeletingService#0] DEBUG block.SCMBlockDeletingService (DatanodeDeletedBlockTransactions.java:addTransactionToDN(50)) - Transaction added: 0475d2c2-d46f-403e-95a5-8ff1a5c32338 <- TX(43)
2021-08-15 14:03:31,675 [SCMBlockDeletingService#0] DEBUG block.SCMBlockDeletingService (DatanodeDeletedBlockTransactions.java:addTransactionToDN(50)) - Transaction added: c2c40a72-a699-49b1-b721-1997d9d2c71f <- TX(43)
2021-08-15 14:03:31,676 [SCMBlockDeletingService#0] DEBUG block.SCMBlockDeletingService (DatanodeDeletedBlockTransactions.java:addTransactionToDN(50)) - Transaction added: c2c40a72-a699-49b1-b721-1997d9d2c71f <- TX(44)
2021-08-15 14:03:31,676 [SCMBlockDeletingService#0] DEBUG block.SCMBlockDeletingService (DatanodeDeletedBlockTransactions.java:addTransactionToDN(50)) - Transaction added: 0475d2c2-d46f-403e-95a5-8ff1a5c32338 <- TX(44)
2021-08-15 14:03:31,676 [SCMBlockDeletingService#0] DEBUG block.SCMBlockDeletingService (DatanodeDeletedBlockTransactions.java:addTransactionToDN(50)) - Transaction added: c2c40a72-a699-49b1-b721-1997d9d2c71f <- TX(45)
2021-08-15 14:03:31,676 [SCMBlockDeletingService#0] DEBUG block.SCMBlockDeletingService (DatanodeDeletedBlockTransactions.java:addTransactionToDN(50)) - Transaction added: 0475d2c2-d46f-403e-95a5-8ff1a5c32338 <- TX(45)
2021-08-15 14:03:31,676 [SCMBlockDeletingService#0] DEBUG block.SCMBlockDeletingService (DatanodeDeletedBlockTransactions.java:addTransactionToDN(50)) - Transaction added: 0475d2c2-d46f-403e-95a5-8ff1a5c32338 <- TX(46)
2021-08-15 14:03:31,676 [SCMBlockDeletingService#0] DEBUG block.SCMBlockDeletingService (DatanodeDeletedBlockTransactions.java:addTransactionToDN(50)) - Transaction added: c2c40a72-a699-49b1-b721-1997d9d2c71f <- TX(46)
2021-08-15 14:03:31,676 [SCMBlockDeletingService#0] DEBUG block.SCMBlockDeletingService (DatanodeDeletedBlockTransactions.java:addTransactionToDN(50)) - Transaction added: c2c40a72-a699-49b1-b721-1997d9d2c71f <- TX(47)
2021-08-15 14:03:31,676 [SCMBlockDeletingService#0] DEBUG block.SCMBlockDeletingService (DatanodeDeletedBlockTransactions.java:addTransactionToDN(50)) - Transaction added: 0475d2c2-d46f-403e-95a5-8ff1a5c32338 <- TX(47)
2021-08-15 14:03:31,676 [SCMBlockDeletingService#0] DEBUG block.SCMBlockDeletingService (DatanodeDeletedBlockTransactions.java:addTransactionToDN(50)) - Transaction added: 0475d2c2-d46f-403e-95a5-8ff1a5c32338 <- TX(48)
2021-08-15 14:03:31,676 [SCMBlockDeletingService#0] DEBUG block.SCMBlockDeletingService (DatanodeDeletedBlockTransactions.java:addTransactionToDN(50)) - Transaction added: c2c40a72-a699-49b1-b721-1997d9d2c71f <- TX(48)
2021-08-15 14:03:31,676 [SCMBlockDeletingService#0] DEBUG block.SCMBlockDeletingService (DatanodeDeletedBlockTransactions.java:addTransactionToDN(50)) - Transaction added: 0475d2c2-d46f-403e-95a5-8ff1a5c32338 <- TX(49)
2021-08-15 14:03:31,676 [SCMBlockDeletingService#0] DEBUG block.SCMBlockDeletingService (DatanodeDeletedBlockTransactions.java:addTransactionToDN(50)) - Transaction added: c2c40a72-a699-49b1-b721-1997d9d2c71f <- TX(49)
2021-08-15 14:03:31,676 [SCMBlockDeletingService#0] DEBUG block.SCMBlockDeletingService (DatanodeDeletedBlockTransactions.java:addTransactionToDN(50)) - Transaction added: 0475d2c2-d46f-403e-95a5-8ff1a5c32338 <- TX(50)
2021-08-15 14:03:31,676 [SCMBlockDeletingService#0] DEBUG block.SCMBlockDeletingService (DatanodeDeletedBlockTransactions.java:addTransactionToDN(50)) - Transaction added: c2c40a72-a699-49b1-b721-1997d9d2c71f <- TX(50)
2021-08-15 14:03:31,676 [SCMBlockDeletingService#0] DEBUG block.SCMBlockDeletingService (DatanodeDeletedBlockTransactions.java:addTransactionToDN(50)) - Transaction added: 0475d2c2-d46f-403e-95a5-8ff1a5c32338 <- TX(51)
2021-08-15 14:03:31,676 [SCMBlockDeletingService#0] DEBUG block.SCMBlockDeletingService (DatanodeDeletedBlockTransactions.java:addTransactionToDN(50)) - Transaction added: c2c40a72-a699-49b1-b721-1997d9d2c71f <- TX(51)
2021-08-15 14:03:31,676 [SCMBlockDeletingService#0] DEBUG block.SCMBlockDeletingService (DatanodeDeletedBlockTransactions.java:addTransactionToDN(50)) - Transaction added: c2c40a72-a699-49b1-b721-1997d9d2c71f <- TX(52)
2021-08-15 14:03:31,676 [SCMBlockDeletingService#0] DEBUG block.SCMBlockDeletingService (DatanodeDeletedBlockTransactions.java:addTransactionToDN(50)) - Transaction added: 0475d2c2-d46f-403e-95a5-8ff1a5c32338 <- TX(52)
2021-08-15 14:03:31,676 [SCMBlockDeletingService#0] DEBUG block.SCMBlockDeletingService (DatanodeDeletedBlockTransactions.java:addTransactionToDN(50)) - Transaction added: c2c40a72-a699-49b1-b721-1997d9d2c71f <- TX(53)
2021-08-15 14:03:31,676 [SCMBlockDeletingService#0] DEBUG block.SCMBlockDeletingService (DatanodeDeletedBlockTransactions.java:addTransactionToDN(50)) - Transaction added: 0475d2c2-d46f-403e-95a5-8ff1a5c32338 <- TX(53)
2021-08-15 14:03:31,676 [SCMBlockDeletingService#0] DEBUG block.SCMBlockDeletingService (DatanodeDeletedBlockTransactions.java:addTransactionToDN(50)) - Transaction added: c2c40a72-a699-49b1-b721-1997d9d2c71f <- TX(54)
2021-08-15 14:03:31,676 [SCMBlockDeletingService#0] DEBUG block.SCMBlockDeletingService (DatanodeDeletedBlockTransactions.java:addTransactionToDN(50)) - Transaction added: 0475d2c2-d46f-403e-95a5-8ff1a5c32338 <- TX(54)
2021-08-15 14:03:31,676 [SCMBlockDeletingService#0] DEBUG block.SCMBlockDeletingService (DatanodeDeletedBlockTransactions.java:addTransactionToDN(50)) - Transaction added: 0475d2c2-d46f-403e-95a5-8ff1a5c32338 <- TX(55)
2021-08-15 14:03:31,676 [SCMBlockDeletingService#0] DEBUG block.SCMBlockDeletingService (DatanodeDeletedBlockTransactions.java:addTransactionToDN(50)) - Transaction added: c2c40a72-a699-49b1-b721-1997d9d2c71f <- TX(55)
2021-08-15 14:03:31,676 [SCMBlockDeletingService#0] DEBUG block.SCMBlockDeletingService (DatanodeDeletedBlockTransactions.java:addTransactionToDN(50)) - Transaction added: 0475d2c2-d46f-403e-95a5-8ff1a5c32338 <- TX(56)
2021-08-15 14:03:31,676 [SCMBlockDeletingService#0] DEBUG block.SCMBlockDeletingService (DatanodeDeletedBlockTransactions.java:addTransactionToDN(50)) - Transaction added: c2c40a72-a699-49b1-b721-1997d9d2c71f <- TX(56)
2021-08-15 14:03:31,676 [SCMBlockDeletingService#0] DEBUG block.SCMBlockDeletingService (SCMBlockDeletingService.java:call(164)) - Added delete block command for datanode c2c40a72-a699-49b1-b721-1997d9d2c71f in the queue, number of delete block transactions: 30
2021-08-15 14:03:31,676 [SCMBlockDeletingService#0] DEBUG block.SCMBlockDeletingService (SCMBlockDeletingService.java:call(164)) - Added delete block command for datanode 0475d2c2-d46f-403e-95a5-8ff1a5c32338 in the queue, number of delete block transactions: 29
2021-08-15 14:03:31,676 [SCMBlockDeletingService#0] INFO  block.SCMBlockDeletingService (SCMBlockDeletingService.java:call(174)) - Totally added 59 blocks to be deleted for 2 datanodes, task elapsed time: 2ms
2021-08-15 14:03:31,739 [Listener at 127.0.0.1/41905] WARN  commandhandler.TestBlockDeletion (TestBlockDeletion.java:lambda$testBlockDeletion$3(251)) - Verify blocks deletion failed
java.lang.AssertionError: expected null, but was:<[blockId=conID: 27 locID: 107544261427200027 bcsId: 423, size=4194304]>
	at org.junit.Assert.fail(Assert.java:89)
	at org.junit.Assert.failNotNull(Assert.java:756)
	at org.junit.Assert.assertNull(Assert.java:738)
	at org.junit.Assert.assertNull(Assert.java:748)
	at org.apache.hadoop.ozone.container.common.statemachine.commandhandler.TestBlockDeletion.lambda$verifyBlocksDeleted$15(TestBlockDeletion.java:453)
	at org.apache.hadoop.ozone.OzoneTestUtils.performOperationOnKeyContainers(OzoneTestUtils.java:133)
	at org.apache.hadoop.ozone.container.common.statemachine.commandhandler.TestBlockDeletion.verifyBlocksDeleted(TestBlockDeletion.java:442)
	at org.apache.hadoop.ozone.container.common.statemachine.commandhandler.TestBlockDeletion.lambda$testBlockDeletion$3(TestBlockDeletion.java:248)
	at org.apache.ozone.test.GenericTestUtils.waitFor(GenericTestUtils.java:219)
	at org.apache.hadoop.ozone.container.common.statemachine.commandhandler.TestBlockDeletion.testBlockDeletion(TestBlockDeletion.java:246)
	at sun.reflect.NativeMethodAccessorImpl.invoke0(Native Method)
	at sun.reflect.NativeMethodAccessorImpl.invoke(NativeMethodAccessorImpl.java:62)
	at sun.reflect.DelegatingMethodAccessorImpl.invoke(DelegatingMethodAccessorImpl.java:43)
	at java.lang.reflect.Method.invoke(Method.java:498)
	at org.junit.runners.model.FrameworkMethod$1.runReflectiveCall(FrameworkMethod.java:59)
	at org.junit.internal.runners.model.ReflectiveCallable.run(ReflectiveCallable.java:12)
	at org.junit.runners.model.FrameworkMethod.invokeExplosively(FrameworkMethod.java:56)
	at org.junit.internal.runners.statements.InvokeMethod.evaluate(InvokeMethod.java:17)
	at org.junit.internal.runners.statements.RunBefores.evaluate(RunBefores.java:26)
	at org.junit.internal.runners.statements.RunAfters.evaluate(RunAfters.java:27)
	at org.junit.runners.ParentRunner$3.evaluate(ParentRunner.java:306)
	at org.junit.runners.BlockJUnit4ClassRunner$1.evaluate(BlockJUnit4ClassRunner.java:100)
	at org.junit.runners.ParentRunner.runLeaf(ParentRunner.java:366)
	at org.junit.runners.BlockJUnit4ClassRunner.runChild(BlockJUnit4ClassRunner.java:103)
	at org.junit.runners.BlockJUnit4ClassRunner.runChild(BlockJUnit4ClassRunner.java:63)
	at org.junit.runners.ParentRunner$4.run(ParentRunner.java:331)
	at org.junit.runners.ParentRunner$1.schedule(ParentRunner.java:79)
	at org.junit.runners.ParentRunner.runChildren(ParentRunner.java:329)
	at org.junit.runners.ParentRunner.access$100(ParentRunner.java:66)
	at org.junit.runners.ParentRunner$2.evaluate(ParentRunner.java:293)
	at org.junit.runners.ParentRunner$3.evaluate(ParentRunner.java:306)
	at org.junit.runners.ParentRunner.run(ParentRunner.java:413)
	at org.junit.runner.JUnitCore.run(JUnitCore.java:137)
	at org.junit.runner.JUnitCore.run(JUnitCore.java:115)
	at org.junit.vintage.engine.execution.RunnerExecutor.execute(RunnerExecutor.java:43)
	at java.util.stream.ForEachOps$ForEachOp$OfRef.accept(ForEachOps.java:183)
	at java.util.stream.ReferencePipeline$3$1.accept(ReferencePipeline.java:193)
	at java.util.Iterator.forEachRemaining(Iterator.java:116)
	at java.util.Spliterators$IteratorSpliterator.forEachRemaining(Spliterators.java:1801)
	at java.util.stream.AbstractPipeline.copyInto(AbstractPipeline.java:482)
	at java.util.stream.AbstractPipeline.wrapAndCopyInto(AbstractPipeline.java:472)
	at java.util.stream.ForEachOps$ForEachOp.evaluateSequential(ForEachOps.java:150)
	at java.util.stream.ForEachOps$ForEachOp$OfRef.evaluateSequential(ForEachOps.java:173)
	at java.util.stream.AbstractPipeline.evaluate(AbstractPipeline.java:234)
	at java.util.stream.ReferencePipeline.forEach(ReferencePipeline.java:485)
	at org.junit.vintage.engine.VintageTestEngine.executeAllChildren(VintageTestEngine.java:82)
	at org.junit.vintage.engine.VintageTestEngine.execute(VintageTestEngine.java:73)
	at org.junit.platform.launcher.core.EngineExecutionOrchestrator.execute(EngineExecutionOrchestrator.java:108)
	at org.junit.platform.launcher.core.EngineExecutionOrchestrator.execute(EngineExecutionOrchestrator.java:88)
	at org.junit.platform.launcher.core.EngineExecutionOrchestrator.lambda$execute$0(EngineExecutionOrchestrator.java:54)
	at org.junit.platform.launcher.core.EngineExecutionOrchestrator.withInterceptedStreams(EngineExecutionOrchestrator.java:67)
	at org.junit.platform.launcher.core.EngineExecutionOrchestrator.execute(EngineExecutionOrchestrator.java:52)
	at org.junit.platform.launcher.core.DefaultLauncher.execute(DefaultLauncher.java:96)
	at org.junit.platform.launcher.core.DefaultLauncher.execute(DefaultLauncher.java:75)
	at org.apache.maven.surefire.junitplatform.JUnitPlatformProvider.invokeAllTests(JUnitPlatformProvider.java:142)
	at org.apache.maven.surefire.junitplatform.JUnitPlatformProvider.invoke(JUnitPlatformProvider.java:113)
	at org.apache.maven.surefire.booter.ForkedBooter.invokeProviderInSameClassLoader(ForkedBooter.java:384)
	at org.apache.maven.surefire.booter.ForkedBooter.runSuitesInProcess(ForkedBooter.java:345)
	at org.apache.maven.surefire.booter.ForkedBooter.execute(ForkedBooter.java:126)
	at org.apache.maven.surefire.booter.ForkedBooter.main(ForkedBooter.java:418)
2021-08-15 14:03:31,774 [SCMBlockDeletingService#0] DEBUG block.SCMBlockDeletingService (SCMBlockDeletingService.java:call(133)) - Running DeletedBlockTransactionScanner
2021-08-15 14:03:31,775 [SCMBlockDeletingService#0] DEBUG block.SCMBlockDeletingService (DatanodeDeletedBlockTransactions.java:addTransactionToDN(50)) - Transaction added: c2c40a72-a699-49b1-b721-1997d9d2c71f <- TX(27)
2021-08-15 14:03:31,775 [SCMBlockDeletingService#0] DEBUG block.SCMBlockDeletingService (DatanodeDeletedBlockTransactions.java:addTransactionToDN(50)) - Transaction added: c2c40a72-a699-49b1-b721-1997d9d2c71f <- TX(28)
2021-08-15 14:03:31,775 [SCMBlockDeletingService#0] DEBUG block.SCMBlockDeletingService (DatanodeDeletedBlockTransactions.java:addTransactionToDN(50)) - Transaction added: 0475d2c2-d46f-403e-95a5-8ff1a5c32338 <- TX(28)
2021-08-15 14:03:31,775 [SCMBlockDeletingService#0] DEBUG block.SCMBlockDeletingService (DatanodeDeletedBlockTransactions.java:addTransactionToDN(50)) - Transaction added: c2c40a72-a699-49b1-b721-1997d9d2c71f <- TX(29)
2021-08-15 14:03:31,775 [SCMBlockDeletingService#0] DEBUG block.SCMBlockDeletingService (DatanodeDeletedBlockTransactions.java:addTransactionToDN(50)) - Transaction added: 0475d2c2-d46f-403e-95a5-8ff1a5c32338 <- TX(29)
2021-08-15 14:03:31,775 [SCMBlockDeletingService#0] DEBUG block.SCMBlockDeletingService (DatanodeDeletedBlockTransactions.java:addTransactionToDN(50)) - Transaction added: 0475d2c2-d46f-403e-95a5-8ff1a5c32338 <- TX(30)
2021-08-15 14:03:31,775 [SCMBlockDeletingService#0] DEBUG block.SCMBlockDeletingService (DatanodeDeletedBlockTransactions.java:addTransactionToDN(50)) - Transaction added: c2c40a72-a699-49b1-b721-1997d9d2c71f <- TX(30)
2021-08-15 14:03:31,775 [SCMBlockDeletingService#0] DEBUG block.SCMBlockDeletingService (DatanodeDeletedBlockTransactions.java:addTransactionToDN(50)) - Transaction added: c2c40a72-a699-49b1-b721-1997d9d2c71f <- TX(31)
2021-08-15 14:03:31,775 [SCMBlockDeletingService#0] DEBUG block.SCMBlockDeletingService (DatanodeDeletedBlockTransactions.java:addTransactionToDN(50)) - Transaction added: 0475d2c2-d46f-403e-95a5-8ff1a5c32338 <- TX(31)
2021-08-15 14:03:31,775 [SCMBlockDeletingService#0] DEBUG block.SCMBlockDeletingService (DatanodeDeletedBlockTransactions.java:addTransactionToDN(50)) - Transaction added: 0475d2c2-d46f-403e-95a5-8ff1a5c32338 <- TX(32)
2021-08-15 14:03:31,775 [SCMBlockDeletingService#0] DEBUG block.SCMBlockDeletingService (DatanodeDeletedBlockTransactions.java:addTransactionToDN(50)) - Transaction added: c2c40a72-a699-49b1-b721-1997d9d2c71f <- TX(32)
2021-08-15 14:03:31,775 [SCMBlockDeletingService#0] DEBUG block.SCMBlockDeletingService (DatanodeDeletedBlockTransactions.java:addTransactionToDN(50)) - Transaction added: 0475d2c2-d46f-403e-95a5-8ff1a5c32338 <- TX(33)
2021-08-15 14:03:31,775 [SCMBlockDeletingService#0] DEBUG block.SCMBlockDeletingService (DatanodeDeletedBlockTransactions.java:addTransactionToDN(50)) - Transaction added: c2c40a72-a699-49b1-b721-1997d9d2c71f <- TX(33)
2021-08-15 14:03:31,775 [SCMBlockDeletingService#0] DEBUG block.SCMBlockDeletingService (DatanodeDeletedBlockTransactions.java:addTransactionToDN(50)) - Transaction added: 0475d2c2-d46f-403e-95a5-8ff1a5c32338 <- TX(34)
2021-08-15 14:03:31,775 [SCMBlockDeletingService#0] DEBUG block.SCMBlockDeletingService (DatanodeDeletedBlockTransactions.java:addTransactionToDN(50)) - Transaction added: c2c40a72-a699-49b1-b721-1997d9d2c71f <- TX(34)
2021-08-15 14:03:31,775 [SCMBlockDeletingService#0] DEBUG block.SCMBlockDeletingService (DatanodeDeletedBlockTransactions.java:addTransactionToDN(50)) - Transaction added: 0475d2c2-d46f-403e-95a5-8ff1a5c32338 <- TX(35)
2021-08-15 14:03:31,775 [SCMBlockDeletingService#0] DEBUG block.SCMBlockDeletingService (DatanodeDeletedBlockTransactions.java:addTransactionToDN(50)) - Transaction added: c2c40a72-a699-49b1-b721-1997d9d2c71f <- TX(35)
2021-08-15 14:03:31,775 [SCMBlockDeletingService#0] DEBUG block.SCMBlockDeletingService (DatanodeDeletedBlockTransactions.java:addTransactionToDN(50)) - Transaction added: c2c40a72-a699-49b1-b721-1997d9d2c71f <- TX(36)
2021-08-15 14:03:31,775 [SCMBlockDeletingService#0] DEBUG block.SCMBlockDeletingService (DatanodeDeletedBlockTransactions.java:addTransactionToDN(50)) - Transaction added: 0475d2c2-d46f-403e-95a5-8ff1a5c32338 <- TX(36)
2021-08-15 14:03:31,775 [SCMBlockDeletingService#0] DEBUG block.SCMBlockDeletingService (DatanodeDeletedBlockTransactions.java:addTransactionToDN(50)) - Transaction added: c2c40a72-a699-49b1-b721-1997d9d2c71f <- TX(37)
2021-08-15 14:03:31,775 [SCMBlockDeletingService#0] DEBUG block.SCMBlockDeletingService (DatanodeDeletedBlockTransactions.java:addTransactionToDN(50)) - Transaction added: 0475d2c2-d46f-403e-95a5-8ff1a5c32338 <- TX(37)
2021-08-15 14:03:31,775 [SCMBlockDeletingService#0] DEBUG block.SCMBlockDeletingService (DatanodeDeletedBlockTransactions.java:addTransactionToDN(50)) - Transaction added: c2c40a72-a699-49b1-b721-1997d9d2c71f <- TX(38)
2021-08-15 14:03:31,775 [SCMBlockDeletingService#0] DEBUG block.SCMBlockDeletingService (DatanodeDeletedBlockTransactions.java:addTransactionToDN(50)) - Transaction added: 0475d2c2-d46f-403e-95a5-8ff1a5c32338 <- TX(38)
2021-08-15 14:03:31,775 [SCMBlockDeletingService#0] DEBUG block.SCMBlockDeletingService (DatanodeDeletedBlockTransactions.java:addTransactionToDN(50)) - Transaction added: 0475d2c2-d46f-403e-95a5-8ff1a5c32338 <- TX(39)
2021-08-15 14:03:31,775 [SCMBlockDeletingService#0] DEBUG block.SCMBlockDeletingService (DatanodeDeletedBlockTransactions.java:addTransactionToDN(50)) - Transaction added: c2c40a72-a699-49b1-b721-1997d9d2c71f <- TX(39)
2021-08-15 14:03:31,775 [SCMBlockDeletingService#0] DEBUG block.SCMBlockDeletingService (DatanodeDeletedBlockTransactions.java:addTransactionToDN(50)) - Transaction added: 0475d2c2-d46f-403e-95a5-8ff1a5c32338 <- TX(40)
2021-08-15 14:03:31,775 [SCMBlockDeletingService#0] DEBUG block.SCMBlockDeletingService (DatanodeDeletedBlockTransactions.java:addTransactionToDN(50)) - Transaction added: c2c40a72-a699-49b1-b721-1997d9d2c71f <- TX(40)
2021-08-15 14:03:31,775 [SCMBlockDeletingService#0] DEBUG block.SCMBlockDeletingService (DatanodeDeletedBlockTransactions.java:addTransactionToDN(50)) - Transaction added: 0475d2c2-d46f-403e-95a5-8ff1a5c32338 <- TX(41)
2021-08-15 14:03:31,775 [SCMBlockDeletingService#0] DEBUG block.SCMBlockDeletingService (DatanodeDeletedBlockTransactions.java:addTransactionToDN(50)) - Transaction added: c2c40a72-a699-49b1-b721-1997d9d2c71f <- TX(41)
2021-08-15 14:03:31,775 [SCMBlockDeletingService#0] DEBUG block.SCMBlockDeletingService (DatanodeDeletedBlockTransactions.java:addTransactionToDN(50)) - Transaction added: 0475d2c2-d46f-403e-95a5-8ff1a5c32338 <- TX(42)
2021-08-15 14:03:31,776 [SCMBlockDeletingService#0] DEBUG block.SCMBlockDeletingService (DatanodeDeletedBlockTransactions.java:addTransactionToDN(50)) - Transaction added: c2c40a72-a699-49b1-b721-1997d9d2c71f <- TX(42)
2021-08-15 14:03:31,776 [SCMBlockDeletingService#0] DEBUG block.SCMBlockDeletingService (DatanodeDeletedBlockTransactions.java:addTransactionToDN(50)) - Transaction added: 0475d2c2-d46f-403e-95a5-8ff1a5c32338 <- TX(43)
2021-08-15 14:03:31,776 [SCMBlockDeletingService#0] DEBUG block.SCMBlockDeletingService (DatanodeDeletedBlockTransactions.java:addTransactionToDN(50)) - Transaction added: c2c40a72-a699-49b1-b721-1997d9d2c71f <- TX(43)
2021-08-15 14:03:31,776 [SCMBlockDeletingService#0] DEBUG block.SCMBlockDeletingService (DatanodeDeletedBlockTransactions.java:addTransactionToDN(50)) - Transaction added: c2c40a72-a699-49b1-b721-1997d9d2c71f <- TX(44)
2021-08-15 14:03:31,776 [SCMBlockDeletingService#0] DEBUG block.SCMBlockDeletingService (DatanodeDeletedBlockTransactions.java:addTransactionToDN(50)) - Transaction added: 0475d2c2-d46f-403e-95a5-8ff1a5c32338 <- TX(44)
2021-08-15 14:03:31,776 [SCMBlockDeletingService#0] DEBUG block.SCMBlockDeletingService (DatanodeDeletedBlockTransactions.java:addTransactionToDN(50)) - Transaction added: c2c40a72-a699-49b1-b721-1997d9d2c71f <- TX(45)
2021-08-15 14:03:31,776 [SCMBlockDeletingService#0] DEBUG block.SCMBlockDeletingService (DatanodeDeletedBlockTransactions.java:addTransactionToDN(50)) - Transaction added: 0475d2c2-d46f-403e-95a5-8ff1a5c32338 <- TX(45)
2021-08-15 14:03:31,776 [SCMBlockDeletingService#0] DEBUG block.SCMBlockDeletingService (DatanodeDeletedBlockTransactions.java:addTransactionToDN(50)) - Transaction added: 0475d2c2-d46f-403e-95a5-8ff1a5c32338 <- TX(46)
2021-08-15 14:03:31,776 [SCMBlockDeletingService#0] DEBUG block.SCMBlockDeletingService (DatanodeDeletedBlockTransactions.java:addTransactionToDN(50)) - Transaction added: c2c40a72-a699-49b1-b721-1997d9d2c71f <- TX(46)
2021-08-15 14:03:31,776 [SCMBlockDeletingService#0] DEBUG block.SCMBlockDeletingService (DatanodeDeletedBlockTransactions.java:addTransactionToDN(50)) - Transaction added: c2c40a72-a699-49b1-b721-1997d9d2c71f <- TX(47)
2021-08-15 14:03:31,776 [SCMBlockDeletingService#0] DEBUG block.SCMBlockDeletingService (DatanodeDeletedBlockTransactions.java:addTransactionToDN(50)) - Transaction added: 0475d2c2-d46f-403e-95a5-8ff1a5c32338 <- TX(47)
2021-08-15 14:03:31,776 [SCMBlockDeletingService#0] DEBUG block.SCMBlockDeletingService (DatanodeDeletedBlockTransactions.java:addTransactionToDN(50)) - Transaction added: 0475d2c2-d46f-403e-95a5-8ff1a5c32338 <- TX(48)
2021-08-15 14:03:31,776 [SCMBlockDeletingService#0] DEBUG block.SCMBlockDeletingService (DatanodeDeletedBlockTransactions.java:addTransactionToDN(50)) - Transaction added: c2c40a72-a699-49b1-b721-1997d9d2c71f <- TX(48)
2021-08-15 14:03:31,776 [SCMBlockDeletingService#0] DEBUG block.SCMBlockDeletingService (DatanodeDeletedBlockTransactions.java:addTransactionToDN(50)) - Transaction added: 0475d2c2-d46f-403e-95a5-8ff1a5c32338 <- TX(49)
2021-08-15 14:03:31,776 [SCMBlockDeletingService#0] DEBUG block.SCMBlockDeletingService (DatanodeDeletedBlockTransactions.java:addTransactionToDN(50)) - Transaction added: c2c40a72-a699-49b1-b721-1997d9d2c71f <- TX(49)
2021-08-15 14:03:31,776 [SCMBlockDeletingService#0] DEBUG block.SCMBlockDeletingService (DatanodeDeletedBlockTransactions.java:addTransactionToDN(50)) - Transaction added: 0475d2c2-d46f-403e-95a5-8ff1a5c32338 <- TX(50)
2021-08-15 14:03:31,776 [SCMBlockDeletingService#0] DEBUG block.SCMBlockDeletingService (DatanodeDeletedBlockTransactions.java:addTransactionToDN(50)) - Transaction added: c2c40a72-a699-49b1-b721-1997d9d2c71f <- TX(50)
2021-08-15 14:03:31,776 [SCMBlockDeletingService#0] DEBUG block.SCMBlockDeletingService (DatanodeDeletedBlockTransactions.java:addTransactionToDN(50)) - Transaction added: 0475d2c2-d46f-403e-95a5-8ff1a5c32338 <- TX(51)
2021-08-15 14:03:31,776 [SCMBlockDeletingService#0] DEBUG block.SCMBlockDeletingService (DatanodeDeletedBlockTransactions.java:addTransactionToDN(50)) - Transaction added: c2c40a72-a699-49b1-b721-1997d9d2c71f <- TX(51)
2021-08-15 14:03:31,776 [SCMBlockDeletingService#0] DEBUG block.SCMBlockDeletingService (DatanodeDeletedBlockTransactions.java:addTransactionToDN(50)) - Transaction added: c2c40a72-a699-49b1-b721-1997d9d2c71f <- TX(52)
2021-08-15 14:03:31,776 [SCMBlockDeletingService#0] DEBUG block.SCMBlockDeletingService (DatanodeDeletedBlockTransactions.java:addTransactionToDN(50)) - Transaction added: 0475d2c2-d46f-403e-95a5-8ff1a5c32338 <- TX(52)
2021-08-15 14:03:31,776 [SCMBlockDeletingService#0] DEBUG block.SCMBlockDeletingService (DatanodeDeletedBlockTransactions.java:addTransactionToDN(50)) - Transaction added: c2c40a72-a699-49b1-b721-1997d9d2c71f <- TX(53)
2021-08-15 14:03:31,776 [SCMBlockDeletingService#0] DEBUG block.SCMBlockDeletingService (DatanodeDeletedBlockTransactions.java:addTransactionToDN(50)) - Transaction added: 0475d2c2-d46f-403e-95a5-8ff1a5c32338 <- TX(53)
2021-08-15 14:03:31,776 [SCMBlockDeletingService#0] DEBUG block.SCMBlockDeletingService (DatanodeDeletedBlockTransactions.java:addTransactionToDN(50)) - Transaction added: c2c40a72-a699-49b1-b721-1997d9d2c71f <- TX(54)
2021-08-15 14:03:31,776 [SCMBlockDeletingService#0] DEBUG block.SCMBlockDeletingService (DatanodeDeletedBlockTransactions.java:addTransactionToDN(50)) - Transaction added: 0475d2c2-d46f-403e-95a5-8ff1a5c32338 <- TX(54)
2021-08-15 14:03:31,776 [SCMBlockDeletingService#0] DEBUG block.SCMBlockDeletingService (DatanodeDeletedBlockTransactions.java:addTransactionToDN(50)) - Transaction added: 0475d2c2-d46f-403e-95a5-8ff1a5c32338 <- TX(55)
2021-08-15 14:03:31,776 [SCMBlockDeletingService#0] DEBUG block.SCMBlockDeletingService (DatanodeDeletedBlockTransactions.java:addTransactionToDN(50)) - Transaction added: c2c40a72-a699-49b1-b721-1997d9d2c71f <- TX(55)
2021-08-15 14:03:31,776 [SCMBlockDeletingService#0] DEBUG block.SCMBlockDeletingService (DatanodeDeletedBlockTransactions.java:addTransactionToDN(50)) - Transaction added: 0475d2c2-d46f-403e-95a5-8ff1a5c32338 <- TX(56)
2021-08-15 14:03:31,776 [SCMBlockDeletingService#0] DEBUG block.SCMBlockDeletingService (DatanodeDeletedBlockTransactions.java:addTransactionToDN(50)) - Transaction added: c2c40a72-a699-49b1-b721-1997d9d2c71f <- TX(56)
2021-08-15 14:03:31,776 [SCMBlockDeletingService#0] DEBUG block.SCMBlockDeletingService (SCMBlockDeletingService.java:call(164)) - Added delete block command for datanode c2c40a72-a699-49b1-b721-1997d9d2c71f in the queue, number of delete block transactions: 30
2021-08-15 14:03:31,776 [SCMBlockDeletingService#0] DEBUG block.SCMBlockDeletingService (SCMBlockDeletingService.java:call(164)) - Added delete block command for datanode 0475d2c2-d46f-403e-95a5-8ff1a5c32338 in the queue, number of delete block transactions: 29
2021-08-15 14:03:31,776 [SCMBlockDeletingService#0] INFO  block.SCMBlockDeletingService (SCMBlockDeletingService.java:call(174)) - Totally added 59 blocks to be deleted for 2 datanodes, task elapsed time: 2ms
2021-08-15 14:03:31,874 [SCMBlockDeletingService#0] DEBUG block.SCMBlockDeletingService (SCMBlockDeletingService.java:call(133)) - Running DeletedBlockTransactionScanner
2021-08-15 14:03:31,875 [SCMBlockDeletingService#0] DEBUG block.SCMBlockDeletingService (DatanodeDeletedBlockTransactions.java:addTransactionToDN(50)) - Transaction added: c2c40a72-a699-49b1-b721-1997d9d2c71f <- TX(27)
2021-08-15 14:03:31,875 [SCMBlockDeletingService#0] DEBUG block.SCMBlockDeletingService (DatanodeDeletedBlockTransactions.java:addTransactionToDN(50)) - Transaction added: c2c40a72-a699-49b1-b721-1997d9d2c71f <- TX(28)
2021-08-15 14:03:31,875 [SCMBlockDeletingService#0] DEBUG block.SCMBlockDeletingService (DatanodeDeletedBlockTransactions.java:addTransactionToDN(50)) - Transaction added: 0475d2c2-d46f-403e-95a5-8ff1a5c32338 <- TX(28)
2021-08-15 14:03:31,875 [SCMBlockDeletingService#0] DEBUG block.SCMBlockDeletingService (DatanodeDeletedBlockTransactions.java:addTransactionToDN(50)) - Transaction added: c2c40a72-a699-49b1-b721-1997d9d2c71f <- TX(29)
2021-08-15 14:03:31,875 [SCMBlockDeletingService#0] DEBUG block.SCMBlockDeletingService (DatanodeDeletedBlockTransactions.java:addTransactionToDN(50)) - Transaction added: 0475d2c2-d46f-403e-95a5-8ff1a5c32338 <- TX(29)
2021-08-15 14:03:31,875 [SCMBlockDeletingService#0] DEBUG block.SCMBlockDeletingService (DatanodeDeletedBlockTransactions.java:addTransactionToDN(50)) - Transaction added: 0475d2c2-d46f-403e-95a5-8ff1a5c32338 <- TX(30)
2021-08-15 14:03:31,875 [SCMBlockDeletingService#0] DEBUG block.SCMBlockDeletingService (DatanodeDeletedBlockTransactions.java:addTransactionToDN(50)) - Transaction added: c2c40a72-a699-49b1-b721-1997d9d2c71f <- TX(30)
2021-08-15 14:03:31,875 [SCMBlockDeletingService#0] DEBUG block.SCMBlockDeletingService (DatanodeDeletedBlockTransactions.java:addTransactionToDN(50)) - Transaction added: c2c40a72-a699-49b1-b721-1997d9d2c71f <- TX(31)
2021-08-15 14:03:31,875 [SCMBlockDeletingService#0] DEBUG block.SCMBlockDeletingService (DatanodeDeletedBlockTransactions.java:addTransactionToDN(50)) - Transaction added: 0475d2c2-d46f-403e-95a5-8ff1a5c32338 <- TX(31)
2021-08-15 14:03:31,875 [SCMBlockDeletingService#0] DEBUG block.SCMBlockDeletingService (DatanodeDeletedBlockTransactions.java:addTransactionToDN(50)) - Transaction added: 0475d2c2-d46f-403e-95a5-8ff1a5c32338 <- TX(32)
2021-08-15 14:03:31,875 [SCMBlockDeletingService#0] DEBUG block.SCMBlockDeletingService (DatanodeDeletedBlockTransactions.java:addTransactionToDN(50)) - Transaction added: c2c40a72-a699-49b1-b721-1997d9d2c71f <- TX(32)
2021-08-15 14:03:31,875 [SCMBlockDeletingService#0] DEBUG block.SCMBlockDeletingService (DatanodeDeletedBlockTransactions.java:addTransactionToDN(50)) - Transaction added: 0475d2c2-d46f-403e-95a5-8ff1a5c32338 <- TX(33)
2021-08-15 14:03:31,875 [SCMBlockDeletingService#0] DEBUG block.SCMBlockDeletingService (DatanodeDeletedBlockTransactions.java:addTransactionToDN(50)) - Transaction added: c2c40a72-a699-49b1-b721-1997d9d2c71f <- TX(33)
2021-08-15 14:03:31,875 [SCMBlockDeletingService#0] DEBUG block.SCMBlockDeletingService (DatanodeDeletedBlockTransactions.java:addTransactionToDN(50)) - Transaction added: 0475d2c2-d46f-403e-95a5-8ff1a5c32338 <- TX(34)
2021-08-15 14:03:31,875 [SCMBlockDeletingService#0] DEBUG block.SCMBlockDeletingService (DatanodeDeletedBlockTransactions.java:addTransactionToDN(50)) - Transaction added: c2c40a72-a699-49b1-b721-1997d9d2c71f <- TX(34)
2021-08-15 14:03:31,875 [SCMBlockDeletingService#0] DEBUG block.SCMBlockDeletingService (DatanodeDeletedBlockTransactions.java:addTransactionToDN(50)) - Transaction added: 0475d2c2-d46f-403e-95a5-8ff1a5c32338 <- TX(35)
2021-08-15 14:03:31,875 [SCMBlockDeletingService#0] DEBUG block.SCMBlockDeletingService (DatanodeDeletedBlockTransactions.java:addTransactionToDN(50)) - Transaction added: c2c40a72-a699-49b1-b721-1997d9d2c71f <- TX(35)
2021-08-15 14:03:31,875 [SCMBlockDeletingService#0] DEBUG block.SCMBlockDeletingService (DatanodeDeletedBlockTransactions.java:addTransactionToDN(50)) - Transaction added: c2c40a72-a699-49b1-b721-1997d9d2c71f <- TX(36)
2021-08-15 14:03:31,875 [SCMBlockDeletingService#0] DEBUG block.SCMBlockDeletingService (DatanodeDeletedBlockTransactions.java:addTransactionToDN(50)) - Transaction added: 0475d2c2-d46f-403e-95a5-8ff1a5c32338 <- TX(36)
2021-08-15 14:03:31,876 [SCMBlockDeletingService#0] DEBUG block.SCMBlockDeletingService (DatanodeDeletedBlockTransactions.java:addTransactionToDN(50)) - Transaction added: c2c40a72-a699-49b1-b721-1997d9d2c71f <- TX(37)
2021-08-15 14:03:31,876 [SCMBlockDeletingService#0] DEBUG block.SCMBlockDeletingService (DatanodeDeletedBlockTransactions.java:addTransactionToDN(50)) - Transaction added: 0475d2c2-d46f-403e-95a5-8ff1a5c32338 <- TX(37)
2021-08-15 14:03:31,876 [SCMBlockDeletingService#0] DEBUG block.SCMBlockDeletingService (DatanodeDeletedBlockTransactions.java:addTransactionToDN(50)) - Transaction added: c2c40a72-a699-49b1-b721-1997d9d2c71f <- TX(38)
2021-08-15 14:03:31,876 [SCMBlockDeletingService#0] DEBUG block.SCMBlockDeletingService (DatanodeDeletedBlockTransactions.java:addTransactionToDN(50)) - Transaction added: 0475d2c2-d46f-403e-95a5-8ff1a5c32338 <- TX(38)
2021-08-15 14:03:31,876 [SCMBlockDeletingService#0] DEBUG block.SCMBlockDeletingService (DatanodeDeletedBlockTransactions.java:addTransactionToDN(50)) - Transaction added: 0475d2c2-d46f-403e-95a5-8ff1a5c32338 <- TX(39)
2021-08-15 14:03:31,876 [SCMBlockDeletingService#0] DEBUG block.SCMBlockDeletingService (DatanodeDeletedBlockTransactions.java:addTransactionToDN(50)) - Transaction added: c2c40a72-a699-49b1-b721-1997d9d2c71f <- TX(39)
2021-08-15 14:03:31,876 [SCMBlockDeletingService#0] DEBUG block.SCMBlockDeletingService (DatanodeDeletedBlockTransactions.java:addTransactionToDN(50)) - Transaction added: 0475d2c2-d46f-403e-95a5-8ff1a5c32338 <- TX(40)
2021-08-15 14:03:31,876 [SCMBlockDeletingService#0] DEBUG block.SCMBlockDeletingService (DatanodeDeletedBlockTransactions.java:addTransactionToDN(50)) - Transaction added: c2c40a72-a699-49b1-b721-1997d9d2c71f <- TX(40)
2021-08-15 14:03:31,876 [SCMBlockDeletingService#0] DEBUG block.SCMBlockDeletingService (DatanodeDeletedBlockTransactions.java:addTransactionToDN(50)) - Transaction added: 0475d2c2-d46f-403e-95a5-8ff1a5c32338 <- TX(41)
2021-08-15 14:03:31,876 [SCMBlockDeletingService#0] DEBUG block.SCMBlockDeletingService (DatanodeDeletedBlockTransactions.java:addTransactionToDN(50)) - Transaction added: c2c40a72-a699-49b1-b721-1997d9d2c71f <- TX(41)
2021-08-15 14:03:31,876 [SCMBlockDeletingService#0] DEBUG block.SCMBlockDeletingService (DatanodeDeletedBlockTransactions.java:addTransactionToDN(50)) - Transaction added: 0475d2c2-d46f-403e-95a5-8ff1a5c32338 <- TX(42)
2021-08-15 14:03:31,876 [SCMBlockDeletingService#0] DEBUG block.SCMBlockDeletingService (DatanodeDeletedBlockTransactions.java:addTransactionToDN(50)) - Transaction added: c2c40a72-a699-49b1-b721-1997d9d2c71f <- TX(42)
2021-08-15 14:03:31,876 [SCMBlockDeletingService#0] DEBUG block.SCMBlockDeletingService (DatanodeDeletedBlockTransactions.java:addTransactionToDN(50)) - Transaction added: 0475d2c2-d46f-403e-95a5-8ff1a5c32338 <- TX(43)
2021-08-15 14:03:31,876 [SCMBlockDeletingService#0] DEBUG block.SCMBlockDeletingService (DatanodeDeletedBlockTransactions.java:addTransactionToDN(50)) - Transaction added: c2c40a72-a699-49b1-b721-1997d9d2c71f <- TX(43)
2021-08-15 14:03:31,876 [SCMBlockDeletingService#0] DEBUG block.SCMBlockDeletingService (DatanodeDeletedBlockTransactions.java:addTransactionToDN(50)) - Transaction added: c2c40a72-a699-49b1-b721-1997d9d2c71f <- TX(44)
2021-08-15 14:03:31,876 [SCMBlockDeletingService#0] DEBUG block.SCMBlockDeletingService (DatanodeDeletedBlockTransactions.java:addTransactionToDN(50)) - Transaction added: 0475d2c2-d46f-403e-95a5-8ff1a5c32338 <- TX(44)
2021-08-15 14:03:31,876 [SCMBlockDeletingService#0] DEBUG block.SCMBlockDeletingService (DatanodeDeletedBlockTransactions.java:addTransactionToDN(50)) - Transaction added: c2c40a72-a699-49b1-b721-1997d9d2c71f <- TX(45)
2021-08-15 14:03:31,876 [SCMBlockDeletingService#0] DEBUG block.SCMBlockDeletingService (DatanodeDeletedBlockTransactions.java:addTransactionToDN(50)) - Transaction added: 0475d2c2-d46f-403e-95a5-8ff1a5c32338 <- TX(45)
2021-08-15 14:03:31,876 [SCMBlockDeletingService#0] DEBUG block.SCMBlockDeletingService (DatanodeDeletedBlockTransactions.java:addTransactionToDN(50)) - Transaction added: 0475d2c2-d46f-403e-95a5-8ff1a5c32338 <- TX(46)
2021-08-15 14:03:31,876 [SCMBlockDeletingService#0] DEBUG block.SCMBlockDeletingService (DatanodeDeletedBlockTransactions.java:addTransactionToDN(50)) - Transaction added: c2c40a72-a699-49b1-b721-1997d9d2c71f <- TX(46)
2021-08-15 14:03:31,876 [SCMBlockDeletingService#0] DEBUG block.SCMBlockDeletingService (DatanodeDeletedBlockTransactions.java:addTransactionToDN(50)) - Transaction added: c2c40a72-a699-49b1-b721-1997d9d2c71f <- TX(47)
2021-08-15 14:03:31,876 [SCMBlockDeletingService#0] DEBUG block.SCMBlockDeletingService (DatanodeDeletedBlockTransactions.java:addTransactionToDN(50)) - Transaction added: 0475d2c2-d46f-403e-95a5-8ff1a5c32338 <- TX(47)
2021-08-15 14:03:31,876 [SCMBlockDeletingService#0] DEBUG block.SCMBlockDeletingService (DatanodeDeletedBlockTransactions.java:addTransactionToDN(50)) - Transaction added: 0475d2c2-d46f-403e-95a5-8ff1a5c32338 <- TX(48)
2021-08-15 14:03:31,876 [SCMBlockDeletingService#0] DEBUG block.SCMBlockDeletingService (DatanodeDeletedBlockTransactions.java:addTransactionToDN(50)) - Transaction added: c2c40a72-a699-49b1-b721-1997d9d2c71f <- TX(48)
2021-08-15 14:03:31,877 [SCMBlockDeletingService#0] DEBUG block.SCMBlockDeletingService (DatanodeDeletedBlockTransactions.java:addTransactionToDN(50)) - Transaction added: 0475d2c2-d46f-403e-95a5-8ff1a5c32338 <- TX(49)
2021-08-15 14:03:31,877 [SCMBlockDeletingService#0] DEBUG block.SCMBlockDeletingService (DatanodeDeletedBlockTransactions.java:addTransactionToDN(50)) - Transaction added: c2c40a72-a699-49b1-b721-1997d9d2c71f <- TX(49)
2021-08-15 14:03:31,877 [SCMBlockDeletingService#0] DEBUG block.SCMBlockDeletingService (DatanodeDeletedBlockTransactions.java:addTransactionToDN(50)) - Transaction added: 0475d2c2-d46f-403e-95a5-8ff1a5c32338 <- TX(50)
2021-08-15 14:03:31,877 [SCMBlockDeletingService#0] DEBUG block.SCMBlockDeletingService (DatanodeDeletedBlockTransactions.java:addTransactionToDN(50)) - Transaction added: c2c40a72-a699-49b1-b721-1997d9d2c71f <- TX(50)
2021-08-15 14:03:31,877 [SCMBlockDeletingService#0] DEBUG block.SCMBlockDeletingService (DatanodeDeletedBlockTransactions.java:addTransactionToDN(50)) - Transaction added: 0475d2c2-d46f-403e-95a5-8ff1a5c32338 <- TX(51)
2021-08-15 14:03:31,877 [SCMBlockDeletingService#0] DEBUG block.SCMBlockDeletingService (DatanodeDeletedBlockTransactions.java:addTransactionToDN(50)) - Transaction added: c2c40a72-a699-49b1-b721-1997d9d2c71f <- TX(51)
2021-08-15 14:03:31,877 [SCMBlockDeletingService#0] DEBUG block.SCMBlockDeletingService (DatanodeDeletedBlockTransactions.java:addTransactionToDN(50)) - Transaction added: c2c40a72-a699-49b1-b721-1997d9d2c71f <- TX(52)
2021-08-15 14:03:31,877 [SCMBlockDeletingService#0] DEBUG block.SCMBlockDeletingService (DatanodeDeletedBlockTransactions.java:addTransactionToDN(50)) - Transaction added: 0475d2c2-d46f-403e-95a5-8ff1a5c32338 <- TX(52)
2021-08-15 14:03:31,877 [SCMBlockDeletingService#0] DEBUG block.SCMBlockDeletingService (DatanodeDeletedBlockTransactions.java:addTransactionToDN(50)) - Transaction added: c2c40a72-a699-49b1-b721-1997d9d2c71f <- TX(53)
2021-08-15 14:03:31,877 [SCMBlockDeletingService#0] DEBUG block.SCMBlockDeletingService (DatanodeDeletedBlockTransactions.java:addTransactionToDN(50)) - Transaction added: 0475d2c2-d46f-403e-95a5-8ff1a5c32338 <- TX(53)
2021-08-15 14:03:31,877 [SCMBlockDeletingService#0] DEBUG block.SCMBlockDeletingService (DatanodeDeletedBlockTransactions.java:addTransactionToDN(50)) - Transaction added: c2c40a72-a699-49b1-b721-1997d9d2c71f <- TX(54)
2021-08-15 14:03:31,877 [SCMBlockDeletingService#0] DEBUG block.SCMBlockDeletingService (DatanodeDeletedBlockTransactions.java:addTransactionToDN(50)) - Transaction added: 0475d2c2-d46f-403e-95a5-8ff1a5c32338 <- TX(54)
2021-08-15 14:03:31,877 [SCMBlockDeletingService#0] DEBUG block.SCMBlockDeletingService (DatanodeDeletedBlockTransactions.java:addTransactionToDN(50)) - Transaction added: 0475d2c2-d46f-403e-95a5-8ff1a5c32338 <- TX(55)
2021-08-15 14:03:31,877 [SCMBlockDeletingService#0] DEBUG block.SCMBlockDeletingService (DatanodeDeletedBlockTransactions.java:addTransactionToDN(50)) - Transaction added: c2c40a72-a699-49b1-b721-1997d9d2c71f <- TX(55)
2021-08-15 14:03:31,877 [SCMBlockDeletingService#0] DEBUG block.SCMBlockDeletingService (DatanodeDeletedBlockTransactions.java:addTransactionToDN(50)) - Transaction added: 0475d2c2-d46f-403e-95a5-8ff1a5c32338 <- TX(56)
2021-08-15 14:03:31,877 [SCMBlockDeletingService#0] DEBUG block.SCMBlockDeletingService (DatanodeDeletedBlockTransactions.java:addTransactionToDN(50)) - Transaction added: c2c40a72-a699-49b1-b721-1997d9d2c71f <- TX(56)
2021-08-15 14:03:31,877 [SCMBlockDeletingService#0] DEBUG block.SCMBlockDeletingService (SCMBlockDeletingService.java:call(164)) - Added delete block command for datanode c2c40a72-a699-49b1-b721-1997d9d2c71f in the queue, number of delete block transactions: 30
2021-08-15 14:03:31,877 [SCMBlockDeletingService#0] DEBUG block.SCMBlockDeletingService (SCMBlockDeletingService.java:call(164)) - Added delete block command for datanode 0475d2c2-d46f-403e-95a5-8ff1a5c32338 in the queue, number of delete block transactions: 29
2021-08-15 14:03:31,877 [SCMBlockDeletingService#0] INFO  block.SCMBlockDeletingService (SCMBlockDeletingService.java:call(174)) - Totally added 59 blocks to be deleted for 2 datanodes, task elapsed time: 3ms
2021-08-15 14:03:31,975 [SCMBlockDeletingService#0] DEBUG block.SCMBlockDeletingService (SCMBlockDeletingService.java:call(133)) - Running DeletedBlockTransactionScanner
2021-08-15 14:03:31,975 [SCMBlockDeletingService#0] DEBUG block.SCMBlockDeletingService (DatanodeDeletedBlockTransactions.java:addTransactionToDN(50)) - Transaction added: c2c40a72-a699-49b1-b721-1997d9d2c71f <- TX(27)
2021-08-15 14:03:31,975 [SCMBlockDeletingService#0] DEBUG block.SCMBlockDeletingService (DatanodeDeletedBlockTransactions.java:addTransactionToDN(50)) - Transaction added: c2c40a72-a699-49b1-b721-1997d9d2c71f <- TX(28)
2021-08-15 14:03:31,975 [SCMBlockDeletingService#0] DEBUG block.SCMBlockDeletingService (DatanodeDeletedBlockTransactions.java:addTransactionToDN(50)) - Transaction added: 0475d2c2-d46f-403e-95a5-8ff1a5c32338 <- TX(28)
2021-08-15 14:03:31,975 [SCMBlockDeletingService#0] DEBUG block.SCMBlockDeletingService (DatanodeDeletedBlockTransactions.java:addTransactionToDN(50)) - Transaction added: c2c40a72-a699-49b1-b721-1997d9d2c71f <- TX(29)
2021-08-15 14:03:31,975 [SCMBlockDeletingService#0] DEBUG block.SCMBlockDeletingService (DatanodeDeletedBlockTransactions.java:addTransactionToDN(50)) - Transaction added: 0475d2c2-d46f-403e-95a5-8ff1a5c32338 <- TX(29)
2021-08-15 14:03:31,975 [SCMBlockDeletingService#0] DEBUG block.SCMBlockDeletingService (DatanodeDeletedBlockTransactions.java:addTransactionToDN(50)) - Transaction added: 0475d2c2-d46f-403e-95a5-8ff1a5c32338 <- TX(30)
2021-08-15 14:03:31,975 [SCMBlockDeletingService#0] DEBUG block.SCMBlockDeletingService (DatanodeDeletedBlockTransactions.java:addTransactionToDN(50)) - Transaction added: c2c40a72-a699-49b1-b721-1997d9d2c71f <- TX(30)
2021-08-15 14:03:31,975 [SCMBlockDeletingService#0] DEBUG block.SCMBlockDeletingService (DatanodeDeletedBlockTransactions.java:addTransactionToDN(50)) - Transaction added: c2c40a72-a699-49b1-b721-1997d9d2c71f <- TX(31)
2021-08-15 14:03:31,975 [SCMBlockDeletingService#0] DEBUG block.SCMBlockDeletingService (DatanodeDeletedBlockTransactions.java:addTransactionToDN(50)) - Transaction added: 0475d2c2-d46f-403e-95a5-8ff1a5c32338 <- TX(31)
2021-08-15 14:03:31,975 [SCMBlockDeletingService#0] DEBUG block.SCMBlockDeletingService (DatanodeDeletedBlockTransactions.java:addTransactionToDN(50)) - Transaction added: 0475d2c2-d46f-403e-95a5-8ff1a5c32338 <- TX(32)
2021-08-15 14:03:31,975 [SCMBlockDeletingService#0] DEBUG block.SCMBlockDeletingService (DatanodeDeletedBlockTransactions.java:addTransactionToDN(50)) - Transaction added: c2c40a72-a699-49b1-b721-1997d9d2c71f <- TX(32)
2021-08-15 14:03:31,975 [SCMBlockDeletingService#0] DEBUG block.SCMBlockDeletingService (DatanodeDeletedBlockTransactions.java:addTransactionToDN(50)) - Transaction added: 0475d2c2-d46f-403e-95a5-8ff1a5c32338 <- TX(33)
2021-08-15 14:03:31,975 [SCMBlockDeletingService#0] DEBUG block.SCMBlockDeletingService (DatanodeDeletedBlockTransactions.java:addTransactionToDN(50)) - Transaction added: c2c40a72-a699-49b1-b721-1997d9d2c71f <- TX(33)
2021-08-15 14:03:31,975 [SCMBlockDeletingService#0] DEBUG block.SCMBlockDeletingService (DatanodeDeletedBlockTransactions.java:addTransactionToDN(50)) - Transaction added: 0475d2c2-d46f-403e-95a5-8ff1a5c32338 <- TX(34)
2021-08-15 14:03:31,975 [SCMBlockDeletingService#0] DEBUG block.SCMBlockDeletingService (DatanodeDeletedBlockTransactions.java:addTransactionToDN(50)) - Transaction added: c2c40a72-a699-49b1-b721-1997d9d2c71f <- TX(34)
2021-08-15 14:03:31,975 [SCMBlockDeletingService#0] DEBUG block.SCMBlockDeletingService (DatanodeDeletedBlockTransactions.java:addTransactionToDN(50)) - Transaction added: 0475d2c2-d46f-403e-95a5-8ff1a5c32338 <- TX(35)
2021-08-15 14:03:31,975 [SCMBlockDeletingService#0] DEBUG block.SCMBlockDeletingService (DatanodeDeletedBlockTransactions.java:addTransactionToDN(50)) - Transaction added: c2c40a72-a699-49b1-b721-1997d9d2c71f <- TX(35)
2021-08-15 14:03:31,975 [SCMBlockDeletingService#0] DEBUG block.SCMBlockDeletingService (DatanodeDeletedBlockTransactions.java:addTransactionToDN(50)) - Transaction added: c2c40a72-a699-49b1-b721-1997d9d2c71f <- TX(36)
2021-08-15 14:03:31,975 [SCMBlockDeletingService#0] DEBUG block.SCMBlockDeletingService (DatanodeDeletedBlockTransactions.java:addTransactionToDN(50)) - Transaction added: 0475d2c2-d46f-403e-95a5-8ff1a5c32338 <- TX(36)
2021-08-15 14:03:31,975 [SCMBlockDeletingService#0] DEBUG block.SCMBlockDeletingService (DatanodeDeletedBlockTransactions.java:addTransactionToDN(50)) - Transaction added: c2c40a72-a699-49b1-b721-1997d9d2c71f <- TX(37)
2021-08-15 14:03:31,975 [SCMBlockDeletingService#0] DEBUG block.SCMBlockDeletingService (DatanodeDeletedBlockTransactions.java:addTransactionToDN(50)) - Transaction added: 0475d2c2-d46f-403e-95a5-8ff1a5c32338 <- TX(37)
2021-08-15 14:03:31,975 [SCMBlockDeletingService#0] DEBUG block.SCMBlockDeletingService (DatanodeDeletedBlockTransactions.java:addTransactionToDN(50)) - Transaction added: c2c40a72-a699-49b1-b721-1997d9d2c71f <- TX(38)
2021-08-15 14:03:31,975 [SCMBlockDeletingService#0] DEBUG block.SCMBlockDeletingService (DatanodeDeletedBlockTransactions.java:addTransactionToDN(50)) - Transaction added: 0475d2c2-d46f-403e-95a5-8ff1a5c32338 <- TX(38)
2021-08-15 14:03:31,975 [SCMBlockDeletingService#0] DEBUG block.SCMBlockDeletingService (DatanodeDeletedBlockTransactions.java:addTransactionToDN(50)) - Transaction added: 0475d2c2-d46f-403e-95a5-8ff1a5c32338 <- TX(39)
2021-08-15 14:03:31,975 [SCMBlockDeletingService#0] DEBUG block.SCMBlockDeletingService (DatanodeDeletedBlockTransactions.java:addTransactionToDN(50)) - Transaction added: c2c40a72-a699-49b1-b721-1997d9d2c71f <- TX(39)
2021-08-15 14:03:31,975 [SCMBlockDeletingService#0] DEBUG block.SCMBlockDeletingService (DatanodeDeletedBlockTransactions.java:addTransactionToDN(50)) - Transaction added: 0475d2c2-d46f-403e-95a5-8ff1a5c32338 <- TX(40)
2021-08-15 14:03:31,975 [SCMBlockDeletingService#0] DEBUG block.SCMBlockDeletingService (DatanodeDeletedBlockTransactions.java:addTransactionToDN(50)) - Transaction added: c2c40a72-a699-49b1-b721-1997d9d2c71f <- TX(40)
2021-08-15 14:03:31,975 [SCMBlockDeletingService#0] DEBUG block.SCMBlockDeletingService (DatanodeDeletedBlockTransactions.java:addTransactionToDN(50)) - Transaction added: 0475d2c2-d46f-403e-95a5-8ff1a5c32338 <- TX(41)
2021-08-15 14:03:31,975 [SCMBlockDeletingService#0] DEBUG block.SCMBlockDeletingService (DatanodeDeletedBlockTransactions.java:addTransactionToDN(50)) - Transaction added: c2c40a72-a699-49b1-b721-1997d9d2c71f <- TX(41)
2021-08-15 14:03:31,976 [SCMBlockDeletingService#0] DEBUG block.SCMBlockDeletingService (DatanodeDeletedBlockTransactions.java:addTransactionToDN(50)) - Transaction added: 0475d2c2-d46f-403e-95a5-8ff1a5c32338 <- TX(42)
2021-08-15 14:03:31,976 [SCMBlockDeletingService#0] DEBUG block.SCMBlockDeletingService (DatanodeDeletedBlockTransactions.java:addTransactionToDN(50)) - Transaction added: c2c40a72-a699-49b1-b721-1997d9d2c71f <- TX(42)
2021-08-15 14:03:31,976 [SCMBlockDeletingService#0] DEBUG block.SCMBlockDeletingService (DatanodeDeletedBlockTransactions.java:addTransactionToDN(50)) - Transaction added: 0475d2c2-d46f-403e-95a5-8ff1a5c32338 <- TX(43)
2021-08-15 14:03:31,976 [SCMBlockDeletingService#0] DEBUG block.SCMBlockDeletingService (DatanodeDeletedBlockTransactions.java:addTransactionToDN(50)) - Transaction added: c2c40a72-a699-49b1-b721-1997d9d2c71f <- TX(43)
2021-08-15 14:03:31,976 [SCMBlockDeletingService#0] DEBUG block.SCMBlockDeletingService (DatanodeDeletedBlockTransactions.java:addTransactionToDN(50)) - Transaction added: c2c40a72-a699-49b1-b721-1997d9d2c71f <- TX(44)
2021-08-15 14:03:31,976 [SCMBlockDeletingService#0] DEBUG block.SCMBlockDeletingService (DatanodeDeletedBlockTransactions.java:addTransactionToDN(50)) - Transaction added: 0475d2c2-d46f-403e-95a5-8ff1a5c32338 <- TX(44)
2021-08-15 14:03:31,976 [SCMBlockDeletingService#0] DEBUG block.SCMBlockDeletingService (DatanodeDeletedBlockTransactions.java:addTransactionToDN(50)) - Transaction added: c2c40a72-a699-49b1-b721-1997d9d2c71f <- TX(45)
2021-08-15 14:03:31,976 [SCMBlockDeletingService#0] DEBUG block.SCMBlockDeletingService (DatanodeDeletedBlockTransactions.java:addTransactionToDN(50)) - Transaction added: 0475d2c2-d46f-403e-95a5-8ff1a5c32338 <- TX(45)
2021-08-15 14:03:31,976 [SCMBlockDeletingService#0] DEBUG block.SCMBlockDeletingService (DatanodeDeletedBlockTransactions.java:addTransactionToDN(50)) - Transaction added: 0475d2c2-d46f-403e-95a5-8ff1a5c32338 <- TX(46)
2021-08-15 14:03:31,976 [SCMBlockDeletingService#0] DEBUG block.SCMBlockDeletingService (DatanodeDeletedBlockTransactions.java:addTransactionToDN(50)) - Transaction added: c2c40a72-a699-49b1-b721-1997d9d2c71f <- TX(46)
2021-08-15 14:03:31,976 [SCMBlockDeletingService#0] DEBUG block.SCMBlockDeletingService (DatanodeDeletedBlockTransactions.java:addTransactionToDN(50)) - Transaction added: c2c40a72-a699-49b1-b721-1997d9d2c71f <- TX(47)
2021-08-15 14:03:31,976 [SCMBlockDeletingService#0] DEBUG block.SCMBlockDeletingService (DatanodeDeletedBlockTransactions.java:addTransactionToDN(50)) - Transaction added: 0475d2c2-d46f-403e-95a5-8ff1a5c32338 <- TX(47)
2021-08-15 14:03:31,976 [SCMBlockDeletingService#0] DEBUG block.SCMBlockDeletingService (DatanodeDeletedBlockTransactions.java:addTransactionToDN(50)) - Transaction added: 0475d2c2-d46f-403e-95a5-8ff1a5c32338 <- TX(48)
2021-08-15 14:03:31,976 [SCMBlockDeletingService#0] DEBUG block.SCMBlockDeletingService (DatanodeDeletedBlockTransactions.java:addTransactionToDN(50)) - Transaction added: c2c40a72-a699-49b1-b721-1997d9d2c71f <- TX(48)
2021-08-15 14:03:31,976 [SCMBlockDeletingService#0] DEBUG block.SCMBlockDeletingService (DatanodeDeletedBlockTransactions.java:addTransactionToDN(50)) - Transaction added: 0475d2c2-d46f-403e-95a5-8ff1a5c32338 <- TX(49)
2021-08-15 14:03:31,976 [SCMBlockDeletingService#0] DEBUG block.SCMBlockDeletingService (DatanodeDeletedBlockTransactions.java:addTransactionToDN(50)) - Transaction added: c2c40a72-a699-49b1-b721-1997d9d2c71f <- TX(49)
2021-08-15 14:03:31,976 [SCMBlockDeletingService#0] DEBUG block.SCMBlockDeletingService (DatanodeDeletedBlockTransactions.java:addTransactionToDN(50)) - Transaction added: 0475d2c2-d46f-403e-95a5-8ff1a5c32338 <- TX(50)
2021-08-15 14:03:31,976 [SCMBlockDeletingService#0] DEBUG block.SCMBlockDeletingService (DatanodeDeletedBlockTransactions.java:addTransactionToDN(50)) - Transaction added: c2c40a72-a699-49b1-b721-1997d9d2c71f <- TX(50)
2021-08-15 14:03:31,976 [SCMBlockDeletingService#0] DEBUG block.SCMBlockDeletingService (DatanodeDeletedBlockTransactions.java:addTransactionToDN(50)) - Transaction added: 0475d2c2-d46f-403e-95a5-8ff1a5c32338 <- TX(51)
2021-08-15 14:03:31,976 [SCMBlockDeletingService#0] DEBUG block.SCMBlockDeletingService (DatanodeDeletedBlockTransactions.java:addTransactionToDN(50)) - Transaction added: c2c40a72-a699-49b1-b721-1997d9d2c71f <- TX(51)
2021-08-15 14:03:31,976 [SCMBlockDeletingService#0] DEBUG block.SCMBlockDeletingService (DatanodeDeletedBlockTransactions.java:addTransactionToDN(50)) - Transaction added: c2c40a72-a699-49b1-b721-1997d9d2c71f <- TX(52)
2021-08-15 14:03:31,976 [SCMBlockDeletingService#0] DEBUG block.SCMBlockDeletingService (DatanodeDeletedBlockTransactions.java:addTransactionToDN(50)) - Transaction added: 0475d2c2-d46f-403e-95a5-8ff1a5c32338 <- TX(52)
2021-08-15 14:03:31,976 [SCMBlockDeletingService#0] DEBUG block.SCMBlockDeletingService (DatanodeDeletedBlockTransactions.java:addTransactionToDN(50)) - Transaction added: c2c40a72-a699-49b1-b721-1997d9d2c71f <- TX(53)
2021-08-15 14:03:31,976 [SCMBlockDeletingService#0] DEBUG block.SCMBlockDeletingService (DatanodeDeletedBlockTransactions.java:addTransactionToDN(50)) - Transaction added: 0475d2c2-d46f-403e-95a5-8ff1a5c32338 <- TX(53)
2021-08-15 14:03:31,976 [SCMBlockDeletingService#0] DEBUG block.SCMBlockDeletingService (DatanodeDeletedBlockTransactions.java:addTransactionToDN(50)) - Transaction added: c2c40a72-a699-49b1-b721-1997d9d2c71f <- TX(54)
2021-08-15 14:03:31,976 [SCMBlockDeletingService#0] DEBUG block.SCMBlockDeletingService (DatanodeDeletedBlockTransactions.java:addTransactionToDN(50)) - Transaction added: 0475d2c2-d46f-403e-95a5-8ff1a5c32338 <- TX(54)
2021-08-15 14:03:31,976 [SCMBlockDeletingService#0] DEBUG block.SCMBlockDeletingService (DatanodeDeletedBlockTransactions.java:addTransactionToDN(50)) - Transaction added: 0475d2c2-d46f-403e-95a5-8ff1a5c32338 <- TX(55)
2021-08-15 14:03:31,976 [SCMBlockDeletingService#0] DEBUG block.SCMBlockDeletingService (DatanodeDeletedBlockTransactions.java:addTransactionToDN(50)) - Transaction added: c2c40a72-a699-49b1-b721-1997d9d2c71f <- TX(55)
2021-08-15 14:03:31,976 [SCMBlockDeletingService#0] DEBUG block.SCMBlockDeletingService (DatanodeDeletedBlockTransactions.java:addTransactionToDN(50)) - Transaction added: 0475d2c2-d46f-403e-95a5-8ff1a5c32338 <- TX(56)
2021-08-15 14:03:31,976 [SCMBlockDeletingService#0] DEBUG block.SCMBlockDeletingService (DatanodeDeletedBlockTransactions.java:addTransactionToDN(50)) - Transaction added: c2c40a72-a699-49b1-b721-1997d9d2c71f <- TX(56)
2021-08-15 14:03:31,977 [SCMBlockDeletingService#0] DEBUG block.SCMBlockDeletingService (SCMBlockDeletingService.java:call(164)) - Added delete block command for datanode c2c40a72-a699-49b1-b721-1997d9d2c71f in the queue, number of delete block transactions: 30
2021-08-15 14:03:31,977 [SCMBlockDeletingService#0] DEBUG block.SCMBlockDeletingService (SCMBlockDeletingService.java:call(164)) - Added delete block command for datanode 0475d2c2-d46f-403e-95a5-8ff1a5c32338 in the queue, number of delete block transactions: 29
2021-08-15 14:03:31,977 [SCMBlockDeletingService#0] INFO  block.SCMBlockDeletingService (SCMBlockDeletingService.java:call(174)) - Totally added 59 blocks to be deleted for 2 datanodes, task elapsed time: 2ms
2021-08-15 14:03:32,075 [SCMBlockDeletingService#0] DEBUG block.SCMBlockDeletingService (SCMBlockDeletingService.java:call(133)) - Running DeletedBlockTransactionScanner
2021-08-15 14:03:32,075 [SCMBlockDeletingService#0] DEBUG block.SCMBlockDeletingService (DatanodeDeletedBlockTransactions.java:addTransactionToDN(50)) - Transaction added: c2c40a72-a699-49b1-b721-1997d9d2c71f <- TX(27)
2021-08-15 14:03:32,075 [SCMBlockDeletingService#0] DEBUG block.SCMBlockDeletingService (DatanodeDeletedBlockTransactions.java:addTransactionToDN(50)) - Transaction added: c2c40a72-a699-49b1-b721-1997d9d2c71f <- TX(28)
2021-08-15 14:03:32,075 [SCMBlockDeletingService#0] DEBUG block.SCMBlockDeletingService (DatanodeDeletedBlockTransactions.java:addTransactionToDN(50)) - Transaction added: 0475d2c2-d46f-403e-95a5-8ff1a5c32338 <- TX(28)
2021-08-15 14:03:32,075 [SCMBlockDeletingService#0] DEBUG block.SCMBlockDeletingService (DatanodeDeletedBlockTransactions.java:addTransactionToDN(50)) - Transaction added: c2c40a72-a699-49b1-b721-1997d9d2c71f <- TX(29)
2021-08-15 14:03:32,075 [SCMBlockDeletingService#0] DEBUG block.SCMBlockDeletingService (DatanodeDeletedBlockTransactions.java:addTransactionToDN(50)) - Transaction added: 0475d2c2-d46f-403e-95a5-8ff1a5c32338 <- TX(29)
2021-08-15 14:03:32,075 [SCMBlockDeletingService#0] DEBUG block.SCMBlockDeletingService (DatanodeDeletedBlockTransactions.java:addTransactionToDN(50)) - Transaction added: 0475d2c2-d46f-403e-95a5-8ff1a5c32338 <- TX(30)
2021-08-15 14:03:32,075 [SCMBlockDeletingService#0] DEBUG block.SCMBlockDeletingService (DatanodeDeletedBlockTransactions.java:addTransactionToDN(50)) - Transaction added: c2c40a72-a699-49b1-b721-1997d9d2c71f <- TX(30)
2021-08-15 14:03:32,075 [SCMBlockDeletingService#0] DEBUG block.SCMBlockDeletingService (DatanodeDeletedBlockTransactions.java:addTransactionToDN(50)) - Transaction added: c2c40a72-a699-49b1-b721-1997d9d2c71f <- TX(31)
2021-08-15 14:03:32,075 [SCMBlockDeletingService#0] DEBUG block.SCMBlockDeletingService (DatanodeDeletedBlockTransactions.java:addTransactionToDN(50)) - Transaction added: 0475d2c2-d46f-403e-95a5-8ff1a5c32338 <- TX(31)
2021-08-15 14:03:32,075 [SCMBlockDeletingService#0] DEBUG block.SCMBlockDeletingService (DatanodeDeletedBlockTransactions.java:addTransactionToDN(50)) - Transaction added: 0475d2c2-d46f-403e-95a5-8ff1a5c32338 <- TX(32)
2021-08-15 14:03:32,075 [SCMBlockDeletingService#0] DEBUG block.SCMBlockDeletingService (DatanodeDeletedBlockTransactions.java:addTransactionToDN(50)) - Transaction added: c2c40a72-a699-49b1-b721-1997d9d2c71f <- TX(32)
2021-08-15 14:03:32,075 [SCMBlockDeletingService#0] DEBUG block.SCMBlockDeletingService (DatanodeDeletedBlockTransactions.java:addTransactionToDN(50)) - Transaction added: 0475d2c2-d46f-403e-95a5-8ff1a5c32338 <- TX(33)
2021-08-15 14:03:32,075 [SCMBlockDeletingService#0] DEBUG block.SCMBlockDeletingService (DatanodeDeletedBlockTransactions.java:addTransactionToDN(50)) - Transaction added: c2c40a72-a699-49b1-b721-1997d9d2c71f <- TX(33)
2021-08-15 14:03:32,075 [SCMBlockDeletingService#0] DEBUG block.SCMBlockDeletingService (DatanodeDeletedBlockTransactions.java:addTransactionToDN(50)) - Transaction added: 0475d2c2-d46f-403e-95a5-8ff1a5c32338 <- TX(34)
2021-08-15 14:03:32,075 [SCMBlockDeletingService#0] DEBUG block.SCMBlockDeletingService (DatanodeDeletedBlockTransactions.java:addTransactionToDN(50)) - Transaction added: c2c40a72-a699-49b1-b721-1997d9d2c71f <- TX(34)
2021-08-15 14:03:32,075 [SCMBlockDeletingService#0] DEBUG block.SCMBlockDeletingService (DatanodeDeletedBlockTransactions.java:addTransactionToDN(50)) - Transaction added: 0475d2c2-d46f-403e-95a5-8ff1a5c32338 <- TX(35)
2021-08-15 14:03:32,075 [SCMBlockDeletingService#0] DEBUG block.SCMBlockDeletingService (DatanodeDeletedBlockTransactions.java:addTransactionToDN(50)) - Transaction added: c2c40a72-a699-49b1-b721-1997d9d2c71f <- TX(35)
2021-08-15 14:03:32,075 [SCMBlockDeletingService#0] DEBUG block.SCMBlockDeletingService (DatanodeDeletedBlockTransactions.java:addTransactionToDN(50)) - Transaction added: c2c40a72-a699-49b1-b721-1997d9d2c71f <- TX(36)
2021-08-15 14:03:32,075 [SCMBlockDeletingService#0] DEBUG block.SCMBlockDeletingService (DatanodeDeletedBlockTransactions.java:addTransactionToDN(50)) - Transaction added: 0475d2c2-d46f-403e-95a5-8ff1a5c32338 <- TX(36)
2021-08-15 14:03:32,075 [SCMBlockDeletingService#0] DEBUG block.SCMBlockDeletingService (DatanodeDeletedBlockTransactions.java:addTransactionToDN(50)) - Transaction added: c2c40a72-a699-49b1-b721-1997d9d2c71f <- TX(37)
2021-08-15 14:03:32,075 [SCMBlockDeletingService#0] DEBUG block.SCMBlockDeletingService (DatanodeDeletedBlockTransactions.java:addTransactionToDN(50)) - Transaction added: 0475d2c2-d46f-403e-95a5-8ff1a5c32338 <- TX(37)
2021-08-15 14:03:32,076 [SCMBlockDeletingService#0] DEBUG block.SCMBlockDeletingService (DatanodeDeletedBlockTransactions.java:addTransactionToDN(50)) - Transaction added: c2c40a72-a699-49b1-b721-1997d9d2c71f <- TX(38)
2021-08-15 14:03:32,076 [SCMBlockDeletingService#0] DEBUG block.SCMBlockDeletingService (DatanodeDeletedBlockTransactions.java:addTransactionToDN(50)) - Transaction added: 0475d2c2-d46f-403e-95a5-8ff1a5c32338 <- TX(38)
2021-08-15 14:03:32,076 [SCMBlockDeletingService#0] DEBUG block.SCMBlockDeletingService (DatanodeDeletedBlockTransactions.java:addTransactionToDN(50)) - Transaction added: 0475d2c2-d46f-403e-95a5-8ff1a5c32338 <- TX(39)
2021-08-15 14:03:32,076 [SCMBlockDeletingService#0] DEBUG block.SCMBlockDeletingService (DatanodeDeletedBlockTransactions.java:addTransactionToDN(50)) - Transaction added: c2c40a72-a699-49b1-b721-1997d9d2c71f <- TX(39)
2021-08-15 14:03:32,076 [SCMBlockDeletingService#0] DEBUG block.SCMBlockDeletingService (DatanodeDeletedBlockTransactions.java:addTransactionToDN(50)) - Transaction added: 0475d2c2-d46f-403e-95a5-8ff1a5c32338 <- TX(40)
2021-08-15 14:03:32,076 [SCMBlockDeletingService#0] DEBUG block.SCMBlockDeletingService (DatanodeDeletedBlockTransactions.java:addTransactionToDN(50)) - Transaction added: c2c40a72-a699-49b1-b721-1997d9d2c71f <- TX(40)
2021-08-15 14:03:32,076 [SCMBlockDeletingService#0] DEBUG block.SCMBlockDeletingService (DatanodeDeletedBlockTransactions.java:addTransactionToDN(50)) - Transaction added: 0475d2c2-d46f-403e-95a5-8ff1a5c32338 <- TX(41)
2021-08-15 14:03:32,076 [SCMBlockDeletingService#0] DEBUG block.SCMBlockDeletingService (DatanodeDeletedBlockTransactions.java:addTransactionToDN(50)) - Transaction added: c2c40a72-a699-49b1-b721-1997d9d2c71f <- TX(41)
2021-08-15 14:03:32,076 [SCMBlockDeletingService#0] DEBUG block.SCMBlockDeletingService (DatanodeDeletedBlockTransactions.java:addTransactionToDN(50)) - Transaction added: 0475d2c2-d46f-403e-95a5-8ff1a5c32338 <- TX(42)
2021-08-15 14:03:32,076 [SCMBlockDeletingService#0] DEBUG block.SCMBlockDeletingService (DatanodeDeletedBlockTransactions.java:addTransactionToDN(50)) - Transaction added: c2c40a72-a699-49b1-b721-1997d9d2c71f <- TX(42)
2021-08-15 14:03:32,076 [SCMBlockDeletingService#0] DEBUG block.SCMBlockDeletingService (DatanodeDeletedBlockTransactions.java:addTransactionToDN(50)) - Transaction added: 0475d2c2-d46f-403e-95a5-8ff1a5c32338 <- TX(43)
2021-08-15 14:03:32,076 [SCMBlockDeletingService#0] DEBUG block.SCMBlockDeletingService (DatanodeDeletedBlockTransactions.java:addTransactionToDN(50)) - Transaction added: c2c40a72-a699-49b1-b721-1997d9d2c71f <- TX(43)
2021-08-15 14:03:32,076 [SCMBlockDeletingService#0] DEBUG block.SCMBlockDeletingService (DatanodeDeletedBlockTransactions.java:addTransactionToDN(50)) - Transaction added: c2c40a72-a699-49b1-b721-1997d9d2c71f <- TX(44)
2021-08-15 14:03:32,076 [SCMBlockDeletingService#0] DEBUG block.SCMBlockDeletingService (DatanodeDeletedBlockTransactions.java:addTransactionToDN(50)) - Transaction added: 0475d2c2-d46f-403e-95a5-8ff1a5c32338 <- TX(44)
2021-08-15 14:03:32,076 [SCMBlockDeletingService#0] DEBUG block.SCMBlockDeletingService (DatanodeDeletedBlockTransactions.java:addTransactionToDN(50)) - Transaction added: c2c40a72-a699-49b1-b721-1997d9d2c71f <- TX(45)
2021-08-15 14:03:32,076 [SCMBlockDeletingService#0] DEBUG block.SCMBlockDeletingService (DatanodeDeletedBlockTransactions.java:addTransactionToDN(50)) - Transaction added: 0475d2c2-d46f-403e-95a5-8ff1a5c32338 <- TX(45)
2021-08-15 14:03:32,076 [SCMBlockDeletingService#0] DEBUG block.SCMBlockDeletingService (DatanodeDeletedBlockTransactions.java:addTransactionToDN(50)) - Transaction added: 0475d2c2-d46f-403e-95a5-8ff1a5c32338 <- TX(46)
2021-08-15 14:03:32,076 [SCMBlockDeletingService#0] DEBUG block.SCMBlockDeletingService (DatanodeDeletedBlockTransactions.java:addTransactionToDN(50)) - Transaction added: c2c40a72-a699-49b1-b721-1997d9d2c71f <- TX(46)
2021-08-15 14:03:32,076 [SCMBlockDeletingService#0] DEBUG block.SCMBlockDeletingService (DatanodeDeletedBlockTransactions.java:addTransactionToDN(50)) - Transaction added: c2c40a72-a699-49b1-b721-1997d9d2c71f <- TX(47)
2021-08-15 14:03:32,076 [SCMBlockDeletingService#0] DEBUG block.SCMBlockDeletingService (DatanodeDeletedBlockTransactions.java:addTransactionToDN(50)) - Transaction added: 0475d2c2-d46f-403e-95a5-8ff1a5c32338 <- TX(47)
2021-08-15 14:03:32,076 [SCMBlockDeletingService#0] DEBUG block.SCMBlockDeletingService (DatanodeDeletedBlockTransactions.java:addTransactionToDN(50)) - Transaction added: 0475d2c2-d46f-403e-95a5-8ff1a5c32338 <- TX(48)
2021-08-15 14:03:32,076 [SCMBlockDeletingService#0] DEBUG block.SCMBlockDeletingService (DatanodeDeletedBlockTransactions.java:addTransactionToDN(50)) - Transaction added: c2c40a72-a699-49b1-b721-1997d9d2c71f <- TX(48)
2021-08-15 14:03:32,076 [SCMBlockDeletingService#0] DEBUG block.SCMBlockDeletingService (DatanodeDeletedBlockTransactions.java:addTransactionToDN(50)) - Transaction added: 0475d2c2-d46f-403e-95a5-8ff1a5c32338 <- TX(49)
2021-08-15 14:03:32,076 [SCMBlockDeletingService#0] DEBUG block.SCMBlockDeletingService (DatanodeDeletedBlockTransactions.java:addTransactionToDN(50)) - Transaction added: c2c40a72-a699-49b1-b721-1997d9d2c71f <- TX(49)
2021-08-15 14:03:32,076 [SCMBlockDeletingService#0] DEBUG block.SCMBlockDeletingService (DatanodeDeletedBlockTransactions.java:addTransactionToDN(50)) - Transaction added: 0475d2c2-d46f-403e-95a5-8ff1a5c32338 <- TX(50)
2021-08-15 14:03:32,076 [SCMBlockDeletingService#0] DEBUG block.SCMBlockDeletingService (DatanodeDeletedBlockTransactions.java:addTransactionToDN(50)) - Transaction added: c2c40a72-a699-49b1-b721-1997d9d2c71f <- TX(50)
2021-08-15 14:03:32,076 [SCMBlockDeletingService#0] DEBUG block.SCMBlockDeletingService (DatanodeDeletedBlockTransactions.java:addTransactionToDN(50)) - Transaction added: 0475d2c2-d46f-403e-95a5-8ff1a5c32338 <- TX(51)
2021-08-15 14:03:32,076 [SCMBlockDeletingService#0] DEBUG block.SCMBlockDeletingService (DatanodeDeletedBlockTransactions.java:addTransactionToDN(50)) - Transaction added: c2c40a72-a699-49b1-b721-1997d9d2c71f <- TX(51)
2021-08-15 14:03:32,076 [SCMBlockDeletingService#0] DEBUG block.SCMBlockDeletingService (DatanodeDeletedBlockTransactions.java:addTransactionToDN(50)) - Transaction added: c2c40a72-a699-49b1-b721-1997d9d2c71f <- TX(52)
2021-08-15 14:03:32,076 [SCMBlockDeletingService#0] DEBUG block.SCMBlockDeletingService (DatanodeDeletedBlockTransactions.java:addTransactionToDN(50)) - Transaction added: 0475d2c2-d46f-403e-95a5-8ff1a5c32338 <- TX(52)
2021-08-15 14:03:32,076 [SCMBlockDeletingService#0] DEBUG block.SCMBlockDeletingService (DatanodeDeletedBlockTransactions.java:addTransactionToDN(50)) - Transaction added: c2c40a72-a699-49b1-b721-1997d9d2c71f <- TX(53)
2021-08-15 14:03:32,076 [SCMBlockDeletingService#0] DEBUG block.SCMBlockDeletingService (DatanodeDeletedBlockTransactions.java:addTransactionToDN(50)) - Transaction added: 0475d2c2-d46f-403e-95a5-8ff1a5c32338 <- TX(53)
2021-08-15 14:03:32,076 [SCMBlockDeletingService#0] DEBUG block.SCMBlockDeletingService (DatanodeDeletedBlockTransactions.java:addTransactionToDN(50)) - Transaction added: c2c40a72-a699-49b1-b721-1997d9d2c71f <- TX(54)
2021-08-15 14:03:32,077 [SCMBlockDeletingService#0] DEBUG block.SCMBlockDeletingService (DatanodeDeletedBlockTransactions.java:addTransactionToDN(50)) - Transaction added: 0475d2c2-d46f-403e-95a5-8ff1a5c32338 <- TX(54)
2021-08-15 14:03:32,077 [SCMBlockDeletingService#0] DEBUG block.SCMBlockDeletingService (DatanodeDeletedBlockTransactions.java:addTransactionToDN(50)) - Transaction added: 0475d2c2-d46f-403e-95a5-8ff1a5c32338 <- TX(55)
2021-08-15 14:03:32,077 [SCMBlockDeletingService#0] DEBUG block.SCMBlockDeletingService (DatanodeDeletedBlockTransactions.java:addTransactionToDN(50)) - Transaction added: c2c40a72-a699-49b1-b721-1997d9d2c71f <- TX(55)
2021-08-15 14:03:32,077 [SCMBlockDeletingService#0] DEBUG block.SCMBlockDeletingService (DatanodeDeletedBlockTransactions.java:addTransactionToDN(50)) - Transaction added: 0475d2c2-d46f-403e-95a5-8ff1a5c32338 <- TX(56)
2021-08-15 14:03:32,077 [SCMBlockDeletingService#0] DEBUG block.SCMBlockDeletingService (DatanodeDeletedBlockTransactions.java:addTransactionToDN(50)) - Transaction added: c2c40a72-a699-49b1-b721-1997d9d2c71f <- TX(56)
2021-08-15 14:03:32,077 [SCMBlockDeletingService#0] DEBUG block.SCMBlockDeletingService (SCMBlockDeletingService.java:call(164)) - Added delete block command for datanode c2c40a72-a699-49b1-b721-1997d9d2c71f in the queue, number of delete block transactions: 30
2021-08-15 14:03:32,077 [SCMBlockDeletingService#0] DEBUG block.SCMBlockDeletingService (SCMBlockDeletingService.java:call(164)) - Added delete block command for datanode 0475d2c2-d46f-403e-95a5-8ff1a5c32338 in the queue, number of delete block transactions: 29
2021-08-15 14:03:32,077 [SCMBlockDeletingService#0] INFO  block.SCMBlockDeletingService (SCMBlockDeletingService.java:call(174)) - Totally added 59 blocks to be deleted for 2 datanodes, task elapsed time: 2ms
2021-08-15 14:03:32,175 [SCMBlockDeletingService#0] DEBUG block.SCMBlockDeletingService (SCMBlockDeletingService.java:call(133)) - Running DeletedBlockTransactionScanner
2021-08-15 14:03:32,175 [SCMBlockDeletingService#0] DEBUG block.SCMBlockDeletingService (DatanodeDeletedBlockTransactions.java:addTransactionToDN(50)) - Transaction added: c2c40a72-a699-49b1-b721-1997d9d2c71f <- TX(27)
2021-08-15 14:03:32,175 [SCMBlockDeletingService#0] DEBUG block.SCMBlockDeletingService (DatanodeDeletedBlockTransactions.java:addTransactionToDN(50)) - Transaction added: c2c40a72-a699-49b1-b721-1997d9d2c71f <- TX(28)
2021-08-15 14:03:32,175 [SCMBlockDeletingService#0] DEBUG block.SCMBlockDeletingService (DatanodeDeletedBlockTransactions.java:addTransactionToDN(50)) - Transaction added: 0475d2c2-d46f-403e-95a5-8ff1a5c32338 <- TX(28)
2021-08-15 14:03:32,175 [SCMBlockDeletingService#0] DEBUG block.SCMBlockDeletingService (DatanodeDeletedBlockTransactions.java:addTransactionToDN(50)) - Transaction added: c2c40a72-a699-49b1-b721-1997d9d2c71f <- TX(29)
2021-08-15 14:03:32,175 [SCMBlockDeletingService#0] DEBUG block.SCMBlockDeletingService (DatanodeDeletedBlockTransactions.java:addTransactionToDN(50)) - Transaction added: 0475d2c2-d46f-403e-95a5-8ff1a5c32338 <- TX(29)
2021-08-15 14:03:32,175 [SCMBlockDeletingService#0] DEBUG block.SCMBlockDeletingService (DatanodeDeletedBlockTransactions.java:addTransactionToDN(50)) - Transaction added: 0475d2c2-d46f-403e-95a5-8ff1a5c32338 <- TX(30)
2021-08-15 14:03:32,175 [SCMBlockDeletingService#0] DEBUG block.SCMBlockDeletingService (DatanodeDeletedBlockTransactions.java:addTransactionToDN(50)) - Transaction added: c2c40a72-a699-49b1-b721-1997d9d2c71f <- TX(30)
2021-08-15 14:03:32,175 [SCMBlockDeletingService#0] DEBUG block.SCMBlockDeletingService (DatanodeDeletedBlockTransactions.java:addTransactionToDN(50)) - Transaction added: c2c40a72-a699-49b1-b721-1997d9d2c71f <- TX(31)
2021-08-15 14:03:32,175 [SCMBlockDeletingService#0] DEBUG block.SCMBlockDeletingService (DatanodeDeletedBlockTransactions.java:addTransactionToDN(50)) - Transaction added: 0475d2c2-d46f-403e-95a5-8ff1a5c32338 <- TX(31)
2021-08-15 14:03:32,175 [SCMBlockDeletingService#0] DEBUG block.SCMBlockDeletingService (DatanodeDeletedBlockTransactions.java:addTransactionToDN(50)) - Transaction added: 0475d2c2-d46f-403e-95a5-8ff1a5c32338 <- TX(32)
2021-08-15 14:03:32,175 [SCMBlockDeletingService#0] DEBUG block.SCMBlockDeletingService (DatanodeDeletedBlockTransactions.java:addTransactionToDN(50)) - Transaction added: c2c40a72-a699-49b1-b721-1997d9d2c71f <- TX(32)
2021-08-15 14:03:32,175 [SCMBlockDeletingService#0] DEBUG block.SCMBlockDeletingService (DatanodeDeletedBlockTransactions.java:addTransactionToDN(50)) - Transaction added: 0475d2c2-d46f-403e-95a5-8ff1a5c32338 <- TX(33)
2021-08-15 14:03:32,175 [SCMBlockDeletingService#0] DEBUG block.SCMBlockDeletingService (DatanodeDeletedBlockTransactions.java:addTransactionToDN(50)) - Transaction added: c2c40a72-a699-49b1-b721-1997d9d2c71f <- TX(33)
2021-08-15 14:03:32,175 [SCMBlockDeletingService#0] DEBUG block.SCMBlockDeletingService (DatanodeDeletedBlockTransactions.java:addTransactionToDN(50)) - Transaction added: 0475d2c2-d46f-403e-95a5-8ff1a5c32338 <- TX(34)
2021-08-15 14:03:32,175 [SCMBlockDeletingService#0] DEBUG block.SCMBlockDeletingService (DatanodeDeletedBlockTransactions.java:addTransactionToDN(50)) - Transaction added: c2c40a72-a699-49b1-b721-1997d9d2c71f <- TX(34)
2021-08-15 14:03:32,175 [SCMBlockDeletingService#0] DEBUG block.SCMBlockDeletingService (DatanodeDeletedBlockTransactions.java:addTransactionToDN(50)) - Transaction added: 0475d2c2-d46f-403e-95a5-8ff1a5c32338 <- TX(35)
2021-08-15 14:03:32,175 [SCMBlockDeletingService#0] DEBUG block.SCMBlockDeletingService (DatanodeDeletedBlockTransactions.java:addTransactionToDN(50)) - Transaction added: c2c40a72-a699-49b1-b721-1997d9d2c71f <- TX(35)
2021-08-15 14:03:32,175 [SCMBlockDeletingService#0] DEBUG block.SCMBlockDeletingService (DatanodeDeletedBlockTransactions.java:addTransactionToDN(50)) - Transaction added: c2c40a72-a699-49b1-b721-1997d9d2c71f <- TX(36)
2021-08-15 14:03:32,175 [SCMBlockDeletingService#0] DEBUG block.SCMBlockDeletingService (DatanodeDeletedBlockTransactions.java:addTransactionToDN(50)) - Transaction added: 0475d2c2-d46f-403e-95a5-8ff1a5c32338 <- TX(36)
2021-08-15 14:03:32,175 [SCMBlockDeletingService#0] DEBUG block.SCMBlockDeletingService (DatanodeDeletedBlockTransactions.java:addTransactionToDN(50)) - Transaction added: c2c40a72-a699-49b1-b721-1997d9d2c71f <- TX(37)
2021-08-15 14:03:32,175 [SCMBlockDeletingService#0] DEBUG block.SCMBlockDeletingService (DatanodeDeletedBlockTransactions.java:addTransactionToDN(50)) - Transaction added: 0475d2c2-d46f-403e-95a5-8ff1a5c32338 <- TX(37)
2021-08-15 14:03:32,175 [SCMBlockDeletingService#0] DEBUG block.SCMBlockDeletingService (DatanodeDeletedBlockTransactions.java:addTransactionToDN(50)) - Transaction added: c2c40a72-a699-49b1-b721-1997d9d2c71f <- TX(38)
2021-08-15 14:03:32,175 [SCMBlockDeletingService#0] DEBUG block.SCMBlockDeletingService (DatanodeDeletedBlockTransactions.java:addTransactionToDN(50)) - Transaction added: 0475d2c2-d46f-403e-95a5-8ff1a5c32338 <- TX(38)
2021-08-15 14:03:32,176 [SCMBlockDeletingService#0] DEBUG block.SCMBlockDeletingService (DatanodeDeletedBlockTransactions.java:addTransactionToDN(50)) - Transaction added: 0475d2c2-d46f-403e-95a5-8ff1a5c32338 <- TX(39)
2021-08-15 14:03:32,176 [SCMBlockDeletingService#0] DEBUG block.SCMBlockDeletingService (DatanodeDeletedBlockTransactions.java:addTransactionToDN(50)) - Transaction added: c2c40a72-a699-49b1-b721-1997d9d2c71f <- TX(39)
2021-08-15 14:03:32,176 [SCMBlockDeletingService#0] DEBUG block.SCMBlockDeletingService (DatanodeDeletedBlockTransactions.java:addTransactionToDN(50)) - Transaction added: 0475d2c2-d46f-403e-95a5-8ff1a5c32338 <- TX(40)
2021-08-15 14:03:32,176 [SCMBlockDeletingService#0] DEBUG block.SCMBlockDeletingService (DatanodeDeletedBlockTransactions.java:addTransactionToDN(50)) - Transaction added: c2c40a72-a699-49b1-b721-1997d9d2c71f <- TX(40)
2021-08-15 14:03:32,176 [SCMBlockDeletingService#0] DEBUG block.SCMBlockDeletingService (DatanodeDeletedBlockTransactions.java:addTransactionToDN(50)) - Transaction added: 0475d2c2-d46f-403e-95a5-8ff1a5c32338 <- TX(41)
2021-08-15 14:03:32,176 [SCMBlockDeletingService#0] DEBUG block.SCMBlockDeletingService (DatanodeDeletedBlockTransactions.java:addTransactionToDN(50)) - Transaction added: c2c40a72-a699-49b1-b721-1997d9d2c71f <- TX(41)
2021-08-15 14:03:32,176 [SCMBlockDeletingService#0] DEBUG block.SCMBlockDeletingService (DatanodeDeletedBlockTransactions.java:addTransactionToDN(50)) - Transaction added: 0475d2c2-d46f-403e-95a5-8ff1a5c32338 <- TX(42)
2021-08-15 14:03:32,176 [SCMBlockDeletingService#0] DEBUG block.SCMBlockDeletingService (DatanodeDeletedBlockTransactions.java:addTransactionToDN(50)) - Transaction added: c2c40a72-a699-49b1-b721-1997d9d2c71f <- TX(42)
2021-08-15 14:03:32,176 [SCMBlockDeletingService#0] DEBUG block.SCMBlockDeletingService (DatanodeDeletedBlockTransactions.java:addTransactionToDN(50)) - Transaction added: 0475d2c2-d46f-403e-95a5-8ff1a5c32338 <- TX(43)
2021-08-15 14:03:32,176 [SCMBlockDeletingService#0] DEBUG block.SCMBlockDeletingService (DatanodeDeletedBlockTransactions.java:addTransactionToDN(50)) - Transaction added: c2c40a72-a699-49b1-b721-1997d9d2c71f <- TX(43)
2021-08-15 14:03:32,176 [SCMBlockDeletingService#0] DEBUG block.SCMBlockDeletingService (DatanodeDeletedBlockTransactions.java:addTransactionToDN(50)) - Transaction added: c2c40a72-a699-49b1-b721-1997d9d2c71f <- TX(44)
2021-08-15 14:03:32,176 [SCMBlockDeletingService#0] DEBUG block.SCMBlockDeletingService (DatanodeDeletedBlockTransactions.java:addTransactionToDN(50)) - Transaction added: 0475d2c2-d46f-403e-95a5-8ff1a5c32338 <- TX(44)
2021-08-15 14:03:32,176 [SCMBlockDeletingService#0] DEBUG block.SCMBlockDeletingService (DatanodeDeletedBlockTransactions.java:addTransactionToDN(50)) - Transaction added: c2c40a72-a699-49b1-b721-1997d9d2c71f <- TX(45)
2021-08-15 14:03:32,176 [SCMBlockDeletingService#0] DEBUG block.SCMBlockDeletingService (DatanodeDeletedBlockTransactions.java:addTransactionToDN(50)) - Transaction added: 0475d2c2-d46f-403e-95a5-8ff1a5c32338 <- TX(45)
2021-08-15 14:03:32,176 [SCMBlockDeletingService#0] DEBUG block.SCMBlockDeletingService (DatanodeDeletedBlockTransactions.java:addTransactionToDN(50)) - Transaction added: 0475d2c2-d46f-403e-95a5-8ff1a5c32338 <- TX(46)
2021-08-15 14:03:32,176 [SCMBlockDeletingService#0] DEBUG block.SCMBlockDeletingService (DatanodeDeletedBlockTransactions.java:addTransactionToDN(50)) - Transaction added: c2c40a72-a699-49b1-b721-1997d9d2c71f <- TX(46)
2021-08-15 14:03:32,176 [SCMBlockDeletingService#0] DEBUG block.SCMBlockDeletingService (DatanodeDeletedBlockTransactions.java:addTransactionToDN(50)) - Transaction added: c2c40a72-a699-49b1-b721-1997d9d2c71f <- TX(47)
2021-08-15 14:03:32,176 [SCMBlockDeletingService#0] DEBUG block.SCMBlockDeletingService (DatanodeDeletedBlockTransactions.java:addTransactionToDN(50)) - Transaction added: 0475d2c2-d46f-403e-95a5-8ff1a5c32338 <- TX(47)
2021-08-15 14:03:32,176 [SCMBlockDeletingService#0] DEBUG block.SCMBlockDeletingService (DatanodeDeletedBlockTransactions.java:addTransactionToDN(50)) - Transaction added: 0475d2c2-d46f-403e-95a5-8ff1a5c32338 <- TX(48)
2021-08-15 14:03:32,176 [SCMBlockDeletingService#0] DEBUG block.SCMBlockDeletingService (DatanodeDeletedBlockTransactions.java:addTransactionToDN(50)) - Transaction added: c2c40a72-a699-49b1-b721-1997d9d2c71f <- TX(48)
2021-08-15 14:03:32,176 [SCMBlockDeletingService#0] DEBUG block.SCMBlockDeletingService (DatanodeDeletedBlockTransactions.java:addTransactionToDN(50)) - Transaction added: 0475d2c2-d46f-403e-95a5-8ff1a5c32338 <- TX(49)
2021-08-15 14:03:32,176 [SCMBlockDeletingService#0] DEBUG block.SCMBlockDeletingService (DatanodeDeletedBlockTransactions.java:addTransactionToDN(50)) - Transaction added: c2c40a72-a699-49b1-b721-1997d9d2c71f <- TX(49)
2021-08-15 14:03:32,176 [SCMBlockDeletingService#0] DEBUG block.SCMBlockDeletingService (DatanodeDeletedBlockTransactions.java:addTransactionToDN(50)) - Transaction added: 0475d2c2-d46f-403e-95a5-8ff1a5c32338 <- TX(50)
2021-08-15 14:03:32,176 [SCMBlockDeletingService#0] DEBUG block.SCMBlockDeletingService (DatanodeDeletedBlockTransactions.java:addTransactionToDN(50)) - Transaction added: c2c40a72-a699-49b1-b721-1997d9d2c71f <- TX(50)
2021-08-15 14:03:32,176 [SCMBlockDeletingService#0] DEBUG block.SCMBlockDeletingService (DatanodeDeletedBlockTransactions.java:addTransactionToDN(50)) - Transaction added: 0475d2c2-d46f-403e-95a5-8ff1a5c32338 <- TX(51)
2021-08-15 14:03:32,176 [SCMBlockDeletingService#0] DEBUG block.SCMBlockDeletingService (DatanodeDeletedBlockTransactions.java:addTransactionToDN(50)) - Transaction added: c2c40a72-a699-49b1-b721-1997d9d2c71f <- TX(51)
2021-08-15 14:03:32,176 [SCMBlockDeletingService#0] DEBUG block.SCMBlockDeletingService (DatanodeDeletedBlockTransactions.java:addTransactionToDN(50)) - Transaction added: c2c40a72-a699-49b1-b721-1997d9d2c71f <- TX(52)
2021-08-15 14:03:32,176 [SCMBlockDeletingService#0] DEBUG block.SCMBlockDeletingService (DatanodeDeletedBlockTransactions.java:addTransactionToDN(50)) - Transaction added: 0475d2c2-d46f-403e-95a5-8ff1a5c32338 <- TX(52)
2021-08-15 14:03:32,176 [SCMBlockDeletingService#0] DEBUG block.SCMBlockDeletingService (DatanodeDeletedBlockTransactions.java:addTransactionToDN(50)) - Transaction added: c2c40a72-a699-49b1-b721-1997d9d2c71f <- TX(53)
2021-08-15 14:03:32,176 [SCMBlockDeletingService#0] DEBUG block.SCMBlockDeletingService (DatanodeDeletedBlockTransactions.java:addTransactionToDN(50)) - Transaction added: 0475d2c2-d46f-403e-95a5-8ff1a5c32338 <- TX(53)
2021-08-15 14:03:32,176 [SCMBlockDeletingService#0] DEBUG block.SCMBlockDeletingService (DatanodeDeletedBlockTransactions.java:addTransactionToDN(50)) - Transaction added: c2c40a72-a699-49b1-b721-1997d9d2c71f <- TX(54)
2021-08-15 14:03:32,176 [SCMBlockDeletingService#0] DEBUG block.SCMBlockDeletingService (DatanodeDeletedBlockTransactions.java:addTransactionToDN(50)) - Transaction added: 0475d2c2-d46f-403e-95a5-8ff1a5c32338 <- TX(54)
2021-08-15 14:03:32,176 [SCMBlockDeletingService#0] DEBUG block.SCMBlockDeletingService (DatanodeDeletedBlockTransactions.java:addTransactionToDN(50)) - Transaction added: 0475d2c2-d46f-403e-95a5-8ff1a5c32338 <- TX(55)
2021-08-15 14:03:32,176 [SCMBlockDeletingService#0] DEBUG block.SCMBlockDeletingService (DatanodeDeletedBlockTransactions.java:addTransactionToDN(50)) - Transaction added: c2c40a72-a699-49b1-b721-1997d9d2c71f <- TX(55)
2021-08-15 14:03:32,176 [SCMBlockDeletingService#0] DEBUG block.SCMBlockDeletingService (DatanodeDeletedBlockTransactions.java:addTransactionToDN(50)) - Transaction added: 0475d2c2-d46f-403e-95a5-8ff1a5c32338 <- TX(56)
2021-08-15 14:03:32,176 [SCMBlockDeletingService#0] DEBUG block.SCMBlockDeletingService (DatanodeDeletedBlockTransactions.java:addTransactionToDN(50)) - Transaction added: c2c40a72-a699-49b1-b721-1997d9d2c71f <- TX(56)
2021-08-15 14:03:32,176 [SCMBlockDeletingService#0] DEBUG block.SCMBlockDeletingService (SCMBlockDeletingService.java:call(164)) - Added delete block command for datanode c2c40a72-a699-49b1-b721-1997d9d2c71f in the queue, number of delete block transactions: 30
2021-08-15 14:03:32,177 [SCMBlockDeletingService#0] DEBUG block.SCMBlockDeletingService (SCMBlockDeletingService.java:call(164)) - Added delete block command for datanode 0475d2c2-d46f-403e-95a5-8ff1a5c32338 in the queue, number of delete block transactions: 29
2021-08-15 14:03:32,177 [SCMBlockDeletingService#0] INFO  block.SCMBlockDeletingService (SCMBlockDeletingService.java:call(174)) - Totally added 59 blocks to be deleted for 2 datanodes, task elapsed time: 2ms
2021-08-15 14:03:32,276 [SCMBlockDeletingService#0] DEBUG block.SCMBlockDeletingService (SCMBlockDeletingService.java:call(133)) - Running DeletedBlockTransactionScanner
2021-08-15 14:03:32,276 [SCMBlockDeletingService#0] DEBUG block.SCMBlockDeletingService (DatanodeDeletedBlockTransactions.java:addTransactionToDN(50)) - Transaction added: c2c40a72-a699-49b1-b721-1997d9d2c71f <- TX(27)
2021-08-15 14:03:32,276 [SCMBlockDeletingService#0] DEBUG block.SCMBlockDeletingService (DatanodeDeletedBlockTransactions.java:addTransactionToDN(50)) - Transaction added: c2c40a72-a699-49b1-b721-1997d9d2c71f <- TX(28)
2021-08-15 14:03:32,276 [SCMBlockDeletingService#0] DEBUG block.SCMBlockDeletingService (DatanodeDeletedBlockTransactions.java:addTransactionToDN(50)) - Transaction added: 0475d2c2-d46f-403e-95a5-8ff1a5c32338 <- TX(28)
2021-08-15 14:03:32,276 [SCMBlockDeletingService#0] DEBUG block.SCMBlockDeletingService (DatanodeDeletedBlockTransactions.java:addTransactionToDN(50)) - Transaction added: c2c40a72-a699-49b1-b721-1997d9d2c71f <- TX(29)
2021-08-15 14:03:32,276 [SCMBlockDeletingService#0] DEBUG block.SCMBlockDeletingService (DatanodeDeletedBlockTransactions.java:addTransactionToDN(50)) - Transaction added: 0475d2c2-d46f-403e-95a5-8ff1a5c32338 <- TX(29)
2021-08-15 14:03:32,276 [SCMBlockDeletingService#0] DEBUG block.SCMBlockDeletingService (DatanodeDeletedBlockTransactions.java:addTransactionToDN(50)) - Transaction added: 0475d2c2-d46f-403e-95a5-8ff1a5c32338 <- TX(30)
2021-08-15 14:03:32,276 [SCMBlockDeletingService#0] DEBUG block.SCMBlockDeletingService (DatanodeDeletedBlockTransactions.java:addTransactionToDN(50)) - Transaction added: c2c40a72-a699-49b1-b721-1997d9d2c71f <- TX(30)
2021-08-15 14:03:32,276 [SCMBlockDeletingService#0] DEBUG block.SCMBlockDeletingService (DatanodeDeletedBlockTransactions.java:addTransactionToDN(50)) - Transaction added: c2c40a72-a699-49b1-b721-1997d9d2c71f <- TX(31)
2021-08-15 14:03:32,276 [SCMBlockDeletingService#0] DEBUG block.SCMBlockDeletingService (DatanodeDeletedBlockTransactions.java:addTransactionToDN(50)) - Transaction added: 0475d2c2-d46f-403e-95a5-8ff1a5c32338 <- TX(31)
2021-08-15 14:03:32,276 [SCMBlockDeletingService#0] DEBUG block.SCMBlockDeletingService (DatanodeDeletedBlockTransactions.java:addTransactionToDN(50)) - Transaction added: 0475d2c2-d46f-403e-95a5-8ff1a5c32338 <- TX(32)
2021-08-15 14:03:32,276 [SCMBlockDeletingService#0] DEBUG block.SCMBlockDeletingService (DatanodeDeletedBlockTransactions.java:addTransactionToDN(50)) - Transaction added: c2c40a72-a699-49b1-b721-1997d9d2c71f <- TX(32)
2021-08-15 14:03:32,276 [SCMBlockDeletingService#0] DEBUG block.SCMBlockDeletingService (DatanodeDeletedBlockTransactions.java:addTransactionToDN(50)) - Transaction added: 0475d2c2-d46f-403e-95a5-8ff1a5c32338 <- TX(33)
2021-08-15 14:03:32,276 [SCMBlockDeletingService#0] DEBUG block.SCMBlockDeletingService (DatanodeDeletedBlockTransactions.java:addTransactionToDN(50)) - Transaction added: c2c40a72-a699-49b1-b721-1997d9d2c71f <- TX(33)
2021-08-15 14:03:32,276 [SCMBlockDeletingService#0] DEBUG block.SCMBlockDeletingService (DatanodeDeletedBlockTransactions.java:addTransactionToDN(50)) - Transaction added: 0475d2c2-d46f-403e-95a5-8ff1a5c32338 <- TX(34)
2021-08-15 14:03:32,276 [SCMBlockDeletingService#0] DEBUG block.SCMBlockDeletingService (DatanodeDeletedBlockTransactions.java:addTransactionToDN(50)) - Transaction added: c2c40a72-a699-49b1-b721-1997d9d2c71f <- TX(34)
2021-08-15 14:03:32,276 [SCMBlockDeletingService#0] DEBUG block.SCMBlockDeletingService (DatanodeDeletedBlockTransactions.java:addTransactionToDN(50)) - Transaction added: 0475d2c2-d46f-403e-95a5-8ff1a5c32338 <- TX(35)
2021-08-15 14:03:32,276 [SCMBlockDeletingService#0] DEBUG block.SCMBlockDeletingService (DatanodeDeletedBlockTransactions.java:addTransactionToDN(50)) - Transaction added: c2c40a72-a699-49b1-b721-1997d9d2c71f <- TX(35)
2021-08-15 14:03:32,276 [SCMBlockDeletingService#0] DEBUG block.SCMBlockDeletingService (DatanodeDeletedBlockTransactions.java:addTransactionToDN(50)) - Transaction added: c2c40a72-a699-49b1-b721-1997d9d2c71f <- TX(36)
2021-08-15 14:03:32,276 [SCMBlockDeletingService#0] DEBUG block.SCMBlockDeletingService (DatanodeDeletedBlockTransactions.java:addTransactionToDN(50)) - Transaction added: 0475d2c2-d46f-403e-95a5-8ff1a5c32338 <- TX(36)
2021-08-15 14:03:32,276 [SCMBlockDeletingService#0] DEBUG block.SCMBlockDeletingService (DatanodeDeletedBlockTransactions.java:addTransactionToDN(50)) - Transaction added: c2c40a72-a699-49b1-b721-1997d9d2c71f <- TX(37)
2021-08-15 14:03:32,276 [SCMBlockDeletingService#0] DEBUG block.SCMBlockDeletingService (DatanodeDeletedBlockTransactions.java:addTransactionToDN(50)) - Transaction added: 0475d2c2-d46f-403e-95a5-8ff1a5c32338 <- TX(37)
2021-08-15 14:03:32,276 [SCMBlockDeletingService#0] DEBUG block.SCMBlockDeletingService (DatanodeDeletedBlockTransactions.java:addTransactionToDN(50)) - Transaction added: c2c40a72-a699-49b1-b721-1997d9d2c71f <- TX(38)
2021-08-15 14:03:32,276 [SCMBlockDeletingService#0] DEBUG block.SCMBlockDeletingService (DatanodeDeletedBlockTransactions.java:addTransactionToDN(50)) - Transaction added: 0475d2c2-d46f-403e-95a5-8ff1a5c32338 <- TX(38)
2021-08-15 14:03:32,276 [SCMBlockDeletingService#0] DEBUG block.SCMBlockDeletingService (DatanodeDeletedBlockTransactions.java:addTransactionToDN(50)) - Transaction added: 0475d2c2-d46f-403e-95a5-8ff1a5c32338 <- TX(39)
2021-08-15 14:03:32,277 [SCMBlockDeletingService#0] DEBUG block.SCMBlockDeletingService (DatanodeDeletedBlockTransactions.java:addTransactionToDN(50)) - Transaction added: c2c40a72-a699-49b1-b721-1997d9d2c71f <- TX(39)
2021-08-15 14:03:32,277 [SCMBlockDeletingService#0] DEBUG block.SCMBlockDeletingService (DatanodeDeletedBlockTransactions.java:addTransactionToDN(50)) - Transaction added: 0475d2c2-d46f-403e-95a5-8ff1a5c32338 <- TX(40)
2021-08-15 14:03:32,277 [SCMBlockDeletingService#0] DEBUG block.SCMBlockDeletingService (DatanodeDeletedBlockTransactions.java:addTransactionToDN(50)) - Transaction added: c2c40a72-a699-49b1-b721-1997d9d2c71f <- TX(40)
2021-08-15 14:03:32,277 [SCMBlockDeletingService#0] DEBUG block.SCMBlockDeletingService (DatanodeDeletedBlockTransactions.java:addTransactionToDN(50)) - Transaction added: 0475d2c2-d46f-403e-95a5-8ff1a5c32338 <- TX(41)
2021-08-15 14:03:32,277 [SCMBlockDeletingService#0] DEBUG block.SCMBlockDeletingService (DatanodeDeletedBlockTransactions.java:addTransactionToDN(50)) - Transaction added: c2c40a72-a699-49b1-b721-1997d9d2c71f <- TX(41)
2021-08-15 14:03:32,277 [SCMBlockDeletingService#0] DEBUG block.SCMBlockDeletingService (DatanodeDeletedBlockTransactions.java:addTransactionToDN(50)) - Transaction added: 0475d2c2-d46f-403e-95a5-8ff1a5c32338 <- TX(42)
2021-08-15 14:03:32,277 [SCMBlockDeletingService#0] DEBUG block.SCMBlockDeletingService (DatanodeDeletedBlockTransactions.java:addTransactionToDN(50)) - Transaction added: c2c40a72-a699-49b1-b721-1997d9d2c71f <- TX(42)
2021-08-15 14:03:32,277 [SCMBlockDeletingService#0] DEBUG block.SCMBlockDeletingService (DatanodeDeletedBlockTransactions.java:addTransactionToDN(50)) - Transaction added: 0475d2c2-d46f-403e-95a5-8ff1a5c32338 <- TX(43)
2021-08-15 14:03:32,277 [SCMBlockDeletingService#0] DEBUG block.SCMBlockDeletingService (DatanodeDeletedBlockTransactions.java:addTransactionToDN(50)) - Transaction added: c2c40a72-a699-49b1-b721-1997d9d2c71f <- TX(43)
2021-08-15 14:03:32,277 [SCMBlockDeletingService#0] DEBUG block.SCMBlockDeletingService (DatanodeDeletedBlockTransactions.java:addTransactionToDN(50)) - Transaction added: c2c40a72-a699-49b1-b721-1997d9d2c71f <- TX(44)
2021-08-15 14:03:32,277 [SCMBlockDeletingService#0] DEBUG block.SCMBlockDeletingService (DatanodeDeletedBlockTransactions.java:addTransactionToDN(50)) - Transaction added: 0475d2c2-d46f-403e-95a5-8ff1a5c32338 <- TX(44)
2021-08-15 14:03:32,277 [SCMBlockDeletingService#0] DEBUG block.SCMBlockDeletingService (DatanodeDeletedBlockTransactions.java:addTransactionToDN(50)) - Transaction added: c2c40a72-a699-49b1-b721-1997d9d2c71f <- TX(45)
2021-08-15 14:03:32,277 [SCMBlockDeletingService#0] DEBUG block.SCMBlockDeletingService (DatanodeDeletedBlockTransactions.java:addTransactionToDN(50)) - Transaction added: 0475d2c2-d46f-403e-95a5-8ff1a5c32338 <- TX(45)
2021-08-15 14:03:32,277 [SCMBlockDeletingService#0] DEBUG block.SCMBlockDeletingService (DatanodeDeletedBlockTransactions.java:addTransactionToDN(50)) - Transaction added: 0475d2c2-d46f-403e-95a5-8ff1a5c32338 <- TX(46)
2021-08-15 14:03:32,277 [SCMBlockDeletingService#0] DEBUG block.SCMBlockDeletingService (DatanodeDeletedBlockTransactions.java:addTransactionToDN(50)) - Transaction added: c2c40a72-a699-49b1-b721-1997d9d2c71f <- TX(46)
2021-08-15 14:03:32,277 [SCMBlockDeletingService#0] DEBUG block.SCMBlockDeletingService (DatanodeDeletedBlockTransactions.java:addTransactionToDN(50)) - Transaction added: c2c40a72-a699-49b1-b721-1997d9d2c71f <- TX(47)
2021-08-15 14:03:32,277 [SCMBlockDeletingService#0] DEBUG block.SCMBlockDeletingService (DatanodeDeletedBlockTransactions.java:addTransactionToDN(50)) - Transaction added: 0475d2c2-d46f-403e-95a5-8ff1a5c32338 <- TX(47)
2021-08-15 14:03:32,277 [SCMBlockDeletingService#0] DEBUG block.SCMBlockDeletingService (DatanodeDeletedBlockTransactions.java:addTransactionToDN(50)) - Transaction added: 0475d2c2-d46f-403e-95a5-8ff1a5c32338 <- TX(48)
2021-08-15 14:03:32,277 [SCMBlockDeletingService#0] DEBUG block.SCMBlockDeletingService (DatanodeDeletedBlockTransactions.java:addTransactionToDN(50)) - Transaction added: c2c40a72-a699-49b1-b721-1997d9d2c71f <- TX(48)
2021-08-15 14:03:32,277 [SCMBlockDeletingService#0] DEBUG block.SCMBlockDeletingService (DatanodeDeletedBlockTransactions.java:addTransactionToDN(50)) - Transaction added: 0475d2c2-d46f-403e-95a5-8ff1a5c32338 <- TX(49)
2021-08-15 14:03:32,277 [SCMBlockDeletingService#0] DEBUG block.SCMBlockDeletingService (DatanodeDeletedBlockTransactions.java:addTransactionToDN(50)) - Transaction added: c2c40a72-a699-49b1-b721-1997d9d2c71f <- TX(49)
2021-08-15 14:03:32,277 [SCMBlockDeletingService#0] DEBUG block.SCMBlockDeletingService (DatanodeDeletedBlockTransactions.java:addTransactionToDN(50)) - Transaction added: 0475d2c2-d46f-403e-95a5-8ff1a5c32338 <- TX(50)
2021-08-15 14:03:32,277 [SCMBlockDeletingService#0] DEBUG block.SCMBlockDeletingService (DatanodeDeletedBlockTransactions.java:addTransactionToDN(50)) - Transaction added: c2c40a72-a699-49b1-b721-1997d9d2c71f <- TX(50)
2021-08-15 14:03:32,277 [SCMBlockDeletingService#0] DEBUG block.SCMBlockDeletingService (DatanodeDeletedBlockTransactions.java:addTransactionToDN(50)) - Transaction added: 0475d2c2-d46f-403e-95a5-8ff1a5c32338 <- TX(51)
2021-08-15 14:03:32,277 [SCMBlockDeletingService#0] DEBUG block.SCMBlockDeletingService (DatanodeDeletedBlockTransactions.java:addTransactionToDN(50)) - Transaction added: c2c40a72-a699-49b1-b721-1997d9d2c71f <- TX(51)
2021-08-15 14:03:32,277 [SCMBlockDeletingService#0] DEBUG block.SCMBlockDeletingService (DatanodeDeletedBlockTransactions.java:addTransactionToDN(50)) - Transaction added: c2c40a72-a699-49b1-b721-1997d9d2c71f <- TX(52)
2021-08-15 14:03:32,277 [SCMBlockDeletingService#0] DEBUG block.SCMBlockDeletingService (DatanodeDeletedBlockTransactions.java:addTransactionToDN(50)) - Transaction added: 0475d2c2-d46f-403e-95a5-8ff1a5c32338 <- TX(52)
2021-08-15 14:03:32,277 [SCMBlockDeletingService#0] DEBUG block.SCMBlockDeletingService (DatanodeDeletedBlockTransactions.java:addTransactionToDN(50)) - Transaction added: c2c40a72-a699-49b1-b721-1997d9d2c71f <- TX(53)
2021-08-15 14:03:32,277 [SCMBlockDeletingService#0] DEBUG block.SCMBlockDeletingService (DatanodeDeletedBlockTransactions.java:addTransactionToDN(50)) - Transaction added: 0475d2c2-d46f-403e-95a5-8ff1a5c32338 <- TX(53)
2021-08-15 14:03:32,277 [SCMBlockDeletingService#0] DEBUG block.SCMBlockDeletingService (DatanodeDeletedBlockTransactions.java:addTransactionToDN(50)) - Transaction added: c2c40a72-a699-49b1-b721-1997d9d2c71f <- TX(54)
2021-08-15 14:03:32,277 [SCMBlockDeletingService#0] DEBUG block.SCMBlockDeletingService (DatanodeDeletedBlockTransactions.java:addTransactionToDN(50)) - Transaction added: 0475d2c2-d46f-403e-95a5-8ff1a5c32338 <- TX(54)
2021-08-15 14:03:32,277 [SCMBlockDeletingService#0] DEBUG block.SCMBlockDeletingService (DatanodeDeletedBlockTransactions.java:addTransactionToDN(50)) - Transaction added: 0475d2c2-d46f-403e-95a5-8ff1a5c32338 <- TX(55)
2021-08-15 14:03:32,277 [SCMBlockDeletingService#0] DEBUG block.SCMBlockDeletingService (DatanodeDeletedBlockTransactions.java:addTransactionToDN(50)) - Transaction added: c2c40a72-a699-49b1-b721-1997d9d2c71f <- TX(55)
2021-08-15 14:03:32,277 [SCMBlockDeletingService#0] DEBUG block.SCMBlockDeletingService (DatanodeDeletedBlockTransactions.java:addTransactionToDN(50)) - Transaction added: 0475d2c2-d46f-403e-95a5-8ff1a5c32338 <- TX(56)
2021-08-15 14:03:32,277 [SCMBlockDeletingService#0] DEBUG block.SCMBlockDeletingService (DatanodeDeletedBlockTransactions.java:addTransactionToDN(50)) - Transaction added: c2c40a72-a699-49b1-b721-1997d9d2c71f <- TX(56)
2021-08-15 14:03:32,277 [SCMBlockDeletingService#0] DEBUG block.SCMBlockDeletingService (SCMBlockDeletingService.java:call(164)) - Added delete block command for datanode c2c40a72-a699-49b1-b721-1997d9d2c71f in the queue, number of delete block transactions: 30
2021-08-15 14:03:32,277 [SCMBlockDeletingService#0] DEBUG block.SCMBlockDeletingService (SCMBlockDeletingService.java:call(164)) - Added delete block command for datanode 0475d2c2-d46f-403e-95a5-8ff1a5c32338 in the queue, number of delete block transactions: 29
2021-08-15 14:03:32,278 [SCMBlockDeletingService#0] INFO  block.SCMBlockDeletingService (SCMBlockDeletingService.java:call(174)) - Totally added 59 blocks to be deleted for 2 datanodes, task elapsed time: 2ms
2021-08-15 14:03:32,291 [org.apache.hadoop.ozone.container.common.statemachine.commandhandler.DeleteBlocksCommandHandler$DeleteCmdWorker@7a932c03] INFO  commandhandler.DeleteBlocksCommandHandler (DeleteBlocksCommandHandler.java:processCmd(261)) - Start to delete container blocks, TXIDs=[1(0),2(0),3(0),4(0),5(0),6(0),7(0),8(0),9(0),10(0),11(0),12(0),13(0),14(0),15(0),16(0),17(0),18(0),19(0),20(0),21(0),22(0),23(0),24(0),25(0),26(0),27(0)], numOfContainers=27, numOfBlocks=27
2021-08-15 14:03:32,292 [org.apache.hadoop.ozone.container.common.statemachine.commandhandler.DeleteBlocksCommandHandler$DeleteCmdWorker@7a932c03] INFO  commandhandler.DeleteBlocksCommandHandler (DeleteBlocksCommandHandler.java:processCmd(261)) - Start to delete container blocks, TXIDs=[1(0),2(0),3(0),4(0),5(0),6(0),7(0),8(0),9(0),10(0),11(0),12(0),13(0),14(0),15(0),16(0),17(0),18(0),19(0),20(0),21(0),22(0),23(0),24(0),25(0),26(0),27(0)], numOfContainers=27, numOfBlocks=27
2021-08-15 14:03:32,292 [org.apache.hadoop.ozone.container.common.statemachine.commandhandler.DeleteBlocksCommandHandler$DeleteCmdWorker@7a932c03] INFO  commandhandler.DeleteBlocksCommandHandler (DeleteBlocksCommandHandler.java:processCmd(261)) - Start to delete container blocks, TXIDs=[1(0),2(0),3(0),4(0),5(0),6(0),7(0),8(0),9(0),10(0),11(0),12(0),13(0),14(0),15(0),16(0),17(0),18(0),19(0),20(0),21(0),22(0),23(0),24(0),25(0),26(0),27(0),28(0),29(0),30(0),31(0),32(0),33(0),34(0),35(0),36(0),37(0),38(0),39(0),40(0),41(0),42(0),43(0),44(0),45(0),46(0),47(0),48(0),49(0),50(0),51(0),52(0),53(0),54(0),55(0),56(0)], numOfContainers=56, numOfBlocks=56
2021-08-15 14:03:32,293 [org.apache.hadoop.ozone.container.common.statemachine.commandhandler.DeleteBlocksCommandHandler$DeleteCmdWorker@7a932c03] INFO  commandhandler.DeleteBlocksCommandHandler (DeleteBlocksCommandHandler.java:processCmd(261)) - Start to delete container blocks, TXIDs=[1(0),2(0),3(0),4(0),5(0),6(0),7(0),8(0),9(0),10(0),11(0),12(0),13(0),14(0),15(0),16(0),17(0),18(0),19(0),20(0),21(0),22(0),23(0),24(0),25(0),26(0),27(0),28(0),29(0),30(0),31(0),32(0),33(0),34(0),35(0),36(0),37(0),38(0),39(0),40(0),41(0),42(0),43(0),44(0),45(0),46(0),47(0),48(0),49(0),50(0),51(0),52(0),53(0),54(0),55(0),56(0)], numOfContainers=56, numOfBlocks=56
2021-08-15 14:03:32,293 [org.apache.hadoop.ozone.container.common.statemachine.commandhandler.DeleteBlocksCommandHandler$DeleteCmdWorker@7a932c03] INFO  commandhandler.DeleteBlocksCommandHandler (DeleteBlocksCommandHandler.java:processCmd(261)) - Start to delete container blocks, TXIDs=[23(0),24(0),25(0),26(0),27(0),28(0),29(0),30(0),31(0),32(0),33(0),34(0),35(0),36(0),37(0),38(0),39(0),40(0),41(0),42(0),43(0),44(0),45(0),46(0),47(0),48(0),49(0),50(0),51(0),52(0),53(0),54(0),55(0),56(0)], numOfContainers=34, numOfBlocks=34
2021-08-15 14:03:32,293 [org.apache.hadoop.ozone.container.common.statemachine.commandhandler.DeleteBlocksCommandHandler$DeleteCmdWorker@7a932c03] INFO  commandhandler.DeleteBlocksCommandHandler (DeleteBlocksCommandHandler.java:processCmd(261)) - Start to delete container blocks, TXIDs=[27(0),28(0),29(0),30(0),31(0),32(0),33(0),34(0),35(0),36(0),37(0),38(0),39(0),40(0),41(0),42(0),43(0),44(0),45(0),46(0),47(0),48(0),49(0),50(0),51(0),52(0),53(0),54(0),55(0),56(0)], numOfContainers=30, numOfBlocks=30
2021-08-15 14:03:32,293 [org.apache.hadoop.ozone.container.common.statemachine.commandhandler.DeleteBlocksCommandHandler$DeleteCmdWorker@7a932c03] INFO  commandhandler.DeleteBlocksCommandHandler (DeleteBlocksCommandHandler.java:processCmd(261)) - Start to delete container blocks, TXIDs=[27(0),28(0),29(0),30(0),31(0),32(0),33(0),34(0),35(0),36(0),37(0),38(0),39(0),40(0),41(0),42(0),43(0),44(0),45(0),46(0),47(0),48(0),49(0),50(0),51(0),52(0),53(0),54(0),55(0),56(0)], numOfContainers=30, numOfBlocks=30
2021-08-15 14:03:32,293 [org.apache.hadoop.ozone.container.common.statemachine.commandhandler.DeleteBlocksCommandHandler$DeleteCmdWorker@7a932c03] INFO  commandhandler.DeleteBlocksCommandHandler (DeleteBlocksCommandHandler.java:processCmd(261)) - Start to delete container blocks, TXIDs=[27(0),28(0),29(0),30(0),31(0),32(0),33(0),34(0),35(0),36(0),37(0),38(0),39(0),40(0),41(0),42(0),43(0),44(0),45(0),46(0),47(0),48(0),49(0),50(0),51(0),52(0),53(0),54(0),55(0),56(0)], numOfContainers=30, numOfBlocks=30
2021-08-15 14:03:32,293 [org.apache.hadoop.ozone.container.common.statemachine.commandhandler.DeleteBlocksCommandHandler$DeleteCmdWorker@7a932c03] INFO  commandhandler.DeleteBlocksCommandHandler (DeleteBlocksCommandHandler.java:processCmd(261)) - Start to delete container blocks, TXIDs=[27(0),28(0),29(0),30(0),31(0),32(0),33(0),34(0),35(0),36(0),37(0),38(0),39(0),40(0),41(0),42(0),43(0),44(0),45(0),46(0),47(0),48(0),49(0),50(0),51(0),52(0),53(0),54(0),55(0),56(0)], numOfContainers=30, numOfBlocks=30
2021-08-15 14:03:32,293 [org.apache.hadoop.ozone.container.common.statemachine.commandhandler.DeleteBlocksCommandHandler$DeleteCmdWorker@7a932c03] INFO  commandhandler.DeleteBlocksCommandHandler (DeleteBlocksCommandHandler.java:processCmd(261)) - Start to delete container blocks, TXIDs=[27(0),28(0),29(0),30(0),31(0),32(0),33(0),34(0),35(0),36(0),37(0),38(0),39(0),40(0),41(0),42(0),43(0),44(0),45(0),46(0),47(0),48(0),49(0),50(0),51(0),52(0),53(0),54(0),55(0),56(0)], numOfContainers=30, numOfBlocks=30
2021-08-15 14:03:32,376 [SCMBlockDeletingService#0] DEBUG block.SCMBlockDeletingService (SCMBlockDeletingService.java:call(133)) - Running DeletedBlockTransactionScanner
2021-08-15 14:03:32,393 [SCMBlockDeletingService#0] DEBUG block.SCMBlockDeletingService (DatanodeDeletedBlockTransactions.java:addTransactionToDN(50)) - Transaction added: c2c40a72-a699-49b1-b721-1997d9d2c71f <- TX(27)
2021-08-15 14:03:32,393 [SCMBlockDeletingService#0] DEBUG block.SCMBlockDeletingService (DatanodeDeletedBlockTransactions.java:addTransactionToDN(50)) - Transaction added: c2c40a72-a699-49b1-b721-1997d9d2c71f <- TX(28)
2021-08-15 14:03:32,393 [SCMBlockDeletingService#0] DEBUG block.SCMBlockDeletingService (DatanodeDeletedBlockTransactions.java:addTransactionToDN(50)) - Transaction added: 0475d2c2-d46f-403e-95a5-8ff1a5c32338 <- TX(28)
2021-08-15 14:03:32,393 [SCMBlockDeletingService#0] DEBUG block.SCMBlockDeletingService (DatanodeDeletedBlockTransactions.java:addTransactionToDN(50)) - Transaction added: c2c40a72-a699-49b1-b721-1997d9d2c71f <- TX(29)
2021-08-15 14:03:32,393 [SCMBlockDeletingService#0] DEBUG block.SCMBlockDeletingService (DatanodeDeletedBlockTransactions.java:addTransactionToDN(50)) - Transaction added: 0475d2c2-d46f-403e-95a5-8ff1a5c32338 <- TX(29)
2021-08-15 14:03:32,393 [SCMBlockDeletingService#0] DEBUG block.SCMBlockDeletingService (DatanodeDeletedBlockTransactions.java:addTransactionToDN(50)) - Transaction added: 0475d2c2-d46f-403e-95a5-8ff1a5c32338 <- TX(30)
2021-08-15 14:03:32,393 [SCMBlockDeletingService#0] DEBUG block.SCMBlockDeletingService (DatanodeDeletedBlockTransactions.java:addTransactionToDN(50)) - Transaction added: c2c40a72-a699-49b1-b721-1997d9d2c71f <- TX(30)
2021-08-15 14:03:32,393 [SCMBlockDeletingService#0] DEBUG block.SCMBlockDeletingService (DatanodeDeletedBlockTransactions.java:addTransactionToDN(50)) - Transaction added: c2c40a72-a699-49b1-b721-1997d9d2c71f <- TX(31)
2021-08-15 14:03:32,393 [SCMBlockDeletingService#0] DEBUG block.SCMBlockDeletingService (DatanodeDeletedBlockTransactions.java:addTransactionToDN(50)) - Transaction added: 0475d2c2-d46f-403e-95a5-8ff1a5c32338 <- TX(31)
2021-08-15 14:03:32,393 [SCMBlockDeletingService#0] DEBUG block.SCMBlockDeletingService (DatanodeDeletedBlockTransactions.java:addTransactionToDN(50)) - Transaction added: 0475d2c2-d46f-403e-95a5-8ff1a5c32338 <- TX(32)
2021-08-15 14:03:32,393 [SCMBlockDeletingService#0] DEBUG block.SCMBlockDeletingService (DatanodeDeletedBlockTransactions.java:addTransactionToDN(50)) - Transaction added: c2c40a72-a699-49b1-b721-1997d9d2c71f <- TX(32)
2021-08-15 14:03:32,393 [SCMBlockDeletingService#0] DEBUG block.SCMBlockDeletingService (DatanodeDeletedBlockTransactions.java:addTransactionToDN(50)) - Transaction added: 0475d2c2-d46f-403e-95a5-8ff1a5c32338 <- TX(33)
2021-08-15 14:03:32,393 [SCMBlockDeletingService#0] DEBUG block.SCMBlockDeletingService (DatanodeDeletedBlockTransactions.java:addTransactionToDN(50)) - Transaction added: c2c40a72-a699-49b1-b721-1997d9d2c71f <- TX(33)
2021-08-15 14:03:32,393 [SCMBlockDeletingService#0] DEBUG block.SCMBlockDeletingService (DatanodeDeletedBlockTransactions.java:addTransactionToDN(50)) - Transaction added: 0475d2c2-d46f-403e-95a5-8ff1a5c32338 <- TX(34)
2021-08-15 14:03:32,393 [SCMBlockDeletingService#0] DEBUG block.SCMBlockDeletingService (DatanodeDeletedBlockTransactions.java:addTransactionToDN(50)) - Transaction added: c2c40a72-a699-49b1-b721-1997d9d2c71f <- TX(34)
2021-08-15 14:03:32,393 [SCMBlockDeletingService#0] DEBUG block.SCMBlockDeletingService (DatanodeDeletedBlockTransactions.java:addTransactionToDN(50)) - Transaction added: 0475d2c2-d46f-403e-95a5-8ff1a5c32338 <- TX(35)
2021-08-15 14:03:32,393 [SCMBlockDeletingService#0] DEBUG block.SCMBlockDeletingService (DatanodeDeletedBlockTransactions.java:addTransactionToDN(50)) - Transaction added: c2c40a72-a699-49b1-b721-1997d9d2c71f <- TX(35)
2021-08-15 14:03:32,393 [SCMBlockDeletingService#0] DEBUG block.SCMBlockDeletingService (DatanodeDeletedBlockTransactions.java:addTransactionToDN(50)) - Transaction added: c2c40a72-a699-49b1-b721-1997d9d2c71f <- TX(36)
2021-08-15 14:03:32,393 [SCMBlockDeletingService#0] DEBUG block.SCMBlockDeletingService (DatanodeDeletedBlockTransactions.java:addTransactionToDN(50)) - Transaction added: 0475d2c2-d46f-403e-95a5-8ff1a5c32338 <- TX(36)
2021-08-15 14:03:32,393 [SCMBlockDeletingService#0] DEBUG block.SCMBlockDeletingService (DatanodeDeletedBlockTransactions.java:addTransactionToDN(50)) - Transaction added: c2c40a72-a699-49b1-b721-1997d9d2c71f <- TX(37)
2021-08-15 14:03:32,393 [SCMBlockDeletingService#0] DEBUG block.SCMBlockDeletingService (DatanodeDeletedBlockTransactions.java:addTransactionToDN(50)) - Transaction added: 0475d2c2-d46f-403e-95a5-8ff1a5c32338 <- TX(37)
2021-08-15 14:03:32,393 [SCMBlockDeletingService#0] DEBUG block.SCMBlockDeletingService (DatanodeDeletedBlockTransactions.java:addTransactionToDN(50)) - Transaction added: c2c40a72-a699-49b1-b721-1997d9d2c71f <- TX(38)
2021-08-15 14:03:32,393 [SCMBlockDeletingService#0] DEBUG block.SCMBlockDeletingService (DatanodeDeletedBlockTransactions.java:addTransactionToDN(50)) - Transaction added: 0475d2c2-d46f-403e-95a5-8ff1a5c32338 <- TX(38)
2021-08-15 14:03:32,394 [SCMBlockDeletingService#0] DEBUG block.SCMBlockDeletingService (DatanodeDeletedBlockTransactions.java:addTransactionToDN(50)) - Transaction added: 0475d2c2-d46f-403e-95a5-8ff1a5c32338 <- TX(39)
2021-08-15 14:03:32,394 [SCMBlockDeletingService#0] DEBUG block.SCMBlockDeletingService (DatanodeDeletedBlockTransactions.java:addTransactionToDN(50)) - Transaction added: c2c40a72-a699-49b1-b721-1997d9d2c71f <- TX(39)
2021-08-15 14:03:32,394 [SCMBlockDeletingService#0] DEBUG block.SCMBlockDeletingService (DatanodeDeletedBlockTransactions.java:addTransactionToDN(50)) - Transaction added: 0475d2c2-d46f-403e-95a5-8ff1a5c32338 <- TX(40)
2021-08-15 14:03:32,394 [SCMBlockDeletingService#0] DEBUG block.SCMBlockDeletingService (DatanodeDeletedBlockTransactions.java:addTransactionToDN(50)) - Transaction added: c2c40a72-a699-49b1-b721-1997d9d2c71f <- TX(40)
2021-08-15 14:03:32,394 [SCMBlockDeletingService#0] DEBUG block.SCMBlockDeletingService (DatanodeDeletedBlockTransactions.java:addTransactionToDN(50)) - Transaction added: 0475d2c2-d46f-403e-95a5-8ff1a5c32338 <- TX(41)
2021-08-15 14:03:32,394 [SCMBlockDeletingService#0] DEBUG block.SCMBlockDeletingService (DatanodeDeletedBlockTransactions.java:addTransactionToDN(50)) - Transaction added: c2c40a72-a699-49b1-b721-1997d9d2c71f <- TX(41)
2021-08-15 14:03:32,394 [SCMBlockDeletingService#0] DEBUG block.SCMBlockDeletingService (DatanodeDeletedBlockTransactions.java:addTransactionToDN(50)) - Transaction added: 0475d2c2-d46f-403e-95a5-8ff1a5c32338 <- TX(42)
2021-08-15 14:03:32,394 [SCMBlockDeletingService#0] DEBUG block.SCMBlockDeletingService (DatanodeDeletedBlockTransactions.java:addTransactionToDN(50)) - Transaction added: c2c40a72-a699-49b1-b721-1997d9d2c71f <- TX(42)
2021-08-15 14:03:32,394 [SCMBlockDeletingService#0] DEBUG block.SCMBlockDeletingService (DatanodeDeletedBlockTransactions.java:addTransactionToDN(50)) - Transaction added: 0475d2c2-d46f-403e-95a5-8ff1a5c32338 <- TX(43)
2021-08-15 14:03:32,394 [SCMBlockDeletingService#0] DEBUG block.SCMBlockDeletingService (DatanodeDeletedBlockTransactions.java:addTransactionToDN(50)) - Transaction added: c2c40a72-a699-49b1-b721-1997d9d2c71f <- TX(43)
2021-08-15 14:03:32,394 [SCMBlockDeletingService#0] DEBUG block.SCMBlockDeletingService (DatanodeDeletedBlockTransactions.java:addTransactionToDN(50)) - Transaction added: c2c40a72-a699-49b1-b721-1997d9d2c71f <- TX(44)
2021-08-15 14:03:32,394 [SCMBlockDeletingService#0] DEBUG block.SCMBlockDeletingService (DatanodeDeletedBlockTransactions.java:addTransactionToDN(50)) - Transaction added: 0475d2c2-d46f-403e-95a5-8ff1a5c32338 <- TX(44)
2021-08-15 14:03:32,394 [SCMBlockDeletingService#0] DEBUG block.SCMBlockDeletingService (DatanodeDeletedBlockTransactions.java:addTransactionToDN(50)) - Transaction added: c2c40a72-a699-49b1-b721-1997d9d2c71f <- TX(45)
2021-08-15 14:03:32,394 [SCMBlockDeletingService#0] DEBUG block.SCMBlockDeletingService (DatanodeDeletedBlockTransactions.java:addTransactionToDN(50)) - Transaction added: 0475d2c2-d46f-403e-95a5-8ff1a5c32338 <- TX(45)
2021-08-15 14:03:32,394 [SCMBlockDeletingService#0] DEBUG block.SCMBlockDeletingService (DatanodeDeletedBlockTransactions.java:addTransactionToDN(50)) - Transaction added: 0475d2c2-d46f-403e-95a5-8ff1a5c32338 <- TX(46)
2021-08-15 14:03:32,394 [SCMBlockDeletingService#0] DEBUG block.SCMBlockDeletingService (DatanodeDeletedBlockTransactions.java:addTransactionToDN(50)) - Transaction added: c2c40a72-a699-49b1-b721-1997d9d2c71f <- TX(46)
2021-08-15 14:03:32,394 [SCMBlockDeletingService#0] DEBUG block.SCMBlockDeletingService (DatanodeDeletedBlockTransactions.java:addTransactionToDN(50)) - Transaction added: c2c40a72-a699-49b1-b721-1997d9d2c71f <- TX(47)
2021-08-15 14:03:32,394 [SCMBlockDeletingService#0] DEBUG block.SCMBlockDeletingService (DatanodeDeletedBlockTransactions.java:addTransactionToDN(50)) - Transaction added: 0475d2c2-d46f-403e-95a5-8ff1a5c32338 <- TX(47)
2021-08-15 14:03:32,394 [SCMBlockDeletingService#0] DEBUG block.SCMBlockDeletingService (DatanodeDeletedBlockTransactions.java:addTransactionToDN(50)) - Transaction added: 0475d2c2-d46f-403e-95a5-8ff1a5c32338 <- TX(48)
2021-08-15 14:03:32,394 [SCMBlockDeletingService#0] DEBUG block.SCMBlockDeletingService (DatanodeDeletedBlockTransactions.java:addTransactionToDN(50)) - Transaction added: c2c40a72-a699-49b1-b721-1997d9d2c71f <- TX(48)
2021-08-15 14:03:32,394 [SCMBlockDeletingService#0] DEBUG block.SCMBlockDeletingService (DatanodeDeletedBlockTransactions.java:addTransactionToDN(50)) - Transaction added: 0475d2c2-d46f-403e-95a5-8ff1a5c32338 <- TX(49)
2021-08-15 14:03:32,394 [SCMBlockDeletingService#0] DEBUG block.SCMBlockDeletingService (DatanodeDeletedBlockTransactions.java:addTransactionToDN(50)) - Transaction added: c2c40a72-a699-49b1-b721-1997d9d2c71f <- TX(49)
2021-08-15 14:03:32,394 [SCMBlockDeletingService#0] DEBUG block.SCMBlockDeletingService (DatanodeDeletedBlockTransactions.java:addTransactionToDN(50)) - Transaction added: 0475d2c2-d46f-403e-95a5-8ff1a5c32338 <- TX(50)
2021-08-15 14:03:32,394 [SCMBlockDeletingService#0] DEBUG block.SCMBlockDeletingService (DatanodeDeletedBlockTransactions.java:addTransactionToDN(50)) - Transaction added: c2c40a72-a699-49b1-b721-1997d9d2c71f <- TX(50)
2021-08-15 14:03:32,394 [SCMBlockDeletingService#0] DEBUG block.SCMBlockDeletingService (DatanodeDeletedBlockTransactions.java:addTransactionToDN(50)) - Transaction added: 0475d2c2-d46f-403e-95a5-8ff1a5c32338 <- TX(51)
2021-08-15 14:03:32,394 [SCMBlockDeletingService#0] DEBUG block.SCMBlockDeletingService (DatanodeDeletedBlockTransactions.java:addTransactionToDN(50)) - Transaction added: c2c40a72-a699-49b1-b721-1997d9d2c71f <- TX(51)
2021-08-15 14:03:32,394 [SCMBlockDeletingService#0] DEBUG block.SCMBlockDeletingService (DatanodeDeletedBlockTransactions.java:addTransactionToDN(50)) - Transaction added: c2c40a72-a699-49b1-b721-1997d9d2c71f <- TX(52)
2021-08-15 14:03:32,394 [SCMBlockDeletingService#0] DEBUG block.SCMBlockDeletingService (DatanodeDeletedBlockTransactions.java:addTransactionToDN(50)) - Transaction added: 0475d2c2-d46f-403e-95a5-8ff1a5c32338 <- TX(52)
2021-08-15 14:03:32,394 [SCMBlockDeletingService#0] DEBUG block.SCMBlockDeletingService (DatanodeDeletedBlockTransactions.java:addTransactionToDN(50)) - Transaction added: c2c40a72-a699-49b1-b721-1997d9d2c71f <- TX(53)
2021-08-15 14:03:32,394 [SCMBlockDeletingService#0] DEBUG block.SCMBlockDeletingService (DatanodeDeletedBlockTransactions.java:addTransactionToDN(50)) - Transaction added: 0475d2c2-d46f-403e-95a5-8ff1a5c32338 <- TX(53)
2021-08-15 14:03:32,394 [SCMBlockDeletingService#0] DEBUG block.SCMBlockDeletingService (DatanodeDeletedBlockTransactions.java:addTransactionToDN(50)) - Transaction added: c2c40a72-a699-49b1-b721-1997d9d2c71f <- TX(54)
2021-08-15 14:03:32,394 [SCMBlockDeletingService#0] DEBUG block.SCMBlockDeletingService (DatanodeDeletedBlockTransactions.java:addTransactionToDN(50)) - Transaction added: 0475d2c2-d46f-403e-95a5-8ff1a5c32338 <- TX(54)
2021-08-15 14:03:32,394 [SCMBlockDeletingService#0] DEBUG block.SCMBlockDeletingService (DatanodeDeletedBlockTransactions.java:addTransactionToDN(50)) - Transaction added: 0475d2c2-d46f-403e-95a5-8ff1a5c32338 <- TX(55)
2021-08-15 14:03:32,394 [SCMBlockDeletingService#0] DEBUG block.SCMBlockDeletingService (DatanodeDeletedBlockTransactions.java:addTransactionToDN(50)) - Transaction added: c2c40a72-a699-49b1-b721-1997d9d2c71f <- TX(55)
2021-08-15 14:03:32,395 [SCMBlockDeletingService#0] DEBUG block.SCMBlockDeletingService (DatanodeDeletedBlockTransactions.java:addTransactionToDN(50)) - Transaction added: 0475d2c2-d46f-403e-95a5-8ff1a5c32338 <- TX(56)
2021-08-15 14:03:32,395 [SCMBlockDeletingService#0] DEBUG block.SCMBlockDeletingService (DatanodeDeletedBlockTransactions.java:addTransactionToDN(50)) - Transaction added: c2c40a72-a699-49b1-b721-1997d9d2c71f <- TX(56)
2021-08-15 14:03:32,395 [SCMBlockDeletingService#0] DEBUG block.SCMBlockDeletingService (SCMBlockDeletingService.java:call(164)) - Added delete block command for datanode c2c40a72-a699-49b1-b721-1997d9d2c71f in the queue, number of delete block transactions: 30
2021-08-15 14:03:32,395 [SCMBlockDeletingService#0] DEBUG block.SCMBlockDeletingService (SCMBlockDeletingService.java:call(164)) - Added delete block command for datanode 0475d2c2-d46f-403e-95a5-8ff1a5c32338 in the queue, number of delete block transactions: 29
2021-08-15 14:03:32,395 [SCMBlockDeletingService#0] INFO  block.SCMBlockDeletingService (SCMBlockDeletingService.java:call(174)) - Totally added 59 blocks to be deleted for 2 datanodes, task elapsed time: 19ms
2021-08-15 14:03:32,476 [SCMBlockDeletingService#0] DEBUG block.SCMBlockDeletingService (SCMBlockDeletingService.java:call(133)) - Running DeletedBlockTransactionScanner
2021-08-15 14:03:32,476 [SCMBlockDeletingService#0] DEBUG block.SCMBlockDeletingService (DatanodeDeletedBlockTransactions.java:addTransactionToDN(50)) - Transaction added: c2c40a72-a699-49b1-b721-1997d9d2c71f <- TX(27)
2021-08-15 14:03:32,476 [SCMBlockDeletingService#0] DEBUG block.SCMBlockDeletingService (DatanodeDeletedBlockTransactions.java:addTransactionToDN(50)) - Transaction added: c2c40a72-a699-49b1-b721-1997d9d2c71f <- TX(28)
2021-08-15 14:03:32,476 [SCMBlockDeletingService#0] DEBUG block.SCMBlockDeletingService (DatanodeDeletedBlockTransactions.java:addTransactionToDN(50)) - Transaction added: 0475d2c2-d46f-403e-95a5-8ff1a5c32338 <- TX(28)
2021-08-15 14:03:32,476 [SCMBlockDeletingService#0] DEBUG block.SCMBlockDeletingService (DatanodeDeletedBlockTransactions.java:addTransactionToDN(50)) - Transaction added: c2c40a72-a699-49b1-b721-1997d9d2c71f <- TX(29)
2021-08-15 14:03:32,476 [SCMBlockDeletingService#0] DEBUG block.SCMBlockDeletingService (DatanodeDeletedBlockTransactions.java:addTransactionToDN(50)) - Transaction added: 0475d2c2-d46f-403e-95a5-8ff1a5c32338 <- TX(29)
2021-08-15 14:03:32,476 [SCMBlockDeletingService#0] DEBUG block.SCMBlockDeletingService (DatanodeDeletedBlockTransactions.java:addTransactionToDN(50)) - Transaction added: 0475d2c2-d46f-403e-95a5-8ff1a5c32338 <- TX(30)
2021-08-15 14:03:32,476 [SCMBlockDeletingService#0] DEBUG block.SCMBlockDeletingService (DatanodeDeletedBlockTransactions.java:addTransactionToDN(50)) - Transaction added: c2c40a72-a699-49b1-b721-1997d9d2c71f <- TX(30)
2021-08-15 14:03:32,476 [SCMBlockDeletingService#0] DEBUG block.SCMBlockDeletingService (DatanodeDeletedBlockTransactions.java:addTransactionToDN(50)) - Transaction added: c2c40a72-a699-49b1-b721-1997d9d2c71f <- TX(31)
2021-08-15 14:03:32,476 [SCMBlockDeletingService#0] DEBUG block.SCMBlockDeletingService (DatanodeDeletedBlockTransactions.java:addTransactionToDN(50)) - Transaction added: 0475d2c2-d46f-403e-95a5-8ff1a5c32338 <- TX(31)
2021-08-15 14:03:32,476 [SCMBlockDeletingService#0] DEBUG block.SCMBlockDeletingService (DatanodeDeletedBlockTransactions.java:addTransactionToDN(50)) - Transaction added: 0475d2c2-d46f-403e-95a5-8ff1a5c32338 <- TX(32)
2021-08-15 14:03:32,476 [SCMBlockDeletingService#0] DEBUG block.SCMBlockDeletingService (DatanodeDeletedBlockTransactions.java:addTransactionToDN(50)) - Transaction added: c2c40a72-a699-49b1-b721-1997d9d2c71f <- TX(32)
2021-08-15 14:03:32,476 [SCMBlockDeletingService#0] DEBUG block.SCMBlockDeletingService (DatanodeDeletedBlockTransactions.java:addTransactionToDN(50)) - Transaction added: 0475d2c2-d46f-403e-95a5-8ff1a5c32338 <- TX(33)
2021-08-15 14:03:32,476 [SCMBlockDeletingService#0] DEBUG block.SCMBlockDeletingService (DatanodeDeletedBlockTransactions.java:addTransactionToDN(50)) - Transaction added: c2c40a72-a699-49b1-b721-1997d9d2c71f <- TX(33)
2021-08-15 14:03:32,476 [SCMBlockDeletingService#0] DEBUG block.SCMBlockDeletingService (DatanodeDeletedBlockTransactions.java:addTransactionToDN(50)) - Transaction added: 0475d2c2-d46f-403e-95a5-8ff1a5c32338 <- TX(34)
2021-08-15 14:03:32,476 [SCMBlockDeletingService#0] DEBUG block.SCMBlockDeletingService (DatanodeDeletedBlockTransactions.java:addTransactionToDN(50)) - Transaction added: c2c40a72-a699-49b1-b721-1997d9d2c71f <- TX(34)
2021-08-15 14:03:32,476 [SCMBlockDeletingService#0] DEBUG block.SCMBlockDeletingService (DatanodeDeletedBlockTransactions.java:addTransactionToDN(50)) - Transaction added: 0475d2c2-d46f-403e-95a5-8ff1a5c32338 <- TX(35)
2021-08-15 14:03:32,476 [SCMBlockDeletingService#0] DEBUG block.SCMBlockDeletingService (DatanodeDeletedBlockTransactions.java:addTransactionToDN(50)) - Transaction added: c2c40a72-a699-49b1-b721-1997d9d2c71f <- TX(35)
2021-08-15 14:03:32,476 [SCMBlockDeletingService#0] DEBUG block.SCMBlockDeletingService (DatanodeDeletedBlockTransactions.java:addTransactionToDN(50)) - Transaction added: c2c40a72-a699-49b1-b721-1997d9d2c71f <- TX(36)
2021-08-15 14:03:32,477 [SCMBlockDeletingService#0] DEBUG block.SCMBlockDeletingService (DatanodeDeletedBlockTransactions.java:addTransactionToDN(50)) - Transaction added: 0475d2c2-d46f-403e-95a5-8ff1a5c32338 <- TX(36)
2021-08-15 14:03:32,477 [SCMBlockDeletingService#0] DEBUG block.SCMBlockDeletingService (DatanodeDeletedBlockTransactions.java:addTransactionToDN(50)) - Transaction added: c2c40a72-a699-49b1-b721-1997d9d2c71f <- TX(37)
2021-08-15 14:03:32,477 [SCMBlockDeletingService#0] DEBUG block.SCMBlockDeletingService (DatanodeDeletedBlockTransactions.java:addTransactionToDN(50)) - Transaction added: 0475d2c2-d46f-403e-95a5-8ff1a5c32338 <- TX(37)
2021-08-15 14:03:32,477 [SCMBlockDeletingService#0] DEBUG block.SCMBlockDeletingService (DatanodeDeletedBlockTransactions.java:addTransactionToDN(50)) - Transaction added: c2c40a72-a699-49b1-b721-1997d9d2c71f <- TX(38)
2021-08-15 14:03:32,477 [SCMBlockDeletingService#0] DEBUG block.SCMBlockDeletingService (DatanodeDeletedBlockTransactions.java:addTransactionToDN(50)) - Transaction added: 0475d2c2-d46f-403e-95a5-8ff1a5c32338 <- TX(38)
2021-08-15 14:03:32,477 [SCMBlockDeletingService#0] DEBUG block.SCMBlockDeletingService (DatanodeDeletedBlockTransactions.java:addTransactionToDN(50)) - Transaction added: 0475d2c2-d46f-403e-95a5-8ff1a5c32338 <- TX(39)
2021-08-15 14:03:32,477 [SCMBlockDeletingService#0] DEBUG block.SCMBlockDeletingService (DatanodeDeletedBlockTransactions.java:addTransactionToDN(50)) - Transaction added: c2c40a72-a699-49b1-b721-1997d9d2c71f <- TX(39)
2021-08-15 14:03:32,477 [SCMBlockDeletingService#0] DEBUG block.SCMBlockDeletingService (DatanodeDeletedBlockTransactions.java:addTransactionToDN(50)) - Transaction added: 0475d2c2-d46f-403e-95a5-8ff1a5c32338 <- TX(40)
2021-08-15 14:03:32,477 [SCMBlockDeletingService#0] DEBUG block.SCMBlockDeletingService (DatanodeDeletedBlockTransactions.java:addTransactionToDN(50)) - Transaction added: c2c40a72-a699-49b1-b721-1997d9d2c71f <- TX(40)
2021-08-15 14:03:32,477 [SCMBlockDeletingService#0] DEBUG block.SCMBlockDeletingService (DatanodeDeletedBlockTransactions.java:addTransactionToDN(50)) - Transaction added: 0475d2c2-d46f-403e-95a5-8ff1a5c32338 <- TX(41)
2021-08-15 14:03:32,477 [SCMBlockDeletingService#0] DEBUG block.SCMBlockDeletingService (DatanodeDeletedBlockTransactions.java:addTransactionToDN(50)) - Transaction added: c2c40a72-a699-49b1-b721-1997d9d2c71f <- TX(41)
2021-08-15 14:03:32,477 [SCMBlockDeletingService#0] DEBUG block.SCMBlockDeletingService (DatanodeDeletedBlockTransactions.java:addTransactionToDN(50)) - Transaction added: 0475d2c2-d46f-403e-95a5-8ff1a5c32338 <- TX(42)
2021-08-15 14:03:32,477 [SCMBlockDeletingService#0] DEBUG block.SCMBlockDeletingService (DatanodeDeletedBlockTransactions.java:addTransactionToDN(50)) - Transaction added: c2c40a72-a699-49b1-b721-1997d9d2c71f <- TX(42)
2021-08-15 14:03:32,477 [SCMBlockDeletingService#0] DEBUG block.SCMBlockDeletingService (DatanodeDeletedBlockTransactions.java:addTransactionToDN(50)) - Transaction added: 0475d2c2-d46f-403e-95a5-8ff1a5c32338 <- TX(43)
2021-08-15 14:03:32,477 [SCMBlockDeletingService#0] DEBUG block.SCMBlockDeletingService (DatanodeDeletedBlockTransactions.java:addTransactionToDN(50)) - Transaction added: c2c40a72-a699-49b1-b721-1997d9d2c71f <- TX(43)
2021-08-15 14:03:32,477 [SCMBlockDeletingService#0] DEBUG block.SCMBlockDeletingService (DatanodeDeletedBlockTransactions.java:addTransactionToDN(50)) - Transaction added: c2c40a72-a699-49b1-b721-1997d9d2c71f <- TX(44)
2021-08-15 14:03:32,477 [SCMBlockDeletingService#0] DEBUG block.SCMBlockDeletingService (DatanodeDeletedBlockTransactions.java:addTransactionToDN(50)) - Transaction added: 0475d2c2-d46f-403e-95a5-8ff1a5c32338 <- TX(44)
2021-08-15 14:03:32,477 [SCMBlockDeletingService#0] DEBUG block.SCMBlockDeletingService (DatanodeDeletedBlockTransactions.java:addTransactionToDN(50)) - Transaction added: c2c40a72-a699-49b1-b721-1997d9d2c71f <- TX(45)
2021-08-15 14:03:32,477 [SCMBlockDeletingService#0] DEBUG block.SCMBlockDeletingService (DatanodeDeletedBlockTransactions.java:addTransactionToDN(50)) - Transaction added: 0475d2c2-d46f-403e-95a5-8ff1a5c32338 <- TX(45)
2021-08-15 14:03:32,477 [SCMBlockDeletingService#0] DEBUG block.SCMBlockDeletingService (DatanodeDeletedBlockTransactions.java:addTransactionToDN(50)) - Transaction added: 0475d2c2-d46f-403e-95a5-8ff1a5c32338 <- TX(46)
2021-08-15 14:03:32,477 [SCMBlockDeletingService#0] DEBUG block.SCMBlockDeletingService (DatanodeDeletedBlockTransactions.java:addTransactionToDN(50)) - Transaction added: c2c40a72-a699-49b1-b721-1997d9d2c71f <- TX(46)
2021-08-15 14:03:32,477 [SCMBlockDeletingService#0] DEBUG block.SCMBlockDeletingService (DatanodeDeletedBlockTransactions.java:addTransactionToDN(50)) - Transaction added: c2c40a72-a699-49b1-b721-1997d9d2c71f <- TX(47)
2021-08-15 14:03:32,477 [SCMBlockDeletingService#0] DEBUG block.SCMBlockDeletingService (DatanodeDeletedBlockTransactions.java:addTransactionToDN(50)) - Transaction added: 0475d2c2-d46f-403e-95a5-8ff1a5c32338 <- TX(47)
2021-08-15 14:03:32,477 [SCMBlockDeletingService#0] DEBUG block.SCMBlockDeletingService (DatanodeDeletedBlockTransactions.java:addTransactionToDN(50)) - Transaction added: 0475d2c2-d46f-403e-95a5-8ff1a5c32338 <- TX(48)
2021-08-15 14:03:32,477 [SCMBlockDeletingService#0] DEBUG block.SCMBlockDeletingService (DatanodeDeletedBlockTransactions.java:addTransactionToDN(50)) - Transaction added: c2c40a72-a699-49b1-b721-1997d9d2c71f <- TX(48)
2021-08-15 14:03:32,477 [SCMBlockDeletingService#0] DEBUG block.SCMBlockDeletingService (DatanodeDeletedBlockTransactions.java:addTransactionToDN(50)) - Transaction added: 0475d2c2-d46f-403e-95a5-8ff1a5c32338 <- TX(49)
2021-08-15 14:03:32,477 [SCMBlockDeletingService#0] DEBUG block.SCMBlockDeletingService (DatanodeDeletedBlockTransactions.java:addTransactionToDN(50)) - Transaction added: c2c40a72-a699-49b1-b721-1997d9d2c71f <- TX(49)
2021-08-15 14:03:32,477 [SCMBlockDeletingService#0] DEBUG block.SCMBlockDeletingService (DatanodeDeletedBlockTransactions.java:addTransactionToDN(50)) - Transaction added: 0475d2c2-d46f-403e-95a5-8ff1a5c32338 <- TX(50)
2021-08-15 14:03:32,477 [SCMBlockDeletingService#0] DEBUG block.SCMBlockDeletingService (DatanodeDeletedBlockTransactions.java:addTransactionToDN(50)) - Transaction added: c2c40a72-a699-49b1-b721-1997d9d2c71f <- TX(50)
2021-08-15 14:03:32,477 [SCMBlockDeletingService#0] DEBUG block.SCMBlockDeletingService (DatanodeDeletedBlockTransactions.java:addTransactionToDN(50)) - Transaction added: 0475d2c2-d46f-403e-95a5-8ff1a5c32338 <- TX(51)
2021-08-15 14:03:32,477 [SCMBlockDeletingService#0] DEBUG block.SCMBlockDeletingService (DatanodeDeletedBlockTransactions.java:addTransactionToDN(50)) - Transaction added: c2c40a72-a699-49b1-b721-1997d9d2c71f <- TX(51)
2021-08-15 14:03:32,477 [SCMBlockDeletingService#0] DEBUG block.SCMBlockDeletingService (DatanodeDeletedBlockTransactions.java:addTransactionToDN(50)) - Transaction added: c2c40a72-a699-49b1-b721-1997d9d2c71f <- TX(52)
2021-08-15 14:03:32,477 [SCMBlockDeletingService#0] DEBUG block.SCMBlockDeletingService (DatanodeDeletedBlockTransactions.java:addTransactionToDN(50)) - Transaction added: 0475d2c2-d46f-403e-95a5-8ff1a5c32338 <- TX(52)
2021-08-15 14:03:32,477 [SCMBlockDeletingService#0] DEBUG block.SCMBlockDeletingService (DatanodeDeletedBlockTransactions.java:addTransactionToDN(50)) - Transaction added: c2c40a72-a699-49b1-b721-1997d9d2c71f <- TX(53)
2021-08-15 14:03:32,478 [SCMBlockDeletingService#0] DEBUG block.SCMBlockDeletingService (DatanodeDeletedBlockTransactions.java:addTransactionToDN(50)) - Transaction added: 0475d2c2-d46f-403e-95a5-8ff1a5c32338 <- TX(53)
2021-08-15 14:03:32,478 [SCMBlockDeletingService#0] DEBUG block.SCMBlockDeletingService (DatanodeDeletedBlockTransactions.java:addTransactionToDN(50)) - Transaction added: c2c40a72-a699-49b1-b721-1997d9d2c71f <- TX(54)
2021-08-15 14:03:32,478 [SCMBlockDeletingService#0] DEBUG block.SCMBlockDeletingService (DatanodeDeletedBlockTransactions.java:addTransactionToDN(50)) - Transaction added: 0475d2c2-d46f-403e-95a5-8ff1a5c32338 <- TX(54)
2021-08-15 14:03:32,478 [SCMBlockDeletingService#0] DEBUG block.SCMBlockDeletingService (DatanodeDeletedBlockTransactions.java:addTransactionToDN(50)) - Transaction added: 0475d2c2-d46f-403e-95a5-8ff1a5c32338 <- TX(55)
2021-08-15 14:03:32,478 [SCMBlockDeletingService#0] DEBUG block.SCMBlockDeletingService (DatanodeDeletedBlockTransactions.java:addTransactionToDN(50)) - Transaction added: c2c40a72-a699-49b1-b721-1997d9d2c71f <- TX(55)
2021-08-15 14:03:32,478 [SCMBlockDeletingService#0] DEBUG block.SCMBlockDeletingService (DatanodeDeletedBlockTransactions.java:addTransactionToDN(50)) - Transaction added: 0475d2c2-d46f-403e-95a5-8ff1a5c32338 <- TX(56)
2021-08-15 14:03:32,478 [SCMBlockDeletingService#0] DEBUG block.SCMBlockDeletingService (DatanodeDeletedBlockTransactions.java:addTransactionToDN(50)) - Transaction added: c2c40a72-a699-49b1-b721-1997d9d2c71f <- TX(56)
2021-08-15 14:03:32,478 [SCMBlockDeletingService#0] DEBUG block.SCMBlockDeletingService (SCMBlockDeletingService.java:call(164)) - Added delete block command for datanode c2c40a72-a699-49b1-b721-1997d9d2c71f in the queue, number of delete block transactions: 30
2021-08-15 14:03:32,478 [SCMBlockDeletingService#0] DEBUG block.SCMBlockDeletingService (SCMBlockDeletingService.java:call(164)) - Added delete block command for datanode 0475d2c2-d46f-403e-95a5-8ff1a5c32338 in the queue, number of delete block transactions: 29
2021-08-15 14:03:32,478 [SCMBlockDeletingService#0] INFO  block.SCMBlockDeletingService (SCMBlockDeletingService.java:call(174)) - Totally added 59 blocks to be deleted for 2 datanodes, task elapsed time: 2ms
2021-08-15 14:03:32,541 [EventQueue-DeleteBlockStatusForDeletedBlockLogImpl] DEBUG block.DeletedBlockLogImpl (DeletedBlockLogImpl.java:isTransactionFailed(278)) - Got block deletion ACK from datanode, TXIDs=1, success=true
2021-08-15 14:03:32,541 [EventQueue-DeleteBlockStatusForDeletedBlockLogImpl] DEBUG block.DeletedBlockLogImpl (DeletedBlockLogImpl.java:commitTransactions(224)) - Transaction txId=1 commit by dnId=c2c40a72-a699-49b1-b721-1997d9d2c71f for containerID=#1 failed. Corresponding entry not found.
2021-08-15 14:03:32,541 [EventQueue-DeleteBlockStatusForDeletedBlockLogImpl] DEBUG block.DeletedBlockLogImpl (DeletedBlockLogImpl.java:isTransactionFailed(278)) - Got block deletion ACK from datanode, TXIDs=2, success=true
2021-08-15 14:03:32,541 [EventQueue-DeleteBlockStatusForDeletedBlockLogImpl] DEBUG block.DeletedBlockLogImpl (DeletedBlockLogImpl.java:commitTransactions(224)) - Transaction txId=2 commit by dnId=c2c40a72-a699-49b1-b721-1997d9d2c71f for containerID=#2 failed. Corresponding entry not found.
2021-08-15 14:03:32,541 [EventQueue-DeleteBlockStatusForDeletedBlockLogImpl] DEBUG block.DeletedBlockLogImpl (DeletedBlockLogImpl.java:isTransactionFailed(278)) - Got block deletion ACK from datanode, TXIDs=3, success=true
2021-08-15 14:03:32,541 [EventQueue-DeleteBlockStatusForDeletedBlockLogImpl] DEBUG block.DeletedBlockLogImpl (DeletedBlockLogImpl.java:commitTransactions(224)) - Transaction txId=3 commit by dnId=c2c40a72-a699-49b1-b721-1997d9d2c71f for containerID=#3 failed. Corresponding entry not found.
2021-08-15 14:03:32,541 [EventQueue-DeleteBlockStatusForDeletedBlockLogImpl] DEBUG block.DeletedBlockLogImpl (DeletedBlockLogImpl.java:isTransactionFailed(278)) - Got block deletion ACK from datanode, TXIDs=4, success=true
2021-08-15 14:03:32,541 [EventQueue-DeleteBlockStatusForDeletedBlockLogImpl] DEBUG block.DeletedBlockLogImpl (DeletedBlockLogImpl.java:commitTransactions(224)) - Transaction txId=4 commit by dnId=c2c40a72-a699-49b1-b721-1997d9d2c71f for containerID=#4 failed. Corresponding entry not found.
2021-08-15 14:03:32,541 [EventQueue-DeleteBlockStatusForDeletedBlockLogImpl] DEBUG block.DeletedBlockLogImpl (DeletedBlockLogImpl.java:isTransactionFailed(278)) - Got block deletion ACK from datanode, TXIDs=5, success=true
2021-08-15 14:03:32,541 [EventQueue-DeleteBlockStatusForDeletedBlockLogImpl] DEBUG block.DeletedBlockLogImpl (DeletedBlockLogImpl.java:commitTransactions(224)) - Transaction txId=5 commit by dnId=c2c40a72-a699-49b1-b721-1997d9d2c71f for containerID=#5 failed. Corresponding entry not found.
2021-08-15 14:03:32,541 [EventQueue-DeleteBlockStatusForDeletedBlockLogImpl] DEBUG block.DeletedBlockLogImpl (DeletedBlockLogImpl.java:isTransactionFailed(278)) - Got block deletion ACK from datanode, TXIDs=6, success=true
2021-08-15 14:03:32,541 [EventQueue-DeleteBlockStatusForDeletedBlockLogImpl] DEBUG block.DeletedBlockLogImpl (DeletedBlockLogImpl.java:commitTransactions(224)) - Transaction txId=6 commit by dnId=c2c40a72-a699-49b1-b721-1997d9d2c71f for containerID=#6 failed. Corresponding entry not found.
2021-08-15 14:03:32,541 [EventQueue-DeleteBlockStatusForDeletedBlockLogImpl] DEBUG block.DeletedBlockLogImpl (DeletedBlockLogImpl.java:isTransactionFailed(278)) - Got block deletion ACK from datanode, TXIDs=7, success=true
2021-08-15 14:03:32,541 [EventQueue-DeleteBlockStatusForDeletedBlockLogImpl] DEBUG block.DeletedBlockLogImpl (DeletedBlockLogImpl.java:commitTransactions(224)) - Transaction txId=7 commit by dnId=c2c40a72-a699-49b1-b721-1997d9d2c71f for containerID=#7 failed. Corresponding entry not found.
2021-08-15 14:03:32,541 [EventQueue-DeleteBlockStatusForDeletedBlockLogImpl] DEBUG block.DeletedBlockLogImpl (DeletedBlockLogImpl.java:isTransactionFailed(278)) - Got block deletion ACK from datanode, TXIDs=8, success=true
2021-08-15 14:03:32,541 [EventQueue-DeleteBlockStatusForDeletedBlockLogImpl] DEBUG block.DeletedBlockLogImpl (DeletedBlockLogImpl.java:commitTransactions(224)) - Transaction txId=8 commit by dnId=c2c40a72-a699-49b1-b721-1997d9d2c71f for containerID=#8 failed. Corresponding entry not found.
2021-08-15 14:03:32,541 [EventQueue-DeleteBlockStatusForDeletedBlockLogImpl] DEBUG block.DeletedBlockLogImpl (DeletedBlockLogImpl.java:isTransactionFailed(278)) - Got block deletion ACK from datanode, TXIDs=9, success=true
2021-08-15 14:03:32,541 [EventQueue-DeleteBlockStatusForDeletedBlockLogImpl] DEBUG block.DeletedBlockLogImpl (DeletedBlockLogImpl.java:commitTransactions(224)) - Transaction txId=9 commit by dnId=c2c40a72-a699-49b1-b721-1997d9d2c71f for containerID=#9 failed. Corresponding entry not found.
2021-08-15 14:03:32,542 [EventQueue-DeleteBlockStatusForDeletedBlockLogImpl] DEBUG block.DeletedBlockLogImpl (DeletedBlockLogImpl.java:isTransactionFailed(278)) - Got block deletion ACK from datanode, TXIDs=10, success=true
2021-08-15 14:03:32,542 [EventQueue-DeleteBlockStatusForDeletedBlockLogImpl] DEBUG block.DeletedBlockLogImpl (DeletedBlockLogImpl.java:commitTransactions(224)) - Transaction txId=10 commit by dnId=c2c40a72-a699-49b1-b721-1997d9d2c71f for containerID=#10 failed. Corresponding entry not found.
2021-08-15 14:03:32,542 [EventQueue-DeleteBlockStatusForDeletedBlockLogImpl] DEBUG block.DeletedBlockLogImpl (DeletedBlockLogImpl.java:isTransactionFailed(278)) - Got block deletion ACK from datanode, TXIDs=11, success=true
2021-08-15 14:03:32,542 [EventQueue-DeleteBlockStatusForDeletedBlockLogImpl] DEBUG block.DeletedBlockLogImpl (DeletedBlockLogImpl.java:commitTransactions(224)) - Transaction txId=11 commit by dnId=c2c40a72-a699-49b1-b721-1997d9d2c71f for containerID=#11 failed. Corresponding entry not found.
2021-08-15 14:03:32,542 [EventQueue-DeleteBlockStatusForDeletedBlockLogImpl] DEBUG block.DeletedBlockLogImpl (DeletedBlockLogImpl.java:isTransactionFailed(278)) - Got block deletion ACK from datanode, TXIDs=12, success=true
2021-08-15 14:03:32,542 [EventQueue-DeleteBlockStatusForDeletedBlockLogImpl] DEBUG block.DeletedBlockLogImpl (DeletedBlockLogImpl.java:commitTransactions(224)) - Transaction txId=12 commit by dnId=c2c40a72-a699-49b1-b721-1997d9d2c71f for containerID=#12 failed. Corresponding entry not found.
2021-08-15 14:03:32,542 [EventQueue-DeleteBlockStatusForDeletedBlockLogImpl] DEBUG block.DeletedBlockLogImpl (DeletedBlockLogImpl.java:isTransactionFailed(278)) - Got block deletion ACK from datanode, TXIDs=13, success=true
2021-08-15 14:03:32,542 [EventQueue-DeleteBlockStatusForDeletedBlockLogImpl] DEBUG block.DeletedBlockLogImpl (DeletedBlockLogImpl.java:commitTransactions(224)) - Transaction txId=13 commit by dnId=c2c40a72-a699-49b1-b721-1997d9d2c71f for containerID=#13 failed. Corresponding entry not found.
2021-08-15 14:03:32,542 [EventQueue-DeleteBlockStatusForDeletedBlockLogImpl] DEBUG block.DeletedBlockLogImpl (DeletedBlockLogImpl.java:isTransactionFailed(278)) - Got block deletion ACK from datanode, TXIDs=14, success=true
2021-08-15 14:03:32,542 [EventQueue-DeleteBlockStatusForDeletedBlockLogImpl] DEBUG block.DeletedBlockLogImpl (DeletedBlockLogImpl.java:commitTransactions(224)) - Transaction txId=14 commit by dnId=c2c40a72-a699-49b1-b721-1997d9d2c71f for containerID=#14 failed. Corresponding entry not found.
2021-08-15 14:03:32,542 [EventQueue-DeleteBlockStatusForDeletedBlockLogImpl] DEBUG block.DeletedBlockLogImpl (DeletedBlockLogImpl.java:isTransactionFailed(278)) - Got block deletion ACK from datanode, TXIDs=15, success=true
2021-08-15 14:03:32,542 [EventQueue-DeleteBlockStatusForDeletedBlockLogImpl] DEBUG block.DeletedBlockLogImpl (DeletedBlockLogImpl.java:commitTransactions(224)) - Transaction txId=15 commit by dnId=c2c40a72-a699-49b1-b721-1997d9d2c71f for containerID=#15 failed. Corresponding entry not found.
2021-08-15 14:03:32,542 [EventQueue-DeleteBlockStatusForDeletedBlockLogImpl] DEBUG block.DeletedBlockLogImpl (DeletedBlockLogImpl.java:isTransactionFailed(278)) - Got block deletion ACK from datanode, TXIDs=16, success=true
2021-08-15 14:03:32,542 [EventQueue-DeleteBlockStatusForDeletedBlockLogImpl] DEBUG block.DeletedBlockLogImpl (DeletedBlockLogImpl.java:commitTransactions(224)) - Transaction txId=16 commit by dnId=c2c40a72-a699-49b1-b721-1997d9d2c71f for containerID=#16 failed. Corresponding entry not found.
2021-08-15 14:03:32,542 [EventQueue-DeleteBlockStatusForDeletedBlockLogImpl] DEBUG block.DeletedBlockLogImpl (DeletedBlockLogImpl.java:isTransactionFailed(278)) - Got block deletion ACK from datanode, TXIDs=17, success=true
2021-08-15 14:03:32,542 [EventQueue-DeleteBlockStatusForDeletedBlockLogImpl] DEBUG block.DeletedBlockLogImpl (DeletedBlockLogImpl.java:commitTransactions(224)) - Transaction txId=17 commit by dnId=c2c40a72-a699-49b1-b721-1997d9d2c71f for containerID=#17 failed. Corresponding entry not found.
2021-08-15 14:03:32,542 [EventQueue-DeleteBlockStatusForDeletedBlockLogImpl] DEBUG block.DeletedBlockLogImpl (DeletedBlockLogImpl.java:isTransactionFailed(278)) - Got block deletion ACK from datanode, TXIDs=18, success=true
2021-08-15 14:03:32,542 [EventQueue-DeleteBlockStatusForDeletedBlockLogImpl] DEBUG block.DeletedBlockLogImpl (DeletedBlockLogImpl.java:commitTransactions(224)) - Transaction txId=18 commit by dnId=c2c40a72-a699-49b1-b721-1997d9d2c71f for containerID=#18 failed. Corresponding entry not found.
2021-08-15 14:03:32,542 [EventQueue-DeleteBlockStatusForDeletedBlockLogImpl] DEBUG block.DeletedBlockLogImpl (DeletedBlockLogImpl.java:isTransactionFailed(278)) - Got block deletion ACK from datanode, TXIDs=19, success=true
2021-08-15 14:03:32,542 [EventQueue-DeleteBlockStatusForDeletedBlockLogImpl] DEBUG block.DeletedBlockLogImpl (DeletedBlockLogImpl.java:commitTransactions(224)) - Transaction txId=19 commit by dnId=c2c40a72-a699-49b1-b721-1997d9d2c71f for containerID=#19 failed. Corresponding entry not found.
2021-08-15 14:03:32,542 [EventQueue-DeleteBlockStatusForDeletedBlockLogImpl] DEBUG block.DeletedBlockLogImpl (DeletedBlockLogImpl.java:isTransactionFailed(278)) - Got block deletion ACK from datanode, TXIDs=20, success=true
2021-08-15 14:03:32,542 [EventQueue-DeleteBlockStatusForDeletedBlockLogImpl] DEBUG block.DeletedBlockLogImpl (DeletedBlockLogImpl.java:commitTransactions(224)) - Transaction txId=20 commit by dnId=c2c40a72-a699-49b1-b721-1997d9d2c71f for containerID=#20 failed. Corresponding entry not found.
2021-08-15 14:03:32,542 [EventQueue-DeleteBlockStatusForDeletedBlockLogImpl] DEBUG block.DeletedBlockLogImpl (DeletedBlockLogImpl.java:isTransactionFailed(278)) - Got block deletion ACK from datanode, TXIDs=21, success=true
2021-08-15 14:03:32,542 [EventQueue-DeleteBlockStatusForDeletedBlockLogImpl] DEBUG block.DeletedBlockLogImpl (DeletedBlockLogImpl.java:commitTransactions(224)) - Transaction txId=21 commit by dnId=c2c40a72-a699-49b1-b721-1997d9d2c71f for containerID=#21 failed. Corresponding entry not found.
2021-08-15 14:03:32,542 [EventQueue-DeleteBlockStatusForDeletedBlockLogImpl] DEBUG block.DeletedBlockLogImpl (DeletedBlockLogImpl.java:isTransactionFailed(278)) - Got block deletion ACK from datanode, TXIDs=22, success=true
2021-08-15 14:03:32,542 [EventQueue-DeleteBlockStatusForDeletedBlockLogImpl] DEBUG block.DeletedBlockLogImpl (DeletedBlockLogImpl.java:commitTransactions(224)) - Transaction txId=22 commit by dnId=c2c40a72-a699-49b1-b721-1997d9d2c71f for containerID=#22 failed. Corresponding entry not found.
2021-08-15 14:03:32,542 [EventQueue-DeleteBlockStatusForDeletedBlockLogImpl] DEBUG block.DeletedBlockLogImpl (DeletedBlockLogImpl.java:isTransactionFailed(278)) - Got block deletion ACK from datanode, TXIDs=23, success=true
2021-08-15 14:03:32,542 [EventQueue-DeleteBlockStatusForDeletedBlockLogImpl] DEBUG block.DeletedBlockLogImpl (DeletedBlockLogImpl.java:commitTransactions(224)) - Transaction txId=23 commit by dnId=c2c40a72-a699-49b1-b721-1997d9d2c71f for containerID=#23 failed. Corresponding entry not found.
2021-08-15 14:03:32,542 [EventQueue-DeleteBlockStatusForDeletedBlockLogImpl] DEBUG block.DeletedBlockLogImpl (DeletedBlockLogImpl.java:isTransactionFailed(278)) - Got block deletion ACK from datanode, TXIDs=24, success=true
2021-08-15 14:03:32,542 [EventQueue-DeleteBlockStatusForDeletedBlockLogImpl] DEBUG block.DeletedBlockLogImpl (DeletedBlockLogImpl.java:commitTransactions(224)) - Transaction txId=24 commit by dnId=c2c40a72-a699-49b1-b721-1997d9d2c71f for containerID=#24 failed. Corresponding entry not found.
2021-08-15 14:03:32,542 [EventQueue-DeleteBlockStatusForDeletedBlockLogImpl] DEBUG block.DeletedBlockLogImpl (DeletedBlockLogImpl.java:isTransactionFailed(278)) - Got block deletion ACK from datanode, TXIDs=25, success=true
2021-08-15 14:03:32,542 [EventQueue-DeleteBlockStatusForDeletedBlockLogImpl] DEBUG block.DeletedBlockLogImpl (DeletedBlockLogImpl.java:commitTransactions(224)) - Transaction txId=25 commit by dnId=c2c40a72-a699-49b1-b721-1997d9d2c71f for containerID=#25 failed. Corresponding entry not found.
2021-08-15 14:03:32,542 [EventQueue-DeleteBlockStatusForDeletedBlockLogImpl] DEBUG block.DeletedBlockLogImpl (DeletedBlockLogImpl.java:isTransactionFailed(278)) - Got block deletion ACK from datanode, TXIDs=26, success=true
2021-08-15 14:03:32,542 [EventQueue-DeleteBlockStatusForDeletedBlockLogImpl] DEBUG block.DeletedBlockLogImpl (DeletedBlockLogImpl.java:commitTransactions(224)) - Transaction txId=26 commit by dnId=c2c40a72-a699-49b1-b721-1997d9d2c71f for containerID=#26 failed. Corresponding entry not found.
2021-08-15 14:03:32,542 [EventQueue-DeleteBlockStatusForDeletedBlockLogImpl] DEBUG block.DeletedBlockLogImpl (DeletedBlockLogImpl.java:isTransactionFailed(278)) - Got block deletion ACK from datanode, TXIDs=27, success=true
2021-08-15 14:03:32,542 [EventQueue-DeleteBlockStatusForDeletedBlockLogImpl] DEBUG block.DeletedBlockLogImpl (DeletedBlockLogImpl.java:commitTransactions(250)) - Purging txId=27 from block deletion log
2021-08-15 14:03:32,542 [EventQueue-DeleteBlockStatusForDeletedBlockLogImpl] DEBUG block.DeletedBlockLogImpl (DeletedBlockLogImpl.java:commitTransactions(256)) - Datanode txId=27 containerId=#27 committed by dnId=c2c40a72-a699-49b1-b721-1997d9d2c71f
2021-08-15 14:03:32,542 [EventQueue-DeleteBlockStatusForDeletedBlockLogImpl] DEBUG block.DeletedBlockLogImpl (DeletedBlockLogImpl.java:isTransactionFailed(278)) - Got block deletion ACK from datanode, TXIDs=28, success=true
2021-08-15 14:03:32,542 [EventQueue-DeleteBlockStatusForDeletedBlockLogImpl] DEBUG block.DeletedBlockLogImpl (DeletedBlockLogImpl.java:commitTransactions(256)) - Datanode txId=28 containerId=#28 committed by dnId=c2c40a72-a699-49b1-b721-1997d9d2c71f
2021-08-15 14:03:32,542 [EventQueue-DeleteBlockStatusForDeletedBlockLogImpl] DEBUG block.DeletedBlockLogImpl (DeletedBlockLogImpl.java:isTransactionFailed(278)) - Got block deletion ACK from datanode, TXIDs=29, success=true
2021-08-15 14:03:32,542 [EventQueue-DeleteBlockStatusForDeletedBlockLogImpl] DEBUG block.DeletedBlockLogImpl (DeletedBlockLogImpl.java:commitTransactions(256)) - Datanode txId=29 containerId=#29 committed by dnId=c2c40a72-a699-49b1-b721-1997d9d2c71f
2021-08-15 14:03:32,542 [EventQueue-DeleteBlockStatusForDeletedBlockLogImpl] DEBUG block.DeletedBlockLogImpl (DeletedBlockLogImpl.java:isTransactionFailed(278)) - Got block deletion ACK from datanode, TXIDs=30, success=true
2021-08-15 14:03:32,542 [EventQueue-DeleteBlockStatusForDeletedBlockLogImpl] DEBUG block.DeletedBlockLogImpl (DeletedBlockLogImpl.java:commitTransactions(256)) - Datanode txId=30 containerId=#30 committed by dnId=c2c40a72-a699-49b1-b721-1997d9d2c71f
2021-08-15 14:03:32,542 [EventQueue-DeleteBlockStatusForDeletedBlockLogImpl] DEBUG block.DeletedBlockLogImpl (DeletedBlockLogImpl.java:isTransactionFailed(278)) - Got block deletion ACK from datanode, TXIDs=31, success=true
2021-08-15 14:03:32,542 [EventQueue-DeleteBlockStatusForDeletedBlockLogImpl] DEBUG block.DeletedBlockLogImpl (DeletedBlockLogImpl.java:commitTransactions(256)) - Datanode txId=31 containerId=#31 committed by dnId=c2c40a72-a699-49b1-b721-1997d9d2c71f
2021-08-15 14:03:32,542 [EventQueue-DeleteBlockStatusForDeletedBlockLogImpl] DEBUG block.DeletedBlockLogImpl (DeletedBlockLogImpl.java:isTransactionFailed(278)) - Got block deletion ACK from datanode, TXIDs=32, success=true
2021-08-15 14:03:32,542 [EventQueue-DeleteBlockStatusForDeletedBlockLogImpl] DEBUG block.DeletedBlockLogImpl (DeletedBlockLogImpl.java:commitTransactions(256)) - Datanode txId=32 containerId=#32 committed by dnId=c2c40a72-a699-49b1-b721-1997d9d2c71f
2021-08-15 14:03:32,542 [EventQueue-DeleteBlockStatusForDeletedBlockLogImpl] DEBUG block.DeletedBlockLogImpl (DeletedBlockLogImpl.java:isTransactionFailed(278)) - Got block deletion ACK from datanode, TXIDs=33, success=true
2021-08-15 14:03:32,542 [EventQueue-DeleteBlockStatusForDeletedBlockLogImpl] DEBUG block.DeletedBlockLogImpl (DeletedBlockLogImpl.java:commitTransactions(256)) - Datanode txId=33 containerId=#33 committed by dnId=c2c40a72-a699-49b1-b721-1997d9d2c71f
2021-08-15 14:03:32,542 [EventQueue-DeleteBlockStatusForDeletedBlockLogImpl] DEBUG block.DeletedBlockLogImpl (DeletedBlockLogImpl.java:isTransactionFailed(278)) - Got block deletion ACK from datanode, TXIDs=34, success=true
2021-08-15 14:03:32,543 [EventQueue-DeleteBlockStatusForDeletedBlockLogImpl] DEBUG block.DeletedBlockLogImpl (DeletedBlockLogImpl.java:commitTransactions(256)) - Datanode txId=34 containerId=#34 committed by dnId=c2c40a72-a699-49b1-b721-1997d9d2c71f
2021-08-15 14:03:32,543 [EventQueue-DeleteBlockStatusForDeletedBlockLogImpl] DEBUG block.DeletedBlockLogImpl (DeletedBlockLogImpl.java:isTransactionFailed(278)) - Got block deletion ACK from datanode, TXIDs=35, success=true
2021-08-15 14:03:32,543 [EventQueue-DeleteBlockStatusForDeletedBlockLogImpl] DEBUG block.DeletedBlockLogImpl (DeletedBlockLogImpl.java:commitTransactions(256)) - Datanode txId=35 containerId=#35 committed by dnId=c2c40a72-a699-49b1-b721-1997d9d2c71f
2021-08-15 14:03:32,543 [EventQueue-DeleteBlockStatusForDeletedBlockLogImpl] DEBUG block.DeletedBlockLogImpl (DeletedBlockLogImpl.java:isTransactionFailed(278)) - Got block deletion ACK from datanode, TXIDs=36, success=true
2021-08-15 14:03:32,543 [EventQueue-DeleteBlockStatusForDeletedBlockLogImpl] DEBUG block.DeletedBlockLogImpl (DeletedBlockLogImpl.java:commitTransactions(256)) - Datanode txId=36 containerId=#36 committed by dnId=c2c40a72-a699-49b1-b721-1997d9d2c71f
2021-08-15 14:03:32,543 [EventQueue-DeleteBlockStatusForDeletedBlockLogImpl] DEBUG block.DeletedBlockLogImpl (DeletedBlockLogImpl.java:isTransactionFailed(278)) - Got block deletion ACK from datanode, TXIDs=37, success=true
2021-08-15 14:03:32,543 [EventQueue-DeleteBlockStatusForDeletedBlockLogImpl] DEBUG block.DeletedBlockLogImpl (DeletedBlockLogImpl.java:commitTransactions(256)) - Datanode txId=37 containerId=#37 committed by dnId=c2c40a72-a699-49b1-b721-1997d9d2c71f
2021-08-15 14:03:32,543 [EventQueue-DeleteBlockStatusForDeletedBlockLogImpl] DEBUG block.DeletedBlockLogImpl (DeletedBlockLogImpl.java:isTransactionFailed(278)) - Got block deletion ACK from datanode, TXIDs=38, success=true
2021-08-15 14:03:32,543 [EventQueue-DeleteBlockStatusForDeletedBlockLogImpl] DEBUG block.DeletedBlockLogImpl (DeletedBlockLogImpl.java:commitTransactions(256)) - Datanode txId=38 containerId=#38 committed by dnId=c2c40a72-a699-49b1-b721-1997d9d2c71f
2021-08-15 14:03:32,543 [EventQueue-DeleteBlockStatusForDeletedBlockLogImpl] DEBUG block.DeletedBlockLogImpl (DeletedBlockLogImpl.java:isTransactionFailed(278)) - Got block deletion ACK from datanode, TXIDs=39, success=true
2021-08-15 14:03:32,543 [EventQueue-DeleteBlockStatusForDeletedBlockLogImpl] DEBUG block.DeletedBlockLogImpl (DeletedBlockLogImpl.java:commitTransactions(256)) - Datanode txId=39 containerId=#39 committed by dnId=c2c40a72-a699-49b1-b721-1997d9d2c71f
2021-08-15 14:03:32,543 [EventQueue-DeleteBlockStatusForDeletedBlockLogImpl] DEBUG block.DeletedBlockLogImpl (DeletedBlockLogImpl.java:isTransactionFailed(278)) - Got block deletion ACK from datanode, TXIDs=40, success=true
2021-08-15 14:03:32,543 [EventQueue-DeleteBlockStatusForDeletedBlockLogImpl] DEBUG block.DeletedBlockLogImpl (DeletedBlockLogImpl.java:commitTransactions(256)) - Datanode txId=40 containerId=#40 committed by dnId=c2c40a72-a699-49b1-b721-1997d9d2c71f
2021-08-15 14:03:32,543 [EventQueue-DeleteBlockStatusForDeletedBlockLogImpl] DEBUG block.DeletedBlockLogImpl (DeletedBlockLogImpl.java:isTransactionFailed(278)) - Got block deletion ACK from datanode, TXIDs=41, success=true
2021-08-15 14:03:32,543 [EventQueue-DeleteBlockStatusForDeletedBlockLogImpl] DEBUG block.DeletedBlockLogImpl (DeletedBlockLogImpl.java:commitTransactions(256)) - Datanode txId=41 containerId=#41 committed by dnId=c2c40a72-a699-49b1-b721-1997d9d2c71f
2021-08-15 14:03:32,543 [EventQueue-DeleteBlockStatusForDeletedBlockLogImpl] DEBUG block.DeletedBlockLogImpl (DeletedBlockLogImpl.java:isTransactionFailed(278)) - Got block deletion ACK from datanode, TXIDs=42, success=true
2021-08-15 14:03:32,543 [EventQueue-DeleteBlockStatusForDeletedBlockLogImpl] DEBUG block.DeletedBlockLogImpl (DeletedBlockLogImpl.java:commitTransactions(256)) - Datanode txId=42 containerId=#42 committed by dnId=c2c40a72-a699-49b1-b721-1997d9d2c71f
2021-08-15 14:03:32,543 [EventQueue-DeleteBlockStatusForDeletedBlockLogImpl] DEBUG block.DeletedBlockLogImpl (DeletedBlockLogImpl.java:isTransactionFailed(278)) - Got block deletion ACK from datanode, TXIDs=43, success=true
2021-08-15 14:03:32,543 [EventQueue-DeleteBlockStatusForDeletedBlockLogImpl] DEBUG block.DeletedBlockLogImpl (DeletedBlockLogImpl.java:commitTransactions(256)) - Datanode txId=43 containerId=#43 committed by dnId=c2c40a72-a699-49b1-b721-1997d9d2c71f
2021-08-15 14:03:32,543 [EventQueue-DeleteBlockStatusForDeletedBlockLogImpl] DEBUG block.DeletedBlockLogImpl (DeletedBlockLogImpl.java:isTransactionFailed(278)) - Got block deletion ACK from datanode, TXIDs=44, success=true
2021-08-15 14:03:32,543 [EventQueue-DeleteBlockStatusForDeletedBlockLogImpl] DEBUG block.DeletedBlockLogImpl (DeletedBlockLogImpl.java:commitTransactions(256)) - Datanode txId=44 containerId=#44 committed by dnId=c2c40a72-a699-49b1-b721-1997d9d2c71f
2021-08-15 14:03:32,543 [EventQueue-DeleteBlockStatusForDeletedBlockLogImpl] DEBUG block.DeletedBlockLogImpl (DeletedBlockLogImpl.java:isTransactionFailed(278)) - Got block deletion ACK from datanode, TXIDs=45, success=true
2021-08-15 14:03:32,543 [EventQueue-DeleteBlockStatusForDeletedBlockLogImpl] DEBUG block.DeletedBlockLogImpl (DeletedBlockLogImpl.java:commitTransactions(256)) - Datanode txId=45 containerId=#45 committed by dnId=c2c40a72-a699-49b1-b721-1997d9d2c71f
2021-08-15 14:03:32,543 [EventQueue-DeleteBlockStatusForDeletedBlockLogImpl] DEBUG block.DeletedBlockLogImpl (DeletedBlockLogImpl.java:isTransactionFailed(278)) - Got block deletion ACK from datanode, TXIDs=46, success=true
2021-08-15 14:03:32,543 [EventQueue-DeleteBlockStatusForDeletedBlockLogImpl] DEBUG block.DeletedBlockLogImpl (DeletedBlockLogImpl.java:commitTransactions(256)) - Datanode txId=46 containerId=#46 committed by dnId=c2c40a72-a699-49b1-b721-1997d9d2c71f
2021-08-15 14:03:32,543 [EventQueue-DeleteBlockStatusForDeletedBlockLogImpl] DEBUG block.DeletedBlockLogImpl (DeletedBlockLogImpl.java:isTransactionFailed(278)) - Got block deletion ACK from datanode, TXIDs=47, success=true
2021-08-15 14:03:32,543 [EventQueue-DeleteBlockStatusForDeletedBlockLogImpl] DEBUG block.DeletedBlockLogImpl (DeletedBlockLogImpl.java:commitTransactions(256)) - Datanode txId=47 containerId=#47 committed by dnId=c2c40a72-a699-49b1-b721-1997d9d2c71f
2021-08-15 14:03:32,543 [EventQueue-DeleteBlockStatusForDeletedBlockLogImpl] DEBUG block.DeletedBlockLogImpl (DeletedBlockLogImpl.java:isTransactionFailed(278)) - Got block deletion ACK from datanode, TXIDs=48, success=true
2021-08-15 14:03:32,543 [EventQueue-DeleteBlockStatusForDeletedBlockLogImpl] DEBUG block.DeletedBlockLogImpl (DeletedBlockLogImpl.java:commitTransactions(256)) - Datanode txId=48 containerId=#48 committed by dnId=c2c40a72-a699-49b1-b721-1997d9d2c71f
2021-08-15 14:03:32,543 [EventQueue-DeleteBlockStatusForDeletedBlockLogImpl] DEBUG block.DeletedBlockLogImpl (DeletedBlockLogImpl.java:isTransactionFailed(278)) - Got block deletion ACK from datanode, TXIDs=49, success=true
2021-08-15 14:03:32,543 [EventQueue-DeleteBlockStatusForDeletedBlockLogImpl] DEBUG block.DeletedBlockLogImpl (DeletedBlockLogImpl.java:commitTransactions(256)) - Datanode txId=49 containerId=#49 committed by dnId=c2c40a72-a699-49b1-b721-1997d9d2c71f
2021-08-15 14:03:32,543 [EventQueue-DeleteBlockStatusForDeletedBlockLogImpl] DEBUG block.DeletedBlockLogImpl (DeletedBlockLogImpl.java:isTransactionFailed(278)) - Got block deletion ACK from datanode, TXIDs=50, success=true
2021-08-15 14:03:32,543 [EventQueue-DeleteBlockStatusForDeletedBlockLogImpl] DEBUG block.DeletedBlockLogImpl (DeletedBlockLogImpl.java:commitTransactions(256)) - Datanode txId=50 containerId=#50 committed by dnId=c2c40a72-a699-49b1-b721-1997d9d2c71f
2021-08-15 14:03:32,543 [EventQueue-DeleteBlockStatusForDeletedBlockLogImpl] DEBUG block.DeletedBlockLogImpl (DeletedBlockLogImpl.java:isTransactionFailed(278)) - Got block deletion ACK from datanode, TXIDs=51, success=true
2021-08-15 14:03:32,543 [EventQueue-DeleteBlockStatusForDeletedBlockLogImpl] DEBUG block.DeletedBlockLogImpl (DeletedBlockLogImpl.java:commitTransactions(256)) - Datanode txId=51 containerId=#51 committed by dnId=c2c40a72-a699-49b1-b721-1997d9d2c71f
2021-08-15 14:03:32,543 [EventQueue-DeleteBlockStatusForDeletedBlockLogImpl] DEBUG block.DeletedBlockLogImpl (DeletedBlockLogImpl.java:isTransactionFailed(278)) - Got block deletion ACK from datanode, TXIDs=52, success=true
2021-08-15 14:03:32,543 [EventQueue-DeleteBlockStatusForDeletedBlockLogImpl] DEBUG block.DeletedBlockLogImpl (DeletedBlockLogImpl.java:commitTransactions(256)) - Datanode txId=52 containerId=#52 committed by dnId=c2c40a72-a699-49b1-b721-1997d9d2c71f
2021-08-15 14:03:32,543 [EventQueue-DeleteBlockStatusForDeletedBlockLogImpl] DEBUG block.DeletedBlockLogImpl (DeletedBlockLogImpl.java:isTransactionFailed(278)) - Got block deletion ACK from datanode, TXIDs=53, success=true
2021-08-15 14:03:32,543 [EventQueue-DeleteBlockStatusForDeletedBlockLogImpl] DEBUG block.DeletedBlockLogImpl (DeletedBlockLogImpl.java:commitTransactions(256)) - Datanode txId=53 containerId=#53 committed by dnId=c2c40a72-a699-49b1-b721-1997d9d2c71f
2021-08-15 14:03:32,543 [EventQueue-DeleteBlockStatusForDeletedBlockLogImpl] DEBUG block.DeletedBlockLogImpl (DeletedBlockLogImpl.java:isTransactionFailed(278)) - Got block deletion ACK from datanode, TXIDs=54, success=true
2021-08-15 14:03:32,543 [EventQueue-DeleteBlockStatusForDeletedBlockLogImpl] DEBUG block.DeletedBlockLogImpl (DeletedBlockLogImpl.java:commitTransactions(256)) - Datanode txId=54 containerId=#54 committed by dnId=c2c40a72-a699-49b1-b721-1997d9d2c71f
2021-08-15 14:03:32,543 [EventQueue-DeleteBlockStatusForDeletedBlockLogImpl] DEBUG block.DeletedBlockLogImpl (DeletedBlockLogImpl.java:isTransactionFailed(278)) - Got block deletion ACK from datanode, TXIDs=55, success=true
2021-08-15 14:03:32,543 [EventQueue-DeleteBlockStatusForDeletedBlockLogImpl] DEBUG block.DeletedBlockLogImpl (DeletedBlockLogImpl.java:commitTransactions(256)) - Datanode txId=55 containerId=#55 committed by dnId=c2c40a72-a699-49b1-b721-1997d9d2c71f
2021-08-15 14:03:32,543 [EventQueue-DeleteBlockStatusForDeletedBlockLogImpl] DEBUG block.DeletedBlockLogImpl (DeletedBlockLogImpl.java:isTransactionFailed(278)) - Got block deletion ACK from datanode, TXIDs=56, success=true
2021-08-15 14:03:32,543 [EventQueue-DeleteBlockStatusForDeletedBlockLogImpl] DEBUG block.DeletedBlockLogImpl (DeletedBlockLogImpl.java:commitTransactions(256)) - Datanode txId=56 containerId=#56 committed by dnId=c2c40a72-a699-49b1-b721-1997d9d2c71f
2021-08-15 14:03:32,543 [EventQueue-DeleteBlockStatusForDeletedBlockLogImpl] DEBUG block.DeletedBlockLogImpl (DeletedBlockLogImpl.java:isTransactionFailed(278)) - Got block deletion ACK from datanode, TXIDs=1, success=true
2021-08-15 14:03:32,543 [EventQueue-DeleteBlockStatusForDeletedBlockLogImpl] DEBUG block.DeletedBlockLogImpl (DeletedBlockLogImpl.java:commitTransactions(224)) - Transaction txId=1 commit by dnId=c2c40a72-a699-49b1-b721-1997d9d2c71f for containerID=#1 failed. Corresponding entry not found.
2021-08-15 14:03:32,543 [EventQueue-DeleteBlockStatusForDeletedBlockLogImpl] DEBUG block.DeletedBlockLogImpl (DeletedBlockLogImpl.java:isTransactionFailed(278)) - Got block deletion ACK from datanode, TXIDs=2, success=true
2021-08-15 14:03:32,544 [EventQueue-DeleteBlockStatusForDeletedBlockLogImpl] DEBUG block.DeletedBlockLogImpl (DeletedBlockLogImpl.java:commitTransactions(224)) - Transaction txId=2 commit by dnId=c2c40a72-a699-49b1-b721-1997d9d2c71f for containerID=#2 failed. Corresponding entry not found.
2021-08-15 14:03:32,544 [EventQueue-DeleteBlockStatusForDeletedBlockLogImpl] DEBUG block.DeletedBlockLogImpl (DeletedBlockLogImpl.java:isTransactionFailed(278)) - Got block deletion ACK from datanode, TXIDs=3, success=true
2021-08-15 14:03:32,544 [EventQueue-DeleteBlockStatusForDeletedBlockLogImpl] DEBUG block.DeletedBlockLogImpl (DeletedBlockLogImpl.java:commitTransactions(224)) - Transaction txId=3 commit by dnId=c2c40a72-a699-49b1-b721-1997d9d2c71f for containerID=#3 failed. Corresponding entry not found.
2021-08-15 14:03:32,544 [EventQueue-DeleteBlockStatusForDeletedBlockLogImpl] DEBUG block.DeletedBlockLogImpl (DeletedBlockLogImpl.java:isTransactionFailed(278)) - Got block deletion ACK from datanode, TXIDs=4, success=true
2021-08-15 14:03:32,544 [EventQueue-DeleteBlockStatusForDeletedBlockLogImpl] DEBUG block.DeletedBlockLogImpl (DeletedBlockLogImpl.java:commitTransactions(224)) - Transaction txId=4 commit by dnId=c2c40a72-a699-49b1-b721-1997d9d2c71f for containerID=#4 failed. Corresponding entry not found.
2021-08-15 14:03:32,544 [EventQueue-DeleteBlockStatusForDeletedBlockLogImpl] DEBUG block.DeletedBlockLogImpl (DeletedBlockLogImpl.java:isTransactionFailed(278)) - Got block deletion ACK from datanode, TXIDs=5, success=true
2021-08-15 14:03:32,544 [EventQueue-DeleteBlockStatusForDeletedBlockLogImpl] DEBUG block.DeletedBlockLogImpl (DeletedBlockLogImpl.java:commitTransactions(224)) - Transaction txId=5 commit by dnId=c2c40a72-a699-49b1-b721-1997d9d2c71f for containerID=#5 failed. Corresponding entry not found.
2021-08-15 14:03:32,544 [EventQueue-DeleteBlockStatusForDeletedBlockLogImpl] DEBUG block.DeletedBlockLogImpl (DeletedBlockLogImpl.java:isTransactionFailed(278)) - Got block deletion ACK from datanode, TXIDs=6, success=true
2021-08-15 14:03:32,544 [EventQueue-DeleteBlockStatusForDeletedBlockLogImpl] DEBUG block.DeletedBlockLogImpl (DeletedBlockLogImpl.java:commitTransactions(224)) - Transaction txId=6 commit by dnId=c2c40a72-a699-49b1-b721-1997d9d2c71f for containerID=#6 failed. Corresponding entry not found.
2021-08-15 14:03:32,544 [EventQueue-DeleteBlockStatusForDeletedBlockLogImpl] DEBUG block.DeletedBlockLogImpl (DeletedBlockLogImpl.java:isTransactionFailed(278)) - Got block deletion ACK from datanode, TXIDs=7, success=true
2021-08-15 14:03:32,544 [EventQueue-DeleteBlockStatusForDeletedBlockLogImpl] DEBUG block.DeletedBlockLogImpl (DeletedBlockLogImpl.java:commitTransactions(224)) - Transaction txId=7 commit by dnId=c2c40a72-a699-49b1-b721-1997d9d2c71f for containerID=#7 failed. Corresponding entry not found.
2021-08-15 14:03:32,544 [EventQueue-DeleteBlockStatusForDeletedBlockLogImpl] DEBUG block.DeletedBlockLogImpl (DeletedBlockLogImpl.java:isTransactionFailed(278)) - Got block deletion ACK from datanode, TXIDs=8, success=true
2021-08-15 14:03:32,544 [EventQueue-DeleteBlockStatusForDeletedBlockLogImpl] DEBUG block.DeletedBlockLogImpl (DeletedBlockLogImpl.java:commitTransactions(224)) - Transaction txId=8 commit by dnId=c2c40a72-a699-49b1-b721-1997d9d2c71f for containerID=#8 failed. Corresponding entry not found.
2021-08-15 14:03:32,544 [EventQueue-DeleteBlockStatusForDeletedBlockLogImpl] DEBUG block.DeletedBlockLogImpl (DeletedBlockLogImpl.java:isTransactionFailed(278)) - Got block deletion ACK from datanode, TXIDs=9, success=true
2021-08-15 14:03:32,544 [EventQueue-DeleteBlockStatusForDeletedBlockLogImpl] DEBUG block.DeletedBlockLogImpl (DeletedBlockLogImpl.java:commitTransactions(224)) - Transaction txId=9 commit by dnId=c2c40a72-a699-49b1-b721-1997d9d2c71f for containerID=#9 failed. Corresponding entry not found.
2021-08-15 14:03:32,544 [EventQueue-DeleteBlockStatusForDeletedBlockLogImpl] DEBUG block.DeletedBlockLogImpl (DeletedBlockLogImpl.java:isTransactionFailed(278)) - Got block deletion ACK from datanode, TXIDs=10, success=true
2021-08-15 14:03:32,544 [EventQueue-DeleteBlockStatusForDeletedBlockLogImpl] DEBUG block.DeletedBlockLogImpl (DeletedBlockLogImpl.java:commitTransactions(224)) - Transaction txId=10 commit by dnId=c2c40a72-a699-49b1-b721-1997d9d2c71f for containerID=#10 failed. Corresponding entry not found.
2021-08-15 14:03:32,544 [EventQueue-DeleteBlockStatusForDeletedBlockLogImpl] DEBUG block.DeletedBlockLogImpl (DeletedBlockLogImpl.java:isTransactionFailed(278)) - Got block deletion ACK from datanode, TXIDs=11, success=true
2021-08-15 14:03:32,544 [EventQueue-DeleteBlockStatusForDeletedBlockLogImpl] DEBUG block.DeletedBlockLogImpl (DeletedBlockLogImpl.java:commitTransactions(224)) - Transaction txId=11 commit by dnId=c2c40a72-a699-49b1-b721-1997d9d2c71f for containerID=#11 failed. Corresponding entry not found.
2021-08-15 14:03:32,544 [EventQueue-DeleteBlockStatusForDeletedBlockLogImpl] DEBUG block.DeletedBlockLogImpl (DeletedBlockLogImpl.java:isTransactionFailed(278)) - Got block deletion ACK from datanode, TXIDs=12, success=true
2021-08-15 14:03:32,544 [EventQueue-DeleteBlockStatusForDeletedBlockLogImpl] DEBUG block.DeletedBlockLogImpl (DeletedBlockLogImpl.java:commitTransactions(224)) - Transaction txId=12 commit by dnId=c2c40a72-a699-49b1-b721-1997d9d2c71f for containerID=#12 failed. Corresponding entry not found.
2021-08-15 14:03:32,544 [EventQueue-DeleteBlockStatusForDeletedBlockLogImpl] DEBUG block.DeletedBlockLogImpl (DeletedBlockLogImpl.java:isTransactionFailed(278)) - Got block deletion ACK from datanode, TXIDs=13, success=true
2021-08-15 14:03:32,544 [EventQueue-DeleteBlockStatusForDeletedBlockLogImpl] DEBUG block.DeletedBlockLogImpl (DeletedBlockLogImpl.java:commitTransactions(224)) - Transaction txId=13 commit by dnId=c2c40a72-a699-49b1-b721-1997d9d2c71f for containerID=#13 failed. Corresponding entry not found.
2021-08-15 14:03:32,544 [EventQueue-DeleteBlockStatusForDeletedBlockLogImpl] DEBUG block.DeletedBlockLogImpl (DeletedBlockLogImpl.java:isTransactionFailed(278)) - Got block deletion ACK from datanode, TXIDs=14, success=true
2021-08-15 14:03:32,544 [EventQueue-DeleteBlockStatusForDeletedBlockLogImpl] DEBUG block.DeletedBlockLogImpl (DeletedBlockLogImpl.java:commitTransactions(224)) - Transaction txId=14 commit by dnId=c2c40a72-a699-49b1-b721-1997d9d2c71f for containerID=#14 failed. Corresponding entry not found.
2021-08-15 14:03:32,544 [EventQueue-DeleteBlockStatusForDeletedBlockLogImpl] DEBUG block.DeletedBlockLogImpl (DeletedBlockLogImpl.java:isTransactionFailed(278)) - Got block deletion ACK from datanode, TXIDs=15, success=true
2021-08-15 14:03:32,544 [EventQueue-DeleteBlockStatusForDeletedBlockLogImpl] DEBUG block.DeletedBlockLogImpl (DeletedBlockLogImpl.java:commitTransactions(224)) - Transaction txId=15 commit by dnId=c2c40a72-a699-49b1-b721-1997d9d2c71f for containerID=#15 failed. Corresponding entry not found.
2021-08-15 14:03:32,544 [EventQueue-DeleteBlockStatusForDeletedBlockLogImpl] DEBUG block.DeletedBlockLogImpl (DeletedBlockLogImpl.java:isTransactionFailed(278)) - Got block deletion ACK from datanode, TXIDs=16, success=true
2021-08-15 14:03:32,544 [EventQueue-DeleteBlockStatusForDeletedBlockLogImpl] DEBUG block.DeletedBlockLogImpl (DeletedBlockLogImpl.java:commitTransactions(224)) - Transaction txId=16 commit by dnId=c2c40a72-a699-49b1-b721-1997d9d2c71f for containerID=#16 failed. Corresponding entry not found.
2021-08-15 14:03:32,544 [EventQueue-DeleteBlockStatusForDeletedBlockLogImpl] DEBUG block.DeletedBlockLogImpl (DeletedBlockLogImpl.java:isTransactionFailed(278)) - Got block deletion ACK from datanode, TXIDs=17, success=true
2021-08-15 14:03:32,544 [EventQueue-DeleteBlockStatusForDeletedBlockLogImpl] DEBUG block.DeletedBlockLogImpl (DeletedBlockLogImpl.java:commitTransactions(224)) - Transaction txId=17 commit by dnId=c2c40a72-a699-49b1-b721-1997d9d2c71f for containerID=#17 failed. Corresponding entry not found.
2021-08-15 14:03:32,544 [EventQueue-DeleteBlockStatusForDeletedBlockLogImpl] DEBUG block.DeletedBlockLogImpl (DeletedBlockLogImpl.java:isTransactionFailed(278)) - Got block deletion ACK from datanode, TXIDs=18, success=true
2021-08-15 14:03:32,544 [EventQueue-DeleteBlockStatusForDeletedBlockLogImpl] DEBUG block.DeletedBlockLogImpl (DeletedBlockLogImpl.java:commitTransactions(224)) - Transaction txId=18 commit by dnId=c2c40a72-a699-49b1-b721-1997d9d2c71f for containerID=#18 failed. Corresponding entry not found.
2021-08-15 14:03:32,544 [EventQueue-DeleteBlockStatusForDeletedBlockLogImpl] DEBUG block.DeletedBlockLogImpl (DeletedBlockLogImpl.java:isTransactionFailed(278)) - Got block deletion ACK from datanode, TXIDs=19, success=true
2021-08-15 14:03:32,544 [EventQueue-DeleteBlockStatusForDeletedBlockLogImpl] DEBUG block.DeletedBlockLogImpl (DeletedBlockLogImpl.java:commitTransactions(224)) - Transaction txId=19 commit by dnId=c2c40a72-a699-49b1-b721-1997d9d2c71f for containerID=#19 failed. Corresponding entry not found.
2021-08-15 14:03:32,544 [EventQueue-DeleteBlockStatusForDeletedBlockLogImpl] DEBUG block.DeletedBlockLogImpl (DeletedBlockLogImpl.java:isTransactionFailed(278)) - Got block deletion ACK from datanode, TXIDs=20, success=true
2021-08-15 14:03:32,544 [EventQueue-DeleteBlockStatusForDeletedBlockLogImpl] DEBUG block.DeletedBlockLogImpl (DeletedBlockLogImpl.java:commitTransactions(224)) - Transaction txId=20 commit by dnId=c2c40a72-a699-49b1-b721-1997d9d2c71f for containerID=#20 failed. Corresponding entry not found.
2021-08-15 14:03:32,544 [EventQueue-DeleteBlockStatusForDeletedBlockLogImpl] DEBUG block.DeletedBlockLogImpl (DeletedBlockLogImpl.java:isTransactionFailed(278)) - Got block deletion ACK from datanode, TXIDs=21, success=true
2021-08-15 14:03:32,544 [EventQueue-DeleteBlockStatusForDeletedBlockLogImpl] DEBUG block.DeletedBlockLogImpl (DeletedBlockLogImpl.java:commitTransactions(224)) - Transaction txId=21 commit by dnId=c2c40a72-a699-49b1-b721-1997d9d2c71f for containerID=#21 failed. Corresponding entry not found.
2021-08-15 14:03:32,544 [EventQueue-DeleteBlockStatusForDeletedBlockLogImpl] DEBUG block.DeletedBlockLogImpl (DeletedBlockLogImpl.java:isTransactionFailed(278)) - Got block deletion ACK from datanode, TXIDs=22, success=true
2021-08-15 14:03:32,548 [EventQueue-DeleteBlockStatusForDeletedBlockLogImpl] DEBUG block.DeletedBlockLogImpl (DeletedBlockLogImpl.java:commitTransactions(224)) - Transaction txId=22 commit by dnId=c2c40a72-a699-49b1-b721-1997d9d2c71f for containerID=#22 failed. Corresponding entry not found.
2021-08-15 14:03:32,548 [EventQueue-DeleteBlockStatusForDeletedBlockLogImpl] DEBUG block.DeletedBlockLogImpl (DeletedBlockLogImpl.java:isTransactionFailed(278)) - Got block deletion ACK from datanode, TXIDs=23, success=true
2021-08-15 14:03:32,548 [EventQueue-DeleteBlockStatusForDeletedBlockLogImpl] DEBUG block.DeletedBlockLogImpl (DeletedBlockLogImpl.java:commitTransactions(224)) - Transaction txId=23 commit by dnId=c2c40a72-a699-49b1-b721-1997d9d2c71f for containerID=#23 failed. Corresponding entry not found.
2021-08-15 14:03:32,548 [EventQueue-DeleteBlockStatusForDeletedBlockLogImpl] DEBUG block.DeletedBlockLogImpl (DeletedBlockLogImpl.java:isTransactionFailed(278)) - Got block deletion ACK from datanode, TXIDs=24, success=true
2021-08-15 14:03:32,548 [EventQueue-DeleteBlockStatusForDeletedBlockLogImpl] DEBUG block.DeletedBlockLogImpl (DeletedBlockLogImpl.java:commitTransactions(224)) - Transaction txId=24 commit by dnId=c2c40a72-a699-49b1-b721-1997d9d2c71f for containerID=#24 failed. Corresponding entry not found.
2021-08-15 14:03:32,548 [EventQueue-DeleteBlockStatusForDeletedBlockLogImpl] DEBUG block.DeletedBlockLogImpl (DeletedBlockLogImpl.java:isTransactionFailed(278)) - Got block deletion ACK from datanode, TXIDs=25, success=true
2021-08-15 14:03:32,548 [EventQueue-DeleteBlockStatusForDeletedBlockLogImpl] DEBUG block.DeletedBlockLogImpl (DeletedBlockLogImpl.java:commitTransactions(224)) - Transaction txId=25 commit by dnId=c2c40a72-a699-49b1-b721-1997d9d2c71f for containerID=#25 failed. Corresponding entry not found.
2021-08-15 14:03:32,548 [EventQueue-DeleteBlockStatusForDeletedBlockLogImpl] DEBUG block.DeletedBlockLogImpl (DeletedBlockLogImpl.java:isTransactionFailed(278)) - Got block deletion ACK from datanode, TXIDs=26, success=true
2021-08-15 14:03:32,548 [EventQueue-DeleteBlockStatusForDeletedBlockLogImpl] DEBUG block.DeletedBlockLogImpl (DeletedBlockLogImpl.java:commitTransactions(224)) - Transaction txId=26 commit by dnId=c2c40a72-a699-49b1-b721-1997d9d2c71f for containerID=#26 failed. Corresponding entry not found.
2021-08-15 14:03:32,548 [EventQueue-DeleteBlockStatusForDeletedBlockLogImpl] DEBUG block.DeletedBlockLogImpl (DeletedBlockLogImpl.java:isTransactionFailed(278)) - Got block deletion ACK from datanode, TXIDs=27, success=true
2021-08-15 14:03:32,548 [EventQueue-DeleteBlockStatusForDeletedBlockLogImpl] DEBUG block.DeletedBlockLogImpl (DeletedBlockLogImpl.java:commitTransactions(224)) - Transaction txId=27 commit by dnId=c2c40a72-a699-49b1-b721-1997d9d2c71f for containerID=#27 failed. Corresponding entry not found.
2021-08-15 14:03:32,548 [EventQueue-DeleteBlockStatusForDeletedBlockLogImpl] DEBUG block.DeletedBlockLogImpl (DeletedBlockLogImpl.java:isTransactionFailed(278)) - Got block deletion ACK from datanode, TXIDs=1, success=true
2021-08-15 14:03:32,548 [EventQueue-DeleteBlockStatusForDeletedBlockLogImpl] DEBUG block.DeletedBlockLogImpl (DeletedBlockLogImpl.java:commitTransactions(224)) - Transaction txId=1 commit by dnId=c2c40a72-a699-49b1-b721-1997d9d2c71f for containerID=#1 failed. Corresponding entry not found.
2021-08-15 14:03:32,548 [EventQueue-DeleteBlockStatusForDeletedBlockLogImpl] DEBUG block.DeletedBlockLogImpl (DeletedBlockLogImpl.java:isTransactionFailed(278)) - Got block deletion ACK from datanode, TXIDs=2, success=true
2021-08-15 14:03:32,548 [EventQueue-DeleteBlockStatusForDeletedBlockLogImpl] DEBUG block.DeletedBlockLogImpl (DeletedBlockLogImpl.java:commitTransactions(224)) - Transaction txId=2 commit by dnId=c2c40a72-a699-49b1-b721-1997d9d2c71f for containerID=#2 failed. Corresponding entry not found.
2021-08-15 14:03:32,548 [EventQueue-DeleteBlockStatusForDeletedBlockLogImpl] DEBUG block.DeletedBlockLogImpl (DeletedBlockLogImpl.java:isTransactionFailed(278)) - Got block deletion ACK from datanode, TXIDs=3, success=true
2021-08-15 14:03:32,548 [EventQueue-DeleteBlockStatusForDeletedBlockLogImpl] DEBUG block.DeletedBlockLogImpl (DeletedBlockLogImpl.java:commitTransactions(224)) - Transaction txId=3 commit by dnId=c2c40a72-a699-49b1-b721-1997d9d2c71f for containerID=#3 failed. Corresponding entry not found.
2021-08-15 14:03:32,548 [EventQueue-DeleteBlockStatusForDeletedBlockLogImpl] DEBUG block.DeletedBlockLogImpl (DeletedBlockLogImpl.java:isTransactionFailed(278)) - Got block deletion ACK from datanode, TXIDs=4, success=true
2021-08-15 14:03:32,548 [EventQueue-DeleteBlockStatusForDeletedBlockLogImpl] DEBUG block.DeletedBlockLogImpl (DeletedBlockLogImpl.java:commitTransactions(224)) - Transaction txId=4 commit by dnId=c2c40a72-a699-49b1-b721-1997d9d2c71f for containerID=#4 failed. Corresponding entry not found.
2021-08-15 14:03:32,548 [EventQueue-DeleteBlockStatusForDeletedBlockLogImpl] DEBUG block.DeletedBlockLogImpl (DeletedBlockLogImpl.java:isTransactionFailed(278)) - Got block deletion ACK from datanode, TXIDs=5, success=true
2021-08-15 14:03:32,548 [EventQueue-DeleteBlockStatusForDeletedBlockLogImpl] DEBUG block.DeletedBlockLogImpl (DeletedBlockLogImpl.java:commitTransactions(224)) - Transaction txId=5 commit by dnId=c2c40a72-a699-49b1-b721-1997d9d2c71f for containerID=#5 failed. Corresponding entry not found.
2021-08-15 14:03:32,548 [EventQueue-DeleteBlockStatusForDeletedBlockLogImpl] DEBUG block.DeletedBlockLogImpl (DeletedBlockLogImpl.java:isTransactionFailed(278)) - Got block deletion ACK from datanode, TXIDs=6, success=true
2021-08-15 14:03:32,548 [EventQueue-DeleteBlockStatusForDeletedBlockLogImpl] DEBUG block.DeletedBlockLogImpl (DeletedBlockLogImpl.java:commitTransactions(224)) - Transaction txId=6 commit by dnId=c2c40a72-a699-49b1-b721-1997d9d2c71f for containerID=#6 failed. Corresponding entry not found.
2021-08-15 14:03:32,548 [EventQueue-DeleteBlockStatusForDeletedBlockLogImpl] DEBUG block.DeletedBlockLogImpl (DeletedBlockLogImpl.java:isTransactionFailed(278)) - Got block deletion ACK from datanode, TXIDs=7, success=true
2021-08-15 14:03:32,548 [EventQueue-DeleteBlockStatusForDeletedBlockLogImpl] DEBUG block.DeletedBlockLogImpl (DeletedBlockLogImpl.java:commitTransactions(224)) - Transaction txId=7 commit by dnId=c2c40a72-a699-49b1-b721-1997d9d2c71f for containerID=#7 failed. Corresponding entry not found.
2021-08-15 14:03:32,548 [EventQueue-DeleteBlockStatusForDeletedBlockLogImpl] DEBUG block.DeletedBlockLogImpl (DeletedBlockLogImpl.java:isTransactionFailed(278)) - Got block deletion ACK from datanode, TXIDs=8, success=true
2021-08-15 14:03:32,548 [EventQueue-DeleteBlockStatusForDeletedBlockLogImpl] DEBUG block.DeletedBlockLogImpl (DeletedBlockLogImpl.java:commitTransactions(224)) - Transaction txId=8 commit by dnId=c2c40a72-a699-49b1-b721-1997d9d2c71f for containerID=#8 failed. Corresponding entry not found.
2021-08-15 14:03:32,548 [EventQueue-DeleteBlockStatusForDeletedBlockLogImpl] DEBUG block.DeletedBlockLogImpl (DeletedBlockLogImpl.java:isTransactionFailed(278)) - Got block deletion ACK from datanode, TXIDs=9, success=true
2021-08-15 14:03:32,548 [EventQueue-DeleteBlockStatusForDeletedBlockLogImpl] DEBUG block.DeletedBlockLogImpl (DeletedBlockLogImpl.java:commitTransactions(224)) - Transaction txId=9 commit by dnId=c2c40a72-a699-49b1-b721-1997d9d2c71f for containerID=#9 failed. Corresponding entry not found.
2021-08-15 14:03:32,548 [EventQueue-DeleteBlockStatusForDeletedBlockLogImpl] DEBUG block.DeletedBlockLogImpl (DeletedBlockLogImpl.java:isTransactionFailed(278)) - Got block deletion ACK from datanode, TXIDs=10, success=true
2021-08-15 14:03:32,548 [EventQueue-DeleteBlockStatusForDeletedBlockLogImpl] DEBUG block.DeletedBlockLogImpl (DeletedBlockLogImpl.java:commitTransactions(224)) - Transaction txId=10 commit by dnId=c2c40a72-a699-49b1-b721-1997d9d2c71f for containerID=#10 failed. Corresponding entry not found.
2021-08-15 14:03:32,548 [EventQueue-DeleteBlockStatusForDeletedBlockLogImpl] DEBUG block.DeletedBlockLogImpl (DeletedBlockLogImpl.java:isTransactionFailed(278)) - Got block deletion ACK from datanode, TXIDs=11, success=true
2021-08-15 14:03:32,548 [EventQueue-DeleteBlockStatusForDeletedBlockLogImpl] DEBUG block.DeletedBlockLogImpl (DeletedBlockLogImpl.java:commitTransactions(224)) - Transaction txId=11 commit by dnId=c2c40a72-a699-49b1-b721-1997d9d2c71f for containerID=#11 failed. Corresponding entry not found.
2021-08-15 14:03:32,548 [EventQueue-DeleteBlockStatusForDeletedBlockLogImpl] DEBUG block.DeletedBlockLogImpl (DeletedBlockLogImpl.java:isTransactionFailed(278)) - Got block deletion ACK from datanode, TXIDs=12, success=true
2021-08-15 14:03:32,548 [EventQueue-DeleteBlockStatusForDeletedBlockLogImpl] DEBUG block.DeletedBlockLogImpl (DeletedBlockLogImpl.java:commitTransactions(224)) - Transaction txId=12 commit by dnId=c2c40a72-a699-49b1-b721-1997d9d2c71f for containerID=#12 failed. Corresponding entry not found.
2021-08-15 14:03:32,548 [EventQueue-DeleteBlockStatusForDeletedBlockLogImpl] DEBUG block.DeletedBlockLogImpl (DeletedBlockLogImpl.java:isTransactionFailed(278)) - Got block deletion ACK from datanode, TXIDs=13, success=true
2021-08-15 14:03:32,548 [EventQueue-DeleteBlockStatusForDeletedBlockLogImpl] DEBUG block.DeletedBlockLogImpl (DeletedBlockLogImpl.java:commitTransactions(224)) - Transaction txId=13 commit by dnId=c2c40a72-a699-49b1-b721-1997d9d2c71f for containerID=#13 failed. Corresponding entry not found.
2021-08-15 14:03:32,548 [EventQueue-DeleteBlockStatusForDeletedBlockLogImpl] DEBUG block.DeletedBlockLogImpl (DeletedBlockLogImpl.java:isTransactionFailed(278)) - Got block deletion ACK from datanode, TXIDs=14, success=true
2021-08-15 14:03:32,549 [EventQueue-DeleteBlockStatusForDeletedBlockLogImpl] DEBUG block.DeletedBlockLogImpl (DeletedBlockLogImpl.java:commitTransactions(224)) - Transaction txId=14 commit by dnId=c2c40a72-a699-49b1-b721-1997d9d2c71f for containerID=#14 failed. Corresponding entry not found.
2021-08-15 14:03:32,549 [EventQueue-DeleteBlockStatusForDeletedBlockLogImpl] DEBUG block.DeletedBlockLogImpl (DeletedBlockLogImpl.java:isTransactionFailed(278)) - Got block deletion ACK from datanode, TXIDs=15, success=true
2021-08-15 14:03:32,549 [EventQueue-DeleteBlockStatusForDeletedBlockLogImpl] DEBUG block.DeletedBlockLogImpl (DeletedBlockLogImpl.java:commitTransactions(224)) - Transaction txId=15 commit by dnId=c2c40a72-a699-49b1-b721-1997d9d2c71f for containerID=#15 failed. Corresponding entry not found.
2021-08-15 14:03:32,549 [EventQueue-DeleteBlockStatusForDeletedBlockLogImpl] DEBUG block.DeletedBlockLogImpl (DeletedBlockLogImpl.java:isTransactionFailed(278)) - Got block deletion ACK from datanode, TXIDs=16, success=true
2021-08-15 14:03:32,549 [EventQueue-DeleteBlockStatusForDeletedBlockLogImpl] DEBUG block.DeletedBlockLogImpl (DeletedBlockLogImpl.java:commitTransactions(224)) - Transaction txId=16 commit by dnId=c2c40a72-a699-49b1-b721-1997d9d2c71f for containerID=#16 failed. Corresponding entry not found.
2021-08-15 14:03:32,549 [EventQueue-DeleteBlockStatusForDeletedBlockLogImpl] DEBUG block.DeletedBlockLogImpl (DeletedBlockLogImpl.java:isTransactionFailed(278)) - Got block deletion ACK from datanode, TXIDs=17, success=true
2021-08-15 14:03:32,549 [EventQueue-DeleteBlockStatusForDeletedBlockLogImpl] DEBUG block.DeletedBlockLogImpl (DeletedBlockLogImpl.java:commitTransactions(224)) - Transaction txId=17 commit by dnId=c2c40a72-a699-49b1-b721-1997d9d2c71f for containerID=#17 failed. Corresponding entry not found.
2021-08-15 14:03:32,549 [EventQueue-DeleteBlockStatusForDeletedBlockLogImpl] DEBUG block.DeletedBlockLogImpl (DeletedBlockLogImpl.java:isTransactionFailed(278)) - Got block deletion ACK from datanode, TXIDs=18, success=true
2021-08-15 14:03:32,549 [EventQueue-DeleteBlockStatusForDeletedBlockLogImpl] DEBUG block.DeletedBlockLogImpl (DeletedBlockLogImpl.java:commitTransactions(224)) - Transaction txId=18 commit by dnId=c2c40a72-a699-49b1-b721-1997d9d2c71f for containerID=#18 failed. Corresponding entry not found.
2021-08-15 14:03:32,549 [EventQueue-DeleteBlockStatusForDeletedBlockLogImpl] DEBUG block.DeletedBlockLogImpl (DeletedBlockLogImpl.java:isTransactionFailed(278)) - Got block deletion ACK from datanode, TXIDs=19, success=true
2021-08-15 14:03:32,549 [EventQueue-DeleteBlockStatusForDeletedBlockLogImpl] DEBUG block.DeletedBlockLogImpl (DeletedBlockLogImpl.java:commitTransactions(224)) - Transaction txId=19 commit by dnId=c2c40a72-a699-49b1-b721-1997d9d2c71f for containerID=#19 failed. Corresponding entry not found.
2021-08-15 14:03:32,549 [EventQueue-DeleteBlockStatusForDeletedBlockLogImpl] DEBUG block.DeletedBlockLogImpl (DeletedBlockLogImpl.java:isTransactionFailed(278)) - Got block deletion ACK from datanode, TXIDs=20, success=true
2021-08-15 14:03:32,549 [EventQueue-DeleteBlockStatusForDeletedBlockLogImpl] DEBUG block.DeletedBlockLogImpl (DeletedBlockLogImpl.java:commitTransactions(224)) - Transaction txId=20 commit by dnId=c2c40a72-a699-49b1-b721-1997d9d2c71f for containerID=#20 failed. Corresponding entry not found.
2021-08-15 14:03:32,549 [EventQueue-DeleteBlockStatusForDeletedBlockLogImpl] DEBUG block.DeletedBlockLogImpl (DeletedBlockLogImpl.java:isTransactionFailed(278)) - Got block deletion ACK from datanode, TXIDs=21, success=true
2021-08-15 14:03:32,549 [EventQueue-DeleteBlockStatusForDeletedBlockLogImpl] DEBUG block.DeletedBlockLogImpl (DeletedBlockLogImpl.java:commitTransactions(224)) - Transaction txId=21 commit by dnId=c2c40a72-a699-49b1-b721-1997d9d2c71f for containerID=#21 failed. Corresponding entry not found.
2021-08-15 14:03:32,549 [EventQueue-DeleteBlockStatusForDeletedBlockLogImpl] DEBUG block.DeletedBlockLogImpl (DeletedBlockLogImpl.java:isTransactionFailed(278)) - Got block deletion ACK from datanode, TXIDs=22, success=true
2021-08-15 14:03:32,549 [EventQueue-DeleteBlockStatusForDeletedBlockLogImpl] DEBUG block.DeletedBlockLogImpl (DeletedBlockLogImpl.java:commitTransactions(224)) - Transaction txId=22 commit by dnId=c2c40a72-a699-49b1-b721-1997d9d2c71f for containerID=#22 failed. Corresponding entry not found.
2021-08-15 14:03:32,549 [EventQueue-DeleteBlockStatusForDeletedBlockLogImpl] DEBUG block.DeletedBlockLogImpl (DeletedBlockLogImpl.java:isTransactionFailed(278)) - Got block deletion ACK from datanode, TXIDs=23, success=true
2021-08-15 14:03:32,549 [EventQueue-DeleteBlockStatusForDeletedBlockLogImpl] DEBUG block.DeletedBlockLogImpl (DeletedBlockLogImpl.java:commitTransactions(224)) - Transaction txId=23 commit by dnId=c2c40a72-a699-49b1-b721-1997d9d2c71f for containerID=#23 failed. Corresponding entry not found.
2021-08-15 14:03:32,549 [EventQueue-DeleteBlockStatusForDeletedBlockLogImpl] DEBUG block.DeletedBlockLogImpl (DeletedBlockLogImpl.java:isTransactionFailed(278)) - Got block deletion ACK from datanode, TXIDs=24, success=true
2021-08-15 14:03:32,549 [EventQueue-DeleteBlockStatusForDeletedBlockLogImpl] DEBUG block.DeletedBlockLogImpl (DeletedBlockLogImpl.java:commitTransactions(224)) - Transaction txId=24 commit by dnId=c2c40a72-a699-49b1-b721-1997d9d2c71f for containerID=#24 failed. Corresponding entry not found.
2021-08-15 14:03:32,549 [EventQueue-DeleteBlockStatusForDeletedBlockLogImpl] DEBUG block.DeletedBlockLogImpl (DeletedBlockLogImpl.java:isTransactionFailed(278)) - Got block deletion ACK from datanode, TXIDs=25, success=true
2021-08-15 14:03:32,549 [EventQueue-DeleteBlockStatusForDeletedBlockLogImpl] DEBUG block.DeletedBlockLogImpl (DeletedBlockLogImpl.java:commitTransactions(224)) - Transaction txId=25 commit by dnId=c2c40a72-a699-49b1-b721-1997d9d2c71f for containerID=#25 failed. Corresponding entry not found.
2021-08-15 14:03:32,549 [EventQueue-DeleteBlockStatusForDeletedBlockLogImpl] DEBUG block.DeletedBlockLogImpl (DeletedBlockLogImpl.java:isTransactionFailed(278)) - Got block deletion ACK from datanode, TXIDs=26, success=true
2021-08-15 14:03:32,549 [EventQueue-DeleteBlockStatusForDeletedBlockLogImpl] DEBUG block.DeletedBlockLogImpl (DeletedBlockLogImpl.java:commitTransactions(224)) - Transaction txId=26 commit by dnId=c2c40a72-a699-49b1-b721-1997d9d2c71f for containerID=#26 failed. Corresponding entry not found.
2021-08-15 14:03:32,549 [EventQueue-DeleteBlockStatusForDeletedBlockLogImpl] DEBUG block.DeletedBlockLogImpl (DeletedBlockLogImpl.java:isTransactionFailed(278)) - Got block deletion ACK from datanode, TXIDs=27, success=true
2021-08-15 14:03:32,549 [EventQueue-DeleteBlockStatusForDeletedBlockLogImpl] DEBUG block.DeletedBlockLogImpl (DeletedBlockLogImpl.java:commitTransactions(224)) - Transaction txId=27 commit by dnId=c2c40a72-a699-49b1-b721-1997d9d2c71f for containerID=#27 failed. Corresponding entry not found.
2021-08-15 14:03:32,549 [EventQueue-DeleteBlockStatusForDeletedBlockLogImpl] DEBUG block.DeletedBlockLogImpl (DeletedBlockLogImpl.java:isTransactionFailed(278)) - Got block deletion ACK from datanode, TXIDs=23, success=true
2021-08-15 14:03:32,549 [EventQueue-DeleteBlockStatusForDeletedBlockLogImpl] DEBUG block.DeletedBlockLogImpl (DeletedBlockLogImpl.java:commitTransactions(224)) - Transaction txId=23 commit by dnId=c2c40a72-a699-49b1-b721-1997d9d2c71f for containerID=#23 failed. Corresponding entry not found.
2021-08-15 14:03:32,549 [EventQueue-DeleteBlockStatusForDeletedBlockLogImpl] DEBUG block.DeletedBlockLogImpl (DeletedBlockLogImpl.java:isTransactionFailed(278)) - Got block deletion ACK from datanode, TXIDs=24, success=true
2021-08-15 14:03:32,549 [EventQueue-DeleteBlockStatusForDeletedBlockLogImpl] DEBUG block.DeletedBlockLogImpl (DeletedBlockLogImpl.java:commitTransactions(224)) - Transaction txId=24 commit by dnId=c2c40a72-a699-49b1-b721-1997d9d2c71f for containerID=#24 failed. Corresponding entry not found.
2021-08-15 14:03:32,549 [EventQueue-DeleteBlockStatusForDeletedBlockLogImpl] DEBUG block.DeletedBlockLogImpl (DeletedBlockLogImpl.java:isTransactionFailed(278)) - Got block deletion ACK from datanode, TXIDs=25, success=true
2021-08-15 14:03:32,549 [EventQueue-DeleteBlockStatusForDeletedBlockLogImpl] DEBUG block.DeletedBlockLogImpl (DeletedBlockLogImpl.java:commitTransactions(224)) - Transaction txId=25 commit by dnId=c2c40a72-a699-49b1-b721-1997d9d2c71f for containerID=#25 failed. Corresponding entry not found.
2021-08-15 14:03:32,549 [EventQueue-DeleteBlockStatusForDeletedBlockLogImpl] DEBUG block.DeletedBlockLogImpl (DeletedBlockLogImpl.java:isTransactionFailed(278)) - Got block deletion ACK from datanode, TXIDs=26, success=true
2021-08-15 14:03:32,549 [EventQueue-DeleteBlockStatusForDeletedBlockLogImpl] DEBUG block.DeletedBlockLogImpl (DeletedBlockLogImpl.java:commitTransactions(224)) - Transaction txId=26 commit by dnId=c2c40a72-a699-49b1-b721-1997d9d2c71f for containerID=#26 failed. Corresponding entry not found.
2021-08-15 14:03:32,549 [EventQueue-DeleteBlockStatusForDeletedBlockLogImpl] DEBUG block.DeletedBlockLogImpl (DeletedBlockLogImpl.java:isTransactionFailed(278)) - Got block deletion ACK from datanode, TXIDs=27, success=true
2021-08-15 14:03:32,549 [EventQueue-DeleteBlockStatusForDeletedBlockLogImpl] DEBUG block.DeletedBlockLogImpl (DeletedBlockLogImpl.java:commitTransactions(224)) - Transaction txId=27 commit by dnId=c2c40a72-a699-49b1-b721-1997d9d2c71f for containerID=#27 failed. Corresponding entry not found.
2021-08-15 14:03:32,549 [EventQueue-DeleteBlockStatusForDeletedBlockLogImpl] DEBUG block.DeletedBlockLogImpl (DeletedBlockLogImpl.java:isTransactionFailed(278)) - Got block deletion ACK from datanode, TXIDs=28, success=true
2021-08-15 14:03:32,549 [EventQueue-DeleteBlockStatusForDeletedBlockLogImpl] DEBUG block.DeletedBlockLogImpl (DeletedBlockLogImpl.java:commitTransactions(256)) - Datanode txId=28 containerId=#28 committed by dnId=c2c40a72-a699-49b1-b721-1997d9d2c71f
2021-08-15 14:03:32,549 [EventQueue-DeleteBlockStatusForDeletedBlockLogImpl] DEBUG block.DeletedBlockLogImpl (DeletedBlockLogImpl.java:isTransactionFailed(278)) - Got block deletion ACK from datanode, TXIDs=29, success=true
2021-08-15 14:03:32,549 [EventQueue-DeleteBlockStatusForDeletedBlockLogImpl] DEBUG block.DeletedBlockLogImpl (DeletedBlockLogImpl.java:commitTransactions(256)) - Datanode txId=29 containerId=#29 committed by dnId=c2c40a72-a699-49b1-b721-1997d9d2c71f
2021-08-15 14:03:32,549 [EventQueue-DeleteBlockStatusForDeletedBlockLogImpl] DEBUG block.DeletedBlockLogImpl (DeletedBlockLogImpl.java:isTransactionFailed(278)) - Got block deletion ACK from datanode, TXIDs=30, success=true
2021-08-15 14:03:32,549 [EventQueue-DeleteBlockStatusForDeletedBlockLogImpl] DEBUG block.DeletedBlockLogImpl (DeletedBlockLogImpl.java:commitTransactions(256)) - Datanode txId=30 containerId=#30 committed by dnId=c2c40a72-a699-49b1-b721-1997d9d2c71f
2021-08-15 14:03:32,549 [EventQueue-DeleteBlockStatusForDeletedBlockLogImpl] DEBUG block.DeletedBlockLogImpl (DeletedBlockLogImpl.java:isTransactionFailed(278)) - Got block deletion ACK from datanode, TXIDs=31, success=true
2021-08-15 14:03:32,549 [EventQueue-DeleteBlockStatusForDeletedBlockLogImpl] DEBUG block.DeletedBlockLogImpl (DeletedBlockLogImpl.java:commitTransactions(256)) - Datanode txId=31 containerId=#31 committed by dnId=c2c40a72-a699-49b1-b721-1997d9d2c71f
2021-08-15 14:03:32,549 [EventQueue-DeleteBlockStatusForDeletedBlockLogImpl] DEBUG block.DeletedBlockLogImpl (DeletedBlockLogImpl.java:isTransactionFailed(278)) - Got block deletion ACK from datanode, TXIDs=32, success=true
2021-08-15 14:03:32,549 [EventQueue-DeleteBlockStatusForDeletedBlockLogImpl] DEBUG block.DeletedBlockLogImpl (DeletedBlockLogImpl.java:commitTransactions(256)) - Datanode txId=32 containerId=#32 committed by dnId=c2c40a72-a699-49b1-b721-1997d9d2c71f
2021-08-15 14:03:32,549 [EventQueue-DeleteBlockStatusForDeletedBlockLogImpl] DEBUG block.DeletedBlockLogImpl (DeletedBlockLogImpl.java:isTransactionFailed(278)) - Got block deletion ACK from datanode, TXIDs=33, success=true
2021-08-15 14:03:32,549 [EventQueue-DeleteBlockStatusForDeletedBlockLogImpl] DEBUG block.DeletedBlockLogImpl (DeletedBlockLogImpl.java:commitTransactions(256)) - Datanode txId=33 containerId=#33 committed by dnId=c2c40a72-a699-49b1-b721-1997d9d2c71f
2021-08-15 14:03:32,549 [EventQueue-DeleteBlockStatusForDeletedBlockLogImpl] DEBUG block.DeletedBlockLogImpl (DeletedBlockLogImpl.java:isTransactionFailed(278)) - Got block deletion ACK from datanode, TXIDs=34, success=true
2021-08-15 14:03:32,550 [EventQueue-DeleteBlockStatusForDeletedBlockLogImpl] DEBUG block.DeletedBlockLogImpl (DeletedBlockLogImpl.java:commitTransactions(256)) - Datanode txId=34 containerId=#34 committed by dnId=c2c40a72-a699-49b1-b721-1997d9d2c71f
2021-08-15 14:03:32,550 [EventQueue-DeleteBlockStatusForDeletedBlockLogImpl] DEBUG block.DeletedBlockLogImpl (DeletedBlockLogImpl.java:isTransactionFailed(278)) - Got block deletion ACK from datanode, TXIDs=35, success=true
2021-08-15 14:03:32,550 [EventQueue-DeleteBlockStatusForDeletedBlockLogImpl] DEBUG block.DeletedBlockLogImpl (DeletedBlockLogImpl.java:commitTransactions(256)) - Datanode txId=35 containerId=#35 committed by dnId=c2c40a72-a699-49b1-b721-1997d9d2c71f
2021-08-15 14:03:32,550 [EventQueue-DeleteBlockStatusForDeletedBlockLogImpl] DEBUG block.DeletedBlockLogImpl (DeletedBlockLogImpl.java:isTransactionFailed(278)) - Got block deletion ACK from datanode, TXIDs=36, success=true
2021-08-15 14:03:32,550 [EventQueue-DeleteBlockStatusForDeletedBlockLogImpl] DEBUG block.DeletedBlockLogImpl (DeletedBlockLogImpl.java:commitTransactions(256)) - Datanode txId=36 containerId=#36 committed by dnId=c2c40a72-a699-49b1-b721-1997d9d2c71f
2021-08-15 14:03:32,550 [EventQueue-DeleteBlockStatusForDeletedBlockLogImpl] DEBUG block.DeletedBlockLogImpl (DeletedBlockLogImpl.java:isTransactionFailed(278)) - Got block deletion ACK from datanode, TXIDs=37, success=true
2021-08-15 14:03:32,550 [EventQueue-DeleteBlockStatusForDeletedBlockLogImpl] DEBUG block.DeletedBlockLogImpl (DeletedBlockLogImpl.java:commitTransactions(256)) - Datanode txId=37 containerId=#37 committed by dnId=c2c40a72-a699-49b1-b721-1997d9d2c71f
2021-08-15 14:03:32,550 [EventQueue-DeleteBlockStatusForDeletedBlockLogImpl] DEBUG block.DeletedBlockLogImpl (DeletedBlockLogImpl.java:isTransactionFailed(278)) - Got block deletion ACK from datanode, TXIDs=38, success=true
2021-08-15 14:03:32,550 [EventQueue-DeleteBlockStatusForDeletedBlockLogImpl] DEBUG block.DeletedBlockLogImpl (DeletedBlockLogImpl.java:commitTransactions(256)) - Datanode txId=38 containerId=#38 committed by dnId=c2c40a72-a699-49b1-b721-1997d9d2c71f
2021-08-15 14:03:32,550 [EventQueue-DeleteBlockStatusForDeletedBlockLogImpl] DEBUG block.DeletedBlockLogImpl (DeletedBlockLogImpl.java:isTransactionFailed(278)) - Got block deletion ACK from datanode, TXIDs=39, success=true
2021-08-15 14:03:32,550 [EventQueue-DeleteBlockStatusForDeletedBlockLogImpl] DEBUG block.DeletedBlockLogImpl (DeletedBlockLogImpl.java:commitTransactions(256)) - Datanode txId=39 containerId=#39 committed by dnId=c2c40a72-a699-49b1-b721-1997d9d2c71f
2021-08-15 14:03:32,550 [EventQueue-DeleteBlockStatusForDeletedBlockLogImpl] DEBUG block.DeletedBlockLogImpl (DeletedBlockLogImpl.java:isTransactionFailed(278)) - Got block deletion ACK from datanode, TXIDs=40, success=true
2021-08-15 14:03:32,550 [EventQueue-DeleteBlockStatusForDeletedBlockLogImpl] DEBUG block.DeletedBlockLogImpl (DeletedBlockLogImpl.java:commitTransactions(256)) - Datanode txId=40 containerId=#40 committed by dnId=c2c40a72-a699-49b1-b721-1997d9d2c71f
2021-08-15 14:03:32,550 [EventQueue-DeleteBlockStatusForDeletedBlockLogImpl] DEBUG block.DeletedBlockLogImpl (DeletedBlockLogImpl.java:isTransactionFailed(278)) - Got block deletion ACK from datanode, TXIDs=41, success=true
2021-08-15 14:03:32,550 [EventQueue-DeleteBlockStatusForDeletedBlockLogImpl] DEBUG block.DeletedBlockLogImpl (DeletedBlockLogImpl.java:commitTransactions(256)) - Datanode txId=41 containerId=#41 committed by dnId=c2c40a72-a699-49b1-b721-1997d9d2c71f
2021-08-15 14:03:32,550 [EventQueue-DeleteBlockStatusForDeletedBlockLogImpl] DEBUG block.DeletedBlockLogImpl (DeletedBlockLogImpl.java:isTransactionFailed(278)) - Got block deletion ACK from datanode, TXIDs=42, success=true
2021-08-15 14:03:32,550 [EventQueue-DeleteBlockStatusForDeletedBlockLogImpl] DEBUG block.DeletedBlockLogImpl (DeletedBlockLogImpl.java:commitTransactions(256)) - Datanode txId=42 containerId=#42 committed by dnId=c2c40a72-a699-49b1-b721-1997d9d2c71f
2021-08-15 14:03:32,550 [EventQueue-DeleteBlockStatusForDeletedBlockLogImpl] DEBUG block.DeletedBlockLogImpl (DeletedBlockLogImpl.java:isTransactionFailed(278)) - Got block deletion ACK from datanode, TXIDs=43, success=true
2021-08-15 14:03:32,550 [EventQueue-DeleteBlockStatusForDeletedBlockLogImpl] DEBUG block.DeletedBlockLogImpl (DeletedBlockLogImpl.java:commitTransactions(256)) - Datanode txId=43 containerId=#43 committed by dnId=c2c40a72-a699-49b1-b721-1997d9d2c71f
2021-08-15 14:03:32,550 [EventQueue-DeleteBlockStatusForDeletedBlockLogImpl] DEBUG block.DeletedBlockLogImpl (DeletedBlockLogImpl.java:isTransactionFailed(278)) - Got block deletion ACK from datanode, TXIDs=44, success=true
2021-08-15 14:03:32,550 [EventQueue-DeleteBlockStatusForDeletedBlockLogImpl] DEBUG block.DeletedBlockLogImpl (DeletedBlockLogImpl.java:commitTransactions(256)) - Datanode txId=44 containerId=#44 committed by dnId=c2c40a72-a699-49b1-b721-1997d9d2c71f
2021-08-15 14:03:32,550 [EventQueue-DeleteBlockStatusForDeletedBlockLogImpl] DEBUG block.DeletedBlockLogImpl (DeletedBlockLogImpl.java:isTransactionFailed(278)) - Got block deletion ACK from datanode, TXIDs=45, success=true
2021-08-15 14:03:32,550 [EventQueue-DeleteBlockStatusForDeletedBlockLogImpl] DEBUG block.DeletedBlockLogImpl (DeletedBlockLogImpl.java:commitTransactions(256)) - Datanode txId=45 containerId=#45 committed by dnId=c2c40a72-a699-49b1-b721-1997d9d2c71f
2021-08-15 14:03:32,550 [EventQueue-DeleteBlockStatusForDeletedBlockLogImpl] DEBUG block.DeletedBlockLogImpl (DeletedBlockLogImpl.java:isTransactionFailed(278)) - Got block deletion ACK from datanode, TXIDs=46, success=true
2021-08-15 14:03:32,550 [EventQueue-DeleteBlockStatusForDeletedBlockLogImpl] DEBUG block.DeletedBlockLogImpl (DeletedBlockLogImpl.java:commitTransactions(256)) - Datanode txId=46 containerId=#46 committed by dnId=c2c40a72-a699-49b1-b721-1997d9d2c71f
2021-08-15 14:03:32,550 [EventQueue-DeleteBlockStatusForDeletedBlockLogImpl] DEBUG block.DeletedBlockLogImpl (DeletedBlockLogImpl.java:isTransactionFailed(278)) - Got block deletion ACK from datanode, TXIDs=47, success=true
2021-08-15 14:03:32,550 [EventQueue-DeleteBlockStatusForDeletedBlockLogImpl] DEBUG block.DeletedBlockLogImpl (DeletedBlockLogImpl.java:commitTransactions(256)) - Datanode txId=47 containerId=#47 committed by dnId=c2c40a72-a699-49b1-b721-1997d9d2c71f
2021-08-15 14:03:32,550 [EventQueue-DeleteBlockStatusForDeletedBlockLogImpl] DEBUG block.DeletedBlockLogImpl (DeletedBlockLogImpl.java:isTransactionFailed(278)) - Got block deletion ACK from datanode, TXIDs=48, success=true
2021-08-15 14:03:32,550 [EventQueue-DeleteBlockStatusForDeletedBlockLogImpl] DEBUG block.DeletedBlockLogImpl (DeletedBlockLogImpl.java:commitTransactions(256)) - Datanode txId=48 containerId=#48 committed by dnId=c2c40a72-a699-49b1-b721-1997d9d2c71f
2021-08-15 14:03:32,550 [EventQueue-DeleteBlockStatusForDeletedBlockLogImpl] DEBUG block.DeletedBlockLogImpl (DeletedBlockLogImpl.java:isTransactionFailed(278)) - Got block deletion ACK from datanode, TXIDs=49, success=true
2021-08-15 14:03:32,550 [EventQueue-DeleteBlockStatusForDeletedBlockLogImpl] DEBUG block.DeletedBlockLogImpl (DeletedBlockLogImpl.java:commitTransactions(256)) - Datanode txId=49 containerId=#49 committed by dnId=c2c40a72-a699-49b1-b721-1997d9d2c71f
2021-08-15 14:03:32,550 [EventQueue-DeleteBlockStatusForDeletedBlockLogImpl] DEBUG block.DeletedBlockLogImpl (DeletedBlockLogImpl.java:isTransactionFailed(278)) - Got block deletion ACK from datanode, TXIDs=50, success=true
2021-08-15 14:03:32,550 [EventQueue-DeleteBlockStatusForDeletedBlockLogImpl] DEBUG block.DeletedBlockLogImpl (DeletedBlockLogImpl.java:commitTransactions(256)) - Datanode txId=50 containerId=#50 committed by dnId=c2c40a72-a699-49b1-b721-1997d9d2c71f
2021-08-15 14:03:32,550 [EventQueue-DeleteBlockStatusForDeletedBlockLogImpl] DEBUG block.DeletedBlockLogImpl (DeletedBlockLogImpl.java:isTransactionFailed(278)) - Got block deletion ACK from datanode, TXIDs=51, success=true
2021-08-15 14:03:32,550 [EventQueue-DeleteBlockStatusForDeletedBlockLogImpl] DEBUG block.DeletedBlockLogImpl (DeletedBlockLogImpl.java:commitTransactions(256)) - Datanode txId=51 containerId=#51 committed by dnId=c2c40a72-a699-49b1-b721-1997d9d2c71f
2021-08-15 14:03:32,550 [EventQueue-DeleteBlockStatusForDeletedBlockLogImpl] DEBUG block.DeletedBlockLogImpl (DeletedBlockLogImpl.java:isTransactionFailed(278)) - Got block deletion ACK from datanode, TXIDs=52, success=true
2021-08-15 14:03:32,550 [EventQueue-DeleteBlockStatusForDeletedBlockLogImpl] DEBUG block.DeletedBlockLogImpl (DeletedBlockLogImpl.java:commitTransactions(256)) - Datanode txId=52 containerId=#52 committed by dnId=c2c40a72-a699-49b1-b721-1997d9d2c71f
2021-08-15 14:03:32,550 [EventQueue-DeleteBlockStatusForDeletedBlockLogImpl] DEBUG block.DeletedBlockLogImpl (DeletedBlockLogImpl.java:isTransactionFailed(278)) - Got block deletion ACK from datanode, TXIDs=53, success=true
2021-08-15 14:03:32,550 [EventQueue-DeleteBlockStatusForDeletedBlockLogImpl] DEBUG block.DeletedBlockLogImpl (DeletedBlockLogImpl.java:commitTransactions(256)) - Datanode txId=53 containerId=#53 committed by dnId=c2c40a72-a699-49b1-b721-1997d9d2c71f
2021-08-15 14:03:32,550 [EventQueue-DeleteBlockStatusForDeletedBlockLogImpl] DEBUG block.DeletedBlockLogImpl (DeletedBlockLogImpl.java:isTransactionFailed(278)) - Got block deletion ACK from datanode, TXIDs=54, success=true
2021-08-15 14:03:32,550 [EventQueue-DeleteBlockStatusForDeletedBlockLogImpl] DEBUG block.DeletedBlockLogImpl (DeletedBlockLogImpl.java:commitTransactions(256)) - Datanode txId=54 containerId=#54 committed by dnId=c2c40a72-a699-49b1-b721-1997d9d2c71f
2021-08-15 14:03:32,550 [EventQueue-DeleteBlockStatusForDeletedBlockLogImpl] DEBUG block.DeletedBlockLogImpl (DeletedBlockLogImpl.java:isTransactionFailed(278)) - Got block deletion ACK from datanode, TXIDs=55, success=true
2021-08-15 14:03:32,550 [EventQueue-DeleteBlockStatusForDeletedBlockLogImpl] DEBUG block.DeletedBlockLogImpl (DeletedBlockLogImpl.java:commitTransactions(256)) - Datanode txId=55 containerId=#55 committed by dnId=c2c40a72-a699-49b1-b721-1997d9d2c71f
2021-08-15 14:03:32,550 [EventQueue-DeleteBlockStatusForDeletedBlockLogImpl] DEBUG block.DeletedBlockLogImpl (DeletedBlockLogImpl.java:isTransactionFailed(278)) - Got block deletion ACK from datanode, TXIDs=56, success=true
2021-08-15 14:03:32,550 [EventQueue-DeleteBlockStatusForDeletedBlockLogImpl] DEBUG block.DeletedBlockLogImpl (DeletedBlockLogImpl.java:commitTransactions(256)) - Datanode txId=56 containerId=#56 committed by dnId=c2c40a72-a699-49b1-b721-1997d9d2c71f
2021-08-15 14:03:32,550 [EventQueue-DeleteBlockStatusForDeletedBlockLogImpl] DEBUG block.DeletedBlockLogImpl (DeletedBlockLogImpl.java:isTransactionFailed(278)) - Got block deletion ACK from datanode, TXIDs=1, success=true
2021-08-15 14:03:32,550 [EventQueue-DeleteBlockStatusForDeletedBlockLogImpl] DEBUG block.DeletedBlockLogImpl (DeletedBlockLogImpl.java:commitTransactions(224)) - Transaction txId=1 commit by dnId=c2c40a72-a699-49b1-b721-1997d9d2c71f for containerID=#1 failed. Corresponding entry not found.
2021-08-15 14:03:32,550 [EventQueue-DeleteBlockStatusForDeletedBlockLogImpl] DEBUG block.DeletedBlockLogImpl (DeletedBlockLogImpl.java:isTransactionFailed(278)) - Got block deletion ACK from datanode, TXIDs=2, success=true
2021-08-15 14:03:32,550 [EventQueue-DeleteBlockStatusForDeletedBlockLogImpl] DEBUG block.DeletedBlockLogImpl (DeletedBlockLogImpl.java:commitTransactions(224)) - Transaction txId=2 commit by dnId=c2c40a72-a699-49b1-b721-1997d9d2c71f for containerID=#2 failed. Corresponding entry not found.
2021-08-15 14:03:32,550 [EventQueue-DeleteBlockStatusForDeletedBlockLogImpl] DEBUG block.DeletedBlockLogImpl (DeletedBlockLogImpl.java:isTransactionFailed(278)) - Got block deletion ACK from datanode, TXIDs=3, success=true
2021-08-15 14:03:32,551 [EventQueue-DeleteBlockStatusForDeletedBlockLogImpl] DEBUG block.DeletedBlockLogImpl (DeletedBlockLogImpl.java:commitTransactions(224)) - Transaction txId=3 commit by dnId=c2c40a72-a699-49b1-b721-1997d9d2c71f for containerID=#3 failed. Corresponding entry not found.
2021-08-15 14:03:32,551 [EventQueue-DeleteBlockStatusForDeletedBlockLogImpl] DEBUG block.DeletedBlockLogImpl (DeletedBlockLogImpl.java:isTransactionFailed(278)) - Got block deletion ACK from datanode, TXIDs=4, success=true
2021-08-15 14:03:32,551 [EventQueue-DeleteBlockStatusForDeletedBlockLogImpl] DEBUG block.DeletedBlockLogImpl (DeletedBlockLogImpl.java:commitTransactions(224)) - Transaction txId=4 commit by dnId=c2c40a72-a699-49b1-b721-1997d9d2c71f for containerID=#4 failed. Corresponding entry not found.
2021-08-15 14:03:32,551 [EventQueue-DeleteBlockStatusForDeletedBlockLogImpl] DEBUG block.DeletedBlockLogImpl (DeletedBlockLogImpl.java:isTransactionFailed(278)) - Got block deletion ACK from datanode, TXIDs=5, success=true
2021-08-15 14:03:32,551 [EventQueue-DeleteBlockStatusForDeletedBlockLogImpl] DEBUG block.DeletedBlockLogImpl (DeletedBlockLogImpl.java:commitTransactions(224)) - Transaction txId=5 commit by dnId=c2c40a72-a699-49b1-b721-1997d9d2c71f for containerID=#5 failed. Corresponding entry not found.
2021-08-15 14:03:32,551 [EventQueue-DeleteBlockStatusForDeletedBlockLogImpl] DEBUG block.DeletedBlockLogImpl (DeletedBlockLogImpl.java:isTransactionFailed(278)) - Got block deletion ACK from datanode, TXIDs=6, success=true
2021-08-15 14:03:32,551 [EventQueue-DeleteBlockStatusForDeletedBlockLogImpl] DEBUG block.DeletedBlockLogImpl (DeletedBlockLogImpl.java:commitTransactions(224)) - Transaction txId=6 commit by dnId=c2c40a72-a699-49b1-b721-1997d9d2c71f for containerID=#6 failed. Corresponding entry not found.
2021-08-15 14:03:32,551 [EventQueue-DeleteBlockStatusForDeletedBlockLogImpl] DEBUG block.DeletedBlockLogImpl (DeletedBlockLogImpl.java:isTransactionFailed(278)) - Got block deletion ACK from datanode, TXIDs=7, success=true
2021-08-15 14:03:32,551 [EventQueue-DeleteBlockStatusForDeletedBlockLogImpl] DEBUG block.DeletedBlockLogImpl (DeletedBlockLogImpl.java:commitTransactions(224)) - Transaction txId=7 commit by dnId=c2c40a72-a699-49b1-b721-1997d9d2c71f for containerID=#7 failed. Corresponding entry not found.
2021-08-15 14:03:32,551 [EventQueue-DeleteBlockStatusForDeletedBlockLogImpl] DEBUG block.DeletedBlockLogImpl (DeletedBlockLogImpl.java:isTransactionFailed(278)) - Got block deletion ACK from datanode, TXIDs=8, success=true
2021-08-15 14:03:32,551 [EventQueue-DeleteBlockStatusForDeletedBlockLogImpl] DEBUG block.DeletedBlockLogImpl (DeletedBlockLogImpl.java:commitTransactions(224)) - Transaction txId=8 commit by dnId=c2c40a72-a699-49b1-b721-1997d9d2c71f for containerID=#8 failed. Corresponding entry not found.
2021-08-15 14:03:32,551 [EventQueue-DeleteBlockStatusForDeletedBlockLogImpl] DEBUG block.DeletedBlockLogImpl (DeletedBlockLogImpl.java:isTransactionFailed(278)) - Got block deletion ACK from datanode, TXIDs=9, success=true
2021-08-15 14:03:32,551 [EventQueue-DeleteBlockStatusForDeletedBlockLogImpl] DEBUG block.DeletedBlockLogImpl (DeletedBlockLogImpl.java:commitTransactions(224)) - Transaction txId=9 commit by dnId=c2c40a72-a699-49b1-b721-1997d9d2c71f for containerID=#9 failed. Corresponding entry not found.
2021-08-15 14:03:32,551 [EventQueue-DeleteBlockStatusForDeletedBlockLogImpl] DEBUG block.DeletedBlockLogImpl (DeletedBlockLogImpl.java:isTransactionFailed(278)) - Got block deletion ACK from datanode, TXIDs=10, success=true
2021-08-15 14:03:32,551 [EventQueue-DeleteBlockStatusForDeletedBlockLogImpl] DEBUG block.DeletedBlockLogImpl (DeletedBlockLogImpl.java:commitTransactions(224)) - Transaction txId=10 commit by dnId=c2c40a72-a699-49b1-b721-1997d9d2c71f for containerID=#10 failed. Corresponding entry not found.
2021-08-15 14:03:32,551 [EventQueue-DeleteBlockStatusForDeletedBlockLogImpl] DEBUG block.DeletedBlockLogImpl (DeletedBlockLogImpl.java:isTransactionFailed(278)) - Got block deletion ACK from datanode, TXIDs=11, success=true
2021-08-15 14:03:32,551 [EventQueue-DeleteBlockStatusForDeletedBlockLogImpl] DEBUG block.DeletedBlockLogImpl (DeletedBlockLogImpl.java:commitTransactions(224)) - Transaction txId=11 commit by dnId=c2c40a72-a699-49b1-b721-1997d9d2c71f for containerID=#11 failed. Corresponding entry not found.
2021-08-15 14:03:32,551 [EventQueue-DeleteBlockStatusForDeletedBlockLogImpl] DEBUG block.DeletedBlockLogImpl (DeletedBlockLogImpl.java:isTransactionFailed(278)) - Got block deletion ACK from datanode, TXIDs=12, success=true
2021-08-15 14:03:32,551 [EventQueue-DeleteBlockStatusForDeletedBlockLogImpl] DEBUG block.DeletedBlockLogImpl (DeletedBlockLogImpl.java:commitTransactions(224)) - Transaction txId=12 commit by dnId=c2c40a72-a699-49b1-b721-1997d9d2c71f for containerID=#12 failed. Corresponding entry not found.
2021-08-15 14:03:32,551 [EventQueue-DeleteBlockStatusForDeletedBlockLogImpl] DEBUG block.DeletedBlockLogImpl (DeletedBlockLogImpl.java:isTransactionFailed(278)) - Got block deletion ACK from datanode, TXIDs=13, success=true
2021-08-15 14:03:32,551 [EventQueue-DeleteBlockStatusForDeletedBlockLogImpl] DEBUG block.DeletedBlockLogImpl (DeletedBlockLogImpl.java:commitTransactions(224)) - Transaction txId=13 commit by dnId=c2c40a72-a699-49b1-b721-1997d9d2c71f for containerID=#13 failed. Corresponding entry not found.
2021-08-15 14:03:32,551 [EventQueue-DeleteBlockStatusForDeletedBlockLogImpl] DEBUG block.DeletedBlockLogImpl (DeletedBlockLogImpl.java:isTransactionFailed(278)) - Got block deletion ACK from datanode, TXIDs=14, success=true
2021-08-15 14:03:32,551 [EventQueue-DeleteBlockStatusForDeletedBlockLogImpl] DEBUG block.DeletedBlockLogImpl (DeletedBlockLogImpl.java:commitTransactions(224)) - Transaction txId=14 commit by dnId=c2c40a72-a699-49b1-b721-1997d9d2c71f for containerID=#14 failed. Corresponding entry not found.
2021-08-15 14:03:32,551 [EventQueue-DeleteBlockStatusForDeletedBlockLogImpl] DEBUG block.DeletedBlockLogImpl (DeletedBlockLogImpl.java:isTransactionFailed(278)) - Got block deletion ACK from datanode, TXIDs=15, success=true
2021-08-15 14:03:32,551 [EventQueue-DeleteBlockStatusForDeletedBlockLogImpl] DEBUG block.DeletedBlockLogImpl (DeletedBlockLogImpl.java:commitTransactions(224)) - Transaction txId=15 commit by dnId=c2c40a72-a699-49b1-b721-1997d9d2c71f for containerID=#15 failed. Corresponding entry not found.
2021-08-15 14:03:32,551 [EventQueue-DeleteBlockStatusForDeletedBlockLogImpl] DEBUG block.DeletedBlockLogImpl (DeletedBlockLogImpl.java:isTransactionFailed(278)) - Got block deletion ACK from datanode, TXIDs=16, success=true
2021-08-15 14:03:32,551 [EventQueue-DeleteBlockStatusForDeletedBlockLogImpl] DEBUG block.DeletedBlockLogImpl (DeletedBlockLogImpl.java:commitTransactions(224)) - Transaction txId=16 commit by dnId=c2c40a72-a699-49b1-b721-1997d9d2c71f for containerID=#16 failed. Corresponding entry not found.
2021-08-15 14:03:32,551 [EventQueue-DeleteBlockStatusForDeletedBlockLogImpl] DEBUG block.DeletedBlockLogImpl (DeletedBlockLogImpl.java:isTransactionFailed(278)) - Got block deletion ACK from datanode, TXIDs=17, success=true
2021-08-15 14:03:32,551 [EventQueue-DeleteBlockStatusForDeletedBlockLogImpl] DEBUG block.DeletedBlockLogImpl (DeletedBlockLogImpl.java:commitTransactions(224)) - Transaction txId=17 commit by dnId=c2c40a72-a699-49b1-b721-1997d9d2c71f for containerID=#17 failed. Corresponding entry not found.
2021-08-15 14:03:32,551 [EventQueue-DeleteBlockStatusForDeletedBlockLogImpl] DEBUG block.DeletedBlockLogImpl (DeletedBlockLogImpl.java:isTransactionFailed(278)) - Got block deletion ACK from datanode, TXIDs=18, success=true
2021-08-15 14:03:32,551 [EventQueue-DeleteBlockStatusForDeletedBlockLogImpl] DEBUG block.DeletedBlockLogImpl (DeletedBlockLogImpl.java:commitTransactions(224)) - Transaction txId=18 commit by dnId=c2c40a72-a699-49b1-b721-1997d9d2c71f for containerID=#18 failed. Corresponding entry not found.
2021-08-15 14:03:32,551 [EventQueue-DeleteBlockStatusForDeletedBlockLogImpl] DEBUG block.DeletedBlockLogImpl (DeletedBlockLogImpl.java:isTransactionFailed(278)) - Got block deletion ACK from datanode, TXIDs=19, success=true
2021-08-15 14:03:32,551 [EventQueue-DeleteBlockStatusForDeletedBlockLogImpl] DEBUG block.DeletedBlockLogImpl (DeletedBlockLogImpl.java:commitTransactions(224)) - Transaction txId=19 commit by dnId=c2c40a72-a699-49b1-b721-1997d9d2c71f for containerID=#19 failed. Corresponding entry not found.
2021-08-15 14:03:32,551 [EventQueue-DeleteBlockStatusForDeletedBlockLogImpl] DEBUG block.DeletedBlockLogImpl (DeletedBlockLogImpl.java:isTransactionFailed(278)) - Got block deletion ACK from datanode, TXIDs=20, success=true
2021-08-15 14:03:32,551 [EventQueue-DeleteBlockStatusForDeletedBlockLogImpl] DEBUG block.DeletedBlockLogImpl (DeletedBlockLogImpl.java:commitTransactions(224)) - Transaction txId=20 commit by dnId=c2c40a72-a699-49b1-b721-1997d9d2c71f for containerID=#20 failed. Corresponding entry not found.
2021-08-15 14:03:32,551 [EventQueue-DeleteBlockStatusForDeletedBlockLogImpl] DEBUG block.DeletedBlockLogImpl (DeletedBlockLogImpl.java:isTransactionFailed(278)) - Got block deletion ACK from datanode, TXIDs=21, success=true
2021-08-15 14:03:32,551 [EventQueue-DeleteBlockStatusForDeletedBlockLogImpl] DEBUG block.DeletedBlockLogImpl (DeletedBlockLogImpl.java:commitTransactions(224)) - Transaction txId=21 commit by dnId=c2c40a72-a699-49b1-b721-1997d9d2c71f for containerID=#21 failed. Corresponding entry not found.
2021-08-15 14:03:32,551 [EventQueue-DeleteBlockStatusForDeletedBlockLogImpl] DEBUG block.DeletedBlockLogImpl (DeletedBlockLogImpl.java:isTransactionFailed(278)) - Got block deletion ACK from datanode, TXIDs=22, success=true
2021-08-15 14:03:32,551 [EventQueue-DeleteBlockStatusForDeletedBlockLogImpl] DEBUG block.DeletedBlockLogImpl (DeletedBlockLogImpl.java:commitTransactions(224)) - Transaction txId=22 commit by dnId=c2c40a72-a699-49b1-b721-1997d9d2c71f for containerID=#22 failed. Corresponding entry not found.
2021-08-15 14:03:32,551 [EventQueue-DeleteBlockStatusForDeletedBlockLogImpl] DEBUG block.DeletedBlockLogImpl (DeletedBlockLogImpl.java:isTransactionFailed(278)) - Got block deletion ACK from datanode, TXIDs=23, success=true
2021-08-15 14:03:32,551 [EventQueue-DeleteBlockStatusForDeletedBlockLogImpl] DEBUG block.DeletedBlockLogImpl (DeletedBlockLogImpl.java:commitTransactions(224)) - Transaction txId=23 commit by dnId=c2c40a72-a699-49b1-b721-1997d9d2c71f for containerID=#23 failed. Corresponding entry not found.
2021-08-15 14:03:32,551 [EventQueue-DeleteBlockStatusForDeletedBlockLogImpl] DEBUG block.DeletedBlockLogImpl (DeletedBlockLogImpl.java:isTransactionFailed(278)) - Got block deletion ACK from datanode, TXIDs=24, success=true
2021-08-15 14:03:32,551 [EventQueue-DeleteBlockStatusForDeletedBlockLogImpl] DEBUG block.DeletedBlockLogImpl (DeletedBlockLogImpl.java:commitTransactions(224)) - Transaction txId=24 commit by dnId=c2c40a72-a699-49b1-b721-1997d9d2c71f for containerID=#24 failed. Corresponding entry not found.
2021-08-15 14:03:32,551 [EventQueue-DeleteBlockStatusForDeletedBlockLogImpl] DEBUG block.DeletedBlockLogImpl (DeletedBlockLogImpl.java:isTransactionFailed(278)) - Got block deletion ACK from datanode, TXIDs=25, success=true
2021-08-15 14:03:32,552 [EventQueue-DeleteBlockStatusForDeletedBlockLogImpl] DEBUG block.DeletedBlockLogImpl (DeletedBlockLogImpl.java:commitTransactions(224)) - Transaction txId=25 commit by dnId=c2c40a72-a699-49b1-b721-1997d9d2c71f for containerID=#25 failed. Corresponding entry not found.
2021-08-15 14:03:32,552 [EventQueue-DeleteBlockStatusForDeletedBlockLogImpl] DEBUG block.DeletedBlockLogImpl (DeletedBlockLogImpl.java:isTransactionFailed(278)) - Got block deletion ACK from datanode, TXIDs=26, success=true
2021-08-15 14:03:32,552 [EventQueue-DeleteBlockStatusForDeletedBlockLogImpl] DEBUG block.DeletedBlockLogImpl (DeletedBlockLogImpl.java:commitTransactions(224)) - Transaction txId=26 commit by dnId=c2c40a72-a699-49b1-b721-1997d9d2c71f for containerID=#26 failed. Corresponding entry not found.
2021-08-15 14:03:32,552 [EventQueue-DeleteBlockStatusForDeletedBlockLogImpl] DEBUG block.DeletedBlockLogImpl (DeletedBlockLogImpl.java:isTransactionFailed(278)) - Got block deletion ACK from datanode, TXIDs=27, success=true
2021-08-15 14:03:32,552 [EventQueue-DeleteBlockStatusForDeletedBlockLogImpl] DEBUG block.DeletedBlockLogImpl (DeletedBlockLogImpl.java:commitTransactions(224)) - Transaction txId=27 commit by dnId=c2c40a72-a699-49b1-b721-1997d9d2c71f for containerID=#27 failed. Corresponding entry not found.
2021-08-15 14:03:32,552 [EventQueue-DeleteBlockStatusForDeletedBlockLogImpl] DEBUG block.DeletedBlockLogImpl (DeletedBlockLogImpl.java:isTransactionFailed(278)) - Got block deletion ACK from datanode, TXIDs=28, success=true
2021-08-15 14:03:32,552 [EventQueue-DeleteBlockStatusForDeletedBlockLogImpl] DEBUG block.DeletedBlockLogImpl (DeletedBlockLogImpl.java:commitTransactions(256)) - Datanode txId=28 containerId=#28 committed by dnId=c2c40a72-a699-49b1-b721-1997d9d2c71f
2021-08-15 14:03:32,552 [EventQueue-DeleteBlockStatusForDeletedBlockLogImpl] DEBUG block.DeletedBlockLogImpl (DeletedBlockLogImpl.java:isTransactionFailed(278)) - Got block deletion ACK from datanode, TXIDs=29, success=true
2021-08-15 14:03:32,552 [EventQueue-DeleteBlockStatusForDeletedBlockLogImpl] DEBUG block.DeletedBlockLogImpl (DeletedBlockLogImpl.java:commitTransactions(256)) - Datanode txId=29 containerId=#29 committed by dnId=c2c40a72-a699-49b1-b721-1997d9d2c71f
2021-08-15 14:03:32,552 [EventQueue-DeleteBlockStatusForDeletedBlockLogImpl] DEBUG block.DeletedBlockLogImpl (DeletedBlockLogImpl.java:isTransactionFailed(278)) - Got block deletion ACK from datanode, TXIDs=30, success=true
2021-08-15 14:03:32,552 [EventQueue-DeleteBlockStatusForDeletedBlockLogImpl] DEBUG block.DeletedBlockLogImpl (DeletedBlockLogImpl.java:commitTransactions(256)) - Datanode txId=30 containerId=#30 committed by dnId=c2c40a72-a699-49b1-b721-1997d9d2c71f
2021-08-15 14:03:32,552 [EventQueue-DeleteBlockStatusForDeletedBlockLogImpl] DEBUG block.DeletedBlockLogImpl (DeletedBlockLogImpl.java:isTransactionFailed(278)) - Got block deletion ACK from datanode, TXIDs=31, success=true
2021-08-15 14:03:32,552 [EventQueue-DeleteBlockStatusForDeletedBlockLogImpl] DEBUG block.DeletedBlockLogImpl (DeletedBlockLogImpl.java:commitTransactions(256)) - Datanode txId=31 containerId=#31 committed by dnId=c2c40a72-a699-49b1-b721-1997d9d2c71f
2021-08-15 14:03:32,552 [EventQueue-DeleteBlockStatusForDeletedBlockLogImpl] DEBUG block.DeletedBlockLogImpl (DeletedBlockLogImpl.java:isTransactionFailed(278)) - Got block deletion ACK from datanode, TXIDs=32, success=true
2021-08-15 14:03:32,552 [EventQueue-DeleteBlockStatusForDeletedBlockLogImpl] DEBUG block.DeletedBlockLogImpl (DeletedBlockLogImpl.java:commitTransactions(256)) - Datanode txId=32 containerId=#32 committed by dnId=c2c40a72-a699-49b1-b721-1997d9d2c71f
2021-08-15 14:03:32,552 [EventQueue-DeleteBlockStatusForDeletedBlockLogImpl] DEBUG block.DeletedBlockLogImpl (DeletedBlockLogImpl.java:isTransactionFailed(278)) - Got block deletion ACK from datanode, TXIDs=33, success=true
2021-08-15 14:03:32,552 [EventQueue-DeleteBlockStatusForDeletedBlockLogImpl] DEBUG block.DeletedBlockLogImpl (DeletedBlockLogImpl.java:commitTransactions(256)) - Datanode txId=33 containerId=#33 committed by dnId=c2c40a72-a699-49b1-b721-1997d9d2c71f
2021-08-15 14:03:32,552 [EventQueue-DeleteBlockStatusForDeletedBlockLogImpl] DEBUG block.DeletedBlockLogImpl (DeletedBlockLogImpl.java:isTransactionFailed(278)) - Got block deletion ACK from datanode, TXIDs=34, success=true
2021-08-15 14:03:32,552 [EventQueue-DeleteBlockStatusForDeletedBlockLogImpl] DEBUG block.DeletedBlockLogImpl (DeletedBlockLogImpl.java:commitTransactions(256)) - Datanode txId=34 containerId=#34 committed by dnId=c2c40a72-a699-49b1-b721-1997d9d2c71f
2021-08-15 14:03:32,552 [EventQueue-DeleteBlockStatusForDeletedBlockLogImpl] DEBUG block.DeletedBlockLogImpl (DeletedBlockLogImpl.java:isTransactionFailed(278)) - Got block deletion ACK from datanode, TXIDs=35, success=true
2021-08-15 14:03:32,552 [EventQueue-DeleteBlockStatusForDeletedBlockLogImpl] DEBUG block.DeletedBlockLogImpl (DeletedBlockLogImpl.java:commitTransactions(256)) - Datanode txId=35 containerId=#35 committed by dnId=c2c40a72-a699-49b1-b721-1997d9d2c71f
2021-08-15 14:03:32,552 [EventQueue-DeleteBlockStatusForDeletedBlockLogImpl] DEBUG block.DeletedBlockLogImpl (DeletedBlockLogImpl.java:isTransactionFailed(278)) - Got block deletion ACK from datanode, TXIDs=36, success=true
2021-08-15 14:03:32,552 [EventQueue-DeleteBlockStatusForDeletedBlockLogImpl] DEBUG block.DeletedBlockLogImpl (DeletedBlockLogImpl.java:commitTransactions(256)) - Datanode txId=36 containerId=#36 committed by dnId=c2c40a72-a699-49b1-b721-1997d9d2c71f
2021-08-15 14:03:32,552 [EventQueue-DeleteBlockStatusForDeletedBlockLogImpl] DEBUG block.DeletedBlockLogImpl (DeletedBlockLogImpl.java:isTransactionFailed(278)) - Got block deletion ACK from datanode, TXIDs=37, success=true
2021-08-15 14:03:32,552 [EventQueue-DeleteBlockStatusForDeletedBlockLogImpl] DEBUG block.DeletedBlockLogImpl (DeletedBlockLogImpl.java:commitTransactions(256)) - Datanode txId=37 containerId=#37 committed by dnId=c2c40a72-a699-49b1-b721-1997d9d2c71f
2021-08-15 14:03:32,552 [EventQueue-DeleteBlockStatusForDeletedBlockLogImpl] DEBUG block.DeletedBlockLogImpl (DeletedBlockLogImpl.java:isTransactionFailed(278)) - Got block deletion ACK from datanode, TXIDs=38, success=true
2021-08-15 14:03:32,552 [EventQueue-DeleteBlockStatusForDeletedBlockLogImpl] DEBUG block.DeletedBlockLogImpl (DeletedBlockLogImpl.java:commitTransactions(256)) - Datanode txId=38 containerId=#38 committed by dnId=c2c40a72-a699-49b1-b721-1997d9d2c71f
2021-08-15 14:03:32,552 [EventQueue-DeleteBlockStatusForDeletedBlockLogImpl] DEBUG block.DeletedBlockLogImpl (DeletedBlockLogImpl.java:isTransactionFailed(278)) - Got block deletion ACK from datanode, TXIDs=39, success=true
2021-08-15 14:03:32,552 [EventQueue-DeleteBlockStatusForDeletedBlockLogImpl] DEBUG block.DeletedBlockLogImpl (DeletedBlockLogImpl.java:commitTransactions(256)) - Datanode txId=39 containerId=#39 committed by dnId=c2c40a72-a699-49b1-b721-1997d9d2c71f
2021-08-15 14:03:32,552 [EventQueue-DeleteBlockStatusForDeletedBlockLogImpl] DEBUG block.DeletedBlockLogImpl (DeletedBlockLogImpl.java:isTransactionFailed(278)) - Got block deletion ACK from datanode, TXIDs=40, success=true
2021-08-15 14:03:32,552 [EventQueue-DeleteBlockStatusForDeletedBlockLogImpl] DEBUG block.DeletedBlockLogImpl (DeletedBlockLogImpl.java:commitTransactions(256)) - Datanode txId=40 containerId=#40 committed by dnId=c2c40a72-a699-49b1-b721-1997d9d2c71f
2021-08-15 14:03:32,552 [EventQueue-DeleteBlockStatusForDeletedBlockLogImpl] DEBUG block.DeletedBlockLogImpl (DeletedBlockLogImpl.java:isTransactionFailed(278)) - Got block deletion ACK from datanode, TXIDs=41, success=true
2021-08-15 14:03:32,552 [EventQueue-DeleteBlockStatusForDeletedBlockLogImpl] DEBUG block.DeletedBlockLogImpl (DeletedBlockLogImpl.java:commitTransactions(256)) - Datanode txId=41 containerId=#41 committed by dnId=c2c40a72-a699-49b1-b721-1997d9d2c71f
2021-08-15 14:03:32,552 [EventQueue-DeleteBlockStatusForDeletedBlockLogImpl] DEBUG block.DeletedBlockLogImpl (DeletedBlockLogImpl.java:isTransactionFailed(278)) - Got block deletion ACK from datanode, TXIDs=42, success=true
2021-08-15 14:03:32,552 [EventQueue-DeleteBlockStatusForDeletedBlockLogImpl] DEBUG block.DeletedBlockLogImpl (DeletedBlockLogImpl.java:commitTransactions(256)) - Datanode txId=42 containerId=#42 committed by dnId=c2c40a72-a699-49b1-b721-1997d9d2c71f
2021-08-15 14:03:32,552 [EventQueue-DeleteBlockStatusForDeletedBlockLogImpl] DEBUG block.DeletedBlockLogImpl (DeletedBlockLogImpl.java:isTransactionFailed(278)) - Got block deletion ACK from datanode, TXIDs=43, success=true
2021-08-15 14:03:32,552 [EventQueue-DeleteBlockStatusForDeletedBlockLogImpl] DEBUG block.DeletedBlockLogImpl (DeletedBlockLogImpl.java:commitTransactions(256)) - Datanode txId=43 containerId=#43 committed by dnId=c2c40a72-a699-49b1-b721-1997d9d2c71f
2021-08-15 14:03:32,552 [EventQueue-DeleteBlockStatusForDeletedBlockLogImpl] DEBUG block.DeletedBlockLogImpl (DeletedBlockLogImpl.java:isTransactionFailed(278)) - Got block deletion ACK from datanode, TXIDs=44, success=true
2021-08-15 14:03:32,552 [EventQueue-DeleteBlockStatusForDeletedBlockLogImpl] DEBUG block.DeletedBlockLogImpl (DeletedBlockLogImpl.java:commitTransactions(256)) - Datanode txId=44 containerId=#44 committed by dnId=c2c40a72-a699-49b1-b721-1997d9d2c71f
2021-08-15 14:03:32,552 [EventQueue-DeleteBlockStatusForDeletedBlockLogImpl] DEBUG block.DeletedBlockLogImpl (DeletedBlockLogImpl.java:isTransactionFailed(278)) - Got block deletion ACK from datanode, TXIDs=45, success=true
2021-08-15 14:03:32,552 [EventQueue-DeleteBlockStatusForDeletedBlockLogImpl] DEBUG block.DeletedBlockLogImpl (DeletedBlockLogImpl.java:commitTransactions(256)) - Datanode txId=45 containerId=#45 committed by dnId=c2c40a72-a699-49b1-b721-1997d9d2c71f
2021-08-15 14:03:32,552 [EventQueue-DeleteBlockStatusForDeletedBlockLogImpl] DEBUG block.DeletedBlockLogImpl (DeletedBlockLogImpl.java:isTransactionFailed(278)) - Got block deletion ACK from datanode, TXIDs=46, success=true
2021-08-15 14:03:32,552 [EventQueue-DeleteBlockStatusForDeletedBlockLogImpl] DEBUG block.DeletedBlockLogImpl (DeletedBlockLogImpl.java:commitTransactions(256)) - Datanode txId=46 containerId=#46 committed by dnId=c2c40a72-a699-49b1-b721-1997d9d2c71f
2021-08-15 14:03:32,552 [EventQueue-DeleteBlockStatusForDeletedBlockLogImpl] DEBUG block.DeletedBlockLogImpl (DeletedBlockLogImpl.java:isTransactionFailed(278)) - Got block deletion ACK from datanode, TXIDs=47, success=true
2021-08-15 14:03:32,552 [EventQueue-DeleteBlockStatusForDeletedBlockLogImpl] DEBUG block.DeletedBlockLogImpl (DeletedBlockLogImpl.java:commitTransactions(256)) - Datanode txId=47 containerId=#47 committed by dnId=c2c40a72-a699-49b1-b721-1997d9d2c71f
2021-08-15 14:03:32,552 [EventQueue-DeleteBlockStatusForDeletedBlockLogImpl] DEBUG block.DeletedBlockLogImpl (DeletedBlockLogImpl.java:isTransactionFailed(278)) - Got block deletion ACK from datanode, TXIDs=48, success=true
2021-08-15 14:03:32,552 [EventQueue-DeleteBlockStatusForDeletedBlockLogImpl] DEBUG block.DeletedBlockLogImpl (DeletedBlockLogImpl.java:commitTransactions(256)) - Datanode txId=48 containerId=#48 committed by dnId=c2c40a72-a699-49b1-b721-1997d9d2c71f
2021-08-15 14:03:32,552 [EventQueue-DeleteBlockStatusForDeletedBlockLogImpl] DEBUG block.DeletedBlockLogImpl (DeletedBlockLogImpl.java:isTransactionFailed(278)) - Got block deletion ACK from datanode, TXIDs=49, success=true
2021-08-15 14:03:32,552 [EventQueue-DeleteBlockStatusForDeletedBlockLogImpl] DEBUG block.DeletedBlockLogImpl (DeletedBlockLogImpl.java:commitTransactions(256)) - Datanode txId=49 containerId=#49 committed by dnId=c2c40a72-a699-49b1-b721-1997d9d2c71f
2021-08-15 14:03:32,552 [EventQueue-DeleteBlockStatusForDeletedBlockLogImpl] DEBUG block.DeletedBlockLogImpl (DeletedBlockLogImpl.java:isTransactionFailed(278)) - Got block deletion ACK from datanode, TXIDs=50, success=true
2021-08-15 14:03:32,552 [EventQueue-DeleteBlockStatusForDeletedBlockLogImpl] DEBUG block.DeletedBlockLogImpl (DeletedBlockLogImpl.java:commitTransactions(256)) - Datanode txId=50 containerId=#50 committed by dnId=c2c40a72-a699-49b1-b721-1997d9d2c71f
2021-08-15 14:03:32,553 [EventQueue-DeleteBlockStatusForDeletedBlockLogImpl] DEBUG block.DeletedBlockLogImpl (DeletedBlockLogImpl.java:isTransactionFailed(278)) - Got block deletion ACK from datanode, TXIDs=51, success=true
2021-08-15 14:03:32,553 [EventQueue-DeleteBlockStatusForDeletedBlockLogImpl] DEBUG block.DeletedBlockLogImpl (DeletedBlockLogImpl.java:commitTransactions(256)) - Datanode txId=51 containerId=#51 committed by dnId=c2c40a72-a699-49b1-b721-1997d9d2c71f
2021-08-15 14:03:32,553 [EventQueue-DeleteBlockStatusForDeletedBlockLogImpl] DEBUG block.DeletedBlockLogImpl (DeletedBlockLogImpl.java:isTransactionFailed(278)) - Got block deletion ACK from datanode, TXIDs=52, success=true
2021-08-15 14:03:32,553 [EventQueue-DeleteBlockStatusForDeletedBlockLogImpl] DEBUG block.DeletedBlockLogImpl (DeletedBlockLogImpl.java:commitTransactions(256)) - Datanode txId=52 containerId=#52 committed by dnId=c2c40a72-a699-49b1-b721-1997d9d2c71f
2021-08-15 14:03:32,553 [EventQueue-DeleteBlockStatusForDeletedBlockLogImpl] DEBUG block.DeletedBlockLogImpl (DeletedBlockLogImpl.java:isTransactionFailed(278)) - Got block deletion ACK from datanode, TXIDs=53, success=true
2021-08-15 14:03:32,553 [EventQueue-DeleteBlockStatusForDeletedBlockLogImpl] DEBUG block.DeletedBlockLogImpl (DeletedBlockLogImpl.java:commitTransactions(256)) - Datanode txId=53 containerId=#53 committed by dnId=c2c40a72-a699-49b1-b721-1997d9d2c71f
2021-08-15 14:03:32,553 [EventQueue-DeleteBlockStatusForDeletedBlockLogImpl] DEBUG block.DeletedBlockLogImpl (DeletedBlockLogImpl.java:isTransactionFailed(278)) - Got block deletion ACK from datanode, TXIDs=54, success=true
2021-08-15 14:03:32,553 [EventQueue-DeleteBlockStatusForDeletedBlockLogImpl] DEBUG block.DeletedBlockLogImpl (DeletedBlockLogImpl.java:commitTransactions(256)) - Datanode txId=54 containerId=#54 committed by dnId=c2c40a72-a699-49b1-b721-1997d9d2c71f
2021-08-15 14:03:32,553 [EventQueue-DeleteBlockStatusForDeletedBlockLogImpl] DEBUG block.DeletedBlockLogImpl (DeletedBlockLogImpl.java:isTransactionFailed(278)) - Got block deletion ACK from datanode, TXIDs=55, success=true
2021-08-15 14:03:32,553 [EventQueue-DeleteBlockStatusForDeletedBlockLogImpl] DEBUG block.DeletedBlockLogImpl (DeletedBlockLogImpl.java:commitTransactions(256)) - Datanode txId=55 containerId=#55 committed by dnId=c2c40a72-a699-49b1-b721-1997d9d2c71f
2021-08-15 14:03:32,553 [EventQueue-DeleteBlockStatusForDeletedBlockLogImpl] DEBUG block.DeletedBlockLogImpl (DeletedBlockLogImpl.java:isTransactionFailed(278)) - Got block deletion ACK from datanode, TXIDs=56, success=true
2021-08-15 14:03:32,553 [EventQueue-DeleteBlockStatusForDeletedBlockLogImpl] DEBUG block.DeletedBlockLogImpl (DeletedBlockLogImpl.java:commitTransactions(256)) - Datanode txId=56 containerId=#56 committed by dnId=c2c40a72-a699-49b1-b721-1997d9d2c71f
2021-08-15 14:03:32,553 [EventQueue-DeleteBlockStatusForDeletedBlockLogImpl] DEBUG block.DeletedBlockLogImpl (DeletedBlockLogImpl.java:isTransactionFailed(278)) - Got block deletion ACK from datanode, TXIDs=27, success=true
2021-08-15 14:03:32,553 [EventQueue-DeleteBlockStatusForDeletedBlockLogImpl] DEBUG block.DeletedBlockLogImpl (DeletedBlockLogImpl.java:commitTransactions(224)) - Transaction txId=27 commit by dnId=c2c40a72-a699-49b1-b721-1997d9d2c71f for containerID=#27 failed. Corresponding entry not found.
2021-08-15 14:03:32,553 [EventQueue-DeleteBlockStatusForDeletedBlockLogImpl] DEBUG block.DeletedBlockLogImpl (DeletedBlockLogImpl.java:isTransactionFailed(278)) - Got block deletion ACK from datanode, TXIDs=28, success=true
2021-08-15 14:03:32,553 [EventQueue-DeleteBlockStatusForDeletedBlockLogImpl] DEBUG block.DeletedBlockLogImpl (DeletedBlockLogImpl.java:commitTransactions(256)) - Datanode txId=28 containerId=#28 committed by dnId=c2c40a72-a699-49b1-b721-1997d9d2c71f
2021-08-15 14:03:32,553 [EventQueue-DeleteBlockStatusForDeletedBlockLogImpl] DEBUG block.DeletedBlockLogImpl (DeletedBlockLogImpl.java:isTransactionFailed(278)) - Got block deletion ACK from datanode, TXIDs=29, success=true
2021-08-15 14:03:32,553 [EventQueue-DeleteBlockStatusForDeletedBlockLogImpl] DEBUG block.DeletedBlockLogImpl (DeletedBlockLogImpl.java:commitTransactions(256)) - Datanode txId=29 containerId=#29 committed by dnId=c2c40a72-a699-49b1-b721-1997d9d2c71f
2021-08-15 14:03:32,553 [EventQueue-DeleteBlockStatusForDeletedBlockLogImpl] DEBUG block.DeletedBlockLogImpl (DeletedBlockLogImpl.java:isTransactionFailed(278)) - Got block deletion ACK from datanode, TXIDs=30, success=true
2021-08-15 14:03:32,553 [EventQueue-DeleteBlockStatusForDeletedBlockLogImpl] DEBUG block.DeletedBlockLogImpl (DeletedBlockLogImpl.java:commitTransactions(256)) - Datanode txId=30 containerId=#30 committed by dnId=c2c40a72-a699-49b1-b721-1997d9d2c71f
2021-08-15 14:03:32,553 [EventQueue-DeleteBlockStatusForDeletedBlockLogImpl] DEBUG block.DeletedBlockLogImpl (DeletedBlockLogImpl.java:isTransactionFailed(278)) - Got block deletion ACK from datanode, TXIDs=31, success=true
2021-08-15 14:03:32,553 [EventQueue-DeleteBlockStatusForDeletedBlockLogImpl] DEBUG block.DeletedBlockLogImpl (DeletedBlockLogImpl.java:commitTransactions(256)) - Datanode txId=31 containerId=#31 committed by dnId=c2c40a72-a699-49b1-b721-1997d9d2c71f
2021-08-15 14:03:32,553 [EventQueue-DeleteBlockStatusForDeletedBlockLogImpl] DEBUG block.DeletedBlockLogImpl (DeletedBlockLogImpl.java:isTransactionFailed(278)) - Got block deletion ACK from datanode, TXIDs=32, success=true
2021-08-15 14:03:32,553 [EventQueue-DeleteBlockStatusForDeletedBlockLogImpl] DEBUG block.DeletedBlockLogImpl (DeletedBlockLogImpl.java:commitTransactions(256)) - Datanode txId=32 containerId=#32 committed by dnId=c2c40a72-a699-49b1-b721-1997d9d2c71f
2021-08-15 14:03:32,553 [EventQueue-DeleteBlockStatusForDeletedBlockLogImpl] DEBUG block.DeletedBlockLogImpl (DeletedBlockLogImpl.java:isTransactionFailed(278)) - Got block deletion ACK from datanode, TXIDs=33, success=true
2021-08-15 14:03:32,553 [EventQueue-DeleteBlockStatusForDeletedBlockLogImpl] DEBUG block.DeletedBlockLogImpl (DeletedBlockLogImpl.java:commitTransactions(256)) - Datanode txId=33 containerId=#33 committed by dnId=c2c40a72-a699-49b1-b721-1997d9d2c71f
2021-08-15 14:03:32,553 [EventQueue-DeleteBlockStatusForDeletedBlockLogImpl] DEBUG block.DeletedBlockLogImpl (DeletedBlockLogImpl.java:isTransactionFailed(278)) - Got block deletion ACK from datanode, TXIDs=34, success=true
2021-08-15 14:03:32,553 [EventQueue-DeleteBlockStatusForDeletedBlockLogImpl] DEBUG block.DeletedBlockLogImpl (DeletedBlockLogImpl.java:commitTransactions(256)) - Datanode txId=34 containerId=#34 committed by dnId=c2c40a72-a699-49b1-b721-1997d9d2c71f
2021-08-15 14:03:32,553 [EventQueue-DeleteBlockStatusForDeletedBlockLogImpl] DEBUG block.DeletedBlockLogImpl (DeletedBlockLogImpl.java:isTransactionFailed(278)) - Got block deletion ACK from datanode, TXIDs=35, success=true
2021-08-15 14:03:32,553 [EventQueue-DeleteBlockStatusForDeletedBlockLogImpl] DEBUG block.DeletedBlockLogImpl (DeletedBlockLogImpl.java:commitTransactions(256)) - Datanode txId=35 containerId=#35 committed by dnId=c2c40a72-a699-49b1-b721-1997d9d2c71f
2021-08-15 14:03:32,553 [EventQueue-DeleteBlockStatusForDeletedBlockLogImpl] DEBUG block.DeletedBlockLogImpl (DeletedBlockLogImpl.java:isTransactionFailed(278)) - Got block deletion ACK from datanode, TXIDs=36, success=true
2021-08-15 14:03:32,553 [EventQueue-DeleteBlockStatusForDeletedBlockLogImpl] DEBUG block.DeletedBlockLogImpl (DeletedBlockLogImpl.java:commitTransactions(256)) - Datanode txId=36 containerId=#36 committed by dnId=c2c40a72-a699-49b1-b721-1997d9d2c71f
2021-08-15 14:03:32,553 [EventQueue-DeleteBlockStatusForDeletedBlockLogImpl] DEBUG block.DeletedBlockLogImpl (DeletedBlockLogImpl.java:isTransactionFailed(278)) - Got block deletion ACK from datanode, TXIDs=37, success=true
2021-08-15 14:03:32,553 [EventQueue-DeleteBlockStatusForDeletedBlockLogImpl] DEBUG block.DeletedBlockLogImpl (DeletedBlockLogImpl.java:commitTransactions(256)) - Datanode txId=37 containerId=#37 committed by dnId=c2c40a72-a699-49b1-b721-1997d9d2c71f
2021-08-15 14:03:32,553 [EventQueue-DeleteBlockStatusForDeletedBlockLogImpl] DEBUG block.DeletedBlockLogImpl (DeletedBlockLogImpl.java:isTransactionFailed(278)) - Got block deletion ACK from datanode, TXIDs=38, success=true
2021-08-15 14:03:32,553 [EventQueue-DeleteBlockStatusForDeletedBlockLogImpl] DEBUG block.DeletedBlockLogImpl (DeletedBlockLogImpl.java:commitTransactions(256)) - Datanode txId=38 containerId=#38 committed by dnId=c2c40a72-a699-49b1-b721-1997d9d2c71f
2021-08-15 14:03:32,553 [EventQueue-DeleteBlockStatusForDeletedBlockLogImpl] DEBUG block.DeletedBlockLogImpl (DeletedBlockLogImpl.java:isTransactionFailed(278)) - Got block deletion ACK from datanode, TXIDs=39, success=true
2021-08-15 14:03:32,553 [EventQueue-DeleteBlockStatusForDeletedBlockLogImpl] DEBUG block.DeletedBlockLogImpl (DeletedBlockLogImpl.java:commitTransactions(256)) - Datanode txId=39 containerId=#39 committed by dnId=c2c40a72-a699-49b1-b721-1997d9d2c71f
2021-08-15 14:03:32,553 [EventQueue-DeleteBlockStatusForDeletedBlockLogImpl] DEBUG block.DeletedBlockLogImpl (DeletedBlockLogImpl.java:isTransactionFailed(278)) - Got block deletion ACK from datanode, TXIDs=40, success=true
2021-08-15 14:03:32,554 [EventQueue-DeleteBlockStatusForDeletedBlockLogImpl] DEBUG block.DeletedBlockLogImpl (DeletedBlockLogImpl.java:commitTransactions(256)) - Datanode txId=40 containerId=#40 committed by dnId=c2c40a72-a699-49b1-b721-1997d9d2c71f
2021-08-15 14:03:32,554 [EventQueue-DeleteBlockStatusForDeletedBlockLogImpl] DEBUG block.DeletedBlockLogImpl (DeletedBlockLogImpl.java:isTransactionFailed(278)) - Got block deletion ACK from datanode, TXIDs=41, success=true
2021-08-15 14:03:32,554 [EventQueue-DeleteBlockStatusForDeletedBlockLogImpl] DEBUG block.DeletedBlockLogImpl (DeletedBlockLogImpl.java:commitTransactions(256)) - Datanode txId=41 containerId=#41 committed by dnId=c2c40a72-a699-49b1-b721-1997d9d2c71f
2021-08-15 14:03:32,554 [EventQueue-DeleteBlockStatusForDeletedBlockLogImpl] DEBUG block.DeletedBlockLogImpl (DeletedBlockLogImpl.java:isTransactionFailed(278)) - Got block deletion ACK from datanode, TXIDs=42, success=true
2021-08-15 14:03:32,554 [EventQueue-DeleteBlockStatusForDeletedBlockLogImpl] DEBUG block.DeletedBlockLogImpl (DeletedBlockLogImpl.java:commitTransactions(256)) - Datanode txId=42 containerId=#42 committed by dnId=c2c40a72-a699-49b1-b721-1997d9d2c71f
2021-08-15 14:03:32,554 [EventQueue-DeleteBlockStatusForDeletedBlockLogImpl] DEBUG block.DeletedBlockLogImpl (DeletedBlockLogImpl.java:isTransactionFailed(278)) - Got block deletion ACK from datanode, TXIDs=43, success=true
2021-08-15 14:03:32,554 [EventQueue-DeleteBlockStatusForDeletedBlockLogImpl] DEBUG block.DeletedBlockLogImpl (DeletedBlockLogImpl.java:commitTransactions(256)) - Datanode txId=43 containerId=#43 committed by dnId=c2c40a72-a699-49b1-b721-1997d9d2c71f
2021-08-15 14:03:32,554 [EventQueue-DeleteBlockStatusForDeletedBlockLogImpl] DEBUG block.DeletedBlockLogImpl (DeletedBlockLogImpl.java:isTransactionFailed(278)) - Got block deletion ACK from datanode, TXIDs=44, success=true
2021-08-15 14:03:32,554 [EventQueue-DeleteBlockStatusForDeletedBlockLogImpl] DEBUG block.DeletedBlockLogImpl (DeletedBlockLogImpl.java:commitTransactions(256)) - Datanode txId=44 containerId=#44 committed by dnId=c2c40a72-a699-49b1-b721-1997d9d2c71f
2021-08-15 14:03:32,554 [EventQueue-DeleteBlockStatusForDeletedBlockLogImpl] DEBUG block.DeletedBlockLogImpl (DeletedBlockLogImpl.java:isTransactionFailed(278)) - Got block deletion ACK from datanode, TXIDs=45, success=true
2021-08-15 14:03:32,554 [EventQueue-DeleteBlockStatusForDeletedBlockLogImpl] DEBUG block.DeletedBlockLogImpl (DeletedBlockLogImpl.java:commitTransactions(256)) - Datanode txId=45 containerId=#45 committed by dnId=c2c40a72-a699-49b1-b721-1997d9d2c71f
2021-08-15 14:03:32,554 [EventQueue-DeleteBlockStatusForDeletedBlockLogImpl] DEBUG block.DeletedBlockLogImpl (DeletedBlockLogImpl.java:isTransactionFailed(278)) - Got block deletion ACK from datanode, TXIDs=46, success=true
2021-08-15 14:03:32,554 [EventQueue-DeleteBlockStatusForDeletedBlockLogImpl] DEBUG block.DeletedBlockLogImpl (DeletedBlockLogImpl.java:commitTransactions(256)) - Datanode txId=46 containerId=#46 committed by dnId=c2c40a72-a699-49b1-b721-1997d9d2c71f
2021-08-15 14:03:32,554 [EventQueue-DeleteBlockStatusForDeletedBlockLogImpl] DEBUG block.DeletedBlockLogImpl (DeletedBlockLogImpl.java:isTransactionFailed(278)) - Got block deletion ACK from datanode, TXIDs=47, success=true
2021-08-15 14:03:32,554 [EventQueue-DeleteBlockStatusForDeletedBlockLogImpl] DEBUG block.DeletedBlockLogImpl (DeletedBlockLogImpl.java:commitTransactions(256)) - Datanode txId=47 containerId=#47 committed by dnId=c2c40a72-a699-49b1-b721-1997d9d2c71f
2021-08-15 14:03:32,554 [EventQueue-DeleteBlockStatusForDeletedBlockLogImpl] DEBUG block.DeletedBlockLogImpl (DeletedBlockLogImpl.java:isTransactionFailed(278)) - Got block deletion ACK from datanode, TXIDs=48, success=true
2021-08-15 14:03:32,554 [EventQueue-DeleteBlockStatusForDeletedBlockLogImpl] DEBUG block.DeletedBlockLogImpl (DeletedBlockLogImpl.java:commitTransactions(256)) - Datanode txId=48 containerId=#48 committed by dnId=c2c40a72-a699-49b1-b721-1997d9d2c71f
2021-08-15 14:03:32,554 [EventQueue-DeleteBlockStatusForDeletedBlockLogImpl] DEBUG block.DeletedBlockLogImpl (DeletedBlockLogImpl.java:isTransactionFailed(278)) - Got block deletion ACK from datanode, TXIDs=49, success=true
2021-08-15 14:03:32,554 [EventQueue-DeleteBlockStatusForDeletedBlockLogImpl] DEBUG block.DeletedBlockLogImpl (DeletedBlockLogImpl.java:commitTransactions(256)) - Datanode txId=49 containerId=#49 committed by dnId=c2c40a72-a699-49b1-b721-1997d9d2c71f
2021-08-15 14:03:32,554 [EventQueue-DeleteBlockStatusForDeletedBlockLogImpl] DEBUG block.DeletedBlockLogImpl (DeletedBlockLogImpl.java:isTransactionFailed(278)) - Got block deletion ACK from datanode, TXIDs=50, success=true
2021-08-15 14:03:32,554 [EventQueue-DeleteBlockStatusForDeletedBlockLogImpl] DEBUG block.DeletedBlockLogImpl (DeletedBlockLogImpl.java:commitTransactions(256)) - Datanode txId=50 containerId=#50 committed by dnId=c2c40a72-a699-49b1-b721-1997d9d2c71f
2021-08-15 14:03:32,554 [EventQueue-DeleteBlockStatusForDeletedBlockLogImpl] DEBUG block.DeletedBlockLogImpl (DeletedBlockLogImpl.java:isTransactionFailed(278)) - Got block deletion ACK from datanode, TXIDs=51, success=true
2021-08-15 14:03:32,554 [EventQueue-DeleteBlockStatusForDeletedBlockLogImpl] DEBUG block.DeletedBlockLogImpl (DeletedBlockLogImpl.java:commitTransactions(256)) - Datanode txId=51 containerId=#51 committed by dnId=c2c40a72-a699-49b1-b721-1997d9d2c71f
2021-08-15 14:03:32,554 [EventQueue-DeleteBlockStatusForDeletedBlockLogImpl] DEBUG block.DeletedBlockLogImpl (DeletedBlockLogImpl.java:isTransactionFailed(278)) - Got block deletion ACK from datanode, TXIDs=52, success=true
2021-08-15 14:03:32,554 [EventQueue-DeleteBlockStatusForDeletedBlockLogImpl] DEBUG block.DeletedBlockLogImpl (DeletedBlockLogImpl.java:commitTransactions(256)) - Datanode txId=52 containerId=#52 committed by dnId=c2c40a72-a699-49b1-b721-1997d9d2c71f
2021-08-15 14:03:32,554 [EventQueue-DeleteBlockStatusForDeletedBlockLogImpl] DEBUG block.DeletedBlockLogImpl (DeletedBlockLogImpl.java:isTransactionFailed(278)) - Got block deletion ACK from datanode, TXIDs=53, success=true
2021-08-15 14:03:32,554 [EventQueue-DeleteBlockStatusForDeletedBlockLogImpl] DEBUG block.DeletedBlockLogImpl (DeletedBlockLogImpl.java:commitTransactions(256)) - Datanode txId=53 containerId=#53 committed by dnId=c2c40a72-a699-49b1-b721-1997d9d2c71f
2021-08-15 14:03:32,554 [EventQueue-DeleteBlockStatusForDeletedBlockLogImpl] DEBUG block.DeletedBlockLogImpl (DeletedBlockLogImpl.java:isTransactionFailed(278)) - Got block deletion ACK from datanode, TXIDs=54, success=true
2021-08-15 14:03:32,554 [EventQueue-DeleteBlockStatusForDeletedBlockLogImpl] DEBUG block.DeletedBlockLogImpl (DeletedBlockLogImpl.java:commitTransactions(256)) - Datanode txId=54 containerId=#54 committed by dnId=c2c40a72-a699-49b1-b721-1997d9d2c71f
2021-08-15 14:03:32,554 [EventQueue-DeleteBlockStatusForDeletedBlockLogImpl] DEBUG block.DeletedBlockLogImpl (DeletedBlockLogImpl.java:isTransactionFailed(278)) - Got block deletion ACK from datanode, TXIDs=55, success=true
2021-08-15 14:03:32,554 [EventQueue-DeleteBlockStatusForDeletedBlockLogImpl] DEBUG block.DeletedBlockLogImpl (DeletedBlockLogImpl.java:commitTransactions(256)) - Datanode txId=55 containerId=#55 committed by dnId=c2c40a72-a699-49b1-b721-1997d9d2c71f
2021-08-15 14:03:32,554 [EventQueue-DeleteBlockStatusForDeletedBlockLogImpl] DEBUG block.DeletedBlockLogImpl (DeletedBlockLogImpl.java:isTransactionFailed(278)) - Got block deletion ACK from datanode, TXIDs=56, success=true
2021-08-15 14:03:32,554 [EventQueue-DeleteBlockStatusForDeletedBlockLogImpl] DEBUG block.DeletedBlockLogImpl (DeletedBlockLogImpl.java:commitTransactions(256)) - Datanode txId=56 containerId=#56 committed by dnId=c2c40a72-a699-49b1-b721-1997d9d2c71f
2021-08-15 14:03:32,554 [EventQueue-DeleteBlockStatusForDeletedBlockLogImpl] DEBUG block.DeletedBlockLogImpl (DeletedBlockLogImpl.java:isTransactionFailed(278)) - Got block deletion ACK from datanode, TXIDs=27, success=true
2021-08-15 14:03:32,554 [EventQueue-DeleteBlockStatusForDeletedBlockLogImpl] DEBUG block.DeletedBlockLogImpl (DeletedBlockLogImpl.java:commitTransactions(224)) - Transaction txId=27 commit by dnId=c2c40a72-a699-49b1-b721-1997d9d2c71f for containerID=#27 failed. Corresponding entry not found.
2021-08-15 14:03:32,554 [EventQueue-DeleteBlockStatusForDeletedBlockLogImpl] DEBUG block.DeletedBlockLogImpl (DeletedBlockLogImpl.java:isTransactionFailed(278)) - Got block deletion ACK from datanode, TXIDs=28, success=true
2021-08-15 14:03:32,554 [EventQueue-DeleteBlockStatusForDeletedBlockLogImpl] DEBUG block.DeletedBlockLogImpl (DeletedBlockLogImpl.java:commitTransactions(256)) - Datanode txId=28 containerId=#28 committed by dnId=c2c40a72-a699-49b1-b721-1997d9d2c71f
2021-08-15 14:03:32,554 [EventQueue-DeleteBlockStatusForDeletedBlockLogImpl] DEBUG block.DeletedBlockLogImpl (DeletedBlockLogImpl.java:isTransactionFailed(278)) - Got block deletion ACK from datanode, TXIDs=29, success=true
2021-08-15 14:03:32,554 [EventQueue-DeleteBlockStatusForDeletedBlockLogImpl] DEBUG block.DeletedBlockLogImpl (DeletedBlockLogImpl.java:commitTransactions(256)) - Datanode txId=29 containerId=#29 committed by dnId=c2c40a72-a699-49b1-b721-1997d9d2c71f
2021-08-15 14:03:32,554 [EventQueue-DeleteBlockStatusForDeletedBlockLogImpl] DEBUG block.DeletedBlockLogImpl (DeletedBlockLogImpl.java:isTransactionFailed(278)) - Got block deletion ACK from datanode, TXIDs=30, success=true
2021-08-15 14:03:32,554 [EventQueue-DeleteBlockStatusForDeletedBlockLogImpl] DEBUG block.DeletedBlockLogImpl (DeletedBlockLogImpl.java:commitTransactions(256)) - Datanode txId=30 containerId=#30 committed by dnId=c2c40a72-a699-49b1-b721-1997d9d2c71f
2021-08-15 14:03:32,554 [EventQueue-DeleteBlockStatusForDeletedBlockLogImpl] DEBUG block.DeletedBlockLogImpl (DeletedBlockLogImpl.java:isTransactionFailed(278)) - Got block deletion ACK from datanode, TXIDs=31, success=true
2021-08-15 14:03:32,554 [EventQueue-DeleteBlockStatusForDeletedBlockLogImpl] DEBUG block.DeletedBlockLogImpl (DeletedBlockLogImpl.java:commitTransactions(256)) - Datanode txId=31 containerId=#31 committed by dnId=c2c40a72-a699-49b1-b721-1997d9d2c71f
2021-08-15 14:03:32,554 [EventQueue-DeleteBlockStatusForDeletedBlockLogImpl] DEBUG block.DeletedBlockLogImpl (DeletedBlockLogImpl.java:isTransactionFailed(278)) - Got block deletion ACK from datanode, TXIDs=32, success=true
2021-08-15 14:03:32,554 [EventQueue-DeleteBlockStatusForDeletedBlockLogImpl] DEBUG block.DeletedBlockLogImpl (DeletedBlockLogImpl.java:commitTransactions(256)) - Datanode txId=32 containerId=#32 committed by dnId=c2c40a72-a699-49b1-b721-1997d9d2c71f
2021-08-15 14:03:32,554 [EventQueue-DeleteBlockStatusForDeletedBlockLogImpl] DEBUG block.DeletedBlockLogImpl (DeletedBlockLogImpl.java:isTransactionFailed(278)) - Got block deletion ACK from datanode, TXIDs=33, success=true
2021-08-15 14:03:32,554 [EventQueue-DeleteBlockStatusForDeletedBlockLogImpl] DEBUG block.DeletedBlockLogImpl (DeletedBlockLogImpl.java:commitTransactions(256)) - Datanode txId=33 containerId=#33 committed by dnId=c2c40a72-a699-49b1-b721-1997d9d2c71f
2021-08-15 14:03:32,554 [EventQueue-DeleteBlockStatusForDeletedBlockLogImpl] DEBUG block.DeletedBlockLogImpl (DeletedBlockLogImpl.java:isTransactionFailed(278)) - Got block deletion ACK from datanode, TXIDs=34, success=true
2021-08-15 14:03:32,554 [EventQueue-DeleteBlockStatusForDeletedBlockLogImpl] DEBUG block.DeletedBlockLogImpl (DeletedBlockLogImpl.java:commitTransactions(256)) - Datanode txId=34 containerId=#34 committed by dnId=c2c40a72-a699-49b1-b721-1997d9d2c71f
2021-08-15 14:03:32,554 [EventQueue-DeleteBlockStatusForDeletedBlockLogImpl] DEBUG block.DeletedBlockLogImpl (DeletedBlockLogImpl.java:isTransactionFailed(278)) - Got block deletion ACK from datanode, TXIDs=35, success=true
2021-08-15 14:03:32,554 [EventQueue-DeleteBlockStatusForDeletedBlockLogImpl] DEBUG block.DeletedBlockLogImpl (DeletedBlockLogImpl.java:commitTransactions(256)) - Datanode txId=35 containerId=#35 committed by dnId=c2c40a72-a699-49b1-b721-1997d9d2c71f
2021-08-15 14:03:32,555 [EventQueue-DeleteBlockStatusForDeletedBlockLogImpl] DEBUG block.DeletedBlockLogImpl (DeletedBlockLogImpl.java:isTransactionFailed(278)) - Got block deletion ACK from datanode, TXIDs=36, success=true
2021-08-15 14:03:32,555 [EventQueue-DeleteBlockStatusForDeletedBlockLogImpl] DEBUG block.DeletedBlockLogImpl (DeletedBlockLogImpl.java:commitTransactions(256)) - Datanode txId=36 containerId=#36 committed by dnId=c2c40a72-a699-49b1-b721-1997d9d2c71f
2021-08-15 14:03:32,555 [EventQueue-DeleteBlockStatusForDeletedBlockLogImpl] DEBUG block.DeletedBlockLogImpl (DeletedBlockLogImpl.java:isTransactionFailed(278)) - Got block deletion ACK from datanode, TXIDs=37, success=true
2021-08-15 14:03:32,555 [EventQueue-DeleteBlockStatusForDeletedBlockLogImpl] DEBUG block.DeletedBlockLogImpl (DeletedBlockLogImpl.java:commitTransactions(256)) - Datanode txId=37 containerId=#37 committed by dnId=c2c40a72-a699-49b1-b721-1997d9d2c71f
2021-08-15 14:03:32,555 [EventQueue-DeleteBlockStatusForDeletedBlockLogImpl] DEBUG block.DeletedBlockLogImpl (DeletedBlockLogImpl.java:isTransactionFailed(278)) - Got block deletion ACK from datanode, TXIDs=38, success=true
2021-08-15 14:03:32,555 [EventQueue-DeleteBlockStatusForDeletedBlockLogImpl] DEBUG block.DeletedBlockLogImpl (DeletedBlockLogImpl.java:commitTransactions(256)) - Datanode txId=38 containerId=#38 committed by dnId=c2c40a72-a699-49b1-b721-1997d9d2c71f
2021-08-15 14:03:32,555 [EventQueue-DeleteBlockStatusForDeletedBlockLogImpl] DEBUG block.DeletedBlockLogImpl (DeletedBlockLogImpl.java:isTransactionFailed(278)) - Got block deletion ACK from datanode, TXIDs=39, success=true
2021-08-15 14:03:32,555 [EventQueue-DeleteBlockStatusForDeletedBlockLogImpl] DEBUG block.DeletedBlockLogImpl (DeletedBlockLogImpl.java:commitTransactions(256)) - Datanode txId=39 containerId=#39 committed by dnId=c2c40a72-a699-49b1-b721-1997d9d2c71f
2021-08-15 14:03:32,555 [EventQueue-DeleteBlockStatusForDeletedBlockLogImpl] DEBUG block.DeletedBlockLogImpl (DeletedBlockLogImpl.java:isTransactionFailed(278)) - Got block deletion ACK from datanode, TXIDs=40, success=true
2021-08-15 14:03:32,555 [EventQueue-DeleteBlockStatusForDeletedBlockLogImpl] DEBUG block.DeletedBlockLogImpl (DeletedBlockLogImpl.java:commitTransactions(256)) - Datanode txId=40 containerId=#40 committed by dnId=c2c40a72-a699-49b1-b721-1997d9d2c71f
2021-08-15 14:03:32,555 [EventQueue-DeleteBlockStatusForDeletedBlockLogImpl] DEBUG block.DeletedBlockLogImpl (DeletedBlockLogImpl.java:isTransactionFailed(278)) - Got block deletion ACK from datanode, TXIDs=41, success=true
2021-08-15 14:03:32,555 [EventQueue-DeleteBlockStatusForDeletedBlockLogImpl] DEBUG block.DeletedBlockLogImpl (DeletedBlockLogImpl.java:commitTransactions(256)) - Datanode txId=41 containerId=#41 committed by dnId=c2c40a72-a699-49b1-b721-1997d9d2c71f
2021-08-15 14:03:32,555 [EventQueue-DeleteBlockStatusForDeletedBlockLogImpl] DEBUG block.DeletedBlockLogImpl (DeletedBlockLogImpl.java:isTransactionFailed(278)) - Got block deletion ACK from datanode, TXIDs=42, success=true
2021-08-15 14:03:32,555 [EventQueue-DeleteBlockStatusForDeletedBlockLogImpl] DEBUG block.DeletedBlockLogImpl (DeletedBlockLogImpl.java:commitTransactions(256)) - Datanode txId=42 containerId=#42 committed by dnId=c2c40a72-a699-49b1-b721-1997d9d2c71f
2021-08-15 14:03:32,555 [EventQueue-DeleteBlockStatusForDeletedBlockLogImpl] DEBUG block.DeletedBlockLogImpl (DeletedBlockLogImpl.java:isTransactionFailed(278)) - Got block deletion ACK from datanode, TXIDs=43, success=true
2021-08-15 14:03:32,555 [EventQueue-DeleteBlockStatusForDeletedBlockLogImpl] DEBUG block.DeletedBlockLogImpl (DeletedBlockLogImpl.java:commitTransactions(256)) - Datanode txId=43 containerId=#43 committed by dnId=c2c40a72-a699-49b1-b721-1997d9d2c71f
2021-08-15 14:03:32,555 [EventQueue-DeleteBlockStatusForDeletedBlockLogImpl] DEBUG block.DeletedBlockLogImpl (DeletedBlockLogImpl.java:isTransactionFailed(278)) - Got block deletion ACK from datanode, TXIDs=44, success=true
2021-08-15 14:03:32,555 [EventQueue-DeleteBlockStatusForDeletedBlockLogImpl] DEBUG block.DeletedBlockLogImpl (DeletedBlockLogImpl.java:commitTransactions(256)) - Datanode txId=44 containerId=#44 committed by dnId=c2c40a72-a699-49b1-b721-1997d9d2c71f
2021-08-15 14:03:32,555 [EventQueue-DeleteBlockStatusForDeletedBlockLogImpl] DEBUG block.DeletedBlockLogImpl (DeletedBlockLogImpl.java:isTransactionFailed(278)) - Got block deletion ACK from datanode, TXIDs=45, success=true
2021-08-15 14:03:32,555 [EventQueue-DeleteBlockStatusForDeletedBlockLogImpl] DEBUG block.DeletedBlockLogImpl (DeletedBlockLogImpl.java:commitTransactions(256)) - Datanode txId=45 containerId=#45 committed by dnId=c2c40a72-a699-49b1-b721-1997d9d2c71f
2021-08-15 14:03:32,555 [EventQueue-DeleteBlockStatusForDeletedBlockLogImpl] DEBUG block.DeletedBlockLogImpl (DeletedBlockLogImpl.java:isTransactionFailed(278)) - Got block deletion ACK from datanode, TXIDs=46, success=true
2021-08-15 14:03:32,555 [EventQueue-DeleteBlockStatusForDeletedBlockLogImpl] DEBUG block.DeletedBlockLogImpl (DeletedBlockLogImpl.java:commitTransactions(256)) - Datanode txId=46 containerId=#46 committed by dnId=c2c40a72-a699-49b1-b721-1997d9d2c71f
2021-08-15 14:03:32,555 [EventQueue-DeleteBlockStatusForDeletedBlockLogImpl] DEBUG block.DeletedBlockLogImpl (DeletedBlockLogImpl.java:isTransactionFailed(278)) - Got block deletion ACK from datanode, TXIDs=47, success=true
2021-08-15 14:03:32,555 [EventQueue-DeleteBlockStatusForDeletedBlockLogImpl] DEBUG block.DeletedBlockLogImpl (DeletedBlockLogImpl.java:commitTransactions(256)) - Datanode txId=47 containerId=#47 committed by dnId=c2c40a72-a699-49b1-b721-1997d9d2c71f
2021-08-15 14:03:32,555 [EventQueue-DeleteBlockStatusForDeletedBlockLogImpl] DEBUG block.DeletedBlockLogImpl (DeletedBlockLogImpl.java:isTransactionFailed(278)) - Got block deletion ACK from datanode, TXIDs=48, success=true
2021-08-15 14:03:32,555 [EventQueue-DeleteBlockStatusForDeletedBlockLogImpl] DEBUG block.DeletedBlockLogImpl (DeletedBlockLogImpl.java:commitTransactions(256)) - Datanode txId=48 containerId=#48 committed by dnId=c2c40a72-a699-49b1-b721-1997d9d2c71f
2021-08-15 14:03:32,555 [EventQueue-DeleteBlockStatusForDeletedBlockLogImpl] DEBUG block.DeletedBlockLogImpl (DeletedBlockLogImpl.java:isTransactionFailed(278)) - Got block deletion ACK from datanode, TXIDs=49, success=true
2021-08-15 14:03:32,555 [EventQueue-DeleteBlockStatusForDeletedBlockLogImpl] DEBUG block.DeletedBlockLogImpl (DeletedBlockLogImpl.java:commitTransactions(256)) - Datanode txId=49 containerId=#49 committed by dnId=c2c40a72-a699-49b1-b721-1997d9d2c71f
2021-08-15 14:03:32,555 [EventQueue-DeleteBlockStatusForDeletedBlockLogImpl] DEBUG block.DeletedBlockLogImpl (DeletedBlockLogImpl.java:isTransactionFailed(278)) - Got block deletion ACK from datanode, TXIDs=50, success=true
2021-08-15 14:03:32,555 [EventQueue-DeleteBlockStatusForDeletedBlockLogImpl] DEBUG block.DeletedBlockLogImpl (DeletedBlockLogImpl.java:commitTransactions(256)) - Datanode txId=50 containerId=#50 committed by dnId=c2c40a72-a699-49b1-b721-1997d9d2c71f
2021-08-15 14:03:32,555 [EventQueue-DeleteBlockStatusForDeletedBlockLogImpl] DEBUG block.DeletedBlockLogImpl (DeletedBlockLogImpl.java:isTransactionFailed(278)) - Got block deletion ACK from datanode, TXIDs=51, success=true
2021-08-15 14:03:32,555 [EventQueue-DeleteBlockStatusForDeletedBlockLogImpl] DEBUG block.DeletedBlockLogImpl (DeletedBlockLogImpl.java:commitTransactions(256)) - Datanode txId=51 containerId=#51 committed by dnId=c2c40a72-a699-49b1-b721-1997d9d2c71f
2021-08-15 14:03:32,555 [EventQueue-DeleteBlockStatusForDeletedBlockLogImpl] DEBUG block.DeletedBlockLogImpl (DeletedBlockLogImpl.java:isTransactionFailed(278)) - Got block deletion ACK from datanode, TXIDs=52, success=true
2021-08-15 14:03:32,555 [EventQueue-DeleteBlockStatusForDeletedBlockLogImpl] DEBUG block.DeletedBlockLogImpl (DeletedBlockLogImpl.java:commitTransactions(256)) - Datanode txId=52 containerId=#52 committed by dnId=c2c40a72-a699-49b1-b721-1997d9d2c71f
2021-08-15 14:03:32,555 [EventQueue-DeleteBlockStatusForDeletedBlockLogImpl] DEBUG block.DeletedBlockLogImpl (DeletedBlockLogImpl.java:isTransactionFailed(278)) - Got block deletion ACK from datanode, TXIDs=53, success=true
2021-08-15 14:03:32,555 [EventQueue-DeleteBlockStatusForDeletedBlockLogImpl] DEBUG block.DeletedBlockLogImpl (DeletedBlockLogImpl.java:commitTransactions(256)) - Datanode txId=53 containerId=#53 committed by dnId=c2c40a72-a699-49b1-b721-1997d9d2c71f
2021-08-15 14:03:32,555 [EventQueue-DeleteBlockStatusForDeletedBlockLogImpl] DEBUG block.DeletedBlockLogImpl (DeletedBlockLogImpl.java:isTransactionFailed(278)) - Got block deletion ACK from datanode, TXIDs=54, success=true
2021-08-15 14:03:32,555 [EventQueue-DeleteBlockStatusForDeletedBlockLogImpl] DEBUG block.DeletedBlockLogImpl (DeletedBlockLogImpl.java:commitTransactions(256)) - Datanode txId=54 containerId=#54 committed by dnId=c2c40a72-a699-49b1-b721-1997d9d2c71f
2021-08-15 14:03:32,555 [EventQueue-DeleteBlockStatusForDeletedBlockLogImpl] DEBUG block.DeletedBlockLogImpl (DeletedBlockLogImpl.java:isTransactionFailed(278)) - Got block deletion ACK from datanode, TXIDs=55, success=true
2021-08-15 14:03:32,555 [EventQueue-DeleteBlockStatusForDeletedBlockLogImpl] DEBUG block.DeletedBlockLogImpl (DeletedBlockLogImpl.java:commitTransactions(256)) - Datanode txId=55 containerId=#55 committed by dnId=c2c40a72-a699-49b1-b721-1997d9d2c71f
2021-08-15 14:03:32,555 [EventQueue-DeleteBlockStatusForDeletedBlockLogImpl] DEBUG block.DeletedBlockLogImpl (DeletedBlockLogImpl.java:isTransactionFailed(278)) - Got block deletion ACK from datanode, TXIDs=56, success=true
2021-08-15 14:03:32,555 [EventQueue-DeleteBlockStatusForDeletedBlockLogImpl] DEBUG block.DeletedBlockLogImpl (DeletedBlockLogImpl.java:commitTransactions(256)) - Datanode txId=56 containerId=#56 committed by dnId=c2c40a72-a699-49b1-b721-1997d9d2c71f
2021-08-15 14:03:32,555 [EventQueue-DeleteBlockStatusForDeletedBlockLogImpl] DEBUG block.DeletedBlockLogImpl (DeletedBlockLogImpl.java:isTransactionFailed(278)) - Got block deletion ACK from datanode, TXIDs=27, success=true
2021-08-15 14:03:32,555 [EventQueue-DeleteBlockStatusForDeletedBlockLogImpl] DEBUG block.DeletedBlockLogImpl (DeletedBlockLogImpl.java:commitTransactions(224)) - Transaction txId=27 commit by dnId=c2c40a72-a699-49b1-b721-1997d9d2c71f for containerID=#27 failed. Corresponding entry not found.
2021-08-15 14:03:32,555 [EventQueue-DeleteBlockStatusForDeletedBlockLogImpl] DEBUG block.DeletedBlockLogImpl (DeletedBlockLogImpl.java:isTransactionFailed(278)) - Got block deletion ACK from datanode, TXIDs=28, success=true
2021-08-15 14:03:32,555 [EventQueue-DeleteBlockStatusForDeletedBlockLogImpl] DEBUG block.DeletedBlockLogImpl (DeletedBlockLogImpl.java:commitTransactions(256)) - Datanode txId=28 containerId=#28 committed by dnId=c2c40a72-a699-49b1-b721-1997d9d2c71f
2021-08-15 14:03:32,555 [EventQueue-DeleteBlockStatusForDeletedBlockLogImpl] DEBUG block.DeletedBlockLogImpl (DeletedBlockLogImpl.java:isTransactionFailed(278)) - Got block deletion ACK from datanode, TXIDs=29, success=true
2021-08-15 14:03:32,555 [EventQueue-DeleteBlockStatusForDeletedBlockLogImpl] DEBUG block.DeletedBlockLogImpl (DeletedBlockLogImpl.java:commitTransactions(256)) - Datanode txId=29 containerId=#29 committed by dnId=c2c40a72-a699-49b1-b721-1997d9d2c71f
2021-08-15 14:03:32,555 [EventQueue-DeleteBlockStatusForDeletedBlockLogImpl] DEBUG block.DeletedBlockLogImpl (DeletedBlockLogImpl.java:isTransactionFailed(278)) - Got block deletion ACK from datanode, TXIDs=30, success=true
2021-08-15 14:03:32,555 [EventQueue-DeleteBlockStatusForDeletedBlockLogImpl] DEBUG block.DeletedBlockLogImpl (DeletedBlockLogImpl.java:commitTransactions(256)) - Datanode txId=30 containerId=#30 committed by dnId=c2c40a72-a699-49b1-b721-1997d9d2c71f
2021-08-15 14:03:32,555 [EventQueue-DeleteBlockStatusForDeletedBlockLogImpl] DEBUG block.DeletedBlockLogImpl (DeletedBlockLogImpl.java:isTransactionFailed(278)) - Got block deletion ACK from datanode, TXIDs=31, success=true
2021-08-15 14:03:32,555 [EventQueue-DeleteBlockStatusForDeletedBlockLogImpl] DEBUG block.DeletedBlockLogImpl (DeletedBlockLogImpl.java:commitTransactions(256)) - Datanode txId=31 containerId=#31 committed by dnId=c2c40a72-a699-49b1-b721-1997d9d2c71f
2021-08-15 14:03:32,556 [EventQueue-DeleteBlockStatusForDeletedBlockLogImpl] DEBUG block.DeletedBlockLogImpl (DeletedBlockLogImpl.java:isTransactionFailed(278)) - Got block deletion ACK from datanode, TXIDs=32, success=true
2021-08-15 14:03:32,556 [EventQueue-DeleteBlockStatusForDeletedBlockLogImpl] DEBUG block.DeletedBlockLogImpl (DeletedBlockLogImpl.java:commitTransactions(256)) - Datanode txId=32 containerId=#32 committed by dnId=c2c40a72-a699-49b1-b721-1997d9d2c71f
2021-08-15 14:03:32,556 [EventQueue-DeleteBlockStatusForDeletedBlockLogImpl] DEBUG block.DeletedBlockLogImpl (DeletedBlockLogImpl.java:isTransactionFailed(278)) - Got block deletion ACK from datanode, TXIDs=33, success=true
2021-08-15 14:03:32,556 [EventQueue-DeleteBlockStatusForDeletedBlockLogImpl] DEBUG block.DeletedBlockLogImpl (DeletedBlockLogImpl.java:commitTransactions(256)) - Datanode txId=33 containerId=#33 committed by dnId=c2c40a72-a699-49b1-b721-1997d9d2c71f
2021-08-15 14:03:32,556 [EventQueue-DeleteBlockStatusForDeletedBlockLogImpl] DEBUG block.DeletedBlockLogImpl (DeletedBlockLogImpl.java:isTransactionFailed(278)) - Got block deletion ACK from datanode, TXIDs=34, success=true
2021-08-15 14:03:32,556 [EventQueue-DeleteBlockStatusForDeletedBlockLogImpl] DEBUG block.DeletedBlockLogImpl (DeletedBlockLogImpl.java:commitTransactions(256)) - Datanode txId=34 containerId=#34 committed by dnId=c2c40a72-a699-49b1-b721-1997d9d2c71f
2021-08-15 14:03:32,556 [EventQueue-DeleteBlockStatusForDeletedBlockLogImpl] DEBUG block.DeletedBlockLogImpl (DeletedBlockLogImpl.java:isTransactionFailed(278)) - Got block deletion ACK from datanode, TXIDs=35, success=true
2021-08-15 14:03:32,556 [EventQueue-DeleteBlockStatusForDeletedBlockLogImpl] DEBUG block.DeletedBlockLogImpl (DeletedBlockLogImpl.java:commitTransactions(256)) - Datanode txId=35 containerId=#35 committed by dnId=c2c40a72-a699-49b1-b721-1997d9d2c71f
2021-08-15 14:03:32,556 [EventQueue-DeleteBlockStatusForDeletedBlockLogImpl] DEBUG block.DeletedBlockLogImpl (DeletedBlockLogImpl.java:isTransactionFailed(278)) - Got block deletion ACK from datanode, TXIDs=36, success=true
2021-08-15 14:03:32,556 [EventQueue-DeleteBlockStatusForDeletedBlockLogImpl] DEBUG block.DeletedBlockLogImpl (DeletedBlockLogImpl.java:commitTransactions(256)) - Datanode txId=36 containerId=#36 committed by dnId=c2c40a72-a699-49b1-b721-1997d9d2c71f
2021-08-15 14:03:32,556 [EventQueue-DeleteBlockStatusForDeletedBlockLogImpl] DEBUG block.DeletedBlockLogImpl (DeletedBlockLogImpl.java:isTransactionFailed(278)) - Got block deletion ACK from datanode, TXIDs=37, success=true
2021-08-15 14:03:32,556 [EventQueue-DeleteBlockStatusForDeletedBlockLogImpl] DEBUG block.DeletedBlockLogImpl (DeletedBlockLogImpl.java:commitTransactions(256)) - Datanode txId=37 containerId=#37 committed by dnId=c2c40a72-a699-49b1-b721-1997d9d2c71f
2021-08-15 14:03:32,556 [EventQueue-DeleteBlockStatusForDeletedBlockLogImpl] DEBUG block.DeletedBlockLogImpl (DeletedBlockLogImpl.java:isTransactionFailed(278)) - Got block deletion ACK from datanode, TXIDs=38, success=true
2021-08-15 14:03:32,556 [EventQueue-DeleteBlockStatusForDeletedBlockLogImpl] DEBUG block.DeletedBlockLogImpl (DeletedBlockLogImpl.java:commitTransactions(256)) - Datanode txId=38 containerId=#38 committed by dnId=c2c40a72-a699-49b1-b721-1997d9d2c71f
2021-08-15 14:03:32,556 [EventQueue-DeleteBlockStatusForDeletedBlockLogImpl] DEBUG block.DeletedBlockLogImpl (DeletedBlockLogImpl.java:isTransactionFailed(278)) - Got block deletion ACK from datanode, TXIDs=39, success=true
2021-08-15 14:03:32,556 [EventQueue-DeleteBlockStatusForDeletedBlockLogImpl] DEBUG block.DeletedBlockLogImpl (DeletedBlockLogImpl.java:commitTransactions(256)) - Datanode txId=39 containerId=#39 committed by dnId=c2c40a72-a699-49b1-b721-1997d9d2c71f
2021-08-15 14:03:32,556 [EventQueue-DeleteBlockStatusForDeletedBlockLogImpl] DEBUG block.DeletedBlockLogImpl (DeletedBlockLogImpl.java:isTransactionFailed(278)) - Got block deletion ACK from datanode, TXIDs=40, success=true
2021-08-15 14:03:32,556 [EventQueue-DeleteBlockStatusForDeletedBlockLogImpl] DEBUG block.DeletedBlockLogImpl (DeletedBlockLogImpl.java:commitTransactions(256)) - Datanode txId=40 containerId=#40 committed by dnId=c2c40a72-a699-49b1-b721-1997d9d2c71f
2021-08-15 14:03:32,556 [EventQueue-DeleteBlockStatusForDeletedBlockLogImpl] DEBUG block.DeletedBlockLogImpl (DeletedBlockLogImpl.java:isTransactionFailed(278)) - Got block deletion ACK from datanode, TXIDs=41, success=true
2021-08-15 14:03:32,556 [EventQueue-DeleteBlockStatusForDeletedBlockLogImpl] DEBUG block.DeletedBlockLogImpl (DeletedBlockLogImpl.java:commitTransactions(256)) - Datanode txId=41 containerId=#41 committed by dnId=c2c40a72-a699-49b1-b721-1997d9d2c71f
2021-08-15 14:03:32,556 [EventQueue-DeleteBlockStatusForDeletedBlockLogImpl] DEBUG block.DeletedBlockLogImpl (DeletedBlockLogImpl.java:isTransactionFailed(278)) - Got block deletion ACK from datanode, TXIDs=42, success=true
2021-08-15 14:03:32,556 [EventQueue-DeleteBlockStatusForDeletedBlockLogImpl] DEBUG block.DeletedBlockLogImpl (DeletedBlockLogImpl.java:commitTransactions(256)) - Datanode txId=42 containerId=#42 committed by dnId=c2c40a72-a699-49b1-b721-1997d9d2c71f
2021-08-15 14:03:32,556 [EventQueue-DeleteBlockStatusForDeletedBlockLogImpl] DEBUG block.DeletedBlockLogImpl (DeletedBlockLogImpl.java:isTransactionFailed(278)) - Got block deletion ACK from datanode, TXIDs=43, success=true
2021-08-15 14:03:32,556 [EventQueue-DeleteBlockStatusForDeletedBlockLogImpl] DEBUG block.DeletedBlockLogImpl (DeletedBlockLogImpl.java:commitTransactions(256)) - Datanode txId=43 containerId=#43 committed by dnId=c2c40a72-a699-49b1-b721-1997d9d2c71f
2021-08-15 14:03:32,556 [EventQueue-DeleteBlockStatusForDeletedBlockLogImpl] DEBUG block.DeletedBlockLogImpl (DeletedBlockLogImpl.java:isTransactionFailed(278)) - Got block deletion ACK from datanode, TXIDs=44, success=true
2021-08-15 14:03:32,556 [EventQueue-DeleteBlockStatusForDeletedBlockLogImpl] DEBUG block.DeletedBlockLogImpl (DeletedBlockLogImpl.java:commitTransactions(256)) - Datanode txId=44 containerId=#44 committed by dnId=c2c40a72-a699-49b1-b721-1997d9d2c71f
2021-08-15 14:03:32,556 [EventQueue-DeleteBlockStatusForDeletedBlockLogImpl] DEBUG block.DeletedBlockLogImpl (DeletedBlockLogImpl.java:isTransactionFailed(278)) - Got block deletion ACK from datanode, TXIDs=45, success=true
2021-08-15 14:03:32,556 [EventQueue-DeleteBlockStatusForDeletedBlockLogImpl] DEBUG block.DeletedBlockLogImpl (DeletedBlockLogImpl.java:commitTransactions(256)) - Datanode txId=45 containerId=#45 committed by dnId=c2c40a72-a699-49b1-b721-1997d9d2c71f
2021-08-15 14:03:32,556 [EventQueue-DeleteBlockStatusForDeletedBlockLogImpl] DEBUG block.DeletedBlockLogImpl (DeletedBlockLogImpl.java:isTransactionFailed(278)) - Got block deletion ACK from datanode, TXIDs=46, success=true
2021-08-15 14:03:32,556 [EventQueue-DeleteBlockStatusForDeletedBlockLogImpl] DEBUG block.DeletedBlockLogImpl (DeletedBlockLogImpl.java:commitTransactions(256)) - Datanode txId=46 containerId=#46 committed by dnId=c2c40a72-a699-49b1-b721-1997d9d2c71f
2021-08-15 14:03:32,556 [EventQueue-DeleteBlockStatusForDeletedBlockLogImpl] DEBUG block.DeletedBlockLogImpl (DeletedBlockLogImpl.java:isTransactionFailed(278)) - Got block deletion ACK from datanode, TXIDs=47, success=true
2021-08-15 14:03:32,556 [EventQueue-DeleteBlockStatusForDeletedBlockLogImpl] DEBUG block.DeletedBlockLogImpl (DeletedBlockLogImpl.java:commitTransactions(256)) - Datanode txId=47 containerId=#47 committed by dnId=c2c40a72-a699-49b1-b721-1997d9d2c71f
2021-08-15 14:03:32,556 [EventQueue-DeleteBlockStatusForDeletedBlockLogImpl] DEBUG block.DeletedBlockLogImpl (DeletedBlockLogImpl.java:isTransactionFailed(278)) - Got block deletion ACK from datanode, TXIDs=48, success=true
2021-08-15 14:03:32,556 [EventQueue-DeleteBlockStatusForDeletedBlockLogImpl] DEBUG block.DeletedBlockLogImpl (DeletedBlockLogImpl.java:commitTransactions(256)) - Datanode txId=48 containerId=#48 committed by dnId=c2c40a72-a699-49b1-b721-1997d9d2c71f
2021-08-15 14:03:32,556 [EventQueue-DeleteBlockStatusForDeletedBlockLogImpl] DEBUG block.DeletedBlockLogImpl (DeletedBlockLogImpl.java:isTransactionFailed(278)) - Got block deletion ACK from datanode, TXIDs=49, success=true
2021-08-15 14:03:32,556 [EventQueue-DeleteBlockStatusForDeletedBlockLogImpl] DEBUG block.DeletedBlockLogImpl (DeletedBlockLogImpl.java:commitTransactions(256)) - Datanode txId=49 containerId=#49 committed by dnId=c2c40a72-a699-49b1-b721-1997d9d2c71f
2021-08-15 14:03:32,556 [EventQueue-DeleteBlockStatusForDeletedBlockLogImpl] DEBUG block.DeletedBlockLogImpl (DeletedBlockLogImpl.java:isTransactionFailed(278)) - Got block deletion ACK from datanode, TXIDs=50, success=true
2021-08-15 14:03:32,556 [EventQueue-DeleteBlockStatusForDeletedBlockLogImpl] DEBUG block.DeletedBlockLogImpl (DeletedBlockLogImpl.java:commitTransactions(256)) - Datanode txId=50 containerId=#50 committed by dnId=c2c40a72-a699-49b1-b721-1997d9d2c71f
2021-08-15 14:03:32,556 [EventQueue-DeleteBlockStatusForDeletedBlockLogImpl] DEBUG block.DeletedBlockLogImpl (DeletedBlockLogImpl.java:isTransactionFailed(278)) - Got block deletion ACK from datanode, TXIDs=51, success=true
2021-08-15 14:03:32,556 [EventQueue-DeleteBlockStatusForDeletedBlockLogImpl] DEBUG block.DeletedBlockLogImpl (DeletedBlockLogImpl.java:commitTransactions(256)) - Datanode txId=51 containerId=#51 committed by dnId=c2c40a72-a699-49b1-b721-1997d9d2c71f
2021-08-15 14:03:32,556 [EventQueue-DeleteBlockStatusForDeletedBlockLogImpl] DEBUG block.DeletedBlockLogImpl (DeletedBlockLogImpl.java:isTransactionFailed(278)) - Got block deletion ACK from datanode, TXIDs=52, success=true
2021-08-15 14:03:32,556 [EventQueue-DeleteBlockStatusForDeletedBlockLogImpl] DEBUG block.DeletedBlockLogImpl (DeletedBlockLogImpl.java:commitTransactions(256)) - Datanode txId=52 containerId=#52 committed by dnId=c2c40a72-a699-49b1-b721-1997d9d2c71f
2021-08-15 14:03:32,556 [EventQueue-DeleteBlockStatusForDeletedBlockLogImpl] DEBUG block.DeletedBlockLogImpl (DeletedBlockLogImpl.java:isTransactionFailed(278)) - Got block deletion ACK from datanode, TXIDs=53, success=true
2021-08-15 14:03:32,556 [EventQueue-DeleteBlockStatusForDeletedBlockLogImpl] DEBUG block.DeletedBlockLogImpl (DeletedBlockLogImpl.java:commitTransactions(256)) - Datanode txId=53 containerId=#53 committed by dnId=c2c40a72-a699-49b1-b721-1997d9d2c71f
2021-08-15 14:03:32,557 [EventQueue-DeleteBlockStatusForDeletedBlockLogImpl] DEBUG block.DeletedBlockLogImpl (DeletedBlockLogImpl.java:isTransactionFailed(278)) - Got block deletion ACK from datanode, TXIDs=54, success=true
2021-08-15 14:03:32,557 [EventQueue-DeleteBlockStatusForDeletedBlockLogImpl] DEBUG block.DeletedBlockLogImpl (DeletedBlockLogImpl.java:commitTransactions(256)) - Datanode txId=54 containerId=#54 committed by dnId=c2c40a72-a699-49b1-b721-1997d9d2c71f
2021-08-15 14:03:32,557 [EventQueue-DeleteBlockStatusForDeletedBlockLogImpl] DEBUG block.DeletedBlockLogImpl (DeletedBlockLogImpl.java:isTransactionFailed(278)) - Got block deletion ACK from datanode, TXIDs=55, success=true
2021-08-15 14:03:32,557 [EventQueue-DeleteBlockStatusForDeletedBlockLogImpl] DEBUG block.DeletedBlockLogImpl (DeletedBlockLogImpl.java:commitTransactions(256)) - Datanode txId=55 containerId=#55 committed by dnId=c2c40a72-a699-49b1-b721-1997d9d2c71f
2021-08-15 14:03:32,557 [EventQueue-DeleteBlockStatusForDeletedBlockLogImpl] DEBUG block.DeletedBlockLogImpl (DeletedBlockLogImpl.java:isTransactionFailed(278)) - Got block deletion ACK from datanode, TXIDs=56, success=true
2021-08-15 14:03:32,557 [EventQueue-DeleteBlockStatusForDeletedBlockLogImpl] DEBUG block.DeletedBlockLogImpl (DeletedBlockLogImpl.java:commitTransactions(256)) - Datanode txId=56 containerId=#56 committed by dnId=c2c40a72-a699-49b1-b721-1997d9d2c71f
2021-08-15 14:03:32,557 [EventQueue-DeleteBlockStatusForDeletedBlockLogImpl] DEBUG block.DeletedBlockLogImpl (DeletedBlockLogImpl.java:isTransactionFailed(278)) - Got block deletion ACK from datanode, TXIDs=27, success=true
2021-08-15 14:03:32,557 [EventQueue-DeleteBlockStatusForDeletedBlockLogImpl] DEBUG block.DeletedBlockLogImpl (DeletedBlockLogImpl.java:commitTransactions(224)) - Transaction txId=27 commit by dnId=c2c40a72-a699-49b1-b721-1997d9d2c71f for containerID=#27 failed. Corresponding entry not found.
2021-08-15 14:03:32,557 [EventQueue-DeleteBlockStatusForDeletedBlockLogImpl] DEBUG block.DeletedBlockLogImpl (DeletedBlockLogImpl.java:isTransactionFailed(278)) - Got block deletion ACK from datanode, TXIDs=28, success=true
2021-08-15 14:03:32,557 [EventQueue-DeleteBlockStatusForDeletedBlockLogImpl] DEBUG block.DeletedBlockLogImpl (DeletedBlockLogImpl.java:commitTransactions(256)) - Datanode txId=28 containerId=#28 committed by dnId=c2c40a72-a699-49b1-b721-1997d9d2c71f
2021-08-15 14:03:32,557 [EventQueue-DeleteBlockStatusForDeletedBlockLogImpl] DEBUG block.DeletedBlockLogImpl (DeletedBlockLogImpl.java:isTransactionFailed(278)) - Got block deletion ACK from datanode, TXIDs=29, success=true
2021-08-15 14:03:32,557 [EventQueue-DeleteBlockStatusForDeletedBlockLogImpl] DEBUG block.DeletedBlockLogImpl (DeletedBlockLogImpl.java:commitTransactions(256)) - Datanode txId=29 containerId=#29 committed by dnId=c2c40a72-a699-49b1-b721-1997d9d2c71f
2021-08-15 14:03:32,557 [EventQueue-DeleteBlockStatusForDeletedBlockLogImpl] DEBUG block.DeletedBlockLogImpl (DeletedBlockLogImpl.java:isTransactionFailed(278)) - Got block deletion ACK from datanode, TXIDs=30, success=true
2021-08-15 14:03:32,557 [EventQueue-DeleteBlockStatusForDeletedBlockLogImpl] DEBUG block.DeletedBlockLogImpl (DeletedBlockLogImpl.java:commitTransactions(256)) - Datanode txId=30 containerId=#30 committed by dnId=c2c40a72-a699-49b1-b721-1997d9d2c71f
2021-08-15 14:03:32,557 [EventQueue-DeleteBlockStatusForDeletedBlockLogImpl] DEBUG block.DeletedBlockLogImpl (DeletedBlockLogImpl.java:isTransactionFailed(278)) - Got block deletion ACK from datanode, TXIDs=31, success=true
2021-08-15 14:03:32,557 [EventQueue-DeleteBlockStatusForDeletedBlockLogImpl] DEBUG block.DeletedBlockLogImpl (DeletedBlockLogImpl.java:commitTransactions(256)) - Datanode txId=31 containerId=#31 committed by dnId=c2c40a72-a699-49b1-b721-1997d9d2c71f
2021-08-15 14:03:32,557 [EventQueue-DeleteBlockStatusForDeletedBlockLogImpl] DEBUG block.DeletedBlockLogImpl (DeletedBlockLogImpl.java:isTransactionFailed(278)) - Got block deletion ACK from datanode, TXIDs=32, success=true
2021-08-15 14:03:32,557 [EventQueue-DeleteBlockStatusForDeletedBlockLogImpl] DEBUG block.DeletedBlockLogImpl (DeletedBlockLogImpl.java:commitTransactions(256)) - Datanode txId=32 containerId=#32 committed by dnId=c2c40a72-a699-49b1-b721-1997d9d2c71f
2021-08-15 14:03:32,557 [EventQueue-DeleteBlockStatusForDeletedBlockLogImpl] DEBUG block.DeletedBlockLogImpl (DeletedBlockLogImpl.java:isTransactionFailed(278)) - Got block deletion ACK from datanode, TXIDs=33, success=true
2021-08-15 14:03:32,557 [EventQueue-DeleteBlockStatusForDeletedBlockLogImpl] DEBUG block.DeletedBlockLogImpl (DeletedBlockLogImpl.java:commitTransactions(256)) - Datanode txId=33 containerId=#33 committed by dnId=c2c40a72-a699-49b1-b721-1997d9d2c71f
2021-08-15 14:03:32,557 [EventQueue-DeleteBlockStatusForDeletedBlockLogImpl] DEBUG block.DeletedBlockLogImpl (DeletedBlockLogImpl.java:isTransactionFailed(278)) - Got block deletion ACK from datanode, TXIDs=34, success=true
2021-08-15 14:03:32,557 [EventQueue-DeleteBlockStatusForDeletedBlockLogImpl] DEBUG block.DeletedBlockLogImpl (DeletedBlockLogImpl.java:commitTransactions(256)) - Datanode txId=34 containerId=#34 committed by dnId=c2c40a72-a699-49b1-b721-1997d9d2c71f
2021-08-15 14:03:32,557 [EventQueue-DeleteBlockStatusForDeletedBlockLogImpl] DEBUG block.DeletedBlockLogImpl (DeletedBlockLogImpl.java:isTransactionFailed(278)) - Got block deletion ACK from datanode, TXIDs=35, success=true
2021-08-15 14:03:32,557 [EventQueue-DeleteBlockStatusForDeletedBlockLogImpl] DEBUG block.DeletedBlockLogImpl (DeletedBlockLogImpl.java:commitTransactions(256)) - Datanode txId=35 containerId=#35 committed by dnId=c2c40a72-a699-49b1-b721-1997d9d2c71f
2021-08-15 14:03:32,557 [EventQueue-DeleteBlockStatusForDeletedBlockLogImpl] DEBUG block.DeletedBlockLogImpl (DeletedBlockLogImpl.java:isTransactionFailed(278)) - Got block deletion ACK from datanode, TXIDs=36, success=true
2021-08-15 14:03:32,557 [EventQueue-DeleteBlockStatusForDeletedBlockLogImpl] DEBUG block.DeletedBlockLogImpl (DeletedBlockLogImpl.java:commitTransactions(256)) - Datanode txId=36 containerId=#36 committed by dnId=c2c40a72-a699-49b1-b721-1997d9d2c71f
2021-08-15 14:03:32,557 [EventQueue-DeleteBlockStatusForDeletedBlockLogImpl] DEBUG block.DeletedBlockLogImpl (DeletedBlockLogImpl.java:isTransactionFailed(278)) - Got block deletion ACK from datanode, TXIDs=37, success=true
2021-08-15 14:03:32,557 [EventQueue-DeleteBlockStatusForDeletedBlockLogImpl] DEBUG block.DeletedBlockLogImpl (DeletedBlockLogImpl.java:commitTransactions(256)) - Datanode txId=37 containerId=#37 committed by dnId=c2c40a72-a699-49b1-b721-1997d9d2c71f
2021-08-15 14:03:32,557 [EventQueue-DeleteBlockStatusForDeletedBlockLogImpl] DEBUG block.DeletedBlockLogImpl (DeletedBlockLogImpl.java:isTransactionFailed(278)) - Got block deletion ACK from datanode, TXIDs=38, success=true
2021-08-15 14:03:32,557 [EventQueue-DeleteBlockStatusForDeletedBlockLogImpl] DEBUG block.DeletedBlockLogImpl (DeletedBlockLogImpl.java:commitTransactions(256)) - Datanode txId=38 containerId=#38 committed by dnId=c2c40a72-a699-49b1-b721-1997d9d2c71f
2021-08-15 14:03:32,557 [EventQueue-DeleteBlockStatusForDeletedBlockLogImpl] DEBUG block.DeletedBlockLogImpl (DeletedBlockLogImpl.java:isTransactionFailed(278)) - Got block deletion ACK from datanode, TXIDs=39, success=true
2021-08-15 14:03:32,558 [EventQueue-DeleteBlockStatusForDeletedBlockLogImpl] DEBUG block.DeletedBlockLogImpl (DeletedBlockLogImpl.java:commitTransactions(256)) - Datanode txId=39 containerId=#39 committed by dnId=c2c40a72-a699-49b1-b721-1997d9d2c71f
2021-08-15 14:03:32,558 [EventQueue-DeleteBlockStatusForDeletedBlockLogImpl] DEBUG block.DeletedBlockLogImpl (DeletedBlockLogImpl.java:isTransactionFailed(278)) - Got block deletion ACK from datanode, TXIDs=40, success=true
2021-08-15 14:03:32,558 [EventQueue-DeleteBlockStatusForDeletedBlockLogImpl] DEBUG block.DeletedBlockLogImpl (DeletedBlockLogImpl.java:commitTransactions(256)) - Datanode txId=40 containerId=#40 committed by dnId=c2c40a72-a699-49b1-b721-1997d9d2c71f
2021-08-15 14:03:32,558 [EventQueue-DeleteBlockStatusForDeletedBlockLogImpl] DEBUG block.DeletedBlockLogImpl (DeletedBlockLogImpl.java:isTransactionFailed(278)) - Got block deletion ACK from datanode, TXIDs=41, success=true
2021-08-15 14:03:32,558 [EventQueue-DeleteBlockStatusForDeletedBlockLogImpl] DEBUG block.DeletedBlockLogImpl (DeletedBlockLogImpl.java:commitTransactions(256)) - Datanode txId=41 containerId=#41 committed by dnId=c2c40a72-a699-49b1-b721-1997d9d2c71f
2021-08-15 14:03:32,558 [EventQueue-DeleteBlockStatusForDeletedBlockLogImpl] DEBUG block.DeletedBlockLogImpl (DeletedBlockLogImpl.java:isTransactionFailed(278)) - Got block deletion ACK from datanode, TXIDs=42, success=true
2021-08-15 14:03:32,558 [EventQueue-DeleteBlockStatusForDeletedBlockLogImpl] DEBUG block.DeletedBlockLogImpl (DeletedBlockLogImpl.java:commitTransactions(256)) - Datanode txId=42 containerId=#42 committed by dnId=c2c40a72-a699-49b1-b721-1997d9d2c71f
2021-08-15 14:03:32,558 [EventQueue-DeleteBlockStatusForDeletedBlockLogImpl] DEBUG block.DeletedBlockLogImpl (DeletedBlockLogImpl.java:isTransactionFailed(278)) - Got block deletion ACK from datanode, TXIDs=43, success=true
2021-08-15 14:03:32,558 [EventQueue-DeleteBlockStatusForDeletedBlockLogImpl] DEBUG block.DeletedBlockLogImpl (DeletedBlockLogImpl.java:commitTransactions(256)) - Datanode txId=43 containerId=#43 committed by dnId=c2c40a72-a699-49b1-b721-1997d9d2c71f
2021-08-15 14:03:32,558 [EventQueue-DeleteBlockStatusForDeletedBlockLogImpl] DEBUG block.DeletedBlockLogImpl (DeletedBlockLogImpl.java:isTransactionFailed(278)) - Got block deletion ACK from datanode, TXIDs=44, success=true
2021-08-15 14:03:32,558 [EventQueue-DeleteBlockStatusForDeletedBlockLogImpl] DEBUG block.DeletedBlockLogImpl (DeletedBlockLogImpl.java:commitTransactions(256)) - Datanode txId=44 containerId=#44 committed by dnId=c2c40a72-a699-49b1-b721-1997d9d2c71f
2021-08-15 14:03:32,558 [EventQueue-DeleteBlockStatusForDeletedBlockLogImpl] DEBUG block.DeletedBlockLogImpl (DeletedBlockLogImpl.java:isTransactionFailed(278)) - Got block deletion ACK from datanode, TXIDs=45, success=true
2021-08-15 14:03:32,558 [EventQueue-DeleteBlockStatusForDeletedBlockLogImpl] DEBUG block.DeletedBlockLogImpl (DeletedBlockLogImpl.java:commitTransactions(256)) - Datanode txId=45 containerId=#45 committed by dnId=c2c40a72-a699-49b1-b721-1997d9d2c71f
2021-08-15 14:03:32,558 [EventQueue-DeleteBlockStatusForDeletedBlockLogImpl] DEBUG block.DeletedBlockLogImpl (DeletedBlockLogImpl.java:isTransactionFailed(278)) - Got block deletion ACK from datanode, TXIDs=46, success=true
2021-08-15 14:03:32,558 [EventQueue-DeleteBlockStatusForDeletedBlockLogImpl] DEBUG block.DeletedBlockLogImpl (DeletedBlockLogImpl.java:commitTransactions(256)) - Datanode txId=46 containerId=#46 committed by dnId=c2c40a72-a699-49b1-b721-1997d9d2c71f
2021-08-15 14:03:32,558 [EventQueue-DeleteBlockStatusForDeletedBlockLogImpl] DEBUG block.DeletedBlockLogImpl (DeletedBlockLogImpl.java:isTransactionFailed(278)) - Got block deletion ACK from datanode, TXIDs=47, success=true
2021-08-15 14:03:32,558 [EventQueue-DeleteBlockStatusForDeletedBlockLogImpl] DEBUG block.DeletedBlockLogImpl (DeletedBlockLogImpl.java:commitTransactions(256)) - Datanode txId=47 containerId=#47 committed by dnId=c2c40a72-a699-49b1-b721-1997d9d2c71f
2021-08-15 14:03:32,558 [EventQueue-DeleteBlockStatusForDeletedBlockLogImpl] DEBUG block.DeletedBlockLogImpl (DeletedBlockLogImpl.java:isTransactionFailed(278)) - Got block deletion ACK from datanode, TXIDs=48, success=true
2021-08-15 14:03:32,558 [EventQueue-DeleteBlockStatusForDeletedBlockLogImpl] DEBUG block.DeletedBlockLogImpl (DeletedBlockLogImpl.java:commitTransactions(256)) - Datanode txId=48 containerId=#48 committed by dnId=c2c40a72-a699-49b1-b721-1997d9d2c71f
2021-08-15 14:03:32,558 [EventQueue-DeleteBlockStatusForDeletedBlockLogImpl] DEBUG block.DeletedBlockLogImpl (DeletedBlockLogImpl.java:isTransactionFailed(278)) - Got block deletion ACK from datanode, TXIDs=49, success=true
2021-08-15 14:03:32,558 [EventQueue-DeleteBlockStatusForDeletedBlockLogImpl] DEBUG block.DeletedBlockLogImpl (DeletedBlockLogImpl.java:commitTransactions(256)) - Datanode txId=49 containerId=#49 committed by dnId=c2c40a72-a699-49b1-b721-1997d9d2c71f
2021-08-15 14:03:32,558 [EventQueue-DeleteBlockStatusForDeletedBlockLogImpl] DEBUG block.DeletedBlockLogImpl (DeletedBlockLogImpl.java:isTransactionFailed(278)) - Got block deletion ACK from datanode, TXIDs=50, success=true
2021-08-15 14:03:32,558 [EventQueue-DeleteBlockStatusForDeletedBlockLogImpl] DEBUG block.DeletedBlockLogImpl (DeletedBlockLogImpl.java:commitTransactions(256)) - Datanode txId=50 containerId=#50 committed by dnId=c2c40a72-a699-49b1-b721-1997d9d2c71f
2021-08-15 14:03:32,558 [EventQueue-DeleteBlockStatusForDeletedBlockLogImpl] DEBUG block.DeletedBlockLogImpl (DeletedBlockLogImpl.java:isTransactionFailed(278)) - Got block deletion ACK from datanode, TXIDs=51, success=true
2021-08-15 14:03:32,558 [EventQueue-DeleteBlockStatusForDeletedBlockLogImpl] DEBUG block.DeletedBlockLogImpl (DeletedBlockLogImpl.java:commitTransactions(256)) - Datanode txId=51 containerId=#51 committed by dnId=c2c40a72-a699-49b1-b721-1997d9d2c71f
2021-08-15 14:03:32,558 [EventQueue-DeleteBlockStatusForDeletedBlockLogImpl] DEBUG block.DeletedBlockLogImpl (DeletedBlockLogImpl.java:isTransactionFailed(278)) - Got block deletion ACK from datanode, TXIDs=52, success=true
2021-08-15 14:03:32,559 [EventQueue-DeleteBlockStatusForDeletedBlockLogImpl] DEBUG block.DeletedBlockLogImpl (DeletedBlockLogImpl.java:commitTransactions(256)) - Datanode txId=52 containerId=#52 committed by dnId=c2c40a72-a699-49b1-b721-1997d9d2c71f
2021-08-15 14:03:32,559 [EventQueue-DeleteBlockStatusForDeletedBlockLogImpl] DEBUG block.DeletedBlockLogImpl (DeletedBlockLogImpl.java:isTransactionFailed(278)) - Got block deletion ACK from datanode, TXIDs=53, success=true
2021-08-15 14:03:32,559 [EventQueue-DeleteBlockStatusForDeletedBlockLogImpl] DEBUG block.DeletedBlockLogImpl (DeletedBlockLogImpl.java:commitTransactions(256)) - Datanode txId=53 containerId=#53 committed by dnId=c2c40a72-a699-49b1-b721-1997d9d2c71f
2021-08-15 14:03:32,559 [EventQueue-DeleteBlockStatusForDeletedBlockLogImpl] DEBUG block.DeletedBlockLogImpl (DeletedBlockLogImpl.java:isTransactionFailed(278)) - Got block deletion ACK from datanode, TXIDs=54, success=true
2021-08-15 14:03:32,559 [EventQueue-DeleteBlockStatusForDeletedBlockLogImpl] DEBUG block.DeletedBlockLogImpl (DeletedBlockLogImpl.java:commitTransactions(256)) - Datanode txId=54 containerId=#54 committed by dnId=c2c40a72-a699-49b1-b721-1997d9d2c71f
2021-08-15 14:03:32,559 [EventQueue-DeleteBlockStatusForDeletedBlockLogImpl] DEBUG block.DeletedBlockLogImpl (DeletedBlockLogImpl.java:isTransactionFailed(278)) - Got block deletion ACK from datanode, TXIDs=55, success=true
2021-08-15 14:03:32,559 [EventQueue-DeleteBlockStatusForDeletedBlockLogImpl] DEBUG block.DeletedBlockLogImpl (DeletedBlockLogImpl.java:commitTransactions(256)) - Datanode txId=55 containerId=#55 committed by dnId=c2c40a72-a699-49b1-b721-1997d9d2c71f
2021-08-15 14:03:32,559 [EventQueue-DeleteBlockStatusForDeletedBlockLogImpl] DEBUG block.DeletedBlockLogImpl (DeletedBlockLogImpl.java:isTransactionFailed(278)) - Got block deletion ACK from datanode, TXIDs=56, success=true
2021-08-15 14:03:32,559 [EventQueue-DeleteBlockStatusForDeletedBlockLogImpl] DEBUG block.DeletedBlockLogImpl (DeletedBlockLogImpl.java:commitTransactions(256)) - Datanode txId=56 containerId=#56 committed by dnId=c2c40a72-a699-49b1-b721-1997d9d2c71f
2021-08-15 14:03:32,559 [EventQueue-DeleteBlockStatusForDeletedBlockLogImpl] DEBUG block.DeletedBlockLogImpl (DeletedBlockLogImpl.java:isTransactionFailed(278)) - Got block deletion ACK from datanode, TXIDs=27, success=true
2021-08-15 14:03:32,559 [EventQueue-DeleteBlockStatusForDeletedBlockLogImpl] DEBUG block.DeletedBlockLogImpl (DeletedBlockLogImpl.java:commitTransactions(224)) - Transaction txId=27 commit by dnId=c2c40a72-a699-49b1-b721-1997d9d2c71f for containerID=#27 failed. Corresponding entry not found.
2021-08-15 14:03:32,559 [EventQueue-DeleteBlockStatusForDeletedBlockLogImpl] DEBUG block.DeletedBlockLogImpl (DeletedBlockLogImpl.java:isTransactionFailed(278)) - Got block deletion ACK from datanode, TXIDs=28, success=true
2021-08-15 14:03:32,559 [EventQueue-DeleteBlockStatusForDeletedBlockLogImpl] DEBUG block.DeletedBlockLogImpl (DeletedBlockLogImpl.java:commitTransactions(256)) - Datanode txId=28 containerId=#28 committed by dnId=c2c40a72-a699-49b1-b721-1997d9d2c71f
2021-08-15 14:03:32,559 [EventQueue-DeleteBlockStatusForDeletedBlockLogImpl] DEBUG block.DeletedBlockLogImpl (DeletedBlockLogImpl.java:isTransactionFailed(278)) - Got block deletion ACK from datanode, TXIDs=29, success=true
2021-08-15 14:03:32,559 [EventQueue-DeleteBlockStatusForDeletedBlockLogImpl] DEBUG block.DeletedBlockLogImpl (DeletedBlockLogImpl.java:commitTransactions(256)) - Datanode txId=29 containerId=#29 committed by dnId=c2c40a72-a699-49b1-b721-1997d9d2c71f
2021-08-15 14:03:32,559 [EventQueue-DeleteBlockStatusForDeletedBlockLogImpl] DEBUG block.DeletedBlockLogImpl (DeletedBlockLogImpl.java:isTransactionFailed(278)) - Got block deletion ACK from datanode, TXIDs=30, success=true
2021-08-15 14:03:32,559 [EventQueue-DeleteBlockStatusForDeletedBlockLogImpl] DEBUG block.DeletedBlockLogImpl (DeletedBlockLogImpl.java:commitTransactions(256)) - Datanode txId=30 containerId=#30 committed by dnId=c2c40a72-a699-49b1-b721-1997d9d2c71f
2021-08-15 14:03:32,559 [EventQueue-DeleteBlockStatusForDeletedBlockLogImpl] DEBUG block.DeletedBlockLogImpl (DeletedBlockLogImpl.java:isTransactionFailed(278)) - Got block deletion ACK from datanode, TXIDs=31, success=true
2021-08-15 14:03:32,559 [EventQueue-DeleteBlockStatusForDeletedBlockLogImpl] DEBUG block.DeletedBlockLogImpl (DeletedBlockLogImpl.java:commitTransactions(256)) - Datanode txId=31 containerId=#31 committed by dnId=c2c40a72-a699-49b1-b721-1997d9d2c71f
2021-08-15 14:03:32,559 [EventQueue-DeleteBlockStatusForDeletedBlockLogImpl] DEBUG block.DeletedBlockLogImpl (DeletedBlockLogImpl.java:isTransactionFailed(278)) - Got block deletion ACK from datanode, TXIDs=32, success=true
2021-08-15 14:03:32,559 [EventQueue-DeleteBlockStatusForDeletedBlockLogImpl] DEBUG block.DeletedBlockLogImpl (DeletedBlockLogImpl.java:commitTransactions(256)) - Datanode txId=32 containerId=#32 committed by dnId=c2c40a72-a699-49b1-b721-1997d9d2c71f
2021-08-15 14:03:32,559 [EventQueue-DeleteBlockStatusForDeletedBlockLogImpl] DEBUG block.DeletedBlockLogImpl (DeletedBlockLogImpl.java:isTransactionFailed(278)) - Got block deletion ACK from datanode, TXIDs=33, success=true
2021-08-15 14:03:32,559 [EventQueue-DeleteBlockStatusForDeletedBlockLogImpl] DEBUG block.DeletedBlockLogImpl (DeletedBlockLogImpl.java:commitTransactions(256)) - Datanode txId=33 containerId=#33 committed by dnId=c2c40a72-a699-49b1-b721-1997d9d2c71f
2021-08-15 14:03:32,559 [EventQueue-DeleteBlockStatusForDeletedBlockLogImpl] DEBUG block.DeletedBlockLogImpl (DeletedBlockLogImpl.java:isTransactionFailed(278)) - Got block deletion ACK from datanode, TXIDs=34, success=true
2021-08-15 14:03:32,559 [EventQueue-DeleteBlockStatusForDeletedBlockLogImpl] DEBUG block.DeletedBlockLogImpl (DeletedBlockLogImpl.java:commitTransactions(256)) - Datanode txId=34 containerId=#34 committed by dnId=c2c40a72-a699-49b1-b721-1997d9d2c71f
2021-08-15 14:03:32,559 [EventQueue-DeleteBlockStatusForDeletedBlockLogImpl] DEBUG block.DeletedBlockLogImpl (DeletedBlockLogImpl.java:isTransactionFailed(278)) - Got block deletion ACK from datanode, TXIDs=35, success=true
2021-08-15 14:03:32,559 [EventQueue-DeleteBlockStatusForDeletedBlockLogImpl] DEBUG block.DeletedBlockLogImpl (DeletedBlockLogImpl.java:commitTransactions(256)) - Datanode txId=35 containerId=#35 committed by dnId=c2c40a72-a699-49b1-b721-1997d9d2c71f
2021-08-15 14:03:32,559 [EventQueue-DeleteBlockStatusForDeletedBlockLogImpl] DEBUG block.DeletedBlockLogImpl (DeletedBlockLogImpl.java:isTransactionFailed(278)) - Got block deletion ACK from datanode, TXIDs=36, success=true
2021-08-15 14:03:32,559 [EventQueue-DeleteBlockStatusForDeletedBlockLogImpl] DEBUG block.DeletedBlockLogImpl (DeletedBlockLogImpl.java:commitTransactions(256)) - Datanode txId=36 containerId=#36 committed by dnId=c2c40a72-a699-49b1-b721-1997d9d2c71f
2021-08-15 14:03:32,559 [EventQueue-DeleteBlockStatusForDeletedBlockLogImpl] DEBUG block.DeletedBlockLogImpl (DeletedBlockLogImpl.java:isTransactionFailed(278)) - Got block deletion ACK from datanode, TXIDs=37, success=true
2021-08-15 14:03:32,559 [EventQueue-DeleteBlockStatusForDeletedBlockLogImpl] DEBUG block.DeletedBlockLogImpl (DeletedBlockLogImpl.java:commitTransactions(256)) - Datanode txId=37 containerId=#37 committed by dnId=c2c40a72-a699-49b1-b721-1997d9d2c71f
2021-08-15 14:03:32,559 [EventQueue-DeleteBlockStatusForDeletedBlockLogImpl] DEBUG block.DeletedBlockLogImpl (DeletedBlockLogImpl.java:isTransactionFailed(278)) - Got block deletion ACK from datanode, TXIDs=38, success=true
2021-08-15 14:03:32,559 [EventQueue-DeleteBlockStatusForDeletedBlockLogImpl] DEBUG block.DeletedBlockLogImpl (DeletedBlockLogImpl.java:commitTransactions(256)) - Datanode txId=38 containerId=#38 committed by dnId=c2c40a72-a699-49b1-b721-1997d9d2c71f
2021-08-15 14:03:32,559 [EventQueue-DeleteBlockStatusForDeletedBlockLogImpl] DEBUG block.DeletedBlockLogImpl (DeletedBlockLogImpl.java:isTransactionFailed(278)) - Got block deletion ACK from datanode, TXIDs=39, success=true
2021-08-15 14:03:32,559 [EventQueue-DeleteBlockStatusForDeletedBlockLogImpl] DEBUG block.DeletedBlockLogImpl (DeletedBlockLogImpl.java:commitTransactions(256)) - Datanode txId=39 containerId=#39 committed by dnId=c2c40a72-a699-49b1-b721-1997d9d2c71f
2021-08-15 14:03:32,559 [EventQueue-DeleteBlockStatusForDeletedBlockLogImpl] DEBUG block.DeletedBlockLogImpl (DeletedBlockLogImpl.java:isTransactionFailed(278)) - Got block deletion ACK from datanode, TXIDs=40, success=true
2021-08-15 14:03:32,559 [EventQueue-DeleteBlockStatusForDeletedBlockLogImpl] DEBUG block.DeletedBlockLogImpl (DeletedBlockLogImpl.java:commitTransactions(256)) - Datanode txId=40 containerId=#40 committed by dnId=c2c40a72-a699-49b1-b721-1997d9d2c71f
2021-08-15 14:03:32,559 [EventQueue-DeleteBlockStatusForDeletedBlockLogImpl] DEBUG block.DeletedBlockLogImpl (DeletedBlockLogImpl.java:isTransactionFailed(278)) - Got block deletion ACK from datanode, TXIDs=41, success=true
2021-08-15 14:03:32,559 [EventQueue-DeleteBlockStatusForDeletedBlockLogImpl] DEBUG block.DeletedBlockLogImpl (DeletedBlockLogImpl.java:commitTransactions(256)) - Datanode txId=41 containerId=#41 committed by dnId=c2c40a72-a699-49b1-b721-1997d9d2c71f
2021-08-15 14:03:32,559 [EventQueue-DeleteBlockStatusForDeletedBlockLogImpl] DEBUG block.DeletedBlockLogImpl (DeletedBlockLogImpl.java:isTransactionFailed(278)) - Got block deletion ACK from datanode, TXIDs=42, success=true
2021-08-15 14:03:32,559 [EventQueue-DeleteBlockStatusForDeletedBlockLogImpl] DEBUG block.DeletedBlockLogImpl (DeletedBlockLogImpl.java:commitTransactions(256)) - Datanode txId=42 containerId=#42 committed by dnId=c2c40a72-a699-49b1-b721-1997d9d2c71f
2021-08-15 14:03:32,560 [EventQueue-DeleteBlockStatusForDeletedBlockLogImpl] DEBUG block.DeletedBlockLogImpl (DeletedBlockLogImpl.java:isTransactionFailed(278)) - Got block deletion ACK from datanode, TXIDs=43, success=true
2021-08-15 14:03:32,560 [EventQueue-DeleteBlockStatusForDeletedBlockLogImpl] DEBUG block.DeletedBlockLogImpl (DeletedBlockLogImpl.java:commitTransactions(256)) - Datanode txId=43 containerId=#43 committed by dnId=c2c40a72-a699-49b1-b721-1997d9d2c71f
2021-08-15 14:03:32,560 [EventQueue-DeleteBlockStatusForDeletedBlockLogImpl] DEBUG block.DeletedBlockLogImpl (DeletedBlockLogImpl.java:isTransactionFailed(278)) - Got block deletion ACK from datanode, TXIDs=44, success=true
2021-08-15 14:03:32,560 [EventQueue-DeleteBlockStatusForDeletedBlockLogImpl] DEBUG block.DeletedBlockLogImpl (DeletedBlockLogImpl.java:commitTransactions(256)) - Datanode txId=44 containerId=#44 committed by dnId=c2c40a72-a699-49b1-b721-1997d9d2c71f
2021-08-15 14:03:32,560 [EventQueue-DeleteBlockStatusForDeletedBlockLogImpl] DEBUG block.DeletedBlockLogImpl (DeletedBlockLogImpl.java:isTransactionFailed(278)) - Got block deletion ACK from datanode, TXIDs=45, success=true
2021-08-15 14:03:32,560 [EventQueue-DeleteBlockStatusForDeletedBlockLogImpl] DEBUG block.DeletedBlockLogImpl (DeletedBlockLogImpl.java:commitTransactions(256)) - Datanode txId=45 containerId=#45 committed by dnId=c2c40a72-a699-49b1-b721-1997d9d2c71f
2021-08-15 14:03:32,560 [EventQueue-DeleteBlockStatusForDeletedBlockLogImpl] DEBUG block.DeletedBlockLogImpl (DeletedBlockLogImpl.java:isTransactionFailed(278)) - Got block deletion ACK from datanode, TXIDs=46, success=true
2021-08-15 14:03:32,560 [EventQueue-DeleteBlockStatusForDeletedBlockLogImpl] DEBUG block.DeletedBlockLogImpl (DeletedBlockLogImpl.java:commitTransactions(256)) - Datanode txId=46 containerId=#46 committed by dnId=c2c40a72-a699-49b1-b721-1997d9d2c71f
2021-08-15 14:03:32,560 [EventQueue-DeleteBlockStatusForDeletedBlockLogImpl] DEBUG block.DeletedBlockLogImpl (DeletedBlockLogImpl.java:isTransactionFailed(278)) - Got block deletion ACK from datanode, TXIDs=47, success=true
2021-08-15 14:03:32,560 [EventQueue-DeleteBlockStatusForDeletedBlockLogImpl] DEBUG block.DeletedBlockLogImpl (DeletedBlockLogImpl.java:commitTransactions(256)) - Datanode txId=47 containerId=#47 committed by dnId=c2c40a72-a699-49b1-b721-1997d9d2c71f
2021-08-15 14:03:32,560 [EventQueue-DeleteBlockStatusForDeletedBlockLogImpl] DEBUG block.DeletedBlockLogImpl (DeletedBlockLogImpl.java:isTransactionFailed(278)) - Got block deletion ACK from datanode, TXIDs=48, success=true
2021-08-15 14:03:32,560 [EventQueue-DeleteBlockStatusForDeletedBlockLogImpl] DEBUG block.DeletedBlockLogImpl (DeletedBlockLogImpl.java:commitTransactions(256)) - Datanode txId=48 containerId=#48 committed by dnId=c2c40a72-a699-49b1-b721-1997d9d2c71f
2021-08-15 14:03:32,560 [EventQueue-DeleteBlockStatusForDeletedBlockLogImpl] DEBUG block.DeletedBlockLogImpl (DeletedBlockLogImpl.java:isTransactionFailed(278)) - Got block deletion ACK from datanode, TXIDs=49, success=true
2021-08-15 14:03:32,560 [EventQueue-DeleteBlockStatusForDeletedBlockLogImpl] DEBUG block.DeletedBlockLogImpl (DeletedBlockLogImpl.java:commitTransactions(256)) - Datanode txId=49 containerId=#49 committed by dnId=c2c40a72-a699-49b1-b721-1997d9d2c71f
2021-08-15 14:03:32,560 [EventQueue-DeleteBlockStatusForDeletedBlockLogImpl] DEBUG block.DeletedBlockLogImpl (DeletedBlockLogImpl.java:isTransactionFailed(278)) - Got block deletion ACK from datanode, TXIDs=50, success=true
2021-08-15 14:03:32,560 [EventQueue-DeleteBlockStatusForDeletedBlockLogImpl] DEBUG block.DeletedBlockLogImpl (DeletedBlockLogImpl.java:commitTransactions(256)) - Datanode txId=50 containerId=#50 committed by dnId=c2c40a72-a699-49b1-b721-1997d9d2c71f
2021-08-15 14:03:32,560 [EventQueue-DeleteBlockStatusForDeletedBlockLogImpl] DEBUG block.DeletedBlockLogImpl (DeletedBlockLogImpl.java:isTransactionFailed(278)) - Got block deletion ACK from datanode, TXIDs=51, success=true
2021-08-15 14:03:32,560 [EventQueue-DeleteBlockStatusForDeletedBlockLogImpl] DEBUG block.DeletedBlockLogImpl (DeletedBlockLogImpl.java:commitTransactions(256)) - Datanode txId=51 containerId=#51 committed by dnId=c2c40a72-a699-49b1-b721-1997d9d2c71f
2021-08-15 14:03:32,560 [EventQueue-DeleteBlockStatusForDeletedBlockLogImpl] DEBUG block.DeletedBlockLogImpl (DeletedBlockLogImpl.java:isTransactionFailed(278)) - Got block deletion ACK from datanode, TXIDs=52, success=true
2021-08-15 14:03:32,560 [EventQueue-DeleteBlockStatusForDeletedBlockLogImpl] DEBUG block.DeletedBlockLogImpl (DeletedBlockLogImpl.java:commitTransactions(256)) - Datanode txId=52 containerId=#52 committed by dnId=c2c40a72-a699-49b1-b721-1997d9d2c71f
2021-08-15 14:03:32,560 [EventQueue-DeleteBlockStatusForDeletedBlockLogImpl] DEBUG block.DeletedBlockLogImpl (DeletedBlockLogImpl.java:isTransactionFailed(278)) - Got block deletion ACK from datanode, TXIDs=53, success=true
2021-08-15 14:03:32,560 [EventQueue-DeleteBlockStatusForDeletedBlockLogImpl] DEBUG block.DeletedBlockLogImpl (DeletedBlockLogImpl.java:commitTransactions(256)) - Datanode txId=53 containerId=#53 committed by dnId=c2c40a72-a699-49b1-b721-1997d9d2c71f
2021-08-15 14:03:32,560 [EventQueue-DeleteBlockStatusForDeletedBlockLogImpl] DEBUG block.DeletedBlockLogImpl (DeletedBlockLogImpl.java:isTransactionFailed(278)) - Got block deletion ACK from datanode, TXIDs=54, success=true
2021-08-15 14:03:32,560 [EventQueue-DeleteBlockStatusForDeletedBlockLogImpl] DEBUG block.DeletedBlockLogImpl (DeletedBlockLogImpl.java:commitTransactions(256)) - Datanode txId=54 containerId=#54 committed by dnId=c2c40a72-a699-49b1-b721-1997d9d2c71f
2021-08-15 14:03:32,560 [EventQueue-DeleteBlockStatusForDeletedBlockLogImpl] DEBUG block.DeletedBlockLogImpl (DeletedBlockLogImpl.java:isTransactionFailed(278)) - Got block deletion ACK from datanode, TXIDs=55, success=true
2021-08-15 14:03:32,560 [EventQueue-DeleteBlockStatusForDeletedBlockLogImpl] DEBUG block.DeletedBlockLogImpl (DeletedBlockLogImpl.java:commitTransactions(256)) - Datanode txId=55 containerId=#55 committed by dnId=c2c40a72-a699-49b1-b721-1997d9d2c71f
2021-08-15 14:03:32,560 [EventQueue-DeleteBlockStatusForDeletedBlockLogImpl] DEBUG block.DeletedBlockLogImpl (DeletedBlockLogImpl.java:isTransactionFailed(278)) - Got block deletion ACK from datanode, TXIDs=56, success=true
2021-08-15 14:03:32,560 [EventQueue-DeleteBlockStatusForDeletedBlockLogImpl] DEBUG block.DeletedBlockLogImpl (DeletedBlockLogImpl.java:commitTransactions(256)) - Datanode txId=56 containerId=#56 committed by dnId=c2c40a72-a699-49b1-b721-1997d9d2c71f
2021-08-15 14:03:32,565 [BlockDeletingService#6] INFO  background.BlockDeletingService (BlockDeletingService.java:getTasks(158)) - Plan to choose 5000 blocks for block deletion, actually deleting 30 blocks.
2021-08-15 14:03:32,566 [BlockDeletingService#6] INFO  impl.FilePerBlockStrategy (FilePerBlockStrategy.java:deleteChunk(227)) - Deleted block file: /home/runner/work/ozone/ozone/hadoop-ozone/integration-test/target/test-dir/MiniOzoneClusterImpl-8fa699bc-e258-4c24-98aa-94a5d955589f/datanode-0/data-0/containers/hdds/8fa699bc-e258-4c24-98aa-94a5d955589f/current/containerDir0/27/chunks/107544261427200027.block
2021-08-15 14:03:32,566 [BlockDeletingService#6] INFO  background.BlockDeletingService (BlockDeletingService.java:deleteViaSchema2(447)) - Container: 27, deleted blocks: 1, task elapsed time: 1ms
2021-08-15 14:03:32,566 [BlockDeletingService#6] INFO  impl.FilePerBlockStrategy (FilePerBlockStrategy.java:deleteChunk(227)) - Deleted block file: /home/runner/work/ozone/ozone/hadoop-ozone/integration-test/target/test-dir/MiniOzoneClusterImpl-8fa699bc-e258-4c24-98aa-94a5d955589f/datanode-0/data-0/containers/hdds/8fa699bc-e258-4c24-98aa-94a5d955589f/current/containerDir0/56/chunks/107544261427200056.block
2021-08-15 14:03:32,567 [BlockDeletingService#6] INFO  background.BlockDeletingService (BlockDeletingService.java:deleteViaSchema2(447)) - Container: 56, deleted blocks: 1, task elapsed time: 1ms
2021-08-15 14:03:32,567 [BlockDeletingService#6] INFO  impl.FilePerBlockStrategy (FilePerBlockStrategy.java:deleteChunk(227)) - Deleted block file: /home/runner/work/ozone/ozone/hadoop-ozone/integration-test/target/test-dir/MiniOzoneClusterImpl-8fa699bc-e258-4c24-98aa-94a5d955589f/datanode-0/data-0/containers/hdds/8fa699bc-e258-4c24-98aa-94a5d955589f/current/containerDir0/55/chunks/107544261427200055.block
2021-08-15 14:03:32,573 [BlockDeletingService#9] INFO  impl.FilePerBlockStrategy (FilePerBlockStrategy.java:deleteChunk(227)) - Deleted block file: /home/runner/work/ozone/ozone/hadoop-ozone/integration-test/target/test-dir/MiniOzoneClusterImpl-8fa699bc-e258-4c24-98aa-94a5d955589f/datanode-0/data-0/containers/hdds/8fa699bc-e258-4c24-98aa-94a5d955589f/current/containerDir0/46/chunks/107544261427200046.block
2021-08-15 14:03:32,573 [BlockDeletingService#9] INFO  background.BlockDeletingService (BlockDeletingService.java:deleteViaSchema2(447)) - Container: 46, deleted blocks: 1, task elapsed time: 0ms
2021-08-15 14:03:32,574 [BlockDeletingService#9] INFO  impl.FilePerBlockStrategy (FilePerBlockStrategy.java:deleteChunk(227)) - Deleted block file: /home/runner/work/ozone/ozone/hadoop-ozone/integration-test/target/test-dir/MiniOzoneClusterImpl-8fa699bc-e258-4c24-98aa-94a5d955589f/datanode-0/data-0/containers/hdds/8fa699bc-e258-4c24-98aa-94a5d955589f/current/containerDir0/45/chunks/107544261427200045.block
2021-08-15 14:03:32,574 [BlockDeletingService#9] INFO  background.BlockDeletingService (BlockDeletingService.java:deleteViaSchema2(447)) - Container: 45, deleted blocks: 1, task elapsed time: 1ms
2021-08-15 14:03:32,572 [BlockDeletingService#1] INFO  impl.FilePerBlockStrategy (FilePerBlockStrategy.java:deleteChunk(227)) - Deleted block file: /home/runner/work/ozone/ozone/hadoop-ozone/integration-test/target/test-dir/MiniOzoneClusterImpl-8fa699bc-e258-4c24-98aa-94a5d955589f/datanode-0/data-0/containers/hdds/8fa699bc-e258-4c24-98aa-94a5d955589f/current/containerDir0/47/chunks/107544261427200047.block
2021-08-15 14:03:32,575 [BlockDeletingService#1] INFO  background.BlockDeletingService (BlockDeletingService.java:deleteViaSchema2(447)) - Container: 47, deleted blocks: 1, task elapsed time: 3ms
2021-08-15 14:03:32,575 [BlockDeletingService#1] INFO  impl.FilePerBlockStrategy (FilePerBlockStrategy.java:deleteChunk(227)) - Deleted block file: /home/runner/work/ozone/ozone/hadoop-ozone/integration-test/target/test-dir/MiniOzoneClusterImpl-8fa699bc-e258-4c24-98aa-94a5d955589f/datanode-0/data-0/containers/hdds/8fa699bc-e258-4c24-98aa-94a5d955589f/current/containerDir0/43/chunks/107544261427200043.block
2021-08-15 14:03:32,576 [BlockDeletingService#1] INFO  background.BlockDeletingService (BlockDeletingService.java:deleteViaSchema2(447)) - Container: 43, deleted blocks: 1, task elapsed time: 1ms
2021-08-15 14:03:32,576 [SCMBlockDeletingService#0] DEBUG block.SCMBlockDeletingService (SCMBlockDeletingService.java:call(133)) - Running DeletedBlockTransactionScanner
2021-08-15 14:03:32,576 [SCMBlockDeletingService#0] DEBUG block.SCMBlockDeletingService (DatanodeDeletedBlockTransactions.java:addTransactionToDN(50)) - Transaction added: 0475d2c2-d46f-403e-95a5-8ff1a5c32338 <- TX(28)
2021-08-15 14:03:32,576 [SCMBlockDeletingService#0] DEBUG block.SCMBlockDeletingService (DatanodeDeletedBlockTransactions.java:addTransactionToDN(50)) - Transaction added: 0475d2c2-d46f-403e-95a5-8ff1a5c32338 <- TX(29)
2021-08-15 14:03:32,576 [SCMBlockDeletingService#0] DEBUG block.SCMBlockDeletingService (DatanodeDeletedBlockTransactions.java:addTransactionToDN(50)) - Transaction added: 0475d2c2-d46f-403e-95a5-8ff1a5c32338 <- TX(30)
2021-08-15 14:03:32,576 [SCMBlockDeletingService#0] DEBUG block.SCMBlockDeletingService (DatanodeDeletedBlockTransactions.java:addTransactionToDN(50)) - Transaction added: 0475d2c2-d46f-403e-95a5-8ff1a5c32338 <- TX(31)
2021-08-15 14:03:32,576 [SCMBlockDeletingService#0] DEBUG block.SCMBlockDeletingService (DatanodeDeletedBlockTransactions.java:addTransactionToDN(50)) - Transaction added: 0475d2c2-d46f-403e-95a5-8ff1a5c32338 <- TX(32)
2021-08-15 14:03:32,576 [SCMBlockDeletingService#0] DEBUG block.SCMBlockDeletingService (DatanodeDeletedBlockTransactions.java:addTransactionToDN(50)) - Transaction added: 0475d2c2-d46f-403e-95a5-8ff1a5c32338 <- TX(33)
2021-08-15 14:03:32,576 [SCMBlockDeletingService#0] DEBUG block.SCMBlockDeletingService (DatanodeDeletedBlockTransactions.java:addTransactionToDN(50)) - Transaction added: 0475d2c2-d46f-403e-95a5-8ff1a5c32338 <- TX(34)
2021-08-15 14:03:32,576 [SCMBlockDeletingService#0] DEBUG block.SCMBlockDeletingService (DatanodeDeletedBlockTransactions.java:addTransactionToDN(50)) - Transaction added: 0475d2c2-d46f-403e-95a5-8ff1a5c32338 <- TX(35)
2021-08-15 14:03:32,576 [SCMBlockDeletingService#0] DEBUG block.SCMBlockDeletingService (DatanodeDeletedBlockTransactions.java:addTransactionToDN(50)) - Transaction added: 0475d2c2-d46f-403e-95a5-8ff1a5c32338 <- TX(36)
2021-08-15 14:03:32,576 [SCMBlockDeletingService#0] DEBUG block.SCMBlockDeletingService (DatanodeDeletedBlockTransactions.java:addTransactionToDN(50)) - Transaction added: 0475d2c2-d46f-403e-95a5-8ff1a5c32338 <- TX(37)
2021-08-15 14:03:32,576 [SCMBlockDeletingService#0] DEBUG block.SCMBlockDeletingService (DatanodeDeletedBlockTransactions.java:addTransactionToDN(50)) - Transaction added: 0475d2c2-d46f-403e-95a5-8ff1a5c32338 <- TX(38)
2021-08-15 14:03:32,576 [SCMBlockDeletingService#0] DEBUG block.SCMBlockDeletingService (DatanodeDeletedBlockTransactions.java:addTransactionToDN(50)) - Transaction added: 0475d2c2-d46f-403e-95a5-8ff1a5c32338 <- TX(39)
2021-08-15 14:03:32,576 [SCMBlockDeletingService#0] DEBUG block.SCMBlockDeletingService (DatanodeDeletedBlockTransactions.java:addTransactionToDN(50)) - Transaction added: 0475d2c2-d46f-403e-95a5-8ff1a5c32338 <- TX(40)
2021-08-15 14:03:32,576 [SCMBlockDeletingService#0] DEBUG block.SCMBlockDeletingService (DatanodeDeletedBlockTransactions.java:addTransactionToDN(50)) - Transaction added: 0475d2c2-d46f-403e-95a5-8ff1a5c32338 <- TX(41)
2021-08-15 14:03:32,576 [SCMBlockDeletingService#0] DEBUG block.SCMBlockDeletingService (DatanodeDeletedBlockTransactions.java:addTransactionToDN(50)) - Transaction added: 0475d2c2-d46f-403e-95a5-8ff1a5c32338 <- TX(42)
2021-08-15 14:03:32,576 [SCMBlockDeletingService#0] DEBUG block.SCMBlockDeletingService (DatanodeDeletedBlockTransactions.java:addTransactionToDN(50)) - Transaction added: 0475d2c2-d46f-403e-95a5-8ff1a5c32338 <- TX(43)
2021-08-15 14:03:32,576 [SCMBlockDeletingService#0] DEBUG block.SCMBlockDeletingService (DatanodeDeletedBlockTransactions.java:addTransactionToDN(50)) - Transaction added: 0475d2c2-d46f-403e-95a5-8ff1a5c32338 <- TX(44)
2021-08-15 14:03:32,576 [SCMBlockDeletingService#0] DEBUG block.SCMBlockDeletingService (DatanodeDeletedBlockTransactions.java:addTransactionToDN(50)) - Transaction added: 0475d2c2-d46f-403e-95a5-8ff1a5c32338 <- TX(45)
2021-08-15 14:03:32,576 [SCMBlockDeletingService#0] DEBUG block.SCMBlockDeletingService (DatanodeDeletedBlockTransactions.java:addTransactionToDN(50)) - Transaction added: 0475d2c2-d46f-403e-95a5-8ff1a5c32338 <- TX(46)
2021-08-15 14:03:32,577 [SCMBlockDeletingService#0] DEBUG block.SCMBlockDeletingService (DatanodeDeletedBlockTransactions.java:addTransactionToDN(50)) - Transaction added: 0475d2c2-d46f-403e-95a5-8ff1a5c32338 <- TX(47)
2021-08-15 14:03:32,577 [SCMBlockDeletingService#0] DEBUG block.SCMBlockDeletingService (DatanodeDeletedBlockTransactions.java:addTransactionToDN(50)) - Transaction added: 0475d2c2-d46f-403e-95a5-8ff1a5c32338 <- TX(48)
2021-08-15 14:03:32,577 [SCMBlockDeletingService#0] DEBUG block.SCMBlockDeletingService (DatanodeDeletedBlockTransactions.java:addTransactionToDN(50)) - Transaction added: 0475d2c2-d46f-403e-95a5-8ff1a5c32338 <- TX(49)
2021-08-15 14:03:32,577 [SCMBlockDeletingService#0] DEBUG block.SCMBlockDeletingService (DatanodeDeletedBlockTransactions.java:addTransactionToDN(50)) - Transaction added: 0475d2c2-d46f-403e-95a5-8ff1a5c32338 <- TX(50)
2021-08-15 14:03:32,577 [SCMBlockDeletingService#0] DEBUG block.SCMBlockDeletingService (DatanodeDeletedBlockTransactions.java:addTransactionToDN(50)) - Transaction added: 0475d2c2-d46f-403e-95a5-8ff1a5c32338 <- TX(51)
2021-08-15 14:03:32,577 [SCMBlockDeletingService#0] DEBUG block.SCMBlockDeletingService (DatanodeDeletedBlockTransactions.java:addTransactionToDN(50)) - Transaction added: 0475d2c2-d46f-403e-95a5-8ff1a5c32338 <- TX(52)
2021-08-15 14:03:32,577 [SCMBlockDeletingService#0] DEBUG block.SCMBlockDeletingService (DatanodeDeletedBlockTransactions.java:addTransactionToDN(50)) - Transaction added: 0475d2c2-d46f-403e-95a5-8ff1a5c32338 <- TX(53)
2021-08-15 14:03:32,577 [SCMBlockDeletingService#0] DEBUG block.SCMBlockDeletingService (DatanodeDeletedBlockTransactions.java:addTransactionToDN(50)) - Transaction added: 0475d2c2-d46f-403e-95a5-8ff1a5c32338 <- TX(54)
2021-08-15 14:03:32,577 [SCMBlockDeletingService#0] DEBUG block.SCMBlockDeletingService (DatanodeDeletedBlockTransactions.java:addTransactionToDN(50)) - Transaction added: 0475d2c2-d46f-403e-95a5-8ff1a5c32338 <- TX(55)
2021-08-15 14:03:32,577 [SCMBlockDeletingService#0] DEBUG block.SCMBlockDeletingService (DatanodeDeletedBlockTransactions.java:addTransactionToDN(50)) - Transaction added: 0475d2c2-d46f-403e-95a5-8ff1a5c32338 <- TX(56)
2021-08-15 14:03:32,577 [SCMBlockDeletingService#0] DEBUG block.SCMBlockDeletingService (SCMBlockDeletingService.java:call(164)) - Added delete block command for datanode 0475d2c2-d46f-403e-95a5-8ff1a5c32338 in the queue, number of delete block transactions: 29
2021-08-15 14:03:32,577 [SCMBlockDeletingService#0] INFO  block.SCMBlockDeletingService (SCMBlockDeletingService.java:call(174)) - Totally added 29 blocks to be deleted for 1 datanodes, task elapsed time: 1ms
2021-08-15 14:03:32,577 [BlockDeletingService#1] INFO  impl.FilePerBlockStrategy (FilePerBlockStrategy.java:deleteChunk(227)) - Deleted block file: /home/runner/work/ozone/ozone/hadoop-ozone/integration-test/target/test-dir/MiniOzoneClusterImpl-8fa699bc-e258-4c24-98aa-94a5d955589f/datanode-0/data-0/containers/hdds/8fa699bc-e258-4c24-98aa-94a5d955589f/current/containerDir0/42/chunks/107544261427200042.block
2021-08-15 14:03:32,577 [BlockDeletingService#1] INFO  background.BlockDeletingService (BlockDeletingService.java:deleteViaSchema2(447)) - Container: 42, deleted blocks: 1, task elapsed time: 2ms
2021-08-15 14:03:32,572 [BlockDeletingService#8] INFO  impl.FilePerBlockStrategy (FilePerBlockStrategy.java:deleteChunk(227)) - Deleted block file: /home/runner/work/ozone/ozone/hadoop-ozone/integration-test/target/test-dir/MiniOzoneClusterImpl-8fa699bc-e258-4c24-98aa-94a5d955589f/datanode-0/data-0/containers/hdds/8fa699bc-e258-4c24-98aa-94a5d955589f/current/containerDir0/48/chunks/107544261427200048.block
2021-08-15 14:03:32,578 [BlockDeletingService#8] INFO  background.BlockDeletingService (BlockDeletingService.java:deleteViaSchema2(447)) - Container: 48, deleted blocks: 1, task elapsed time: 7ms
2021-08-15 14:03:32,578 [BlockDeletingService#8] INFO  impl.FilePerBlockStrategy (FilePerBlockStrategy.java:deleteChunk(227)) - Deleted block file: /home/runner/work/ozone/ozone/hadoop-ozone/integration-test/target/test-dir/MiniOzoneClusterImpl-8fa699bc-e258-4c24-98aa-94a5d955589f/datanode-0/data-0/containers/hdds/8fa699bc-e258-4c24-98aa-94a5d955589f/current/containerDir0/40/chunks/107544261427200040.block
2021-08-15 14:03:32,578 [BlockDeletingService#8] INFO  background.BlockDeletingService (BlockDeletingService.java:deleteViaSchema2(447)) - Container: 40, deleted blocks: 1, task elapsed time: 1ms
2021-08-15 14:03:32,579 [BlockDeletingService#8] INFO  impl.FilePerBlockStrategy (FilePerBlockStrategy.java:deleteChunk(227)) - Deleted block file: /home/runner/work/ozone/ozone/hadoop-ozone/integration-test/target/test-dir/MiniOzoneClusterImpl-8fa699bc-e258-4c24-98aa-94a5d955589f/datanode-0/data-0/containers/hdds/8fa699bc-e258-4c24-98aa-94a5d955589f/current/containerDir0/39/chunks/107544261427200039.block
2021-08-15 14:03:32,579 [BlockDeletingService#8] INFO  background.BlockDeletingService (BlockDeletingService.java:deleteViaSchema2(447)) - Container: 39, deleted blocks: 1, task elapsed time: 1ms
2021-08-15 14:03:32,580 [BlockDeletingService#8] INFO  impl.FilePerBlockStrategy (FilePerBlockStrategy.java:deleteChunk(227)) - Deleted block file: /home/runner/work/ozone/ozone/hadoop-ozone/integration-test/target/test-dir/MiniOzoneClusterImpl-8fa699bc-e258-4c24-98aa-94a5d955589f/datanode-0/data-0/containers/hdds/8fa699bc-e258-4c24-98aa-94a5d955589f/current/containerDir0/38/chunks/107544261427200038.block
2021-08-15 14:03:32,580 [BlockDeletingService#8] INFO  background.BlockDeletingService (BlockDeletingService.java:deleteViaSchema2(447)) - Container: 38, deleted blocks: 1, task elapsed time: 0ms
2021-08-15 14:03:32,581 [BlockDeletingService#8] INFO  impl.FilePerBlockStrategy (FilePerBlockStrategy.java:deleteChunk(227)) - Deleted block file: /home/runner/work/ozone/ozone/hadoop-ozone/integration-test/target/test-dir/MiniOzoneClusterImpl-8fa699bc-e258-4c24-98aa-94a5d955589f/datanode-0/data-0/containers/hdds/8fa699bc-e258-4c24-98aa-94a5d955589f/current/containerDir0/37/chunks/107544261427200037.block
2021-08-15 14:03:32,581 [BlockDeletingService#8] INFO  background.BlockDeletingService (BlockDeletingService.java:deleteViaSchema2(447)) - Container: 37, deleted blocks: 1, task elapsed time: 0ms
2021-08-15 14:03:32,571 [BlockDeletingService#4] INFO  impl.FilePerBlockStrategy (FilePerBlockStrategy.java:deleteChunk(227)) - Deleted block file: /home/runner/work/ozone/ozone/hadoop-ozone/integration-test/target/test-dir/MiniOzoneClusterImpl-8fa699bc-e258-4c24-98aa-94a5d955589f/datanode-0/data-0/containers/hdds/8fa699bc-e258-4c24-98aa-94a5d955589f/current/containerDir0/49/chunks/107544261427200049.block
2021-08-15 14:03:32,583 [BlockDeletingService#4] INFO  background.BlockDeletingService (BlockDeletingService.java:deleteViaSchema2(447)) - Container: 49, deleted blocks: 1, task elapsed time: 12ms
2021-08-15 14:03:32,584 [BlockDeletingService#4] INFO  impl.FilePerBlockStrategy (FilePerBlockStrategy.java:deleteChunk(227)) - Deleted block file: /home/runner/work/ozone/ozone/hadoop-ozone/integration-test/target/test-dir/MiniOzoneClusterImpl-8fa699bc-e258-4c24-98aa-94a5d955589f/datanode-0/data-0/containers/hdds/8fa699bc-e258-4c24-98aa-94a5d955589f/current/containerDir0/36/chunks/107544261427200036.block
2021-08-15 14:03:32,571 [BlockDeletingService#3] INFO  impl.FilePerBlockStrategy (FilePerBlockStrategy.java:deleteChunk(227)) - Deleted block file: /home/runner/work/ozone/ozone/hadoop-ozone/integration-test/target/test-dir/MiniOzoneClusterImpl-8fa699bc-e258-4c24-98aa-94a5d955589f/datanode-0/data-0/containers/hdds/8fa699bc-e258-4c24-98aa-94a5d955589f/current/containerDir0/50/chunks/107544261427200050.block
2021-08-15 14:03:32,584 [BlockDeletingService#3] INFO  background.BlockDeletingService (BlockDeletingService.java:deleteViaSchema2(447)) - Container: 50, deleted blocks: 1, task elapsed time: 14ms
2021-08-15 14:03:32,585 [BlockDeletingService#3] INFO  impl.FilePerBlockStrategy (FilePerBlockStrategy.java:deleteChunk(227)) - Deleted block file: /home/runner/work/ozone/ozone/hadoop-ozone/integration-test/target/test-dir/MiniOzoneClusterImpl-8fa699bc-e258-4c24-98aa-94a5d955589f/datanode-0/data-0/containers/hdds/8fa699bc-e258-4c24-98aa-94a5d955589f/current/containerDir0/35/chunks/107544261427200035.block
2021-08-15 14:03:32,585 [BlockDeletingService#3] INFO  background.BlockDeletingService (BlockDeletingService.java:deleteViaSchema2(447)) - Container: 35, deleted blocks: 1, task elapsed time: 1ms
2021-08-15 14:03:32,585 [BlockDeletingService#3] INFO  impl.FilePerBlockStrategy (FilePerBlockStrategy.java:deleteChunk(227)) - Deleted block file: /home/runner/work/ozone/ozone/hadoop-ozone/integration-test/target/test-dir/MiniOzoneClusterImpl-8fa699bc-e258-4c24-98aa-94a5d955589f/datanode-0/data-0/containers/hdds/8fa699bc-e258-4c24-98aa-94a5d955589f/current/containerDir0/34/chunks/107544261427200034.block
2021-08-15 14:03:32,585 [BlockDeletingService#3] INFO  background.BlockDeletingService (BlockDeletingService.java:deleteViaSchema2(447)) - Container: 34, deleted blocks: 1, task elapsed time: 1ms
2021-08-15 14:03:32,586 [BlockDeletingService#3] INFO  impl.FilePerBlockStrategy (FilePerBlockStrategy.java:deleteChunk(227)) - Deleted block file: /home/runner/work/ozone/ozone/hadoop-ozone/integration-test/target/test-dir/MiniOzoneClusterImpl-8fa699bc-e258-4c24-98aa-94a5d955589f/datanode-0/data-0/containers/hdds/8fa699bc-e258-4c24-98aa-94a5d955589f/current/containerDir0/33/chunks/107544261427200033.block
2021-08-15 14:03:32,586 [BlockDeletingService#3] INFO  background.BlockDeletingService (BlockDeletingService.java:deleteViaSchema2(447)) - Container: 33, deleted blocks: 1, task elapsed time: 1ms
2021-08-15 14:03:32,570 [BlockDeletingService#2] INFO  impl.FilePerBlockStrategy (FilePerBlockStrategy.java:deleteChunk(227)) - Deleted block file: /home/runner/work/ozone/ozone/hadoop-ozone/integration-test/target/test-dir/MiniOzoneClusterImpl-8fa699bc-e258-4c24-98aa-94a5d955589f/datanode-0/data-0/containers/hdds/8fa699bc-e258-4c24-98aa-94a5d955589f/current/containerDir0/51/chunks/107544261427200051.block
2021-08-15 14:03:32,586 [BlockDeletingService#2] INFO  background.BlockDeletingService (BlockDeletingService.java:deleteViaSchema2(447)) - Container: 51, deleted blocks: 1, task elapsed time: 17ms
2021-08-15 14:03:32,587 [BlockDeletingService#2] INFO  impl.FilePerBlockStrategy (FilePerBlockStrategy.java:deleteChunk(227)) - Deleted block file: /home/runner/work/ozone/ozone/hadoop-ozone/integration-test/target/test-dir/MiniOzoneClusterImpl-8fa699bc-e258-4c24-98aa-94a5d955589f/datanode-0/data-0/containers/hdds/8fa699bc-e258-4c24-98aa-94a5d955589f/current/containerDir0/31/chunks/107544261427200031.block
2021-08-15 14:03:32,587 [BlockDeletingService#2] INFO  background.BlockDeletingService (BlockDeletingService.java:deleteViaSchema2(447)) - Container: 31, deleted blocks: 1, task elapsed time: 0ms
2021-08-15 14:03:32,569 [BlockDeletingService#0] INFO  impl.FilePerBlockStrategy (FilePerBlockStrategy.java:deleteChunk(227)) - Deleted block file: /home/runner/work/ozone/ozone/hadoop-ozone/integration-test/target/test-dir/MiniOzoneClusterImpl-8fa699bc-e258-4c24-98aa-94a5d955589f/datanode-0/data-0/containers/hdds/8fa699bc-e258-4c24-98aa-94a5d955589f/current/containerDir0/52/chunks/107544261427200052.block
2021-08-15 14:03:32,569 [BlockDeletingService#5] INFO  impl.FilePerBlockStrategy (FilePerBlockStrategy.java:deleteChunk(227)) - Deleted block file: /home/runner/work/ozone/ozone/hadoop-ozone/integration-test/target/test-dir/MiniOzoneClusterImpl-8fa699bc-e258-4c24-98aa-94a5d955589f/datanode-0/data-0/containers/hdds/8fa699bc-e258-4c24-98aa-94a5d955589f/current/containerDir0/53/chunks/107544261427200053.block
2021-08-15 14:03:32,588 [BlockDeletingService#5] INFO  background.BlockDeletingService (BlockDeletingService.java:deleteViaSchema2(447)) - Container: 53, deleted blocks: 1, task elapsed time: 20ms
2021-08-15 14:03:32,589 [BlockDeletingService#5] INFO  impl.FilePerBlockStrategy (FilePerBlockStrategy.java:deleteChunk(227)) - Deleted block file: /home/runner/work/ozone/ozone/hadoop-ozone/integration-test/target/test-dir/MiniOzoneClusterImpl-8fa699bc-e258-4c24-98aa-94a5d955589f/datanode-0/data-0/containers/hdds/8fa699bc-e258-4c24-98aa-94a5d955589f/current/containerDir0/29/chunks/107544261427200029.block
2021-08-15 14:03:32,589 [BlockDeletingService#5] INFO  background.BlockDeletingService (BlockDeletingService.java:deleteViaSchema2(447)) - Container: 29, deleted blocks: 1, task elapsed time: 1ms
2021-08-15 14:03:32,589 [BlockDeletingService#4] INFO  background.BlockDeletingService (BlockDeletingService.java:deleteViaSchema2(447)) - Container: 36, deleted blocks: 1, task elapsed time: 6ms
2021-08-15 14:03:32,589 [BlockDeletingService#2] INFO  impl.FilePerBlockStrategy (FilePerBlockStrategy.java:deleteChunk(227)) - Deleted block file: /home/runner/work/ozone/ozone/hadoop-ozone/integration-test/target/test-dir/MiniOzoneClusterImpl-8fa699bc-e258-4c24-98aa-94a5d955589f/datanode-0/data-0/containers/hdds/8fa699bc-e258-4c24-98aa-94a5d955589f/current/containerDir0/30/chunks/107544261427200030.block
2021-08-15 14:03:32,568 [BlockDeletingService#7] INFO  impl.FilePerBlockStrategy (FilePerBlockStrategy.java:deleteChunk(227)) - Deleted block file: /home/runner/work/ozone/ozone/hadoop-ozone/integration-test/target/test-dir/MiniOzoneClusterImpl-8fa699bc-e258-4c24-98aa-94a5d955589f/datanode-0/data-0/containers/hdds/8fa699bc-e258-4c24-98aa-94a5d955589f/current/containerDir0/54/chunks/107544261427200054.block
2021-08-15 14:03:32,593 [BlockDeletingService#2] INFO  background.BlockDeletingService (BlockDeletingService.java:deleteViaSchema2(447)) - Container: 30, deleted blocks: 1, task elapsed time: 5ms
2021-08-15 14:03:32,593 [BlockDeletingService#7] INFO  background.BlockDeletingService (BlockDeletingService.java:deleteViaSchema2(447)) - Container: 54, deleted blocks: 1, task elapsed time: 25ms
2021-08-15 14:03:32,589 [BlockDeletingService#5] INFO  impl.FilePerBlockStrategy (FilePerBlockStrategy.java:deleteChunk(227)) - Deleted block file: /home/runner/work/ozone/ozone/hadoop-ozone/integration-test/target/test-dir/MiniOzoneClusterImpl-8fa699bc-e258-4c24-98aa-94a5d955589f/datanode-0/data-0/containers/hdds/8fa699bc-e258-4c24-98aa-94a5d955589f/current/containerDir0/28/chunks/107544261427200028.block
2021-08-15 14:03:32,588 [BlockDeletingService#0] INFO  background.BlockDeletingService (BlockDeletingService.java:deleteViaSchema2(447)) - Container: 52, deleted blocks: 1, task elapsed time: 19ms
2021-08-15 14:03:32,593 [BlockDeletingService#5] INFO  background.BlockDeletingService (BlockDeletingService.java:deleteViaSchema2(447)) - Container: 28, deleted blocks: 1, task elapsed time: 4ms
2021-08-15 14:03:32,583 [BlockDeletingService#1] INFO  impl.FilePerBlockStrategy (FilePerBlockStrategy.java:deleteChunk(227)) - Deleted block file: /home/runner/work/ozone/ozone/hadoop-ozone/integration-test/target/test-dir/MiniOzoneClusterImpl-8fa699bc-e258-4c24-98aa-94a5d955589f/datanode-0/data-0/containers/hdds/8fa699bc-e258-4c24-98aa-94a5d955589f/current/containerDir0/41/chunks/107544261427200041.block
2021-08-15 14:03:32,593 [BlockDeletingService#1] INFO  background.BlockDeletingService (BlockDeletingService.java:deleteViaSchema2(447)) - Container: 41, deleted blocks: 1, task elapsed time: 15ms
2021-08-15 14:03:32,582 [BlockDeletingService#6] INFO  background.BlockDeletingService (BlockDeletingService.java:deleteViaSchema2(447)) - Container: 55, deleted blocks: 1, task elapsed time: 15ms
2021-08-15 14:03:32,581 [BlockDeletingService#9] INFO  impl.FilePerBlockStrategy (FilePerBlockStrategy.java:deleteChunk(227)) - Deleted block file: /home/runner/work/ozone/ozone/hadoop-ozone/integration-test/target/test-dir/MiniOzoneClusterImpl-8fa699bc-e258-4c24-98aa-94a5d955589f/datanode-0/data-0/containers/hdds/8fa699bc-e258-4c24-98aa-94a5d955589f/current/containerDir0/44/chunks/107544261427200044.block
2021-08-15 14:03:32,593 [BlockDeletingService#9] INFO  background.BlockDeletingService (BlockDeletingService.java:deleteViaSchema2(447)) - Container: 44, deleted blocks: 1, task elapsed time: 20ms
2021-08-15 14:03:32,593 [BlockDeletingService#3] INFO  impl.FilePerBlockStrategy (FilePerBlockStrategy.java:deleteChunk(227)) - Deleted block file: /home/runner/work/ozone/ozone/hadoop-ozone/integration-test/target/test-dir/MiniOzoneClusterImpl-8fa699bc-e258-4c24-98aa-94a5d955589f/datanode-0/data-0/containers/hdds/8fa699bc-e258-4c24-98aa-94a5d955589f/current/containerDir0/32/chunks/107544261427200032.block
2021-08-15 14:03:32,594 [BlockDeletingService#3] INFO  background.BlockDeletingService (BlockDeletingService.java:deleteViaSchema2(447)) - Container: 32, deleted blocks: 1, task elapsed time: 7ms
2021-08-15 14:03:32,676 [SCMBlockDeletingService#0] DEBUG block.SCMBlockDeletingService (SCMBlockDeletingService.java:call(133)) - Running DeletedBlockTransactionScanner
2021-08-15 14:03:32,676 [SCMBlockDeletingService#0] DEBUG block.SCMBlockDeletingService (DatanodeDeletedBlockTransactions.java:addTransactionToDN(50)) - Transaction added: 0475d2c2-d46f-403e-95a5-8ff1a5c32338 <- TX(28)
2021-08-15 14:03:32,676 [SCMBlockDeletingService#0] DEBUG block.SCMBlockDeletingService (DatanodeDeletedBlockTransactions.java:addTransactionToDN(50)) - Transaction added: 0475d2c2-d46f-403e-95a5-8ff1a5c32338 <- TX(29)
2021-08-15 14:03:32,676 [SCMBlockDeletingService#0] DEBUG block.SCMBlockDeletingService (DatanodeDeletedBlockTransactions.java:addTransactionToDN(50)) - Transaction added: 0475d2c2-d46f-403e-95a5-8ff1a5c32338 <- TX(30)
2021-08-15 14:03:32,676 [SCMBlockDeletingService#0] DEBUG block.SCMBlockDeletingService (DatanodeDeletedBlockTransactions.java:addTransactionToDN(50)) - Transaction added: 0475d2c2-d46f-403e-95a5-8ff1a5c32338 <- TX(31)
2021-08-15 14:03:32,676 [SCMBlockDeletingService#0] DEBUG block.SCMBlockDeletingService (DatanodeDeletedBlockTransactions.java:addTransactionToDN(50)) - Transaction added: 0475d2c2-d46f-403e-95a5-8ff1a5c32338 <- TX(32)
2021-08-15 14:03:32,676 [SCMBlockDeletingService#0] DEBUG block.SCMBlockDeletingService (DatanodeDeletedBlockTransactions.java:addTransactionToDN(50)) - Transaction added: 0475d2c2-d46f-403e-95a5-8ff1a5c32338 <- TX(33)
2021-08-15 14:03:32,676 [SCMBlockDeletingService#0] DEBUG block.SCMBlockDeletingService (DatanodeDeletedBlockTransactions.java:addTransactionToDN(50)) - Transaction added: 0475d2c2-d46f-403e-95a5-8ff1a5c32338 <- TX(34)
2021-08-15 14:03:32,676 [SCMBlockDeletingService#0] DEBUG block.SCMBlockDeletingService (DatanodeDeletedBlockTransactions.java:addTransactionToDN(50)) - Transaction added: 0475d2c2-d46f-403e-95a5-8ff1a5c32338 <- TX(35)
2021-08-15 14:03:32,676 [SCMBlockDeletingService#0] DEBUG block.SCMBlockDeletingService (DatanodeDeletedBlockTransactions.java:addTransactionToDN(50)) - Transaction added: 0475d2c2-d46f-403e-95a5-8ff1a5c32338 <- TX(36)
2021-08-15 14:03:32,676 [SCMBlockDeletingService#0] DEBUG block.SCMBlockDeletingService (DatanodeDeletedBlockTransactions.java:addTransactionToDN(50)) - Transaction added: 0475d2c2-d46f-403e-95a5-8ff1a5c32338 <- TX(37)
2021-08-15 14:03:32,676 [SCMBlockDeletingService#0] DEBUG block.SCMBlockDeletingService (DatanodeDeletedBlockTransactions.java:addTransactionToDN(50)) - Transaction added: 0475d2c2-d46f-403e-95a5-8ff1a5c32338 <- TX(38)
2021-08-15 14:03:32,676 [SCMBlockDeletingService#0] DEBUG block.SCMBlockDeletingService (DatanodeDeletedBlockTransactions.java:addTransactionToDN(50)) - Transaction added: 0475d2c2-d46f-403e-95a5-8ff1a5c32338 <- TX(39)
2021-08-15 14:03:32,676 [SCMBlockDeletingService#0] DEBUG block.SCMBlockDeletingService (DatanodeDeletedBlockTransactions.java:addTransactionToDN(50)) - Transaction added: 0475d2c2-d46f-403e-95a5-8ff1a5c32338 <- TX(40)
2021-08-15 14:03:32,676 [SCMBlockDeletingService#0] DEBUG block.SCMBlockDeletingService (DatanodeDeletedBlockTransactions.java:addTransactionToDN(50)) - Transaction added: 0475d2c2-d46f-403e-95a5-8ff1a5c32338 <- TX(41)
2021-08-15 14:03:32,676 [SCMBlockDeletingService#0] DEBUG block.SCMBlockDeletingService (DatanodeDeletedBlockTransactions.java:addTransactionToDN(50)) - Transaction added: 0475d2c2-d46f-403e-95a5-8ff1a5c32338 <- TX(42)
2021-08-15 14:03:32,677 [SCMBlockDeletingService#0] DEBUG block.SCMBlockDeletingService (DatanodeDeletedBlockTransactions.java:addTransactionToDN(50)) - Transaction added: 0475d2c2-d46f-403e-95a5-8ff1a5c32338 <- TX(43)
2021-08-15 14:03:32,677 [SCMBlockDeletingService#0] DEBUG block.SCMBlockDeletingService (DatanodeDeletedBlockTransactions.java:addTransactionToDN(50)) - Transaction added: 0475d2c2-d46f-403e-95a5-8ff1a5c32338 <- TX(44)
2021-08-15 14:03:32,677 [SCMBlockDeletingService#0] DEBUG block.SCMBlockDeletingService (DatanodeDeletedBlockTransactions.java:addTransactionToDN(50)) - Transaction added: 0475d2c2-d46f-403e-95a5-8ff1a5c32338 <- TX(45)
2021-08-15 14:03:32,677 [SCMBlockDeletingService#0] DEBUG block.SCMBlockDeletingService (DatanodeDeletedBlockTransactions.java:addTransactionToDN(50)) - Transaction added: 0475d2c2-d46f-403e-95a5-8ff1a5c32338 <- TX(46)
2021-08-15 14:03:32,677 [SCMBlockDeletingService#0] DEBUG block.SCMBlockDeletingService (DatanodeDeletedBlockTransactions.java:addTransactionToDN(50)) - Transaction added: 0475d2c2-d46f-403e-95a5-8ff1a5c32338 <- TX(47)
2021-08-15 14:03:32,677 [SCMBlockDeletingService#0] DEBUG block.SCMBlockDeletingService (DatanodeDeletedBlockTransactions.java:addTransactionToDN(50)) - Transaction added: 0475d2c2-d46f-403e-95a5-8ff1a5c32338 <- TX(48)
2021-08-15 14:03:32,677 [SCMBlockDeletingService#0] DEBUG block.SCMBlockDeletingService (DatanodeDeletedBlockTransactions.java:addTransactionToDN(50)) - Transaction added: 0475d2c2-d46f-403e-95a5-8ff1a5c32338 <- TX(49)
2021-08-15 14:03:32,677 [SCMBlockDeletingService#0] DEBUG block.SCMBlockDeletingService (DatanodeDeletedBlockTransactions.java:addTransactionToDN(50)) - Transaction added: 0475d2c2-d46f-403e-95a5-8ff1a5c32338 <- TX(50)
2021-08-15 14:03:32,677 [SCMBlockDeletingService#0] DEBUG block.SCMBlockDeletingService (DatanodeDeletedBlockTransactions.java:addTransactionToDN(50)) - Transaction added: 0475d2c2-d46f-403e-95a5-8ff1a5c32338 <- TX(51)
2021-08-15 14:03:32,677 [SCMBlockDeletingService#0] DEBUG block.SCMBlockDeletingService (DatanodeDeletedBlockTransactions.java:addTransactionToDN(50)) - Transaction added: 0475d2c2-d46f-403e-95a5-8ff1a5c32338 <- TX(52)
2021-08-15 14:03:32,677 [SCMBlockDeletingService#0] DEBUG block.SCMBlockDeletingService (DatanodeDeletedBlockTransactions.java:addTransactionToDN(50)) - Transaction added: 0475d2c2-d46f-403e-95a5-8ff1a5c32338 <- TX(53)
2021-08-15 14:03:32,677 [SCMBlockDeletingService#0] DEBUG block.SCMBlockDeletingService (DatanodeDeletedBlockTransactions.java:addTransactionToDN(50)) - Transaction added: 0475d2c2-d46f-403e-95a5-8ff1a5c32338 <- TX(54)
2021-08-15 14:03:32,677 [SCMBlockDeletingService#0] DEBUG block.SCMBlockDeletingService (DatanodeDeletedBlockTransactions.java:addTransactionToDN(50)) - Transaction added: 0475d2c2-d46f-403e-95a5-8ff1a5c32338 <- TX(55)
2021-08-15 14:03:32,677 [SCMBlockDeletingService#0] DEBUG block.SCMBlockDeletingService (DatanodeDeletedBlockTransactions.java:addTransactionToDN(50)) - Transaction added: 0475d2c2-d46f-403e-95a5-8ff1a5c32338 <- TX(56)
2021-08-15 14:03:32,677 [SCMBlockDeletingService#0] DEBUG block.SCMBlockDeletingService (SCMBlockDeletingService.java:call(164)) - Added delete block command for datanode 0475d2c2-d46f-403e-95a5-8ff1a5c32338 in the queue, number of delete block transactions: 29
2021-08-15 14:03:32,677 [SCMBlockDeletingService#0] INFO  block.SCMBlockDeletingService (SCMBlockDeletingService.java:call(174)) - Totally added 29 blocks to be deleted for 1 datanodes, task elapsed time: 1ms
2021-08-15 14:03:32,749 [org.apache.hadoop.ozone.container.common.statemachine.commandhandler.DeleteBlocksCommandHandler$DeleteCmdWorker@95100f1] INFO  commandhandler.DeleteBlocksCommandHandler (DeleteBlocksCommandHandler.java:processCmd(261)) - Start to delete container blocks, TXIDs=[1(0),2(0),3(0),4(0),5(0),6(0),7(0),8(0),9(0),10(0),11(0),12(0),13(0),14(0),15(0),16(0),17(0),18(0),19(0),20(0),21(0),22(0),23(0),24(0),25(0),26(0),27(0),28(0),29(0),30(0),31(0),32(0),33(0),34(0),35(0),36(0),37(0),38(0),39(0),40(0),41(0),42(0),43(0),44(0),45(0),46(0),47(0),48(0),49(0),50(0),51(0),52(0),53(0),54(0),55(0),56(0)], numOfContainers=56, numOfBlocks=56
2021-08-15 14:03:32,756 [org.apache.hadoop.ozone.container.common.statemachine.commandhandler.DeleteBlocksCommandHandler$DeleteCmdWorker@95100f1] INFO  commandhandler.DeleteBlocksCommandHandler (DeleteBlocksCommandHandler.java:processCmd(261)) - Start to delete container blocks, TXIDs=[1(0),2(0),3(0),4(0),5(0),6(0),7(0),8(0),9(0),10(0),11(0),12(0),13(0),14(0),15(0),16(0),17(0),18(0),19(0),20(0),21(0),22(0),23(0),24(0),25(0),26(0),27(0),28(0),29(0),30(0),31(0),32(0),33(0),34(0),35(0),36(0),37(0),38(0),39(0),40(0),41(0),42(0),43(0),44(0),45(0),46(0),47(0),48(0),49(0),50(0),51(0),52(0),53(0),54(0),55(0),56(0)], numOfContainers=56, numOfBlocks=56
2021-08-15 14:03:32,756 [org.apache.hadoop.ozone.container.common.statemachine.commandhandler.DeleteBlocksCommandHandler$DeleteCmdWorker@95100f1] INFO  commandhandler.DeleteBlocksCommandHandler (DeleteBlocksCommandHandler.java:processCmd(261)) - Start to delete container blocks, TXIDs=[1(0),2(0),3(0),4(0),5(0),6(0),7(0),8(0),9(0),10(0),11(0),12(0),13(0),14(0),15(0),16(0),17(0),18(0),19(0),20(0),21(0),22(0),23(0),24(0),25(0),26(0),27(0),28(0),29(0),30(0),31(0),32(0),33(0),34(0),35(0),36(0),37(0),38(0),39(0),40(0),41(0),42(0),43(0),44(0),45(0),46(0),47(0),48(0),49(0),50(0),51(0),52(0),53(0),54(0),55(0),56(0)], numOfContainers=56, numOfBlocks=56
2021-08-15 14:03:32,757 [org.apache.hadoop.ozone.container.common.statemachine.commandhandler.DeleteBlocksCommandHandler$DeleteCmdWorker@95100f1] INFO  commandhandler.DeleteBlocksCommandHandler (DeleteBlocksCommandHandler.java:processCmd(261)) - Start to delete container blocks, TXIDs=[1(0),2(0),3(0),4(0),5(0),6(0),7(0),8(0),9(0),10(0),11(0),12(0),13(0),14(0),15(0),16(0),17(0),18(0),19(0),20(0),21(0),22(0),23(0),24(0),25(0),26(0),27(0),28(0),29(0),30(0),31(0),32(0),33(0),34(0),35(0),36(0),37(0),38(0),39(0),40(0),41(0),42(0),43(0),44(0),45(0),46(0),47(0),48(0),49(0),50(0),51(0),52(0),53(0),54(0),55(0),56(0)], numOfContainers=56, numOfBlocks=56
2021-08-15 14:03:32,757 [org.apache.hadoop.ozone.container.common.statemachine.commandhandler.DeleteBlocksCommandHandler$DeleteCmdWorker@95100f1] INFO  commandhandler.DeleteBlocksCommandHandler (DeleteBlocksCommandHandler.java:processCmd(261)) - Start to delete container blocks, TXIDs=[1(0),2(0),3(0),4(0),5(0),6(0),7(0),8(0),9(0),10(0),11(0),12(0),13(0),14(0),15(0),16(0),17(0),18(0),19(0),20(0),21(0),22(0),23(0),24(0),25(0),26(0),27(0),28(0),29(0),30(0),31(0),32(0),33(0),34(0),35(0),36(0),37(0),38(0),39(0),40(0),41(0),42(0),43(0),44(0),45(0),46(0),47(0),48(0),49(0),50(0),51(0),52(0),53(0),54(0),55(0),56(0)], numOfContainers=56, numOfBlocks=56
2021-08-15 14:03:32,757 [org.apache.hadoop.ozone.container.common.statemachine.commandhandler.DeleteBlocksCommandHandler$DeleteCmdWorker@95100f1] INFO  commandhandler.DeleteBlocksCommandHandler (DeleteBlocksCommandHandler.java:processCmd(261)) - Start to delete container blocks, TXIDs=[1(0),2(0),3(0),4(0),5(0),6(0),7(0),8(0),9(0),10(0),11(0),12(0),13(0),14(0),15(0),16(0),17(0),18(0),19(0),20(0),21(0),22(0),23(0),24(0),25(0),26(0),27(0),28(0),29(0),30(0),31(0),32(0),33(0),34(0),35(0),36(0),37(0),38(0),39(0),40(0),41(0),42(0),43(0),44(0),45(0),46(0),47(0),48(0),49(0),50(0),51(0),52(0),53(0),54(0),55(0),56(0)], numOfContainers=56, numOfBlocks=56
2021-08-15 14:03:32,757 [org.apache.hadoop.ozone.container.common.statemachine.commandhandler.DeleteBlocksCommandHandler$DeleteCmdWorker@95100f1] INFO  commandhandler.DeleteBlocksCommandHandler (DeleteBlocksCommandHandler.java:processCmd(261)) - Start to delete container blocks, TXIDs=[1(0),2(0),3(0),4(0),5(0),6(0),7(0),8(0),9(0),10(0),11(0),12(0),13(0),14(0),15(0),16(0),17(0),18(0),19(0),20(0),21(0),22(0),23(0),24(0),25(0),26(0),27(0),28(0),29(0),30(0),31(0),32(0),33(0),34(0),35(0),36(0),37(0),38(0),39(0),40(0),41(0),42(0),43(0),44(0),45(0),46(0),47(0),48(0),49(0),50(0),51(0),52(0),53(0),54(0),55(0),56(0)], numOfContainers=56, numOfBlocks=56
2021-08-15 14:03:32,757 [org.apache.hadoop.ozone.container.common.statemachine.commandhandler.DeleteBlocksCommandHandler$DeleteCmdWorker@95100f1] INFO  commandhandler.DeleteBlocksCommandHandler (DeleteBlocksCommandHandler.java:processCmd(261)) - Start to delete container blocks, TXIDs=[1(0),2(0),3(0),4(0),5(0),6(0),7(0),8(0),9(0),10(0),11(0),12(0),13(0),14(0),15(0),16(0),17(0),18(0),19(0),20(0),21(0),22(0),23(0),24(0),25(0),26(0),27(0),28(0),29(0),30(0),31(0),32(0),33(0),34(0),35(0),36(0),37(0),38(0),39(0),40(0),41(0),42(0),43(0),44(0),45(0),46(0),47(0),48(0),49(0),50(0),51(0),52(0),53(0),54(0),55(0),56(0)], numOfContainers=56, numOfBlocks=56
2021-08-15 14:03:32,757 [org.apache.hadoop.ozone.container.common.statemachine.commandhandler.DeleteBlocksCommandHandler$DeleteCmdWorker@95100f1] INFO  commandhandler.DeleteBlocksCommandHandler (DeleteBlocksCommandHandler.java:processCmd(261)) - Start to delete container blocks, TXIDs=[28(0),29(0),30(0),31(0),32(0),33(0),34(0),35(0),36(0),37(0),38(0),39(0),40(0),41(0),42(0),43(0),44(0),45(0),46(0),47(0),48(0),49(0),50(0),51(0),52(0),53(0),54(0),55(0),56(0)], numOfContainers=29, numOfBlocks=29
2021-08-15 14:03:32,758 [org.apache.hadoop.ozone.container.common.statemachine.commandhandler.DeleteBlocksCommandHandler$DeleteCmdWorker@95100f1] INFO  commandhandler.DeleteBlocksCommandHandler (DeleteBlocksCommandHandler.java:processCmd(261)) - Start to delete container blocks, TXIDs=[28(0),29(0),30(0),31(0),32(0),33(0),34(0),35(0),36(0),37(0),38(0),39(0),40(0),41(0),42(0),43(0),44(0),45(0),46(0),47(0),48(0),49(0),50(0),51(0),52(0),53(0),54(0),55(0),56(0)], numOfContainers=29, numOfBlocks=29
2021-08-15 14:03:32,758 [org.apache.hadoop.ozone.container.common.statemachine.commandhandler.DeleteBlocksCommandHandler$DeleteCmdWorker@95100f1] INFO  commandhandler.DeleteBlocksCommandHandler (DeleteBlocksCommandHandler.java:processCmd(261)) - Start to delete container blocks, TXIDs=[28(0),29(0),30(0),31(0),32(0),33(0),34(0),35(0),36(0),37(0),38(0),39(0),40(0),41(0),42(0),43(0),44(0),45(0),46(0),47(0),48(0),49(0),50(0),51(0),52(0),53(0),54(0),55(0),56(0)], numOfContainers=29, numOfBlocks=29
2021-08-15 14:03:32,758 [org.apache.hadoop.ozone.container.common.statemachine.commandhandler.DeleteBlocksCommandHandler$DeleteCmdWorker@95100f1] INFO  commandhandler.DeleteBlocksCommandHandler (DeleteBlocksCommandHandler.java:processCmd(261)) - Start to delete container blocks, TXIDs=[28(0),29(0),30(0),31(0),32(0),33(0),34(0),35(0),36(0),37(0),38(0),39(0),40(0),41(0),42(0),43(0),44(0),45(0),46(0),47(0),48(0),49(0),50(0),51(0),52(0),53(0),54(0),55(0),56(0)], numOfContainers=29, numOfBlocks=29
2021-08-15 14:03:32,758 [org.apache.hadoop.ozone.container.common.statemachine.commandhandler.DeleteBlocksCommandHandler$DeleteCmdWorker@95100f1] INFO  commandhandler.DeleteBlocksCommandHandler (DeleteBlocksCommandHandler.java:processCmd(261)) - Start to delete container blocks, TXIDs=[28(0),29(0),30(0),31(0),32(0),33(0),34(0),35(0),36(0),37(0),38(0),39(0),40(0),41(0),42(0),43(0),44(0),45(0),46(0),47(0),48(0),49(0),50(0),51(0),52(0),53(0),54(0),55(0),56(0)], numOfContainers=29, numOfBlocks=29
2021-08-15 14:03:32,758 [org.apache.hadoop.ozone.container.common.statemachine.commandhandler.DeleteBlocksCommandHandler$DeleteCmdWorker@95100f1] INFO  commandhandler.DeleteBlocksCommandHandler (DeleteBlocksCommandHandler.java:processCmd(261)) - Start to delete container blocks, TXIDs=[28(0),29(0),30(0),31(0),32(0),33(0),34(0),35(0),36(0),37(0),38(0),39(0),40(0),41(0),42(0),43(0),44(0),45(0),46(0),47(0),48(0),49(0),50(0),51(0),52(0),53(0),54(0),55(0),56(0)], numOfContainers=29, numOfBlocks=29
2021-08-15 14:03:32,758 [org.apache.hadoop.ozone.container.common.statemachine.commandhandler.DeleteBlocksCommandHandler$DeleteCmdWorker@95100f1] INFO  commandhandler.DeleteBlocksCommandHandler (DeleteBlocksCommandHandler.java:processCmd(261)) - Start to delete container blocks, TXIDs=[28(0),29(0),30(0),31(0),32(0),33(0),34(0),35(0),36(0),37(0),38(0),39(0),40(0),41(0),42(0),43(0),44(0),45(0),46(0),47(0),48(0),49(0),50(0),51(0),52(0),53(0),54(0),55(0),56(0)], numOfContainers=29, numOfBlocks=29
2021-08-15 14:03:32,758 [org.apache.hadoop.ozone.container.common.statemachine.commandhandler.DeleteBlocksCommandHandler$DeleteCmdWorker@95100f1] INFO  commandhandler.DeleteBlocksCommandHandler (DeleteBlocksCommandHandler.java:processCmd(261)) - Start to delete container blocks, TXIDs=[28(0),29(0),30(0),31(0),32(0),33(0),34(0),35(0),36(0),37(0),38(0),39(0),40(0),41(0),42(0),43(0),44(0),45(0),46(0),47(0),48(0),49(0),50(0),51(0),52(0),53(0),54(0),55(0),56(0)], numOfContainers=29, numOfBlocks=29
2021-08-15 14:03:32,758 [org.apache.hadoop.ozone.container.common.statemachine.commandhandler.DeleteBlocksCommandHandler$DeleteCmdWorker@95100f1] INFO  commandhandler.DeleteBlocksCommandHandler (DeleteBlocksCommandHandler.java:processCmd(261)) - Start to delete container blocks, TXIDs=[28(0),29(0),30(0),31(0),32(0),33(0),34(0),35(0),36(0),37(0),38(0),39(0),40(0),41(0),42(0),43(0),44(0),45(0),46(0),47(0),48(0),49(0),50(0),51(0),52(0),53(0),54(0),55(0),56(0)], numOfContainers=29, numOfBlocks=29
2021-08-15 14:03:32,759 [org.apache.hadoop.ozone.container.common.statemachine.commandhandler.DeleteBlocksCommandHandler$DeleteCmdWorker@95100f1] INFO  commandhandler.DeleteBlocksCommandHandler (DeleteBlocksCommandHandler.java:processCmd(261)) - Start to delete container blocks, TXIDs=[28(0),29(0),30(0),31(0),32(0),33(0),34(0),35(0),36(0),37(0),38(0),39(0),40(0),41(0),42(0),43(0),44(0),45(0),46(0),47(0),48(0),49(0),50(0),51(0),52(0),53(0),54(0),55(0),56(0)], numOfContainers=29, numOfBlocks=29
2021-08-15 14:03:32,759 [org.apache.hadoop.ozone.container.common.statemachine.commandhandler.DeleteBlocksCommandHandler$DeleteCmdWorker@95100f1] INFO  commandhandler.DeleteBlocksCommandHandler (DeleteBlocksCommandHandler.java:processCmd(261)) - Start to delete container blocks, TXIDs=[28(0),29(0),30(0),31(0),32(0),33(0),34(0),35(0),36(0),37(0),38(0),39(0),40(0),41(0),42(0),43(0),44(0),45(0),46(0),47(0),48(0),49(0),50(0),51(0),52(0),53(0),54(0),55(0),56(0)], numOfContainers=29, numOfBlocks=29
2021-08-15 14:03:32,759 [org.apache.hadoop.ozone.container.common.statemachine.commandhandler.DeleteBlocksCommandHandler$DeleteCmdWorker@95100f1] INFO  commandhandler.DeleteBlocksCommandHandler (DeleteBlocksCommandHandler.java:processCmd(261)) - Start to delete container blocks, TXIDs=[28(0),29(0),30(0),31(0),32(0),33(0),34(0),35(0),36(0),37(0),38(0),39(0),40(0),41(0),42(0),43(0),44(0),45(0),46(0),47(0),48(0),49(0),50(0),51(0),52(0),53(0),54(0),55(0),56(0)], numOfContainers=29, numOfBlocks=29
2021-08-15 14:03:32,759 [org.apache.hadoop.ozone.container.common.statemachine.commandhandler.DeleteBlocksCommandHandler$DeleteCmdWorker@95100f1] INFO  commandhandler.DeleteBlocksCommandHandler (DeleteBlocksCommandHandler.java:processCmd(261)) - Start to delete container blocks, TXIDs=[28(0),29(0),30(0),31(0),32(0),33(0),34(0),35(0),36(0),37(0),38(0),39(0),40(0),41(0),42(0),43(0),44(0),45(0),46(0),47(0),48(0),49(0),50(0),51(0),52(0),53(0),54(0),55(0),56(0)], numOfContainers=29, numOfBlocks=29
2021-08-15 14:03:32,759 [org.apache.hadoop.ozone.container.common.statemachine.commandhandler.DeleteBlocksCommandHandler$DeleteCmdWorker@95100f1] INFO  commandhandler.DeleteBlocksCommandHandler (DeleteBlocksCommandHandler.java:processCmd(261)) - Start to delete container blocks, TXIDs=[28(0),29(0),30(0),31(0),32(0),33(0),34(0),35(0),36(0),37(0),38(0),39(0),40(0),41(0),42(0),43(0),44(0),45(0),46(0),47(0),48(0),49(0),50(0),51(0),52(0),53(0),54(0),55(0),56(0)], numOfContainers=29, numOfBlocks=29
2021-08-15 14:03:32,776 [SCMBlockDeletingService#0] DEBUG block.SCMBlockDeletingService (SCMBlockDeletingService.java:call(133)) - Running DeletedBlockTransactionScanner
2021-08-15 14:03:32,787 [SCMBlockDeletingService#0] DEBUG block.SCMBlockDeletingService (DatanodeDeletedBlockTransactions.java:addTransactionToDN(50)) - Transaction added: 0475d2c2-d46f-403e-95a5-8ff1a5c32338 <- TX(28)
2021-08-15 14:03:32,787 [SCMBlockDeletingService#0] DEBUG block.SCMBlockDeletingService (DatanodeDeletedBlockTransactions.java:addTransactionToDN(50)) - Transaction added: 0475d2c2-d46f-403e-95a5-8ff1a5c32338 <- TX(29)
2021-08-15 14:03:32,787 [SCMBlockDeletingService#0] DEBUG block.SCMBlockDeletingService (DatanodeDeletedBlockTransactions.java:addTransactionToDN(50)) - Transaction added: 0475d2c2-d46f-403e-95a5-8ff1a5c32338 <- TX(30)
2021-08-15 14:03:32,787 [SCMBlockDeletingService#0] DEBUG block.SCMBlockDeletingService (DatanodeDeletedBlockTransactions.java:addTransactionToDN(50)) - Transaction added: 0475d2c2-d46f-403e-95a5-8ff1a5c32338 <- TX(31)
2021-08-15 14:03:32,787 [SCMBlockDeletingService#0] DEBUG block.SCMBlockDeletingService (DatanodeDeletedBlockTransactions.java:addTransactionToDN(50)) - Transaction added: 0475d2c2-d46f-403e-95a5-8ff1a5c32338 <- TX(32)
2021-08-15 14:03:32,788 [SCMBlockDeletingService#0] DEBUG block.SCMBlockDeletingService (DatanodeDeletedBlockTransactions.java:addTransactionToDN(50)) - Transaction added: 0475d2c2-d46f-403e-95a5-8ff1a5c32338 <- TX(33)
2021-08-15 14:03:32,788 [SCMBlockDeletingService#0] DEBUG block.SCMBlockDeletingService (DatanodeDeletedBlockTransactions.java:addTransactionToDN(50)) - Transaction added: 0475d2c2-d46f-403e-95a5-8ff1a5c32338 <- TX(34)
2021-08-15 14:03:32,788 [SCMBlockDeletingService#0] DEBUG block.SCMBlockDeletingService (DatanodeDeletedBlockTransactions.java:addTransactionToDN(50)) - Transaction added: 0475d2c2-d46f-403e-95a5-8ff1a5c32338 <- TX(35)
2021-08-15 14:03:32,788 [SCMBlockDeletingService#0] DEBUG block.SCMBlockDeletingService (DatanodeDeletedBlockTransactions.java:addTransactionToDN(50)) - Transaction added: 0475d2c2-d46f-403e-95a5-8ff1a5c32338 <- TX(36)
2021-08-15 14:03:32,788 [SCMBlockDeletingService#0] DEBUG block.SCMBlockDeletingService (DatanodeDeletedBlockTransactions.java:addTransactionToDN(50)) - Transaction added: 0475d2c2-d46f-403e-95a5-8ff1a5c32338 <- TX(37)
2021-08-15 14:03:32,788 [SCMBlockDeletingService#0] DEBUG block.SCMBlockDeletingService (DatanodeDeletedBlockTransactions.java:addTransactionToDN(50)) - Transaction added: 0475d2c2-d46f-403e-95a5-8ff1a5c32338 <- TX(38)
2021-08-15 14:03:32,788 [SCMBlockDeletingService#0] DEBUG block.SCMBlockDeletingService (DatanodeDeletedBlockTransactions.java:addTransactionToDN(50)) - Transaction added: 0475d2c2-d46f-403e-95a5-8ff1a5c32338 <- TX(39)
2021-08-15 14:03:32,788 [SCMBlockDeletingService#0] DEBUG block.SCMBlockDeletingService (DatanodeDeletedBlockTransactions.java:addTransactionToDN(50)) - Transaction added: 0475d2c2-d46f-403e-95a5-8ff1a5c32338 <- TX(40)
2021-08-15 14:03:32,788 [SCMBlockDeletingService#0] DEBUG block.SCMBlockDeletingService (DatanodeDeletedBlockTransactions.java:addTransactionToDN(50)) - Transaction added: 0475d2c2-d46f-403e-95a5-8ff1a5c32338 <- TX(41)
2021-08-15 14:03:32,788 [SCMBlockDeletingService#0] DEBUG block.SCMBlockDeletingService (DatanodeDeletedBlockTransactions.java:addTransactionToDN(50)) - Transaction added: 0475d2c2-d46f-403e-95a5-8ff1a5c32338 <- TX(42)
2021-08-15 14:03:32,788 [SCMBlockDeletingService#0] DEBUG block.SCMBlockDeletingService (DatanodeDeletedBlockTransactions.java:addTransactionToDN(50)) - Transaction added: 0475d2c2-d46f-403e-95a5-8ff1a5c32338 <- TX(43)
2021-08-15 14:03:32,788 [SCMBlockDeletingService#0] DEBUG block.SCMBlockDeletingService (DatanodeDeletedBlockTransactions.java:addTransactionToDN(50)) - Transaction added: 0475d2c2-d46f-403e-95a5-8ff1a5c32338 <- TX(44)
2021-08-15 14:03:32,788 [SCMBlockDeletingService#0] DEBUG block.SCMBlockDeletingService (DatanodeDeletedBlockTransactions.java:addTransactionToDN(50)) - Transaction added: 0475d2c2-d46f-403e-95a5-8ff1a5c32338 <- TX(45)
2021-08-15 14:03:32,788 [SCMBlockDeletingService#0] DEBUG block.SCMBlockDeletingService (DatanodeDeletedBlockTransactions.java:addTransactionToDN(50)) - Transaction added: 0475d2c2-d46f-403e-95a5-8ff1a5c32338 <- TX(46)
2021-08-15 14:03:32,788 [SCMBlockDeletingService#0] DEBUG block.SCMBlockDeletingService (DatanodeDeletedBlockTransactions.java:addTransactionToDN(50)) - Transaction added: 0475d2c2-d46f-403e-95a5-8ff1a5c32338 <- TX(47)
2021-08-15 14:03:32,788 [SCMBlockDeletingService#0] DEBUG block.SCMBlockDeletingService (DatanodeDeletedBlockTransactions.java:addTransactionToDN(50)) - Transaction added: 0475d2c2-d46f-403e-95a5-8ff1a5c32338 <- TX(48)
2021-08-15 14:03:32,788 [SCMBlockDeletingService#0] DEBUG block.SCMBlockDeletingService (DatanodeDeletedBlockTransactions.java:addTransactionToDN(50)) - Transaction added: 0475d2c2-d46f-403e-95a5-8ff1a5c32338 <- TX(49)
2021-08-15 14:03:32,788 [SCMBlockDeletingService#0] DEBUG block.SCMBlockDeletingService (DatanodeDeletedBlockTransactions.java:addTransactionToDN(50)) - Transaction added: 0475d2c2-d46f-403e-95a5-8ff1a5c32338 <- TX(50)
2021-08-15 14:03:32,788 [SCMBlockDeletingService#0] DEBUG block.SCMBlockDeletingService (DatanodeDeletedBlockTransactions.java:addTransactionToDN(50)) - Transaction added: 0475d2c2-d46f-403e-95a5-8ff1a5c32338 <- TX(51)
2021-08-15 14:03:32,788 [SCMBlockDeletingService#0] DEBUG block.SCMBlockDeletingService (DatanodeDeletedBlockTransactions.java:addTransactionToDN(50)) - Transaction added: 0475d2c2-d46f-403e-95a5-8ff1a5c32338 <- TX(52)
2021-08-15 14:03:32,788 [SCMBlockDeletingService#0] DEBUG block.SCMBlockDeletingService (DatanodeDeletedBlockTransactions.java:addTransactionToDN(50)) - Transaction added: 0475d2c2-d46f-403e-95a5-8ff1a5c32338 <- TX(53)
2021-08-15 14:03:32,788 [SCMBlockDeletingService#0] DEBUG block.SCMBlockDeletingService (DatanodeDeletedBlockTransactions.java:addTransactionToDN(50)) - Transaction added: 0475d2c2-d46f-403e-95a5-8ff1a5c32338 <- TX(54)
2021-08-15 14:03:32,788 [SCMBlockDeletingService#0] DEBUG block.SCMBlockDeletingService (DatanodeDeletedBlockTransactions.java:addTransactionToDN(50)) - Transaction added: 0475d2c2-d46f-403e-95a5-8ff1a5c32338 <- TX(55)
2021-08-15 14:03:32,788 [SCMBlockDeletingService#0] DEBUG block.SCMBlockDeletingService (DatanodeDeletedBlockTransactions.java:addTransactionToDN(50)) - Transaction added: 0475d2c2-d46f-403e-95a5-8ff1a5c32338 <- TX(56)
2021-08-15 14:03:32,788 [SCMBlockDeletingService#0] DEBUG block.SCMBlockDeletingService (SCMBlockDeletingService.java:call(164)) - Added delete block command for datanode 0475d2c2-d46f-403e-95a5-8ff1a5c32338 in the queue, number of delete block transactions: 29
2021-08-15 14:03:32,788 [SCMBlockDeletingService#0] INFO  block.SCMBlockDeletingService (SCMBlockDeletingService.java:call(174)) - Totally added 29 blocks to be deleted for 1 datanodes, task elapsed time: 13ms
2021-08-15 14:03:32,876 [SCMBlockDeletingService#0] DEBUG block.SCMBlockDeletingService (SCMBlockDeletingService.java:call(133)) - Running DeletedBlockTransactionScanner
2021-08-15 14:03:32,876 [SCMBlockDeletingService#0] DEBUG block.SCMBlockDeletingService (DatanodeDeletedBlockTransactions.java:addTransactionToDN(50)) - Transaction added: 0475d2c2-d46f-403e-95a5-8ff1a5c32338 <- TX(28)
2021-08-15 14:03:32,876 [SCMBlockDeletingService#0] DEBUG block.SCMBlockDeletingService (DatanodeDeletedBlockTransactions.java:addTransactionToDN(50)) - Transaction added: 0475d2c2-d46f-403e-95a5-8ff1a5c32338 <- TX(29)
2021-08-15 14:03:32,876 [SCMBlockDeletingService#0] DEBUG block.SCMBlockDeletingService (DatanodeDeletedBlockTransactions.java:addTransactionToDN(50)) - Transaction added: 0475d2c2-d46f-403e-95a5-8ff1a5c32338 <- TX(30)
2021-08-15 14:03:32,876 [SCMBlockDeletingService#0] DEBUG block.SCMBlockDeletingService (DatanodeDeletedBlockTransactions.java:addTransactionToDN(50)) - Transaction added: 0475d2c2-d46f-403e-95a5-8ff1a5c32338 <- TX(31)
2021-08-15 14:03:32,876 [SCMBlockDeletingService#0] DEBUG block.SCMBlockDeletingService (DatanodeDeletedBlockTransactions.java:addTransactionToDN(50)) - Transaction added: 0475d2c2-d46f-403e-95a5-8ff1a5c32338 <- TX(32)
2021-08-15 14:03:32,876 [SCMBlockDeletingService#0] DEBUG block.SCMBlockDeletingService (DatanodeDeletedBlockTransactions.java:addTransactionToDN(50)) - Transaction added: 0475d2c2-d46f-403e-95a5-8ff1a5c32338 <- TX(33)
2021-08-15 14:03:32,876 [SCMBlockDeletingService#0] DEBUG block.SCMBlockDeletingService (DatanodeDeletedBlockTransactions.java:addTransactionToDN(50)) - Transaction added: 0475d2c2-d46f-403e-95a5-8ff1a5c32338 <- TX(34)
2021-08-15 14:03:32,876 [SCMBlockDeletingService#0] DEBUG block.SCMBlockDeletingService (DatanodeDeletedBlockTransactions.java:addTransactionToDN(50)) - Transaction added: 0475d2c2-d46f-403e-95a5-8ff1a5c32338 <- TX(35)
2021-08-15 14:03:32,876 [SCMBlockDeletingService#0] DEBUG block.SCMBlockDeletingService (DatanodeDeletedBlockTransactions.java:addTransactionToDN(50)) - Transaction added: 0475d2c2-d46f-403e-95a5-8ff1a5c32338 <- TX(36)
2021-08-15 14:03:32,877 [SCMBlockDeletingService#0] DEBUG block.SCMBlockDeletingService (DatanodeDeletedBlockTransactions.java:addTransactionToDN(50)) - Transaction added: 0475d2c2-d46f-403e-95a5-8ff1a5c32338 <- TX(37)
2021-08-15 14:03:32,877 [SCMBlockDeletingService#0] DEBUG block.SCMBlockDeletingService (DatanodeDeletedBlockTransactions.java:addTransactionToDN(50)) - Transaction added: 0475d2c2-d46f-403e-95a5-8ff1a5c32338 <- TX(38)
2021-08-15 14:03:32,877 [SCMBlockDeletingService#0] DEBUG block.SCMBlockDeletingService (DatanodeDeletedBlockTransactions.java:addTransactionToDN(50)) - Transaction added: 0475d2c2-d46f-403e-95a5-8ff1a5c32338 <- TX(39)
2021-08-15 14:03:32,877 [SCMBlockDeletingService#0] DEBUG block.SCMBlockDeletingService (DatanodeDeletedBlockTransactions.java:addTransactionToDN(50)) - Transaction added: 0475d2c2-d46f-403e-95a5-8ff1a5c32338 <- TX(40)
2021-08-15 14:03:32,877 [SCMBlockDeletingService#0] DEBUG block.SCMBlockDeletingService (DatanodeDeletedBlockTransactions.java:addTransactionToDN(50)) - Transaction added: 0475d2c2-d46f-403e-95a5-8ff1a5c32338 <- TX(41)
2021-08-15 14:03:32,877 [SCMBlockDeletingService#0] DEBUG block.SCMBlockDeletingService (DatanodeDeletedBlockTransactions.java:addTransactionToDN(50)) - Transaction added: 0475d2c2-d46f-403e-95a5-8ff1a5c32338 <- TX(42)
2021-08-15 14:03:32,877 [SCMBlockDeletingService#0] DEBUG block.SCMBlockDeletingService (DatanodeDeletedBlockTransactions.java:addTransactionToDN(50)) - Transaction added: 0475d2c2-d46f-403e-95a5-8ff1a5c32338 <- TX(43)
2021-08-15 14:03:32,877 [SCMBlockDeletingService#0] DEBUG block.SCMBlockDeletingService (DatanodeDeletedBlockTransactions.java:addTransactionToDN(50)) - Transaction added: 0475d2c2-d46f-403e-95a5-8ff1a5c32338 <- TX(44)
2021-08-15 14:03:32,877 [SCMBlockDeletingService#0] DEBUG block.SCMBlockDeletingService (DatanodeDeletedBlockTransactions.java:addTransactionToDN(50)) - Transaction added: 0475d2c2-d46f-403e-95a5-8ff1a5c32338 <- TX(45)
2021-08-15 14:03:32,877 [SCMBlockDeletingService#0] DEBUG block.SCMBlockDeletingService (DatanodeDeletedBlockTransactions.java:addTransactionToDN(50)) - Transaction added: 0475d2c2-d46f-403e-95a5-8ff1a5c32338 <- TX(46)
2021-08-15 14:03:32,877 [SCMBlockDeletingService#0] DEBUG block.SCMBlockDeletingService (DatanodeDeletedBlockTransactions.java:addTransactionToDN(50)) - Transaction added: 0475d2c2-d46f-403e-95a5-8ff1a5c32338 <- TX(47)
2021-08-15 14:03:32,877 [SCMBlockDeletingService#0] DEBUG block.SCMBlockDeletingService (DatanodeDeletedBlockTransactions.java:addTransactionToDN(50)) - Transaction added: 0475d2c2-d46f-403e-95a5-8ff1a5c32338 <- TX(48)
2021-08-15 14:03:32,877 [SCMBlockDeletingService#0] DEBUG block.SCMBlockDeletingService (DatanodeDeletedBlockTransactions.java:addTransactionToDN(50)) - Transaction added: 0475d2c2-d46f-403e-95a5-8ff1a5c32338 <- TX(49)
2021-08-15 14:03:32,877 [SCMBlockDeletingService#0] DEBUG block.SCMBlockDeletingService (DatanodeDeletedBlockTransactions.java:addTransactionToDN(50)) - Transaction added: 0475d2c2-d46f-403e-95a5-8ff1a5c32338 <- TX(50)
2021-08-15 14:03:32,877 [SCMBlockDeletingService#0] DEBUG block.SCMBlockDeletingService (DatanodeDeletedBlockTransactions.java:addTransactionToDN(50)) - Transaction added: 0475d2c2-d46f-403e-95a5-8ff1a5c32338 <- TX(51)
2021-08-15 14:03:32,877 [SCMBlockDeletingService#0] DEBUG block.SCMBlockDeletingService (DatanodeDeletedBlockTransactions.java:addTransactionToDN(50)) - Transaction added: 0475d2c2-d46f-403e-95a5-8ff1a5c32338 <- TX(52)
2021-08-15 14:03:32,877 [SCMBlockDeletingService#0] DEBUG block.SCMBlockDeletingService (DatanodeDeletedBlockTransactions.java:addTransactionToDN(50)) - Transaction added: 0475d2c2-d46f-403e-95a5-8ff1a5c32338 <- TX(53)
2021-08-15 14:03:32,877 [SCMBlockDeletingService#0] DEBUG block.SCMBlockDeletingService (DatanodeDeletedBlockTransactions.java:addTransactionToDN(50)) - Transaction added: 0475d2c2-d46f-403e-95a5-8ff1a5c32338 <- TX(54)
2021-08-15 14:03:32,877 [SCMBlockDeletingService#0] DEBUG block.SCMBlockDeletingService (DatanodeDeletedBlockTransactions.java:addTransactionToDN(50)) - Transaction added: 0475d2c2-d46f-403e-95a5-8ff1a5c32338 <- TX(55)
2021-08-15 14:03:32,877 [SCMBlockDeletingService#0] DEBUG block.SCMBlockDeletingService (DatanodeDeletedBlockTransactions.java:addTransactionToDN(50)) - Transaction added: 0475d2c2-d46f-403e-95a5-8ff1a5c32338 <- TX(56)
2021-08-15 14:03:32,877 [SCMBlockDeletingService#0] DEBUG block.SCMBlockDeletingService (SCMBlockDeletingService.java:call(164)) - Added delete block command for datanode 0475d2c2-d46f-403e-95a5-8ff1a5c32338 in the queue, number of delete block transactions: 29
2021-08-15 14:03:32,877 [SCMBlockDeletingService#0] INFO  block.SCMBlockDeletingService (SCMBlockDeletingService.java:call(174)) - Totally added 29 blocks to be deleted for 1 datanodes, task elapsed time: 1ms
2021-08-15 14:03:32,964 [EventQueue-DeleteBlockStatusForDeletedBlockLogImpl] DEBUG block.DeletedBlockLogImpl (DeletedBlockLogImpl.java:isTransactionFailed(278)) - Got block deletion ACK from datanode, TXIDs=28, success=true
2021-08-15 14:03:32,964 [EventQueue-DeleteBlockStatusForDeletedBlockLogImpl] DEBUG block.DeletedBlockLogImpl (DeletedBlockLogImpl.java:commitTransactions(250)) - Purging txId=28 from block deletion log
2021-08-15 14:03:32,964 [EventQueue-DeleteBlockStatusForDeletedBlockLogImpl] DEBUG block.DeletedBlockLogImpl (DeletedBlockLogImpl.java:commitTransactions(256)) - Datanode txId=28 containerId=#28 committed by dnId=0475d2c2-d46f-403e-95a5-8ff1a5c32338
2021-08-15 14:03:32,964 [EventQueue-DeleteBlockStatusForDeletedBlockLogImpl] DEBUG block.DeletedBlockLogImpl (DeletedBlockLogImpl.java:isTransactionFailed(278)) - Got block deletion ACK from datanode, TXIDs=29, success=true
2021-08-15 14:03:32,964 [EventQueue-DeleteBlockStatusForDeletedBlockLogImpl] DEBUG block.DeletedBlockLogImpl (DeletedBlockLogImpl.java:commitTransactions(250)) - Purging txId=29 from block deletion log
2021-08-15 14:03:32,964 [EventQueue-DeleteBlockStatusForDeletedBlockLogImpl] DEBUG block.DeletedBlockLogImpl (DeletedBlockLogImpl.java:commitTransactions(256)) - Datanode txId=29 containerId=#29 committed by dnId=0475d2c2-d46f-403e-95a5-8ff1a5c32338
2021-08-15 14:03:32,964 [EventQueue-DeleteBlockStatusForDeletedBlockLogImpl] DEBUG block.DeletedBlockLogImpl (DeletedBlockLogImpl.java:isTransactionFailed(278)) - Got block deletion ACK from datanode, TXIDs=30, success=true
2021-08-15 14:03:32,964 [EventQueue-DeleteBlockStatusForDeletedBlockLogImpl] DEBUG block.DeletedBlockLogImpl (DeletedBlockLogImpl.java:commitTransactions(250)) - Purging txId=30 from block deletion log
2021-08-15 14:03:32,964 [EventQueue-DeleteBlockStatusForDeletedBlockLogImpl] DEBUG block.DeletedBlockLogImpl (DeletedBlockLogImpl.java:commitTransactions(256)) - Datanode txId=30 containerId=#30 committed by dnId=0475d2c2-d46f-403e-95a5-8ff1a5c32338
2021-08-15 14:03:32,964 [EventQueue-DeleteBlockStatusForDeletedBlockLogImpl] DEBUG block.DeletedBlockLogImpl (DeletedBlockLogImpl.java:isTransactionFailed(278)) - Got block deletion ACK from datanode, TXIDs=31, success=true
2021-08-15 14:03:32,964 [EventQueue-DeleteBlockStatusForDeletedBlockLogImpl] DEBUG block.DeletedBlockLogImpl (DeletedBlockLogImpl.java:commitTransactions(250)) - Purging txId=31 from block deletion log
2021-08-15 14:03:32,964 [EventQueue-DeleteBlockStatusForDeletedBlockLogImpl] DEBUG block.DeletedBlockLogImpl (DeletedBlockLogImpl.java:commitTransactions(256)) - Datanode txId=31 containerId=#31 committed by dnId=0475d2c2-d46f-403e-95a5-8ff1a5c32338
2021-08-15 14:03:32,964 [EventQueue-DeleteBlockStatusForDeletedBlockLogImpl] DEBUG block.DeletedBlockLogImpl (DeletedBlockLogImpl.java:isTransactionFailed(278)) - Got block deletion ACK from datanode, TXIDs=32, success=true
2021-08-15 14:03:32,964 [EventQueue-DeleteBlockStatusForDeletedBlockLogImpl] DEBUG block.DeletedBlockLogImpl (DeletedBlockLogImpl.java:commitTransactions(250)) - Purging txId=32 from block deletion log
2021-08-15 14:03:32,964 [EventQueue-DeleteBlockStatusForDeletedBlockLogImpl] DEBUG block.DeletedBlockLogImpl (DeletedBlockLogImpl.java:commitTransactions(256)) - Datanode txId=32 containerId=#32 committed by dnId=0475d2c2-d46f-403e-95a5-8ff1a5c32338
2021-08-15 14:03:32,964 [EventQueue-DeleteBlockStatusForDeletedBlockLogImpl] DEBUG block.DeletedBlockLogImpl (DeletedBlockLogImpl.java:isTransactionFailed(278)) - Got block deletion ACK from datanode, TXIDs=33, success=true
2021-08-15 14:03:32,964 [EventQueue-DeleteBlockStatusForDeletedBlockLogImpl] DEBUG block.DeletedBlockLogImpl (DeletedBlockLogImpl.java:commitTransactions(250)) - Purging txId=33 from block deletion log
2021-08-15 14:03:32,964 [EventQueue-DeleteBlockStatusForDeletedBlockLogImpl] DEBUG block.DeletedBlockLogImpl (DeletedBlockLogImpl.java:commitTransactions(256)) - Datanode txId=33 containerId=#33 committed by dnId=0475d2c2-d46f-403e-95a5-8ff1a5c32338
2021-08-15 14:03:32,964 [EventQueue-DeleteBlockStatusForDeletedBlockLogImpl] DEBUG block.DeletedBlockLogImpl (DeletedBlockLogImpl.java:isTransactionFailed(278)) - Got block deletion ACK from datanode, TXIDs=34, success=true
2021-08-15 14:03:32,964 [EventQueue-DeleteBlockStatusForDeletedBlockLogImpl] DEBUG block.DeletedBlockLogImpl (DeletedBlockLogImpl.java:commitTransactions(250)) - Purging txId=34 from block deletion log
2021-08-15 14:03:32,964 [EventQueue-DeleteBlockStatusForDeletedBlockLogImpl] DEBUG block.DeletedBlockLogImpl (DeletedBlockLogImpl.java:commitTransactions(256)) - Datanode txId=34 containerId=#34 committed by dnId=0475d2c2-d46f-403e-95a5-8ff1a5c32338
2021-08-15 14:03:32,964 [EventQueue-DeleteBlockStatusForDeletedBlockLogImpl] DEBUG block.DeletedBlockLogImpl (DeletedBlockLogImpl.java:isTransactionFailed(278)) - Got block deletion ACK from datanode, TXIDs=35, success=true
2021-08-15 14:03:32,964 [EventQueue-DeleteBlockStatusForDeletedBlockLogImpl] DEBUG block.DeletedBlockLogImpl (DeletedBlockLogImpl.java:commitTransactions(250)) - Purging txId=35 from block deletion log
2021-08-15 14:03:32,965 [EventQueue-DeleteBlockStatusForDeletedBlockLogImpl] DEBUG block.DeletedBlockLogImpl (DeletedBlockLogImpl.java:commitTransactions(256)) - Datanode txId=35 containerId=#35 committed by dnId=0475d2c2-d46f-403e-95a5-8ff1a5c32338
2021-08-15 14:03:32,965 [EventQueue-DeleteBlockStatusForDeletedBlockLogImpl] DEBUG block.DeletedBlockLogImpl (DeletedBlockLogImpl.java:isTransactionFailed(278)) - Got block deletion ACK from datanode, TXIDs=36, success=true
2021-08-15 14:03:32,965 [EventQueue-DeleteBlockStatusForDeletedBlockLogImpl] DEBUG block.DeletedBlockLogImpl (DeletedBlockLogImpl.java:commitTransactions(250)) - Purging txId=36 from block deletion log
2021-08-15 14:03:32,965 [EventQueue-DeleteBlockStatusForDeletedBlockLogImpl] DEBUG block.DeletedBlockLogImpl (DeletedBlockLogImpl.java:commitTransactions(256)) - Datanode txId=36 containerId=#36 committed by dnId=0475d2c2-d46f-403e-95a5-8ff1a5c32338
2021-08-15 14:03:32,965 [EventQueue-DeleteBlockStatusForDeletedBlockLogImpl] DEBUG block.DeletedBlockLogImpl (DeletedBlockLogImpl.java:isTransactionFailed(278)) - Got block deletion ACK from datanode, TXIDs=37, success=true
2021-08-15 14:03:32,965 [EventQueue-DeleteBlockStatusForDeletedBlockLogImpl] DEBUG block.DeletedBlockLogImpl (DeletedBlockLogImpl.java:commitTransactions(250)) - Purging txId=37 from block deletion log
2021-08-15 14:03:32,965 [EventQueue-DeleteBlockStatusForDeletedBlockLogImpl] DEBUG block.DeletedBlockLogImpl (DeletedBlockLogImpl.java:commitTransactions(256)) - Datanode txId=37 containerId=#37 committed by dnId=0475d2c2-d46f-403e-95a5-8ff1a5c32338
2021-08-15 14:03:32,965 [EventQueue-DeleteBlockStatusForDeletedBlockLogImpl] DEBUG block.DeletedBlockLogImpl (DeletedBlockLogImpl.java:isTransactionFailed(278)) - Got block deletion ACK from datanode, TXIDs=38, success=true
2021-08-15 14:03:32,965 [EventQueue-DeleteBlockStatusForDeletedBlockLogImpl] DEBUG block.DeletedBlockLogImpl (DeletedBlockLogImpl.java:commitTransactions(250)) - Purging txId=38 from block deletion log
2021-08-15 14:03:32,965 [EventQueue-DeleteBlockStatusForDeletedBlockLogImpl] DEBUG block.DeletedBlockLogImpl (DeletedBlockLogImpl.java:commitTransactions(256)) - Datanode txId=38 containerId=#38 committed by dnId=0475d2c2-d46f-403e-95a5-8ff1a5c32338
2021-08-15 14:03:32,965 [EventQueue-DeleteBlockStatusForDeletedBlockLogImpl] DEBUG block.DeletedBlockLogImpl (DeletedBlockLogImpl.java:isTransactionFailed(278)) - Got block deletion ACK from datanode, TXIDs=39, success=true
2021-08-15 14:03:32,965 [EventQueue-DeleteBlockStatusForDeletedBlockLogImpl] DEBUG block.DeletedBlockLogImpl (DeletedBlockLogImpl.java:commitTransactions(250)) - Purging txId=39 from block deletion log
2021-08-15 14:03:32,965 [EventQueue-DeleteBlockStatusForDeletedBlockLogImpl] DEBUG block.DeletedBlockLogImpl (DeletedBlockLogImpl.java:commitTransactions(256)) - Datanode txId=39 containerId=#39 committed by dnId=0475d2c2-d46f-403e-95a5-8ff1a5c32338
2021-08-15 14:03:32,965 [EventQueue-DeleteBlockStatusForDeletedBlockLogImpl] DEBUG block.DeletedBlockLogImpl (DeletedBlockLogImpl.java:isTransactionFailed(278)) - Got block deletion ACK from datanode, TXIDs=40, success=true
2021-08-15 14:03:32,965 [EventQueue-DeleteBlockStatusForDeletedBlockLogImpl] DEBUG block.DeletedBlockLogImpl (DeletedBlockLogImpl.java:commitTransactions(250)) - Purging txId=40 from block deletion log
2021-08-15 14:03:32,965 [EventQueue-DeleteBlockStatusForDeletedBlockLogImpl] DEBUG block.DeletedBlockLogImpl (DeletedBlockLogImpl.java:commitTransactions(256)) - Datanode txId=40 containerId=#40 committed by dnId=0475d2c2-d46f-403e-95a5-8ff1a5c32338
2021-08-15 14:03:32,965 [EventQueue-DeleteBlockStatusForDeletedBlockLogImpl] DEBUG block.DeletedBlockLogImpl (DeletedBlockLogImpl.java:isTransactionFailed(278)) - Got block deletion ACK from datanode, TXIDs=41, success=true
2021-08-15 14:03:32,965 [EventQueue-DeleteBlockStatusForDeletedBlockLogImpl] DEBUG block.DeletedBlockLogImpl (DeletedBlockLogImpl.java:commitTransactions(250)) - Purging txId=41 from block deletion log
2021-08-15 14:03:32,965 [EventQueue-DeleteBlockStatusForDeletedBlockLogImpl] DEBUG block.DeletedBlockLogImpl (DeletedBlockLogImpl.java:commitTransactions(256)) - Datanode txId=41 containerId=#41 committed by dnId=0475d2c2-d46f-403e-95a5-8ff1a5c32338
2021-08-15 14:03:32,965 [EventQueue-DeleteBlockStatusForDeletedBlockLogImpl] DEBUG block.DeletedBlockLogImpl (DeletedBlockLogImpl.java:isTransactionFailed(278)) - Got block deletion ACK from datanode, TXIDs=42, success=true
2021-08-15 14:03:32,965 [EventQueue-DeleteBlockStatusForDeletedBlockLogImpl] DEBUG block.DeletedBlockLogImpl (DeletedBlockLogImpl.java:commitTransactions(250)) - Purging txId=42 from block deletion log
2021-08-15 14:03:32,965 [EventQueue-DeleteBlockStatusForDeletedBlockLogImpl] DEBUG block.DeletedBlockLogImpl (DeletedBlockLogImpl.java:commitTransactions(256)) - Datanode txId=42 containerId=#42 committed by dnId=0475d2c2-d46f-403e-95a5-8ff1a5c32338
2021-08-15 14:03:32,965 [EventQueue-DeleteBlockStatusForDeletedBlockLogImpl] DEBUG block.DeletedBlockLogImpl (DeletedBlockLogImpl.java:isTransactionFailed(278)) - Got block deletion ACK from datanode, TXIDs=43, success=true
2021-08-15 14:03:32,965 [EventQueue-DeleteBlockStatusForDeletedBlockLogImpl] DEBUG block.DeletedBlockLogImpl (DeletedBlockLogImpl.java:commitTransactions(250)) - Purging txId=43 from block deletion log
2021-08-15 14:03:32,965 [EventQueue-DeleteBlockStatusForDeletedBlockLogImpl] DEBUG block.DeletedBlockLogImpl (DeletedBlockLogImpl.java:commitTransactions(256)) - Datanode txId=43 containerId=#43 committed by dnId=0475d2c2-d46f-403e-95a5-8ff1a5c32338
2021-08-15 14:03:32,965 [EventQueue-DeleteBlockStatusForDeletedBlockLogImpl] DEBUG block.DeletedBlockLogImpl (DeletedBlockLogImpl.java:isTransactionFailed(278)) - Got block deletion ACK from datanode, TXIDs=44, success=true
2021-08-15 14:03:32,965 [EventQueue-DeleteBlockStatusForDeletedBlockLogImpl] DEBUG block.DeletedBlockLogImpl (DeletedBlockLogImpl.java:commitTransactions(250)) - Purging txId=44 from block deletion log
2021-08-15 14:03:32,965 [EventQueue-DeleteBlockStatusForDeletedBlockLogImpl] DEBUG block.DeletedBlockLogImpl (DeletedBlockLogImpl.java:commitTransactions(256)) - Datanode txId=44 containerId=#44 committed by dnId=0475d2c2-d46f-403e-95a5-8ff1a5c32338
2021-08-15 14:03:32,965 [EventQueue-DeleteBlockStatusForDeletedBlockLogImpl] DEBUG block.DeletedBlockLogImpl (DeletedBlockLogImpl.java:isTransactionFailed(278)) - Got block deletion ACK from datanode, TXIDs=45, success=true
2021-08-15 14:03:32,965 [EventQueue-DeleteBlockStatusForDeletedBlockLogImpl] DEBUG block.DeletedBlockLogImpl (DeletedBlockLogImpl.java:commitTransactions(250)) - Purging txId=45 from block deletion log
2021-08-15 14:03:32,965 [EventQueue-DeleteBlockStatusForDeletedBlockLogImpl] DEBUG block.DeletedBlockLogImpl (DeletedBlockLogImpl.java:commitTransactions(256)) - Datanode txId=45 containerId=#45 committed by dnId=0475d2c2-d46f-403e-95a5-8ff1a5c32338
2021-08-15 14:03:32,965 [EventQueue-DeleteBlockStatusForDeletedBlockLogImpl] DEBUG block.DeletedBlockLogImpl (DeletedBlockLogImpl.java:isTransactionFailed(278)) - Got block deletion ACK from datanode, TXIDs=46, success=true
2021-08-15 14:03:32,965 [EventQueue-DeleteBlockStatusForDeletedBlockLogImpl] DEBUG block.DeletedBlockLogImpl (DeletedBlockLogImpl.java:commitTransactions(250)) - Purging txId=46 from block deletion log
2021-08-15 14:03:32,965 [EventQueue-DeleteBlockStatusForDeletedBlockLogImpl] DEBUG block.DeletedBlockLogImpl (DeletedBlockLogImpl.java:commitTransactions(256)) - Datanode txId=46 containerId=#46 committed by dnId=0475d2c2-d46f-403e-95a5-8ff1a5c32338
2021-08-15 14:03:32,965 [EventQueue-DeleteBlockStatusForDeletedBlockLogImpl] DEBUG block.DeletedBlockLogImpl (DeletedBlockLogImpl.java:isTransactionFailed(278)) - Got block deletion ACK from datanode, TXIDs=47, success=true
2021-08-15 14:03:32,965 [EventQueue-DeleteBlockStatusForDeletedBlockLogImpl] DEBUG block.DeletedBlockLogImpl (DeletedBlockLogImpl.java:commitTransactions(250)) - Purging txId=47 from block deletion log
2021-08-15 14:03:32,965 [EventQueue-DeleteBlockStatusForDeletedBlockLogImpl] DEBUG block.DeletedBlockLogImpl (DeletedBlockLogImpl.java:commitTransactions(256)) - Datanode txId=47 containerId=#47 committed by dnId=0475d2c2-d46f-403e-95a5-8ff1a5c32338
2021-08-15 14:03:32,965 [EventQueue-DeleteBlockStatusForDeletedBlockLogImpl] DEBUG block.DeletedBlockLogImpl (DeletedBlockLogImpl.java:isTransactionFailed(278)) - Got block deletion ACK from datanode, TXIDs=48, success=true
2021-08-15 14:03:32,965 [EventQueue-DeleteBlockStatusForDeletedBlockLogImpl] DEBUG block.DeletedBlockLogImpl (DeletedBlockLogImpl.java:commitTransactions(250)) - Purging txId=48 from block deletion log
2021-08-15 14:03:32,965 [EventQueue-DeleteBlockStatusForDeletedBlockLogImpl] DEBUG block.DeletedBlockLogImpl (DeletedBlockLogImpl.java:commitTransactions(256)) - Datanode txId=48 containerId=#48 committed by dnId=0475d2c2-d46f-403e-95a5-8ff1a5c32338
2021-08-15 14:03:32,965 [EventQueue-DeleteBlockStatusForDeletedBlockLogImpl] DEBUG block.DeletedBlockLogImpl (DeletedBlockLogImpl.java:isTransactionFailed(278)) - Got block deletion ACK from datanode, TXIDs=49, success=true
2021-08-15 14:03:32,965 [EventQueue-DeleteBlockStatusForDeletedBlockLogImpl] DEBUG block.DeletedBlockLogImpl (DeletedBlockLogImpl.java:commitTransactions(250)) - Purging txId=49 from block deletion log
2021-08-15 14:03:32,965 [EventQueue-DeleteBlockStatusForDeletedBlockLogImpl] DEBUG block.DeletedBlockLogImpl (DeletedBlockLogImpl.java:commitTransactions(256)) - Datanode txId=49 containerId=#49 committed by dnId=0475d2c2-d46f-403e-95a5-8ff1a5c32338
2021-08-15 14:03:32,965 [EventQueue-DeleteBlockStatusForDeletedBlockLogImpl] DEBUG block.DeletedBlockLogImpl (DeletedBlockLogImpl.java:isTransactionFailed(278)) - Got block deletion ACK from datanode, TXIDs=50, success=true
2021-08-15 14:03:32,965 [EventQueue-DeleteBlockStatusForDeletedBlockLogImpl] DEBUG block.DeletedBlockLogImpl (DeletedBlockLogImpl.java:commitTransactions(250)) - Purging txId=50 from block deletion log
2021-08-15 14:03:32,965 [EventQueue-DeleteBlockStatusForDeletedBlockLogImpl] DEBUG block.DeletedBlockLogImpl (DeletedBlockLogImpl.java:commitTransactions(256)) - Datanode txId=50 containerId=#50 committed by dnId=0475d2c2-d46f-403e-95a5-8ff1a5c32338
2021-08-15 14:03:32,965 [EventQueue-DeleteBlockStatusForDeletedBlockLogImpl] DEBUG block.DeletedBlockLogImpl (DeletedBlockLogImpl.java:isTransactionFailed(278)) - Got block deletion ACK from datanode, TXIDs=51, success=true
2021-08-15 14:03:32,965 [EventQueue-DeleteBlockStatusForDeletedBlockLogImpl] DEBUG block.DeletedBlockLogImpl (DeletedBlockLogImpl.java:commitTransactions(250)) - Purging txId=51 from block deletion log
2021-08-15 14:03:32,966 [EventQueue-DeleteBlockStatusForDeletedBlockLogImpl] DEBUG block.DeletedBlockLogImpl (DeletedBlockLogImpl.java:commitTransactions(256)) - Datanode txId=51 containerId=#51 committed by dnId=0475d2c2-d46f-403e-95a5-8ff1a5c32338
2021-08-15 14:03:32,966 [EventQueue-DeleteBlockStatusForDeletedBlockLogImpl] DEBUG block.DeletedBlockLogImpl (DeletedBlockLogImpl.java:isTransactionFailed(278)) - Got block deletion ACK from datanode, TXIDs=52, success=true
2021-08-15 14:03:32,966 [EventQueue-DeleteBlockStatusForDeletedBlockLogImpl] DEBUG block.DeletedBlockLogImpl (DeletedBlockLogImpl.java:commitTransactions(250)) - Purging txId=52 from block deletion log
2021-08-15 14:03:32,966 [EventQueue-DeleteBlockStatusForDeletedBlockLogImpl] DEBUG block.DeletedBlockLogImpl (DeletedBlockLogImpl.java:commitTransactions(256)) - Datanode txId=52 containerId=#52 committed by dnId=0475d2c2-d46f-403e-95a5-8ff1a5c32338
2021-08-15 14:03:32,966 [EventQueue-DeleteBlockStatusForDeletedBlockLogImpl] DEBUG block.DeletedBlockLogImpl (DeletedBlockLogImpl.java:isTransactionFailed(278)) - Got block deletion ACK from datanode, TXIDs=53, success=true
2021-08-15 14:03:32,966 [EventQueue-DeleteBlockStatusForDeletedBlockLogImpl] DEBUG block.DeletedBlockLogImpl (DeletedBlockLogImpl.java:commitTransactions(250)) - Purging txId=53 from block deletion log
2021-08-15 14:03:32,966 [EventQueue-DeleteBlockStatusForDeletedBlockLogImpl] DEBUG block.DeletedBlockLogImpl (DeletedBlockLogImpl.java:commitTransactions(256)) - Datanode txId=53 containerId=#53 committed by dnId=0475d2c2-d46f-403e-95a5-8ff1a5c32338
2021-08-15 14:03:32,966 [EventQueue-DeleteBlockStatusForDeletedBlockLogImpl] DEBUG block.DeletedBlockLogImpl (DeletedBlockLogImpl.java:isTransactionFailed(278)) - Got block deletion ACK from datanode, TXIDs=54, success=true
2021-08-15 14:03:32,966 [EventQueue-DeleteBlockStatusForDeletedBlockLogImpl] DEBUG block.DeletedBlockLogImpl (DeletedBlockLogImpl.java:commitTransactions(250)) - Purging txId=54 from block deletion log
2021-08-15 14:03:32,966 [EventQueue-DeleteBlockStatusForDeletedBlockLogImpl] DEBUG block.DeletedBlockLogImpl (DeletedBlockLogImpl.java:commitTransactions(256)) - Datanode txId=54 containerId=#54 committed by dnId=0475d2c2-d46f-403e-95a5-8ff1a5c32338
2021-08-15 14:03:32,966 [EventQueue-DeleteBlockStatusForDeletedBlockLogImpl] DEBUG block.DeletedBlockLogImpl (DeletedBlockLogImpl.java:isTransactionFailed(278)) - Got block deletion ACK from datanode, TXIDs=55, success=true
2021-08-15 14:03:32,966 [EventQueue-DeleteBlockStatusForDeletedBlockLogImpl] DEBUG block.DeletedBlockLogImpl (DeletedBlockLogImpl.java:commitTransactions(250)) - Purging txId=55 from block deletion log
2021-08-15 14:03:32,966 [EventQueue-DeleteBlockStatusForDeletedBlockLogImpl] DEBUG block.DeletedBlockLogImpl (DeletedBlockLogImpl.java:commitTransactions(256)) - Datanode txId=55 containerId=#55 committed by dnId=0475d2c2-d46f-403e-95a5-8ff1a5c32338
2021-08-15 14:03:32,966 [EventQueue-DeleteBlockStatusForDeletedBlockLogImpl] DEBUG block.DeletedBlockLogImpl (DeletedBlockLogImpl.java:isTransactionFailed(278)) - Got block deletion ACK from datanode, TXIDs=56, success=true
2021-08-15 14:03:32,966 [EventQueue-DeleteBlockStatusForDeletedBlockLogImpl] DEBUG block.DeletedBlockLogImpl (DeletedBlockLogImpl.java:commitTransactions(250)) - Purging txId=56 from block deletion log
2021-08-15 14:03:32,966 [EventQueue-DeleteBlockStatusForDeletedBlockLogImpl] DEBUG block.DeletedBlockLogImpl (DeletedBlockLogImpl.java:commitTransactions(256)) - Datanode txId=56 containerId=#56 committed by dnId=0475d2c2-d46f-403e-95a5-8ff1a5c32338
2021-08-15 14:03:32,966 [EventQueue-DeleteBlockStatusForDeletedBlockLogImpl] DEBUG block.DeletedBlockLogImpl (DeletedBlockLogImpl.java:isTransactionFailed(278)) - Got block deletion ACK from datanode, TXIDs=1, success=true
2021-08-15 14:03:32,966 [EventQueue-DeleteBlockStatusForDeletedBlockLogImpl] DEBUG block.DeletedBlockLogImpl (DeletedBlockLogImpl.java:commitTransactions(224)) - Transaction txId=1 commit by dnId=0475d2c2-d46f-403e-95a5-8ff1a5c32338 for containerID=#1 failed. Corresponding entry not found.
2021-08-15 14:03:32,966 [EventQueue-DeleteBlockStatusForDeletedBlockLogImpl] DEBUG block.DeletedBlockLogImpl (DeletedBlockLogImpl.java:isTransactionFailed(278)) - Got block deletion ACK from datanode, TXIDs=2, success=true
2021-08-15 14:03:32,966 [EventQueue-DeleteBlockStatusForDeletedBlockLogImpl] DEBUG block.DeletedBlockLogImpl (DeletedBlockLogImpl.java:commitTransactions(224)) - Transaction txId=2 commit by dnId=0475d2c2-d46f-403e-95a5-8ff1a5c32338 for containerID=#2 failed. Corresponding entry not found.
2021-08-15 14:03:32,966 [EventQueue-DeleteBlockStatusForDeletedBlockLogImpl] DEBUG block.DeletedBlockLogImpl (DeletedBlockLogImpl.java:isTransactionFailed(278)) - Got block deletion ACK from datanode, TXIDs=3, success=true
2021-08-15 14:03:32,966 [EventQueue-DeleteBlockStatusForDeletedBlockLogImpl] DEBUG block.DeletedBlockLogImpl (DeletedBlockLogImpl.java:commitTransactions(224)) - Transaction txId=3 commit by dnId=0475d2c2-d46f-403e-95a5-8ff1a5c32338 for containerID=#3 failed. Corresponding entry not found.
2021-08-15 14:03:32,966 [EventQueue-DeleteBlockStatusForDeletedBlockLogImpl] DEBUG block.DeletedBlockLogImpl (DeletedBlockLogImpl.java:isTransactionFailed(278)) - Got block deletion ACK from datanode, TXIDs=4, success=true
2021-08-15 14:03:32,966 [EventQueue-DeleteBlockStatusForDeletedBlockLogImpl] DEBUG block.DeletedBlockLogImpl (DeletedBlockLogImpl.java:commitTransactions(224)) - Transaction txId=4 commit by dnId=0475d2c2-d46f-403e-95a5-8ff1a5c32338 for containerID=#4 failed. Corresponding entry not found.
2021-08-15 14:03:32,966 [EventQueue-DeleteBlockStatusForDeletedBlockLogImpl] DEBUG block.DeletedBlockLogImpl (DeletedBlockLogImpl.java:isTransactionFailed(278)) - Got block deletion ACK from datanode, TXIDs=5, success=true
2021-08-15 14:03:32,966 [EventQueue-DeleteBlockStatusForDeletedBlockLogImpl] DEBUG block.DeletedBlockLogImpl (DeletedBlockLogImpl.java:commitTransactions(224)) - Transaction txId=5 commit by dnId=0475d2c2-d46f-403e-95a5-8ff1a5c32338 for containerID=#5 failed. Corresponding entry not found.
2021-08-15 14:03:32,966 [EventQueue-DeleteBlockStatusForDeletedBlockLogImpl] DEBUG block.DeletedBlockLogImpl (DeletedBlockLogImpl.java:isTransactionFailed(278)) - Got block deletion ACK from datanode, TXIDs=6, success=true
2021-08-15 14:03:32,966 [EventQueue-DeleteBlockStatusForDeletedBlockLogImpl] DEBUG block.DeletedBlockLogImpl (DeletedBlockLogImpl.java:commitTransactions(224)) - Transaction txId=6 commit by dnId=0475d2c2-d46f-403e-95a5-8ff1a5c32338 for containerID=#6 failed. Corresponding entry not found.
2021-08-15 14:03:32,966 [EventQueue-DeleteBlockStatusForDeletedBlockLogImpl] DEBUG block.DeletedBlockLogImpl (DeletedBlockLogImpl.java:isTransactionFailed(278)) - Got block deletion ACK from datanode, TXIDs=7, success=true
2021-08-15 14:03:32,966 [EventQueue-DeleteBlockStatusForDeletedBlockLogImpl] DEBUG block.DeletedBlockLogImpl (DeletedBlockLogImpl.java:commitTransactions(224)) - Transaction txId=7 commit by dnId=0475d2c2-d46f-403e-95a5-8ff1a5c32338 for containerID=#7 failed. Corresponding entry not found.
2021-08-15 14:03:32,966 [EventQueue-DeleteBlockStatusForDeletedBlockLogImpl] DEBUG block.DeletedBlockLogImpl (DeletedBlockLogImpl.java:isTransactionFailed(278)) - Got block deletion ACK from datanode, TXIDs=8, success=true
2021-08-15 14:03:32,966 [EventQueue-DeleteBlockStatusForDeletedBlockLogImpl] DEBUG block.DeletedBlockLogImpl (DeletedBlockLogImpl.java:commitTransactions(224)) - Transaction txId=8 commit by dnId=0475d2c2-d46f-403e-95a5-8ff1a5c32338 for containerID=#8 failed. Corresponding entry not found.
2021-08-15 14:03:32,966 [EventQueue-DeleteBlockStatusForDeletedBlockLogImpl] DEBUG block.DeletedBlockLogImpl (DeletedBlockLogImpl.java:isTransactionFailed(278)) - Got block deletion ACK from datanode, TXIDs=9, success=true
2021-08-15 14:03:32,966 [EventQueue-DeleteBlockStatusForDeletedBlockLogImpl] DEBUG block.DeletedBlockLogImpl (DeletedBlockLogImpl.java:commitTransactions(224)) - Transaction txId=9 commit by dnId=0475d2c2-d46f-403e-95a5-8ff1a5c32338 for containerID=#9 failed. Corresponding entry not found.
2021-08-15 14:03:32,966 [EventQueue-DeleteBlockStatusForDeletedBlockLogImpl] DEBUG block.DeletedBlockLogImpl (DeletedBlockLogImpl.java:isTransactionFailed(278)) - Got block deletion ACK from datanode, TXIDs=10, success=true
2021-08-15 14:03:32,966 [EventQueue-DeleteBlockStatusForDeletedBlockLogImpl] DEBUG block.DeletedBlockLogImpl (DeletedBlockLogImpl.java:commitTransactions(224)) - Transaction txId=10 commit by dnId=0475d2c2-d46f-403e-95a5-8ff1a5c32338 for containerID=#10 failed. Corresponding entry not found.
2021-08-15 14:03:32,966 [EventQueue-DeleteBlockStatusForDeletedBlockLogImpl] DEBUG block.DeletedBlockLogImpl (DeletedBlockLogImpl.java:isTransactionFailed(278)) - Got block deletion ACK from datanode, TXIDs=11, success=true
2021-08-15 14:03:32,966 [EventQueue-DeleteBlockStatusForDeletedBlockLogImpl] DEBUG block.DeletedBlockLogImpl (DeletedBlockLogImpl.java:commitTransactions(224)) - Transaction txId=11 commit by dnId=0475d2c2-d46f-403e-95a5-8ff1a5c32338 for containerID=#11 failed. Corresponding entry not found.
2021-08-15 14:03:32,966 [EventQueue-DeleteBlockStatusForDeletedBlockLogImpl] DEBUG block.DeletedBlockLogImpl (DeletedBlockLogImpl.java:isTransactionFailed(278)) - Got block deletion ACK from datanode, TXIDs=12, success=true
2021-08-15 14:03:32,966 [EventQueue-DeleteBlockStatusForDeletedBlockLogImpl] DEBUG block.DeletedBlockLogImpl (DeletedBlockLogImpl.java:commitTransactions(224)) - Transaction txId=12 commit by dnId=0475d2c2-d46f-403e-95a5-8ff1a5c32338 for containerID=#12 failed. Corresponding entry not found.
2021-08-15 14:03:32,967 [EventQueue-DeleteBlockStatusForDeletedBlockLogImpl] DEBUG block.DeletedBlockLogImpl (DeletedBlockLogImpl.java:isTransactionFailed(278)) - Got block deletion ACK from datanode, TXIDs=13, success=true
2021-08-15 14:03:32,967 [EventQueue-DeleteBlockStatusForDeletedBlockLogImpl] DEBUG block.DeletedBlockLogImpl (DeletedBlockLogImpl.java:commitTransactions(224)) - Transaction txId=13 commit by dnId=0475d2c2-d46f-403e-95a5-8ff1a5c32338 for containerID=#13 failed. Corresponding entry not found.
2021-08-15 14:03:32,967 [EventQueue-DeleteBlockStatusForDeletedBlockLogImpl] DEBUG block.DeletedBlockLogImpl (DeletedBlockLogImpl.java:isTransactionFailed(278)) - Got block deletion ACK from datanode, TXIDs=14, success=true
2021-08-15 14:03:32,967 [EventQueue-DeleteBlockStatusForDeletedBlockLogImpl] DEBUG block.DeletedBlockLogImpl (DeletedBlockLogImpl.java:commitTransactions(224)) - Transaction txId=14 commit by dnId=0475d2c2-d46f-403e-95a5-8ff1a5c32338 for containerID=#14 failed. Corresponding entry not found.
2021-08-15 14:03:32,967 [EventQueue-DeleteBlockStatusForDeletedBlockLogImpl] DEBUG block.DeletedBlockLogImpl (DeletedBlockLogImpl.java:isTransactionFailed(278)) - Got block deletion ACK from datanode, TXIDs=15, success=true
2021-08-15 14:03:32,967 [EventQueue-DeleteBlockStatusForDeletedBlockLogImpl] DEBUG block.DeletedBlockLogImpl (DeletedBlockLogImpl.java:commitTransactions(224)) - Transaction txId=15 commit by dnId=0475d2c2-d46f-403e-95a5-8ff1a5c32338 for containerID=#15 failed. Corresponding entry not found.
2021-08-15 14:03:32,967 [EventQueue-DeleteBlockStatusForDeletedBlockLogImpl] DEBUG block.DeletedBlockLogImpl (DeletedBlockLogImpl.java:isTransactionFailed(278)) - Got block deletion ACK from datanode, TXIDs=16, success=true
2021-08-15 14:03:32,967 [EventQueue-DeleteBlockStatusForDeletedBlockLogImpl] DEBUG block.DeletedBlockLogImpl (DeletedBlockLogImpl.java:commitTransactions(224)) - Transaction txId=16 commit by dnId=0475d2c2-d46f-403e-95a5-8ff1a5c32338 for containerID=#16 failed. Corresponding entry not found.
2021-08-15 14:03:32,967 [EventQueue-DeleteBlockStatusForDeletedBlockLogImpl] DEBUG block.DeletedBlockLogImpl (DeletedBlockLogImpl.java:isTransactionFailed(278)) - Got block deletion ACK from datanode, TXIDs=17, success=true
2021-08-15 14:03:32,967 [EventQueue-DeleteBlockStatusForDeletedBlockLogImpl] DEBUG block.DeletedBlockLogImpl (DeletedBlockLogImpl.java:commitTransactions(224)) - Transaction txId=17 commit by dnId=0475d2c2-d46f-403e-95a5-8ff1a5c32338 for containerID=#17 failed. Corresponding entry not found.
2021-08-15 14:03:32,967 [EventQueue-DeleteBlockStatusForDeletedBlockLogImpl] DEBUG block.DeletedBlockLogImpl (DeletedBlockLogImpl.java:isTransactionFailed(278)) - Got block deletion ACK from datanode, TXIDs=18, success=true
2021-08-15 14:03:32,967 [EventQueue-DeleteBlockStatusForDeletedBlockLogImpl] DEBUG block.DeletedBlockLogImpl (DeletedBlockLogImpl.java:commitTransactions(224)) - Transaction txId=18 commit by dnId=0475d2c2-d46f-403e-95a5-8ff1a5c32338 for containerID=#18 failed. Corresponding entry not found.
2021-08-15 14:03:32,967 [EventQueue-DeleteBlockStatusForDeletedBlockLogImpl] DEBUG block.DeletedBlockLogImpl (DeletedBlockLogImpl.java:isTransactionFailed(278)) - Got block deletion ACK from datanode, TXIDs=19, success=true
2021-08-15 14:03:32,967 [EventQueue-DeleteBlockStatusForDeletedBlockLogImpl] DEBUG block.DeletedBlockLogImpl (DeletedBlockLogImpl.java:commitTransactions(224)) - Transaction txId=19 commit by dnId=0475d2c2-d46f-403e-95a5-8ff1a5c32338 for containerID=#19 failed. Corresponding entry not found.
2021-08-15 14:03:32,967 [EventQueue-DeleteBlockStatusForDeletedBlockLogImpl] DEBUG block.DeletedBlockLogImpl (DeletedBlockLogImpl.java:isTransactionFailed(278)) - Got block deletion ACK from datanode, TXIDs=20, success=true
2021-08-15 14:03:32,967 [EventQueue-DeleteBlockStatusForDeletedBlockLogImpl] DEBUG block.DeletedBlockLogImpl (DeletedBlockLogImpl.java:commitTransactions(224)) - Transaction txId=20 commit by dnId=0475d2c2-d46f-403e-95a5-8ff1a5c32338 for containerID=#20 failed. Corresponding entry not found.
2021-08-15 14:03:32,967 [EventQueue-DeleteBlockStatusForDeletedBlockLogImpl] DEBUG block.DeletedBlockLogImpl (DeletedBlockLogImpl.java:isTransactionFailed(278)) - Got block deletion ACK from datanode, TXIDs=21, success=true
2021-08-15 14:03:32,967 [EventQueue-DeleteBlockStatusForDeletedBlockLogImpl] DEBUG block.DeletedBlockLogImpl (DeletedBlockLogImpl.java:commitTransactions(224)) - Transaction txId=21 commit by dnId=0475d2c2-d46f-403e-95a5-8ff1a5c32338 for containerID=#21 failed. Corresponding entry not found.
2021-08-15 14:03:32,967 [EventQueue-DeleteBlockStatusForDeletedBlockLogImpl] DEBUG block.DeletedBlockLogImpl (DeletedBlockLogImpl.java:isTransactionFailed(278)) - Got block deletion ACK from datanode, TXIDs=22, success=true
2021-08-15 14:03:32,967 [EventQueue-DeleteBlockStatusForDeletedBlockLogImpl] DEBUG block.DeletedBlockLogImpl (DeletedBlockLogImpl.java:commitTransactions(224)) - Transaction txId=22 commit by dnId=0475d2c2-d46f-403e-95a5-8ff1a5c32338 for containerID=#22 failed. Corresponding entry not found.
2021-08-15 14:03:32,967 [EventQueue-DeleteBlockStatusForDeletedBlockLogImpl] DEBUG block.DeletedBlockLogImpl (DeletedBlockLogImpl.java:isTransactionFailed(278)) - Got block deletion ACK from datanode, TXIDs=23, success=true
2021-08-15 14:03:32,967 [EventQueue-DeleteBlockStatusForDeletedBlockLogImpl] DEBUG block.DeletedBlockLogImpl (DeletedBlockLogImpl.java:commitTransactions(224)) - Transaction txId=23 commit by dnId=0475d2c2-d46f-403e-95a5-8ff1a5c32338 for containerID=#23 failed. Corresponding entry not found.
2021-08-15 14:03:32,967 [EventQueue-DeleteBlockStatusForDeletedBlockLogImpl] DEBUG block.DeletedBlockLogImpl (DeletedBlockLogImpl.java:isTransactionFailed(278)) - Got block deletion ACK from datanode, TXIDs=24, success=true
2021-08-15 14:03:32,967 [EventQueue-DeleteBlockStatusForDeletedBlockLogImpl] DEBUG block.DeletedBlockLogImpl (DeletedBlockLogImpl.java:commitTransactions(224)) - Transaction txId=24 commit by dnId=0475d2c2-d46f-403e-95a5-8ff1a5c32338 for containerID=#24 failed. Corresponding entry not found.
2021-08-15 14:03:32,967 [EventQueue-DeleteBlockStatusForDeletedBlockLogImpl] DEBUG block.DeletedBlockLogImpl (DeletedBlockLogImpl.java:isTransactionFailed(278)) - Got block deletion ACK from datanode, TXIDs=25, success=true
2021-08-15 14:03:32,967 [EventQueue-DeleteBlockStatusForDeletedBlockLogImpl] DEBUG block.DeletedBlockLogImpl (DeletedBlockLogImpl.java:commitTransactions(224)) - Transaction txId=25 commit by dnId=0475d2c2-d46f-403e-95a5-8ff1a5c32338 for containerID=#25 failed. Corresponding entry not found.
2021-08-15 14:03:32,967 [EventQueue-DeleteBlockStatusForDeletedBlockLogImpl] DEBUG block.DeletedBlockLogImpl (DeletedBlockLogImpl.java:isTransactionFailed(278)) - Got block deletion ACK from datanode, TXIDs=26, success=true
2021-08-15 14:03:32,967 [EventQueue-DeleteBlockStatusForDeletedBlockLogImpl] DEBUG block.DeletedBlockLogImpl (DeletedBlockLogImpl.java:commitTransactions(224)) - Transaction txId=26 commit by dnId=0475d2c2-d46f-403e-95a5-8ff1a5c32338 for containerID=#26 failed. Corresponding entry not found.
2021-08-15 14:03:32,967 [EventQueue-DeleteBlockStatusForDeletedBlockLogImpl] DEBUG block.DeletedBlockLogImpl (DeletedBlockLogImpl.java:isTransactionFailed(278)) - Got block deletion ACK from datanode, TXIDs=27, success=true
2021-08-15 14:03:32,967 [EventQueue-DeleteBlockStatusForDeletedBlockLogImpl] DEBUG block.DeletedBlockLogImpl (DeletedBlockLogImpl.java:commitTransactions(224)) - Transaction txId=27 commit by dnId=0475d2c2-d46f-403e-95a5-8ff1a5c32338 for containerID=#27 failed. Corresponding entry not found.
2021-08-15 14:03:32,967 [EventQueue-DeleteBlockStatusForDeletedBlockLogImpl] DEBUG block.DeletedBlockLogImpl (DeletedBlockLogImpl.java:isTransactionFailed(278)) - Got block deletion ACK from datanode, TXIDs=28, success=true
2021-08-15 14:03:32,967 [EventQueue-DeleteBlockStatusForDeletedBlockLogImpl] DEBUG block.DeletedBlockLogImpl (DeletedBlockLogImpl.java:commitTransactions(224)) - Transaction txId=28 commit by dnId=0475d2c2-d46f-403e-95a5-8ff1a5c32338 for containerID=#28 failed. Corresponding entry not found.
2021-08-15 14:03:32,967 [EventQueue-DeleteBlockStatusForDeletedBlockLogImpl] DEBUG block.DeletedBlockLogImpl (DeletedBlockLogImpl.java:isTransactionFailed(278)) - Got block deletion ACK from datanode, TXIDs=29, success=true
2021-08-15 14:03:32,967 [EventQueue-DeleteBlockStatusForDeletedBlockLogImpl] DEBUG block.DeletedBlockLogImpl (DeletedBlockLogImpl.java:commitTransactions(224)) - Transaction txId=29 commit by dnId=0475d2c2-d46f-403e-95a5-8ff1a5c32338 for containerID=#29 failed. Corresponding entry not found.
2021-08-15 14:03:32,967 [EventQueue-DeleteBlockStatusForDeletedBlockLogImpl] DEBUG block.DeletedBlockLogImpl (DeletedBlockLogImpl.java:isTransactionFailed(278)) - Got block deletion ACK from datanode, TXIDs=30, success=true
2021-08-15 14:03:32,967 [EventQueue-DeleteBlockStatusForDeletedBlockLogImpl] DEBUG block.DeletedBlockLogImpl (DeletedBlockLogImpl.java:commitTransactions(224)) - Transaction txId=30 commit by dnId=0475d2c2-d46f-403e-95a5-8ff1a5c32338 for containerID=#30 failed. Corresponding entry not found.
2021-08-15 14:03:32,967 [EventQueue-DeleteBlockStatusForDeletedBlockLogImpl] DEBUG block.DeletedBlockLogImpl (DeletedBlockLogImpl.java:isTransactionFailed(278)) - Got block deletion ACK from datanode, TXIDs=31, success=true
2021-08-15 14:03:32,967 [EventQueue-DeleteBlockStatusForDeletedBlockLogImpl] DEBUG block.DeletedBlockLogImpl (DeletedBlockLogImpl.java:commitTransactions(224)) - Transaction txId=31 commit by dnId=0475d2c2-d46f-403e-95a5-8ff1a5c32338 for containerID=#31 failed. Corresponding entry not found.
2021-08-15 14:03:32,967 [EventQueue-DeleteBlockStatusForDeletedBlockLogImpl] DEBUG block.DeletedBlockLogImpl (DeletedBlockLogImpl.java:isTransactionFailed(278)) - Got block deletion ACK from datanode, TXIDs=32, success=true
2021-08-15 14:03:32,967 [EventQueue-DeleteBlockStatusForDeletedBlockLogImpl] DEBUG block.DeletedBlockLogImpl (DeletedBlockLogImpl.java:commitTransactions(224)) - Transaction txId=32 commit by dnId=0475d2c2-d46f-403e-95a5-8ff1a5c32338 for containerID=#32 failed. Corresponding entry not found.
2021-08-15 14:03:32,967 [EventQueue-DeleteBlockStatusForDeletedBlockLogImpl] DEBUG block.DeletedBlockLogImpl (DeletedBlockLogImpl.java:isTransactionFailed(278)) - Got block deletion ACK from datanode, TXIDs=33, success=true
2021-08-15 14:03:32,967 [EventQueue-DeleteBlockStatusForDeletedBlockLogImpl] DEBUG block.DeletedBlockLogImpl (DeletedBlockLogImpl.java:commitTransactions(224)) - Transaction txId=33 commit by dnId=0475d2c2-d46f-403e-95a5-8ff1a5c32338 for containerID=#33 failed. Corresponding entry not found.
2021-08-15 14:03:32,967 [EventQueue-DeleteBlockStatusForDeletedBlockLogImpl] DEBUG block.DeletedBlockLogImpl (DeletedBlockLogImpl.java:isTransactionFailed(278)) - Got block deletion ACK from datanode, TXIDs=34, success=true
2021-08-15 14:03:32,967 [EventQueue-DeleteBlockStatusForDeletedBlockLogImpl] DEBUG block.DeletedBlockLogImpl (DeletedBlockLogImpl.java:commitTransactions(224)) - Transaction txId=34 commit by dnId=0475d2c2-d46f-403e-95a5-8ff1a5c32338 for containerID=#34 failed. Corresponding entry not found.
2021-08-15 14:03:32,967 [EventQueue-DeleteBlockStatusForDeletedBlockLogImpl] DEBUG block.DeletedBlockLogImpl (DeletedBlockLogImpl.java:isTransactionFailed(278)) - Got block deletion ACK from datanode, TXIDs=35, success=true
2021-08-15 14:03:32,967 [EventQueue-DeleteBlockStatusForDeletedBlockLogImpl] DEBUG block.DeletedBlockLogImpl (DeletedBlockLogImpl.java:commitTransactions(224)) - Transaction txId=35 commit by dnId=0475d2c2-d46f-403e-95a5-8ff1a5c32338 for containerID=#35 failed. Corresponding entry not found.
2021-08-15 14:03:32,967 [EventQueue-DeleteBlockStatusForDeletedBlockLogImpl] DEBUG block.DeletedBlockLogImpl (DeletedBlockLogImpl.java:isTransactionFailed(278)) - Got block deletion ACK from datanode, TXIDs=36, success=true
2021-08-15 14:03:32,967 [EventQueue-DeleteBlockStatusForDeletedBlockLogImpl] DEBUG block.DeletedBlockLogImpl (DeletedBlockLogImpl.java:commitTransactions(224)) - Transaction txId=36 commit by dnId=0475d2c2-d46f-403e-95a5-8ff1a5c32338 for containerID=#36 failed. Corresponding entry not found.
2021-08-15 14:03:32,967 [EventQueue-DeleteBlockStatusForDeletedBlockLogImpl] DEBUG block.DeletedBlockLogImpl (DeletedBlockLogImpl.java:isTransactionFailed(278)) - Got block deletion ACK from datanode, TXIDs=37, success=true
2021-08-15 14:03:32,967 [EventQueue-DeleteBlockStatusForDeletedBlockLogImpl] DEBUG block.DeletedBlockLogImpl (DeletedBlockLogImpl.java:commitTransactions(224)) - Transaction txId=37 commit by dnId=0475d2c2-d46f-403e-95a5-8ff1a5c32338 for containerID=#37 failed. Corresponding entry not found.
2021-08-15 14:03:32,967 [EventQueue-DeleteBlockStatusForDeletedBlockLogImpl] DEBUG block.DeletedBlockLogImpl (DeletedBlockLogImpl.java:isTransactionFailed(278)) - Got block deletion ACK from datanode, TXIDs=38, success=true
2021-08-15 14:03:32,970 [EventQueue-DeleteBlockStatusForDeletedBlockLogImpl] DEBUG block.DeletedBlockLogImpl (DeletedBlockLogImpl.java:commitTransactions(224)) - Transaction txId=38 commit by dnId=0475d2c2-d46f-403e-95a5-8ff1a5c32338 for containerID=#38 failed. Corresponding entry not found.
2021-08-15 14:03:32,970 [EventQueue-DeleteBlockStatusForDeletedBlockLogImpl] DEBUG block.DeletedBlockLogImpl (DeletedBlockLogImpl.java:isTransactionFailed(278)) - Got block deletion ACK from datanode, TXIDs=39, success=true
2021-08-15 14:03:32,970 [EventQueue-DeleteBlockStatusForDeletedBlockLogImpl] DEBUG block.DeletedBlockLogImpl (DeletedBlockLogImpl.java:commitTransactions(224)) - Transaction txId=39 commit by dnId=0475d2c2-d46f-403e-95a5-8ff1a5c32338 for containerID=#39 failed. Corresponding entry not found.
2021-08-15 14:03:32,970 [EventQueue-DeleteBlockStatusForDeletedBlockLogImpl] DEBUG block.DeletedBlockLogImpl (DeletedBlockLogImpl.java:isTransactionFailed(278)) - Got block deletion ACK from datanode, TXIDs=40, success=true
2021-08-15 14:03:32,970 [EventQueue-DeleteBlockStatusForDeletedBlockLogImpl] DEBUG block.DeletedBlockLogImpl (DeletedBlockLogImpl.java:commitTransactions(224)) - Transaction txId=40 commit by dnId=0475d2c2-d46f-403e-95a5-8ff1a5c32338 for containerID=#40 failed. Corresponding entry not found.
2021-08-15 14:03:32,970 [EventQueue-DeleteBlockStatusForDeletedBlockLogImpl] DEBUG block.DeletedBlockLogImpl (DeletedBlockLogImpl.java:isTransactionFailed(278)) - Got block deletion ACK from datanode, TXIDs=41, success=true
2021-08-15 14:03:32,970 [EventQueue-DeleteBlockStatusForDeletedBlockLogImpl] DEBUG block.DeletedBlockLogImpl (DeletedBlockLogImpl.java:commitTransactions(224)) - Transaction txId=41 commit by dnId=0475d2c2-d46f-403e-95a5-8ff1a5c32338 for containerID=#41 failed. Corresponding entry not found.
2021-08-15 14:03:32,970 [EventQueue-DeleteBlockStatusForDeletedBlockLogImpl] DEBUG block.DeletedBlockLogImpl (DeletedBlockLogImpl.java:isTransactionFailed(278)) - Got block deletion ACK from datanode, TXIDs=42, success=true
2021-08-15 14:03:32,970 [EventQueue-DeleteBlockStatusForDeletedBlockLogImpl] DEBUG block.DeletedBlockLogImpl (DeletedBlockLogImpl.java:commitTransactions(224)) - Transaction txId=42 commit by dnId=0475d2c2-d46f-403e-95a5-8ff1a5c32338 for containerID=#42 failed. Corresponding entry not found.
2021-08-15 14:03:32,970 [EventQueue-DeleteBlockStatusForDeletedBlockLogImpl] DEBUG block.DeletedBlockLogImpl (DeletedBlockLogImpl.java:isTransactionFailed(278)) - Got block deletion ACK from datanode, TXIDs=43, success=true
2021-08-15 14:03:32,970 [EventQueue-DeleteBlockStatusForDeletedBlockLogImpl] DEBUG block.DeletedBlockLogImpl (DeletedBlockLogImpl.java:commitTransactions(224)) - Transaction txId=43 commit by dnId=0475d2c2-d46f-403e-95a5-8ff1a5c32338 for containerID=#43 failed. Corresponding entry not found.
2021-08-15 14:03:32,970 [EventQueue-DeleteBlockStatusForDeletedBlockLogImpl] DEBUG block.DeletedBlockLogImpl (DeletedBlockLogImpl.java:isTransactionFailed(278)) - Got block deletion ACK from datanode, TXIDs=44, success=true
2021-08-15 14:03:32,970 [EventQueue-DeleteBlockStatusForDeletedBlockLogImpl] DEBUG block.DeletedBlockLogImpl (DeletedBlockLogImpl.java:commitTransactions(224)) - Transaction txId=44 commit by dnId=0475d2c2-d46f-403e-95a5-8ff1a5c32338 for containerID=#44 failed. Corresponding entry not found.
2021-08-15 14:03:32,970 [EventQueue-DeleteBlockStatusForDeletedBlockLogImpl] DEBUG block.DeletedBlockLogImpl (DeletedBlockLogImpl.java:isTransactionFailed(278)) - Got block deletion ACK from datanode, TXIDs=45, success=true
2021-08-15 14:03:32,970 [EventQueue-DeleteBlockStatusForDeletedBlockLogImpl] DEBUG block.DeletedBlockLogImpl (DeletedBlockLogImpl.java:commitTransactions(224)) - Transaction txId=45 commit by dnId=0475d2c2-d46f-403e-95a5-8ff1a5c32338 for containerID=#45 failed. Corresponding entry not found.
2021-08-15 14:03:32,970 [EventQueue-DeleteBlockStatusForDeletedBlockLogImpl] DEBUG block.DeletedBlockLogImpl (DeletedBlockLogImpl.java:isTransactionFailed(278)) - Got block deletion ACK from datanode, TXIDs=46, success=true
2021-08-15 14:03:32,970 [EventQueue-DeleteBlockStatusForDeletedBlockLogImpl] DEBUG block.DeletedBlockLogImpl (DeletedBlockLogImpl.java:commitTransactions(224)) - Transaction txId=46 commit by dnId=0475d2c2-d46f-403e-95a5-8ff1a5c32338 for containerID=#46 failed. Corresponding entry not found.
2021-08-15 14:03:32,970 [EventQueue-DeleteBlockStatusForDeletedBlockLogImpl] DEBUG block.DeletedBlockLogImpl (DeletedBlockLogImpl.java:isTransactionFailed(278)) - Got block deletion ACK from datanode, TXIDs=47, success=true
2021-08-15 14:03:32,970 [EventQueue-DeleteBlockStatusForDeletedBlockLogImpl] DEBUG block.DeletedBlockLogImpl (DeletedBlockLogImpl.java:commitTransactions(224)) - Transaction txId=47 commit by dnId=0475d2c2-d46f-403e-95a5-8ff1a5c32338 for containerID=#47 failed. Corresponding entry not found.
2021-08-15 14:03:32,970 [EventQueue-DeleteBlockStatusForDeletedBlockLogImpl] DEBUG block.DeletedBlockLogImpl (DeletedBlockLogImpl.java:isTransactionFailed(278)) - Got block deletion ACK from datanode, TXIDs=48, success=true
2021-08-15 14:03:32,970 [EventQueue-DeleteBlockStatusForDeletedBlockLogImpl] DEBUG block.DeletedBlockLogImpl (DeletedBlockLogImpl.java:commitTransactions(224)) - Transaction txId=48 commit by dnId=0475d2c2-d46f-403e-95a5-8ff1a5c32338 for containerID=#48 failed. Corresponding entry not found.
2021-08-15 14:03:32,970 [EventQueue-DeleteBlockStatusForDeletedBlockLogImpl] DEBUG block.DeletedBlockLogImpl (DeletedBlockLogImpl.java:isTransactionFailed(278)) - Got block deletion ACK from datanode, TXIDs=49, success=true
2021-08-15 14:03:32,970 [EventQueue-DeleteBlockStatusForDeletedBlockLogImpl] DEBUG block.DeletedBlockLogImpl (DeletedBlockLogImpl.java:commitTransactions(224)) - Transaction txId=49 commit by dnId=0475d2c2-d46f-403e-95a5-8ff1a5c32338 for containerID=#49 failed. Corresponding entry not found.
2021-08-15 14:03:32,970 [EventQueue-DeleteBlockStatusForDeletedBlockLogImpl] DEBUG block.DeletedBlockLogImpl (DeletedBlockLogImpl.java:isTransactionFailed(278)) - Got block deletion ACK from datanode, TXIDs=50, success=true
2021-08-15 14:03:32,970 [EventQueue-DeleteBlockStatusForDeletedBlockLogImpl] DEBUG block.DeletedBlockLogImpl (DeletedBlockLogImpl.java:commitTransactions(224)) - Transaction txId=50 commit by dnId=0475d2c2-d46f-403e-95a5-8ff1a5c32338 for containerID=#50 failed. Corresponding entry not found.
2021-08-15 14:03:32,970 [EventQueue-DeleteBlockStatusForDeletedBlockLogImpl] DEBUG block.DeletedBlockLogImpl (DeletedBlockLogImpl.java:isTransactionFailed(278)) - Got block deletion ACK from datanode, TXIDs=51, success=true
2021-08-15 14:03:32,971 [EventQueue-DeleteBlockStatusForDeletedBlockLogImpl] DEBUG block.DeletedBlockLogImpl (DeletedBlockLogImpl.java:commitTransactions(224)) - Transaction txId=51 commit by dnId=0475d2c2-d46f-403e-95a5-8ff1a5c32338 for containerID=#51 failed. Corresponding entry not found.
2021-08-15 14:03:32,971 [EventQueue-DeleteBlockStatusForDeletedBlockLogImpl] DEBUG block.DeletedBlockLogImpl (DeletedBlockLogImpl.java:isTransactionFailed(278)) - Got block deletion ACK from datanode, TXIDs=52, success=true
2021-08-15 14:03:32,971 [EventQueue-DeleteBlockStatusForDeletedBlockLogImpl] DEBUG block.DeletedBlockLogImpl (DeletedBlockLogImpl.java:commitTransactions(224)) - Transaction txId=52 commit by dnId=0475d2c2-d46f-403e-95a5-8ff1a5c32338 for containerID=#52 failed. Corresponding entry not found.
2021-08-15 14:03:32,971 [EventQueue-DeleteBlockStatusForDeletedBlockLogImpl] DEBUG block.DeletedBlockLogImpl (DeletedBlockLogImpl.java:isTransactionFailed(278)) - Got block deletion ACK from datanode, TXIDs=53, success=true
2021-08-15 14:03:32,971 [EventQueue-DeleteBlockStatusForDeletedBlockLogImpl] DEBUG block.DeletedBlockLogImpl (DeletedBlockLogImpl.java:commitTransactions(224)) - Transaction txId=53 commit by dnId=0475d2c2-d46f-403e-95a5-8ff1a5c32338 for containerID=#53 failed. Corresponding entry not found.
2021-08-15 14:03:32,971 [EventQueue-DeleteBlockStatusForDeletedBlockLogImpl] DEBUG block.DeletedBlockLogImpl (DeletedBlockLogImpl.java:isTransactionFailed(278)) - Got block deletion ACK from datanode, TXIDs=54, success=true
2021-08-15 14:03:32,971 [EventQueue-DeleteBlockStatusForDeletedBlockLogImpl] DEBUG block.DeletedBlockLogImpl (DeletedBlockLogImpl.java:commitTransactions(224)) - Transaction txId=54 commit by dnId=0475d2c2-d46f-403e-95a5-8ff1a5c32338 for containerID=#54 failed. Corresponding entry not found.
2021-08-15 14:03:32,971 [EventQueue-DeleteBlockStatusForDeletedBlockLogImpl] DEBUG block.DeletedBlockLogImpl (DeletedBlockLogImpl.java:isTransactionFailed(278)) - Got block deletion ACK from datanode, TXIDs=55, success=true
2021-08-15 14:03:32,971 [EventQueue-DeleteBlockStatusForDeletedBlockLogImpl] DEBUG block.DeletedBlockLogImpl (DeletedBlockLogImpl.java:commitTransactions(224)) - Transaction txId=55 commit by dnId=0475d2c2-d46f-403e-95a5-8ff1a5c32338 for containerID=#55 failed. Corresponding entry not found.
2021-08-15 14:03:32,971 [EventQueue-DeleteBlockStatusForDeletedBlockLogImpl] DEBUG block.DeletedBlockLogImpl (DeletedBlockLogImpl.java:isTransactionFailed(278)) - Got block deletion ACK from datanode, TXIDs=56, success=true
2021-08-15 14:03:32,971 [EventQueue-DeleteBlockStatusForDeletedBlockLogImpl] DEBUG block.DeletedBlockLogImpl (DeletedBlockLogImpl.java:commitTransactions(224)) - Transaction txId=56 commit by dnId=0475d2c2-d46f-403e-95a5-8ff1a5c32338 for containerID=#56 failed. Corresponding entry not found.
2021-08-15 14:03:32,971 [EventQueue-DeleteBlockStatusForDeletedBlockLogImpl] DEBUG block.DeletedBlockLogImpl (DeletedBlockLogImpl.java:isTransactionFailed(278)) - Got block deletion ACK from datanode, TXIDs=1, success=true
2021-08-15 14:03:32,971 [EventQueue-DeleteBlockStatusForDeletedBlockLogImpl] DEBUG block.DeletedBlockLogImpl (DeletedBlockLogImpl.java:commitTransactions(224)) - Transaction txId=1 commit by dnId=0475d2c2-d46f-403e-95a5-8ff1a5c32338 for containerID=#1 failed. Corresponding entry not found.
2021-08-15 14:03:32,971 [EventQueue-DeleteBlockStatusForDeletedBlockLogImpl] DEBUG block.DeletedBlockLogImpl (DeletedBlockLogImpl.java:isTransactionFailed(278)) - Got block deletion ACK from datanode, TXIDs=2, success=true
2021-08-15 14:03:32,971 [EventQueue-DeleteBlockStatusForDeletedBlockLogImpl] DEBUG block.DeletedBlockLogImpl (DeletedBlockLogImpl.java:commitTransactions(224)) - Transaction txId=2 commit by dnId=0475d2c2-d46f-403e-95a5-8ff1a5c32338 for containerID=#2 failed. Corresponding entry not found.
2021-08-15 14:03:32,971 [EventQueue-DeleteBlockStatusForDeletedBlockLogImpl] DEBUG block.DeletedBlockLogImpl (DeletedBlockLogImpl.java:isTransactionFailed(278)) - Got block deletion ACK from datanode, TXIDs=3, success=true
2021-08-15 14:03:32,971 [EventQueue-DeleteBlockStatusForDeletedBlockLogImpl] DEBUG block.DeletedBlockLogImpl (DeletedBlockLogImpl.java:commitTransactions(224)) - Transaction txId=3 commit by dnId=0475d2c2-d46f-403e-95a5-8ff1a5c32338 for containerID=#3 failed. Corresponding entry not found.
2021-08-15 14:03:32,971 [EventQueue-DeleteBlockStatusForDeletedBlockLogImpl] DEBUG block.DeletedBlockLogImpl (DeletedBlockLogImpl.java:isTransactionFailed(278)) - Got block deletion ACK from datanode, TXIDs=4, success=true
2021-08-15 14:03:32,971 [EventQueue-DeleteBlockStatusForDeletedBlockLogImpl] DEBUG block.DeletedBlockLogImpl (DeletedBlockLogImpl.java:commitTransactions(224)) - Transaction txId=4 commit by dnId=0475d2c2-d46f-403e-95a5-8ff1a5c32338 for containerID=#4 failed. Corresponding entry not found.
2021-08-15 14:03:32,971 [EventQueue-DeleteBlockStatusForDeletedBlockLogImpl] DEBUG block.DeletedBlockLogImpl (DeletedBlockLogImpl.java:isTransactionFailed(278)) - Got block deletion ACK from datanode, TXIDs=5, success=true
2021-08-15 14:03:32,971 [EventQueue-DeleteBlockStatusForDeletedBlockLogImpl] DEBUG block.DeletedBlockLogImpl (DeletedBlockLogImpl.java:commitTransactions(224)) - Transaction txId=5 commit by dnId=0475d2c2-d46f-403e-95a5-8ff1a5c32338 for containerID=#5 failed. Corresponding entry not found.
2021-08-15 14:03:32,971 [EventQueue-DeleteBlockStatusForDeletedBlockLogImpl] DEBUG block.DeletedBlockLogImpl (DeletedBlockLogImpl.java:isTransactionFailed(278)) - Got block deletion ACK from datanode, TXIDs=6, success=true
2021-08-15 14:03:32,971 [EventQueue-DeleteBlockStatusForDeletedBlockLogImpl] DEBUG block.DeletedBlockLogImpl (DeletedBlockLogImpl.java:commitTransactions(224)) - Transaction txId=6 commit by dnId=0475d2c2-d46f-403e-95a5-8ff1a5c32338 for containerID=#6 failed. Corresponding entry not found.
2021-08-15 14:03:32,971 [EventQueue-DeleteBlockStatusForDeletedBlockLogImpl] DEBUG block.DeletedBlockLogImpl (DeletedBlockLogImpl.java:isTransactionFailed(278)) - Got block deletion ACK from datanode, TXIDs=7, success=true
2021-08-15 14:03:32,971 [EventQueue-DeleteBlockStatusForDeletedBlockLogImpl] DEBUG block.DeletedBlockLogImpl (DeletedBlockLogImpl.java:commitTransactions(224)) - Transaction txId=7 commit by dnId=0475d2c2-d46f-403e-95a5-8ff1a5c32338 for containerID=#7 failed. Corresponding entry not found.
2021-08-15 14:03:32,971 [EventQueue-DeleteBlockStatusForDeletedBlockLogImpl] DEBUG block.DeletedBlockLogImpl (DeletedBlockLogImpl.java:isTransactionFailed(278)) - Got block deletion ACK from datanode, TXIDs=8, success=true
2021-08-15 14:03:32,971 [EventQueue-DeleteBlockStatusForDeletedBlockLogImpl] DEBUG block.DeletedBlockLogImpl (DeletedBlockLogImpl.java:commitTransactions(224)) - Transaction txId=8 commit by dnId=0475d2c2-d46f-403e-95a5-8ff1a5c32338 for containerID=#8 failed. Corresponding entry not found.
2021-08-15 14:03:32,971 [EventQueue-DeleteBlockStatusForDeletedBlockLogImpl] DEBUG block.DeletedBlockLogImpl (DeletedBlockLogImpl.java:isTransactionFailed(278)) - Got block deletion ACK from datanode, TXIDs=9, success=true
2021-08-15 14:03:32,972 [EventQueue-DeleteBlockStatusForDeletedBlockLogImpl] DEBUG block.DeletedBlockLogImpl (DeletedBlockLogImpl.java:commitTransactions(224)) - Transaction txId=9 commit by dnId=0475d2c2-d46f-403e-95a5-8ff1a5c32338 for containerID=#9 failed. Corresponding entry not found.
2021-08-15 14:03:32,972 [EventQueue-DeleteBlockStatusForDeletedBlockLogImpl] DEBUG block.DeletedBlockLogImpl (DeletedBlockLogImpl.java:isTransactionFailed(278)) - Got block deletion ACK from datanode, TXIDs=10, success=true
2021-08-15 14:03:32,972 [EventQueue-DeleteBlockStatusForDeletedBlockLogImpl] DEBUG block.DeletedBlockLogImpl (DeletedBlockLogImpl.java:commitTransactions(224)) - Transaction txId=10 commit by dnId=0475d2c2-d46f-403e-95a5-8ff1a5c32338 for containerID=#10 failed. Corresponding entry not found.
2021-08-15 14:03:32,972 [EventQueue-DeleteBlockStatusForDeletedBlockLogImpl] DEBUG block.DeletedBlockLogImpl (DeletedBlockLogImpl.java:isTransactionFailed(278)) - Got block deletion ACK from datanode, TXIDs=11, success=true
2021-08-15 14:03:32,972 [EventQueue-DeleteBlockStatusForDeletedBlockLogImpl] DEBUG block.DeletedBlockLogImpl (DeletedBlockLogImpl.java:commitTransactions(224)) - Transaction txId=11 commit by dnId=0475d2c2-d46f-403e-95a5-8ff1a5c32338 for containerID=#11 failed. Corresponding entry not found.
2021-08-15 14:03:32,972 [EventQueue-DeleteBlockStatusForDeletedBlockLogImpl] DEBUG block.DeletedBlockLogImpl (DeletedBlockLogImpl.java:isTransactionFailed(278)) - Got block deletion ACK from datanode, TXIDs=12, success=true
2021-08-15 14:03:32,972 [EventQueue-DeleteBlockStatusForDeletedBlockLogImpl] DEBUG block.DeletedBlockLogImpl (DeletedBlockLogImpl.java:commitTransactions(224)) - Transaction txId=12 commit by dnId=0475d2c2-d46f-403e-95a5-8ff1a5c32338 for containerID=#12 failed. Corresponding entry not found.
2021-08-15 14:03:32,972 [EventQueue-DeleteBlockStatusForDeletedBlockLogImpl] DEBUG block.DeletedBlockLogImpl (DeletedBlockLogImpl.java:isTransactionFailed(278)) - Got block deletion ACK from datanode, TXIDs=13, success=true
2021-08-15 14:03:32,972 [EventQueue-DeleteBlockStatusForDeletedBlockLogImpl] DEBUG block.DeletedBlockLogImpl (DeletedBlockLogImpl.java:commitTransactions(224)) - Transaction txId=13 commit by dnId=0475d2c2-d46f-403e-95a5-8ff1a5c32338 for containerID=#13 failed. Corresponding entry not found.
2021-08-15 14:03:32,972 [EventQueue-DeleteBlockStatusForDeletedBlockLogImpl] DEBUG block.DeletedBlockLogImpl (DeletedBlockLogImpl.java:isTransactionFailed(278)) - Got block deletion ACK from datanode, TXIDs=14, success=true
2021-08-15 14:03:32,972 [EventQueue-DeleteBlockStatusForDeletedBlockLogImpl] DEBUG block.DeletedBlockLogImpl (DeletedBlockLogImpl.java:commitTransactions(224)) - Transaction txId=14 commit by dnId=0475d2c2-d46f-403e-95a5-8ff1a5c32338 for containerID=#14 failed. Corresponding entry not found.
2021-08-15 14:03:32,972 [EventQueue-DeleteBlockStatusForDeletedBlockLogImpl] DEBUG block.DeletedBlockLogImpl (DeletedBlockLogImpl.java:isTransactionFailed(278)) - Got block deletion ACK from datanode, TXIDs=15, success=true
2021-08-15 14:03:32,972 [EventQueue-DeleteBlockStatusForDeletedBlockLogImpl] DEBUG block.DeletedBlockLogImpl (DeletedBlockLogImpl.java:commitTransactions(224)) - Transaction txId=15 commit by dnId=0475d2c2-d46f-403e-95a5-8ff1a5c32338 for containerID=#15 failed. Corresponding entry not found.
2021-08-15 14:03:32,972 [EventQueue-DeleteBlockStatusForDeletedBlockLogImpl] DEBUG block.DeletedBlockLogImpl (DeletedBlockLogImpl.java:isTransactionFailed(278)) - Got block deletion ACK from datanode, TXIDs=16, success=true
2021-08-15 14:03:32,972 [EventQueue-DeleteBlockStatusForDeletedBlockLogImpl] DEBUG block.DeletedBlockLogImpl (DeletedBlockLogImpl.java:commitTransactions(224)) - Transaction txId=16 commit by dnId=0475d2c2-d46f-403e-95a5-8ff1a5c32338 for containerID=#16 failed. Corresponding entry not found.
2021-08-15 14:03:32,972 [EventQueue-DeleteBlockStatusForDeletedBlockLogImpl] DEBUG block.DeletedBlockLogImpl (DeletedBlockLogImpl.java:isTransactionFailed(278)) - Got block deletion ACK from datanode, TXIDs=17, success=true
2021-08-15 14:03:32,972 [EventQueue-DeleteBlockStatusForDeletedBlockLogImpl] DEBUG block.DeletedBlockLogImpl (DeletedBlockLogImpl.java:commitTransactions(224)) - Transaction txId=17 commit by dnId=0475d2c2-d46f-403e-95a5-8ff1a5c32338 for containerID=#17 failed. Corresponding entry not found.
2021-08-15 14:03:32,972 [EventQueue-DeleteBlockStatusForDeletedBlockLogImpl] DEBUG block.DeletedBlockLogImpl (DeletedBlockLogImpl.java:isTransactionFailed(278)) - Got block deletion ACK from datanode, TXIDs=18, success=true
2021-08-15 14:03:32,972 [EventQueue-DeleteBlockStatusForDeletedBlockLogImpl] DEBUG block.DeletedBlockLogImpl (DeletedBlockLogImpl.java:commitTransactions(224)) - Transaction txId=18 commit by dnId=0475d2c2-d46f-403e-95a5-8ff1a5c32338 for containerID=#18 failed. Corresponding entry not found.
2021-08-15 14:03:32,972 [EventQueue-DeleteBlockStatusForDeletedBlockLogImpl] DEBUG block.DeletedBlockLogImpl (DeletedBlockLogImpl.java:isTransactionFailed(278)) - Got block deletion ACK from datanode, TXIDs=19, success=true
2021-08-15 14:03:32,972 [EventQueue-DeleteBlockStatusForDeletedBlockLogImpl] DEBUG block.DeletedBlockLogImpl (DeletedBlockLogImpl.java:commitTransactions(224)) - Transaction txId=19 commit by dnId=0475d2c2-d46f-403e-95a5-8ff1a5c32338 for containerID=#19 failed. Corresponding entry not found.
2021-08-15 14:03:32,972 [EventQueue-DeleteBlockStatusForDeletedBlockLogImpl] DEBUG block.DeletedBlockLogImpl (DeletedBlockLogImpl.java:isTransactionFailed(278)) - Got block deletion ACK from datanode, TXIDs=20, success=true
2021-08-15 14:03:32,972 [EventQueue-DeleteBlockStatusForDeletedBlockLogImpl] DEBUG block.DeletedBlockLogImpl (DeletedBlockLogImpl.java:commitTransactions(224)) - Transaction txId=20 commit by dnId=0475d2c2-d46f-403e-95a5-8ff1a5c32338 for containerID=#20 failed. Corresponding entry not found.
2021-08-15 14:03:32,972 [EventQueue-DeleteBlockStatusForDeletedBlockLogImpl] DEBUG block.DeletedBlockLogImpl (DeletedBlockLogImpl.java:isTransactionFailed(278)) - Got block deletion ACK from datanode, TXIDs=21, success=true
2021-08-15 14:03:32,972 [EventQueue-DeleteBlockStatusForDeletedBlockLogImpl] DEBUG block.DeletedBlockLogImpl (DeletedBlockLogImpl.java:commitTransactions(224)) - Transaction txId=21 commit by dnId=0475d2c2-d46f-403e-95a5-8ff1a5c32338 for containerID=#21 failed. Corresponding entry not found.
2021-08-15 14:03:32,972 [EventQueue-DeleteBlockStatusForDeletedBlockLogImpl] DEBUG block.DeletedBlockLogImpl (DeletedBlockLogImpl.java:isTransactionFailed(278)) - Got block deletion ACK from datanode, TXIDs=22, success=true
2021-08-15 14:03:32,973 [EventQueue-DeleteBlockStatusForDeletedBlockLogImpl] DEBUG block.DeletedBlockLogImpl (DeletedBlockLogImpl.java:commitTransactions(224)) - Transaction txId=22 commit by dnId=0475d2c2-d46f-403e-95a5-8ff1a5c32338 for containerID=#22 failed. Corresponding entry not found.
2021-08-15 14:03:32,973 [EventQueue-DeleteBlockStatusForDeletedBlockLogImpl] DEBUG block.DeletedBlockLogImpl (DeletedBlockLogImpl.java:isTransactionFailed(278)) - Got block deletion ACK from datanode, TXIDs=23, success=true
2021-08-15 14:03:32,973 [EventQueue-DeleteBlockStatusForDeletedBlockLogImpl] DEBUG block.DeletedBlockLogImpl (DeletedBlockLogImpl.java:commitTransactions(224)) - Transaction txId=23 commit by dnId=0475d2c2-d46f-403e-95a5-8ff1a5c32338 for containerID=#23 failed. Corresponding entry not found.
2021-08-15 14:03:32,973 [EventQueue-DeleteBlockStatusForDeletedBlockLogImpl] DEBUG block.DeletedBlockLogImpl (DeletedBlockLogImpl.java:isTransactionFailed(278)) - Got block deletion ACK from datanode, TXIDs=24, success=true
2021-08-15 14:03:32,973 [EventQueue-DeleteBlockStatusForDeletedBlockLogImpl] DEBUG block.DeletedBlockLogImpl (DeletedBlockLogImpl.java:commitTransactions(224)) - Transaction txId=24 commit by dnId=0475d2c2-d46f-403e-95a5-8ff1a5c32338 for containerID=#24 failed. Corresponding entry not found.
2021-08-15 14:03:32,973 [EventQueue-DeleteBlockStatusForDeletedBlockLogImpl] DEBUG block.DeletedBlockLogImpl (DeletedBlockLogImpl.java:isTransactionFailed(278)) - Got block deletion ACK from datanode, TXIDs=25, success=true
2021-08-15 14:03:32,973 [EventQueue-DeleteBlockStatusForDeletedBlockLogImpl] DEBUG block.DeletedBlockLogImpl (DeletedBlockLogImpl.java:commitTransactions(224)) - Transaction txId=25 commit by dnId=0475d2c2-d46f-403e-95a5-8ff1a5c32338 for containerID=#25 failed. Corresponding entry not found.
2021-08-15 14:03:32,973 [EventQueue-DeleteBlockStatusForDeletedBlockLogImpl] DEBUG block.DeletedBlockLogImpl (DeletedBlockLogImpl.java:isTransactionFailed(278)) - Got block deletion ACK from datanode, TXIDs=26, success=true
2021-08-15 14:03:32,973 [EventQueue-DeleteBlockStatusForDeletedBlockLogImpl] DEBUG block.DeletedBlockLogImpl (DeletedBlockLogImpl.java:commitTransactions(224)) - Transaction txId=26 commit by dnId=0475d2c2-d46f-403e-95a5-8ff1a5c32338 for containerID=#26 failed. Corresponding entry not found.
2021-08-15 14:03:32,973 [EventQueue-DeleteBlockStatusForDeletedBlockLogImpl] DEBUG block.DeletedBlockLogImpl (DeletedBlockLogImpl.java:isTransactionFailed(278)) - Got block deletion ACK from datanode, TXIDs=27, success=true
2021-08-15 14:03:32,973 [EventQueue-DeleteBlockStatusForDeletedBlockLogImpl] DEBUG block.DeletedBlockLogImpl (DeletedBlockLogImpl.java:commitTransactions(224)) - Transaction txId=27 commit by dnId=0475d2c2-d46f-403e-95a5-8ff1a5c32338 for containerID=#27 failed. Corresponding entry not found.
2021-08-15 14:03:32,973 [EventQueue-DeleteBlockStatusForDeletedBlockLogImpl] DEBUG block.DeletedBlockLogImpl (DeletedBlockLogImpl.java:isTransactionFailed(278)) - Got block deletion ACK from datanode, TXIDs=28, success=true
2021-08-15 14:03:32,973 [EventQueue-DeleteBlockStatusForDeletedBlockLogImpl] DEBUG block.DeletedBlockLogImpl (DeletedBlockLogImpl.java:commitTransactions(224)) - Transaction txId=28 commit by dnId=0475d2c2-d46f-403e-95a5-8ff1a5c32338 for containerID=#28 failed. Corresponding entry not found.
2021-08-15 14:03:32,973 [EventQueue-DeleteBlockStatusForDeletedBlockLogImpl] DEBUG block.DeletedBlockLogImpl (DeletedBlockLogImpl.java:isTransactionFailed(278)) - Got block deletion ACK from datanode, TXIDs=29, success=true
2021-08-15 14:03:32,973 [EventQueue-DeleteBlockStatusForDeletedBlockLogImpl] DEBUG block.DeletedBlockLogImpl (DeletedBlockLogImpl.java:commitTransactions(224)) - Transaction txId=29 commit by dnId=0475d2c2-d46f-403e-95a5-8ff1a5c32338 for containerID=#29 failed. Corresponding entry not found.
2021-08-15 14:03:32,973 [EventQueue-DeleteBlockStatusForDeletedBlockLogImpl] DEBUG block.DeletedBlockLogImpl (DeletedBlockLogImpl.java:isTransactionFailed(278)) - Got block deletion ACK from datanode, TXIDs=30, success=true
2021-08-15 14:03:32,973 [EventQueue-DeleteBlockStatusForDeletedBlockLogImpl] DEBUG block.DeletedBlockLogImpl (DeletedBlockLogImpl.java:commitTransactions(224)) - Transaction txId=30 commit by dnId=0475d2c2-d46f-403e-95a5-8ff1a5c32338 for containerID=#30 failed. Corresponding entry not found.
2021-08-15 14:03:32,973 [EventQueue-DeleteBlockStatusForDeletedBlockLogImpl] DEBUG block.DeletedBlockLogImpl (DeletedBlockLogImpl.java:isTransactionFailed(278)) - Got block deletion ACK from datanode, TXIDs=31, success=true
2021-08-15 14:03:32,973 [EventQueue-DeleteBlockStatusForDeletedBlockLogImpl] DEBUG block.DeletedBlockLogImpl (DeletedBlockLogImpl.java:commitTransactions(224)) - Transaction txId=31 commit by dnId=0475d2c2-d46f-403e-95a5-8ff1a5c32338 for containerID=#31 failed. Corresponding entry not found.
2021-08-15 14:03:32,973 [EventQueue-DeleteBlockStatusForDeletedBlockLogImpl] DEBUG block.DeletedBlockLogImpl (DeletedBlockLogImpl.java:isTransactionFailed(278)) - Got block deletion ACK from datanode, TXIDs=32, success=true
2021-08-15 14:03:32,973 [EventQueue-DeleteBlockStatusForDeletedBlockLogImpl] DEBUG block.DeletedBlockLogImpl (DeletedBlockLogImpl.java:commitTransactions(224)) - Transaction txId=32 commit by dnId=0475d2c2-d46f-403e-95a5-8ff1a5c32338 for containerID=#32 failed. Corresponding entry not found.
2021-08-15 14:03:32,978 [EventQueue-DeleteBlockStatusForDeletedBlockLogImpl] DEBUG block.DeletedBlockLogImpl (DeletedBlockLogImpl.java:isTransactionFailed(278)) - Got block deletion ACK from datanode, TXIDs=33, success=true
2021-08-15 14:03:32,978 [EventQueue-DeleteBlockStatusForDeletedBlockLogImpl] DEBUG block.DeletedBlockLogImpl (DeletedBlockLogImpl.java:commitTransactions(224)) - Transaction txId=33 commit by dnId=0475d2c2-d46f-403e-95a5-8ff1a5c32338 for containerID=#33 failed. Corresponding entry not found.
2021-08-15 14:03:32,978 [EventQueue-DeleteBlockStatusForDeletedBlockLogImpl] DEBUG block.DeletedBlockLogImpl (DeletedBlockLogImpl.java:isTransactionFailed(278)) - Got block deletion ACK from datanode, TXIDs=34, success=true
2021-08-15 14:03:32,978 [EventQueue-DeleteBlockStatusForDeletedBlockLogImpl] DEBUG block.DeletedBlockLogImpl (DeletedBlockLogImpl.java:commitTransactions(224)) - Transaction txId=34 commit by dnId=0475d2c2-d46f-403e-95a5-8ff1a5c32338 for containerID=#34 failed. Corresponding entry not found.
2021-08-15 14:03:32,978 [EventQueue-DeleteBlockStatusForDeletedBlockLogImpl] DEBUG block.DeletedBlockLogImpl (DeletedBlockLogImpl.java:isTransactionFailed(278)) - Got block deletion ACK from datanode, TXIDs=35, success=true
2021-08-15 14:03:32,978 [EventQueue-DeleteBlockStatusForDeletedBlockLogImpl] DEBUG block.DeletedBlockLogImpl (DeletedBlockLogImpl.java:commitTransactions(224)) - Transaction txId=35 commit by dnId=0475d2c2-d46f-403e-95a5-8ff1a5c32338 for containerID=#35 failed. Corresponding entry not found.
2021-08-15 14:03:32,978 [EventQueue-DeleteBlockStatusForDeletedBlockLogImpl] DEBUG block.DeletedBlockLogImpl (DeletedBlockLogImpl.java:isTransactionFailed(278)) - Got block deletion ACK from datanode, TXIDs=36, success=true
2021-08-15 14:03:32,978 [EventQueue-DeleteBlockStatusForDeletedBlockLogImpl] DEBUG block.DeletedBlockLogImpl (DeletedBlockLogImpl.java:commitTransactions(224)) - Transaction txId=36 commit by dnId=0475d2c2-d46f-403e-95a5-8ff1a5c32338 for containerID=#36 failed. Corresponding entry not found.
2021-08-15 14:03:32,978 [EventQueue-DeleteBlockStatusForDeletedBlockLogImpl] DEBUG block.DeletedBlockLogImpl (DeletedBlockLogImpl.java:isTransactionFailed(278)) - Got block deletion ACK from datanode, TXIDs=37, success=true
2021-08-15 14:03:32,978 [EventQueue-DeleteBlockStatusForDeletedBlockLogImpl] DEBUG block.DeletedBlockLogImpl (DeletedBlockLogImpl.java:commitTransactions(224)) - Transaction txId=37 commit by dnId=0475d2c2-d46f-403e-95a5-8ff1a5c32338 for containerID=#37 failed. Corresponding entry not found.
2021-08-15 14:03:32,978 [EventQueue-DeleteBlockStatusForDeletedBlockLogImpl] DEBUG block.DeletedBlockLogImpl (DeletedBlockLogImpl.java:isTransactionFailed(278)) - Got block deletion ACK from datanode, TXIDs=38, success=true
2021-08-15 14:03:32,978 [EventQueue-DeleteBlockStatusForDeletedBlockLogImpl] DEBUG block.DeletedBlockLogImpl (DeletedBlockLogImpl.java:commitTransactions(224)) - Transaction txId=38 commit by dnId=0475d2c2-d46f-403e-95a5-8ff1a5c32338 for containerID=#38 failed. Corresponding entry not found.
2021-08-15 14:03:32,978 [EventQueue-DeleteBlockStatusForDeletedBlockLogImpl] DEBUG block.DeletedBlockLogImpl (DeletedBlockLogImpl.java:isTransactionFailed(278)) - Got block deletion ACK from datanode, TXIDs=39, success=true
2021-08-15 14:03:32,978 [EventQueue-DeleteBlockStatusForDeletedBlockLogImpl] DEBUG block.DeletedBlockLogImpl (DeletedBlockLogImpl.java:commitTransactions(224)) - Transaction txId=39 commit by dnId=0475d2c2-d46f-403e-95a5-8ff1a5c32338 for containerID=#39 failed. Corresponding entry not found.
2021-08-15 14:03:32,979 [EventQueue-DeleteBlockStatusForDeletedBlockLogImpl] DEBUG block.DeletedBlockLogImpl (DeletedBlockLogImpl.java:isTransactionFailed(278)) - Got block deletion ACK from datanode, TXIDs=40, success=true
2021-08-15 14:03:32,979 [EventQueue-DeleteBlockStatusForDeletedBlockLogImpl] DEBUG block.DeletedBlockLogImpl (DeletedBlockLogImpl.java:commitTransactions(224)) - Transaction txId=40 commit by dnId=0475d2c2-d46f-403e-95a5-8ff1a5c32338 for containerID=#40 failed. Corresponding entry not found.
2021-08-15 14:03:32,979 [EventQueue-DeleteBlockStatusForDeletedBlockLogImpl] DEBUG block.DeletedBlockLogImpl (DeletedBlockLogImpl.java:isTransactionFailed(278)) - Got block deletion ACK from datanode, TXIDs=41, success=true
2021-08-15 14:03:32,979 [EventQueue-DeleteBlockStatusForDeletedBlockLogImpl] DEBUG block.DeletedBlockLogImpl (DeletedBlockLogImpl.java:commitTransactions(224)) - Transaction txId=41 commit by dnId=0475d2c2-d46f-403e-95a5-8ff1a5c32338 for containerID=#41 failed. Corresponding entry not found.
2021-08-15 14:03:32,979 [EventQueue-DeleteBlockStatusForDeletedBlockLogImpl] DEBUG block.DeletedBlockLogImpl (DeletedBlockLogImpl.java:isTransactionFailed(278)) - Got block deletion ACK from datanode, TXIDs=42, success=true
2021-08-15 14:03:32,979 [EventQueue-DeleteBlockStatusForDeletedBlockLogImpl] DEBUG block.DeletedBlockLogImpl (DeletedBlockLogImpl.java:commitTransactions(224)) - Transaction txId=42 commit by dnId=0475d2c2-d46f-403e-95a5-8ff1a5c32338 for containerID=#42 failed. Corresponding entry not found.
2021-08-15 14:03:32,979 [EventQueue-DeleteBlockStatusForDeletedBlockLogImpl] DEBUG block.DeletedBlockLogImpl (DeletedBlockLogImpl.java:isTransactionFailed(278)) - Got block deletion ACK from datanode, TXIDs=43, success=true
2021-08-15 14:03:32,979 [EventQueue-DeleteBlockStatusForDeletedBlockLogImpl] DEBUG block.DeletedBlockLogImpl (DeletedBlockLogImpl.java:commitTransactions(224)) - Transaction txId=43 commit by dnId=0475d2c2-d46f-403e-95a5-8ff1a5c32338 for containerID=#43 failed. Corresponding entry not found.
2021-08-15 14:03:32,979 [EventQueue-DeleteBlockStatusForDeletedBlockLogImpl] DEBUG block.DeletedBlockLogImpl (DeletedBlockLogImpl.java:isTransactionFailed(278)) - Got block deletion ACK from datanode, TXIDs=44, success=true
2021-08-15 14:03:32,979 [EventQueue-DeleteBlockStatusForDeletedBlockLogImpl] DEBUG block.DeletedBlockLogImpl (DeletedBlockLogImpl.java:commitTransactions(224)) - Transaction txId=44 commit by dnId=0475d2c2-d46f-403e-95a5-8ff1a5c32338 for containerID=#44 failed. Corresponding entry not found.
2021-08-15 14:03:32,979 [EventQueue-DeleteBlockStatusForDeletedBlockLogImpl] DEBUG block.DeletedBlockLogImpl (DeletedBlockLogImpl.java:isTransactionFailed(278)) - Got block deletion ACK from datanode, TXIDs=45, success=true
2021-08-15 14:03:32,979 [EventQueue-DeleteBlockStatusForDeletedBlockLogImpl] DEBUG block.DeletedBlockLogImpl (DeletedBlockLogImpl.java:commitTransactions(224)) - Transaction txId=45 commit by dnId=0475d2c2-d46f-403e-95a5-8ff1a5c32338 for containerID=#45 failed. Corresponding entry not found.
2021-08-15 14:03:32,979 [EventQueue-DeleteBlockStatusForDeletedBlockLogImpl] DEBUG block.DeletedBlockLogImpl (DeletedBlockLogImpl.java:isTransactionFailed(278)) - Got block deletion ACK from datanode, TXIDs=46, success=true
2021-08-15 14:03:32,979 [EventQueue-DeleteBlockStatusForDeletedBlockLogImpl] DEBUG block.DeletedBlockLogImpl (DeletedBlockLogImpl.java:commitTransactions(224)) - Transaction txId=46 commit by dnId=0475d2c2-d46f-403e-95a5-8ff1a5c32338 for containerID=#46 failed. Corresponding entry not found.
2021-08-15 14:03:32,979 [EventQueue-DeleteBlockStatusForDeletedBlockLogImpl] DEBUG block.DeletedBlockLogImpl (DeletedBlockLogImpl.java:isTransactionFailed(278)) - Got block deletion ACK from datanode, TXIDs=47, success=true
2021-08-15 14:03:32,979 [EventQueue-DeleteBlockStatusForDeletedBlockLogImpl] DEBUG block.DeletedBlockLogImpl (DeletedBlockLogImpl.java:commitTransactions(224)) - Transaction txId=47 commit by dnId=0475d2c2-d46f-403e-95a5-8ff1a5c32338 for containerID=#47 failed. Corresponding entry not found.
2021-08-15 14:03:32,979 [EventQueue-DeleteBlockStatusForDeletedBlockLogImpl] DEBUG block.DeletedBlockLogImpl (DeletedBlockLogImpl.java:isTransactionFailed(278)) - Got block deletion ACK from datanode, TXIDs=48, success=true
2021-08-15 14:03:32,979 [EventQueue-DeleteBlockStatusForDeletedBlockLogImpl] DEBUG block.DeletedBlockLogImpl (DeletedBlockLogImpl.java:commitTransactions(224)) - Transaction txId=48 commit by dnId=0475d2c2-d46f-403e-95a5-8ff1a5c32338 for containerID=#48 failed. Corresponding entry not found.
2021-08-15 14:03:32,979 [EventQueue-DeleteBlockStatusForDeletedBlockLogImpl] DEBUG block.DeletedBlockLogImpl (DeletedBlockLogImpl.java:isTransactionFailed(278)) - Got block deletion ACK from datanode, TXIDs=49, success=true
2021-08-15 14:03:32,979 [EventQueue-DeleteBlockStatusForDeletedBlockLogImpl] DEBUG block.DeletedBlockLogImpl (DeletedBlockLogImpl.java:commitTransactions(224)) - Transaction txId=49 commit by dnId=0475d2c2-d46f-403e-95a5-8ff1a5c32338 for containerID=#49 failed. Corresponding entry not found.
2021-08-15 14:03:32,979 [EventQueue-DeleteBlockStatusForDeletedBlockLogImpl] DEBUG block.DeletedBlockLogImpl (DeletedBlockLogImpl.java:isTransactionFailed(278)) - Got block deletion ACK from datanode, TXIDs=50, success=true
2021-08-15 14:03:32,979 [EventQueue-DeleteBlockStatusForDeletedBlockLogImpl] DEBUG block.DeletedBlockLogImpl (DeletedBlockLogImpl.java:commitTransactions(224)) - Transaction txId=50 commit by dnId=0475d2c2-d46f-403e-95a5-8ff1a5c32338 for containerID=#50 failed. Corresponding entry not found.
2021-08-15 14:03:32,979 [EventQueue-DeleteBlockStatusForDeletedBlockLogImpl] DEBUG block.DeletedBlockLogImpl (DeletedBlockLogImpl.java:isTransactionFailed(278)) - Got block deletion ACK from datanode, TXIDs=51, success=true
2021-08-15 14:03:32,979 [EventQueue-DeleteBlockStatusForDeletedBlockLogImpl] DEBUG block.DeletedBlockLogImpl (DeletedBlockLogImpl.java:commitTransactions(224)) - Transaction txId=51 commit by dnId=0475d2c2-d46f-403e-95a5-8ff1a5c32338 for containerID=#51 failed. Corresponding entry not found.
2021-08-15 14:03:32,979 [EventQueue-DeleteBlockStatusForDeletedBlockLogImpl] DEBUG block.DeletedBlockLogImpl (DeletedBlockLogImpl.java:isTransactionFailed(278)) - Got block deletion ACK from datanode, TXIDs=52, success=true
2021-08-15 14:03:32,979 [EventQueue-DeleteBlockStatusForDeletedBlockLogImpl] DEBUG block.DeletedBlockLogImpl (DeletedBlockLogImpl.java:commitTransactions(224)) - Transaction txId=52 commit by dnId=0475d2c2-d46f-403e-95a5-8ff1a5c32338 for containerID=#52 failed. Corresponding entry not found.
2021-08-15 14:03:32,979 [EventQueue-DeleteBlockStatusForDeletedBlockLogImpl] DEBUG block.DeletedBlockLogImpl (DeletedBlockLogImpl.java:isTransactionFailed(278)) - Got block deletion ACK from datanode, TXIDs=53, success=true
2021-08-15 14:03:32,976 [SCMBlockDeletingService#0] DEBUG block.SCMBlockDeletingService (SCMBlockDeletingService.java:call(133)) - Running DeletedBlockTransactionScanner
2021-08-15 14:03:32,981 [EventQueue-DeleteBlockStatusForDeletedBlockLogImpl] DEBUG block.DeletedBlockLogImpl (DeletedBlockLogImpl.java:commitTransactions(224)) - Transaction txId=53 commit by dnId=0475d2c2-d46f-403e-95a5-8ff1a5c32338 for containerID=#53 failed. Corresponding entry not found.
2021-08-15 14:03:33,004 [EventQueue-DeleteBlockStatusForDeletedBlockLogImpl] DEBUG block.DeletedBlockLogImpl (DeletedBlockLogImpl.java:isTransactionFailed(278)) - Got block deletion ACK from datanode, TXIDs=54, success=true
2021-08-15 14:03:33,004 [EventQueue-DeleteBlockStatusForDeletedBlockLogImpl] DEBUG block.DeletedBlockLogImpl (DeletedBlockLogImpl.java:commitTransactions(224)) - Transaction txId=54 commit by dnId=0475d2c2-d46f-403e-95a5-8ff1a5c32338 for containerID=#54 failed. Corresponding entry not found.
2021-08-15 14:03:33,004 [EventQueue-DeleteBlockStatusForDeletedBlockLogImpl] DEBUG block.DeletedBlockLogImpl (DeletedBlockLogImpl.java:isTransactionFailed(278)) - Got block deletion ACK from datanode, TXIDs=55, success=true
2021-08-15 14:03:33,004 [EventQueue-DeleteBlockStatusForDeletedBlockLogImpl] DEBUG block.DeletedBlockLogImpl (DeletedBlockLogImpl.java:commitTransactions(224)) - Transaction txId=55 commit by dnId=0475d2c2-d46f-403e-95a5-8ff1a5c32338 for containerID=#55 failed. Corresponding entry not found.
2021-08-15 14:03:33,004 [EventQueue-DeleteBlockStatusForDeletedBlockLogImpl] DEBUG block.DeletedBlockLogImpl (DeletedBlockLogImpl.java:isTransactionFailed(278)) - Got block deletion ACK from datanode, TXIDs=56, success=true
2021-08-15 14:03:33,004 [EventQueue-DeleteBlockStatusForDeletedBlockLogImpl] DEBUG block.DeletedBlockLogImpl (DeletedBlockLogImpl.java:commitTransactions(224)) - Transaction txId=56 commit by dnId=0475d2c2-d46f-403e-95a5-8ff1a5c32338 for containerID=#56 failed. Corresponding entry not found.
2021-08-15 14:03:33,004 [EventQueue-DeleteBlockStatusForDeletedBlockLogImpl] DEBUG block.DeletedBlockLogImpl (DeletedBlockLogImpl.java:isTransactionFailed(278)) - Got block deletion ACK from datanode, TXIDs=1, success=true
2021-08-15 14:03:33,004 [EventQueue-DeleteBlockStatusForDeletedBlockLogImpl] DEBUG block.DeletedBlockLogImpl (DeletedBlockLogImpl.java:commitTransactions(224)) - Transaction txId=1 commit by dnId=0475d2c2-d46f-403e-95a5-8ff1a5c32338 for containerID=#1 failed. Corresponding entry not found.
2021-08-15 14:03:33,004 [EventQueue-DeleteBlockStatusForDeletedBlockLogImpl] DEBUG block.DeletedBlockLogImpl (DeletedBlockLogImpl.java:isTransactionFailed(278)) - Got block deletion ACK from datanode, TXIDs=2, success=true
2021-08-15 14:03:33,004 [EventQueue-DeleteBlockStatusForDeletedBlockLogImpl] DEBUG block.DeletedBlockLogImpl (DeletedBlockLogImpl.java:commitTransactions(224)) - Transaction txId=2 commit by dnId=0475d2c2-d46f-403e-95a5-8ff1a5c32338 for containerID=#2 failed. Corresponding entry not found.
2021-08-15 14:03:33,004 [EventQueue-DeleteBlockStatusForDeletedBlockLogImpl] DEBUG block.DeletedBlockLogImpl (DeletedBlockLogImpl.java:isTransactionFailed(278)) - Got block deletion ACK from datanode, TXIDs=3, success=true
2021-08-15 14:03:33,004 [EventQueue-DeleteBlockStatusForDeletedBlockLogImpl] DEBUG block.DeletedBlockLogImpl (DeletedBlockLogImpl.java:commitTransactions(224)) - Transaction txId=3 commit by dnId=0475d2c2-d46f-403e-95a5-8ff1a5c32338 for containerID=#3 failed. Corresponding entry not found.
2021-08-15 14:03:33,004 [EventQueue-DeleteBlockStatusForDeletedBlockLogImpl] DEBUG block.DeletedBlockLogImpl (DeletedBlockLogImpl.java:isTransactionFailed(278)) - Got block deletion ACK from datanode, TXIDs=4, success=true
2021-08-15 14:03:33,004 [EventQueue-DeleteBlockStatusForDeletedBlockLogImpl] DEBUG block.DeletedBlockLogImpl (DeletedBlockLogImpl.java:commitTransactions(224)) - Transaction txId=4 commit by dnId=0475d2c2-d46f-403e-95a5-8ff1a5c32338 for containerID=#4 failed. Corresponding entry not found.
2021-08-15 14:03:33,005 [EventQueue-DeleteBlockStatusForDeletedBlockLogImpl] DEBUG block.DeletedBlockLogImpl (DeletedBlockLogImpl.java:isTransactionFailed(278)) - Got block deletion ACK from datanode, TXIDs=5, success=true
2021-08-15 14:03:33,005 [EventQueue-DeleteBlockStatusForDeletedBlockLogImpl] DEBUG block.DeletedBlockLogImpl (DeletedBlockLogImpl.java:commitTransactions(224)) - Transaction txId=5 commit by dnId=0475d2c2-d46f-403e-95a5-8ff1a5c32338 for containerID=#5 failed. Corresponding entry not found.
2021-08-15 14:03:33,005 [EventQueue-DeleteBlockStatusForDeletedBlockLogImpl] DEBUG block.DeletedBlockLogImpl (DeletedBlockLogImpl.java:isTransactionFailed(278)) - Got block deletion ACK from datanode, TXIDs=6, success=true
2021-08-15 14:03:33,005 [EventQueue-DeleteBlockStatusForDeletedBlockLogImpl] DEBUG block.DeletedBlockLogImpl (DeletedBlockLogImpl.java:commitTransactions(224)) - Transaction txId=6 commit by dnId=0475d2c2-d46f-403e-95a5-8ff1a5c32338 for containerID=#6 failed. Corresponding entry not found.
2021-08-15 14:03:33,005 [EventQueue-DeleteBlockStatusForDeletedBlockLogImpl] DEBUG block.DeletedBlockLogImpl (DeletedBlockLogImpl.java:isTransactionFailed(278)) - Got block deletion ACK from datanode, TXIDs=7, success=true
2021-08-15 14:03:33,005 [EventQueue-DeleteBlockStatusForDeletedBlockLogImpl] DEBUG block.DeletedBlockLogImpl (DeletedBlockLogImpl.java:commitTransactions(224)) - Transaction txId=7 commit by dnId=0475d2c2-d46f-403e-95a5-8ff1a5c32338 for containerID=#7 failed. Corresponding entry not found.
2021-08-15 14:03:33,005 [EventQueue-DeleteBlockStatusForDeletedBlockLogImpl] DEBUG block.DeletedBlockLogImpl (DeletedBlockLogImpl.java:isTransactionFailed(278)) - Got block deletion ACK from datanode, TXIDs=8, success=true
2021-08-15 14:03:33,005 [EventQueue-DeleteBlockStatusForDeletedBlockLogImpl] DEBUG block.DeletedBlockLogImpl (DeletedBlockLogImpl.java:commitTransactions(224)) - Transaction txId=8 commit by dnId=0475d2c2-d46f-403e-95a5-8ff1a5c32338 for containerID=#8 failed. Corresponding entry not found.
2021-08-15 14:03:33,005 [EventQueue-DeleteBlockStatusForDeletedBlockLogImpl] DEBUG block.DeletedBlockLogImpl (DeletedBlockLogImpl.java:isTransactionFailed(278)) - Got block deletion ACK from datanode, TXIDs=9, success=true
2021-08-15 14:03:33,005 [EventQueue-DeleteBlockStatusForDeletedBlockLogImpl] DEBUG block.DeletedBlockLogImpl (DeletedBlockLogImpl.java:commitTransactions(224)) - Transaction txId=9 commit by dnId=0475d2c2-d46f-403e-95a5-8ff1a5c32338 for containerID=#9 failed. Corresponding entry not found.
2021-08-15 14:03:33,005 [EventQueue-DeleteBlockStatusForDeletedBlockLogImpl] DEBUG block.DeletedBlockLogImpl (DeletedBlockLogImpl.java:isTransactionFailed(278)) - Got block deletion ACK from datanode, TXIDs=10, success=true
2021-08-15 14:03:33,005 [EventQueue-DeleteBlockStatusForDeletedBlockLogImpl] DEBUG block.DeletedBlockLogImpl (DeletedBlockLogImpl.java:commitTransactions(224)) - Transaction txId=10 commit by dnId=0475d2c2-d46f-403e-95a5-8ff1a5c32338 for containerID=#10 failed. Corresponding entry not found.
2021-08-15 14:03:33,005 [EventQueue-DeleteBlockStatusForDeletedBlockLogImpl] DEBUG block.DeletedBlockLogImpl (DeletedBlockLogImpl.java:isTransactionFailed(278)) - Got block deletion ACK from datanode, TXIDs=11, success=true
2021-08-15 14:03:33,005 [EventQueue-DeleteBlockStatusForDeletedBlockLogImpl] DEBUG block.DeletedBlockLogImpl (DeletedBlockLogImpl.java:commitTransactions(224)) - Transaction txId=11 commit by dnId=0475d2c2-d46f-403e-95a5-8ff1a5c32338 for containerID=#11 failed. Corresponding entry not found.
2021-08-15 14:03:33,005 [EventQueue-DeleteBlockStatusForDeletedBlockLogImpl] DEBUG block.DeletedBlockLogImpl (DeletedBlockLogImpl.java:isTransactionFailed(278)) - Got block deletion ACK from datanode, TXIDs=12, success=true
2021-08-15 14:03:33,005 [EventQueue-DeleteBlockStatusForDeletedBlockLogImpl] DEBUG block.DeletedBlockLogImpl (DeletedBlockLogImpl.java:commitTransactions(224)) - Transaction txId=12 commit by dnId=0475d2c2-d46f-403e-95a5-8ff1a5c32338 for containerID=#12 failed. Corresponding entry not found.
2021-08-15 14:03:33,005 [EventQueue-DeleteBlockStatusForDeletedBlockLogImpl] DEBUG block.DeletedBlockLogImpl (DeletedBlockLogImpl.java:isTransactionFailed(278)) - Got block deletion ACK from datanode, TXIDs=13, success=true
2021-08-15 14:03:33,005 [EventQueue-DeleteBlockStatusForDeletedBlockLogImpl] DEBUG block.DeletedBlockLogImpl (DeletedBlockLogImpl.java:commitTransactions(224)) - Transaction txId=13 commit by dnId=0475d2c2-d46f-403e-95a5-8ff1a5c32338 for containerID=#13 failed. Corresponding entry not found.
2021-08-15 14:03:33,005 [EventQueue-DeleteBlockStatusForDeletedBlockLogImpl] DEBUG block.DeletedBlockLogImpl (DeletedBlockLogImpl.java:isTransactionFailed(278)) - Got block deletion ACK from datanode, TXIDs=14, success=true
2021-08-15 14:03:33,005 [EventQueue-DeleteBlockStatusForDeletedBlockLogImpl] DEBUG block.DeletedBlockLogImpl (DeletedBlockLogImpl.java:commitTransactions(224)) - Transaction txId=14 commit by dnId=0475d2c2-d46f-403e-95a5-8ff1a5c32338 for containerID=#14 failed. Corresponding entry not found.
2021-08-15 14:03:33,005 [EventQueue-DeleteBlockStatusForDeletedBlockLogImpl] DEBUG block.DeletedBlockLogImpl (DeletedBlockLogImpl.java:isTransactionFailed(278)) - Got block deletion ACK from datanode, TXIDs=15, success=true
2021-08-15 14:03:33,005 [EventQueue-DeleteBlockStatusForDeletedBlockLogImpl] DEBUG block.DeletedBlockLogImpl (DeletedBlockLogImpl.java:commitTransactions(224)) - Transaction txId=15 commit by dnId=0475d2c2-d46f-403e-95a5-8ff1a5c32338 for containerID=#15 failed. Corresponding entry not found.
2021-08-15 14:03:33,005 [EventQueue-DeleteBlockStatusForDeletedBlockLogImpl] DEBUG block.DeletedBlockLogImpl (DeletedBlockLogImpl.java:isTransactionFailed(278)) - Got block deletion ACK from datanode, TXIDs=16, success=true
2021-08-15 14:03:33,005 [EventQueue-DeleteBlockStatusForDeletedBlockLogImpl] DEBUG block.DeletedBlockLogImpl (DeletedBlockLogImpl.java:commitTransactions(224)) - Transaction txId=16 commit by dnId=0475d2c2-d46f-403e-95a5-8ff1a5c32338 for containerID=#16 failed. Corresponding entry not found.
2021-08-15 14:03:33,005 [EventQueue-DeleteBlockStatusForDeletedBlockLogImpl] DEBUG block.DeletedBlockLogImpl (DeletedBlockLogImpl.java:isTransactionFailed(278)) - Got block deletion ACK from datanode, TXIDs=17, success=true
2021-08-15 14:03:33,005 [EventQueue-DeleteBlockStatusForDeletedBlockLogImpl] DEBUG block.DeletedBlockLogImpl (DeletedBlockLogImpl.java:commitTransactions(224)) - Transaction txId=17 commit by dnId=0475d2c2-d46f-403e-95a5-8ff1a5c32338 for containerID=#17 failed. Corresponding entry not found.
2021-08-15 14:03:33,005 [EventQueue-DeleteBlockStatusForDeletedBlockLogImpl] DEBUG block.DeletedBlockLogImpl (DeletedBlockLogImpl.java:isTransactionFailed(278)) - Got block deletion ACK from datanode, TXIDs=18, success=true
2021-08-15 14:03:33,005 [EventQueue-DeleteBlockStatusForDeletedBlockLogImpl] DEBUG block.DeletedBlockLogImpl (DeletedBlockLogImpl.java:commitTransactions(224)) - Transaction txId=18 commit by dnId=0475d2c2-d46f-403e-95a5-8ff1a5c32338 for containerID=#18 failed. Corresponding entry not found.
2021-08-15 14:03:33,006 [EventQueue-DeleteBlockStatusForDeletedBlockLogImpl] DEBUG block.DeletedBlockLogImpl (DeletedBlockLogImpl.java:isTransactionFailed(278)) - Got block deletion ACK from datanode, TXIDs=19, success=true
2021-08-15 14:03:33,006 [EventQueue-DeleteBlockStatusForDeletedBlockLogImpl] DEBUG block.DeletedBlockLogImpl (DeletedBlockLogImpl.java:commitTransactions(224)) - Transaction txId=19 commit by dnId=0475d2c2-d46f-403e-95a5-8ff1a5c32338 for containerID=#19 failed. Corresponding entry not found.
2021-08-15 14:03:33,006 [EventQueue-DeleteBlockStatusForDeletedBlockLogImpl] DEBUG block.DeletedBlockLogImpl (DeletedBlockLogImpl.java:isTransactionFailed(278)) - Got block deletion ACK from datanode, TXIDs=20, success=true
2021-08-15 14:03:33,006 [EventQueue-DeleteBlockStatusForDeletedBlockLogImpl] DEBUG block.DeletedBlockLogImpl (DeletedBlockLogImpl.java:commitTransactions(224)) - Transaction txId=20 commit by dnId=0475d2c2-d46f-403e-95a5-8ff1a5c32338 for containerID=#20 failed. Corresponding entry not found.
2021-08-15 14:03:33,006 [EventQueue-DeleteBlockStatusForDeletedBlockLogImpl] DEBUG block.DeletedBlockLogImpl (DeletedBlockLogImpl.java:isTransactionFailed(278)) - Got block deletion ACK from datanode, TXIDs=21, success=true
2021-08-15 14:03:33,006 [EventQueue-DeleteBlockStatusForDeletedBlockLogImpl] DEBUG block.DeletedBlockLogImpl (DeletedBlockLogImpl.java:commitTransactions(224)) - Transaction txId=21 commit by dnId=0475d2c2-d46f-403e-95a5-8ff1a5c32338 for containerID=#21 failed. Corresponding entry not found.
2021-08-15 14:03:33,006 [EventQueue-DeleteBlockStatusForDeletedBlockLogImpl] DEBUG block.DeletedBlockLogImpl (DeletedBlockLogImpl.java:isTransactionFailed(278)) - Got block deletion ACK from datanode, TXIDs=22, success=true
2021-08-15 14:03:33,006 [EventQueue-DeleteBlockStatusForDeletedBlockLogImpl] DEBUG block.DeletedBlockLogImpl (DeletedBlockLogImpl.java:commitTransactions(224)) - Transaction txId=22 commit by dnId=0475d2c2-d46f-403e-95a5-8ff1a5c32338 for containerID=#22 failed. Corresponding entry not found.
2021-08-15 14:03:33,006 [EventQueue-DeleteBlockStatusForDeletedBlockLogImpl] DEBUG block.DeletedBlockLogImpl (DeletedBlockLogImpl.java:isTransactionFailed(278)) - Got block deletion ACK from datanode, TXIDs=23, success=true
2021-08-15 14:03:33,006 [EventQueue-DeleteBlockStatusForDeletedBlockLogImpl] DEBUG block.DeletedBlockLogImpl (DeletedBlockLogImpl.java:commitTransactions(224)) - Transaction txId=23 commit by dnId=0475d2c2-d46f-403e-95a5-8ff1a5c32338 for containerID=#23 failed. Corresponding entry not found.
2021-08-15 14:03:33,006 [EventQueue-DeleteBlockStatusForDeletedBlockLogImpl] DEBUG block.DeletedBlockLogImpl (DeletedBlockLogImpl.java:isTransactionFailed(278)) - Got block deletion ACK from datanode, TXIDs=24, success=true
2021-08-15 14:03:33,006 [EventQueue-DeleteBlockStatusForDeletedBlockLogImpl] DEBUG block.DeletedBlockLogImpl (DeletedBlockLogImpl.java:commitTransactions(224)) - Transaction txId=24 commit by dnId=0475d2c2-d46f-403e-95a5-8ff1a5c32338 for containerID=#24 failed. Corresponding entry not found.
2021-08-15 14:03:33,006 [EventQueue-DeleteBlockStatusForDeletedBlockLogImpl] DEBUG block.DeletedBlockLogImpl (DeletedBlockLogImpl.java:isTransactionFailed(278)) - Got block deletion ACK from datanode, TXIDs=25, success=true
2021-08-15 14:03:33,006 [EventQueue-DeleteBlockStatusForDeletedBlockLogImpl] DEBUG block.DeletedBlockLogImpl (DeletedBlockLogImpl.java:commitTransactions(224)) - Transaction txId=25 commit by dnId=0475d2c2-d46f-403e-95a5-8ff1a5c32338 for containerID=#25 failed. Corresponding entry not found.
2021-08-15 14:03:33,006 [EventQueue-DeleteBlockStatusForDeletedBlockLogImpl] DEBUG block.DeletedBlockLogImpl (DeletedBlockLogImpl.java:isTransactionFailed(278)) - Got block deletion ACK from datanode, TXIDs=26, success=true
2021-08-15 14:03:33,006 [EventQueue-DeleteBlockStatusForDeletedBlockLogImpl] DEBUG block.DeletedBlockLogImpl (DeletedBlockLogImpl.java:commitTransactions(224)) - Transaction txId=26 commit by dnId=0475d2c2-d46f-403e-95a5-8ff1a5c32338 for containerID=#26 failed. Corresponding entry not found.
2021-08-15 14:03:33,006 [EventQueue-DeleteBlockStatusForDeletedBlockLogImpl] DEBUG block.DeletedBlockLogImpl (DeletedBlockLogImpl.java:isTransactionFailed(278)) - Got block deletion ACK from datanode, TXIDs=27, success=true
2021-08-15 14:03:33,006 [EventQueue-DeleteBlockStatusForDeletedBlockLogImpl] DEBUG block.DeletedBlockLogImpl (DeletedBlockLogImpl.java:commitTransactions(224)) - Transaction txId=27 commit by dnId=0475d2c2-d46f-403e-95a5-8ff1a5c32338 for containerID=#27 failed. Corresponding entry not found.
2021-08-15 14:03:33,006 [EventQueue-DeleteBlockStatusForDeletedBlockLogImpl] DEBUG block.DeletedBlockLogImpl (DeletedBlockLogImpl.java:isTransactionFailed(278)) - Got block deletion ACK from datanode, TXIDs=28, success=true
2021-08-15 14:03:33,006 [EventQueue-DeleteBlockStatusForDeletedBlockLogImpl] DEBUG block.DeletedBlockLogImpl (DeletedBlockLogImpl.java:commitTransactions(224)) - Transaction txId=28 commit by dnId=0475d2c2-d46f-403e-95a5-8ff1a5c32338 for containerID=#28 failed. Corresponding entry not found.
2021-08-15 14:03:33,006 [EventQueue-DeleteBlockStatusForDeletedBlockLogImpl] DEBUG block.DeletedBlockLogImpl (DeletedBlockLogImpl.java:isTransactionFailed(278)) - Got block deletion ACK from datanode, TXIDs=29, success=true
2021-08-15 14:03:33,006 [EventQueue-DeleteBlockStatusForDeletedBlockLogImpl] DEBUG block.DeletedBlockLogImpl (DeletedBlockLogImpl.java:commitTransactions(224)) - Transaction txId=29 commit by dnId=0475d2c2-d46f-403e-95a5-8ff1a5c32338 for containerID=#29 failed. Corresponding entry not found.
2021-08-15 14:03:33,006 [EventQueue-DeleteBlockStatusForDeletedBlockLogImpl] DEBUG block.DeletedBlockLogImpl (DeletedBlockLogImpl.java:isTransactionFailed(278)) - Got block deletion ACK from datanode, TXIDs=30, success=true
2021-08-15 14:03:33,006 [EventQueue-DeleteBlockStatusForDeletedBlockLogImpl] DEBUG block.DeletedBlockLogImpl (DeletedBlockLogImpl.java:commitTransactions(224)) - Transaction txId=30 commit by dnId=0475d2c2-d46f-403e-95a5-8ff1a5c32338 for containerID=#30 failed. Corresponding entry not found.
2021-08-15 14:03:33,006 [EventQueue-DeleteBlockStatusForDeletedBlockLogImpl] DEBUG block.DeletedBlockLogImpl (DeletedBlockLogImpl.java:isTransactionFailed(278)) - Got block deletion ACK from datanode, TXIDs=31, success=true
2021-08-15 14:03:33,006 [EventQueue-DeleteBlockStatusForDeletedBlockLogImpl] DEBUG block.DeletedBlockLogImpl (DeletedBlockLogImpl.java:commitTransactions(224)) - Transaction txId=31 commit by dnId=0475d2c2-d46f-403e-95a5-8ff1a5c32338 for containerID=#31 failed. Corresponding entry not found.
2021-08-15 14:03:33,007 [EventQueue-DeleteBlockStatusForDeletedBlockLogImpl] DEBUG block.DeletedBlockLogImpl (DeletedBlockLogImpl.java:isTransactionFailed(278)) - Got block deletion ACK from datanode, TXIDs=32, success=true
2021-08-15 14:03:33,007 [EventQueue-DeleteBlockStatusForDeletedBlockLogImpl] DEBUG block.DeletedBlockLogImpl (DeletedBlockLogImpl.java:commitTransactions(224)) - Transaction txId=32 commit by dnId=0475d2c2-d46f-403e-95a5-8ff1a5c32338 for containerID=#32 failed. Corresponding entry not found.
2021-08-15 14:03:33,007 [EventQueue-DeleteBlockStatusForDeletedBlockLogImpl] DEBUG block.DeletedBlockLogImpl (DeletedBlockLogImpl.java:isTransactionFailed(278)) - Got block deletion ACK from datanode, TXIDs=33, success=true
2021-08-15 14:03:33,007 [EventQueue-DeleteBlockStatusForDeletedBlockLogImpl] DEBUG block.DeletedBlockLogImpl (DeletedBlockLogImpl.java:commitTransactions(224)) - Transaction txId=33 commit by dnId=0475d2c2-d46f-403e-95a5-8ff1a5c32338 for containerID=#33 failed. Corresponding entry not found.
2021-08-15 14:03:33,007 [EventQueue-DeleteBlockStatusForDeletedBlockLogImpl] DEBUG block.DeletedBlockLogImpl (DeletedBlockLogImpl.java:isTransactionFailed(278)) - Got block deletion ACK from datanode, TXIDs=34, success=true
2021-08-15 14:03:33,008 [EventQueue-DeleteBlockStatusForDeletedBlockLogImpl] DEBUG block.DeletedBlockLogImpl (DeletedBlockLogImpl.java:commitTransactions(224)) - Transaction txId=34 commit by dnId=0475d2c2-d46f-403e-95a5-8ff1a5c32338 for containerID=#34 failed. Corresponding entry not found.
2021-08-15 14:03:33,008 [EventQueue-DeleteBlockStatusForDeletedBlockLogImpl] DEBUG block.DeletedBlockLogImpl (DeletedBlockLogImpl.java:isTransactionFailed(278)) - Got block deletion ACK from datanode, TXIDs=35, success=true
2021-08-15 14:03:33,008 [EventQueue-DeleteBlockStatusForDeletedBlockLogImpl] DEBUG block.DeletedBlockLogImpl (DeletedBlockLogImpl.java:commitTransactions(224)) - Transaction txId=35 commit by dnId=0475d2c2-d46f-403e-95a5-8ff1a5c32338 for containerID=#35 failed. Corresponding entry not found.
2021-08-15 14:03:33,008 [EventQueue-DeleteBlockStatusForDeletedBlockLogImpl] DEBUG block.DeletedBlockLogImpl (DeletedBlockLogImpl.java:isTransactionFailed(278)) - Got block deletion ACK from datanode, TXIDs=36, success=true
2021-08-15 14:03:33,008 [EventQueue-DeleteBlockStatusForDeletedBlockLogImpl] DEBUG block.DeletedBlockLogImpl (DeletedBlockLogImpl.java:commitTransactions(224)) - Transaction txId=36 commit by dnId=0475d2c2-d46f-403e-95a5-8ff1a5c32338 for containerID=#36 failed. Corresponding entry not found.
2021-08-15 14:03:33,008 [EventQueue-DeleteBlockStatusForDeletedBlockLogImpl] DEBUG block.DeletedBlockLogImpl (DeletedBlockLogImpl.java:isTransactionFailed(278)) - Got block deletion ACK from datanode, TXIDs=37, success=true
2021-08-15 14:03:33,008 [EventQueue-DeleteBlockStatusForDeletedBlockLogImpl] DEBUG block.DeletedBlockLogImpl (DeletedBlockLogImpl.java:commitTransactions(224)) - Transaction txId=37 commit by dnId=0475d2c2-d46f-403e-95a5-8ff1a5c32338 for containerID=#37 failed. Corresponding entry not found.
2021-08-15 14:03:33,008 [EventQueue-DeleteBlockStatusForDeletedBlockLogImpl] DEBUG block.DeletedBlockLogImpl (DeletedBlockLogImpl.java:isTransactionFailed(278)) - Got block deletion ACK from datanode, TXIDs=38, success=true
2021-08-15 14:03:33,008 [EventQueue-DeleteBlockStatusForDeletedBlockLogImpl] DEBUG block.DeletedBlockLogImpl (DeletedBlockLogImpl.java:commitTransactions(224)) - Transaction txId=38 commit by dnId=0475d2c2-d46f-403e-95a5-8ff1a5c32338 for containerID=#38 failed. Corresponding entry not found.
2021-08-15 14:03:33,008 [EventQueue-DeleteBlockStatusForDeletedBlockLogImpl] DEBUG block.DeletedBlockLogImpl (DeletedBlockLogImpl.java:isTransactionFailed(278)) - Got block deletion ACK from datanode, TXIDs=39, success=true
2021-08-15 14:03:33,008 [EventQueue-DeleteBlockStatusForDeletedBlockLogImpl] DEBUG block.DeletedBlockLogImpl (DeletedBlockLogImpl.java:commitTransactions(224)) - Transaction txId=39 commit by dnId=0475d2c2-d46f-403e-95a5-8ff1a5c32338 for containerID=#39 failed. Corresponding entry not found.
2021-08-15 14:03:33,008 [EventQueue-DeleteBlockStatusForDeletedBlockLogImpl] DEBUG block.DeletedBlockLogImpl (DeletedBlockLogImpl.java:isTransactionFailed(278)) - Got block deletion ACK from datanode, TXIDs=40, success=true
2021-08-15 14:03:33,008 [EventQueue-DeleteBlockStatusForDeletedBlockLogImpl] DEBUG block.DeletedBlockLogImpl (DeletedBlockLogImpl.java:commitTransactions(224)) - Transaction txId=40 commit by dnId=0475d2c2-d46f-403e-95a5-8ff1a5c32338 for containerID=#40 failed. Corresponding entry not found.
2021-08-15 14:03:33,008 [EventQueue-DeleteBlockStatusForDeletedBlockLogImpl] DEBUG block.DeletedBlockLogImpl (DeletedBlockLogImpl.java:isTransactionFailed(278)) - Got block deletion ACK from datanode, TXIDs=41, success=true
2021-08-15 14:03:33,008 [EventQueue-DeleteBlockStatusForDeletedBlockLogImpl] DEBUG block.DeletedBlockLogImpl (DeletedBlockLogImpl.java:commitTransactions(224)) - Transaction txId=41 commit by dnId=0475d2c2-d46f-403e-95a5-8ff1a5c32338 for containerID=#41 failed. Corresponding entry not found.
2021-08-15 14:03:33,008 [EventQueue-DeleteBlockStatusForDeletedBlockLogImpl] DEBUG block.DeletedBlockLogImpl (DeletedBlockLogImpl.java:isTransactionFailed(278)) - Got block deletion ACK from datanode, TXIDs=42, success=true
2021-08-15 14:03:33,008 [EventQueue-DeleteBlockStatusForDeletedBlockLogImpl] DEBUG block.DeletedBlockLogImpl (DeletedBlockLogImpl.java:commitTransactions(224)) - Transaction txId=42 commit by dnId=0475d2c2-d46f-403e-95a5-8ff1a5c32338 for containerID=#42 failed. Corresponding entry not found.
2021-08-15 14:03:33,008 [EventQueue-DeleteBlockStatusForDeletedBlockLogImpl] DEBUG block.DeletedBlockLogImpl (DeletedBlockLogImpl.java:isTransactionFailed(278)) - Got block deletion ACK from datanode, TXIDs=43, success=true
2021-08-15 14:03:33,008 [EventQueue-DeleteBlockStatusForDeletedBlockLogImpl] DEBUG block.DeletedBlockLogImpl (DeletedBlockLogImpl.java:commitTransactions(224)) - Transaction txId=43 commit by dnId=0475d2c2-d46f-403e-95a5-8ff1a5c32338 for containerID=#43 failed. Corresponding entry not found.
2021-08-15 14:03:33,009 [EventQueue-DeleteBlockStatusForDeletedBlockLogImpl] DEBUG block.DeletedBlockLogImpl (DeletedBlockLogImpl.java:isTransactionFailed(278)) - Got block deletion ACK from datanode, TXIDs=44, success=true
2021-08-15 14:03:33,009 [EventQueue-DeleteBlockStatusForDeletedBlockLogImpl] DEBUG block.DeletedBlockLogImpl (DeletedBlockLogImpl.java:commitTransactions(224)) - Transaction txId=44 commit by dnId=0475d2c2-d46f-403e-95a5-8ff1a5c32338 for containerID=#44 failed. Corresponding entry not found.
2021-08-15 14:03:33,009 [EventQueue-DeleteBlockStatusForDeletedBlockLogImpl] DEBUG block.DeletedBlockLogImpl (DeletedBlockLogImpl.java:isTransactionFailed(278)) - Got block deletion ACK from datanode, TXIDs=45, success=true
2021-08-15 14:03:33,009 [EventQueue-DeleteBlockStatusForDeletedBlockLogImpl] DEBUG block.DeletedBlockLogImpl (DeletedBlockLogImpl.java:commitTransactions(224)) - Transaction txId=45 commit by dnId=0475d2c2-d46f-403e-95a5-8ff1a5c32338 for containerID=#45 failed. Corresponding entry not found.
2021-08-15 14:03:33,009 [EventQueue-DeleteBlockStatusForDeletedBlockLogImpl] DEBUG block.DeletedBlockLogImpl (DeletedBlockLogImpl.java:isTransactionFailed(278)) - Got block deletion ACK from datanode, TXIDs=46, success=true
2021-08-15 14:03:33,009 [EventQueue-DeleteBlockStatusForDeletedBlockLogImpl] DEBUG block.DeletedBlockLogImpl (DeletedBlockLogImpl.java:commitTransactions(224)) - Transaction txId=46 commit by dnId=0475d2c2-d46f-403e-95a5-8ff1a5c32338 for containerID=#46 failed. Corresponding entry not found.
2021-08-15 14:03:33,009 [EventQueue-DeleteBlockStatusForDeletedBlockLogImpl] DEBUG block.DeletedBlockLogImpl (DeletedBlockLogImpl.java:isTransactionFailed(278)) - Got block deletion ACK from datanode, TXIDs=47, success=true
2021-08-15 14:03:33,009 [EventQueue-DeleteBlockStatusForDeletedBlockLogImpl] DEBUG block.DeletedBlockLogImpl (DeletedBlockLogImpl.java:commitTransactions(224)) - Transaction txId=47 commit by dnId=0475d2c2-d46f-403e-95a5-8ff1a5c32338 for containerID=#47 failed. Corresponding entry not found.
2021-08-15 14:03:33,009 [EventQueue-DeleteBlockStatusForDeletedBlockLogImpl] DEBUG block.DeletedBlockLogImpl (DeletedBlockLogImpl.java:isTransactionFailed(278)) - Got block deletion ACK from datanode, TXIDs=48, success=true
2021-08-15 14:03:33,009 [EventQueue-DeleteBlockStatusForDeletedBlockLogImpl] DEBUG block.DeletedBlockLogImpl (DeletedBlockLogImpl.java:commitTransactions(224)) - Transaction txId=48 commit by dnId=0475d2c2-d46f-403e-95a5-8ff1a5c32338 for containerID=#48 failed. Corresponding entry not found.
2021-08-15 14:03:33,009 [EventQueue-DeleteBlockStatusForDeletedBlockLogImpl] DEBUG block.DeletedBlockLogImpl (DeletedBlockLogImpl.java:isTransactionFailed(278)) - Got block deletion ACK from datanode, TXIDs=49, success=true
2021-08-15 14:03:33,009 [EventQueue-DeleteBlockStatusForDeletedBlockLogImpl] DEBUG block.DeletedBlockLogImpl (DeletedBlockLogImpl.java:commitTransactions(224)) - Transaction txId=49 commit by dnId=0475d2c2-d46f-403e-95a5-8ff1a5c32338 for containerID=#49 failed. Corresponding entry not found.
2021-08-15 14:03:33,009 [EventQueue-DeleteBlockStatusForDeletedBlockLogImpl] DEBUG block.DeletedBlockLogImpl (DeletedBlockLogImpl.java:isTransactionFailed(278)) - Got block deletion ACK from datanode, TXIDs=50, success=true
2021-08-15 14:03:33,009 [EventQueue-DeleteBlockStatusForDeletedBlockLogImpl] DEBUG block.DeletedBlockLogImpl (DeletedBlockLogImpl.java:commitTransactions(224)) - Transaction txId=50 commit by dnId=0475d2c2-d46f-403e-95a5-8ff1a5c32338 for containerID=#50 failed. Corresponding entry not found.
2021-08-15 14:03:33,012 [EventQueue-DeleteBlockStatusForDeletedBlockLogImpl] DEBUG block.DeletedBlockLogImpl (DeletedBlockLogImpl.java:isTransactionFailed(278)) - Got block deletion ACK from datanode, TXIDs=51, success=true
2021-08-15 14:03:33,012 [EventQueue-DeleteBlockStatusForDeletedBlockLogImpl] DEBUG block.DeletedBlockLogImpl (DeletedBlockLogImpl.java:commitTransactions(224)) - Transaction txId=51 commit by dnId=0475d2c2-d46f-403e-95a5-8ff1a5c32338 for containerID=#51 failed. Corresponding entry not found.
2021-08-15 14:03:33,012 [EventQueue-DeleteBlockStatusForDeletedBlockLogImpl] DEBUG block.DeletedBlockLogImpl (DeletedBlockLogImpl.java:isTransactionFailed(278)) - Got block deletion ACK from datanode, TXIDs=52, success=true
2021-08-15 14:03:33,012 [EventQueue-DeleteBlockStatusForDeletedBlockLogImpl] DEBUG block.DeletedBlockLogImpl (DeletedBlockLogImpl.java:commitTransactions(224)) - Transaction txId=52 commit by dnId=0475d2c2-d46f-403e-95a5-8ff1a5c32338 for containerID=#52 failed. Corresponding entry not found.
2021-08-15 14:03:33,012 [EventQueue-DeleteBlockStatusForDeletedBlockLogImpl] DEBUG block.DeletedBlockLogImpl (DeletedBlockLogImpl.java:isTransactionFailed(278)) - Got block deletion ACK from datanode, TXIDs=53, success=true
2021-08-15 14:03:33,012 [EventQueue-DeleteBlockStatusForDeletedBlockLogImpl] DEBUG block.DeletedBlockLogImpl (DeletedBlockLogImpl.java:commitTransactions(224)) - Transaction txId=53 commit by dnId=0475d2c2-d46f-403e-95a5-8ff1a5c32338 for containerID=#53 failed. Corresponding entry not found.
2021-08-15 14:03:33,012 [EventQueue-DeleteBlockStatusForDeletedBlockLogImpl] DEBUG block.DeletedBlockLogImpl (DeletedBlockLogImpl.java:isTransactionFailed(278)) - Got block deletion ACK from datanode, TXIDs=54, success=true
2021-08-15 14:03:33,012 [EventQueue-DeleteBlockStatusForDeletedBlockLogImpl] DEBUG block.DeletedBlockLogImpl (DeletedBlockLogImpl.java:commitTransactions(224)) - Transaction txId=54 commit by dnId=0475d2c2-d46f-403e-95a5-8ff1a5c32338 for containerID=#54 failed. Corresponding entry not found.
2021-08-15 14:03:33,012 [EventQueue-DeleteBlockStatusForDeletedBlockLogImpl] DEBUG block.DeletedBlockLogImpl (DeletedBlockLogImpl.java:isTransactionFailed(278)) - Got block deletion ACK from datanode, TXIDs=55, success=true
2021-08-15 14:03:33,012 [EventQueue-DeleteBlockStatusForDeletedBlockLogImpl] DEBUG block.DeletedBlockLogImpl (DeletedBlockLogImpl.java:commitTransactions(224)) - Transaction txId=55 commit by dnId=0475d2c2-d46f-403e-95a5-8ff1a5c32338 for containerID=#55 failed. Corresponding entry not found.
2021-08-15 14:03:33,012 [EventQueue-DeleteBlockStatusForDeletedBlockLogImpl] DEBUG block.DeletedBlockLogImpl (DeletedBlockLogImpl.java:isTransactionFailed(278)) - Got block deletion ACK from datanode, TXIDs=56, success=true
2021-08-15 14:03:33,012 [EventQueue-DeleteBlockStatusForDeletedBlockLogImpl] DEBUG block.DeletedBlockLogImpl (DeletedBlockLogImpl.java:commitTransactions(224)) - Transaction txId=56 commit by dnId=0475d2c2-d46f-403e-95a5-8ff1a5c32338 for containerID=#56 failed. Corresponding entry not found.
2021-08-15 14:03:33,012 [EventQueue-DeleteBlockStatusForDeletedBlockLogImpl] DEBUG block.DeletedBlockLogImpl (DeletedBlockLogImpl.java:isTransactionFailed(278)) - Got block deletion ACK from datanode, TXIDs=1, success=true
2021-08-15 14:03:33,012 [EventQueue-DeleteBlockStatusForDeletedBlockLogImpl] DEBUG block.DeletedBlockLogImpl (DeletedBlockLogImpl.java:commitTransactions(224)) - Transaction txId=1 commit by dnId=0475d2c2-d46f-403e-95a5-8ff1a5c32338 for containerID=#1 failed. Corresponding entry not found.
2021-08-15 14:03:33,012 [EventQueue-DeleteBlockStatusForDeletedBlockLogImpl] DEBUG block.DeletedBlockLogImpl (DeletedBlockLogImpl.java:isTransactionFailed(278)) - Got block deletion ACK from datanode, TXIDs=2, success=true
2021-08-15 14:03:33,012 [EventQueue-DeleteBlockStatusForDeletedBlockLogImpl] DEBUG block.DeletedBlockLogImpl (DeletedBlockLogImpl.java:commitTransactions(224)) - Transaction txId=2 commit by dnId=0475d2c2-d46f-403e-95a5-8ff1a5c32338 for containerID=#2 failed. Corresponding entry not found.
2021-08-15 14:03:33,012 [EventQueue-DeleteBlockStatusForDeletedBlockLogImpl] DEBUG block.DeletedBlockLogImpl (DeletedBlockLogImpl.java:isTransactionFailed(278)) - Got block deletion ACK from datanode, TXIDs=3, success=true
2021-08-15 14:03:33,012 [EventQueue-DeleteBlockStatusForDeletedBlockLogImpl] DEBUG block.DeletedBlockLogImpl (DeletedBlockLogImpl.java:commitTransactions(224)) - Transaction txId=3 commit by dnId=0475d2c2-d46f-403e-95a5-8ff1a5c32338 for containerID=#3 failed. Corresponding entry not found.
2021-08-15 14:03:33,012 [EventQueue-DeleteBlockStatusForDeletedBlockLogImpl] DEBUG block.DeletedBlockLogImpl (DeletedBlockLogImpl.java:isTransactionFailed(278)) - Got block deletion ACK from datanode, TXIDs=4, success=true
2021-08-15 14:03:33,012 [EventQueue-DeleteBlockStatusForDeletedBlockLogImpl] DEBUG block.DeletedBlockLogImpl (DeletedBlockLogImpl.java:commitTransactions(224)) - Transaction txId=4 commit by dnId=0475d2c2-d46f-403e-95a5-8ff1a5c32338 for containerID=#4 failed. Corresponding entry not found.
2021-08-15 14:03:33,013 [EventQueue-DeleteBlockStatusForDeletedBlockLogImpl] DEBUG block.DeletedBlockLogImpl (DeletedBlockLogImpl.java:isTransactionFailed(278)) - Got block deletion ACK from datanode, TXIDs=5, success=true
2021-08-15 14:03:33,013 [EventQueue-DeleteBlockStatusForDeletedBlockLogImpl] DEBUG block.DeletedBlockLogImpl (DeletedBlockLogImpl.java:commitTransactions(224)) - Transaction txId=5 commit by dnId=0475d2c2-d46f-403e-95a5-8ff1a5c32338 for containerID=#5 failed. Corresponding entry not found.
2021-08-15 14:03:33,013 [EventQueue-DeleteBlockStatusForDeletedBlockLogImpl] DEBUG block.DeletedBlockLogImpl (DeletedBlockLogImpl.java:isTransactionFailed(278)) - Got block deletion ACK from datanode, TXIDs=6, success=true
2021-08-15 14:03:33,013 [EventQueue-DeleteBlockStatusForDeletedBlockLogImpl] DEBUG block.DeletedBlockLogImpl (DeletedBlockLogImpl.java:commitTransactions(224)) - Transaction txId=6 commit by dnId=0475d2c2-d46f-403e-95a5-8ff1a5c32338 for containerID=#6 failed. Corresponding entry not found.
2021-08-15 14:03:33,013 [EventQueue-DeleteBlockStatusForDeletedBlockLogImpl] DEBUG block.DeletedBlockLogImpl (DeletedBlockLogImpl.java:isTransactionFailed(278)) - Got block deletion ACK from datanode, TXIDs=7, success=true
2021-08-15 14:03:33,013 [EventQueue-DeleteBlockStatusForDeletedBlockLogImpl] DEBUG block.DeletedBlockLogImpl (DeletedBlockLogImpl.java:commitTransactions(224)) - Transaction txId=7 commit by dnId=0475d2c2-d46f-403e-95a5-8ff1a5c32338 for containerID=#7 failed. Corresponding entry not found.
2021-08-15 14:03:33,013 [EventQueue-DeleteBlockStatusForDeletedBlockLogImpl] DEBUG block.DeletedBlockLogImpl (DeletedBlockLogImpl.java:isTransactionFailed(278)) - Got block deletion ACK from datanode, TXIDs=8, success=true
2021-08-15 14:03:33,013 [EventQueue-DeleteBlockStatusForDeletedBlockLogImpl] DEBUG block.DeletedBlockLogImpl (DeletedBlockLogImpl.java:commitTransactions(224)) - Transaction txId=8 commit by dnId=0475d2c2-d46f-403e-95a5-8ff1a5c32338 for containerID=#8 failed. Corresponding entry not found.
2021-08-15 14:03:33,013 [EventQueue-DeleteBlockStatusForDeletedBlockLogImpl] DEBUG block.DeletedBlockLogImpl (DeletedBlockLogImpl.java:isTransactionFailed(278)) - Got block deletion ACK from datanode, TXIDs=9, success=true
2021-08-15 14:03:33,013 [EventQueue-DeleteBlockStatusForDeletedBlockLogImpl] DEBUG block.DeletedBlockLogImpl (DeletedBlockLogImpl.java:commitTransactions(224)) - Transaction txId=9 commit by dnId=0475d2c2-d46f-403e-95a5-8ff1a5c32338 for containerID=#9 failed. Corresponding entry not found.
2021-08-15 14:03:33,013 [EventQueue-DeleteBlockStatusForDeletedBlockLogImpl] DEBUG block.DeletedBlockLogImpl (DeletedBlockLogImpl.java:isTransactionFailed(278)) - Got block deletion ACK from datanode, TXIDs=10, success=true
2021-08-15 14:03:33,013 [EventQueue-DeleteBlockStatusForDeletedBlockLogImpl] DEBUG block.DeletedBlockLogImpl (DeletedBlockLogImpl.java:commitTransactions(224)) - Transaction txId=10 commit by dnId=0475d2c2-d46f-403e-95a5-8ff1a5c32338 for containerID=#10 failed. Corresponding entry not found.
2021-08-15 14:03:33,013 [EventQueue-DeleteBlockStatusForDeletedBlockLogImpl] DEBUG block.DeletedBlockLogImpl (DeletedBlockLogImpl.java:isTransactionFailed(278)) - Got block deletion ACK from datanode, TXIDs=11, success=true
2021-08-15 14:03:33,013 [EventQueue-DeleteBlockStatusForDeletedBlockLogImpl] DEBUG block.DeletedBlockLogImpl (DeletedBlockLogImpl.java:commitTransactions(224)) - Transaction txId=11 commit by dnId=0475d2c2-d46f-403e-95a5-8ff1a5c32338 for containerID=#11 failed. Corresponding entry not found.
2021-08-15 14:03:33,013 [EventQueue-DeleteBlockStatusForDeletedBlockLogImpl] DEBUG block.DeletedBlockLogImpl (DeletedBlockLogImpl.java:isTransactionFailed(278)) - Got block deletion ACK from datanode, TXIDs=12, success=true
2021-08-15 14:03:33,013 [EventQueue-DeleteBlockStatusForDeletedBlockLogImpl] DEBUG block.DeletedBlockLogImpl (DeletedBlockLogImpl.java:commitTransactions(224)) - Transaction txId=12 commit by dnId=0475d2c2-d46f-403e-95a5-8ff1a5c32338 for containerID=#12 failed. Corresponding entry not found.
2021-08-15 14:03:33,013 [EventQueue-DeleteBlockStatusForDeletedBlockLogImpl] DEBUG block.DeletedBlockLogImpl (DeletedBlockLogImpl.java:isTransactionFailed(278)) - Got block deletion ACK from datanode, TXIDs=13, success=true
2021-08-15 14:03:33,013 [EventQueue-DeleteBlockStatusForDeletedBlockLogImpl] DEBUG block.DeletedBlockLogImpl (DeletedBlockLogImpl.java:commitTransactions(224)) - Transaction txId=13 commit by dnId=0475d2c2-d46f-403e-95a5-8ff1a5c32338 for containerID=#13 failed. Corresponding entry not found.
2021-08-15 14:03:33,013 [EventQueue-DeleteBlockStatusForDeletedBlockLogImpl] DEBUG block.DeletedBlockLogImpl (DeletedBlockLogImpl.java:isTransactionFailed(278)) - Got block deletion ACK from datanode, TXIDs=14, success=true
2021-08-15 14:03:33,013 [EventQueue-DeleteBlockStatusForDeletedBlockLogImpl] DEBUG block.DeletedBlockLogImpl (DeletedBlockLogImpl.java:commitTransactions(224)) - Transaction txId=14 commit by dnId=0475d2c2-d46f-403e-95a5-8ff1a5c32338 for containerID=#14 failed. Corresponding entry not found.
2021-08-15 14:03:33,013 [EventQueue-DeleteBlockStatusForDeletedBlockLogImpl] DEBUG block.DeletedBlockLogImpl (DeletedBlockLogImpl.java:isTransactionFailed(278)) - Got block deletion ACK from datanode, TXIDs=15, success=true
2021-08-15 14:03:33,013 [EventQueue-DeleteBlockStatusForDeletedBlockLogImpl] DEBUG block.DeletedBlockLogImpl (DeletedBlockLogImpl.java:commitTransactions(224)) - Transaction txId=15 commit by dnId=0475d2c2-d46f-403e-95a5-8ff1a5c32338 for containerID=#15 failed. Corresponding entry not found.
2021-08-15 14:03:33,013 [EventQueue-DeleteBlockStatusForDeletedBlockLogImpl] DEBUG block.DeletedBlockLogImpl (DeletedBlockLogImpl.java:isTransactionFailed(278)) - Got block deletion ACK from datanode, TXIDs=16, success=true
2021-08-15 14:03:33,013 [EventQueue-DeleteBlockStatusForDeletedBlockLogImpl] DEBUG block.DeletedBlockLogImpl (DeletedBlockLogImpl.java:commitTransactions(224)) - Transaction txId=16 commit by dnId=0475d2c2-d46f-403e-95a5-8ff1a5c32338 for containerID=#16 failed. Corresponding entry not found.
2021-08-15 14:03:33,013 [EventQueue-DeleteBlockStatusForDeletedBlockLogImpl] DEBUG block.DeletedBlockLogImpl (DeletedBlockLogImpl.java:isTransactionFailed(278)) - Got block deletion ACK from datanode, TXIDs=17, success=true
2021-08-15 14:03:33,014 [EventQueue-DeleteBlockStatusForDeletedBlockLogImpl] DEBUG block.DeletedBlockLogImpl (DeletedBlockLogImpl.java:commitTransactions(224)) - Transaction txId=17 commit by dnId=0475d2c2-d46f-403e-95a5-8ff1a5c32338 for containerID=#17 failed. Corresponding entry not found.
2021-08-15 14:03:33,014 [EventQueue-DeleteBlockStatusForDeletedBlockLogImpl] DEBUG block.DeletedBlockLogImpl (DeletedBlockLogImpl.java:isTransactionFailed(278)) - Got block deletion ACK from datanode, TXIDs=18, success=true
2021-08-15 14:03:33,014 [EventQueue-DeleteBlockStatusForDeletedBlockLogImpl] DEBUG block.DeletedBlockLogImpl (DeletedBlockLogImpl.java:commitTransactions(224)) - Transaction txId=18 commit by dnId=0475d2c2-d46f-403e-95a5-8ff1a5c32338 for containerID=#18 failed. Corresponding entry not found.
2021-08-15 14:03:33,014 [EventQueue-DeleteBlockStatusForDeletedBlockLogImpl] DEBUG block.DeletedBlockLogImpl (DeletedBlockLogImpl.java:isTransactionFailed(278)) - Got block deletion ACK from datanode, TXIDs=19, success=true
2021-08-15 14:03:33,014 [EventQueue-DeleteBlockStatusForDeletedBlockLogImpl] DEBUG block.DeletedBlockLogImpl (DeletedBlockLogImpl.java:commitTransactions(224)) - Transaction txId=19 commit by dnId=0475d2c2-d46f-403e-95a5-8ff1a5c32338 for containerID=#19 failed. Corresponding entry not found.
2021-08-15 14:03:33,014 [EventQueue-DeleteBlockStatusForDeletedBlockLogImpl] DEBUG block.DeletedBlockLogImpl (DeletedBlockLogImpl.java:isTransactionFailed(278)) - Got block deletion ACK from datanode, TXIDs=20, success=true
2021-08-15 14:03:33,014 [EventQueue-DeleteBlockStatusForDeletedBlockLogImpl] DEBUG block.DeletedBlockLogImpl (DeletedBlockLogImpl.java:commitTransactions(224)) - Transaction txId=20 commit by dnId=0475d2c2-d46f-403e-95a5-8ff1a5c32338 for containerID=#20 failed. Corresponding entry not found.
2021-08-15 14:03:33,014 [EventQueue-DeleteBlockStatusForDeletedBlockLogImpl] DEBUG block.DeletedBlockLogImpl (DeletedBlockLogImpl.java:isTransactionFailed(278)) - Got block deletion ACK from datanode, TXIDs=21, success=true
2021-08-15 14:03:33,014 [EventQueue-DeleteBlockStatusForDeletedBlockLogImpl] DEBUG block.DeletedBlockLogImpl (DeletedBlockLogImpl.java:commitTransactions(224)) - Transaction txId=21 commit by dnId=0475d2c2-d46f-403e-95a5-8ff1a5c32338 for containerID=#21 failed. Corresponding entry not found.
2021-08-15 14:03:33,014 [EventQueue-DeleteBlockStatusForDeletedBlockLogImpl] DEBUG block.DeletedBlockLogImpl (DeletedBlockLogImpl.java:isTransactionFailed(278)) - Got block deletion ACK from datanode, TXIDs=22, success=true
2021-08-15 14:03:33,014 [EventQueue-DeleteBlockStatusForDeletedBlockLogImpl] DEBUG block.DeletedBlockLogImpl (DeletedBlockLogImpl.java:commitTransactions(224)) - Transaction txId=22 commit by dnId=0475d2c2-d46f-403e-95a5-8ff1a5c32338 for containerID=#22 failed. Corresponding entry not found.
2021-08-15 14:03:33,014 [EventQueue-DeleteBlockStatusForDeletedBlockLogImpl] DEBUG block.DeletedBlockLogImpl (DeletedBlockLogImpl.java:isTransactionFailed(278)) - Got block deletion ACK from datanode, TXIDs=23, success=true
2021-08-15 14:03:33,014 [EventQueue-DeleteBlockStatusForDeletedBlockLogImpl] DEBUG block.DeletedBlockLogImpl (DeletedBlockLogImpl.java:commitTransactions(224)) - Transaction txId=23 commit by dnId=0475d2c2-d46f-403e-95a5-8ff1a5c32338 for containerID=#23 failed. Corresponding entry not found.
2021-08-15 14:03:33,014 [EventQueue-DeleteBlockStatusForDeletedBlockLogImpl] DEBUG block.DeletedBlockLogImpl (DeletedBlockLogImpl.java:isTransactionFailed(278)) - Got block deletion ACK from datanode, TXIDs=24, success=true
2021-08-15 14:03:33,014 [EventQueue-DeleteBlockStatusForDeletedBlockLogImpl] DEBUG block.DeletedBlockLogImpl (DeletedBlockLogImpl.java:commitTransactions(224)) - Transaction txId=24 commit by dnId=0475d2c2-d46f-403e-95a5-8ff1a5c32338 for containerID=#24 failed. Corresponding entry not found.
2021-08-15 14:03:33,014 [EventQueue-DeleteBlockStatusForDeletedBlockLogImpl] DEBUG block.DeletedBlockLogImpl (DeletedBlockLogImpl.java:isTransactionFailed(278)) - Got block deletion ACK from datanode, TXIDs=25, success=true
2021-08-15 14:03:33,014 [EventQueue-DeleteBlockStatusForDeletedBlockLogImpl] DEBUG block.DeletedBlockLogImpl (DeletedBlockLogImpl.java:commitTransactions(224)) - Transaction txId=25 commit by dnId=0475d2c2-d46f-403e-95a5-8ff1a5c32338 for containerID=#25 failed. Corresponding entry not found.
2021-08-15 14:03:33,014 [EventQueue-DeleteBlockStatusForDeletedBlockLogImpl] DEBUG block.DeletedBlockLogImpl (DeletedBlockLogImpl.java:isTransactionFailed(278)) - Got block deletion ACK from datanode, TXIDs=26, success=true
2021-08-15 14:03:33,014 [EventQueue-DeleteBlockStatusForDeletedBlockLogImpl] DEBUG block.DeletedBlockLogImpl (DeletedBlockLogImpl.java:commitTransactions(224)) - Transaction txId=26 commit by dnId=0475d2c2-d46f-403e-95a5-8ff1a5c32338 for containerID=#26 failed. Corresponding entry not found.
2021-08-15 14:03:33,014 [EventQueue-DeleteBlockStatusForDeletedBlockLogImpl] DEBUG block.DeletedBlockLogImpl (DeletedBlockLogImpl.java:isTransactionFailed(278)) - Got block deletion ACK from datanode, TXIDs=27, success=true
2021-08-15 14:03:33,014 [EventQueue-DeleteBlockStatusForDeletedBlockLogImpl] DEBUG block.DeletedBlockLogImpl (DeletedBlockLogImpl.java:commitTransactions(224)) - Transaction txId=27 commit by dnId=0475d2c2-d46f-403e-95a5-8ff1a5c32338 for containerID=#27 failed. Corresponding entry not found.
2021-08-15 14:03:33,014 [EventQueue-DeleteBlockStatusForDeletedBlockLogImpl] DEBUG block.DeletedBlockLogImpl (DeletedBlockLogImpl.java:isTransactionFailed(278)) - Got block deletion ACK from datanode, TXIDs=28, success=true
2021-08-15 14:03:33,014 [EventQueue-DeleteBlockStatusForDeletedBlockLogImpl] DEBUG block.DeletedBlockLogImpl (DeletedBlockLogImpl.java:commitTransactions(224)) - Transaction txId=28 commit by dnId=0475d2c2-d46f-403e-95a5-8ff1a5c32338 for containerID=#28 failed. Corresponding entry not found.
2021-08-15 14:03:33,014 [EventQueue-DeleteBlockStatusForDeletedBlockLogImpl] DEBUG block.DeletedBlockLogImpl (DeletedBlockLogImpl.java:isTransactionFailed(278)) - Got block deletion ACK from datanode, TXIDs=29, success=true
2021-08-15 14:03:33,015 [EventQueue-DeleteBlockStatusForDeletedBlockLogImpl] DEBUG block.DeletedBlockLogImpl (DeletedBlockLogImpl.java:commitTransactions(224)) - Transaction txId=29 commit by dnId=0475d2c2-d46f-403e-95a5-8ff1a5c32338 for containerID=#29 failed. Corresponding entry not found.
2021-08-15 14:03:33,015 [EventQueue-DeleteBlockStatusForDeletedBlockLogImpl] DEBUG block.DeletedBlockLogImpl (DeletedBlockLogImpl.java:isTransactionFailed(278)) - Got block deletion ACK from datanode, TXIDs=30, success=true
2021-08-15 14:03:33,015 [EventQueue-DeleteBlockStatusForDeletedBlockLogImpl] DEBUG block.DeletedBlockLogImpl (DeletedBlockLogImpl.java:commitTransactions(224)) - Transaction txId=30 commit by dnId=0475d2c2-d46f-403e-95a5-8ff1a5c32338 for containerID=#30 failed. Corresponding entry not found.
2021-08-15 14:03:33,015 [EventQueue-DeleteBlockStatusForDeletedBlockLogImpl] DEBUG block.DeletedBlockLogImpl (DeletedBlockLogImpl.java:isTransactionFailed(278)) - Got block deletion ACK from datanode, TXIDs=31, success=true
2021-08-15 14:03:33,015 [EventQueue-DeleteBlockStatusForDeletedBlockLogImpl] DEBUG block.DeletedBlockLogImpl (DeletedBlockLogImpl.java:commitTransactions(224)) - Transaction txId=31 commit by dnId=0475d2c2-d46f-403e-95a5-8ff1a5c32338 for containerID=#31 failed. Corresponding entry not found.
2021-08-15 14:03:33,015 [EventQueue-DeleteBlockStatusForDeletedBlockLogImpl] DEBUG block.DeletedBlockLogImpl (DeletedBlockLogImpl.java:isTransactionFailed(278)) - Got block deletion ACK from datanode, TXIDs=32, success=true
2021-08-15 14:03:33,015 [EventQueue-DeleteBlockStatusForDeletedBlockLogImpl] DEBUG block.DeletedBlockLogImpl (DeletedBlockLogImpl.java:commitTransactions(224)) - Transaction txId=32 commit by dnId=0475d2c2-d46f-403e-95a5-8ff1a5c32338 for containerID=#32 failed. Corresponding entry not found.
2021-08-15 14:03:33,015 [EventQueue-DeleteBlockStatusForDeletedBlockLogImpl] DEBUG block.DeletedBlockLogImpl (DeletedBlockLogImpl.java:isTransactionFailed(278)) - Got block deletion ACK from datanode, TXIDs=33, success=true
2021-08-15 14:03:33,015 [EventQueue-DeleteBlockStatusForDeletedBlockLogImpl] DEBUG block.DeletedBlockLogImpl (DeletedBlockLogImpl.java:commitTransactions(224)) - Transaction txId=33 commit by dnId=0475d2c2-d46f-403e-95a5-8ff1a5c32338 for containerID=#33 failed. Corresponding entry not found.
2021-08-15 14:03:33,015 [EventQueue-DeleteBlockStatusForDeletedBlockLogImpl] DEBUG block.DeletedBlockLogImpl (DeletedBlockLogImpl.java:isTransactionFailed(278)) - Got block deletion ACK from datanode, TXIDs=34, success=true
2021-08-15 14:03:33,015 [EventQueue-DeleteBlockStatusForDeletedBlockLogImpl] DEBUG block.DeletedBlockLogImpl (DeletedBlockLogImpl.java:commitTransactions(224)) - Transaction txId=34 commit by dnId=0475d2c2-d46f-403e-95a5-8ff1a5c32338 for containerID=#34 failed. Corresponding entry not found.
2021-08-15 14:03:33,015 [EventQueue-DeleteBlockStatusForDeletedBlockLogImpl] DEBUG block.DeletedBlockLogImpl (DeletedBlockLogImpl.java:isTransactionFailed(278)) - Got block deletion ACK from datanode, TXIDs=35, success=true
2021-08-15 14:03:33,015 [EventQueue-DeleteBlockStatusForDeletedBlockLogImpl] DEBUG block.DeletedBlockLogImpl (DeletedBlockLogImpl.java:commitTransactions(224)) - Transaction txId=35 commit by dnId=0475d2c2-d46f-403e-95a5-8ff1a5c32338 for containerID=#35 failed. Corresponding entry not found.
2021-08-15 14:03:33,015 [EventQueue-DeleteBlockStatusForDeletedBlockLogImpl] DEBUG block.DeletedBlockLogImpl (DeletedBlockLogImpl.java:isTransactionFailed(278)) - Got block deletion ACK from datanode, TXIDs=36, success=true
2021-08-15 14:03:33,015 [EventQueue-DeleteBlockStatusForDeletedBlockLogImpl] DEBUG block.DeletedBlockLogImpl (DeletedBlockLogImpl.java:commitTransactions(224)) - Transaction txId=36 commit by dnId=0475d2c2-d46f-403e-95a5-8ff1a5c32338 for containerID=#36 failed. Corresponding entry not found.
2021-08-15 14:03:33,015 [EventQueue-DeleteBlockStatusForDeletedBlockLogImpl] DEBUG block.DeletedBlockLogImpl (DeletedBlockLogImpl.java:isTransactionFailed(278)) - Got block deletion ACK from datanode, TXIDs=37, success=true
2021-08-15 14:03:33,015 [EventQueue-DeleteBlockStatusForDeletedBlockLogImpl] DEBUG block.DeletedBlockLogImpl (DeletedBlockLogImpl.java:commitTransactions(224)) - Transaction txId=37 commit by dnId=0475d2c2-d46f-403e-95a5-8ff1a5c32338 for containerID=#37 failed. Corresponding entry not found.
2021-08-15 14:03:33,015 [EventQueue-DeleteBlockStatusForDeletedBlockLogImpl] DEBUG block.DeletedBlockLogImpl (DeletedBlockLogImpl.java:isTransactionFailed(278)) - Got block deletion ACK from datanode, TXIDs=38, success=true
2021-08-15 14:03:33,015 [EventQueue-DeleteBlockStatusForDeletedBlockLogImpl] DEBUG block.DeletedBlockLogImpl (DeletedBlockLogImpl.java:commitTransactions(224)) - Transaction txId=38 commit by dnId=0475d2c2-d46f-403e-95a5-8ff1a5c32338 for containerID=#38 failed. Corresponding entry not found.
2021-08-15 14:03:33,015 [EventQueue-DeleteBlockStatusForDeletedBlockLogImpl] DEBUG block.DeletedBlockLogImpl (DeletedBlockLogImpl.java:isTransactionFailed(278)) - Got block deletion ACK from datanode, TXIDs=39, success=true
2021-08-15 14:03:33,015 [EventQueue-DeleteBlockStatusForDeletedBlockLogImpl] DEBUG block.DeletedBlockLogImpl (DeletedBlockLogImpl.java:commitTransactions(224)) - Transaction txId=39 commit by dnId=0475d2c2-d46f-403e-95a5-8ff1a5c32338 for containerID=#39 failed. Corresponding entry not found.
2021-08-15 14:03:33,015 [EventQueue-DeleteBlockStatusForDeletedBlockLogImpl] DEBUG block.DeletedBlockLogImpl (DeletedBlockLogImpl.java:isTransactionFailed(278)) - Got block deletion ACK from datanode, TXIDs=40, success=true
2021-08-15 14:03:33,015 [EventQueue-DeleteBlockStatusForDeletedBlockLogImpl] DEBUG block.DeletedBlockLogImpl (DeletedBlockLogImpl.java:commitTransactions(224)) - Transaction txId=40 commit by dnId=0475d2c2-d46f-403e-95a5-8ff1a5c32338 for containerID=#40 failed. Corresponding entry not found.
2021-08-15 14:03:33,015 [EventQueue-DeleteBlockStatusForDeletedBlockLogImpl] DEBUG block.DeletedBlockLogImpl (DeletedBlockLogImpl.java:isTransactionFailed(278)) - Got block deletion ACK from datanode, TXIDs=41, success=true
2021-08-15 14:03:33,015 [EventQueue-DeleteBlockStatusForDeletedBlockLogImpl] DEBUG block.DeletedBlockLogImpl (DeletedBlockLogImpl.java:commitTransactions(224)) - Transaction txId=41 commit by dnId=0475d2c2-d46f-403e-95a5-8ff1a5c32338 for containerID=#41 failed. Corresponding entry not found.
2021-08-15 14:03:33,015 [EventQueue-DeleteBlockStatusForDeletedBlockLogImpl] DEBUG block.DeletedBlockLogImpl (DeletedBlockLogImpl.java:isTransactionFailed(278)) - Got block deletion ACK from datanode, TXIDs=42, success=true
2021-08-15 14:03:33,015 [EventQueue-DeleteBlockStatusForDeletedBlockLogImpl] DEBUG block.DeletedBlockLogImpl (DeletedBlockLogImpl.java:commitTransactions(224)) - Transaction txId=42 commit by dnId=0475d2c2-d46f-403e-95a5-8ff1a5c32338 for containerID=#42 failed. Corresponding entry not found.
2021-08-15 14:03:33,016 [EventQueue-DeleteBlockStatusForDeletedBlockLogImpl] DEBUG block.DeletedBlockLogImpl (DeletedBlockLogImpl.java:isTransactionFailed(278)) - Got block deletion ACK from datanode, TXIDs=43, success=true
2021-08-15 14:03:33,016 [EventQueue-DeleteBlockStatusForDeletedBlockLogImpl] DEBUG block.DeletedBlockLogImpl (DeletedBlockLogImpl.java:commitTransactions(224)) - Transaction txId=43 commit by dnId=0475d2c2-d46f-403e-95a5-8ff1a5c32338 for containerID=#43 failed. Corresponding entry not found.
2021-08-15 14:03:33,016 [EventQueue-DeleteBlockStatusForDeletedBlockLogImpl] DEBUG block.DeletedBlockLogImpl (DeletedBlockLogImpl.java:isTransactionFailed(278)) - Got block deletion ACK from datanode, TXIDs=44, success=true
2021-08-15 14:03:33,016 [EventQueue-DeleteBlockStatusForDeletedBlockLogImpl] DEBUG block.DeletedBlockLogImpl (DeletedBlockLogImpl.java:commitTransactions(224)) - Transaction txId=44 commit by dnId=0475d2c2-d46f-403e-95a5-8ff1a5c32338 for containerID=#44 failed. Corresponding entry not found.
2021-08-15 14:03:33,016 [EventQueue-DeleteBlockStatusForDeletedBlockLogImpl] DEBUG block.DeletedBlockLogImpl (DeletedBlockLogImpl.java:isTransactionFailed(278)) - Got block deletion ACK from datanode, TXIDs=45, success=true
2021-08-15 14:03:33,016 [EventQueue-DeleteBlockStatusForDeletedBlockLogImpl] DEBUG block.DeletedBlockLogImpl (DeletedBlockLogImpl.java:commitTransactions(224)) - Transaction txId=45 commit by dnId=0475d2c2-d46f-403e-95a5-8ff1a5c32338 for containerID=#45 failed. Corresponding entry not found.
2021-08-15 14:03:33,016 [EventQueue-DeleteBlockStatusForDeletedBlockLogImpl] DEBUG block.DeletedBlockLogImpl (DeletedBlockLogImpl.java:isTransactionFailed(278)) - Got block deletion ACK from datanode, TXIDs=46, success=true
2021-08-15 14:03:33,016 [EventQueue-DeleteBlockStatusForDeletedBlockLogImpl] DEBUG block.DeletedBlockLogImpl (DeletedBlockLogImpl.java:commitTransactions(224)) - Transaction txId=46 commit by dnId=0475d2c2-d46f-403e-95a5-8ff1a5c32338 for containerID=#46 failed. Corresponding entry not found.
2021-08-15 14:03:33,016 [EventQueue-DeleteBlockStatusForDeletedBlockLogImpl] DEBUG block.DeletedBlockLogImpl (DeletedBlockLogImpl.java:isTransactionFailed(278)) - Got block deletion ACK from datanode, TXIDs=47, success=true
2021-08-15 14:03:33,016 [EventQueue-DeleteBlockStatusForDeletedBlockLogImpl] DEBUG block.DeletedBlockLogImpl (DeletedBlockLogImpl.java:commitTransactions(224)) - Transaction txId=47 commit by dnId=0475d2c2-d46f-403e-95a5-8ff1a5c32338 for containerID=#47 failed. Corresponding entry not found.
2021-08-15 14:03:33,016 [EventQueue-DeleteBlockStatusForDeletedBlockLogImpl] DEBUG block.DeletedBlockLogImpl (DeletedBlockLogImpl.java:isTransactionFailed(278)) - Got block deletion ACK from datanode, TXIDs=48, success=true
2021-08-15 14:03:33,016 [EventQueue-DeleteBlockStatusForDeletedBlockLogImpl] DEBUG block.DeletedBlockLogImpl (DeletedBlockLogImpl.java:commitTransactions(224)) - Transaction txId=48 commit by dnId=0475d2c2-d46f-403e-95a5-8ff1a5c32338 for containerID=#48 failed. Corresponding entry not found.
2021-08-15 14:03:33,016 [EventQueue-DeleteBlockStatusForDeletedBlockLogImpl] DEBUG block.DeletedBlockLogImpl (DeletedBlockLogImpl.java:isTransactionFailed(278)) - Got block deletion ACK from datanode, TXIDs=49, success=true
2021-08-15 14:03:33,016 [EventQueue-DeleteBlockStatusForDeletedBlockLogImpl] DEBUG block.DeletedBlockLogImpl (DeletedBlockLogImpl.java:commitTransactions(224)) - Transaction txId=49 commit by dnId=0475d2c2-d46f-403e-95a5-8ff1a5c32338 for containerID=#49 failed. Corresponding entry not found.
2021-08-15 14:03:33,016 [EventQueue-DeleteBlockStatusForDeletedBlockLogImpl] DEBUG block.DeletedBlockLogImpl (DeletedBlockLogImpl.java:isTransactionFailed(278)) - Got block deletion ACK from datanode, TXIDs=50, success=true
2021-08-15 14:03:33,016 [EventQueue-DeleteBlockStatusForDeletedBlockLogImpl] DEBUG block.DeletedBlockLogImpl (DeletedBlockLogImpl.java:commitTransactions(224)) - Transaction txId=50 commit by dnId=0475d2c2-d46f-403e-95a5-8ff1a5c32338 for containerID=#50 failed. Corresponding entry not found.
2021-08-15 14:03:33,019 [EventQueue-DeleteBlockStatusForDeletedBlockLogImpl] DEBUG block.DeletedBlockLogImpl (DeletedBlockLogImpl.java:isTransactionFailed(278)) - Got block deletion ACK from datanode, TXIDs=51, success=true
2021-08-15 14:03:33,019 [EventQueue-DeleteBlockStatusForDeletedBlockLogImpl] DEBUG block.DeletedBlockLogImpl (DeletedBlockLogImpl.java:commitTransactions(224)) - Transaction txId=51 commit by dnId=0475d2c2-d46f-403e-95a5-8ff1a5c32338 for containerID=#51 failed. Corresponding entry not found.
2021-08-15 14:03:33,019 [EventQueue-DeleteBlockStatusForDeletedBlockLogImpl] DEBUG block.DeletedBlockLogImpl (DeletedBlockLogImpl.java:isTransactionFailed(278)) - Got block deletion ACK from datanode, TXIDs=52, success=true
2021-08-15 14:03:33,019 [EventQueue-DeleteBlockStatusForDeletedBlockLogImpl] DEBUG block.DeletedBlockLogImpl (DeletedBlockLogImpl.java:commitTransactions(224)) - Transaction txId=52 commit by dnId=0475d2c2-d46f-403e-95a5-8ff1a5c32338 for containerID=#52 failed. Corresponding entry not found.
2021-08-15 14:03:33,019 [EventQueue-DeleteBlockStatusForDeletedBlockLogImpl] DEBUG block.DeletedBlockLogImpl (DeletedBlockLogImpl.java:isTransactionFailed(278)) - Got block deletion ACK from datanode, TXIDs=53, success=true
2021-08-15 14:03:33,019 [EventQueue-DeleteBlockStatusForDeletedBlockLogImpl] DEBUG block.DeletedBlockLogImpl (DeletedBlockLogImpl.java:commitTransactions(224)) - Transaction txId=53 commit by dnId=0475d2c2-d46f-403e-95a5-8ff1a5c32338 for containerID=#53 failed. Corresponding entry not found.
2021-08-15 14:03:33,019 [EventQueue-DeleteBlockStatusForDeletedBlockLogImpl] DEBUG block.DeletedBlockLogImpl (DeletedBlockLogImpl.java:isTransactionFailed(278)) - Got block deletion ACK from datanode, TXIDs=54, success=true
2021-08-15 14:03:33,019 [EventQueue-DeleteBlockStatusForDeletedBlockLogImpl] DEBUG block.DeletedBlockLogImpl (DeletedBlockLogImpl.java:commitTransactions(224)) - Transaction txId=54 commit by dnId=0475d2c2-d46f-403e-95a5-8ff1a5c32338 for containerID=#54 failed. Corresponding entry not found.
2021-08-15 14:03:33,019 [EventQueue-DeleteBlockStatusForDeletedBlockLogImpl] DEBUG block.DeletedBlockLogImpl (DeletedBlockLogImpl.java:isTransactionFailed(278)) - Got block deletion ACK from datanode, TXIDs=55, success=true
2021-08-15 14:03:33,019 [EventQueue-DeleteBlockStatusForDeletedBlockLogImpl] DEBUG block.DeletedBlockLogImpl (DeletedBlockLogImpl.java:commitTransactions(224)) - Transaction txId=55 commit by dnId=0475d2c2-d46f-403e-95a5-8ff1a5c32338 for containerID=#55 failed. Corresponding entry not found.
2021-08-15 14:03:33,019 [EventQueue-DeleteBlockStatusForDeletedBlockLogImpl] DEBUG block.DeletedBlockLogImpl (DeletedBlockLogImpl.java:isTransactionFailed(278)) - Got block deletion ACK from datanode, TXIDs=56, success=true
2021-08-15 14:03:33,020 [EventQueue-DeleteBlockStatusForDeletedBlockLogImpl] DEBUG block.DeletedBlockLogImpl (DeletedBlockLogImpl.java:commitTransactions(224)) - Transaction txId=56 commit by dnId=0475d2c2-d46f-403e-95a5-8ff1a5c32338 for containerID=#56 failed. Corresponding entry not found.
2021-08-15 14:03:33,020 [EventQueue-DeleteBlockStatusForDeletedBlockLogImpl] DEBUG block.DeletedBlockLogImpl (DeletedBlockLogImpl.java:isTransactionFailed(278)) - Got block deletion ACK from datanode, TXIDs=1, success=true
2021-08-15 14:03:33,020 [EventQueue-DeleteBlockStatusForDeletedBlockLogImpl] DEBUG block.DeletedBlockLogImpl (DeletedBlockLogImpl.java:commitTransactions(224)) - Transaction txId=1 commit by dnId=0475d2c2-d46f-403e-95a5-8ff1a5c32338 for containerID=#1 failed. Corresponding entry not found.
2021-08-15 14:03:33,020 [EventQueue-DeleteBlockStatusForDeletedBlockLogImpl] DEBUG block.DeletedBlockLogImpl (DeletedBlockLogImpl.java:isTransactionFailed(278)) - Got block deletion ACK from datanode, TXIDs=2, success=true
2021-08-15 14:03:33,020 [EventQueue-DeleteBlockStatusForDeletedBlockLogImpl] DEBUG block.DeletedBlockLogImpl (DeletedBlockLogImpl.java:commitTransactions(224)) - Transaction txId=2 commit by dnId=0475d2c2-d46f-403e-95a5-8ff1a5c32338 for containerID=#2 failed. Corresponding entry not found.
2021-08-15 14:03:33,020 [EventQueue-DeleteBlockStatusForDeletedBlockLogImpl] DEBUG block.DeletedBlockLogImpl (DeletedBlockLogImpl.java:isTransactionFailed(278)) - Got block deletion ACK from datanode, TXIDs=3, success=true
2021-08-15 14:03:33,020 [EventQueue-DeleteBlockStatusForDeletedBlockLogImpl] DEBUG block.DeletedBlockLogImpl (DeletedBlockLogImpl.java:commitTransactions(224)) - Transaction txId=3 commit by dnId=0475d2c2-d46f-403e-95a5-8ff1a5c32338 for containerID=#3 failed. Corresponding entry not found.
2021-08-15 14:03:33,020 [EventQueue-DeleteBlockStatusForDeletedBlockLogImpl] DEBUG block.DeletedBlockLogImpl (DeletedBlockLogImpl.java:isTransactionFailed(278)) - Got block deletion ACK from datanode, TXIDs=4, success=true
2021-08-15 14:03:33,020 [EventQueue-DeleteBlockStatusForDeletedBlockLogImpl] DEBUG block.DeletedBlockLogImpl (DeletedBlockLogImpl.java:commitTransactions(224)) - Transaction txId=4 commit by dnId=0475d2c2-d46f-403e-95a5-8ff1a5c32338 for containerID=#4 failed. Corresponding entry not found.
2021-08-15 14:03:33,020 [EventQueue-DeleteBlockStatusForDeletedBlockLogImpl] DEBUG block.DeletedBlockLogImpl (DeletedBlockLogImpl.java:isTransactionFailed(278)) - Got block deletion ACK from datanode, TXIDs=5, success=true
2021-08-15 14:03:33,020 [EventQueue-DeleteBlockStatusForDeletedBlockLogImpl] DEBUG block.DeletedBlockLogImpl (DeletedBlockLogImpl.java:commitTransactions(224)) - Transaction txId=5 commit by dnId=0475d2c2-d46f-403e-95a5-8ff1a5c32338 for containerID=#5 failed. Corresponding entry not found.
2021-08-15 14:03:33,020 [EventQueue-DeleteBlockStatusForDeletedBlockLogImpl] DEBUG block.DeletedBlockLogImpl (DeletedBlockLogImpl.java:isTransactionFailed(278)) - Got block deletion ACK from datanode, TXIDs=6, success=true
2021-08-15 14:03:33,020 [EventQueue-DeleteBlockStatusForDeletedBlockLogImpl] DEBUG block.DeletedBlockLogImpl (DeletedBlockLogImpl.java:commitTransactions(224)) - Transaction txId=6 commit by dnId=0475d2c2-d46f-403e-95a5-8ff1a5c32338 for containerID=#6 failed. Corresponding entry not found.
2021-08-15 14:03:33,020 [EventQueue-DeleteBlockStatusForDeletedBlockLogImpl] DEBUG block.DeletedBlockLogImpl (DeletedBlockLogImpl.java:isTransactionFailed(278)) - Got block deletion ACK from datanode, TXIDs=7, success=true
2021-08-15 14:03:33,020 [EventQueue-DeleteBlockStatusForDeletedBlockLogImpl] DEBUG block.DeletedBlockLogImpl (DeletedBlockLogImpl.java:commitTransactions(224)) - Transaction txId=7 commit by dnId=0475d2c2-d46f-403e-95a5-8ff1a5c32338 for containerID=#7 failed. Corresponding entry not found.
2021-08-15 14:03:33,020 [EventQueue-DeleteBlockStatusForDeletedBlockLogImpl] DEBUG block.DeletedBlockLogImpl (DeletedBlockLogImpl.java:isTransactionFailed(278)) - Got block deletion ACK from datanode, TXIDs=8, success=true
2021-08-15 14:03:33,020 [EventQueue-DeleteBlockStatusForDeletedBlockLogImpl] DEBUG block.DeletedBlockLogImpl (DeletedBlockLogImpl.java:commitTransactions(224)) - Transaction txId=8 commit by dnId=0475d2c2-d46f-403e-95a5-8ff1a5c32338 for containerID=#8 failed. Corresponding entry not found.
2021-08-15 14:03:33,020 [EventQueue-DeleteBlockStatusForDeletedBlockLogImpl] DEBUG block.DeletedBlockLogImpl (DeletedBlockLogImpl.java:isTransactionFailed(278)) - Got block deletion ACK from datanode, TXIDs=9, success=true
2021-08-15 14:03:33,020 [EventQueue-DeleteBlockStatusForDeletedBlockLogImpl] DEBUG block.DeletedBlockLogImpl (DeletedBlockLogImpl.java:commitTransactions(224)) - Transaction txId=9 commit by dnId=0475d2c2-d46f-403e-95a5-8ff1a5c32338 for containerID=#9 failed. Corresponding entry not found.
2021-08-15 14:03:33,020 [EventQueue-DeleteBlockStatusForDeletedBlockLogImpl] DEBUG block.DeletedBlockLogImpl (DeletedBlockLogImpl.java:isTransactionFailed(278)) - Got block deletion ACK from datanode, TXIDs=10, success=true
2021-08-15 14:03:33,020 [EventQueue-DeleteBlockStatusForDeletedBlockLogImpl] DEBUG block.DeletedBlockLogImpl (DeletedBlockLogImpl.java:commitTransactions(224)) - Transaction txId=10 commit by dnId=0475d2c2-d46f-403e-95a5-8ff1a5c32338 for containerID=#10 failed. Corresponding entry not found.
2021-08-15 14:03:33,020 [EventQueue-DeleteBlockStatusForDeletedBlockLogImpl] DEBUG block.DeletedBlockLogImpl (DeletedBlockLogImpl.java:isTransactionFailed(278)) - Got block deletion ACK from datanode, TXIDs=11, success=true
2021-08-15 14:03:33,020 [EventQueue-DeleteBlockStatusForDeletedBlockLogImpl] DEBUG block.DeletedBlockLogImpl (DeletedBlockLogImpl.java:commitTransactions(224)) - Transaction txId=11 commit by dnId=0475d2c2-d46f-403e-95a5-8ff1a5c32338 for containerID=#11 failed. Corresponding entry not found.
2021-08-15 14:03:33,020 [EventQueue-DeleteBlockStatusForDeletedBlockLogImpl] DEBUG block.DeletedBlockLogImpl (DeletedBlockLogImpl.java:isTransactionFailed(278)) - Got block deletion ACK from datanode, TXIDs=12, success=true
2021-08-15 14:03:33,020 [EventQueue-DeleteBlockStatusForDeletedBlockLogImpl] DEBUG block.DeletedBlockLogImpl (DeletedBlockLogImpl.java:commitTransactions(224)) - Transaction txId=12 commit by dnId=0475d2c2-d46f-403e-95a5-8ff1a5c32338 for containerID=#12 failed. Corresponding entry not found.
2021-08-15 14:03:33,020 [EventQueue-DeleteBlockStatusForDeletedBlockLogImpl] DEBUG block.DeletedBlockLogImpl (DeletedBlockLogImpl.java:isTransactionFailed(278)) - Got block deletion ACK from datanode, TXIDs=13, success=true
2021-08-15 14:03:33,021 [EventQueue-DeleteBlockStatusForDeletedBlockLogImpl] DEBUG block.DeletedBlockLogImpl (DeletedBlockLogImpl.java:commitTransactions(224)) - Transaction txId=13 commit by dnId=0475d2c2-d46f-403e-95a5-8ff1a5c32338 for containerID=#13 failed. Corresponding entry not found.
2021-08-15 14:03:33,021 [EventQueue-DeleteBlockStatusForDeletedBlockLogImpl] DEBUG block.DeletedBlockLogImpl (DeletedBlockLogImpl.java:isTransactionFailed(278)) - Got block deletion ACK from datanode, TXIDs=14, success=true
2021-08-15 14:03:33,021 [EventQueue-DeleteBlockStatusForDeletedBlockLogImpl] DEBUG block.DeletedBlockLogImpl (DeletedBlockLogImpl.java:commitTransactions(224)) - Transaction txId=14 commit by dnId=0475d2c2-d46f-403e-95a5-8ff1a5c32338 for containerID=#14 failed. Corresponding entry not found.
2021-08-15 14:03:33,021 [EventQueue-DeleteBlockStatusForDeletedBlockLogImpl] DEBUG block.DeletedBlockLogImpl (DeletedBlockLogImpl.java:isTransactionFailed(278)) - Got block deletion ACK from datanode, TXIDs=15, success=true
2021-08-15 14:03:33,021 [EventQueue-DeleteBlockStatusForDeletedBlockLogImpl] DEBUG block.DeletedBlockLogImpl (DeletedBlockLogImpl.java:commitTransactions(224)) - Transaction txId=15 commit by dnId=0475d2c2-d46f-403e-95a5-8ff1a5c32338 for containerID=#15 failed. Corresponding entry not found.
2021-08-15 14:03:33,021 [EventQueue-DeleteBlockStatusForDeletedBlockLogImpl] DEBUG block.DeletedBlockLogImpl (DeletedBlockLogImpl.java:isTransactionFailed(278)) - Got block deletion ACK from datanode, TXIDs=16, success=true
2021-08-15 14:03:33,021 [EventQueue-DeleteBlockStatusForDeletedBlockLogImpl] DEBUG block.DeletedBlockLogImpl (DeletedBlockLogImpl.java:commitTransactions(224)) - Transaction txId=16 commit by dnId=0475d2c2-d46f-403e-95a5-8ff1a5c32338 for containerID=#16 failed. Corresponding entry not found.
2021-08-15 14:03:33,021 [EventQueue-DeleteBlockStatusForDeletedBlockLogImpl] DEBUG block.DeletedBlockLogImpl (DeletedBlockLogImpl.java:isTransactionFailed(278)) - Got block deletion ACK from datanode, TXIDs=17, success=true
2021-08-15 14:03:33,021 [EventQueue-DeleteBlockStatusForDeletedBlockLogImpl] DEBUG block.DeletedBlockLogImpl (DeletedBlockLogImpl.java:commitTransactions(224)) - Transaction txId=17 commit by dnId=0475d2c2-d46f-403e-95a5-8ff1a5c32338 for containerID=#17 failed. Corresponding entry not found.
2021-08-15 14:03:33,021 [EventQueue-DeleteBlockStatusForDeletedBlockLogImpl] DEBUG block.DeletedBlockLogImpl (DeletedBlockLogImpl.java:isTransactionFailed(278)) - Got block deletion ACK from datanode, TXIDs=18, success=true
2021-08-15 14:03:33,021 [EventQueue-DeleteBlockStatusForDeletedBlockLogImpl] DEBUG block.DeletedBlockLogImpl (DeletedBlockLogImpl.java:commitTransactions(224)) - Transaction txId=18 commit by dnId=0475d2c2-d46f-403e-95a5-8ff1a5c32338 for containerID=#18 failed. Corresponding entry not found.
2021-08-15 14:03:33,021 [EventQueue-DeleteBlockStatusForDeletedBlockLogImpl] DEBUG block.DeletedBlockLogImpl (DeletedBlockLogImpl.java:isTransactionFailed(278)) - Got block deletion ACK from datanode, TXIDs=19, success=true
2021-08-15 14:03:33,021 [EventQueue-DeleteBlockStatusForDeletedBlockLogImpl] DEBUG block.DeletedBlockLogImpl (DeletedBlockLogImpl.java:commitTransactions(224)) - Transaction txId=19 commit by dnId=0475d2c2-d46f-403e-95a5-8ff1a5c32338 for containerID=#19 failed. Corresponding entry not found.
2021-08-15 14:03:33,021 [EventQueue-DeleteBlockStatusForDeletedBlockLogImpl] DEBUG block.DeletedBlockLogImpl (DeletedBlockLogImpl.java:isTransactionFailed(278)) - Got block deletion ACK from datanode, TXIDs=20, success=true
2021-08-15 14:03:33,021 [EventQueue-DeleteBlockStatusForDeletedBlockLogImpl] DEBUG block.DeletedBlockLogImpl (DeletedBlockLogImpl.java:commitTransactions(224)) - Transaction txId=20 commit by dnId=0475d2c2-d46f-403e-95a5-8ff1a5c32338 for containerID=#20 failed. Corresponding entry not found.
2021-08-15 14:03:33,028 [EventQueue-DeleteBlockStatusForDeletedBlockLogImpl] DEBUG block.DeletedBlockLogImpl (DeletedBlockLogImpl.java:isTransactionFailed(278)) - Got block deletion ACK from datanode, TXIDs=21, success=true
2021-08-15 14:03:33,028 [EventQueue-DeleteBlockStatusForDeletedBlockLogImpl] DEBUG block.DeletedBlockLogImpl (DeletedBlockLogImpl.java:commitTransactions(224)) - Transaction txId=21 commit by dnId=0475d2c2-d46f-403e-95a5-8ff1a5c32338 for containerID=#21 failed. Corresponding entry not found.
2021-08-15 14:03:33,028 [EventQueue-DeleteBlockStatusForDeletedBlockLogImpl] DEBUG block.DeletedBlockLogImpl (DeletedBlockLogImpl.java:isTransactionFailed(278)) - Got block deletion ACK from datanode, TXIDs=22, success=true
2021-08-15 14:03:33,028 [EventQueue-DeleteBlockStatusForDeletedBlockLogImpl] DEBUG block.DeletedBlockLogImpl (DeletedBlockLogImpl.java:commitTransactions(224)) - Transaction txId=22 commit by dnId=0475d2c2-d46f-403e-95a5-8ff1a5c32338 for containerID=#22 failed. Corresponding entry not found.
2021-08-15 14:03:33,028 [EventQueue-DeleteBlockStatusForDeletedBlockLogImpl] DEBUG block.DeletedBlockLogImpl (DeletedBlockLogImpl.java:isTransactionFailed(278)) - Got block deletion ACK from datanode, TXIDs=23, success=true
2021-08-15 14:03:33,028 [EventQueue-DeleteBlockStatusForDeletedBlockLogImpl] DEBUG block.DeletedBlockLogImpl (DeletedBlockLogImpl.java:commitTransactions(224)) - Transaction txId=23 commit by dnId=0475d2c2-d46f-403e-95a5-8ff1a5c32338 for containerID=#23 failed. Corresponding entry not found.
2021-08-15 14:03:33,028 [EventQueue-DeleteBlockStatusForDeletedBlockLogImpl] DEBUG block.DeletedBlockLogImpl (DeletedBlockLogImpl.java:isTransactionFailed(278)) - Got block deletion ACK from datanode, TXIDs=24, success=true
2021-08-15 14:03:33,028 [EventQueue-DeleteBlockStatusForDeletedBlockLogImpl] DEBUG block.DeletedBlockLogImpl (DeletedBlockLogImpl.java:commitTransactions(224)) - Transaction txId=24 commit by dnId=0475d2c2-d46f-403e-95a5-8ff1a5c32338 for containerID=#24 failed. Corresponding entry not found.
2021-08-15 14:03:33,028 [EventQueue-DeleteBlockStatusForDeletedBlockLogImpl] DEBUG block.DeletedBlockLogImpl (DeletedBlockLogImpl.java:isTransactionFailed(278)) - Got block deletion ACK from datanode, TXIDs=25, success=true
2021-08-15 14:03:33,028 [EventQueue-DeleteBlockStatusForDeletedBlockLogImpl] DEBUG block.DeletedBlockLogImpl (DeletedBlockLogImpl.java:commitTransactions(224)) - Transaction txId=25 commit by dnId=0475d2c2-d46f-403e-95a5-8ff1a5c32338 for containerID=#25 failed. Corresponding entry not found.
2021-08-15 14:03:33,028 [EventQueue-DeleteBlockStatusForDeletedBlockLogImpl] DEBUG block.DeletedBlockLogImpl (DeletedBlockLogImpl.java:isTransactionFailed(278)) - Got block deletion ACK from datanode, TXIDs=26, success=true
2021-08-15 14:03:33,028 [EventQueue-DeleteBlockStatusForDeletedBlockLogImpl] DEBUG block.DeletedBlockLogImpl (DeletedBlockLogImpl.java:commitTransactions(224)) - Transaction txId=26 commit by dnId=0475d2c2-d46f-403e-95a5-8ff1a5c32338 for containerID=#26 failed. Corresponding entry not found.
2021-08-15 14:03:33,028 [EventQueue-DeleteBlockStatusForDeletedBlockLogImpl] DEBUG block.DeletedBlockLogImpl (DeletedBlockLogImpl.java:isTransactionFailed(278)) - Got block deletion ACK from datanode, TXIDs=27, success=true
2021-08-15 14:03:33,028 [EventQueue-DeleteBlockStatusForDeletedBlockLogImpl] DEBUG block.DeletedBlockLogImpl (DeletedBlockLogImpl.java:commitTransactions(224)) - Transaction txId=27 commit by dnId=0475d2c2-d46f-403e-95a5-8ff1a5c32338 for containerID=#27 failed. Corresponding entry not found.
2021-08-15 14:03:33,029 [EventQueue-DeleteBlockStatusForDeletedBlockLogImpl] DEBUG block.DeletedBlockLogImpl (DeletedBlockLogImpl.java:isTransactionFailed(278)) - Got block deletion ACK from datanode, TXIDs=28, success=true
2021-08-15 14:03:33,029 [EventQueue-DeleteBlockStatusForDeletedBlockLogImpl] DEBUG block.DeletedBlockLogImpl (DeletedBlockLogImpl.java:commitTransactions(224)) - Transaction txId=28 commit by dnId=0475d2c2-d46f-403e-95a5-8ff1a5c32338 for containerID=#28 failed. Corresponding entry not found.
2021-08-15 14:03:33,029 [EventQueue-DeleteBlockStatusForDeletedBlockLogImpl] DEBUG block.DeletedBlockLogImpl (DeletedBlockLogImpl.java:isTransactionFailed(278)) - Got block deletion ACK from datanode, TXIDs=29, success=true
2021-08-15 14:03:33,029 [EventQueue-DeleteBlockStatusForDeletedBlockLogImpl] DEBUG block.DeletedBlockLogImpl (DeletedBlockLogImpl.java:commitTransactions(224)) - Transaction txId=29 commit by dnId=0475d2c2-d46f-403e-95a5-8ff1a5c32338 for containerID=#29 failed. Corresponding entry not found.
2021-08-15 14:03:33,029 [EventQueue-DeleteBlockStatusForDeletedBlockLogImpl] DEBUG block.DeletedBlockLogImpl (DeletedBlockLogImpl.java:isTransactionFailed(278)) - Got block deletion ACK from datanode, TXIDs=30, success=true
2021-08-15 14:03:33,029 [EventQueue-DeleteBlockStatusForDeletedBlockLogImpl] DEBUG block.DeletedBlockLogImpl (DeletedBlockLogImpl.java:commitTransactions(224)) - Transaction txId=30 commit by dnId=0475d2c2-d46f-403e-95a5-8ff1a5c32338 for containerID=#30 failed. Corresponding entry not found.
2021-08-15 14:03:33,029 [EventQueue-DeleteBlockStatusForDeletedBlockLogImpl] DEBUG block.DeletedBlockLogImpl (DeletedBlockLogImpl.java:isTransactionFailed(278)) - Got block deletion ACK from datanode, TXIDs=31, success=true
2021-08-15 14:03:33,029 [EventQueue-DeleteBlockStatusForDeletedBlockLogImpl] DEBUG block.DeletedBlockLogImpl (DeletedBlockLogImpl.java:commitTransactions(224)) - Transaction txId=31 commit by dnId=0475d2c2-d46f-403e-95a5-8ff1a5c32338 for containerID=#31 failed. Corresponding entry not found.
2021-08-15 14:03:33,029 [EventQueue-DeleteBlockStatusForDeletedBlockLogImpl] DEBUG block.DeletedBlockLogImpl (DeletedBlockLogImpl.java:isTransactionFailed(278)) - Got block deletion ACK from datanode, TXIDs=32, success=true
2021-08-15 14:03:33,029 [EventQueue-DeleteBlockStatusForDeletedBlockLogImpl] DEBUG block.DeletedBlockLogImpl (DeletedBlockLogImpl.java:commitTransactions(224)) - Transaction txId=32 commit by dnId=0475d2c2-d46f-403e-95a5-8ff1a5c32338 for containerID=#32 failed. Corresponding entry not found.
2021-08-15 14:03:33,029 [EventQueue-DeleteBlockStatusForDeletedBlockLogImpl] DEBUG block.DeletedBlockLogImpl (DeletedBlockLogImpl.java:isTransactionFailed(278)) - Got block deletion ACK from datanode, TXIDs=33, success=true
2021-08-15 14:03:33,029 [EventQueue-DeleteBlockStatusForDeletedBlockLogImpl] DEBUG block.DeletedBlockLogImpl (DeletedBlockLogImpl.java:commitTransactions(224)) - Transaction txId=33 commit by dnId=0475d2c2-d46f-403e-95a5-8ff1a5c32338 for containerID=#33 failed. Corresponding entry not found.
2021-08-15 14:03:33,029 [EventQueue-DeleteBlockStatusForDeletedBlockLogImpl] DEBUG block.DeletedBlockLogImpl (DeletedBlockLogImpl.java:isTransactionFailed(278)) - Got block deletion ACK from datanode, TXIDs=34, success=true
2021-08-15 14:03:33,030 [EventQueue-DeleteBlockStatusForDeletedBlockLogImpl] DEBUG block.DeletedBlockLogImpl (DeletedBlockLogImpl.java:commitTransactions(224)) - Transaction txId=34 commit by dnId=0475d2c2-d46f-403e-95a5-8ff1a5c32338 for containerID=#34 failed. Corresponding entry not found.
2021-08-15 14:03:33,030 [EventQueue-DeleteBlockStatusForDeletedBlockLogImpl] DEBUG block.DeletedBlockLogImpl (DeletedBlockLogImpl.java:isTransactionFailed(278)) - Got block deletion ACK from datanode, TXIDs=35, success=true
2021-08-15 14:03:33,030 [EventQueue-DeleteBlockStatusForDeletedBlockLogImpl] DEBUG block.DeletedBlockLogImpl (DeletedBlockLogImpl.java:commitTransactions(224)) - Transaction txId=35 commit by dnId=0475d2c2-d46f-403e-95a5-8ff1a5c32338 for containerID=#35 failed. Corresponding entry not found.
2021-08-15 14:03:33,030 [EventQueue-DeleteBlockStatusForDeletedBlockLogImpl] DEBUG block.DeletedBlockLogImpl (DeletedBlockLogImpl.java:isTransactionFailed(278)) - Got block deletion ACK from datanode, TXIDs=36, success=true
2021-08-15 14:03:33,030 [EventQueue-DeleteBlockStatusForDeletedBlockLogImpl] DEBUG block.DeletedBlockLogImpl (DeletedBlockLogImpl.java:commitTransactions(224)) - Transaction txId=36 commit by dnId=0475d2c2-d46f-403e-95a5-8ff1a5c32338 for containerID=#36 failed. Corresponding entry not found.
2021-08-15 14:03:33,030 [EventQueue-DeleteBlockStatusForDeletedBlockLogImpl] DEBUG block.DeletedBlockLogImpl (DeletedBlockLogImpl.java:isTransactionFailed(278)) - Got block deletion ACK from datanode, TXIDs=37, success=true
2021-08-15 14:03:33,030 [EventQueue-DeleteBlockStatusForDeletedBlockLogImpl] DEBUG block.DeletedBlockLogImpl (DeletedBlockLogImpl.java:commitTransactions(224)) - Transaction txId=37 commit by dnId=0475d2c2-d46f-403e-95a5-8ff1a5c32338 for containerID=#37 failed. Corresponding entry not found.
2021-08-15 14:03:33,030 [EventQueue-DeleteBlockStatusForDeletedBlockLogImpl] DEBUG block.DeletedBlockLogImpl (DeletedBlockLogImpl.java:isTransactionFailed(278)) - Got block deletion ACK from datanode, TXIDs=38, success=true
2021-08-15 14:03:33,030 [EventQueue-DeleteBlockStatusForDeletedBlockLogImpl] DEBUG block.DeletedBlockLogImpl (DeletedBlockLogImpl.java:commitTransactions(224)) - Transaction txId=38 commit by dnId=0475d2c2-d46f-403e-95a5-8ff1a5c32338 for containerID=#38 failed. Corresponding entry not found.
2021-08-15 14:03:33,030 [EventQueue-DeleteBlockStatusForDeletedBlockLogImpl] DEBUG block.DeletedBlockLogImpl (DeletedBlockLogImpl.java:isTransactionFailed(278)) - Got block deletion ACK from datanode, TXIDs=39, success=true
2021-08-15 14:03:33,030 [EventQueue-DeleteBlockStatusForDeletedBlockLogImpl] DEBUG block.DeletedBlockLogImpl (DeletedBlockLogImpl.java:commitTransactions(224)) - Transaction txId=39 commit by dnId=0475d2c2-d46f-403e-95a5-8ff1a5c32338 for containerID=#39 failed. Corresponding entry not found.
2021-08-15 14:03:33,030 [EventQueue-DeleteBlockStatusForDeletedBlockLogImpl] DEBUG block.DeletedBlockLogImpl (DeletedBlockLogImpl.java:isTransactionFailed(278)) - Got block deletion ACK from datanode, TXIDs=40, success=true
2021-08-15 14:03:33,030 [EventQueue-DeleteBlockStatusForDeletedBlockLogImpl] DEBUG block.DeletedBlockLogImpl (DeletedBlockLogImpl.java:commitTransactions(224)) - Transaction txId=40 commit by dnId=0475d2c2-d46f-403e-95a5-8ff1a5c32338 for containerID=#40 failed. Corresponding entry not found.
2021-08-15 14:03:33,030 [EventQueue-DeleteBlockStatusForDeletedBlockLogImpl] DEBUG block.DeletedBlockLogImpl (DeletedBlockLogImpl.java:isTransactionFailed(278)) - Got block deletion ACK from datanode, TXIDs=41, success=true
2021-08-15 14:03:33,030 [EventQueue-DeleteBlockStatusForDeletedBlockLogImpl] DEBUG block.DeletedBlockLogImpl (DeletedBlockLogImpl.java:commitTransactions(224)) - Transaction txId=41 commit by dnId=0475d2c2-d46f-403e-95a5-8ff1a5c32338 for containerID=#41 failed. Corresponding entry not found.
2021-08-15 14:03:33,030 [EventQueue-DeleteBlockStatusForDeletedBlockLogImpl] DEBUG block.DeletedBlockLogImpl (DeletedBlockLogImpl.java:isTransactionFailed(278)) - Got block deletion ACK from datanode, TXIDs=42, success=true
2021-08-15 14:03:33,030 [EventQueue-DeleteBlockStatusForDeletedBlockLogImpl] DEBUG block.DeletedBlockLogImpl (DeletedBlockLogImpl.java:commitTransactions(224)) - Transaction txId=42 commit by dnId=0475d2c2-d46f-403e-95a5-8ff1a5c32338 for containerID=#42 failed. Corresponding entry not found.
2021-08-15 14:03:33,030 [EventQueue-DeleteBlockStatusForDeletedBlockLogImpl] DEBUG block.DeletedBlockLogImpl (DeletedBlockLogImpl.java:isTransactionFailed(278)) - Got block deletion ACK from datanode, TXIDs=43, success=true
2021-08-15 14:03:33,030 [EventQueue-DeleteBlockStatusForDeletedBlockLogImpl] DEBUG block.DeletedBlockLogImpl (DeletedBlockLogImpl.java:commitTransactions(224)) - Transaction txId=43 commit by dnId=0475d2c2-d46f-403e-95a5-8ff1a5c32338 for containerID=#43 failed. Corresponding entry not found.
2021-08-15 14:03:33,030 [EventQueue-DeleteBlockStatusForDeletedBlockLogImpl] DEBUG block.DeletedBlockLogImpl (DeletedBlockLogImpl.java:isTransactionFailed(278)) - Got block deletion ACK from datanode, TXIDs=44, success=true
2021-08-15 14:03:33,030 [EventQueue-DeleteBlockStatusForDeletedBlockLogImpl] DEBUG block.DeletedBlockLogImpl (DeletedBlockLogImpl.java:commitTransactions(224)) - Transaction txId=44 commit by dnId=0475d2c2-d46f-403e-95a5-8ff1a5c32338 for containerID=#44 failed. Corresponding entry not found.
2021-08-15 14:03:33,030 [EventQueue-DeleteBlockStatusForDeletedBlockLogImpl] DEBUG block.DeletedBlockLogImpl (DeletedBlockLogImpl.java:isTransactionFailed(278)) - Got block deletion ACK from datanode, TXIDs=45, success=true
2021-08-15 14:03:33,030 [EventQueue-DeleteBlockStatusForDeletedBlockLogImpl] DEBUG block.DeletedBlockLogImpl (DeletedBlockLogImpl.java:commitTransactions(224)) - Transaction txId=45 commit by dnId=0475d2c2-d46f-403e-95a5-8ff1a5c32338 for containerID=#45 failed. Corresponding entry not found.
2021-08-15 14:03:33,030 [EventQueue-DeleteBlockStatusForDeletedBlockLogImpl] DEBUG block.DeletedBlockLogImpl (DeletedBlockLogImpl.java:isTransactionFailed(278)) - Got block deletion ACK from datanode, TXIDs=46, success=true
2021-08-15 14:03:33,030 [EventQueue-DeleteBlockStatusForDeletedBlockLogImpl] DEBUG block.DeletedBlockLogImpl (DeletedBlockLogImpl.java:commitTransactions(224)) - Transaction txId=46 commit by dnId=0475d2c2-d46f-403e-95a5-8ff1a5c32338 for containerID=#46 failed. Corresponding entry not found.
2021-08-15 14:03:33,030 [EventQueue-DeleteBlockStatusForDeletedBlockLogImpl] DEBUG block.DeletedBlockLogImpl (DeletedBlockLogImpl.java:isTransactionFailed(278)) - Got block deletion ACK from datanode, TXIDs=47, success=true
2021-08-15 14:03:33,031 [EventQueue-DeleteBlockStatusForDeletedBlockLogImpl] DEBUG block.DeletedBlockLogImpl (DeletedBlockLogImpl.java:commitTransactions(224)) - Transaction txId=47 commit by dnId=0475d2c2-d46f-403e-95a5-8ff1a5c32338 for containerID=#47 failed. Corresponding entry not found.
2021-08-15 14:03:33,031 [EventQueue-DeleteBlockStatusForDeletedBlockLogImpl] DEBUG block.DeletedBlockLogImpl (DeletedBlockLogImpl.java:isTransactionFailed(278)) - Got block deletion ACK from datanode, TXIDs=48, success=true
2021-08-15 14:03:33,031 [EventQueue-DeleteBlockStatusForDeletedBlockLogImpl] DEBUG block.DeletedBlockLogImpl (DeletedBlockLogImpl.java:commitTransactions(224)) - Transaction txId=48 commit by dnId=0475d2c2-d46f-403e-95a5-8ff1a5c32338 for containerID=#48 failed. Corresponding entry not found.
2021-08-15 14:03:33,031 [EventQueue-DeleteBlockStatusForDeletedBlockLogImpl] DEBUG block.DeletedBlockLogImpl (DeletedBlockLogImpl.java:isTransactionFailed(278)) - Got block deletion ACK from datanode, TXIDs=49, success=true
2021-08-15 14:03:33,031 [EventQueue-DeleteBlockStatusForDeletedBlockLogImpl] DEBUG block.DeletedBlockLogImpl (DeletedBlockLogImpl.java:commitTransactions(224)) - Transaction txId=49 commit by dnId=0475d2c2-d46f-403e-95a5-8ff1a5c32338 for containerID=#49 failed. Corresponding entry not found.
2021-08-15 14:03:33,031 [EventQueue-DeleteBlockStatusForDeletedBlockLogImpl] DEBUG block.DeletedBlockLogImpl (DeletedBlockLogImpl.java:isTransactionFailed(278)) - Got block deletion ACK from datanode, TXIDs=50, success=true
2021-08-15 14:03:33,031 [EventQueue-DeleteBlockStatusForDeletedBlockLogImpl] DEBUG block.DeletedBlockLogImpl (DeletedBlockLogImpl.java:commitTransactions(224)) - Transaction txId=50 commit by dnId=0475d2c2-d46f-403e-95a5-8ff1a5c32338 for containerID=#50 failed. Corresponding entry not found.
2021-08-15 14:03:33,031 [EventQueue-DeleteBlockStatusForDeletedBlockLogImpl] DEBUG block.DeletedBlockLogImpl (DeletedBlockLogImpl.java:isTransactionFailed(278)) - Got block deletion ACK from datanode, TXIDs=51, success=true
2021-08-15 14:03:33,031 [EventQueue-DeleteBlockStatusForDeletedBlockLogImpl] DEBUG block.DeletedBlockLogImpl (DeletedBlockLogImpl.java:commitTransactions(224)) - Transaction txId=51 commit by dnId=0475d2c2-d46f-403e-95a5-8ff1a5c32338 for containerID=#51 failed. Corresponding entry not found.
2021-08-15 14:03:33,031 [EventQueue-DeleteBlockStatusForDeletedBlockLogImpl] DEBUG block.DeletedBlockLogImpl (DeletedBlockLogImpl.java:isTransactionFailed(278)) - Got block deletion ACK from datanode, TXIDs=52, success=true
2021-08-15 14:03:33,031 [EventQueue-DeleteBlockStatusForDeletedBlockLogImpl] DEBUG block.DeletedBlockLogImpl (DeletedBlockLogImpl.java:commitTransactions(224)) - Transaction txId=52 commit by dnId=0475d2c2-d46f-403e-95a5-8ff1a5c32338 for containerID=#52 failed. Corresponding entry not found.
2021-08-15 14:03:33,031 [EventQueue-DeleteBlockStatusForDeletedBlockLogImpl] DEBUG block.DeletedBlockLogImpl (DeletedBlockLogImpl.java:isTransactionFailed(278)) - Got block deletion ACK from datanode, TXIDs=53, success=true
2021-08-15 14:03:33,031 [EventQueue-DeleteBlockStatusForDeletedBlockLogImpl] DEBUG block.DeletedBlockLogImpl (DeletedBlockLogImpl.java:commitTransactions(224)) - Transaction txId=53 commit by dnId=0475d2c2-d46f-403e-95a5-8ff1a5c32338 for containerID=#53 failed. Corresponding entry not found.
2021-08-15 14:03:33,031 [EventQueue-DeleteBlockStatusForDeletedBlockLogImpl] DEBUG block.DeletedBlockLogImpl (DeletedBlockLogImpl.java:isTransactionFailed(278)) - Got block deletion ACK from datanode, TXIDs=54, success=true
2021-08-15 14:03:33,031 [EventQueue-DeleteBlockStatusForDeletedBlockLogImpl] DEBUG block.DeletedBlockLogImpl (DeletedBlockLogImpl.java:commitTransactions(224)) - Transaction txId=54 commit by dnId=0475d2c2-d46f-403e-95a5-8ff1a5c32338 for containerID=#54 failed. Corresponding entry not found.
2021-08-15 14:03:33,031 [EventQueue-DeleteBlockStatusForDeletedBlockLogImpl] DEBUG block.DeletedBlockLogImpl (DeletedBlockLogImpl.java:isTransactionFailed(278)) - Got block deletion ACK from datanode, TXIDs=55, success=true
2021-08-15 14:03:33,031 [EventQueue-DeleteBlockStatusForDeletedBlockLogImpl] DEBUG block.DeletedBlockLogImpl (DeletedBlockLogImpl.java:commitTransactions(224)) - Transaction txId=55 commit by dnId=0475d2c2-d46f-403e-95a5-8ff1a5c32338 for containerID=#55 failed. Corresponding entry not found.
2021-08-15 14:03:33,031 [EventQueue-DeleteBlockStatusForDeletedBlockLogImpl] DEBUG block.DeletedBlockLogImpl (DeletedBlockLogImpl.java:isTransactionFailed(278)) - Got block deletion ACK from datanode, TXIDs=56, success=true
2021-08-15 14:03:33,031 [EventQueue-DeleteBlockStatusForDeletedBlockLogImpl] DEBUG block.DeletedBlockLogImpl (DeletedBlockLogImpl.java:commitTransactions(224)) - Transaction txId=56 commit by dnId=0475d2c2-d46f-403e-95a5-8ff1a5c32338 for containerID=#56 failed. Corresponding entry not found.
2021-08-15 14:03:33,032 [EventQueue-DeleteBlockStatusForDeletedBlockLogImpl] DEBUG block.DeletedBlockLogImpl (DeletedBlockLogImpl.java:isTransactionFailed(278)) - Got block deletion ACK from datanode, TXIDs=1, success=true
2021-08-15 14:03:33,032 [EventQueue-DeleteBlockStatusForDeletedBlockLogImpl] DEBUG block.DeletedBlockLogImpl (DeletedBlockLogImpl.java:commitTransactions(224)) - Transaction txId=1 commit by dnId=0475d2c2-d46f-403e-95a5-8ff1a5c32338 for containerID=#1 failed. Corresponding entry not found.
2021-08-15 14:03:33,032 [EventQueue-DeleteBlockStatusForDeletedBlockLogImpl] DEBUG block.DeletedBlockLogImpl (DeletedBlockLogImpl.java:isTransactionFailed(278)) - Got block deletion ACK from datanode, TXIDs=2, success=true
2021-08-15 14:03:33,032 [EventQueue-DeleteBlockStatusForDeletedBlockLogImpl] DEBUG block.DeletedBlockLogImpl (DeletedBlockLogImpl.java:commitTransactions(224)) - Transaction txId=2 commit by dnId=0475d2c2-d46f-403e-95a5-8ff1a5c32338 for containerID=#2 failed. Corresponding entry not found.
2021-08-15 14:03:33,032 [EventQueue-DeleteBlockStatusForDeletedBlockLogImpl] DEBUG block.DeletedBlockLogImpl (DeletedBlockLogImpl.java:isTransactionFailed(278)) - Got block deletion ACK from datanode, TXIDs=3, success=true
2021-08-15 14:03:33,032 [EventQueue-DeleteBlockStatusForDeletedBlockLogImpl] DEBUG block.DeletedBlockLogImpl (DeletedBlockLogImpl.java:commitTransactions(224)) - Transaction txId=3 commit by dnId=0475d2c2-d46f-403e-95a5-8ff1a5c32338 for containerID=#3 failed. Corresponding entry not found.
2021-08-15 14:03:33,032 [EventQueue-DeleteBlockStatusForDeletedBlockLogImpl] DEBUG block.DeletedBlockLogImpl (DeletedBlockLogImpl.java:isTransactionFailed(278)) - Got block deletion ACK from datanode, TXIDs=4, success=true
2021-08-15 14:03:33,032 [EventQueue-DeleteBlockStatusForDeletedBlockLogImpl] DEBUG block.DeletedBlockLogImpl (DeletedBlockLogImpl.java:commitTransactions(224)) - Transaction txId=4 commit by dnId=0475d2c2-d46f-403e-95a5-8ff1a5c32338 for containerID=#4 failed. Corresponding entry not found.
2021-08-15 14:03:33,044 [EventQueue-DeleteBlockStatusForDeletedBlockLogImpl] DEBUG block.DeletedBlockLogImpl (DeletedBlockLogImpl.java:isTransactionFailed(278)) - Got block deletion ACK from datanode, TXIDs=5, success=true
2021-08-15 14:03:33,044 [EventQueue-DeleteBlockStatusForDeletedBlockLogImpl] DEBUG block.DeletedBlockLogImpl (DeletedBlockLogImpl.java:commitTransactions(224)) - Transaction txId=5 commit by dnId=0475d2c2-d46f-403e-95a5-8ff1a5c32338 for containerID=#5 failed. Corresponding entry not found.
2021-08-15 14:03:33,044 [EventQueue-DeleteBlockStatusForDeletedBlockLogImpl] DEBUG block.DeletedBlockLogImpl (DeletedBlockLogImpl.java:isTransactionFailed(278)) - Got block deletion ACK from datanode, TXIDs=6, success=true
2021-08-15 14:03:33,044 [EventQueue-DeleteBlockStatusForDeletedBlockLogImpl] DEBUG block.DeletedBlockLogImpl (DeletedBlockLogImpl.java:commitTransactions(224)) - Transaction txId=6 commit by dnId=0475d2c2-d46f-403e-95a5-8ff1a5c32338 for containerID=#6 failed. Corresponding entry not found.
2021-08-15 14:03:33,044 [EventQueue-DeleteBlockStatusForDeletedBlockLogImpl] DEBUG block.DeletedBlockLogImpl (DeletedBlockLogImpl.java:isTransactionFailed(278)) - Got block deletion ACK from datanode, TXIDs=7, success=true
2021-08-15 14:03:33,044 [EventQueue-DeleteBlockStatusForDeletedBlockLogImpl] DEBUG block.DeletedBlockLogImpl (DeletedBlockLogImpl.java:commitTransactions(224)) - Transaction txId=7 commit by dnId=0475d2c2-d46f-403e-95a5-8ff1a5c32338 for containerID=#7 failed. Corresponding entry not found.
2021-08-15 14:03:33,044 [EventQueue-DeleteBlockStatusForDeletedBlockLogImpl] DEBUG block.DeletedBlockLogImpl (DeletedBlockLogImpl.java:isTransactionFailed(278)) - Got block deletion ACK from datanode, TXIDs=8, success=true
2021-08-15 14:03:33,044 [EventQueue-DeleteBlockStatusForDeletedBlockLogImpl] DEBUG block.DeletedBlockLogImpl (DeletedBlockLogImpl.java:commitTransactions(224)) - Transaction txId=8 commit by dnId=0475d2c2-d46f-403e-95a5-8ff1a5c32338 for containerID=#8 failed. Corresponding entry not found.
2021-08-15 14:03:33,044 [EventQueue-DeleteBlockStatusForDeletedBlockLogImpl] DEBUG block.DeletedBlockLogImpl (DeletedBlockLogImpl.java:isTransactionFailed(278)) - Got block deletion ACK from datanode, TXIDs=9, success=true
2021-08-15 14:03:33,044 [EventQueue-DeleteBlockStatusForDeletedBlockLogImpl] DEBUG block.DeletedBlockLogImpl (DeletedBlockLogImpl.java:commitTransactions(224)) - Transaction txId=9 commit by dnId=0475d2c2-d46f-403e-95a5-8ff1a5c32338 for containerID=#9 failed. Corresponding entry not found.
2021-08-15 14:03:33,044 [EventQueue-DeleteBlockStatusForDeletedBlockLogImpl] DEBUG block.DeletedBlockLogImpl (DeletedBlockLogImpl.java:isTransactionFailed(278)) - Got block deletion ACK from datanode, TXIDs=10, success=true
2021-08-15 14:03:33,044 [EventQueue-DeleteBlockStatusForDeletedBlockLogImpl] DEBUG block.DeletedBlockLogImpl (DeletedBlockLogImpl.java:commitTransactions(224)) - Transaction txId=10 commit by dnId=0475d2c2-d46f-403e-95a5-8ff1a5c32338 for containerID=#10 failed. Corresponding entry not found.
2021-08-15 14:03:33,044 [EventQueue-DeleteBlockStatusForDeletedBlockLogImpl] DEBUG block.DeletedBlockLogImpl (DeletedBlockLogImpl.java:isTransactionFailed(278)) - Got block deletion ACK from datanode, TXIDs=11, success=true
2021-08-15 14:03:33,044 [EventQueue-DeleteBlockStatusForDeletedBlockLogImpl] DEBUG block.DeletedBlockLogImpl (DeletedBlockLogImpl.java:commitTransactions(224)) - Transaction txId=11 commit by dnId=0475d2c2-d46f-403e-95a5-8ff1a5c32338 for containerID=#11 failed. Corresponding entry not found.
2021-08-15 14:03:33,045 [EventQueue-DeleteBlockStatusForDeletedBlockLogImpl] DEBUG block.DeletedBlockLogImpl (DeletedBlockLogImpl.java:isTransactionFailed(278)) - Got block deletion ACK from datanode, TXIDs=12, success=true
2021-08-15 14:03:33,045 [EventQueue-DeleteBlockStatusForDeletedBlockLogImpl] DEBUG block.DeletedBlockLogImpl (DeletedBlockLogImpl.java:commitTransactions(224)) - Transaction txId=12 commit by dnId=0475d2c2-d46f-403e-95a5-8ff1a5c32338 for containerID=#12 failed. Corresponding entry not found.
2021-08-15 14:03:33,045 [EventQueue-DeleteBlockStatusForDeletedBlockLogImpl] DEBUG block.DeletedBlockLogImpl (DeletedBlockLogImpl.java:isTransactionFailed(278)) - Got block deletion ACK from datanode, TXIDs=13, success=true
2021-08-15 14:03:33,045 [EventQueue-DeleteBlockStatusForDeletedBlockLogImpl] DEBUG block.DeletedBlockLogImpl (DeletedBlockLogImpl.java:commitTransactions(224)) - Transaction txId=13 commit by dnId=0475d2c2-d46f-403e-95a5-8ff1a5c32338 for containerID=#13 failed. Corresponding entry not found.
2021-08-15 14:03:33,045 [EventQueue-DeleteBlockStatusForDeletedBlockLogImpl] DEBUG block.DeletedBlockLogImpl (DeletedBlockLogImpl.java:isTransactionFailed(278)) - Got block deletion ACK from datanode, TXIDs=14, success=true
2021-08-15 14:03:33,045 [EventQueue-DeleteBlockStatusForDeletedBlockLogImpl] DEBUG block.DeletedBlockLogImpl (DeletedBlockLogImpl.java:commitTransactions(224)) - Transaction txId=14 commit by dnId=0475d2c2-d46f-403e-95a5-8ff1a5c32338 for containerID=#14 failed. Corresponding entry not found.
2021-08-15 14:03:33,045 [EventQueue-DeleteBlockStatusForDeletedBlockLogImpl] DEBUG block.DeletedBlockLogImpl (DeletedBlockLogImpl.java:isTransactionFailed(278)) - Got block deletion ACK from datanode, TXIDs=15, success=true
2021-08-15 14:03:33,045 [EventQueue-DeleteBlockStatusForDeletedBlockLogImpl] DEBUG block.DeletedBlockLogImpl (DeletedBlockLogImpl.java:commitTransactions(224)) - Transaction txId=15 commit by dnId=0475d2c2-d46f-403e-95a5-8ff1a5c32338 for containerID=#15 failed. Corresponding entry not found.
2021-08-15 14:03:33,046 [EventQueue-DeleteBlockStatusForDeletedBlockLogImpl] DEBUG block.DeletedBlockLogImpl (DeletedBlockLogImpl.java:isTransactionFailed(278)) - Got block deletion ACK from datanode, TXIDs=16, success=true
2021-08-15 14:03:33,046 [EventQueue-DeleteBlockStatusForDeletedBlockLogImpl] DEBUG block.DeletedBlockLogImpl (DeletedBlockLogImpl.java:commitTransactions(224)) - Transaction txId=16 commit by dnId=0475d2c2-d46f-403e-95a5-8ff1a5c32338 for containerID=#16 failed. Corresponding entry not found.
2021-08-15 14:03:33,046 [EventQueue-DeleteBlockStatusForDeletedBlockLogImpl] DEBUG block.DeletedBlockLogImpl (DeletedBlockLogImpl.java:isTransactionFailed(278)) - Got block deletion ACK from datanode, TXIDs=17, success=true
2021-08-15 14:03:33,046 [EventQueue-DeleteBlockStatusForDeletedBlockLogImpl] DEBUG block.DeletedBlockLogImpl (DeletedBlockLogImpl.java:commitTransactions(224)) - Transaction txId=17 commit by dnId=0475d2c2-d46f-403e-95a5-8ff1a5c32338 for containerID=#17 failed. Corresponding entry not found.
2021-08-15 14:03:33,046 [EventQueue-DeleteBlockStatusForDeletedBlockLogImpl] DEBUG block.DeletedBlockLogImpl (DeletedBlockLogImpl.java:isTransactionFailed(278)) - Got block deletion ACK from datanode, TXIDs=18, success=true
2021-08-15 14:03:33,046 [EventQueue-DeleteBlockStatusForDeletedBlockLogImpl] DEBUG block.DeletedBlockLogImpl (DeletedBlockLogImpl.java:commitTransactions(224)) - Transaction txId=18 commit by dnId=0475d2c2-d46f-403e-95a5-8ff1a5c32338 for containerID=#18 failed. Corresponding entry not found.
2021-08-15 14:03:33,046 [EventQueue-DeleteBlockStatusForDeletedBlockLogImpl] DEBUG block.DeletedBlockLogImpl (DeletedBlockLogImpl.java:isTransactionFailed(278)) - Got block deletion ACK from datanode, TXIDs=19, success=true
2021-08-15 14:03:33,046 [EventQueue-DeleteBlockStatusForDeletedBlockLogImpl] DEBUG block.DeletedBlockLogImpl (DeletedBlockLogImpl.java:commitTransactions(224)) - Transaction txId=19 commit by dnId=0475d2c2-d46f-403e-95a5-8ff1a5c32338 for containerID=#19 failed. Corresponding entry not found.
2021-08-15 14:03:33,046 [EventQueue-DeleteBlockStatusForDeletedBlockLogImpl] DEBUG block.DeletedBlockLogImpl (DeletedBlockLogImpl.java:isTransactionFailed(278)) - Got block deletion ACK from datanode, TXIDs=20, success=true
2021-08-15 14:03:33,046 [EventQueue-DeleteBlockStatusForDeletedBlockLogImpl] DEBUG block.DeletedBlockLogImpl (DeletedBlockLogImpl.java:commitTransactions(224)) - Transaction txId=20 commit by dnId=0475d2c2-d46f-403e-95a5-8ff1a5c32338 for containerID=#20 failed. Corresponding entry not found.
2021-08-15 14:03:33,046 [EventQueue-DeleteBlockStatusForDeletedBlockLogImpl] DEBUG block.DeletedBlockLogImpl (DeletedBlockLogImpl.java:isTransactionFailed(278)) - Got block deletion ACK from datanode, TXIDs=21, success=true
2021-08-15 14:03:33,046 [EventQueue-DeleteBlockStatusForDeletedBlockLogImpl] DEBUG block.DeletedBlockLogImpl (DeletedBlockLogImpl.java:commitTransactions(224)) - Transaction txId=21 commit by dnId=0475d2c2-d46f-403e-95a5-8ff1a5c32338 for containerID=#21 failed. Corresponding entry not found.
2021-08-15 14:03:33,046 [EventQueue-DeleteBlockStatusForDeletedBlockLogImpl] DEBUG block.DeletedBlockLogImpl (DeletedBlockLogImpl.java:isTransactionFailed(278)) - Got block deletion ACK from datanode, TXIDs=22, success=true
2021-08-15 14:03:33,046 [EventQueue-DeleteBlockStatusForDeletedBlockLogImpl] DEBUG block.DeletedBlockLogImpl (DeletedBlockLogImpl.java:commitTransactions(224)) - Transaction txId=22 commit by dnId=0475d2c2-d46f-403e-95a5-8ff1a5c32338 for containerID=#22 failed. Corresponding entry not found.
2021-08-15 14:03:33,046 [EventQueue-DeleteBlockStatusForDeletedBlockLogImpl] DEBUG block.DeletedBlockLogImpl (DeletedBlockLogImpl.java:isTransactionFailed(278)) - Got block deletion ACK from datanode, TXIDs=23, success=true
2021-08-15 14:03:33,046 [EventQueue-DeleteBlockStatusForDeletedBlockLogImpl] DEBUG block.DeletedBlockLogImpl (DeletedBlockLogImpl.java:commitTransactions(224)) - Transaction txId=23 commit by dnId=0475d2c2-d46f-403e-95a5-8ff1a5c32338 for containerID=#23 failed. Corresponding entry not found.
2021-08-15 14:03:33,046 [EventQueue-DeleteBlockStatusForDeletedBlockLogImpl] DEBUG block.DeletedBlockLogImpl (DeletedBlockLogImpl.java:isTransactionFailed(278)) - Got block deletion ACK from datanode, TXIDs=24, success=true
2021-08-15 14:03:33,046 [EventQueue-DeleteBlockStatusForDeletedBlockLogImpl] DEBUG block.DeletedBlockLogImpl (DeletedBlockLogImpl.java:commitTransactions(224)) - Transaction txId=24 commit by dnId=0475d2c2-d46f-403e-95a5-8ff1a5c32338 for containerID=#24 failed. Corresponding entry not found.
2021-08-15 14:03:33,046 [EventQueue-DeleteBlockStatusForDeletedBlockLogImpl] DEBUG block.DeletedBlockLogImpl (DeletedBlockLogImpl.java:isTransactionFailed(278)) - Got block deletion ACK from datanode, TXIDs=25, success=true
2021-08-15 14:03:33,046 [EventQueue-DeleteBlockStatusForDeletedBlockLogImpl] DEBUG block.DeletedBlockLogImpl (DeletedBlockLogImpl.java:commitTransactions(224)) - Transaction txId=25 commit by dnId=0475d2c2-d46f-403e-95a5-8ff1a5c32338 for containerID=#25 failed. Corresponding entry not found.
2021-08-15 14:03:33,047 [EventQueue-DeleteBlockStatusForDeletedBlockLogImpl] DEBUG block.DeletedBlockLogImpl (DeletedBlockLogImpl.java:isTransactionFailed(278)) - Got block deletion ACK from datanode, TXIDs=26, success=true
2021-08-15 14:03:33,047 [EventQueue-DeleteBlockStatusForDeletedBlockLogImpl] DEBUG block.DeletedBlockLogImpl (DeletedBlockLogImpl.java:commitTransactions(224)) - Transaction txId=26 commit by dnId=0475d2c2-d46f-403e-95a5-8ff1a5c32338 for containerID=#26 failed. Corresponding entry not found.
2021-08-15 14:03:33,047 [EventQueue-DeleteBlockStatusForDeletedBlockLogImpl] DEBUG block.DeletedBlockLogImpl (DeletedBlockLogImpl.java:isTransactionFailed(278)) - Got block deletion ACK from datanode, TXIDs=27, success=true
2021-08-15 14:03:33,047 [EventQueue-DeleteBlockStatusForDeletedBlockLogImpl] DEBUG block.DeletedBlockLogImpl (DeletedBlockLogImpl.java:commitTransactions(224)) - Transaction txId=27 commit by dnId=0475d2c2-d46f-403e-95a5-8ff1a5c32338 for containerID=#27 failed. Corresponding entry not found.
2021-08-15 14:03:33,047 [EventQueue-DeleteBlockStatusForDeletedBlockLogImpl] DEBUG block.DeletedBlockLogImpl (DeletedBlockLogImpl.java:isTransactionFailed(278)) - Got block deletion ACK from datanode, TXIDs=28, success=true
2021-08-15 14:03:33,047 [EventQueue-DeleteBlockStatusForDeletedBlockLogImpl] DEBUG block.DeletedBlockLogImpl (DeletedBlockLogImpl.java:commitTransactions(224)) - Transaction txId=28 commit by dnId=0475d2c2-d46f-403e-95a5-8ff1a5c32338 for containerID=#28 failed. Corresponding entry not found.
2021-08-15 14:03:33,047 [EventQueue-DeleteBlockStatusForDeletedBlockLogImpl] DEBUG block.DeletedBlockLogImpl (DeletedBlockLogImpl.java:isTransactionFailed(278)) - Got block deletion ACK from datanode, TXIDs=29, success=true
2021-08-15 14:03:33,047 [EventQueue-DeleteBlockStatusForDeletedBlockLogImpl] DEBUG block.DeletedBlockLogImpl (DeletedBlockLogImpl.java:commitTransactions(224)) - Transaction txId=29 commit by dnId=0475d2c2-d46f-403e-95a5-8ff1a5c32338 for containerID=#29 failed. Corresponding entry not found.
2021-08-15 14:03:33,047 [EventQueue-DeleteBlockStatusForDeletedBlockLogImpl] DEBUG block.DeletedBlockLogImpl (DeletedBlockLogImpl.java:isTransactionFailed(278)) - Got block deletion ACK from datanode, TXIDs=30, success=true
2021-08-15 14:03:33,047 [EventQueue-DeleteBlockStatusForDeletedBlockLogImpl] DEBUG block.DeletedBlockLogImpl (DeletedBlockLogImpl.java:commitTransactions(224)) - Transaction txId=30 commit by dnId=0475d2c2-d46f-403e-95a5-8ff1a5c32338 for containerID=#30 failed. Corresponding entry not found.
2021-08-15 14:03:33,047 [EventQueue-DeleteBlockStatusForDeletedBlockLogImpl] DEBUG block.DeletedBlockLogImpl (DeletedBlockLogImpl.java:isTransactionFailed(278)) - Got block deletion ACK from datanode, TXIDs=31, success=true
2021-08-15 14:03:33,047 [EventQueue-DeleteBlockStatusForDeletedBlockLogImpl] DEBUG block.DeletedBlockLogImpl (DeletedBlockLogImpl.java:commitTransactions(224)) - Transaction txId=31 commit by dnId=0475d2c2-d46f-403e-95a5-8ff1a5c32338 for containerID=#31 failed. Corresponding entry not found.
2021-08-15 14:03:33,047 [EventQueue-DeleteBlockStatusForDeletedBlockLogImpl] DEBUG block.DeletedBlockLogImpl (DeletedBlockLogImpl.java:isTransactionFailed(278)) - Got block deletion ACK from datanode, TXIDs=32, success=true
2021-08-15 14:03:33,047 [EventQueue-DeleteBlockStatusForDeletedBlockLogImpl] DEBUG block.DeletedBlockLogImpl (DeletedBlockLogImpl.java:commitTransactions(224)) - Transaction txId=32 commit by dnId=0475d2c2-d46f-403e-95a5-8ff1a5c32338 for containerID=#32 failed. Corresponding entry not found.
2021-08-15 14:03:33,047 [EventQueue-DeleteBlockStatusForDeletedBlockLogImpl] DEBUG block.DeletedBlockLogImpl (DeletedBlockLogImpl.java:isTransactionFailed(278)) - Got block deletion ACK from datanode, TXIDs=33, success=true
2021-08-15 14:03:33,047 [EventQueue-DeleteBlockStatusForDeletedBlockLogImpl] DEBUG block.DeletedBlockLogImpl (DeletedBlockLogImpl.java:commitTransactions(224)) - Transaction txId=33 commit by dnId=0475d2c2-d46f-403e-95a5-8ff1a5c32338 for containerID=#33 failed. Corresponding entry not found.
2021-08-15 14:03:33,047 [EventQueue-DeleteBlockStatusForDeletedBlockLogImpl] DEBUG block.DeletedBlockLogImpl (DeletedBlockLogImpl.java:isTransactionFailed(278)) - Got block deletion ACK from datanode, TXIDs=34, success=true
2021-08-15 14:03:33,047 [EventQueue-DeleteBlockStatusForDeletedBlockLogImpl] DEBUG block.DeletedBlockLogImpl (DeletedBlockLogImpl.java:commitTransactions(224)) - Transaction txId=34 commit by dnId=0475d2c2-d46f-403e-95a5-8ff1a5c32338 for containerID=#34 failed. Corresponding entry not found.
2021-08-15 14:03:33,047 [EventQueue-DeleteBlockStatusForDeletedBlockLogImpl] DEBUG block.DeletedBlockLogImpl (DeletedBlockLogImpl.java:isTransactionFailed(278)) - Got block deletion ACK from datanode, TXIDs=35, success=true
2021-08-15 14:03:33,047 [EventQueue-DeleteBlockStatusForDeletedBlockLogImpl] DEBUG block.DeletedBlockLogImpl (DeletedBlockLogImpl.java:commitTransactions(224)) - Transaction txId=35 commit by dnId=0475d2c2-d46f-403e-95a5-8ff1a5c32338 for containerID=#35 failed. Corresponding entry not found.
2021-08-15 14:03:33,047 [EventQueue-DeleteBlockStatusForDeletedBlockLogImpl] DEBUG block.DeletedBlockLogImpl (DeletedBlockLogImpl.java:isTransactionFailed(278)) - Got block deletion ACK from datanode, TXIDs=36, success=true
2021-08-15 14:03:33,047 [EventQueue-DeleteBlockStatusForDeletedBlockLogImpl] DEBUG block.DeletedBlockLogImpl (DeletedBlockLogImpl.java:commitTransactions(224)) - Transaction txId=36 commit by dnId=0475d2c2-d46f-403e-95a5-8ff1a5c32338 for containerID=#36 failed. Corresponding entry not found.
2021-08-15 14:03:33,052 [EventQueue-DeleteBlockStatusForDeletedBlockLogImpl] DEBUG block.DeletedBlockLogImpl (DeletedBlockLogImpl.java:isTransactionFailed(278)) - Got block deletion ACK from datanode, TXIDs=37, success=true
2021-08-15 14:03:33,053 [EventQueue-DeleteBlockStatusForDeletedBlockLogImpl] DEBUG block.DeletedBlockLogImpl (DeletedBlockLogImpl.java:commitTransactions(224)) - Transaction txId=37 commit by dnId=0475d2c2-d46f-403e-95a5-8ff1a5c32338 for containerID=#37 failed. Corresponding entry not found.
2021-08-15 14:03:33,053 [EventQueue-DeleteBlockStatusForDeletedBlockLogImpl] DEBUG block.DeletedBlockLogImpl (DeletedBlockLogImpl.java:isTransactionFailed(278)) - Got block deletion ACK from datanode, TXIDs=38, success=true
2021-08-15 14:03:33,054 [EventQueue-DeleteBlockStatusForDeletedBlockLogImpl] DEBUG block.DeletedBlockLogImpl (DeletedBlockLogImpl.java:commitTransactions(224)) - Transaction txId=38 commit by dnId=0475d2c2-d46f-403e-95a5-8ff1a5c32338 for containerID=#38 failed. Corresponding entry not found.
2021-08-15 14:03:33,054 [EventQueue-DeleteBlockStatusForDeletedBlockLogImpl] DEBUG block.DeletedBlockLogImpl (DeletedBlockLogImpl.java:isTransactionFailed(278)) - Got block deletion ACK from datanode, TXIDs=39, success=true
2021-08-15 14:03:33,054 [EventQueue-DeleteBlockStatusForDeletedBlockLogImpl] DEBUG block.DeletedBlockLogImpl (DeletedBlockLogImpl.java:commitTransactions(224)) - Transaction txId=39 commit by dnId=0475d2c2-d46f-403e-95a5-8ff1a5c32338 for containerID=#39 failed. Corresponding entry not found.
2021-08-15 14:03:33,054 [EventQueue-DeleteBlockStatusForDeletedBlockLogImpl] DEBUG block.DeletedBlockLogImpl (DeletedBlockLogImpl.java:isTransactionFailed(278)) - Got block deletion ACK from datanode, TXIDs=40, success=true
2021-08-15 14:03:33,054 [EventQueue-DeleteBlockStatusForDeletedBlockLogImpl] DEBUG block.DeletedBlockLogImpl (DeletedBlockLogImpl.java:commitTransactions(224)) - Transaction txId=40 commit by dnId=0475d2c2-d46f-403e-95a5-8ff1a5c32338 for containerID=#40 failed. Corresponding entry not found.
2021-08-15 14:03:33,054 [EventQueue-DeleteBlockStatusForDeletedBlockLogImpl] DEBUG block.DeletedBlockLogImpl (DeletedBlockLogImpl.java:isTransactionFailed(278)) - Got block deletion ACK from datanode, TXIDs=41, success=true
2021-08-15 14:03:33,054 [EventQueue-DeleteBlockStatusForDeletedBlockLogImpl] DEBUG block.DeletedBlockLogImpl (DeletedBlockLogImpl.java:commitTransactions(224)) - Transaction txId=41 commit by dnId=0475d2c2-d46f-403e-95a5-8ff1a5c32338 for containerID=#41 failed. Corresponding entry not found.
2021-08-15 14:03:33,054 [EventQueue-DeleteBlockStatusForDeletedBlockLogImpl] DEBUG block.DeletedBlockLogImpl (DeletedBlockLogImpl.java:isTransactionFailed(278)) - Got block deletion ACK from datanode, TXIDs=42, success=true
2021-08-15 14:03:33,054 [EventQueue-DeleteBlockStatusForDeletedBlockLogImpl] DEBUG block.DeletedBlockLogImpl (DeletedBlockLogImpl.java:commitTransactions(224)) - Transaction txId=42 commit by dnId=0475d2c2-d46f-403e-95a5-8ff1a5c32338 for containerID=#42 failed. Corresponding entry not found.
2021-08-15 14:03:33,054 [EventQueue-DeleteBlockStatusForDeletedBlockLogImpl] DEBUG block.DeletedBlockLogImpl (DeletedBlockLogImpl.java:isTransactionFailed(278)) - Got block deletion ACK from datanode, TXIDs=43, success=true
2021-08-15 14:03:33,054 [EventQueue-DeleteBlockStatusForDeletedBlockLogImpl] DEBUG block.DeletedBlockLogImpl (DeletedBlockLogImpl.java:commitTransactions(224)) - Transaction txId=43 commit by dnId=0475d2c2-d46f-403e-95a5-8ff1a5c32338 for containerID=#43 failed. Corresponding entry not found.
2021-08-15 14:03:33,054 [EventQueue-DeleteBlockStatusForDeletedBlockLogImpl] DEBUG block.DeletedBlockLogImpl (DeletedBlockLogImpl.java:isTransactionFailed(278)) - Got block deletion ACK from datanode, TXIDs=44, success=true
2021-08-15 14:03:33,054 [EventQueue-DeleteBlockStatusForDeletedBlockLogImpl] DEBUG block.DeletedBlockLogImpl (DeletedBlockLogImpl.java:commitTransactions(224)) - Transaction txId=44 commit by dnId=0475d2c2-d46f-403e-95a5-8ff1a5c32338 for containerID=#44 failed. Corresponding entry not found.
2021-08-15 14:03:33,056 [EventQueue-DeleteBlockStatusForDeletedBlockLogImpl] DEBUG block.DeletedBlockLogImpl (DeletedBlockLogImpl.java:isTransactionFailed(278)) - Got block deletion ACK from datanode, TXIDs=45, success=true
2021-08-15 14:03:33,056 [EventQueue-DeleteBlockStatusForDeletedBlockLogImpl] DEBUG block.DeletedBlockLogImpl (DeletedBlockLogImpl.java:commitTransactions(224)) - Transaction txId=45 commit by dnId=0475d2c2-d46f-403e-95a5-8ff1a5c32338 for containerID=#45 failed. Corresponding entry not found.
2021-08-15 14:03:33,056 [EventQueue-DeleteBlockStatusForDeletedBlockLogImpl] DEBUG block.DeletedBlockLogImpl (DeletedBlockLogImpl.java:isTransactionFailed(278)) - Got block deletion ACK from datanode, TXIDs=46, success=true
2021-08-15 14:03:33,056 [EventQueue-DeleteBlockStatusForDeletedBlockLogImpl] DEBUG block.DeletedBlockLogImpl (DeletedBlockLogImpl.java:commitTransactions(224)) - Transaction txId=46 commit by dnId=0475d2c2-d46f-403e-95a5-8ff1a5c32338 for containerID=#46 failed. Corresponding entry not found.
2021-08-15 14:03:33,056 [EventQueue-DeleteBlockStatusForDeletedBlockLogImpl] DEBUG block.DeletedBlockLogImpl (DeletedBlockLogImpl.java:isTransactionFailed(278)) - Got block deletion ACK from datanode, TXIDs=47, success=true
2021-08-15 14:03:33,056 [EventQueue-DeleteBlockStatusForDeletedBlockLogImpl] DEBUG block.DeletedBlockLogImpl (DeletedBlockLogImpl.java:commitTransactions(224)) - Transaction txId=47 commit by dnId=0475d2c2-d46f-403e-95a5-8ff1a5c32338 for containerID=#47 failed. Corresponding entry not found.
2021-08-15 14:03:33,056 [EventQueue-DeleteBlockStatusForDeletedBlockLogImpl] DEBUG block.DeletedBlockLogImpl (DeletedBlockLogImpl.java:isTransactionFailed(278)) - Got block deletion ACK from datanode, TXIDs=48, success=true
2021-08-15 14:03:33,056 [EventQueue-DeleteBlockStatusForDeletedBlockLogImpl] DEBUG block.DeletedBlockLogImpl (DeletedBlockLogImpl.java:commitTransactions(224)) - Transaction txId=48 commit by dnId=0475d2c2-d46f-403e-95a5-8ff1a5c32338 for containerID=#48 failed. Corresponding entry not found.
2021-08-15 14:03:33,056 [EventQueue-DeleteBlockStatusForDeletedBlockLogImpl] DEBUG block.DeletedBlockLogImpl (DeletedBlockLogImpl.java:isTransactionFailed(278)) - Got block deletion ACK from datanode, TXIDs=49, success=true
2021-08-15 14:03:33,056 [EventQueue-DeleteBlockStatusForDeletedBlockLogImpl] DEBUG block.DeletedBlockLogImpl (DeletedBlockLogImpl.java:commitTransactions(224)) - Transaction txId=49 commit by dnId=0475d2c2-d46f-403e-95a5-8ff1a5c32338 for containerID=#49 failed. Corresponding entry not found.
2021-08-15 14:03:33,056 [EventQueue-DeleteBlockStatusForDeletedBlockLogImpl] DEBUG block.DeletedBlockLogImpl (DeletedBlockLogImpl.java:isTransactionFailed(278)) - Got block deletion ACK from datanode, TXIDs=50, success=true
2021-08-15 14:03:33,056 [EventQueue-DeleteBlockStatusForDeletedBlockLogImpl] DEBUG block.DeletedBlockLogImpl (DeletedBlockLogImpl.java:commitTransactions(224)) - Transaction txId=50 commit by dnId=0475d2c2-d46f-403e-95a5-8ff1a5c32338 for containerID=#50 failed. Corresponding entry not found.
2021-08-15 14:03:33,056 [EventQueue-DeleteBlockStatusForDeletedBlockLogImpl] DEBUG block.DeletedBlockLogImpl (DeletedBlockLogImpl.java:isTransactionFailed(278)) - Got block deletion ACK from datanode, TXIDs=51, success=true
2021-08-15 14:03:33,056 [EventQueue-DeleteBlockStatusForDeletedBlockLogImpl] DEBUG block.DeletedBlockLogImpl (DeletedBlockLogImpl.java:commitTransactions(224)) - Transaction txId=51 commit by dnId=0475d2c2-d46f-403e-95a5-8ff1a5c32338 for containerID=#51 failed. Corresponding entry not found.
2021-08-15 14:03:33,056 [EventQueue-DeleteBlockStatusForDeletedBlockLogImpl] DEBUG block.DeletedBlockLogImpl (DeletedBlockLogImpl.java:isTransactionFailed(278)) - Got block deletion ACK from datanode, TXIDs=52, success=true
2021-08-15 14:03:33,057 [EventQueue-DeleteBlockStatusForDeletedBlockLogImpl] DEBUG block.DeletedBlockLogImpl (DeletedBlockLogImpl.java:commitTransactions(224)) - Transaction txId=52 commit by dnId=0475d2c2-d46f-403e-95a5-8ff1a5c32338 for containerID=#52 failed. Corresponding entry not found.
2021-08-15 14:03:33,057 [EventQueue-DeleteBlockStatusForDeletedBlockLogImpl] DEBUG block.DeletedBlockLogImpl (DeletedBlockLogImpl.java:isTransactionFailed(278)) - Got block deletion ACK from datanode, TXIDs=53, success=true
2021-08-15 14:03:33,057 [EventQueue-DeleteBlockStatusForDeletedBlockLogImpl] DEBUG block.DeletedBlockLogImpl (DeletedBlockLogImpl.java:commitTransactions(224)) - Transaction txId=53 commit by dnId=0475d2c2-d46f-403e-95a5-8ff1a5c32338 for containerID=#53 failed. Corresponding entry not found.
2021-08-15 14:03:33,057 [EventQueue-DeleteBlockStatusForDeletedBlockLogImpl] DEBUG block.DeletedBlockLogImpl (DeletedBlockLogImpl.java:isTransactionFailed(278)) - Got block deletion ACK from datanode, TXIDs=54, success=true
2021-08-15 14:03:33,057 [EventQueue-DeleteBlockStatusForDeletedBlockLogImpl] DEBUG block.DeletedBlockLogImpl (DeletedBlockLogImpl.java:commitTransactions(224)) - Transaction txId=54 commit by dnId=0475d2c2-d46f-403e-95a5-8ff1a5c32338 for containerID=#54 failed. Corresponding entry not found.
2021-08-15 14:03:33,057 [EventQueue-DeleteBlockStatusForDeletedBlockLogImpl] DEBUG block.DeletedBlockLogImpl (DeletedBlockLogImpl.java:isTransactionFailed(278)) - Got block deletion ACK from datanode, TXIDs=55, success=true
2021-08-15 14:03:33,057 [EventQueue-DeleteBlockStatusForDeletedBlockLogImpl] DEBUG block.DeletedBlockLogImpl (DeletedBlockLogImpl.java:commitTransactions(224)) - Transaction txId=55 commit by dnId=0475d2c2-d46f-403e-95a5-8ff1a5c32338 for containerID=#55 failed. Corresponding entry not found.
2021-08-15 14:03:33,057 [EventQueue-DeleteBlockStatusForDeletedBlockLogImpl] DEBUG block.DeletedBlockLogImpl (DeletedBlockLogImpl.java:isTransactionFailed(278)) - Got block deletion ACK from datanode, TXIDs=56, success=true
2021-08-15 14:03:33,057 [EventQueue-DeleteBlockStatusForDeletedBlockLogImpl] DEBUG block.DeletedBlockLogImpl (DeletedBlockLogImpl.java:commitTransactions(224)) - Transaction txId=56 commit by dnId=0475d2c2-d46f-403e-95a5-8ff1a5c32338 for containerID=#56 failed. Corresponding entry not found.
2021-08-15 14:03:33,057 [EventQueue-DeleteBlockStatusForDeletedBlockLogImpl] DEBUG block.DeletedBlockLogImpl (DeletedBlockLogImpl.java:isTransactionFailed(278)) - Got block deletion ACK from datanode, TXIDs=1, success=true
2021-08-15 14:03:33,057 [EventQueue-DeleteBlockStatusForDeletedBlockLogImpl] DEBUG block.DeletedBlockLogImpl (DeletedBlockLogImpl.java:commitTransactions(224)) - Transaction txId=1 commit by dnId=0475d2c2-d46f-403e-95a5-8ff1a5c32338 for containerID=#1 failed. Corresponding entry not found.
2021-08-15 14:03:33,057 [EventQueue-DeleteBlockStatusForDeletedBlockLogImpl] DEBUG block.DeletedBlockLogImpl (DeletedBlockLogImpl.java:isTransactionFailed(278)) - Got block deletion ACK from datanode, TXIDs=2, success=true
2021-08-15 14:03:33,058 [EventQueue-DeleteBlockStatusForDeletedBlockLogImpl] DEBUG block.DeletedBlockLogImpl (DeletedBlockLogImpl.java:commitTransactions(224)) - Transaction txId=2 commit by dnId=0475d2c2-d46f-403e-95a5-8ff1a5c32338 for containerID=#2 failed. Corresponding entry not found.
2021-08-15 14:03:33,058 [EventQueue-DeleteBlockStatusForDeletedBlockLogImpl] DEBUG block.DeletedBlockLogImpl (DeletedBlockLogImpl.java:isTransactionFailed(278)) - Got block deletion ACK from datanode, TXIDs=3, success=true
2021-08-15 14:03:33,058 [EventQueue-DeleteBlockStatusForDeletedBlockLogImpl] DEBUG block.DeletedBlockLogImpl (DeletedBlockLogImpl.java:commitTransactions(224)) - Transaction txId=3 commit by dnId=0475d2c2-d46f-403e-95a5-8ff1a5c32338 for containerID=#3 failed. Corresponding entry not found.
2021-08-15 14:03:33,058 [EventQueue-DeleteBlockStatusForDeletedBlockLogImpl] DEBUG block.DeletedBlockLogImpl (DeletedBlockLogImpl.java:isTransactionFailed(278)) - Got block deletion ACK from datanode, TXIDs=4, success=true
2021-08-15 14:03:33,058 [EventQueue-DeleteBlockStatusForDeletedBlockLogImpl] DEBUG block.DeletedBlockLogImpl (DeletedBlockLogImpl.java:commitTransactions(224)) - Transaction txId=4 commit by dnId=0475d2c2-d46f-403e-95a5-8ff1a5c32338 for containerID=#4 failed. Corresponding entry not found.
2021-08-15 14:03:33,058 [EventQueue-DeleteBlockStatusForDeletedBlockLogImpl] DEBUG block.DeletedBlockLogImpl (DeletedBlockLogImpl.java:isTransactionFailed(278)) - Got block deletion ACK from datanode, TXIDs=5, success=true
2021-08-15 14:03:33,058 [EventQueue-DeleteBlockStatusForDeletedBlockLogImpl] DEBUG block.DeletedBlockLogImpl (DeletedBlockLogImpl.java:commitTransactions(224)) - Transaction txId=5 commit by dnId=0475d2c2-d46f-403e-95a5-8ff1a5c32338 for containerID=#5 failed. Corresponding entry not found.
2021-08-15 14:03:33,058 [EventQueue-DeleteBlockStatusForDeletedBlockLogImpl] DEBUG block.DeletedBlockLogImpl (DeletedBlockLogImpl.java:isTransactionFailed(278)) - Got block deletion ACK from datanode, TXIDs=6, success=true
2021-08-15 14:03:33,058 [EventQueue-DeleteBlockStatusForDeletedBlockLogImpl] DEBUG block.DeletedBlockLogImpl (DeletedBlockLogImpl.java:commitTransactions(224)) - Transaction txId=6 commit by dnId=0475d2c2-d46f-403e-95a5-8ff1a5c32338 for containerID=#6 failed. Corresponding entry not found.
2021-08-15 14:03:33,058 [EventQueue-DeleteBlockStatusForDeletedBlockLogImpl] DEBUG block.DeletedBlockLogImpl (DeletedBlockLogImpl.java:isTransactionFailed(278)) - Got block deletion ACK from datanode, TXIDs=7, success=true
2021-08-15 14:03:33,058 [EventQueue-DeleteBlockStatusForDeletedBlockLogImpl] DEBUG block.DeletedBlockLogImpl (DeletedBlockLogImpl.java:commitTransactions(224)) - Transaction txId=7 commit by dnId=0475d2c2-d46f-403e-95a5-8ff1a5c32338 for containerID=#7 failed. Corresponding entry not found.
2021-08-15 14:03:33,058 [EventQueue-DeleteBlockStatusForDeletedBlockLogImpl] DEBUG block.DeletedBlockLogImpl (DeletedBlockLogImpl.java:isTransactionFailed(278)) - Got block deletion ACK from datanode, TXIDs=8, success=true
2021-08-15 14:03:33,058 [EventQueue-DeleteBlockStatusForDeletedBlockLogImpl] DEBUG block.DeletedBlockLogImpl (DeletedBlockLogImpl.java:commitTransactions(224)) - Transaction txId=8 commit by dnId=0475d2c2-d46f-403e-95a5-8ff1a5c32338 for containerID=#8 failed. Corresponding entry not found.
2021-08-15 14:03:33,058 [EventQueue-DeleteBlockStatusForDeletedBlockLogImpl] DEBUG block.DeletedBlockLogImpl (DeletedBlockLogImpl.java:isTransactionFailed(278)) - Got block deletion ACK from datanode, TXIDs=9, success=true
2021-08-15 14:03:33,058 [EventQueue-DeleteBlockStatusForDeletedBlockLogImpl] DEBUG block.DeletedBlockLogImpl (DeletedBlockLogImpl.java:commitTransactions(224)) - Transaction txId=9 commit by dnId=0475d2c2-d46f-403e-95a5-8ff1a5c32338 for containerID=#9 failed. Corresponding entry not found.
2021-08-15 14:03:33,058 [EventQueue-DeleteBlockStatusForDeletedBlockLogImpl] DEBUG block.DeletedBlockLogImpl (DeletedBlockLogImpl.java:isTransactionFailed(278)) - Got block deletion ACK from datanode, TXIDs=10, success=true
2021-08-15 14:03:33,058 [EventQueue-DeleteBlockStatusForDeletedBlockLogImpl] DEBUG block.DeletedBlockLogImpl (DeletedBlockLogImpl.java:commitTransactions(224)) - Transaction txId=10 commit by dnId=0475d2c2-d46f-403e-95a5-8ff1a5c32338 for containerID=#10 failed. Corresponding entry not found.
2021-08-15 14:03:33,058 [EventQueue-DeleteBlockStatusForDeletedBlockLogImpl] DEBUG block.DeletedBlockLogImpl (DeletedBlockLogImpl.java:isTransactionFailed(278)) - Got block deletion ACK from datanode, TXIDs=11, success=true
2021-08-15 14:03:33,058 [EventQueue-DeleteBlockStatusForDeletedBlockLogImpl] DEBUG block.DeletedBlockLogImpl (DeletedBlockLogImpl.java:commitTransactions(224)) - Transaction txId=11 commit by dnId=0475d2c2-d46f-403e-95a5-8ff1a5c32338 for containerID=#11 failed. Corresponding entry not found.
2021-08-15 14:03:33,058 [EventQueue-DeleteBlockStatusForDeletedBlockLogImpl] DEBUG block.DeletedBlockLogImpl (DeletedBlockLogImpl.java:isTransactionFailed(278)) - Got block deletion ACK from datanode, TXIDs=12, success=true
2021-08-15 14:03:33,058 [EventQueue-DeleteBlockStatusForDeletedBlockLogImpl] DEBUG block.DeletedBlockLogImpl (DeletedBlockLogImpl.java:commitTransactions(224)) - Transaction txId=12 commit by dnId=0475d2c2-d46f-403e-95a5-8ff1a5c32338 for containerID=#12 failed. Corresponding entry not found.
2021-08-15 14:03:33,058 [EventQueue-DeleteBlockStatusForDeletedBlockLogImpl] DEBUG block.DeletedBlockLogImpl (DeletedBlockLogImpl.java:isTransactionFailed(278)) - Got block deletion ACK from datanode, TXIDs=13, success=true
2021-08-15 14:03:33,058 [EventQueue-DeleteBlockStatusForDeletedBlockLogImpl] DEBUG block.DeletedBlockLogImpl (DeletedBlockLogImpl.java:commitTransactions(224)) - Transaction txId=13 commit by dnId=0475d2c2-d46f-403e-95a5-8ff1a5c32338 for containerID=#13 failed. Corresponding entry not found.
2021-08-15 14:03:33,058 [EventQueue-DeleteBlockStatusForDeletedBlockLogImpl] DEBUG block.DeletedBlockLogImpl (DeletedBlockLogImpl.java:isTransactionFailed(278)) - Got block deletion ACK from datanode, TXIDs=14, success=true
2021-08-15 14:03:33,058 [EventQueue-DeleteBlockStatusForDeletedBlockLogImpl] DEBUG block.DeletedBlockLogImpl (DeletedBlockLogImpl.java:commitTransactions(224)) - Transaction txId=14 commit by dnId=0475d2c2-d46f-403e-95a5-8ff1a5c32338 for containerID=#14 failed. Corresponding entry not found.
2021-08-15 14:03:33,058 [EventQueue-DeleteBlockStatusForDeletedBlockLogImpl] DEBUG block.DeletedBlockLogImpl (DeletedBlockLogImpl.java:isTransactionFailed(278)) - Got block deletion ACK from datanode, TXIDs=15, success=true
2021-08-15 14:03:33,059 [EventQueue-DeleteBlockStatusForDeletedBlockLogImpl] DEBUG block.DeletedBlockLogImpl (DeletedBlockLogImpl.java:commitTransactions(224)) - Transaction txId=15 commit by dnId=0475d2c2-d46f-403e-95a5-8ff1a5c32338 for containerID=#15 failed. Corresponding entry not found.
2021-08-15 14:03:33,059 [EventQueue-DeleteBlockStatusForDeletedBlockLogImpl] DEBUG block.DeletedBlockLogImpl (DeletedBlockLogImpl.java:isTransactionFailed(278)) - Got block deletion ACK from datanode, TXIDs=16, success=true
2021-08-15 14:03:33,059 [EventQueue-DeleteBlockStatusForDeletedBlockLogImpl] DEBUG block.DeletedBlockLogImpl (DeletedBlockLogImpl.java:commitTransactions(224)) - Transaction txId=16 commit by dnId=0475d2c2-d46f-403e-95a5-8ff1a5c32338 for containerID=#16 failed. Corresponding entry not found.
2021-08-15 14:03:33,059 [EventQueue-DeleteBlockStatusForDeletedBlockLogImpl] DEBUG block.DeletedBlockLogImpl (DeletedBlockLogImpl.java:isTransactionFailed(278)) - Got block deletion ACK from datanode, TXIDs=17, success=true
2021-08-15 14:03:33,059 [EventQueue-DeleteBlockStatusForDeletedBlockLogImpl] DEBUG block.DeletedBlockLogImpl (DeletedBlockLogImpl.java:commitTransactions(224)) - Transaction txId=17 commit by dnId=0475d2c2-d46f-403e-95a5-8ff1a5c32338 for containerID=#17 failed. Corresponding entry not found.
2021-08-15 14:03:33,059 [EventQueue-DeleteBlockStatusForDeletedBlockLogImpl] DEBUG block.DeletedBlockLogImpl (DeletedBlockLogImpl.java:isTransactionFailed(278)) - Got block deletion ACK from datanode, TXIDs=18, success=true
2021-08-15 14:03:33,059 [EventQueue-DeleteBlockStatusForDeletedBlockLogImpl] DEBUG block.DeletedBlockLogImpl (DeletedBlockLogImpl.java:commitTransactions(224)) - Transaction txId=18 commit by dnId=0475d2c2-d46f-403e-95a5-8ff1a5c32338 for containerID=#18 failed. Corresponding entry not found.
2021-08-15 14:03:33,059 [EventQueue-DeleteBlockStatusForDeletedBlockLogImpl] DEBUG block.DeletedBlockLogImpl (DeletedBlockLogImpl.java:isTransactionFailed(278)) - Got block deletion ACK from datanode, TXIDs=19, success=true
2021-08-15 14:03:33,059 [EventQueue-DeleteBlockStatusForDeletedBlockLogImpl] DEBUG block.DeletedBlockLogImpl (DeletedBlockLogImpl.java:commitTransactions(224)) - Transaction txId=19 commit by dnId=0475d2c2-d46f-403e-95a5-8ff1a5c32338 for containerID=#19 failed. Corresponding entry not found.
2021-08-15 14:03:33,059 [EventQueue-DeleteBlockStatusForDeletedBlockLogImpl] DEBUG block.DeletedBlockLogImpl (DeletedBlockLogImpl.java:isTransactionFailed(278)) - Got block deletion ACK from datanode, TXIDs=20, success=true
2021-08-15 14:03:33,059 [EventQueue-DeleteBlockStatusForDeletedBlockLogImpl] DEBUG block.DeletedBlockLogImpl (DeletedBlockLogImpl.java:commitTransactions(224)) - Transaction txId=20 commit by dnId=0475d2c2-d46f-403e-95a5-8ff1a5c32338 for containerID=#20 failed. Corresponding entry not found.
2021-08-15 14:03:33,059 [EventQueue-DeleteBlockStatusForDeletedBlockLogImpl] DEBUG block.DeletedBlockLogImpl (DeletedBlockLogImpl.java:isTransactionFailed(278)) - Got block deletion ACK from datanode, TXIDs=21, success=true
2021-08-15 14:03:33,059 [EventQueue-DeleteBlockStatusForDeletedBlockLogImpl] DEBUG block.DeletedBlockLogImpl (DeletedBlockLogImpl.java:commitTransactions(224)) - Transaction txId=21 commit by dnId=0475d2c2-d46f-403e-95a5-8ff1a5c32338 for containerID=#21 failed. Corresponding entry not found.
2021-08-15 14:03:33,059 [EventQueue-DeleteBlockStatusForDeletedBlockLogImpl] DEBUG block.DeletedBlockLogImpl (DeletedBlockLogImpl.java:isTransactionFailed(278)) - Got block deletion ACK from datanode, TXIDs=22, success=true
2021-08-15 14:03:33,059 [EventQueue-DeleteBlockStatusForDeletedBlockLogImpl] DEBUG block.DeletedBlockLogImpl (DeletedBlockLogImpl.java:commitTransactions(224)) - Transaction txId=22 commit by dnId=0475d2c2-d46f-403e-95a5-8ff1a5c32338 for containerID=#22 failed. Corresponding entry not found.
2021-08-15 14:03:33,059 [EventQueue-DeleteBlockStatusForDeletedBlockLogImpl] DEBUG block.DeletedBlockLogImpl (DeletedBlockLogImpl.java:isTransactionFailed(278)) - Got block deletion ACK from datanode, TXIDs=23, success=true
2021-08-15 14:03:33,059 [EventQueue-DeleteBlockStatusForDeletedBlockLogImpl] DEBUG block.DeletedBlockLogImpl (DeletedBlockLogImpl.java:commitTransactions(224)) - Transaction txId=23 commit by dnId=0475d2c2-d46f-403e-95a5-8ff1a5c32338 for containerID=#23 failed. Corresponding entry not found.
2021-08-15 14:03:33,059 [EventQueue-DeleteBlockStatusForDeletedBlockLogImpl] DEBUG block.DeletedBlockLogImpl (DeletedBlockLogImpl.java:isTransactionFailed(278)) - Got block deletion ACK from datanode, TXIDs=24, success=true
2021-08-15 14:03:33,059 [EventQueue-DeleteBlockStatusForDeletedBlockLogImpl] DEBUG block.DeletedBlockLogImpl (DeletedBlockLogImpl.java:commitTransactions(224)) - Transaction txId=24 commit by dnId=0475d2c2-d46f-403e-95a5-8ff1a5c32338 for containerID=#24 failed. Corresponding entry not found.
2021-08-15 14:03:33,059 [EventQueue-DeleteBlockStatusForDeletedBlockLogImpl] DEBUG block.DeletedBlockLogImpl (DeletedBlockLogImpl.java:isTransactionFailed(278)) - Got block deletion ACK from datanode, TXIDs=25, success=true
2021-08-15 14:03:33,059 [EventQueue-DeleteBlockStatusForDeletedBlockLogImpl] DEBUG block.DeletedBlockLogImpl (DeletedBlockLogImpl.java:commitTransactions(224)) - Transaction txId=25 commit by dnId=0475d2c2-d46f-403e-95a5-8ff1a5c32338 for containerID=#25 failed. Corresponding entry not found.
2021-08-15 14:03:33,059 [EventQueue-DeleteBlockStatusForDeletedBlockLogImpl] DEBUG block.DeletedBlockLogImpl (DeletedBlockLogImpl.java:isTransactionFailed(278)) - Got block deletion ACK from datanode, TXIDs=26, success=true
2021-08-15 14:03:33,059 [EventQueue-DeleteBlockStatusForDeletedBlockLogImpl] DEBUG block.DeletedBlockLogImpl (DeletedBlockLogImpl.java:commitTransactions(224)) - Transaction txId=26 commit by dnId=0475d2c2-d46f-403e-95a5-8ff1a5c32338 for containerID=#26 failed. Corresponding entry not found.
2021-08-15 14:03:33,059 [EventQueue-DeleteBlockStatusForDeletedBlockLogImpl] DEBUG block.DeletedBlockLogImpl (DeletedBlockLogImpl.java:isTransactionFailed(278)) - Got block deletion ACK from datanode, TXIDs=27, success=true
2021-08-15 14:03:33,059 [EventQueue-DeleteBlockStatusForDeletedBlockLogImpl] DEBUG block.DeletedBlockLogImpl (DeletedBlockLogImpl.java:commitTransactions(224)) - Transaction txId=27 commit by dnId=0475d2c2-d46f-403e-95a5-8ff1a5c32338 for containerID=#27 failed. Corresponding entry not found.
2021-08-15 14:03:33,059 [EventQueue-DeleteBlockStatusForDeletedBlockLogImpl] DEBUG block.DeletedBlockLogImpl (DeletedBlockLogImpl.java:isTransactionFailed(278)) - Got block deletion ACK from datanode, TXIDs=28, success=true
2021-08-15 14:03:33,059 [EventQueue-DeleteBlockStatusForDeletedBlockLogImpl] DEBUG block.DeletedBlockLogImpl (DeletedBlockLogImpl.java:commitTransactions(224)) - Transaction txId=28 commit by dnId=0475d2c2-d46f-403e-95a5-8ff1a5c32338 for containerID=#28 failed. Corresponding entry not found.
2021-08-15 14:03:33,059 [EventQueue-DeleteBlockStatusForDeletedBlockLogImpl] DEBUG block.DeletedBlockLogImpl (DeletedBlockLogImpl.java:isTransactionFailed(278)) - Got block deletion ACK from datanode, TXIDs=29, success=true
2021-08-15 14:03:33,060 [EventQueue-DeleteBlockStatusForDeletedBlockLogImpl] DEBUG block.DeletedBlockLogImpl (DeletedBlockLogImpl.java:commitTransactions(224)) - Transaction txId=29 commit by dnId=0475d2c2-d46f-403e-95a5-8ff1a5c32338 for containerID=#29 failed. Corresponding entry not found.
2021-08-15 14:03:33,060 [EventQueue-DeleteBlockStatusForDeletedBlockLogImpl] DEBUG block.DeletedBlockLogImpl (DeletedBlockLogImpl.java:isTransactionFailed(278)) - Got block deletion ACK from datanode, TXIDs=30, success=true
2021-08-15 14:03:33,060 [EventQueue-DeleteBlockStatusForDeletedBlockLogImpl] DEBUG block.DeletedBlockLogImpl (DeletedBlockLogImpl.java:commitTransactions(224)) - Transaction txId=30 commit by dnId=0475d2c2-d46f-403e-95a5-8ff1a5c32338 for containerID=#30 failed. Corresponding entry not found.
2021-08-15 14:03:33,060 [EventQueue-DeleteBlockStatusForDeletedBlockLogImpl] DEBUG block.DeletedBlockLogImpl (DeletedBlockLogImpl.java:isTransactionFailed(278)) - Got block deletion ACK from datanode, TXIDs=31, success=true
2021-08-15 14:03:33,060 [EventQueue-DeleteBlockStatusForDeletedBlockLogImpl] DEBUG block.DeletedBlockLogImpl (DeletedBlockLogImpl.java:commitTransactions(224)) - Transaction txId=31 commit by dnId=0475d2c2-d46f-403e-95a5-8ff1a5c32338 for containerID=#31 failed. Corresponding entry not found.
2021-08-15 14:03:33,060 [EventQueue-DeleteBlockStatusForDeletedBlockLogImpl] DEBUG block.DeletedBlockLogImpl (DeletedBlockLogImpl.java:isTransactionFailed(278)) - Got block deletion ACK from datanode, TXIDs=32, success=true
2021-08-15 14:03:33,060 [EventQueue-DeleteBlockStatusForDeletedBlockLogImpl] DEBUG block.DeletedBlockLogImpl (DeletedBlockLogImpl.java:commitTransactions(224)) - Transaction txId=32 commit by dnId=0475d2c2-d46f-403e-95a5-8ff1a5c32338 for containerID=#32 failed. Corresponding entry not found.
2021-08-15 14:03:33,060 [EventQueue-DeleteBlockStatusForDeletedBlockLogImpl] DEBUG block.DeletedBlockLogImpl (DeletedBlockLogImpl.java:isTransactionFailed(278)) - Got block deletion ACK from datanode, TXIDs=33, success=true
2021-08-15 14:03:33,060 [EventQueue-DeleteBlockStatusForDeletedBlockLogImpl] DEBUG block.DeletedBlockLogImpl (DeletedBlockLogImpl.java:commitTransactions(224)) - Transaction txId=33 commit by dnId=0475d2c2-d46f-403e-95a5-8ff1a5c32338 for containerID=#33 failed. Corresponding entry not found.
2021-08-15 14:03:33,060 [EventQueue-DeleteBlockStatusForDeletedBlockLogImpl] DEBUG block.DeletedBlockLogImpl (DeletedBlockLogImpl.java:isTransactionFailed(278)) - Got block deletion ACK from datanode, TXIDs=34, success=true
2021-08-15 14:03:33,060 [EventQueue-DeleteBlockStatusForDeletedBlockLogImpl] DEBUG block.DeletedBlockLogImpl (DeletedBlockLogImpl.java:commitTransactions(224)) - Transaction txId=34 commit by dnId=0475d2c2-d46f-403e-95a5-8ff1a5c32338 for containerID=#34 failed. Corresponding entry not found.
2021-08-15 14:03:33,060 [EventQueue-DeleteBlockStatusForDeletedBlockLogImpl] DEBUG block.DeletedBlockLogImpl (DeletedBlockLogImpl.java:isTransactionFailed(278)) - Got block deletion ACK from datanode, TXIDs=35, success=true
2021-08-15 14:03:33,060 [EventQueue-DeleteBlockStatusForDeletedBlockLogImpl] DEBUG block.DeletedBlockLogImpl (DeletedBlockLogImpl.java:commitTransactions(224)) - Transaction txId=35 commit by dnId=0475d2c2-d46f-403e-95a5-8ff1a5c32338 for containerID=#35 failed. Corresponding entry not found.
2021-08-15 14:03:33,060 [EventQueue-DeleteBlockStatusForDeletedBlockLogImpl] DEBUG block.DeletedBlockLogImpl (DeletedBlockLogImpl.java:isTransactionFailed(278)) - Got block deletion ACK from datanode, TXIDs=36, success=true
2021-08-15 14:03:33,060 [EventQueue-DeleteBlockStatusForDeletedBlockLogImpl] DEBUG block.DeletedBlockLogImpl (DeletedBlockLogImpl.java:commitTransactions(224)) - Transaction txId=36 commit by dnId=0475d2c2-d46f-403e-95a5-8ff1a5c32338 for containerID=#36 failed. Corresponding entry not found.
2021-08-15 14:03:33,060 [EventQueue-DeleteBlockStatusForDeletedBlockLogImpl] DEBUG block.DeletedBlockLogImpl (DeletedBlockLogImpl.java:isTransactionFailed(278)) - Got block deletion ACK from datanode, TXIDs=37, success=true
2021-08-15 14:03:33,060 [EventQueue-DeleteBlockStatusForDeletedBlockLogImpl] DEBUG block.DeletedBlockLogImpl (DeletedBlockLogImpl.java:commitTransactions(224)) - Transaction txId=37 commit by dnId=0475d2c2-d46f-403e-95a5-8ff1a5c32338 for containerID=#37 failed. Corresponding entry not found.
2021-08-15 14:03:33,060 [EventQueue-DeleteBlockStatusForDeletedBlockLogImpl] DEBUG block.DeletedBlockLogImpl (DeletedBlockLogImpl.java:isTransactionFailed(278)) - Got block deletion ACK from datanode, TXIDs=38, success=true
2021-08-15 14:03:33,060 [EventQueue-DeleteBlockStatusForDeletedBlockLogImpl] DEBUG block.DeletedBlockLogImpl (DeletedBlockLogImpl.java:commitTransactions(224)) - Transaction txId=38 commit by dnId=0475d2c2-d46f-403e-95a5-8ff1a5c32338 for containerID=#38 failed. Corresponding entry not found.
2021-08-15 14:03:33,060 [EventQueue-DeleteBlockStatusForDeletedBlockLogImpl] DEBUG block.DeletedBlockLogImpl (DeletedBlockLogImpl.java:isTransactionFailed(278)) - Got block deletion ACK from datanode, TXIDs=39, success=true
2021-08-15 14:03:33,060 [EventQueue-DeleteBlockStatusForDeletedBlockLogImpl] DEBUG block.DeletedBlockLogImpl (DeletedBlockLogImpl.java:commitTransactions(224)) - Transaction txId=39 commit by dnId=0475d2c2-d46f-403e-95a5-8ff1a5c32338 for containerID=#39 failed. Corresponding entry not found.
2021-08-15 14:03:33,060 [EventQueue-DeleteBlockStatusForDeletedBlockLogImpl] DEBUG block.DeletedBlockLogImpl (DeletedBlockLogImpl.java:isTransactionFailed(278)) - Got block deletion ACK from datanode, TXIDs=40, success=true
2021-08-15 14:03:33,060 [EventQueue-DeleteBlockStatusForDeletedBlockLogImpl] DEBUG block.DeletedBlockLogImpl (DeletedBlockLogImpl.java:commitTransactions(224)) - Transaction txId=40 commit by dnId=0475d2c2-d46f-403e-95a5-8ff1a5c32338 for containerID=#40 failed. Corresponding entry not found.
2021-08-15 14:03:33,060 [EventQueue-DeleteBlockStatusForDeletedBlockLogImpl] DEBUG block.DeletedBlockLogImpl (DeletedBlockLogImpl.java:isTransactionFailed(278)) - Got block deletion ACK from datanode, TXIDs=41, success=true
2021-08-15 14:03:33,060 [EventQueue-DeleteBlockStatusForDeletedBlockLogImpl] DEBUG block.DeletedBlockLogImpl (DeletedBlockLogImpl.java:commitTransactions(224)) - Transaction txId=41 commit by dnId=0475d2c2-d46f-403e-95a5-8ff1a5c32338 for containerID=#41 failed. Corresponding entry not found.
2021-08-15 14:03:33,060 [EventQueue-DeleteBlockStatusForDeletedBlockLogImpl] DEBUG block.DeletedBlockLogImpl (DeletedBlockLogImpl.java:isTransactionFailed(278)) - Got block deletion ACK from datanode, TXIDs=42, success=true
2021-08-15 14:03:33,060 [EventQueue-DeleteBlockStatusForDeletedBlockLogImpl] DEBUG block.DeletedBlockLogImpl (DeletedBlockLogImpl.java:commitTransactions(224)) - Transaction txId=42 commit by dnId=0475d2c2-d46f-403e-95a5-8ff1a5c32338 for containerID=#42 failed. Corresponding entry not found.
2021-08-15 14:03:33,061 [EventQueue-DeleteBlockStatusForDeletedBlockLogImpl] DEBUG block.DeletedBlockLogImpl (DeletedBlockLogImpl.java:isTransactionFailed(278)) - Got block deletion ACK from datanode, TXIDs=43, success=true
2021-08-15 14:03:33,061 [EventQueue-DeleteBlockStatusForDeletedBlockLogImpl] DEBUG block.DeletedBlockLogImpl (DeletedBlockLogImpl.java:commitTransactions(224)) - Transaction txId=43 commit by dnId=0475d2c2-d46f-403e-95a5-8ff1a5c32338 for containerID=#43 failed. Corresponding entry not found.
2021-08-15 14:03:33,061 [EventQueue-DeleteBlockStatusForDeletedBlockLogImpl] DEBUG block.DeletedBlockLogImpl (DeletedBlockLogImpl.java:isTransactionFailed(278)) - Got block deletion ACK from datanode, TXIDs=44, success=true
2021-08-15 14:03:33,061 [EventQueue-DeleteBlockStatusForDeletedBlockLogImpl] DEBUG block.DeletedBlockLogImpl (DeletedBlockLogImpl.java:commitTransactions(224)) - Transaction txId=44 commit by dnId=0475d2c2-d46f-403e-95a5-8ff1a5c32338 for containerID=#44 failed. Corresponding entry not found.
2021-08-15 14:03:33,061 [EventQueue-DeleteBlockStatusForDeletedBlockLogImpl] DEBUG block.DeletedBlockLogImpl (DeletedBlockLogImpl.java:isTransactionFailed(278)) - Got block deletion ACK from datanode, TXIDs=45, success=true
2021-08-15 14:03:33,061 [EventQueue-DeleteBlockStatusForDeletedBlockLogImpl] DEBUG block.DeletedBlockLogImpl (DeletedBlockLogImpl.java:commitTransactions(224)) - Transaction txId=45 commit by dnId=0475d2c2-d46f-403e-95a5-8ff1a5c32338 for containerID=#45 failed. Corresponding entry not found.
2021-08-15 14:03:33,061 [EventQueue-DeleteBlockStatusForDeletedBlockLogImpl] DEBUG block.DeletedBlockLogImpl (DeletedBlockLogImpl.java:isTransactionFailed(278)) - Got block deletion ACK from datanode, TXIDs=46, success=true
2021-08-15 14:03:33,061 [EventQueue-DeleteBlockStatusForDeletedBlockLogImpl] DEBUG block.DeletedBlockLogImpl (DeletedBlockLogImpl.java:commitTransactions(224)) - Transaction txId=46 commit by dnId=0475d2c2-d46f-403e-95a5-8ff1a5c32338 for containerID=#46 failed. Corresponding entry not found.
2021-08-15 14:03:33,061 [EventQueue-DeleteBlockStatusForDeletedBlockLogImpl] DEBUG block.DeletedBlockLogImpl (DeletedBlockLogImpl.java:isTransactionFailed(278)) - Got block deletion ACK from datanode, TXIDs=47, success=true
2021-08-15 14:03:33,061 [EventQueue-DeleteBlockStatusForDeletedBlockLogImpl] DEBUG block.DeletedBlockLogImpl (DeletedBlockLogImpl.java:commitTransactions(224)) - Transaction txId=47 commit by dnId=0475d2c2-d46f-403e-95a5-8ff1a5c32338 for containerID=#47 failed. Corresponding entry not found.
2021-08-15 14:03:33,061 [EventQueue-DeleteBlockStatusForDeletedBlockLogImpl] DEBUG block.DeletedBlockLogImpl (DeletedBlockLogImpl.java:isTransactionFailed(278)) - Got block deletion ACK from datanode, TXIDs=48, success=true
2021-08-15 14:03:33,061 [EventQueue-DeleteBlockStatusForDeletedBlockLogImpl] DEBUG block.DeletedBlockLogImpl (DeletedBlockLogImpl.java:commitTransactions(224)) - Transaction txId=48 commit by dnId=0475d2c2-d46f-403e-95a5-8ff1a5c32338 for containerID=#48 failed. Corresponding entry not found.
2021-08-15 14:03:33,061 [EventQueue-DeleteBlockStatusForDeletedBlockLogImpl] DEBUG block.DeletedBlockLogImpl (DeletedBlockLogImpl.java:isTransactionFailed(278)) - Got block deletion ACK from datanode, TXIDs=49, success=true
2021-08-15 14:03:33,061 [EventQueue-DeleteBlockStatusForDeletedBlockLogImpl] DEBUG block.DeletedBlockLogImpl (DeletedBlockLogImpl.java:commitTransactions(224)) - Transaction txId=49 commit by dnId=0475d2c2-d46f-403e-95a5-8ff1a5c32338 for containerID=#49 failed. Corresponding entry not found.
2021-08-15 14:03:33,061 [EventQueue-DeleteBlockStatusForDeletedBlockLogImpl] DEBUG block.DeletedBlockLogImpl (DeletedBlockLogImpl.java:isTransactionFailed(278)) - Got block deletion ACK from datanode, TXIDs=50, success=true
2021-08-15 14:03:33,061 [EventQueue-DeleteBlockStatusForDeletedBlockLogImpl] DEBUG block.DeletedBlockLogImpl (DeletedBlockLogImpl.java:commitTransactions(224)) - Transaction txId=50 commit by dnId=0475d2c2-d46f-403e-95a5-8ff1a5c32338 for containerID=#50 failed. Corresponding entry not found.
2021-08-15 14:03:33,061 [EventQueue-DeleteBlockStatusForDeletedBlockLogImpl] DEBUG block.DeletedBlockLogImpl (DeletedBlockLogImpl.java:isTransactionFailed(278)) - Got block deletion ACK from datanode, TXIDs=51, success=true
2021-08-15 14:03:33,061 [EventQueue-DeleteBlockStatusForDeletedBlockLogImpl] DEBUG block.DeletedBlockLogImpl (DeletedBlockLogImpl.java:commitTransactions(224)) - Transaction txId=51 commit by dnId=0475d2c2-d46f-403e-95a5-8ff1a5c32338 for containerID=#51 failed. Corresponding entry not found.
2021-08-15 14:03:33,061 [EventQueue-DeleteBlockStatusForDeletedBlockLogImpl] DEBUG block.DeletedBlockLogImpl (DeletedBlockLogImpl.java:isTransactionFailed(278)) - Got block deletion ACK from datanode, TXIDs=52, success=true
2021-08-15 14:03:33,061 [EventQueue-DeleteBlockStatusForDeletedBlockLogImpl] DEBUG block.DeletedBlockLogImpl (DeletedBlockLogImpl.java:commitTransactions(224)) - Transaction txId=52 commit by dnId=0475d2c2-d46f-403e-95a5-8ff1a5c32338 for containerID=#52 failed. Corresponding entry not found.
2021-08-15 14:03:33,061 [EventQueue-DeleteBlockStatusForDeletedBlockLogImpl] DEBUG block.DeletedBlockLogImpl (DeletedBlockLogImpl.java:isTransactionFailed(278)) - Got block deletion ACK from datanode, TXIDs=53, success=true
2021-08-15 14:03:33,061 [EventQueue-DeleteBlockStatusForDeletedBlockLogImpl] DEBUG block.DeletedBlockLogImpl (DeletedBlockLogImpl.java:commitTransactions(224)) - Transaction txId=53 commit by dnId=0475d2c2-d46f-403e-95a5-8ff1a5c32338 for containerID=#53 failed. Corresponding entry not found.
2021-08-15 14:03:33,061 [EventQueue-DeleteBlockStatusForDeletedBlockLogImpl] DEBUG block.DeletedBlockLogImpl (DeletedBlockLogImpl.java:isTransactionFailed(278)) - Got block deletion ACK from datanode, TXIDs=54, success=true
2021-08-15 14:03:33,061 [EventQueue-DeleteBlockStatusForDeletedBlockLogImpl] DEBUG block.DeletedBlockLogImpl (DeletedBlockLogImpl.java:commitTransactions(224)) - Transaction txId=54 commit by dnId=0475d2c2-d46f-403e-95a5-8ff1a5c32338 for containerID=#54 failed. Corresponding entry not found.
2021-08-15 14:03:33,061 [EventQueue-DeleteBlockStatusForDeletedBlockLogImpl] DEBUG block.DeletedBlockLogImpl (DeletedBlockLogImpl.java:isTransactionFailed(278)) - Got block deletion ACK from datanode, TXIDs=55, success=true
2021-08-15 14:03:33,061 [EventQueue-DeleteBlockStatusForDeletedBlockLogImpl] DEBUG block.DeletedBlockLogImpl (DeletedBlockLogImpl.java:commitTransactions(224)) - Transaction txId=55 commit by dnId=0475d2c2-d46f-403e-95a5-8ff1a5c32338 for containerID=#55 failed. Corresponding entry not found.
2021-08-15 14:03:33,061 [EventQueue-DeleteBlockStatusForDeletedBlockLogImpl] DEBUG block.DeletedBlockLogImpl (DeletedBlockLogImpl.java:isTransactionFailed(278)) - Got block deletion ACK from datanode, TXIDs=56, success=true
2021-08-15 14:03:33,061 [EventQueue-DeleteBlockStatusForDeletedBlockLogImpl] DEBUG block.DeletedBlockLogImpl (DeletedBlockLogImpl.java:commitTransactions(224)) - Transaction txId=56 commit by dnId=0475d2c2-d46f-403e-95a5-8ff1a5c32338 for containerID=#56 failed. Corresponding entry not found.
2021-08-15 14:03:33,062 [EventQueue-DeleteBlockStatusForDeletedBlockLogImpl] DEBUG block.DeletedBlockLogImpl (DeletedBlockLogImpl.java:isTransactionFailed(278)) - Got block deletion ACK from datanode, TXIDs=1, success=true
2021-08-15 14:03:33,062 [EventQueue-DeleteBlockStatusForDeletedBlockLogImpl] DEBUG block.DeletedBlockLogImpl (DeletedBlockLogImpl.java:commitTransactions(224)) - Transaction txId=1 commit by dnId=0475d2c2-d46f-403e-95a5-8ff1a5c32338 for containerID=#1 failed. Corresponding entry not found.
2021-08-15 14:03:33,062 [EventQueue-DeleteBlockStatusForDeletedBlockLogImpl] DEBUG block.DeletedBlockLogImpl (DeletedBlockLogImpl.java:isTransactionFailed(278)) - Got block deletion ACK from datanode, TXIDs=2, success=true
2021-08-15 14:03:33,062 [EventQueue-DeleteBlockStatusForDeletedBlockLogImpl] DEBUG block.DeletedBlockLogImpl (DeletedBlockLogImpl.java:commitTransactions(224)) - Transaction txId=2 commit by dnId=0475d2c2-d46f-403e-95a5-8ff1a5c32338 for containerID=#2 failed. Corresponding entry not found.
2021-08-15 14:03:33,062 [EventQueue-DeleteBlockStatusForDeletedBlockLogImpl] DEBUG block.DeletedBlockLogImpl (DeletedBlockLogImpl.java:isTransactionFailed(278)) - Got block deletion ACK from datanode, TXIDs=3, success=true
2021-08-15 14:03:33,062 [EventQueue-DeleteBlockStatusForDeletedBlockLogImpl] DEBUG block.DeletedBlockLogImpl (DeletedBlockLogImpl.java:commitTransactions(224)) - Transaction txId=3 commit by dnId=0475d2c2-d46f-403e-95a5-8ff1a5c32338 for containerID=#3 failed. Corresponding entry not found.
2021-08-15 14:03:33,062 [EventQueue-DeleteBlockStatusForDeletedBlockLogImpl] DEBUG block.DeletedBlockLogImpl (DeletedBlockLogImpl.java:isTransactionFailed(278)) - Got block deletion ACK from datanode, TXIDs=4, success=true
2021-08-15 14:03:33,062 [EventQueue-DeleteBlockStatusForDeletedBlockLogImpl] DEBUG block.DeletedBlockLogImpl (DeletedBlockLogImpl.java:commitTransactions(224)) - Transaction txId=4 commit by dnId=0475d2c2-d46f-403e-95a5-8ff1a5c32338 for containerID=#4 failed. Corresponding entry not found.
2021-08-15 14:03:33,062 [EventQueue-DeleteBlockStatusForDeletedBlockLogImpl] DEBUG block.DeletedBlockLogImpl (DeletedBlockLogImpl.java:isTransactionFailed(278)) - Got block deletion ACK from datanode, TXIDs=5, success=true
2021-08-15 14:03:33,062 [EventQueue-DeleteBlockStatusForDeletedBlockLogImpl] DEBUG block.DeletedBlockLogImpl (DeletedBlockLogImpl.java:commitTransactions(224)) - Transaction txId=5 commit by dnId=0475d2c2-d46f-403e-95a5-8ff1a5c32338 for containerID=#5 failed. Corresponding entry not found.
2021-08-15 14:03:33,062 [EventQueue-DeleteBlockStatusForDeletedBlockLogImpl] DEBUG block.DeletedBlockLogImpl (DeletedBlockLogImpl.java:isTransactionFailed(278)) - Got block deletion ACK from datanode, TXIDs=6, success=true
2021-08-15 14:03:33,062 [EventQueue-DeleteBlockStatusForDeletedBlockLogImpl] DEBUG block.DeletedBlockLogImpl (DeletedBlockLogImpl.java:commitTransactions(224)) - Transaction txId=6 commit by dnId=0475d2c2-d46f-403e-95a5-8ff1a5c32338 for containerID=#6 failed. Corresponding entry not found.
2021-08-15 14:03:33,062 [EventQueue-DeleteBlockStatusForDeletedBlockLogImpl] DEBUG block.DeletedBlockLogImpl (DeletedBlockLogImpl.java:isTransactionFailed(278)) - Got block deletion ACK from datanode, TXIDs=7, success=true
2021-08-15 14:03:33,062 [EventQueue-DeleteBlockStatusForDeletedBlockLogImpl] DEBUG block.DeletedBlockLogImpl (DeletedBlockLogImpl.java:commitTransactions(224)) - Transaction txId=7 commit by dnId=0475d2c2-d46f-403e-95a5-8ff1a5c32338 for containerID=#7 failed. Corresponding entry not found.
2021-08-15 14:03:33,062 [EventQueue-DeleteBlockStatusForDeletedBlockLogImpl] DEBUG block.DeletedBlockLogImpl (DeletedBlockLogImpl.java:isTransactionFailed(278)) - Got block deletion ACK from datanode, TXIDs=8, success=true
2021-08-15 14:03:33,062 [EventQueue-DeleteBlockStatusForDeletedBlockLogImpl] DEBUG block.DeletedBlockLogImpl (DeletedBlockLogImpl.java:commitTransactions(224)) - Transaction txId=8 commit by dnId=0475d2c2-d46f-403e-95a5-8ff1a5c32338 for containerID=#8 failed. Corresponding entry not found.
2021-08-15 14:03:33,062 [EventQueue-DeleteBlockStatusForDeletedBlockLogImpl] DEBUG block.DeletedBlockLogImpl (DeletedBlockLogImpl.java:isTransactionFailed(278)) - Got block deletion ACK from datanode, TXIDs=9, success=true
2021-08-15 14:03:33,062 [EventQueue-DeleteBlockStatusForDeletedBlockLogImpl] DEBUG block.DeletedBlockLogImpl (DeletedBlockLogImpl.java:commitTransactions(224)) - Transaction txId=9 commit by dnId=0475d2c2-d46f-403e-95a5-8ff1a5c32338 for containerID=#9 failed. Corresponding entry not found.
2021-08-15 14:03:33,062 [EventQueue-DeleteBlockStatusForDeletedBlockLogImpl] DEBUG block.DeletedBlockLogImpl (DeletedBlockLogImpl.java:isTransactionFailed(278)) - Got block deletion ACK from datanode, TXIDs=10, success=true
2021-08-15 14:03:33,062 [EventQueue-DeleteBlockStatusForDeletedBlockLogImpl] DEBUG block.DeletedBlockLogImpl (DeletedBlockLogImpl.java:commitTransactions(224)) - Transaction txId=10 commit by dnId=0475d2c2-d46f-403e-95a5-8ff1a5c32338 for containerID=#10 failed. Corresponding entry not found.
2021-08-15 14:03:33,062 [EventQueue-DeleteBlockStatusForDeletedBlockLogImpl] DEBUG block.DeletedBlockLogImpl (DeletedBlockLogImpl.java:isTransactionFailed(278)) - Got block deletion ACK from datanode, TXIDs=11, success=true
2021-08-15 14:03:33,062 [EventQueue-DeleteBlockStatusForDeletedBlockLogImpl] DEBUG block.DeletedBlockLogImpl (DeletedBlockLogImpl.java:commitTransactions(224)) - Transaction txId=11 commit by dnId=0475d2c2-d46f-403e-95a5-8ff1a5c32338 for containerID=#11 failed. Corresponding entry not found.
2021-08-15 14:03:33,062 [EventQueue-DeleteBlockStatusForDeletedBlockLogImpl] DEBUG block.DeletedBlockLogImpl (DeletedBlockLogImpl.java:isTransactionFailed(278)) - Got block deletion ACK from datanode, TXIDs=12, success=true
2021-08-15 14:03:33,062 [EventQueue-DeleteBlockStatusForDeletedBlockLogImpl] DEBUG block.DeletedBlockLogImpl (DeletedBlockLogImpl.java:commitTransactions(224)) - Transaction txId=12 commit by dnId=0475d2c2-d46f-403e-95a5-8ff1a5c32338 for containerID=#12 failed. Corresponding entry not found.
2021-08-15 14:03:33,062 [EventQueue-DeleteBlockStatusForDeletedBlockLogImpl] DEBUG block.DeletedBlockLogImpl (DeletedBlockLogImpl.java:isTransactionFailed(278)) - Got block deletion ACK from datanode, TXIDs=13, success=true
2021-08-15 14:03:33,062 [EventQueue-DeleteBlockStatusForDeletedBlockLogImpl] DEBUG block.DeletedBlockLogImpl (DeletedBlockLogImpl.java:commitTransactions(224)) - Transaction txId=13 commit by dnId=0475d2c2-d46f-403e-95a5-8ff1a5c32338 for containerID=#13 failed. Corresponding entry not found.
2021-08-15 14:03:33,063 [EventQueue-DeleteBlockStatusForDeletedBlockLogImpl] DEBUG block.DeletedBlockLogImpl (DeletedBlockLogImpl.java:isTransactionFailed(278)) - Got block deletion ACK from datanode, TXIDs=14, success=true
2021-08-15 14:03:33,063 [EventQueue-DeleteBlockStatusForDeletedBlockLogImpl] DEBUG block.DeletedBlockLogImpl (DeletedBlockLogImpl.java:commitTransactions(224)) - Transaction txId=14 commit by dnId=0475d2c2-d46f-403e-95a5-8ff1a5c32338 for containerID=#14 failed. Corresponding entry not found.
2021-08-15 14:03:33,063 [EventQueue-DeleteBlockStatusForDeletedBlockLogImpl] DEBUG block.DeletedBlockLogImpl (DeletedBlockLogImpl.java:isTransactionFailed(278)) - Got block deletion ACK from datanode, TXIDs=15, success=true
2021-08-15 14:03:33,063 [EventQueue-DeleteBlockStatusForDeletedBlockLogImpl] DEBUG block.DeletedBlockLogImpl (DeletedBlockLogImpl.java:commitTransactions(224)) - Transaction txId=15 commit by dnId=0475d2c2-d46f-403e-95a5-8ff1a5c32338 for containerID=#15 failed. Corresponding entry not found.
2021-08-15 14:03:33,063 [EventQueue-DeleteBlockStatusForDeletedBlockLogImpl] DEBUG block.DeletedBlockLogImpl (DeletedBlockLogImpl.java:isTransactionFailed(278)) - Got block deletion ACK from datanode, TXIDs=16, success=true
2021-08-15 14:03:33,063 [EventQueue-DeleteBlockStatusForDeletedBlockLogImpl] DEBUG block.DeletedBlockLogImpl (DeletedBlockLogImpl.java:commitTransactions(224)) - Transaction txId=16 commit by dnId=0475d2c2-d46f-403e-95a5-8ff1a5c32338 for containerID=#16 failed. Corresponding entry not found.
2021-08-15 14:03:33,063 [EventQueue-DeleteBlockStatusForDeletedBlockLogImpl] DEBUG block.DeletedBlockLogImpl (DeletedBlockLogImpl.java:isTransactionFailed(278)) - Got block deletion ACK from datanode, TXIDs=17, success=true
2021-08-15 14:03:33,063 [EventQueue-DeleteBlockStatusForDeletedBlockLogImpl] DEBUG block.DeletedBlockLogImpl (DeletedBlockLogImpl.java:commitTransactions(224)) - Transaction txId=17 commit by dnId=0475d2c2-d46f-403e-95a5-8ff1a5c32338 for containerID=#17 failed. Corresponding entry not found.
2021-08-15 14:03:33,063 [EventQueue-DeleteBlockStatusForDeletedBlockLogImpl] DEBUG block.DeletedBlockLogImpl (DeletedBlockLogImpl.java:isTransactionFailed(278)) - Got block deletion ACK from datanode, TXIDs=18, success=true
2021-08-15 14:03:33,063 [EventQueue-DeleteBlockStatusForDeletedBlockLogImpl] DEBUG block.DeletedBlockLogImpl (DeletedBlockLogImpl.java:commitTransactions(224)) - Transaction txId=18 commit by dnId=0475d2c2-d46f-403e-95a5-8ff1a5c32338 for containerID=#18 failed. Corresponding entry not found.
2021-08-15 14:03:33,063 [EventQueue-DeleteBlockStatusForDeletedBlockLogImpl] DEBUG block.DeletedBlockLogImpl (DeletedBlockLogImpl.java:isTransactionFailed(278)) - Got block deletion ACK from datanode, TXIDs=19, success=true
2021-08-15 14:03:33,063 [EventQueue-DeleteBlockStatusForDeletedBlockLogImpl] DEBUG block.DeletedBlockLogImpl (DeletedBlockLogImpl.java:commitTransactions(224)) - Transaction txId=19 commit by dnId=0475d2c2-d46f-403e-95a5-8ff1a5c32338 for containerID=#19 failed. Corresponding entry not found.
2021-08-15 14:03:33,063 [EventQueue-DeleteBlockStatusForDeletedBlockLogImpl] DEBUG block.DeletedBlockLogImpl (DeletedBlockLogImpl.java:isTransactionFailed(278)) - Got block deletion ACK from datanode, TXIDs=20, success=true
2021-08-15 14:03:33,063 [EventQueue-DeleteBlockStatusForDeletedBlockLogImpl] DEBUG block.DeletedBlockLogImpl (DeletedBlockLogImpl.java:commitTransactions(224)) - Transaction txId=20 commit by dnId=0475d2c2-d46f-403e-95a5-8ff1a5c32338 for containerID=#20 failed. Corresponding entry not found.
2021-08-15 14:03:33,063 [EventQueue-DeleteBlockStatusForDeletedBlockLogImpl] DEBUG block.DeletedBlockLogImpl (DeletedBlockLogImpl.java:isTransactionFailed(278)) - Got block deletion ACK from datanode, TXIDs=21, success=true
2021-08-15 14:03:33,063 [EventQueue-DeleteBlockStatusForDeletedBlockLogImpl] DEBUG block.DeletedBlockLogImpl (DeletedBlockLogImpl.java:commitTransactions(224)) - Transaction txId=21 commit by dnId=0475d2c2-d46f-403e-95a5-8ff1a5c32338 for containerID=#21 failed. Corresponding entry not found.
2021-08-15 14:03:33,063 [EventQueue-DeleteBlockStatusForDeletedBlockLogImpl] DEBUG block.DeletedBlockLogImpl (DeletedBlockLogImpl.java:isTransactionFailed(278)) - Got block deletion ACK from datanode, TXIDs=22, success=true
2021-08-15 14:03:33,063 [EventQueue-DeleteBlockStatusForDeletedBlockLogImpl] DEBUG block.DeletedBlockLogImpl (DeletedBlockLogImpl.java:commitTransactions(224)) - Transaction txId=22 commit by dnId=0475d2c2-d46f-403e-95a5-8ff1a5c32338 for containerID=#22 failed. Corresponding entry not found.
2021-08-15 14:03:33,063 [EventQueue-DeleteBlockStatusForDeletedBlockLogImpl] DEBUG block.DeletedBlockLogImpl (DeletedBlockLogImpl.java:isTransactionFailed(278)) - Got block deletion ACK from datanode, TXIDs=23, success=true
2021-08-15 14:03:33,063 [EventQueue-DeleteBlockStatusForDeletedBlockLogImpl] DEBUG block.DeletedBlockLogImpl (DeletedBlockLogImpl.java:commitTransactions(224)) - Transaction txId=23 commit by dnId=0475d2c2-d46f-403e-95a5-8ff1a5c32338 for containerID=#23 failed. Corresponding entry not found.
2021-08-15 14:03:33,063 [EventQueue-DeleteBlockStatusForDeletedBlockLogImpl] DEBUG block.DeletedBlockLogImpl (DeletedBlockLogImpl.java:isTransactionFailed(278)) - Got block deletion ACK from datanode, TXIDs=24, success=true
2021-08-15 14:03:33,064 [EventQueue-DeleteBlockStatusForDeletedBlockLogImpl] DEBUG block.DeletedBlockLogImpl (DeletedBlockLogImpl.java:commitTransactions(224)) - Transaction txId=24 commit by dnId=0475d2c2-d46f-403e-95a5-8ff1a5c32338 for containerID=#24 failed. Corresponding entry not found.
2021-08-15 14:03:33,064 [EventQueue-DeleteBlockStatusForDeletedBlockLogImpl] DEBUG block.DeletedBlockLogImpl (DeletedBlockLogImpl.java:isTransactionFailed(278)) - Got block deletion ACK from datanode, TXIDs=25, success=true
2021-08-15 14:03:33,064 [EventQueue-DeleteBlockStatusForDeletedBlockLogImpl] DEBUG block.DeletedBlockLogImpl (DeletedBlockLogImpl.java:commitTransactions(224)) - Transaction txId=25 commit by dnId=0475d2c2-d46f-403e-95a5-8ff1a5c32338 for containerID=#25 failed. Corresponding entry not found.
2021-08-15 14:03:33,064 [EventQueue-DeleteBlockStatusForDeletedBlockLogImpl] DEBUG block.DeletedBlockLogImpl (DeletedBlockLogImpl.java:isTransactionFailed(278)) - Got block deletion ACK from datanode, TXIDs=26, success=true
2021-08-15 14:03:33,064 [EventQueue-DeleteBlockStatusForDeletedBlockLogImpl] DEBUG block.DeletedBlockLogImpl (DeletedBlockLogImpl.java:commitTransactions(224)) - Transaction txId=26 commit by dnId=0475d2c2-d46f-403e-95a5-8ff1a5c32338 for containerID=#26 failed. Corresponding entry not found.
2021-08-15 14:03:33,066 [EventQueue-DeleteBlockStatusForDeletedBlockLogImpl] DEBUG block.DeletedBlockLogImpl (DeletedBlockLogImpl.java:isTransactionFailed(278)) - Got block deletion ACK from datanode, TXIDs=27, success=true
2021-08-15 14:03:33,067 [EventQueue-DeleteBlockStatusForDeletedBlockLogImpl] DEBUG block.DeletedBlockLogImpl (DeletedBlockLogImpl.java:commitTransactions(224)) - Transaction txId=27 commit by dnId=0475d2c2-d46f-403e-95a5-8ff1a5c32338 for containerID=#27 failed. Corresponding entry not found.
2021-08-15 14:03:33,067 [EventQueue-DeleteBlockStatusForDeletedBlockLogImpl] DEBUG block.DeletedBlockLogImpl (DeletedBlockLogImpl.java:isTransactionFailed(278)) - Got block deletion ACK from datanode, TXIDs=28, success=true
2021-08-15 14:03:33,067 [EventQueue-DeleteBlockStatusForDeletedBlockLogImpl] DEBUG block.DeletedBlockLogImpl (DeletedBlockLogImpl.java:commitTransactions(224)) - Transaction txId=28 commit by dnId=0475d2c2-d46f-403e-95a5-8ff1a5c32338 for containerID=#28 failed. Corresponding entry not found.
2021-08-15 14:03:33,067 [EventQueue-DeleteBlockStatusForDeletedBlockLogImpl] DEBUG block.DeletedBlockLogImpl (DeletedBlockLogImpl.java:isTransactionFailed(278)) - Got block deletion ACK from datanode, TXIDs=29, success=true
2021-08-15 14:03:33,067 [EventQueue-DeleteBlockStatusForDeletedBlockLogImpl] DEBUG block.DeletedBlockLogImpl (DeletedBlockLogImpl.java:commitTransactions(224)) - Transaction txId=29 commit by dnId=0475d2c2-d46f-403e-95a5-8ff1a5c32338 for containerID=#29 failed. Corresponding entry not found.
2021-08-15 14:03:33,067 [EventQueue-DeleteBlockStatusForDeletedBlockLogImpl] DEBUG block.DeletedBlockLogImpl (DeletedBlockLogImpl.java:isTransactionFailed(278)) - Got block deletion ACK from datanode, TXIDs=30, success=true
2021-08-15 14:03:33,067 [EventQueue-DeleteBlockStatusForDeletedBlockLogImpl] DEBUG block.DeletedBlockLogImpl (DeletedBlockLogImpl.java:commitTransactions(224)) - Transaction txId=30 commit by dnId=0475d2c2-d46f-403e-95a5-8ff1a5c32338 for containerID=#30 failed. Corresponding entry not found.
2021-08-15 14:03:33,067 [EventQueue-DeleteBlockStatusForDeletedBlockLogImpl] DEBUG block.DeletedBlockLogImpl (DeletedBlockLogImpl.java:isTransactionFailed(278)) - Got block deletion ACK from datanode, TXIDs=31, success=true
2021-08-15 14:03:33,067 [EventQueue-DeleteBlockStatusForDeletedBlockLogImpl] DEBUG block.DeletedBlockLogImpl (DeletedBlockLogImpl.java:commitTransactions(224)) - Transaction txId=31 commit by dnId=0475d2c2-d46f-403e-95a5-8ff1a5c32338 for containerID=#31 failed. Corresponding entry not found.
2021-08-15 14:03:33,067 [EventQueue-DeleteBlockStatusForDeletedBlockLogImpl] DEBUG block.DeletedBlockLogImpl (DeletedBlockLogImpl.java:isTransactionFailed(278)) - Got block deletion ACK from datanode, TXIDs=32, success=true
2021-08-15 14:03:33,067 [EventQueue-DeleteBlockStatusForDeletedBlockLogImpl] DEBUG block.DeletedBlockLogImpl (DeletedBlockLogImpl.java:commitTransactions(224)) - Transaction txId=32 commit by dnId=0475d2c2-d46f-403e-95a5-8ff1a5c32338 for containerID=#32 failed. Corresponding entry not found.
2021-08-15 14:03:33,067 [EventQueue-DeleteBlockStatusForDeletedBlockLogImpl] DEBUG block.DeletedBlockLogImpl (DeletedBlockLogImpl.java:isTransactionFailed(278)) - Got block deletion ACK from datanode, TXIDs=33, success=true
2021-08-15 14:03:33,067 [EventQueue-DeleteBlockStatusForDeletedBlockLogImpl] DEBUG block.DeletedBlockLogImpl (DeletedBlockLogImpl.java:commitTransactions(224)) - Transaction txId=33 commit by dnId=0475d2c2-d46f-403e-95a5-8ff1a5c32338 for containerID=#33 failed. Corresponding entry not found.
2021-08-15 14:03:33,067 [EventQueue-DeleteBlockStatusForDeletedBlockLogImpl] DEBUG block.DeletedBlockLogImpl (DeletedBlockLogImpl.java:isTransactionFailed(278)) - Got block deletion ACK from datanode, TXIDs=34, success=true
2021-08-15 14:03:33,067 [EventQueue-DeleteBlockStatusForDeletedBlockLogImpl] DEBUG block.DeletedBlockLogImpl (DeletedBlockLogImpl.java:commitTransactions(224)) - Transaction txId=34 commit by dnId=0475d2c2-d46f-403e-95a5-8ff1a5c32338 for containerID=#34 failed. Corresponding entry not found.
2021-08-15 14:03:33,067 [EventQueue-DeleteBlockStatusForDeletedBlockLogImpl] DEBUG block.DeletedBlockLogImpl (DeletedBlockLogImpl.java:isTransactionFailed(278)) - Got block deletion ACK from datanode, TXIDs=35, success=true
2021-08-15 14:03:33,067 [EventQueue-DeleteBlockStatusForDeletedBlockLogImpl] DEBUG block.DeletedBlockLogImpl (DeletedBlockLogImpl.java:commitTransactions(224)) - Transaction txId=35 commit by dnId=0475d2c2-d46f-403e-95a5-8ff1a5c32338 for containerID=#35 failed. Corresponding entry not found.
2021-08-15 14:03:33,067 [EventQueue-DeleteBlockStatusForDeletedBlockLogImpl] DEBUG block.DeletedBlockLogImpl (DeletedBlockLogImpl.java:isTransactionFailed(278)) - Got block deletion ACK from datanode, TXIDs=36, success=true
2021-08-15 14:03:33,067 [EventQueue-DeleteBlockStatusForDeletedBlockLogImpl] DEBUG block.DeletedBlockLogImpl (DeletedBlockLogImpl.java:commitTransactions(224)) - Transaction txId=36 commit by dnId=0475d2c2-d46f-403e-95a5-8ff1a5c32338 for containerID=#36 failed. Corresponding entry not found.
2021-08-15 14:03:33,067 [EventQueue-DeleteBlockStatusForDeletedBlockLogImpl] DEBUG block.DeletedBlockLogImpl (DeletedBlockLogImpl.java:isTransactionFailed(278)) - Got block deletion ACK from datanode, TXIDs=37, success=true
2021-08-15 14:03:33,067 [EventQueue-DeleteBlockStatusForDeletedBlockLogImpl] DEBUG block.DeletedBlockLogImpl (DeletedBlockLogImpl.java:commitTransactions(224)) - Transaction txId=37 commit by dnId=0475d2c2-d46f-403e-95a5-8ff1a5c32338 for containerID=#37 failed. Corresponding entry not found.
2021-08-15 14:03:33,067 [EventQueue-DeleteBlockStatusForDeletedBlockLogImpl] DEBUG block.DeletedBlockLogImpl (DeletedBlockLogImpl.java:isTransactionFailed(278)) - Got block deletion ACK from datanode, TXIDs=38, success=true
2021-08-15 14:03:33,067 [EventQueue-DeleteBlockStatusForDeletedBlockLogImpl] DEBUG block.DeletedBlockLogImpl (DeletedBlockLogImpl.java:commitTransactions(224)) - Transaction txId=38 commit by dnId=0475d2c2-d46f-403e-95a5-8ff1a5c32338 for containerID=#38 failed. Corresponding entry not found.
2021-08-15 14:03:33,067 [EventQueue-DeleteBlockStatusForDeletedBlockLogImpl] DEBUG block.DeletedBlockLogImpl (DeletedBlockLogImpl.java:isTransactionFailed(278)) - Got block deletion ACK from datanode, TXIDs=39, success=true
2021-08-15 14:03:33,067 [EventQueue-DeleteBlockStatusForDeletedBlockLogImpl] DEBUG block.DeletedBlockLogImpl (DeletedBlockLogImpl.java:commitTransactions(224)) - Transaction txId=39 commit by dnId=0475d2c2-d46f-403e-95a5-8ff1a5c32338 for containerID=#39 failed. Corresponding entry not found.
2021-08-15 14:03:33,067 [EventQueue-DeleteBlockStatusForDeletedBlockLogImpl] DEBUG block.DeletedBlockLogImpl (DeletedBlockLogImpl.java:isTransactionFailed(278)) - Got block deletion ACK from datanode, TXIDs=40, success=true
2021-08-15 14:03:33,067 [EventQueue-DeleteBlockStatusForDeletedBlockLogImpl] DEBUG block.DeletedBlockLogImpl (DeletedBlockLogImpl.java:commitTransactions(224)) - Transaction txId=40 commit by dnId=0475d2c2-d46f-403e-95a5-8ff1a5c32338 for containerID=#40 failed. Corresponding entry not found.
2021-08-15 14:03:33,068 [EventQueue-DeleteBlockStatusForDeletedBlockLogImpl] DEBUG block.DeletedBlockLogImpl (DeletedBlockLogImpl.java:isTransactionFailed(278)) - Got block deletion ACK from datanode, TXIDs=41, success=true
2021-08-15 14:03:33,068 [EventQueue-DeleteBlockStatusForDeletedBlockLogImpl] DEBUG block.DeletedBlockLogImpl (DeletedBlockLogImpl.java:commitTransactions(224)) - Transaction txId=41 commit by dnId=0475d2c2-d46f-403e-95a5-8ff1a5c32338 for containerID=#41 failed. Corresponding entry not found.
2021-08-15 14:03:33,068 [EventQueue-DeleteBlockStatusForDeletedBlockLogImpl] DEBUG block.DeletedBlockLogImpl (DeletedBlockLogImpl.java:isTransactionFailed(278)) - Got block deletion ACK from datanode, TXIDs=42, success=true
2021-08-15 14:03:33,068 [EventQueue-DeleteBlockStatusForDeletedBlockLogImpl] DEBUG block.DeletedBlockLogImpl (DeletedBlockLogImpl.java:commitTransactions(224)) - Transaction txId=42 commit by dnId=0475d2c2-d46f-403e-95a5-8ff1a5c32338 for containerID=#42 failed. Corresponding entry not found.
2021-08-15 14:03:33,068 [EventQueue-DeleteBlockStatusForDeletedBlockLogImpl] DEBUG block.DeletedBlockLogImpl (DeletedBlockLogImpl.java:isTransactionFailed(278)) - Got block deletion ACK from datanode, TXIDs=43, success=true
2021-08-15 14:03:33,068 [EventQueue-DeleteBlockStatusForDeletedBlockLogImpl] DEBUG block.DeletedBlockLogImpl (DeletedBlockLogImpl.java:commitTransactions(224)) - Transaction txId=43 commit by dnId=0475d2c2-d46f-403e-95a5-8ff1a5c32338 for containerID=#43 failed. Corresponding entry not found.
2021-08-15 14:03:33,068 [EventQueue-DeleteBlockStatusForDeletedBlockLogImpl] DEBUG block.DeletedBlockLogImpl (DeletedBlockLogImpl.java:isTransactionFailed(278)) - Got block deletion ACK from datanode, TXIDs=44, success=true
2021-08-15 14:03:33,068 [EventQueue-DeleteBlockStatusForDeletedBlockLogImpl] DEBUG block.DeletedBlockLogImpl (DeletedBlockLogImpl.java:commitTransactions(224)) - Transaction txId=44 commit by dnId=0475d2c2-d46f-403e-95a5-8ff1a5c32338 for containerID=#44 failed. Corresponding entry not found.
2021-08-15 14:03:33,068 [EventQueue-DeleteBlockStatusForDeletedBlockLogImpl] DEBUG block.DeletedBlockLogImpl (DeletedBlockLogImpl.java:isTransactionFailed(278)) - Got block deletion ACK from datanode, TXIDs=45, success=true
2021-08-15 14:03:33,068 [EventQueue-DeleteBlockStatusForDeletedBlockLogImpl] DEBUG block.DeletedBlockLogImpl (DeletedBlockLogImpl.java:commitTransactions(224)) - Transaction txId=45 commit by dnId=0475d2c2-d46f-403e-95a5-8ff1a5c32338 for containerID=#45 failed. Corresponding entry not found.
2021-08-15 14:03:33,068 [EventQueue-DeleteBlockStatusForDeletedBlockLogImpl] DEBUG block.DeletedBlockLogImpl (DeletedBlockLogImpl.java:isTransactionFailed(278)) - Got block deletion ACK from datanode, TXIDs=46, success=true
2021-08-15 14:03:33,068 [EventQueue-DeleteBlockStatusForDeletedBlockLogImpl] DEBUG block.DeletedBlockLogImpl (DeletedBlockLogImpl.java:commitTransactions(224)) - Transaction txId=46 commit by dnId=0475d2c2-d46f-403e-95a5-8ff1a5c32338 for containerID=#46 failed. Corresponding entry not found.
2021-08-15 14:03:33,068 [EventQueue-DeleteBlockStatusForDeletedBlockLogImpl] DEBUG block.DeletedBlockLogImpl (DeletedBlockLogImpl.java:isTransactionFailed(278)) - Got block deletion ACK from datanode, TXIDs=47, success=true
2021-08-15 14:03:33,068 [EventQueue-DeleteBlockStatusForDeletedBlockLogImpl] DEBUG block.DeletedBlockLogImpl (DeletedBlockLogImpl.java:commitTransactions(224)) - Transaction txId=47 commit by dnId=0475d2c2-d46f-403e-95a5-8ff1a5c32338 for containerID=#47 failed. Corresponding entry not found.
2021-08-15 14:03:33,068 [EventQueue-DeleteBlockStatusForDeletedBlockLogImpl] DEBUG block.DeletedBlockLogImpl (DeletedBlockLogImpl.java:isTransactionFailed(278)) - Got block deletion ACK from datanode, TXIDs=48, success=true
2021-08-15 14:03:33,068 [EventQueue-DeleteBlockStatusForDeletedBlockLogImpl] DEBUG block.DeletedBlockLogImpl (DeletedBlockLogImpl.java:commitTransactions(224)) - Transaction txId=48 commit by dnId=0475d2c2-d46f-403e-95a5-8ff1a5c32338 for containerID=#48 failed. Corresponding entry not found.
2021-08-15 14:03:33,068 [EventQueue-DeleteBlockStatusForDeletedBlockLogImpl] DEBUG block.DeletedBlockLogImpl (DeletedBlockLogImpl.java:isTransactionFailed(278)) - Got block deletion ACK from datanode, TXIDs=49, success=true
2021-08-15 14:03:33,068 [EventQueue-DeleteBlockStatusForDeletedBlockLogImpl] DEBUG block.DeletedBlockLogImpl (DeletedBlockLogImpl.java:commitTransactions(224)) - Transaction txId=49 commit by dnId=0475d2c2-d46f-403e-95a5-8ff1a5c32338 for containerID=#49 failed. Corresponding entry not found.
2021-08-15 14:03:33,068 [EventQueue-DeleteBlockStatusForDeletedBlockLogImpl] DEBUG block.DeletedBlockLogImpl (DeletedBlockLogImpl.java:isTransactionFailed(278)) - Got block deletion ACK from datanode, TXIDs=50, success=true
2021-08-15 14:03:33,068 [EventQueue-DeleteBlockStatusForDeletedBlockLogImpl] DEBUG block.DeletedBlockLogImpl (DeletedBlockLogImpl.java:commitTransactions(224)) - Transaction txId=50 commit by dnId=0475d2c2-d46f-403e-95a5-8ff1a5c32338 for containerID=#50 failed. Corresponding entry not found.
2021-08-15 14:03:33,068 [EventQueue-DeleteBlockStatusForDeletedBlockLogImpl] DEBUG block.DeletedBlockLogImpl (DeletedBlockLogImpl.java:isTransactionFailed(278)) - Got block deletion ACK from datanode, TXIDs=51, success=true
2021-08-15 14:03:33,068 [EventQueue-DeleteBlockStatusForDeletedBlockLogImpl] DEBUG block.DeletedBlockLogImpl (DeletedBlockLogImpl.java:commitTransactions(224)) - Transaction txId=51 commit by dnId=0475d2c2-d46f-403e-95a5-8ff1a5c32338 for containerID=#51 failed. Corresponding entry not found.
2021-08-15 14:03:33,068 [EventQueue-DeleteBlockStatusForDeletedBlockLogImpl] DEBUG block.DeletedBlockLogImpl (DeletedBlockLogImpl.java:isTransactionFailed(278)) - Got block deletion ACK from datanode, TXIDs=52, success=true
2021-08-15 14:03:33,068 [EventQueue-DeleteBlockStatusForDeletedBlockLogImpl] DEBUG block.DeletedBlockLogImpl (DeletedBlockLogImpl.java:commitTransactions(224)) - Transaction txId=52 commit by dnId=0475d2c2-d46f-403e-95a5-8ff1a5c32338 for containerID=#52 failed. Corresponding entry not found.
2021-08-15 14:03:33,068 [EventQueue-DeleteBlockStatusForDeletedBlockLogImpl] DEBUG block.DeletedBlockLogImpl (DeletedBlockLogImpl.java:isTransactionFailed(278)) - Got block deletion ACK from datanode, TXIDs=53, success=true
2021-08-15 14:03:33,068 [EventQueue-DeleteBlockStatusForDeletedBlockLogImpl] DEBUG block.DeletedBlockLogImpl (DeletedBlockLogImpl.java:commitTransactions(224)) - Transaction txId=53 commit by dnId=0475d2c2-d46f-403e-95a5-8ff1a5c32338 for containerID=#53 failed. Corresponding entry not found.
2021-08-15 14:03:33,068 [EventQueue-DeleteBlockStatusForDeletedBlockLogImpl] DEBUG block.DeletedBlockLogImpl (DeletedBlockLogImpl.java:isTransactionFailed(278)) - Got block deletion ACK from datanode, TXIDs=54, success=true
2021-08-15 14:03:33,069 [EventQueue-DeleteBlockStatusForDeletedBlockLogImpl] DEBUG block.DeletedBlockLogImpl (DeletedBlockLogImpl.java:commitTransactions(224)) - Transaction txId=54 commit by dnId=0475d2c2-d46f-403e-95a5-8ff1a5c32338 for containerID=#54 failed. Corresponding entry not found.
2021-08-15 14:03:33,069 [EventQueue-DeleteBlockStatusForDeletedBlockLogImpl] DEBUG block.DeletedBlockLogImpl (DeletedBlockLogImpl.java:isTransactionFailed(278)) - Got block deletion ACK from datanode, TXIDs=55, success=true
2021-08-15 14:03:33,069 [EventQueue-DeleteBlockStatusForDeletedBlockLogImpl] DEBUG block.DeletedBlockLogImpl (DeletedBlockLogImpl.java:commitTransactions(224)) - Transaction txId=55 commit by dnId=0475d2c2-d46f-403e-95a5-8ff1a5c32338 for containerID=#55 failed. Corresponding entry not found.
2021-08-15 14:03:33,069 [EventQueue-DeleteBlockStatusForDeletedBlockLogImpl] DEBUG block.DeletedBlockLogImpl (DeletedBlockLogImpl.java:isTransactionFailed(278)) - Got block deletion ACK from datanode, TXIDs=56, success=true
2021-08-15 14:03:33,069 [EventQueue-DeleteBlockStatusForDeletedBlockLogImpl] DEBUG block.DeletedBlockLogImpl (DeletedBlockLogImpl.java:commitTransactions(224)) - Transaction txId=56 commit by dnId=0475d2c2-d46f-403e-95a5-8ff1a5c32338 for containerID=#56 failed. Corresponding entry not found.
2021-08-15 14:03:33,069 [EventQueue-DeleteBlockStatusForDeletedBlockLogImpl] DEBUG block.DeletedBlockLogImpl (DeletedBlockLogImpl.java:isTransactionFailed(278)) - Got block deletion ACK from datanode, TXIDs=28, success=true
2021-08-15 14:03:33,069 [EventQueue-DeleteBlockStatusForDeletedBlockLogImpl] DEBUG block.DeletedBlockLogImpl (DeletedBlockLogImpl.java:commitTransactions(224)) - Transaction txId=28 commit by dnId=0475d2c2-d46f-403e-95a5-8ff1a5c32338 for containerID=#28 failed. Corresponding entry not found.
2021-08-15 14:03:33,069 [EventQueue-DeleteBlockStatusForDeletedBlockLogImpl] DEBUG block.DeletedBlockLogImpl (DeletedBlockLogImpl.java:isTransactionFailed(278)) - Got block deletion ACK from datanode, TXIDs=29, success=true
2021-08-15 14:03:33,069 [EventQueue-DeleteBlockStatusForDeletedBlockLogImpl] DEBUG block.DeletedBlockLogImpl (DeletedBlockLogImpl.java:commitTransactions(224)) - Transaction txId=29 commit by dnId=0475d2c2-d46f-403e-95a5-8ff1a5c32338 for containerID=#29 failed. Corresponding entry not found.
2021-08-15 14:03:33,069 [EventQueue-DeleteBlockStatusForDeletedBlockLogImpl] DEBUG block.DeletedBlockLogImpl (DeletedBlockLogImpl.java:isTransactionFailed(278)) - Got block deletion ACK from datanode, TXIDs=30, success=true
2021-08-15 14:03:33,069 [EventQueue-DeleteBlockStatusForDeletedBlockLogImpl] DEBUG block.DeletedBlockLogImpl (DeletedBlockLogImpl.java:commitTransactions(224)) - Transaction txId=30 commit by dnId=0475d2c2-d46f-403e-95a5-8ff1a5c32338 for containerID=#30 failed. Corresponding entry not found.
2021-08-15 14:03:33,069 [EventQueue-DeleteBlockStatusForDeletedBlockLogImpl] DEBUG block.DeletedBlockLogImpl (DeletedBlockLogImpl.java:isTransactionFailed(278)) - Got block deletion ACK from datanode, TXIDs=31, success=true
2021-08-15 14:03:33,069 [EventQueue-DeleteBlockStatusForDeletedBlockLogImpl] DEBUG block.DeletedBlockLogImpl (DeletedBlockLogImpl.java:commitTransactions(224)) - Transaction txId=31 commit by dnId=0475d2c2-d46f-403e-95a5-8ff1a5c32338 for containerID=#31 failed. Corresponding entry not found.
2021-08-15 14:03:33,069 [EventQueue-DeleteBlockStatusForDeletedBlockLogImpl] DEBUG block.DeletedBlockLogImpl (DeletedBlockLogImpl.java:isTransactionFailed(278)) - Got block deletion ACK from datanode, TXIDs=32, success=true
2021-08-15 14:03:33,069 [EventQueue-DeleteBlockStatusForDeletedBlockLogImpl] DEBUG block.DeletedBlockLogImpl (DeletedBlockLogImpl.java:commitTransactions(224)) - Transaction txId=32 commit by dnId=0475d2c2-d46f-403e-95a5-8ff1a5c32338 for containerID=#32 failed. Corresponding entry not found.
2021-08-15 14:03:33,069 [EventQueue-DeleteBlockStatusForDeletedBlockLogImpl] DEBUG block.DeletedBlockLogImpl (DeletedBlockLogImpl.java:isTransactionFailed(278)) - Got block deletion ACK from datanode, TXIDs=33, success=true
2021-08-15 14:03:33,069 [EventQueue-DeleteBlockStatusForDeletedBlockLogImpl] DEBUG block.DeletedBlockLogImpl (DeletedBlockLogImpl.java:commitTransactions(224)) - Transaction txId=33 commit by dnId=0475d2c2-d46f-403e-95a5-8ff1a5c32338 for containerID=#33 failed. Corresponding entry not found.
2021-08-15 14:03:33,069 [EventQueue-DeleteBlockStatusForDeletedBlockLogImpl] DEBUG block.DeletedBlockLogImpl (DeletedBlockLogImpl.java:isTransactionFailed(278)) - Got block deletion ACK from datanode, TXIDs=34, success=true
2021-08-15 14:03:33,069 [EventQueue-DeleteBlockStatusForDeletedBlockLogImpl] DEBUG block.DeletedBlockLogImpl (DeletedBlockLogImpl.java:commitTransactions(224)) - Transaction txId=34 commit by dnId=0475d2c2-d46f-403e-95a5-8ff1a5c32338 for containerID=#34 failed. Corresponding entry not found.
2021-08-15 14:03:33,069 [EventQueue-DeleteBlockStatusForDeletedBlockLogImpl] DEBUG block.DeletedBlockLogImpl (DeletedBlockLogImpl.java:isTransactionFailed(278)) - Got block deletion ACK from datanode, TXIDs=35, success=true
2021-08-15 14:03:33,069 [EventQueue-DeleteBlockStatusForDeletedBlockLogImpl] DEBUG block.DeletedBlockLogImpl (DeletedBlockLogImpl.java:commitTransactions(224)) - Transaction txId=35 commit by dnId=0475d2c2-d46f-403e-95a5-8ff1a5c32338 for containerID=#35 failed. Corresponding entry not found.
2021-08-15 14:03:33,069 [EventQueue-DeleteBlockStatusForDeletedBlockLogImpl] DEBUG block.DeletedBlockLogImpl (DeletedBlockLogImpl.java:isTransactionFailed(278)) - Got block deletion ACK from datanode, TXIDs=36, success=true
2021-08-15 14:03:33,069 [EventQueue-DeleteBlockStatusForDeletedBlockLogImpl] DEBUG block.DeletedBlockLogImpl (DeletedBlockLogImpl.java:commitTransactions(224)) - Transaction txId=36 commit by dnId=0475d2c2-d46f-403e-95a5-8ff1a5c32338 for containerID=#36 failed. Corresponding entry not found.
2021-08-15 14:03:33,069 [EventQueue-DeleteBlockStatusForDeletedBlockLogImpl] DEBUG block.DeletedBlockLogImpl (DeletedBlockLogImpl.java:isTransactionFailed(278)) - Got block deletion ACK from datanode, TXIDs=37, success=true
2021-08-15 14:03:33,069 [EventQueue-DeleteBlockStatusForDeletedBlockLogImpl] DEBUG block.DeletedBlockLogImpl (DeletedBlockLogImpl.java:commitTransactions(224)) - Transaction txId=37 commit by dnId=0475d2c2-d46f-403e-95a5-8ff1a5c32338 for containerID=#37 failed. Corresponding entry not found.
2021-08-15 14:03:33,069 [EventQueue-DeleteBlockStatusForDeletedBlockLogImpl] DEBUG block.DeletedBlockLogImpl (DeletedBlockLogImpl.java:isTransactionFailed(278)) - Got block deletion ACK from datanode, TXIDs=38, success=true
2021-08-15 14:03:33,069 [EventQueue-DeleteBlockStatusForDeletedBlockLogImpl] DEBUG block.DeletedBlockLogImpl (DeletedBlockLogImpl.java:commitTransactions(224)) - Transaction txId=38 commit by dnId=0475d2c2-d46f-403e-95a5-8ff1a5c32338 for containerID=#38 failed. Corresponding entry not found.
2021-08-15 14:03:33,069 [EventQueue-DeleteBlockStatusForDeletedBlockLogImpl] DEBUG block.DeletedBlockLogImpl (DeletedBlockLogImpl.java:isTransactionFailed(278)) - Got block deletion ACK from datanode, TXIDs=39, success=true
2021-08-15 14:03:33,070 [EventQueue-DeleteBlockStatusForDeletedBlockLogImpl] DEBUG block.DeletedBlockLogImpl (DeletedBlockLogImpl.java:commitTransactions(224)) - Transaction txId=39 commit by dnId=0475d2c2-d46f-403e-95a5-8ff1a5c32338 for containerID=#39 failed. Corresponding entry not found.
2021-08-15 14:03:33,070 [EventQueue-DeleteBlockStatusForDeletedBlockLogImpl] DEBUG block.DeletedBlockLogImpl (DeletedBlockLogImpl.java:isTransactionFailed(278)) - Got block deletion ACK from datanode, TXIDs=40, success=true
2021-08-15 14:03:33,070 [EventQueue-DeleteBlockStatusForDeletedBlockLogImpl] DEBUG block.DeletedBlockLogImpl (DeletedBlockLogImpl.java:commitTransactions(224)) - Transaction txId=40 commit by dnId=0475d2c2-d46f-403e-95a5-8ff1a5c32338 for containerID=#40 failed. Corresponding entry not found.
2021-08-15 14:03:33,070 [EventQueue-DeleteBlockStatusForDeletedBlockLogImpl] DEBUG block.DeletedBlockLogImpl (DeletedBlockLogImpl.java:isTransactionFailed(278)) - Got block deletion ACK from datanode, TXIDs=41, success=true
2021-08-15 14:03:33,070 [EventQueue-DeleteBlockStatusForDeletedBlockLogImpl] DEBUG block.DeletedBlockLogImpl (DeletedBlockLogImpl.java:commitTransactions(224)) - Transaction txId=41 commit by dnId=0475d2c2-d46f-403e-95a5-8ff1a5c32338 for containerID=#41 failed. Corresponding entry not found.
2021-08-15 14:03:33,070 [EventQueue-DeleteBlockStatusForDeletedBlockLogImpl] DEBUG block.DeletedBlockLogImpl (DeletedBlockLogImpl.java:isTransactionFailed(278)) - Got block deletion ACK from datanode, TXIDs=42, success=true
2021-08-15 14:03:33,070 [EventQueue-DeleteBlockStatusForDeletedBlockLogImpl] DEBUG block.DeletedBlockLogImpl (DeletedBlockLogImpl.java:commitTransactions(224)) - Transaction txId=42 commit by dnId=0475d2c2-d46f-403e-95a5-8ff1a5c32338 for containerID=#42 failed. Corresponding entry not found.
2021-08-15 14:03:33,070 [EventQueue-DeleteBlockStatusForDeletedBlockLogImpl] DEBUG block.DeletedBlockLogImpl (DeletedBlockLogImpl.java:isTransactionFailed(278)) - Got block deletion ACK from datanode, TXIDs=43, success=true
2021-08-15 14:03:33,070 [EventQueue-DeleteBlockStatusForDeletedBlockLogImpl] DEBUG block.DeletedBlockLogImpl (DeletedBlockLogImpl.java:commitTransactions(224)) - Transaction txId=43 commit by dnId=0475d2c2-d46f-403e-95a5-8ff1a5c32338 for containerID=#43 failed. Corresponding entry not found.
2021-08-15 14:03:33,070 [EventQueue-DeleteBlockStatusForDeletedBlockLogImpl] DEBUG block.DeletedBlockLogImpl (DeletedBlockLogImpl.java:isTransactionFailed(278)) - Got block deletion ACK from datanode, TXIDs=44, success=true
2021-08-15 14:03:33,070 [EventQueue-DeleteBlockStatusForDeletedBlockLogImpl] DEBUG block.DeletedBlockLogImpl (DeletedBlockLogImpl.java:commitTransactions(224)) - Transaction txId=44 commit by dnId=0475d2c2-d46f-403e-95a5-8ff1a5c32338 for containerID=#44 failed. Corresponding entry not found.
2021-08-15 14:03:33,070 [EventQueue-DeleteBlockStatusForDeletedBlockLogImpl] DEBUG block.DeletedBlockLogImpl (DeletedBlockLogImpl.java:isTransactionFailed(278)) - Got block deletion ACK from datanode, TXIDs=45, success=true
2021-08-15 14:03:33,070 [EventQueue-DeleteBlockStatusForDeletedBlockLogImpl] DEBUG block.DeletedBlockLogImpl (DeletedBlockLogImpl.java:commitTransactions(224)) - Transaction txId=45 commit by dnId=0475d2c2-d46f-403e-95a5-8ff1a5c32338 for containerID=#45 failed. Corresponding entry not found.
2021-08-15 14:03:33,070 [EventQueue-DeleteBlockStatusForDeletedBlockLogImpl] DEBUG block.DeletedBlockLogImpl (DeletedBlockLogImpl.java:isTransactionFailed(278)) - Got block deletion ACK from datanode, TXIDs=46, success=true
2021-08-15 14:03:33,070 [EventQueue-DeleteBlockStatusForDeletedBlockLogImpl] DEBUG block.DeletedBlockLogImpl (DeletedBlockLogImpl.java:commitTransactions(224)) - Transaction txId=46 commit by dnId=0475d2c2-d46f-403e-95a5-8ff1a5c32338 for containerID=#46 failed. Corresponding entry not found.
2021-08-15 14:03:33,070 [EventQueue-DeleteBlockStatusForDeletedBlockLogImpl] DEBUG block.DeletedBlockLogImpl (DeletedBlockLogImpl.java:isTransactionFailed(278)) - Got block deletion ACK from datanode, TXIDs=47, success=true
2021-08-15 14:03:33,070 [EventQueue-DeleteBlockStatusForDeletedBlockLogImpl] DEBUG block.DeletedBlockLogImpl (DeletedBlockLogImpl.java:commitTransactions(224)) - Transaction txId=47 commit by dnId=0475d2c2-d46f-403e-95a5-8ff1a5c32338 for containerID=#47 failed. Corresponding entry not found.
2021-08-15 14:03:33,070 [EventQueue-DeleteBlockStatusForDeletedBlockLogImpl] DEBUG block.DeletedBlockLogImpl (DeletedBlockLogImpl.java:isTransactionFailed(278)) - Got block deletion ACK from datanode, TXIDs=48, success=true
2021-08-15 14:03:33,070 [EventQueue-DeleteBlockStatusForDeletedBlockLogImpl] DEBUG block.DeletedBlockLogImpl (DeletedBlockLogImpl.java:commitTransactions(224)) - Transaction txId=48 commit by dnId=0475d2c2-d46f-403e-95a5-8ff1a5c32338 for containerID=#48 failed. Corresponding entry not found.
2021-08-15 14:03:33,070 [EventQueue-DeleteBlockStatusForDeletedBlockLogImpl] DEBUG block.DeletedBlockLogImpl (DeletedBlockLogImpl.java:isTransactionFailed(278)) - Got block deletion ACK from datanode, TXIDs=49, success=true
2021-08-15 14:03:33,070 [EventQueue-DeleteBlockStatusForDeletedBlockLogImpl] DEBUG block.DeletedBlockLogImpl (DeletedBlockLogImpl.java:commitTransactions(224)) - Transaction txId=49 commit by dnId=0475d2c2-d46f-403e-95a5-8ff1a5c32338 for containerID=#49 failed. Corresponding entry not found.
2021-08-15 14:03:33,071 [EventQueue-DeleteBlockStatusForDeletedBlockLogImpl] DEBUG block.DeletedBlockLogImpl (DeletedBlockLogImpl.java:isTransactionFailed(278)) - Got block deletion ACK from datanode, TXIDs=50, success=true
2021-08-15 14:03:33,071 [EventQueue-DeleteBlockStatusForDeletedBlockLogImpl] DEBUG block.DeletedBlockLogImpl (DeletedBlockLogImpl.java:commitTransactions(224)) - Transaction txId=50 commit by dnId=0475d2c2-d46f-403e-95a5-8ff1a5c32338 for containerID=#50 failed. Corresponding entry not found.
2021-08-15 14:03:33,071 [EventQueue-DeleteBlockStatusForDeletedBlockLogImpl] DEBUG block.DeletedBlockLogImpl (DeletedBlockLogImpl.java:isTransactionFailed(278)) - Got block deletion ACK from datanode, TXIDs=51, success=true
2021-08-15 14:03:33,071 [EventQueue-DeleteBlockStatusForDeletedBlockLogImpl] DEBUG block.DeletedBlockLogImpl (DeletedBlockLogImpl.java:commitTransactions(224)) - Transaction txId=51 commit by dnId=0475d2c2-d46f-403e-95a5-8ff1a5c32338 for containerID=#51 failed. Corresponding entry not found.
2021-08-15 14:03:33,071 [EventQueue-DeleteBlockStatusForDeletedBlockLogImpl] DEBUG block.DeletedBlockLogImpl (DeletedBlockLogImpl.java:isTransactionFailed(278)) - Got block deletion ACK from datanode, TXIDs=52, success=true
2021-08-15 14:03:33,071 [EventQueue-DeleteBlockStatusForDeletedBlockLogImpl] DEBUG block.DeletedBlockLogImpl (DeletedBlockLogImpl.java:commitTransactions(224)) - Transaction txId=52 commit by dnId=0475d2c2-d46f-403e-95a5-8ff1a5c32338 for containerID=#52 failed. Corresponding entry not found.
2021-08-15 14:03:33,071 [EventQueue-DeleteBlockStatusForDeletedBlockLogImpl] DEBUG block.DeletedBlockLogImpl (DeletedBlockLogImpl.java:isTransactionFailed(278)) - Got block deletion ACK from datanode, TXIDs=53, success=true
2021-08-15 14:03:33,071 [EventQueue-DeleteBlockStatusForDeletedBlockLogImpl] DEBUG block.DeletedBlockLogImpl (DeletedBlockLogImpl.java:commitTransactions(224)) - Transaction txId=53 commit by dnId=0475d2c2-d46f-403e-95a5-8ff1a5c32338 for containerID=#53 failed. Corresponding entry not found.
2021-08-15 14:03:33,071 [EventQueue-DeleteBlockStatusForDeletedBlockLogImpl] DEBUG block.DeletedBlockLogImpl (DeletedBlockLogImpl.java:isTransactionFailed(278)) - Got block deletion ACK from datanode, TXIDs=54, success=true
2021-08-15 14:03:33,071 [EventQueue-DeleteBlockStatusForDeletedBlockLogImpl] DEBUG block.DeletedBlockLogImpl (DeletedBlockLogImpl.java:commitTransactions(224)) - Transaction txId=54 commit by dnId=0475d2c2-d46f-403e-95a5-8ff1a5c32338 for containerID=#54 failed. Corresponding entry not found.
2021-08-15 14:03:33,071 [EventQueue-DeleteBlockStatusForDeletedBlockLogImpl] DEBUG block.DeletedBlockLogImpl (DeletedBlockLogImpl.java:isTransactionFailed(278)) - Got block deletion ACK from datanode, TXIDs=55, success=true
2021-08-15 14:03:33,071 [EventQueue-DeleteBlockStatusForDeletedBlockLogImpl] DEBUG block.DeletedBlockLogImpl (DeletedBlockLogImpl.java:commitTransactions(224)) - Transaction txId=55 commit by dnId=0475d2c2-d46f-403e-95a5-8ff1a5c32338 for containerID=#55 failed. Corresponding entry not found.
2021-08-15 14:03:33,071 [EventQueue-DeleteBlockStatusForDeletedBlockLogImpl] DEBUG block.DeletedBlockLogImpl (DeletedBlockLogImpl.java:isTransactionFailed(278)) - Got block deletion ACK from datanode, TXIDs=56, success=true
2021-08-15 14:03:33,071 [EventQueue-DeleteBlockStatusForDeletedBlockLogImpl] DEBUG block.DeletedBlockLogImpl (DeletedBlockLogImpl.java:commitTransactions(224)) - Transaction txId=56 commit by dnId=0475d2c2-d46f-403e-95a5-8ff1a5c32338 for containerID=#56 failed. Corresponding entry not found.
2021-08-15 14:03:33,071 [EventQueue-DeleteBlockStatusForDeletedBlockLogImpl] DEBUG block.DeletedBlockLogImpl (DeletedBlockLogImpl.java:isTransactionFailed(278)) - Got block deletion ACK from datanode, TXIDs=28, success=true
2021-08-15 14:03:33,071 [EventQueue-DeleteBlockStatusForDeletedBlockLogImpl] DEBUG block.DeletedBlockLogImpl (DeletedBlockLogImpl.java:commitTransactions(224)) - Transaction txId=28 commit by dnId=0475d2c2-d46f-403e-95a5-8ff1a5c32338 for containerID=#28 failed. Corresponding entry not found.
2021-08-15 14:03:33,071 [EventQueue-DeleteBlockStatusForDeletedBlockLogImpl] DEBUG block.DeletedBlockLogImpl (DeletedBlockLogImpl.java:isTransactionFailed(278)) - Got block deletion ACK from datanode, TXIDs=29, success=true
2021-08-15 14:03:33,071 [EventQueue-DeleteBlockStatusForDeletedBlockLogImpl] DEBUG block.DeletedBlockLogImpl (DeletedBlockLogImpl.java:commitTransactions(224)) - Transaction txId=29 commit by dnId=0475d2c2-d46f-403e-95a5-8ff1a5c32338 for containerID=#29 failed. Corresponding entry not found.
2021-08-15 14:03:33,071 [EventQueue-DeleteBlockStatusForDeletedBlockLogImpl] DEBUG block.DeletedBlockLogImpl (DeletedBlockLogImpl.java:isTransactionFailed(278)) - Got block deletion ACK from datanode, TXIDs=30, success=true
2021-08-15 14:03:33,071 [EventQueue-DeleteBlockStatusForDeletedBlockLogImpl] DEBUG block.DeletedBlockLogImpl (DeletedBlockLogImpl.java:commitTransactions(224)) - Transaction txId=30 commit by dnId=0475d2c2-d46f-403e-95a5-8ff1a5c32338 for containerID=#30 failed. Corresponding entry not found.
2021-08-15 14:03:33,071 [EventQueue-DeleteBlockStatusForDeletedBlockLogImpl] DEBUG block.DeletedBlockLogImpl (DeletedBlockLogImpl.java:isTransactionFailed(278)) - Got block deletion ACK from datanode, TXIDs=31, success=true
2021-08-15 14:03:33,071 [EventQueue-DeleteBlockStatusForDeletedBlockLogImpl] DEBUG block.DeletedBlockLogImpl (DeletedBlockLogImpl.java:commitTransactions(224)) - Transaction txId=31 commit by dnId=0475d2c2-d46f-403e-95a5-8ff1a5c32338 for containerID=#31 failed. Corresponding entry not found.
2021-08-15 14:03:33,071 [EventQueue-DeleteBlockStatusForDeletedBlockLogImpl] DEBUG block.DeletedBlockLogImpl (DeletedBlockLogImpl.java:isTransactionFailed(278)) - Got block deletion ACK from datanode, TXIDs=32, success=true
2021-08-15 14:03:33,071 [EventQueue-DeleteBlockStatusForDeletedBlockLogImpl] DEBUG block.DeletedBlockLogImpl (DeletedBlockLogImpl.java:commitTransactions(224)) - Transaction txId=32 commit by dnId=0475d2c2-d46f-403e-95a5-8ff1a5c32338 for containerID=#32 failed. Corresponding entry not found.
2021-08-15 14:03:33,071 [EventQueue-DeleteBlockStatusForDeletedBlockLogImpl] DEBUG block.DeletedBlockLogImpl (DeletedBlockLogImpl.java:isTransactionFailed(278)) - Got block deletion ACK from datanode, TXIDs=33, success=true
2021-08-15 14:03:33,071 [EventQueue-DeleteBlockStatusForDeletedBlockLogImpl] DEBUG block.DeletedBlockLogImpl (DeletedBlockLogImpl.java:commitTransactions(224)) - Transaction txId=33 commit by dnId=0475d2c2-d46f-403e-95a5-8ff1a5c32338 for containerID=#33 failed. Corresponding entry not found.
2021-08-15 14:03:33,071 [EventQueue-DeleteBlockStatusForDeletedBlockLogImpl] DEBUG block.DeletedBlockLogImpl (DeletedBlockLogImpl.java:isTransactionFailed(278)) - Got block deletion ACK from datanode, TXIDs=34, success=true
2021-08-15 14:03:33,072 [EventQueue-DeleteBlockStatusForDeletedBlockLogImpl] DEBUG block.DeletedBlockLogImpl (DeletedBlockLogImpl.java:commitTransactions(224)) - Transaction txId=34 commit by dnId=0475d2c2-d46f-403e-95a5-8ff1a5c32338 for containerID=#34 failed. Corresponding entry not found.
2021-08-15 14:03:33,072 [EventQueue-DeleteBlockStatusForDeletedBlockLogImpl] DEBUG block.DeletedBlockLogImpl (DeletedBlockLogImpl.java:isTransactionFailed(278)) - Got block deletion ACK from datanode, TXIDs=35, success=true
2021-08-15 14:03:33,072 [EventQueue-DeleteBlockStatusForDeletedBlockLogImpl] DEBUG block.DeletedBlockLogImpl (DeletedBlockLogImpl.java:commitTransactions(224)) - Transaction txId=35 commit by dnId=0475d2c2-d46f-403e-95a5-8ff1a5c32338 for containerID=#35 failed. Corresponding entry not found.
2021-08-15 14:03:33,072 [EventQueue-DeleteBlockStatusForDeletedBlockLogImpl] DEBUG block.DeletedBlockLogImpl (DeletedBlockLogImpl.java:isTransactionFailed(278)) - Got block deletion ACK from datanode, TXIDs=36, success=true
2021-08-15 14:03:33,080 [SCMBlockDeletingService#0] DEBUG block.SCMBlockDeletingService (SCMBlockDeletingService.java:call(133)) - Running DeletedBlockTransactionScanner
2021-08-15 14:03:33,085 [EventQueue-DeleteBlockStatusForDeletedBlockLogImpl] DEBUG block.DeletedBlockLogImpl (DeletedBlockLogImpl.java:commitTransactions(224)) - Transaction txId=36 commit by dnId=0475d2c2-d46f-403e-95a5-8ff1a5c32338 for containerID=#36 failed. Corresponding entry not found.
2021-08-15 14:03:33,085 [EventQueue-DeleteBlockStatusForDeletedBlockLogImpl] DEBUG block.DeletedBlockLogImpl (DeletedBlockLogImpl.java:isTransactionFailed(278)) - Got block deletion ACK from datanode, TXIDs=37, success=true
2021-08-15 14:03:33,085 [EventQueue-DeleteBlockStatusForDeletedBlockLogImpl] DEBUG block.DeletedBlockLogImpl (DeletedBlockLogImpl.java:commitTransactions(224)) - Transaction txId=37 commit by dnId=0475d2c2-d46f-403e-95a5-8ff1a5c32338 for containerID=#37 failed. Corresponding entry not found.
2021-08-15 14:03:33,085 [EventQueue-DeleteBlockStatusForDeletedBlockLogImpl] DEBUG block.DeletedBlockLogImpl (DeletedBlockLogImpl.java:isTransactionFailed(278)) - Got block deletion ACK from datanode, TXIDs=38, success=true
2021-08-15 14:03:33,085 [EventQueue-DeleteBlockStatusForDeletedBlockLogImpl] DEBUG block.DeletedBlockLogImpl (DeletedBlockLogImpl.java:commitTransactions(224)) - Transaction txId=38 commit by dnId=0475d2c2-d46f-403e-95a5-8ff1a5c32338 for containerID=#38 failed. Corresponding entry not found.
2021-08-15 14:03:33,085 [EventQueue-DeleteBlockStatusForDeletedBlockLogImpl] DEBUG block.DeletedBlockLogImpl (DeletedBlockLogImpl.java:isTransactionFailed(278)) - Got block deletion ACK from datanode, TXIDs=39, success=true
2021-08-15 14:03:33,085 [EventQueue-DeleteBlockStatusForDeletedBlockLogImpl] DEBUG block.DeletedBlockLogImpl (DeletedBlockLogImpl.java:commitTransactions(224)) - Transaction txId=39 commit by dnId=0475d2c2-d46f-403e-95a5-8ff1a5c32338 for containerID=#39 failed. Corresponding entry not found.
2021-08-15 14:03:33,085 [EventQueue-DeleteBlockStatusForDeletedBlockLogImpl] DEBUG block.DeletedBlockLogImpl (DeletedBlockLogImpl.java:isTransactionFailed(278)) - Got block deletion ACK from datanode, TXIDs=40, success=true
2021-08-15 14:03:33,085 [EventQueue-DeleteBlockStatusForDeletedBlockLogImpl] DEBUG block.DeletedBlockLogImpl (DeletedBlockLogImpl.java:commitTransactions(224)) - Transaction txId=40 commit by dnId=0475d2c2-d46f-403e-95a5-8ff1a5c32338 for containerID=#40 failed. Corresponding entry not found.
2021-08-15 14:03:33,085 [EventQueue-DeleteBlockStatusForDeletedBlockLogImpl] DEBUG block.DeletedBlockLogImpl (DeletedBlockLogImpl.java:isTransactionFailed(278)) - Got block deletion ACK from datanode, TXIDs=41, success=true
2021-08-15 14:03:33,085 [EventQueue-DeleteBlockStatusForDeletedBlockLogImpl] DEBUG block.DeletedBlockLogImpl (DeletedBlockLogImpl.java:commitTransactions(224)) - Transaction txId=41 commit by dnId=0475d2c2-d46f-403e-95a5-8ff1a5c32338 for containerID=#41 failed. Corresponding entry not found.
2021-08-15 14:03:33,085 [EventQueue-DeleteBlockStatusForDeletedBlockLogImpl] DEBUG block.DeletedBlockLogImpl (DeletedBlockLogImpl.java:isTransactionFailed(278)) - Got block deletion ACK from datanode, TXIDs=42, success=true
2021-08-15 14:03:33,085 [EventQueue-DeleteBlockStatusForDeletedBlockLogImpl] DEBUG block.DeletedBlockLogImpl (DeletedBlockLogImpl.java:commitTransactions(224)) - Transaction txId=42 commit by dnId=0475d2c2-d46f-403e-95a5-8ff1a5c32338 for containerID=#42 failed. Corresponding entry not found.
2021-08-15 14:03:33,085 [EventQueue-DeleteBlockStatusForDeletedBlockLogImpl] DEBUG block.DeletedBlockLogImpl (DeletedBlockLogImpl.java:isTransactionFailed(278)) - Got block deletion ACK from datanode, TXIDs=43, success=true
2021-08-15 14:03:33,086 [EventQueue-DeleteBlockStatusForDeletedBlockLogImpl] DEBUG block.DeletedBlockLogImpl (DeletedBlockLogImpl.java:commitTransactions(224)) - Transaction txId=43 commit by dnId=0475d2c2-d46f-403e-95a5-8ff1a5c32338 for containerID=#43 failed. Corresponding entry not found.
2021-08-15 14:03:33,086 [EventQueue-DeleteBlockStatusForDeletedBlockLogImpl] DEBUG block.DeletedBlockLogImpl (DeletedBlockLogImpl.java:isTransactionFailed(278)) - Got block deletion ACK from datanode, TXIDs=44, success=true
2021-08-15 14:03:33,086 [EventQueue-DeleteBlockStatusForDeletedBlockLogImpl] DEBUG block.DeletedBlockLogImpl (DeletedBlockLogImpl.java:commitTransactions(224)) - Transaction txId=44 commit by dnId=0475d2c2-d46f-403e-95a5-8ff1a5c32338 for containerID=#44 failed. Corresponding entry not found.
2021-08-15 14:03:33,086 [EventQueue-DeleteBlockStatusForDeletedBlockLogImpl] DEBUG block.DeletedBlockLogImpl (DeletedBlockLogImpl.java:isTransactionFailed(278)) - Got block deletion ACK from datanode, TXIDs=45, success=true
2021-08-15 14:03:33,086 [EventQueue-DeleteBlockStatusForDeletedBlockLogImpl] DEBUG block.DeletedBlockLogImpl (DeletedBlockLogImpl.java:commitTransactions(224)) - Transaction txId=45 commit by dnId=0475d2c2-d46f-403e-95a5-8ff1a5c32338 for containerID=#45 failed. Corresponding entry not found.
2021-08-15 14:03:33,086 [EventQueue-DeleteBlockStatusForDeletedBlockLogImpl] DEBUG block.DeletedBlockLogImpl (DeletedBlockLogImpl.java:isTransactionFailed(278)) - Got block deletion ACK from datanode, TXIDs=46, success=true
2021-08-15 14:03:33,086 [EventQueue-DeleteBlockStatusForDeletedBlockLogImpl] DEBUG block.DeletedBlockLogImpl (DeletedBlockLogImpl.java:commitTransactions(224)) - Transaction txId=46 commit by dnId=0475d2c2-d46f-403e-95a5-8ff1a5c32338 for containerID=#46 failed. Corresponding entry not found.
2021-08-15 14:03:33,086 [EventQueue-DeleteBlockStatusForDeletedBlockLogImpl] DEBUG block.DeletedBlockLogImpl (DeletedBlockLogImpl.java:isTransactionFailed(278)) - Got block deletion ACK from datanode, TXIDs=47, success=true
2021-08-15 14:03:33,086 [EventQueue-DeleteBlockStatusForDeletedBlockLogImpl] DEBUG block.DeletedBlockLogImpl (DeletedBlockLogImpl.java:commitTransactions(224)) - Transaction txId=47 commit by dnId=0475d2c2-d46f-403e-95a5-8ff1a5c32338 for containerID=#47 failed. Corresponding entry not found.
2021-08-15 14:03:33,086 [EventQueue-DeleteBlockStatusForDeletedBlockLogImpl] DEBUG block.DeletedBlockLogImpl (DeletedBlockLogImpl.java:isTransactionFailed(278)) - Got block deletion ACK from datanode, TXIDs=48, success=true
2021-08-15 14:03:33,086 [EventQueue-DeleteBlockStatusForDeletedBlockLogImpl] DEBUG block.DeletedBlockLogImpl (DeletedBlockLogImpl.java:commitTransactions(224)) - Transaction txId=48 commit by dnId=0475d2c2-d46f-403e-95a5-8ff1a5c32338 for containerID=#48 failed. Corresponding entry not found.
2021-08-15 14:03:33,086 [EventQueue-DeleteBlockStatusForDeletedBlockLogImpl] DEBUG block.DeletedBlockLogImpl (DeletedBlockLogImpl.java:isTransactionFailed(278)) - Got block deletion ACK from datanode, TXIDs=49, success=true
2021-08-15 14:03:33,086 [EventQueue-DeleteBlockStatusForDeletedBlockLogImpl] DEBUG block.DeletedBlockLogImpl (DeletedBlockLogImpl.java:commitTransactions(224)) - Transaction txId=49 commit by dnId=0475d2c2-d46f-403e-95a5-8ff1a5c32338 for containerID=#49 failed. Corresponding entry not found.
2021-08-15 14:03:33,086 [EventQueue-DeleteBlockStatusForDeletedBlockLogImpl] DEBUG block.DeletedBlockLogImpl (DeletedBlockLogImpl.java:isTransactionFailed(278)) - Got block deletion ACK from datanode, TXIDs=50, success=true
2021-08-15 14:03:33,086 [EventQueue-DeleteBlockStatusForDeletedBlockLogImpl] DEBUG block.DeletedBlockLogImpl (DeletedBlockLogImpl.java:commitTransactions(224)) - Transaction txId=50 commit by dnId=0475d2c2-d46f-403e-95a5-8ff1a5c32338 for containerID=#50 failed. Corresponding entry not found.
2021-08-15 14:03:33,086 [EventQueue-DeleteBlockStatusForDeletedBlockLogImpl] DEBUG block.DeletedBlockLogImpl (DeletedBlockLogImpl.java:isTransactionFailed(278)) - Got block deletion ACK from datanode, TXIDs=51, success=true
2021-08-15 14:03:33,086 [EventQueue-DeleteBlockStatusForDeletedBlockLogImpl] DEBUG block.DeletedBlockLogImpl (DeletedBlockLogImpl.java:commitTransactions(224)) - Transaction txId=51 commit by dnId=0475d2c2-d46f-403e-95a5-8ff1a5c32338 for containerID=#51 failed. Corresponding entry not found.
2021-08-15 14:03:33,086 [EventQueue-DeleteBlockStatusForDeletedBlockLogImpl] DEBUG block.DeletedBlockLogImpl (DeletedBlockLogImpl.java:isTransactionFailed(278)) - Got block deletion ACK from datanode, TXIDs=52, success=true
2021-08-15 14:03:33,086 [EventQueue-DeleteBlockStatusForDeletedBlockLogImpl] DEBUG block.DeletedBlockLogImpl (DeletedBlockLogImpl.java:commitTransactions(224)) - Transaction txId=52 commit by dnId=0475d2c2-d46f-403e-95a5-8ff1a5c32338 for containerID=#52 failed. Corresponding entry not found.
2021-08-15 14:03:33,086 [EventQueue-DeleteBlockStatusForDeletedBlockLogImpl] DEBUG block.DeletedBlockLogImpl (DeletedBlockLogImpl.java:isTransactionFailed(278)) - Got block deletion ACK from datanode, TXIDs=53, success=true
2021-08-15 14:03:33,086 [EventQueue-DeleteBlockStatusForDeletedBlockLogImpl] DEBUG block.DeletedBlockLogImpl (DeletedBlockLogImpl.java:commitTransactions(224)) - Transaction txId=53 commit by dnId=0475d2c2-d46f-403e-95a5-8ff1a5c32338 for containerID=#53 failed. Corresponding entry not found.
2021-08-15 14:03:33,086 [EventQueue-DeleteBlockStatusForDeletedBlockLogImpl] DEBUG block.DeletedBlockLogImpl (DeletedBlockLogImpl.java:isTransactionFailed(278)) - Got block deletion ACK from datanode, TXIDs=54, success=true
2021-08-15 14:03:33,086 [EventQueue-DeleteBlockStatusForDeletedBlockLogImpl] DEBUG block.DeletedBlockLogImpl (DeletedBlockLogImpl.java:commitTransactions(224)) - Transaction txId=54 commit by dnId=0475d2c2-d46f-403e-95a5-8ff1a5c32338 for containerID=#54 failed. Corresponding entry not found.
2021-08-15 14:03:33,086 [EventQueue-DeleteBlockStatusForDeletedBlockLogImpl] DEBUG block.DeletedBlockLogImpl (DeletedBlockLogImpl.java:isTransactionFailed(278)) - Got block deletion ACK from datanode, TXIDs=55, success=true
2021-08-15 14:03:33,086 [EventQueue-DeleteBlockStatusForDeletedBlockLogImpl] DEBUG block.DeletedBlockLogImpl (DeletedBlockLogImpl.java:commitTransactions(224)) - Transaction txId=55 commit by dnId=0475d2c2-d46f-403e-95a5-8ff1a5c32338 for containerID=#55 failed. Corresponding entry not found.
2021-08-15 14:03:33,086 [EventQueue-DeleteBlockStatusForDeletedBlockLogImpl] DEBUG block.DeletedBlockLogImpl (DeletedBlockLogImpl.java:isTransactionFailed(278)) - Got block deletion ACK from datanode, TXIDs=56, success=true
2021-08-15 14:03:33,086 [EventQueue-DeleteBlockStatusForDeletedBlockLogImpl] DEBUG block.DeletedBlockLogImpl (DeletedBlockLogImpl.java:commitTransactions(224)) - Transaction txId=56 commit by dnId=0475d2c2-d46f-403e-95a5-8ff1a5c32338 for containerID=#56 failed. Corresponding entry not found.
2021-08-15 14:03:33,088 [EventQueue-DeleteBlockStatusForDeletedBlockLogImpl] DEBUG block.DeletedBlockLogImpl (DeletedBlockLogImpl.java:isTransactionFailed(278)) - Got block deletion ACK from datanode, TXIDs=28, success=true
2021-08-15 14:03:33,088 [EventQueue-DeleteBlockStatusForDeletedBlockLogImpl] DEBUG block.DeletedBlockLogImpl (DeletedBlockLogImpl.java:commitTransactions(224)) - Transaction txId=28 commit by dnId=0475d2c2-d46f-403e-95a5-8ff1a5c32338 for containerID=#28 failed. Corresponding entry not found.
2021-08-15 14:03:33,088 [EventQueue-DeleteBlockStatusForDeletedBlockLogImpl] DEBUG block.DeletedBlockLogImpl (DeletedBlockLogImpl.java:isTransactionFailed(278)) - Got block deletion ACK from datanode, TXIDs=29, success=true
2021-08-15 14:03:33,088 [EventQueue-DeleteBlockStatusForDeletedBlockLogImpl] DEBUG block.DeletedBlockLogImpl (DeletedBlockLogImpl.java:commitTransactions(224)) - Transaction txId=29 commit by dnId=0475d2c2-d46f-403e-95a5-8ff1a5c32338 for containerID=#29 failed. Corresponding entry not found.
2021-08-15 14:03:33,088 [EventQueue-DeleteBlockStatusForDeletedBlockLogImpl] DEBUG block.DeletedBlockLogImpl (DeletedBlockLogImpl.java:isTransactionFailed(278)) - Got block deletion ACK from datanode, TXIDs=30, success=true
2021-08-15 14:03:33,088 [EventQueue-DeleteBlockStatusForDeletedBlockLogImpl] DEBUG block.DeletedBlockLogImpl (DeletedBlockLogImpl.java:commitTransactions(224)) - Transaction txId=30 commit by dnId=0475d2c2-d46f-403e-95a5-8ff1a5c32338 for containerID=#30 failed. Corresponding entry not found.
2021-08-15 14:03:33,088 [EventQueue-DeleteBlockStatusForDeletedBlockLogImpl] DEBUG block.DeletedBlockLogImpl (DeletedBlockLogImpl.java:isTransactionFailed(278)) - Got block deletion ACK from datanode, TXIDs=31, success=true
2021-08-15 14:03:33,088 [EventQueue-DeleteBlockStatusForDeletedBlockLogImpl] DEBUG block.DeletedBlockLogImpl (DeletedBlockLogImpl.java:commitTransactions(224)) - Transaction txId=31 commit by dnId=0475d2c2-d46f-403e-95a5-8ff1a5c32338 for containerID=#31 failed. Corresponding entry not found.
2021-08-15 14:03:33,088 [EventQueue-DeleteBlockStatusForDeletedBlockLogImpl] DEBUG block.DeletedBlockLogImpl (DeletedBlockLogImpl.java:isTransactionFailed(278)) - Got block deletion ACK from datanode, TXIDs=32, success=true
2021-08-15 14:03:33,088 [EventQueue-DeleteBlockStatusForDeletedBlockLogImpl] DEBUG block.DeletedBlockLogImpl (DeletedBlockLogImpl.java:commitTransactions(224)) - Transaction txId=32 commit by dnId=0475d2c2-d46f-403e-95a5-8ff1a5c32338 for containerID=#32 failed. Corresponding entry not found.
2021-08-15 14:03:33,088 [EventQueue-DeleteBlockStatusForDeletedBlockLogImpl] DEBUG block.DeletedBlockLogImpl (DeletedBlockLogImpl.java:isTransactionFailed(278)) - Got block deletion ACK from datanode, TXIDs=33, success=true
2021-08-15 14:03:33,088 [EventQueue-DeleteBlockStatusForDeletedBlockLogImpl] DEBUG block.DeletedBlockLogImpl (DeletedBlockLogImpl.java:commitTransactions(224)) - Transaction txId=33 commit by dnId=0475d2c2-d46f-403e-95a5-8ff1a5c32338 for containerID=#33 failed. Corresponding entry not found.
2021-08-15 14:03:33,088 [EventQueue-DeleteBlockStatusForDeletedBlockLogImpl] DEBUG block.DeletedBlockLogImpl (DeletedBlockLogImpl.java:isTransactionFailed(278)) - Got block deletion ACK from datanode, TXIDs=34, success=true
2021-08-15 14:03:33,088 [EventQueue-DeleteBlockStatusForDeletedBlockLogImpl] DEBUG block.DeletedBlockLogImpl (DeletedBlockLogImpl.java:commitTransactions(224)) - Transaction txId=34 commit by dnId=0475d2c2-d46f-403e-95a5-8ff1a5c32338 for containerID=#34 failed. Corresponding entry not found.
2021-08-15 14:03:33,088 [EventQueue-DeleteBlockStatusForDeletedBlockLogImpl] DEBUG block.DeletedBlockLogImpl (DeletedBlockLogImpl.java:isTransactionFailed(278)) - Got block deletion ACK from datanode, TXIDs=35, success=true
2021-08-15 14:03:33,088 [EventQueue-DeleteBlockStatusForDeletedBlockLogImpl] DEBUG block.DeletedBlockLogImpl (DeletedBlockLogImpl.java:commitTransactions(224)) - Transaction txId=35 commit by dnId=0475d2c2-d46f-403e-95a5-8ff1a5c32338 for containerID=#35 failed. Corresponding entry not found.
2021-08-15 14:03:33,088 [EventQueue-DeleteBlockStatusForDeletedBlockLogImpl] DEBUG block.DeletedBlockLogImpl (DeletedBlockLogImpl.java:isTransactionFailed(278)) - Got block deletion ACK from datanode, TXIDs=36, success=true
2021-08-15 14:03:33,088 [EventQueue-DeleteBlockStatusForDeletedBlockLogImpl] DEBUG block.DeletedBlockLogImpl (DeletedBlockLogImpl.java:commitTransactions(224)) - Transaction txId=36 commit by dnId=0475d2c2-d46f-403e-95a5-8ff1a5c32338 for containerID=#36 failed. Corresponding entry not found.
2021-08-15 14:03:33,088 [EventQueue-DeleteBlockStatusForDeletedBlockLogImpl] DEBUG block.DeletedBlockLogImpl (DeletedBlockLogImpl.java:isTransactionFailed(278)) - Got block deletion ACK from datanode, TXIDs=37, success=true
2021-08-15 14:03:33,088 [EventQueue-DeleteBlockStatusForDeletedBlockLogImpl] DEBUG block.DeletedBlockLogImpl (DeletedBlockLogImpl.java:commitTransactions(224)) - Transaction txId=37 commit by dnId=0475d2c2-d46f-403e-95a5-8ff1a5c32338 for containerID=#37 failed. Corresponding entry not found.
2021-08-15 14:03:33,088 [EventQueue-DeleteBlockStatusForDeletedBlockLogImpl] DEBUG block.DeletedBlockLogImpl (DeletedBlockLogImpl.java:isTransactionFailed(278)) - Got block deletion ACK from datanode, TXIDs=38, success=true
2021-08-15 14:03:33,089 [EventQueue-DeleteBlockStatusForDeletedBlockLogImpl] DEBUG block.DeletedBlockLogImpl (DeletedBlockLogImpl.java:commitTransactions(224)) - Transaction txId=38 commit by dnId=0475d2c2-d46f-403e-95a5-8ff1a5c32338 for containerID=#38 failed. Corresponding entry not found.
2021-08-15 14:03:33,089 [EventQueue-DeleteBlockStatusForDeletedBlockLogImpl] DEBUG block.DeletedBlockLogImpl (DeletedBlockLogImpl.java:isTransactionFailed(278)) - Got block deletion ACK from datanode, TXIDs=39, success=true
2021-08-15 14:03:33,089 [EventQueue-DeleteBlockStatusForDeletedBlockLogImpl] DEBUG block.DeletedBlockLogImpl (DeletedBlockLogImpl.java:commitTransactions(224)) - Transaction txId=39 commit by dnId=0475d2c2-d46f-403e-95a5-8ff1a5c32338 for containerID=#39 failed. Corresponding entry not found.
2021-08-15 14:03:33,089 [EventQueue-DeleteBlockStatusForDeletedBlockLogImpl] DEBUG block.DeletedBlockLogImpl (DeletedBlockLogImpl.java:isTransactionFailed(278)) - Got block deletion ACK from datanode, TXIDs=40, success=true
2021-08-15 14:03:33,089 [EventQueue-DeleteBlockStatusForDeletedBlockLogImpl] DEBUG block.DeletedBlockLogImpl (DeletedBlockLogImpl.java:commitTransactions(224)) - Transaction txId=40 commit by dnId=0475d2c2-d46f-403e-95a5-8ff1a5c32338 for containerID=#40 failed. Corresponding entry not found.
2021-08-15 14:03:33,089 [EventQueue-DeleteBlockStatusForDeletedBlockLogImpl] DEBUG block.DeletedBlockLogImpl (DeletedBlockLogImpl.java:isTransactionFailed(278)) - Got block deletion ACK from datanode, TXIDs=41, success=true
2021-08-15 14:03:33,089 [EventQueue-DeleteBlockStatusForDeletedBlockLogImpl] DEBUG block.DeletedBlockLogImpl (DeletedBlockLogImpl.java:commitTransactions(224)) - Transaction txId=41 commit by dnId=0475d2c2-d46f-403e-95a5-8ff1a5c32338 for containerID=#41 failed. Corresponding entry not found.
2021-08-15 14:03:33,089 [EventQueue-DeleteBlockStatusForDeletedBlockLogImpl] DEBUG block.DeletedBlockLogImpl (DeletedBlockLogImpl.java:isTransactionFailed(278)) - Got block deletion ACK from datanode, TXIDs=42, success=true
2021-08-15 14:03:33,089 [EventQueue-DeleteBlockStatusForDeletedBlockLogImpl] DEBUG block.DeletedBlockLogImpl (DeletedBlockLogImpl.java:commitTransactions(224)) - Transaction txId=42 commit by dnId=0475d2c2-d46f-403e-95a5-8ff1a5c32338 for containerID=#42 failed. Corresponding entry not found.
2021-08-15 14:03:33,089 [EventQueue-DeleteBlockStatusForDeletedBlockLogImpl] DEBUG block.DeletedBlockLogImpl (DeletedBlockLogImpl.java:isTransactionFailed(278)) - Got block deletion ACK from datanode, TXIDs=43, success=true
2021-08-15 14:03:33,089 [EventQueue-DeleteBlockStatusForDeletedBlockLogImpl] DEBUG block.DeletedBlockLogImpl (DeletedBlockLogImpl.java:commitTransactions(224)) - Transaction txId=43 commit by dnId=0475d2c2-d46f-403e-95a5-8ff1a5c32338 for containerID=#43 failed. Corresponding entry not found.
2021-08-15 14:03:33,089 [EventQueue-DeleteBlockStatusForDeletedBlockLogImpl] DEBUG block.DeletedBlockLogImpl (DeletedBlockLogImpl.java:isTransactionFailed(278)) - Got block deletion ACK from datanode, TXIDs=44, success=true
2021-08-15 14:03:33,089 [EventQueue-DeleteBlockStatusForDeletedBlockLogImpl] DEBUG block.DeletedBlockLogImpl (DeletedBlockLogImpl.java:commitTransactions(224)) - Transaction txId=44 commit by dnId=0475d2c2-d46f-403e-95a5-8ff1a5c32338 for containerID=#44 failed. Corresponding entry not found.
2021-08-15 14:03:33,089 [EventQueue-DeleteBlockStatusForDeletedBlockLogImpl] DEBUG block.DeletedBlockLogImpl (DeletedBlockLogImpl.java:isTransactionFailed(278)) - Got block deletion ACK from datanode, TXIDs=45, success=true
2021-08-15 14:03:33,089 [EventQueue-DeleteBlockStatusForDeletedBlockLogImpl] DEBUG block.DeletedBlockLogImpl (DeletedBlockLogImpl.java:commitTransactions(224)) - Transaction txId=45 commit by dnId=0475d2c2-d46f-403e-95a5-8ff1a5c32338 for containerID=#45 failed. Corresponding entry not found.
2021-08-15 14:03:33,089 [EventQueue-DeleteBlockStatusForDeletedBlockLogImpl] DEBUG block.DeletedBlockLogImpl (DeletedBlockLogImpl.java:isTransactionFailed(278)) - Got block deletion ACK from datanode, TXIDs=46, success=true
2021-08-15 14:03:33,089 [EventQueue-DeleteBlockStatusForDeletedBlockLogImpl] DEBUG block.DeletedBlockLogImpl (DeletedBlockLogImpl.java:commitTransactions(224)) - Transaction txId=46 commit by dnId=0475d2c2-d46f-403e-95a5-8ff1a5c32338 for containerID=#46 failed. Corresponding entry not found.
2021-08-15 14:03:33,089 [EventQueue-DeleteBlockStatusForDeletedBlockLogImpl] DEBUG block.DeletedBlockLogImpl (DeletedBlockLogImpl.java:isTransactionFailed(278)) - Got block deletion ACK from datanode, TXIDs=47, success=true
2021-08-15 14:03:33,089 [EventQueue-DeleteBlockStatusForDeletedBlockLogImpl] DEBUG block.DeletedBlockLogImpl (DeletedBlockLogImpl.java:commitTransactions(224)) - Transaction txId=47 commit by dnId=0475d2c2-d46f-403e-95a5-8ff1a5c32338 for containerID=#47 failed. Corresponding entry not found.
2021-08-15 14:03:33,089 [EventQueue-DeleteBlockStatusForDeletedBlockLogImpl] DEBUG block.DeletedBlockLogImpl (DeletedBlockLogImpl.java:isTransactionFailed(278)) - Got block deletion ACK from datanode, TXIDs=48, success=true
2021-08-15 14:03:33,089 [EventQueue-DeleteBlockStatusForDeletedBlockLogImpl] DEBUG block.DeletedBlockLogImpl (DeletedBlockLogImpl.java:commitTransactions(224)) - Transaction txId=48 commit by dnId=0475d2c2-d46f-403e-95a5-8ff1a5c32338 for containerID=#48 failed. Corresponding entry not found.
2021-08-15 14:03:33,090 [EventQueue-DeleteBlockStatusForDeletedBlockLogImpl] DEBUG block.DeletedBlockLogImpl (DeletedBlockLogImpl.java:isTransactionFailed(278)) - Got block deletion ACK from datanode, TXIDs=49, success=true
2021-08-15 14:03:33,090 [EventQueue-DeleteBlockStatusForDeletedBlockLogImpl] DEBUG block.DeletedBlockLogImpl (DeletedBlockLogImpl.java:commitTransactions(224)) - Transaction txId=49 commit by dnId=0475d2c2-d46f-403e-95a5-8ff1a5c32338 for containerID=#49 failed. Corresponding entry not found.
2021-08-15 14:03:33,090 [EventQueue-DeleteBlockStatusForDeletedBlockLogImpl] DEBUG block.DeletedBlockLogImpl (DeletedBlockLogImpl.java:isTransactionFailed(278)) - Got block deletion ACK from datanode, TXIDs=50, success=true
2021-08-15 14:03:33,090 [EventQueue-DeleteBlockStatusForDeletedBlockLogImpl] DEBUG block.DeletedBlockLogImpl (DeletedBlockLogImpl.java:commitTransactions(224)) - Transaction txId=50 commit by dnId=0475d2c2-d46f-403e-95a5-8ff1a5c32338 for containerID=#50 failed. Corresponding entry not found.
2021-08-15 14:03:33,090 [EventQueue-DeleteBlockStatusForDeletedBlockLogImpl] DEBUG block.DeletedBlockLogImpl (DeletedBlockLogImpl.java:isTransactionFailed(278)) - Got block deletion ACK from datanode, TXIDs=51, success=true
2021-08-15 14:03:33,090 [EventQueue-DeleteBlockStatusForDeletedBlockLogImpl] DEBUG block.DeletedBlockLogImpl (DeletedBlockLogImpl.java:commitTransactions(224)) - Transaction txId=51 commit by dnId=0475d2c2-d46f-403e-95a5-8ff1a5c32338 for containerID=#51 failed. Corresponding entry not found.
2021-08-15 14:03:33,090 [EventQueue-DeleteBlockStatusForDeletedBlockLogImpl] DEBUG block.DeletedBlockLogImpl (DeletedBlockLogImpl.java:isTransactionFailed(278)) - Got block deletion ACK from datanode, TXIDs=52, success=true
2021-08-15 14:03:33,090 [EventQueue-DeleteBlockStatusForDeletedBlockLogImpl] DEBUG block.DeletedBlockLogImpl (DeletedBlockLogImpl.java:commitTransactions(224)) - Transaction txId=52 commit by dnId=0475d2c2-d46f-403e-95a5-8ff1a5c32338 for containerID=#52 failed. Corresponding entry not found.
2021-08-15 14:03:33,090 [EventQueue-DeleteBlockStatusForDeletedBlockLogImpl] DEBUG block.DeletedBlockLogImpl (DeletedBlockLogImpl.java:isTransactionFailed(278)) - Got block deletion ACK from datanode, TXIDs=53, success=true
2021-08-15 14:03:33,090 [EventQueue-DeleteBlockStatusForDeletedBlockLogImpl] DEBUG block.DeletedBlockLogImpl (DeletedBlockLogImpl.java:commitTransactions(224)) - Transaction txId=53 commit by dnId=0475d2c2-d46f-403e-95a5-8ff1a5c32338 for containerID=#53 failed. Corresponding entry not found.
2021-08-15 14:03:33,090 [EventQueue-DeleteBlockStatusForDeletedBlockLogImpl] DEBUG block.DeletedBlockLogImpl (DeletedBlockLogImpl.java:isTransactionFailed(278)) - Got block deletion ACK from datanode, TXIDs=54, success=true
2021-08-15 14:03:33,092 [EventQueue-DeleteBlockStatusForDeletedBlockLogImpl] DEBUG block.DeletedBlockLogImpl (DeletedBlockLogImpl.java:commitTransactions(224)) - Transaction txId=54 commit by dnId=0475d2c2-d46f-403e-95a5-8ff1a5c32338 for containerID=#54 failed. Corresponding entry not found.
2021-08-15 14:03:33,092 [EventQueue-DeleteBlockStatusForDeletedBlockLogImpl] DEBUG block.DeletedBlockLogImpl (DeletedBlockLogImpl.java:isTransactionFailed(278)) - Got block deletion ACK from datanode, TXIDs=55, success=true
2021-08-15 14:03:33,092 [EventQueue-DeleteBlockStatusForDeletedBlockLogImpl] DEBUG block.DeletedBlockLogImpl (DeletedBlockLogImpl.java:commitTransactions(224)) - Transaction txId=55 commit by dnId=0475d2c2-d46f-403e-95a5-8ff1a5c32338 for containerID=#55 failed. Corresponding entry not found.
2021-08-15 14:03:33,092 [EventQueue-DeleteBlockStatusForDeletedBlockLogImpl] DEBUG block.DeletedBlockLogImpl (DeletedBlockLogImpl.java:isTransactionFailed(278)) - Got block deletion ACK from datanode, TXIDs=56, success=true
2021-08-15 14:03:33,092 [EventQueue-DeleteBlockStatusForDeletedBlockLogImpl] DEBUG block.DeletedBlockLogImpl (DeletedBlockLogImpl.java:commitTransactions(224)) - Transaction txId=56 commit by dnId=0475d2c2-d46f-403e-95a5-8ff1a5c32338 for containerID=#56 failed. Corresponding entry not found.
2021-08-15 14:03:33,092 [EventQueue-DeleteBlockStatusForDeletedBlockLogImpl] DEBUG block.DeletedBlockLogImpl (DeletedBlockLogImpl.java:isTransactionFailed(278)) - Got block deletion ACK from datanode, TXIDs=28, success=true
2021-08-15 14:03:33,092 [EventQueue-DeleteBlockStatusForDeletedBlockLogImpl] DEBUG block.DeletedBlockLogImpl (DeletedBlockLogImpl.java:commitTransactions(224)) - Transaction txId=28 commit by dnId=0475d2c2-d46f-403e-95a5-8ff1a5c32338 for containerID=#28 failed. Corresponding entry not found.
2021-08-15 14:03:33,092 [EventQueue-DeleteBlockStatusForDeletedBlockLogImpl] DEBUG block.DeletedBlockLogImpl (DeletedBlockLogImpl.java:isTransactionFailed(278)) - Got block deletion ACK from datanode, TXIDs=29, success=true
2021-08-15 14:03:33,092 [EventQueue-DeleteBlockStatusForDeletedBlockLogImpl] DEBUG block.DeletedBlockLogImpl (DeletedBlockLogImpl.java:commitTransactions(224)) - Transaction txId=29 commit by dnId=0475d2c2-d46f-403e-95a5-8ff1a5c32338 for containerID=#29 failed. Corresponding entry not found.
2021-08-15 14:03:33,092 [EventQueue-DeleteBlockStatusForDeletedBlockLogImpl] DEBUG block.DeletedBlockLogImpl (DeletedBlockLogImpl.java:isTransactionFailed(278)) - Got block deletion ACK from datanode, TXIDs=30, success=true
2021-08-15 14:03:33,092 [EventQueue-DeleteBlockStatusForDeletedBlockLogImpl] DEBUG block.DeletedBlockLogImpl (DeletedBlockLogImpl.java:commitTransactions(224)) - Transaction txId=30 commit by dnId=0475d2c2-d46f-403e-95a5-8ff1a5c32338 for containerID=#30 failed. Corresponding entry not found.
2021-08-15 14:03:33,092 [EventQueue-DeleteBlockStatusForDeletedBlockLogImpl] DEBUG block.DeletedBlockLogImpl (DeletedBlockLogImpl.java:isTransactionFailed(278)) - Got block deletion ACK from datanode, TXIDs=31, success=true
2021-08-15 14:03:33,092 [EventQueue-DeleteBlockStatusForDeletedBlockLogImpl] DEBUG block.DeletedBlockLogImpl (DeletedBlockLogImpl.java:commitTransactions(224)) - Transaction txId=31 commit by dnId=0475d2c2-d46f-403e-95a5-8ff1a5c32338 for containerID=#31 failed. Corresponding entry not found.
2021-08-15 14:03:33,092 [EventQueue-DeleteBlockStatusForDeletedBlockLogImpl] DEBUG block.DeletedBlockLogImpl (DeletedBlockLogImpl.java:isTransactionFailed(278)) - Got block deletion ACK from datanode, TXIDs=32, success=true
2021-08-15 14:03:33,092 [EventQueue-DeleteBlockStatusForDeletedBlockLogImpl] DEBUG block.DeletedBlockLogImpl (DeletedBlockLogImpl.java:commitTransactions(224)) - Transaction txId=32 commit by dnId=0475d2c2-d46f-403e-95a5-8ff1a5c32338 for containerID=#32 failed. Corresponding entry not found.
2021-08-15 14:03:33,092 [EventQueue-DeleteBlockStatusForDeletedBlockLogImpl] DEBUG block.DeletedBlockLogImpl (DeletedBlockLogImpl.java:isTransactionFailed(278)) - Got block deletion ACK from datanode, TXIDs=33, success=true
2021-08-15 14:03:33,092 [EventQueue-DeleteBlockStatusForDeletedBlockLogImpl] DEBUG block.DeletedBlockLogImpl (DeletedBlockLogImpl.java:commitTransactions(224)) - Transaction txId=33 commit by dnId=0475d2c2-d46f-403e-95a5-8ff1a5c32338 for containerID=#33 failed. Corresponding entry not found.
2021-08-15 14:03:33,092 [EventQueue-DeleteBlockStatusForDeletedBlockLogImpl] DEBUG block.DeletedBlockLogImpl (DeletedBlockLogImpl.java:isTransactionFailed(278)) - Got block deletion ACK from datanode, TXIDs=34, success=true
2021-08-15 14:03:33,092 [EventQueue-DeleteBlockStatusForDeletedBlockLogImpl] DEBUG block.DeletedBlockLogImpl (DeletedBlockLogImpl.java:commitTransactions(224)) - Transaction txId=34 commit by dnId=0475d2c2-d46f-403e-95a5-8ff1a5c32338 for containerID=#34 failed. Corresponding entry not found.
2021-08-15 14:03:33,092 [EventQueue-DeleteBlockStatusForDeletedBlockLogImpl] DEBUG block.DeletedBlockLogImpl (DeletedBlockLogImpl.java:isTransactionFailed(278)) - Got block deletion ACK from datanode, TXIDs=35, success=true
2021-08-15 14:03:33,093 [EventQueue-DeleteBlockStatusForDeletedBlockLogImpl] DEBUG block.DeletedBlockLogImpl (DeletedBlockLogImpl.java:commitTransactions(224)) - Transaction txId=35 commit by dnId=0475d2c2-d46f-403e-95a5-8ff1a5c32338 for containerID=#35 failed. Corresponding entry not found.
2021-08-15 14:03:33,093 [EventQueue-DeleteBlockStatusForDeletedBlockLogImpl] DEBUG block.DeletedBlockLogImpl (DeletedBlockLogImpl.java:isTransactionFailed(278)) - Got block deletion ACK from datanode, TXIDs=36, success=true
2021-08-15 14:03:33,093 [EventQueue-DeleteBlockStatusForDeletedBlockLogImpl] DEBUG block.DeletedBlockLogImpl (DeletedBlockLogImpl.java:commitTransactions(224)) - Transaction txId=36 commit by dnId=0475d2c2-d46f-403e-95a5-8ff1a5c32338 for containerID=#36 failed. Corresponding entry not found.
2021-08-15 14:03:33,093 [EventQueue-DeleteBlockStatusForDeletedBlockLogImpl] DEBUG block.DeletedBlockLogImpl (DeletedBlockLogImpl.java:isTransactionFailed(278)) - Got block deletion ACK from datanode, TXIDs=37, success=true
2021-08-15 14:03:33,093 [EventQueue-DeleteBlockStatusForDeletedBlockLogImpl] DEBUG block.DeletedBlockLogImpl (DeletedBlockLogImpl.java:commitTransactions(224)) - Transaction txId=37 commit by dnId=0475d2c2-d46f-403e-95a5-8ff1a5c32338 for containerID=#37 failed. Corresponding entry not found.
2021-08-15 14:03:33,093 [EventQueue-DeleteBlockStatusForDeletedBlockLogImpl] DEBUG block.DeletedBlockLogImpl (DeletedBlockLogImpl.java:isTransactionFailed(278)) - Got block deletion ACK from datanode, TXIDs=38, success=true
2021-08-15 14:03:33,093 [EventQueue-DeleteBlockStatusForDeletedBlockLogImpl] DEBUG block.DeletedBlockLogImpl (DeletedBlockLogImpl.java:commitTransactions(224)) - Transaction txId=38 commit by dnId=0475d2c2-d46f-403e-95a5-8ff1a5c32338 for containerID=#38 failed. Corresponding entry not found.
2021-08-15 14:03:33,093 [EventQueue-DeleteBlockStatusForDeletedBlockLogImpl] DEBUG block.DeletedBlockLogImpl (DeletedBlockLogImpl.java:isTransactionFailed(278)) - Got block deletion ACK from datanode, TXIDs=39, success=true
2021-08-15 14:03:33,093 [EventQueue-DeleteBlockStatusForDeletedBlockLogImpl] DEBUG block.DeletedBlockLogImpl (DeletedBlockLogImpl.java:commitTransactions(224)) - Transaction txId=39 commit by dnId=0475d2c2-d46f-403e-95a5-8ff1a5c32338 for containerID=#39 failed. Corresponding entry not found.
2021-08-15 14:03:33,093 [EventQueue-DeleteBlockStatusForDeletedBlockLogImpl] DEBUG block.DeletedBlockLogImpl (DeletedBlockLogImpl.java:isTransactionFailed(278)) - Got block deletion ACK from datanode, TXIDs=40, success=true
2021-08-15 14:03:33,093 [EventQueue-DeleteBlockStatusForDeletedBlockLogImpl] DEBUG block.DeletedBlockLogImpl (DeletedBlockLogImpl.java:commitTransactions(224)) - Transaction txId=40 commit by dnId=0475d2c2-d46f-403e-95a5-8ff1a5c32338 for containerID=#40 failed. Corresponding entry not found.
2021-08-15 14:03:33,093 [EventQueue-DeleteBlockStatusForDeletedBlockLogImpl] DEBUG block.DeletedBlockLogImpl (DeletedBlockLogImpl.java:isTransactionFailed(278)) - Got block deletion ACK from datanode, TXIDs=41, success=true
2021-08-15 14:03:33,093 [EventQueue-DeleteBlockStatusForDeletedBlockLogImpl] DEBUG block.DeletedBlockLogImpl (DeletedBlockLogImpl.java:commitTransactions(224)) - Transaction txId=41 commit by dnId=0475d2c2-d46f-403e-95a5-8ff1a5c32338 for containerID=#41 failed. Corresponding entry not found.
2021-08-15 14:03:33,093 [EventQueue-DeleteBlockStatusForDeletedBlockLogImpl] DEBUG block.DeletedBlockLogImpl (DeletedBlockLogImpl.java:isTransactionFailed(278)) - Got block deletion ACK from datanode, TXIDs=42, success=true
2021-08-15 14:03:33,093 [EventQueue-DeleteBlockStatusForDeletedBlockLogImpl] DEBUG block.DeletedBlockLogImpl (DeletedBlockLogImpl.java:commitTransactions(224)) - Transaction txId=42 commit by dnId=0475d2c2-d46f-403e-95a5-8ff1a5c32338 for containerID=#42 failed. Corresponding entry not found.
2021-08-15 14:03:33,093 [EventQueue-DeleteBlockStatusForDeletedBlockLogImpl] DEBUG block.DeletedBlockLogImpl (DeletedBlockLogImpl.java:isTransactionFailed(278)) - Got block deletion ACK from datanode, TXIDs=43, success=true
2021-08-15 14:03:33,093 [EventQueue-DeleteBlockStatusForDeletedBlockLogImpl] DEBUG block.DeletedBlockLogImpl (DeletedBlockLogImpl.java:commitTransactions(224)) - Transaction txId=43 commit by dnId=0475d2c2-d46f-403e-95a5-8ff1a5c32338 for containerID=#43 failed. Corresponding entry not found.
2021-08-15 14:03:33,094 [EventQueue-DeleteBlockStatusForDeletedBlockLogImpl] DEBUG block.DeletedBlockLogImpl (DeletedBlockLogImpl.java:isTransactionFailed(278)) - Got block deletion ACK from datanode, TXIDs=44, success=true
2021-08-15 14:03:33,094 [EventQueue-DeleteBlockStatusForDeletedBlockLogImpl] DEBUG block.DeletedBlockLogImpl (DeletedBlockLogImpl.java:commitTransactions(224)) - Transaction txId=44 commit by dnId=0475d2c2-d46f-403e-95a5-8ff1a5c32338 for containerID=#44 failed. Corresponding entry not found.
2021-08-15 14:03:33,094 [EventQueue-DeleteBlockStatusForDeletedBlockLogImpl] DEBUG block.DeletedBlockLogImpl (DeletedBlockLogImpl.java:isTransactionFailed(278)) - Got block deletion ACK from datanode, TXIDs=45, success=true
2021-08-15 14:03:33,094 [EventQueue-DeleteBlockStatusForDeletedBlockLogImpl] DEBUG block.DeletedBlockLogImpl (DeletedBlockLogImpl.java:commitTransactions(224)) - Transaction txId=45 commit by dnId=0475d2c2-d46f-403e-95a5-8ff1a5c32338 for containerID=#45 failed. Corresponding entry not found.
2021-08-15 14:03:33,094 [EventQueue-DeleteBlockStatusForDeletedBlockLogImpl] DEBUG block.DeletedBlockLogImpl (DeletedBlockLogImpl.java:isTransactionFailed(278)) - Got block deletion ACK from datanode, TXIDs=46, success=true
2021-08-15 14:03:33,094 [EventQueue-DeleteBlockStatusForDeletedBlockLogImpl] DEBUG block.DeletedBlockLogImpl (DeletedBlockLogImpl.java:commitTransactions(224)) - Transaction txId=46 commit by dnId=0475d2c2-d46f-403e-95a5-8ff1a5c32338 for containerID=#46 failed. Corresponding entry not found.
2021-08-15 14:03:33,094 [EventQueue-DeleteBlockStatusForDeletedBlockLogImpl] DEBUG block.DeletedBlockLogImpl (DeletedBlockLogImpl.java:isTransactionFailed(278)) - Got block deletion ACK from datanode, TXIDs=47, success=true
2021-08-15 14:03:33,094 [EventQueue-DeleteBlockStatusForDeletedBlockLogImpl] DEBUG block.DeletedBlockLogImpl (DeletedBlockLogImpl.java:commitTransactions(224)) - Transaction txId=47 commit by dnId=0475d2c2-d46f-403e-95a5-8ff1a5c32338 for containerID=#47 failed. Corresponding entry not found.
2021-08-15 14:03:33,094 [EventQueue-DeleteBlockStatusForDeletedBlockLogImpl] DEBUG block.DeletedBlockLogImpl (DeletedBlockLogImpl.java:isTransactionFailed(278)) - Got block deletion ACK from datanode, TXIDs=48, success=true
2021-08-15 14:03:33,094 [EventQueue-DeleteBlockStatusForDeletedBlockLogImpl] DEBUG block.DeletedBlockLogImpl (DeletedBlockLogImpl.java:commitTransactions(224)) - Transaction txId=48 commit by dnId=0475d2c2-d46f-403e-95a5-8ff1a5c32338 for containerID=#48 failed. Corresponding entry not found.
2021-08-15 14:03:33,094 [EventQueue-DeleteBlockStatusForDeletedBlockLogImpl] DEBUG block.DeletedBlockLogImpl (DeletedBlockLogImpl.java:isTransactionFailed(278)) - Got block deletion ACK from datanode, TXIDs=49, success=true
2021-08-15 14:03:33,094 [EventQueue-DeleteBlockStatusForDeletedBlockLogImpl] DEBUG block.DeletedBlockLogImpl (DeletedBlockLogImpl.java:commitTransactions(224)) - Transaction txId=49 commit by dnId=0475d2c2-d46f-403e-95a5-8ff1a5c32338 for containerID=#49 failed. Corresponding entry not found.
2021-08-15 14:03:33,094 [EventQueue-DeleteBlockStatusForDeletedBlockLogImpl] DEBUG block.DeletedBlockLogImpl (DeletedBlockLogImpl.java:isTransactionFailed(278)) - Got block deletion ACK from datanode, TXIDs=50, success=true
2021-08-15 14:03:33,094 [EventQueue-DeleteBlockStatusForDeletedBlockLogImpl] DEBUG block.DeletedBlockLogImpl (DeletedBlockLogImpl.java:commitTransactions(224)) - Transaction txId=50 commit by dnId=0475d2c2-d46f-403e-95a5-8ff1a5c32338 for containerID=#50 failed. Corresponding entry not found.
2021-08-15 14:03:33,094 [EventQueue-DeleteBlockStatusForDeletedBlockLogImpl] DEBUG block.DeletedBlockLogImpl (DeletedBlockLogImpl.java:isTransactionFailed(278)) - Got block deletion ACK from datanode, TXIDs=51, success=true
2021-08-15 14:03:33,094 [EventQueue-DeleteBlockStatusForDeletedBlockLogImpl] DEBUG block.DeletedBlockLogImpl (DeletedBlockLogImpl.java:commitTransactions(224)) - Transaction txId=51 commit by dnId=0475d2c2-d46f-403e-95a5-8ff1a5c32338 for containerID=#51 failed. Corresponding entry not found.
2021-08-15 14:03:33,094 [EventQueue-DeleteBlockStatusForDeletedBlockLogImpl] DEBUG block.DeletedBlockLogImpl (DeletedBlockLogImpl.java:isTransactionFailed(278)) - Got block deletion ACK from datanode, TXIDs=52, success=true
2021-08-15 14:03:33,094 [EventQueue-DeleteBlockStatusForDeletedBlockLogImpl] DEBUG block.DeletedBlockLogImpl (DeletedBlockLogImpl.java:commitTransactions(224)) - Transaction txId=52 commit by dnId=0475d2c2-d46f-403e-95a5-8ff1a5c32338 for containerID=#52 failed. Corresponding entry not found.
2021-08-15 14:03:33,094 [EventQueue-DeleteBlockStatusForDeletedBlockLogImpl] DEBUG block.DeletedBlockLogImpl (DeletedBlockLogImpl.java:isTransactionFailed(278)) - Got block deletion ACK from datanode, TXIDs=53, success=true
2021-08-15 14:03:33,095 [EventQueue-DeleteBlockStatusForDeletedBlockLogImpl] DEBUG block.DeletedBlockLogImpl (DeletedBlockLogImpl.java:commitTransactions(224)) - Transaction txId=53 commit by dnId=0475d2c2-d46f-403e-95a5-8ff1a5c32338 for containerID=#53 failed. Corresponding entry not found.
2021-08-15 14:03:33,095 [EventQueue-DeleteBlockStatusForDeletedBlockLogImpl] DEBUG block.DeletedBlockLogImpl (DeletedBlockLogImpl.java:isTransactionFailed(278)) - Got block deletion ACK from datanode, TXIDs=54, success=true
2021-08-15 14:03:33,095 [EventQueue-DeleteBlockStatusForDeletedBlockLogImpl] DEBUG block.DeletedBlockLogImpl (DeletedBlockLogImpl.java:commitTransactions(224)) - Transaction txId=54 commit by dnId=0475d2c2-d46f-403e-95a5-8ff1a5c32338 for containerID=#54 failed. Corresponding entry not found.
2021-08-15 14:03:33,095 [EventQueue-DeleteBlockStatusForDeletedBlockLogImpl] DEBUG block.DeletedBlockLogImpl (DeletedBlockLogImpl.java:isTransactionFailed(278)) - Got block deletion ACK from datanode, TXIDs=55, success=true
2021-08-15 14:03:33,095 [EventQueue-DeleteBlockStatusForDeletedBlockLogImpl] DEBUG block.DeletedBlockLogImpl (DeletedBlockLogImpl.java:commitTransactions(224)) - Transaction txId=55 commit by dnId=0475d2c2-d46f-403e-95a5-8ff1a5c32338 for containerID=#55 failed. Corresponding entry not found.
2021-08-15 14:03:33,095 [EventQueue-DeleteBlockStatusForDeletedBlockLogImpl] DEBUG block.DeletedBlockLogImpl (DeletedBlockLogImpl.java:isTransactionFailed(278)) - Got block deletion ACK from datanode, TXIDs=56, success=true
2021-08-15 14:03:33,095 [EventQueue-DeleteBlockStatusForDeletedBlockLogImpl] DEBUG block.DeletedBlockLogImpl (DeletedBlockLogImpl.java:commitTransactions(224)) - Transaction txId=56 commit by dnId=0475d2c2-d46f-403e-95a5-8ff1a5c32338 for containerID=#56 failed. Corresponding entry not found.
2021-08-15 14:03:33,095 [EventQueue-DeleteBlockStatusForDeletedBlockLogImpl] DEBUG block.DeletedBlockLogImpl (DeletedBlockLogImpl.java:isTransactionFailed(278)) - Got block deletion ACK from datanode, TXIDs=28, success=true
2021-08-15 14:03:33,095 [EventQueue-DeleteBlockStatusForDeletedBlockLogImpl] DEBUG block.DeletedBlockLogImpl (DeletedBlockLogImpl.java:commitTransactions(224)) - Transaction txId=28 commit by dnId=0475d2c2-d46f-403e-95a5-8ff1a5c32338 for containerID=#28 failed. Corresponding entry not found.
2021-08-15 14:03:33,095 [EventQueue-DeleteBlockStatusForDeletedBlockLogImpl] DEBUG block.DeletedBlockLogImpl (DeletedBlockLogImpl.java:isTransactionFailed(278)) - Got block deletion ACK from datanode, TXIDs=29, success=true
2021-08-15 14:03:33,095 [EventQueue-DeleteBlockStatusForDeletedBlockLogImpl] DEBUG block.DeletedBlockLogImpl (DeletedBlockLogImpl.java:commitTransactions(224)) - Transaction txId=29 commit by dnId=0475d2c2-d46f-403e-95a5-8ff1a5c32338 for containerID=#29 failed. Corresponding entry not found.
2021-08-15 14:03:33,095 [EventQueue-DeleteBlockStatusForDeletedBlockLogImpl] DEBUG block.DeletedBlockLogImpl (DeletedBlockLogImpl.java:isTransactionFailed(278)) - Got block deletion ACK from datanode, TXIDs=30, success=true
2021-08-15 14:03:33,095 [EventQueue-DeleteBlockStatusForDeletedBlockLogImpl] DEBUG block.DeletedBlockLogImpl (DeletedBlockLogImpl.java:commitTransactions(224)) - Transaction txId=30 commit by dnId=0475d2c2-d46f-403e-95a5-8ff1a5c32338 for containerID=#30 failed. Corresponding entry not found.
2021-08-15 14:03:33,095 [EventQueue-DeleteBlockStatusForDeletedBlockLogImpl] DEBUG block.DeletedBlockLogImpl (DeletedBlockLogImpl.java:isTransactionFailed(278)) - Got block deletion ACK from datanode, TXIDs=31, success=true
2021-08-15 14:03:33,095 [EventQueue-DeleteBlockStatusForDeletedBlockLogImpl] DEBUG block.DeletedBlockLogImpl (DeletedBlockLogImpl.java:commitTransactions(224)) - Transaction txId=31 commit by dnId=0475d2c2-d46f-403e-95a5-8ff1a5c32338 for containerID=#31 failed. Corresponding entry not found.
2021-08-15 14:03:33,095 [EventQueue-DeleteBlockStatusForDeletedBlockLogImpl] DEBUG block.DeletedBlockLogImpl (DeletedBlockLogImpl.java:isTransactionFailed(278)) - Got block deletion ACK from datanode, TXIDs=32, success=true
2021-08-15 14:03:33,095 [EventQueue-DeleteBlockStatusForDeletedBlockLogImpl] DEBUG block.DeletedBlockLogImpl (DeletedBlockLogImpl.java:commitTransactions(224)) - Transaction txId=32 commit by dnId=0475d2c2-d46f-403e-95a5-8ff1a5c32338 for containerID=#32 failed. Corresponding entry not found.
2021-08-15 14:03:33,095 [EventQueue-DeleteBlockStatusForDeletedBlockLogImpl] DEBUG block.DeletedBlockLogImpl (DeletedBlockLogImpl.java:isTransactionFailed(278)) - Got block deletion ACK from datanode, TXIDs=33, success=true
2021-08-15 14:03:33,095 [EventQueue-DeleteBlockStatusForDeletedBlockLogImpl] DEBUG block.DeletedBlockLogImpl (DeletedBlockLogImpl.java:commitTransactions(224)) - Transaction txId=33 commit by dnId=0475d2c2-d46f-403e-95a5-8ff1a5c32338 for containerID=#33 failed. Corresponding entry not found.
2021-08-15 14:03:33,095 [EventQueue-DeleteBlockStatusForDeletedBlockLogImpl] DEBUG block.DeletedBlockLogImpl (DeletedBlockLogImpl.java:isTransactionFailed(278)) - Got block deletion ACK from datanode, TXIDs=34, success=true
2021-08-15 14:03:33,095 [EventQueue-DeleteBlockStatusForDeletedBlockLogImpl] DEBUG block.DeletedBlockLogImpl (DeletedBlockLogImpl.java:commitTransactions(224)) - Transaction txId=34 commit by dnId=0475d2c2-d46f-403e-95a5-8ff1a5c32338 for containerID=#34 failed. Corresponding entry not found.
2021-08-15 14:03:33,096 [EventQueue-DeleteBlockStatusForDeletedBlockLogImpl] DEBUG block.DeletedBlockLogImpl (DeletedBlockLogImpl.java:isTransactionFailed(278)) - Got block deletion ACK from datanode, TXIDs=35, success=true
2021-08-15 14:03:33,096 [EventQueue-DeleteBlockStatusForDeletedBlockLogImpl] DEBUG block.DeletedBlockLogImpl (DeletedBlockLogImpl.java:commitTransactions(224)) - Transaction txId=35 commit by dnId=0475d2c2-d46f-403e-95a5-8ff1a5c32338 for containerID=#35 failed. Corresponding entry not found.
2021-08-15 14:03:33,096 [EventQueue-DeleteBlockStatusForDeletedBlockLogImpl] DEBUG block.DeletedBlockLogImpl (DeletedBlockLogImpl.java:isTransactionFailed(278)) - Got block deletion ACK from datanode, TXIDs=36, success=true
2021-08-15 14:03:33,096 [EventQueue-DeleteBlockStatusForDeletedBlockLogImpl] DEBUG block.DeletedBlockLogImpl (DeletedBlockLogImpl.java:commitTransactions(224)) - Transaction txId=36 commit by dnId=0475d2c2-d46f-403e-95a5-8ff1a5c32338 for containerID=#36 failed. Corresponding entry not found.
2021-08-15 14:03:33,096 [EventQueue-DeleteBlockStatusForDeletedBlockLogImpl] DEBUG block.DeletedBlockLogImpl (DeletedBlockLogImpl.java:isTransactionFailed(278)) - Got block deletion ACK from datanode, TXIDs=37, success=true
2021-08-15 14:03:33,096 [EventQueue-DeleteBlockStatusForDeletedBlockLogImpl] DEBUG block.DeletedBlockLogImpl (DeletedBlockLogImpl.java:commitTransactions(224)) - Transaction txId=37 commit by dnId=0475d2c2-d46f-403e-95a5-8ff1a5c32338 for containerID=#37 failed. Corresponding entry not found.
2021-08-15 14:03:33,096 [EventQueue-DeleteBlockStatusForDeletedBlockLogImpl] DEBUG block.DeletedBlockLogImpl (DeletedBlockLogImpl.java:isTransactionFailed(278)) - Got block deletion ACK from datanode, TXIDs=38, success=true
2021-08-15 14:03:33,096 [EventQueue-DeleteBlockStatusForDeletedBlockLogImpl] DEBUG block.DeletedBlockLogImpl (DeletedBlockLogImpl.java:commitTransactions(224)) - Transaction txId=38 commit by dnId=0475d2c2-d46f-403e-95a5-8ff1a5c32338 for containerID=#38 failed. Corresponding entry not found.
2021-08-15 14:03:33,096 [EventQueue-DeleteBlockStatusForDeletedBlockLogImpl] DEBUG block.DeletedBlockLogImpl (DeletedBlockLogImpl.java:isTransactionFailed(278)) - Got block deletion ACK from datanode, TXIDs=39, success=true
2021-08-15 14:03:33,096 [EventQueue-DeleteBlockStatusForDeletedBlockLogImpl] DEBUG block.DeletedBlockLogImpl (DeletedBlockLogImpl.java:commitTransactions(224)) - Transaction txId=39 commit by dnId=0475d2c2-d46f-403e-95a5-8ff1a5c32338 for containerID=#39 failed. Corresponding entry not found.
2021-08-15 14:03:33,096 [EventQueue-DeleteBlockStatusForDeletedBlockLogImpl] DEBUG block.DeletedBlockLogImpl (DeletedBlockLogImpl.java:isTransactionFailed(278)) - Got block deletion ACK from datanode, TXIDs=40, success=true
2021-08-15 14:03:33,096 [EventQueue-DeleteBlockStatusForDeletedBlockLogImpl] DEBUG block.DeletedBlockLogImpl (DeletedBlockLogImpl.java:commitTransactions(224)) - Transaction txId=40 commit by dnId=0475d2c2-d46f-403e-95a5-8ff1a5c32338 for containerID=#40 failed. Corresponding entry not found.
2021-08-15 14:03:33,096 [EventQueue-DeleteBlockStatusForDeletedBlockLogImpl] DEBUG block.DeletedBlockLogImpl (DeletedBlockLogImpl.java:isTransactionFailed(278)) - Got block deletion ACK from datanode, TXIDs=41, success=true
2021-08-15 14:03:33,096 [EventQueue-DeleteBlockStatusForDeletedBlockLogImpl] DEBUG block.DeletedBlockLogImpl (DeletedBlockLogImpl.java:commitTransactions(224)) - Transaction txId=41 commit by dnId=0475d2c2-d46f-403e-95a5-8ff1a5c32338 for containerID=#41 failed. Corresponding entry not found.
2021-08-15 14:03:33,096 [EventQueue-DeleteBlockStatusForDeletedBlockLogImpl] DEBUG block.DeletedBlockLogImpl (DeletedBlockLogImpl.java:isTransactionFailed(278)) - Got block deletion ACK from datanode, TXIDs=42, success=true
2021-08-15 14:03:33,096 [EventQueue-DeleteBlockStatusForDeletedBlockLogImpl] DEBUG block.DeletedBlockLogImpl (DeletedBlockLogImpl.java:commitTransactions(224)) - Transaction txId=42 commit by dnId=0475d2c2-d46f-403e-95a5-8ff1a5c32338 for containerID=#42 failed. Corresponding entry not found.
2021-08-15 14:03:33,096 [EventQueue-DeleteBlockStatusForDeletedBlockLogImpl] DEBUG block.DeletedBlockLogImpl (DeletedBlockLogImpl.java:isTransactionFailed(278)) - Got block deletion ACK from datanode, TXIDs=43, success=true
2021-08-15 14:03:33,096 [EventQueue-DeleteBlockStatusForDeletedBlockLogImpl] DEBUG block.DeletedBlockLogImpl (DeletedBlockLogImpl.java:commitTransactions(224)) - Transaction txId=43 commit by dnId=0475d2c2-d46f-403e-95a5-8ff1a5c32338 for containerID=#43 failed. Corresponding entry not found.
2021-08-15 14:03:33,096 [EventQueue-DeleteBlockStatusForDeletedBlockLogImpl] DEBUG block.DeletedBlockLogImpl (DeletedBlockLogImpl.java:isTransactionFailed(278)) - Got block deletion ACK from datanode, TXIDs=44, success=true
2021-08-15 14:03:33,096 [EventQueue-DeleteBlockStatusForDeletedBlockLogImpl] DEBUG block.DeletedBlockLogImpl (DeletedBlockLogImpl.java:commitTransactions(224)) - Transaction txId=44 commit by dnId=0475d2c2-d46f-403e-95a5-8ff1a5c32338 for containerID=#44 failed. Corresponding entry not found.
2021-08-15 14:03:33,096 [EventQueue-DeleteBlockStatusForDeletedBlockLogImpl] DEBUG block.DeletedBlockLogImpl (DeletedBlockLogImpl.java:isTransactionFailed(278)) - Got block deletion ACK from datanode, TXIDs=45, success=true
2021-08-15 14:03:33,096 [EventQueue-DeleteBlockStatusForDeletedBlockLogImpl] DEBUG block.DeletedBlockLogImpl (DeletedBlockLogImpl.java:commitTransactions(224)) - Transaction txId=45 commit by dnId=0475d2c2-d46f-403e-95a5-8ff1a5c32338 for containerID=#45 failed. Corresponding entry not found.
2021-08-15 14:03:33,096 [EventQueue-DeleteBlockStatusForDeletedBlockLogImpl] DEBUG block.DeletedBlockLogImpl (DeletedBlockLogImpl.java:isTransactionFailed(278)) - Got block deletion ACK from datanode, TXIDs=46, success=true
2021-08-15 14:03:33,096 [EventQueue-DeleteBlockStatusForDeletedBlockLogImpl] DEBUG block.DeletedBlockLogImpl (DeletedBlockLogImpl.java:commitTransactions(224)) - Transaction txId=46 commit by dnId=0475d2c2-d46f-403e-95a5-8ff1a5c32338 for containerID=#46 failed. Corresponding entry not found.
2021-08-15 14:03:33,096 [EventQueue-DeleteBlockStatusForDeletedBlockLogImpl] DEBUG block.DeletedBlockLogImpl (DeletedBlockLogImpl.java:isTransactionFailed(278)) - Got block deletion ACK from datanode, TXIDs=47, success=true
2021-08-15 14:03:33,096 [EventQueue-DeleteBlockStatusForDeletedBlockLogImpl] DEBUG block.DeletedBlockLogImpl (DeletedBlockLogImpl.java:commitTransactions(224)) - Transaction txId=47 commit by dnId=0475d2c2-d46f-403e-95a5-8ff1a5c32338 for containerID=#47 failed. Corresponding entry not found.
2021-08-15 14:03:33,097 [EventQueue-DeleteBlockStatusForDeletedBlockLogImpl] DEBUG block.DeletedBlockLogImpl (DeletedBlockLogImpl.java:isTransactionFailed(278)) - Got block deletion ACK from datanode, TXIDs=48, success=true
2021-08-15 14:03:33,097 [EventQueue-DeleteBlockStatusForDeletedBlockLogImpl] DEBUG block.DeletedBlockLogImpl (DeletedBlockLogImpl.java:commitTransactions(224)) - Transaction txId=48 commit by dnId=0475d2c2-d46f-403e-95a5-8ff1a5c32338 for containerID=#48 failed. Corresponding entry not found.
2021-08-15 14:03:33,097 [EventQueue-DeleteBlockStatusForDeletedBlockLogImpl] DEBUG block.DeletedBlockLogImpl (DeletedBlockLogImpl.java:isTransactionFailed(278)) - Got block deletion ACK from datanode, TXIDs=49, success=true
2021-08-15 14:03:33,097 [EventQueue-DeleteBlockStatusForDeletedBlockLogImpl] DEBUG block.DeletedBlockLogImpl (DeletedBlockLogImpl.java:commitTransactions(224)) - Transaction txId=49 commit by dnId=0475d2c2-d46f-403e-95a5-8ff1a5c32338 for containerID=#49 failed. Corresponding entry not found.
2021-08-15 14:03:33,097 [EventQueue-DeleteBlockStatusForDeletedBlockLogImpl] DEBUG block.DeletedBlockLogImpl (DeletedBlockLogImpl.java:isTransactionFailed(278)) - Got block deletion ACK from datanode, TXIDs=50, success=true
2021-08-15 14:03:33,097 [EventQueue-DeleteBlockStatusForDeletedBlockLogImpl] DEBUG block.DeletedBlockLogImpl (DeletedBlockLogImpl.java:commitTransactions(224)) - Transaction txId=50 commit by dnId=0475d2c2-d46f-403e-95a5-8ff1a5c32338 for containerID=#50 failed. Corresponding entry not found.
2021-08-15 14:03:33,097 [EventQueue-DeleteBlockStatusForDeletedBlockLogImpl] DEBUG block.DeletedBlockLogImpl (DeletedBlockLogImpl.java:isTransactionFailed(278)) - Got block deletion ACK from datanode, TXIDs=51, success=true
2021-08-15 14:03:33,097 [EventQueue-DeleteBlockStatusForDeletedBlockLogImpl] DEBUG block.DeletedBlockLogImpl (DeletedBlockLogImpl.java:commitTransactions(224)) - Transaction txId=51 commit by dnId=0475d2c2-d46f-403e-95a5-8ff1a5c32338 for containerID=#51 failed. Corresponding entry not found.
2021-08-15 14:03:33,097 [EventQueue-DeleteBlockStatusForDeletedBlockLogImpl] DEBUG block.DeletedBlockLogImpl (DeletedBlockLogImpl.java:isTransactionFailed(278)) - Got block deletion ACK from datanode, TXIDs=52, success=true
2021-08-15 14:03:33,097 [EventQueue-DeleteBlockStatusForDeletedBlockLogImpl] DEBUG block.DeletedBlockLogImpl (DeletedBlockLogImpl.java:commitTransactions(224)) - Transaction txId=52 commit by dnId=0475d2c2-d46f-403e-95a5-8ff1a5c32338 for containerID=#52 failed. Corresponding entry not found.
2021-08-15 14:03:33,097 [EventQueue-DeleteBlockStatusForDeletedBlockLogImpl] DEBUG block.DeletedBlockLogImpl (DeletedBlockLogImpl.java:isTransactionFailed(278)) - Got block deletion ACK from datanode, TXIDs=53, success=true
2021-08-15 14:03:33,097 [EventQueue-DeleteBlockStatusForDeletedBlockLogImpl] DEBUG block.DeletedBlockLogImpl (DeletedBlockLogImpl.java:commitTransactions(224)) - Transaction txId=53 commit by dnId=0475d2c2-d46f-403e-95a5-8ff1a5c32338 for containerID=#53 failed. Corresponding entry not found.
2021-08-15 14:03:33,097 [EventQueue-DeleteBlockStatusForDeletedBlockLogImpl] DEBUG block.DeletedBlockLogImpl (DeletedBlockLogImpl.java:isTransactionFailed(278)) - Got block deletion ACK from datanode, TXIDs=54, success=true
2021-08-15 14:03:33,097 [EventQueue-DeleteBlockStatusForDeletedBlockLogImpl] DEBUG block.DeletedBlockLogImpl (DeletedBlockLogImpl.java:commitTransactions(224)) - Transaction txId=54 commit by dnId=0475d2c2-d46f-403e-95a5-8ff1a5c32338 for containerID=#54 failed. Corresponding entry not found.
2021-08-15 14:03:33,097 [EventQueue-DeleteBlockStatusForDeletedBlockLogImpl] DEBUG block.DeletedBlockLogImpl (DeletedBlockLogImpl.java:isTransactionFailed(278)) - Got block deletion ACK from datanode, TXIDs=55, success=true
2021-08-15 14:03:33,097 [EventQueue-DeleteBlockStatusForDeletedBlockLogImpl] DEBUG block.DeletedBlockLogImpl (DeletedBlockLogImpl.java:commitTransactions(224)) - Transaction txId=55 commit by dnId=0475d2c2-d46f-403e-95a5-8ff1a5c32338 for containerID=#55 failed. Corresponding entry not found.
2021-08-15 14:03:33,097 [EventQueue-DeleteBlockStatusForDeletedBlockLogImpl] DEBUG block.DeletedBlockLogImpl (DeletedBlockLogImpl.java:isTransactionFailed(278)) - Got block deletion ACK from datanode, TXIDs=56, success=true
2021-08-15 14:03:33,097 [EventQueue-DeleteBlockStatusForDeletedBlockLogImpl] DEBUG block.DeletedBlockLogImpl (DeletedBlockLogImpl.java:commitTransactions(224)) - Transaction txId=56 commit by dnId=0475d2c2-d46f-403e-95a5-8ff1a5c32338 for containerID=#56 failed. Corresponding entry not found.
2021-08-15 14:03:33,097 [EventQueue-DeleteBlockStatusForDeletedBlockLogImpl] DEBUG block.DeletedBlockLogImpl (DeletedBlockLogImpl.java:isTransactionFailed(278)) - Got block deletion ACK from datanode, TXIDs=28, success=true
2021-08-15 14:03:33,097 [EventQueue-DeleteBlockStatusForDeletedBlockLogImpl] DEBUG block.DeletedBlockLogImpl (DeletedBlockLogImpl.java:commitTransactions(224)) - Transaction txId=28 commit by dnId=0475d2c2-d46f-403e-95a5-8ff1a5c32338 for containerID=#28 failed. Corresponding entry not found.
2021-08-15 14:03:33,097 [EventQueue-DeleteBlockStatusForDeletedBlockLogImpl] DEBUG block.DeletedBlockLogImpl (DeletedBlockLogImpl.java:isTransactionFailed(278)) - Got block deletion ACK from datanode, TXIDs=29, success=true
2021-08-15 14:03:33,103 [EventQueue-DeleteBlockStatusForDeletedBlockLogImpl] DEBUG block.DeletedBlockLogImpl (DeletedBlockLogImpl.java:commitTransactions(224)) - Transaction txId=29 commit by dnId=0475d2c2-d46f-403e-95a5-8ff1a5c32338 for containerID=#29 failed. Corresponding entry not found.
2021-08-15 14:03:33,103 [EventQueue-DeleteBlockStatusForDeletedBlockLogImpl] DEBUG block.DeletedBlockLogImpl (DeletedBlockLogImpl.java:isTransactionFailed(278)) - Got block deletion ACK from datanode, TXIDs=30, success=true
2021-08-15 14:03:33,103 [EventQueue-DeleteBlockStatusForDeletedBlockLogImpl] DEBUG block.DeletedBlockLogImpl (DeletedBlockLogImpl.java:commitTransactions(224)) - Transaction txId=30 commit by dnId=0475d2c2-d46f-403e-95a5-8ff1a5c32338 for containerID=#30 failed. Corresponding entry not found.
2021-08-15 14:03:33,103 [EventQueue-DeleteBlockStatusForDeletedBlockLogImpl] DEBUG block.DeletedBlockLogImpl (DeletedBlockLogImpl.java:isTransactionFailed(278)) - Got block deletion ACK from datanode, TXIDs=31, success=true
2021-08-15 14:03:33,103 [EventQueue-DeleteBlockStatusForDeletedBlockLogImpl] DEBUG block.DeletedBlockLogImpl (DeletedBlockLogImpl.java:commitTransactions(224)) - Transaction txId=31 commit by dnId=0475d2c2-d46f-403e-95a5-8ff1a5c32338 for containerID=#31 failed. Corresponding entry not found.
2021-08-15 14:03:33,103 [EventQueue-DeleteBlockStatusForDeletedBlockLogImpl] DEBUG block.DeletedBlockLogImpl (DeletedBlockLogImpl.java:isTransactionFailed(278)) - Got block deletion ACK from datanode, TXIDs=32, success=true
2021-08-15 14:03:33,103 [EventQueue-DeleteBlockStatusForDeletedBlockLogImpl] DEBUG block.DeletedBlockLogImpl (DeletedBlockLogImpl.java:commitTransactions(224)) - Transaction txId=32 commit by dnId=0475d2c2-d46f-403e-95a5-8ff1a5c32338 for containerID=#32 failed. Corresponding entry not found.
2021-08-15 14:03:33,103 [EventQueue-DeleteBlockStatusForDeletedBlockLogImpl] DEBUG block.DeletedBlockLogImpl (DeletedBlockLogImpl.java:isTransactionFailed(278)) - Got block deletion ACK from datanode, TXIDs=33, success=true
2021-08-15 14:03:33,103 [EventQueue-DeleteBlockStatusForDeletedBlockLogImpl] DEBUG block.DeletedBlockLogImpl (DeletedBlockLogImpl.java:commitTransactions(224)) - Transaction txId=33 commit by dnId=0475d2c2-d46f-403e-95a5-8ff1a5c32338 for containerID=#33 failed. Corresponding entry not found.
2021-08-15 14:03:33,103 [EventQueue-DeleteBlockStatusForDeletedBlockLogImpl] DEBUG block.DeletedBlockLogImpl (DeletedBlockLogImpl.java:isTransactionFailed(278)) - Got block deletion ACK from datanode, TXIDs=34, success=true
2021-08-15 14:03:33,103 [EventQueue-DeleteBlockStatusForDeletedBlockLogImpl] DEBUG block.DeletedBlockLogImpl (DeletedBlockLogImpl.java:commitTransactions(224)) - Transaction txId=34 commit by dnId=0475d2c2-d46f-403e-95a5-8ff1a5c32338 for containerID=#34 failed. Corresponding entry not found.
2021-08-15 14:03:33,103 [EventQueue-DeleteBlockStatusForDeletedBlockLogImpl] DEBUG block.DeletedBlockLogImpl (DeletedBlockLogImpl.java:isTransactionFailed(278)) - Got block deletion ACK from datanode, TXIDs=35, success=true
2021-08-15 14:03:33,103 [EventQueue-DeleteBlockStatusForDeletedBlockLogImpl] DEBUG block.DeletedBlockLogImpl (DeletedBlockLogImpl.java:commitTransactions(224)) - Transaction txId=35 commit by dnId=0475d2c2-d46f-403e-95a5-8ff1a5c32338 for containerID=#35 failed. Corresponding entry not found.
2021-08-15 14:03:33,103 [EventQueue-DeleteBlockStatusForDeletedBlockLogImpl] DEBUG block.DeletedBlockLogImpl (DeletedBlockLogImpl.java:isTransactionFailed(278)) - Got block deletion ACK from datanode, TXIDs=36, success=true
2021-08-15 14:03:33,103 [EventQueue-DeleteBlockStatusForDeletedBlockLogImpl] DEBUG block.DeletedBlockLogImpl (DeletedBlockLogImpl.java:commitTransactions(224)) - Transaction txId=36 commit by dnId=0475d2c2-d46f-403e-95a5-8ff1a5c32338 for containerID=#36 failed. Corresponding entry not found.
2021-08-15 14:03:33,103 [EventQueue-DeleteBlockStatusForDeletedBlockLogImpl] DEBUG block.DeletedBlockLogImpl (DeletedBlockLogImpl.java:isTransactionFailed(278)) - Got block deletion ACK from datanode, TXIDs=37, success=true
2021-08-15 14:03:33,103 [EventQueue-DeleteBlockStatusForDeletedBlockLogImpl] DEBUG block.DeletedBlockLogImpl (DeletedBlockLogImpl.java:commitTransactions(224)) - Transaction txId=37 commit by dnId=0475d2c2-d46f-403e-95a5-8ff1a5c32338 for containerID=#37 failed. Corresponding entry not found.
2021-08-15 14:03:33,103 [EventQueue-DeleteBlockStatusForDeletedBlockLogImpl] DEBUG block.DeletedBlockLogImpl (DeletedBlockLogImpl.java:isTransactionFailed(278)) - Got block deletion ACK from datanode, TXIDs=38, success=true
2021-08-15 14:03:33,103 [EventQueue-DeleteBlockStatusForDeletedBlockLogImpl] DEBUG block.DeletedBlockLogImpl (DeletedBlockLogImpl.java:commitTransactions(224)) - Transaction txId=38 commit by dnId=0475d2c2-d46f-403e-95a5-8ff1a5c32338 for containerID=#38 failed. Corresponding entry not found.
2021-08-15 14:03:33,103 [EventQueue-DeleteBlockStatusForDeletedBlockLogImpl] DEBUG block.DeletedBlockLogImpl (DeletedBlockLogImpl.java:isTransactionFailed(278)) - Got block deletion ACK from datanode, TXIDs=39, success=true
2021-08-15 14:03:33,103 [EventQueue-DeleteBlockStatusForDeletedBlockLogImpl] DEBUG block.DeletedBlockLogImpl (DeletedBlockLogImpl.java:commitTransactions(224)) - Transaction txId=39 commit by dnId=0475d2c2-d46f-403e-95a5-8ff1a5c32338 for containerID=#39 failed. Corresponding entry not found.
2021-08-15 14:03:33,103 [EventQueue-DeleteBlockStatusForDeletedBlockLogImpl] DEBUG block.DeletedBlockLogImpl (DeletedBlockLogImpl.java:isTransactionFailed(278)) - Got block deletion ACK from datanode, TXIDs=40, success=true
2021-08-15 14:03:33,103 [EventQueue-DeleteBlockStatusForDeletedBlockLogImpl] DEBUG block.DeletedBlockLogImpl (DeletedBlockLogImpl.java:commitTransactions(224)) - Transaction txId=40 commit by dnId=0475d2c2-d46f-403e-95a5-8ff1a5c32338 for containerID=#40 failed. Corresponding entry not found.
2021-08-15 14:03:33,103 [EventQueue-DeleteBlockStatusForDeletedBlockLogImpl] DEBUG block.DeletedBlockLogImpl (DeletedBlockLogImpl.java:isTransactionFailed(278)) - Got block deletion ACK from datanode, TXIDs=41, success=true
2021-08-15 14:03:33,103 [EventQueue-DeleteBlockStatusForDeletedBlockLogImpl] DEBUG block.DeletedBlockLogImpl (DeletedBlockLogImpl.java:commitTransactions(224)) - Transaction txId=41 commit by dnId=0475d2c2-d46f-403e-95a5-8ff1a5c32338 for containerID=#41 failed. Corresponding entry not found.
2021-08-15 14:03:33,103 [EventQueue-DeleteBlockStatusForDeletedBlockLogImpl] DEBUG block.DeletedBlockLogImpl (DeletedBlockLogImpl.java:isTransactionFailed(278)) - Got block deletion ACK from datanode, TXIDs=42, success=true
2021-08-15 14:03:33,104 [EventQueue-DeleteBlockStatusForDeletedBlockLogImpl] DEBUG block.DeletedBlockLogImpl (DeletedBlockLogImpl.java:commitTransactions(224)) - Transaction txId=42 commit by dnId=0475d2c2-d46f-403e-95a5-8ff1a5c32338 for containerID=#42 failed. Corresponding entry not found.
2021-08-15 14:03:33,104 [EventQueue-DeleteBlockStatusForDeletedBlockLogImpl] DEBUG block.DeletedBlockLogImpl (DeletedBlockLogImpl.java:isTransactionFailed(278)) - Got block deletion ACK from datanode, TXIDs=43, success=true
2021-08-15 14:03:33,104 [EventQueue-DeleteBlockStatusForDeletedBlockLogImpl] DEBUG block.DeletedBlockLogImpl (DeletedBlockLogImpl.java:commitTransactions(224)) - Transaction txId=43 commit by dnId=0475d2c2-d46f-403e-95a5-8ff1a5c32338 for containerID=#43 failed. Corresponding entry not found.
2021-08-15 14:03:33,104 [EventQueue-DeleteBlockStatusForDeletedBlockLogImpl] DEBUG block.DeletedBlockLogImpl (DeletedBlockLogImpl.java:isTransactionFailed(278)) - Got block deletion ACK from datanode, TXIDs=44, success=true
2021-08-15 14:03:33,104 [EventQueue-DeleteBlockStatusForDeletedBlockLogImpl] DEBUG block.DeletedBlockLogImpl (DeletedBlockLogImpl.java:commitTransactions(224)) - Transaction txId=44 commit by dnId=0475d2c2-d46f-403e-95a5-8ff1a5c32338 for containerID=#44 failed. Corresponding entry not found.
2021-08-15 14:03:33,105 [EventQueue-DeleteBlockStatusForDeletedBlockLogImpl] DEBUG block.DeletedBlockLogImpl (DeletedBlockLogImpl.java:isTransactionFailed(278)) - Got block deletion ACK from datanode, TXIDs=45, success=true
2021-08-15 14:03:33,105 [EventQueue-DeleteBlockStatusForDeletedBlockLogImpl] DEBUG block.DeletedBlockLogImpl (DeletedBlockLogImpl.java:commitTransactions(224)) - Transaction txId=45 commit by dnId=0475d2c2-d46f-403e-95a5-8ff1a5c32338 for containerID=#45 failed. Corresponding entry not found.
2021-08-15 14:03:33,105 [EventQueue-DeleteBlockStatusForDeletedBlockLogImpl] DEBUG block.DeletedBlockLogImpl (DeletedBlockLogImpl.java:isTransactionFailed(278)) - Got block deletion ACK from datanode, TXIDs=46, success=true
2021-08-15 14:03:33,105 [EventQueue-DeleteBlockStatusForDeletedBlockLogImpl] DEBUG block.DeletedBlockLogImpl (DeletedBlockLogImpl.java:commitTransactions(224)) - Transaction txId=46 commit by dnId=0475d2c2-d46f-403e-95a5-8ff1a5c32338 for containerID=#46 failed. Corresponding entry not found.
2021-08-15 14:03:33,105 [EventQueue-DeleteBlockStatusForDeletedBlockLogImpl] DEBUG block.DeletedBlockLogImpl (DeletedBlockLogImpl.java:isTransactionFailed(278)) - Got block deletion ACK from datanode, TXIDs=47, success=true
2021-08-15 14:03:33,105 [EventQueue-DeleteBlockStatusForDeletedBlockLogImpl] DEBUG block.DeletedBlockLogImpl (DeletedBlockLogImpl.java:commitTransactions(224)) - Transaction txId=47 commit by dnId=0475d2c2-d46f-403e-95a5-8ff1a5c32338 for containerID=#47 failed. Corresponding entry not found.
2021-08-15 14:03:33,105 [EventQueue-DeleteBlockStatusForDeletedBlockLogImpl] DEBUG block.DeletedBlockLogImpl (DeletedBlockLogImpl.java:isTransactionFailed(278)) - Got block deletion ACK from datanode, TXIDs=48, success=true
2021-08-15 14:03:33,105 [EventQueue-DeleteBlockStatusForDeletedBlockLogImpl] DEBUG block.DeletedBlockLogImpl (DeletedBlockLogImpl.java:commitTransactions(224)) - Transaction txId=48 commit by dnId=0475d2c2-d46f-403e-95a5-8ff1a5c32338 for containerID=#48 failed. Corresponding entry not found.
2021-08-15 14:03:33,105 [EventQueue-DeleteBlockStatusForDeletedBlockLogImpl] DEBUG block.DeletedBlockLogImpl (DeletedBlockLogImpl.java:isTransactionFailed(278)) - Got block deletion ACK from datanode, TXIDs=49, success=true
2021-08-15 14:03:33,105 [EventQueue-DeleteBlockStatusForDeletedBlockLogImpl] DEBUG block.DeletedBlockLogImpl (DeletedBlockLogImpl.java:commitTransactions(224)) - Transaction txId=49 commit by dnId=0475d2c2-d46f-403e-95a5-8ff1a5c32338 for containerID=#49 failed. Corresponding entry not found.
2021-08-15 14:03:33,106 [EventQueue-DeleteBlockStatusForDeletedBlockLogImpl] DEBUG block.DeletedBlockLogImpl (DeletedBlockLogImpl.java:isTransactionFailed(278)) - Got block deletion ACK from datanode, TXIDs=50, success=true
2021-08-15 14:03:33,106 [EventQueue-DeleteBlockStatusForDeletedBlockLogImpl] DEBUG block.DeletedBlockLogImpl (DeletedBlockLogImpl.java:commitTransactions(224)) - Transaction txId=50 commit by dnId=0475d2c2-d46f-403e-95a5-8ff1a5c32338 for containerID=#50 failed. Corresponding entry not found.
2021-08-15 14:03:33,106 [EventQueue-DeleteBlockStatusForDeletedBlockLogImpl] DEBUG block.DeletedBlockLogImpl (DeletedBlockLogImpl.java:isTransactionFailed(278)) - Got block deletion ACK from datanode, TXIDs=51, success=true
2021-08-15 14:03:33,106 [EventQueue-DeleteBlockStatusForDeletedBlockLogImpl] DEBUG block.DeletedBlockLogImpl (DeletedBlockLogImpl.java:commitTransactions(224)) - Transaction txId=51 commit by dnId=0475d2c2-d46f-403e-95a5-8ff1a5c32338 for containerID=#51 failed. Corresponding entry not found.
2021-08-15 14:03:33,106 [EventQueue-DeleteBlockStatusForDeletedBlockLogImpl] DEBUG block.DeletedBlockLogImpl (DeletedBlockLogImpl.java:isTransactionFailed(278)) - Got block deletion ACK from datanode, TXIDs=52, success=true
2021-08-15 14:03:33,106 [EventQueue-DeleteBlockStatusForDeletedBlockLogImpl] DEBUG block.DeletedBlockLogImpl (DeletedBlockLogImpl.java:commitTransactions(224)) - Transaction txId=52 commit by dnId=0475d2c2-d46f-403e-95a5-8ff1a5c32338 for containerID=#52 failed. Corresponding entry not found.
2021-08-15 14:03:33,106 [EventQueue-DeleteBlockStatusForDeletedBlockLogImpl] DEBUG block.DeletedBlockLogImpl (DeletedBlockLogImpl.java:isTransactionFailed(278)) - Got block deletion ACK from datanode, TXIDs=53, success=true
2021-08-15 14:03:33,106 [EventQueue-DeleteBlockStatusForDeletedBlockLogImpl] DEBUG block.DeletedBlockLogImpl (DeletedBlockLogImpl.java:commitTransactions(224)) - Transaction txId=53 commit by dnId=0475d2c2-d46f-403e-95a5-8ff1a5c32338 for containerID=#53 failed. Corresponding entry not found.
2021-08-15 14:03:33,106 [EventQueue-DeleteBlockStatusForDeletedBlockLogImpl] DEBUG block.DeletedBlockLogImpl (DeletedBlockLogImpl.java:isTransactionFailed(278)) - Got block deletion ACK from datanode, TXIDs=54, success=true
2021-08-15 14:03:33,106 [EventQueue-DeleteBlockStatusForDeletedBlockLogImpl] DEBUG block.DeletedBlockLogImpl (DeletedBlockLogImpl.java:commitTransactions(224)) - Transaction txId=54 commit by dnId=0475d2c2-d46f-403e-95a5-8ff1a5c32338 for containerID=#54 failed. Corresponding entry not found.
2021-08-15 14:03:33,106 [EventQueue-DeleteBlockStatusForDeletedBlockLogImpl] DEBUG block.DeletedBlockLogImpl (DeletedBlockLogImpl.java:isTransactionFailed(278)) - Got block deletion ACK from datanode, TXIDs=55, success=true
2021-08-15 14:03:33,106 [EventQueue-DeleteBlockStatusForDeletedBlockLogImpl] DEBUG block.DeletedBlockLogImpl (DeletedBlockLogImpl.java:commitTransactions(224)) - Transaction txId=55 commit by dnId=0475d2c2-d46f-403e-95a5-8ff1a5c32338 for containerID=#55 failed. Corresponding entry not found.
2021-08-15 14:03:33,106 [EventQueue-DeleteBlockStatusForDeletedBlockLogImpl] DEBUG block.DeletedBlockLogImpl (DeletedBlockLogImpl.java:isTransactionFailed(278)) - Got block deletion ACK from datanode, TXIDs=56, success=true
2021-08-15 14:03:33,106 [EventQueue-DeleteBlockStatusForDeletedBlockLogImpl] DEBUG block.DeletedBlockLogImpl (DeletedBlockLogImpl.java:commitTransactions(224)) - Transaction txId=56 commit by dnId=0475d2c2-d46f-403e-95a5-8ff1a5c32338 for containerID=#56 failed. Corresponding entry not found.
2021-08-15 14:03:33,106 [EventQueue-DeleteBlockStatusForDeletedBlockLogImpl] DEBUG block.DeletedBlockLogImpl (DeletedBlockLogImpl.java:isTransactionFailed(278)) - Got block deletion ACK from datanode, TXIDs=28, success=true
2021-08-15 14:03:33,106 [EventQueue-DeleteBlockStatusForDeletedBlockLogImpl] DEBUG block.DeletedBlockLogImpl (DeletedBlockLogImpl.java:commitTransactions(224)) - Transaction txId=28 commit by dnId=0475d2c2-d46f-403e-95a5-8ff1a5c32338 for containerID=#28 failed. Corresponding entry not found.
2021-08-15 14:03:33,106 [EventQueue-DeleteBlockStatusForDeletedBlockLogImpl] DEBUG block.DeletedBlockLogImpl (DeletedBlockLogImpl.java:isTransactionFailed(278)) - Got block deletion ACK from datanode, TXIDs=29, success=true
2021-08-15 14:03:33,106 [EventQueue-DeleteBlockStatusForDeletedBlockLogImpl] DEBUG block.DeletedBlockLogImpl (DeletedBlockLogImpl.java:commitTransactions(224)) - Transaction txId=29 commit by dnId=0475d2c2-d46f-403e-95a5-8ff1a5c32338 for containerID=#29 failed. Corresponding entry not found.
2021-08-15 14:03:33,107 [EventQueue-DeleteBlockStatusForDeletedBlockLogImpl] DEBUG block.DeletedBlockLogImpl (DeletedBlockLogImpl.java:isTransactionFailed(278)) - Got block deletion ACK from datanode, TXIDs=30, success=true
2021-08-15 14:03:33,107 [EventQueue-DeleteBlockStatusForDeletedBlockLogImpl] DEBUG block.DeletedBlockLogImpl (DeletedBlockLogImpl.java:commitTransactions(224)) - Transaction txId=30 commit by dnId=0475d2c2-d46f-403e-95a5-8ff1a5c32338 for containerID=#30 failed. Corresponding entry not found.
2021-08-15 14:03:33,107 [EventQueue-DeleteBlockStatusForDeletedBlockLogImpl] DEBUG block.DeletedBlockLogImpl (DeletedBlockLogImpl.java:isTransactionFailed(278)) - Got block deletion ACK from datanode, TXIDs=31, success=true
2021-08-15 14:03:33,107 [EventQueue-DeleteBlockStatusForDeletedBlockLogImpl] DEBUG block.DeletedBlockLogImpl (DeletedBlockLogImpl.java:commitTransactions(224)) - Transaction txId=31 commit by dnId=0475d2c2-d46f-403e-95a5-8ff1a5c32338 for containerID=#31 failed. Corresponding entry not found.
2021-08-15 14:03:33,107 [EventQueue-DeleteBlockStatusForDeletedBlockLogImpl] DEBUG block.DeletedBlockLogImpl (DeletedBlockLogImpl.java:isTransactionFailed(278)) - Got block deletion ACK from datanode, TXIDs=32, success=true
2021-08-15 14:03:33,107 [EventQueue-DeleteBlockStatusForDeletedBlockLogImpl] DEBUG block.DeletedBlockLogImpl (DeletedBlockLogImpl.java:commitTransactions(224)) - Transaction txId=32 commit by dnId=0475d2c2-d46f-403e-95a5-8ff1a5c32338 for containerID=#32 failed. Corresponding entry not found.
2021-08-15 14:03:33,107 [EventQueue-DeleteBlockStatusForDeletedBlockLogImpl] DEBUG block.DeletedBlockLogImpl (DeletedBlockLogImpl.java:isTransactionFailed(278)) - Got block deletion ACK from datanode, TXIDs=33, success=true
2021-08-15 14:03:33,107 [EventQueue-DeleteBlockStatusForDeletedBlockLogImpl] DEBUG block.DeletedBlockLogImpl (DeletedBlockLogImpl.java:commitTransactions(224)) - Transaction txId=33 commit by dnId=0475d2c2-d46f-403e-95a5-8ff1a5c32338 for containerID=#33 failed. Corresponding entry not found.
2021-08-15 14:03:33,107 [EventQueue-DeleteBlockStatusForDeletedBlockLogImpl] DEBUG block.DeletedBlockLogImpl (DeletedBlockLogImpl.java:isTransactionFailed(278)) - Got block deletion ACK from datanode, TXIDs=34, success=true
2021-08-15 14:03:33,107 [EventQueue-DeleteBlockStatusForDeletedBlockLogImpl] DEBUG block.DeletedBlockLogImpl (DeletedBlockLogImpl.java:commitTransactions(224)) - Transaction txId=34 commit by dnId=0475d2c2-d46f-403e-95a5-8ff1a5c32338 for containerID=#34 failed. Corresponding entry not found.
2021-08-15 14:03:33,107 [EventQueue-DeleteBlockStatusForDeletedBlockLogImpl] DEBUG block.DeletedBlockLogImpl (DeletedBlockLogImpl.java:isTransactionFailed(278)) - Got block deletion ACK from datanode, TXIDs=35, success=true
2021-08-15 14:03:33,107 [EventQueue-DeleteBlockStatusForDeletedBlockLogImpl] DEBUG block.DeletedBlockLogImpl (DeletedBlockLogImpl.java:commitTransactions(224)) - Transaction txId=35 commit by dnId=0475d2c2-d46f-403e-95a5-8ff1a5c32338 for containerID=#35 failed. Corresponding entry not found.
2021-08-15 14:03:33,107 [EventQueue-DeleteBlockStatusForDeletedBlockLogImpl] DEBUG block.DeletedBlockLogImpl (DeletedBlockLogImpl.java:isTransactionFailed(278)) - Got block deletion ACK from datanode, TXIDs=36, success=true
2021-08-15 14:03:33,107 [EventQueue-DeleteBlockStatusForDeletedBlockLogImpl] DEBUG block.DeletedBlockLogImpl (DeletedBlockLogImpl.java:commitTransactions(224)) - Transaction txId=36 commit by dnId=0475d2c2-d46f-403e-95a5-8ff1a5c32338 for containerID=#36 failed. Corresponding entry not found.
2021-08-15 14:03:33,107 [EventQueue-DeleteBlockStatusForDeletedBlockLogImpl] DEBUG block.DeletedBlockLogImpl (DeletedBlockLogImpl.java:isTransactionFailed(278)) - Got block deletion ACK from datanode, TXIDs=37, success=true
2021-08-15 14:03:33,107 [EventQueue-DeleteBlockStatusForDeletedBlockLogImpl] DEBUG block.DeletedBlockLogImpl (DeletedBlockLogImpl.java:commitTransactions(224)) - Transaction txId=37 commit by dnId=0475d2c2-d46f-403e-95a5-8ff1a5c32338 for containerID=#37 failed. Corresponding entry not found.
2021-08-15 14:03:33,107 [EventQueue-DeleteBlockStatusForDeletedBlockLogImpl] DEBUG block.DeletedBlockLogImpl (DeletedBlockLogImpl.java:isTransactionFailed(278)) - Got block deletion ACK from datanode, TXIDs=38, success=true
2021-08-15 14:03:33,107 [EventQueue-DeleteBlockStatusForDeletedBlockLogImpl] DEBUG block.DeletedBlockLogImpl (DeletedBlockLogImpl.java:commitTransactions(224)) - Transaction txId=38 commit by dnId=0475d2c2-d46f-403e-95a5-8ff1a5c32338 for containerID=#38 failed. Corresponding entry not found.
2021-08-15 14:03:33,107 [EventQueue-DeleteBlockStatusForDeletedBlockLogImpl] DEBUG block.DeletedBlockLogImpl (DeletedBlockLogImpl.java:isTransactionFailed(278)) - Got block deletion ACK from datanode, TXIDs=39, success=true
2021-08-15 14:03:33,107 [EventQueue-DeleteBlockStatusForDeletedBlockLogImpl] DEBUG block.DeletedBlockLogImpl (DeletedBlockLogImpl.java:commitTransactions(224)) - Transaction txId=39 commit by dnId=0475d2c2-d46f-403e-95a5-8ff1a5c32338 for containerID=#39 failed. Corresponding entry not found.
2021-08-15 14:03:33,107 [EventQueue-DeleteBlockStatusForDeletedBlockLogImpl] DEBUG block.DeletedBlockLogImpl (DeletedBlockLogImpl.java:isTransactionFailed(278)) - Got block deletion ACK from datanode, TXIDs=40, success=true
2021-08-15 14:03:33,107 [EventQueue-DeleteBlockStatusForDeletedBlockLogImpl] DEBUG block.DeletedBlockLogImpl (DeletedBlockLogImpl.java:commitTransactions(224)) - Transaction txId=40 commit by dnId=0475d2c2-d46f-403e-95a5-8ff1a5c32338 for containerID=#40 failed. Corresponding entry not found.
2021-08-15 14:03:33,107 [EventQueue-DeleteBlockStatusForDeletedBlockLogImpl] DEBUG block.DeletedBlockLogImpl (DeletedBlockLogImpl.java:isTransactionFailed(278)) - Got block deletion ACK from datanode, TXIDs=41, success=true
2021-08-15 14:03:33,107 [EventQueue-DeleteBlockStatusForDeletedBlockLogImpl] DEBUG block.DeletedBlockLogImpl (DeletedBlockLogImpl.java:commitTransactions(224)) - Transaction txId=41 commit by dnId=0475d2c2-d46f-403e-95a5-8ff1a5c32338 for containerID=#41 failed. Corresponding entry not found.
2021-08-15 14:03:33,107 [EventQueue-DeleteBlockStatusForDeletedBlockLogImpl] DEBUG block.DeletedBlockLogImpl (DeletedBlockLogImpl.java:isTransactionFailed(278)) - Got block deletion ACK from datanode, TXIDs=42, success=true
2021-08-15 14:03:33,107 [EventQueue-DeleteBlockStatusForDeletedBlockLogImpl] DEBUG block.DeletedBlockLogImpl (DeletedBlockLogImpl.java:commitTransactions(224)) - Transaction txId=42 commit by dnId=0475d2c2-d46f-403e-95a5-8ff1a5c32338 for containerID=#42 failed. Corresponding entry not found.
2021-08-15 14:03:33,107 [EventQueue-DeleteBlockStatusForDeletedBlockLogImpl] DEBUG block.DeletedBlockLogImpl (DeletedBlockLogImpl.java:isTransactionFailed(278)) - Got block deletion ACK from datanode, TXIDs=43, success=true
2021-08-15 14:03:33,108 [EventQueue-DeleteBlockStatusForDeletedBlockLogImpl] DEBUG block.DeletedBlockLogImpl (DeletedBlockLogImpl.java:commitTransactions(224)) - Transaction txId=43 commit by dnId=0475d2c2-d46f-403e-95a5-8ff1a5c32338 for containerID=#43 failed. Corresponding entry not found.
2021-08-15 14:03:33,108 [EventQueue-DeleteBlockStatusForDeletedBlockLogImpl] DEBUG block.DeletedBlockLogImpl (DeletedBlockLogImpl.java:isTransactionFailed(278)) - Got block deletion ACK from datanode, TXIDs=44, success=true
2021-08-15 14:03:33,108 [EventQueue-DeleteBlockStatusForDeletedBlockLogImpl] DEBUG block.DeletedBlockLogImpl (DeletedBlockLogImpl.java:commitTransactions(224)) - Transaction txId=44 commit by dnId=0475d2c2-d46f-403e-95a5-8ff1a5c32338 for containerID=#44 failed. Corresponding entry not found.
2021-08-15 14:03:33,108 [EventQueue-DeleteBlockStatusForDeletedBlockLogImpl] DEBUG block.DeletedBlockLogImpl (DeletedBlockLogImpl.java:isTransactionFailed(278)) - Got block deletion ACK from datanode, TXIDs=45, success=true
2021-08-15 14:03:33,108 [EventQueue-DeleteBlockStatusForDeletedBlockLogImpl] DEBUG block.DeletedBlockLogImpl (DeletedBlockLogImpl.java:commitTransactions(224)) - Transaction txId=45 commit by dnId=0475d2c2-d46f-403e-95a5-8ff1a5c32338 for containerID=#45 failed. Corresponding entry not found.
2021-08-15 14:03:33,108 [EventQueue-DeleteBlockStatusForDeletedBlockLogImpl] DEBUG block.DeletedBlockLogImpl (DeletedBlockLogImpl.java:isTransactionFailed(278)) - Got block deletion ACK from datanode, TXIDs=46, success=true
2021-08-15 14:03:33,108 [EventQueue-DeleteBlockStatusForDeletedBlockLogImpl] DEBUG block.DeletedBlockLogImpl (DeletedBlockLogImpl.java:commitTransactions(224)) - Transaction txId=46 commit by dnId=0475d2c2-d46f-403e-95a5-8ff1a5c32338 for containerID=#46 failed. Corresponding entry not found.
2021-08-15 14:03:33,108 [EventQueue-DeleteBlockStatusForDeletedBlockLogImpl] DEBUG block.DeletedBlockLogImpl (DeletedBlockLogImpl.java:isTransactionFailed(278)) - Got block deletion ACK from datanode, TXIDs=47, success=true
2021-08-15 14:03:33,108 [EventQueue-DeleteBlockStatusForDeletedBlockLogImpl] DEBUG block.DeletedBlockLogImpl (DeletedBlockLogImpl.java:commitTransactions(224)) - Transaction txId=47 commit by dnId=0475d2c2-d46f-403e-95a5-8ff1a5c32338 for containerID=#47 failed. Corresponding entry not found.
2021-08-15 14:03:33,108 [EventQueue-DeleteBlockStatusForDeletedBlockLogImpl] DEBUG block.DeletedBlockLogImpl (DeletedBlockLogImpl.java:isTransactionFailed(278)) - Got block deletion ACK from datanode, TXIDs=48, success=true
2021-08-15 14:03:33,108 [EventQueue-DeleteBlockStatusForDeletedBlockLogImpl] DEBUG block.DeletedBlockLogImpl (DeletedBlockLogImpl.java:commitTransactions(224)) - Transaction txId=48 commit by dnId=0475d2c2-d46f-403e-95a5-8ff1a5c32338 for containerID=#48 failed. Corresponding entry not found.
2021-08-15 14:03:33,108 [EventQueue-DeleteBlockStatusForDeletedBlockLogImpl] DEBUG block.DeletedBlockLogImpl (DeletedBlockLogImpl.java:isTransactionFailed(278)) - Got block deletion ACK from datanode, TXIDs=49, success=true
2021-08-15 14:03:33,108 [EventQueue-DeleteBlockStatusForDeletedBlockLogImpl] DEBUG block.DeletedBlockLogImpl (DeletedBlockLogImpl.java:commitTransactions(224)) - Transaction txId=49 commit by dnId=0475d2c2-d46f-403e-95a5-8ff1a5c32338 for containerID=#49 failed. Corresponding entry not found.
2021-08-15 14:03:33,108 [EventQueue-DeleteBlockStatusForDeletedBlockLogImpl] DEBUG block.DeletedBlockLogImpl (DeletedBlockLogImpl.java:isTransactionFailed(278)) - Got block deletion ACK from datanode, TXIDs=50, success=true
2021-08-15 14:03:33,108 [EventQueue-DeleteBlockStatusForDeletedBlockLogImpl] DEBUG block.DeletedBlockLogImpl (DeletedBlockLogImpl.java:commitTransactions(224)) - Transaction txId=50 commit by dnId=0475d2c2-d46f-403e-95a5-8ff1a5c32338 for containerID=#50 failed. Corresponding entry not found.
2021-08-15 14:03:33,108 [EventQueue-DeleteBlockStatusForDeletedBlockLogImpl] DEBUG block.DeletedBlockLogImpl (DeletedBlockLogImpl.java:isTransactionFailed(278)) - Got block deletion ACK from datanode, TXIDs=51, success=true
2021-08-15 14:03:33,108 [EventQueue-DeleteBlockStatusForDeletedBlockLogImpl] DEBUG block.DeletedBlockLogImpl (DeletedBlockLogImpl.java:commitTransactions(224)) - Transaction txId=51 commit by dnId=0475d2c2-d46f-403e-95a5-8ff1a5c32338 for containerID=#51 failed. Corresponding entry not found.
2021-08-15 14:03:33,108 [EventQueue-DeleteBlockStatusForDeletedBlockLogImpl] DEBUG block.DeletedBlockLogImpl (DeletedBlockLogImpl.java:isTransactionFailed(278)) - Got block deletion ACK from datanode, TXIDs=52, success=true
2021-08-15 14:03:33,108 [EventQueue-DeleteBlockStatusForDeletedBlockLogImpl] DEBUG block.DeletedBlockLogImpl (DeletedBlockLogImpl.java:commitTransactions(224)) - Transaction txId=52 commit by dnId=0475d2c2-d46f-403e-95a5-8ff1a5c32338 for containerID=#52 failed. Corresponding entry not found.
2021-08-15 14:03:33,108 [EventQueue-DeleteBlockStatusForDeletedBlockLogImpl] DEBUG block.DeletedBlockLogImpl (DeletedBlockLogImpl.java:isTransactionFailed(278)) - Got block deletion ACK from datanode, TXIDs=53, success=true
2021-08-15 14:03:33,108 [EventQueue-DeleteBlockStatusForDeletedBlockLogImpl] DEBUG block.DeletedBlockLogImpl (DeletedBlockLogImpl.java:commitTransactions(224)) - Transaction txId=53 commit by dnId=0475d2c2-d46f-403e-95a5-8ff1a5c32338 for containerID=#53 failed. Corresponding entry not found.
2021-08-15 14:03:33,108 [EventQueue-DeleteBlockStatusForDeletedBlockLogImpl] DEBUG block.DeletedBlockLogImpl (DeletedBlockLogImpl.java:isTransactionFailed(278)) - Got block deletion ACK from datanode, TXIDs=54, success=true
2021-08-15 14:03:33,108 [EventQueue-DeleteBlockStatusForDeletedBlockLogImpl] DEBUG block.DeletedBlockLogImpl (DeletedBlockLogImpl.java:commitTransactions(224)) - Transaction txId=54 commit by dnId=0475d2c2-d46f-403e-95a5-8ff1a5c32338 for containerID=#54 failed. Corresponding entry not found.
2021-08-15 14:03:33,108 [EventQueue-DeleteBlockStatusForDeletedBlockLogImpl] DEBUG block.DeletedBlockLogImpl (DeletedBlockLogImpl.java:isTransactionFailed(278)) - Got block deletion ACK from datanode, TXIDs=55, success=true
2021-08-15 14:03:33,108 [EventQueue-DeleteBlockStatusForDeletedBlockLogImpl] DEBUG block.DeletedBlockLogImpl (DeletedBlockLogImpl.java:commitTransactions(224)) - Transaction txId=55 commit by dnId=0475d2c2-d46f-403e-95a5-8ff1a5c32338 for containerID=#55 failed. Corresponding entry not found.
2021-08-15 14:03:33,108 [EventQueue-DeleteBlockStatusForDeletedBlockLogImpl] DEBUG block.DeletedBlockLogImpl (DeletedBlockLogImpl.java:isTransactionFailed(278)) - Got block deletion ACK from datanode, TXIDs=56, success=true
2021-08-15 14:03:33,108 [EventQueue-DeleteBlockStatusForDeletedBlockLogImpl] DEBUG block.DeletedBlockLogImpl (DeletedBlockLogImpl.java:commitTransactions(224)) - Transaction txId=56 commit by dnId=0475d2c2-d46f-403e-95a5-8ff1a5c32338 for containerID=#56 failed. Corresponding entry not found.
2021-08-15 14:03:33,109 [EventQueue-DeleteBlockStatusForDeletedBlockLogImpl] DEBUG block.DeletedBlockLogImpl (DeletedBlockLogImpl.java:isTransactionFailed(278)) - Got block deletion ACK from datanode, TXIDs=28, success=true
2021-08-15 14:03:33,109 [EventQueue-DeleteBlockStatusForDeletedBlockLogImpl] DEBUG block.DeletedBlockLogImpl (DeletedBlockLogImpl.java:commitTransactions(224)) - Transaction txId=28 commit by dnId=0475d2c2-d46f-403e-95a5-8ff1a5c32338 for containerID=#28 failed. Corresponding entry not found.
2021-08-15 14:03:33,109 [EventQueue-DeleteBlockStatusForDeletedBlockLogImpl] DEBUG block.DeletedBlockLogImpl (DeletedBlockLogImpl.java:isTransactionFailed(278)) - Got block deletion ACK from datanode, TXIDs=29, success=true
2021-08-15 14:03:33,109 [EventQueue-DeleteBlockStatusForDeletedBlockLogImpl] DEBUG block.DeletedBlockLogImpl (DeletedBlockLogImpl.java:commitTransactions(224)) - Transaction txId=29 commit by dnId=0475d2c2-d46f-403e-95a5-8ff1a5c32338 for containerID=#29 failed. Corresponding entry not found.
2021-08-15 14:03:33,109 [EventQueue-DeleteBlockStatusForDeletedBlockLogImpl] DEBUG block.DeletedBlockLogImpl (DeletedBlockLogImpl.java:isTransactionFailed(278)) - Got block deletion ACK from datanode, TXIDs=30, success=true
2021-08-15 14:03:33,109 [EventQueue-DeleteBlockStatusForDeletedBlockLogImpl] DEBUG block.DeletedBlockLogImpl (DeletedBlockLogImpl.java:commitTransactions(224)) - Transaction txId=30 commit by dnId=0475d2c2-d46f-403e-95a5-8ff1a5c32338 for containerID=#30 failed. Corresponding entry not found.
2021-08-15 14:03:33,109 [EventQueue-DeleteBlockStatusForDeletedBlockLogImpl] DEBUG block.DeletedBlockLogImpl (DeletedBlockLogImpl.java:isTransactionFailed(278)) - Got block deletion ACK from datanode, TXIDs=31, success=true
2021-08-15 14:03:33,109 [EventQueue-DeleteBlockStatusForDeletedBlockLogImpl] DEBUG block.DeletedBlockLogImpl (DeletedBlockLogImpl.java:commitTransactions(224)) - Transaction txId=31 commit by dnId=0475d2c2-d46f-403e-95a5-8ff1a5c32338 for containerID=#31 failed. Corresponding entry not found.
2021-08-15 14:03:33,109 [EventQueue-DeleteBlockStatusForDeletedBlockLogImpl] DEBUG block.DeletedBlockLogImpl (DeletedBlockLogImpl.java:isTransactionFailed(278)) - Got block deletion ACK from datanode, TXIDs=32, success=true
2021-08-15 14:03:33,109 [EventQueue-DeleteBlockStatusForDeletedBlockLogImpl] DEBUG block.DeletedBlockLogImpl (DeletedBlockLogImpl.java:commitTransactions(224)) - Transaction txId=32 commit by dnId=0475d2c2-d46f-403e-95a5-8ff1a5c32338 for containerID=#32 failed. Corresponding entry not found.
2021-08-15 14:03:33,109 [EventQueue-DeleteBlockStatusForDeletedBlockLogImpl] DEBUG block.DeletedBlockLogImpl (DeletedBlockLogImpl.java:isTransactionFailed(278)) - Got block deletion ACK from datanode, TXIDs=33, success=true
2021-08-15 14:03:33,109 [EventQueue-DeleteBlockStatusForDeletedBlockLogImpl] DEBUG block.DeletedBlockLogImpl (DeletedBlockLogImpl.java:commitTransactions(224)) - Transaction txId=33 commit by dnId=0475d2c2-d46f-403e-95a5-8ff1a5c32338 for containerID=#33 failed. Corresponding entry not found.
2021-08-15 14:03:33,109 [EventQueue-DeleteBlockStatusForDeletedBlockLogImpl] DEBUG block.DeletedBlockLogImpl (DeletedBlockLogImpl.java:isTransactionFailed(278)) - Got block deletion ACK from datanode, TXIDs=34, success=true
2021-08-15 14:03:33,109 [EventQueue-DeleteBlockStatusForDeletedBlockLogImpl] DEBUG block.DeletedBlockLogImpl (DeletedBlockLogImpl.java:commitTransactions(224)) - Transaction txId=34 commit by dnId=0475d2c2-d46f-403e-95a5-8ff1a5c32338 for containerID=#34 failed. Corresponding entry not found.
2021-08-15 14:03:33,109 [EventQueue-DeleteBlockStatusForDeletedBlockLogImpl] DEBUG block.DeletedBlockLogImpl (DeletedBlockLogImpl.java:isTransactionFailed(278)) - Got block deletion ACK from datanode, TXIDs=35, success=true
2021-08-15 14:03:33,109 [EventQueue-DeleteBlockStatusForDeletedBlockLogImpl] DEBUG block.DeletedBlockLogImpl (DeletedBlockLogImpl.java:commitTransactions(224)) - Transaction txId=35 commit by dnId=0475d2c2-d46f-403e-95a5-8ff1a5c32338 for containerID=#35 failed. Corresponding entry not found.
2021-08-15 14:03:33,109 [EventQueue-DeleteBlockStatusForDeletedBlockLogImpl] DEBUG block.DeletedBlockLogImpl (DeletedBlockLogImpl.java:isTransactionFailed(278)) - Got block deletion ACK from datanode, TXIDs=36, success=true
2021-08-15 14:03:33,109 [EventQueue-DeleteBlockStatusForDeletedBlockLogImpl] DEBUG block.DeletedBlockLogImpl (DeletedBlockLogImpl.java:commitTransactions(224)) - Transaction txId=36 commit by dnId=0475d2c2-d46f-403e-95a5-8ff1a5c32338 for containerID=#36 failed. Corresponding entry not found.
2021-08-15 14:03:33,109 [EventQueue-DeleteBlockStatusForDeletedBlockLogImpl] DEBUG block.DeletedBlockLogImpl (DeletedBlockLogImpl.java:isTransactionFailed(278)) - Got block deletion ACK from datanode, TXIDs=37, success=true
2021-08-15 14:03:33,109 [EventQueue-DeleteBlockStatusForDeletedBlockLogImpl] DEBUG block.DeletedBlockLogImpl (DeletedBlockLogImpl.java:commitTransactions(224)) - Transaction txId=37 commit by dnId=0475d2c2-d46f-403e-95a5-8ff1a5c32338 for containerID=#37 failed. Corresponding entry not found.
2021-08-15 14:03:33,109 [EventQueue-DeleteBlockStatusForDeletedBlockLogImpl] DEBUG block.DeletedBlockLogImpl (DeletedBlockLogImpl.java:isTransactionFailed(278)) - Got block deletion ACK from datanode, TXIDs=38, success=true
2021-08-15 14:03:33,109 [EventQueue-DeleteBlockStatusForDeletedBlockLogImpl] DEBUG block.DeletedBlockLogImpl (DeletedBlockLogImpl.java:commitTransactions(224)) - Transaction txId=38 commit by dnId=0475d2c2-d46f-403e-95a5-8ff1a5c32338 for containerID=#38 failed. Corresponding entry not found.
2021-08-15 14:03:33,109 [EventQueue-DeleteBlockStatusForDeletedBlockLogImpl] DEBUG block.DeletedBlockLogImpl (DeletedBlockLogImpl.java:isTransactionFailed(278)) - Got block deletion ACK from datanode, TXIDs=39, success=true
2021-08-15 14:03:33,109 [EventQueue-DeleteBlockStatusForDeletedBlockLogImpl] DEBUG block.DeletedBlockLogImpl (DeletedBlockLogImpl.java:commitTransactions(224)) - Transaction txId=39 commit by dnId=0475d2c2-d46f-403e-95a5-8ff1a5c32338 for containerID=#39 failed. Corresponding entry not found.
2021-08-15 14:03:33,109 [EventQueue-DeleteBlockStatusForDeletedBlockLogImpl] DEBUG block.DeletedBlockLogImpl (DeletedBlockLogImpl.java:isTransactionFailed(278)) - Got block deletion ACK from datanode, TXIDs=40, success=true
2021-08-15 14:03:33,109 [EventQueue-DeleteBlockStatusForDeletedBlockLogImpl] DEBUG block.DeletedBlockLogImpl (DeletedBlockLogImpl.java:commitTransactions(224)) - Transaction txId=40 commit by dnId=0475d2c2-d46f-403e-95a5-8ff1a5c32338 for containerID=#40 failed. Corresponding entry not found.
2021-08-15 14:03:33,109 [EventQueue-DeleteBlockStatusForDeletedBlockLogImpl] DEBUG block.DeletedBlockLogImpl (DeletedBlockLogImpl.java:isTransactionFailed(278)) - Got block deletion ACK from datanode, TXIDs=41, success=true
2021-08-15 14:03:33,110 [EventQueue-DeleteBlockStatusForDeletedBlockLogImpl] DEBUG block.DeletedBlockLogImpl (DeletedBlockLogImpl.java:commitTransactions(224)) - Transaction txId=41 commit by dnId=0475d2c2-d46f-403e-95a5-8ff1a5c32338 for containerID=#41 failed. Corresponding entry not found.
2021-08-15 14:03:33,110 [EventQueue-DeleteBlockStatusForDeletedBlockLogImpl] DEBUG block.DeletedBlockLogImpl (DeletedBlockLogImpl.java:isTransactionFailed(278)) - Got block deletion ACK from datanode, TXIDs=42, success=true
2021-08-15 14:03:33,110 [EventQueue-DeleteBlockStatusForDeletedBlockLogImpl] DEBUG block.DeletedBlockLogImpl (DeletedBlockLogImpl.java:commitTransactions(224)) - Transaction txId=42 commit by dnId=0475d2c2-d46f-403e-95a5-8ff1a5c32338 for containerID=#42 failed. Corresponding entry not found.
2021-08-15 14:03:33,110 [EventQueue-DeleteBlockStatusForDeletedBlockLogImpl] DEBUG block.DeletedBlockLogImpl (DeletedBlockLogImpl.java:isTransactionFailed(278)) - Got block deletion ACK from datanode, TXIDs=43, success=true
2021-08-15 14:03:33,110 [EventQueue-DeleteBlockStatusForDeletedBlockLogImpl] DEBUG block.DeletedBlockLogImpl (DeletedBlockLogImpl.java:commitTransactions(224)) - Transaction txId=43 commit by dnId=0475d2c2-d46f-403e-95a5-8ff1a5c32338 for containerID=#43 failed. Corresponding entry not found.
2021-08-15 14:03:33,110 [EventQueue-DeleteBlockStatusForDeletedBlockLogImpl] DEBUG block.DeletedBlockLogImpl (DeletedBlockLogImpl.java:isTransactionFailed(278)) - Got block deletion ACK from datanode, TXIDs=44, success=true
2021-08-15 14:03:33,110 [EventQueue-DeleteBlockStatusForDeletedBlockLogImpl] DEBUG block.DeletedBlockLogImpl (DeletedBlockLogImpl.java:commitTransactions(224)) - Transaction txId=44 commit by dnId=0475d2c2-d46f-403e-95a5-8ff1a5c32338 for containerID=#44 failed. Corresponding entry not found.
2021-08-15 14:03:33,110 [EventQueue-DeleteBlockStatusForDeletedBlockLogImpl] DEBUG block.DeletedBlockLogImpl (DeletedBlockLogImpl.java:isTransactionFailed(278)) - Got block deletion ACK from datanode, TXIDs=45, success=true
2021-08-15 14:03:33,110 [EventQueue-DeleteBlockStatusForDeletedBlockLogImpl] DEBUG block.DeletedBlockLogImpl (DeletedBlockLogImpl.java:commitTransactions(224)) - Transaction txId=45 commit by dnId=0475d2c2-d46f-403e-95a5-8ff1a5c32338 for containerID=#45 failed. Corresponding entry not found.
2021-08-15 14:03:33,110 [EventQueue-DeleteBlockStatusForDeletedBlockLogImpl] DEBUG block.DeletedBlockLogImpl (DeletedBlockLogImpl.java:isTransactionFailed(278)) - Got block deletion ACK from datanode, TXIDs=46, success=true
2021-08-15 14:03:33,110 [EventQueue-DeleteBlockStatusForDeletedBlockLogImpl] DEBUG block.DeletedBlockLogImpl (DeletedBlockLogImpl.java:commitTransactions(224)) - Transaction txId=46 commit by dnId=0475d2c2-d46f-403e-95a5-8ff1a5c32338 for containerID=#46 failed. Corresponding entry not found.
2021-08-15 14:03:33,110 [EventQueue-DeleteBlockStatusForDeletedBlockLogImpl] DEBUG block.DeletedBlockLogImpl (DeletedBlockLogImpl.java:isTransactionFailed(278)) - Got block deletion ACK from datanode, TXIDs=47, success=true
2021-08-15 14:03:33,110 [EventQueue-DeleteBlockStatusForDeletedBlockLogImpl] DEBUG block.DeletedBlockLogImpl (DeletedBlockLogImpl.java:commitTransactions(224)) - Transaction txId=47 commit by dnId=0475d2c2-d46f-403e-95a5-8ff1a5c32338 for containerID=#47 failed. Corresponding entry not found.
2021-08-15 14:03:33,110 [EventQueue-DeleteBlockStatusForDeletedBlockLogImpl] DEBUG block.DeletedBlockLogImpl (DeletedBlockLogImpl.java:isTransactionFailed(278)) - Got block deletion ACK from datanode, TXIDs=48, success=true
2021-08-15 14:03:33,110 [EventQueue-DeleteBlockStatusForDeletedBlockLogImpl] DEBUG block.DeletedBlockLogImpl (DeletedBlockLogImpl.java:commitTransactions(224)) - Transaction txId=48 commit by dnId=0475d2c2-d46f-403e-95a5-8ff1a5c32338 for containerID=#48 failed. Corresponding entry not found.
2021-08-15 14:03:33,110 [EventQueue-DeleteBlockStatusForDeletedBlockLogImpl] DEBUG block.DeletedBlockLogImpl (DeletedBlockLogImpl.java:isTransactionFailed(278)) - Got block deletion ACK from datanode, TXIDs=49, success=true
2021-08-15 14:03:33,110 [EventQueue-DeleteBlockStatusForDeletedBlockLogImpl] DEBUG block.DeletedBlockLogImpl (DeletedBlockLogImpl.java:commitTransactions(224)) - Transaction txId=49 commit by dnId=0475d2c2-d46f-403e-95a5-8ff1a5c32338 for containerID=#49 failed. Corresponding entry not found.
2021-08-15 14:03:33,110 [EventQueue-DeleteBlockStatusForDeletedBlockLogImpl] DEBUG block.DeletedBlockLogImpl (DeletedBlockLogImpl.java:isTransactionFailed(278)) - Got block deletion ACK from datanode, TXIDs=50, success=true
2021-08-15 14:03:33,110 [EventQueue-DeleteBlockStatusForDeletedBlockLogImpl] DEBUG block.DeletedBlockLogImpl (DeletedBlockLogImpl.java:commitTransactions(224)) - Transaction txId=50 commit by dnId=0475d2c2-d46f-403e-95a5-8ff1a5c32338 for containerID=#50 failed. Corresponding entry not found.
2021-08-15 14:03:33,110 [EventQueue-DeleteBlockStatusForDeletedBlockLogImpl] DEBUG block.DeletedBlockLogImpl (DeletedBlockLogImpl.java:isTransactionFailed(278)) - Got block deletion ACK from datanode, TXIDs=51, success=true
2021-08-15 14:03:33,110 [EventQueue-DeleteBlockStatusForDeletedBlockLogImpl] DEBUG block.DeletedBlockLogImpl (DeletedBlockLogImpl.java:commitTransactions(224)) - Transaction txId=51 commit by dnId=0475d2c2-d46f-403e-95a5-8ff1a5c32338 for containerID=#51 failed. Corresponding entry not found.
2021-08-15 14:03:33,110 [EventQueue-DeleteBlockStatusForDeletedBlockLogImpl] DEBUG block.DeletedBlockLogImpl (DeletedBlockLogImpl.java:isTransactionFailed(278)) - Got block deletion ACK from datanode, TXIDs=52, success=true
2021-08-15 14:03:33,110 [EventQueue-DeleteBlockStatusForDeletedBlockLogImpl] DEBUG block.DeletedBlockLogImpl (DeletedBlockLogImpl.java:commitTransactions(224)) - Transaction txId=52 commit by dnId=0475d2c2-d46f-403e-95a5-8ff1a5c32338 for containerID=#52 failed. Corresponding entry not found.
2021-08-15 14:03:33,110 [EventQueue-DeleteBlockStatusForDeletedBlockLogImpl] DEBUG block.DeletedBlockLogImpl (DeletedBlockLogImpl.java:isTransactionFailed(278)) - Got block deletion ACK from datanode, TXIDs=53, success=true
2021-08-15 14:03:33,110 [EventQueue-DeleteBlockStatusForDeletedBlockLogImpl] DEBUG block.DeletedBlockLogImpl (DeletedBlockLogImpl.java:commitTransactions(224)) - Transaction txId=53 commit by dnId=0475d2c2-d46f-403e-95a5-8ff1a5c32338 for containerID=#53 failed. Corresponding entry not found.
2021-08-15 14:03:33,110 [EventQueue-DeleteBlockStatusForDeletedBlockLogImpl] DEBUG block.DeletedBlockLogImpl (DeletedBlockLogImpl.java:isTransactionFailed(278)) - Got block deletion ACK from datanode, TXIDs=54, success=true
2021-08-15 14:03:33,110 [EventQueue-DeleteBlockStatusForDeletedBlockLogImpl] DEBUG block.DeletedBlockLogImpl (DeletedBlockLogImpl.java:commitTransactions(224)) - Transaction txId=54 commit by dnId=0475d2c2-d46f-403e-95a5-8ff1a5c32338 for containerID=#54 failed. Corresponding entry not found.
2021-08-15 14:03:33,110 [EventQueue-DeleteBlockStatusForDeletedBlockLogImpl] DEBUG block.DeletedBlockLogImpl (DeletedBlockLogImpl.java:isTransactionFailed(278)) - Got block deletion ACK from datanode, TXIDs=55, success=true
2021-08-15 14:03:33,111 [EventQueue-DeleteBlockStatusForDeletedBlockLogImpl] DEBUG block.DeletedBlockLogImpl (DeletedBlockLogImpl.java:commitTransactions(224)) - Transaction txId=55 commit by dnId=0475d2c2-d46f-403e-95a5-8ff1a5c32338 for containerID=#55 failed. Corresponding entry not found.
2021-08-15 14:03:33,111 [EventQueue-DeleteBlockStatusForDeletedBlockLogImpl] DEBUG block.DeletedBlockLogImpl (DeletedBlockLogImpl.java:isTransactionFailed(278)) - Got block deletion ACK from datanode, TXIDs=56, success=true
2021-08-15 14:03:33,111 [EventQueue-DeleteBlockStatusForDeletedBlockLogImpl] DEBUG block.DeletedBlockLogImpl (DeletedBlockLogImpl.java:commitTransactions(224)) - Transaction txId=56 commit by dnId=0475d2c2-d46f-403e-95a5-8ff1a5c32338 for containerID=#56 failed. Corresponding entry not found.
2021-08-15 14:03:33,111 [EventQueue-DeleteBlockStatusForDeletedBlockLogImpl] DEBUG block.DeletedBlockLogImpl (DeletedBlockLogImpl.java:isTransactionFailed(278)) - Got block deletion ACK from datanode, TXIDs=28, success=true
2021-08-15 14:03:33,111 [EventQueue-DeleteBlockStatusForDeletedBlockLogImpl] DEBUG block.DeletedBlockLogImpl (DeletedBlockLogImpl.java:commitTransactions(224)) - Transaction txId=28 commit by dnId=0475d2c2-d46f-403e-95a5-8ff1a5c32338 for containerID=#28 failed. Corresponding entry not found.
2021-08-15 14:03:33,111 [EventQueue-DeleteBlockStatusForDeletedBlockLogImpl] DEBUG block.DeletedBlockLogImpl (DeletedBlockLogImpl.java:isTransactionFailed(278)) - Got block deletion ACK from datanode, TXIDs=29, success=true
2021-08-15 14:03:33,111 [EventQueue-DeleteBlockStatusForDeletedBlockLogImpl] DEBUG block.DeletedBlockLogImpl (DeletedBlockLogImpl.java:commitTransactions(224)) - Transaction txId=29 commit by dnId=0475d2c2-d46f-403e-95a5-8ff1a5c32338 for containerID=#29 failed. Corresponding entry not found.
2021-08-15 14:03:33,111 [EventQueue-DeleteBlockStatusForDeletedBlockLogImpl] DEBUG block.DeletedBlockLogImpl (DeletedBlockLogImpl.java:isTransactionFailed(278)) - Got block deletion ACK from datanode, TXIDs=30, success=true
2021-08-15 14:03:33,111 [EventQueue-DeleteBlockStatusForDeletedBlockLogImpl] DEBUG block.DeletedBlockLogImpl (DeletedBlockLogImpl.java:commitTransactions(224)) - Transaction txId=30 commit by dnId=0475d2c2-d46f-403e-95a5-8ff1a5c32338 for containerID=#30 failed. Corresponding entry not found.
2021-08-15 14:03:33,111 [EventQueue-DeleteBlockStatusForDeletedBlockLogImpl] DEBUG block.DeletedBlockLogImpl (DeletedBlockLogImpl.java:isTransactionFailed(278)) - Got block deletion ACK from datanode, TXIDs=31, success=true
2021-08-15 14:03:33,111 [EventQueue-DeleteBlockStatusForDeletedBlockLogImpl] DEBUG block.DeletedBlockLogImpl (DeletedBlockLogImpl.java:commitTransactions(224)) - Transaction txId=31 commit by dnId=0475d2c2-d46f-403e-95a5-8ff1a5c32338 for containerID=#31 failed. Corresponding entry not found.
2021-08-15 14:03:33,111 [EventQueue-DeleteBlockStatusForDeletedBlockLogImpl] DEBUG block.DeletedBlockLogImpl (DeletedBlockLogImpl.java:isTransactionFailed(278)) - Got block deletion ACK from datanode, TXIDs=32, success=true
2021-08-15 14:03:33,111 [EventQueue-DeleteBlockStatusForDeletedBlockLogImpl] DEBUG block.DeletedBlockLogImpl (DeletedBlockLogImpl.java:commitTransactions(224)) - Transaction txId=32 commit by dnId=0475d2c2-d46f-403e-95a5-8ff1a5c32338 for containerID=#32 failed. Corresponding entry not found.
2021-08-15 14:03:33,111 [EventQueue-DeleteBlockStatusForDeletedBlockLogImpl] DEBUG block.DeletedBlockLogImpl (DeletedBlockLogImpl.java:isTransactionFailed(278)) - Got block deletion ACK from datanode, TXIDs=33, success=true
2021-08-15 14:03:33,111 [EventQueue-DeleteBlockStatusForDeletedBlockLogImpl] DEBUG block.DeletedBlockLogImpl (DeletedBlockLogImpl.java:commitTransactions(224)) - Transaction txId=33 commit by dnId=0475d2c2-d46f-403e-95a5-8ff1a5c32338 for containerID=#33 failed. Corresponding entry not found.
2021-08-15 14:03:33,111 [EventQueue-DeleteBlockStatusForDeletedBlockLogImpl] DEBUG block.DeletedBlockLogImpl (DeletedBlockLogImpl.java:isTransactionFailed(278)) - Got block deletion ACK from datanode, TXIDs=34, success=true
2021-08-15 14:03:33,111 [EventQueue-DeleteBlockStatusForDeletedBlockLogImpl] DEBUG block.DeletedBlockLogImpl (DeletedBlockLogImpl.java:commitTransactions(224)) - Transaction txId=34 commit by dnId=0475d2c2-d46f-403e-95a5-8ff1a5c32338 for containerID=#34 failed. Corresponding entry not found.
2021-08-15 14:03:33,111 [EventQueue-DeleteBlockStatusForDeletedBlockLogImpl] DEBUG block.DeletedBlockLogImpl (DeletedBlockLogImpl.java:isTransactionFailed(278)) - Got block deletion ACK from datanode, TXIDs=35, success=true
2021-08-15 14:03:33,111 [EventQueue-DeleteBlockStatusForDeletedBlockLogImpl] DEBUG block.DeletedBlockLogImpl (DeletedBlockLogImpl.java:commitTransactions(224)) - Transaction txId=35 commit by dnId=0475d2c2-d46f-403e-95a5-8ff1a5c32338 for containerID=#35 failed. Corresponding entry not found.
2021-08-15 14:03:33,111 [EventQueue-DeleteBlockStatusForDeletedBlockLogImpl] DEBUG block.DeletedBlockLogImpl (DeletedBlockLogImpl.java:isTransactionFailed(278)) - Got block deletion ACK from datanode, TXIDs=36, success=true
2021-08-15 14:03:33,111 [EventQueue-DeleteBlockStatusForDeletedBlockLogImpl] DEBUG block.DeletedBlockLogImpl (DeletedBlockLogImpl.java:commitTransactions(224)) - Transaction txId=36 commit by dnId=0475d2c2-d46f-403e-95a5-8ff1a5c32338 for containerID=#36 failed. Corresponding entry not found.
2021-08-15 14:03:33,111 [EventQueue-DeleteBlockStatusForDeletedBlockLogImpl] DEBUG block.DeletedBlockLogImpl (DeletedBlockLogImpl.java:isTransactionFailed(278)) - Got block deletion ACK from datanode, TXIDs=37, success=true
2021-08-15 14:03:33,111 [EventQueue-DeleteBlockStatusForDeletedBlockLogImpl] DEBUG block.DeletedBlockLogImpl (DeletedBlockLogImpl.java:commitTransactions(224)) - Transaction txId=37 commit by dnId=0475d2c2-d46f-403e-95a5-8ff1a5c32338 for containerID=#37 failed. Corresponding entry not found.
2021-08-15 14:03:33,111 [EventQueue-DeleteBlockStatusForDeletedBlockLogImpl] DEBUG block.DeletedBlockLogImpl (DeletedBlockLogImpl.java:isTransactionFailed(278)) - Got block deletion ACK from datanode, TXIDs=38, success=true
2021-08-15 14:03:33,111 [EventQueue-DeleteBlockStatusForDeletedBlockLogImpl] DEBUG block.DeletedBlockLogImpl (DeletedBlockLogImpl.java:commitTransactions(224)) - Transaction txId=38 commit by dnId=0475d2c2-d46f-403e-95a5-8ff1a5c32338 for containerID=#38 failed. Corresponding entry not found.
2021-08-15 14:03:33,111 [EventQueue-DeleteBlockStatusForDeletedBlockLogImpl] DEBUG block.DeletedBlockLogImpl (DeletedBlockLogImpl.java:isTransactionFailed(278)) - Got block deletion ACK from datanode, TXIDs=39, success=true
2021-08-15 14:03:33,111 [EventQueue-DeleteBlockStatusForDeletedBlockLogImpl] DEBUG block.DeletedBlockLogImpl (DeletedBlockLogImpl.java:commitTransactions(224)) - Transaction txId=39 commit by dnId=0475d2c2-d46f-403e-95a5-8ff1a5c32338 for containerID=#39 failed. Corresponding entry not found.
2021-08-15 14:03:33,111 [EventQueue-DeleteBlockStatusForDeletedBlockLogImpl] DEBUG block.DeletedBlockLogImpl (DeletedBlockLogImpl.java:isTransactionFailed(278)) - Got block deletion ACK from datanode, TXIDs=40, success=true
2021-08-15 14:03:33,112 [EventQueue-DeleteBlockStatusForDeletedBlockLogImpl] DEBUG block.DeletedBlockLogImpl (DeletedBlockLogImpl.java:commitTransactions(224)) - Transaction txId=40 commit by dnId=0475d2c2-d46f-403e-95a5-8ff1a5c32338 for containerID=#40 failed. Corresponding entry not found.
2021-08-15 14:03:33,112 [EventQueue-DeleteBlockStatusForDeletedBlockLogImpl] DEBUG block.DeletedBlockLogImpl (DeletedBlockLogImpl.java:isTransactionFailed(278)) - Got block deletion ACK from datanode, TXIDs=41, success=true
2021-08-15 14:03:33,112 [EventQueue-DeleteBlockStatusForDeletedBlockLogImpl] DEBUG block.DeletedBlockLogImpl (DeletedBlockLogImpl.java:commitTransactions(224)) - Transaction txId=41 commit by dnId=0475d2c2-d46f-403e-95a5-8ff1a5c32338 for containerID=#41 failed. Corresponding entry not found.
2021-08-15 14:03:33,112 [EventQueue-DeleteBlockStatusForDeletedBlockLogImpl] DEBUG block.DeletedBlockLogImpl (DeletedBlockLogImpl.java:isTransactionFailed(278)) - Got block deletion ACK from datanode, TXIDs=42, success=true
2021-08-15 14:03:33,112 [EventQueue-DeleteBlockStatusForDeletedBlockLogImpl] DEBUG block.DeletedBlockLogImpl (DeletedBlockLogImpl.java:commitTransactions(224)) - Transaction txId=42 commit by dnId=0475d2c2-d46f-403e-95a5-8ff1a5c32338 for containerID=#42 failed. Corresponding entry not found.
2021-08-15 14:03:33,112 [EventQueue-DeleteBlockStatusForDeletedBlockLogImpl] DEBUG block.DeletedBlockLogImpl (DeletedBlockLogImpl.java:isTransactionFailed(278)) - Got block deletion ACK from datanode, TXIDs=43, success=true
2021-08-15 14:03:33,112 [EventQueue-DeleteBlockStatusForDeletedBlockLogImpl] DEBUG block.DeletedBlockLogImpl (DeletedBlockLogImpl.java:commitTransactions(224)) - Transaction txId=43 commit by dnId=0475d2c2-d46f-403e-95a5-8ff1a5c32338 for containerID=#43 failed. Corresponding entry not found.
2021-08-15 14:03:33,112 [EventQueue-DeleteBlockStatusForDeletedBlockLogImpl] DEBUG block.DeletedBlockLogImpl (DeletedBlockLogImpl.java:isTransactionFailed(278)) - Got block deletion ACK from datanode, TXIDs=44, success=true
2021-08-15 14:03:33,112 [EventQueue-DeleteBlockStatusForDeletedBlockLogImpl] DEBUG block.DeletedBlockLogImpl (DeletedBlockLogImpl.java:commitTransactions(224)) - Transaction txId=44 commit by dnId=0475d2c2-d46f-403e-95a5-8ff1a5c32338 for containerID=#44 failed. Corresponding entry not found.
2021-08-15 14:03:33,112 [EventQueue-DeleteBlockStatusForDeletedBlockLogImpl] DEBUG block.DeletedBlockLogImpl (DeletedBlockLogImpl.java:isTransactionFailed(278)) - Got block deletion ACK from datanode, TXIDs=45, success=true
2021-08-15 14:03:33,112 [EventQueue-DeleteBlockStatusForDeletedBlockLogImpl] DEBUG block.DeletedBlockLogImpl (DeletedBlockLogImpl.java:commitTransactions(224)) - Transaction txId=45 commit by dnId=0475d2c2-d46f-403e-95a5-8ff1a5c32338 for containerID=#45 failed. Corresponding entry not found.
2021-08-15 14:03:33,112 [EventQueue-DeleteBlockStatusForDeletedBlockLogImpl] DEBUG block.DeletedBlockLogImpl (DeletedBlockLogImpl.java:isTransactionFailed(278)) - Got block deletion ACK from datanode, TXIDs=46, success=true
2021-08-15 14:03:33,112 [EventQueue-DeleteBlockStatusForDeletedBlockLogImpl] DEBUG block.DeletedBlockLogImpl (DeletedBlockLogImpl.java:commitTransactions(224)) - Transaction txId=46 commit by dnId=0475d2c2-d46f-403e-95a5-8ff1a5c32338 for containerID=#46 failed. Corresponding entry not found.
2021-08-15 14:03:33,112 [EventQueue-DeleteBlockStatusForDeletedBlockLogImpl] DEBUG block.DeletedBlockLogImpl (DeletedBlockLogImpl.java:isTransactionFailed(278)) - Got block deletion ACK from datanode, TXIDs=47, success=true
2021-08-15 14:03:33,112 [EventQueue-DeleteBlockStatusForDeletedBlockLogImpl] DEBUG block.DeletedBlockLogImpl (DeletedBlockLogImpl.java:commitTransactions(224)) - Transaction txId=47 commit by dnId=0475d2c2-d46f-403e-95a5-8ff1a5c32338 for containerID=#47 failed. Corresponding entry not found.
2021-08-15 14:03:33,112 [EventQueue-DeleteBlockStatusForDeletedBlockLogImpl] DEBUG block.DeletedBlockLogImpl (DeletedBlockLogImpl.java:isTransactionFailed(278)) - Got block deletion ACK from datanode, TXIDs=48, success=true
2021-08-15 14:03:33,112 [EventQueue-DeleteBlockStatusForDeletedBlockLogImpl] DEBUG block.DeletedBlockLogImpl (DeletedBlockLogImpl.java:commitTransactions(224)) - Transaction txId=48 commit by dnId=0475d2c2-d46f-403e-95a5-8ff1a5c32338 for containerID=#48 failed. Corresponding entry not found.
2021-08-15 14:03:33,112 [EventQueue-DeleteBlockStatusForDeletedBlockLogImpl] DEBUG block.DeletedBlockLogImpl (DeletedBlockLogImpl.java:isTransactionFailed(278)) - Got block deletion ACK from datanode, TXIDs=49, success=true
2021-08-15 14:03:33,112 [EventQueue-DeleteBlockStatusForDeletedBlockLogImpl] DEBUG block.DeletedBlockLogImpl (DeletedBlockLogImpl.java:commitTransactions(224)) - Transaction txId=49 commit by dnId=0475d2c2-d46f-403e-95a5-8ff1a5c32338 for containerID=#49 failed. Corresponding entry not found.
2021-08-15 14:03:33,112 [EventQueue-DeleteBlockStatusForDeletedBlockLogImpl] DEBUG block.DeletedBlockLogImpl (DeletedBlockLogImpl.java:isTransactionFailed(278)) - Got block deletion ACK from datanode, TXIDs=50, success=true
2021-08-15 14:03:33,112 [EventQueue-DeleteBlockStatusForDeletedBlockLogImpl] DEBUG block.DeletedBlockLogImpl (DeletedBlockLogImpl.java:commitTransactions(224)) - Transaction txId=50 commit by dnId=0475d2c2-d46f-403e-95a5-8ff1a5c32338 for containerID=#50 failed. Corresponding entry not found.
2021-08-15 14:03:33,112 [EventQueue-DeleteBlockStatusForDeletedBlockLogImpl] DEBUG block.DeletedBlockLogImpl (DeletedBlockLogImpl.java:isTransactionFailed(278)) - Got block deletion ACK from datanode, TXIDs=51, success=true
2021-08-15 14:03:33,112 [EventQueue-DeleteBlockStatusForDeletedBlockLogImpl] DEBUG block.DeletedBlockLogImpl (DeletedBlockLogImpl.java:commitTransactions(224)) - Transaction txId=51 commit by dnId=0475d2c2-d46f-403e-95a5-8ff1a5c32338 for containerID=#51 failed. Corresponding entry not found.
2021-08-15 14:03:33,112 [EventQueue-DeleteBlockStatusForDeletedBlockLogImpl] DEBUG block.DeletedBlockLogImpl (DeletedBlockLogImpl.java:isTransactionFailed(278)) - Got block deletion ACK from datanode, TXIDs=52, success=true
2021-08-15 14:03:33,112 [EventQueue-DeleteBlockStatusForDeletedBlockLogImpl] DEBUG block.DeletedBlockLogImpl (DeletedBlockLogImpl.java:commitTransactions(224)) - Transaction txId=52 commit by dnId=0475d2c2-d46f-403e-95a5-8ff1a5c32338 for containerID=#52 failed. Corresponding entry not found.
2021-08-15 14:03:33,112 [EventQueue-DeleteBlockStatusForDeletedBlockLogImpl] DEBUG block.DeletedBlockLogImpl (DeletedBlockLogImpl.java:isTransactionFailed(278)) - Got block deletion ACK from datanode, TXIDs=53, success=true
2021-08-15 14:03:33,112 [EventQueue-DeleteBlockStatusForDeletedBlockLogImpl] DEBUG block.DeletedBlockLogImpl (DeletedBlockLogImpl.java:commitTransactions(224)) - Transaction txId=53 commit by dnId=0475d2c2-d46f-403e-95a5-8ff1a5c32338 for containerID=#53 failed. Corresponding entry not found.
2021-08-15 14:03:33,113 [EventQueue-DeleteBlockStatusForDeletedBlockLogImpl] DEBUG block.DeletedBlockLogImpl (DeletedBlockLogImpl.java:isTransactionFailed(278)) - Got block deletion ACK from datanode, TXIDs=54, success=true
2021-08-15 14:03:33,113 [EventQueue-DeleteBlockStatusForDeletedBlockLogImpl] DEBUG block.DeletedBlockLogImpl (DeletedBlockLogImpl.java:commitTransactions(224)) - Transaction txId=54 commit by dnId=0475d2c2-d46f-403e-95a5-8ff1a5c32338 for containerID=#54 failed. Corresponding entry not found.
2021-08-15 14:03:33,113 [EventQueue-DeleteBlockStatusForDeletedBlockLogImpl] DEBUG block.DeletedBlockLogImpl (DeletedBlockLogImpl.java:isTransactionFailed(278)) - Got block deletion ACK from datanode, TXIDs=55, success=true
2021-08-15 14:03:33,113 [EventQueue-DeleteBlockStatusForDeletedBlockLogImpl] DEBUG block.DeletedBlockLogImpl (DeletedBlockLogImpl.java:commitTransactions(224)) - Transaction txId=55 commit by dnId=0475d2c2-d46f-403e-95a5-8ff1a5c32338 for containerID=#55 failed. Corresponding entry not found.
2021-08-15 14:03:33,113 [EventQueue-DeleteBlockStatusForDeletedBlockLogImpl] DEBUG block.DeletedBlockLogImpl (DeletedBlockLogImpl.java:isTransactionFailed(278)) - Got block deletion ACK from datanode, TXIDs=56, success=true
2021-08-15 14:03:33,113 [EventQueue-DeleteBlockStatusForDeletedBlockLogImpl] DEBUG block.DeletedBlockLogImpl (DeletedBlockLogImpl.java:commitTransactions(224)) - Transaction txId=56 commit by dnId=0475d2c2-d46f-403e-95a5-8ff1a5c32338 for containerID=#56 failed. Corresponding entry not found.
2021-08-15 14:03:33,113 [EventQueue-DeleteBlockStatusForDeletedBlockLogImpl] DEBUG block.DeletedBlockLogImpl (DeletedBlockLogImpl.java:isTransactionFailed(278)) - Got block deletion ACK from datanode, TXIDs=28, success=true
2021-08-15 14:03:33,113 [EventQueue-DeleteBlockStatusForDeletedBlockLogImpl] DEBUG block.DeletedBlockLogImpl (DeletedBlockLogImpl.java:commitTransactions(224)) - Transaction txId=28 commit by dnId=0475d2c2-d46f-403e-95a5-8ff1a5c32338 for containerID=#28 failed. Corresponding entry not found.
2021-08-15 14:03:33,113 [EventQueue-DeleteBlockStatusForDeletedBlockLogImpl] DEBUG block.DeletedBlockLogImpl (DeletedBlockLogImpl.java:isTransactionFailed(278)) - Got block deletion ACK from datanode, TXIDs=29, success=true
2021-08-15 14:03:33,113 [EventQueue-DeleteBlockStatusForDeletedBlockLogImpl] DEBUG block.DeletedBlockLogImpl (DeletedBlockLogImpl.java:commitTransactions(224)) - Transaction txId=29 commit by dnId=0475d2c2-d46f-403e-95a5-8ff1a5c32338 for containerID=#29 failed. Corresponding entry not found.
2021-08-15 14:03:33,113 [EventQueue-DeleteBlockStatusForDeletedBlockLogImpl] DEBUG block.DeletedBlockLogImpl (DeletedBlockLogImpl.java:isTransactionFailed(278)) - Got block deletion ACK from datanode, TXIDs=30, success=true
2021-08-15 14:03:33,113 [EventQueue-DeleteBlockStatusForDeletedBlockLogImpl] DEBUG block.DeletedBlockLogImpl (DeletedBlockLogImpl.java:commitTransactions(224)) - Transaction txId=30 commit by dnId=0475d2c2-d46f-403e-95a5-8ff1a5c32338 for containerID=#30 failed. Corresponding entry not found.
2021-08-15 14:03:33,113 [EventQueue-DeleteBlockStatusForDeletedBlockLogImpl] DEBUG block.DeletedBlockLogImpl (DeletedBlockLogImpl.java:isTransactionFailed(278)) - Got block deletion ACK from datanode, TXIDs=31, success=true
2021-08-15 14:03:33,113 [EventQueue-DeleteBlockStatusForDeletedBlockLogImpl] DEBUG block.DeletedBlockLogImpl (DeletedBlockLogImpl.java:commitTransactions(224)) - Transaction txId=31 commit by dnId=0475d2c2-d46f-403e-95a5-8ff1a5c32338 for containerID=#31 failed. Corresponding entry not found.
2021-08-15 14:03:33,113 [EventQueue-DeleteBlockStatusForDeletedBlockLogImpl] DEBUG block.DeletedBlockLogImpl (DeletedBlockLogImpl.java:isTransactionFailed(278)) - Got block deletion ACK from datanode, TXIDs=32, success=true
2021-08-15 14:03:33,113 [EventQueue-DeleteBlockStatusForDeletedBlockLogImpl] DEBUG block.DeletedBlockLogImpl (DeletedBlockLogImpl.java:commitTransactions(224)) - Transaction txId=32 commit by dnId=0475d2c2-d46f-403e-95a5-8ff1a5c32338 for containerID=#32 failed. Corresponding entry not found.
2021-08-15 14:03:33,113 [EventQueue-DeleteBlockStatusForDeletedBlockLogImpl] DEBUG block.DeletedBlockLogImpl (DeletedBlockLogImpl.java:isTransactionFailed(278)) - Got block deletion ACK from datanode, TXIDs=33, success=true
2021-08-15 14:03:33,113 [EventQueue-DeleteBlockStatusForDeletedBlockLogImpl] DEBUG block.DeletedBlockLogImpl (DeletedBlockLogImpl.java:commitTransactions(224)) - Transaction txId=33 commit by dnId=0475d2c2-d46f-403e-95a5-8ff1a5c32338 for containerID=#33 failed. Corresponding entry not found.
2021-08-15 14:03:33,113 [EventQueue-DeleteBlockStatusForDeletedBlockLogImpl] DEBUG block.DeletedBlockLogImpl (DeletedBlockLogImpl.java:isTransactionFailed(278)) - Got block deletion ACK from datanode, TXIDs=34, success=true
2021-08-15 14:03:33,113 [EventQueue-DeleteBlockStatusForDeletedBlockLogImpl] DEBUG block.DeletedBlockLogImpl (DeletedBlockLogImpl.java:commitTransactions(224)) - Transaction txId=34 commit by dnId=0475d2c2-d46f-403e-95a5-8ff1a5c32338 for containerID=#34 failed. Corresponding entry not found.
2021-08-15 14:03:33,113 [EventQueue-DeleteBlockStatusForDeletedBlockLogImpl] DEBUG block.DeletedBlockLogImpl (DeletedBlockLogImpl.java:isTransactionFailed(278)) - Got block deletion ACK from datanode, TXIDs=35, success=true
2021-08-15 14:03:33,113 [EventQueue-DeleteBlockStatusForDeletedBlockLogImpl] DEBUG block.DeletedBlockLogImpl (DeletedBlockLogImpl.java:commitTransactions(224)) - Transaction txId=35 commit by dnId=0475d2c2-d46f-403e-95a5-8ff1a5c32338 for containerID=#35 failed. Corresponding entry not found.
2021-08-15 14:03:33,113 [EventQueue-DeleteBlockStatusForDeletedBlockLogImpl] DEBUG block.DeletedBlockLogImpl (DeletedBlockLogImpl.java:isTransactionFailed(278)) - Got block deletion ACK from datanode, TXIDs=36, success=true
2021-08-15 14:03:33,113 [EventQueue-DeleteBlockStatusForDeletedBlockLogImpl] DEBUG block.DeletedBlockLogImpl (DeletedBlockLogImpl.java:commitTransactions(224)) - Transaction txId=36 commit by dnId=0475d2c2-d46f-403e-95a5-8ff1a5c32338 for containerID=#36 failed. Corresponding entry not found.
2021-08-15 14:03:33,113 [EventQueue-DeleteBlockStatusForDeletedBlockLogImpl] DEBUG block.DeletedBlockLogImpl (DeletedBlockLogImpl.java:isTransactionFailed(278)) - Got block deletion ACK from datanode, TXIDs=37, success=true
2021-08-15 14:03:33,113 [EventQueue-DeleteBlockStatusForDeletedBlockLogImpl] DEBUG block.DeletedBlockLogImpl (DeletedBlockLogImpl.java:commitTransactions(224)) - Transaction txId=37 commit by dnId=0475d2c2-d46f-403e-95a5-8ff1a5c32338 for containerID=#37 failed. Corresponding entry not found.
2021-08-15 14:03:33,113 [EventQueue-DeleteBlockStatusForDeletedBlockLogImpl] DEBUG block.DeletedBlockLogImpl (DeletedBlockLogImpl.java:isTransactionFailed(278)) - Got block deletion ACK from datanode, TXIDs=38, success=true
2021-08-15 14:03:33,113 [EventQueue-DeleteBlockStatusForDeletedBlockLogImpl] DEBUG block.DeletedBlockLogImpl (DeletedBlockLogImpl.java:commitTransactions(224)) - Transaction txId=38 commit by dnId=0475d2c2-d46f-403e-95a5-8ff1a5c32338 for containerID=#38 failed. Corresponding entry not found.
2021-08-15 14:03:33,114 [EventQueue-DeleteBlockStatusForDeletedBlockLogImpl] DEBUG block.DeletedBlockLogImpl (DeletedBlockLogImpl.java:isTransactionFailed(278)) - Got block deletion ACK from datanode, TXIDs=39, success=true
2021-08-15 14:03:33,114 [EventQueue-DeleteBlockStatusForDeletedBlockLogImpl] DEBUG block.DeletedBlockLogImpl (DeletedBlockLogImpl.java:commitTransactions(224)) - Transaction txId=39 commit by dnId=0475d2c2-d46f-403e-95a5-8ff1a5c32338 for containerID=#39 failed. Corresponding entry not found.
2021-08-15 14:03:33,114 [EventQueue-DeleteBlockStatusForDeletedBlockLogImpl] DEBUG block.DeletedBlockLogImpl (DeletedBlockLogImpl.java:isTransactionFailed(278)) - Got block deletion ACK from datanode, TXIDs=40, success=true
2021-08-15 14:03:33,114 [EventQueue-DeleteBlockStatusForDeletedBlockLogImpl] DEBUG block.DeletedBlockLogImpl (DeletedBlockLogImpl.java:commitTransactions(224)) - Transaction txId=40 commit by dnId=0475d2c2-d46f-403e-95a5-8ff1a5c32338 for containerID=#40 failed. Corresponding entry not found.
2021-08-15 14:03:33,114 [EventQueue-DeleteBlockStatusForDeletedBlockLogImpl] DEBUG block.DeletedBlockLogImpl (DeletedBlockLogImpl.java:isTransactionFailed(278)) - Got block deletion ACK from datanode, TXIDs=41, success=true
2021-08-15 14:03:33,114 [EventQueue-DeleteBlockStatusForDeletedBlockLogImpl] DEBUG block.DeletedBlockLogImpl (DeletedBlockLogImpl.java:commitTransactions(224)) - Transaction txId=41 commit by dnId=0475d2c2-d46f-403e-95a5-8ff1a5c32338 for containerID=#41 failed. Corresponding entry not found.
2021-08-15 14:03:33,114 [EventQueue-DeleteBlockStatusForDeletedBlockLogImpl] DEBUG block.DeletedBlockLogImpl (DeletedBlockLogImpl.java:isTransactionFailed(278)) - Got block deletion ACK from datanode, TXIDs=42, success=true
2021-08-15 14:03:33,114 [EventQueue-DeleteBlockStatusForDeletedBlockLogImpl] DEBUG block.DeletedBlockLogImpl (DeletedBlockLogImpl.java:commitTransactions(224)) - Transaction txId=42 commit by dnId=0475d2c2-d46f-403e-95a5-8ff1a5c32338 for containerID=#42 failed. Corresponding entry not found.
2021-08-15 14:03:33,114 [EventQueue-DeleteBlockStatusForDeletedBlockLogImpl] DEBUG block.DeletedBlockLogImpl (DeletedBlockLogImpl.java:isTransactionFailed(278)) - Got block deletion ACK from datanode, TXIDs=43, success=true
2021-08-15 14:03:33,114 [EventQueue-DeleteBlockStatusForDeletedBlockLogImpl] DEBUG block.DeletedBlockLogImpl (DeletedBlockLogImpl.java:commitTransactions(224)) - Transaction txId=43 commit by dnId=0475d2c2-d46f-403e-95a5-8ff1a5c32338 for containerID=#43 failed. Corresponding entry not found.
2021-08-15 14:03:33,114 [EventQueue-DeleteBlockStatusForDeletedBlockLogImpl] DEBUG block.DeletedBlockLogImpl (DeletedBlockLogImpl.java:isTransactionFailed(278)) - Got block deletion ACK from datanode, TXIDs=44, success=true
2021-08-15 14:03:33,114 [EventQueue-DeleteBlockStatusForDeletedBlockLogImpl] DEBUG block.DeletedBlockLogImpl (DeletedBlockLogImpl.java:commitTransactions(224)) - Transaction txId=44 commit by dnId=0475d2c2-d46f-403e-95a5-8ff1a5c32338 for containerID=#44 failed. Corresponding entry not found.
2021-08-15 14:03:33,114 [EventQueue-DeleteBlockStatusForDeletedBlockLogImpl] DEBUG block.DeletedBlockLogImpl (DeletedBlockLogImpl.java:isTransactionFailed(278)) - Got block deletion ACK from datanode, TXIDs=45, success=true
2021-08-15 14:03:33,114 [EventQueue-DeleteBlockStatusForDeletedBlockLogImpl] DEBUG block.DeletedBlockLogImpl (DeletedBlockLogImpl.java:commitTransactions(224)) - Transaction txId=45 commit by dnId=0475d2c2-d46f-403e-95a5-8ff1a5c32338 for containerID=#45 failed. Corresponding entry not found.
2021-08-15 14:03:33,114 [EventQueue-DeleteBlockStatusForDeletedBlockLogImpl] DEBUG block.DeletedBlockLogImpl (DeletedBlockLogImpl.java:isTransactionFailed(278)) - Got block deletion ACK from datanode, TXIDs=46, success=true
2021-08-15 14:03:33,114 [EventQueue-DeleteBlockStatusForDeletedBlockLogImpl] DEBUG block.DeletedBlockLogImpl (DeletedBlockLogImpl.java:commitTransactions(224)) - Transaction txId=46 commit by dnId=0475d2c2-d46f-403e-95a5-8ff1a5c32338 for containerID=#46 failed. Corresponding entry not found.
2021-08-15 14:03:33,114 [EventQueue-DeleteBlockStatusForDeletedBlockLogImpl] DEBUG block.DeletedBlockLogImpl (DeletedBlockLogImpl.java:isTransactionFailed(278)) - Got block deletion ACK from datanode, TXIDs=47, success=true
2021-08-15 14:03:33,114 [EventQueue-DeleteBlockStatusForDeletedBlockLogImpl] DEBUG block.DeletedBlockLogImpl (DeletedBlockLogImpl.java:commitTransactions(224)) - Transaction txId=47 commit by dnId=0475d2c2-d46f-403e-95a5-8ff1a5c32338 for containerID=#47 failed. Corresponding entry not found.
2021-08-15 14:03:33,114 [EventQueue-DeleteBlockStatusForDeletedBlockLogImpl] DEBUG block.DeletedBlockLogImpl (DeletedBlockLogImpl.java:isTransactionFailed(278)) - Got block deletion ACK from datanode, TXIDs=48, success=true
2021-08-15 14:03:33,114 [EventQueue-DeleteBlockStatusForDeletedBlockLogImpl] DEBUG block.DeletedBlockLogImpl (DeletedBlockLogImpl.java:commitTransactions(224)) - Transaction txId=48 commit by dnId=0475d2c2-d46f-403e-95a5-8ff1a5c32338 for containerID=#48 failed. Corresponding entry not found.
2021-08-15 14:03:33,114 [EventQueue-DeleteBlockStatusForDeletedBlockLogImpl] DEBUG block.DeletedBlockLogImpl (DeletedBlockLogImpl.java:isTransactionFailed(278)) - Got block deletion ACK from datanode, TXIDs=49, success=true
2021-08-15 14:03:33,114 [EventQueue-DeleteBlockStatusForDeletedBlockLogImpl] DEBUG block.DeletedBlockLogImpl (DeletedBlockLogImpl.java:commitTransactions(224)) - Transaction txId=49 commit by dnId=0475d2c2-d46f-403e-95a5-8ff1a5c32338 for containerID=#49 failed. Corresponding entry not found.
2021-08-15 14:03:33,114 [EventQueue-DeleteBlockStatusForDeletedBlockLogImpl] DEBUG block.DeletedBlockLogImpl (DeletedBlockLogImpl.java:isTransactionFailed(278)) - Got block deletion ACK from datanode, TXIDs=50, success=true
2021-08-15 14:03:33,114 [EventQueue-DeleteBlockStatusForDeletedBlockLogImpl] DEBUG block.DeletedBlockLogImpl (DeletedBlockLogImpl.java:commitTransactions(224)) - Transaction txId=50 commit by dnId=0475d2c2-d46f-403e-95a5-8ff1a5c32338 for containerID=#50 failed. Corresponding entry not found.
2021-08-15 14:03:33,114 [EventQueue-DeleteBlockStatusForDeletedBlockLogImpl] DEBUG block.DeletedBlockLogImpl (DeletedBlockLogImpl.java:isTransactionFailed(278)) - Got block deletion ACK from datanode, TXIDs=51, success=true
2021-08-15 14:03:33,114 [EventQueue-DeleteBlockStatusForDeletedBlockLogImpl] DEBUG block.DeletedBlockLogImpl (DeletedBlockLogImpl.java:commitTransactions(224)) - Transaction txId=51 commit by dnId=0475d2c2-d46f-403e-95a5-8ff1a5c32338 for containerID=#51 failed. Corresponding entry not found.
2021-08-15 14:03:33,114 [EventQueue-DeleteBlockStatusForDeletedBlockLogImpl] DEBUG block.DeletedBlockLogImpl (DeletedBlockLogImpl.java:isTransactionFailed(278)) - Got block deletion ACK from datanode, TXIDs=52, success=true
2021-08-15 14:03:33,114 [EventQueue-DeleteBlockStatusForDeletedBlockLogImpl] DEBUG block.DeletedBlockLogImpl (DeletedBlockLogImpl.java:commitTransactions(224)) - Transaction txId=52 commit by dnId=0475d2c2-d46f-403e-95a5-8ff1a5c32338 for containerID=#52 failed. Corresponding entry not found.
2021-08-15 14:03:33,115 [EventQueue-DeleteBlockStatusForDeletedBlockLogImpl] DEBUG block.DeletedBlockLogImpl (DeletedBlockLogImpl.java:isTransactionFailed(278)) - Got block deletion ACK from datanode, TXIDs=53, success=true
2021-08-15 14:03:33,115 [EventQueue-DeleteBlockStatusForDeletedBlockLogImpl] DEBUG block.DeletedBlockLogImpl (DeletedBlockLogImpl.java:commitTransactions(224)) - Transaction txId=53 commit by dnId=0475d2c2-d46f-403e-95a5-8ff1a5c32338 for containerID=#53 failed. Corresponding entry not found.
2021-08-15 14:03:33,115 [EventQueue-DeleteBlockStatusForDeletedBlockLogImpl] DEBUG block.DeletedBlockLogImpl (DeletedBlockLogImpl.java:isTransactionFailed(278)) - Got block deletion ACK from datanode, TXIDs=54, success=true
2021-08-15 14:03:33,115 [EventQueue-DeleteBlockStatusForDeletedBlockLogImpl] DEBUG block.DeletedBlockLogImpl (DeletedBlockLogImpl.java:commitTransactions(224)) - Transaction txId=54 commit by dnId=0475d2c2-d46f-403e-95a5-8ff1a5c32338 for containerID=#54 failed. Corresponding entry not found.
2021-08-15 14:03:33,115 [EventQueue-DeleteBlockStatusForDeletedBlockLogImpl] DEBUG block.DeletedBlockLogImpl (DeletedBlockLogImpl.java:isTransactionFailed(278)) - Got block deletion ACK from datanode, TXIDs=55, success=true
2021-08-15 14:03:33,115 [EventQueue-DeleteBlockStatusForDeletedBlockLogImpl] DEBUG block.DeletedBlockLogImpl (DeletedBlockLogImpl.java:commitTransactions(224)) - Transaction txId=55 commit by dnId=0475d2c2-d46f-403e-95a5-8ff1a5c32338 for containerID=#55 failed. Corresponding entry not found.
2021-08-15 14:03:33,115 [EventQueue-DeleteBlockStatusForDeletedBlockLogImpl] DEBUG block.DeletedBlockLogImpl (DeletedBlockLogImpl.java:isTransactionFailed(278)) - Got block deletion ACK from datanode, TXIDs=56, success=true
2021-08-15 14:03:33,115 [EventQueue-DeleteBlockStatusForDeletedBlockLogImpl] DEBUG block.DeletedBlockLogImpl (DeletedBlockLogImpl.java:commitTransactions(224)) - Transaction txId=56 commit by dnId=0475d2c2-d46f-403e-95a5-8ff1a5c32338 for containerID=#56 failed. Corresponding entry not found.
2021-08-15 14:03:33,115 [EventQueue-DeleteBlockStatusForDeletedBlockLogImpl] DEBUG block.DeletedBlockLogImpl (DeletedBlockLogImpl.java:isTransactionFailed(278)) - Got block deletion ACK from datanode, TXIDs=28, success=true
2021-08-15 14:03:33,115 [EventQueue-DeleteBlockStatusForDeletedBlockLogImpl] DEBUG block.DeletedBlockLogImpl (DeletedBlockLogImpl.java:commitTransactions(224)) - Transaction txId=28 commit by dnId=0475d2c2-d46f-403e-95a5-8ff1a5c32338 for containerID=#28 failed. Corresponding entry not found.
2021-08-15 14:03:33,115 [EventQueue-DeleteBlockStatusForDeletedBlockLogImpl] DEBUG block.DeletedBlockLogImpl (DeletedBlockLogImpl.java:isTransactionFailed(278)) - Got block deletion ACK from datanode, TXIDs=29, success=true
2021-08-15 14:03:33,115 [EventQueue-DeleteBlockStatusForDeletedBlockLogImpl] DEBUG block.DeletedBlockLogImpl (DeletedBlockLogImpl.java:commitTransactions(224)) - Transaction txId=29 commit by dnId=0475d2c2-d46f-403e-95a5-8ff1a5c32338 for containerID=#29 failed. Corresponding entry not found.
2021-08-15 14:03:33,115 [EventQueue-DeleteBlockStatusForDeletedBlockLogImpl] DEBUG block.DeletedBlockLogImpl (DeletedBlockLogImpl.java:isTransactionFailed(278)) - Got block deletion ACK from datanode, TXIDs=30, success=true
2021-08-15 14:03:33,115 [EventQueue-DeleteBlockStatusForDeletedBlockLogImpl] DEBUG block.DeletedBlockLogImpl (DeletedBlockLogImpl.java:commitTransactions(224)) - Transaction txId=30 commit by dnId=0475d2c2-d46f-403e-95a5-8ff1a5c32338 for containerID=#30 failed. Corresponding entry not found.
2021-08-15 14:03:33,115 [EventQueue-DeleteBlockStatusForDeletedBlockLogImpl] DEBUG block.DeletedBlockLogImpl (DeletedBlockLogImpl.java:isTransactionFailed(278)) - Got block deletion ACK from datanode, TXIDs=31, success=true
2021-08-15 14:03:33,115 [EventQueue-DeleteBlockStatusForDeletedBlockLogImpl] DEBUG block.DeletedBlockLogImpl (DeletedBlockLogImpl.java:commitTransactions(224)) - Transaction txId=31 commit by dnId=0475d2c2-d46f-403e-95a5-8ff1a5c32338 for containerID=#31 failed. Corresponding entry not found.
2021-08-15 14:03:33,115 [EventQueue-DeleteBlockStatusForDeletedBlockLogImpl] DEBUG block.DeletedBlockLogImpl (DeletedBlockLogImpl.java:isTransactionFailed(278)) - Got block deletion ACK from datanode, TXIDs=32, success=true
2021-08-15 14:03:33,115 [EventQueue-DeleteBlockStatusForDeletedBlockLogImpl] DEBUG block.DeletedBlockLogImpl (DeletedBlockLogImpl.java:commitTransactions(224)) - Transaction txId=32 commit by dnId=0475d2c2-d46f-403e-95a5-8ff1a5c32338 for containerID=#32 failed. Corresponding entry not found.
2021-08-15 14:03:33,115 [EventQueue-DeleteBlockStatusForDeletedBlockLogImpl] DEBUG block.DeletedBlockLogImpl (DeletedBlockLogImpl.java:isTransactionFailed(278)) - Got block deletion ACK from datanode, TXIDs=33, success=true
2021-08-15 14:03:33,115 [EventQueue-DeleteBlockStatusForDeletedBlockLogImpl] DEBUG block.DeletedBlockLogImpl (DeletedBlockLogImpl.java:commitTransactions(224)) - Transaction txId=33 commit by dnId=0475d2c2-d46f-403e-95a5-8ff1a5c32338 for containerID=#33 failed. Corresponding entry not found.
2021-08-15 14:03:33,115 [EventQueue-DeleteBlockStatusForDeletedBlockLogImpl] DEBUG block.DeletedBlockLogImpl (DeletedBlockLogImpl.java:isTransactionFailed(278)) - Got block deletion ACK from datanode, TXIDs=34, success=true
2021-08-15 14:03:33,115 [EventQueue-DeleteBlockStatusForDeletedBlockLogImpl] DEBUG block.DeletedBlockLogImpl (DeletedBlockLogImpl.java:commitTransactions(224)) - Transaction txId=34 commit by dnId=0475d2c2-d46f-403e-95a5-8ff1a5c32338 for containerID=#34 failed. Corresponding entry not found.
2021-08-15 14:03:33,115 [EventQueue-DeleteBlockStatusForDeletedBlockLogImpl] DEBUG block.DeletedBlockLogImpl (DeletedBlockLogImpl.java:isTransactionFailed(278)) - Got block deletion ACK from datanode, TXIDs=35, success=true
2021-08-15 14:03:33,115 [EventQueue-DeleteBlockStatusForDeletedBlockLogImpl] DEBUG block.DeletedBlockLogImpl (DeletedBlockLogImpl.java:commitTransactions(224)) - Transaction txId=35 commit by dnId=0475d2c2-d46f-403e-95a5-8ff1a5c32338 for containerID=#35 failed. Corresponding entry not found.
2021-08-15 14:03:33,115 [EventQueue-DeleteBlockStatusForDeletedBlockLogImpl] DEBUG block.DeletedBlockLogImpl (DeletedBlockLogImpl.java:isTransactionFailed(278)) - Got block deletion ACK from datanode, TXIDs=36, success=true
2021-08-15 14:03:33,115 [EventQueue-DeleteBlockStatusForDeletedBlockLogImpl] DEBUG block.DeletedBlockLogImpl (DeletedBlockLogImpl.java:commitTransactions(224)) - Transaction txId=36 commit by dnId=0475d2c2-d46f-403e-95a5-8ff1a5c32338 for containerID=#36 failed. Corresponding entry not found.
2021-08-15 14:03:33,115 [EventQueue-DeleteBlockStatusForDeletedBlockLogImpl] DEBUG block.DeletedBlockLogImpl (DeletedBlockLogImpl.java:isTransactionFailed(278)) - Got block deletion ACK from datanode, TXIDs=37, success=true
2021-08-15 14:03:33,115 [EventQueue-DeleteBlockStatusForDeletedBlockLogImpl] DEBUG block.DeletedBlockLogImpl (DeletedBlockLogImpl.java:commitTransactions(224)) - Transaction txId=37 commit by dnId=0475d2c2-d46f-403e-95a5-8ff1a5c32338 for containerID=#37 failed. Corresponding entry not found.
2021-08-15 14:03:33,116 [EventQueue-DeleteBlockStatusForDeletedBlockLogImpl] DEBUG block.DeletedBlockLogImpl (DeletedBlockLogImpl.java:isTransactionFailed(278)) - Got block deletion ACK from datanode, TXIDs=38, success=true
2021-08-15 14:03:33,116 [EventQueue-DeleteBlockStatusForDeletedBlockLogImpl] DEBUG block.DeletedBlockLogImpl (DeletedBlockLogImpl.java:commitTransactions(224)) - Transaction txId=38 commit by dnId=0475d2c2-d46f-403e-95a5-8ff1a5c32338 for containerID=#38 failed. Corresponding entry not found.
2021-08-15 14:03:33,116 [EventQueue-DeleteBlockStatusForDeletedBlockLogImpl] DEBUG block.DeletedBlockLogImpl (DeletedBlockLogImpl.java:isTransactionFailed(278)) - Got block deletion ACK from datanode, TXIDs=39, success=true
2021-08-15 14:03:33,116 [EventQueue-DeleteBlockStatusForDeletedBlockLogImpl] DEBUG block.DeletedBlockLogImpl (DeletedBlockLogImpl.java:commitTransactions(224)) - Transaction txId=39 commit by dnId=0475d2c2-d46f-403e-95a5-8ff1a5c32338 for containerID=#39 failed. Corresponding entry not found.
2021-08-15 14:03:33,127 [EventQueue-DeleteBlockStatusForDeletedBlockLogImpl] DEBUG block.DeletedBlockLogImpl (DeletedBlockLogImpl.java:isTransactionFailed(278)) - Got block deletion ACK from datanode, TXIDs=40, success=true
2021-08-15 14:03:33,127 [EventQueue-DeleteBlockStatusForDeletedBlockLogImpl] DEBUG block.DeletedBlockLogImpl (DeletedBlockLogImpl.java:commitTransactions(224)) - Transaction txId=40 commit by dnId=0475d2c2-d46f-403e-95a5-8ff1a5c32338 for containerID=#40 failed. Corresponding entry not found.
2021-08-15 14:03:33,127 [EventQueue-DeleteBlockStatusForDeletedBlockLogImpl] DEBUG block.DeletedBlockLogImpl (DeletedBlockLogImpl.java:isTransactionFailed(278)) - Got block deletion ACK from datanode, TXIDs=41, success=true
2021-08-15 14:03:33,127 [EventQueue-DeleteBlockStatusForDeletedBlockLogImpl] DEBUG block.DeletedBlockLogImpl (DeletedBlockLogImpl.java:commitTransactions(224)) - Transaction txId=41 commit by dnId=0475d2c2-d46f-403e-95a5-8ff1a5c32338 for containerID=#41 failed. Corresponding entry not found.
2021-08-15 14:03:33,127 [EventQueue-DeleteBlockStatusForDeletedBlockLogImpl] DEBUG block.DeletedBlockLogImpl (DeletedBlockLogImpl.java:isTransactionFailed(278)) - Got block deletion ACK from datanode, TXIDs=42, success=true
2021-08-15 14:03:33,127 [EventQueue-DeleteBlockStatusForDeletedBlockLogImpl] DEBUG block.DeletedBlockLogImpl (DeletedBlockLogImpl.java:commitTransactions(224)) - Transaction txId=42 commit by dnId=0475d2c2-d46f-403e-95a5-8ff1a5c32338 for containerID=#42 failed. Corresponding entry not found.
2021-08-15 14:03:33,127 [EventQueue-DeleteBlockStatusForDeletedBlockLogImpl] DEBUG block.DeletedBlockLogImpl (DeletedBlockLogImpl.java:isTransactionFailed(278)) - Got block deletion ACK from datanode, TXIDs=43, success=true
2021-08-15 14:03:33,127 [EventQueue-DeleteBlockStatusForDeletedBlockLogImpl] DEBUG block.DeletedBlockLogImpl (DeletedBlockLogImpl.java:commitTransactions(224)) - Transaction txId=43 commit by dnId=0475d2c2-d46f-403e-95a5-8ff1a5c32338 for containerID=#43 failed. Corresponding entry not found.
2021-08-15 14:03:33,127 [EventQueue-DeleteBlockStatusForDeletedBlockLogImpl] DEBUG block.DeletedBlockLogImpl (DeletedBlockLogImpl.java:isTransactionFailed(278)) - Got block deletion ACK from datanode, TXIDs=44, success=true
2021-08-15 14:03:33,127 [EventQueue-DeleteBlockStatusForDeletedBlockLogImpl] DEBUG block.DeletedBlockLogImpl (DeletedBlockLogImpl.java:commitTransactions(224)) - Transaction txId=44 commit by dnId=0475d2c2-d46f-403e-95a5-8ff1a5c32338 for containerID=#44 failed. Corresponding entry not found.
2021-08-15 14:03:33,127 [EventQueue-DeleteBlockStatusForDeletedBlockLogImpl] DEBUG block.DeletedBlockLogImpl (DeletedBlockLogImpl.java:isTransactionFailed(278)) - Got block deletion ACK from datanode, TXIDs=45, success=true
2021-08-15 14:03:33,127 [EventQueue-DeleteBlockStatusForDeletedBlockLogImpl] DEBUG block.DeletedBlockLogImpl (DeletedBlockLogImpl.java:commitTransactions(224)) - Transaction txId=45 commit by dnId=0475d2c2-d46f-403e-95a5-8ff1a5c32338 for containerID=#45 failed. Corresponding entry not found.
2021-08-15 14:03:33,127 [EventQueue-DeleteBlockStatusForDeletedBlockLogImpl] DEBUG block.DeletedBlockLogImpl (DeletedBlockLogImpl.java:isTransactionFailed(278)) - Got block deletion ACK from datanode, TXIDs=46, success=true
2021-08-15 14:03:33,127 [EventQueue-DeleteBlockStatusForDeletedBlockLogImpl] DEBUG block.DeletedBlockLogImpl (DeletedBlockLogImpl.java:commitTransactions(224)) - Transaction txId=46 commit by dnId=0475d2c2-d46f-403e-95a5-8ff1a5c32338 for containerID=#46 failed. Corresponding entry not found.
2021-08-15 14:03:33,127 [EventQueue-DeleteBlockStatusForDeletedBlockLogImpl] DEBUG block.DeletedBlockLogImpl (DeletedBlockLogImpl.java:isTransactionFailed(278)) - Got block deletion ACK from datanode, TXIDs=47, success=true
2021-08-15 14:03:33,127 [EventQueue-DeleteBlockStatusForDeletedBlockLogImpl] DEBUG block.DeletedBlockLogImpl (DeletedBlockLogImpl.java:commitTransactions(224)) - Transaction txId=47 commit by dnId=0475d2c2-d46f-403e-95a5-8ff1a5c32338 for containerID=#47 failed. Corresponding entry not found.
2021-08-15 14:03:33,127 [EventQueue-DeleteBlockStatusForDeletedBlockLogImpl] DEBUG block.DeletedBlockLogImpl (DeletedBlockLogImpl.java:isTransactionFailed(278)) - Got block deletion ACK from datanode, TXIDs=48, success=true
2021-08-15 14:03:33,127 [EventQueue-DeleteBlockStatusForDeletedBlockLogImpl] DEBUG block.DeletedBlockLogImpl (DeletedBlockLogImpl.java:commitTransactions(224)) - Transaction txId=48 commit by dnId=0475d2c2-d46f-403e-95a5-8ff1a5c32338 for containerID=#48 failed. Corresponding entry not found.
2021-08-15 14:03:33,127 [EventQueue-DeleteBlockStatusForDeletedBlockLogImpl] DEBUG block.DeletedBlockLogImpl (DeletedBlockLogImpl.java:isTransactionFailed(278)) - Got block deletion ACK from datanode, TXIDs=49, success=true
2021-08-15 14:03:33,127 [EventQueue-DeleteBlockStatusForDeletedBlockLogImpl] DEBUG block.DeletedBlockLogImpl (DeletedBlockLogImpl.java:commitTransactions(224)) - Transaction txId=49 commit by dnId=0475d2c2-d46f-403e-95a5-8ff1a5c32338 for containerID=#49 failed. Corresponding entry not found.
2021-08-15 14:03:33,127 [EventQueue-DeleteBlockStatusForDeletedBlockLogImpl] DEBUG block.DeletedBlockLogImpl (DeletedBlockLogImpl.java:isTransactionFailed(278)) - Got block deletion ACK from datanode, TXIDs=50, success=true
2021-08-15 14:03:33,127 [EventQueue-DeleteBlockStatusForDeletedBlockLogImpl] DEBUG block.DeletedBlockLogImpl (DeletedBlockLogImpl.java:commitTransactions(224)) - Transaction txId=50 commit by dnId=0475d2c2-d46f-403e-95a5-8ff1a5c32338 for containerID=#50 failed. Corresponding entry not found.
2021-08-15 14:03:33,127 [EventQueue-DeleteBlockStatusForDeletedBlockLogImpl] DEBUG block.DeletedBlockLogImpl (DeletedBlockLogImpl.java:isTransactionFailed(278)) - Got block deletion ACK from datanode, TXIDs=51, success=true
2021-08-15 14:03:33,127 [EventQueue-DeleteBlockStatusForDeletedBlockLogImpl] DEBUG block.DeletedBlockLogImpl (DeletedBlockLogImpl.java:commitTransactions(224)) - Transaction txId=51 commit by dnId=0475d2c2-d46f-403e-95a5-8ff1a5c32338 for containerID=#51 failed. Corresponding entry not found.
2021-08-15 14:03:33,127 [EventQueue-DeleteBlockStatusForDeletedBlockLogImpl] DEBUG block.DeletedBlockLogImpl (DeletedBlockLogImpl.java:isTransactionFailed(278)) - Got block deletion ACK from datanode, TXIDs=52, success=true
2021-08-15 14:03:33,127 [EventQueue-DeleteBlockStatusForDeletedBlockLogImpl] DEBUG block.DeletedBlockLogImpl (DeletedBlockLogImpl.java:commitTransactions(224)) - Transaction txId=52 commit by dnId=0475d2c2-d46f-403e-95a5-8ff1a5c32338 for containerID=#52 failed. Corresponding entry not found.
2021-08-15 14:03:33,128 [EventQueue-DeleteBlockStatusForDeletedBlockLogImpl] DEBUG block.DeletedBlockLogImpl (DeletedBlockLogImpl.java:isTransactionFailed(278)) - Got block deletion ACK from datanode, TXIDs=53, success=true
2021-08-15 14:03:33,128 [EventQueue-DeleteBlockStatusForDeletedBlockLogImpl] DEBUG block.DeletedBlockLogImpl (DeletedBlockLogImpl.java:commitTransactions(224)) - Transaction txId=53 commit by dnId=0475d2c2-d46f-403e-95a5-8ff1a5c32338 for containerID=#53 failed. Corresponding entry not found.
2021-08-15 14:03:33,128 [EventQueue-DeleteBlockStatusForDeletedBlockLogImpl] DEBUG block.DeletedBlockLogImpl (DeletedBlockLogImpl.java:isTransactionFailed(278)) - Got block deletion ACK from datanode, TXIDs=54, success=true
2021-08-15 14:03:33,128 [EventQueue-DeleteBlockStatusForDeletedBlockLogImpl] DEBUG block.DeletedBlockLogImpl (DeletedBlockLogImpl.java:commitTransactions(224)) - Transaction txId=54 commit by dnId=0475d2c2-d46f-403e-95a5-8ff1a5c32338 for containerID=#54 failed. Corresponding entry not found.
2021-08-15 14:03:33,128 [EventQueue-DeleteBlockStatusForDeletedBlockLogImpl] DEBUG block.DeletedBlockLogImpl (DeletedBlockLogImpl.java:isTransactionFailed(278)) - Got block deletion ACK from datanode, TXIDs=55, success=true
2021-08-15 14:03:33,128 [EventQueue-DeleteBlockStatusForDeletedBlockLogImpl] DEBUG block.DeletedBlockLogImpl (DeletedBlockLogImpl.java:commitTransactions(224)) - Transaction txId=55 commit by dnId=0475d2c2-d46f-403e-95a5-8ff1a5c32338 for containerID=#55 failed. Corresponding entry not found.
2021-08-15 14:03:33,128 [EventQueue-DeleteBlockStatusForDeletedBlockLogImpl] DEBUG block.DeletedBlockLogImpl (DeletedBlockLogImpl.java:isTransactionFailed(278)) - Got block deletion ACK from datanode, TXIDs=56, success=true
2021-08-15 14:03:33,128 [EventQueue-DeleteBlockStatusForDeletedBlockLogImpl] DEBUG block.DeletedBlockLogImpl (DeletedBlockLogImpl.java:commitTransactions(224)) - Transaction txId=56 commit by dnId=0475d2c2-d46f-403e-95a5-8ff1a5c32338 for containerID=#56 failed. Corresponding entry not found.
2021-08-15 14:03:33,128 [EventQueue-DeleteBlockStatusForDeletedBlockLogImpl] DEBUG block.DeletedBlockLogImpl (DeletedBlockLogImpl.java:isTransactionFailed(278)) - Got block deletion ACK from datanode, TXIDs=28, success=true
2021-08-15 14:03:33,128 [EventQueue-DeleteBlockStatusForDeletedBlockLogImpl] DEBUG block.DeletedBlockLogImpl (DeletedBlockLogImpl.java:commitTransactions(224)) - Transaction txId=28 commit by dnId=0475d2c2-d46f-403e-95a5-8ff1a5c32338 for containerID=#28 failed. Corresponding entry not found.
2021-08-15 14:03:33,128 [EventQueue-DeleteBlockStatusForDeletedBlockLogImpl] DEBUG block.DeletedBlockLogImpl (DeletedBlockLogImpl.java:isTransactionFailed(278)) - Got block deletion ACK from datanode, TXIDs=29, success=true
2021-08-15 14:03:33,128 [EventQueue-DeleteBlockStatusForDeletedBlockLogImpl] DEBUG block.DeletedBlockLogImpl (DeletedBlockLogImpl.java:commitTransactions(224)) - Transaction txId=29 commit by dnId=0475d2c2-d46f-403e-95a5-8ff1a5c32338 for containerID=#29 failed. Corresponding entry not found.
2021-08-15 14:03:33,128 [EventQueue-DeleteBlockStatusForDeletedBlockLogImpl] DEBUG block.DeletedBlockLogImpl (DeletedBlockLogImpl.java:isTransactionFailed(278)) - Got block deletion ACK from datanode, TXIDs=30, success=true
2021-08-15 14:03:33,128 [EventQueue-DeleteBlockStatusForDeletedBlockLogImpl] DEBUG block.DeletedBlockLogImpl (DeletedBlockLogImpl.java:commitTransactions(224)) - Transaction txId=30 commit by dnId=0475d2c2-d46f-403e-95a5-8ff1a5c32338 for containerID=#30 failed. Corresponding entry not found.
2021-08-15 14:03:33,128 [EventQueue-DeleteBlockStatusForDeletedBlockLogImpl] DEBUG block.DeletedBlockLogImpl (DeletedBlockLogImpl.java:isTransactionFailed(278)) - Got block deletion ACK from datanode, TXIDs=31, success=true
2021-08-15 14:03:33,128 [EventQueue-DeleteBlockStatusForDeletedBlockLogImpl] DEBUG block.DeletedBlockLogImpl (DeletedBlockLogImpl.java:commitTransactions(224)) - Transaction txId=31 commit by dnId=0475d2c2-d46f-403e-95a5-8ff1a5c32338 for containerID=#31 failed. Corresponding entry not found.
2021-08-15 14:03:33,128 [EventQueue-DeleteBlockStatusForDeletedBlockLogImpl] DEBUG block.DeletedBlockLogImpl (DeletedBlockLogImpl.java:isTransactionFailed(278)) - Got block deletion ACK from datanode, TXIDs=32, success=true
2021-08-15 14:03:33,128 [EventQueue-DeleteBlockStatusForDeletedBlockLogImpl] DEBUG block.DeletedBlockLogImpl (DeletedBlockLogImpl.java:commitTransactions(224)) - Transaction txId=32 commit by dnId=0475d2c2-d46f-403e-95a5-8ff1a5c32338 for containerID=#32 failed. Corresponding entry not found.
2021-08-15 14:03:33,128 [EventQueue-DeleteBlockStatusForDeletedBlockLogImpl] DEBUG block.DeletedBlockLogImpl (DeletedBlockLogImpl.java:isTransactionFailed(278)) - Got block deletion ACK from datanode, TXIDs=33, success=true
2021-08-15 14:03:33,128 [EventQueue-DeleteBlockStatusForDeletedBlockLogImpl] DEBUG block.DeletedBlockLogImpl (DeletedBlockLogImpl.java:commitTransactions(224)) - Transaction txId=33 commit by dnId=0475d2c2-d46f-403e-95a5-8ff1a5c32338 for containerID=#33 failed. Corresponding entry not found.
2021-08-15 14:03:33,128 [EventQueue-DeleteBlockStatusForDeletedBlockLogImpl] DEBUG block.DeletedBlockLogImpl (DeletedBlockLogImpl.java:isTransactionFailed(278)) - Got block deletion ACK from datanode, TXIDs=34, success=true
2021-08-15 14:03:33,128 [EventQueue-DeleteBlockStatusForDeletedBlockLogImpl] DEBUG block.DeletedBlockLogImpl (DeletedBlockLogImpl.java:commitTransactions(224)) - Transaction txId=34 commit by dnId=0475d2c2-d46f-403e-95a5-8ff1a5c32338 for containerID=#34 failed. Corresponding entry not found.
2021-08-15 14:03:33,128 [EventQueue-DeleteBlockStatusForDeletedBlockLogImpl] DEBUG block.DeletedBlockLogImpl (DeletedBlockLogImpl.java:isTransactionFailed(278)) - Got block deletion ACK from datanode, TXIDs=35, success=true
2021-08-15 14:03:33,128 [EventQueue-DeleteBlockStatusForDeletedBlockLogImpl] DEBUG block.DeletedBlockLogImpl (DeletedBlockLogImpl.java:commitTransactions(224)) - Transaction txId=35 commit by dnId=0475d2c2-d46f-403e-95a5-8ff1a5c32338 for containerID=#35 failed. Corresponding entry not found.
2021-08-15 14:03:33,128 [EventQueue-DeleteBlockStatusForDeletedBlockLogImpl] DEBUG block.DeletedBlockLogImpl (DeletedBlockLogImpl.java:isTransactionFailed(278)) - Got block deletion ACK from datanode, TXIDs=36, success=true
2021-08-15 14:03:33,128 [EventQueue-DeleteBlockStatusForDeletedBlockLogImpl] DEBUG block.DeletedBlockLogImpl (DeletedBlockLogImpl.java:commitTransactions(224)) - Transaction txId=36 commit by dnId=0475d2c2-d46f-403e-95a5-8ff1a5c32338 for containerID=#36 failed. Corresponding entry not found.
2021-08-15 14:03:33,128 [EventQueue-DeleteBlockStatusForDeletedBlockLogImpl] DEBUG block.DeletedBlockLogImpl (DeletedBlockLogImpl.java:isTransactionFailed(278)) - Got block deletion ACK from datanode, TXIDs=37, success=true
2021-08-15 14:03:33,129 [EventQueue-DeleteBlockStatusForDeletedBlockLogImpl] DEBUG block.DeletedBlockLogImpl (DeletedBlockLogImpl.java:commitTransactions(224)) - Transaction txId=37 commit by dnId=0475d2c2-d46f-403e-95a5-8ff1a5c32338 for containerID=#37 failed. Corresponding entry not found.
2021-08-15 14:03:33,129 [EventQueue-DeleteBlockStatusForDeletedBlockLogImpl] DEBUG block.DeletedBlockLogImpl (DeletedBlockLogImpl.java:isTransactionFailed(278)) - Got block deletion ACK from datanode, TXIDs=38, success=true
2021-08-15 14:03:33,129 [EventQueue-DeleteBlockStatusForDeletedBlockLogImpl] DEBUG block.DeletedBlockLogImpl (DeletedBlockLogImpl.java:commitTransactions(224)) - Transaction txId=38 commit by dnId=0475d2c2-d46f-403e-95a5-8ff1a5c32338 for containerID=#38 failed. Corresponding entry not found.
2021-08-15 14:03:33,129 [EventQueue-DeleteBlockStatusForDeletedBlockLogImpl] DEBUG block.DeletedBlockLogImpl (DeletedBlockLogImpl.java:isTransactionFailed(278)) - Got block deletion ACK from datanode, TXIDs=39, success=true
2021-08-15 14:03:33,129 [EventQueue-DeleteBlockStatusForDeletedBlockLogImpl] DEBUG block.DeletedBlockLogImpl (DeletedBlockLogImpl.java:commitTransactions(224)) - Transaction txId=39 commit by dnId=0475d2c2-d46f-403e-95a5-8ff1a5c32338 for containerID=#39 failed. Corresponding entry not found.
2021-08-15 14:03:33,129 [EventQueue-DeleteBlockStatusForDeletedBlockLogImpl] DEBUG block.DeletedBlockLogImpl (DeletedBlockLogImpl.java:isTransactionFailed(278)) - Got block deletion ACK from datanode, TXIDs=40, success=true
2021-08-15 14:03:33,129 [EventQueue-DeleteBlockStatusForDeletedBlockLogImpl] DEBUG block.DeletedBlockLogImpl (DeletedBlockLogImpl.java:commitTransactions(224)) - Transaction txId=40 commit by dnId=0475d2c2-d46f-403e-95a5-8ff1a5c32338 for containerID=#40 failed. Corresponding entry not found.
2021-08-15 14:03:33,129 [EventQueue-DeleteBlockStatusForDeletedBlockLogImpl] DEBUG block.DeletedBlockLogImpl (DeletedBlockLogImpl.java:isTransactionFailed(278)) - Got block deletion ACK from datanode, TXIDs=41, success=true
2021-08-15 14:03:33,129 [EventQueue-DeleteBlockStatusForDeletedBlockLogImpl] DEBUG block.DeletedBlockLogImpl (DeletedBlockLogImpl.java:commitTransactions(224)) - Transaction txId=41 commit by dnId=0475d2c2-d46f-403e-95a5-8ff1a5c32338 for containerID=#41 failed. Corresponding entry not found.
2021-08-15 14:03:33,129 [EventQueue-DeleteBlockStatusForDeletedBlockLogImpl] DEBUG block.DeletedBlockLogImpl (DeletedBlockLogImpl.java:isTransactionFailed(278)) - Got block deletion ACK from datanode, TXIDs=42, success=true
2021-08-15 14:03:33,129 [EventQueue-DeleteBlockStatusForDeletedBlockLogImpl] DEBUG block.DeletedBlockLogImpl (DeletedBlockLogImpl.java:commitTransactions(224)) - Transaction txId=42 commit by dnId=0475d2c2-d46f-403e-95a5-8ff1a5c32338 for containerID=#42 failed. Corresponding entry not found.
2021-08-15 14:03:33,129 [EventQueue-DeleteBlockStatusForDeletedBlockLogImpl] DEBUG block.DeletedBlockLogImpl (DeletedBlockLogImpl.java:isTransactionFailed(278)) - Got block deletion ACK from datanode, TXIDs=43, success=true
2021-08-15 14:03:33,129 [EventQueue-DeleteBlockStatusForDeletedBlockLogImpl] DEBUG block.DeletedBlockLogImpl (DeletedBlockLogImpl.java:commitTransactions(224)) - Transaction txId=43 commit by dnId=0475d2c2-d46f-403e-95a5-8ff1a5c32338 for containerID=#43 failed. Corresponding entry not found.
2021-08-15 14:03:33,129 [EventQueue-DeleteBlockStatusForDeletedBlockLogImpl] DEBUG block.DeletedBlockLogImpl (DeletedBlockLogImpl.java:isTransactionFailed(278)) - Got block deletion ACK from datanode, TXIDs=44, success=true
2021-08-15 14:03:33,129 [EventQueue-DeleteBlockStatusForDeletedBlockLogImpl] DEBUG block.DeletedBlockLogImpl (DeletedBlockLogImpl.java:commitTransactions(224)) - Transaction txId=44 commit by dnId=0475d2c2-d46f-403e-95a5-8ff1a5c32338 for containerID=#44 failed. Corresponding entry not found.
2021-08-15 14:03:33,129 [EventQueue-DeleteBlockStatusForDeletedBlockLogImpl] DEBUG block.DeletedBlockLogImpl (DeletedBlockLogImpl.java:isTransactionFailed(278)) - Got block deletion ACK from datanode, TXIDs=45, success=true
2021-08-15 14:03:33,129 [EventQueue-DeleteBlockStatusForDeletedBlockLogImpl] DEBUG block.DeletedBlockLogImpl (DeletedBlockLogImpl.java:commitTransactions(224)) - Transaction txId=45 commit by dnId=0475d2c2-d46f-403e-95a5-8ff1a5c32338 for containerID=#45 failed. Corresponding entry not found.
2021-08-15 14:03:33,129 [EventQueue-DeleteBlockStatusForDeletedBlockLogImpl] DEBUG block.DeletedBlockLogImpl (DeletedBlockLogImpl.java:isTransactionFailed(278)) - Got block deletion ACK from datanode, TXIDs=46, success=true
2021-08-15 14:03:33,129 [EventQueue-DeleteBlockStatusForDeletedBlockLogImpl] DEBUG block.DeletedBlockLogImpl (DeletedBlockLogImpl.java:commitTransactions(224)) - Transaction txId=46 commit by dnId=0475d2c2-d46f-403e-95a5-8ff1a5c32338 for containerID=#46 failed. Corresponding entry not found.
2021-08-15 14:03:33,129 [EventQueue-DeleteBlockStatusForDeletedBlockLogImpl] DEBUG block.DeletedBlockLogImpl (DeletedBlockLogImpl.java:isTransactionFailed(278)) - Got block deletion ACK from datanode, TXIDs=47, success=true
2021-08-15 14:03:33,129 [EventQueue-DeleteBlockStatusForDeletedBlockLogImpl] DEBUG block.DeletedBlockLogImpl (DeletedBlockLogImpl.java:commitTransactions(224)) - Transaction txId=47 commit by dnId=0475d2c2-d46f-403e-95a5-8ff1a5c32338 for containerID=#47 failed. Corresponding entry not found.
2021-08-15 14:03:33,129 [EventQueue-DeleteBlockStatusForDeletedBlockLogImpl] DEBUG block.DeletedBlockLogImpl (DeletedBlockLogImpl.java:isTransactionFailed(278)) - Got block deletion ACK from datanode, TXIDs=48, success=true
2021-08-15 14:03:33,129 [EventQueue-DeleteBlockStatusForDeletedBlockLogImpl] DEBUG block.DeletedBlockLogImpl (DeletedBlockLogImpl.java:commitTransactions(224)) - Transaction txId=48 commit by dnId=0475d2c2-d46f-403e-95a5-8ff1a5c32338 for containerID=#48 failed. Corresponding entry not found.
2021-08-15 14:03:33,129 [EventQueue-DeleteBlockStatusForDeletedBlockLogImpl] DEBUG block.DeletedBlockLogImpl (DeletedBlockLogImpl.java:isTransactionFailed(278)) - Got block deletion ACK from datanode, TXIDs=49, success=true
2021-08-15 14:03:33,129 [EventQueue-DeleteBlockStatusForDeletedBlockLogImpl] DEBUG block.DeletedBlockLogImpl (DeletedBlockLogImpl.java:commitTransactions(224)) - Transaction txId=49 commit by dnId=0475d2c2-d46f-403e-95a5-8ff1a5c32338 for containerID=#49 failed. Corresponding entry not found.
2021-08-15 14:03:33,129 [EventQueue-DeleteBlockStatusForDeletedBlockLogImpl] DEBUG block.DeletedBlockLogImpl (DeletedBlockLogImpl.java:isTransactionFailed(278)) - Got block deletion ACK from datanode, TXIDs=50, success=true
2021-08-15 14:03:33,129 [EventQueue-DeleteBlockStatusForDeletedBlockLogImpl] DEBUG block.DeletedBlockLogImpl (DeletedBlockLogImpl.java:commitTransactions(224)) - Transaction txId=50 commit by dnId=0475d2c2-d46f-403e-95a5-8ff1a5c32338 for containerID=#50 failed. Corresponding entry not found.
2021-08-15 14:03:33,129 [EventQueue-DeleteBlockStatusForDeletedBlockLogImpl] DEBUG block.DeletedBlockLogImpl (DeletedBlockLogImpl.java:isTransactionFailed(278)) - Got block deletion ACK from datanode, TXIDs=51, success=true
2021-08-15 14:03:33,130 [EventQueue-DeleteBlockStatusForDeletedBlockLogImpl] DEBUG block.DeletedBlockLogImpl (DeletedBlockLogImpl.java:commitTransactions(224)) - Transaction txId=51 commit by dnId=0475d2c2-d46f-403e-95a5-8ff1a5c32338 for containerID=#51 failed. Corresponding entry not found.
2021-08-15 14:03:33,130 [EventQueue-DeleteBlockStatusForDeletedBlockLogImpl] DEBUG block.DeletedBlockLogImpl (DeletedBlockLogImpl.java:isTransactionFailed(278)) - Got block deletion ACK from datanode, TXIDs=52, success=true
2021-08-15 14:03:33,130 [EventQueue-DeleteBlockStatusForDeletedBlockLogImpl] DEBUG block.DeletedBlockLogImpl (DeletedBlockLogImpl.java:commitTransactions(224)) - Transaction txId=52 commit by dnId=0475d2c2-d46f-403e-95a5-8ff1a5c32338 for containerID=#52 failed. Corresponding entry not found.
2021-08-15 14:03:33,130 [EventQueue-DeleteBlockStatusForDeletedBlockLogImpl] DEBUG block.DeletedBlockLogImpl (DeletedBlockLogImpl.java:isTransactionFailed(278)) - Got block deletion ACK from datanode, TXIDs=53, success=true
2021-08-15 14:03:33,130 [EventQueue-DeleteBlockStatusForDeletedBlockLogImpl] DEBUG block.DeletedBlockLogImpl (DeletedBlockLogImpl.java:commitTransactions(224)) - Transaction txId=53 commit by dnId=0475d2c2-d46f-403e-95a5-8ff1a5c32338 for containerID=#53 failed. Corresponding entry not found.
2021-08-15 14:03:33,130 [EventQueue-DeleteBlockStatusForDeletedBlockLogImpl] DEBUG block.DeletedBlockLogImpl (DeletedBlockLogImpl.java:isTransactionFailed(278)) - Got block deletion ACK from datanode, TXIDs=54, success=true
2021-08-15 14:03:33,131 [EventQueue-DeleteBlockStatusForDeletedBlockLogImpl] DEBUG block.DeletedBlockLogImpl (DeletedBlockLogImpl.java:commitTransactions(224)) - Transaction txId=54 commit by dnId=0475d2c2-d46f-403e-95a5-8ff1a5c32338 for containerID=#54 failed. Corresponding entry not found.
2021-08-15 14:03:33,131 [EventQueue-DeleteBlockStatusForDeletedBlockLogImpl] DEBUG block.DeletedBlockLogImpl (DeletedBlockLogImpl.java:isTransactionFailed(278)) - Got block deletion ACK from datanode, TXIDs=55, success=true
2021-08-15 14:03:33,131 [EventQueue-DeleteBlockStatusForDeletedBlockLogImpl] DEBUG block.DeletedBlockLogImpl (DeletedBlockLogImpl.java:commitTransactions(224)) - Transaction txId=55 commit by dnId=0475d2c2-d46f-403e-95a5-8ff1a5c32338 for containerID=#55 failed. Corresponding entry not found.
2021-08-15 14:03:33,131 [EventQueue-DeleteBlockStatusForDeletedBlockLogImpl] DEBUG block.DeletedBlockLogImpl (DeletedBlockLogImpl.java:isTransactionFailed(278)) - Got block deletion ACK from datanode, TXIDs=56, success=true
2021-08-15 14:03:33,131 [EventQueue-DeleteBlockStatusForDeletedBlockLogImpl] DEBUG block.DeletedBlockLogImpl (DeletedBlockLogImpl.java:commitTransactions(224)) - Transaction txId=56 commit by dnId=0475d2c2-d46f-403e-95a5-8ff1a5c32338 for containerID=#56 failed. Corresponding entry not found.
2021-08-15 14:03:33,131 [EventQueue-DeleteBlockStatusForDeletedBlockLogImpl] DEBUG block.DeletedBlockLogImpl (DeletedBlockLogImpl.java:isTransactionFailed(278)) - Got block deletion ACK from datanode, TXIDs=28, success=true
2021-08-15 14:03:33,131 [EventQueue-DeleteBlockStatusForDeletedBlockLogImpl] DEBUG block.DeletedBlockLogImpl (DeletedBlockLogImpl.java:commitTransactions(224)) - Transaction txId=28 commit by dnId=0475d2c2-d46f-403e-95a5-8ff1a5c32338 for containerID=#28 failed. Corresponding entry not found.
2021-08-15 14:03:33,131 [EventQueue-DeleteBlockStatusForDeletedBlockLogImpl] DEBUG block.DeletedBlockLogImpl (DeletedBlockLogImpl.java:isTransactionFailed(278)) - Got block deletion ACK from datanode, TXIDs=29, success=true
2021-08-15 14:03:33,131 [EventQueue-DeleteBlockStatusForDeletedBlockLogImpl] DEBUG block.DeletedBlockLogImpl (DeletedBlockLogImpl.java:commitTransactions(224)) - Transaction txId=29 commit by dnId=0475d2c2-d46f-403e-95a5-8ff1a5c32338 for containerID=#29 failed. Corresponding entry not found.
2021-08-15 14:03:33,131 [EventQueue-DeleteBlockStatusForDeletedBlockLogImpl] DEBUG block.DeletedBlockLogImpl (DeletedBlockLogImpl.java:isTransactionFailed(278)) - Got block deletion ACK from datanode, TXIDs=30, success=true
2021-08-15 14:03:33,131 [EventQueue-DeleteBlockStatusForDeletedBlockLogImpl] DEBUG block.DeletedBlockLogImpl (DeletedBlockLogImpl.java:commitTransactions(224)) - Transaction txId=30 commit by dnId=0475d2c2-d46f-403e-95a5-8ff1a5c32338 for containerID=#30 failed. Corresponding entry not found.
2021-08-15 14:03:33,131 [EventQueue-DeleteBlockStatusForDeletedBlockLogImpl] DEBUG block.DeletedBlockLogImpl (DeletedBlockLogImpl.java:isTransactionFailed(278)) - Got block deletion ACK from datanode, TXIDs=31, success=true
2021-08-15 14:03:33,131 [EventQueue-DeleteBlockStatusForDeletedBlockLogImpl] DEBUG block.DeletedBlockLogImpl (DeletedBlockLogImpl.java:commitTransactions(224)) - Transaction txId=31 commit by dnId=0475d2c2-d46f-403e-95a5-8ff1a5c32338 for containerID=#31 failed. Corresponding entry not found.
2021-08-15 14:03:33,131 [EventQueue-DeleteBlockStatusForDeletedBlockLogImpl] DEBUG block.DeletedBlockLogImpl (DeletedBlockLogImpl.java:isTransactionFailed(278)) - Got block deletion ACK from datanode, TXIDs=32, success=true
2021-08-15 14:03:33,131 [EventQueue-DeleteBlockStatusForDeletedBlockLogImpl] DEBUG block.DeletedBlockLogImpl (DeletedBlockLogImpl.java:commitTransactions(224)) - Transaction txId=32 commit by dnId=0475d2c2-d46f-403e-95a5-8ff1a5c32338 for containerID=#32 failed. Corresponding entry not found.
2021-08-15 14:03:33,131 [EventQueue-DeleteBlockStatusForDeletedBlockLogImpl] DEBUG block.DeletedBlockLogImpl (DeletedBlockLogImpl.java:isTransactionFailed(278)) - Got block deletion ACK from datanode, TXIDs=33, success=true
2021-08-15 14:03:33,131 [EventQueue-DeleteBlockStatusForDeletedBlockLogImpl] DEBUG block.DeletedBlockLogImpl (DeletedBlockLogImpl.java:commitTransactions(224)) - Transaction txId=33 commit by dnId=0475d2c2-d46f-403e-95a5-8ff1a5c32338 for containerID=#33 failed. Corresponding entry not found.
2021-08-15 14:03:33,131 [EventQueue-DeleteBlockStatusForDeletedBlockLogImpl] DEBUG block.DeletedBlockLogImpl (DeletedBlockLogImpl.java:isTransactionFailed(278)) - Got block deletion ACK from datanode, TXIDs=34, success=true
2021-08-15 14:03:33,131 [EventQueue-DeleteBlockStatusForDeletedBlockLogImpl] DEBUG block.DeletedBlockLogImpl (DeletedBlockLogImpl.java:commitTransactions(224)) - Transaction txId=34 commit by dnId=0475d2c2-d46f-403e-95a5-8ff1a5c32338 for containerID=#34 failed. Corresponding entry not found.
2021-08-15 14:03:33,131 [EventQueue-DeleteBlockStatusForDeletedBlockLogImpl] DEBUG block.DeletedBlockLogImpl (DeletedBlockLogImpl.java:isTransactionFailed(278)) - Got block deletion ACK from datanode, TXIDs=35, success=true
2021-08-15 14:03:33,131 [EventQueue-DeleteBlockStatusForDeletedBlockLogImpl] DEBUG block.DeletedBlockLogImpl (DeletedBlockLogImpl.java:commitTransactions(224)) - Transaction txId=35 commit by dnId=0475d2c2-d46f-403e-95a5-8ff1a5c32338 for containerID=#35 failed. Corresponding entry not found.
2021-08-15 14:03:33,131 [EventQueue-DeleteBlockStatusForDeletedBlockLogImpl] DEBUG block.DeletedBlockLogImpl (DeletedBlockLogImpl.java:isTransactionFailed(278)) - Got block deletion ACK from datanode, TXIDs=36, success=true
2021-08-15 14:03:33,131 [EventQueue-DeleteBlockStatusForDeletedBlockLogImpl] DEBUG block.DeletedBlockLogImpl (DeletedBlockLogImpl.java:commitTransactions(224)) - Transaction txId=36 commit by dnId=0475d2c2-d46f-403e-95a5-8ff1a5c32338 for containerID=#36 failed. Corresponding entry not found.
2021-08-15 14:03:33,131 [EventQueue-DeleteBlockStatusForDeletedBlockLogImpl] DEBUG block.DeletedBlockLogImpl (DeletedBlockLogImpl.java:isTransactionFailed(278)) - Got block deletion ACK from datanode, TXIDs=37, success=true
2021-08-15 14:03:33,131 [EventQueue-DeleteBlockStatusForDeletedBlockLogImpl] DEBUG block.DeletedBlockLogImpl (DeletedBlockLogImpl.java:commitTransactions(224)) - Transaction txId=37 commit by dnId=0475d2c2-d46f-403e-95a5-8ff1a5c32338 for containerID=#37 failed. Corresponding entry not found.
2021-08-15 14:03:33,132 [EventQueue-DeleteBlockStatusForDeletedBlockLogImpl] DEBUG block.DeletedBlockLogImpl (DeletedBlockLogImpl.java:isTransactionFailed(278)) - Got block deletion ACK from datanode, TXIDs=38, success=true
2021-08-15 14:03:33,132 [EventQueue-DeleteBlockStatusForDeletedBlockLogImpl] DEBUG block.DeletedBlockLogImpl (DeletedBlockLogImpl.java:commitTransactions(224)) - Transaction txId=38 commit by dnId=0475d2c2-d46f-403e-95a5-8ff1a5c32338 for containerID=#38 failed. Corresponding entry not found.
2021-08-15 14:03:33,132 [EventQueue-DeleteBlockStatusForDeletedBlockLogImpl] DEBUG block.DeletedBlockLogImpl (DeletedBlockLogImpl.java:isTransactionFailed(278)) - Got block deletion ACK from datanode, TXIDs=39, success=true
2021-08-15 14:03:33,132 [EventQueue-DeleteBlockStatusForDeletedBlockLogImpl] DEBUG block.DeletedBlockLogImpl (DeletedBlockLogImpl.java:commitTransactions(224)) - Transaction txId=39 commit by dnId=0475d2c2-d46f-403e-95a5-8ff1a5c32338 for containerID=#39 failed. Corresponding entry not found.
2021-08-15 14:03:33,132 [EventQueue-DeleteBlockStatusForDeletedBlockLogImpl] DEBUG block.DeletedBlockLogImpl (DeletedBlockLogImpl.java:isTransactionFailed(278)) - Got block deletion ACK from datanode, TXIDs=40, success=true
2021-08-15 14:03:33,132 [EventQueue-DeleteBlockStatusForDeletedBlockLogImpl] DEBUG block.DeletedBlockLogImpl (DeletedBlockLogImpl.java:commitTransactions(224)) - Transaction txId=40 commit by dnId=0475d2c2-d46f-403e-95a5-8ff1a5c32338 for containerID=#40 failed. Corresponding entry not found.
2021-08-15 14:03:33,132 [EventQueue-DeleteBlockStatusForDeletedBlockLogImpl] DEBUG block.DeletedBlockLogImpl (DeletedBlockLogImpl.java:isTransactionFailed(278)) - Got block deletion ACK from datanode, TXIDs=41, success=true
2021-08-15 14:03:33,132 [EventQueue-DeleteBlockStatusForDeletedBlockLogImpl] DEBUG block.DeletedBlockLogImpl (DeletedBlockLogImpl.java:commitTransactions(224)) - Transaction txId=41 commit by dnId=0475d2c2-d46f-403e-95a5-8ff1a5c32338 for containerID=#41 failed. Corresponding entry not found.
2021-08-15 14:03:33,132 [EventQueue-DeleteBlockStatusForDeletedBlockLogImpl] DEBUG block.DeletedBlockLogImpl (DeletedBlockLogImpl.java:isTransactionFailed(278)) - Got block deletion ACK from datanode, TXIDs=42, success=true
2021-08-15 14:03:33,132 [EventQueue-DeleteBlockStatusForDeletedBlockLogImpl] DEBUG block.DeletedBlockLogImpl (DeletedBlockLogImpl.java:commitTransactions(224)) - Transaction txId=42 commit by dnId=0475d2c2-d46f-403e-95a5-8ff1a5c32338 for containerID=#42 failed. Corresponding entry not found.
2021-08-15 14:03:33,132 [EventQueue-DeleteBlockStatusForDeletedBlockLogImpl] DEBUG block.DeletedBlockLogImpl (DeletedBlockLogImpl.java:isTransactionFailed(278)) - Got block deletion ACK from datanode, TXIDs=43, success=true
2021-08-15 14:03:33,132 [EventQueue-DeleteBlockStatusForDeletedBlockLogImpl] DEBUG block.DeletedBlockLogImpl (DeletedBlockLogImpl.java:commitTransactions(224)) - Transaction txId=43 commit by dnId=0475d2c2-d46f-403e-95a5-8ff1a5c32338 for containerID=#43 failed. Corresponding entry not found.
2021-08-15 14:03:33,132 [EventQueue-DeleteBlockStatusForDeletedBlockLogImpl] DEBUG block.DeletedBlockLogImpl (DeletedBlockLogImpl.java:isTransactionFailed(278)) - Got block deletion ACK from datanode, TXIDs=44, success=true
2021-08-15 14:03:33,132 [EventQueue-DeleteBlockStatusForDeletedBlockLogImpl] DEBUG block.DeletedBlockLogImpl (DeletedBlockLogImpl.java:commitTransactions(224)) - Transaction txId=44 commit by dnId=0475d2c2-d46f-403e-95a5-8ff1a5c32338 for containerID=#44 failed. Corresponding entry not found.
2021-08-15 14:03:33,132 [EventQueue-DeleteBlockStatusForDeletedBlockLogImpl] DEBUG block.DeletedBlockLogImpl (DeletedBlockLogImpl.java:isTransactionFailed(278)) - Got block deletion ACK from datanode, TXIDs=45, success=true
2021-08-15 14:03:33,132 [EventQueue-DeleteBlockStatusForDeletedBlockLogImpl] DEBUG block.DeletedBlockLogImpl (DeletedBlockLogImpl.java:commitTransactions(224)) - Transaction txId=45 commit by dnId=0475d2c2-d46f-403e-95a5-8ff1a5c32338 for containerID=#45 failed. Corresponding entry not found.
2021-08-15 14:03:33,132 [EventQueue-DeleteBlockStatusForDeletedBlockLogImpl] DEBUG block.DeletedBlockLogImpl (DeletedBlockLogImpl.java:isTransactionFailed(278)) - Got block deletion ACK from datanode, TXIDs=46, success=true
2021-08-15 14:03:33,132 [EventQueue-DeleteBlockStatusForDeletedBlockLogImpl] DEBUG block.DeletedBlockLogImpl (DeletedBlockLogImpl.java:commitTransactions(224)) - Transaction txId=46 commit by dnId=0475d2c2-d46f-403e-95a5-8ff1a5c32338 for containerID=#46 failed. Corresponding entry not found.
2021-08-15 14:03:33,132 [EventQueue-DeleteBlockStatusForDeletedBlockLogImpl] DEBUG block.DeletedBlockLogImpl (DeletedBlockLogImpl.java:isTransactionFailed(278)) - Got block deletion ACK from datanode, TXIDs=47, success=true
2021-08-15 14:03:33,132 [EventQueue-DeleteBlockStatusForDeletedBlockLogImpl] DEBUG block.DeletedBlockLogImpl (DeletedBlockLogImpl.java:commitTransactions(224)) - Transaction txId=47 commit by dnId=0475d2c2-d46f-403e-95a5-8ff1a5c32338 for containerID=#47 failed. Corresponding entry not found.
2021-08-15 14:03:33,132 [EventQueue-DeleteBlockStatusForDeletedBlockLogImpl] DEBUG block.DeletedBlockLogImpl (DeletedBlockLogImpl.java:isTransactionFailed(278)) - Got block deletion ACK from datanode, TXIDs=48, success=true
2021-08-15 14:03:33,132 [EventQueue-DeleteBlockStatusForDeletedBlockLogImpl] DEBUG block.DeletedBlockLogImpl (DeletedBlockLogImpl.java:commitTransactions(224)) - Transaction txId=48 commit by dnId=0475d2c2-d46f-403e-95a5-8ff1a5c32338 for containerID=#48 failed. Corresponding entry not found.
2021-08-15 14:03:33,132 [EventQueue-DeleteBlockStatusForDeletedBlockLogImpl] DEBUG block.DeletedBlockLogImpl (DeletedBlockLogImpl.java:isTransactionFailed(278)) - Got block deletion ACK from datanode, TXIDs=49, success=true
2021-08-15 14:03:33,132 [EventQueue-DeleteBlockStatusForDeletedBlockLogImpl] DEBUG block.DeletedBlockLogImpl (DeletedBlockLogImpl.java:commitTransactions(224)) - Transaction txId=49 commit by dnId=0475d2c2-d46f-403e-95a5-8ff1a5c32338 for containerID=#49 failed. Corresponding entry not found.
2021-08-15 14:03:33,132 [EventQueue-DeleteBlockStatusForDeletedBlockLogImpl] DEBUG block.DeletedBlockLogImpl (DeletedBlockLogImpl.java:isTransactionFailed(278)) - Got block deletion ACK from datanode, TXIDs=50, success=true
2021-08-15 14:03:33,133 [EventQueue-DeleteBlockStatusForDeletedBlockLogImpl] DEBUG block.DeletedBlockLogImpl (DeletedBlockLogImpl.java:commitTransactions(224)) - Transaction txId=50 commit by dnId=0475d2c2-d46f-403e-95a5-8ff1a5c32338 for containerID=#50 failed. Corresponding entry not found.
2021-08-15 14:03:33,133 [EventQueue-DeleteBlockStatusForDeletedBlockLogImpl] DEBUG block.DeletedBlockLogImpl (DeletedBlockLogImpl.java:isTransactionFailed(278)) - Got block deletion ACK from datanode, TXIDs=51, success=true
2021-08-15 14:03:33,133 [EventQueue-DeleteBlockStatusForDeletedBlockLogImpl] DEBUG block.DeletedBlockLogImpl (DeletedBlockLogImpl.java:commitTransactions(224)) - Transaction txId=51 commit by dnId=0475d2c2-d46f-403e-95a5-8ff1a5c32338 for containerID=#51 failed. Corresponding entry not found.
2021-08-15 14:03:33,133 [EventQueue-DeleteBlockStatusForDeletedBlockLogImpl] DEBUG block.DeletedBlockLogImpl (DeletedBlockLogImpl.java:isTransactionFailed(278)) - Got block deletion ACK from datanode, TXIDs=52, success=true
2021-08-15 14:03:33,133 [EventQueue-DeleteBlockStatusForDeletedBlockLogImpl] DEBUG block.DeletedBlockLogImpl (DeletedBlockLogImpl.java:commitTransactions(224)) - Transaction txId=52 commit by dnId=0475d2c2-d46f-403e-95a5-8ff1a5c32338 for containerID=#52 failed. Corresponding entry not found.
2021-08-15 14:03:33,133 [EventQueue-DeleteBlockStatusForDeletedBlockLogImpl] DEBUG block.DeletedBlockLogImpl (DeletedBlockLogImpl.java:isTransactionFailed(278)) - Got block deletion ACK from datanode, TXIDs=53, success=true
2021-08-15 14:03:33,133 [EventQueue-DeleteBlockStatusForDeletedBlockLogImpl] DEBUG block.DeletedBlockLogImpl (DeletedBlockLogImpl.java:commitTransactions(224)) - Transaction txId=53 commit by dnId=0475d2c2-d46f-403e-95a5-8ff1a5c32338 for containerID=#53 failed. Corresponding entry not found.
2021-08-15 14:03:33,133 [EventQueue-DeleteBlockStatusForDeletedBlockLogImpl] DEBUG block.DeletedBlockLogImpl (DeletedBlockLogImpl.java:isTransactionFailed(278)) - Got block deletion ACK from datanode, TXIDs=54, success=true
2021-08-15 14:03:33,133 [EventQueue-DeleteBlockStatusForDeletedBlockLogImpl] DEBUG block.DeletedBlockLogImpl (DeletedBlockLogImpl.java:commitTransactions(224)) - Transaction txId=54 commit by dnId=0475d2c2-d46f-403e-95a5-8ff1a5c32338 for containerID=#54 failed. Corresponding entry not found.
2021-08-15 14:03:33,133 [EventQueue-DeleteBlockStatusForDeletedBlockLogImpl] DEBUG block.DeletedBlockLogImpl (DeletedBlockLogImpl.java:isTransactionFailed(278)) - Got block deletion ACK from datanode, TXIDs=55, success=true
2021-08-15 14:03:33,133 [EventQueue-DeleteBlockStatusForDeletedBlockLogImpl] DEBUG block.DeletedBlockLogImpl (DeletedBlockLogImpl.java:commitTransactions(224)) - Transaction txId=55 commit by dnId=0475d2c2-d46f-403e-95a5-8ff1a5c32338 for containerID=#55 failed. Corresponding entry not found.
2021-08-15 14:03:33,133 [EventQueue-DeleteBlockStatusForDeletedBlockLogImpl] DEBUG block.DeletedBlockLogImpl (DeletedBlockLogImpl.java:isTransactionFailed(278)) - Got block deletion ACK from datanode, TXIDs=56, success=true
2021-08-15 14:03:33,133 [EventQueue-DeleteBlockStatusForDeletedBlockLogImpl] DEBUG block.DeletedBlockLogImpl (DeletedBlockLogImpl.java:commitTransactions(224)) - Transaction txId=56 commit by dnId=0475d2c2-d46f-403e-95a5-8ff1a5c32338 for containerID=#56 failed. Corresponding entry not found.
2021-08-15 14:03:33,180 [SCMBlockDeletingService#0] DEBUG block.SCMBlockDeletingService (SCMBlockDeletingService.java:call(133)) - Running DeletedBlockTransactionScanner
2021-08-15 14:03:33,280 [SCMBlockDeletingService#0] DEBUG block.SCMBlockDeletingService (SCMBlockDeletingService.java:call(133)) - Running DeletedBlockTransactionScanner
2021-08-15 14:03:33,381 [SCMBlockDeletingService#0] DEBUG block.SCMBlockDeletingService (SCMBlockDeletingService.java:call(133)) - Running DeletedBlockTransactionScanner
2021-08-15 14:03:33,456 [org.apache.hadoop.ozone.container.common.statemachine.commandhandler.DeleteBlocksCommandHandler$DeleteCmdWorker@4162775a] INFO  commandhandler.DeleteBlocksCommandHandler (DeleteBlocksCommandHandler.java:processCmd(261)) - Start to delete container blocks, TXIDs=[17(0),18(0),19(0),20(0),21(0),22(0),23(0),24(0),25(0),26(0),27(0),28(0),29(0),30(0),31(0),32(0),33(0),34(0),35(0),36(0),37(0),38(0),39(0),40(0),41(0),42(0),43(0),44(0),45(0),46(0),47(0),48(0),49(0),50(0),51(0),52(0),53(0),54(0),55(0),56(0)], numOfContainers=40, numOfBlocks=40
2021-08-15 14:03:33,457 [org.apache.hadoop.ozone.container.common.statemachine.commandhandler.DeleteBlocksCommandHandler$DeleteCmdWorker@4162775a] INFO  commandhandler.DeleteBlocksCommandHandler (DeleteBlocksCommandHandler.java:processCmd(261)) - Start to delete container blocks, TXIDs=[17(0),18(0),19(0),20(0),21(0),22(0),23(0),24(0),25(0),26(0),27(0),28(0),29(0),30(0),31(0),32(0),33(0),34(0),35(0),36(0),37(0),38(0),39(0),40(0),41(0),42(0),43(0),44(0),45(0),46(0),47(0),48(0),49(0),50(0),51(0),52(0),53(0),54(0),55(0),56(0)], numOfContainers=40, numOfBlocks=40
2021-08-15 14:03:33,457 [org.apache.hadoop.ozone.container.common.statemachine.commandhandler.DeleteBlocksCommandHandler$DeleteCmdWorker@4162775a] INFO  commandhandler.DeleteBlocksCommandHandler (DeleteBlocksCommandHandler.java:processCmd(261)) - Start to delete container blocks, TXIDs=[17(0),18(0),19(0),20(0),21(0),22(0),23(0),24(0),25(0),26(0),27(0),28(0),29(0),30(0),31(0),32(0),33(0),34(0),35(0),36(0),37(0),38(0),39(0),40(0),41(0),42(0),43(0),44(0),45(0),46(0),47(0),48(0),49(0),50(0),51(0),52(0),53(0),54(0),55(0),56(0)], numOfContainers=40, numOfBlocks=40
2021-08-15 14:03:33,457 [org.apache.hadoop.ozone.container.common.statemachine.commandhandler.DeleteBlocksCommandHandler$DeleteCmdWorker@4162775a] INFO  commandhandler.DeleteBlocksCommandHandler (DeleteBlocksCommandHandler.java:processCmd(261)) - Start to delete container blocks, TXIDs=[17(0),18(0),19(0),20(0),21(0),22(0),23(0),24(0),25(0),26(0),27(0),28(0),29(0),30(0),31(0),32(0),33(0),34(0),35(0),36(0),37(0),38(0),39(0),40(0),41(0),42(0),43(0),44(0),45(0),46(0),47(0),48(0),49(0),50(0),51(0),52(0),53(0),54(0),55(0),56(0)], numOfContainers=40, numOfBlocks=40
2021-08-15 14:03:33,457 [org.apache.hadoop.ozone.container.common.statemachine.commandhandler.DeleteBlocksCommandHandler$DeleteCmdWorker@4162775a] INFO  commandhandler.DeleteBlocksCommandHandler (DeleteBlocksCommandHandler.java:processCmd(261)) - Start to delete container blocks, TXIDs=[17(0),18(0),19(0),20(0),21(0),22(0),23(0),24(0),25(0),26(0),27(0),28(0),29(0),30(0),31(0),32(0),33(0),34(0),35(0),36(0),37(0),38(0),39(0),40(0),41(0),42(0),43(0),44(0),45(0),46(0),47(0),48(0),49(0),50(0),51(0),52(0),53(0),54(0),55(0),56(0)], numOfContainers=40, numOfBlocks=40
2021-08-15 14:03:33,458 [org.apache.hadoop.ozone.container.common.statemachine.commandhandler.DeleteBlocksCommandHandler$DeleteCmdWorker@4162775a] INFO  commandhandler.DeleteBlocksCommandHandler (DeleteBlocksCommandHandler.java:processCmd(261)) - Start to delete container blocks, TXIDs=[17(0),18(0),19(0),20(0),21(0),22(0),23(0),24(0),25(0),26(0),27(0),28(0),29(0),30(0),31(0),32(0),33(0),34(0),35(0),36(0),37(0),38(0),39(0),40(0),41(0),42(0),43(0),44(0),45(0),46(0),47(0),48(0),49(0),50(0),51(0),52(0),53(0),54(0),55(0),56(0)], numOfContainers=40, numOfBlocks=40
2021-08-15 14:03:33,458 [org.apache.hadoop.ozone.container.common.statemachine.commandhandler.DeleteBlocksCommandHandler$DeleteCmdWorker@4162775a] INFO  commandhandler.DeleteBlocksCommandHandler (DeleteBlocksCommandHandler.java:processCmd(261)) - Start to delete container blocks, TXIDs=[17(0),18(0),19(0),20(0),21(0),22(0),23(0),24(0),25(0),26(0),27(0),28(0),29(0),30(0),31(0),32(0),33(0),34(0),35(0),36(0),37(0),38(0),39(0),40(0),41(0),42(0),43(0),44(0),45(0),46(0),47(0),48(0),49(0),50(0),51(0),52(0),53(0),54(0),55(0),56(0)], numOfContainers=40, numOfBlocks=40
2021-08-15 14:03:33,459 [org.apache.hadoop.ozone.container.common.statemachine.commandhandler.DeleteBlocksCommandHandler$DeleteCmdWorker@4162775a] INFO  commandhandler.DeleteBlocksCommandHandler (DeleteBlocksCommandHandler.java:processCmd(261)) - Start to delete container blocks, TXIDs=[17(0),18(0),19(0),20(0),21(0),22(0),23(0),24(0),25(0),26(0),27(0),28(0),29(0),30(0),31(0),32(0),33(0),34(0),35(0),36(0),37(0),38(0),39(0),40(0),41(0),42(0),43(0),44(0),45(0),46(0),47(0),48(0),49(0),50(0),51(0),52(0),53(0),54(0),55(0),56(0)], numOfContainers=40, numOfBlocks=40
2021-08-15 14:03:33,459 [org.apache.hadoop.ozone.container.common.statemachine.commandhandler.DeleteBlocksCommandHandler$DeleteCmdWorker@4162775a] INFO  commandhandler.DeleteBlocksCommandHandler (DeleteBlocksCommandHandler.java:processCmd(261)) - Start to delete container blocks, TXIDs=[17(0),18(0),19(0),20(0),21(0),22(0),23(0),24(0),25(0),26(0),27(0),28(0),29(0),30(0),31(0),32(0),33(0),34(0),35(0),36(0),37(0),38(0),39(0),40(0),41(0),42(0),43(0),44(0),45(0),46(0),47(0),48(0),49(0),50(0),51(0),52(0),53(0),54(0),55(0),56(0)], numOfContainers=40, numOfBlocks=40
2021-08-15 14:03:33,459 [org.apache.hadoop.ozone.container.common.statemachine.commandhandler.DeleteBlocksCommandHandler$DeleteCmdWorker@4162775a] INFO  commandhandler.DeleteBlocksCommandHandler (DeleteBlocksCommandHandler.java:processCmd(261)) - Start to delete container blocks, TXIDs=[17(0),18(0),19(0),20(0),21(0),22(0),23(0),24(0),25(0),26(0),27(0),28(0),29(0),30(0),31(0),32(0),33(0),34(0),35(0),36(0),37(0),38(0),39(0),40(0),41(0),42(0),43(0),44(0),45(0),46(0),47(0),48(0),49(0),50(0),51(0),52(0),53(0),54(0),55(0),56(0)], numOfContainers=40, numOfBlocks=40
2021-08-15 14:03:33,460 [org.apache.hadoop.ozone.container.common.statemachine.commandhandler.DeleteBlocksCommandHandler$DeleteCmdWorker@4162775a] INFO  commandhandler.DeleteBlocksCommandHandler (DeleteBlocksCommandHandler.java:processCmd(261)) - Start to delete container blocks, TXIDs=[17(0),18(0),19(0),20(0),21(0),22(0),23(0),24(0),25(0),26(0),27(0),28(0),29(0),30(0),31(0),32(0),33(0),34(0),35(0),36(0),37(0),38(0),39(0),40(0),41(0),42(0),43(0),44(0),45(0),46(0),47(0),48(0),49(0),50(0),51(0),52(0),53(0),54(0),55(0),56(0)], numOfContainers=40, numOfBlocks=40
2021-08-15 14:03:33,460 [org.apache.hadoop.ozone.container.common.statemachine.commandhandler.DeleteBlocksCommandHandler$DeleteCmdWorker@4162775a] INFO  commandhandler.DeleteBlocksCommandHandler (DeleteBlocksCommandHandler.java:processCmd(261)) - Start to delete container blocks, TXIDs=[17(0),18(0),19(0),20(0),21(0),22(0),23(0),24(0),25(0),26(0),27(0),28(0),29(0),30(0),31(0),32(0),33(0),34(0),35(0),36(0),37(0),38(0),39(0),40(0),41(0),42(0),43(0),44(0),45(0),46(0),47(0),48(0),49(0),50(0),51(0),52(0),53(0),54(0),55(0),56(0)], numOfContainers=40, numOfBlocks=40
2021-08-15 14:03:33,481 [SCMBlockDeletingService#0] DEBUG block.SCMBlockDeletingService (SCMBlockDeletingService.java:call(133)) - Running DeletedBlockTransactionScanner
2021-08-15 14:03:33,551 [EventQueue-DeleteBlockStatusForDeletedBlockLogImpl] DEBUG block.DeletedBlockLogImpl (DeletedBlockLogImpl.java:isTransactionFailed(278)) - Got block deletion ACK from datanode, TXIDs=17, success=true
2021-08-15 14:03:33,557 [EventQueue-DeleteBlockStatusForDeletedBlockLogImpl] DEBUG block.DeletedBlockLogImpl (DeletedBlockLogImpl.java:commitTransactions(224)) - Transaction txId=17 commit by dnId=f89ecde1-abfa-4530-92e2-4a065b7725ea for containerID=#17 failed. Corresponding entry not found.
2021-08-15 14:03:33,557 [EventQueue-DeleteBlockStatusForDeletedBlockLogImpl] DEBUG block.DeletedBlockLogImpl (DeletedBlockLogImpl.java:isTransactionFailed(278)) - Got block deletion ACK from datanode, TXIDs=18, success=true
2021-08-15 14:03:33,557 [EventQueue-DeleteBlockStatusForDeletedBlockLogImpl] DEBUG block.DeletedBlockLogImpl (DeletedBlockLogImpl.java:commitTransactions(224)) - Transaction txId=18 commit by dnId=f89ecde1-abfa-4530-92e2-4a065b7725ea for containerID=#18 failed. Corresponding entry not found.
2021-08-15 14:03:33,557 [EventQueue-DeleteBlockStatusForDeletedBlockLogImpl] DEBUG block.DeletedBlockLogImpl (DeletedBlockLogImpl.java:isTransactionFailed(278)) - Got block deletion ACK from datanode, TXIDs=19, success=true
2021-08-15 14:03:33,557 [EventQueue-DeleteBlockStatusForDeletedBlockLogImpl] DEBUG block.DeletedBlockLogImpl (DeletedBlockLogImpl.java:commitTransactions(224)) - Transaction txId=19 commit by dnId=f89ecde1-abfa-4530-92e2-4a065b7725ea for containerID=#19 failed. Corresponding entry not found.
2021-08-15 14:03:33,557 [EventQueue-DeleteBlockStatusForDeletedBlockLogImpl] DEBUG block.DeletedBlockLogImpl (DeletedBlockLogImpl.java:isTransactionFailed(278)) - Got block deletion ACK from datanode, TXIDs=20, success=true
2021-08-15 14:03:33,557 [EventQueue-DeleteBlockStatusForDeletedBlockLogImpl] DEBUG block.DeletedBlockLogImpl (DeletedBlockLogImpl.java:commitTransactions(224)) - Transaction txId=20 commit by dnId=f89ecde1-abfa-4530-92e2-4a065b7725ea for containerID=#20 failed. Corresponding entry not found.
2021-08-15 14:03:33,557 [EventQueue-DeleteBlockStatusForDeletedBlockLogImpl] DEBUG block.DeletedBlockLogImpl (DeletedBlockLogImpl.java:isTransactionFailed(278)) - Got block deletion ACK from datanode, TXIDs=21, success=true
2021-08-15 14:03:33,557 [EventQueue-DeleteBlockStatusForDeletedBlockLogImpl] DEBUG block.DeletedBlockLogImpl (DeletedBlockLogImpl.java:commitTransactions(224)) - Transaction txId=21 commit by dnId=f89ecde1-abfa-4530-92e2-4a065b7725ea for containerID=#21 failed. Corresponding entry not found.
2021-08-15 14:03:33,557 [EventQueue-DeleteBlockStatusForDeletedBlockLogImpl] DEBUG block.DeletedBlockLogImpl (DeletedBlockLogImpl.java:isTransactionFailed(278)) - Got block deletion ACK from datanode, TXIDs=22, success=true
2021-08-15 14:03:33,557 [EventQueue-DeleteBlockStatusForDeletedBlockLogImpl] DEBUG block.DeletedBlockLogImpl (DeletedBlockLogImpl.java:commitTransactions(224)) - Transaction txId=22 commit by dnId=f89ecde1-abfa-4530-92e2-4a065b7725ea for containerID=#22 failed. Corresponding entry not found.
2021-08-15 14:03:33,557 [EventQueue-DeleteBlockStatusForDeletedBlockLogImpl] DEBUG block.DeletedBlockLogImpl (DeletedBlockLogImpl.java:isTransactionFailed(278)) - Got block deletion ACK from datanode, TXIDs=23, success=true
2021-08-15 14:03:33,557 [EventQueue-DeleteBlockStatusForDeletedBlockLogImpl] DEBUG block.DeletedBlockLogImpl (DeletedBlockLogImpl.java:commitTransactions(224)) - Transaction txId=23 commit by dnId=f89ecde1-abfa-4530-92e2-4a065b7725ea for containerID=#23 failed. Corresponding entry not found.
2021-08-15 14:03:33,557 [EventQueue-DeleteBlockStatusForDeletedBlockLogImpl] DEBUG block.DeletedBlockLogImpl (DeletedBlockLogImpl.java:isTransactionFailed(278)) - Got block deletion ACK from datanode, TXIDs=24, success=true
2021-08-15 14:03:33,557 [EventQueue-DeleteBlockStatusForDeletedBlockLogImpl] DEBUG block.DeletedBlockLogImpl (DeletedBlockLogImpl.java:commitTransactions(224)) - Transaction txId=24 commit by dnId=f89ecde1-abfa-4530-92e2-4a065b7725ea for containerID=#24 failed. Corresponding entry not found.
2021-08-15 14:03:33,557 [EventQueue-DeleteBlockStatusForDeletedBlockLogImpl] DEBUG block.DeletedBlockLogImpl (DeletedBlockLogImpl.java:isTransactionFailed(278)) - Got block deletion ACK from datanode, TXIDs=25, success=true
2021-08-15 14:03:33,557 [EventQueue-DeleteBlockStatusForDeletedBlockLogImpl] DEBUG block.DeletedBlockLogImpl (DeletedBlockLogImpl.java:commitTransactions(224)) - Transaction txId=25 commit by dnId=f89ecde1-abfa-4530-92e2-4a065b7725ea for containerID=#25 failed. Corresponding entry not found.
2021-08-15 14:03:33,557 [EventQueue-DeleteBlockStatusForDeletedBlockLogImpl] DEBUG block.DeletedBlockLogImpl (DeletedBlockLogImpl.java:isTransactionFailed(278)) - Got block deletion ACK from datanode, TXIDs=26, success=true
2021-08-15 14:03:33,557 [EventQueue-DeleteBlockStatusForDeletedBlockLogImpl] DEBUG block.DeletedBlockLogImpl (DeletedBlockLogImpl.java:commitTransactions(224)) - Transaction txId=26 commit by dnId=f89ecde1-abfa-4530-92e2-4a065b7725ea for containerID=#26 failed. Corresponding entry not found.
2021-08-15 14:03:33,557 [EventQueue-DeleteBlockStatusForDeletedBlockLogImpl] DEBUG block.DeletedBlockLogImpl (DeletedBlockLogImpl.java:isTransactionFailed(278)) - Got block deletion ACK from datanode, TXIDs=27, success=true
2021-08-15 14:03:33,557 [EventQueue-DeleteBlockStatusForDeletedBlockLogImpl] DEBUG block.DeletedBlockLogImpl (DeletedBlockLogImpl.java:commitTransactions(224)) - Transaction txId=27 commit by dnId=f89ecde1-abfa-4530-92e2-4a065b7725ea for containerID=#27 failed. Corresponding entry not found.
2021-08-15 14:03:33,557 [EventQueue-DeleteBlockStatusForDeletedBlockLogImpl] DEBUG block.DeletedBlockLogImpl (DeletedBlockLogImpl.java:isTransactionFailed(278)) - Got block deletion ACK from datanode, TXIDs=28, success=true
2021-08-15 14:03:33,557 [EventQueue-DeleteBlockStatusForDeletedBlockLogImpl] DEBUG block.DeletedBlockLogImpl (DeletedBlockLogImpl.java:commitTransactions(224)) - Transaction txId=28 commit by dnId=f89ecde1-abfa-4530-92e2-4a065b7725ea for containerID=#28 failed. Corresponding entry not found.
2021-08-15 14:03:33,557 [EventQueue-DeleteBlockStatusForDeletedBlockLogImpl] DEBUG block.DeletedBlockLogImpl (DeletedBlockLogImpl.java:isTransactionFailed(278)) - Got block deletion ACK from datanode, TXIDs=29, success=true
2021-08-15 14:03:33,557 [EventQueue-DeleteBlockStatusForDeletedBlockLogImpl] DEBUG block.DeletedBlockLogImpl (DeletedBlockLogImpl.java:commitTransactions(224)) - Transaction txId=29 commit by dnId=f89ecde1-abfa-4530-92e2-4a065b7725ea for containerID=#29 failed. Corresponding entry not found.
2021-08-15 14:03:33,557 [EventQueue-DeleteBlockStatusForDeletedBlockLogImpl] DEBUG block.DeletedBlockLogImpl (DeletedBlockLogImpl.java:isTransactionFailed(278)) - Got block deletion ACK from datanode, TXIDs=30, success=true
2021-08-15 14:03:33,557 [EventQueue-DeleteBlockStatusForDeletedBlockLogImpl] DEBUG block.DeletedBlockLogImpl (DeletedBlockLogImpl.java:commitTransactions(224)) - Transaction txId=30 commit by dnId=f89ecde1-abfa-4530-92e2-4a065b7725ea for containerID=#30 failed. Corresponding entry not found.
2021-08-15 14:03:33,557 [EventQueue-DeleteBlockStatusForDeletedBlockLogImpl] DEBUG block.DeletedBlockLogImpl (DeletedBlockLogImpl.java:isTransactionFailed(278)) - Got block deletion ACK from datanode, TXIDs=31, success=true
2021-08-15 14:03:33,557 [EventQueue-DeleteBlockStatusForDeletedBlockLogImpl] DEBUG block.DeletedBlockLogImpl (DeletedBlockLogImpl.java:commitTransactions(224)) - Transaction txId=31 commit by dnId=f89ecde1-abfa-4530-92e2-4a065b7725ea for containerID=#31 failed. Corresponding entry not found.
2021-08-15 14:03:33,557 [EventQueue-DeleteBlockStatusForDeletedBlockLogImpl] DEBUG block.DeletedBlockLogImpl (DeletedBlockLogImpl.java:isTransactionFailed(278)) - Got block deletion ACK from datanode, TXIDs=32, success=true
2021-08-15 14:03:33,557 [EventQueue-DeleteBlockStatusForDeletedBlockLogImpl] DEBUG block.DeletedBlockLogImpl (DeletedBlockLogImpl.java:commitTransactions(224)) - Transaction txId=32 commit by dnId=f89ecde1-abfa-4530-92e2-4a065b7725ea for containerID=#32 failed. Corresponding entry not found.
2021-08-15 14:03:33,557 [EventQueue-DeleteBlockStatusForDeletedBlockLogImpl] DEBUG block.DeletedBlockLogImpl (DeletedBlockLogImpl.java:isTransactionFailed(278)) - Got block deletion ACK from datanode, TXIDs=33, success=true
2021-08-15 14:03:33,557 [EventQueue-DeleteBlockStatusForDeletedBlockLogImpl] DEBUG block.DeletedBlockLogImpl (DeletedBlockLogImpl.java:commitTransactions(224)) - Transaction txId=33 commit by dnId=f89ecde1-abfa-4530-92e2-4a065b7725ea for containerID=#33 failed. Corresponding entry not found.
2021-08-15 14:03:33,557 [EventQueue-DeleteBlockStatusForDeletedBlockLogImpl] DEBUG block.DeletedBlockLogImpl (DeletedBlockLogImpl.java:isTransactionFailed(278)) - Got block deletion ACK from datanode, TXIDs=34, success=true
2021-08-15 14:03:33,557 [EventQueue-DeleteBlockStatusForDeletedBlockLogImpl] DEBUG block.DeletedBlockLogImpl (DeletedBlockLogImpl.java:commitTransactions(224)) - Transaction txId=34 commit by dnId=f89ecde1-abfa-4530-92e2-4a065b7725ea for containerID=#34 failed. Corresponding entry not found.
2021-08-15 14:03:33,557 [EventQueue-DeleteBlockStatusForDeletedBlockLogImpl] DEBUG block.DeletedBlockLogImpl (DeletedBlockLogImpl.java:isTransactionFailed(278)) - Got block deletion ACK from datanode, TXIDs=35, success=true
2021-08-15 14:03:33,557 [EventQueue-DeleteBlockStatusForDeletedBlockLogImpl] DEBUG block.DeletedBlockLogImpl (DeletedBlockLogImpl.java:commitTransactions(224)) - Transaction txId=35 commit by dnId=f89ecde1-abfa-4530-92e2-4a065b7725ea for containerID=#35 failed. Corresponding entry not found.
2021-08-15 14:03:33,557 [EventQueue-DeleteBlockStatusForDeletedBlockLogImpl] DEBUG block.DeletedBlockLogImpl (DeletedBlockLogImpl.java:isTransactionFailed(278)) - Got block deletion ACK from datanode, TXIDs=36, success=true
2021-08-15 14:03:33,557 [EventQueue-DeleteBlockStatusForDeletedBlockLogImpl] DEBUG block.DeletedBlockLogImpl (DeletedBlockLogImpl.java:commitTransactions(224)) - Transaction txId=36 commit by dnId=f89ecde1-abfa-4530-92e2-4a065b7725ea for containerID=#36 failed. Corresponding entry not found.
2021-08-15 14:03:33,558 [EventQueue-DeleteBlockStatusForDeletedBlockLogImpl] DEBUG block.DeletedBlockLogImpl (DeletedBlockLogImpl.java:isTransactionFailed(278)) - Got block deletion ACK from datanode, TXIDs=37, success=true
2021-08-15 14:03:33,558 [EventQueue-DeleteBlockStatusForDeletedBlockLogImpl] DEBUG block.DeletedBlockLogImpl (DeletedBlockLogImpl.java:commitTransactions(224)) - Transaction txId=37 commit by dnId=f89ecde1-abfa-4530-92e2-4a065b7725ea for containerID=#37 failed. Corresponding entry not found.
2021-08-15 14:03:33,558 [EventQueue-DeleteBlockStatusForDeletedBlockLogImpl] DEBUG block.DeletedBlockLogImpl (DeletedBlockLogImpl.java:isTransactionFailed(278)) - Got block deletion ACK from datanode, TXIDs=38, success=true
2021-08-15 14:03:33,558 [EventQueue-DeleteBlockStatusForDeletedBlockLogImpl] DEBUG block.DeletedBlockLogImpl (DeletedBlockLogImpl.java:commitTransactions(224)) - Transaction txId=38 commit by dnId=f89ecde1-abfa-4530-92e2-4a065b7725ea for containerID=#38 failed. Corresponding entry not found.
2021-08-15 14:03:33,558 [EventQueue-DeleteBlockStatusForDeletedBlockLogImpl] DEBUG block.DeletedBlockLogImpl (DeletedBlockLogImpl.java:isTransactionFailed(278)) - Got block deletion ACK from datanode, TXIDs=39, success=true
2021-08-15 14:03:33,558 [EventQueue-DeleteBlockStatusForDeletedBlockLogImpl] DEBUG block.DeletedBlockLogImpl (DeletedBlockLogImpl.java:commitTransactions(224)) - Transaction txId=39 commit by dnId=f89ecde1-abfa-4530-92e2-4a065b7725ea for containerID=#39 failed. Corresponding entry not found.
2021-08-15 14:03:33,558 [EventQueue-DeleteBlockStatusForDeletedBlockLogImpl] DEBUG block.DeletedBlockLogImpl (DeletedBlockLogImpl.java:isTransactionFailed(278)) - Got block deletion ACK from datanode, TXIDs=40, success=true
2021-08-15 14:03:33,558 [EventQueue-DeleteBlockStatusForDeletedBlockLogImpl] DEBUG block.DeletedBlockLogImpl (DeletedBlockLogImpl.java:commitTransactions(224)) - Transaction txId=40 commit by dnId=f89ecde1-abfa-4530-92e2-4a065b7725ea for containerID=#40 failed. Corresponding entry not found.
2021-08-15 14:03:33,558 [EventQueue-DeleteBlockStatusForDeletedBlockLogImpl] DEBUG block.DeletedBlockLogImpl (DeletedBlockLogImpl.java:isTransactionFailed(278)) - Got block deletion ACK from datanode, TXIDs=41, success=true
2021-08-15 14:03:33,558 [EventQueue-DeleteBlockStatusForDeletedBlockLogImpl] DEBUG block.DeletedBlockLogImpl (DeletedBlockLogImpl.java:commitTransactions(224)) - Transaction txId=41 commit by dnId=f89ecde1-abfa-4530-92e2-4a065b7725ea for containerID=#41 failed. Corresponding entry not found.
2021-08-15 14:03:33,558 [EventQueue-DeleteBlockStatusForDeletedBlockLogImpl] DEBUG block.DeletedBlockLogImpl (DeletedBlockLogImpl.java:isTransactionFailed(278)) - Got block deletion ACK from datanode, TXIDs=42, success=true
2021-08-15 14:03:33,558 [EventQueue-DeleteBlockStatusForDeletedBlockLogImpl] DEBUG block.DeletedBlockLogImpl (DeletedBlockLogImpl.java:commitTransactions(224)) - Transaction txId=42 commit by dnId=f89ecde1-abfa-4530-92e2-4a065b7725ea for containerID=#42 failed. Corresponding entry not found.
2021-08-15 14:03:33,558 [EventQueue-DeleteBlockStatusForDeletedBlockLogImpl] DEBUG block.DeletedBlockLogImpl (DeletedBlockLogImpl.java:isTransactionFailed(278)) - Got block deletion ACK from datanode, TXIDs=43, success=true
2021-08-15 14:03:33,558 [EventQueue-DeleteBlockStatusForDeletedBlockLogImpl] DEBUG block.DeletedBlockLogImpl (DeletedBlockLogImpl.java:commitTransactions(224)) - Transaction txId=43 commit by dnId=f89ecde1-abfa-4530-92e2-4a065b7725ea for containerID=#43 failed. Corresponding entry not found.
2021-08-15 14:03:33,558 [EventQueue-DeleteBlockStatusForDeletedBlockLogImpl] DEBUG block.DeletedBlockLogImpl (DeletedBlockLogImpl.java:isTransactionFailed(278)) - Got block deletion ACK from datanode, TXIDs=44, success=true
2021-08-15 14:03:33,558 [EventQueue-DeleteBlockStatusForDeletedBlockLogImpl] DEBUG block.DeletedBlockLogImpl (DeletedBlockLogImpl.java:commitTransactions(224)) - Transaction txId=44 commit by dnId=f89ecde1-abfa-4530-92e2-4a065b7725ea for containerID=#44 failed. Corresponding entry not found.
2021-08-15 14:03:33,558 [EventQueue-DeleteBlockStatusForDeletedBlockLogImpl] DEBUG block.DeletedBlockLogImpl (DeletedBlockLogImpl.java:isTransactionFailed(278)) - Got block deletion ACK from datanode, TXIDs=45, success=true
2021-08-15 14:03:33,558 [EventQueue-DeleteBlockStatusForDeletedBlockLogImpl] DEBUG block.DeletedBlockLogImpl (DeletedBlockLogImpl.java:commitTransactions(224)) - Transaction txId=45 commit by dnId=f89ecde1-abfa-4530-92e2-4a065b7725ea for containerID=#45 failed. Corresponding entry not found.
2021-08-15 14:03:33,558 [EventQueue-DeleteBlockStatusForDeletedBlockLogImpl] DEBUG block.DeletedBlockLogImpl (DeletedBlockLogImpl.java:isTransactionFailed(278)) - Got block deletion ACK from datanode, TXIDs=46, success=true
2021-08-15 14:03:33,558 [EventQueue-DeleteBlockStatusForDeletedBlockLogImpl] DEBUG block.DeletedBlockLogImpl (DeletedBlockLogImpl.java:commitTransactions(224)) - Transaction txId=46 commit by dnId=f89ecde1-abfa-4530-92e2-4a065b7725ea for containerID=#46 failed. Corresponding entry not found.
2021-08-15 14:03:33,558 [EventQueue-DeleteBlockStatusForDeletedBlockLogImpl] DEBUG block.DeletedBlockLogImpl (DeletedBlockLogImpl.java:isTransactionFailed(278)) - Got block deletion ACK from datanode, TXIDs=47, success=true
2021-08-15 14:03:33,558 [EventQueue-DeleteBlockStatusForDeletedBlockLogImpl] DEBUG block.DeletedBlockLogImpl (DeletedBlockLogImpl.java:commitTransactions(224)) - Transaction txId=47 commit by dnId=f89ecde1-abfa-4530-92e2-4a065b7725ea for containerID=#47 failed. Corresponding entry not found.
2021-08-15 14:03:33,558 [EventQueue-DeleteBlockStatusForDeletedBlockLogImpl] DEBUG block.DeletedBlockLogImpl (DeletedBlockLogImpl.java:isTransactionFailed(278)) - Got block deletion ACK from datanode, TXIDs=48, success=true
2021-08-15 14:03:33,558 [EventQueue-DeleteBlockStatusForDeletedBlockLogImpl] DEBUG block.DeletedBlockLogImpl (DeletedBlockLogImpl.java:commitTransactions(224)) - Transaction txId=48 commit by dnId=f89ecde1-abfa-4530-92e2-4a065b7725ea for containerID=#48 failed. Corresponding entry not found.
2021-08-15 14:03:33,558 [EventQueue-DeleteBlockStatusForDeletedBlockLogImpl] DEBUG block.DeletedBlockLogImpl (DeletedBlockLogImpl.java:isTransactionFailed(278)) - Got block deletion ACK from datanode, TXIDs=49, success=true
2021-08-15 14:03:33,558 [EventQueue-DeleteBlockStatusForDeletedBlockLogImpl] DEBUG block.DeletedBlockLogImpl (DeletedBlockLogImpl.java:commitTransactions(224)) - Transaction txId=49 commit by dnId=f89ecde1-abfa-4530-92e2-4a065b7725ea for containerID=#49 failed. Corresponding entry not found.
2021-08-15 14:03:33,558 [EventQueue-DeleteBlockStatusForDeletedBlockLogImpl] DEBUG block.DeletedBlockLogImpl (DeletedBlockLogImpl.java:isTransactionFailed(278)) - Got block deletion ACK from datanode, TXIDs=50, success=true
2021-08-15 14:03:33,558 [EventQueue-DeleteBlockStatusForDeletedBlockLogImpl] DEBUG block.DeletedBlockLogImpl (DeletedBlockLogImpl.java:commitTransactions(224)) - Transaction txId=50 commit by dnId=f89ecde1-abfa-4530-92e2-4a065b7725ea for containerID=#50 failed. Corresponding entry not found.
2021-08-15 14:03:33,558 [EventQueue-DeleteBlockStatusForDeletedBlockLogImpl] DEBUG block.DeletedBlockLogImpl (DeletedBlockLogImpl.java:isTransactionFailed(278)) - Got block deletion ACK from datanode, TXIDs=51, success=true
2021-08-15 14:03:33,558 [EventQueue-DeleteBlockStatusForDeletedBlockLogImpl] DEBUG block.DeletedBlockLogImpl (DeletedBlockLogImpl.java:commitTransactions(224)) - Transaction txId=51 commit by dnId=f89ecde1-abfa-4530-92e2-4a065b7725ea for containerID=#51 failed. Corresponding entry not found.
2021-08-15 14:03:33,558 [EventQueue-DeleteBlockStatusForDeletedBlockLogImpl] DEBUG block.DeletedBlockLogImpl (DeletedBlockLogImpl.java:isTransactionFailed(278)) - Got block deletion ACK from datanode, TXIDs=52, success=true
2021-08-15 14:03:33,558 [EventQueue-DeleteBlockStatusForDeletedBlockLogImpl] DEBUG block.DeletedBlockLogImpl (DeletedBlockLogImpl.java:commitTransactions(224)) - Transaction txId=52 commit by dnId=f89ecde1-abfa-4530-92e2-4a065b7725ea for containerID=#52 failed. Corresponding entry not found.
2021-08-15 14:03:33,558 [EventQueue-DeleteBlockStatusForDeletedBlockLogImpl] DEBUG block.DeletedBlockLogImpl (DeletedBlockLogImpl.java:isTransactionFailed(278)) - Got block deletion ACK from datanode, TXIDs=53, success=true
2021-08-15 14:03:33,558 [EventQueue-DeleteBlockStatusForDeletedBlockLogImpl] DEBUG block.DeletedBlockLogImpl (DeletedBlockLogImpl.java:commitTransactions(224)) - Transaction txId=53 commit by dnId=f89ecde1-abfa-4530-92e2-4a065b7725ea for containerID=#53 failed. Corresponding entry not found.
2021-08-15 14:03:33,558 [EventQueue-DeleteBlockStatusForDeletedBlockLogImpl] DEBUG block.DeletedBlockLogImpl (DeletedBlockLogImpl.java:isTransactionFailed(278)) - Got block deletion ACK from datanode, TXIDs=54, success=true
2021-08-15 14:03:33,558 [EventQueue-DeleteBlockStatusForDeletedBlockLogImpl] DEBUG block.DeletedBlockLogImpl (DeletedBlockLogImpl.java:commitTransactions(224)) - Transaction txId=54 commit by dnId=f89ecde1-abfa-4530-92e2-4a065b7725ea for containerID=#54 failed. Corresponding entry not found.
2021-08-15 14:03:33,558 [EventQueue-DeleteBlockStatusForDeletedBlockLogImpl] DEBUG block.DeletedBlockLogImpl (DeletedBlockLogImpl.java:isTransactionFailed(278)) - Got block deletion ACK from datanode, TXIDs=55, success=true
2021-08-15 14:03:33,558 [EventQueue-DeleteBlockStatusForDeletedBlockLogImpl] DEBUG block.DeletedBlockLogImpl (DeletedBlockLogImpl.java:commitTransactions(224)) - Transaction txId=55 commit by dnId=f89ecde1-abfa-4530-92e2-4a065b7725ea for containerID=#55 failed. Corresponding entry not found.
2021-08-15 14:03:33,558 [EventQueue-DeleteBlockStatusForDeletedBlockLogImpl] DEBUG block.DeletedBlockLogImpl (DeletedBlockLogImpl.java:isTransactionFailed(278)) - Got block deletion ACK from datanode, TXIDs=56, success=true
2021-08-15 14:03:33,558 [EventQueue-DeleteBlockStatusForDeletedBlockLogImpl] DEBUG block.DeletedBlockLogImpl (DeletedBlockLogImpl.java:commitTransactions(224)) - Transaction txId=56 commit by dnId=f89ecde1-abfa-4530-92e2-4a065b7725ea for containerID=#56 failed. Corresponding entry not found.
2021-08-15 14:03:33,558 [EventQueue-DeleteBlockStatusForDeletedBlockLogImpl] DEBUG block.DeletedBlockLogImpl (DeletedBlockLogImpl.java:isTransactionFailed(278)) - Got block deletion ACK from datanode, TXIDs=17, success=true
2021-08-15 14:03:33,558 [EventQueue-DeleteBlockStatusForDeletedBlockLogImpl] DEBUG block.DeletedBlockLogImpl (DeletedBlockLogImpl.java:commitTransactions(224)) - Transaction txId=17 commit by dnId=f89ecde1-abfa-4530-92e2-4a065b7725ea for containerID=#17 failed. Corresponding entry not found.
2021-08-15 14:03:33,558 [EventQueue-DeleteBlockStatusForDeletedBlockLogImpl] DEBUG block.DeletedBlockLogImpl (DeletedBlockLogImpl.java:isTransactionFailed(278)) - Got block deletion ACK from datanode, TXIDs=18, success=true
2021-08-15 14:03:33,559 [EventQueue-DeleteBlockStatusForDeletedBlockLogImpl] DEBUG block.DeletedBlockLogImpl (DeletedBlockLogImpl.java:commitTransactions(224)) - Transaction txId=18 commit by dnId=f89ecde1-abfa-4530-92e2-4a065b7725ea for containerID=#18 failed. Corresponding entry not found.
2021-08-15 14:03:33,559 [EventQueue-DeleteBlockStatusForDeletedBlockLogImpl] DEBUG block.DeletedBlockLogImpl (DeletedBlockLogImpl.java:isTransactionFailed(278)) - Got block deletion ACK from datanode, TXIDs=19, success=true
2021-08-15 14:03:33,559 [EventQueue-DeleteBlockStatusForDeletedBlockLogImpl] DEBUG block.DeletedBlockLogImpl (DeletedBlockLogImpl.java:commitTransactions(224)) - Transaction txId=19 commit by dnId=f89ecde1-abfa-4530-92e2-4a065b7725ea for containerID=#19 failed. Corresponding entry not found.
2021-08-15 14:03:33,559 [EventQueue-DeleteBlockStatusForDeletedBlockLogImpl] DEBUG block.DeletedBlockLogImpl (DeletedBlockLogImpl.java:isTransactionFailed(278)) - Got block deletion ACK from datanode, TXIDs=20, success=true
2021-08-15 14:03:33,559 [EventQueue-DeleteBlockStatusForDeletedBlockLogImpl] DEBUG block.DeletedBlockLogImpl (DeletedBlockLogImpl.java:commitTransactions(224)) - Transaction txId=20 commit by dnId=f89ecde1-abfa-4530-92e2-4a065b7725ea for containerID=#20 failed. Corresponding entry not found.
2021-08-15 14:03:33,559 [EventQueue-DeleteBlockStatusForDeletedBlockLogImpl] DEBUG block.DeletedBlockLogImpl (DeletedBlockLogImpl.java:isTransactionFailed(278)) - Got block deletion ACK from datanode, TXIDs=21, success=true
2021-08-15 14:03:33,559 [EventQueue-DeleteBlockStatusForDeletedBlockLogImpl] DEBUG block.DeletedBlockLogImpl (DeletedBlockLogImpl.java:commitTransactions(224)) - Transaction txId=21 commit by dnId=f89ecde1-abfa-4530-92e2-4a065b7725ea for containerID=#21 failed. Corresponding entry not found.
2021-08-15 14:03:33,559 [EventQueue-DeleteBlockStatusForDeletedBlockLogImpl] DEBUG block.DeletedBlockLogImpl (DeletedBlockLogImpl.java:isTransactionFailed(278)) - Got block deletion ACK from datanode, TXIDs=22, success=true
2021-08-15 14:03:33,559 [EventQueue-DeleteBlockStatusForDeletedBlockLogImpl] DEBUG block.DeletedBlockLogImpl (DeletedBlockLogImpl.java:commitTransactions(224)) - Transaction txId=22 commit by dnId=f89ecde1-abfa-4530-92e2-4a065b7725ea for containerID=#22 failed. Corresponding entry not found.
2021-08-15 14:03:33,559 [EventQueue-DeleteBlockStatusForDeletedBlockLogImpl] DEBUG block.DeletedBlockLogImpl (DeletedBlockLogImpl.java:isTransactionFailed(278)) - Got block deletion ACK from datanode, TXIDs=23, success=true
2021-08-15 14:03:33,559 [EventQueue-DeleteBlockStatusForDeletedBlockLogImpl] DEBUG block.DeletedBlockLogImpl (DeletedBlockLogImpl.java:commitTransactions(224)) - Transaction txId=23 commit by dnId=f89ecde1-abfa-4530-92e2-4a065b7725ea for containerID=#23 failed. Corresponding entry not found.
2021-08-15 14:03:33,559 [EventQueue-DeleteBlockStatusForDeletedBlockLogImpl] DEBUG block.DeletedBlockLogImpl (DeletedBlockLogImpl.java:isTransactionFailed(278)) - Got block deletion ACK from datanode, TXIDs=24, success=true
2021-08-15 14:03:33,559 [EventQueue-DeleteBlockStatusForDeletedBlockLogImpl] DEBUG block.DeletedBlockLogImpl (DeletedBlockLogImpl.java:commitTransactions(224)) - Transaction txId=24 commit by dnId=f89ecde1-abfa-4530-92e2-4a065b7725ea for containerID=#24 failed. Corresponding entry not found.
2021-08-15 14:03:33,559 [EventQueue-DeleteBlockStatusForDeletedBlockLogImpl] DEBUG block.DeletedBlockLogImpl (DeletedBlockLogImpl.java:isTransactionFailed(278)) - Got block deletion ACK from datanode, TXIDs=25, success=true
2021-08-15 14:03:33,559 [EventQueue-DeleteBlockStatusForDeletedBlockLogImpl] DEBUG block.DeletedBlockLogImpl (DeletedBlockLogImpl.java:commitTransactions(224)) - Transaction txId=25 commit by dnId=f89ecde1-abfa-4530-92e2-4a065b7725ea for containerID=#25 failed. Corresponding entry not found.
2021-08-15 14:03:33,559 [EventQueue-DeleteBlockStatusForDeletedBlockLogImpl] DEBUG block.DeletedBlockLogImpl (DeletedBlockLogImpl.java:isTransactionFailed(278)) - Got block deletion ACK from datanode, TXIDs=26, success=true
2021-08-15 14:03:33,559 [EventQueue-DeleteBlockStatusForDeletedBlockLogImpl] DEBUG block.DeletedBlockLogImpl (DeletedBlockLogImpl.java:commitTransactions(224)) - Transaction txId=26 commit by dnId=f89ecde1-abfa-4530-92e2-4a065b7725ea for containerID=#26 failed. Corresponding entry not found.
2021-08-15 14:03:33,559 [EventQueue-DeleteBlockStatusForDeletedBlockLogImpl] DEBUG block.DeletedBlockLogImpl (DeletedBlockLogImpl.java:isTransactionFailed(278)) - Got block deletion ACK from datanode, TXIDs=27, success=true
2021-08-15 14:03:33,559 [EventQueue-DeleteBlockStatusForDeletedBlockLogImpl] DEBUG block.DeletedBlockLogImpl (DeletedBlockLogImpl.java:commitTransactions(224)) - Transaction txId=27 commit by dnId=f89ecde1-abfa-4530-92e2-4a065b7725ea for containerID=#27 failed. Corresponding entry not found.
2021-08-15 14:03:33,559 [EventQueue-DeleteBlockStatusForDeletedBlockLogImpl] DEBUG block.DeletedBlockLogImpl (DeletedBlockLogImpl.java:isTransactionFailed(278)) - Got block deletion ACK from datanode, TXIDs=28, success=true
2021-08-15 14:03:33,559 [EventQueue-DeleteBlockStatusForDeletedBlockLogImpl] DEBUG block.DeletedBlockLogImpl (DeletedBlockLogImpl.java:commitTransactions(224)) - Transaction txId=28 commit by dnId=f89ecde1-abfa-4530-92e2-4a065b7725ea for containerID=#28 failed. Corresponding entry not found.
2021-08-15 14:03:33,559 [EventQueue-DeleteBlockStatusForDeletedBlockLogImpl] DEBUG block.DeletedBlockLogImpl (DeletedBlockLogImpl.java:isTransactionFailed(278)) - Got block deletion ACK from datanode, TXIDs=29, success=true
2021-08-15 14:03:33,559 [EventQueue-DeleteBlockStatusForDeletedBlockLogImpl] DEBUG block.DeletedBlockLogImpl (DeletedBlockLogImpl.java:commitTransactions(224)) - Transaction txId=29 commit by dnId=f89ecde1-abfa-4530-92e2-4a065b7725ea for containerID=#29 failed. Corresponding entry not found.
2021-08-15 14:03:33,559 [EventQueue-DeleteBlockStatusForDeletedBlockLogImpl] DEBUG block.DeletedBlockLogImpl (DeletedBlockLogImpl.java:isTransactionFailed(278)) - Got block deletion ACK from datanode, TXIDs=30, success=true
2021-08-15 14:03:33,559 [EventQueue-DeleteBlockStatusForDeletedBlockLogImpl] DEBUG block.DeletedBlockLogImpl (DeletedBlockLogImpl.java:commitTransactions(224)) - Transaction txId=30 commit by dnId=f89ecde1-abfa-4530-92e2-4a065b7725ea for containerID=#30 failed. Corresponding entry not found.
2021-08-15 14:03:33,559 [EventQueue-DeleteBlockStatusForDeletedBlockLogImpl] DEBUG block.DeletedBlockLogImpl (DeletedBlockLogImpl.java:isTransactionFailed(278)) - Got block deletion ACK from datanode, TXIDs=31, success=true
2021-08-15 14:03:33,559 [EventQueue-DeleteBlockStatusForDeletedBlockLogImpl] DEBUG block.DeletedBlockLogImpl (DeletedBlockLogImpl.java:commitTransactions(224)) - Transaction txId=31 commit by dnId=f89ecde1-abfa-4530-92e2-4a065b7725ea for containerID=#31 failed. Corresponding entry not found.
2021-08-15 14:03:33,559 [EventQueue-DeleteBlockStatusForDeletedBlockLogImpl] DEBUG block.DeletedBlockLogImpl (DeletedBlockLogImpl.java:isTransactionFailed(278)) - Got block deletion ACK from datanode, TXIDs=32, success=true
2021-08-15 14:03:33,559 [EventQueue-DeleteBlockStatusForDeletedBlockLogImpl] DEBUG block.DeletedBlockLogImpl (DeletedBlockLogImpl.java:commitTransactions(224)) - Transaction txId=32 commit by dnId=f89ecde1-abfa-4530-92e2-4a065b7725ea for containerID=#32 failed. Corresponding entry not found.
2021-08-15 14:03:33,559 [EventQueue-DeleteBlockStatusForDeletedBlockLogImpl] DEBUG block.DeletedBlockLogImpl (DeletedBlockLogImpl.java:isTransactionFailed(278)) - Got block deletion ACK from datanode, TXIDs=33, success=true
2021-08-15 14:03:33,559 [EventQueue-DeleteBlockStatusForDeletedBlockLogImpl] DEBUG block.DeletedBlockLogImpl (DeletedBlockLogImpl.java:commitTransactions(224)) - Transaction txId=33 commit by dnId=f89ecde1-abfa-4530-92e2-4a065b7725ea for containerID=#33 failed. Corresponding entry not found.
2021-08-15 14:03:33,559 [EventQueue-DeleteBlockStatusForDeletedBlockLogImpl] DEBUG block.DeletedBlockLogImpl (DeletedBlockLogImpl.java:isTransactionFailed(278)) - Got block deletion ACK from datanode, TXIDs=34, success=true
2021-08-15 14:03:33,559 [EventQueue-DeleteBlockStatusForDeletedBlockLogImpl] DEBUG block.DeletedBlockLogImpl (DeletedBlockLogImpl.java:commitTransactions(224)) - Transaction txId=34 commit by dnId=f89ecde1-abfa-4530-92e2-4a065b7725ea for containerID=#34 failed. Corresponding entry not found.
2021-08-15 14:03:33,559 [EventQueue-DeleteBlockStatusForDeletedBlockLogImpl] DEBUG block.DeletedBlockLogImpl (DeletedBlockLogImpl.java:isTransactionFailed(278)) - Got block deletion ACK from datanode, TXIDs=35, success=true
2021-08-15 14:03:33,559 [EventQueue-DeleteBlockStatusForDeletedBlockLogImpl] DEBUG block.DeletedBlockLogImpl (DeletedBlockLogImpl.java:commitTransactions(224)) - Transaction txId=35 commit by dnId=f89ecde1-abfa-4530-92e2-4a065b7725ea for containerID=#35 failed. Corresponding entry not found.
2021-08-15 14:03:33,559 [EventQueue-DeleteBlockStatusForDeletedBlockLogImpl] DEBUG block.DeletedBlockLogImpl (DeletedBlockLogImpl.java:isTransactionFailed(278)) - Got block deletion ACK from datanode, TXIDs=36, success=true
2021-08-15 14:03:33,559 [EventQueue-DeleteBlockStatusForDeletedBlockLogImpl] DEBUG block.DeletedBlockLogImpl (DeletedBlockLogImpl.java:commitTransactions(224)) - Transaction txId=36 commit by dnId=f89ecde1-abfa-4530-92e2-4a065b7725ea for containerID=#36 failed. Corresponding entry not found.
2021-08-15 14:03:33,559 [EventQueue-DeleteBlockStatusForDeletedBlockLogImpl] DEBUG block.DeletedBlockLogImpl (DeletedBlockLogImpl.java:isTransactionFailed(278)) - Got block deletion ACK from datanode, TXIDs=37, success=true
2021-08-15 14:03:33,559 [EventQueue-DeleteBlockStatusForDeletedBlockLogImpl] DEBUG block.DeletedBlockLogImpl (DeletedBlockLogImpl.java:commitTransactions(224)) - Transaction txId=37 commit by dnId=f89ecde1-abfa-4530-92e2-4a065b7725ea for containerID=#37 failed. Corresponding entry not found.
2021-08-15 14:03:33,559 [EventQueue-DeleteBlockStatusForDeletedBlockLogImpl] DEBUG block.DeletedBlockLogImpl (DeletedBlockLogImpl.java:isTransactionFailed(278)) - Got block deletion ACK from datanode, TXIDs=38, success=true
2021-08-15 14:03:33,559 [EventQueue-DeleteBlockStatusForDeletedBlockLogImpl] DEBUG block.DeletedBlockLogImpl (DeletedBlockLogImpl.java:commitTransactions(224)) - Transaction txId=38 commit by dnId=f89ecde1-abfa-4530-92e2-4a065b7725ea for containerID=#38 failed. Corresponding entry not found.
2021-08-15 14:03:33,559 [EventQueue-DeleteBlockStatusForDeletedBlockLogImpl] DEBUG block.DeletedBlockLogImpl (DeletedBlockLogImpl.java:isTransactionFailed(278)) - Got block deletion ACK from datanode, TXIDs=39, success=true
2021-08-15 14:03:33,559 [EventQueue-DeleteBlockStatusForDeletedBlockLogImpl] DEBUG block.DeletedBlockLogImpl (DeletedBlockLogImpl.java:commitTransactions(224)) - Transaction txId=39 commit by dnId=f89ecde1-abfa-4530-92e2-4a065b7725ea for containerID=#39 failed. Corresponding entry not found.
2021-08-15 14:03:33,559 [EventQueue-DeleteBlockStatusForDeletedBlockLogImpl] DEBUG block.DeletedBlockLogImpl (DeletedBlockLogImpl.java:isTransactionFailed(278)) - Got block deletion ACK from datanode, TXIDs=40, success=true
2021-08-15 14:03:33,559 [EventQueue-DeleteBlockStatusForDeletedBlockLogImpl] DEBUG block.DeletedBlockLogImpl (DeletedBlockLogImpl.java:commitTransactions(224)) - Transaction txId=40 commit by dnId=f89ecde1-abfa-4530-92e2-4a065b7725ea for containerID=#40 failed. Corresponding entry not found.
2021-08-15 14:03:33,559 [EventQueue-DeleteBlockStatusForDeletedBlockLogImpl] DEBUG block.DeletedBlockLogImpl (DeletedBlockLogImpl.java:isTransactionFailed(278)) - Got block deletion ACK from datanode, TXIDs=41, success=true
2021-08-15 14:03:33,560 [EventQueue-DeleteBlockStatusForDeletedBlockLogImpl] DEBUG block.DeletedBlockLogImpl (DeletedBlockLogImpl.java:commitTransactions(224)) - Transaction txId=41 commit by dnId=f89ecde1-abfa-4530-92e2-4a065b7725ea for containerID=#41 failed. Corresponding entry not found.
2021-08-15 14:03:33,560 [EventQueue-DeleteBlockStatusForDeletedBlockLogImpl] DEBUG block.DeletedBlockLogImpl (DeletedBlockLogImpl.java:isTransactionFailed(278)) - Got block deletion ACK from datanode, TXIDs=42, success=true
2021-08-15 14:03:33,560 [EventQueue-DeleteBlockStatusForDeletedBlockLogImpl] DEBUG block.DeletedBlockLogImpl (DeletedBlockLogImpl.java:commitTransactions(224)) - Transaction txId=42 commit by dnId=f89ecde1-abfa-4530-92e2-4a065b7725ea for containerID=#42 failed. Corresponding entry not found.
2021-08-15 14:03:33,560 [EventQueue-DeleteBlockStatusForDeletedBlockLogImpl] DEBUG block.DeletedBlockLogImpl (DeletedBlockLogImpl.java:isTransactionFailed(278)) - Got block deletion ACK from datanode, TXIDs=43, success=true
2021-08-15 14:03:33,560 [EventQueue-DeleteBlockStatusForDeletedBlockLogImpl] DEBUG block.DeletedBlockLogImpl (DeletedBlockLogImpl.java:commitTransactions(224)) - Transaction txId=43 commit by dnId=f89ecde1-abfa-4530-92e2-4a065b7725ea for containerID=#43 failed. Corresponding entry not found.
2021-08-15 14:03:33,560 [EventQueue-DeleteBlockStatusForDeletedBlockLogImpl] DEBUG block.DeletedBlockLogImpl (DeletedBlockLogImpl.java:isTransactionFailed(278)) - Got block deletion ACK from datanode, TXIDs=44, success=true
2021-08-15 14:03:33,560 [EventQueue-DeleteBlockStatusForDeletedBlockLogImpl] DEBUG block.DeletedBlockLogImpl (DeletedBlockLogImpl.java:commitTransactions(224)) - Transaction txId=44 commit by dnId=f89ecde1-abfa-4530-92e2-4a065b7725ea for containerID=#44 failed. Corresponding entry not found.
2021-08-15 14:03:33,560 [EventQueue-DeleteBlockStatusForDeletedBlockLogImpl] DEBUG block.DeletedBlockLogImpl (DeletedBlockLogImpl.java:isTransactionFailed(278)) - Got block deletion ACK from datanode, TXIDs=45, success=true
2021-08-15 14:03:33,560 [EventQueue-DeleteBlockStatusForDeletedBlockLogImpl] DEBUG block.DeletedBlockLogImpl (DeletedBlockLogImpl.java:commitTransactions(224)) - Transaction txId=45 commit by dnId=f89ecde1-abfa-4530-92e2-4a065b7725ea for containerID=#45 failed. Corresponding entry not found.
2021-08-15 14:03:33,560 [EventQueue-DeleteBlockStatusForDeletedBlockLogImpl] DEBUG block.DeletedBlockLogImpl (DeletedBlockLogImpl.java:isTransactionFailed(278)) - Got block deletion ACK from datanode, TXIDs=46, success=true
2021-08-15 14:03:33,560 [EventQueue-DeleteBlockStatusForDeletedBlockLogImpl] DEBUG block.DeletedBlockLogImpl (DeletedBlockLogImpl.java:commitTransactions(224)) - Transaction txId=46 commit by dnId=f89ecde1-abfa-4530-92e2-4a065b7725ea for containerID=#46 failed. Corresponding entry not found.
2021-08-15 14:03:33,560 [EventQueue-DeleteBlockStatusForDeletedBlockLogImpl] DEBUG block.DeletedBlockLogImpl (DeletedBlockLogImpl.java:isTransactionFailed(278)) - Got block deletion ACK from datanode, TXIDs=47, success=true
2021-08-15 14:03:33,560 [EventQueue-DeleteBlockStatusForDeletedBlockLogImpl] DEBUG block.DeletedBlockLogImpl (DeletedBlockLogImpl.java:commitTransactions(224)) - Transaction txId=47 commit by dnId=f89ecde1-abfa-4530-92e2-4a065b7725ea for containerID=#47 failed. Corresponding entry not found.
2021-08-15 14:03:33,560 [EventQueue-DeleteBlockStatusForDeletedBlockLogImpl] DEBUG block.DeletedBlockLogImpl (DeletedBlockLogImpl.java:isTransactionFailed(278)) - Got block deletion ACK from datanode, TXIDs=48, success=true
2021-08-15 14:03:33,560 [EventQueue-DeleteBlockStatusForDeletedBlockLogImpl] DEBUG block.DeletedBlockLogImpl (DeletedBlockLogImpl.java:commitTransactions(224)) - Transaction txId=48 commit by dnId=f89ecde1-abfa-4530-92e2-4a065b7725ea for containerID=#48 failed. Corresponding entry not found.
2021-08-15 14:03:33,560 [EventQueue-DeleteBlockStatusForDeletedBlockLogImpl] DEBUG block.DeletedBlockLogImpl (DeletedBlockLogImpl.java:isTransactionFailed(278)) - Got block deletion ACK from datanode, TXIDs=49, success=true
2021-08-15 14:03:33,560 [EventQueue-DeleteBlockStatusForDeletedBlockLogImpl] DEBUG block.DeletedBlockLogImpl (DeletedBlockLogImpl.java:commitTransactions(224)) - Transaction txId=49 commit by dnId=f89ecde1-abfa-4530-92e2-4a065b7725ea for containerID=#49 failed. Corresponding entry not found.
2021-08-15 14:03:33,560 [EventQueue-DeleteBlockStatusForDeletedBlockLogImpl] DEBUG block.DeletedBlockLogImpl (DeletedBlockLogImpl.java:isTransactionFailed(278)) - Got block deletion ACK from datanode, TXIDs=50, success=true
2021-08-15 14:03:33,560 [EventQueue-DeleteBlockStatusForDeletedBlockLogImpl] DEBUG block.DeletedBlockLogImpl (DeletedBlockLogImpl.java:commitTransactions(224)) - Transaction txId=50 commit by dnId=f89ecde1-abfa-4530-92e2-4a065b7725ea for containerID=#50 failed. Corresponding entry not found.
2021-08-15 14:03:33,560 [EventQueue-DeleteBlockStatusForDeletedBlockLogImpl] DEBUG block.DeletedBlockLogImpl (DeletedBlockLogImpl.java:isTransactionFailed(278)) - Got block deletion ACK from datanode, TXIDs=51, success=true
2021-08-15 14:03:33,560 [EventQueue-DeleteBlockStatusForDeletedBlockLogImpl] DEBUG block.DeletedBlockLogImpl (DeletedBlockLogImpl.java:commitTransactions(224)) - Transaction txId=51 commit by dnId=f89ecde1-abfa-4530-92e2-4a065b7725ea for containerID=#51 failed. Corresponding entry not found.
2021-08-15 14:03:33,560 [EventQueue-DeleteBlockStatusForDeletedBlockLogImpl] DEBUG block.DeletedBlockLogImpl (DeletedBlockLogImpl.java:isTransactionFailed(278)) - Got block deletion ACK from datanode, TXIDs=52, success=true
2021-08-15 14:03:33,560 [EventQueue-DeleteBlockStatusForDeletedBlockLogImpl] DEBUG block.DeletedBlockLogImpl (DeletedBlockLogImpl.java:commitTransactions(224)) - Transaction txId=52 commit by dnId=f89ecde1-abfa-4530-92e2-4a065b7725ea for containerID=#52 failed. Corresponding entry not found.
2021-08-15 14:03:33,560 [EventQueue-DeleteBlockStatusForDeletedBlockLogImpl] DEBUG block.DeletedBlockLogImpl (DeletedBlockLogImpl.java:isTransactionFailed(278)) - Got block deletion ACK from datanode, TXIDs=53, success=true
2021-08-15 14:03:33,560 [EventQueue-DeleteBlockStatusForDeletedBlockLogImpl] DEBUG block.DeletedBlockLogImpl (DeletedBlockLogImpl.java:commitTransactions(224)) - Transaction txId=53 commit by dnId=f89ecde1-abfa-4530-92e2-4a065b7725ea for containerID=#53 failed. Corresponding entry not found.
2021-08-15 14:03:33,560 [EventQueue-DeleteBlockStatusForDeletedBlockLogImpl] DEBUG block.DeletedBlockLogImpl (DeletedBlockLogImpl.java:isTransactionFailed(278)) - Got block deletion ACK from datanode, TXIDs=54, success=true
2021-08-15 14:03:33,560 [EventQueue-DeleteBlockStatusForDeletedBlockLogImpl] DEBUG block.DeletedBlockLogImpl (DeletedBlockLogImpl.java:commitTransactions(224)) - Transaction txId=54 commit by dnId=f89ecde1-abfa-4530-92e2-4a065b7725ea for containerID=#54 failed. Corresponding entry not found.
2021-08-15 14:03:33,560 [EventQueue-DeleteBlockStatusForDeletedBlockLogImpl] DEBUG block.DeletedBlockLogImpl (DeletedBlockLogImpl.java:isTransactionFailed(278)) - Got block deletion ACK from datanode, TXIDs=55, success=true
2021-08-15 14:03:33,560 [EventQueue-DeleteBlockStatusForDeletedBlockLogImpl] DEBUG block.DeletedBlockLogImpl (DeletedBlockLogImpl.java:commitTransactions(224)) - Transaction txId=55 commit by dnId=f89ecde1-abfa-4530-92e2-4a065b7725ea for containerID=#55 failed. Corresponding entry not found.
2021-08-15 14:03:33,560 [EventQueue-DeleteBlockStatusForDeletedBlockLogImpl] DEBUG block.DeletedBlockLogImpl (DeletedBlockLogImpl.java:isTransactionFailed(278)) - Got block deletion ACK from datanode, TXIDs=56, success=true
2021-08-15 14:03:33,560 [EventQueue-DeleteBlockStatusForDeletedBlockLogImpl] DEBUG block.DeletedBlockLogImpl (DeletedBlockLogImpl.java:commitTransactions(224)) - Transaction txId=56 commit by dnId=f89ecde1-abfa-4530-92e2-4a065b7725ea for containerID=#56 failed. Corresponding entry not found.
2021-08-15 14:03:33,560 [EventQueue-DeleteBlockStatusForDeletedBlockLogImpl] DEBUG block.DeletedBlockLogImpl (DeletedBlockLogImpl.java:isTransactionFailed(278)) - Got block deletion ACK from datanode, TXIDs=17, success=true
2021-08-15 14:03:33,560 [EventQueue-DeleteBlockStatusForDeletedBlockLogImpl] DEBUG block.DeletedBlockLogImpl (DeletedBlockLogImpl.java:commitTransactions(224)) - Transaction txId=17 commit by dnId=f89ecde1-abfa-4530-92e2-4a065b7725ea for containerID=#17 failed. Corresponding entry not found.
2021-08-15 14:03:33,560 [EventQueue-DeleteBlockStatusForDeletedBlockLogImpl] DEBUG block.DeletedBlockLogImpl (DeletedBlockLogImpl.java:isTransactionFailed(278)) - Got block deletion ACK from datanode, TXIDs=18, success=true
2021-08-15 14:03:33,560 [EventQueue-DeleteBlockStatusForDeletedBlockLogImpl] DEBUG block.DeletedBlockLogImpl (DeletedBlockLogImpl.java:commitTransactions(224)) - Transaction txId=18 commit by dnId=f89ecde1-abfa-4530-92e2-4a065b7725ea for containerID=#18 failed. Corresponding entry not found.
2021-08-15 14:03:33,561 [EventQueue-DeleteBlockStatusForDeletedBlockLogImpl] DEBUG block.DeletedBlockLogImpl (DeletedBlockLogImpl.java:isTransactionFailed(278)) - Got block deletion ACK from datanode, TXIDs=19, success=true
2021-08-15 14:03:33,561 [EventQueue-DeleteBlockStatusForDeletedBlockLogImpl] DEBUG block.DeletedBlockLogImpl (DeletedBlockLogImpl.java:commitTransactions(224)) - Transaction txId=19 commit by dnId=f89ecde1-abfa-4530-92e2-4a065b7725ea for containerID=#19 failed. Corresponding entry not found.
2021-08-15 14:03:33,561 [EventQueue-DeleteBlockStatusForDeletedBlockLogImpl] DEBUG block.DeletedBlockLogImpl (DeletedBlockLogImpl.java:isTransactionFailed(278)) - Got block deletion ACK from datanode, TXIDs=20, success=true
2021-08-15 14:03:33,561 [EventQueue-DeleteBlockStatusForDeletedBlockLogImpl] DEBUG block.DeletedBlockLogImpl (DeletedBlockLogImpl.java:commitTransactions(224)) - Transaction txId=20 commit by dnId=f89ecde1-abfa-4530-92e2-4a065b7725ea for containerID=#20 failed. Corresponding entry not found.
2021-08-15 14:03:33,561 [EventQueue-DeleteBlockStatusForDeletedBlockLogImpl] DEBUG block.DeletedBlockLogImpl (DeletedBlockLogImpl.java:isTransactionFailed(278)) - Got block deletion ACK from datanode, TXIDs=21, success=true
2021-08-15 14:03:33,561 [EventQueue-DeleteBlockStatusForDeletedBlockLogImpl] DEBUG block.DeletedBlockLogImpl (DeletedBlockLogImpl.java:commitTransactions(224)) - Transaction txId=21 commit by dnId=f89ecde1-abfa-4530-92e2-4a065b7725ea for containerID=#21 failed. Corresponding entry not found.
2021-08-15 14:03:33,561 [EventQueue-DeleteBlockStatusForDeletedBlockLogImpl] DEBUG block.DeletedBlockLogImpl (DeletedBlockLogImpl.java:isTransactionFailed(278)) - Got block deletion ACK from datanode, TXIDs=22, success=true
2021-08-15 14:03:33,561 [EventQueue-DeleteBlockStatusForDeletedBlockLogImpl] DEBUG block.DeletedBlockLogImpl (DeletedBlockLogImpl.java:commitTransactions(224)) - Transaction txId=22 commit by dnId=f89ecde1-abfa-4530-92e2-4a065b7725ea for containerID=#22 failed. Corresponding entry not found.
2021-08-15 14:03:33,561 [EventQueue-DeleteBlockStatusForDeletedBlockLogImpl] DEBUG block.DeletedBlockLogImpl (DeletedBlockLogImpl.java:isTransactionFailed(278)) - Got block deletion ACK from datanode, TXIDs=23, success=true
2021-08-15 14:03:33,561 [EventQueue-DeleteBlockStatusForDeletedBlockLogImpl] DEBUG block.DeletedBlockLogImpl (DeletedBlockLogImpl.java:commitTransactions(224)) - Transaction txId=23 commit by dnId=f89ecde1-abfa-4530-92e2-4a065b7725ea for containerID=#23 failed. Corresponding entry not found.
2021-08-15 14:03:33,561 [EventQueue-DeleteBlockStatusForDeletedBlockLogImpl] DEBUG block.DeletedBlockLogImpl (DeletedBlockLogImpl.java:isTransactionFailed(278)) - Got block deletion ACK from datanode, TXIDs=24, success=true
2021-08-15 14:03:33,561 [EventQueue-DeleteBlockStatusForDeletedBlockLogImpl] DEBUG block.DeletedBlockLogImpl (DeletedBlockLogImpl.java:commitTransactions(224)) - Transaction txId=24 commit by dnId=f89ecde1-abfa-4530-92e2-4a065b7725ea for containerID=#24 failed. Corresponding entry not found.
2021-08-15 14:03:33,561 [EventQueue-DeleteBlockStatusForDeletedBlockLogImpl] DEBUG block.DeletedBlockLogImpl (DeletedBlockLogImpl.java:isTransactionFailed(278)) - Got block deletion ACK from datanode, TXIDs=25, success=true
2021-08-15 14:03:33,561 [EventQueue-DeleteBlockStatusForDeletedBlockLogImpl] DEBUG block.DeletedBlockLogImpl (DeletedBlockLogImpl.java:commitTransactions(224)) - Transaction txId=25 commit by dnId=f89ecde1-abfa-4530-92e2-4a065b7725ea for containerID=#25 failed. Corresponding entry not found.
2021-08-15 14:03:33,561 [EventQueue-DeleteBlockStatusForDeletedBlockLogImpl] DEBUG block.DeletedBlockLogImpl (DeletedBlockLogImpl.java:isTransactionFailed(278)) - Got block deletion ACK from datanode, TXIDs=26, success=true
2021-08-15 14:03:33,561 [EventQueue-DeleteBlockStatusForDeletedBlockLogImpl] DEBUG block.DeletedBlockLogImpl (DeletedBlockLogImpl.java:commitTransactions(224)) - Transaction txId=26 commit by dnId=f89ecde1-abfa-4530-92e2-4a065b7725ea for containerID=#26 failed. Corresponding entry not found.
2021-08-15 14:03:33,561 [EventQueue-DeleteBlockStatusForDeletedBlockLogImpl] DEBUG block.DeletedBlockLogImpl (DeletedBlockLogImpl.java:isTransactionFailed(278)) - Got block deletion ACK from datanode, TXIDs=27, success=true
2021-08-15 14:03:33,561 [EventQueue-DeleteBlockStatusForDeletedBlockLogImpl] DEBUG block.DeletedBlockLogImpl (DeletedBlockLogImpl.java:commitTransactions(224)) - Transaction txId=27 commit by dnId=f89ecde1-abfa-4530-92e2-4a065b7725ea for containerID=#27 failed. Corresponding entry not found.
2021-08-15 14:03:33,561 [EventQueue-DeleteBlockStatusForDeletedBlockLogImpl] DEBUG block.DeletedBlockLogImpl (DeletedBlockLogImpl.java:isTransactionFailed(278)) - Got block deletion ACK from datanode, TXIDs=28, success=true
2021-08-15 14:03:33,561 [EventQueue-DeleteBlockStatusForDeletedBlockLogImpl] DEBUG block.DeletedBlockLogImpl (DeletedBlockLogImpl.java:commitTransactions(224)) - Transaction txId=28 commit by dnId=f89ecde1-abfa-4530-92e2-4a065b7725ea for containerID=#28 failed. Corresponding entry not found.
2021-08-15 14:03:33,561 [EventQueue-DeleteBlockStatusForDeletedBlockLogImpl] DEBUG block.DeletedBlockLogImpl (DeletedBlockLogImpl.java:isTransactionFailed(278)) - Got block deletion ACK from datanode, TXIDs=29, success=true
2021-08-15 14:03:33,561 [EventQueue-DeleteBlockStatusForDeletedBlockLogImpl] DEBUG block.DeletedBlockLogImpl (DeletedBlockLogImpl.java:commitTransactions(224)) - Transaction txId=29 commit by dnId=f89ecde1-abfa-4530-92e2-4a065b7725ea for containerID=#29 failed. Corresponding entry not found.
2021-08-15 14:03:33,561 [EventQueue-DeleteBlockStatusForDeletedBlockLogImpl] DEBUG block.DeletedBlockLogImpl (DeletedBlockLogImpl.java:isTransactionFailed(278)) - Got block deletion ACK from datanode, TXIDs=30, success=true
2021-08-15 14:03:33,561 [EventQueue-DeleteBlockStatusForDeletedBlockLogImpl] DEBUG block.DeletedBlockLogImpl (DeletedBlockLogImpl.java:commitTransactions(224)) - Transaction txId=30 commit by dnId=f89ecde1-abfa-4530-92e2-4a065b7725ea for containerID=#30 failed. Corresponding entry not found.
2021-08-15 14:03:33,561 [EventQueue-DeleteBlockStatusForDeletedBlockLogImpl] DEBUG block.DeletedBlockLogImpl (DeletedBlockLogImpl.java:isTransactionFailed(278)) - Got block deletion ACK from datanode, TXIDs=31, success=true
2021-08-15 14:03:33,561 [EventQueue-DeleteBlockStatusForDeletedBlockLogImpl] DEBUG block.DeletedBlockLogImpl (DeletedBlockLogImpl.java:commitTransactions(224)) - Transaction txId=31 commit by dnId=f89ecde1-abfa-4530-92e2-4a065b7725ea for containerID=#31 failed. Corresponding entry not found.
2021-08-15 14:03:33,561 [EventQueue-DeleteBlockStatusForDeletedBlockLogImpl] DEBUG block.DeletedBlockLogImpl (DeletedBlockLogImpl.java:isTransactionFailed(278)) - Got block deletion ACK from datanode, TXIDs=32, success=true
2021-08-15 14:03:33,561 [EventQueue-DeleteBlockStatusForDeletedBlockLogImpl] DEBUG block.DeletedBlockLogImpl (DeletedBlockLogImpl.java:commitTransactions(224)) - Transaction txId=32 commit by dnId=f89ecde1-abfa-4530-92e2-4a065b7725ea for containerID=#32 failed. Corresponding entry not found.
2021-08-15 14:03:33,562 [EventQueue-DeleteBlockStatusForDeletedBlockLogImpl] DEBUG block.DeletedBlockLogImpl (DeletedBlockLogImpl.java:isTransactionFailed(278)) - Got block deletion ACK from datanode, TXIDs=33, success=true
2021-08-15 14:03:33,562 [EventQueue-DeleteBlockStatusForDeletedBlockLogImpl] DEBUG block.DeletedBlockLogImpl (DeletedBlockLogImpl.java:commitTransactions(224)) - Transaction txId=33 commit by dnId=f89ecde1-abfa-4530-92e2-4a065b7725ea for containerID=#33 failed. Corresponding entry not found.
2021-08-15 14:03:33,562 [EventQueue-DeleteBlockStatusForDeletedBlockLogImpl] DEBUG block.DeletedBlockLogImpl (DeletedBlockLogImpl.java:isTransactionFailed(278)) - Got block deletion ACK from datanode, TXIDs=34, success=true
2021-08-15 14:03:33,562 [EventQueue-DeleteBlockStatusForDeletedBlockLogImpl] DEBUG block.DeletedBlockLogImpl (DeletedBlockLogImpl.java:commitTransactions(224)) - Transaction txId=34 commit by dnId=f89ecde1-abfa-4530-92e2-4a065b7725ea for containerID=#34 failed. Corresponding entry not found.
2021-08-15 14:03:33,562 [EventQueue-DeleteBlockStatusForDeletedBlockLogImpl] DEBUG block.DeletedBlockLogImpl (DeletedBlockLogImpl.java:isTransactionFailed(278)) - Got block deletion ACK from datanode, TXIDs=35, success=true
2021-08-15 14:03:33,562 [EventQueue-DeleteBlockStatusForDeletedBlockLogImpl] DEBUG block.DeletedBlockLogImpl (DeletedBlockLogImpl.java:commitTransactions(224)) - Transaction txId=35 commit by dnId=f89ecde1-abfa-4530-92e2-4a065b7725ea for containerID=#35 failed. Corresponding entry not found.
2021-08-15 14:03:33,562 [EventQueue-DeleteBlockStatusForDeletedBlockLogImpl] DEBUG block.DeletedBlockLogImpl (DeletedBlockLogImpl.java:isTransactionFailed(278)) - Got block deletion ACK from datanode, TXIDs=36, success=true
2021-08-15 14:03:33,562 [EventQueue-DeleteBlockStatusForDeletedBlockLogImpl] DEBUG block.DeletedBlockLogImpl (DeletedBlockLogImpl.java:commitTransactions(224)) - Transaction txId=36 commit by dnId=f89ecde1-abfa-4530-92e2-4a065b7725ea for containerID=#36 failed. Corresponding entry not found.
2021-08-15 14:03:33,562 [EventQueue-DeleteBlockStatusForDeletedBlockLogImpl] DEBUG block.DeletedBlockLogImpl (DeletedBlockLogImpl.java:isTransactionFailed(278)) - Got block deletion ACK from datanode, TXIDs=37, success=true
2021-08-15 14:03:33,562 [EventQueue-DeleteBlockStatusForDeletedBlockLogImpl] DEBUG block.DeletedBlockLogImpl (DeletedBlockLogImpl.java:commitTransactions(224)) - Transaction txId=37 commit by dnId=f89ecde1-abfa-4530-92e2-4a065b7725ea for containerID=#37 failed. Corresponding entry not found.
2021-08-15 14:03:33,566 [EventQueue-DeleteBlockStatusForDeletedBlockLogImpl] DEBUG block.DeletedBlockLogImpl (DeletedBlockLogImpl.java:isTransactionFailed(278)) - Got block deletion ACK from datanode, TXIDs=38, success=true
2021-08-15 14:03:33,566 [EventQueue-DeleteBlockStatusForDeletedBlockLogImpl] DEBUG block.DeletedBlockLogImpl (DeletedBlockLogImpl.java:commitTransactions(224)) - Transaction txId=38 commit by dnId=f89ecde1-abfa-4530-92e2-4a065b7725ea for containerID=#38 failed. Corresponding entry not found.
2021-08-15 14:03:33,566 [EventQueue-DeleteBlockStatusForDeletedBlockLogImpl] DEBUG block.DeletedBlockLogImpl (DeletedBlockLogImpl.java:isTransactionFailed(278)) - Got block deletion ACK from datanode, TXIDs=39, success=true
2021-08-15 14:03:33,566 [EventQueue-DeleteBlockStatusForDeletedBlockLogImpl] DEBUG block.DeletedBlockLogImpl (DeletedBlockLogImpl.java:commitTransactions(224)) - Transaction txId=39 commit by dnId=f89ecde1-abfa-4530-92e2-4a065b7725ea for containerID=#39 failed. Corresponding entry not found.
2021-08-15 14:03:33,566 [EventQueue-DeleteBlockStatusForDeletedBlockLogImpl] DEBUG block.DeletedBlockLogImpl (DeletedBlockLogImpl.java:isTransactionFailed(278)) - Got block deletion ACK from datanode, TXIDs=40, success=true
2021-08-15 14:03:33,566 [EventQueue-DeleteBlockStatusForDeletedBlockLogImpl] DEBUG block.DeletedBlockLogImpl (DeletedBlockLogImpl.java:commitTransactions(224)) - Transaction txId=40 commit by dnId=f89ecde1-abfa-4530-92e2-4a065b7725ea for containerID=#40 failed. Corresponding entry not found.
2021-08-15 14:03:33,566 [EventQueue-DeleteBlockStatusForDeletedBlockLogImpl] DEBUG block.DeletedBlockLogImpl (DeletedBlockLogImpl.java:isTransactionFailed(278)) - Got block deletion ACK from datanode, TXIDs=41, success=true
2021-08-15 14:03:33,566 [EventQueue-DeleteBlockStatusForDeletedBlockLogImpl] DEBUG block.DeletedBlockLogImpl (DeletedBlockLogImpl.java:commitTransactions(224)) - Transaction txId=41 commit by dnId=f89ecde1-abfa-4530-92e2-4a065b7725ea for containerID=#41 failed. Corresponding entry not found.
2021-08-15 14:03:33,566 [EventQueue-DeleteBlockStatusForDeletedBlockLogImpl] DEBUG block.DeletedBlockLogImpl (DeletedBlockLogImpl.java:isTransactionFailed(278)) - Got block deletion ACK from datanode, TXIDs=42, success=true
2021-08-15 14:03:33,566 [EventQueue-DeleteBlockStatusForDeletedBlockLogImpl] DEBUG block.DeletedBlockLogImpl (DeletedBlockLogImpl.java:commitTransactions(224)) - Transaction txId=42 commit by dnId=f89ecde1-abfa-4530-92e2-4a065b7725ea for containerID=#42 failed. Corresponding entry not found.
2021-08-15 14:03:33,566 [EventQueue-DeleteBlockStatusForDeletedBlockLogImpl] DEBUG block.DeletedBlockLogImpl (DeletedBlockLogImpl.java:isTransactionFailed(278)) - Got block deletion ACK from datanode, TXIDs=43, success=true
2021-08-15 14:03:33,566 [EventQueue-DeleteBlockStatusForDeletedBlockLogImpl] DEBUG block.DeletedBlockLogImpl (DeletedBlockLogImpl.java:commitTransactions(224)) - Transaction txId=43 commit by dnId=f89ecde1-abfa-4530-92e2-4a065b7725ea for containerID=#43 failed. Corresponding entry not found.
2021-08-15 14:03:33,566 [EventQueue-DeleteBlockStatusForDeletedBlockLogImpl] DEBUG block.DeletedBlockLogImpl (DeletedBlockLogImpl.java:isTransactionFailed(278)) - Got block deletion ACK from datanode, TXIDs=44, success=true
2021-08-15 14:03:33,566 [EventQueue-DeleteBlockStatusForDeletedBlockLogImpl] DEBUG block.DeletedBlockLogImpl (DeletedBlockLogImpl.java:commitTransactions(224)) - Transaction txId=44 commit by dnId=f89ecde1-abfa-4530-92e2-4a065b7725ea for containerID=#44 failed. Corresponding entry not found.
2021-08-15 14:03:33,566 [EventQueue-DeleteBlockStatusForDeletedBlockLogImpl] DEBUG block.DeletedBlockLogImpl (DeletedBlockLogImpl.java:isTransactionFailed(278)) - Got block deletion ACK from datanode, TXIDs=45, success=true
2021-08-15 14:03:33,566 [EventQueue-DeleteBlockStatusForDeletedBlockLogImpl] DEBUG block.DeletedBlockLogImpl (DeletedBlockLogImpl.java:commitTransactions(224)) - Transaction txId=45 commit by dnId=f89ecde1-abfa-4530-92e2-4a065b7725ea for containerID=#45 failed. Corresponding entry not found.
2021-08-15 14:03:33,566 [EventQueue-DeleteBlockStatusForDeletedBlockLogImpl] DEBUG block.DeletedBlockLogImpl (DeletedBlockLogImpl.java:isTransactionFailed(278)) - Got block deletion ACK from datanode, TXIDs=46, success=true
2021-08-15 14:03:33,566 [EventQueue-DeleteBlockStatusForDeletedBlockLogImpl] DEBUG block.DeletedBlockLogImpl (DeletedBlockLogImpl.java:commitTransactions(224)) - Transaction txId=46 commit by dnId=f89ecde1-abfa-4530-92e2-4a065b7725ea for containerID=#46 failed. Corresponding entry not found.
2021-08-15 14:03:33,566 [EventQueue-DeleteBlockStatusForDeletedBlockLogImpl] DEBUG block.DeletedBlockLogImpl (DeletedBlockLogImpl.java:isTransactionFailed(278)) - Got block deletion ACK from datanode, TXIDs=47, success=true
2021-08-15 14:03:33,566 [EventQueue-DeleteBlockStatusForDeletedBlockLogImpl] DEBUG block.DeletedBlockLogImpl (DeletedBlockLogImpl.java:commitTransactions(224)) - Transaction txId=47 commit by dnId=f89ecde1-abfa-4530-92e2-4a065b7725ea for containerID=#47 failed. Corresponding entry not found.
2021-08-15 14:03:33,566 [EventQueue-DeleteBlockStatusForDeletedBlockLogImpl] DEBUG block.DeletedBlockLogImpl (DeletedBlockLogImpl.java:isTransactionFailed(278)) - Got block deletion ACK from datanode, TXIDs=48, success=true
2021-08-15 14:03:33,566 [EventQueue-DeleteBlockStatusForDeletedBlockLogImpl] DEBUG block.DeletedBlockLogImpl (DeletedBlockLogImpl.java:commitTransactions(224)) - Transaction txId=48 commit by dnId=f89ecde1-abfa-4530-92e2-4a065b7725ea for containerID=#48 failed. Corresponding entry not found.
2021-08-15 14:03:33,566 [EventQueue-DeleteBlockStatusForDeletedBlockLogImpl] DEBUG block.DeletedBlockLogImpl (DeletedBlockLogImpl.java:isTransactionFailed(278)) - Got block deletion ACK from datanode, TXIDs=49, success=true
2021-08-15 14:03:33,566 [EventQueue-DeleteBlockStatusForDeletedBlockLogImpl] DEBUG block.DeletedBlockLogImpl (DeletedBlockLogImpl.java:commitTransactions(224)) - Transaction txId=49 commit by dnId=f89ecde1-abfa-4530-92e2-4a065b7725ea for containerID=#49 failed. Corresponding entry not found.
2021-08-15 14:03:33,566 [EventQueue-DeleteBlockStatusForDeletedBlockLogImpl] DEBUG block.DeletedBlockLogImpl (DeletedBlockLogImpl.java:isTransactionFailed(278)) - Got block deletion ACK from datanode, TXIDs=50, success=true
2021-08-15 14:03:33,566 [EventQueue-DeleteBlockStatusForDeletedBlockLogImpl] DEBUG block.DeletedBlockLogImpl (DeletedBlockLogImpl.java:commitTransactions(224)) - Transaction txId=50 commit by dnId=f89ecde1-abfa-4530-92e2-4a065b7725ea for containerID=#50 failed. Corresponding entry not found.
2021-08-15 14:03:33,566 [EventQueue-DeleteBlockStatusForDeletedBlockLogImpl] DEBUG block.DeletedBlockLogImpl (DeletedBlockLogImpl.java:isTransactionFailed(278)) - Got block deletion ACK from datanode, TXIDs=51, success=true
2021-08-15 14:03:33,567 [EventQueue-DeleteBlockStatusForDeletedBlockLogImpl] DEBUG block.DeletedBlockLogImpl (DeletedBlockLogImpl.java:commitTransactions(224)) - Transaction txId=51 commit by dnId=f89ecde1-abfa-4530-92e2-4a065b7725ea for containerID=#51 failed. Corresponding entry not found.
2021-08-15 14:03:33,567 [EventQueue-DeleteBlockStatusForDeletedBlockLogImpl] DEBUG block.DeletedBlockLogImpl (DeletedBlockLogImpl.java:isTransactionFailed(278)) - Got block deletion ACK from datanode, TXIDs=52, success=true
2021-08-15 14:03:33,567 [EventQueue-DeleteBlockStatusForDeletedBlockLogImpl] DEBUG block.DeletedBlockLogImpl (DeletedBlockLogImpl.java:commitTransactions(224)) - Transaction txId=52 commit by dnId=f89ecde1-abfa-4530-92e2-4a065b7725ea for containerID=#52 failed. Corresponding entry not found.
2021-08-15 14:03:33,567 [EventQueue-DeleteBlockStatusForDeletedBlockLogImpl] DEBUG block.DeletedBlockLogImpl (DeletedBlockLogImpl.java:isTransactionFailed(278)) - Got block deletion ACK from datanode, TXIDs=53, success=true
2021-08-15 14:03:33,567 [EventQueue-DeleteBlockStatusForDeletedBlockLogImpl] DEBUG block.DeletedBlockLogImpl (DeletedBlockLogImpl.java:commitTransactions(224)) - Transaction txId=53 commit by dnId=f89ecde1-abfa-4530-92e2-4a065b7725ea for containerID=#53 failed. Corresponding entry not found.
2021-08-15 14:03:33,567 [EventQueue-DeleteBlockStatusForDeletedBlockLogImpl] DEBUG block.DeletedBlockLogImpl (DeletedBlockLogImpl.java:isTransactionFailed(278)) - Got block deletion ACK from datanode, TXIDs=54, success=true
2021-08-15 14:03:33,567 [EventQueue-DeleteBlockStatusForDeletedBlockLogImpl] DEBUG block.DeletedBlockLogImpl (DeletedBlockLogImpl.java:commitTransactions(224)) - Transaction txId=54 commit by dnId=f89ecde1-abfa-4530-92e2-4a065b7725ea for containerID=#54 failed. Corresponding entry not found.
2021-08-15 14:03:33,567 [EventQueue-DeleteBlockStatusForDeletedBlockLogImpl] DEBUG block.DeletedBlockLogImpl (DeletedBlockLogImpl.java:isTransactionFailed(278)) - Got block deletion ACK from datanode, TXIDs=55, success=true
2021-08-15 14:03:33,567 [EventQueue-DeleteBlockStatusForDeletedBlockLogImpl] DEBUG block.DeletedBlockLogImpl (DeletedBlockLogImpl.java:commitTransactions(224)) - Transaction txId=55 commit by dnId=f89ecde1-abfa-4530-92e2-4a065b7725ea for containerID=#55 failed. Corresponding entry not found.
2021-08-15 14:03:33,567 [EventQueue-DeleteBlockStatusForDeletedBlockLogImpl] DEBUG block.DeletedBlockLogImpl (DeletedBlockLogImpl.java:isTransactionFailed(278)) - Got block deletion ACK from datanode, TXIDs=56, success=true
2021-08-15 14:03:33,567 [EventQueue-DeleteBlockStatusForDeletedBlockLogImpl] DEBUG block.DeletedBlockLogImpl (DeletedBlockLogImpl.java:commitTransactions(224)) - Transaction txId=56 commit by dnId=f89ecde1-abfa-4530-92e2-4a065b7725ea for containerID=#56 failed. Corresponding entry not found.
2021-08-15 14:03:33,567 [EventQueue-DeleteBlockStatusForDeletedBlockLogImpl] DEBUG block.DeletedBlockLogImpl (DeletedBlockLogImpl.java:isTransactionFailed(278)) - Got block deletion ACK from datanode, TXIDs=17, success=true
2021-08-15 14:03:33,567 [EventQueue-DeleteBlockStatusForDeletedBlockLogImpl] DEBUG block.DeletedBlockLogImpl (DeletedBlockLogImpl.java:commitTransactions(224)) - Transaction txId=17 commit by dnId=f89ecde1-abfa-4530-92e2-4a065b7725ea for containerID=#17 failed. Corresponding entry not found.
2021-08-15 14:03:33,567 [EventQueue-DeleteBlockStatusForDeletedBlockLogImpl] DEBUG block.DeletedBlockLogImpl (DeletedBlockLogImpl.java:isTransactionFailed(278)) - Got block deletion ACK from datanode, TXIDs=18, success=true
2021-08-15 14:03:33,567 [EventQueue-DeleteBlockStatusForDeletedBlockLogImpl] DEBUG block.DeletedBlockLogImpl (DeletedBlockLogImpl.java:commitTransactions(224)) - Transaction txId=18 commit by dnId=f89ecde1-abfa-4530-92e2-4a065b7725ea for containerID=#18 failed. Corresponding entry not found.
2021-08-15 14:03:33,567 [EventQueue-DeleteBlockStatusForDeletedBlockLogImpl] DEBUG block.DeletedBlockLogImpl (DeletedBlockLogImpl.java:isTransactionFailed(278)) - Got block deletion ACK from datanode, TXIDs=19, success=true
2021-08-15 14:03:33,567 [EventQueue-DeleteBlockStatusForDeletedBlockLogImpl] DEBUG block.DeletedBlockLogImpl (DeletedBlockLogImpl.java:commitTransactions(224)) - Transaction txId=19 commit by dnId=f89ecde1-abfa-4530-92e2-4a065b7725ea for containerID=#19 failed. Corresponding entry not found.
2021-08-15 14:03:33,567 [EventQueue-DeleteBlockStatusForDeletedBlockLogImpl] DEBUG block.DeletedBlockLogImpl (DeletedBlockLogImpl.java:isTransactionFailed(278)) - Got block deletion ACK from datanode, TXIDs=20, success=true
2021-08-15 14:03:33,567 [EventQueue-DeleteBlockStatusForDeletedBlockLogImpl] DEBUG block.DeletedBlockLogImpl (DeletedBlockLogImpl.java:commitTransactions(224)) - Transaction txId=20 commit by dnId=f89ecde1-abfa-4530-92e2-4a065b7725ea for containerID=#20 failed. Corresponding entry not found.
2021-08-15 14:03:33,567 [EventQueue-DeleteBlockStatusForDeletedBlockLogImpl] DEBUG block.DeletedBlockLogImpl (DeletedBlockLogImpl.java:isTransactionFailed(278)) - Got block deletion ACK from datanode, TXIDs=21, success=true
2021-08-15 14:03:33,567 [EventQueue-DeleteBlockStatusForDeletedBlockLogImpl] DEBUG block.DeletedBlockLogImpl (DeletedBlockLogImpl.java:commitTransactions(224)) - Transaction txId=21 commit by dnId=f89ecde1-abfa-4530-92e2-4a065b7725ea for containerID=#21 failed. Corresponding entry not found.
2021-08-15 14:03:33,567 [EventQueue-DeleteBlockStatusForDeletedBlockLogImpl] DEBUG block.DeletedBlockLogImpl (DeletedBlockLogImpl.java:isTransactionFailed(278)) - Got block deletion ACK from datanode, TXIDs=22, success=true
2021-08-15 14:03:33,567 [EventQueue-DeleteBlockStatusForDeletedBlockLogImpl] DEBUG block.DeletedBlockLogImpl (DeletedBlockLogImpl.java:commitTransactions(224)) - Transaction txId=22 commit by dnId=f89ecde1-abfa-4530-92e2-4a065b7725ea for containerID=#22 failed. Corresponding entry not found.
2021-08-15 14:03:33,567 [EventQueue-DeleteBlockStatusForDeletedBlockLogImpl] DEBUG block.DeletedBlockLogImpl (DeletedBlockLogImpl.java:isTransactionFailed(278)) - Got block deletion ACK from datanode, TXIDs=23, success=true
2021-08-15 14:03:33,567 [EventQueue-DeleteBlockStatusForDeletedBlockLogImpl] DEBUG block.DeletedBlockLogImpl (DeletedBlockLogImpl.java:commitTransactions(224)) - Transaction txId=23 commit by dnId=f89ecde1-abfa-4530-92e2-4a065b7725ea for containerID=#23 failed. Corresponding entry not found.
2021-08-15 14:03:33,567 [EventQueue-DeleteBlockStatusForDeletedBlockLogImpl] DEBUG block.DeletedBlockLogImpl (DeletedBlockLogImpl.java:isTransactionFailed(278)) - Got block deletion ACK from datanode, TXIDs=24, success=true
2021-08-15 14:03:33,567 [EventQueue-DeleteBlockStatusForDeletedBlockLogImpl] DEBUG block.DeletedBlockLogImpl (DeletedBlockLogImpl.java:commitTransactions(224)) - Transaction txId=24 commit by dnId=f89ecde1-abfa-4530-92e2-4a065b7725ea for containerID=#24 failed. Corresponding entry not found.
2021-08-15 14:03:33,567 [EventQueue-DeleteBlockStatusForDeletedBlockLogImpl] DEBUG block.DeletedBlockLogImpl (DeletedBlockLogImpl.java:isTransactionFailed(278)) - Got block deletion ACK from datanode, TXIDs=25, success=true
2021-08-15 14:03:33,567 [EventQueue-DeleteBlockStatusForDeletedBlockLogImpl] DEBUG block.DeletedBlockLogImpl (DeletedBlockLogImpl.java:commitTransactions(224)) - Transaction txId=25 commit by dnId=f89ecde1-abfa-4530-92e2-4a065b7725ea for containerID=#25 failed. Corresponding entry not found.
2021-08-15 14:03:33,567 [EventQueue-DeleteBlockStatusForDeletedBlockLogImpl] DEBUG block.DeletedBlockLogImpl (DeletedBlockLogImpl.java:isTransactionFailed(278)) - Got block deletion ACK from datanode, TXIDs=26, success=true
2021-08-15 14:03:33,567 [EventQueue-DeleteBlockStatusForDeletedBlockLogImpl] DEBUG block.DeletedBlockLogImpl (DeletedBlockLogImpl.java:commitTransactions(224)) - Transaction txId=26 commit by dnId=f89ecde1-abfa-4530-92e2-4a065b7725ea for containerID=#26 failed. Corresponding entry not found.
2021-08-15 14:03:33,567 [EventQueue-DeleteBlockStatusForDeletedBlockLogImpl] DEBUG block.DeletedBlockLogImpl (DeletedBlockLogImpl.java:isTransactionFailed(278)) - Got block deletion ACK from datanode, TXIDs=27, success=true
2021-08-15 14:03:33,567 [EventQueue-DeleteBlockStatusForDeletedBlockLogImpl] DEBUG block.DeletedBlockLogImpl (DeletedBlockLogImpl.java:commitTransactions(224)) - Transaction txId=27 commit by dnId=f89ecde1-abfa-4530-92e2-4a065b7725ea for containerID=#27 failed. Corresponding entry not found.
2021-08-15 14:03:33,567 [EventQueue-DeleteBlockStatusForDeletedBlockLogImpl] DEBUG block.DeletedBlockLogImpl (DeletedBlockLogImpl.java:isTransactionFailed(278)) - Got block deletion ACK from datanode, TXIDs=28, success=true
2021-08-15 14:03:33,567 [EventQueue-DeleteBlockStatusForDeletedBlockLogImpl] DEBUG block.DeletedBlockLogImpl (DeletedBlockLogImpl.java:commitTransactions(224)) - Transaction txId=28 commit by dnId=f89ecde1-abfa-4530-92e2-4a065b7725ea for containerID=#28 failed. Corresponding entry not found.
2021-08-15 14:03:33,567 [EventQueue-DeleteBlockStatusForDeletedBlockLogImpl] DEBUG block.DeletedBlockLogImpl (DeletedBlockLogImpl.java:isTransactionFailed(278)) - Got block deletion ACK from datanode, TXIDs=29, success=true
2021-08-15 14:03:33,567 [EventQueue-DeleteBlockStatusForDeletedBlockLogImpl] DEBUG block.DeletedBlockLogImpl (DeletedBlockLogImpl.java:commitTransactions(224)) - Transaction txId=29 commit by dnId=f89ecde1-abfa-4530-92e2-4a065b7725ea for containerID=#29 failed. Corresponding entry not found.
2021-08-15 14:03:33,567 [EventQueue-DeleteBlockStatusForDeletedBlockLogImpl] DEBUG block.DeletedBlockLogImpl (DeletedBlockLogImpl.java:isTransactionFailed(278)) - Got block deletion ACK from datanode, TXIDs=30, success=true
2021-08-15 14:03:33,567 [EventQueue-DeleteBlockStatusForDeletedBlockLogImpl] DEBUG block.DeletedBlockLogImpl (DeletedBlockLogImpl.java:commitTransactions(224)) - Transaction txId=30 commit by dnId=f89ecde1-abfa-4530-92e2-4a065b7725ea for containerID=#30 failed. Corresponding entry not found.
2021-08-15 14:03:33,567 [EventQueue-DeleteBlockStatusForDeletedBlockLogImpl] DEBUG block.DeletedBlockLogImpl (DeletedBlockLogImpl.java:isTransactionFailed(278)) - Got block deletion ACK from datanode, TXIDs=31, success=true
2021-08-15 14:03:33,567 [EventQueue-DeleteBlockStatusForDeletedBlockLogImpl] DEBUG block.DeletedBlockLogImpl (DeletedBlockLogImpl.java:commitTransactions(224)) - Transaction txId=31 commit by dnId=f89ecde1-abfa-4530-92e2-4a065b7725ea for containerID=#31 failed. Corresponding entry not found.
2021-08-15 14:03:33,567 [EventQueue-DeleteBlockStatusForDeletedBlockLogImpl] DEBUG block.DeletedBlockLogImpl (DeletedBlockLogImpl.java:isTransactionFailed(278)) - Got block deletion ACK from datanode, TXIDs=32, success=true
2021-08-15 14:03:33,567 [EventQueue-DeleteBlockStatusForDeletedBlockLogImpl] DEBUG block.DeletedBlockLogImpl (DeletedBlockLogImpl.java:commitTransactions(224)) - Transaction txId=32 commit by dnId=f89ecde1-abfa-4530-92e2-4a065b7725ea for containerID=#32 failed. Corresponding entry not found.
2021-08-15 14:03:33,567 [EventQueue-DeleteBlockStatusForDeletedBlockLogImpl] DEBUG block.DeletedBlockLogImpl (DeletedBlockLogImpl.java:isTransactionFailed(278)) - Got block deletion ACK from datanode, TXIDs=33, success=true
2021-08-15 14:03:33,567 [EventQueue-DeleteBlockStatusForDeletedBlockLogImpl] DEBUG block.DeletedBlockLogImpl (DeletedBlockLogImpl.java:commitTransactions(224)) - Transaction txId=33 commit by dnId=f89ecde1-abfa-4530-92e2-4a065b7725ea for containerID=#33 failed. Corresponding entry not found.
2021-08-15 14:03:33,567 [EventQueue-DeleteBlockStatusForDeletedBlockLogImpl] DEBUG block.DeletedBlockLogImpl (DeletedBlockLogImpl.java:isTransactionFailed(278)) - Got block deletion ACK from datanode, TXIDs=34, success=true
2021-08-15 14:03:33,567 [EventQueue-DeleteBlockStatusForDeletedBlockLogImpl] DEBUG block.DeletedBlockLogImpl (DeletedBlockLogImpl.java:commitTransactions(224)) - Transaction txId=34 commit by dnId=f89ecde1-abfa-4530-92e2-4a065b7725ea for containerID=#34 failed. Corresponding entry not found.
2021-08-15 14:03:33,567 [EventQueue-DeleteBlockStatusForDeletedBlockLogImpl] DEBUG block.DeletedBlockLogImpl (DeletedBlockLogImpl.java:isTransactionFailed(278)) - Got block deletion ACK from datanode, TXIDs=35, success=true
2021-08-15 14:03:33,567 [EventQueue-DeleteBlockStatusForDeletedBlockLogImpl] DEBUG block.DeletedBlockLogImpl (DeletedBlockLogImpl.java:commitTransactions(224)) - Transaction txId=35 commit by dnId=f89ecde1-abfa-4530-92e2-4a065b7725ea for containerID=#35 failed. Corresponding entry not found.
2021-08-15 14:03:33,567 [EventQueue-DeleteBlockStatusForDeletedBlockLogImpl] DEBUG block.DeletedBlockLogImpl (DeletedBlockLogImpl.java:isTransactionFailed(278)) - Got block deletion ACK from datanode, TXIDs=36, success=true
2021-08-15 14:03:33,567 [EventQueue-DeleteBlockStatusForDeletedBlockLogImpl] DEBUG block.DeletedBlockLogImpl (DeletedBlockLogImpl.java:commitTransactions(224)) - Transaction txId=36 commit by dnId=f89ecde1-abfa-4530-92e2-4a065b7725ea for containerID=#36 failed. Corresponding entry not found.
2021-08-15 14:03:33,567 [EventQueue-DeleteBlockStatusForDeletedBlockLogImpl] DEBUG block.DeletedBlockLogImpl (DeletedBlockLogImpl.java:isTransactionFailed(278)) - Got block deletion ACK from datanode, TXIDs=37, success=true
2021-08-15 14:03:33,568 [EventQueue-DeleteBlockStatusForDeletedBlockLogImpl] DEBUG block.DeletedBlockLogImpl (DeletedBlockLogImpl.java:commitTransactions(224)) - Transaction txId=37 commit by dnId=f89ecde1-abfa-4530-92e2-4a065b7725ea for containerID=#37 failed. Corresponding entry not found.
2021-08-15 14:03:33,568 [EventQueue-DeleteBlockStatusForDeletedBlockLogImpl] DEBUG block.DeletedBlockLogImpl (DeletedBlockLogImpl.java:isTransactionFailed(278)) - Got block deletion ACK from datanode, TXIDs=38, success=true
2021-08-15 14:03:33,568 [EventQueue-DeleteBlockStatusForDeletedBlockLogImpl] DEBUG block.DeletedBlockLogImpl (DeletedBlockLogImpl.java:commitTransactions(224)) - Transaction txId=38 commit by dnId=f89ecde1-abfa-4530-92e2-4a065b7725ea for containerID=#38 failed. Corresponding entry not found.
2021-08-15 14:03:33,568 [EventQueue-DeleteBlockStatusForDeletedBlockLogImpl] DEBUG block.DeletedBlockLogImpl (DeletedBlockLogImpl.java:isTransactionFailed(278)) - Got block deletion ACK from datanode, TXIDs=39, success=true
2021-08-15 14:03:33,568 [EventQueue-DeleteBlockStatusForDeletedBlockLogImpl] DEBUG block.DeletedBlockLogImpl (DeletedBlockLogImpl.java:commitTransactions(224)) - Transaction txId=39 commit by dnId=f89ecde1-abfa-4530-92e2-4a065b7725ea for containerID=#39 failed. Corresponding entry not found.
2021-08-15 14:03:33,568 [EventQueue-DeleteBlockStatusForDeletedBlockLogImpl] DEBUG block.DeletedBlockLogImpl (DeletedBlockLogImpl.java:isTransactionFailed(278)) - Got block deletion ACK from datanode, TXIDs=40, success=true
2021-08-15 14:03:33,568 [EventQueue-DeleteBlockStatusForDeletedBlockLogImpl] DEBUG block.DeletedBlockLogImpl (DeletedBlockLogImpl.java:commitTransactions(224)) - Transaction txId=40 commit by dnId=f89ecde1-abfa-4530-92e2-4a065b7725ea for containerID=#40 failed. Corresponding entry not found.
2021-08-15 14:03:33,568 [EventQueue-DeleteBlockStatusForDeletedBlockLogImpl] DEBUG block.DeletedBlockLogImpl (DeletedBlockLogImpl.java:isTransactionFailed(278)) - Got block deletion ACK from datanode, TXIDs=41, success=true
2021-08-15 14:03:33,568 [EventQueue-DeleteBlockStatusForDeletedBlockLogImpl] DEBUG block.DeletedBlockLogImpl (DeletedBlockLogImpl.java:commitTransactions(224)) - Transaction txId=41 commit by dnId=f89ecde1-abfa-4530-92e2-4a065b7725ea for containerID=#41 failed. Corresponding entry not found.
2021-08-15 14:03:33,568 [EventQueue-DeleteBlockStatusForDeletedBlockLogImpl] DEBUG block.DeletedBlockLogImpl (DeletedBlockLogImpl.java:isTransactionFailed(278)) - Got block deletion ACK from datanode, TXIDs=42, success=true
2021-08-15 14:03:33,568 [EventQueue-DeleteBlockStatusForDeletedBlockLogImpl] DEBUG block.DeletedBlockLogImpl (DeletedBlockLogImpl.java:commitTransactions(224)) - Transaction txId=42 commit by dnId=f89ecde1-abfa-4530-92e2-4a065b7725ea for containerID=#42 failed. Corresponding entry not found.
2021-08-15 14:03:33,568 [EventQueue-DeleteBlockStatusForDeletedBlockLogImpl] DEBUG block.DeletedBlockLogImpl (DeletedBlockLogImpl.java:isTransactionFailed(278)) - Got block deletion ACK from datanode, TXIDs=43, success=true
2021-08-15 14:03:33,568 [EventQueue-DeleteBlockStatusForDeletedBlockLogImpl] DEBUG block.DeletedBlockLogImpl (DeletedBlockLogImpl.java:commitTransactions(224)) - Transaction txId=43 commit by dnId=f89ecde1-abfa-4530-92e2-4a065b7725ea for containerID=#43 failed. Corresponding entry not found.
2021-08-15 14:03:33,568 [EventQueue-DeleteBlockStatusForDeletedBlockLogImpl] DEBUG block.DeletedBlockLogImpl (DeletedBlockLogImpl.java:isTransactionFailed(278)) - Got block deletion ACK from datanode, TXIDs=44, success=true
2021-08-15 14:03:33,568 [EventQueue-DeleteBlockStatusForDeletedBlockLogImpl] DEBUG block.DeletedBlockLogImpl (DeletedBlockLogImpl.java:commitTransactions(224)) - Transaction txId=44 commit by dnId=f89ecde1-abfa-4530-92e2-4a065b7725ea for containerID=#44 failed. Corresponding entry not found.
2021-08-15 14:03:33,568 [EventQueue-DeleteBlockStatusForDeletedBlockLogImpl] DEBUG block.DeletedBlockLogImpl (DeletedBlockLogImpl.java:isTransactionFailed(278)) - Got block deletion ACK from datanode, TXIDs=45, success=true
2021-08-15 14:03:33,568 [EventQueue-DeleteBlockStatusForDeletedBlockLogImpl] DEBUG block.DeletedBlockLogImpl (DeletedBlockLogImpl.java:commitTransactions(224)) - Transaction txId=45 commit by dnId=f89ecde1-abfa-4530-92e2-4a065b7725ea for containerID=#45 failed. Corresponding entry not found.
2021-08-15 14:03:33,568 [EventQueue-DeleteBlockStatusForDeletedBlockLogImpl] DEBUG block.DeletedBlockLogImpl (DeletedBlockLogImpl.java:isTransactionFailed(278)) - Got block deletion ACK from datanode, TXIDs=46, success=true
2021-08-15 14:03:33,568 [EventQueue-DeleteBlockStatusForDeletedBlockLogImpl] DEBUG block.DeletedBlockLogImpl (DeletedBlockLogImpl.java:commitTransactions(224)) - Transaction txId=46 commit by dnId=f89ecde1-abfa-4530-92e2-4a065b7725ea for containerID=#46 failed. Corresponding entry not found.
2021-08-15 14:03:33,568 [EventQueue-DeleteBlockStatusForDeletedBlockLogImpl] DEBUG block.DeletedBlockLogImpl (DeletedBlockLogImpl.java:isTransactionFailed(278)) - Got block deletion ACK from datanode, TXIDs=47, success=true
2021-08-15 14:03:33,568 [EventQueue-DeleteBlockStatusForDeletedBlockLogImpl] DEBUG block.DeletedBlockLogImpl (DeletedBlockLogImpl.java:commitTransactions(224)) - Transaction txId=47 commit by dnId=f89ecde1-abfa-4530-92e2-4a065b7725ea for containerID=#47 failed. Corresponding entry not found.
2021-08-15 14:03:33,568 [EventQueue-DeleteBlockStatusForDeletedBlockLogImpl] DEBUG block.DeletedBlockLogImpl (DeletedBlockLogImpl.java:isTransactionFailed(278)) - Got block deletion ACK from datanode, TXIDs=48, success=true
2021-08-15 14:03:33,568 [EventQueue-DeleteBlockStatusForDeletedBlockLogImpl] DEBUG block.DeletedBlockLogImpl (DeletedBlockLogImpl.java:commitTransactions(224)) - Transaction txId=48 commit by dnId=f89ecde1-abfa-4530-92e2-4a065b7725ea for containerID=#48 failed. Corresponding entry not found.
2021-08-15 14:03:33,568 [EventQueue-DeleteBlockStatusForDeletedBlockLogImpl] DEBUG block.DeletedBlockLogImpl (DeletedBlockLogImpl.java:isTransactionFailed(278)) - Got block deletion ACK from datanode, TXIDs=49, success=true
2021-08-15 14:03:33,568 [EventQueue-DeleteBlockStatusForDeletedBlockLogImpl] DEBUG block.DeletedBlockLogImpl (DeletedBlockLogImpl.java:commitTransactions(224)) - Transaction txId=49 commit by dnId=f89ecde1-abfa-4530-92e2-4a065b7725ea for containerID=#49 failed. Corresponding entry not found.
2021-08-15 14:03:33,568 [EventQueue-DeleteBlockStatusForDeletedBlockLogImpl] DEBUG block.DeletedBlockLogImpl (DeletedBlockLogImpl.java:isTransactionFailed(278)) - Got block deletion ACK from datanode, TXIDs=50, success=true
2021-08-15 14:03:33,568 [EventQueue-DeleteBlockStatusForDeletedBlockLogImpl] DEBUG block.DeletedBlockLogImpl (DeletedBlockLogImpl.java:commitTransactions(224)) - Transaction txId=50 commit by dnId=f89ecde1-abfa-4530-92e2-4a065b7725ea for containerID=#50 failed. Corresponding entry not found.
2021-08-15 14:03:33,568 [EventQueue-DeleteBlockStatusForDeletedBlockLogImpl] DEBUG block.DeletedBlockLogImpl (DeletedBlockLogImpl.java:isTransactionFailed(278)) - Got block deletion ACK from datanode, TXIDs=51, success=true
2021-08-15 14:03:33,568 [EventQueue-DeleteBlockStatusForDeletedBlockLogImpl] DEBUG block.DeletedBlockLogImpl (DeletedBlockLogImpl.java:commitTransactions(224)) - Transaction txId=51 commit by dnId=f89ecde1-abfa-4530-92e2-4a065b7725ea for containerID=#51 failed. Corresponding entry not found.
2021-08-15 14:03:33,568 [EventQueue-DeleteBlockStatusForDeletedBlockLogImpl] DEBUG block.DeletedBlockLogImpl (DeletedBlockLogImpl.java:isTransactionFailed(278)) - Got block deletion ACK from datanode, TXIDs=52, success=true
2021-08-15 14:03:33,568 [EventQueue-DeleteBlockStatusForDeletedBlockLogImpl] DEBUG block.DeletedBlockLogImpl (DeletedBlockLogImpl.java:commitTransactions(224)) - Transaction txId=52 commit by dnId=f89ecde1-abfa-4530-92e2-4a065b7725ea for containerID=#52 failed. Corresponding entry not found.
2021-08-15 14:03:33,568 [EventQueue-DeleteBlockStatusForDeletedBlockLogImpl] DEBUG block.DeletedBlockLogImpl (DeletedBlockLogImpl.java:isTransactionFailed(278)) - Got block deletion ACK from datanode, TXIDs=53, success=true
2021-08-15 14:03:33,568 [EventQueue-DeleteBlockStatusForDeletedBlockLogImpl] DEBUG block.DeletedBlockLogImpl (DeletedBlockLogImpl.java:commitTransactions(224)) - Transaction txId=53 commit by dnId=f89ecde1-abfa-4530-92e2-4a065b7725ea for containerID=#53 failed. Corresponding entry not found.
2021-08-15 14:03:33,568 [EventQueue-DeleteBlockStatusForDeletedBlockLogImpl] DEBUG block.DeletedBlockLogImpl (DeletedBlockLogImpl.java:isTransactionFailed(278)) - Got block deletion ACK from datanode, TXIDs=54, success=true
2021-08-15 14:03:33,568 [EventQueue-DeleteBlockStatusForDeletedBlockLogImpl] DEBUG block.DeletedBlockLogImpl (DeletedBlockLogImpl.java:commitTransactions(224)) - Transaction txId=54 commit by dnId=f89ecde1-abfa-4530-92e2-4a065b7725ea for containerID=#54 failed. Corresponding entry not found.
2021-08-15 14:03:33,568 [EventQueue-DeleteBlockStatusForDeletedBlockLogImpl] DEBUG block.DeletedBlockLogImpl (DeletedBlockLogImpl.java:isTransactionFailed(278)) - Got block deletion ACK from datanode, TXIDs=55, success=true
2021-08-15 14:03:33,568 [EventQueue-DeleteBlockStatusForDeletedBlockLogImpl] DEBUG block.DeletedBlockLogImpl (DeletedBlockLogImpl.java:commitTransactions(224)) - Transaction txId=55 commit by dnId=f89ecde1-abfa-4530-92e2-4a065b7725ea for containerID=#55 failed. Corresponding entry not found.
2021-08-15 14:03:33,568 [EventQueue-DeleteBlockStatusForDeletedBlockLogImpl] DEBUG block.DeletedBlockLogImpl (DeletedBlockLogImpl.java:isTransactionFailed(278)) - Got block deletion ACK from datanode, TXIDs=56, success=true
2021-08-15 14:03:33,568 [EventQueue-DeleteBlockStatusForDeletedBlockLogImpl] DEBUG block.DeletedBlockLogImpl (DeletedBlockLogImpl.java:commitTransactions(224)) - Transaction txId=56 commit by dnId=f89ecde1-abfa-4530-92e2-4a065b7725ea for containerID=#56 failed. Corresponding entry not found.
2021-08-15 14:03:33,568 [EventQueue-DeleteBlockStatusForDeletedBlockLogImpl] DEBUG block.DeletedBlockLogImpl (DeletedBlockLogImpl.java:isTransactionFailed(278)) - Got block deletion ACK from datanode, TXIDs=17, success=true
2021-08-15 14:03:33,568 [EventQueue-DeleteBlockStatusForDeletedBlockLogImpl] DEBUG block.DeletedBlockLogImpl (DeletedBlockLogImpl.java:commitTransactions(224)) - Transaction txId=17 commit by dnId=f89ecde1-abfa-4530-92e2-4a065b7725ea for containerID=#17 failed. Corresponding entry not found.
2021-08-15 14:03:33,568 [EventQueue-DeleteBlockStatusForDeletedBlockLogImpl] DEBUG block.DeletedBlockLogImpl (DeletedBlockLogImpl.java:isTransactionFailed(278)) - Got block deletion ACK from datanode, TXIDs=18, success=true
2021-08-15 14:03:33,568 [EventQueue-DeleteBlockStatusForDeletedBlockLogImpl] DEBUG block.DeletedBlockLogImpl (DeletedBlockLogImpl.java:commitTransactions(224)) - Transaction txId=18 commit by dnId=f89ecde1-abfa-4530-92e2-4a065b7725ea for containerID=#18 failed. Corresponding entry not found.
2021-08-15 14:03:33,568 [EventQueue-DeleteBlockStatusForDeletedBlockLogImpl] DEBUG block.DeletedBlockLogImpl (DeletedBlockLogImpl.java:isTransactionFailed(278)) - Got block deletion ACK from datanode, TXIDs=19, success=true
2021-08-15 14:03:33,568 [EventQueue-DeleteBlockStatusForDeletedBlockLogImpl] DEBUG block.DeletedBlockLogImpl (DeletedBlockLogImpl.java:commitTransactions(224)) - Transaction txId=19 commit by dnId=f89ecde1-abfa-4530-92e2-4a065b7725ea for containerID=#19 failed. Corresponding entry not found.
2021-08-15 14:03:33,568 [EventQueue-DeleteBlockStatusForDeletedBlockLogImpl] DEBUG block.DeletedBlockLogImpl (DeletedBlockLogImpl.java:isTransactionFailed(278)) - Got block deletion ACK from datanode, TXIDs=20, success=true
2021-08-15 14:03:33,568 [EventQueue-DeleteBlockStatusForDeletedBlockLogImpl] DEBUG block.DeletedBlockLogImpl (DeletedBlockLogImpl.java:commitTransactions(224)) - Transaction txId=20 commit by dnId=f89ecde1-abfa-4530-92e2-4a065b7725ea for containerID=#20 failed. Corresponding entry not found.
2021-08-15 14:03:33,568 [EventQueue-DeleteBlockStatusForDeletedBlockLogImpl] DEBUG block.DeletedBlockLogImpl (DeletedBlockLogImpl.java:isTransactionFailed(278)) - Got block deletion ACK from datanode, TXIDs=21, success=true
2021-08-15 14:03:33,568 [EventQueue-DeleteBlockStatusForDeletedBlockLogImpl] DEBUG block.DeletedBlockLogImpl (DeletedBlockLogImpl.java:commitTransactions(224)) - Transaction txId=21 commit by dnId=f89ecde1-abfa-4530-92e2-4a065b7725ea for containerID=#21 failed. Corresponding entry not found.
2021-08-15 14:03:33,568 [EventQueue-DeleteBlockStatusForDeletedBlockLogImpl] DEBUG block.DeletedBlockLogImpl (DeletedBlockLogImpl.java:isTransactionFailed(278)) - Got block deletion ACK from datanode, TXIDs=22, success=true
2021-08-15 14:03:33,568 [EventQueue-DeleteBlockStatusForDeletedBlockLogImpl] DEBUG block.DeletedBlockLogImpl (DeletedBlockLogImpl.java:commitTransactions(224)) - Transaction txId=22 commit by dnId=f89ecde1-abfa-4530-92e2-4a065b7725ea for containerID=#22 failed. Corresponding entry not found.
2021-08-15 14:03:33,568 [EventQueue-DeleteBlockStatusForDeletedBlockLogImpl] DEBUG block.DeletedBlockLogImpl (DeletedBlockLogImpl.java:isTransactionFailed(278)) - Got block deletion ACK from datanode, TXIDs=23, success=true
2021-08-15 14:03:33,569 [EventQueue-DeleteBlockStatusForDeletedBlockLogImpl] DEBUG block.DeletedBlockLogImpl (DeletedBlockLogImpl.java:commitTransactions(224)) - Transaction txId=23 commit by dnId=f89ecde1-abfa-4530-92e2-4a065b7725ea for containerID=#23 failed. Corresponding entry not found.
2021-08-15 14:03:33,569 [EventQueue-DeleteBlockStatusForDeletedBlockLogImpl] DEBUG block.DeletedBlockLogImpl (DeletedBlockLogImpl.java:isTransactionFailed(278)) - Got block deletion ACK from datanode, TXIDs=24, success=true
2021-08-15 14:03:33,569 [EventQueue-DeleteBlockStatusForDeletedBlockLogImpl] DEBUG block.DeletedBlockLogImpl (DeletedBlockLogImpl.java:commitTransactions(224)) - Transaction txId=24 commit by dnId=f89ecde1-abfa-4530-92e2-4a065b7725ea for containerID=#24 failed. Corresponding entry not found.
2021-08-15 14:03:33,569 [EventQueue-DeleteBlockStatusForDeletedBlockLogImpl] DEBUG block.DeletedBlockLogImpl (DeletedBlockLogImpl.java:isTransactionFailed(278)) - Got block deletion ACK from datanode, TXIDs=25, success=true
2021-08-15 14:03:33,569 [EventQueue-DeleteBlockStatusForDeletedBlockLogImpl] DEBUG block.DeletedBlockLogImpl (DeletedBlockLogImpl.java:commitTransactions(224)) - Transaction txId=25 commit by dnId=f89ecde1-abfa-4530-92e2-4a065b7725ea for containerID=#25 failed. Corresponding entry not found.
2021-08-15 14:03:33,569 [EventQueue-DeleteBlockStatusForDeletedBlockLogImpl] DEBUG block.DeletedBlockLogImpl (DeletedBlockLogImpl.java:isTransactionFailed(278)) - Got block deletion ACK from datanode, TXIDs=26, success=true
2021-08-15 14:03:33,569 [EventQueue-DeleteBlockStatusForDeletedBlockLogImpl] DEBUG block.DeletedBlockLogImpl (DeletedBlockLogImpl.java:commitTransactions(224)) - Transaction txId=26 commit by dnId=f89ecde1-abfa-4530-92e2-4a065b7725ea for containerID=#26 failed. Corresponding entry not found.
2021-08-15 14:03:33,569 [EventQueue-DeleteBlockStatusForDeletedBlockLogImpl] DEBUG block.DeletedBlockLogImpl (DeletedBlockLogImpl.java:isTransactionFailed(278)) - Got block deletion ACK from datanode, TXIDs=27, success=true
2021-08-15 14:03:33,569 [EventQueue-DeleteBlockStatusForDeletedBlockLogImpl] DEBUG block.DeletedBlockLogImpl (DeletedBlockLogImpl.java:commitTransactions(224)) - Transaction txId=27 commit by dnId=f89ecde1-abfa-4530-92e2-4a065b7725ea for containerID=#27 failed. Corresponding entry not found.
2021-08-15 14:03:33,569 [EventQueue-DeleteBlockStatusForDeletedBlockLogImpl] DEBUG block.DeletedBlockLogImpl (DeletedBlockLogImpl.java:isTransactionFailed(278)) - Got block deletion ACK from datanode, TXIDs=28, success=true
2021-08-15 14:03:33,569 [EventQueue-DeleteBlockStatusForDeletedBlockLogImpl] DEBUG block.DeletedBlockLogImpl (DeletedBlockLogImpl.java:commitTransactions(224)) - Transaction txId=28 commit by dnId=f89ecde1-abfa-4530-92e2-4a065b7725ea for containerID=#28 failed. Corresponding entry not found.
2021-08-15 14:03:33,569 [EventQueue-DeleteBlockStatusForDeletedBlockLogImpl] DEBUG block.DeletedBlockLogImpl (DeletedBlockLogImpl.java:isTransactionFailed(278)) - Got block deletion ACK from datanode, TXIDs=29, success=true
2021-08-15 14:03:33,569 [EventQueue-DeleteBlockStatusForDeletedBlockLogImpl] DEBUG block.DeletedBlockLogImpl (DeletedBlockLogImpl.java:commitTransactions(224)) - Transaction txId=29 commit by dnId=f89ecde1-abfa-4530-92e2-4a065b7725ea for containerID=#29 failed. Corresponding entry not found.
2021-08-15 14:03:33,569 [EventQueue-DeleteBlockStatusForDeletedBlockLogImpl] DEBUG block.DeletedBlockLogImpl (DeletedBlockLogImpl.java:isTransactionFailed(278)) - Got block deletion ACK from datanode, TXIDs=30, success=true
2021-08-15 14:03:33,569 [EventQueue-DeleteBlockStatusForDeletedBlockLogImpl] DEBUG block.DeletedBlockLogImpl (DeletedBlockLogImpl.java:commitTransactions(224)) - Transaction txId=30 commit by dnId=f89ecde1-abfa-4530-92e2-4a065b7725ea for containerID=#30 failed. Corresponding entry not found.
2021-08-15 14:03:33,569 [EventQueue-DeleteBlockStatusForDeletedBlockLogImpl] DEBUG block.DeletedBlockLogImpl (DeletedBlockLogImpl.java:isTransactionFailed(278)) - Got block deletion ACK from datanode, TXIDs=31, success=true
2021-08-15 14:03:33,569 [EventQueue-DeleteBlockStatusForDeletedBlockLogImpl] DEBUG block.DeletedBlockLogImpl (DeletedBlockLogImpl.java:commitTransactions(224)) - Transaction txId=31 commit by dnId=f89ecde1-abfa-4530-92e2-4a065b7725ea for containerID=#31 failed. Corresponding entry not found.
2021-08-15 14:03:33,569 [EventQueue-DeleteBlockStatusForDeletedBlockLogImpl] DEBUG block.DeletedBlockLogImpl (DeletedBlockLogImpl.java:isTransactionFailed(278)) - Got block deletion ACK from datanode, TXIDs=32, success=true
2021-08-15 14:03:33,569 [EventQueue-DeleteBlockStatusForDeletedBlockLogImpl] DEBUG block.DeletedBlockLogImpl (DeletedBlockLogImpl.java:commitTransactions(224)) - Transaction txId=32 commit by dnId=f89ecde1-abfa-4530-92e2-4a065b7725ea for containerID=#32 failed. Corresponding entry not found.
2021-08-15 14:03:33,569 [EventQueue-DeleteBlockStatusForDeletedBlockLogImpl] DEBUG block.DeletedBlockLogImpl (DeletedBlockLogImpl.java:isTransactionFailed(278)) - Got block deletion ACK from datanode, TXIDs=33, success=true
2021-08-15 14:03:33,569 [EventQueue-DeleteBlockStatusForDeletedBlockLogImpl] DEBUG block.DeletedBlockLogImpl (DeletedBlockLogImpl.java:commitTransactions(224)) - Transaction txId=33 commit by dnId=f89ecde1-abfa-4530-92e2-4a065b7725ea for containerID=#33 failed. Corresponding entry not found.
2021-08-15 14:03:33,569 [EventQueue-DeleteBlockStatusForDeletedBlockLogImpl] DEBUG block.DeletedBlockLogImpl (DeletedBlockLogImpl.java:isTransactionFailed(278)) - Got block deletion ACK from datanode, TXIDs=34, success=true
2021-08-15 14:03:33,569 [EventQueue-DeleteBlockStatusForDeletedBlockLogImpl] DEBUG block.DeletedBlockLogImpl (DeletedBlockLogImpl.java:commitTransactions(224)) - Transaction txId=34 commit by dnId=f89ecde1-abfa-4530-92e2-4a065b7725ea for containerID=#34 failed. Corresponding entry not found.
2021-08-15 14:03:33,569 [EventQueue-DeleteBlockStatusForDeletedBlockLogImpl] DEBUG block.DeletedBlockLogImpl (DeletedBlockLogImpl.java:isTransactionFailed(278)) - Got block deletion ACK from datanode, TXIDs=35, success=true
2021-08-15 14:03:33,569 [EventQueue-DeleteBlockStatusForDeletedBlockLogImpl] DEBUG block.DeletedBlockLogImpl (DeletedBlockLogImpl.java:commitTransactions(224)) - Transaction txId=35 commit by dnId=f89ecde1-abfa-4530-92e2-4a065b7725ea for containerID=#35 failed. Corresponding entry not found.
2021-08-15 14:03:33,569 [EventQueue-DeleteBlockStatusForDeletedBlockLogImpl] DEBUG block.DeletedBlockLogImpl (DeletedBlockLogImpl.java:isTransactionFailed(278)) - Got block deletion ACK from datanode, TXIDs=36, success=true
2021-08-15 14:03:33,569 [EventQueue-DeleteBlockStatusForDeletedBlockLogImpl] DEBUG block.DeletedBlockLogImpl (DeletedBlockLogImpl.java:commitTransactions(224)) - Transaction txId=36 commit by dnId=f89ecde1-abfa-4530-92e2-4a065b7725ea for containerID=#36 failed. Corresponding entry not found.
2021-08-15 14:03:33,569 [EventQueue-DeleteBlockStatusForDeletedBlockLogImpl] DEBUG block.DeletedBlockLogImpl (DeletedBlockLogImpl.java:isTransactionFailed(278)) - Got block deletion ACK from datanode, TXIDs=37, success=true
2021-08-15 14:03:33,569 [EventQueue-DeleteBlockStatusForDeletedBlockLogImpl] DEBUG block.DeletedBlockLogImpl (DeletedBlockLogImpl.java:commitTransactions(224)) - Transaction txId=37 commit by dnId=f89ecde1-abfa-4530-92e2-4a065b7725ea for containerID=#37 failed. Corresponding entry not found.
2021-08-15 14:03:33,569 [EventQueue-DeleteBlockStatusForDeletedBlockLogImpl] DEBUG block.DeletedBlockLogImpl (DeletedBlockLogImpl.java:isTransactionFailed(278)) - Got block deletion ACK from datanode, TXIDs=38, success=true
2021-08-15 14:03:33,569 [EventQueue-DeleteBlockStatusForDeletedBlockLogImpl] DEBUG block.DeletedBlockLogImpl (DeletedBlockLogImpl.java:commitTransactions(224)) - Transaction txId=38 commit by dnId=f89ecde1-abfa-4530-92e2-4a065b7725ea for containerID=#38 failed. Corresponding entry not found.
2021-08-15 14:03:33,569 [EventQueue-DeleteBlockStatusForDeletedBlockLogImpl] DEBUG block.DeletedBlockLogImpl (DeletedBlockLogImpl.java:isTransactionFailed(278)) - Got block deletion ACK from datanode, TXIDs=39, success=true
2021-08-15 14:03:33,569 [EventQueue-DeleteBlockStatusForDeletedBlockLogImpl] DEBUG block.DeletedBlockLogImpl (DeletedBlockLogImpl.java:commitTransactions(224)) - Transaction txId=39 commit by dnId=f89ecde1-abfa-4530-92e2-4a065b7725ea for containerID=#39 failed. Corresponding entry not found.
2021-08-15 14:03:33,569 [EventQueue-DeleteBlockStatusForDeletedBlockLogImpl] DEBUG block.DeletedBlockLogImpl (DeletedBlockLogImpl.java:isTransactionFailed(278)) - Got block deletion ACK from datanode, TXIDs=40, success=true
2021-08-15 14:03:33,569 [EventQueue-DeleteBlockStatusForDeletedBlockLogImpl] DEBUG block.DeletedBlockLogImpl (DeletedBlockLogImpl.java:commitTransactions(224)) - Transaction txId=40 commit by dnId=f89ecde1-abfa-4530-92e2-4a065b7725ea for containerID=#40 failed. Corresponding entry not found.
2021-08-15 14:03:33,569 [EventQueue-DeleteBlockStatusForDeletedBlockLogImpl] DEBUG block.DeletedBlockLogImpl (DeletedBlockLogImpl.java:isTransactionFailed(278)) - Got block deletion ACK from datanode, TXIDs=41, success=true
2021-08-15 14:03:33,569 [EventQueue-DeleteBlockStatusForDeletedBlockLogImpl] DEBUG block.DeletedBlockLogImpl (DeletedBlockLogImpl.java:commitTransactions(224)) - Transaction txId=41 commit by dnId=f89ecde1-abfa-4530-92e2-4a065b7725ea for containerID=#41 failed. Corresponding entry not found.
2021-08-15 14:03:33,569 [EventQueue-DeleteBlockStatusForDeletedBlockLogImpl] DEBUG block.DeletedBlockLogImpl (DeletedBlockLogImpl.java:isTransactionFailed(278)) - Got block deletion ACK from datanode, TXIDs=42, success=true
2021-08-15 14:03:33,569 [EventQueue-DeleteBlockStatusForDeletedBlockLogImpl] DEBUG block.DeletedBlockLogImpl (DeletedBlockLogImpl.java:commitTransactions(224)) - Transaction txId=42 commit by dnId=f89ecde1-abfa-4530-92e2-4a065b7725ea for containerID=#42 failed. Corresponding entry not found.
2021-08-15 14:03:33,569 [EventQueue-DeleteBlockStatusForDeletedBlockLogImpl] DEBUG block.DeletedBlockLogImpl (DeletedBlockLogImpl.java:isTransactionFailed(278)) - Got block deletion ACK from datanode, TXIDs=43, success=true
2021-08-15 14:03:33,569 [EventQueue-DeleteBlockStatusForDeletedBlockLogImpl] DEBUG block.DeletedBlockLogImpl (DeletedBlockLogImpl.java:commitTransactions(224)) - Transaction txId=43 commit by dnId=f89ecde1-abfa-4530-92e2-4a065b7725ea for containerID=#43 failed. Corresponding entry not found.
2021-08-15 14:03:33,569 [EventQueue-DeleteBlockStatusForDeletedBlockLogImpl] DEBUG block.DeletedBlockLogImpl (DeletedBlockLogImpl.java:isTransactionFailed(278)) - Got block deletion ACK from datanode, TXIDs=44, success=true
2021-08-15 14:03:33,569 [EventQueue-DeleteBlockStatusForDeletedBlockLogImpl] DEBUG block.DeletedBlockLogImpl (DeletedBlockLogImpl.java:commitTransactions(224)) - Transaction txId=44 commit by dnId=f89ecde1-abfa-4530-92e2-4a065b7725ea for containerID=#44 failed. Corresponding entry not found.
2021-08-15 14:03:33,569 [EventQueue-DeleteBlockStatusForDeletedBlockLogImpl] DEBUG block.DeletedBlockLogImpl (DeletedBlockLogImpl.java:isTransactionFailed(278)) - Got block deletion ACK from datanode, TXIDs=45, success=true
2021-08-15 14:03:33,569 [EventQueue-DeleteBlockStatusForDeletedBlockLogImpl] DEBUG block.DeletedBlockLogImpl (DeletedBlockLogImpl.java:commitTransactions(224)) - Transaction txId=45 commit by dnId=f89ecde1-abfa-4530-92e2-4a065b7725ea for containerID=#45 failed. Corresponding entry not found.
2021-08-15 14:03:33,569 [EventQueue-DeleteBlockStatusForDeletedBlockLogImpl] DEBUG block.DeletedBlockLogImpl (DeletedBlockLogImpl.java:isTransactionFailed(278)) - Got block deletion ACK from datanode, TXIDs=46, success=true
2021-08-15 14:03:33,569 [EventQueue-DeleteBlockStatusForDeletedBlockLogImpl] DEBUG block.DeletedBlockLogImpl (DeletedBlockLogImpl.java:commitTransactions(224)) - Transaction txId=46 commit by dnId=f89ecde1-abfa-4530-92e2-4a065b7725ea for containerID=#46 failed. Corresponding entry not found.
2021-08-15 14:03:33,569 [EventQueue-DeleteBlockStatusForDeletedBlockLogImpl] DEBUG block.DeletedBlockLogImpl (DeletedBlockLogImpl.java:isTransactionFailed(278)) - Got block deletion ACK from datanode, TXIDs=47, success=true
2021-08-15 14:03:33,569 [EventQueue-DeleteBlockStatusForDeletedBlockLogImpl] DEBUG block.DeletedBlockLogImpl (DeletedBlockLogImpl.java:commitTransactions(224)) - Transaction txId=47 commit by dnId=f89ecde1-abfa-4530-92e2-4a065b7725ea for containerID=#47 failed. Corresponding entry not found.
2021-08-15 14:03:33,569 [EventQueue-DeleteBlockStatusForDeletedBlockLogImpl] DEBUG block.DeletedBlockLogImpl (DeletedBlockLogImpl.java:isTransactionFailed(278)) - Got block deletion ACK from datanode, TXIDs=48, success=true
2021-08-15 14:03:33,569 [EventQueue-DeleteBlockStatusForDeletedBlockLogImpl] DEBUG block.DeletedBlockLogImpl (DeletedBlockLogImpl.java:commitTransactions(224)) - Transaction txId=48 commit by dnId=f89ecde1-abfa-4530-92e2-4a065b7725ea for containerID=#48 failed. Corresponding entry not found.
2021-08-15 14:03:33,569 [EventQueue-DeleteBlockStatusForDeletedBlockLogImpl] DEBUG block.DeletedBlockLogImpl (DeletedBlockLogImpl.java:isTransactionFailed(278)) - Got block deletion ACK from datanode, TXIDs=49, success=true
2021-08-15 14:03:33,569 [EventQueue-DeleteBlockStatusForDeletedBlockLogImpl] DEBUG block.DeletedBlockLogImpl (DeletedBlockLogImpl.java:commitTransactions(224)) - Transaction txId=49 commit by dnId=f89ecde1-abfa-4530-92e2-4a065b7725ea for containerID=#49 failed. Corresponding entry not found.
2021-08-15 14:03:33,569 [EventQueue-DeleteBlockStatusForDeletedBlockLogImpl] DEBUG block.DeletedBlockLogImpl (DeletedBlockLogImpl.java:isTransactionFailed(278)) - Got block deletion ACK from datanode, TXIDs=50, success=true
2021-08-15 14:03:33,569 [EventQueue-DeleteBlockStatusForDeletedBlockLogImpl] DEBUG block.DeletedBlockLogImpl (DeletedBlockLogImpl.java:commitTransactions(224)) - Transaction txId=50 commit by dnId=f89ecde1-abfa-4530-92e2-4a065b7725ea for containerID=#50 failed. Corresponding entry not found.
2021-08-15 14:03:33,570 [EventQueue-DeleteBlockStatusForDeletedBlockLogImpl] DEBUG block.DeletedBlockLogImpl (DeletedBlockLogImpl.java:isTransactionFailed(278)) - Got block deletion ACK from datanode, TXIDs=51, success=true
2021-08-15 14:03:33,570 [EventQueue-DeleteBlockStatusForDeletedBlockLogImpl] DEBUG block.DeletedBlockLogImpl (DeletedBlockLogImpl.java:commitTransactions(224)) - Transaction txId=51 commit by dnId=f89ecde1-abfa-4530-92e2-4a065b7725ea for containerID=#51 failed. Corresponding entry not found.
2021-08-15 14:03:33,570 [EventQueue-DeleteBlockStatusForDeletedBlockLogImpl] DEBUG block.DeletedBlockLogImpl (DeletedBlockLogImpl.java:isTransactionFailed(278)) - Got block deletion ACK from datanode, TXIDs=52, success=true
2021-08-15 14:03:33,570 [EventQueue-DeleteBlockStatusForDeletedBlockLogImpl] DEBUG block.DeletedBlockLogImpl (DeletedBlockLogImpl.java:commitTransactions(224)) - Transaction txId=52 commit by dnId=f89ecde1-abfa-4530-92e2-4a065b7725ea for containerID=#52 failed. Corresponding entry not found.
2021-08-15 14:03:33,570 [EventQueue-DeleteBlockStatusForDeletedBlockLogImpl] DEBUG block.DeletedBlockLogImpl (DeletedBlockLogImpl.java:isTransactionFailed(278)) - Got block deletion ACK from datanode, TXIDs=53, success=true
2021-08-15 14:03:33,570 [EventQueue-DeleteBlockStatusForDeletedBlockLogImpl] DEBUG block.DeletedBlockLogImpl (DeletedBlockLogImpl.java:commitTransactions(224)) - Transaction txId=53 commit by dnId=f89ecde1-abfa-4530-92e2-4a065b7725ea for containerID=#53 failed. Corresponding entry not found.
2021-08-15 14:03:33,570 [EventQueue-DeleteBlockStatusForDeletedBlockLogImpl] DEBUG block.DeletedBlockLogImpl (DeletedBlockLogImpl.java:isTransactionFailed(278)) - Got block deletion ACK from datanode, TXIDs=54, success=true
2021-08-15 14:03:33,570 [EventQueue-DeleteBlockStatusForDeletedBlockLogImpl] DEBUG block.DeletedBlockLogImpl (DeletedBlockLogImpl.java:commitTransactions(224)) - Transaction txId=54 commit by dnId=f89ecde1-abfa-4530-92e2-4a065b7725ea for containerID=#54 failed. Corresponding entry not found.
2021-08-15 14:03:33,570 [EventQueue-DeleteBlockStatusForDeletedBlockLogImpl] DEBUG block.DeletedBlockLogImpl (DeletedBlockLogImpl.java:isTransactionFailed(278)) - Got block deletion ACK from datanode, TXIDs=55, success=true
2021-08-15 14:03:33,570 [EventQueue-DeleteBlockStatusForDeletedBlockLogImpl] DEBUG block.DeletedBlockLogImpl (DeletedBlockLogImpl.java:commitTransactions(224)) - Transaction txId=55 commit by dnId=f89ecde1-abfa-4530-92e2-4a065b7725ea for containerID=#55 failed. Corresponding entry not found.
2021-08-15 14:03:33,570 [EventQueue-DeleteBlockStatusForDeletedBlockLogImpl] DEBUG block.DeletedBlockLogImpl (DeletedBlockLogImpl.java:isTransactionFailed(278)) - Got block deletion ACK from datanode, TXIDs=56, success=true
2021-08-15 14:03:33,570 [EventQueue-DeleteBlockStatusForDeletedBlockLogImpl] DEBUG block.DeletedBlockLogImpl (DeletedBlockLogImpl.java:commitTransactions(224)) - Transaction txId=56 commit by dnId=f89ecde1-abfa-4530-92e2-4a065b7725ea for containerID=#56 failed. Corresponding entry not found.
2021-08-15 14:03:33,570 [EventQueue-DeleteBlockStatusForDeletedBlockLogImpl] DEBUG block.DeletedBlockLogImpl (DeletedBlockLogImpl.java:isTransactionFailed(278)) - Got block deletion ACK from datanode, TXIDs=17, success=true
2021-08-15 14:03:33,570 [EventQueue-DeleteBlockStatusForDeletedBlockLogImpl] DEBUG block.DeletedBlockLogImpl (DeletedBlockLogImpl.java:commitTransactions(224)) - Transaction txId=17 commit by dnId=f89ecde1-abfa-4530-92e2-4a065b7725ea for containerID=#17 failed. Corresponding entry not found.
2021-08-15 14:03:33,570 [EventQueue-DeleteBlockStatusForDeletedBlockLogImpl] DEBUG block.DeletedBlockLogImpl (DeletedBlockLogImpl.java:isTransactionFailed(278)) - Got block deletion ACK from datanode, TXIDs=18, success=true
2021-08-15 14:03:33,570 [EventQueue-DeleteBlockStatusForDeletedBlockLogImpl] DEBUG block.DeletedBlockLogImpl (DeletedBlockLogImpl.java:commitTransactions(224)) - Transaction txId=18 commit by dnId=f89ecde1-abfa-4530-92e2-4a065b7725ea for containerID=#18 failed. Corresponding entry not found.
2021-08-15 14:03:33,570 [EventQueue-DeleteBlockStatusForDeletedBlockLogImpl] DEBUG block.DeletedBlockLogImpl (DeletedBlockLogImpl.java:isTransactionFailed(278)) - Got block deletion ACK from datanode, TXIDs=19, success=true
2021-08-15 14:03:33,570 [EventQueue-DeleteBlockStatusForDeletedBlockLogImpl] DEBUG block.DeletedBlockLogImpl (DeletedBlockLogImpl.java:commitTransactions(224)) - Transaction txId=19 commit by dnId=f89ecde1-abfa-4530-92e2-4a065b7725ea for containerID=#19 failed. Corresponding entry not found.
2021-08-15 14:03:33,570 [EventQueue-DeleteBlockStatusForDeletedBlockLogImpl] DEBUG block.DeletedBlockLogImpl (DeletedBlockLogImpl.java:isTransactionFailed(278)) - Got block deletion ACK from datanode, TXIDs=20, success=true
2021-08-15 14:03:33,570 [EventQueue-DeleteBlockStatusForDeletedBlockLogImpl] DEBUG block.DeletedBlockLogImpl (DeletedBlockLogImpl.java:commitTransactions(224)) - Transaction txId=20 commit by dnId=f89ecde1-abfa-4530-92e2-4a065b7725ea for containerID=#20 failed. Corresponding entry not found.
2021-08-15 14:03:33,570 [EventQueue-DeleteBlockStatusForDeletedBlockLogImpl] DEBUG block.DeletedBlockLogImpl (DeletedBlockLogImpl.java:isTransactionFailed(278)) - Got block deletion ACK from datanode, TXIDs=21, success=true
2021-08-15 14:03:33,570 [EventQueue-DeleteBlockStatusForDeletedBlockLogImpl] DEBUG block.DeletedBlockLogImpl (DeletedBlockLogImpl.java:commitTransactions(224)) - Transaction txId=21 commit by dnId=f89ecde1-abfa-4530-92e2-4a065b7725ea for containerID=#21 failed. Corresponding entry not found.
2021-08-15 14:03:33,570 [EventQueue-DeleteBlockStatusForDeletedBlockLogImpl] DEBUG block.DeletedBlockLogImpl (DeletedBlockLogImpl.java:isTransactionFailed(278)) - Got block deletion ACK from datanode, TXIDs=22, success=true
2021-08-15 14:03:33,570 [EventQueue-DeleteBlockStatusForDeletedBlockLogImpl] DEBUG block.DeletedBlockLogImpl (DeletedBlockLogImpl.java:commitTransactions(224)) - Transaction txId=22 commit by dnId=f89ecde1-abfa-4530-92e2-4a065b7725ea for containerID=#22 failed. Corresponding entry not found.
2021-08-15 14:03:33,570 [EventQueue-DeleteBlockStatusForDeletedBlockLogImpl] DEBUG block.DeletedBlockLogImpl (DeletedBlockLogImpl.java:isTransactionFailed(278)) - Got block deletion ACK from datanode, TXIDs=23, success=true
2021-08-15 14:03:33,570 [EventQueue-DeleteBlockStatusForDeletedBlockLogImpl] DEBUG block.DeletedBlockLogImpl (DeletedBlockLogImpl.java:commitTransactions(224)) - Transaction txId=23 commit by dnId=f89ecde1-abfa-4530-92e2-4a065b7725ea for containerID=#23 failed. Corresponding entry not found.
2021-08-15 14:03:33,570 [EventQueue-DeleteBlockStatusForDeletedBlockLogImpl] DEBUG block.DeletedBlockLogImpl (DeletedBlockLogImpl.java:isTransactionFailed(278)) - Got block deletion ACK from datanode, TXIDs=24, success=true
2021-08-15 14:03:33,570 [EventQueue-DeleteBlockStatusForDeletedBlockLogImpl] DEBUG block.DeletedBlockLogImpl (DeletedBlockLogImpl.java:commitTransactions(224)) - Transaction txId=24 commit by dnId=f89ecde1-abfa-4530-92e2-4a065b7725ea for containerID=#24 failed. Corresponding entry not found.
2021-08-15 14:03:33,570 [EventQueue-DeleteBlockStatusForDeletedBlockLogImpl] DEBUG block.DeletedBlockLogImpl (DeletedBlockLogImpl.java:isTransactionFailed(278)) - Got block deletion ACK from datanode, TXIDs=25, success=true
2021-08-15 14:03:33,570 [EventQueue-DeleteBlockStatusForDeletedBlockLogImpl] DEBUG block.DeletedBlockLogImpl (DeletedBlockLogImpl.java:commitTransactions(224)) - Transaction txId=25 commit by dnId=f89ecde1-abfa-4530-92e2-4a065b7725ea for containerID=#25 failed. Corresponding entry not found.
2021-08-15 14:03:33,570 [EventQueue-DeleteBlockStatusForDeletedBlockLogImpl] DEBUG block.DeletedBlockLogImpl (DeletedBlockLogImpl.java:isTransactionFailed(278)) - Got block deletion ACK from datanode, TXIDs=26, success=true
2021-08-15 14:03:33,570 [EventQueue-DeleteBlockStatusForDeletedBlockLogImpl] DEBUG block.DeletedBlockLogImpl (DeletedBlockLogImpl.java:commitTransactions(224)) - Transaction txId=26 commit by dnId=f89ecde1-abfa-4530-92e2-4a065b7725ea for containerID=#26 failed. Corresponding entry not found.
2021-08-15 14:03:33,570 [EventQueue-DeleteBlockStatusForDeletedBlockLogImpl] DEBUG block.DeletedBlockLogImpl (DeletedBlockLogImpl.java:isTransactionFailed(278)) - Got block deletion ACK from datanode, TXIDs=27, success=true
2021-08-15 14:03:33,570 [EventQueue-DeleteBlockStatusForDeletedBlockLogImpl] DEBUG block.DeletedBlockLogImpl (DeletedBlockLogImpl.java:commitTransactions(224)) - Transaction txId=27 commit by dnId=f89ecde1-abfa-4530-92e2-4a065b7725ea for containerID=#27 failed. Corresponding entry not found.
2021-08-15 14:03:33,570 [EventQueue-DeleteBlockStatusForDeletedBlockLogImpl] DEBUG block.DeletedBlockLogImpl (DeletedBlockLogImpl.java:isTransactionFailed(278)) - Got block deletion ACK from datanode, TXIDs=28, success=true
2021-08-15 14:03:33,570 [EventQueue-DeleteBlockStatusForDeletedBlockLogImpl] DEBUG block.DeletedBlockLogImpl (DeletedBlockLogImpl.java:commitTransactions(224)) - Transaction txId=28 commit by dnId=f89ecde1-abfa-4530-92e2-4a065b7725ea for containerID=#28 failed. Corresponding entry not found.
2021-08-15 14:03:33,570 [EventQueue-DeleteBlockStatusForDeletedBlockLogImpl] DEBUG block.DeletedBlockLogImpl (DeletedBlockLogImpl.java:isTransactionFailed(278)) - Got block deletion ACK from datanode, TXIDs=29, success=true
2021-08-15 14:03:33,570 [EventQueue-DeleteBlockStatusForDeletedBlockLogImpl] DEBUG block.DeletedBlockLogImpl (DeletedBlockLogImpl.java:commitTransactions(224)) - Transaction txId=29 commit by dnId=f89ecde1-abfa-4530-92e2-4a065b7725ea for containerID=#29 failed. Corresponding entry not found.
2021-08-15 14:03:33,573 [EventQueue-DeleteBlockStatusForDeletedBlockLogImpl] DEBUG block.DeletedBlockLogImpl (DeletedBlockLogImpl.java:isTransactionFailed(278)) - Got block deletion ACK from datanode, TXIDs=30, success=true
2021-08-15 14:03:33,573 [EventQueue-DeleteBlockStatusForDeletedBlockLogImpl] DEBUG block.DeletedBlockLogImpl (DeletedBlockLogImpl.java:commitTransactions(224)) - Transaction txId=30 commit by dnId=f89ecde1-abfa-4530-92e2-4a065b7725ea for containerID=#30 failed. Corresponding entry not found.
2021-08-15 14:03:33,573 [EventQueue-DeleteBlockStatusForDeletedBlockLogImpl] DEBUG block.DeletedBlockLogImpl (DeletedBlockLogImpl.java:isTransactionFailed(278)) - Got block deletion ACK from datanode, TXIDs=31, success=true
2021-08-15 14:03:33,573 [EventQueue-DeleteBlockStatusForDeletedBlockLogImpl] DEBUG block.DeletedBlockLogImpl (DeletedBlockLogImpl.java:commitTransactions(224)) - Transaction txId=31 commit by dnId=f89ecde1-abfa-4530-92e2-4a065b7725ea for containerID=#31 failed. Corresponding entry not found.
2021-08-15 14:03:33,573 [EventQueue-DeleteBlockStatusForDeletedBlockLogImpl] DEBUG block.DeletedBlockLogImpl (DeletedBlockLogImpl.java:isTransactionFailed(278)) - Got block deletion ACK from datanode, TXIDs=32, success=true
2021-08-15 14:03:33,573 [EventQueue-DeleteBlockStatusForDeletedBlockLogImpl] DEBUG block.DeletedBlockLogImpl (DeletedBlockLogImpl.java:commitTransactions(224)) - Transaction txId=32 commit by dnId=f89ecde1-abfa-4530-92e2-4a065b7725ea for containerID=#32 failed. Corresponding entry not found.
2021-08-15 14:03:33,573 [EventQueue-DeleteBlockStatusForDeletedBlockLogImpl] DEBUG block.DeletedBlockLogImpl (DeletedBlockLogImpl.java:isTransactionFailed(278)) - Got block deletion ACK from datanode, TXIDs=33, success=true
2021-08-15 14:03:33,574 [EventQueue-DeleteBlockStatusForDeletedBlockLogImpl] DEBUG block.DeletedBlockLogImpl (DeletedBlockLogImpl.java:commitTransactions(224)) - Transaction txId=33 commit by dnId=f89ecde1-abfa-4530-92e2-4a065b7725ea for containerID=#33 failed. Corresponding entry not found.
2021-08-15 14:03:33,574 [EventQueue-DeleteBlockStatusForDeletedBlockLogImpl] DEBUG block.DeletedBlockLogImpl (DeletedBlockLogImpl.java:isTransactionFailed(278)) - Got block deletion ACK from datanode, TXIDs=34, success=true
2021-08-15 14:03:33,574 [EventQueue-DeleteBlockStatusForDeletedBlockLogImpl] DEBUG block.DeletedBlockLogImpl (DeletedBlockLogImpl.java:commitTransactions(224)) - Transaction txId=34 commit by dnId=f89ecde1-abfa-4530-92e2-4a065b7725ea for containerID=#34 failed. Corresponding entry not found.
2021-08-15 14:03:33,574 [EventQueue-DeleteBlockStatusForDeletedBlockLogImpl] DEBUG block.DeletedBlockLogImpl (DeletedBlockLogImpl.java:isTransactionFailed(278)) - Got block deletion ACK from datanode, TXIDs=35, success=true
2021-08-15 14:03:33,574 [EventQueue-DeleteBlockStatusForDeletedBlockLogImpl] DEBUG block.DeletedBlockLogImpl (DeletedBlockLogImpl.java:commitTransactions(224)) - Transaction txId=35 commit by dnId=f89ecde1-abfa-4530-92e2-4a065b7725ea for containerID=#35 failed. Corresponding entry not found.
2021-08-15 14:03:33,574 [EventQueue-DeleteBlockStatusForDeletedBlockLogImpl] DEBUG block.DeletedBlockLogImpl (DeletedBlockLogImpl.java:isTransactionFailed(278)) - Got block deletion ACK from datanode, TXIDs=36, success=true
2021-08-15 14:03:33,574 [EventQueue-DeleteBlockStatusForDeletedBlockLogImpl] DEBUG block.DeletedBlockLogImpl (DeletedBlockLogImpl.java:commitTransactions(224)) - Transaction txId=36 commit by dnId=f89ecde1-abfa-4530-92e2-4a065b7725ea for containerID=#36 failed. Corresponding entry not found.
2021-08-15 14:03:33,574 [EventQueue-DeleteBlockStatusForDeletedBlockLogImpl] DEBUG block.DeletedBlockLogImpl (DeletedBlockLogImpl.java:isTransactionFailed(278)) - Got block deletion ACK from datanode, TXIDs=37, success=true
2021-08-15 14:03:33,574 [EventQueue-DeleteBlockStatusForDeletedBlockLogImpl] DEBUG block.DeletedBlockLogImpl (DeletedBlockLogImpl.java:commitTransactions(224)) - Transaction txId=37 commit by dnId=f89ecde1-abfa-4530-92e2-4a065b7725ea for containerID=#37 failed. Corresponding entry not found.
2021-08-15 14:03:33,574 [EventQueue-DeleteBlockStatusForDeletedBlockLogImpl] DEBUG block.DeletedBlockLogImpl (DeletedBlockLogImpl.java:isTransactionFailed(278)) - Got block deletion ACK from datanode, TXIDs=38, success=true
2021-08-15 14:03:33,574 [EventQueue-DeleteBlockStatusForDeletedBlockLogImpl] DEBUG block.DeletedBlockLogImpl (DeletedBlockLogImpl.java:commitTransactions(224)) - Transaction txId=38 commit by dnId=f89ecde1-abfa-4530-92e2-4a065b7725ea for containerID=#38 failed. Corresponding entry not found.
2021-08-15 14:03:33,574 [EventQueue-DeleteBlockStatusForDeletedBlockLogImpl] DEBUG block.DeletedBlockLogImpl (DeletedBlockLogImpl.java:isTransactionFailed(278)) - Got block deletion ACK from datanode, TXIDs=39, success=true
2021-08-15 14:03:33,574 [EventQueue-DeleteBlockStatusForDeletedBlockLogImpl] DEBUG block.DeletedBlockLogImpl (DeletedBlockLogImpl.java:commitTransactions(224)) - Transaction txId=39 commit by dnId=f89ecde1-abfa-4530-92e2-4a065b7725ea for containerID=#39 failed. Corresponding entry not found.
2021-08-15 14:03:33,574 [EventQueue-DeleteBlockStatusForDeletedBlockLogImpl] DEBUG block.DeletedBlockLogImpl (DeletedBlockLogImpl.java:isTransactionFailed(278)) - Got block deletion ACK from datanode, TXIDs=40, success=true
2021-08-15 14:03:33,574 [EventQueue-DeleteBlockStatusForDeletedBlockLogImpl] DEBUG block.DeletedBlockLogImpl (DeletedBlockLogImpl.java:commitTransactions(224)) - Transaction txId=40 commit by dnId=f89ecde1-abfa-4530-92e2-4a065b7725ea for containerID=#40 failed. Corresponding entry not found.
2021-08-15 14:03:33,574 [EventQueue-DeleteBlockStatusForDeletedBlockLogImpl] DEBUG block.DeletedBlockLogImpl (DeletedBlockLogImpl.java:isTransactionFailed(278)) - Got block deletion ACK from datanode, TXIDs=41, success=true
2021-08-15 14:03:33,574 [EventQueue-DeleteBlockStatusForDeletedBlockLogImpl] DEBUG block.DeletedBlockLogImpl (DeletedBlockLogImpl.java:commitTransactions(224)) - Transaction txId=41 commit by dnId=f89ecde1-abfa-4530-92e2-4a065b7725ea for containerID=#41 failed. Corresponding entry not found.
2021-08-15 14:03:33,574 [EventQueue-DeleteBlockStatusForDeletedBlockLogImpl] DEBUG block.DeletedBlockLogImpl (DeletedBlockLogImpl.java:isTransactionFailed(278)) - Got block deletion ACK from datanode, TXIDs=42, success=true
2021-08-15 14:03:33,574 [EventQueue-DeleteBlockStatusForDeletedBlockLogImpl] DEBUG block.DeletedBlockLogImpl (DeletedBlockLogImpl.java:commitTransactions(224)) - Transaction txId=42 commit by dnId=f89ecde1-abfa-4530-92e2-4a065b7725ea for containerID=#42 failed. Corresponding entry not found.
2021-08-15 14:03:33,574 [EventQueue-DeleteBlockStatusForDeletedBlockLogImpl] DEBUG block.DeletedBlockLogImpl (DeletedBlockLogImpl.java:isTransactionFailed(278)) - Got block deletion ACK from datanode, TXIDs=43, success=true
2021-08-15 14:03:33,574 [EventQueue-DeleteBlockStatusForDeletedBlockLogImpl] DEBUG block.DeletedBlockLogImpl (DeletedBlockLogImpl.java:commitTransactions(224)) - Transaction txId=43 commit by dnId=f89ecde1-abfa-4530-92e2-4a065b7725ea for containerID=#43 failed. Corresponding entry not found.
2021-08-15 14:03:33,574 [EventQueue-DeleteBlockStatusForDeletedBlockLogImpl] DEBUG block.DeletedBlockLogImpl (DeletedBlockLogImpl.java:isTransactionFailed(278)) - Got block deletion ACK from datanode, TXIDs=44, success=true
2021-08-15 14:03:33,574 [EventQueue-DeleteBlockStatusForDeletedBlockLogImpl] DEBUG block.DeletedBlockLogImpl (DeletedBlockLogImpl.java:commitTransactions(224)) - Transaction txId=44 commit by dnId=f89ecde1-abfa-4530-92e2-4a065b7725ea for containerID=#44 failed. Corresponding entry not found.
2021-08-15 14:03:33,574 [EventQueue-DeleteBlockStatusForDeletedBlockLogImpl] DEBUG block.DeletedBlockLogImpl (DeletedBlockLogImpl.java:isTransactionFailed(278)) - Got block deletion ACK from datanode, TXIDs=45, success=true
2021-08-15 14:03:33,574 [EventQueue-DeleteBlockStatusForDeletedBlockLogImpl] DEBUG block.DeletedBlockLogImpl (DeletedBlockLogImpl.java:commitTransactions(224)) - Transaction txId=45 commit by dnId=f89ecde1-abfa-4530-92e2-4a065b7725ea for containerID=#45 failed. Corresponding entry not found.
2021-08-15 14:03:33,574 [EventQueue-DeleteBlockStatusForDeletedBlockLogImpl] DEBUG block.DeletedBlockLogImpl (DeletedBlockLogImpl.java:isTransactionFailed(278)) - Got block deletion ACK from datanode, TXIDs=46, success=true
2021-08-15 14:03:33,574 [EventQueue-DeleteBlockStatusForDeletedBlockLogImpl] DEBUG block.DeletedBlockLogImpl (DeletedBlockLogImpl.java:commitTransactions(224)) - Transaction txId=46 commit by dnId=f89ecde1-abfa-4530-92e2-4a065b7725ea for containerID=#46 failed. Corresponding entry not found.
2021-08-15 14:03:33,574 [EventQueue-DeleteBlockStatusForDeletedBlockLogImpl] DEBUG block.DeletedBlockLogImpl (DeletedBlockLogImpl.java:isTransactionFailed(278)) - Got block deletion ACK from datanode, TXIDs=47, success=true
2021-08-15 14:03:33,574 [EventQueue-DeleteBlockStatusForDeletedBlockLogImpl] DEBUG block.DeletedBlockLogImpl (DeletedBlockLogImpl.java:commitTransactions(224)) - Transaction txId=47 commit by dnId=f89ecde1-abfa-4530-92e2-4a065b7725ea for containerID=#47 failed. Corresponding entry not found.
2021-08-15 14:03:33,574 [EventQueue-DeleteBlockStatusForDeletedBlockLogImpl] DEBUG block.DeletedBlockLogImpl (DeletedBlockLogImpl.java:isTransactionFailed(278)) - Got block deletion ACK from datanode, TXIDs=48, success=true
2021-08-15 14:03:33,574 [EventQueue-DeleteBlockStatusForDeletedBlockLogImpl] DEBUG block.DeletedBlockLogImpl (DeletedBlockLogImpl.java:commitTransactions(224)) - Transaction txId=48 commit by dnId=f89ecde1-abfa-4530-92e2-4a065b7725ea for containerID=#48 failed. Corresponding entry not found.
2021-08-15 14:03:33,574 [EventQueue-DeleteBlockStatusForDeletedBlockLogImpl] DEBUG block.DeletedBlockLogImpl (DeletedBlockLogImpl.java:isTransactionFailed(278)) - Got block deletion ACK from datanode, TXIDs=49, success=true
2021-08-15 14:03:33,574 [EventQueue-DeleteBlockStatusForDeletedBlockLogImpl] DEBUG block.DeletedBlockLogImpl (DeletedBlockLogImpl.java:commitTransactions(224)) - Transaction txId=49 commit by dnId=f89ecde1-abfa-4530-92e2-4a065b7725ea for containerID=#49 failed. Corresponding entry not found.
2021-08-15 14:03:33,574 [EventQueue-DeleteBlockStatusForDeletedBlockLogImpl] DEBUG block.DeletedBlockLogImpl (DeletedBlockLogImpl.java:isTransactionFailed(278)) - Got block deletion ACK from datanode, TXIDs=50, success=true
2021-08-15 14:03:33,574 [EventQueue-DeleteBlockStatusForDeletedBlockLogImpl] DEBUG block.DeletedBlockLogImpl (DeletedBlockLogImpl.java:commitTransactions(224)) - Transaction txId=50 commit by dnId=f89ecde1-abfa-4530-92e2-4a065b7725ea for containerID=#50 failed. Corresponding entry not found.
2021-08-15 14:03:33,574 [EventQueue-DeleteBlockStatusForDeletedBlockLogImpl] DEBUG block.DeletedBlockLogImpl (DeletedBlockLogImpl.java:isTransactionFailed(278)) - Got block deletion ACK from datanode, TXIDs=51, success=true
2021-08-15 14:03:33,574 [EventQueue-DeleteBlockStatusForDeletedBlockLogImpl] DEBUG block.DeletedBlockLogImpl (DeletedBlockLogImpl.java:commitTransactions(224)) - Transaction txId=51 commit by dnId=f89ecde1-abfa-4530-92e2-4a065b7725ea for containerID=#51 failed. Corresponding entry not found.
2021-08-15 14:03:33,574 [EventQueue-DeleteBlockStatusForDeletedBlockLogImpl] DEBUG block.DeletedBlockLogImpl (DeletedBlockLogImpl.java:isTransactionFailed(278)) - Got block deletion ACK from datanode, TXIDs=52, success=true
2021-08-15 14:03:33,574 [EventQueue-DeleteBlockStatusForDeletedBlockLogImpl] DEBUG block.DeletedBlockLogImpl (DeletedBlockLogImpl.java:commitTransactions(224)) - Transaction txId=52 commit by dnId=f89ecde1-abfa-4530-92e2-4a065b7725ea for containerID=#52 failed. Corresponding entry not found.
2021-08-15 14:03:33,574 [EventQueue-DeleteBlockStatusForDeletedBlockLogImpl] DEBUG block.DeletedBlockLogImpl (DeletedBlockLogImpl.java:isTransactionFailed(278)) - Got block deletion ACK from datanode, TXIDs=53, success=true
2021-08-15 14:03:33,574 [EventQueue-DeleteBlockStatusForDeletedBlockLogImpl] DEBUG block.DeletedBlockLogImpl (DeletedBlockLogImpl.java:commitTransactions(224)) - Transaction txId=53 commit by dnId=f89ecde1-abfa-4530-92e2-4a065b7725ea for containerID=#53 failed. Corresponding entry not found.
2021-08-15 14:03:33,574 [EventQueue-DeleteBlockStatusForDeletedBlockLogImpl] DEBUG block.DeletedBlockLogImpl (DeletedBlockLogImpl.java:isTransactionFailed(278)) - Got block deletion ACK from datanode, TXIDs=54, success=true
2021-08-15 14:03:33,574 [EventQueue-DeleteBlockStatusForDeletedBlockLogImpl] DEBUG block.DeletedBlockLogImpl (DeletedBlockLogImpl.java:commitTransactions(224)) - Transaction txId=54 commit by dnId=f89ecde1-abfa-4530-92e2-4a065b7725ea for containerID=#54 failed. Corresponding entry not found.
2021-08-15 14:03:33,574 [EventQueue-DeleteBlockStatusForDeletedBlockLogImpl] DEBUG block.DeletedBlockLogImpl (DeletedBlockLogImpl.java:isTransactionFailed(278)) - Got block deletion ACK from datanode, TXIDs=55, success=true
2021-08-15 14:03:33,574 [EventQueue-DeleteBlockStatusForDeletedBlockLogImpl] DEBUG block.DeletedBlockLogImpl (DeletedBlockLogImpl.java:commitTransactions(224)) - Transaction txId=55 commit by dnId=f89ecde1-abfa-4530-92e2-4a065b7725ea for containerID=#55 failed. Corresponding entry not found.
2021-08-15 14:03:33,574 [EventQueue-DeleteBlockStatusForDeletedBlockLogImpl] DEBUG block.DeletedBlockLogImpl (DeletedBlockLogImpl.java:isTransactionFailed(278)) - Got block deletion ACK from datanode, TXIDs=56, success=true
2021-08-15 14:03:33,575 [EventQueue-DeleteBlockStatusForDeletedBlockLogImpl] DEBUG block.DeletedBlockLogImpl (DeletedBlockLogImpl.java:commitTransactions(224)) - Transaction txId=56 commit by dnId=f89ecde1-abfa-4530-92e2-4a065b7725ea for containerID=#56 failed. Corresponding entry not found.
2021-08-15 14:03:33,575 [EventQueue-DeleteBlockStatusForDeletedBlockLogImpl] DEBUG block.DeletedBlockLogImpl (DeletedBlockLogImpl.java:isTransactionFailed(278)) - Got block deletion ACK from datanode, TXIDs=17, success=true
2021-08-15 14:03:33,575 [EventQueue-DeleteBlockStatusForDeletedBlockLogImpl] DEBUG block.DeletedBlockLogImpl (DeletedBlockLogImpl.java:commitTransactions(224)) - Transaction txId=17 commit by dnId=f89ecde1-abfa-4530-92e2-4a065b7725ea for containerID=#17 failed. Corresponding entry not found.
2021-08-15 14:03:33,575 [EventQueue-DeleteBlockStatusForDeletedBlockLogImpl] DEBUG block.DeletedBlockLogImpl (DeletedBlockLogImpl.java:isTransactionFailed(278)) - Got block deletion ACK from datanode, TXIDs=18, success=true
2021-08-15 14:03:33,575 [EventQueue-DeleteBlockStatusForDeletedBlockLogImpl] DEBUG block.DeletedBlockLogImpl (DeletedBlockLogImpl.java:commitTransactions(224)) - Transaction txId=18 commit by dnId=f89ecde1-abfa-4530-92e2-4a065b7725ea for containerID=#18 failed. Corresponding entry not found.
2021-08-15 14:03:33,575 [EventQueue-DeleteBlockStatusForDeletedBlockLogImpl] DEBUG block.DeletedBlockLogImpl (DeletedBlockLogImpl.java:isTransactionFailed(278)) - Got block deletion ACK from datanode, TXIDs=19, success=true
2021-08-15 14:03:33,575 [EventQueue-DeleteBlockStatusForDeletedBlockLogImpl] DEBUG block.DeletedBlockLogImpl (DeletedBlockLogImpl.java:commitTransactions(224)) - Transaction txId=19 commit by dnId=f89ecde1-abfa-4530-92e2-4a065b7725ea for containerID=#19 failed. Corresponding entry not found.
2021-08-15 14:03:33,575 [EventQueue-DeleteBlockStatusForDeletedBlockLogImpl] DEBUG block.DeletedBlockLogImpl (DeletedBlockLogImpl.java:isTransactionFailed(278)) - Got block deletion ACK from datanode, TXIDs=20, success=true
2021-08-15 14:03:33,575 [EventQueue-DeleteBlockStatusForDeletedBlockLogImpl] DEBUG block.DeletedBlockLogImpl (DeletedBlockLogImpl.java:commitTransactions(224)) - Transaction txId=20 commit by dnId=f89ecde1-abfa-4530-92e2-4a065b7725ea for containerID=#20 failed. Corresponding entry not found.
2021-08-15 14:03:33,575 [EventQueue-DeleteBlockStatusForDeletedBlockLogImpl] DEBUG block.DeletedBlockLogImpl (DeletedBlockLogImpl.java:isTransactionFailed(278)) - Got block deletion ACK from datanode, TXIDs=21, success=true
2021-08-15 14:03:33,575 [EventQueue-DeleteBlockStatusForDeletedBlockLogImpl] DEBUG block.DeletedBlockLogImpl (DeletedBlockLogImpl.java:commitTransactions(224)) - Transaction txId=21 commit by dnId=f89ecde1-abfa-4530-92e2-4a065b7725ea for containerID=#21 failed. Corresponding entry not found.
2021-08-15 14:03:33,575 [EventQueue-DeleteBlockStatusForDeletedBlockLogImpl] DEBUG block.DeletedBlockLogImpl (DeletedBlockLogImpl.java:isTransactionFailed(278)) - Got block deletion ACK from datanode, TXIDs=22, success=true
2021-08-15 14:03:33,575 [EventQueue-DeleteBlockStatusForDeletedBlockLogImpl] DEBUG block.DeletedBlockLogImpl (DeletedBlockLogImpl.java:commitTransactions(224)) - Transaction txId=22 commit by dnId=f89ecde1-abfa-4530-92e2-4a065b7725ea for containerID=#22 failed. Corresponding entry not found.
2021-08-15 14:03:33,575 [EventQueue-DeleteBlockStatusForDeletedBlockLogImpl] DEBUG block.DeletedBlockLogImpl (DeletedBlockLogImpl.java:isTransactionFailed(278)) - Got block deletion ACK from datanode, TXIDs=23, success=true
2021-08-15 14:03:33,575 [EventQueue-DeleteBlockStatusForDeletedBlockLogImpl] DEBUG block.DeletedBlockLogImpl (DeletedBlockLogImpl.java:commitTransactions(224)) - Transaction txId=23 commit by dnId=f89ecde1-abfa-4530-92e2-4a065b7725ea for containerID=#23 failed. Corresponding entry not found.
2021-08-15 14:03:33,575 [EventQueue-DeleteBlockStatusForDeletedBlockLogImpl] DEBUG block.DeletedBlockLogImpl (DeletedBlockLogImpl.java:isTransactionFailed(278)) - Got block deletion ACK from datanode, TXIDs=24, success=true
2021-08-15 14:03:33,575 [EventQueue-DeleteBlockStatusForDeletedBlockLogImpl] DEBUG block.DeletedBlockLogImpl (DeletedBlockLogImpl.java:commitTransactions(224)) - Transaction txId=24 commit by dnId=f89ecde1-abfa-4530-92e2-4a065b7725ea for containerID=#24 failed. Corresponding entry not found.
2021-08-15 14:03:33,575 [EventQueue-DeleteBlockStatusForDeletedBlockLogImpl] DEBUG block.DeletedBlockLogImpl (DeletedBlockLogImpl.java:isTransactionFailed(278)) - Got block deletion ACK from datanode, TXIDs=25, success=true
2021-08-15 14:03:33,575 [EventQueue-DeleteBlockStatusForDeletedBlockLogImpl] DEBUG block.DeletedBlockLogImpl (DeletedBlockLogImpl.java:commitTransactions(224)) - Transaction txId=25 commit by dnId=f89ecde1-abfa-4530-92e2-4a065b7725ea for containerID=#25 failed. Corresponding entry not found.
2021-08-15 14:03:33,575 [EventQueue-DeleteBlockStatusForDeletedBlockLogImpl] DEBUG block.DeletedBlockLogImpl (DeletedBlockLogImpl.java:isTransactionFailed(278)) - Got block deletion ACK from datanode, TXIDs=26, success=true
2021-08-15 14:03:33,575 [EventQueue-DeleteBlockStatusForDeletedBlockLogImpl] DEBUG block.DeletedBlockLogImpl (DeletedBlockLogImpl.java:commitTransactions(224)) - Transaction txId=26 commit by dnId=f89ecde1-abfa-4530-92e2-4a065b7725ea for containerID=#26 failed. Corresponding entry not found.
2021-08-15 14:03:33,575 [EventQueue-DeleteBlockStatusForDeletedBlockLogImpl] DEBUG block.DeletedBlockLogImpl (DeletedBlockLogImpl.java:isTransactionFailed(278)) - Got block deletion ACK from datanode, TXIDs=27, success=true
2021-08-15 14:03:33,575 [EventQueue-DeleteBlockStatusForDeletedBlockLogImpl] DEBUG block.DeletedBlockLogImpl (DeletedBlockLogImpl.java:commitTransactions(224)) - Transaction txId=27 commit by dnId=f89ecde1-abfa-4530-92e2-4a065b7725ea for containerID=#27 failed. Corresponding entry not found.
2021-08-15 14:03:33,575 [EventQueue-DeleteBlockStatusForDeletedBlockLogImpl] DEBUG block.DeletedBlockLogImpl (DeletedBlockLogImpl.java:isTransactionFailed(278)) - Got block deletion ACK from datanode, TXIDs=28, success=true
2021-08-15 14:03:33,575 [EventQueue-DeleteBlockStatusForDeletedBlockLogImpl] DEBUG block.DeletedBlockLogImpl (DeletedBlockLogImpl.java:commitTransactions(224)) - Transaction txId=28 commit by dnId=f89ecde1-abfa-4530-92e2-4a065b7725ea for containerID=#28 failed. Corresponding entry not found.
2021-08-15 14:03:33,575 [EventQueue-DeleteBlockStatusForDeletedBlockLogImpl] DEBUG block.DeletedBlockLogImpl (DeletedBlockLogImpl.java:isTransactionFailed(278)) - Got block deletion ACK from datanode, TXIDs=29, success=true
2021-08-15 14:03:33,575 [EventQueue-DeleteBlockStatusForDeletedBlockLogImpl] DEBUG block.DeletedBlockLogImpl (DeletedBlockLogImpl.java:commitTransactions(224)) - Transaction txId=29 commit by dnId=f89ecde1-abfa-4530-92e2-4a065b7725ea for containerID=#29 failed. Corresponding entry not found.
2021-08-15 14:03:33,575 [EventQueue-DeleteBlockStatusForDeletedBlockLogImpl] DEBUG block.DeletedBlockLogImpl (DeletedBlockLogImpl.java:isTransactionFailed(278)) - Got block deletion ACK from datanode, TXIDs=30, success=true
2021-08-15 14:03:33,575 [EventQueue-DeleteBlockStatusForDeletedBlockLogImpl] DEBUG block.DeletedBlockLogImpl (DeletedBlockLogImpl.java:commitTransactions(224)) - Transaction txId=30 commit by dnId=f89ecde1-abfa-4530-92e2-4a065b7725ea for containerID=#30 failed. Corresponding entry not found.
2021-08-15 14:03:33,575 [EventQueue-DeleteBlockStatusForDeletedBlockLogImpl] DEBUG block.DeletedBlockLogImpl (DeletedBlockLogImpl.java:isTransactionFailed(278)) - Got block deletion ACK from datanode, TXIDs=31, success=true
2021-08-15 14:03:33,575 [EventQueue-DeleteBlockStatusForDeletedBlockLogImpl] DEBUG block.DeletedBlockLogImpl (DeletedBlockLogImpl.java:commitTransactions(224)) - Transaction txId=31 commit by dnId=f89ecde1-abfa-4530-92e2-4a065b7725ea for containerID=#31 failed. Corresponding entry not found.
2021-08-15 14:03:33,575 [EventQueue-DeleteBlockStatusForDeletedBlockLogImpl] DEBUG block.DeletedBlockLogImpl (DeletedBlockLogImpl.java:isTransactionFailed(278)) - Got block deletion ACK from datanode, TXIDs=32, success=true
2021-08-15 14:03:33,575 [EventQueue-DeleteBlockStatusForDeletedBlockLogImpl] DEBUG block.DeletedBlockLogImpl (DeletedBlockLogImpl.java:commitTransactions(224)) - Transaction txId=32 commit by dnId=f89ecde1-abfa-4530-92e2-4a065b7725ea for containerID=#32 failed. Corresponding entry not found.
2021-08-15 14:03:33,575 [EventQueue-DeleteBlockStatusForDeletedBlockLogImpl] DEBUG block.DeletedBlockLogImpl (DeletedBlockLogImpl.java:isTransactionFailed(278)) - Got block deletion ACK from datanode, TXIDs=33, success=true
2021-08-15 14:03:33,575 [EventQueue-DeleteBlockStatusForDeletedBlockLogImpl] DEBUG block.DeletedBlockLogImpl (DeletedBlockLogImpl.java:commitTransactions(224)) - Transaction txId=33 commit by dnId=f89ecde1-abfa-4530-92e2-4a065b7725ea for containerID=#33 failed. Corresponding entry not found.
2021-08-15 14:03:33,575 [EventQueue-DeleteBlockStatusForDeletedBlockLogImpl] DEBUG block.DeletedBlockLogImpl (DeletedBlockLogImpl.java:isTransactionFailed(278)) - Got block deletion ACK from datanode, TXIDs=34, success=true
2021-08-15 14:03:33,575 [EventQueue-DeleteBlockStatusForDeletedBlockLogImpl] DEBUG block.DeletedBlockLogImpl (DeletedBlockLogImpl.java:commitTransactions(224)) - Transaction txId=34 commit by dnId=f89ecde1-abfa-4530-92e2-4a065b7725ea for containerID=#34 failed. Corresponding entry not found.
2021-08-15 14:03:33,575 [EventQueue-DeleteBlockStatusForDeletedBlockLogImpl] DEBUG block.DeletedBlockLogImpl (DeletedBlockLogImpl.java:isTransactionFailed(278)) - Got block deletion ACK from datanode, TXIDs=35, success=true
2021-08-15 14:03:33,575 [EventQueue-DeleteBlockStatusForDeletedBlockLogImpl] DEBUG block.DeletedBlockLogImpl (DeletedBlockLogImpl.java:commitTransactions(224)) - Transaction txId=35 commit by dnId=f89ecde1-abfa-4530-92e2-4a065b7725ea for containerID=#35 failed. Corresponding entry not found.
2021-08-15 14:03:33,575 [EventQueue-DeleteBlockStatusForDeletedBlockLogImpl] DEBUG block.DeletedBlockLogImpl (DeletedBlockLogImpl.java:isTransactionFailed(278)) - Got block deletion ACK from datanode, TXIDs=36, success=true
2021-08-15 14:03:33,575 [EventQueue-DeleteBlockStatusForDeletedBlockLogImpl] DEBUG block.DeletedBlockLogImpl (DeletedBlockLogImpl.java:commitTransactions(224)) - Transaction txId=36 commit by dnId=f89ecde1-abfa-4530-92e2-4a065b7725ea for containerID=#36 failed. Corresponding entry not found.
2021-08-15 14:03:33,575 [EventQueue-DeleteBlockStatusForDeletedBlockLogImpl] DEBUG block.DeletedBlockLogImpl (DeletedBlockLogImpl.java:isTransactionFailed(278)) - Got block deletion ACK from datanode, TXIDs=37, success=true
2021-08-15 14:03:33,575 [EventQueue-DeleteBlockStatusForDeletedBlockLogImpl] DEBUG block.DeletedBlockLogImpl (DeletedBlockLogImpl.java:commitTransactions(224)) - Transaction txId=37 commit by dnId=f89ecde1-abfa-4530-92e2-4a065b7725ea for containerID=#37 failed. Corresponding entry not found.
2021-08-15 14:03:33,575 [EventQueue-DeleteBlockStatusForDeletedBlockLogImpl] DEBUG block.DeletedBlockLogImpl (DeletedBlockLogImpl.java:isTransactionFailed(278)) - Got block deletion ACK from datanode, TXIDs=38, success=true
2021-08-15 14:03:33,575 [EventQueue-DeleteBlockStatusForDeletedBlockLogImpl] DEBUG block.DeletedBlockLogImpl (DeletedBlockLogImpl.java:commitTransactions(224)) - Transaction txId=38 commit by dnId=f89ecde1-abfa-4530-92e2-4a065b7725ea for containerID=#38 failed. Corresponding entry not found.
2021-08-15 14:03:33,575 [EventQueue-DeleteBlockStatusForDeletedBlockLogImpl] DEBUG block.DeletedBlockLogImpl (DeletedBlockLogImpl.java:isTransactionFailed(278)) - Got block deletion ACK from datanode, TXIDs=39, success=true
2021-08-15 14:03:33,576 [EventQueue-DeleteBlockStatusForDeletedBlockLogImpl] DEBUG block.DeletedBlockLogImpl (DeletedBlockLogImpl.java:commitTransactions(224)) - Transaction txId=39 commit by dnId=f89ecde1-abfa-4530-92e2-4a065b7725ea for containerID=#39 failed. Corresponding entry not found.
2021-08-15 14:03:33,576 [EventQueue-DeleteBlockStatusForDeletedBlockLogImpl] DEBUG block.DeletedBlockLogImpl (DeletedBlockLogImpl.java:isTransactionFailed(278)) - Got block deletion ACK from datanode, TXIDs=40, success=true
2021-08-15 14:03:33,576 [EventQueue-DeleteBlockStatusForDeletedBlockLogImpl] DEBUG block.DeletedBlockLogImpl (DeletedBlockLogImpl.java:commitTransactions(224)) - Transaction txId=40 commit by dnId=f89ecde1-abfa-4530-92e2-4a065b7725ea for containerID=#40 failed. Corresponding entry not found.
2021-08-15 14:03:33,576 [EventQueue-DeleteBlockStatusForDeletedBlockLogImpl] DEBUG block.DeletedBlockLogImpl (DeletedBlockLogImpl.java:isTransactionFailed(278)) - Got block deletion ACK from datanode, TXIDs=41, success=true
2021-08-15 14:03:33,576 [EventQueue-DeleteBlockStatusForDeletedBlockLogImpl] DEBUG block.DeletedBlockLogImpl (DeletedBlockLogImpl.java:commitTransactions(224)) - Transaction txId=41 commit by dnId=f89ecde1-abfa-4530-92e2-4a065b7725ea for containerID=#41 failed. Corresponding entry not found.
2021-08-15 14:03:33,576 [EventQueue-DeleteBlockStatusForDeletedBlockLogImpl] DEBUG block.DeletedBlockLogImpl (DeletedBlockLogImpl.java:isTransactionFailed(278)) - Got block deletion ACK from datanode, TXIDs=42, success=true
2021-08-15 14:03:33,576 [EventQueue-DeleteBlockStatusForDeletedBlockLogImpl] DEBUG block.DeletedBlockLogImpl (DeletedBlockLogImpl.java:commitTransactions(224)) - Transaction txId=42 commit by dnId=f89ecde1-abfa-4530-92e2-4a065b7725ea for containerID=#42 failed. Corresponding entry not found.
2021-08-15 14:03:33,576 [EventQueue-DeleteBlockStatusForDeletedBlockLogImpl] DEBUG block.DeletedBlockLogImpl (DeletedBlockLogImpl.java:isTransactionFailed(278)) - Got block deletion ACK from datanode, TXIDs=43, success=true
2021-08-15 14:03:33,576 [EventQueue-DeleteBlockStatusForDeletedBlockLogImpl] DEBUG block.DeletedBlockLogImpl (DeletedBlockLogImpl.java:commitTransactions(224)) - Transaction txId=43 commit by dnId=f89ecde1-abfa-4530-92e2-4a065b7725ea for containerID=#43 failed. Corresponding entry not found.
2021-08-15 14:03:33,576 [EventQueue-DeleteBlockStatusForDeletedBlockLogImpl] DEBUG block.DeletedBlockLogImpl (DeletedBlockLogImpl.java:isTransactionFailed(278)) - Got block deletion ACK from datanode, TXIDs=44, success=true
2021-08-15 14:03:33,576 [EventQueue-DeleteBlockStatusForDeletedBlockLogImpl] DEBUG block.DeletedBlockLogImpl (DeletedBlockLogImpl.java:commitTransactions(224)) - Transaction txId=44 commit by dnId=f89ecde1-abfa-4530-92e2-4a065b7725ea for containerID=#44 failed. Corresponding entry not found.
2021-08-15 14:03:33,576 [EventQueue-DeleteBlockStatusForDeletedBlockLogImpl] DEBUG block.DeletedBlockLogImpl (DeletedBlockLogImpl.java:isTransactionFailed(278)) - Got block deletion ACK from datanode, TXIDs=45, success=true
2021-08-15 14:03:33,576 [EventQueue-DeleteBlockStatusForDeletedBlockLogImpl] DEBUG block.DeletedBlockLogImpl (DeletedBlockLogImpl.java:commitTransactions(224)) - Transaction txId=45 commit by dnId=f89ecde1-abfa-4530-92e2-4a065b7725ea for containerID=#45 failed. Corresponding entry not found.
2021-08-15 14:03:33,576 [EventQueue-DeleteBlockStatusForDeletedBlockLogImpl] DEBUG block.DeletedBlockLogImpl (DeletedBlockLogImpl.java:isTransactionFailed(278)) - Got block deletion ACK from datanode, TXIDs=46, success=true
2021-08-15 14:03:33,576 [EventQueue-DeleteBlockStatusForDeletedBlockLogImpl] DEBUG block.DeletedBlockLogImpl (DeletedBlockLogImpl.java:commitTransactions(224)) - Transaction txId=46 commit by dnId=f89ecde1-abfa-4530-92e2-4a065b7725ea for containerID=#46 failed. Corresponding entry not found.
2021-08-15 14:03:33,576 [EventQueue-DeleteBlockStatusForDeletedBlockLogImpl] DEBUG block.DeletedBlockLogImpl (DeletedBlockLogImpl.java:isTransactionFailed(278)) - Got block deletion ACK from datanode, TXIDs=47, success=true
2021-08-15 14:03:33,576 [EventQueue-DeleteBlockStatusForDeletedBlockLogImpl] DEBUG block.DeletedBlockLogImpl (DeletedBlockLogImpl.java:commitTransactions(224)) - Transaction txId=47 commit by dnId=f89ecde1-abfa-4530-92e2-4a065b7725ea for containerID=#47 failed. Corresponding entry not found.
2021-08-15 14:03:33,576 [EventQueue-DeleteBlockStatusForDeletedBlockLogImpl] DEBUG block.DeletedBlockLogImpl (DeletedBlockLogImpl.java:isTransactionFailed(278)) - Got block deletion ACK from datanode, TXIDs=48, success=true
2021-08-15 14:03:33,576 [EventQueue-DeleteBlockStatusForDeletedBlockLogImpl] DEBUG block.DeletedBlockLogImpl (DeletedBlockLogImpl.java:commitTransactions(224)) - Transaction txId=48 commit by dnId=f89ecde1-abfa-4530-92e2-4a065b7725ea for containerID=#48 failed. Corresponding entry not found.
2021-08-15 14:03:33,576 [EventQueue-DeleteBlockStatusForDeletedBlockLogImpl] DEBUG block.DeletedBlockLogImpl (DeletedBlockLogImpl.java:isTransactionFailed(278)) - Got block deletion ACK from datanode, TXIDs=49, success=true
2021-08-15 14:03:33,576 [EventQueue-DeleteBlockStatusForDeletedBlockLogImpl] DEBUG block.DeletedBlockLogImpl (DeletedBlockLogImpl.java:commitTransactions(224)) - Transaction txId=49 commit by dnId=f89ecde1-abfa-4530-92e2-4a065b7725ea for containerID=#49 failed. Corresponding entry not found.
2021-08-15 14:03:33,576 [EventQueue-DeleteBlockStatusForDeletedBlockLogImpl] DEBUG block.DeletedBlockLogImpl (DeletedBlockLogImpl.java:isTransactionFailed(278)) - Got block deletion ACK from datanode, TXIDs=50, success=true
2021-08-15 14:03:33,576 [EventQueue-DeleteBlockStatusForDeletedBlockLogImpl] DEBUG block.DeletedBlockLogImpl (DeletedBlockLogImpl.java:commitTransactions(224)) - Transaction txId=50 commit by dnId=f89ecde1-abfa-4530-92e2-4a065b7725ea for containerID=#50 failed. Corresponding entry not found.
2021-08-15 14:03:33,576 [EventQueue-DeleteBlockStatusForDeletedBlockLogImpl] DEBUG block.DeletedBlockLogImpl (DeletedBlockLogImpl.java:isTransactionFailed(278)) - Got block deletion ACK from datanode, TXIDs=51, success=true
2021-08-15 14:03:33,576 [EventQueue-DeleteBlockStatusForDeletedBlockLogImpl] DEBUG block.DeletedBlockLogImpl (DeletedBlockLogImpl.java:commitTransactions(224)) - Transaction txId=51 commit by dnId=f89ecde1-abfa-4530-92e2-4a065b7725ea for containerID=#51 failed. Corresponding entry not found.
2021-08-15 14:03:33,576 [EventQueue-DeleteBlockStatusForDeletedBlockLogImpl] DEBUG block.DeletedBlockLogImpl (DeletedBlockLogImpl.java:isTransactionFailed(278)) - Got block deletion ACK from datanode, TXIDs=52, success=true
2021-08-15 14:03:33,576 [EventQueue-DeleteBlockStatusForDeletedBlockLogImpl] DEBUG block.DeletedBlockLogImpl (DeletedBlockLogImpl.java:commitTransactions(224)) - Transaction txId=52 commit by dnId=f89ecde1-abfa-4530-92e2-4a065b7725ea for containerID=#52 failed. Corresponding entry not found.
2021-08-15 14:03:33,576 [EventQueue-DeleteBlockStatusForDeletedBlockLogImpl] DEBUG block.DeletedBlockLogImpl (DeletedBlockLogImpl.java:isTransactionFailed(278)) - Got block deletion ACK from datanode, TXIDs=53, success=true
2021-08-15 14:03:33,576 [EventQueue-DeleteBlockStatusForDeletedBlockLogImpl] DEBUG block.DeletedBlockLogImpl (DeletedBlockLogImpl.java:commitTransactions(224)) - Transaction txId=53 commit by dnId=f89ecde1-abfa-4530-92e2-4a065b7725ea for containerID=#53 failed. Corresponding entry not found.
2021-08-15 14:03:33,576 [EventQueue-DeleteBlockStatusForDeletedBlockLogImpl] DEBUG block.DeletedBlockLogImpl (DeletedBlockLogImpl.java:isTransactionFailed(278)) - Got block deletion ACK from datanode, TXIDs=54, success=true
2021-08-15 14:03:33,576 [EventQueue-DeleteBlockStatusForDeletedBlockLogImpl] DEBUG block.DeletedBlockLogImpl (DeletedBlockLogImpl.java:commitTransactions(224)) - Transaction txId=54 commit by dnId=f89ecde1-abfa-4530-92e2-4a065b7725ea for containerID=#54 failed. Corresponding entry not found.
2021-08-15 14:03:33,576 [EventQueue-DeleteBlockStatusForDeletedBlockLogImpl] DEBUG block.DeletedBlockLogImpl (DeletedBlockLogImpl.java:isTransactionFailed(278)) - Got block deletion ACK from datanode, TXIDs=55, success=true
2021-08-15 14:03:33,576 [EventQueue-DeleteBlockStatusForDeletedBlockLogImpl] DEBUG block.DeletedBlockLogImpl (DeletedBlockLogImpl.java:commitTransactions(224)) - Transaction txId=55 commit by dnId=f89ecde1-abfa-4530-92e2-4a065b7725ea for containerID=#55 failed. Corresponding entry not found.
2021-08-15 14:03:33,576 [EventQueue-DeleteBlockStatusForDeletedBlockLogImpl] DEBUG block.DeletedBlockLogImpl (DeletedBlockLogImpl.java:isTransactionFailed(278)) - Got block deletion ACK from datanode, TXIDs=56, success=true
2021-08-15 14:03:33,576 [EventQueue-DeleteBlockStatusForDeletedBlockLogImpl] DEBUG block.DeletedBlockLogImpl (DeletedBlockLogImpl.java:commitTransactions(224)) - Transaction txId=56 commit by dnId=f89ecde1-abfa-4530-92e2-4a065b7725ea for containerID=#56 failed. Corresponding entry not found.
2021-08-15 14:03:33,576 [EventQueue-DeleteBlockStatusForDeletedBlockLogImpl] DEBUG block.DeletedBlockLogImpl (DeletedBlockLogImpl.java:isTransactionFailed(278)) - Got block deletion ACK from datanode, TXIDs=17, success=true
2021-08-15 14:03:33,576 [EventQueue-DeleteBlockStatusForDeletedBlockLogImpl] DEBUG block.DeletedBlockLogImpl (DeletedBlockLogImpl.java:commitTransactions(224)) - Transaction txId=17 commit by dnId=f89ecde1-abfa-4530-92e2-4a065b7725ea for containerID=#17 failed. Corresponding entry not found.
2021-08-15 14:03:33,576 [EventQueue-DeleteBlockStatusForDeletedBlockLogImpl] DEBUG block.DeletedBlockLogImpl (DeletedBlockLogImpl.java:isTransactionFailed(278)) - Got block deletion ACK from datanode, TXIDs=18, success=true
2021-08-15 14:03:33,576 [EventQueue-DeleteBlockStatusForDeletedBlockLogImpl] DEBUG block.DeletedBlockLogImpl (DeletedBlockLogImpl.java:commitTransactions(224)) - Transaction txId=18 commit by dnId=f89ecde1-abfa-4530-92e2-4a065b7725ea for containerID=#18 failed. Corresponding entry not found.
2021-08-15 14:03:33,576 [EventQueue-DeleteBlockStatusForDeletedBlockLogImpl] DEBUG block.DeletedBlockLogImpl (DeletedBlockLogImpl.java:isTransactionFailed(278)) - Got block deletion ACK from datanode, TXIDs=19, success=true
2021-08-15 14:03:33,576 [EventQueue-DeleteBlockStatusForDeletedBlockLogImpl] DEBUG block.DeletedBlockLogImpl (DeletedBlockLogImpl.java:commitTransactions(224)) - Transaction txId=19 commit by dnId=f89ecde1-abfa-4530-92e2-4a065b7725ea for containerID=#19 failed. Corresponding entry not found.
2021-08-15 14:03:33,576 [EventQueue-DeleteBlockStatusForDeletedBlockLogImpl] DEBUG block.DeletedBlockLogImpl (DeletedBlockLogImpl.java:isTransactionFailed(278)) - Got block deletion ACK from datanode, TXIDs=20, success=true
2021-08-15 14:03:33,576 [EventQueue-DeleteBlockStatusForDeletedBlockLogImpl] DEBUG block.DeletedBlockLogImpl (DeletedBlockLogImpl.java:commitTransactions(224)) - Transaction txId=20 commit by dnId=f89ecde1-abfa-4530-92e2-4a065b7725ea for containerID=#20 failed. Corresponding entry not found.
2021-08-15 14:03:33,576 [EventQueue-DeleteBlockStatusForDeletedBlockLogImpl] DEBUG block.DeletedBlockLogImpl (DeletedBlockLogImpl.java:isTransactionFailed(278)) - Got block deletion ACK from datanode, TXIDs=21, success=true
2021-08-15 14:03:33,576 [EventQueue-DeleteBlockStatusForDeletedBlockLogImpl] DEBUG block.DeletedBlockLogImpl (DeletedBlockLogImpl.java:commitTransactions(224)) - Transaction txId=21 commit by dnId=f89ecde1-abfa-4530-92e2-4a065b7725ea for containerID=#21 failed. Corresponding entry not found.
2021-08-15 14:03:33,576 [EventQueue-DeleteBlockStatusForDeletedBlockLogImpl] DEBUG block.DeletedBlockLogImpl (DeletedBlockLogImpl.java:isTransactionFailed(278)) - Got block deletion ACK from datanode, TXIDs=22, success=true
2021-08-15 14:03:33,577 [EventQueue-DeleteBlockStatusForDeletedBlockLogImpl] DEBUG block.DeletedBlockLogImpl (DeletedBlockLogImpl.java:commitTransactions(224)) - Transaction txId=22 commit by dnId=f89ecde1-abfa-4530-92e2-4a065b7725ea for containerID=#22 failed. Corresponding entry not found.
2021-08-15 14:03:33,577 [EventQueue-DeleteBlockStatusForDeletedBlockLogImpl] DEBUG block.DeletedBlockLogImpl (DeletedBlockLogImpl.java:isTransactionFailed(278)) - Got block deletion ACK from datanode, TXIDs=23, success=true
2021-08-15 14:03:33,577 [EventQueue-DeleteBlockStatusForDeletedBlockLogImpl] DEBUG block.DeletedBlockLogImpl (DeletedBlockLogImpl.java:commitTransactions(224)) - Transaction txId=23 commit by dnId=f89ecde1-abfa-4530-92e2-4a065b7725ea for containerID=#23 failed. Corresponding entry not found.
2021-08-15 14:03:33,577 [EventQueue-DeleteBlockStatusForDeletedBlockLogImpl] DEBUG block.DeletedBlockLogImpl (DeletedBlockLogImpl.java:isTransactionFailed(278)) - Got block deletion ACK from datanode, TXIDs=24, success=true
2021-08-15 14:03:33,577 [EventQueue-DeleteBlockStatusForDeletedBlockLogImpl] DEBUG block.DeletedBlockLogImpl (DeletedBlockLogImpl.java:commitTransactions(224)) - Transaction txId=24 commit by dnId=f89ecde1-abfa-4530-92e2-4a065b7725ea for containerID=#24 failed. Corresponding entry not found.
2021-08-15 14:03:33,577 [EventQueue-DeleteBlockStatusForDeletedBlockLogImpl] DEBUG block.DeletedBlockLogImpl (DeletedBlockLogImpl.java:isTransactionFailed(278)) - Got block deletion ACK from datanode, TXIDs=25, success=true
2021-08-15 14:03:33,577 [EventQueue-DeleteBlockStatusForDeletedBlockLogImpl] DEBUG block.DeletedBlockLogImpl (DeletedBlockLogImpl.java:commitTransactions(224)) - Transaction txId=25 commit by dnId=f89ecde1-abfa-4530-92e2-4a065b7725ea for containerID=#25 failed. Corresponding entry not found.
2021-08-15 14:03:33,577 [EventQueue-DeleteBlockStatusForDeletedBlockLogImpl] DEBUG block.DeletedBlockLogImpl (DeletedBlockLogImpl.java:isTransactionFailed(278)) - Got block deletion ACK from datanode, TXIDs=26, success=true
2021-08-15 14:03:33,577 [EventQueue-DeleteBlockStatusForDeletedBlockLogImpl] DEBUG block.DeletedBlockLogImpl (DeletedBlockLogImpl.java:commitTransactions(224)) - Transaction txId=26 commit by dnId=f89ecde1-abfa-4530-92e2-4a065b7725ea for containerID=#26 failed. Corresponding entry not found.
2021-08-15 14:03:33,577 [EventQueue-DeleteBlockStatusForDeletedBlockLogImpl] DEBUG block.DeletedBlockLogImpl (DeletedBlockLogImpl.java:isTransactionFailed(278)) - Got block deletion ACK from datanode, TXIDs=27, success=true
2021-08-15 14:03:33,577 [EventQueue-DeleteBlockStatusForDeletedBlockLogImpl] DEBUG block.DeletedBlockLogImpl (DeletedBlockLogImpl.java:commitTransactions(224)) - Transaction txId=27 commit by dnId=f89ecde1-abfa-4530-92e2-4a065b7725ea for containerID=#27 failed. Corresponding entry not found.
2021-08-15 14:03:33,577 [EventQueue-DeleteBlockStatusForDeletedBlockLogImpl] DEBUG block.DeletedBlockLogImpl (DeletedBlockLogImpl.java:isTransactionFailed(278)) - Got block deletion ACK from datanode, TXIDs=28, success=true
2021-08-15 14:03:33,577 [EventQueue-DeleteBlockStatusForDeletedBlockLogImpl] DEBUG block.DeletedBlockLogImpl (DeletedBlockLogImpl.java:commitTransactions(224)) - Transaction txId=28 commit by dnId=f89ecde1-abfa-4530-92e2-4a065b7725ea for containerID=#28 failed. Corresponding entry not found.
2021-08-15 14:03:33,577 [EventQueue-DeleteBlockStatusForDeletedBlockLogImpl] DEBUG block.DeletedBlockLogImpl (DeletedBlockLogImpl.java:isTransactionFailed(278)) - Got block deletion ACK from datanode, TXIDs=29, success=true
2021-08-15 14:03:33,577 [EventQueue-DeleteBlockStatusForDeletedBlockLogImpl] DEBUG block.DeletedBlockLogImpl (DeletedBlockLogImpl.java:commitTransactions(224)) - Transaction txId=29 commit by dnId=f89ecde1-abfa-4530-92e2-4a065b7725ea for containerID=#29 failed. Corresponding entry not found.
2021-08-15 14:03:33,577 [EventQueue-DeleteBlockStatusForDeletedBlockLogImpl] DEBUG block.DeletedBlockLogImpl (DeletedBlockLogImpl.java:isTransactionFailed(278)) - Got block deletion ACK from datanode, TXIDs=30, success=true
2021-08-15 14:03:33,577 [EventQueue-DeleteBlockStatusForDeletedBlockLogImpl] DEBUG block.DeletedBlockLogImpl (DeletedBlockLogImpl.java:commitTransactions(224)) - Transaction txId=30 commit by dnId=f89ecde1-abfa-4530-92e2-4a065b7725ea for containerID=#30 failed. Corresponding entry not found.
2021-08-15 14:03:33,577 [EventQueue-DeleteBlockStatusForDeletedBlockLogImpl] DEBUG block.DeletedBlockLogImpl (DeletedBlockLogImpl.java:isTransactionFailed(278)) - Got block deletion ACK from datanode, TXIDs=31, success=true
2021-08-15 14:03:33,577 [EventQueue-DeleteBlockStatusForDeletedBlockLogImpl] DEBUG block.DeletedBlockLogImpl (DeletedBlockLogImpl.java:commitTransactions(224)) - Transaction txId=31 commit by dnId=f89ecde1-abfa-4530-92e2-4a065b7725ea for containerID=#31 failed. Corresponding entry not found.
2021-08-15 14:03:33,577 [EventQueue-DeleteBlockStatusForDeletedBlockLogImpl] DEBUG block.DeletedBlockLogImpl (DeletedBlockLogImpl.java:isTransactionFailed(278)) - Got block deletion ACK from datanode, TXIDs=32, success=true
2021-08-15 14:03:33,577 [EventQueue-DeleteBlockStatusForDeletedBlockLogImpl] DEBUG block.DeletedBlockLogImpl (DeletedBlockLogImpl.java:commitTransactions(224)) - Transaction txId=32 commit by dnId=f89ecde1-abfa-4530-92e2-4a065b7725ea for containerID=#32 failed. Corresponding entry not found.
2021-08-15 14:03:33,577 [EventQueue-DeleteBlockStatusForDeletedBlockLogImpl] DEBUG block.DeletedBlockLogImpl (DeletedBlockLogImpl.java:isTransactionFailed(278)) - Got block deletion ACK from datanode, TXIDs=33, success=true
2021-08-15 14:03:33,577 [EventQueue-DeleteBlockStatusForDeletedBlockLogImpl] DEBUG block.DeletedBlockLogImpl (DeletedBlockLogImpl.java:commitTransactions(224)) - Transaction txId=33 commit by dnId=f89ecde1-abfa-4530-92e2-4a065b7725ea for containerID=#33 failed. Corresponding entry not found.
2021-08-15 14:03:33,577 [EventQueue-DeleteBlockStatusForDeletedBlockLogImpl] DEBUG block.DeletedBlockLogImpl (DeletedBlockLogImpl.java:isTransactionFailed(278)) - Got block deletion ACK from datanode, TXIDs=34, success=true
2021-08-15 14:03:33,577 [EventQueue-DeleteBlockStatusForDeletedBlockLogImpl] DEBUG block.DeletedBlockLogImpl (DeletedBlockLogImpl.java:commitTransactions(224)) - Transaction txId=34 commit by dnId=f89ecde1-abfa-4530-92e2-4a065b7725ea for containerID=#34 failed. Corresponding entry not found.
2021-08-15 14:03:33,577 [EventQueue-DeleteBlockStatusForDeletedBlockLogImpl] DEBUG block.DeletedBlockLogImpl (DeletedBlockLogImpl.java:isTransactionFailed(278)) - Got block deletion ACK from datanode, TXIDs=35, success=true
2021-08-15 14:03:33,577 [EventQueue-DeleteBlockStatusForDeletedBlockLogImpl] DEBUG block.DeletedBlockLogImpl (DeletedBlockLogImpl.java:commitTransactions(224)) - Transaction txId=35 commit by dnId=f89ecde1-abfa-4530-92e2-4a065b7725ea for containerID=#35 failed. Corresponding entry not found.
2021-08-15 14:03:33,577 [EventQueue-DeleteBlockStatusForDeletedBlockLogImpl] DEBUG block.DeletedBlockLogImpl (DeletedBlockLogImpl.java:isTransactionFailed(278)) - Got block deletion ACK from datanode, TXIDs=36, success=true
2021-08-15 14:03:33,577 [EventQueue-DeleteBlockStatusForDeletedBlockLogImpl] DEBUG block.DeletedBlockLogImpl (DeletedBlockLogImpl.java:commitTransactions(224)) - Transaction txId=36 commit by dnId=f89ecde1-abfa-4530-92e2-4a065b7725ea for containerID=#36 failed. Corresponding entry not found.
2021-08-15 14:03:33,577 [EventQueue-DeleteBlockStatusForDeletedBlockLogImpl] DEBUG block.DeletedBlockLogImpl (DeletedBlockLogImpl.java:isTransactionFailed(278)) - Got block deletion ACK from datanode, TXIDs=37, success=true
2021-08-15 14:03:33,577 [EventQueue-DeleteBlockStatusForDeletedBlockLogImpl] DEBUG block.DeletedBlockLogImpl (DeletedBlockLogImpl.java:commitTransactions(224)) - Transaction txId=37 commit by dnId=f89ecde1-abfa-4530-92e2-4a065b7725ea for containerID=#37 failed. Corresponding entry not found.
2021-08-15 14:03:33,577 [EventQueue-DeleteBlockStatusForDeletedBlockLogImpl] DEBUG block.DeletedBlockLogImpl (DeletedBlockLogImpl.java:isTransactionFailed(278)) - Got block deletion ACK from datanode, TXIDs=38, success=true
2021-08-15 14:03:33,577 [EventQueue-DeleteBlockStatusForDeletedBlockLogImpl] DEBUG block.DeletedBlockLogImpl (DeletedBlockLogImpl.java:commitTransactions(224)) - Transaction txId=38 commit by dnId=f89ecde1-abfa-4530-92e2-4a065b7725ea for containerID=#38 failed. Corresponding entry not found.
2021-08-15 14:03:33,577 [EventQueue-DeleteBlockStatusForDeletedBlockLogImpl] DEBUG block.DeletedBlockLogImpl (DeletedBlockLogImpl.java:isTransactionFailed(278)) - Got block deletion ACK from datanode, TXIDs=39, success=true
2021-08-15 14:03:33,577 [EventQueue-DeleteBlockStatusForDeletedBlockLogImpl] DEBUG block.DeletedBlockLogImpl (DeletedBlockLogImpl.java:commitTransactions(224)) - Transaction txId=39 commit by dnId=f89ecde1-abfa-4530-92e2-4a065b7725ea for containerID=#39 failed. Corresponding entry not found.
2021-08-15 14:03:33,577 [EventQueue-DeleteBlockStatusForDeletedBlockLogImpl] DEBUG block.DeletedBlockLogImpl (DeletedBlockLogImpl.java:isTransactionFailed(278)) - Got block deletion ACK from datanode, TXIDs=40, success=true
2021-08-15 14:03:33,577 [EventQueue-DeleteBlockStatusForDeletedBlockLogImpl] DEBUG block.DeletedBlockLogImpl (DeletedBlockLogImpl.java:commitTransactions(224)) - Transaction txId=40 commit by dnId=f89ecde1-abfa-4530-92e2-4a065b7725ea for containerID=#40 failed. Corresponding entry not found.
2021-08-15 14:03:33,577 [EventQueue-DeleteBlockStatusForDeletedBlockLogImpl] DEBUG block.DeletedBlockLogImpl (DeletedBlockLogImpl.java:isTransactionFailed(278)) - Got block deletion ACK from datanode, TXIDs=41, success=true
2021-08-15 14:03:33,577 [EventQueue-DeleteBlockStatusForDeletedBlockLogImpl] DEBUG block.DeletedBlockLogImpl (DeletedBlockLogImpl.java:commitTransactions(224)) - Transaction txId=41 commit by dnId=f89ecde1-abfa-4530-92e2-4a065b7725ea for containerID=#41 failed. Corresponding entry not found.
2021-08-15 14:03:33,577 [EventQueue-DeleteBlockStatusForDeletedBlockLogImpl] DEBUG block.DeletedBlockLogImpl (DeletedBlockLogImpl.java:isTransactionFailed(278)) - Got block deletion ACK from datanode, TXIDs=42, success=true
2021-08-15 14:03:33,577 [EventQueue-DeleteBlockStatusForDeletedBlockLogImpl] DEBUG block.DeletedBlockLogImpl (DeletedBlockLogImpl.java:commitTransactions(224)) - Transaction txId=42 commit by dnId=f89ecde1-abfa-4530-92e2-4a065b7725ea for containerID=#42 failed. Corresponding entry not found.
2021-08-15 14:03:33,577 [EventQueue-DeleteBlockStatusForDeletedBlockLogImpl] DEBUG block.DeletedBlockLogImpl (DeletedBlockLogImpl.java:isTransactionFailed(278)) - Got block deletion ACK from datanode, TXIDs=43, success=true
2021-08-15 14:03:33,577 [EventQueue-DeleteBlockStatusForDeletedBlockLogImpl] DEBUG block.DeletedBlockLogImpl (DeletedBlockLogImpl.java:commitTransactions(224)) - Transaction txId=43 commit by dnId=f89ecde1-abfa-4530-92e2-4a065b7725ea for containerID=#43 failed. Corresponding entry not found.
2021-08-15 14:03:33,577 [EventQueue-DeleteBlockStatusForDeletedBlockLogImpl] DEBUG block.DeletedBlockLogImpl (DeletedBlockLogImpl.java:isTransactionFailed(278)) - Got block deletion ACK from datanode, TXIDs=44, success=true
2021-08-15 14:03:33,577 [EventQueue-DeleteBlockStatusForDeletedBlockLogImpl] DEBUG block.DeletedBlockLogImpl (DeletedBlockLogImpl.java:commitTransactions(224)) - Transaction txId=44 commit by dnId=f89ecde1-abfa-4530-92e2-4a065b7725ea for containerID=#44 failed. Corresponding entry not found.
2021-08-15 14:03:33,577 [EventQueue-DeleteBlockStatusForDeletedBlockLogImpl] DEBUG block.DeletedBlockLogImpl (DeletedBlockLogImpl.java:isTransactionFailed(278)) - Got block deletion ACK from datanode, TXIDs=45, success=true
2021-08-15 14:03:33,577 [EventQueue-DeleteBlockStatusForDeletedBlockLogImpl] DEBUG block.DeletedBlockLogImpl (DeletedBlockLogImpl.java:commitTransactions(224)) - Transaction txId=45 commit by dnId=f89ecde1-abfa-4530-92e2-4a065b7725ea for containerID=#45 failed. Corresponding entry not found.
2021-08-15 14:03:33,577 [EventQueue-DeleteBlockStatusForDeletedBlockLogImpl] DEBUG block.DeletedBlockLogImpl (DeletedBlockLogImpl.java:isTransactionFailed(278)) - Got block deletion ACK from datanode, TXIDs=46, success=true
2021-08-15 14:03:33,577 [EventQueue-DeleteBlockStatusForDeletedBlockLogImpl] DEBUG block.DeletedBlockLogImpl (DeletedBlockLogImpl.java:commitTransactions(224)) - Transaction txId=46 commit by dnId=f89ecde1-abfa-4530-92e2-4a065b7725ea for containerID=#46 failed. Corresponding entry not found.
2021-08-15 14:03:33,577 [EventQueue-DeleteBlockStatusForDeletedBlockLogImpl] DEBUG block.DeletedBlockLogImpl (DeletedBlockLogImpl.java:isTransactionFailed(278)) - Got block deletion ACK from datanode, TXIDs=47, success=true
2021-08-15 14:03:33,577 [EventQueue-DeleteBlockStatusForDeletedBlockLogImpl] DEBUG block.DeletedBlockLogImpl (DeletedBlockLogImpl.java:commitTransactions(224)) - Transaction txId=47 commit by dnId=f89ecde1-abfa-4530-92e2-4a065b7725ea for containerID=#47 failed. Corresponding entry not found.
2021-08-15 14:03:33,577 [EventQueue-DeleteBlockStatusForDeletedBlockLogImpl] DEBUG block.DeletedBlockLogImpl (DeletedBlockLogImpl.java:isTransactionFailed(278)) - Got block deletion ACK from datanode, TXIDs=48, success=true
2021-08-15 14:03:33,577 [EventQueue-DeleteBlockStatusForDeletedBlockLogImpl] DEBUG block.DeletedBlockLogImpl (DeletedBlockLogImpl.java:commitTransactions(224)) - Transaction txId=48 commit by dnId=f89ecde1-abfa-4530-92e2-4a065b7725ea for containerID=#48 failed. Corresponding entry not found.
2021-08-15 14:03:33,578 [EventQueue-DeleteBlockStatusForDeletedBlockLogImpl] DEBUG block.DeletedBlockLogImpl (DeletedBlockLogImpl.java:isTransactionFailed(278)) - Got block deletion ACK from datanode, TXIDs=49, success=true
2021-08-15 14:03:33,578 [EventQueue-DeleteBlockStatusForDeletedBlockLogImpl] DEBUG block.DeletedBlockLogImpl (DeletedBlockLogImpl.java:commitTransactions(224)) - Transaction txId=49 commit by dnId=f89ecde1-abfa-4530-92e2-4a065b7725ea for containerID=#49 failed. Corresponding entry not found.
2021-08-15 14:03:33,578 [EventQueue-DeleteBlockStatusForDeletedBlockLogImpl] DEBUG block.DeletedBlockLogImpl (DeletedBlockLogImpl.java:isTransactionFailed(278)) - Got block deletion ACK from datanode, TXIDs=50, success=true
2021-08-15 14:03:33,578 [EventQueue-DeleteBlockStatusForDeletedBlockLogImpl] DEBUG block.DeletedBlockLogImpl (DeletedBlockLogImpl.java:commitTransactions(224)) - Transaction txId=50 commit by dnId=f89ecde1-abfa-4530-92e2-4a065b7725ea for containerID=#50 failed. Corresponding entry not found.
2021-08-15 14:03:33,578 [EventQueue-DeleteBlockStatusForDeletedBlockLogImpl] DEBUG block.DeletedBlockLogImpl (DeletedBlockLogImpl.java:isTransactionFailed(278)) - Got block deletion ACK from datanode, TXIDs=51, success=true
2021-08-15 14:03:33,578 [EventQueue-DeleteBlockStatusForDeletedBlockLogImpl] DEBUG block.DeletedBlockLogImpl (DeletedBlockLogImpl.java:commitTransactions(224)) - Transaction txId=51 commit by dnId=f89ecde1-abfa-4530-92e2-4a065b7725ea for containerID=#51 failed. Corresponding entry not found.
2021-08-15 14:03:33,578 [EventQueue-DeleteBlockStatusForDeletedBlockLogImpl] DEBUG block.DeletedBlockLogImpl (DeletedBlockLogImpl.java:isTransactionFailed(278)) - Got block deletion ACK from datanode, TXIDs=52, success=true
2021-08-15 14:03:33,578 [EventQueue-DeleteBlockStatusForDeletedBlockLogImpl] DEBUG block.DeletedBlockLogImpl (DeletedBlockLogImpl.java:commitTransactions(224)) - Transaction txId=52 commit by dnId=f89ecde1-abfa-4530-92e2-4a065b7725ea for containerID=#52 failed. Corresponding entry not found.
2021-08-15 14:03:33,578 [EventQueue-DeleteBlockStatusForDeletedBlockLogImpl] DEBUG block.DeletedBlockLogImpl (DeletedBlockLogImpl.java:isTransactionFailed(278)) - Got block deletion ACK from datanode, TXIDs=53, success=true
2021-08-15 14:03:33,578 [EventQueue-DeleteBlockStatusForDeletedBlockLogImpl] DEBUG block.DeletedBlockLogImpl (DeletedBlockLogImpl.java:commitTransactions(224)) - Transaction txId=53 commit by dnId=f89ecde1-abfa-4530-92e2-4a065b7725ea for containerID=#53 failed. Corresponding entry not found.
2021-08-15 14:03:33,578 [EventQueue-DeleteBlockStatusForDeletedBlockLogImpl] DEBUG block.DeletedBlockLogImpl (DeletedBlockLogImpl.java:isTransactionFailed(278)) - Got block deletion ACK from datanode, TXIDs=54, success=true
2021-08-15 14:03:33,578 [EventQueue-DeleteBlockStatusForDeletedBlockLogImpl] DEBUG block.DeletedBlockLogImpl (DeletedBlockLogImpl.java:commitTransactions(224)) - Transaction txId=54 commit by dnId=f89ecde1-abfa-4530-92e2-4a065b7725ea for containerID=#54 failed. Corresponding entry not found.
2021-08-15 14:03:33,578 [EventQueue-DeleteBlockStatusForDeletedBlockLogImpl] DEBUG block.DeletedBlockLogImpl (DeletedBlockLogImpl.java:isTransactionFailed(278)) - Got block deletion ACK from datanode, TXIDs=55, success=true
2021-08-15 14:03:33,578 [EventQueue-DeleteBlockStatusForDeletedBlockLogImpl] DEBUG block.DeletedBlockLogImpl (DeletedBlockLogImpl.java:commitTransactions(224)) - Transaction txId=55 commit by dnId=f89ecde1-abfa-4530-92e2-4a065b7725ea for containerID=#55 failed. Corresponding entry not found.
2021-08-15 14:03:33,578 [EventQueue-DeleteBlockStatusForDeletedBlockLogImpl] DEBUG block.DeletedBlockLogImpl (DeletedBlockLogImpl.java:isTransactionFailed(278)) - Got block deletion ACK from datanode, TXIDs=56, success=true
2021-08-15 14:03:33,578 [EventQueue-DeleteBlockStatusForDeletedBlockLogImpl] DEBUG block.DeletedBlockLogImpl (DeletedBlockLogImpl.java:commitTransactions(224)) - Transaction txId=56 commit by dnId=f89ecde1-abfa-4530-92e2-4a065b7725ea for containerID=#56 failed. Corresponding entry not found.
2021-08-15 14:03:33,578 [EventQueue-DeleteBlockStatusForDeletedBlockLogImpl] DEBUG block.DeletedBlockLogImpl (DeletedBlockLogImpl.java:isTransactionFailed(278)) - Got block deletion ACK from datanode, TXIDs=17, success=true
2021-08-15 14:03:33,578 [EventQueue-DeleteBlockStatusForDeletedBlockLogImpl] DEBUG block.DeletedBlockLogImpl (DeletedBlockLogImpl.java:commitTransactions(224)) - Transaction txId=17 commit by dnId=f89ecde1-abfa-4530-92e2-4a065b7725ea for containerID=#17 failed. Corresponding entry not found.
2021-08-15 14:03:33,578 [EventQueue-DeleteBlockStatusForDeletedBlockLogImpl] DEBUG block.DeletedBlockLogImpl (DeletedBlockLogImpl.java:isTransactionFailed(278)) - Got block deletion ACK from datanode, TXIDs=18, success=true
2021-08-15 14:03:33,578 [EventQueue-DeleteBlockStatusForDeletedBlockLogImpl] DEBUG block.DeletedBlockLogImpl (DeletedBlockLogImpl.java:commitTransactions(224)) - Transaction txId=18 commit by dnId=f89ecde1-abfa-4530-92e2-4a065b7725ea for containerID=#18 failed. Corresponding entry not found.
2021-08-15 14:03:33,578 [EventQueue-DeleteBlockStatusForDeletedBlockLogImpl] DEBUG block.DeletedBlockLogImpl (DeletedBlockLogImpl.java:isTransactionFailed(278)) - Got block deletion ACK from datanode, TXIDs=19, success=true
2021-08-15 14:03:33,578 [EventQueue-DeleteBlockStatusForDeletedBlockLogImpl] DEBUG block.DeletedBlockLogImpl (DeletedBlockLogImpl.java:commitTransactions(224)) - Transaction txId=19 commit by dnId=f89ecde1-abfa-4530-92e2-4a065b7725ea for containerID=#19 failed. Corresponding entry not found.
2021-08-15 14:03:33,578 [EventQueue-DeleteBlockStatusForDeletedBlockLogImpl] DEBUG block.DeletedBlockLogImpl (DeletedBlockLogImpl.java:isTransactionFailed(278)) - Got block deletion ACK from datanode, TXIDs=20, success=true
2021-08-15 14:03:33,578 [EventQueue-DeleteBlockStatusForDeletedBlockLogImpl] DEBUG block.DeletedBlockLogImpl (DeletedBlockLogImpl.java:commitTransactions(224)) - Transaction txId=20 commit by dnId=f89ecde1-abfa-4530-92e2-4a065b7725ea for containerID=#20 failed. Corresponding entry not found.
2021-08-15 14:03:33,578 [EventQueue-DeleteBlockStatusForDeletedBlockLogImpl] DEBUG block.DeletedBlockLogImpl (DeletedBlockLogImpl.java:isTransactionFailed(278)) - Got block deletion ACK from datanode, TXIDs=21, success=true
2021-08-15 14:03:33,578 [EventQueue-DeleteBlockStatusForDeletedBlockLogImpl] DEBUG block.DeletedBlockLogImpl (DeletedBlockLogImpl.java:commitTransactions(224)) - Transaction txId=21 commit by dnId=f89ecde1-abfa-4530-92e2-4a065b7725ea for containerID=#21 failed. Corresponding entry not found.
2021-08-15 14:03:33,578 [EventQueue-DeleteBlockStatusForDeletedBlockLogImpl] DEBUG block.DeletedBlockLogImpl (DeletedBlockLogImpl.java:isTransactionFailed(278)) - Got block deletion ACK from datanode, TXIDs=22, success=true
2021-08-15 14:03:33,578 [EventQueue-DeleteBlockStatusForDeletedBlockLogImpl] DEBUG block.DeletedBlockLogImpl (DeletedBlockLogImpl.java:commitTransactions(224)) - Transaction txId=22 commit by dnId=f89ecde1-abfa-4530-92e2-4a065b7725ea for containerID=#22 failed. Corresponding entry not found.
2021-08-15 14:03:33,578 [EventQueue-DeleteBlockStatusForDeletedBlockLogImpl] DEBUG block.DeletedBlockLogImpl (DeletedBlockLogImpl.java:isTransactionFailed(278)) - Got block deletion ACK from datanode, TXIDs=23, success=true
2021-08-15 14:03:33,578 [EventQueue-DeleteBlockStatusForDeletedBlockLogImpl] DEBUG block.DeletedBlockLogImpl (DeletedBlockLogImpl.java:commitTransactions(224)) - Transaction txId=23 commit by dnId=f89ecde1-abfa-4530-92e2-4a065b7725ea for containerID=#23 failed. Corresponding entry not found.
2021-08-15 14:03:33,578 [EventQueue-DeleteBlockStatusForDeletedBlockLogImpl] DEBUG block.DeletedBlockLogImpl (DeletedBlockLogImpl.java:isTransactionFailed(278)) - Got block deletion ACK from datanode, TXIDs=24, success=true
2021-08-15 14:03:33,578 [EventQueue-DeleteBlockStatusForDeletedBlockLogImpl] DEBUG block.DeletedBlockLogImpl (DeletedBlockLogImpl.java:commitTransactions(224)) - Transaction txId=24 commit by dnId=f89ecde1-abfa-4530-92e2-4a065b7725ea for containerID=#24 failed. Corresponding entry not found.
2021-08-15 14:03:33,578 [EventQueue-DeleteBlockStatusForDeletedBlockLogImpl] DEBUG block.DeletedBlockLogImpl (DeletedBlockLogImpl.java:isTransactionFailed(278)) - Got block deletion ACK from datanode, TXIDs=25, success=true
2021-08-15 14:03:33,578 [EventQueue-DeleteBlockStatusForDeletedBlockLogImpl] DEBUG block.DeletedBlockLogImpl (DeletedBlockLogImpl.java:commitTransactions(224)) - Transaction txId=25 commit by dnId=f89ecde1-abfa-4530-92e2-4a065b7725ea for containerID=#25 failed. Corresponding entry not found.
2021-08-15 14:03:33,578 [EventQueue-DeleteBlockStatusForDeletedBlockLogImpl] DEBUG block.DeletedBlockLogImpl (DeletedBlockLogImpl.java:isTransactionFailed(278)) - Got block deletion ACK from datanode, TXIDs=26, success=true
2021-08-15 14:03:33,578 [EventQueue-DeleteBlockStatusForDeletedBlockLogImpl] DEBUG block.DeletedBlockLogImpl (DeletedBlockLogImpl.java:commitTransactions(224)) - Transaction txId=26 commit by dnId=f89ecde1-abfa-4530-92e2-4a065b7725ea for containerID=#26 failed. Corresponding entry not found.
2021-08-15 14:03:33,578 [EventQueue-DeleteBlockStatusForDeletedBlockLogImpl] DEBUG block.DeletedBlockLogImpl (DeletedBlockLogImpl.java:isTransactionFailed(278)) - Got block deletion ACK from datanode, TXIDs=27, success=true
2021-08-15 14:03:33,578 [EventQueue-DeleteBlockStatusForDeletedBlockLogImpl] DEBUG block.DeletedBlockLogImpl (DeletedBlockLogImpl.java:commitTransactions(224)) - Transaction txId=27 commit by dnId=f89ecde1-abfa-4530-92e2-4a065b7725ea for containerID=#27 failed. Corresponding entry not found.
2021-08-15 14:03:33,578 [EventQueue-DeleteBlockStatusForDeletedBlockLogImpl] DEBUG block.DeletedBlockLogImpl (DeletedBlockLogImpl.java:isTransactionFailed(278)) - Got block deletion ACK from datanode, TXIDs=28, success=true
2021-08-15 14:03:33,578 [EventQueue-DeleteBlockStatusForDeletedBlockLogImpl] DEBUG block.DeletedBlockLogImpl (DeletedBlockLogImpl.java:commitTransactions(224)) - Transaction txId=28 commit by dnId=f89ecde1-abfa-4530-92e2-4a065b7725ea for containerID=#28 failed. Corresponding entry not found.
2021-08-15 14:03:33,578 [EventQueue-DeleteBlockStatusForDeletedBlockLogImpl] DEBUG block.DeletedBlockLogImpl (DeletedBlockLogImpl.java:isTransactionFailed(278)) - Got block deletion ACK from datanode, TXIDs=29, success=true
2021-08-15 14:03:33,578 [EventQueue-DeleteBlockStatusForDeletedBlockLogImpl] DEBUG block.DeletedBlockLogImpl (DeletedBlockLogImpl.java:commitTransactions(224)) - Transaction txId=29 commit by dnId=f89ecde1-abfa-4530-92e2-4a065b7725ea for containerID=#29 failed. Corresponding entry not found.
2021-08-15 14:03:33,578 [EventQueue-DeleteBlockStatusForDeletedBlockLogImpl] DEBUG block.DeletedBlockLogImpl (DeletedBlockLogImpl.java:isTransactionFailed(278)) - Got block deletion ACK from datanode, TXIDs=30, success=true
2021-08-15 14:03:33,578 [EventQueue-DeleteBlockStatusForDeletedBlockLogImpl] DEBUG block.DeletedBlockLogImpl (DeletedBlockLogImpl.java:commitTransactions(224)) - Transaction txId=30 commit by dnId=f89ecde1-abfa-4530-92e2-4a065b7725ea for containerID=#30 failed. Corresponding entry not found.
2021-08-15 14:03:33,578 [EventQueue-DeleteBlockStatusForDeletedBlockLogImpl] DEBUG block.DeletedBlockLogImpl (DeletedBlockLogImpl.java:isTransactionFailed(278)) - Got block deletion ACK from datanode, TXIDs=31, success=true
2021-08-15 14:03:33,578 [EventQueue-DeleteBlockStatusForDeletedBlockLogImpl] DEBUG block.DeletedBlockLogImpl (DeletedBlockLogImpl.java:commitTransactions(224)) - Transaction txId=31 commit by dnId=f89ecde1-abfa-4530-92e2-4a065b7725ea for containerID=#31 failed. Corresponding entry not found.
2021-08-15 14:03:33,578 [EventQueue-DeleteBlockStatusForDeletedBlockLogImpl] DEBUG block.DeletedBlockLogImpl (DeletedBlockLogImpl.java:isTransactionFailed(278)) - Got block deletion ACK from datanode, TXIDs=32, success=true
2021-08-15 14:03:33,578 [EventQueue-DeleteBlockStatusForDeletedBlockLogImpl] DEBUG block.DeletedBlockLogImpl (DeletedBlockLogImpl.java:commitTransactions(224)) - Transaction txId=32 commit by dnId=f89ecde1-abfa-4530-92e2-4a065b7725ea for containerID=#32 failed. Corresponding entry not found.
2021-08-15 14:03:33,578 [EventQueue-DeleteBlockStatusForDeletedBlockLogImpl] DEBUG block.DeletedBlockLogImpl (DeletedBlockLogImpl.java:isTransactionFailed(278)) - Got block deletion ACK from datanode, TXIDs=33, success=true
2021-08-15 14:03:33,578 [EventQueue-DeleteBlockStatusForDeletedBlockLogImpl] DEBUG block.DeletedBlockLogImpl (DeletedBlockLogImpl.java:commitTransactions(224)) - Transaction txId=33 commit by dnId=f89ecde1-abfa-4530-92e2-4a065b7725ea for containerID=#33 failed. Corresponding entry not found.
2021-08-15 14:03:33,578 [EventQueue-DeleteBlockStatusForDeletedBlockLogImpl] DEBUG block.DeletedBlockLogImpl (DeletedBlockLogImpl.java:isTransactionFailed(278)) - Got block deletion ACK from datanode, TXIDs=34, success=true
2021-08-15 14:03:33,578 [EventQueue-DeleteBlockStatusForDeletedBlockLogImpl] DEBUG block.DeletedBlockLogImpl (DeletedBlockLogImpl.java:commitTransactions(224)) - Transaction txId=34 commit by dnId=f89ecde1-abfa-4530-92e2-4a065b7725ea for containerID=#34 failed. Corresponding entry not found.
2021-08-15 14:03:33,578 [EventQueue-DeleteBlockStatusForDeletedBlockLogImpl] DEBUG block.DeletedBlockLogImpl (DeletedBlockLogImpl.java:isTransactionFailed(278)) - Got block deletion ACK from datanode, TXIDs=35, success=true
2021-08-15 14:03:33,578 [EventQueue-DeleteBlockStatusForDeletedBlockLogImpl] DEBUG block.DeletedBlockLogImpl (DeletedBlockLogImpl.java:commitTransactions(224)) - Transaction txId=35 commit by dnId=f89ecde1-abfa-4530-92e2-4a065b7725ea for containerID=#35 failed. Corresponding entry not found.
2021-08-15 14:03:33,579 [EventQueue-DeleteBlockStatusForDeletedBlockLogImpl] DEBUG block.DeletedBlockLogImpl (DeletedBlockLogImpl.java:isTransactionFailed(278)) - Got block deletion ACK from datanode, TXIDs=36, success=true
2021-08-15 14:03:33,579 [EventQueue-DeleteBlockStatusForDeletedBlockLogImpl] DEBUG block.DeletedBlockLogImpl (DeletedBlockLogImpl.java:commitTransactions(224)) - Transaction txId=36 commit by dnId=f89ecde1-abfa-4530-92e2-4a065b7725ea for containerID=#36 failed. Corresponding entry not found.
2021-08-15 14:03:33,579 [EventQueue-DeleteBlockStatusForDeletedBlockLogImpl] DEBUG block.DeletedBlockLogImpl (DeletedBlockLogImpl.java:isTransactionFailed(278)) - Got block deletion ACK from datanode, TXIDs=37, success=true
2021-08-15 14:03:33,579 [EventQueue-DeleteBlockStatusForDeletedBlockLogImpl] DEBUG block.DeletedBlockLogImpl (DeletedBlockLogImpl.java:commitTransactions(224)) - Transaction txId=37 commit by dnId=f89ecde1-abfa-4530-92e2-4a065b7725ea for containerID=#37 failed. Corresponding entry not found.
2021-08-15 14:03:33,579 [EventQueue-DeleteBlockStatusForDeletedBlockLogImpl] DEBUG block.DeletedBlockLogImpl (DeletedBlockLogImpl.java:isTransactionFailed(278)) - Got block deletion ACK from datanode, TXIDs=38, success=true
2021-08-15 14:03:33,579 [EventQueue-DeleteBlockStatusForDeletedBlockLogImpl] DEBUG block.DeletedBlockLogImpl (DeletedBlockLogImpl.java:commitTransactions(224)) - Transaction txId=38 commit by dnId=f89ecde1-abfa-4530-92e2-4a065b7725ea for containerID=#38 failed. Corresponding entry not found.
2021-08-15 14:03:33,579 [EventQueue-DeleteBlockStatusForDeletedBlockLogImpl] DEBUG block.DeletedBlockLogImpl (DeletedBlockLogImpl.java:isTransactionFailed(278)) - Got block deletion ACK from datanode, TXIDs=39, success=true
2021-08-15 14:03:33,579 [EventQueue-DeleteBlockStatusForDeletedBlockLogImpl] DEBUG block.DeletedBlockLogImpl (DeletedBlockLogImpl.java:commitTransactions(224)) - Transaction txId=39 commit by dnId=f89ecde1-abfa-4530-92e2-4a065b7725ea for containerID=#39 failed. Corresponding entry not found.
2021-08-15 14:03:33,579 [EventQueue-DeleteBlockStatusForDeletedBlockLogImpl] DEBUG block.DeletedBlockLogImpl (DeletedBlockLogImpl.java:isTransactionFailed(278)) - Got block deletion ACK from datanode, TXIDs=40, success=true
2021-08-15 14:03:33,579 [EventQueue-DeleteBlockStatusForDeletedBlockLogImpl] DEBUG block.DeletedBlockLogImpl (DeletedBlockLogImpl.java:commitTransactions(224)) - Transaction txId=40 commit by dnId=f89ecde1-abfa-4530-92e2-4a065b7725ea for containerID=#40 failed. Corresponding entry not found.
2021-08-15 14:03:33,579 [EventQueue-DeleteBlockStatusForDeletedBlockLogImpl] DEBUG block.DeletedBlockLogImpl (DeletedBlockLogImpl.java:isTransactionFailed(278)) - Got block deletion ACK from datanode, TXIDs=41, success=true
2021-08-15 14:03:33,579 [EventQueue-DeleteBlockStatusForDeletedBlockLogImpl] DEBUG block.DeletedBlockLogImpl (DeletedBlockLogImpl.java:commitTransactions(224)) - Transaction txId=41 commit by dnId=f89ecde1-abfa-4530-92e2-4a065b7725ea for containerID=#41 failed. Corresponding entry not found.
2021-08-15 14:03:33,579 [EventQueue-DeleteBlockStatusForDeletedBlockLogImpl] DEBUG block.DeletedBlockLogImpl (DeletedBlockLogImpl.java:isTransactionFailed(278)) - Got block deletion ACK from datanode, TXIDs=42, success=true
2021-08-15 14:03:33,579 [EventQueue-DeleteBlockStatusForDeletedBlockLogImpl] DEBUG block.DeletedBlockLogImpl (DeletedBlockLogImpl.java:commitTransactions(224)) - Transaction txId=42 commit by dnId=f89ecde1-abfa-4530-92e2-4a065b7725ea for containerID=#42 failed. Corresponding entry not found.
2021-08-15 14:03:33,579 [EventQueue-DeleteBlockStatusForDeletedBlockLogImpl] DEBUG block.DeletedBlockLogImpl (DeletedBlockLogImpl.java:isTransactionFailed(278)) - Got block deletion ACK from datanode, TXIDs=43, success=true
2021-08-15 14:03:33,579 [EventQueue-DeleteBlockStatusForDeletedBlockLogImpl] DEBUG block.DeletedBlockLogImpl (DeletedBlockLogImpl.java:commitTransactions(224)) - Transaction txId=43 commit by dnId=f89ecde1-abfa-4530-92e2-4a065b7725ea for containerID=#43 failed. Corresponding entry not found.
2021-08-15 14:03:33,579 [EventQueue-DeleteBlockStatusForDeletedBlockLogImpl] DEBUG block.DeletedBlockLogImpl (DeletedBlockLogImpl.java:isTransactionFailed(278)) - Got block deletion ACK from datanode, TXIDs=44, success=true
2021-08-15 14:03:33,579 [EventQueue-DeleteBlockStatusForDeletedBlockLogImpl] DEBUG block.DeletedBlockLogImpl (DeletedBlockLogImpl.java:commitTransactions(224)) - Transaction txId=44 commit by dnId=f89ecde1-abfa-4530-92e2-4a065b7725ea for containerID=#44 failed. Corresponding entry not found.
2021-08-15 14:03:33,579 [EventQueue-DeleteBlockStatusForDeletedBlockLogImpl] DEBUG block.DeletedBlockLogImpl (DeletedBlockLogImpl.java:isTransactionFailed(278)) - Got block deletion ACK from datanode, TXIDs=45, success=true
2021-08-15 14:03:33,579 [EventQueue-DeleteBlockStatusForDeletedBlockLogImpl] DEBUG block.DeletedBlockLogImpl (DeletedBlockLogImpl.java:commitTransactions(224)) - Transaction txId=45 commit by dnId=f89ecde1-abfa-4530-92e2-4a065b7725ea for containerID=#45 failed. Corresponding entry not found.
2021-08-15 14:03:33,579 [EventQueue-DeleteBlockStatusForDeletedBlockLogImpl] DEBUG block.DeletedBlockLogImpl (DeletedBlockLogImpl.java:isTransactionFailed(278)) - Got block deletion ACK from datanode, TXIDs=46, success=true
2021-08-15 14:03:33,579 [EventQueue-DeleteBlockStatusForDeletedBlockLogImpl] DEBUG block.DeletedBlockLogImpl (DeletedBlockLogImpl.java:commitTransactions(224)) - Transaction txId=46 commit by dnId=f89ecde1-abfa-4530-92e2-4a065b7725ea for containerID=#46 failed. Corresponding entry not found.
2021-08-15 14:03:33,579 [EventQueue-DeleteBlockStatusForDeletedBlockLogImpl] DEBUG block.DeletedBlockLogImpl (DeletedBlockLogImpl.java:isTransactionFailed(278)) - Got block deletion ACK from datanode, TXIDs=47, success=true
2021-08-15 14:03:33,579 [EventQueue-DeleteBlockStatusForDeletedBlockLogImpl] DEBUG block.DeletedBlockLogImpl (DeletedBlockLogImpl.java:commitTransactions(224)) - Transaction txId=47 commit by dnId=f89ecde1-abfa-4530-92e2-4a065b7725ea for containerID=#47 failed. Corresponding entry not found.
2021-08-15 14:03:33,579 [EventQueue-DeleteBlockStatusForDeletedBlockLogImpl] DEBUG block.DeletedBlockLogImpl (DeletedBlockLogImpl.java:isTransactionFailed(278)) - Got block deletion ACK from datanode, TXIDs=48, success=true
2021-08-15 14:03:33,579 [EventQueue-DeleteBlockStatusForDeletedBlockLogImpl] DEBUG block.DeletedBlockLogImpl (DeletedBlockLogImpl.java:commitTransactions(224)) - Transaction txId=48 commit by dnId=f89ecde1-abfa-4530-92e2-4a065b7725ea for containerID=#48 failed. Corresponding entry not found.
2021-08-15 14:03:33,579 [EventQueue-DeleteBlockStatusForDeletedBlockLogImpl] DEBUG block.DeletedBlockLogImpl (DeletedBlockLogImpl.java:isTransactionFailed(278)) - Got block deletion ACK from datanode, TXIDs=49, success=true
2021-08-15 14:03:33,579 [EventQueue-DeleteBlockStatusForDeletedBlockLogImpl] DEBUG block.DeletedBlockLogImpl (DeletedBlockLogImpl.java:commitTransactions(224)) - Transaction txId=49 commit by dnId=f89ecde1-abfa-4530-92e2-4a065b7725ea for containerID=#49 failed. Corresponding entry not found.
2021-08-15 14:03:33,579 [EventQueue-DeleteBlockStatusForDeletedBlockLogImpl] DEBUG block.DeletedBlockLogImpl (DeletedBlockLogImpl.java:isTransactionFailed(278)) - Got block deletion ACK from datanode, TXIDs=50, success=true
2021-08-15 14:03:33,579 [EventQueue-DeleteBlockStatusForDeletedBlockLogImpl] DEBUG block.DeletedBlockLogImpl (DeletedBlockLogImpl.java:commitTransactions(224)) - Transaction txId=50 commit by dnId=f89ecde1-abfa-4530-92e2-4a065b7725ea for containerID=#50 failed. Corresponding entry not found.
2021-08-15 14:03:33,579 [EventQueue-DeleteBlockStatusForDeletedBlockLogImpl] DEBUG block.DeletedBlockLogImpl (DeletedBlockLogImpl.java:isTransactionFailed(278)) - Got block deletion ACK from datanode, TXIDs=51, success=true
2021-08-15 14:03:33,579 [EventQueue-DeleteBlockStatusForDeletedBlockLogImpl] DEBUG block.DeletedBlockLogImpl (DeletedBlockLogImpl.java:commitTransactions(224)) - Transaction txId=51 commit by dnId=f89ecde1-abfa-4530-92e2-4a065b7725ea for containerID=#51 failed. Corresponding entry not found.
2021-08-15 14:03:33,579 [EventQueue-DeleteBlockStatusForDeletedBlockLogImpl] DEBUG block.DeletedBlockLogImpl (DeletedBlockLogImpl.java:isTransactionFailed(278)) - Got block deletion ACK from datanode, TXIDs=52, success=true
2021-08-15 14:03:33,579 [EventQueue-DeleteBlockStatusForDeletedBlockLogImpl] DEBUG block.DeletedBlockLogImpl (DeletedBlockLogImpl.java:commitTransactions(224)) - Transaction txId=52 commit by dnId=f89ecde1-abfa-4530-92e2-4a065b7725ea for containerID=#52 failed. Corresponding entry not found.
2021-08-15 14:03:33,579 [EventQueue-DeleteBlockStatusForDeletedBlockLogImpl] DEBUG block.DeletedBlockLogImpl (DeletedBlockLogImpl.java:isTransactionFailed(278)) - Got block deletion ACK from datanode, TXIDs=53, success=true
2021-08-15 14:03:33,579 [EventQueue-DeleteBlockStatusForDeletedBlockLogImpl] DEBUG block.DeletedBlockLogImpl (DeletedBlockLogImpl.java:commitTransactions(224)) - Transaction txId=53 commit by dnId=f89ecde1-abfa-4530-92e2-4a065b7725ea for containerID=#53 failed. Corresponding entry not found.
2021-08-15 14:03:33,579 [EventQueue-DeleteBlockStatusForDeletedBlockLogImpl] DEBUG block.DeletedBlockLogImpl (DeletedBlockLogImpl.java:isTransactionFailed(278)) - Got block deletion ACK from datanode, TXIDs=54, success=true
2021-08-15 14:03:33,579 [EventQueue-DeleteBlockStatusForDeletedBlockLogImpl] DEBUG block.DeletedBlockLogImpl (DeletedBlockLogImpl.java:commitTransactions(224)) - Transaction txId=54 commit by dnId=f89ecde1-abfa-4530-92e2-4a065b7725ea for containerID=#54 failed. Corresponding entry not found.
2021-08-15 14:03:33,579 [EventQueue-DeleteBlockStatusForDeletedBlockLogImpl] DEBUG block.DeletedBlockLogImpl (DeletedBlockLogImpl.java:isTransactionFailed(278)) - Got block deletion ACK from datanode, TXIDs=55, success=true
2021-08-15 14:03:33,579 [EventQueue-DeleteBlockStatusForDeletedBlockLogImpl] DEBUG block.DeletedBlockLogImpl (DeletedBlockLogImpl.java:commitTransactions(224)) - Transaction txId=55 commit by dnId=f89ecde1-abfa-4530-92e2-4a065b7725ea for containerID=#55 failed. Corresponding entry not found.
2021-08-15 14:03:33,579 [EventQueue-DeleteBlockStatusForDeletedBlockLogImpl] DEBUG block.DeletedBlockLogImpl (DeletedBlockLogImpl.java:isTransactionFailed(278)) - Got block deletion ACK from datanode, TXIDs=56, success=true
2021-08-15 14:03:33,579 [EventQueue-DeleteBlockStatusForDeletedBlockLogImpl] DEBUG block.DeletedBlockLogImpl (DeletedBlockLogImpl.java:commitTransactions(224)) - Transaction txId=56 commit by dnId=f89ecde1-abfa-4530-92e2-4a065b7725ea for containerID=#56 failed. Corresponding entry not found.
2021-08-15 14:03:33,579 [EventQueue-DeleteBlockStatusForDeletedBlockLogImpl] DEBUG block.DeletedBlockLogImpl (DeletedBlockLogImpl.java:isTransactionFailed(278)) - Got block deletion ACK from datanode, TXIDs=17, success=true
2021-08-15 14:03:33,579 [EventQueue-DeleteBlockStatusForDeletedBlockLogImpl] DEBUG block.DeletedBlockLogImpl (DeletedBlockLogImpl.java:commitTransactions(224)) - Transaction txId=17 commit by dnId=f89ecde1-abfa-4530-92e2-4a065b7725ea for containerID=#17 failed. Corresponding entry not found.
2021-08-15 14:03:33,579 [EventQueue-DeleteBlockStatusForDeletedBlockLogImpl] DEBUG block.DeletedBlockLogImpl (DeletedBlockLogImpl.java:isTransactionFailed(278)) - Got block deletion ACK from datanode, TXIDs=18, success=true
2021-08-15 14:03:33,579 [EventQueue-DeleteBlockStatusForDeletedBlockLogImpl] DEBUG block.DeletedBlockLogImpl (DeletedBlockLogImpl.java:commitTransactions(224)) - Transaction txId=18 commit by dnId=f89ecde1-abfa-4530-92e2-4a065b7725ea for containerID=#18 failed. Corresponding entry not found.
2021-08-15 14:03:33,579 [EventQueue-DeleteBlockStatusForDeletedBlockLogImpl] DEBUG block.DeletedBlockLogImpl (DeletedBlockLogImpl.java:isTransactionFailed(278)) - Got block deletion ACK from datanode, TXIDs=19, success=true
2021-08-15 14:03:33,579 [EventQueue-DeleteBlockStatusForDeletedBlockLogImpl] DEBUG block.DeletedBlockLogImpl (DeletedBlockLogImpl.java:commitTransactions(224)) - Transaction txId=19 commit by dnId=f89ecde1-abfa-4530-92e2-4a065b7725ea for containerID=#19 failed. Corresponding entry not found.
2021-08-15 14:03:33,579 [EventQueue-DeleteBlockStatusForDeletedBlockLogImpl] DEBUG block.DeletedBlockLogImpl (DeletedBlockLogImpl.java:isTransactionFailed(278)) - Got block deletion ACK from datanode, TXIDs=20, success=true
2021-08-15 14:03:33,579 [EventQueue-DeleteBlockStatusForDeletedBlockLogImpl] DEBUG block.DeletedBlockLogImpl (DeletedBlockLogImpl.java:commitTransactions(224)) - Transaction txId=20 commit by dnId=f89ecde1-abfa-4530-92e2-4a065b7725ea for containerID=#20 failed. Corresponding entry not found.
2021-08-15 14:03:33,579 [EventQueue-DeleteBlockStatusForDeletedBlockLogImpl] DEBUG block.DeletedBlockLogImpl (DeletedBlockLogImpl.java:isTransactionFailed(278)) - Got block deletion ACK from datanode, TXIDs=21, success=true
2021-08-15 14:03:33,579 [EventQueue-DeleteBlockStatusForDeletedBlockLogImpl] DEBUG block.DeletedBlockLogImpl (DeletedBlockLogImpl.java:commitTransactions(224)) - Transaction txId=21 commit by dnId=f89ecde1-abfa-4530-92e2-4a065b7725ea for containerID=#21 failed. Corresponding entry not found.
2021-08-15 14:03:33,579 [EventQueue-DeleteBlockStatusForDeletedBlockLogImpl] DEBUG block.DeletedBlockLogImpl (DeletedBlockLogImpl.java:isTransactionFailed(278)) - Got block deletion ACK from datanode, TXIDs=22, success=true
2021-08-15 14:03:33,580 [EventQueue-DeleteBlockStatusForDeletedBlockLogImpl] DEBUG block.DeletedBlockLogImpl (DeletedBlockLogImpl.java:commitTransactions(224)) - Transaction txId=22 commit by dnId=f89ecde1-abfa-4530-92e2-4a065b7725ea for containerID=#22 failed. Corresponding entry not found.
2021-08-15 14:03:33,580 [EventQueue-DeleteBlockStatusForDeletedBlockLogImpl] DEBUG block.DeletedBlockLogImpl (DeletedBlockLogImpl.java:isTransactionFailed(278)) - Got block deletion ACK from datanode, TXIDs=23, success=true
2021-08-15 14:03:33,580 [EventQueue-DeleteBlockStatusForDeletedBlockLogImpl] DEBUG block.DeletedBlockLogImpl (DeletedBlockLogImpl.java:commitTransactions(224)) - Transaction txId=23 commit by dnId=f89ecde1-abfa-4530-92e2-4a065b7725ea for containerID=#23 failed. Corresponding entry not found.
2021-08-15 14:03:33,580 [EventQueue-DeleteBlockStatusForDeletedBlockLogImpl] DEBUG block.DeletedBlockLogImpl (DeletedBlockLogImpl.java:isTransactionFailed(278)) - Got block deletion ACK from datanode, TXIDs=24, success=true
2021-08-15 14:03:33,580 [EventQueue-DeleteBlockStatusForDeletedBlockLogImpl] DEBUG block.DeletedBlockLogImpl (DeletedBlockLogImpl.java:commitTransactions(224)) - Transaction txId=24 commit by dnId=f89ecde1-abfa-4530-92e2-4a065b7725ea for containerID=#24 failed. Corresponding entry not found.
2021-08-15 14:03:33,580 [EventQueue-DeleteBlockStatusForDeletedBlockLogImpl] DEBUG block.DeletedBlockLogImpl (DeletedBlockLogImpl.java:isTransactionFailed(278)) - Got block deletion ACK from datanode, TXIDs=25, success=true
2021-08-15 14:03:33,580 [EventQueue-DeleteBlockStatusForDeletedBlockLogImpl] DEBUG block.DeletedBlockLogImpl (DeletedBlockLogImpl.java:commitTransactions(224)) - Transaction txId=25 commit by dnId=f89ecde1-abfa-4530-92e2-4a065b7725ea for containerID=#25 failed. Corresponding entry not found.
2021-08-15 14:03:33,580 [EventQueue-DeleteBlockStatusForDeletedBlockLogImpl] DEBUG block.DeletedBlockLogImpl (DeletedBlockLogImpl.java:isTransactionFailed(278)) - Got block deletion ACK from datanode, TXIDs=26, success=true
2021-08-15 14:03:33,580 [EventQueue-DeleteBlockStatusForDeletedBlockLogImpl] DEBUG block.DeletedBlockLogImpl (DeletedBlockLogImpl.java:commitTransactions(224)) - Transaction txId=26 commit by dnId=f89ecde1-abfa-4530-92e2-4a065b7725ea for containerID=#26 failed. Corresponding entry not found.
2021-08-15 14:03:33,580 [EventQueue-DeleteBlockStatusForDeletedBlockLogImpl] DEBUG block.DeletedBlockLogImpl (DeletedBlockLogImpl.java:isTransactionFailed(278)) - Got block deletion ACK from datanode, TXIDs=27, success=true
2021-08-15 14:03:33,580 [EventQueue-DeleteBlockStatusForDeletedBlockLogImpl] DEBUG block.DeletedBlockLogImpl (DeletedBlockLogImpl.java:commitTransactions(224)) - Transaction txId=27 commit by dnId=f89ecde1-abfa-4530-92e2-4a065b7725ea for containerID=#27 failed. Corresponding entry not found.
2021-08-15 14:03:33,580 [EventQueue-DeleteBlockStatusForDeletedBlockLogImpl] DEBUG block.DeletedBlockLogImpl (DeletedBlockLogImpl.java:isTransactionFailed(278)) - Got block deletion ACK from datanode, TXIDs=28, success=true
2021-08-15 14:03:33,580 [EventQueue-DeleteBlockStatusForDeletedBlockLogImpl] DEBUG block.DeletedBlockLogImpl (DeletedBlockLogImpl.java:commitTransactions(224)) - Transaction txId=28 commit by dnId=f89ecde1-abfa-4530-92e2-4a065b7725ea for containerID=#28 failed. Corresponding entry not found.
2021-08-15 14:03:33,580 [EventQueue-DeleteBlockStatusForDeletedBlockLogImpl] DEBUG block.DeletedBlockLogImpl (DeletedBlockLogImpl.java:isTransactionFailed(278)) - Got block deletion ACK from datanode, TXIDs=29, success=true
2021-08-15 14:03:33,580 [EventQueue-DeleteBlockStatusForDeletedBlockLogImpl] DEBUG block.DeletedBlockLogImpl (DeletedBlockLogImpl.java:commitTransactions(224)) - Transaction txId=29 commit by dnId=f89ecde1-abfa-4530-92e2-4a065b7725ea for containerID=#29 failed. Corresponding entry not found.
2021-08-15 14:03:33,580 [EventQueue-DeleteBlockStatusForDeletedBlockLogImpl] DEBUG block.DeletedBlockLogImpl (DeletedBlockLogImpl.java:isTransactionFailed(278)) - Got block deletion ACK from datanode, TXIDs=30, success=true
2021-08-15 14:03:33,580 [EventQueue-DeleteBlockStatusForDeletedBlockLogImpl] DEBUG block.DeletedBlockLogImpl (DeletedBlockLogImpl.java:commitTransactions(224)) - Transaction txId=30 commit by dnId=f89ecde1-abfa-4530-92e2-4a065b7725ea for containerID=#30 failed. Corresponding entry not found.
2021-08-15 14:03:33,580 [EventQueue-DeleteBlockStatusForDeletedBlockLogImpl] DEBUG block.DeletedBlockLogImpl (DeletedBlockLogImpl.java:isTransactionFailed(278)) - Got block deletion ACK from datanode, TXIDs=31, success=true
2021-08-15 14:03:33,580 [EventQueue-DeleteBlockStatusForDeletedBlockLogImpl] DEBUG block.DeletedBlockLogImpl (DeletedBlockLogImpl.java:commitTransactions(224)) - Transaction txId=31 commit by dnId=f89ecde1-abfa-4530-92e2-4a065b7725ea for containerID=#31 failed. Corresponding entry not found.
2021-08-15 14:03:33,580 [EventQueue-DeleteBlockStatusForDeletedBlockLogImpl] DEBUG block.DeletedBlockLogImpl (DeletedBlockLogImpl.java:isTransactionFailed(278)) - Got block deletion ACK from datanode, TXIDs=32, success=true
2021-08-15 14:03:33,580 [EventQueue-DeleteBlockStatusForDeletedBlockLogImpl] DEBUG block.DeletedBlockLogImpl (DeletedBlockLogImpl.java:commitTransactions(224)) - Transaction txId=32 commit by dnId=f89ecde1-abfa-4530-92e2-4a065b7725ea for containerID=#32 failed. Corresponding entry not found.
2021-08-15 14:03:33,580 [EventQueue-DeleteBlockStatusForDeletedBlockLogImpl] DEBUG block.DeletedBlockLogImpl (DeletedBlockLogImpl.java:isTransactionFailed(278)) - Got block deletion ACK from datanode, TXIDs=33, success=true
2021-08-15 14:03:33,580 [EventQueue-DeleteBlockStatusForDeletedBlockLogImpl] DEBUG block.DeletedBlockLogImpl (DeletedBlockLogImpl.java:commitTransactions(224)) - Transaction txId=33 commit by dnId=f89ecde1-abfa-4530-92e2-4a065b7725ea for containerID=#33 failed. Corresponding entry not found.
2021-08-15 14:03:33,580 [EventQueue-DeleteBlockStatusForDeletedBlockLogImpl] DEBUG block.DeletedBlockLogImpl (DeletedBlockLogImpl.java:isTransactionFailed(278)) - Got block deletion ACK from datanode, TXIDs=34, success=true
2021-08-15 14:03:33,580 [EventQueue-DeleteBlockStatusForDeletedBlockLogImpl] DEBUG block.DeletedBlockLogImpl (DeletedBlockLogImpl.java:commitTransactions(224)) - Transaction txId=34 commit by dnId=f89ecde1-abfa-4530-92e2-4a065b7725ea for containerID=#34 failed. Corresponding entry not found.
2021-08-15 14:03:33,580 [EventQueue-DeleteBlockStatusForDeletedBlockLogImpl] DEBUG block.DeletedBlockLogImpl (DeletedBlockLogImpl.java:isTransactionFailed(278)) - Got block deletion ACK from datanode, TXIDs=35, success=true
2021-08-15 14:03:33,580 [EventQueue-DeleteBlockStatusForDeletedBlockLogImpl] DEBUG block.DeletedBlockLogImpl (DeletedBlockLogImpl.java:commitTransactions(224)) - Transaction txId=35 commit by dnId=f89ecde1-abfa-4530-92e2-4a065b7725ea for containerID=#35 failed. Corresponding entry not found.
2021-08-15 14:03:33,580 [EventQueue-DeleteBlockStatusForDeletedBlockLogImpl] DEBUG block.DeletedBlockLogImpl (DeletedBlockLogImpl.java:isTransactionFailed(278)) - Got block deletion ACK from datanode, TXIDs=36, success=true
2021-08-15 14:03:33,580 [EventQueue-DeleteBlockStatusForDeletedBlockLogImpl] DEBUG block.DeletedBlockLogImpl (DeletedBlockLogImpl.java:commitTransactions(224)) - Transaction txId=36 commit by dnId=f89ecde1-abfa-4530-92e2-4a065b7725ea for containerID=#36 failed. Corresponding entry not found.
2021-08-15 14:03:33,580 [EventQueue-DeleteBlockStatusForDeletedBlockLogImpl] DEBUG block.DeletedBlockLogImpl (DeletedBlockLogImpl.java:isTransactionFailed(278)) - Got block deletion ACK from datanode, TXIDs=37, success=true
2021-08-15 14:03:33,580 [EventQueue-DeleteBlockStatusForDeletedBlockLogImpl] DEBUG block.DeletedBlockLogImpl (DeletedBlockLogImpl.java:commitTransactions(224)) - Transaction txId=37 commit by dnId=f89ecde1-abfa-4530-92e2-4a065b7725ea for containerID=#37 failed. Corresponding entry not found.
2021-08-15 14:03:33,580 [EventQueue-DeleteBlockStatusForDeletedBlockLogImpl] DEBUG block.DeletedBlockLogImpl (DeletedBlockLogImpl.java:isTransactionFailed(278)) - Got block deletion ACK from datanode, TXIDs=38, success=true
2021-08-15 14:03:33,580 [EventQueue-DeleteBlockStatusForDeletedBlockLogImpl] DEBUG block.DeletedBlockLogImpl (DeletedBlockLogImpl.java:commitTransactions(224)) - Transaction txId=38 commit by dnId=f89ecde1-abfa-4530-92e2-4a065b7725ea for containerID=#38 failed. Corresponding entry not found.
2021-08-15 14:03:33,580 [EventQueue-DeleteBlockStatusForDeletedBlockLogImpl] DEBUG block.DeletedBlockLogImpl (DeletedBlockLogImpl.java:isTransactionFailed(278)) - Got block deletion ACK from datanode, TXIDs=39, success=true
2021-08-15 14:03:33,580 [EventQueue-DeleteBlockStatusForDeletedBlockLogImpl] DEBUG block.DeletedBlockLogImpl (DeletedBlockLogImpl.java:commitTransactions(224)) - Transaction txId=39 commit by dnId=f89ecde1-abfa-4530-92e2-4a065b7725ea for containerID=#39 failed. Corresponding entry not found.
2021-08-15 14:03:33,580 [EventQueue-DeleteBlockStatusForDeletedBlockLogImpl] DEBUG block.DeletedBlockLogImpl (DeletedBlockLogImpl.java:isTransactionFailed(278)) - Got block deletion ACK from datanode, TXIDs=40, success=true
2021-08-15 14:03:33,580 [EventQueue-DeleteBlockStatusForDeletedBlockLogImpl] DEBUG block.DeletedBlockLogImpl (DeletedBlockLogImpl.java:commitTransactions(224)) - Transaction txId=40 commit by dnId=f89ecde1-abfa-4530-92e2-4a065b7725ea for containerID=#40 failed. Corresponding entry not found.
2021-08-15 14:03:33,580 [EventQueue-DeleteBlockStatusForDeletedBlockLogImpl] DEBUG block.DeletedBlockLogImpl (DeletedBlockLogImpl.java:isTransactionFailed(278)) - Got block deletion ACK from datanode, TXIDs=41, success=true
2021-08-15 14:03:33,580 [EventQueue-DeleteBlockStatusForDeletedBlockLogImpl] DEBUG block.DeletedBlockLogImpl (DeletedBlockLogImpl.java:commitTransactions(224)) - Transaction txId=41 commit by dnId=f89ecde1-abfa-4530-92e2-4a065b7725ea for containerID=#41 failed. Corresponding entry not found.
2021-08-15 14:03:33,580 [EventQueue-DeleteBlockStatusForDeletedBlockLogImpl] DEBUG block.DeletedBlockLogImpl (DeletedBlockLogImpl.java:isTransactionFailed(278)) - Got block deletion ACK from datanode, TXIDs=42, success=true
2021-08-15 14:03:33,580 [EventQueue-DeleteBlockStatusForDeletedBlockLogImpl] DEBUG block.DeletedBlockLogImpl (DeletedBlockLogImpl.java:commitTransactions(224)) - Transaction txId=42 commit by dnId=f89ecde1-abfa-4530-92e2-4a065b7725ea for containerID=#42 failed. Corresponding entry not found.
2021-08-15 14:03:33,580 [EventQueue-DeleteBlockStatusForDeletedBlockLogImpl] DEBUG block.DeletedBlockLogImpl (DeletedBlockLogImpl.java:isTransactionFailed(278)) - Got block deletion ACK from datanode, TXIDs=43, success=true
2021-08-15 14:03:33,580 [EventQueue-DeleteBlockStatusForDeletedBlockLogImpl] DEBUG block.DeletedBlockLogImpl (DeletedBlockLogImpl.java:commitTransactions(224)) - Transaction txId=43 commit by dnId=f89ecde1-abfa-4530-92e2-4a065b7725ea for containerID=#43 failed. Corresponding entry not found.
2021-08-15 14:03:33,580 [EventQueue-DeleteBlockStatusForDeletedBlockLogImpl] DEBUG block.DeletedBlockLogImpl (DeletedBlockLogImpl.java:isTransactionFailed(278)) - Got block deletion ACK from datanode, TXIDs=44, success=true
2021-08-15 14:03:33,580 [EventQueue-DeleteBlockStatusForDeletedBlockLogImpl] DEBUG block.DeletedBlockLogImpl (DeletedBlockLogImpl.java:commitTransactions(224)) - Transaction txId=44 commit by dnId=f89ecde1-abfa-4530-92e2-4a065b7725ea for containerID=#44 failed. Corresponding entry not found.
2021-08-15 14:03:33,580 [EventQueue-DeleteBlockStatusForDeletedBlockLogImpl] DEBUG block.DeletedBlockLogImpl (DeletedBlockLogImpl.java:isTransactionFailed(278)) - Got block deletion ACK from datanode, TXIDs=45, success=true
2021-08-15 14:03:33,580 [EventQueue-DeleteBlockStatusForDeletedBlockLogImpl] DEBUG block.DeletedBlockLogImpl (DeletedBlockLogImpl.java:commitTransactions(224)) - Transaction txId=45 commit by dnId=f89ecde1-abfa-4530-92e2-4a065b7725ea for containerID=#45 failed. Corresponding entry not found.
2021-08-15 14:03:33,580 [EventQueue-DeleteBlockStatusForDeletedBlockLogImpl] DEBUG block.DeletedBlockLogImpl (DeletedBlockLogImpl.java:isTransactionFailed(278)) - Got block deletion ACK from datanode, TXIDs=46, success=true
2021-08-15 14:03:33,580 [EventQueue-DeleteBlockStatusForDeletedBlockLogImpl] DEBUG block.DeletedBlockLogImpl (DeletedBlockLogImpl.java:commitTransactions(224)) - Transaction txId=46 commit by dnId=f89ecde1-abfa-4530-92e2-4a065b7725ea for containerID=#46 failed. Corresponding entry not found.
2021-08-15 14:03:33,580 [EventQueue-DeleteBlockStatusForDeletedBlockLogImpl] DEBUG block.DeletedBlockLogImpl (DeletedBlockLogImpl.java:isTransactionFailed(278)) - Got block deletion ACK from datanode, TXIDs=47, success=true
2021-08-15 14:03:33,580 [EventQueue-DeleteBlockStatusForDeletedBlockLogImpl] DEBUG block.DeletedBlockLogImpl (DeletedBlockLogImpl.java:commitTransactions(224)) - Transaction txId=47 commit by dnId=f89ecde1-abfa-4530-92e2-4a065b7725ea for containerID=#47 failed. Corresponding entry not found.
2021-08-15 14:03:33,580 [EventQueue-DeleteBlockStatusForDeletedBlockLogImpl] DEBUG block.DeletedBlockLogImpl (DeletedBlockLogImpl.java:isTransactionFailed(278)) - Got block deletion ACK from datanode, TXIDs=48, success=true
2021-08-15 14:03:33,580 [EventQueue-DeleteBlockStatusForDeletedBlockLogImpl] DEBUG block.DeletedBlockLogImpl (DeletedBlockLogImpl.java:commitTransactions(224)) - Transaction txId=48 commit by dnId=f89ecde1-abfa-4530-92e2-4a065b7725ea for containerID=#48 failed. Corresponding entry not found.
2021-08-15 14:03:33,581 [EventQueue-DeleteBlockStatusForDeletedBlockLogImpl] DEBUG block.DeletedBlockLogImpl (DeletedBlockLogImpl.java:isTransactionFailed(278)) - Got block deletion ACK from datanode, TXIDs=49, success=true
2021-08-15 14:03:33,581 [EventQueue-DeleteBlockStatusForDeletedBlockLogImpl] DEBUG block.DeletedBlockLogImpl (DeletedBlockLogImpl.java:commitTransactions(224)) - Transaction txId=49 commit by dnId=f89ecde1-abfa-4530-92e2-4a065b7725ea for containerID=#49 failed. Corresponding entry not found.
2021-08-15 14:03:33,581 [EventQueue-DeleteBlockStatusForDeletedBlockLogImpl] DEBUG block.DeletedBlockLogImpl (DeletedBlockLogImpl.java:isTransactionFailed(278)) - Got block deletion ACK from datanode, TXIDs=50, success=true
2021-08-15 14:03:33,581 [EventQueue-DeleteBlockStatusForDeletedBlockLogImpl] DEBUG block.DeletedBlockLogImpl (DeletedBlockLogImpl.java:commitTransactions(224)) - Transaction txId=50 commit by dnId=f89ecde1-abfa-4530-92e2-4a065b7725ea for containerID=#50 failed. Corresponding entry not found.
2021-08-15 14:03:33,581 [EventQueue-DeleteBlockStatusForDeletedBlockLogImpl] DEBUG block.DeletedBlockLogImpl (DeletedBlockLogImpl.java:isTransactionFailed(278)) - Got block deletion ACK from datanode, TXIDs=51, success=true
2021-08-15 14:03:33,581 [EventQueue-DeleteBlockStatusForDeletedBlockLogImpl] DEBUG block.DeletedBlockLogImpl (DeletedBlockLogImpl.java:commitTransactions(224)) - Transaction txId=51 commit by dnId=f89ecde1-abfa-4530-92e2-4a065b7725ea for containerID=#51 failed. Corresponding entry not found.
2021-08-15 14:03:33,581 [EventQueue-DeleteBlockStatusForDeletedBlockLogImpl] DEBUG block.DeletedBlockLogImpl (DeletedBlockLogImpl.java:isTransactionFailed(278)) - Got block deletion ACK from datanode, TXIDs=52, success=true
2021-08-15 14:03:33,581 [EventQueue-DeleteBlockStatusForDeletedBlockLogImpl] DEBUG block.DeletedBlockLogImpl (DeletedBlockLogImpl.java:commitTransactions(224)) - Transaction txId=52 commit by dnId=f89ecde1-abfa-4530-92e2-4a065b7725ea for containerID=#52 failed. Corresponding entry not found.
2021-08-15 14:03:33,581 [EventQueue-DeleteBlockStatusForDeletedBlockLogImpl] DEBUG block.DeletedBlockLogImpl (DeletedBlockLogImpl.java:isTransactionFailed(278)) - Got block deletion ACK from datanode, TXIDs=53, success=true
2021-08-15 14:03:33,581 [EventQueue-DeleteBlockStatusForDeletedBlockLogImpl] DEBUG block.DeletedBlockLogImpl (DeletedBlockLogImpl.java:commitTransactions(224)) - Transaction txId=53 commit by dnId=f89ecde1-abfa-4530-92e2-4a065b7725ea for containerID=#53 failed. Corresponding entry not found.
2021-08-15 14:03:33,581 [EventQueue-DeleteBlockStatusForDeletedBlockLogImpl] DEBUG block.DeletedBlockLogImpl (DeletedBlockLogImpl.java:isTransactionFailed(278)) - Got block deletion ACK from datanode, TXIDs=54, success=true
2021-08-15 14:03:33,581 [EventQueue-DeleteBlockStatusForDeletedBlockLogImpl] DEBUG block.DeletedBlockLogImpl (DeletedBlockLogImpl.java:commitTransactions(224)) - Transaction txId=54 commit by dnId=f89ecde1-abfa-4530-92e2-4a065b7725ea for containerID=#54 failed. Corresponding entry not found.
2021-08-15 14:03:33,581 [EventQueue-DeleteBlockStatusForDeletedBlockLogImpl] DEBUG block.DeletedBlockLogImpl (DeletedBlockLogImpl.java:isTransactionFailed(278)) - Got block deletion ACK from datanode, TXIDs=55, success=true
2021-08-15 14:03:33,581 [EventQueue-DeleteBlockStatusForDeletedBlockLogImpl] DEBUG block.DeletedBlockLogImpl (DeletedBlockLogImpl.java:commitTransactions(224)) - Transaction txId=55 commit by dnId=f89ecde1-abfa-4530-92e2-4a065b7725ea for containerID=#55 failed. Corresponding entry not found.
2021-08-15 14:03:33,581 [EventQueue-DeleteBlockStatusForDeletedBlockLogImpl] DEBUG block.DeletedBlockLogImpl (DeletedBlockLogImpl.java:isTransactionFailed(278)) - Got block deletion ACK from datanode, TXIDs=56, success=true
2021-08-15 14:03:33,581 [EventQueue-DeleteBlockStatusForDeletedBlockLogImpl] DEBUG block.DeletedBlockLogImpl (DeletedBlockLogImpl.java:commitTransactions(224)) - Transaction txId=56 commit by dnId=f89ecde1-abfa-4530-92e2-4a065b7725ea for containerID=#56 failed. Corresponding entry not found.
2021-08-15 14:03:33,581 [EventQueue-DeleteBlockStatusForDeletedBlockLogImpl] DEBUG block.DeletedBlockLogImpl (DeletedBlockLogImpl.java:isTransactionFailed(278)) - Got block deletion ACK from datanode, TXIDs=17, success=true
2021-08-15 14:03:33,581 [EventQueue-DeleteBlockStatusForDeletedBlockLogImpl] DEBUG block.DeletedBlockLogImpl (DeletedBlockLogImpl.java:commitTransactions(224)) - Transaction txId=17 commit by dnId=f89ecde1-abfa-4530-92e2-4a065b7725ea for containerID=#17 failed. Corresponding entry not found.
2021-08-15 14:03:33,581 [EventQueue-DeleteBlockStatusForDeletedBlockLogImpl] DEBUG block.DeletedBlockLogImpl (DeletedBlockLogImpl.java:isTransactionFailed(278)) - Got block deletion ACK from datanode, TXIDs=18, success=true
2021-08-15 14:03:33,581 [EventQueue-DeleteBlockStatusForDeletedBlockLogImpl] DEBUG block.DeletedBlockLogImpl (DeletedBlockLogImpl.java:commitTransactions(224)) - Transaction txId=18 commit by dnId=f89ecde1-abfa-4530-92e2-4a065b7725ea for containerID=#18 failed. Corresponding entry not found.
2021-08-15 14:03:33,581 [EventQueue-DeleteBlockStatusForDeletedBlockLogImpl] DEBUG block.DeletedBlockLogImpl (DeletedBlockLogImpl.java:isTransactionFailed(278)) - Got block deletion ACK from datanode, TXIDs=19, success=true
2021-08-15 14:03:33,581 [EventQueue-DeleteBlockStatusForDeletedBlockLogImpl] DEBUG block.DeletedBlockLogImpl (DeletedBlockLogImpl.java:commitTransactions(224)) - Transaction txId=19 commit by dnId=f89ecde1-abfa-4530-92e2-4a065b7725ea for containerID=#19 failed. Corresponding entry not found.
2021-08-15 14:03:33,581 [EventQueue-DeleteBlockStatusForDeletedBlockLogImpl] DEBUG block.DeletedBlockLogImpl (DeletedBlockLogImpl.java:isTransactionFailed(278)) - Got block deletion ACK from datanode, TXIDs=20, success=true
2021-08-15 14:03:33,581 [EventQueue-DeleteBlockStatusForDeletedBlockLogImpl] DEBUG block.DeletedBlockLogImpl (DeletedBlockLogImpl.java:commitTransactions(224)) - Transaction txId=20 commit by dnId=f89ecde1-abfa-4530-92e2-4a065b7725ea for containerID=#20 failed. Corresponding entry not found.
2021-08-15 14:03:33,581 [EventQueue-DeleteBlockStatusForDeletedBlockLogImpl] DEBUG block.DeletedBlockLogImpl (DeletedBlockLogImpl.java:isTransactionFailed(278)) - Got block deletion ACK from datanode, TXIDs=21, success=true
2021-08-15 14:03:33,581 [EventQueue-DeleteBlockStatusForDeletedBlockLogImpl] DEBUG block.DeletedBlockLogImpl (DeletedBlockLogImpl.java:commitTransactions(224)) - Transaction txId=21 commit by dnId=f89ecde1-abfa-4530-92e2-4a065b7725ea for containerID=#21 failed. Corresponding entry not found.
2021-08-15 14:03:33,581 [EventQueue-DeleteBlockStatusForDeletedBlockLogImpl] DEBUG block.DeletedBlockLogImpl (DeletedBlockLogImpl.java:isTransactionFailed(278)) - Got block deletion ACK from datanode, TXIDs=22, success=true
2021-08-15 14:03:33,581 [EventQueue-DeleteBlockStatusForDeletedBlockLogImpl] DEBUG block.DeletedBlockLogImpl (DeletedBlockLogImpl.java:commitTransactions(224)) - Transaction txId=22 commit by dnId=f89ecde1-abfa-4530-92e2-4a065b7725ea for containerID=#22 failed. Corresponding entry not found.
2021-08-15 14:03:33,581 [SCMBlockDeletingService#0] DEBUG block.SCMBlockDeletingService (SCMBlockDeletingService.java:call(133)) - Running DeletedBlockTransactionScanner
2021-08-15 14:03:33,581 [EventQueue-DeleteBlockStatusForDeletedBlockLogImpl] DEBUG block.DeletedBlockLogImpl (DeletedBlockLogImpl.java:isTransactionFailed(278)) - Got block deletion ACK from datanode, TXIDs=23, success=true
2021-08-15 14:03:33,581 [EventQueue-DeleteBlockStatusForDeletedBlockLogImpl] DEBUG block.DeletedBlockLogImpl (DeletedBlockLogImpl.java:commitTransactions(224)) - Transaction txId=23 commit by dnId=f89ecde1-abfa-4530-92e2-4a065b7725ea for containerID=#23 failed. Corresponding entry not found.
2021-08-15 14:03:33,581 [EventQueue-DeleteBlockStatusForDeletedBlockLogImpl] DEBUG block.DeletedBlockLogImpl (DeletedBlockLogImpl.java:isTransactionFailed(278)) - Got block deletion ACK from datanode, TXIDs=24, success=true
2021-08-15 14:03:33,581 [EventQueue-DeleteBlockStatusForDeletedBlockLogImpl] DEBUG block.DeletedBlockLogImpl (DeletedBlockLogImpl.java:commitTransactions(224)) - Transaction txId=24 commit by dnId=f89ecde1-abfa-4530-92e2-4a065b7725ea for containerID=#24 failed. Corresponding entry not found.
2021-08-15 14:03:33,581 [EventQueue-DeleteBlockStatusForDeletedBlockLogImpl] DEBUG block.DeletedBlockLogImpl (DeletedBlockLogImpl.java:isTransactionFailed(278)) - Got block deletion ACK from datanode, TXIDs=25, success=true
2021-08-15 14:03:33,581 [EventQueue-DeleteBlockStatusForDeletedBlockLogImpl] DEBUG block.DeletedBlockLogImpl (DeletedBlockLogImpl.java:commitTransactions(224)) - Transaction txId=25 commit by dnId=f89ecde1-abfa-4530-92e2-4a065b7725ea for containerID=#25 failed. Corresponding entry not found.
2021-08-15 14:03:33,581 [EventQueue-DeleteBlockStatusForDeletedBlockLogImpl] DEBUG block.DeletedBlockLogImpl (DeletedBlockLogImpl.java:isTransactionFailed(278)) - Got block deletion ACK from datanode, TXIDs=26, success=true
2021-08-15 14:03:33,581 [EventQueue-DeleteBlockStatusForDeletedBlockLogImpl] DEBUG block.DeletedBlockLogImpl (DeletedBlockLogImpl.java:commitTransactions(224)) - Transaction txId=26 commit by dnId=f89ecde1-abfa-4530-92e2-4a065b7725ea for containerID=#26 failed. Corresponding entry not found.
2021-08-15 14:03:33,581 [EventQueue-DeleteBlockStatusForDeletedBlockLogImpl] DEBUG block.DeletedBlockLogImpl (DeletedBlockLogImpl.java:isTransactionFailed(278)) - Got block deletion ACK from datanode, TXIDs=27, success=true
2021-08-15 14:03:33,581 [EventQueue-DeleteBlockStatusForDeletedBlockLogImpl] DEBUG block.DeletedBlockLogImpl (DeletedBlockLogImpl.java:commitTransactions(224)) - Transaction txId=27 commit by dnId=f89ecde1-abfa-4530-92e2-4a065b7725ea for containerID=#27 failed. Corresponding entry not found.
2021-08-15 14:03:33,582 [EventQueue-DeleteBlockStatusForDeletedBlockLogImpl] DEBUG block.DeletedBlockLogImpl (DeletedBlockLogImpl.java:isTransactionFailed(278)) - Got block deletion ACK from datanode, TXIDs=28, success=true
2021-08-15 14:03:33,582 [EventQueue-DeleteBlockStatusForDeletedBlockLogImpl] DEBUG block.DeletedBlockLogImpl (DeletedBlockLogImpl.java:commitTransactions(224)) - Transaction txId=28 commit by dnId=f89ecde1-abfa-4530-92e2-4a065b7725ea for containerID=#28 failed. Corresponding entry not found.
2021-08-15 14:03:33,582 [EventQueue-DeleteBlockStatusForDeletedBlockLogImpl] DEBUG block.DeletedBlockLogImpl (DeletedBlockLogImpl.java:isTransactionFailed(278)) - Got block deletion ACK from datanode, TXIDs=29, success=true
2021-08-15 14:03:33,582 [EventQueue-DeleteBlockStatusForDeletedBlockLogImpl] DEBUG block.DeletedBlockLogImpl (DeletedBlockLogImpl.java:commitTransactions(224)) - Transaction txId=29 commit by dnId=f89ecde1-abfa-4530-92e2-4a065b7725ea for containerID=#29 failed. Corresponding entry not found.
2021-08-15 14:03:33,582 [EventQueue-DeleteBlockStatusForDeletedBlockLogImpl] DEBUG block.DeletedBlockLogImpl (DeletedBlockLogImpl.java:isTransactionFailed(278)) - Got block deletion ACK from datanode, TXIDs=30, success=true
2021-08-15 14:03:33,582 [EventQueue-DeleteBlockStatusForDeletedBlockLogImpl] DEBUG block.DeletedBlockLogImpl (DeletedBlockLogImpl.java:commitTransactions(224)) - Transaction txId=30 commit by dnId=f89ecde1-abfa-4530-92e2-4a065b7725ea for containerID=#30 failed. Corresponding entry not found.
2021-08-15 14:03:33,582 [EventQueue-DeleteBlockStatusForDeletedBlockLogImpl] DEBUG block.DeletedBlockLogImpl (DeletedBlockLogImpl.java:isTransactionFailed(278)) - Got block deletion ACK from datanode, TXIDs=31, success=true
2021-08-15 14:03:33,582 [EventQueue-DeleteBlockStatusForDeletedBlockLogImpl] DEBUG block.DeletedBlockLogImpl (DeletedBlockLogImpl.java:commitTransactions(224)) - Transaction txId=31 commit by dnId=f89ecde1-abfa-4530-92e2-4a065b7725ea for containerID=#31 failed. Corresponding entry not found.
2021-08-15 14:03:33,582 [EventQueue-DeleteBlockStatusForDeletedBlockLogImpl] DEBUG block.DeletedBlockLogImpl (DeletedBlockLogImpl.java:isTransactionFailed(278)) - Got block deletion ACK from datanode, TXIDs=32, success=true
2021-08-15 14:03:33,582 [EventQueue-DeleteBlockStatusForDeletedBlockLogImpl] DEBUG block.DeletedBlockLogImpl (DeletedBlockLogImpl.java:commitTransactions(224)) - Transaction txId=32 commit by dnId=f89ecde1-abfa-4530-92e2-4a065b7725ea for containerID=#32 failed. Corresponding entry not found.
2021-08-15 14:03:33,582 [EventQueue-DeleteBlockStatusForDeletedBlockLogImpl] DEBUG block.DeletedBlockLogImpl (DeletedBlockLogImpl.java:isTransactionFailed(278)) - Got block deletion ACK from datanode, TXIDs=33, success=true
2021-08-15 14:03:33,582 [EventQueue-DeleteBlockStatusForDeletedBlockLogImpl] DEBUG block.DeletedBlockLogImpl (DeletedBlockLogImpl.java:commitTransactions(224)) - Transaction txId=33 commit by dnId=f89ecde1-abfa-4530-92e2-4a065b7725ea for containerID=#33 failed. Corresponding entry not found.
2021-08-15 14:03:33,582 [EventQueue-DeleteBlockStatusForDeletedBlockLogImpl] DEBUG block.DeletedBlockLogImpl (DeletedBlockLogImpl.java:isTransactionFailed(278)) - Got block deletion ACK from datanode, TXIDs=34, success=true
2021-08-15 14:03:33,582 [EventQueue-DeleteBlockStatusForDeletedBlockLogImpl] DEBUG block.DeletedBlockLogImpl (DeletedBlockLogImpl.java:commitTransactions(224)) - Transaction txId=34 commit by dnId=f89ecde1-abfa-4530-92e2-4a065b7725ea for containerID=#34 failed. Corresponding entry not found.
2021-08-15 14:03:33,582 [EventQueue-DeleteBlockStatusForDeletedBlockLogImpl] DEBUG block.DeletedBlockLogImpl (DeletedBlockLogImpl.java:isTransactionFailed(278)) - Got block deletion ACK from datanode, TXIDs=35, success=true
2021-08-15 14:03:33,582 [EventQueue-DeleteBlockStatusForDeletedBlockLogImpl] DEBUG block.DeletedBlockLogImpl (DeletedBlockLogImpl.java:commitTransactions(224)) - Transaction txId=35 commit by dnId=f89ecde1-abfa-4530-92e2-4a065b7725ea for containerID=#35 failed. Corresponding entry not found.
2021-08-15 14:03:33,582 [EventQueue-DeleteBlockStatusForDeletedBlockLogImpl] DEBUG block.DeletedBlockLogImpl (DeletedBlockLogImpl.java:isTransactionFailed(278)) - Got block deletion ACK from datanode, TXIDs=36, success=true
2021-08-15 14:03:33,582 [EventQueue-DeleteBlockStatusForDeletedBlockLogImpl] DEBUG block.DeletedBlockLogImpl (DeletedBlockLogImpl.java:commitTransactions(224)) - Transaction txId=36 commit by dnId=f89ecde1-abfa-4530-92e2-4a065b7725ea for containerID=#36 failed. Corresponding entry not found.
2021-08-15 14:03:33,582 [EventQueue-DeleteBlockStatusForDeletedBlockLogImpl] DEBUG block.DeletedBlockLogImpl (DeletedBlockLogImpl.java:isTransactionFailed(278)) - Got block deletion ACK from datanode, TXIDs=37, success=true
2021-08-15 14:03:33,582 [EventQueue-DeleteBlockStatusForDeletedBlockLogImpl] DEBUG block.DeletedBlockLogImpl (DeletedBlockLogImpl.java:commitTransactions(224)) - Transaction txId=37 commit by dnId=f89ecde1-abfa-4530-92e2-4a065b7725ea for containerID=#37 failed. Corresponding entry not found.
2021-08-15 14:03:33,582 [EventQueue-DeleteBlockStatusForDeletedBlockLogImpl] DEBUG block.DeletedBlockLogImpl (DeletedBlockLogImpl.java:isTransactionFailed(278)) - Got block deletion ACK from datanode, TXIDs=38, success=true
2021-08-15 14:03:33,582 [EventQueue-DeleteBlockStatusForDeletedBlockLogImpl] DEBUG block.DeletedBlockLogImpl (DeletedBlockLogImpl.java:commitTransactions(224)) - Transaction txId=38 commit by dnId=f89ecde1-abfa-4530-92e2-4a065b7725ea for containerID=#38 failed. Corresponding entry not found.
2021-08-15 14:03:33,582 [EventQueue-DeleteBlockStatusForDeletedBlockLogImpl] DEBUG block.DeletedBlockLogImpl (DeletedBlockLogImpl.java:isTransactionFailed(278)) - Got block deletion ACK from datanode, TXIDs=39, success=true
2021-08-15 14:03:33,582 [EventQueue-DeleteBlockStatusForDeletedBlockLogImpl] DEBUG block.DeletedBlockLogImpl (DeletedBlockLogImpl.java:commitTransactions(224)) - Transaction txId=39 commit by dnId=f89ecde1-abfa-4530-92e2-4a065b7725ea for containerID=#39 failed. Corresponding entry not found.
2021-08-15 14:03:33,582 [EventQueue-DeleteBlockStatusForDeletedBlockLogImpl] DEBUG block.DeletedBlockLogImpl (DeletedBlockLogImpl.java:isTransactionFailed(278)) - Got block deletion ACK from datanode, TXIDs=40, success=true
2021-08-15 14:03:33,582 [EventQueue-DeleteBlockStatusForDeletedBlockLogImpl] DEBUG block.DeletedBlockLogImpl (DeletedBlockLogImpl.java:commitTransactions(224)) - Transaction txId=40 commit by dnId=f89ecde1-abfa-4530-92e2-4a065b7725ea for containerID=#40 failed. Corresponding entry not found.
2021-08-15 14:03:33,582 [EventQueue-DeleteBlockStatusForDeletedBlockLogImpl] DEBUG block.DeletedBlockLogImpl (DeletedBlockLogImpl.java:isTransactionFailed(278)) - Got block deletion ACK from datanode, TXIDs=41, success=true
2021-08-15 14:03:33,582 [EventQueue-DeleteBlockStatusForDeletedBlockLogImpl] DEBUG block.DeletedBlockLogImpl (DeletedBlockLogImpl.java:commitTransactions(224)) - Transaction txId=41 commit by dnId=f89ecde1-abfa-4530-92e2-4a065b7725ea for containerID=#41 failed. Corresponding entry not found.
2021-08-15 14:03:33,582 [EventQueue-DeleteBlockStatusForDeletedBlockLogImpl] DEBUG block.DeletedBlockLogImpl (DeletedBlockLogImpl.java:isTransactionFailed(278)) - Got block deletion ACK from datanode, TXIDs=42, success=true
2021-08-15 14:03:33,582 [EventQueue-DeleteBlockStatusForDeletedBlockLogImpl] DEBUG block.DeletedBlockLogImpl (DeletedBlockLogImpl.java:commitTransactions(224)) - Transaction txId=42 commit by dnId=f89ecde1-abfa-4530-92e2-4a065b7725ea for containerID=#42 failed. Corresponding entry not found.
2021-08-15 14:03:33,582 [EventQueue-DeleteBlockStatusForDeletedBlockLogImpl] DEBUG block.DeletedBlockLogImpl (DeletedBlockLogImpl.java:isTransactionFailed(278)) - Got block deletion ACK from datanode, TXIDs=43, success=true
2021-08-15 14:03:33,582 [EventQueue-DeleteBlockStatusForDeletedBlockLogImpl] DEBUG block.DeletedBlockLogImpl (DeletedBlockLogImpl.java:commitTransactions(224)) - Transaction txId=43 commit by dnId=f89ecde1-abfa-4530-92e2-4a065b7725ea for containerID=#43 failed. Corresponding entry not found.
2021-08-15 14:03:33,582 [EventQueue-DeleteBlockStatusForDeletedBlockLogImpl] DEBUG block.DeletedBlockLogImpl (DeletedBlockLogImpl.java:isTransactionFailed(278)) - Got block deletion ACK from datanode, TXIDs=44, success=true
2021-08-15 14:03:33,582 [EventQueue-DeleteBlockStatusForDeletedBlockLogImpl] DEBUG block.DeletedBlockLogImpl (DeletedBlockLogImpl.java:commitTransactions(224)) - Transaction txId=44 commit by dnId=f89ecde1-abfa-4530-92e2-4a065b7725ea for containerID=#44 failed. Corresponding entry not found.
2021-08-15 14:03:33,582 [EventQueue-DeleteBlockStatusForDeletedBlockLogImpl] DEBUG block.DeletedBlockLogImpl (DeletedBlockLogImpl.java:isTransactionFailed(278)) - Got block deletion ACK from datanode, TXIDs=45, success=true
2021-08-15 14:03:33,582 [EventQueue-DeleteBlockStatusForDeletedBlockLogImpl] DEBUG block.DeletedBlockLogImpl (DeletedBlockLogImpl.java:commitTransactions(224)) - Transaction txId=45 commit by dnId=f89ecde1-abfa-4530-92e2-4a065b7725ea for containerID=#45 failed. Corresponding entry not found.
2021-08-15 14:03:33,582 [EventQueue-DeleteBlockStatusForDeletedBlockLogImpl] DEBUG block.DeletedBlockLogImpl (DeletedBlockLogImpl.java:isTransactionFailed(278)) - Got block deletion ACK from datanode, TXIDs=46, success=true
2021-08-15 14:03:33,582 [EventQueue-DeleteBlockStatusForDeletedBlockLogImpl] DEBUG block.DeletedBlockLogImpl (DeletedBlockLogImpl.java:commitTransactions(224)) - Transaction txId=46 commit by dnId=f89ecde1-abfa-4530-92e2-4a065b7725ea for containerID=#46 failed. Corresponding entry not found.
2021-08-15 14:03:33,582 [EventQueue-DeleteBlockStatusForDeletedBlockLogImpl] DEBUG block.DeletedBlockLogImpl (DeletedBlockLogImpl.java:isTransactionFailed(278)) - Got block deletion ACK from datanode, TXIDs=47, success=true
2021-08-15 14:03:33,582 [EventQueue-DeleteBlockStatusForDeletedBlockLogImpl] DEBUG block.DeletedBlockLogImpl (DeletedBlockLogImpl.java:commitTransactions(224)) - Transaction txId=47 commit by dnId=f89ecde1-abfa-4530-92e2-4a065b7725ea for containerID=#47 failed. Corresponding entry not found.
2021-08-15 14:03:33,582 [EventQueue-DeleteBlockStatusForDeletedBlockLogImpl] DEBUG block.DeletedBlockLogImpl (DeletedBlockLogImpl.java:isTransactionFailed(278)) - Got block deletion ACK from datanode, TXIDs=48, success=true
2021-08-15 14:03:33,582 [EventQueue-DeleteBlockStatusForDeletedBlockLogImpl] DEBUG block.DeletedBlockLogImpl (DeletedBlockLogImpl.java:commitTransactions(224)) - Transaction txId=48 commit by dnId=f89ecde1-abfa-4530-92e2-4a065b7725ea for containerID=#48 failed. Corresponding entry not found.
2021-08-15 14:03:33,582 [EventQueue-DeleteBlockStatusForDeletedBlockLogImpl] DEBUG block.DeletedBlockLogImpl (DeletedBlockLogImpl.java:isTransactionFailed(278)) - Got block deletion ACK from datanode, TXIDs=49, success=true
2021-08-15 14:03:33,582 [EventQueue-DeleteBlockStatusForDeletedBlockLogImpl] DEBUG block.DeletedBlockLogImpl (DeletedBlockLogImpl.java:commitTransactions(224)) - Transaction txId=49 commit by dnId=f89ecde1-abfa-4530-92e2-4a065b7725ea for containerID=#49 failed. Corresponding entry not found.
2021-08-15 14:03:33,582 [EventQueue-DeleteBlockStatusForDeletedBlockLogImpl] DEBUG block.DeletedBlockLogImpl (DeletedBlockLogImpl.java:isTransactionFailed(278)) - Got block deletion ACK from datanode, TXIDs=50, success=true
2021-08-15 14:03:33,582 [EventQueue-DeleteBlockStatusForDeletedBlockLogImpl] DEBUG block.DeletedBlockLogImpl (DeletedBlockLogImpl.java:commitTransactions(224)) - Transaction txId=50 commit by dnId=f89ecde1-abfa-4530-92e2-4a065b7725ea for containerID=#50 failed. Corresponding entry not found.
2021-08-15 14:03:33,582 [EventQueue-DeleteBlockStatusForDeletedBlockLogImpl] DEBUG block.DeletedBlockLogImpl (DeletedBlockLogImpl.java:isTransactionFailed(278)) - Got block deletion ACK from datanode, TXIDs=51, success=true
2021-08-15 14:03:33,582 [EventQueue-DeleteBlockStatusForDeletedBlockLogImpl] DEBUG block.DeletedBlockLogImpl (DeletedBlockLogImpl.java:commitTransactions(224)) - Transaction txId=51 commit by dnId=f89ecde1-abfa-4530-92e2-4a065b7725ea for containerID=#51 failed. Corresponding entry not found.
2021-08-15 14:03:33,582 [EventQueue-DeleteBlockStatusForDeletedBlockLogImpl] DEBUG block.DeletedBlockLogImpl (DeletedBlockLogImpl.java:isTransactionFailed(278)) - Got block deletion ACK from datanode, TXIDs=52, success=true
2021-08-15 14:03:33,582 [EventQueue-DeleteBlockStatusForDeletedBlockLogImpl] DEBUG block.DeletedBlockLogImpl (DeletedBlockLogImpl.java:commitTransactions(224)) - Transaction txId=52 commit by dnId=f89ecde1-abfa-4530-92e2-4a065b7725ea for containerID=#52 failed. Corresponding entry not found.
2021-08-15 14:03:33,582 [EventQueue-DeleteBlockStatusForDeletedBlockLogImpl] DEBUG block.DeletedBlockLogImpl (DeletedBlockLogImpl.java:isTransactionFailed(278)) - Got block deletion ACK from datanode, TXIDs=53, success=true
2021-08-15 14:03:33,582 [EventQueue-DeleteBlockStatusForDeletedBlockLogImpl] DEBUG block.DeletedBlockLogImpl (DeletedBlockLogImpl.java:commitTransactions(224)) - Transaction txId=53 commit by dnId=f89ecde1-abfa-4530-92e2-4a065b7725ea for containerID=#53 failed. Corresponding entry not found.
2021-08-15 14:03:33,582 [EventQueue-DeleteBlockStatusForDeletedBlockLogImpl] DEBUG block.DeletedBlockLogImpl (DeletedBlockLogImpl.java:isTransactionFailed(278)) - Got block deletion ACK from datanode, TXIDs=54, success=true
2021-08-15 14:03:33,582 [EventQueue-DeleteBlockStatusForDeletedBlockLogImpl] DEBUG block.DeletedBlockLogImpl (DeletedBlockLogImpl.java:commitTransactions(224)) - Transaction txId=54 commit by dnId=f89ecde1-abfa-4530-92e2-4a065b7725ea for containerID=#54 failed. Corresponding entry not found.
2021-08-15 14:03:33,583 [EventQueue-DeleteBlockStatusForDeletedBlockLogImpl] DEBUG block.DeletedBlockLogImpl (DeletedBlockLogImpl.java:isTransactionFailed(278)) - Got block deletion ACK from datanode, TXIDs=55, success=true
2021-08-15 14:03:33,583 [EventQueue-DeleteBlockStatusForDeletedBlockLogImpl] DEBUG block.DeletedBlockLogImpl (DeletedBlockLogImpl.java:commitTransactions(224)) - Transaction txId=55 commit by dnId=f89ecde1-abfa-4530-92e2-4a065b7725ea for containerID=#55 failed. Corresponding entry not found.
2021-08-15 14:03:33,583 [EventQueue-DeleteBlockStatusForDeletedBlockLogImpl] DEBUG block.DeletedBlockLogImpl (DeletedBlockLogImpl.java:isTransactionFailed(278)) - Got block deletion ACK from datanode, TXIDs=56, success=true
2021-08-15 14:03:33,583 [EventQueue-DeleteBlockStatusForDeletedBlockLogImpl] DEBUG block.DeletedBlockLogImpl (DeletedBlockLogImpl.java:commitTransactions(224)) - Transaction txId=56 commit by dnId=f89ecde1-abfa-4530-92e2-4a065b7725ea for containerID=#56 failed. Corresponding entry not found.
2021-08-15 14:03:33,583 [EventQueue-DeleteBlockStatusForDeletedBlockLogImpl] DEBUG block.DeletedBlockLogImpl (DeletedBlockLogImpl.java:isTransactionFailed(278)) - Got block deletion ACK from datanode, TXIDs=17, success=true
2021-08-15 14:03:33,583 [EventQueue-DeleteBlockStatusForDeletedBlockLogImpl] DEBUG block.DeletedBlockLogImpl (DeletedBlockLogImpl.java:commitTransactions(224)) - Transaction txId=17 commit by dnId=f89ecde1-abfa-4530-92e2-4a065b7725ea for containerID=#17 failed. Corresponding entry not found.
2021-08-15 14:03:33,583 [EventQueue-DeleteBlockStatusForDeletedBlockLogImpl] DEBUG block.DeletedBlockLogImpl (DeletedBlockLogImpl.java:isTransactionFailed(278)) - Got block deletion ACK from datanode, TXIDs=18, success=true
2021-08-15 14:03:33,583 [EventQueue-DeleteBlockStatusForDeletedBlockLogImpl] DEBUG block.DeletedBlockLogImpl (DeletedBlockLogImpl.java:commitTransactions(224)) - Transaction txId=18 commit by dnId=f89ecde1-abfa-4530-92e2-4a065b7725ea for containerID=#18 failed. Corresponding entry not found.
2021-08-15 14:03:33,583 [EventQueue-DeleteBlockStatusForDeletedBlockLogImpl] DEBUG block.DeletedBlockLogImpl (DeletedBlockLogImpl.java:isTransactionFailed(278)) - Got block deletion ACK from datanode, TXIDs=19, success=true
2021-08-15 14:03:33,583 [EventQueue-DeleteBlockStatusForDeletedBlockLogImpl] DEBUG block.DeletedBlockLogImpl (DeletedBlockLogImpl.java:commitTransactions(224)) - Transaction txId=19 commit by dnId=f89ecde1-abfa-4530-92e2-4a065b7725ea for containerID=#19 failed. Corresponding entry not found.
2021-08-15 14:03:33,583 [EventQueue-DeleteBlockStatusForDeletedBlockLogImpl] DEBUG block.DeletedBlockLogImpl (DeletedBlockLogImpl.java:isTransactionFailed(278)) - Got block deletion ACK from datanode, TXIDs=20, success=true
2021-08-15 14:03:33,583 [EventQueue-DeleteBlockStatusForDeletedBlockLogImpl] DEBUG block.DeletedBlockLogImpl (DeletedBlockLogImpl.java:commitTransactions(224)) - Transaction txId=20 commit by dnId=f89ecde1-abfa-4530-92e2-4a065b7725ea for containerID=#20 failed. Corresponding entry not found.
2021-08-15 14:03:33,583 [EventQueue-DeleteBlockStatusForDeletedBlockLogImpl] DEBUG block.DeletedBlockLogImpl (DeletedBlockLogImpl.java:isTransactionFailed(278)) - Got block deletion ACK from datanode, TXIDs=21, success=true
2021-08-15 14:03:33,583 [EventQueue-DeleteBlockStatusForDeletedBlockLogImpl] DEBUG block.DeletedBlockLogImpl (DeletedBlockLogImpl.java:commitTransactions(224)) - Transaction txId=21 commit by dnId=f89ecde1-abfa-4530-92e2-4a065b7725ea for containerID=#21 failed. Corresponding entry not found.
2021-08-15 14:03:33,583 [EventQueue-DeleteBlockStatusForDeletedBlockLogImpl] DEBUG block.DeletedBlockLogImpl (DeletedBlockLogImpl.java:isTransactionFailed(278)) - Got block deletion ACK from datanode, TXIDs=22, success=true
2021-08-15 14:03:33,583 [EventQueue-DeleteBlockStatusForDeletedBlockLogImpl] DEBUG block.DeletedBlockLogImpl (DeletedBlockLogImpl.java:commitTransactions(224)) - Transaction txId=22 commit by dnId=f89ecde1-abfa-4530-92e2-4a065b7725ea for containerID=#22 failed. Corresponding entry not found.
2021-08-15 14:03:33,583 [EventQueue-DeleteBlockStatusForDeletedBlockLogImpl] DEBUG block.DeletedBlockLogImpl (DeletedBlockLogImpl.java:isTransactionFailed(278)) - Got block deletion ACK from datanode, TXIDs=23, success=true
2021-08-15 14:03:33,583 [EventQueue-DeleteBlockStatusForDeletedBlockLogImpl] DEBUG block.DeletedBlockLogImpl (DeletedBlockLogImpl.java:commitTransactions(224)) - Transaction txId=23 commit by dnId=f89ecde1-abfa-4530-92e2-4a065b7725ea for containerID=#23 failed. Corresponding entry not found.
2021-08-15 14:03:33,583 [EventQueue-DeleteBlockStatusForDeletedBlockLogImpl] DEBUG block.DeletedBlockLogImpl (DeletedBlockLogImpl.java:isTransactionFailed(278)) - Got block deletion ACK from datanode, TXIDs=24, success=true
2021-08-15 14:03:33,583 [EventQueue-DeleteBlockStatusForDeletedBlockLogImpl] DEBUG block.DeletedBlockLogImpl (DeletedBlockLogImpl.java:commitTransactions(224)) - Transaction txId=24 commit by dnId=f89ecde1-abfa-4530-92e2-4a065b7725ea for containerID=#24 failed. Corresponding entry not found.
2021-08-15 14:03:33,583 [EventQueue-DeleteBlockStatusForDeletedBlockLogImpl] DEBUG block.DeletedBlockLogImpl (DeletedBlockLogImpl.java:isTransactionFailed(278)) - Got block deletion ACK from datanode, TXIDs=25, success=true
2021-08-15 14:03:33,583 [EventQueue-DeleteBlockStatusForDeletedBlockLogImpl] DEBUG block.DeletedBlockLogImpl (DeletedBlockLogImpl.java:commitTransactions(224)) - Transaction txId=25 commit by dnId=f89ecde1-abfa-4530-92e2-4a065b7725ea for containerID=#25 failed. Corresponding entry not found.
2021-08-15 14:03:33,583 [EventQueue-DeleteBlockStatusForDeletedBlockLogImpl] DEBUG block.DeletedBlockLogImpl (DeletedBlockLogImpl.java:isTransactionFailed(278)) - Got block deletion ACK from datanode, TXIDs=26, success=true
2021-08-15 14:03:33,583 [EventQueue-DeleteBlockStatusForDeletedBlockLogImpl] DEBUG block.DeletedBlockLogImpl (DeletedBlockLogImpl.java:commitTransactions(224)) - Transaction txId=26 commit by dnId=f89ecde1-abfa-4530-92e2-4a065b7725ea for containerID=#26 failed. Corresponding entry not found.
2021-08-15 14:03:33,583 [EventQueue-DeleteBlockStatusForDeletedBlockLogImpl] DEBUG block.DeletedBlockLogImpl (DeletedBlockLogImpl.java:isTransactionFailed(278)) - Got block deletion ACK from datanode, TXIDs=27, success=true
2021-08-15 14:03:33,583 [EventQueue-DeleteBlockStatusForDeletedBlockLogImpl] DEBUG block.DeletedBlockLogImpl (DeletedBlockLogImpl.java:commitTransactions(224)) - Transaction txId=27 commit by dnId=f89ecde1-abfa-4530-92e2-4a065b7725ea for containerID=#27 failed. Corresponding entry not found.
2021-08-15 14:03:33,583 [EventQueue-DeleteBlockStatusForDeletedBlockLogImpl] DEBUG block.DeletedBlockLogImpl (DeletedBlockLogImpl.java:isTransactionFailed(278)) - Got block deletion ACK from datanode, TXIDs=28, success=true
2021-08-15 14:03:33,583 [EventQueue-DeleteBlockStatusForDeletedBlockLogImpl] DEBUG block.DeletedBlockLogImpl (DeletedBlockLogImpl.java:commitTransactions(224)) - Transaction txId=28 commit by dnId=f89ecde1-abfa-4530-92e2-4a065b7725ea for containerID=#28 failed. Corresponding entry not found.
2021-08-15 14:03:33,583 [EventQueue-DeleteBlockStatusForDeletedBlockLogImpl] DEBUG block.DeletedBlockLogImpl (DeletedBlockLogImpl.java:isTransactionFailed(278)) - Got block deletion ACK from datanode, TXIDs=29, success=true
2021-08-15 14:03:33,583 [EventQueue-DeleteBlockStatusForDeletedBlockLogImpl] DEBUG block.DeletedBlockLogImpl (DeletedBlockLogImpl.java:commitTransactions(224)) - Transaction txId=29 commit by dnId=f89ecde1-abfa-4530-92e2-4a065b7725ea for containerID=#29 failed. Corresponding entry not found.
2021-08-15 14:03:33,583 [EventQueue-DeleteBlockStatusForDeletedBlockLogImpl] DEBUG block.DeletedBlockLogImpl (DeletedBlockLogImpl.java:isTransactionFailed(278)) - Got block deletion ACK from datanode, TXIDs=30, success=true
2021-08-15 14:03:33,583 [EventQueue-DeleteBlockStatusForDeletedBlockLogImpl] DEBUG block.DeletedBlockLogImpl (DeletedBlockLogImpl.java:commitTransactions(224)) - Transaction txId=30 commit by dnId=f89ecde1-abfa-4530-92e2-4a065b7725ea for containerID=#30 failed. Corresponding entry not found.
2021-08-15 14:03:33,583 [EventQueue-DeleteBlockStatusForDeletedBlockLogImpl] DEBUG block.DeletedBlockLogImpl (DeletedBlockLogImpl.java:isTransactionFailed(278)) - Got block deletion ACK from datanode, TXIDs=31, success=true
2021-08-15 14:03:33,583 [EventQueue-DeleteBlockStatusForDeletedBlockLogImpl] DEBUG block.DeletedBlockLogImpl (DeletedBlockLogImpl.java:commitTransactions(224)) - Transaction txId=31 commit by dnId=f89ecde1-abfa-4530-92e2-4a065b7725ea for containerID=#31 failed. Corresponding entry not found.
2021-08-15 14:03:33,583 [EventQueue-DeleteBlockStatusForDeletedBlockLogImpl] DEBUG block.DeletedBlockLogImpl (DeletedBlockLogImpl.java:isTransactionFailed(278)) - Got block deletion ACK from datanode, TXIDs=32, success=true
2021-08-15 14:03:33,583 [EventQueue-DeleteBlockStatusForDeletedBlockLogImpl] DEBUG block.DeletedBlockLogImpl (DeletedBlockLogImpl.java:commitTransactions(224)) - Transaction txId=32 commit by dnId=f89ecde1-abfa-4530-92e2-4a065b7725ea for containerID=#32 failed. Corresponding entry not found.
2021-08-15 14:03:33,583 [EventQueue-DeleteBlockStatusForDeletedBlockLogImpl] DEBUG block.DeletedBlockLogImpl (DeletedBlockLogImpl.java:isTransactionFailed(278)) - Got block deletion ACK from datanode, TXIDs=33, success=true
2021-08-15 14:03:33,583 [EventQueue-DeleteBlockStatusForDeletedBlockLogImpl] DEBUG block.DeletedBlockLogImpl (DeletedBlockLogImpl.java:commitTransactions(224)) - Transaction txId=33 commit by dnId=f89ecde1-abfa-4530-92e2-4a065b7725ea for containerID=#33 failed. Corresponding entry not found.
2021-08-15 14:03:33,583 [EventQueue-DeleteBlockStatusForDeletedBlockLogImpl] DEBUG block.DeletedBlockLogImpl (DeletedBlockLogImpl.java:isTransactionFailed(278)) - Got block deletion ACK from datanode, TXIDs=34, success=true
2021-08-15 14:03:33,583 [EventQueue-DeleteBlockStatusForDeletedBlockLogImpl] DEBUG block.DeletedBlockLogImpl (DeletedBlockLogImpl.java:commitTransactions(224)) - Transaction txId=34 commit by dnId=f89ecde1-abfa-4530-92e2-4a065b7725ea for containerID=#34 failed. Corresponding entry not found.
2021-08-15 14:03:33,583 [EventQueue-DeleteBlockStatusForDeletedBlockLogImpl] DEBUG block.DeletedBlockLogImpl (DeletedBlockLogImpl.java:isTransactionFailed(278)) - Got block deletion ACK from datanode, TXIDs=35, success=true
2021-08-15 14:03:33,583 [EventQueue-DeleteBlockStatusForDeletedBlockLogImpl] DEBUG block.DeletedBlockLogImpl (DeletedBlockLogImpl.java:commitTransactions(224)) - Transaction txId=35 commit by dnId=f89ecde1-abfa-4530-92e2-4a065b7725ea for containerID=#35 failed. Corresponding entry not found.
2021-08-15 14:03:33,583 [EventQueue-DeleteBlockStatusForDeletedBlockLogImpl] DEBUG block.DeletedBlockLogImpl (DeletedBlockLogImpl.java:isTransactionFailed(278)) - Got block deletion ACK from datanode, TXIDs=36, success=true
2021-08-15 14:03:33,583 [EventQueue-DeleteBlockStatusForDeletedBlockLogImpl] DEBUG block.DeletedBlockLogImpl (DeletedBlockLogImpl.java:commitTransactions(224)) - Transaction txId=36 commit by dnId=f89ecde1-abfa-4530-92e2-4a065b7725ea for containerID=#36 failed. Corresponding entry not found.
2021-08-15 14:03:33,583 [EventQueue-DeleteBlockStatusForDeletedBlockLogImpl] DEBUG block.DeletedBlockLogImpl (DeletedBlockLogImpl.java:isTransactionFailed(278)) - Got block deletion ACK from datanode, TXIDs=37, success=true
2021-08-15 14:03:33,583 [EventQueue-DeleteBlockStatusForDeletedBlockLogImpl] DEBUG block.DeletedBlockLogImpl (DeletedBlockLogImpl.java:commitTransactions(224)) - Transaction txId=37 commit by dnId=f89ecde1-abfa-4530-92e2-4a065b7725ea for containerID=#37 failed. Corresponding entry not found.
2021-08-15 14:03:33,584 [EventQueue-DeleteBlockStatusForDeletedBlockLogImpl] DEBUG block.DeletedBlockLogImpl (DeletedBlockLogImpl.java:isTransactionFailed(278)) - Got block deletion ACK from datanode, TXIDs=38, success=true
2021-08-15 14:03:33,584 [EventQueue-DeleteBlockStatusForDeletedBlockLogImpl] DEBUG block.DeletedBlockLogImpl (DeletedBlockLogImpl.java:commitTransactions(224)) - Transaction txId=38 commit by dnId=f89ecde1-abfa-4530-92e2-4a065b7725ea for containerID=#38 failed. Corresponding entry not found.
2021-08-15 14:03:33,584 [EventQueue-DeleteBlockStatusForDeletedBlockLogImpl] DEBUG block.DeletedBlockLogImpl (DeletedBlockLogImpl.java:isTransactionFailed(278)) - Got block deletion ACK from datanode, TXIDs=39, success=true
2021-08-15 14:03:33,584 [EventQueue-DeleteBlockStatusForDeletedBlockLogImpl] DEBUG block.DeletedBlockLogImpl (DeletedBlockLogImpl.java:commitTransactions(224)) - Transaction txId=39 commit by dnId=f89ecde1-abfa-4530-92e2-4a065b7725ea for containerID=#39 failed. Corresponding entry not found.
2021-08-15 14:03:33,584 [EventQueue-DeleteBlockStatusForDeletedBlockLogImpl] DEBUG block.DeletedBlockLogImpl (DeletedBlockLogImpl.java:isTransactionFailed(278)) - Got block deletion ACK from datanode, TXIDs=40, success=true
2021-08-15 14:03:33,584 [EventQueue-DeleteBlockStatusForDeletedBlockLogImpl] DEBUG block.DeletedBlockLogImpl (DeletedBlockLogImpl.java:commitTransactions(224)) - Transaction txId=40 commit by dnId=f89ecde1-abfa-4530-92e2-4a065b7725ea for containerID=#40 failed. Corresponding entry not found.
2021-08-15 14:03:33,584 [EventQueue-DeleteBlockStatusForDeletedBlockLogImpl] DEBUG block.DeletedBlockLogImpl (DeletedBlockLogImpl.java:isTransactionFailed(278)) - Got block deletion ACK from datanode, TXIDs=41, success=true
2021-08-15 14:03:33,584 [EventQueue-DeleteBlockStatusForDeletedBlockLogImpl] DEBUG block.DeletedBlockLogImpl (DeletedBlockLogImpl.java:commitTransactions(224)) - Transaction txId=41 commit by dnId=f89ecde1-abfa-4530-92e2-4a065b7725ea for containerID=#41 failed. Corresponding entry not found.
2021-08-15 14:03:33,584 [EventQueue-DeleteBlockStatusForDeletedBlockLogImpl] DEBUG block.DeletedBlockLogImpl (DeletedBlockLogImpl.java:isTransactionFailed(278)) - Got block deletion ACK from datanode, TXIDs=42, success=true
2021-08-15 14:03:33,584 [EventQueue-DeleteBlockStatusForDeletedBlockLogImpl] DEBUG block.DeletedBlockLogImpl (DeletedBlockLogImpl.java:commitTransactions(224)) - Transaction txId=42 commit by dnId=f89ecde1-abfa-4530-92e2-4a065b7725ea for containerID=#42 failed. Corresponding entry not found.
2021-08-15 14:03:33,584 [EventQueue-DeleteBlockStatusForDeletedBlockLogImpl] DEBUG block.DeletedBlockLogImpl (DeletedBlockLogImpl.java:isTransactionFailed(278)) - Got block deletion ACK from datanode, TXIDs=43, success=true
2021-08-15 14:03:33,584 [EventQueue-DeleteBlockStatusForDeletedBlockLogImpl] DEBUG block.DeletedBlockLogImpl (DeletedBlockLogImpl.java:commitTransactions(224)) - Transaction txId=43 commit by dnId=f89ecde1-abfa-4530-92e2-4a065b7725ea for containerID=#43 failed. Corresponding entry not found.
2021-08-15 14:03:33,584 [EventQueue-DeleteBlockStatusForDeletedBlockLogImpl] DEBUG block.DeletedBlockLogImpl (DeletedBlockLogImpl.java:isTransactionFailed(278)) - Got block deletion ACK from datanode, TXIDs=44, success=true
2021-08-15 14:03:33,584 [EventQueue-DeleteBlockStatusForDeletedBlockLogImpl] DEBUG block.DeletedBlockLogImpl (DeletedBlockLogImpl.java:commitTransactions(224)) - Transaction txId=44 commit by dnId=f89ecde1-abfa-4530-92e2-4a065b7725ea for containerID=#44 failed. Corresponding entry not found.
2021-08-15 14:03:33,584 [EventQueue-DeleteBlockStatusForDeletedBlockLogImpl] DEBUG block.DeletedBlockLogImpl (DeletedBlockLogImpl.java:isTransactionFailed(278)) - Got block deletion ACK from datanode, TXIDs=45, success=true
2021-08-15 14:03:33,584 [EventQueue-DeleteBlockStatusForDeletedBlockLogImpl] DEBUG block.DeletedBlockLogImpl (DeletedBlockLogImpl.java:commitTransactions(224)) - Transaction txId=45 commit by dnId=f89ecde1-abfa-4530-92e2-4a065b7725ea for containerID=#45 failed. Corresponding entry not found.
2021-08-15 14:03:33,584 [EventQueue-DeleteBlockStatusForDeletedBlockLogImpl] DEBUG block.DeletedBlockLogImpl (DeletedBlockLogImpl.java:isTransactionFailed(278)) - Got block deletion ACK from datanode, TXIDs=46, success=true
2021-08-15 14:03:33,584 [EventQueue-DeleteBlockStatusForDeletedBlockLogImpl] DEBUG block.DeletedBlockLogImpl (DeletedBlockLogImpl.java:commitTransactions(224)) - Transaction txId=46 commit by dnId=f89ecde1-abfa-4530-92e2-4a065b7725ea for containerID=#46 failed. Corresponding entry not found.
2021-08-15 14:03:33,584 [EventQueue-DeleteBlockStatusForDeletedBlockLogImpl] DEBUG block.DeletedBlockLogImpl (DeletedBlockLogImpl.java:isTransactionFailed(278)) - Got block deletion ACK from datanode, TXIDs=47, success=true
2021-08-15 14:03:33,584 [EventQueue-DeleteBlockStatusForDeletedBlockLogImpl] DEBUG block.DeletedBlockLogImpl (DeletedBlockLogImpl.java:commitTransactions(224)) - Transaction txId=47 commit by dnId=f89ecde1-abfa-4530-92e2-4a065b7725ea for containerID=#47 failed. Corresponding entry not found.
2021-08-15 14:03:33,584 [EventQueue-DeleteBlockStatusForDeletedBlockLogImpl] DEBUG block.DeletedBlockLogImpl (DeletedBlockLogImpl.java:isTransactionFailed(278)) - Got block deletion ACK from datanode, TXIDs=48, success=true
2021-08-15 14:03:33,584 [EventQueue-DeleteBlockStatusForDeletedBlockLogImpl] DEBUG block.DeletedBlockLogImpl (DeletedBlockLogImpl.java:commitTransactions(224)) - Transaction txId=48 commit by dnId=f89ecde1-abfa-4530-92e2-4a065b7725ea for containerID=#48 failed. Corresponding entry not found.
2021-08-15 14:03:33,584 [EventQueue-DeleteBlockStatusForDeletedBlockLogImpl] DEBUG block.DeletedBlockLogImpl (DeletedBlockLogImpl.java:isTransactionFailed(278)) - Got block deletion ACK from datanode, TXIDs=49, success=true
2021-08-15 14:03:33,584 [EventQueue-DeleteBlockStatusForDeletedBlockLogImpl] DEBUG block.DeletedBlockLogImpl (DeletedBlockLogImpl.java:commitTransactions(224)) - Transaction txId=49 commit by dnId=f89ecde1-abfa-4530-92e2-4a065b7725ea for containerID=#49 failed. Corresponding entry not found.
2021-08-15 14:03:33,584 [EventQueue-DeleteBlockStatusForDeletedBlockLogImpl] DEBUG block.DeletedBlockLogImpl (DeletedBlockLogImpl.java:isTransactionFailed(278)) - Got block deletion ACK from datanode, TXIDs=50, success=true
2021-08-15 14:03:33,584 [EventQueue-DeleteBlockStatusForDeletedBlockLogImpl] DEBUG block.DeletedBlockLogImpl (DeletedBlockLogImpl.java:commitTransactions(224)) - Transaction txId=50 commit by dnId=f89ecde1-abfa-4530-92e2-4a065b7725ea for containerID=#50 failed. Corresponding entry not found.
2021-08-15 14:03:33,584 [EventQueue-DeleteBlockStatusForDeletedBlockLogImpl] DEBUG block.DeletedBlockLogImpl (DeletedBlockLogImpl.java:isTransactionFailed(278)) - Got block deletion ACK from datanode, TXIDs=51, success=true
2021-08-15 14:03:33,584 [EventQueue-DeleteBlockStatusForDeletedBlockLogImpl] DEBUG block.DeletedBlockLogImpl (DeletedBlockLogImpl.java:commitTransactions(224)) - Transaction txId=51 commit by dnId=f89ecde1-abfa-4530-92e2-4a065b7725ea for containerID=#51 failed. Corresponding entry not found.
2021-08-15 14:03:33,584 [EventQueue-DeleteBlockStatusForDeletedBlockLogImpl] DEBUG block.DeletedBlockLogImpl (DeletedBlockLogImpl.java:isTransactionFailed(278)) - Got block deletion ACK from datanode, TXIDs=52, success=true
2021-08-15 14:03:33,584 [EventQueue-DeleteBlockStatusForDeletedBlockLogImpl] DEBUG block.DeletedBlockLogImpl (DeletedBlockLogImpl.java:commitTransactions(224)) - Transaction txId=52 commit by dnId=f89ecde1-abfa-4530-92e2-4a065b7725ea for containerID=#52 failed. Corresponding entry not found.
2021-08-15 14:03:33,584 [EventQueue-DeleteBlockStatusForDeletedBlockLogImpl] DEBUG block.DeletedBlockLogImpl (DeletedBlockLogImpl.java:isTransactionFailed(278)) - Got block deletion ACK from datanode, TXIDs=53, success=true
2021-08-15 14:03:33,584 [EventQueue-DeleteBlockStatusForDeletedBlockLogImpl] DEBUG block.DeletedBlockLogImpl (DeletedBlockLogImpl.java:commitTransactions(224)) - Transaction txId=53 commit by dnId=f89ecde1-abfa-4530-92e2-4a065b7725ea for containerID=#53 failed. Corresponding entry not found.
2021-08-15 14:03:33,584 [EventQueue-DeleteBlockStatusForDeletedBlockLogImpl] DEBUG block.DeletedBlockLogImpl (DeletedBlockLogImpl.java:isTransactionFailed(278)) - Got block deletion ACK from datanode, TXIDs=54, success=true
2021-08-15 14:03:33,584 [EventQueue-DeleteBlockStatusForDeletedBlockLogImpl] DEBUG block.DeletedBlockLogImpl (DeletedBlockLogImpl.java:commitTransactions(224)) - Transaction txId=54 commit by dnId=f89ecde1-abfa-4530-92e2-4a065b7725ea for containerID=#54 failed. Corresponding entry not found.
2021-08-15 14:03:33,584 [EventQueue-DeleteBlockStatusForDeletedBlockLogImpl] DEBUG block.DeletedBlockLogImpl (DeletedBlockLogImpl.java:isTransactionFailed(278)) - Got block deletion ACK from datanode, TXIDs=55, success=true
2021-08-15 14:03:33,584 [EventQueue-DeleteBlockStatusForDeletedBlockLogImpl] DEBUG block.DeletedBlockLogImpl (DeletedBlockLogImpl.java:commitTransactions(224)) - Transaction txId=55 commit by dnId=f89ecde1-abfa-4530-92e2-4a065b7725ea for containerID=#55 failed. Corresponding entry not found.
2021-08-15 14:03:33,584 [EventQueue-DeleteBlockStatusForDeletedBlockLogImpl] DEBUG block.DeletedBlockLogImpl (DeletedBlockLogImpl.java:isTransactionFailed(278)) - Got block deletion ACK from datanode, TXIDs=56, success=true
2021-08-15 14:03:33,584 [EventQueue-DeleteBlockStatusForDeletedBlockLogImpl] DEBUG block.DeletedBlockLogImpl (DeletedBlockLogImpl.java:commitTransactions(224)) - Transaction txId=56 commit by dnId=f89ecde1-abfa-4530-92e2-4a065b7725ea for containerID=#56 failed. Corresponding entry not found.
2021-08-15 14:03:33,681 [SCMBlockDeletingService#0] DEBUG block.SCMBlockDeletingService (SCMBlockDeletingService.java:call(133)) - Running DeletedBlockTransactionScanner
2021-08-15 14:03:33,740 [Listener at 127.0.0.1/41905] WARN  commandhandler.TestBlockDeletion (TestBlockDeletion.java:lambda$testBlockDeletion$3(251)) - Verify blocks deletion failed
java.lang.AssertionError: expected null, but was:<[blockId=conID: 28 locID: 107544261427200028 bcsId: 440, size=4194304]>
	at org.junit.Assert.fail(Assert.java:89)
	at org.junit.Assert.failNotNull(Assert.java:756)
	at org.junit.Assert.assertNull(Assert.java:738)
	at org.junit.Assert.assertNull(Assert.java:748)
	at org.apache.hadoop.ozone.container.common.statemachine.commandhandler.TestBlockDeletion.lambda$verifyBlocksDeleted$15(TestBlockDeletion.java:453)
	at org.apache.hadoop.ozone.OzoneTestUtils.performOperationOnKeyContainers(OzoneTestUtils.java:133)
	at org.apache.hadoop.ozone.container.common.statemachine.commandhandler.TestBlockDeletion.verifyBlocksDeleted(TestBlockDeletion.java:442)
	at org.apache.hadoop.ozone.container.common.statemachine.commandhandler.TestBlockDeletion.lambda$testBlockDeletion$3(TestBlockDeletion.java:248)
	at org.apache.ozone.test.GenericTestUtils.waitFor(GenericTestUtils.java:219)
	at org.apache.hadoop.ozone.container.common.statemachine.commandhandler.TestBlockDeletion.testBlockDeletion(TestBlockDeletion.java:246)
	at sun.reflect.NativeMethodAccessorImpl.invoke0(Native Method)
	at sun.reflect.NativeMethodAccessorImpl.invoke(NativeMethodAccessorImpl.java:62)
	at sun.reflect.DelegatingMethodAccessorImpl.invoke(DelegatingMethodAccessorImpl.java:43)
	at java.lang.reflect.Method.invoke(Method.java:498)
	at org.junit.runners.model.FrameworkMethod$1.runReflectiveCall(FrameworkMethod.java:59)
	at org.junit.internal.runners.model.ReflectiveCallable.run(ReflectiveCallable.java:12)
	at org.junit.runners.model.FrameworkMethod.invokeExplosively(FrameworkMethod.java:56)
	at org.junit.internal.runners.statements.InvokeMethod.evaluate(InvokeMethod.java:17)
	at org.junit.internal.runners.statements.RunBefores.evaluate(RunBefores.java:26)
	at org.junit.internal.runners.statements.RunAfters.evaluate(RunAfters.java:27)
	at org.junit.runners.ParentRunner$3.evaluate(ParentRunner.java:306)
	at org.junit.runners.BlockJUnit4ClassRunner$1.evaluate(BlockJUnit4ClassRunner.java:100)
	at org.junit.runners.ParentRunner.runLeaf(ParentRunner.java:366)
	at org.junit.runners.BlockJUnit4ClassRunner.runChild(BlockJUnit4ClassRunner.java:103)
	at org.junit.runners.BlockJUnit4ClassRunner.runChild(BlockJUnit4ClassRunner.java:63)
	at org.junit.runners.ParentRunner$4.run(ParentRunner.java:331)
	at org.junit.runners.ParentRunner$1.schedule(ParentRunner.java:79)
	at org.junit.runners.ParentRunner.runChildren(ParentRunner.java:329)
	at org.junit.runners.ParentRunner.access$100(ParentRunner.java:66)
	at org.junit.runners.ParentRunner$2.evaluate(ParentRunner.java:293)
	at org.junit.runners.ParentRunner$3.evaluate(ParentRunner.java:306)
	at org.junit.runners.ParentRunner.run(ParentRunner.java:413)
	at org.junit.runner.JUnitCore.run(JUnitCore.java:137)
	at org.junit.runner.JUnitCore.run(JUnitCore.java:115)
	at org.junit.vintage.engine.execution.RunnerExecutor.execute(RunnerExecutor.java:43)
	at java.util.stream.ForEachOps$ForEachOp$OfRef.accept(ForEachOps.java:183)
	at java.util.stream.ReferencePipeline$3$1.accept(ReferencePipeline.java:193)
	at java.util.Iterator.forEachRemaining(Iterator.java:116)
	at java.util.Spliterators$IteratorSpliterator.forEachRemaining(Spliterators.java:1801)
	at java.util.stream.AbstractPipeline.copyInto(AbstractPipeline.java:482)
	at java.util.stream.AbstractPipeline.wrapAndCopyInto(AbstractPipeline.java:472)
	at java.util.stream.ForEachOps$ForEachOp.evaluateSequential(ForEachOps.java:150)
	at java.util.stream.ForEachOps$ForEachOp$OfRef.evaluateSequential(ForEachOps.java:173)
	at java.util.stream.AbstractPipeline.evaluate(AbstractPipeline.java:234)
	at java.util.stream.ReferencePipeline.forEach(ReferencePipeline.java:485)
	at org.junit.vintage.engine.VintageTestEngine.executeAllChildren(VintageTestEngine.java:82)
	at org.junit.vintage.engine.VintageTestEngine.execute(VintageTestEngine.java:73)
	at org.junit.platform.launcher.core.EngineExecutionOrchestrator.execute(EngineExecutionOrchestrator.java:108)
	at org.junit.platform.launcher.core.EngineExecutionOrchestrator.execute(EngineExecutionOrchestrator.java:88)
	at org.junit.platform.launcher.core.EngineExecutionOrchestrator.lambda$execute$0(EngineExecutionOrchestrator.java:54)
	at org.junit.platform.launcher.core.EngineExecutionOrchestrator.withInterceptedStreams(EngineExecutionOrchestrator.java:67)
	at org.junit.platform.launcher.core.EngineExecutionOrchestrator.execute(EngineExecutionOrchestrator.java:52)
	at org.junit.platform.launcher.core.DefaultLauncher.execute(DefaultLauncher.java:96)
	at org.junit.platform.launcher.core.DefaultLauncher.execute(DefaultLauncher.java:75)
	at org.apache.maven.surefire.junitplatform.JUnitPlatformProvider.invokeAllTests(JUnitPlatformProvider.java:142)
	at org.apache.maven.surefire.junitplatform.JUnitPlatformProvider.invoke(JUnitPlatformProvider.java:113)
	at org.apache.maven.surefire.booter.ForkedBooter.invokeProviderInSameClassLoader(ForkedBooter.java:384)
	at org.apache.maven.surefire.booter.ForkedBooter.runSuitesInProcess(ForkedBooter.java:345)
	at org.apache.maven.surefire.booter.ForkedBooter.execute(ForkedBooter.java:126)
	at org.apache.maven.surefire.booter.ForkedBooter.main(ForkedBooter.java:418)
2021-08-15 14:03:33,781 [SCMBlockDeletingService#0] DEBUG block.SCMBlockDeletingService (SCMBlockDeletingService.java:call(133)) - Running DeletedBlockTransactionScanner
2021-08-15 14:03:33,881 [SCMBlockDeletingService#0] DEBUG block.SCMBlockDeletingService (SCMBlockDeletingService.java:call(133)) - Running DeletedBlockTransactionScanner
2021-08-15 14:03:33,982 [SCMBlockDeletingService#0] DEBUG block.SCMBlockDeletingService (SCMBlockDeletingService.java:call(133)) - Running DeletedBlockTransactionScanner
2021-08-15 14:03:34,082 [SCMBlockDeletingService#0] DEBUG block.SCMBlockDeletingService (SCMBlockDeletingService.java:call(133)) - Running DeletedBlockTransactionScanner
2021-08-15 14:03:34,183 [SCMBlockDeletingService#0] DEBUG block.SCMBlockDeletingService (SCMBlockDeletingService.java:call(133)) - Running DeletedBlockTransactionScanner
2021-08-15 14:03:34,283 [SCMBlockDeletingService#0] DEBUG block.SCMBlockDeletingService (SCMBlockDeletingService.java:call(133)) - Running DeletedBlockTransactionScanner
2021-08-15 14:03:34,294 [org.apache.hadoop.ozone.container.common.statemachine.commandhandler.DeleteBlocksCommandHandler$DeleteCmdWorker@7a932c03] INFO  commandhandler.DeleteBlocksCommandHandler (DeleteBlocksCommandHandler.java:processCmd(261)) - Start to delete container blocks, TXIDs=[27(0),28(0),29(0),30(0),31(0),32(0),33(0),34(0),35(0),36(0),37(0),38(0),39(0),40(0),41(0),42(0),43(0),44(0),45(0),46(0),47(0),48(0),49(0),50(0),51(0),52(0),53(0),54(0),55(0),56(0)], numOfContainers=30, numOfBlocks=30
2021-08-15 14:03:34,294 [org.apache.hadoop.ozone.container.common.statemachine.commandhandler.DeleteBlocksCommandHandler$DeleteCmdWorker@7a932c03] INFO  commandhandler.DeleteBlocksCommandHandler (DeleteBlocksCommandHandler.java:processCmd(261)) - Start to delete container blocks, TXIDs=[27(0),28(0),29(0),30(0),31(0),32(0),33(0),34(0),35(0),36(0),37(0),38(0),39(0),40(0),41(0),42(0),43(0),44(0),45(0),46(0),47(0),48(0),49(0),50(0),51(0),52(0),53(0),54(0),55(0),56(0)], numOfContainers=30, numOfBlocks=30
2021-08-15 14:03:34,295 [org.apache.hadoop.ozone.container.common.statemachine.commandhandler.DeleteBlocksCommandHandler$DeleteCmdWorker@7a932c03] INFO  commandhandler.DeleteBlocksCommandHandler (DeleteBlocksCommandHandler.java:processCmd(261)) - Start to delete container blocks, TXIDs=[27(0),28(0),29(0),30(0),31(0),32(0),33(0),34(0),35(0),36(0),37(0),38(0),39(0),40(0),41(0),42(0),43(0),44(0),45(0),46(0),47(0),48(0),49(0),50(0),51(0),52(0),53(0),54(0),55(0),56(0)], numOfContainers=30, numOfBlocks=30
2021-08-15 14:03:34,295 [org.apache.hadoop.ozone.container.common.statemachine.commandhandler.DeleteBlocksCommandHandler$DeleteCmdWorker@7a932c03] INFO  commandhandler.DeleteBlocksCommandHandler (DeleteBlocksCommandHandler.java:processCmd(261)) - Start to delete container blocks, TXIDs=[27(0),28(0),29(0),30(0),31(0),32(0),33(0),34(0),35(0),36(0),37(0),38(0),39(0),40(0),41(0),42(0),43(0),44(0),45(0),46(0),47(0),48(0),49(0),50(0),51(0),52(0),53(0),54(0),55(0),56(0)], numOfContainers=30, numOfBlocks=30
2021-08-15 14:03:34,295 [org.apache.hadoop.ozone.container.common.statemachine.commandhandler.DeleteBlocksCommandHandler$DeleteCmdWorker@7a932c03] INFO  commandhandler.DeleteBlocksCommandHandler (DeleteBlocksCommandHandler.java:processCmd(261)) - Start to delete container blocks, TXIDs=[27(0),28(0),29(0),30(0),31(0),32(0),33(0),34(0),35(0),36(0),37(0),38(0),39(0),40(0),41(0),42(0),43(0),44(0),45(0),46(0),47(0),48(0),49(0),50(0),51(0),52(0),53(0),54(0),55(0),56(0)], numOfContainers=30, numOfBlocks=30
2021-08-15 14:03:34,300 [org.apache.hadoop.ozone.container.common.statemachine.commandhandler.DeleteBlocksCommandHandler$DeleteCmdWorker@7a932c03] INFO  commandhandler.DeleteBlocksCommandHandler (DeleteBlocksCommandHandler.java:processCmd(261)) - Start to delete container blocks, TXIDs=[27(0),28(0),29(0),30(0),31(0),32(0),33(0),34(0),35(0),36(0),37(0),38(0),39(0),40(0),41(0),42(0),43(0),44(0),45(0),46(0),47(0),48(0),49(0),50(0),51(0),52(0),53(0),54(0),55(0),56(0)], numOfContainers=30, numOfBlocks=30
2021-08-15 14:03:34,300 [org.apache.hadoop.ozone.container.common.statemachine.commandhandler.DeleteBlocksCommandHandler$DeleteCmdWorker@7a932c03] INFO  commandhandler.DeleteBlocksCommandHandler (DeleteBlocksCommandHandler.java:processCmd(261)) - Start to delete container blocks, TXIDs=[27(0),28(0),29(0),30(0),31(0),32(0),33(0),34(0),35(0),36(0),37(0),38(0),39(0),40(0),41(0),42(0),43(0),44(0),45(0),46(0),47(0),48(0),49(0),50(0),51(0),52(0),53(0),54(0),55(0),56(0)], numOfContainers=30, numOfBlocks=30
2021-08-15 14:03:34,300 [org.apache.hadoop.ozone.container.common.statemachine.commandhandler.DeleteBlocksCommandHandler$DeleteCmdWorker@7a932c03] INFO  commandhandler.DeleteBlocksCommandHandler (DeleteBlocksCommandHandler.java:processCmd(261)) - Start to delete container blocks, TXIDs=[27(0),28(0),29(0),30(0),31(0),32(0),33(0),34(0),35(0),36(0),37(0),38(0),39(0),40(0),41(0),42(0),43(0),44(0),45(0),46(0),47(0),48(0),49(0),50(0),51(0),52(0),53(0),54(0),55(0),56(0)], numOfContainers=30, numOfBlocks=30
2021-08-15 14:03:34,300 [org.apache.hadoop.ozone.container.common.statemachine.commandhandler.DeleteBlocksCommandHandler$DeleteCmdWorker@7a932c03] INFO  commandhandler.DeleteBlocksCommandHandler (DeleteBlocksCommandHandler.java:processCmd(261)) - Start to delete container blocks, TXIDs=[27(0),28(0),29(0),30(0),31(0),32(0),33(0),34(0),35(0),36(0),37(0),38(0),39(0),40(0),41(0),42(0),43(0),44(0),45(0),46(0),47(0),48(0),49(0),50(0),51(0),52(0),53(0),54(0),55(0),56(0)], numOfContainers=30, numOfBlocks=30
2021-08-15 14:03:34,300 [org.apache.hadoop.ozone.container.common.statemachine.commandhandler.DeleteBlocksCommandHandler$DeleteCmdWorker@7a932c03] INFO  commandhandler.DeleteBlocksCommandHandler (DeleteBlocksCommandHandler.java:processCmd(261)) - Start to delete container blocks, TXIDs=[27(0),28(0),29(0),30(0),31(0),32(0),33(0),34(0),35(0),36(0),37(0),38(0),39(0),40(0),41(0),42(0),43(0),44(0),45(0),46(0),47(0),48(0),49(0),50(0),51(0),52(0),53(0),54(0),55(0),56(0)], numOfContainers=30, numOfBlocks=30
2021-08-15 14:03:34,300 [org.apache.hadoop.ozone.container.common.statemachine.commandhandler.DeleteBlocksCommandHandler$DeleteCmdWorker@7a932c03] INFO  commandhandler.DeleteBlocksCommandHandler (DeleteBlocksCommandHandler.java:processCmd(261)) - Start to delete container blocks, TXIDs=[27(0),28(0),29(0),30(0),31(0),32(0),33(0),34(0),35(0),36(0),37(0),38(0),39(0),40(0),41(0),42(0),43(0),44(0),45(0),46(0),47(0),48(0),49(0),50(0),51(0),52(0),53(0),54(0),55(0),56(0)], numOfContainers=30, numOfBlocks=30
2021-08-15 14:03:34,301 [org.apache.hadoop.ozone.container.common.statemachine.commandhandler.DeleteBlocksCommandHandler$DeleteCmdWorker@7a932c03] INFO  commandhandler.DeleteBlocksCommandHandler (DeleteBlocksCommandHandler.java:processCmd(261)) - Start to delete container blocks, TXIDs=[27(0),28(0),29(0),30(0),31(0),32(0),33(0),34(0),35(0),36(0),37(0),38(0),39(0),40(0),41(0),42(0),43(0),44(0),45(0),46(0),47(0),48(0),49(0),50(0),51(0),52(0),53(0),54(0),55(0),56(0)], numOfContainers=30, numOfBlocks=30
2021-08-15 14:03:34,301 [org.apache.hadoop.ozone.container.common.statemachine.commandhandler.DeleteBlocksCommandHandler$DeleteCmdWorker@7a932c03] INFO  commandhandler.DeleteBlocksCommandHandler (DeleteBlocksCommandHandler.java:processCmd(261)) - Start to delete container blocks, TXIDs=[27(0),28(0),29(0),30(0),31(0),32(0),33(0),34(0),35(0),36(0),37(0),38(0),39(0),40(0),41(0),42(0),43(0),44(0),45(0),46(0),47(0),48(0),49(0),50(0),51(0),52(0),53(0),54(0),55(0),56(0)], numOfContainers=30, numOfBlocks=30
2021-08-15 14:03:34,301 [org.apache.hadoop.ozone.container.common.statemachine.commandhandler.DeleteBlocksCommandHandler$DeleteCmdWorker@7a932c03] INFO  commandhandler.DeleteBlocksCommandHandler (DeleteBlocksCommandHandler.java:processCmd(261)) - Start to delete container blocks, TXIDs=[27(0),28(0),29(0),30(0),31(0),32(0),33(0),34(0),35(0),36(0),37(0),38(0),39(0),40(0),41(0),42(0),43(0),44(0),45(0),46(0),47(0),48(0),49(0),50(0),51(0),52(0),53(0),54(0),55(0),56(0)], numOfContainers=30, numOfBlocks=30
2021-08-15 14:03:34,301 [org.apache.hadoop.ozone.container.common.statemachine.commandhandler.DeleteBlocksCommandHandler$DeleteCmdWorker@7a932c03] INFO  commandhandler.DeleteBlocksCommandHandler (DeleteBlocksCommandHandler.java:processCmd(261)) - Start to delete container blocks, TXIDs=[27(0),28(0),29(0),30(0),31(0),32(0),33(0),34(0),35(0),36(0),37(0),38(0),39(0),40(0),41(0),42(0),43(0),44(0),45(0),46(0),47(0),48(0),49(0),50(0),51(0),52(0),53(0),54(0),55(0),56(0)], numOfContainers=30, numOfBlocks=30
2021-08-15 14:03:34,301 [org.apache.hadoop.ozone.container.common.statemachine.commandhandler.DeleteBlocksCommandHandler$DeleteCmdWorker@7a932c03] INFO  commandhandler.DeleteBlocksCommandHandler (DeleteBlocksCommandHandler.java:processCmd(261)) - Start to delete container blocks, TXIDs=[27(0),28(0),29(0),30(0),31(0),32(0),33(0),34(0),35(0),36(0),37(0),38(0),39(0),40(0),41(0),42(0),43(0),44(0),45(0),46(0),47(0),48(0),49(0),50(0),51(0),52(0),53(0),54(0),55(0),56(0)], numOfContainers=30, numOfBlocks=30
2021-08-15 14:03:34,383 [SCMBlockDeletingService#0] DEBUG block.SCMBlockDeletingService (SCMBlockDeletingService.java:call(133)) - Running DeletedBlockTransactionScanner
2021-08-15 14:03:34,483 [SCMBlockDeletingService#0] DEBUG block.SCMBlockDeletingService (SCMBlockDeletingService.java:call(133)) - Running DeletedBlockTransactionScanner
2021-08-15 14:03:34,544 [EventQueue-DeleteBlockStatusForDeletedBlockLogImpl] DEBUG block.DeletedBlockLogImpl (DeletedBlockLogImpl.java:isTransactionFailed(278)) - Got block deletion ACK from datanode, TXIDs=27, success=true
2021-08-15 14:03:34,544 [EventQueue-DeleteBlockStatusForDeletedBlockLogImpl] DEBUG block.DeletedBlockLogImpl (DeletedBlockLogImpl.java:commitTransactions(224)) - Transaction txId=27 commit by dnId=c2c40a72-a699-49b1-b721-1997d9d2c71f for containerID=#27 failed. Corresponding entry not found.
2021-08-15 14:03:34,544 [EventQueue-DeleteBlockStatusForDeletedBlockLogImpl] DEBUG block.DeletedBlockLogImpl (DeletedBlockLogImpl.java:isTransactionFailed(278)) - Got block deletion ACK from datanode, TXIDs=28, success=true
2021-08-15 14:03:34,544 [EventQueue-DeleteBlockStatusForDeletedBlockLogImpl] DEBUG block.DeletedBlockLogImpl (DeletedBlockLogImpl.java:commitTransactions(224)) - Transaction txId=28 commit by dnId=c2c40a72-a699-49b1-b721-1997d9d2c71f for containerID=#28 failed. Corresponding entry not found.
2021-08-15 14:03:34,544 [EventQueue-DeleteBlockStatusForDeletedBlockLogImpl] DEBUG block.DeletedBlockLogImpl (DeletedBlockLogImpl.java:isTransactionFailed(278)) - Got block deletion ACK from datanode, TXIDs=29, success=true
2021-08-15 14:03:34,544 [EventQueue-DeleteBlockStatusForDeletedBlockLogImpl] DEBUG block.DeletedBlockLogImpl (DeletedBlockLogImpl.java:commitTransactions(224)) - Transaction txId=29 commit by dnId=c2c40a72-a699-49b1-b721-1997d9d2c71f for containerID=#29 failed. Corresponding entry not found.
2021-08-15 14:03:34,544 [EventQueue-DeleteBlockStatusForDeletedBlockLogImpl] DEBUG block.DeletedBlockLogImpl (DeletedBlockLogImpl.java:isTransactionFailed(278)) - Got block deletion ACK from datanode, TXIDs=30, success=true
2021-08-15 14:03:34,544 [EventQueue-DeleteBlockStatusForDeletedBlockLogImpl] DEBUG block.DeletedBlockLogImpl (DeletedBlockLogImpl.java:commitTransactions(224)) - Transaction txId=30 commit by dnId=c2c40a72-a699-49b1-b721-1997d9d2c71f for containerID=#30 failed. Corresponding entry not found.
2021-08-15 14:03:34,544 [EventQueue-DeleteBlockStatusForDeletedBlockLogImpl] DEBUG block.DeletedBlockLogImpl (DeletedBlockLogImpl.java:isTransactionFailed(278)) - Got block deletion ACK from datanode, TXIDs=31, success=true
2021-08-15 14:03:34,544 [EventQueue-DeleteBlockStatusForDeletedBlockLogImpl] DEBUG block.DeletedBlockLogImpl (DeletedBlockLogImpl.java:commitTransactions(224)) - Transaction txId=31 commit by dnId=c2c40a72-a699-49b1-b721-1997d9d2c71f for containerID=#31 failed. Corresponding entry not found.
2021-08-15 14:03:34,544 [EventQueue-DeleteBlockStatusForDeletedBlockLogImpl] DEBUG block.DeletedBlockLogImpl (DeletedBlockLogImpl.java:isTransactionFailed(278)) - Got block deletion ACK from datanode, TXIDs=32, success=true
2021-08-15 14:03:34,544 [EventQueue-DeleteBlockStatusForDeletedBlockLogImpl] DEBUG block.DeletedBlockLogImpl (DeletedBlockLogImpl.java:commitTransactions(224)) - Transaction txId=32 commit by dnId=c2c40a72-a699-49b1-b721-1997d9d2c71f for containerID=#32 failed. Corresponding entry not found.
2021-08-15 14:03:34,544 [EventQueue-DeleteBlockStatusForDeletedBlockLogImpl] DEBUG block.DeletedBlockLogImpl (DeletedBlockLogImpl.java:isTransactionFailed(278)) - Got block deletion ACK from datanode, TXIDs=33, success=true
2021-08-15 14:03:34,544 [EventQueue-DeleteBlockStatusForDeletedBlockLogImpl] DEBUG block.DeletedBlockLogImpl (DeletedBlockLogImpl.java:commitTransactions(224)) - Transaction txId=33 commit by dnId=c2c40a72-a699-49b1-b721-1997d9d2c71f for containerID=#33 failed. Corresponding entry not found.
2021-08-15 14:03:34,544 [EventQueue-DeleteBlockStatusForDeletedBlockLogImpl] DEBUG block.DeletedBlockLogImpl (DeletedBlockLogImpl.java:isTransactionFailed(278)) - Got block deletion ACK from datanode, TXIDs=34, success=true
2021-08-15 14:03:34,544 [EventQueue-DeleteBlockStatusForDeletedBlockLogImpl] DEBUG block.DeletedBlockLogImpl (DeletedBlockLogImpl.java:commitTransactions(224)) - Transaction txId=34 commit by dnId=c2c40a72-a699-49b1-b721-1997d9d2c71f for containerID=#34 failed. Corresponding entry not found.
2021-08-15 14:03:34,544 [EventQueue-DeleteBlockStatusForDeletedBlockLogImpl] DEBUG block.DeletedBlockLogImpl (DeletedBlockLogImpl.java:isTransactionFailed(278)) - Got block deletion ACK from datanode, TXIDs=35, success=true
2021-08-15 14:03:34,544 [EventQueue-DeleteBlockStatusForDeletedBlockLogImpl] DEBUG block.DeletedBlockLogImpl (DeletedBlockLogImpl.java:commitTransactions(224)) - Transaction txId=35 commit by dnId=c2c40a72-a699-49b1-b721-1997d9d2c71f for containerID=#35 failed. Corresponding entry not found.
2021-08-15 14:03:34,544 [EventQueue-DeleteBlockStatusForDeletedBlockLogImpl] DEBUG block.DeletedBlockLogImpl (DeletedBlockLogImpl.java:isTransactionFailed(278)) - Got block deletion ACK from datanode, TXIDs=36, success=true
2021-08-15 14:03:34,544 [EventQueue-DeleteBlockStatusForDeletedBlockLogImpl] DEBUG block.DeletedBlockLogImpl (DeletedBlockLogImpl.java:commitTransactions(224)) - Transaction txId=36 commit by dnId=c2c40a72-a699-49b1-b721-1997d9d2c71f for containerID=#36 failed. Corresponding entry not found.
2021-08-15 14:03:34,544 [EventQueue-DeleteBlockStatusForDeletedBlockLogImpl] DEBUG block.DeletedBlockLogImpl (DeletedBlockLogImpl.java:isTransactionFailed(278)) - Got block deletion ACK from datanode, TXIDs=37, success=true
2021-08-15 14:03:34,544 [EventQueue-DeleteBlockStatusForDeletedBlockLogImpl] DEBUG block.DeletedBlockLogImpl (DeletedBlockLogImpl.java:commitTransactions(224)) - Transaction txId=37 commit by dnId=c2c40a72-a699-49b1-b721-1997d9d2c71f for containerID=#37 failed. Corresponding entry not found.
2021-08-15 14:03:34,544 [EventQueue-DeleteBlockStatusForDeletedBlockLogImpl] DEBUG block.DeletedBlockLogImpl (DeletedBlockLogImpl.java:isTransactionFailed(278)) - Got block deletion ACK from datanode, TXIDs=38, success=true
2021-08-15 14:03:34,544 [EventQueue-DeleteBlockStatusForDeletedBlockLogImpl] DEBUG block.DeletedBlockLogImpl (DeletedBlockLogImpl.java:commitTransactions(224)) - Transaction txId=38 commit by dnId=c2c40a72-a699-49b1-b721-1997d9d2c71f for containerID=#38 failed. Corresponding entry not found.
2021-08-15 14:03:34,544 [EventQueue-DeleteBlockStatusForDeletedBlockLogImpl] DEBUG block.DeletedBlockLogImpl (DeletedBlockLogImpl.java:isTransactionFailed(278)) - Got block deletion ACK from datanode, TXIDs=39, success=true
2021-08-15 14:03:34,544 [EventQueue-DeleteBlockStatusForDeletedBlockLogImpl] DEBUG block.DeletedBlockLogImpl (DeletedBlockLogImpl.java:commitTransactions(224)) - Transaction txId=39 commit by dnId=c2c40a72-a699-49b1-b721-1997d9d2c71f for containerID=#39 failed. Corresponding entry not found.
2021-08-15 14:03:34,544 [EventQueue-DeleteBlockStatusForDeletedBlockLogImpl] DEBUG block.DeletedBlockLogImpl (DeletedBlockLogImpl.java:isTransactionFailed(278)) - Got block deletion ACK from datanode, TXIDs=40, success=true
2021-08-15 14:03:34,544 [EventQueue-DeleteBlockStatusForDeletedBlockLogImpl] DEBUG block.DeletedBlockLogImpl (DeletedBlockLogImpl.java:commitTransactions(224)) - Transaction txId=40 commit by dnId=c2c40a72-a699-49b1-b721-1997d9d2c71f for containerID=#40 failed. Corresponding entry not found.
2021-08-15 14:03:34,544 [EventQueue-DeleteBlockStatusForDeletedBlockLogImpl] DEBUG block.DeletedBlockLogImpl (DeletedBlockLogImpl.java:isTransactionFailed(278)) - Got block deletion ACK from datanode, TXIDs=41, success=true
2021-08-15 14:03:34,544 [EventQueue-DeleteBlockStatusForDeletedBlockLogImpl] DEBUG block.DeletedBlockLogImpl (DeletedBlockLogImpl.java:commitTransactions(224)) - Transaction txId=41 commit by dnId=c2c40a72-a699-49b1-b721-1997d9d2c71f for containerID=#41 failed. Corresponding entry not found.
2021-08-15 14:03:34,544 [EventQueue-DeleteBlockStatusForDeletedBlockLogImpl] DEBUG block.DeletedBlockLogImpl (DeletedBlockLogImpl.java:isTransactionFailed(278)) - Got block deletion ACK from datanode, TXIDs=42, success=true
2021-08-15 14:03:34,544 [EventQueue-DeleteBlockStatusForDeletedBlockLogImpl] DEBUG block.DeletedBlockLogImpl (DeletedBlockLogImpl.java:commitTransactions(224)) - Transaction txId=42 commit by dnId=c2c40a72-a699-49b1-b721-1997d9d2c71f for containerID=#42 failed. Corresponding entry not found.
2021-08-15 14:03:34,544 [EventQueue-DeleteBlockStatusForDeletedBlockLogImpl] DEBUG block.DeletedBlockLogImpl (DeletedBlockLogImpl.java:isTransactionFailed(278)) - Got block deletion ACK from datanode, TXIDs=43, success=true
2021-08-15 14:03:34,544 [EventQueue-DeleteBlockStatusForDeletedBlockLogImpl] DEBUG block.DeletedBlockLogImpl (DeletedBlockLogImpl.java:commitTransactions(224)) - Transaction txId=43 commit by dnId=c2c40a72-a699-49b1-b721-1997d9d2c71f for containerID=#43 failed. Corresponding entry not found.
2021-08-15 14:03:34,544 [EventQueue-DeleteBlockStatusForDeletedBlockLogImpl] DEBUG block.DeletedBlockLogImpl (DeletedBlockLogImpl.java:isTransactionFailed(278)) - Got block deletion ACK from datanode, TXIDs=44, success=true
2021-08-15 14:03:34,544 [EventQueue-DeleteBlockStatusForDeletedBlockLogImpl] DEBUG block.DeletedBlockLogImpl (DeletedBlockLogImpl.java:commitTransactions(224)) - Transaction txId=44 commit by dnId=c2c40a72-a699-49b1-b721-1997d9d2c71f for containerID=#44 failed. Corresponding entry not found.
2021-08-15 14:03:34,544 [EventQueue-DeleteBlockStatusForDeletedBlockLogImpl] DEBUG block.DeletedBlockLogImpl (DeletedBlockLogImpl.java:isTransactionFailed(278)) - Got block deletion ACK from datanode, TXIDs=45, success=true
2021-08-15 14:03:34,544 [EventQueue-DeleteBlockStatusForDeletedBlockLogImpl] DEBUG block.DeletedBlockLogImpl (DeletedBlockLogImpl.java:commitTransactions(224)) - Transaction txId=45 commit by dnId=c2c40a72-a699-49b1-b721-1997d9d2c71f for containerID=#45 failed. Corresponding entry not found.
2021-08-15 14:03:34,544 [EventQueue-DeleteBlockStatusForDeletedBlockLogImpl] DEBUG block.DeletedBlockLogImpl (DeletedBlockLogImpl.java:isTransactionFailed(278)) - Got block deletion ACK from datanode, TXIDs=46, success=true
2021-08-15 14:03:34,544 [EventQueue-DeleteBlockStatusForDeletedBlockLogImpl] DEBUG block.DeletedBlockLogImpl (DeletedBlockLogImpl.java:commitTransactions(224)) - Transaction txId=46 commit by dnId=c2c40a72-a699-49b1-b721-1997d9d2c71f for containerID=#46 failed. Corresponding entry not found.
2021-08-15 14:03:34,544 [EventQueue-DeleteBlockStatusForDeletedBlockLogImpl] DEBUG block.DeletedBlockLogImpl (DeletedBlockLogImpl.java:isTransactionFailed(278)) - Got block deletion ACK from datanode, TXIDs=47, success=true
2021-08-15 14:03:34,544 [EventQueue-DeleteBlockStatusForDeletedBlockLogImpl] DEBUG block.DeletedBlockLogImpl (DeletedBlockLogImpl.java:commitTransactions(224)) - Transaction txId=47 commit by dnId=c2c40a72-a699-49b1-b721-1997d9d2c71f for containerID=#47 failed. Corresponding entry not found.
2021-08-15 14:03:34,545 [EventQueue-DeleteBlockStatusForDeletedBlockLogImpl] DEBUG block.DeletedBlockLogImpl (DeletedBlockLogImpl.java:isTransactionFailed(278)) - Got block deletion ACK from datanode, TXIDs=48, success=true
2021-08-15 14:03:34,545 [EventQueue-DeleteBlockStatusForDeletedBlockLogImpl] DEBUG block.DeletedBlockLogImpl (DeletedBlockLogImpl.java:commitTransactions(224)) - Transaction txId=48 commit by dnId=c2c40a72-a699-49b1-b721-1997d9d2c71f for containerID=#48 failed. Corresponding entry not found.
2021-08-15 14:03:34,545 [EventQueue-DeleteBlockStatusForDeletedBlockLogImpl] DEBUG block.DeletedBlockLogImpl (DeletedBlockLogImpl.java:isTransactionFailed(278)) - Got block deletion ACK from datanode, TXIDs=49, success=true
2021-08-15 14:03:34,545 [EventQueue-DeleteBlockStatusForDeletedBlockLogImpl] DEBUG block.DeletedBlockLogImpl (DeletedBlockLogImpl.java:commitTransactions(224)) - Transaction txId=49 commit by dnId=c2c40a72-a699-49b1-b721-1997d9d2c71f for containerID=#49 failed. Corresponding entry not found.
2021-08-15 14:03:34,545 [EventQueue-DeleteBlockStatusForDeletedBlockLogImpl] DEBUG block.DeletedBlockLogImpl (DeletedBlockLogImpl.java:isTransactionFailed(278)) - Got block deletion ACK from datanode, TXIDs=50, success=true
2021-08-15 14:03:34,545 [EventQueue-DeleteBlockStatusForDeletedBlockLogImpl] DEBUG block.DeletedBlockLogImpl (DeletedBlockLogImpl.java:commitTransactions(224)) - Transaction txId=50 commit by dnId=c2c40a72-a699-49b1-b721-1997d9d2c71f for containerID=#50 failed. Corresponding entry not found.
2021-08-15 14:03:34,545 [EventQueue-DeleteBlockStatusForDeletedBlockLogImpl] DEBUG block.DeletedBlockLogImpl (DeletedBlockLogImpl.java:isTransactionFailed(278)) - Got block deletion ACK from datanode, TXIDs=51, success=true
2021-08-15 14:03:34,545 [EventQueue-DeleteBlockStatusForDeletedBlockLogImpl] DEBUG block.DeletedBlockLogImpl (DeletedBlockLogImpl.java:commitTransactions(224)) - Transaction txId=51 commit by dnId=c2c40a72-a699-49b1-b721-1997d9d2c71f for containerID=#51 failed. Corresponding entry not found.
2021-08-15 14:03:34,545 [EventQueue-DeleteBlockStatusForDeletedBlockLogImpl] DEBUG block.DeletedBlockLogImpl (DeletedBlockLogImpl.java:isTransactionFailed(278)) - Got block deletion ACK from datanode, TXIDs=52, success=true
2021-08-15 14:03:34,545 [EventQueue-DeleteBlockStatusForDeletedBlockLogImpl] DEBUG block.DeletedBlockLogImpl (DeletedBlockLogImpl.java:commitTransactions(224)) - Transaction txId=52 commit by dnId=c2c40a72-a699-49b1-b721-1997d9d2c71f for containerID=#52 failed. Corresponding entry not found.
2021-08-15 14:03:34,545 [EventQueue-DeleteBlockStatusForDeletedBlockLogImpl] DEBUG block.DeletedBlockLogImpl (DeletedBlockLogImpl.java:isTransactionFailed(278)) - Got block deletion ACK from datanode, TXIDs=53, success=true
2021-08-15 14:03:34,545 [EventQueue-DeleteBlockStatusForDeletedBlockLogImpl] DEBUG block.DeletedBlockLogImpl (DeletedBlockLogImpl.java:commitTransactions(224)) - Transaction txId=53 commit by dnId=c2c40a72-a699-49b1-b721-1997d9d2c71f for containerID=#53 failed. Corresponding entry not found.
2021-08-15 14:03:34,545 [EventQueue-DeleteBlockStatusForDeletedBlockLogImpl] DEBUG block.DeletedBlockLogImpl (DeletedBlockLogImpl.java:isTransactionFailed(278)) - Got block deletion ACK from datanode, TXIDs=54, success=true
2021-08-15 14:03:34,545 [EventQueue-DeleteBlockStatusForDeletedBlockLogImpl] DEBUG block.DeletedBlockLogImpl (DeletedBlockLogImpl.java:commitTransactions(224)) - Transaction txId=54 commit by dnId=c2c40a72-a699-49b1-b721-1997d9d2c71f for containerID=#54 failed. Corresponding entry not found.
2021-08-15 14:03:34,545 [EventQueue-DeleteBlockStatusForDeletedBlockLogImpl] DEBUG block.DeletedBlockLogImpl (DeletedBlockLogImpl.java:isTransactionFailed(278)) - Got block deletion ACK from datanode, TXIDs=55, success=true
2021-08-15 14:03:34,545 [EventQueue-DeleteBlockStatusForDeletedBlockLogImpl] DEBUG block.DeletedBlockLogImpl (DeletedBlockLogImpl.java:commitTransactions(224)) - Transaction txId=55 commit by dnId=c2c40a72-a699-49b1-b721-1997d9d2c71f for containerID=#55 failed. Corresponding entry not found.
2021-08-15 14:03:34,545 [EventQueue-DeleteBlockStatusForDeletedBlockLogImpl] DEBUG block.DeletedBlockLogImpl (DeletedBlockLogImpl.java:isTransactionFailed(278)) - Got block deletion ACK from datanode, TXIDs=56, success=true
2021-08-15 14:03:34,545 [EventQueue-DeleteBlockStatusForDeletedBlockLogImpl] DEBUG block.DeletedBlockLogImpl (DeletedBlockLogImpl.java:commitTransactions(224)) - Transaction txId=56 commit by dnId=c2c40a72-a699-49b1-b721-1997d9d2c71f for containerID=#56 failed. Corresponding entry not found.
2021-08-15 14:03:34,545 [EventQueue-DeleteBlockStatusForDeletedBlockLogImpl] DEBUG block.DeletedBlockLogImpl (DeletedBlockLogImpl.java:isTransactionFailed(278)) - Got block deletion ACK from datanode, TXIDs=27, success=true
2021-08-15 14:03:34,545 [EventQueue-DeleteBlockStatusForDeletedBlockLogImpl] DEBUG block.DeletedBlockLogImpl (DeletedBlockLogImpl.java:commitTransactions(224)) - Transaction txId=27 commit by dnId=c2c40a72-a699-49b1-b721-1997d9d2c71f for containerID=#27 failed. Corresponding entry not found.
2021-08-15 14:03:34,545 [EventQueue-DeleteBlockStatusForDeletedBlockLogImpl] DEBUG block.DeletedBlockLogImpl (DeletedBlockLogImpl.java:isTransactionFailed(278)) - Got block deletion ACK from datanode, TXIDs=28, success=true
2021-08-15 14:03:34,545 [EventQueue-DeleteBlockStatusForDeletedBlockLogImpl] DEBUG block.DeletedBlockLogImpl (DeletedBlockLogImpl.java:commitTransactions(224)) - Transaction txId=28 commit by dnId=c2c40a72-a699-49b1-b721-1997d9d2c71f for containerID=#28 failed. Corresponding entry not found.
2021-08-15 14:03:34,545 [EventQueue-DeleteBlockStatusForDeletedBlockLogImpl] DEBUG block.DeletedBlockLogImpl (DeletedBlockLogImpl.java:isTransactionFailed(278)) - Got block deletion ACK from datanode, TXIDs=29, success=true
2021-08-15 14:03:34,545 [EventQueue-DeleteBlockStatusForDeletedBlockLogImpl] DEBUG block.DeletedBlockLogImpl (DeletedBlockLogImpl.java:commitTransactions(224)) - Transaction txId=29 commit by dnId=c2c40a72-a699-49b1-b721-1997d9d2c71f for containerID=#29 failed. Corresponding entry not found.
2021-08-15 14:03:34,545 [EventQueue-DeleteBlockStatusForDeletedBlockLogImpl] DEBUG block.DeletedBlockLogImpl (DeletedBlockLogImpl.java:isTransactionFailed(278)) - Got block deletion ACK from datanode, TXIDs=30, success=true
2021-08-15 14:03:34,545 [EventQueue-DeleteBlockStatusForDeletedBlockLogImpl] DEBUG block.DeletedBlockLogImpl (DeletedBlockLogImpl.java:commitTransactions(224)) - Transaction txId=30 commit by dnId=c2c40a72-a699-49b1-b721-1997d9d2c71f for containerID=#30 failed. Corresponding entry not found.
2021-08-15 14:03:34,545 [EventQueue-DeleteBlockStatusForDeletedBlockLogImpl] DEBUG block.DeletedBlockLogImpl (DeletedBlockLogImpl.java:isTransactionFailed(278)) - Got block deletion ACK from datanode, TXIDs=31, success=true
2021-08-15 14:03:34,545 [EventQueue-DeleteBlockStatusForDeletedBlockLogImpl] DEBUG block.DeletedBlockLogImpl (DeletedBlockLogImpl.java:commitTransactions(224)) - Transaction txId=31 commit by dnId=c2c40a72-a699-49b1-b721-1997d9d2c71f for containerID=#31 failed. Corresponding entry not found.
2021-08-15 14:03:34,545 [EventQueue-DeleteBlockStatusForDeletedBlockLogImpl] DEBUG block.DeletedBlockLogImpl (DeletedBlockLogImpl.java:isTransactionFailed(278)) - Got block deletion ACK from datanode, TXIDs=32, success=true
2021-08-15 14:03:34,545 [EventQueue-DeleteBlockStatusForDeletedBlockLogImpl] DEBUG block.DeletedBlockLogImpl (DeletedBlockLogImpl.java:commitTransactions(224)) - Transaction txId=32 commit by dnId=c2c40a72-a699-49b1-b721-1997d9d2c71f for containerID=#32 failed. Corresponding entry not found.
2021-08-15 14:03:34,545 [EventQueue-DeleteBlockStatusForDeletedBlockLogImpl] DEBUG block.DeletedBlockLogImpl (DeletedBlockLogImpl.java:isTransactionFailed(278)) - Got block deletion ACK from datanode, TXIDs=33, success=true
2021-08-15 14:03:34,545 [EventQueue-DeleteBlockStatusForDeletedBlockLogImpl] DEBUG block.DeletedBlockLogImpl (DeletedBlockLogImpl.java:commitTransactions(224)) - Transaction txId=33 commit by dnId=c2c40a72-a699-49b1-b721-1997d9d2c71f for containerID=#33 failed. Corresponding entry not found.
2021-08-15 14:03:34,545 [EventQueue-DeleteBlockStatusForDeletedBlockLogImpl] DEBUG block.DeletedBlockLogImpl (DeletedBlockLogImpl.java:isTransactionFailed(278)) - Got block deletion ACK from datanode, TXIDs=34, success=true
2021-08-15 14:03:34,545 [EventQueue-DeleteBlockStatusForDeletedBlockLogImpl] DEBUG block.DeletedBlockLogImpl (DeletedBlockLogImpl.java:commitTransactions(224)) - Transaction txId=34 commit by dnId=c2c40a72-a699-49b1-b721-1997d9d2c71f for containerID=#34 failed. Corresponding entry not found.
2021-08-15 14:03:34,545 [EventQueue-DeleteBlockStatusForDeletedBlockLogImpl] DEBUG block.DeletedBlockLogImpl (DeletedBlockLogImpl.java:isTransactionFailed(278)) - Got block deletion ACK from datanode, TXIDs=35, success=true
2021-08-15 14:03:34,545 [EventQueue-DeleteBlockStatusForDeletedBlockLogImpl] DEBUG block.DeletedBlockLogImpl (DeletedBlockLogImpl.java:commitTransactions(224)) - Transaction txId=35 commit by dnId=c2c40a72-a699-49b1-b721-1997d9d2c71f for containerID=#35 failed. Corresponding entry not found.
2021-08-15 14:03:34,545 [EventQueue-DeleteBlockStatusForDeletedBlockLogImpl] DEBUG block.DeletedBlockLogImpl (DeletedBlockLogImpl.java:isTransactionFailed(278)) - Got block deletion ACK from datanode, TXIDs=36, success=true
2021-08-15 14:03:34,545 [EventQueue-DeleteBlockStatusForDeletedBlockLogImpl] DEBUG block.DeletedBlockLogImpl (DeletedBlockLogImpl.java:commitTransactions(224)) - Transaction txId=36 commit by dnId=c2c40a72-a699-49b1-b721-1997d9d2c71f for containerID=#36 failed. Corresponding entry not found.
2021-08-15 14:03:34,545 [EventQueue-DeleteBlockStatusForDeletedBlockLogImpl] DEBUG block.DeletedBlockLogImpl (DeletedBlockLogImpl.java:isTransactionFailed(278)) - Got block deletion ACK from datanode, TXIDs=37, success=true
2021-08-15 14:03:34,545 [EventQueue-DeleteBlockStatusForDeletedBlockLogImpl] DEBUG block.DeletedBlockLogImpl (DeletedBlockLogImpl.java:commitTransactions(224)) - Transaction txId=37 commit by dnId=c2c40a72-a699-49b1-b721-1997d9d2c71f for containerID=#37 failed. Corresponding entry not found.
2021-08-15 14:03:34,545 [EventQueue-DeleteBlockStatusForDeletedBlockLogImpl] DEBUG block.DeletedBlockLogImpl (DeletedBlockLogImpl.java:isTransactionFailed(278)) - Got block deletion ACK from datanode, TXIDs=38, success=true
2021-08-15 14:03:34,545 [EventQueue-DeleteBlockStatusForDeletedBlockLogImpl] DEBUG block.DeletedBlockLogImpl (DeletedBlockLogImpl.java:commitTransactions(224)) - Transaction txId=38 commit by dnId=c2c40a72-a699-49b1-b721-1997d9d2c71f for containerID=#38 failed. Corresponding entry not found.
2021-08-15 14:03:34,545 [EventQueue-DeleteBlockStatusForDeletedBlockLogImpl] DEBUG block.DeletedBlockLogImpl (DeletedBlockLogImpl.java:isTransactionFailed(278)) - Got block deletion ACK from datanode, TXIDs=39, success=true
2021-08-15 14:03:34,545 [EventQueue-DeleteBlockStatusForDeletedBlockLogImpl] DEBUG block.DeletedBlockLogImpl (DeletedBlockLogImpl.java:commitTransactions(224)) - Transaction txId=39 commit by dnId=c2c40a72-a699-49b1-b721-1997d9d2c71f for containerID=#39 failed. Corresponding entry not found.
2021-08-15 14:03:34,545 [EventQueue-DeleteBlockStatusForDeletedBlockLogImpl] DEBUG block.DeletedBlockLogImpl (DeletedBlockLogImpl.java:isTransactionFailed(278)) - Got block deletion ACK from datanode, TXIDs=40, success=true
2021-08-15 14:03:34,545 [EventQueue-DeleteBlockStatusForDeletedBlockLogImpl] DEBUG block.DeletedBlockLogImpl (DeletedBlockLogImpl.java:commitTransactions(224)) - Transaction txId=40 commit by dnId=c2c40a72-a699-49b1-b721-1997d9d2c71f for containerID=#40 failed. Corresponding entry not found.
2021-08-15 14:03:34,545 [EventQueue-DeleteBlockStatusForDeletedBlockLogImpl] DEBUG block.DeletedBlockLogImpl (DeletedBlockLogImpl.java:isTransactionFailed(278)) - Got block deletion ACK from datanode, TXIDs=41, success=true
2021-08-15 14:03:34,545 [EventQueue-DeleteBlockStatusForDeletedBlockLogImpl] DEBUG block.DeletedBlockLogImpl (DeletedBlockLogImpl.java:commitTransactions(224)) - Transaction txId=41 commit by dnId=c2c40a72-a699-49b1-b721-1997d9d2c71f for containerID=#41 failed. Corresponding entry not found.
2021-08-15 14:03:34,545 [EventQueue-DeleteBlockStatusForDeletedBlockLogImpl] DEBUG block.DeletedBlockLogImpl (DeletedBlockLogImpl.java:isTransactionFailed(278)) - Got block deletion ACK from datanode, TXIDs=42, success=true
2021-08-15 14:03:34,545 [EventQueue-DeleteBlockStatusForDeletedBlockLogImpl] DEBUG block.DeletedBlockLogImpl (DeletedBlockLogImpl.java:commitTransactions(224)) - Transaction txId=42 commit by dnId=c2c40a72-a699-49b1-b721-1997d9d2c71f for containerID=#42 failed. Corresponding entry not found.
2021-08-15 14:03:34,545 [EventQueue-DeleteBlockStatusForDeletedBlockLogImpl] DEBUG block.DeletedBlockLogImpl (DeletedBlockLogImpl.java:isTransactionFailed(278)) - Got block deletion ACK from datanode, TXIDs=43, success=true
2021-08-15 14:03:34,545 [EventQueue-DeleteBlockStatusForDeletedBlockLogImpl] DEBUG block.DeletedBlockLogImpl (DeletedBlockLogImpl.java:commitTransactions(224)) - Transaction txId=43 commit by dnId=c2c40a72-a699-49b1-b721-1997d9d2c71f for containerID=#43 failed. Corresponding entry not found.
2021-08-15 14:03:34,546 [EventQueue-DeleteBlockStatusForDeletedBlockLogImpl] DEBUG block.DeletedBlockLogImpl (DeletedBlockLogImpl.java:isTransactionFailed(278)) - Got block deletion ACK from datanode, TXIDs=44, success=true
2021-08-15 14:03:34,546 [EventQueue-DeleteBlockStatusForDeletedBlockLogImpl] DEBUG block.DeletedBlockLogImpl (DeletedBlockLogImpl.java:commitTransactions(224)) - Transaction txId=44 commit by dnId=c2c40a72-a699-49b1-b721-1997d9d2c71f for containerID=#44 failed. Corresponding entry not found.
2021-08-15 14:03:34,546 [EventQueue-DeleteBlockStatusForDeletedBlockLogImpl] DEBUG block.DeletedBlockLogImpl (DeletedBlockLogImpl.java:isTransactionFailed(278)) - Got block deletion ACK from datanode, TXIDs=45, success=true
2021-08-15 14:03:34,546 [EventQueue-DeleteBlockStatusForDeletedBlockLogImpl] DEBUG block.DeletedBlockLogImpl (DeletedBlockLogImpl.java:commitTransactions(224)) - Transaction txId=45 commit by dnId=c2c40a72-a699-49b1-b721-1997d9d2c71f for containerID=#45 failed. Corresponding entry not found.
2021-08-15 14:03:34,546 [EventQueue-DeleteBlockStatusForDeletedBlockLogImpl] DEBUG block.DeletedBlockLogImpl (DeletedBlockLogImpl.java:isTransactionFailed(278)) - Got block deletion ACK from datanode, TXIDs=46, success=true
2021-08-15 14:03:34,546 [EventQueue-DeleteBlockStatusForDeletedBlockLogImpl] DEBUG block.DeletedBlockLogImpl (DeletedBlockLogImpl.java:commitTransactions(224)) - Transaction txId=46 commit by dnId=c2c40a72-a699-49b1-b721-1997d9d2c71f for containerID=#46 failed. Corresponding entry not found.
2021-08-15 14:03:34,546 [EventQueue-DeleteBlockStatusForDeletedBlockLogImpl] DEBUG block.DeletedBlockLogImpl (DeletedBlockLogImpl.java:isTransactionFailed(278)) - Got block deletion ACK from datanode, TXIDs=47, success=true
2021-08-15 14:03:34,546 [EventQueue-DeleteBlockStatusForDeletedBlockLogImpl] DEBUG block.DeletedBlockLogImpl (DeletedBlockLogImpl.java:commitTransactions(224)) - Transaction txId=47 commit by dnId=c2c40a72-a699-49b1-b721-1997d9d2c71f for containerID=#47 failed. Corresponding entry not found.
2021-08-15 14:03:34,546 [EventQueue-DeleteBlockStatusForDeletedBlockLogImpl] DEBUG block.DeletedBlockLogImpl (DeletedBlockLogImpl.java:isTransactionFailed(278)) - Got block deletion ACK from datanode, TXIDs=48, success=true
2021-08-15 14:03:34,546 [EventQueue-DeleteBlockStatusForDeletedBlockLogImpl] DEBUG block.DeletedBlockLogImpl (DeletedBlockLogImpl.java:commitTransactions(224)) - Transaction txId=48 commit by dnId=c2c40a72-a699-49b1-b721-1997d9d2c71f for containerID=#48 failed. Corresponding entry not found.
2021-08-15 14:03:34,546 [EventQueue-DeleteBlockStatusForDeletedBlockLogImpl] DEBUG block.DeletedBlockLogImpl (DeletedBlockLogImpl.java:isTransactionFailed(278)) - Got block deletion ACK from datanode, TXIDs=49, success=true
2021-08-15 14:03:34,546 [EventQueue-DeleteBlockStatusForDeletedBlockLogImpl] DEBUG block.DeletedBlockLogImpl (DeletedBlockLogImpl.java:commitTransactions(224)) - Transaction txId=49 commit by dnId=c2c40a72-a699-49b1-b721-1997d9d2c71f for containerID=#49 failed. Corresponding entry not found.
2021-08-15 14:03:34,546 [EventQueue-DeleteBlockStatusForDeletedBlockLogImpl] DEBUG block.DeletedBlockLogImpl (DeletedBlockLogImpl.java:isTransactionFailed(278)) - Got block deletion ACK from datanode, TXIDs=50, success=true
2021-08-15 14:03:34,546 [EventQueue-DeleteBlockStatusForDeletedBlockLogImpl] DEBUG block.DeletedBlockLogImpl (DeletedBlockLogImpl.java:commitTransactions(224)) - Transaction txId=50 commit by dnId=c2c40a72-a699-49b1-b721-1997d9d2c71f for containerID=#50 failed. Corresponding entry not found.
2021-08-15 14:03:34,546 [EventQueue-DeleteBlockStatusForDeletedBlockLogImpl] DEBUG block.DeletedBlockLogImpl (DeletedBlockLogImpl.java:isTransactionFailed(278)) - Got block deletion ACK from datanode, TXIDs=51, success=true
2021-08-15 14:03:34,546 [EventQueue-DeleteBlockStatusForDeletedBlockLogImpl] DEBUG block.DeletedBlockLogImpl (DeletedBlockLogImpl.java:commitTransactions(224)) - Transaction txId=51 commit by dnId=c2c40a72-a699-49b1-b721-1997d9d2c71f for containerID=#51 failed. Corresponding entry not found.
2021-08-15 14:03:34,546 [EventQueue-DeleteBlockStatusForDeletedBlockLogImpl] DEBUG block.DeletedBlockLogImpl (DeletedBlockLogImpl.java:isTransactionFailed(278)) - Got block deletion ACK from datanode, TXIDs=52, success=true
2021-08-15 14:03:34,546 [EventQueue-DeleteBlockStatusForDeletedBlockLogImpl] DEBUG block.DeletedBlockLogImpl (DeletedBlockLogImpl.java:commitTransactions(224)) - Transaction txId=52 commit by dnId=c2c40a72-a699-49b1-b721-1997d9d2c71f for containerID=#52 failed. Corresponding entry not found.
2021-08-15 14:03:34,546 [EventQueue-DeleteBlockStatusForDeletedBlockLogImpl] DEBUG block.DeletedBlockLogImpl (DeletedBlockLogImpl.java:isTransactionFailed(278)) - Got block deletion ACK from datanode, TXIDs=53, success=true
2021-08-15 14:03:34,546 [EventQueue-DeleteBlockStatusForDeletedBlockLogImpl] DEBUG block.DeletedBlockLogImpl (DeletedBlockLogImpl.java:commitTransactions(224)) - Transaction txId=53 commit by dnId=c2c40a72-a699-49b1-b721-1997d9d2c71f for containerID=#53 failed. Corresponding entry not found.
2021-08-15 14:03:34,546 [EventQueue-DeleteBlockStatusForDeletedBlockLogImpl] DEBUG block.DeletedBlockLogImpl (DeletedBlockLogImpl.java:isTransactionFailed(278)) - Got block deletion ACK from datanode, TXIDs=54, success=true
2021-08-15 14:03:34,546 [EventQueue-DeleteBlockStatusForDeletedBlockLogImpl] DEBUG block.DeletedBlockLogImpl (DeletedBlockLogImpl.java:commitTransactions(224)) - Transaction txId=54 commit by dnId=c2c40a72-a699-49b1-b721-1997d9d2c71f for containerID=#54 failed. Corresponding entry not found.
2021-08-15 14:03:34,546 [EventQueue-DeleteBlockStatusForDeletedBlockLogImpl] DEBUG block.DeletedBlockLogImpl (DeletedBlockLogImpl.java:isTransactionFailed(278)) - Got block deletion ACK from datanode, TXIDs=55, success=true
2021-08-15 14:03:34,546 [EventQueue-DeleteBlockStatusForDeletedBlockLogImpl] DEBUG block.DeletedBlockLogImpl (DeletedBlockLogImpl.java:commitTransactions(224)) - Transaction txId=55 commit by dnId=c2c40a72-a699-49b1-b721-1997d9d2c71f for containerID=#55 failed. Corresponding entry not found.
2021-08-15 14:03:34,546 [EventQueue-DeleteBlockStatusForDeletedBlockLogImpl] DEBUG block.DeletedBlockLogImpl (DeletedBlockLogImpl.java:isTransactionFailed(278)) - Got block deletion ACK from datanode, TXIDs=56, success=true
2021-08-15 14:03:34,546 [EventQueue-DeleteBlockStatusForDeletedBlockLogImpl] DEBUG block.DeletedBlockLogImpl (DeletedBlockLogImpl.java:commitTransactions(224)) - Transaction txId=56 commit by dnId=c2c40a72-a699-49b1-b721-1997d9d2c71f for containerID=#56 failed. Corresponding entry not found.
2021-08-15 14:03:34,546 [EventQueue-DeleteBlockStatusForDeletedBlockLogImpl] DEBUG block.DeletedBlockLogImpl (DeletedBlockLogImpl.java:isTransactionFailed(278)) - Got block deletion ACK from datanode, TXIDs=27, success=true
2021-08-15 14:03:34,546 [EventQueue-DeleteBlockStatusForDeletedBlockLogImpl] DEBUG block.DeletedBlockLogImpl (DeletedBlockLogImpl.java:commitTransactions(224)) - Transaction txId=27 commit by dnId=c2c40a72-a699-49b1-b721-1997d9d2c71f for containerID=#27 failed. Corresponding entry not found.
2021-08-15 14:03:34,546 [EventQueue-DeleteBlockStatusForDeletedBlockLogImpl] DEBUG block.DeletedBlockLogImpl (DeletedBlockLogImpl.java:isTransactionFailed(278)) - Got block deletion ACK from datanode, TXIDs=28, success=true
2021-08-15 14:03:34,546 [EventQueue-DeleteBlockStatusForDeletedBlockLogImpl] DEBUG block.DeletedBlockLogImpl (DeletedBlockLogImpl.java:commitTransactions(224)) - Transaction txId=28 commit by dnId=c2c40a72-a699-49b1-b721-1997d9d2c71f for containerID=#28 failed. Corresponding entry not found.
2021-08-15 14:03:34,546 [EventQueue-DeleteBlockStatusForDeletedBlockLogImpl] DEBUG block.DeletedBlockLogImpl (DeletedBlockLogImpl.java:isTransactionFailed(278)) - Got block deletion ACK from datanode, TXIDs=29, success=true
2021-08-15 14:03:34,546 [EventQueue-DeleteBlockStatusForDeletedBlockLogImpl] DEBUG block.DeletedBlockLogImpl (DeletedBlockLogImpl.java:commitTransactions(224)) - Transaction txId=29 commit by dnId=c2c40a72-a699-49b1-b721-1997d9d2c71f for containerID=#29 failed. Corresponding entry not found.
2021-08-15 14:03:34,546 [EventQueue-DeleteBlockStatusForDeletedBlockLogImpl] DEBUG block.DeletedBlockLogImpl (DeletedBlockLogImpl.java:isTransactionFailed(278)) - Got block deletion ACK from datanode, TXIDs=30, success=true
2021-08-15 14:03:34,546 [EventQueue-DeleteBlockStatusForDeletedBlockLogImpl] DEBUG block.DeletedBlockLogImpl (DeletedBlockLogImpl.java:commitTransactions(224)) - Transaction txId=30 commit by dnId=c2c40a72-a699-49b1-b721-1997d9d2c71f for containerID=#30 failed. Corresponding entry not found.
2021-08-15 14:03:34,546 [EventQueue-DeleteBlockStatusForDeletedBlockLogImpl] DEBUG block.DeletedBlockLogImpl (DeletedBlockLogImpl.java:isTransactionFailed(278)) - Got block deletion ACK from datanode, TXIDs=31, success=true
2021-08-15 14:03:34,546 [EventQueue-DeleteBlockStatusForDeletedBlockLogImpl] DEBUG block.DeletedBlockLogImpl (DeletedBlockLogImpl.java:commitTransactions(224)) - Transaction txId=31 commit by dnId=c2c40a72-a699-49b1-b721-1997d9d2c71f for containerID=#31 failed. Corresponding entry not found.
2021-08-15 14:03:34,546 [EventQueue-DeleteBlockStatusForDeletedBlockLogImpl] DEBUG block.DeletedBlockLogImpl (DeletedBlockLogImpl.java:isTransactionFailed(278)) - Got block deletion ACK from datanode, TXIDs=32, success=true
2021-08-15 14:03:34,546 [EventQueue-DeleteBlockStatusForDeletedBlockLogImpl] DEBUG block.DeletedBlockLogImpl (DeletedBlockLogImpl.java:commitTransactions(224)) - Transaction txId=32 commit by dnId=c2c40a72-a699-49b1-b721-1997d9d2c71f for containerID=#32 failed. Corresponding entry not found.
2021-08-15 14:03:34,546 [EventQueue-DeleteBlockStatusForDeletedBlockLogImpl] DEBUG block.DeletedBlockLogImpl (DeletedBlockLogImpl.java:isTransactionFailed(278)) - Got block deletion ACK from datanode, TXIDs=33, success=true
2021-08-15 14:03:34,546 [EventQueue-DeleteBlockStatusForDeletedBlockLogImpl] DEBUG block.DeletedBlockLogImpl (DeletedBlockLogImpl.java:commitTransactions(224)) - Transaction txId=33 commit by dnId=c2c40a72-a699-49b1-b721-1997d9d2c71f for containerID=#33 failed. Corresponding entry not found.
2021-08-15 14:03:34,546 [EventQueue-DeleteBlockStatusForDeletedBlockLogImpl] DEBUG block.DeletedBlockLogImpl (DeletedBlockLogImpl.java:isTransactionFailed(278)) - Got block deletion ACK from datanode, TXIDs=34, success=true
2021-08-15 14:03:34,546 [EventQueue-DeleteBlockStatusForDeletedBlockLogImpl] DEBUG block.DeletedBlockLogImpl (DeletedBlockLogImpl.java:commitTransactions(224)) - Transaction txId=34 commit by dnId=c2c40a72-a699-49b1-b721-1997d9d2c71f for containerID=#34 failed. Corresponding entry not found.
2021-08-15 14:03:34,546 [EventQueue-DeleteBlockStatusForDeletedBlockLogImpl] DEBUG block.DeletedBlockLogImpl (DeletedBlockLogImpl.java:isTransactionFailed(278)) - Got block deletion ACK from datanode, TXIDs=35, success=true
2021-08-15 14:03:34,546 [EventQueue-DeleteBlockStatusForDeletedBlockLogImpl] DEBUG block.DeletedBlockLogImpl (DeletedBlockLogImpl.java:commitTransactions(224)) - Transaction txId=35 commit by dnId=c2c40a72-a699-49b1-b721-1997d9d2c71f for containerID=#35 failed. Corresponding entry not found.
2021-08-15 14:03:34,546 [EventQueue-DeleteBlockStatusForDeletedBlockLogImpl] DEBUG block.DeletedBlockLogImpl (DeletedBlockLogImpl.java:isTransactionFailed(278)) - Got block deletion ACK from datanode, TXIDs=36, success=true
2021-08-15 14:03:34,546 [EventQueue-DeleteBlockStatusForDeletedBlockLogImpl] DEBUG block.DeletedBlockLogImpl (DeletedBlockLogImpl.java:commitTransactions(224)) - Transaction txId=36 commit by dnId=c2c40a72-a699-49b1-b721-1997d9d2c71f for containerID=#36 failed. Corresponding entry not found.
2021-08-15 14:03:34,546 [EventQueue-DeleteBlockStatusForDeletedBlockLogImpl] DEBUG block.DeletedBlockLogImpl (DeletedBlockLogImpl.java:isTransactionFailed(278)) - Got block deletion ACK from datanode, TXIDs=37, success=true
2021-08-15 14:03:34,546 [EventQueue-DeleteBlockStatusForDeletedBlockLogImpl] DEBUG block.DeletedBlockLogImpl (DeletedBlockLogImpl.java:commitTransactions(224)) - Transaction txId=37 commit by dnId=c2c40a72-a699-49b1-b721-1997d9d2c71f for containerID=#37 failed. Corresponding entry not found.
2021-08-15 14:03:34,546 [EventQueue-DeleteBlockStatusForDeletedBlockLogImpl] DEBUG block.DeletedBlockLogImpl (DeletedBlockLogImpl.java:isTransactionFailed(278)) - Got block deletion ACK from datanode, TXIDs=38, success=true
2021-08-15 14:03:34,546 [EventQueue-DeleteBlockStatusForDeletedBlockLogImpl] DEBUG block.DeletedBlockLogImpl (DeletedBlockLogImpl.java:commitTransactions(224)) - Transaction txId=38 commit by dnId=c2c40a72-a699-49b1-b721-1997d9d2c71f for containerID=#38 failed. Corresponding entry not found.
2021-08-15 14:03:34,546 [EventQueue-DeleteBlockStatusForDeletedBlockLogImpl] DEBUG block.DeletedBlockLogImpl (DeletedBlockLogImpl.java:isTransactionFailed(278)) - Got block deletion ACK from datanode, TXIDs=39, success=true
2021-08-15 14:03:34,546 [EventQueue-DeleteBlockStatusForDeletedBlockLogImpl] DEBUG block.DeletedBlockLogImpl (DeletedBlockLogImpl.java:commitTransactions(224)) - Transaction txId=39 commit by dnId=c2c40a72-a699-49b1-b721-1997d9d2c71f for containerID=#39 failed. Corresponding entry not found.
2021-08-15 14:03:34,546 [EventQueue-DeleteBlockStatusForDeletedBlockLogImpl] DEBUG block.DeletedBlockLogImpl (DeletedBlockLogImpl.java:isTransactionFailed(278)) - Got block deletion ACK from datanode, TXIDs=40, success=true
2021-08-15 14:03:34,546 [EventQueue-DeleteBlockStatusForDeletedBlockLogImpl] DEBUG block.DeletedBlockLogImpl (DeletedBlockLogImpl.java:commitTransactions(224)) - Transaction txId=40 commit by dnId=c2c40a72-a699-49b1-b721-1997d9d2c71f for containerID=#40 failed. Corresponding entry not found.
2021-08-15 14:03:34,546 [EventQueue-DeleteBlockStatusForDeletedBlockLogImpl] DEBUG block.DeletedBlockLogImpl (DeletedBlockLogImpl.java:isTransactionFailed(278)) - Got block deletion ACK from datanode, TXIDs=41, success=true
2021-08-15 14:03:34,547 [EventQueue-DeleteBlockStatusForDeletedBlockLogImpl] DEBUG block.DeletedBlockLogImpl (DeletedBlockLogImpl.java:commitTransactions(224)) - Transaction txId=41 commit by dnId=c2c40a72-a699-49b1-b721-1997d9d2c71f for containerID=#41 failed. Corresponding entry not found.
2021-08-15 14:03:34,547 [EventQueue-DeleteBlockStatusForDeletedBlockLogImpl] DEBUG block.DeletedBlockLogImpl (DeletedBlockLogImpl.java:isTransactionFailed(278)) - Got block deletion ACK from datanode, TXIDs=42, success=true
2021-08-15 14:03:34,547 [EventQueue-DeleteBlockStatusForDeletedBlockLogImpl] DEBUG block.DeletedBlockLogImpl (DeletedBlockLogImpl.java:commitTransactions(224)) - Transaction txId=42 commit by dnId=c2c40a72-a699-49b1-b721-1997d9d2c71f for containerID=#42 failed. Corresponding entry not found.
2021-08-15 14:03:34,547 [EventQueue-DeleteBlockStatusForDeletedBlockLogImpl] DEBUG block.DeletedBlockLogImpl (DeletedBlockLogImpl.java:isTransactionFailed(278)) - Got block deletion ACK from datanode, TXIDs=43, success=true
2021-08-15 14:03:34,547 [EventQueue-DeleteBlockStatusForDeletedBlockLogImpl] DEBUG block.DeletedBlockLogImpl (DeletedBlockLogImpl.java:commitTransactions(224)) - Transaction txId=43 commit by dnId=c2c40a72-a699-49b1-b721-1997d9d2c71f for containerID=#43 failed. Corresponding entry not found.
2021-08-15 14:03:34,547 [EventQueue-DeleteBlockStatusForDeletedBlockLogImpl] DEBUG block.DeletedBlockLogImpl (DeletedBlockLogImpl.java:isTransactionFailed(278)) - Got block deletion ACK from datanode, TXIDs=44, success=true
2021-08-15 14:03:34,547 [EventQueue-DeleteBlockStatusForDeletedBlockLogImpl] DEBUG block.DeletedBlockLogImpl (DeletedBlockLogImpl.java:commitTransactions(224)) - Transaction txId=44 commit by dnId=c2c40a72-a699-49b1-b721-1997d9d2c71f for containerID=#44 failed. Corresponding entry not found.
2021-08-15 14:03:34,547 [EventQueue-DeleteBlockStatusForDeletedBlockLogImpl] DEBUG block.DeletedBlockLogImpl (DeletedBlockLogImpl.java:isTransactionFailed(278)) - Got block deletion ACK from datanode, TXIDs=45, success=true
2021-08-15 14:03:34,547 [EventQueue-DeleteBlockStatusForDeletedBlockLogImpl] DEBUG block.DeletedBlockLogImpl (DeletedBlockLogImpl.java:commitTransactions(224)) - Transaction txId=45 commit by dnId=c2c40a72-a699-49b1-b721-1997d9d2c71f for containerID=#45 failed. Corresponding entry not found.
2021-08-15 14:03:34,547 [EventQueue-DeleteBlockStatusForDeletedBlockLogImpl] DEBUG block.DeletedBlockLogImpl (DeletedBlockLogImpl.java:isTransactionFailed(278)) - Got block deletion ACK from datanode, TXIDs=46, success=true
2021-08-15 14:03:34,547 [EventQueue-DeleteBlockStatusForDeletedBlockLogImpl] DEBUG block.DeletedBlockLogImpl (DeletedBlockLogImpl.java:commitTransactions(224)) - Transaction txId=46 commit by dnId=c2c40a72-a699-49b1-b721-1997d9d2c71f for containerID=#46 failed. Corresponding entry not found.
2021-08-15 14:03:34,547 [EventQueue-DeleteBlockStatusForDeletedBlockLogImpl] DEBUG block.DeletedBlockLogImpl (DeletedBlockLogImpl.java:isTransactionFailed(278)) - Got block deletion ACK from datanode, TXIDs=47, success=true
2021-08-15 14:03:34,547 [EventQueue-DeleteBlockStatusForDeletedBlockLogImpl] DEBUG block.DeletedBlockLogImpl (DeletedBlockLogImpl.java:commitTransactions(224)) - Transaction txId=47 commit by dnId=c2c40a72-a699-49b1-b721-1997d9d2c71f for containerID=#47 failed. Corresponding entry not found.
2021-08-15 14:03:34,547 [EventQueue-DeleteBlockStatusForDeletedBlockLogImpl] DEBUG block.DeletedBlockLogImpl (DeletedBlockLogImpl.java:isTransactionFailed(278)) - Got block deletion ACK from datanode, TXIDs=48, success=true
2021-08-15 14:03:34,547 [EventQueue-DeleteBlockStatusForDeletedBlockLogImpl] DEBUG block.DeletedBlockLogImpl (DeletedBlockLogImpl.java:commitTransactions(224)) - Transaction txId=48 commit by dnId=c2c40a72-a699-49b1-b721-1997d9d2c71f for containerID=#48 failed. Corresponding entry not found.
2021-08-15 14:03:34,547 [EventQueue-DeleteBlockStatusForDeletedBlockLogImpl] DEBUG block.DeletedBlockLogImpl (DeletedBlockLogImpl.java:isTransactionFailed(278)) - Got block deletion ACK from datanode, TXIDs=49, success=true
2021-08-15 14:03:34,547 [EventQueue-DeleteBlockStatusForDeletedBlockLogImpl] DEBUG block.DeletedBlockLogImpl (DeletedBlockLogImpl.java:commitTransactions(224)) - Transaction txId=49 commit by dnId=c2c40a72-a699-49b1-b721-1997d9d2c71f for containerID=#49 failed. Corresponding entry not found.
2021-08-15 14:03:34,547 [EventQueue-DeleteBlockStatusForDeletedBlockLogImpl] DEBUG block.DeletedBlockLogImpl (DeletedBlockLogImpl.java:isTransactionFailed(278)) - Got block deletion ACK from datanode, TXIDs=50, success=true
2021-08-15 14:03:34,547 [EventQueue-DeleteBlockStatusForDeletedBlockLogImpl] DEBUG block.DeletedBlockLogImpl (DeletedBlockLogImpl.java:commitTransactions(224)) - Transaction txId=50 commit by dnId=c2c40a72-a699-49b1-b721-1997d9d2c71f for containerID=#50 failed. Corresponding entry not found.
2021-08-15 14:03:34,547 [EventQueue-DeleteBlockStatusForDeletedBlockLogImpl] DEBUG block.DeletedBlockLogImpl (DeletedBlockLogImpl.java:isTransactionFailed(278)) - Got block deletion ACK from datanode, TXIDs=51, success=true
2021-08-15 14:03:34,547 [EventQueue-DeleteBlockStatusForDeletedBlockLogImpl] DEBUG block.DeletedBlockLogImpl (DeletedBlockLogImpl.java:commitTransactions(224)) - Transaction txId=51 commit by dnId=c2c40a72-a699-49b1-b721-1997d9d2c71f for containerID=#51 failed. Corresponding entry not found.
2021-08-15 14:03:34,547 [EventQueue-DeleteBlockStatusForDeletedBlockLogImpl] DEBUG block.DeletedBlockLogImpl (DeletedBlockLogImpl.java:isTransactionFailed(278)) - Got block deletion ACK from datanode, TXIDs=52, success=true
2021-08-15 14:03:34,547 [EventQueue-DeleteBlockStatusForDeletedBlockLogImpl] DEBUG block.DeletedBlockLogImpl (DeletedBlockLogImpl.java:commitTransactions(224)) - Transaction txId=52 commit by dnId=c2c40a72-a699-49b1-b721-1997d9d2c71f for containerID=#52 failed. Corresponding entry not found.
2021-08-15 14:03:34,547 [EventQueue-DeleteBlockStatusForDeletedBlockLogImpl] DEBUG block.DeletedBlockLogImpl (DeletedBlockLogImpl.java:isTransactionFailed(278)) - Got block deletion ACK from datanode, TXIDs=53, success=true
2021-08-15 14:03:34,547 [EventQueue-DeleteBlockStatusForDeletedBlockLogImpl] DEBUG block.DeletedBlockLogImpl (DeletedBlockLogImpl.java:commitTransactions(224)) - Transaction txId=53 commit by dnId=c2c40a72-a699-49b1-b721-1997d9d2c71f for containerID=#53 failed. Corresponding entry not found.
2021-08-15 14:03:34,547 [EventQueue-DeleteBlockStatusForDeletedBlockLogImpl] DEBUG block.DeletedBlockLogImpl (DeletedBlockLogImpl.java:isTransactionFailed(278)) - Got block deletion ACK from datanode, TXIDs=54, success=true
2021-08-15 14:03:34,547 [EventQueue-DeleteBlockStatusForDeletedBlockLogImpl] DEBUG block.DeletedBlockLogImpl (DeletedBlockLogImpl.java:commitTransactions(224)) - Transaction txId=54 commit by dnId=c2c40a72-a699-49b1-b721-1997d9d2c71f for containerID=#54 failed. Corresponding entry not found.
2021-08-15 14:03:34,547 [EventQueue-DeleteBlockStatusForDeletedBlockLogImpl] DEBUG block.DeletedBlockLogImpl (DeletedBlockLogImpl.java:isTransactionFailed(278)) - Got block deletion ACK from datanode, TXIDs=55, success=true
2021-08-15 14:03:34,547 [EventQueue-DeleteBlockStatusForDeletedBlockLogImpl] DEBUG block.DeletedBlockLogImpl (DeletedBlockLogImpl.java:commitTransactions(224)) - Transaction txId=55 commit by dnId=c2c40a72-a699-49b1-b721-1997d9d2c71f for containerID=#55 failed. Corresponding entry not found.
2021-08-15 14:03:34,547 [EventQueue-DeleteBlockStatusForDeletedBlockLogImpl] DEBUG block.DeletedBlockLogImpl (DeletedBlockLogImpl.java:isTransactionFailed(278)) - Got block deletion ACK from datanode, TXIDs=56, success=true
2021-08-15 14:03:34,547 [EventQueue-DeleteBlockStatusForDeletedBlockLogImpl] DEBUG block.DeletedBlockLogImpl (DeletedBlockLogImpl.java:commitTransactions(224)) - Transaction txId=56 commit by dnId=c2c40a72-a699-49b1-b721-1997d9d2c71f for containerID=#56 failed. Corresponding entry not found.
2021-08-15 14:03:34,547 [EventQueue-DeleteBlockStatusForDeletedBlockLogImpl] DEBUG block.DeletedBlockLogImpl (DeletedBlockLogImpl.java:isTransactionFailed(278)) - Got block deletion ACK from datanode, TXIDs=27, success=true
2021-08-15 14:03:34,547 [EventQueue-DeleteBlockStatusForDeletedBlockLogImpl] DEBUG block.DeletedBlockLogImpl (DeletedBlockLogImpl.java:commitTransactions(224)) - Transaction txId=27 commit by dnId=c2c40a72-a699-49b1-b721-1997d9d2c71f for containerID=#27 failed. Corresponding entry not found.
2021-08-15 14:03:34,547 [EventQueue-DeleteBlockStatusForDeletedBlockLogImpl] DEBUG block.DeletedBlockLogImpl (DeletedBlockLogImpl.java:isTransactionFailed(278)) - Got block deletion ACK from datanode, TXIDs=28, success=true
2021-08-15 14:03:34,547 [EventQueue-DeleteBlockStatusForDeletedBlockLogImpl] DEBUG block.DeletedBlockLogImpl (DeletedBlockLogImpl.java:commitTransactions(224)) - Transaction txId=28 commit by dnId=c2c40a72-a699-49b1-b721-1997d9d2c71f for containerID=#28 failed. Corresponding entry not found.
2021-08-15 14:03:34,547 [EventQueue-DeleteBlockStatusForDeletedBlockLogImpl] DEBUG block.DeletedBlockLogImpl (DeletedBlockLogImpl.java:isTransactionFailed(278)) - Got block deletion ACK from datanode, TXIDs=29, success=true
2021-08-15 14:03:34,547 [EventQueue-DeleteBlockStatusForDeletedBlockLogImpl] DEBUG block.DeletedBlockLogImpl (DeletedBlockLogImpl.java:commitTransactions(224)) - Transaction txId=29 commit by dnId=c2c40a72-a699-49b1-b721-1997d9d2c71f for containerID=#29 failed. Corresponding entry not found.
2021-08-15 14:03:34,547 [EventQueue-DeleteBlockStatusForDeletedBlockLogImpl] DEBUG block.DeletedBlockLogImpl (DeletedBlockLogImpl.java:isTransactionFailed(278)) - Got block deletion ACK from datanode, TXIDs=30, success=true
2021-08-15 14:03:34,547 [EventQueue-DeleteBlockStatusForDeletedBlockLogImpl] DEBUG block.DeletedBlockLogImpl (DeletedBlockLogImpl.java:commitTransactions(224)) - Transaction txId=30 commit by dnId=c2c40a72-a699-49b1-b721-1997d9d2c71f for containerID=#30 failed. Corresponding entry not found.
2021-08-15 14:03:34,547 [EventQueue-DeleteBlockStatusForDeletedBlockLogImpl] DEBUG block.DeletedBlockLogImpl (DeletedBlockLogImpl.java:isTransactionFailed(278)) - Got block deletion ACK from datanode, TXIDs=31, success=true
2021-08-15 14:03:34,547 [EventQueue-DeleteBlockStatusForDeletedBlockLogImpl] DEBUG block.DeletedBlockLogImpl (DeletedBlockLogImpl.java:commitTransactions(224)) - Transaction txId=31 commit by dnId=c2c40a72-a699-49b1-b721-1997d9d2c71f for containerID=#31 failed. Corresponding entry not found.
2021-08-15 14:03:34,547 [EventQueue-DeleteBlockStatusForDeletedBlockLogImpl] DEBUG block.DeletedBlockLogImpl (DeletedBlockLogImpl.java:isTransactionFailed(278)) - Got block deletion ACK from datanode, TXIDs=32, success=true
2021-08-15 14:03:34,547 [EventQueue-DeleteBlockStatusForDeletedBlockLogImpl] DEBUG block.DeletedBlockLogImpl (DeletedBlockLogImpl.java:commitTransactions(224)) - Transaction txId=32 commit by dnId=c2c40a72-a699-49b1-b721-1997d9d2c71f for containerID=#32 failed. Corresponding entry not found.
2021-08-15 14:03:34,547 [EventQueue-DeleteBlockStatusForDeletedBlockLogImpl] DEBUG block.DeletedBlockLogImpl (DeletedBlockLogImpl.java:isTransactionFailed(278)) - Got block deletion ACK from datanode, TXIDs=33, success=true
2021-08-15 14:03:34,547 [EventQueue-DeleteBlockStatusForDeletedBlockLogImpl] DEBUG block.DeletedBlockLogImpl (DeletedBlockLogImpl.java:commitTransactions(224)) - Transaction txId=33 commit by dnId=c2c40a72-a699-49b1-b721-1997d9d2c71f for containerID=#33 failed. Corresponding entry not found.
2021-08-15 14:03:34,547 [EventQueue-DeleteBlockStatusForDeletedBlockLogImpl] DEBUG block.DeletedBlockLogImpl (DeletedBlockLogImpl.java:isTransactionFailed(278)) - Got block deletion ACK from datanode, TXIDs=34, success=true
2021-08-15 14:03:34,547 [EventQueue-DeleteBlockStatusForDeletedBlockLogImpl] DEBUG block.DeletedBlockLogImpl (DeletedBlockLogImpl.java:commitTransactions(224)) - Transaction txId=34 commit by dnId=c2c40a72-a699-49b1-b721-1997d9d2c71f for containerID=#34 failed. Corresponding entry not found.
2021-08-15 14:03:34,547 [EventQueue-DeleteBlockStatusForDeletedBlockLogImpl] DEBUG block.DeletedBlockLogImpl (DeletedBlockLogImpl.java:isTransactionFailed(278)) - Got block deletion ACK from datanode, TXIDs=35, success=true
2021-08-15 14:03:34,547 [EventQueue-DeleteBlockStatusForDeletedBlockLogImpl] DEBUG block.DeletedBlockLogImpl (DeletedBlockLogImpl.java:commitTransactions(224)) - Transaction txId=35 commit by dnId=c2c40a72-a699-49b1-b721-1997d9d2c71f for containerID=#35 failed. Corresponding entry not found.
2021-08-15 14:03:34,547 [EventQueue-DeleteBlockStatusForDeletedBlockLogImpl] DEBUG block.DeletedBlockLogImpl (DeletedBlockLogImpl.java:isTransactionFailed(278)) - Got block deletion ACK from datanode, TXIDs=36, success=true
2021-08-15 14:03:34,547 [EventQueue-DeleteBlockStatusForDeletedBlockLogImpl] DEBUG block.DeletedBlockLogImpl (DeletedBlockLogImpl.java:commitTransactions(224)) - Transaction txId=36 commit by dnId=c2c40a72-a699-49b1-b721-1997d9d2c71f for containerID=#36 failed. Corresponding entry not found.
2021-08-15 14:03:34,547 [EventQueue-DeleteBlockStatusForDeletedBlockLogImpl] DEBUG block.DeletedBlockLogImpl (DeletedBlockLogImpl.java:isTransactionFailed(278)) - Got block deletion ACK from datanode, TXIDs=37, success=true
2021-08-15 14:03:34,547 [EventQueue-DeleteBlockStatusForDeletedBlockLogImpl] DEBUG block.DeletedBlockLogImpl (DeletedBlockLogImpl.java:commitTransactions(224)) - Transaction txId=37 commit by dnId=c2c40a72-a699-49b1-b721-1997d9d2c71f for containerID=#37 failed. Corresponding entry not found.
2021-08-15 14:03:34,547 [EventQueue-DeleteBlockStatusForDeletedBlockLogImpl] DEBUG block.DeletedBlockLogImpl (DeletedBlockLogImpl.java:isTransactionFailed(278)) - Got block deletion ACK from datanode, TXIDs=38, success=true
2021-08-15 14:03:34,548 [EventQueue-DeleteBlockStatusForDeletedBlockLogImpl] DEBUG block.DeletedBlockLogImpl (DeletedBlockLogImpl.java:commitTransactions(224)) - Transaction txId=38 commit by dnId=c2c40a72-a699-49b1-b721-1997d9d2c71f for containerID=#38 failed. Corresponding entry not found.
2021-08-15 14:03:34,548 [EventQueue-DeleteBlockStatusForDeletedBlockLogImpl] DEBUG block.DeletedBlockLogImpl (DeletedBlockLogImpl.java:isTransactionFailed(278)) - Got block deletion ACK from datanode, TXIDs=39, success=true
2021-08-15 14:03:34,548 [EventQueue-DeleteBlockStatusForDeletedBlockLogImpl] DEBUG block.DeletedBlockLogImpl (DeletedBlockLogImpl.java:commitTransactions(224)) - Transaction txId=39 commit by dnId=c2c40a72-a699-49b1-b721-1997d9d2c71f for containerID=#39 failed. Corresponding entry not found.
2021-08-15 14:03:34,548 [EventQueue-DeleteBlockStatusForDeletedBlockLogImpl] DEBUG block.DeletedBlockLogImpl (DeletedBlockLogImpl.java:isTransactionFailed(278)) - Got block deletion ACK from datanode, TXIDs=40, success=true
2021-08-15 14:03:34,548 [EventQueue-DeleteBlockStatusForDeletedBlockLogImpl] DEBUG block.DeletedBlockLogImpl (DeletedBlockLogImpl.java:commitTransactions(224)) - Transaction txId=40 commit by dnId=c2c40a72-a699-49b1-b721-1997d9d2c71f for containerID=#40 failed. Corresponding entry not found.
2021-08-15 14:03:34,548 [EventQueue-DeleteBlockStatusForDeletedBlockLogImpl] DEBUG block.DeletedBlockLogImpl (DeletedBlockLogImpl.java:isTransactionFailed(278)) - Got block deletion ACK from datanode, TXIDs=41, success=true
2021-08-15 14:03:34,548 [EventQueue-DeleteBlockStatusForDeletedBlockLogImpl] DEBUG block.DeletedBlockLogImpl (DeletedBlockLogImpl.java:commitTransactions(224)) - Transaction txId=41 commit by dnId=c2c40a72-a699-49b1-b721-1997d9d2c71f for containerID=#41 failed. Corresponding entry not found.
2021-08-15 14:03:34,548 [EventQueue-DeleteBlockStatusForDeletedBlockLogImpl] DEBUG block.DeletedBlockLogImpl (DeletedBlockLogImpl.java:isTransactionFailed(278)) - Got block deletion ACK from datanode, TXIDs=42, success=true
2021-08-15 14:03:34,548 [EventQueue-DeleteBlockStatusForDeletedBlockLogImpl] DEBUG block.DeletedBlockLogImpl (DeletedBlockLogImpl.java:commitTransactions(224)) - Transaction txId=42 commit by dnId=c2c40a72-a699-49b1-b721-1997d9d2c71f for containerID=#42 failed. Corresponding entry not found.
2021-08-15 14:03:34,548 [EventQueue-DeleteBlockStatusForDeletedBlockLogImpl] DEBUG block.DeletedBlockLogImpl (DeletedBlockLogImpl.java:isTransactionFailed(278)) - Got block deletion ACK from datanode, TXIDs=43, success=true
2021-08-15 14:03:34,548 [EventQueue-DeleteBlockStatusForDeletedBlockLogImpl] DEBUG block.DeletedBlockLogImpl (DeletedBlockLogImpl.java:commitTransactions(224)) - Transaction txId=43 commit by dnId=c2c40a72-a699-49b1-b721-1997d9d2c71f for containerID=#43 failed. Corresponding entry not found.
2021-08-15 14:03:34,548 [EventQueue-DeleteBlockStatusForDeletedBlockLogImpl] DEBUG block.DeletedBlockLogImpl (DeletedBlockLogImpl.java:isTransactionFailed(278)) - Got block deletion ACK from datanode, TXIDs=44, success=true
2021-08-15 14:03:34,548 [EventQueue-DeleteBlockStatusForDeletedBlockLogImpl] DEBUG block.DeletedBlockLogImpl (DeletedBlockLogImpl.java:commitTransactions(224)) - Transaction txId=44 commit by dnId=c2c40a72-a699-49b1-b721-1997d9d2c71f for containerID=#44 failed. Corresponding entry not found.
2021-08-15 14:03:34,548 [EventQueue-DeleteBlockStatusForDeletedBlockLogImpl] DEBUG block.DeletedBlockLogImpl (DeletedBlockLogImpl.java:isTransactionFailed(278)) - Got block deletion ACK from datanode, TXIDs=45, success=true
2021-08-15 14:03:34,548 [EventQueue-DeleteBlockStatusForDeletedBlockLogImpl] DEBUG block.DeletedBlockLogImpl (DeletedBlockLogImpl.java:commitTransactions(224)) - Transaction txId=45 commit by dnId=c2c40a72-a699-49b1-b721-1997d9d2c71f for containerID=#45 failed. Corresponding entry not found.
2021-08-15 14:03:34,548 [EventQueue-DeleteBlockStatusForDeletedBlockLogImpl] DEBUG block.DeletedBlockLogImpl (DeletedBlockLogImpl.java:isTransactionFailed(278)) - Got block deletion ACK from datanode, TXIDs=46, success=true
2021-08-15 14:03:34,548 [EventQueue-DeleteBlockStatusForDeletedBlockLogImpl] DEBUG block.DeletedBlockLogImpl (DeletedBlockLogImpl.java:commitTransactions(224)) - Transaction txId=46 commit by dnId=c2c40a72-a699-49b1-b721-1997d9d2c71f for containerID=#46 failed. Corresponding entry not found.
2021-08-15 14:03:34,548 [EventQueue-DeleteBlockStatusForDeletedBlockLogImpl] DEBUG block.DeletedBlockLogImpl (DeletedBlockLogImpl.java:isTransactionFailed(278)) - Got block deletion ACK from datanode, TXIDs=47, success=true
2021-08-15 14:03:34,548 [EventQueue-DeleteBlockStatusForDeletedBlockLogImpl] DEBUG block.DeletedBlockLogImpl (DeletedBlockLogImpl.java:commitTransactions(224)) - Transaction txId=47 commit by dnId=c2c40a72-a699-49b1-b721-1997d9d2c71f for containerID=#47 failed. Corresponding entry not found.
2021-08-15 14:03:34,548 [EventQueue-DeleteBlockStatusForDeletedBlockLogImpl] DEBUG block.DeletedBlockLogImpl (DeletedBlockLogImpl.java:isTransactionFailed(278)) - Got block deletion ACK from datanode, TXIDs=48, success=true
2021-08-15 14:03:34,548 [EventQueue-DeleteBlockStatusForDeletedBlockLogImpl] DEBUG block.DeletedBlockLogImpl (DeletedBlockLogImpl.java:commitTransactions(224)) - Transaction txId=48 commit by dnId=c2c40a72-a699-49b1-b721-1997d9d2c71f for containerID=#48 failed. Corresponding entry not found.
2021-08-15 14:03:34,548 [EventQueue-DeleteBlockStatusForDeletedBlockLogImpl] DEBUG block.DeletedBlockLogImpl (DeletedBlockLogImpl.java:isTransactionFailed(278)) - Got block deletion ACK from datanode, TXIDs=49, success=true
2021-08-15 14:03:34,548 [EventQueue-DeleteBlockStatusForDeletedBlockLogImpl] DEBUG block.DeletedBlockLogImpl (DeletedBlockLogImpl.java:commitTransactions(224)) - Transaction txId=49 commit by dnId=c2c40a72-a699-49b1-b721-1997d9d2c71f for containerID=#49 failed. Corresponding entry not found.
2021-08-15 14:03:34,548 [EventQueue-DeleteBlockStatusForDeletedBlockLogImpl] DEBUG block.DeletedBlockLogImpl (DeletedBlockLogImpl.java:isTransactionFailed(278)) - Got block deletion ACK from datanode, TXIDs=50, success=true
2021-08-15 14:03:34,548 [EventQueue-DeleteBlockStatusForDeletedBlockLogImpl] DEBUG block.DeletedBlockLogImpl (DeletedBlockLogImpl.java:commitTransactions(224)) - Transaction txId=50 commit by dnId=c2c40a72-a699-49b1-b721-1997d9d2c71f for containerID=#50 failed. Corresponding entry not found.
2021-08-15 14:03:34,548 [EventQueue-DeleteBlockStatusForDeletedBlockLogImpl] DEBUG block.DeletedBlockLogImpl (DeletedBlockLogImpl.java:isTransactionFailed(278)) - Got block deletion ACK from datanode, TXIDs=51, success=true
2021-08-15 14:03:34,548 [EventQueue-DeleteBlockStatusForDeletedBlockLogImpl] DEBUG block.DeletedBlockLogImpl (DeletedBlockLogImpl.java:commitTransactions(224)) - Transaction txId=51 commit by dnId=c2c40a72-a699-49b1-b721-1997d9d2c71f for containerID=#51 failed. Corresponding entry not found.
2021-08-15 14:03:34,548 [EventQueue-DeleteBlockStatusForDeletedBlockLogImpl] DEBUG block.DeletedBlockLogImpl (DeletedBlockLogImpl.java:isTransactionFailed(278)) - Got block deletion ACK from datanode, TXIDs=52, success=true
2021-08-15 14:03:34,548 [EventQueue-DeleteBlockStatusForDeletedBlockLogImpl] DEBUG block.DeletedBlockLogImpl (DeletedBlockLogImpl.java:commitTransactions(224)) - Transaction txId=52 commit by dnId=c2c40a72-a699-49b1-b721-1997d9d2c71f for containerID=#52 failed. Corresponding entry not found.
2021-08-15 14:03:34,548 [EventQueue-DeleteBlockStatusForDeletedBlockLogImpl] DEBUG block.DeletedBlockLogImpl (DeletedBlockLogImpl.java:isTransactionFailed(278)) - Got block deletion ACK from datanode, TXIDs=53, success=true
2021-08-15 14:03:34,548 [EventQueue-DeleteBlockStatusForDeletedBlockLogImpl] DEBUG block.DeletedBlockLogImpl (DeletedBlockLogImpl.java:commitTransactions(224)) - Transaction txId=53 commit by dnId=c2c40a72-a699-49b1-b721-1997d9d2c71f for containerID=#53 failed. Corresponding entry not found.
2021-08-15 14:03:34,548 [EventQueue-DeleteBlockStatusForDeletedBlockLogImpl] DEBUG block.DeletedBlockLogImpl (DeletedBlockLogImpl.java:isTransactionFailed(278)) - Got block deletion ACK from datanode, TXIDs=54, success=true
2021-08-15 14:03:34,548 [EventQueue-DeleteBlockStatusForDeletedBlockLogImpl] DEBUG block.DeletedBlockLogImpl (DeletedBlockLogImpl.java:commitTransactions(224)) - Transaction txId=54 commit by dnId=c2c40a72-a699-49b1-b721-1997d9d2c71f for containerID=#54 failed. Corresponding entry not found.
2021-08-15 14:03:34,548 [EventQueue-DeleteBlockStatusForDeletedBlockLogImpl] DEBUG block.DeletedBlockLogImpl (DeletedBlockLogImpl.java:isTransactionFailed(278)) - Got block deletion ACK from datanode, TXIDs=55, success=true
2021-08-15 14:03:34,548 [EventQueue-DeleteBlockStatusForDeletedBlockLogImpl] DEBUG block.DeletedBlockLogImpl (DeletedBlockLogImpl.java:commitTransactions(224)) - Transaction txId=55 commit by dnId=c2c40a72-a699-49b1-b721-1997d9d2c71f for containerID=#55 failed. Corresponding entry not found.
2021-08-15 14:03:34,548 [EventQueue-DeleteBlockStatusForDeletedBlockLogImpl] DEBUG block.DeletedBlockLogImpl (DeletedBlockLogImpl.java:isTransactionFailed(278)) - Got block deletion ACK from datanode, TXIDs=56, success=true
2021-08-15 14:03:34,548 [EventQueue-DeleteBlockStatusForDeletedBlockLogImpl] DEBUG block.DeletedBlockLogImpl (DeletedBlockLogImpl.java:commitTransactions(224)) - Transaction txId=56 commit by dnId=c2c40a72-a699-49b1-b721-1997d9d2c71f for containerID=#56 failed. Corresponding entry not found.
2021-08-15 14:03:34,548 [EventQueue-DeleteBlockStatusForDeletedBlockLogImpl] DEBUG block.DeletedBlockLogImpl (DeletedBlockLogImpl.java:isTransactionFailed(278)) - Got block deletion ACK from datanode, TXIDs=27, success=true
2021-08-15 14:03:34,548 [EventQueue-DeleteBlockStatusForDeletedBlockLogImpl] DEBUG block.DeletedBlockLogImpl (DeletedBlockLogImpl.java:commitTransactions(224)) - Transaction txId=27 commit by dnId=c2c40a72-a699-49b1-b721-1997d9d2c71f for containerID=#27 failed. Corresponding entry not found.
2021-08-15 14:03:34,548 [EventQueue-DeleteBlockStatusForDeletedBlockLogImpl] DEBUG block.DeletedBlockLogImpl (DeletedBlockLogImpl.java:isTransactionFailed(278)) - Got block deletion ACK from datanode, TXIDs=28, success=true
2021-08-15 14:03:34,548 [EventQueue-DeleteBlockStatusForDeletedBlockLogImpl] DEBUG block.DeletedBlockLogImpl (DeletedBlockLogImpl.java:commitTransactions(224)) - Transaction txId=28 commit by dnId=c2c40a72-a699-49b1-b721-1997d9d2c71f for containerID=#28 failed. Corresponding entry not found.
2021-08-15 14:03:34,548 [EventQueue-DeleteBlockStatusForDeletedBlockLogImpl] DEBUG block.DeletedBlockLogImpl (DeletedBlockLogImpl.java:isTransactionFailed(278)) - Got block deletion ACK from datanode, TXIDs=29, success=true
2021-08-15 14:03:34,548 [EventQueue-DeleteBlockStatusForDeletedBlockLogImpl] DEBUG block.DeletedBlockLogImpl (DeletedBlockLogImpl.java:commitTransactions(224)) - Transaction txId=29 commit by dnId=c2c40a72-a699-49b1-b721-1997d9d2c71f for containerID=#29 failed. Corresponding entry not found.
2021-08-15 14:03:34,549 [EventQueue-DeleteBlockStatusForDeletedBlockLogImpl] DEBUG block.DeletedBlockLogImpl (DeletedBlockLogImpl.java:isTransactionFailed(278)) - Got block deletion ACK from datanode, TXIDs=30, success=true
2021-08-15 14:03:34,549 [EventQueue-DeleteBlockStatusForDeletedBlockLogImpl] DEBUG block.DeletedBlockLogImpl (DeletedBlockLogImpl.java:commitTransactions(224)) - Transaction txId=30 commit by dnId=c2c40a72-a699-49b1-b721-1997d9d2c71f for containerID=#30 failed. Corresponding entry not found.
2021-08-15 14:03:34,549 [EventQueue-DeleteBlockStatusForDeletedBlockLogImpl] DEBUG block.DeletedBlockLogImpl (DeletedBlockLogImpl.java:isTransactionFailed(278)) - Got block deletion ACK from datanode, TXIDs=31, success=true
2021-08-15 14:03:34,549 [EventQueue-DeleteBlockStatusForDeletedBlockLogImpl] DEBUG block.DeletedBlockLogImpl (DeletedBlockLogImpl.java:commitTransactions(224)) - Transaction txId=31 commit by dnId=c2c40a72-a699-49b1-b721-1997d9d2c71f for containerID=#31 failed. Corresponding entry not found.
2021-08-15 14:03:34,549 [EventQueue-DeleteBlockStatusForDeletedBlockLogImpl] DEBUG block.DeletedBlockLogImpl (DeletedBlockLogImpl.java:isTransactionFailed(278)) - Got block deletion ACK from datanode, TXIDs=32, success=true
2021-08-15 14:03:34,549 [EventQueue-DeleteBlockStatusForDeletedBlockLogImpl] DEBUG block.DeletedBlockLogImpl (DeletedBlockLogImpl.java:commitTransactions(224)) - Transaction txId=32 commit by dnId=c2c40a72-a699-49b1-b721-1997d9d2c71f for containerID=#32 failed. Corresponding entry not found.
2021-08-15 14:03:34,549 [EventQueue-DeleteBlockStatusForDeletedBlockLogImpl] DEBUG block.DeletedBlockLogImpl (DeletedBlockLogImpl.java:isTransactionFailed(278)) - Got block deletion ACK from datanode, TXIDs=33, success=true
2021-08-15 14:03:34,549 [EventQueue-DeleteBlockStatusForDeletedBlockLogImpl] DEBUG block.DeletedBlockLogImpl (DeletedBlockLogImpl.java:commitTransactions(224)) - Transaction txId=33 commit by dnId=c2c40a72-a699-49b1-b721-1997d9d2c71f for containerID=#33 failed. Corresponding entry not found.
2021-08-15 14:03:34,549 [EventQueue-DeleteBlockStatusForDeletedBlockLogImpl] DEBUG block.DeletedBlockLogImpl (DeletedBlockLogImpl.java:isTransactionFailed(278)) - Got block deletion ACK from datanode, TXIDs=34, success=true
2021-08-15 14:03:34,549 [EventQueue-DeleteBlockStatusForDeletedBlockLogImpl] DEBUG block.DeletedBlockLogImpl (DeletedBlockLogImpl.java:commitTransactions(224)) - Transaction txId=34 commit by dnId=c2c40a72-a699-49b1-b721-1997d9d2c71f for containerID=#34 failed. Corresponding entry not found.
2021-08-15 14:03:34,549 [EventQueue-DeleteBlockStatusForDeletedBlockLogImpl] DEBUG block.DeletedBlockLogImpl (DeletedBlockLogImpl.java:isTransactionFailed(278)) - Got block deletion ACK from datanode, TXIDs=35, success=true
2021-08-15 14:03:34,549 [EventQueue-DeleteBlockStatusForDeletedBlockLogImpl] DEBUG block.DeletedBlockLogImpl (DeletedBlockLogImpl.java:commitTransactions(224)) - Transaction txId=35 commit by dnId=c2c40a72-a699-49b1-b721-1997d9d2c71f for containerID=#35 failed. Corresponding entry not found.
2021-08-15 14:03:34,549 [EventQueue-DeleteBlockStatusForDeletedBlockLogImpl] DEBUG block.DeletedBlockLogImpl (DeletedBlockLogImpl.java:isTransactionFailed(278)) - Got block deletion ACK from datanode, TXIDs=36, success=true
2021-08-15 14:03:34,549 [EventQueue-DeleteBlockStatusForDeletedBlockLogImpl] DEBUG block.DeletedBlockLogImpl (DeletedBlockLogImpl.java:commitTransactions(224)) - Transaction txId=36 commit by dnId=c2c40a72-a699-49b1-b721-1997d9d2c71f for containerID=#36 failed. Corresponding entry not found.
2021-08-15 14:03:34,549 [EventQueue-DeleteBlockStatusForDeletedBlockLogImpl] DEBUG block.DeletedBlockLogImpl (DeletedBlockLogImpl.java:isTransactionFailed(278)) - Got block deletion ACK from datanode, TXIDs=37, success=true
2021-08-15 14:03:34,549 [EventQueue-DeleteBlockStatusForDeletedBlockLogImpl] DEBUG block.DeletedBlockLogImpl (DeletedBlockLogImpl.java:commitTransactions(224)) - Transaction txId=37 commit by dnId=c2c40a72-a699-49b1-b721-1997d9d2c71f for containerID=#37 failed. Corresponding entry not found.
2021-08-15 14:03:34,549 [EventQueue-DeleteBlockStatusForDeletedBlockLogImpl] DEBUG block.DeletedBlockLogImpl (DeletedBlockLogImpl.java:isTransactionFailed(278)) - Got block deletion ACK from datanode, TXIDs=38, success=true
2021-08-15 14:03:34,549 [EventQueue-DeleteBlockStatusForDeletedBlockLogImpl] DEBUG block.DeletedBlockLogImpl (DeletedBlockLogImpl.java:commitTransactions(224)) - Transaction txId=38 commit by dnId=c2c40a72-a699-49b1-b721-1997d9d2c71f for containerID=#38 failed. Corresponding entry not found.
2021-08-15 14:03:34,549 [EventQueue-DeleteBlockStatusForDeletedBlockLogImpl] DEBUG block.DeletedBlockLogImpl (DeletedBlockLogImpl.java:isTransactionFailed(278)) - Got block deletion ACK from datanode, TXIDs=39, success=true
2021-08-15 14:03:34,549 [EventQueue-DeleteBlockStatusForDeletedBlockLogImpl] DEBUG block.DeletedBlockLogImpl (DeletedBlockLogImpl.java:commitTransactions(224)) - Transaction txId=39 commit by dnId=c2c40a72-a699-49b1-b721-1997d9d2c71f for containerID=#39 failed. Corresponding entry not found.
2021-08-15 14:03:34,549 [EventQueue-DeleteBlockStatusForDeletedBlockLogImpl] DEBUG block.DeletedBlockLogImpl (DeletedBlockLogImpl.java:isTransactionFailed(278)) - Got block deletion ACK from datanode, TXIDs=40, success=true
2021-08-15 14:03:34,549 [EventQueue-DeleteBlockStatusForDeletedBlockLogImpl] DEBUG block.DeletedBlockLogImpl (DeletedBlockLogImpl.java:commitTransactions(224)) - Transaction txId=40 commit by dnId=c2c40a72-a699-49b1-b721-1997d9d2c71f for containerID=#40 failed. Corresponding entry not found.
2021-08-15 14:03:34,549 [EventQueue-DeleteBlockStatusForDeletedBlockLogImpl] DEBUG block.DeletedBlockLogImpl (DeletedBlockLogImpl.java:isTransactionFailed(278)) - Got block deletion ACK from datanode, TXIDs=41, success=true
2021-08-15 14:03:34,549 [EventQueue-DeleteBlockStatusForDeletedBlockLogImpl] DEBUG block.DeletedBlockLogImpl (DeletedBlockLogImpl.java:commitTransactions(224)) - Transaction txId=41 commit by dnId=c2c40a72-a699-49b1-b721-1997d9d2c71f for containerID=#41 failed. Corresponding entry not found.
2021-08-15 14:03:34,549 [EventQueue-DeleteBlockStatusForDeletedBlockLogImpl] DEBUG block.DeletedBlockLogImpl (DeletedBlockLogImpl.java:isTransactionFailed(278)) - Got block deletion ACK from datanode, TXIDs=42, success=true
2021-08-15 14:03:34,549 [EventQueue-DeleteBlockStatusForDeletedBlockLogImpl] DEBUG block.DeletedBlockLogImpl (DeletedBlockLogImpl.java:commitTransactions(224)) - Transaction txId=42 commit by dnId=c2c40a72-a699-49b1-b721-1997d9d2c71f for containerID=#42 failed. Corresponding entry not found.
2021-08-15 14:03:34,549 [EventQueue-DeleteBlockStatusForDeletedBlockLogImpl] DEBUG block.DeletedBlockLogImpl (DeletedBlockLogImpl.java:isTransactionFailed(278)) - Got block deletion ACK from datanode, TXIDs=43, success=true
2021-08-15 14:03:34,549 [EventQueue-DeleteBlockStatusForDeletedBlockLogImpl] DEBUG block.DeletedBlockLogImpl (DeletedBlockLogImpl.java:commitTransactions(224)) - Transaction txId=43 commit by dnId=c2c40a72-a699-49b1-b721-1997d9d2c71f for containerID=#43 failed. Corresponding entry not found.
2021-08-15 14:03:34,549 [EventQueue-DeleteBlockStatusForDeletedBlockLogImpl] DEBUG block.DeletedBlockLogImpl (DeletedBlockLogImpl.java:isTransactionFailed(278)) - Got block deletion ACK from datanode, TXIDs=44, success=true
2021-08-15 14:03:34,549 [EventQueue-DeleteBlockStatusForDeletedBlockLogImpl] DEBUG block.DeletedBlockLogImpl (DeletedBlockLogImpl.java:commitTransactions(224)) - Transaction txId=44 commit by dnId=c2c40a72-a699-49b1-b721-1997d9d2c71f for containerID=#44 failed. Corresponding entry not found.
2021-08-15 14:03:34,549 [EventQueue-DeleteBlockStatusForDeletedBlockLogImpl] DEBUG block.DeletedBlockLogImpl (DeletedBlockLogImpl.java:isTransactionFailed(278)) - Got block deletion ACK from datanode, TXIDs=45, success=true
2021-08-15 14:03:34,549 [EventQueue-DeleteBlockStatusForDeletedBlockLogImpl] DEBUG block.DeletedBlockLogImpl (DeletedBlockLogImpl.java:commitTransactions(224)) - Transaction txId=45 commit by dnId=c2c40a72-a699-49b1-b721-1997d9d2c71f for containerID=#45 failed. Corresponding entry not found.
2021-08-15 14:03:34,549 [EventQueue-DeleteBlockStatusForDeletedBlockLogImpl] DEBUG block.DeletedBlockLogImpl (DeletedBlockLogImpl.java:isTransactionFailed(278)) - Got block deletion ACK from datanode, TXIDs=46, success=true
2021-08-15 14:03:34,549 [EventQueue-DeleteBlockStatusForDeletedBlockLogImpl] DEBUG block.DeletedBlockLogImpl (DeletedBlockLogImpl.java:commitTransactions(224)) - Transaction txId=46 commit by dnId=c2c40a72-a699-49b1-b721-1997d9d2c71f for containerID=#46 failed. Corresponding entry not found.
2021-08-15 14:03:34,549 [EventQueue-DeleteBlockStatusForDeletedBlockLogImpl] DEBUG block.DeletedBlockLogImpl (DeletedBlockLogImpl.java:isTransactionFailed(278)) - Got block deletion ACK from datanode, TXIDs=47, success=true
2021-08-15 14:03:34,549 [EventQueue-DeleteBlockStatusForDeletedBlockLogImpl] DEBUG block.DeletedBlockLogImpl (DeletedBlockLogImpl.java:commitTransactions(224)) - Transaction txId=47 commit by dnId=c2c40a72-a699-49b1-b721-1997d9d2c71f for containerID=#47 failed. Corresponding entry not found.
2021-08-15 14:03:34,549 [EventQueue-DeleteBlockStatusForDeletedBlockLogImpl] DEBUG block.DeletedBlockLogImpl (DeletedBlockLogImpl.java:isTransactionFailed(278)) - Got block deletion ACK from datanode, TXIDs=48, success=true
2021-08-15 14:03:34,549 [EventQueue-DeleteBlockStatusForDeletedBlockLogImpl] DEBUG block.DeletedBlockLogImpl (DeletedBlockLogImpl.java:commitTransactions(224)) - Transaction txId=48 commit by dnId=c2c40a72-a699-49b1-b721-1997d9d2c71f for containerID=#48 failed. Corresponding entry not found.
2021-08-15 14:03:34,549 [EventQueue-DeleteBlockStatusForDeletedBlockLogImpl] DEBUG block.DeletedBlockLogImpl (DeletedBlockLogImpl.java:isTransactionFailed(278)) - Got block deletion ACK from datanode, TXIDs=49, success=true
2021-08-15 14:03:34,549 [EventQueue-DeleteBlockStatusForDeletedBlockLogImpl] DEBUG block.DeletedBlockLogImpl (DeletedBlockLogImpl.java:commitTransactions(224)) - Transaction txId=49 commit by dnId=c2c40a72-a699-49b1-b721-1997d9d2c71f for containerID=#49 failed. Corresponding entry not found.
2021-08-15 14:03:34,549 [EventQueue-DeleteBlockStatusForDeletedBlockLogImpl] DEBUG block.DeletedBlockLogImpl (DeletedBlockLogImpl.java:isTransactionFailed(278)) - Got block deletion ACK from datanode, TXIDs=50, success=true
2021-08-15 14:03:34,549 [EventQueue-DeleteBlockStatusForDeletedBlockLogImpl] DEBUG block.DeletedBlockLogImpl (DeletedBlockLogImpl.java:commitTransactions(224)) - Transaction txId=50 commit by dnId=c2c40a72-a699-49b1-b721-1997d9d2c71f for containerID=#50 failed. Corresponding entry not found.
2021-08-15 14:03:34,549 [EventQueue-DeleteBlockStatusForDeletedBlockLogImpl] DEBUG block.DeletedBlockLogImpl (DeletedBlockLogImpl.java:isTransactionFailed(278)) - Got block deletion ACK from datanode, TXIDs=51, success=true
2021-08-15 14:03:34,550 [EventQueue-DeleteBlockStatusForDeletedBlockLogImpl] DEBUG block.DeletedBlockLogImpl (DeletedBlockLogImpl.java:commitTransactions(224)) - Transaction txId=51 commit by dnId=c2c40a72-a699-49b1-b721-1997d9d2c71f for containerID=#51 failed. Corresponding entry not found.
2021-08-15 14:03:34,550 [EventQueue-DeleteBlockStatusForDeletedBlockLogImpl] DEBUG block.DeletedBlockLogImpl (DeletedBlockLogImpl.java:isTransactionFailed(278)) - Got block deletion ACK from datanode, TXIDs=52, success=true
2021-08-15 14:03:34,550 [EventQueue-DeleteBlockStatusForDeletedBlockLogImpl] DEBUG block.DeletedBlockLogImpl (DeletedBlockLogImpl.java:commitTransactions(224)) - Transaction txId=52 commit by dnId=c2c40a72-a699-49b1-b721-1997d9d2c71f for containerID=#52 failed. Corresponding entry not found.
2021-08-15 14:03:34,550 [EventQueue-DeleteBlockStatusForDeletedBlockLogImpl] DEBUG block.DeletedBlockLogImpl (DeletedBlockLogImpl.java:isTransactionFailed(278)) - Got block deletion ACK from datanode, TXIDs=53, success=true
2021-08-15 14:03:34,550 [EventQueue-DeleteBlockStatusForDeletedBlockLogImpl] DEBUG block.DeletedBlockLogImpl (DeletedBlockLogImpl.java:commitTransactions(224)) - Transaction txId=53 commit by dnId=c2c40a72-a699-49b1-b721-1997d9d2c71f for containerID=#53 failed. Corresponding entry not found.
2021-08-15 14:03:34,550 [EventQueue-DeleteBlockStatusForDeletedBlockLogImpl] DEBUG block.DeletedBlockLogImpl (DeletedBlockLogImpl.java:isTransactionFailed(278)) - Got block deletion ACK from datanode, TXIDs=54, success=true
2021-08-15 14:03:34,550 [EventQueue-DeleteBlockStatusForDeletedBlockLogImpl] DEBUG block.DeletedBlockLogImpl (DeletedBlockLogImpl.java:commitTransactions(224)) - Transaction txId=54 commit by dnId=c2c40a72-a699-49b1-b721-1997d9d2c71f for containerID=#54 failed. Corresponding entry not found.
2021-08-15 14:03:34,550 [EventQueue-DeleteBlockStatusForDeletedBlockLogImpl] DEBUG block.DeletedBlockLogImpl (DeletedBlockLogImpl.java:isTransactionFailed(278)) - Got block deletion ACK from datanode, TXIDs=55, success=true
2021-08-15 14:03:34,550 [EventQueue-DeleteBlockStatusForDeletedBlockLogImpl] DEBUG block.DeletedBlockLogImpl (DeletedBlockLogImpl.java:commitTransactions(224)) - Transaction txId=55 commit by dnId=c2c40a72-a699-49b1-b721-1997d9d2c71f for containerID=#55 failed. Corresponding entry not found.
2021-08-15 14:03:34,550 [EventQueue-DeleteBlockStatusForDeletedBlockLogImpl] DEBUG block.DeletedBlockLogImpl (DeletedBlockLogImpl.java:isTransactionFailed(278)) - Got block deletion ACK from datanode, TXIDs=56, success=true
2021-08-15 14:03:34,550 [EventQueue-DeleteBlockStatusForDeletedBlockLogImpl] DEBUG block.DeletedBlockLogImpl (DeletedBlockLogImpl.java:commitTransactions(224)) - Transaction txId=56 commit by dnId=c2c40a72-a699-49b1-b721-1997d9d2c71f for containerID=#56 failed. Corresponding entry not found.
2021-08-15 14:03:34,550 [EventQueue-DeleteBlockStatusForDeletedBlockLogImpl] DEBUG block.DeletedBlockLogImpl (DeletedBlockLogImpl.java:isTransactionFailed(278)) - Got block deletion ACK from datanode, TXIDs=27, success=true
2021-08-15 14:03:34,550 [EventQueue-DeleteBlockStatusForDeletedBlockLogImpl] DEBUG block.DeletedBlockLogImpl (DeletedBlockLogImpl.java:commitTransactions(224)) - Transaction txId=27 commit by dnId=c2c40a72-a699-49b1-b721-1997d9d2c71f for containerID=#27 failed. Corresponding entry not found.
2021-08-15 14:03:34,550 [EventQueue-DeleteBlockStatusForDeletedBlockLogImpl] DEBUG block.DeletedBlockLogImpl (DeletedBlockLogImpl.java:isTransactionFailed(278)) - Got block deletion ACK from datanode, TXIDs=28, success=true
2021-08-15 14:03:34,550 [EventQueue-DeleteBlockStatusForDeletedBlockLogImpl] DEBUG block.DeletedBlockLogImpl (DeletedBlockLogImpl.java:commitTransactions(224)) - Transaction txId=28 commit by dnId=c2c40a72-a699-49b1-b721-1997d9d2c71f for containerID=#28 failed. Corresponding entry not found.
2021-08-15 14:03:34,550 [EventQueue-DeleteBlockStatusForDeletedBlockLogImpl] DEBUG block.DeletedBlockLogImpl (DeletedBlockLogImpl.java:isTransactionFailed(278)) - Got block deletion ACK from datanode, TXIDs=29, success=true
2021-08-15 14:03:34,550 [EventQueue-DeleteBlockStatusForDeletedBlockLogImpl] DEBUG block.DeletedBlockLogImpl (DeletedBlockLogImpl.java:commitTransactions(224)) - Transaction txId=29 commit by dnId=c2c40a72-a699-49b1-b721-1997d9d2c71f for containerID=#29 failed. Corresponding entry not found.
2021-08-15 14:03:34,550 [EventQueue-DeleteBlockStatusForDeletedBlockLogImpl] DEBUG block.DeletedBlockLogImpl (DeletedBlockLogImpl.java:isTransactionFailed(278)) - Got block deletion ACK from datanode, TXIDs=30, success=true
2021-08-15 14:03:34,550 [EventQueue-DeleteBlockStatusForDeletedBlockLogImpl] DEBUG block.DeletedBlockLogImpl (DeletedBlockLogImpl.java:commitTransactions(224)) - Transaction txId=30 commit by dnId=c2c40a72-a699-49b1-b721-1997d9d2c71f for containerID=#30 failed. Corresponding entry not found.
2021-08-15 14:03:34,550 [EventQueue-DeleteBlockStatusForDeletedBlockLogImpl] DEBUG block.DeletedBlockLogImpl (DeletedBlockLogImpl.java:isTransactionFailed(278)) - Got block deletion ACK from datanode, TXIDs=31, success=true
2021-08-15 14:03:34,550 [EventQueue-DeleteBlockStatusForDeletedBlockLogImpl] DEBUG block.DeletedBlockLogImpl (DeletedBlockLogImpl.java:commitTransactions(224)) - Transaction txId=31 commit by dnId=c2c40a72-a699-49b1-b721-1997d9d2c71f for containerID=#31 failed. Corresponding entry not found.
2021-08-15 14:03:34,550 [EventQueue-DeleteBlockStatusForDeletedBlockLogImpl] DEBUG block.DeletedBlockLogImpl (DeletedBlockLogImpl.java:isTransactionFailed(278)) - Got block deletion ACK from datanode, TXIDs=32, success=true
2021-08-15 14:03:34,550 [EventQueue-DeleteBlockStatusForDeletedBlockLogImpl] DEBUG block.DeletedBlockLogImpl (DeletedBlockLogImpl.java:commitTransactions(224)) - Transaction txId=32 commit by dnId=c2c40a72-a699-49b1-b721-1997d9d2c71f for containerID=#32 failed. Corresponding entry not found.
2021-08-15 14:03:34,550 [EventQueue-DeleteBlockStatusForDeletedBlockLogImpl] DEBUG block.DeletedBlockLogImpl (DeletedBlockLogImpl.java:isTransactionFailed(278)) - Got block deletion ACK from datanode, TXIDs=33, success=true
2021-08-15 14:03:34,550 [EventQueue-DeleteBlockStatusForDeletedBlockLogImpl] DEBUG block.DeletedBlockLogImpl (DeletedBlockLogImpl.java:commitTransactions(224)) - Transaction txId=33 commit by dnId=c2c40a72-a699-49b1-b721-1997d9d2c71f for containerID=#33 failed. Corresponding entry not found.
2021-08-15 14:03:34,550 [EventQueue-DeleteBlockStatusForDeletedBlockLogImpl] DEBUG block.DeletedBlockLogImpl (DeletedBlockLogImpl.java:isTransactionFailed(278)) - Got block deletion ACK from datanode, TXIDs=34, success=true
2021-08-15 14:03:34,550 [EventQueue-DeleteBlockStatusForDeletedBlockLogImpl] DEBUG block.DeletedBlockLogImpl (DeletedBlockLogImpl.java:commitTransactions(224)) - Transaction txId=34 commit by dnId=c2c40a72-a699-49b1-b721-1997d9d2c71f for containerID=#34 failed. Corresponding entry not found.
2021-08-15 14:03:34,550 [EventQueue-DeleteBlockStatusForDeletedBlockLogImpl] DEBUG block.DeletedBlockLogImpl (DeletedBlockLogImpl.java:isTransactionFailed(278)) - Got block deletion ACK from datanode, TXIDs=35, success=true
2021-08-15 14:03:34,550 [EventQueue-DeleteBlockStatusForDeletedBlockLogImpl] DEBUG block.DeletedBlockLogImpl (DeletedBlockLogImpl.java:commitTransactions(224)) - Transaction txId=35 commit by dnId=c2c40a72-a699-49b1-b721-1997d9d2c71f for containerID=#35 failed. Corresponding entry not found.
2021-08-15 14:03:34,550 [EventQueue-DeleteBlockStatusForDeletedBlockLogImpl] DEBUG block.DeletedBlockLogImpl (DeletedBlockLogImpl.java:isTransactionFailed(278)) - Got block deletion ACK from datanode, TXIDs=36, success=true
2021-08-15 14:03:34,550 [EventQueue-DeleteBlockStatusForDeletedBlockLogImpl] DEBUG block.DeletedBlockLogImpl (DeletedBlockLogImpl.java:commitTransactions(224)) - Transaction txId=36 commit by dnId=c2c40a72-a699-49b1-b721-1997d9d2c71f for containerID=#36 failed. Corresponding entry not found.
2021-08-15 14:03:34,550 [EventQueue-DeleteBlockStatusForDeletedBlockLogImpl] DEBUG block.DeletedBlockLogImpl (DeletedBlockLogImpl.java:isTransactionFailed(278)) - Got block deletion ACK from datanode, TXIDs=37, success=true
2021-08-15 14:03:34,550 [EventQueue-DeleteBlockStatusForDeletedBlockLogImpl] DEBUG block.DeletedBlockLogImpl (DeletedBlockLogImpl.java:commitTransactions(224)) - Transaction txId=37 commit by dnId=c2c40a72-a699-49b1-b721-1997d9d2c71f for containerID=#37 failed. Corresponding entry not found.
2021-08-15 14:03:34,550 [EventQueue-DeleteBlockStatusForDeletedBlockLogImpl] DEBUG block.DeletedBlockLogImpl (DeletedBlockLogImpl.java:isTransactionFailed(278)) - Got block deletion ACK from datanode, TXIDs=38, success=true
2021-08-15 14:03:34,550 [EventQueue-DeleteBlockStatusForDeletedBlockLogImpl] DEBUG block.DeletedBlockLogImpl (DeletedBlockLogImpl.java:commitTransactions(224)) - Transaction txId=38 commit by dnId=c2c40a72-a699-49b1-b721-1997d9d2c71f for containerID=#38 failed. Corresponding entry not found.
2021-08-15 14:03:34,550 [EventQueue-DeleteBlockStatusForDeletedBlockLogImpl] DEBUG block.DeletedBlockLogImpl (DeletedBlockLogImpl.java:isTransactionFailed(278)) - Got block deletion ACK from datanode, TXIDs=39, success=true
2021-08-15 14:03:34,550 [EventQueue-DeleteBlockStatusForDeletedBlockLogImpl] DEBUG block.DeletedBlockLogImpl (DeletedBlockLogImpl.java:commitTransactions(224)) - Transaction txId=39 commit by dnId=c2c40a72-a699-49b1-b721-1997d9d2c71f for containerID=#39 failed. Corresponding entry not found.
2021-08-15 14:03:34,550 [EventQueue-DeleteBlockStatusForDeletedBlockLogImpl] DEBUG block.DeletedBlockLogImpl (DeletedBlockLogImpl.java:isTransactionFailed(278)) - Got block deletion ACK from datanode, TXIDs=40, success=true
2021-08-15 14:03:34,550 [EventQueue-DeleteBlockStatusForDeletedBlockLogImpl] DEBUG block.DeletedBlockLogImpl (DeletedBlockLogImpl.java:commitTransactions(224)) - Transaction txId=40 commit by dnId=c2c40a72-a699-49b1-b721-1997d9d2c71f for containerID=#40 failed. Corresponding entry not found.
2021-08-15 14:03:34,550 [EventQueue-DeleteBlockStatusForDeletedBlockLogImpl] DEBUG block.DeletedBlockLogImpl (DeletedBlockLogImpl.java:isTransactionFailed(278)) - Got block deletion ACK from datanode, TXIDs=41, success=true
2021-08-15 14:03:34,550 [EventQueue-DeleteBlockStatusForDeletedBlockLogImpl] DEBUG block.DeletedBlockLogImpl (DeletedBlockLogImpl.java:commitTransactions(224)) - Transaction txId=41 commit by dnId=c2c40a72-a699-49b1-b721-1997d9d2c71f for containerID=#41 failed. Corresponding entry not found.
2021-08-15 14:03:34,550 [EventQueue-DeleteBlockStatusForDeletedBlockLogImpl] DEBUG block.DeletedBlockLogImpl (DeletedBlockLogImpl.java:isTransactionFailed(278)) - Got block deletion ACK from datanode, TXIDs=42, success=true
2021-08-15 14:03:34,550 [EventQueue-DeleteBlockStatusForDeletedBlockLogImpl] DEBUG block.DeletedBlockLogImpl (DeletedBlockLogImpl.java:commitTransactions(224)) - Transaction txId=42 commit by dnId=c2c40a72-a699-49b1-b721-1997d9d2c71f for containerID=#42 failed. Corresponding entry not found.
2021-08-15 14:03:34,550 [EventQueue-DeleteBlockStatusForDeletedBlockLogImpl] DEBUG block.DeletedBlockLogImpl (DeletedBlockLogImpl.java:isTransactionFailed(278)) - Got block deletion ACK from datanode, TXIDs=43, success=true
2021-08-15 14:03:34,550 [EventQueue-DeleteBlockStatusForDeletedBlockLogImpl] DEBUG block.DeletedBlockLogImpl (DeletedBlockLogImpl.java:commitTransactions(224)) - Transaction txId=43 commit by dnId=c2c40a72-a699-49b1-b721-1997d9d2c71f for containerID=#43 failed. Corresponding entry not found.
2021-08-15 14:03:34,550 [EventQueue-DeleteBlockStatusForDeletedBlockLogImpl] DEBUG block.DeletedBlockLogImpl (DeletedBlockLogImpl.java:isTransactionFailed(278)) - Got block deletion ACK from datanode, TXIDs=44, success=true
2021-08-15 14:03:34,550 [EventQueue-DeleteBlockStatusForDeletedBlockLogImpl] DEBUG block.DeletedBlockLogImpl (DeletedBlockLogImpl.java:commitTransactions(224)) - Transaction txId=44 commit by dnId=c2c40a72-a699-49b1-b721-1997d9d2c71f for containerID=#44 failed. Corresponding entry not found.
2021-08-15 14:03:34,550 [EventQueue-DeleteBlockStatusForDeletedBlockLogImpl] DEBUG block.DeletedBlockLogImpl (DeletedBlockLogImpl.java:isTransactionFailed(278)) - Got block deletion ACK from datanode, TXIDs=45, success=true
2021-08-15 14:03:34,550 [EventQueue-DeleteBlockStatusForDeletedBlockLogImpl] DEBUG block.DeletedBlockLogImpl (DeletedBlockLogImpl.java:commitTransactions(224)) - Transaction txId=45 commit by dnId=c2c40a72-a699-49b1-b721-1997d9d2c71f for containerID=#45 failed. Corresponding entry not found.
2021-08-15 14:03:34,550 [EventQueue-DeleteBlockStatusForDeletedBlockLogImpl] DEBUG block.DeletedBlockLogImpl (DeletedBlockLogImpl.java:isTransactionFailed(278)) - Got block deletion ACK from datanode, TXIDs=46, success=true
2021-08-15 14:03:34,551 [EventQueue-DeleteBlockStatusForDeletedBlockLogImpl] DEBUG block.DeletedBlockLogImpl (DeletedBlockLogImpl.java:commitTransactions(224)) - Transaction txId=46 commit by dnId=c2c40a72-a699-49b1-b721-1997d9d2c71f for containerID=#46 failed. Corresponding entry not found.
2021-08-15 14:03:34,551 [EventQueue-DeleteBlockStatusForDeletedBlockLogImpl] DEBUG block.DeletedBlockLogImpl (DeletedBlockLogImpl.java:isTransactionFailed(278)) - Got block deletion ACK from datanode, TXIDs=47, success=true
2021-08-15 14:03:34,551 [EventQueue-DeleteBlockStatusForDeletedBlockLogImpl] DEBUG block.DeletedBlockLogImpl (DeletedBlockLogImpl.java:commitTransactions(224)) - Transaction txId=47 commit by dnId=c2c40a72-a699-49b1-b721-1997d9d2c71f for containerID=#47 failed. Corresponding entry not found.
2021-08-15 14:03:34,551 [EventQueue-DeleteBlockStatusForDeletedBlockLogImpl] DEBUG block.DeletedBlockLogImpl (DeletedBlockLogImpl.java:isTransactionFailed(278)) - Got block deletion ACK from datanode, TXIDs=48, success=true
2021-08-15 14:03:34,551 [EventQueue-DeleteBlockStatusForDeletedBlockLogImpl] DEBUG block.DeletedBlockLogImpl (DeletedBlockLogImpl.java:commitTransactions(224)) - Transaction txId=48 commit by dnId=c2c40a72-a699-49b1-b721-1997d9d2c71f for containerID=#48 failed. Corresponding entry not found.
2021-08-15 14:03:34,551 [EventQueue-DeleteBlockStatusForDeletedBlockLogImpl] DEBUG block.DeletedBlockLogImpl (DeletedBlockLogImpl.java:isTransactionFailed(278)) - Got block deletion ACK from datanode, TXIDs=49, success=true
2021-08-15 14:03:34,551 [EventQueue-DeleteBlockStatusForDeletedBlockLogImpl] DEBUG block.DeletedBlockLogImpl (DeletedBlockLogImpl.java:commitTransactions(224)) - Transaction txId=49 commit by dnId=c2c40a72-a699-49b1-b721-1997d9d2c71f for containerID=#49 failed. Corresponding entry not found.
2021-08-15 14:03:34,551 [EventQueue-DeleteBlockStatusForDeletedBlockLogImpl] DEBUG block.DeletedBlockLogImpl (DeletedBlockLogImpl.java:isTransactionFailed(278)) - Got block deletion ACK from datanode, TXIDs=50, success=true
2021-08-15 14:03:34,551 [EventQueue-DeleteBlockStatusForDeletedBlockLogImpl] DEBUG block.DeletedBlockLogImpl (DeletedBlockLogImpl.java:commitTransactions(224)) - Transaction txId=50 commit by dnId=c2c40a72-a699-49b1-b721-1997d9d2c71f for containerID=#50 failed. Corresponding entry not found.
2021-08-15 14:03:34,551 [EventQueue-DeleteBlockStatusForDeletedBlockLogImpl] DEBUG block.DeletedBlockLogImpl (DeletedBlockLogImpl.java:isTransactionFailed(278)) - Got block deletion ACK from datanode, TXIDs=51, success=true
2021-08-15 14:03:34,551 [EventQueue-DeleteBlockStatusForDeletedBlockLogImpl] DEBUG block.DeletedBlockLogImpl (DeletedBlockLogImpl.java:commitTransactions(224)) - Transaction txId=51 commit by dnId=c2c40a72-a699-49b1-b721-1997d9d2c71f for containerID=#51 failed. Corresponding entry not found.
2021-08-15 14:03:34,551 [EventQueue-DeleteBlockStatusForDeletedBlockLogImpl] DEBUG block.DeletedBlockLogImpl (DeletedBlockLogImpl.java:isTransactionFailed(278)) - Got block deletion ACK from datanode, TXIDs=52, success=true
2021-08-15 14:03:34,551 [EventQueue-DeleteBlockStatusForDeletedBlockLogImpl] DEBUG block.DeletedBlockLogImpl (DeletedBlockLogImpl.java:commitTransactions(224)) - Transaction txId=52 commit by dnId=c2c40a72-a699-49b1-b721-1997d9d2c71f for containerID=#52 failed. Corresponding entry not found.
2021-08-15 14:03:34,551 [EventQueue-DeleteBlockStatusForDeletedBlockLogImpl] DEBUG block.DeletedBlockLogImpl (DeletedBlockLogImpl.java:isTransactionFailed(278)) - Got block deletion ACK from datanode, TXIDs=53, success=true
2021-08-15 14:03:34,551 [EventQueue-DeleteBlockStatusForDeletedBlockLogImpl] DEBUG block.DeletedBlockLogImpl (DeletedBlockLogImpl.java:commitTransactions(224)) - Transaction txId=53 commit by dnId=c2c40a72-a699-49b1-b721-1997d9d2c71f for containerID=#53 failed. Corresponding entry not found.
2021-08-15 14:03:34,551 [EventQueue-DeleteBlockStatusForDeletedBlockLogImpl] DEBUG block.DeletedBlockLogImpl (DeletedBlockLogImpl.java:isTransactionFailed(278)) - Got block deletion ACK from datanode, TXIDs=54, success=true
2021-08-15 14:03:34,551 [EventQueue-DeleteBlockStatusForDeletedBlockLogImpl] DEBUG block.DeletedBlockLogImpl (DeletedBlockLogImpl.java:commitTransactions(224)) - Transaction txId=54 commit by dnId=c2c40a72-a699-49b1-b721-1997d9d2c71f for containerID=#54 failed. Corresponding entry not found.
2021-08-15 14:03:34,551 [EventQueue-DeleteBlockStatusForDeletedBlockLogImpl] DEBUG block.DeletedBlockLogImpl (DeletedBlockLogImpl.java:isTransactionFailed(278)) - Got block deletion ACK from datanode, TXIDs=55, success=true
2021-08-15 14:03:34,551 [EventQueue-DeleteBlockStatusForDeletedBlockLogImpl] DEBUG block.DeletedBlockLogImpl (DeletedBlockLogImpl.java:commitTransactions(224)) - Transaction txId=55 commit by dnId=c2c40a72-a699-49b1-b721-1997d9d2c71f for containerID=#55 failed. Corresponding entry not found.
2021-08-15 14:03:34,551 [EventQueue-DeleteBlockStatusForDeletedBlockLogImpl] DEBUG block.DeletedBlockLogImpl (DeletedBlockLogImpl.java:isTransactionFailed(278)) - Got block deletion ACK from datanode, TXIDs=56, success=true
2021-08-15 14:03:34,551 [EventQueue-DeleteBlockStatusForDeletedBlockLogImpl] DEBUG block.DeletedBlockLogImpl (DeletedBlockLogImpl.java:commitTransactions(224)) - Transaction txId=56 commit by dnId=c2c40a72-a699-49b1-b721-1997d9d2c71f for containerID=#56 failed. Corresponding entry not found.
2021-08-15 14:03:34,551 [EventQueue-DeleteBlockStatusForDeletedBlockLogImpl] DEBUG block.DeletedBlockLogImpl (DeletedBlockLogImpl.java:isTransactionFailed(278)) - Got block deletion ACK from datanode, TXIDs=27, success=true
2021-08-15 14:03:34,551 [EventQueue-DeleteBlockStatusForDeletedBlockLogImpl] DEBUG block.DeletedBlockLogImpl (DeletedBlockLogImpl.java:commitTransactions(224)) - Transaction txId=27 commit by dnId=c2c40a72-a699-49b1-b721-1997d9d2c71f for containerID=#27 failed. Corresponding entry not found.
2021-08-15 14:03:34,551 [EventQueue-DeleteBlockStatusForDeletedBlockLogImpl] DEBUG block.DeletedBlockLogImpl (DeletedBlockLogImpl.java:isTransactionFailed(278)) - Got block deletion ACK from datanode, TXIDs=28, success=true
2021-08-15 14:03:34,551 [EventQueue-DeleteBlockStatusForDeletedBlockLogImpl] DEBUG block.DeletedBlockLogImpl (DeletedBlockLogImpl.java:commitTransactions(224)) - Transaction txId=28 commit by dnId=c2c40a72-a699-49b1-b721-1997d9d2c71f for containerID=#28 failed. Corresponding entry not found.
2021-08-15 14:03:34,551 [EventQueue-DeleteBlockStatusForDeletedBlockLogImpl] DEBUG block.DeletedBlockLogImpl (DeletedBlockLogImpl.java:isTransactionFailed(278)) - Got block deletion ACK from datanode, TXIDs=29, success=true
2021-08-15 14:03:34,551 [EventQueue-DeleteBlockStatusForDeletedBlockLogImpl] DEBUG block.DeletedBlockLogImpl (DeletedBlockLogImpl.java:commitTransactions(224)) - Transaction txId=29 commit by dnId=c2c40a72-a699-49b1-b721-1997d9d2c71f for containerID=#29 failed. Corresponding entry not found.
2021-08-15 14:03:34,551 [EventQueue-DeleteBlockStatusForDeletedBlockLogImpl] DEBUG block.DeletedBlockLogImpl (DeletedBlockLogImpl.java:isTransactionFailed(278)) - Got block deletion ACK from datanode, TXIDs=30, success=true
2021-08-15 14:03:34,551 [EventQueue-DeleteBlockStatusForDeletedBlockLogImpl] DEBUG block.DeletedBlockLogImpl (DeletedBlockLogImpl.java:commitTransactions(224)) - Transaction txId=30 commit by dnId=c2c40a72-a699-49b1-b721-1997d9d2c71f for containerID=#30 failed. Corresponding entry not found.
2021-08-15 14:03:34,551 [EventQueue-DeleteBlockStatusForDeletedBlockLogImpl] DEBUG block.DeletedBlockLogImpl (DeletedBlockLogImpl.java:isTransactionFailed(278)) - Got block deletion ACK from datanode, TXIDs=31, success=true
2021-08-15 14:03:34,551 [EventQueue-DeleteBlockStatusForDeletedBlockLogImpl] DEBUG block.DeletedBlockLogImpl (DeletedBlockLogImpl.java:commitTransactions(224)) - Transaction txId=31 commit by dnId=c2c40a72-a699-49b1-b721-1997d9d2c71f for containerID=#31 failed. Corresponding entry not found.
2021-08-15 14:03:34,551 [EventQueue-DeleteBlockStatusForDeletedBlockLogImpl] DEBUG block.DeletedBlockLogImpl (DeletedBlockLogImpl.java:isTransactionFailed(278)) - Got block deletion ACK from datanode, TXIDs=32, success=true
2021-08-15 14:03:34,551 [EventQueue-DeleteBlockStatusForDeletedBlockLogImpl] DEBUG block.DeletedBlockLogImpl (DeletedBlockLogImpl.java:commitTransactions(224)) - Transaction txId=32 commit by dnId=c2c40a72-a699-49b1-b721-1997d9d2c71f for containerID=#32 failed. Corresponding entry not found.
2021-08-15 14:03:34,551 [EventQueue-DeleteBlockStatusForDeletedBlockLogImpl] DEBUG block.DeletedBlockLogImpl (DeletedBlockLogImpl.java:isTransactionFailed(278)) - Got block deletion ACK from datanode, TXIDs=33, success=true
2021-08-15 14:03:34,551 [EventQueue-DeleteBlockStatusForDeletedBlockLogImpl] DEBUG block.DeletedBlockLogImpl (DeletedBlockLogImpl.java:commitTransactions(224)) - Transaction txId=33 commit by dnId=c2c40a72-a699-49b1-b721-1997d9d2c71f for containerID=#33 failed. Corresponding entry not found.
2021-08-15 14:03:34,551 [EventQueue-DeleteBlockStatusForDeletedBlockLogImpl] DEBUG block.DeletedBlockLogImpl (DeletedBlockLogImpl.java:isTransactionFailed(278)) - Got block deletion ACK from datanode, TXIDs=34, success=true
2021-08-15 14:03:34,551 [EventQueue-DeleteBlockStatusForDeletedBlockLogImpl] DEBUG block.DeletedBlockLogImpl (DeletedBlockLogImpl.java:commitTransactions(224)) - Transaction txId=34 commit by dnId=c2c40a72-a699-49b1-b721-1997d9d2c71f for containerID=#34 failed. Corresponding entry not found.
2021-08-15 14:03:34,551 [EventQueue-DeleteBlockStatusForDeletedBlockLogImpl] DEBUG block.DeletedBlockLogImpl (DeletedBlockLogImpl.java:isTransactionFailed(278)) - Got block deletion ACK from datanode, TXIDs=35, success=true
2021-08-15 14:03:34,551 [EventQueue-DeleteBlockStatusForDeletedBlockLogImpl] DEBUG block.DeletedBlockLogImpl (DeletedBlockLogImpl.java:commitTransactions(224)) - Transaction txId=35 commit by dnId=c2c40a72-a699-49b1-b721-1997d9d2c71f for containerID=#35 failed. Corresponding entry not found.
2021-08-15 14:03:34,551 [EventQueue-DeleteBlockStatusForDeletedBlockLogImpl] DEBUG block.DeletedBlockLogImpl (DeletedBlockLogImpl.java:isTransactionFailed(278)) - Got block deletion ACK from datanode, TXIDs=36, success=true
2021-08-15 14:03:34,551 [EventQueue-DeleteBlockStatusForDeletedBlockLogImpl] DEBUG block.DeletedBlockLogImpl (DeletedBlockLogImpl.java:commitTransactions(224)) - Transaction txId=36 commit by dnId=c2c40a72-a699-49b1-b721-1997d9d2c71f for containerID=#36 failed. Corresponding entry not found.
2021-08-15 14:03:34,551 [EventQueue-DeleteBlockStatusForDeletedBlockLogImpl] DEBUG block.DeletedBlockLogImpl (DeletedBlockLogImpl.java:isTransactionFailed(278)) - Got block deletion ACK from datanode, TXIDs=37, success=true
2021-08-15 14:03:34,551 [EventQueue-DeleteBlockStatusForDeletedBlockLogImpl] DEBUG block.DeletedBlockLogImpl (DeletedBlockLogImpl.java:commitTransactions(224)) - Transaction txId=37 commit by dnId=c2c40a72-a699-49b1-b721-1997d9d2c71f for containerID=#37 failed. Corresponding entry not found.
2021-08-15 14:03:34,551 [EventQueue-DeleteBlockStatusForDeletedBlockLogImpl] DEBUG block.DeletedBlockLogImpl (DeletedBlockLogImpl.java:isTransactionFailed(278)) - Got block deletion ACK from datanode, TXIDs=38, success=true
2021-08-15 14:03:34,551 [EventQueue-DeleteBlockStatusForDeletedBlockLogImpl] DEBUG block.DeletedBlockLogImpl (DeletedBlockLogImpl.java:commitTransactions(224)) - Transaction txId=38 commit by dnId=c2c40a72-a699-49b1-b721-1997d9d2c71f for containerID=#38 failed. Corresponding entry not found.
2021-08-15 14:03:34,551 [EventQueue-DeleteBlockStatusForDeletedBlockLogImpl] DEBUG block.DeletedBlockLogImpl (DeletedBlockLogImpl.java:isTransactionFailed(278)) - Got block deletion ACK from datanode, TXIDs=39, success=true
2021-08-15 14:03:34,551 [EventQueue-DeleteBlockStatusForDeletedBlockLogImpl] DEBUG block.DeletedBlockLogImpl (DeletedBlockLogImpl.java:commitTransactions(224)) - Transaction txId=39 commit by dnId=c2c40a72-a699-49b1-b721-1997d9d2c71f for containerID=#39 failed. Corresponding entry not found.
2021-08-15 14:03:34,551 [EventQueue-DeleteBlockStatusForDeletedBlockLogImpl] DEBUG block.DeletedBlockLogImpl (DeletedBlockLogImpl.java:isTransactionFailed(278)) - Got block deletion ACK from datanode, TXIDs=40, success=true
2021-08-15 14:03:34,551 [EventQueue-DeleteBlockStatusForDeletedBlockLogImpl] DEBUG block.DeletedBlockLogImpl (DeletedBlockLogImpl.java:commitTransactions(224)) - Transaction txId=40 commit by dnId=c2c40a72-a699-49b1-b721-1997d9d2c71f for containerID=#40 failed. Corresponding entry not found.
2021-08-15 14:03:34,551 [EventQueue-DeleteBlockStatusForDeletedBlockLogImpl] DEBUG block.DeletedBlockLogImpl (DeletedBlockLogImpl.java:isTransactionFailed(278)) - Got block deletion ACK from datanode, TXIDs=41, success=true
2021-08-15 14:03:34,551 [EventQueue-DeleteBlockStatusForDeletedBlockLogImpl] DEBUG block.DeletedBlockLogImpl (DeletedBlockLogImpl.java:commitTransactions(224)) - Transaction txId=41 commit by dnId=c2c40a72-a699-49b1-b721-1997d9d2c71f for containerID=#41 failed. Corresponding entry not found.
2021-08-15 14:03:34,551 [EventQueue-DeleteBlockStatusForDeletedBlockLogImpl] DEBUG block.DeletedBlockLogImpl (DeletedBlockLogImpl.java:isTransactionFailed(278)) - Got block deletion ACK from datanode, TXIDs=42, success=true
2021-08-15 14:03:34,551 [EventQueue-DeleteBlockStatusForDeletedBlockLogImpl] DEBUG block.DeletedBlockLogImpl (DeletedBlockLogImpl.java:commitTransactions(224)) - Transaction txId=42 commit by dnId=c2c40a72-a699-49b1-b721-1997d9d2c71f for containerID=#42 failed. Corresponding entry not found.
2021-08-15 14:03:34,551 [EventQueue-DeleteBlockStatusForDeletedBlockLogImpl] DEBUG block.DeletedBlockLogImpl (DeletedBlockLogImpl.java:isTransactionFailed(278)) - Got block deletion ACK from datanode, TXIDs=43, success=true
2021-08-15 14:03:34,552 [EventQueue-DeleteBlockStatusForDeletedBlockLogImpl] DEBUG block.DeletedBlockLogImpl (DeletedBlockLogImpl.java:commitTransactions(224)) - Transaction txId=43 commit by dnId=c2c40a72-a699-49b1-b721-1997d9d2c71f for containerID=#43 failed. Corresponding entry not found.
2021-08-15 14:03:34,552 [EventQueue-DeleteBlockStatusForDeletedBlockLogImpl] DEBUG block.DeletedBlockLogImpl (DeletedBlockLogImpl.java:isTransactionFailed(278)) - Got block deletion ACK from datanode, TXIDs=44, success=true
2021-08-15 14:03:34,552 [EventQueue-DeleteBlockStatusForDeletedBlockLogImpl] DEBUG block.DeletedBlockLogImpl (DeletedBlockLogImpl.java:commitTransactions(224)) - Transaction txId=44 commit by dnId=c2c40a72-a699-49b1-b721-1997d9d2c71f for containerID=#44 failed. Corresponding entry not found.
2021-08-15 14:03:34,552 [EventQueue-DeleteBlockStatusForDeletedBlockLogImpl] DEBUG block.DeletedBlockLogImpl (DeletedBlockLogImpl.java:isTransactionFailed(278)) - Got block deletion ACK from datanode, TXIDs=45, success=true
2021-08-15 14:03:34,552 [EventQueue-DeleteBlockStatusForDeletedBlockLogImpl] DEBUG block.DeletedBlockLogImpl (DeletedBlockLogImpl.java:commitTransactions(224)) - Transaction txId=45 commit by dnId=c2c40a72-a699-49b1-b721-1997d9d2c71f for containerID=#45 failed. Corresponding entry not found.
2021-08-15 14:03:34,552 [EventQueue-DeleteBlockStatusForDeletedBlockLogImpl] DEBUG block.DeletedBlockLogImpl (DeletedBlockLogImpl.java:isTransactionFailed(278)) - Got block deletion ACK from datanode, TXIDs=46, success=true
2021-08-15 14:03:34,552 [EventQueue-DeleteBlockStatusForDeletedBlockLogImpl] DEBUG block.DeletedBlockLogImpl (DeletedBlockLogImpl.java:commitTransactions(224)) - Transaction txId=46 commit by dnId=c2c40a72-a699-49b1-b721-1997d9d2c71f for containerID=#46 failed. Corresponding entry not found.
2021-08-15 14:03:34,552 [EventQueue-DeleteBlockStatusForDeletedBlockLogImpl] DEBUG block.DeletedBlockLogImpl (DeletedBlockLogImpl.java:isTransactionFailed(278)) - Got block deletion ACK from datanode, TXIDs=47, success=true
2021-08-15 14:03:34,553 [EventQueue-DeleteBlockStatusForDeletedBlockLogImpl] DEBUG block.DeletedBlockLogImpl (DeletedBlockLogImpl.java:commitTransactions(224)) - Transaction txId=47 commit by dnId=c2c40a72-a699-49b1-b721-1997d9d2c71f for containerID=#47 failed. Corresponding entry not found.
2021-08-15 14:03:34,553 [EventQueue-DeleteBlockStatusForDeletedBlockLogImpl] DEBUG block.DeletedBlockLogImpl (DeletedBlockLogImpl.java:isTransactionFailed(278)) - Got block deletion ACK from datanode, TXIDs=48, success=true
2021-08-15 14:03:34,563 [EventQueue-DeleteBlockStatusForDeletedBlockLogImpl] DEBUG block.DeletedBlockLogImpl (DeletedBlockLogImpl.java:commitTransactions(224)) - Transaction txId=48 commit by dnId=c2c40a72-a699-49b1-b721-1997d9d2c71f for containerID=#48 failed. Corresponding entry not found.
2021-08-15 14:03:34,563 [EventQueue-DeleteBlockStatusForDeletedBlockLogImpl] DEBUG block.DeletedBlockLogImpl (DeletedBlockLogImpl.java:isTransactionFailed(278)) - Got block deletion ACK from datanode, TXIDs=49, success=true
2021-08-15 14:03:34,563 [EventQueue-DeleteBlockStatusForDeletedBlockLogImpl] DEBUG block.DeletedBlockLogImpl (DeletedBlockLogImpl.java:commitTransactions(224)) - Transaction txId=49 commit by dnId=c2c40a72-a699-49b1-b721-1997d9d2c71f for containerID=#49 failed. Corresponding entry not found.
2021-08-15 14:03:34,563 [EventQueue-DeleteBlockStatusForDeletedBlockLogImpl] DEBUG block.DeletedBlockLogImpl (DeletedBlockLogImpl.java:isTransactionFailed(278)) - Got block deletion ACK from datanode, TXIDs=50, success=true
2021-08-15 14:03:34,563 [EventQueue-DeleteBlockStatusForDeletedBlockLogImpl] DEBUG block.DeletedBlockLogImpl (DeletedBlockLogImpl.java:commitTransactions(224)) - Transaction txId=50 commit by dnId=c2c40a72-a699-49b1-b721-1997d9d2c71f for containerID=#50 failed. Corresponding entry not found.
2021-08-15 14:03:34,563 [EventQueue-DeleteBlockStatusForDeletedBlockLogImpl] DEBUG block.DeletedBlockLogImpl (DeletedBlockLogImpl.java:isTransactionFailed(278)) - Got block deletion ACK from datanode, TXIDs=51, success=true
2021-08-15 14:03:34,563 [EventQueue-DeleteBlockStatusForDeletedBlockLogImpl] DEBUG block.DeletedBlockLogImpl (DeletedBlockLogImpl.java:commitTransactions(224)) - Transaction txId=51 commit by dnId=c2c40a72-a699-49b1-b721-1997d9d2c71f for containerID=#51 failed. Corresponding entry not found.
2021-08-15 14:03:34,564 [EventQueue-DeleteBlockStatusForDeletedBlockLogImpl] DEBUG block.DeletedBlockLogImpl (DeletedBlockLogImpl.java:isTransactionFailed(278)) - Got block deletion ACK from datanode, TXIDs=52, success=true
2021-08-15 14:03:34,564 [EventQueue-DeleteBlockStatusForDeletedBlockLogImpl] DEBUG block.DeletedBlockLogImpl (DeletedBlockLogImpl.java:commitTransactions(224)) - Transaction txId=52 commit by dnId=c2c40a72-a699-49b1-b721-1997d9d2c71f for containerID=#52 failed. Corresponding entry not found.
2021-08-15 14:03:34,564 [EventQueue-DeleteBlockStatusForDeletedBlockLogImpl] DEBUG block.DeletedBlockLogImpl (DeletedBlockLogImpl.java:isTransactionFailed(278)) - Got block deletion ACK from datanode, TXIDs=53, success=true
2021-08-15 14:03:34,564 [EventQueue-DeleteBlockStatusForDeletedBlockLogImpl] DEBUG block.DeletedBlockLogImpl (DeletedBlockLogImpl.java:commitTransactions(224)) - Transaction txId=53 commit by dnId=c2c40a72-a699-49b1-b721-1997d9d2c71f for containerID=#53 failed. Corresponding entry not found.
2021-08-15 14:03:34,564 [EventQueue-DeleteBlockStatusForDeletedBlockLogImpl] DEBUG block.DeletedBlockLogImpl (DeletedBlockLogImpl.java:isTransactionFailed(278)) - Got block deletion ACK from datanode, TXIDs=54, success=true
2021-08-15 14:03:34,564 [EventQueue-DeleteBlockStatusForDeletedBlockLogImpl] DEBUG block.DeletedBlockLogImpl (DeletedBlockLogImpl.java:commitTransactions(224)) - Transaction txId=54 commit by dnId=c2c40a72-a699-49b1-b721-1997d9d2c71f for containerID=#54 failed. Corresponding entry not found.
2021-08-15 14:03:34,564 [EventQueue-DeleteBlockStatusForDeletedBlockLogImpl] DEBUG block.DeletedBlockLogImpl (DeletedBlockLogImpl.java:isTransactionFailed(278)) - Got block deletion ACK from datanode, TXIDs=55, success=true
2021-08-15 14:03:34,564 [EventQueue-DeleteBlockStatusForDeletedBlockLogImpl] DEBUG block.DeletedBlockLogImpl (DeletedBlockLogImpl.java:commitTransactions(224)) - Transaction txId=55 commit by dnId=c2c40a72-a699-49b1-b721-1997d9d2c71f for containerID=#55 failed. Corresponding entry not found.
2021-08-15 14:03:34,564 [EventQueue-DeleteBlockStatusForDeletedBlockLogImpl] DEBUG block.DeletedBlockLogImpl (DeletedBlockLogImpl.java:isTransactionFailed(278)) - Got block deletion ACK from datanode, TXIDs=56, success=true
2021-08-15 14:03:34,564 [EventQueue-DeleteBlockStatusForDeletedBlockLogImpl] DEBUG block.DeletedBlockLogImpl (DeletedBlockLogImpl.java:commitTransactions(224)) - Transaction txId=56 commit by dnId=c2c40a72-a699-49b1-b721-1997d9d2c71f for containerID=#56 failed. Corresponding entry not found.
2021-08-15 14:03:34,564 [EventQueue-DeleteBlockStatusForDeletedBlockLogImpl] DEBUG block.DeletedBlockLogImpl (DeletedBlockLogImpl.java:isTransactionFailed(278)) - Got block deletion ACK from datanode, TXIDs=27, success=true
2021-08-15 14:03:34,564 [EventQueue-DeleteBlockStatusForDeletedBlockLogImpl] DEBUG block.DeletedBlockLogImpl (DeletedBlockLogImpl.java:commitTransactions(224)) - Transaction txId=27 commit by dnId=c2c40a72-a699-49b1-b721-1997d9d2c71f for containerID=#27 failed. Corresponding entry not found.
2021-08-15 14:03:34,564 [EventQueue-DeleteBlockStatusForDeletedBlockLogImpl] DEBUG block.DeletedBlockLogImpl (DeletedBlockLogImpl.java:isTransactionFailed(278)) - Got block deletion ACK from datanode, TXIDs=28, success=true
2021-08-15 14:03:34,564 [EventQueue-DeleteBlockStatusForDeletedBlockLogImpl] DEBUG block.DeletedBlockLogImpl (DeletedBlockLogImpl.java:commitTransactions(224)) - Transaction txId=28 commit by dnId=c2c40a72-a699-49b1-b721-1997d9d2c71f for containerID=#28 failed. Corresponding entry not found.
2021-08-15 14:03:34,564 [EventQueue-DeleteBlockStatusForDeletedBlockLogImpl] DEBUG block.DeletedBlockLogImpl (DeletedBlockLogImpl.java:isTransactionFailed(278)) - Got block deletion ACK from datanode, TXIDs=29, success=true
2021-08-15 14:03:34,564 [EventQueue-DeleteBlockStatusForDeletedBlockLogImpl] DEBUG block.DeletedBlockLogImpl (DeletedBlockLogImpl.java:commitTransactions(224)) - Transaction txId=29 commit by dnId=c2c40a72-a699-49b1-b721-1997d9d2c71f for containerID=#29 failed. Corresponding entry not found.
2021-08-15 14:03:34,564 [EventQueue-DeleteBlockStatusForDeletedBlockLogImpl] DEBUG block.DeletedBlockLogImpl (DeletedBlockLogImpl.java:isTransactionFailed(278)) - Got block deletion ACK from datanode, TXIDs=30, success=true
2021-08-15 14:03:34,564 [EventQueue-DeleteBlockStatusForDeletedBlockLogImpl] DEBUG block.DeletedBlockLogImpl (DeletedBlockLogImpl.java:commitTransactions(224)) - Transaction txId=30 commit by dnId=c2c40a72-a699-49b1-b721-1997d9d2c71f for containerID=#30 failed. Corresponding entry not found.
2021-08-15 14:03:34,564 [EventQueue-DeleteBlockStatusForDeletedBlockLogImpl] DEBUG block.DeletedBlockLogImpl (DeletedBlockLogImpl.java:isTransactionFailed(278)) - Got block deletion ACK from datanode, TXIDs=31, success=true
2021-08-15 14:03:34,564 [EventQueue-DeleteBlockStatusForDeletedBlockLogImpl] DEBUG block.DeletedBlockLogImpl (DeletedBlockLogImpl.java:commitTransactions(224)) - Transaction txId=31 commit by dnId=c2c40a72-a699-49b1-b721-1997d9d2c71f for containerID=#31 failed. Corresponding entry not found.
2021-08-15 14:03:34,564 [EventQueue-DeleteBlockStatusForDeletedBlockLogImpl] DEBUG block.DeletedBlockLogImpl (DeletedBlockLogImpl.java:isTransactionFailed(278)) - Got block deletion ACK from datanode, TXIDs=32, success=true
2021-08-15 14:03:34,564 [EventQueue-DeleteBlockStatusForDeletedBlockLogImpl] DEBUG block.DeletedBlockLogImpl (DeletedBlockLogImpl.java:commitTransactions(224)) - Transaction txId=32 commit by dnId=c2c40a72-a699-49b1-b721-1997d9d2c71f for containerID=#32 failed. Corresponding entry not found.
2021-08-15 14:03:34,564 [EventQueue-DeleteBlockStatusForDeletedBlockLogImpl] DEBUG block.DeletedBlockLogImpl (DeletedBlockLogImpl.java:isTransactionFailed(278)) - Got block deletion ACK from datanode, TXIDs=33, success=true
2021-08-15 14:03:34,564 [EventQueue-DeleteBlockStatusForDeletedBlockLogImpl] DEBUG block.DeletedBlockLogImpl (DeletedBlockLogImpl.java:commitTransactions(224)) - Transaction txId=33 commit by dnId=c2c40a72-a699-49b1-b721-1997d9d2c71f for containerID=#33 failed. Corresponding entry not found.
2021-08-15 14:03:34,564 [EventQueue-DeleteBlockStatusForDeletedBlockLogImpl] DEBUG block.DeletedBlockLogImpl (DeletedBlockLogImpl.java:isTransactionFailed(278)) - Got block deletion ACK from datanode, TXIDs=34, success=true
2021-08-15 14:03:34,564 [EventQueue-DeleteBlockStatusForDeletedBlockLogImpl] DEBUG block.DeletedBlockLogImpl (DeletedBlockLogImpl.java:commitTransactions(224)) - Transaction txId=34 commit by dnId=c2c40a72-a699-49b1-b721-1997d9d2c71f for containerID=#34 failed. Corresponding entry not found.
2021-08-15 14:03:34,564 [EventQueue-DeleteBlockStatusForDeletedBlockLogImpl] DEBUG block.DeletedBlockLogImpl (DeletedBlockLogImpl.java:isTransactionFailed(278)) - Got block deletion ACK from datanode, TXIDs=35, success=true
2021-08-15 14:03:34,567 [EventQueue-DeleteBlockStatusForDeletedBlockLogImpl] DEBUG block.DeletedBlockLogImpl (DeletedBlockLogImpl.java:commitTransactions(224)) - Transaction txId=35 commit by dnId=c2c40a72-a699-49b1-b721-1997d9d2c71f for containerID=#35 failed. Corresponding entry not found.
2021-08-15 14:03:34,568 [EventQueue-DeleteBlockStatusForDeletedBlockLogImpl] DEBUG block.DeletedBlockLogImpl (DeletedBlockLogImpl.java:isTransactionFailed(278)) - Got block deletion ACK from datanode, TXIDs=36, success=true
2021-08-15 14:03:34,568 [EventQueue-DeleteBlockStatusForDeletedBlockLogImpl] DEBUG block.DeletedBlockLogImpl (DeletedBlockLogImpl.java:commitTransactions(224)) - Transaction txId=36 commit by dnId=c2c40a72-a699-49b1-b721-1997d9d2c71f for containerID=#36 failed. Corresponding entry not found.
2021-08-15 14:03:34,568 [EventQueue-DeleteBlockStatusForDeletedBlockLogImpl] DEBUG block.DeletedBlockLogImpl (DeletedBlockLogImpl.java:isTransactionFailed(278)) - Got block deletion ACK from datanode, TXIDs=37, success=true
2021-08-15 14:03:34,568 [EventQueue-DeleteBlockStatusForDeletedBlockLogImpl] DEBUG block.DeletedBlockLogImpl (DeletedBlockLogImpl.java:commitTransactions(224)) - Transaction txId=37 commit by dnId=c2c40a72-a699-49b1-b721-1997d9d2c71f for containerID=#37 failed. Corresponding entry not found.
2021-08-15 14:03:34,568 [EventQueue-DeleteBlockStatusForDeletedBlockLogImpl] DEBUG block.DeletedBlockLogImpl (DeletedBlockLogImpl.java:isTransactionFailed(278)) - Got block deletion ACK from datanode, TXIDs=38, success=true
2021-08-15 14:03:34,568 [EventQueue-DeleteBlockStatusForDeletedBlockLogImpl] DEBUG block.DeletedBlockLogImpl (DeletedBlockLogImpl.java:commitTransactions(224)) - Transaction txId=38 commit by dnId=c2c40a72-a699-49b1-b721-1997d9d2c71f for containerID=#38 failed. Corresponding entry not found.
2021-08-15 14:03:34,568 [EventQueue-DeleteBlockStatusForDeletedBlockLogImpl] DEBUG block.DeletedBlockLogImpl (DeletedBlockLogImpl.java:isTransactionFailed(278)) - Got block deletion ACK from datanode, TXIDs=39, success=true
2021-08-15 14:03:34,568 [EventQueue-DeleteBlockStatusForDeletedBlockLogImpl] DEBUG block.DeletedBlockLogImpl (DeletedBlockLogImpl.java:commitTransactions(224)) - Transaction txId=39 commit by dnId=c2c40a72-a699-49b1-b721-1997d9d2c71f for containerID=#39 failed. Corresponding entry not found.
2021-08-15 14:03:34,568 [EventQueue-DeleteBlockStatusForDeletedBlockLogImpl] DEBUG block.DeletedBlockLogImpl (DeletedBlockLogImpl.java:isTransactionFailed(278)) - Got block deletion ACK from datanode, TXIDs=40, success=true
2021-08-15 14:03:34,568 [EventQueue-DeleteBlockStatusForDeletedBlockLogImpl] DEBUG block.DeletedBlockLogImpl (DeletedBlockLogImpl.java:commitTransactions(224)) - Transaction txId=40 commit by dnId=c2c40a72-a699-49b1-b721-1997d9d2c71f for containerID=#40 failed. Corresponding entry not found.
2021-08-15 14:03:34,568 [EventQueue-DeleteBlockStatusForDeletedBlockLogImpl] DEBUG block.DeletedBlockLogImpl (DeletedBlockLogImpl.java:isTransactionFailed(278)) - Got block deletion ACK from datanode, TXIDs=41, success=true
2021-08-15 14:03:34,568 [EventQueue-DeleteBlockStatusForDeletedBlockLogImpl] DEBUG block.DeletedBlockLogImpl (DeletedBlockLogImpl.java:commitTransactions(224)) - Transaction txId=41 commit by dnId=c2c40a72-a699-49b1-b721-1997d9d2c71f for containerID=#41 failed. Corresponding entry not found.
2021-08-15 14:03:34,568 [EventQueue-DeleteBlockStatusForDeletedBlockLogImpl] DEBUG block.DeletedBlockLogImpl (DeletedBlockLogImpl.java:isTransactionFailed(278)) - Got block deletion ACK from datanode, TXIDs=42, success=true
2021-08-15 14:03:34,568 [EventQueue-DeleteBlockStatusForDeletedBlockLogImpl] DEBUG block.DeletedBlockLogImpl (DeletedBlockLogImpl.java:commitTransactions(224)) - Transaction txId=42 commit by dnId=c2c40a72-a699-49b1-b721-1997d9d2c71f for containerID=#42 failed. Corresponding entry not found.
2021-08-15 14:03:34,568 [EventQueue-DeleteBlockStatusForDeletedBlockLogImpl] DEBUG block.DeletedBlockLogImpl (DeletedBlockLogImpl.java:isTransactionFailed(278)) - Got block deletion ACK from datanode, TXIDs=43, success=true
2021-08-15 14:03:34,568 [EventQueue-DeleteBlockStatusForDeletedBlockLogImpl] DEBUG block.DeletedBlockLogImpl (DeletedBlockLogImpl.java:commitTransactions(224)) - Transaction txId=43 commit by dnId=c2c40a72-a699-49b1-b721-1997d9d2c71f for containerID=#43 failed. Corresponding entry not found.
2021-08-15 14:03:34,568 [EventQueue-DeleteBlockStatusForDeletedBlockLogImpl] DEBUG block.DeletedBlockLogImpl (DeletedBlockLogImpl.java:isTransactionFailed(278)) - Got block deletion ACK from datanode, TXIDs=44, success=true
2021-08-15 14:03:34,568 [EventQueue-DeleteBlockStatusForDeletedBlockLogImpl] DEBUG block.DeletedBlockLogImpl (DeletedBlockLogImpl.java:commitTransactions(224)) - Transaction txId=44 commit by dnId=c2c40a72-a699-49b1-b721-1997d9d2c71f for containerID=#44 failed. Corresponding entry not found.
2021-08-15 14:03:34,568 [EventQueue-DeleteBlockStatusForDeletedBlockLogImpl] DEBUG block.DeletedBlockLogImpl (DeletedBlockLogImpl.java:isTransactionFailed(278)) - Got block deletion ACK from datanode, TXIDs=45, success=true
2021-08-15 14:03:34,568 [EventQueue-DeleteBlockStatusForDeletedBlockLogImpl] DEBUG block.DeletedBlockLogImpl (DeletedBlockLogImpl.java:commitTransactions(224)) - Transaction txId=45 commit by dnId=c2c40a72-a699-49b1-b721-1997d9d2c71f for containerID=#45 failed. Corresponding entry not found.
2021-08-15 14:03:34,568 [EventQueue-DeleteBlockStatusForDeletedBlockLogImpl] DEBUG block.DeletedBlockLogImpl (DeletedBlockLogImpl.java:isTransactionFailed(278)) - Got block deletion ACK from datanode, TXIDs=46, success=true
2021-08-15 14:03:34,568 [EventQueue-DeleteBlockStatusForDeletedBlockLogImpl] DEBUG block.DeletedBlockLogImpl (DeletedBlockLogImpl.java:commitTransactions(224)) - Transaction txId=46 commit by dnId=c2c40a72-a699-49b1-b721-1997d9d2c71f for containerID=#46 failed. Corresponding entry not found.
2021-08-15 14:03:34,568 [EventQueue-DeleteBlockStatusForDeletedBlockLogImpl] DEBUG block.DeletedBlockLogImpl (DeletedBlockLogImpl.java:isTransactionFailed(278)) - Got block deletion ACK from datanode, TXIDs=47, success=true
2021-08-15 14:03:34,568 [EventQueue-DeleteBlockStatusForDeletedBlockLogImpl] DEBUG block.DeletedBlockLogImpl (DeletedBlockLogImpl.java:commitTransactions(224)) - Transaction txId=47 commit by dnId=c2c40a72-a699-49b1-b721-1997d9d2c71f for containerID=#47 failed. Corresponding entry not found.
2021-08-15 14:03:34,568 [EventQueue-DeleteBlockStatusForDeletedBlockLogImpl] DEBUG block.DeletedBlockLogImpl (DeletedBlockLogImpl.java:isTransactionFailed(278)) - Got block deletion ACK from datanode, TXIDs=48, success=true
2021-08-15 14:03:34,568 [EventQueue-DeleteBlockStatusForDeletedBlockLogImpl] DEBUG block.DeletedBlockLogImpl (DeletedBlockLogImpl.java:commitTransactions(224)) - Transaction txId=48 commit by dnId=c2c40a72-a699-49b1-b721-1997d9d2c71f for containerID=#48 failed. Corresponding entry not found.
2021-08-15 14:03:34,568 [EventQueue-DeleteBlockStatusForDeletedBlockLogImpl] DEBUG block.DeletedBlockLogImpl (DeletedBlockLogImpl.java:isTransactionFailed(278)) - Got block deletion ACK from datanode, TXIDs=49, success=true
2021-08-15 14:03:34,568 [EventQueue-DeleteBlockStatusForDeletedBlockLogImpl] DEBUG block.DeletedBlockLogImpl (DeletedBlockLogImpl.java:commitTransactions(224)) - Transaction txId=49 commit by dnId=c2c40a72-a699-49b1-b721-1997d9d2c71f for containerID=#49 failed. Corresponding entry not found.
2021-08-15 14:03:34,568 [EventQueue-DeleteBlockStatusForDeletedBlockLogImpl] DEBUG block.DeletedBlockLogImpl (DeletedBlockLogImpl.java:isTransactionFailed(278)) - Got block deletion ACK from datanode, TXIDs=50, success=true
2021-08-15 14:03:34,568 [EventQueue-DeleteBlockStatusForDeletedBlockLogImpl] DEBUG block.DeletedBlockLogImpl (DeletedBlockLogImpl.java:commitTransactions(224)) - Transaction txId=50 commit by dnId=c2c40a72-a699-49b1-b721-1997d9d2c71f for containerID=#50 failed. Corresponding entry not found.
2021-08-15 14:03:34,568 [EventQueue-DeleteBlockStatusForDeletedBlockLogImpl] DEBUG block.DeletedBlockLogImpl (DeletedBlockLogImpl.java:isTransactionFailed(278)) - Got block deletion ACK from datanode, TXIDs=51, success=true
2021-08-15 14:03:34,568 [EventQueue-DeleteBlockStatusForDeletedBlockLogImpl] DEBUG block.DeletedBlockLogImpl (DeletedBlockLogImpl.java:commitTransactions(224)) - Transaction txId=51 commit by dnId=c2c40a72-a699-49b1-b721-1997d9d2c71f for containerID=#51 failed. Corresponding entry not found.
2021-08-15 14:03:34,568 [EventQueue-DeleteBlockStatusForDeletedBlockLogImpl] DEBUG block.DeletedBlockLogImpl (DeletedBlockLogImpl.java:isTransactionFailed(278)) - Got block deletion ACK from datanode, TXIDs=52, success=true
2021-08-15 14:03:34,568 [EventQueue-DeleteBlockStatusForDeletedBlockLogImpl] DEBUG block.DeletedBlockLogImpl (DeletedBlockLogImpl.java:commitTransactions(224)) - Transaction txId=52 commit by dnId=c2c40a72-a699-49b1-b721-1997d9d2c71f for containerID=#52 failed. Corresponding entry not found.
2021-08-15 14:03:34,568 [EventQueue-DeleteBlockStatusForDeletedBlockLogImpl] DEBUG block.DeletedBlockLogImpl (DeletedBlockLogImpl.java:isTransactionFailed(278)) - Got block deletion ACK from datanode, TXIDs=53, success=true
2021-08-15 14:03:34,568 [EventQueue-DeleteBlockStatusForDeletedBlockLogImpl] DEBUG block.DeletedBlockLogImpl (DeletedBlockLogImpl.java:commitTransactions(224)) - Transaction txId=53 commit by dnId=c2c40a72-a699-49b1-b721-1997d9d2c71f for containerID=#53 failed. Corresponding entry not found.
2021-08-15 14:03:34,568 [EventQueue-DeleteBlockStatusForDeletedBlockLogImpl] DEBUG block.DeletedBlockLogImpl (DeletedBlockLogImpl.java:isTransactionFailed(278)) - Got block deletion ACK from datanode, TXIDs=54, success=true
2021-08-15 14:03:34,568 [EventQueue-DeleteBlockStatusForDeletedBlockLogImpl] DEBUG block.DeletedBlockLogImpl (DeletedBlockLogImpl.java:commitTransactions(224)) - Transaction txId=54 commit by dnId=c2c40a72-a699-49b1-b721-1997d9d2c71f for containerID=#54 failed. Corresponding entry not found.
2021-08-15 14:03:34,568 [EventQueue-DeleteBlockStatusForDeletedBlockLogImpl] DEBUG block.DeletedBlockLogImpl (DeletedBlockLogImpl.java:isTransactionFailed(278)) - Got block deletion ACK from datanode, TXIDs=55, success=true
2021-08-15 14:03:34,568 [EventQueue-DeleteBlockStatusForDeletedBlockLogImpl] DEBUG block.DeletedBlockLogImpl (DeletedBlockLogImpl.java:commitTransactions(224)) - Transaction txId=55 commit by dnId=c2c40a72-a699-49b1-b721-1997d9d2c71f for containerID=#55 failed. Corresponding entry not found.
2021-08-15 14:03:34,568 [EventQueue-DeleteBlockStatusForDeletedBlockLogImpl] DEBUG block.DeletedBlockLogImpl (DeletedBlockLogImpl.java:isTransactionFailed(278)) - Got block deletion ACK from datanode, TXIDs=56, success=true
2021-08-15 14:03:34,568 [EventQueue-DeleteBlockStatusForDeletedBlockLogImpl] DEBUG block.DeletedBlockLogImpl (DeletedBlockLogImpl.java:commitTransactions(224)) - Transaction txId=56 commit by dnId=c2c40a72-a699-49b1-b721-1997d9d2c71f for containerID=#56 failed. Corresponding entry not found.
2021-08-15 14:03:34,568 [EventQueue-DeleteBlockStatusForDeletedBlockLogImpl] DEBUG block.DeletedBlockLogImpl (DeletedBlockLogImpl.java:isTransactionFailed(278)) - Got block deletion ACK from datanode, TXIDs=27, success=true
2021-08-15 14:03:34,568 [EventQueue-DeleteBlockStatusForDeletedBlockLogImpl] DEBUG block.DeletedBlockLogImpl (DeletedBlockLogImpl.java:commitTransactions(224)) - Transaction txId=27 commit by dnId=c2c40a72-a699-49b1-b721-1997d9d2c71f for containerID=#27 failed. Corresponding entry not found.
2021-08-15 14:03:34,568 [EventQueue-DeleteBlockStatusForDeletedBlockLogImpl] DEBUG block.DeletedBlockLogImpl (DeletedBlockLogImpl.java:isTransactionFailed(278)) - Got block deletion ACK from datanode, TXIDs=28, success=true
2021-08-15 14:03:34,568 [EventQueue-DeleteBlockStatusForDeletedBlockLogImpl] DEBUG block.DeletedBlockLogImpl (DeletedBlockLogImpl.java:commitTransactions(224)) - Transaction txId=28 commit by dnId=c2c40a72-a699-49b1-b721-1997d9d2c71f for containerID=#28 failed. Corresponding entry not found.
2021-08-15 14:03:34,568 [EventQueue-DeleteBlockStatusForDeletedBlockLogImpl] DEBUG block.DeletedBlockLogImpl (DeletedBlockLogImpl.java:isTransactionFailed(278)) - Got block deletion ACK from datanode, TXIDs=29, success=true
2021-08-15 14:03:34,569 [EventQueue-DeleteBlockStatusForDeletedBlockLogImpl] DEBUG block.DeletedBlockLogImpl (DeletedBlockLogImpl.java:commitTransactions(224)) - Transaction txId=29 commit by dnId=c2c40a72-a699-49b1-b721-1997d9d2c71f for containerID=#29 failed. Corresponding entry not found.
2021-08-15 14:03:34,569 [EventQueue-DeleteBlockStatusForDeletedBlockLogImpl] DEBUG block.DeletedBlockLogImpl (DeletedBlockLogImpl.java:isTransactionFailed(278)) - Got block deletion ACK from datanode, TXIDs=30, success=true
2021-08-15 14:03:34,569 [EventQueue-DeleteBlockStatusForDeletedBlockLogImpl] DEBUG block.DeletedBlockLogImpl (DeletedBlockLogImpl.java:commitTransactions(224)) - Transaction txId=30 commit by dnId=c2c40a72-a699-49b1-b721-1997d9d2c71f for containerID=#30 failed. Corresponding entry not found.
2021-08-15 14:03:34,569 [EventQueue-DeleteBlockStatusForDeletedBlockLogImpl] DEBUG block.DeletedBlockLogImpl (DeletedBlockLogImpl.java:isTransactionFailed(278)) - Got block deletion ACK from datanode, TXIDs=31, success=true
2021-08-15 14:03:34,569 [EventQueue-DeleteBlockStatusForDeletedBlockLogImpl] DEBUG block.DeletedBlockLogImpl (DeletedBlockLogImpl.java:commitTransactions(224)) - Transaction txId=31 commit by dnId=c2c40a72-a699-49b1-b721-1997d9d2c71f for containerID=#31 failed. Corresponding entry not found.
2021-08-15 14:03:34,569 [EventQueue-DeleteBlockStatusForDeletedBlockLogImpl] DEBUG block.DeletedBlockLogImpl (DeletedBlockLogImpl.java:isTransactionFailed(278)) - Got block deletion ACK from datanode, TXIDs=32, success=true
2021-08-15 14:03:34,569 [EventQueue-DeleteBlockStatusForDeletedBlockLogImpl] DEBUG block.DeletedBlockLogImpl (DeletedBlockLogImpl.java:commitTransactions(224)) - Transaction txId=32 commit by dnId=c2c40a72-a699-49b1-b721-1997d9d2c71f for containerID=#32 failed. Corresponding entry not found.
2021-08-15 14:03:34,569 [EventQueue-DeleteBlockStatusForDeletedBlockLogImpl] DEBUG block.DeletedBlockLogImpl (DeletedBlockLogImpl.java:isTransactionFailed(278)) - Got block deletion ACK from datanode, TXIDs=33, success=true
2021-08-15 14:03:34,569 [EventQueue-DeleteBlockStatusForDeletedBlockLogImpl] DEBUG block.DeletedBlockLogImpl (DeletedBlockLogImpl.java:commitTransactions(224)) - Transaction txId=33 commit by dnId=c2c40a72-a699-49b1-b721-1997d9d2c71f for containerID=#33 failed. Corresponding entry not found.
2021-08-15 14:03:34,569 [EventQueue-DeleteBlockStatusForDeletedBlockLogImpl] DEBUG block.DeletedBlockLogImpl (DeletedBlockLogImpl.java:isTransactionFailed(278)) - Got block deletion ACK from datanode, TXIDs=34, success=true
2021-08-15 14:03:34,569 [EventQueue-DeleteBlockStatusForDeletedBlockLogImpl] DEBUG block.DeletedBlockLogImpl (DeletedBlockLogImpl.java:commitTransactions(224)) - Transaction txId=34 commit by dnId=c2c40a72-a699-49b1-b721-1997d9d2c71f for containerID=#34 failed. Corresponding entry not found.
2021-08-15 14:03:34,569 [EventQueue-DeleteBlockStatusForDeletedBlockLogImpl] DEBUG block.DeletedBlockLogImpl (DeletedBlockLogImpl.java:isTransactionFailed(278)) - Got block deletion ACK from datanode, TXIDs=35, success=true
2021-08-15 14:03:34,569 [EventQueue-DeleteBlockStatusForDeletedBlockLogImpl] DEBUG block.DeletedBlockLogImpl (DeletedBlockLogImpl.java:commitTransactions(224)) - Transaction txId=35 commit by dnId=c2c40a72-a699-49b1-b721-1997d9d2c71f for containerID=#35 failed. Corresponding entry not found.
2021-08-15 14:03:34,569 [EventQueue-DeleteBlockStatusForDeletedBlockLogImpl] DEBUG block.DeletedBlockLogImpl (DeletedBlockLogImpl.java:isTransactionFailed(278)) - Got block deletion ACK from datanode, TXIDs=36, success=true
2021-08-15 14:03:34,569 [EventQueue-DeleteBlockStatusForDeletedBlockLogImpl] DEBUG block.DeletedBlockLogImpl (DeletedBlockLogImpl.java:commitTransactions(224)) - Transaction txId=36 commit by dnId=c2c40a72-a699-49b1-b721-1997d9d2c71f for containerID=#36 failed. Corresponding entry not found.
2021-08-15 14:03:34,569 [EventQueue-DeleteBlockStatusForDeletedBlockLogImpl] DEBUG block.DeletedBlockLogImpl (DeletedBlockLogImpl.java:isTransactionFailed(278)) - Got block deletion ACK from datanode, TXIDs=37, success=true
2021-08-15 14:03:34,569 [EventQueue-DeleteBlockStatusForDeletedBlockLogImpl] DEBUG block.DeletedBlockLogImpl (DeletedBlockLogImpl.java:commitTransactions(224)) - Transaction txId=37 commit by dnId=c2c40a72-a699-49b1-b721-1997d9d2c71f for containerID=#37 failed. Corresponding entry not found.
2021-08-15 14:03:34,569 [EventQueue-DeleteBlockStatusForDeletedBlockLogImpl] DEBUG block.DeletedBlockLogImpl (DeletedBlockLogImpl.java:isTransactionFailed(278)) - Got block deletion ACK from datanode, TXIDs=38, success=true
2021-08-15 14:03:34,569 [EventQueue-DeleteBlockStatusForDeletedBlockLogImpl] DEBUG block.DeletedBlockLogImpl (DeletedBlockLogImpl.java:commitTransactions(224)) - Transaction txId=38 commit by dnId=c2c40a72-a699-49b1-b721-1997d9d2c71f for containerID=#38 failed. Corresponding entry not found.
2021-08-15 14:03:34,569 [EventQueue-DeleteBlockStatusForDeletedBlockLogImpl] DEBUG block.DeletedBlockLogImpl (DeletedBlockLogImpl.java:isTransactionFailed(278)) - Got block deletion ACK from datanode, TXIDs=39, success=true
2021-08-15 14:03:34,569 [EventQueue-DeleteBlockStatusForDeletedBlockLogImpl] DEBUG block.DeletedBlockLogImpl (DeletedBlockLogImpl.java:commitTransactions(224)) - Transaction txId=39 commit by dnId=c2c40a72-a699-49b1-b721-1997d9d2c71f for containerID=#39 failed. Corresponding entry not found.
2021-08-15 14:03:34,569 [EventQueue-DeleteBlockStatusForDeletedBlockLogImpl] DEBUG block.DeletedBlockLogImpl (DeletedBlockLogImpl.java:isTransactionFailed(278)) - Got block deletion ACK from datanode, TXIDs=40, success=true
2021-08-15 14:03:34,569 [EventQueue-DeleteBlockStatusForDeletedBlockLogImpl] DEBUG block.DeletedBlockLogImpl (DeletedBlockLogImpl.java:commitTransactions(224)) - Transaction txId=40 commit by dnId=c2c40a72-a699-49b1-b721-1997d9d2c71f for containerID=#40 failed. Corresponding entry not found.
2021-08-15 14:03:34,569 [EventQueue-DeleteBlockStatusForDeletedBlockLogImpl] DEBUG block.DeletedBlockLogImpl (DeletedBlockLogImpl.java:isTransactionFailed(278)) - Got block deletion ACK from datanode, TXIDs=41, success=true
2021-08-15 14:03:34,569 [EventQueue-DeleteBlockStatusForDeletedBlockLogImpl] DEBUG block.DeletedBlockLogImpl (DeletedBlockLogImpl.java:commitTransactions(224)) - Transaction txId=41 commit by dnId=c2c40a72-a699-49b1-b721-1997d9d2c71f for containerID=#41 failed. Corresponding entry not found.
2021-08-15 14:03:34,569 [EventQueue-DeleteBlockStatusForDeletedBlockLogImpl] DEBUG block.DeletedBlockLogImpl (DeletedBlockLogImpl.java:isTransactionFailed(278)) - Got block deletion ACK from datanode, TXIDs=42, success=true
2021-08-15 14:03:34,569 [EventQueue-DeleteBlockStatusForDeletedBlockLogImpl] DEBUG block.DeletedBlockLogImpl (DeletedBlockLogImpl.java:commitTransactions(224)) - Transaction txId=42 commit by dnId=c2c40a72-a699-49b1-b721-1997d9d2c71f for containerID=#42 failed. Corresponding entry not found.
2021-08-15 14:03:34,569 [EventQueue-DeleteBlockStatusForDeletedBlockLogImpl] DEBUG block.DeletedBlockLogImpl (DeletedBlockLogImpl.java:isTransactionFailed(278)) - Got block deletion ACK from datanode, TXIDs=43, success=true
2021-08-15 14:03:34,569 [EventQueue-DeleteBlockStatusForDeletedBlockLogImpl] DEBUG block.DeletedBlockLogImpl (DeletedBlockLogImpl.java:commitTransactions(224)) - Transaction txId=43 commit by dnId=c2c40a72-a699-49b1-b721-1997d9d2c71f for containerID=#43 failed. Corresponding entry not found.
2021-08-15 14:03:34,569 [EventQueue-DeleteBlockStatusForDeletedBlockLogImpl] DEBUG block.DeletedBlockLogImpl (DeletedBlockLogImpl.java:isTransactionFailed(278)) - Got block deletion ACK from datanode, TXIDs=44, success=true
2021-08-15 14:03:34,569 [EventQueue-DeleteBlockStatusForDeletedBlockLogImpl] DEBUG block.DeletedBlockLogImpl (DeletedBlockLogImpl.java:commitTransactions(224)) - Transaction txId=44 commit by dnId=c2c40a72-a699-49b1-b721-1997d9d2c71f for containerID=#44 failed. Corresponding entry not found.
2021-08-15 14:03:34,569 [EventQueue-DeleteBlockStatusForDeletedBlockLogImpl] DEBUG block.DeletedBlockLogImpl (DeletedBlockLogImpl.java:isTransactionFailed(278)) - Got block deletion ACK from datanode, TXIDs=45, success=true
2021-08-15 14:03:34,569 [EventQueue-DeleteBlockStatusForDeletedBlockLogImpl] DEBUG block.DeletedBlockLogImpl (DeletedBlockLogImpl.java:commitTransactions(224)) - Transaction txId=45 commit by dnId=c2c40a72-a699-49b1-b721-1997d9d2c71f for containerID=#45 failed. Corresponding entry not found.
2021-08-15 14:03:34,569 [EventQueue-DeleteBlockStatusForDeletedBlockLogImpl] DEBUG block.DeletedBlockLogImpl (DeletedBlockLogImpl.java:isTransactionFailed(278)) - Got block deletion ACK from datanode, TXIDs=46, success=true
2021-08-15 14:03:34,569 [EventQueue-DeleteBlockStatusForDeletedBlockLogImpl] DEBUG block.DeletedBlockLogImpl (DeletedBlockLogImpl.java:commitTransactions(224)) - Transaction txId=46 commit by dnId=c2c40a72-a699-49b1-b721-1997d9d2c71f for containerID=#46 failed. Corresponding entry not found.
2021-08-15 14:03:34,569 [EventQueue-DeleteBlockStatusForDeletedBlockLogImpl] DEBUG block.DeletedBlockLogImpl (DeletedBlockLogImpl.java:isTransactionFailed(278)) - Got block deletion ACK from datanode, TXIDs=47, success=true
2021-08-15 14:03:34,569 [EventQueue-DeleteBlockStatusForDeletedBlockLogImpl] DEBUG block.DeletedBlockLogImpl (DeletedBlockLogImpl.java:commitTransactions(224)) - Transaction txId=47 commit by dnId=c2c40a72-a699-49b1-b721-1997d9d2c71f for containerID=#47 failed. Corresponding entry not found.
2021-08-15 14:03:34,569 [EventQueue-DeleteBlockStatusForDeletedBlockLogImpl] DEBUG block.DeletedBlockLogImpl (DeletedBlockLogImpl.java:isTransactionFailed(278)) - Got block deletion ACK from datanode, TXIDs=48, success=true
2021-08-15 14:03:34,569 [EventQueue-DeleteBlockStatusForDeletedBlockLogImpl] DEBUG block.DeletedBlockLogImpl (DeletedBlockLogImpl.java:commitTransactions(224)) - Transaction txId=48 commit by dnId=c2c40a72-a699-49b1-b721-1997d9d2c71f for containerID=#48 failed. Corresponding entry not found.
2021-08-15 14:03:34,569 [EventQueue-DeleteBlockStatusForDeletedBlockLogImpl] DEBUG block.DeletedBlockLogImpl (DeletedBlockLogImpl.java:isTransactionFailed(278)) - Got block deletion ACK from datanode, TXIDs=49, success=true
2021-08-15 14:03:34,569 [EventQueue-DeleteBlockStatusForDeletedBlockLogImpl] DEBUG block.DeletedBlockLogImpl (DeletedBlockLogImpl.java:commitTransactions(224)) - Transaction txId=49 commit by dnId=c2c40a72-a699-49b1-b721-1997d9d2c71f for containerID=#49 failed. Corresponding entry not found.
2021-08-15 14:03:34,569 [EventQueue-DeleteBlockStatusForDeletedBlockLogImpl] DEBUG block.DeletedBlockLogImpl (DeletedBlockLogImpl.java:isTransactionFailed(278)) - Got block deletion ACK from datanode, TXIDs=50, success=true
2021-08-15 14:03:34,569 [EventQueue-DeleteBlockStatusForDeletedBlockLogImpl] DEBUG block.DeletedBlockLogImpl (DeletedBlockLogImpl.java:commitTransactions(224)) - Transaction txId=50 commit by dnId=c2c40a72-a699-49b1-b721-1997d9d2c71f for containerID=#50 failed. Corresponding entry not found.
2021-08-15 14:03:34,569 [EventQueue-DeleteBlockStatusForDeletedBlockLogImpl] DEBUG block.DeletedBlockLogImpl (DeletedBlockLogImpl.java:isTransactionFailed(278)) - Got block deletion ACK from datanode, TXIDs=51, success=true
2021-08-15 14:03:34,569 [EventQueue-DeleteBlockStatusForDeletedBlockLogImpl] DEBUG block.DeletedBlockLogImpl (DeletedBlockLogImpl.java:commitTransactions(224)) - Transaction txId=51 commit by dnId=c2c40a72-a699-49b1-b721-1997d9d2c71f for containerID=#51 failed. Corresponding entry not found.
2021-08-15 14:03:34,569 [EventQueue-DeleteBlockStatusForDeletedBlockLogImpl] DEBUG block.DeletedBlockLogImpl (DeletedBlockLogImpl.java:isTransactionFailed(278)) - Got block deletion ACK from datanode, TXIDs=52, success=true
2021-08-15 14:03:34,569 [EventQueue-DeleteBlockStatusForDeletedBlockLogImpl] DEBUG block.DeletedBlockLogImpl (DeletedBlockLogImpl.java:commitTransactions(224)) - Transaction txId=52 commit by dnId=c2c40a72-a699-49b1-b721-1997d9d2c71f for containerID=#52 failed. Corresponding entry not found.
2021-08-15 14:03:34,569 [EventQueue-DeleteBlockStatusForDeletedBlockLogImpl] DEBUG block.DeletedBlockLogImpl (DeletedBlockLogImpl.java:isTransactionFailed(278)) - Got block deletion ACK from datanode, TXIDs=53, success=true
2021-08-15 14:03:34,569 [EventQueue-DeleteBlockStatusForDeletedBlockLogImpl] DEBUG block.DeletedBlockLogImpl (DeletedBlockLogImpl.java:commitTransactions(224)) - Transaction txId=53 commit by dnId=c2c40a72-a699-49b1-b721-1997d9d2c71f for containerID=#53 failed. Corresponding entry not found.
2021-08-15 14:03:34,569 [EventQueue-DeleteBlockStatusForDeletedBlockLogImpl] DEBUG block.DeletedBlockLogImpl (DeletedBlockLogImpl.java:isTransactionFailed(278)) - Got block deletion ACK from datanode, TXIDs=54, success=true
2021-08-15 14:03:34,569 [EventQueue-DeleteBlockStatusForDeletedBlockLogImpl] DEBUG block.DeletedBlockLogImpl (DeletedBlockLogImpl.java:commitTransactions(224)) - Transaction txId=54 commit by dnId=c2c40a72-a699-49b1-b721-1997d9d2c71f for containerID=#54 failed. Corresponding entry not found.
2021-08-15 14:03:34,569 [EventQueue-DeleteBlockStatusForDeletedBlockLogImpl] DEBUG block.DeletedBlockLogImpl (DeletedBlockLogImpl.java:isTransactionFailed(278)) - Got block deletion ACK from datanode, TXIDs=55, success=true
2021-08-15 14:03:34,569 [EventQueue-DeleteBlockStatusForDeletedBlockLogImpl] DEBUG block.DeletedBlockLogImpl (DeletedBlockLogImpl.java:commitTransactions(224)) - Transaction txId=55 commit by dnId=c2c40a72-a699-49b1-b721-1997d9d2c71f for containerID=#55 failed. Corresponding entry not found.
2021-08-15 14:03:34,569 [EventQueue-DeleteBlockStatusForDeletedBlockLogImpl] DEBUG block.DeletedBlockLogImpl (DeletedBlockLogImpl.java:isTransactionFailed(278)) - Got block deletion ACK from datanode, TXIDs=56, success=true
2021-08-15 14:03:34,570 [EventQueue-DeleteBlockStatusForDeletedBlockLogImpl] DEBUG block.DeletedBlockLogImpl (DeletedBlockLogImpl.java:commitTransactions(224)) - Transaction txId=56 commit by dnId=c2c40a72-a699-49b1-b721-1997d9d2c71f for containerID=#56 failed. Corresponding entry not found.
2021-08-15 14:03:34,570 [EventQueue-DeleteBlockStatusForDeletedBlockLogImpl] DEBUG block.DeletedBlockLogImpl (DeletedBlockLogImpl.java:isTransactionFailed(278)) - Got block deletion ACK from datanode, TXIDs=27, success=true
2021-08-15 14:03:34,570 [EventQueue-DeleteBlockStatusForDeletedBlockLogImpl] DEBUG block.DeletedBlockLogImpl (DeletedBlockLogImpl.java:commitTransactions(224)) - Transaction txId=27 commit by dnId=c2c40a72-a699-49b1-b721-1997d9d2c71f for containerID=#27 failed. Corresponding entry not found.
2021-08-15 14:03:34,570 [EventQueue-DeleteBlockStatusForDeletedBlockLogImpl] DEBUG block.DeletedBlockLogImpl (DeletedBlockLogImpl.java:isTransactionFailed(278)) - Got block deletion ACK from datanode, TXIDs=28, success=true
2021-08-15 14:03:34,570 [EventQueue-DeleteBlockStatusForDeletedBlockLogImpl] DEBUG block.DeletedBlockLogImpl (DeletedBlockLogImpl.java:commitTransactions(224)) - Transaction txId=28 commit by dnId=c2c40a72-a699-49b1-b721-1997d9d2c71f for containerID=#28 failed. Corresponding entry not found.
2021-08-15 14:03:34,570 [EventQueue-DeleteBlockStatusForDeletedBlockLogImpl] DEBUG block.DeletedBlockLogImpl (DeletedBlockLogImpl.java:isTransactionFailed(278)) - Got block deletion ACK from datanode, TXIDs=29, success=true
2021-08-15 14:03:34,570 [EventQueue-DeleteBlockStatusForDeletedBlockLogImpl] DEBUG block.DeletedBlockLogImpl (DeletedBlockLogImpl.java:commitTransactions(224)) - Transaction txId=29 commit by dnId=c2c40a72-a699-49b1-b721-1997d9d2c71f for containerID=#29 failed. Corresponding entry not found.
2021-08-15 14:03:34,570 [EventQueue-DeleteBlockStatusForDeletedBlockLogImpl] DEBUG block.DeletedBlockLogImpl (DeletedBlockLogImpl.java:isTransactionFailed(278)) - Got block deletion ACK from datanode, TXIDs=30, success=true
2021-08-15 14:03:34,570 [EventQueue-DeleteBlockStatusForDeletedBlockLogImpl] DEBUG block.DeletedBlockLogImpl (DeletedBlockLogImpl.java:commitTransactions(224)) - Transaction txId=30 commit by dnId=c2c40a72-a699-49b1-b721-1997d9d2c71f for containerID=#30 failed. Corresponding entry not found.
2021-08-15 14:03:34,570 [EventQueue-DeleteBlockStatusForDeletedBlockLogImpl] DEBUG block.DeletedBlockLogImpl (DeletedBlockLogImpl.java:isTransactionFailed(278)) - Got block deletion ACK from datanode, TXIDs=31, success=true
2021-08-15 14:03:34,570 [EventQueue-DeleteBlockStatusForDeletedBlockLogImpl] DEBUG block.DeletedBlockLogImpl (DeletedBlockLogImpl.java:commitTransactions(224)) - Transaction txId=31 commit by dnId=c2c40a72-a699-49b1-b721-1997d9d2c71f for containerID=#31 failed. Corresponding entry not found.
2021-08-15 14:03:34,570 [EventQueue-DeleteBlockStatusForDeletedBlockLogImpl] DEBUG block.DeletedBlockLogImpl (DeletedBlockLogImpl.java:isTransactionFailed(278)) - Got block deletion ACK from datanode, TXIDs=32, success=true
2021-08-15 14:03:34,570 [EventQueue-DeleteBlockStatusForDeletedBlockLogImpl] DEBUG block.DeletedBlockLogImpl (DeletedBlockLogImpl.java:commitTransactions(224)) - Transaction txId=32 commit by dnId=c2c40a72-a699-49b1-b721-1997d9d2c71f for containerID=#32 failed. Corresponding entry not found.
2021-08-15 14:03:34,570 [EventQueue-DeleteBlockStatusForDeletedBlockLogImpl] DEBUG block.DeletedBlockLogImpl (DeletedBlockLogImpl.java:isTransactionFailed(278)) - Got block deletion ACK from datanode, TXIDs=33, success=true
2021-08-15 14:03:34,570 [EventQueue-DeleteBlockStatusForDeletedBlockLogImpl] DEBUG block.DeletedBlockLogImpl (DeletedBlockLogImpl.java:commitTransactions(224)) - Transaction txId=33 commit by dnId=c2c40a72-a699-49b1-b721-1997d9d2c71f for containerID=#33 failed. Corresponding entry not found.
2021-08-15 14:03:34,570 [EventQueue-DeleteBlockStatusForDeletedBlockLogImpl] DEBUG block.DeletedBlockLogImpl (DeletedBlockLogImpl.java:isTransactionFailed(278)) - Got block deletion ACK from datanode, TXIDs=34, success=true
2021-08-15 14:03:34,570 [EventQueue-DeleteBlockStatusForDeletedBlockLogImpl] DEBUG block.DeletedBlockLogImpl (DeletedBlockLogImpl.java:commitTransactions(224)) - Transaction txId=34 commit by dnId=c2c40a72-a699-49b1-b721-1997d9d2c71f for containerID=#34 failed. Corresponding entry not found.
2021-08-15 14:03:34,570 [EventQueue-DeleteBlockStatusForDeletedBlockLogImpl] DEBUG block.DeletedBlockLogImpl (DeletedBlockLogImpl.java:isTransactionFailed(278)) - Got block deletion ACK from datanode, TXIDs=35, success=true
2021-08-15 14:03:34,570 [EventQueue-DeleteBlockStatusForDeletedBlockLogImpl] DEBUG block.DeletedBlockLogImpl (DeletedBlockLogImpl.java:commitTransactions(224)) - Transaction txId=35 commit by dnId=c2c40a72-a699-49b1-b721-1997d9d2c71f for containerID=#35 failed. Corresponding entry not found.
2021-08-15 14:03:34,570 [EventQueue-DeleteBlockStatusForDeletedBlockLogImpl] DEBUG block.DeletedBlockLogImpl (DeletedBlockLogImpl.java:isTransactionFailed(278)) - Got block deletion ACK from datanode, TXIDs=36, success=true
2021-08-15 14:03:34,570 [EventQueue-DeleteBlockStatusForDeletedBlockLogImpl] DEBUG block.DeletedBlockLogImpl (DeletedBlockLogImpl.java:commitTransactions(224)) - Transaction txId=36 commit by dnId=c2c40a72-a699-49b1-b721-1997d9d2c71f for containerID=#36 failed. Corresponding entry not found.
2021-08-15 14:03:34,570 [EventQueue-DeleteBlockStatusForDeletedBlockLogImpl] DEBUG block.DeletedBlockLogImpl (DeletedBlockLogImpl.java:isTransactionFailed(278)) - Got block deletion ACK from datanode, TXIDs=37, success=true
2021-08-15 14:03:34,570 [EventQueue-DeleteBlockStatusForDeletedBlockLogImpl] DEBUG block.DeletedBlockLogImpl (DeletedBlockLogImpl.java:commitTransactions(224)) - Transaction txId=37 commit by dnId=c2c40a72-a699-49b1-b721-1997d9d2c71f for containerID=#37 failed. Corresponding entry not found.
2021-08-15 14:03:34,570 [EventQueue-DeleteBlockStatusForDeletedBlockLogImpl] DEBUG block.DeletedBlockLogImpl (DeletedBlockLogImpl.java:isTransactionFailed(278)) - Got block deletion ACK from datanode, TXIDs=38, success=true
2021-08-15 14:03:34,570 [EventQueue-DeleteBlockStatusForDeletedBlockLogImpl] DEBUG block.DeletedBlockLogImpl (DeletedBlockLogImpl.java:commitTransactions(224)) - Transaction txId=38 commit by dnId=c2c40a72-a699-49b1-b721-1997d9d2c71f for containerID=#38 failed. Corresponding entry not found.
2021-08-15 14:03:34,570 [EventQueue-DeleteBlockStatusForDeletedBlockLogImpl] DEBUG block.DeletedBlockLogImpl (DeletedBlockLogImpl.java:isTransactionFailed(278)) - Got block deletion ACK from datanode, TXIDs=39, success=true
2021-08-15 14:03:34,570 [EventQueue-DeleteBlockStatusForDeletedBlockLogImpl] DEBUG block.DeletedBlockLogImpl (DeletedBlockLogImpl.java:commitTransactions(224)) - Transaction txId=39 commit by dnId=c2c40a72-a699-49b1-b721-1997d9d2c71f for containerID=#39 failed. Corresponding entry not found.
2021-08-15 14:03:34,570 [EventQueue-DeleteBlockStatusForDeletedBlockLogImpl] DEBUG block.DeletedBlockLogImpl (DeletedBlockLogImpl.java:isTransactionFailed(278)) - Got block deletion ACK from datanode, TXIDs=40, success=true
2021-08-15 14:03:34,570 [EventQueue-DeleteBlockStatusForDeletedBlockLogImpl] DEBUG block.DeletedBlockLogImpl (DeletedBlockLogImpl.java:commitTransactions(224)) - Transaction txId=40 commit by dnId=c2c40a72-a699-49b1-b721-1997d9d2c71f for containerID=#40 failed. Corresponding entry not found.
2021-08-15 14:03:34,570 [EventQueue-DeleteBlockStatusForDeletedBlockLogImpl] DEBUG block.DeletedBlockLogImpl (DeletedBlockLogImpl.java:isTransactionFailed(278)) - Got block deletion ACK from datanode, TXIDs=41, success=true
2021-08-15 14:03:34,570 [EventQueue-DeleteBlockStatusForDeletedBlockLogImpl] DEBUG block.DeletedBlockLogImpl (DeletedBlockLogImpl.java:commitTransactions(224)) - Transaction txId=41 commit by dnId=c2c40a72-a699-49b1-b721-1997d9d2c71f for containerID=#41 failed. Corresponding entry not found.
2021-08-15 14:03:34,570 [EventQueue-DeleteBlockStatusForDeletedBlockLogImpl] DEBUG block.DeletedBlockLogImpl (DeletedBlockLogImpl.java:isTransactionFailed(278)) - Got block deletion ACK from datanode, TXIDs=42, success=true
2021-08-15 14:03:34,570 [EventQueue-DeleteBlockStatusForDeletedBlockLogImpl] DEBUG block.DeletedBlockLogImpl (DeletedBlockLogImpl.java:commitTransactions(224)) - Transaction txId=42 commit by dnId=c2c40a72-a699-49b1-b721-1997d9d2c71f for containerID=#42 failed. Corresponding entry not found.
2021-08-15 14:03:34,570 [EventQueue-DeleteBlockStatusForDeletedBlockLogImpl] DEBUG block.DeletedBlockLogImpl (DeletedBlockLogImpl.java:isTransactionFailed(278)) - Got block deletion ACK from datanode, TXIDs=43, success=true
2021-08-15 14:03:34,570 [EventQueue-DeleteBlockStatusForDeletedBlockLogImpl] DEBUG block.DeletedBlockLogImpl (DeletedBlockLogImpl.java:commitTransactions(224)) - Transaction txId=43 commit by dnId=c2c40a72-a699-49b1-b721-1997d9d2c71f for containerID=#43 failed. Corresponding entry not found.
2021-08-15 14:03:34,570 [EventQueue-DeleteBlockStatusForDeletedBlockLogImpl] DEBUG block.DeletedBlockLogImpl (DeletedBlockLogImpl.java:isTransactionFailed(278)) - Got block deletion ACK from datanode, TXIDs=44, success=true
2021-08-15 14:03:34,570 [EventQueue-DeleteBlockStatusForDeletedBlockLogImpl] DEBUG block.DeletedBlockLogImpl (DeletedBlockLogImpl.java:commitTransactions(224)) - Transaction txId=44 commit by dnId=c2c40a72-a699-49b1-b721-1997d9d2c71f for containerID=#44 failed. Corresponding entry not found.
2021-08-15 14:03:34,570 [EventQueue-DeleteBlockStatusForDeletedBlockLogImpl] DEBUG block.DeletedBlockLogImpl (DeletedBlockLogImpl.java:isTransactionFailed(278)) - Got block deletion ACK from datanode, TXIDs=45, success=true
2021-08-15 14:03:34,570 [EventQueue-DeleteBlockStatusForDeletedBlockLogImpl] DEBUG block.DeletedBlockLogImpl (DeletedBlockLogImpl.java:commitTransactions(224)) - Transaction txId=45 commit by dnId=c2c40a72-a699-49b1-b721-1997d9d2c71f for containerID=#45 failed. Corresponding entry not found.
2021-08-15 14:03:34,570 [EventQueue-DeleteBlockStatusForDeletedBlockLogImpl] DEBUG block.DeletedBlockLogImpl (DeletedBlockLogImpl.java:isTransactionFailed(278)) - Got block deletion ACK from datanode, TXIDs=46, success=true
2021-08-15 14:03:34,570 [EventQueue-DeleteBlockStatusForDeletedBlockLogImpl] DEBUG block.DeletedBlockLogImpl (DeletedBlockLogImpl.java:commitTransactions(224)) - Transaction txId=46 commit by dnId=c2c40a72-a699-49b1-b721-1997d9d2c71f for containerID=#46 failed. Corresponding entry not found.
2021-08-15 14:03:34,570 [EventQueue-DeleteBlockStatusForDeletedBlockLogImpl] DEBUG block.DeletedBlockLogImpl (DeletedBlockLogImpl.java:isTransactionFailed(278)) - Got block deletion ACK from datanode, TXIDs=47, success=true
2021-08-15 14:03:34,570 [EventQueue-DeleteBlockStatusForDeletedBlockLogImpl] DEBUG block.DeletedBlockLogImpl (DeletedBlockLogImpl.java:commitTransactions(224)) - Transaction txId=47 commit by dnId=c2c40a72-a699-49b1-b721-1997d9d2c71f for containerID=#47 failed. Corresponding entry not found.
2021-08-15 14:03:34,570 [EventQueue-DeleteBlockStatusForDeletedBlockLogImpl] DEBUG block.DeletedBlockLogImpl (DeletedBlockLogImpl.java:isTransactionFailed(278)) - Got block deletion ACK from datanode, TXIDs=48, success=true
2021-08-15 14:03:34,570 [EventQueue-DeleteBlockStatusForDeletedBlockLogImpl] DEBUG block.DeletedBlockLogImpl (DeletedBlockLogImpl.java:commitTransactions(224)) - Transaction txId=48 commit by dnId=c2c40a72-a699-49b1-b721-1997d9d2c71f for containerID=#48 failed. Corresponding entry not found.
2021-08-15 14:03:34,570 [EventQueue-DeleteBlockStatusForDeletedBlockLogImpl] DEBUG block.DeletedBlockLogImpl (DeletedBlockLogImpl.java:isTransactionFailed(278)) - Got block deletion ACK from datanode, TXIDs=49, success=true
2021-08-15 14:03:34,570 [EventQueue-DeleteBlockStatusForDeletedBlockLogImpl] DEBUG block.DeletedBlockLogImpl (DeletedBlockLogImpl.java:commitTransactions(224)) - Transaction txId=49 commit by dnId=c2c40a72-a699-49b1-b721-1997d9d2c71f for containerID=#49 failed. Corresponding entry not found.
2021-08-15 14:03:34,570 [EventQueue-DeleteBlockStatusForDeletedBlockLogImpl] DEBUG block.DeletedBlockLogImpl (DeletedBlockLogImpl.java:isTransactionFailed(278)) - Got block deletion ACK from datanode, TXIDs=50, success=true
2021-08-15 14:03:34,570 [EventQueue-DeleteBlockStatusForDeletedBlockLogImpl] DEBUG block.DeletedBlockLogImpl (DeletedBlockLogImpl.java:commitTransactions(224)) - Transaction txId=50 commit by dnId=c2c40a72-a699-49b1-b721-1997d9d2c71f for containerID=#50 failed. Corresponding entry not found.
2021-08-15 14:03:34,570 [EventQueue-DeleteBlockStatusForDeletedBlockLogImpl] DEBUG block.DeletedBlockLogImpl (DeletedBlockLogImpl.java:isTransactionFailed(278)) - Got block deletion ACK from datanode, TXIDs=51, success=true
2021-08-15 14:03:34,570 [EventQueue-DeleteBlockStatusForDeletedBlockLogImpl] DEBUG block.DeletedBlockLogImpl (DeletedBlockLogImpl.java:commitTransactions(224)) - Transaction txId=51 commit by dnId=c2c40a72-a699-49b1-b721-1997d9d2c71f for containerID=#51 failed. Corresponding entry not found.
2021-08-15 14:03:34,570 [EventQueue-DeleteBlockStatusForDeletedBlockLogImpl] DEBUG block.DeletedBlockLogImpl (DeletedBlockLogImpl.java:isTransactionFailed(278)) - Got block deletion ACK from datanode, TXIDs=52, success=true
2021-08-15 14:03:34,570 [EventQueue-DeleteBlockStatusForDeletedBlockLogImpl] DEBUG block.DeletedBlockLogImpl (DeletedBlockLogImpl.java:commitTransactions(224)) - Transaction txId=52 commit by dnId=c2c40a72-a699-49b1-b721-1997d9d2c71f for containerID=#52 failed. Corresponding entry not found.
2021-08-15 14:03:34,570 [EventQueue-DeleteBlockStatusForDeletedBlockLogImpl] DEBUG block.DeletedBlockLogImpl (DeletedBlockLogImpl.java:isTransactionFailed(278)) - Got block deletion ACK from datanode, TXIDs=53, success=true
2021-08-15 14:03:34,570 [EventQueue-DeleteBlockStatusForDeletedBlockLogImpl] DEBUG block.DeletedBlockLogImpl (DeletedBlockLogImpl.java:commitTransactions(224)) - Transaction txId=53 commit by dnId=c2c40a72-a699-49b1-b721-1997d9d2c71f for containerID=#53 failed. Corresponding entry not found.
2021-08-15 14:03:34,571 [EventQueue-DeleteBlockStatusForDeletedBlockLogImpl] DEBUG block.DeletedBlockLogImpl (DeletedBlockLogImpl.java:isTransactionFailed(278)) - Got block deletion ACK from datanode, TXIDs=54, success=true
2021-08-15 14:03:34,571 [EventQueue-DeleteBlockStatusForDeletedBlockLogImpl] DEBUG block.DeletedBlockLogImpl (DeletedBlockLogImpl.java:commitTransactions(224)) - Transaction txId=54 commit by dnId=c2c40a72-a699-49b1-b721-1997d9d2c71f for containerID=#54 failed. Corresponding entry not found.
2021-08-15 14:03:34,571 [EventQueue-DeleteBlockStatusForDeletedBlockLogImpl] DEBUG block.DeletedBlockLogImpl (DeletedBlockLogImpl.java:isTransactionFailed(278)) - Got block deletion ACK from datanode, TXIDs=55, success=true
2021-08-15 14:03:34,571 [EventQueue-DeleteBlockStatusForDeletedBlockLogImpl] DEBUG block.DeletedBlockLogImpl (DeletedBlockLogImpl.java:commitTransactions(224)) - Transaction txId=55 commit by dnId=c2c40a72-a699-49b1-b721-1997d9d2c71f for containerID=#55 failed. Corresponding entry not found.
2021-08-15 14:03:34,571 [EventQueue-DeleteBlockStatusForDeletedBlockLogImpl] DEBUG block.DeletedBlockLogImpl (DeletedBlockLogImpl.java:isTransactionFailed(278)) - Got block deletion ACK from datanode, TXIDs=56, success=true
2021-08-15 14:03:34,571 [EventQueue-DeleteBlockStatusForDeletedBlockLogImpl] DEBUG block.DeletedBlockLogImpl (DeletedBlockLogImpl.java:commitTransactions(224)) - Transaction txId=56 commit by dnId=c2c40a72-a699-49b1-b721-1997d9d2c71f for containerID=#56 failed. Corresponding entry not found.
2021-08-15 14:03:34,571 [EventQueue-DeleteBlockStatusForDeletedBlockLogImpl] DEBUG block.DeletedBlockLogImpl (DeletedBlockLogImpl.java:isTransactionFailed(278)) - Got block deletion ACK from datanode, TXIDs=27, success=true
2021-08-15 14:03:34,571 [EventQueue-DeleteBlockStatusForDeletedBlockLogImpl] DEBUG block.DeletedBlockLogImpl (DeletedBlockLogImpl.java:commitTransactions(224)) - Transaction txId=27 commit by dnId=c2c40a72-a699-49b1-b721-1997d9d2c71f for containerID=#27 failed. Corresponding entry not found.
2021-08-15 14:03:34,571 [EventQueue-DeleteBlockStatusForDeletedBlockLogImpl] DEBUG block.DeletedBlockLogImpl (DeletedBlockLogImpl.java:isTransactionFailed(278)) - Got block deletion ACK from datanode, TXIDs=28, success=true
2021-08-15 14:03:34,571 [EventQueue-DeleteBlockStatusForDeletedBlockLogImpl] DEBUG block.DeletedBlockLogImpl (DeletedBlockLogImpl.java:commitTransactions(224)) - Transaction txId=28 commit by dnId=c2c40a72-a699-49b1-b721-1997d9d2c71f for containerID=#28 failed. Corresponding entry not found.
2021-08-15 14:03:34,571 [EventQueue-DeleteBlockStatusForDeletedBlockLogImpl] DEBUG block.DeletedBlockLogImpl (DeletedBlockLogImpl.java:isTransactionFailed(278)) - Got block deletion ACK from datanode, TXIDs=29, success=true
2021-08-15 14:03:34,571 [EventQueue-DeleteBlockStatusForDeletedBlockLogImpl] DEBUG block.DeletedBlockLogImpl (DeletedBlockLogImpl.java:commitTransactions(224)) - Transaction txId=29 commit by dnId=c2c40a72-a699-49b1-b721-1997d9d2c71f for containerID=#29 failed. Corresponding entry not found.
2021-08-15 14:03:34,571 [EventQueue-DeleteBlockStatusForDeletedBlockLogImpl] DEBUG block.DeletedBlockLogImpl (DeletedBlockLogImpl.java:isTransactionFailed(278)) - Got block deletion ACK from datanode, TXIDs=30, success=true
2021-08-15 14:03:34,571 [EventQueue-DeleteBlockStatusForDeletedBlockLogImpl] DEBUG block.DeletedBlockLogImpl (DeletedBlockLogImpl.java:commitTransactions(224)) - Transaction txId=30 commit by dnId=c2c40a72-a699-49b1-b721-1997d9d2c71f for containerID=#30 failed. Corresponding entry not found.
2021-08-15 14:03:34,571 [EventQueue-DeleteBlockStatusForDeletedBlockLogImpl] DEBUG block.DeletedBlockLogImpl (DeletedBlockLogImpl.java:isTransactionFailed(278)) - Got block deletion ACK from datanode, TXIDs=31, success=true
2021-08-15 14:03:34,571 [EventQueue-DeleteBlockStatusForDeletedBlockLogImpl] DEBUG block.DeletedBlockLogImpl (DeletedBlockLogImpl.java:commitTransactions(224)) - Transaction txId=31 commit by dnId=c2c40a72-a699-49b1-b721-1997d9d2c71f for containerID=#31 failed. Corresponding entry not found.
2021-08-15 14:03:34,571 [EventQueue-DeleteBlockStatusForDeletedBlockLogImpl] DEBUG block.DeletedBlockLogImpl (DeletedBlockLogImpl.java:isTransactionFailed(278)) - Got block deletion ACK from datanode, TXIDs=32, success=true
2021-08-15 14:03:34,571 [EventQueue-DeleteBlockStatusForDeletedBlockLogImpl] DEBUG block.DeletedBlockLogImpl (DeletedBlockLogImpl.java:commitTransactions(224)) - Transaction txId=32 commit by dnId=c2c40a72-a699-49b1-b721-1997d9d2c71f for containerID=#32 failed. Corresponding entry not found.
2021-08-15 14:03:34,571 [EventQueue-DeleteBlockStatusForDeletedBlockLogImpl] DEBUG block.DeletedBlockLogImpl (DeletedBlockLogImpl.java:isTransactionFailed(278)) - Got block deletion ACK from datanode, TXIDs=33, success=true
2021-08-15 14:03:34,571 [EventQueue-DeleteBlockStatusForDeletedBlockLogImpl] DEBUG block.DeletedBlockLogImpl (DeletedBlockLogImpl.java:commitTransactions(224)) - Transaction txId=33 commit by dnId=c2c40a72-a699-49b1-b721-1997d9d2c71f for containerID=#33 failed. Corresponding entry not found.
2021-08-15 14:03:34,571 [EventQueue-DeleteBlockStatusForDeletedBlockLogImpl] DEBUG block.DeletedBlockLogImpl (DeletedBlockLogImpl.java:isTransactionFailed(278)) - Got block deletion ACK from datanode, TXIDs=34, success=true
2021-08-15 14:03:34,571 [EventQueue-DeleteBlockStatusForDeletedBlockLogImpl] DEBUG block.DeletedBlockLogImpl (DeletedBlockLogImpl.java:commitTransactions(224)) - Transaction txId=34 commit by dnId=c2c40a72-a699-49b1-b721-1997d9d2c71f for containerID=#34 failed. Corresponding entry not found.
2021-08-15 14:03:34,571 [EventQueue-DeleteBlockStatusForDeletedBlockLogImpl] DEBUG block.DeletedBlockLogImpl (DeletedBlockLogImpl.java:isTransactionFailed(278)) - Got block deletion ACK from datanode, TXIDs=35, success=true
2021-08-15 14:03:34,571 [EventQueue-DeleteBlockStatusForDeletedBlockLogImpl] DEBUG block.DeletedBlockLogImpl (DeletedBlockLogImpl.java:commitTransactions(224)) - Transaction txId=35 commit by dnId=c2c40a72-a699-49b1-b721-1997d9d2c71f for containerID=#35 failed. Corresponding entry not found.
2021-08-15 14:03:34,571 [EventQueue-DeleteBlockStatusForDeletedBlockLogImpl] DEBUG block.DeletedBlockLogImpl (DeletedBlockLogImpl.java:isTransactionFailed(278)) - Got block deletion ACK from datanode, TXIDs=36, success=true
2021-08-15 14:03:34,571 [EventQueue-DeleteBlockStatusForDeletedBlockLogImpl] DEBUG block.DeletedBlockLogImpl (DeletedBlockLogImpl.java:commitTransactions(224)) - Transaction txId=36 commit by dnId=c2c40a72-a699-49b1-b721-1997d9d2c71f for containerID=#36 failed. Corresponding entry not found.
2021-08-15 14:03:34,571 [EventQueue-DeleteBlockStatusForDeletedBlockLogImpl] DEBUG block.DeletedBlockLogImpl (DeletedBlockLogImpl.java:isTransactionFailed(278)) - Got block deletion ACK from datanode, TXIDs=37, success=true
2021-08-15 14:03:34,571 [EventQueue-DeleteBlockStatusForDeletedBlockLogImpl] DEBUG block.DeletedBlockLogImpl (DeletedBlockLogImpl.java:commitTransactions(224)) - Transaction txId=37 commit by dnId=c2c40a72-a699-49b1-b721-1997d9d2c71f for containerID=#37 failed. Corresponding entry not found.
2021-08-15 14:03:34,571 [EventQueue-DeleteBlockStatusForDeletedBlockLogImpl] DEBUG block.DeletedBlockLogImpl (DeletedBlockLogImpl.java:isTransactionFailed(278)) - Got block deletion ACK from datanode, TXIDs=38, success=true
2021-08-15 14:03:34,571 [EventQueue-DeleteBlockStatusForDeletedBlockLogImpl] DEBUG block.DeletedBlockLogImpl (DeletedBlockLogImpl.java:commitTransactions(224)) - Transaction txId=38 commit by dnId=c2c40a72-a699-49b1-b721-1997d9d2c71f for containerID=#38 failed. Corresponding entry not found.
2021-08-15 14:03:34,571 [EventQueue-DeleteBlockStatusForDeletedBlockLogImpl] DEBUG block.DeletedBlockLogImpl (DeletedBlockLogImpl.java:isTransactionFailed(278)) - Got block deletion ACK from datanode, TXIDs=39, success=true
2021-08-15 14:03:34,571 [EventQueue-DeleteBlockStatusForDeletedBlockLogImpl] DEBUG block.DeletedBlockLogImpl (DeletedBlockLogImpl.java:commitTransactions(224)) - Transaction txId=39 commit by dnId=c2c40a72-a699-49b1-b721-1997d9d2c71f for containerID=#39 failed. Corresponding entry not found.
2021-08-15 14:03:34,571 [EventQueue-DeleteBlockStatusForDeletedBlockLogImpl] DEBUG block.DeletedBlockLogImpl (DeletedBlockLogImpl.java:isTransactionFailed(278)) - Got block deletion ACK from datanode, TXIDs=40, success=true
2021-08-15 14:03:34,571 [EventQueue-DeleteBlockStatusForDeletedBlockLogImpl] DEBUG block.DeletedBlockLogImpl (DeletedBlockLogImpl.java:commitTransactions(224)) - Transaction txId=40 commit by dnId=c2c40a72-a699-49b1-b721-1997d9d2c71f for containerID=#40 failed. Corresponding entry not found.
2021-08-15 14:03:34,571 [EventQueue-DeleteBlockStatusForDeletedBlockLogImpl] DEBUG block.DeletedBlockLogImpl (DeletedBlockLogImpl.java:isTransactionFailed(278)) - Got block deletion ACK from datanode, TXIDs=41, success=true
2021-08-15 14:03:34,571 [EventQueue-DeleteBlockStatusForDeletedBlockLogImpl] DEBUG block.DeletedBlockLogImpl (DeletedBlockLogImpl.java:commitTransactions(224)) - Transaction txId=41 commit by dnId=c2c40a72-a699-49b1-b721-1997d9d2c71f for containerID=#41 failed. Corresponding entry not found.
2021-08-15 14:03:34,571 [EventQueue-DeleteBlockStatusForDeletedBlockLogImpl] DEBUG block.DeletedBlockLogImpl (DeletedBlockLogImpl.java:isTransactionFailed(278)) - Got block deletion ACK from datanode, TXIDs=42, success=true
2021-08-15 14:03:34,571 [EventQueue-DeleteBlockStatusForDeletedBlockLogImpl] DEBUG block.DeletedBlockLogImpl (DeletedBlockLogImpl.java:commitTransactions(224)) - Transaction txId=42 commit by dnId=c2c40a72-a699-49b1-b721-1997d9d2c71f for containerID=#42 failed. Corresponding entry not found.
2021-08-15 14:03:34,571 [EventQueue-DeleteBlockStatusForDeletedBlockLogImpl] DEBUG block.DeletedBlockLogImpl (DeletedBlockLogImpl.java:isTransactionFailed(278)) - Got block deletion ACK from datanode, TXIDs=43, success=true
2021-08-15 14:03:34,571 [EventQueue-DeleteBlockStatusForDeletedBlockLogImpl] DEBUG block.DeletedBlockLogImpl (DeletedBlockLogImpl.java:commitTransactions(224)) - Transaction txId=43 commit by dnId=c2c40a72-a699-49b1-b721-1997d9d2c71f for containerID=#43 failed. Corresponding entry not found.
2021-08-15 14:03:34,571 [EventQueue-DeleteBlockStatusForDeletedBlockLogImpl] DEBUG block.DeletedBlockLogImpl (DeletedBlockLogImpl.java:isTransactionFailed(278)) - Got block deletion ACK from datanode, TXIDs=44, success=true
2021-08-15 14:03:34,571 [EventQueue-DeleteBlockStatusForDeletedBlockLogImpl] DEBUG block.DeletedBlockLogImpl (DeletedBlockLogImpl.java:commitTransactions(224)) - Transaction txId=44 commit by dnId=c2c40a72-a699-49b1-b721-1997d9d2c71f for containerID=#44 failed. Corresponding entry not found.
2021-08-15 14:03:34,571 [EventQueue-DeleteBlockStatusForDeletedBlockLogImpl] DEBUG block.DeletedBlockLogImpl (DeletedBlockLogImpl.java:isTransactionFailed(278)) - Got block deletion ACK from datanode, TXIDs=45, success=true
2021-08-15 14:03:34,571 [EventQueue-DeleteBlockStatusForDeletedBlockLogImpl] DEBUG block.DeletedBlockLogImpl (DeletedBlockLogImpl.java:commitTransactions(224)) - Transaction txId=45 commit by dnId=c2c40a72-a699-49b1-b721-1997d9d2c71f for containerID=#45 failed. Corresponding entry not found.
2021-08-15 14:03:34,571 [EventQueue-DeleteBlockStatusForDeletedBlockLogImpl] DEBUG block.DeletedBlockLogImpl (DeletedBlockLogImpl.java:isTransactionFailed(278)) - Got block deletion ACK from datanode, TXIDs=46, success=true
2021-08-15 14:03:34,571 [EventQueue-DeleteBlockStatusForDeletedBlockLogImpl] DEBUG block.DeletedBlockLogImpl (DeletedBlockLogImpl.java:commitTransactions(224)) - Transaction txId=46 commit by dnId=c2c40a72-a699-49b1-b721-1997d9d2c71f for containerID=#46 failed. Corresponding entry not found.
2021-08-15 14:03:34,571 [EventQueue-DeleteBlockStatusForDeletedBlockLogImpl] DEBUG block.DeletedBlockLogImpl (DeletedBlockLogImpl.java:isTransactionFailed(278)) - Got block deletion ACK from datanode, TXIDs=47, success=true
2021-08-15 14:03:34,571 [EventQueue-DeleteBlockStatusForDeletedBlockLogImpl] DEBUG block.DeletedBlockLogImpl (DeletedBlockLogImpl.java:commitTransactions(224)) - Transaction txId=47 commit by dnId=c2c40a72-a699-49b1-b721-1997d9d2c71f for containerID=#47 failed. Corresponding entry not found.
2021-08-15 14:03:34,571 [EventQueue-DeleteBlockStatusForDeletedBlockLogImpl] DEBUG block.DeletedBlockLogImpl (DeletedBlockLogImpl.java:isTransactionFailed(278)) - Got block deletion ACK from datanode, TXIDs=48, success=true
2021-08-15 14:03:34,571 [EventQueue-DeleteBlockStatusForDeletedBlockLogImpl] DEBUG block.DeletedBlockLogImpl (DeletedBlockLogImpl.java:commitTransactions(224)) - Transaction txId=48 commit by dnId=c2c40a72-a699-49b1-b721-1997d9d2c71f for containerID=#48 failed. Corresponding entry not found.
2021-08-15 14:03:34,571 [EventQueue-DeleteBlockStatusForDeletedBlockLogImpl] DEBUG block.DeletedBlockLogImpl (DeletedBlockLogImpl.java:isTransactionFailed(278)) - Got block deletion ACK from datanode, TXIDs=49, success=true
2021-08-15 14:03:34,571 [EventQueue-DeleteBlockStatusForDeletedBlockLogImpl] DEBUG block.DeletedBlockLogImpl (DeletedBlockLogImpl.java:commitTransactions(224)) - Transaction txId=49 commit by dnId=c2c40a72-a699-49b1-b721-1997d9d2c71f for containerID=#49 failed. Corresponding entry not found.
2021-08-15 14:03:34,571 [EventQueue-DeleteBlockStatusForDeletedBlockLogImpl] DEBUG block.DeletedBlockLogImpl (DeletedBlockLogImpl.java:isTransactionFailed(278)) - Got block deletion ACK from datanode, TXIDs=50, success=true
2021-08-15 14:03:34,571 [EventQueue-DeleteBlockStatusForDeletedBlockLogImpl] DEBUG block.DeletedBlockLogImpl (DeletedBlockLogImpl.java:commitTransactions(224)) - Transaction txId=50 commit by dnId=c2c40a72-a699-49b1-b721-1997d9d2c71f for containerID=#50 failed. Corresponding entry not found.
2021-08-15 14:03:34,572 [EventQueue-DeleteBlockStatusForDeletedBlockLogImpl] DEBUG block.DeletedBlockLogImpl (DeletedBlockLogImpl.java:isTransactionFailed(278)) - Got block deletion ACK from datanode, TXIDs=51, success=true
2021-08-15 14:03:34,572 [EventQueue-DeleteBlockStatusForDeletedBlockLogImpl] DEBUG block.DeletedBlockLogImpl (DeletedBlockLogImpl.java:commitTransactions(224)) - Transaction txId=51 commit by dnId=c2c40a72-a699-49b1-b721-1997d9d2c71f for containerID=#51 failed. Corresponding entry not found.
2021-08-15 14:03:34,572 [EventQueue-DeleteBlockStatusForDeletedBlockLogImpl] DEBUG block.DeletedBlockLogImpl (DeletedBlockLogImpl.java:isTransactionFailed(278)) - Got block deletion ACK from datanode, TXIDs=52, success=true
2021-08-15 14:03:34,572 [EventQueue-DeleteBlockStatusForDeletedBlockLogImpl] DEBUG block.DeletedBlockLogImpl (DeletedBlockLogImpl.java:commitTransactions(224)) - Transaction txId=52 commit by dnId=c2c40a72-a699-49b1-b721-1997d9d2c71f for containerID=#52 failed. Corresponding entry not found.
2021-08-15 14:03:34,572 [EventQueue-DeleteBlockStatusForDeletedBlockLogImpl] DEBUG block.DeletedBlockLogImpl (DeletedBlockLogImpl.java:isTransactionFailed(278)) - Got block deletion ACK from datanode, TXIDs=53, success=true
2021-08-15 14:03:34,572 [EventQueue-DeleteBlockStatusForDeletedBlockLogImpl] DEBUG block.DeletedBlockLogImpl (DeletedBlockLogImpl.java:commitTransactions(224)) - Transaction txId=53 commit by dnId=c2c40a72-a699-49b1-b721-1997d9d2c71f for containerID=#53 failed. Corresponding entry not found.
2021-08-15 14:03:34,572 [EventQueue-DeleteBlockStatusForDeletedBlockLogImpl] DEBUG block.DeletedBlockLogImpl (DeletedBlockLogImpl.java:isTransactionFailed(278)) - Got block deletion ACK from datanode, TXIDs=54, success=true
2021-08-15 14:03:34,572 [EventQueue-DeleteBlockStatusForDeletedBlockLogImpl] DEBUG block.DeletedBlockLogImpl (DeletedBlockLogImpl.java:commitTransactions(224)) - Transaction txId=54 commit by dnId=c2c40a72-a699-49b1-b721-1997d9d2c71f for containerID=#54 failed. Corresponding entry not found.
2021-08-15 14:03:34,572 [EventQueue-DeleteBlockStatusForDeletedBlockLogImpl] DEBUG block.DeletedBlockLogImpl (DeletedBlockLogImpl.java:isTransactionFailed(278)) - Got block deletion ACK from datanode, TXIDs=55, success=true
2021-08-15 14:03:34,572 [EventQueue-DeleteBlockStatusForDeletedBlockLogImpl] DEBUG block.DeletedBlockLogImpl (DeletedBlockLogImpl.java:commitTransactions(224)) - Transaction txId=55 commit by dnId=c2c40a72-a699-49b1-b721-1997d9d2c71f for containerID=#55 failed. Corresponding entry not found.
2021-08-15 14:03:34,572 [EventQueue-DeleteBlockStatusForDeletedBlockLogImpl] DEBUG block.DeletedBlockLogImpl (DeletedBlockLogImpl.java:isTransactionFailed(278)) - Got block deletion ACK from datanode, TXIDs=56, success=true
2021-08-15 14:03:34,572 [EventQueue-DeleteBlockStatusForDeletedBlockLogImpl] DEBUG block.DeletedBlockLogImpl (DeletedBlockLogImpl.java:commitTransactions(224)) - Transaction txId=56 commit by dnId=c2c40a72-a699-49b1-b721-1997d9d2c71f for containerID=#56 failed. Corresponding entry not found.
2021-08-15 14:03:34,572 [EventQueue-DeleteBlockStatusForDeletedBlockLogImpl] DEBUG block.DeletedBlockLogImpl (DeletedBlockLogImpl.java:isTransactionFailed(278)) - Got block deletion ACK from datanode, TXIDs=27, success=true
2021-08-15 14:03:34,572 [EventQueue-DeleteBlockStatusForDeletedBlockLogImpl] DEBUG block.DeletedBlockLogImpl (DeletedBlockLogImpl.java:commitTransactions(224)) - Transaction txId=27 commit by dnId=c2c40a72-a699-49b1-b721-1997d9d2c71f for containerID=#27 failed. Corresponding entry not found.
2021-08-15 14:03:34,572 [EventQueue-DeleteBlockStatusForDeletedBlockLogImpl] DEBUG block.DeletedBlockLogImpl (DeletedBlockLogImpl.java:isTransactionFailed(278)) - Got block deletion ACK from datanode, TXIDs=28, success=true
2021-08-15 14:03:34,572 [EventQueue-DeleteBlockStatusForDeletedBlockLogImpl] DEBUG block.DeletedBlockLogImpl (DeletedBlockLogImpl.java:commitTransactions(224)) - Transaction txId=28 commit by dnId=c2c40a72-a699-49b1-b721-1997d9d2c71f for containerID=#28 failed. Corresponding entry not found.
2021-08-15 14:03:34,572 [EventQueue-DeleteBlockStatusForDeletedBlockLogImpl] DEBUG block.DeletedBlockLogImpl (DeletedBlockLogImpl.java:isTransactionFailed(278)) - Got block deletion ACK from datanode, TXIDs=29, success=true
2021-08-15 14:03:34,572 [EventQueue-DeleteBlockStatusForDeletedBlockLogImpl] DEBUG block.DeletedBlockLogImpl (DeletedBlockLogImpl.java:commitTransactions(224)) - Transaction txId=29 commit by dnId=c2c40a72-a699-49b1-b721-1997d9d2c71f for containerID=#29 failed. Corresponding entry not found.
2021-08-15 14:03:34,572 [EventQueue-DeleteBlockStatusForDeletedBlockLogImpl] DEBUG block.DeletedBlockLogImpl (DeletedBlockLogImpl.java:isTransactionFailed(278)) - Got block deletion ACK from datanode, TXIDs=30, success=true
2021-08-15 14:03:34,572 [EventQueue-DeleteBlockStatusForDeletedBlockLogImpl] DEBUG block.DeletedBlockLogImpl (DeletedBlockLogImpl.java:commitTransactions(224)) - Transaction txId=30 commit by dnId=c2c40a72-a699-49b1-b721-1997d9d2c71f for containerID=#30 failed. Corresponding entry not found.
2021-08-15 14:03:34,572 [EventQueue-DeleteBlockStatusForDeletedBlockLogImpl] DEBUG block.DeletedBlockLogImpl (DeletedBlockLogImpl.java:isTransactionFailed(278)) - Got block deletion ACK from datanode, TXIDs=31, success=true
2021-08-15 14:03:34,572 [EventQueue-DeleteBlockStatusForDeletedBlockLogImpl] DEBUG block.DeletedBlockLogImpl (DeletedBlockLogImpl.java:commitTransactions(224)) - Transaction txId=31 commit by dnId=c2c40a72-a699-49b1-b721-1997d9d2c71f for containerID=#31 failed. Corresponding entry not found.
2021-08-15 14:03:34,572 [EventQueue-DeleteBlockStatusForDeletedBlockLogImpl] DEBUG block.DeletedBlockLogImpl (DeletedBlockLogImpl.java:isTransactionFailed(278)) - Got block deletion ACK from datanode, TXIDs=32, success=true
2021-08-15 14:03:34,572 [EventQueue-DeleteBlockStatusForDeletedBlockLogImpl] DEBUG block.DeletedBlockLogImpl (DeletedBlockLogImpl.java:commitTransactions(224)) - Transaction txId=32 commit by dnId=c2c40a72-a699-49b1-b721-1997d9d2c71f for containerID=#32 failed. Corresponding entry not found.
2021-08-15 14:03:34,572 [EventQueue-DeleteBlockStatusForDeletedBlockLogImpl] DEBUG block.DeletedBlockLogImpl (DeletedBlockLogImpl.java:isTransactionFailed(278)) - Got block deletion ACK from datanode, TXIDs=33, success=true
2021-08-15 14:03:34,572 [EventQueue-DeleteBlockStatusForDeletedBlockLogImpl] DEBUG block.DeletedBlockLogImpl (DeletedBlockLogImpl.java:commitTransactions(224)) - Transaction txId=33 commit by dnId=c2c40a72-a699-49b1-b721-1997d9d2c71f for containerID=#33 failed. Corresponding entry not found.
2021-08-15 14:03:34,572 [EventQueue-DeleteBlockStatusForDeletedBlockLogImpl] DEBUG block.DeletedBlockLogImpl (DeletedBlockLogImpl.java:isTransactionFailed(278)) - Got block deletion ACK from datanode, TXIDs=34, success=true
2021-08-15 14:03:34,572 [EventQueue-DeleteBlockStatusForDeletedBlockLogImpl] DEBUG block.DeletedBlockLogImpl (DeletedBlockLogImpl.java:commitTransactions(224)) - Transaction txId=34 commit by dnId=c2c40a72-a699-49b1-b721-1997d9d2c71f for containerID=#34 failed. Corresponding entry not found.
2021-08-15 14:03:34,572 [EventQueue-DeleteBlockStatusForDeletedBlockLogImpl] DEBUG block.DeletedBlockLogImpl (DeletedBlockLogImpl.java:isTransactionFailed(278)) - Got block deletion ACK from datanode, TXIDs=35, success=true
2021-08-15 14:03:34,572 [EventQueue-DeleteBlockStatusForDeletedBlockLogImpl] DEBUG block.DeletedBlockLogImpl (DeletedBlockLogImpl.java:commitTransactions(224)) - Transaction txId=35 commit by dnId=c2c40a72-a699-49b1-b721-1997d9d2c71f for containerID=#35 failed. Corresponding entry not found.
2021-08-15 14:03:34,572 [EventQueue-DeleteBlockStatusForDeletedBlockLogImpl] DEBUG block.DeletedBlockLogImpl (DeletedBlockLogImpl.java:isTransactionFailed(278)) - Got block deletion ACK from datanode, TXIDs=36, success=true
2021-08-15 14:03:34,572 [EventQueue-DeleteBlockStatusForDeletedBlockLogImpl] DEBUG block.DeletedBlockLogImpl (DeletedBlockLogImpl.java:commitTransactions(224)) - Transaction txId=36 commit by dnId=c2c40a72-a699-49b1-b721-1997d9d2c71f for containerID=#36 failed. Corresponding entry not found.
2021-08-15 14:03:34,572 [EventQueue-DeleteBlockStatusForDeletedBlockLogImpl] DEBUG block.DeletedBlockLogImpl (DeletedBlockLogImpl.java:isTransactionFailed(278)) - Got block deletion ACK from datanode, TXIDs=37, success=true
2021-08-15 14:03:34,572 [EventQueue-DeleteBlockStatusForDeletedBlockLogImpl] DEBUG block.DeletedBlockLogImpl (DeletedBlockLogImpl.java:commitTransactions(224)) - Transaction txId=37 commit by dnId=c2c40a72-a699-49b1-b721-1997d9d2c71f for containerID=#37 failed. Corresponding entry not found.
2021-08-15 14:03:34,572 [EventQueue-DeleteBlockStatusForDeletedBlockLogImpl] DEBUG block.DeletedBlockLogImpl (DeletedBlockLogImpl.java:isTransactionFailed(278)) - Got block deletion ACK from datanode, TXIDs=38, success=true
2021-08-15 14:03:34,572 [EventQueue-DeleteBlockStatusForDeletedBlockLogImpl] DEBUG block.DeletedBlockLogImpl (DeletedBlockLogImpl.java:commitTransactions(224)) - Transaction txId=38 commit by dnId=c2c40a72-a699-49b1-b721-1997d9d2c71f for containerID=#38 failed. Corresponding entry not found.
2021-08-15 14:03:34,572 [EventQueue-DeleteBlockStatusForDeletedBlockLogImpl] DEBUG block.DeletedBlockLogImpl (DeletedBlockLogImpl.java:isTransactionFailed(278)) - Got block deletion ACK from datanode, TXIDs=39, success=true
2021-08-15 14:03:34,572 [EventQueue-DeleteBlockStatusForDeletedBlockLogImpl] DEBUG block.DeletedBlockLogImpl (DeletedBlockLogImpl.java:commitTransactions(224)) - Transaction txId=39 commit by dnId=c2c40a72-a699-49b1-b721-1997d9d2c71f for containerID=#39 failed. Corresponding entry not found.
2021-08-15 14:03:34,572 [EventQueue-DeleteBlockStatusForDeletedBlockLogImpl] DEBUG block.DeletedBlockLogImpl (DeletedBlockLogImpl.java:isTransactionFailed(278)) - Got block deletion ACK from datanode, TXIDs=40, success=true
2021-08-15 14:03:34,572 [EventQueue-DeleteBlockStatusForDeletedBlockLogImpl] DEBUG block.DeletedBlockLogImpl (DeletedBlockLogImpl.java:commitTransactions(224)) - Transaction txId=40 commit by dnId=c2c40a72-a699-49b1-b721-1997d9d2c71f for containerID=#40 failed. Corresponding entry not found.
2021-08-15 14:03:34,572 [EventQueue-DeleteBlockStatusForDeletedBlockLogImpl] DEBUG block.DeletedBlockLogImpl (DeletedBlockLogImpl.java:isTransactionFailed(278)) - Got block deletion ACK from datanode, TXIDs=41, success=true
2021-08-15 14:03:34,572 [EventQueue-DeleteBlockStatusForDeletedBlockLogImpl] DEBUG block.DeletedBlockLogImpl (DeletedBlockLogImpl.java:commitTransactions(224)) - Transaction txId=41 commit by dnId=c2c40a72-a699-49b1-b721-1997d9d2c71f for containerID=#41 failed. Corresponding entry not found.
2021-08-15 14:03:34,572 [EventQueue-DeleteBlockStatusForDeletedBlockLogImpl] DEBUG block.DeletedBlockLogImpl (DeletedBlockLogImpl.java:isTransactionFailed(278)) - Got block deletion ACK from datanode, TXIDs=42, success=true
2021-08-15 14:03:34,572 [EventQueue-DeleteBlockStatusForDeletedBlockLogImpl] DEBUG block.DeletedBlockLogImpl (DeletedBlockLogImpl.java:commitTransactions(224)) - Transaction txId=42 commit by dnId=c2c40a72-a699-49b1-b721-1997d9d2c71f for containerID=#42 failed. Corresponding entry not found.
2021-08-15 14:03:34,572 [EventQueue-DeleteBlockStatusForDeletedBlockLogImpl] DEBUG block.DeletedBlockLogImpl (DeletedBlockLogImpl.java:isTransactionFailed(278)) - Got block deletion ACK from datanode, TXIDs=43, success=true
2021-08-15 14:03:34,572 [EventQueue-DeleteBlockStatusForDeletedBlockLogImpl] DEBUG block.DeletedBlockLogImpl (DeletedBlockLogImpl.java:commitTransactions(224)) - Transaction txId=43 commit by dnId=c2c40a72-a699-49b1-b721-1997d9d2c71f for containerID=#43 failed. Corresponding entry not found.
2021-08-15 14:03:34,572 [EventQueue-DeleteBlockStatusForDeletedBlockLogImpl] DEBUG block.DeletedBlockLogImpl (DeletedBlockLogImpl.java:isTransactionFailed(278)) - Got block deletion ACK from datanode, TXIDs=44, success=true
2021-08-15 14:03:34,572 [EventQueue-DeleteBlockStatusForDeletedBlockLogImpl] DEBUG block.DeletedBlockLogImpl (DeletedBlockLogImpl.java:commitTransactions(224)) - Transaction txId=44 commit by dnId=c2c40a72-a699-49b1-b721-1997d9d2c71f for containerID=#44 failed. Corresponding entry not found.
2021-08-15 14:03:34,572 [EventQueue-DeleteBlockStatusForDeletedBlockLogImpl] DEBUG block.DeletedBlockLogImpl (DeletedBlockLogImpl.java:isTransactionFailed(278)) - Got block deletion ACK from datanode, TXIDs=45, success=true
2021-08-15 14:03:34,572 [EventQueue-DeleteBlockStatusForDeletedBlockLogImpl] DEBUG block.DeletedBlockLogImpl (DeletedBlockLogImpl.java:commitTransactions(224)) - Transaction txId=45 commit by dnId=c2c40a72-a699-49b1-b721-1997d9d2c71f for containerID=#45 failed. Corresponding entry not found.
2021-08-15 14:03:34,572 [EventQueue-DeleteBlockStatusForDeletedBlockLogImpl] DEBUG block.DeletedBlockLogImpl (DeletedBlockLogImpl.java:isTransactionFailed(278)) - Got block deletion ACK from datanode, TXIDs=46, success=true
2021-08-15 14:03:34,572 [EventQueue-DeleteBlockStatusForDeletedBlockLogImpl] DEBUG block.DeletedBlockLogImpl (DeletedBlockLogImpl.java:commitTransactions(224)) - Transaction txId=46 commit by dnId=c2c40a72-a699-49b1-b721-1997d9d2c71f for containerID=#46 failed. Corresponding entry not found.
2021-08-15 14:03:34,573 [EventQueue-DeleteBlockStatusForDeletedBlockLogImpl] DEBUG block.DeletedBlockLogImpl (DeletedBlockLogImpl.java:isTransactionFailed(278)) - Got block deletion ACK from datanode, TXIDs=47, success=true
2021-08-15 14:03:34,573 [EventQueue-DeleteBlockStatusForDeletedBlockLogImpl] DEBUG block.DeletedBlockLogImpl (DeletedBlockLogImpl.java:commitTransactions(224)) - Transaction txId=47 commit by dnId=c2c40a72-a699-49b1-b721-1997d9d2c71f for containerID=#47 failed. Corresponding entry not found.
2021-08-15 14:03:34,573 [EventQueue-DeleteBlockStatusForDeletedBlockLogImpl] DEBUG block.DeletedBlockLogImpl (DeletedBlockLogImpl.java:isTransactionFailed(278)) - Got block deletion ACK from datanode, TXIDs=48, success=true
2021-08-15 14:03:34,573 [EventQueue-DeleteBlockStatusForDeletedBlockLogImpl] DEBUG block.DeletedBlockLogImpl (DeletedBlockLogImpl.java:commitTransactions(224)) - Transaction txId=48 commit by dnId=c2c40a72-a699-49b1-b721-1997d9d2c71f for containerID=#48 failed. Corresponding entry not found.
2021-08-15 14:03:34,573 [EventQueue-DeleteBlockStatusForDeletedBlockLogImpl] DEBUG block.DeletedBlockLogImpl (DeletedBlockLogImpl.java:isTransactionFailed(278)) - Got block deletion ACK from datanode, TXIDs=49, success=true
2021-08-15 14:03:34,573 [EventQueue-DeleteBlockStatusForDeletedBlockLogImpl] DEBUG block.DeletedBlockLogImpl (DeletedBlockLogImpl.java:commitTransactions(224)) - Transaction txId=49 commit by dnId=c2c40a72-a699-49b1-b721-1997d9d2c71f for containerID=#49 failed. Corresponding entry not found.
2021-08-15 14:03:34,573 [EventQueue-DeleteBlockStatusForDeletedBlockLogImpl] DEBUG block.DeletedBlockLogImpl (DeletedBlockLogImpl.java:isTransactionFailed(278)) - Got block deletion ACK from datanode, TXIDs=50, success=true
2021-08-15 14:03:34,573 [EventQueue-DeleteBlockStatusForDeletedBlockLogImpl] DEBUG block.DeletedBlockLogImpl (DeletedBlockLogImpl.java:commitTransactions(224)) - Transaction txId=50 commit by dnId=c2c40a72-a699-49b1-b721-1997d9d2c71f for containerID=#50 failed. Corresponding entry not found.
2021-08-15 14:03:34,573 [EventQueue-DeleteBlockStatusForDeletedBlockLogImpl] DEBUG block.DeletedBlockLogImpl (DeletedBlockLogImpl.java:isTransactionFailed(278)) - Got block deletion ACK from datanode, TXIDs=51, success=true
2021-08-15 14:03:34,573 [EventQueue-DeleteBlockStatusForDeletedBlockLogImpl] DEBUG block.DeletedBlockLogImpl (DeletedBlockLogImpl.java:commitTransactions(224)) - Transaction txId=51 commit by dnId=c2c40a72-a699-49b1-b721-1997d9d2c71f for containerID=#51 failed. Corresponding entry not found.
2021-08-15 14:03:34,573 [EventQueue-DeleteBlockStatusForDeletedBlockLogImpl] DEBUG block.DeletedBlockLogImpl (DeletedBlockLogImpl.java:isTransactionFailed(278)) - Got block deletion ACK from datanode, TXIDs=52, success=true
2021-08-15 14:03:34,573 [EventQueue-DeleteBlockStatusForDeletedBlockLogImpl] DEBUG block.DeletedBlockLogImpl (DeletedBlockLogImpl.java:commitTransactions(224)) - Transaction txId=52 commit by dnId=c2c40a72-a699-49b1-b721-1997d9d2c71f for containerID=#52 failed. Corresponding entry not found.
2021-08-15 14:03:34,573 [EventQueue-DeleteBlockStatusForDeletedBlockLogImpl] DEBUG block.DeletedBlockLogImpl (DeletedBlockLogImpl.java:isTransactionFailed(278)) - Got block deletion ACK from datanode, TXIDs=53, success=true
2021-08-15 14:03:34,573 [EventQueue-DeleteBlockStatusForDeletedBlockLogImpl] DEBUG block.DeletedBlockLogImpl (DeletedBlockLogImpl.java:commitTransactions(224)) - Transaction txId=53 commit by dnId=c2c40a72-a699-49b1-b721-1997d9d2c71f for containerID=#53 failed. Corresponding entry not found.
2021-08-15 14:03:34,573 [EventQueue-DeleteBlockStatusForDeletedBlockLogImpl] DEBUG block.DeletedBlockLogImpl (DeletedBlockLogImpl.java:isTransactionFailed(278)) - Got block deletion ACK from datanode, TXIDs=54, success=true
2021-08-15 14:03:34,573 [EventQueue-DeleteBlockStatusForDeletedBlockLogImpl] DEBUG block.DeletedBlockLogImpl (DeletedBlockLogImpl.java:commitTransactions(224)) - Transaction txId=54 commit by dnId=c2c40a72-a699-49b1-b721-1997d9d2c71f for containerID=#54 failed. Corresponding entry not found.
2021-08-15 14:03:34,573 [EventQueue-DeleteBlockStatusForDeletedBlockLogImpl] DEBUG block.DeletedBlockLogImpl (DeletedBlockLogImpl.java:isTransactionFailed(278)) - Got block deletion ACK from datanode, TXIDs=55, success=true
2021-08-15 14:03:34,573 [EventQueue-DeleteBlockStatusForDeletedBlockLogImpl] DEBUG block.DeletedBlockLogImpl (DeletedBlockLogImpl.java:commitTransactions(224)) - Transaction txId=55 commit by dnId=c2c40a72-a699-49b1-b721-1997d9d2c71f for containerID=#55 failed. Corresponding entry not found.
2021-08-15 14:03:34,573 [EventQueue-DeleteBlockStatusForDeletedBlockLogImpl] DEBUG block.DeletedBlockLogImpl (DeletedBlockLogImpl.java:isTransactionFailed(278)) - Got block deletion ACK from datanode, TXIDs=56, success=true
2021-08-15 14:03:34,573 [EventQueue-DeleteBlockStatusForDeletedBlockLogImpl] DEBUG block.DeletedBlockLogImpl (DeletedBlockLogImpl.java:commitTransactions(224)) - Transaction txId=56 commit by dnId=c2c40a72-a699-49b1-b721-1997d9d2c71f for containerID=#56 failed. Corresponding entry not found.
2021-08-15 14:03:34,573 [EventQueue-DeleteBlockStatusForDeletedBlockLogImpl] DEBUG block.DeletedBlockLogImpl (DeletedBlockLogImpl.java:isTransactionFailed(278)) - Got block deletion ACK from datanode, TXIDs=27, success=true
2021-08-15 14:03:34,573 [EventQueue-DeleteBlockStatusForDeletedBlockLogImpl] DEBUG block.DeletedBlockLogImpl (DeletedBlockLogImpl.java:commitTransactions(224)) - Transaction txId=27 commit by dnId=c2c40a72-a699-49b1-b721-1997d9d2c71f for containerID=#27 failed. Corresponding entry not found.
2021-08-15 14:03:34,573 [EventQueue-DeleteBlockStatusForDeletedBlockLogImpl] DEBUG block.DeletedBlockLogImpl (DeletedBlockLogImpl.java:isTransactionFailed(278)) - Got block deletion ACK from datanode, TXIDs=28, success=true
2021-08-15 14:03:34,583 [SCMBlockDeletingService#0] DEBUG block.SCMBlockDeletingService (SCMBlockDeletingService.java:call(133)) - Running DeletedBlockTransactionScanner
2021-08-15 14:03:34,588 [EventQueue-DeleteBlockStatusForDeletedBlockLogImpl] DEBUG block.DeletedBlockLogImpl (DeletedBlockLogImpl.java:commitTransactions(224)) - Transaction txId=28 commit by dnId=c2c40a72-a699-49b1-b721-1997d9d2c71f for containerID=#28 failed. Corresponding entry not found.
2021-08-15 14:03:34,588 [EventQueue-DeleteBlockStatusForDeletedBlockLogImpl] DEBUG block.DeletedBlockLogImpl (DeletedBlockLogImpl.java:isTransactionFailed(278)) - Got block deletion ACK from datanode, TXIDs=29, success=true
2021-08-15 14:03:34,588 [EventQueue-DeleteBlockStatusForDeletedBlockLogImpl] DEBUG block.DeletedBlockLogImpl (DeletedBlockLogImpl.java:commitTransactions(224)) - Transaction txId=29 commit by dnId=c2c40a72-a699-49b1-b721-1997d9d2c71f for containerID=#29 failed. Corresponding entry not found.
2021-08-15 14:03:34,588 [EventQueue-DeleteBlockStatusForDeletedBlockLogImpl] DEBUG block.DeletedBlockLogImpl (DeletedBlockLogImpl.java:isTransactionFailed(278)) - Got block deletion ACK from datanode, TXIDs=30, success=true
2021-08-15 14:03:34,588 [EventQueue-DeleteBlockStatusForDeletedBlockLogImpl] DEBUG block.DeletedBlockLogImpl (DeletedBlockLogImpl.java:commitTransactions(224)) - Transaction txId=30 commit by dnId=c2c40a72-a699-49b1-b721-1997d9d2c71f for containerID=#30 failed. Corresponding entry not found.
2021-08-15 14:03:34,588 [EventQueue-DeleteBlockStatusForDeletedBlockLogImpl] DEBUG block.DeletedBlockLogImpl (DeletedBlockLogImpl.java:isTransactionFailed(278)) - Got block deletion ACK from datanode, TXIDs=31, success=true
2021-08-15 14:03:34,588 [EventQueue-DeleteBlockStatusForDeletedBlockLogImpl] DEBUG block.DeletedBlockLogImpl (DeletedBlockLogImpl.java:commitTransactions(224)) - Transaction txId=31 commit by dnId=c2c40a72-a699-49b1-b721-1997d9d2c71f for containerID=#31 failed. Corresponding entry not found.
2021-08-15 14:03:34,588 [EventQueue-DeleteBlockStatusForDeletedBlockLogImpl] DEBUG block.DeletedBlockLogImpl (DeletedBlockLogImpl.java:isTransactionFailed(278)) - Got block deletion ACK from datanode, TXIDs=32, success=true
2021-08-15 14:03:34,588 [EventQueue-DeleteBlockStatusForDeletedBlockLogImpl] DEBUG block.DeletedBlockLogImpl (DeletedBlockLogImpl.java:commitTransactions(224)) - Transaction txId=32 commit by dnId=c2c40a72-a699-49b1-b721-1997d9d2c71f for containerID=#32 failed. Corresponding entry not found.
2021-08-15 14:03:34,588 [EventQueue-DeleteBlockStatusForDeletedBlockLogImpl] DEBUG block.DeletedBlockLogImpl (DeletedBlockLogImpl.java:isTransactionFailed(278)) - Got block deletion ACK from datanode, TXIDs=33, success=true
2021-08-15 14:03:34,588 [EventQueue-DeleteBlockStatusForDeletedBlockLogImpl] DEBUG block.DeletedBlockLogImpl (DeletedBlockLogImpl.java:commitTransactions(224)) - Transaction txId=33 commit by dnId=c2c40a72-a699-49b1-b721-1997d9d2c71f for containerID=#33 failed. Corresponding entry not found.
2021-08-15 14:03:34,588 [EventQueue-DeleteBlockStatusForDeletedBlockLogImpl] DEBUG block.DeletedBlockLogImpl (DeletedBlockLogImpl.java:isTransactionFailed(278)) - Got block deletion ACK from datanode, TXIDs=34, success=true
2021-08-15 14:03:34,588 [EventQueue-DeleteBlockStatusForDeletedBlockLogImpl] DEBUG block.DeletedBlockLogImpl (DeletedBlockLogImpl.java:commitTransactions(224)) - Transaction txId=34 commit by dnId=c2c40a72-a699-49b1-b721-1997d9d2c71f for containerID=#34 failed. Corresponding entry not found.
2021-08-15 14:03:34,588 [EventQueue-DeleteBlockStatusForDeletedBlockLogImpl] DEBUG block.DeletedBlockLogImpl (DeletedBlockLogImpl.java:isTransactionFailed(278)) - Got block deletion ACK from datanode, TXIDs=35, success=true
2021-08-15 14:03:34,588 [EventQueue-DeleteBlockStatusForDeletedBlockLogImpl] DEBUG block.DeletedBlockLogImpl (DeletedBlockLogImpl.java:commitTransactions(224)) - Transaction txId=35 commit by dnId=c2c40a72-a699-49b1-b721-1997d9d2c71f for containerID=#35 failed. Corresponding entry not found.
2021-08-15 14:03:34,588 [EventQueue-DeleteBlockStatusForDeletedBlockLogImpl] DEBUG block.DeletedBlockLogImpl (DeletedBlockLogImpl.java:isTransactionFailed(278)) - Got block deletion ACK from datanode, TXIDs=36, success=true
2021-08-15 14:03:34,588 [EventQueue-DeleteBlockStatusForDeletedBlockLogImpl] DEBUG block.DeletedBlockLogImpl (DeletedBlockLogImpl.java:commitTransactions(224)) - Transaction txId=36 commit by dnId=c2c40a72-a699-49b1-b721-1997d9d2c71f for containerID=#36 failed. Corresponding entry not found.
2021-08-15 14:03:34,588 [EventQueue-DeleteBlockStatusForDeletedBlockLogImpl] DEBUG block.DeletedBlockLogImpl (DeletedBlockLogImpl.java:isTransactionFailed(278)) - Got block deletion ACK from datanode, TXIDs=37, success=true
2021-08-15 14:03:34,588 [EventQueue-DeleteBlockStatusForDeletedBlockLogImpl] DEBUG block.DeletedBlockLogImpl (DeletedBlockLogImpl.java:commitTransactions(224)) - Transaction txId=37 commit by dnId=c2c40a72-a699-49b1-b721-1997d9d2c71f for containerID=#37 failed. Corresponding entry not found.
2021-08-15 14:03:34,588 [EventQueue-DeleteBlockStatusForDeletedBlockLogImpl] DEBUG block.DeletedBlockLogImpl (DeletedBlockLogImpl.java:isTransactionFailed(278)) - Got block deletion ACK from datanode, TXIDs=38, success=true
2021-08-15 14:03:34,588 [EventQueue-DeleteBlockStatusForDeletedBlockLogImpl] DEBUG block.DeletedBlockLogImpl (DeletedBlockLogImpl.java:commitTransactions(224)) - Transaction txId=38 commit by dnId=c2c40a72-a699-49b1-b721-1997d9d2c71f for containerID=#38 failed. Corresponding entry not found.
2021-08-15 14:03:34,588 [EventQueue-DeleteBlockStatusForDeletedBlockLogImpl] DEBUG block.DeletedBlockLogImpl (DeletedBlockLogImpl.java:isTransactionFailed(278)) - Got block deletion ACK from datanode, TXIDs=39, success=true
2021-08-15 14:03:34,588 [EventQueue-DeleteBlockStatusForDeletedBlockLogImpl] DEBUG block.DeletedBlockLogImpl (DeletedBlockLogImpl.java:commitTransactions(224)) - Transaction txId=39 commit by dnId=c2c40a72-a699-49b1-b721-1997d9d2c71f for containerID=#39 failed. Corresponding entry not found.
2021-08-15 14:03:34,588 [EventQueue-DeleteBlockStatusForDeletedBlockLogImpl] DEBUG block.DeletedBlockLogImpl (DeletedBlockLogImpl.java:isTransactionFailed(278)) - Got block deletion ACK from datanode, TXIDs=40, success=true
2021-08-15 14:03:34,588 [EventQueue-DeleteBlockStatusForDeletedBlockLogImpl] DEBUG block.DeletedBlockLogImpl (DeletedBlockLogImpl.java:commitTransactions(224)) - Transaction txId=40 commit by dnId=c2c40a72-a699-49b1-b721-1997d9d2c71f for containerID=#40 failed. Corresponding entry not found.
2021-08-15 14:03:34,588 [EventQueue-DeleteBlockStatusForDeletedBlockLogImpl] DEBUG block.DeletedBlockLogImpl (DeletedBlockLogImpl.java:isTransactionFailed(278)) - Got block deletion ACK from datanode, TXIDs=41, success=true
2021-08-15 14:03:34,588 [EventQueue-DeleteBlockStatusForDeletedBlockLogImpl] DEBUG block.DeletedBlockLogImpl (DeletedBlockLogImpl.java:commitTransactions(224)) - Transaction txId=41 commit by dnId=c2c40a72-a699-49b1-b721-1997d9d2c71f for containerID=#41 failed. Corresponding entry not found.
2021-08-15 14:03:34,588 [EventQueue-DeleteBlockStatusForDeletedBlockLogImpl] DEBUG block.DeletedBlockLogImpl (DeletedBlockLogImpl.java:isTransactionFailed(278)) - Got block deletion ACK from datanode, TXIDs=42, success=true
2021-08-15 14:03:34,588 [EventQueue-DeleteBlockStatusForDeletedBlockLogImpl] DEBUG block.DeletedBlockLogImpl (DeletedBlockLogImpl.java:commitTransactions(224)) - Transaction txId=42 commit by dnId=c2c40a72-a699-49b1-b721-1997d9d2c71f for containerID=#42 failed. Corresponding entry not found.
2021-08-15 14:03:34,588 [EventQueue-DeleteBlockStatusForDeletedBlockLogImpl] DEBUG block.DeletedBlockLogImpl (DeletedBlockLogImpl.java:isTransactionFailed(278)) - Got block deletion ACK from datanode, TXIDs=43, success=true
2021-08-15 14:03:34,588 [EventQueue-DeleteBlockStatusForDeletedBlockLogImpl] DEBUG block.DeletedBlockLogImpl (DeletedBlockLogImpl.java:commitTransactions(224)) - Transaction txId=43 commit by dnId=c2c40a72-a699-49b1-b721-1997d9d2c71f for containerID=#43 failed. Corresponding entry not found.
2021-08-15 14:03:34,588 [EventQueue-DeleteBlockStatusForDeletedBlockLogImpl] DEBUG block.DeletedBlockLogImpl (DeletedBlockLogImpl.java:isTransactionFailed(278)) - Got block deletion ACK from datanode, TXIDs=44, success=true
2021-08-15 14:03:34,588 [EventQueue-DeleteBlockStatusForDeletedBlockLogImpl] DEBUG block.DeletedBlockLogImpl (DeletedBlockLogImpl.java:commitTransactions(224)) - Transaction txId=44 commit by dnId=c2c40a72-a699-49b1-b721-1997d9d2c71f for containerID=#44 failed. Corresponding entry not found.
2021-08-15 14:03:34,589 [EventQueue-DeleteBlockStatusForDeletedBlockLogImpl] DEBUG block.DeletedBlockLogImpl (DeletedBlockLogImpl.java:isTransactionFailed(278)) - Got block deletion ACK from datanode, TXIDs=45, success=true
2021-08-15 14:03:34,589 [EventQueue-DeleteBlockStatusForDeletedBlockLogImpl] DEBUG block.DeletedBlockLogImpl (DeletedBlockLogImpl.java:commitTransactions(224)) - Transaction txId=45 commit by dnId=c2c40a72-a699-49b1-b721-1997d9d2c71f for containerID=#45 failed. Corresponding entry not found.
2021-08-15 14:03:34,589 [EventQueue-DeleteBlockStatusForDeletedBlockLogImpl] DEBUG block.DeletedBlockLogImpl (DeletedBlockLogImpl.java:isTransactionFailed(278)) - Got block deletion ACK from datanode, TXIDs=46, success=true
2021-08-15 14:03:34,589 [EventQueue-DeleteBlockStatusForDeletedBlockLogImpl] DEBUG block.DeletedBlockLogImpl (DeletedBlockLogImpl.java:commitTransactions(224)) - Transaction txId=46 commit by dnId=c2c40a72-a699-49b1-b721-1997d9d2c71f for containerID=#46 failed. Corresponding entry not found.
2021-08-15 14:03:34,589 [EventQueue-DeleteBlockStatusForDeletedBlockLogImpl] DEBUG block.DeletedBlockLogImpl (DeletedBlockLogImpl.java:isTransactionFailed(278)) - Got block deletion ACK from datanode, TXIDs=47, success=true
2021-08-15 14:03:34,589 [EventQueue-DeleteBlockStatusForDeletedBlockLogImpl] DEBUG block.DeletedBlockLogImpl (DeletedBlockLogImpl.java:commitTransactions(224)) - Transaction txId=47 commit by dnId=c2c40a72-a699-49b1-b721-1997d9d2c71f for containerID=#47 failed. Corresponding entry not found.
2021-08-15 14:03:34,589 [EventQueue-DeleteBlockStatusForDeletedBlockLogImpl] DEBUG block.DeletedBlockLogImpl (DeletedBlockLogImpl.java:isTransactionFailed(278)) - Got block deletion ACK from datanode, TXIDs=48, success=true
2021-08-15 14:03:34,589 [EventQueue-DeleteBlockStatusForDeletedBlockLogImpl] DEBUG block.DeletedBlockLogImpl (DeletedBlockLogImpl.java:commitTransactions(224)) - Transaction txId=48 commit by dnId=c2c40a72-a699-49b1-b721-1997d9d2c71f for containerID=#48 failed. Corresponding entry not found.
2021-08-15 14:03:34,589 [EventQueue-DeleteBlockStatusForDeletedBlockLogImpl] DEBUG block.DeletedBlockLogImpl (DeletedBlockLogImpl.java:isTransactionFailed(278)) - Got block deletion ACK from datanode, TXIDs=49, success=true
2021-08-15 14:03:34,589 [EventQueue-DeleteBlockStatusForDeletedBlockLogImpl] DEBUG block.DeletedBlockLogImpl (DeletedBlockLogImpl.java:commitTransactions(224)) - Transaction txId=49 commit by dnId=c2c40a72-a699-49b1-b721-1997d9d2c71f for containerID=#49 failed. Corresponding entry not found.
2021-08-15 14:03:34,589 [EventQueue-DeleteBlockStatusForDeletedBlockLogImpl] DEBUG block.DeletedBlockLogImpl (DeletedBlockLogImpl.java:isTransactionFailed(278)) - Got block deletion ACK from datanode, TXIDs=50, success=true
2021-08-15 14:03:34,589 [EventQueue-DeleteBlockStatusForDeletedBlockLogImpl] DEBUG block.DeletedBlockLogImpl (DeletedBlockLogImpl.java:commitTransactions(224)) - Transaction txId=50 commit by dnId=c2c40a72-a699-49b1-b721-1997d9d2c71f for containerID=#50 failed. Corresponding entry not found.
2021-08-15 14:03:34,589 [EventQueue-DeleteBlockStatusForDeletedBlockLogImpl] DEBUG block.DeletedBlockLogImpl (DeletedBlockLogImpl.java:isTransactionFailed(278)) - Got block deletion ACK from datanode, TXIDs=51, success=true
2021-08-15 14:03:34,589 [EventQueue-DeleteBlockStatusForDeletedBlockLogImpl] DEBUG block.DeletedBlockLogImpl (DeletedBlockLogImpl.java:commitTransactions(224)) - Transaction txId=51 commit by dnId=c2c40a72-a699-49b1-b721-1997d9d2c71f for containerID=#51 failed. Corresponding entry not found.
2021-08-15 14:03:34,589 [EventQueue-DeleteBlockStatusForDeletedBlockLogImpl] DEBUG block.DeletedBlockLogImpl (DeletedBlockLogImpl.java:isTransactionFailed(278)) - Got block deletion ACK from datanode, TXIDs=52, success=true
2021-08-15 14:03:34,589 [EventQueue-DeleteBlockStatusForDeletedBlockLogImpl] DEBUG block.DeletedBlockLogImpl (DeletedBlockLogImpl.java:commitTransactions(224)) - Transaction txId=52 commit by dnId=c2c40a72-a699-49b1-b721-1997d9d2c71f for containerID=#52 failed. Corresponding entry not found.
2021-08-15 14:03:34,589 [EventQueue-DeleteBlockStatusForDeletedBlockLogImpl] DEBUG block.DeletedBlockLogImpl (DeletedBlockLogImpl.java:isTransactionFailed(278)) - Got block deletion ACK from datanode, TXIDs=53, success=true
2021-08-15 14:03:34,589 [EventQueue-DeleteBlockStatusForDeletedBlockLogImpl] DEBUG block.DeletedBlockLogImpl (DeletedBlockLogImpl.java:commitTransactions(224)) - Transaction txId=53 commit by dnId=c2c40a72-a699-49b1-b721-1997d9d2c71f for containerID=#53 failed. Corresponding entry not found.
2021-08-15 14:03:34,589 [EventQueue-DeleteBlockStatusForDeletedBlockLogImpl] DEBUG block.DeletedBlockLogImpl (DeletedBlockLogImpl.java:isTransactionFailed(278)) - Got block deletion ACK from datanode, TXIDs=54, success=true
2021-08-15 14:03:34,589 [EventQueue-DeleteBlockStatusForDeletedBlockLogImpl] DEBUG block.DeletedBlockLogImpl (DeletedBlockLogImpl.java:commitTransactions(224)) - Transaction txId=54 commit by dnId=c2c40a72-a699-49b1-b721-1997d9d2c71f for containerID=#54 failed. Corresponding entry not found.
2021-08-15 14:03:34,589 [EventQueue-DeleteBlockStatusForDeletedBlockLogImpl] DEBUG block.DeletedBlockLogImpl (DeletedBlockLogImpl.java:isTransactionFailed(278)) - Got block deletion ACK from datanode, TXIDs=55, success=true
2021-08-15 14:03:34,589 [EventQueue-DeleteBlockStatusForDeletedBlockLogImpl] DEBUG block.DeletedBlockLogImpl (DeletedBlockLogImpl.java:commitTransactions(224)) - Transaction txId=55 commit by dnId=c2c40a72-a699-49b1-b721-1997d9d2c71f for containerID=#55 failed. Corresponding entry not found.
2021-08-15 14:03:34,589 [EventQueue-DeleteBlockStatusForDeletedBlockLogImpl] DEBUG block.DeletedBlockLogImpl (DeletedBlockLogImpl.java:isTransactionFailed(278)) - Got block deletion ACK from datanode, TXIDs=56, success=true
2021-08-15 14:03:34,589 [EventQueue-DeleteBlockStatusForDeletedBlockLogImpl] DEBUG block.DeletedBlockLogImpl (DeletedBlockLogImpl.java:commitTransactions(224)) - Transaction txId=56 commit by dnId=c2c40a72-a699-49b1-b721-1997d9d2c71f for containerID=#56 failed. Corresponding entry not found.
2021-08-15 14:03:34,590 [EventQueue-DeleteBlockStatusForDeletedBlockLogImpl] DEBUG block.DeletedBlockLogImpl (DeletedBlockLogImpl.java:isTransactionFailed(278)) - Got block deletion ACK from datanode, TXIDs=27, success=true
2021-08-15 14:03:34,590 [EventQueue-DeleteBlockStatusForDeletedBlockLogImpl] DEBUG block.DeletedBlockLogImpl (DeletedBlockLogImpl.java:commitTransactions(224)) - Transaction txId=27 commit by dnId=c2c40a72-a699-49b1-b721-1997d9d2c71f for containerID=#27 failed. Corresponding entry not found.
2021-08-15 14:03:34,590 [EventQueue-DeleteBlockStatusForDeletedBlockLogImpl] DEBUG block.DeletedBlockLogImpl (DeletedBlockLogImpl.java:isTransactionFailed(278)) - Got block deletion ACK from datanode, TXIDs=28, success=true
2021-08-15 14:03:34,590 [EventQueue-DeleteBlockStatusForDeletedBlockLogImpl] DEBUG block.DeletedBlockLogImpl (DeletedBlockLogImpl.java:commitTransactions(224)) - Transaction txId=28 commit by dnId=c2c40a72-a699-49b1-b721-1997d9d2c71f for containerID=#28 failed. Corresponding entry not found.
2021-08-15 14:03:34,590 [EventQueue-DeleteBlockStatusForDeletedBlockLogImpl] DEBUG block.DeletedBlockLogImpl (DeletedBlockLogImpl.java:isTransactionFailed(278)) - Got block deletion ACK from datanode, TXIDs=29, success=true
2021-08-15 14:03:34,590 [EventQueue-DeleteBlockStatusForDeletedBlockLogImpl] DEBUG block.DeletedBlockLogImpl (DeletedBlockLogImpl.java:commitTransactions(224)) - Transaction txId=29 commit by dnId=c2c40a72-a699-49b1-b721-1997d9d2c71f for containerID=#29 failed. Corresponding entry not found.
2021-08-15 14:03:34,590 [EventQueue-DeleteBlockStatusForDeletedBlockLogImpl] DEBUG block.DeletedBlockLogImpl (DeletedBlockLogImpl.java:isTransactionFailed(278)) - Got block deletion ACK from datanode, TXIDs=30, success=true
2021-08-15 14:03:34,590 [EventQueue-DeleteBlockStatusForDeletedBlockLogImpl] DEBUG block.DeletedBlockLogImpl (DeletedBlockLogImpl.java:commitTransactions(224)) - Transaction txId=30 commit by dnId=c2c40a72-a699-49b1-b721-1997d9d2c71f for containerID=#30 failed. Corresponding entry not found.
2021-08-15 14:03:34,590 [EventQueue-DeleteBlockStatusForDeletedBlockLogImpl] DEBUG block.DeletedBlockLogImpl (DeletedBlockLogImpl.java:isTransactionFailed(278)) - Got block deletion ACK from datanode, TXIDs=31, success=true
2021-08-15 14:03:34,590 [EventQueue-DeleteBlockStatusForDeletedBlockLogImpl] DEBUG block.DeletedBlockLogImpl (DeletedBlockLogImpl.java:commitTransactions(224)) - Transaction txId=31 commit by dnId=c2c40a72-a699-49b1-b721-1997d9d2c71f for containerID=#31 failed. Corresponding entry not found.
2021-08-15 14:03:34,590 [EventQueue-DeleteBlockStatusForDeletedBlockLogImpl] DEBUG block.DeletedBlockLogImpl (DeletedBlockLogImpl.java:isTransactionFailed(278)) - Got block deletion ACK from datanode, TXIDs=32, success=true
2021-08-15 14:03:34,590 [EventQueue-DeleteBlockStatusForDeletedBlockLogImpl] DEBUG block.DeletedBlockLogImpl (DeletedBlockLogImpl.java:commitTransactions(224)) - Transaction txId=32 commit by dnId=c2c40a72-a699-49b1-b721-1997d9d2c71f for containerID=#32 failed. Corresponding entry not found.
2021-08-15 14:03:34,590 [EventQueue-DeleteBlockStatusForDeletedBlockLogImpl] DEBUG block.DeletedBlockLogImpl (DeletedBlockLogImpl.java:isTransactionFailed(278)) - Got block deletion ACK from datanode, TXIDs=33, success=true
2021-08-15 14:03:34,590 [EventQueue-DeleteBlockStatusForDeletedBlockLogImpl] DEBUG block.DeletedBlockLogImpl (DeletedBlockLogImpl.java:commitTransactions(224)) - Transaction txId=33 commit by dnId=c2c40a72-a699-49b1-b721-1997d9d2c71f for containerID=#33 failed. Corresponding entry not found.
2021-08-15 14:03:34,590 [EventQueue-DeleteBlockStatusForDeletedBlockLogImpl] DEBUG block.DeletedBlockLogImpl (DeletedBlockLogImpl.java:isTransactionFailed(278)) - Got block deletion ACK from datanode, TXIDs=34, success=true
2021-08-15 14:03:34,590 [EventQueue-DeleteBlockStatusForDeletedBlockLogImpl] DEBUG block.DeletedBlockLogImpl (DeletedBlockLogImpl.java:commitTransactions(224)) - Transaction txId=34 commit by dnId=c2c40a72-a699-49b1-b721-1997d9d2c71f for containerID=#34 failed. Corresponding entry not found.
2021-08-15 14:03:34,590 [EventQueue-DeleteBlockStatusForDeletedBlockLogImpl] DEBUG block.DeletedBlockLogImpl (DeletedBlockLogImpl.java:isTransactionFailed(278)) - Got block deletion ACK from datanode, TXIDs=35, success=true
2021-08-15 14:03:34,590 [EventQueue-DeleteBlockStatusForDeletedBlockLogImpl] DEBUG block.DeletedBlockLogImpl (DeletedBlockLogImpl.java:commitTransactions(224)) - Transaction txId=35 commit by dnId=c2c40a72-a699-49b1-b721-1997d9d2c71f for containerID=#35 failed. Corresponding entry not found.
2021-08-15 14:03:34,590 [EventQueue-DeleteBlockStatusForDeletedBlockLogImpl] DEBUG block.DeletedBlockLogImpl (DeletedBlockLogImpl.java:isTransactionFailed(278)) - Got block deletion ACK from datanode, TXIDs=36, success=true
2021-08-15 14:03:34,590 [EventQueue-DeleteBlockStatusForDeletedBlockLogImpl] DEBUG block.DeletedBlockLogImpl (DeletedBlockLogImpl.java:commitTransactions(224)) - Transaction txId=36 commit by dnId=c2c40a72-a699-49b1-b721-1997d9d2c71f for containerID=#36 failed. Corresponding entry not found.
2021-08-15 14:03:34,590 [EventQueue-DeleteBlockStatusForDeletedBlockLogImpl] DEBUG block.DeletedBlockLogImpl (DeletedBlockLogImpl.java:isTransactionFailed(278)) - Got block deletion ACK from datanode, TXIDs=37, success=true
2021-08-15 14:03:34,590 [EventQueue-DeleteBlockStatusForDeletedBlockLogImpl] DEBUG block.DeletedBlockLogImpl (DeletedBlockLogImpl.java:commitTransactions(224)) - Transaction txId=37 commit by dnId=c2c40a72-a699-49b1-b721-1997d9d2c71f for containerID=#37 failed. Corresponding entry not found.
2021-08-15 14:03:34,590 [EventQueue-DeleteBlockStatusForDeletedBlockLogImpl] DEBUG block.DeletedBlockLogImpl (DeletedBlockLogImpl.java:isTransactionFailed(278)) - Got block deletion ACK from datanode, TXIDs=38, success=true
2021-08-15 14:03:34,590 [EventQueue-DeleteBlockStatusForDeletedBlockLogImpl] DEBUG block.DeletedBlockLogImpl (DeletedBlockLogImpl.java:commitTransactions(224)) - Transaction txId=38 commit by dnId=c2c40a72-a699-49b1-b721-1997d9d2c71f for containerID=#38 failed. Corresponding entry not found.
2021-08-15 14:03:34,590 [EventQueue-DeleteBlockStatusForDeletedBlockLogImpl] DEBUG block.DeletedBlockLogImpl (DeletedBlockLogImpl.java:isTransactionFailed(278)) - Got block deletion ACK from datanode, TXIDs=39, success=true
2021-08-15 14:03:34,590 [EventQueue-DeleteBlockStatusForDeletedBlockLogImpl] DEBUG block.DeletedBlockLogImpl (DeletedBlockLogImpl.java:commitTransactions(224)) - Transaction txId=39 commit by dnId=c2c40a72-a699-49b1-b721-1997d9d2c71f for containerID=#39 failed. Corresponding entry not found.
2021-08-15 14:03:34,590 [EventQueue-DeleteBlockStatusForDeletedBlockLogImpl] DEBUG block.DeletedBlockLogImpl (DeletedBlockLogImpl.java:isTransactionFailed(278)) - Got block deletion ACK from datanode, TXIDs=40, success=true
2021-08-15 14:03:34,590 [EventQueue-DeleteBlockStatusForDeletedBlockLogImpl] DEBUG block.DeletedBlockLogImpl (DeletedBlockLogImpl.java:commitTransactions(224)) - Transaction txId=40 commit by dnId=c2c40a72-a699-49b1-b721-1997d9d2c71f for containerID=#40 failed. Corresponding entry not found.
2021-08-15 14:03:34,590 [EventQueue-DeleteBlockStatusForDeletedBlockLogImpl] DEBUG block.DeletedBlockLogImpl (DeletedBlockLogImpl.java:isTransactionFailed(278)) - Got block deletion ACK from datanode, TXIDs=41, success=true
2021-08-15 14:03:34,590 [EventQueue-DeleteBlockStatusForDeletedBlockLogImpl] DEBUG block.DeletedBlockLogImpl (DeletedBlockLogImpl.java:commitTransactions(224)) - Transaction txId=41 commit by dnId=c2c40a72-a699-49b1-b721-1997d9d2c71f for containerID=#41 failed. Corresponding entry not found.
2021-08-15 14:03:34,590 [EventQueue-DeleteBlockStatusForDeletedBlockLogImpl] DEBUG block.DeletedBlockLogImpl (DeletedBlockLogImpl.java:isTransactionFailed(278)) - Got block deletion ACK from datanode, TXIDs=42, success=true
2021-08-15 14:03:34,591 [EventQueue-DeleteBlockStatusForDeletedBlockLogImpl] DEBUG block.DeletedBlockLogImpl (DeletedBlockLogImpl.java:commitTransactions(224)) - Transaction txId=42 commit by dnId=c2c40a72-a699-49b1-b721-1997d9d2c71f for containerID=#42 failed. Corresponding entry not found.
2021-08-15 14:03:34,591 [EventQueue-DeleteBlockStatusForDeletedBlockLogImpl] DEBUG block.DeletedBlockLogImpl (DeletedBlockLogImpl.java:isTransactionFailed(278)) - Got block deletion ACK from datanode, TXIDs=43, success=true
2021-08-15 14:03:34,591 [EventQueue-DeleteBlockStatusForDeletedBlockLogImpl] DEBUG block.DeletedBlockLogImpl (DeletedBlockLogImpl.java:commitTransactions(224)) - Transaction txId=43 commit by dnId=c2c40a72-a699-49b1-b721-1997d9d2c71f for containerID=#43 failed. Corresponding entry not found.
2021-08-15 14:03:34,591 [EventQueue-DeleteBlockStatusForDeletedBlockLogImpl] DEBUG block.DeletedBlockLogImpl (DeletedBlockLogImpl.java:isTransactionFailed(278)) - Got block deletion ACK from datanode, TXIDs=44, success=true
2021-08-15 14:03:34,591 [EventQueue-DeleteBlockStatusForDeletedBlockLogImpl] DEBUG block.DeletedBlockLogImpl (DeletedBlockLogImpl.java:commitTransactions(224)) - Transaction txId=44 commit by dnId=c2c40a72-a699-49b1-b721-1997d9d2c71f for containerID=#44 failed. Corresponding entry not found.
2021-08-15 14:03:34,591 [EventQueue-DeleteBlockStatusForDeletedBlockLogImpl] DEBUG block.DeletedBlockLogImpl (DeletedBlockLogImpl.java:isTransactionFailed(278)) - Got block deletion ACK from datanode, TXIDs=45, success=true
2021-08-15 14:03:34,591 [EventQueue-DeleteBlockStatusForDeletedBlockLogImpl] DEBUG block.DeletedBlockLogImpl (DeletedBlockLogImpl.java:commitTransactions(224)) - Transaction txId=45 commit by dnId=c2c40a72-a699-49b1-b721-1997d9d2c71f for containerID=#45 failed. Corresponding entry not found.
2021-08-15 14:03:34,591 [EventQueue-DeleteBlockStatusForDeletedBlockLogImpl] DEBUG block.DeletedBlockLogImpl (DeletedBlockLogImpl.java:isTransactionFailed(278)) - Got block deletion ACK from datanode, TXIDs=46, success=true
2021-08-15 14:03:34,591 [EventQueue-DeleteBlockStatusForDeletedBlockLogImpl] DEBUG block.DeletedBlockLogImpl (DeletedBlockLogImpl.java:commitTransactions(224)) - Transaction txId=46 commit by dnId=c2c40a72-a699-49b1-b721-1997d9d2c71f for containerID=#46 failed. Corresponding entry not found.
2021-08-15 14:03:34,591 [EventQueue-DeleteBlockStatusForDeletedBlockLogImpl] DEBUG block.DeletedBlockLogImpl (DeletedBlockLogImpl.java:isTransactionFailed(278)) - Got block deletion ACK from datanode, TXIDs=47, success=true
2021-08-15 14:03:34,591 [EventQueue-DeleteBlockStatusForDeletedBlockLogImpl] DEBUG block.DeletedBlockLogImpl (DeletedBlockLogImpl.java:commitTransactions(224)) - Transaction txId=47 commit by dnId=c2c40a72-a699-49b1-b721-1997d9d2c71f for containerID=#47 failed. Corresponding entry not found.
2021-08-15 14:03:34,591 [EventQueue-DeleteBlockStatusForDeletedBlockLogImpl] DEBUG block.DeletedBlockLogImpl (DeletedBlockLogImpl.java:isTransactionFailed(278)) - Got block deletion ACK from datanode, TXIDs=48, success=true
2021-08-15 14:03:34,591 [EventQueue-DeleteBlockStatusForDeletedBlockLogImpl] DEBUG block.DeletedBlockLogImpl (DeletedBlockLogImpl.java:commitTransactions(224)) - Transaction txId=48 commit by dnId=c2c40a72-a699-49b1-b721-1997d9d2c71f for containerID=#48 failed. Corresponding entry not found.
2021-08-15 14:03:34,591 [EventQueue-DeleteBlockStatusForDeletedBlockLogImpl] DEBUG block.DeletedBlockLogImpl (DeletedBlockLogImpl.java:isTransactionFailed(278)) - Got block deletion ACK from datanode, TXIDs=49, success=true
2021-08-15 14:03:34,591 [EventQueue-DeleteBlockStatusForDeletedBlockLogImpl] DEBUG block.DeletedBlockLogImpl (DeletedBlockLogImpl.java:commitTransactions(224)) - Transaction txId=49 commit by dnId=c2c40a72-a699-49b1-b721-1997d9d2c71f for containerID=#49 failed. Corresponding entry not found.
2021-08-15 14:03:34,591 [EventQueue-DeleteBlockStatusForDeletedBlockLogImpl] DEBUG block.DeletedBlockLogImpl (DeletedBlockLogImpl.java:isTransactionFailed(278)) - Got block deletion ACK from datanode, TXIDs=50, success=true
2021-08-15 14:03:34,591 [EventQueue-DeleteBlockStatusForDeletedBlockLogImpl] DEBUG block.DeletedBlockLogImpl (DeletedBlockLogImpl.java:commitTransactions(224)) - Transaction txId=50 commit by dnId=c2c40a72-a699-49b1-b721-1997d9d2c71f for containerID=#50 failed. Corresponding entry not found.
2021-08-15 14:03:34,591 [EventQueue-DeleteBlockStatusForDeletedBlockLogImpl] DEBUG block.DeletedBlockLogImpl (DeletedBlockLogImpl.java:isTransactionFailed(278)) - Got block deletion ACK from datanode, TXIDs=51, success=true
2021-08-15 14:03:34,591 [EventQueue-DeleteBlockStatusForDeletedBlockLogImpl] DEBUG block.DeletedBlockLogImpl (DeletedBlockLogImpl.java:commitTransactions(224)) - Transaction txId=51 commit by dnId=c2c40a72-a699-49b1-b721-1997d9d2c71f for containerID=#51 failed. Corresponding entry not found.
2021-08-15 14:03:34,591 [EventQueue-DeleteBlockStatusForDeletedBlockLogImpl] DEBUG block.DeletedBlockLogImpl (DeletedBlockLogImpl.java:isTransactionFailed(278)) - Got block deletion ACK from datanode, TXIDs=52, success=true
2021-08-15 14:03:34,591 [EventQueue-DeleteBlockStatusForDeletedBlockLogImpl] DEBUG block.DeletedBlockLogImpl (DeletedBlockLogImpl.java:commitTransactions(224)) - Transaction txId=52 commit by dnId=c2c40a72-a699-49b1-b721-1997d9d2c71f for containerID=#52 failed. Corresponding entry not found.
2021-08-15 14:03:34,591 [EventQueue-DeleteBlockStatusForDeletedBlockLogImpl] DEBUG block.DeletedBlockLogImpl (DeletedBlockLogImpl.java:isTransactionFailed(278)) - Got block deletion ACK from datanode, TXIDs=53, success=true
2021-08-15 14:03:34,591 [EventQueue-DeleteBlockStatusForDeletedBlockLogImpl] DEBUG block.DeletedBlockLogImpl (DeletedBlockLogImpl.java:commitTransactions(224)) - Transaction txId=53 commit by dnId=c2c40a72-a699-49b1-b721-1997d9d2c71f for containerID=#53 failed. Corresponding entry not found.
2021-08-15 14:03:34,591 [EventQueue-DeleteBlockStatusForDeletedBlockLogImpl] DEBUG block.DeletedBlockLogImpl (DeletedBlockLogImpl.java:isTransactionFailed(278)) - Got block deletion ACK from datanode, TXIDs=54, success=true
2021-08-15 14:03:34,591 [EventQueue-DeleteBlockStatusForDeletedBlockLogImpl] DEBUG block.DeletedBlockLogImpl (DeletedBlockLogImpl.java:commitTransactions(224)) - Transaction txId=54 commit by dnId=c2c40a72-a699-49b1-b721-1997d9d2c71f for containerID=#54 failed. Corresponding entry not found.
2021-08-15 14:03:34,591 [EventQueue-DeleteBlockStatusForDeletedBlockLogImpl] DEBUG block.DeletedBlockLogImpl (DeletedBlockLogImpl.java:isTransactionFailed(278)) - Got block deletion ACK from datanode, TXIDs=55, success=true
2021-08-15 14:03:34,591 [EventQueue-DeleteBlockStatusForDeletedBlockLogImpl] DEBUG block.DeletedBlockLogImpl (DeletedBlockLogImpl.java:commitTransactions(224)) - Transaction txId=55 commit by dnId=c2c40a72-a699-49b1-b721-1997d9d2c71f for containerID=#55 failed. Corresponding entry not found.
2021-08-15 14:03:34,591 [EventQueue-DeleteBlockStatusForDeletedBlockLogImpl] DEBUG block.DeletedBlockLogImpl (DeletedBlockLogImpl.java:isTransactionFailed(278)) - Got block deletion ACK from datanode, TXIDs=56, success=true
2021-08-15 14:03:34,591 [EventQueue-DeleteBlockStatusForDeletedBlockLogImpl] DEBUG block.DeletedBlockLogImpl (DeletedBlockLogImpl.java:commitTransactions(224)) - Transaction txId=56 commit by dnId=c2c40a72-a699-49b1-b721-1997d9d2c71f for containerID=#56 failed. Corresponding entry not found.
2021-08-15 14:03:34,591 [EventQueue-DeleteBlockStatusForDeletedBlockLogImpl] DEBUG block.DeletedBlockLogImpl (DeletedBlockLogImpl.java:isTransactionFailed(278)) - Got block deletion ACK from datanode, TXIDs=27, success=true
2021-08-15 14:03:34,591 [EventQueue-DeleteBlockStatusForDeletedBlockLogImpl] DEBUG block.DeletedBlockLogImpl (DeletedBlockLogImpl.java:commitTransactions(224)) - Transaction txId=27 commit by dnId=c2c40a72-a699-49b1-b721-1997d9d2c71f for containerID=#27 failed. Corresponding entry not found.
2021-08-15 14:03:34,591 [EventQueue-DeleteBlockStatusForDeletedBlockLogImpl] DEBUG block.DeletedBlockLogImpl (DeletedBlockLogImpl.java:isTransactionFailed(278)) - Got block deletion ACK from datanode, TXIDs=28, success=true
2021-08-15 14:03:34,591 [EventQueue-DeleteBlockStatusForDeletedBlockLogImpl] DEBUG block.DeletedBlockLogImpl (DeletedBlockLogImpl.java:commitTransactions(224)) - Transaction txId=28 commit by dnId=c2c40a72-a699-49b1-b721-1997d9d2c71f for containerID=#28 failed. Corresponding entry not found.
2021-08-15 14:03:34,591 [EventQueue-DeleteBlockStatusForDeletedBlockLogImpl] DEBUG block.DeletedBlockLogImpl (DeletedBlockLogImpl.java:isTransactionFailed(278)) - Got block deletion ACK from datanode, TXIDs=29, success=true
2021-08-15 14:03:34,591 [EventQueue-DeleteBlockStatusForDeletedBlockLogImpl] DEBUG block.DeletedBlockLogImpl (DeletedBlockLogImpl.java:commitTransactions(224)) - Transaction txId=29 commit by dnId=c2c40a72-a699-49b1-b721-1997d9d2c71f for containerID=#29 failed. Corresponding entry not found.
2021-08-15 14:03:34,591 [EventQueue-DeleteBlockStatusForDeletedBlockLogImpl] DEBUG block.DeletedBlockLogImpl (DeletedBlockLogImpl.java:isTransactionFailed(278)) - Got block deletion ACK from datanode, TXIDs=30, success=true
2021-08-15 14:03:34,591 [EventQueue-DeleteBlockStatusForDeletedBlockLogImpl] DEBUG block.DeletedBlockLogImpl (DeletedBlockLogImpl.java:commitTransactions(224)) - Transaction txId=30 commit by dnId=c2c40a72-a699-49b1-b721-1997d9d2c71f for containerID=#30 failed. Corresponding entry not found.
2021-08-15 14:03:34,591 [EventQueue-DeleteBlockStatusForDeletedBlockLogImpl] DEBUG block.DeletedBlockLogImpl (DeletedBlockLogImpl.java:isTransactionFailed(278)) - Got block deletion ACK from datanode, TXIDs=31, success=true
2021-08-15 14:03:34,591 [EventQueue-DeleteBlockStatusForDeletedBlockLogImpl] DEBUG block.DeletedBlockLogImpl (DeletedBlockLogImpl.java:commitTransactions(224)) - Transaction txId=31 commit by dnId=c2c40a72-a699-49b1-b721-1997d9d2c71f for containerID=#31 failed. Corresponding entry not found.
2021-08-15 14:03:34,591 [EventQueue-DeleteBlockStatusForDeletedBlockLogImpl] DEBUG block.DeletedBlockLogImpl (DeletedBlockLogImpl.java:isTransactionFailed(278)) - Got block deletion ACK from datanode, TXIDs=32, success=true
2021-08-15 14:03:34,591 [EventQueue-DeleteBlockStatusForDeletedBlockLogImpl] DEBUG block.DeletedBlockLogImpl (DeletedBlockLogImpl.java:commitTransactions(224)) - Transaction txId=32 commit by dnId=c2c40a72-a699-49b1-b721-1997d9d2c71f for containerID=#32 failed. Corresponding entry not found.
2021-08-15 14:03:34,591 [EventQueue-DeleteBlockStatusForDeletedBlockLogImpl] DEBUG block.DeletedBlockLogImpl (DeletedBlockLogImpl.java:isTransactionFailed(278)) - Got block deletion ACK from datanode, TXIDs=33, success=true
2021-08-15 14:03:34,591 [EventQueue-DeleteBlockStatusForDeletedBlockLogImpl] DEBUG block.DeletedBlockLogImpl (DeletedBlockLogImpl.java:commitTransactions(224)) - Transaction txId=33 commit by dnId=c2c40a72-a699-49b1-b721-1997d9d2c71f for containerID=#33 failed. Corresponding entry not found.
2021-08-15 14:03:34,591 [EventQueue-DeleteBlockStatusForDeletedBlockLogImpl] DEBUG block.DeletedBlockLogImpl (DeletedBlockLogImpl.java:isTransactionFailed(278)) - Got block deletion ACK from datanode, TXIDs=34, success=true
2021-08-15 14:03:34,591 [EventQueue-DeleteBlockStatusForDeletedBlockLogImpl] DEBUG block.DeletedBlockLogImpl (DeletedBlockLogImpl.java:commitTransactions(224)) - Transaction txId=34 commit by dnId=c2c40a72-a699-49b1-b721-1997d9d2c71f for containerID=#34 failed. Corresponding entry not found.
2021-08-15 14:03:34,591 [EventQueue-DeleteBlockStatusForDeletedBlockLogImpl] DEBUG block.DeletedBlockLogImpl (DeletedBlockLogImpl.java:isTransactionFailed(278)) - Got block deletion ACK from datanode, TXIDs=35, success=true
2021-08-15 14:03:34,591 [EventQueue-DeleteBlockStatusForDeletedBlockLogImpl] DEBUG block.DeletedBlockLogImpl (DeletedBlockLogImpl.java:commitTransactions(224)) - Transaction txId=35 commit by dnId=c2c40a72-a699-49b1-b721-1997d9d2c71f for containerID=#35 failed. Corresponding entry not found.
2021-08-15 14:03:34,591 [EventQueue-DeleteBlockStatusForDeletedBlockLogImpl] DEBUG block.DeletedBlockLogImpl (DeletedBlockLogImpl.java:isTransactionFailed(278)) - Got block deletion ACK from datanode, TXIDs=36, success=true
2021-08-15 14:03:34,591 [EventQueue-DeleteBlockStatusForDeletedBlockLogImpl] DEBUG block.DeletedBlockLogImpl (DeletedBlockLogImpl.java:commitTransactions(224)) - Transaction txId=36 commit by dnId=c2c40a72-a699-49b1-b721-1997d9d2c71f for containerID=#36 failed. Corresponding entry not found.
2021-08-15 14:03:34,593 [EventQueue-DeleteBlockStatusForDeletedBlockLogImpl] DEBUG block.DeletedBlockLogImpl (DeletedBlockLogImpl.java:isTransactionFailed(278)) - Got block deletion ACK from datanode, TXIDs=37, success=true
2021-08-15 14:03:34,593 [EventQueue-DeleteBlockStatusForDeletedBlockLogImpl] DEBUG block.DeletedBlockLogImpl (DeletedBlockLogImpl.java:commitTransactions(224)) - Transaction txId=37 commit by dnId=c2c40a72-a699-49b1-b721-1997d9d2c71f for containerID=#37 failed. Corresponding entry not found.
2021-08-15 14:03:34,593 [EventQueue-DeleteBlockStatusForDeletedBlockLogImpl] DEBUG block.DeletedBlockLogImpl (DeletedBlockLogImpl.java:isTransactionFailed(278)) - Got block deletion ACK from datanode, TXIDs=38, success=true
2021-08-15 14:03:34,593 [EventQueue-DeleteBlockStatusForDeletedBlockLogImpl] DEBUG block.DeletedBlockLogImpl (DeletedBlockLogImpl.java:commitTransactions(224)) - Transaction txId=38 commit by dnId=c2c40a72-a699-49b1-b721-1997d9d2c71f for containerID=#38 failed. Corresponding entry not found.
2021-08-15 14:03:34,593 [EventQueue-DeleteBlockStatusForDeletedBlockLogImpl] DEBUG block.DeletedBlockLogImpl (DeletedBlockLogImpl.java:isTransactionFailed(278)) - Got block deletion ACK from datanode, TXIDs=39, success=true
2021-08-15 14:03:34,593 [EventQueue-DeleteBlockStatusForDeletedBlockLogImpl] DEBUG block.DeletedBlockLogImpl (DeletedBlockLogImpl.java:commitTransactions(224)) - Transaction txId=39 commit by dnId=c2c40a72-a699-49b1-b721-1997d9d2c71f for containerID=#39 failed. Corresponding entry not found.
2021-08-15 14:03:34,593 [EventQueue-DeleteBlockStatusForDeletedBlockLogImpl] DEBUG block.DeletedBlockLogImpl (DeletedBlockLogImpl.java:isTransactionFailed(278)) - Got block deletion ACK from datanode, TXIDs=40, success=true
2021-08-15 14:03:34,593 [EventQueue-DeleteBlockStatusForDeletedBlockLogImpl] DEBUG block.DeletedBlockLogImpl (DeletedBlockLogImpl.java:commitTransactions(224)) - Transaction txId=40 commit by dnId=c2c40a72-a699-49b1-b721-1997d9d2c71f for containerID=#40 failed. Corresponding entry not found.
2021-08-15 14:03:34,593 [EventQueue-DeleteBlockStatusForDeletedBlockLogImpl] DEBUG block.DeletedBlockLogImpl (DeletedBlockLogImpl.java:isTransactionFailed(278)) - Got block deletion ACK from datanode, TXIDs=41, success=true
2021-08-15 14:03:34,593 [EventQueue-DeleteBlockStatusForDeletedBlockLogImpl] DEBUG block.DeletedBlockLogImpl (DeletedBlockLogImpl.java:commitTransactions(224)) - Transaction txId=41 commit by dnId=c2c40a72-a699-49b1-b721-1997d9d2c71f for containerID=#41 failed. Corresponding entry not found.
2021-08-15 14:03:34,593 [EventQueue-DeleteBlockStatusForDeletedBlockLogImpl] DEBUG block.DeletedBlockLogImpl (DeletedBlockLogImpl.java:isTransactionFailed(278)) - Got block deletion ACK from datanode, TXIDs=42, success=true
2021-08-15 14:03:34,593 [EventQueue-DeleteBlockStatusForDeletedBlockLogImpl] DEBUG block.DeletedBlockLogImpl (DeletedBlockLogImpl.java:commitTransactions(224)) - Transaction txId=42 commit by dnId=c2c40a72-a699-49b1-b721-1997d9d2c71f for containerID=#42 failed. Corresponding entry not found.
2021-08-15 14:03:34,593 [EventQueue-DeleteBlockStatusForDeletedBlockLogImpl] DEBUG block.DeletedBlockLogImpl (DeletedBlockLogImpl.java:isTransactionFailed(278)) - Got block deletion ACK from datanode, TXIDs=43, success=true
2021-08-15 14:03:34,593 [EventQueue-DeleteBlockStatusForDeletedBlockLogImpl] DEBUG block.DeletedBlockLogImpl (DeletedBlockLogImpl.java:commitTransactions(224)) - Transaction txId=43 commit by dnId=c2c40a72-a699-49b1-b721-1997d9d2c71f for containerID=#43 failed. Corresponding entry not found.
2021-08-15 14:03:34,593 [EventQueue-DeleteBlockStatusForDeletedBlockLogImpl] DEBUG block.DeletedBlockLogImpl (DeletedBlockLogImpl.java:isTransactionFailed(278)) - Got block deletion ACK from datanode, TXIDs=44, success=true
2021-08-15 14:03:34,593 [EventQueue-DeleteBlockStatusForDeletedBlockLogImpl] DEBUG block.DeletedBlockLogImpl (DeletedBlockLogImpl.java:commitTransactions(224)) - Transaction txId=44 commit by dnId=c2c40a72-a699-49b1-b721-1997d9d2c71f for containerID=#44 failed. Corresponding entry not found.
2021-08-15 14:03:34,593 [EventQueue-DeleteBlockStatusForDeletedBlockLogImpl] DEBUG block.DeletedBlockLogImpl (DeletedBlockLogImpl.java:isTransactionFailed(278)) - Got block deletion ACK from datanode, TXIDs=45, success=true
2021-08-15 14:03:34,593 [EventQueue-DeleteBlockStatusForDeletedBlockLogImpl] DEBUG block.DeletedBlockLogImpl (DeletedBlockLogImpl.java:commitTransactions(224)) - Transaction txId=45 commit by dnId=c2c40a72-a699-49b1-b721-1997d9d2c71f for containerID=#45 failed. Corresponding entry not found.
2021-08-15 14:03:34,593 [EventQueue-DeleteBlockStatusForDeletedBlockLogImpl] DEBUG block.DeletedBlockLogImpl (DeletedBlockLogImpl.java:isTransactionFailed(278)) - Got block deletion ACK from datanode, TXIDs=46, success=true
2021-08-15 14:03:34,593 [EventQueue-DeleteBlockStatusForDeletedBlockLogImpl] DEBUG block.DeletedBlockLogImpl (DeletedBlockLogImpl.java:commitTransactions(224)) - Transaction txId=46 commit by dnId=c2c40a72-a699-49b1-b721-1997d9d2c71f for containerID=#46 failed. Corresponding entry not found.
2021-08-15 14:03:34,593 [EventQueue-DeleteBlockStatusForDeletedBlockLogImpl] DEBUG block.DeletedBlockLogImpl (DeletedBlockLogImpl.java:isTransactionFailed(278)) - Got block deletion ACK from datanode, TXIDs=47, success=true
2021-08-15 14:03:34,593 [EventQueue-DeleteBlockStatusForDeletedBlockLogImpl] DEBUG block.DeletedBlockLogImpl (DeletedBlockLogImpl.java:commitTransactions(224)) - Transaction txId=47 commit by dnId=c2c40a72-a699-49b1-b721-1997d9d2c71f for containerID=#47 failed. Corresponding entry not found.
2021-08-15 14:03:34,593 [EventQueue-DeleteBlockStatusForDeletedBlockLogImpl] DEBUG block.DeletedBlockLogImpl (DeletedBlockLogImpl.java:isTransactionFailed(278)) - Got block deletion ACK from datanode, TXIDs=48, success=true
2021-08-15 14:03:34,593 [EventQueue-DeleteBlockStatusForDeletedBlockLogImpl] DEBUG block.DeletedBlockLogImpl (DeletedBlockLogImpl.java:commitTransactions(224)) - Transaction txId=48 commit by dnId=c2c40a72-a699-49b1-b721-1997d9d2c71f for containerID=#48 failed. Corresponding entry not found.
2021-08-15 14:03:34,593 [EventQueue-DeleteBlockStatusForDeletedBlockLogImpl] DEBUG block.DeletedBlockLogImpl (DeletedBlockLogImpl.java:isTransactionFailed(278)) - Got block deletion ACK from datanode, TXIDs=49, success=true
2021-08-15 14:03:34,593 [EventQueue-DeleteBlockStatusForDeletedBlockLogImpl] DEBUG block.DeletedBlockLogImpl (DeletedBlockLogImpl.java:commitTransactions(224)) - Transaction txId=49 commit by dnId=c2c40a72-a699-49b1-b721-1997d9d2c71f for containerID=#49 failed. Corresponding entry not found.
2021-08-15 14:03:34,593 [EventQueue-DeleteBlockStatusForDeletedBlockLogImpl] DEBUG block.DeletedBlockLogImpl (DeletedBlockLogImpl.java:isTransactionFailed(278)) - Got block deletion ACK from datanode, TXIDs=50, success=true
2021-08-15 14:03:34,593 [EventQueue-DeleteBlockStatusForDeletedBlockLogImpl] DEBUG block.DeletedBlockLogImpl (DeletedBlockLogImpl.java:commitTransactions(224)) - Transaction txId=50 commit by dnId=c2c40a72-a699-49b1-b721-1997d9d2c71f for containerID=#50 failed. Corresponding entry not found.
2021-08-15 14:03:34,593 [EventQueue-DeleteBlockStatusForDeletedBlockLogImpl] DEBUG block.DeletedBlockLogImpl (DeletedBlockLogImpl.java:isTransactionFailed(278)) - Got block deletion ACK from datanode, TXIDs=51, success=true
2021-08-15 14:03:34,593 [EventQueue-DeleteBlockStatusForDeletedBlockLogImpl] DEBUG block.DeletedBlockLogImpl (DeletedBlockLogImpl.java:commitTransactions(224)) - Transaction txId=51 commit by dnId=c2c40a72-a699-49b1-b721-1997d9d2c71f for containerID=#51 failed. Corresponding entry not found.
2021-08-15 14:03:34,593 [EventQueue-DeleteBlockStatusForDeletedBlockLogImpl] DEBUG block.DeletedBlockLogImpl (DeletedBlockLogImpl.java:isTransactionFailed(278)) - Got block deletion ACK from datanode, TXIDs=52, success=true
2021-08-15 14:03:34,593 [EventQueue-DeleteBlockStatusForDeletedBlockLogImpl] DEBUG block.DeletedBlockLogImpl (DeletedBlockLogImpl.java:commitTransactions(224)) - Transaction txId=52 commit by dnId=c2c40a72-a699-49b1-b721-1997d9d2c71f for containerID=#52 failed. Corresponding entry not found.
2021-08-15 14:03:34,593 [EventQueue-DeleteBlockStatusForDeletedBlockLogImpl] DEBUG block.DeletedBlockLogImpl (DeletedBlockLogImpl.java:isTransactionFailed(278)) - Got block deletion ACK from datanode, TXIDs=53, success=true
2021-08-15 14:03:34,593 [EventQueue-DeleteBlockStatusForDeletedBlockLogImpl] DEBUG block.DeletedBlockLogImpl (DeletedBlockLogImpl.java:commitTransactions(224)) - Transaction txId=53 commit by dnId=c2c40a72-a699-49b1-b721-1997d9d2c71f for containerID=#53 failed. Corresponding entry not found.
2021-08-15 14:03:34,593 [EventQueue-DeleteBlockStatusForDeletedBlockLogImpl] DEBUG block.DeletedBlockLogImpl (DeletedBlockLogImpl.java:isTransactionFailed(278)) - Got block deletion ACK from datanode, TXIDs=54, success=true
2021-08-15 14:03:34,593 [EventQueue-DeleteBlockStatusForDeletedBlockLogImpl] DEBUG block.DeletedBlockLogImpl (DeletedBlockLogImpl.java:commitTransactions(224)) - Transaction txId=54 commit by dnId=c2c40a72-a699-49b1-b721-1997d9d2c71f for containerID=#54 failed. Corresponding entry not found.
2021-08-15 14:03:34,593 [EventQueue-DeleteBlockStatusForDeletedBlockLogImpl] DEBUG block.DeletedBlockLogImpl (DeletedBlockLogImpl.java:isTransactionFailed(278)) - Got block deletion ACK from datanode, TXIDs=55, success=true
2021-08-15 14:03:34,593 [EventQueue-DeleteBlockStatusForDeletedBlockLogImpl] DEBUG block.DeletedBlockLogImpl (DeletedBlockLogImpl.java:commitTransactions(224)) - Transaction txId=55 commit by dnId=c2c40a72-a699-49b1-b721-1997d9d2c71f for containerID=#55 failed. Corresponding entry not found.
2021-08-15 14:03:34,593 [EventQueue-DeleteBlockStatusForDeletedBlockLogImpl] DEBUG block.DeletedBlockLogImpl (DeletedBlockLogImpl.java:isTransactionFailed(278)) - Got block deletion ACK from datanode, TXIDs=56, success=true
2021-08-15 14:03:34,593 [EventQueue-DeleteBlockStatusForDeletedBlockLogImpl] DEBUG block.DeletedBlockLogImpl (DeletedBlockLogImpl.java:commitTransactions(224)) - Transaction txId=56 commit by dnId=c2c40a72-a699-49b1-b721-1997d9d2c71f for containerID=#56 failed. Corresponding entry not found.
2021-08-15 14:03:34,593 [EventQueue-DeleteBlockStatusForDeletedBlockLogImpl] DEBUG block.DeletedBlockLogImpl (DeletedBlockLogImpl.java:isTransactionFailed(278)) - Got block deletion ACK from datanode, TXIDs=27, success=true
2021-08-15 14:03:34,593 [EventQueue-DeleteBlockStatusForDeletedBlockLogImpl] DEBUG block.DeletedBlockLogImpl (DeletedBlockLogImpl.java:commitTransactions(224)) - Transaction txId=27 commit by dnId=c2c40a72-a699-49b1-b721-1997d9d2c71f for containerID=#27 failed. Corresponding entry not found.
2021-08-15 14:03:34,593 [EventQueue-DeleteBlockStatusForDeletedBlockLogImpl] DEBUG block.DeletedBlockLogImpl (DeletedBlockLogImpl.java:isTransactionFailed(278)) - Got block deletion ACK from datanode, TXIDs=28, success=true
2021-08-15 14:03:34,593 [EventQueue-DeleteBlockStatusForDeletedBlockLogImpl] DEBUG block.DeletedBlockLogImpl (DeletedBlockLogImpl.java:commitTransactions(224)) - Transaction txId=28 commit by dnId=c2c40a72-a699-49b1-b721-1997d9d2c71f for containerID=#28 failed. Corresponding entry not found.
2021-08-15 14:03:34,593 [EventQueue-DeleteBlockStatusForDeletedBlockLogImpl] DEBUG block.DeletedBlockLogImpl (DeletedBlockLogImpl.java:isTransactionFailed(278)) - Got block deletion ACK from datanode, TXIDs=29, success=true
2021-08-15 14:03:34,594 [EventQueue-DeleteBlockStatusForDeletedBlockLogImpl] DEBUG block.DeletedBlockLogImpl (DeletedBlockLogImpl.java:commitTransactions(224)) - Transaction txId=29 commit by dnId=c2c40a72-a699-49b1-b721-1997d9d2c71f for containerID=#29 failed. Corresponding entry not found.
2021-08-15 14:03:34,594 [EventQueue-DeleteBlockStatusForDeletedBlockLogImpl] DEBUG block.DeletedBlockLogImpl (DeletedBlockLogImpl.java:isTransactionFailed(278)) - Got block deletion ACK from datanode, TXIDs=30, success=true
2021-08-15 14:03:34,594 [EventQueue-DeleteBlockStatusForDeletedBlockLogImpl] DEBUG block.DeletedBlockLogImpl (DeletedBlockLogImpl.java:commitTransactions(224)) - Transaction txId=30 commit by dnId=c2c40a72-a699-49b1-b721-1997d9d2c71f for containerID=#30 failed. Corresponding entry not found.
2021-08-15 14:03:34,594 [EventQueue-DeleteBlockStatusForDeletedBlockLogImpl] DEBUG block.DeletedBlockLogImpl (DeletedBlockLogImpl.java:isTransactionFailed(278)) - Got block deletion ACK from datanode, TXIDs=31, success=true
2021-08-15 14:03:34,594 [EventQueue-DeleteBlockStatusForDeletedBlockLogImpl] DEBUG block.DeletedBlockLogImpl (DeletedBlockLogImpl.java:commitTransactions(224)) - Transaction txId=31 commit by dnId=c2c40a72-a699-49b1-b721-1997d9d2c71f for containerID=#31 failed. Corresponding entry not found.
2021-08-15 14:03:34,594 [EventQueue-DeleteBlockStatusForDeletedBlockLogImpl] DEBUG block.DeletedBlockLogImpl (DeletedBlockLogImpl.java:isTransactionFailed(278)) - Got block deletion ACK from datanode, TXIDs=32, success=true
2021-08-15 14:03:34,594 [EventQueue-DeleteBlockStatusForDeletedBlockLogImpl] DEBUG block.DeletedBlockLogImpl (DeletedBlockLogImpl.java:commitTransactions(224)) - Transaction txId=32 commit by dnId=c2c40a72-a699-49b1-b721-1997d9d2c71f for containerID=#32 failed. Corresponding entry not found.
2021-08-15 14:03:34,594 [EventQueue-DeleteBlockStatusForDeletedBlockLogImpl] DEBUG block.DeletedBlockLogImpl (DeletedBlockLogImpl.java:isTransactionFailed(278)) - Got block deletion ACK from datanode, TXIDs=33, success=true
2021-08-15 14:03:34,594 [EventQueue-DeleteBlockStatusForDeletedBlockLogImpl] DEBUG block.DeletedBlockLogImpl (DeletedBlockLogImpl.java:commitTransactions(224)) - Transaction txId=33 commit by dnId=c2c40a72-a699-49b1-b721-1997d9d2c71f for containerID=#33 failed. Corresponding entry not found.
2021-08-15 14:03:34,594 [EventQueue-DeleteBlockStatusForDeletedBlockLogImpl] DEBUG block.DeletedBlockLogImpl (DeletedBlockLogImpl.java:isTransactionFailed(278)) - Got block deletion ACK from datanode, TXIDs=34, success=true
2021-08-15 14:03:34,594 [EventQueue-DeleteBlockStatusForDeletedBlockLogImpl] DEBUG block.DeletedBlockLogImpl (DeletedBlockLogImpl.java:commitTransactions(224)) - Transaction txId=34 commit by dnId=c2c40a72-a699-49b1-b721-1997d9d2c71f for containerID=#34 failed. Corresponding entry not found.
2021-08-15 14:03:34,594 [EventQueue-DeleteBlockStatusForDeletedBlockLogImpl] DEBUG block.DeletedBlockLogImpl (DeletedBlockLogImpl.java:isTransactionFailed(278)) - Got block deletion ACK from datanode, TXIDs=35, success=true
2021-08-15 14:03:34,594 [EventQueue-DeleteBlockStatusForDeletedBlockLogImpl] DEBUG block.DeletedBlockLogImpl (DeletedBlockLogImpl.java:commitTransactions(224)) - Transaction txId=35 commit by dnId=c2c40a72-a699-49b1-b721-1997d9d2c71f for containerID=#35 failed. Corresponding entry not found.
2021-08-15 14:03:34,594 [EventQueue-DeleteBlockStatusForDeletedBlockLogImpl] DEBUG block.DeletedBlockLogImpl (DeletedBlockLogImpl.java:isTransactionFailed(278)) - Got block deletion ACK from datanode, TXIDs=36, success=true
2021-08-15 14:03:34,594 [EventQueue-DeleteBlockStatusForDeletedBlockLogImpl] DEBUG block.DeletedBlockLogImpl (DeletedBlockLogImpl.java:commitTransactions(224)) - Transaction txId=36 commit by dnId=c2c40a72-a699-49b1-b721-1997d9d2c71f for containerID=#36 failed. Corresponding entry not found.
2021-08-15 14:03:34,594 [EventQueue-DeleteBlockStatusForDeletedBlockLogImpl] DEBUG block.DeletedBlockLogImpl (DeletedBlockLogImpl.java:isTransactionFailed(278)) - Got block deletion ACK from datanode, TXIDs=37, success=true
2021-08-15 14:03:34,594 [EventQueue-DeleteBlockStatusForDeletedBlockLogImpl] DEBUG block.DeletedBlockLogImpl (DeletedBlockLogImpl.java:commitTransactions(224)) - Transaction txId=37 commit by dnId=c2c40a72-a699-49b1-b721-1997d9d2c71f for containerID=#37 failed. Corresponding entry not found.
2021-08-15 14:03:34,594 [EventQueue-DeleteBlockStatusForDeletedBlockLogImpl] DEBUG block.DeletedBlockLogImpl (DeletedBlockLogImpl.java:isTransactionFailed(278)) - Got block deletion ACK from datanode, TXIDs=38, success=true
2021-08-15 14:03:34,594 [EventQueue-DeleteBlockStatusForDeletedBlockLogImpl] DEBUG block.DeletedBlockLogImpl (DeletedBlockLogImpl.java:commitTransactions(224)) - Transaction txId=38 commit by dnId=c2c40a72-a699-49b1-b721-1997d9d2c71f for containerID=#38 failed. Corresponding entry not found.
2021-08-15 14:03:34,594 [EventQueue-DeleteBlockStatusForDeletedBlockLogImpl] DEBUG block.DeletedBlockLogImpl (DeletedBlockLogImpl.java:isTransactionFailed(278)) - Got block deletion ACK from datanode, TXIDs=39, success=true
2021-08-15 14:03:34,594 [EventQueue-DeleteBlockStatusForDeletedBlockLogImpl] DEBUG block.DeletedBlockLogImpl (DeletedBlockLogImpl.java:commitTransactions(224)) - Transaction txId=39 commit by dnId=c2c40a72-a699-49b1-b721-1997d9d2c71f for containerID=#39 failed. Corresponding entry not found.
2021-08-15 14:03:34,594 [EventQueue-DeleteBlockStatusForDeletedBlockLogImpl] DEBUG block.DeletedBlockLogImpl (DeletedBlockLogImpl.java:isTransactionFailed(278)) - Got block deletion ACK from datanode, TXIDs=40, success=true
2021-08-15 14:03:34,594 [EventQueue-DeleteBlockStatusForDeletedBlockLogImpl] DEBUG block.DeletedBlockLogImpl (DeletedBlockLogImpl.java:commitTransactions(224)) - Transaction txId=40 commit by dnId=c2c40a72-a699-49b1-b721-1997d9d2c71f for containerID=#40 failed. Corresponding entry not found.
2021-08-15 14:03:34,594 [EventQueue-DeleteBlockStatusForDeletedBlockLogImpl] DEBUG block.DeletedBlockLogImpl (DeletedBlockLogImpl.java:isTransactionFailed(278)) - Got block deletion ACK from datanode, TXIDs=41, success=true
2021-08-15 14:03:34,594 [EventQueue-DeleteBlockStatusForDeletedBlockLogImpl] DEBUG block.DeletedBlockLogImpl (DeletedBlockLogImpl.java:commitTransactions(224)) - Transaction txId=41 commit by dnId=c2c40a72-a699-49b1-b721-1997d9d2c71f for containerID=#41 failed. Corresponding entry not found.
2021-08-15 14:03:34,594 [EventQueue-DeleteBlockStatusForDeletedBlockLogImpl] DEBUG block.DeletedBlockLogImpl (DeletedBlockLogImpl.java:isTransactionFailed(278)) - Got block deletion ACK from datanode, TXIDs=42, success=true
2021-08-15 14:03:34,594 [EventQueue-DeleteBlockStatusForDeletedBlockLogImpl] DEBUG block.DeletedBlockLogImpl (DeletedBlockLogImpl.java:commitTransactions(224)) - Transaction txId=42 commit by dnId=c2c40a72-a699-49b1-b721-1997d9d2c71f for containerID=#42 failed. Corresponding entry not found.
2021-08-15 14:03:34,594 [EventQueue-DeleteBlockStatusForDeletedBlockLogImpl] DEBUG block.DeletedBlockLogImpl (DeletedBlockLogImpl.java:isTransactionFailed(278)) - Got block deletion ACK from datanode, TXIDs=43, success=true
2021-08-15 14:03:34,594 [EventQueue-DeleteBlockStatusForDeletedBlockLogImpl] DEBUG block.DeletedBlockLogImpl (DeletedBlockLogImpl.java:commitTransactions(224)) - Transaction txId=43 commit by dnId=c2c40a72-a699-49b1-b721-1997d9d2c71f for containerID=#43 failed. Corresponding entry not found.
2021-08-15 14:03:34,594 [EventQueue-DeleteBlockStatusForDeletedBlockLogImpl] DEBUG block.DeletedBlockLogImpl (DeletedBlockLogImpl.java:isTransactionFailed(278)) - Got block deletion ACK from datanode, TXIDs=44, success=true
2021-08-15 14:03:34,594 [EventQueue-DeleteBlockStatusForDeletedBlockLogImpl] DEBUG block.DeletedBlockLogImpl (DeletedBlockLogImpl.java:commitTransactions(224)) - Transaction txId=44 commit by dnId=c2c40a72-a699-49b1-b721-1997d9d2c71f for containerID=#44 failed. Corresponding entry not found.
2021-08-15 14:03:34,594 [EventQueue-DeleteBlockStatusForDeletedBlockLogImpl] DEBUG block.DeletedBlockLogImpl (DeletedBlockLogImpl.java:isTransactionFailed(278)) - Got block deletion ACK from datanode, TXIDs=45, success=true
2021-08-15 14:03:34,594 [EventQueue-DeleteBlockStatusForDeletedBlockLogImpl] DEBUG block.DeletedBlockLogImpl (DeletedBlockLogImpl.java:commitTransactions(224)) - Transaction txId=45 commit by dnId=c2c40a72-a699-49b1-b721-1997d9d2c71f for containerID=#45 failed. Corresponding entry not found.
2021-08-15 14:03:34,594 [EventQueue-DeleteBlockStatusForDeletedBlockLogImpl] DEBUG block.DeletedBlockLogImpl (DeletedBlockLogImpl.java:isTransactionFailed(278)) - Got block deletion ACK from datanode, TXIDs=46, success=true
2021-08-15 14:03:34,594 [EventQueue-DeleteBlockStatusForDeletedBlockLogImpl] DEBUG block.DeletedBlockLogImpl (DeletedBlockLogImpl.java:commitTransactions(224)) - Transaction txId=46 commit by dnId=c2c40a72-a699-49b1-b721-1997d9d2c71f for containerID=#46 failed. Corresponding entry not found.
2021-08-15 14:03:34,594 [EventQueue-DeleteBlockStatusForDeletedBlockLogImpl] DEBUG block.DeletedBlockLogImpl (DeletedBlockLogImpl.java:isTransactionFailed(278)) - Got block deletion ACK from datanode, TXIDs=47, success=true
2021-08-15 14:03:34,594 [EventQueue-DeleteBlockStatusForDeletedBlockLogImpl] DEBUG block.DeletedBlockLogImpl (DeletedBlockLogImpl.java:commitTransactions(224)) - Transaction txId=47 commit by dnId=c2c40a72-a699-49b1-b721-1997d9d2c71f for containerID=#47 failed. Corresponding entry not found.
2021-08-15 14:03:34,594 [EventQueue-DeleteBlockStatusForDeletedBlockLogImpl] DEBUG block.DeletedBlockLogImpl (DeletedBlockLogImpl.java:isTransactionFailed(278)) - Got block deletion ACK from datanode, TXIDs=48, success=true
2021-08-15 14:03:34,594 [EventQueue-DeleteBlockStatusForDeletedBlockLogImpl] DEBUG block.DeletedBlockLogImpl (DeletedBlockLogImpl.java:commitTransactions(224)) - Transaction txId=48 commit by dnId=c2c40a72-a699-49b1-b721-1997d9d2c71f for containerID=#48 failed. Corresponding entry not found.
2021-08-15 14:03:34,594 [EventQueue-DeleteBlockStatusForDeletedBlockLogImpl] DEBUG block.DeletedBlockLogImpl (DeletedBlockLogImpl.java:isTransactionFailed(278)) - Got block deletion ACK from datanode, TXIDs=49, success=true
2021-08-15 14:03:34,594 [EventQueue-DeleteBlockStatusForDeletedBlockLogImpl] DEBUG block.DeletedBlockLogImpl (DeletedBlockLogImpl.java:commitTransactions(224)) - Transaction txId=49 commit by dnId=c2c40a72-a699-49b1-b721-1997d9d2c71f for containerID=#49 failed. Corresponding entry not found.
2021-08-15 14:03:34,602 [EventQueue-DeleteBlockStatusForDeletedBlockLogImpl] DEBUG block.DeletedBlockLogImpl (DeletedBlockLogImpl.java:isTransactionFailed(278)) - Got block deletion ACK from datanode, TXIDs=50, success=true
2021-08-15 14:03:34,602 [EventQueue-DeleteBlockStatusForDeletedBlockLogImpl] DEBUG block.DeletedBlockLogImpl (DeletedBlockLogImpl.java:commitTransactions(224)) - Transaction txId=50 commit by dnId=c2c40a72-a699-49b1-b721-1997d9d2c71f for containerID=#50 failed. Corresponding entry not found.
2021-08-15 14:03:34,602 [EventQueue-DeleteBlockStatusForDeletedBlockLogImpl] DEBUG block.DeletedBlockLogImpl (DeletedBlockLogImpl.java:isTransactionFailed(278)) - Got block deletion ACK from datanode, TXIDs=51, success=true
2021-08-15 14:03:34,602 [EventQueue-DeleteBlockStatusForDeletedBlockLogImpl] DEBUG block.DeletedBlockLogImpl (DeletedBlockLogImpl.java:commitTransactions(224)) - Transaction txId=51 commit by dnId=c2c40a72-a699-49b1-b721-1997d9d2c71f for containerID=#51 failed. Corresponding entry not found.
2021-08-15 14:03:34,602 [EventQueue-DeleteBlockStatusForDeletedBlockLogImpl] DEBUG block.DeletedBlockLogImpl (DeletedBlockLogImpl.java:isTransactionFailed(278)) - Got block deletion ACK from datanode, TXIDs=52, success=true
2021-08-15 14:03:34,602 [EventQueue-DeleteBlockStatusForDeletedBlockLogImpl] DEBUG block.DeletedBlockLogImpl (DeletedBlockLogImpl.java:commitTransactions(224)) - Transaction txId=52 commit by dnId=c2c40a72-a699-49b1-b721-1997d9d2c71f for containerID=#52 failed. Corresponding entry not found.
2021-08-15 14:03:34,602 [EventQueue-DeleteBlockStatusForDeletedBlockLogImpl] DEBUG block.DeletedBlockLogImpl (DeletedBlockLogImpl.java:isTransactionFailed(278)) - Got block deletion ACK from datanode, TXIDs=53, success=true
2021-08-15 14:03:34,602 [EventQueue-DeleteBlockStatusForDeletedBlockLogImpl] DEBUG block.DeletedBlockLogImpl (DeletedBlockLogImpl.java:commitTransactions(224)) - Transaction txId=53 commit by dnId=c2c40a72-a699-49b1-b721-1997d9d2c71f for containerID=#53 failed. Corresponding entry not found.
2021-08-15 14:03:34,602 [EventQueue-DeleteBlockStatusForDeletedBlockLogImpl] DEBUG block.DeletedBlockLogImpl (DeletedBlockLogImpl.java:isTransactionFailed(278)) - Got block deletion ACK from datanode, TXIDs=54, success=true
2021-08-15 14:03:34,602 [EventQueue-DeleteBlockStatusForDeletedBlockLogImpl] DEBUG block.DeletedBlockLogImpl (DeletedBlockLogImpl.java:commitTransactions(224)) - Transaction txId=54 commit by dnId=c2c40a72-a699-49b1-b721-1997d9d2c71f for containerID=#54 failed. Corresponding entry not found.
2021-08-15 14:03:34,602 [EventQueue-DeleteBlockStatusForDeletedBlockLogImpl] DEBUG block.DeletedBlockLogImpl (DeletedBlockLogImpl.java:isTransactionFailed(278)) - Got block deletion ACK from datanode, TXIDs=55, success=true
2021-08-15 14:03:34,602 [EventQueue-DeleteBlockStatusForDeletedBlockLogImpl] DEBUG block.DeletedBlockLogImpl (DeletedBlockLogImpl.java:commitTransactions(224)) - Transaction txId=55 commit by dnId=c2c40a72-a699-49b1-b721-1997d9d2c71f for containerID=#55 failed. Corresponding entry not found.
2021-08-15 14:03:34,602 [EventQueue-DeleteBlockStatusForDeletedBlockLogImpl] DEBUG block.DeletedBlockLogImpl (DeletedBlockLogImpl.java:isTransactionFailed(278)) - Got block deletion ACK from datanode, TXIDs=56, success=true
2021-08-15 14:03:34,602 [EventQueue-DeleteBlockStatusForDeletedBlockLogImpl] DEBUG block.DeletedBlockLogImpl (DeletedBlockLogImpl.java:commitTransactions(224)) - Transaction txId=56 commit by dnId=c2c40a72-a699-49b1-b721-1997d9d2c71f for containerID=#56 failed. Corresponding entry not found.
2021-08-15 14:03:34,684 [SCMBlockDeletingService#0] DEBUG block.SCMBlockDeletingService (SCMBlockDeletingService.java:call(133)) - Running DeletedBlockTransactionScanner
2021-08-15 14:03:34,759 [org.apache.hadoop.ozone.container.common.statemachine.commandhandler.DeleteBlocksCommandHandler$DeleteCmdWorker@95100f1] INFO  commandhandler.DeleteBlocksCommandHandler (DeleteBlocksCommandHandler.java:processCmd(261)) - Start to delete container blocks, TXIDs=[28(0),29(0),30(0),31(0),32(0),33(0),34(0),35(0),36(0),37(0),38(0),39(0),40(0),41(0),42(0),43(0),44(0),45(0),46(0),47(0),48(0),49(0),50(0),51(0),52(0),53(0),54(0),55(0),56(0)], numOfContainers=29, numOfBlocks=29
2021-08-15 14:03:34,759 [org.apache.hadoop.ozone.container.common.statemachine.commandhandler.DeleteBlocksCommandHandler$DeleteCmdWorker@95100f1] INFO  commandhandler.DeleteBlocksCommandHandler (DeleteBlocksCommandHandler.java:processCmd(261)) - Start to delete container blocks, TXIDs=[28(0),29(0),30(0),31(0),32(0),33(0),34(0),35(0),36(0),37(0),38(0),39(0),40(0),41(0),42(0),43(0),44(0),45(0),46(0),47(0),48(0),49(0),50(0),51(0),52(0),53(0),54(0),55(0),56(0)], numOfContainers=29, numOfBlocks=29
2021-08-15 14:03:34,760 [org.apache.hadoop.ozone.container.common.statemachine.commandhandler.DeleteBlocksCommandHandler$DeleteCmdWorker@95100f1] INFO  commandhandler.DeleteBlocksCommandHandler (DeleteBlocksCommandHandler.java:processCmd(261)) - Start to delete container blocks, TXIDs=[28(0),29(0),30(0),31(0),32(0),33(0),34(0),35(0),36(0),37(0),38(0),39(0),40(0),41(0),42(0),43(0),44(0),45(0),46(0),47(0),48(0),49(0),50(0),51(0),52(0),53(0),54(0),55(0),56(0)], numOfContainers=29, numOfBlocks=29
2021-08-15 14:03:34,760 [org.apache.hadoop.ozone.container.common.statemachine.commandhandler.DeleteBlocksCommandHandler$DeleteCmdWorker@95100f1] INFO  commandhandler.DeleteBlocksCommandHandler (DeleteBlocksCommandHandler.java:processCmd(261)) - Start to delete container blocks, TXIDs=[28(0),29(0),30(0),31(0),32(0),33(0),34(0),35(0),36(0),37(0),38(0),39(0),40(0),41(0),42(0),43(0),44(0),45(0),46(0),47(0),48(0),49(0),50(0),51(0),52(0),53(0),54(0),55(0),56(0)], numOfContainers=29, numOfBlocks=29
2021-08-15 14:03:34,760 [org.apache.hadoop.ozone.container.common.statemachine.commandhandler.DeleteBlocksCommandHandler$DeleteCmdWorker@95100f1] INFO  commandhandler.DeleteBlocksCommandHandler (DeleteBlocksCommandHandler.java:processCmd(261)) - Start to delete container blocks, TXIDs=[28(0),29(0),30(0),31(0),32(0),33(0),34(0),35(0),36(0),37(0),38(0),39(0),40(0),41(0),42(0),43(0),44(0),45(0),46(0),47(0),48(0),49(0),50(0),51(0),52(0),53(0),54(0),55(0),56(0)], numOfContainers=29, numOfBlocks=29
2021-08-15 14:03:34,760 [org.apache.hadoop.ozone.container.common.statemachine.commandhandler.DeleteBlocksCommandHandler$DeleteCmdWorker@95100f1] INFO  commandhandler.DeleteBlocksCommandHandler (DeleteBlocksCommandHandler.java:processCmd(261)) - Start to delete container blocks, TXIDs=[28(0),29(0),30(0),31(0),32(0),33(0),34(0),35(0),36(0),37(0),38(0),39(0),40(0),41(0),42(0),43(0),44(0),45(0),46(0),47(0),48(0),49(0),50(0),51(0),52(0),53(0),54(0),55(0),56(0)], numOfContainers=29, numOfBlocks=29
2021-08-15 14:03:34,785 [SCMBlockDeletingService#0] DEBUG block.SCMBlockDeletingService (SCMBlockDeletingService.java:call(133)) - Running DeletedBlockTransactionScanner
2021-08-15 14:03:34,885 [SCMBlockDeletingService#0] DEBUG block.SCMBlockDeletingService (SCMBlockDeletingService.java:call(133)) - Running DeletedBlockTransactionScanner
2021-08-15 14:03:34,971 [EventQueue-DeleteBlockStatusForDeletedBlockLogImpl] DEBUG block.DeletedBlockLogImpl (DeletedBlockLogImpl.java:isTransactionFailed(278)) - Got block deletion ACK from datanode, TXIDs=28, success=true
2021-08-15 14:03:34,971 [EventQueue-DeleteBlockStatusForDeletedBlockLogImpl] DEBUG block.DeletedBlockLogImpl (DeletedBlockLogImpl.java:commitTransactions(224)) - Transaction txId=28 commit by dnId=0475d2c2-d46f-403e-95a5-8ff1a5c32338 for containerID=#28 failed. Corresponding entry not found.
2021-08-15 14:03:34,971 [EventQueue-DeleteBlockStatusForDeletedBlockLogImpl] DEBUG block.DeletedBlockLogImpl (DeletedBlockLogImpl.java:isTransactionFailed(278)) - Got block deletion ACK from datanode, TXIDs=29, success=true
2021-08-15 14:03:34,971 [EventQueue-DeleteBlockStatusForDeletedBlockLogImpl] DEBUG block.DeletedBlockLogImpl (DeletedBlockLogImpl.java:commitTransactions(224)) - Transaction txId=29 commit by dnId=0475d2c2-d46f-403e-95a5-8ff1a5c32338 for containerID=#29 failed. Corresponding entry not found.
2021-08-15 14:03:34,971 [EventQueue-DeleteBlockStatusForDeletedBlockLogImpl] DEBUG block.DeletedBlockLogImpl (DeletedBlockLogImpl.java:isTransactionFailed(278)) - Got block deletion ACK from datanode, TXIDs=30, success=true
2021-08-15 14:03:34,971 [EventQueue-DeleteBlockStatusForDeletedBlockLogImpl] DEBUG block.DeletedBlockLogImpl (DeletedBlockLogImpl.java:commitTransactions(224)) - Transaction txId=30 commit by dnId=0475d2c2-d46f-403e-95a5-8ff1a5c32338 for containerID=#30 failed. Corresponding entry not found.
2021-08-15 14:03:34,971 [EventQueue-DeleteBlockStatusForDeletedBlockLogImpl] DEBUG block.DeletedBlockLogImpl (DeletedBlockLogImpl.java:isTransactionFailed(278)) - Got block deletion ACK from datanode, TXIDs=31, success=true
2021-08-15 14:03:34,971 [EventQueue-DeleteBlockStatusForDeletedBlockLogImpl] DEBUG block.DeletedBlockLogImpl (DeletedBlockLogImpl.java:commitTransactions(224)) - Transaction txId=31 commit by dnId=0475d2c2-d46f-403e-95a5-8ff1a5c32338 for containerID=#31 failed. Corresponding entry not found.
2021-08-15 14:03:34,971 [EventQueue-DeleteBlockStatusForDeletedBlockLogImpl] DEBUG block.DeletedBlockLogImpl (DeletedBlockLogImpl.java:isTransactionFailed(278)) - Got block deletion ACK from datanode, TXIDs=32, success=true
2021-08-15 14:03:34,971 [EventQueue-DeleteBlockStatusForDeletedBlockLogImpl] DEBUG block.DeletedBlockLogImpl (DeletedBlockLogImpl.java:commitTransactions(224)) - Transaction txId=32 commit by dnId=0475d2c2-d46f-403e-95a5-8ff1a5c32338 for containerID=#32 failed. Corresponding entry not found.
2021-08-15 14:03:34,971 [EventQueue-DeleteBlockStatusForDeletedBlockLogImpl] DEBUG block.DeletedBlockLogImpl (DeletedBlockLogImpl.java:isTransactionFailed(278)) - Got block deletion ACK from datanode, TXIDs=33, success=true
2021-08-15 14:03:34,971 [EventQueue-DeleteBlockStatusForDeletedBlockLogImpl] DEBUG block.DeletedBlockLogImpl (DeletedBlockLogImpl.java:commitTransactions(224)) - Transaction txId=33 commit by dnId=0475d2c2-d46f-403e-95a5-8ff1a5c32338 for containerID=#33 failed. Corresponding entry not found.
2021-08-15 14:03:34,971 [EventQueue-DeleteBlockStatusForDeletedBlockLogImpl] DEBUG block.DeletedBlockLogImpl (DeletedBlockLogImpl.java:isTransactionFailed(278)) - Got block deletion ACK from datanode, TXIDs=34, success=true
2021-08-15 14:03:34,971 [EventQueue-DeleteBlockStatusForDeletedBlockLogImpl] DEBUG block.DeletedBlockLogImpl (DeletedBlockLogImpl.java:commitTransactions(224)) - Transaction txId=34 commit by dnId=0475d2c2-d46f-403e-95a5-8ff1a5c32338 for containerID=#34 failed. Corresponding entry not found.
2021-08-15 14:03:34,971 [EventQueue-DeleteBlockStatusForDeletedBlockLogImpl] DEBUG block.DeletedBlockLogImpl (DeletedBlockLogImpl.java:isTransactionFailed(278)) - Got block deletion ACK from datanode, TXIDs=35, success=true
2021-08-15 14:03:34,971 [EventQueue-DeleteBlockStatusForDeletedBlockLogImpl] DEBUG block.DeletedBlockLogImpl (DeletedBlockLogImpl.java:commitTransactions(224)) - Transaction txId=35 commit by dnId=0475d2c2-d46f-403e-95a5-8ff1a5c32338 for containerID=#35 failed. Corresponding entry not found.
2021-08-15 14:03:34,972 [EventQueue-DeleteBlockStatusForDeletedBlockLogImpl] DEBUG block.DeletedBlockLogImpl (DeletedBlockLogImpl.java:isTransactionFailed(278)) - Got block deletion ACK from datanode, TXIDs=36, success=true
2021-08-15 14:03:34,972 [EventQueue-DeleteBlockStatusForDeletedBlockLogImpl] DEBUG block.DeletedBlockLogImpl (DeletedBlockLogImpl.java:commitTransactions(224)) - Transaction txId=36 commit by dnId=0475d2c2-d46f-403e-95a5-8ff1a5c32338 for containerID=#36 failed. Corresponding entry not found.
2021-08-15 14:03:34,972 [EventQueue-DeleteBlockStatusForDeletedBlockLogImpl] DEBUG block.DeletedBlockLogImpl (DeletedBlockLogImpl.java:isTransactionFailed(278)) - Got block deletion ACK from datanode, TXIDs=37, success=true
2021-08-15 14:03:34,972 [EventQueue-DeleteBlockStatusForDeletedBlockLogImpl] DEBUG block.DeletedBlockLogImpl (DeletedBlockLogImpl.java:commitTransactions(224)) - Transaction txId=37 commit by dnId=0475d2c2-d46f-403e-95a5-8ff1a5c32338 for containerID=#37 failed. Corresponding entry not found.
2021-08-15 14:03:34,972 [EventQueue-DeleteBlockStatusForDeletedBlockLogImpl] DEBUG block.DeletedBlockLogImpl (DeletedBlockLogImpl.java:isTransactionFailed(278)) - Got block deletion ACK from datanode, TXIDs=38, success=true
2021-08-15 14:03:34,972 [EventQueue-DeleteBlockStatusForDeletedBlockLogImpl] DEBUG block.DeletedBlockLogImpl (DeletedBlockLogImpl.java:commitTransactions(224)) - Transaction txId=38 commit by dnId=0475d2c2-d46f-403e-95a5-8ff1a5c32338 for containerID=#38 failed. Corresponding entry not found.
2021-08-15 14:03:34,972 [EventQueue-DeleteBlockStatusForDeletedBlockLogImpl] DEBUG block.DeletedBlockLogImpl (DeletedBlockLogImpl.java:isTransactionFailed(278)) - Got block deletion ACK from datanode, TXIDs=39, success=true
2021-08-15 14:03:34,972 [EventQueue-DeleteBlockStatusForDeletedBlockLogImpl] DEBUG block.DeletedBlockLogImpl (DeletedBlockLogImpl.java:commitTransactions(224)) - Transaction txId=39 commit by dnId=0475d2c2-d46f-403e-95a5-8ff1a5c32338 for containerID=#39 failed. Corresponding entry not found.
2021-08-15 14:03:34,972 [EventQueue-DeleteBlockStatusForDeletedBlockLogImpl] DEBUG block.DeletedBlockLogImpl (DeletedBlockLogImpl.java:isTransactionFailed(278)) - Got block deletion ACK from datanode, TXIDs=40, success=true
2021-08-15 14:03:34,972 [EventQueue-DeleteBlockStatusForDeletedBlockLogImpl] DEBUG block.DeletedBlockLogImpl (DeletedBlockLogImpl.java:commitTransactions(224)) - Transaction txId=40 commit by dnId=0475d2c2-d46f-403e-95a5-8ff1a5c32338 for containerID=#40 failed. Corresponding entry not found.
2021-08-15 14:03:34,972 [EventQueue-DeleteBlockStatusForDeletedBlockLogImpl] DEBUG block.DeletedBlockLogImpl (DeletedBlockLogImpl.java:isTransactionFailed(278)) - Got block deletion ACK from datanode, TXIDs=41, success=true
2021-08-15 14:03:34,972 [EventQueue-DeleteBlockStatusForDeletedBlockLogImpl] DEBUG block.DeletedBlockLogImpl (DeletedBlockLogImpl.java:commitTransactions(224)) - Transaction txId=41 commit by dnId=0475d2c2-d46f-403e-95a5-8ff1a5c32338 for containerID=#41 failed. Corresponding entry not found.
2021-08-15 14:03:34,972 [EventQueue-DeleteBlockStatusForDeletedBlockLogImpl] DEBUG block.DeletedBlockLogImpl (DeletedBlockLogImpl.java:isTransactionFailed(278)) - Got block deletion ACK from datanode, TXIDs=42, success=true
2021-08-15 14:03:34,972 [EventQueue-DeleteBlockStatusForDeletedBlockLogImpl] DEBUG block.DeletedBlockLogImpl (DeletedBlockLogImpl.java:commitTransactions(224)) - Transaction txId=42 commit by dnId=0475d2c2-d46f-403e-95a5-8ff1a5c32338 for containerID=#42 failed. Corresponding entry not found.
2021-08-15 14:03:34,972 [EventQueue-DeleteBlockStatusForDeletedBlockLogImpl] DEBUG block.DeletedBlockLogImpl (DeletedBlockLogImpl.java:isTransactionFailed(278)) - Got block deletion ACK from datanode, TXIDs=43, success=true
2021-08-15 14:03:34,972 [EventQueue-DeleteBlockStatusForDeletedBlockLogImpl] DEBUG block.DeletedBlockLogImpl (DeletedBlockLogImpl.java:commitTransactions(224)) - Transaction txId=43 commit by dnId=0475d2c2-d46f-403e-95a5-8ff1a5c32338 for containerID=#43 failed. Corresponding entry not found.
2021-08-15 14:03:34,972 [EventQueue-DeleteBlockStatusForDeletedBlockLogImpl] DEBUG block.DeletedBlockLogImpl (DeletedBlockLogImpl.java:isTransactionFailed(278)) - Got block deletion ACK from datanode, TXIDs=44, success=true
2021-08-15 14:03:34,972 [EventQueue-DeleteBlockStatusForDeletedBlockLogImpl] DEBUG block.DeletedBlockLogImpl (DeletedBlockLogImpl.java:commitTransactions(224)) - Transaction txId=44 commit by dnId=0475d2c2-d46f-403e-95a5-8ff1a5c32338 for containerID=#44 failed. Corresponding entry not found.
2021-08-15 14:03:34,972 [EventQueue-DeleteBlockStatusForDeletedBlockLogImpl] DEBUG block.DeletedBlockLogImpl (DeletedBlockLogImpl.java:isTransactionFailed(278)) - Got block deletion ACK from datanode, TXIDs=45, success=true
2021-08-15 14:03:34,972 [EventQueue-DeleteBlockStatusForDeletedBlockLogImpl] DEBUG block.DeletedBlockLogImpl (DeletedBlockLogImpl.java:commitTransactions(224)) - Transaction txId=45 commit by dnId=0475d2c2-d46f-403e-95a5-8ff1a5c32338 for containerID=#45 failed. Corresponding entry not found.
2021-08-15 14:03:34,972 [EventQueue-DeleteBlockStatusForDeletedBlockLogImpl] DEBUG block.DeletedBlockLogImpl (DeletedBlockLogImpl.java:isTransactionFailed(278)) - Got block deletion ACK from datanode, TXIDs=46, success=true
2021-08-15 14:03:34,972 [EventQueue-DeleteBlockStatusForDeletedBlockLogImpl] DEBUG block.DeletedBlockLogImpl (DeletedBlockLogImpl.java:commitTransactions(224)) - Transaction txId=46 commit by dnId=0475d2c2-d46f-403e-95a5-8ff1a5c32338 for containerID=#46 failed. Corresponding entry not found.
2021-08-15 14:03:34,972 [EventQueue-DeleteBlockStatusForDeletedBlockLogImpl] DEBUG block.DeletedBlockLogImpl (DeletedBlockLogImpl.java:isTransactionFailed(278)) - Got block deletion ACK from datanode, TXIDs=47, success=true
2021-08-15 14:03:34,972 [EventQueue-DeleteBlockStatusForDeletedBlockLogImpl] DEBUG block.DeletedBlockLogImpl (DeletedBlockLogImpl.java:commitTransactions(224)) - Transaction txId=47 commit by dnId=0475d2c2-d46f-403e-95a5-8ff1a5c32338 for containerID=#47 failed. Corresponding entry not found.
2021-08-15 14:03:34,972 [EventQueue-DeleteBlockStatusForDeletedBlockLogImpl] DEBUG block.DeletedBlockLogImpl (DeletedBlockLogImpl.java:isTransactionFailed(278)) - Got block deletion ACK from datanode, TXIDs=48, success=true
2021-08-15 14:03:34,972 [EventQueue-DeleteBlockStatusForDeletedBlockLogImpl] DEBUG block.DeletedBlockLogImpl (DeletedBlockLogImpl.java:commitTransactions(224)) - Transaction txId=48 commit by dnId=0475d2c2-d46f-403e-95a5-8ff1a5c32338 for containerID=#48 failed. Corresponding entry not found.
2021-08-15 14:03:34,972 [EventQueue-DeleteBlockStatusForDeletedBlockLogImpl] DEBUG block.DeletedBlockLogImpl (DeletedBlockLogImpl.java:isTransactionFailed(278)) - Got block deletion ACK from datanode, TXIDs=49, success=true
2021-08-15 14:03:34,972 [EventQueue-DeleteBlockStatusForDeletedBlockLogImpl] DEBUG block.DeletedBlockLogImpl (DeletedBlockLogImpl.java:commitTransactions(224)) - Transaction txId=49 commit by dnId=0475d2c2-d46f-403e-95a5-8ff1a5c32338 for containerID=#49 failed. Corresponding entry not found.
2021-08-15 14:03:34,972 [EventQueue-DeleteBlockStatusForDeletedBlockLogImpl] DEBUG block.DeletedBlockLogImpl (DeletedBlockLogImpl.java:isTransactionFailed(278)) - Got block deletion ACK from datanode, TXIDs=50, success=true
2021-08-15 14:03:34,972 [EventQueue-DeleteBlockStatusForDeletedBlockLogImpl] DEBUG block.DeletedBlockLogImpl (DeletedBlockLogImpl.java:commitTransactions(224)) - Transaction txId=50 commit by dnId=0475d2c2-d46f-403e-95a5-8ff1a5c32338 for containerID=#50 failed. Corresponding entry not found.
2021-08-15 14:03:34,972 [EventQueue-DeleteBlockStatusForDeletedBlockLogImpl] DEBUG block.DeletedBlockLogImpl (DeletedBlockLogImpl.java:isTransactionFailed(278)) - Got block deletion ACK from datanode, TXIDs=51, success=true
2021-08-15 14:03:34,972 [EventQueue-DeleteBlockStatusForDeletedBlockLogImpl] DEBUG block.DeletedBlockLogImpl (DeletedBlockLogImpl.java:commitTransactions(224)) - Transaction txId=51 commit by dnId=0475d2c2-d46f-403e-95a5-8ff1a5c32338 for containerID=#51 failed. Corresponding entry not found.
2021-08-15 14:03:34,972 [EventQueue-DeleteBlockStatusForDeletedBlockLogImpl] DEBUG block.DeletedBlockLogImpl (DeletedBlockLogImpl.java:isTransactionFailed(278)) - Got block deletion ACK from datanode, TXIDs=52, success=true
2021-08-15 14:03:34,972 [EventQueue-DeleteBlockStatusForDeletedBlockLogImpl] DEBUG block.DeletedBlockLogImpl (DeletedBlockLogImpl.java:commitTransactions(224)) - Transaction txId=52 commit by dnId=0475d2c2-d46f-403e-95a5-8ff1a5c32338 for containerID=#52 failed. Corresponding entry not found.
2021-08-15 14:03:34,972 [EventQueue-DeleteBlockStatusForDeletedBlockLogImpl] DEBUG block.DeletedBlockLogImpl (DeletedBlockLogImpl.java:isTransactionFailed(278)) - Got block deletion ACK from datanode, TXIDs=53, success=true
2021-08-15 14:03:34,972 [EventQueue-DeleteBlockStatusForDeletedBlockLogImpl] DEBUG block.DeletedBlockLogImpl (DeletedBlockLogImpl.java:commitTransactions(224)) - Transaction txId=53 commit by dnId=0475d2c2-d46f-403e-95a5-8ff1a5c32338 for containerID=#53 failed. Corresponding entry not found.
2021-08-15 14:03:34,972 [EventQueue-DeleteBlockStatusForDeletedBlockLogImpl] DEBUG block.DeletedBlockLogImpl (DeletedBlockLogImpl.java:isTransactionFailed(278)) - Got block deletion ACK from datanode, TXIDs=54, success=true
2021-08-15 14:03:34,972 [EventQueue-DeleteBlockStatusForDeletedBlockLogImpl] DEBUG block.DeletedBlockLogImpl (DeletedBlockLogImpl.java:commitTransactions(224)) - Transaction txId=54 commit by dnId=0475d2c2-d46f-403e-95a5-8ff1a5c32338 for containerID=#54 failed. Corresponding entry not found.
2021-08-15 14:03:34,972 [EventQueue-DeleteBlockStatusForDeletedBlockLogImpl] DEBUG block.DeletedBlockLogImpl (DeletedBlockLogImpl.java:isTransactionFailed(278)) - Got block deletion ACK from datanode, TXIDs=55, success=true
2021-08-15 14:03:34,972 [EventQueue-DeleteBlockStatusForDeletedBlockLogImpl] DEBUG block.DeletedBlockLogImpl (DeletedBlockLogImpl.java:commitTransactions(224)) - Transaction txId=55 commit by dnId=0475d2c2-d46f-403e-95a5-8ff1a5c32338 for containerID=#55 failed. Corresponding entry not found.
2021-08-15 14:03:34,972 [EventQueue-DeleteBlockStatusForDeletedBlockLogImpl] DEBUG block.DeletedBlockLogImpl (DeletedBlockLogImpl.java:isTransactionFailed(278)) - Got block deletion ACK from datanode, TXIDs=56, success=true
2021-08-15 14:03:34,972 [EventQueue-DeleteBlockStatusForDeletedBlockLogImpl] DEBUG block.DeletedBlockLogImpl (DeletedBlockLogImpl.java:commitTransactions(224)) - Transaction txId=56 commit by dnId=0475d2c2-d46f-403e-95a5-8ff1a5c32338 for containerID=#56 failed. Corresponding entry not found.
2021-08-15 14:03:34,972 [EventQueue-DeleteBlockStatusForDeletedBlockLogImpl] DEBUG block.DeletedBlockLogImpl (DeletedBlockLogImpl.java:isTransactionFailed(278)) - Got block deletion ACK from datanode, TXIDs=28, success=true
2021-08-15 14:03:34,973 [EventQueue-DeleteBlockStatusForDeletedBlockLogImpl] DEBUG block.DeletedBlockLogImpl (DeletedBlockLogImpl.java:commitTransactions(224)) - Transaction txId=28 commit by dnId=0475d2c2-d46f-403e-95a5-8ff1a5c32338 for containerID=#28 failed. Corresponding entry not found.
2021-08-15 14:03:34,973 [EventQueue-DeleteBlockStatusForDeletedBlockLogImpl] DEBUG block.DeletedBlockLogImpl (DeletedBlockLogImpl.java:isTransactionFailed(278)) - Got block deletion ACK from datanode, TXIDs=29, success=true
2021-08-15 14:03:34,973 [EventQueue-DeleteBlockStatusForDeletedBlockLogImpl] DEBUG block.DeletedBlockLogImpl (DeletedBlockLogImpl.java:commitTransactions(224)) - Transaction txId=29 commit by dnId=0475d2c2-d46f-403e-95a5-8ff1a5c32338 for containerID=#29 failed. Corresponding entry not found.
2021-08-15 14:03:34,973 [EventQueue-DeleteBlockStatusForDeletedBlockLogImpl] DEBUG block.DeletedBlockLogImpl (DeletedBlockLogImpl.java:isTransactionFailed(278)) - Got block deletion ACK from datanode, TXIDs=30, success=true
2021-08-15 14:03:34,973 [EventQueue-DeleteBlockStatusForDeletedBlockLogImpl] DEBUG block.DeletedBlockLogImpl (DeletedBlockLogImpl.java:commitTransactions(224)) - Transaction txId=30 commit by dnId=0475d2c2-d46f-403e-95a5-8ff1a5c32338 for containerID=#30 failed. Corresponding entry not found.
2021-08-15 14:03:34,973 [EventQueue-DeleteBlockStatusForDeletedBlockLogImpl] DEBUG block.DeletedBlockLogImpl (DeletedBlockLogImpl.java:isTransactionFailed(278)) - Got block deletion ACK from datanode, TXIDs=31, success=true
2021-08-15 14:03:34,973 [EventQueue-DeleteBlockStatusForDeletedBlockLogImpl] DEBUG block.DeletedBlockLogImpl (DeletedBlockLogImpl.java:commitTransactions(224)) - Transaction txId=31 commit by dnId=0475d2c2-d46f-403e-95a5-8ff1a5c32338 for containerID=#31 failed. Corresponding entry not found.
2021-08-15 14:03:34,973 [EventQueue-DeleteBlockStatusForDeletedBlockLogImpl] DEBUG block.DeletedBlockLogImpl (DeletedBlockLogImpl.java:isTransactionFailed(278)) - Got block deletion ACK from datanode, TXIDs=32, success=true
2021-08-15 14:03:34,973 [EventQueue-DeleteBlockStatusForDeletedBlockLogImpl] DEBUG block.DeletedBlockLogImpl (DeletedBlockLogImpl.java:commitTransactions(224)) - Transaction txId=32 commit by dnId=0475d2c2-d46f-403e-95a5-8ff1a5c32338 for containerID=#32 failed. Corresponding entry not found.
2021-08-15 14:03:34,973 [EventQueue-DeleteBlockStatusForDeletedBlockLogImpl] DEBUG block.DeletedBlockLogImpl (DeletedBlockLogImpl.java:isTransactionFailed(278)) - Got block deletion ACK from datanode, TXIDs=33, success=true
2021-08-15 14:03:34,973 [EventQueue-DeleteBlockStatusForDeletedBlockLogImpl] DEBUG block.DeletedBlockLogImpl (DeletedBlockLogImpl.java:commitTransactions(224)) - Transaction txId=33 commit by dnId=0475d2c2-d46f-403e-95a5-8ff1a5c32338 for containerID=#33 failed. Corresponding entry not found.
2021-08-15 14:03:34,973 [EventQueue-DeleteBlockStatusForDeletedBlockLogImpl] DEBUG block.DeletedBlockLogImpl (DeletedBlockLogImpl.java:isTransactionFailed(278)) - Got block deletion ACK from datanode, TXIDs=34, success=true
2021-08-15 14:03:34,973 [EventQueue-DeleteBlockStatusForDeletedBlockLogImpl] DEBUG block.DeletedBlockLogImpl (DeletedBlockLogImpl.java:commitTransactions(224)) - Transaction txId=34 commit by dnId=0475d2c2-d46f-403e-95a5-8ff1a5c32338 for containerID=#34 failed. Corresponding entry not found.
2021-08-15 14:03:34,973 [EventQueue-DeleteBlockStatusForDeletedBlockLogImpl] DEBUG block.DeletedBlockLogImpl (DeletedBlockLogImpl.java:isTransactionFailed(278)) - Got block deletion ACK from datanode, TXIDs=35, success=true
2021-08-15 14:03:34,973 [EventQueue-DeleteBlockStatusForDeletedBlockLogImpl] DEBUG block.DeletedBlockLogImpl (DeletedBlockLogImpl.java:commitTransactions(224)) - Transaction txId=35 commit by dnId=0475d2c2-d46f-403e-95a5-8ff1a5c32338 for containerID=#35 failed. Corresponding entry not found.
2021-08-15 14:03:34,973 [EventQueue-DeleteBlockStatusForDeletedBlockLogImpl] DEBUG block.DeletedBlockLogImpl (DeletedBlockLogImpl.java:isTransactionFailed(278)) - Got block deletion ACK from datanode, TXIDs=36, success=true
2021-08-15 14:03:34,973 [EventQueue-DeleteBlockStatusForDeletedBlockLogImpl] DEBUG block.DeletedBlockLogImpl (DeletedBlockLogImpl.java:commitTransactions(224)) - Transaction txId=36 commit by dnId=0475d2c2-d46f-403e-95a5-8ff1a5c32338 for containerID=#36 failed. Corresponding entry not found.
2021-08-15 14:03:34,973 [EventQueue-DeleteBlockStatusForDeletedBlockLogImpl] DEBUG block.DeletedBlockLogImpl (DeletedBlockLogImpl.java:isTransactionFailed(278)) - Got block deletion ACK from datanode, TXIDs=37, success=true
2021-08-15 14:03:34,973 [EventQueue-DeleteBlockStatusForDeletedBlockLogImpl] DEBUG block.DeletedBlockLogImpl (DeletedBlockLogImpl.java:commitTransactions(224)) - Transaction txId=37 commit by dnId=0475d2c2-d46f-403e-95a5-8ff1a5c32338 for containerID=#37 failed. Corresponding entry not found.
2021-08-15 14:03:34,973 [EventQueue-DeleteBlockStatusForDeletedBlockLogImpl] DEBUG block.DeletedBlockLogImpl (DeletedBlockLogImpl.java:isTransactionFailed(278)) - Got block deletion ACK from datanode, TXIDs=38, success=true
2021-08-15 14:03:34,973 [EventQueue-DeleteBlockStatusForDeletedBlockLogImpl] DEBUG block.DeletedBlockLogImpl (DeletedBlockLogImpl.java:commitTransactions(224)) - Transaction txId=38 commit by dnId=0475d2c2-d46f-403e-95a5-8ff1a5c32338 for containerID=#38 failed. Corresponding entry not found.
2021-08-15 14:03:34,973 [EventQueue-DeleteBlockStatusForDeletedBlockLogImpl] DEBUG block.DeletedBlockLogImpl (DeletedBlockLogImpl.java:isTransactionFailed(278)) - Got block deletion ACK from datanode, TXIDs=39, success=true
2021-08-15 14:03:34,973 [EventQueue-DeleteBlockStatusForDeletedBlockLogImpl] DEBUG block.DeletedBlockLogImpl (DeletedBlockLogImpl.java:commitTransactions(224)) - Transaction txId=39 commit by dnId=0475d2c2-d46f-403e-95a5-8ff1a5c32338 for containerID=#39 failed. Corresponding entry not found.
2021-08-15 14:03:34,973 [EventQueue-DeleteBlockStatusForDeletedBlockLogImpl] DEBUG block.DeletedBlockLogImpl (DeletedBlockLogImpl.java:isTransactionFailed(278)) - Got block deletion ACK from datanode, TXIDs=40, success=true
2021-08-15 14:03:34,973 [EventQueue-DeleteBlockStatusForDeletedBlockLogImpl] DEBUG block.DeletedBlockLogImpl (DeletedBlockLogImpl.java:commitTransactions(224)) - Transaction txId=40 commit by dnId=0475d2c2-d46f-403e-95a5-8ff1a5c32338 for containerID=#40 failed. Corresponding entry not found.
2021-08-15 14:03:34,973 [EventQueue-DeleteBlockStatusForDeletedBlockLogImpl] DEBUG block.DeletedBlockLogImpl (DeletedBlockLogImpl.java:isTransactionFailed(278)) - Got block deletion ACK from datanode, TXIDs=41, success=true
2021-08-15 14:03:34,973 [EventQueue-DeleteBlockStatusForDeletedBlockLogImpl] DEBUG block.DeletedBlockLogImpl (DeletedBlockLogImpl.java:commitTransactions(224)) - Transaction txId=41 commit by dnId=0475d2c2-d46f-403e-95a5-8ff1a5c32338 for containerID=#41 failed. Corresponding entry not found.
2021-08-15 14:03:34,973 [EventQueue-DeleteBlockStatusForDeletedBlockLogImpl] DEBUG block.DeletedBlockLogImpl (DeletedBlockLogImpl.java:isTransactionFailed(278)) - Got block deletion ACK from datanode, TXIDs=42, success=true
2021-08-15 14:03:34,973 [EventQueue-DeleteBlockStatusForDeletedBlockLogImpl] DEBUG block.DeletedBlockLogImpl (DeletedBlockLogImpl.java:commitTransactions(224)) - Transaction txId=42 commit by dnId=0475d2c2-d46f-403e-95a5-8ff1a5c32338 for containerID=#42 failed. Corresponding entry not found.
2021-08-15 14:03:34,973 [EventQueue-DeleteBlockStatusForDeletedBlockLogImpl] DEBUG block.DeletedBlockLogImpl (DeletedBlockLogImpl.java:isTransactionFailed(278)) - Got block deletion ACK from datanode, TXIDs=43, success=true
2021-08-15 14:03:34,973 [EventQueue-DeleteBlockStatusForDeletedBlockLogImpl] DEBUG block.DeletedBlockLogImpl (DeletedBlockLogImpl.java:commitTransactions(224)) - Transaction txId=43 commit by dnId=0475d2c2-d46f-403e-95a5-8ff1a5c32338 for containerID=#43 failed. Corresponding entry not found.
2021-08-15 14:03:34,973 [EventQueue-DeleteBlockStatusForDeletedBlockLogImpl] DEBUG block.DeletedBlockLogImpl (DeletedBlockLogImpl.java:isTransactionFailed(278)) - Got block deletion ACK from datanode, TXIDs=44, success=true
2021-08-15 14:03:34,973 [EventQueue-DeleteBlockStatusForDeletedBlockLogImpl] DEBUG block.DeletedBlockLogImpl (DeletedBlockLogImpl.java:commitTransactions(224)) - Transaction txId=44 commit by dnId=0475d2c2-d46f-403e-95a5-8ff1a5c32338 for containerID=#44 failed. Corresponding entry not found.
2021-08-15 14:03:34,973 [EventQueue-DeleteBlockStatusForDeletedBlockLogImpl] DEBUG block.DeletedBlockLogImpl (DeletedBlockLogImpl.java:isTransactionFailed(278)) - Got block deletion ACK from datanode, TXIDs=45, success=true
2021-08-15 14:03:34,973 [EventQueue-DeleteBlockStatusForDeletedBlockLogImpl] DEBUG block.DeletedBlockLogImpl (DeletedBlockLogImpl.java:commitTransactions(224)) - Transaction txId=45 commit by dnId=0475d2c2-d46f-403e-95a5-8ff1a5c32338 for containerID=#45 failed. Corresponding entry not found.
2021-08-15 14:03:34,973 [EventQueue-DeleteBlockStatusForDeletedBlockLogImpl] DEBUG block.DeletedBlockLogImpl (DeletedBlockLogImpl.java:isTransactionFailed(278)) - Got block deletion ACK from datanode, TXIDs=46, success=true
2021-08-15 14:03:34,973 [EventQueue-DeleteBlockStatusForDeletedBlockLogImpl] DEBUG block.DeletedBlockLogImpl (DeletedBlockLogImpl.java:commitTransactions(224)) - Transaction txId=46 commit by dnId=0475d2c2-d46f-403e-95a5-8ff1a5c32338 for containerID=#46 failed. Corresponding entry not found.
2021-08-15 14:03:34,973 [EventQueue-DeleteBlockStatusForDeletedBlockLogImpl] DEBUG block.DeletedBlockLogImpl (DeletedBlockLogImpl.java:isTransactionFailed(278)) - Got block deletion ACK from datanode, TXIDs=47, success=true
2021-08-15 14:03:34,973 [EventQueue-DeleteBlockStatusForDeletedBlockLogImpl] DEBUG block.DeletedBlockLogImpl (DeletedBlockLogImpl.java:commitTransactions(224)) - Transaction txId=47 commit by dnId=0475d2c2-d46f-403e-95a5-8ff1a5c32338 for containerID=#47 failed. Corresponding entry not found.
2021-08-15 14:03:34,973 [EventQueue-DeleteBlockStatusForDeletedBlockLogImpl] DEBUG block.DeletedBlockLogImpl (DeletedBlockLogImpl.java:isTransactionFailed(278)) - Got block deletion ACK from datanode, TXIDs=48, success=true
2021-08-15 14:03:34,973 [EventQueue-DeleteBlockStatusForDeletedBlockLogImpl] DEBUG block.DeletedBlockLogImpl (DeletedBlockLogImpl.java:commitTransactions(224)) - Transaction txId=48 commit by dnId=0475d2c2-d46f-403e-95a5-8ff1a5c32338 for containerID=#48 failed. Corresponding entry not found.
2021-08-15 14:03:34,973 [EventQueue-DeleteBlockStatusForDeletedBlockLogImpl] DEBUG block.DeletedBlockLogImpl (DeletedBlockLogImpl.java:isTransactionFailed(278)) - Got block deletion ACK from datanode, TXIDs=49, success=true
2021-08-15 14:03:34,973 [EventQueue-DeleteBlockStatusForDeletedBlockLogImpl] DEBUG block.DeletedBlockLogImpl (DeletedBlockLogImpl.java:commitTransactions(224)) - Transaction txId=49 commit by dnId=0475d2c2-d46f-403e-95a5-8ff1a5c32338 for containerID=#49 failed. Corresponding entry not found.
2021-08-15 14:03:34,973 [EventQueue-DeleteBlockStatusForDeletedBlockLogImpl] DEBUG block.DeletedBlockLogImpl (DeletedBlockLogImpl.java:isTransactionFailed(278)) - Got block deletion ACK from datanode, TXIDs=50, success=true
2021-08-15 14:03:34,973 [EventQueue-DeleteBlockStatusForDeletedBlockLogImpl] DEBUG block.DeletedBlockLogImpl (DeletedBlockLogImpl.java:commitTransactions(224)) - Transaction txId=50 commit by dnId=0475d2c2-d46f-403e-95a5-8ff1a5c32338 for containerID=#50 failed. Corresponding entry not found.
2021-08-15 14:03:34,973 [EventQueue-DeleteBlockStatusForDeletedBlockLogImpl] DEBUG block.DeletedBlockLogImpl (DeletedBlockLogImpl.java:isTransactionFailed(278)) - Got block deletion ACK from datanode, TXIDs=51, success=true
2021-08-15 14:03:34,973 [EventQueue-DeleteBlockStatusForDeletedBlockLogImpl] DEBUG block.DeletedBlockLogImpl (DeletedBlockLogImpl.java:commitTransactions(224)) - Transaction txId=51 commit by dnId=0475d2c2-d46f-403e-95a5-8ff1a5c32338 for containerID=#51 failed. Corresponding entry not found.
2021-08-15 14:03:34,973 [EventQueue-DeleteBlockStatusForDeletedBlockLogImpl] DEBUG block.DeletedBlockLogImpl (DeletedBlockLogImpl.java:isTransactionFailed(278)) - Got block deletion ACK from datanode, TXIDs=52, success=true
2021-08-15 14:03:34,973 [EventQueue-DeleteBlockStatusForDeletedBlockLogImpl] DEBUG block.DeletedBlockLogImpl (DeletedBlockLogImpl.java:commitTransactions(224)) - Transaction txId=52 commit by dnId=0475d2c2-d46f-403e-95a5-8ff1a5c32338 for containerID=#52 failed. Corresponding entry not found.
2021-08-15 14:03:34,973 [EventQueue-DeleteBlockStatusForDeletedBlockLogImpl] DEBUG block.DeletedBlockLogImpl (DeletedBlockLogImpl.java:isTransactionFailed(278)) - Got block deletion ACK from datanode, TXIDs=53, success=true
2021-08-15 14:03:34,973 [EventQueue-DeleteBlockStatusForDeletedBlockLogImpl] DEBUG block.DeletedBlockLogImpl (DeletedBlockLogImpl.java:commitTransactions(224)) - Transaction txId=53 commit by dnId=0475d2c2-d46f-403e-95a5-8ff1a5c32338 for containerID=#53 failed. Corresponding entry not found.
2021-08-15 14:03:34,973 [EventQueue-DeleteBlockStatusForDeletedBlockLogImpl] DEBUG block.DeletedBlockLogImpl (DeletedBlockLogImpl.java:isTransactionFailed(278)) - Got block deletion ACK from datanode, TXIDs=54, success=true
2021-08-15 14:03:34,973 [EventQueue-DeleteBlockStatusForDeletedBlockLogImpl] DEBUG block.DeletedBlockLogImpl (DeletedBlockLogImpl.java:commitTransactions(224)) - Transaction txId=54 commit by dnId=0475d2c2-d46f-403e-95a5-8ff1a5c32338 for containerID=#54 failed. Corresponding entry not found.
2021-08-15 14:03:34,973 [EventQueue-DeleteBlockStatusForDeletedBlockLogImpl] DEBUG block.DeletedBlockLogImpl (DeletedBlockLogImpl.java:isTransactionFailed(278)) - Got block deletion ACK from datanode, TXIDs=55, success=true
2021-08-15 14:03:34,973 [EventQueue-DeleteBlockStatusForDeletedBlockLogImpl] DEBUG block.DeletedBlockLogImpl (DeletedBlockLogImpl.java:commitTransactions(224)) - Transaction txId=55 commit by dnId=0475d2c2-d46f-403e-95a5-8ff1a5c32338 for containerID=#55 failed. Corresponding entry not found.
2021-08-15 14:03:34,974 [EventQueue-DeleteBlockStatusForDeletedBlockLogImpl] DEBUG block.DeletedBlockLogImpl (DeletedBlockLogImpl.java:isTransactionFailed(278)) - Got block deletion ACK from datanode, TXIDs=56, success=true
2021-08-15 14:03:34,974 [EventQueue-DeleteBlockStatusForDeletedBlockLogImpl] DEBUG block.DeletedBlockLogImpl (DeletedBlockLogImpl.java:commitTransactions(224)) - Transaction txId=56 commit by dnId=0475d2c2-d46f-403e-95a5-8ff1a5c32338 for containerID=#56 failed. Corresponding entry not found.
2021-08-15 14:03:34,974 [EventQueue-DeleteBlockStatusForDeletedBlockLogImpl] DEBUG block.DeletedBlockLogImpl (DeletedBlockLogImpl.java:isTransactionFailed(278)) - Got block deletion ACK from datanode, TXIDs=28, success=true
2021-08-15 14:03:34,974 [EventQueue-DeleteBlockStatusForDeletedBlockLogImpl] DEBUG block.DeletedBlockLogImpl (DeletedBlockLogImpl.java:commitTransactions(224)) - Transaction txId=28 commit by dnId=0475d2c2-d46f-403e-95a5-8ff1a5c32338 for containerID=#28 failed. Corresponding entry not found.
2021-08-15 14:03:34,974 [EventQueue-DeleteBlockStatusForDeletedBlockLogImpl] DEBUG block.DeletedBlockLogImpl (DeletedBlockLogImpl.java:isTransactionFailed(278)) - Got block deletion ACK from datanode, TXIDs=29, success=true
2021-08-15 14:03:34,974 [EventQueue-DeleteBlockStatusForDeletedBlockLogImpl] DEBUG block.DeletedBlockLogImpl (DeletedBlockLogImpl.java:commitTransactions(224)) - Transaction txId=29 commit by dnId=0475d2c2-d46f-403e-95a5-8ff1a5c32338 for containerID=#29 failed. Corresponding entry not found.
2021-08-15 14:03:34,974 [EventQueue-DeleteBlockStatusForDeletedBlockLogImpl] DEBUG block.DeletedBlockLogImpl (DeletedBlockLogImpl.java:isTransactionFailed(278)) - Got block deletion ACK from datanode, TXIDs=30, success=true
2021-08-15 14:03:34,974 [EventQueue-DeleteBlockStatusForDeletedBlockLogImpl] DEBUG block.DeletedBlockLogImpl (DeletedBlockLogImpl.java:commitTransactions(224)) - Transaction txId=30 commit by dnId=0475d2c2-d46f-403e-95a5-8ff1a5c32338 for containerID=#30 failed. Corresponding entry not found.
2021-08-15 14:03:34,974 [EventQueue-DeleteBlockStatusForDeletedBlockLogImpl] DEBUG block.DeletedBlockLogImpl (DeletedBlockLogImpl.java:isTransactionFailed(278)) - Got block deletion ACK from datanode, TXIDs=31, success=true
2021-08-15 14:03:34,974 [EventQueue-DeleteBlockStatusForDeletedBlockLogImpl] DEBUG block.DeletedBlockLogImpl (DeletedBlockLogImpl.java:commitTransactions(224)) - Transaction txId=31 commit by dnId=0475d2c2-d46f-403e-95a5-8ff1a5c32338 for containerID=#31 failed. Corresponding entry not found.
2021-08-15 14:03:34,974 [EventQueue-DeleteBlockStatusForDeletedBlockLogImpl] DEBUG block.DeletedBlockLogImpl (DeletedBlockLogImpl.java:isTransactionFailed(278)) - Got block deletion ACK from datanode, TXIDs=32, success=true
2021-08-15 14:03:34,974 [EventQueue-DeleteBlockStatusForDeletedBlockLogImpl] DEBUG block.DeletedBlockLogImpl (DeletedBlockLogImpl.java:commitTransactions(224)) - Transaction txId=32 commit by dnId=0475d2c2-d46f-403e-95a5-8ff1a5c32338 for containerID=#32 failed. Corresponding entry not found.
2021-08-15 14:03:34,974 [EventQueue-DeleteBlockStatusForDeletedBlockLogImpl] DEBUG block.DeletedBlockLogImpl (DeletedBlockLogImpl.java:isTransactionFailed(278)) - Got block deletion ACK from datanode, TXIDs=33, success=true
2021-08-15 14:03:34,974 [EventQueue-DeleteBlockStatusForDeletedBlockLogImpl] DEBUG block.DeletedBlockLogImpl (DeletedBlockLogImpl.java:commitTransactions(224)) - Transaction txId=33 commit by dnId=0475d2c2-d46f-403e-95a5-8ff1a5c32338 for containerID=#33 failed. Corresponding entry not found.
2021-08-15 14:03:34,974 [EventQueue-DeleteBlockStatusForDeletedBlockLogImpl] DEBUG block.DeletedBlockLogImpl (DeletedBlockLogImpl.java:isTransactionFailed(278)) - Got block deletion ACK from datanode, TXIDs=34, success=true
2021-08-15 14:03:34,974 [EventQueue-DeleteBlockStatusForDeletedBlockLogImpl] DEBUG block.DeletedBlockLogImpl (DeletedBlockLogImpl.java:commitTransactions(224)) - Transaction txId=34 commit by dnId=0475d2c2-d46f-403e-95a5-8ff1a5c32338 for containerID=#34 failed. Corresponding entry not found.
2021-08-15 14:03:34,974 [EventQueue-DeleteBlockStatusForDeletedBlockLogImpl] DEBUG block.DeletedBlockLogImpl (DeletedBlockLogImpl.java:isTransactionFailed(278)) - Got block deletion ACK from datanode, TXIDs=35, success=true
2021-08-15 14:03:34,974 [EventQueue-DeleteBlockStatusForDeletedBlockLogImpl] DEBUG block.DeletedBlockLogImpl (DeletedBlockLogImpl.java:commitTransactions(224)) - Transaction txId=35 commit by dnId=0475d2c2-d46f-403e-95a5-8ff1a5c32338 for containerID=#35 failed. Corresponding entry not found.
2021-08-15 14:03:34,974 [EventQueue-DeleteBlockStatusForDeletedBlockLogImpl] DEBUG block.DeletedBlockLogImpl (DeletedBlockLogImpl.java:isTransactionFailed(278)) - Got block deletion ACK from datanode, TXIDs=36, success=true
2021-08-15 14:03:34,974 [EventQueue-DeleteBlockStatusForDeletedBlockLogImpl] DEBUG block.DeletedBlockLogImpl (DeletedBlockLogImpl.java:commitTransactions(224)) - Transaction txId=36 commit by dnId=0475d2c2-d46f-403e-95a5-8ff1a5c32338 for containerID=#36 failed. Corresponding entry not found.
2021-08-15 14:03:34,974 [EventQueue-DeleteBlockStatusForDeletedBlockLogImpl] DEBUG block.DeletedBlockLogImpl (DeletedBlockLogImpl.java:isTransactionFailed(278)) - Got block deletion ACK from datanode, TXIDs=37, success=true
2021-08-15 14:03:34,974 [EventQueue-DeleteBlockStatusForDeletedBlockLogImpl] DEBUG block.DeletedBlockLogImpl (DeletedBlockLogImpl.java:commitTransactions(224)) - Transaction txId=37 commit by dnId=0475d2c2-d46f-403e-95a5-8ff1a5c32338 for containerID=#37 failed. Corresponding entry not found.
2021-08-15 14:03:34,974 [EventQueue-DeleteBlockStatusForDeletedBlockLogImpl] DEBUG block.DeletedBlockLogImpl (DeletedBlockLogImpl.java:isTransactionFailed(278)) - Got block deletion ACK from datanode, TXIDs=38, success=true
2021-08-15 14:03:34,974 [EventQueue-DeleteBlockStatusForDeletedBlockLogImpl] DEBUG block.DeletedBlockLogImpl (DeletedBlockLogImpl.java:commitTransactions(224)) - Transaction txId=38 commit by dnId=0475d2c2-d46f-403e-95a5-8ff1a5c32338 for containerID=#38 failed. Corresponding entry not found.
2021-08-15 14:03:34,974 [EventQueue-DeleteBlockStatusForDeletedBlockLogImpl] DEBUG block.DeletedBlockLogImpl (DeletedBlockLogImpl.java:isTransactionFailed(278)) - Got block deletion ACK from datanode, TXIDs=39, success=true
2021-08-15 14:03:34,974 [EventQueue-DeleteBlockStatusForDeletedBlockLogImpl] DEBUG block.DeletedBlockLogImpl (DeletedBlockLogImpl.java:commitTransactions(224)) - Transaction txId=39 commit by dnId=0475d2c2-d46f-403e-95a5-8ff1a5c32338 for containerID=#39 failed. Corresponding entry not found.
2021-08-15 14:03:34,974 [EventQueue-DeleteBlockStatusForDeletedBlockLogImpl] DEBUG block.DeletedBlockLogImpl (DeletedBlockLogImpl.java:isTransactionFailed(278)) - Got block deletion ACK from datanode, TXIDs=40, success=true
2021-08-15 14:03:34,974 [EventQueue-DeleteBlockStatusForDeletedBlockLogImpl] DEBUG block.DeletedBlockLogImpl (DeletedBlockLogImpl.java:commitTransactions(224)) - Transaction txId=40 commit by dnId=0475d2c2-d46f-403e-95a5-8ff1a5c32338 for containerID=#40 failed. Corresponding entry not found.
2021-08-15 14:03:34,974 [EventQueue-DeleteBlockStatusForDeletedBlockLogImpl] DEBUG block.DeletedBlockLogImpl (DeletedBlockLogImpl.java:isTransactionFailed(278)) - Got block deletion ACK from datanode, TXIDs=41, success=true
2021-08-15 14:03:34,974 [EventQueue-DeleteBlockStatusForDeletedBlockLogImpl] DEBUG block.DeletedBlockLogImpl (DeletedBlockLogImpl.java:commitTransactions(224)) - Transaction txId=41 commit by dnId=0475d2c2-d46f-403e-95a5-8ff1a5c32338 for containerID=#41 failed. Corresponding entry not found.
2021-08-15 14:03:34,974 [EventQueue-DeleteBlockStatusForDeletedBlockLogImpl] DEBUG block.DeletedBlockLogImpl (DeletedBlockLogImpl.java:isTransactionFailed(278)) - Got block deletion ACK from datanode, TXIDs=42, success=true
2021-08-15 14:03:34,974 [EventQueue-DeleteBlockStatusForDeletedBlockLogImpl] DEBUG block.DeletedBlockLogImpl (DeletedBlockLogImpl.java:commitTransactions(224)) - Transaction txId=42 commit by dnId=0475d2c2-d46f-403e-95a5-8ff1a5c32338 for containerID=#42 failed. Corresponding entry not found.
2021-08-15 14:03:34,974 [EventQueue-DeleteBlockStatusForDeletedBlockLogImpl] DEBUG block.DeletedBlockLogImpl (DeletedBlockLogImpl.java:isTransactionFailed(278)) - Got block deletion ACK from datanode, TXIDs=43, success=true
2021-08-15 14:03:34,974 [EventQueue-DeleteBlockStatusForDeletedBlockLogImpl] DEBUG block.DeletedBlockLogImpl (DeletedBlockLogImpl.java:commitTransactions(224)) - Transaction txId=43 commit by dnId=0475d2c2-d46f-403e-95a5-8ff1a5c32338 for containerID=#43 failed. Corresponding entry not found.
2021-08-15 14:03:34,974 [EventQueue-DeleteBlockStatusForDeletedBlockLogImpl] DEBUG block.DeletedBlockLogImpl (DeletedBlockLogImpl.java:isTransactionFailed(278)) - Got block deletion ACK from datanode, TXIDs=44, success=true
2021-08-15 14:03:34,974 [EventQueue-DeleteBlockStatusForDeletedBlockLogImpl] DEBUG block.DeletedBlockLogImpl (DeletedBlockLogImpl.java:commitTransactions(224)) - Transaction txId=44 commit by dnId=0475d2c2-d46f-403e-95a5-8ff1a5c32338 for containerID=#44 failed. Corresponding entry not found.
2021-08-15 14:03:34,974 [EventQueue-DeleteBlockStatusForDeletedBlockLogImpl] DEBUG block.DeletedBlockLogImpl (DeletedBlockLogImpl.java:isTransactionFailed(278)) - Got block deletion ACK from datanode, TXIDs=45, success=true
2021-08-15 14:03:34,974 [EventQueue-DeleteBlockStatusForDeletedBlockLogImpl] DEBUG block.DeletedBlockLogImpl (DeletedBlockLogImpl.java:commitTransactions(224)) - Transaction txId=45 commit by dnId=0475d2c2-d46f-403e-95a5-8ff1a5c32338 for containerID=#45 failed. Corresponding entry not found.
2021-08-15 14:03:34,974 [EventQueue-DeleteBlockStatusForDeletedBlockLogImpl] DEBUG block.DeletedBlockLogImpl (DeletedBlockLogImpl.java:isTransactionFailed(278)) - Got block deletion ACK from datanode, TXIDs=46, success=true
2021-08-15 14:03:34,974 [EventQueue-DeleteBlockStatusForDeletedBlockLogImpl] DEBUG block.DeletedBlockLogImpl (DeletedBlockLogImpl.java:commitTransactions(224)) - Transaction txId=46 commit by dnId=0475d2c2-d46f-403e-95a5-8ff1a5c32338 for containerID=#46 failed. Corresponding entry not found.
2021-08-15 14:03:34,974 [EventQueue-DeleteBlockStatusForDeletedBlockLogImpl] DEBUG block.DeletedBlockLogImpl (DeletedBlockLogImpl.java:isTransactionFailed(278)) - Got block deletion ACK from datanode, TXIDs=47, success=true
2021-08-15 14:03:34,974 [EventQueue-DeleteBlockStatusForDeletedBlockLogImpl] DEBUG block.DeletedBlockLogImpl (DeletedBlockLogImpl.java:commitTransactions(224)) - Transaction txId=47 commit by dnId=0475d2c2-d46f-403e-95a5-8ff1a5c32338 for containerID=#47 failed. Corresponding entry not found.
2021-08-15 14:03:34,974 [EventQueue-DeleteBlockStatusForDeletedBlockLogImpl] DEBUG block.DeletedBlockLogImpl (DeletedBlockLogImpl.java:isTransactionFailed(278)) - Got block deletion ACK from datanode, TXIDs=48, success=true
2021-08-15 14:03:34,974 [EventQueue-DeleteBlockStatusForDeletedBlockLogImpl] DEBUG block.DeletedBlockLogImpl (DeletedBlockLogImpl.java:commitTransactions(224)) - Transaction txId=48 commit by dnId=0475d2c2-d46f-403e-95a5-8ff1a5c32338 for containerID=#48 failed. Corresponding entry not found.
2021-08-15 14:03:34,974 [EventQueue-DeleteBlockStatusForDeletedBlockLogImpl] DEBUG block.DeletedBlockLogImpl (DeletedBlockLogImpl.java:isTransactionFailed(278)) - Got block deletion ACK from datanode, TXIDs=49, success=true
2021-08-15 14:03:34,974 [EventQueue-DeleteBlockStatusForDeletedBlockLogImpl] DEBUG block.DeletedBlockLogImpl (DeletedBlockLogImpl.java:commitTransactions(224)) - Transaction txId=49 commit by dnId=0475d2c2-d46f-403e-95a5-8ff1a5c32338 for containerID=#49 failed. Corresponding entry not found.
2021-08-15 14:03:34,974 [EventQueue-DeleteBlockStatusForDeletedBlockLogImpl] DEBUG block.DeletedBlockLogImpl (DeletedBlockLogImpl.java:isTransactionFailed(278)) - Got block deletion ACK from datanode, TXIDs=50, success=true
2021-08-15 14:03:34,974 [EventQueue-DeleteBlockStatusForDeletedBlockLogImpl] DEBUG block.DeletedBlockLogImpl (DeletedBlockLogImpl.java:commitTransactions(224)) - Transaction txId=50 commit by dnId=0475d2c2-d46f-403e-95a5-8ff1a5c32338 for containerID=#50 failed. Corresponding entry not found.
2021-08-15 14:03:34,974 [EventQueue-DeleteBlockStatusForDeletedBlockLogImpl] DEBUG block.DeletedBlockLogImpl (DeletedBlockLogImpl.java:isTransactionFailed(278)) - Got block deletion ACK from datanode, TXIDs=51, success=true
2021-08-15 14:03:34,974 [EventQueue-DeleteBlockStatusForDeletedBlockLogImpl] DEBUG block.DeletedBlockLogImpl (DeletedBlockLogImpl.java:commitTransactions(224)) - Transaction txId=51 commit by dnId=0475d2c2-d46f-403e-95a5-8ff1a5c32338 for containerID=#51 failed. Corresponding entry not found.
2021-08-15 14:03:34,974 [EventQueue-DeleteBlockStatusForDeletedBlockLogImpl] DEBUG block.DeletedBlockLogImpl (DeletedBlockLogImpl.java:isTransactionFailed(278)) - Got block deletion ACK from datanode, TXIDs=52, success=true
2021-08-15 14:03:34,974 [EventQueue-DeleteBlockStatusForDeletedBlockLogImpl] DEBUG block.DeletedBlockLogImpl (DeletedBlockLogImpl.java:commitTransactions(224)) - Transaction txId=52 commit by dnId=0475d2c2-d46f-403e-95a5-8ff1a5c32338 for containerID=#52 failed. Corresponding entry not found.
2021-08-15 14:03:34,974 [EventQueue-DeleteBlockStatusForDeletedBlockLogImpl] DEBUG block.DeletedBlockLogImpl (DeletedBlockLogImpl.java:isTransactionFailed(278)) - Got block deletion ACK from datanode, TXIDs=53, success=true
2021-08-15 14:03:34,975 [EventQueue-DeleteBlockStatusForDeletedBlockLogImpl] DEBUG block.DeletedBlockLogImpl (DeletedBlockLogImpl.java:commitTransactions(224)) - Transaction txId=53 commit by dnId=0475d2c2-d46f-403e-95a5-8ff1a5c32338 for containerID=#53 failed. Corresponding entry not found.
2021-08-15 14:03:34,975 [EventQueue-DeleteBlockStatusForDeletedBlockLogImpl] DEBUG block.DeletedBlockLogImpl (DeletedBlockLogImpl.java:isTransactionFailed(278)) - Got block deletion ACK from datanode, TXIDs=54, success=true
2021-08-15 14:03:34,975 [EventQueue-DeleteBlockStatusForDeletedBlockLogImpl] DEBUG block.DeletedBlockLogImpl (DeletedBlockLogImpl.java:commitTransactions(224)) - Transaction txId=54 commit by dnId=0475d2c2-d46f-403e-95a5-8ff1a5c32338 for containerID=#54 failed. Corresponding entry not found.
2021-08-15 14:03:34,975 [EventQueue-DeleteBlockStatusForDeletedBlockLogImpl] DEBUG block.DeletedBlockLogImpl (DeletedBlockLogImpl.java:isTransactionFailed(278)) - Got block deletion ACK from datanode, TXIDs=55, success=true
2021-08-15 14:03:34,975 [EventQueue-DeleteBlockStatusForDeletedBlockLogImpl] DEBUG block.DeletedBlockLogImpl (DeletedBlockLogImpl.java:commitTransactions(224)) - Transaction txId=55 commit by dnId=0475d2c2-d46f-403e-95a5-8ff1a5c32338 for containerID=#55 failed. Corresponding entry not found.
2021-08-15 14:03:34,975 [EventQueue-DeleteBlockStatusForDeletedBlockLogImpl] DEBUG block.DeletedBlockLogImpl (DeletedBlockLogImpl.java:isTransactionFailed(278)) - Got block deletion ACK from datanode, TXIDs=56, success=true
2021-08-15 14:03:34,975 [EventQueue-DeleteBlockStatusForDeletedBlockLogImpl] DEBUG block.DeletedBlockLogImpl (DeletedBlockLogImpl.java:commitTransactions(224)) - Transaction txId=56 commit by dnId=0475d2c2-d46f-403e-95a5-8ff1a5c32338 for containerID=#56 failed. Corresponding entry not found.
2021-08-15 14:03:34,975 [EventQueue-DeleteBlockStatusForDeletedBlockLogImpl] DEBUG block.DeletedBlockLogImpl (DeletedBlockLogImpl.java:isTransactionFailed(278)) - Got block deletion ACK from datanode, TXIDs=28, success=true
2021-08-15 14:03:34,975 [EventQueue-DeleteBlockStatusForDeletedBlockLogImpl] DEBUG block.DeletedBlockLogImpl (DeletedBlockLogImpl.java:commitTransactions(224)) - Transaction txId=28 commit by dnId=0475d2c2-d46f-403e-95a5-8ff1a5c32338 for containerID=#28 failed. Corresponding entry not found.
2021-08-15 14:03:34,975 [EventQueue-DeleteBlockStatusForDeletedBlockLogImpl] DEBUG block.DeletedBlockLogImpl (DeletedBlockLogImpl.java:isTransactionFailed(278)) - Got block deletion ACK from datanode, TXIDs=29, success=true
2021-08-15 14:03:34,975 [EventQueue-DeleteBlockStatusForDeletedBlockLogImpl] DEBUG block.DeletedBlockLogImpl (DeletedBlockLogImpl.java:commitTransactions(224)) - Transaction txId=29 commit by dnId=0475d2c2-d46f-403e-95a5-8ff1a5c32338 for containerID=#29 failed. Corresponding entry not found.
2021-08-15 14:03:34,975 [EventQueue-DeleteBlockStatusForDeletedBlockLogImpl] DEBUG block.DeletedBlockLogImpl (DeletedBlockLogImpl.java:isTransactionFailed(278)) - Got block deletion ACK from datanode, TXIDs=30, success=true
2021-08-15 14:03:34,975 [EventQueue-DeleteBlockStatusForDeletedBlockLogImpl] DEBUG block.DeletedBlockLogImpl (DeletedBlockLogImpl.java:commitTransactions(224)) - Transaction txId=30 commit by dnId=0475d2c2-d46f-403e-95a5-8ff1a5c32338 for containerID=#30 failed. Corresponding entry not found.
2021-08-15 14:03:34,975 [EventQueue-DeleteBlockStatusForDeletedBlockLogImpl] DEBUG block.DeletedBlockLogImpl (DeletedBlockLogImpl.java:isTransactionFailed(278)) - Got block deletion ACK from datanode, TXIDs=31, success=true
2021-08-15 14:03:34,975 [EventQueue-DeleteBlockStatusForDeletedBlockLogImpl] DEBUG block.DeletedBlockLogImpl (DeletedBlockLogImpl.java:commitTransactions(224)) - Transaction txId=31 commit by dnId=0475d2c2-d46f-403e-95a5-8ff1a5c32338 for containerID=#31 failed. Corresponding entry not found.
2021-08-15 14:03:34,975 [EventQueue-DeleteBlockStatusForDeletedBlockLogImpl] DEBUG block.DeletedBlockLogImpl (DeletedBlockLogImpl.java:isTransactionFailed(278)) - Got block deletion ACK from datanode, TXIDs=32, success=true
2021-08-15 14:03:34,975 [EventQueue-DeleteBlockStatusForDeletedBlockLogImpl] DEBUG block.DeletedBlockLogImpl (DeletedBlockLogImpl.java:commitTransactions(224)) - Transaction txId=32 commit by dnId=0475d2c2-d46f-403e-95a5-8ff1a5c32338 for containerID=#32 failed. Corresponding entry not found.
2021-08-15 14:03:34,975 [EventQueue-DeleteBlockStatusForDeletedBlockLogImpl] DEBUG block.DeletedBlockLogImpl (DeletedBlockLogImpl.java:isTransactionFailed(278)) - Got block deletion ACK from datanode, TXIDs=33, success=true
2021-08-15 14:03:34,975 [EventQueue-DeleteBlockStatusForDeletedBlockLogImpl] DEBUG block.DeletedBlockLogImpl (DeletedBlockLogImpl.java:commitTransactions(224)) - Transaction txId=33 commit by dnId=0475d2c2-d46f-403e-95a5-8ff1a5c32338 for containerID=#33 failed. Corresponding entry not found.
2021-08-15 14:03:34,975 [EventQueue-DeleteBlockStatusForDeletedBlockLogImpl] DEBUG block.DeletedBlockLogImpl (DeletedBlockLogImpl.java:isTransactionFailed(278)) - Got block deletion ACK from datanode, TXIDs=34, success=true
2021-08-15 14:03:34,975 [EventQueue-DeleteBlockStatusForDeletedBlockLogImpl] DEBUG block.DeletedBlockLogImpl (DeletedBlockLogImpl.java:commitTransactions(224)) - Transaction txId=34 commit by dnId=0475d2c2-d46f-403e-95a5-8ff1a5c32338 for containerID=#34 failed. Corresponding entry not found.
2021-08-15 14:03:34,975 [EventQueue-DeleteBlockStatusForDeletedBlockLogImpl] DEBUG block.DeletedBlockLogImpl (DeletedBlockLogImpl.java:isTransactionFailed(278)) - Got block deletion ACK from datanode, TXIDs=35, success=true
2021-08-15 14:03:34,975 [EventQueue-DeleteBlockStatusForDeletedBlockLogImpl] DEBUG block.DeletedBlockLogImpl (DeletedBlockLogImpl.java:commitTransactions(224)) - Transaction txId=35 commit by dnId=0475d2c2-d46f-403e-95a5-8ff1a5c32338 for containerID=#35 failed. Corresponding entry not found.
2021-08-15 14:03:34,975 [EventQueue-DeleteBlockStatusForDeletedBlockLogImpl] DEBUG block.DeletedBlockLogImpl (DeletedBlockLogImpl.java:isTransactionFailed(278)) - Got block deletion ACK from datanode, TXIDs=36, success=true
2021-08-15 14:03:34,975 [EventQueue-DeleteBlockStatusForDeletedBlockLogImpl] DEBUG block.DeletedBlockLogImpl (DeletedBlockLogImpl.java:commitTransactions(224)) - Transaction txId=36 commit by dnId=0475d2c2-d46f-403e-95a5-8ff1a5c32338 for containerID=#36 failed. Corresponding entry not found.
2021-08-15 14:03:34,975 [EventQueue-DeleteBlockStatusForDeletedBlockLogImpl] DEBUG block.DeletedBlockLogImpl (DeletedBlockLogImpl.java:isTransactionFailed(278)) - Got block deletion ACK from datanode, TXIDs=37, success=true
2021-08-15 14:03:34,975 [EventQueue-DeleteBlockStatusForDeletedBlockLogImpl] DEBUG block.DeletedBlockLogImpl (DeletedBlockLogImpl.java:commitTransactions(224)) - Transaction txId=37 commit by dnId=0475d2c2-d46f-403e-95a5-8ff1a5c32338 for containerID=#37 failed. Corresponding entry not found.
2021-08-15 14:03:34,975 [EventQueue-DeleteBlockStatusForDeletedBlockLogImpl] DEBUG block.DeletedBlockLogImpl (DeletedBlockLogImpl.java:isTransactionFailed(278)) - Got block deletion ACK from datanode, TXIDs=38, success=true
2021-08-15 14:03:34,975 [EventQueue-DeleteBlockStatusForDeletedBlockLogImpl] DEBUG block.DeletedBlockLogImpl (DeletedBlockLogImpl.java:commitTransactions(224)) - Transaction txId=38 commit by dnId=0475d2c2-d46f-403e-95a5-8ff1a5c32338 for containerID=#38 failed. Corresponding entry not found.
2021-08-15 14:03:34,975 [EventQueue-DeleteBlockStatusForDeletedBlockLogImpl] DEBUG block.DeletedBlockLogImpl (DeletedBlockLogImpl.java:isTransactionFailed(278)) - Got block deletion ACK from datanode, TXIDs=39, success=true
2021-08-15 14:03:34,975 [EventQueue-DeleteBlockStatusForDeletedBlockLogImpl] DEBUG block.DeletedBlockLogImpl (DeletedBlockLogImpl.java:commitTransactions(224)) - Transaction txId=39 commit by dnId=0475d2c2-d46f-403e-95a5-8ff1a5c32338 for containerID=#39 failed. Corresponding entry not found.
2021-08-15 14:03:34,975 [EventQueue-DeleteBlockStatusForDeletedBlockLogImpl] DEBUG block.DeletedBlockLogImpl (DeletedBlockLogImpl.java:isTransactionFailed(278)) - Got block deletion ACK from datanode, TXIDs=40, success=true
2021-08-15 14:03:34,975 [EventQueue-DeleteBlockStatusForDeletedBlockLogImpl] DEBUG block.DeletedBlockLogImpl (DeletedBlockLogImpl.java:commitTransactions(224)) - Transaction txId=40 commit by dnId=0475d2c2-d46f-403e-95a5-8ff1a5c32338 for containerID=#40 failed. Corresponding entry not found.
2021-08-15 14:03:34,975 [EventQueue-DeleteBlockStatusForDeletedBlockLogImpl] DEBUG block.DeletedBlockLogImpl (DeletedBlockLogImpl.java:isTransactionFailed(278)) - Got block deletion ACK from datanode, TXIDs=41, success=true
2021-08-15 14:03:34,975 [EventQueue-DeleteBlockStatusForDeletedBlockLogImpl] DEBUG block.DeletedBlockLogImpl (DeletedBlockLogImpl.java:commitTransactions(224)) - Transaction txId=41 commit by dnId=0475d2c2-d46f-403e-95a5-8ff1a5c32338 for containerID=#41 failed. Corresponding entry not found.
2021-08-15 14:03:34,975 [EventQueue-DeleteBlockStatusForDeletedBlockLogImpl] DEBUG block.DeletedBlockLogImpl (DeletedBlockLogImpl.java:isTransactionFailed(278)) - Got block deletion ACK from datanode, TXIDs=42, success=true
2021-08-15 14:03:34,975 [EventQueue-DeleteBlockStatusForDeletedBlockLogImpl] DEBUG block.DeletedBlockLogImpl (DeletedBlockLogImpl.java:commitTransactions(224)) - Transaction txId=42 commit by dnId=0475d2c2-d46f-403e-95a5-8ff1a5c32338 for containerID=#42 failed. Corresponding entry not found.
2021-08-15 14:03:34,975 [EventQueue-DeleteBlockStatusForDeletedBlockLogImpl] DEBUG block.DeletedBlockLogImpl (DeletedBlockLogImpl.java:isTransactionFailed(278)) - Got block deletion ACK from datanode, TXIDs=43, success=true
2021-08-15 14:03:34,975 [EventQueue-DeleteBlockStatusForDeletedBlockLogImpl] DEBUG block.DeletedBlockLogImpl (DeletedBlockLogImpl.java:commitTransactions(224)) - Transaction txId=43 commit by dnId=0475d2c2-d46f-403e-95a5-8ff1a5c32338 for containerID=#43 failed. Corresponding entry not found.
2021-08-15 14:03:34,975 [EventQueue-DeleteBlockStatusForDeletedBlockLogImpl] DEBUG block.DeletedBlockLogImpl (DeletedBlockLogImpl.java:isTransactionFailed(278)) - Got block deletion ACK from datanode, TXIDs=44, success=true
2021-08-15 14:03:34,975 [EventQueue-DeleteBlockStatusForDeletedBlockLogImpl] DEBUG block.DeletedBlockLogImpl (DeletedBlockLogImpl.java:commitTransactions(224)) - Transaction txId=44 commit by dnId=0475d2c2-d46f-403e-95a5-8ff1a5c32338 for containerID=#44 failed. Corresponding entry not found.
2021-08-15 14:03:34,975 [EventQueue-DeleteBlockStatusForDeletedBlockLogImpl] DEBUG block.DeletedBlockLogImpl (DeletedBlockLogImpl.java:isTransactionFailed(278)) - Got block deletion ACK from datanode, TXIDs=45, success=true
2021-08-15 14:03:34,975 [EventQueue-DeleteBlockStatusForDeletedBlockLogImpl] DEBUG block.DeletedBlockLogImpl (DeletedBlockLogImpl.java:commitTransactions(224)) - Transaction txId=45 commit by dnId=0475d2c2-d46f-403e-95a5-8ff1a5c32338 for containerID=#45 failed. Corresponding entry not found.
2021-08-15 14:03:34,975 [EventQueue-DeleteBlockStatusForDeletedBlockLogImpl] DEBUG block.DeletedBlockLogImpl (DeletedBlockLogImpl.java:isTransactionFailed(278)) - Got block deletion ACK from datanode, TXIDs=46, success=true
2021-08-15 14:03:34,975 [EventQueue-DeleteBlockStatusForDeletedBlockLogImpl] DEBUG block.DeletedBlockLogImpl (DeletedBlockLogImpl.java:commitTransactions(224)) - Transaction txId=46 commit by dnId=0475d2c2-d46f-403e-95a5-8ff1a5c32338 for containerID=#46 failed. Corresponding entry not found.
2021-08-15 14:03:34,975 [EventQueue-DeleteBlockStatusForDeletedBlockLogImpl] DEBUG block.DeletedBlockLogImpl (DeletedBlockLogImpl.java:isTransactionFailed(278)) - Got block deletion ACK from datanode, TXIDs=47, success=true
2021-08-15 14:03:34,975 [EventQueue-DeleteBlockStatusForDeletedBlockLogImpl] DEBUG block.DeletedBlockLogImpl (DeletedBlockLogImpl.java:commitTransactions(224)) - Transaction txId=47 commit by dnId=0475d2c2-d46f-403e-95a5-8ff1a5c32338 for containerID=#47 failed. Corresponding entry not found.
2021-08-15 14:03:34,975 [EventQueue-DeleteBlockStatusForDeletedBlockLogImpl] DEBUG block.DeletedBlockLogImpl (DeletedBlockLogImpl.java:isTransactionFailed(278)) - Got block deletion ACK from datanode, TXIDs=48, success=true
2021-08-15 14:03:34,975 [EventQueue-DeleteBlockStatusForDeletedBlockLogImpl] DEBUG block.DeletedBlockLogImpl (DeletedBlockLogImpl.java:commitTransactions(224)) - Transaction txId=48 commit by dnId=0475d2c2-d46f-403e-95a5-8ff1a5c32338 for containerID=#48 failed. Corresponding entry not found.
2021-08-15 14:03:34,975 [EventQueue-DeleteBlockStatusForDeletedBlockLogImpl] DEBUG block.DeletedBlockLogImpl (DeletedBlockLogImpl.java:isTransactionFailed(278)) - Got block deletion ACK from datanode, TXIDs=49, success=true
2021-08-15 14:03:34,975 [EventQueue-DeleteBlockStatusForDeletedBlockLogImpl] DEBUG block.DeletedBlockLogImpl (DeletedBlockLogImpl.java:commitTransactions(224)) - Transaction txId=49 commit by dnId=0475d2c2-d46f-403e-95a5-8ff1a5c32338 for containerID=#49 failed. Corresponding entry not found.
2021-08-15 14:03:34,975 [EventQueue-DeleteBlockStatusForDeletedBlockLogImpl] DEBUG block.DeletedBlockLogImpl (DeletedBlockLogImpl.java:isTransactionFailed(278)) - Got block deletion ACK from datanode, TXIDs=50, success=true
2021-08-15 14:03:34,975 [EventQueue-DeleteBlockStatusForDeletedBlockLogImpl] DEBUG block.DeletedBlockLogImpl (DeletedBlockLogImpl.java:commitTransactions(224)) - Transaction txId=50 commit by dnId=0475d2c2-d46f-403e-95a5-8ff1a5c32338 for containerID=#50 failed. Corresponding entry not found.
2021-08-15 14:03:34,975 [EventQueue-DeleteBlockStatusForDeletedBlockLogImpl] DEBUG block.DeletedBlockLogImpl (DeletedBlockLogImpl.java:isTransactionFailed(278)) - Got block deletion ACK from datanode, TXIDs=51, success=true
2021-08-15 14:03:34,976 [EventQueue-DeleteBlockStatusForDeletedBlockLogImpl] DEBUG block.DeletedBlockLogImpl (DeletedBlockLogImpl.java:commitTransactions(224)) - Transaction txId=51 commit by dnId=0475d2c2-d46f-403e-95a5-8ff1a5c32338 for containerID=#51 failed. Corresponding entry not found.
2021-08-15 14:03:34,976 [EventQueue-DeleteBlockStatusForDeletedBlockLogImpl] DEBUG block.DeletedBlockLogImpl (DeletedBlockLogImpl.java:isTransactionFailed(278)) - Got block deletion ACK from datanode, TXIDs=52, success=true
2021-08-15 14:03:34,976 [EventQueue-DeleteBlockStatusForDeletedBlockLogImpl] DEBUG block.DeletedBlockLogImpl (DeletedBlockLogImpl.java:commitTransactions(224)) - Transaction txId=52 commit by dnId=0475d2c2-d46f-403e-95a5-8ff1a5c32338 for containerID=#52 failed. Corresponding entry not found.
2021-08-15 14:03:34,976 [EventQueue-DeleteBlockStatusForDeletedBlockLogImpl] DEBUG block.DeletedBlockLogImpl (DeletedBlockLogImpl.java:isTransactionFailed(278)) - Got block deletion ACK from datanode, TXIDs=53, success=true
2021-08-15 14:03:34,976 [EventQueue-DeleteBlockStatusForDeletedBlockLogImpl] DEBUG block.DeletedBlockLogImpl (DeletedBlockLogImpl.java:commitTransactions(224)) - Transaction txId=53 commit by dnId=0475d2c2-d46f-403e-95a5-8ff1a5c32338 for containerID=#53 failed. Corresponding entry not found.
2021-08-15 14:03:34,976 [EventQueue-DeleteBlockStatusForDeletedBlockLogImpl] DEBUG block.DeletedBlockLogImpl (DeletedBlockLogImpl.java:isTransactionFailed(278)) - Got block deletion ACK from datanode, TXIDs=54, success=true
2021-08-15 14:03:34,976 [EventQueue-DeleteBlockStatusForDeletedBlockLogImpl] DEBUG block.DeletedBlockLogImpl (DeletedBlockLogImpl.java:commitTransactions(224)) - Transaction txId=54 commit by dnId=0475d2c2-d46f-403e-95a5-8ff1a5c32338 for containerID=#54 failed. Corresponding entry not found.
2021-08-15 14:03:34,976 [EventQueue-DeleteBlockStatusForDeletedBlockLogImpl] DEBUG block.DeletedBlockLogImpl (DeletedBlockLogImpl.java:isTransactionFailed(278)) - Got block deletion ACK from datanode, TXIDs=55, success=true
2021-08-15 14:03:34,977 [EventQueue-DeleteBlockStatusForDeletedBlockLogImpl] DEBUG block.DeletedBlockLogImpl (DeletedBlockLogImpl.java:commitTransactions(224)) - Transaction txId=55 commit by dnId=0475d2c2-d46f-403e-95a5-8ff1a5c32338 for containerID=#55 failed. Corresponding entry not found.
2021-08-15 14:03:34,977 [EventQueue-DeleteBlockStatusForDeletedBlockLogImpl] DEBUG block.DeletedBlockLogImpl (DeletedBlockLogImpl.java:isTransactionFailed(278)) - Got block deletion ACK from datanode, TXIDs=56, success=true
2021-08-15 14:03:34,977 [EventQueue-DeleteBlockStatusForDeletedBlockLogImpl] DEBUG block.DeletedBlockLogImpl (DeletedBlockLogImpl.java:commitTransactions(224)) - Transaction txId=56 commit by dnId=0475d2c2-d46f-403e-95a5-8ff1a5c32338 for containerID=#56 failed. Corresponding entry not found.
2021-08-15 14:03:34,977 [EventQueue-DeleteBlockStatusForDeletedBlockLogImpl] DEBUG block.DeletedBlockLogImpl (DeletedBlockLogImpl.java:isTransactionFailed(278)) - Got block deletion ACK from datanode, TXIDs=28, success=true
2021-08-15 14:03:34,977 [EventQueue-DeleteBlockStatusForDeletedBlockLogImpl] DEBUG block.DeletedBlockLogImpl (DeletedBlockLogImpl.java:commitTransactions(224)) - Transaction txId=28 commit by dnId=0475d2c2-d46f-403e-95a5-8ff1a5c32338 for containerID=#28 failed. Corresponding entry not found.
2021-08-15 14:03:34,977 [EventQueue-DeleteBlockStatusForDeletedBlockLogImpl] DEBUG block.DeletedBlockLogImpl (DeletedBlockLogImpl.java:isTransactionFailed(278)) - Got block deletion ACK from datanode, TXIDs=29, success=true
2021-08-15 14:03:34,977 [EventQueue-DeleteBlockStatusForDeletedBlockLogImpl] DEBUG block.DeletedBlockLogImpl (DeletedBlockLogImpl.java:commitTransactions(224)) - Transaction txId=29 commit by dnId=0475d2c2-d46f-403e-95a5-8ff1a5c32338 for containerID=#29 failed. Corresponding entry not found.
2021-08-15 14:03:34,977 [EventQueue-DeleteBlockStatusForDeletedBlockLogImpl] DEBUG block.DeletedBlockLogImpl (DeletedBlockLogImpl.java:isTransactionFailed(278)) - Got block deletion ACK from datanode, TXIDs=30, success=true
2021-08-15 14:03:34,977 [EventQueue-DeleteBlockStatusForDeletedBlockLogImpl] DEBUG block.DeletedBlockLogImpl (DeletedBlockLogImpl.java:commitTransactions(224)) - Transaction txId=30 commit by dnId=0475d2c2-d46f-403e-95a5-8ff1a5c32338 for containerID=#30 failed. Corresponding entry not found.
2021-08-15 14:03:34,977 [EventQueue-DeleteBlockStatusForDeletedBlockLogImpl] DEBUG block.DeletedBlockLogImpl (DeletedBlockLogImpl.java:isTransactionFailed(278)) - Got block deletion ACK from datanode, TXIDs=31, success=true
2021-08-15 14:03:34,977 [EventQueue-DeleteBlockStatusForDeletedBlockLogImpl] DEBUG block.DeletedBlockLogImpl (DeletedBlockLogImpl.java:commitTransactions(224)) - Transaction txId=31 commit by dnId=0475d2c2-d46f-403e-95a5-8ff1a5c32338 for containerID=#31 failed. Corresponding entry not found.
2021-08-15 14:03:34,977 [EventQueue-DeleteBlockStatusForDeletedBlockLogImpl] DEBUG block.DeletedBlockLogImpl (DeletedBlockLogImpl.java:isTransactionFailed(278)) - Got block deletion ACK from datanode, TXIDs=32, success=true
2021-08-15 14:03:34,977 [EventQueue-DeleteBlockStatusForDeletedBlockLogImpl] DEBUG block.DeletedBlockLogImpl (DeletedBlockLogImpl.java:commitTransactions(224)) - Transaction txId=32 commit by dnId=0475d2c2-d46f-403e-95a5-8ff1a5c32338 for containerID=#32 failed. Corresponding entry not found.
2021-08-15 14:03:34,977 [EventQueue-DeleteBlockStatusForDeletedBlockLogImpl] DEBUG block.DeletedBlockLogImpl (DeletedBlockLogImpl.java:isTransactionFailed(278)) - Got block deletion ACK from datanode, TXIDs=33, success=true
2021-08-15 14:03:34,977 [EventQueue-DeleteBlockStatusForDeletedBlockLogImpl] DEBUG block.DeletedBlockLogImpl (DeletedBlockLogImpl.java:commitTransactions(224)) - Transaction txId=33 commit by dnId=0475d2c2-d46f-403e-95a5-8ff1a5c32338 for containerID=#33 failed. Corresponding entry not found.
2021-08-15 14:03:34,977 [EventQueue-DeleteBlockStatusForDeletedBlockLogImpl] DEBUG block.DeletedBlockLogImpl (DeletedBlockLogImpl.java:isTransactionFailed(278)) - Got block deletion ACK from datanode, TXIDs=34, success=true
2021-08-15 14:03:34,977 [EventQueue-DeleteBlockStatusForDeletedBlockLogImpl] DEBUG block.DeletedBlockLogImpl (DeletedBlockLogImpl.java:commitTransactions(224)) - Transaction txId=34 commit by dnId=0475d2c2-d46f-403e-95a5-8ff1a5c32338 for containerID=#34 failed. Corresponding entry not found.
2021-08-15 14:03:34,977 [EventQueue-DeleteBlockStatusForDeletedBlockLogImpl] DEBUG block.DeletedBlockLogImpl (DeletedBlockLogImpl.java:isTransactionFailed(278)) - Got block deletion ACK from datanode, TXIDs=35, success=true
2021-08-15 14:03:34,977 [EventQueue-DeleteBlockStatusForDeletedBlockLogImpl] DEBUG block.DeletedBlockLogImpl (DeletedBlockLogImpl.java:commitTransactions(224)) - Transaction txId=35 commit by dnId=0475d2c2-d46f-403e-95a5-8ff1a5c32338 for containerID=#35 failed. Corresponding entry not found.
2021-08-15 14:03:34,977 [EventQueue-DeleteBlockStatusForDeletedBlockLogImpl] DEBUG block.DeletedBlockLogImpl (DeletedBlockLogImpl.java:isTransactionFailed(278)) - Got block deletion ACK from datanode, TXIDs=36, success=true
2021-08-15 14:03:34,977 [EventQueue-DeleteBlockStatusForDeletedBlockLogImpl] DEBUG block.DeletedBlockLogImpl (DeletedBlockLogImpl.java:commitTransactions(224)) - Transaction txId=36 commit by dnId=0475d2c2-d46f-403e-95a5-8ff1a5c32338 for containerID=#36 failed. Corresponding entry not found.
2021-08-15 14:03:34,977 [EventQueue-DeleteBlockStatusForDeletedBlockLogImpl] DEBUG block.DeletedBlockLogImpl (DeletedBlockLogImpl.java:isTransactionFailed(278)) - Got block deletion ACK from datanode, TXIDs=37, success=true
2021-08-15 14:03:34,977 [EventQueue-DeleteBlockStatusForDeletedBlockLogImpl] DEBUG block.DeletedBlockLogImpl (DeletedBlockLogImpl.java:commitTransactions(224)) - Transaction txId=37 commit by dnId=0475d2c2-d46f-403e-95a5-8ff1a5c32338 for containerID=#37 failed. Corresponding entry not found.
2021-08-15 14:03:34,977 [EventQueue-DeleteBlockStatusForDeletedBlockLogImpl] DEBUG block.DeletedBlockLogImpl (DeletedBlockLogImpl.java:isTransactionFailed(278)) - Got block deletion ACK from datanode, TXIDs=38, success=true
2021-08-15 14:03:34,977 [EventQueue-DeleteBlockStatusForDeletedBlockLogImpl] DEBUG block.DeletedBlockLogImpl (DeletedBlockLogImpl.java:commitTransactions(224)) - Transaction txId=38 commit by dnId=0475d2c2-d46f-403e-95a5-8ff1a5c32338 for containerID=#38 failed. Corresponding entry not found.
2021-08-15 14:03:34,977 [EventQueue-DeleteBlockStatusForDeletedBlockLogImpl] DEBUG block.DeletedBlockLogImpl (DeletedBlockLogImpl.java:isTransactionFailed(278)) - Got block deletion ACK from datanode, TXIDs=39, success=true
2021-08-15 14:03:34,978 [EventQueue-DeleteBlockStatusForDeletedBlockLogImpl] DEBUG block.DeletedBlockLogImpl (DeletedBlockLogImpl.java:commitTransactions(224)) - Transaction txId=39 commit by dnId=0475d2c2-d46f-403e-95a5-8ff1a5c32338 for containerID=#39 failed. Corresponding entry not found.
2021-08-15 14:03:34,978 [EventQueue-DeleteBlockStatusForDeletedBlockLogImpl] DEBUG block.DeletedBlockLogImpl (DeletedBlockLogImpl.java:isTransactionFailed(278)) - Got block deletion ACK from datanode, TXIDs=40, success=true
2021-08-15 14:03:34,978 [EventQueue-DeleteBlockStatusForDeletedBlockLogImpl] DEBUG block.DeletedBlockLogImpl (DeletedBlockLogImpl.java:commitTransactions(224)) - Transaction txId=40 commit by dnId=0475d2c2-d46f-403e-95a5-8ff1a5c32338 for containerID=#40 failed. Corresponding entry not found.
2021-08-15 14:03:34,978 [EventQueue-DeleteBlockStatusForDeletedBlockLogImpl] DEBUG block.DeletedBlockLogImpl (DeletedBlockLogImpl.java:isTransactionFailed(278)) - Got block deletion ACK from datanode, TXIDs=41, success=true
2021-08-15 14:03:34,978 [EventQueue-DeleteBlockStatusForDeletedBlockLogImpl] DEBUG block.DeletedBlockLogImpl (DeletedBlockLogImpl.java:commitTransactions(224)) - Transaction txId=41 commit by dnId=0475d2c2-d46f-403e-95a5-8ff1a5c32338 for containerID=#41 failed. Corresponding entry not found.
2021-08-15 14:03:34,978 [EventQueue-DeleteBlockStatusForDeletedBlockLogImpl] DEBUG block.DeletedBlockLogImpl (DeletedBlockLogImpl.java:isTransactionFailed(278)) - Got block deletion ACK from datanode, TXIDs=42, success=true
2021-08-15 14:03:34,978 [EventQueue-DeleteBlockStatusForDeletedBlockLogImpl] DEBUG block.DeletedBlockLogImpl (DeletedBlockLogImpl.java:commitTransactions(224)) - Transaction txId=42 commit by dnId=0475d2c2-d46f-403e-95a5-8ff1a5c32338 for containerID=#42 failed. Corresponding entry not found.
2021-08-15 14:03:34,978 [EventQueue-DeleteBlockStatusForDeletedBlockLogImpl] DEBUG block.DeletedBlockLogImpl (DeletedBlockLogImpl.java:isTransactionFailed(278)) - Got block deletion ACK from datanode, TXIDs=43, success=true
2021-08-15 14:03:34,978 [EventQueue-DeleteBlockStatusForDeletedBlockLogImpl] DEBUG block.DeletedBlockLogImpl (DeletedBlockLogImpl.java:commitTransactions(224)) - Transaction txId=43 commit by dnId=0475d2c2-d46f-403e-95a5-8ff1a5c32338 for containerID=#43 failed. Corresponding entry not found.
2021-08-15 14:03:34,978 [EventQueue-DeleteBlockStatusForDeletedBlockLogImpl] DEBUG block.DeletedBlockLogImpl (DeletedBlockLogImpl.java:isTransactionFailed(278)) - Got block deletion ACK from datanode, TXIDs=44, success=true
2021-08-15 14:03:34,978 [EventQueue-DeleteBlockStatusForDeletedBlockLogImpl] DEBUG block.DeletedBlockLogImpl (DeletedBlockLogImpl.java:commitTransactions(224)) - Transaction txId=44 commit by dnId=0475d2c2-d46f-403e-95a5-8ff1a5c32338 for containerID=#44 failed. Corresponding entry not found.
2021-08-15 14:03:34,978 [EventQueue-DeleteBlockStatusForDeletedBlockLogImpl] DEBUG block.DeletedBlockLogImpl (DeletedBlockLogImpl.java:isTransactionFailed(278)) - Got block deletion ACK from datanode, TXIDs=45, success=true
2021-08-15 14:03:34,978 [EventQueue-DeleteBlockStatusForDeletedBlockLogImpl] DEBUG block.DeletedBlockLogImpl (DeletedBlockLogImpl.java:commitTransactions(224)) - Transaction txId=45 commit by dnId=0475d2c2-d46f-403e-95a5-8ff1a5c32338 for containerID=#45 failed. Corresponding entry not found.
2021-08-15 14:03:34,978 [EventQueue-DeleteBlockStatusForDeletedBlockLogImpl] DEBUG block.DeletedBlockLogImpl (DeletedBlockLogImpl.java:isTransactionFailed(278)) - Got block deletion ACK from datanode, TXIDs=46, success=true
2021-08-15 14:03:34,978 [EventQueue-DeleteBlockStatusForDeletedBlockLogImpl] DEBUG block.DeletedBlockLogImpl (DeletedBlockLogImpl.java:commitTransactions(224)) - Transaction txId=46 commit by dnId=0475d2c2-d46f-403e-95a5-8ff1a5c32338 for containerID=#46 failed. Corresponding entry not found.
2021-08-15 14:03:34,978 [EventQueue-DeleteBlockStatusForDeletedBlockLogImpl] DEBUG block.DeletedBlockLogImpl (DeletedBlockLogImpl.java:isTransactionFailed(278)) - Got block deletion ACK from datanode, TXIDs=47, success=true
2021-08-15 14:03:34,978 [EventQueue-DeleteBlockStatusForDeletedBlockLogImpl] DEBUG block.DeletedBlockLogImpl (DeletedBlockLogImpl.java:commitTransactions(224)) - Transaction txId=47 commit by dnId=0475d2c2-d46f-403e-95a5-8ff1a5c32338 for containerID=#47 failed. Corresponding entry not found.
2021-08-15 14:03:34,978 [EventQueue-DeleteBlockStatusForDeletedBlockLogImpl] DEBUG block.DeletedBlockLogImpl (DeletedBlockLogImpl.java:isTransactionFailed(278)) - Got block deletion ACK from datanode, TXIDs=48, success=true
2021-08-15 14:03:34,978 [EventQueue-DeleteBlockStatusForDeletedBlockLogImpl] DEBUG block.DeletedBlockLogImpl (DeletedBlockLogImpl.java:commitTransactions(224)) - Transaction txId=48 commit by dnId=0475d2c2-d46f-403e-95a5-8ff1a5c32338 for containerID=#48 failed. Corresponding entry not found.
2021-08-15 14:03:34,978 [EventQueue-DeleteBlockStatusForDeletedBlockLogImpl] DEBUG block.DeletedBlockLogImpl (DeletedBlockLogImpl.java:isTransactionFailed(278)) - Got block deletion ACK from datanode, TXIDs=49, success=true
2021-08-15 14:03:34,978 [EventQueue-DeleteBlockStatusForDeletedBlockLogImpl] DEBUG block.DeletedBlockLogImpl (DeletedBlockLogImpl.java:commitTransactions(224)) - Transaction txId=49 commit by dnId=0475d2c2-d46f-403e-95a5-8ff1a5c32338 for containerID=#49 failed. Corresponding entry not found.
2021-08-15 14:03:34,978 [EventQueue-DeleteBlockStatusForDeletedBlockLogImpl] DEBUG block.DeletedBlockLogImpl (DeletedBlockLogImpl.java:isTransactionFailed(278)) - Got block deletion ACK from datanode, TXIDs=50, success=true
2021-08-15 14:03:34,978 [EventQueue-DeleteBlockStatusForDeletedBlockLogImpl] DEBUG block.DeletedBlockLogImpl (DeletedBlockLogImpl.java:commitTransactions(224)) - Transaction txId=50 commit by dnId=0475d2c2-d46f-403e-95a5-8ff1a5c32338 for containerID=#50 failed. Corresponding entry not found.
2021-08-15 14:03:34,978 [EventQueue-DeleteBlockStatusForDeletedBlockLogImpl] DEBUG block.DeletedBlockLogImpl (DeletedBlockLogImpl.java:isTransactionFailed(278)) - Got block deletion ACK from datanode, TXIDs=51, success=true
2021-08-15 14:03:34,978 [EventQueue-DeleteBlockStatusForDeletedBlockLogImpl] DEBUG block.DeletedBlockLogImpl (DeletedBlockLogImpl.java:commitTransactions(224)) - Transaction txId=51 commit by dnId=0475d2c2-d46f-403e-95a5-8ff1a5c32338 for containerID=#51 failed. Corresponding entry not found.
2021-08-15 14:03:34,978 [EventQueue-DeleteBlockStatusForDeletedBlockLogImpl] DEBUG block.DeletedBlockLogImpl (DeletedBlockLogImpl.java:isTransactionFailed(278)) - Got block deletion ACK from datanode, TXIDs=52, success=true
2021-08-15 14:03:34,978 [EventQueue-DeleteBlockStatusForDeletedBlockLogImpl] DEBUG block.DeletedBlockLogImpl (DeletedBlockLogImpl.java:commitTransactions(224)) - Transaction txId=52 commit by dnId=0475d2c2-d46f-403e-95a5-8ff1a5c32338 for containerID=#52 failed. Corresponding entry not found.
2021-08-15 14:03:34,978 [EventQueue-DeleteBlockStatusForDeletedBlockLogImpl] DEBUG block.DeletedBlockLogImpl (DeletedBlockLogImpl.java:isTransactionFailed(278)) - Got block deletion ACK from datanode, TXIDs=53, success=true
2021-08-15 14:03:34,979 [EventQueue-DeleteBlockStatusForDeletedBlockLogImpl] DEBUG block.DeletedBlockLogImpl (DeletedBlockLogImpl.java:commitTransactions(224)) - Transaction txId=53 commit by dnId=0475d2c2-d46f-403e-95a5-8ff1a5c32338 for containerID=#53 failed. Corresponding entry not found.
2021-08-15 14:03:34,979 [EventQueue-DeleteBlockStatusForDeletedBlockLogImpl] DEBUG block.DeletedBlockLogImpl (DeletedBlockLogImpl.java:isTransactionFailed(278)) - Got block deletion ACK from datanode, TXIDs=54, success=true
2021-08-15 14:03:34,979 [EventQueue-DeleteBlockStatusForDeletedBlockLogImpl] DEBUG block.DeletedBlockLogImpl (DeletedBlockLogImpl.java:commitTransactions(224)) - Transaction txId=54 commit by dnId=0475d2c2-d46f-403e-95a5-8ff1a5c32338 for containerID=#54 failed. Corresponding entry not found.
2021-08-15 14:03:34,979 [EventQueue-DeleteBlockStatusForDeletedBlockLogImpl] DEBUG block.DeletedBlockLogImpl (DeletedBlockLogImpl.java:isTransactionFailed(278)) - Got block deletion ACK from datanode, TXIDs=55, success=true
2021-08-15 14:03:34,979 [EventQueue-DeleteBlockStatusForDeletedBlockLogImpl] DEBUG block.DeletedBlockLogImpl (DeletedBlockLogImpl.java:commitTransactions(224)) - Transaction txId=55 commit by dnId=0475d2c2-d46f-403e-95a5-8ff1a5c32338 for containerID=#55 failed. Corresponding entry not found.
2021-08-15 14:03:34,979 [EventQueue-DeleteBlockStatusForDeletedBlockLogImpl] DEBUG block.DeletedBlockLogImpl (DeletedBlockLogImpl.java:isTransactionFailed(278)) - Got block deletion ACK from datanode, TXIDs=56, success=true
2021-08-15 14:03:34,979 [EventQueue-DeleteBlockStatusForDeletedBlockLogImpl] DEBUG block.DeletedBlockLogImpl (DeletedBlockLogImpl.java:commitTransactions(224)) - Transaction txId=56 commit by dnId=0475d2c2-d46f-403e-95a5-8ff1a5c32338 for containerID=#56 failed. Corresponding entry not found.
2021-08-15 14:03:34,979 [EventQueue-DeleteBlockStatusForDeletedBlockLogImpl] DEBUG block.DeletedBlockLogImpl (DeletedBlockLogImpl.java:isTransactionFailed(278)) - Got block deletion ACK from datanode, TXIDs=28, success=true
2021-08-15 14:03:34,979 [EventQueue-DeleteBlockStatusForDeletedBlockLogImpl] DEBUG block.DeletedBlockLogImpl (DeletedBlockLogImpl.java:commitTransactions(224)) - Transaction txId=28 commit by dnId=0475d2c2-d46f-403e-95a5-8ff1a5c32338 for containerID=#28 failed. Corresponding entry not found.
2021-08-15 14:03:34,979 [EventQueue-DeleteBlockStatusForDeletedBlockLogImpl] DEBUG block.DeletedBlockLogImpl (DeletedBlockLogImpl.java:isTransactionFailed(278)) - Got block deletion ACK from datanode, TXIDs=29, success=true
2021-08-15 14:03:34,979 [EventQueue-DeleteBlockStatusForDeletedBlockLogImpl] DEBUG block.DeletedBlockLogImpl (DeletedBlockLogImpl.java:commitTransactions(224)) - Transaction txId=29 commit by dnId=0475d2c2-d46f-403e-95a5-8ff1a5c32338 for containerID=#29 failed. Corresponding entry not found.
2021-08-15 14:03:34,979 [EventQueue-DeleteBlockStatusForDeletedBlockLogImpl] DEBUG block.DeletedBlockLogImpl (DeletedBlockLogImpl.java:isTransactionFailed(278)) - Got block deletion ACK from datanode, TXIDs=30, success=true
2021-08-15 14:03:34,979 [EventQueue-DeleteBlockStatusForDeletedBlockLogImpl] DEBUG block.DeletedBlockLogImpl (DeletedBlockLogImpl.java:commitTransactions(224)) - Transaction txId=30 commit by dnId=0475d2c2-d46f-403e-95a5-8ff1a5c32338 for containerID=#30 failed. Corresponding entry not found.
2021-08-15 14:03:34,979 [EventQueue-DeleteBlockStatusForDeletedBlockLogImpl] DEBUG block.DeletedBlockLogImpl (DeletedBlockLogImpl.java:isTransactionFailed(278)) - Got block deletion ACK from datanode, TXIDs=31, success=true
2021-08-15 14:03:34,979 [EventQueue-DeleteBlockStatusForDeletedBlockLogImpl] DEBUG block.DeletedBlockLogImpl (DeletedBlockLogImpl.java:commitTransactions(224)) - Transaction txId=31 commit by dnId=0475d2c2-d46f-403e-95a5-8ff1a5c32338 for containerID=#31 failed. Corresponding entry not found.
2021-08-15 14:03:34,979 [EventQueue-DeleteBlockStatusForDeletedBlockLogImpl] DEBUG block.DeletedBlockLogImpl (DeletedBlockLogImpl.java:isTransactionFailed(278)) - Got block deletion ACK from datanode, TXIDs=32, success=true
2021-08-15 14:03:34,979 [EventQueue-DeleteBlockStatusForDeletedBlockLogImpl] DEBUG block.DeletedBlockLogImpl (DeletedBlockLogImpl.java:commitTransactions(224)) - Transaction txId=32 commit by dnId=0475d2c2-d46f-403e-95a5-8ff1a5c32338 for containerID=#32 failed. Corresponding entry not found.
2021-08-15 14:03:34,979 [EventQueue-DeleteBlockStatusForDeletedBlockLogImpl] DEBUG block.DeletedBlockLogImpl (DeletedBlockLogImpl.java:isTransactionFailed(278)) - Got block deletion ACK from datanode, TXIDs=33, success=true
2021-08-15 14:03:34,979 [EventQueue-DeleteBlockStatusForDeletedBlockLogImpl] DEBUG block.DeletedBlockLogImpl (DeletedBlockLogImpl.java:commitTransactions(224)) - Transaction txId=33 commit by dnId=0475d2c2-d46f-403e-95a5-8ff1a5c32338 for containerID=#33 failed. Corresponding entry not found.
2021-08-15 14:03:34,979 [EventQueue-DeleteBlockStatusForDeletedBlockLogImpl] DEBUG block.DeletedBlockLogImpl (DeletedBlockLogImpl.java:isTransactionFailed(278)) - Got block deletion ACK from datanode, TXIDs=34, success=true
2021-08-15 14:03:34,979 [EventQueue-DeleteBlockStatusForDeletedBlockLogImpl] DEBUG block.DeletedBlockLogImpl (DeletedBlockLogImpl.java:commitTransactions(224)) - Transaction txId=34 commit by dnId=0475d2c2-d46f-403e-95a5-8ff1a5c32338 for containerID=#34 failed. Corresponding entry not found.
2021-08-15 14:03:34,979 [EventQueue-DeleteBlockStatusForDeletedBlockLogImpl] DEBUG block.DeletedBlockLogImpl (DeletedBlockLogImpl.java:isTransactionFailed(278)) - Got block deletion ACK from datanode, TXIDs=35, success=true
2021-08-15 14:03:34,979 [EventQueue-DeleteBlockStatusForDeletedBlockLogImpl] DEBUG block.DeletedBlockLogImpl (DeletedBlockLogImpl.java:commitTransactions(224)) - Transaction txId=35 commit by dnId=0475d2c2-d46f-403e-95a5-8ff1a5c32338 for containerID=#35 failed. Corresponding entry not found.
2021-08-15 14:03:34,979 [EventQueue-DeleteBlockStatusForDeletedBlockLogImpl] DEBUG block.DeletedBlockLogImpl (DeletedBlockLogImpl.java:isTransactionFailed(278)) - Got block deletion ACK from datanode, TXIDs=36, success=true
2021-08-15 14:03:34,979 [EventQueue-DeleteBlockStatusForDeletedBlockLogImpl] DEBUG block.DeletedBlockLogImpl (DeletedBlockLogImpl.java:commitTransactions(224)) - Transaction txId=36 commit by dnId=0475d2c2-d46f-403e-95a5-8ff1a5c32338 for containerID=#36 failed. Corresponding entry not found.
2021-08-15 14:03:34,979 [EventQueue-DeleteBlockStatusForDeletedBlockLogImpl] DEBUG block.DeletedBlockLogImpl (DeletedBlockLogImpl.java:isTransactionFailed(278)) - Got block deletion ACK from datanode, TXIDs=37, success=true
2021-08-15 14:03:34,979 [EventQueue-DeleteBlockStatusForDeletedBlockLogImpl] DEBUG block.DeletedBlockLogImpl (DeletedBlockLogImpl.java:commitTransactions(224)) - Transaction txId=37 commit by dnId=0475d2c2-d46f-403e-95a5-8ff1a5c32338 for containerID=#37 failed. Corresponding entry not found.
2021-08-15 14:03:34,979 [EventQueue-DeleteBlockStatusForDeletedBlockLogImpl] DEBUG block.DeletedBlockLogImpl (DeletedBlockLogImpl.java:isTransactionFailed(278)) - Got block deletion ACK from datanode, TXIDs=38, success=true
2021-08-15 14:03:34,980 [EventQueue-DeleteBlockStatusForDeletedBlockLogImpl] DEBUG block.DeletedBlockLogImpl (DeletedBlockLogImpl.java:commitTransactions(224)) - Transaction txId=38 commit by dnId=0475d2c2-d46f-403e-95a5-8ff1a5c32338 for containerID=#38 failed. Corresponding entry not found.
2021-08-15 14:03:34,980 [EventQueue-DeleteBlockStatusForDeletedBlockLogImpl] DEBUG block.DeletedBlockLogImpl (DeletedBlockLogImpl.java:isTransactionFailed(278)) - Got block deletion ACK from datanode, TXIDs=39, success=true
2021-08-15 14:03:34,980 [EventQueue-DeleteBlockStatusForDeletedBlockLogImpl] DEBUG block.DeletedBlockLogImpl (DeletedBlockLogImpl.java:commitTransactions(224)) - Transaction txId=39 commit by dnId=0475d2c2-d46f-403e-95a5-8ff1a5c32338 for containerID=#39 failed. Corresponding entry not found.
2021-08-15 14:03:34,980 [EventQueue-DeleteBlockStatusForDeletedBlockLogImpl] DEBUG block.DeletedBlockLogImpl (DeletedBlockLogImpl.java:isTransactionFailed(278)) - Got block deletion ACK from datanode, TXIDs=40, success=true
2021-08-15 14:03:34,980 [EventQueue-DeleteBlockStatusForDeletedBlockLogImpl] DEBUG block.DeletedBlockLogImpl (DeletedBlockLogImpl.java:commitTransactions(224)) - Transaction txId=40 commit by dnId=0475d2c2-d46f-403e-95a5-8ff1a5c32338 for containerID=#40 failed. Corresponding entry not found.
2021-08-15 14:03:34,980 [EventQueue-DeleteBlockStatusForDeletedBlockLogImpl] DEBUG block.DeletedBlockLogImpl (DeletedBlockLogImpl.java:isTransactionFailed(278)) - Got block deletion ACK from datanode, TXIDs=41, success=true
2021-08-15 14:03:34,980 [EventQueue-DeleteBlockStatusForDeletedBlockLogImpl] DEBUG block.DeletedBlockLogImpl (DeletedBlockLogImpl.java:commitTransactions(224)) - Transaction txId=41 commit by dnId=0475d2c2-d46f-403e-95a5-8ff1a5c32338 for containerID=#41 failed. Corresponding entry not found.
2021-08-15 14:03:34,980 [EventQueue-DeleteBlockStatusForDeletedBlockLogImpl] DEBUG block.DeletedBlockLogImpl (DeletedBlockLogImpl.java:isTransactionFailed(278)) - Got block deletion ACK from datanode, TXIDs=42, success=true
2021-08-15 14:03:34,980 [EventQueue-DeleteBlockStatusForDeletedBlockLogImpl] DEBUG block.DeletedBlockLogImpl (DeletedBlockLogImpl.java:commitTransactions(224)) - Transaction txId=42 commit by dnId=0475d2c2-d46f-403e-95a5-8ff1a5c32338 for containerID=#42 failed. Corresponding entry not found.
2021-08-15 14:03:34,980 [EventQueue-DeleteBlockStatusForDeletedBlockLogImpl] DEBUG block.DeletedBlockLogImpl (DeletedBlockLogImpl.java:isTransactionFailed(278)) - Got block deletion ACK from datanode, TXIDs=43, success=true
2021-08-15 14:03:34,980 [EventQueue-DeleteBlockStatusForDeletedBlockLogImpl] DEBUG block.DeletedBlockLogImpl (DeletedBlockLogImpl.java:commitTransactions(224)) - Transaction txId=43 commit by dnId=0475d2c2-d46f-403e-95a5-8ff1a5c32338 for containerID=#43 failed. Corresponding entry not found.
2021-08-15 14:03:34,980 [EventQueue-DeleteBlockStatusForDeletedBlockLogImpl] DEBUG block.DeletedBlockLogImpl (DeletedBlockLogImpl.java:isTransactionFailed(278)) - Got block deletion ACK from datanode, TXIDs=44, success=true
2021-08-15 14:03:34,980 [EventQueue-DeleteBlockStatusForDeletedBlockLogImpl] DEBUG block.DeletedBlockLogImpl (DeletedBlockLogImpl.java:commitTransactions(224)) - Transaction txId=44 commit by dnId=0475d2c2-d46f-403e-95a5-8ff1a5c32338 for containerID=#44 failed. Corresponding entry not found.
2021-08-15 14:03:34,980 [EventQueue-DeleteBlockStatusForDeletedBlockLogImpl] DEBUG block.DeletedBlockLogImpl (DeletedBlockLogImpl.java:isTransactionFailed(278)) - Got block deletion ACK from datanode, TXIDs=45, success=true
2021-08-15 14:03:34,980 [EventQueue-DeleteBlockStatusForDeletedBlockLogImpl] DEBUG block.DeletedBlockLogImpl (DeletedBlockLogImpl.java:commitTransactions(224)) - Transaction txId=45 commit by dnId=0475d2c2-d46f-403e-95a5-8ff1a5c32338 for containerID=#45 failed. Corresponding entry not found.
2021-08-15 14:03:34,980 [EventQueue-DeleteBlockStatusForDeletedBlockLogImpl] DEBUG block.DeletedBlockLogImpl (DeletedBlockLogImpl.java:isTransactionFailed(278)) - Got block deletion ACK from datanode, TXIDs=46, success=true
2021-08-15 14:03:34,980 [EventQueue-DeleteBlockStatusForDeletedBlockLogImpl] DEBUG block.DeletedBlockLogImpl (DeletedBlockLogImpl.java:commitTransactions(224)) - Transaction txId=46 commit by dnId=0475d2c2-d46f-403e-95a5-8ff1a5c32338 for containerID=#46 failed. Corresponding entry not found.
2021-08-15 14:03:34,980 [EventQueue-DeleteBlockStatusForDeletedBlockLogImpl] DEBUG block.DeletedBlockLogImpl (DeletedBlockLogImpl.java:isTransactionFailed(278)) - Got block deletion ACK from datanode, TXIDs=47, success=true
2021-08-15 14:03:34,980 [EventQueue-DeleteBlockStatusForDeletedBlockLogImpl] DEBUG block.DeletedBlockLogImpl (DeletedBlockLogImpl.java:commitTransactions(224)) - Transaction txId=47 commit by dnId=0475d2c2-d46f-403e-95a5-8ff1a5c32338 for containerID=#47 failed. Corresponding entry not found.
2021-08-15 14:03:34,980 [EventQueue-DeleteBlockStatusForDeletedBlockLogImpl] DEBUG block.DeletedBlockLogImpl (DeletedBlockLogImpl.java:isTransactionFailed(278)) - Got block deletion ACK from datanode, TXIDs=48, success=true
2021-08-15 14:03:34,980 [EventQueue-DeleteBlockStatusForDeletedBlockLogImpl] DEBUG block.DeletedBlockLogImpl (DeletedBlockLogImpl.java:commitTransactions(224)) - Transaction txId=48 commit by dnId=0475d2c2-d46f-403e-95a5-8ff1a5c32338 for containerID=#48 failed. Corresponding entry not found.
2021-08-15 14:03:34,980 [EventQueue-DeleteBlockStatusForDeletedBlockLogImpl] DEBUG block.DeletedBlockLogImpl (DeletedBlockLogImpl.java:isTransactionFailed(278)) - Got block deletion ACK from datanode, TXIDs=49, success=true
2021-08-15 14:03:34,980 [EventQueue-DeleteBlockStatusForDeletedBlockLogImpl] DEBUG block.DeletedBlockLogImpl (DeletedBlockLogImpl.java:commitTransactions(224)) - Transaction txId=49 commit by dnId=0475d2c2-d46f-403e-95a5-8ff1a5c32338 for containerID=#49 failed. Corresponding entry not found.
2021-08-15 14:03:34,980 [EventQueue-DeleteBlockStatusForDeletedBlockLogImpl] DEBUG block.DeletedBlockLogImpl (DeletedBlockLogImpl.java:isTransactionFailed(278)) - Got block deletion ACK from datanode, TXIDs=50, success=true
2021-08-15 14:03:34,980 [EventQueue-DeleteBlockStatusForDeletedBlockLogImpl] DEBUG block.DeletedBlockLogImpl (DeletedBlockLogImpl.java:commitTransactions(224)) - Transaction txId=50 commit by dnId=0475d2c2-d46f-403e-95a5-8ff1a5c32338 for containerID=#50 failed. Corresponding entry not found.
2021-08-15 14:03:34,980 [EventQueue-DeleteBlockStatusForDeletedBlockLogImpl] DEBUG block.DeletedBlockLogImpl (DeletedBlockLogImpl.java:isTransactionFailed(278)) - Got block deletion ACK from datanode, TXIDs=51, success=true
2021-08-15 14:03:34,980 [EventQueue-DeleteBlockStatusForDeletedBlockLogImpl] DEBUG block.DeletedBlockLogImpl (DeletedBlockLogImpl.java:commitTransactions(224)) - Transaction txId=51 commit by dnId=0475d2c2-d46f-403e-95a5-8ff1a5c32338 for containerID=#51 failed. Corresponding entry not found.
2021-08-15 14:03:34,980 [EventQueue-DeleteBlockStatusForDeletedBlockLogImpl] DEBUG block.DeletedBlockLogImpl (DeletedBlockLogImpl.java:isTransactionFailed(278)) - Got block deletion ACK from datanode, TXIDs=52, success=true
2021-08-15 14:03:34,980 [EventQueue-DeleteBlockStatusForDeletedBlockLogImpl] DEBUG block.DeletedBlockLogImpl (DeletedBlockLogImpl.java:commitTransactions(224)) - Transaction txId=52 commit by dnId=0475d2c2-d46f-403e-95a5-8ff1a5c32338 for containerID=#52 failed. Corresponding entry not found.
2021-08-15 14:03:34,980 [EventQueue-DeleteBlockStatusForDeletedBlockLogImpl] DEBUG block.DeletedBlockLogImpl (DeletedBlockLogImpl.java:isTransactionFailed(278)) - Got block deletion ACK from datanode, TXIDs=53, success=true
2021-08-15 14:03:34,980 [EventQueue-DeleteBlockStatusForDeletedBlockLogImpl] DEBUG block.DeletedBlockLogImpl (DeletedBlockLogImpl.java:commitTransactions(224)) - Transaction txId=53 commit by dnId=0475d2c2-d46f-403e-95a5-8ff1a5c32338 for containerID=#53 failed. Corresponding entry not found.
2021-08-15 14:03:34,980 [EventQueue-DeleteBlockStatusForDeletedBlockLogImpl] DEBUG block.DeletedBlockLogImpl (DeletedBlockLogImpl.java:isTransactionFailed(278)) - Got block deletion ACK from datanode, TXIDs=54, success=true
2021-08-15 14:03:34,980 [EventQueue-DeleteBlockStatusForDeletedBlockLogImpl] DEBUG block.DeletedBlockLogImpl (DeletedBlockLogImpl.java:commitTransactions(224)) - Transaction txId=54 commit by dnId=0475d2c2-d46f-403e-95a5-8ff1a5c32338 for containerID=#54 failed. Corresponding entry not found.
2021-08-15 14:03:34,980 [EventQueue-DeleteBlockStatusForDeletedBlockLogImpl] DEBUG block.DeletedBlockLogImpl (DeletedBlockLogImpl.java:isTransactionFailed(278)) - Got block deletion ACK from datanode, TXIDs=55, success=true
2021-08-15 14:03:34,980 [EventQueue-DeleteBlockStatusForDeletedBlockLogImpl] DEBUG block.DeletedBlockLogImpl (DeletedBlockLogImpl.java:commitTransactions(224)) - Transaction txId=55 commit by dnId=0475d2c2-d46f-403e-95a5-8ff1a5c32338 for containerID=#55 failed. Corresponding entry not found.
2021-08-15 14:03:34,980 [EventQueue-DeleteBlockStatusForDeletedBlockLogImpl] DEBUG block.DeletedBlockLogImpl (DeletedBlockLogImpl.java:isTransactionFailed(278)) - Got block deletion ACK from datanode, TXIDs=56, success=true
2021-08-15 14:03:34,980 [EventQueue-DeleteBlockStatusForDeletedBlockLogImpl] DEBUG block.DeletedBlockLogImpl (DeletedBlockLogImpl.java:commitTransactions(224)) - Transaction txId=56 commit by dnId=0475d2c2-d46f-403e-95a5-8ff1a5c32338 for containerID=#56 failed. Corresponding entry not found.
2021-08-15 14:03:34,986 [SCMBlockDeletingService#0] DEBUG block.SCMBlockDeletingService (SCMBlockDeletingService.java:call(133)) - Running DeletedBlockTransactionScanner
2021-08-15 14:03:35,086 [SCMBlockDeletingService#0] DEBUG block.SCMBlockDeletingService (SCMBlockDeletingService.java:call(133)) - Running DeletedBlockTransactionScanner
2021-08-15 14:03:35,186 [SCMBlockDeletingService#0] DEBUG block.SCMBlockDeletingService (SCMBlockDeletingService.java:call(133)) - Running DeletedBlockTransactionScanner
2021-08-15 14:03:35,288 [SCMBlockDeletingService#0] DEBUG block.SCMBlockDeletingService (SCMBlockDeletingService.java:call(133)) - Running DeletedBlockTransactionScanner
2021-08-15 14:03:35,388 [SCMBlockDeletingService#0] DEBUG block.SCMBlockDeletingService (SCMBlockDeletingService.java:call(133)) - Running DeletedBlockTransactionScanner
2021-08-15 14:03:35,489 [SCMBlockDeletingService#0] DEBUG block.SCMBlockDeletingService (SCMBlockDeletingService.java:call(133)) - Running DeletedBlockTransactionScanner
2021-08-15 14:03:35,591 [SCMBlockDeletingService#0] DEBUG block.SCMBlockDeletingService (SCMBlockDeletingService.java:call(133)) - Running DeletedBlockTransactionScanner
2021-08-15 14:03:35,691 [SCMBlockDeletingService#0] DEBUG block.SCMBlockDeletingService (SCMBlockDeletingService.java:call(133)) - Running DeletedBlockTransactionScanner
2021-08-15 14:03:35,743 [Listener at 127.0.0.1/41905] WARN  commandhandler.TestBlockDeletion (TestBlockDeletion.java:lambda$testBlockDeletion$3(251)) - Verify blocks deletion failed
java.lang.AssertionError: expected null, but was:<[blockId=conID: 28 locID: 107544261427200028 bcsId: 440, size=4194304]>
	at org.junit.Assert.fail(Assert.java:89)
	at org.junit.Assert.failNotNull(Assert.java:756)
	at org.junit.Assert.assertNull(Assert.java:738)
	at org.junit.Assert.assertNull(Assert.java:748)
	at org.apache.hadoop.ozone.container.common.statemachine.commandhandler.TestBlockDeletion.lambda$verifyBlocksDeleted$15(TestBlockDeletion.java:453)
	at org.apache.hadoop.ozone.OzoneTestUtils.performOperationOnKeyContainers(OzoneTestUtils.java:133)
	at org.apache.hadoop.ozone.container.common.statemachine.commandhandler.TestBlockDeletion.verifyBlocksDeleted(TestBlockDeletion.java:442)
	at org.apache.hadoop.ozone.container.common.statemachine.commandhandler.TestBlockDeletion.lambda$testBlockDeletion$3(TestBlockDeletion.java:248)
	at org.apache.ozone.test.GenericTestUtils.waitFor(GenericTestUtils.java:219)
	at org.apache.hadoop.ozone.container.common.statemachine.commandhandler.TestBlockDeletion.testBlockDeletion(TestBlockDeletion.java:246)
	at sun.reflect.NativeMethodAccessorImpl.invoke0(Native Method)
	at sun.reflect.NativeMethodAccessorImpl.invoke(NativeMethodAccessorImpl.java:62)
	at sun.reflect.DelegatingMethodAccessorImpl.invoke(DelegatingMethodAccessorImpl.java:43)
	at java.lang.reflect.Method.invoke(Method.java:498)
	at org.junit.runners.model.FrameworkMethod$1.runReflectiveCall(FrameworkMethod.java:59)
	at org.junit.internal.runners.model.ReflectiveCallable.run(ReflectiveCallable.java:12)
	at org.junit.runners.model.FrameworkMethod.invokeExplosively(FrameworkMethod.java:56)
	at org.junit.internal.runners.statements.InvokeMethod.evaluate(InvokeMethod.java:17)
	at org.junit.internal.runners.statements.RunBefores.evaluate(RunBefores.java:26)
	at org.junit.internal.runners.statements.RunAfters.evaluate(RunAfters.java:27)
	at org.junit.runners.ParentRunner$3.evaluate(ParentRunner.java:306)
	at org.junit.runners.BlockJUnit4ClassRunner$1.evaluate(BlockJUnit4ClassRunner.java:100)
	at org.junit.runners.ParentRunner.runLeaf(ParentRunner.java:366)
	at org.junit.runners.BlockJUnit4ClassRunner.runChild(BlockJUnit4ClassRunner.java:103)
	at org.junit.runners.BlockJUnit4ClassRunner.runChild(BlockJUnit4ClassRunner.java:63)
	at org.junit.runners.ParentRunner$4.run(ParentRunner.java:331)
	at org.junit.runners.ParentRunner$1.schedule(ParentRunner.java:79)
	at org.junit.runners.ParentRunner.runChildren(ParentRunner.java:329)
	at org.junit.runners.ParentRunner.access$100(ParentRunner.java:66)
	at org.junit.runners.ParentRunner$2.evaluate(ParentRunner.java:293)
	at org.junit.runners.ParentRunner$3.evaluate(ParentRunner.java:306)
	at org.junit.runners.ParentRunner.run(ParentRunner.java:413)
	at org.junit.runner.JUnitCore.run(JUnitCore.java:137)
	at org.junit.runner.JUnitCore.run(JUnitCore.java:115)
	at org.junit.vintage.engine.execution.RunnerExecutor.execute(RunnerExecutor.java:43)
	at java.util.stream.ForEachOps$ForEachOp$OfRef.accept(ForEachOps.java:183)
	at java.util.stream.ReferencePipeline$3$1.accept(ReferencePipeline.java:193)
	at java.util.Iterator.forEachRemaining(Iterator.java:116)
	at java.util.Spliterators$IteratorSpliterator.forEachRemaining(Spliterators.java:1801)
	at java.util.stream.AbstractPipeline.copyInto(AbstractPipeline.java:482)
	at java.util.stream.AbstractPipeline.wrapAndCopyInto(AbstractPipeline.java:472)
	at java.util.stream.ForEachOps$ForEachOp.evaluateSequential(ForEachOps.java:150)
	at java.util.stream.ForEachOps$ForEachOp$OfRef.evaluateSequential(ForEachOps.java:173)
	at java.util.stream.AbstractPipeline.evaluate(AbstractPipeline.java:234)
	at java.util.stream.ReferencePipeline.forEach(ReferencePipeline.java:485)
	at org.junit.vintage.engine.VintageTestEngine.executeAllChildren(VintageTestEngine.java:82)
	at org.junit.vintage.engine.VintageTestEngine.execute(VintageTestEngine.java:73)
	at org.junit.platform.launcher.core.EngineExecutionOrchestrator.execute(EngineExecutionOrchestrator.java:108)
	at org.junit.platform.launcher.core.EngineExecutionOrchestrator.execute(EngineExecutionOrchestrator.java:88)
	at org.junit.platform.launcher.core.EngineExecutionOrchestrator.lambda$execute$0(EngineExecutionOrchestrator.java:54)
	at org.junit.platform.launcher.core.EngineExecutionOrchestrator.withInterceptedStreams(EngineExecutionOrchestrator.java:67)
	at org.junit.platform.launcher.core.EngineExecutionOrchestrator.execute(EngineExecutionOrchestrator.java:52)
	at org.junit.platform.launcher.core.DefaultLauncher.execute(DefaultLauncher.java:96)
	at org.junit.platform.launcher.core.DefaultLauncher.execute(DefaultLauncher.java:75)
	at org.apache.maven.surefire.junitplatform.JUnitPlatformProvider.invokeAllTests(JUnitPlatformProvider.java:142)
	at org.apache.maven.surefire.junitplatform.JUnitPlatformProvider.invoke(JUnitPlatformProvider.java:113)
	at org.apache.maven.surefire.booter.ForkedBooter.invokeProviderInSameClassLoader(ForkedBooter.java:384)
	at org.apache.maven.surefire.booter.ForkedBooter.runSuitesInProcess(ForkedBooter.java:345)
	at org.apache.maven.surefire.booter.ForkedBooter.execute(ForkedBooter.java:126)
	at org.apache.maven.surefire.booter.ForkedBooter.main(ForkedBooter.java:418)
2021-08-15 14:03:35,791 [SCMBlockDeletingService#0] DEBUG block.SCMBlockDeletingService (SCMBlockDeletingService.java:call(133)) - Running DeletedBlockTransactionScanner
2021-08-15 14:03:35,891 [SCMBlockDeletingService#0] DEBUG block.SCMBlockDeletingService (SCMBlockDeletingService.java:call(133)) - Running DeletedBlockTransactionScanner
2021-08-15 14:03:35,991 [SCMBlockDeletingService#0] DEBUG block.SCMBlockDeletingService (SCMBlockDeletingService.java:call(133)) - Running DeletedBlockTransactionScanner
2021-08-15 14:03:36,091 [SCMBlockDeletingService#0] DEBUG block.SCMBlockDeletingService (SCMBlockDeletingService.java:call(133)) - Running DeletedBlockTransactionScanner
2021-08-15 14:03:36,191 [SCMBlockDeletingService#0] DEBUG block.SCMBlockDeletingService (SCMBlockDeletingService.java:call(133)) - Running DeletedBlockTransactionScanner
2021-08-15 14:03:36,292 [SCMBlockDeletingService#0] DEBUG block.SCMBlockDeletingService (SCMBlockDeletingService.java:call(133)) - Running DeletedBlockTransactionScanner
2021-08-15 14:03:36,392 [SCMBlockDeletingService#0] DEBUG block.SCMBlockDeletingService (SCMBlockDeletingService.java:call(133)) - Running DeletedBlockTransactionScanner
2021-08-15 14:03:36,492 [SCMBlockDeletingService#0] DEBUG block.SCMBlockDeletingService (SCMBlockDeletingService.java:call(133)) - Running DeletedBlockTransactionScanner
2021-08-15 14:03:36,592 [SCMBlockDeletingService#0] DEBUG block.SCMBlockDeletingService (SCMBlockDeletingService.java:call(133)) - Running DeletedBlockTransactionScanner
2021-08-15 14:03:36,692 [SCMBlockDeletingService#0] DEBUG block.SCMBlockDeletingService (SCMBlockDeletingService.java:call(133)) - Running DeletedBlockTransactionScanner
2021-08-15 14:03:36,792 [SCMBlockDeletingService#0] DEBUG block.SCMBlockDeletingService (SCMBlockDeletingService.java:call(133)) - Running DeletedBlockTransactionScanner
2021-08-15 14:03:36,892 [SCMBlockDeletingService#0] DEBUG block.SCMBlockDeletingService (SCMBlockDeletingService.java:call(133)) - Running DeletedBlockTransactionScanner
2021-08-15 14:03:36,992 [SCMBlockDeletingService#0] DEBUG block.SCMBlockDeletingService (SCMBlockDeletingService.java:call(133)) - Running DeletedBlockTransactionScanner
2021-08-15 14:03:37,092 [SCMBlockDeletingService#0] DEBUG block.SCMBlockDeletingService (SCMBlockDeletingService.java:call(133)) - Running DeletedBlockTransactionScanner
2021-08-15 14:03:37,192 [SCMBlockDeletingService#0] DEBUG block.SCMBlockDeletingService (SCMBlockDeletingService.java:call(133)) - Running DeletedBlockTransactionScanner
2021-08-15 14:03:37,292 [SCMBlockDeletingService#0] DEBUG block.SCMBlockDeletingService (SCMBlockDeletingService.java:call(133)) - Running DeletedBlockTransactionScanner
2021-08-15 14:03:37,392 [SCMBlockDeletingService#0] DEBUG block.SCMBlockDeletingService (SCMBlockDeletingService.java:call(133)) - Running DeletedBlockTransactionScanner
2021-08-15 14:03:37,493 [SCMBlockDeletingService#0] DEBUG block.SCMBlockDeletingService (SCMBlockDeletingService.java:call(133)) - Running DeletedBlockTransactionScanner
2021-08-15 14:03:37,593 [SCMBlockDeletingService#0] DEBUG block.SCMBlockDeletingService (SCMBlockDeletingService.java:call(133)) - Running DeletedBlockTransactionScanner
2021-08-15 14:03:37,693 [SCMBlockDeletingService#0] DEBUG block.SCMBlockDeletingService (SCMBlockDeletingService.java:call(133)) - Running DeletedBlockTransactionScanner
2021-08-15 14:03:37,744 [Listener at 127.0.0.1/41905] WARN  commandhandler.TestBlockDeletion (TestBlockDeletion.java:lambda$testBlockDeletion$3(251)) - Verify blocks deletion failed
java.lang.AssertionError: expected null, but was:<[blockId=conID: 28 locID: 107544261427200028 bcsId: 440, size=4194304]>
	at org.junit.Assert.fail(Assert.java:89)
	at org.junit.Assert.failNotNull(Assert.java:756)
	at org.junit.Assert.assertNull(Assert.java:738)
	at org.junit.Assert.assertNull(Assert.java:748)
	at org.apache.hadoop.ozone.container.common.statemachine.commandhandler.TestBlockDeletion.lambda$verifyBlocksDeleted$15(TestBlockDeletion.java:453)
	at org.apache.hadoop.ozone.OzoneTestUtils.performOperationOnKeyContainers(OzoneTestUtils.java:133)
	at org.apache.hadoop.ozone.container.common.statemachine.commandhandler.TestBlockDeletion.verifyBlocksDeleted(TestBlockDeletion.java:442)
	at org.apache.hadoop.ozone.container.common.statemachine.commandhandler.TestBlockDeletion.lambda$testBlockDeletion$3(TestBlockDeletion.java:248)
	at org.apache.ozone.test.GenericTestUtils.waitFor(GenericTestUtils.java:219)
	at org.apache.hadoop.ozone.container.common.statemachine.commandhandler.TestBlockDeletion.testBlockDeletion(TestBlockDeletion.java:246)
	at sun.reflect.NativeMethodAccessorImpl.invoke0(Native Method)
	at sun.reflect.NativeMethodAccessorImpl.invoke(NativeMethodAccessorImpl.java:62)
	at sun.reflect.DelegatingMethodAccessorImpl.invoke(DelegatingMethodAccessorImpl.java:43)
	at java.lang.reflect.Method.invoke(Method.java:498)
	at org.junit.runners.model.FrameworkMethod$1.runReflectiveCall(FrameworkMethod.java:59)
	at org.junit.internal.runners.model.ReflectiveCallable.run(ReflectiveCallable.java:12)
	at org.junit.runners.model.FrameworkMethod.invokeExplosively(FrameworkMethod.java:56)
	at org.junit.internal.runners.statements.InvokeMethod.evaluate(InvokeMethod.java:17)
	at org.junit.internal.runners.statements.RunBefores.evaluate(RunBefores.java:26)
	at org.junit.internal.runners.statements.RunAfters.evaluate(RunAfters.java:27)
	at org.junit.runners.ParentRunner$3.evaluate(ParentRunner.java:306)
	at org.junit.runners.BlockJUnit4ClassRunner$1.evaluate(BlockJUnit4ClassRunner.java:100)
	at org.junit.runners.ParentRunner.runLeaf(ParentRunner.java:366)
	at org.junit.runners.BlockJUnit4ClassRunner.runChild(BlockJUnit4ClassRunner.java:103)
	at org.junit.runners.BlockJUnit4ClassRunner.runChild(BlockJUnit4ClassRunner.java:63)
	at org.junit.runners.ParentRunner$4.run(ParentRunner.java:331)
	at org.junit.runners.ParentRunner$1.schedule(ParentRunner.java:79)
	at org.junit.runners.ParentRunner.runChildren(ParentRunner.java:329)
	at org.junit.runners.ParentRunner.access$100(ParentRunner.java:66)
	at org.junit.runners.ParentRunner$2.evaluate(ParentRunner.java:293)
	at org.junit.runners.ParentRunner$3.evaluate(ParentRunner.java:306)
	at org.junit.runners.ParentRunner.run(ParentRunner.java:413)
	at org.junit.runner.JUnitCore.run(JUnitCore.java:137)
	at org.junit.runner.JUnitCore.run(JUnitCore.java:115)
	at org.junit.vintage.engine.execution.RunnerExecutor.execute(RunnerExecutor.java:43)
	at java.util.stream.ForEachOps$ForEachOp$OfRef.accept(ForEachOps.java:183)
	at java.util.stream.ReferencePipeline$3$1.accept(ReferencePipeline.java:193)
	at java.util.Iterator.forEachRemaining(Iterator.java:116)
	at java.util.Spliterators$IteratorSpliterator.forEachRemaining(Spliterators.java:1801)
	at java.util.stream.AbstractPipeline.copyInto(AbstractPipeline.java:482)
	at java.util.stream.AbstractPipeline.wrapAndCopyInto(AbstractPipeline.java:472)
	at java.util.stream.ForEachOps$ForEachOp.evaluateSequential(ForEachOps.java:150)
	at java.util.stream.ForEachOps$ForEachOp$OfRef.evaluateSequential(ForEachOps.java:173)
	at java.util.stream.AbstractPipeline.evaluate(AbstractPipeline.java:234)
	at java.util.stream.ReferencePipeline.forEach(ReferencePipeline.java:485)
	at org.junit.vintage.engine.VintageTestEngine.executeAllChildren(VintageTestEngine.java:82)
	at org.junit.vintage.engine.VintageTestEngine.execute(VintageTestEngine.java:73)
	at org.junit.platform.launcher.core.EngineExecutionOrchestrator.execute(EngineExecutionOrchestrator.java:108)
	at org.junit.platform.launcher.core.EngineExecutionOrchestrator.execute(EngineExecutionOrchestrator.java:88)
	at org.junit.platform.launcher.core.EngineExecutionOrchestrator.lambda$execute$0(EngineExecutionOrchestrator.java:54)
	at org.junit.platform.launcher.core.EngineExecutionOrchestrator.withInterceptedStreams(EngineExecutionOrchestrator.java:67)
	at org.junit.platform.launcher.core.EngineExecutionOrchestrator.execute(EngineExecutionOrchestrator.java:52)
	at org.junit.platform.launcher.core.DefaultLauncher.execute(DefaultLauncher.java:96)
	at org.junit.platform.launcher.core.DefaultLauncher.execute(DefaultLauncher.java:75)
	at org.apache.maven.surefire.junitplatform.JUnitPlatformProvider.invokeAllTests(JUnitPlatformProvider.java:142)
	at org.apache.maven.surefire.junitplatform.JUnitPlatformProvider.invoke(JUnitPlatformProvider.java:113)
	at org.apache.maven.surefire.booter.ForkedBooter.invokeProviderInSameClassLoader(ForkedBooter.java:384)
	at org.apache.maven.surefire.booter.ForkedBooter.runSuitesInProcess(ForkedBooter.java:345)
	at org.apache.maven.surefire.booter.ForkedBooter.execute(ForkedBooter.java:126)
	at org.apache.maven.surefire.booter.ForkedBooter.main(ForkedBooter.java:418)
2021-08-15 14:03:37,793 [SCMBlockDeletingService#0] DEBUG block.SCMBlockDeletingService (SCMBlockDeletingService.java:call(133)) - Running DeletedBlockTransactionScanner
2021-08-15 14:03:37,893 [SCMBlockDeletingService#0] DEBUG block.SCMBlockDeletingService (SCMBlockDeletingService.java:call(133)) - Running DeletedBlockTransactionScanner
2021-08-15 14:03:37,993 [SCMBlockDeletingService#0] DEBUG block.SCMBlockDeletingService (SCMBlockDeletingService.java:call(133)) - Running DeletedBlockTransactionScanner
2021-08-15 14:03:38,093 [SCMBlockDeletingService#0] DEBUG block.SCMBlockDeletingService (SCMBlockDeletingService.java:call(133)) - Running DeletedBlockTransactionScanner
2021-08-15 14:03:38,193 [SCMBlockDeletingService#0] DEBUG block.SCMBlockDeletingService (SCMBlockDeletingService.java:call(133)) - Running DeletedBlockTransactionScanner
2021-08-15 14:03:38,293 [SCMBlockDeletingService#0] DEBUG block.SCMBlockDeletingService (SCMBlockDeletingService.java:call(133)) - Running DeletedBlockTransactionScanner
2021-08-15 14:03:38,393 [SCMBlockDeletingService#0] DEBUG block.SCMBlockDeletingService (SCMBlockDeletingService.java:call(133)) - Running DeletedBlockTransactionScanner
2021-08-15 14:03:38,494 [SCMBlockDeletingService#0] DEBUG block.SCMBlockDeletingService (SCMBlockDeletingService.java:call(133)) - Running DeletedBlockTransactionScanner
2021-08-15 14:03:38,594 [SCMBlockDeletingService#0] DEBUG block.SCMBlockDeletingService (SCMBlockDeletingService.java:call(133)) - Running DeletedBlockTransactionScanner
2021-08-15 14:03:38,694 [SCMBlockDeletingService#0] DEBUG block.SCMBlockDeletingService (SCMBlockDeletingService.java:call(133)) - Running DeletedBlockTransactionScanner
2021-08-15 14:03:38,795 [SCMBlockDeletingService#0] DEBUG block.SCMBlockDeletingService (SCMBlockDeletingService.java:call(133)) - Running DeletedBlockTransactionScanner
2021-08-15 14:03:38,895 [SCMBlockDeletingService#0] DEBUG block.SCMBlockDeletingService (SCMBlockDeletingService.java:call(133)) - Running DeletedBlockTransactionScanner
2021-08-15 14:03:38,995 [SCMBlockDeletingService#0] DEBUG block.SCMBlockDeletingService (SCMBlockDeletingService.java:call(133)) - Running DeletedBlockTransactionScanner
2021-08-15 14:03:39,095 [SCMBlockDeletingService#0] DEBUG block.SCMBlockDeletingService (SCMBlockDeletingService.java:call(133)) - Running DeletedBlockTransactionScanner
2021-08-15 14:03:39,195 [SCMBlockDeletingService#0] DEBUG block.SCMBlockDeletingService (SCMBlockDeletingService.java:call(133)) - Running DeletedBlockTransactionScanner
2021-08-15 14:03:39,295 [SCMBlockDeletingService#0] DEBUG block.SCMBlockDeletingService (SCMBlockDeletingService.java:call(133)) - Running DeletedBlockTransactionScanner
2021-08-15 14:03:39,395 [SCMBlockDeletingService#0] DEBUG block.SCMBlockDeletingService (SCMBlockDeletingService.java:call(133)) - Running DeletedBlockTransactionScanner
2021-08-15 14:03:39,495 [SCMBlockDeletingService#0] DEBUG block.SCMBlockDeletingService (SCMBlockDeletingService.java:call(133)) - Running DeletedBlockTransactionScanner
2021-08-15 14:03:39,595 [SCMBlockDeletingService#0] DEBUG block.SCMBlockDeletingService (SCMBlockDeletingService.java:call(133)) - Running DeletedBlockTransactionScanner
2021-08-15 14:03:39,695 [SCMBlockDeletingService#0] DEBUG block.SCMBlockDeletingService (SCMBlockDeletingService.java:call(133)) - Running DeletedBlockTransactionScanner
2021-08-15 14:03:39,745 [Listener at 127.0.0.1/41905] WARN  commandhandler.TestBlockDeletion (TestBlockDeletion.java:lambda$testBlockDeletion$3(251)) - Verify blocks deletion failed
java.lang.AssertionError: expected null, but was:<[blockId=conID: 28 locID: 107544261427200028 bcsId: 440, size=4194304]>
	at org.junit.Assert.fail(Assert.java:89)
	at org.junit.Assert.failNotNull(Assert.java:756)
	at org.junit.Assert.assertNull(Assert.java:738)
	at org.junit.Assert.assertNull(Assert.java:748)
	at org.apache.hadoop.ozone.container.common.statemachine.commandhandler.TestBlockDeletion.lambda$verifyBlocksDeleted$15(TestBlockDeletion.java:453)
	at org.apache.hadoop.ozone.OzoneTestUtils.performOperationOnKeyContainers(OzoneTestUtils.java:133)
	at org.apache.hadoop.ozone.container.common.statemachine.commandhandler.TestBlockDeletion.verifyBlocksDeleted(TestBlockDeletion.java:442)
	at org.apache.hadoop.ozone.container.common.statemachine.commandhandler.TestBlockDeletion.lambda$testBlockDeletion$3(TestBlockDeletion.java:248)
	at org.apache.ozone.test.GenericTestUtils.waitFor(GenericTestUtils.java:219)
	at org.apache.hadoop.ozone.container.common.statemachine.commandhandler.TestBlockDeletion.testBlockDeletion(TestBlockDeletion.java:246)
	at sun.reflect.NativeMethodAccessorImpl.invoke0(Native Method)
	at sun.reflect.NativeMethodAccessorImpl.invoke(NativeMethodAccessorImpl.java:62)
	at sun.reflect.DelegatingMethodAccessorImpl.invoke(DelegatingMethodAccessorImpl.java:43)
	at java.lang.reflect.Method.invoke(Method.java:498)
	at org.junit.runners.model.FrameworkMethod$1.runReflectiveCall(FrameworkMethod.java:59)
	at org.junit.internal.runners.model.ReflectiveCallable.run(ReflectiveCallable.java:12)
	at org.junit.runners.model.FrameworkMethod.invokeExplosively(FrameworkMethod.java:56)
	at org.junit.internal.runners.statements.InvokeMethod.evaluate(InvokeMethod.java:17)
	at org.junit.internal.runners.statements.RunBefores.evaluate(RunBefores.java:26)
	at org.junit.internal.runners.statements.RunAfters.evaluate(RunAfters.java:27)
	at org.junit.runners.ParentRunner$3.evaluate(ParentRunner.java:306)
	at org.junit.runners.BlockJUnit4ClassRunner$1.evaluate(BlockJUnit4ClassRunner.java:100)
	at org.junit.runners.ParentRunner.runLeaf(ParentRunner.java:366)
	at org.junit.runners.BlockJUnit4ClassRunner.runChild(BlockJUnit4ClassRunner.java:103)
	at org.junit.runners.BlockJUnit4ClassRunner.runChild(BlockJUnit4ClassRunner.java:63)
	at org.junit.runners.ParentRunner$4.run(ParentRunner.java:331)
	at org.junit.runners.ParentRunner$1.schedule(ParentRunner.java:79)
	at org.junit.runners.ParentRunner.runChildren(ParentRunner.java:329)
	at org.junit.runners.ParentRunner.access$100(ParentRunner.java:66)
	at org.junit.runners.ParentRunner$2.evaluate(ParentRunner.java:293)
	at org.junit.runners.ParentRunner$3.evaluate(ParentRunner.java:306)
	at org.junit.runners.ParentRunner.run(ParentRunner.java:413)
	at org.junit.runner.JUnitCore.run(JUnitCore.java:137)
	at org.junit.runner.JUnitCore.run(JUnitCore.java:115)
	at org.junit.vintage.engine.execution.RunnerExecutor.execute(RunnerExecutor.java:43)
	at java.util.stream.ForEachOps$ForEachOp$OfRef.accept(ForEachOps.java:183)
	at java.util.stream.ReferencePipeline$3$1.accept(ReferencePipeline.java:193)
	at java.util.Iterator.forEachRemaining(Iterator.java:116)
	at java.util.Spliterators$IteratorSpliterator.forEachRemaining(Spliterators.java:1801)
	at java.util.stream.AbstractPipeline.copyInto(AbstractPipeline.java:482)
	at java.util.stream.AbstractPipeline.wrapAndCopyInto(AbstractPipeline.java:472)
	at java.util.stream.ForEachOps$ForEachOp.evaluateSequential(ForEachOps.java:150)
	at java.util.stream.ForEachOps$ForEachOp$OfRef.evaluateSequential(ForEachOps.java:173)
	at java.util.stream.AbstractPipeline.evaluate(AbstractPipeline.java:234)
	at java.util.stream.ReferencePipeline.forEach(ReferencePipeline.java:485)
	at org.junit.vintage.engine.VintageTestEngine.executeAllChildren(VintageTestEngine.java:82)
	at org.junit.vintage.engine.VintageTestEngine.execute(VintageTestEngine.java:73)
	at org.junit.platform.launcher.core.EngineExecutionOrchestrator.execute(EngineExecutionOrchestrator.java:108)
	at org.junit.platform.launcher.core.EngineExecutionOrchestrator.execute(EngineExecutionOrchestrator.java:88)
	at org.junit.platform.launcher.core.EngineExecutionOrchestrator.lambda$execute$0(EngineExecutionOrchestrator.java:54)
	at org.junit.platform.launcher.core.EngineExecutionOrchestrator.withInterceptedStreams(EngineExecutionOrchestrator.java:67)
	at org.junit.platform.launcher.core.EngineExecutionOrchestrator.execute(EngineExecutionOrchestrator.java:52)
	at org.junit.platform.launcher.core.DefaultLauncher.execute(DefaultLauncher.java:96)
	at org.junit.platform.launcher.core.DefaultLauncher.execute(DefaultLauncher.java:75)
	at org.apache.maven.surefire.junitplatform.JUnitPlatformProvider.invokeAllTests(JUnitPlatformProvider.java:142)
	at org.apache.maven.surefire.junitplatform.JUnitPlatformProvider.invoke(JUnitPlatformProvider.java:113)
	at org.apache.maven.surefire.booter.ForkedBooter.invokeProviderInSameClassLoader(ForkedBooter.java:384)
	at org.apache.maven.surefire.booter.ForkedBooter.runSuitesInProcess(ForkedBooter.java:345)
	at org.apache.maven.surefire.booter.ForkedBooter.execute(ForkedBooter.java:126)
	at org.apache.maven.surefire.booter.ForkedBooter.main(ForkedBooter.java:418)
2021-08-15 14:03:39,796 [SCMBlockDeletingService#0] DEBUG block.SCMBlockDeletingService (SCMBlockDeletingService.java:call(133)) - Running DeletedBlockTransactionScanner
2021-08-15 14:03:39,896 [SCMBlockDeletingService#0] DEBUG block.SCMBlockDeletingService (SCMBlockDeletingService.java:call(133)) - Running DeletedBlockTransactionScanner
2021-08-15 14:03:39,996 [SCMBlockDeletingService#0] DEBUG block.SCMBlockDeletingService (SCMBlockDeletingService.java:call(133)) - Running DeletedBlockTransactionScanner
2021-08-15 14:03:40,096 [SCMBlockDeletingService#0] DEBUG block.SCMBlockDeletingService (SCMBlockDeletingService.java:call(133)) - Running DeletedBlockTransactionScanner
2021-08-15 14:03:40,200 [SCMBlockDeletingService#0] DEBUG block.SCMBlockDeletingService (SCMBlockDeletingService.java:call(133)) - Running DeletedBlockTransactionScanner
2021-08-15 14:03:40,303 [SCMBlockDeletingService#0] DEBUG block.SCMBlockDeletingService (SCMBlockDeletingService.java:call(133)) - Running DeletedBlockTransactionScanner
2021-08-15 14:03:40,403 [SCMBlockDeletingService#0] DEBUG block.SCMBlockDeletingService (SCMBlockDeletingService.java:call(133)) - Running DeletedBlockTransactionScanner
2021-08-15 14:03:40,503 [SCMBlockDeletingService#0] DEBUG block.SCMBlockDeletingService (SCMBlockDeletingService.java:call(133)) - Running DeletedBlockTransactionScanner
2021-08-15 14:03:40,603 [SCMBlockDeletingService#0] DEBUG block.SCMBlockDeletingService (SCMBlockDeletingService.java:call(133)) - Running DeletedBlockTransactionScanner
2021-08-15 14:03:40,703 [SCMBlockDeletingService#0] DEBUG block.SCMBlockDeletingService (SCMBlockDeletingService.java:call(133)) - Running DeletedBlockTransactionScanner
2021-08-15 14:03:40,803 [SCMBlockDeletingService#0] DEBUG block.SCMBlockDeletingService (SCMBlockDeletingService.java:call(133)) - Running DeletedBlockTransactionScanner
2021-08-15 14:03:40,903 [SCMBlockDeletingService#0] DEBUG block.SCMBlockDeletingService (SCMBlockDeletingService.java:call(133)) - Running DeletedBlockTransactionScanner
2021-08-15 14:03:41,003 [SCMBlockDeletingService#0] DEBUG block.SCMBlockDeletingService (SCMBlockDeletingService.java:call(133)) - Running DeletedBlockTransactionScanner
2021-08-15 14:03:41,103 [SCMBlockDeletingService#0] DEBUG block.SCMBlockDeletingService (SCMBlockDeletingService.java:call(133)) - Running DeletedBlockTransactionScanner
2021-08-15 14:03:41,204 [SCMBlockDeletingService#0] DEBUG block.SCMBlockDeletingService (SCMBlockDeletingService.java:call(133)) - Running DeletedBlockTransactionScanner
2021-08-15 14:03:41,304 [SCMBlockDeletingService#0] DEBUG block.SCMBlockDeletingService (SCMBlockDeletingService.java:call(133)) - Running DeletedBlockTransactionScanner
2021-08-15 14:03:41,404 [SCMBlockDeletingService#0] DEBUG block.SCMBlockDeletingService (SCMBlockDeletingService.java:call(133)) - Running DeletedBlockTransactionScanner
2021-08-15 14:03:41,504 [SCMBlockDeletingService#0] DEBUG block.SCMBlockDeletingService (SCMBlockDeletingService.java:call(133)) - Running DeletedBlockTransactionScanner
2021-08-15 14:03:41,604 [SCMBlockDeletingService#0] DEBUG block.SCMBlockDeletingService (SCMBlockDeletingService.java:call(133)) - Running DeletedBlockTransactionScanner
2021-08-15 14:03:41,704 [SCMBlockDeletingService#0] DEBUG block.SCMBlockDeletingService (SCMBlockDeletingService.java:call(133)) - Running DeletedBlockTransactionScanner
2021-08-15 14:03:41,761 [Listener at 127.0.0.1/41905] WARN  commandhandler.TestBlockDeletion (TestBlockDeletion.java:lambda$testBlockDeletion$3(251)) - Verify blocks deletion failed
java.lang.AssertionError: expected null, but was:<[blockId=conID: 28 locID: 107544261427200028 bcsId: 440, size=4194304]>
	at org.junit.Assert.fail(Assert.java:89)
	at org.junit.Assert.failNotNull(Assert.java:756)
	at org.junit.Assert.assertNull(Assert.java:738)
	at org.junit.Assert.assertNull(Assert.java:748)
	at org.apache.hadoop.ozone.container.common.statemachine.commandhandler.TestBlockDeletion.lambda$verifyBlocksDeleted$15(TestBlockDeletion.java:453)
	at org.apache.hadoop.ozone.OzoneTestUtils.performOperationOnKeyContainers(OzoneTestUtils.java:133)
	at org.apache.hadoop.ozone.container.common.statemachine.commandhandler.TestBlockDeletion.verifyBlocksDeleted(TestBlockDeletion.java:442)
	at org.apache.hadoop.ozone.container.common.statemachine.commandhandler.TestBlockDeletion.lambda$testBlockDeletion$3(TestBlockDeletion.java:248)
	at org.apache.ozone.test.GenericTestUtils.waitFor(GenericTestUtils.java:219)
	at org.apache.hadoop.ozone.container.common.statemachine.commandhandler.TestBlockDeletion.testBlockDeletion(TestBlockDeletion.java:246)
	at sun.reflect.NativeMethodAccessorImpl.invoke0(Native Method)
	at sun.reflect.NativeMethodAccessorImpl.invoke(NativeMethodAccessorImpl.java:62)
	at sun.reflect.DelegatingMethodAccessorImpl.invoke(DelegatingMethodAccessorImpl.java:43)
	at java.lang.reflect.Method.invoke(Method.java:498)
	at org.junit.runners.model.FrameworkMethod$1.runReflectiveCall(FrameworkMethod.java:59)
	at org.junit.internal.runners.model.ReflectiveCallable.run(ReflectiveCallable.java:12)
	at org.junit.runners.model.FrameworkMethod.invokeExplosively(FrameworkMethod.java:56)
	at org.junit.internal.runners.statements.InvokeMethod.evaluate(InvokeMethod.java:17)
	at org.junit.internal.runners.statements.RunBefores.evaluate(RunBefores.java:26)
	at org.junit.internal.runners.statements.RunAfters.evaluate(RunAfters.java:27)
	at org.junit.runners.ParentRunner$3.evaluate(ParentRunner.java:306)
	at org.junit.runners.BlockJUnit4ClassRunner$1.evaluate(BlockJUnit4ClassRunner.java:100)
	at org.junit.runners.ParentRunner.runLeaf(ParentRunner.java:366)
	at org.junit.runners.BlockJUnit4ClassRunner.runChild(BlockJUnit4ClassRunner.java:103)
	at org.junit.runners.BlockJUnit4ClassRunner.runChild(BlockJUnit4ClassRunner.java:63)
	at org.junit.runners.ParentRunner$4.run(ParentRunner.java:331)
	at org.junit.runners.ParentRunner$1.schedule(ParentRunner.java:79)
	at org.junit.runners.ParentRunner.runChildren(ParentRunner.java:329)
	at org.junit.runners.ParentRunner.access$100(ParentRunner.java:66)
	at org.junit.runners.ParentRunner$2.evaluate(ParentRunner.java:293)
	at org.junit.runners.ParentRunner$3.evaluate(ParentRunner.java:306)
	at org.junit.runners.ParentRunner.run(ParentRunner.java:413)
	at org.junit.runner.JUnitCore.run(JUnitCore.java:137)
	at org.junit.runner.JUnitCore.run(JUnitCore.java:115)
	at org.junit.vintage.engine.execution.RunnerExecutor.execute(RunnerExecutor.java:43)
	at java.util.stream.ForEachOps$ForEachOp$OfRef.accept(ForEachOps.java:183)
	at java.util.stream.ReferencePipeline$3$1.accept(ReferencePipeline.java:193)
	at java.util.Iterator.forEachRemaining(Iterator.java:116)
	at java.util.Spliterators$IteratorSpliterator.forEachRemaining(Spliterators.java:1801)
	at java.util.stream.AbstractPipeline.copyInto(AbstractPipeline.java:482)
	at java.util.stream.AbstractPipeline.wrapAndCopyInto(AbstractPipeline.java:472)
	at java.util.stream.ForEachOps$ForEachOp.evaluateSequential(ForEachOps.java:150)
	at java.util.stream.ForEachOps$ForEachOp$OfRef.evaluateSequential(ForEachOps.java:173)
	at java.util.stream.AbstractPipeline.evaluate(AbstractPipeline.java:234)
	at java.util.stream.ReferencePipeline.forEach(ReferencePipeline.java:485)
	at org.junit.vintage.engine.VintageTestEngine.executeAllChildren(VintageTestEngine.java:82)
	at org.junit.vintage.engine.VintageTestEngine.execute(VintageTestEngine.java:73)
	at org.junit.platform.launcher.core.EngineExecutionOrchestrator.execute(EngineExecutionOrchestrator.java:108)
	at org.junit.platform.launcher.core.EngineExecutionOrchestrator.execute(EngineExecutionOrchestrator.java:88)
	at org.junit.platform.launcher.core.EngineExecutionOrchestrator.lambda$execute$0(EngineExecutionOrchestrator.java:54)
	at org.junit.platform.launcher.core.EngineExecutionOrchestrator.withInterceptedStreams(EngineExecutionOrchestrator.java:67)
	at org.junit.platform.launcher.core.EngineExecutionOrchestrator.execute(EngineExecutionOrchestrator.java:52)
	at org.junit.platform.launcher.core.DefaultLauncher.execute(DefaultLauncher.java:96)
	at org.junit.platform.launcher.core.DefaultLauncher.execute(DefaultLauncher.java:75)
	at org.apache.maven.surefire.junitplatform.JUnitPlatformProvider.invokeAllTests(JUnitPlatformProvider.java:142)
	at org.apache.maven.surefire.junitplatform.JUnitPlatformProvider.invoke(JUnitPlatformProvider.java:113)
	at org.apache.maven.surefire.booter.ForkedBooter.invokeProviderInSameClassLoader(ForkedBooter.java:384)
	at org.apache.maven.surefire.booter.ForkedBooter.runSuitesInProcess(ForkedBooter.java:345)
	at org.apache.maven.surefire.booter.ForkedBooter.execute(ForkedBooter.java:126)
	at org.apache.maven.surefire.booter.ForkedBooter.main(ForkedBooter.java:418)
2021-08-15 14:03:41,804 [SCMBlockDeletingService#0] DEBUG block.SCMBlockDeletingService (SCMBlockDeletingService.java:call(133)) - Running DeletedBlockTransactionScanner
2021-08-15 14:03:41,905 [SCMBlockDeletingService#0] DEBUG block.SCMBlockDeletingService (SCMBlockDeletingService.java:call(133)) - Running DeletedBlockTransactionScanner
2021-08-15 14:03:42,005 [SCMBlockDeletingService#0] DEBUG block.SCMBlockDeletingService (SCMBlockDeletingService.java:call(133)) - Running DeletedBlockTransactionScanner
2021-08-15 14:03:42,105 [SCMBlockDeletingService#0] DEBUG block.SCMBlockDeletingService (SCMBlockDeletingService.java:call(133)) - Running DeletedBlockTransactionScanner
2021-08-15 14:03:42,205 [SCMBlockDeletingService#0] DEBUG block.SCMBlockDeletingService (SCMBlockDeletingService.java:call(133)) - Running DeletedBlockTransactionScanner
2021-08-15 14:03:42,305 [SCMBlockDeletingService#0] DEBUG block.SCMBlockDeletingService (SCMBlockDeletingService.java:call(133)) - Running DeletedBlockTransactionScanner
2021-08-15 14:03:42,405 [SCMBlockDeletingService#0] DEBUG block.SCMBlockDeletingService (SCMBlockDeletingService.java:call(133)) - Running DeletedBlockTransactionScanner
2021-08-15 14:03:42,508 [SCMBlockDeletingService#0] DEBUG block.SCMBlockDeletingService (SCMBlockDeletingService.java:call(133)) - Running DeletedBlockTransactionScanner
2021-08-15 14:03:42,608 [SCMBlockDeletingService#0] DEBUG block.SCMBlockDeletingService (SCMBlockDeletingService.java:call(133)) - Running DeletedBlockTransactionScanner
2021-08-15 14:03:42,708 [SCMBlockDeletingService#0] DEBUG block.SCMBlockDeletingService (SCMBlockDeletingService.java:call(133)) - Running DeletedBlockTransactionScanner
2021-08-15 14:03:42,808 [SCMBlockDeletingService#0] DEBUG block.SCMBlockDeletingService (SCMBlockDeletingService.java:call(133)) - Running DeletedBlockTransactionScanner
2021-08-15 14:03:42,908 [SCMBlockDeletingService#0] DEBUG block.SCMBlockDeletingService (SCMBlockDeletingService.java:call(133)) - Running DeletedBlockTransactionScanner
2021-08-15 14:03:43,009 [SCMBlockDeletingService#0] DEBUG block.SCMBlockDeletingService (SCMBlockDeletingService.java:call(133)) - Running DeletedBlockTransactionScanner
2021-08-15 14:03:43,109 [SCMBlockDeletingService#0] DEBUG block.SCMBlockDeletingService (SCMBlockDeletingService.java:call(133)) - Running DeletedBlockTransactionScanner
2021-08-15 14:03:43,209 [SCMBlockDeletingService#0] DEBUG block.SCMBlockDeletingService (SCMBlockDeletingService.java:call(133)) - Running DeletedBlockTransactionScanner
2021-08-15 14:03:43,312 [SCMBlockDeletingService#0] DEBUG block.SCMBlockDeletingService (SCMBlockDeletingService.java:call(133)) - Running DeletedBlockTransactionScanner
2021-08-15 14:03:43,413 [SCMBlockDeletingService#0] DEBUG block.SCMBlockDeletingService (SCMBlockDeletingService.java:call(133)) - Running DeletedBlockTransactionScanner
2021-08-15 14:03:43,519 [SCMBlockDeletingService#0] DEBUG block.SCMBlockDeletingService (SCMBlockDeletingService.java:call(133)) - Running DeletedBlockTransactionScanner
2021-08-15 14:03:43,619 [SCMBlockDeletingService#0] DEBUG block.SCMBlockDeletingService (SCMBlockDeletingService.java:call(133)) - Running DeletedBlockTransactionScanner
2021-08-15 14:03:43,719 [SCMBlockDeletingService#0] DEBUG block.SCMBlockDeletingService (SCMBlockDeletingService.java:call(133)) - Running DeletedBlockTransactionScanner
2021-08-15 14:03:43,762 [Listener at 127.0.0.1/41905] WARN  commandhandler.TestBlockDeletion (TestBlockDeletion.java:lambda$testBlockDeletion$3(251)) - Verify blocks deletion failed
java.lang.AssertionError: expected null, but was:<[blockId=conID: 28 locID: 107544261427200028 bcsId: 440, size=4194304]>
	at org.junit.Assert.fail(Assert.java:89)
	at org.junit.Assert.failNotNull(Assert.java:756)
	at org.junit.Assert.assertNull(Assert.java:738)
	at org.junit.Assert.assertNull(Assert.java:748)
	at org.apache.hadoop.ozone.container.common.statemachine.commandhandler.TestBlockDeletion.lambda$verifyBlocksDeleted$15(TestBlockDeletion.java:453)
	at org.apache.hadoop.ozone.OzoneTestUtils.performOperationOnKeyContainers(OzoneTestUtils.java:133)
	at org.apache.hadoop.ozone.container.common.statemachine.commandhandler.TestBlockDeletion.verifyBlocksDeleted(TestBlockDeletion.java:442)
	at org.apache.hadoop.ozone.container.common.statemachine.commandhandler.TestBlockDeletion.lambda$testBlockDeletion$3(TestBlockDeletion.java:248)
	at org.apache.ozone.test.GenericTestUtils.waitFor(GenericTestUtils.java:219)
	at org.apache.hadoop.ozone.container.common.statemachine.commandhandler.TestBlockDeletion.testBlockDeletion(TestBlockDeletion.java:246)
	at sun.reflect.NativeMethodAccessorImpl.invoke0(Native Method)
	at sun.reflect.NativeMethodAccessorImpl.invoke(NativeMethodAccessorImpl.java:62)
	at sun.reflect.DelegatingMethodAccessorImpl.invoke(DelegatingMethodAccessorImpl.java:43)
	at java.lang.reflect.Method.invoke(Method.java:498)
	at org.junit.runners.model.FrameworkMethod$1.runReflectiveCall(FrameworkMethod.java:59)
	at org.junit.internal.runners.model.ReflectiveCallable.run(ReflectiveCallable.java:12)
	at org.junit.runners.model.FrameworkMethod.invokeExplosively(FrameworkMethod.java:56)
	at org.junit.internal.runners.statements.InvokeMethod.evaluate(InvokeMethod.java:17)
	at org.junit.internal.runners.statements.RunBefores.evaluate(RunBefores.java:26)
	at org.junit.internal.runners.statements.RunAfters.evaluate(RunAfters.java:27)
	at org.junit.runners.ParentRunner$3.evaluate(ParentRunner.java:306)
	at org.junit.runners.BlockJUnit4ClassRunner$1.evaluate(BlockJUnit4ClassRunner.java:100)
	at org.junit.runners.ParentRunner.runLeaf(ParentRunner.java:366)
	at org.junit.runners.BlockJUnit4ClassRunner.runChild(BlockJUnit4ClassRunner.java:103)
	at org.junit.runners.BlockJUnit4ClassRunner.runChild(BlockJUnit4ClassRunner.java:63)
	at org.junit.runners.ParentRunner$4.run(ParentRunner.java:331)
	at org.junit.runners.ParentRunner$1.schedule(ParentRunner.java:79)
	at org.junit.runners.ParentRunner.runChildren(ParentRunner.java:329)
	at org.junit.runners.ParentRunner.access$100(ParentRunner.java:66)
	at org.junit.runners.ParentRunner$2.evaluate(ParentRunner.java:293)
	at org.junit.runners.ParentRunner$3.evaluate(ParentRunner.java:306)
	at org.junit.runners.ParentRunner.run(ParentRunner.java:413)
	at org.junit.runner.JUnitCore.run(JUnitCore.java:137)
	at org.junit.runner.JUnitCore.run(JUnitCore.java:115)
	at org.junit.vintage.engine.execution.RunnerExecutor.execute(RunnerExecutor.java:43)
	at java.util.stream.ForEachOps$ForEachOp$OfRef.accept(ForEachOps.java:183)
	at java.util.stream.ReferencePipeline$3$1.accept(ReferencePipeline.java:193)
	at java.util.Iterator.forEachRemaining(Iterator.java:116)
	at java.util.Spliterators$IteratorSpliterator.forEachRemaining(Spliterators.java:1801)
	at java.util.stream.AbstractPipeline.copyInto(AbstractPipeline.java:482)
	at java.util.stream.AbstractPipeline.wrapAndCopyInto(AbstractPipeline.java:472)
	at java.util.stream.ForEachOps$ForEachOp.evaluateSequential(ForEachOps.java:150)
	at java.util.stream.ForEachOps$ForEachOp$OfRef.evaluateSequential(ForEachOps.java:173)
	at java.util.stream.AbstractPipeline.evaluate(AbstractPipeline.java:234)
	at java.util.stream.ReferencePipeline.forEach(ReferencePipeline.java:485)
	at org.junit.vintage.engine.VintageTestEngine.executeAllChildren(VintageTestEngine.java:82)
	at org.junit.vintage.engine.VintageTestEngine.execute(VintageTestEngine.java:73)
	at org.junit.platform.launcher.core.EngineExecutionOrchestrator.execute(EngineExecutionOrchestrator.java:108)
	at org.junit.platform.launcher.core.EngineExecutionOrchestrator.execute(EngineExecutionOrchestrator.java:88)
	at org.junit.platform.launcher.core.EngineExecutionOrchestrator.lambda$execute$0(EngineExecutionOrchestrator.java:54)
	at org.junit.platform.launcher.core.EngineExecutionOrchestrator.withInterceptedStreams(EngineExecutionOrchestrator.java:67)
	at org.junit.platform.launcher.core.EngineExecutionOrchestrator.execute(EngineExecutionOrchestrator.java:52)
	at org.junit.platform.launcher.core.DefaultLauncher.execute(DefaultLauncher.java:96)
	at org.junit.platform.launcher.core.DefaultLauncher.execute(DefaultLauncher.java:75)
	at org.apache.maven.surefire.junitplatform.JUnitPlatformProvider.invokeAllTests(JUnitPlatformProvider.java:142)
	at org.apache.maven.surefire.junitplatform.JUnitPlatformProvider.invoke(JUnitPlatformProvider.java:113)
	at org.apache.maven.surefire.booter.ForkedBooter.invokeProviderInSameClassLoader(ForkedBooter.java:384)
	at org.apache.maven.surefire.booter.ForkedBooter.runSuitesInProcess(ForkedBooter.java:345)
	at org.apache.maven.surefire.booter.ForkedBooter.execute(ForkedBooter.java:126)
	at org.apache.maven.surefire.booter.ForkedBooter.main(ForkedBooter.java:418)
2021-08-15 14:03:43,819 [SCMBlockDeletingService#0] DEBUG block.SCMBlockDeletingService (SCMBlockDeletingService.java:call(133)) - Running DeletedBlockTransactionScanner
2021-08-15 14:03:43,919 [SCMBlockDeletingService#0] DEBUG block.SCMBlockDeletingService (SCMBlockDeletingService.java:call(133)) - Running DeletedBlockTransactionScanner
2021-08-15 14:03:44,019 [SCMBlockDeletingService#0] DEBUG block.SCMBlockDeletingService (SCMBlockDeletingService.java:call(133)) - Running DeletedBlockTransactionScanner
2021-08-15 14:03:44,119 [SCMBlockDeletingService#0] DEBUG block.SCMBlockDeletingService (SCMBlockDeletingService.java:call(133)) - Running DeletedBlockTransactionScanner
2021-08-15 14:03:44,219 [SCMBlockDeletingService#0] DEBUG block.SCMBlockDeletingService (SCMBlockDeletingService.java:call(133)) - Running DeletedBlockTransactionScanner
2021-08-15 14:03:44,319 [SCMBlockDeletingService#0] DEBUG block.SCMBlockDeletingService (SCMBlockDeletingService.java:call(133)) - Running DeletedBlockTransactionScanner
2021-08-15 14:03:44,419 [SCMBlockDeletingService#0] DEBUG block.SCMBlockDeletingService (SCMBlockDeletingService.java:call(133)) - Running DeletedBlockTransactionScanner
2021-08-15 14:03:44,519 [SCMBlockDeletingService#0] DEBUG block.SCMBlockDeletingService (SCMBlockDeletingService.java:call(133)) - Running DeletedBlockTransactionScanner
2021-08-15 14:03:44,619 [SCMBlockDeletingService#0] DEBUG block.SCMBlockDeletingService (SCMBlockDeletingService.java:call(133)) - Running DeletedBlockTransactionScanner
2021-08-15 14:03:44,720 [SCMBlockDeletingService#0] DEBUG block.SCMBlockDeletingService (SCMBlockDeletingService.java:call(133)) - Running DeletedBlockTransactionScanner
2021-08-15 14:03:44,820 [SCMBlockDeletingService#0] DEBUG block.SCMBlockDeletingService (SCMBlockDeletingService.java:call(133)) - Running DeletedBlockTransactionScanner
2021-08-15 14:03:44,920 [SCMBlockDeletingService#0] DEBUG block.SCMBlockDeletingService (SCMBlockDeletingService.java:call(133)) - Running DeletedBlockTransactionScanner
2021-08-15 14:03:45,020 [SCMBlockDeletingService#0] DEBUG block.SCMBlockDeletingService (SCMBlockDeletingService.java:call(133)) - Running DeletedBlockTransactionScanner
2021-08-15 14:03:45,120 [SCMBlockDeletingService#0] DEBUG block.SCMBlockDeletingService (SCMBlockDeletingService.java:call(133)) - Running DeletedBlockTransactionScanner
2021-08-15 14:03:45,220 [SCMBlockDeletingService#0] DEBUG block.SCMBlockDeletingService (SCMBlockDeletingService.java:call(133)) - Running DeletedBlockTransactionScanner
2021-08-15 14:03:45,320 [SCMBlockDeletingService#0] DEBUG block.SCMBlockDeletingService (SCMBlockDeletingService.java:call(133)) - Running DeletedBlockTransactionScanner
2021-08-15 14:03:45,420 [SCMBlockDeletingService#0] DEBUG block.SCMBlockDeletingService (SCMBlockDeletingService.java:call(133)) - Running DeletedBlockTransactionScanner
2021-08-15 14:03:45,520 [SCMBlockDeletingService#0] DEBUG block.SCMBlockDeletingService (SCMBlockDeletingService.java:call(133)) - Running DeletedBlockTransactionScanner
2021-08-15 14:03:45,620 [SCMBlockDeletingService#0] DEBUG block.SCMBlockDeletingService (SCMBlockDeletingService.java:call(133)) - Running DeletedBlockTransactionScanner
2021-08-15 14:03:45,720 [SCMBlockDeletingService#0] DEBUG block.SCMBlockDeletingService (SCMBlockDeletingService.java:call(133)) - Running DeletedBlockTransactionScanner
2021-08-15 14:03:45,763 [Listener at 127.0.0.1/41905] WARN  commandhandler.TestBlockDeletion (TestBlockDeletion.java:lambda$testBlockDeletion$3(251)) - Verify blocks deletion failed
java.lang.AssertionError: expected null, but was:<[blockId=conID: 28 locID: 107544261427200028 bcsId: 440, size=4194304]>
	at org.junit.Assert.fail(Assert.java:89)
	at org.junit.Assert.failNotNull(Assert.java:756)
	at org.junit.Assert.assertNull(Assert.java:738)
	at org.junit.Assert.assertNull(Assert.java:748)
	at org.apache.hadoop.ozone.container.common.statemachine.commandhandler.TestBlockDeletion.lambda$verifyBlocksDeleted$15(TestBlockDeletion.java:453)
	at org.apache.hadoop.ozone.OzoneTestUtils.performOperationOnKeyContainers(OzoneTestUtils.java:133)
	at org.apache.hadoop.ozone.container.common.statemachine.commandhandler.TestBlockDeletion.verifyBlocksDeleted(TestBlockDeletion.java:442)
	at org.apache.hadoop.ozone.container.common.statemachine.commandhandler.TestBlockDeletion.lambda$testBlockDeletion$3(TestBlockDeletion.java:248)
	at org.apache.ozone.test.GenericTestUtils.waitFor(GenericTestUtils.java:219)
	at org.apache.hadoop.ozone.container.common.statemachine.commandhandler.TestBlockDeletion.testBlockDeletion(TestBlockDeletion.java:246)
	at sun.reflect.NativeMethodAccessorImpl.invoke0(Native Method)
	at sun.reflect.NativeMethodAccessorImpl.invoke(NativeMethodAccessorImpl.java:62)
	at sun.reflect.DelegatingMethodAccessorImpl.invoke(DelegatingMethodAccessorImpl.java:43)
	at java.lang.reflect.Method.invoke(Method.java:498)
	at org.junit.runners.model.FrameworkMethod$1.runReflectiveCall(FrameworkMethod.java:59)
	at org.junit.internal.runners.model.ReflectiveCallable.run(ReflectiveCallable.java:12)
	at org.junit.runners.model.FrameworkMethod.invokeExplosively(FrameworkMethod.java:56)
	at org.junit.internal.runners.statements.InvokeMethod.evaluate(InvokeMethod.java:17)
	at org.junit.internal.runners.statements.RunBefores.evaluate(RunBefores.java:26)
	at org.junit.internal.runners.statements.RunAfters.evaluate(RunAfters.java:27)
	at org.junit.runners.ParentRunner$3.evaluate(ParentRunner.java:306)
	at org.junit.runners.BlockJUnit4ClassRunner$1.evaluate(BlockJUnit4ClassRunner.java:100)
	at org.junit.runners.ParentRunner.runLeaf(ParentRunner.java:366)
	at org.junit.runners.BlockJUnit4ClassRunner.runChild(BlockJUnit4ClassRunner.java:103)
	at org.junit.runners.BlockJUnit4ClassRunner.runChild(BlockJUnit4ClassRunner.java:63)
	at org.junit.runners.ParentRunner$4.run(ParentRunner.java:331)
	at org.junit.runners.ParentRunner$1.schedule(ParentRunner.java:79)
	at org.junit.runners.ParentRunner.runChildren(ParentRunner.java:329)
	at org.junit.runners.ParentRunner.access$100(ParentRunner.java:66)
	at org.junit.runners.ParentRunner$2.evaluate(ParentRunner.java:293)
	at org.junit.runners.ParentRunner$3.evaluate(ParentRunner.java:306)
	at org.junit.runners.ParentRunner.run(ParentRunner.java:413)
	at org.junit.runner.JUnitCore.run(JUnitCore.java:137)
	at org.junit.runner.JUnitCore.run(JUnitCore.java:115)
	at org.junit.vintage.engine.execution.RunnerExecutor.execute(RunnerExecutor.java:43)
	at java.util.stream.ForEachOps$ForEachOp$OfRef.accept(ForEachOps.java:183)
	at java.util.stream.ReferencePipeline$3$1.accept(ReferencePipeline.java:193)
	at java.util.Iterator.forEachRemaining(Iterator.java:116)
	at java.util.Spliterators$IteratorSpliterator.forEachRemaining(Spliterators.java:1801)
	at java.util.stream.AbstractPipeline.copyInto(AbstractPipeline.java:482)
	at java.util.stream.AbstractPipeline.wrapAndCopyInto(AbstractPipeline.java:472)
	at java.util.stream.ForEachOps$ForEachOp.evaluateSequential(ForEachOps.java:150)
	at java.util.stream.ForEachOps$ForEachOp$OfRef.evaluateSequential(ForEachOps.java:173)
	at java.util.stream.AbstractPipeline.evaluate(AbstractPipeline.java:234)
	at java.util.stream.ReferencePipeline.forEach(ReferencePipeline.java:485)
	at org.junit.vintage.engine.VintageTestEngine.executeAllChildren(VintageTestEngine.java:82)
	at org.junit.vintage.engine.VintageTestEngine.execute(VintageTestEngine.java:73)
	at org.junit.platform.launcher.core.EngineExecutionOrchestrator.execute(EngineExecutionOrchestrator.java:108)
	at org.junit.platform.launcher.core.EngineExecutionOrchestrator.execute(EngineExecutionOrchestrator.java:88)
	at org.junit.platform.launcher.core.EngineExecutionOrchestrator.lambda$execute$0(EngineExecutionOrchestrator.java:54)
	at org.junit.platform.launcher.core.EngineExecutionOrchestrator.withInterceptedStreams(EngineExecutionOrchestrator.java:67)
	at org.junit.platform.launcher.core.EngineExecutionOrchestrator.execute(EngineExecutionOrchestrator.java:52)
	at org.junit.platform.launcher.core.DefaultLauncher.execute(DefaultLauncher.java:96)
	at org.junit.platform.launcher.core.DefaultLauncher.execute(DefaultLauncher.java:75)
	at org.apache.maven.surefire.junitplatform.JUnitPlatformProvider.invokeAllTests(JUnitPlatformProvider.java:142)
	at org.apache.maven.surefire.junitplatform.JUnitPlatformProvider.invoke(JUnitPlatformProvider.java:113)
	at org.apache.maven.surefire.booter.ForkedBooter.invokeProviderInSameClassLoader(ForkedBooter.java:384)
	at org.apache.maven.surefire.booter.ForkedBooter.runSuitesInProcess(ForkedBooter.java:345)
	at org.apache.maven.surefire.booter.ForkedBooter.execute(ForkedBooter.java:126)
	at org.apache.maven.surefire.booter.ForkedBooter.main(ForkedBooter.java:418)
2021-08-15 14:03:45,820 [SCMBlockDeletingService#0] DEBUG block.SCMBlockDeletingService (SCMBlockDeletingService.java:call(133)) - Running DeletedBlockTransactionScanner
2021-08-15 14:03:45,920 [SCMBlockDeletingService#0] DEBUG block.SCMBlockDeletingService (SCMBlockDeletingService.java:call(133)) - Running DeletedBlockTransactionScanner
2021-08-15 14:03:46,020 [SCMBlockDeletingService#0] DEBUG block.SCMBlockDeletingService (SCMBlockDeletingService.java:call(133)) - Running DeletedBlockTransactionScanner
2021-08-15 14:03:46,120 [SCMBlockDeletingService#0] DEBUG block.SCMBlockDeletingService (SCMBlockDeletingService.java:call(133)) - Running DeletedBlockTransactionScanner
2021-08-15 14:03:46,226 [SCMBlockDeletingService#0] DEBUG block.SCMBlockDeletingService (SCMBlockDeletingService.java:call(133)) - Running DeletedBlockTransactionScanner
2021-08-15 14:03:46,326 [SCMBlockDeletingService#0] DEBUG block.SCMBlockDeletingService (SCMBlockDeletingService.java:call(133)) - Running DeletedBlockTransactionScanner
2021-08-15 14:03:46,426 [SCMBlockDeletingService#0] DEBUG block.SCMBlockDeletingService (SCMBlockDeletingService.java:call(133)) - Running DeletedBlockTransactionScanner
2021-08-15 14:03:46,526 [SCMBlockDeletingService#0] DEBUG block.SCMBlockDeletingService (SCMBlockDeletingService.java:call(133)) - Running DeletedBlockTransactionScanner
2021-08-15 14:03:46,626 [SCMBlockDeletingService#0] DEBUG block.SCMBlockDeletingService (SCMBlockDeletingService.java:call(133)) - Running DeletedBlockTransactionScanner
2021-08-15 14:03:46,726 [SCMBlockDeletingService#0] DEBUG block.SCMBlockDeletingService (SCMBlockDeletingService.java:call(133)) - Running DeletedBlockTransactionScanner
2021-08-15 14:03:46,828 [SCMBlockDeletingService#0] DEBUG block.SCMBlockDeletingService (SCMBlockDeletingService.java:call(133)) - Running DeletedBlockTransactionScanner
2021-08-15 14:03:46,928 [SCMBlockDeletingService#0] DEBUG block.SCMBlockDeletingService (SCMBlockDeletingService.java:call(133)) - Running DeletedBlockTransactionScanner
2021-08-15 14:03:47,028 [SCMBlockDeletingService#0] DEBUG block.SCMBlockDeletingService (SCMBlockDeletingService.java:call(133)) - Running DeletedBlockTransactionScanner
2021-08-15 14:03:47,128 [SCMBlockDeletingService#0] DEBUG block.SCMBlockDeletingService (SCMBlockDeletingService.java:call(133)) - Running DeletedBlockTransactionScanner
2021-08-15 14:03:47,228 [SCMBlockDeletingService#0] DEBUG block.SCMBlockDeletingService (SCMBlockDeletingService.java:call(133)) - Running DeletedBlockTransactionScanner
2021-08-15 14:03:47,329 [SCMBlockDeletingService#0] DEBUG block.SCMBlockDeletingService (SCMBlockDeletingService.java:call(133)) - Running DeletedBlockTransactionScanner
2021-08-15 14:03:47,429 [SCMBlockDeletingService#0] DEBUG block.SCMBlockDeletingService (SCMBlockDeletingService.java:call(133)) - Running DeletedBlockTransactionScanner
2021-08-15 14:03:47,529 [SCMBlockDeletingService#0] DEBUG block.SCMBlockDeletingService (SCMBlockDeletingService.java:call(133)) - Running DeletedBlockTransactionScanner
2021-08-15 14:03:47,629 [SCMBlockDeletingService#0] DEBUG block.SCMBlockDeletingService (SCMBlockDeletingService.java:call(133)) - Running DeletedBlockTransactionScanner
2021-08-15 14:03:47,730 [SCMBlockDeletingService#0] DEBUG block.SCMBlockDeletingService (SCMBlockDeletingService.java:call(133)) - Running DeletedBlockTransactionScanner
2021-08-15 14:03:47,765 [Listener at 127.0.0.1/41905] WARN  commandhandler.TestBlockDeletion (TestBlockDeletion.java:lambda$testBlockDeletion$3(251)) - Verify blocks deletion failed
java.lang.AssertionError: expected null, but was:<[blockId=conID: 28 locID: 107544261427200028 bcsId: 440, size=4194304]>
	at org.junit.Assert.fail(Assert.java:89)
	at org.junit.Assert.failNotNull(Assert.java:756)
	at org.junit.Assert.assertNull(Assert.java:738)
	at org.junit.Assert.assertNull(Assert.java:748)
	at org.apache.hadoop.ozone.container.common.statemachine.commandhandler.TestBlockDeletion.lambda$verifyBlocksDeleted$15(TestBlockDeletion.java:453)
	at org.apache.hadoop.ozone.OzoneTestUtils.performOperationOnKeyContainers(OzoneTestUtils.java:133)
	at org.apache.hadoop.ozone.container.common.statemachine.commandhandler.TestBlockDeletion.verifyBlocksDeleted(TestBlockDeletion.java:442)
	at org.apache.hadoop.ozone.container.common.statemachine.commandhandler.TestBlockDeletion.lambda$testBlockDeletion$3(TestBlockDeletion.java:248)
	at org.apache.ozone.test.GenericTestUtils.waitFor(GenericTestUtils.java:219)
	at org.apache.hadoop.ozone.container.common.statemachine.commandhandler.TestBlockDeletion.testBlockDeletion(TestBlockDeletion.java:246)
	at sun.reflect.NativeMethodAccessorImpl.invoke0(Native Method)
	at sun.reflect.NativeMethodAccessorImpl.invoke(NativeMethodAccessorImpl.java:62)
	at sun.reflect.DelegatingMethodAccessorImpl.invoke(DelegatingMethodAccessorImpl.java:43)
	at java.lang.reflect.Method.invoke(Method.java:498)
	at org.junit.runners.model.FrameworkMethod$1.runReflectiveCall(FrameworkMethod.java:59)
	at org.junit.internal.runners.model.ReflectiveCallable.run(ReflectiveCallable.java:12)
	at org.junit.runners.model.FrameworkMethod.invokeExplosively(FrameworkMethod.java:56)
	at org.junit.internal.runners.statements.InvokeMethod.evaluate(InvokeMethod.java:17)
	at org.junit.internal.runners.statements.RunBefores.evaluate(RunBefores.java:26)
	at org.junit.internal.runners.statements.RunAfters.evaluate(RunAfters.java:27)
	at org.junit.runners.ParentRunner$3.evaluate(ParentRunner.java:306)
	at org.junit.runners.BlockJUnit4ClassRunner$1.evaluate(BlockJUnit4ClassRunner.java:100)
	at org.junit.runners.ParentRunner.runLeaf(ParentRunner.java:366)
	at org.junit.runners.BlockJUnit4ClassRunner.runChild(BlockJUnit4ClassRunner.java:103)
	at org.junit.runners.BlockJUnit4ClassRunner.runChild(BlockJUnit4ClassRunner.java:63)
	at org.junit.runners.ParentRunner$4.run(ParentRunner.java:331)
	at org.junit.runners.ParentRunner$1.schedule(ParentRunner.java:79)
	at org.junit.runners.ParentRunner.runChildren(ParentRunner.java:329)
	at org.junit.runners.ParentRunner.access$100(ParentRunner.java:66)
	at org.junit.runners.ParentRunner$2.evaluate(ParentRunner.java:293)
	at org.junit.runners.ParentRunner$3.evaluate(ParentRunner.java:306)
	at org.junit.runners.ParentRunner.run(ParentRunner.java:413)
	at org.junit.runner.JUnitCore.run(JUnitCore.java:137)
	at org.junit.runner.JUnitCore.run(JUnitCore.java:115)
	at org.junit.vintage.engine.execution.RunnerExecutor.execute(RunnerExecutor.java:43)
	at java.util.stream.ForEachOps$ForEachOp$OfRef.accept(ForEachOps.java:183)
	at java.util.stream.ReferencePipeline$3$1.accept(ReferencePipeline.java:193)
	at java.util.Iterator.forEachRemaining(Iterator.java:116)
	at java.util.Spliterators$IteratorSpliterator.forEachRemaining(Spliterators.java:1801)
	at java.util.stream.AbstractPipeline.copyInto(AbstractPipeline.java:482)
	at java.util.stream.AbstractPipeline.wrapAndCopyInto(AbstractPipeline.java:472)
	at java.util.stream.ForEachOps$ForEachOp.evaluateSequential(ForEachOps.java:150)
	at java.util.stream.ForEachOps$ForEachOp$OfRef.evaluateSequential(ForEachOps.java:173)
	at java.util.stream.AbstractPipeline.evaluate(AbstractPipeline.java:234)
	at java.util.stream.ReferencePipeline.forEach(ReferencePipeline.java:485)
	at org.junit.vintage.engine.VintageTestEngine.executeAllChildren(VintageTestEngine.java:82)
	at org.junit.vintage.engine.VintageTestEngine.execute(VintageTestEngine.java:73)
	at org.junit.platform.launcher.core.EngineExecutionOrchestrator.execute(EngineExecutionOrchestrator.java:108)
	at org.junit.platform.launcher.core.EngineExecutionOrchestrator.execute(EngineExecutionOrchestrator.java:88)
	at org.junit.platform.launcher.core.EngineExecutionOrchestrator.lambda$execute$0(EngineExecutionOrchestrator.java:54)
	at org.junit.platform.launcher.core.EngineExecutionOrchestrator.withInterceptedStreams(EngineExecutionOrchestrator.java:67)
	at org.junit.platform.launcher.core.EngineExecutionOrchestrator.execute(EngineExecutionOrchestrator.java:52)
	at org.junit.platform.launcher.core.DefaultLauncher.execute(DefaultLauncher.java:96)
	at org.junit.platform.launcher.core.DefaultLauncher.execute(DefaultLauncher.java:75)
	at org.apache.maven.surefire.junitplatform.JUnitPlatformProvider.invokeAllTests(JUnitPlatformProvider.java:142)
	at org.apache.maven.surefire.junitplatform.JUnitPlatformProvider.invoke(JUnitPlatformProvider.java:113)
	at org.apache.maven.surefire.booter.ForkedBooter.invokeProviderInSameClassLoader(ForkedBooter.java:384)
	at org.apache.maven.surefire.booter.ForkedBooter.runSuitesInProcess(ForkedBooter.java:345)
	at org.apache.maven.surefire.booter.ForkedBooter.execute(ForkedBooter.java:126)
	at org.apache.maven.surefire.booter.ForkedBooter.main(ForkedBooter.java:418)
2021-08-15 14:03:47,830 [SCMBlockDeletingService#0] DEBUG block.SCMBlockDeletingService (SCMBlockDeletingService.java:call(133)) - Running DeletedBlockTransactionScanner
2021-08-15 14:03:47,930 [SCMBlockDeletingService#0] DEBUG block.SCMBlockDeletingService (SCMBlockDeletingService.java:call(133)) - Running DeletedBlockTransactionScanner
2021-08-15 14:03:48,032 [SCMBlockDeletingService#0] DEBUG block.SCMBlockDeletingService (SCMBlockDeletingService.java:call(133)) - Running DeletedBlockTransactionScanner
2021-08-15 14:03:48,132 [SCMBlockDeletingService#0] DEBUG block.SCMBlockDeletingService (SCMBlockDeletingService.java:call(133)) - Running DeletedBlockTransactionScanner
2021-08-15 14:03:48,233 [SCMBlockDeletingService#0] DEBUG block.SCMBlockDeletingService (SCMBlockDeletingService.java:call(133)) - Running DeletedBlockTransactionScanner
2021-08-15 14:03:48,333 [SCMBlockDeletingService#0] DEBUG block.SCMBlockDeletingService (SCMBlockDeletingService.java:call(133)) - Running DeletedBlockTransactionScanner
2021-08-15 14:03:48,433 [SCMBlockDeletingService#0] DEBUG block.SCMBlockDeletingService (SCMBlockDeletingService.java:call(133)) - Running DeletedBlockTransactionScanner
2021-08-15 14:03:48,533 [SCMBlockDeletingService#0] DEBUG block.SCMBlockDeletingService (SCMBlockDeletingService.java:call(133)) - Running DeletedBlockTransactionScanner
2021-08-15 14:03:48,633 [SCMBlockDeletingService#0] DEBUG block.SCMBlockDeletingService (SCMBlockDeletingService.java:call(133)) - Running DeletedBlockTransactionScanner
2021-08-15 14:03:48,733 [SCMBlockDeletingService#0] DEBUG block.SCMBlockDeletingService (SCMBlockDeletingService.java:call(133)) - Running DeletedBlockTransactionScanner
2021-08-15 14:03:48,833 [SCMBlockDeletingService#0] DEBUG block.SCMBlockDeletingService (SCMBlockDeletingService.java:call(133)) - Running DeletedBlockTransactionScanner
2021-08-15 14:03:48,934 [SCMBlockDeletingService#0] DEBUG block.SCMBlockDeletingService (SCMBlockDeletingService.java:call(133)) - Running DeletedBlockTransactionScanner
2021-08-15 14:03:49,034 [SCMBlockDeletingService#0] DEBUG block.SCMBlockDeletingService (SCMBlockDeletingService.java:call(133)) - Running DeletedBlockTransactionScanner
2021-08-15 14:03:49,134 [SCMBlockDeletingService#0] DEBUG block.SCMBlockDeletingService (SCMBlockDeletingService.java:call(133)) - Running DeletedBlockTransactionScanner
2021-08-15 14:03:49,234 [SCMBlockDeletingService#0] DEBUG block.SCMBlockDeletingService (SCMBlockDeletingService.java:call(133)) - Running DeletedBlockTransactionScanner
2021-08-15 14:03:49,334 [SCMBlockDeletingService#0] DEBUG block.SCMBlockDeletingService (SCMBlockDeletingService.java:call(133)) - Running DeletedBlockTransactionScanner
2021-08-15 14:03:49,434 [SCMBlockDeletingService#0] DEBUG block.SCMBlockDeletingService (SCMBlockDeletingService.java:call(133)) - Running DeletedBlockTransactionScanner
2021-08-15 14:03:49,534 [SCMBlockDeletingService#0] DEBUG block.SCMBlockDeletingService (SCMBlockDeletingService.java:call(133)) - Running DeletedBlockTransactionScanner
2021-08-15 14:03:49,634 [SCMBlockDeletingService#0] DEBUG block.SCMBlockDeletingService (SCMBlockDeletingService.java:call(133)) - Running DeletedBlockTransactionScanner
2021-08-15 14:03:49,734 [SCMBlockDeletingService#0] DEBUG block.SCMBlockDeletingService (SCMBlockDeletingService.java:call(133)) - Running DeletedBlockTransactionScanner
2021-08-15 14:03:49,766 [Listener at 127.0.0.1/41905] WARN  commandhandler.TestBlockDeletion (TestBlockDeletion.java:lambda$testBlockDeletion$3(251)) - Verify blocks deletion failed
java.lang.AssertionError: expected null, but was:<[blockId=conID: 28 locID: 107544261427200028 bcsId: 440, size=4194304]>
	at org.junit.Assert.fail(Assert.java:89)
	at org.junit.Assert.failNotNull(Assert.java:756)
	at org.junit.Assert.assertNull(Assert.java:738)
	at org.junit.Assert.assertNull(Assert.java:748)
	at org.apache.hadoop.ozone.container.common.statemachine.commandhandler.TestBlockDeletion.lambda$verifyBlocksDeleted$15(TestBlockDeletion.java:453)
	at org.apache.hadoop.ozone.OzoneTestUtils.performOperationOnKeyContainers(OzoneTestUtils.java:133)
	at org.apache.hadoop.ozone.container.common.statemachine.commandhandler.TestBlockDeletion.verifyBlocksDeleted(TestBlockDeletion.java:442)
	at org.apache.hadoop.ozone.container.common.statemachine.commandhandler.TestBlockDeletion.lambda$testBlockDeletion$3(TestBlockDeletion.java:248)
	at org.apache.ozone.test.GenericTestUtils.waitFor(GenericTestUtils.java:219)
	at org.apache.hadoop.ozone.container.common.statemachine.commandhandler.TestBlockDeletion.testBlockDeletion(TestBlockDeletion.java:246)
	at sun.reflect.NativeMethodAccessorImpl.invoke0(Native Method)
	at sun.reflect.NativeMethodAccessorImpl.invoke(NativeMethodAccessorImpl.java:62)
	at sun.reflect.DelegatingMethodAccessorImpl.invoke(DelegatingMethodAccessorImpl.java:43)
	at java.lang.reflect.Method.invoke(Method.java:498)
	at org.junit.runners.model.FrameworkMethod$1.runReflectiveCall(FrameworkMethod.java:59)
	at org.junit.internal.runners.model.ReflectiveCallable.run(ReflectiveCallable.java:12)
	at org.junit.runners.model.FrameworkMethod.invokeExplosively(FrameworkMethod.java:56)
	at org.junit.internal.runners.statements.InvokeMethod.evaluate(InvokeMethod.java:17)
	at org.junit.internal.runners.statements.RunBefores.evaluate(RunBefores.java:26)
	at org.junit.internal.runners.statements.RunAfters.evaluate(RunAfters.java:27)
	at org.junit.runners.ParentRunner$3.evaluate(ParentRunner.java:306)
	at org.junit.runners.BlockJUnit4ClassRunner$1.evaluate(BlockJUnit4ClassRunner.java:100)
	at org.junit.runners.ParentRunner.runLeaf(ParentRunner.java:366)
	at org.junit.runners.BlockJUnit4ClassRunner.runChild(BlockJUnit4ClassRunner.java:103)
	at org.junit.runners.BlockJUnit4ClassRunner.runChild(BlockJUnit4ClassRunner.java:63)
	at org.junit.runners.ParentRunner$4.run(ParentRunner.java:331)
	at org.junit.runners.ParentRunner$1.schedule(ParentRunner.java:79)
	at org.junit.runners.ParentRunner.runChildren(ParentRunner.java:329)
	at org.junit.runners.ParentRunner.access$100(ParentRunner.java:66)
	at org.junit.runners.ParentRunner$2.evaluate(ParentRunner.java:293)
	at org.junit.runners.ParentRunner$3.evaluate(ParentRunner.java:306)
	at org.junit.runners.ParentRunner.run(ParentRunner.java:413)
	at org.junit.runner.JUnitCore.run(JUnitCore.java:137)
	at org.junit.runner.JUnitCore.run(JUnitCore.java:115)
	at org.junit.vintage.engine.execution.RunnerExecutor.execute(RunnerExecutor.java:43)
	at java.util.stream.ForEachOps$ForEachOp$OfRef.accept(ForEachOps.java:183)
	at java.util.stream.ReferencePipeline$3$1.accept(ReferencePipeline.java:193)
	at java.util.Iterator.forEachRemaining(Iterator.java:116)
	at java.util.Spliterators$IteratorSpliterator.forEachRemaining(Spliterators.java:1801)
	at java.util.stream.AbstractPipeline.copyInto(AbstractPipeline.java:482)
	at java.util.stream.AbstractPipeline.wrapAndCopyInto(AbstractPipeline.java:472)
	at java.util.stream.ForEachOps$ForEachOp.evaluateSequential(ForEachOps.java:150)
	at java.util.stream.ForEachOps$ForEachOp$OfRef.evaluateSequential(ForEachOps.java:173)
	at java.util.stream.AbstractPipeline.evaluate(AbstractPipeline.java:234)
	at java.util.stream.ReferencePipeline.forEach(ReferencePipeline.java:485)
	at org.junit.vintage.engine.VintageTestEngine.executeAllChildren(VintageTestEngine.java:82)
	at org.junit.vintage.engine.VintageTestEngine.execute(VintageTestEngine.java:73)
	at org.junit.platform.launcher.core.EngineExecutionOrchestrator.execute(EngineExecutionOrchestrator.java:108)
	at org.junit.platform.launcher.core.EngineExecutionOrchestrator.execute(EngineExecutionOrchestrator.java:88)
	at org.junit.platform.launcher.core.EngineExecutionOrchestrator.lambda$execute$0(EngineExecutionOrchestrator.java:54)
	at org.junit.platform.launcher.core.EngineExecutionOrchestrator.withInterceptedStreams(EngineExecutionOrchestrator.java:67)
	at org.junit.platform.launcher.core.EngineExecutionOrchestrator.execute(EngineExecutionOrchestrator.java:52)
	at org.junit.platform.launcher.core.DefaultLauncher.execute(DefaultLauncher.java:96)
	at org.junit.platform.launcher.core.DefaultLauncher.execute(DefaultLauncher.java:75)
	at org.apache.maven.surefire.junitplatform.JUnitPlatformProvider.invokeAllTests(JUnitPlatformProvider.java:142)
	at org.apache.maven.surefire.junitplatform.JUnitPlatformProvider.invoke(JUnitPlatformProvider.java:113)
	at org.apache.maven.surefire.booter.ForkedBooter.invokeProviderInSameClassLoader(ForkedBooter.java:384)
	at org.apache.maven.surefire.booter.ForkedBooter.runSuitesInProcess(ForkedBooter.java:345)
	at org.apache.maven.surefire.booter.ForkedBooter.execute(ForkedBooter.java:126)
	at org.apache.maven.surefire.booter.ForkedBooter.main(ForkedBooter.java:418)
2021-08-15 14:03:49,834 [SCMBlockDeletingService#0] DEBUG block.SCMBlockDeletingService (SCMBlockDeletingService.java:call(133)) - Running DeletedBlockTransactionScanner
2021-08-15 14:03:49,934 [SCMBlockDeletingService#0] DEBUG block.SCMBlockDeletingService (SCMBlockDeletingService.java:call(133)) - Running DeletedBlockTransactionScanner
2021-08-15 14:03:50,034 [SCMBlockDeletingService#0] DEBUG block.SCMBlockDeletingService (SCMBlockDeletingService.java:call(133)) - Running DeletedBlockTransactionScanner
2021-08-15 14:03:50,139 [SCMBlockDeletingService#0] DEBUG block.SCMBlockDeletingService (SCMBlockDeletingService.java:call(133)) - Running DeletedBlockTransactionScanner
2021-08-15 14:03:50,239 [SCMBlockDeletingService#0] DEBUG block.SCMBlockDeletingService (SCMBlockDeletingService.java:call(133)) - Running DeletedBlockTransactionScanner
2021-08-15 14:03:50,339 [SCMBlockDeletingService#0] DEBUG block.SCMBlockDeletingService (SCMBlockDeletingService.java:call(133)) - Running DeletedBlockTransactionScanner
2021-08-15 14:03:50,439 [SCMBlockDeletingService#0] DEBUG block.SCMBlockDeletingService (SCMBlockDeletingService.java:call(133)) - Running DeletedBlockTransactionScanner
2021-08-15 14:03:50,539 [SCMBlockDeletingService#0] DEBUG block.SCMBlockDeletingService (SCMBlockDeletingService.java:call(133)) - Running DeletedBlockTransactionScanner
2021-08-15 14:03:50,640 [SCMBlockDeletingService#0] DEBUG block.SCMBlockDeletingService (SCMBlockDeletingService.java:call(133)) - Running DeletedBlockTransactionScanner
2021-08-15 14:03:50,740 [SCMBlockDeletingService#0] DEBUG block.SCMBlockDeletingService (SCMBlockDeletingService.java:call(133)) - Running DeletedBlockTransactionScanner
2021-08-15 14:03:50,840 [SCMBlockDeletingService#0] DEBUG block.SCMBlockDeletingService (SCMBlockDeletingService.java:call(133)) - Running DeletedBlockTransactionScanner
2021-08-15 14:03:50,940 [SCMBlockDeletingService#0] DEBUG block.SCMBlockDeletingService (SCMBlockDeletingService.java:call(133)) - Running DeletedBlockTransactionScanner
2021-08-15 14:03:51,040 [SCMBlockDeletingService#0] DEBUG block.SCMBlockDeletingService (SCMBlockDeletingService.java:call(133)) - Running DeletedBlockTransactionScanner
2021-08-15 14:03:51,143 [SCMBlockDeletingService#0] DEBUG block.SCMBlockDeletingService (SCMBlockDeletingService.java:call(133)) - Running DeletedBlockTransactionScanner
2021-08-15 14:03:51,243 [SCMBlockDeletingService#0] DEBUG block.SCMBlockDeletingService (SCMBlockDeletingService.java:call(133)) - Running DeletedBlockTransactionScanner
2021-08-15 14:03:51,343 [SCMBlockDeletingService#0] DEBUG block.SCMBlockDeletingService (SCMBlockDeletingService.java:call(133)) - Running DeletedBlockTransactionScanner
2021-08-15 14:03:51,443 [SCMBlockDeletingService#0] DEBUG block.SCMBlockDeletingService (SCMBlockDeletingService.java:call(133)) - Running DeletedBlockTransactionScanner
2021-08-15 14:03:51,543 [SCMBlockDeletingService#0] DEBUG block.SCMBlockDeletingService (SCMBlockDeletingService.java:call(133)) - Running DeletedBlockTransactionScanner
2021-08-15 14:03:51,644 [SCMBlockDeletingService#0] DEBUG block.SCMBlockDeletingService (SCMBlockDeletingService.java:call(133)) - Running DeletedBlockTransactionScanner
2021-08-15 14:03:51,744 [SCMBlockDeletingService#0] DEBUG block.SCMBlockDeletingService (SCMBlockDeletingService.java:call(133)) - Running DeletedBlockTransactionScanner
2021-08-15 14:03:51,768 [Listener at 127.0.0.1/41905] WARN  commandhandler.TestBlockDeletion (TestBlockDeletion.java:lambda$testBlockDeletion$3(251)) - Verify blocks deletion failed
java.lang.AssertionError: expected null, but was:<[blockId=conID: 28 locID: 107544261427200028 bcsId: 440, size=4194304]>
	at org.junit.Assert.fail(Assert.java:89)
	at org.junit.Assert.failNotNull(Assert.java:756)
	at org.junit.Assert.assertNull(Assert.java:738)
	at org.junit.Assert.assertNull(Assert.java:748)
	at org.apache.hadoop.ozone.container.common.statemachine.commandhandler.TestBlockDeletion.lambda$verifyBlocksDeleted$15(TestBlockDeletion.java:453)
	at org.apache.hadoop.ozone.OzoneTestUtils.performOperationOnKeyContainers(OzoneTestUtils.java:133)
	at org.apache.hadoop.ozone.container.common.statemachine.commandhandler.TestBlockDeletion.verifyBlocksDeleted(TestBlockDeletion.java:442)
	at org.apache.hadoop.ozone.container.common.statemachine.commandhandler.TestBlockDeletion.lambda$testBlockDeletion$3(TestBlockDeletion.java:248)
	at org.apache.ozone.test.GenericTestUtils.waitFor(GenericTestUtils.java:219)
	at org.apache.hadoop.ozone.container.common.statemachine.commandhandler.TestBlockDeletion.testBlockDeletion(TestBlockDeletion.java:246)
	at sun.reflect.NativeMethodAccessorImpl.invoke0(Native Method)
	at sun.reflect.NativeMethodAccessorImpl.invoke(NativeMethodAccessorImpl.java:62)
	at sun.reflect.DelegatingMethodAccessorImpl.invoke(DelegatingMethodAccessorImpl.java:43)
	at java.lang.reflect.Method.invoke(Method.java:498)
	at org.junit.runners.model.FrameworkMethod$1.runReflectiveCall(FrameworkMethod.java:59)
	at org.junit.internal.runners.model.ReflectiveCallable.run(ReflectiveCallable.java:12)
	at org.junit.runners.model.FrameworkMethod.invokeExplosively(FrameworkMethod.java:56)
	at org.junit.internal.runners.statements.InvokeMethod.evaluate(InvokeMethod.java:17)
	at org.junit.internal.runners.statements.RunBefores.evaluate(RunBefores.java:26)
	at org.junit.internal.runners.statements.RunAfters.evaluate(RunAfters.java:27)
	at org.junit.runners.ParentRunner$3.evaluate(ParentRunner.java:306)
	at org.junit.runners.BlockJUnit4ClassRunner$1.evaluate(BlockJUnit4ClassRunner.java:100)
	at org.junit.runners.ParentRunner.runLeaf(ParentRunner.java:366)
	at org.junit.runners.BlockJUnit4ClassRunner.runChild(BlockJUnit4ClassRunner.java:103)
	at org.junit.runners.BlockJUnit4ClassRunner.runChild(BlockJUnit4ClassRunner.java:63)
	at org.junit.runners.ParentRunner$4.run(ParentRunner.java:331)
	at org.junit.runners.ParentRunner$1.schedule(ParentRunner.java:79)
	at org.junit.runners.ParentRunner.runChildren(ParentRunner.java:329)
	at org.junit.runners.ParentRunner.access$100(ParentRunner.java:66)
	at org.junit.runners.ParentRunner$2.evaluate(ParentRunner.java:293)
	at org.junit.runners.ParentRunner$3.evaluate(ParentRunner.java:306)
	at org.junit.runners.ParentRunner.run(ParentRunner.java:413)
	at org.junit.runner.JUnitCore.run(JUnitCore.java:137)
	at org.junit.runner.JUnitCore.run(JUnitCore.java:115)
	at org.junit.vintage.engine.execution.RunnerExecutor.execute(RunnerExecutor.java:43)
	at java.util.stream.ForEachOps$ForEachOp$OfRef.accept(ForEachOps.java:183)
	at java.util.stream.ReferencePipeline$3$1.accept(ReferencePipeline.java:193)
	at java.util.Iterator.forEachRemaining(Iterator.java:116)
	at java.util.Spliterators$IteratorSpliterator.forEachRemaining(Spliterators.java:1801)
	at java.util.stream.AbstractPipeline.copyInto(AbstractPipeline.java:482)
	at java.util.stream.AbstractPipeline.wrapAndCopyInto(AbstractPipeline.java:472)
	at java.util.stream.ForEachOps$ForEachOp.evaluateSequential(ForEachOps.java:150)
	at java.util.stream.ForEachOps$ForEachOp$OfRef.evaluateSequential(ForEachOps.java:173)
	at java.util.stream.AbstractPipeline.evaluate(AbstractPipeline.java:234)
	at java.util.stream.ReferencePipeline.forEach(ReferencePipeline.java:485)
	at org.junit.vintage.engine.VintageTestEngine.executeAllChildren(VintageTestEngine.java:82)
	at org.junit.vintage.engine.VintageTestEngine.execute(VintageTestEngine.java:73)
	at org.junit.platform.launcher.core.EngineExecutionOrchestrator.execute(EngineExecutionOrchestrator.java:108)
	at org.junit.platform.launcher.core.EngineExecutionOrchestrator.execute(EngineExecutionOrchestrator.java:88)
	at org.junit.platform.launcher.core.EngineExecutionOrchestrator.lambda$execute$0(EngineExecutionOrchestrator.java:54)
	at org.junit.platform.launcher.core.EngineExecutionOrchestrator.withInterceptedStreams(EngineExecutionOrchestrator.java:67)
	at org.junit.platform.launcher.core.EngineExecutionOrchestrator.execute(EngineExecutionOrchestrator.java:52)
	at org.junit.platform.launcher.core.DefaultLauncher.execute(DefaultLauncher.java:96)
	at org.junit.platform.launcher.core.DefaultLauncher.execute(DefaultLauncher.java:75)
	at org.apache.maven.surefire.junitplatform.JUnitPlatformProvider.invokeAllTests(JUnitPlatformProvider.java:142)
	at org.apache.maven.surefire.junitplatform.JUnitPlatformProvider.invoke(JUnitPlatformProvider.java:113)
	at org.apache.maven.surefire.booter.ForkedBooter.invokeProviderInSameClassLoader(ForkedBooter.java:384)
	at org.apache.maven.surefire.booter.ForkedBooter.runSuitesInProcess(ForkedBooter.java:345)
	at org.apache.maven.surefire.booter.ForkedBooter.execute(ForkedBooter.java:126)
	at org.apache.maven.surefire.booter.ForkedBooter.main(ForkedBooter.java:418)
2021-08-15 14:03:51,844 [SCMBlockDeletingService#0] DEBUG block.SCMBlockDeletingService (SCMBlockDeletingService.java:call(133)) - Running DeletedBlockTransactionScanner
2021-08-15 14:03:51,944 [SCMBlockDeletingService#0] DEBUG block.SCMBlockDeletingService (SCMBlockDeletingService.java:call(133)) - Running DeletedBlockTransactionScanner
2021-08-15 14:03:52,044 [SCMBlockDeletingService#0] DEBUG block.SCMBlockDeletingService (SCMBlockDeletingService.java:call(133)) - Running DeletedBlockTransactionScanner
2021-08-15 14:03:52,144 [SCMBlockDeletingService#0] DEBUG block.SCMBlockDeletingService (SCMBlockDeletingService.java:call(133)) - Running DeletedBlockTransactionScanner
2021-08-15 14:03:52,244 [SCMBlockDeletingService#0] DEBUG block.SCMBlockDeletingService (SCMBlockDeletingService.java:call(133)) - Running DeletedBlockTransactionScanner
2021-08-15 14:03:52,344 [SCMBlockDeletingService#0] DEBUG block.SCMBlockDeletingService (SCMBlockDeletingService.java:call(133)) - Running DeletedBlockTransactionScanner
2021-08-15 14:03:52,444 [SCMBlockDeletingService#0] DEBUG block.SCMBlockDeletingService (SCMBlockDeletingService.java:call(133)) - Running DeletedBlockTransactionScanner
2021-08-15 14:03:52,544 [SCMBlockDeletingService#0] DEBUG block.SCMBlockDeletingService (SCMBlockDeletingService.java:call(133)) - Running DeletedBlockTransactionScanner
2021-08-15 14:03:52,644 [SCMBlockDeletingService#0] DEBUG block.SCMBlockDeletingService (SCMBlockDeletingService.java:call(133)) - Running DeletedBlockTransactionScanner
2021-08-15 14:03:52,746 [SCMBlockDeletingService#0] DEBUG block.SCMBlockDeletingService (SCMBlockDeletingService.java:call(133)) - Running DeletedBlockTransactionScanner
2021-08-15 14:03:52,851 [SCMBlockDeletingService#0] DEBUG block.SCMBlockDeletingService (SCMBlockDeletingService.java:call(133)) - Running DeletedBlockTransactionScanner
2021-08-15 14:03:52,951 [SCMBlockDeletingService#0] DEBUG block.SCMBlockDeletingService (SCMBlockDeletingService.java:call(133)) - Running DeletedBlockTransactionScanner
2021-08-15 14:03:53,068 [SCMBlockDeletingService#0] DEBUG block.SCMBlockDeletingService (SCMBlockDeletingService.java:call(133)) - Running DeletedBlockTransactionScanner
2021-08-15 14:03:53,168 [SCMBlockDeletingService#0] DEBUG block.SCMBlockDeletingService (SCMBlockDeletingService.java:call(133)) - Running DeletedBlockTransactionScanner
2021-08-15 14:03:53,268 [SCMBlockDeletingService#0] DEBUG block.SCMBlockDeletingService (SCMBlockDeletingService.java:call(133)) - Running DeletedBlockTransactionScanner
2021-08-15 14:03:53,368 [SCMBlockDeletingService#0] DEBUG block.SCMBlockDeletingService (SCMBlockDeletingService.java:call(133)) - Running DeletedBlockTransactionScanner
2021-08-15 14:03:53,468 [SCMBlockDeletingService#0] DEBUG block.SCMBlockDeletingService (SCMBlockDeletingService.java:call(133)) - Running DeletedBlockTransactionScanner
2021-08-15 14:03:53,568 [SCMBlockDeletingService#0] DEBUG block.SCMBlockDeletingService (SCMBlockDeletingService.java:call(133)) - Running DeletedBlockTransactionScanner
2021-08-15 14:03:53,668 [SCMBlockDeletingService#0] DEBUG block.SCMBlockDeletingService (SCMBlockDeletingService.java:call(133)) - Running DeletedBlockTransactionScanner
2021-08-15 14:03:53,771 [SCMBlockDeletingService#0] DEBUG block.SCMBlockDeletingService (SCMBlockDeletingService.java:call(133)) - Running DeletedBlockTransactionScanner
2021-08-15 14:03:53,772 [Listener at 127.0.0.1/41905] WARN  commandhandler.TestBlockDeletion (TestBlockDeletion.java:lambda$testBlockDeletion$3(251)) - Verify blocks deletion failed
java.lang.AssertionError: expected null, but was:<[blockId=conID: 28 locID: 107544261427200028 bcsId: 440, size=4194304]>
	at org.junit.Assert.fail(Assert.java:89)
	at org.junit.Assert.failNotNull(Assert.java:756)
	at org.junit.Assert.assertNull(Assert.java:738)
	at org.junit.Assert.assertNull(Assert.java:748)
	at org.apache.hadoop.ozone.container.common.statemachine.commandhandler.TestBlockDeletion.lambda$verifyBlocksDeleted$15(TestBlockDeletion.java:453)
	at org.apache.hadoop.ozone.OzoneTestUtils.performOperationOnKeyContainers(OzoneTestUtils.java:133)
	at org.apache.hadoop.ozone.container.common.statemachine.commandhandler.TestBlockDeletion.verifyBlocksDeleted(TestBlockDeletion.java:442)
	at org.apache.hadoop.ozone.container.common.statemachine.commandhandler.TestBlockDeletion.lambda$testBlockDeletion$3(TestBlockDeletion.java:248)
	at org.apache.ozone.test.GenericTestUtils.waitFor(GenericTestUtils.java:219)
	at org.apache.hadoop.ozone.container.common.statemachine.commandhandler.TestBlockDeletion.testBlockDeletion(TestBlockDeletion.java:246)
	at sun.reflect.NativeMethodAccessorImpl.invoke0(Native Method)
	at sun.reflect.NativeMethodAccessorImpl.invoke(NativeMethodAccessorImpl.java:62)
	at sun.reflect.DelegatingMethodAccessorImpl.invoke(DelegatingMethodAccessorImpl.java:43)
	at java.lang.reflect.Method.invoke(Method.java:498)
	at org.junit.runners.model.FrameworkMethod$1.runReflectiveCall(FrameworkMethod.java:59)
	at org.junit.internal.runners.model.ReflectiveCallable.run(ReflectiveCallable.java:12)
	at org.junit.runners.model.FrameworkMethod.invokeExplosively(FrameworkMethod.java:56)
	at org.junit.internal.runners.statements.InvokeMethod.evaluate(InvokeMethod.java:17)
	at org.junit.internal.runners.statements.RunBefores.evaluate(RunBefores.java:26)
	at org.junit.internal.runners.statements.RunAfters.evaluate(RunAfters.java:27)
	at org.junit.runners.ParentRunner$3.evaluate(ParentRunner.java:306)
	at org.junit.runners.BlockJUnit4ClassRunner$1.evaluate(BlockJUnit4ClassRunner.java:100)
	at org.junit.runners.ParentRunner.runLeaf(ParentRunner.java:366)
	at org.junit.runners.BlockJUnit4ClassRunner.runChild(BlockJUnit4ClassRunner.java:103)
	at org.junit.runners.BlockJUnit4ClassRunner.runChild(BlockJUnit4ClassRunner.java:63)
	at org.junit.runners.ParentRunner$4.run(ParentRunner.java:331)
	at org.junit.runners.ParentRunner$1.schedule(ParentRunner.java:79)
	at org.junit.runners.ParentRunner.runChildren(ParentRunner.java:329)
	at org.junit.runners.ParentRunner.access$100(ParentRunner.java:66)
	at org.junit.runners.ParentRunner$2.evaluate(ParentRunner.java:293)
	at org.junit.runners.ParentRunner$3.evaluate(ParentRunner.java:306)
	at org.junit.runners.ParentRunner.run(ParentRunner.java:413)
	at org.junit.runner.JUnitCore.run(JUnitCore.java:137)
	at org.junit.runner.JUnitCore.run(JUnitCore.java:115)
	at org.junit.vintage.engine.execution.RunnerExecutor.execute(RunnerExecutor.java:43)
	at java.util.stream.ForEachOps$ForEachOp$OfRef.accept(ForEachOps.java:183)
	at java.util.stream.ReferencePipeline$3$1.accept(ReferencePipeline.java:193)
	at java.util.Iterator.forEachRemaining(Iterator.java:116)
	at java.util.Spliterators$IteratorSpliterator.forEachRemaining(Spliterators.java:1801)
	at java.util.stream.AbstractPipeline.copyInto(AbstractPipeline.java:482)
	at java.util.stream.AbstractPipeline.wrapAndCopyInto(AbstractPipeline.java:472)
	at java.util.stream.ForEachOps$ForEachOp.evaluateSequential(ForEachOps.java:150)
	at java.util.stream.ForEachOps$ForEachOp$OfRef.evaluateSequential(ForEachOps.java:173)
	at java.util.stream.AbstractPipeline.evaluate(AbstractPipeline.java:234)
	at java.util.stream.ReferencePipeline.forEach(ReferencePipeline.java:485)
	at org.junit.vintage.engine.VintageTestEngine.executeAllChildren(VintageTestEngine.java:82)
	at org.junit.vintage.engine.VintageTestEngine.execute(VintageTestEngine.java:73)
	at org.junit.platform.launcher.core.EngineExecutionOrchestrator.execute(EngineExecutionOrchestrator.java:108)
	at org.junit.platform.launcher.core.EngineExecutionOrchestrator.execute(EngineExecutionOrchestrator.java:88)
	at org.junit.platform.launcher.core.EngineExecutionOrchestrator.lambda$execute$0(EngineExecutionOrchestrator.java:54)
	at org.junit.platform.launcher.core.EngineExecutionOrchestrator.withInterceptedStreams(EngineExecutionOrchestrator.java:67)
	at org.junit.platform.launcher.core.EngineExecutionOrchestrator.execute(EngineExecutionOrchestrator.java:52)
	at org.junit.platform.launcher.core.DefaultLauncher.execute(DefaultLauncher.java:96)
	at org.junit.platform.launcher.core.DefaultLauncher.execute(DefaultLauncher.java:75)
	at org.apache.maven.surefire.junitplatform.JUnitPlatformProvider.invokeAllTests(JUnitPlatformProvider.java:142)
	at org.apache.maven.surefire.junitplatform.JUnitPlatformProvider.invoke(JUnitPlatformProvider.java:113)
	at org.apache.maven.surefire.booter.ForkedBooter.invokeProviderInSameClassLoader(ForkedBooter.java:384)
	at org.apache.maven.surefire.booter.ForkedBooter.runSuitesInProcess(ForkedBooter.java:345)
	at org.apache.maven.surefire.booter.ForkedBooter.execute(ForkedBooter.java:126)
	at org.apache.maven.surefire.booter.ForkedBooter.main(ForkedBooter.java:418)
2021-08-15 14:03:53,871 [SCMBlockDeletingService#0] DEBUG block.SCMBlockDeletingService (SCMBlockDeletingService.java:call(133)) - Running DeletedBlockTransactionScanner
2021-08-15 14:03:53,971 [SCMBlockDeletingService#0] DEBUG block.SCMBlockDeletingService (SCMBlockDeletingService.java:call(133)) - Running DeletedBlockTransactionScanner
2021-08-15 14:03:54,071 [SCMBlockDeletingService#0] DEBUG block.SCMBlockDeletingService (SCMBlockDeletingService.java:call(133)) - Running DeletedBlockTransactionScanner
2021-08-15 14:03:54,171 [SCMBlockDeletingService#0] DEBUG block.SCMBlockDeletingService (SCMBlockDeletingService.java:call(133)) - Running DeletedBlockTransactionScanner
2021-08-15 14:03:54,272 [SCMBlockDeletingService#0] DEBUG block.SCMBlockDeletingService (SCMBlockDeletingService.java:call(133)) - Running DeletedBlockTransactionScanner
2021-08-15 14:03:54,372 [SCMBlockDeletingService#0] DEBUG block.SCMBlockDeletingService (SCMBlockDeletingService.java:call(133)) - Running DeletedBlockTransactionScanner
2021-08-15 14:03:54,472 [SCMBlockDeletingService#0] DEBUG block.SCMBlockDeletingService (SCMBlockDeletingService.java:call(133)) - Running DeletedBlockTransactionScanner
2021-08-15 14:03:54,572 [SCMBlockDeletingService#0] DEBUG block.SCMBlockDeletingService (SCMBlockDeletingService.java:call(133)) - Running DeletedBlockTransactionScanner
2021-08-15 14:03:54,672 [SCMBlockDeletingService#0] DEBUG block.SCMBlockDeletingService (SCMBlockDeletingService.java:call(133)) - Running DeletedBlockTransactionScanner
2021-08-15 14:03:54,772 [SCMBlockDeletingService#0] DEBUG block.SCMBlockDeletingService (SCMBlockDeletingService.java:call(133)) - Running DeletedBlockTransactionScanner
2021-08-15 14:03:54,872 [SCMBlockDeletingService#0] DEBUG block.SCMBlockDeletingService (SCMBlockDeletingService.java:call(133)) - Running DeletedBlockTransactionScanner
2021-08-15 14:03:54,972 [SCMBlockDeletingService#0] DEBUG block.SCMBlockDeletingService (SCMBlockDeletingService.java:call(133)) - Running DeletedBlockTransactionScanner
2021-08-15 14:03:55,072 [SCMBlockDeletingService#0] DEBUG block.SCMBlockDeletingService (SCMBlockDeletingService.java:call(133)) - Running DeletedBlockTransactionScanner
2021-08-15 14:03:55,173 [SCMBlockDeletingService#0] DEBUG block.SCMBlockDeletingService (SCMBlockDeletingService.java:call(133)) - Running DeletedBlockTransactionScanner
2021-08-15 14:03:55,276 [SCMBlockDeletingService#0] DEBUG block.SCMBlockDeletingService (SCMBlockDeletingService.java:call(133)) - Running DeletedBlockTransactionScanner
2021-08-15 14:03:55,376 [SCMBlockDeletingService#0] DEBUG block.SCMBlockDeletingService (SCMBlockDeletingService.java:call(133)) - Running DeletedBlockTransactionScanner
2021-08-15 14:03:55,476 [SCMBlockDeletingService#0] DEBUG block.SCMBlockDeletingService (SCMBlockDeletingService.java:call(133)) - Running DeletedBlockTransactionScanner
2021-08-15 14:03:55,576 [SCMBlockDeletingService#0] DEBUG block.SCMBlockDeletingService (SCMBlockDeletingService.java:call(133)) - Running DeletedBlockTransactionScanner
2021-08-15 14:03:55,676 [SCMBlockDeletingService#0] DEBUG block.SCMBlockDeletingService (SCMBlockDeletingService.java:call(133)) - Running DeletedBlockTransactionScanner
2021-08-15 14:03:55,773 [Listener at 127.0.0.1/41905] WARN  commandhandler.TestBlockDeletion (TestBlockDeletion.java:lambda$testBlockDeletion$3(251)) - Verify blocks deletion failed
java.lang.AssertionError: expected null, but was:<[blockId=conID: 28 locID: 107544261427200028 bcsId: 440, size=4194304]>
	at org.junit.Assert.fail(Assert.java:89)
	at org.junit.Assert.failNotNull(Assert.java:756)
	at org.junit.Assert.assertNull(Assert.java:738)
	at org.junit.Assert.assertNull(Assert.java:748)
	at org.apache.hadoop.ozone.container.common.statemachine.commandhandler.TestBlockDeletion.lambda$verifyBlocksDeleted$15(TestBlockDeletion.java:453)
	at org.apache.hadoop.ozone.OzoneTestUtils.performOperationOnKeyContainers(OzoneTestUtils.java:133)
	at org.apache.hadoop.ozone.container.common.statemachine.commandhandler.TestBlockDeletion.verifyBlocksDeleted(TestBlockDeletion.java:442)
	at org.apache.hadoop.ozone.container.common.statemachine.commandhandler.TestBlockDeletion.lambda$testBlockDeletion$3(TestBlockDeletion.java:248)
	at org.apache.ozone.test.GenericTestUtils.waitFor(GenericTestUtils.java:219)
	at org.apache.hadoop.ozone.container.common.statemachine.commandhandler.TestBlockDeletion.testBlockDeletion(TestBlockDeletion.java:246)
	at sun.reflect.NativeMethodAccessorImpl.invoke0(Native Method)
	at sun.reflect.NativeMethodAccessorImpl.invoke(NativeMethodAccessorImpl.java:62)
	at sun.reflect.DelegatingMethodAccessorImpl.invoke(DelegatingMethodAccessorImpl.java:43)
	at java.lang.reflect.Method.invoke(Method.java:498)
	at org.junit.runners.model.FrameworkMethod$1.runReflectiveCall(FrameworkMethod.java:59)
	at org.junit.internal.runners.model.ReflectiveCallable.run(ReflectiveCallable.java:12)
	at org.junit.runners.model.FrameworkMethod.invokeExplosively(FrameworkMethod.java:56)
	at org.junit.internal.runners.statements.InvokeMethod.evaluate(InvokeMethod.java:17)
	at org.junit.internal.runners.statements.RunBefores.evaluate(RunBefores.java:26)
	at org.junit.internal.runners.statements.RunAfters.evaluate(RunAfters.java:27)
	at org.junit.runners.ParentRunner$3.evaluate(ParentRunner.java:306)
	at org.junit.runners.BlockJUnit4ClassRunner$1.evaluate(BlockJUnit4ClassRunner.java:100)
	at org.junit.runners.ParentRunner.runLeaf(ParentRunner.java:366)
	at org.junit.runners.BlockJUnit4ClassRunner.runChild(BlockJUnit4ClassRunner.java:103)
	at org.junit.runners.BlockJUnit4ClassRunner.runChild(BlockJUnit4ClassRunner.java:63)
	at org.junit.runners.ParentRunner$4.run(ParentRunner.java:331)
	at org.junit.runners.ParentRunner$1.schedule(ParentRunner.java:79)
	at org.junit.runners.ParentRunner.runChildren(ParentRunner.java:329)
	at org.junit.runners.ParentRunner.access$100(ParentRunner.java:66)
	at org.junit.runners.ParentRunner$2.evaluate(ParentRunner.java:293)
	at org.junit.runners.ParentRunner$3.evaluate(ParentRunner.java:306)
	at org.junit.runners.ParentRunner.run(ParentRunner.java:413)
	at org.junit.runner.JUnitCore.run(JUnitCore.java:137)
	at org.junit.runner.JUnitCore.run(JUnitCore.java:115)
	at org.junit.vintage.engine.execution.RunnerExecutor.execute(RunnerExecutor.java:43)
	at java.util.stream.ForEachOps$ForEachOp$OfRef.accept(ForEachOps.java:183)
	at java.util.stream.ReferencePipeline$3$1.accept(ReferencePipeline.java:193)
	at java.util.Iterator.forEachRemaining(Iterator.java:116)
	at java.util.Spliterators$IteratorSpliterator.forEachRemaining(Spliterators.java:1801)
	at java.util.stream.AbstractPipeline.copyInto(AbstractPipeline.java:482)
	at java.util.stream.AbstractPipeline.wrapAndCopyInto(AbstractPipeline.java:472)
	at java.util.stream.ForEachOps$ForEachOp.evaluateSequential(ForEachOps.java:150)
	at java.util.stream.ForEachOps$ForEachOp$OfRef.evaluateSequential(ForEachOps.java:173)
	at java.util.stream.AbstractPipeline.evaluate(AbstractPipeline.java:234)
	at java.util.stream.ReferencePipeline.forEach(ReferencePipeline.java:485)
	at org.junit.vintage.engine.VintageTestEngine.executeAllChildren(VintageTestEngine.java:82)
	at org.junit.vintage.engine.VintageTestEngine.execute(VintageTestEngine.java:73)
	at org.junit.platform.launcher.core.EngineExecutionOrchestrator.execute(EngineExecutionOrchestrator.java:108)
	at org.junit.platform.launcher.core.EngineExecutionOrchestrator.execute(EngineExecutionOrchestrator.java:88)
	at org.junit.platform.launcher.core.EngineExecutionOrchestrator.lambda$execute$0(EngineExecutionOrchestrator.java:54)
	at org.junit.platform.launcher.core.EngineExecutionOrchestrator.withInterceptedStreams(EngineExecutionOrchestrator.java:67)
	at org.junit.platform.launcher.core.EngineExecutionOrchestrator.execute(EngineExecutionOrchestrator.java:52)
	at org.junit.platform.launcher.core.DefaultLauncher.execute(DefaultLauncher.java:96)
	at org.junit.platform.launcher.core.DefaultLauncher.execute(DefaultLauncher.java:75)
	at org.apache.maven.surefire.junitplatform.JUnitPlatformProvider.invokeAllTests(JUnitPlatformProvider.java:142)
	at org.apache.maven.surefire.junitplatform.JUnitPlatformProvider.invoke(JUnitPlatformProvider.java:113)
	at org.apache.maven.surefire.booter.ForkedBooter.invokeProviderInSameClassLoader(ForkedBooter.java:384)
	at org.apache.maven.surefire.booter.ForkedBooter.runSuitesInProcess(ForkedBooter.java:345)
	at org.apache.maven.surefire.booter.ForkedBooter.execute(ForkedBooter.java:126)
	at org.apache.maven.surefire.booter.ForkedBooter.main(ForkedBooter.java:418)
2021-08-15 14:03:55,776 [SCMBlockDeletingService#0] DEBUG block.SCMBlockDeletingService (SCMBlockDeletingService.java:call(133)) - Running DeletedBlockTransactionScanner
2021-08-15 14:03:55,876 [SCMBlockDeletingService#0] DEBUG block.SCMBlockDeletingService (SCMBlockDeletingService.java:call(133)) - Running DeletedBlockTransactionScanner
2021-08-15 14:03:55,976 [SCMBlockDeletingService#0] DEBUG block.SCMBlockDeletingService (SCMBlockDeletingService.java:call(133)) - Running DeletedBlockTransactionScanner
2021-08-15 14:03:56,076 [SCMBlockDeletingService#0] DEBUG block.SCMBlockDeletingService (SCMBlockDeletingService.java:call(133)) - Running DeletedBlockTransactionScanner
2021-08-15 14:03:56,176 [SCMBlockDeletingService#0] DEBUG block.SCMBlockDeletingService (SCMBlockDeletingService.java:call(133)) - Running DeletedBlockTransactionScanner
2021-08-15 14:03:56,277 [SCMBlockDeletingService#0] DEBUG block.SCMBlockDeletingService (SCMBlockDeletingService.java:call(133)) - Running DeletedBlockTransactionScanner
2021-08-15 14:03:56,377 [SCMBlockDeletingService#0] DEBUG block.SCMBlockDeletingService (SCMBlockDeletingService.java:call(133)) - Running DeletedBlockTransactionScanner
2021-08-15 14:03:56,477 [SCMBlockDeletingService#0] DEBUG block.SCMBlockDeletingService (SCMBlockDeletingService.java:call(133)) - Running DeletedBlockTransactionScanner
2021-08-15 14:03:56,577 [SCMBlockDeletingService#0] DEBUG block.SCMBlockDeletingService (SCMBlockDeletingService.java:call(133)) - Running DeletedBlockTransactionScanner
2021-08-15 14:03:56,677 [SCMBlockDeletingService#0] DEBUG block.SCMBlockDeletingService (SCMBlockDeletingService.java:call(133)) - Running DeletedBlockTransactionScanner
2021-08-15 14:03:56,777 [SCMBlockDeletingService#0] DEBUG block.SCMBlockDeletingService (SCMBlockDeletingService.java:call(133)) - Running DeletedBlockTransactionScanner
2021-08-15 14:03:56,880 [SCMBlockDeletingService#0] DEBUG block.SCMBlockDeletingService (SCMBlockDeletingService.java:call(133)) - Running DeletedBlockTransactionScanner
2021-08-15 14:03:56,980 [SCMBlockDeletingService#0] DEBUG block.SCMBlockDeletingService (SCMBlockDeletingService.java:call(133)) - Running DeletedBlockTransactionScanner
2021-08-15 14:03:57,082 [SCMBlockDeletingService#0] DEBUG block.SCMBlockDeletingService (SCMBlockDeletingService.java:call(133)) - Running DeletedBlockTransactionScanner
2021-08-15 14:03:57,182 [SCMBlockDeletingService#0] DEBUG block.SCMBlockDeletingService (SCMBlockDeletingService.java:call(133)) - Running DeletedBlockTransactionScanner
2021-08-15 14:03:57,288 [SCMBlockDeletingService#0] DEBUG block.SCMBlockDeletingService (SCMBlockDeletingService.java:call(133)) - Running DeletedBlockTransactionScanner
2021-08-15 14:03:57,388 [SCMBlockDeletingService#0] DEBUG block.SCMBlockDeletingService (SCMBlockDeletingService.java:call(133)) - Running DeletedBlockTransactionScanner
2021-08-15 14:03:57,491 [SCMBlockDeletingService#0] DEBUG block.SCMBlockDeletingService (SCMBlockDeletingService.java:call(133)) - Running DeletedBlockTransactionScanner
2021-08-15 14:03:57,591 [SCMBlockDeletingService#0] DEBUG block.SCMBlockDeletingService (SCMBlockDeletingService.java:call(133)) - Running DeletedBlockTransactionScanner
2021-08-15 14:03:57,691 [SCMBlockDeletingService#0] DEBUG block.SCMBlockDeletingService (SCMBlockDeletingService.java:call(133)) - Running DeletedBlockTransactionScanner
2021-08-15 14:03:57,774 [Listener at 127.0.0.1/41905] WARN  commandhandler.TestBlockDeletion (TestBlockDeletion.java:lambda$testBlockDeletion$3(251)) - Verify blocks deletion failed
java.lang.AssertionError: expected null, but was:<[blockId=conID: 28 locID: 107544261427200028 bcsId: 440, size=4194304]>
	at org.junit.Assert.fail(Assert.java:89)
	at org.junit.Assert.failNotNull(Assert.java:756)
	at org.junit.Assert.assertNull(Assert.java:738)
	at org.junit.Assert.assertNull(Assert.java:748)
	at org.apache.hadoop.ozone.container.common.statemachine.commandhandler.TestBlockDeletion.lambda$verifyBlocksDeleted$15(TestBlockDeletion.java:453)
	at org.apache.hadoop.ozone.OzoneTestUtils.performOperationOnKeyContainers(OzoneTestUtils.java:133)
	at org.apache.hadoop.ozone.container.common.statemachine.commandhandler.TestBlockDeletion.verifyBlocksDeleted(TestBlockDeletion.java:442)
	at org.apache.hadoop.ozone.container.common.statemachine.commandhandler.TestBlockDeletion.lambda$testBlockDeletion$3(TestBlockDeletion.java:248)
	at org.apache.ozone.test.GenericTestUtils.waitFor(GenericTestUtils.java:219)
	at org.apache.hadoop.ozone.container.common.statemachine.commandhandler.TestBlockDeletion.testBlockDeletion(TestBlockDeletion.java:246)
	at sun.reflect.NativeMethodAccessorImpl.invoke0(Native Method)
	at sun.reflect.NativeMethodAccessorImpl.invoke(NativeMethodAccessorImpl.java:62)
	at sun.reflect.DelegatingMethodAccessorImpl.invoke(DelegatingMethodAccessorImpl.java:43)
	at java.lang.reflect.Method.invoke(Method.java:498)
	at org.junit.runners.model.FrameworkMethod$1.runReflectiveCall(FrameworkMethod.java:59)
	at org.junit.internal.runners.model.ReflectiveCallable.run(ReflectiveCallable.java:12)
	at org.junit.runners.model.FrameworkMethod.invokeExplosively(FrameworkMethod.java:56)
	at org.junit.internal.runners.statements.InvokeMethod.evaluate(InvokeMethod.java:17)
	at org.junit.internal.runners.statements.RunBefores.evaluate(RunBefores.java:26)
	at org.junit.internal.runners.statements.RunAfters.evaluate(RunAfters.java:27)
	at org.junit.runners.ParentRunner$3.evaluate(ParentRunner.java:306)
	at org.junit.runners.BlockJUnit4ClassRunner$1.evaluate(BlockJUnit4ClassRunner.java:100)
	at org.junit.runners.ParentRunner.runLeaf(ParentRunner.java:366)
	at org.junit.runners.BlockJUnit4ClassRunner.runChild(BlockJUnit4ClassRunner.java:103)
	at org.junit.runners.BlockJUnit4ClassRunner.runChild(BlockJUnit4ClassRunner.java:63)
	at org.junit.runners.ParentRunner$4.run(ParentRunner.java:331)
	at org.junit.runners.ParentRunner$1.schedule(ParentRunner.java:79)
	at org.junit.runners.ParentRunner.runChildren(ParentRunner.java:329)
	at org.junit.runners.ParentRunner.access$100(ParentRunner.java:66)
	at org.junit.runners.ParentRunner$2.evaluate(ParentRunner.java:293)
	at org.junit.runners.ParentRunner$3.evaluate(ParentRunner.java:306)
	at org.junit.runners.ParentRunner.run(ParentRunner.java:413)
	at org.junit.runner.JUnitCore.run(JUnitCore.java:137)
	at org.junit.runner.JUnitCore.run(JUnitCore.java:115)
	at org.junit.vintage.engine.execution.RunnerExecutor.execute(RunnerExecutor.java:43)
	at java.util.stream.ForEachOps$ForEachOp$OfRef.accept(ForEachOps.java:183)
	at java.util.stream.ReferencePipeline$3$1.accept(ReferencePipeline.java:193)
	at java.util.Iterator.forEachRemaining(Iterator.java:116)
	at java.util.Spliterators$IteratorSpliterator.forEachRemaining(Spliterators.java:1801)
	at java.util.stream.AbstractPipeline.copyInto(AbstractPipeline.java:482)
	at java.util.stream.AbstractPipeline.wrapAndCopyInto(AbstractPipeline.java:472)
	at java.util.stream.ForEachOps$ForEachOp.evaluateSequential(ForEachOps.java:150)
	at java.util.stream.ForEachOps$ForEachOp$OfRef.evaluateSequential(ForEachOps.java:173)
	at java.util.stream.AbstractPipeline.evaluate(AbstractPipeline.java:234)
	at java.util.stream.ReferencePipeline.forEach(ReferencePipeline.java:485)
	at org.junit.vintage.engine.VintageTestEngine.executeAllChildren(VintageTestEngine.java:82)
	at org.junit.vintage.engine.VintageTestEngine.execute(VintageTestEngine.java:73)
	at org.junit.platform.launcher.core.EngineExecutionOrchestrator.execute(EngineExecutionOrchestrator.java:108)
	at org.junit.platform.launcher.core.EngineExecutionOrchestrator.execute(EngineExecutionOrchestrator.java:88)
	at org.junit.platform.launcher.core.EngineExecutionOrchestrator.lambda$execute$0(EngineExecutionOrchestrator.java:54)
	at org.junit.platform.launcher.core.EngineExecutionOrchestrator.withInterceptedStreams(EngineExecutionOrchestrator.java:67)
	at org.junit.platform.launcher.core.EngineExecutionOrchestrator.execute(EngineExecutionOrchestrator.java:52)
	at org.junit.platform.launcher.core.DefaultLauncher.execute(DefaultLauncher.java:96)
	at org.junit.platform.launcher.core.DefaultLauncher.execute(DefaultLauncher.java:75)
	at org.apache.maven.surefire.junitplatform.JUnitPlatformProvider.invokeAllTests(JUnitPlatformProvider.java:142)
	at org.apache.maven.surefire.junitplatform.JUnitPlatformProvider.invoke(JUnitPlatformProvider.java:113)
	at org.apache.maven.surefire.booter.ForkedBooter.invokeProviderInSameClassLoader(ForkedBooter.java:384)
	at org.apache.maven.surefire.booter.ForkedBooter.runSuitesInProcess(ForkedBooter.java:345)
	at org.apache.maven.surefire.booter.ForkedBooter.execute(ForkedBooter.java:126)
	at org.apache.maven.surefire.booter.ForkedBooter.main(ForkedBooter.java:418)
2021-08-15 14:03:57,791 [SCMBlockDeletingService#0] DEBUG block.SCMBlockDeletingService (SCMBlockDeletingService.java:call(133)) - Running DeletedBlockTransactionScanner
2021-08-15 14:03:57,893 [SCMBlockDeletingService#0] DEBUG block.SCMBlockDeletingService (SCMBlockDeletingService.java:call(133)) - Running DeletedBlockTransactionScanner
2021-08-15 14:03:57,993 [SCMBlockDeletingService#0] DEBUG block.SCMBlockDeletingService (SCMBlockDeletingService.java:call(133)) - Running DeletedBlockTransactionScanner
2021-08-15 14:03:58,093 [SCMBlockDeletingService#0] DEBUG block.SCMBlockDeletingService (SCMBlockDeletingService.java:call(133)) - Running DeletedBlockTransactionScanner
2021-08-15 14:03:58,193 [SCMBlockDeletingService#0] DEBUG block.SCMBlockDeletingService (SCMBlockDeletingService.java:call(133)) - Running DeletedBlockTransactionScanner
2021-08-15 14:03:58,298 [SCMBlockDeletingService#0] DEBUG block.SCMBlockDeletingService (SCMBlockDeletingService.java:call(133)) - Running DeletedBlockTransactionScanner
2021-08-15 14:03:58,398 [SCMBlockDeletingService#0] DEBUG block.SCMBlockDeletingService (SCMBlockDeletingService.java:call(133)) - Running DeletedBlockTransactionScanner
2021-08-15 14:03:58,498 [SCMBlockDeletingService#0] DEBUG block.SCMBlockDeletingService (SCMBlockDeletingService.java:call(133)) - Running DeletedBlockTransactionScanner
2021-08-15 14:03:58,598 [SCMBlockDeletingService#0] DEBUG block.SCMBlockDeletingService (SCMBlockDeletingService.java:call(133)) - Running DeletedBlockTransactionScanner
2021-08-15 14:03:58,698 [SCMBlockDeletingService#0] DEBUG block.SCMBlockDeletingService (SCMBlockDeletingService.java:call(133)) - Running DeletedBlockTransactionScanner
2021-08-15 14:03:58,799 [SCMBlockDeletingService#0] DEBUG block.SCMBlockDeletingService (SCMBlockDeletingService.java:call(133)) - Running DeletedBlockTransactionScanner
2021-08-15 14:03:58,899 [SCMBlockDeletingService#0] DEBUG block.SCMBlockDeletingService (SCMBlockDeletingService.java:call(133)) - Running DeletedBlockTransactionScanner
2021-08-15 14:03:58,999 [SCMBlockDeletingService#0] DEBUG block.SCMBlockDeletingService (SCMBlockDeletingService.java:call(133)) - Running DeletedBlockTransactionScanner
2021-08-15 14:03:59,099 [SCMBlockDeletingService#0] DEBUG block.SCMBlockDeletingService (SCMBlockDeletingService.java:call(133)) - Running DeletedBlockTransactionScanner
2021-08-15 14:03:59,200 [SCMBlockDeletingService#0] DEBUG block.SCMBlockDeletingService (SCMBlockDeletingService.java:call(133)) - Running DeletedBlockTransactionScanner
2021-08-15 14:03:59,300 [SCMBlockDeletingService#0] DEBUG block.SCMBlockDeletingService (SCMBlockDeletingService.java:call(133)) - Running DeletedBlockTransactionScanner
2021-08-15 14:03:59,400 [SCMBlockDeletingService#0] DEBUG block.SCMBlockDeletingService (SCMBlockDeletingService.java:call(133)) - Running DeletedBlockTransactionScanner
2021-08-15 14:03:59,500 [SCMBlockDeletingService#0] DEBUG block.SCMBlockDeletingService (SCMBlockDeletingService.java:call(133)) - Running DeletedBlockTransactionScanner
2021-08-15 14:03:59,600 [SCMBlockDeletingService#0] DEBUG block.SCMBlockDeletingService (SCMBlockDeletingService.java:call(133)) - Running DeletedBlockTransactionScanner
2021-08-15 14:03:59,700 [SCMBlockDeletingService#0] DEBUG block.SCMBlockDeletingService (SCMBlockDeletingService.java:call(133)) - Running DeletedBlockTransactionScanner
2021-08-15 14:03:59,776 [Listener at 127.0.0.1/41905] WARN  commandhandler.TestBlockDeletion (TestBlockDeletion.java:lambda$testBlockDeletion$3(251)) - Verify blocks deletion failed
java.lang.AssertionError: expected null, but was:<[blockId=conID: 28 locID: 107544261427200028 bcsId: 440, size=4194304]>
	at org.junit.Assert.fail(Assert.java:89)
	at org.junit.Assert.failNotNull(Assert.java:756)
	at org.junit.Assert.assertNull(Assert.java:738)
	at org.junit.Assert.assertNull(Assert.java:748)
	at org.apache.hadoop.ozone.container.common.statemachine.commandhandler.TestBlockDeletion.lambda$verifyBlocksDeleted$15(TestBlockDeletion.java:453)
	at org.apache.hadoop.ozone.OzoneTestUtils.performOperationOnKeyContainers(OzoneTestUtils.java:133)
	at org.apache.hadoop.ozone.container.common.statemachine.commandhandler.TestBlockDeletion.verifyBlocksDeleted(TestBlockDeletion.java:442)
	at org.apache.hadoop.ozone.container.common.statemachine.commandhandler.TestBlockDeletion.lambda$testBlockDeletion$3(TestBlockDeletion.java:248)
	at org.apache.ozone.test.GenericTestUtils.waitFor(GenericTestUtils.java:219)
	at org.apache.hadoop.ozone.container.common.statemachine.commandhandler.TestBlockDeletion.testBlockDeletion(TestBlockDeletion.java:246)
	at sun.reflect.NativeMethodAccessorImpl.invoke0(Native Method)
	at sun.reflect.NativeMethodAccessorImpl.invoke(NativeMethodAccessorImpl.java:62)
	at sun.reflect.DelegatingMethodAccessorImpl.invoke(DelegatingMethodAccessorImpl.java:43)
	at java.lang.reflect.Method.invoke(Method.java:498)
	at org.junit.runners.model.FrameworkMethod$1.runReflectiveCall(FrameworkMethod.java:59)
	at org.junit.internal.runners.model.ReflectiveCallable.run(ReflectiveCallable.java:12)
	at org.junit.runners.model.FrameworkMethod.invokeExplosively(FrameworkMethod.java:56)
	at org.junit.internal.runners.statements.InvokeMethod.evaluate(InvokeMethod.java:17)
	at org.junit.internal.runners.statements.RunBefores.evaluate(RunBefores.java:26)
	at org.junit.internal.runners.statements.RunAfters.evaluate(RunAfters.java:27)
	at org.junit.runners.ParentRunner$3.evaluate(ParentRunner.java:306)
	at org.junit.runners.BlockJUnit4ClassRunner$1.evaluate(BlockJUnit4ClassRunner.java:100)
	at org.junit.runners.ParentRunner.runLeaf(ParentRunner.java:366)
	at org.junit.runners.BlockJUnit4ClassRunner.runChild(BlockJUnit4ClassRunner.java:103)
	at org.junit.runners.BlockJUnit4ClassRunner.runChild(BlockJUnit4ClassRunner.java:63)
	at org.junit.runners.ParentRunner$4.run(ParentRunner.java:331)
	at org.junit.runners.ParentRunner$1.schedule(ParentRunner.java:79)
	at org.junit.runners.ParentRunner.runChildren(ParentRunner.java:329)
	at org.junit.runners.ParentRunner.access$100(ParentRunner.java:66)
	at org.junit.runners.ParentRunner$2.evaluate(ParentRunner.java:293)
	at org.junit.runners.ParentRunner$3.evaluate(ParentRunner.java:306)
	at org.junit.runners.ParentRunner.run(ParentRunner.java:413)
	at org.junit.runner.JUnitCore.run(JUnitCore.java:137)
	at org.junit.runner.JUnitCore.run(JUnitCore.java:115)
	at org.junit.vintage.engine.execution.RunnerExecutor.execute(RunnerExecutor.java:43)
	at java.util.stream.ForEachOps$ForEachOp$OfRef.accept(ForEachOps.java:183)
	at java.util.stream.ReferencePipeline$3$1.accept(ReferencePipeline.java:193)
	at java.util.Iterator.forEachRemaining(Iterator.java:116)
	at java.util.Spliterators$IteratorSpliterator.forEachRemaining(Spliterators.java:1801)
	at java.util.stream.AbstractPipeline.copyInto(AbstractPipeline.java:482)
	at java.util.stream.AbstractPipeline.wrapAndCopyInto(AbstractPipeline.java:472)
	at java.util.stream.ForEachOps$ForEachOp.evaluateSequential(ForEachOps.java:150)
	at java.util.stream.ForEachOps$ForEachOp$OfRef.evaluateSequential(ForEachOps.java:173)
	at java.util.stream.AbstractPipeline.evaluate(AbstractPipeline.java:234)
	at java.util.stream.ReferencePipeline.forEach(ReferencePipeline.java:485)
	at org.junit.vintage.engine.VintageTestEngine.executeAllChildren(VintageTestEngine.java:82)
	at org.junit.vintage.engine.VintageTestEngine.execute(VintageTestEngine.java:73)
	at org.junit.platform.launcher.core.EngineExecutionOrchestrator.execute(EngineExecutionOrchestrator.java:108)
	at org.junit.platform.launcher.core.EngineExecutionOrchestrator.execute(EngineExecutionOrchestrator.java:88)
	at org.junit.platform.launcher.core.EngineExecutionOrchestrator.lambda$execute$0(EngineExecutionOrchestrator.java:54)
	at org.junit.platform.launcher.core.EngineExecutionOrchestrator.withInterceptedStreams(EngineExecutionOrchestrator.java:67)
	at org.junit.platform.launcher.core.EngineExecutionOrchestrator.execute(EngineExecutionOrchestrator.java:52)
	at org.junit.platform.launcher.core.DefaultLauncher.execute(DefaultLauncher.java:96)
	at org.junit.platform.launcher.core.DefaultLauncher.execute(DefaultLauncher.java:75)
	at org.apache.maven.surefire.junitplatform.JUnitPlatformProvider.invokeAllTests(JUnitPlatformProvider.java:142)
	at org.apache.maven.surefire.junitplatform.JUnitPlatformProvider.invoke(JUnitPlatformProvider.java:113)
	at org.apache.maven.surefire.booter.ForkedBooter.invokeProviderInSameClassLoader(ForkedBooter.java:384)
	at org.apache.maven.surefire.booter.ForkedBooter.runSuitesInProcess(ForkedBooter.java:345)
	at org.apache.maven.surefire.booter.ForkedBooter.execute(ForkedBooter.java:126)
	at org.apache.maven.surefire.booter.ForkedBooter.main(ForkedBooter.java:418)
2021-08-15 14:03:59,800 [SCMBlockDeletingService#0] DEBUG block.SCMBlockDeletingService (SCMBlockDeletingService.java:call(133)) - Running DeletedBlockTransactionScanner
2021-08-15 14:03:59,900 [SCMBlockDeletingService#0] DEBUG block.SCMBlockDeletingService (SCMBlockDeletingService.java:call(133)) - Running DeletedBlockTransactionScanner
2021-08-15 14:03:59,960 [Listener at 127.0.0.1/41905] INFO  ozone.MiniOzoneClusterImpl (MiniOzoneClusterImpl.java:shutdown(453)) - Shutting down the Mini Ozone Cluster
2021-08-15 14:03:59,960 [Listener at 127.0.0.1/41905] INFO  ozone.MiniOzoneClusterImpl (MiniOzoneClusterImpl.java:stop(468)) - Stopping the Mini Ozone Cluster
2021-08-15 14:03:59,960 [Listener at 127.0.0.1/41905] INFO  ozone.MiniOzoneClusterImpl (MiniOzoneClusterImpl.java:stopOM(550)) - Stopping the OzoneManager
2021-08-15 14:03:59,961 [Listener at 127.0.0.1/41905] INFO  om.OzoneManager (OzoneManager.java:stop(1632)) - Stopping Ozone Manager
2021-08-15 14:03:59,961 [Listener at 127.0.0.1/41905] INFO  ipc.Server (Server.java:stop(3414)) - Stopping server on 41905
2021-08-15 14:03:59,964 [IPC Server listener on 0] INFO  ipc.Server (Server.java:run(1376)) - Stopping IPC Server listener on 0
2021-08-15 14:03:59,970 [IPC Server Responder] INFO  ipc.Server (Server.java:run(1512)) - Stopping IPC Server Responder
2021-08-15 14:03:59,980 [Listener at 127.0.0.1/41905] INFO  server.RaftServer (RaftServerProxy.java:lambda$close$6(391)) - om1: close
2021-08-15 14:03:59,980 [Listener at 127.0.0.1/41905] INFO  server.RaftServer$Division (RaftServerImpl.java:lambda$close$4(407)) - om1@group-C5BA1605619E: shutdown
2021-08-15 14:03:59,980 [Listener at 127.0.0.1/41905] INFO  util.JmxRegister (JmxRegister.java:unregister(73)) - Successfully un-registered JMX Bean with object name Ratis:service=RaftServer,group=group-C5BA1605619E,id=om1
2021-08-15 14:03:59,980 [Listener at 127.0.0.1/41905] INFO  impl.RoleInfo (RoleInfo.java:shutdownLeaderState(91)) - om1: shutdown om1@group-C5BA1605619E-LeaderStateImpl
2021-08-15 14:03:59,980 [Listener at 127.0.0.1/41905] INFO  impl.PendingRequests (PendingRequests.java:sendNotLeaderResponses(282)) - om1@group-C5BA1605619E-PendingRequests: sendNotLeaderResponses
2021-08-15 14:03:59,992 [Listener at 127.0.0.1/41905] INFO  impl.StateMachineUpdater (StateMachineUpdater.java:stopAndJoin(149)) - om1@group-C5BA1605619E-StateMachineUpdater: set stopIndex = 110
2021-08-15 14:03:59,993 [om1@group-C5BA1605619E-StateMachineUpdater] INFO  ratis.OzoneManagerStateMachine (OzoneManagerStateMachine.java:takeSnapshot(417)) - Current Snapshot Index (t:1, i:110)
2021-08-15 14:03:59,993 [om1@group-C5BA1605619E-StateMachineUpdater] INFO  impl.StateMachineUpdater (StateMachineUpdater.java:takeSnapshot(281)) - om1@group-C5BA1605619E-StateMachineUpdater: Took a snapshot at index 110
2021-08-15 14:03:59,993 [om1@group-C5BA1605619E-StateMachineUpdater] INFO  impl.StateMachineUpdater (StateMachineUpdater.java:lambda$new$0(89)) - om1@group-C5BA1605619E-StateMachineUpdater: snapshotIndex: updateIncreasingly -1 -> 110
2021-08-15 14:03:59,993 [om1@group-C5BA1605619E-StateMachineUpdater] INFO  ratis.OzoneManagerStateMachine (OzoneManagerStateMachine.java:close(471)) - StateMachine has shutdown. Shutdown OzoneManager if not already shutdown.
2021-08-15 14:03:59,993 [Listener at 127.0.0.1/41905] INFO  server.RaftServer$Division (ServerState.java:close(419)) - om1@group-C5BA1605619E: closes. applyIndex: 110
2021-08-15 14:03:59,993 [om1@group-C5BA1605619E-SegmentedRaftLogWorker] INFO  segmented.SegmentedRaftLogWorker (SegmentedRaftLogWorker.java:run(327)) - om1@group-C5BA1605619E-SegmentedRaftLogWorker was interrupted, exiting. There are 0 tasks remaining in the queue.
2021-08-15 14:03:59,994 [Listener at 127.0.0.1/41905] INFO  segmented.SegmentedRaftLogWorker (SegmentedRaftLogWorker.java:close(237)) - om1@group-C5BA1605619E-SegmentedRaftLogWorker close()
2021-08-15 14:03:59,998 [Listener at 127.0.0.1/41905] INFO  server.GrpcService (GrpcService.java:closeImpl(262)) - om1: shutdown server with port 9872 now
2021-08-15 14:03:59,998 [Listener at 127.0.0.1/41905] INFO  server.GrpcService (GrpcService.java:closeImpl(271)) - om1: shutdown server with port 9872 successfully
2021-08-15 14:04:00,000 [SCMBlockDeletingService#0] DEBUG block.SCMBlockDeletingService (SCMBlockDeletingService.java:call(133)) - Running DeletedBlockTransactionScanner
2021-08-15 14:04:00,030 [org.apache.ratis.util.JvmPauseMonitor$$Lambda$531/1393706494@2446bd09] INFO  util.JvmPauseMonitor (JvmPauseMonitor.java:run(109)) - JvmPauseMonitor-om1: Stopped
2021-08-15 14:04:00,030 [Listener at 127.0.0.1/41905] INFO  ratis.OzoneManagerDoubleBuffer (OzoneManagerDoubleBuffer.java:stop(437)) - Stopping OMDoubleBuffer flush thread
2021-08-15 14:04:00,040 [OMDoubleBufferFlushThread] INFO  ratis.OzoneManagerDoubleBuffer (OzoneManagerDoubleBuffer.java:flushTransactions(356)) - OMDoubleBuffer flush thread OMDoubleBufferFlushThread is interrupted and will exit. OMDoubleBufferFlushThread
2021-08-15 14:04:00,041 [Listener at 127.0.0.1/41905] INFO  utils.BackgroundService (BackgroundService.java:shutdown(132)) - Shutting down service KeyDeletingService
2021-08-15 14:04:00,041 [Listener at 127.0.0.1/41905] INFO  handler.ContextHandler (ContextHandler.java:doStop(1153)) - Stopped o.e.j.w.WebAppContext@2de22551{ozoneManager,/,null,STOPPED}{file:/home/runner/work/ozone/ozone/hadoop-ozone/integration-test/target/test-classes/webapps/ozoneManager}
2021-08-15 14:04:00,042 [Listener at 127.0.0.1/41905] INFO  server.AbstractConnector (AbstractConnector.java:doStop(381)) - Stopped ServerConnector@26f8e09e{HTTP/1.1, (http/1.1)}{0.0.0.0:0}
2021-08-15 14:04:00,042 [Listener at 127.0.0.1/41905] INFO  server.session (HouseKeeper.java:stopScavenging(149)) - node0 Stopped scavenging
2021-08-15 14:04:00,042 [Listener at 127.0.0.1/41905] INFO  handler.ContextHandler (ContextHandler.java:doStop(1153)) - Stopped o.e.j.s.ServletContextHandler@4d1b2e3f{static,/static,file:///home/runner/work/ozone/ozone/hadoop-ozone/integration-test/target/test-classes/webapps/static,STOPPED}
2021-08-15 14:04:00,042 [Listener at 127.0.0.1/41905] INFO  handler.ContextHandler (ContextHandler.java:doStop(1153)) - Stopped o.e.j.s.ServletContextHandler@26eb6e87{logs,/logs,file:///home/runner/work/ozone/ozone/hadoop-ozone/integration-test/target/log,STOPPED}
2021-08-15 14:04:00,046 [Listener at 127.0.0.1/41905] INFO  ozone.MiniOzoneClusterImpl (MiniOzoneClusterImpl.java:stopDatanodes(527)) - Stopping the HddsDatanodes
2021-08-15 14:04:00,100 [SCMBlockDeletingService#0] DEBUG block.SCMBlockDeletingService (SCMBlockDeletingService.java:call(133)) - Running DeletedBlockTransactionScanner
2021-08-15 14:04:00,176 [Datanode State Machine Thread - 0] INFO  statemachine.DatanodeStateMachine (DatanodeStateMachine.java:lambda$startDaemon$0(457)) - Ozone container server started.
2021-08-15 14:04:00,201 [SCMBlockDeletingService#0] DEBUG block.SCMBlockDeletingService (SCMBlockDeletingService.java:call(133)) - Running DeletedBlockTransactionScanner
2021-08-15 14:04:00,224 [Datanode State Machine Thread - 0] INFO  statemachine.DatanodeStateMachine (DatanodeStateMachine.java:lambda$startDaemon$0(457)) - Ozone container server started.
2021-08-15 14:04:00,301 [SCMBlockDeletingService#0] DEBUG block.SCMBlockDeletingService (SCMBlockDeletingService.java:call(133)) - Running DeletedBlockTransactionScanner
2021-08-15 14:04:00,401 [SCMBlockDeletingService#0] DEBUG block.SCMBlockDeletingService (SCMBlockDeletingService.java:call(133)) - Running DeletedBlockTransactionScanner
2021-08-15 14:04:00,501 [SCMBlockDeletingService#0] DEBUG block.SCMBlockDeletingService (SCMBlockDeletingService.java:call(133)) - Running DeletedBlockTransactionScanner
2021-08-15 14:04:00,602 [SCMBlockDeletingService#0] DEBUG block.SCMBlockDeletingService (SCMBlockDeletingService.java:call(133)) - Running DeletedBlockTransactionScanner
2021-08-15 14:04:00,702 [SCMBlockDeletingService#0] DEBUG block.SCMBlockDeletingService (SCMBlockDeletingService.java:call(133)) - Running DeletedBlockTransactionScanner
2021-08-15 14:04:00,802 [SCMBlockDeletingService#0] DEBUG block.SCMBlockDeletingService (SCMBlockDeletingService.java:call(133)) - Running DeletedBlockTransactionScanner
2021-08-15 14:04:00,902 [SCMBlockDeletingService#0] DEBUG block.SCMBlockDeletingService (SCMBlockDeletingService.java:call(133)) - Running DeletedBlockTransactionScanner
2021-08-15 14:04:01,002 [SCMBlockDeletingService#0] DEBUG block.SCMBlockDeletingService (SCMBlockDeletingService.java:call(133)) - Running DeletedBlockTransactionScanner
2021-08-15 14:04:01,102 [SCMBlockDeletingService#0] DEBUG block.SCMBlockDeletingService (SCMBlockDeletingService.java:call(133)) - Running DeletedBlockTransactionScanner
2021-08-15 14:04:01,204 [SCMBlockDeletingService#0] DEBUG block.SCMBlockDeletingService (SCMBlockDeletingService.java:call(133)) - Running DeletedBlockTransactionScanner
2021-08-15 14:04:01,304 [SCMBlockDeletingService#0] DEBUG block.SCMBlockDeletingService (SCMBlockDeletingService.java:call(133)) - Running DeletedBlockTransactionScanner
2021-08-15 14:04:01,404 [SCMBlockDeletingService#0] DEBUG block.SCMBlockDeletingService (SCMBlockDeletingService.java:call(133)) - Running DeletedBlockTransactionScanner
2021-08-15 14:04:01,504 [SCMBlockDeletingService#0] DEBUG block.SCMBlockDeletingService (SCMBlockDeletingService.java:call(133)) - Running DeletedBlockTransactionScanner
2021-08-15 14:04:01,605 [SCMBlockDeletingService#0] DEBUG block.SCMBlockDeletingService (SCMBlockDeletingService.java:call(133)) - Running DeletedBlockTransactionScanner
2021-08-15 14:04:01,705 [SCMBlockDeletingService#0] DEBUG block.SCMBlockDeletingService (SCMBlockDeletingService.java:call(133)) - Running DeletedBlockTransactionScanner
2021-08-15 14:04:01,805 [SCMBlockDeletingService#0] DEBUG block.SCMBlockDeletingService (SCMBlockDeletingService.java:call(133)) - Running DeletedBlockTransactionScanner
2021-08-15 14:04:01,905 [SCMBlockDeletingService#0] DEBUG block.SCMBlockDeletingService (SCMBlockDeletingService.java:call(133)) - Running DeletedBlockTransactionScanner
2021-08-15 14:04:02,006 [SCMBlockDeletingService#0] DEBUG block.SCMBlockDeletingService (SCMBlockDeletingService.java:call(133)) - Running DeletedBlockTransactionScanner
2021-08-15 14:04:02,106 [SCMBlockDeletingService#0] DEBUG block.SCMBlockDeletingService (SCMBlockDeletingService.java:call(133)) - Running DeletedBlockTransactionScanner
2021-08-15 14:04:02,206 [SCMBlockDeletingService#0] DEBUG block.SCMBlockDeletingService (SCMBlockDeletingService.java:call(133)) - Running DeletedBlockTransactionScanner
2021-08-15 14:04:02,306 [SCMBlockDeletingService#0] DEBUG block.SCMBlockDeletingService (SCMBlockDeletingService.java:call(133)) - Running DeletedBlockTransactionScanner
2021-08-15 14:04:02,406 [SCMBlockDeletingService#0] DEBUG block.SCMBlockDeletingService (SCMBlockDeletingService.java:call(133)) - Running DeletedBlockTransactionScanner
2021-08-15 14:04:02,506 [SCMBlockDeletingService#0] DEBUG block.SCMBlockDeletingService (SCMBlockDeletingService.java:call(133)) - Running DeletedBlockTransactionScanner
2021-08-15 14:04:02,606 [SCMBlockDeletingService#0] DEBUG block.SCMBlockDeletingService (SCMBlockDeletingService.java:call(133)) - Running DeletedBlockTransactionScanner
2021-08-15 14:04:02,706 [SCMBlockDeletingService#0] DEBUG block.SCMBlockDeletingService (SCMBlockDeletingService.java:call(133)) - Running DeletedBlockTransactionScanner
2021-08-15 14:04:02,806 [SCMBlockDeletingService#0] DEBUG block.SCMBlockDeletingService (SCMBlockDeletingService.java:call(133)) - Running DeletedBlockTransactionScanner
2021-08-15 14:04:02,906 [SCMBlockDeletingService#0] DEBUG block.SCMBlockDeletingService (SCMBlockDeletingService.java:call(133)) - Running DeletedBlockTransactionScanner
2021-08-15 14:04:03,006 [SCMBlockDeletingService#0] DEBUG block.SCMBlockDeletingService (SCMBlockDeletingService.java:call(133)) - Running DeletedBlockTransactionScanner
2021-08-15 14:04:03,024 [EventQueue-StaleNodeForStaleNodeHandler] INFO  node.StaleNodeHandler (StaleNodeHandler.java:onMessage(58)) - Datanode c2c40a72-a699-49b1-b721-1997d9d2c71f{ip: 10.1.0.17, host: fv-az184-677.3ow45vhwbzuu5incsxmygykede.cx.internal.cloudapp.net, ports: [REPLICATION=40199, RATIS=43041, RATIS_ADMIN=43041, RATIS_SERVER=43041, STANDALONE=37757], networkLocation: /default-rack, certSerialId: null, persistedOpState: IN_SERVICE, persistedOpStateExpiryEpochSec: 0} moved to stale state. Finalizing its pipelines [PipelineID=cebe81c0-351e-492f-8138-e30a832dba26]
2021-08-15 14:04:03,025 [EventQueue-StaleNodeForStaleNodeHandler] INFO  pipeline.PipelineManagerImpl (PipelineManagerImpl.java:closePipeline(343)) - Pipeline Pipeline[ Id: cebe81c0-351e-492f-8138-e30a832dba26, Nodes: 0475d2c2-d46f-403e-95a5-8ff1a5c32338{ip: 10.1.0.17, host: fv-az184-677.3ow45vhwbzuu5incsxmygykede.cx.internal.cloudapp.net, ports: [REPLICATION=41483, RATIS=42163, RATIS_ADMIN=42163, RATIS_SERVER=42163, STANDALONE=38065], networkLocation: /default-rack, certSerialId: null, persistedOpState: IN_SERVICE, persistedOpStateExpiryEpochSec: 0}f89ecde1-abfa-4530-92e2-4a065b7725ea{ip: 10.1.0.17, host: fv-az184-677.3ow45vhwbzuu5incsxmygykede.cx.internal.cloudapp.net, ports: [REPLICATION=33771, RATIS=45053, RATIS_ADMIN=45053, RATIS_SERVER=45053, STANDALONE=46857], networkLocation: /default-rack, certSerialId: null, persistedOpState: IN_SERVICE, persistedOpStateExpiryEpochSec: 0}c2c40a72-a699-49b1-b721-1997d9d2c71f{ip: 10.1.0.17, host: fv-az184-677.3ow45vhwbzuu5incsxmygykede.cx.internal.cloudapp.net, ports: [REPLICATION=40199, RATIS=43041, RATIS_ADMIN=43041, RATIS_SERVER=43041, STANDALONE=37757], networkLocation: /default-rack, certSerialId: null, persistedOpState: IN_SERVICE, persistedOpStateExpiryEpochSec: 0}, ReplicationConfig: RATIS/THREE, State:OPEN, leaderId:c2c40a72-a699-49b1-b721-1997d9d2c71f, CreationTimestamp2021-08-15T14:02:17.402Z[Etc/UTC]] moved to CLOSED state
2021-08-15 14:04:03,106 [SCMBlockDeletingService#0] DEBUG block.SCMBlockDeletingService (SCMBlockDeletingService.java:call(133)) - Running DeletedBlockTransactionScanner
2021-08-15 14:04:03,124 [EventQueue-StaleNodeForStaleNodeHandler] INFO  node.StaleNodeHandler (StaleNodeHandler.java:onMessage(58)) - Datanode 0475d2c2-d46f-403e-95a5-8ff1a5c32338{ip: 10.1.0.17, host: fv-az184-677.3ow45vhwbzuu5incsxmygykede.cx.internal.cloudapp.net, ports: [REPLICATION=41483, RATIS=42163, RATIS_ADMIN=42163, RATIS_SERVER=42163, STANDALONE=38065], networkLocation: /default-rack, certSerialId: null, persistedOpState: IN_SERVICE, persistedOpStateExpiryEpochSec: 0} moved to stale state. Finalizing its pipelines [PipelineID=cebe81c0-351e-492f-8138-e30a832dba26]
2021-08-15 14:04:03,207 [SCMBlockDeletingService#0] DEBUG block.SCMBlockDeletingService (SCMBlockDeletingService.java:call(133)) - Running DeletedBlockTransactionScanner
2021-08-15 14:04:03,307 [SCMBlockDeletingService#0] DEBUG block.SCMBlockDeletingService (SCMBlockDeletingService.java:call(133)) - Running DeletedBlockTransactionScanner
2021-08-15 14:04:03,407 [SCMBlockDeletingService#0] DEBUG block.SCMBlockDeletingService (SCMBlockDeletingService.java:call(133)) - Running DeletedBlockTransactionScanner
2021-08-15 14:04:03,507 [SCMBlockDeletingService#0] DEBUG block.SCMBlockDeletingService (SCMBlockDeletingService.java:call(133)) - Running DeletedBlockTransactionScanner
2021-08-15 14:04:03,607 [SCMBlockDeletingService#0] DEBUG block.SCMBlockDeletingService (SCMBlockDeletingService.java:call(133)) - Running DeletedBlockTransactionScanner
2021-08-15 14:04:03,707 [SCMBlockDeletingService#0] DEBUG block.SCMBlockDeletingService (SCMBlockDeletingService.java:call(133)) - Running DeletedBlockTransactionScanner
2021-08-15 14:04:03,807 [SCMBlockDeletingService#0] DEBUG block.SCMBlockDeletingService (SCMBlockDeletingService.java:call(133)) - Running DeletedBlockTransactionScanner
2021-08-15 14:04:03,907 [SCMBlockDeletingService#0] DEBUG block.SCMBlockDeletingService (SCMBlockDeletingService.java:call(133)) - Running DeletedBlockTransactionScanner
2021-08-15 14:04:04,007 [SCMBlockDeletingService#0] DEBUG block.SCMBlockDeletingService (SCMBlockDeletingService.java:call(133)) - Running DeletedBlockTransactionScanner
2021-08-15 14:04:04,107 [SCMBlockDeletingService#0] DEBUG block.SCMBlockDeletingService (SCMBlockDeletingService.java:call(133)) - Running DeletedBlockTransactionScanner
2021-08-15 14:04:04,207 [SCMBlockDeletingService#0] DEBUG block.SCMBlockDeletingService (SCMBlockDeletingService.java:call(133)) - Running DeletedBlockTransactionScanner
2021-08-15 14:04:04,307 [SCMBlockDeletingService#0] DEBUG block.SCMBlockDeletingService (SCMBlockDeletingService.java:call(133)) - Running DeletedBlockTransactionScanner
2021-08-15 14:04:04,407 [SCMBlockDeletingService#0] DEBUG block.SCMBlockDeletingService (SCMBlockDeletingService.java:call(133)) - Running DeletedBlockTransactionScanner
2021-08-15 14:04:04,507 [SCMBlockDeletingService#0] DEBUG block.SCMBlockDeletingService (SCMBlockDeletingService.java:call(133)) - Running DeletedBlockTransactionScanner
2021-08-15 14:04:04,612 [SCMBlockDeletingService#0] DEBUG block.SCMBlockDeletingService (SCMBlockDeletingService.java:call(133)) - Running DeletedBlockTransactionScanner
2021-08-15 14:04:04,712 [SCMBlockDeletingService#0] DEBUG block.SCMBlockDeletingService (SCMBlockDeletingService.java:call(133)) - Running DeletedBlockTransactionScanner
2021-08-15 14:04:04,812 [SCMBlockDeletingService#0] DEBUG block.SCMBlockDeletingService (SCMBlockDeletingService.java:call(133)) - Running DeletedBlockTransactionScanner
2021-08-15 14:04:04,912 [SCMBlockDeletingService#0] DEBUG block.SCMBlockDeletingService (SCMBlockDeletingService.java:call(133)) - Running DeletedBlockTransactionScanner
2021-08-15 14:04:05,015 [SCMBlockDeletingService#0] DEBUG block.SCMBlockDeletingService (SCMBlockDeletingService.java:call(133)) - Running DeletedBlockTransactionScanner
2021-08-15 14:04:05,047 [ForkJoinPool.commonPool-worker-1] INFO  ozoneimpl.OzoneContainer (OzoneContainer.java:stop(326)) - Attempting to stop container services.
2021-08-15 14:04:05,048 [ForkJoinPool.commonPool-worker-1] INFO  server.RaftServer (RaftServerProxy.java:lambda$close$6(391)) - c2c40a72-a699-49b1-b721-1997d9d2c71f: close
2021-08-15 14:04:05,048 [ForkJoinPool.commonPool-worker-1] INFO  server.RaftServer$Division (RaftServerImpl.java:lambda$close$4(407)) - c2c40a72-a699-49b1-b721-1997d9d2c71f@group-E30A832DBA26: shutdown
2021-08-15 14:04:05,048 [ForkJoinPool.commonPool-worker-1] INFO  util.JmxRegister (JmxRegister.java:unregister(73)) - Successfully un-registered JMX Bean with object name Ratis:service=RaftServer,group=group-E30A832DBA26,id=c2c40a72-a699-49b1-b721-1997d9d2c71f
2021-08-15 14:04:05,049 [ForkJoinPool.commonPool-worker-1] INFO  impl.RoleInfo (RoleInfo.java:shutdownLeaderState(91)) - c2c40a72-a699-49b1-b721-1997d9d2c71f: shutdown c2c40a72-a699-49b1-b721-1997d9d2c71f@group-E30A832DBA26-LeaderStateImpl
2021-08-15 14:04:05,049 [c2c40a72-a699-49b1-b721-1997d9d2c71f@group-E30A832DBA26->f89ecde1-abfa-4530-92e2-4a065b7725ea-GrpcLogAppender-LogAppenderDaemon] WARN  server.GrpcLogAppender (GrpcLogAppender.java:mayWait(175)) - c2c40a72-a699-49b1-b721-1997d9d2c71f@group-E30A832DBA26->f89ecde1-abfa-4530-92e2-4a065b7725ea-GrpcLogAppender: Wait interrupted by java.lang.InterruptedException
2021-08-15 14:04:05,049 [c2c40a72-a699-49b1-b721-1997d9d2c71f@group-E30A832DBA26->0475d2c2-d46f-403e-95a5-8ff1a5c32338-GrpcLogAppender-LogAppenderDaemon] WARN  server.GrpcLogAppender (GrpcLogAppender.java:mayWait(175)) - c2c40a72-a699-49b1-b721-1997d9d2c71f@group-E30A832DBA26->0475d2c2-d46f-403e-95a5-8ff1a5c32338-GrpcLogAppender: Wait interrupted by java.lang.InterruptedException
2021-08-15 14:04:05,049 [grpc-default-executor-5] INFO  server.GrpcServerProtocolService (GrpcServerProtocolService.java:onCompleted(140)) - 0475d2c2-d46f-403e-95a5-8ff1a5c32338: Completed APPEND_ENTRIES, lastRequest: c2c40a72-a699-49b1-b721-1997d9d2c71f->0475d2c2-d46f-403e-95a5-8ff1a5c32338#6729-t1,previous=(t:1, i:916),leaderCommit=916,initializing? true,entries: size=1, first=(t:1, i:917), METADATAENTRY(c:916)
2021-08-15 14:04:05,050 [grpc-default-executor-6] INFO  server.GrpcServerProtocolService (GrpcServerProtocolService.java:onCompleted(140)) - f89ecde1-abfa-4530-92e2-4a065b7725ea: Completed APPEND_ENTRIES, lastRequest: c2c40a72-a699-49b1-b721-1997d9d2c71f->f89ecde1-abfa-4530-92e2-4a065b7725ea#7049-t1,previous=(t:1, i:916),leaderCommit=916,initializing? true,entries: size=1, first=(t:1, i:917), METADATAENTRY(c:916)
2021-08-15 14:04:05,050 [grpc-default-executor-2] INFO  server.GrpcLogAppender (GrpcLogAppender.java:onCompleted(344)) - c2c40a72-a699-49b1-b721-1997d9d2c71f@group-E30A832DBA26->0475d2c2-d46f-403e-95a5-8ff1a5c32338-AppendLogResponseHandler: follower responses appendEntries COMPLETED
2021-08-15 14:04:05,051 [grpc-default-executor-2] INFO  leader.FollowerInfo (FollowerInfoImpl.java:lambda$new$0(46)) - c2c40a72-a699-49b1-b721-1997d9d2c71f@group-E30A832DBA26->0475d2c2-d46f-403e-95a5-8ff1a5c32338: nextIndex: updateUnconditionally 918 -> 917
2021-08-15 14:04:05,051 [grpc-default-executor-3] INFO  server.GrpcLogAppender (GrpcLogAppender.java:onCompleted(344)) - c2c40a72-a699-49b1-b721-1997d9d2c71f@group-E30A832DBA26->f89ecde1-abfa-4530-92e2-4a065b7725ea-AppendLogResponseHandler: follower responses appendEntries COMPLETED
2021-08-15 14:04:05,051 [grpc-default-executor-3] INFO  leader.FollowerInfo (FollowerInfoImpl.java:lambda$new$0(46)) - c2c40a72-a699-49b1-b721-1997d9d2c71f@group-E30A832DBA26->f89ecde1-abfa-4530-92e2-4a065b7725ea: nextIndex: updateUnconditionally 918 -> 917
2021-08-15 14:04:05,049 [ForkJoinPool.commonPool-worker-1] INFO  impl.PendingRequests (PendingRequests.java:sendNotLeaderResponses(282)) - c2c40a72-a699-49b1-b721-1997d9d2c71f@group-E30A832DBA26-PendingRequests: sendNotLeaderResponses
2021-08-15 14:04:05,064 [ForkJoinPool.commonPool-worker-1] INFO  impl.StateMachineUpdater (StateMachineUpdater.java:stopAndJoin(149)) - c2c40a72-a699-49b1-b721-1997d9d2c71f@group-E30A832DBA26-StateMachineUpdater: set stopIndex = 917
2021-08-15 14:04:05,065 [c2c40a72-a699-49b1-b721-1997d9d2c71f@group-E30A832DBA26-StateMachineUpdater] INFO  ratis.ContainerStateMachine (ContainerStateMachine.java:takeSnapshot(293)) - group-E30A832DBA26: Taking a snapshot at:(t:1, i:917) file /home/runner/work/ozone/ozone/hadoop-ozone/integration-test/target/test-dir/MiniOzoneClusterImpl-8fa699bc-e258-4c24-98aa-94a5d955589f/datanode-0/data/ratis/cebe81c0-351e-492f-8138-e30a832dba26/sm/snapshot.1_917
2021-08-15 14:04:05,067 [Listener at 127.0.0.1/41905] INFO  ozoneimpl.OzoneContainer (OzoneContainer.java:stop(326)) - Attempting to stop container services.
2021-08-15 14:04:05,067 [Listener at 127.0.0.1/41905] INFO  server.RaftServer (RaftServerProxy.java:lambda$close$6(391)) - 0475d2c2-d46f-403e-95a5-8ff1a5c32338: close
2021-08-15 14:04:05,068 [Listener at 127.0.0.1/41905] INFO  server.RaftServer$Division (RaftServerImpl.java:lambda$close$4(407)) - 0475d2c2-d46f-403e-95a5-8ff1a5c32338@group-E30A832DBA26: shutdown
2021-08-15 14:04:05,068 [Listener at 127.0.0.1/41905] INFO  util.JmxRegister (JmxRegister.java:unregister(73)) - Successfully un-registered JMX Bean with object name Ratis:service=RaftServer,group=group-E30A832DBA26,id=0475d2c2-d46f-403e-95a5-8ff1a5c32338
2021-08-15 14:04:05,076 [Listener at 127.0.0.1/41905] INFO  impl.RoleInfo (RoleInfo.java:shutdownFollowerState(108)) - 0475d2c2-d46f-403e-95a5-8ff1a5c32338: shutdown 0475d2c2-d46f-403e-95a5-8ff1a5c32338@group-E30A832DBA26-FollowerState
2021-08-15 14:04:05,076 [Listener at 127.0.0.1/41905] INFO  impl.StateMachineUpdater (StateMachineUpdater.java:stopAndJoin(149)) - 0475d2c2-d46f-403e-95a5-8ff1a5c32338@group-E30A832DBA26-StateMachineUpdater: set stopIndex = 917
2021-08-15 14:04:05,076 [0475d2c2-d46f-403e-95a5-8ff1a5c32338@group-E30A832DBA26-StateMachineUpdater] INFO  ratis.ContainerStateMachine (ContainerStateMachine.java:takeSnapshot(293)) - group-E30A832DBA26: Taking a snapshot at:(t:1, i:917) file /home/runner/work/ozone/ozone/hadoop-ozone/integration-test/target/test-dir/MiniOzoneClusterImpl-8fa699bc-e258-4c24-98aa-94a5d955589f/datanode-1/data/ratis/cebe81c0-351e-492f-8138-e30a832dba26/sm/snapshot.1_917
2021-08-15 14:04:05,078 [0475d2c2-d46f-403e-95a5-8ff1a5c32338@group-E30A832DBA26-StateMachineUpdater] INFO  ratis.ContainerStateMachine (ContainerStateMachine.java:takeSnapshot(304)) - group-E30A832DBA26: Finished taking a snapshot at:(t:1, i:917) file:/home/runner/work/ozone/ozone/hadoop-ozone/integration-test/target/test-dir/MiniOzoneClusterImpl-8fa699bc-e258-4c24-98aa-94a5d955589f/datanode-1/data/ratis/cebe81c0-351e-492f-8138-e30a832dba26/sm/snapshot.1_917 took: 1 ms
2021-08-15 14:04:05,078 [0475d2c2-d46f-403e-95a5-8ff1a5c32338@group-E30A832DBA26-StateMachineUpdater] INFO  impl.StateMachineUpdater (StateMachineUpdater.java:takeSnapshot(281)) - 0475d2c2-d46f-403e-95a5-8ff1a5c32338@group-E30A832DBA26-StateMachineUpdater: Took a snapshot at index 917
2021-08-15 14:04:05,078 [0475d2c2-d46f-403e-95a5-8ff1a5c32338@group-E30A832DBA26-StateMachineUpdater] INFO  impl.StateMachineUpdater (StateMachineUpdater.java:lambda$new$0(89)) - 0475d2c2-d46f-403e-95a5-8ff1a5c32338@group-E30A832DBA26-StateMachineUpdater: snapshotIndex: updateIncreasingly -1 -> 917
2021-08-15 14:04:05,079 [Listener at 127.0.0.1/41905] INFO  server.RaftServer$Division (ServerState.java:close(419)) - 0475d2c2-d46f-403e-95a5-8ff1a5c32338@group-E30A832DBA26: closes. applyIndex: 917
2021-08-15 14:04:05,079 [0475d2c2-d46f-403e-95a5-8ff1a5c32338@group-E30A832DBA26-SegmentedRaftLogWorker] INFO  segmented.SegmentedRaftLogWorker (SegmentedRaftLogWorker.java:run(327)) - 0475d2c2-d46f-403e-95a5-8ff1a5c32338@group-E30A832DBA26-SegmentedRaftLogWorker was interrupted, exiting. There are 0 tasks remaining in the queue.
2021-08-15 14:04:05,079 [Listener at 127.0.0.1/41905] INFO  segmented.SegmentedRaftLogWorker (SegmentedRaftLogWorker.java:close(237)) - 0475d2c2-d46f-403e-95a5-8ff1a5c32338@group-E30A832DBA26-SegmentedRaftLogWorker close()
2021-08-15 14:04:05,072 [c2c40a72-a699-49b1-b721-1997d9d2c71f@group-E30A832DBA26-StateMachineUpdater] INFO  ratis.ContainerStateMachine (ContainerStateMachine.java:takeSnapshot(304)) - group-E30A832DBA26: Finished taking a snapshot at:(t:1, i:917) file:/home/runner/work/ozone/ozone/hadoop-ozone/integration-test/target/test-dir/MiniOzoneClusterImpl-8fa699bc-e258-4c24-98aa-94a5d955589f/datanode-0/data/ratis/cebe81c0-351e-492f-8138-e30a832dba26/sm/snapshot.1_917 took: 7 ms
2021-08-15 14:04:05,113 [0475d2c2-d46f-403e-95a5-8ff1a5c32338@group-E30A832DBA26-FollowerState] INFO  impl.FollowerState (FollowerState.java:run(143)) - 0475d2c2-d46f-403e-95a5-8ff1a5c32338@group-E30A832DBA26-FollowerState was interrupted: {}
java.lang.InterruptedException: sleep interrupted
	at java.lang.Thread.sleep(Native Method)
	at java.lang.Thread.sleep(Thread.java:340)
	at java.util.concurrent.TimeUnit.sleep(TimeUnit.java:386)
	at org.apache.ratis.util.TimeDuration.sleep(TimeDuration.java:324)
	at org.apache.ratis.util.TimeDuration.sleep(TimeDuration.java:309)
	at org.apache.ratis.server.impl.FollowerState.run(FollowerState.java:118)
2021-08-15 14:04:05,084 [Listener at 127.0.0.1/41905] INFO  server.GrpcService (GrpcService.java:closeImpl(262)) - 0475d2c2-d46f-403e-95a5-8ff1a5c32338: shutdown server with port 42163 now
2021-08-15 14:04:05,113 [c2c40a72-a699-49b1-b721-1997d9d2c71f@group-E30A832DBA26-StateMachineUpdater] INFO  impl.StateMachineUpdater (StateMachineUpdater.java:takeSnapshot(281)) - c2c40a72-a699-49b1-b721-1997d9d2c71f@group-E30A832DBA26-StateMachineUpdater: Took a snapshot at index 917
2021-08-15 14:04:05,114 [c2c40a72-a699-49b1-b721-1997d9d2c71f@group-E30A832DBA26-StateMachineUpdater] INFO  impl.StateMachineUpdater (StateMachineUpdater.java:lambda$new$0(89)) - c2c40a72-a699-49b1-b721-1997d9d2c71f@group-E30A832DBA26-StateMachineUpdater: snapshotIndex: updateIncreasingly -1 -> 917
2021-08-15 14:04:05,114 [Listener at 127.0.0.1/41905] INFO  server.GrpcService (GrpcService.java:closeImpl(271)) - 0475d2c2-d46f-403e-95a5-8ff1a5c32338: shutdown server with port 42163 successfully
2021-08-15 14:04:05,115 [SCMBlockDeletingService#0] DEBUG block.SCMBlockDeletingService (SCMBlockDeletingService.java:call(133)) - Running DeletedBlockTransactionScanner
2021-08-15 14:04:05,123 [org.apache.ratis.util.JvmPauseMonitor$$Lambda$531/1393706494@d08551] INFO  util.JvmPauseMonitor (JvmPauseMonitor.java:run(109)) - JvmPauseMonitor-0475d2c2-d46f-403e-95a5-8ff1a5c32338: Stopped
2021-08-15 14:04:05,123 [ForkJoinPool.commonPool-worker-1] INFO  server.RaftServer$Division (ServerState.java:close(419)) - c2c40a72-a699-49b1-b721-1997d9d2c71f@group-E30A832DBA26: closes. applyIndex: 917
2021-08-15 14:04:05,125 [c2c40a72-a699-49b1-b721-1997d9d2c71f@group-E30A832DBA26-SegmentedRaftLogWorker] INFO  segmented.SegmentedRaftLogWorker (SegmentedRaftLogWorker.java:run(327)) - c2c40a72-a699-49b1-b721-1997d9d2c71f@group-E30A832DBA26-SegmentedRaftLogWorker was interrupted, exiting. There are 0 tasks remaining in the queue.
2021-08-15 14:04:05,125 [ForkJoinPool.commonPool-worker-1] INFO  segmented.SegmentedRaftLogWorker (SegmentedRaftLogWorker.java:close(237)) - c2c40a72-a699-49b1-b721-1997d9d2c71f@group-E30A832DBA26-SegmentedRaftLogWorker close()
2021-08-15 14:04:05,126 [ForkJoinPool.commonPool-worker-1] INFO  server.GrpcService (GrpcService.java:closeImpl(262)) - c2c40a72-a699-49b1-b721-1997d9d2c71f: shutdown server with port 43041 now
2021-08-15 14:04:05,129 [grpc-default-executor-6] WARN  client.GrpcClientProtocolService (LogUtils.java:warn(122)) - 1-UnorderedRequestStreamObserver1: onError: org.apache.ratis.thirdparty.io.grpc.StatusRuntimeException: CANCELLED: client cancelled
2021-08-15 14:04:05,147 [ForkJoinPool.commonPool-worker-1] INFO  server.GrpcService (GrpcService.java:closeImpl(271)) - c2c40a72-a699-49b1-b721-1997d9d2c71f: shutdown server with port 43041 successfully
2021-08-15 14:04:05,147 [org.apache.ratis.util.JvmPauseMonitor$$Lambda$531/1393706494@4cf7932d] INFO  util.JvmPauseMonitor (JvmPauseMonitor.java:run(109)) - JvmPauseMonitor-c2c40a72-a699-49b1-b721-1997d9d2c71f: Stopped
2021-08-15 14:04:05,148 [Listener at 127.0.0.1/41905] INFO  utils.BackgroundService (BackgroundService.java:shutdown(132)) - Shutting down service BlockDeletingService
2021-08-15 14:04:05,202 [ForkJoinPool.commonPool-worker-1] INFO  utils.BackgroundService (BackgroundService.java:shutdown(132)) - Shutting down service BlockDeletingService
2021-08-15 14:04:05,215 [SCMBlockDeletingService#0] DEBUG block.SCMBlockDeletingService (SCMBlockDeletingService.java:call(133)) - Running DeletedBlockTransactionScanner
2021-08-15 14:04:05,315 [SCMBlockDeletingService#0] DEBUG block.SCMBlockDeletingService (SCMBlockDeletingService.java:call(133)) - Running DeletedBlockTransactionScanner
2021-08-15 14:04:05,415 [SCMBlockDeletingService#0] DEBUG block.SCMBlockDeletingService (SCMBlockDeletingService.java:call(133)) - Running DeletedBlockTransactionScanner
2021-08-15 14:04:05,516 [SCMBlockDeletingService#0] DEBUG block.SCMBlockDeletingService (SCMBlockDeletingService.java:call(133)) - Running DeletedBlockTransactionScanner
2021-08-15 14:04:05,616 [SCMBlockDeletingService#0] DEBUG block.SCMBlockDeletingService (SCMBlockDeletingService.java:call(133)) - Running DeletedBlockTransactionScanner
2021-08-15 14:04:05,716 [SCMBlockDeletingService#0] DEBUG block.SCMBlockDeletingService (SCMBlockDeletingService.java:call(133)) - Running DeletedBlockTransactionScanner
2021-08-15 14:04:05,816 [SCMBlockDeletingService#0] DEBUG block.SCMBlockDeletingService (SCMBlockDeletingService.java:call(133)) - Running DeletedBlockTransactionScanner
2021-08-15 14:04:05,916 [SCMBlockDeletingService#0] DEBUG block.SCMBlockDeletingService (SCMBlockDeletingService.java:call(133)) - Running DeletedBlockTransactionScanner
2021-08-15 14:04:06,018 [SCMBlockDeletingService#0] DEBUG block.SCMBlockDeletingService (SCMBlockDeletingService.java:call(133)) - Running DeletedBlockTransactionScanner
2021-08-15 14:04:06,118 [SCMBlockDeletingService#0] DEBUG block.SCMBlockDeletingService (SCMBlockDeletingService.java:call(133)) - Running DeletedBlockTransactionScanner
2021-08-15 14:04:06,218 [SCMBlockDeletingService#0] DEBUG block.SCMBlockDeletingService (SCMBlockDeletingService.java:call(133)) - Running DeletedBlockTransactionScanner
2021-08-15 14:04:06,318 [SCMBlockDeletingService#0] DEBUG block.SCMBlockDeletingService (SCMBlockDeletingService.java:call(133)) - Running DeletedBlockTransactionScanner
2021-08-15 14:04:06,419 [SCMBlockDeletingService#0] DEBUG block.SCMBlockDeletingService (SCMBlockDeletingService.java:call(133)) - Running DeletedBlockTransactionScanner
2021-08-15 14:04:06,519 [SCMBlockDeletingService#0] DEBUG block.SCMBlockDeletingService (SCMBlockDeletingService.java:call(133)) - Running DeletedBlockTransactionScanner
2021-08-15 14:04:06,619 [SCMBlockDeletingService#0] DEBUG block.SCMBlockDeletingService (SCMBlockDeletingService.java:call(133)) - Running DeletedBlockTransactionScanner
2021-08-15 14:04:06,719 [SCMBlockDeletingService#0] DEBUG block.SCMBlockDeletingService (SCMBlockDeletingService.java:call(133)) - Running DeletedBlockTransactionScanner
2021-08-15 14:04:06,819 [SCMBlockDeletingService#0] DEBUG block.SCMBlockDeletingService (SCMBlockDeletingService.java:call(133)) - Running DeletedBlockTransactionScanner
2021-08-15 14:04:06,919 [SCMBlockDeletingService#0] DEBUG block.SCMBlockDeletingService (SCMBlockDeletingService.java:call(133)) - Running DeletedBlockTransactionScanner
2021-08-15 14:04:07,020 [SCMBlockDeletingService#0] DEBUG block.SCMBlockDeletingService (SCMBlockDeletingService.java:call(133)) - Running DeletedBlockTransactionScanner
2021-08-15 14:04:07,120 [SCMBlockDeletingService#0] DEBUG block.SCMBlockDeletingService (SCMBlockDeletingService.java:call(133)) - Running DeletedBlockTransactionScanner
2021-08-15 14:04:07,220 [SCMBlockDeletingService#0] DEBUG block.SCMBlockDeletingService (SCMBlockDeletingService.java:call(133)) - Running DeletedBlockTransactionScanner
2021-08-15 14:04:07,320 [SCMBlockDeletingService#0] DEBUG block.SCMBlockDeletingService (SCMBlockDeletingService.java:call(133)) - Running DeletedBlockTransactionScanner
2021-08-15 14:04:07,420 [SCMBlockDeletingService#0] DEBUG block.SCMBlockDeletingService (SCMBlockDeletingService.java:call(133)) - Running DeletedBlockTransactionScanner
2021-08-15 14:04:07,520 [SCMBlockDeletingService#0] DEBUG block.SCMBlockDeletingService (SCMBlockDeletingService.java:call(133)) - Running DeletedBlockTransactionScanner
2021-08-15 14:04:07,620 [SCMBlockDeletingService#0] DEBUG block.SCMBlockDeletingService (SCMBlockDeletingService.java:call(133)) - Running DeletedBlockTransactionScanner
2021-08-15 14:04:07,720 [SCMBlockDeletingService#0] DEBUG block.SCMBlockDeletingService (SCMBlockDeletingService.java:call(133)) - Running DeletedBlockTransactionScanner
2021-08-15 14:04:07,821 [SCMBlockDeletingService#0] DEBUG block.SCMBlockDeletingService (SCMBlockDeletingService.java:call(133)) - Running DeletedBlockTransactionScanner
2021-08-15 14:04:07,921 [SCMBlockDeletingService#0] DEBUG block.SCMBlockDeletingService (SCMBlockDeletingService.java:call(133)) - Running DeletedBlockTransactionScanner
2021-08-15 14:04:08,021 [SCMBlockDeletingService#0] DEBUG block.SCMBlockDeletingService (SCMBlockDeletingService.java:call(133)) - Running DeletedBlockTransactionScanner
2021-08-15 14:04:08,121 [SCMBlockDeletingService#0] DEBUG block.SCMBlockDeletingService (SCMBlockDeletingService.java:call(133)) - Running DeletedBlockTransactionScanner
2021-08-15 14:04:08,222 [SCMBlockDeletingService#0] DEBUG block.SCMBlockDeletingService (SCMBlockDeletingService.java:call(133)) - Running DeletedBlockTransactionScanner
2021-08-15 14:04:08,273 [ForkJoinPool.commonPool-worker-1] INFO  statemachine.DatanodeStateMachine (DatanodeStateMachine.java:stopDaemon(515)) - Ozone container server stopped.
2021-08-15 14:04:08,294 [ForkJoinPool.commonPool-worker-1] INFO  handler.ContextHandler (ContextHandler.java:doStop(1153)) - Stopped o.e.j.w.WebAppContext@825ab3a{hddsDatanode,/,null,STOPPED}{jar:file:/home/runner/.m2/repository/org/apache/ozone/hdds-container-service/1.2.0-SNAPSHOT/hdds-container-service-1.2.0-SNAPSHOT.jar!/webapps/hddsDatanode}
2021-08-15 14:04:08,304 [ForkJoinPool.commonPool-worker-1] INFO  server.AbstractConnector (AbstractConnector.java:doStop(381)) - Stopped ServerConnector@2b638e54{HTTP/1.1, (http/1.1)}{0.0.0.0:0}
2021-08-15 14:04:08,304 [ForkJoinPool.commonPool-worker-1] INFO  server.session (HouseKeeper.java:stopScavenging(149)) - node0 Stopped scavenging
2021-08-15 14:04:08,310 [ForkJoinPool.commonPool-worker-1] INFO  handler.ContextHandler (ContextHandler.java:doStop(1153)) - Stopped o.e.j.s.ServletContextHandler@54e6635e{static,/static,jar:file:/home/runner/.m2/repository/org/apache/ozone/hdds-container-service/1.2.0-SNAPSHOT/hdds-container-service-1.2.0-SNAPSHOT.jar!/webapps/static,STOPPED}
2021-08-15 14:04:08,310 [ForkJoinPool.commonPool-worker-1] INFO  handler.ContextHandler (ContextHandler.java:doStop(1153)) - Stopped o.e.j.s.ServletContextHandler@5b0480a3{logs,/logs,file:///home/runner/work/ozone/ozone/hadoop-ozone/integration-test/target/log,STOPPED}
2021-08-15 14:04:08,322 [SCMBlockDeletingService#0] DEBUG block.SCMBlockDeletingService (SCMBlockDeletingService.java:call(133)) - Running DeletedBlockTransactionScanner
2021-08-15 14:04:08,360 [Listener at 127.0.0.1/41905] INFO  statemachine.DatanodeStateMachine (DatanodeStateMachine.java:stopDaemon(515)) - Ozone container server stopped.
2021-08-15 14:04:08,360 [Listener at 127.0.0.1/41905] INFO  handler.ContextHandler (ContextHandler.java:doStop(1153)) - Stopped o.e.j.w.WebAppContext@1ed9a4bd{hddsDatanode,/,null,STOPPED}{jar:file:/home/runner/.m2/repository/org/apache/ozone/hdds-container-service/1.2.0-SNAPSHOT/hdds-container-service-1.2.0-SNAPSHOT.jar!/webapps/hddsDatanode}
2021-08-15 14:04:08,362 [Listener at 127.0.0.1/41905] INFO  server.AbstractConnector (AbstractConnector.java:doStop(381)) - Stopped ServerConnector@2918e3d7{HTTP/1.1, (http/1.1)}{0.0.0.0:0}
2021-08-15 14:04:08,362 [Listener at 127.0.0.1/41905] INFO  server.session (HouseKeeper.java:stopScavenging(149)) - node0 Stopped scavenging
2021-08-15 14:04:08,362 [Listener at 127.0.0.1/41905] INFO  handler.ContextHandler (ContextHandler.java:doStop(1153)) - Stopped o.e.j.s.ServletContextHandler@1bc7c8c7{static,/static,jar:file:/home/runner/.m2/repository/org/apache/ozone/hdds-container-service/1.2.0-SNAPSHOT/hdds-container-service-1.2.0-SNAPSHOT.jar!/webapps/static,STOPPED}
2021-08-15 14:04:08,362 [Listener at 127.0.0.1/41905] INFO  handler.ContextHandler (ContextHandler.java:doStop(1153)) - Stopped o.e.j.s.ServletContextHandler@1ca91fd{logs,/logs,file:///home/runner/work/ozone/ozone/hadoop-ozone/integration-test/target/log,STOPPED}
2021-08-15 14:04:08,423 [SCMBlockDeletingService#0] DEBUG block.SCMBlockDeletingService (SCMBlockDeletingService.java:call(133)) - Running DeletedBlockTransactionScanner
2021-08-15 14:04:08,442 [Datanode State Machine Thread - 0] INFO  statemachine.DatanodeStateMachine (DatanodeStateMachine.java:lambda$startDaemon$0(457)) - Ozone container server started.
2021-08-15 14:04:08,523 [SCMBlockDeletingService#0] DEBUG block.SCMBlockDeletingService (SCMBlockDeletingService.java:call(133)) - Running DeletedBlockTransactionScanner
2021-08-15 14:04:08,623 [SCMBlockDeletingService#0] DEBUG block.SCMBlockDeletingService (SCMBlockDeletingService.java:call(133)) - Running DeletedBlockTransactionScanner
2021-08-15 14:04:08,723 [SCMBlockDeletingService#0] DEBUG block.SCMBlockDeletingService (SCMBlockDeletingService.java:call(133)) - Running DeletedBlockTransactionScanner
2021-08-15 14:04:08,823 [SCMBlockDeletingService#0] DEBUG block.SCMBlockDeletingService (SCMBlockDeletingService.java:call(133)) - Running DeletedBlockTransactionScanner
2021-08-15 14:04:08,923 [SCMBlockDeletingService#0] DEBUG block.SCMBlockDeletingService (SCMBlockDeletingService.java:call(133)) - Running DeletedBlockTransactionScanner
2021-08-15 14:04:09,023 [SCMBlockDeletingService#0] DEBUG block.SCMBlockDeletingService (SCMBlockDeletingService.java:call(133)) - Running DeletedBlockTransactionScanner
2021-08-15 14:04:09,123 [SCMBlockDeletingService#0] DEBUG block.SCMBlockDeletingService (SCMBlockDeletingService.java:call(133)) - Running DeletedBlockTransactionScanner
2021-08-15 14:04:09,226 [SCMBlockDeletingService#0] DEBUG block.SCMBlockDeletingService (SCMBlockDeletingService.java:call(133)) - Running DeletedBlockTransactionScanner
2021-08-15 14:04:09,326 [SCMBlockDeletingService#0] DEBUG block.SCMBlockDeletingService (SCMBlockDeletingService.java:call(133)) - Running DeletedBlockTransactionScanner
2021-08-15 14:04:09,426 [SCMBlockDeletingService#0] DEBUG block.SCMBlockDeletingService (SCMBlockDeletingService.java:call(133)) - Running DeletedBlockTransactionScanner
2021-08-15 14:04:09,526 [SCMBlockDeletingService#0] DEBUG block.SCMBlockDeletingService (SCMBlockDeletingService.java:call(133)) - Running DeletedBlockTransactionScanner
2021-08-15 14:04:09,630 [SCMBlockDeletingService#0] DEBUG block.SCMBlockDeletingService (SCMBlockDeletingService.java:call(133)) - Running DeletedBlockTransactionScanner
2021-08-15 14:04:09,730 [SCMBlockDeletingService#0] DEBUG block.SCMBlockDeletingService (SCMBlockDeletingService.java:call(133)) - Running DeletedBlockTransactionScanner
2021-08-15 14:04:09,830 [SCMBlockDeletingService#0] DEBUG block.SCMBlockDeletingService (SCMBlockDeletingService.java:call(133)) - Running DeletedBlockTransactionScanner
2021-08-15 14:04:09,930 [SCMBlockDeletingService#0] DEBUG block.SCMBlockDeletingService (SCMBlockDeletingService.java:call(133)) - Running DeletedBlockTransactionScanner
2021-08-15 14:04:10,030 [SCMBlockDeletingService#0] DEBUG block.SCMBlockDeletingService (SCMBlockDeletingService.java:call(133)) - Running DeletedBlockTransactionScanner
2021-08-15 14:04:10,130 [SCMBlockDeletingService#0] DEBUG block.SCMBlockDeletingService (SCMBlockDeletingService.java:call(133)) - Running DeletedBlockTransactionScanner
2021-08-15 14:04:10,230 [SCMBlockDeletingService#0] DEBUG block.SCMBlockDeletingService (SCMBlockDeletingService.java:call(133)) - Running DeletedBlockTransactionScanner
2021-08-15 14:04:10,330 [SCMBlockDeletingService#0] DEBUG block.SCMBlockDeletingService (SCMBlockDeletingService.java:call(133)) - Running DeletedBlockTransactionScanner
2021-08-15 14:04:10,431 [SCMBlockDeletingService#0] DEBUG block.SCMBlockDeletingService (SCMBlockDeletingService.java:call(133)) - Running DeletedBlockTransactionScanner
2021-08-15 14:04:10,531 [SCMBlockDeletingService#0] DEBUG block.SCMBlockDeletingService (SCMBlockDeletingService.java:call(133)) - Running DeletedBlockTransactionScanner
2021-08-15 14:04:10,632 [SCMBlockDeletingService#0] DEBUG block.SCMBlockDeletingService (SCMBlockDeletingService.java:call(133)) - Running DeletedBlockTransactionScanner
2021-08-15 14:04:10,732 [SCMBlockDeletingService#0] DEBUG block.SCMBlockDeletingService (SCMBlockDeletingService.java:call(133)) - Running DeletedBlockTransactionScanner
2021-08-15 14:04:10,832 [SCMBlockDeletingService#0] DEBUG block.SCMBlockDeletingService (SCMBlockDeletingService.java:call(133)) - Running DeletedBlockTransactionScanner
2021-08-15 14:04:10,938 [SCMBlockDeletingService#0] DEBUG block.SCMBlockDeletingService (SCMBlockDeletingService.java:call(133)) - Running DeletedBlockTransactionScanner
2021-08-15 14:04:11,040 [SCMBlockDeletingService#0] DEBUG block.SCMBlockDeletingService (SCMBlockDeletingService.java:call(133)) - Running DeletedBlockTransactionScanner
2021-08-15 14:04:11,140 [SCMBlockDeletingService#0] DEBUG block.SCMBlockDeletingService (SCMBlockDeletingService.java:call(133)) - Running DeletedBlockTransactionScanner
2021-08-15 14:04:11,240 [SCMBlockDeletingService#0] DEBUG block.SCMBlockDeletingService (SCMBlockDeletingService.java:call(133)) - Running DeletedBlockTransactionScanner
2021-08-15 14:04:11,265 [EventQueue-StaleNodeForStaleNodeHandler] INFO  node.StaleNodeHandler (StaleNodeHandler.java:onMessage(58)) - Datanode f89ecde1-abfa-4530-92e2-4a065b7725ea{ip: 10.1.0.17, host: fv-az184-677.3ow45vhwbzuu5incsxmygykede.cx.internal.cloudapp.net, ports: [REPLICATION=33771, RATIS=45053, RATIS_ADMIN=45053, RATIS_SERVER=45053, STANDALONE=46857], networkLocation: /default-rack, certSerialId: null, persistedOpState: IN_SERVICE, persistedOpStateExpiryEpochSec: 0} moved to stale state. Finalizing its pipelines [PipelineID=cebe81c0-351e-492f-8138-e30a832dba26]
2021-08-15 14:04:11,340 [SCMBlockDeletingService#0] DEBUG block.SCMBlockDeletingService (SCMBlockDeletingService.java:call(133)) - Running DeletedBlockTransactionScanner
2021-08-15 14:04:11,442 [SCMBlockDeletingService#0] DEBUG block.SCMBlockDeletingService (SCMBlockDeletingService.java:call(133)) - Running DeletedBlockTransactionScanner
2021-08-15 14:04:11,542 [SCMBlockDeletingService#0] DEBUG block.SCMBlockDeletingService (SCMBlockDeletingService.java:call(133)) - Running DeletedBlockTransactionScanner
2021-08-15 14:04:11,593 [f89ecde1-abfa-4530-92e2-4a065b7725ea@group-E30A832DBA26-FollowerState] INFO  impl.FollowerState (FollowerState.java:run(134)) - f89ecde1-abfa-4530-92e2-4a065b7725ea@group-E30A832DBA26-FollowerState: change to CANDIDATE, lastRpcElapsedTime:9013495451ns, electionTimeout:5035ms
2021-08-15 14:04:11,603 [f89ecde1-abfa-4530-92e2-4a065b7725ea@group-E30A832DBA26-FollowerState] INFO  impl.RoleInfo (RoleInfo.java:shutdownFollowerState(108)) - f89ecde1-abfa-4530-92e2-4a065b7725ea: shutdown f89ecde1-abfa-4530-92e2-4a065b7725ea@group-E30A832DBA26-FollowerState
2021-08-15 14:04:11,603 [f89ecde1-abfa-4530-92e2-4a065b7725ea@group-E30A832DBA26-FollowerState] INFO  server.RaftServer$Division (RaftServerImpl.java:setRole(285)) - f89ecde1-abfa-4530-92e2-4a065b7725ea@group-E30A832DBA26: changes role from  FOLLOWER to CANDIDATE at term 1 for changeToCandidate
2021-08-15 14:04:11,603 [f89ecde1-abfa-4530-92e2-4a065b7725ea@group-E30A832DBA26-FollowerState] INFO  server.RaftServerConfigKeys (ConfUtils.java:logGet(44)) - raft.server.leaderelection.pre-vote = false (custom)
2021-08-15 14:04:11,603 [f89ecde1-abfa-4530-92e2-4a065b7725ea@group-E30A832DBA26-FollowerState] INFO  impl.RoleInfo (RoleInfo.java:updateAndGet(130)) - f89ecde1-abfa-4530-92e2-4a065b7725ea: start f89ecde1-abfa-4530-92e2-4a065b7725ea@group-E30A832DBA26-LeaderElection15
2021-08-15 14:04:11,621 [f89ecde1-abfa-4530-92e2-4a065b7725ea@group-E30A832DBA26-LeaderElection15] INFO  server.RaftServer$Division (ServerState.java:setLeader(285)) - f89ecde1-abfa-4530-92e2-4a065b7725ea@group-E30A832DBA26: change Leader from c2c40a72-a699-49b1-b721-1997d9d2c71f to null at term 1 for ELECTION
2021-08-15 14:04:11,629 [f89ecde1-abfa-4530-92e2-4a065b7725ea@group-E30A832DBA26-LeaderElection15] INFO  impl.LeaderElection (LeaderElection.java:askForVotes(306)) - f89ecde1-abfa-4530-92e2-4a065b7725ea@group-E30A832DBA26-LeaderElection15 ELECTION round 0: submit vote requests at term 2 for 0: [f89ecde1-abfa-4530-92e2-4a065b7725ea|rpc:10.1.0.17:45053|dataStream:|priority:0, c2c40a72-a699-49b1-b721-1997d9d2c71f|rpc:10.1.0.17:43041|dataStream:|priority:1, 0475d2c2-d46f-403e-95a5-8ff1a5c32338|rpc:10.1.0.17:42163|dataStream:|priority:0], old=null
2021-08-15 14:04:11,644 [f89ecde1-abfa-4530-92e2-4a065b7725ea@group-E30A832DBA26-LeaderElection15] INFO  impl.LeaderElection (LogUtils.java:infoOrTrace(137)) - f89ecde1-abfa-4530-92e2-4a065b7725ea@group-E30A832DBA26-LeaderElection15 got exception when requesting votes: java.util.concurrent.ExecutionException: org.apache.ratis.thirdparty.io.grpc.StatusRuntimeException: UNAVAILABLE: io exception
2021-08-15 14:04:11,668 [SCMBlockDeletingService#0] DEBUG block.SCMBlockDeletingService (SCMBlockDeletingService.java:call(133)) - Running DeletedBlockTransactionScanner
2021-08-15 14:04:11,675 [f89ecde1-abfa-4530-92e2-4a065b7725ea@group-E30A832DBA26-LeaderElection15] INFO  impl.LeaderElection (LogUtils.java:infoOrTrace(137)) - f89ecde1-abfa-4530-92e2-4a065b7725ea@group-E30A832DBA26-LeaderElection15 got exception when requesting votes: java.util.concurrent.ExecutionException: org.apache.ratis.thirdparty.io.grpc.StatusRuntimeException: UNAVAILABLE: io exception
2021-08-15 14:04:11,675 [f89ecde1-abfa-4530-92e2-4a065b7725ea@group-E30A832DBA26-LeaderElection15] INFO  impl.LeaderElection (LeaderElection.java:logAndReturn(89)) - f89ecde1-abfa-4530-92e2-4a065b7725ea@group-E30A832DBA26-LeaderElection15: ELECTION REJECTED received 0 response(s) and 2 exception(s):
2021-08-15 14:04:11,675 [f89ecde1-abfa-4530-92e2-4a065b7725ea@group-E30A832DBA26-LeaderElection15] INFO  impl.LeaderElection (LogUtils.java:infoOrTrace(137)) -   Exception 0: java.util.concurrent.ExecutionException: org.apache.ratis.thirdparty.io.grpc.StatusRuntimeException: UNAVAILABLE: io exception
2021-08-15 14:04:11,675 [f89ecde1-abfa-4530-92e2-4a065b7725ea@group-E30A832DBA26-LeaderElection15] INFO  impl.LeaderElection (LogUtils.java:infoOrTrace(137)) -   Exception 1: java.util.concurrent.ExecutionException: org.apache.ratis.thirdparty.io.grpc.StatusRuntimeException: UNAVAILABLE: io exception
2021-08-15 14:04:11,682 [f89ecde1-abfa-4530-92e2-4a065b7725ea@group-E30A832DBA26-LeaderElection15] INFO  impl.LeaderElection (LeaderElection.java:askForVotes(308)) - f89ecde1-abfa-4530-92e2-4a065b7725ea@group-E30A832DBA26-LeaderElection15 ELECTION round 0: result REJECTED
2021-08-15 14:04:11,696 [f89ecde1-abfa-4530-92e2-4a065b7725ea@group-E30A832DBA26-LeaderElection15] INFO  server.RaftServer$Division (RaftServerImpl.java:setRole(285)) - f89ecde1-abfa-4530-92e2-4a065b7725ea@group-E30A832DBA26: changes role from CANDIDATE to FOLLOWER at term 2 for REJECTED
2021-08-15 14:04:11,696 [f89ecde1-abfa-4530-92e2-4a065b7725ea@group-E30A832DBA26-LeaderElection15] INFO  impl.RoleInfo (RoleInfo.java:shutdownLeaderElection(121)) - f89ecde1-abfa-4530-92e2-4a065b7725ea: shutdown f89ecde1-abfa-4530-92e2-4a065b7725ea@group-E30A832DBA26-LeaderElection15
2021-08-15 14:04:11,696 [f89ecde1-abfa-4530-92e2-4a065b7725ea@group-E30A832DBA26-LeaderElection15] INFO  impl.RoleInfo (RoleInfo.java:updateAndGet(130)) - f89ecde1-abfa-4530-92e2-4a065b7725ea: start f89ecde1-abfa-4530-92e2-4a065b7725ea@group-E30A832DBA26-FollowerState
2021-08-15 14:04:11,768 [SCMBlockDeletingService#0] DEBUG block.SCMBlockDeletingService (SCMBlockDeletingService.java:call(133)) - Running DeletedBlockTransactionScanner
2021-08-15 14:04:11,868 [SCMBlockDeletingService#0] DEBUG block.SCMBlockDeletingService (SCMBlockDeletingService.java:call(133)) - Running DeletedBlockTransactionScanner
2021-08-15 14:04:11,970 [SCMBlockDeletingService#0] DEBUG block.SCMBlockDeletingService (SCMBlockDeletingService.java:call(133)) - Running DeletedBlockTransactionScanner
2021-08-15 14:04:12,070 [SCMBlockDeletingService#0] DEBUG block.SCMBlockDeletingService (SCMBlockDeletingService.java:call(133)) - Running DeletedBlockTransactionScanner
2021-08-15 14:04:12,170 [SCMBlockDeletingService#0] DEBUG block.SCMBlockDeletingService (SCMBlockDeletingService.java:call(133)) - Running DeletedBlockTransactionScanner
2021-08-15 14:04:12,270 [SCMBlockDeletingService#0] DEBUG block.SCMBlockDeletingService (SCMBlockDeletingService.java:call(133)) - Running DeletedBlockTransactionScanner
2021-08-15 14:04:12,371 [SCMBlockDeletingService#0] DEBUG block.SCMBlockDeletingService (SCMBlockDeletingService.java:call(133)) - Running DeletedBlockTransactionScanner
2021-08-15 14:04:12,471 [SCMBlockDeletingService#0] DEBUG block.SCMBlockDeletingService (SCMBlockDeletingService.java:call(133)) - Running DeletedBlockTransactionScanner
2021-08-15 14:04:12,571 [SCMBlockDeletingService#0] DEBUG block.SCMBlockDeletingService (SCMBlockDeletingService.java:call(133)) - Running DeletedBlockTransactionScanner
2021-08-15 14:04:12,671 [SCMBlockDeletingService#0] DEBUG block.SCMBlockDeletingService (SCMBlockDeletingService.java:call(133)) - Running DeletedBlockTransactionScanner
2021-08-15 14:04:12,771 [SCMBlockDeletingService#0] DEBUG block.SCMBlockDeletingService (SCMBlockDeletingService.java:call(133)) - Running DeletedBlockTransactionScanner
2021-08-15 14:04:12,871 [SCMBlockDeletingService#0] DEBUG block.SCMBlockDeletingService (SCMBlockDeletingService.java:call(133)) - Running DeletedBlockTransactionScanner
2021-08-15 14:04:12,971 [SCMBlockDeletingService#0] DEBUG block.SCMBlockDeletingService (SCMBlockDeletingService.java:call(133)) - Running DeletedBlockTransactionScanner
2021-08-15 14:04:13,073 [SCMBlockDeletingService#0] DEBUG block.SCMBlockDeletingService (SCMBlockDeletingService.java:call(133)) - Running DeletedBlockTransactionScanner
2021-08-15 14:04:13,173 [SCMBlockDeletingService#0] DEBUG block.SCMBlockDeletingService (SCMBlockDeletingService.java:call(133)) - Running DeletedBlockTransactionScanner
2021-08-15 14:04:13,273 [SCMBlockDeletingService#0] DEBUG block.SCMBlockDeletingService (SCMBlockDeletingService.java:call(133)) - Running DeletedBlockTransactionScanner
2021-08-15 14:04:13,312 [ForkJoinPool.commonPool-worker-1] INFO  ozoneimpl.OzoneContainer (OzoneContainer.java:stop(326)) - Attempting to stop container services.
2021-08-15 14:04:13,312 [ForkJoinPool.commonPool-worker-1] INFO  server.RaftServer (RaftServerProxy.java:lambda$close$6(391)) - f89ecde1-abfa-4530-92e2-4a065b7725ea: close
2021-08-15 14:04:13,312 [ForkJoinPool.commonPool-worker-1] INFO  server.RaftServer$Division (RaftServerImpl.java:lambda$close$4(407)) - f89ecde1-abfa-4530-92e2-4a065b7725ea@group-E30A832DBA26: shutdown
2021-08-15 14:04:13,312 [ForkJoinPool.commonPool-worker-1] INFO  util.JmxRegister (JmxRegister.java:unregister(73)) - Successfully un-registered JMX Bean with object name Ratis:service=RaftServer,group=group-E30A832DBA26,id=f89ecde1-abfa-4530-92e2-4a065b7725ea
2021-08-15 14:04:13,312 [ForkJoinPool.commonPool-worker-1] INFO  impl.RoleInfo (RoleInfo.java:shutdownFollowerState(108)) - f89ecde1-abfa-4530-92e2-4a065b7725ea: shutdown f89ecde1-abfa-4530-92e2-4a065b7725ea@group-E30A832DBA26-FollowerState
2021-08-15 14:04:13,313 [ForkJoinPool.commonPool-worker-1] INFO  impl.StateMachineUpdater (StateMachineUpdater.java:stopAndJoin(149)) - f89ecde1-abfa-4530-92e2-4a065b7725ea@group-E30A832DBA26-StateMachineUpdater: set stopIndex = 917
2021-08-15 14:04:13,316 [f89ecde1-abfa-4530-92e2-4a065b7725ea@group-E30A832DBA26-FollowerState] INFO  impl.FollowerState (FollowerState.java:run(143)) - f89ecde1-abfa-4530-92e2-4a065b7725ea@group-E30A832DBA26-FollowerState was interrupted: {}
java.lang.InterruptedException: sleep interrupted
	at java.lang.Thread.sleep(Native Method)
	at java.lang.Thread.sleep(Thread.java:340)
	at java.util.concurrent.TimeUnit.sleep(TimeUnit.java:386)
	at org.apache.ratis.util.TimeDuration.sleep(TimeDuration.java:324)
	at org.apache.ratis.util.TimeDuration.sleep(TimeDuration.java:309)
	at org.apache.ratis.server.impl.FollowerState.run(FollowerState.java:118)
2021-08-15 14:04:13,316 [f89ecde1-abfa-4530-92e2-4a065b7725ea@group-E30A832DBA26-StateMachineUpdater] INFO  ratis.ContainerStateMachine (ContainerStateMachine.java:takeSnapshot(293)) - group-E30A832DBA26: Taking a snapshot at:(t:1, i:917) file /home/runner/work/ozone/ozone/hadoop-ozone/integration-test/target/test-dir/MiniOzoneClusterImpl-8fa699bc-e258-4c24-98aa-94a5d955589f/datanode-2/data/ratis/cebe81c0-351e-492f-8138-e30a832dba26/sm/snapshot.1_917
2021-08-15 14:04:13,320 [f89ecde1-abfa-4530-92e2-4a065b7725ea@group-E30A832DBA26-StateMachineUpdater] INFO  ratis.ContainerStateMachine (ContainerStateMachine.java:takeSnapshot(304)) - group-E30A832DBA26: Finished taking a snapshot at:(t:1, i:917) file:/home/runner/work/ozone/ozone/hadoop-ozone/integration-test/target/test-dir/MiniOzoneClusterImpl-8fa699bc-e258-4c24-98aa-94a5d955589f/datanode-2/data/ratis/cebe81c0-351e-492f-8138-e30a832dba26/sm/snapshot.1_917 took: 4 ms
2021-08-15 14:04:13,320 [f89ecde1-abfa-4530-92e2-4a065b7725ea@group-E30A832DBA26-StateMachineUpdater] INFO  impl.StateMachineUpdater (StateMachineUpdater.java:takeSnapshot(281)) - f89ecde1-abfa-4530-92e2-4a065b7725ea@group-E30A832DBA26-StateMachineUpdater: Took a snapshot at index 917
2021-08-15 14:04:13,320 [f89ecde1-abfa-4530-92e2-4a065b7725ea@group-E30A832DBA26-StateMachineUpdater] INFO  impl.StateMachineUpdater (StateMachineUpdater.java:lambda$new$0(89)) - f89ecde1-abfa-4530-92e2-4a065b7725ea@group-E30A832DBA26-StateMachineUpdater: snapshotIndex: updateIncreasingly -1 -> 917
2021-08-15 14:04:13,321 [ForkJoinPool.commonPool-worker-1] INFO  server.RaftServer$Division (ServerState.java:close(419)) - f89ecde1-abfa-4530-92e2-4a065b7725ea@group-E30A832DBA26: closes. applyIndex: 917
2021-08-15 14:04:13,321 [f89ecde1-abfa-4530-92e2-4a065b7725ea@group-E30A832DBA26-SegmentedRaftLogWorker] INFO  segmented.SegmentedRaftLogWorker (SegmentedRaftLogWorker.java:run(327)) - f89ecde1-abfa-4530-92e2-4a065b7725ea@group-E30A832DBA26-SegmentedRaftLogWorker was interrupted, exiting. There are 0 tasks remaining in the queue.
2021-08-15 14:04:13,322 [ForkJoinPool.commonPool-worker-1] INFO  segmented.SegmentedRaftLogWorker (SegmentedRaftLogWorker.java:close(237)) - f89ecde1-abfa-4530-92e2-4a065b7725ea@group-E30A832DBA26-SegmentedRaftLogWorker close()
2021-08-15 14:04:13,322 [ForkJoinPool.commonPool-worker-1] INFO  server.GrpcService (GrpcService.java:closeImpl(262)) - f89ecde1-abfa-4530-92e2-4a065b7725ea: shutdown server with port 45053 now
2021-08-15 14:04:13,329 [ForkJoinPool.commonPool-worker-1] INFO  server.GrpcService (GrpcService.java:closeImpl(271)) - f89ecde1-abfa-4530-92e2-4a065b7725ea: shutdown server with port 45053 successfully
2021-08-15 14:04:13,330 [org.apache.ratis.util.JvmPauseMonitor$$Lambda$531/1393706494@4cd58a27] INFO  util.JvmPauseMonitor (JvmPauseMonitor.java:run(109)) - JvmPauseMonitor-f89ecde1-abfa-4530-92e2-4a065b7725ea: Stopped
2021-08-15 14:04:13,331 [ForkJoinPool.commonPool-worker-1] INFO  utils.BackgroundService (BackgroundService.java:shutdown(132)) - Shutting down service BlockDeletingService
2021-08-15 14:04:13,374 [SCMBlockDeletingService#0] DEBUG block.SCMBlockDeletingService (SCMBlockDeletingService.java:call(133)) - Running DeletedBlockTransactionScanner
2021-08-15 14:04:13,474 [SCMBlockDeletingService#0] DEBUG block.SCMBlockDeletingService (SCMBlockDeletingService.java:call(133)) - Running DeletedBlockTransactionScanner
2021-08-15 14:04:13,574 [SCMBlockDeletingService#0] DEBUG block.SCMBlockDeletingService (SCMBlockDeletingService.java:call(133)) - Running DeletedBlockTransactionScanner
2021-08-15 14:04:13,674 [SCMBlockDeletingService#0] DEBUG block.SCMBlockDeletingService (SCMBlockDeletingService.java:call(133)) - Running DeletedBlockTransactionScanner
2021-08-15 14:04:13,774 [SCMBlockDeletingService#0] DEBUG block.SCMBlockDeletingService (SCMBlockDeletingService.java:call(133)) - Running DeletedBlockTransactionScanner
2021-08-15 14:04:13,874 [SCMBlockDeletingService#0] DEBUG block.SCMBlockDeletingService (SCMBlockDeletingService.java:call(133)) - Running DeletedBlockTransactionScanner
2021-08-15 14:04:13,974 [SCMBlockDeletingService#0] DEBUG block.SCMBlockDeletingService (SCMBlockDeletingService.java:call(133)) - Running DeletedBlockTransactionScanner
2021-08-15 14:04:14,074 [SCMBlockDeletingService#0] DEBUG block.SCMBlockDeletingService (SCMBlockDeletingService.java:call(133)) - Running DeletedBlockTransactionScanner
2021-08-15 14:04:14,174 [SCMBlockDeletingService#0] DEBUG block.SCMBlockDeletingService (SCMBlockDeletingService.java:call(133)) - Running DeletedBlockTransactionScanner
2021-08-15 14:04:14,278 [SCMBlockDeletingService#0] DEBUG block.SCMBlockDeletingService (SCMBlockDeletingService.java:call(133)) - Running DeletedBlockTransactionScanner
2021-08-15 14:04:14,378 [SCMBlockDeletingService#0] DEBUG block.SCMBlockDeletingService (SCMBlockDeletingService.java:call(133)) - Running DeletedBlockTransactionScanner
2021-08-15 14:04:14,478 [SCMBlockDeletingService#0] DEBUG block.SCMBlockDeletingService (SCMBlockDeletingService.java:call(133)) - Running DeletedBlockTransactionScanner
2021-08-15 14:04:14,580 [SCMBlockDeletingService#0] DEBUG block.SCMBlockDeletingService (SCMBlockDeletingService.java:call(133)) - Running DeletedBlockTransactionScanner
2021-08-15 14:04:14,680 [SCMBlockDeletingService#0] DEBUG block.SCMBlockDeletingService (SCMBlockDeletingService.java:call(133)) - Running DeletedBlockTransactionScanner
2021-08-15 14:04:14,780 [SCMBlockDeletingService#0] DEBUG block.SCMBlockDeletingService (SCMBlockDeletingService.java:call(133)) - Running DeletedBlockTransactionScanner
2021-08-15 14:04:14,880 [SCMBlockDeletingService#0] DEBUG block.SCMBlockDeletingService (SCMBlockDeletingService.java:call(133)) - Running DeletedBlockTransactionScanner
2021-08-15 14:04:14,980 [SCMBlockDeletingService#0] DEBUG block.SCMBlockDeletingService (SCMBlockDeletingService.java:call(133)) - Running DeletedBlockTransactionScanner
2021-08-15 14:04:15,080 [SCMBlockDeletingService#0] DEBUG block.SCMBlockDeletingService (SCMBlockDeletingService.java:call(133)) - Running DeletedBlockTransactionScanner
2021-08-15 14:04:15,182 [SCMBlockDeletingService#0] DEBUG block.SCMBlockDeletingService (SCMBlockDeletingService.java:call(133)) - Running DeletedBlockTransactionScanner
2021-08-15 14:04:15,282 [SCMBlockDeletingService#0] DEBUG block.SCMBlockDeletingService (SCMBlockDeletingService.java:call(133)) - Running DeletedBlockTransactionScanner
2021-08-15 14:04:15,382 [SCMBlockDeletingService#0] DEBUG block.SCMBlockDeletingService (SCMBlockDeletingService.java:call(133)) - Running DeletedBlockTransactionScanner
2021-08-15 14:04:15,483 [SCMBlockDeletingService#0] DEBUG block.SCMBlockDeletingService (SCMBlockDeletingService.java:call(133)) - Running DeletedBlockTransactionScanner
2021-08-15 14:04:15,583 [SCMBlockDeletingService#0] DEBUG block.SCMBlockDeletingService (SCMBlockDeletingService.java:call(133)) - Running DeletedBlockTransactionScanner
2021-08-15 14:04:15,684 [SCMBlockDeletingService#0] DEBUG block.SCMBlockDeletingService (SCMBlockDeletingService.java:call(133)) - Running DeletedBlockTransactionScanner
2021-08-15 14:04:15,784 [SCMBlockDeletingService#0] DEBUG block.SCMBlockDeletingService (SCMBlockDeletingService.java:call(133)) - Running DeletedBlockTransactionScanner
2021-08-15 14:04:15,884 [SCMBlockDeletingService#0] DEBUG block.SCMBlockDeletingService (SCMBlockDeletingService.java:call(133)) - Running DeletedBlockTransactionScanner
2021-08-15 14:04:15,984 [SCMBlockDeletingService#0] DEBUG block.SCMBlockDeletingService (SCMBlockDeletingService.java:call(133)) - Running DeletedBlockTransactionScanner
2021-08-15 14:04:16,085 [SCMBlockDeletingService#0] DEBUG block.SCMBlockDeletingService (SCMBlockDeletingService.java:call(133)) - Running DeletedBlockTransactionScanner
2021-08-15 14:04:16,186 [SCMBlockDeletingService#0] DEBUG block.SCMBlockDeletingService (SCMBlockDeletingService.java:call(133)) - Running DeletedBlockTransactionScanner
2021-08-15 14:04:16,286 [SCMBlockDeletingService#0] DEBUG block.SCMBlockDeletingService (SCMBlockDeletingService.java:call(133)) - Running DeletedBlockTransactionScanner
2021-08-15 14:04:16,337 [ForkJoinPool.commonPool-worker-1] INFO  statemachine.DatanodeStateMachine (DatanodeStateMachine.java:stopDaemon(515)) - Ozone container server stopped.
2021-08-15 14:04:16,340 [ForkJoinPool.commonPool-worker-1] INFO  handler.ContextHandler (ContextHandler.java:doStop(1153)) - Stopped o.e.j.w.WebAppContext@21ad2894{hddsDatanode,/,null,STOPPED}{jar:file:/home/runner/.m2/repository/org/apache/ozone/hdds-container-service/1.2.0-SNAPSHOT/hdds-container-service-1.2.0-SNAPSHOT.jar!/webapps/hddsDatanode}
2021-08-15 14:04:16,344 [ForkJoinPool.commonPool-worker-1] INFO  server.AbstractConnector (AbstractConnector.java:doStop(381)) - Stopped ServerConnector@1df95cb{HTTP/1.1, (http/1.1)}{0.0.0.0:0}
2021-08-15 14:04:16,344 [ForkJoinPool.commonPool-worker-1] INFO  server.session (HouseKeeper.java:stopScavenging(149)) - node0 Stopped scavenging
2021-08-15 14:04:16,345 [ForkJoinPool.commonPool-worker-1] INFO  handler.ContextHandler (ContextHandler.java:doStop(1153)) - Stopped o.e.j.s.ServletContextHandler@53b17c1f{static,/static,jar:file:/home/runner/.m2/repository/org/apache/ozone/hdds-container-service/1.2.0-SNAPSHOT/hdds-container-service-1.2.0-SNAPSHOT.jar!/webapps/static,STOPPED}
2021-08-15 14:04:16,345 [ForkJoinPool.commonPool-worker-1] INFO  handler.ContextHandler (ContextHandler.java:doStop(1153)) - Stopped o.e.j.s.ServletContextHandler@520739bc{logs,/logs,file:///home/runner/work/ozone/ozone/hadoop-ozone/integration-test/target/log,STOPPED}
2021-08-15 14:04:16,352 [Listener at 127.0.0.1/41905] INFO  ozone.MiniOzoneClusterImpl (MiniOzoneClusterImpl.java:stopSCM(542)) - Stopping the StorageContainerManager
2021-08-15 14:04:16,352 [Listener at 127.0.0.1/41905] INFO  server.StorageContainerManager (StorageContainerManager.java:stop(1341)) - Stopping Replication Manager Service.
2021-08-15 14:04:16,352 [Listener at 127.0.0.1/41905] INFO  container.ReplicationManager (ReplicationManager.java:stop(317)) - Stopping Replication Monitor Thread.
2021-08-15 14:04:16,352 [Listener at 127.0.0.1/41905] INFO  server.StorageContainerManager (StorageContainerManager.java:stop(1348)) - Stopping the Datanode Admin Monitor.
2021-08-15 14:04:16,353 [Listener at 127.0.0.1/41905] INFO  server.StorageContainerManager (StorageContainerManager.java:stop(1355)) - Stopping Lease Manager of the command watchers
2021-08-15 14:04:16,353 [Listener at 127.0.0.1/41905] INFO  server.StorageContainerManager (StorageContainerManager.java:stop(1362)) - Stopping datanode service RPC server
2021-08-15 14:04:16,353 [Listener at 127.0.0.1/41905] INFO  server.SCMDatanodeProtocolServer (SCMDatanodeProtocolServer.java:stop(389)) - Stopping the RPC server for DataNodes
2021-08-15 14:04:16,353 [Listener at 127.0.0.1/41905] INFO  ipc.Server (Server.java:stop(3414)) - Stopping server on 38093
2021-08-15 14:04:16,360 [IPC Server listener on 0] INFO  ipc.Server (Server.java:run(1376)) - Stopping IPC Server listener on 0
2021-08-15 14:04:16,374 [IPC Server Responder] INFO  ipc.Server (Server.java:run(1512)) - Stopping IPC Server Responder
2021-08-15 14:04:16,378 [SCM Heartbeat Processing Thread - 0] WARN  node.NodeStateManager (NodeStateManager.java:scheduleNextHealthCheck(799)) - Current Thread is interrupted, shutting down HB processing thread for Node Manager.
2021-08-15 14:04:16,378 [Listener at 127.0.0.1/41905] INFO  server.StorageContainerManager (StorageContainerManager.java:stop(1370)) - Stopping block service RPC server
2021-08-15 14:04:16,378 [Listener at 127.0.0.1/41905] INFO  server.SCMBlockProtocolServer (SCMBlockProtocolServer.java:stop(160)) - Stopping the RPC server for Block Protocol
2021-08-15 14:04:16,378 [Listener at 127.0.0.1/41905] INFO  ipc.Server (Server.java:stop(3414)) - Stopping server on 41071
2021-08-15 14:04:16,387 [SCMBlockDeletingService#0] DEBUG block.SCMBlockDeletingService (SCMBlockDeletingService.java:call(133)) - Running DeletedBlockTransactionScanner
2021-08-15 14:04:16,392 [IPC Server Responder] INFO  ipc.Server (Server.java:run(1512)) - Stopping IPC Server Responder
2021-08-15 14:04:16,392 [Listener at 127.0.0.1/41905] INFO  server.StorageContainerManager (StorageContainerManager.java:stop(1377)) - Stopping the StorageContainerLocationProtocol RPC server
2021-08-15 14:04:16,392 [Listener at 127.0.0.1/41905] INFO  server.SCMClientProtocolServer (SCMClientProtocolServer.java:stop(173)) - Stopping the RPC server for Client Protocol
2021-08-15 14:04:16,392 [Listener at 127.0.0.1/41905] INFO  ipc.Server (Server.java:stop(3414)) - Stopping server on 46035
2021-08-15 14:04:16,392 [IPC Server listener on 0] INFO  ipc.Server (Server.java:run(1376)) - Stopping IPC Server listener on 0
2021-08-15 14:04:16,408 [Listener at 127.0.0.1/41905] INFO  server.StorageContainerManager (StorageContainerManager.java:stop(1384)) - Stopping Storage Container Manager HTTP server.
2021-08-15 14:04:16,409 [IPC Server Responder] INFO  ipc.Server (Server.java:run(1512)) - Stopping IPC Server Responder
2021-08-15 14:04:16,409 [IPC Server listener on 0] INFO  ipc.Server (Server.java:run(1376)) - Stopping IPC Server listener on 0
2021-08-15 14:04:16,416 [Listener at 127.0.0.1/41905] INFO  handler.ContextHandler (ContextHandler.java:doStop(1153)) - Stopped o.e.j.w.WebAppContext@3a360264{scm,/,null,STOPPED}{file:/home/runner/work/ozone/ozone/hadoop-ozone/integration-test/target/test-classes/webapps/scm}
2021-08-15 14:04:16,416 [Listener at 127.0.0.1/41905] INFO  server.AbstractConnector (AbstractConnector.java:doStop(381)) - Stopped ServerConnector@7eb6889c{HTTP/1.1, (http/1.1)}{0.0.0.0:0}
2021-08-15 14:04:16,416 [Listener at 127.0.0.1/41905] INFO  server.session (HouseKeeper.java:stopScavenging(149)) - node0 Stopped scavenging
2021-08-15 14:04:16,416 [Listener at 127.0.0.1/41905] INFO  handler.ContextHandler (ContextHandler.java:doStop(1153)) - Stopped o.e.j.s.ServletContextHandler@565f233a{static,/static,file:///home/runner/work/ozone/ozone/hadoop-ozone/integration-test/target/test-classes/webapps/static,STOPPED}
2021-08-15 14:04:16,416 [Listener at 127.0.0.1/41905] INFO  handler.ContextHandler (ContextHandler.java:doStop(1153)) - Stopped o.e.j.s.ServletContextHandler@45ae53aa{logs,/logs,file:///home/runner/work/ozone/ozone/hadoop-ozone/integration-test/target/log,STOPPED}
2021-08-15 14:04:16,420 [Listener at 127.0.0.1/41905] INFO  server.StorageContainerManager (StorageContainerManager.java:stop(1395)) - Stopping Block Manager Service.
2021-08-15 14:04:16,420 [Listener at 127.0.0.1/41905] INFO  utils.BackgroundService (BackgroundService.java:shutdown(132)) - Shutting down service SCMBlockDeletingService
2021-08-15 14:04:16,420 [Listener at 127.0.0.1/41905] INFO  utils.BackgroundService (BackgroundService.java:shutdown(132)) - Shutting down service SCMBlockDeletingService
2021-08-15 14:04:16,420 [Listener at 127.0.0.1/41905] INFO  server.StorageContainerManager (StorageContainerManager.java:stop(1422)) - Stopping SCM Event Queue.
2021-08-15 14:04:16,422 [Listener at 127.0.0.1/41905] INFO  server.StorageContainerManager (StorageContainerManager.java:stop(1433)) - Stopping SCM HA services.
2021-08-15 14:04:16,422 [Listener at 127.0.0.1/41905] INFO  pipeline.BackgroundPipelineCreator (BackgroundPipelineCreatorV2.java:stop(158)) - Stopping RatisPipelineUtilsThread.
2021-08-15 14:04:16,422 [Listener at 127.0.0.1/41905] INFO  server.StorageContainerManager (StorageContainerManager.java:stop(1443)) - Stopping SCM MetadataStore.
2021-08-15 14:04:16,424 [Listener at 127.0.0.1/41905] INFO  impl.MetricsSystemImpl (MetricsSystemImpl.java:stop(210)) - Stopping HddsDatanode metrics system...
2021-08-15 14:04:16,457 [prometheus] INFO  impl.MetricsSinkAdapter (MetricsSinkAdapter.java:publishMetricsFromQueue(141)) - prometheus thread interrupted.
2021-08-15 14:04:16,460 [Listener at 127.0.0.1/41905] INFO  impl.MetricsSystemImpl (MetricsSystemImpl.java:stop(216)) - HddsDatanode metrics system stopped.
]]></system-out>
  </testcase>
</testsuite>