<?xml version="1.0" encoding="UTF-8"?>
<testsuite xmlns:xsi="http://www.w3.org/2001/XMLSchema-instance" xsi:noNamespaceSchemaLocation="https://maven.apache.org/surefire/maven-surefire-plugin/xsd/surefire-test-report-3.0.xsd" version="3.0" name="org.apache.hadoop.ozone.client.rpc.TestWatchForCommit" time="75.645" tests="2" errors="0" skipped="0" failures="0">
  <properties>
    <property name="awt.toolkit" value="sun.awt.X11.XToolkit"/>
    <property name="file.encoding.pkg" value="sun.io"/>
    <property name="java.specification.version" value="1.8"/>
    <property name="sun.cpu.isalist" value=""/>
    <property name="sun.jnu.encoding" value="UTF-8"/>
    <property name="gradle.enterprise.listener.surefire.forkId" value="1"/>
    <property name="java.class.path" value="/home/runner/work/ozone/ozone/hadoop-ozone/integration-test/target/test-classes:/home/runner/work/ozone/ozone/hadoop-ozone/integration-test/target/classes:/home/runner/.m2/repository/org/apache/ozone/ozone-common/1.5.0-SNAPSHOT/ozone-common-1.5.0-SNAPSHOT.jar:/home/runner/.m2/repository/io/grpc/grpc-netty/1.58.0/grpc-netty-1.58.0.jar:/home/runner/.m2/repository/io/grpc/grpc-core/1.58.0/grpc-core-1.58.0.jar:/home/runner/.m2/repository/com/google/android/annotations/4.1.1.4/annotations-4.1.1.4.jar:/home/runner/.m2/repository/org/codehaus/mojo/animal-sniffer-annotations/1.23/animal-sniffer-annotations-1.23.jar:/home/runner/.m2/repository/io/grpc/grpc-context/1.58.0/grpc-context-1.58.0.jar:/home/runner/.m2/repository/io/grpc/grpc-util/1.58.0/grpc-util-1.58.0.jar:/home/runner/.m2/repository/com/google/errorprone/error_prone_annotations/2.2.0/error_prone_annotations-2.2.0.jar:/home/runner/.m2/repository/io/perfmark/perfmark-api/0.26.0/perfmark-api-0.26.0.jar:/home/runner/.m2/repository/io/netty/netty-codec-http2/4.1.100.Final/netty-codec-http2-4.1.100.Final.jar:/home/runner/.m2/repository/io/netty/netty-common/4.1.100.Final/netty-common-4.1.100.Final.jar:/home/runner/.m2/repository/io/netty/netty-buffer/4.1.100.Final/netty-buffer-4.1.100.Final.jar:/home/runner/.m2/repository/io/netty/netty-codec-http/4.1.100.Final/netty-codec-http-4.1.100.Final.jar:/home/runner/.m2/repository/io/netty/netty-handler-proxy/4.1.100.Final/netty-handler-proxy-4.1.100.Final.jar:/home/runner/.m2/repository/io/netty/netty-codec-socks/4.1.100.Final/netty-codec-socks-4.1.100.Final.jar:/home/runner/.m2/repository/io/netty/netty-tcnative-boringssl-static/2.0.61.Final/netty-tcnative-boringssl-static-2.0.61.Final.jar:/home/runner/.m2/repository/io/netty/netty-tcnative-classes/2.0.61.Final/netty-tcnative-classes-2.0.61.Final.jar:/home/runner/.m2/repository/io/netty/netty-tcnative-boringssl-static/2.0.61.Final/netty-tcnative-boringssl-static-2.0.61.Final-linux-x86_64.jar:/home/runner/.m2/repository/io/netty/netty-tcnative-boringssl-static/2.0.61.Final/netty-tcnative-boringssl-static-2.0.61.Final-linux-aarch_64.jar:/home/runner/.m2/repository/io/netty/netty-tcnative-boringssl-static/2.0.61.Final/netty-tcnative-boringssl-static-2.0.61.Final-osx-x86_64.jar:/home/runner/.m2/repository/io/netty/netty-tcnative-boringssl-static/2.0.61.Final/netty-tcnative-boringssl-static-2.0.61.Final-osx-aarch_64.jar:/home/runner/.m2/repository/io/netty/netty-tcnative-boringssl-static/2.0.61.Final/netty-tcnative-boringssl-static-2.0.61.Final-windows-x86_64.jar:/home/runner/.m2/repository/org/apache/commons/commons-compress/1.21/commons-compress-1.21.jar:/home/runner/.m2/repository/org/apache/ozone/hdds-common/1.5.0-SNAPSHOT/hdds-common-1.5.0-SNAPSHOT.jar:/home/runner/.m2/repository/org/apache/ozone/hdds-client/1.5.0-SNAPSHOT/hdds-client-1.5.0-SNAPSHOT.jar:/home/runner/.m2/repository/org/apache/ozone/ozone-interface-client/1.5.0-SNAPSHOT/ozone-interface-client-1.5.0-SNAPSHOT.jar:/home/runner/.m2/repository/org/apache/hadoop/hadoop-hdfs-client/3.3.6/hadoop-hdfs-client-3.3.6.jar:/home/runner/.m2/repository/com/squareup/okhttp3/okhttp/4.12.0/okhttp-4.12.0.jar:/home/runner/.m2/repository/com/squareup/okio/okio/3.6.0/okio-3.6.0.jar:/home/runner/.m2/repository/com/squareup/okio/okio-jvm/3.6.0/okio-jvm-3.6.0.jar:/home/runner/.m2/repository/org/jetbrains/kotlin/kotlin-stdlib-jdk8/1.9.21/kotlin-stdlib-jdk8-1.9.21.jar:/home/runner/.m2/repository/org/jetbrains/kotlin/kotlin-stdlib-jdk7/1.9.21/kotlin-stdlib-jdk7-1.9.21.jar:/home/runner/.m2/repository/org/jetbrains/kotlin/kotlin-stdlib-common/1.9.21/kotlin-stdlib-common-1.9.21.jar:/home/runner/.m2/repository/org/apache/ozone/hdds-test-utils/1.5.0-SNAPSHOT/hdds-test-utils-1.5.0-SNAPSHOT.jar:/home/runner/.m2/repository/com/google/guava/guava/32.0.0-jre/guava-32.0.0-jre.jar:/home/runner/.m2/repository/com/google/guava/failureaccess/1.0.1/failureaccess-1.0.1.jar:/home/runner/.m2/repository/com/google/guava/listenablefuture/9999.0-empty-to-avoid-conflict-with-guava/listenablefuture-9999.0-empty-to-avoid-conflict-with-guava.jar:/home/runner/.m2/repository/com/google/code/findbugs/jsr305/3.0.0/jsr305-3.0.0.jar:/home/runner/.m2/repository/org/checkerframework/checker-qual/3.33.0/checker-qual-3.33.0.jar:/home/runner/.m2/repository/com/google/j2objc/j2objc-annotations/2.8/j2objc-annotations-2.8.jar:/home/runner/.m2/repository/commons-io/commons-io/2.11.0/commons-io-2.11.0.jar:/home/runner/.m2/repository/commons-logging/commons-logging/1.2/commons-logging-1.2.jar:/home/runner/.m2/repository/ch/qos/reload4j/reload4j/1.2.25/reload4j-1.2.25.jar:/home/runner/.m2/repository/org/slf4j/slf4j-api/1.7.36/slf4j-api-1.7.36.jar:/home/runner/.m2/repository/org/apache/logging/log4j/log4j-api/2.17.1/log4j-api-2.17.1.jar:/home/runner/.m2/repository/org/apache/ozone/hdds-server-scm/1.5.0-SNAPSHOT/hdds-server-scm-1.5.0-SNAPSHOT.jar:/home/runner/.m2/repository/org/apache/ozone/hdds-container-service/1.5.0-SNAPSHOT/hdds-container-service-1.5.0-SNAPSHOT.jar:/home/runner/.m2/repository/org/apache/ozone/hdds-hadoop-dependency-server/1.5.0-SNAPSHOT/hdds-hadoop-dependency-server-1.5.0-SNAPSHOT.jar:/home/runner/.m2/repository/org/apache/hadoop/hadoop-hdfs/3.3.6/hadoop-hdfs-3.3.6.jar:/home/runner/.m2/repository/commons-daemon/commons-daemon/1.0.13/commons-daemon-1.0.13.jar:/home/runner/.m2/repository/org/apache/ozone/hdds-server-framework/1.5.0-SNAPSHOT/hdds-server-framework-1.5.0-SNAPSHOT.jar:/home/runner/.m2/repository/io/dropwizard/metrics/metrics-core/3.2.4/metrics-core-3.2.4.jar:/home/runner/.m2/repository/org/apache/commons/commons-text/1.10.0/commons-text-1.10.0.jar:/home/runner/.m2/repository/org/bouncycastle/bcprov-jdk15on/1.67/bcprov-jdk15on-1.67.jar:/home/runner/.m2/repository/com/google/protobuf/protobuf-java/2.5.0/protobuf-java-2.5.0.jar:/home/runner/.m2/repository/org/apache/ozone/hdds-server-framework/1.5.0-SNAPSHOT/hdds-server-framework-1.5.0-SNAPSHOT-tests.jar:/home/runner/.m2/repository/org/apache/ozone/hdds-interface-server/1.5.0-SNAPSHOT/hdds-interface-server-1.5.0-SNAPSHOT.jar:/home/runner/.m2/repository/org/apache/ozone/hdds-interface-admin/1.5.0-SNAPSHOT/hdds-interface-admin-1.5.0-SNAPSHOT.jar:/home/runner/.m2/repository/org/apache/ozone/hdds-managed-rocksdb/1.5.0-SNAPSHOT/hdds-managed-rocksdb-1.5.0-SNAPSHOT.jar:/home/runner/.m2/repository/org/rocksdb/rocksdbjni/7.7.3/rocksdbjni-7.7.3.jar:/home/runner/.m2/repository/org/slf4j/slf4j-reload4j/1.7.36/slf4j-reload4j-1.7.36.jar:/home/runner/.m2/repository/org/apache/commons/commons-configuration2/2.1.1/commons-configuration2-2.1.1.jar:/home/runner/.m2/repository/commons-fileupload/commons-fileupload/1.5/commons-fileupload-1.5.jar:/home/runner/.m2/repository/org/apache/logging/log4j/log4j-core/2.17.1/log4j-core-2.17.1.jar:/home/runner/.m2/repository/com/lmax/disruptor/3.4.2/disruptor-3.4.2.jar:/home/runner/.m2/repository/org/eclipse/jetty/jetty-util/9.4.53.v20231009/jetty-util-9.4.53.v20231009.jar:/home/runner/.m2/repository/org/eclipse/jetty/jetty-server/9.4.53.v20231009/jetty-server-9.4.53.v20231009.jar:/home/runner/.m2/repository/org/eclipse/jetty/jetty-http/9.4.53.v20231009/jetty-http-9.4.53.v20231009.jar:/home/runner/.m2/repository/org/eclipse/jetty/jetty-io/9.4.53.v20231009/jetty-io-9.4.53.v20231009.jar:/home/runner/.m2/repository/org/eclipse/jetty/jetty-servlet/9.4.53.v20231009/jetty-servlet-9.4.53.v20231009.jar:/home/runner/.m2/repository/org/eclipse/jetty/jetty-security/9.4.53.v20231009/jetty-security-9.4.53.v20231009.jar:/home/runner/.m2/repository/org/eclipse/jetty/jetty-util-ajax/9.4.53.v20231009/jetty-util-ajax-9.4.53.v20231009.jar:/home/runner/.m2/repository/org/eclipse/jetty/jetty-webapp/9.4.53.v20231009/jetty-webapp-9.4.53.v20231009.jar:/home/runner/.m2/repository/org/eclipse/jetty/jetty-xml/9.4.53.v20231009/jetty-xml-9.4.53.v20231009.jar:/home/runner/.m2/repository/org/apache/ratis/ratis-server/3.0.0/ratis-server-3.0.0.jar:/home/runner/.m2/repository/org/apache/ratis/ratis-thirdparty-misc/1.0.5/ratis-thirdparty-misc-1.0.5.jar:/home/runner/.m2/repository/org/apache/ratis/ratis-proto/3.0.0/ratis-proto-3.0.0.jar:/home/runner/.m2/repository/org/apache/ratis/ratis-common/3.0.0/ratis-common-3.0.0.jar:/home/runner/.m2/repository/org/apache/ratis/ratis-client/3.0.0/ratis-client-3.0.0.jar:/home/runner/.m2/repository/org/apache/ratis/ratis-server-api/3.0.0/ratis-server-api-3.0.0.jar:/home/runner/.m2/repository/org/apache/ratis/ratis-metrics-api/3.0.0/ratis-metrics-api-3.0.0.jar:/home/runner/.m2/repository/org/apache/ratis/ratis-metrics-dropwizard3/3.0.0/ratis-metrics-dropwizard3-3.0.0.jar:/home/runner/.m2/repository/io/prometheus/simpleclient_dropwizard/0.7.0/simpleclient_dropwizard-0.7.0.jar:/home/runner/.m2/repository/io/prometheus/simpleclient/0.7.0/simpleclient-0.7.0.jar:/home/runner/.m2/repository/io/prometheus/simpleclient_common/0.7.0/simpleclient_common-0.7.0.jar:/home/runner/.m2/repository/com/fasterxml/jackson/datatype/jackson-datatype-jsr310/2.13.4/jackson-datatype-jsr310-2.13.4.jar:/home/runner/.m2/repository/com/fasterxml/jackson/core/jackson-core/2.13.4/jackson-core-2.13.4.jar:/home/runner/.m2/repository/org/apache/ozone/rocksdb-checkpoint-differ/1.5.0-SNAPSHOT/rocksdb-checkpoint-differ-1.5.0-SNAPSHOT.jar:/home/runner/.m2/repository/org/jgrapht/jgrapht-core/1.0.1/jgrapht-core-1.0.1.jar:/home/runner/.m2/repository/org/jgrapht/jgrapht-ext/1.0.1/jgrapht-ext-1.0.1.jar:/home/runner/.m2/repository/org/tinyjee/jgraphx/jgraphx/2.0.0.1/jgraphx-2.0.0.1.jar:/home/runner/.m2/repository/jgraph/jgraph/5.13.0.0/jgraph-5.13.0.0.jar:/home/runner/.m2/repository/org/antlr/antlr4-runtime/4.5.3/antlr4-runtime-4.5.3.jar:/home/runner/.m2/repository/org/awaitility/awaitility/4.2.0/awaitility-4.2.0.jar:/home/runner/.m2/repository/org/hamcrest/hamcrest/2.1/hamcrest-2.1.jar:/home/runner/.m2/repository/org/apache/ozone/ozone-manager/1.5.0-SNAPSHOT/ozone-manager-1.5.0-SNAPSHOT.jar:/home/runner/.m2/repository/org/aspectj/aspectjrt/1.9.7/aspectjrt-1.9.7.jar:/home/runner/.m2/repository/org/aspectj/aspectjweaver/1.9.7/aspectjweaver-1.9.7.jar:/home/runner/.m2/repository/org/apache/ozone/hdds-interface-client/1.5.0-SNAPSHOT/hdds-interface-client-1.5.0-SNAPSHOT.jar:/home/runner/.m2/repository/org/apache/hadoop/thirdparty/hadoop-shaded-protobuf_3_7/1.1.1/hadoop-shaded-protobuf_3_7-1.1.1.jar:/home/runner/.m2/repository/org/apache/ozone/ozone-interface-storage/1.5.0-SNAPSHOT/ozone-interface-storage-1.5.0-SNAPSHOT.jar:/home/runner/.m2/repository/org/reflections/reflections/0.9.11/reflections-0.9.11.jar:/home/runner/.m2/repository/com/sun/jersey/jersey-client/1.19.4/jersey-client-1.19.4.jar:/home/runner/.m2/repository/org/codehaus/jackson/jackson-core-asl/1.9.13/jackson-core-asl-1.9.13.jar:/home/runner/.m2/repository/org/codehaus/jackson/jackson-mapper-asl/1.9.13/jackson-mapper-asl-1.9.13.jar:/home/runner/.m2/repository/org/codehaus/jackson/jackson-jaxrs/1.9.13/jackson-jaxrs-1.9.13.jar:/home/runner/.m2/repository/org/apache/ranger/ranger-intg/2.3.0/ranger-intg-2.3.0.jar:/home/runner/.m2/repository/org/apache/ranger/ranger-plugins-common/2.3.0/ranger-plugins-common-2.3.0.jar:/home/runner/.m2/repository/commons-lang/commons-lang/2.6/commons-lang-2.6.jar:/home/runner/.m2/repository/org/apache/ranger/ranger-plugins-cred/2.3.0/ranger-plugins-cred-2.3.0.jar:/home/runner/.m2/repository/org/apache/ranger/ranger-plugins-audit/2.3.0/ranger-plugins-audit-2.3.0.jar:/home/runner/.m2/repository/org/eclipse/jetty/jetty-client/9.4.53.v20231009/jetty-client-9.4.53.v20231009.jar:/home/runner/.m2/repository/org/apache/httpcomponents/httpmime/4.5.6/httpmime-4.5.6.jar:/home/runner/.m2/repository/org/apache/httpcomponents/httpcore-nio/4.4.16/httpcore-nio-4.4.16.jar:/home/runner/.m2/repository/org/apache/httpcomponents/httpasyncclient/4.1.3/httpasyncclient-4.1.3.jar:/home/runner/.m2/repository/com/carrotsearch/hppc/0.8.0/hppc-0.8.0.jar:/home/runner/.m2/repository/org/apache/orc/orc-core/1.5.8/orc-core-1.5.8.jar:/home/runner/.m2/repository/net/java/dev/jna/jna/5.2.0/jna-5.2.0.jar:/home/runner/.m2/repository/net/java/dev/jna/jna-platform/5.2.0/jna-platform-5.2.0.jar:/home/runner/.m2/repository/com/kstruct/gethostname4j/0.0.2/gethostname4j-0.0.2.jar:/home/runner/.m2/repository/org/apache/ranger/ranger-plugin-classloader/2.3.0/ranger-plugin-classloader-2.3.0.jar:/home/runner/.m2/repository/org/apache/ozone/hdds-rocks-native/1.5.0-SNAPSHOT/hdds-rocks-native-1.5.0-SNAPSHOT.jar:/home/runner/.m2/repository/org/apache/hadoop/hadoop-minikdc/3.3.6/hadoop-minikdc-3.3.6.jar:/home/runner/.m2/repository/org/apache/kerby/kerb-simplekdc/1.0.1/kerb-simplekdc-1.0.1.jar:/home/runner/.m2/repository/org/apache/kerby/kerb-client/1.0.1/kerb-client-1.0.1.jar:/home/runner/.m2/repository/org/apache/kerby/kerby-config/1.0.1/kerby-config-1.0.1.jar:/home/runner/.m2/repository/org/apache/kerby/kerb-common/1.0.1/kerb-common-1.0.1.jar:/home/runner/.m2/repository/org/apache/kerby/kerb-crypto/1.0.1/kerb-crypto-1.0.1.jar:/home/runner/.m2/repository/org/apache/kerby/kerb-util/1.0.1/kerb-util-1.0.1.jar:/home/runner/.m2/repository/org/apache/kerby/token-provider/1.0.1/token-provider-1.0.1.jar:/home/runner/.m2/repository/org/apache/kerby/kerb-admin/1.0.1/kerb-admin-1.0.1.jar:/home/runner/.m2/repository/org/apache/kerby/kerb-server/1.0.1/kerb-server-1.0.1.jar:/home/runner/.m2/repository/org/apache/kerby/kerb-identity/1.0.1/kerb-identity-1.0.1.jar:/home/runner/.m2/repository/org/apache/kerby/kerby-xdr/1.0.1/kerby-xdr-1.0.1.jar:/home/runner/.m2/repository/org/apache/ozone/ozone-s3gateway/1.5.0-SNAPSHOT/ozone-s3gateway-1.5.0-SNAPSHOT.jar:/home/runner/.m2/repository/org/javassist/javassist/3.21.0-GA/javassist-3.21.0-GA.jar:/home/runner/.m2/repository/org/jboss/weld/servlet/weld-servlet-shaded/3.1.9.Final/weld-servlet-shaded-3.1.9.Final.jar:/home/runner/.m2/repository/org/glassfish/jersey/containers/jersey-container-servlet-core/2.41/jersey-container-servlet-core-2.41.jar:/home/runner/.m2/repository/org/glassfish/hk2/external/jakarta.inject/2.6.1/jakarta.inject-2.6.1.jar:/home/runner/.m2/repository/org/glassfish/jersey/core/jersey-common/2.41/jersey-common-2.41.jar:/home/runner/.m2/repository/jakarta/ws/rs/jakarta.ws.rs-api/2.1.6/jakarta.ws.rs-api-2.1.6.jar:/home/runner/.m2/repository/org/glassfish/jersey/ext/cdi/jersey-cdi1x/2.41/jersey-cdi1x-2.41.jar:/home/runner/.m2/repository/org/glassfish/jersey/inject/jersey-hk2/2.41/jersey-hk2-2.41.jar:/home/runner/.m2/repository/org/glassfish/hk2/hk2-locator/2.6.1/hk2-locator-2.6.1.jar:/home/runner/.m2/repository/org/glassfish/jersey/media/jersey-media-jaxb/2.41/jersey-media-jaxb-2.41.jar:/home/runner/.m2/repository/org/glassfish/hk2/osgi-resource-locator/1.0.3/osgi-resource-locator-1.0.3.jar:/home/runner/.m2/repository/org/glassfish/hk2/hk2-api/2.5.0/hk2-api-2.5.0.jar:/home/runner/.m2/repository/org/glassfish/hk2/hk2-utils/2.5.0/hk2-utils-2.5.0.jar:/home/runner/.m2/repository/org/glassfish/hk2/external/aopalliance-repackaged/2.5.0/aopalliance-repackaged-2.5.0.jar:/home/runner/.m2/repository/com/fasterxml/jackson/dataformat/jackson-dataformat-xml/2.13.4/jackson-dataformat-xml-2.13.4.jar:/home/runner/.m2/repository/org/codehaus/woodstox/stax2-api/4.2.2/stax2-api-4.2.2.jar:/home/runner/.m2/repository/com/fasterxml/woodstox/woodstox-core/5.4.0/woodstox-core-5.4.0.jar:/home/runner/.m2/repository/com/fasterxml/jackson/module/jackson-module-jaxb-annotations/2.13.4/jackson-module-jaxb-annotations-2.13.4.jar:/home/runner/.m2/repository/javax/enterprise/cdi-api/2.0/cdi-api-2.0.jar:/home/runner/.m2/repository/javax/el/javax.el-api/3.0.0/javax.el-api-3.0.0.jar:/home/runner/.m2/repository/javax/interceptor/javax.interceptor-api/1.2/javax.interceptor-api-1.2.jar:/home/runner/.m2/repository/javax/inject/javax.inject/1/javax.inject-1.jar:/home/runner/.m2/repository/jakarta/xml/bind/jakarta.xml.bind-api/2.3.3/jakarta.xml.bind-api-2.3.3.jar:/home/runner/.m2/repository/org/glassfish/jaxb/jaxb-runtime/2.3.9/jaxb-runtime-2.3.9.jar:/home/runner/.m2/repository/org/glassfish/jaxb/txw2/2.3.9/txw2-2.3.9.jar:/home/runner/.m2/repository/com/sun/istack/istack-commons-runtime/3.0.12/istack-commons-runtime-3.0.12.jar:/home/runner/.m2/repository/com/sun/activation/jakarta.activation/1.2.2/jakarta.activation-1.2.2.jar:/home/runner/.m2/repository/jakarta/activation/jakarta.activation-api/1.2.2/jakarta.activation-api-1.2.2.jar:/home/runner/.m2/repository/io/grpc/grpc-protobuf/1.58.0/grpc-protobuf-1.58.0.jar:/home/runner/.m2/repository/com/google/api/grpc/proto-google-common-protos/2.22.0/proto-google-common-protos-2.22.0.jar:/home/runner/.m2/repository/io/grpc/grpc-protobuf-lite/1.58.0/grpc-protobuf-lite-1.58.0.jar:/home/runner/.m2/repository/io/grpc/grpc-stub/1.58.0/grpc-stub-1.58.0.jar:/home/runner/.m2/repository/io/netty/netty-transport/4.1.100.Final/netty-transport-4.1.100.Final.jar:/home/runner/.m2/repository/io/netty/netty-resolver/4.1.100.Final/netty-resolver-4.1.100.Final.jar:/home/runner/.m2/repository/org/apache/ozone/ozone-csi/1.5.0-SNAPSHOT/ozone-csi-1.5.0-SNAPSHOT.jar:/home/runner/.m2/repository/com/google/protobuf/protobuf-java-util/3.19.6/protobuf-java-util-3.19.6.jar:/home/runner/.m2/repository/com/google/code/gson/gson/2.9.0/gson-2.9.0.jar:/home/runner/.m2/repository/org/apache/ozone/hdds-config/1.5.0-SNAPSHOT/hdds-config-1.5.0-SNAPSHOT.jar:/home/runner/.m2/repository/io/netty/netty-transport-native-epoll/4.1.100.Final/netty-transport-native-epoll-4.1.100.Final-linux-x86_64.jar:/home/runner/.m2/repository/io/netty/netty-transport-classes-epoll/4.1.100.Final/netty-transport-classes-epoll-4.1.100.Final.jar:/home/runner/.m2/repository/io/netty/netty-transport-native-unix-common/4.1.100.Final/netty-transport-native-unix-common-4.1.100.Final.jar:/home/runner/.m2/repository/org/apache/ozone/ozone-recon/1.5.0-SNAPSHOT/ozone-recon-1.5.0-SNAPSHOT.jar:/home/runner/.m2/repository/org/apache/ozone/ozone-reconcodegen/1.5.0-SNAPSHOT/ozone-reconcodegen-1.5.0-SNAPSHOT.jar:/home/runner/.m2/repository/com/google/inject/guice/5.1.0/guice-5.1.0.jar:/home/runner/.m2/repository/aopalliance/aopalliance/1.0/aopalliance-1.0.jar:/home/runner/.m2/repository/com/google/inject/extensions/guice-assistedinject/5.1.0/guice-assistedinject-5.1.0.jar:/home/runner/.m2/repository/com/google/inject/extensions/guice-servlet/5.1.0/guice-servlet-5.1.0.jar:/home/runner/.m2/repository/org/glassfish/jersey/containers/jersey-container-servlet/2.41/jersey-container-servlet-2.41.jar:/home/runner/.m2/repository/org/glassfish/hk2/guice-bridge/2.5.0/guice-bridge-2.5.0.jar:/home/runner/.m2/repository/org/glassfish/jersey/core/jersey-server/2.41/jersey-server-2.41.jar:/home/runner/.m2/repository/org/glassfish/jersey/core/jersey-client/2.41/jersey-client-2.41.jar:/home/runner/.m2/repository/jakarta/annotation/jakarta.annotation-api/1.3.5/jakarta.annotation-api-1.3.5.jar:/home/runner/.m2/repository/jakarta/validation/jakarta.validation-api/2.0.2/jakarta.validation-api-2.0.2.jar:/home/runner/.m2/repository/org/glassfish/jersey/media/jersey-media-json-jackson/2.41/jersey-media-json-jackson-2.41.jar:/home/runner/.m2/repository/org/glassfish/jersey/ext/jersey-entity-filtering/2.41/jersey-entity-filtering-2.41.jar:/home/runner/.m2/repository/org/jooq/jooq/3.11.10/jooq-3.11.10.jar:/home/runner/.m2/repository/org/jooq/jooq-meta/3.11.10/jooq-meta-3.11.10.jar:/home/runner/.m2/repository/org/jooq/jooq-codegen/3.11.10/jooq-codegen-3.11.10.jar:/home/runner/.m2/repository/com/jolbox/bonecp/0.8.0.RELEASE/bonecp-0.8.0.RELEASE.jar:/home/runner/.m2/repository/org/apache/derby/derby/10.14.2.0/derby-10.14.2.0.jar:/home/runner/.m2/repository/org/xerial/sqlite-jdbc/3.44.1.0/sqlite-jdbc-3.44.1.0.jar:/home/runner/.m2/repository/org/springframework/spring-jdbc/5.3.27/spring-jdbc-5.3.27.jar:/home/runner/.m2/repository/org/springframework/spring-beans/5.3.27/spring-beans-5.3.27.jar:/home/runner/.m2/repository/org/springframework/spring-core/5.3.27/spring-core-5.3.27.jar:/home/runner/.m2/repository/org/springframework/spring-tx/5.3.27/spring-tx-5.3.27.jar:/home/runner/.m2/repository/org/apache/ozone/ozone-client/1.5.0-SNAPSHOT/ozone-client-1.5.0-SNAPSHOT.jar:/home/runner/.m2/repository/org/apache/ozone/hdds-erasurecode/1.5.0-SNAPSHOT/hdds-erasurecode-1.5.0-SNAPSHOT.jar:/home/runner/.m2/repository/org/apache/ozone/ozone-filesystem/1.5.0-SNAPSHOT/ozone-filesystem-1.5.0-SNAPSHOT.jar:/home/runner/.m2/repository/org/apache/ozone/ozone-filesystem-common/1.5.0-SNAPSHOT/ozone-filesystem-common-1.5.0-SNAPSHOT.jar:/home/runner/.m2/repository/org/apache/ozone/ozone-tools/1.5.0-SNAPSHOT/ozone-tools-1.5.0-SNAPSHOT.jar:/home/runner/.m2/repository/com/amazonaws/aws-java-sdk-core/1.12.261/aws-java-sdk-core-1.12.261.jar:/home/runner/.m2/repository/org/apache/httpcomponents/httpclient/4.5.13/httpclient-4.5.13.jar:/home/runner/.m2/repository/org/apache/httpcomponents/httpcore/4.4.16/httpcore-4.4.16.jar:/home/runner/.m2/repository/software/amazon/ion/ion-java/1.0.2/ion-java-1.0.2.jar:/home/runner/.m2/repository/com/fasterxml/jackson/dataformat/jackson-dataformat-cbor/2.13.4/jackson-dataformat-cbor-2.13.4.jar:/home/runner/.m2/repository/joda-time/joda-time/2.12.5/joda-time-2.12.5.jar:/home/runner/.m2/repository/com/amazonaws/aws-java-sdk-s3/1.12.261/aws-java-sdk-s3-1.12.261.jar:/home/runner/.m2/repository/com/amazonaws/aws-java-sdk-kms/1.12.261/aws-java-sdk-kms-1.12.261.jar:/home/runner/.m2/repository/com/amazonaws/jmespath-java/1.12.261/jmespath-java-1.12.261.jar:/home/runner/.m2/repository/org/kohsuke/metainf-services/metainf-services/1.8/metainf-services-1.8.jar:/home/runner/.m2/repository/org/apache/ozone/hdds-tools/1.5.0-SNAPSHOT/hdds-tools-1.5.0-SNAPSHOT.jar:/home/runner/.m2/repository/org/apache/ratis/ratis-tools/3.0.0/ratis-tools-3.0.0.jar:/home/runner/.m2/repository/commons-cli/commons-cli/1.6.0/commons-cli-1.6.0.jar:/home/runner/.m2/repository/org/apache/commons/commons-lang3/3.14.0/commons-lang3-3.14.0.jar:/home/runner/.m2/repository/org/apache/ozone/ozone-manager/1.5.0-SNAPSHOT/ozone-manager-1.5.0-SNAPSHOT-tests.jar:/home/runner/.m2/repository/org/apache/ozone/hdds-common/1.5.0-SNAPSHOT/hdds-common-1.5.0-SNAPSHOT-tests.jar:/home/runner/.m2/repository/org/apache/ozone/hdds-hadoop-dependency-client/1.5.0-SNAPSHOT/hdds-hadoop-dependency-client-1.5.0-SNAPSHOT.jar:/home/runner/.m2/repository/info/picocli/picocli/4.7.5/picocli-4.7.5.jar:/home/runner/.m2/repository/com/fasterxml/jackson/core/jackson-annotations/2.13.4/jackson-annotations-2.13.4.jar:/home/runner/.m2/repository/org/apache/ozone/hdds-annotation-processing/1.5.0-SNAPSHOT/hdds-annotation-processing-1.5.0-SNAPSHOT.jar:/home/runner/.m2/repository/javax/annotation/javax.annotation-api/1.3.2/javax.annotation-api-1.3.2.jar:/home/runner/.m2/repository/org/apache/ratis/ratis-netty/3.0.0/ratis-netty-3.0.0.jar:/home/runner/.m2/repository/org/apache/ratis/ratis-grpc/3.0.0/ratis-grpc-3.0.0.jar:/home/runner/.m2/repository/org/apache/commons/commons-pool2/2.6.0/commons-pool2-2.6.0.jar:/home/runner/.m2/repository/org/bouncycastle/bcpkix-jdk15on/1.67/bcpkix-jdk15on-1.67.jar:/home/runner/.m2/repository/commons-validator/commons-validator/1.6/commons-validator-1.6.jar:/home/runner/.m2/repository/commons-beanutils/commons-beanutils/1.9.4/commons-beanutils-1.9.4.jar:/home/runner/.m2/repository/commons-digester/commons-digester/1.8.1/commons-digester-1.8.1.jar:/home/runner/.m2/repository/commons-collections/commons-collections/3.2.2/commons-collections-3.2.2.jar:/home/runner/.m2/repository/io/jaegertracing/jaeger-client/1.6.0/jaeger-client-1.6.0.jar:/home/runner/.m2/repository/io/jaegertracing/jaeger-thrift/1.6.0/jaeger-thrift-1.6.0.jar:/home/runner/.m2/repository/org/apache/thrift/libthrift/0.14.1/libthrift-0.14.1.jar:/home/runner/.m2/repository/io/jaegertracing/jaeger-core/1.6.0/jaeger-core-1.6.0.jar:/home/runner/.m2/repository/io/jaegertracing/jaeger-tracerresolver/1.6.0/jaeger-tracerresolver-1.6.0.jar:/home/runner/.m2/repository/io/opentracing/contrib/opentracing-tracerresolver/0.1.8/opentracing-tracerresolver-0.1.8.jar:/home/runner/.m2/repository/org/jetbrains/kotlin/kotlin-stdlib/1.9.21/kotlin-stdlib-1.9.21.jar:/home/runner/.m2/repository/org/jetbrains/annotations/13.0/annotations-13.0.jar:/home/runner/.m2/repository/io/opentracing/opentracing-util/0.33.0/opentracing-util-0.33.0.jar:/home/runner/.m2/repository/io/opentracing/opentracing-api/0.33.0/opentracing-api-0.33.0.jar:/home/runner/.m2/repository/io/opentracing/opentracing-noop/0.33.0/opentracing-noop-0.33.0.jar:/home/runner/.m2/repository/org/yaml/snakeyaml/2.0/snakeyaml-2.0.jar:/home/runner/.m2/repository/io/grpc/grpc-api/1.58.0/grpc-api-1.58.0.jar:/home/runner/.m2/repository/junit/junit/4.13.1/junit-4.13.1.jar:/home/runner/.m2/repository/org/hamcrest/hamcrest-core/1.3/hamcrest-core-1.3.jar:/home/runner/.m2/repository/org/junit/jupiter/junit-jupiter-api/5.10.1/junit-jupiter-api-5.10.1.jar:/home/runner/.m2/repository/org/opentest4j/opentest4j/1.3.0/opentest4j-1.3.0.jar:/home/runner/.m2/repository/org/junit/platform/junit-platform-commons/1.10.1/junit-platform-commons-1.10.1.jar:/home/runner/.m2/repository/org/apiguardian/apiguardian-api/1.1.2/apiguardian-api-1.1.2.jar:/home/runner/.m2/repository/org/junit/jupiter/junit-jupiter-params/5.10.1/junit-jupiter-params-5.10.1.jar:/home/runner/.m2/repository/org/junit/jupiter/junit-jupiter-migrationsupport/5.10.1/junit-jupiter-migrationsupport-5.10.1.jar:/home/runner/.m2/repository/org/junit/jupiter/junit-jupiter-engine/5.10.1/junit-jupiter-engine-5.10.1.jar:/home/runner/.m2/repository/org/junit/platform/junit-platform-engine/1.10.1/junit-platform-engine-1.10.1.jar:/home/runner/.m2/repository/org/junit/vintage/junit-vintage-engine/5.10.1/junit-vintage-engine-5.10.1.jar:/home/runner/.m2/repository/org/junit/platform/junit-platform-launcher/1.10.1/junit-platform-launcher-1.10.1.jar:/home/runner/.m2/repository/org/mockito/mockito-core/3.5.9/mockito-core-3.5.9.jar:/home/runner/.m2/repository/net/bytebuddy/byte-buddy/1.10.13/byte-buddy-1.10.13.jar:/home/runner/.m2/repository/net/bytebuddy/byte-buddy-agent/1.10.13/byte-buddy-agent-1.10.13.jar:/home/runner/.m2/repository/org/objenesis/objenesis/1.0/objenesis-1.0.jar:/home/runner/.m2/repository/org/apache/hadoop/hadoop-kms/3.3.6/hadoop-kms-3.3.6.jar:/home/runner/.m2/repository/org/apache/hadoop/hadoop-auth/3.3.6/hadoop-auth-3.3.6.jar:/home/runner/.m2/repository/com/nimbusds/nimbus-jose-jwt/9.8.1/nimbus-jose-jwt-9.8.1.jar:/home/runner/.m2/repository/com/github/stephenc/jcip/jcip-annotations/1.0-1/jcip-annotations-1.0-1.jar:/home/runner/.m2/repository/org/apache/zookeeper/zookeeper/3.7.2/zookeeper-3.7.2.jar:/home/runner/.m2/repository/org/apache/zookeeper/zookeeper-jute/3.7.2/zookeeper-jute-3.7.2.jar:/home/runner/.m2/repository/org/apache/yetus/audience-annotations/0.12.0/audience-annotations-0.12.0.jar:/home/runner/.m2/repository/org/apache/curator/curator-framework/4.2.0/curator-framework-4.2.0.jar:/home/runner/.m2/repository/org/apache/hadoop/thirdparty/hadoop-shaded-guava/1.1.1/hadoop-shaded-guava-1.1.1.jar:/home/runner/.m2/repository/com/sun/jersey/jersey-core/1.19.4/jersey-core-1.19.4.jar:/home/runner/.m2/repository/javax/ws/rs/jsr311-api/1.1.1/jsr311-api-1.1.1.jar:/home/runner/.m2/repository/com/sun/jersey/jersey-server/1.19.4/jersey-server-1.19.4.jar:/home/runner/.m2/repository/javax/servlet/javax.servlet-api/3.1.0/javax.servlet-api-3.1.0.jar:/home/runner/.m2/repository/org/apache/hadoop/hadoop-common/3.3.6/hadoop-common-3.3.6.jar:/home/runner/.m2/repository/org/apache/commons/commons-math3/3.1.1/commons-math3-3.1.1.jar:/home/runner/.m2/repository/commons-net/commons-net/3.10.0/commons-net-3.10.0.jar:/home/runner/.m2/repository/com/sun/jersey/jersey-servlet/1.19.4/jersey-servlet-1.19.4.jar:/home/runner/.m2/repository/com/github/pjfanning/jersey-json/1.20/jersey-json-1.20.jar:/home/runner/.m2/repository/org/codehaus/jettison/jettison/1.1/jettison-1.1.jar:/home/runner/.m2/repository/com/sun/xml/bind/jaxb-impl/2.2.3-1/jaxb-impl-2.2.3-1.jar:/home/runner/.m2/repository/com/google/re2j/re2j/1.1/re2j-1.1.jar:/home/runner/.m2/repository/com/jcraft/jsch/0.1.54/jsch-0.1.54.jar:/home/runner/.m2/repository/org/apache/curator/curator-client/4.2.0/curator-client-4.2.0.jar:/home/runner/.m2/repository/org/apache/curator/curator-recipes/5.2.0/curator-recipes-5.2.0.jar:/home/runner/.m2/repository/org/apache/kerby/kerb-core/1.0.1/kerb-core-1.0.1.jar:/home/runner/.m2/repository/org/apache/kerby/kerby-pkix/1.0.1/kerby-pkix-1.0.1.jar:/home/runner/.m2/repository/org/apache/kerby/kerby-asn1/1.0.1/kerby-asn1-1.0.1.jar:/home/runner/.m2/repository/org/apache/kerby/kerby-util/1.0.1/kerby-util-1.0.1.jar:/home/runner/.m2/repository/dnsjava/dnsjava/2.1.7/dnsjava-2.1.7.jar:/home/runner/.m2/repository/org/xerial/snappy/snappy-java/1.1.8.2/snappy-java-1.1.8.2.jar:/home/runner/.m2/repository/com/fasterxml/jackson/core/jackson-databind/2.13.4.2/jackson-databind-2.13.4.2.jar:/home/runner/.m2/repository/org/apache/hadoop/hadoop-kms/3.3.6/hadoop-kms-3.3.6-tests.jar:/home/runner/.m2/repository/org/apache/ozone/hdds-server-scm/1.5.0-SNAPSHOT/hdds-server-scm-1.5.0-SNAPSHOT-tests.jar:/home/runner/.m2/repository/org/apache/ozone/hdds-container-service/1.5.0-SNAPSHOT/hdds-container-service-1.5.0-SNAPSHOT-tests.jar:/home/runner/.m2/repository/com/github/luben/zstd-jni/1.5.2-5/zstd-jni-1.5.2-5.jar:/home/runner/.m2/repository/commons-codec/commons-codec/1.15/commons-codec-1.15.jar:/home/runner/.m2/repository/io/netty/netty-codec/4.1.100.Final/netty-codec-4.1.100.Final.jar:/home/runner/.m2/repository/io/netty/netty-handler/4.1.100.Final/netty-handler-4.1.100.Final.jar:/home/runner/.m2/repository/org/apache/ozone/hdds-hadoop-dependency-test/1.5.0-SNAPSHOT/hdds-hadoop-dependency-test-1.5.0-SNAPSHOT.jar:/home/runner/.m2/repository/org/apache/hadoop/hadoop-common/3.3.6/hadoop-common-3.3.6-tests.jar:/home/runner/.m2/repository/org/apache/hadoop/hadoop-hdfs/3.3.6/hadoop-hdfs-3.3.6-tests.jar:/home/runner/.m2/repository/org/assertj/assertj-core/3.12.2/assertj-core-3.12.2.jar:/home/runner/.m2/repository/org/apache/hadoop/hadoop-distcp/3.3.6/hadoop-distcp-3.3.6.jar:/home/runner/.m2/repository/org/apache/hadoop/hadoop-mapreduce-client-jobclient/3.3.6/hadoop-mapreduce-client-jobclient-3.3.6.jar:/home/runner/.m2/repository/org/apache/hadoop/hadoop-mapreduce-client-common/3.3.6/hadoop-mapreduce-client-common-3.3.6.jar:/home/runner/.m2/repository/org/apache/hadoop/hadoop-yarn-common/3.3.6/hadoop-yarn-common-3.3.6.jar:/home/runner/.m2/repository/org/apache/hadoop/hadoop-yarn-api/3.3.6/hadoop-yarn-api-3.3.6.jar:/home/runner/.m2/repository/javax/xml/bind/jaxb-api/2.2.11/jaxb-api-2.2.11.jar:/home/runner/.m2/repository/com/sun/jersey/contribs/jersey-guice/1.19.4/jersey-guice-1.19.4.jar:/home/runner/.m2/repository/com/fasterxml/jackson/jaxrs/jackson-jaxrs-json-provider/2.13.4/jackson-jaxrs-json-provider-2.13.4.jar:/home/runner/.m2/repository/com/fasterxml/jackson/jaxrs/jackson-jaxrs-base/2.13.4/jackson-jaxrs-base-2.13.4.jar:/home/runner/.m2/repository/org/apache/hadoop/hadoop-yarn-client/3.3.6/hadoop-yarn-client-3.3.6.jar:/home/runner/.m2/repository/org/eclipse/jetty/websocket/websocket-client/9.4.51.v20230217/websocket-client-9.4.51.v20230217.jar:/home/runner/.m2/repository/org/eclipse/jetty/websocket/websocket-common/9.4.51.v20230217/websocket-common-9.4.51.v20230217.jar:/home/runner/.m2/repository/org/eclipse/jetty/websocket/websocket-api/9.4.51.v20230217/websocket-api-9.4.51.v20230217.jar:/home/runner/.m2/repository/org/jline/jline/3.9.0/jline-3.9.0.jar:/home/runner/.m2/repository/org/apache/hadoop/hadoop-mapreduce-client-core/3.3.6/hadoop-mapreduce-client-core-3.3.6.jar:/home/runner/.m2/repository/org/apache/avro/avro/1.7.7/avro-1.7.7.jar:/home/runner/.m2/repository/com/thoughtworks/paranamer/paranamer/2.3/paranamer-2.3.jar:/home/runner/.m2/repository/org/apache/hadoop/hadoop-annotations/3.3.6/hadoop-annotations-3.3.6.jar:/usr/lib/jvm/temurin-8-jdk-amd64/jre/../lib/tools.jar:/home/runner/.m2/repository/io/netty/netty/3.10.6.Final/netty-3.10.6.Final.jar:/home/runner/.m2/repository/org/apache/hadoop/hadoop-distcp/3.3.6/hadoop-distcp-3.3.6-tests.jar:/home/runner/.m2/repository/org/slf4j/jul-to-slf4j/1.7.36/jul-to-slf4j-1.7.36.jar:/home/runner/work/ozone/ozone/hadoop-ozone/integration-test/target/gradle-enterprise/test-listeners.jar:"/>
    <property name="java.vm.vendor" value="Temurin"/>
    <property name="sun.arch.data.model" value="64"/>
    <property name="test.build.dir" value="/home/runner/work/ozone/ozone/hadoop-ozone/integration-test/target/test-dir"/>
    <property name="test.cache.data" value=""/>
    <property name="java.vendor.url" value="https://adoptium.net/"/>
    <property name="user.timezone" value="Etc/UTC"/>
    <property name="os.name" value="Linux"/>
    <property name="java.vm.specification.version" value="1.8"/>
    <property name="test.build.data" value="/home/runner/work/ozone/ozone/hadoop-ozone/integration-test/target/test-dir"/>
    <property name="sun.java.launcher" value="SUN_STANDARD"/>
    <property name="sun.boot.library.path" value="/usr/lib/jvm/temurin-8-jdk-amd64/jre/lib/amd64"/>
    <property name="sun.java.command" value="/home/runner/work/ozone/ozone/hadoop-ozone/integration-test/target/surefire/surefirebooter-20231226171903100_98.jar /home/runner/work/ozone/ozone/hadoop-ozone/integration-test/target/surefire 2023-12-26T17-19-01_536-jvmRun1 surefire-20231226171903100_96tmp surefire_15-20231226171903100_97tmp"/>
    <property name="native.lib.tmp.dir" value="/tmp"/>
    <property name="surefire.test.class.path" value="/home/runner/work/ozone/ozone/hadoop-ozone/integration-test/target/test-classes:/home/runner/work/ozone/ozone/hadoop-ozone/integration-test/target/classes:/home/runner/.m2/repository/org/apache/ozone/ozone-common/1.5.0-SNAPSHOT/ozone-common-1.5.0-SNAPSHOT.jar:/home/runner/.m2/repository/io/grpc/grpc-netty/1.58.0/grpc-netty-1.58.0.jar:/home/runner/.m2/repository/io/grpc/grpc-core/1.58.0/grpc-core-1.58.0.jar:/home/runner/.m2/repository/com/google/android/annotations/4.1.1.4/annotations-4.1.1.4.jar:/home/runner/.m2/repository/org/codehaus/mojo/animal-sniffer-annotations/1.23/animal-sniffer-annotations-1.23.jar:/home/runner/.m2/repository/io/grpc/grpc-context/1.58.0/grpc-context-1.58.0.jar:/home/runner/.m2/repository/io/grpc/grpc-util/1.58.0/grpc-util-1.58.0.jar:/home/runner/.m2/repository/com/google/errorprone/error_prone_annotations/2.2.0/error_prone_annotations-2.2.0.jar:/home/runner/.m2/repository/io/perfmark/perfmark-api/0.26.0/perfmark-api-0.26.0.jar:/home/runner/.m2/repository/io/netty/netty-codec-http2/4.1.100.Final/netty-codec-http2-4.1.100.Final.jar:/home/runner/.m2/repository/io/netty/netty-common/4.1.100.Final/netty-common-4.1.100.Final.jar:/home/runner/.m2/repository/io/netty/netty-buffer/4.1.100.Final/netty-buffer-4.1.100.Final.jar:/home/runner/.m2/repository/io/netty/netty-codec-http/4.1.100.Final/netty-codec-http-4.1.100.Final.jar:/home/runner/.m2/repository/io/netty/netty-handler-proxy/4.1.100.Final/netty-handler-proxy-4.1.100.Final.jar:/home/runner/.m2/repository/io/netty/netty-codec-socks/4.1.100.Final/netty-codec-socks-4.1.100.Final.jar:/home/runner/.m2/repository/io/netty/netty-tcnative-boringssl-static/2.0.61.Final/netty-tcnative-boringssl-static-2.0.61.Final.jar:/home/runner/.m2/repository/io/netty/netty-tcnative-classes/2.0.61.Final/netty-tcnative-classes-2.0.61.Final.jar:/home/runner/.m2/repository/io/netty/netty-tcnative-boringssl-static/2.0.61.Final/netty-tcnative-boringssl-static-2.0.61.Final-linux-x86_64.jar:/home/runner/.m2/repository/io/netty/netty-tcnative-boringssl-static/2.0.61.Final/netty-tcnative-boringssl-static-2.0.61.Final-linux-aarch_64.jar:/home/runner/.m2/repository/io/netty/netty-tcnative-boringssl-static/2.0.61.Final/netty-tcnative-boringssl-static-2.0.61.Final-osx-x86_64.jar:/home/runner/.m2/repository/io/netty/netty-tcnative-boringssl-static/2.0.61.Final/netty-tcnative-boringssl-static-2.0.61.Final-osx-aarch_64.jar:/home/runner/.m2/repository/io/netty/netty-tcnative-boringssl-static/2.0.61.Final/netty-tcnative-boringssl-static-2.0.61.Final-windows-x86_64.jar:/home/runner/.m2/repository/org/apache/commons/commons-compress/1.21/commons-compress-1.21.jar:/home/runner/.m2/repository/org/apache/ozone/hdds-common/1.5.0-SNAPSHOT/hdds-common-1.5.0-SNAPSHOT.jar:/home/runner/.m2/repository/org/apache/ozone/hdds-client/1.5.0-SNAPSHOT/hdds-client-1.5.0-SNAPSHOT.jar:/home/runner/.m2/repository/org/apache/ozone/ozone-interface-client/1.5.0-SNAPSHOT/ozone-interface-client-1.5.0-SNAPSHOT.jar:/home/runner/.m2/repository/org/apache/hadoop/hadoop-hdfs-client/3.3.6/hadoop-hdfs-client-3.3.6.jar:/home/runner/.m2/repository/com/squareup/okhttp3/okhttp/4.12.0/okhttp-4.12.0.jar:/home/runner/.m2/repository/com/squareup/okio/okio/3.6.0/okio-3.6.0.jar:/home/runner/.m2/repository/com/squareup/okio/okio-jvm/3.6.0/okio-jvm-3.6.0.jar:/home/runner/.m2/repository/org/jetbrains/kotlin/kotlin-stdlib-jdk8/1.9.21/kotlin-stdlib-jdk8-1.9.21.jar:/home/runner/.m2/repository/org/jetbrains/kotlin/kotlin-stdlib-jdk7/1.9.21/kotlin-stdlib-jdk7-1.9.21.jar:/home/runner/.m2/repository/org/jetbrains/kotlin/kotlin-stdlib-common/1.9.21/kotlin-stdlib-common-1.9.21.jar:/home/runner/.m2/repository/org/apache/ozone/hdds-test-utils/1.5.0-SNAPSHOT/hdds-test-utils-1.5.0-SNAPSHOT.jar:/home/runner/.m2/repository/com/google/guava/guava/32.0.0-jre/guava-32.0.0-jre.jar:/home/runner/.m2/repository/com/google/guava/failureaccess/1.0.1/failureaccess-1.0.1.jar:/home/runner/.m2/repository/com/google/guava/listenablefuture/9999.0-empty-to-avoid-conflict-with-guava/listenablefuture-9999.0-empty-to-avoid-conflict-with-guava.jar:/home/runner/.m2/repository/com/google/code/findbugs/jsr305/3.0.0/jsr305-3.0.0.jar:/home/runner/.m2/repository/org/checkerframework/checker-qual/3.33.0/checker-qual-3.33.0.jar:/home/runner/.m2/repository/com/google/j2objc/j2objc-annotations/2.8/j2objc-annotations-2.8.jar:/home/runner/.m2/repository/commons-io/commons-io/2.11.0/commons-io-2.11.0.jar:/home/runner/.m2/repository/commons-logging/commons-logging/1.2/commons-logging-1.2.jar:/home/runner/.m2/repository/ch/qos/reload4j/reload4j/1.2.25/reload4j-1.2.25.jar:/home/runner/.m2/repository/org/slf4j/slf4j-api/1.7.36/slf4j-api-1.7.36.jar:/home/runner/.m2/repository/org/apache/logging/log4j/log4j-api/2.17.1/log4j-api-2.17.1.jar:/home/runner/.m2/repository/org/apache/ozone/hdds-server-scm/1.5.0-SNAPSHOT/hdds-server-scm-1.5.0-SNAPSHOT.jar:/home/runner/.m2/repository/org/apache/ozone/hdds-container-service/1.5.0-SNAPSHOT/hdds-container-service-1.5.0-SNAPSHOT.jar:/home/runner/.m2/repository/org/apache/ozone/hdds-hadoop-dependency-server/1.5.0-SNAPSHOT/hdds-hadoop-dependency-server-1.5.0-SNAPSHOT.jar:/home/runner/.m2/repository/org/apache/hadoop/hadoop-hdfs/3.3.6/hadoop-hdfs-3.3.6.jar:/home/runner/.m2/repository/commons-daemon/commons-daemon/1.0.13/commons-daemon-1.0.13.jar:/home/runner/.m2/repository/org/apache/ozone/hdds-server-framework/1.5.0-SNAPSHOT/hdds-server-framework-1.5.0-SNAPSHOT.jar:/home/runner/.m2/repository/io/dropwizard/metrics/metrics-core/3.2.4/metrics-core-3.2.4.jar:/home/runner/.m2/repository/org/apache/commons/commons-text/1.10.0/commons-text-1.10.0.jar:/home/runner/.m2/repository/org/bouncycastle/bcprov-jdk15on/1.67/bcprov-jdk15on-1.67.jar:/home/runner/.m2/repository/com/google/protobuf/protobuf-java/2.5.0/protobuf-java-2.5.0.jar:/home/runner/.m2/repository/org/apache/ozone/hdds-server-framework/1.5.0-SNAPSHOT/hdds-server-framework-1.5.0-SNAPSHOT-tests.jar:/home/runner/.m2/repository/org/apache/ozone/hdds-interface-server/1.5.0-SNAPSHOT/hdds-interface-server-1.5.0-SNAPSHOT.jar:/home/runner/.m2/repository/org/apache/ozone/hdds-interface-admin/1.5.0-SNAPSHOT/hdds-interface-admin-1.5.0-SNAPSHOT.jar:/home/runner/.m2/repository/org/apache/ozone/hdds-managed-rocksdb/1.5.0-SNAPSHOT/hdds-managed-rocksdb-1.5.0-SNAPSHOT.jar:/home/runner/.m2/repository/org/rocksdb/rocksdbjni/7.7.3/rocksdbjni-7.7.3.jar:/home/runner/.m2/repository/org/slf4j/slf4j-reload4j/1.7.36/slf4j-reload4j-1.7.36.jar:/home/runner/.m2/repository/org/apache/commons/commons-configuration2/2.1.1/commons-configuration2-2.1.1.jar:/home/runner/.m2/repository/commons-fileupload/commons-fileupload/1.5/commons-fileupload-1.5.jar:/home/runner/.m2/repository/org/apache/logging/log4j/log4j-core/2.17.1/log4j-core-2.17.1.jar:/home/runner/.m2/repository/com/lmax/disruptor/3.4.2/disruptor-3.4.2.jar:/home/runner/.m2/repository/org/eclipse/jetty/jetty-util/9.4.53.v20231009/jetty-util-9.4.53.v20231009.jar:/home/runner/.m2/repository/org/eclipse/jetty/jetty-server/9.4.53.v20231009/jetty-server-9.4.53.v20231009.jar:/home/runner/.m2/repository/org/eclipse/jetty/jetty-http/9.4.53.v20231009/jetty-http-9.4.53.v20231009.jar:/home/runner/.m2/repository/org/eclipse/jetty/jetty-io/9.4.53.v20231009/jetty-io-9.4.53.v20231009.jar:/home/runner/.m2/repository/org/eclipse/jetty/jetty-servlet/9.4.53.v20231009/jetty-servlet-9.4.53.v20231009.jar:/home/runner/.m2/repository/org/eclipse/jetty/jetty-security/9.4.53.v20231009/jetty-security-9.4.53.v20231009.jar:/home/runner/.m2/repository/org/eclipse/jetty/jetty-util-ajax/9.4.53.v20231009/jetty-util-ajax-9.4.53.v20231009.jar:/home/runner/.m2/repository/org/eclipse/jetty/jetty-webapp/9.4.53.v20231009/jetty-webapp-9.4.53.v20231009.jar:/home/runner/.m2/repository/org/eclipse/jetty/jetty-xml/9.4.53.v20231009/jetty-xml-9.4.53.v20231009.jar:/home/runner/.m2/repository/org/apache/ratis/ratis-server/3.0.0/ratis-server-3.0.0.jar:/home/runner/.m2/repository/org/apache/ratis/ratis-thirdparty-misc/1.0.5/ratis-thirdparty-misc-1.0.5.jar:/home/runner/.m2/repository/org/apache/ratis/ratis-proto/3.0.0/ratis-proto-3.0.0.jar:/home/runner/.m2/repository/org/apache/ratis/ratis-common/3.0.0/ratis-common-3.0.0.jar:/home/runner/.m2/repository/org/apache/ratis/ratis-client/3.0.0/ratis-client-3.0.0.jar:/home/runner/.m2/repository/org/apache/ratis/ratis-server-api/3.0.0/ratis-server-api-3.0.0.jar:/home/runner/.m2/repository/org/apache/ratis/ratis-metrics-api/3.0.0/ratis-metrics-api-3.0.0.jar:/home/runner/.m2/repository/org/apache/ratis/ratis-metrics-dropwizard3/3.0.0/ratis-metrics-dropwizard3-3.0.0.jar:/home/runner/.m2/repository/io/prometheus/simpleclient_dropwizard/0.7.0/simpleclient_dropwizard-0.7.0.jar:/home/runner/.m2/repository/io/prometheus/simpleclient/0.7.0/simpleclient-0.7.0.jar:/home/runner/.m2/repository/io/prometheus/simpleclient_common/0.7.0/simpleclient_common-0.7.0.jar:/home/runner/.m2/repository/com/fasterxml/jackson/datatype/jackson-datatype-jsr310/2.13.4/jackson-datatype-jsr310-2.13.4.jar:/home/runner/.m2/repository/com/fasterxml/jackson/core/jackson-core/2.13.4/jackson-core-2.13.4.jar:/home/runner/.m2/repository/org/apache/ozone/rocksdb-checkpoint-differ/1.5.0-SNAPSHOT/rocksdb-checkpoint-differ-1.5.0-SNAPSHOT.jar:/home/runner/.m2/repository/org/jgrapht/jgrapht-core/1.0.1/jgrapht-core-1.0.1.jar:/home/runner/.m2/repository/org/jgrapht/jgrapht-ext/1.0.1/jgrapht-ext-1.0.1.jar:/home/runner/.m2/repository/org/tinyjee/jgraphx/jgraphx/2.0.0.1/jgraphx-2.0.0.1.jar:/home/runner/.m2/repository/jgraph/jgraph/5.13.0.0/jgraph-5.13.0.0.jar:/home/runner/.m2/repository/org/antlr/antlr4-runtime/4.5.3/antlr4-runtime-4.5.3.jar:/home/runner/.m2/repository/org/awaitility/awaitility/4.2.0/awaitility-4.2.0.jar:/home/runner/.m2/repository/org/hamcrest/hamcrest/2.1/hamcrest-2.1.jar:/home/runner/.m2/repository/org/apache/ozone/ozone-manager/1.5.0-SNAPSHOT/ozone-manager-1.5.0-SNAPSHOT.jar:/home/runner/.m2/repository/org/aspectj/aspectjrt/1.9.7/aspectjrt-1.9.7.jar:/home/runner/.m2/repository/org/aspectj/aspectjweaver/1.9.7/aspectjweaver-1.9.7.jar:/home/runner/.m2/repository/org/apache/ozone/hdds-interface-client/1.5.0-SNAPSHOT/hdds-interface-client-1.5.0-SNAPSHOT.jar:/home/runner/.m2/repository/org/apache/hadoop/thirdparty/hadoop-shaded-protobuf_3_7/1.1.1/hadoop-shaded-protobuf_3_7-1.1.1.jar:/home/runner/.m2/repository/org/apache/ozone/ozone-interface-storage/1.5.0-SNAPSHOT/ozone-interface-storage-1.5.0-SNAPSHOT.jar:/home/runner/.m2/repository/org/reflections/reflections/0.9.11/reflections-0.9.11.jar:/home/runner/.m2/repository/com/sun/jersey/jersey-client/1.19.4/jersey-client-1.19.4.jar:/home/runner/.m2/repository/org/codehaus/jackson/jackson-core-asl/1.9.13/jackson-core-asl-1.9.13.jar:/home/runner/.m2/repository/org/codehaus/jackson/jackson-mapper-asl/1.9.13/jackson-mapper-asl-1.9.13.jar:/home/runner/.m2/repository/org/codehaus/jackson/jackson-jaxrs/1.9.13/jackson-jaxrs-1.9.13.jar:/home/runner/.m2/repository/org/apache/ranger/ranger-intg/2.3.0/ranger-intg-2.3.0.jar:/home/runner/.m2/repository/org/apache/ranger/ranger-plugins-common/2.3.0/ranger-plugins-common-2.3.0.jar:/home/runner/.m2/repository/commons-lang/commons-lang/2.6/commons-lang-2.6.jar:/home/runner/.m2/repository/org/apache/ranger/ranger-plugins-cred/2.3.0/ranger-plugins-cred-2.3.0.jar:/home/runner/.m2/repository/org/apache/ranger/ranger-plugins-audit/2.3.0/ranger-plugins-audit-2.3.0.jar:/home/runner/.m2/repository/org/eclipse/jetty/jetty-client/9.4.53.v20231009/jetty-client-9.4.53.v20231009.jar:/home/runner/.m2/repository/org/apache/httpcomponents/httpmime/4.5.6/httpmime-4.5.6.jar:/home/runner/.m2/repository/org/apache/httpcomponents/httpcore-nio/4.4.16/httpcore-nio-4.4.16.jar:/home/runner/.m2/repository/org/apache/httpcomponents/httpasyncclient/4.1.3/httpasyncclient-4.1.3.jar:/home/runner/.m2/repository/com/carrotsearch/hppc/0.8.0/hppc-0.8.0.jar:/home/runner/.m2/repository/org/apache/orc/orc-core/1.5.8/orc-core-1.5.8.jar:/home/runner/.m2/repository/net/java/dev/jna/jna/5.2.0/jna-5.2.0.jar:/home/runner/.m2/repository/net/java/dev/jna/jna-platform/5.2.0/jna-platform-5.2.0.jar:/home/runner/.m2/repository/com/kstruct/gethostname4j/0.0.2/gethostname4j-0.0.2.jar:/home/runner/.m2/repository/org/apache/ranger/ranger-plugin-classloader/2.3.0/ranger-plugin-classloader-2.3.0.jar:/home/runner/.m2/repository/org/apache/ozone/hdds-rocks-native/1.5.0-SNAPSHOT/hdds-rocks-native-1.5.0-SNAPSHOT.jar:/home/runner/.m2/repository/org/apache/hadoop/hadoop-minikdc/3.3.6/hadoop-minikdc-3.3.6.jar:/home/runner/.m2/repository/org/apache/kerby/kerb-simplekdc/1.0.1/kerb-simplekdc-1.0.1.jar:/home/runner/.m2/repository/org/apache/kerby/kerb-client/1.0.1/kerb-client-1.0.1.jar:/home/runner/.m2/repository/org/apache/kerby/kerby-config/1.0.1/kerby-config-1.0.1.jar:/home/runner/.m2/repository/org/apache/kerby/kerb-common/1.0.1/kerb-common-1.0.1.jar:/home/runner/.m2/repository/org/apache/kerby/kerb-crypto/1.0.1/kerb-crypto-1.0.1.jar:/home/runner/.m2/repository/org/apache/kerby/kerb-util/1.0.1/kerb-util-1.0.1.jar:/home/runner/.m2/repository/org/apache/kerby/token-provider/1.0.1/token-provider-1.0.1.jar:/home/runner/.m2/repository/org/apache/kerby/kerb-admin/1.0.1/kerb-admin-1.0.1.jar:/home/runner/.m2/repository/org/apache/kerby/kerb-server/1.0.1/kerb-server-1.0.1.jar:/home/runner/.m2/repository/org/apache/kerby/kerb-identity/1.0.1/kerb-identity-1.0.1.jar:/home/runner/.m2/repository/org/apache/kerby/kerby-xdr/1.0.1/kerby-xdr-1.0.1.jar:/home/runner/.m2/repository/org/apache/ozone/ozone-s3gateway/1.5.0-SNAPSHOT/ozone-s3gateway-1.5.0-SNAPSHOT.jar:/home/runner/.m2/repository/org/javassist/javassist/3.21.0-GA/javassist-3.21.0-GA.jar:/home/runner/.m2/repository/org/jboss/weld/servlet/weld-servlet-shaded/3.1.9.Final/weld-servlet-shaded-3.1.9.Final.jar:/home/runner/.m2/repository/org/glassfish/jersey/containers/jersey-container-servlet-core/2.41/jersey-container-servlet-core-2.41.jar:/home/runner/.m2/repository/org/glassfish/hk2/external/jakarta.inject/2.6.1/jakarta.inject-2.6.1.jar:/home/runner/.m2/repository/org/glassfish/jersey/core/jersey-common/2.41/jersey-common-2.41.jar:/home/runner/.m2/repository/jakarta/ws/rs/jakarta.ws.rs-api/2.1.6/jakarta.ws.rs-api-2.1.6.jar:/home/runner/.m2/repository/org/glassfish/jersey/ext/cdi/jersey-cdi1x/2.41/jersey-cdi1x-2.41.jar:/home/runner/.m2/repository/org/glassfish/jersey/inject/jersey-hk2/2.41/jersey-hk2-2.41.jar:/home/runner/.m2/repository/org/glassfish/hk2/hk2-locator/2.6.1/hk2-locator-2.6.1.jar:/home/runner/.m2/repository/org/glassfish/jersey/media/jersey-media-jaxb/2.41/jersey-media-jaxb-2.41.jar:/home/runner/.m2/repository/org/glassfish/hk2/osgi-resource-locator/1.0.3/osgi-resource-locator-1.0.3.jar:/home/runner/.m2/repository/org/glassfish/hk2/hk2-api/2.5.0/hk2-api-2.5.0.jar:/home/runner/.m2/repository/org/glassfish/hk2/hk2-utils/2.5.0/hk2-utils-2.5.0.jar:/home/runner/.m2/repository/org/glassfish/hk2/external/aopalliance-repackaged/2.5.0/aopalliance-repackaged-2.5.0.jar:/home/runner/.m2/repository/com/fasterxml/jackson/dataformat/jackson-dataformat-xml/2.13.4/jackson-dataformat-xml-2.13.4.jar:/home/runner/.m2/repository/org/codehaus/woodstox/stax2-api/4.2.2/stax2-api-4.2.2.jar:/home/runner/.m2/repository/com/fasterxml/woodstox/woodstox-core/5.4.0/woodstox-core-5.4.0.jar:/home/runner/.m2/repository/com/fasterxml/jackson/module/jackson-module-jaxb-annotations/2.13.4/jackson-module-jaxb-annotations-2.13.4.jar:/home/runner/.m2/repository/javax/enterprise/cdi-api/2.0/cdi-api-2.0.jar:/home/runner/.m2/repository/javax/el/javax.el-api/3.0.0/javax.el-api-3.0.0.jar:/home/runner/.m2/repository/javax/interceptor/javax.interceptor-api/1.2/javax.interceptor-api-1.2.jar:/home/runner/.m2/repository/javax/inject/javax.inject/1/javax.inject-1.jar:/home/runner/.m2/repository/jakarta/xml/bind/jakarta.xml.bind-api/2.3.3/jakarta.xml.bind-api-2.3.3.jar:/home/runner/.m2/repository/org/glassfish/jaxb/jaxb-runtime/2.3.9/jaxb-runtime-2.3.9.jar:/home/runner/.m2/repository/org/glassfish/jaxb/txw2/2.3.9/txw2-2.3.9.jar:/home/runner/.m2/repository/com/sun/istack/istack-commons-runtime/3.0.12/istack-commons-runtime-3.0.12.jar:/home/runner/.m2/repository/com/sun/activation/jakarta.activation/1.2.2/jakarta.activation-1.2.2.jar:/home/runner/.m2/repository/jakarta/activation/jakarta.activation-api/1.2.2/jakarta.activation-api-1.2.2.jar:/home/runner/.m2/repository/io/grpc/grpc-protobuf/1.58.0/grpc-protobuf-1.58.0.jar:/home/runner/.m2/repository/com/google/api/grpc/proto-google-common-protos/2.22.0/proto-google-common-protos-2.22.0.jar:/home/runner/.m2/repository/io/grpc/grpc-protobuf-lite/1.58.0/grpc-protobuf-lite-1.58.0.jar:/home/runner/.m2/repository/io/grpc/grpc-stub/1.58.0/grpc-stub-1.58.0.jar:/home/runner/.m2/repository/io/netty/netty-transport/4.1.100.Final/netty-transport-4.1.100.Final.jar:/home/runner/.m2/repository/io/netty/netty-resolver/4.1.100.Final/netty-resolver-4.1.100.Final.jar:/home/runner/.m2/repository/org/apache/ozone/ozone-csi/1.5.0-SNAPSHOT/ozone-csi-1.5.0-SNAPSHOT.jar:/home/runner/.m2/repository/com/google/protobuf/protobuf-java-util/3.19.6/protobuf-java-util-3.19.6.jar:/home/runner/.m2/repository/com/google/code/gson/gson/2.9.0/gson-2.9.0.jar:/home/runner/.m2/repository/org/apache/ozone/hdds-config/1.5.0-SNAPSHOT/hdds-config-1.5.0-SNAPSHOT.jar:/home/runner/.m2/repository/io/netty/netty-transport-native-epoll/4.1.100.Final/netty-transport-native-epoll-4.1.100.Final-linux-x86_64.jar:/home/runner/.m2/repository/io/netty/netty-transport-classes-epoll/4.1.100.Final/netty-transport-classes-epoll-4.1.100.Final.jar:/home/runner/.m2/repository/io/netty/netty-transport-native-unix-common/4.1.100.Final/netty-transport-native-unix-common-4.1.100.Final.jar:/home/runner/.m2/repository/org/apache/ozone/ozone-recon/1.5.0-SNAPSHOT/ozone-recon-1.5.0-SNAPSHOT.jar:/home/runner/.m2/repository/org/apache/ozone/ozone-reconcodegen/1.5.0-SNAPSHOT/ozone-reconcodegen-1.5.0-SNAPSHOT.jar:/home/runner/.m2/repository/com/google/inject/guice/5.1.0/guice-5.1.0.jar:/home/runner/.m2/repository/aopalliance/aopalliance/1.0/aopalliance-1.0.jar:/home/runner/.m2/repository/com/google/inject/extensions/guice-assistedinject/5.1.0/guice-assistedinject-5.1.0.jar:/home/runner/.m2/repository/com/google/inject/extensions/guice-servlet/5.1.0/guice-servlet-5.1.0.jar:/home/runner/.m2/repository/org/glassfish/jersey/containers/jersey-container-servlet/2.41/jersey-container-servlet-2.41.jar:/home/runner/.m2/repository/org/glassfish/hk2/guice-bridge/2.5.0/guice-bridge-2.5.0.jar:/home/runner/.m2/repository/org/glassfish/jersey/core/jersey-server/2.41/jersey-server-2.41.jar:/home/runner/.m2/repository/org/glassfish/jersey/core/jersey-client/2.41/jersey-client-2.41.jar:/home/runner/.m2/repository/jakarta/annotation/jakarta.annotation-api/1.3.5/jakarta.annotation-api-1.3.5.jar:/home/runner/.m2/repository/jakarta/validation/jakarta.validation-api/2.0.2/jakarta.validation-api-2.0.2.jar:/home/runner/.m2/repository/org/glassfish/jersey/media/jersey-media-json-jackson/2.41/jersey-media-json-jackson-2.41.jar:/home/runner/.m2/repository/org/glassfish/jersey/ext/jersey-entity-filtering/2.41/jersey-entity-filtering-2.41.jar:/home/runner/.m2/repository/org/jooq/jooq/3.11.10/jooq-3.11.10.jar:/home/runner/.m2/repository/org/jooq/jooq-meta/3.11.10/jooq-meta-3.11.10.jar:/home/runner/.m2/repository/org/jooq/jooq-codegen/3.11.10/jooq-codegen-3.11.10.jar:/home/runner/.m2/repository/com/jolbox/bonecp/0.8.0.RELEASE/bonecp-0.8.0.RELEASE.jar:/home/runner/.m2/repository/org/apache/derby/derby/10.14.2.0/derby-10.14.2.0.jar:/home/runner/.m2/repository/org/xerial/sqlite-jdbc/3.44.1.0/sqlite-jdbc-3.44.1.0.jar:/home/runner/.m2/repository/org/springframework/spring-jdbc/5.3.27/spring-jdbc-5.3.27.jar:/home/runner/.m2/repository/org/springframework/spring-beans/5.3.27/spring-beans-5.3.27.jar:/home/runner/.m2/repository/org/springframework/spring-core/5.3.27/spring-core-5.3.27.jar:/home/runner/.m2/repository/org/springframework/spring-tx/5.3.27/spring-tx-5.3.27.jar:/home/runner/.m2/repository/org/apache/ozone/ozone-client/1.5.0-SNAPSHOT/ozone-client-1.5.0-SNAPSHOT.jar:/home/runner/.m2/repository/org/apache/ozone/hdds-erasurecode/1.5.0-SNAPSHOT/hdds-erasurecode-1.5.0-SNAPSHOT.jar:/home/runner/.m2/repository/org/apache/ozone/ozone-filesystem/1.5.0-SNAPSHOT/ozone-filesystem-1.5.0-SNAPSHOT.jar:/home/runner/.m2/repository/org/apache/ozone/ozone-filesystem-common/1.5.0-SNAPSHOT/ozone-filesystem-common-1.5.0-SNAPSHOT.jar:/home/runner/.m2/repository/org/apache/ozone/ozone-tools/1.5.0-SNAPSHOT/ozone-tools-1.5.0-SNAPSHOT.jar:/home/runner/.m2/repository/com/amazonaws/aws-java-sdk-core/1.12.261/aws-java-sdk-core-1.12.261.jar:/home/runner/.m2/repository/org/apache/httpcomponents/httpclient/4.5.13/httpclient-4.5.13.jar:/home/runner/.m2/repository/org/apache/httpcomponents/httpcore/4.4.16/httpcore-4.4.16.jar:/home/runner/.m2/repository/software/amazon/ion/ion-java/1.0.2/ion-java-1.0.2.jar:/home/runner/.m2/repository/com/fasterxml/jackson/dataformat/jackson-dataformat-cbor/2.13.4/jackson-dataformat-cbor-2.13.4.jar:/home/runner/.m2/repository/joda-time/joda-time/2.12.5/joda-time-2.12.5.jar:/home/runner/.m2/repository/com/amazonaws/aws-java-sdk-s3/1.12.261/aws-java-sdk-s3-1.12.261.jar:/home/runner/.m2/repository/com/amazonaws/aws-java-sdk-kms/1.12.261/aws-java-sdk-kms-1.12.261.jar:/home/runner/.m2/repository/com/amazonaws/jmespath-java/1.12.261/jmespath-java-1.12.261.jar:/home/runner/.m2/repository/org/kohsuke/metainf-services/metainf-services/1.8/metainf-services-1.8.jar:/home/runner/.m2/repository/org/apache/ozone/hdds-tools/1.5.0-SNAPSHOT/hdds-tools-1.5.0-SNAPSHOT.jar:/home/runner/.m2/repository/org/apache/ratis/ratis-tools/3.0.0/ratis-tools-3.0.0.jar:/home/runner/.m2/repository/commons-cli/commons-cli/1.6.0/commons-cli-1.6.0.jar:/home/runner/.m2/repository/org/apache/commons/commons-lang3/3.14.0/commons-lang3-3.14.0.jar:/home/runner/.m2/repository/org/apache/ozone/ozone-manager/1.5.0-SNAPSHOT/ozone-manager-1.5.0-SNAPSHOT-tests.jar:/home/runner/.m2/repository/org/apache/ozone/hdds-common/1.5.0-SNAPSHOT/hdds-common-1.5.0-SNAPSHOT-tests.jar:/home/runner/.m2/repository/org/apache/ozone/hdds-hadoop-dependency-client/1.5.0-SNAPSHOT/hdds-hadoop-dependency-client-1.5.0-SNAPSHOT.jar:/home/runner/.m2/repository/info/picocli/picocli/4.7.5/picocli-4.7.5.jar:/home/runner/.m2/repository/com/fasterxml/jackson/core/jackson-annotations/2.13.4/jackson-annotations-2.13.4.jar:/home/runner/.m2/repository/org/apache/ozone/hdds-annotation-processing/1.5.0-SNAPSHOT/hdds-annotation-processing-1.5.0-SNAPSHOT.jar:/home/runner/.m2/repository/javax/annotation/javax.annotation-api/1.3.2/javax.annotation-api-1.3.2.jar:/home/runner/.m2/repository/org/apache/ratis/ratis-netty/3.0.0/ratis-netty-3.0.0.jar:/home/runner/.m2/repository/org/apache/ratis/ratis-grpc/3.0.0/ratis-grpc-3.0.0.jar:/home/runner/.m2/repository/org/apache/commons/commons-pool2/2.6.0/commons-pool2-2.6.0.jar:/home/runner/.m2/repository/org/bouncycastle/bcpkix-jdk15on/1.67/bcpkix-jdk15on-1.67.jar:/home/runner/.m2/repository/commons-validator/commons-validator/1.6/commons-validator-1.6.jar:/home/runner/.m2/repository/commons-beanutils/commons-beanutils/1.9.4/commons-beanutils-1.9.4.jar:/home/runner/.m2/repository/commons-digester/commons-digester/1.8.1/commons-digester-1.8.1.jar:/home/runner/.m2/repository/commons-collections/commons-collections/3.2.2/commons-collections-3.2.2.jar:/home/runner/.m2/repository/io/jaegertracing/jaeger-client/1.6.0/jaeger-client-1.6.0.jar:/home/runner/.m2/repository/io/jaegertracing/jaeger-thrift/1.6.0/jaeger-thrift-1.6.0.jar:/home/runner/.m2/repository/org/apache/thrift/libthrift/0.14.1/libthrift-0.14.1.jar:/home/runner/.m2/repository/io/jaegertracing/jaeger-core/1.6.0/jaeger-core-1.6.0.jar:/home/runner/.m2/repository/io/jaegertracing/jaeger-tracerresolver/1.6.0/jaeger-tracerresolver-1.6.0.jar:/home/runner/.m2/repository/io/opentracing/contrib/opentracing-tracerresolver/0.1.8/opentracing-tracerresolver-0.1.8.jar:/home/runner/.m2/repository/org/jetbrains/kotlin/kotlin-stdlib/1.9.21/kotlin-stdlib-1.9.21.jar:/home/runner/.m2/repository/org/jetbrains/annotations/13.0/annotations-13.0.jar:/home/runner/.m2/repository/io/opentracing/opentracing-util/0.33.0/opentracing-util-0.33.0.jar:/home/runner/.m2/repository/io/opentracing/opentracing-api/0.33.0/opentracing-api-0.33.0.jar:/home/runner/.m2/repository/io/opentracing/opentracing-noop/0.33.0/opentracing-noop-0.33.0.jar:/home/runner/.m2/repository/org/yaml/snakeyaml/2.0/snakeyaml-2.0.jar:/home/runner/.m2/repository/io/grpc/grpc-api/1.58.0/grpc-api-1.58.0.jar:/home/runner/.m2/repository/junit/junit/4.13.1/junit-4.13.1.jar:/home/runner/.m2/repository/org/hamcrest/hamcrest-core/1.3/hamcrest-core-1.3.jar:/home/runner/.m2/repository/org/junit/jupiter/junit-jupiter-api/5.10.1/junit-jupiter-api-5.10.1.jar:/home/runner/.m2/repository/org/opentest4j/opentest4j/1.3.0/opentest4j-1.3.0.jar:/home/runner/.m2/repository/org/junit/platform/junit-platform-commons/1.10.1/junit-platform-commons-1.10.1.jar:/home/runner/.m2/repository/org/apiguardian/apiguardian-api/1.1.2/apiguardian-api-1.1.2.jar:/home/runner/.m2/repository/org/junit/jupiter/junit-jupiter-params/5.10.1/junit-jupiter-params-5.10.1.jar:/home/runner/.m2/repository/org/junit/jupiter/junit-jupiter-migrationsupport/5.10.1/junit-jupiter-migrationsupport-5.10.1.jar:/home/runner/.m2/repository/org/junit/jupiter/junit-jupiter-engine/5.10.1/junit-jupiter-engine-5.10.1.jar:/home/runner/.m2/repository/org/junit/platform/junit-platform-engine/1.10.1/junit-platform-engine-1.10.1.jar:/home/runner/.m2/repository/org/junit/vintage/junit-vintage-engine/5.10.1/junit-vintage-engine-5.10.1.jar:/home/runner/.m2/repository/org/junit/platform/junit-platform-launcher/1.10.1/junit-platform-launcher-1.10.1.jar:/home/runner/.m2/repository/org/mockito/mockito-core/3.5.9/mockito-core-3.5.9.jar:/home/runner/.m2/repository/net/bytebuddy/byte-buddy/1.10.13/byte-buddy-1.10.13.jar:/home/runner/.m2/repository/net/bytebuddy/byte-buddy-agent/1.10.13/byte-buddy-agent-1.10.13.jar:/home/runner/.m2/repository/org/objenesis/objenesis/1.0/objenesis-1.0.jar:/home/runner/.m2/repository/org/apache/hadoop/hadoop-kms/3.3.6/hadoop-kms-3.3.6.jar:/home/runner/.m2/repository/org/apache/hadoop/hadoop-auth/3.3.6/hadoop-auth-3.3.6.jar:/home/runner/.m2/repository/com/nimbusds/nimbus-jose-jwt/9.8.1/nimbus-jose-jwt-9.8.1.jar:/home/runner/.m2/repository/com/github/stephenc/jcip/jcip-annotations/1.0-1/jcip-annotations-1.0-1.jar:/home/runner/.m2/repository/org/apache/zookeeper/zookeeper/3.7.2/zookeeper-3.7.2.jar:/home/runner/.m2/repository/org/apache/zookeeper/zookeeper-jute/3.7.2/zookeeper-jute-3.7.2.jar:/home/runner/.m2/repository/org/apache/yetus/audience-annotations/0.12.0/audience-annotations-0.12.0.jar:/home/runner/.m2/repository/org/apache/curator/curator-framework/4.2.0/curator-framework-4.2.0.jar:/home/runner/.m2/repository/org/apache/hadoop/thirdparty/hadoop-shaded-guava/1.1.1/hadoop-shaded-guava-1.1.1.jar:/home/runner/.m2/repository/com/sun/jersey/jersey-core/1.19.4/jersey-core-1.19.4.jar:/home/runner/.m2/repository/javax/ws/rs/jsr311-api/1.1.1/jsr311-api-1.1.1.jar:/home/runner/.m2/repository/com/sun/jersey/jersey-server/1.19.4/jersey-server-1.19.4.jar:/home/runner/.m2/repository/javax/servlet/javax.servlet-api/3.1.0/javax.servlet-api-3.1.0.jar:/home/runner/.m2/repository/org/apache/hadoop/hadoop-common/3.3.6/hadoop-common-3.3.6.jar:/home/runner/.m2/repository/org/apache/commons/commons-math3/3.1.1/commons-math3-3.1.1.jar:/home/runner/.m2/repository/commons-net/commons-net/3.10.0/commons-net-3.10.0.jar:/home/runner/.m2/repository/com/sun/jersey/jersey-servlet/1.19.4/jersey-servlet-1.19.4.jar:/home/runner/.m2/repository/com/github/pjfanning/jersey-json/1.20/jersey-json-1.20.jar:/home/runner/.m2/repository/org/codehaus/jettison/jettison/1.1/jettison-1.1.jar:/home/runner/.m2/repository/com/sun/xml/bind/jaxb-impl/2.2.3-1/jaxb-impl-2.2.3-1.jar:/home/runner/.m2/repository/com/google/re2j/re2j/1.1/re2j-1.1.jar:/home/runner/.m2/repository/com/jcraft/jsch/0.1.54/jsch-0.1.54.jar:/home/runner/.m2/repository/org/apache/curator/curator-client/4.2.0/curator-client-4.2.0.jar:/home/runner/.m2/repository/org/apache/curator/curator-recipes/5.2.0/curator-recipes-5.2.0.jar:/home/runner/.m2/repository/org/apache/kerby/kerb-core/1.0.1/kerb-core-1.0.1.jar:/home/runner/.m2/repository/org/apache/kerby/kerby-pkix/1.0.1/kerby-pkix-1.0.1.jar:/home/runner/.m2/repository/org/apache/kerby/kerby-asn1/1.0.1/kerby-asn1-1.0.1.jar:/home/runner/.m2/repository/org/apache/kerby/kerby-util/1.0.1/kerby-util-1.0.1.jar:/home/runner/.m2/repository/dnsjava/dnsjava/2.1.7/dnsjava-2.1.7.jar:/home/runner/.m2/repository/org/xerial/snappy/snappy-java/1.1.8.2/snappy-java-1.1.8.2.jar:/home/runner/.m2/repository/com/fasterxml/jackson/core/jackson-databind/2.13.4.2/jackson-databind-2.13.4.2.jar:/home/runner/.m2/repository/org/apache/hadoop/hadoop-kms/3.3.6/hadoop-kms-3.3.6-tests.jar:/home/runner/.m2/repository/org/apache/ozone/hdds-server-scm/1.5.0-SNAPSHOT/hdds-server-scm-1.5.0-SNAPSHOT-tests.jar:/home/runner/.m2/repository/org/apache/ozone/hdds-container-service/1.5.0-SNAPSHOT/hdds-container-service-1.5.0-SNAPSHOT-tests.jar:/home/runner/.m2/repository/com/github/luben/zstd-jni/1.5.2-5/zstd-jni-1.5.2-5.jar:/home/runner/.m2/repository/commons-codec/commons-codec/1.15/commons-codec-1.15.jar:/home/runner/.m2/repository/io/netty/netty-codec/4.1.100.Final/netty-codec-4.1.100.Final.jar:/home/runner/.m2/repository/io/netty/netty-handler/4.1.100.Final/netty-handler-4.1.100.Final.jar:/home/runner/.m2/repository/org/apache/ozone/hdds-hadoop-dependency-test/1.5.0-SNAPSHOT/hdds-hadoop-dependency-test-1.5.0-SNAPSHOT.jar:/home/runner/.m2/repository/org/apache/hadoop/hadoop-common/3.3.6/hadoop-common-3.3.6-tests.jar:/home/runner/.m2/repository/org/apache/hadoop/hadoop-hdfs/3.3.6/hadoop-hdfs-3.3.6-tests.jar:/home/runner/.m2/repository/org/assertj/assertj-core/3.12.2/assertj-core-3.12.2.jar:/home/runner/.m2/repository/org/apache/hadoop/hadoop-distcp/3.3.6/hadoop-distcp-3.3.6.jar:/home/runner/.m2/repository/org/apache/hadoop/hadoop-mapreduce-client-jobclient/3.3.6/hadoop-mapreduce-client-jobclient-3.3.6.jar:/home/runner/.m2/repository/org/apache/hadoop/hadoop-mapreduce-client-common/3.3.6/hadoop-mapreduce-client-common-3.3.6.jar:/home/runner/.m2/repository/org/apache/hadoop/hadoop-yarn-common/3.3.6/hadoop-yarn-common-3.3.6.jar:/home/runner/.m2/repository/org/apache/hadoop/hadoop-yarn-api/3.3.6/hadoop-yarn-api-3.3.6.jar:/home/runner/.m2/repository/javax/xml/bind/jaxb-api/2.2.11/jaxb-api-2.2.11.jar:/home/runner/.m2/repository/com/sun/jersey/contribs/jersey-guice/1.19.4/jersey-guice-1.19.4.jar:/home/runner/.m2/repository/com/fasterxml/jackson/jaxrs/jackson-jaxrs-json-provider/2.13.4/jackson-jaxrs-json-provider-2.13.4.jar:/home/runner/.m2/repository/com/fasterxml/jackson/jaxrs/jackson-jaxrs-base/2.13.4/jackson-jaxrs-base-2.13.4.jar:/home/runner/.m2/repository/org/apache/hadoop/hadoop-yarn-client/3.3.6/hadoop-yarn-client-3.3.6.jar:/home/runner/.m2/repository/org/eclipse/jetty/websocket/websocket-client/9.4.51.v20230217/websocket-client-9.4.51.v20230217.jar:/home/runner/.m2/repository/org/eclipse/jetty/websocket/websocket-common/9.4.51.v20230217/websocket-common-9.4.51.v20230217.jar:/home/runner/.m2/repository/org/eclipse/jetty/websocket/websocket-api/9.4.51.v20230217/websocket-api-9.4.51.v20230217.jar:/home/runner/.m2/repository/org/jline/jline/3.9.0/jline-3.9.0.jar:/home/runner/.m2/repository/org/apache/hadoop/hadoop-mapreduce-client-core/3.3.6/hadoop-mapreduce-client-core-3.3.6.jar:/home/runner/.m2/repository/org/apache/avro/avro/1.7.7/avro-1.7.7.jar:/home/runner/.m2/repository/com/thoughtworks/paranamer/paranamer/2.3/paranamer-2.3.jar:/home/runner/.m2/repository/org/apache/hadoop/hadoop-annotations/3.3.6/hadoop-annotations-3.3.6.jar:/usr/lib/jvm/temurin-8-jdk-amd64/jre/../lib/tools.jar:/home/runner/.m2/repository/io/netty/netty/3.10.6.Final/netty-3.10.6.Final.jar:/home/runner/.m2/repository/org/apache/hadoop/hadoop-distcp/3.3.6/hadoop-distcp-3.3.6-tests.jar:/home/runner/.m2/repository/org/slf4j/jul-to-slf4j/1.7.36/jul-to-slf4j-1.7.36.jar:/home/runner/work/ozone/ozone/hadoop-ozone/integration-test/target/gradle-enterprise/test-listeners.jar:"/>
    <property name="sun.cpu.endian" value="little"/>
    <property name="user.home" value="/home/runner"/>
    <property name="user.language" value="en"/>
    <property name="java.specification.vendor" value="Oracle Corporation"/>
    <property name="java.home" value="/usr/lib/jvm/temurin-8-jdk-amd64/jre"/>
    <property name="java.security.krb5.conf" value="/home/runner/work/ozone/ozone/hadoop-ozone/integration-test/target/test-classes/krb5.conf"/>
    <property name="file.separator" value="/"/>
    <property name="basedir" value="/home/runner/work/ozone/ozone/hadoop-ozone/integration-test"/>
    <property name="line.separator" value="&#10;"/>
    <property name="java.vm.specification.vendor" value="Oracle Corporation"/>
    <property name="java.specification.name" value="Java Platform API Specification"/>
    <property name="skip.installnpx" value="true"/>
    <property name="java.awt.graphicsenv" value="sun.awt.X11GraphicsEnvironment"/>
    <property name="surefire.fork.timeout" value="3600"/>
    <property name="surefire.real.class.path" value="/home/runner/work/ozone/ozone/hadoop-ozone/integration-test/target/surefire/surefirebooter-20231226171903100_98.jar:/home/runner/.m2/repository/org/jacoco/org.jacoco.agent/0.8.5/org.jacoco.agent-0.8.5-runtime.jar"/>
    <property name="sun.boot.class.path" value="/usr/lib/jvm/temurin-8-jdk-amd64/jre/lib/resources.jar:/usr/lib/jvm/temurin-8-jdk-amd64/jre/lib/rt.jar:/usr/lib/jvm/temurin-8-jdk-amd64/jre/lib/sunrsasign.jar:/usr/lib/jvm/temurin-8-jdk-amd64/jre/lib/jsse.jar:/usr/lib/jvm/temurin-8-jdk-amd64/jre/lib/jce.jar:/usr/lib/jvm/temurin-8-jdk-amd64/jre/lib/charsets.jar:/usr/lib/jvm/temurin-8-jdk-amd64/jre/lib/jfr.jar:/usr/lib/jvm/temurin-8-jdk-amd64/jre/classes"/>
    <property name="hadoop.log.dir" value="/home/runner/work/ozone/ozone/hadoop-ozone/integration-test/target/log"/>
    <property name="sun.management.compiler" value="HotSpot 64-Bit Tiered Compilers"/>
    <property name="java.runtime.version" value="1.8.0_392-b08"/>
    <property name="skip.npx" value="true"/>
    <property name="user.name" value="runner"/>
    <property name="java.net.preferIPv4Stack" value="true"/>
    <property name="path.separator" value=":"/>
    <property name="java.security.egd" value="file:///dev/urandom"/>
    <property name="os.version" value="5.15.0-1053-azure"/>
    <property name="java.endorsed.dirs" value="/usr/lib/jvm/temurin-8-jdk-amd64/jre/lib/endorsed"/>
    <property name="java.runtime.name" value="OpenJDK Runtime Environment"/>
    <property name="com.gradle.maven.scan.extension.test.listener.junitplatform.NestedExecutionSafeDelegatingTestExecutionListener" value="78436e2a"/>
    <property name="file.encoding" value="UTF-8"/>
    <property name="java.vm.name" value="OpenJDK 64-Bit Server VM"/>
    <property name="test.build.webapps" value=""/>
    <property name="localRepository" value="/home/runner/.m2/repository"/>
    <property name="gradle.enterprise.listener.port" value="37471"/>
    <property name="jetty.git.hash" value="27bde00a0b95a1d5bbee0eae7984f891d2d0f8c9"/>
    <property name="java.vendor.url.bug" value="https://github.com/adoptium/adoptium-support/issues"/>
    <property name="require.test.libhadoop" value=""/>
    <property name="java.io.tmpdir" value="/tmp"/>
    <property name="java.version" value="1.8.0_392"/>
    <property name="surefire.rerunFailingTestsCount" value="5"/>
    <property name="user.dir" value="/home/runner/work/ozone/ozone/hadoop-ozone/integration-test"/>
    <property name="os.arch" value="amd64"/>
    <property name="test.build.classes" value="/home/runner/work/ozone/ozone/hadoop-ozone/integration-test/target/test-classes"/>
    <property name="java.vm.specification.name" value="Java Virtual Machine Specification"/>
    <property name="java.awt.printerjob" value="sun.print.PSPrinterJob"/>
    <property name="sun.os.patch.level" value="unknown"/>
    <property name="org.apache.ratis.thirdparty.io.netty.allocator.useCacheForAllThreads" value="false"/>
    <property name="hadoop.tmp.dir" value="/home/runner/work/ozone/ozone/hadoop-ozone/integration-test/target/tmp"/>
    <property name="java.library.path" value="/usr/java/packages/lib/amd64:/usr/lib64:/lib64:/lib:/usr/lib"/>
    <property name="java.vendor" value="Temurin"/>
    <property name="java.vm.info" value="mixed mode"/>
    <property name="java.vm.version" value="25.392-b08"/>
    <property name="java.specification.maintenance.version" value="5"/>
    <property name="sun.io.unicode.encoding" value="UnicodeLittle"/>
    <property name="java.ext.dirs" value="/usr/lib/jvm/temurin-8-jdk-amd64/jre/lib/ext:/usr/java/packages/lib/ext"/>
    <property name="java.class.version" value="52.0"/>
  </properties>
  <testcase name="testWatchForCommitWithKeyWrite" classname="org.apache.hadoop.ozone.client.rpc.TestWatchForCommit" time="43.914"/>
  <testcase name="testWatchForCommitForRetryfailure" classname="org.apache.hadoop.ozone.client.rpc.TestWatchForCommit" time="47.846">
    <flakyFailure message="expected: &lt;false&gt; but was: &lt;true&gt;" type="org.opentest4j.AssertionFailedError">
      <stackTrace><![CDATA[org.opentest4j.AssertionFailedError: expected: <false> but was: <true>
	at org.junit.jupiter.api.AssertionFailureBuilder.build(AssertionFailureBuilder.java:151)
	at org.junit.jupiter.api.AssertionFailureBuilder.buildAndThrow(AssertionFailureBuilder.java:132)
	at org.junit.jupiter.api.AssertFalse.failNotFalse(AssertFalse.java:63)
	at org.junit.jupiter.api.AssertFalse.assertFalse(AssertFalse.java:36)
	at org.junit.jupiter.api.AssertFalse.assertFalse(AssertFalse.java:31)
	at org.junit.jupiter.api.Assertions.assertFalse(Assertions.java:231)
	at org.apache.hadoop.ozone.client.rpc.TestWatchForCommit.testWatchForCommitForRetryfailure(TestWatchForCommit.java:293)
	at java.lang.reflect.Method.invoke(Method.java:498)
	at java.util.ArrayList.forEach(ArrayList.java:1259)
	at java.util.ArrayList.forEach(ArrayList.java:1259)
]]></stackTrace>
      <system-out><![CDATA[2023-12-26 17:42:27,253 [main] WARN  server.ServerUtils (ServerUtils.java:getScmDbDir(155)) - ozone.scm.db.dirs is not configured. We recommend adding this setting. Falling back to ozone.metadata.dirs instead.
2023-12-26 17:42:27,256 [main] WARN  server.ServerUtils (ServerUtils.java:getScmDbDir(155)) - ozone.scm.db.dirs is not configured. We recommend adding this setting. Falling back to ozone.metadata.dirs instead.
2023-12-26 17:42:27,257 [main] INFO  ha.SCMHANodeDetails (SCMHANodeDetails.java:loadSCMHAConfig(210)) - ServiceID for StorageContainerManager is null
2023-12-26 17:42:27,257 [main] INFO  ha.SCMHANodeDetails (SCMHANodeDetails.java:loadSCMHAConfig(215)) - ozone.scm.default.service.id is not defined, falling back to ozone.scm.service.ids to find serviceID for StorageContainerManager if it is HA enabled cluster
2023-12-26 17:42:27,258 [main] WARN  utils.HAUtils (HAUtils.java:getMetaDir(339)) - ozone.scm.db.dirs is not configured. We recommend adding this setting. Falling back to ozone.metadata.dirs instead.
2023-12-26 17:42:27,258 [main] WARN  db.DBStoreBuilder (DBStoreBuilder.java:applyDBDefinition(167)) - ozone.scm.db.dirs is not configured. We recommend adding this setting. Falling back to ozone.metadata.dirs instead.
2023-12-26 17:42:27,353 [main] INFO  net.NodeSchemaLoader (NodeSchemaLoader.java:loadSchemaFromFile(129)) - Loading schema from [jar:file:/home/runner/.m2/repository/org/apache/ozone/hdds-common/1.5.0-SNAPSHOT/hdds-common-1.5.0-SNAPSHOT.jar!/network-topology-default.xml]
2023-12-26 17:42:27,353 [main] INFO  net.NodeSchemaLoader (NodeSchemaLoader.java:loadSchema(176)) - Loading network topology layer schema file
2023-12-26 17:42:27,356 [main] INFO  upgrade.AbstractLayoutVersionManager (AbstractLayoutVersionManager.java:init(83)) - Initializing Layout version manager with metadata layout = HADOOP_PRC_PORTS_IN_DATANODEDETAILS (version = 7), software layout = HADOOP_PRC_PORTS_IN_DATANODEDETAILS (version = 7)
2023-12-26 17:42:27,357 [main] INFO  ha.SequenceIdGenerator (SequenceIdGenerator.java:upgradeToSequenceId(370)) - upgrade localId to 111677748019200000
2023-12-26 17:42:27,358 [main] INFO  ha.SequenceIdGenerator (SequenceIdGenerator.java:upgradeToSequenceId(380)) - upgrade delTxnId to 0
2023-12-26 17:42:27,359 [main] INFO  ha.SequenceIdGenerator (SequenceIdGenerator.java:upgradeToSequenceId(397)) - upgrade containerId to 0
2023-12-26 17:42:27,360 [main] INFO  ha.SequenceIdGenerator (SequenceIdGenerator.java:upgradeToCertificateSequenceId(444)) - upgrade CertificateId to 2
2023-12-26 17:42:27,360 [main] INFO  ha.SequenceIdGenerator (SequenceIdGenerator.java:<init>(241)) - Init the HA SequenceIdGenerator.
2023-12-26 17:42:27,361 [main] INFO  node.SCMNodeManager (SCMNodeManager.java:<init>(173)) - Entering startup safe mode.
2023-12-26 17:42:27,362 [main] INFO  algorithms.ContainerPlacementPolicyFactory (ContainerPlacementPolicyFactory.java:getPolicyInternal(86)) - Create container placement policy of type org.apache.hadoop.hdds.scm.container.placement.algorithms.SCMContainerPlacementRackAware
2023-12-26 17:42:27,362 [main] INFO  algorithms.ContainerPlacementPolicyFactory (ContainerPlacementPolicyFactory.java:getPolicyInternal(86)) - Create container placement policy of type org.apache.hadoop.hdds.scm.container.placement.algorithms.SCMContainerPlacementRackScatter
2023-12-26 17:42:27,362 [main] INFO  pipeline.PipelineStateManagerImpl (PipelineStateManagerImpl.java:initialize(78)) - No pipeline exists in current db
2023-12-26 17:42:27,362 [main] INFO  algorithms.LeaderChoosePolicyFactory (LeaderChoosePolicyFactory.java:getPolicy(57)) - Create leader choose policy of type org.apache.hadoop.hdds.scm.pipeline.leader.choose.algorithms.MinLeaderCountChoosePolicy
2023-12-26 17:42:27,363 [main] INFO  algorithms.ContainerPlacementPolicyFactory (ContainerPlacementPolicyFactory.java:getPolicyInternal(86)) - Create container placement policy of type org.apache.hadoop.hdds.scm.container.placement.algorithms.SCMContainerPlacementRackScatter
2023-12-26 17:42:27,363 [main] INFO  ha.SCMServiceManager (SCMServiceManager.java:register(42)) - Registering service BackgroundPipelineCreator.
2023-12-26 17:42:27,363 [main] INFO  pipeline.BackgroundPipelineCreator (BackgroundPipelineCreator.java:start(127)) - Starting RatisPipelineUtilsThread.
2023-12-26 17:42:27,363 [main] INFO  BackgroundPipelineScrubber (BackgroundSCMService.java:start(68)) - Starting BackgroundPipelineScrubber Service.
2023-12-26 17:42:27,364 [main] INFO  ha.SCMServiceManager (SCMServiceManager.java:register(42)) - Registering service BackgroundPipelineScrubber.
2023-12-26 17:42:27,364 [main] INFO  ExpiredContainerReplicaOpScrubber (BackgroundSCMService.java:start(68)) - Starting ExpiredContainerReplicaOpScrubber Service.
2023-12-26 17:42:27,364 [main] INFO  ha.SCMServiceManager (SCMServiceManager.java:register(42)) - Registering service ExpiredContainerReplicaOpScrubber.
2023-12-26 17:42:27,365 [main] INFO  algorithms.PipelineChoosePolicyFactory (PipelineChoosePolicyFactory.java:createPipelineChoosePolicyFromClass(78)) - Create pipeline choose policy of type org.apache.hadoop.hdds.scm.pipeline.choose.algorithms.RandomPipelineChoosePolicy
2023-12-26 17:42:27,365 [main] INFO  algorithms.PipelineChoosePolicyFactory (PipelineChoosePolicyFactory.java:createPipelineChoosePolicyFromClass(78)) - Create pipeline choose policy of type org.apache.hadoop.hdds.scm.pipeline.choose.algorithms.RandomPipelineChoosePolicy
2023-12-26 17:42:27,365 [main] INFO  ha.SCMServiceManager (SCMServiceManager.java:register(42)) - Registering service SCMBlockDeletingService.
2023-12-26 17:42:27,366 [main] INFO  replication.ReplicationManager (ReplicationManager.java:start(294)) - Starting Replication Monitor Thread.
2023-12-26 17:42:27,369 [ReplicationMonitor] INFO  replication.ReplicationManager (ReplicationManager.java:processAll(369)) - Replication Manager is not ready to run until 3000ms after safemode exit
2023-12-26 17:42:27,369 [main] INFO  ha.SCMServiceManager (SCMServiceManager.java:register(42)) - Registering service ReplicationManager.
2023-12-26 17:42:27,370 [main] INFO  safemode.ContainerSafeModeRule (ContainerSafeModeRule.java:<init>(91)) - containers with one replica threshold count 0
2023-12-26 17:42:27,370 [main] INFO  safemode.HealthyPipelineSafeModeRule (HealthyPipelineSafeModeRule.java:initializeRule(176)) - Total pipeline count is 0, healthy pipeline threshold count is 1
2023-12-26 17:42:27,371 [main] INFO  safemode.OneReplicaPipelineSafeModeRule (OneReplicaPipelineSafeModeRule.java:initializeRule(193)) - Total pipeline count is 0, pipeline's with at least one datanode reported threshold count is 0
2023-12-26 17:42:27,371 [main] INFO  server.StorageContainerManager (StorageContainerManager.java:<init>(438)) - SCM start with adminUsers: [runner]
2023-12-26 17:42:27,372 [main] INFO  ipc.CallQueueManager (CallQueueManager.java:<init>(90)) - Using callQueue: class java.util.concurrent.LinkedBlockingQueue, queueCapacity: 2000, scheduler: class org.apache.hadoop.ipc.DefaultRpcScheduler, ipcBackoff: false.
2023-12-26 17:42:27,372 [main] INFO  ipc.Server (Server.java:<init>(1287)) - Listener at 0.0.0.0:15091
2023-12-26 17:42:27,372 [Socket Reader #1 for port 15091] INFO  ipc.Server (Server.java:run(1323)) - Starting Socket Reader #1 for port 15091
2023-12-26 17:42:27,374 [main] INFO  ipc.CallQueueManager (CallQueueManager.java:<init>(90)) - Using callQueue: class java.util.concurrent.LinkedBlockingQueue, queueCapacity: 2000, scheduler: class org.apache.hadoop.ipc.DefaultRpcScheduler, ipcBackoff: false.
2023-12-26 17:42:27,374 [main] INFO  ipc.Server (Server.java:<init>(1287)) - Listener at 0.0.0.0:15090
2023-12-26 17:42:27,374 [Socket Reader #1 for port 15090] INFO  ipc.Server (Server.java:run(1323)) - Starting Socket Reader #1 for port 15090
2023-12-26 17:42:27,376 [main] INFO  ipc.CallQueueManager (CallQueueManager.java:<init>(90)) - Using callQueue: class java.util.concurrent.LinkedBlockingQueue, queueCapacity: 2000, scheduler: class org.apache.hadoop.ipc.DefaultRpcScheduler, ipcBackoff: false.
2023-12-26 17:42:27,376 [main] INFO  ipc.Server (Server.java:<init>(1287)) - Listener at 0.0.0.0:15089
2023-12-26 17:42:27,376 [Socket Reader #1 for port 15089] INFO  ipc.Server (Server.java:run(1323)) - Starting Socket Reader #1 for port 15089
2023-12-26 17:42:27,386 [main] INFO  ha.SCMServiceManager (SCMServiceManager.java:register(42)) - Registering service ContainerBalancer.
2023-12-26 17:42:27,386 [main] INFO  server.StorageContainerManager (StorageContainerManager.java:<init>(451)) - 
Container Balancer status:
Key                            Value
Running                        false
Container Balancer Configuration values:
Key                                                Value
Threshold                                          10
Max Datanodes to Involve per Iteration(percent)    20
Max Size to Move per Iteration                     500GB
Max Size Entering Target per Iteration             26GB
Max Size Leaving Source per Iteration              26GB
Number of Iterations                               10
Time Limit for Single Container's Movement         65min
Time Limit for Single Container's Replication      50min
Interval between each Iteration                    70min
Whether to Enable Network Topology                 false
Whether to Trigger Refresh Datanode Usage Info     false
Container IDs to Exclude from Balancing            None
Datanodes Specified to be Balanced                 None
Datanodes Excluded from Balancing                  None

2023-12-26 17:42:27,386 [main] INFO  ha.SCMContext (SCMContext.java:updateSafeModeStatus(230)) - Update SafeModeStatus from SafeModeStatus{safeModeStatus=true, preCheckPassed=false} to SafeModeStatus{safeModeStatus=true, preCheckPassed=false}.
2023-12-26 17:42:27,387 [main] INFO  server.StorageContainerManager (StorageContainerManager.java:start(1519)) - StorageContainerLocationProtocol RPC server is listening at /0.0.0.0:15089
2023-12-26 17:42:27,389 [main] WARN  impl.MetricsConfig (MetricsConfig.java:loadFirst(136)) - Cannot locate configuration: tried hadoop-metrics2-storagecontainermanager.properties,hadoop-metrics2.properties
2023-12-26 17:42:27,390 [main] INFO  impl.MetricsSystemImpl (MetricsSystemImpl.java:startTimer(378)) - Scheduled Metric snapshot period at 10 second(s).
2023-12-26 17:42:27,390 [main] INFO  impl.MetricsSystemImpl (MetricsSystemImpl.java:start(191)) - StorageContainerManager metrics system started
2023-12-26 17:42:27,393 [main] INFO  impl.MetricsSinkAdapter (MetricsSinkAdapter.java:start(204)) - Sink prometheus started
2023-12-26 17:42:27,393 [main] INFO  impl.MetricsSystemImpl (MetricsSystemImpl.java:registerSink(305)) - Registered sink prometheus
2023-12-26 17:42:27,425 [main] INFO  server.SCMClientProtocolServer (SCMClientProtocolServer.java:start(201)) - RPC server for Client  is listening at /0.0.0.0:15089
2023-12-26 17:42:27,426 [IPC Server Responder] INFO  ipc.Server (Server.java:run(1562)) - IPC Server Responder: starting
2023-12-26 17:42:27,433 [IPC Server listener on 15089] INFO  ipc.Server (Server.java:run(1402)) - IPC Server listener on 15089: starting
2023-12-26 17:42:27,435 [main] INFO  server.StorageContainerManager (StorageContainerManager.java:start(1532)) - ScmBlockLocationProtocol RPC server is listening at /0.0.0.0:15090
2023-12-26 17:42:27,436 [main] INFO  server.SCMBlockProtocolServer (SCMBlockProtocolServer.java:start(159)) - RPC server for Block Protocol is listening at /0.0.0.0:15090
2023-12-26 17:42:27,436 [IPC Server Responder] INFO  ipc.Server (Server.java:run(1562)) - IPC Server Responder: starting
2023-12-26 17:42:27,442 [IPC Server listener on 15090] INFO  ipc.Server (Server.java:run(1402)) - IPC Server listener on 15090: starting
2023-12-26 17:42:27,446 [main] INFO  server.SCMDatanodeProtocolServer (SCMDatanodeProtocolServer.java:start(193)) - ScmDatanodeProtocol RPC server for DataNodes is listening at /0.0.0.0:15091
2023-12-26 17:42:27,447 [IPC Server Responder] INFO  ipc.Server (Server.java:run(1562)) - IPC Server Responder: starting
2023-12-26 17:42:27,447 [IPC Server listener on 15091] INFO  ipc.Server (Server.java:run(1402)) - IPC Server listener on 15091: starting
2023-12-26 17:42:27,455 [JvmPauseMonitor11] INFO  util.JvmPauseMonitor (JvmPauseMonitor.java:run(146)) - JvmPauseMonitor-22af3301-77a1-438d-ad8a-9f98cc518477: Started
2023-12-26 17:42:27,456 [main] INFO  http.BaseHttpServer (BaseHttpServer.java:newHttpServer2BuilderForOzone(223)) - Starting Web-server for scm at: http://0.0.0.0:15092
2023-12-26 17:42:27,456 [main] INFO  http.BaseHttpServer (BaseHttpServer.java:<init>(110)) - Hadoop Security Enabled: false Ozone Security Enabled: false Ozone HTTP Security Enabled: false 
2023-12-26 17:42:27,458 [main] WARN  server.AuthenticationFilter (AuthenticationFilter.java:constructSecretProvider(240)) - Unable to initialize FileSignerSecretProvider, falling back to use random secrets. Reason: Could not read signature secret file: /home/runner/hadoop-http-auth-signature-secret
2023-12-26 17:42:27,458 [main] INFO  http.HttpRequestLog (HttpRequestLog.java:getRequestLog(86)) - Http request log for http.requests.scm is not defined
2023-12-26 17:42:27,460 [main] INFO  http.HttpServer2 (HttpServer2.java:addGlobalFilter(1036)) - Added global filter 'safety' (class=org.apache.hadoop.hdds.server.http.HttpServer2$QuotingInputFilter)
2023-12-26 17:42:27,461 [main] INFO  http.HttpServer2 (HttpServer2.java:addFilter(1012)) - Added filter static_user_filter (class=org.apache.hadoop.http.lib.StaticUserWebFilter$StaticUserFilter) to context scm
2023-12-26 17:42:27,461 [main] INFO  http.HttpServer2 (HttpServer2.java:addFilter(1020)) - Added filter static_user_filter (class=org.apache.hadoop.http.lib.StaticUserWebFilter$StaticUserFilter) to context static
2023-12-26 17:42:27,461 [main] INFO  http.HttpServer2 (HttpServer2.java:addFilter(1020)) - Added filter static_user_filter (class=org.apache.hadoop.http.lib.StaticUserWebFilter$StaticUserFilter) to context logs
2023-12-26 17:42:27,462 [main] INFO  http.BaseHttpServer (BaseHttpServer.java:<init>(189)) - HTTP server of scm uses base directory /home/runner/work/ozone/ozone/hadoop-ozone/integration-test/target/test-dir/MiniOzoneClusterImpl-c07e4b46-e5c7-4260-9d08-acd32f4d7801/ozone-meta/webserver
2023-12-26 17:42:27,462 [main] INFO  http.HttpServer2 (HttpServer2.java:bindListener(1236)) - Jetty bound to port 15092
2023-12-26 17:42:27,462 [main] INFO  server.Server (Server.java:doStart(375)) - jetty-9.4.53.v20231009; built: 2023-10-09T12:29:09.265Z; git: 27bde00a0b95a1d5bbee0eae7984f891d2d0f8c9; jvm 1.8.0_392-b08
2023-12-26 17:42:27,469 [main] INFO  server.session (DefaultSessionIdManager.java:doStart(334)) - DefaultSessionIdManager workerName=node0
2023-12-26 17:42:27,470 [main] INFO  server.session (DefaultSessionIdManager.java:doStart(339)) - No SessionScavenger set, using defaults
2023-12-26 17:42:27,470 [main] INFO  server.session (HouseKeeper.java:startScavenging(132)) - node0 Scavenging every 660000ms
2023-12-26 17:42:27,471 [main] INFO  handler.ContextHandler (ContextHandler.java:doStart(921)) - Started o.e.j.s.ServletContextHandler@52a7bd2e{logs,/logs,file:///home/runner/work/ozone/ozone/hadoop-ozone/integration-test/target/log,AVAILABLE}
2023-12-26 17:42:27,471 [main] INFO  handler.ContextHandler (ContextHandler.java:doStart(921)) - Started o.e.j.s.ServletContextHandler@2997ddcf{static,/static,file:///home/runner/work/ozone/ozone/hadoop-ozone/integration-test/target/test-classes/webapps/static,AVAILABLE}
2023-12-26 17:42:27,475 [main] INFO  handler.ContextHandler (ContextHandler.java:doStart(921)) - Started o.e.j.w.WebAppContext@2d7d77d3{scm,/,file:///home/runner/work/ozone/ozone/hadoop-ozone/integration-test/target/test-classes/webapps/scm/,AVAILABLE}{file:/home/runner/work/ozone/ozone/hadoop-ozone/integration-test/target/test-classes/webapps/scm}
2023-12-26 17:42:27,476 [main] INFO  server.AbstractConnector (AbstractConnector.java:doStart(333)) - Started ServerConnector@62070c10{HTTP/1.1, (http/1.1)}{0.0.0.0:15092}
2023-12-26 17:42:27,476 [main] INFO  server.Server (Server.java:doStart(415)) - Started @45129ms
2023-12-26 17:42:27,476 [main] WARN  impl.MetricsSystemImpl (MetricsSystemImpl.java:register(279)) - Sink prometheus already exists!
2023-12-26 17:42:27,477 [main] INFO  http.BaseHttpServer (BaseHttpServer.java:updateConnectorAddress(354)) - HTTP server of scm listening at http://0.0.0.0:15092
2023-12-26 17:42:27,478 [main] WARN  server.ServerUtils (ServerUtils.java:getDBPath(311)) - ozone.om.db.dirs is not configured. We recommend adding this setting. Falling back to ozone.metadata.dirs instead.
2023-12-26 17:42:27,479 [main] INFO  ha.OMHANodeDetails (OMHANodeDetails.java:loadOMHAConfig(115)) - ozone.om.internal.service.id is not defined, falling back to ozone.om.service.ids to find serviceID for OzoneManager if it is HA enabled cluster
2023-12-26 17:42:27,479 [main] INFO  ha.OMHANodeDetails (OMHANodeDetails.java:loadOMHAConfig(226)) - Configuration does not have ozone.om.address set. Falling back to the default OM address /127.0.0.1:15093
2023-12-26 17:42:27,479 [main] INFO  ha.OMHANodeDetails (OMHANodeDetails.java:getOMNodeDetailsForNonHA(254)) - OM Service ID is not set. Setting it to the default ID: omServiceIdDefault
2023-12-26 17:42:27,480 [main] INFO  ha.OMHANodeDetails (OMHANodeDetails.java:getOMNodeDetailsForNonHA(261)) - OM Node ID is not set. Setting it to the default ID: om1
2023-12-26 17:42:27,480 [main] WARN  server.ServerUtils (ServerUtils.java:getDBPath(311)) - ozone.om.db.dirs is not configured. We recommend adding this setting. Falling back to ozone.metadata.dirs instead.
2023-12-26 17:42:27,481 [main] INFO  upgrade.AbstractLayoutVersionManager (AbstractLayoutVersionManager.java:init(83)) - Initializing Layout version manager with metadata layout = QUOTA (version = 6), software layout = QUOTA (version = 6)
2023-12-26 17:42:27,528 [main] INFO  reflections.Reflections (Reflections.java:scan(232)) - Reflections took 46 ms to scan 2 urls, producing 189 keys and 524 values [using 4 cores]
2023-12-26 17:42:27,529 [main] INFO  upgrade.OMLayoutVersionManager (OMLayoutVersionManager.java:lambda$0(115)) - Skipping Upgrade Action QuotaRepairUpgradeAction since it has been finalized.
2023-12-26 17:42:27,529 [main] INFO  upgrade.OMLayoutVersionManager (OMLayoutVersionManager.java:lambda$0(115)) - Skipping Upgrade Action MockOmUpgradeAction since it has been finalized.
2023-12-26 17:42:27,529 [main] WARN  server.ServerUtils (ServerUtils.java:getDBPath(311)) - ozone.om.db.dirs is not configured. We recommend adding this setting. Falling back to ozone.metadata.dirs instead.
2023-12-26 17:42:27,530 [main] INFO  proxy.SCMBlockLocationFailoverProxyProvider (SCMBlockLocationFailoverProxyProvider.java:<init>(115)) - Created block location fail-over proxy with 1 nodes: [nodeId=scmNodeId,nodeAddress=/0.0.0.0:15090]
2023-12-26 17:42:27,532 [main] INFO  proxy.SCMBlockLocationFailoverProxyProvider (SCMBlockLocationFailoverProxyProvider.java:<init>(115)) - Created block location fail-over proxy with 1 nodes: [nodeId=scmNodeId,nodeAddress=/0.0.0.0:15090]
2023-12-26 17:42:27,541 [main] INFO  om.OzoneManager (OzoneManager.java:<init>(675)) - OM start with adminUsers: [runner]
2023-12-26 17:42:27,543 [main] WARN  server.ServerUtils (ServerUtils.java:getDBPath(311)) - ozone.om.db.dirs is not configured. We recommend adding this setting. Falling back to ozone.metadata.dirs instead.
2023-12-26 17:42:27,543 [main] INFO  helpers.OmKeyInfo (OmKeyInfo.java:getCodec(71)) - OmKeyInfo.getCodec ignorePipeline = true
2023-12-26 17:42:27,724 [main] INFO  om.OzoneManager (OzoneManager.java:instantiateServices(807)) - S3 Multi-Tenancy is disabled
2023-12-26 17:42:27,725 [main] INFO  om.OmSnapshotManager (OmSnapshotManager.java:<init>(176)) - Ozone filesystem snapshot feature is enabled.
2023-12-26 17:42:27,725 [main] WARN  server.ServerUtils (ServerUtils.java:getDBPath(311)) - ozone.om.snapshot.diff.db.dir is not configured. We recommend adding this setting. Falling back to ozone.metadata.dirs instead.
2023-12-26 17:42:27,745 [main] INFO  utils.NativeLibraryLoader (NativeLibraryLoader.java:loadLibrary(108)) - Loading Library: ozone_rocksdb_tools
2023-12-26 17:42:27,746 [main] INFO  snapshot.SnapshotDiffManager (SnapshotDiffManager.java:closeExecutorService(1688)) - Shutting down executorService: 'SstDumpToolExecutor'
2023-12-26 17:42:27,748 [main] INFO  om.OzoneManager (OzoneManager.java:addS3GVolumeToDB(4451)) - Created Volume s3v With Owner runner required for S3Gateway operations.
2023-12-26 17:42:27,748 [main] WARN  server.ServerUtils (ServerUtils.java:getDefaultRatisDirectory(323)) - Storage directory for Ratis is not configured. It is a good idea to map this to an SSD disk. Falling back to ozone.metadata.dirs
2023-12-26 17:42:27,749 [main] WARN  utils.OzoneManagerRatisUtils (OzoneManagerRatisUtils.java:getOMRatisSnapshotDirectory(473)) - ozone.om.ratis.snapshot.dir is not configured. Falling back to ozone.metadata.dirs config
2023-12-26 17:42:27,749 [main] WARN  server.ServerUtils (ServerUtils.java:getDefaultRatisDirectory(323)) - Storage directory for Ratis is not configured. It is a good idea to map this to an SSD disk. Falling back to ozone.metadata.dirs
2023-12-26 17:42:27,750 [main] INFO  ratis.OzoneManagerRatisServer (OzoneManagerRatisServer.java:<init>(168)) - Instantiating OM Ratis server with groupID: omServiceIdDefault and peers: localhost:15096
2023-12-26 17:42:27,751 [main] INFO  ratis.OzoneManagerStateMachine (OzoneManagerStateMachine.java:loadSnapshotInfoFromDB(701)) - TransactionInfo not found in OM DB.
2023-12-26 17:42:27,751 [main] INFO  server.RaftServer (ConfUtils.java:logGet(46)) - raft.rpc.type = GRPC (default)
2023-12-26 17:42:27,751 [main] INFO  grpc.GrpcConfigKeys (ConfUtils.java:logFallback(53)) - raft.grpc.admin.host = null (fallback to raft.grpc.server.host)
2023-12-26 17:42:27,751 [main] INFO  grpc.GrpcConfigKeys (ConfUtils.java:logFallback(53)) - raft.grpc.admin.port = 15096 (fallback to raft.grpc.server.port)
2023-12-26 17:42:27,751 [main] INFO  grpc.GrpcConfigKeys (ConfUtils.java:logFallback(53)) - raft.grpc.client.host = null (fallback to raft.grpc.server.host)
2023-12-26 17:42:27,752 [main] INFO  grpc.GrpcConfigKeys (ConfUtils.java:logFallback(53)) - raft.grpc.client.port = 15096 (fallback to raft.grpc.server.port)
2023-12-26 17:42:27,752 [main] INFO  grpc.GrpcConfigKeys (ConfUtils.java:logGet(46)) - raft.grpc.server.host = null (default)
2023-12-26 17:42:27,752 [main] INFO  grpc.GrpcConfigKeys (ConfUtils.java:logGet(46)) - raft.grpc.server.port = 15096 (custom)
2023-12-26 17:42:27,752 [main] INFO  server.GrpcService (ConfUtils.java:logGet(46)) - raft.grpc.message.size.max = 4194304 (custom)
2023-12-26 17:42:27,753 [main] INFO  server.RaftServerConfigKeys (ConfUtils.java:logGet(46)) - raft.server.log.appender.buffer.byte-limit = 4194304 (custom)
2023-12-26 17:42:27,753 [main] INFO  server.GrpcService (ConfUtils.java:logGet(46)) - raft.grpc.flow.control.window = 1MB (=1048576) (default)
2023-12-26 17:42:27,753 [main] INFO  server.RaftServerConfigKeys (ConfUtils.java:logGet(46)) - raft.server.rpc.request.timeout = 3000ms (default)
2023-12-26 17:42:27,753 [main] INFO  grpc.GrpcConfigKeys (ConfUtils.java:logGet(46)) - raft.grpc.server.heartbeat.channel = true (default)
2023-12-26 17:42:27,753 [main] INFO  grpc.GrpcConfigKeys (ConfUtils.java:logGet(46)) - raft.grpc.server.async.request.thread.pool.cached = true (default)
2023-12-26 17:42:27,754 [main] INFO  grpc.GrpcConfigKeys (ConfUtils.java:logGet(46)) - raft.grpc.server.async.request.thread.pool.size = 32 (default)
2023-12-26 17:42:27,755 [main] INFO  impl.DataStreamServerImpl (ConfUtils.java:logGet(46)) - raft.datastream.type = DISABLED (default)
2023-12-26 17:42:27,755 [main] INFO  server.RaftServerConfigKeys (ConfUtils.java:logGet(46)) - raft.server.sleep.deviation.threshold = 300ms (default)
2023-12-26 17:42:27,755 [main] INFO  server.RaftServerConfigKeys (ConfUtils.java:logGet(46)) - raft.server.close.threshold = 60s (default)
2023-12-26 17:42:27,755 [main] INFO  server.RaftServerConfigKeys (ConfUtils.java:logGet(46)) - raft.server.leaderelection.leader.step-down.wait-time = 10s (default)
2023-12-26 17:42:27,756 [main] INFO  server.RaftServerConfigKeys (ConfUtils.java:logGet(46)) - raft.server.storage.dir = [/home/runner/work/ozone/ozone/hadoop-ozone/integration-test/target/test-dir/MiniOzoneClusterImpl-c07e4b46-e5c7-4260-9d08-acd32f4d7801/ozone-meta/ratis] (custom)
2023-12-26 17:42:27,756 [main] INFO  server.RaftServerConfigKeys (ConfUtils.java:logGet(46)) - raft.server.threadpool.proxy.cached = true (default)
2023-12-26 17:42:27,756 [main] INFO  server.RaftServerConfigKeys (ConfUtils.java:logGet(46)) - raft.server.threadpool.proxy.size = 0 (default)
2023-12-26 17:42:27,757 [main] INFO  server.RaftServer (RaftServerProxy.java:addNew(100)) - om1: addNew group-C5BA1605619E:[om1|localhost:15096] returns group-C5BA1605619E:java.util.concurrent.CompletableFuture@333c7e39[Not completed]
2023-12-26 17:42:27,757 [main] INFO  om.OzoneManager (OzoneManager.java:initializeRatisServer(2143)) - OzoneManager Ratis server initialized at port 15096
2023-12-26 17:42:27,757 [main] INFO  om.OzoneManager (OzoneManager.java:getRpcServer(1209)) - Creating RPC Server
2023-12-26 17:42:27,757 [om1-groupManagement] INFO  server.RaftServer$Division (RaftServerImpl.java:<init>(256)) - om1: new RaftServerImpl for group-C5BA1605619E:[om1|localhost:15096] with OzoneManagerStateMachine:uninitialized
2023-12-26 17:42:27,757 [om1-groupManagement] INFO  server.RaftServerConfigKeys (ConfUtils.java:logGet(46)) - raft.server.rpc.timeout.min = 1s (custom)
2023-12-26 17:42:27,757 [om1-groupManagement] INFO  server.RaftServerConfigKeys (ConfUtils.java:logGet(46)) - raft.server.rpc.timeout.max = 1200ms (custom)
2023-12-26 17:42:27,758 [om1-groupManagement] INFO  server.RaftServerConfigKeys (ConfUtils.java:logGet(46)) - raft.server.rpc.sleep.time = 25ms (default)
2023-12-26 17:42:27,758 [om1-groupManagement] INFO  server.RaftServerConfigKeys (ConfUtils.java:logGet(46)) - raft.server.rpc.slowness.timeout = 120s (custom)
2023-12-26 17:42:27,758 [om1-groupManagement] INFO  server.RaftServerConfigKeys (ConfUtils.java:logGet(46)) - raft.server.leaderelection.leader.step-down.wait-time = 10s (default)
2023-12-26 17:42:27,758 [om1-groupManagement] INFO  server.RaftServerConfigKeys (ConfUtils.java:logGet(46)) - raft.server.leaderelection.member.majority-add = false (default)
2023-12-26 17:42:27,758 [om1-groupManagement] INFO  server.RaftServerConfigKeys (ConfUtils.java:logGet(46)) - raft.server.sleep.deviation.threshold = 300ms (default)
2023-12-26 17:42:27,758 [om1-groupManagement] INFO  server.RaftServer$Division (ServerState.java:<init>(113)) - om1@group-C5BA1605619E: ConfigurationManager, init=-1: peers:[om1|localhost:15096]|listeners:[], old=null, confs=<EMPTY_MAP>
2023-12-26 17:42:27,758 [om1-groupManagement] INFO  server.RaftServerConfigKeys (ConfUtils.java:logGet(46)) - raft.server.notification.no-leader.timeout = 120s (custom)
2023-12-26 17:42:27,758 [om1-groupManagement] INFO  server.RaftServerConfigKeys (ConfUtils.java:logGet(46)) - raft.server.read.timeout = 10s (default)
2023-12-26 17:42:27,758 [om1-groupManagement] INFO  server.RaftServerConfigKeys (ConfUtils.java:logGet(46)) - raft.server.retrycache.expirytime = 300s (custom)
2023-12-26 17:42:27,758 [om1-groupManagement] INFO  server.RaftServerConfigKeys (ConfUtils.java:logGet(46)) - raft.server.retrycache.statistics.expirytime = 100ms (default)
2023-12-26 17:42:27,758 [om1-groupManagement] INFO  server.RaftServerConfigKeys (ConfUtils.java:logGet(46)) - raft.server.read.option = DEFAULT (default)
2023-12-26 17:42:27,758 [om1-groupManagement] INFO  server.RaftServerConfigKeys (ConfUtils.java:logGet(46)) - raft.server.read.read-after-write-consistent.write-index-cache.expiry-time = 60s (default)
2023-12-26 17:42:27,759 [om1-groupManagement] INFO  server.RaftServerConfigKeys (ConfUtils.java:logGet(46)) - raft.server.rpc.request.timeout = 3000ms (default)
2023-12-26 17:42:27,759 [om1-groupManagement] INFO  server.RaftServerConfigKeys (ConfUtils.java:logGet(46)) - raft.server.log.appender.install.snapshot.enabled = false (custom)
2023-12-26 17:42:27,760 [om1-groupManagement] INFO  server.RaftServerConfigKeys (ConfUtils.java:logGet(46)) - raft.server.threadpool.server.cached = true (default)
2023-12-26 17:42:27,760 [om1-groupManagement] INFO  server.RaftServerConfigKeys (ConfUtils.java:logGet(46)) - raft.server.threadpool.server.size = 0 (default)
2023-12-26 17:42:27,760 [om1-groupManagement] INFO  server.RaftServerConfigKeys (ConfUtils.java:logGet(46)) - raft.server.threadpool.client.cached = true (default)
2023-12-26 17:42:27,760 [om1-groupManagement] INFO  server.RaftServerConfigKeys (ConfUtils.java:logGet(46)) - raft.server.threadpool.client.size = 0 (default)
2023-12-26 17:42:28,000 [main] INFO  reflections.Reflections (Reflections.java:scan(232)) - Reflections took 242 ms to scan 20 urls, producing 72 keys and 6207 values [using 4 cores]
2023-12-26 17:42:28,001 [main] INFO  ipc.CallQueueManager (CallQueueManager.java:<init>(90)) - Using callQueue: class java.util.concurrent.LinkedBlockingQueue, queueCapacity: 2000, scheduler: class org.apache.hadoop.ipc.DefaultRpcScheduler, ipcBackoff: false.
2023-12-26 17:42:28,002 [main] INFO  ipc.Server (Server.java:<init>(1287)) - Listener at 127.0.0.1:15093
2023-12-26 17:42:28,002 [Socket Reader #1 for port 15093] INFO  ipc.Server (Server.java:run(1323)) - Starting Socket Reader #1 for port 15093
2023-12-26 17:42:28,016 [main] INFO  impl.MetricsSystemImpl (MetricsSystemImpl.java:init(158)) - OzoneManager metrics system started (again)
2023-12-26 17:42:28,024 [main] INFO  om.OzoneManager (OzoneManager.java:start(1631)) - OzoneManager RPC server is listening at localhost/127.0.0.1:15093
2023-12-26 17:42:28,025 [main] INFO  ratis.OzoneManagerRatisServer (OzoneManagerRatisServer.java:start(585)) - Starting OzoneManagerRatisServer om1 at port 15096
2023-12-26 17:42:28,025 [om1-impl-thread1] INFO  server.RaftServerConfigKeys (ConfUtils.java:logGet(46)) - raft.server.storage.free-space.min = 0MB (=0) (default)
2023-12-26 17:42:28,025 [om1-impl-thread1] INFO  server.RaftServerConfigKeys (ConfUtils.java:logGet(46)) - raft.server.log.corruption.policy = EXCEPTION (default)
2023-12-26 17:42:28,025 [om1-impl-thread1] INFO  server.RaftServerConfigKeys (ConfUtils.java:logGet(46)) - raft.server.storage.dir = [/home/runner/work/ozone/ozone/hadoop-ozone/integration-test/target/test-dir/MiniOzoneClusterImpl-c07e4b46-e5c7-4260-9d08-acd32f4d7801/ozone-meta/ratis] (custom)
2023-12-26 17:42:28,025 [om1-impl-thread1] INFO  storage.RaftStorageDirectory (RaftStorageDirectoryImpl.java:analyzeStorage(138)) - The storage directory /home/runner/work/ozone/ozone/hadoop-ozone/integration-test/target/test-dir/MiniOzoneClusterImpl-c07e4b46-e5c7-4260-9d08-acd32f4d7801/ozone-meta/ratis/bf265839-605b-3f16-9796-c5ba1605619e does not exist. Creating ...
2023-12-26 17:42:28,027 [om1-impl-thread1] INFO  storage.RaftStorageDirectory (RaftStorageDirectoryImpl.java:tryLock(232)) - Lock on /home/runner/work/ozone/ozone/hadoop-ozone/integration-test/target/test-dir/MiniOzoneClusterImpl-c07e4b46-e5c7-4260-9d08-acd32f4d7801/ozone-meta/ratis/bf265839-605b-3f16-9796-c5ba1605619e/in_use.lock acquired by nodename 85971@fv-az1381-115
2023-12-26 17:42:28,028 [om1-impl-thread1] INFO  storage.RaftStorage (RaftStorageImpl.java:format(97)) - Storage directory /home/runner/work/ozone/ozone/hadoop-ozone/integration-test/target/test-dir/MiniOzoneClusterImpl-c07e4b46-e5c7-4260-9d08-acd32f4d7801/ozone-meta/ratis/bf265839-605b-3f16-9796-c5ba1605619e has been successfully formatted.
2023-12-26 17:42:28,028 [om1-impl-thread1] INFO  server.RaftServerConfigKeys (ConfUtils.java:logGet(46)) - raft.server.log.use.memory = false (default)
2023-12-26 17:42:28,028 [om1-impl-thread1] INFO  server.RaftServerConfigKeys (ConfUtils.java:logGet(46)) - raft.server.log.purge.gap = 1000000 (custom)
2023-12-26 17:42:28,029 [om1-impl-thread1] INFO  server.RaftServerConfigKeys (ConfUtils.java:logGet(46)) - raft.server.log.appender.buffer.byte-limit = 4194304 (custom)
2023-12-26 17:42:28,029 [om1-impl-thread1] INFO  server.RaftServerConfigKeys (ConfUtils.java:logGet(46)) - raft.server.log.statemachine.data.read.timeout = 1000ms (default)
2023-12-26 17:42:28,029 [om1-impl-thread1] INFO  server.RaftServerConfigKeys (ConfUtils.java:logGet(46)) - raft.server.log.purge.preservation.log.num = 0 (default)
2023-12-26 17:42:28,029 [om1-impl-thread1] INFO  server.RaftServerConfigKeys (ConfUtils.java:logGet(46)) - raft.server.log.segment.size.max = 4194304 (custom)
2023-12-26 17:42:28,029 [om1-impl-thread1] INFO  server.RaftServerConfigKeys (ConfUtils.java:logGet(46)) - raft.server.log.segment.cache.num.max = 2 (custom)
2023-12-26 17:42:28,029 [om1-impl-thread1] INFO  server.RaftServerConfigKeys (ConfUtils.java:logGet(46)) - raft.server.log.segment.cache.size.max = 200MB (=209715200) (default)
2023-12-26 17:42:28,029 [om1-impl-thread1] INFO  server.RaftServerConfigKeys (ConfUtils.java:logGet(46)) - raft.server.log.appender.buffer.byte-limit = 4194304 (custom)
2023-12-26 17:42:28,029 [om1-impl-thread1] INFO  util.AwaitToRun (AwaitToRun.java:start(81)) - Thread[om1@group-C5BA1605619E-cacheEviction-AwaitToRun,5,main] started
2023-12-26 17:42:28,029 [om1-impl-thread1] INFO  segmented.SegmentedRaftLogWorker (SegmentedRaftLogWorker.java:<init>(184)) - new om1@group-C5BA1605619E-SegmentedRaftLogWorker for RaftStorageImpl:Storage Directory /home/runner/work/ozone/ozone/hadoop-ozone/integration-test/target/test-dir/MiniOzoneClusterImpl-c07e4b46-e5c7-4260-9d08-acd32f4d7801/ozone-meta/ratis/bf265839-605b-3f16-9796-c5ba1605619e
2023-12-26 17:42:28,029 [om1-impl-thread1] INFO  server.RaftServerConfigKeys (ConfUtils.java:logGet(46)) - raft.server.log.queue.byte-limit = 64MB (=67108864) (default)
2023-12-26 17:42:28,030 [om1-impl-thread1] INFO  server.RaftServerConfigKeys (ConfUtils.java:logGet(46)) - raft.server.log.queue.element-limit = 4096 (default)
2023-12-26 17:42:28,030 [om1-impl-thread1] INFO  server.RaftServerConfigKeys (ConfUtils.java:logGet(46)) - raft.server.log.segment.size.max = 4194304 (custom)
2023-12-26 17:42:28,030 [om1-impl-thread1] INFO  server.RaftServerConfigKeys (ConfUtils.java:logGet(46)) - raft.server.log.preallocated.size = 4194304 (custom)
2023-12-26 17:42:28,030 [om1-impl-thread1] INFO  server.RaftServerConfigKeys (ConfUtils.java:logGet(46)) - raft.server.log.force.sync.num = 128 (default)
2023-12-26 17:42:28,030 [om1-impl-thread1] INFO  server.RaftServerConfigKeys (ConfUtils.java:logGet(46)) - raft.server.log.statemachine.data.sync = true (default)
2023-12-26 17:42:28,030 [om1-impl-thread1] INFO  server.RaftServerConfigKeys (ConfUtils.java:logGet(46)) - raft.server.log.statemachine.data.sync.timeout = 10s (default)
2023-12-26 17:42:28,030 [om1-impl-thread1] INFO  server.RaftServerConfigKeys (ConfUtils.java:logGet(46)) - raft.server.log.statemachine.data.sync.timeout.retry = -1 (default)
2023-12-26 17:42:28,030 [om1-impl-thread1] INFO  server.RaftServerConfigKeys (ConfUtils.java:logGet(46)) - raft.server.log.write.buffer.size = 4194312 (custom)
2023-12-26 17:42:28,031 [om1-impl-thread1] INFO  server.RaftServerConfigKeys (ConfUtils.java:logGet(46)) - raft.server.log.appender.buffer.byte-limit = 4194304 (custom)
2023-12-26 17:42:28,031 [om1-impl-thread1] INFO  server.RaftServerConfigKeys (ConfUtils.java:logGet(46)) - raft.server.log.unsafe-flush.enabled = false (default)
2023-12-26 17:42:28,031 [om1-impl-thread1] INFO  server.RaftServerConfigKeys (ConfUtils.java:logGet(46)) - raft.server.log.async-flush.enabled = false (default)
2023-12-26 17:42:28,031 [om1-impl-thread1] INFO  server.RaftServerConfigKeys (ConfUtils.java:logGet(46)) - raft.server.log.statemachine.data.caching.enabled = false (default)
2023-12-26 17:42:28,031 [om1-impl-thread1] INFO  segmented.SegmentedRaftLogWorker (SegmentedRaftLogWorker.java:lambda$new$0(135)) - om1@group-C5BA1605619E-SegmentedRaftLogWorker: flushIndex: setUnconditionally 0 -> -1
2023-12-26 17:42:28,031 [om1-impl-thread1] INFO  segmented.SegmentedRaftLogWorker (SegmentedRaftLogWorker.java:lambda$new$0(135)) - om1@group-C5BA1605619E-SegmentedRaftLogWorker: safeCacheEvictIndex: setUnconditionally 0 -> -1
2023-12-26 17:42:28,031 [om1-impl-thread1] INFO  server.RaftServer$Division (RaftServerImpl.java:start(392)) - om1@group-C5BA1605619E: start as a follower, conf=-1: peers:[om1|localhost:15096]|listeners:[], old=null
2023-12-26 17:42:28,031 [om1-impl-thread1] INFO  server.RaftServer$Division (RaftServerImpl.java:setRole(379)) - om1@group-C5BA1605619E: changes role from      null to FOLLOWER at term 0 for startAsFollower
2023-12-26 17:42:28,032 [om1-impl-thread1] INFO  impl.RoleInfo (RoleInfo.java:updateAndGet(139)) - om1: start om1@group-C5BA1605619E-FollowerState
2023-12-26 17:42:28,032 [om1@group-C5BA1605619E-FollowerState] INFO  server.RaftServerConfigKeys (ConfUtils.java:logFallback(53)) - raft.server.rpc.first-election.timeout.min = 1s (fallback to raft.server.rpc.timeout.min)
2023-12-26 17:42:28,032 [om1@group-C5BA1605619E-FollowerState] INFO  server.RaftServerConfigKeys (ConfUtils.java:logFallback(53)) - raft.server.rpc.first-election.timeout.max = 1200ms (fallback to raft.server.rpc.timeout.max)
2023-12-26 17:42:28,033 [om1-impl-thread1] INFO  util.JmxRegister (JmxRegister.java:tryRegister(44)) - Successfully registered JMX Bean with object name Ratis:service=RaftServer,group=group-C5BA1605619E,id=om1
2023-12-26 17:42:28,033 [om1-impl-thread1] INFO  server.RaftServerConfigKeys (ConfUtils.java:logGet(46)) - raft.server.snapshot.trigger-when-stop.enabled = true (default)
2023-12-26 17:42:28,033 [om1-impl-thread1] INFO  server.RaftServerConfigKeys (ConfUtils.java:logGet(46)) - raft.server.snapshot.auto.trigger.enabled = true (custom)
2023-12-26 17:42:28,033 [om1-impl-thread1] INFO  server.RaftServerConfigKeys (ConfUtils.java:logGet(46)) - raft.server.snapshot.auto.trigger.threshold = 400000 (default)
2023-12-26 17:42:28,033 [om1-impl-thread1] INFO  server.RaftServerConfigKeys (ConfUtils.java:logGet(46)) - raft.server.snapshot.retention.file.num = -1 (default)
2023-12-26 17:42:28,033 [om1-impl-thread1] INFO  server.RaftServerConfigKeys (ConfUtils.java:logGet(46)) - raft.server.log.purge.upto.snapshot.index = true (custom)
2023-12-26 17:42:28,033 [main] INFO  server.RaftServer (RaftServerProxy.java:startImpl(406)) - om1: start RPC server
2023-12-26 17:42:28,034 [main] INFO  server.GrpcService (GrpcService.java:startImpl(302)) - om1: GrpcService started, listening on 15096
2023-12-26 17:42:28,034 [JvmPauseMonitor12] INFO  util.JvmPauseMonitor (JvmPauseMonitor.java:run(146)) - JvmPauseMonitor-om1: Started
2023-12-26 17:42:28,035 [main] INFO  om.OzoneManager (OzoneManager.java:start(1647)) - Version File has different layout version (6) than OM DB (null). That is expected if this OM has never been finalized to a newer layout version.
2023-12-26 17:42:28,037 [main] INFO  http.BaseHttpServer (BaseHttpServer.java:newHttpServer2BuilderForOzone(223)) - Starting Web-server for ozoneManager at: http://0.0.0.0:15094
2023-12-26 17:42:28,037 [main] INFO  http.BaseHttpServer (BaseHttpServer.java:<init>(110)) - Hadoop Security Enabled: false Ozone Security Enabled: false Ozone HTTP Security Enabled: false 
2023-12-26 17:42:28,039 [main] WARN  server.AuthenticationFilter (AuthenticationFilter.java:constructSecretProvider(240)) - Unable to initialize FileSignerSecretProvider, falling back to use random secrets. Reason: Could not read signature secret file: /home/runner/hadoop-http-auth-signature-secret
2023-12-26 17:42:28,039 [main] INFO  http.HttpRequestLog (HttpRequestLog.java:getRequestLog(86)) - Http request log for http.requests.ozoneManager is not defined
2023-12-26 17:42:28,041 [main] INFO  http.HttpServer2 (HttpServer2.java:addGlobalFilter(1036)) - Added global filter 'safety' (class=org.apache.hadoop.hdds.server.http.HttpServer2$QuotingInputFilter)
2023-12-26 17:42:28,041 [main] INFO  http.HttpServer2 (HttpServer2.java:addFilter(1012)) - Added filter static_user_filter (class=org.apache.hadoop.http.lib.StaticUserWebFilter$StaticUserFilter) to context ozoneManager
2023-12-26 17:42:28,041 [main] INFO  http.HttpServer2 (HttpServer2.java:addFilter(1020)) - Added filter static_user_filter (class=org.apache.hadoop.http.lib.StaticUserWebFilter$StaticUserFilter) to context logs
2023-12-26 17:42:28,041 [main] INFO  http.HttpServer2 (HttpServer2.java:addFilter(1020)) - Added filter static_user_filter (class=org.apache.hadoop.http.lib.StaticUserWebFilter$StaticUserFilter) to context static
2023-12-26 17:42:28,042 [main] INFO  http.BaseHttpServer (BaseHttpServer.java:<init>(189)) - HTTP server of ozoneManager uses base directory /home/runner/work/ozone/ozone/hadoop-ozone/integration-test/target/test-dir/MiniOzoneClusterImpl-c07e4b46-e5c7-4260-9d08-acd32f4d7801/ozone-meta/webserver
2023-12-26 17:42:28,042 [main] INFO  http.HttpServer2 (HttpServer2.java:bindListener(1236)) - Jetty bound to port 15094
2023-12-26 17:42:28,042 [main] INFO  server.Server (Server.java:doStart(375)) - jetty-9.4.53.v20231009; built: 2023-10-09T12:29:09.265Z; git: 27bde00a0b95a1d5bbee0eae7984f891d2d0f8c9; jvm 1.8.0_392-b08
2023-12-26 17:42:28,043 [main] INFO  server.session (DefaultSessionIdManager.java:doStart(334)) - DefaultSessionIdManager workerName=node0
2023-12-26 17:42:28,043 [main] INFO  server.session (DefaultSessionIdManager.java:doStart(339)) - No SessionScavenger set, using defaults
2023-12-26 17:42:28,044 [main] INFO  server.session (HouseKeeper.java:startScavenging(132)) - node0 Scavenging every 600000ms
2023-12-26 17:42:28,044 [main] INFO  handler.ContextHandler (ContextHandler.java:doStart(921)) - Started o.e.j.s.ServletContextHandler@5466afb3{logs,/logs,file:///home/runner/work/ozone/ozone/hadoop-ozone/integration-test/target/log,AVAILABLE}
2023-12-26 17:42:28,044 [main] INFO  handler.ContextHandler (ContextHandler.java:doStart(921)) - Started o.e.j.s.ServletContextHandler@3a7828c2{static,/static,file:///home/runner/work/ozone/ozone/hadoop-ozone/integration-test/target/test-classes/webapps/static,AVAILABLE}
2023-12-26 17:42:28,047 [main] INFO  handler.ContextHandler (ContextHandler.java:doStart(921)) - Started o.e.j.w.WebAppContext@74684191{ozoneManager,/,file:///home/runner/work/ozone/ozone/hadoop-ozone/integration-test/target/test-classes/webapps/ozoneManager/,AVAILABLE}{file:/home/runner/work/ozone/ozone/hadoop-ozone/integration-test/target/test-classes/webapps/ozoneManager}
2023-12-26 17:42:28,048 [main] INFO  server.AbstractConnector (AbstractConnector.java:doStart(333)) - Started ServerConnector@4022d226{HTTP/1.1, (http/1.1)}{0.0.0.0:15094}
2023-12-26 17:42:28,048 [main] INFO  server.Server (Server.java:doStart(415)) - Started @45700ms
2023-12-26 17:42:28,048 [main] WARN  impl.MetricsSystemImpl (MetricsSystemImpl.java:register(279)) - Sink prometheus already exists!
2023-12-26 17:42:28,048 [main] INFO  http.BaseHttpServer (BaseHttpServer.java:updateConnectorAddress(354)) - HTTP server of ozoneManager listening at http://0.0.0.0:15094
2023-12-26 17:42:28,049 [IPC Server Responder] INFO  ipc.Server (Server.java:run(1562)) - IPC Server Responder: starting
2023-12-26 17:42:28,049 [IPC Server listener on 15093] INFO  ipc.Server (Server.java:run(1402)) - IPC Server listener on 15093: starting
2023-12-26 17:42:28,055 [main] INFO  om.OzoneManager (OzoneManager.java:startTrashEmptier(2096)) - Trash Interval set to 0. Files deleted won't move to trash
2023-12-26 17:42:28,073 [main] WARN  dropwizard3.Dm3MetricRegistriesImpl (Dm3MetricRegistriesImpl.java:addReporterRegistration(113)) - New reporters are added after registries were created. Some metrics will be missing from the reporter. Please add reporter before adding any new registry.
2023-12-26 17:42:28,073 [main] WARN  dropwizard3.Dm3MetricRegistriesImpl (Dm3MetricRegistriesImpl.java:addReporterRegistration(113)) - New reporters are added after registries were created. Some metrics will be missing from the reporter. Please add reporter before adding any new registry.
2023-12-26 17:42:28,073 [main] INFO  impl.MetricsSystemImpl (MetricsSystemImpl.java:init(158)) - HddsDatanode metrics system started (again)
2023-12-26 17:42:28,081 [main] INFO  ozone.HddsDatanodeService (HddsDatanodeService.java:start(239)) - HddsDatanodeService host:fv-az1381-115 ip:10.1.0.4
2023-12-26 17:42:28,097 [main] INFO  upgrade.AbstractLayoutVersionManager (AbstractLayoutVersionManager.java:init(83)) - Initializing Layout version manager with metadata layout = HADOOP_PRC_PORTS_IN_DATANODEDETAILS (version = 7), software layout = HADOOP_PRC_PORTS_IN_DATANODEDETAILS (version = 7)
2023-12-26 17:42:28,098 [main] INFO  statemachine.DatanodeStateMachine (DatanodeStateMachine.java:getEndPointTaskThreadPoolSize(299)) - Datanode State Machine Task Thread Pool size 2
2023-12-26 17:42:28,099 [main] ERROR lib.MethodMetric (MethodMetric.java:snapshot(117)) - Error invoking method getCommitted
java.lang.reflect.InvocationTargetException
	at sun.reflect.GeneratedMethodAccessor85.invoke(Unknown Source)
	at sun.reflect.DelegatingMethodAccessorImpl.invoke(DelegatingMethodAccessorImpl.java:43)
	at java.lang.reflect.Method.invoke(Method.java:498)
	at org.apache.hadoop.metrics2.lib.MethodMetric$2.snapshot(MethodMetric.java:111)
	at org.apache.hadoop.metrics2.lib.MethodMetric.snapshot(MethodMetric.java:142)
	at org.apache.hadoop.metrics2.lib.MetricsRegistry.snapshot(MetricsRegistry.java:447)
	at org.apache.hadoop.metrics2.lib.MetricsSourceBuilder$1.getMetrics(MetricsSourceBuilder.java:89)
	at org.apache.hadoop.metrics2.impl.MetricsSourceAdapter.getMetrics(MetricsSourceAdapter.java:200)
	at org.apache.hadoop.metrics2.impl.MetricsSourceAdapter.updateJmxCache(MetricsSourceAdapter.java:183)
	at org.apache.hadoop.metrics2.impl.MetricsSourceAdapter.getMBeanInfo(MetricsSourceAdapter.java:156)
	at com.sun.jmx.interceptor.DefaultMBeanServerInterceptor.getNewMBeanClassName(DefaultMBeanServerInterceptor.java:333)
	at com.sun.jmx.interceptor.DefaultMBeanServerInterceptor.registerMBean(DefaultMBeanServerInterceptor.java:319)
	at com.sun.jmx.mbeanserver.JmxMBeanServer.registerMBean(JmxMBeanServer.java:522)
	at org.apache.hadoop.metrics2.util.MBeans.register(MBeans.java:100)
	at org.apache.hadoop.metrics2.util.MBeans.register(MBeans.java:73)
	at org.apache.hadoop.metrics2.impl.MetricsSourceAdapter.startMBeans(MetricsSourceAdapter.java:222)
	at org.apache.hadoop.metrics2.impl.MetricsSourceAdapter.start(MetricsSourceAdapter.java:101)
	at org.apache.hadoop.metrics2.impl.MetricsSystemImpl.registerSource(MetricsSystemImpl.java:268)
	at org.apache.hadoop.metrics2.impl.MetricsSystemImpl.register(MetricsSystemImpl.java:233)
	at org.apache.hadoop.ozone.container.common.volume.VolumeInfoMetrics.init(VolumeInfoMetrics.java:50)
	at org.apache.hadoop.ozone.container.common.volume.VolumeInfoMetrics.<init>(VolumeInfoMetrics.java:45)
	at org.apache.hadoop.ozone.container.common.volume.HddsVolume.<init>(HddsVolume.java:123)
	at org.apache.hadoop.ozone.container.common.volume.HddsVolume.<init>(HddsVolume.java:71)
	at org.apache.hadoop.ozone.container.common.volume.HddsVolume$Builder.build(HddsVolume.java:111)
	at org.apache.hadoop.ozone.container.common.volume.HddsVolumeFactory.createVolume(HddsVolumeFactory.java:48)
	at org.apache.hadoop.ozone.container.common.volume.MutableVolumeSet.initializeVolumeSet(MutableVolumeSet.java:170)
	at org.apache.hadoop.ozone.container.common.volume.MutableVolumeSet.<init>(MutableVolumeSet.java:132)
	at org.apache.hadoop.ozone.container.common.volume.MutableVolumeSet.<init>(MutableVolumeSet.java:96)
	at org.apache.hadoop.ozone.container.ozoneimpl.OzoneContainer.<init>(OzoneContainer.java:149)
	at org.apache.hadoop.ozone.container.common.statemachine.DatanodeStateMachine.<init>(DatanodeStateMachine.java:186)
	at org.apache.hadoop.ozone.HddsDatanodeService.start(HddsDatanodeService.java:296)
	at org.apache.hadoop.ozone.MiniOzoneClusterImpl.startHddsDatanode(MiniOzoneClusterImpl.java:489)
	at java.util.ArrayList.forEach(ArrayList.java:1259)
	at org.apache.hadoop.ozone.MiniOzoneClusterImpl.startHddsDatanodes(MiniOzoneClusterImpl.java:497)
	at org.apache.hadoop.ozone.MiniOzoneClusterImpl$Builder.build(MiniOzoneClusterImpl.java:627)
	at org.apache.hadoop.ozone.client.rpc.TestWatchForCommit.init(TestWatchForCommit.java:149)
	at sun.reflect.NativeMethodAccessorImpl.invoke0(Native Method)
	at sun.reflect.NativeMethodAccessorImpl.invoke(NativeMethodAccessorImpl.java:62)
	at sun.reflect.DelegatingMethodAccessorImpl.invoke(DelegatingMethodAccessorImpl.java:43)
	at java.lang.reflect.Method.invoke(Method.java:498)
	at org.junit.platform.commons.util.ReflectionUtils.invokeMethod(ReflectionUtils.java:728)
	at org.junit.jupiter.engine.execution.MethodInvocation.proceed(MethodInvocation.java:60)
	at org.junit.jupiter.engine.execution.InvocationInterceptorChain$ValidatingInvocation.proceed(InvocationInterceptorChain.java:131)
	at org.junit.jupiter.engine.extension.TimeoutExtension.intercept(TimeoutExtension.java:156)
	at org.junit.jupiter.engine.extension.TimeoutExtension.interceptLifecycleMethod(TimeoutExtension.java:128)
	at org.junit.jupiter.engine.extension.TimeoutExtension.interceptBeforeEachMethod(TimeoutExtension.java:78)
	at org.junit.jupiter.engine.execution.InterceptingExecutableInvoker$ReflectiveInterceptorCall.lambda$ofVoidMethod$0(InterceptingExecutableInvoker.java:103)
	at org.junit.jupiter.engine.execution.InterceptingExecutableInvoker.lambda$invoke$0(InterceptingExecutableInvoker.java:93)
	at org.junit.jupiter.engine.execution.InvocationInterceptorChain$InterceptedInvocation.proceed(InvocationInterceptorChain.java:106)
	at org.junit.jupiter.engine.execution.InvocationInterceptorChain.proceed(InvocationInterceptorChain.java:64)
	at org.junit.jupiter.engine.execution.InvocationInterceptorChain.chainAndInvoke(InvocationInterceptorChain.java:45)
	at org.junit.jupiter.engine.execution.InvocationInterceptorChain.invoke(InvocationInterceptorChain.java:37)
	at org.junit.jupiter.engine.execution.InterceptingExecutableInvoker.invoke(InterceptingExecutableInvoker.java:92)
	at org.junit.jupiter.engine.execution.InterceptingExecutableInvoker.invoke(InterceptingExecutableInvoker.java:86)
	at org.junit.jupiter.engine.descriptor.ClassBasedTestDescriptor.invokeMethodInExtensionContext(ClassBasedTestDescriptor.java:521)
	at org.junit.jupiter.engine.descriptor.ClassBasedTestDescriptor.lambda$synthesizeBeforeEachMethodAdapter$23(ClassBasedTestDescriptor.java:506)
	at org.junit.jupiter.engine.descriptor.TestMethodTestDescriptor.lambda$invokeBeforeEachMethods$3(TestMethodTestDescriptor.java:175)
	at org.junit.jupiter.engine.descriptor.TestMethodTestDescriptor.lambda$invokeBeforeMethodsOrCallbacksUntilExceptionOccurs$6(TestMethodTestDescriptor.java:203)
	at org.junit.platform.engine.support.hierarchical.ThrowableCollector.execute(ThrowableCollector.java:73)
	at org.junit.jupiter.engine.descriptor.TestMethodTestDescriptor.invokeBeforeMethodsOrCallbacksUntilExceptionOccurs(TestMethodTestDescriptor.java:203)
	at org.junit.jupiter.engine.descriptor.TestMethodTestDescriptor.invokeBeforeEachMethods(TestMethodTestDescriptor.java:172)
	at org.junit.jupiter.engine.descriptor.TestMethodTestDescriptor.execute(TestMethodTestDescriptor.java:135)
	at org.junit.jupiter.engine.descriptor.TestMethodTestDescriptor.execute(TestMethodTestDescriptor.java:69)
	at org.junit.platform.engine.support.hierarchical.NodeTestTask.lambda$executeRecursively$6(NodeTestTask.java:151)
	at org.junit.platform.engine.support.hierarchical.ThrowableCollector.execute(ThrowableCollector.java:73)
	at org.junit.platform.engine.support.hierarchical.NodeTestTask.lambda$executeRecursively$8(NodeTestTask.java:141)
	at org.junit.platform.engine.support.hierarchical.Node.around(Node.java:137)
	at org.junit.platform.engine.support.hierarchical.NodeTestTask.lambda$executeRecursively$9(NodeTestTask.java:139)
	at org.junit.platform.engine.support.hierarchical.ThrowableCollector.execute(ThrowableCollector.java:73)
	at org.junit.platform.engine.support.hierarchical.NodeTestTask.executeRecursively(NodeTestTask.java:138)
	at org.junit.platform.engine.support.hierarchical.NodeTestTask.execute(NodeTestTask.java:95)
	at java.util.ArrayList.forEach(ArrayList.java:1259)
	at org.junit.platform.engine.support.hierarchical.SameThreadHierarchicalTestExecutorService.invokeAll(SameThreadHierarchicalTestExecutorService.java:41)
	at org.junit.platform.engine.support.hierarchical.NodeTestTask.lambda$executeRecursively$6(NodeTestTask.java:155)
	at org.junit.platform.engine.support.hierarchical.ThrowableCollector.execute(ThrowableCollector.java:73)
	at org.junit.platform.engine.support.hierarchical.NodeTestTask.lambda$executeRecursively$8(NodeTestTask.java:141)
	at org.junit.platform.engine.support.hierarchical.Node.around(Node.java:137)
	at org.junit.platform.engine.support.hierarchical.NodeTestTask.lambda$executeRecursively$9(NodeTestTask.java:139)
	at org.junit.platform.engine.support.hierarchical.ThrowableCollector.execute(ThrowableCollector.java:73)
	at org.junit.platform.engine.support.hierarchical.NodeTestTask.executeRecursively(NodeTestTask.java:138)
	at org.junit.platform.engine.support.hierarchical.NodeTestTask.execute(NodeTestTask.java:95)
	at java.util.ArrayList.forEach(ArrayList.java:1259)
	at org.junit.platform.engine.support.hierarchical.SameThreadHierarchicalTestExecutorService.invokeAll(SameThreadHierarchicalTestExecutorService.java:41)
	at org.junit.platform.engine.support.hierarchical.NodeTestTask.lambda$executeRecursively$6(NodeTestTask.java:155)
	at org.junit.platform.engine.support.hierarchical.ThrowableCollector.execute(ThrowableCollector.java:73)
	at org.junit.platform.engine.support.hierarchical.NodeTestTask.lambda$executeRecursively$8(NodeTestTask.java:141)
	at org.junit.platform.engine.support.hierarchical.Node.around(Node.java:137)
	at org.junit.platform.engine.support.hierarchical.NodeTestTask.lambda$executeRecursively$9(NodeTestTask.java:139)
	at org.junit.platform.engine.support.hierarchical.ThrowableCollector.execute(ThrowableCollector.java:73)
	at org.junit.platform.engine.support.hierarchical.NodeTestTask.executeRecursively(NodeTestTask.java:138)
	at org.junit.platform.engine.support.hierarchical.NodeTestTask.execute(NodeTestTask.java:95)
	at org.junit.platform.engine.support.hierarchical.SameThreadHierarchicalTestExecutorService.submit(SameThreadHierarchicalTestExecutorService.java:35)
	at org.junit.platform.engine.support.hierarchical.HierarchicalTestExecutor.execute(HierarchicalTestExecutor.java:57)
	at org.junit.platform.engine.support.hierarchical.HierarchicalTestEngine.execute(HierarchicalTestEngine.java:54)
	at org.junit.platform.launcher.core.EngineExecutionOrchestrator.execute(EngineExecutionOrchestrator.java:198)
	at org.junit.platform.launcher.core.EngineExecutionOrchestrator.execute(EngineExecutionOrchestrator.java:169)
	at org.junit.platform.launcher.core.EngineExecutionOrchestrator.execute(EngineExecutionOrchestrator.java:93)
	at org.junit.platform.launcher.core.EngineExecutionOrchestrator.lambda$execute$0(EngineExecutionOrchestrator.java:58)
	at org.junit.platform.launcher.core.EngineExecutionOrchestrator.withInterceptedStreams(EngineExecutionOrchestrator.java:141)
	at org.junit.platform.launcher.core.EngineExecutionOrchestrator.execute(EngineExecutionOrchestrator.java:57)
	at org.junit.platform.launcher.core.DefaultLauncher.execute(DefaultLauncher.java:103)
	at org.junit.platform.launcher.core.DefaultLauncher.execute(DefaultLauncher.java:85)
	at org.junit.platform.launcher.core.DelegatingLauncher.execute(DelegatingLauncher.java:47)
	at org.apache.maven.surefire.junitplatform.LazyLauncher.execute(LazyLauncher.java:56)
	at org.apache.maven.surefire.junitplatform.JUnitPlatformProvider.execute(JUnitPlatformProvider.java:184)
	at org.apache.maven.surefire.junitplatform.JUnitPlatformProvider.invokeAllTests(JUnitPlatformProvider.java:148)
	at org.apache.maven.surefire.junitplatform.JUnitPlatformProvider.invoke(JUnitPlatformProvider.java:120)
	at org.apache.maven.surefire.booter.ForkedBooter.runSuitesInProcess(ForkedBooter.java:385)
	at org.apache.maven.surefire.booter.ForkedBooter.execute(ForkedBooter.java:162)
	at org.apache.maven.surefire.booter.ForkedBooter.run(ForkedBooter.java:507)
	at org.apache.maven.surefire.booter.ForkedBooter.main(ForkedBooter.java:495)
Caused by: java.lang.NullPointerException
	at org.apache.hadoop.ozone.container.common.volume.HddsVolume.getCommittedBytes(HddsVolume.java:303)
	at org.apache.hadoop.ozone.container.common.volume.VolumeInfoMetrics.getCommitted(VolumeInfoMetrics.java:147)
	... 111 more
2023-12-26 17:42:28,101 [main] INFO  volume.HddsVolume (HddsVolume.java:<init>(126)) - Creating HddsVolume: /home/runner/work/ozone/ozone/hadoop-ozone/integration-test/target/test-dir/MiniOzoneClusterImpl-c07e4b46-e5c7-4260-9d08-acd32f4d7801/datanode-0/data-0/containers/hdds of storage type : DISK capacity : 9223372036854775807
2023-12-26 17:42:28,101 [main] INFO  volume.MutableVolumeSet (MutableVolumeSet.java:initializeVolumeSet(173)) - Added Volume : /home/runner/work/ozone/ozone/hadoop-ozone/integration-test/target/test-dir/MiniOzoneClusterImpl-c07e4b46-e5c7-4260-9d08-acd32f4d7801/datanode-0/data-0/containers/hdds to VolumeSet
2023-12-26 17:42:28,102 [main] INFO  volume.MutableVolumeSet (MutableVolumeSet.java:initializeVolumeSet(173)) - Added Volume : /home/runner/work/ozone/ozone/hadoop-ozone/integration-test/target/test-dir/MiniOzoneClusterImpl-c07e4b46-e5c7-4260-9d08-acd32f4d7801/datanode-0/data/ratis to VolumeSet
2023-12-26 17:42:28,102 [main] INFO  ozoneimpl.OzoneContainer (HddsVolumeUtil.java:loadAllHddsVolumeDbStore(103)) - Load 1 volumes DbStore cost: 0ms
2023-12-26 17:42:28,104 [3ed52e39-5430-4c2b-aae2-f3d378827451-ContainerReader-0] INFO  ozoneimpl.ContainerReader (ContainerReader.java:readVolume(178)) - Finish verifying containers on volume /home/runner/work/ozone/ozone/hadoop-ozone/integration-test/target/test-dir/MiniOzoneClusterImpl-c07e4b46-e5c7-4260-9d08-acd32f4d7801/datanode-0/data-0/containers/hdds
2023-12-26 17:42:28,104 [main] INFO  ozoneimpl.OzoneContainer (OzoneContainer.java:buildContainerSet(326)) - Build ContainerSet costs 0s
2023-12-26 17:42:28,106 [main] INFO  server.RaftServer (ConfUtils.java:logGet(46)) - raft.rpc.type = GRPC (default)
2023-12-26 17:42:28,107 [main] INFO  grpc.GrpcConfigKeys (ConfUtils.java:logFallback(53)) - raft.grpc.admin.host = null (fallback to raft.grpc.server.host)
2023-12-26 17:42:28,107 [main] INFO  grpc.GrpcConfigKeys (ConfUtils.java:logGet(46)) - raft.grpc.admin.port = 15102 (custom)
2023-12-26 17:42:28,107 [main] INFO  grpc.GrpcConfigKeys (ConfUtils.java:logFallback(53)) - raft.grpc.client.host = null (fallback to raft.grpc.server.host)
2023-12-26 17:42:28,107 [main] INFO  grpc.GrpcConfigKeys (ConfUtils.java:logGet(46)) - raft.grpc.client.port = 15101 (custom)
2023-12-26 17:42:28,107 [main] INFO  grpc.GrpcConfigKeys (ConfUtils.java:logGet(46)) - raft.grpc.server.host = null (default)
2023-12-26 17:42:28,108 [main] INFO  grpc.GrpcConfigKeys (ConfUtils.java:logGet(46)) - raft.grpc.server.port = 15103 (custom)
2023-12-26 17:42:28,108 [main] INFO  server.GrpcService (ConfUtils.java:logGet(46)) - raft.grpc.message.size.max = 32MB (=33554432) (custom)
2023-12-26 17:42:28,108 [main] INFO  server.RaftServerConfigKeys (ConfUtils.java:logGet(46)) - raft.server.log.appender.buffer.byte-limit = 8388608 (custom)
2023-12-26 17:42:28,108 [main] INFO  server.GrpcService (ConfUtils.java:logGet(46)) - raft.grpc.flow.control.window = 5MB (=5242880) (custom)
2023-12-26 17:42:28,109 [main] INFO  server.RaftServerConfigKeys (ConfUtils.java:logGet(46)) - raft.server.rpc.request.timeout = 3000ms (default)
2023-12-26 17:42:28,109 [main] INFO  grpc.GrpcConfigKeys (ConfUtils.java:logGet(46)) - raft.grpc.server.heartbeat.channel = true (default)
2023-12-26 17:42:28,109 [main] INFO  grpc.GrpcConfigKeys (ConfUtils.java:logGet(46)) - raft.grpc.server.async.request.thread.pool.cached = true (default)
2023-12-26 17:42:28,109 [main] INFO  grpc.GrpcConfigKeys (ConfUtils.java:logGet(46)) - raft.grpc.server.async.request.thread.pool.size = 32 (default)
2023-12-26 17:42:28,111 [main] INFO  impl.DataStreamServerImpl (ConfUtils.java:logGet(46)) - raft.datastream.type = NETTY (custom)
2023-12-26 17:42:28,111 [main] INFO  server.RaftServerConfigKeys (ConfUtils.java:logGet(46)) - raft.server.data-stream.async.request.thread.pool.cached = false (default)
2023-12-26 17:42:28,112 [main] INFO  server.RaftServerConfigKeys (ConfUtils.java:logGet(46)) - raft.server.data-stream.async.request.thread.pool.size = 20 (custom)
2023-12-26 17:42:28,112 [main] INFO  server.RaftServerConfigKeys (ConfUtils.java:logGet(46)) - raft.server.data-stream.async.write.thread.pool.size = 16 (default)
2023-12-26 17:42:28,112 [main] INFO  netty.NettyConfigKeys$DataStream (ConfUtils.java:logGet(46)) - raft.netty.dataStream.server.channel.inactive.grace-period = 10min (default)
2023-12-26 17:42:28,112 [main] INFO  server.RaftServerConfigKeys (ConfUtils.java:logGet(46)) - raft.server.data-stream.client.pool.size = 10 (default)
2023-12-26 17:42:28,113 [main] INFO  netty.NettyConfigKeys$DataStream (ConfUtils.java:logGet(46)) - raft.netty.dataStream.server.use-epoll = true (default)
2023-12-26 17:42:28,113 [main] INFO  netty.NettyConfigKeys$DataStream (ConfUtils.java:logGet(46)) - raft.netty.dataStream.server.boss-group.size = 0 (default)
2023-12-26 17:42:28,113 [main] INFO  netty.NettyUtils (NettyUtils.java:newEventLoopGroup(69)) - Create EpollEventLoopGroup for 3ed52e39-5430-4c2b-aae2-f3d378827451-NettyServerStreamRpc-bossGroup; Thread size is 0.
2023-12-26 17:42:28,114 [main] INFO  netty.NettyConfigKeys$DataStream (ConfUtils.java:logGet(46)) - raft.netty.dataStream.server.worker-group.size = 0 (default)
2023-12-26 17:42:28,114 [main] INFO  netty.NettyUtils (NettyUtils.java:newEventLoopGroup(69)) - Create EpollEventLoopGroup for 3ed52e39-5430-4c2b-aae2-f3d378827451-NettyServerStreamRpc-workerGroup; Thread size is 0.
2023-12-26 17:42:28,114 [main] INFO  netty.NettyConfigKeys$DataStream (ConfUtils.java:logGet(46)) - raft.netty.dataStream.server.tls.conf = null (default)
2023-12-26 17:42:28,114 [main] INFO  netty.NettyConfigKeys$DataStream (ConfUtils.java:logGet(46)) - raft.netty.dataStream.host = null (default)
2023-12-26 17:42:28,115 [main] INFO  netty.NettyConfigKeys$DataStream (ConfUtils.java:logGet(46)) - raft.netty.dataStream.port = 15104 (custom)
2023-12-26 17:42:28,115 [main] INFO  server.RaftServerConfigKeys (ConfUtils.java:logGet(46)) - raft.server.sleep.deviation.threshold = 300ms (default)
2023-12-26 17:42:28,115 [main] INFO  server.RaftServerConfigKeys (ConfUtils.java:logGet(46)) - raft.server.close.threshold = 60s (default)
2023-12-26 17:42:28,116 [main] INFO  server.RaftServerConfigKeys (ConfUtils.java:logGet(46)) - raft.server.leaderelection.leader.step-down.wait-time = 10s (default)
2023-12-26 17:42:28,116 [main] INFO  server.RaftServerConfigKeys (ConfUtils.java:logGet(46)) - raft.server.storage.dir = [/home/runner/work/ozone/ozone/hadoop-ozone/integration-test/target/test-dir/MiniOzoneClusterImpl-c07e4b46-e5c7-4260-9d08-acd32f4d7801/datanode-0/data/ratis] (custom)
2023-12-26 17:42:28,116 [main] INFO  server.RaftServerConfigKeys (ConfUtils.java:logGet(46)) - raft.server.threadpool.proxy.cached = true (default)
2023-12-26 17:42:28,116 [main] INFO  server.RaftServerConfigKeys (ConfUtils.java:logGet(46)) - raft.server.threadpool.proxy.size = 0 (default)
2023-12-26 17:42:28,115 [3ed52e39-5430-4c2b-aae2-f3d378827451-NettyServerStreamRpc-bossGroup--thread1] INFO  logging.LoggingHandler (AbstractInternalLogger.java:log(148)) - [id: 0x07d91be8] REGISTERED
2023-12-26 17:42:28,117 [3ed52e39-5430-4c2b-aae2-f3d378827451-NettyServerStreamRpc-bossGroup--thread1] INFO  logging.LoggingHandler (AbstractInternalLogger.java:log(148)) - [id: 0x07d91be8] BIND: 0.0.0.0/0.0.0.0:15104
2023-12-26 17:42:28,117 [3ed52e39-5430-4c2b-aae2-f3d378827451-NettyServerStreamRpc-bossGroup--thread1] INFO  logging.LoggingHandler (AbstractInternalLogger.java:log(148)) - [id: 0x07d91be8, L:/0.0.0.0:15104] ACTIVE
2023-12-26 17:42:28,118 [3ed52e39-5430-4c2b-aae2-f3d378827451-impl-thread1] INFO  server.RaftServer (RaftServerProxy.java:initGroupDir(264)) - 3ed52e39-5430-4c2b-aae2-f3d378827451: found a subdirectory /home/runner/work/ozone/ozone/hadoop-ozone/integration-test/target/test-dir/MiniOzoneClusterImpl-c07e4b46-e5c7-4260-9d08-acd32f4d7801/datanode-0/data/ratis/tmp
2023-12-26 17:42:28,118 [3ed52e39-5430-4c2b-aae2-f3d378827451-impl-thread1] INFO  server.RaftServer (RaftServerProxy.java:initGroupDir(269)) - 3ed52e39-5430-4c2b-aae2-f3d378827451: The directory /home/runner/work/ozone/ozone/hadoop-ozone/integration-test/target/test-dir/MiniOzoneClusterImpl-c07e4b46-e5c7-4260-9d08-acd32f4d7801/datanode-0/data/ratis/tmp is not a group directory; ignoring it. 
2023-12-26 17:42:28,118 [main] INFO  replication.ReplicationServer (ReplicationServer.java:<init>(85)) - Initializing replication server with thread count = 10 queue length = 4096
2023-12-26 17:42:28,119 [main] INFO  server.XceiverServerGrpc (XceiverServerGrpc.java:<init>(141)) - GrpcServer channel type EpollServerSocketChannel
2023-12-26 17:42:28,121 [main] INFO  replication.ReplicationSupervisor (ReplicationSupervisor.java:build(163)) - Initializing replication supervisor with thread count = 10
2023-12-26 17:42:28,121 [main] INFO  replication.ReplicationSupervisor (ReplicationSupervisor.java:nodeStateUpdated(317)) - Node state updated to IN_SERVICE, scaling executor pool size to 10
2023-12-26 17:42:28,123 [main] INFO  http.BaseHttpServer (BaseHttpServer.java:newHttpServer2BuilderForOzone(223)) - Starting Web-server for hddsDatanode at: http://0.0.0.0:15098
2023-12-26 17:42:28,123 [main] INFO  http.BaseHttpServer (BaseHttpServer.java:<init>(110)) - Hadoop Security Enabled: false Ozone Security Enabled: false Ozone HTTP Security Enabled: false 
2023-12-26 17:42:28,124 [main] WARN  server.AuthenticationFilter (AuthenticationFilter.java:constructSecretProvider(240)) - Unable to initialize FileSignerSecretProvider, falling back to use random secrets. Reason: Could not read signature secret file: /home/runner/hadoop-http-auth-signature-secret
2023-12-26 17:42:28,125 [main] INFO  http.HttpRequestLog (HttpRequestLog.java:getRequestLog(86)) - Http request log for http.requests.hddsDatanode is not defined
2023-12-26 17:42:28,126 [main] INFO  http.HttpServer2 (HttpServer2.java:addGlobalFilter(1036)) - Added global filter 'safety' (class=org.apache.hadoop.hdds.server.http.HttpServer2$QuotingInputFilter)
2023-12-26 17:42:28,127 [main] INFO  http.HttpServer2 (HttpServer2.java:addFilter(1012)) - Added filter static_user_filter (class=org.apache.hadoop.http.lib.StaticUserWebFilter$StaticUserFilter) to context hddsDatanode
2023-12-26 17:42:28,127 [main] INFO  http.HttpServer2 (HttpServer2.java:addFilter(1020)) - Added filter static_user_filter (class=org.apache.hadoop.http.lib.StaticUserWebFilter$StaticUserFilter) to context logs
2023-12-26 17:42:28,127 [main] INFO  http.HttpServer2 (HttpServer2.java:addFilter(1020)) - Added filter static_user_filter (class=org.apache.hadoop.http.lib.StaticUserWebFilter$StaticUserFilter) to context static
2023-12-26 17:42:28,128 [main] INFO  http.BaseHttpServer (BaseHttpServer.java:<init>(189)) - HTTP server of hddsDatanode uses base directory /home/runner/work/ozone/ozone/hadoop-ozone/integration-test/target/test-dir/MiniOzoneClusterImpl-c07e4b46-e5c7-4260-9d08-acd32f4d7801/datanode-0/meta/webserver
2023-12-26 17:42:28,128 [main] INFO  http.HttpServer2 (HttpServer2.java:bindListener(1236)) - Jetty bound to port 15098
2023-12-26 17:42:28,128 [main] INFO  server.Server (Server.java:doStart(375)) - jetty-9.4.53.v20231009; built: 2023-10-09T12:29:09.265Z; git: 27bde00a0b95a1d5bbee0eae7984f891d2d0f8c9; jvm 1.8.0_392-b08
2023-12-26 17:42:28,129 [main] INFO  server.session (DefaultSessionIdManager.java:doStart(334)) - DefaultSessionIdManager workerName=node0
2023-12-26 17:42:28,129 [main] INFO  server.session (DefaultSessionIdManager.java:doStart(339)) - No SessionScavenger set, using defaults
2023-12-26 17:42:28,130 [main] INFO  server.session (HouseKeeper.java:startScavenging(132)) - node0 Scavenging every 600000ms
2023-12-26 17:42:28,130 [main] INFO  handler.ContextHandler (ContextHandler.java:doStart(921)) - Started o.e.j.s.ServletContextHandler@17561bba{logs,/logs,file:///home/runner/work/ozone/ozone/hadoop-ozone/integration-test/target/log,AVAILABLE}
2023-12-26 17:42:28,131 [main] INFO  handler.ContextHandler (ContextHandler.java:doStart(921)) - Started o.e.j.s.ServletContextHandler@4108da27{static,/static,jar:file:/home/runner/.m2/repository/org/apache/ozone/hdds-container-service/1.5.0-SNAPSHOT/hdds-container-service-1.5.0-SNAPSHOT.jar!/webapps/static,AVAILABLE}
2023-12-26 17:42:28,163 [main] INFO  handler.ContextHandler (ContextHandler.java:doStart(921)) - Started o.e.j.w.WebAppContext@4b877b7b{hddsDatanode,/,file:///home/runner/work/ozone/ozone/hadoop-ozone/integration-test/target/test-dir/MiniOzoneClusterImpl-c07e4b46-e5c7-4260-9d08-acd32f4d7801/datanode-0/meta/webserver/jetty-0_0_0_0-15098-hdds-container-service-1_5_0-SNAPSHOT_jar-_-any-3230342521092221035/webapp/,AVAILABLE}{jar:file:/home/runner/.m2/repository/org/apache/ozone/hdds-container-service/1.5.0-SNAPSHOT/hdds-container-service-1.5.0-SNAPSHOT.jar!/webapps/hddsDatanode}
2023-12-26 17:42:28,168 [main] INFO  server.AbstractConnector (AbstractConnector.java:doStart(333)) - Started ServerConnector@1267947f{HTTP/1.1, (http/1.1)}{0.0.0.0:15098}
2023-12-26 17:42:28,168 [main] INFO  server.Server (Server.java:doStart(415)) - Started @45820ms
2023-12-26 17:42:28,168 [main] WARN  impl.MetricsSystemImpl (MetricsSystemImpl.java:register(279)) - Sink prometheus already exists!
2023-12-26 17:42:28,169 [main] INFO  http.BaseHttpServer (BaseHttpServer.java:updateConnectorAddress(354)) - HTTP server of hddsDatanode listening at http://0.0.0.0:15098
2023-12-26 17:42:28,169 [main] INFO  ipc.CallQueueManager (CallQueueManager.java:<init>(90)) - Using callQueue: class java.util.concurrent.LinkedBlockingQueue, queueCapacity: 100, scheduler: class org.apache.hadoop.ipc.DefaultRpcScheduler, ipcBackoff: false.
2023-12-26 17:42:28,170 [main] INFO  ipc.Server (Server.java:<init>(1287)) - Listener at 0.0.0.0:15099
2023-12-26 17:42:28,170 [Socket Reader #1 for port 15099] INFO  ipc.Server (Server.java:run(1323)) - Starting Socket Reader #1 for port 15099
2023-12-26 17:42:28,172 [main] INFO  ozone.HddsDatanodeService (HddsDatanodeService.java:start(324)) - Datanode start with admins: [runner]
2023-12-26 17:42:28,172 [main] INFO  ozone.HddsDatanodeClientProtocolServer (HddsDatanodeClientProtocolServer.java:start(72)) - RPC server for Client /0.0.0.0:15099
2023-12-26 17:42:28,172 [IPC Server Responder] INFO  ipc.Server (Server.java:run(1562)) - IPC Server Responder: starting
2023-12-26 17:42:28,173 [IPC Server listener on 15099] INFO  ipc.Server (Server.java:run(1402)) - IPC Server listener on 15099: starting
2023-12-26 17:42:28,173 [main] WARN  dropwizard3.Dm3MetricRegistriesImpl (Dm3MetricRegistriesImpl.java:addReporterRegistration(113)) - New reporters are added after registries were created. Some metrics will be missing from the reporter. Please add reporter before adding any new registry.
2023-12-26 17:42:28,174 [main] WARN  dropwizard3.Dm3MetricRegistriesImpl (Dm3MetricRegistriesImpl.java:addReporterRegistration(113)) - New reporters are added after registries were created. Some metrics will be missing from the reporter. Please add reporter before adding any new registry.
2023-12-26 17:42:28,173 [3ed52e39-5430-4c2b-aae2-f3d378827451-DatanodeStateMachineDaemonThread] INFO  statemachine.DatanodeStateMachine (DatanodeStateMachine.java:lambda$startDaemon$1(555)) - Ozone container server started.
2023-12-26 17:42:28,174 [main] INFO  impl.MetricsSystemImpl (MetricsSystemImpl.java:init(158)) - HddsDatanode metrics system started (again)
2023-12-26 17:42:28,180 [3ed52e39-5430-4c2b-aae2-f3d378827451-DatanodeStateMachineTaskThread-0] INFO  datanode.InitDatanodeState (InitDatanodeState.java:persistContainerDatanodeDetails(139)) - DatanodeDetails is persisted to /home/runner/work/ozone/ozone/hadoop-ozone/integration-test/target/test-dir/MiniOzoneClusterImpl-c07e4b46-e5c7-4260-9d08-acd32f4d7801/datanode-0/meta/datanode.id
2023-12-26 17:42:28,183 [main] INFO  ozone.HddsDatanodeService (HddsDatanodeService.java:start(239)) - HddsDatanodeService host:fv-az1381-115 ip:10.1.0.4
2023-12-26 17:42:28,205 [main] INFO  upgrade.AbstractLayoutVersionManager (AbstractLayoutVersionManager.java:init(83)) - Initializing Layout version manager with metadata layout = HADOOP_PRC_PORTS_IN_DATANODEDETAILS (version = 7), software layout = HADOOP_PRC_PORTS_IN_DATANODEDETAILS (version = 7)
2023-12-26 17:42:28,205 [main] INFO  statemachine.DatanodeStateMachine (DatanodeStateMachine.java:getEndPointTaskThreadPoolSize(299)) - Datanode State Machine Task Thread Pool size 2
2023-12-26 17:42:28,207 [main] ERROR lib.MethodMetric (MethodMetric.java:snapshot(117)) - Error invoking method getCommitted
java.lang.reflect.InvocationTargetException
	at sun.reflect.GeneratedMethodAccessor85.invoke(Unknown Source)
	at sun.reflect.DelegatingMethodAccessorImpl.invoke(DelegatingMethodAccessorImpl.java:43)
	at java.lang.reflect.Method.invoke(Method.java:498)
	at org.apache.hadoop.metrics2.lib.MethodMetric$2.snapshot(MethodMetric.java:111)
	at org.apache.hadoop.metrics2.lib.MethodMetric.snapshot(MethodMetric.java:142)
	at org.apache.hadoop.metrics2.lib.MetricsRegistry.snapshot(MetricsRegistry.java:447)
	at org.apache.hadoop.metrics2.lib.MetricsSourceBuilder$1.getMetrics(MetricsSourceBuilder.java:89)
	at org.apache.hadoop.metrics2.impl.MetricsSourceAdapter.getMetrics(MetricsSourceAdapter.java:200)
	at org.apache.hadoop.metrics2.impl.MetricsSourceAdapter.updateJmxCache(MetricsSourceAdapter.java:183)
	at org.apache.hadoop.metrics2.impl.MetricsSourceAdapter.getMBeanInfo(MetricsSourceAdapter.java:156)
	at com.sun.jmx.interceptor.DefaultMBeanServerInterceptor.getNewMBeanClassName(DefaultMBeanServerInterceptor.java:333)
	at com.sun.jmx.interceptor.DefaultMBeanServerInterceptor.registerMBean(DefaultMBeanServerInterceptor.java:319)
	at com.sun.jmx.mbeanserver.JmxMBeanServer.registerMBean(JmxMBeanServer.java:522)
	at org.apache.hadoop.metrics2.util.MBeans.register(MBeans.java:100)
	at org.apache.hadoop.metrics2.util.MBeans.register(MBeans.java:73)
	at org.apache.hadoop.metrics2.impl.MetricsSourceAdapter.startMBeans(MetricsSourceAdapter.java:222)
	at org.apache.hadoop.metrics2.impl.MetricsSourceAdapter.start(MetricsSourceAdapter.java:101)
	at org.apache.hadoop.metrics2.impl.MetricsSystemImpl.registerSource(MetricsSystemImpl.java:268)
	at org.apache.hadoop.metrics2.impl.MetricsSystemImpl.register(MetricsSystemImpl.java:233)
	at org.apache.hadoop.ozone.container.common.volume.VolumeInfoMetrics.init(VolumeInfoMetrics.java:50)
	at org.apache.hadoop.ozone.container.common.volume.VolumeInfoMetrics.<init>(VolumeInfoMetrics.java:45)
	at org.apache.hadoop.ozone.container.common.volume.HddsVolume.<init>(HddsVolume.java:123)
	at org.apache.hadoop.ozone.container.common.volume.HddsVolume.<init>(HddsVolume.java:71)
	at org.apache.hadoop.ozone.container.common.volume.HddsVolume$Builder.build(HddsVolume.java:111)
	at org.apache.hadoop.ozone.container.common.volume.HddsVolumeFactory.createVolume(HddsVolumeFactory.java:48)
	at org.apache.hadoop.ozone.container.common.volume.MutableVolumeSet.initializeVolumeSet(MutableVolumeSet.java:170)
	at org.apache.hadoop.ozone.container.common.volume.MutableVolumeSet.<init>(MutableVolumeSet.java:132)
	at org.apache.hadoop.ozone.container.common.volume.MutableVolumeSet.<init>(MutableVolumeSet.java:96)
	at org.apache.hadoop.ozone.container.ozoneimpl.OzoneContainer.<init>(OzoneContainer.java:149)
	at org.apache.hadoop.ozone.container.common.statemachine.DatanodeStateMachine.<init>(DatanodeStateMachine.java:186)
	at org.apache.hadoop.ozone.HddsDatanodeService.start(HddsDatanodeService.java:296)
	at org.apache.hadoop.ozone.MiniOzoneClusterImpl.startHddsDatanode(MiniOzoneClusterImpl.java:489)
	at java.util.ArrayList.forEach(ArrayList.java:1259)
	at org.apache.hadoop.ozone.MiniOzoneClusterImpl.startHddsDatanodes(MiniOzoneClusterImpl.java:497)
	at org.apache.hadoop.ozone.MiniOzoneClusterImpl$Builder.build(MiniOzoneClusterImpl.java:627)
	at org.apache.hadoop.ozone.client.rpc.TestWatchForCommit.init(TestWatchForCommit.java:149)
	at sun.reflect.NativeMethodAccessorImpl.invoke0(Native Method)
	at sun.reflect.NativeMethodAccessorImpl.invoke(NativeMethodAccessorImpl.java:62)
	at sun.reflect.DelegatingMethodAccessorImpl.invoke(DelegatingMethodAccessorImpl.java:43)
	at java.lang.reflect.Method.invoke(Method.java:498)
	at org.junit.platform.commons.util.ReflectionUtils.invokeMethod(ReflectionUtils.java:728)
	at org.junit.jupiter.engine.execution.MethodInvocation.proceed(MethodInvocation.java:60)
	at org.junit.jupiter.engine.execution.InvocationInterceptorChain$ValidatingInvocation.proceed(InvocationInterceptorChain.java:131)
	at org.junit.jupiter.engine.extension.TimeoutExtension.intercept(TimeoutExtension.java:156)
	at org.junit.jupiter.engine.extension.TimeoutExtension.interceptLifecycleMethod(TimeoutExtension.java:128)
	at org.junit.jupiter.engine.extension.TimeoutExtension.interceptBeforeEachMethod(TimeoutExtension.java:78)
	at org.junit.jupiter.engine.execution.InterceptingExecutableInvoker$ReflectiveInterceptorCall.lambda$ofVoidMethod$0(InterceptingExecutableInvoker.java:103)
	at org.junit.jupiter.engine.execution.InterceptingExecutableInvoker.lambda$invoke$0(InterceptingExecutableInvoker.java:93)
	at org.junit.jupiter.engine.execution.InvocationInterceptorChain$InterceptedInvocation.proceed(InvocationInterceptorChain.java:106)
	at org.junit.jupiter.engine.execution.InvocationInterceptorChain.proceed(InvocationInterceptorChain.java:64)
	at org.junit.jupiter.engine.execution.InvocationInterceptorChain.chainAndInvoke(InvocationInterceptorChain.java:45)
	at org.junit.jupiter.engine.execution.InvocationInterceptorChain.invoke(InvocationInterceptorChain.java:37)
	at org.junit.jupiter.engine.execution.InterceptingExecutableInvoker.invoke(InterceptingExecutableInvoker.java:92)
	at org.junit.jupiter.engine.execution.InterceptingExecutableInvoker.invoke(InterceptingExecutableInvoker.java:86)
	at org.junit.jupiter.engine.descriptor.ClassBasedTestDescriptor.invokeMethodInExtensionContext(ClassBasedTestDescriptor.java:521)
	at org.junit.jupiter.engine.descriptor.ClassBasedTestDescriptor.lambda$synthesizeBeforeEachMethodAdapter$23(ClassBasedTestDescriptor.java:506)
	at org.junit.jupiter.engine.descriptor.TestMethodTestDescriptor.lambda$invokeBeforeEachMethods$3(TestMethodTestDescriptor.java:175)
	at org.junit.jupiter.engine.descriptor.TestMethodTestDescriptor.lambda$invokeBeforeMethodsOrCallbacksUntilExceptionOccurs$6(TestMethodTestDescriptor.java:203)
	at org.junit.platform.engine.support.hierarchical.ThrowableCollector.execute(ThrowableCollector.java:73)
	at org.junit.jupiter.engine.descriptor.TestMethodTestDescriptor.invokeBeforeMethodsOrCallbacksUntilExceptionOccurs(TestMethodTestDescriptor.java:203)
	at org.junit.jupiter.engine.descriptor.TestMethodTestDescriptor.invokeBeforeEachMethods(TestMethodTestDescriptor.java:172)
	at org.junit.jupiter.engine.descriptor.TestMethodTestDescriptor.execute(TestMethodTestDescriptor.java:135)
	at org.junit.jupiter.engine.descriptor.TestMethodTestDescriptor.execute(TestMethodTestDescriptor.java:69)
	at org.junit.platform.engine.support.hierarchical.NodeTestTask.lambda$executeRecursively$6(NodeTestTask.java:151)
	at org.junit.platform.engine.support.hierarchical.ThrowableCollector.execute(ThrowableCollector.java:73)
	at org.junit.platform.engine.support.hierarchical.NodeTestTask.lambda$executeRecursively$8(NodeTestTask.java:141)
	at org.junit.platform.engine.support.hierarchical.Node.around(Node.java:137)
	at org.junit.platform.engine.support.hierarchical.NodeTestTask.lambda$executeRecursively$9(NodeTestTask.java:139)
	at org.junit.platform.engine.support.hierarchical.ThrowableCollector.execute(ThrowableCollector.java:73)
	at org.junit.platform.engine.support.hierarchical.NodeTestTask.executeRecursively(NodeTestTask.java:138)
	at org.junit.platform.engine.support.hierarchical.NodeTestTask.execute(NodeTestTask.java:95)
	at java.util.ArrayList.forEach(ArrayList.java:1259)
	at org.junit.platform.engine.support.hierarchical.SameThreadHierarchicalTestExecutorService.invokeAll(SameThreadHierarchicalTestExecutorService.java:41)
	at org.junit.platform.engine.support.hierarchical.NodeTestTask.lambda$executeRecursively$6(NodeTestTask.java:155)
	at org.junit.platform.engine.support.hierarchical.ThrowableCollector.execute(ThrowableCollector.java:73)
	at org.junit.platform.engine.support.hierarchical.NodeTestTask.lambda$executeRecursively$8(NodeTestTask.java:141)
	at org.junit.platform.engine.support.hierarchical.Node.around(Node.java:137)
	at org.junit.platform.engine.support.hierarchical.NodeTestTask.lambda$executeRecursively$9(NodeTestTask.java:139)
	at org.junit.platform.engine.support.hierarchical.ThrowableCollector.execute(ThrowableCollector.java:73)
	at org.junit.platform.engine.support.hierarchical.NodeTestTask.executeRecursively(NodeTestTask.java:138)
	at org.junit.platform.engine.support.hierarchical.NodeTestTask.execute(NodeTestTask.java:95)
	at java.util.ArrayList.forEach(ArrayList.java:1259)
	at org.junit.platform.engine.support.hierarchical.SameThreadHierarchicalTestExecutorService.invokeAll(SameThreadHierarchicalTestExecutorService.java:41)
	at org.junit.platform.engine.support.hierarchical.NodeTestTask.lambda$executeRecursively$6(NodeTestTask.java:155)
	at org.junit.platform.engine.support.hierarchical.ThrowableCollector.execute(ThrowableCollector.java:73)
	at org.junit.platform.engine.support.hierarchical.NodeTestTask.lambda$executeRecursively$8(NodeTestTask.java:141)
	at org.junit.platform.engine.support.hierarchical.Node.around(Node.java:137)
	at org.junit.platform.engine.support.hierarchical.NodeTestTask.lambda$executeRecursively$9(NodeTestTask.java:139)
	at org.junit.platform.engine.support.hierarchical.ThrowableCollector.execute(ThrowableCollector.java:73)
	at org.junit.platform.engine.support.hierarchical.NodeTestTask.executeRecursively(NodeTestTask.java:138)
	at org.junit.platform.engine.support.hierarchical.NodeTestTask.execute(NodeTestTask.java:95)
	at org.junit.platform.engine.support.hierarchical.SameThreadHierarchicalTestExecutorService.submit(SameThreadHierarchicalTestExecutorService.java:35)
	at org.junit.platform.engine.support.hierarchical.HierarchicalTestExecutor.execute(HierarchicalTestExecutor.java:57)
	at org.junit.platform.engine.support.hierarchical.HierarchicalTestEngine.execute(HierarchicalTestEngine.java:54)
	at org.junit.platform.launcher.core.EngineExecutionOrchestrator.execute(EngineExecutionOrchestrator.java:198)
	at org.junit.platform.launcher.core.EngineExecutionOrchestrator.execute(EngineExecutionOrchestrator.java:169)
	at org.junit.platform.launcher.core.EngineExecutionOrchestrator.execute(EngineExecutionOrchestrator.java:93)
	at org.junit.platform.launcher.core.EngineExecutionOrchestrator.lambda$execute$0(EngineExecutionOrchestrator.java:58)
	at org.junit.platform.launcher.core.EngineExecutionOrchestrator.withInterceptedStreams(EngineExecutionOrchestrator.java:141)
	at org.junit.platform.launcher.core.EngineExecutionOrchestrator.execute(EngineExecutionOrchestrator.java:57)
	at org.junit.platform.launcher.core.DefaultLauncher.execute(DefaultLauncher.java:103)
	at org.junit.platform.launcher.core.DefaultLauncher.execute(DefaultLauncher.java:85)
	at org.junit.platform.launcher.core.DelegatingLauncher.execute(DelegatingLauncher.java:47)
	at org.apache.maven.surefire.junitplatform.LazyLauncher.execute(LazyLauncher.java:56)
	at org.apache.maven.surefire.junitplatform.JUnitPlatformProvider.execute(JUnitPlatformProvider.java:184)
	at org.apache.maven.surefire.junitplatform.JUnitPlatformProvider.invokeAllTests(JUnitPlatformProvider.java:148)
	at org.apache.maven.surefire.junitplatform.JUnitPlatformProvider.invoke(JUnitPlatformProvider.java:120)
	at org.apache.maven.surefire.booter.ForkedBooter.runSuitesInProcess(ForkedBooter.java:385)
	at org.apache.maven.surefire.booter.ForkedBooter.execute(ForkedBooter.java:162)
	at org.apache.maven.surefire.booter.ForkedBooter.run(ForkedBooter.java:507)
	at org.apache.maven.surefire.booter.ForkedBooter.main(ForkedBooter.java:495)
Caused by: java.lang.NullPointerException
	at org.apache.hadoop.ozone.container.common.volume.HddsVolume.getCommittedBytes(HddsVolume.java:303)
	at org.apache.hadoop.ozone.container.common.volume.VolumeInfoMetrics.getCommitted(VolumeInfoMetrics.java:147)
	... 111 more
2023-12-26 17:42:28,208 [main] INFO  volume.HddsVolume (HddsVolume.java:<init>(126)) - Creating HddsVolume: /home/runner/work/ozone/ozone/hadoop-ozone/integration-test/target/test-dir/MiniOzoneClusterImpl-c07e4b46-e5c7-4260-9d08-acd32f4d7801/datanode-1/data-0/containers/hdds of storage type : DISK capacity : 9223372036854775807
2023-12-26 17:42:28,208 [main] INFO  volume.MutableVolumeSet (MutableVolumeSet.java:initializeVolumeSet(173)) - Added Volume : /home/runner/work/ozone/ozone/hadoop-ozone/integration-test/target/test-dir/MiniOzoneClusterImpl-c07e4b46-e5c7-4260-9d08-acd32f4d7801/datanode-1/data-0/containers/hdds to VolumeSet
2023-12-26 17:42:28,209 [main] INFO  volume.MutableVolumeSet (MutableVolumeSet.java:initializeVolumeSet(173)) - Added Volume : /home/runner/work/ozone/ozone/hadoop-ozone/integration-test/target/test-dir/MiniOzoneClusterImpl-c07e4b46-e5c7-4260-9d08-acd32f4d7801/datanode-1/data/ratis to VolumeSet
2023-12-26 17:42:28,209 [main] INFO  ozoneimpl.OzoneContainer (HddsVolumeUtil.java:loadAllHddsVolumeDbStore(103)) - Load 1 volumes DbStore cost: 0ms
2023-12-26 17:42:28,210 [b6016524-e859-4a78-8386-89e80bc47383-ContainerReader-0] INFO  ozoneimpl.ContainerReader (ContainerReader.java:readVolume(178)) - Finish verifying containers on volume /home/runner/work/ozone/ozone/hadoop-ozone/integration-test/target/test-dir/MiniOzoneClusterImpl-c07e4b46-e5c7-4260-9d08-acd32f4d7801/datanode-1/data-0/containers/hdds
2023-12-26 17:42:28,210 [main] INFO  ozoneimpl.OzoneContainer (OzoneContainer.java:buildContainerSet(326)) - Build ContainerSet costs 0s
2023-12-26 17:42:28,212 [main] INFO  server.RaftServer (ConfUtils.java:logGet(46)) - raft.rpc.type = GRPC (default)
2023-12-26 17:42:28,212 [main] INFO  grpc.GrpcConfigKeys (ConfUtils.java:logFallback(53)) - raft.grpc.admin.host = null (fallback to raft.grpc.server.host)
2023-12-26 17:42:28,212 [main] INFO  grpc.GrpcConfigKeys (ConfUtils.java:logGet(46)) - raft.grpc.admin.port = 15111 (custom)
2023-12-26 17:42:28,212 [main] INFO  grpc.GrpcConfigKeys (ConfUtils.java:logFallback(53)) - raft.grpc.client.host = null (fallback to raft.grpc.server.host)
2023-12-26 17:42:28,213 [main] INFO  grpc.GrpcConfigKeys (ConfUtils.java:logGet(46)) - raft.grpc.client.port = 15110 (custom)
2023-12-26 17:42:28,213 [main] INFO  grpc.GrpcConfigKeys (ConfUtils.java:logGet(46)) - raft.grpc.server.host = null (default)
2023-12-26 17:42:28,213 [main] INFO  grpc.GrpcConfigKeys (ConfUtils.java:logGet(46)) - raft.grpc.server.port = 15112 (custom)
2023-12-26 17:42:28,213 [main] INFO  server.GrpcService (ConfUtils.java:logGet(46)) - raft.grpc.message.size.max = 32MB (=33554432) (custom)
2023-12-26 17:42:28,213 [main] INFO  server.RaftServerConfigKeys (ConfUtils.java:logGet(46)) - raft.server.log.appender.buffer.byte-limit = 8388608 (custom)
2023-12-26 17:42:28,213 [main] INFO  server.GrpcService (ConfUtils.java:logGet(46)) - raft.grpc.flow.control.window = 5MB (=5242880) (custom)
2023-12-26 17:42:28,214 [main] INFO  server.RaftServerConfigKeys (ConfUtils.java:logGet(46)) - raft.server.rpc.request.timeout = 3000ms (default)
2023-12-26 17:42:28,214 [main] INFO  grpc.GrpcConfigKeys (ConfUtils.java:logGet(46)) - raft.grpc.server.heartbeat.channel = true (default)
2023-12-26 17:42:28,214 [main] INFO  grpc.GrpcConfigKeys (ConfUtils.java:logGet(46)) - raft.grpc.server.async.request.thread.pool.cached = true (default)
2023-12-26 17:42:28,214 [main] INFO  grpc.GrpcConfigKeys (ConfUtils.java:logGet(46)) - raft.grpc.server.async.request.thread.pool.size = 32 (default)
2023-12-26 17:42:28,216 [main] INFO  impl.DataStreamServerImpl (ConfUtils.java:logGet(46)) - raft.datastream.type = NETTY (custom)
2023-12-26 17:42:28,216 [main] INFO  server.RaftServerConfigKeys (ConfUtils.java:logGet(46)) - raft.server.data-stream.async.request.thread.pool.cached = false (default)
2023-12-26 17:42:28,216 [main] INFO  server.RaftServerConfigKeys (ConfUtils.java:logGet(46)) - raft.server.data-stream.async.request.thread.pool.size = 20 (custom)
2023-12-26 17:42:28,216 [main] INFO  server.RaftServerConfigKeys (ConfUtils.java:logGet(46)) - raft.server.data-stream.async.write.thread.pool.size = 16 (default)
2023-12-26 17:42:28,216 [main] INFO  netty.NettyConfigKeys$DataStream (ConfUtils.java:logGet(46)) - raft.netty.dataStream.server.channel.inactive.grace-period = 10min (default)
2023-12-26 17:42:28,217 [main] INFO  server.RaftServerConfigKeys (ConfUtils.java:logGet(46)) - raft.server.data-stream.client.pool.size = 10 (default)
2023-12-26 17:42:28,217 [main] INFO  netty.NettyConfigKeys$DataStream (ConfUtils.java:logGet(46)) - raft.netty.dataStream.server.use-epoll = true (default)
2023-12-26 17:42:28,217 [main] INFO  netty.NettyConfigKeys$DataStream (ConfUtils.java:logGet(46)) - raft.netty.dataStream.server.boss-group.size = 0 (default)
2023-12-26 17:42:28,217 [main] INFO  netty.NettyUtils (NettyUtils.java:newEventLoopGroup(69)) - Create EpollEventLoopGroup for b6016524-e859-4a78-8386-89e80bc47383-NettyServerStreamRpc-bossGroup; Thread size is 0.
2023-12-26 17:42:28,217 [main] INFO  netty.NettyConfigKeys$DataStream (ConfUtils.java:logGet(46)) - raft.netty.dataStream.server.worker-group.size = 0 (default)
2023-12-26 17:42:28,217 [main] INFO  netty.NettyUtils (NettyUtils.java:newEventLoopGroup(69)) - Create EpollEventLoopGroup for b6016524-e859-4a78-8386-89e80bc47383-NettyServerStreamRpc-workerGroup; Thread size is 0.
2023-12-26 17:42:28,218 [main] INFO  netty.NettyConfigKeys$DataStream (ConfUtils.java:logGet(46)) - raft.netty.dataStream.server.tls.conf = null (default)
2023-12-26 17:42:28,218 [main] INFO  netty.NettyConfigKeys$DataStream (ConfUtils.java:logGet(46)) - raft.netty.dataStream.host = null (default)
2023-12-26 17:42:28,218 [main] INFO  netty.NettyConfigKeys$DataStream (ConfUtils.java:logGet(46)) - raft.netty.dataStream.port = 15113 (custom)
2023-12-26 17:42:28,219 [main] INFO  server.RaftServerConfigKeys (ConfUtils.java:logGet(46)) - raft.server.sleep.deviation.threshold = 300ms (default)
2023-12-26 17:42:28,219 [main] INFO  server.RaftServerConfigKeys (ConfUtils.java:logGet(46)) - raft.server.close.threshold = 60s (default)
2023-12-26 17:42:28,219 [b6016524-e859-4a78-8386-89e80bc47383-NettyServerStreamRpc-bossGroup--thread1] INFO  logging.LoggingHandler (AbstractInternalLogger.java:log(148)) - [id: 0x1326628b] REGISTERED
2023-12-26 17:42:28,219 [main] INFO  server.RaftServerConfigKeys (ConfUtils.java:logGet(46)) - raft.server.leaderelection.leader.step-down.wait-time = 10s (default)
2023-12-26 17:42:28,219 [b6016524-e859-4a78-8386-89e80bc47383-NettyServerStreamRpc-bossGroup--thread1] INFO  logging.LoggingHandler (AbstractInternalLogger.java:log(148)) - [id: 0x1326628b] BIND: 0.0.0.0/0.0.0.0:15113
2023-12-26 17:42:28,219 [main] INFO  server.RaftServerConfigKeys (ConfUtils.java:logGet(46)) - raft.server.storage.dir = [/home/runner/work/ozone/ozone/hadoop-ozone/integration-test/target/test-dir/MiniOzoneClusterImpl-c07e4b46-e5c7-4260-9d08-acd32f4d7801/datanode-1/data/ratis] (custom)
2023-12-26 17:42:28,219 [b6016524-e859-4a78-8386-89e80bc47383-NettyServerStreamRpc-bossGroup--thread1] INFO  logging.LoggingHandler (AbstractInternalLogger.java:log(148)) - [id: 0x1326628b, L:/0.0.0.0:15113] ACTIVE
2023-12-26 17:42:28,220 [main] INFO  server.RaftServerConfigKeys (ConfUtils.java:logGet(46)) - raft.server.threadpool.proxy.cached = true (default)
2023-12-26 17:42:28,220 [main] INFO  server.RaftServerConfigKeys (ConfUtils.java:logGet(46)) - raft.server.threadpool.proxy.size = 0 (default)
2023-12-26 17:42:28,220 [b6016524-e859-4a78-8386-89e80bc47383-impl-thread1] INFO  server.RaftServer (RaftServerProxy.java:initGroupDir(264)) - b6016524-e859-4a78-8386-89e80bc47383: found a subdirectory /home/runner/work/ozone/ozone/hadoop-ozone/integration-test/target/test-dir/MiniOzoneClusterImpl-c07e4b46-e5c7-4260-9d08-acd32f4d7801/datanode-1/data/ratis/tmp
2023-12-26 17:42:28,220 [b6016524-e859-4a78-8386-89e80bc47383-impl-thread1] INFO  server.RaftServer (RaftServerProxy.java:initGroupDir(269)) - b6016524-e859-4a78-8386-89e80bc47383: The directory /home/runner/work/ozone/ozone/hadoop-ozone/integration-test/target/test-dir/MiniOzoneClusterImpl-c07e4b46-e5c7-4260-9d08-acd32f4d7801/datanode-1/data/ratis/tmp is not a group directory; ignoring it. 
2023-12-26 17:42:28,221 [main] INFO  replication.ReplicationServer (ReplicationServer.java:<init>(85)) - Initializing replication server with thread count = 10 queue length = 4096
2023-12-26 17:42:28,221 [main] INFO  server.XceiverServerGrpc (XceiverServerGrpc.java:<init>(141)) - GrpcServer channel type EpollServerSocketChannel
2023-12-26 17:42:28,223 [main] INFO  replication.ReplicationSupervisor (ReplicationSupervisor.java:build(163)) - Initializing replication supervisor with thread count = 10
2023-12-26 17:42:28,223 [main] INFO  replication.ReplicationSupervisor (ReplicationSupervisor.java:nodeStateUpdated(317)) - Node state updated to IN_SERVICE, scaling executor pool size to 10
2023-12-26 17:42:28,225 [main] INFO  http.BaseHttpServer (BaseHttpServer.java:newHttpServer2BuilderForOzone(223)) - Starting Web-server for hddsDatanode at: http://0.0.0.0:15107
2023-12-26 17:42:28,225 [main] INFO  http.BaseHttpServer (BaseHttpServer.java:<init>(110)) - Hadoop Security Enabled: false Ozone Security Enabled: false Ozone HTTP Security Enabled: false 
2023-12-26 17:42:28,226 [main] WARN  server.AuthenticationFilter (AuthenticationFilter.java:constructSecretProvider(240)) - Unable to initialize FileSignerSecretProvider, falling back to use random secrets. Reason: Could not read signature secret file: /home/runner/hadoop-http-auth-signature-secret
2023-12-26 17:42:28,226 [main] INFO  http.HttpRequestLog (HttpRequestLog.java:getRequestLog(86)) - Http request log for http.requests.hddsDatanode is not defined
2023-12-26 17:42:28,227 [main] INFO  http.HttpServer2 (HttpServer2.java:addGlobalFilter(1036)) - Added global filter 'safety' (class=org.apache.hadoop.hdds.server.http.HttpServer2$QuotingInputFilter)
2023-12-26 17:42:28,228 [main] INFO  http.HttpServer2 (HttpServer2.java:addFilter(1012)) - Added filter static_user_filter (class=org.apache.hadoop.http.lib.StaticUserWebFilter$StaticUserFilter) to context hddsDatanode
2023-12-26 17:42:28,228 [main] INFO  http.HttpServer2 (HttpServer2.java:addFilter(1020)) - Added filter static_user_filter (class=org.apache.hadoop.http.lib.StaticUserWebFilter$StaticUserFilter) to context logs
2023-12-26 17:42:28,228 [main] INFO  http.HttpServer2 (HttpServer2.java:addFilter(1020)) - Added filter static_user_filter (class=org.apache.hadoop.http.lib.StaticUserWebFilter$StaticUserFilter) to context static
2023-12-26 17:42:28,229 [main] INFO  http.BaseHttpServer (BaseHttpServer.java:<init>(189)) - HTTP server of hddsDatanode uses base directory /home/runner/work/ozone/ozone/hadoop-ozone/integration-test/target/test-dir/MiniOzoneClusterImpl-c07e4b46-e5c7-4260-9d08-acd32f4d7801/datanode-1/meta/webserver
2023-12-26 17:42:28,229 [main] INFO  http.HttpServer2 (HttpServer2.java:bindListener(1236)) - Jetty bound to port 15107
2023-12-26 17:42:28,229 [main] INFO  server.Server (Server.java:doStart(375)) - jetty-9.4.53.v20231009; built: 2023-10-09T12:29:09.265Z; git: 27bde00a0b95a1d5bbee0eae7984f891d2d0f8c9; jvm 1.8.0_392-b08
2023-12-26 17:42:28,230 [main] INFO  server.session (DefaultSessionIdManager.java:doStart(334)) - DefaultSessionIdManager workerName=node0
2023-12-26 17:42:28,230 [main] INFO  server.session (DefaultSessionIdManager.java:doStart(339)) - No SessionScavenger set, using defaults
2023-12-26 17:42:28,230 [main] INFO  server.session (HouseKeeper.java:startScavenging(132)) - node0 Scavenging every 660000ms
2023-12-26 17:42:28,231 [main] INFO  handler.ContextHandler (ContextHandler.java:doStart(921)) - Started o.e.j.s.ServletContextHandler@3c07a9f1{logs,/logs,file:///home/runner/work/ozone/ozone/hadoop-ozone/integration-test/target/log,AVAILABLE}
2023-12-26 17:42:28,231 [main] INFO  handler.ContextHandler (ContextHandler.java:doStart(921)) - Started o.e.j.s.ServletContextHandler@a240992{static,/static,jar:file:/home/runner/.m2/repository/org/apache/ozone/hdds-container-service/1.5.0-SNAPSHOT/hdds-container-service-1.5.0-SNAPSHOT.jar!/webapps/static,AVAILABLE}
2023-12-26 17:42:28,265 [main] INFO  handler.ContextHandler (ContextHandler.java:doStart(921)) - Started o.e.j.w.WebAppContext@1052e74c{hddsDatanode,/,file:///home/runner/work/ozone/ozone/hadoop-ozone/integration-test/target/test-dir/MiniOzoneClusterImpl-c07e4b46-e5c7-4260-9d08-acd32f4d7801/datanode-1/meta/webserver/jetty-0_0_0_0-15107-hdds-container-service-1_5_0-SNAPSHOT_jar-_-any-1008770317059597448/webapp/,AVAILABLE}{jar:file:/home/runner/.m2/repository/org/apache/ozone/hdds-container-service/1.5.0-SNAPSHOT/hdds-container-service-1.5.0-SNAPSHOT.jar!/webapps/hddsDatanode}
2023-12-26 17:42:28,266 [main] INFO  server.AbstractConnector (AbstractConnector.java:doStart(333)) - Started ServerConnector@5f504ae6{HTTP/1.1, (http/1.1)}{0.0.0.0:15107}
2023-12-26 17:42:28,266 [main] INFO  server.Server (Server.java:doStart(415)) - Started @45919ms
2023-12-26 17:42:28,267 [main] WARN  impl.MetricsSystemImpl (MetricsSystemImpl.java:register(279)) - Sink prometheus already exists!
2023-12-26 17:42:28,267 [main] INFO  http.BaseHttpServer (BaseHttpServer.java:updateConnectorAddress(354)) - HTTP server of hddsDatanode listening at http://0.0.0.0:15107
2023-12-26 17:42:28,267 [main] INFO  ipc.CallQueueManager (CallQueueManager.java:<init>(90)) - Using callQueue: class java.util.concurrent.LinkedBlockingQueue, queueCapacity: 100, scheduler: class org.apache.hadoop.ipc.DefaultRpcScheduler, ipcBackoff: false.
2023-12-26 17:42:28,268 [main] INFO  ipc.Server (Server.java:<init>(1287)) - Listener at 0.0.0.0:15108
2023-12-26 17:42:28,268 [Socket Reader #1 for port 15108] INFO  ipc.Server (Server.java:run(1323)) - Starting Socket Reader #1 for port 15108
2023-12-26 17:42:28,269 [main] INFO  ozone.HddsDatanodeService (HddsDatanodeService.java:start(324)) - Datanode start with admins: [runner]
2023-12-26 17:42:28,269 [main] INFO  ozone.HddsDatanodeClientProtocolServer (HddsDatanodeClientProtocolServer.java:start(72)) - RPC server for Client /0.0.0.0:15108
2023-12-26 17:42:28,270 [IPC Server Responder] INFO  ipc.Server (Server.java:run(1562)) - IPC Server Responder: starting
2023-12-26 17:42:28,270 [IPC Server listener on 15108] INFO  ipc.Server (Server.java:run(1402)) - IPC Server listener on 15108: starting
2023-12-26 17:42:28,271 [main] WARN  dropwizard3.Dm3MetricRegistriesImpl (Dm3MetricRegistriesImpl.java:addReporterRegistration(113)) - New reporters are added after registries were created. Some metrics will be missing from the reporter. Please add reporter before adding any new registry.
2023-12-26 17:42:28,271 [main] WARN  dropwizard3.Dm3MetricRegistriesImpl (Dm3MetricRegistriesImpl.java:addReporterRegistration(113)) - New reporters are added after registries were created. Some metrics will be missing from the reporter. Please add reporter before adding any new registry.
2023-12-26 17:42:28,271 [main] INFO  impl.MetricsSystemImpl (MetricsSystemImpl.java:init(158)) - HddsDatanode metrics system started (again)
2023-12-26 17:42:28,271 [b6016524-e859-4a78-8386-89e80bc47383-DatanodeStateMachineDaemonThread] INFO  statemachine.DatanodeStateMachine (DatanodeStateMachine.java:lambda$startDaemon$1(555)) - Ozone container server started.
2023-12-26 17:42:28,281 [main] INFO  ozone.HddsDatanodeService (HddsDatanodeService.java:start(239)) - HddsDatanodeService host:fv-az1381-115 ip:10.1.0.4
2023-12-26 17:42:28,285 [b6016524-e859-4a78-8386-89e80bc47383-DatanodeStateMachineTaskThread-0] INFO  datanode.InitDatanodeState (InitDatanodeState.java:persistContainerDatanodeDetails(139)) - DatanodeDetails is persisted to /home/runner/work/ozone/ozone/hadoop-ozone/integration-test/target/test-dir/MiniOzoneClusterImpl-c07e4b46-e5c7-4260-9d08-acd32f4d7801/datanode-1/meta/datanode.id
2023-12-26 17:42:28,303 [main] INFO  upgrade.AbstractLayoutVersionManager (AbstractLayoutVersionManager.java:init(83)) - Initializing Layout version manager with metadata layout = HADOOP_PRC_PORTS_IN_DATANODEDETAILS (version = 7), software layout = HADOOP_PRC_PORTS_IN_DATANODEDETAILS (version = 7)
2023-12-26 17:42:28,303 [main] INFO  statemachine.DatanodeStateMachine (DatanodeStateMachine.java:getEndPointTaskThreadPoolSize(299)) - Datanode State Machine Task Thread Pool size 2
2023-12-26 17:42:28,305 [main] ERROR lib.MethodMetric (MethodMetric.java:snapshot(117)) - Error invoking method getCommitted
java.lang.reflect.InvocationTargetException
	at sun.reflect.GeneratedMethodAccessor85.invoke(Unknown Source)
	at sun.reflect.DelegatingMethodAccessorImpl.invoke(DelegatingMethodAccessorImpl.java:43)
	at java.lang.reflect.Method.invoke(Method.java:498)
	at org.apache.hadoop.metrics2.lib.MethodMetric$2.snapshot(MethodMetric.java:111)
	at org.apache.hadoop.metrics2.lib.MethodMetric.snapshot(MethodMetric.java:142)
	at org.apache.hadoop.metrics2.lib.MetricsRegistry.snapshot(MetricsRegistry.java:447)
	at org.apache.hadoop.metrics2.lib.MetricsSourceBuilder$1.getMetrics(MetricsSourceBuilder.java:89)
	at org.apache.hadoop.metrics2.impl.MetricsSourceAdapter.getMetrics(MetricsSourceAdapter.java:200)
	at org.apache.hadoop.metrics2.impl.MetricsSourceAdapter.updateJmxCache(MetricsSourceAdapter.java:183)
	at org.apache.hadoop.metrics2.impl.MetricsSourceAdapter.getMBeanInfo(MetricsSourceAdapter.java:156)
	at com.sun.jmx.interceptor.DefaultMBeanServerInterceptor.getNewMBeanClassName(DefaultMBeanServerInterceptor.java:333)
	at com.sun.jmx.interceptor.DefaultMBeanServerInterceptor.registerMBean(DefaultMBeanServerInterceptor.java:319)
	at com.sun.jmx.mbeanserver.JmxMBeanServer.registerMBean(JmxMBeanServer.java:522)
	at org.apache.hadoop.metrics2.util.MBeans.register(MBeans.java:100)
	at org.apache.hadoop.metrics2.util.MBeans.register(MBeans.java:73)
	at org.apache.hadoop.metrics2.impl.MetricsSourceAdapter.startMBeans(MetricsSourceAdapter.java:222)
	at org.apache.hadoop.metrics2.impl.MetricsSourceAdapter.start(MetricsSourceAdapter.java:101)
	at org.apache.hadoop.metrics2.impl.MetricsSystemImpl.registerSource(MetricsSystemImpl.java:268)
	at org.apache.hadoop.metrics2.impl.MetricsSystemImpl.register(MetricsSystemImpl.java:233)
	at org.apache.hadoop.ozone.container.common.volume.VolumeInfoMetrics.init(VolumeInfoMetrics.java:50)
	at org.apache.hadoop.ozone.container.common.volume.VolumeInfoMetrics.<init>(VolumeInfoMetrics.java:45)
	at org.apache.hadoop.ozone.container.common.volume.HddsVolume.<init>(HddsVolume.java:123)
	at org.apache.hadoop.ozone.container.common.volume.HddsVolume.<init>(HddsVolume.java:71)
	at org.apache.hadoop.ozone.container.common.volume.HddsVolume$Builder.build(HddsVolume.java:111)
	at org.apache.hadoop.ozone.container.common.volume.HddsVolumeFactory.createVolume(HddsVolumeFactory.java:48)
	at org.apache.hadoop.ozone.container.common.volume.MutableVolumeSet.initializeVolumeSet(MutableVolumeSet.java:170)
	at org.apache.hadoop.ozone.container.common.volume.MutableVolumeSet.<init>(MutableVolumeSet.java:132)
	at org.apache.hadoop.ozone.container.common.volume.MutableVolumeSet.<init>(MutableVolumeSet.java:96)
	at org.apache.hadoop.ozone.container.ozoneimpl.OzoneContainer.<init>(OzoneContainer.java:149)
	at org.apache.hadoop.ozone.container.common.statemachine.DatanodeStateMachine.<init>(DatanodeStateMachine.java:186)
	at org.apache.hadoop.ozone.HddsDatanodeService.start(HddsDatanodeService.java:296)
	at org.apache.hadoop.ozone.MiniOzoneClusterImpl.startHddsDatanode(MiniOzoneClusterImpl.java:489)
	at java.util.ArrayList.forEach(ArrayList.java:1259)
	at org.apache.hadoop.ozone.MiniOzoneClusterImpl.startHddsDatanodes(MiniOzoneClusterImpl.java:497)
	at org.apache.hadoop.ozone.MiniOzoneClusterImpl$Builder.build(MiniOzoneClusterImpl.java:627)
	at org.apache.hadoop.ozone.client.rpc.TestWatchForCommit.init(TestWatchForCommit.java:149)
	at sun.reflect.NativeMethodAccessorImpl.invoke0(Native Method)
	at sun.reflect.NativeMethodAccessorImpl.invoke(NativeMethodAccessorImpl.java:62)
	at sun.reflect.DelegatingMethodAccessorImpl.invoke(DelegatingMethodAccessorImpl.java:43)
	at java.lang.reflect.Method.invoke(Method.java:498)
	at org.junit.platform.commons.util.ReflectionUtils.invokeMethod(ReflectionUtils.java:728)
	at org.junit.jupiter.engine.execution.MethodInvocation.proceed(MethodInvocation.java:60)
	at org.junit.jupiter.engine.execution.InvocationInterceptorChain$ValidatingInvocation.proceed(InvocationInterceptorChain.java:131)
	at org.junit.jupiter.engine.extension.TimeoutExtension.intercept(TimeoutExtension.java:156)
	at org.junit.jupiter.engine.extension.TimeoutExtension.interceptLifecycleMethod(TimeoutExtension.java:128)
	at org.junit.jupiter.engine.extension.TimeoutExtension.interceptBeforeEachMethod(TimeoutExtension.java:78)
	at org.junit.jupiter.engine.execution.InterceptingExecutableInvoker$ReflectiveInterceptorCall.lambda$ofVoidMethod$0(InterceptingExecutableInvoker.java:103)
	at org.junit.jupiter.engine.execution.InterceptingExecutableInvoker.lambda$invoke$0(InterceptingExecutableInvoker.java:93)
	at org.junit.jupiter.engine.execution.InvocationInterceptorChain$InterceptedInvocation.proceed(InvocationInterceptorChain.java:106)
	at org.junit.jupiter.engine.execution.InvocationInterceptorChain.proceed(InvocationInterceptorChain.java:64)
	at org.junit.jupiter.engine.execution.InvocationInterceptorChain.chainAndInvoke(InvocationInterceptorChain.java:45)
	at org.junit.jupiter.engine.execution.InvocationInterceptorChain.invoke(InvocationInterceptorChain.java:37)
	at org.junit.jupiter.engine.execution.InterceptingExecutableInvoker.invoke(InterceptingExecutableInvoker.java:92)
	at org.junit.jupiter.engine.execution.InterceptingExecutableInvoker.invoke(InterceptingExecutableInvoker.java:86)
	at org.junit.jupiter.engine.descriptor.ClassBasedTestDescriptor.invokeMethodInExtensionContext(ClassBasedTestDescriptor.java:521)
	at org.junit.jupiter.engine.descriptor.ClassBasedTestDescriptor.lambda$synthesizeBeforeEachMethodAdapter$23(ClassBasedTestDescriptor.java:506)
	at org.junit.jupiter.engine.descriptor.TestMethodTestDescriptor.lambda$invokeBeforeEachMethods$3(TestMethodTestDescriptor.java:175)
	at org.junit.jupiter.engine.descriptor.TestMethodTestDescriptor.lambda$invokeBeforeMethodsOrCallbacksUntilExceptionOccurs$6(TestMethodTestDescriptor.java:203)
	at org.junit.platform.engine.support.hierarchical.ThrowableCollector.execute(ThrowableCollector.java:73)
	at org.junit.jupiter.engine.descriptor.TestMethodTestDescriptor.invokeBeforeMethodsOrCallbacksUntilExceptionOccurs(TestMethodTestDescriptor.java:203)
	at org.junit.jupiter.engine.descriptor.TestMethodTestDescriptor.invokeBeforeEachMethods(TestMethodTestDescriptor.java:172)
	at org.junit.jupiter.engine.descriptor.TestMethodTestDescriptor.execute(TestMethodTestDescriptor.java:135)
	at org.junit.jupiter.engine.descriptor.TestMethodTestDescriptor.execute(TestMethodTestDescriptor.java:69)
	at org.junit.platform.engine.support.hierarchical.NodeTestTask.lambda$executeRecursively$6(NodeTestTask.java:151)
	at org.junit.platform.engine.support.hierarchical.ThrowableCollector.execute(ThrowableCollector.java:73)
	at org.junit.platform.engine.support.hierarchical.NodeTestTask.lambda$executeRecursively$8(NodeTestTask.java:141)
	at org.junit.platform.engine.support.hierarchical.Node.around(Node.java:137)
	at org.junit.platform.engine.support.hierarchical.NodeTestTask.lambda$executeRecursively$9(NodeTestTask.java:139)
	at org.junit.platform.engine.support.hierarchical.ThrowableCollector.execute(ThrowableCollector.java:73)
	at org.junit.platform.engine.support.hierarchical.NodeTestTask.executeRecursively(NodeTestTask.java:138)
	at org.junit.platform.engine.support.hierarchical.NodeTestTask.execute(NodeTestTask.java:95)
	at java.util.ArrayList.forEach(ArrayList.java:1259)
	at org.junit.platform.engine.support.hierarchical.SameThreadHierarchicalTestExecutorService.invokeAll(SameThreadHierarchicalTestExecutorService.java:41)
	at org.junit.platform.engine.support.hierarchical.NodeTestTask.lambda$executeRecursively$6(NodeTestTask.java:155)
	at org.junit.platform.engine.support.hierarchical.ThrowableCollector.execute(ThrowableCollector.java:73)
	at org.junit.platform.engine.support.hierarchical.NodeTestTask.lambda$executeRecursively$8(NodeTestTask.java:141)
	at org.junit.platform.engine.support.hierarchical.Node.around(Node.java:137)
	at org.junit.platform.engine.support.hierarchical.NodeTestTask.lambda$executeRecursively$9(NodeTestTask.java:139)
	at org.junit.platform.engine.support.hierarchical.ThrowableCollector.execute(ThrowableCollector.java:73)
	at org.junit.platform.engine.support.hierarchical.NodeTestTask.executeRecursively(NodeTestTask.java:138)
	at org.junit.platform.engine.support.hierarchical.NodeTestTask.execute(NodeTestTask.java:95)
	at java.util.ArrayList.forEach(ArrayList.java:1259)
	at org.junit.platform.engine.support.hierarchical.SameThreadHierarchicalTestExecutorService.invokeAll(SameThreadHierarchicalTestExecutorService.java:41)
	at org.junit.platform.engine.support.hierarchical.NodeTestTask.lambda$executeRecursively$6(NodeTestTask.java:155)
	at org.junit.platform.engine.support.hierarchical.ThrowableCollector.execute(ThrowableCollector.java:73)
	at org.junit.platform.engine.support.hierarchical.NodeTestTask.lambda$executeRecursively$8(NodeTestTask.java:141)
	at org.junit.platform.engine.support.hierarchical.Node.around(Node.java:137)
	at org.junit.platform.engine.support.hierarchical.NodeTestTask.lambda$executeRecursively$9(NodeTestTask.java:139)
	at org.junit.platform.engine.support.hierarchical.ThrowableCollector.execute(ThrowableCollector.java:73)
	at org.junit.platform.engine.support.hierarchical.NodeTestTask.executeRecursively(NodeTestTask.java:138)
	at org.junit.platform.engine.support.hierarchical.NodeTestTask.execute(NodeTestTask.java:95)
	at org.junit.platform.engine.support.hierarchical.SameThreadHierarchicalTestExecutorService.submit(SameThreadHierarchicalTestExecutorService.java:35)
	at org.junit.platform.engine.support.hierarchical.HierarchicalTestExecutor.execute(HierarchicalTestExecutor.java:57)
	at org.junit.platform.engine.support.hierarchical.HierarchicalTestEngine.execute(HierarchicalTestEngine.java:54)
	at org.junit.platform.launcher.core.EngineExecutionOrchestrator.execute(EngineExecutionOrchestrator.java:198)
	at org.junit.platform.launcher.core.EngineExecutionOrchestrator.execute(EngineExecutionOrchestrator.java:169)
	at org.junit.platform.launcher.core.EngineExecutionOrchestrator.execute(EngineExecutionOrchestrator.java:93)
	at org.junit.platform.launcher.core.EngineExecutionOrchestrator.lambda$execute$0(EngineExecutionOrchestrator.java:58)
	at org.junit.platform.launcher.core.EngineExecutionOrchestrator.withInterceptedStreams(EngineExecutionOrchestrator.java:141)
	at org.junit.platform.launcher.core.EngineExecutionOrchestrator.execute(EngineExecutionOrchestrator.java:57)
	at org.junit.platform.launcher.core.DefaultLauncher.execute(DefaultLauncher.java:103)
	at org.junit.platform.launcher.core.DefaultLauncher.execute(DefaultLauncher.java:85)
	at org.junit.platform.launcher.core.DelegatingLauncher.execute(DelegatingLauncher.java:47)
	at org.apache.maven.surefire.junitplatform.LazyLauncher.execute(LazyLauncher.java:56)
	at org.apache.maven.surefire.junitplatform.JUnitPlatformProvider.execute(JUnitPlatformProvider.java:184)
	at org.apache.maven.surefire.junitplatform.JUnitPlatformProvider.invokeAllTests(JUnitPlatformProvider.java:148)
	at org.apache.maven.surefire.junitplatform.JUnitPlatformProvider.invoke(JUnitPlatformProvider.java:120)
	at org.apache.maven.surefire.booter.ForkedBooter.runSuitesInProcess(ForkedBooter.java:385)
	at org.apache.maven.surefire.booter.ForkedBooter.execute(ForkedBooter.java:162)
	at org.apache.maven.surefire.booter.ForkedBooter.run(ForkedBooter.java:507)
	at org.apache.maven.surefire.booter.ForkedBooter.main(ForkedBooter.java:495)
Caused by: java.lang.NullPointerException
	at org.apache.hadoop.ozone.container.common.volume.HddsVolume.getCommittedBytes(HddsVolume.java:303)
	at org.apache.hadoop.ozone.container.common.volume.VolumeInfoMetrics.getCommitted(VolumeInfoMetrics.java:147)
	... 111 more
2023-12-26 17:42:28,305 [main] INFO  volume.HddsVolume (HddsVolume.java:<init>(126)) - Creating HddsVolume: /home/runner/work/ozone/ozone/hadoop-ozone/integration-test/target/test-dir/MiniOzoneClusterImpl-c07e4b46-e5c7-4260-9d08-acd32f4d7801/datanode-2/data-0/containers/hdds of storage type : DISK capacity : 9223372036854775807
2023-12-26 17:42:28,306 [main] INFO  volume.MutableVolumeSet (MutableVolumeSet.java:initializeVolumeSet(173)) - Added Volume : /home/runner/work/ozone/ozone/hadoop-ozone/integration-test/target/test-dir/MiniOzoneClusterImpl-c07e4b46-e5c7-4260-9d08-acd32f4d7801/datanode-2/data-0/containers/hdds to VolumeSet
2023-12-26 17:42:28,306 [main] INFO  volume.MutableVolumeSet (MutableVolumeSet.java:initializeVolumeSet(173)) - Added Volume : /home/runner/work/ozone/ozone/hadoop-ozone/integration-test/target/test-dir/MiniOzoneClusterImpl-c07e4b46-e5c7-4260-9d08-acd32f4d7801/datanode-2/data/ratis to VolumeSet
2023-12-26 17:42:28,306 [main] INFO  ozoneimpl.OzoneContainer (HddsVolumeUtil.java:loadAllHddsVolumeDbStore(103)) - Load 1 volumes DbStore cost: 0ms
2023-12-26 17:42:28,307 [c480eabb-3157-49f2-b9f1-63f696d84ae6-ContainerReader-0] INFO  ozoneimpl.ContainerReader (ContainerReader.java:readVolume(178)) - Finish verifying containers on volume /home/runner/work/ozone/ozone/hadoop-ozone/integration-test/target/test-dir/MiniOzoneClusterImpl-c07e4b46-e5c7-4260-9d08-acd32f4d7801/datanode-2/data-0/containers/hdds
2023-12-26 17:42:28,307 [main] INFO  ozoneimpl.OzoneContainer (OzoneContainer.java:buildContainerSet(326)) - Build ContainerSet costs 0s
2023-12-26 17:42:28,309 [main] INFO  server.RaftServer (ConfUtils.java:logGet(46)) - raft.rpc.type = GRPC (default)
2023-12-26 17:42:28,309 [main] INFO  grpc.GrpcConfigKeys (ConfUtils.java:logFallback(53)) - raft.grpc.admin.host = null (fallback to raft.grpc.server.host)
2023-12-26 17:42:28,309 [main] INFO  grpc.GrpcConfigKeys (ConfUtils.java:logGet(46)) - raft.grpc.admin.port = 15120 (custom)
2023-12-26 17:42:28,309 [main] INFO  grpc.GrpcConfigKeys (ConfUtils.java:logFallback(53)) - raft.grpc.client.host = null (fallback to raft.grpc.server.host)
2023-12-26 17:42:28,309 [main] INFO  grpc.GrpcConfigKeys (ConfUtils.java:logGet(46)) - raft.grpc.client.port = 15119 (custom)
2023-12-26 17:42:28,309 [main] INFO  grpc.GrpcConfigKeys (ConfUtils.java:logGet(46)) - raft.grpc.server.host = null (default)
2023-12-26 17:42:28,310 [main] INFO  grpc.GrpcConfigKeys (ConfUtils.java:logGet(46)) - raft.grpc.server.port = 15121 (custom)
2023-12-26 17:42:28,310 [main] INFO  server.GrpcService (ConfUtils.java:logGet(46)) - raft.grpc.message.size.max = 32MB (=33554432) (custom)
2023-12-26 17:42:28,310 [main] INFO  server.RaftServerConfigKeys (ConfUtils.java:logGet(46)) - raft.server.log.appender.buffer.byte-limit = 8388608 (custom)
2023-12-26 17:42:28,310 [main] INFO  server.GrpcService (ConfUtils.java:logGet(46)) - raft.grpc.flow.control.window = 5MB (=5242880) (custom)
2023-12-26 17:42:28,310 [main] INFO  server.RaftServerConfigKeys (ConfUtils.java:logGet(46)) - raft.server.rpc.request.timeout = 3000ms (default)
2023-12-26 17:42:28,310 [main] INFO  grpc.GrpcConfigKeys (ConfUtils.java:logGet(46)) - raft.grpc.server.heartbeat.channel = true (default)
2023-12-26 17:42:28,310 [main] INFO  grpc.GrpcConfigKeys (ConfUtils.java:logGet(46)) - raft.grpc.server.async.request.thread.pool.cached = true (default)
2023-12-26 17:42:28,310 [main] INFO  grpc.GrpcConfigKeys (ConfUtils.java:logGet(46)) - raft.grpc.server.async.request.thread.pool.size = 32 (default)
2023-12-26 17:42:28,312 [main] INFO  impl.DataStreamServerImpl (ConfUtils.java:logGet(46)) - raft.datastream.type = NETTY (custom)
2023-12-26 17:42:28,312 [main] INFO  server.RaftServerConfigKeys (ConfUtils.java:logGet(46)) - raft.server.data-stream.async.request.thread.pool.cached = false (default)
2023-12-26 17:42:28,312 [main] INFO  server.RaftServerConfigKeys (ConfUtils.java:logGet(46)) - raft.server.data-stream.async.request.thread.pool.size = 20 (custom)
2023-12-26 17:42:28,313 [main] INFO  server.RaftServerConfigKeys (ConfUtils.java:logGet(46)) - raft.server.data-stream.async.write.thread.pool.size = 16 (default)
2023-12-26 17:42:28,313 [main] INFO  netty.NettyConfigKeys$DataStream (ConfUtils.java:logGet(46)) - raft.netty.dataStream.server.channel.inactive.grace-period = 10min (default)
2023-12-26 17:42:28,313 [main] INFO  server.RaftServerConfigKeys (ConfUtils.java:logGet(46)) - raft.server.data-stream.client.pool.size = 10 (default)
2023-12-26 17:42:28,313 [main] INFO  netty.NettyConfigKeys$DataStream (ConfUtils.java:logGet(46)) - raft.netty.dataStream.server.use-epoll = true (default)
2023-12-26 17:42:28,313 [main] INFO  netty.NettyConfigKeys$DataStream (ConfUtils.java:logGet(46)) - raft.netty.dataStream.server.boss-group.size = 0 (default)
2023-12-26 17:42:28,313 [main] INFO  netty.NettyUtils (NettyUtils.java:newEventLoopGroup(69)) - Create EpollEventLoopGroup for c480eabb-3157-49f2-b9f1-63f696d84ae6-NettyServerStreamRpc-bossGroup; Thread size is 0.
2023-12-26 17:42:28,314 [main] INFO  netty.NettyConfigKeys$DataStream (ConfUtils.java:logGet(46)) - raft.netty.dataStream.server.worker-group.size = 0 (default)
2023-12-26 17:42:28,314 [main] INFO  netty.NettyUtils (NettyUtils.java:newEventLoopGroup(69)) - Create EpollEventLoopGroup for c480eabb-3157-49f2-b9f1-63f696d84ae6-NettyServerStreamRpc-workerGroup; Thread size is 0.
2023-12-26 17:42:28,314 [main] INFO  netty.NettyConfigKeys$DataStream (ConfUtils.java:logGet(46)) - raft.netty.dataStream.server.tls.conf = null (default)
2023-12-26 17:42:28,314 [main] INFO  netty.NettyConfigKeys$DataStream (ConfUtils.java:logGet(46)) - raft.netty.dataStream.host = null (default)
2023-12-26 17:42:28,314 [main] INFO  netty.NettyConfigKeys$DataStream (ConfUtils.java:logGet(46)) - raft.netty.dataStream.port = 15122 (custom)
2023-12-26 17:42:28,315 [main] INFO  server.RaftServerConfigKeys (ConfUtils.java:logGet(46)) - raft.server.sleep.deviation.threshold = 300ms (default)
2023-12-26 17:42:28,315 [main] INFO  server.RaftServerConfigKeys (ConfUtils.java:logGet(46)) - raft.server.close.threshold = 60s (default)
2023-12-26 17:42:28,315 [main] INFO  server.RaftServerConfigKeys (ConfUtils.java:logGet(46)) - raft.server.leaderelection.leader.step-down.wait-time = 10s (default)
2023-12-26 17:42:28,315 [c480eabb-3157-49f2-b9f1-63f696d84ae6-NettyServerStreamRpc-bossGroup--thread1] INFO  logging.LoggingHandler (AbstractInternalLogger.java:log(148)) - [id: 0x554b62a2] REGISTERED
2023-12-26 17:42:28,315 [main] INFO  server.RaftServerConfigKeys (ConfUtils.java:logGet(46)) - raft.server.storage.dir = [/home/runner/work/ozone/ozone/hadoop-ozone/integration-test/target/test-dir/MiniOzoneClusterImpl-c07e4b46-e5c7-4260-9d08-acd32f4d7801/datanode-2/data/ratis] (custom)
2023-12-26 17:42:28,315 [c480eabb-3157-49f2-b9f1-63f696d84ae6-NettyServerStreamRpc-bossGroup--thread1] INFO  logging.LoggingHandler (AbstractInternalLogger.java:log(148)) - [id: 0x554b62a2] BIND: 0.0.0.0/0.0.0.0:15122
2023-12-26 17:42:28,315 [main] INFO  server.RaftServerConfigKeys (ConfUtils.java:logGet(46)) - raft.server.threadpool.proxy.cached = true (default)
2023-12-26 17:42:28,315 [c480eabb-3157-49f2-b9f1-63f696d84ae6-NettyServerStreamRpc-bossGroup--thread1] INFO  logging.LoggingHandler (AbstractInternalLogger.java:log(148)) - [id: 0x554b62a2, L:/0.0.0.0:15122] ACTIVE
2023-12-26 17:42:28,316 [main] INFO  server.RaftServerConfigKeys (ConfUtils.java:logGet(46)) - raft.server.threadpool.proxy.size = 0 (default)
2023-12-26 17:42:28,316 [c480eabb-3157-49f2-b9f1-63f696d84ae6-impl-thread1] INFO  server.RaftServer (RaftServerProxy.java:initGroupDir(264)) - c480eabb-3157-49f2-b9f1-63f696d84ae6: found a subdirectory /home/runner/work/ozone/ozone/hadoop-ozone/integration-test/target/test-dir/MiniOzoneClusterImpl-c07e4b46-e5c7-4260-9d08-acd32f4d7801/datanode-2/data/ratis/tmp
2023-12-26 17:42:28,316 [c480eabb-3157-49f2-b9f1-63f696d84ae6-impl-thread1] INFO  server.RaftServer (RaftServerProxy.java:initGroupDir(269)) - c480eabb-3157-49f2-b9f1-63f696d84ae6: The directory /home/runner/work/ozone/ozone/hadoop-ozone/integration-test/target/test-dir/MiniOzoneClusterImpl-c07e4b46-e5c7-4260-9d08-acd32f4d7801/datanode-2/data/ratis/tmp is not a group directory; ignoring it. 
2023-12-26 17:42:28,316 [main] INFO  replication.ReplicationServer (ReplicationServer.java:<init>(85)) - Initializing replication server with thread count = 10 queue length = 4096
2023-12-26 17:42:28,317 [main] INFO  server.XceiverServerGrpc (XceiverServerGrpc.java:<init>(141)) - GrpcServer channel type EpollServerSocketChannel
2023-12-26 17:42:28,319 [main] INFO  replication.ReplicationSupervisor (ReplicationSupervisor.java:build(163)) - Initializing replication supervisor with thread count = 10
2023-12-26 17:42:28,319 [main] INFO  replication.ReplicationSupervisor (ReplicationSupervisor.java:nodeStateUpdated(317)) - Node state updated to IN_SERVICE, scaling executor pool size to 10
2023-12-26 17:42:28,321 [main] INFO  http.BaseHttpServer (BaseHttpServer.java:newHttpServer2BuilderForOzone(223)) - Starting Web-server for hddsDatanode at: http://0.0.0.0:15116
2023-12-26 17:42:28,321 [main] INFO  http.BaseHttpServer (BaseHttpServer.java:<init>(110)) - Hadoop Security Enabled: false Ozone Security Enabled: false Ozone HTTP Security Enabled: false 
2023-12-26 17:42:28,322 [main] WARN  server.AuthenticationFilter (AuthenticationFilter.java:constructSecretProvider(240)) - Unable to initialize FileSignerSecretProvider, falling back to use random secrets. Reason: Could not read signature secret file: /home/runner/hadoop-http-auth-signature-secret
2023-12-26 17:42:28,323 [main] INFO  http.HttpRequestLog (HttpRequestLog.java:getRequestLog(86)) - Http request log for http.requests.hddsDatanode is not defined
2023-12-26 17:42:28,324 [main] INFO  http.HttpServer2 (HttpServer2.java:addGlobalFilter(1036)) - Added global filter 'safety' (class=org.apache.hadoop.hdds.server.http.HttpServer2$QuotingInputFilter)
2023-12-26 17:42:28,325 [main] INFO  http.HttpServer2 (HttpServer2.java:addFilter(1012)) - Added filter static_user_filter (class=org.apache.hadoop.http.lib.StaticUserWebFilter$StaticUserFilter) to context hddsDatanode
2023-12-26 17:42:28,325 [main] INFO  http.HttpServer2 (HttpServer2.java:addFilter(1020)) - Added filter static_user_filter (class=org.apache.hadoop.http.lib.StaticUserWebFilter$StaticUserFilter) to context static
2023-12-26 17:42:28,325 [main] INFO  http.HttpServer2 (HttpServer2.java:addFilter(1020)) - Added filter static_user_filter (class=org.apache.hadoop.http.lib.StaticUserWebFilter$StaticUserFilter) to context logs
2023-12-26 17:42:28,326 [main] INFO  http.BaseHttpServer (BaseHttpServer.java:<init>(189)) - HTTP server of hddsDatanode uses base directory /home/runner/work/ozone/ozone/hadoop-ozone/integration-test/target/test-dir/MiniOzoneClusterImpl-c07e4b46-e5c7-4260-9d08-acd32f4d7801/datanode-2/meta/webserver
2023-12-26 17:42:28,326 [main] INFO  http.HttpServer2 (HttpServer2.java:bindListener(1236)) - Jetty bound to port 15116
2023-12-26 17:42:28,326 [main] INFO  server.Server (Server.java:doStart(375)) - jetty-9.4.53.v20231009; built: 2023-10-09T12:29:09.265Z; git: 27bde00a0b95a1d5bbee0eae7984f891d2d0f8c9; jvm 1.8.0_392-b08
2023-12-26 17:42:28,333 [main] INFO  server.session (DefaultSessionIdManager.java:doStart(334)) - DefaultSessionIdManager workerName=node0
2023-12-26 17:42:28,333 [main] INFO  server.session (DefaultSessionIdManager.java:doStart(339)) - No SessionScavenger set, using defaults
2023-12-26 17:42:28,334 [main] INFO  server.session (HouseKeeper.java:startScavenging(132)) - node0 Scavenging every 660000ms
2023-12-26 17:42:28,335 [main] INFO  handler.ContextHandler (ContextHandler.java:doStart(921)) - Started o.e.j.s.ServletContextHandler@34feaae{logs,/logs,file:///home/runner/work/ozone/ozone/hadoop-ozone/integration-test/target/log,AVAILABLE}
2023-12-26 17:42:28,335 [main] INFO  handler.ContextHandler (ContextHandler.java:doStart(921)) - Started o.e.j.s.ServletContextHandler@216c6b5c{static,/static,jar:file:/home/runner/.m2/repository/org/apache/ozone/hdds-container-service/1.5.0-SNAPSHOT/hdds-container-service-1.5.0-SNAPSHOT.jar!/webapps/static,AVAILABLE}
2023-12-26 17:42:28,376 [main] INFO  handler.ContextHandler (ContextHandler.java:doStart(921)) - Started o.e.j.w.WebAppContext@1528c5d1{hddsDatanode,/,file:///home/runner/work/ozone/ozone/hadoop-ozone/integration-test/target/test-dir/MiniOzoneClusterImpl-c07e4b46-e5c7-4260-9d08-acd32f4d7801/datanode-2/meta/webserver/jetty-0_0_0_0-15116-hdds-container-service-1_5_0-SNAPSHOT_jar-_-any-7277376829962950735/webapp/,AVAILABLE}{jar:file:/home/runner/.m2/repository/org/apache/ozone/hdds-container-service/1.5.0-SNAPSHOT/hdds-container-service-1.5.0-SNAPSHOT.jar!/webapps/hddsDatanode}
2023-12-26 17:42:28,380 [main] INFO  server.AbstractConnector (AbstractConnector.java:doStart(333)) - Started ServerConnector@4c504f6b{HTTP/1.1, (http/1.1)}{0.0.0.0:15116}
2023-12-26 17:42:28,380 [main] INFO  server.Server (Server.java:doStart(415)) - Started @46032ms
2023-12-26 17:42:28,380 [main] WARN  impl.MetricsSystemImpl (MetricsSystemImpl.java:register(279)) - Sink prometheus already exists!
2023-12-26 17:42:28,381 [main] INFO  http.BaseHttpServer (BaseHttpServer.java:updateConnectorAddress(354)) - HTTP server of hddsDatanode listening at http://0.0.0.0:15116
2023-12-26 17:42:28,381 [main] INFO  ipc.CallQueueManager (CallQueueManager.java:<init>(90)) - Using callQueue: class java.util.concurrent.LinkedBlockingQueue, queueCapacity: 100, scheduler: class org.apache.hadoop.ipc.DefaultRpcScheduler, ipcBackoff: false.
2023-12-26 17:42:28,382 [main] INFO  ipc.Server (Server.java:<init>(1287)) - Listener at 0.0.0.0:15117
2023-12-26 17:42:28,408 [Socket Reader #1 for port 15117] INFO  ipc.Server (Server.java:run(1323)) - Starting Socket Reader #1 for port 15117
2023-12-26 17:42:28,413 [main] INFO  ozone.HddsDatanodeService (HddsDatanodeService.java:start(324)) - Datanode start with admins: [runner]
2023-12-26 17:42:28,413 [main] INFO  ozone.HddsDatanodeClientProtocolServer (HddsDatanodeClientProtocolServer.java:start(72)) - RPC server for Client /0.0.0.0:15117
2023-12-26 17:42:28,419 [IPC Server Responder] INFO  ipc.Server (Server.java:run(1562)) - IPC Server Responder: starting
2023-12-26 17:42:28,420 [c480eabb-3157-49f2-b9f1-63f696d84ae6-DatanodeStateMachineDaemonThread] INFO  statemachine.DatanodeStateMachine (DatanodeStateMachine.java:lambda$startDaemon$1(555)) - Ozone container server started.
2023-12-26 17:42:28,421 [IPC Server listener on 15117] INFO  ipc.Server (Server.java:run(1402)) - IPC Server listener on 15117: starting
2023-12-26 17:42:28,421 [main] WARN  dropwizard3.Dm3MetricRegistriesImpl (Dm3MetricRegistriesImpl.java:addReporterRegistration(113)) - New reporters are added after registries were created. Some metrics will be missing from the reporter. Please add reporter before adding any new registry.
2023-12-26 17:42:28,422 [main] WARN  dropwizard3.Dm3MetricRegistriesImpl (Dm3MetricRegistriesImpl.java:addReporterRegistration(113)) - New reporters are added after registries were created. Some metrics will be missing from the reporter. Please add reporter before adding any new registry.
2023-12-26 17:42:28,422 [main] INFO  impl.MetricsSystemImpl (MetricsSystemImpl.java:init(158)) - HddsDatanode metrics system started (again)
2023-12-26 17:42:28,440 [c480eabb-3157-49f2-b9f1-63f696d84ae6-DatanodeStateMachineTaskThread-0] INFO  datanode.InitDatanodeState (InitDatanodeState.java:persistContainerDatanodeDetails(139)) - DatanodeDetails is persisted to /home/runner/work/ozone/ozone/hadoop-ozone/integration-test/target/test-dir/MiniOzoneClusterImpl-c07e4b46-e5c7-4260-9d08-acd32f4d7801/datanode-2/meta/datanode.id
2023-12-26 17:42:28,442 [main] INFO  ozone.HddsDatanodeService (HddsDatanodeService.java:start(239)) - HddsDatanodeService host:fv-az1381-115 ip:10.1.0.4
2023-12-26 17:42:28,463 [main] INFO  upgrade.AbstractLayoutVersionManager (AbstractLayoutVersionManager.java:init(83)) - Initializing Layout version manager with metadata layout = HADOOP_PRC_PORTS_IN_DATANODEDETAILS (version = 7), software layout = HADOOP_PRC_PORTS_IN_DATANODEDETAILS (version = 7)
2023-12-26 17:42:28,463 [main] INFO  statemachine.DatanodeStateMachine (DatanodeStateMachine.java:getEndPointTaskThreadPoolSize(299)) - Datanode State Machine Task Thread Pool size 2
2023-12-26 17:42:28,464 [main] ERROR lib.MethodMetric (MethodMetric.java:snapshot(117)) - Error invoking method getCommitted
java.lang.reflect.InvocationTargetException
	at sun.reflect.GeneratedMethodAccessor85.invoke(Unknown Source)
	at sun.reflect.DelegatingMethodAccessorImpl.invoke(DelegatingMethodAccessorImpl.java:43)
	at java.lang.reflect.Method.invoke(Method.java:498)
	at org.apache.hadoop.metrics2.lib.MethodMetric$2.snapshot(MethodMetric.java:111)
	at org.apache.hadoop.metrics2.lib.MethodMetric.snapshot(MethodMetric.java:142)
	at org.apache.hadoop.metrics2.lib.MetricsRegistry.snapshot(MetricsRegistry.java:447)
	at org.apache.hadoop.metrics2.lib.MetricsSourceBuilder$1.getMetrics(MetricsSourceBuilder.java:89)
	at org.apache.hadoop.metrics2.impl.MetricsSourceAdapter.getMetrics(MetricsSourceAdapter.java:200)
	at org.apache.hadoop.metrics2.impl.MetricsSourceAdapter.updateJmxCache(MetricsSourceAdapter.java:183)
	at org.apache.hadoop.metrics2.impl.MetricsSourceAdapter.getMBeanInfo(MetricsSourceAdapter.java:156)
	at com.sun.jmx.interceptor.DefaultMBeanServerInterceptor.getNewMBeanClassName(DefaultMBeanServerInterceptor.java:333)
	at com.sun.jmx.interceptor.DefaultMBeanServerInterceptor.registerMBean(DefaultMBeanServerInterceptor.java:319)
	at com.sun.jmx.mbeanserver.JmxMBeanServer.registerMBean(JmxMBeanServer.java:522)
	at org.apache.hadoop.metrics2.util.MBeans.register(MBeans.java:100)
	at org.apache.hadoop.metrics2.util.MBeans.register(MBeans.java:73)
	at org.apache.hadoop.metrics2.impl.MetricsSourceAdapter.startMBeans(MetricsSourceAdapter.java:222)
	at org.apache.hadoop.metrics2.impl.MetricsSourceAdapter.start(MetricsSourceAdapter.java:101)
	at org.apache.hadoop.metrics2.impl.MetricsSystemImpl.registerSource(MetricsSystemImpl.java:268)
	at org.apache.hadoop.metrics2.impl.MetricsSystemImpl.register(MetricsSystemImpl.java:233)
	at org.apache.hadoop.ozone.container.common.volume.VolumeInfoMetrics.init(VolumeInfoMetrics.java:50)
	at org.apache.hadoop.ozone.container.common.volume.VolumeInfoMetrics.<init>(VolumeInfoMetrics.java:45)
	at org.apache.hadoop.ozone.container.common.volume.HddsVolume.<init>(HddsVolume.java:123)
	at org.apache.hadoop.ozone.container.common.volume.HddsVolume.<init>(HddsVolume.java:71)
	at org.apache.hadoop.ozone.container.common.volume.HddsVolume$Builder.build(HddsVolume.java:111)
	at org.apache.hadoop.ozone.container.common.volume.HddsVolumeFactory.createVolume(HddsVolumeFactory.java:48)
	at org.apache.hadoop.ozone.container.common.volume.MutableVolumeSet.initializeVolumeSet(MutableVolumeSet.java:170)
	at org.apache.hadoop.ozone.container.common.volume.MutableVolumeSet.<init>(MutableVolumeSet.java:132)
	at org.apache.hadoop.ozone.container.common.volume.MutableVolumeSet.<init>(MutableVolumeSet.java:96)
	at org.apache.hadoop.ozone.container.ozoneimpl.OzoneContainer.<init>(OzoneContainer.java:149)
	at org.apache.hadoop.ozone.container.common.statemachine.DatanodeStateMachine.<init>(DatanodeStateMachine.java:186)
	at org.apache.hadoop.ozone.HddsDatanodeService.start(HddsDatanodeService.java:296)
	at org.apache.hadoop.ozone.MiniOzoneClusterImpl.startHddsDatanode(MiniOzoneClusterImpl.java:489)
	at java.util.ArrayList.forEach(ArrayList.java:1259)
	at org.apache.hadoop.ozone.MiniOzoneClusterImpl.startHddsDatanodes(MiniOzoneClusterImpl.java:497)
	at org.apache.hadoop.ozone.MiniOzoneClusterImpl$Builder.build(MiniOzoneClusterImpl.java:627)
	at org.apache.hadoop.ozone.client.rpc.TestWatchForCommit.init(TestWatchForCommit.java:149)
	at sun.reflect.NativeMethodAccessorImpl.invoke0(Native Method)
	at sun.reflect.NativeMethodAccessorImpl.invoke(NativeMethodAccessorImpl.java:62)
	at sun.reflect.DelegatingMethodAccessorImpl.invoke(DelegatingMethodAccessorImpl.java:43)
	at java.lang.reflect.Method.invoke(Method.java:498)
	at org.junit.platform.commons.util.ReflectionUtils.invokeMethod(ReflectionUtils.java:728)
	at org.junit.jupiter.engine.execution.MethodInvocation.proceed(MethodInvocation.java:60)
	at org.junit.jupiter.engine.execution.InvocationInterceptorChain$ValidatingInvocation.proceed(InvocationInterceptorChain.java:131)
	at org.junit.jupiter.engine.extension.TimeoutExtension.intercept(TimeoutExtension.java:156)
	at org.junit.jupiter.engine.extension.TimeoutExtension.interceptLifecycleMethod(TimeoutExtension.java:128)
	at org.junit.jupiter.engine.extension.TimeoutExtension.interceptBeforeEachMethod(TimeoutExtension.java:78)
	at org.junit.jupiter.engine.execution.InterceptingExecutableInvoker$ReflectiveInterceptorCall.lambda$ofVoidMethod$0(InterceptingExecutableInvoker.java:103)
	at org.junit.jupiter.engine.execution.InterceptingExecutableInvoker.lambda$invoke$0(InterceptingExecutableInvoker.java:93)
	at org.junit.jupiter.engine.execution.InvocationInterceptorChain$InterceptedInvocation.proceed(InvocationInterceptorChain.java:106)
	at org.junit.jupiter.engine.execution.InvocationInterceptorChain.proceed(InvocationInterceptorChain.java:64)
	at org.junit.jupiter.engine.execution.InvocationInterceptorChain.chainAndInvoke(InvocationInterceptorChain.java:45)
	at org.junit.jupiter.engine.execution.InvocationInterceptorChain.invoke(InvocationInterceptorChain.java:37)
	at org.junit.jupiter.engine.execution.InterceptingExecutableInvoker.invoke(InterceptingExecutableInvoker.java:92)
	at org.junit.jupiter.engine.execution.InterceptingExecutableInvoker.invoke(InterceptingExecutableInvoker.java:86)
	at org.junit.jupiter.engine.descriptor.ClassBasedTestDescriptor.invokeMethodInExtensionContext(ClassBasedTestDescriptor.java:521)
	at org.junit.jupiter.engine.descriptor.ClassBasedTestDescriptor.lambda$synthesizeBeforeEachMethodAdapter$23(ClassBasedTestDescriptor.java:506)
	at org.junit.jupiter.engine.descriptor.TestMethodTestDescriptor.lambda$invokeBeforeEachMethods$3(TestMethodTestDescriptor.java:175)
	at org.junit.jupiter.engine.descriptor.TestMethodTestDescriptor.lambda$invokeBeforeMethodsOrCallbacksUntilExceptionOccurs$6(TestMethodTestDescriptor.java:203)
	at org.junit.platform.engine.support.hierarchical.ThrowableCollector.execute(ThrowableCollector.java:73)
	at org.junit.jupiter.engine.descriptor.TestMethodTestDescriptor.invokeBeforeMethodsOrCallbacksUntilExceptionOccurs(TestMethodTestDescriptor.java:203)
	at org.junit.jupiter.engine.descriptor.TestMethodTestDescriptor.invokeBeforeEachMethods(TestMethodTestDescriptor.java:172)
	at org.junit.jupiter.engine.descriptor.TestMethodTestDescriptor.execute(TestMethodTestDescriptor.java:135)
	at org.junit.jupiter.engine.descriptor.TestMethodTestDescriptor.execute(TestMethodTestDescriptor.java:69)
	at org.junit.platform.engine.support.hierarchical.NodeTestTask.lambda$executeRecursively$6(NodeTestTask.java:151)
	at org.junit.platform.engine.support.hierarchical.ThrowableCollector.execute(ThrowableCollector.java:73)
	at org.junit.platform.engine.support.hierarchical.NodeTestTask.lambda$executeRecursively$8(NodeTestTask.java:141)
	at org.junit.platform.engine.support.hierarchical.Node.around(Node.java:137)
	at org.junit.platform.engine.support.hierarchical.NodeTestTask.lambda$executeRecursively$9(NodeTestTask.java:139)
	at org.junit.platform.engine.support.hierarchical.ThrowableCollector.execute(ThrowableCollector.java:73)
	at org.junit.platform.engine.support.hierarchical.NodeTestTask.executeRecursively(NodeTestTask.java:138)
	at org.junit.platform.engine.support.hierarchical.NodeTestTask.execute(NodeTestTask.java:95)
	at java.util.ArrayList.forEach(ArrayList.java:1259)
	at org.junit.platform.engine.support.hierarchical.SameThreadHierarchicalTestExecutorService.invokeAll(SameThreadHierarchicalTestExecutorService.java:41)
	at org.junit.platform.engine.support.hierarchical.NodeTestTask.lambda$executeRecursively$6(NodeTestTask.java:155)
	at org.junit.platform.engine.support.hierarchical.ThrowableCollector.execute(ThrowableCollector.java:73)
	at org.junit.platform.engine.support.hierarchical.NodeTestTask.lambda$executeRecursively$8(NodeTestTask.java:141)
	at org.junit.platform.engine.support.hierarchical.Node.around(Node.java:137)
	at org.junit.platform.engine.support.hierarchical.NodeTestTask.lambda$executeRecursively$9(NodeTestTask.java:139)
	at org.junit.platform.engine.support.hierarchical.ThrowableCollector.execute(ThrowableCollector.java:73)
	at org.junit.platform.engine.support.hierarchical.NodeTestTask.executeRecursively(NodeTestTask.java:138)
	at org.junit.platform.engine.support.hierarchical.NodeTestTask.execute(NodeTestTask.java:95)
	at java.util.ArrayList.forEach(ArrayList.java:1259)
	at org.junit.platform.engine.support.hierarchical.SameThreadHierarchicalTestExecutorService.invokeAll(SameThreadHierarchicalTestExecutorService.java:41)
	at org.junit.platform.engine.support.hierarchical.NodeTestTask.lambda$executeRecursively$6(NodeTestTask.java:155)
	at org.junit.platform.engine.support.hierarchical.ThrowableCollector.execute(ThrowableCollector.java:73)
	at org.junit.platform.engine.support.hierarchical.NodeTestTask.lambda$executeRecursively$8(NodeTestTask.java:141)
	at org.junit.platform.engine.support.hierarchical.Node.around(Node.java:137)
	at org.junit.platform.engine.support.hierarchical.NodeTestTask.lambda$executeRecursively$9(NodeTestTask.java:139)
	at org.junit.platform.engine.support.hierarchical.ThrowableCollector.execute(ThrowableCollector.java:73)
	at org.junit.platform.engine.support.hierarchical.NodeTestTask.executeRecursively(NodeTestTask.java:138)
	at org.junit.platform.engine.support.hierarchical.NodeTestTask.execute(NodeTestTask.java:95)
	at org.junit.platform.engine.support.hierarchical.SameThreadHierarchicalTestExecutorService.submit(SameThreadHierarchicalTestExecutorService.java:35)
	at org.junit.platform.engine.support.hierarchical.HierarchicalTestExecutor.execute(HierarchicalTestExecutor.java:57)
	at org.junit.platform.engine.support.hierarchical.HierarchicalTestEngine.execute(HierarchicalTestEngine.java:54)
	at org.junit.platform.launcher.core.EngineExecutionOrchestrator.execute(EngineExecutionOrchestrator.java:198)
	at org.junit.platform.launcher.core.EngineExecutionOrchestrator.execute(EngineExecutionOrchestrator.java:169)
	at org.junit.platform.launcher.core.EngineExecutionOrchestrator.execute(EngineExecutionOrchestrator.java:93)
	at org.junit.platform.launcher.core.EngineExecutionOrchestrator.lambda$execute$0(EngineExecutionOrchestrator.java:58)
	at org.junit.platform.launcher.core.EngineExecutionOrchestrator.withInterceptedStreams(EngineExecutionOrchestrator.java:141)
	at org.junit.platform.launcher.core.EngineExecutionOrchestrator.execute(EngineExecutionOrchestrator.java:57)
	at org.junit.platform.launcher.core.DefaultLauncher.execute(DefaultLauncher.java:103)
	at org.junit.platform.launcher.core.DefaultLauncher.execute(DefaultLauncher.java:85)
	at org.junit.platform.launcher.core.DelegatingLauncher.execute(DelegatingLauncher.java:47)
	at org.apache.maven.surefire.junitplatform.LazyLauncher.execute(LazyLauncher.java:56)
	at org.apache.maven.surefire.junitplatform.JUnitPlatformProvider.execute(JUnitPlatformProvider.java:184)
	at org.apache.maven.surefire.junitplatform.JUnitPlatformProvider.invokeAllTests(JUnitPlatformProvider.java:148)
	at org.apache.maven.surefire.junitplatform.JUnitPlatformProvider.invoke(JUnitPlatformProvider.java:120)
	at org.apache.maven.surefire.booter.ForkedBooter.runSuitesInProcess(ForkedBooter.java:385)
	at org.apache.maven.surefire.booter.ForkedBooter.execute(ForkedBooter.java:162)
	at org.apache.maven.surefire.booter.ForkedBooter.run(ForkedBooter.java:507)
	at org.apache.maven.surefire.booter.ForkedBooter.main(ForkedBooter.java:495)
Caused by: java.lang.NullPointerException
	at org.apache.hadoop.ozone.container.common.volume.HddsVolume.getCommittedBytes(HddsVolume.java:303)
	at org.apache.hadoop.ozone.container.common.volume.VolumeInfoMetrics.getCommitted(VolumeInfoMetrics.java:147)
	... 111 more
2023-12-26 17:42:28,465 [main] INFO  volume.HddsVolume (HddsVolume.java:<init>(126)) - Creating HddsVolume: /home/runner/work/ozone/ozone/hadoop-ozone/integration-test/target/test-dir/MiniOzoneClusterImpl-c07e4b46-e5c7-4260-9d08-acd32f4d7801/datanode-3/data-0/containers/hdds of storage type : DISK capacity : 9223372036854775807
2023-12-26 17:42:28,465 [main] INFO  volume.MutableVolumeSet (MutableVolumeSet.java:initializeVolumeSet(173)) - Added Volume : /home/runner/work/ozone/ozone/hadoop-ozone/integration-test/target/test-dir/MiniOzoneClusterImpl-c07e4b46-e5c7-4260-9d08-acd32f4d7801/datanode-3/data-0/containers/hdds to VolumeSet
2023-12-26 17:42:28,466 [main] INFO  volume.MutableVolumeSet (MutableVolumeSet.java:initializeVolumeSet(173)) - Added Volume : /home/runner/work/ozone/ozone/hadoop-ozone/integration-test/target/test-dir/MiniOzoneClusterImpl-c07e4b46-e5c7-4260-9d08-acd32f4d7801/datanode-3/data/ratis to VolumeSet
2023-12-26 17:42:28,466 [main] INFO  ozoneimpl.OzoneContainer (HddsVolumeUtil.java:loadAllHddsVolumeDbStore(103)) - Load 1 volumes DbStore cost: 0ms
2023-12-26 17:42:28,466 [559a6ab5-825d-4c14-b258-477429313dde-ContainerReader-0] INFO  ozoneimpl.ContainerReader (ContainerReader.java:readVolume(178)) - Finish verifying containers on volume /home/runner/work/ozone/ozone/hadoop-ozone/integration-test/target/test-dir/MiniOzoneClusterImpl-c07e4b46-e5c7-4260-9d08-acd32f4d7801/datanode-3/data-0/containers/hdds
2023-12-26 17:42:28,466 [main] INFO  ozoneimpl.OzoneContainer (OzoneContainer.java:buildContainerSet(326)) - Build ContainerSet costs 0s
2023-12-26 17:42:28,468 [main] INFO  server.RaftServer (ConfUtils.java:logGet(46)) - raft.rpc.type = GRPC (default)
2023-12-26 17:42:28,468 [main] INFO  grpc.GrpcConfigKeys (ConfUtils.java:logFallback(53)) - raft.grpc.admin.host = null (fallback to raft.grpc.server.host)
2023-12-26 17:42:28,469 [main] INFO  grpc.GrpcConfigKeys (ConfUtils.java:logGet(46)) - raft.grpc.admin.port = 15129 (custom)
2023-12-26 17:42:28,469 [main] INFO  grpc.GrpcConfigKeys (ConfUtils.java:logFallback(53)) - raft.grpc.client.host = null (fallback to raft.grpc.server.host)
2023-12-26 17:42:28,469 [main] INFO  grpc.GrpcConfigKeys (ConfUtils.java:logGet(46)) - raft.grpc.client.port = 15128 (custom)
2023-12-26 17:42:28,469 [main] INFO  grpc.GrpcConfigKeys (ConfUtils.java:logGet(46)) - raft.grpc.server.host = null (default)
2023-12-26 17:42:28,469 [main] INFO  grpc.GrpcConfigKeys (ConfUtils.java:logGet(46)) - raft.grpc.server.port = 15130 (custom)
2023-12-26 17:42:28,470 [main] INFO  server.GrpcService (ConfUtils.java:logGet(46)) - raft.grpc.message.size.max = 32MB (=33554432) (custom)
2023-12-26 17:42:28,470 [main] INFO  server.RaftServerConfigKeys (ConfUtils.java:logGet(46)) - raft.server.log.appender.buffer.byte-limit = 8388608 (custom)
2023-12-26 17:42:28,470 [main] INFO  server.GrpcService (ConfUtils.java:logGet(46)) - raft.grpc.flow.control.window = 5MB (=5242880) (custom)
2023-12-26 17:42:28,470 [main] INFO  server.RaftServerConfigKeys (ConfUtils.java:logGet(46)) - raft.server.rpc.request.timeout = 3000ms (default)
2023-12-26 17:42:28,470 [main] INFO  grpc.GrpcConfigKeys (ConfUtils.java:logGet(46)) - raft.grpc.server.heartbeat.channel = true (default)
2023-12-26 17:42:28,471 [main] INFO  grpc.GrpcConfigKeys (ConfUtils.java:logGet(46)) - raft.grpc.server.async.request.thread.pool.cached = true (default)
2023-12-26 17:42:28,471 [main] INFO  grpc.GrpcConfigKeys (ConfUtils.java:logGet(46)) - raft.grpc.server.async.request.thread.pool.size = 32 (default)
2023-12-26 17:42:28,473 [main] INFO  impl.DataStreamServerImpl (ConfUtils.java:logGet(46)) - raft.datastream.type = NETTY (custom)
2023-12-26 17:42:28,473 [main] INFO  server.RaftServerConfigKeys (ConfUtils.java:logGet(46)) - raft.server.data-stream.async.request.thread.pool.cached = false (default)
2023-12-26 17:42:28,473 [main] INFO  server.RaftServerConfigKeys (ConfUtils.java:logGet(46)) - raft.server.data-stream.async.request.thread.pool.size = 20 (custom)
2023-12-26 17:42:28,473 [main] INFO  server.RaftServerConfigKeys (ConfUtils.java:logGet(46)) - raft.server.data-stream.async.write.thread.pool.size = 16 (default)
2023-12-26 17:42:28,474 [main] INFO  netty.NettyConfigKeys$DataStream (ConfUtils.java:logGet(46)) - raft.netty.dataStream.server.channel.inactive.grace-period = 10min (default)
2023-12-26 17:42:28,474 [main] INFO  server.RaftServerConfigKeys (ConfUtils.java:logGet(46)) - raft.server.data-stream.client.pool.size = 10 (default)
2023-12-26 17:42:28,474 [main] INFO  netty.NettyConfigKeys$DataStream (ConfUtils.java:logGet(46)) - raft.netty.dataStream.server.use-epoll = true (default)
2023-12-26 17:42:28,474 [main] INFO  netty.NettyConfigKeys$DataStream (ConfUtils.java:logGet(46)) - raft.netty.dataStream.server.boss-group.size = 0 (default)
2023-12-26 17:42:28,474 [main] INFO  netty.NettyUtils (NettyUtils.java:newEventLoopGroup(69)) - Create EpollEventLoopGroup for 559a6ab5-825d-4c14-b258-477429313dde-NettyServerStreamRpc-bossGroup; Thread size is 0.
2023-12-26 17:42:28,475 [main] INFO  netty.NettyConfigKeys$DataStream (ConfUtils.java:logGet(46)) - raft.netty.dataStream.server.worker-group.size = 0 (default)
2023-12-26 17:42:28,475 [main] INFO  netty.NettyUtils (NettyUtils.java:newEventLoopGroup(69)) - Create EpollEventLoopGroup for 559a6ab5-825d-4c14-b258-477429313dde-NettyServerStreamRpc-workerGroup; Thread size is 0.
2023-12-26 17:42:28,475 [main] INFO  netty.NettyConfigKeys$DataStream (ConfUtils.java:logGet(46)) - raft.netty.dataStream.server.tls.conf = null (default)
2023-12-26 17:42:28,475 [main] INFO  netty.NettyConfigKeys$DataStream (ConfUtils.java:logGet(46)) - raft.netty.dataStream.host = null (default)
2023-12-26 17:42:28,475 [main] INFO  netty.NettyConfigKeys$DataStream (ConfUtils.java:logGet(46)) - raft.netty.dataStream.port = 15131 (custom)
2023-12-26 17:42:28,476 [main] INFO  server.RaftServerConfigKeys (ConfUtils.java:logGet(46)) - raft.server.sleep.deviation.threshold = 300ms (default)
2023-12-26 17:42:28,476 [main] INFO  server.RaftServerConfigKeys (ConfUtils.java:logGet(46)) - raft.server.close.threshold = 60s (default)
2023-12-26 17:42:28,476 [559a6ab5-825d-4c14-b258-477429313dde-NettyServerStreamRpc-bossGroup--thread1] INFO  logging.LoggingHandler (AbstractInternalLogger.java:log(148)) - [id: 0x8049ff23] REGISTERED
2023-12-26 17:42:28,476 [main] INFO  server.RaftServerConfigKeys (ConfUtils.java:logGet(46)) - raft.server.leaderelection.leader.step-down.wait-time = 10s (default)
2023-12-26 17:42:28,476 [559a6ab5-825d-4c14-b258-477429313dde-NettyServerStreamRpc-bossGroup--thread1] INFO  logging.LoggingHandler (AbstractInternalLogger.java:log(148)) - [id: 0x8049ff23] BIND: 0.0.0.0/0.0.0.0:15131
2023-12-26 17:42:28,477 [main] INFO  server.RaftServerConfigKeys (ConfUtils.java:logGet(46)) - raft.server.storage.dir = [/home/runner/work/ozone/ozone/hadoop-ozone/integration-test/target/test-dir/MiniOzoneClusterImpl-c07e4b46-e5c7-4260-9d08-acd32f4d7801/datanode-3/data/ratis] (custom)
2023-12-26 17:42:28,477 [559a6ab5-825d-4c14-b258-477429313dde-NettyServerStreamRpc-bossGroup--thread1] INFO  logging.LoggingHandler (AbstractInternalLogger.java:log(148)) - [id: 0x8049ff23, L:/0.0.0.0:15131] ACTIVE
2023-12-26 17:42:28,477 [main] INFO  server.RaftServerConfigKeys (ConfUtils.java:logGet(46)) - raft.server.threadpool.proxy.cached = true (default)
2023-12-26 17:42:28,477 [main] INFO  server.RaftServerConfigKeys (ConfUtils.java:logGet(46)) - raft.server.threadpool.proxy.size = 0 (default)
2023-12-26 17:42:28,478 [559a6ab5-825d-4c14-b258-477429313dde-impl-thread1] INFO  server.RaftServer (RaftServerProxy.java:initGroupDir(264)) - 559a6ab5-825d-4c14-b258-477429313dde: found a subdirectory /home/runner/work/ozone/ozone/hadoop-ozone/integration-test/target/test-dir/MiniOzoneClusterImpl-c07e4b46-e5c7-4260-9d08-acd32f4d7801/datanode-3/data/ratis/tmp
2023-12-26 17:42:28,478 [559a6ab5-825d-4c14-b258-477429313dde-impl-thread1] INFO  server.RaftServer (RaftServerProxy.java:initGroupDir(269)) - 559a6ab5-825d-4c14-b258-477429313dde: The directory /home/runner/work/ozone/ozone/hadoop-ozone/integration-test/target/test-dir/MiniOzoneClusterImpl-c07e4b46-e5c7-4260-9d08-acd32f4d7801/datanode-3/data/ratis/tmp is not a group directory; ignoring it. 
2023-12-26 17:42:28,478 [main] INFO  replication.ReplicationServer (ReplicationServer.java:<init>(85)) - Initializing replication server with thread count = 10 queue length = 4096
2023-12-26 17:42:28,479 [main] INFO  server.XceiverServerGrpc (XceiverServerGrpc.java:<init>(141)) - GrpcServer channel type EpollServerSocketChannel
2023-12-26 17:42:28,481 [main] INFO  replication.ReplicationSupervisor (ReplicationSupervisor.java:build(163)) - Initializing replication supervisor with thread count = 10
2023-12-26 17:42:28,481 [main] INFO  replication.ReplicationSupervisor (ReplicationSupervisor.java:nodeStateUpdated(317)) - Node state updated to IN_SERVICE, scaling executor pool size to 10
2023-12-26 17:42:28,486 [main] INFO  http.BaseHttpServer (BaseHttpServer.java:newHttpServer2BuilderForOzone(223)) - Starting Web-server for hddsDatanode at: http://0.0.0.0:15125
2023-12-26 17:42:28,486 [main] INFO  http.BaseHttpServer (BaseHttpServer.java:<init>(110)) - Hadoop Security Enabled: false Ozone Security Enabled: false Ozone HTTP Security Enabled: false 
2023-12-26 17:42:28,487 [main] WARN  server.AuthenticationFilter (AuthenticationFilter.java:constructSecretProvider(240)) - Unable to initialize FileSignerSecretProvider, falling back to use random secrets. Reason: Could not read signature secret file: /home/runner/hadoop-http-auth-signature-secret
2023-12-26 17:42:28,487 [main] INFO  http.HttpRequestLog (HttpRequestLog.java:getRequestLog(86)) - Http request log for http.requests.hddsDatanode is not defined
2023-12-26 17:42:28,488 [main] INFO  http.HttpServer2 (HttpServer2.java:addGlobalFilter(1036)) - Added global filter 'safety' (class=org.apache.hadoop.hdds.server.http.HttpServer2$QuotingInputFilter)
2023-12-26 17:42:28,488 [main] INFO  http.HttpServer2 (HttpServer2.java:addFilter(1012)) - Added filter static_user_filter (class=org.apache.hadoop.http.lib.StaticUserWebFilter$StaticUserFilter) to context hddsDatanode
2023-12-26 17:42:28,489 [main] INFO  http.HttpServer2 (HttpServer2.java:addFilter(1020)) - Added filter static_user_filter (class=org.apache.hadoop.http.lib.StaticUserWebFilter$StaticUserFilter) to context logs
2023-12-26 17:42:28,489 [main] INFO  http.HttpServer2 (HttpServer2.java:addFilter(1020)) - Added filter static_user_filter (class=org.apache.hadoop.http.lib.StaticUserWebFilter$StaticUserFilter) to context static
2023-12-26 17:42:28,491 [main] INFO  http.BaseHttpServer (BaseHttpServer.java:<init>(189)) - HTTP server of hddsDatanode uses base directory /home/runner/work/ozone/ozone/hadoop-ozone/integration-test/target/test-dir/MiniOzoneClusterImpl-c07e4b46-e5c7-4260-9d08-acd32f4d7801/datanode-3/meta/webserver
2023-12-26 17:42:28,491 [main] INFO  http.HttpServer2 (HttpServer2.java:bindListener(1236)) - Jetty bound to port 15125
2023-12-26 17:42:28,492 [main] INFO  server.Server (Server.java:doStart(375)) - jetty-9.4.53.v20231009; built: 2023-10-09T12:29:09.265Z; git: 27bde00a0b95a1d5bbee0eae7984f891d2d0f8c9; jvm 1.8.0_392-b08
2023-12-26 17:42:28,501 [main] INFO  server.session (DefaultSessionIdManager.java:doStart(334)) - DefaultSessionIdManager workerName=node0
2023-12-26 17:42:28,502 [main] INFO  server.session (DefaultSessionIdManager.java:doStart(339)) - No SessionScavenger set, using defaults
2023-12-26 17:42:28,502 [main] INFO  server.session (HouseKeeper.java:startScavenging(132)) - node0 Scavenging every 660000ms
2023-12-26 17:42:28,503 [main] INFO  handler.ContextHandler (ContextHandler.java:doStart(921)) - Started o.e.j.s.ServletContextHandler@40a60ca{logs,/logs,file:///home/runner/work/ozone/ozone/hadoop-ozone/integration-test/target/log,AVAILABLE}
2023-12-26 17:42:28,503 [main] INFO  handler.ContextHandler (ContextHandler.java:doStart(921)) - Started o.e.j.s.ServletContextHandler@72ebefc{static,/static,jar:file:/home/runner/.m2/repository/org/apache/ozone/hdds-container-service/1.5.0-SNAPSHOT/hdds-container-service-1.5.0-SNAPSHOT.jar!/webapps/static,AVAILABLE}
2023-12-26 17:42:28,543 [main] INFO  handler.ContextHandler (ContextHandler.java:doStart(921)) - Started o.e.j.w.WebAppContext@8d1011{hddsDatanode,/,file:///home/runner/work/ozone/ozone/hadoop-ozone/integration-test/target/test-dir/MiniOzoneClusterImpl-c07e4b46-e5c7-4260-9d08-acd32f4d7801/datanode-3/meta/webserver/jetty-0_0_0_0-15125-hdds-container-service-1_5_0-SNAPSHOT_jar-_-any-393256629606789285/webapp/,AVAILABLE}{jar:file:/home/runner/.m2/repository/org/apache/ozone/hdds-container-service/1.5.0-SNAPSHOT/hdds-container-service-1.5.0-SNAPSHOT.jar!/webapps/hddsDatanode}
2023-12-26 17:42:28,544 [main] INFO  server.AbstractConnector (AbstractConnector.java:doStart(333)) - Started ServerConnector@750f8631{HTTP/1.1, (http/1.1)}{0.0.0.0:15125}
2023-12-26 17:42:28,545 [main] INFO  server.Server (Server.java:doStart(415)) - Started @46197ms
2023-12-26 17:42:28,545 [main] WARN  impl.MetricsSystemImpl (MetricsSystemImpl.java:register(279)) - Sink prometheus already exists!
2023-12-26 17:42:28,545 [main] INFO  http.BaseHttpServer (BaseHttpServer.java:updateConnectorAddress(354)) - HTTP server of hddsDatanode listening at http://0.0.0.0:15125
2023-12-26 17:42:28,546 [main] INFO  ipc.CallQueueManager (CallQueueManager.java:<init>(90)) - Using callQueue: class java.util.concurrent.LinkedBlockingQueue, queueCapacity: 100, scheduler: class org.apache.hadoop.ipc.DefaultRpcScheduler, ipcBackoff: false.
2023-12-26 17:42:28,546 [main] INFO  ipc.Server (Server.java:<init>(1287)) - Listener at 0.0.0.0:15126
2023-12-26 17:42:28,546 [Socket Reader #1 for port 15126] INFO  ipc.Server (Server.java:run(1323)) - Starting Socket Reader #1 for port 15126
2023-12-26 17:42:28,548 [main] INFO  ozone.HddsDatanodeService (HddsDatanodeService.java:start(324)) - Datanode start with admins: [runner]
2023-12-26 17:42:28,548 [main] INFO  ozone.HddsDatanodeClientProtocolServer (HddsDatanodeClientProtocolServer.java:start(72)) - RPC server for Client /0.0.0.0:15126
2023-12-26 17:42:28,549 [IPC Server Responder] INFO  ipc.Server (Server.java:run(1562)) - IPC Server Responder: starting
2023-12-26 17:42:28,549 [559a6ab5-825d-4c14-b258-477429313dde-DatanodeStateMachineDaemonThread] INFO  statemachine.DatanodeStateMachine (DatanodeStateMachine.java:lambda$startDaemon$1(555)) - Ozone container server started.
2023-12-26 17:42:28,549 [main] WARN  dropwizard3.Dm3MetricRegistriesImpl (Dm3MetricRegistriesImpl.java:addReporterRegistration(113)) - New reporters are added after registries were created. Some metrics will be missing from the reporter. Please add reporter before adding any new registry.
2023-12-26 17:42:28,549 [main] WARN  dropwizard3.Dm3MetricRegistriesImpl (Dm3MetricRegistriesImpl.java:addReporterRegistration(113)) - New reporters are added after registries were created. Some metrics will be missing from the reporter. Please add reporter before adding any new registry.
2023-12-26 17:42:28,549 [main] INFO  impl.MetricsSystemImpl (MetricsSystemImpl.java:init(158)) - HddsDatanode metrics system started (again)
2023-12-26 17:42:28,549 [IPC Server listener on 15126] INFO  ipc.Server (Server.java:run(1402)) - IPC Server listener on 15126: starting
2023-12-26 17:42:28,558 [559a6ab5-825d-4c14-b258-477429313dde-DatanodeStateMachineTaskThread-0] INFO  datanode.InitDatanodeState (InitDatanodeState.java:persistContainerDatanodeDetails(139)) - DatanodeDetails is persisted to /home/runner/work/ozone/ozone/hadoop-ozone/integration-test/target/test-dir/MiniOzoneClusterImpl-c07e4b46-e5c7-4260-9d08-acd32f4d7801/datanode-3/meta/datanode.id
2023-12-26 17:42:28,566 [main] INFO  ozone.HddsDatanodeService (HddsDatanodeService.java:start(239)) - HddsDatanodeService host:fv-az1381-115 ip:10.1.0.4
2023-12-26 17:42:28,590 [main] INFO  upgrade.AbstractLayoutVersionManager (AbstractLayoutVersionManager.java:init(83)) - Initializing Layout version manager with metadata layout = HADOOP_PRC_PORTS_IN_DATANODEDETAILS (version = 7), software layout = HADOOP_PRC_PORTS_IN_DATANODEDETAILS (version = 7)
2023-12-26 17:42:28,592 [main] INFO  statemachine.DatanodeStateMachine (DatanodeStateMachine.java:getEndPointTaskThreadPoolSize(299)) - Datanode State Machine Task Thread Pool size 2
2023-12-26 17:42:28,597 [main] ERROR lib.MethodMetric (MethodMetric.java:snapshot(117)) - Error invoking method getCommitted
java.lang.reflect.InvocationTargetException
	at sun.reflect.GeneratedMethodAccessor85.invoke(Unknown Source)
	at sun.reflect.DelegatingMethodAccessorImpl.invoke(DelegatingMethodAccessorImpl.java:43)
	at java.lang.reflect.Method.invoke(Method.java:498)
	at org.apache.hadoop.metrics2.lib.MethodMetric$2.snapshot(MethodMetric.java:111)
	at org.apache.hadoop.metrics2.lib.MethodMetric.snapshot(MethodMetric.java:142)
	at org.apache.hadoop.metrics2.lib.MetricsRegistry.snapshot(MetricsRegistry.java:447)
	at org.apache.hadoop.metrics2.lib.MetricsSourceBuilder$1.getMetrics(MetricsSourceBuilder.java:89)
	at org.apache.hadoop.metrics2.impl.MetricsSourceAdapter.getMetrics(MetricsSourceAdapter.java:200)
	at org.apache.hadoop.metrics2.impl.MetricsSourceAdapter.updateJmxCache(MetricsSourceAdapter.java:183)
	at org.apache.hadoop.metrics2.impl.MetricsSourceAdapter.getMBeanInfo(MetricsSourceAdapter.java:156)
	at com.sun.jmx.interceptor.DefaultMBeanServerInterceptor.getNewMBeanClassName(DefaultMBeanServerInterceptor.java:333)
	at com.sun.jmx.interceptor.DefaultMBeanServerInterceptor.registerMBean(DefaultMBeanServerInterceptor.java:319)
	at com.sun.jmx.mbeanserver.JmxMBeanServer.registerMBean(JmxMBeanServer.java:522)
	at org.apache.hadoop.metrics2.util.MBeans.register(MBeans.java:100)
	at org.apache.hadoop.metrics2.util.MBeans.register(MBeans.java:73)
	at org.apache.hadoop.metrics2.impl.MetricsSourceAdapter.startMBeans(MetricsSourceAdapter.java:222)
	at org.apache.hadoop.metrics2.impl.MetricsSourceAdapter.start(MetricsSourceAdapter.java:101)
	at org.apache.hadoop.metrics2.impl.MetricsSystemImpl.registerSource(MetricsSystemImpl.java:268)
	at org.apache.hadoop.metrics2.impl.MetricsSystemImpl.register(MetricsSystemImpl.java:233)
	at org.apache.hadoop.ozone.container.common.volume.VolumeInfoMetrics.init(VolumeInfoMetrics.java:50)
	at org.apache.hadoop.ozone.container.common.volume.VolumeInfoMetrics.<init>(VolumeInfoMetrics.java:45)
	at org.apache.hadoop.ozone.container.common.volume.HddsVolume.<init>(HddsVolume.java:123)
	at org.apache.hadoop.ozone.container.common.volume.HddsVolume.<init>(HddsVolume.java:71)
	at org.apache.hadoop.ozone.container.common.volume.HddsVolume$Builder.build(HddsVolume.java:111)
	at org.apache.hadoop.ozone.container.common.volume.HddsVolumeFactory.createVolume(HddsVolumeFactory.java:48)
	at org.apache.hadoop.ozone.container.common.volume.MutableVolumeSet.initializeVolumeSet(MutableVolumeSet.java:170)
	at org.apache.hadoop.ozone.container.common.volume.MutableVolumeSet.<init>(MutableVolumeSet.java:132)
	at org.apache.hadoop.ozone.container.common.volume.MutableVolumeSet.<init>(MutableVolumeSet.java:96)
	at org.apache.hadoop.ozone.container.ozoneimpl.OzoneContainer.<init>(OzoneContainer.java:149)
	at org.apache.hadoop.ozone.container.common.statemachine.DatanodeStateMachine.<init>(DatanodeStateMachine.java:186)
	at org.apache.hadoop.ozone.HddsDatanodeService.start(HddsDatanodeService.java:296)
	at org.apache.hadoop.ozone.MiniOzoneClusterImpl.startHddsDatanode(MiniOzoneClusterImpl.java:489)
	at java.util.ArrayList.forEach(ArrayList.java:1259)
	at org.apache.hadoop.ozone.MiniOzoneClusterImpl.startHddsDatanodes(MiniOzoneClusterImpl.java:497)
	at org.apache.hadoop.ozone.MiniOzoneClusterImpl$Builder.build(MiniOzoneClusterImpl.java:627)
	at org.apache.hadoop.ozone.client.rpc.TestWatchForCommit.init(TestWatchForCommit.java:149)
	at sun.reflect.NativeMethodAccessorImpl.invoke0(Native Method)
	at sun.reflect.NativeMethodAccessorImpl.invoke(NativeMethodAccessorImpl.java:62)
	at sun.reflect.DelegatingMethodAccessorImpl.invoke(DelegatingMethodAccessorImpl.java:43)
	at java.lang.reflect.Method.invoke(Method.java:498)
	at org.junit.platform.commons.util.ReflectionUtils.invokeMethod(ReflectionUtils.java:728)
	at org.junit.jupiter.engine.execution.MethodInvocation.proceed(MethodInvocation.java:60)
	at org.junit.jupiter.engine.execution.InvocationInterceptorChain$ValidatingInvocation.proceed(InvocationInterceptorChain.java:131)
	at org.junit.jupiter.engine.extension.TimeoutExtension.intercept(TimeoutExtension.java:156)
	at org.junit.jupiter.engine.extension.TimeoutExtension.interceptLifecycleMethod(TimeoutExtension.java:128)
	at org.junit.jupiter.engine.extension.TimeoutExtension.interceptBeforeEachMethod(TimeoutExtension.java:78)
	at org.junit.jupiter.engine.execution.InterceptingExecutableInvoker$ReflectiveInterceptorCall.lambda$ofVoidMethod$0(InterceptingExecutableInvoker.java:103)
	at org.junit.jupiter.engine.execution.InterceptingExecutableInvoker.lambda$invoke$0(InterceptingExecutableInvoker.java:93)
	at org.junit.jupiter.engine.execution.InvocationInterceptorChain$InterceptedInvocation.proceed(InvocationInterceptorChain.java:106)
	at org.junit.jupiter.engine.execution.InvocationInterceptorChain.proceed(InvocationInterceptorChain.java:64)
	at org.junit.jupiter.engine.execution.InvocationInterceptorChain.chainAndInvoke(InvocationInterceptorChain.java:45)
	at org.junit.jupiter.engine.execution.InvocationInterceptorChain.invoke(InvocationInterceptorChain.java:37)
	at org.junit.jupiter.engine.execution.InterceptingExecutableInvoker.invoke(InterceptingExecutableInvoker.java:92)
	at org.junit.jupiter.engine.execution.InterceptingExecutableInvoker.invoke(InterceptingExecutableInvoker.java:86)
	at org.junit.jupiter.engine.descriptor.ClassBasedTestDescriptor.invokeMethodInExtensionContext(ClassBasedTestDescriptor.java:521)
	at org.junit.jupiter.engine.descriptor.ClassBasedTestDescriptor.lambda$synthesizeBeforeEachMethodAdapter$23(ClassBasedTestDescriptor.java:506)
	at org.junit.jupiter.engine.descriptor.TestMethodTestDescriptor.lambda$invokeBeforeEachMethods$3(TestMethodTestDescriptor.java:175)
	at org.junit.jupiter.engine.descriptor.TestMethodTestDescriptor.lambda$invokeBeforeMethodsOrCallbacksUntilExceptionOccurs$6(TestMethodTestDescriptor.java:203)
	at org.junit.platform.engine.support.hierarchical.ThrowableCollector.execute(ThrowableCollector.java:73)
	at org.junit.jupiter.engine.descriptor.TestMethodTestDescriptor.invokeBeforeMethodsOrCallbacksUntilExceptionOccurs(TestMethodTestDescriptor.java:203)
	at org.junit.jupiter.engine.descriptor.TestMethodTestDescriptor.invokeBeforeEachMethods(TestMethodTestDescriptor.java:172)
	at org.junit.jupiter.engine.descriptor.TestMethodTestDescriptor.execute(TestMethodTestDescriptor.java:135)
	at org.junit.jupiter.engine.descriptor.TestMethodTestDescriptor.execute(TestMethodTestDescriptor.java:69)
	at org.junit.platform.engine.support.hierarchical.NodeTestTask.lambda$executeRecursively$6(NodeTestTask.java:151)
	at org.junit.platform.engine.support.hierarchical.ThrowableCollector.execute(ThrowableCollector.java:73)
	at org.junit.platform.engine.support.hierarchical.NodeTestTask.lambda$executeRecursively$8(NodeTestTask.java:141)
	at org.junit.platform.engine.support.hierarchical.Node.around(Node.java:137)
	at org.junit.platform.engine.support.hierarchical.NodeTestTask.lambda$executeRecursively$9(NodeTestTask.java:139)
	at org.junit.platform.engine.support.hierarchical.ThrowableCollector.execute(ThrowableCollector.java:73)
	at org.junit.platform.engine.support.hierarchical.NodeTestTask.executeRecursively(NodeTestTask.java:138)
	at org.junit.platform.engine.support.hierarchical.NodeTestTask.execute(NodeTestTask.java:95)
	at java.util.ArrayList.forEach(ArrayList.java:1259)
	at org.junit.platform.engine.support.hierarchical.SameThreadHierarchicalTestExecutorService.invokeAll(SameThreadHierarchicalTestExecutorService.java:41)
	at org.junit.platform.engine.support.hierarchical.NodeTestTask.lambda$executeRecursively$6(NodeTestTask.java:155)
	at org.junit.platform.engine.support.hierarchical.ThrowableCollector.execute(ThrowableCollector.java:73)
	at org.junit.platform.engine.support.hierarchical.NodeTestTask.lambda$executeRecursively$8(NodeTestTask.java:141)
	at org.junit.platform.engine.support.hierarchical.Node.around(Node.java:137)
	at org.junit.platform.engine.support.hierarchical.NodeTestTask.lambda$executeRecursively$9(NodeTestTask.java:139)
	at org.junit.platform.engine.support.hierarchical.ThrowableCollector.execute(ThrowableCollector.java:73)
	at org.junit.platform.engine.support.hierarchical.NodeTestTask.executeRecursively(NodeTestTask.java:138)
	at org.junit.platform.engine.support.hierarchical.NodeTestTask.execute(NodeTestTask.java:95)
	at java.util.ArrayList.forEach(ArrayList.java:1259)
	at org.junit.platform.engine.support.hierarchical.SameThreadHierarchicalTestExecutorService.invokeAll(SameThreadHierarchicalTestExecutorService.java:41)
	at org.junit.platform.engine.support.hierarchical.NodeTestTask.lambda$executeRecursively$6(NodeTestTask.java:155)
	at org.junit.platform.engine.support.hierarchical.ThrowableCollector.execute(ThrowableCollector.java:73)
	at org.junit.platform.engine.support.hierarchical.NodeTestTask.lambda$executeRecursively$8(NodeTestTask.java:141)
	at org.junit.platform.engine.support.hierarchical.Node.around(Node.java:137)
	at org.junit.platform.engine.support.hierarchical.NodeTestTask.lambda$executeRecursively$9(NodeTestTask.java:139)
	at org.junit.platform.engine.support.hierarchical.ThrowableCollector.execute(ThrowableCollector.java:73)
	at org.junit.platform.engine.support.hierarchical.NodeTestTask.executeRecursively(NodeTestTask.java:138)
	at org.junit.platform.engine.support.hierarchical.NodeTestTask.execute(NodeTestTask.java:95)
	at org.junit.platform.engine.support.hierarchical.SameThreadHierarchicalTestExecutorService.submit(SameThreadHierarchicalTestExecutorService.java:35)
	at org.junit.platform.engine.support.hierarchical.HierarchicalTestExecutor.execute(HierarchicalTestExecutor.java:57)
	at org.junit.platform.engine.support.hierarchical.HierarchicalTestEngine.execute(HierarchicalTestEngine.java:54)
	at org.junit.platform.launcher.core.EngineExecutionOrchestrator.execute(EngineExecutionOrchestrator.java:198)
	at org.junit.platform.launcher.core.EngineExecutionOrchestrator.execute(EngineExecutionOrchestrator.java:169)
	at org.junit.platform.launcher.core.EngineExecutionOrchestrator.execute(EngineExecutionOrchestrator.java:93)
	at org.junit.platform.launcher.core.EngineExecutionOrchestrator.lambda$execute$0(EngineExecutionOrchestrator.java:58)
	at org.junit.platform.launcher.core.EngineExecutionOrchestrator.withInterceptedStreams(EngineExecutionOrchestrator.java:141)
	at org.junit.platform.launcher.core.EngineExecutionOrchestrator.execute(EngineExecutionOrchestrator.java:57)
	at org.junit.platform.launcher.core.DefaultLauncher.execute(DefaultLauncher.java:103)
	at org.junit.platform.launcher.core.DefaultLauncher.execute(DefaultLauncher.java:85)
	at org.junit.platform.launcher.core.DelegatingLauncher.execute(DelegatingLauncher.java:47)
	at org.apache.maven.surefire.junitplatform.LazyLauncher.execute(LazyLauncher.java:56)
	at org.apache.maven.surefire.junitplatform.JUnitPlatformProvider.execute(JUnitPlatformProvider.java:184)
	at org.apache.maven.surefire.junitplatform.JUnitPlatformProvider.invokeAllTests(JUnitPlatformProvider.java:148)
	at org.apache.maven.surefire.junitplatform.JUnitPlatformProvider.invoke(JUnitPlatformProvider.java:120)
	at org.apache.maven.surefire.booter.ForkedBooter.runSuitesInProcess(ForkedBooter.java:385)
	at org.apache.maven.surefire.booter.ForkedBooter.execute(ForkedBooter.java:162)
	at org.apache.maven.surefire.booter.ForkedBooter.run(ForkedBooter.java:507)
	at org.apache.maven.surefire.booter.ForkedBooter.main(ForkedBooter.java:495)
Caused by: java.lang.NullPointerException
	at org.apache.hadoop.ozone.container.common.volume.HddsVolume.getCommittedBytes(HddsVolume.java:303)
	at org.apache.hadoop.ozone.container.common.volume.VolumeInfoMetrics.getCommitted(VolumeInfoMetrics.java:147)
	... 111 more
2023-12-26 17:42:28,599 [main] INFO  volume.HddsVolume (HddsVolume.java:<init>(126)) - Creating HddsVolume: /home/runner/work/ozone/ozone/hadoop-ozone/integration-test/target/test-dir/MiniOzoneClusterImpl-c07e4b46-e5c7-4260-9d08-acd32f4d7801/datanode-4/data-0/containers/hdds of storage type : DISK capacity : 9223372036854775807
2023-12-26 17:42:28,599 [main] INFO  volume.MutableVolumeSet (MutableVolumeSet.java:initializeVolumeSet(173)) - Added Volume : /home/runner/work/ozone/ozone/hadoop-ozone/integration-test/target/test-dir/MiniOzoneClusterImpl-c07e4b46-e5c7-4260-9d08-acd32f4d7801/datanode-4/data-0/containers/hdds to VolumeSet
2023-12-26 17:42:28,600 [main] INFO  volume.MutableVolumeSet (MutableVolumeSet.java:initializeVolumeSet(173)) - Added Volume : /home/runner/work/ozone/ozone/hadoop-ozone/integration-test/target/test-dir/MiniOzoneClusterImpl-c07e4b46-e5c7-4260-9d08-acd32f4d7801/datanode-4/data/ratis to VolumeSet
2023-12-26 17:42:28,600 [main] INFO  ozoneimpl.OzoneContainer (HddsVolumeUtil.java:loadAllHddsVolumeDbStore(103)) - Load 1 volumes DbStore cost: 0ms
2023-12-26 17:42:28,601 [12bf515f-ba3e-42f8-ba13-af4a8bda6fda-ContainerReader-0] INFO  ozoneimpl.ContainerReader (ContainerReader.java:readVolume(178)) - Finish verifying containers on volume /home/runner/work/ozone/ozone/hadoop-ozone/integration-test/target/test-dir/MiniOzoneClusterImpl-c07e4b46-e5c7-4260-9d08-acd32f4d7801/datanode-4/data-0/containers/hdds
2023-12-26 17:42:28,601 [main] INFO  ozoneimpl.OzoneContainer (OzoneContainer.java:buildContainerSet(326)) - Build ContainerSet costs 0s
2023-12-26 17:42:28,603 [main] INFO  server.RaftServer (ConfUtils.java:logGet(46)) - raft.rpc.type = GRPC (default)
2023-12-26 17:42:28,603 [main] INFO  grpc.GrpcConfigKeys (ConfUtils.java:logFallback(53)) - raft.grpc.admin.host = null (fallback to raft.grpc.server.host)
2023-12-26 17:42:28,603 [main] INFO  grpc.GrpcConfigKeys (ConfUtils.java:logGet(46)) - raft.grpc.admin.port = 15138 (custom)
2023-12-26 17:42:28,604 [main] INFO  grpc.GrpcConfigKeys (ConfUtils.java:logFallback(53)) - raft.grpc.client.host = null (fallback to raft.grpc.server.host)
2023-12-26 17:42:28,604 [main] INFO  grpc.GrpcConfigKeys (ConfUtils.java:logGet(46)) - raft.grpc.client.port = 15137 (custom)
2023-12-26 17:42:28,604 [main] INFO  grpc.GrpcConfigKeys (ConfUtils.java:logGet(46)) - raft.grpc.server.host = null (default)
2023-12-26 17:42:28,604 [main] INFO  grpc.GrpcConfigKeys (ConfUtils.java:logGet(46)) - raft.grpc.server.port = 15139 (custom)
2023-12-26 17:42:28,604 [main] INFO  server.GrpcService (ConfUtils.java:logGet(46)) - raft.grpc.message.size.max = 32MB (=33554432) (custom)
2023-12-26 17:42:28,604 [main] INFO  server.RaftServerConfigKeys (ConfUtils.java:logGet(46)) - raft.server.log.appender.buffer.byte-limit = 8388608 (custom)
2023-12-26 17:42:28,604 [main] INFO  server.GrpcService (ConfUtils.java:logGet(46)) - raft.grpc.flow.control.window = 5MB (=5242880) (custom)
2023-12-26 17:42:28,604 [main] INFO  server.RaftServerConfigKeys (ConfUtils.java:logGet(46)) - raft.server.rpc.request.timeout = 3000ms (default)
2023-12-26 17:42:28,605 [main] INFO  grpc.GrpcConfigKeys (ConfUtils.java:logGet(46)) - raft.grpc.server.heartbeat.channel = true (default)
2023-12-26 17:42:28,605 [main] INFO  grpc.GrpcConfigKeys (ConfUtils.java:logGet(46)) - raft.grpc.server.async.request.thread.pool.cached = true (default)
2023-12-26 17:42:28,605 [main] INFO  grpc.GrpcConfigKeys (ConfUtils.java:logGet(46)) - raft.grpc.server.async.request.thread.pool.size = 32 (default)
2023-12-26 17:42:28,607 [main] INFO  impl.DataStreamServerImpl (ConfUtils.java:logGet(46)) - raft.datastream.type = NETTY (custom)
2023-12-26 17:42:28,608 [main] INFO  server.RaftServerConfigKeys (ConfUtils.java:logGet(46)) - raft.server.data-stream.async.request.thread.pool.cached = false (default)
2023-12-26 17:42:28,608 [main] INFO  server.RaftServerConfigKeys (ConfUtils.java:logGet(46)) - raft.server.data-stream.async.request.thread.pool.size = 20 (custom)
2023-12-26 17:42:28,608 [main] INFO  server.RaftServerConfigKeys (ConfUtils.java:logGet(46)) - raft.server.data-stream.async.write.thread.pool.size = 16 (default)
2023-12-26 17:42:28,608 [main] INFO  netty.NettyConfigKeys$DataStream (ConfUtils.java:logGet(46)) - raft.netty.dataStream.server.channel.inactive.grace-period = 10min (default)
2023-12-26 17:42:28,608 [main] INFO  server.RaftServerConfigKeys (ConfUtils.java:logGet(46)) - raft.server.data-stream.client.pool.size = 10 (default)
2023-12-26 17:42:28,609 [main] INFO  netty.NettyConfigKeys$DataStream (ConfUtils.java:logGet(46)) - raft.netty.dataStream.server.use-epoll = true (default)
2023-12-26 17:42:28,609 [main] INFO  netty.NettyConfigKeys$DataStream (ConfUtils.java:logGet(46)) - raft.netty.dataStream.server.boss-group.size = 0 (default)
2023-12-26 17:42:28,609 [main] INFO  netty.NettyUtils (NettyUtils.java:newEventLoopGroup(69)) - Create EpollEventLoopGroup for 12bf515f-ba3e-42f8-ba13-af4a8bda6fda-NettyServerStreamRpc-bossGroup; Thread size is 0.
2023-12-26 17:42:28,609 [main] INFO  netty.NettyConfigKeys$DataStream (ConfUtils.java:logGet(46)) - raft.netty.dataStream.server.worker-group.size = 0 (default)
2023-12-26 17:42:28,610 [main] INFO  netty.NettyUtils (NettyUtils.java:newEventLoopGroup(69)) - Create EpollEventLoopGroup for 12bf515f-ba3e-42f8-ba13-af4a8bda6fda-NettyServerStreamRpc-workerGroup; Thread size is 0.
2023-12-26 17:42:28,610 [main] INFO  netty.NettyConfigKeys$DataStream (ConfUtils.java:logGet(46)) - raft.netty.dataStream.server.tls.conf = null (default)
2023-12-26 17:42:28,610 [main] INFO  netty.NettyConfigKeys$DataStream (ConfUtils.java:logGet(46)) - raft.netty.dataStream.host = null (default)
2023-12-26 17:42:28,610 [main] INFO  netty.NettyConfigKeys$DataStream (ConfUtils.java:logGet(46)) - raft.netty.dataStream.port = 15140 (custom)
2023-12-26 17:42:28,611 [main] INFO  server.RaftServerConfigKeys (ConfUtils.java:logGet(46)) - raft.server.sleep.deviation.threshold = 300ms (default)
2023-12-26 17:42:28,611 [12bf515f-ba3e-42f8-ba13-af4a8bda6fda-NettyServerStreamRpc-bossGroup--thread1] INFO  logging.LoggingHandler (AbstractInternalLogger.java:log(148)) - [id: 0xe5c0ef7d] REGISTERED
2023-12-26 17:42:28,611 [12bf515f-ba3e-42f8-ba13-af4a8bda6fda-NettyServerStreamRpc-bossGroup--thread1] INFO  logging.LoggingHandler (AbstractInternalLogger.java:log(148)) - [id: 0xe5c0ef7d] BIND: 0.0.0.0/0.0.0.0:15140
2023-12-26 17:42:28,611 [12bf515f-ba3e-42f8-ba13-af4a8bda6fda-NettyServerStreamRpc-bossGroup--thread1] INFO  logging.LoggingHandler (AbstractInternalLogger.java:log(148)) - [id: 0xe5c0ef7d, L:/0.0.0.0:15140] ACTIVE
2023-12-26 17:42:28,611 [main] INFO  server.RaftServerConfigKeys (ConfUtils.java:logGet(46)) - raft.server.close.threshold = 60s (default)
2023-12-26 17:42:28,612 [main] INFO  server.RaftServerConfigKeys (ConfUtils.java:logGet(46)) - raft.server.leaderelection.leader.step-down.wait-time = 10s (default)
2023-12-26 17:42:28,612 [main] INFO  server.RaftServerConfigKeys (ConfUtils.java:logGet(46)) - raft.server.storage.dir = [/home/runner/work/ozone/ozone/hadoop-ozone/integration-test/target/test-dir/MiniOzoneClusterImpl-c07e4b46-e5c7-4260-9d08-acd32f4d7801/datanode-4/data/ratis] (custom)
2023-12-26 17:42:28,612 [main] INFO  server.RaftServerConfigKeys (ConfUtils.java:logGet(46)) - raft.server.threadpool.proxy.cached = true (default)
2023-12-26 17:42:28,613 [main] INFO  server.RaftServerConfigKeys (ConfUtils.java:logGet(46)) - raft.server.threadpool.proxy.size = 0 (default)
2023-12-26 17:42:28,613 [12bf515f-ba3e-42f8-ba13-af4a8bda6fda-impl-thread1] INFO  server.RaftServer (RaftServerProxy.java:initGroupDir(264)) - 12bf515f-ba3e-42f8-ba13-af4a8bda6fda: found a subdirectory /home/runner/work/ozone/ozone/hadoop-ozone/integration-test/target/test-dir/MiniOzoneClusterImpl-c07e4b46-e5c7-4260-9d08-acd32f4d7801/datanode-4/data/ratis/tmp
2023-12-26 17:42:28,613 [12bf515f-ba3e-42f8-ba13-af4a8bda6fda-impl-thread1] INFO  server.RaftServer (RaftServerProxy.java:initGroupDir(269)) - 12bf515f-ba3e-42f8-ba13-af4a8bda6fda: The directory /home/runner/work/ozone/ozone/hadoop-ozone/integration-test/target/test-dir/MiniOzoneClusterImpl-c07e4b46-e5c7-4260-9d08-acd32f4d7801/datanode-4/data/ratis/tmp is not a group directory; ignoring it. 
2023-12-26 17:42:28,614 [main] INFO  replication.ReplicationServer (ReplicationServer.java:<init>(85)) - Initializing replication server with thread count = 10 queue length = 4096
2023-12-26 17:42:28,615 [main] INFO  server.XceiverServerGrpc (XceiverServerGrpc.java:<init>(141)) - GrpcServer channel type EpollServerSocketChannel
2023-12-26 17:42:28,617 [main] INFO  replication.ReplicationSupervisor (ReplicationSupervisor.java:build(163)) - Initializing replication supervisor with thread count = 10
2023-12-26 17:42:28,617 [main] INFO  replication.ReplicationSupervisor (ReplicationSupervisor.java:nodeStateUpdated(317)) - Node state updated to IN_SERVICE, scaling executor pool size to 10
2023-12-26 17:42:28,619 [main] INFO  http.BaseHttpServer (BaseHttpServer.java:newHttpServer2BuilderForOzone(223)) - Starting Web-server for hddsDatanode at: http://0.0.0.0:15134
2023-12-26 17:42:28,619 [main] INFO  http.BaseHttpServer (BaseHttpServer.java:<init>(110)) - Hadoop Security Enabled: false Ozone Security Enabled: false Ozone HTTP Security Enabled: false 
2023-12-26 17:42:28,620 [main] WARN  server.AuthenticationFilter (AuthenticationFilter.java:constructSecretProvider(240)) - Unable to initialize FileSignerSecretProvider, falling back to use random secrets. Reason: Could not read signature secret file: /home/runner/hadoop-http-auth-signature-secret
2023-12-26 17:42:28,621 [main] INFO  http.HttpRequestLog (HttpRequestLog.java:getRequestLog(86)) - Http request log for http.requests.hddsDatanode is not defined
2023-12-26 17:42:28,622 [main] INFO  http.HttpServer2 (HttpServer2.java:addGlobalFilter(1036)) - Added global filter 'safety' (class=org.apache.hadoop.hdds.server.http.HttpServer2$QuotingInputFilter)
2023-12-26 17:42:28,622 [main] INFO  http.HttpServer2 (HttpServer2.java:addFilter(1012)) - Added filter static_user_filter (class=org.apache.hadoop.http.lib.StaticUserWebFilter$StaticUserFilter) to context hddsDatanode
2023-12-26 17:42:28,623 [main] INFO  http.HttpServer2 (HttpServer2.java:addFilter(1020)) - Added filter static_user_filter (class=org.apache.hadoop.http.lib.StaticUserWebFilter$StaticUserFilter) to context static
2023-12-26 17:42:28,623 [main] INFO  http.HttpServer2 (HttpServer2.java:addFilter(1020)) - Added filter static_user_filter (class=org.apache.hadoop.http.lib.StaticUserWebFilter$StaticUserFilter) to context logs
2023-12-26 17:42:28,623 [main] INFO  http.BaseHttpServer (BaseHttpServer.java:<init>(189)) - HTTP server of hddsDatanode uses base directory /home/runner/work/ozone/ozone/hadoop-ozone/integration-test/target/test-dir/MiniOzoneClusterImpl-c07e4b46-e5c7-4260-9d08-acd32f4d7801/datanode-4/meta/webserver
2023-12-26 17:42:28,624 [main] INFO  http.HttpServer2 (HttpServer2.java:bindListener(1236)) - Jetty bound to port 15134
2023-12-26 17:42:28,624 [main] INFO  server.Server (Server.java:doStart(375)) - jetty-9.4.53.v20231009; built: 2023-10-09T12:29:09.265Z; git: 27bde00a0b95a1d5bbee0eae7984f891d2d0f8c9; jvm 1.8.0_392-b08
2023-12-26 17:42:28,625 [main] INFO  server.session (DefaultSessionIdManager.java:doStart(334)) - DefaultSessionIdManager workerName=node0
2023-12-26 17:42:28,626 [main] INFO  server.session (DefaultSessionIdManager.java:doStart(339)) - No SessionScavenger set, using defaults
2023-12-26 17:42:28,626 [main] INFO  server.session (HouseKeeper.java:startScavenging(132)) - node0 Scavenging every 660000ms
2023-12-26 17:42:28,626 [main] INFO  handler.ContextHandler (ContextHandler.java:doStart(921)) - Started o.e.j.s.ServletContextHandler@5ced27e7{logs,/logs,file:///home/runner/work/ozone/ozone/hadoop-ozone/integration-test/target/log,AVAILABLE}
2023-12-26 17:42:28,627 [main] INFO  handler.ContextHandler (ContextHandler.java:doStart(921)) - Started o.e.j.s.ServletContextHandler@a98b4cf{static,/static,jar:file:/home/runner/.m2/repository/org/apache/ozone/hdds-container-service/1.5.0-SNAPSHOT/hdds-container-service-1.5.0-SNAPSHOT.jar!/webapps/static,AVAILABLE}
2023-12-26 17:42:28,661 [main] INFO  handler.ContextHandler (ContextHandler.java:doStart(921)) - Started o.e.j.w.WebAppContext@a974b13{hddsDatanode,/,file:///home/runner/work/ozone/ozone/hadoop-ozone/integration-test/target/test-dir/MiniOzoneClusterImpl-c07e4b46-e5c7-4260-9d08-acd32f4d7801/datanode-4/meta/webserver/jetty-0_0_0_0-15134-hdds-container-service-1_5_0-SNAPSHOT_jar-_-any-980007944350157990/webapp/,AVAILABLE}{jar:file:/home/runner/.m2/repository/org/apache/ozone/hdds-container-service/1.5.0-SNAPSHOT/hdds-container-service-1.5.0-SNAPSHOT.jar!/webapps/hddsDatanode}
2023-12-26 17:42:28,663 [main] INFO  server.AbstractConnector (AbstractConnector.java:doStart(333)) - Started ServerConnector@64b9e9ed{HTTP/1.1, (http/1.1)}{0.0.0.0:15134}
2023-12-26 17:42:28,663 [main] INFO  server.Server (Server.java:doStart(415)) - Started @46315ms
2023-12-26 17:42:28,663 [main] WARN  impl.MetricsSystemImpl (MetricsSystemImpl.java:register(279)) - Sink prometheus already exists!
2023-12-26 17:42:28,663 [main] INFO  http.BaseHttpServer (BaseHttpServer.java:updateConnectorAddress(354)) - HTTP server of hddsDatanode listening at http://0.0.0.0:15134
2023-12-26 17:42:28,664 [main] INFO  ipc.CallQueueManager (CallQueueManager.java:<init>(90)) - Using callQueue: class java.util.concurrent.LinkedBlockingQueue, queueCapacity: 100, scheduler: class org.apache.hadoop.ipc.DefaultRpcScheduler, ipcBackoff: false.
2023-12-26 17:42:28,664 [main] INFO  ipc.Server (Server.java:<init>(1287)) - Listener at 0.0.0.0:15135
2023-12-26 17:42:28,664 [Socket Reader #1 for port 15135] INFO  ipc.Server (Server.java:run(1323)) - Starting Socket Reader #1 for port 15135
2023-12-26 17:42:28,666 [main] INFO  ozone.HddsDatanodeService (HddsDatanodeService.java:start(324)) - Datanode start with admins: [runner]
2023-12-26 17:42:28,666 [main] INFO  ozone.HddsDatanodeClientProtocolServer (HddsDatanodeClientProtocolServer.java:start(72)) - RPC server for Client /0.0.0.0:15135
2023-12-26 17:42:28,666 [IPC Server Responder] INFO  ipc.Server (Server.java:run(1562)) - IPC Server Responder: starting
2023-12-26 17:42:28,667 [IPC Server listener on 15135] INFO  ipc.Server (Server.java:run(1402)) - IPC Server listener on 15135: starting
2023-12-26 17:42:28,668 [12bf515f-ba3e-42f8-ba13-af4a8bda6fda-DatanodeStateMachineDaemonThread] INFO  statemachine.DatanodeStateMachine (DatanodeStateMachine.java:lambda$startDaemon$1(555)) - Ozone container server started.
2023-12-26 17:42:28,669 [main] WARN  dropwizard3.Dm3MetricRegistriesImpl (Dm3MetricRegistriesImpl.java:addReporterRegistration(113)) - New reporters are added after registries were created. Some metrics will be missing from the reporter. Please add reporter before adding any new registry.
2023-12-26 17:42:28,669 [main] WARN  dropwizard3.Dm3MetricRegistriesImpl (Dm3MetricRegistriesImpl.java:addReporterRegistration(113)) - New reporters are added after registries were created. Some metrics will be missing from the reporter. Please add reporter before adding any new registry.
2023-12-26 17:42:28,669 [main] INFO  impl.MetricsSystemImpl (MetricsSystemImpl.java:init(158)) - HddsDatanode metrics system started (again)
2023-12-26 17:42:28,671 [12bf515f-ba3e-42f8-ba13-af4a8bda6fda-DatanodeStateMachineTaskThread-0] INFO  datanode.InitDatanodeState (InitDatanodeState.java:persistContainerDatanodeDetails(139)) - DatanodeDetails is persisted to /home/runner/work/ozone/ozone/hadoop-ozone/integration-test/target/test-dir/MiniOzoneClusterImpl-c07e4b46-e5c7-4260-9d08-acd32f4d7801/datanode-4/meta/datanode.id
2023-12-26 17:42:28,682 [main] INFO  ozone.HddsDatanodeService (HddsDatanodeService.java:start(239)) - HddsDatanodeService host:fv-az1381-115 ip:10.1.0.4
2023-12-26 17:42:28,704 [main] INFO  upgrade.AbstractLayoutVersionManager (AbstractLayoutVersionManager.java:init(83)) - Initializing Layout version manager with metadata layout = HADOOP_PRC_PORTS_IN_DATANODEDETAILS (version = 7), software layout = HADOOP_PRC_PORTS_IN_DATANODEDETAILS (version = 7)
2023-12-26 17:42:28,704 [main] INFO  statemachine.DatanodeStateMachine (DatanodeStateMachine.java:getEndPointTaskThreadPoolSize(299)) - Datanode State Machine Task Thread Pool size 2
2023-12-26 17:42:28,705 [main] ERROR lib.MethodMetric (MethodMetric.java:snapshot(117)) - Error invoking method getCommitted
java.lang.reflect.InvocationTargetException
	at sun.reflect.GeneratedMethodAccessor85.invoke(Unknown Source)
	at sun.reflect.DelegatingMethodAccessorImpl.invoke(DelegatingMethodAccessorImpl.java:43)
	at java.lang.reflect.Method.invoke(Method.java:498)
	at org.apache.hadoop.metrics2.lib.MethodMetric$2.snapshot(MethodMetric.java:111)
	at org.apache.hadoop.metrics2.lib.MethodMetric.snapshot(MethodMetric.java:142)
	at org.apache.hadoop.metrics2.lib.MetricsRegistry.snapshot(MetricsRegistry.java:447)
	at org.apache.hadoop.metrics2.lib.MetricsSourceBuilder$1.getMetrics(MetricsSourceBuilder.java:89)
	at org.apache.hadoop.metrics2.impl.MetricsSourceAdapter.getMetrics(MetricsSourceAdapter.java:200)
	at org.apache.hadoop.metrics2.impl.MetricsSourceAdapter.updateJmxCache(MetricsSourceAdapter.java:183)
	at org.apache.hadoop.metrics2.impl.MetricsSourceAdapter.getMBeanInfo(MetricsSourceAdapter.java:156)
	at com.sun.jmx.interceptor.DefaultMBeanServerInterceptor.getNewMBeanClassName(DefaultMBeanServerInterceptor.java:333)
	at com.sun.jmx.interceptor.DefaultMBeanServerInterceptor.registerMBean(DefaultMBeanServerInterceptor.java:319)
	at com.sun.jmx.mbeanserver.JmxMBeanServer.registerMBean(JmxMBeanServer.java:522)
	at org.apache.hadoop.metrics2.util.MBeans.register(MBeans.java:100)
	at org.apache.hadoop.metrics2.util.MBeans.register(MBeans.java:73)
	at org.apache.hadoop.metrics2.impl.MetricsSourceAdapter.startMBeans(MetricsSourceAdapter.java:222)
	at org.apache.hadoop.metrics2.impl.MetricsSourceAdapter.start(MetricsSourceAdapter.java:101)
	at org.apache.hadoop.metrics2.impl.MetricsSystemImpl.registerSource(MetricsSystemImpl.java:268)
	at org.apache.hadoop.metrics2.impl.MetricsSystemImpl.register(MetricsSystemImpl.java:233)
	at org.apache.hadoop.ozone.container.common.volume.VolumeInfoMetrics.init(VolumeInfoMetrics.java:50)
	at org.apache.hadoop.ozone.container.common.volume.VolumeInfoMetrics.<init>(VolumeInfoMetrics.java:45)
	at org.apache.hadoop.ozone.container.common.volume.HddsVolume.<init>(HddsVolume.java:123)
	at org.apache.hadoop.ozone.container.common.volume.HddsVolume.<init>(HddsVolume.java:71)
	at org.apache.hadoop.ozone.container.common.volume.HddsVolume$Builder.build(HddsVolume.java:111)
	at org.apache.hadoop.ozone.container.common.volume.HddsVolumeFactory.createVolume(HddsVolumeFactory.java:48)
	at org.apache.hadoop.ozone.container.common.volume.MutableVolumeSet.initializeVolumeSet(MutableVolumeSet.java:170)
	at org.apache.hadoop.ozone.container.common.volume.MutableVolumeSet.<init>(MutableVolumeSet.java:132)
	at org.apache.hadoop.ozone.container.common.volume.MutableVolumeSet.<init>(MutableVolumeSet.java:96)
	at org.apache.hadoop.ozone.container.ozoneimpl.OzoneContainer.<init>(OzoneContainer.java:149)
	at org.apache.hadoop.ozone.container.common.statemachine.DatanodeStateMachine.<init>(DatanodeStateMachine.java:186)
	at org.apache.hadoop.ozone.HddsDatanodeService.start(HddsDatanodeService.java:296)
	at org.apache.hadoop.ozone.MiniOzoneClusterImpl.startHddsDatanode(MiniOzoneClusterImpl.java:489)
	at java.util.ArrayList.forEach(ArrayList.java:1259)
	at org.apache.hadoop.ozone.MiniOzoneClusterImpl.startHddsDatanodes(MiniOzoneClusterImpl.java:497)
	at org.apache.hadoop.ozone.MiniOzoneClusterImpl$Builder.build(MiniOzoneClusterImpl.java:627)
	at org.apache.hadoop.ozone.client.rpc.TestWatchForCommit.init(TestWatchForCommit.java:149)
	at sun.reflect.NativeMethodAccessorImpl.invoke0(Native Method)
	at sun.reflect.NativeMethodAccessorImpl.invoke(NativeMethodAccessorImpl.java:62)
	at sun.reflect.DelegatingMethodAccessorImpl.invoke(DelegatingMethodAccessorImpl.java:43)
	at java.lang.reflect.Method.invoke(Method.java:498)
	at org.junit.platform.commons.util.ReflectionUtils.invokeMethod(ReflectionUtils.java:728)
	at org.junit.jupiter.engine.execution.MethodInvocation.proceed(MethodInvocation.java:60)
	at org.junit.jupiter.engine.execution.InvocationInterceptorChain$ValidatingInvocation.proceed(InvocationInterceptorChain.java:131)
	at org.junit.jupiter.engine.extension.TimeoutExtension.intercept(TimeoutExtension.java:156)
	at org.junit.jupiter.engine.extension.TimeoutExtension.interceptLifecycleMethod(TimeoutExtension.java:128)
	at org.junit.jupiter.engine.extension.TimeoutExtension.interceptBeforeEachMethod(TimeoutExtension.java:78)
	at org.junit.jupiter.engine.execution.InterceptingExecutableInvoker$ReflectiveInterceptorCall.lambda$ofVoidMethod$0(InterceptingExecutableInvoker.java:103)
	at org.junit.jupiter.engine.execution.InterceptingExecutableInvoker.lambda$invoke$0(InterceptingExecutableInvoker.java:93)
	at org.junit.jupiter.engine.execution.InvocationInterceptorChain$InterceptedInvocation.proceed(InvocationInterceptorChain.java:106)
	at org.junit.jupiter.engine.execution.InvocationInterceptorChain.proceed(InvocationInterceptorChain.java:64)
	at org.junit.jupiter.engine.execution.InvocationInterceptorChain.chainAndInvoke(InvocationInterceptorChain.java:45)
	at org.junit.jupiter.engine.execution.InvocationInterceptorChain.invoke(InvocationInterceptorChain.java:37)
	at org.junit.jupiter.engine.execution.InterceptingExecutableInvoker.invoke(InterceptingExecutableInvoker.java:92)
	at org.junit.jupiter.engine.execution.InterceptingExecutableInvoker.invoke(InterceptingExecutableInvoker.java:86)
	at org.junit.jupiter.engine.descriptor.ClassBasedTestDescriptor.invokeMethodInExtensionContext(ClassBasedTestDescriptor.java:521)
	at org.junit.jupiter.engine.descriptor.ClassBasedTestDescriptor.lambda$synthesizeBeforeEachMethodAdapter$23(ClassBasedTestDescriptor.java:506)
	at org.junit.jupiter.engine.descriptor.TestMethodTestDescriptor.lambda$invokeBeforeEachMethods$3(TestMethodTestDescriptor.java:175)
	at org.junit.jupiter.engine.descriptor.TestMethodTestDescriptor.lambda$invokeBeforeMethodsOrCallbacksUntilExceptionOccurs$6(TestMethodTestDescriptor.java:203)
	at org.junit.platform.engine.support.hierarchical.ThrowableCollector.execute(ThrowableCollector.java:73)
	at org.junit.jupiter.engine.descriptor.TestMethodTestDescriptor.invokeBeforeMethodsOrCallbacksUntilExceptionOccurs(TestMethodTestDescriptor.java:203)
	at org.junit.jupiter.engine.descriptor.TestMethodTestDescriptor.invokeBeforeEachMethods(TestMethodTestDescriptor.java:172)
	at org.junit.jupiter.engine.descriptor.TestMethodTestDescriptor.execute(TestMethodTestDescriptor.java:135)
	at org.junit.jupiter.engine.descriptor.TestMethodTestDescriptor.execute(TestMethodTestDescriptor.java:69)
	at org.junit.platform.engine.support.hierarchical.NodeTestTask.lambda$executeRecursively$6(NodeTestTask.java:151)
	at org.junit.platform.engine.support.hierarchical.ThrowableCollector.execute(ThrowableCollector.java:73)
	at org.junit.platform.engine.support.hierarchical.NodeTestTask.lambda$executeRecursively$8(NodeTestTask.java:141)
	at org.junit.platform.engine.support.hierarchical.Node.around(Node.java:137)
	at org.junit.platform.engine.support.hierarchical.NodeTestTask.lambda$executeRecursively$9(NodeTestTask.java:139)
	at org.junit.platform.engine.support.hierarchical.ThrowableCollector.execute(ThrowableCollector.java:73)
	at org.junit.platform.engine.support.hierarchical.NodeTestTask.executeRecursively(NodeTestTask.java:138)
	at org.junit.platform.engine.support.hierarchical.NodeTestTask.execute(NodeTestTask.java:95)
	at java.util.ArrayList.forEach(ArrayList.java:1259)
	at org.junit.platform.engine.support.hierarchical.SameThreadHierarchicalTestExecutorService.invokeAll(SameThreadHierarchicalTestExecutorService.java:41)
	at org.junit.platform.engine.support.hierarchical.NodeTestTask.lambda$executeRecursively$6(NodeTestTask.java:155)
	at org.junit.platform.engine.support.hierarchical.ThrowableCollector.execute(ThrowableCollector.java:73)
	at org.junit.platform.engine.support.hierarchical.NodeTestTask.lambda$executeRecursively$8(NodeTestTask.java:141)
	at org.junit.platform.engine.support.hierarchical.Node.around(Node.java:137)
	at org.junit.platform.engine.support.hierarchical.NodeTestTask.lambda$executeRecursively$9(NodeTestTask.java:139)
	at org.junit.platform.engine.support.hierarchical.ThrowableCollector.execute(ThrowableCollector.java:73)
	at org.junit.platform.engine.support.hierarchical.NodeTestTask.executeRecursively(NodeTestTask.java:138)
	at org.junit.platform.engine.support.hierarchical.NodeTestTask.execute(NodeTestTask.java:95)
	at java.util.ArrayList.forEach(ArrayList.java:1259)
	at org.junit.platform.engine.support.hierarchical.SameThreadHierarchicalTestExecutorService.invokeAll(SameThreadHierarchicalTestExecutorService.java:41)
	at org.junit.platform.engine.support.hierarchical.NodeTestTask.lambda$executeRecursively$6(NodeTestTask.java:155)
	at org.junit.platform.engine.support.hierarchical.ThrowableCollector.execute(ThrowableCollector.java:73)
	at org.junit.platform.engine.support.hierarchical.NodeTestTask.lambda$executeRecursively$8(NodeTestTask.java:141)
	at org.junit.platform.engine.support.hierarchical.Node.around(Node.java:137)
	at org.junit.platform.engine.support.hierarchical.NodeTestTask.lambda$executeRecursively$9(NodeTestTask.java:139)
	at org.junit.platform.engine.support.hierarchical.ThrowableCollector.execute(ThrowableCollector.java:73)
	at org.junit.platform.engine.support.hierarchical.NodeTestTask.executeRecursively(NodeTestTask.java:138)
	at org.junit.platform.engine.support.hierarchical.NodeTestTask.execute(NodeTestTask.java:95)
	at org.junit.platform.engine.support.hierarchical.SameThreadHierarchicalTestExecutorService.submit(SameThreadHierarchicalTestExecutorService.java:35)
	at org.junit.platform.engine.support.hierarchical.HierarchicalTestExecutor.execute(HierarchicalTestExecutor.java:57)
	at org.junit.platform.engine.support.hierarchical.HierarchicalTestEngine.execute(HierarchicalTestEngine.java:54)
	at org.junit.platform.launcher.core.EngineExecutionOrchestrator.execute(EngineExecutionOrchestrator.java:198)
	at org.junit.platform.launcher.core.EngineExecutionOrchestrator.execute(EngineExecutionOrchestrator.java:169)
	at org.junit.platform.launcher.core.EngineExecutionOrchestrator.execute(EngineExecutionOrchestrator.java:93)
	at org.junit.platform.launcher.core.EngineExecutionOrchestrator.lambda$execute$0(EngineExecutionOrchestrator.java:58)
	at org.junit.platform.launcher.core.EngineExecutionOrchestrator.withInterceptedStreams(EngineExecutionOrchestrator.java:141)
	at org.junit.platform.launcher.core.EngineExecutionOrchestrator.execute(EngineExecutionOrchestrator.java:57)
	at org.junit.platform.launcher.core.DefaultLauncher.execute(DefaultLauncher.java:103)
	at org.junit.platform.launcher.core.DefaultLauncher.execute(DefaultLauncher.java:85)
	at org.junit.platform.launcher.core.DelegatingLauncher.execute(DelegatingLauncher.java:47)
	at org.apache.maven.surefire.junitplatform.LazyLauncher.execute(LazyLauncher.java:56)
	at org.apache.maven.surefire.junitplatform.JUnitPlatformProvider.execute(JUnitPlatformProvider.java:184)
	at org.apache.maven.surefire.junitplatform.JUnitPlatformProvider.invokeAllTests(JUnitPlatformProvider.java:148)
	at org.apache.maven.surefire.junitplatform.JUnitPlatformProvider.invoke(JUnitPlatformProvider.java:120)
	at org.apache.maven.surefire.booter.ForkedBooter.runSuitesInProcess(ForkedBooter.java:385)
	at org.apache.maven.surefire.booter.ForkedBooter.execute(ForkedBooter.java:162)
	at org.apache.maven.surefire.booter.ForkedBooter.run(ForkedBooter.java:507)
	at org.apache.maven.surefire.booter.ForkedBooter.main(ForkedBooter.java:495)
Caused by: java.lang.NullPointerException
	at org.apache.hadoop.ozone.container.common.volume.HddsVolume.getCommittedBytes(HddsVolume.java:303)
	at org.apache.hadoop.ozone.container.common.volume.VolumeInfoMetrics.getCommitted(VolumeInfoMetrics.java:147)
	... 111 more
2023-12-26 17:42:28,706 [main] INFO  volume.HddsVolume (HddsVolume.java:<init>(126)) - Creating HddsVolume: /home/runner/work/ozone/ozone/hadoop-ozone/integration-test/target/test-dir/MiniOzoneClusterImpl-c07e4b46-e5c7-4260-9d08-acd32f4d7801/datanode-5/data-0/containers/hdds of storage type : DISK capacity : 9223372036854775807
2023-12-26 17:42:28,706 [main] INFO  volume.MutableVolumeSet (MutableVolumeSet.java:initializeVolumeSet(173)) - Added Volume : /home/runner/work/ozone/ozone/hadoop-ozone/integration-test/target/test-dir/MiniOzoneClusterImpl-c07e4b46-e5c7-4260-9d08-acd32f4d7801/datanode-5/data-0/containers/hdds to VolumeSet
2023-12-26 17:42:28,707 [main] INFO  volume.MutableVolumeSet (MutableVolumeSet.java:initializeVolumeSet(173)) - Added Volume : /home/runner/work/ozone/ozone/hadoop-ozone/integration-test/target/test-dir/MiniOzoneClusterImpl-c07e4b46-e5c7-4260-9d08-acd32f4d7801/datanode-5/data/ratis to VolumeSet
2023-12-26 17:42:28,707 [main] INFO  ozoneimpl.OzoneContainer (HddsVolumeUtil.java:loadAllHddsVolumeDbStore(103)) - Load 1 volumes DbStore cost: 0ms
2023-12-26 17:42:28,707 [44b0d7ae-65a5-40e5-9d42-50dc3ce2f2bb-ContainerReader-0] INFO  ozoneimpl.ContainerReader (ContainerReader.java:readVolume(178)) - Finish verifying containers on volume /home/runner/work/ozone/ozone/hadoop-ozone/integration-test/target/test-dir/MiniOzoneClusterImpl-c07e4b46-e5c7-4260-9d08-acd32f4d7801/datanode-5/data-0/containers/hdds
2023-12-26 17:42:28,707 [main] INFO  ozoneimpl.OzoneContainer (OzoneContainer.java:buildContainerSet(326)) - Build ContainerSet costs 0s
2023-12-26 17:42:28,709 [main] INFO  server.RaftServer (ConfUtils.java:logGet(46)) - raft.rpc.type = GRPC (default)
2023-12-26 17:42:28,709 [main] INFO  grpc.GrpcConfigKeys (ConfUtils.java:logFallback(53)) - raft.grpc.admin.host = null (fallback to raft.grpc.server.host)
2023-12-26 17:42:28,709 [main] INFO  grpc.GrpcConfigKeys (ConfUtils.java:logGet(46)) - raft.grpc.admin.port = 15147 (custom)
2023-12-26 17:42:28,709 [main] INFO  grpc.GrpcConfigKeys (ConfUtils.java:logFallback(53)) - raft.grpc.client.host = null (fallback to raft.grpc.server.host)
2023-12-26 17:42:28,709 [main] INFO  grpc.GrpcConfigKeys (ConfUtils.java:logGet(46)) - raft.grpc.client.port = 15146 (custom)
2023-12-26 17:42:28,710 [main] INFO  grpc.GrpcConfigKeys (ConfUtils.java:logGet(46)) - raft.grpc.server.host = null (default)
2023-12-26 17:42:28,710 [main] INFO  grpc.GrpcConfigKeys (ConfUtils.java:logGet(46)) - raft.grpc.server.port = 15148 (custom)
2023-12-26 17:42:28,710 [main] INFO  server.GrpcService (ConfUtils.java:logGet(46)) - raft.grpc.message.size.max = 32MB (=33554432) (custom)
2023-12-26 17:42:28,710 [main] INFO  server.RaftServerConfigKeys (ConfUtils.java:logGet(46)) - raft.server.log.appender.buffer.byte-limit = 8388608 (custom)
2023-12-26 17:42:28,710 [main] INFO  server.GrpcService (ConfUtils.java:logGet(46)) - raft.grpc.flow.control.window = 5MB (=5242880) (custom)
2023-12-26 17:42:28,710 [main] INFO  server.RaftServerConfigKeys (ConfUtils.java:logGet(46)) - raft.server.rpc.request.timeout = 3000ms (default)
2023-12-26 17:42:28,711 [main] INFO  grpc.GrpcConfigKeys (ConfUtils.java:logGet(46)) - raft.grpc.server.heartbeat.channel = true (default)
2023-12-26 17:42:28,711 [main] INFO  grpc.GrpcConfigKeys (ConfUtils.java:logGet(46)) - raft.grpc.server.async.request.thread.pool.cached = true (default)
2023-12-26 17:42:28,711 [main] INFO  grpc.GrpcConfigKeys (ConfUtils.java:logGet(46)) - raft.grpc.server.async.request.thread.pool.size = 32 (default)
2023-12-26 17:42:28,713 [main] INFO  impl.DataStreamServerImpl (ConfUtils.java:logGet(46)) - raft.datastream.type = NETTY (custom)
2023-12-26 17:42:28,713 [main] INFO  server.RaftServerConfigKeys (ConfUtils.java:logGet(46)) - raft.server.data-stream.async.request.thread.pool.cached = false (default)
2023-12-26 17:42:28,714 [main] INFO  server.RaftServerConfigKeys (ConfUtils.java:logGet(46)) - raft.server.data-stream.async.request.thread.pool.size = 20 (custom)
2023-12-26 17:42:28,714 [main] INFO  server.RaftServerConfigKeys (ConfUtils.java:logGet(46)) - raft.server.data-stream.async.write.thread.pool.size = 16 (default)
2023-12-26 17:42:28,714 [main] INFO  netty.NettyConfigKeys$DataStream (ConfUtils.java:logGet(46)) - raft.netty.dataStream.server.channel.inactive.grace-period = 10min (default)
2023-12-26 17:42:28,714 [main] INFO  server.RaftServerConfigKeys (ConfUtils.java:logGet(46)) - raft.server.data-stream.client.pool.size = 10 (default)
2023-12-26 17:42:28,714 [main] INFO  netty.NettyConfigKeys$DataStream (ConfUtils.java:logGet(46)) - raft.netty.dataStream.server.use-epoll = true (default)
2023-12-26 17:42:28,714 [main] INFO  netty.NettyConfigKeys$DataStream (ConfUtils.java:logGet(46)) - raft.netty.dataStream.server.boss-group.size = 0 (default)
2023-12-26 17:42:28,714 [main] INFO  netty.NettyUtils (NettyUtils.java:newEventLoopGroup(69)) - Create EpollEventLoopGroup for 44b0d7ae-65a5-40e5-9d42-50dc3ce2f2bb-NettyServerStreamRpc-bossGroup; Thread size is 0.
2023-12-26 17:42:28,715 [main] INFO  netty.NettyConfigKeys$DataStream (ConfUtils.java:logGet(46)) - raft.netty.dataStream.server.worker-group.size = 0 (default)
2023-12-26 17:42:28,715 [main] INFO  netty.NettyUtils (NettyUtils.java:newEventLoopGroup(69)) - Create EpollEventLoopGroup for 44b0d7ae-65a5-40e5-9d42-50dc3ce2f2bb-NettyServerStreamRpc-workerGroup; Thread size is 0.
2023-12-26 17:42:28,715 [main] INFO  netty.NettyConfigKeys$DataStream (ConfUtils.java:logGet(46)) - raft.netty.dataStream.server.tls.conf = null (default)
2023-12-26 17:42:28,715 [main] INFO  netty.NettyConfigKeys$DataStream (ConfUtils.java:logGet(46)) - raft.netty.dataStream.host = null (default)
2023-12-26 17:42:28,715 [main] INFO  netty.NettyConfigKeys$DataStream (ConfUtils.java:logGet(46)) - raft.netty.dataStream.port = 15149 (custom)
2023-12-26 17:42:28,716 [main] INFO  server.RaftServerConfigKeys (ConfUtils.java:logGet(46)) - raft.server.sleep.deviation.threshold = 300ms (default)
2023-12-26 17:42:28,716 [main] INFO  server.RaftServerConfigKeys (ConfUtils.java:logGet(46)) - raft.server.close.threshold = 60s (default)
2023-12-26 17:42:28,716 [44b0d7ae-65a5-40e5-9d42-50dc3ce2f2bb-NettyServerStreamRpc-bossGroup--thread1] INFO  logging.LoggingHandler (AbstractInternalLogger.java:log(148)) - [id: 0x92e78e45] REGISTERED
2023-12-26 17:42:28,716 [main] INFO  server.RaftServerConfigKeys (ConfUtils.java:logGet(46)) - raft.server.leaderelection.leader.step-down.wait-time = 10s (default)
2023-12-26 17:42:28,716 [44b0d7ae-65a5-40e5-9d42-50dc3ce2f2bb-NettyServerStreamRpc-bossGroup--thread1] INFO  logging.LoggingHandler (AbstractInternalLogger.java:log(148)) - [id: 0x92e78e45] BIND: 0.0.0.0/0.0.0.0:15149
2023-12-26 17:42:28,716 [main] INFO  server.RaftServerConfigKeys (ConfUtils.java:logGet(46)) - raft.server.storage.dir = [/home/runner/work/ozone/ozone/hadoop-ozone/integration-test/target/test-dir/MiniOzoneClusterImpl-c07e4b46-e5c7-4260-9d08-acd32f4d7801/datanode-5/data/ratis] (custom)
2023-12-26 17:42:28,716 [44b0d7ae-65a5-40e5-9d42-50dc3ce2f2bb-NettyServerStreamRpc-bossGroup--thread1] INFO  logging.LoggingHandler (AbstractInternalLogger.java:log(148)) - [id: 0x92e78e45, L:/0.0.0.0:15149] ACTIVE
2023-12-26 17:42:28,717 [main] INFO  server.RaftServerConfigKeys (ConfUtils.java:logGet(46)) - raft.server.threadpool.proxy.cached = true (default)
2023-12-26 17:42:28,717 [main] INFO  server.RaftServerConfigKeys (ConfUtils.java:logGet(46)) - raft.server.threadpool.proxy.size = 0 (default)
2023-12-26 17:42:28,717 [44b0d7ae-65a5-40e5-9d42-50dc3ce2f2bb-impl-thread1] INFO  server.RaftServer (RaftServerProxy.java:initGroupDir(264)) - 44b0d7ae-65a5-40e5-9d42-50dc3ce2f2bb: found a subdirectory /home/runner/work/ozone/ozone/hadoop-ozone/integration-test/target/test-dir/MiniOzoneClusterImpl-c07e4b46-e5c7-4260-9d08-acd32f4d7801/datanode-5/data/ratis/tmp
2023-12-26 17:42:28,717 [44b0d7ae-65a5-40e5-9d42-50dc3ce2f2bb-impl-thread1] INFO  server.RaftServer (RaftServerProxy.java:initGroupDir(269)) - 44b0d7ae-65a5-40e5-9d42-50dc3ce2f2bb: The directory /home/runner/work/ozone/ozone/hadoop-ozone/integration-test/target/test-dir/MiniOzoneClusterImpl-c07e4b46-e5c7-4260-9d08-acd32f4d7801/datanode-5/data/ratis/tmp is not a group directory; ignoring it. 
2023-12-26 17:42:28,717 [main] INFO  replication.ReplicationServer (ReplicationServer.java:<init>(85)) - Initializing replication server with thread count = 10 queue length = 4096
2023-12-26 17:42:28,718 [main] INFO  server.XceiverServerGrpc (XceiverServerGrpc.java:<init>(141)) - GrpcServer channel type EpollServerSocketChannel
2023-12-26 17:42:28,720 [main] INFO  replication.ReplicationSupervisor (ReplicationSupervisor.java:build(163)) - Initializing replication supervisor with thread count = 10
2023-12-26 17:42:28,720 [main] INFO  replication.ReplicationSupervisor (ReplicationSupervisor.java:nodeStateUpdated(317)) - Node state updated to IN_SERVICE, scaling executor pool size to 10
2023-12-26 17:42:28,722 [main] INFO  http.BaseHttpServer (BaseHttpServer.java:newHttpServer2BuilderForOzone(223)) - Starting Web-server for hddsDatanode at: http://0.0.0.0:15143
2023-12-26 17:42:28,722 [main] INFO  http.BaseHttpServer (BaseHttpServer.java:<init>(110)) - Hadoop Security Enabled: false Ozone Security Enabled: false Ozone HTTP Security Enabled: false 
2023-12-26 17:42:28,723 [main] WARN  server.AuthenticationFilter (AuthenticationFilter.java:constructSecretProvider(240)) - Unable to initialize FileSignerSecretProvider, falling back to use random secrets. Reason: Could not read signature secret file: /home/runner/hadoop-http-auth-signature-secret
2023-12-26 17:42:28,723 [main] INFO  http.HttpRequestLog (HttpRequestLog.java:getRequestLog(86)) - Http request log for http.requests.hddsDatanode is not defined
2023-12-26 17:42:28,724 [main] INFO  http.HttpServer2 (HttpServer2.java:addGlobalFilter(1036)) - Added global filter 'safety' (class=org.apache.hadoop.hdds.server.http.HttpServer2$QuotingInputFilter)
2023-12-26 17:42:28,724 [main] INFO  http.HttpServer2 (HttpServer2.java:addFilter(1012)) - Added filter static_user_filter (class=org.apache.hadoop.http.lib.StaticUserWebFilter$StaticUserFilter) to context hddsDatanode
2023-12-26 17:42:28,725 [main] INFO  http.HttpServer2 (HttpServer2.java:addFilter(1020)) - Added filter static_user_filter (class=org.apache.hadoop.http.lib.StaticUserWebFilter$StaticUserFilter) to context logs
2023-12-26 17:42:28,725 [main] INFO  http.HttpServer2 (HttpServer2.java:addFilter(1020)) - Added filter static_user_filter (class=org.apache.hadoop.http.lib.StaticUserWebFilter$StaticUserFilter) to context static
2023-12-26 17:42:28,725 [main] INFO  http.BaseHttpServer (BaseHttpServer.java:<init>(189)) - HTTP server of hddsDatanode uses base directory /home/runner/work/ozone/ozone/hadoop-ozone/integration-test/target/test-dir/MiniOzoneClusterImpl-c07e4b46-e5c7-4260-9d08-acd32f4d7801/datanode-5/meta/webserver
2023-12-26 17:42:28,725 [main] INFO  http.HttpServer2 (HttpServer2.java:bindListener(1236)) - Jetty bound to port 15143
2023-12-26 17:42:28,726 [main] INFO  server.Server (Server.java:doStart(375)) - jetty-9.4.53.v20231009; built: 2023-10-09T12:29:09.265Z; git: 27bde00a0b95a1d5bbee0eae7984f891d2d0f8c9; jvm 1.8.0_392-b08
2023-12-26 17:42:28,726 [main] INFO  server.session (DefaultSessionIdManager.java:doStart(334)) - DefaultSessionIdManager workerName=node0
2023-12-26 17:42:28,727 [main] INFO  server.session (DefaultSessionIdManager.java:doStart(339)) - No SessionScavenger set, using defaults
2023-12-26 17:42:28,727 [main] INFO  server.session (HouseKeeper.java:startScavenging(132)) - node0 Scavenging every 600000ms
2023-12-26 17:42:28,727 [main] INFO  handler.ContextHandler (ContextHandler.java:doStart(921)) - Started o.e.j.s.ServletContextHandler@6a2ef6ce{logs,/logs,file:///home/runner/work/ozone/ozone/hadoop-ozone/integration-test/target/log,AVAILABLE}
2023-12-26 17:42:28,728 [main] INFO  handler.ContextHandler (ContextHandler.java:doStart(921)) - Started o.e.j.s.ServletContextHandler@1ae9ce0a{static,/static,jar:file:/home/runner/.m2/repository/org/apache/ozone/hdds-container-service/1.5.0-SNAPSHOT/hdds-container-service-1.5.0-SNAPSHOT.jar!/webapps/static,AVAILABLE}
2023-12-26 17:42:28,760 [main] INFO  handler.ContextHandler (ContextHandler.java:doStart(921)) - Started o.e.j.w.WebAppContext@6fecd5d4{hddsDatanode,/,file:///home/runner/work/ozone/ozone/hadoop-ozone/integration-test/target/test-dir/MiniOzoneClusterImpl-c07e4b46-e5c7-4260-9d08-acd32f4d7801/datanode-5/meta/webserver/jetty-0_0_0_0-15143-hdds-container-service-1_5_0-SNAPSHOT_jar-_-any-8102045594759058801/webapp/,AVAILABLE}{jar:file:/home/runner/.m2/repository/org/apache/ozone/hdds-container-service/1.5.0-SNAPSHOT/hdds-container-service-1.5.0-SNAPSHOT.jar!/webapps/hddsDatanode}
2023-12-26 17:42:28,761 [main] INFO  server.AbstractConnector (AbstractConnector.java:doStart(333)) - Started ServerConnector@1e84b2de{HTTP/1.1, (http/1.1)}{0.0.0.0:15143}
2023-12-26 17:42:28,762 [main] INFO  server.Server (Server.java:doStart(415)) - Started @46414ms
2023-12-26 17:42:28,762 [main] WARN  impl.MetricsSystemImpl (MetricsSystemImpl.java:register(279)) - Sink prometheus already exists!
2023-12-26 17:42:28,762 [main] INFO  http.BaseHttpServer (BaseHttpServer.java:updateConnectorAddress(354)) - HTTP server of hddsDatanode listening at http://0.0.0.0:15143
2023-12-26 17:42:28,762 [main] INFO  ipc.CallQueueManager (CallQueueManager.java:<init>(90)) - Using callQueue: class java.util.concurrent.LinkedBlockingQueue, queueCapacity: 100, scheduler: class org.apache.hadoop.ipc.DefaultRpcScheduler, ipcBackoff: false.
2023-12-26 17:42:28,763 [main] INFO  ipc.Server (Server.java:<init>(1287)) - Listener at 0.0.0.0:15144
2023-12-26 17:42:28,763 [Socket Reader #1 for port 15144] INFO  ipc.Server (Server.java:run(1323)) - Starting Socket Reader #1 for port 15144
2023-12-26 17:42:28,765 [main] INFO  ozone.HddsDatanodeService (HddsDatanodeService.java:start(324)) - Datanode start with admins: [runner]
2023-12-26 17:42:28,765 [main] INFO  ozone.HddsDatanodeClientProtocolServer (HddsDatanodeClientProtocolServer.java:start(72)) - RPC server for Client /0.0.0.0:15144
2023-12-26 17:42:28,766 [IPC Server Responder] INFO  ipc.Server (Server.java:run(1562)) - IPC Server Responder: starting
2023-12-26 17:42:28,766 [IPC Server listener on 15144] INFO  ipc.Server (Server.java:run(1402)) - IPC Server listener on 15144: starting
2023-12-26 17:42:28,766 [44b0d7ae-65a5-40e5-9d42-50dc3ce2f2bb-DatanodeStateMachineDaemonThread] INFO  statemachine.DatanodeStateMachine (DatanodeStateMachine.java:lambda$startDaemon$1(555)) - Ozone container server started.
2023-12-26 17:42:28,766 [main] WARN  dropwizard3.Dm3MetricRegistriesImpl (Dm3MetricRegistriesImpl.java:addReporterRegistration(113)) - New reporters are added after registries were created. Some metrics will be missing from the reporter. Please add reporter before adding any new registry.
2023-12-26 17:42:28,766 [main] WARN  dropwizard3.Dm3MetricRegistriesImpl (Dm3MetricRegistriesImpl.java:addReporterRegistration(113)) - New reporters are added after registries were created. Some metrics will be missing from the reporter. Please add reporter before adding any new registry.
2023-12-26 17:42:28,766 [main] INFO  impl.MetricsSystemImpl (MetricsSystemImpl.java:init(158)) - HddsDatanode metrics system started (again)
2023-12-26 17:42:28,773 [44b0d7ae-65a5-40e5-9d42-50dc3ce2f2bb-DatanodeStateMachineTaskThread-0] INFO  datanode.InitDatanodeState (InitDatanodeState.java:persistContainerDatanodeDetails(139)) - DatanodeDetails is persisted to /home/runner/work/ozone/ozone/hadoop-ozone/integration-test/target/test-dir/MiniOzoneClusterImpl-c07e4b46-e5c7-4260-9d08-acd32f4d7801/datanode-5/meta/datanode.id
2023-12-26 17:42:28,781 [main] INFO  ozone.HddsDatanodeService (HddsDatanodeService.java:start(239)) - HddsDatanodeService host:fv-az1381-115 ip:10.1.0.4
2023-12-26 17:42:28,809 [main] INFO  upgrade.AbstractLayoutVersionManager (AbstractLayoutVersionManager.java:init(83)) - Initializing Layout version manager with metadata layout = HADOOP_PRC_PORTS_IN_DATANODEDETAILS (version = 7), software layout = HADOOP_PRC_PORTS_IN_DATANODEDETAILS (version = 7)
2023-12-26 17:42:28,809 [main] INFO  statemachine.DatanodeStateMachine (DatanodeStateMachine.java:getEndPointTaskThreadPoolSize(299)) - Datanode State Machine Task Thread Pool size 2
2023-12-26 17:42:28,810 [main] ERROR lib.MethodMetric (MethodMetric.java:snapshot(117)) - Error invoking method getCommitted
java.lang.reflect.InvocationTargetException
	at sun.reflect.GeneratedMethodAccessor85.invoke(Unknown Source)
	at sun.reflect.DelegatingMethodAccessorImpl.invoke(DelegatingMethodAccessorImpl.java:43)
	at java.lang.reflect.Method.invoke(Method.java:498)
	at org.apache.hadoop.metrics2.lib.MethodMetric$2.snapshot(MethodMetric.java:111)
	at org.apache.hadoop.metrics2.lib.MethodMetric.snapshot(MethodMetric.java:142)
	at org.apache.hadoop.metrics2.lib.MetricsRegistry.snapshot(MetricsRegistry.java:447)
	at org.apache.hadoop.metrics2.lib.MetricsSourceBuilder$1.getMetrics(MetricsSourceBuilder.java:89)
	at org.apache.hadoop.metrics2.impl.MetricsSourceAdapter.getMetrics(MetricsSourceAdapter.java:200)
	at org.apache.hadoop.metrics2.impl.MetricsSourceAdapter.updateJmxCache(MetricsSourceAdapter.java:183)
	at org.apache.hadoop.metrics2.impl.MetricsSourceAdapter.getMBeanInfo(MetricsSourceAdapter.java:156)
	at com.sun.jmx.interceptor.DefaultMBeanServerInterceptor.getNewMBeanClassName(DefaultMBeanServerInterceptor.java:333)
	at com.sun.jmx.interceptor.DefaultMBeanServerInterceptor.registerMBean(DefaultMBeanServerInterceptor.java:319)
	at com.sun.jmx.mbeanserver.JmxMBeanServer.registerMBean(JmxMBeanServer.java:522)
	at org.apache.hadoop.metrics2.util.MBeans.register(MBeans.java:100)
	at org.apache.hadoop.metrics2.util.MBeans.register(MBeans.java:73)
	at org.apache.hadoop.metrics2.impl.MetricsSourceAdapter.startMBeans(MetricsSourceAdapter.java:222)
	at org.apache.hadoop.metrics2.impl.MetricsSourceAdapter.start(MetricsSourceAdapter.java:101)
	at org.apache.hadoop.metrics2.impl.MetricsSystemImpl.registerSource(MetricsSystemImpl.java:268)
	at org.apache.hadoop.metrics2.impl.MetricsSystemImpl.register(MetricsSystemImpl.java:233)
	at org.apache.hadoop.ozone.container.common.volume.VolumeInfoMetrics.init(VolumeInfoMetrics.java:50)
	at org.apache.hadoop.ozone.container.common.volume.VolumeInfoMetrics.<init>(VolumeInfoMetrics.java:45)
	at org.apache.hadoop.ozone.container.common.volume.HddsVolume.<init>(HddsVolume.java:123)
	at org.apache.hadoop.ozone.container.common.volume.HddsVolume.<init>(HddsVolume.java:71)
	at org.apache.hadoop.ozone.container.common.volume.HddsVolume$Builder.build(HddsVolume.java:111)
	at org.apache.hadoop.ozone.container.common.volume.HddsVolumeFactory.createVolume(HddsVolumeFactory.java:48)
	at org.apache.hadoop.ozone.container.common.volume.MutableVolumeSet.initializeVolumeSet(MutableVolumeSet.java:170)
	at org.apache.hadoop.ozone.container.common.volume.MutableVolumeSet.<init>(MutableVolumeSet.java:132)
	at org.apache.hadoop.ozone.container.common.volume.MutableVolumeSet.<init>(MutableVolumeSet.java:96)
	at org.apache.hadoop.ozone.container.ozoneimpl.OzoneContainer.<init>(OzoneContainer.java:149)
	at org.apache.hadoop.ozone.container.common.statemachine.DatanodeStateMachine.<init>(DatanodeStateMachine.java:186)
	at org.apache.hadoop.ozone.HddsDatanodeService.start(HddsDatanodeService.java:296)
	at org.apache.hadoop.ozone.MiniOzoneClusterImpl.startHddsDatanode(MiniOzoneClusterImpl.java:489)
	at java.util.ArrayList.forEach(ArrayList.java:1259)
	at org.apache.hadoop.ozone.MiniOzoneClusterImpl.startHddsDatanodes(MiniOzoneClusterImpl.java:497)
	at org.apache.hadoop.ozone.MiniOzoneClusterImpl$Builder.build(MiniOzoneClusterImpl.java:627)
	at org.apache.hadoop.ozone.client.rpc.TestWatchForCommit.init(TestWatchForCommit.java:149)
	at sun.reflect.NativeMethodAccessorImpl.invoke0(Native Method)
	at sun.reflect.NativeMethodAccessorImpl.invoke(NativeMethodAccessorImpl.java:62)
	at sun.reflect.DelegatingMethodAccessorImpl.invoke(DelegatingMethodAccessorImpl.java:43)
	at java.lang.reflect.Method.invoke(Method.java:498)
	at org.junit.platform.commons.util.ReflectionUtils.invokeMethod(ReflectionUtils.java:728)
	at org.junit.jupiter.engine.execution.MethodInvocation.proceed(MethodInvocation.java:60)
	at org.junit.jupiter.engine.execution.InvocationInterceptorChain$ValidatingInvocation.proceed(InvocationInterceptorChain.java:131)
	at org.junit.jupiter.engine.extension.TimeoutExtension.intercept(TimeoutExtension.java:156)
	at org.junit.jupiter.engine.extension.TimeoutExtension.interceptLifecycleMethod(TimeoutExtension.java:128)
	at org.junit.jupiter.engine.extension.TimeoutExtension.interceptBeforeEachMethod(TimeoutExtension.java:78)
	at org.junit.jupiter.engine.execution.InterceptingExecutableInvoker$ReflectiveInterceptorCall.lambda$ofVoidMethod$0(InterceptingExecutableInvoker.java:103)
	at org.junit.jupiter.engine.execution.InterceptingExecutableInvoker.lambda$invoke$0(InterceptingExecutableInvoker.java:93)
	at org.junit.jupiter.engine.execution.InvocationInterceptorChain$InterceptedInvocation.proceed(InvocationInterceptorChain.java:106)
	at org.junit.jupiter.engine.execution.InvocationInterceptorChain.proceed(InvocationInterceptorChain.java:64)
	at org.junit.jupiter.engine.execution.InvocationInterceptorChain.chainAndInvoke(InvocationInterceptorChain.java:45)
	at org.junit.jupiter.engine.execution.InvocationInterceptorChain.invoke(InvocationInterceptorChain.java:37)
	at org.junit.jupiter.engine.execution.InterceptingExecutableInvoker.invoke(InterceptingExecutableInvoker.java:92)
	at org.junit.jupiter.engine.execution.InterceptingExecutableInvoker.invoke(InterceptingExecutableInvoker.java:86)
	at org.junit.jupiter.engine.descriptor.ClassBasedTestDescriptor.invokeMethodInExtensionContext(ClassBasedTestDescriptor.java:521)
	at org.junit.jupiter.engine.descriptor.ClassBasedTestDescriptor.lambda$synthesizeBeforeEachMethodAdapter$23(ClassBasedTestDescriptor.java:506)
	at org.junit.jupiter.engine.descriptor.TestMethodTestDescriptor.lambda$invokeBeforeEachMethods$3(TestMethodTestDescriptor.java:175)
	at org.junit.jupiter.engine.descriptor.TestMethodTestDescriptor.lambda$invokeBeforeMethodsOrCallbacksUntilExceptionOccurs$6(TestMethodTestDescriptor.java:203)
	at org.junit.platform.engine.support.hierarchical.ThrowableCollector.execute(ThrowableCollector.java:73)
	at org.junit.jupiter.engine.descriptor.TestMethodTestDescriptor.invokeBeforeMethodsOrCallbacksUntilExceptionOccurs(TestMethodTestDescriptor.java:203)
	at org.junit.jupiter.engine.descriptor.TestMethodTestDescriptor.invokeBeforeEachMethods(TestMethodTestDescriptor.java:172)
	at org.junit.jupiter.engine.descriptor.TestMethodTestDescriptor.execute(TestMethodTestDescriptor.java:135)
	at org.junit.jupiter.engine.descriptor.TestMethodTestDescriptor.execute(TestMethodTestDescriptor.java:69)
	at org.junit.platform.engine.support.hierarchical.NodeTestTask.lambda$executeRecursively$6(NodeTestTask.java:151)
	at org.junit.platform.engine.support.hierarchical.ThrowableCollector.execute(ThrowableCollector.java:73)
	at org.junit.platform.engine.support.hierarchical.NodeTestTask.lambda$executeRecursively$8(NodeTestTask.java:141)
	at org.junit.platform.engine.support.hierarchical.Node.around(Node.java:137)
	at org.junit.platform.engine.support.hierarchical.NodeTestTask.lambda$executeRecursively$9(NodeTestTask.java:139)
	at org.junit.platform.engine.support.hierarchical.ThrowableCollector.execute(ThrowableCollector.java:73)
	at org.junit.platform.engine.support.hierarchical.NodeTestTask.executeRecursively(NodeTestTask.java:138)
	at org.junit.platform.engine.support.hierarchical.NodeTestTask.execute(NodeTestTask.java:95)
	at java.util.ArrayList.forEach(ArrayList.java:1259)
	at org.junit.platform.engine.support.hierarchical.SameThreadHierarchicalTestExecutorService.invokeAll(SameThreadHierarchicalTestExecutorService.java:41)
	at org.junit.platform.engine.support.hierarchical.NodeTestTask.lambda$executeRecursively$6(NodeTestTask.java:155)
	at org.junit.platform.engine.support.hierarchical.ThrowableCollector.execute(ThrowableCollector.java:73)
	at org.junit.platform.engine.support.hierarchical.NodeTestTask.lambda$executeRecursively$8(NodeTestTask.java:141)
	at org.junit.platform.engine.support.hierarchical.Node.around(Node.java:137)
	at org.junit.platform.engine.support.hierarchical.NodeTestTask.lambda$executeRecursively$9(NodeTestTask.java:139)
	at org.junit.platform.engine.support.hierarchical.ThrowableCollector.execute(ThrowableCollector.java:73)
	at org.junit.platform.engine.support.hierarchical.NodeTestTask.executeRecursively(NodeTestTask.java:138)
	at org.junit.platform.engine.support.hierarchical.NodeTestTask.execute(NodeTestTask.java:95)
	at java.util.ArrayList.forEach(ArrayList.java:1259)
	at org.junit.platform.engine.support.hierarchical.SameThreadHierarchicalTestExecutorService.invokeAll(SameThreadHierarchicalTestExecutorService.java:41)
	at org.junit.platform.engine.support.hierarchical.NodeTestTask.lambda$executeRecursively$6(NodeTestTask.java:155)
	at org.junit.platform.engine.support.hierarchical.ThrowableCollector.execute(ThrowableCollector.java:73)
	at org.junit.platform.engine.support.hierarchical.NodeTestTask.lambda$executeRecursively$8(NodeTestTask.java:141)
	at org.junit.platform.engine.support.hierarchical.Node.around(Node.java:137)
	at org.junit.platform.engine.support.hierarchical.NodeTestTask.lambda$executeRecursively$9(NodeTestTask.java:139)
	at org.junit.platform.engine.support.hierarchical.ThrowableCollector.execute(ThrowableCollector.java:73)
	at org.junit.platform.engine.support.hierarchical.NodeTestTask.executeRecursively(NodeTestTask.java:138)
	at org.junit.platform.engine.support.hierarchical.NodeTestTask.execute(NodeTestTask.java:95)
	at org.junit.platform.engine.support.hierarchical.SameThreadHierarchicalTestExecutorService.submit(SameThreadHierarchicalTestExecutorService.java:35)
	at org.junit.platform.engine.support.hierarchical.HierarchicalTestExecutor.execute(HierarchicalTestExecutor.java:57)
	at org.junit.platform.engine.support.hierarchical.HierarchicalTestEngine.execute(HierarchicalTestEngine.java:54)
	at org.junit.platform.launcher.core.EngineExecutionOrchestrator.execute(EngineExecutionOrchestrator.java:198)
	at org.junit.platform.launcher.core.EngineExecutionOrchestrator.execute(EngineExecutionOrchestrator.java:169)
	at org.junit.platform.launcher.core.EngineExecutionOrchestrator.execute(EngineExecutionOrchestrator.java:93)
	at org.junit.platform.launcher.core.EngineExecutionOrchestrator.lambda$execute$0(EngineExecutionOrchestrator.java:58)
	at org.junit.platform.launcher.core.EngineExecutionOrchestrator.withInterceptedStreams(EngineExecutionOrchestrator.java:141)
	at org.junit.platform.launcher.core.EngineExecutionOrchestrator.execute(EngineExecutionOrchestrator.java:57)
	at org.junit.platform.launcher.core.DefaultLauncher.execute(DefaultLauncher.java:103)
	at org.junit.platform.launcher.core.DefaultLauncher.execute(DefaultLauncher.java:85)
	at org.junit.platform.launcher.core.DelegatingLauncher.execute(DelegatingLauncher.java:47)
	at org.apache.maven.surefire.junitplatform.LazyLauncher.execute(LazyLauncher.java:56)
	at org.apache.maven.surefire.junitplatform.JUnitPlatformProvider.execute(JUnitPlatformProvider.java:184)
	at org.apache.maven.surefire.junitplatform.JUnitPlatformProvider.invokeAllTests(JUnitPlatformProvider.java:148)
	at org.apache.maven.surefire.junitplatform.JUnitPlatformProvider.invoke(JUnitPlatformProvider.java:120)
	at org.apache.maven.surefire.booter.ForkedBooter.runSuitesInProcess(ForkedBooter.java:385)
	at org.apache.maven.surefire.booter.ForkedBooter.execute(ForkedBooter.java:162)
	at org.apache.maven.surefire.booter.ForkedBooter.run(ForkedBooter.java:507)
	at org.apache.maven.surefire.booter.ForkedBooter.main(ForkedBooter.java:495)
Caused by: java.lang.NullPointerException
	at org.apache.hadoop.ozone.container.common.volume.HddsVolume.getCommittedBytes(HddsVolume.java:303)
	at org.apache.hadoop.ozone.container.common.volume.VolumeInfoMetrics.getCommitted(VolumeInfoMetrics.java:147)
	... 111 more
2023-12-26 17:42:28,811 [main] INFO  volume.HddsVolume (HddsVolume.java:<init>(126)) - Creating HddsVolume: /home/runner/work/ozone/ozone/hadoop-ozone/integration-test/target/test-dir/MiniOzoneClusterImpl-c07e4b46-e5c7-4260-9d08-acd32f4d7801/datanode-6/data-0/containers/hdds of storage type : DISK capacity : 9223372036854775807
2023-12-26 17:42:28,811 [main] INFO  volume.MutableVolumeSet (MutableVolumeSet.java:initializeVolumeSet(173)) - Added Volume : /home/runner/work/ozone/ozone/hadoop-ozone/integration-test/target/test-dir/MiniOzoneClusterImpl-c07e4b46-e5c7-4260-9d08-acd32f4d7801/datanode-6/data-0/containers/hdds to VolumeSet
2023-12-26 17:42:28,812 [main] INFO  volume.MutableVolumeSet (MutableVolumeSet.java:initializeVolumeSet(173)) - Added Volume : /home/runner/work/ozone/ozone/hadoop-ozone/integration-test/target/test-dir/MiniOzoneClusterImpl-c07e4b46-e5c7-4260-9d08-acd32f4d7801/datanode-6/data/ratis to VolumeSet
2023-12-26 17:42:28,813 [main] INFO  ozoneimpl.OzoneContainer (HddsVolumeUtil.java:loadAllHddsVolumeDbStore(103)) - Load 1 volumes DbStore cost: 1ms
2023-12-26 17:42:28,813 [f2ecaa80-14dc-424e-9be2-9314b399fe9c-ContainerReader-0] INFO  ozoneimpl.ContainerReader (ContainerReader.java:readVolume(178)) - Finish verifying containers on volume /home/runner/work/ozone/ozone/hadoop-ozone/integration-test/target/test-dir/MiniOzoneClusterImpl-c07e4b46-e5c7-4260-9d08-acd32f4d7801/datanode-6/data-0/containers/hdds
2023-12-26 17:42:28,813 [main] INFO  ozoneimpl.OzoneContainer (OzoneContainer.java:buildContainerSet(326)) - Build ContainerSet costs 0s
2023-12-26 17:42:28,816 [main] INFO  server.RaftServer (ConfUtils.java:logGet(46)) - raft.rpc.type = GRPC (default)
2023-12-26 17:42:28,816 [main] INFO  grpc.GrpcConfigKeys (ConfUtils.java:logFallback(53)) - raft.grpc.admin.host = null (fallback to raft.grpc.server.host)
2023-12-26 17:42:28,816 [main] INFO  grpc.GrpcConfigKeys (ConfUtils.java:logGet(46)) - raft.grpc.admin.port = 15156 (custom)
2023-12-26 17:42:28,816 [main] INFO  grpc.GrpcConfigKeys (ConfUtils.java:logFallback(53)) - raft.grpc.client.host = null (fallback to raft.grpc.server.host)
2023-12-26 17:42:28,816 [main] INFO  grpc.GrpcConfigKeys (ConfUtils.java:logGet(46)) - raft.grpc.client.port = 15155 (custom)
2023-12-26 17:42:28,817 [main] INFO  grpc.GrpcConfigKeys (ConfUtils.java:logGet(46)) - raft.grpc.server.host = null (default)
2023-12-26 17:42:28,817 [main] INFO  grpc.GrpcConfigKeys (ConfUtils.java:logGet(46)) - raft.grpc.server.port = 15157 (custom)
2023-12-26 17:42:28,817 [main] INFO  server.GrpcService (ConfUtils.java:logGet(46)) - raft.grpc.message.size.max = 32MB (=33554432) (custom)
2023-12-26 17:42:28,817 [main] INFO  server.RaftServerConfigKeys (ConfUtils.java:logGet(46)) - raft.server.log.appender.buffer.byte-limit = 8388608 (custom)
2023-12-26 17:42:28,819 [main] INFO  server.GrpcService (ConfUtils.java:logGet(46)) - raft.grpc.flow.control.window = 5MB (=5242880) (custom)
2023-12-26 17:42:28,819 [main] INFO  server.RaftServerConfigKeys (ConfUtils.java:logGet(46)) - raft.server.rpc.request.timeout = 3000ms (default)
2023-12-26 17:42:28,819 [main] INFO  grpc.GrpcConfigKeys (ConfUtils.java:logGet(46)) - raft.grpc.server.heartbeat.channel = true (default)
2023-12-26 17:42:28,819 [main] INFO  grpc.GrpcConfigKeys (ConfUtils.java:logGet(46)) - raft.grpc.server.async.request.thread.pool.cached = true (default)
2023-12-26 17:42:28,819 [main] INFO  grpc.GrpcConfigKeys (ConfUtils.java:logGet(46)) - raft.grpc.server.async.request.thread.pool.size = 32 (default)
2023-12-26 17:42:28,822 [main] INFO  impl.DataStreamServerImpl (ConfUtils.java:logGet(46)) - raft.datastream.type = NETTY (custom)
2023-12-26 17:42:28,822 [main] INFO  server.RaftServerConfigKeys (ConfUtils.java:logGet(46)) - raft.server.data-stream.async.request.thread.pool.cached = false (default)
2023-12-26 17:42:28,823 [main] INFO  server.RaftServerConfigKeys (ConfUtils.java:logGet(46)) - raft.server.data-stream.async.request.thread.pool.size = 20 (custom)
2023-12-26 17:42:28,823 [main] INFO  server.RaftServerConfigKeys (ConfUtils.java:logGet(46)) - raft.server.data-stream.async.write.thread.pool.size = 16 (default)
2023-12-26 17:42:28,823 [main] INFO  netty.NettyConfigKeys$DataStream (ConfUtils.java:logGet(46)) - raft.netty.dataStream.server.channel.inactive.grace-period = 10min (default)
2023-12-26 17:42:28,823 [main] INFO  server.RaftServerConfigKeys (ConfUtils.java:logGet(46)) - raft.server.data-stream.client.pool.size = 10 (default)
2023-12-26 17:42:28,823 [main] INFO  netty.NettyConfigKeys$DataStream (ConfUtils.java:logGet(46)) - raft.netty.dataStream.server.use-epoll = true (default)
2023-12-26 17:42:28,824 [main] INFO  netty.NettyConfigKeys$DataStream (ConfUtils.java:logGet(46)) - raft.netty.dataStream.server.boss-group.size = 0 (default)
2023-12-26 17:42:28,824 [main] INFO  netty.NettyUtils (NettyUtils.java:newEventLoopGroup(69)) - Create EpollEventLoopGroup for f2ecaa80-14dc-424e-9be2-9314b399fe9c-NettyServerStreamRpc-bossGroup; Thread size is 0.
2023-12-26 17:42:28,824 [main] INFO  netty.NettyConfigKeys$DataStream (ConfUtils.java:logGet(46)) - raft.netty.dataStream.server.worker-group.size = 0 (default)
2023-12-26 17:42:28,824 [main] INFO  netty.NettyUtils (NettyUtils.java:newEventLoopGroup(69)) - Create EpollEventLoopGroup for f2ecaa80-14dc-424e-9be2-9314b399fe9c-NettyServerStreamRpc-workerGroup; Thread size is 0.
2023-12-26 17:42:28,825 [main] INFO  netty.NettyConfigKeys$DataStream (ConfUtils.java:logGet(46)) - raft.netty.dataStream.server.tls.conf = null (default)
2023-12-26 17:42:28,825 [main] INFO  netty.NettyConfigKeys$DataStream (ConfUtils.java:logGet(46)) - raft.netty.dataStream.host = null (default)
2023-12-26 17:42:28,825 [main] INFO  netty.NettyConfigKeys$DataStream (ConfUtils.java:logGet(46)) - raft.netty.dataStream.port = 15158 (custom)
2023-12-26 17:42:28,826 [main] INFO  server.RaftServerConfigKeys (ConfUtils.java:logGet(46)) - raft.server.sleep.deviation.threshold = 300ms (default)
2023-12-26 17:42:28,826 [main] INFO  server.RaftServerConfigKeys (ConfUtils.java:logGet(46)) - raft.server.close.threshold = 60s (default)
2023-12-26 17:42:28,826 [main] INFO  server.RaftServerConfigKeys (ConfUtils.java:logGet(46)) - raft.server.leaderelection.leader.step-down.wait-time = 10s (default)
2023-12-26 17:42:28,826 [f2ecaa80-14dc-424e-9be2-9314b399fe9c-NettyServerStreamRpc-bossGroup--thread1] INFO  logging.LoggingHandler (AbstractInternalLogger.java:log(148)) - [id: 0x36dde0f7] REGISTERED
2023-12-26 17:42:28,826 [main] INFO  server.RaftServerConfigKeys (ConfUtils.java:logGet(46)) - raft.server.storage.dir = [/home/runner/work/ozone/ozone/hadoop-ozone/integration-test/target/test-dir/MiniOzoneClusterImpl-c07e4b46-e5c7-4260-9d08-acd32f4d7801/datanode-6/data/ratis] (custom)
2023-12-26 17:42:28,827 [main] INFO  server.RaftServerConfigKeys (ConfUtils.java:logGet(46)) - raft.server.threadpool.proxy.cached = true (default)
2023-12-26 17:42:28,827 [main] INFO  server.RaftServerConfigKeys (ConfUtils.java:logGet(46)) - raft.server.threadpool.proxy.size = 0 (default)
2023-12-26 17:42:28,827 [f2ecaa80-14dc-424e-9be2-9314b399fe9c-NettyServerStreamRpc-bossGroup--thread1] INFO  logging.LoggingHandler (AbstractInternalLogger.java:log(148)) - [id: 0x36dde0f7] BIND: 0.0.0.0/0.0.0.0:15158
2023-12-26 17:42:28,827 [f2ecaa80-14dc-424e-9be2-9314b399fe9c-NettyServerStreamRpc-bossGroup--thread1] INFO  logging.LoggingHandler (AbstractInternalLogger.java:log(148)) - [id: 0x36dde0f7, L:/0.0.0.0:15158] ACTIVE
2023-12-26 17:42:28,828 [f2ecaa80-14dc-424e-9be2-9314b399fe9c-impl-thread1] INFO  server.RaftServer (RaftServerProxy.java:initGroupDir(264)) - f2ecaa80-14dc-424e-9be2-9314b399fe9c: found a subdirectory /home/runner/work/ozone/ozone/hadoop-ozone/integration-test/target/test-dir/MiniOzoneClusterImpl-c07e4b46-e5c7-4260-9d08-acd32f4d7801/datanode-6/data/ratis/tmp
2023-12-26 17:42:28,828 [f2ecaa80-14dc-424e-9be2-9314b399fe9c-impl-thread1] INFO  server.RaftServer (RaftServerProxy.java:initGroupDir(269)) - f2ecaa80-14dc-424e-9be2-9314b399fe9c: The directory /home/runner/work/ozone/ozone/hadoop-ozone/integration-test/target/test-dir/MiniOzoneClusterImpl-c07e4b46-e5c7-4260-9d08-acd32f4d7801/datanode-6/data/ratis/tmp is not a group directory; ignoring it. 
2023-12-26 17:42:28,828 [main] INFO  replication.ReplicationServer (ReplicationServer.java:<init>(85)) - Initializing replication server with thread count = 10 queue length = 4096
2023-12-26 17:42:28,829 [main] INFO  server.XceiverServerGrpc (XceiverServerGrpc.java:<init>(141)) - GrpcServer channel type EpollServerSocketChannel
2023-12-26 17:42:28,831 [main] INFO  replication.ReplicationSupervisor (ReplicationSupervisor.java:build(163)) - Initializing replication supervisor with thread count = 10
2023-12-26 17:42:28,831 [main] INFO  replication.ReplicationSupervisor (ReplicationSupervisor.java:nodeStateUpdated(317)) - Node state updated to IN_SERVICE, scaling executor pool size to 10
2023-12-26 17:42:28,834 [main] INFO  http.BaseHttpServer (BaseHttpServer.java:newHttpServer2BuilderForOzone(223)) - Starting Web-server for hddsDatanode at: http://0.0.0.0:15152
2023-12-26 17:42:28,834 [main] INFO  http.BaseHttpServer (BaseHttpServer.java:<init>(110)) - Hadoop Security Enabled: false Ozone Security Enabled: false Ozone HTTP Security Enabled: false 
2023-12-26 17:42:28,835 [main] WARN  server.AuthenticationFilter (AuthenticationFilter.java:constructSecretProvider(240)) - Unable to initialize FileSignerSecretProvider, falling back to use random secrets. Reason: Could not read signature secret file: /home/runner/hadoop-http-auth-signature-secret
2023-12-26 17:42:28,837 [main] INFO  http.HttpRequestLog (HttpRequestLog.java:getRequestLog(86)) - Http request log for http.requests.hddsDatanode is not defined
2023-12-26 17:42:28,838 [main] INFO  http.HttpServer2 (HttpServer2.java:addGlobalFilter(1036)) - Added global filter 'safety' (class=org.apache.hadoop.hdds.server.http.HttpServer2$QuotingInputFilter)
2023-12-26 17:42:28,839 [main] INFO  http.HttpServer2 (HttpServer2.java:addFilter(1012)) - Added filter static_user_filter (class=org.apache.hadoop.http.lib.StaticUserWebFilter$StaticUserFilter) to context hddsDatanode
2023-12-26 17:42:28,839 [main] INFO  http.HttpServer2 (HttpServer2.java:addFilter(1020)) - Added filter static_user_filter (class=org.apache.hadoop.http.lib.StaticUserWebFilter$StaticUserFilter) to context static
2023-12-26 17:42:28,839 [main] INFO  http.HttpServer2 (HttpServer2.java:addFilter(1020)) - Added filter static_user_filter (class=org.apache.hadoop.http.lib.StaticUserWebFilter$StaticUserFilter) to context logs
2023-12-26 17:42:28,840 [main] INFO  http.BaseHttpServer (BaseHttpServer.java:<init>(189)) - HTTP server of hddsDatanode uses base directory /home/runner/work/ozone/ozone/hadoop-ozone/integration-test/target/test-dir/MiniOzoneClusterImpl-c07e4b46-e5c7-4260-9d08-acd32f4d7801/datanode-6/meta/webserver
2023-12-26 17:42:28,840 [main] INFO  http.HttpServer2 (HttpServer2.java:bindListener(1236)) - Jetty bound to port 15152
2023-12-26 17:42:28,840 [main] INFO  server.Server (Server.java:doStart(375)) - jetty-9.4.53.v20231009; built: 2023-10-09T12:29:09.265Z; git: 27bde00a0b95a1d5bbee0eae7984f891d2d0f8c9; jvm 1.8.0_392-b08
2023-12-26 17:42:28,849 [main] INFO  server.session (DefaultSessionIdManager.java:doStart(334)) - DefaultSessionIdManager workerName=node0
2023-12-26 17:42:28,849 [main] INFO  server.session (DefaultSessionIdManager.java:doStart(339)) - No SessionScavenger set, using defaults
2023-12-26 17:42:28,850 [main] INFO  server.session (HouseKeeper.java:startScavenging(132)) - node0 Scavenging every 600000ms
2023-12-26 17:42:28,850 [main] INFO  handler.ContextHandler (ContextHandler.java:doStart(921)) - Started o.e.j.s.ServletContextHandler@2ea03886{logs,/logs,file:///home/runner/work/ozone/ozone/hadoop-ozone/integration-test/target/log,AVAILABLE}
2023-12-26 17:42:28,851 [main] INFO  handler.ContextHandler (ContextHandler.java:doStart(921)) - Started o.e.j.s.ServletContextHandler@5cf98e0d{static,/static,jar:file:/home/runner/.m2/repository/org/apache/ozone/hdds-container-service/1.5.0-SNAPSHOT/hdds-container-service-1.5.0-SNAPSHOT.jar!/webapps/static,AVAILABLE}
2023-12-26 17:42:28,890 [main] INFO  handler.ContextHandler (ContextHandler.java:doStart(921)) - Started o.e.j.w.WebAppContext@5f21efe0{hddsDatanode,/,file:///home/runner/work/ozone/ozone/hadoop-ozone/integration-test/target/test-dir/MiniOzoneClusterImpl-c07e4b46-e5c7-4260-9d08-acd32f4d7801/datanode-6/meta/webserver/jetty-0_0_0_0-15152-hdds-container-service-1_5_0-SNAPSHOT_jar-_-any-7620873575272550000/webapp/,AVAILABLE}{jar:file:/home/runner/.m2/repository/org/apache/ozone/hdds-container-service/1.5.0-SNAPSHOT/hdds-container-service-1.5.0-SNAPSHOT.jar!/webapps/hddsDatanode}
2023-12-26 17:42:28,891 [main] INFO  server.AbstractConnector (AbstractConnector.java:doStart(333)) - Started ServerConnector@2ac2e1e6{HTTP/1.1, (http/1.1)}{0.0.0.0:15152}
2023-12-26 17:42:28,891 [main] INFO  server.Server (Server.java:doStart(415)) - Started @46544ms
2023-12-26 17:42:28,891 [main] WARN  impl.MetricsSystemImpl (MetricsSystemImpl.java:register(279)) - Sink prometheus already exists!
2023-12-26 17:42:28,892 [main] INFO  http.BaseHttpServer (BaseHttpServer.java:updateConnectorAddress(354)) - HTTP server of hddsDatanode listening at http://0.0.0.0:15152
2023-12-26 17:42:28,892 [main] INFO  ipc.CallQueueManager (CallQueueManager.java:<init>(90)) - Using callQueue: class java.util.concurrent.LinkedBlockingQueue, queueCapacity: 100, scheduler: class org.apache.hadoop.ipc.DefaultRpcScheduler, ipcBackoff: false.
2023-12-26 17:42:28,892 [main] INFO  ipc.Server (Server.java:<init>(1287)) - Listener at 0.0.0.0:15153
2023-12-26 17:42:28,893 [Socket Reader #1 for port 15153] INFO  ipc.Server (Server.java:run(1323)) - Starting Socket Reader #1 for port 15153
2023-12-26 17:42:28,894 [main] INFO  ozone.HddsDatanodeService (HddsDatanodeService.java:start(324)) - Datanode start with admins: [runner]
2023-12-26 17:42:28,895 [main] INFO  ozone.HddsDatanodeClientProtocolServer (HddsDatanodeClientProtocolServer.java:start(72)) - RPC server for Client /0.0.0.0:15153
2023-12-26 17:42:28,895 [IPC Server Responder] INFO  ipc.Server (Server.java:run(1562)) - IPC Server Responder: starting
2023-12-26 17:42:28,897 [f2ecaa80-14dc-424e-9be2-9314b399fe9c-DatanodeStateMachineDaemonThread] INFO  statemachine.DatanodeStateMachine (DatanodeStateMachine.java:lambda$startDaemon$1(555)) - Ozone container server started.
2023-12-26 17:42:28,897 [main] WARN  dropwizard3.Dm3MetricRegistriesImpl (Dm3MetricRegistriesImpl.java:addReporterRegistration(113)) - New reporters are added after registries were created. Some metrics will be missing from the reporter. Please add reporter before adding any new registry.
2023-12-26 17:42:28,899 [main] WARN  dropwizard3.Dm3MetricRegistriesImpl (Dm3MetricRegistriesImpl.java:addReporterRegistration(113)) - New reporters are added after registries were created. Some metrics will be missing from the reporter. Please add reporter before adding any new registry.
2023-12-26 17:42:28,899 [main] INFO  impl.MetricsSystemImpl (MetricsSystemImpl.java:init(158)) - HddsDatanode metrics system started (again)
2023-12-26 17:42:28,898 [IPC Server listener on 15153] INFO  ipc.Server (Server.java:run(1402)) - IPC Server listener on 15153: starting
2023-12-26 17:42:28,903 [f2ecaa80-14dc-424e-9be2-9314b399fe9c-DatanodeStateMachineTaskThread-0] INFO  datanode.InitDatanodeState (InitDatanodeState.java:persistContainerDatanodeDetails(139)) - DatanodeDetails is persisted to /home/runner/work/ozone/ozone/hadoop-ozone/integration-test/target/test-dir/MiniOzoneClusterImpl-c07e4b46-e5c7-4260-9d08-acd32f4d7801/datanode-6/meta/datanode.id
2023-12-26 17:42:28,910 [main] INFO  ozone.HddsDatanodeService (HddsDatanodeService.java:start(239)) - HddsDatanodeService host:fv-az1381-115 ip:10.1.0.4
2023-12-26 17:42:28,930 [main] INFO  upgrade.AbstractLayoutVersionManager (AbstractLayoutVersionManager.java:init(83)) - Initializing Layout version manager with metadata layout = HADOOP_PRC_PORTS_IN_DATANODEDETAILS (version = 7), software layout = HADOOP_PRC_PORTS_IN_DATANODEDETAILS (version = 7)
2023-12-26 17:42:28,930 [main] INFO  statemachine.DatanodeStateMachine (DatanodeStateMachine.java:getEndPointTaskThreadPoolSize(299)) - Datanode State Machine Task Thread Pool size 2
2023-12-26 17:42:28,931 [main] ERROR lib.MethodMetric (MethodMetric.java:snapshot(117)) - Error invoking method getCommitted
java.lang.reflect.InvocationTargetException
	at sun.reflect.GeneratedMethodAccessor85.invoke(Unknown Source)
	at sun.reflect.DelegatingMethodAccessorImpl.invoke(DelegatingMethodAccessorImpl.java:43)
	at java.lang.reflect.Method.invoke(Method.java:498)
	at org.apache.hadoop.metrics2.lib.MethodMetric$2.snapshot(MethodMetric.java:111)
	at org.apache.hadoop.metrics2.lib.MethodMetric.snapshot(MethodMetric.java:142)
	at org.apache.hadoop.metrics2.lib.MetricsRegistry.snapshot(MetricsRegistry.java:447)
	at org.apache.hadoop.metrics2.lib.MetricsSourceBuilder$1.getMetrics(MetricsSourceBuilder.java:89)
	at org.apache.hadoop.metrics2.impl.MetricsSourceAdapter.getMetrics(MetricsSourceAdapter.java:200)
	at org.apache.hadoop.metrics2.impl.MetricsSourceAdapter.updateJmxCache(MetricsSourceAdapter.java:183)
	at org.apache.hadoop.metrics2.impl.MetricsSourceAdapter.getMBeanInfo(MetricsSourceAdapter.java:156)
	at com.sun.jmx.interceptor.DefaultMBeanServerInterceptor.getNewMBeanClassName(DefaultMBeanServerInterceptor.java:333)
	at com.sun.jmx.interceptor.DefaultMBeanServerInterceptor.registerMBean(DefaultMBeanServerInterceptor.java:319)
	at com.sun.jmx.mbeanserver.JmxMBeanServer.registerMBean(JmxMBeanServer.java:522)
	at org.apache.hadoop.metrics2.util.MBeans.register(MBeans.java:100)
	at org.apache.hadoop.metrics2.util.MBeans.register(MBeans.java:73)
	at org.apache.hadoop.metrics2.impl.MetricsSourceAdapter.startMBeans(MetricsSourceAdapter.java:222)
	at org.apache.hadoop.metrics2.impl.MetricsSourceAdapter.start(MetricsSourceAdapter.java:101)
	at org.apache.hadoop.metrics2.impl.MetricsSystemImpl.registerSource(MetricsSystemImpl.java:268)
	at org.apache.hadoop.metrics2.impl.MetricsSystemImpl.register(MetricsSystemImpl.java:233)
	at org.apache.hadoop.ozone.container.common.volume.VolumeInfoMetrics.init(VolumeInfoMetrics.java:50)
	at org.apache.hadoop.ozone.container.common.volume.VolumeInfoMetrics.<init>(VolumeInfoMetrics.java:45)
	at org.apache.hadoop.ozone.container.common.volume.HddsVolume.<init>(HddsVolume.java:123)
	at org.apache.hadoop.ozone.container.common.volume.HddsVolume.<init>(HddsVolume.java:71)
	at org.apache.hadoop.ozone.container.common.volume.HddsVolume$Builder.build(HddsVolume.java:111)
	at org.apache.hadoop.ozone.container.common.volume.HddsVolumeFactory.createVolume(HddsVolumeFactory.java:48)
	at org.apache.hadoop.ozone.container.common.volume.MutableVolumeSet.initializeVolumeSet(MutableVolumeSet.java:170)
	at org.apache.hadoop.ozone.container.common.volume.MutableVolumeSet.<init>(MutableVolumeSet.java:132)
	at org.apache.hadoop.ozone.container.common.volume.MutableVolumeSet.<init>(MutableVolumeSet.java:96)
	at org.apache.hadoop.ozone.container.ozoneimpl.OzoneContainer.<init>(OzoneContainer.java:149)
	at org.apache.hadoop.ozone.container.common.statemachine.DatanodeStateMachine.<init>(DatanodeStateMachine.java:186)
	at org.apache.hadoop.ozone.HddsDatanodeService.start(HddsDatanodeService.java:296)
	at org.apache.hadoop.ozone.MiniOzoneClusterImpl.startHddsDatanode(MiniOzoneClusterImpl.java:489)
	at java.util.ArrayList.forEach(ArrayList.java:1259)
	at org.apache.hadoop.ozone.MiniOzoneClusterImpl.startHddsDatanodes(MiniOzoneClusterImpl.java:497)
	at org.apache.hadoop.ozone.MiniOzoneClusterImpl$Builder.build(MiniOzoneClusterImpl.java:627)
	at org.apache.hadoop.ozone.client.rpc.TestWatchForCommit.init(TestWatchForCommit.java:149)
	at sun.reflect.NativeMethodAccessorImpl.invoke0(Native Method)
	at sun.reflect.NativeMethodAccessorImpl.invoke(NativeMethodAccessorImpl.java:62)
	at sun.reflect.DelegatingMethodAccessorImpl.invoke(DelegatingMethodAccessorImpl.java:43)
	at java.lang.reflect.Method.invoke(Method.java:498)
	at org.junit.platform.commons.util.ReflectionUtils.invokeMethod(ReflectionUtils.java:728)
	at org.junit.jupiter.engine.execution.MethodInvocation.proceed(MethodInvocation.java:60)
	at org.junit.jupiter.engine.execution.InvocationInterceptorChain$ValidatingInvocation.proceed(InvocationInterceptorChain.java:131)
	at org.junit.jupiter.engine.extension.TimeoutExtension.intercept(TimeoutExtension.java:156)
	at org.junit.jupiter.engine.extension.TimeoutExtension.interceptLifecycleMethod(TimeoutExtension.java:128)
	at org.junit.jupiter.engine.extension.TimeoutExtension.interceptBeforeEachMethod(TimeoutExtension.java:78)
	at org.junit.jupiter.engine.execution.InterceptingExecutableInvoker$ReflectiveInterceptorCall.lambda$ofVoidMethod$0(InterceptingExecutableInvoker.java:103)
	at org.junit.jupiter.engine.execution.InterceptingExecutableInvoker.lambda$invoke$0(InterceptingExecutableInvoker.java:93)
	at org.junit.jupiter.engine.execution.InvocationInterceptorChain$InterceptedInvocation.proceed(InvocationInterceptorChain.java:106)
	at org.junit.jupiter.engine.execution.InvocationInterceptorChain.proceed(InvocationInterceptorChain.java:64)
	at org.junit.jupiter.engine.execution.InvocationInterceptorChain.chainAndInvoke(InvocationInterceptorChain.java:45)
	at org.junit.jupiter.engine.execution.InvocationInterceptorChain.invoke(InvocationInterceptorChain.java:37)
	at org.junit.jupiter.engine.execution.InterceptingExecutableInvoker.invoke(InterceptingExecutableInvoker.java:92)
	at org.junit.jupiter.engine.execution.InterceptingExecutableInvoker.invoke(InterceptingExecutableInvoker.java:86)
	at org.junit.jupiter.engine.descriptor.ClassBasedTestDescriptor.invokeMethodInExtensionContext(ClassBasedTestDescriptor.java:521)
	at org.junit.jupiter.engine.descriptor.ClassBasedTestDescriptor.lambda$synthesizeBeforeEachMethodAdapter$23(ClassBasedTestDescriptor.java:506)
	at org.junit.jupiter.engine.descriptor.TestMethodTestDescriptor.lambda$invokeBeforeEachMethods$3(TestMethodTestDescriptor.java:175)
	at org.junit.jupiter.engine.descriptor.TestMethodTestDescriptor.lambda$invokeBeforeMethodsOrCallbacksUntilExceptionOccurs$6(TestMethodTestDescriptor.java:203)
	at org.junit.platform.engine.support.hierarchical.ThrowableCollector.execute(ThrowableCollector.java:73)
	at org.junit.jupiter.engine.descriptor.TestMethodTestDescriptor.invokeBeforeMethodsOrCallbacksUntilExceptionOccurs(TestMethodTestDescriptor.java:203)
	at org.junit.jupiter.engine.descriptor.TestMethodTestDescriptor.invokeBeforeEachMethods(TestMethodTestDescriptor.java:172)
	at org.junit.jupiter.engine.descriptor.TestMethodTestDescriptor.execute(TestMethodTestDescriptor.java:135)
	at org.junit.jupiter.engine.descriptor.TestMethodTestDescriptor.execute(TestMethodTestDescriptor.java:69)
	at org.junit.platform.engine.support.hierarchical.NodeTestTask.lambda$executeRecursively$6(NodeTestTask.java:151)
	at org.junit.platform.engine.support.hierarchical.ThrowableCollector.execute(ThrowableCollector.java:73)
	at org.junit.platform.engine.support.hierarchical.NodeTestTask.lambda$executeRecursively$8(NodeTestTask.java:141)
	at org.junit.platform.engine.support.hierarchical.Node.around(Node.java:137)
	at org.junit.platform.engine.support.hierarchical.NodeTestTask.lambda$executeRecursively$9(NodeTestTask.java:139)
	at org.junit.platform.engine.support.hierarchical.ThrowableCollector.execute(ThrowableCollector.java:73)
	at org.junit.platform.engine.support.hierarchical.NodeTestTask.executeRecursively(NodeTestTask.java:138)
	at org.junit.platform.engine.support.hierarchical.NodeTestTask.execute(NodeTestTask.java:95)
	at java.util.ArrayList.forEach(ArrayList.java:1259)
	at org.junit.platform.engine.support.hierarchical.SameThreadHierarchicalTestExecutorService.invokeAll(SameThreadHierarchicalTestExecutorService.java:41)
	at org.junit.platform.engine.support.hierarchical.NodeTestTask.lambda$executeRecursively$6(NodeTestTask.java:155)
	at org.junit.platform.engine.support.hierarchical.ThrowableCollector.execute(ThrowableCollector.java:73)
	at org.junit.platform.engine.support.hierarchical.NodeTestTask.lambda$executeRecursively$8(NodeTestTask.java:141)
	at org.junit.platform.engine.support.hierarchical.Node.around(Node.java:137)
	at org.junit.platform.engine.support.hierarchical.NodeTestTask.lambda$executeRecursively$9(NodeTestTask.java:139)
	at org.junit.platform.engine.support.hierarchical.ThrowableCollector.execute(ThrowableCollector.java:73)
	at org.junit.platform.engine.support.hierarchical.NodeTestTask.executeRecursively(NodeTestTask.java:138)
	at org.junit.platform.engine.support.hierarchical.NodeTestTask.execute(NodeTestTask.java:95)
	at java.util.ArrayList.forEach(ArrayList.java:1259)
	at org.junit.platform.engine.support.hierarchical.SameThreadHierarchicalTestExecutorService.invokeAll(SameThreadHierarchicalTestExecutorService.java:41)
	at org.junit.platform.engine.support.hierarchical.NodeTestTask.lambda$executeRecursively$6(NodeTestTask.java:155)
	at org.junit.platform.engine.support.hierarchical.ThrowableCollector.execute(ThrowableCollector.java:73)
	at org.junit.platform.engine.support.hierarchical.NodeTestTask.lambda$executeRecursively$8(NodeTestTask.java:141)
	at org.junit.platform.engine.support.hierarchical.Node.around(Node.java:137)
	at org.junit.platform.engine.support.hierarchical.NodeTestTask.lambda$executeRecursively$9(NodeTestTask.java:139)
	at org.junit.platform.engine.support.hierarchical.ThrowableCollector.execute(ThrowableCollector.java:73)
	at org.junit.platform.engine.support.hierarchical.NodeTestTask.executeRecursively(NodeTestTask.java:138)
	at org.junit.platform.engine.support.hierarchical.NodeTestTask.execute(NodeTestTask.java:95)
	at org.junit.platform.engine.support.hierarchical.SameThreadHierarchicalTestExecutorService.submit(SameThreadHierarchicalTestExecutorService.java:35)
	at org.junit.platform.engine.support.hierarchical.HierarchicalTestExecutor.execute(HierarchicalTestExecutor.java:57)
	at org.junit.platform.engine.support.hierarchical.HierarchicalTestEngine.execute(HierarchicalTestEngine.java:54)
	at org.junit.platform.launcher.core.EngineExecutionOrchestrator.execute(EngineExecutionOrchestrator.java:198)
	at org.junit.platform.launcher.core.EngineExecutionOrchestrator.execute(EngineExecutionOrchestrator.java:169)
	at org.junit.platform.launcher.core.EngineExecutionOrchestrator.execute(EngineExecutionOrchestrator.java:93)
	at org.junit.platform.launcher.core.EngineExecutionOrchestrator.lambda$execute$0(EngineExecutionOrchestrator.java:58)
	at org.junit.platform.launcher.core.EngineExecutionOrchestrator.withInterceptedStreams(EngineExecutionOrchestrator.java:141)
	at org.junit.platform.launcher.core.EngineExecutionOrchestrator.execute(EngineExecutionOrchestrator.java:57)
	at org.junit.platform.launcher.core.DefaultLauncher.execute(DefaultLauncher.java:103)
	at org.junit.platform.launcher.core.DefaultLauncher.execute(DefaultLauncher.java:85)
	at org.junit.platform.launcher.core.DelegatingLauncher.execute(DelegatingLauncher.java:47)
	at org.apache.maven.surefire.junitplatform.LazyLauncher.execute(LazyLauncher.java:56)
	at org.apache.maven.surefire.junitplatform.JUnitPlatformProvider.execute(JUnitPlatformProvider.java:184)
	at org.apache.maven.surefire.junitplatform.JUnitPlatformProvider.invokeAllTests(JUnitPlatformProvider.java:148)
	at org.apache.maven.surefire.junitplatform.JUnitPlatformProvider.invoke(JUnitPlatformProvider.java:120)
	at org.apache.maven.surefire.booter.ForkedBooter.runSuitesInProcess(ForkedBooter.java:385)
	at org.apache.maven.surefire.booter.ForkedBooter.execute(ForkedBooter.java:162)
	at org.apache.maven.surefire.booter.ForkedBooter.run(ForkedBooter.java:507)
	at org.apache.maven.surefire.booter.ForkedBooter.main(ForkedBooter.java:495)
Caused by: java.lang.NullPointerException
	at org.apache.hadoop.ozone.container.common.volume.HddsVolume.getCommittedBytes(HddsVolume.java:303)
	at org.apache.hadoop.ozone.container.common.volume.VolumeInfoMetrics.getCommitted(VolumeInfoMetrics.java:147)
	... 111 more
2023-12-26 17:42:28,932 [main] INFO  volume.HddsVolume (HddsVolume.java:<init>(126)) - Creating HddsVolume: /home/runner/work/ozone/ozone/hadoop-ozone/integration-test/target/test-dir/MiniOzoneClusterImpl-c07e4b46-e5c7-4260-9d08-acd32f4d7801/datanode-7/data-0/containers/hdds of storage type : DISK capacity : 9223372036854775807
2023-12-26 17:42:28,933 [main] INFO  volume.MutableVolumeSet (MutableVolumeSet.java:initializeVolumeSet(173)) - Added Volume : /home/runner/work/ozone/ozone/hadoop-ozone/integration-test/target/test-dir/MiniOzoneClusterImpl-c07e4b46-e5c7-4260-9d08-acd32f4d7801/datanode-7/data-0/containers/hdds to VolumeSet
2023-12-26 17:42:28,933 [main] INFO  volume.MutableVolumeSet (MutableVolumeSet.java:initializeVolumeSet(173)) - Added Volume : /home/runner/work/ozone/ozone/hadoop-ozone/integration-test/target/test-dir/MiniOzoneClusterImpl-c07e4b46-e5c7-4260-9d08-acd32f4d7801/datanode-7/data/ratis to VolumeSet
2023-12-26 17:42:28,934 [main] INFO  ozoneimpl.OzoneContainer (HddsVolumeUtil.java:loadAllHddsVolumeDbStore(103)) - Load 1 volumes DbStore cost: 0ms
2023-12-26 17:42:28,935 [39d92bf3-11d2-44f0-9af6-e9080cb8793e-ContainerReader-0] INFO  ozoneimpl.ContainerReader (ContainerReader.java:readVolume(178)) - Finish verifying containers on volume /home/runner/work/ozone/ozone/hadoop-ozone/integration-test/target/test-dir/MiniOzoneClusterImpl-c07e4b46-e5c7-4260-9d08-acd32f4d7801/datanode-7/data-0/containers/hdds
2023-12-26 17:42:28,935 [main] INFO  ozoneimpl.OzoneContainer (OzoneContainer.java:buildContainerSet(326)) - Build ContainerSet costs 0s
2023-12-26 17:42:28,937 [main] INFO  server.RaftServer (ConfUtils.java:logGet(46)) - raft.rpc.type = GRPC (default)
2023-12-26 17:42:28,937 [main] INFO  grpc.GrpcConfigKeys (ConfUtils.java:logFallback(53)) - raft.grpc.admin.host = null (fallback to raft.grpc.server.host)
2023-12-26 17:42:28,937 [main] INFO  grpc.GrpcConfigKeys (ConfUtils.java:logGet(46)) - raft.grpc.admin.port = 15165 (custom)
2023-12-26 17:42:28,937 [main] INFO  grpc.GrpcConfigKeys (ConfUtils.java:logFallback(53)) - raft.grpc.client.host = null (fallback to raft.grpc.server.host)
2023-12-26 17:42:28,938 [main] INFO  grpc.GrpcConfigKeys (ConfUtils.java:logGet(46)) - raft.grpc.client.port = 15164 (custom)
2023-12-26 17:42:28,938 [main] INFO  grpc.GrpcConfigKeys (ConfUtils.java:logGet(46)) - raft.grpc.server.host = null (default)
2023-12-26 17:42:28,938 [main] INFO  grpc.GrpcConfigKeys (ConfUtils.java:logGet(46)) - raft.grpc.server.port = 15166 (custom)
2023-12-26 17:42:28,938 [main] INFO  server.GrpcService (ConfUtils.java:logGet(46)) - raft.grpc.message.size.max = 32MB (=33554432) (custom)
2023-12-26 17:42:28,938 [main] INFO  server.RaftServerConfigKeys (ConfUtils.java:logGet(46)) - raft.server.log.appender.buffer.byte-limit = 8388608 (custom)
2023-12-26 17:42:28,939 [main] INFO  server.GrpcService (ConfUtils.java:logGet(46)) - raft.grpc.flow.control.window = 5MB (=5242880) (custom)
2023-12-26 17:42:28,939 [main] INFO  server.RaftServerConfigKeys (ConfUtils.java:logGet(46)) - raft.server.rpc.request.timeout = 3000ms (default)
2023-12-26 17:42:28,939 [main] INFO  grpc.GrpcConfigKeys (ConfUtils.java:logGet(46)) - raft.grpc.server.heartbeat.channel = true (default)
2023-12-26 17:42:28,939 [main] INFO  grpc.GrpcConfigKeys (ConfUtils.java:logGet(46)) - raft.grpc.server.async.request.thread.pool.cached = true (default)
2023-12-26 17:42:28,939 [main] INFO  grpc.GrpcConfigKeys (ConfUtils.java:logGet(46)) - raft.grpc.server.async.request.thread.pool.size = 32 (default)
2023-12-26 17:42:28,941 [main] INFO  impl.DataStreamServerImpl (ConfUtils.java:logGet(46)) - raft.datastream.type = NETTY (custom)
2023-12-26 17:42:28,942 [main] INFO  server.RaftServerConfigKeys (ConfUtils.java:logGet(46)) - raft.server.data-stream.async.request.thread.pool.cached = false (default)
2023-12-26 17:42:28,942 [main] INFO  server.RaftServerConfigKeys (ConfUtils.java:logGet(46)) - raft.server.data-stream.async.request.thread.pool.size = 20 (custom)
2023-12-26 17:42:28,942 [main] INFO  server.RaftServerConfigKeys (ConfUtils.java:logGet(46)) - raft.server.data-stream.async.write.thread.pool.size = 16 (default)
2023-12-26 17:42:28,942 [main] INFO  netty.NettyConfigKeys$DataStream (ConfUtils.java:logGet(46)) - raft.netty.dataStream.server.channel.inactive.grace-period = 10min (default)
2023-12-26 17:42:28,942 [main] INFO  server.RaftServerConfigKeys (ConfUtils.java:logGet(46)) - raft.server.data-stream.client.pool.size = 10 (default)
2023-12-26 17:42:28,943 [main] INFO  netty.NettyConfigKeys$DataStream (ConfUtils.java:logGet(46)) - raft.netty.dataStream.server.use-epoll = true (default)
2023-12-26 17:42:28,943 [main] INFO  netty.NettyConfigKeys$DataStream (ConfUtils.java:logGet(46)) - raft.netty.dataStream.server.boss-group.size = 0 (default)
2023-12-26 17:42:28,943 [main] INFO  netty.NettyUtils (NettyUtils.java:newEventLoopGroup(69)) - Create EpollEventLoopGroup for 39d92bf3-11d2-44f0-9af6-e9080cb8793e-NettyServerStreamRpc-bossGroup; Thread size is 0.
2023-12-26 17:42:28,944 [main] INFO  netty.NettyConfigKeys$DataStream (ConfUtils.java:logGet(46)) - raft.netty.dataStream.server.worker-group.size = 0 (default)
2023-12-26 17:42:28,944 [main] INFO  netty.NettyUtils (NettyUtils.java:newEventLoopGroup(69)) - Create EpollEventLoopGroup for 39d92bf3-11d2-44f0-9af6-e9080cb8793e-NettyServerStreamRpc-workerGroup; Thread size is 0.
2023-12-26 17:42:28,944 [main] INFO  netty.NettyConfigKeys$DataStream (ConfUtils.java:logGet(46)) - raft.netty.dataStream.server.tls.conf = null (default)
2023-12-26 17:42:28,944 [main] INFO  netty.NettyConfigKeys$DataStream (ConfUtils.java:logGet(46)) - raft.netty.dataStream.host = null (default)
2023-12-26 17:42:28,944 [main] INFO  netty.NettyConfigKeys$DataStream (ConfUtils.java:logGet(46)) - raft.netty.dataStream.port = 15167 (custom)
2023-12-26 17:42:28,945 [main] INFO  server.RaftServerConfigKeys (ConfUtils.java:logGet(46)) - raft.server.sleep.deviation.threshold = 300ms (default)
2023-12-26 17:42:28,945 [39d92bf3-11d2-44f0-9af6-e9080cb8793e-NettyServerStreamRpc-bossGroup--thread1] INFO  logging.LoggingHandler (AbstractInternalLogger.java:log(148)) - [id: 0xb3d9580a] REGISTERED
2023-12-26 17:42:28,945 [39d92bf3-11d2-44f0-9af6-e9080cb8793e-NettyServerStreamRpc-bossGroup--thread1] INFO  logging.LoggingHandler (AbstractInternalLogger.java:log(148)) - [id: 0xb3d9580a] BIND: 0.0.0.0/0.0.0.0:15167
2023-12-26 17:42:28,945 [39d92bf3-11d2-44f0-9af6-e9080cb8793e-NettyServerStreamRpc-bossGroup--thread1] INFO  logging.LoggingHandler (AbstractInternalLogger.java:log(148)) - [id: 0xb3d9580a, L:/0.0.0.0:15167] ACTIVE
2023-12-26 17:42:28,945 [main] INFO  server.RaftServerConfigKeys (ConfUtils.java:logGet(46)) - raft.server.close.threshold = 60s (default)
2023-12-26 17:42:28,946 [main] INFO  server.RaftServerConfigKeys (ConfUtils.java:logGet(46)) - raft.server.leaderelection.leader.step-down.wait-time = 10s (default)
2023-12-26 17:42:28,946 [main] INFO  server.RaftServerConfigKeys (ConfUtils.java:logGet(46)) - raft.server.storage.dir = [/home/runner/work/ozone/ozone/hadoop-ozone/integration-test/target/test-dir/MiniOzoneClusterImpl-c07e4b46-e5c7-4260-9d08-acd32f4d7801/datanode-7/data/ratis] (custom)
2023-12-26 17:42:28,946 [main] INFO  server.RaftServerConfigKeys (ConfUtils.java:logGet(46)) - raft.server.threadpool.proxy.cached = true (default)
2023-12-26 17:42:28,946 [main] INFO  server.RaftServerConfigKeys (ConfUtils.java:logGet(46)) - raft.server.threadpool.proxy.size = 0 (default)
2023-12-26 17:42:28,946 [39d92bf3-11d2-44f0-9af6-e9080cb8793e-impl-thread1] INFO  server.RaftServer (RaftServerProxy.java:initGroupDir(264)) - 39d92bf3-11d2-44f0-9af6-e9080cb8793e: found a subdirectory /home/runner/work/ozone/ozone/hadoop-ozone/integration-test/target/test-dir/MiniOzoneClusterImpl-c07e4b46-e5c7-4260-9d08-acd32f4d7801/datanode-7/data/ratis/tmp
2023-12-26 17:42:28,946 [39d92bf3-11d2-44f0-9af6-e9080cb8793e-impl-thread1] INFO  server.RaftServer (RaftServerProxy.java:initGroupDir(269)) - 39d92bf3-11d2-44f0-9af6-e9080cb8793e: The directory /home/runner/work/ozone/ozone/hadoop-ozone/integration-test/target/test-dir/MiniOzoneClusterImpl-c07e4b46-e5c7-4260-9d08-acd32f4d7801/datanode-7/data/ratis/tmp is not a group directory; ignoring it. 
2023-12-26 17:42:28,947 [main] INFO  replication.ReplicationServer (ReplicationServer.java:<init>(85)) - Initializing replication server with thread count = 10 queue length = 4096
2023-12-26 17:42:28,947 [main] INFO  server.XceiverServerGrpc (XceiverServerGrpc.java:<init>(141)) - GrpcServer channel type EpollServerSocketChannel
2023-12-26 17:42:28,949 [main] INFO  replication.ReplicationSupervisor (ReplicationSupervisor.java:build(163)) - Initializing replication supervisor with thread count = 10
2023-12-26 17:42:28,949 [main] INFO  replication.ReplicationSupervisor (ReplicationSupervisor.java:nodeStateUpdated(317)) - Node state updated to IN_SERVICE, scaling executor pool size to 10
2023-12-26 17:42:28,951 [main] INFO  http.BaseHttpServer (BaseHttpServer.java:newHttpServer2BuilderForOzone(223)) - Starting Web-server for hddsDatanode at: http://0.0.0.0:15161
2023-12-26 17:42:28,951 [main] INFO  http.BaseHttpServer (BaseHttpServer.java:<init>(110)) - Hadoop Security Enabled: false Ozone Security Enabled: false Ozone HTTP Security Enabled: false 
2023-12-26 17:42:28,953 [main] WARN  server.AuthenticationFilter (AuthenticationFilter.java:constructSecretProvider(240)) - Unable to initialize FileSignerSecretProvider, falling back to use random secrets. Reason: Could not read signature secret file: /home/runner/hadoop-http-auth-signature-secret
2023-12-26 17:42:28,953 [main] INFO  http.HttpRequestLog (HttpRequestLog.java:getRequestLog(86)) - Http request log for http.requests.hddsDatanode is not defined
2023-12-26 17:42:28,954 [main] INFO  http.HttpServer2 (HttpServer2.java:addGlobalFilter(1036)) - Added global filter 'safety' (class=org.apache.hadoop.hdds.server.http.HttpServer2$QuotingInputFilter)
2023-12-26 17:42:28,955 [main] INFO  http.HttpServer2 (HttpServer2.java:addFilter(1012)) - Added filter static_user_filter (class=org.apache.hadoop.http.lib.StaticUserWebFilter$StaticUserFilter) to context hddsDatanode
2023-12-26 17:42:28,955 [main] INFO  http.HttpServer2 (HttpServer2.java:addFilter(1020)) - Added filter static_user_filter (class=org.apache.hadoop.http.lib.StaticUserWebFilter$StaticUserFilter) to context logs
2023-12-26 17:42:28,955 [main] INFO  http.HttpServer2 (HttpServer2.java:addFilter(1020)) - Added filter static_user_filter (class=org.apache.hadoop.http.lib.StaticUserWebFilter$StaticUserFilter) to context static
2023-12-26 17:42:28,956 [main] INFO  http.BaseHttpServer (BaseHttpServer.java:<init>(189)) - HTTP server of hddsDatanode uses base directory /home/runner/work/ozone/ozone/hadoop-ozone/integration-test/target/test-dir/MiniOzoneClusterImpl-c07e4b46-e5c7-4260-9d08-acd32f4d7801/datanode-7/meta/webserver
2023-12-26 17:42:28,956 [main] INFO  http.HttpServer2 (HttpServer2.java:bindListener(1236)) - Jetty bound to port 15161
2023-12-26 17:42:28,956 [main] INFO  server.Server (Server.java:doStart(375)) - jetty-9.4.53.v20231009; built: 2023-10-09T12:29:09.265Z; git: 27bde00a0b95a1d5bbee0eae7984f891d2d0f8c9; jvm 1.8.0_392-b08
2023-12-26 17:42:28,957 [main] INFO  server.session (DefaultSessionIdManager.java:doStart(334)) - DefaultSessionIdManager workerName=node0
2023-12-26 17:42:28,957 [main] INFO  server.session (DefaultSessionIdManager.java:doStart(339)) - No SessionScavenger set, using defaults
2023-12-26 17:42:28,959 [main] INFO  server.session (HouseKeeper.java:startScavenging(132)) - node0 Scavenging every 600000ms
2023-12-26 17:42:28,959 [main] INFO  handler.ContextHandler (ContextHandler.java:doStart(921)) - Started o.e.j.s.ServletContextHandler@22443d85{logs,/logs,file:///home/runner/work/ozone/ozone/hadoop-ozone/integration-test/target/log,AVAILABLE}
2023-12-26 17:42:28,959 [main] INFO  handler.ContextHandler (ContextHandler.java:doStart(921)) - Started o.e.j.s.ServletContextHandler@7f757087{static,/static,jar:file:/home/runner/.m2/repository/org/apache/ozone/hdds-container-service/1.5.0-SNAPSHOT/hdds-container-service-1.5.0-SNAPSHOT.jar!/webapps/static,AVAILABLE}
2023-12-26 17:42:28,991 [main] INFO  handler.ContextHandler (ContextHandler.java:doStart(921)) - Started o.e.j.w.WebAppContext@3b3241df{hddsDatanode,/,file:///home/runner/work/ozone/ozone/hadoop-ozone/integration-test/target/test-dir/MiniOzoneClusterImpl-c07e4b46-e5c7-4260-9d08-acd32f4d7801/datanode-7/meta/webserver/jetty-0_0_0_0-15161-hdds-container-service-1_5_0-SNAPSHOT_jar-_-any-4728412713224993138/webapp/,AVAILABLE}{jar:file:/home/runner/.m2/repository/org/apache/ozone/hdds-container-service/1.5.0-SNAPSHOT/hdds-container-service-1.5.0-SNAPSHOT.jar!/webapps/hddsDatanode}
2023-12-26 17:42:28,994 [main] INFO  server.AbstractConnector (AbstractConnector.java:doStart(333)) - Started ServerConnector@7860e186{HTTP/1.1, (http/1.1)}{0.0.0.0:15161}
2023-12-26 17:42:28,994 [main] INFO  server.Server (Server.java:doStart(415)) - Started @46646ms
2023-12-26 17:42:28,994 [main] WARN  impl.MetricsSystemImpl (MetricsSystemImpl.java:register(279)) - Sink prometheus already exists!
2023-12-26 17:42:28,995 [main] INFO  http.BaseHttpServer (BaseHttpServer.java:updateConnectorAddress(354)) - HTTP server of hddsDatanode listening at http://0.0.0.0:15161
2023-12-26 17:42:28,995 [main] INFO  ipc.CallQueueManager (CallQueueManager.java:<init>(90)) - Using callQueue: class java.util.concurrent.LinkedBlockingQueue, queueCapacity: 100, scheduler: class org.apache.hadoop.ipc.DefaultRpcScheduler, ipcBackoff: false.
2023-12-26 17:42:28,996 [main] INFO  ipc.Server (Server.java:<init>(1287)) - Listener at 0.0.0.0:15162
2023-12-26 17:42:28,996 [Socket Reader #1 for port 15162] INFO  ipc.Server (Server.java:run(1323)) - Starting Socket Reader #1 for port 15162
2023-12-26 17:42:28,998 [main] INFO  ozone.HddsDatanodeService (HddsDatanodeService.java:start(324)) - Datanode start with admins: [runner]
2023-12-26 17:42:28,998 [main] INFO  ozone.HddsDatanodeClientProtocolServer (HddsDatanodeClientProtocolServer.java:start(72)) - RPC server for Client /0.0.0.0:15162
2023-12-26 17:42:28,999 [IPC Server Responder] INFO  ipc.Server (Server.java:run(1562)) - IPC Server Responder: starting
2023-12-26 17:42:28,999 [IPC Server listener on 15162] INFO  ipc.Server (Server.java:run(1402)) - IPC Server listener on 15162: starting
2023-12-26 17:42:29,000 [39d92bf3-11d2-44f0-9af6-e9080cb8793e-DatanodeStateMachineDaemonThread] INFO  statemachine.DatanodeStateMachine (DatanodeStateMachine.java:lambda$startDaemon$1(555)) - Ozone container server started.
2023-12-26 17:42:29,000 [main] WARN  dropwizard3.Dm3MetricRegistriesImpl (Dm3MetricRegistriesImpl.java:addReporterRegistration(113)) - New reporters are added after registries were created. Some metrics will be missing from the reporter. Please add reporter before adding any new registry.
2023-12-26 17:42:29,001 [main] WARN  dropwizard3.Dm3MetricRegistriesImpl (Dm3MetricRegistriesImpl.java:addReporterRegistration(113)) - New reporters are added after registries were created. Some metrics will be missing from the reporter. Please add reporter before adding any new registry.
2023-12-26 17:42:29,001 [main] INFO  impl.MetricsSystemImpl (MetricsSystemImpl.java:init(158)) - HddsDatanode metrics system started (again)
2023-12-26 17:42:29,004 [39d92bf3-11d2-44f0-9af6-e9080cb8793e-DatanodeStateMachineTaskThread-0] INFO  datanode.InitDatanodeState (InitDatanodeState.java:persistContainerDatanodeDetails(139)) - DatanodeDetails is persisted to /home/runner/work/ozone/ozone/hadoop-ozone/integration-test/target/test-dir/MiniOzoneClusterImpl-c07e4b46-e5c7-4260-9d08-acd32f4d7801/datanode-7/meta/datanode.id
2023-12-26 17:42:29,009 [main] INFO  ozone.HddsDatanodeService (HddsDatanodeService.java:start(239)) - HddsDatanodeService host:fv-az1381-115 ip:10.1.0.4
2023-12-26 17:42:29,027 [main] INFO  upgrade.AbstractLayoutVersionManager (AbstractLayoutVersionManager.java:init(83)) - Initializing Layout version manager with metadata layout = HADOOP_PRC_PORTS_IN_DATANODEDETAILS (version = 7), software layout = HADOOP_PRC_PORTS_IN_DATANODEDETAILS (version = 7)
2023-12-26 17:42:29,028 [main] INFO  statemachine.DatanodeStateMachine (DatanodeStateMachine.java:getEndPointTaskThreadPoolSize(299)) - Datanode State Machine Task Thread Pool size 2
2023-12-26 17:42:29,029 [main] ERROR lib.MethodMetric (MethodMetric.java:snapshot(117)) - Error invoking method getCommitted
java.lang.reflect.InvocationTargetException
	at sun.reflect.GeneratedMethodAccessor85.invoke(Unknown Source)
	at sun.reflect.DelegatingMethodAccessorImpl.invoke(DelegatingMethodAccessorImpl.java:43)
	at java.lang.reflect.Method.invoke(Method.java:498)
	at org.apache.hadoop.metrics2.lib.MethodMetric$2.snapshot(MethodMetric.java:111)
	at org.apache.hadoop.metrics2.lib.MethodMetric.snapshot(MethodMetric.java:142)
	at org.apache.hadoop.metrics2.lib.MetricsRegistry.snapshot(MetricsRegistry.java:447)
	at org.apache.hadoop.metrics2.lib.MetricsSourceBuilder$1.getMetrics(MetricsSourceBuilder.java:89)
	at org.apache.hadoop.metrics2.impl.MetricsSourceAdapter.getMetrics(MetricsSourceAdapter.java:200)
	at org.apache.hadoop.metrics2.impl.MetricsSourceAdapter.updateJmxCache(MetricsSourceAdapter.java:183)
	at org.apache.hadoop.metrics2.impl.MetricsSourceAdapter.getMBeanInfo(MetricsSourceAdapter.java:156)
	at com.sun.jmx.interceptor.DefaultMBeanServerInterceptor.getNewMBeanClassName(DefaultMBeanServerInterceptor.java:333)
	at com.sun.jmx.interceptor.DefaultMBeanServerInterceptor.registerMBean(DefaultMBeanServerInterceptor.java:319)
	at com.sun.jmx.mbeanserver.JmxMBeanServer.registerMBean(JmxMBeanServer.java:522)
	at org.apache.hadoop.metrics2.util.MBeans.register(MBeans.java:100)
	at org.apache.hadoop.metrics2.util.MBeans.register(MBeans.java:73)
	at org.apache.hadoop.metrics2.impl.MetricsSourceAdapter.startMBeans(MetricsSourceAdapter.java:222)
	at org.apache.hadoop.metrics2.impl.MetricsSourceAdapter.start(MetricsSourceAdapter.java:101)
	at org.apache.hadoop.metrics2.impl.MetricsSystemImpl.registerSource(MetricsSystemImpl.java:268)
	at org.apache.hadoop.metrics2.impl.MetricsSystemImpl.register(MetricsSystemImpl.java:233)
	at org.apache.hadoop.ozone.container.common.volume.VolumeInfoMetrics.init(VolumeInfoMetrics.java:50)
	at org.apache.hadoop.ozone.container.common.volume.VolumeInfoMetrics.<init>(VolumeInfoMetrics.java:45)
	at org.apache.hadoop.ozone.container.common.volume.HddsVolume.<init>(HddsVolume.java:123)
	at org.apache.hadoop.ozone.container.common.volume.HddsVolume.<init>(HddsVolume.java:71)
	at org.apache.hadoop.ozone.container.common.volume.HddsVolume$Builder.build(HddsVolume.java:111)
	at org.apache.hadoop.ozone.container.common.volume.HddsVolumeFactory.createVolume(HddsVolumeFactory.java:48)
	at org.apache.hadoop.ozone.container.common.volume.MutableVolumeSet.initializeVolumeSet(MutableVolumeSet.java:170)
	at org.apache.hadoop.ozone.container.common.volume.MutableVolumeSet.<init>(MutableVolumeSet.java:132)
	at org.apache.hadoop.ozone.container.common.volume.MutableVolumeSet.<init>(MutableVolumeSet.java:96)
	at org.apache.hadoop.ozone.container.ozoneimpl.OzoneContainer.<init>(OzoneContainer.java:149)
	at org.apache.hadoop.ozone.container.common.statemachine.DatanodeStateMachine.<init>(DatanodeStateMachine.java:186)
	at org.apache.hadoop.ozone.HddsDatanodeService.start(HddsDatanodeService.java:296)
	at org.apache.hadoop.ozone.MiniOzoneClusterImpl.startHddsDatanode(MiniOzoneClusterImpl.java:489)
	at java.util.ArrayList.forEach(ArrayList.java:1259)
	at org.apache.hadoop.ozone.MiniOzoneClusterImpl.startHddsDatanodes(MiniOzoneClusterImpl.java:497)
	at org.apache.hadoop.ozone.MiniOzoneClusterImpl$Builder.build(MiniOzoneClusterImpl.java:627)
	at org.apache.hadoop.ozone.client.rpc.TestWatchForCommit.init(TestWatchForCommit.java:149)
	at sun.reflect.NativeMethodAccessorImpl.invoke0(Native Method)
	at sun.reflect.NativeMethodAccessorImpl.invoke(NativeMethodAccessorImpl.java:62)
	at sun.reflect.DelegatingMethodAccessorImpl.invoke(DelegatingMethodAccessorImpl.java:43)
	at java.lang.reflect.Method.invoke(Method.java:498)
	at org.junit.platform.commons.util.ReflectionUtils.invokeMethod(ReflectionUtils.java:728)
	at org.junit.jupiter.engine.execution.MethodInvocation.proceed(MethodInvocation.java:60)
	at org.junit.jupiter.engine.execution.InvocationInterceptorChain$ValidatingInvocation.proceed(InvocationInterceptorChain.java:131)
	at org.junit.jupiter.engine.extension.TimeoutExtension.intercept(TimeoutExtension.java:156)
	at org.junit.jupiter.engine.extension.TimeoutExtension.interceptLifecycleMethod(TimeoutExtension.java:128)
	at org.junit.jupiter.engine.extension.TimeoutExtension.interceptBeforeEachMethod(TimeoutExtension.java:78)
	at org.junit.jupiter.engine.execution.InterceptingExecutableInvoker$ReflectiveInterceptorCall.lambda$ofVoidMethod$0(InterceptingExecutableInvoker.java:103)
	at org.junit.jupiter.engine.execution.InterceptingExecutableInvoker.lambda$invoke$0(InterceptingExecutableInvoker.java:93)
	at org.junit.jupiter.engine.execution.InvocationInterceptorChain$InterceptedInvocation.proceed(InvocationInterceptorChain.java:106)
	at org.junit.jupiter.engine.execution.InvocationInterceptorChain.proceed(InvocationInterceptorChain.java:64)
	at org.junit.jupiter.engine.execution.InvocationInterceptorChain.chainAndInvoke(InvocationInterceptorChain.java:45)
	at org.junit.jupiter.engine.execution.InvocationInterceptorChain.invoke(InvocationInterceptorChain.java:37)
	at org.junit.jupiter.engine.execution.InterceptingExecutableInvoker.invoke(InterceptingExecutableInvoker.java:92)
	at org.junit.jupiter.engine.execution.InterceptingExecutableInvoker.invoke(InterceptingExecutableInvoker.java:86)
	at org.junit.jupiter.engine.descriptor.ClassBasedTestDescriptor.invokeMethodInExtensionContext(ClassBasedTestDescriptor.java:521)
	at org.junit.jupiter.engine.descriptor.ClassBasedTestDescriptor.lambda$synthesizeBeforeEachMethodAdapter$23(ClassBasedTestDescriptor.java:506)
	at org.junit.jupiter.engine.descriptor.TestMethodTestDescriptor.lambda$invokeBeforeEachMethods$3(TestMethodTestDescriptor.java:175)
	at org.junit.jupiter.engine.descriptor.TestMethodTestDescriptor.lambda$invokeBeforeMethodsOrCallbacksUntilExceptionOccurs$6(TestMethodTestDescriptor.java:203)
	at org.junit.platform.engine.support.hierarchical.ThrowableCollector.execute(ThrowableCollector.java:73)
	at org.junit.jupiter.engine.descriptor.TestMethodTestDescriptor.invokeBeforeMethodsOrCallbacksUntilExceptionOccurs(TestMethodTestDescriptor.java:203)
	at org.junit.jupiter.engine.descriptor.TestMethodTestDescriptor.invokeBeforeEachMethods(TestMethodTestDescriptor.java:172)
	at org.junit.jupiter.engine.descriptor.TestMethodTestDescriptor.execute(TestMethodTestDescriptor.java:135)
	at org.junit.jupiter.engine.descriptor.TestMethodTestDescriptor.execute(TestMethodTestDescriptor.java:69)
	at org.junit.platform.engine.support.hierarchical.NodeTestTask.lambda$executeRecursively$6(NodeTestTask.java:151)
	at org.junit.platform.engine.support.hierarchical.ThrowableCollector.execute(ThrowableCollector.java:73)
	at org.junit.platform.engine.support.hierarchical.NodeTestTask.lambda$executeRecursively$8(NodeTestTask.java:141)
	at org.junit.platform.engine.support.hierarchical.Node.around(Node.java:137)
	at org.junit.platform.engine.support.hierarchical.NodeTestTask.lambda$executeRecursively$9(NodeTestTask.java:139)
	at org.junit.platform.engine.support.hierarchical.ThrowableCollector.execute(ThrowableCollector.java:73)
	at org.junit.platform.engine.support.hierarchical.NodeTestTask.executeRecursively(NodeTestTask.java:138)
	at org.junit.platform.engine.support.hierarchical.NodeTestTask.execute(NodeTestTask.java:95)
	at java.util.ArrayList.forEach(ArrayList.java:1259)
	at org.junit.platform.engine.support.hierarchical.SameThreadHierarchicalTestExecutorService.invokeAll(SameThreadHierarchicalTestExecutorService.java:41)
	at org.junit.platform.engine.support.hierarchical.NodeTestTask.lambda$executeRecursively$6(NodeTestTask.java:155)
	at org.junit.platform.engine.support.hierarchical.ThrowableCollector.execute(ThrowableCollector.java:73)
	at org.junit.platform.engine.support.hierarchical.NodeTestTask.lambda$executeRecursively$8(NodeTestTask.java:141)
	at org.junit.platform.engine.support.hierarchical.Node.around(Node.java:137)
	at org.junit.platform.engine.support.hierarchical.NodeTestTask.lambda$executeRecursively$9(NodeTestTask.java:139)
	at org.junit.platform.engine.support.hierarchical.ThrowableCollector.execute(ThrowableCollector.java:73)
	at org.junit.platform.engine.support.hierarchical.NodeTestTask.executeRecursively(NodeTestTask.java:138)
	at org.junit.platform.engine.support.hierarchical.NodeTestTask.execute(NodeTestTask.java:95)
	at java.util.ArrayList.forEach(ArrayList.java:1259)
	at org.junit.platform.engine.support.hierarchical.SameThreadHierarchicalTestExecutorService.invokeAll(SameThreadHierarchicalTestExecutorService.java:41)
	at org.junit.platform.engine.support.hierarchical.NodeTestTask.lambda$executeRecursively$6(NodeTestTask.java:155)
	at org.junit.platform.engine.support.hierarchical.ThrowableCollector.execute(ThrowableCollector.java:73)
	at org.junit.platform.engine.support.hierarchical.NodeTestTask.lambda$executeRecursively$8(NodeTestTask.java:141)
	at org.junit.platform.engine.support.hierarchical.Node.around(Node.java:137)
	at org.junit.platform.engine.support.hierarchical.NodeTestTask.lambda$executeRecursively$9(NodeTestTask.java:139)
	at org.junit.platform.engine.support.hierarchical.ThrowableCollector.execute(ThrowableCollector.java:73)
	at org.junit.platform.engine.support.hierarchical.NodeTestTask.executeRecursively(NodeTestTask.java:138)
	at org.junit.platform.engine.support.hierarchical.NodeTestTask.execute(NodeTestTask.java:95)
	at org.junit.platform.engine.support.hierarchical.SameThreadHierarchicalTestExecutorService.submit(SameThreadHierarchicalTestExecutorService.java:35)
	at org.junit.platform.engine.support.hierarchical.HierarchicalTestExecutor.execute(HierarchicalTestExecutor.java:57)
	at org.junit.platform.engine.support.hierarchical.HierarchicalTestEngine.execute(HierarchicalTestEngine.java:54)
	at org.junit.platform.launcher.core.EngineExecutionOrchestrator.execute(EngineExecutionOrchestrator.java:198)
	at org.junit.platform.launcher.core.EngineExecutionOrchestrator.execute(EngineExecutionOrchestrator.java:169)
	at org.junit.platform.launcher.core.EngineExecutionOrchestrator.execute(EngineExecutionOrchestrator.java:93)
	at org.junit.platform.launcher.core.EngineExecutionOrchestrator.lambda$execute$0(EngineExecutionOrchestrator.java:58)
	at org.junit.platform.launcher.core.EngineExecutionOrchestrator.withInterceptedStreams(EngineExecutionOrchestrator.java:141)
	at org.junit.platform.launcher.core.EngineExecutionOrchestrator.execute(EngineExecutionOrchestrator.java:57)
	at org.junit.platform.launcher.core.DefaultLauncher.execute(DefaultLauncher.java:103)
	at org.junit.platform.launcher.core.DefaultLauncher.execute(DefaultLauncher.java:85)
	at org.junit.platform.launcher.core.DelegatingLauncher.execute(DelegatingLauncher.java:47)
	at org.apache.maven.surefire.junitplatform.LazyLauncher.execute(LazyLauncher.java:56)
	at org.apache.maven.surefire.junitplatform.JUnitPlatformProvider.execute(JUnitPlatformProvider.java:184)
	at org.apache.maven.surefire.junitplatform.JUnitPlatformProvider.invokeAllTests(JUnitPlatformProvider.java:148)
	at org.apache.maven.surefire.junitplatform.JUnitPlatformProvider.invoke(JUnitPlatformProvider.java:120)
	at org.apache.maven.surefire.booter.ForkedBooter.runSuitesInProcess(ForkedBooter.java:385)
	at org.apache.maven.surefire.booter.ForkedBooter.execute(ForkedBooter.java:162)
	at org.apache.maven.surefire.booter.ForkedBooter.run(ForkedBooter.java:507)
	at org.apache.maven.surefire.booter.ForkedBooter.main(ForkedBooter.java:495)
Caused by: java.lang.NullPointerException
	at org.apache.hadoop.ozone.container.common.volume.HddsVolume.getCommittedBytes(HddsVolume.java:303)
	at org.apache.hadoop.ozone.container.common.volume.VolumeInfoMetrics.getCommitted(VolumeInfoMetrics.java:147)
	... 111 more
2023-12-26 17:42:29,030 [main] INFO  volume.HddsVolume (HddsVolume.java:<init>(126)) - Creating HddsVolume: /home/runner/work/ozone/ozone/hadoop-ozone/integration-test/target/test-dir/MiniOzoneClusterImpl-c07e4b46-e5c7-4260-9d08-acd32f4d7801/datanode-8/data-0/containers/hdds of storage type : DISK capacity : 9223372036854775807
2023-12-26 17:42:29,030 [main] INFO  volume.MutableVolumeSet (MutableVolumeSet.java:initializeVolumeSet(173)) - Added Volume : /home/runner/work/ozone/ozone/hadoop-ozone/integration-test/target/test-dir/MiniOzoneClusterImpl-c07e4b46-e5c7-4260-9d08-acd32f4d7801/datanode-8/data-0/containers/hdds to VolumeSet
2023-12-26 17:42:29,030 [main] INFO  volume.MutableVolumeSet (MutableVolumeSet.java:initializeVolumeSet(173)) - Added Volume : /home/runner/work/ozone/ozone/hadoop-ozone/integration-test/target/test-dir/MiniOzoneClusterImpl-c07e4b46-e5c7-4260-9d08-acd32f4d7801/datanode-8/data/ratis to VolumeSet
2023-12-26 17:42:29,031 [main] INFO  ozoneimpl.OzoneContainer (HddsVolumeUtil.java:loadAllHddsVolumeDbStore(103)) - Load 1 volumes DbStore cost: 0ms
2023-12-26 17:42:29,031 [dfc36f62-24b2-4a1f-878a-2a4428b6a6a5-ContainerReader-0] INFO  ozoneimpl.ContainerReader (ContainerReader.java:readVolume(178)) - Finish verifying containers on volume /home/runner/work/ozone/ozone/hadoop-ozone/integration-test/target/test-dir/MiniOzoneClusterImpl-c07e4b46-e5c7-4260-9d08-acd32f4d7801/datanode-8/data-0/containers/hdds
2023-12-26 17:42:29,031 [main] INFO  ozoneimpl.OzoneContainer (OzoneContainer.java:buildContainerSet(326)) - Build ContainerSet costs 0s
2023-12-26 17:42:29,033 [main] INFO  server.RaftServer (ConfUtils.java:logGet(46)) - raft.rpc.type = GRPC (default)
2023-12-26 17:42:29,033 [main] INFO  grpc.GrpcConfigKeys (ConfUtils.java:logFallback(53)) - raft.grpc.admin.host = null (fallback to raft.grpc.server.host)
2023-12-26 17:42:29,034 [main] INFO  grpc.GrpcConfigKeys (ConfUtils.java:logGet(46)) - raft.grpc.admin.port = 15174 (custom)
2023-12-26 17:42:29,034 [main] INFO  grpc.GrpcConfigKeys (ConfUtils.java:logFallback(53)) - raft.grpc.client.host = null (fallback to raft.grpc.server.host)
2023-12-26 17:42:29,034 [main] INFO  grpc.GrpcConfigKeys (ConfUtils.java:logGet(46)) - raft.grpc.client.port = 15173 (custom)
2023-12-26 17:42:29,034 [main] INFO  grpc.GrpcConfigKeys (ConfUtils.java:logGet(46)) - raft.grpc.server.host = null (default)
2023-12-26 17:42:29,034 [main] INFO  grpc.GrpcConfigKeys (ConfUtils.java:logGet(46)) - raft.grpc.server.port = 15175 (custom)
2023-12-26 17:42:29,035 [main] INFO  server.GrpcService (ConfUtils.java:logGet(46)) - raft.grpc.message.size.max = 32MB (=33554432) (custom)
2023-12-26 17:42:29,035 [main] INFO  server.RaftServerConfigKeys (ConfUtils.java:logGet(46)) - raft.server.log.appender.buffer.byte-limit = 8388608 (custom)
2023-12-26 17:42:29,035 [main] INFO  server.GrpcService (ConfUtils.java:logGet(46)) - raft.grpc.flow.control.window = 5MB (=5242880) (custom)
2023-12-26 17:42:29,035 [main] INFO  server.RaftServerConfigKeys (ConfUtils.java:logGet(46)) - raft.server.rpc.request.timeout = 3000ms (default)
2023-12-26 17:42:29,035 [main] INFO  grpc.GrpcConfigKeys (ConfUtils.java:logGet(46)) - raft.grpc.server.heartbeat.channel = true (default)
2023-12-26 17:42:29,036 [main] INFO  grpc.GrpcConfigKeys (ConfUtils.java:logGet(46)) - raft.grpc.server.async.request.thread.pool.cached = true (default)
2023-12-26 17:42:29,036 [main] INFO  grpc.GrpcConfigKeys (ConfUtils.java:logGet(46)) - raft.grpc.server.async.request.thread.pool.size = 32 (default)
2023-12-26 17:42:29,038 [main] INFO  impl.DataStreamServerImpl (ConfUtils.java:logGet(46)) - raft.datastream.type = NETTY (custom)
2023-12-26 17:42:29,038 [main] INFO  server.RaftServerConfigKeys (ConfUtils.java:logGet(46)) - raft.server.data-stream.async.request.thread.pool.cached = false (default)
2023-12-26 17:42:29,038 [main] INFO  server.RaftServerConfigKeys (ConfUtils.java:logGet(46)) - raft.server.data-stream.async.request.thread.pool.size = 20 (custom)
2023-12-26 17:42:29,038 [main] INFO  server.RaftServerConfigKeys (ConfUtils.java:logGet(46)) - raft.server.data-stream.async.write.thread.pool.size = 16 (default)
2023-12-26 17:42:29,039 [main] INFO  netty.NettyConfigKeys$DataStream (ConfUtils.java:logGet(46)) - raft.netty.dataStream.server.channel.inactive.grace-period = 10min (default)
2023-12-26 17:42:29,039 [main] INFO  server.RaftServerConfigKeys (ConfUtils.java:logGet(46)) - raft.server.data-stream.client.pool.size = 10 (default)
2023-12-26 17:42:29,039 [main] INFO  netty.NettyConfigKeys$DataStream (ConfUtils.java:logGet(46)) - raft.netty.dataStream.server.use-epoll = true (default)
2023-12-26 17:42:29,039 [main] INFO  netty.NettyConfigKeys$DataStream (ConfUtils.java:logGet(46)) - raft.netty.dataStream.server.boss-group.size = 0 (default)
2023-12-26 17:42:29,039 [main] INFO  netty.NettyUtils (NettyUtils.java:newEventLoopGroup(69)) - Create EpollEventLoopGroup for dfc36f62-24b2-4a1f-878a-2a4428b6a6a5-NettyServerStreamRpc-bossGroup; Thread size is 0.
2023-12-26 17:42:29,040 [main] INFO  netty.NettyConfigKeys$DataStream (ConfUtils.java:logGet(46)) - raft.netty.dataStream.server.worker-group.size = 0 (default)
2023-12-26 17:42:29,040 [main] INFO  netty.NettyUtils (NettyUtils.java:newEventLoopGroup(69)) - Create EpollEventLoopGroup for dfc36f62-24b2-4a1f-878a-2a4428b6a6a5-NettyServerStreamRpc-workerGroup; Thread size is 0.
2023-12-26 17:42:29,040 [main] INFO  netty.NettyConfigKeys$DataStream (ConfUtils.java:logGet(46)) - raft.netty.dataStream.server.tls.conf = null (default)
2023-12-26 17:42:29,040 [main] INFO  netty.NettyConfigKeys$DataStream (ConfUtils.java:logGet(46)) - raft.netty.dataStream.host = null (default)
2023-12-26 17:42:29,041 [main] INFO  netty.NettyConfigKeys$DataStream (ConfUtils.java:logGet(46)) - raft.netty.dataStream.port = 15176 (custom)
2023-12-26 17:42:29,041 [main] INFO  server.RaftServerConfigKeys (ConfUtils.java:logGet(46)) - raft.server.sleep.deviation.threshold = 300ms (default)
2023-12-26 17:42:29,041 [main] INFO  server.RaftServerConfigKeys (ConfUtils.java:logGet(46)) - raft.server.close.threshold = 60s (default)
2023-12-26 17:42:29,041 [dfc36f62-24b2-4a1f-878a-2a4428b6a6a5-NettyServerStreamRpc-bossGroup--thread1] INFO  logging.LoggingHandler (AbstractInternalLogger.java:log(148)) - [id: 0x159f94b9] REGISTERED
2023-12-26 17:42:29,041 [main] INFO  server.RaftServerConfigKeys (ConfUtils.java:logGet(46)) - raft.server.leaderelection.leader.step-down.wait-time = 10s (default)
2023-12-26 17:42:29,041 [dfc36f62-24b2-4a1f-878a-2a4428b6a6a5-NettyServerStreamRpc-bossGroup--thread1] INFO  logging.LoggingHandler (AbstractInternalLogger.java:log(148)) - [id: 0x159f94b9] BIND: 0.0.0.0/0.0.0.0:15176
2023-12-26 17:42:29,042 [main] INFO  server.RaftServerConfigKeys (ConfUtils.java:logGet(46)) - raft.server.storage.dir = [/home/runner/work/ozone/ozone/hadoop-ozone/integration-test/target/test-dir/MiniOzoneClusterImpl-c07e4b46-e5c7-4260-9d08-acd32f4d7801/datanode-8/data/ratis] (custom)
2023-12-26 17:42:29,042 [dfc36f62-24b2-4a1f-878a-2a4428b6a6a5-NettyServerStreamRpc-bossGroup--thread1] INFO  logging.LoggingHandler (AbstractInternalLogger.java:log(148)) - [id: 0x159f94b9, L:/0.0.0.0:15176] ACTIVE
2023-12-26 17:42:29,042 [main] INFO  server.RaftServerConfigKeys (ConfUtils.java:logGet(46)) - raft.server.threadpool.proxy.cached = true (default)
2023-12-26 17:42:29,042 [main] INFO  server.RaftServerConfigKeys (ConfUtils.java:logGet(46)) - raft.server.threadpool.proxy.size = 0 (default)
2023-12-26 17:42:29,043 [dfc36f62-24b2-4a1f-878a-2a4428b6a6a5-impl-thread1] INFO  server.RaftServer (RaftServerProxy.java:initGroupDir(264)) - dfc36f62-24b2-4a1f-878a-2a4428b6a6a5: found a subdirectory /home/runner/work/ozone/ozone/hadoop-ozone/integration-test/target/test-dir/MiniOzoneClusterImpl-c07e4b46-e5c7-4260-9d08-acd32f4d7801/datanode-8/data/ratis/tmp
2023-12-26 17:42:29,043 [dfc36f62-24b2-4a1f-878a-2a4428b6a6a5-impl-thread1] INFO  server.RaftServer (RaftServerProxy.java:initGroupDir(269)) - dfc36f62-24b2-4a1f-878a-2a4428b6a6a5: The directory /home/runner/work/ozone/ozone/hadoop-ozone/integration-test/target/test-dir/MiniOzoneClusterImpl-c07e4b46-e5c7-4260-9d08-acd32f4d7801/datanode-8/data/ratis/tmp is not a group directory; ignoring it. 
2023-12-26 17:42:29,043 [main] INFO  replication.ReplicationServer (ReplicationServer.java:<init>(85)) - Initializing replication server with thread count = 10 queue length = 4096
2023-12-26 17:42:29,044 [main] INFO  server.XceiverServerGrpc (XceiverServerGrpc.java:<init>(141)) - GrpcServer channel type EpollServerSocketChannel
2023-12-26 17:42:29,045 [main] INFO  replication.ReplicationSupervisor (ReplicationSupervisor.java:build(163)) - Initializing replication supervisor with thread count = 10
2023-12-26 17:42:29,045 [main] INFO  replication.ReplicationSupervisor (ReplicationSupervisor.java:nodeStateUpdated(317)) - Node state updated to IN_SERVICE, scaling executor pool size to 10
2023-12-26 17:42:29,047 [main] INFO  http.BaseHttpServer (BaseHttpServer.java:newHttpServer2BuilderForOzone(223)) - Starting Web-server for hddsDatanode at: http://0.0.0.0:15170
2023-12-26 17:42:29,047 [main] INFO  http.BaseHttpServer (BaseHttpServer.java:<init>(110)) - Hadoop Security Enabled: false Ozone Security Enabled: false Ozone HTTP Security Enabled: false 
2023-12-26 17:42:29,048 [main] WARN  server.AuthenticationFilter (AuthenticationFilter.java:constructSecretProvider(240)) - Unable to initialize FileSignerSecretProvider, falling back to use random secrets. Reason: Could not read signature secret file: /home/runner/hadoop-http-auth-signature-secret
2023-12-26 17:42:29,048 [main] INFO  http.HttpRequestLog (HttpRequestLog.java:getRequestLog(86)) - Http request log for http.requests.hddsDatanode is not defined
2023-12-26 17:42:29,049 [main] INFO  http.HttpServer2 (HttpServer2.java:addGlobalFilter(1036)) - Added global filter 'safety' (class=org.apache.hadoop.hdds.server.http.HttpServer2$QuotingInputFilter)
2023-12-26 17:42:29,049 [main] INFO  http.HttpServer2 (HttpServer2.java:addFilter(1012)) - Added filter static_user_filter (class=org.apache.hadoop.http.lib.StaticUserWebFilter$StaticUserFilter) to context hddsDatanode
2023-12-26 17:42:29,049 [main] INFO  http.HttpServer2 (HttpServer2.java:addFilter(1020)) - Added filter static_user_filter (class=org.apache.hadoop.http.lib.StaticUserWebFilter$StaticUserFilter) to context logs
2023-12-26 17:42:29,050 [main] INFO  http.HttpServer2 (HttpServer2.java:addFilter(1020)) - Added filter static_user_filter (class=org.apache.hadoop.http.lib.StaticUserWebFilter$StaticUserFilter) to context static
2023-12-26 17:42:29,050 [main] INFO  http.BaseHttpServer (BaseHttpServer.java:<init>(189)) - HTTP server of hddsDatanode uses base directory /home/runner/work/ozone/ozone/hadoop-ozone/integration-test/target/test-dir/MiniOzoneClusterImpl-c07e4b46-e5c7-4260-9d08-acd32f4d7801/datanode-8/meta/webserver
2023-12-26 17:42:29,050 [main] INFO  http.HttpServer2 (HttpServer2.java:bindListener(1236)) - Jetty bound to port 15170
2023-12-26 17:42:29,050 [main] INFO  server.Server (Server.java:doStart(375)) - jetty-9.4.53.v20231009; built: 2023-10-09T12:29:09.265Z; git: 27bde00a0b95a1d5bbee0eae7984f891d2d0f8c9; jvm 1.8.0_392-b08
2023-12-26 17:42:29,051 [main] INFO  server.session (DefaultSessionIdManager.java:doStart(334)) - DefaultSessionIdManager workerName=node0
2023-12-26 17:42:29,051 [main] INFO  server.session (DefaultSessionIdManager.java:doStart(339)) - No SessionScavenger set, using defaults
2023-12-26 17:42:29,052 [main] INFO  server.session (HouseKeeper.java:startScavenging(132)) - node0 Scavenging every 660000ms
2023-12-26 17:42:29,052 [main] INFO  handler.ContextHandler (ContextHandler.java:doStart(921)) - Started o.e.j.s.ServletContextHandler@700e897f{logs,/logs,file:///home/runner/work/ozone/ozone/hadoop-ozone/integration-test/target/log,AVAILABLE}
2023-12-26 17:42:29,052 [main] INFO  handler.ContextHandler (ContextHandler.java:doStart(921)) - Started o.e.j.s.ServletContextHandler@2fe6b485{static,/static,jar:file:/home/runner/.m2/repository/org/apache/ozone/hdds-container-service/1.5.0-SNAPSHOT/hdds-container-service-1.5.0-SNAPSHOT.jar!/webapps/static,AVAILABLE}
2023-12-26 17:42:29,085 [main] INFO  handler.ContextHandler (ContextHandler.java:doStart(921)) - Started o.e.j.w.WebAppContext@1f6e38fa{hddsDatanode,/,file:///home/runner/work/ozone/ozone/hadoop-ozone/integration-test/target/test-dir/MiniOzoneClusterImpl-c07e4b46-e5c7-4260-9d08-acd32f4d7801/datanode-8/meta/webserver/jetty-0_0_0_0-15170-hdds-container-service-1_5_0-SNAPSHOT_jar-_-any-3554148873719366572/webapp/,AVAILABLE}{jar:file:/home/runner/.m2/repository/org/apache/ozone/hdds-container-service/1.5.0-SNAPSHOT/hdds-container-service-1.5.0-SNAPSHOT.jar!/webapps/hddsDatanode}
2023-12-26 17:42:29,087 [main] INFO  server.AbstractConnector (AbstractConnector.java:doStart(333)) - Started ServerConnector@73a981cc{HTTP/1.1, (http/1.1)}{0.0.0.0:15170}
2023-12-26 17:42:29,087 [main] INFO  server.Server (Server.java:doStart(415)) - Started @46739ms
2023-12-26 17:42:29,087 [main] WARN  impl.MetricsSystemImpl (MetricsSystemImpl.java:register(279)) - Sink prometheus already exists!
2023-12-26 17:42:29,087 [main] INFO  http.BaseHttpServer (BaseHttpServer.java:updateConnectorAddress(354)) - HTTP server of hddsDatanode listening at http://0.0.0.0:15170
2023-12-26 17:42:29,088 [main] INFO  ipc.CallQueueManager (CallQueueManager.java:<init>(90)) - Using callQueue: class java.util.concurrent.LinkedBlockingQueue, queueCapacity: 100, scheduler: class org.apache.hadoop.ipc.DefaultRpcScheduler, ipcBackoff: false.
2023-12-26 17:42:29,088 [main] INFO  ipc.Server (Server.java:<init>(1287)) - Listener at 0.0.0.0:15171
2023-12-26 17:42:29,088 [Socket Reader #1 for port 15171] INFO  ipc.Server (Server.java:run(1323)) - Starting Socket Reader #1 for port 15171
2023-12-26 17:42:29,090 [main] INFO  ozone.HddsDatanodeService (HddsDatanodeService.java:start(324)) - Datanode start with admins: [runner]
2023-12-26 17:42:29,090 [main] INFO  ozone.HddsDatanodeClientProtocolServer (HddsDatanodeClientProtocolServer.java:start(72)) - RPC server for Client /0.0.0.0:15171
2023-12-26 17:42:29,091 [IPC Server Responder] INFO  ipc.Server (Server.java:run(1562)) - IPC Server Responder: starting
2023-12-26 17:42:29,093 [IPC Server listener on 15171] INFO  ipc.Server (Server.java:run(1402)) - IPC Server listener on 15171: starting
2023-12-26 17:42:29,098 [dfc36f62-24b2-4a1f-878a-2a4428b6a6a5-DatanodeStateMachineDaemonThread] INFO  statemachine.DatanodeStateMachine (DatanodeStateMachine.java:lambda$startDaemon$1(555)) - Ozone container server started.
2023-12-26 17:42:29,098 [main] INFO  ozone.MiniOzoneClusterImpl (MiniOzoneClusterImpl.java:lambda$waitForClusterToBeReady$0(230)) - Waiting for nodes to be ready. Got 0 of 9 DN Heartbeats.
2023-12-26 17:42:29,099 [main] INFO  ozone.MiniOzoneClusterImpl (MiniOzoneClusterImpl.java:lambda$waitForClusterToBeReady$0(233)) - Waiting for cluster to exit safe mode
2023-12-26 17:42:29,099 [main] INFO  ozone.MiniOzoneClusterImpl (MiniOzoneClusterImpl.java:lambda$waitForClusterToBeReady$0(235)) - SCM became leader
2023-12-26 17:42:29,102 [dfc36f62-24b2-4a1f-878a-2a4428b6a6a5-DatanodeStateMachineTaskThread-0] INFO  datanode.InitDatanodeState (InitDatanodeState.java:persistContainerDatanodeDetails(139)) - DatanodeDetails is persisted to /home/runner/work/ozone/ozone/hadoop-ozone/integration-test/target/test-dir/MiniOzoneClusterImpl-c07e4b46-e5c7-4260-9d08-acd32f4d7801/datanode-8/meta/datanode.id
2023-12-26 17:42:29,121 [om1@group-C5BA1605619E-FollowerState] INFO  impl.FollowerState (FollowerState.java:run(143)) - om1@group-C5BA1605619E-FollowerState: change to CANDIDATE, lastRpcElapsedTime:1089393460ns, electionTimeout:1089ms
2023-12-26 17:42:29,121 [om1@group-C5BA1605619E-FollowerState] INFO  impl.RoleInfo (RoleInfo.java:shutdownFollowerState(110)) - om1: shutdown om1@group-C5BA1605619E-FollowerState
2023-12-26 17:42:29,121 [om1@group-C5BA1605619E-FollowerState] INFO  server.RaftServer$Division (RaftServerImpl.java:setRole(379)) - om1@group-C5BA1605619E: changes role from  FOLLOWER to CANDIDATE at term 0 for changeToCandidate
2023-12-26 17:42:29,121 [om1@group-C5BA1605619E-FollowerState] INFO  server.RaftServerConfigKeys (ConfUtils.java:logGet(46)) - raft.server.leaderelection.pre-vote = true (default)
2023-12-26 17:42:29,121 [om1@group-C5BA1605619E-FollowerState] INFO  impl.RoleInfo (RoleInfo.java:updateAndGet(139)) - om1: start om1@group-C5BA1605619E-LeaderElection22
2023-12-26 17:42:29,123 [om1@group-C5BA1605619E-LeaderElection22] INFO  impl.LeaderElection (LeaderElection.java:askForVotes(323)) - om1@group-C5BA1605619E-LeaderElection22 PRE_VOTE round 0: submit vote requests at term 0 for -1: peers:[om1|localhost:15096]|listeners:[], old=null
2023-12-26 17:42:29,123 [om1@group-C5BA1605619E-LeaderElection22] INFO  impl.LeaderElection (LeaderElection.java:askForVotes(325)) - om1@group-C5BA1605619E-LeaderElection22 PRE_VOTE round 0: result PASSED (term=0)
2023-12-26 17:42:29,124 [om1@group-C5BA1605619E-LeaderElection22] INFO  impl.LeaderElection (LeaderElection.java:askForVotes(323)) - om1@group-C5BA1605619E-LeaderElection22 ELECTION round 0: submit vote requests at term 1 for -1: peers:[om1|localhost:15096]|listeners:[], old=null
2023-12-26 17:42:29,124 [om1@group-C5BA1605619E-LeaderElection22] INFO  impl.LeaderElection (LeaderElection.java:askForVotes(325)) - om1@group-C5BA1605619E-LeaderElection22 ELECTION round 0: result PASSED (term=1)
2023-12-26 17:42:29,124 [om1@group-C5BA1605619E-LeaderElection22] INFO  impl.RoleInfo (RoleInfo.java:shutdownLeaderElection(130)) - om1: shutdown om1@group-C5BA1605619E-LeaderElection22
2023-12-26 17:42:29,124 [om1@group-C5BA1605619E-LeaderElection22] INFO  server.RaftServer$Division (RaftServerImpl.java:setRole(379)) - om1@group-C5BA1605619E: changes role from CANDIDATE to LEADER at term 1 for changeToLeader
2023-12-26 17:42:29,125 [om1@group-C5BA1605619E-LeaderElection22] INFO  server.RaftServerConfigKeys (ConfUtils.java:logGet(46)) - raft.server.staging.catchup.gap = 1000 (default)
2023-12-26 17:42:29,125 [om1@group-C5BA1605619E-LeaderElection22] INFO  server.RaftServerConfigKeys (ConfUtils.java:logGet(46)) - raft.server.write.element-limit = 4096 (default)
2023-12-26 17:42:29,125 [om1@group-C5BA1605619E-LeaderElection22] INFO  server.RaftServerConfigKeys (ConfUtils.java:logGet(46)) - raft.server.write.byte-limit = 64MB (=67108864) (default)
2023-12-26 17:42:29,126 [om1@group-C5BA1605619E-LeaderElection22] INFO  server.RaftServerConfigKeys (ConfUtils.java:logGet(46)) - raft.server.watch.timeout = 10s (default)
2023-12-26 17:42:29,126 [om1@group-C5BA1605619E-LeaderElection22] INFO  server.RaftServerConfigKeys (ConfUtils.java:logGet(46)) - raft.server.watch.timeout.denomination = 1s (default)
2023-12-26 17:42:29,127 [om1@group-C5BA1605619E-LeaderElection22] INFO  server.RaftServerConfigKeys (ConfUtils.java:logGet(46)) - raft.server.watch.element-limit = 65536 (default)
2023-12-26 17:42:29,127 [om1@group-C5BA1605619E-LeaderElection22] INFO  server.RaftServerConfigKeys (ConfUtils.java:logGet(46)) - raft.server.read.leader.lease.enabled = false (default)
2023-12-26 17:42:29,127 [om1@group-C5BA1605619E-LeaderElection22] INFO  server.RaftServerConfigKeys (ConfUtils.java:logGet(46)) - raft.server.read.leader.lease.timeout.ratio = 0.9 (default)
2023-12-26 17:42:29,127 [om1@group-C5BA1605619E-LeaderElection22] INFO  server.RaftServerConfigKeys (ConfUtils.java:logGet(46)) - raft.server.rpc.timeout.min = 1s (custom)
2023-12-26 17:42:29,127 [om1@group-C5BA1605619E-LeaderElection22] INFO  server.RaftServerConfigKeys (ConfUtils.java:logGet(46)) - raft.server.write.element-limit = 4096 (default)
2023-12-26 17:42:29,127 [om1@group-C5BA1605619E-LeaderElection22] INFO  server.RaftServerConfigKeys (ConfUtils.java:logGet(46)) - raft.server.write.follower.gap.ratio.max = -1.0 (default)
2023-12-26 17:42:29,127 [om1@group-C5BA1605619E-LeaderElection22] INFO  impl.RoleInfo (RoleInfo.java:updateAndGet(139)) - om1: start om1@group-C5BA1605619E-LeaderStateImpl
2023-12-26 17:42:29,127 [om1@group-C5BA1605619E-LeaderElection22] INFO  server.RaftServer$Division (RaftServerImpl.java:setFirstElection(564)) - om1@group-C5BA1605619E: set firstElectionSinceStartup to false for becomeLeader
2023-12-26 17:42:29,127 [om1@group-C5BA1605619E-LeaderElection22] INFO  server.RaftServer$Division (ServerState.java:setLeader(265)) - om1@group-C5BA1605619E: change Leader from null to om1 at term 1 for becomeLeader, leader elected after 1369ms
2023-12-26 17:42:29,127 [om1@group-C5BA1605619E-LeaderElection22] INFO  segmented.SegmentedRaftLogWorker (SegmentedRaftLogWorker.java:startLogSegment(428)) - om1@group-C5BA1605619E-SegmentedRaftLogWorker: Starting segment from index:0
2023-12-26 17:42:29,133 [om1@group-C5BA1605619E-LeaderElection22] INFO  server.RaftServer$Division (ServerState.java:setRaftConf(382)) - om1@group-C5BA1605619E: set configuration 0: peers:[om1|localhost:15096]|listeners:[], old=null
2023-12-26 17:42:29,136 [om1@group-C5BA1605619E-SegmentedRaftLogWorker] INFO  segmented.SegmentedRaftLogWorker (SegmentedRaftLogWorker.java:execute(632)) - om1@group-C5BA1605619E-SegmentedRaftLogWorker: created new log segment /home/runner/work/ozone/ozone/hadoop-ozone/integration-test/target/test-dir/MiniOzoneClusterImpl-c07e4b46-e5c7-4260-9d08-acd32f4d7801/ozone-meta/ratis/bf265839-605b-3f16-9796-c5ba1605619e/current/log_inprogress_0
2023-12-26 17:42:29,137 [om1@group-C5BA1605619E-StateMachineUpdater] INFO  ratis.OzoneManagerStateMachine (OzoneManagerStateMachine.java:notifyConfigurationChanged(208)) - Received Configuration change notification from Ratis. New Peer list:
[id: "om1"
address: "localhost:15096"
startupRole: FOLLOWER
]
2023-12-26 17:42:29,137 [om1@group-C5BA1605619E-StateMachineUpdater] INFO  server.RaftServer$Division (LeaderStateImpl.java:isApplied(316)) - leader is ready since appliedIndex == 0 >= startIndex == 0
2023-12-26 17:42:30,099 [main] INFO  ozone.MiniOzoneClusterImpl (MiniOzoneClusterImpl.java:lambda$waitForClusterToBeReady$0(230)) - Waiting for nodes to be ready. Got 0 of 9 DN Heartbeats.
2023-12-26 17:42:30,100 [main] INFO  ozone.MiniOzoneClusterImpl (MiniOzoneClusterImpl.java:lambda$waitForClusterToBeReady$0(233)) - Waiting for cluster to exit safe mode
2023-12-26 17:42:30,100 [main] INFO  ozone.MiniOzoneClusterImpl (MiniOzoneClusterImpl.java:lambda$waitForClusterToBeReady$0(235)) - SCM became leader
2023-12-26 17:42:30,207 [3ed52e39-5430-4c2b-aae2-f3d378827451-EndpointStateMachineTaskThread-/0.0.0.0:15091-0 ] INFO  utils.DatanodeStoreCache (DatanodeStoreCache.java:addDB(66)) - Added db /home/runner/work/ozone/ozone/hadoop-ozone/integration-test/target/test-dir/MiniOzoneClusterImpl-c07e4b46-e5c7-4260-9d08-acd32f4d7801/datanode-0/data-0/containers/hdds/c07e4b46-e5c7-4260-9d08-acd32f4d7801/DS-c878ba80-8cf7-4be0-b1da-bdd8d81891d0/container.db to cache
2023-12-26 17:42:30,207 [3ed52e39-5430-4c2b-aae2-f3d378827451-EndpointStateMachineTaskThread-/0.0.0.0:15091-0 ] INFO  volume.HddsVolume (HddsVolume.java:createDbStore(422)) - SchemaV3 db is created and loaded at /home/runner/work/ozone/ozone/hadoop-ozone/integration-test/target/test-dir/MiniOzoneClusterImpl-c07e4b46-e5c7-4260-9d08-acd32f4d7801/datanode-0/data-0/containers/hdds/c07e4b46-e5c7-4260-9d08-acd32f4d7801/DS-c878ba80-8cf7-4be0-b1da-bdd8d81891d0/container.db for volume DS-c878ba80-8cf7-4be0-b1da-bdd8d81891d0
2023-12-26 17:42:30,208 [3ed52e39-5430-4c2b-aae2-f3d378827451-EndpointStateMachineTaskThread-/0.0.0.0:15091-0 ] INFO  volume.ThrottledAsyncChecker (ThrottledAsyncChecker.java:schedule(141)) - Scheduling a check for /home/runner/work/ozone/ozone/hadoop-ozone/integration-test/target/test-dir/MiniOzoneClusterImpl-c07e4b46-e5c7-4260-9d08-acd32f4d7801/datanode-0/data-0/containers/hdds
2023-12-26 17:42:30,209 [3ed52e39-5430-4c2b-aae2-f3d378827451-EndpointStateMachineTaskThread-/0.0.0.0:15091-0 ] INFO  volume.StorageVolumeChecker (StorageVolumeChecker.java:checkAllVolumes(218)) - Scheduled health check for volume /home/runner/work/ozone/ozone/hadoop-ozone/integration-test/target/test-dir/MiniOzoneClusterImpl-c07e4b46-e5c7-4260-9d08-acd32f4d7801/datanode-0/data-0/containers/hdds
2023-12-26 17:42:30,210 [3ed52e39-5430-4c2b-aae2-f3d378827451-EndpointStateMachineTaskThread-/0.0.0.0:15091-0 ] INFO  volume.ThrottledAsyncChecker (ThrottledAsyncChecker.java:schedule(141)) - Scheduling a check for /home/runner/work/ozone/ozone/hadoop-ozone/integration-test/target/test-dir/MiniOzoneClusterImpl-c07e4b46-e5c7-4260-9d08-acd32f4d7801/datanode-0/data/ratis
2023-12-26 17:42:30,210 [3ed52e39-5430-4c2b-aae2-f3d378827451-EndpointStateMachineTaskThread-/0.0.0.0:15091-0 ] INFO  volume.StorageVolumeChecker (StorageVolumeChecker.java:checkAllVolumes(218)) - Scheduled health check for volume /home/runner/work/ozone/ozone/hadoop-ozone/integration-test/target/test-dir/MiniOzoneClusterImpl-c07e4b46-e5c7-4260-9d08-acd32f4d7801/datanode-0/data/ratis
2023-12-26 17:42:30,211 [3ed52e39-5430-4c2b-aae2-f3d378827451-EndpointStateMachineTaskThread-/0.0.0.0:15091-0 ] INFO  ozoneimpl.OzoneContainer (OzoneContainer.java:start(441)) - Attempting to start container services.
2023-12-26 17:42:30,211 [3ed52e39-5430-4c2b-aae2-f3d378827451-EndpointStateMachineTaskThread-/0.0.0.0:15091-0 ] INFO  ozoneimpl.OzoneContainer (OzoneContainer.java:startContainerScrub(337)) - Scheduled background container scanners and the on-demand container scanner have been disabled.
2023-12-26 17:42:30,212 [3ed52e39-5430-4c2b-aae2-f3d378827451-EndpointStateMachineTaskThread-/0.0.0.0:15091-0 ] INFO  replication.ReplicationServer (ReplicationServer.java:start(139)) - ReplicationServer is started using port 15105
2023-12-26 17:42:30,212 [3ed52e39-5430-4c2b-aae2-f3d378827451-EndpointStateMachineTaskThread-/0.0.0.0:15091-0 ] INFO  ratis.XceiverServerRatis (XceiverServerRatis.java:start(548)) - Starting XceiverServerRatis 3ed52e39-5430-4c2b-aae2-f3d378827451
2023-12-26 17:42:30,212 [3ed52e39-5430-4c2b-aae2-f3d378827451-EndpointStateMachineTaskThread-/0.0.0.0:15091-0 ] INFO  server.RaftServer (RaftServerProxy.java:startImpl(406)) - 3ed52e39-5430-4c2b-aae2-f3d378827451: start RPC server
2023-12-26 17:42:30,213 [3ed52e39-5430-4c2b-aae2-f3d378827451-EndpointStateMachineTaskThread-/0.0.0.0:15091-0 ] INFO  server.GrpcService (GrpcService.java:startImpl(302)) - 3ed52e39-5430-4c2b-aae2-f3d378827451: GrpcService started, listening on 15101
2023-12-26 17:42:30,213 [3ed52e39-5430-4c2b-aae2-f3d378827451-EndpointStateMachineTaskThread-/0.0.0.0:15091-0 ] INFO  server.GrpcService (GrpcService.java:startImpl(302)) - 3ed52e39-5430-4c2b-aae2-f3d378827451: GrpcService started, listening on 15103
2023-12-26 17:42:30,213 [3ed52e39-5430-4c2b-aae2-f3d378827451-EndpointStateMachineTaskThread-/0.0.0.0:15091-0 ] INFO  server.GrpcService (GrpcService.java:startImpl(302)) - 3ed52e39-5430-4c2b-aae2-f3d378827451: GrpcService started, listening on 15102
2023-12-26 17:42:30,213 [3ed52e39-5430-4c2b-aae2-f3d378827451-EndpointStateMachineTaskThread-/0.0.0.0:15091-0 ] INFO  ratis.XceiverServerRatis (XceiverServerRatis.java:getRealPort(574)) - XceiverServerRatis 3ed52e39-5430-4c2b-aae2-f3d378827451 is started using port 15101 for RATIS
2023-12-26 17:42:30,213 [JvmPauseMonitor13] INFO  util.JvmPauseMonitor (JvmPauseMonitor.java:run(146)) - JvmPauseMonitor-3ed52e39-5430-4c2b-aae2-f3d378827451: Started
2023-12-26 17:42:30,213 [3ed52e39-5430-4c2b-aae2-f3d378827451-EndpointStateMachineTaskThread-/0.0.0.0:15091-0 ] INFO  ratis.XceiverServerRatis (XceiverServerRatis.java:getRealPort(574)) - XceiverServerRatis 3ed52e39-5430-4c2b-aae2-f3d378827451 is started using port 15102 for RATIS_ADMIN
2023-12-26 17:42:30,217 [3ed52e39-5430-4c2b-aae2-f3d378827451-EndpointStateMachineTaskThread-/0.0.0.0:15091-0 ] INFO  ratis.XceiverServerRatis (XceiverServerRatis.java:getRealPort(574)) - XceiverServerRatis 3ed52e39-5430-4c2b-aae2-f3d378827451 is started using port 15103 for RATIS_SERVER
2023-12-26 17:42:30,217 [3ed52e39-5430-4c2b-aae2-f3d378827451-EndpointStateMachineTaskThread-/0.0.0.0:15091-0 ] INFO  ratis.XceiverServerRatis (XceiverServerRatis.java:getRealPort(574)) - XceiverServerRatis 3ed52e39-5430-4c2b-aae2-f3d378827451 is started using port 15104 for RATIS_DATASTREAM
2023-12-26 17:42:30,218 [3ed52e39-5430-4c2b-aae2-f3d378827451-BlockDeletingService#0] INFO  interfaces.ContainerDeletionChoosingPolicyTemplate (ContainerDeletionChoosingPolicyTemplate.java:chooseContainerForBlockDeletion(85)) - Chosen 0/5000 blocks from 0 candidate containers.
2023-12-26 17:42:30,307 [b6016524-e859-4a78-8386-89e80bc47383-EndpointStateMachineTaskThread-/0.0.0.0:15091-0 ] INFO  utils.DatanodeStoreCache (DatanodeStoreCache.java:addDB(66)) - Added db /home/runner/work/ozone/ozone/hadoop-ozone/integration-test/target/test-dir/MiniOzoneClusterImpl-c07e4b46-e5c7-4260-9d08-acd32f4d7801/datanode-1/data-0/containers/hdds/c07e4b46-e5c7-4260-9d08-acd32f4d7801/DS-c4cdd1f7-a2eb-4ccf-9bb4-d08a1f40e755/container.db to cache
2023-12-26 17:42:30,308 [b6016524-e859-4a78-8386-89e80bc47383-EndpointStateMachineTaskThread-/0.0.0.0:15091-0 ] INFO  volume.HddsVolume (HddsVolume.java:createDbStore(422)) - SchemaV3 db is created and loaded at /home/runner/work/ozone/ozone/hadoop-ozone/integration-test/target/test-dir/MiniOzoneClusterImpl-c07e4b46-e5c7-4260-9d08-acd32f4d7801/datanode-1/data-0/containers/hdds/c07e4b46-e5c7-4260-9d08-acd32f4d7801/DS-c4cdd1f7-a2eb-4ccf-9bb4-d08a1f40e755/container.db for volume DS-c4cdd1f7-a2eb-4ccf-9bb4-d08a1f40e755
2023-12-26 17:42:30,309 [b6016524-e859-4a78-8386-89e80bc47383-EndpointStateMachineTaskThread-/0.0.0.0:15091-0 ] INFO  volume.ThrottledAsyncChecker (ThrottledAsyncChecker.java:schedule(141)) - Scheduling a check for /home/runner/work/ozone/ozone/hadoop-ozone/integration-test/target/test-dir/MiniOzoneClusterImpl-c07e4b46-e5c7-4260-9d08-acd32f4d7801/datanode-1/data-0/containers/hdds
2023-12-26 17:42:30,310 [b6016524-e859-4a78-8386-89e80bc47383-EndpointStateMachineTaskThread-/0.0.0.0:15091-0 ] INFO  volume.StorageVolumeChecker (StorageVolumeChecker.java:checkAllVolumes(218)) - Scheduled health check for volume /home/runner/work/ozone/ozone/hadoop-ozone/integration-test/target/test-dir/MiniOzoneClusterImpl-c07e4b46-e5c7-4260-9d08-acd32f4d7801/datanode-1/data-0/containers/hdds
2023-12-26 17:42:30,312 [b6016524-e859-4a78-8386-89e80bc47383-EndpointStateMachineTaskThread-/0.0.0.0:15091-0 ] INFO  volume.ThrottledAsyncChecker (ThrottledAsyncChecker.java:schedule(141)) - Scheduling a check for /home/runner/work/ozone/ozone/hadoop-ozone/integration-test/target/test-dir/MiniOzoneClusterImpl-c07e4b46-e5c7-4260-9d08-acd32f4d7801/datanode-1/data/ratis
2023-12-26 17:42:30,312 [b6016524-e859-4a78-8386-89e80bc47383-EndpointStateMachineTaskThread-/0.0.0.0:15091-0 ] INFO  volume.StorageVolumeChecker (StorageVolumeChecker.java:checkAllVolumes(218)) - Scheduled health check for volume /home/runner/work/ozone/ozone/hadoop-ozone/integration-test/target/test-dir/MiniOzoneClusterImpl-c07e4b46-e5c7-4260-9d08-acd32f4d7801/datanode-1/data/ratis
2023-12-26 17:42:30,312 [b6016524-e859-4a78-8386-89e80bc47383-EndpointStateMachineTaskThread-/0.0.0.0:15091-0 ] INFO  ozoneimpl.OzoneContainer (OzoneContainer.java:start(441)) - Attempting to start container services.
2023-12-26 17:42:30,312 [b6016524-e859-4a78-8386-89e80bc47383-EndpointStateMachineTaskThread-/0.0.0.0:15091-0 ] INFO  ozoneimpl.OzoneContainer (OzoneContainer.java:startContainerScrub(337)) - Scheduled background container scanners and the on-demand container scanner have been disabled.
2023-12-26 17:42:30,313 [b6016524-e859-4a78-8386-89e80bc47383-EndpointStateMachineTaskThread-/0.0.0.0:15091-0 ] INFO  replication.ReplicationServer (ReplicationServer.java:start(139)) - ReplicationServer is started using port 15114
2023-12-26 17:42:30,313 [b6016524-e859-4a78-8386-89e80bc47383-EndpointStateMachineTaskThread-/0.0.0.0:15091-0 ] INFO  ratis.XceiverServerRatis (XceiverServerRatis.java:start(548)) - Starting XceiverServerRatis b6016524-e859-4a78-8386-89e80bc47383
2023-12-26 17:42:30,313 [b6016524-e859-4a78-8386-89e80bc47383-EndpointStateMachineTaskThread-/0.0.0.0:15091-0 ] INFO  server.RaftServer (RaftServerProxy.java:startImpl(406)) - b6016524-e859-4a78-8386-89e80bc47383: start RPC server
2023-12-26 17:42:30,314 [b6016524-e859-4a78-8386-89e80bc47383-EndpointStateMachineTaskThread-/0.0.0.0:15091-0 ] INFO  server.GrpcService (GrpcService.java:startImpl(302)) - b6016524-e859-4a78-8386-89e80bc47383: GrpcService started, listening on 15110
2023-12-26 17:42:30,314 [b6016524-e859-4a78-8386-89e80bc47383-EndpointStateMachineTaskThread-/0.0.0.0:15091-0 ] INFO  server.GrpcService (GrpcService.java:startImpl(302)) - b6016524-e859-4a78-8386-89e80bc47383: GrpcService started, listening on 15112
2023-12-26 17:42:30,314 [b6016524-e859-4a78-8386-89e80bc47383-EndpointStateMachineTaskThread-/0.0.0.0:15091-0 ] INFO  server.GrpcService (GrpcService.java:startImpl(302)) - b6016524-e859-4a78-8386-89e80bc47383: GrpcService started, listening on 15111
2023-12-26 17:42:30,315 [JvmPauseMonitor14] INFO  util.JvmPauseMonitor (JvmPauseMonitor.java:run(146)) - JvmPauseMonitor-b6016524-e859-4a78-8386-89e80bc47383: Started
2023-12-26 17:42:30,315 [b6016524-e859-4a78-8386-89e80bc47383-EndpointStateMachineTaskThread-/0.0.0.0:15091-0 ] INFO  ratis.XceiverServerRatis (XceiverServerRatis.java:getRealPort(574)) - XceiverServerRatis b6016524-e859-4a78-8386-89e80bc47383 is started using port 15110 for RATIS
2023-12-26 17:42:30,315 [b6016524-e859-4a78-8386-89e80bc47383-EndpointStateMachineTaskThread-/0.0.0.0:15091-0 ] INFO  ratis.XceiverServerRatis (XceiverServerRatis.java:getRealPort(574)) - XceiverServerRatis b6016524-e859-4a78-8386-89e80bc47383 is started using port 15111 for RATIS_ADMIN
2023-12-26 17:42:30,315 [b6016524-e859-4a78-8386-89e80bc47383-EndpointStateMachineTaskThread-/0.0.0.0:15091-0 ] INFO  ratis.XceiverServerRatis (XceiverServerRatis.java:getRealPort(574)) - XceiverServerRatis b6016524-e859-4a78-8386-89e80bc47383 is started using port 15112 for RATIS_SERVER
2023-12-26 17:42:30,315 [b6016524-e859-4a78-8386-89e80bc47383-EndpointStateMachineTaskThread-/0.0.0.0:15091-0 ] INFO  ratis.XceiverServerRatis (XceiverServerRatis.java:getRealPort(574)) - XceiverServerRatis b6016524-e859-4a78-8386-89e80bc47383 is started using port 15113 for RATIS_DATASTREAM
2023-12-26 17:42:30,316 [b6016524-e859-4a78-8386-89e80bc47383-BlockDeletingService#0] INFO  interfaces.ContainerDeletionChoosingPolicyTemplate (ContainerDeletionChoosingPolicyTemplate.java:chooseContainerForBlockDeletion(85)) - Chosen 0/5000 blocks from 0 candidate containers.
2023-12-26 17:42:30,457 [c480eabb-3157-49f2-b9f1-63f696d84ae6-EndpointStateMachineTaskThread-/0.0.0.0:15091-0 ] INFO  utils.DatanodeStoreCache (DatanodeStoreCache.java:addDB(66)) - Added db /home/runner/work/ozone/ozone/hadoop-ozone/integration-test/target/test-dir/MiniOzoneClusterImpl-c07e4b46-e5c7-4260-9d08-acd32f4d7801/datanode-2/data-0/containers/hdds/c07e4b46-e5c7-4260-9d08-acd32f4d7801/DS-eb1e02cf-633c-4058-9ed9-fa55ad46ae3e/container.db to cache
2023-12-26 17:42:30,457 [c480eabb-3157-49f2-b9f1-63f696d84ae6-EndpointStateMachineTaskThread-/0.0.0.0:15091-0 ] INFO  volume.HddsVolume (HddsVolume.java:createDbStore(422)) - SchemaV3 db is created and loaded at /home/runner/work/ozone/ozone/hadoop-ozone/integration-test/target/test-dir/MiniOzoneClusterImpl-c07e4b46-e5c7-4260-9d08-acd32f4d7801/datanode-2/data-0/containers/hdds/c07e4b46-e5c7-4260-9d08-acd32f4d7801/DS-eb1e02cf-633c-4058-9ed9-fa55ad46ae3e/container.db for volume DS-eb1e02cf-633c-4058-9ed9-fa55ad46ae3e
2023-12-26 17:42:30,460 [c480eabb-3157-49f2-b9f1-63f696d84ae6-EndpointStateMachineTaskThread-/0.0.0.0:15091-0 ] INFO  volume.ThrottledAsyncChecker (ThrottledAsyncChecker.java:schedule(141)) - Scheduling a check for /home/runner/work/ozone/ozone/hadoop-ozone/integration-test/target/test-dir/MiniOzoneClusterImpl-c07e4b46-e5c7-4260-9d08-acd32f4d7801/datanode-2/data-0/containers/hdds
2023-12-26 17:42:30,460 [c480eabb-3157-49f2-b9f1-63f696d84ae6-EndpointStateMachineTaskThread-/0.0.0.0:15091-0 ] INFO  volume.StorageVolumeChecker (StorageVolumeChecker.java:checkAllVolumes(218)) - Scheduled health check for volume /home/runner/work/ozone/ozone/hadoop-ozone/integration-test/target/test-dir/MiniOzoneClusterImpl-c07e4b46-e5c7-4260-9d08-acd32f4d7801/datanode-2/data-0/containers/hdds
2023-12-26 17:42:30,462 [c480eabb-3157-49f2-b9f1-63f696d84ae6-EndpointStateMachineTaskThread-/0.0.0.0:15091-0 ] INFO  volume.ThrottledAsyncChecker (ThrottledAsyncChecker.java:schedule(141)) - Scheduling a check for /home/runner/work/ozone/ozone/hadoop-ozone/integration-test/target/test-dir/MiniOzoneClusterImpl-c07e4b46-e5c7-4260-9d08-acd32f4d7801/datanode-2/data/ratis
2023-12-26 17:42:30,462 [c480eabb-3157-49f2-b9f1-63f696d84ae6-EndpointStateMachineTaskThread-/0.0.0.0:15091-0 ] INFO  volume.StorageVolumeChecker (StorageVolumeChecker.java:checkAllVolumes(218)) - Scheduled health check for volume /home/runner/work/ozone/ozone/hadoop-ozone/integration-test/target/test-dir/MiniOzoneClusterImpl-c07e4b46-e5c7-4260-9d08-acd32f4d7801/datanode-2/data/ratis
2023-12-26 17:42:30,463 [c480eabb-3157-49f2-b9f1-63f696d84ae6-EndpointStateMachineTaskThread-/0.0.0.0:15091-0 ] INFO  ozoneimpl.OzoneContainer (OzoneContainer.java:start(441)) - Attempting to start container services.
2023-12-26 17:42:30,463 [c480eabb-3157-49f2-b9f1-63f696d84ae6-EndpointStateMachineTaskThread-/0.0.0.0:15091-0 ] INFO  ozoneimpl.OzoneContainer (OzoneContainer.java:startContainerScrub(337)) - Scheduled background container scanners and the on-demand container scanner have been disabled.
2023-12-26 17:42:30,463 [c480eabb-3157-49f2-b9f1-63f696d84ae6-EndpointStateMachineTaskThread-/0.0.0.0:15091-0 ] INFO  replication.ReplicationServer (ReplicationServer.java:start(139)) - ReplicationServer is started using port 15123
2023-12-26 17:42:30,463 [c480eabb-3157-49f2-b9f1-63f696d84ae6-EndpointStateMachineTaskThread-/0.0.0.0:15091-0 ] INFO  ratis.XceiverServerRatis (XceiverServerRatis.java:start(548)) - Starting XceiverServerRatis c480eabb-3157-49f2-b9f1-63f696d84ae6
2023-12-26 17:42:30,464 [c480eabb-3157-49f2-b9f1-63f696d84ae6-EndpointStateMachineTaskThread-/0.0.0.0:15091-0 ] INFO  server.RaftServer (RaftServerProxy.java:startImpl(406)) - c480eabb-3157-49f2-b9f1-63f696d84ae6: start RPC server
2023-12-26 17:42:30,464 [c480eabb-3157-49f2-b9f1-63f696d84ae6-EndpointStateMachineTaskThread-/0.0.0.0:15091-0 ] INFO  server.GrpcService (GrpcService.java:startImpl(302)) - c480eabb-3157-49f2-b9f1-63f696d84ae6: GrpcService started, listening on 15119
2023-12-26 17:42:30,464 [c480eabb-3157-49f2-b9f1-63f696d84ae6-EndpointStateMachineTaskThread-/0.0.0.0:15091-0 ] INFO  server.GrpcService (GrpcService.java:startImpl(302)) - c480eabb-3157-49f2-b9f1-63f696d84ae6: GrpcService started, listening on 15121
2023-12-26 17:42:30,465 [c480eabb-3157-49f2-b9f1-63f696d84ae6-EndpointStateMachineTaskThread-/0.0.0.0:15091-0 ] INFO  server.GrpcService (GrpcService.java:startImpl(302)) - c480eabb-3157-49f2-b9f1-63f696d84ae6: GrpcService started, listening on 15120
2023-12-26 17:42:30,465 [c480eabb-3157-49f2-b9f1-63f696d84ae6-EndpointStateMachineTaskThread-/0.0.0.0:15091-0 ] INFO  ratis.XceiverServerRatis (XceiverServerRatis.java:getRealPort(574)) - XceiverServerRatis c480eabb-3157-49f2-b9f1-63f696d84ae6 is started using port 15119 for RATIS
2023-12-26 17:42:30,465 [c480eabb-3157-49f2-b9f1-63f696d84ae6-EndpointStateMachineTaskThread-/0.0.0.0:15091-0 ] INFO  ratis.XceiverServerRatis (XceiverServerRatis.java:getRealPort(574)) - XceiverServerRatis c480eabb-3157-49f2-b9f1-63f696d84ae6 is started using port 15120 for RATIS_ADMIN
2023-12-26 17:42:30,465 [c480eabb-3157-49f2-b9f1-63f696d84ae6-EndpointStateMachineTaskThread-/0.0.0.0:15091-0 ] INFO  ratis.XceiverServerRatis (XceiverServerRatis.java:getRealPort(574)) - XceiverServerRatis c480eabb-3157-49f2-b9f1-63f696d84ae6 is started using port 15121 for RATIS_SERVER
2023-12-26 17:42:30,465 [c480eabb-3157-49f2-b9f1-63f696d84ae6-EndpointStateMachineTaskThread-/0.0.0.0:15091-0 ] INFO  ratis.XceiverServerRatis (XceiverServerRatis.java:getRealPort(574)) - XceiverServerRatis c480eabb-3157-49f2-b9f1-63f696d84ae6 is started using port 15122 for RATIS_DATASTREAM
2023-12-26 17:42:30,465 [JvmPauseMonitor15] INFO  util.JvmPauseMonitor (JvmPauseMonitor.java:run(146)) - JvmPauseMonitor-c480eabb-3157-49f2-b9f1-63f696d84ae6: Started
2023-12-26 17:42:30,466 [c480eabb-3157-49f2-b9f1-63f696d84ae6-BlockDeletingService#0] INFO  interfaces.ContainerDeletionChoosingPolicyTemplate (ContainerDeletionChoosingPolicyTemplate.java:chooseContainerForBlockDeletion(85)) - Chosen 0/5000 blocks from 0 candidate containers.
2023-12-26 17:42:30,587 [559a6ab5-825d-4c14-b258-477429313dde-EndpointStateMachineTaskThread-/0.0.0.0:15091-0 ] INFO  utils.DatanodeStoreCache (DatanodeStoreCache.java:addDB(66)) - Added db /home/runner/work/ozone/ozone/hadoop-ozone/integration-test/target/test-dir/MiniOzoneClusterImpl-c07e4b46-e5c7-4260-9d08-acd32f4d7801/datanode-3/data-0/containers/hdds/c07e4b46-e5c7-4260-9d08-acd32f4d7801/DS-3fb5d6a2-91a2-4d1e-a86d-7301e35be00e/container.db to cache
2023-12-26 17:42:30,587 [559a6ab5-825d-4c14-b258-477429313dde-EndpointStateMachineTaskThread-/0.0.0.0:15091-0 ] INFO  volume.HddsVolume (HddsVolume.java:createDbStore(422)) - SchemaV3 db is created and loaded at /home/runner/work/ozone/ozone/hadoop-ozone/integration-test/target/test-dir/MiniOzoneClusterImpl-c07e4b46-e5c7-4260-9d08-acd32f4d7801/datanode-3/data-0/containers/hdds/c07e4b46-e5c7-4260-9d08-acd32f4d7801/DS-3fb5d6a2-91a2-4d1e-a86d-7301e35be00e/container.db for volume DS-3fb5d6a2-91a2-4d1e-a86d-7301e35be00e
2023-12-26 17:42:30,589 [559a6ab5-825d-4c14-b258-477429313dde-EndpointStateMachineTaskThread-/0.0.0.0:15091-0 ] INFO  volume.ThrottledAsyncChecker (ThrottledAsyncChecker.java:schedule(141)) - Scheduling a check for /home/runner/work/ozone/ozone/hadoop-ozone/integration-test/target/test-dir/MiniOzoneClusterImpl-c07e4b46-e5c7-4260-9d08-acd32f4d7801/datanode-3/data-0/containers/hdds
2023-12-26 17:42:30,589 [559a6ab5-825d-4c14-b258-477429313dde-EndpointStateMachineTaskThread-/0.0.0.0:15091-0 ] INFO  volume.StorageVolumeChecker (StorageVolumeChecker.java:checkAllVolumes(218)) - Scheduled health check for volume /home/runner/work/ozone/ozone/hadoop-ozone/integration-test/target/test-dir/MiniOzoneClusterImpl-c07e4b46-e5c7-4260-9d08-acd32f4d7801/datanode-3/data-0/containers/hdds
2023-12-26 17:42:30,590 [559a6ab5-825d-4c14-b258-477429313dde-EndpointStateMachineTaskThread-/0.0.0.0:15091-0 ] INFO  volume.ThrottledAsyncChecker (ThrottledAsyncChecker.java:schedule(141)) - Scheduling a check for /home/runner/work/ozone/ozone/hadoop-ozone/integration-test/target/test-dir/MiniOzoneClusterImpl-c07e4b46-e5c7-4260-9d08-acd32f4d7801/datanode-3/data/ratis
2023-12-26 17:42:30,591 [559a6ab5-825d-4c14-b258-477429313dde-EndpointStateMachineTaskThread-/0.0.0.0:15091-0 ] INFO  volume.StorageVolumeChecker (StorageVolumeChecker.java:checkAllVolumes(218)) - Scheduled health check for volume /home/runner/work/ozone/ozone/hadoop-ozone/integration-test/target/test-dir/MiniOzoneClusterImpl-c07e4b46-e5c7-4260-9d08-acd32f4d7801/datanode-3/data/ratis
2023-12-26 17:42:30,592 [559a6ab5-825d-4c14-b258-477429313dde-EndpointStateMachineTaskThread-/0.0.0.0:15091-0 ] INFO  ozoneimpl.OzoneContainer (OzoneContainer.java:start(441)) - Attempting to start container services.
2023-12-26 17:42:30,592 [559a6ab5-825d-4c14-b258-477429313dde-EndpointStateMachineTaskThread-/0.0.0.0:15091-0 ] INFO  ozoneimpl.OzoneContainer (OzoneContainer.java:startContainerScrub(337)) - Scheduled background container scanners and the on-demand container scanner have been disabled.
2023-12-26 17:42:30,592 [559a6ab5-825d-4c14-b258-477429313dde-EndpointStateMachineTaskThread-/0.0.0.0:15091-0 ] INFO  replication.ReplicationServer (ReplicationServer.java:start(139)) - ReplicationServer is started using port 15132
2023-12-26 17:42:30,592 [559a6ab5-825d-4c14-b258-477429313dde-EndpointStateMachineTaskThread-/0.0.0.0:15091-0 ] INFO  ratis.XceiverServerRatis (XceiverServerRatis.java:start(548)) - Starting XceiverServerRatis 559a6ab5-825d-4c14-b258-477429313dde
2023-12-26 17:42:30,593 [559a6ab5-825d-4c14-b258-477429313dde-EndpointStateMachineTaskThread-/0.0.0.0:15091-0 ] INFO  server.RaftServer (RaftServerProxy.java:startImpl(406)) - 559a6ab5-825d-4c14-b258-477429313dde: start RPC server
2023-12-26 17:42:30,593 [559a6ab5-825d-4c14-b258-477429313dde-EndpointStateMachineTaskThread-/0.0.0.0:15091-0 ] INFO  server.GrpcService (GrpcService.java:startImpl(302)) - 559a6ab5-825d-4c14-b258-477429313dde: GrpcService started, listening on 15128
2023-12-26 17:42:30,593 [559a6ab5-825d-4c14-b258-477429313dde-EndpointStateMachineTaskThread-/0.0.0.0:15091-0 ] INFO  server.GrpcService (GrpcService.java:startImpl(302)) - 559a6ab5-825d-4c14-b258-477429313dde: GrpcService started, listening on 15130
2023-12-26 17:42:30,594 [559a6ab5-825d-4c14-b258-477429313dde-EndpointStateMachineTaskThread-/0.0.0.0:15091-0 ] INFO  server.GrpcService (GrpcService.java:startImpl(302)) - 559a6ab5-825d-4c14-b258-477429313dde: GrpcService started, listening on 15129
2023-12-26 17:42:30,594 [559a6ab5-825d-4c14-b258-477429313dde-EndpointStateMachineTaskThread-/0.0.0.0:15091-0 ] INFO  ratis.XceiverServerRatis (XceiverServerRatis.java:getRealPort(574)) - XceiverServerRatis 559a6ab5-825d-4c14-b258-477429313dde is started using port 15128 for RATIS
2023-12-26 17:42:30,594 [559a6ab5-825d-4c14-b258-477429313dde-EndpointStateMachineTaskThread-/0.0.0.0:15091-0 ] INFO  ratis.XceiverServerRatis (XceiverServerRatis.java:getRealPort(574)) - XceiverServerRatis 559a6ab5-825d-4c14-b258-477429313dde is started using port 15129 for RATIS_ADMIN
2023-12-26 17:42:30,594 [559a6ab5-825d-4c14-b258-477429313dde-EndpointStateMachineTaskThread-/0.0.0.0:15091-0 ] INFO  ratis.XceiverServerRatis (XceiverServerRatis.java:getRealPort(574)) - XceiverServerRatis 559a6ab5-825d-4c14-b258-477429313dde is started using port 15130 for RATIS_SERVER
2023-12-26 17:42:30,594 [559a6ab5-825d-4c14-b258-477429313dde-EndpointStateMachineTaskThread-/0.0.0.0:15091-0 ] INFO  ratis.XceiverServerRatis (XceiverServerRatis.java:getRealPort(574)) - XceiverServerRatis 559a6ab5-825d-4c14-b258-477429313dde is started using port 15131 for RATIS_DATASTREAM
2023-12-26 17:42:30,594 [JvmPauseMonitor16] INFO  util.JvmPauseMonitor (JvmPauseMonitor.java:run(146)) - JvmPauseMonitor-559a6ab5-825d-4c14-b258-477429313dde: Started
2023-12-26 17:42:30,595 [559a6ab5-825d-4c14-b258-477429313dde-BlockDeletingService#0] INFO  interfaces.ContainerDeletionChoosingPolicyTemplate (ContainerDeletionChoosingPolicyTemplate.java:chooseContainerForBlockDeletion(85)) - Chosen 0/5000 blocks from 0 candidate containers.
2023-12-26 17:42:30,699 [12bf515f-ba3e-42f8-ba13-af4a8bda6fda-EndpointStateMachineTaskThread-/0.0.0.0:15091-0 ] INFO  utils.DatanodeStoreCache (DatanodeStoreCache.java:addDB(66)) - Added db /home/runner/work/ozone/ozone/hadoop-ozone/integration-test/target/test-dir/MiniOzoneClusterImpl-c07e4b46-e5c7-4260-9d08-acd32f4d7801/datanode-4/data-0/containers/hdds/c07e4b46-e5c7-4260-9d08-acd32f4d7801/DS-be219c08-7695-420d-8b59-158dd9ff42f0/container.db to cache
2023-12-26 17:42:30,699 [12bf515f-ba3e-42f8-ba13-af4a8bda6fda-EndpointStateMachineTaskThread-/0.0.0.0:15091-0 ] INFO  volume.HddsVolume (HddsVolume.java:createDbStore(422)) - SchemaV3 db is created and loaded at /home/runner/work/ozone/ozone/hadoop-ozone/integration-test/target/test-dir/MiniOzoneClusterImpl-c07e4b46-e5c7-4260-9d08-acd32f4d7801/datanode-4/data-0/containers/hdds/c07e4b46-e5c7-4260-9d08-acd32f4d7801/DS-be219c08-7695-420d-8b59-158dd9ff42f0/container.db for volume DS-be219c08-7695-420d-8b59-158dd9ff42f0
2023-12-26 17:42:30,701 [12bf515f-ba3e-42f8-ba13-af4a8bda6fda-EndpointStateMachineTaskThread-/0.0.0.0:15091-0 ] INFO  volume.ThrottledAsyncChecker (ThrottledAsyncChecker.java:schedule(141)) - Scheduling a check for /home/runner/work/ozone/ozone/hadoop-ozone/integration-test/target/test-dir/MiniOzoneClusterImpl-c07e4b46-e5c7-4260-9d08-acd32f4d7801/datanode-4/data-0/containers/hdds
2023-12-26 17:42:30,701 [12bf515f-ba3e-42f8-ba13-af4a8bda6fda-EndpointStateMachineTaskThread-/0.0.0.0:15091-0 ] INFO  volume.StorageVolumeChecker (StorageVolumeChecker.java:checkAllVolumes(218)) - Scheduled health check for volume /home/runner/work/ozone/ozone/hadoop-ozone/integration-test/target/test-dir/MiniOzoneClusterImpl-c07e4b46-e5c7-4260-9d08-acd32f4d7801/datanode-4/data-0/containers/hdds
2023-12-26 17:42:30,703 [12bf515f-ba3e-42f8-ba13-af4a8bda6fda-EndpointStateMachineTaskThread-/0.0.0.0:15091-0 ] INFO  volume.ThrottledAsyncChecker (ThrottledAsyncChecker.java:schedule(141)) - Scheduling a check for /home/runner/work/ozone/ozone/hadoop-ozone/integration-test/target/test-dir/MiniOzoneClusterImpl-c07e4b46-e5c7-4260-9d08-acd32f4d7801/datanode-4/data/ratis
2023-12-26 17:42:30,703 [12bf515f-ba3e-42f8-ba13-af4a8bda6fda-EndpointStateMachineTaskThread-/0.0.0.0:15091-0 ] INFO  volume.StorageVolumeChecker (StorageVolumeChecker.java:checkAllVolumes(218)) - Scheduled health check for volume /home/runner/work/ozone/ozone/hadoop-ozone/integration-test/target/test-dir/MiniOzoneClusterImpl-c07e4b46-e5c7-4260-9d08-acd32f4d7801/datanode-4/data/ratis
2023-12-26 17:42:30,704 [12bf515f-ba3e-42f8-ba13-af4a8bda6fda-EndpointStateMachineTaskThread-/0.0.0.0:15091-0 ] INFO  ozoneimpl.OzoneContainer (OzoneContainer.java:start(441)) - Attempting to start container services.
2023-12-26 17:42:30,704 [12bf515f-ba3e-42f8-ba13-af4a8bda6fda-EndpointStateMachineTaskThread-/0.0.0.0:15091-0 ] INFO  ozoneimpl.OzoneContainer (OzoneContainer.java:startContainerScrub(337)) - Scheduled background container scanners and the on-demand container scanner have been disabled.
2023-12-26 17:42:30,704 [12bf515f-ba3e-42f8-ba13-af4a8bda6fda-EndpointStateMachineTaskThread-/0.0.0.0:15091-0 ] INFO  replication.ReplicationServer (ReplicationServer.java:start(139)) - ReplicationServer is started using port 15141
2023-12-26 17:42:30,704 [12bf515f-ba3e-42f8-ba13-af4a8bda6fda-EndpointStateMachineTaskThread-/0.0.0.0:15091-0 ] INFO  ratis.XceiverServerRatis (XceiverServerRatis.java:start(548)) - Starting XceiverServerRatis 12bf515f-ba3e-42f8-ba13-af4a8bda6fda
2023-12-26 17:42:30,705 [12bf515f-ba3e-42f8-ba13-af4a8bda6fda-EndpointStateMachineTaskThread-/0.0.0.0:15091-0 ] INFO  server.RaftServer (RaftServerProxy.java:startImpl(406)) - 12bf515f-ba3e-42f8-ba13-af4a8bda6fda: start RPC server
2023-12-26 17:42:30,705 [12bf515f-ba3e-42f8-ba13-af4a8bda6fda-EndpointStateMachineTaskThread-/0.0.0.0:15091-0 ] INFO  server.GrpcService (GrpcService.java:startImpl(302)) - 12bf515f-ba3e-42f8-ba13-af4a8bda6fda: GrpcService started, listening on 15137
2023-12-26 17:42:30,705 [12bf515f-ba3e-42f8-ba13-af4a8bda6fda-EndpointStateMachineTaskThread-/0.0.0.0:15091-0 ] INFO  server.GrpcService (GrpcService.java:startImpl(302)) - 12bf515f-ba3e-42f8-ba13-af4a8bda6fda: GrpcService started, listening on 15139
2023-12-26 17:42:30,706 [12bf515f-ba3e-42f8-ba13-af4a8bda6fda-EndpointStateMachineTaskThread-/0.0.0.0:15091-0 ] INFO  server.GrpcService (GrpcService.java:startImpl(302)) - 12bf515f-ba3e-42f8-ba13-af4a8bda6fda: GrpcService started, listening on 15138
2023-12-26 17:42:30,706 [12bf515f-ba3e-42f8-ba13-af4a8bda6fda-EndpointStateMachineTaskThread-/0.0.0.0:15091-0 ] INFO  ratis.XceiverServerRatis (XceiverServerRatis.java:getRealPort(574)) - XceiverServerRatis 12bf515f-ba3e-42f8-ba13-af4a8bda6fda is started using port 15137 for RATIS
2023-12-26 17:42:30,706 [12bf515f-ba3e-42f8-ba13-af4a8bda6fda-EndpointStateMachineTaskThread-/0.0.0.0:15091-0 ] INFO  ratis.XceiverServerRatis (XceiverServerRatis.java:getRealPort(574)) - XceiverServerRatis 12bf515f-ba3e-42f8-ba13-af4a8bda6fda is started using port 15138 for RATIS_ADMIN
2023-12-26 17:42:30,706 [12bf515f-ba3e-42f8-ba13-af4a8bda6fda-EndpointStateMachineTaskThread-/0.0.0.0:15091-0 ] INFO  ratis.XceiverServerRatis (XceiverServerRatis.java:getRealPort(574)) - XceiverServerRatis 12bf515f-ba3e-42f8-ba13-af4a8bda6fda is started using port 15139 for RATIS_SERVER
2023-12-26 17:42:30,706 [12bf515f-ba3e-42f8-ba13-af4a8bda6fda-EndpointStateMachineTaskThread-/0.0.0.0:15091-0 ] INFO  ratis.XceiverServerRatis (XceiverServerRatis.java:getRealPort(574)) - XceiverServerRatis 12bf515f-ba3e-42f8-ba13-af4a8bda6fda is started using port 15140 for RATIS_DATASTREAM
2023-12-26 17:42:30,706 [JvmPauseMonitor17] INFO  util.JvmPauseMonitor (JvmPauseMonitor.java:run(146)) - JvmPauseMonitor-12bf515f-ba3e-42f8-ba13-af4a8bda6fda: Started
2023-12-26 17:42:30,710 [12bf515f-ba3e-42f8-ba13-af4a8bda6fda-BlockDeletingService#0] INFO  interfaces.ContainerDeletionChoosingPolicyTemplate (ContainerDeletionChoosingPolicyTemplate.java:chooseContainerForBlockDeletion(85)) - Chosen 0/5000 blocks from 0 candidate containers.
2023-12-26 17:42:30,800 [44b0d7ae-65a5-40e5-9d42-50dc3ce2f2bb-EndpointStateMachineTaskThread-/0.0.0.0:15091-0 ] INFO  utils.DatanodeStoreCache (DatanodeStoreCache.java:addDB(66)) - Added db /home/runner/work/ozone/ozone/hadoop-ozone/integration-test/target/test-dir/MiniOzoneClusterImpl-c07e4b46-e5c7-4260-9d08-acd32f4d7801/datanode-5/data-0/containers/hdds/c07e4b46-e5c7-4260-9d08-acd32f4d7801/DS-66492c3f-bba0-4d77-9c84-a142ca369931/container.db to cache
2023-12-26 17:42:30,800 [44b0d7ae-65a5-40e5-9d42-50dc3ce2f2bb-EndpointStateMachineTaskThread-/0.0.0.0:15091-0 ] INFO  volume.HddsVolume (HddsVolume.java:createDbStore(422)) - SchemaV3 db is created and loaded at /home/runner/work/ozone/ozone/hadoop-ozone/integration-test/target/test-dir/MiniOzoneClusterImpl-c07e4b46-e5c7-4260-9d08-acd32f4d7801/datanode-5/data-0/containers/hdds/c07e4b46-e5c7-4260-9d08-acd32f4d7801/DS-66492c3f-bba0-4d77-9c84-a142ca369931/container.db for volume DS-66492c3f-bba0-4d77-9c84-a142ca369931
2023-12-26 17:42:30,802 [44b0d7ae-65a5-40e5-9d42-50dc3ce2f2bb-EndpointStateMachineTaskThread-/0.0.0.0:15091-0 ] INFO  volume.ThrottledAsyncChecker (ThrottledAsyncChecker.java:schedule(141)) - Scheduling a check for /home/runner/work/ozone/ozone/hadoop-ozone/integration-test/target/test-dir/MiniOzoneClusterImpl-c07e4b46-e5c7-4260-9d08-acd32f4d7801/datanode-5/data-0/containers/hdds
2023-12-26 17:42:30,802 [44b0d7ae-65a5-40e5-9d42-50dc3ce2f2bb-EndpointStateMachineTaskThread-/0.0.0.0:15091-0 ] INFO  volume.StorageVolumeChecker (StorageVolumeChecker.java:checkAllVolumes(218)) - Scheduled health check for volume /home/runner/work/ozone/ozone/hadoop-ozone/integration-test/target/test-dir/MiniOzoneClusterImpl-c07e4b46-e5c7-4260-9d08-acd32f4d7801/datanode-5/data-0/containers/hdds
2023-12-26 17:42:30,804 [44b0d7ae-65a5-40e5-9d42-50dc3ce2f2bb-EndpointStateMachineTaskThread-/0.0.0.0:15091-0 ] INFO  volume.ThrottledAsyncChecker (ThrottledAsyncChecker.java:schedule(141)) - Scheduling a check for /home/runner/work/ozone/ozone/hadoop-ozone/integration-test/target/test-dir/MiniOzoneClusterImpl-c07e4b46-e5c7-4260-9d08-acd32f4d7801/datanode-5/data/ratis
2023-12-26 17:42:30,804 [44b0d7ae-65a5-40e5-9d42-50dc3ce2f2bb-EndpointStateMachineTaskThread-/0.0.0.0:15091-0 ] INFO  volume.StorageVolumeChecker (StorageVolumeChecker.java:checkAllVolumes(218)) - Scheduled health check for volume /home/runner/work/ozone/ozone/hadoop-ozone/integration-test/target/test-dir/MiniOzoneClusterImpl-c07e4b46-e5c7-4260-9d08-acd32f4d7801/datanode-5/data/ratis
2023-12-26 17:42:30,805 [44b0d7ae-65a5-40e5-9d42-50dc3ce2f2bb-EndpointStateMachineTaskThread-/0.0.0.0:15091-0 ] INFO  ozoneimpl.OzoneContainer (OzoneContainer.java:start(441)) - Attempting to start container services.
2023-12-26 17:42:30,805 [44b0d7ae-65a5-40e5-9d42-50dc3ce2f2bb-EndpointStateMachineTaskThread-/0.0.0.0:15091-0 ] INFO  ozoneimpl.OzoneContainer (OzoneContainer.java:startContainerScrub(337)) - Scheduled background container scanners and the on-demand container scanner have been disabled.
2023-12-26 17:42:30,805 [44b0d7ae-65a5-40e5-9d42-50dc3ce2f2bb-EndpointStateMachineTaskThread-/0.0.0.0:15091-0 ] INFO  replication.ReplicationServer (ReplicationServer.java:start(139)) - ReplicationServer is started using port 15150
2023-12-26 17:42:30,805 [44b0d7ae-65a5-40e5-9d42-50dc3ce2f2bb-EndpointStateMachineTaskThread-/0.0.0.0:15091-0 ] INFO  ratis.XceiverServerRatis (XceiverServerRatis.java:start(548)) - Starting XceiverServerRatis 44b0d7ae-65a5-40e5-9d42-50dc3ce2f2bb
2023-12-26 17:42:30,806 [44b0d7ae-65a5-40e5-9d42-50dc3ce2f2bb-EndpointStateMachineTaskThread-/0.0.0.0:15091-0 ] INFO  server.RaftServer (RaftServerProxy.java:startImpl(406)) - 44b0d7ae-65a5-40e5-9d42-50dc3ce2f2bb: start RPC server
2023-12-26 17:42:30,807 [44b0d7ae-65a5-40e5-9d42-50dc3ce2f2bb-EndpointStateMachineTaskThread-/0.0.0.0:15091-0 ] INFO  server.GrpcService (GrpcService.java:startImpl(302)) - 44b0d7ae-65a5-40e5-9d42-50dc3ce2f2bb: GrpcService started, listening on 15146
2023-12-26 17:42:30,807 [44b0d7ae-65a5-40e5-9d42-50dc3ce2f2bb-EndpointStateMachineTaskThread-/0.0.0.0:15091-0 ] INFO  server.GrpcService (GrpcService.java:startImpl(302)) - 44b0d7ae-65a5-40e5-9d42-50dc3ce2f2bb: GrpcService started, listening on 15148
2023-12-26 17:42:30,807 [44b0d7ae-65a5-40e5-9d42-50dc3ce2f2bb-EndpointStateMachineTaskThread-/0.0.0.0:15091-0 ] INFO  server.GrpcService (GrpcService.java:startImpl(302)) - 44b0d7ae-65a5-40e5-9d42-50dc3ce2f2bb: GrpcService started, listening on 15147
2023-12-26 17:42:30,807 [44b0d7ae-65a5-40e5-9d42-50dc3ce2f2bb-EndpointStateMachineTaskThread-/0.0.0.0:15091-0 ] INFO  ratis.XceiverServerRatis (XceiverServerRatis.java:getRealPort(574)) - XceiverServerRatis 44b0d7ae-65a5-40e5-9d42-50dc3ce2f2bb is started using port 15146 for RATIS
2023-12-26 17:42:30,808 [44b0d7ae-65a5-40e5-9d42-50dc3ce2f2bb-EndpointStateMachineTaskThread-/0.0.0.0:15091-0 ] INFO  ratis.XceiverServerRatis (XceiverServerRatis.java:getRealPort(574)) - XceiverServerRatis 44b0d7ae-65a5-40e5-9d42-50dc3ce2f2bb is started using port 15147 for RATIS_ADMIN
2023-12-26 17:42:30,808 [44b0d7ae-65a5-40e5-9d42-50dc3ce2f2bb-EndpointStateMachineTaskThread-/0.0.0.0:15091-0 ] INFO  ratis.XceiverServerRatis (XceiverServerRatis.java:getRealPort(574)) - XceiverServerRatis 44b0d7ae-65a5-40e5-9d42-50dc3ce2f2bb is started using port 15148 for RATIS_SERVER
2023-12-26 17:42:30,808 [44b0d7ae-65a5-40e5-9d42-50dc3ce2f2bb-EndpointStateMachineTaskThread-/0.0.0.0:15091-0 ] INFO  ratis.XceiverServerRatis (XceiverServerRatis.java:getRealPort(574)) - XceiverServerRatis 44b0d7ae-65a5-40e5-9d42-50dc3ce2f2bb is started using port 15149 for RATIS_DATASTREAM
2023-12-26 17:42:30,807 [JvmPauseMonitor18] INFO  util.JvmPauseMonitor (JvmPauseMonitor.java:run(146)) - JvmPauseMonitor-44b0d7ae-65a5-40e5-9d42-50dc3ce2f2bb: Started
2023-12-26 17:42:30,809 [44b0d7ae-65a5-40e5-9d42-50dc3ce2f2bb-BlockDeletingService#0] INFO  interfaces.ContainerDeletionChoosingPolicyTemplate (ContainerDeletionChoosingPolicyTemplate.java:chooseContainerForBlockDeletion(85)) - Chosen 0/5000 blocks from 0 candidate containers.
2023-12-26 17:42:30,924 [f2ecaa80-14dc-424e-9be2-9314b399fe9c-EndpointStateMachineTaskThread-/0.0.0.0:15091-0 ] INFO  utils.DatanodeStoreCache (DatanodeStoreCache.java:addDB(66)) - Added db /home/runner/work/ozone/ozone/hadoop-ozone/integration-test/target/test-dir/MiniOzoneClusterImpl-c07e4b46-e5c7-4260-9d08-acd32f4d7801/datanode-6/data-0/containers/hdds/c07e4b46-e5c7-4260-9d08-acd32f4d7801/DS-67d5ae01-028b-4487-91bd-09f58a387c7b/container.db to cache
2023-12-26 17:42:30,924 [f2ecaa80-14dc-424e-9be2-9314b399fe9c-EndpointStateMachineTaskThread-/0.0.0.0:15091-0 ] INFO  volume.HddsVolume (HddsVolume.java:createDbStore(422)) - SchemaV3 db is created and loaded at /home/runner/work/ozone/ozone/hadoop-ozone/integration-test/target/test-dir/MiniOzoneClusterImpl-c07e4b46-e5c7-4260-9d08-acd32f4d7801/datanode-6/data-0/containers/hdds/c07e4b46-e5c7-4260-9d08-acd32f4d7801/DS-67d5ae01-028b-4487-91bd-09f58a387c7b/container.db for volume DS-67d5ae01-028b-4487-91bd-09f58a387c7b
2023-12-26 17:42:30,926 [f2ecaa80-14dc-424e-9be2-9314b399fe9c-EndpointStateMachineTaskThread-/0.0.0.0:15091-0 ] INFO  volume.ThrottledAsyncChecker (ThrottledAsyncChecker.java:schedule(141)) - Scheduling a check for /home/runner/work/ozone/ozone/hadoop-ozone/integration-test/target/test-dir/MiniOzoneClusterImpl-c07e4b46-e5c7-4260-9d08-acd32f4d7801/datanode-6/data-0/containers/hdds
2023-12-26 17:42:30,926 [f2ecaa80-14dc-424e-9be2-9314b399fe9c-EndpointStateMachineTaskThread-/0.0.0.0:15091-0 ] INFO  volume.StorageVolumeChecker (StorageVolumeChecker.java:checkAllVolumes(218)) - Scheduled health check for volume /home/runner/work/ozone/ozone/hadoop-ozone/integration-test/target/test-dir/MiniOzoneClusterImpl-c07e4b46-e5c7-4260-9d08-acd32f4d7801/datanode-6/data-0/containers/hdds
2023-12-26 17:42:30,928 [f2ecaa80-14dc-424e-9be2-9314b399fe9c-EndpointStateMachineTaskThread-/0.0.0.0:15091-0 ] INFO  volume.ThrottledAsyncChecker (ThrottledAsyncChecker.java:schedule(141)) - Scheduling a check for /home/runner/work/ozone/ozone/hadoop-ozone/integration-test/target/test-dir/MiniOzoneClusterImpl-c07e4b46-e5c7-4260-9d08-acd32f4d7801/datanode-6/data/ratis
2023-12-26 17:42:30,928 [f2ecaa80-14dc-424e-9be2-9314b399fe9c-EndpointStateMachineTaskThread-/0.0.0.0:15091-0 ] INFO  volume.StorageVolumeChecker (StorageVolumeChecker.java:checkAllVolumes(218)) - Scheduled health check for volume /home/runner/work/ozone/ozone/hadoop-ozone/integration-test/target/test-dir/MiniOzoneClusterImpl-c07e4b46-e5c7-4260-9d08-acd32f4d7801/datanode-6/data/ratis
2023-12-26 17:42:30,929 [f2ecaa80-14dc-424e-9be2-9314b399fe9c-EndpointStateMachineTaskThread-/0.0.0.0:15091-0 ] INFO  ozoneimpl.OzoneContainer (OzoneContainer.java:start(441)) - Attempting to start container services.
2023-12-26 17:42:30,929 [f2ecaa80-14dc-424e-9be2-9314b399fe9c-EndpointStateMachineTaskThread-/0.0.0.0:15091-0 ] INFO  ozoneimpl.OzoneContainer (OzoneContainer.java:startContainerScrub(337)) - Scheduled background container scanners and the on-demand container scanner have been disabled.
2023-12-26 17:42:30,930 [f2ecaa80-14dc-424e-9be2-9314b399fe9c-EndpointStateMachineTaskThread-/0.0.0.0:15091-0 ] INFO  replication.ReplicationServer (ReplicationServer.java:start(139)) - ReplicationServer is started using port 15159
2023-12-26 17:42:30,930 [f2ecaa80-14dc-424e-9be2-9314b399fe9c-EndpointStateMachineTaskThread-/0.0.0.0:15091-0 ] INFO  ratis.XceiverServerRatis (XceiverServerRatis.java:start(548)) - Starting XceiverServerRatis f2ecaa80-14dc-424e-9be2-9314b399fe9c
2023-12-26 17:42:30,930 [f2ecaa80-14dc-424e-9be2-9314b399fe9c-EndpointStateMachineTaskThread-/0.0.0.0:15091-0 ] INFO  server.RaftServer (RaftServerProxy.java:startImpl(406)) - f2ecaa80-14dc-424e-9be2-9314b399fe9c: start RPC server
2023-12-26 17:42:30,931 [f2ecaa80-14dc-424e-9be2-9314b399fe9c-EndpointStateMachineTaskThread-/0.0.0.0:15091-0 ] INFO  server.GrpcService (GrpcService.java:startImpl(302)) - f2ecaa80-14dc-424e-9be2-9314b399fe9c: GrpcService started, listening on 15155
2023-12-26 17:42:30,931 [f2ecaa80-14dc-424e-9be2-9314b399fe9c-EndpointStateMachineTaskThread-/0.0.0.0:15091-0 ] INFO  server.GrpcService (GrpcService.java:startImpl(302)) - f2ecaa80-14dc-424e-9be2-9314b399fe9c: GrpcService started, listening on 15157
2023-12-26 17:42:30,931 [f2ecaa80-14dc-424e-9be2-9314b399fe9c-EndpointStateMachineTaskThread-/0.0.0.0:15091-0 ] INFO  server.GrpcService (GrpcService.java:startImpl(302)) - f2ecaa80-14dc-424e-9be2-9314b399fe9c: GrpcService started, listening on 15156
2023-12-26 17:42:30,931 [f2ecaa80-14dc-424e-9be2-9314b399fe9c-EndpointStateMachineTaskThread-/0.0.0.0:15091-0 ] INFO  ratis.XceiverServerRatis (XceiverServerRatis.java:getRealPort(574)) - XceiverServerRatis f2ecaa80-14dc-424e-9be2-9314b399fe9c is started using port 15155 for RATIS
2023-12-26 17:42:30,931 [f2ecaa80-14dc-424e-9be2-9314b399fe9c-EndpointStateMachineTaskThread-/0.0.0.0:15091-0 ] INFO  ratis.XceiverServerRatis (XceiverServerRatis.java:getRealPort(574)) - XceiverServerRatis f2ecaa80-14dc-424e-9be2-9314b399fe9c is started using port 15156 for RATIS_ADMIN
2023-12-26 17:42:30,931 [f2ecaa80-14dc-424e-9be2-9314b399fe9c-EndpointStateMachineTaskThread-/0.0.0.0:15091-0 ] INFO  ratis.XceiverServerRatis (XceiverServerRatis.java:getRealPort(574)) - XceiverServerRatis f2ecaa80-14dc-424e-9be2-9314b399fe9c is started using port 15157 for RATIS_SERVER
2023-12-26 17:42:30,932 [f2ecaa80-14dc-424e-9be2-9314b399fe9c-EndpointStateMachineTaskThread-/0.0.0.0:15091-0 ] INFO  ratis.XceiverServerRatis (XceiverServerRatis.java:getRealPort(574)) - XceiverServerRatis f2ecaa80-14dc-424e-9be2-9314b399fe9c is started using port 15158 for RATIS_DATASTREAM
2023-12-26 17:42:30,931 [JvmPauseMonitor19] INFO  util.JvmPauseMonitor (JvmPauseMonitor.java:run(146)) - JvmPauseMonitor-f2ecaa80-14dc-424e-9be2-9314b399fe9c: Started
2023-12-26 17:42:30,933 [f2ecaa80-14dc-424e-9be2-9314b399fe9c-BlockDeletingService#0] INFO  interfaces.ContainerDeletionChoosingPolicyTemplate (ContainerDeletionChoosingPolicyTemplate.java:chooseContainerForBlockDeletion(85)) - Chosen 0/5000 blocks from 0 candidate containers.
2023-12-26 17:42:31,029 [39d92bf3-11d2-44f0-9af6-e9080cb8793e-EndpointStateMachineTaskThread-/0.0.0.0:15091-0 ] INFO  utils.DatanodeStoreCache (DatanodeStoreCache.java:addDB(66)) - Added db /home/runner/work/ozone/ozone/hadoop-ozone/integration-test/target/test-dir/MiniOzoneClusterImpl-c07e4b46-e5c7-4260-9d08-acd32f4d7801/datanode-7/data-0/containers/hdds/c07e4b46-e5c7-4260-9d08-acd32f4d7801/DS-d812cdde-57de-4ed4-95f8-a5bf77d78add/container.db to cache
2023-12-26 17:42:31,030 [39d92bf3-11d2-44f0-9af6-e9080cb8793e-EndpointStateMachineTaskThread-/0.0.0.0:15091-0 ] INFO  volume.HddsVolume (HddsVolume.java:createDbStore(422)) - SchemaV3 db is created and loaded at /home/runner/work/ozone/ozone/hadoop-ozone/integration-test/target/test-dir/MiniOzoneClusterImpl-c07e4b46-e5c7-4260-9d08-acd32f4d7801/datanode-7/data-0/containers/hdds/c07e4b46-e5c7-4260-9d08-acd32f4d7801/DS-d812cdde-57de-4ed4-95f8-a5bf77d78add/container.db for volume DS-d812cdde-57de-4ed4-95f8-a5bf77d78add
2023-12-26 17:42:31,032 [39d92bf3-11d2-44f0-9af6-e9080cb8793e-EndpointStateMachineTaskThread-/0.0.0.0:15091-0 ] INFO  volume.ThrottledAsyncChecker (ThrottledAsyncChecker.java:schedule(141)) - Scheduling a check for /home/runner/work/ozone/ozone/hadoop-ozone/integration-test/target/test-dir/MiniOzoneClusterImpl-c07e4b46-e5c7-4260-9d08-acd32f4d7801/datanode-7/data-0/containers/hdds
2023-12-26 17:42:31,032 [39d92bf3-11d2-44f0-9af6-e9080cb8793e-EndpointStateMachineTaskThread-/0.0.0.0:15091-0 ] INFO  volume.StorageVolumeChecker (StorageVolumeChecker.java:checkAllVolumes(218)) - Scheduled health check for volume /home/runner/work/ozone/ozone/hadoop-ozone/integration-test/target/test-dir/MiniOzoneClusterImpl-c07e4b46-e5c7-4260-9d08-acd32f4d7801/datanode-7/data-0/containers/hdds
2023-12-26 17:42:31,034 [39d92bf3-11d2-44f0-9af6-e9080cb8793e-EndpointStateMachineTaskThread-/0.0.0.0:15091-0 ] INFO  volume.ThrottledAsyncChecker (ThrottledAsyncChecker.java:schedule(141)) - Scheduling a check for /home/runner/work/ozone/ozone/hadoop-ozone/integration-test/target/test-dir/MiniOzoneClusterImpl-c07e4b46-e5c7-4260-9d08-acd32f4d7801/datanode-7/data/ratis
2023-12-26 17:42:31,034 [39d92bf3-11d2-44f0-9af6-e9080cb8793e-EndpointStateMachineTaskThread-/0.0.0.0:15091-0 ] INFO  volume.StorageVolumeChecker (StorageVolumeChecker.java:checkAllVolumes(218)) - Scheduled health check for volume /home/runner/work/ozone/ozone/hadoop-ozone/integration-test/target/test-dir/MiniOzoneClusterImpl-c07e4b46-e5c7-4260-9d08-acd32f4d7801/datanode-7/data/ratis
2023-12-26 17:42:31,035 [39d92bf3-11d2-44f0-9af6-e9080cb8793e-EndpointStateMachineTaskThread-/0.0.0.0:15091-0 ] INFO  ozoneimpl.OzoneContainer (OzoneContainer.java:start(441)) - Attempting to start container services.
2023-12-26 17:42:31,035 [39d92bf3-11d2-44f0-9af6-e9080cb8793e-EndpointStateMachineTaskThread-/0.0.0.0:15091-0 ] INFO  ozoneimpl.OzoneContainer (OzoneContainer.java:startContainerScrub(337)) - Scheduled background container scanners and the on-demand container scanner have been disabled.
2023-12-26 17:42:31,035 [39d92bf3-11d2-44f0-9af6-e9080cb8793e-EndpointStateMachineTaskThread-/0.0.0.0:15091-0 ] INFO  replication.ReplicationServer (ReplicationServer.java:start(139)) - ReplicationServer is started using port 15168
2023-12-26 17:42:31,035 [39d92bf3-11d2-44f0-9af6-e9080cb8793e-EndpointStateMachineTaskThread-/0.0.0.0:15091-0 ] INFO  ratis.XceiverServerRatis (XceiverServerRatis.java:start(548)) - Starting XceiverServerRatis 39d92bf3-11d2-44f0-9af6-e9080cb8793e
2023-12-26 17:42:31,036 [39d92bf3-11d2-44f0-9af6-e9080cb8793e-EndpointStateMachineTaskThread-/0.0.0.0:15091-0 ] INFO  server.RaftServer (RaftServerProxy.java:startImpl(406)) - 39d92bf3-11d2-44f0-9af6-e9080cb8793e: start RPC server
2023-12-26 17:42:31,036 [39d92bf3-11d2-44f0-9af6-e9080cb8793e-EndpointStateMachineTaskThread-/0.0.0.0:15091-0 ] INFO  server.GrpcService (GrpcService.java:startImpl(302)) - 39d92bf3-11d2-44f0-9af6-e9080cb8793e: GrpcService started, listening on 15164
2023-12-26 17:42:31,036 [39d92bf3-11d2-44f0-9af6-e9080cb8793e-EndpointStateMachineTaskThread-/0.0.0.0:15091-0 ] INFO  server.GrpcService (GrpcService.java:startImpl(302)) - 39d92bf3-11d2-44f0-9af6-e9080cb8793e: GrpcService started, listening on 15166
2023-12-26 17:42:31,036 [39d92bf3-11d2-44f0-9af6-e9080cb8793e-EndpointStateMachineTaskThread-/0.0.0.0:15091-0 ] INFO  server.GrpcService (GrpcService.java:startImpl(302)) - 39d92bf3-11d2-44f0-9af6-e9080cb8793e: GrpcService started, listening on 15165
2023-12-26 17:42:31,038 [39d92bf3-11d2-44f0-9af6-e9080cb8793e-EndpointStateMachineTaskThread-/0.0.0.0:15091-0 ] INFO  ratis.XceiverServerRatis (XceiverServerRatis.java:getRealPort(574)) - XceiverServerRatis 39d92bf3-11d2-44f0-9af6-e9080cb8793e is started using port 15164 for RATIS
2023-12-26 17:42:31,038 [JvmPauseMonitor20] INFO  util.JvmPauseMonitor (JvmPauseMonitor.java:run(146)) - JvmPauseMonitor-39d92bf3-11d2-44f0-9af6-e9080cb8793e: Started
2023-12-26 17:42:31,038 [39d92bf3-11d2-44f0-9af6-e9080cb8793e-EndpointStateMachineTaskThread-/0.0.0.0:15091-0 ] INFO  ratis.XceiverServerRatis (XceiverServerRatis.java:getRealPort(574)) - XceiverServerRatis 39d92bf3-11d2-44f0-9af6-e9080cb8793e is started using port 15165 for RATIS_ADMIN
2023-12-26 17:42:31,038 [39d92bf3-11d2-44f0-9af6-e9080cb8793e-EndpointStateMachineTaskThread-/0.0.0.0:15091-0 ] INFO  ratis.XceiverServerRatis (XceiverServerRatis.java:getRealPort(574)) - XceiverServerRatis 39d92bf3-11d2-44f0-9af6-e9080cb8793e is started using port 15166 for RATIS_SERVER
2023-12-26 17:42:31,038 [39d92bf3-11d2-44f0-9af6-e9080cb8793e-EndpointStateMachineTaskThread-/0.0.0.0:15091-0 ] INFO  ratis.XceiverServerRatis (XceiverServerRatis.java:getRealPort(574)) - XceiverServerRatis 39d92bf3-11d2-44f0-9af6-e9080cb8793e is started using port 15167 for RATIS_DATASTREAM
2023-12-26 17:42:31,039 [39d92bf3-11d2-44f0-9af6-e9080cb8793e-BlockDeletingService#0] INFO  interfaces.ContainerDeletionChoosingPolicyTemplate (ContainerDeletionChoosingPolicyTemplate.java:chooseContainerForBlockDeletion(85)) - Chosen 0/5000 blocks from 0 candidate containers.
2023-12-26 17:42:31,100 [main] INFO  ozone.MiniOzoneClusterImpl (MiniOzoneClusterImpl.java:lambda$waitForClusterToBeReady$0(230)) - Waiting for nodes to be ready. Got 0 of 9 DN Heartbeats.
2023-12-26 17:42:31,100 [main] INFO  ozone.MiniOzoneClusterImpl (MiniOzoneClusterImpl.java:lambda$waitForClusterToBeReady$0(233)) - Waiting for cluster to exit safe mode
2023-12-26 17:42:31,100 [main] INFO  ozone.MiniOzoneClusterImpl (MiniOzoneClusterImpl.java:lambda$waitForClusterToBeReady$0(235)) - SCM became leader
2023-12-26 17:42:31,130 [dfc36f62-24b2-4a1f-878a-2a4428b6a6a5-EndpointStateMachineTaskThread-/0.0.0.0:15091-0 ] INFO  utils.DatanodeStoreCache (DatanodeStoreCache.java:addDB(66)) - Added db /home/runner/work/ozone/ozone/hadoop-ozone/integration-test/target/test-dir/MiniOzoneClusterImpl-c07e4b46-e5c7-4260-9d08-acd32f4d7801/datanode-8/data-0/containers/hdds/c07e4b46-e5c7-4260-9d08-acd32f4d7801/DS-8009e207-4146-4047-8130-7a3712ab246b/container.db to cache
2023-12-26 17:42:31,130 [dfc36f62-24b2-4a1f-878a-2a4428b6a6a5-EndpointStateMachineTaskThread-/0.0.0.0:15091-0 ] INFO  volume.HddsVolume (HddsVolume.java:createDbStore(422)) - SchemaV3 db is created and loaded at /home/runner/work/ozone/ozone/hadoop-ozone/integration-test/target/test-dir/MiniOzoneClusterImpl-c07e4b46-e5c7-4260-9d08-acd32f4d7801/datanode-8/data-0/containers/hdds/c07e4b46-e5c7-4260-9d08-acd32f4d7801/DS-8009e207-4146-4047-8130-7a3712ab246b/container.db for volume DS-8009e207-4146-4047-8130-7a3712ab246b
2023-12-26 17:42:31,131 [dfc36f62-24b2-4a1f-878a-2a4428b6a6a5-EndpointStateMachineTaskThread-/0.0.0.0:15091-0 ] INFO  volume.ThrottledAsyncChecker (ThrottledAsyncChecker.java:schedule(141)) - Scheduling a check for /home/runner/work/ozone/ozone/hadoop-ozone/integration-test/target/test-dir/MiniOzoneClusterImpl-c07e4b46-e5c7-4260-9d08-acd32f4d7801/datanode-8/data-0/containers/hdds
2023-12-26 17:42:31,132 [dfc36f62-24b2-4a1f-878a-2a4428b6a6a5-EndpointStateMachineTaskThread-/0.0.0.0:15091-0 ] INFO  volume.StorageVolumeChecker (StorageVolumeChecker.java:checkAllVolumes(218)) - Scheduled health check for volume /home/runner/work/ozone/ozone/hadoop-ozone/integration-test/target/test-dir/MiniOzoneClusterImpl-c07e4b46-e5c7-4260-9d08-acd32f4d7801/datanode-8/data-0/containers/hdds
2023-12-26 17:42:31,134 [dfc36f62-24b2-4a1f-878a-2a4428b6a6a5-EndpointStateMachineTaskThread-/0.0.0.0:15091-0 ] INFO  volume.ThrottledAsyncChecker (ThrottledAsyncChecker.java:schedule(141)) - Scheduling a check for /home/runner/work/ozone/ozone/hadoop-ozone/integration-test/target/test-dir/MiniOzoneClusterImpl-c07e4b46-e5c7-4260-9d08-acd32f4d7801/datanode-8/data/ratis
2023-12-26 17:42:31,134 [dfc36f62-24b2-4a1f-878a-2a4428b6a6a5-EndpointStateMachineTaskThread-/0.0.0.0:15091-0 ] INFO  volume.StorageVolumeChecker (StorageVolumeChecker.java:checkAllVolumes(218)) - Scheduled health check for volume /home/runner/work/ozone/ozone/hadoop-ozone/integration-test/target/test-dir/MiniOzoneClusterImpl-c07e4b46-e5c7-4260-9d08-acd32f4d7801/datanode-8/data/ratis
2023-12-26 17:42:31,135 [dfc36f62-24b2-4a1f-878a-2a4428b6a6a5-EndpointStateMachineTaskThread-/0.0.0.0:15091-0 ] INFO  ozoneimpl.OzoneContainer (OzoneContainer.java:start(441)) - Attempting to start container services.
2023-12-26 17:42:31,135 [dfc36f62-24b2-4a1f-878a-2a4428b6a6a5-EndpointStateMachineTaskThread-/0.0.0.0:15091-0 ] INFO  ozoneimpl.OzoneContainer (OzoneContainer.java:startContainerScrub(337)) - Scheduled background container scanners and the on-demand container scanner have been disabled.
2023-12-26 17:42:31,135 [dfc36f62-24b2-4a1f-878a-2a4428b6a6a5-EndpointStateMachineTaskThread-/0.0.0.0:15091-0 ] INFO  replication.ReplicationServer (ReplicationServer.java:start(139)) - ReplicationServer is started using port 15177
2023-12-26 17:42:31,135 [dfc36f62-24b2-4a1f-878a-2a4428b6a6a5-EndpointStateMachineTaskThread-/0.0.0.0:15091-0 ] INFO  ratis.XceiverServerRatis (XceiverServerRatis.java:start(548)) - Starting XceiverServerRatis dfc36f62-24b2-4a1f-878a-2a4428b6a6a5
2023-12-26 17:42:31,136 [dfc36f62-24b2-4a1f-878a-2a4428b6a6a5-EndpointStateMachineTaskThread-/0.0.0.0:15091-0 ] INFO  server.RaftServer (RaftServerProxy.java:startImpl(406)) - dfc36f62-24b2-4a1f-878a-2a4428b6a6a5: start RPC server
2023-12-26 17:42:31,136 [dfc36f62-24b2-4a1f-878a-2a4428b6a6a5-EndpointStateMachineTaskThread-/0.0.0.0:15091-0 ] INFO  server.GrpcService (GrpcService.java:startImpl(302)) - dfc36f62-24b2-4a1f-878a-2a4428b6a6a5: GrpcService started, listening on 15173
2023-12-26 17:42:31,141 [dfc36f62-24b2-4a1f-878a-2a4428b6a6a5-EndpointStateMachineTaskThread-/0.0.0.0:15091-0 ] INFO  server.GrpcService (GrpcService.java:startImpl(302)) - dfc36f62-24b2-4a1f-878a-2a4428b6a6a5: GrpcService started, listening on 15175
2023-12-26 17:42:31,141 [dfc36f62-24b2-4a1f-878a-2a4428b6a6a5-EndpointStateMachineTaskThread-/0.0.0.0:15091-0 ] INFO  server.GrpcService (GrpcService.java:startImpl(302)) - dfc36f62-24b2-4a1f-878a-2a4428b6a6a5: GrpcService started, listening on 15174
2023-12-26 17:42:31,141 [dfc36f62-24b2-4a1f-878a-2a4428b6a6a5-EndpointStateMachineTaskThread-/0.0.0.0:15091-0 ] INFO  ratis.XceiverServerRatis (XceiverServerRatis.java:getRealPort(574)) - XceiverServerRatis dfc36f62-24b2-4a1f-878a-2a4428b6a6a5 is started using port 15173 for RATIS
2023-12-26 17:42:31,142 [dfc36f62-24b2-4a1f-878a-2a4428b6a6a5-EndpointStateMachineTaskThread-/0.0.0.0:15091-0 ] INFO  ratis.XceiverServerRatis (XceiverServerRatis.java:getRealPort(574)) - XceiverServerRatis dfc36f62-24b2-4a1f-878a-2a4428b6a6a5 is started using port 15174 for RATIS_ADMIN
2023-12-26 17:42:31,141 [JvmPauseMonitor21] INFO  util.JvmPauseMonitor (JvmPauseMonitor.java:run(146)) - JvmPauseMonitor-dfc36f62-24b2-4a1f-878a-2a4428b6a6a5: Started
2023-12-26 17:42:31,142 [dfc36f62-24b2-4a1f-878a-2a4428b6a6a5-EndpointStateMachineTaskThread-/0.0.0.0:15091-0 ] INFO  ratis.XceiverServerRatis (XceiverServerRatis.java:getRealPort(574)) - XceiverServerRatis dfc36f62-24b2-4a1f-878a-2a4428b6a6a5 is started using port 15175 for RATIS_SERVER
2023-12-26 17:42:31,142 [dfc36f62-24b2-4a1f-878a-2a4428b6a6a5-EndpointStateMachineTaskThread-/0.0.0.0:15091-0 ] INFO  ratis.XceiverServerRatis (XceiverServerRatis.java:getRealPort(574)) - XceiverServerRatis dfc36f62-24b2-4a1f-878a-2a4428b6a6a5 is started using port 15176 for RATIS_DATASTREAM
2023-12-26 17:42:31,143 [dfc36f62-24b2-4a1f-878a-2a4428b6a6a5-BlockDeletingService#0] INFO  interfaces.ContainerDeletionChoosingPolicyTemplate (ContainerDeletionChoosingPolicyTemplate.java:chooseContainerForBlockDeletion(85)) - Chosen 0/5000 blocks from 0 candidate containers.
2023-12-26 17:42:32,101 [main] INFO  ozone.MiniOzoneClusterImpl (MiniOzoneClusterImpl.java:lambda$waitForClusterToBeReady$0(230)) - Waiting for nodes to be ready. Got 0 of 9 DN Heartbeats.
2023-12-26 17:42:32,101 [main] INFO  ozone.MiniOzoneClusterImpl (MiniOzoneClusterImpl.java:lambda$waitForClusterToBeReady$0(233)) - Waiting for cluster to exit safe mode
2023-12-26 17:42:32,101 [main] INFO  ozone.MiniOzoneClusterImpl (MiniOzoneClusterImpl.java:lambda$waitForClusterToBeReady$0(235)) - SCM became leader
2023-12-26 17:42:32,178 [IPC Server handler 6 on default port 15091] INFO  net.NetworkTopologyImpl (NetworkTopologyImpl.java:add(124)) - Added a new node: /default-rack/3ed52e39-5430-4c2b-aae2-f3d378827451
2023-12-26 17:42:32,179 [IPC Server handler 6 on default port 15091] INFO  node.SCMNodeManager (SCMNodeManager.java:register(417)) - Registered datanode: 3ed52e39-5430-4c2b-aae2-f3d378827451{ip: 10.1.0.4, host: fv-az1381-115, ports: [HTTP=15098, CLIENT_RPC=15099, REPLICATION=15105, RATIS=15101, RATIS_ADMIN=15102, RATIS_SERVER=15103, RATIS_DATASTREAM=15104, STANDALONE=15100], networkLocation: /default-rack, certSerialId: null, persistedOpState: null, persistedOpStateExpiryEpochSec: 0}
2023-12-26 17:42:32,180 [EventQueue-NewNodeForNewNodeHandler] INFO  pipeline.BackgroundPipelineCreator (BackgroundPipelineCreator.java:notifyEventTriggered(280)) - trigger a one-shot run on RatisPipelineUtilsThread.
2023-12-26 17:42:32,181 [EventQueue-NodeRegistrationContainerReportForContainerSafeModeRule] INFO  safemode.SCMSafeModeManager (SCMSafeModeManager.java:validateSafeModeExitRules(200)) - ContainerSafeModeRule rule is successfully validated
2023-12-26 17:42:32,181 [RatisPipelineUtilsThread-0] INFO  pipeline.RatisPipelineProvider (RatisPipelineProvider.java:lambda$create$0(206)) - Sending CreatePipelineCommand for pipeline:PipelineID=1c2066c4-59b9-4ee5-8e89-aa211f038d78 to datanode:3ed52e39-5430-4c2b-aae2-f3d378827451
2023-12-26 17:42:32,182 [RatisPipelineUtilsThread-0] INFO  pipeline.BackgroundPipelineCreator (BackgroundPipelineCreator.java:createPipelines(236)) - Created new pipeline Pipeline[ Id: 1c2066c4-59b9-4ee5-8e89-aa211f038d78, Nodes: 3ed52e39-5430-4c2b-aae2-f3d378827451(fv-az1381-115/10.1.0.4), ReplicationConfig: RATIS/ONE, State:ALLOCATED, leaderId:, CreationTimestamp2023-12-26T17:42:32.181Z[Etc/UTC]]
2023-12-26 17:42:32,189 [EventQueue-PipelineReportForOneReplicaPipelineSafeModeRule] INFO  safemode.SCMSafeModeManager (SCMSafeModeManager.java:validateSafeModeExitRules(200)) - AtleastOneDatanodeReportedRule rule is successfully validated
2023-12-26 17:42:32,189 [EventQueue-NodeRegistrationContainerReportForDataNodeSafeModeRule] INFO  safemode.SCMSafeModeManager (DataNodeSafeModeRule.java:process(71)) - SCM in safe mode. 1 DataNodes registered, 3 required.
2023-12-26 17:42:32,284 [IPC Server handler 7 on default port 15091] INFO  net.NetworkTopologyImpl (NetworkTopologyImpl.java:add(124)) - Added a new node: /default-rack/b6016524-e859-4a78-8386-89e80bc47383
2023-12-26 17:42:32,284 [IPC Server handler 7 on default port 15091] INFO  node.SCMNodeManager (SCMNodeManager.java:register(417)) - Registered datanode: b6016524-e859-4a78-8386-89e80bc47383{ip: 10.1.0.4, host: fv-az1381-115, ports: [HTTP=15107, CLIENT_RPC=15108, REPLICATION=15114, RATIS=15110, RATIS_ADMIN=15111, RATIS_SERVER=15112, RATIS_DATASTREAM=15113, STANDALONE=15109], networkLocation: /default-rack, certSerialId: null, persistedOpState: null, persistedOpStateExpiryEpochSec: 0}
2023-12-26 17:42:32,285 [EventQueue-NodeRegistrationContainerReportForDataNodeSafeModeRule] INFO  safemode.SCMSafeModeManager (DataNodeSafeModeRule.java:process(71)) - SCM in safe mode. 2 DataNodes registered, 3 required.
2023-12-26 17:42:32,285 [EventQueue-NewNodeForNewNodeHandler] INFO  pipeline.BackgroundPipelineCreator (BackgroundPipelineCreator.java:notifyEventTriggered(280)) - trigger a one-shot run on RatisPipelineUtilsThread.
2023-12-26 17:42:32,286 [RatisPipelineUtilsThread-0] INFO  pipeline.RatisPipelineProvider (RatisPipelineProvider.java:lambda$create$0(206)) - Sending CreatePipelineCommand for pipeline:PipelineID=ee858c1a-ea89-4dbf-9901-720d1bbfd706 to datanode:b6016524-e859-4a78-8386-89e80bc47383
2023-12-26 17:42:32,286 [RatisPipelineUtilsThread-0] INFO  pipeline.BackgroundPipelineCreator (BackgroundPipelineCreator.java:createPipelines(236)) - Created new pipeline Pipeline[ Id: ee858c1a-ea89-4dbf-9901-720d1bbfd706, Nodes: b6016524-e859-4a78-8386-89e80bc47383(fv-az1381-115/10.1.0.4), ReplicationConfig: RATIS/ONE, State:ALLOCATED, leaderId:, CreationTimestamp2023-12-26T17:42:32.286Z[Etc/UTC]]
2023-12-26 17:42:32,431 [IPC Server handler 8 on default port 15091] INFO  net.NetworkTopologyImpl (NetworkTopologyImpl.java:add(124)) - Added a new node: /default-rack/c480eabb-3157-49f2-b9f1-63f696d84ae6
2023-12-26 17:42:32,432 [IPC Server handler 8 on default port 15091] INFO  node.SCMNodeManager (SCMNodeManager.java:register(417)) - Registered datanode: c480eabb-3157-49f2-b9f1-63f696d84ae6{ip: 10.1.0.4, host: fv-az1381-115, ports: [HTTP=15116, CLIENT_RPC=15117, REPLICATION=15123, RATIS=15119, RATIS_ADMIN=15120, RATIS_SERVER=15121, RATIS_DATASTREAM=15122, STANDALONE=15118], networkLocation: /default-rack, certSerialId: null, persistedOpState: null, persistedOpStateExpiryEpochSec: 0}
2023-12-26 17:42:32,432 [EventQueue-NewNodeForNewNodeHandler] INFO  pipeline.BackgroundPipelineCreator (BackgroundPipelineCreator.java:notifyEventTriggered(280)) - trigger a one-shot run on RatisPipelineUtilsThread.
2023-12-26 17:42:32,432 [RatisPipelineUtilsThread-0] INFO  pipeline.RatisPipelineProvider (RatisPipelineProvider.java:lambda$create$0(206)) - Sending CreatePipelineCommand for pipeline:PipelineID=685cd672-5f11-4d95-9fa6-044216bd6204 to datanode:c480eabb-3157-49f2-b9f1-63f696d84ae6
2023-12-26 17:42:32,433 [RatisPipelineUtilsThread-0] INFO  pipeline.BackgroundPipelineCreator (BackgroundPipelineCreator.java:createPipelines(236)) - Created new pipeline Pipeline[ Id: 685cd672-5f11-4d95-9fa6-044216bd6204, Nodes: c480eabb-3157-49f2-b9f1-63f696d84ae6(fv-az1381-115/10.1.0.4), ReplicationConfig: RATIS/ONE, State:ALLOCATED, leaderId:, CreationTimestamp2023-12-26T17:42:32.432Z[Etc/UTC]]
2023-12-26 17:42:32,435 [EventQueue-NodeRegistrationContainerReportForDataNodeSafeModeRule] INFO  safemode.SCMSafeModeManager (DataNodeSafeModeRule.java:process(71)) - SCM in safe mode. 3 DataNodes registered, 3 required.
2023-12-26 17:42:32,435 [EventQueue-NodeRegistrationContainerReportForDataNodeSafeModeRule] INFO  safemode.SCMSafeModeManager (SCMSafeModeManager.java:validateSafeModeExitRules(200)) - DataNodeSafeModeRule rule is successfully validated
2023-12-26 17:42:32,435 [EventQueue-NodeRegistrationContainerReportForDataNodeSafeModeRule] INFO  safemode.SCMSafeModeManager (SCMSafeModeManager.java:completePreCheck(229)) - All SCM safe mode pre check rules have passed
2023-12-26 17:42:32,435 [EventQueue-NodeRegistrationContainerReportForDataNodeSafeModeRule] INFO  ha.SCMContext (SCMContext.java:updateSafeModeStatus(230)) - Update SafeModeStatus from SafeModeStatus{safeModeStatus=true, preCheckPassed=false} to SafeModeStatus{safeModeStatus=true, preCheckPassed=true}.
2023-12-26 17:42:32,435 [EventQueue-NodeRegistrationContainerReportForDataNodeSafeModeRule] INFO  pipeline.BackgroundPipelineCreator (BackgroundPipelineCreator.java:notifyEventTriggered(280)) - trigger a one-shot run on RatisPipelineUtilsThread.
2023-12-26 17:42:32,436 [RatisPipelineUtilsThread-0] INFO  pipeline.RatisPipelineProvider (RatisPipelineProvider.java:lambda$create$0(206)) - Sending CreatePipelineCommand for pipeline:PipelineID=9798062d-9fa2-4545-b261-539eb75b9c88 to datanode:c480eabb-3157-49f2-b9f1-63f696d84ae6
2023-12-26 17:42:32,436 [RatisPipelineUtilsThread-0] INFO  pipeline.RatisPipelineProvider (RatisPipelineProvider.java:lambda$create$0(206)) - Sending CreatePipelineCommand for pipeline:PipelineID=9798062d-9fa2-4545-b261-539eb75b9c88 to datanode:3ed52e39-5430-4c2b-aae2-f3d378827451
2023-12-26 17:42:32,436 [RatisPipelineUtilsThread-0] INFO  pipeline.RatisPipelineProvider (RatisPipelineProvider.java:lambda$create$0(206)) - Sending CreatePipelineCommand for pipeline:PipelineID=9798062d-9fa2-4545-b261-539eb75b9c88 to datanode:b6016524-e859-4a78-8386-89e80bc47383
2023-12-26 17:42:32,437 [RatisPipelineUtilsThread-0] INFO  pipeline.BackgroundPipelineCreator (BackgroundPipelineCreator.java:createPipelines(236)) - Created new pipeline Pipeline[ Id: 9798062d-9fa2-4545-b261-539eb75b9c88, Nodes: c480eabb-3157-49f2-b9f1-63f696d84ae6(fv-az1381-115/10.1.0.4)3ed52e39-5430-4c2b-aae2-f3d378827451(fv-az1381-115/10.1.0.4)b6016524-e859-4a78-8386-89e80bc47383(fv-az1381-115/10.1.0.4), ReplicationConfig: RATIS/THREE, State:ALLOCATED, leaderId:, CreationTimestamp2023-12-26T17:42:32.436Z[Etc/UTC]]
2023-12-26 17:42:32,557 [IPC Server handler 0 on default port 15091] INFO  net.NetworkTopologyImpl (NetworkTopologyImpl.java:add(124)) - Added a new node: /default-rack/559a6ab5-825d-4c14-b258-477429313dde
2023-12-26 17:42:32,557 [IPC Server handler 0 on default port 15091] INFO  node.SCMNodeManager (SCMNodeManager.java:register(417)) - Registered datanode: 559a6ab5-825d-4c14-b258-477429313dde{ip: 10.1.0.4, host: fv-az1381-115, ports: [HTTP=15125, CLIENT_RPC=15126, REPLICATION=15132, RATIS=15128, RATIS_ADMIN=15129, RATIS_SERVER=15130, RATIS_DATASTREAM=15131, STANDALONE=15127], networkLocation: /default-rack, certSerialId: null, persistedOpState: null, persistedOpStateExpiryEpochSec: 0}
2023-12-26 17:42:32,558 [EventQueue-NewNodeForNewNodeHandler] INFO  pipeline.BackgroundPipelineCreator (BackgroundPipelineCreator.java:notifyEventTriggered(280)) - trigger a one-shot run on RatisPipelineUtilsThread.
2023-12-26 17:42:32,559 [RatisPipelineUtilsThread-0] INFO  pipeline.RatisPipelineProvider (RatisPipelineProvider.java:lambda$create$0(206)) - Sending CreatePipelineCommand for pipeline:PipelineID=245fa121-e400-4c81-a58a-4c7ff9cdd4d5 to datanode:559a6ab5-825d-4c14-b258-477429313dde
2023-12-26 17:42:32,560 [RatisPipelineUtilsThread-0] INFO  pipeline.BackgroundPipelineCreator (BackgroundPipelineCreator.java:createPipelines(236)) - Created new pipeline Pipeline[ Id: 245fa121-e400-4c81-a58a-4c7ff9cdd4d5, Nodes: 559a6ab5-825d-4c14-b258-477429313dde(fv-az1381-115/10.1.0.4), ReplicationConfig: RATIS/ONE, State:ALLOCATED, leaderId:, CreationTimestamp2023-12-26T17:42:32.559Z[Etc/UTC]]
2023-12-26 17:42:32,670 [IPC Server handler 1 on default port 15091] INFO  net.NetworkTopologyImpl (NetworkTopologyImpl.java:add(124)) - Added a new node: /default-rack/12bf515f-ba3e-42f8-ba13-af4a8bda6fda
2023-12-26 17:42:32,670 [IPC Server handler 1 on default port 15091] INFO  node.SCMNodeManager (SCMNodeManager.java:register(417)) - Registered datanode: 12bf515f-ba3e-42f8-ba13-af4a8bda6fda{ip: 10.1.0.4, host: fv-az1381-115, ports: [HTTP=15134, CLIENT_RPC=15135, REPLICATION=15141, RATIS=15137, RATIS_ADMIN=15138, RATIS_SERVER=15139, RATIS_DATASTREAM=15140, STANDALONE=15136], networkLocation: /default-rack, certSerialId: null, persistedOpState: null, persistedOpStateExpiryEpochSec: 0}
2023-12-26 17:42:32,671 [EventQueue-NewNodeForNewNodeHandler] INFO  pipeline.BackgroundPipelineCreator (BackgroundPipelineCreator.java:notifyEventTriggered(280)) - trigger a one-shot run on RatisPipelineUtilsThread.
2023-12-26 17:42:32,672 [RatisPipelineUtilsThread-0] INFO  pipeline.RatisPipelineProvider (RatisPipelineProvider.java:lambda$create$0(206)) - Sending CreatePipelineCommand for pipeline:PipelineID=7d776e3b-01cd-4dc6-9352-bff39bf067dc to datanode:12bf515f-ba3e-42f8-ba13-af4a8bda6fda
2023-12-26 17:42:32,673 [RatisPipelineUtilsThread-0] INFO  pipeline.BackgroundPipelineCreator (BackgroundPipelineCreator.java:createPipelines(236)) - Created new pipeline Pipeline[ Id: 7d776e3b-01cd-4dc6-9352-bff39bf067dc, Nodes: 12bf515f-ba3e-42f8-ba13-af4a8bda6fda(fv-az1381-115/10.1.0.4), ReplicationConfig: RATIS/ONE, State:ALLOCATED, leaderId:, CreationTimestamp2023-12-26T17:42:32.672Z[Etc/UTC]]
2023-12-26 17:42:32,771 [IPC Server handler 2 on default port 15091] INFO  net.NetworkTopologyImpl (NetworkTopologyImpl.java:add(124)) - Added a new node: /default-rack/44b0d7ae-65a5-40e5-9d42-50dc3ce2f2bb
2023-12-26 17:42:32,771 [IPC Server handler 2 on default port 15091] INFO  node.SCMNodeManager (SCMNodeManager.java:register(417)) - Registered datanode: 44b0d7ae-65a5-40e5-9d42-50dc3ce2f2bb{ip: 10.1.0.4, host: fv-az1381-115, ports: [HTTP=15143, CLIENT_RPC=15144, REPLICATION=15150, RATIS=15146, RATIS_ADMIN=15147, RATIS_SERVER=15148, RATIS_DATASTREAM=15149, STANDALONE=15145], networkLocation: /default-rack, certSerialId: null, persistedOpState: null, persistedOpStateExpiryEpochSec: 0}
2023-12-26 17:42:32,772 [EventQueue-NewNodeForNewNodeHandler] INFO  pipeline.BackgroundPipelineCreator (BackgroundPipelineCreator.java:notifyEventTriggered(280)) - trigger a one-shot run on RatisPipelineUtilsThread.
2023-12-26 17:42:32,773 [RatisPipelineUtilsThread-0] INFO  pipeline.RatisPipelineProvider (RatisPipelineProvider.java:lambda$create$0(206)) - Sending CreatePipelineCommand for pipeline:PipelineID=616b6ec3-ff0f-4bbb-bb24-2e46f1bbfca7 to datanode:44b0d7ae-65a5-40e5-9d42-50dc3ce2f2bb
2023-12-26 17:42:32,774 [RatisPipelineUtilsThread-0] INFO  pipeline.BackgroundPipelineCreator (BackgroundPipelineCreator.java:createPipelines(236)) - Created new pipeline Pipeline[ Id: 616b6ec3-ff0f-4bbb-bb24-2e46f1bbfca7, Nodes: 44b0d7ae-65a5-40e5-9d42-50dc3ce2f2bb(fv-az1381-115/10.1.0.4), ReplicationConfig: RATIS/ONE, State:ALLOCATED, leaderId:, CreationTimestamp2023-12-26T17:42:32.773Z[Etc/UTC]]
2023-12-26 17:42:32,774 [RatisPipelineUtilsThread-0] INFO  pipeline.RatisPipelineProvider (RatisPipelineProvider.java:lambda$create$0(206)) - Sending CreatePipelineCommand for pipeline:PipelineID=bf94fe18-add2-4dcd-b198-7bc91e35481a to datanode:44b0d7ae-65a5-40e5-9d42-50dc3ce2f2bb
2023-12-26 17:42:32,774 [RatisPipelineUtilsThread-0] INFO  pipeline.RatisPipelineProvider (RatisPipelineProvider.java:lambda$create$0(206)) - Sending CreatePipelineCommand for pipeline:PipelineID=bf94fe18-add2-4dcd-b198-7bc91e35481a to datanode:12bf515f-ba3e-42f8-ba13-af4a8bda6fda
2023-12-26 17:42:32,774 [RatisPipelineUtilsThread-0] INFO  pipeline.RatisPipelineProvider (RatisPipelineProvider.java:lambda$create$0(206)) - Sending CreatePipelineCommand for pipeline:PipelineID=bf94fe18-add2-4dcd-b198-7bc91e35481a to datanode:559a6ab5-825d-4c14-b258-477429313dde
2023-12-26 17:42:32,775 [RatisPipelineUtilsThread-0] INFO  pipeline.BackgroundPipelineCreator (BackgroundPipelineCreator.java:createPipelines(236)) - Created new pipeline Pipeline[ Id: bf94fe18-add2-4dcd-b198-7bc91e35481a, Nodes: 44b0d7ae-65a5-40e5-9d42-50dc3ce2f2bb(fv-az1381-115/10.1.0.4)12bf515f-ba3e-42f8-ba13-af4a8bda6fda(fv-az1381-115/10.1.0.4)559a6ab5-825d-4c14-b258-477429313dde(fv-az1381-115/10.1.0.4), ReplicationConfig: RATIS/THREE, State:ALLOCATED, leaderId:, CreationTimestamp2023-12-26T17:42:32.774Z[Etc/UTC]]
2023-12-26 17:42:32,901 [IPC Server handler 3 on default port 15091] INFO  net.NetworkTopologyImpl (NetworkTopologyImpl.java:add(124)) - Added a new node: /default-rack/f2ecaa80-14dc-424e-9be2-9314b399fe9c
2023-12-26 17:42:32,902 [IPC Server handler 3 on default port 15091] INFO  node.SCMNodeManager (SCMNodeManager.java:register(417)) - Registered datanode: f2ecaa80-14dc-424e-9be2-9314b399fe9c{ip: 10.1.0.4, host: fv-az1381-115, ports: [HTTP=15152, CLIENT_RPC=15153, REPLICATION=15159, RATIS=15155, RATIS_ADMIN=15156, RATIS_SERVER=15157, RATIS_DATASTREAM=15158, STANDALONE=15154], networkLocation: /default-rack, certSerialId: null, persistedOpState: null, persistedOpStateExpiryEpochSec: 0}
2023-12-26 17:42:32,902 [EventQueue-NewNodeForNewNodeHandler] INFO  pipeline.BackgroundPipelineCreator (BackgroundPipelineCreator.java:notifyEventTriggered(280)) - trigger a one-shot run on RatisPipelineUtilsThread.
2023-12-26 17:42:32,902 [RatisPipelineUtilsThread-0] INFO  pipeline.RatisPipelineProvider (RatisPipelineProvider.java:lambda$create$0(206)) - Sending CreatePipelineCommand for pipeline:PipelineID=5dded108-765b-4ddc-afa3-847021f19625 to datanode:f2ecaa80-14dc-424e-9be2-9314b399fe9c
2023-12-26 17:42:32,903 [RatisPipelineUtilsThread-0] INFO  pipeline.BackgroundPipelineCreator (BackgroundPipelineCreator.java:createPipelines(236)) - Created new pipeline Pipeline[ Id: 5dded108-765b-4ddc-afa3-847021f19625, Nodes: f2ecaa80-14dc-424e-9be2-9314b399fe9c(fv-az1381-115/10.1.0.4), ReplicationConfig: RATIS/ONE, State:ALLOCATED, leaderId:, CreationTimestamp2023-12-26T17:42:32.902Z[Etc/UTC]]
2023-12-26 17:42:33,003 [IPC Server handler 4 on default port 15091] INFO  net.NetworkTopologyImpl (NetworkTopologyImpl.java:add(124)) - Added a new node: /default-rack/39d92bf3-11d2-44f0-9af6-e9080cb8793e
2023-12-26 17:42:33,003 [IPC Server handler 4 on default port 15091] INFO  node.SCMNodeManager (SCMNodeManager.java:register(417)) - Registered datanode: 39d92bf3-11d2-44f0-9af6-e9080cb8793e{ip: 10.1.0.4, host: fv-az1381-115, ports: [HTTP=15161, CLIENT_RPC=15162, REPLICATION=15168, RATIS=15164, RATIS_ADMIN=15165, RATIS_SERVER=15166, RATIS_DATASTREAM=15167, STANDALONE=15163], networkLocation: /default-rack, certSerialId: null, persistedOpState: null, persistedOpStateExpiryEpochSec: 0}
2023-12-26 17:42:33,003 [EventQueue-NewNodeForNewNodeHandler] INFO  pipeline.BackgroundPipelineCreator (BackgroundPipelineCreator.java:notifyEventTriggered(280)) - trigger a one-shot run on RatisPipelineUtilsThread.
2023-12-26 17:42:33,004 [RatisPipelineUtilsThread-0] INFO  pipeline.RatisPipelineProvider (RatisPipelineProvider.java:lambda$create$0(206)) - Sending CreatePipelineCommand for pipeline:PipelineID=1531227b-5c5b-4114-b1c8-1eecbf8d636f to datanode:39d92bf3-11d2-44f0-9af6-e9080cb8793e
2023-12-26 17:42:33,004 [RatisPipelineUtilsThread-0] INFO  pipeline.BackgroundPipelineCreator (BackgroundPipelineCreator.java:createPipelines(236)) - Created new pipeline Pipeline[ Id: 1531227b-5c5b-4114-b1c8-1eecbf8d636f, Nodes: 39d92bf3-11d2-44f0-9af6-e9080cb8793e(fv-az1381-115/10.1.0.4), ReplicationConfig: RATIS/ONE, State:ALLOCATED, leaderId:, CreationTimestamp2023-12-26T17:42:33.004Z[Etc/UTC]]
2023-12-26 17:42:33,100 [IPC Server handler 5 on default port 15091] INFO  net.NetworkTopologyImpl (NetworkTopologyImpl.java:add(124)) - Added a new node: /default-rack/dfc36f62-24b2-4a1f-878a-2a4428b6a6a5
2023-12-26 17:42:33,100 [IPC Server handler 5 on default port 15091] INFO  node.SCMNodeManager (SCMNodeManager.java:register(417)) - Registered datanode: dfc36f62-24b2-4a1f-878a-2a4428b6a6a5{ip: 10.1.0.4, host: fv-az1381-115, ports: [HTTP=15170, CLIENT_RPC=15171, REPLICATION=15177, RATIS=15173, RATIS_ADMIN=15174, RATIS_SERVER=15175, RATIS_DATASTREAM=15176, STANDALONE=15172], networkLocation: /default-rack, certSerialId: null, persistedOpState: null, persistedOpStateExpiryEpochSec: 0}
2023-12-26 17:42:33,101 [EventQueue-NewNodeForNewNodeHandler] INFO  pipeline.BackgroundPipelineCreator (BackgroundPipelineCreator.java:notifyEventTriggered(280)) - trigger a one-shot run on RatisPipelineUtilsThread.
2023-12-26 17:42:33,101 [RatisPipelineUtilsThread-0] INFO  pipeline.RatisPipelineProvider (RatisPipelineProvider.java:lambda$create$0(206)) - Sending CreatePipelineCommand for pipeline:PipelineID=c8744a47-38d9-4c4a-ad5d-7eecdc04ae22 to datanode:dfc36f62-24b2-4a1f-878a-2a4428b6a6a5
2023-12-26 17:42:33,101 [main] INFO  ozone.MiniOzoneClusterImpl (MiniOzoneClusterImpl.java:lambda$waitForClusterToBeReady$0(230)) - Nodes are ready. Got 9 of 9 DN Heartbeats.
2023-12-26 17:42:33,101 [main] INFO  ozone.MiniOzoneClusterImpl (MiniOzoneClusterImpl.java:lambda$waitForClusterToBeReady$0(233)) - Waiting for cluster to exit safe mode
2023-12-26 17:42:33,102 [main] INFO  ozone.MiniOzoneClusterImpl (MiniOzoneClusterImpl.java:lambda$waitForClusterToBeReady$0(235)) - SCM became leader
2023-12-26 17:42:33,102 [RatisPipelineUtilsThread-0] INFO  pipeline.BackgroundPipelineCreator (BackgroundPipelineCreator.java:createPipelines(236)) - Created new pipeline Pipeline[ Id: c8744a47-38d9-4c4a-ad5d-7eecdc04ae22, Nodes: dfc36f62-24b2-4a1f-878a-2a4428b6a6a5(fv-az1381-115/10.1.0.4), ReplicationConfig: RATIS/ONE, State:ALLOCATED, leaderId:, CreationTimestamp2023-12-26T17:42:33.101Z[Etc/UTC]]
2023-12-26 17:42:33,102 [RatisPipelineUtilsThread-0] INFO  pipeline.RatisPipelineProvider (RatisPipelineProvider.java:lambda$create$0(206)) - Sending CreatePipelineCommand for pipeline:PipelineID=b677c0c9-3ba4-4491-900a-bcf72c73df2f to datanode:39d92bf3-11d2-44f0-9af6-e9080cb8793e
2023-12-26 17:42:33,103 [RatisPipelineUtilsThread-0] INFO  pipeline.RatisPipelineProvider (RatisPipelineProvider.java:lambda$create$0(206)) - Sending CreatePipelineCommand for pipeline:PipelineID=b677c0c9-3ba4-4491-900a-bcf72c73df2f to datanode:f2ecaa80-14dc-424e-9be2-9314b399fe9c
2023-12-26 17:42:33,103 [RatisPipelineUtilsThread-0] INFO  pipeline.RatisPipelineProvider (RatisPipelineProvider.java:lambda$create$0(206)) - Sending CreatePipelineCommand for pipeline:PipelineID=b677c0c9-3ba4-4491-900a-bcf72c73df2f to datanode:dfc36f62-24b2-4a1f-878a-2a4428b6a6a5
2023-12-26 17:42:33,103 [RatisPipelineUtilsThread-0] INFO  pipeline.BackgroundPipelineCreator (BackgroundPipelineCreator.java:createPipelines(236)) - Created new pipeline Pipeline[ Id: b677c0c9-3ba4-4491-900a-bcf72c73df2f, Nodes: 39d92bf3-11d2-44f0-9af6-e9080cb8793e(fv-az1381-115/10.1.0.4)f2ecaa80-14dc-424e-9be2-9314b399fe9c(fv-az1381-115/10.1.0.4)dfc36f62-24b2-4a1f-878a-2a4428b6a6a5(fv-az1381-115/10.1.0.4), ReplicationConfig: RATIS/THREE, State:ALLOCATED, leaderId:, CreationTimestamp2023-12-26T17:42:33.102Z[Etc/UTC]]
2023-12-26 17:42:34,102 [main] INFO  ozone.MiniOzoneClusterImpl (MiniOzoneClusterImpl.java:lambda$waitForClusterToBeReady$0(230)) - Nodes are ready. Got 9 of 9 DN Heartbeats.
2023-12-26 17:42:34,102 [main] INFO  ozone.MiniOzoneClusterImpl (MiniOzoneClusterImpl.java:lambda$waitForClusterToBeReady$0(233)) - Waiting for cluster to exit safe mode
2023-12-26 17:42:34,102 [main] INFO  ozone.MiniOzoneClusterImpl (MiniOzoneClusterImpl.java:lambda$waitForClusterToBeReady$0(235)) - SCM became leader
2023-12-26 17:42:35,103 [main] INFO  ozone.MiniOzoneClusterImpl (MiniOzoneClusterImpl.java:lambda$waitForClusterToBeReady$0(230)) - Nodes are ready. Got 9 of 9 DN Heartbeats.
2023-12-26 17:42:35,103 [main] INFO  ozone.MiniOzoneClusterImpl (MiniOzoneClusterImpl.java:lambda$waitForClusterToBeReady$0(233)) - Waiting for cluster to exit safe mode
2023-12-26 17:42:35,103 [main] INFO  ozone.MiniOzoneClusterImpl (MiniOzoneClusterImpl.java:lambda$waitForClusterToBeReady$0(235)) - SCM became leader
2023-12-26 17:42:35,179 [3ed52e39-5430-4c2b-aae2-f3d378827451-PipelineCommandHandlerThread-0] INFO  server.RaftServer (RaftServerProxy.java:addNew(100)) - 3ed52e39-5430-4c2b-aae2-f3d378827451: addNew group-AA211F038D78:[3ed52e39-5430-4c2b-aae2-f3d378827451|10.1.0.4:15103] returns group-AA211F038D78:java.util.concurrent.CompletableFuture@745a6c25[Not completed]
2023-12-26 17:42:35,180 [3ed52e39-5430-4c2b-aae2-f3d378827451-groupManagement] INFO  server.RaftServer$Division (RaftServerImpl.java:<init>(256)) - 3ed52e39-5430-4c2b-aae2-f3d378827451: new RaftServerImpl for group-AA211F038D78:[3ed52e39-5430-4c2b-aae2-f3d378827451|10.1.0.4:15103] with ContainerStateMachine:uninitialized
2023-12-26 17:42:35,180 [3ed52e39-5430-4c2b-aae2-f3d378827451-groupManagement] INFO  server.RaftServerConfigKeys (ConfUtils.java:logGet(46)) - raft.server.rpc.timeout.min = 5s (custom)
2023-12-26 17:42:35,180 [3ed52e39-5430-4c2b-aae2-f3d378827451-groupManagement] INFO  server.RaftServerConfigKeys (ConfUtils.java:logGet(46)) - raft.server.rpc.timeout.max = 5200ms (custom)
2023-12-26 17:42:35,180 [3ed52e39-5430-4c2b-aae2-f3d378827451-groupManagement] INFO  server.RaftServerConfigKeys (ConfUtils.java:logGet(46)) - raft.server.rpc.sleep.time = 25ms (default)
2023-12-26 17:42:35,180 [3ed52e39-5430-4c2b-aae2-f3d378827451-groupManagement] INFO  server.RaftServerConfigKeys (ConfUtils.java:logGet(46)) - raft.server.rpc.slowness.timeout = 300000ms (custom)
2023-12-26 17:42:35,180 [3ed52e39-5430-4c2b-aae2-f3d378827451-groupManagement] INFO  server.RaftServerConfigKeys (ConfUtils.java:logGet(46)) - raft.server.leaderelection.leader.step-down.wait-time = 10s (default)
2023-12-26 17:42:35,180 [3ed52e39-5430-4c2b-aae2-f3d378827451-groupManagement] INFO  server.RaftServerConfigKeys (ConfUtils.java:logGet(46)) - raft.server.leaderelection.member.majority-add = false (default)
2023-12-26 17:42:35,180 [3ed52e39-5430-4c2b-aae2-f3d378827451-groupManagement] INFO  server.RaftServerConfigKeys (ConfUtils.java:logGet(46)) - raft.server.sleep.deviation.threshold = 300ms (default)
2023-12-26 17:42:35,180 [3ed52e39-5430-4c2b-aae2-f3d378827451-groupManagement] INFO  server.RaftServer$Division (ServerState.java:<init>(113)) - 3ed52e39-5430-4c2b-aae2-f3d378827451@group-AA211F038D78: ConfigurationManager, init=-1: peers:[3ed52e39-5430-4c2b-aae2-f3d378827451|10.1.0.4:15103]|listeners:[], old=null, confs=<EMPTY_MAP>
2023-12-26 17:42:35,180 [3ed52e39-5430-4c2b-aae2-f3d378827451-groupManagement] INFO  server.RaftServerConfigKeys (ConfUtils.java:logGet(46)) - raft.server.notification.no-leader.timeout = 300000ms (custom)
2023-12-26 17:42:35,180 [3ed52e39-5430-4c2b-aae2-f3d378827451-groupManagement] INFO  server.RaftServerConfigKeys (ConfUtils.java:logGet(46)) - raft.server.read.timeout = 10s (default)
2023-12-26 17:42:35,180 [3ed52e39-5430-4c2b-aae2-f3d378827451-groupManagement] INFO  server.RaftServerConfigKeys (ConfUtils.java:logGet(46)) - raft.server.retrycache.expirytime = 600000ms (custom)
2023-12-26 17:42:35,180 [3ed52e39-5430-4c2b-aae2-f3d378827451-groupManagement] INFO  server.RaftServerConfigKeys (ConfUtils.java:logGet(46)) - raft.server.retrycache.statistics.expirytime = 100ms (default)
2023-12-26 17:42:35,181 [3ed52e39-5430-4c2b-aae2-f3d378827451-groupManagement] INFO  server.RaftServerConfigKeys (ConfUtils.java:logGet(46)) - raft.server.read.option = DEFAULT (default)
2023-12-26 17:42:35,181 [3ed52e39-5430-4c2b-aae2-f3d378827451-groupManagement] INFO  server.RaftServerConfigKeys (ConfUtils.java:logGet(46)) - raft.server.read.read-after-write-consistent.write-index-cache.expiry-time = 60s (default)
2023-12-26 17:42:35,183 [3ed52e39-5430-4c2b-aae2-f3d378827451-groupManagement] INFO  server.RaftServerConfigKeys (ConfUtils.java:logGet(46)) - raft.server.rpc.request.timeout = 3000ms (default)
2023-12-26 17:42:35,183 [3ed52e39-5430-4c2b-aae2-f3d378827451-groupManagement] INFO  server.RaftServerConfigKeys (ConfUtils.java:logGet(46)) - raft.server.log.appender.install.snapshot.enabled = false (custom)
2023-12-26 17:42:35,184 [3ed52e39-5430-4c2b-aae2-f3d378827451-groupManagement] INFO  server.RaftServerConfigKeys (ConfUtils.java:logGet(46)) - raft.server.threadpool.server.cached = true (default)
2023-12-26 17:42:35,184 [3ed52e39-5430-4c2b-aae2-f3d378827451-groupManagement] INFO  server.RaftServerConfigKeys (ConfUtils.java:logGet(46)) - raft.server.threadpool.server.size = 0 (default)
2023-12-26 17:42:35,184 [3ed52e39-5430-4c2b-aae2-f3d378827451-groupManagement] INFO  server.RaftServerConfigKeys (ConfUtils.java:logGet(46)) - raft.server.threadpool.client.cached = true (default)
2023-12-26 17:42:35,184 [3ed52e39-5430-4c2b-aae2-f3d378827451-groupManagement] INFO  server.RaftServerConfigKeys (ConfUtils.java:logGet(46)) - raft.server.threadpool.client.size = 0 (default)
2023-12-26 17:42:35,184 [3ed52e39-5430-4c2b-aae2-f3d378827451-groupManagement] INFO  server.RaftServerConfigKeys (ConfUtils.java:logGet(46)) - raft.server.storage.free-space.min = 0MB (=0) (default)
2023-12-26 17:42:35,184 [3ed52e39-5430-4c2b-aae2-f3d378827451-groupManagement] INFO  server.RaftServerConfigKeys (ConfUtils.java:logGet(46)) - raft.server.log.corruption.policy = EXCEPTION (default)
2023-12-26 17:42:35,184 [3ed52e39-5430-4c2b-aae2-f3d378827451-groupManagement] INFO  server.RaftServerConfigKeys (ConfUtils.java:logGet(46)) - raft.server.storage.dir = [/home/runner/work/ozone/ozone/hadoop-ozone/integration-test/target/test-dir/MiniOzoneClusterImpl-c07e4b46-e5c7-4260-9d08-acd32f4d7801/datanode-0/data/ratis] (custom)
2023-12-26 17:42:35,184 [3ed52e39-5430-4c2b-aae2-f3d378827451-groupManagement] INFO  storage.RaftStorageDirectory (RaftStorageDirectoryImpl.java:analyzeStorage(138)) - The storage directory /home/runner/work/ozone/ozone/hadoop-ozone/integration-test/target/test-dir/MiniOzoneClusterImpl-c07e4b46-e5c7-4260-9d08-acd32f4d7801/datanode-0/data/ratis/1c2066c4-59b9-4ee5-8e89-aa211f038d78 does not exist. Creating ...
2023-12-26 17:42:35,186 [3ed52e39-5430-4c2b-aae2-f3d378827451-groupManagement] INFO  storage.RaftStorageDirectory (RaftStorageDirectoryImpl.java:tryLock(232)) - Lock on /home/runner/work/ozone/ozone/hadoop-ozone/integration-test/target/test-dir/MiniOzoneClusterImpl-c07e4b46-e5c7-4260-9d08-acd32f4d7801/datanode-0/data/ratis/1c2066c4-59b9-4ee5-8e89-aa211f038d78/in_use.lock acquired by nodename 85971@fv-az1381-115
2023-12-26 17:42:35,186 [3ed52e39-5430-4c2b-aae2-f3d378827451-groupManagement] INFO  storage.RaftStorage (RaftStorageImpl.java:format(97)) - Storage directory /home/runner/work/ozone/ozone/hadoop-ozone/integration-test/target/test-dir/MiniOzoneClusterImpl-c07e4b46-e5c7-4260-9d08-acd32f4d7801/datanode-0/data/ratis/1c2066c4-59b9-4ee5-8e89-aa211f038d78 has been successfully formatted.
2023-12-26 17:42:35,187 [3ed52e39-5430-4c2b-aae2-f3d378827451-groupManagement] INFO  ratis.ContainerStateMachine (ContainerStateMachine.java:loadSnapshot(287)) - group-AA211F038D78: The snapshot info is null. Setting the last applied indexto:(t:0, i:~)
2023-12-26 17:42:35,187 [3ed52e39-5430-4c2b-aae2-f3d378827451-groupManagement] INFO  server.RaftServerConfigKeys (ConfUtils.java:logGet(46)) - raft.server.log.use.memory = false (default)
2023-12-26 17:42:35,188 [3ed52e39-5430-4c2b-aae2-f3d378827451-groupManagement] INFO  server.RaftServerConfigKeys (ConfUtils.java:logGet(46)) - raft.server.log.purge.gap = 1000000 (custom)
2023-12-26 17:42:35,188 [3ed52e39-5430-4c2b-aae2-f3d378827451-groupManagement] INFO  server.RaftServerConfigKeys (ConfUtils.java:logGet(46)) - raft.server.log.appender.buffer.byte-limit = 8388608 (custom)
2023-12-26 17:42:35,188 [3ed52e39-5430-4c2b-aae2-f3d378827451-groupManagement] INFO  server.RaftServerConfigKeys (ConfUtils.java:logGet(46)) - raft.server.log.statemachine.data.read.timeout = 1000ms (default)
2023-12-26 17:42:35,188 [3ed52e39-5430-4c2b-aae2-f3d378827451-groupManagement] INFO  server.RaftServerConfigKeys (ConfUtils.java:logGet(46)) - raft.server.log.purge.preservation.log.num = 0 (default)
2023-12-26 17:42:35,189 [EventQueue-PipelineReportForPipelineReportHandler] INFO  pipeline.PipelineReportHandler (PipelineReportHandler.java:processPipelineReport(136)) - Opened pipeline PipelineID=1c2066c4-59b9-4ee5-8e89-aa211f038d78
2023-12-26 17:42:35,190 [EventQueue-OpenPipelineForHealthyPipelineSafeModeRule] INFO  safemode.SCMSafeModeManager (HealthyPipelineSafeModeRule.java:process(140)) - SCM in safe mode. Healthy pipelines reported count is 0, required healthy pipeline reported count is 1
2023-12-26 17:42:35,191 [3ed52e39-5430-4c2b-aae2-f3d378827451-groupManagement] INFO  server.RaftServerConfigKeys (ConfUtils.java:logGet(46)) - raft.server.log.segment.size.max = 67108864 (custom)
2023-12-26 17:42:35,191 [3ed52e39-5430-4c2b-aae2-f3d378827451-groupManagement] INFO  server.RaftServerConfigKeys (ConfUtils.java:logGet(46)) - raft.server.log.segment.cache.num.max = 2 (custom)
2023-12-26 17:42:35,191 [3ed52e39-5430-4c2b-aae2-f3d378827451-groupManagement] INFO  server.RaftServerConfigKeys (ConfUtils.java:logGet(46)) - raft.server.log.segment.cache.size.max = 200MB (=209715200) (default)
2023-12-26 17:42:35,191 [3ed52e39-5430-4c2b-aae2-f3d378827451-groupManagement] INFO  server.RaftServerConfigKeys (ConfUtils.java:logGet(46)) - raft.server.log.appender.buffer.byte-limit = 8388608 (custom)
2023-12-26 17:42:35,191 [3ed52e39-5430-4c2b-aae2-f3d378827451-groupManagement] INFO  util.AwaitToRun (AwaitToRun.java:start(81)) - Thread[3ed52e39-5430-4c2b-aae2-f3d378827451@group-AA211F038D78-cacheEviction-AwaitToRun,5,main] started
2023-12-26 17:42:35,191 [3ed52e39-5430-4c2b-aae2-f3d378827451-groupManagement] INFO  segmented.SegmentedRaftLogWorker (SegmentedRaftLogWorker.java:<init>(184)) - new 3ed52e39-5430-4c2b-aae2-f3d378827451@group-AA211F038D78-SegmentedRaftLogWorker for RaftStorageImpl:Storage Directory /home/runner/work/ozone/ozone/hadoop-ozone/integration-test/target/test-dir/MiniOzoneClusterImpl-c07e4b46-e5c7-4260-9d08-acd32f4d7801/datanode-0/data/ratis/1c2066c4-59b9-4ee5-8e89-aa211f038d78
2023-12-26 17:42:35,191 [3ed52e39-5430-4c2b-aae2-f3d378827451-groupManagement] INFO  server.RaftServerConfigKeys (ConfUtils.java:logGet(46)) - raft.server.log.queue.byte-limit = 4294967296 (custom)
2023-12-26 17:42:35,191 [3ed52e39-5430-4c2b-aae2-f3d378827451-groupManagement] INFO  server.RaftServerConfigKeys (ConfUtils.java:logGet(46)) - raft.server.log.queue.element-limit = 1024 (custom)
2023-12-26 17:42:35,192 [3ed52e39-5430-4c2b-aae2-f3d378827451-groupManagement] INFO  server.RaftServerConfigKeys (ConfUtils.java:logGet(46)) - raft.server.log.segment.size.max = 67108864 (custom)
2023-12-26 17:42:35,192 [3ed52e39-5430-4c2b-aae2-f3d378827451-groupManagement] INFO  server.RaftServerConfigKeys (ConfUtils.java:logGet(46)) - raft.server.log.preallocated.size = 4194304 (custom)
2023-12-26 17:42:35,192 [3ed52e39-5430-4c2b-aae2-f3d378827451-groupManagement] INFO  server.RaftServerConfigKeys (ConfUtils.java:logGet(46)) - raft.server.log.force.sync.num = 128 (default)
2023-12-26 17:42:35,192 [3ed52e39-5430-4c2b-aae2-f3d378827451-groupManagement] INFO  server.RaftServerConfigKeys (ConfUtils.java:logGet(46)) - raft.server.log.statemachine.data.sync = true (default)
2023-12-26 17:42:35,192 [3ed52e39-5430-4c2b-aae2-f3d378827451-groupManagement] INFO  server.RaftServerConfigKeys (ConfUtils.java:logGet(46)) - raft.server.log.statemachine.data.sync.timeout = 10s (default)
2023-12-26 17:42:35,192 [3ed52e39-5430-4c2b-aae2-f3d378827451-groupManagement] INFO  server.RaftServerConfigKeys (ConfUtils.java:logGet(46)) - raft.server.log.statemachine.data.sync.timeout.retry = 0 (custom)
2023-12-26 17:42:35,192 [3ed52e39-5430-4c2b-aae2-f3d378827451-groupManagement] INFO  server.RaftServerConfigKeys (ConfUtils.java:logGet(46)) - raft.server.log.write.buffer.size = 8388616 (custom)
2023-12-26 17:42:35,194 [3ed52e39-5430-4c2b-aae2-f3d378827451-groupManagement] INFO  server.RaftServerConfigKeys (ConfUtils.java:logGet(46)) - raft.server.log.appender.buffer.byte-limit = 8388608 (custom)
2023-12-26 17:42:35,194 [3ed52e39-5430-4c2b-aae2-f3d378827451-groupManagement] INFO  server.RaftServerConfigKeys (ConfUtils.java:logGet(46)) - raft.server.log.unsafe-flush.enabled = false (default)
2023-12-26 17:42:35,194 [3ed52e39-5430-4c2b-aae2-f3d378827451-groupManagement] INFO  server.RaftServerConfigKeys (ConfUtils.java:logGet(46)) - raft.server.log.async-flush.enabled = false (default)
2023-12-26 17:42:35,194 [3ed52e39-5430-4c2b-aae2-f3d378827451-groupManagement] INFO  server.RaftServerConfigKeys (ConfUtils.java:logGet(46)) - raft.server.log.statemachine.data.caching.enabled = true (custom)
2023-12-26 17:42:35,194 [3ed52e39-5430-4c2b-aae2-f3d378827451-groupManagement] INFO  segmented.SegmentedRaftLogWorker (SegmentedRaftLogWorker.java:lambda$new$0(135)) - 3ed52e39-5430-4c2b-aae2-f3d378827451@group-AA211F038D78-SegmentedRaftLogWorker: flushIndex: setUnconditionally 0 -> -1
2023-12-26 17:42:35,194 [3ed52e39-5430-4c2b-aae2-f3d378827451-groupManagement] INFO  segmented.SegmentedRaftLogWorker (SegmentedRaftLogWorker.java:lambda$new$0(135)) - 3ed52e39-5430-4c2b-aae2-f3d378827451@group-AA211F038D78-SegmentedRaftLogWorker: safeCacheEvictIndex: setUnconditionally 0 -> -1
2023-12-26 17:42:35,195 [3ed52e39-5430-4c2b-aae2-f3d378827451-groupManagement] INFO  server.RaftServer$Division (RaftServerImpl.java:start(392)) - 3ed52e39-5430-4c2b-aae2-f3d378827451@group-AA211F038D78: start as a follower, conf=-1: peers:[3ed52e39-5430-4c2b-aae2-f3d378827451|10.1.0.4:15103]|listeners:[], old=null
2023-12-26 17:42:35,195 [3ed52e39-5430-4c2b-aae2-f3d378827451-groupManagement] INFO  server.RaftServer$Division (RaftServerImpl.java:setRole(379)) - 3ed52e39-5430-4c2b-aae2-f3d378827451@group-AA211F038D78: changes role from      null to FOLLOWER at term 0 for startAsFollower
2023-12-26 17:42:35,195 [3ed52e39-5430-4c2b-aae2-f3d378827451-groupManagement] INFO  impl.RoleInfo (RoleInfo.java:updateAndGet(139)) - 3ed52e39-5430-4c2b-aae2-f3d378827451: start 3ed52e39-5430-4c2b-aae2-f3d378827451@group-AA211F038D78-FollowerState
2023-12-26 17:42:35,195 [3ed52e39-5430-4c2b-aae2-f3d378827451@group-AA211F038D78-FollowerState] INFO  server.RaftServerConfigKeys (ConfUtils.java:logFallback(53)) - raft.server.rpc.first-election.timeout.min = 5s (fallback to raft.server.rpc.timeout.min)
2023-12-26 17:42:35,195 [3ed52e39-5430-4c2b-aae2-f3d378827451@group-AA211F038D78-FollowerState] INFO  server.RaftServerConfigKeys (ConfUtils.java:logFallback(53)) - raft.server.rpc.first-election.timeout.max = 5200ms (fallback to raft.server.rpc.timeout.max)
2023-12-26 17:42:35,195 [3ed52e39-5430-4c2b-aae2-f3d378827451-groupManagement] INFO  util.JmxRegister (JmxRegister.java:tryRegister(44)) - Successfully registered JMX Bean with object name Ratis:service=RaftServer,group=group-AA211F038D78,id=3ed52e39-5430-4c2b-aae2-f3d378827451
2023-12-26 17:42:35,196 [3ed52e39-5430-4c2b-aae2-f3d378827451-groupManagement] INFO  server.RaftServerConfigKeys (ConfUtils.java:logGet(46)) - raft.server.snapshot.trigger-when-stop.enabled = true (default)
2023-12-26 17:42:35,196 [3ed52e39-5430-4c2b-aae2-f3d378827451-groupManagement] INFO  server.RaftServerConfigKeys (ConfUtils.java:logGet(46)) - raft.server.snapshot.auto.trigger.enabled = true (custom)
2023-12-26 17:42:35,196 [3ed52e39-5430-4c2b-aae2-f3d378827451-groupManagement] INFO  server.RaftServerConfigKeys (ConfUtils.java:logGet(46)) - raft.server.snapshot.auto.trigger.threshold = 10000 (custom)
2023-12-26 17:42:35,196 [3ed52e39-5430-4c2b-aae2-f3d378827451-groupManagement] INFO  server.RaftServerConfigKeys (ConfUtils.java:logGet(46)) - raft.server.snapshot.retention.file.num = 5 (custom)
2023-12-26 17:42:35,196 [3ed52e39-5430-4c2b-aae2-f3d378827451-groupManagement] INFO  server.RaftServerConfigKeys (ConfUtils.java:logGet(46)) - raft.server.log.purge.upto.snapshot.index = false (default)
2023-12-26 17:42:35,196 [3ed52e39-5430-4c2b-aae2-f3d378827451-PipelineCommandHandlerThread-0] INFO  ratis.XceiverServerRatis (XceiverServerRatis.java:addGroup(837)) - Created group PipelineID=1c2066c4-59b9-4ee5-8e89-aa211f038d78
2023-12-26 17:42:35,197 [3ed52e39-5430-4c2b-aae2-f3d378827451-PipelineCommandHandlerThread-0] INFO  commandhandler.CreatePipelineCommandHandler (CreatePipelineCommandHandler.java:lambda$handle$2(124)) - Created Pipeline RATIS ONE PipelineID=1c2066c4-59b9-4ee5-8e89-aa211f038d78.
2023-12-26 17:42:35,197 [3ed52e39-5430-4c2b-aae2-f3d378827451-PipelineCommandHandlerThread-0] INFO  server.RaftServer (RaftServerProxy.java:addNew(100)) - 3ed52e39-5430-4c2b-aae2-f3d378827451: addNew group-539EB75B9C88:[c480eabb-3157-49f2-b9f1-63f696d84ae6|10.1.0.4:15121, b6016524-e859-4a78-8386-89e80bc47383|10.1.0.4:15112, 3ed52e39-5430-4c2b-aae2-f3d378827451|10.1.0.4:15103] returns group-539EB75B9C88:java.util.concurrent.CompletableFuture@7065f676[Not completed]
2023-12-26 17:42:35,198 [3ed52e39-5430-4c2b-aae2-f3d378827451-groupManagement] INFO  server.RaftServer$Division (RaftServerImpl.java:<init>(256)) - 3ed52e39-5430-4c2b-aae2-f3d378827451: new RaftServerImpl for group-539EB75B9C88:[c480eabb-3157-49f2-b9f1-63f696d84ae6|10.1.0.4:15121, b6016524-e859-4a78-8386-89e80bc47383|10.1.0.4:15112, 3ed52e39-5430-4c2b-aae2-f3d378827451|10.1.0.4:15103] with ContainerStateMachine:uninitialized
2023-12-26 17:42:35,198 [3ed52e39-5430-4c2b-aae2-f3d378827451-groupManagement] INFO  server.RaftServerConfigKeys (ConfUtils.java:logGet(46)) - raft.server.rpc.timeout.min = 5s (custom)
2023-12-26 17:42:35,198 [3ed52e39-5430-4c2b-aae2-f3d378827451-groupManagement] INFO  server.RaftServerConfigKeys (ConfUtils.java:logGet(46)) - raft.server.rpc.timeout.max = 5200ms (custom)
2023-12-26 17:42:35,198 [3ed52e39-5430-4c2b-aae2-f3d378827451-groupManagement] INFO  server.RaftServerConfigKeys (ConfUtils.java:logGet(46)) - raft.server.rpc.sleep.time = 25ms (default)
2023-12-26 17:42:35,198 [3ed52e39-5430-4c2b-aae2-f3d378827451-groupManagement] INFO  server.RaftServerConfigKeys (ConfUtils.java:logGet(46)) - raft.server.rpc.slowness.timeout = 300000ms (custom)
2023-12-26 17:42:35,198 [3ed52e39-5430-4c2b-aae2-f3d378827451-groupManagement] INFO  server.RaftServerConfigKeys (ConfUtils.java:logGet(46)) - raft.server.leaderelection.leader.step-down.wait-time = 10s (default)
2023-12-26 17:42:35,198 [3ed52e39-5430-4c2b-aae2-f3d378827451-groupManagement] INFO  server.RaftServerConfigKeys (ConfUtils.java:logGet(46)) - raft.server.leaderelection.member.majority-add = false (default)
2023-12-26 17:42:35,198 [3ed52e39-5430-4c2b-aae2-f3d378827451-groupManagement] INFO  server.RaftServerConfigKeys (ConfUtils.java:logGet(46)) - raft.server.sleep.deviation.threshold = 300ms (default)
2023-12-26 17:42:35,198 [3ed52e39-5430-4c2b-aae2-f3d378827451-groupManagement] INFO  server.RaftServer$Division (ServerState.java:<init>(113)) - 3ed52e39-5430-4c2b-aae2-f3d378827451@group-539EB75B9C88: ConfigurationManager, init=-1: peers:[c480eabb-3157-49f2-b9f1-63f696d84ae6|10.1.0.4:15121, b6016524-e859-4a78-8386-89e80bc47383|10.1.0.4:15112, 3ed52e39-5430-4c2b-aae2-f3d378827451|10.1.0.4:15103]|listeners:[], old=null, confs=<EMPTY_MAP>
2023-12-26 17:42:35,198 [3ed52e39-5430-4c2b-aae2-f3d378827451-groupManagement] INFO  server.RaftServerConfigKeys (ConfUtils.java:logGet(46)) - raft.server.notification.no-leader.timeout = 300000ms (custom)
2023-12-26 17:42:35,198 [3ed52e39-5430-4c2b-aae2-f3d378827451-groupManagement] INFO  server.RaftServerConfigKeys (ConfUtils.java:logGet(46)) - raft.server.read.timeout = 10s (default)
2023-12-26 17:42:35,198 [3ed52e39-5430-4c2b-aae2-f3d378827451-groupManagement] INFO  server.RaftServerConfigKeys (ConfUtils.java:logGet(46)) - raft.server.retrycache.expirytime = 600000ms (custom)
2023-12-26 17:42:35,198 [3ed52e39-5430-4c2b-aae2-f3d378827451-groupManagement] INFO  server.RaftServerConfigKeys (ConfUtils.java:logGet(46)) - raft.server.retrycache.statistics.expirytime = 100ms (default)
2023-12-26 17:42:35,199 [3ed52e39-5430-4c2b-aae2-f3d378827451-groupManagement] INFO  server.RaftServerConfigKeys (ConfUtils.java:logGet(46)) - raft.server.read.option = DEFAULT (default)
2023-12-26 17:42:35,199 [3ed52e39-5430-4c2b-aae2-f3d378827451-groupManagement] INFO  server.RaftServerConfigKeys (ConfUtils.java:logGet(46)) - raft.server.read.read-after-write-consistent.write-index-cache.expiry-time = 60s (default)
2023-12-26 17:42:35,201 [3ed52e39-5430-4c2b-aae2-f3d378827451-groupManagement] INFO  server.RaftServerConfigKeys (ConfUtils.java:logGet(46)) - raft.server.rpc.request.timeout = 3000ms (default)
2023-12-26 17:42:35,201 [3ed52e39-5430-4c2b-aae2-f3d378827451-groupManagement] INFO  server.RaftServerConfigKeys (ConfUtils.java:logGet(46)) - raft.server.log.appender.install.snapshot.enabled = false (custom)
2023-12-26 17:42:35,201 [3ed52e39-5430-4c2b-aae2-f3d378827451-groupManagement] INFO  server.RaftServerConfigKeys (ConfUtils.java:logGet(46)) - raft.server.threadpool.server.cached = true (default)
2023-12-26 17:42:35,201 [3ed52e39-5430-4c2b-aae2-f3d378827451-groupManagement] INFO  server.RaftServerConfigKeys (ConfUtils.java:logGet(46)) - raft.server.threadpool.server.size = 0 (default)
2023-12-26 17:42:35,201 [3ed52e39-5430-4c2b-aae2-f3d378827451-groupManagement] INFO  server.RaftServerConfigKeys (ConfUtils.java:logGet(46)) - raft.server.threadpool.client.cached = true (default)
2023-12-26 17:42:35,201 [3ed52e39-5430-4c2b-aae2-f3d378827451-groupManagement] INFO  server.RaftServerConfigKeys (ConfUtils.java:logGet(46)) - raft.server.threadpool.client.size = 0 (default)
2023-12-26 17:42:35,201 [3ed52e39-5430-4c2b-aae2-f3d378827451-groupManagement] INFO  server.RaftServerConfigKeys (ConfUtils.java:logGet(46)) - raft.server.storage.free-space.min = 0MB (=0) (default)
2023-12-26 17:42:35,201 [3ed52e39-5430-4c2b-aae2-f3d378827451-groupManagement] INFO  server.RaftServerConfigKeys (ConfUtils.java:logGet(46)) - raft.server.log.corruption.policy = EXCEPTION (default)
2023-12-26 17:42:35,201 [3ed52e39-5430-4c2b-aae2-f3d378827451-groupManagement] INFO  server.RaftServerConfigKeys (ConfUtils.java:logGet(46)) - raft.server.storage.dir = [/home/runner/work/ozone/ozone/hadoop-ozone/integration-test/target/test-dir/MiniOzoneClusterImpl-c07e4b46-e5c7-4260-9d08-acd32f4d7801/datanode-0/data/ratis] (custom)
2023-12-26 17:42:35,202 [3ed52e39-5430-4c2b-aae2-f3d378827451-groupManagement] INFO  storage.RaftStorageDirectory (RaftStorageDirectoryImpl.java:analyzeStorage(138)) - The storage directory /home/runner/work/ozone/ozone/hadoop-ozone/integration-test/target/test-dir/MiniOzoneClusterImpl-c07e4b46-e5c7-4260-9d08-acd32f4d7801/datanode-0/data/ratis/9798062d-9fa2-4545-b261-539eb75b9c88 does not exist. Creating ...
2023-12-26 17:42:35,203 [3ed52e39-5430-4c2b-aae2-f3d378827451-groupManagement] INFO  storage.RaftStorageDirectory (RaftStorageDirectoryImpl.java:tryLock(232)) - Lock on /home/runner/work/ozone/ozone/hadoop-ozone/integration-test/target/test-dir/MiniOzoneClusterImpl-c07e4b46-e5c7-4260-9d08-acd32f4d7801/datanode-0/data/ratis/9798062d-9fa2-4545-b261-539eb75b9c88/in_use.lock acquired by nodename 85971@fv-az1381-115
2023-12-26 17:42:35,204 [3ed52e39-5430-4c2b-aae2-f3d378827451-groupManagement] INFO  storage.RaftStorage (RaftStorageImpl.java:format(97)) - Storage directory /home/runner/work/ozone/ozone/hadoop-ozone/integration-test/target/test-dir/MiniOzoneClusterImpl-c07e4b46-e5c7-4260-9d08-acd32f4d7801/datanode-0/data/ratis/9798062d-9fa2-4545-b261-539eb75b9c88 has been successfully formatted.
2023-12-26 17:42:35,204 [3ed52e39-5430-4c2b-aae2-f3d378827451-groupManagement] INFO  ratis.ContainerStateMachine (ContainerStateMachine.java:loadSnapshot(287)) - group-539EB75B9C88: The snapshot info is null. Setting the last applied indexto:(t:0, i:~)
2023-12-26 17:42:35,204 [3ed52e39-5430-4c2b-aae2-f3d378827451-groupManagement] INFO  server.RaftServerConfigKeys (ConfUtils.java:logGet(46)) - raft.server.log.use.memory = false (default)
2023-12-26 17:42:35,205 [3ed52e39-5430-4c2b-aae2-f3d378827451-groupManagement] INFO  server.RaftServerConfigKeys (ConfUtils.java:logGet(46)) - raft.server.log.purge.gap = 1000000 (custom)
2023-12-26 17:42:35,205 [3ed52e39-5430-4c2b-aae2-f3d378827451-groupManagement] INFO  server.RaftServerConfigKeys (ConfUtils.java:logGet(46)) - raft.server.log.appender.buffer.byte-limit = 8388608 (custom)
2023-12-26 17:42:35,205 [3ed52e39-5430-4c2b-aae2-f3d378827451-groupManagement] INFO  server.RaftServerConfigKeys (ConfUtils.java:logGet(46)) - raft.server.log.statemachine.data.read.timeout = 1000ms (default)
2023-12-26 17:42:35,205 [3ed52e39-5430-4c2b-aae2-f3d378827451-groupManagement] INFO  server.RaftServerConfigKeys (ConfUtils.java:logGet(46)) - raft.server.log.purge.preservation.log.num = 0 (default)
2023-12-26 17:42:35,206 [EventQueue-OpenPipelineForHealthyPipelineSafeModeRule] INFO  safemode.SCMSafeModeManager (HealthyPipelineSafeModeRule.java:process(140)) - SCM in safe mode. Healthy pipelines reported count is 0, required healthy pipeline reported count is 1
2023-12-26 17:42:35,206 [3ed52e39-5430-4c2b-aae2-f3d378827451-groupManagement] INFO  server.RaftServerConfigKeys (ConfUtils.java:logGet(46)) - raft.server.log.segment.size.max = 67108864 (custom)
2023-12-26 17:42:35,206 [3ed52e39-5430-4c2b-aae2-f3d378827451-groupManagement] INFO  server.RaftServerConfigKeys (ConfUtils.java:logGet(46)) - raft.server.log.segment.cache.num.max = 2 (custom)
2023-12-26 17:42:35,206 [3ed52e39-5430-4c2b-aae2-f3d378827451-groupManagement] INFO  server.RaftServerConfigKeys (ConfUtils.java:logGet(46)) - raft.server.log.segment.cache.size.max = 200MB (=209715200) (default)
2023-12-26 17:42:35,206 [3ed52e39-5430-4c2b-aae2-f3d378827451-groupManagement] INFO  server.RaftServerConfigKeys (ConfUtils.java:logGet(46)) - raft.server.log.appender.buffer.byte-limit = 8388608 (custom)
2023-12-26 17:42:35,206 [3ed52e39-5430-4c2b-aae2-f3d378827451-groupManagement] INFO  util.AwaitToRun (AwaitToRun.java:start(81)) - Thread[3ed52e39-5430-4c2b-aae2-f3d378827451@group-539EB75B9C88-cacheEviction-AwaitToRun,5,main] started
2023-12-26 17:42:35,206 [3ed52e39-5430-4c2b-aae2-f3d378827451-groupManagement] INFO  segmented.SegmentedRaftLogWorker (SegmentedRaftLogWorker.java:<init>(184)) - new 3ed52e39-5430-4c2b-aae2-f3d378827451@group-539EB75B9C88-SegmentedRaftLogWorker for RaftStorageImpl:Storage Directory /home/runner/work/ozone/ozone/hadoop-ozone/integration-test/target/test-dir/MiniOzoneClusterImpl-c07e4b46-e5c7-4260-9d08-acd32f4d7801/datanode-0/data/ratis/9798062d-9fa2-4545-b261-539eb75b9c88
2023-12-26 17:42:35,206 [3ed52e39-5430-4c2b-aae2-f3d378827451-groupManagement] INFO  server.RaftServerConfigKeys (ConfUtils.java:logGet(46)) - raft.server.log.queue.byte-limit = 4294967296 (custom)
2023-12-26 17:42:35,206 [3ed52e39-5430-4c2b-aae2-f3d378827451-groupManagement] INFO  server.RaftServerConfigKeys (ConfUtils.java:logGet(46)) - raft.server.log.queue.element-limit = 1024 (custom)
2023-12-26 17:42:35,206 [3ed52e39-5430-4c2b-aae2-f3d378827451-groupManagement] INFO  server.RaftServerConfigKeys (ConfUtils.java:logGet(46)) - raft.server.log.segment.size.max = 67108864 (custom)
2023-12-26 17:42:35,206 [3ed52e39-5430-4c2b-aae2-f3d378827451-groupManagement] INFO  server.RaftServerConfigKeys (ConfUtils.java:logGet(46)) - raft.server.log.preallocated.size = 4194304 (custom)
2023-12-26 17:42:35,206 [3ed52e39-5430-4c2b-aae2-f3d378827451-groupManagement] INFO  server.RaftServerConfigKeys (ConfUtils.java:logGet(46)) - raft.server.log.force.sync.num = 128 (default)
2023-12-26 17:42:35,206 [3ed52e39-5430-4c2b-aae2-f3d378827451-groupManagement] INFO  server.RaftServerConfigKeys (ConfUtils.java:logGet(46)) - raft.server.log.statemachine.data.sync = true (default)
2023-12-26 17:42:35,207 [3ed52e39-5430-4c2b-aae2-f3d378827451-groupManagement] INFO  server.RaftServerConfigKeys (ConfUtils.java:logGet(46)) - raft.server.log.statemachine.data.sync.timeout = 10s (default)
2023-12-26 17:42:35,207 [3ed52e39-5430-4c2b-aae2-f3d378827451-groupManagement] INFO  server.RaftServerConfigKeys (ConfUtils.java:logGet(46)) - raft.server.log.statemachine.data.sync.timeout.retry = 0 (custom)
2023-12-26 17:42:35,207 [3ed52e39-5430-4c2b-aae2-f3d378827451-groupManagement] INFO  server.RaftServerConfigKeys (ConfUtils.java:logGet(46)) - raft.server.log.write.buffer.size = 8388616 (custom)
2023-12-26 17:42:35,208 [3ed52e39-5430-4c2b-aae2-f3d378827451-groupManagement] INFO  server.RaftServerConfigKeys (ConfUtils.java:logGet(46)) - raft.server.log.appender.buffer.byte-limit = 8388608 (custom)
2023-12-26 17:42:35,209 [3ed52e39-5430-4c2b-aae2-f3d378827451-groupManagement] INFO  server.RaftServerConfigKeys (ConfUtils.java:logGet(46)) - raft.server.log.unsafe-flush.enabled = false (default)
2023-12-26 17:42:35,209 [3ed52e39-5430-4c2b-aae2-f3d378827451-groupManagement] INFO  server.RaftServerConfigKeys (ConfUtils.java:logGet(46)) - raft.server.log.async-flush.enabled = false (default)
2023-12-26 17:42:35,209 [3ed52e39-5430-4c2b-aae2-f3d378827451-groupManagement] INFO  server.RaftServerConfigKeys (ConfUtils.java:logGet(46)) - raft.server.log.statemachine.data.caching.enabled = true (custom)
2023-12-26 17:42:35,209 [3ed52e39-5430-4c2b-aae2-f3d378827451-groupManagement] INFO  segmented.SegmentedRaftLogWorker (SegmentedRaftLogWorker.java:lambda$new$0(135)) - 3ed52e39-5430-4c2b-aae2-f3d378827451@group-539EB75B9C88-SegmentedRaftLogWorker: flushIndex: setUnconditionally 0 -> -1
2023-12-26 17:42:35,209 [3ed52e39-5430-4c2b-aae2-f3d378827451-groupManagement] INFO  segmented.SegmentedRaftLogWorker (SegmentedRaftLogWorker.java:lambda$new$0(135)) - 3ed52e39-5430-4c2b-aae2-f3d378827451@group-539EB75B9C88-SegmentedRaftLogWorker: safeCacheEvictIndex: setUnconditionally 0 -> -1
2023-12-26 17:42:35,209 [3ed52e39-5430-4c2b-aae2-f3d378827451-groupManagement] INFO  server.RaftServer$Division (RaftServerImpl.java:start(392)) - 3ed52e39-5430-4c2b-aae2-f3d378827451@group-539EB75B9C88: start as a follower, conf=-1: peers:[c480eabb-3157-49f2-b9f1-63f696d84ae6|10.1.0.4:15121, b6016524-e859-4a78-8386-89e80bc47383|10.1.0.4:15112, 3ed52e39-5430-4c2b-aae2-f3d378827451|10.1.0.4:15103]|listeners:[], old=null
2023-12-26 17:42:35,209 [3ed52e39-5430-4c2b-aae2-f3d378827451-groupManagement] INFO  server.RaftServer$Division (RaftServerImpl.java:setRole(379)) - 3ed52e39-5430-4c2b-aae2-f3d378827451@group-539EB75B9C88: changes role from      null to FOLLOWER at term 0 for startAsFollower
2023-12-26 17:42:35,209 [3ed52e39-5430-4c2b-aae2-f3d378827451-groupManagement] INFO  impl.RoleInfo (RoleInfo.java:updateAndGet(139)) - 3ed52e39-5430-4c2b-aae2-f3d378827451: start 3ed52e39-5430-4c2b-aae2-f3d378827451@group-539EB75B9C88-FollowerState
2023-12-26 17:42:35,209 [3ed52e39-5430-4c2b-aae2-f3d378827451@group-539EB75B9C88-FollowerState] INFO  server.RaftServerConfigKeys (ConfUtils.java:logFallback(53)) - raft.server.rpc.first-election.timeout.min = 5s (fallback to raft.server.rpc.timeout.min)
2023-12-26 17:42:35,209 [3ed52e39-5430-4c2b-aae2-f3d378827451-groupManagement] INFO  util.JmxRegister (JmxRegister.java:tryRegister(44)) - Successfully registered JMX Bean with object name Ratis:service=RaftServer,group=group-539EB75B9C88,id=3ed52e39-5430-4c2b-aae2-f3d378827451
2023-12-26 17:42:35,210 [3ed52e39-5430-4c2b-aae2-f3d378827451@group-539EB75B9C88-FollowerState] INFO  server.RaftServerConfigKeys (ConfUtils.java:logFallback(53)) - raft.server.rpc.first-election.timeout.max = 5200ms (fallback to raft.server.rpc.timeout.max)
2023-12-26 17:42:35,210 [3ed52e39-5430-4c2b-aae2-f3d378827451-groupManagement] INFO  server.RaftServerConfigKeys (ConfUtils.java:logGet(46)) - raft.server.snapshot.trigger-when-stop.enabled = true (default)
2023-12-26 17:42:35,210 [3ed52e39-5430-4c2b-aae2-f3d378827451-groupManagement] INFO  server.RaftServerConfigKeys (ConfUtils.java:logGet(46)) - raft.server.snapshot.auto.trigger.enabled = true (custom)
2023-12-26 17:42:35,210 [3ed52e39-5430-4c2b-aae2-f3d378827451-groupManagement] INFO  server.RaftServerConfigKeys (ConfUtils.java:logGet(46)) - raft.server.snapshot.auto.trigger.threshold = 10000 (custom)
2023-12-26 17:42:35,210 [3ed52e39-5430-4c2b-aae2-f3d378827451-groupManagement] INFO  server.RaftServerConfigKeys (ConfUtils.java:logGet(46)) - raft.server.snapshot.retention.file.num = 5 (custom)
2023-12-26 17:42:35,210 [3ed52e39-5430-4c2b-aae2-f3d378827451-groupManagement] INFO  server.RaftServerConfigKeys (ConfUtils.java:logGet(46)) - raft.server.log.purge.upto.snapshot.index = false (default)
2023-12-26 17:42:35,210 [3ed52e39-5430-4c2b-aae2-f3d378827451-PipelineCommandHandlerThread-0] INFO  ratis.XceiverServerRatis (XceiverServerRatis.java:addGroup(837)) - Created group PipelineID=9798062d-9fa2-4545-b261-539eb75b9c88
2023-12-26 17:42:35,222 [grpc-default-executor-0] INFO  server.RaftServer (RaftServerProxy.java:addNew(100)) - c480eabb-3157-49f2-b9f1-63f696d84ae6: addNew group-539EB75B9C88:[c480eabb-3157-49f2-b9f1-63f696d84ae6|10.1.0.4:15121, b6016524-e859-4a78-8386-89e80bc47383|10.1.0.4:15112, 3ed52e39-5430-4c2b-aae2-f3d378827451|10.1.0.4:15103] returns group-539EB75B9C88:java.util.concurrent.CompletableFuture@48c5e811[Not completed]
2023-12-26 17:42:35,223 [c480eabb-3157-49f2-b9f1-63f696d84ae6-groupManagement] INFO  server.RaftServer$Division (RaftServerImpl.java:<init>(256)) - c480eabb-3157-49f2-b9f1-63f696d84ae6: new RaftServerImpl for group-539EB75B9C88:[c480eabb-3157-49f2-b9f1-63f696d84ae6|10.1.0.4:15121, b6016524-e859-4a78-8386-89e80bc47383|10.1.0.4:15112, 3ed52e39-5430-4c2b-aae2-f3d378827451|10.1.0.4:15103] with ContainerStateMachine:uninitialized
2023-12-26 17:42:35,223 [c480eabb-3157-49f2-b9f1-63f696d84ae6-groupManagement] INFO  server.RaftServerConfigKeys (ConfUtils.java:logGet(46)) - raft.server.rpc.timeout.min = 5s (custom)
2023-12-26 17:42:35,223 [c480eabb-3157-49f2-b9f1-63f696d84ae6-groupManagement] INFO  server.RaftServerConfigKeys (ConfUtils.java:logGet(46)) - raft.server.rpc.timeout.max = 5200ms (custom)
2023-12-26 17:42:35,223 [c480eabb-3157-49f2-b9f1-63f696d84ae6-groupManagement] INFO  server.RaftServerConfigKeys (ConfUtils.java:logGet(46)) - raft.server.rpc.sleep.time = 25ms (default)
2023-12-26 17:42:35,223 [c480eabb-3157-49f2-b9f1-63f696d84ae6-groupManagement] INFO  server.RaftServerConfigKeys (ConfUtils.java:logGet(46)) - raft.server.rpc.slowness.timeout = 300000ms (custom)
2023-12-26 17:42:35,223 [c480eabb-3157-49f2-b9f1-63f696d84ae6-groupManagement] INFO  server.RaftServerConfigKeys (ConfUtils.java:logGet(46)) - raft.server.leaderelection.leader.step-down.wait-time = 10s (default)
2023-12-26 17:42:35,223 [c480eabb-3157-49f2-b9f1-63f696d84ae6-groupManagement] INFO  server.RaftServerConfigKeys (ConfUtils.java:logGet(46)) - raft.server.leaderelection.member.majority-add = false (default)
2023-12-26 17:42:35,223 [c480eabb-3157-49f2-b9f1-63f696d84ae6-groupManagement] INFO  server.RaftServerConfigKeys (ConfUtils.java:logGet(46)) - raft.server.sleep.deviation.threshold = 300ms (default)
2023-12-26 17:42:35,223 [c480eabb-3157-49f2-b9f1-63f696d84ae6-groupManagement] INFO  server.RaftServer$Division (ServerState.java:<init>(113)) - c480eabb-3157-49f2-b9f1-63f696d84ae6@group-539EB75B9C88: ConfigurationManager, init=-1: peers:[c480eabb-3157-49f2-b9f1-63f696d84ae6|10.1.0.4:15121, b6016524-e859-4a78-8386-89e80bc47383|10.1.0.4:15112, 3ed52e39-5430-4c2b-aae2-f3d378827451|10.1.0.4:15103]|listeners:[], old=null, confs=<EMPTY_MAP>
2023-12-26 17:42:35,224 [c480eabb-3157-49f2-b9f1-63f696d84ae6-groupManagement] INFO  server.RaftServerConfigKeys (ConfUtils.java:logGet(46)) - raft.server.notification.no-leader.timeout = 300000ms (custom)
2023-12-26 17:42:35,224 [c480eabb-3157-49f2-b9f1-63f696d84ae6-groupManagement] INFO  server.RaftServerConfigKeys (ConfUtils.java:logGet(46)) - raft.server.read.timeout = 10s (default)
2023-12-26 17:42:35,224 [c480eabb-3157-49f2-b9f1-63f696d84ae6-groupManagement] INFO  server.RaftServerConfigKeys (ConfUtils.java:logGet(46)) - raft.server.retrycache.expirytime = 600000ms (custom)
2023-12-26 17:42:35,224 [c480eabb-3157-49f2-b9f1-63f696d84ae6-groupManagement] INFO  server.RaftServerConfigKeys (ConfUtils.java:logGet(46)) - raft.server.retrycache.statistics.expirytime = 100ms (default)
2023-12-26 17:42:35,224 [c480eabb-3157-49f2-b9f1-63f696d84ae6-groupManagement] INFO  server.RaftServerConfigKeys (ConfUtils.java:logGet(46)) - raft.server.read.option = DEFAULT (default)
2023-12-26 17:42:35,224 [c480eabb-3157-49f2-b9f1-63f696d84ae6-groupManagement] INFO  server.RaftServerConfigKeys (ConfUtils.java:logGet(46)) - raft.server.read.read-after-write-consistent.write-index-cache.expiry-time = 60s (default)
2023-12-26 17:42:35,226 [c480eabb-3157-49f2-b9f1-63f696d84ae6-groupManagement] INFO  server.RaftServerConfigKeys (ConfUtils.java:logGet(46)) - raft.server.rpc.request.timeout = 3000ms (default)
2023-12-26 17:42:35,226 [c480eabb-3157-49f2-b9f1-63f696d84ae6-groupManagement] INFO  server.RaftServerConfigKeys (ConfUtils.java:logGet(46)) - raft.server.log.appender.install.snapshot.enabled = false (custom)
2023-12-26 17:42:35,226 [c480eabb-3157-49f2-b9f1-63f696d84ae6-groupManagement] INFO  server.RaftServerConfigKeys (ConfUtils.java:logGet(46)) - raft.server.threadpool.server.cached = true (default)
2023-12-26 17:42:35,226 [c480eabb-3157-49f2-b9f1-63f696d84ae6-groupManagement] INFO  server.RaftServerConfigKeys (ConfUtils.java:logGet(46)) - raft.server.threadpool.server.size = 0 (default)
2023-12-26 17:42:35,226 [c480eabb-3157-49f2-b9f1-63f696d84ae6-groupManagement] INFO  server.RaftServerConfigKeys (ConfUtils.java:logGet(46)) - raft.server.threadpool.client.cached = true (default)
2023-12-26 17:42:35,226 [c480eabb-3157-49f2-b9f1-63f696d84ae6-groupManagement] INFO  server.RaftServerConfigKeys (ConfUtils.java:logGet(46)) - raft.server.threadpool.client.size = 0 (default)
2023-12-26 17:42:35,227 [c480eabb-3157-49f2-b9f1-63f696d84ae6-groupManagement] INFO  server.RaftServerConfigKeys (ConfUtils.java:logGet(46)) - raft.server.storage.free-space.min = 0MB (=0) (default)
2023-12-26 17:42:35,227 [c480eabb-3157-49f2-b9f1-63f696d84ae6-groupManagement] INFO  server.RaftServerConfigKeys (ConfUtils.java:logGet(46)) - raft.server.log.corruption.policy = EXCEPTION (default)
2023-12-26 17:42:35,227 [c480eabb-3157-49f2-b9f1-63f696d84ae6-groupManagement] INFO  server.RaftServerConfigKeys (ConfUtils.java:logGet(46)) - raft.server.storage.dir = [/home/runner/work/ozone/ozone/hadoop-ozone/integration-test/target/test-dir/MiniOzoneClusterImpl-c07e4b46-e5c7-4260-9d08-acd32f4d7801/datanode-2/data/ratis] (custom)
2023-12-26 17:42:35,227 [c480eabb-3157-49f2-b9f1-63f696d84ae6-groupManagement] INFO  storage.RaftStorageDirectory (RaftStorageDirectoryImpl.java:analyzeStorage(138)) - The storage directory /home/runner/work/ozone/ozone/hadoop-ozone/integration-test/target/test-dir/MiniOzoneClusterImpl-c07e4b46-e5c7-4260-9d08-acd32f4d7801/datanode-2/data/ratis/9798062d-9fa2-4545-b261-539eb75b9c88 does not exist. Creating ...
2023-12-26 17:42:35,228 [c480eabb-3157-49f2-b9f1-63f696d84ae6-groupManagement] INFO  storage.RaftStorageDirectory (RaftStorageDirectoryImpl.java:tryLock(232)) - Lock on /home/runner/work/ozone/ozone/hadoop-ozone/integration-test/target/test-dir/MiniOzoneClusterImpl-c07e4b46-e5c7-4260-9d08-acd32f4d7801/datanode-2/data/ratis/9798062d-9fa2-4545-b261-539eb75b9c88/in_use.lock acquired by nodename 85971@fv-az1381-115
2023-12-26 17:42:35,231 [c480eabb-3157-49f2-b9f1-63f696d84ae6-groupManagement] INFO  storage.RaftStorage (RaftStorageImpl.java:format(97)) - Storage directory /home/runner/work/ozone/ozone/hadoop-ozone/integration-test/target/test-dir/MiniOzoneClusterImpl-c07e4b46-e5c7-4260-9d08-acd32f4d7801/datanode-2/data/ratis/9798062d-9fa2-4545-b261-539eb75b9c88 has been successfully formatted.
2023-12-26 17:42:35,233 [c480eabb-3157-49f2-b9f1-63f696d84ae6-groupManagement] INFO  ratis.ContainerStateMachine (ContainerStateMachine.java:loadSnapshot(287)) - group-539EB75B9C88: The snapshot info is null. Setting the last applied indexto:(t:0, i:~)
2023-12-26 17:42:35,233 [c480eabb-3157-49f2-b9f1-63f696d84ae6-groupManagement] INFO  server.RaftServerConfigKeys (ConfUtils.java:logGet(46)) - raft.server.log.use.memory = false (default)
2023-12-26 17:42:35,233 [c480eabb-3157-49f2-b9f1-63f696d84ae6-groupManagement] INFO  server.RaftServerConfigKeys (ConfUtils.java:logGet(46)) - raft.server.log.purge.gap = 1000000 (custom)
2023-12-26 17:42:35,233 [c480eabb-3157-49f2-b9f1-63f696d84ae6-groupManagement] INFO  server.RaftServerConfigKeys (ConfUtils.java:logGet(46)) - raft.server.log.appender.buffer.byte-limit = 8388608 (custom)
2023-12-26 17:42:35,233 [c480eabb-3157-49f2-b9f1-63f696d84ae6-groupManagement] INFO  server.RaftServerConfigKeys (ConfUtils.java:logGet(46)) - raft.server.log.statemachine.data.read.timeout = 1000ms (default)
2023-12-26 17:42:35,233 [c480eabb-3157-49f2-b9f1-63f696d84ae6-groupManagement] INFO  server.RaftServerConfigKeys (ConfUtils.java:logGet(46)) - raft.server.log.purge.preservation.log.num = 0 (default)
2023-12-26 17:42:35,235 [c480eabb-3157-49f2-b9f1-63f696d84ae6-groupManagement] INFO  server.RaftServerConfigKeys (ConfUtils.java:logGet(46)) - raft.server.log.segment.size.max = 67108864 (custom)
2023-12-26 17:42:35,235 [c480eabb-3157-49f2-b9f1-63f696d84ae6-groupManagement] INFO  server.RaftServerConfigKeys (ConfUtils.java:logGet(46)) - raft.server.log.segment.cache.num.max = 2 (custom)
2023-12-26 17:42:35,235 [c480eabb-3157-49f2-b9f1-63f696d84ae6-groupManagement] INFO  server.RaftServerConfigKeys (ConfUtils.java:logGet(46)) - raft.server.log.segment.cache.size.max = 200MB (=209715200) (default)
2023-12-26 17:42:35,235 [c480eabb-3157-49f2-b9f1-63f696d84ae6-groupManagement] INFO  server.RaftServerConfigKeys (ConfUtils.java:logGet(46)) - raft.server.log.appender.buffer.byte-limit = 8388608 (custom)
2023-12-26 17:42:35,235 [c480eabb-3157-49f2-b9f1-63f696d84ae6-groupManagement] INFO  util.AwaitToRun (AwaitToRun.java:start(81)) - Thread[c480eabb-3157-49f2-b9f1-63f696d84ae6@group-539EB75B9C88-cacheEviction-AwaitToRun,5,main] started
2023-12-26 17:42:35,235 [c480eabb-3157-49f2-b9f1-63f696d84ae6-groupManagement] INFO  segmented.SegmentedRaftLogWorker (SegmentedRaftLogWorker.java:<init>(184)) - new c480eabb-3157-49f2-b9f1-63f696d84ae6@group-539EB75B9C88-SegmentedRaftLogWorker for RaftStorageImpl:Storage Directory /home/runner/work/ozone/ozone/hadoop-ozone/integration-test/target/test-dir/MiniOzoneClusterImpl-c07e4b46-e5c7-4260-9d08-acd32f4d7801/datanode-2/data/ratis/9798062d-9fa2-4545-b261-539eb75b9c88
2023-12-26 17:42:35,235 [c480eabb-3157-49f2-b9f1-63f696d84ae6-groupManagement] INFO  server.RaftServerConfigKeys (ConfUtils.java:logGet(46)) - raft.server.log.queue.byte-limit = 4294967296 (custom)
2023-12-26 17:42:35,235 [c480eabb-3157-49f2-b9f1-63f696d84ae6-groupManagement] INFO  server.RaftServerConfigKeys (ConfUtils.java:logGet(46)) - raft.server.log.queue.element-limit = 1024 (custom)
2023-12-26 17:42:35,236 [c480eabb-3157-49f2-b9f1-63f696d84ae6-groupManagement] INFO  server.RaftServerConfigKeys (ConfUtils.java:logGet(46)) - raft.server.log.segment.size.max = 67108864 (custom)
2023-12-26 17:42:35,236 [c480eabb-3157-49f2-b9f1-63f696d84ae6-groupManagement] INFO  server.RaftServerConfigKeys (ConfUtils.java:logGet(46)) - raft.server.log.preallocated.size = 4194304 (custom)
2023-12-26 17:42:35,236 [c480eabb-3157-49f2-b9f1-63f696d84ae6-groupManagement] INFO  server.RaftServerConfigKeys (ConfUtils.java:logGet(46)) - raft.server.log.force.sync.num = 128 (default)
2023-12-26 17:42:35,236 [c480eabb-3157-49f2-b9f1-63f696d84ae6-groupManagement] INFO  server.RaftServerConfigKeys (ConfUtils.java:logGet(46)) - raft.server.log.statemachine.data.sync = true (default)
2023-12-26 17:42:35,236 [c480eabb-3157-49f2-b9f1-63f696d84ae6-groupManagement] INFO  server.RaftServerConfigKeys (ConfUtils.java:logGet(46)) - raft.server.log.statemachine.data.sync.timeout = 10s (default)
2023-12-26 17:42:35,236 [c480eabb-3157-49f2-b9f1-63f696d84ae6-groupManagement] INFO  server.RaftServerConfigKeys (ConfUtils.java:logGet(46)) - raft.server.log.statemachine.data.sync.timeout.retry = 0 (custom)
2023-12-26 17:42:35,236 [c480eabb-3157-49f2-b9f1-63f696d84ae6-groupManagement] INFO  server.RaftServerConfigKeys (ConfUtils.java:logGet(46)) - raft.server.log.write.buffer.size = 8388616 (custom)
2023-12-26 17:42:35,238 [c480eabb-3157-49f2-b9f1-63f696d84ae6-groupManagement] INFO  server.RaftServerConfigKeys (ConfUtils.java:logGet(46)) - raft.server.log.appender.buffer.byte-limit = 8388608 (custom)
2023-12-26 17:42:35,238 [c480eabb-3157-49f2-b9f1-63f696d84ae6-groupManagement] INFO  server.RaftServerConfigKeys (ConfUtils.java:logGet(46)) - raft.server.log.unsafe-flush.enabled = false (default)
2023-12-26 17:42:35,239 [c480eabb-3157-49f2-b9f1-63f696d84ae6-groupManagement] INFO  server.RaftServerConfigKeys (ConfUtils.java:logGet(46)) - raft.server.log.async-flush.enabled = false (default)
2023-12-26 17:42:35,239 [c480eabb-3157-49f2-b9f1-63f696d84ae6-groupManagement] INFO  server.RaftServerConfigKeys (ConfUtils.java:logGet(46)) - raft.server.log.statemachine.data.caching.enabled = true (custom)
2023-12-26 17:42:35,239 [c480eabb-3157-49f2-b9f1-63f696d84ae6-groupManagement] INFO  segmented.SegmentedRaftLogWorker (SegmentedRaftLogWorker.java:lambda$new$0(135)) - c480eabb-3157-49f2-b9f1-63f696d84ae6@group-539EB75B9C88-SegmentedRaftLogWorker: flushIndex: setUnconditionally 0 -> -1
2023-12-26 17:42:35,239 [c480eabb-3157-49f2-b9f1-63f696d84ae6-groupManagement] INFO  segmented.SegmentedRaftLogWorker (SegmentedRaftLogWorker.java:lambda$new$0(135)) - c480eabb-3157-49f2-b9f1-63f696d84ae6@group-539EB75B9C88-SegmentedRaftLogWorker: safeCacheEvictIndex: setUnconditionally 0 -> -1
2023-12-26 17:42:35,239 [c480eabb-3157-49f2-b9f1-63f696d84ae6-groupManagement] INFO  server.RaftServer$Division (RaftServerImpl.java:start(392)) - c480eabb-3157-49f2-b9f1-63f696d84ae6@group-539EB75B9C88: start as a follower, conf=-1: peers:[c480eabb-3157-49f2-b9f1-63f696d84ae6|10.1.0.4:15121, b6016524-e859-4a78-8386-89e80bc47383|10.1.0.4:15112, 3ed52e39-5430-4c2b-aae2-f3d378827451|10.1.0.4:15103]|listeners:[], old=null
2023-12-26 17:42:35,239 [c480eabb-3157-49f2-b9f1-63f696d84ae6-groupManagement] INFO  server.RaftServer$Division (RaftServerImpl.java:setRole(379)) - c480eabb-3157-49f2-b9f1-63f696d84ae6@group-539EB75B9C88: changes role from      null to FOLLOWER at term 0 for startAsFollower
2023-12-26 17:42:35,239 [c480eabb-3157-49f2-b9f1-63f696d84ae6-groupManagement] INFO  impl.RoleInfo (RoleInfo.java:updateAndGet(139)) - c480eabb-3157-49f2-b9f1-63f696d84ae6: start c480eabb-3157-49f2-b9f1-63f696d84ae6@group-539EB75B9C88-FollowerState
2023-12-26 17:42:35,239 [c480eabb-3157-49f2-b9f1-63f696d84ae6@group-539EB75B9C88-FollowerState] INFO  server.RaftServerConfigKeys (ConfUtils.java:logFallback(53)) - raft.server.rpc.first-election.timeout.min = 5s (fallback to raft.server.rpc.timeout.min)
2023-12-26 17:42:35,239 [c480eabb-3157-49f2-b9f1-63f696d84ae6-groupManagement] INFO  util.JmxRegister (JmxRegister.java:tryRegister(44)) - Successfully registered JMX Bean with object name Ratis:service=RaftServer,group=group-539EB75B9C88,id=c480eabb-3157-49f2-b9f1-63f696d84ae6
2023-12-26 17:42:35,239 [c480eabb-3157-49f2-b9f1-63f696d84ae6@group-539EB75B9C88-FollowerState] INFO  server.RaftServerConfigKeys (ConfUtils.java:logFallback(53)) - raft.server.rpc.first-election.timeout.max = 5200ms (fallback to raft.server.rpc.timeout.max)
2023-12-26 17:42:35,240 [c480eabb-3157-49f2-b9f1-63f696d84ae6-groupManagement] INFO  server.RaftServerConfigKeys (ConfUtils.java:logGet(46)) - raft.server.snapshot.trigger-when-stop.enabled = true (default)
2023-12-26 17:42:35,240 [c480eabb-3157-49f2-b9f1-63f696d84ae6-groupManagement] INFO  server.RaftServerConfigKeys (ConfUtils.java:logGet(46)) - raft.server.snapshot.auto.trigger.enabled = true (custom)
2023-12-26 17:42:35,240 [c480eabb-3157-49f2-b9f1-63f696d84ae6-groupManagement] INFO  server.RaftServerConfigKeys (ConfUtils.java:logGet(46)) - raft.server.snapshot.auto.trigger.threshold = 10000 (custom)
2023-12-26 17:42:35,240 [c480eabb-3157-49f2-b9f1-63f696d84ae6-groupManagement] INFO  server.RaftServerConfigKeys (ConfUtils.java:logGet(46)) - raft.server.snapshot.retention.file.num = 5 (custom)
2023-12-26 17:42:35,240 [c480eabb-3157-49f2-b9f1-63f696d84ae6-groupManagement] INFO  server.RaftServerConfigKeys (ConfUtils.java:logGet(46)) - raft.server.log.purge.upto.snapshot.index = false (default)
2023-12-26 17:42:35,252 [grpc-default-executor-0] INFO  server.RaftServer (RaftServerProxy.java:addNew(100)) - b6016524-e859-4a78-8386-89e80bc47383: addNew group-539EB75B9C88:[c480eabb-3157-49f2-b9f1-63f696d84ae6|10.1.0.4:15121, b6016524-e859-4a78-8386-89e80bc47383|10.1.0.4:15112, 3ed52e39-5430-4c2b-aae2-f3d378827451|10.1.0.4:15103] returns group-539EB75B9C88:java.util.concurrent.CompletableFuture@4ed2dd12[Not completed]
2023-12-26 17:42:35,253 [b6016524-e859-4a78-8386-89e80bc47383-groupManagement] INFO  server.RaftServer$Division (RaftServerImpl.java:<init>(256)) - b6016524-e859-4a78-8386-89e80bc47383: new RaftServerImpl for group-539EB75B9C88:[c480eabb-3157-49f2-b9f1-63f696d84ae6|10.1.0.4:15121, b6016524-e859-4a78-8386-89e80bc47383|10.1.0.4:15112, 3ed52e39-5430-4c2b-aae2-f3d378827451|10.1.0.4:15103] with ContainerStateMachine:uninitialized
2023-12-26 17:42:35,253 [b6016524-e859-4a78-8386-89e80bc47383-groupManagement] INFO  server.RaftServerConfigKeys (ConfUtils.java:logGet(46)) - raft.server.rpc.timeout.min = 5s (custom)
2023-12-26 17:42:35,253 [b6016524-e859-4a78-8386-89e80bc47383-groupManagement] INFO  server.RaftServerConfigKeys (ConfUtils.java:logGet(46)) - raft.server.rpc.timeout.max = 5200ms (custom)
2023-12-26 17:42:35,253 [b6016524-e859-4a78-8386-89e80bc47383-groupManagement] INFO  server.RaftServerConfigKeys (ConfUtils.java:logGet(46)) - raft.server.rpc.sleep.time = 25ms (default)
2023-12-26 17:42:35,253 [b6016524-e859-4a78-8386-89e80bc47383-groupManagement] INFO  server.RaftServerConfigKeys (ConfUtils.java:logGet(46)) - raft.server.rpc.slowness.timeout = 300000ms (custom)
2023-12-26 17:42:35,253 [b6016524-e859-4a78-8386-89e80bc47383-groupManagement] INFO  server.RaftServerConfigKeys (ConfUtils.java:logGet(46)) - raft.server.leaderelection.leader.step-down.wait-time = 10s (default)
2023-12-26 17:42:35,253 [b6016524-e859-4a78-8386-89e80bc47383-groupManagement] INFO  server.RaftServerConfigKeys (ConfUtils.java:logGet(46)) - raft.server.leaderelection.member.majority-add = false (default)
2023-12-26 17:42:35,253 [b6016524-e859-4a78-8386-89e80bc47383-groupManagement] INFO  server.RaftServerConfigKeys (ConfUtils.java:logGet(46)) - raft.server.sleep.deviation.threshold = 300ms (default)
2023-12-26 17:42:35,253 [b6016524-e859-4a78-8386-89e80bc47383-groupManagement] INFO  server.RaftServer$Division (ServerState.java:<init>(113)) - b6016524-e859-4a78-8386-89e80bc47383@group-539EB75B9C88: ConfigurationManager, init=-1: peers:[c480eabb-3157-49f2-b9f1-63f696d84ae6|10.1.0.4:15121, b6016524-e859-4a78-8386-89e80bc47383|10.1.0.4:15112, 3ed52e39-5430-4c2b-aae2-f3d378827451|10.1.0.4:15103]|listeners:[], old=null, confs=<EMPTY_MAP>
2023-12-26 17:42:35,253 [b6016524-e859-4a78-8386-89e80bc47383-groupManagement] INFO  server.RaftServerConfigKeys (ConfUtils.java:logGet(46)) - raft.server.notification.no-leader.timeout = 300000ms (custom)
2023-12-26 17:42:35,253 [b6016524-e859-4a78-8386-89e80bc47383-groupManagement] INFO  server.RaftServerConfigKeys (ConfUtils.java:logGet(46)) - raft.server.read.timeout = 10s (default)
2023-12-26 17:42:35,253 [b6016524-e859-4a78-8386-89e80bc47383-groupManagement] INFO  server.RaftServerConfigKeys (ConfUtils.java:logGet(46)) - raft.server.retrycache.expirytime = 600000ms (custom)
2023-12-26 17:42:35,253 [b6016524-e859-4a78-8386-89e80bc47383-groupManagement] INFO  server.RaftServerConfigKeys (ConfUtils.java:logGet(46)) - raft.server.retrycache.statistics.expirytime = 100ms (default)
2023-12-26 17:42:35,253 [b6016524-e859-4a78-8386-89e80bc47383-groupManagement] INFO  server.RaftServerConfigKeys (ConfUtils.java:logGet(46)) - raft.server.read.option = DEFAULT (default)
2023-12-26 17:42:35,254 [b6016524-e859-4a78-8386-89e80bc47383-groupManagement] INFO  server.RaftServerConfigKeys (ConfUtils.java:logGet(46)) - raft.server.read.read-after-write-consistent.write-index-cache.expiry-time = 60s (default)
2023-12-26 17:42:35,255 [b6016524-e859-4a78-8386-89e80bc47383-groupManagement] INFO  server.RaftServerConfigKeys (ConfUtils.java:logGet(46)) - raft.server.rpc.request.timeout = 3000ms (default)
2023-12-26 17:42:35,255 [b6016524-e859-4a78-8386-89e80bc47383-groupManagement] INFO  server.RaftServerConfigKeys (ConfUtils.java:logGet(46)) - raft.server.log.appender.install.snapshot.enabled = false (custom)
2023-12-26 17:42:35,255 [b6016524-e859-4a78-8386-89e80bc47383-groupManagement] INFO  server.RaftServerConfigKeys (ConfUtils.java:logGet(46)) - raft.server.threadpool.server.cached = true (default)
2023-12-26 17:42:35,256 [b6016524-e859-4a78-8386-89e80bc47383-groupManagement] INFO  server.RaftServerConfigKeys (ConfUtils.java:logGet(46)) - raft.server.threadpool.server.size = 0 (default)
2023-12-26 17:42:35,256 [b6016524-e859-4a78-8386-89e80bc47383-groupManagement] INFO  server.RaftServerConfigKeys (ConfUtils.java:logGet(46)) - raft.server.threadpool.client.cached = true (default)
2023-12-26 17:42:35,256 [b6016524-e859-4a78-8386-89e80bc47383-groupManagement] INFO  server.RaftServerConfigKeys (ConfUtils.java:logGet(46)) - raft.server.threadpool.client.size = 0 (default)
2023-12-26 17:42:35,256 [b6016524-e859-4a78-8386-89e80bc47383-groupManagement] INFO  server.RaftServerConfigKeys (ConfUtils.java:logGet(46)) - raft.server.storage.free-space.min = 0MB (=0) (default)
2023-12-26 17:42:35,256 [b6016524-e859-4a78-8386-89e80bc47383-groupManagement] INFO  server.RaftServerConfigKeys (ConfUtils.java:logGet(46)) - raft.server.log.corruption.policy = EXCEPTION (default)
2023-12-26 17:42:35,256 [b6016524-e859-4a78-8386-89e80bc47383-groupManagement] INFO  server.RaftServerConfigKeys (ConfUtils.java:logGet(46)) - raft.server.storage.dir = [/home/runner/work/ozone/ozone/hadoop-ozone/integration-test/target/test-dir/MiniOzoneClusterImpl-c07e4b46-e5c7-4260-9d08-acd32f4d7801/datanode-1/data/ratis] (custom)
2023-12-26 17:42:35,256 [b6016524-e859-4a78-8386-89e80bc47383-groupManagement] INFO  storage.RaftStorageDirectory (RaftStorageDirectoryImpl.java:analyzeStorage(138)) - The storage directory /home/runner/work/ozone/ozone/hadoop-ozone/integration-test/target/test-dir/MiniOzoneClusterImpl-c07e4b46-e5c7-4260-9d08-acd32f4d7801/datanode-1/data/ratis/9798062d-9fa2-4545-b261-539eb75b9c88 does not exist. Creating ...
2023-12-26 17:42:35,257 [b6016524-e859-4a78-8386-89e80bc47383-groupManagement] INFO  storage.RaftStorageDirectory (RaftStorageDirectoryImpl.java:tryLock(232)) - Lock on /home/runner/work/ozone/ozone/hadoop-ozone/integration-test/target/test-dir/MiniOzoneClusterImpl-c07e4b46-e5c7-4260-9d08-acd32f4d7801/datanode-1/data/ratis/9798062d-9fa2-4545-b261-539eb75b9c88/in_use.lock acquired by nodename 85971@fv-az1381-115
2023-12-26 17:42:35,258 [b6016524-e859-4a78-8386-89e80bc47383-groupManagement] INFO  storage.RaftStorage (RaftStorageImpl.java:format(97)) - Storage directory /home/runner/work/ozone/ozone/hadoop-ozone/integration-test/target/test-dir/MiniOzoneClusterImpl-c07e4b46-e5c7-4260-9d08-acd32f4d7801/datanode-1/data/ratis/9798062d-9fa2-4545-b261-539eb75b9c88 has been successfully formatted.
2023-12-26 17:42:35,259 [b6016524-e859-4a78-8386-89e80bc47383-groupManagement] INFO  ratis.ContainerStateMachine (ContainerStateMachine.java:loadSnapshot(287)) - group-539EB75B9C88: The snapshot info is null. Setting the last applied indexto:(t:0, i:~)
2023-12-26 17:42:35,259 [b6016524-e859-4a78-8386-89e80bc47383-groupManagement] INFO  server.RaftServerConfigKeys (ConfUtils.java:logGet(46)) - raft.server.log.use.memory = false (default)
2023-12-26 17:42:35,259 [b6016524-e859-4a78-8386-89e80bc47383-groupManagement] INFO  server.RaftServerConfigKeys (ConfUtils.java:logGet(46)) - raft.server.log.purge.gap = 1000000 (custom)
2023-12-26 17:42:35,259 [b6016524-e859-4a78-8386-89e80bc47383-groupManagement] INFO  server.RaftServerConfigKeys (ConfUtils.java:logGet(46)) - raft.server.log.appender.buffer.byte-limit = 8388608 (custom)
2023-12-26 17:42:35,259 [b6016524-e859-4a78-8386-89e80bc47383-groupManagement] INFO  server.RaftServerConfigKeys (ConfUtils.java:logGet(46)) - raft.server.log.statemachine.data.read.timeout = 1000ms (default)
2023-12-26 17:42:35,259 [b6016524-e859-4a78-8386-89e80bc47383-groupManagement] INFO  server.RaftServerConfigKeys (ConfUtils.java:logGet(46)) - raft.server.log.purge.preservation.log.num = 0 (default)
2023-12-26 17:42:35,261 [b6016524-e859-4a78-8386-89e80bc47383-groupManagement] INFO  server.RaftServerConfigKeys (ConfUtils.java:logGet(46)) - raft.server.log.segment.size.max = 67108864 (custom)
2023-12-26 17:42:35,261 [b6016524-e859-4a78-8386-89e80bc47383-groupManagement] INFO  server.RaftServerConfigKeys (ConfUtils.java:logGet(46)) - raft.server.log.segment.cache.num.max = 2 (custom)
2023-12-26 17:42:35,261 [b6016524-e859-4a78-8386-89e80bc47383-groupManagement] INFO  server.RaftServerConfigKeys (ConfUtils.java:logGet(46)) - raft.server.log.segment.cache.size.max = 200MB (=209715200) (default)
2023-12-26 17:42:35,261 [b6016524-e859-4a78-8386-89e80bc47383-groupManagement] INFO  server.RaftServerConfigKeys (ConfUtils.java:logGet(46)) - raft.server.log.appender.buffer.byte-limit = 8388608 (custom)
2023-12-26 17:42:35,261 [b6016524-e859-4a78-8386-89e80bc47383-groupManagement] INFO  util.AwaitToRun (AwaitToRun.java:start(81)) - Thread[b6016524-e859-4a78-8386-89e80bc47383@group-539EB75B9C88-cacheEviction-AwaitToRun,5,main] started
2023-12-26 17:42:35,261 [b6016524-e859-4a78-8386-89e80bc47383-groupManagement] INFO  segmented.SegmentedRaftLogWorker (SegmentedRaftLogWorker.java:<init>(184)) - new b6016524-e859-4a78-8386-89e80bc47383@group-539EB75B9C88-SegmentedRaftLogWorker for RaftStorageImpl:Storage Directory /home/runner/work/ozone/ozone/hadoop-ozone/integration-test/target/test-dir/MiniOzoneClusterImpl-c07e4b46-e5c7-4260-9d08-acd32f4d7801/datanode-1/data/ratis/9798062d-9fa2-4545-b261-539eb75b9c88
2023-12-26 17:42:35,261 [b6016524-e859-4a78-8386-89e80bc47383-groupManagement] INFO  server.RaftServerConfigKeys (ConfUtils.java:logGet(46)) - raft.server.log.queue.byte-limit = 4294967296 (custom)
2023-12-26 17:42:35,261 [b6016524-e859-4a78-8386-89e80bc47383-groupManagement] INFO  server.RaftServerConfigKeys (ConfUtils.java:logGet(46)) - raft.server.log.queue.element-limit = 1024 (custom)
2023-12-26 17:42:35,261 [b6016524-e859-4a78-8386-89e80bc47383-groupManagement] INFO  server.RaftServerConfigKeys (ConfUtils.java:logGet(46)) - raft.server.log.segment.size.max = 67108864 (custom)
2023-12-26 17:42:35,261 [b6016524-e859-4a78-8386-89e80bc47383-groupManagement] INFO  server.RaftServerConfigKeys (ConfUtils.java:logGet(46)) - raft.server.log.preallocated.size = 4194304 (custom)
2023-12-26 17:42:35,262 [b6016524-e859-4a78-8386-89e80bc47383-groupManagement] INFO  server.RaftServerConfigKeys (ConfUtils.java:logGet(46)) - raft.server.log.force.sync.num = 128 (default)
2023-12-26 17:42:35,262 [b6016524-e859-4a78-8386-89e80bc47383-groupManagement] INFO  server.RaftServerConfigKeys (ConfUtils.java:logGet(46)) - raft.server.log.statemachine.data.sync = true (default)
2023-12-26 17:42:35,262 [b6016524-e859-4a78-8386-89e80bc47383-groupManagement] INFO  server.RaftServerConfigKeys (ConfUtils.java:logGet(46)) - raft.server.log.statemachine.data.sync.timeout = 10s (default)
2023-12-26 17:42:35,262 [b6016524-e859-4a78-8386-89e80bc47383-groupManagement] INFO  server.RaftServerConfigKeys (ConfUtils.java:logGet(46)) - raft.server.log.statemachine.data.sync.timeout.retry = 0 (custom)
2023-12-26 17:42:35,262 [b6016524-e859-4a78-8386-89e80bc47383-groupManagement] INFO  server.RaftServerConfigKeys (ConfUtils.java:logGet(46)) - raft.server.log.write.buffer.size = 8388616 (custom)
2023-12-26 17:42:35,263 [b6016524-e859-4a78-8386-89e80bc47383-groupManagement] INFO  server.RaftServerConfigKeys (ConfUtils.java:logGet(46)) - raft.server.log.appender.buffer.byte-limit = 8388608 (custom)
2023-12-26 17:42:35,264 [b6016524-e859-4a78-8386-89e80bc47383-groupManagement] INFO  server.RaftServerConfigKeys (ConfUtils.java:logGet(46)) - raft.server.log.unsafe-flush.enabled = false (default)
2023-12-26 17:42:35,264 [b6016524-e859-4a78-8386-89e80bc47383-groupManagement] INFO  server.RaftServerConfigKeys (ConfUtils.java:logGet(46)) - raft.server.log.async-flush.enabled = false (default)
2023-12-26 17:42:35,264 [b6016524-e859-4a78-8386-89e80bc47383-groupManagement] INFO  server.RaftServerConfigKeys (ConfUtils.java:logGet(46)) - raft.server.log.statemachine.data.caching.enabled = true (custom)
2023-12-26 17:42:35,264 [b6016524-e859-4a78-8386-89e80bc47383-groupManagement] INFO  segmented.SegmentedRaftLogWorker (SegmentedRaftLogWorker.java:lambda$new$0(135)) - b6016524-e859-4a78-8386-89e80bc47383@group-539EB75B9C88-SegmentedRaftLogWorker: flushIndex: setUnconditionally 0 -> -1
2023-12-26 17:42:35,264 [b6016524-e859-4a78-8386-89e80bc47383-groupManagement] INFO  segmented.SegmentedRaftLogWorker (SegmentedRaftLogWorker.java:lambda$new$0(135)) - b6016524-e859-4a78-8386-89e80bc47383@group-539EB75B9C88-SegmentedRaftLogWorker: safeCacheEvictIndex: setUnconditionally 0 -> -1
2023-12-26 17:42:35,264 [b6016524-e859-4a78-8386-89e80bc47383-groupManagement] INFO  server.RaftServer$Division (RaftServerImpl.java:start(392)) - b6016524-e859-4a78-8386-89e80bc47383@group-539EB75B9C88: start as a follower, conf=-1: peers:[c480eabb-3157-49f2-b9f1-63f696d84ae6|10.1.0.4:15121, b6016524-e859-4a78-8386-89e80bc47383|10.1.0.4:15112, 3ed52e39-5430-4c2b-aae2-f3d378827451|10.1.0.4:15103]|listeners:[], old=null
2023-12-26 17:42:35,264 [b6016524-e859-4a78-8386-89e80bc47383-groupManagement] INFO  server.RaftServer$Division (RaftServerImpl.java:setRole(379)) - b6016524-e859-4a78-8386-89e80bc47383@group-539EB75B9C88: changes role from      null to FOLLOWER at term 0 for startAsFollower
2023-12-26 17:42:35,264 [b6016524-e859-4a78-8386-89e80bc47383-groupManagement] INFO  impl.RoleInfo (RoleInfo.java:updateAndGet(139)) - b6016524-e859-4a78-8386-89e80bc47383: start b6016524-e859-4a78-8386-89e80bc47383@group-539EB75B9C88-FollowerState
2023-12-26 17:42:35,264 [b6016524-e859-4a78-8386-89e80bc47383@group-539EB75B9C88-FollowerState] INFO  server.RaftServerConfigKeys (ConfUtils.java:logFallback(53)) - raft.server.rpc.first-election.timeout.min = 5s (fallback to raft.server.rpc.timeout.min)
2023-12-26 17:42:35,264 [b6016524-e859-4a78-8386-89e80bc47383-groupManagement] INFO  util.JmxRegister (JmxRegister.java:tryRegister(44)) - Successfully registered JMX Bean with object name Ratis:service=RaftServer,group=group-539EB75B9C88,id=b6016524-e859-4a78-8386-89e80bc47383
2023-12-26 17:42:35,264 [b6016524-e859-4a78-8386-89e80bc47383@group-539EB75B9C88-FollowerState] INFO  server.RaftServerConfigKeys (ConfUtils.java:logFallback(53)) - raft.server.rpc.first-election.timeout.max = 5200ms (fallback to raft.server.rpc.timeout.max)
2023-12-26 17:42:35,265 [b6016524-e859-4a78-8386-89e80bc47383-groupManagement] INFO  server.RaftServerConfigKeys (ConfUtils.java:logGet(46)) - raft.server.snapshot.trigger-when-stop.enabled = true (default)
2023-12-26 17:42:35,265 [b6016524-e859-4a78-8386-89e80bc47383-groupManagement] INFO  server.RaftServerConfigKeys (ConfUtils.java:logGet(46)) - raft.server.snapshot.auto.trigger.enabled = true (custom)
2023-12-26 17:42:35,265 [b6016524-e859-4a78-8386-89e80bc47383-groupManagement] INFO  server.RaftServerConfigKeys (ConfUtils.java:logGet(46)) - raft.server.snapshot.auto.trigger.threshold = 10000 (custom)
2023-12-26 17:42:35,265 [b6016524-e859-4a78-8386-89e80bc47383-groupManagement] INFO  server.RaftServerConfigKeys (ConfUtils.java:logGet(46)) - raft.server.snapshot.retention.file.num = 5 (custom)
2023-12-26 17:42:35,265 [b6016524-e859-4a78-8386-89e80bc47383-groupManagement] INFO  server.RaftServerConfigKeys (ConfUtils.java:logGet(46)) - raft.server.log.purge.upto.snapshot.index = false (default)
2023-12-26 17:42:35,268 [3ed52e39-5430-4c2b-aae2-f3d378827451-PipelineCommandHandlerThread-0] INFO  commandhandler.CreatePipelineCommandHandler (CreatePipelineCommandHandler.java:lambda$handle$2(124)) - Created Pipeline RATIS THREE PipelineID=9798062d-9fa2-4545-b261-539eb75b9c88.
2023-12-26 17:42:35,283 [b6016524-e859-4a78-8386-89e80bc47383-PipelineCommandHandlerThread-0] INFO  server.RaftServer (RaftServerProxy.java:addNew(100)) - b6016524-e859-4a78-8386-89e80bc47383: addNew group-720D1BBFD706:[b6016524-e859-4a78-8386-89e80bc47383|10.1.0.4:15112] returns group-720D1BBFD706:java.util.concurrent.CompletableFuture@49cbe4d[Not completed]
2023-12-26 17:42:35,284 [b6016524-e859-4a78-8386-89e80bc47383-groupManagement] INFO  server.RaftServer$Division (RaftServerImpl.java:<init>(256)) - b6016524-e859-4a78-8386-89e80bc47383: new RaftServerImpl for group-720D1BBFD706:[b6016524-e859-4a78-8386-89e80bc47383|10.1.0.4:15112] with ContainerStateMachine:uninitialized
2023-12-26 17:42:35,284 [b6016524-e859-4a78-8386-89e80bc47383-groupManagement] INFO  server.RaftServerConfigKeys (ConfUtils.java:logGet(46)) - raft.server.rpc.timeout.min = 5s (custom)
2023-12-26 17:42:35,284 [b6016524-e859-4a78-8386-89e80bc47383-groupManagement] INFO  server.RaftServerConfigKeys (ConfUtils.java:logGet(46)) - raft.server.rpc.timeout.max = 5200ms (custom)
2023-12-26 17:42:35,284 [b6016524-e859-4a78-8386-89e80bc47383-groupManagement] INFO  server.RaftServerConfigKeys (ConfUtils.java:logGet(46)) - raft.server.rpc.sleep.time = 25ms (default)
2023-12-26 17:42:35,284 [b6016524-e859-4a78-8386-89e80bc47383-groupManagement] INFO  server.RaftServerConfigKeys (ConfUtils.java:logGet(46)) - raft.server.rpc.slowness.timeout = 300000ms (custom)
2023-12-26 17:42:35,284 [b6016524-e859-4a78-8386-89e80bc47383-groupManagement] INFO  server.RaftServerConfigKeys (ConfUtils.java:logGet(46)) - raft.server.leaderelection.leader.step-down.wait-time = 10s (default)
2023-12-26 17:42:35,284 [b6016524-e859-4a78-8386-89e80bc47383-groupManagement] INFO  server.RaftServerConfigKeys (ConfUtils.java:logGet(46)) - raft.server.leaderelection.member.majority-add = false (default)
2023-12-26 17:42:35,284 [b6016524-e859-4a78-8386-89e80bc47383-groupManagement] INFO  server.RaftServerConfigKeys (ConfUtils.java:logGet(46)) - raft.server.sleep.deviation.threshold = 300ms (default)
2023-12-26 17:42:35,284 [b6016524-e859-4a78-8386-89e80bc47383-groupManagement] INFO  server.RaftServer$Division (ServerState.java:<init>(113)) - b6016524-e859-4a78-8386-89e80bc47383@group-720D1BBFD706: ConfigurationManager, init=-1: peers:[b6016524-e859-4a78-8386-89e80bc47383|10.1.0.4:15112]|listeners:[], old=null, confs=<EMPTY_MAP>
2023-12-26 17:42:35,284 [b6016524-e859-4a78-8386-89e80bc47383-groupManagement] INFO  server.RaftServerConfigKeys (ConfUtils.java:logGet(46)) - raft.server.notification.no-leader.timeout = 300000ms (custom)
2023-12-26 17:42:35,284 [b6016524-e859-4a78-8386-89e80bc47383-groupManagement] INFO  server.RaftServerConfigKeys (ConfUtils.java:logGet(46)) - raft.server.read.timeout = 10s (default)
2023-12-26 17:42:35,284 [b6016524-e859-4a78-8386-89e80bc47383-groupManagement] INFO  server.RaftServerConfigKeys (ConfUtils.java:logGet(46)) - raft.server.retrycache.expirytime = 600000ms (custom)
2023-12-26 17:42:35,284 [b6016524-e859-4a78-8386-89e80bc47383-groupManagement] INFO  server.RaftServerConfigKeys (ConfUtils.java:logGet(46)) - raft.server.retrycache.statistics.expirytime = 100ms (default)
2023-12-26 17:42:35,284 [b6016524-e859-4a78-8386-89e80bc47383-groupManagement] INFO  server.RaftServerConfigKeys (ConfUtils.java:logGet(46)) - raft.server.read.option = DEFAULT (default)
2023-12-26 17:42:35,284 [b6016524-e859-4a78-8386-89e80bc47383-groupManagement] INFO  server.RaftServerConfigKeys (ConfUtils.java:logGet(46)) - raft.server.read.read-after-write-consistent.write-index-cache.expiry-time = 60s (default)
2023-12-26 17:42:35,286 [b6016524-e859-4a78-8386-89e80bc47383-groupManagement] INFO  server.RaftServerConfigKeys (ConfUtils.java:logGet(46)) - raft.server.rpc.request.timeout = 3000ms (default)
2023-12-26 17:42:35,286 [b6016524-e859-4a78-8386-89e80bc47383-groupManagement] INFO  server.RaftServerConfigKeys (ConfUtils.java:logGet(46)) - raft.server.log.appender.install.snapshot.enabled = false (custom)
2023-12-26 17:42:35,286 [b6016524-e859-4a78-8386-89e80bc47383-groupManagement] INFO  server.RaftServerConfigKeys (ConfUtils.java:logGet(46)) - raft.server.threadpool.server.cached = true (default)
2023-12-26 17:42:35,286 [b6016524-e859-4a78-8386-89e80bc47383-groupManagement] INFO  server.RaftServerConfigKeys (ConfUtils.java:logGet(46)) - raft.server.threadpool.server.size = 0 (default)
2023-12-26 17:42:35,286 [b6016524-e859-4a78-8386-89e80bc47383-groupManagement] INFO  server.RaftServerConfigKeys (ConfUtils.java:logGet(46)) - raft.server.threadpool.client.cached = true (default)
2023-12-26 17:42:35,286 [b6016524-e859-4a78-8386-89e80bc47383-groupManagement] INFO  server.RaftServerConfigKeys (ConfUtils.java:logGet(46)) - raft.server.threadpool.client.size = 0 (default)
2023-12-26 17:42:35,286 [b6016524-e859-4a78-8386-89e80bc47383-groupManagement] INFO  server.RaftServerConfigKeys (ConfUtils.java:logGet(46)) - raft.server.storage.free-space.min = 0MB (=0) (default)
2023-12-26 17:42:35,287 [b6016524-e859-4a78-8386-89e80bc47383-groupManagement] INFO  server.RaftServerConfigKeys (ConfUtils.java:logGet(46)) - raft.server.log.corruption.policy = EXCEPTION (default)
2023-12-26 17:42:35,287 [b6016524-e859-4a78-8386-89e80bc47383-groupManagement] INFO  server.RaftServerConfigKeys (ConfUtils.java:logGet(46)) - raft.server.storage.dir = [/home/runner/work/ozone/ozone/hadoop-ozone/integration-test/target/test-dir/MiniOzoneClusterImpl-c07e4b46-e5c7-4260-9d08-acd32f4d7801/datanode-1/data/ratis] (custom)
2023-12-26 17:42:35,287 [b6016524-e859-4a78-8386-89e80bc47383-groupManagement] INFO  storage.RaftStorageDirectory (RaftStorageDirectoryImpl.java:analyzeStorage(138)) - The storage directory /home/runner/work/ozone/ozone/hadoop-ozone/integration-test/target/test-dir/MiniOzoneClusterImpl-c07e4b46-e5c7-4260-9d08-acd32f4d7801/datanode-1/data/ratis/ee858c1a-ea89-4dbf-9901-720d1bbfd706 does not exist. Creating ...
2023-12-26 17:42:35,288 [b6016524-e859-4a78-8386-89e80bc47383-groupManagement] INFO  storage.RaftStorageDirectory (RaftStorageDirectoryImpl.java:tryLock(232)) - Lock on /home/runner/work/ozone/ozone/hadoop-ozone/integration-test/target/test-dir/MiniOzoneClusterImpl-c07e4b46-e5c7-4260-9d08-acd32f4d7801/datanode-1/data/ratis/ee858c1a-ea89-4dbf-9901-720d1bbfd706/in_use.lock acquired by nodename 85971@fv-az1381-115
2023-12-26 17:42:35,289 [b6016524-e859-4a78-8386-89e80bc47383-groupManagement] INFO  storage.RaftStorage (RaftStorageImpl.java:format(97)) - Storage directory /home/runner/work/ozone/ozone/hadoop-ozone/integration-test/target/test-dir/MiniOzoneClusterImpl-c07e4b46-e5c7-4260-9d08-acd32f4d7801/datanode-1/data/ratis/ee858c1a-ea89-4dbf-9901-720d1bbfd706 has been successfully formatted.
2023-12-26 17:42:35,289 [b6016524-e859-4a78-8386-89e80bc47383-groupManagement] INFO  ratis.ContainerStateMachine (ContainerStateMachine.java:loadSnapshot(287)) - group-720D1BBFD706: The snapshot info is null. Setting the last applied indexto:(t:0, i:~)
2023-12-26 17:42:35,289 [b6016524-e859-4a78-8386-89e80bc47383-groupManagement] INFO  server.RaftServerConfigKeys (ConfUtils.java:logGet(46)) - raft.server.log.use.memory = false (default)
2023-12-26 17:42:35,289 [b6016524-e859-4a78-8386-89e80bc47383-groupManagement] INFO  server.RaftServerConfigKeys (ConfUtils.java:logGet(46)) - raft.server.log.purge.gap = 1000000 (custom)
2023-12-26 17:42:35,289 [b6016524-e859-4a78-8386-89e80bc47383-groupManagement] INFO  server.RaftServerConfigKeys (ConfUtils.java:logGet(46)) - raft.server.log.appender.buffer.byte-limit = 8388608 (custom)
2023-12-26 17:42:35,289 [b6016524-e859-4a78-8386-89e80bc47383-groupManagement] INFO  server.RaftServerConfigKeys (ConfUtils.java:logGet(46)) - raft.server.log.statemachine.data.read.timeout = 1000ms (default)
2023-12-26 17:42:35,289 [b6016524-e859-4a78-8386-89e80bc47383-groupManagement] INFO  server.RaftServerConfigKeys (ConfUtils.java:logGet(46)) - raft.server.log.purge.preservation.log.num = 0 (default)
2023-12-26 17:42:35,291 [b6016524-e859-4a78-8386-89e80bc47383-groupManagement] INFO  server.RaftServerConfigKeys (ConfUtils.java:logGet(46)) - raft.server.log.segment.size.max = 67108864 (custom)
2023-12-26 17:42:35,291 [EventQueue-PipelineReportForPipelineReportHandler] INFO  pipeline.PipelineReportHandler (PipelineReportHandler.java:processPipelineReport(136)) - Opened pipeline PipelineID=ee858c1a-ea89-4dbf-9901-720d1bbfd706
2023-12-26 17:42:35,291 [b6016524-e859-4a78-8386-89e80bc47383-groupManagement] INFO  server.RaftServerConfigKeys (ConfUtils.java:logGet(46)) - raft.server.log.segment.cache.num.max = 2 (custom)
2023-12-26 17:42:35,291 [EventQueue-OpenPipelineForHealthyPipelineSafeModeRule] INFO  safemode.SCMSafeModeManager (HealthyPipelineSafeModeRule.java:process(140)) - SCM in safe mode. Healthy pipelines reported count is 0, required healthy pipeline reported count is 1
2023-12-26 17:42:35,291 [b6016524-e859-4a78-8386-89e80bc47383-groupManagement] INFO  server.RaftServerConfigKeys (ConfUtils.java:logGet(46)) - raft.server.log.segment.cache.size.max = 200MB (=209715200) (default)
2023-12-26 17:42:35,291 [b6016524-e859-4a78-8386-89e80bc47383-groupManagement] INFO  server.RaftServerConfigKeys (ConfUtils.java:logGet(46)) - raft.server.log.appender.buffer.byte-limit = 8388608 (custom)
2023-12-26 17:42:35,292 [b6016524-e859-4a78-8386-89e80bc47383-groupManagement] INFO  util.AwaitToRun (AwaitToRun.java:start(81)) - Thread[b6016524-e859-4a78-8386-89e80bc47383@group-720D1BBFD706-cacheEviction-AwaitToRun,5,main] started
2023-12-26 17:42:35,292 [b6016524-e859-4a78-8386-89e80bc47383-groupManagement] INFO  segmented.SegmentedRaftLogWorker (SegmentedRaftLogWorker.java:<init>(184)) - new b6016524-e859-4a78-8386-89e80bc47383@group-720D1BBFD706-SegmentedRaftLogWorker for RaftStorageImpl:Storage Directory /home/runner/work/ozone/ozone/hadoop-ozone/integration-test/target/test-dir/MiniOzoneClusterImpl-c07e4b46-e5c7-4260-9d08-acd32f4d7801/datanode-1/data/ratis/ee858c1a-ea89-4dbf-9901-720d1bbfd706
2023-12-26 17:42:35,292 [b6016524-e859-4a78-8386-89e80bc47383-groupManagement] INFO  server.RaftServerConfigKeys (ConfUtils.java:logGet(46)) - raft.server.log.queue.byte-limit = 4294967296 (custom)
2023-12-26 17:42:35,292 [b6016524-e859-4a78-8386-89e80bc47383-groupManagement] INFO  server.RaftServerConfigKeys (ConfUtils.java:logGet(46)) - raft.server.log.queue.element-limit = 1024 (custom)
2023-12-26 17:42:35,292 [b6016524-e859-4a78-8386-89e80bc47383-groupManagement] INFO  server.RaftServerConfigKeys (ConfUtils.java:logGet(46)) - raft.server.log.segment.size.max = 67108864 (custom)
2023-12-26 17:42:35,292 [b6016524-e859-4a78-8386-89e80bc47383-groupManagement] INFO  server.RaftServerConfigKeys (ConfUtils.java:logGet(46)) - raft.server.log.preallocated.size = 4194304 (custom)
2023-12-26 17:42:35,292 [b6016524-e859-4a78-8386-89e80bc47383-groupManagement] INFO  server.RaftServerConfigKeys (ConfUtils.java:logGet(46)) - raft.server.log.force.sync.num = 128 (default)
2023-12-26 17:42:35,292 [b6016524-e859-4a78-8386-89e80bc47383-groupManagement] INFO  server.RaftServerConfigKeys (ConfUtils.java:logGet(46)) - raft.server.log.statemachine.data.sync = true (default)
2023-12-26 17:42:35,292 [b6016524-e859-4a78-8386-89e80bc47383-groupManagement] INFO  server.RaftServerConfigKeys (ConfUtils.java:logGet(46)) - raft.server.log.statemachine.data.sync.timeout = 10s (default)
2023-12-26 17:42:35,292 [b6016524-e859-4a78-8386-89e80bc47383-groupManagement] INFO  server.RaftServerConfigKeys (ConfUtils.java:logGet(46)) - raft.server.log.statemachine.data.sync.timeout.retry = 0 (custom)
2023-12-26 17:42:35,292 [b6016524-e859-4a78-8386-89e80bc47383-groupManagement] INFO  server.RaftServerConfigKeys (ConfUtils.java:logGet(46)) - raft.server.log.write.buffer.size = 8388616 (custom)
2023-12-26 17:42:35,294 [b6016524-e859-4a78-8386-89e80bc47383-groupManagement] INFO  server.RaftServerConfigKeys (ConfUtils.java:logGet(46)) - raft.server.log.appender.buffer.byte-limit = 8388608 (custom)
2023-12-26 17:42:35,294 [b6016524-e859-4a78-8386-89e80bc47383-groupManagement] INFO  server.RaftServerConfigKeys (ConfUtils.java:logGet(46)) - raft.server.log.unsafe-flush.enabled = false (default)
2023-12-26 17:42:35,294 [b6016524-e859-4a78-8386-89e80bc47383-groupManagement] INFO  server.RaftServerConfigKeys (ConfUtils.java:logGet(46)) - raft.server.log.async-flush.enabled = false (default)
2023-12-26 17:42:35,294 [b6016524-e859-4a78-8386-89e80bc47383-groupManagement] INFO  server.RaftServerConfigKeys (ConfUtils.java:logGet(46)) - raft.server.log.statemachine.data.caching.enabled = true (custom)
2023-12-26 17:42:35,294 [b6016524-e859-4a78-8386-89e80bc47383-groupManagement] INFO  segmented.SegmentedRaftLogWorker (SegmentedRaftLogWorker.java:lambda$new$0(135)) - b6016524-e859-4a78-8386-89e80bc47383@group-720D1BBFD706-SegmentedRaftLogWorker: flushIndex: setUnconditionally 0 -> -1
2023-12-26 17:42:35,294 [b6016524-e859-4a78-8386-89e80bc47383-groupManagement] INFO  segmented.SegmentedRaftLogWorker (SegmentedRaftLogWorker.java:lambda$new$0(135)) - b6016524-e859-4a78-8386-89e80bc47383@group-720D1BBFD706-SegmentedRaftLogWorker: safeCacheEvictIndex: setUnconditionally 0 -> -1
2023-12-26 17:42:35,294 [b6016524-e859-4a78-8386-89e80bc47383-groupManagement] INFO  server.RaftServer$Division (RaftServerImpl.java:start(392)) - b6016524-e859-4a78-8386-89e80bc47383@group-720D1BBFD706: start as a follower, conf=-1: peers:[b6016524-e859-4a78-8386-89e80bc47383|10.1.0.4:15112]|listeners:[], old=null
2023-12-26 17:42:35,294 [b6016524-e859-4a78-8386-89e80bc47383-groupManagement] INFO  server.RaftServer$Division (RaftServerImpl.java:setRole(379)) - b6016524-e859-4a78-8386-89e80bc47383@group-720D1BBFD706: changes role from      null to FOLLOWER at term 0 for startAsFollower
2023-12-26 17:42:35,295 [b6016524-e859-4a78-8386-89e80bc47383-groupManagement] INFO  impl.RoleInfo (RoleInfo.java:updateAndGet(139)) - b6016524-e859-4a78-8386-89e80bc47383: start b6016524-e859-4a78-8386-89e80bc47383@group-720D1BBFD706-FollowerState
2023-12-26 17:42:35,295 [b6016524-e859-4a78-8386-89e80bc47383@group-720D1BBFD706-FollowerState] INFO  server.RaftServerConfigKeys (ConfUtils.java:logFallback(53)) - raft.server.rpc.first-election.timeout.min = 5s (fallback to raft.server.rpc.timeout.min)
2023-12-26 17:42:35,295 [b6016524-e859-4a78-8386-89e80bc47383-groupManagement] INFO  util.JmxRegister (JmxRegister.java:tryRegister(44)) - Successfully registered JMX Bean with object name Ratis:service=RaftServer,group=group-720D1BBFD706,id=b6016524-e859-4a78-8386-89e80bc47383
2023-12-26 17:42:35,295 [b6016524-e859-4a78-8386-89e80bc47383@group-720D1BBFD706-FollowerState] INFO  server.RaftServerConfigKeys (ConfUtils.java:logFallback(53)) - raft.server.rpc.first-election.timeout.max = 5200ms (fallback to raft.server.rpc.timeout.max)
2023-12-26 17:42:35,295 [b6016524-e859-4a78-8386-89e80bc47383-groupManagement] INFO  server.RaftServerConfigKeys (ConfUtils.java:logGet(46)) - raft.server.snapshot.trigger-when-stop.enabled = true (default)
2023-12-26 17:42:35,295 [b6016524-e859-4a78-8386-89e80bc47383-groupManagement] INFO  server.RaftServerConfigKeys (ConfUtils.java:logGet(46)) - raft.server.snapshot.auto.trigger.enabled = true (custom)
2023-12-26 17:42:35,295 [b6016524-e859-4a78-8386-89e80bc47383-groupManagement] INFO  server.RaftServerConfigKeys (ConfUtils.java:logGet(46)) - raft.server.snapshot.auto.trigger.threshold = 10000 (custom)
2023-12-26 17:42:35,295 [b6016524-e859-4a78-8386-89e80bc47383-groupManagement] INFO  server.RaftServerConfigKeys (ConfUtils.java:logGet(46)) - raft.server.snapshot.retention.file.num = 5 (custom)
2023-12-26 17:42:35,295 [b6016524-e859-4a78-8386-89e80bc47383-groupManagement] INFO  server.RaftServerConfigKeys (ConfUtils.java:logGet(46)) - raft.server.log.purge.upto.snapshot.index = false (default)
2023-12-26 17:42:35,296 [b6016524-e859-4a78-8386-89e80bc47383-PipelineCommandHandlerThread-0] INFO  ratis.XceiverServerRatis (XceiverServerRatis.java:addGroup(837)) - Created group PipelineID=ee858c1a-ea89-4dbf-9901-720d1bbfd706
2023-12-26 17:42:35,296 [b6016524-e859-4a78-8386-89e80bc47383-PipelineCommandHandlerThread-0] INFO  commandhandler.CreatePipelineCommandHandler (CreatePipelineCommandHandler.java:lambda$handle$2(124)) - Created Pipeline RATIS ONE PipelineID=ee858c1a-ea89-4dbf-9901-720d1bbfd706.
2023-12-26 17:42:35,431 [c480eabb-3157-49f2-b9f1-63f696d84ae6-PipelineCommandHandlerThread-0] INFO  server.RaftServer (RaftServerProxy.java:addNew(100)) - c480eabb-3157-49f2-b9f1-63f696d84ae6: addNew group-044216BD6204:[c480eabb-3157-49f2-b9f1-63f696d84ae6|10.1.0.4:15121] returns group-044216BD6204:java.util.concurrent.CompletableFuture@6e58b3d9[Not completed]
2023-12-26 17:42:35,432 [c480eabb-3157-49f2-b9f1-63f696d84ae6-groupManagement] INFO  server.RaftServer$Division (RaftServerImpl.java:<init>(256)) - c480eabb-3157-49f2-b9f1-63f696d84ae6: new RaftServerImpl for group-044216BD6204:[c480eabb-3157-49f2-b9f1-63f696d84ae6|10.1.0.4:15121] with ContainerStateMachine:uninitialized
2023-12-26 17:42:35,432 [c480eabb-3157-49f2-b9f1-63f696d84ae6-groupManagement] INFO  server.RaftServerConfigKeys (ConfUtils.java:logGet(46)) - raft.server.rpc.timeout.min = 5s (custom)
2023-12-26 17:42:35,432 [c480eabb-3157-49f2-b9f1-63f696d84ae6-groupManagement] INFO  server.RaftServerConfigKeys (ConfUtils.java:logGet(46)) - raft.server.rpc.timeout.max = 5200ms (custom)
2023-12-26 17:42:35,432 [c480eabb-3157-49f2-b9f1-63f696d84ae6-groupManagement] INFO  server.RaftServerConfigKeys (ConfUtils.java:logGet(46)) - raft.server.rpc.sleep.time = 25ms (default)
2023-12-26 17:42:35,432 [c480eabb-3157-49f2-b9f1-63f696d84ae6-groupManagement] INFO  server.RaftServerConfigKeys (ConfUtils.java:logGet(46)) - raft.server.rpc.slowness.timeout = 300000ms (custom)
2023-12-26 17:42:35,432 [c480eabb-3157-49f2-b9f1-63f696d84ae6-groupManagement] INFO  server.RaftServerConfigKeys (ConfUtils.java:logGet(46)) - raft.server.leaderelection.leader.step-down.wait-time = 10s (default)
2023-12-26 17:42:35,432 [c480eabb-3157-49f2-b9f1-63f696d84ae6-groupManagement] INFO  server.RaftServerConfigKeys (ConfUtils.java:logGet(46)) - raft.server.leaderelection.member.majority-add = false (default)
2023-12-26 17:42:35,432 [c480eabb-3157-49f2-b9f1-63f696d84ae6-groupManagement] INFO  server.RaftServerConfigKeys (ConfUtils.java:logGet(46)) - raft.server.sleep.deviation.threshold = 300ms (default)
2023-12-26 17:42:35,432 [c480eabb-3157-49f2-b9f1-63f696d84ae6-groupManagement] INFO  server.RaftServer$Division (ServerState.java:<init>(113)) - c480eabb-3157-49f2-b9f1-63f696d84ae6@group-044216BD6204: ConfigurationManager, init=-1: peers:[c480eabb-3157-49f2-b9f1-63f696d84ae6|10.1.0.4:15121]|listeners:[], old=null, confs=<EMPTY_MAP>
2023-12-26 17:42:35,432 [c480eabb-3157-49f2-b9f1-63f696d84ae6-groupManagement] INFO  server.RaftServerConfigKeys (ConfUtils.java:logGet(46)) - raft.server.notification.no-leader.timeout = 300000ms (custom)
2023-12-26 17:42:35,432 [c480eabb-3157-49f2-b9f1-63f696d84ae6-groupManagement] INFO  server.RaftServerConfigKeys (ConfUtils.java:logGet(46)) - raft.server.read.timeout = 10s (default)
2023-12-26 17:42:35,433 [c480eabb-3157-49f2-b9f1-63f696d84ae6-groupManagement] INFO  server.RaftServerConfigKeys (ConfUtils.java:logGet(46)) - raft.server.retrycache.expirytime = 600000ms (custom)
2023-12-26 17:42:35,433 [c480eabb-3157-49f2-b9f1-63f696d84ae6-groupManagement] INFO  server.RaftServerConfigKeys (ConfUtils.java:logGet(46)) - raft.server.retrycache.statistics.expirytime = 100ms (default)
2023-12-26 17:42:35,433 [c480eabb-3157-49f2-b9f1-63f696d84ae6-groupManagement] INFO  server.RaftServerConfigKeys (ConfUtils.java:logGet(46)) - raft.server.read.option = DEFAULT (default)
2023-12-26 17:42:35,433 [c480eabb-3157-49f2-b9f1-63f696d84ae6-groupManagement] INFO  server.RaftServerConfigKeys (ConfUtils.java:logGet(46)) - raft.server.read.read-after-write-consistent.write-index-cache.expiry-time = 60s (default)
2023-12-26 17:42:35,435 [c480eabb-3157-49f2-b9f1-63f696d84ae6-groupManagement] INFO  server.RaftServerConfigKeys (ConfUtils.java:logGet(46)) - raft.server.rpc.request.timeout = 3000ms (default)
2023-12-26 17:42:35,436 [c480eabb-3157-49f2-b9f1-63f696d84ae6-groupManagement] INFO  server.RaftServerConfigKeys (ConfUtils.java:logGet(46)) - raft.server.log.appender.install.snapshot.enabled = false (custom)
2023-12-26 17:42:35,436 [c480eabb-3157-49f2-b9f1-63f696d84ae6-groupManagement] INFO  server.RaftServerConfigKeys (ConfUtils.java:logGet(46)) - raft.server.threadpool.server.cached = true (default)
2023-12-26 17:42:35,436 [c480eabb-3157-49f2-b9f1-63f696d84ae6-groupManagement] INFO  server.RaftServerConfigKeys (ConfUtils.java:logGet(46)) - raft.server.threadpool.server.size = 0 (default)
2023-12-26 17:42:35,436 [c480eabb-3157-49f2-b9f1-63f696d84ae6-groupManagement] INFO  server.RaftServerConfigKeys (ConfUtils.java:logGet(46)) - raft.server.threadpool.client.cached = true (default)
2023-12-26 17:42:35,436 [c480eabb-3157-49f2-b9f1-63f696d84ae6-groupManagement] INFO  server.RaftServerConfigKeys (ConfUtils.java:logGet(46)) - raft.server.threadpool.client.size = 0 (default)
2023-12-26 17:42:35,436 [c480eabb-3157-49f2-b9f1-63f696d84ae6-groupManagement] INFO  server.RaftServerConfigKeys (ConfUtils.java:logGet(46)) - raft.server.storage.free-space.min = 0MB (=0) (default)
2023-12-26 17:42:35,436 [c480eabb-3157-49f2-b9f1-63f696d84ae6-groupManagement] INFO  server.RaftServerConfigKeys (ConfUtils.java:logGet(46)) - raft.server.log.corruption.policy = EXCEPTION (default)
2023-12-26 17:42:35,436 [c480eabb-3157-49f2-b9f1-63f696d84ae6-groupManagement] INFO  server.RaftServerConfigKeys (ConfUtils.java:logGet(46)) - raft.server.storage.dir = [/home/runner/work/ozone/ozone/hadoop-ozone/integration-test/target/test-dir/MiniOzoneClusterImpl-c07e4b46-e5c7-4260-9d08-acd32f4d7801/datanode-2/data/ratis] (custom)
2023-12-26 17:42:35,436 [c480eabb-3157-49f2-b9f1-63f696d84ae6-groupManagement] INFO  storage.RaftStorageDirectory (RaftStorageDirectoryImpl.java:analyzeStorage(138)) - The storage directory /home/runner/work/ozone/ozone/hadoop-ozone/integration-test/target/test-dir/MiniOzoneClusterImpl-c07e4b46-e5c7-4260-9d08-acd32f4d7801/datanode-2/data/ratis/685cd672-5f11-4d95-9fa6-044216bd6204 does not exist. Creating ...
2023-12-26 17:42:35,437 [c480eabb-3157-49f2-b9f1-63f696d84ae6-groupManagement] INFO  storage.RaftStorageDirectory (RaftStorageDirectoryImpl.java:tryLock(232)) - Lock on /home/runner/work/ozone/ozone/hadoop-ozone/integration-test/target/test-dir/MiniOzoneClusterImpl-c07e4b46-e5c7-4260-9d08-acd32f4d7801/datanode-2/data/ratis/685cd672-5f11-4d95-9fa6-044216bd6204/in_use.lock acquired by nodename 85971@fv-az1381-115
2023-12-26 17:42:35,439 [c480eabb-3157-49f2-b9f1-63f696d84ae6-groupManagement] INFO  storage.RaftStorage (RaftStorageImpl.java:format(97)) - Storage directory /home/runner/work/ozone/ozone/hadoop-ozone/integration-test/target/test-dir/MiniOzoneClusterImpl-c07e4b46-e5c7-4260-9d08-acd32f4d7801/datanode-2/data/ratis/685cd672-5f11-4d95-9fa6-044216bd6204 has been successfully formatted.
2023-12-26 17:42:35,440 [c480eabb-3157-49f2-b9f1-63f696d84ae6-groupManagement] INFO  ratis.ContainerStateMachine (ContainerStateMachine.java:loadSnapshot(287)) - group-044216BD6204: The snapshot info is null. Setting the last applied indexto:(t:0, i:~)
2023-12-26 17:42:35,440 [c480eabb-3157-49f2-b9f1-63f696d84ae6-groupManagement] INFO  server.RaftServerConfigKeys (ConfUtils.java:logGet(46)) - raft.server.log.use.memory = false (default)
2023-12-26 17:42:35,440 [c480eabb-3157-49f2-b9f1-63f696d84ae6-groupManagement] INFO  server.RaftServerConfigKeys (ConfUtils.java:logGet(46)) - raft.server.log.purge.gap = 1000000 (custom)
2023-12-26 17:42:35,440 [c480eabb-3157-49f2-b9f1-63f696d84ae6-groupManagement] INFO  server.RaftServerConfigKeys (ConfUtils.java:logGet(46)) - raft.server.log.appender.buffer.byte-limit = 8388608 (custom)
2023-12-26 17:42:35,440 [c480eabb-3157-49f2-b9f1-63f696d84ae6-groupManagement] INFO  server.RaftServerConfigKeys (ConfUtils.java:logGet(46)) - raft.server.log.statemachine.data.read.timeout = 1000ms (default)
2023-12-26 17:42:35,440 [c480eabb-3157-49f2-b9f1-63f696d84ae6-groupManagement] INFO  server.RaftServerConfigKeys (ConfUtils.java:logGet(46)) - raft.server.log.purge.preservation.log.num = 0 (default)
2023-12-26 17:42:35,442 [EventQueue-PipelineReportForPipelineReportHandler] INFO  pipeline.PipelineReportHandler (PipelineReportHandler.java:processPipelineReport(136)) - Opened pipeline PipelineID=685cd672-5f11-4d95-9fa6-044216bd6204
2023-12-26 17:42:35,442 [EventQueue-OpenPipelineForHealthyPipelineSafeModeRule] INFO  safemode.SCMSafeModeManager (HealthyPipelineSafeModeRule.java:process(140)) - SCM in safe mode. Healthy pipelines reported count is 0, required healthy pipeline reported count is 1
2023-12-26 17:42:35,443 [c480eabb-3157-49f2-b9f1-63f696d84ae6-groupManagement] INFO  server.RaftServerConfigKeys (ConfUtils.java:logGet(46)) - raft.server.log.segment.size.max = 67108864 (custom)
2023-12-26 17:42:35,444 [c480eabb-3157-49f2-b9f1-63f696d84ae6-groupManagement] INFO  server.RaftServerConfigKeys (ConfUtils.java:logGet(46)) - raft.server.log.segment.cache.num.max = 2 (custom)
2023-12-26 17:42:35,444 [c480eabb-3157-49f2-b9f1-63f696d84ae6-groupManagement] INFO  server.RaftServerConfigKeys (ConfUtils.java:logGet(46)) - raft.server.log.segment.cache.size.max = 200MB (=209715200) (default)
2023-12-26 17:42:35,444 [c480eabb-3157-49f2-b9f1-63f696d84ae6-groupManagement] INFO  server.RaftServerConfigKeys (ConfUtils.java:logGet(46)) - raft.server.log.appender.buffer.byte-limit = 8388608 (custom)
2023-12-26 17:42:35,444 [c480eabb-3157-49f2-b9f1-63f696d84ae6-groupManagement] INFO  util.AwaitToRun (AwaitToRun.java:start(81)) - Thread[c480eabb-3157-49f2-b9f1-63f696d84ae6@group-044216BD6204-cacheEviction-AwaitToRun,5,main] started
2023-12-26 17:42:35,444 [c480eabb-3157-49f2-b9f1-63f696d84ae6-groupManagement] INFO  segmented.SegmentedRaftLogWorker (SegmentedRaftLogWorker.java:<init>(184)) - new c480eabb-3157-49f2-b9f1-63f696d84ae6@group-044216BD6204-SegmentedRaftLogWorker for RaftStorageImpl:Storage Directory /home/runner/work/ozone/ozone/hadoop-ozone/integration-test/target/test-dir/MiniOzoneClusterImpl-c07e4b46-e5c7-4260-9d08-acd32f4d7801/datanode-2/data/ratis/685cd672-5f11-4d95-9fa6-044216bd6204
2023-12-26 17:42:35,444 [c480eabb-3157-49f2-b9f1-63f696d84ae6-groupManagement] INFO  server.RaftServerConfigKeys (ConfUtils.java:logGet(46)) - raft.server.log.queue.byte-limit = 4294967296 (custom)
2023-12-26 17:42:35,444 [c480eabb-3157-49f2-b9f1-63f696d84ae6-groupManagement] INFO  server.RaftServerConfigKeys (ConfUtils.java:logGet(46)) - raft.server.log.queue.element-limit = 1024 (custom)
2023-12-26 17:42:35,444 [c480eabb-3157-49f2-b9f1-63f696d84ae6-groupManagement] INFO  server.RaftServerConfigKeys (ConfUtils.java:logGet(46)) - raft.server.log.segment.size.max = 67108864 (custom)
2023-12-26 17:42:35,444 [c480eabb-3157-49f2-b9f1-63f696d84ae6-groupManagement] INFO  server.RaftServerConfigKeys (ConfUtils.java:logGet(46)) - raft.server.log.preallocated.size = 4194304 (custom)
2023-12-26 17:42:35,444 [c480eabb-3157-49f2-b9f1-63f696d84ae6-groupManagement] INFO  server.RaftServerConfigKeys (ConfUtils.java:logGet(46)) - raft.server.log.force.sync.num = 128 (default)
2023-12-26 17:42:35,444 [c480eabb-3157-49f2-b9f1-63f696d84ae6-groupManagement] INFO  server.RaftServerConfigKeys (ConfUtils.java:logGet(46)) - raft.server.log.statemachine.data.sync = true (default)
2023-12-26 17:42:35,444 [c480eabb-3157-49f2-b9f1-63f696d84ae6-groupManagement] INFO  server.RaftServerConfigKeys (ConfUtils.java:logGet(46)) - raft.server.log.statemachine.data.sync.timeout = 10s (default)
2023-12-26 17:42:35,445 [c480eabb-3157-49f2-b9f1-63f696d84ae6-groupManagement] INFO  server.RaftServerConfigKeys (ConfUtils.java:logGet(46)) - raft.server.log.statemachine.data.sync.timeout.retry = 0 (custom)
2023-12-26 17:42:35,445 [c480eabb-3157-49f2-b9f1-63f696d84ae6-groupManagement] INFO  server.RaftServerConfigKeys (ConfUtils.java:logGet(46)) - raft.server.log.write.buffer.size = 8388616 (custom)
2023-12-26 17:42:35,447 [c480eabb-3157-49f2-b9f1-63f696d84ae6-groupManagement] INFO  server.RaftServerConfigKeys (ConfUtils.java:logGet(46)) - raft.server.log.appender.buffer.byte-limit = 8388608 (custom)
2023-12-26 17:42:35,447 [c480eabb-3157-49f2-b9f1-63f696d84ae6-groupManagement] INFO  server.RaftServerConfigKeys (ConfUtils.java:logGet(46)) - raft.server.log.unsafe-flush.enabled = false (default)
2023-12-26 17:42:35,448 [c480eabb-3157-49f2-b9f1-63f696d84ae6-groupManagement] INFO  server.RaftServerConfigKeys (ConfUtils.java:logGet(46)) - raft.server.log.async-flush.enabled = false (default)
2023-12-26 17:42:35,448 [c480eabb-3157-49f2-b9f1-63f696d84ae6-groupManagement] INFO  server.RaftServerConfigKeys (ConfUtils.java:logGet(46)) - raft.server.log.statemachine.data.caching.enabled = true (custom)
2023-12-26 17:42:35,448 [c480eabb-3157-49f2-b9f1-63f696d84ae6-groupManagement] INFO  segmented.SegmentedRaftLogWorker (SegmentedRaftLogWorker.java:lambda$new$0(135)) - c480eabb-3157-49f2-b9f1-63f696d84ae6@group-044216BD6204-SegmentedRaftLogWorker: flushIndex: setUnconditionally 0 -> -1
2023-12-26 17:42:35,448 [c480eabb-3157-49f2-b9f1-63f696d84ae6-groupManagement] INFO  segmented.SegmentedRaftLogWorker (SegmentedRaftLogWorker.java:lambda$new$0(135)) - c480eabb-3157-49f2-b9f1-63f696d84ae6@group-044216BD6204-SegmentedRaftLogWorker: safeCacheEvictIndex: setUnconditionally 0 -> -1
2023-12-26 17:42:35,448 [c480eabb-3157-49f2-b9f1-63f696d84ae6-groupManagement] INFO  server.RaftServer$Division (RaftServerImpl.java:start(392)) - c480eabb-3157-49f2-b9f1-63f696d84ae6@group-044216BD6204: start as a follower, conf=-1: peers:[c480eabb-3157-49f2-b9f1-63f696d84ae6|10.1.0.4:15121]|listeners:[], old=null
2023-12-26 17:42:35,448 [c480eabb-3157-49f2-b9f1-63f696d84ae6-groupManagement] INFO  server.RaftServer$Division (RaftServerImpl.java:setRole(379)) - c480eabb-3157-49f2-b9f1-63f696d84ae6@group-044216BD6204: changes role from      null to FOLLOWER at term 0 for startAsFollower
2023-12-26 17:42:35,448 [c480eabb-3157-49f2-b9f1-63f696d84ae6-groupManagement] INFO  impl.RoleInfo (RoleInfo.java:updateAndGet(139)) - c480eabb-3157-49f2-b9f1-63f696d84ae6: start c480eabb-3157-49f2-b9f1-63f696d84ae6@group-044216BD6204-FollowerState
2023-12-26 17:42:35,449 [c480eabb-3157-49f2-b9f1-63f696d84ae6-groupManagement] INFO  util.JmxRegister (JmxRegister.java:tryRegister(44)) - Successfully registered JMX Bean with object name Ratis:service=RaftServer,group=group-044216BD6204,id=c480eabb-3157-49f2-b9f1-63f696d84ae6
2023-12-26 17:42:35,449 [c480eabb-3157-49f2-b9f1-63f696d84ae6@group-044216BD6204-FollowerState] INFO  server.RaftServerConfigKeys (ConfUtils.java:logFallback(53)) - raft.server.rpc.first-election.timeout.min = 5s (fallback to raft.server.rpc.timeout.min)
2023-12-26 17:42:35,449 [c480eabb-3157-49f2-b9f1-63f696d84ae6@group-044216BD6204-FollowerState] INFO  server.RaftServerConfigKeys (ConfUtils.java:logFallback(53)) - raft.server.rpc.first-election.timeout.max = 5200ms (fallback to raft.server.rpc.timeout.max)
2023-12-26 17:42:35,449 [c480eabb-3157-49f2-b9f1-63f696d84ae6-groupManagement] INFO  server.RaftServerConfigKeys (ConfUtils.java:logGet(46)) - raft.server.snapshot.trigger-when-stop.enabled = true (default)
2023-12-26 17:42:35,449 [c480eabb-3157-49f2-b9f1-63f696d84ae6-groupManagement] INFO  server.RaftServerConfigKeys (ConfUtils.java:logGet(46)) - raft.server.snapshot.auto.trigger.enabled = true (custom)
2023-12-26 17:42:35,449 [c480eabb-3157-49f2-b9f1-63f696d84ae6-groupManagement] INFO  server.RaftServerConfigKeys (ConfUtils.java:logGet(46)) - raft.server.snapshot.auto.trigger.threshold = 10000 (custom)
2023-12-26 17:42:35,449 [c480eabb-3157-49f2-b9f1-63f696d84ae6-groupManagement] INFO  server.RaftServerConfigKeys (ConfUtils.java:logGet(46)) - raft.server.snapshot.retention.file.num = 5 (custom)
2023-12-26 17:42:35,449 [c480eabb-3157-49f2-b9f1-63f696d84ae6-groupManagement] INFO  server.RaftServerConfigKeys (ConfUtils.java:logGet(46)) - raft.server.log.purge.upto.snapshot.index = false (default)
2023-12-26 17:42:35,450 [c480eabb-3157-49f2-b9f1-63f696d84ae6-PipelineCommandHandlerThread-0] INFO  ratis.XceiverServerRatis (XceiverServerRatis.java:addGroup(837)) - Created group PipelineID=685cd672-5f11-4d95-9fa6-044216bd6204
2023-12-26 17:42:35,450 [c480eabb-3157-49f2-b9f1-63f696d84ae6-PipelineCommandHandlerThread-0] INFO  commandhandler.CreatePipelineCommandHandler (CreatePipelineCommandHandler.java:lambda$handle$2(124)) - Created Pipeline RATIS ONE PipelineID=685cd672-5f11-4d95-9fa6-044216bd6204.
2023-12-26 17:42:35,558 [559a6ab5-825d-4c14-b258-477429313dde-PipelineCommandHandlerThread-0] INFO  server.RaftServer (RaftServerProxy.java:addNew(100)) - 559a6ab5-825d-4c14-b258-477429313dde: addNew group-4C7FF9CDD4D5:[559a6ab5-825d-4c14-b258-477429313dde|10.1.0.4:15130] returns group-4C7FF9CDD4D5:java.util.concurrent.CompletableFuture@480b3d3a[Not completed]
2023-12-26 17:42:35,559 [559a6ab5-825d-4c14-b258-477429313dde-groupManagement] INFO  server.RaftServer$Division (RaftServerImpl.java:<init>(256)) - 559a6ab5-825d-4c14-b258-477429313dde: new RaftServerImpl for group-4C7FF9CDD4D5:[559a6ab5-825d-4c14-b258-477429313dde|10.1.0.4:15130] with ContainerStateMachine:uninitialized
2023-12-26 17:42:35,559 [559a6ab5-825d-4c14-b258-477429313dde-groupManagement] INFO  server.RaftServerConfigKeys (ConfUtils.java:logGet(46)) - raft.server.rpc.timeout.min = 5s (custom)
2023-12-26 17:42:35,559 [559a6ab5-825d-4c14-b258-477429313dde-groupManagement] INFO  server.RaftServerConfigKeys (ConfUtils.java:logGet(46)) - raft.server.rpc.timeout.max = 5200ms (custom)
2023-12-26 17:42:35,559 [559a6ab5-825d-4c14-b258-477429313dde-groupManagement] INFO  server.RaftServerConfigKeys (ConfUtils.java:logGet(46)) - raft.server.rpc.sleep.time = 25ms (default)
2023-12-26 17:42:35,559 [559a6ab5-825d-4c14-b258-477429313dde-groupManagement] INFO  server.RaftServerConfigKeys (ConfUtils.java:logGet(46)) - raft.server.rpc.slowness.timeout = 300000ms (custom)
2023-12-26 17:42:35,559 [559a6ab5-825d-4c14-b258-477429313dde-groupManagement] INFO  server.RaftServerConfigKeys (ConfUtils.java:logGet(46)) - raft.server.leaderelection.leader.step-down.wait-time = 10s (default)
2023-12-26 17:42:35,559 [559a6ab5-825d-4c14-b258-477429313dde-groupManagement] INFO  server.RaftServerConfigKeys (ConfUtils.java:logGet(46)) - raft.server.leaderelection.member.majority-add = false (default)
2023-12-26 17:42:35,559 [559a6ab5-825d-4c14-b258-477429313dde-groupManagement] INFO  server.RaftServerConfigKeys (ConfUtils.java:logGet(46)) - raft.server.sleep.deviation.threshold = 300ms (default)
2023-12-26 17:42:35,559 [559a6ab5-825d-4c14-b258-477429313dde-groupManagement] INFO  server.RaftServer$Division (ServerState.java:<init>(113)) - 559a6ab5-825d-4c14-b258-477429313dde@group-4C7FF9CDD4D5: ConfigurationManager, init=-1: peers:[559a6ab5-825d-4c14-b258-477429313dde|10.1.0.4:15130]|listeners:[], old=null, confs=<EMPTY_MAP>
2023-12-26 17:42:35,559 [559a6ab5-825d-4c14-b258-477429313dde-groupManagement] INFO  server.RaftServerConfigKeys (ConfUtils.java:logGet(46)) - raft.server.notification.no-leader.timeout = 300000ms (custom)
2023-12-26 17:42:35,560 [559a6ab5-825d-4c14-b258-477429313dde-groupManagement] INFO  server.RaftServerConfigKeys (ConfUtils.java:logGet(46)) - raft.server.read.timeout = 10s (default)
2023-12-26 17:42:35,560 [559a6ab5-825d-4c14-b258-477429313dde-groupManagement] INFO  server.RaftServerConfigKeys (ConfUtils.java:logGet(46)) - raft.server.retrycache.expirytime = 600000ms (custom)
2023-12-26 17:42:35,560 [559a6ab5-825d-4c14-b258-477429313dde-groupManagement] INFO  server.RaftServerConfigKeys (ConfUtils.java:logGet(46)) - raft.server.retrycache.statistics.expirytime = 100ms (default)
2023-12-26 17:42:35,560 [559a6ab5-825d-4c14-b258-477429313dde-groupManagement] INFO  server.RaftServerConfigKeys (ConfUtils.java:logGet(46)) - raft.server.read.option = DEFAULT (default)
2023-12-26 17:42:35,560 [559a6ab5-825d-4c14-b258-477429313dde-groupManagement] INFO  server.RaftServerConfigKeys (ConfUtils.java:logGet(46)) - raft.server.read.read-after-write-consistent.write-index-cache.expiry-time = 60s (default)
2023-12-26 17:42:35,562 [559a6ab5-825d-4c14-b258-477429313dde-groupManagement] INFO  server.RaftServerConfigKeys (ConfUtils.java:logGet(46)) - raft.server.rpc.request.timeout = 3000ms (default)
2023-12-26 17:42:35,562 [559a6ab5-825d-4c14-b258-477429313dde-groupManagement] INFO  server.RaftServerConfigKeys (ConfUtils.java:logGet(46)) - raft.server.log.appender.install.snapshot.enabled = false (custom)
2023-12-26 17:42:35,562 [559a6ab5-825d-4c14-b258-477429313dde-groupManagement] INFO  server.RaftServerConfigKeys (ConfUtils.java:logGet(46)) - raft.server.threadpool.server.cached = true (default)
2023-12-26 17:42:35,562 [559a6ab5-825d-4c14-b258-477429313dde-groupManagement] INFO  server.RaftServerConfigKeys (ConfUtils.java:logGet(46)) - raft.server.threadpool.server.size = 0 (default)
2023-12-26 17:42:35,562 [559a6ab5-825d-4c14-b258-477429313dde-groupManagement] INFO  server.RaftServerConfigKeys (ConfUtils.java:logGet(46)) - raft.server.threadpool.client.cached = true (default)
2023-12-26 17:42:35,562 [559a6ab5-825d-4c14-b258-477429313dde-groupManagement] INFO  server.RaftServerConfigKeys (ConfUtils.java:logGet(46)) - raft.server.threadpool.client.size = 0 (default)
2023-12-26 17:42:35,562 [559a6ab5-825d-4c14-b258-477429313dde-groupManagement] INFO  server.RaftServerConfigKeys (ConfUtils.java:logGet(46)) - raft.server.storage.free-space.min = 0MB (=0) (default)
2023-12-26 17:42:35,562 [559a6ab5-825d-4c14-b258-477429313dde-groupManagement] INFO  server.RaftServerConfigKeys (ConfUtils.java:logGet(46)) - raft.server.log.corruption.policy = EXCEPTION (default)
2023-12-26 17:42:35,563 [559a6ab5-825d-4c14-b258-477429313dde-groupManagement] INFO  server.RaftServerConfigKeys (ConfUtils.java:logGet(46)) - raft.server.storage.dir = [/home/runner/work/ozone/ozone/hadoop-ozone/integration-test/target/test-dir/MiniOzoneClusterImpl-c07e4b46-e5c7-4260-9d08-acd32f4d7801/datanode-3/data/ratis] (custom)
2023-12-26 17:42:35,563 [559a6ab5-825d-4c14-b258-477429313dde-groupManagement] INFO  storage.RaftStorageDirectory (RaftStorageDirectoryImpl.java:analyzeStorage(138)) - The storage directory /home/runner/work/ozone/ozone/hadoop-ozone/integration-test/target/test-dir/MiniOzoneClusterImpl-c07e4b46-e5c7-4260-9d08-acd32f4d7801/datanode-3/data/ratis/245fa121-e400-4c81-a58a-4c7ff9cdd4d5 does not exist. Creating ...
2023-12-26 17:42:35,564 [559a6ab5-825d-4c14-b258-477429313dde-groupManagement] INFO  storage.RaftStorageDirectory (RaftStorageDirectoryImpl.java:tryLock(232)) - Lock on /home/runner/work/ozone/ozone/hadoop-ozone/integration-test/target/test-dir/MiniOzoneClusterImpl-c07e4b46-e5c7-4260-9d08-acd32f4d7801/datanode-3/data/ratis/245fa121-e400-4c81-a58a-4c7ff9cdd4d5/in_use.lock acquired by nodename 85971@fv-az1381-115
2023-12-26 17:42:35,565 [559a6ab5-825d-4c14-b258-477429313dde-groupManagement] INFO  storage.RaftStorage (RaftStorageImpl.java:format(97)) - Storage directory /home/runner/work/ozone/ozone/hadoop-ozone/integration-test/target/test-dir/MiniOzoneClusterImpl-c07e4b46-e5c7-4260-9d08-acd32f4d7801/datanode-3/data/ratis/245fa121-e400-4c81-a58a-4c7ff9cdd4d5 has been successfully formatted.
2023-12-26 17:42:35,566 [559a6ab5-825d-4c14-b258-477429313dde-groupManagement] INFO  ratis.ContainerStateMachine (ContainerStateMachine.java:loadSnapshot(287)) - group-4C7FF9CDD4D5: The snapshot info is null. Setting the last applied indexto:(t:0, i:~)
2023-12-26 17:42:35,566 [559a6ab5-825d-4c14-b258-477429313dde-groupManagement] INFO  server.RaftServerConfigKeys (ConfUtils.java:logGet(46)) - raft.server.log.use.memory = false (default)
2023-12-26 17:42:35,566 [559a6ab5-825d-4c14-b258-477429313dde-groupManagement] INFO  server.RaftServerConfigKeys (ConfUtils.java:logGet(46)) - raft.server.log.purge.gap = 1000000 (custom)
2023-12-26 17:42:35,566 [559a6ab5-825d-4c14-b258-477429313dde-groupManagement] INFO  server.RaftServerConfigKeys (ConfUtils.java:logGet(46)) - raft.server.log.appender.buffer.byte-limit = 8388608 (custom)
2023-12-26 17:42:35,566 [559a6ab5-825d-4c14-b258-477429313dde-groupManagement] INFO  server.RaftServerConfigKeys (ConfUtils.java:logGet(46)) - raft.server.log.statemachine.data.read.timeout = 1000ms (default)
2023-12-26 17:42:35,566 [559a6ab5-825d-4c14-b258-477429313dde-groupManagement] INFO  server.RaftServerConfigKeys (ConfUtils.java:logGet(46)) - raft.server.log.purge.preservation.log.num = 0 (default)
2023-12-26 17:42:35,568 [559a6ab5-825d-4c14-b258-477429313dde-groupManagement] INFO  server.RaftServerConfigKeys (ConfUtils.java:logGet(46)) - raft.server.log.segment.size.max = 67108864 (custom)
2023-12-26 17:42:35,568 [EventQueue-PipelineReportForPipelineReportHandler] INFO  pipeline.PipelineReportHandler (PipelineReportHandler.java:processPipelineReport(136)) - Opened pipeline PipelineID=245fa121-e400-4c81-a58a-4c7ff9cdd4d5
2023-12-26 17:42:35,568 [EventQueue-OpenPipelineForHealthyPipelineSafeModeRule] INFO  safemode.SCMSafeModeManager (HealthyPipelineSafeModeRule.java:process(140)) - SCM in safe mode. Healthy pipelines reported count is 0, required healthy pipeline reported count is 1
2023-12-26 17:42:35,568 [559a6ab5-825d-4c14-b258-477429313dde-groupManagement] INFO  server.RaftServerConfigKeys (ConfUtils.java:logGet(46)) - raft.server.log.segment.cache.num.max = 2 (custom)
2023-12-26 17:42:35,568 [559a6ab5-825d-4c14-b258-477429313dde-groupManagement] INFO  server.RaftServerConfigKeys (ConfUtils.java:logGet(46)) - raft.server.log.segment.cache.size.max = 200MB (=209715200) (default)
2023-12-26 17:42:35,568 [559a6ab5-825d-4c14-b258-477429313dde-groupManagement] INFO  server.RaftServerConfigKeys (ConfUtils.java:logGet(46)) - raft.server.log.appender.buffer.byte-limit = 8388608 (custom)
2023-12-26 17:42:35,568 [559a6ab5-825d-4c14-b258-477429313dde-groupManagement] INFO  util.AwaitToRun (AwaitToRun.java:start(81)) - Thread[559a6ab5-825d-4c14-b258-477429313dde@group-4C7FF9CDD4D5-cacheEviction-AwaitToRun,5,main] started
2023-12-26 17:42:35,568 [559a6ab5-825d-4c14-b258-477429313dde-groupManagement] INFO  segmented.SegmentedRaftLogWorker (SegmentedRaftLogWorker.java:<init>(184)) - new 559a6ab5-825d-4c14-b258-477429313dde@group-4C7FF9CDD4D5-SegmentedRaftLogWorker for RaftStorageImpl:Storage Directory /home/runner/work/ozone/ozone/hadoop-ozone/integration-test/target/test-dir/MiniOzoneClusterImpl-c07e4b46-e5c7-4260-9d08-acd32f4d7801/datanode-3/data/ratis/245fa121-e400-4c81-a58a-4c7ff9cdd4d5
2023-12-26 17:42:35,569 [559a6ab5-825d-4c14-b258-477429313dde-groupManagement] INFO  server.RaftServerConfigKeys (ConfUtils.java:logGet(46)) - raft.server.log.queue.byte-limit = 4294967296 (custom)
2023-12-26 17:42:35,569 [559a6ab5-825d-4c14-b258-477429313dde-groupManagement] INFO  server.RaftServerConfigKeys (ConfUtils.java:logGet(46)) - raft.server.log.queue.element-limit = 1024 (custom)
2023-12-26 17:42:35,569 [559a6ab5-825d-4c14-b258-477429313dde-groupManagement] INFO  server.RaftServerConfigKeys (ConfUtils.java:logGet(46)) - raft.server.log.segment.size.max = 67108864 (custom)
2023-12-26 17:42:35,569 [559a6ab5-825d-4c14-b258-477429313dde-groupManagement] INFO  server.RaftServerConfigKeys (ConfUtils.java:logGet(46)) - raft.server.log.preallocated.size = 4194304 (custom)
2023-12-26 17:42:35,569 [559a6ab5-825d-4c14-b258-477429313dde-groupManagement] INFO  server.RaftServerConfigKeys (ConfUtils.java:logGet(46)) - raft.server.log.force.sync.num = 128 (default)
2023-12-26 17:42:35,569 [559a6ab5-825d-4c14-b258-477429313dde-groupManagement] INFO  server.RaftServerConfigKeys (ConfUtils.java:logGet(46)) - raft.server.log.statemachine.data.sync = true (default)
2023-12-26 17:42:35,569 [559a6ab5-825d-4c14-b258-477429313dde-groupManagement] INFO  server.RaftServerConfigKeys (ConfUtils.java:logGet(46)) - raft.server.log.statemachine.data.sync.timeout = 10s (default)
2023-12-26 17:42:35,569 [559a6ab5-825d-4c14-b258-477429313dde-groupManagement] INFO  server.RaftServerConfigKeys (ConfUtils.java:logGet(46)) - raft.server.log.statemachine.data.sync.timeout.retry = 0 (custom)
2023-12-26 17:42:35,569 [559a6ab5-825d-4c14-b258-477429313dde-groupManagement] INFO  server.RaftServerConfigKeys (ConfUtils.java:logGet(46)) - raft.server.log.write.buffer.size = 8388616 (custom)
2023-12-26 17:42:35,571 [559a6ab5-825d-4c14-b258-477429313dde-groupManagement] INFO  server.RaftServerConfigKeys (ConfUtils.java:logGet(46)) - raft.server.log.appender.buffer.byte-limit = 8388608 (custom)
2023-12-26 17:42:35,571 [559a6ab5-825d-4c14-b258-477429313dde-groupManagement] INFO  server.RaftServerConfigKeys (ConfUtils.java:logGet(46)) - raft.server.log.unsafe-flush.enabled = false (default)
2023-12-26 17:42:35,571 [559a6ab5-825d-4c14-b258-477429313dde-groupManagement] INFO  server.RaftServerConfigKeys (ConfUtils.java:logGet(46)) - raft.server.log.async-flush.enabled = false (default)
2023-12-26 17:42:35,571 [559a6ab5-825d-4c14-b258-477429313dde-groupManagement] INFO  server.RaftServerConfigKeys (ConfUtils.java:logGet(46)) - raft.server.log.statemachine.data.caching.enabled = true (custom)
2023-12-26 17:42:35,572 [559a6ab5-825d-4c14-b258-477429313dde-groupManagement] INFO  segmented.SegmentedRaftLogWorker (SegmentedRaftLogWorker.java:lambda$new$0(135)) - 559a6ab5-825d-4c14-b258-477429313dde@group-4C7FF9CDD4D5-SegmentedRaftLogWorker: flushIndex: setUnconditionally 0 -> -1
2023-12-26 17:42:35,572 [559a6ab5-825d-4c14-b258-477429313dde-groupManagement] INFO  segmented.SegmentedRaftLogWorker (SegmentedRaftLogWorker.java:lambda$new$0(135)) - 559a6ab5-825d-4c14-b258-477429313dde@group-4C7FF9CDD4D5-SegmentedRaftLogWorker: safeCacheEvictIndex: setUnconditionally 0 -> -1
2023-12-26 17:42:35,572 [559a6ab5-825d-4c14-b258-477429313dde-groupManagement] INFO  server.RaftServer$Division (RaftServerImpl.java:start(392)) - 559a6ab5-825d-4c14-b258-477429313dde@group-4C7FF9CDD4D5: start as a follower, conf=-1: peers:[559a6ab5-825d-4c14-b258-477429313dde|10.1.0.4:15130]|listeners:[], old=null
2023-12-26 17:42:35,572 [559a6ab5-825d-4c14-b258-477429313dde-groupManagement] INFO  server.RaftServer$Division (RaftServerImpl.java:setRole(379)) - 559a6ab5-825d-4c14-b258-477429313dde@group-4C7FF9CDD4D5: changes role from      null to FOLLOWER at term 0 for startAsFollower
2023-12-26 17:42:35,572 [559a6ab5-825d-4c14-b258-477429313dde-groupManagement] INFO  impl.RoleInfo (RoleInfo.java:updateAndGet(139)) - 559a6ab5-825d-4c14-b258-477429313dde: start 559a6ab5-825d-4c14-b258-477429313dde@group-4C7FF9CDD4D5-FollowerState
2023-12-26 17:42:35,572 [559a6ab5-825d-4c14-b258-477429313dde@group-4C7FF9CDD4D5-FollowerState] INFO  server.RaftServerConfigKeys (ConfUtils.java:logFallback(53)) - raft.server.rpc.first-election.timeout.min = 5s (fallback to raft.server.rpc.timeout.min)
2023-12-26 17:42:35,572 [559a6ab5-825d-4c14-b258-477429313dde-groupManagement] INFO  util.JmxRegister (JmxRegister.java:tryRegister(44)) - Successfully registered JMX Bean with object name Ratis:service=RaftServer,group=group-4C7FF9CDD4D5,id=559a6ab5-825d-4c14-b258-477429313dde
2023-12-26 17:42:35,572 [559a6ab5-825d-4c14-b258-477429313dde-groupManagement] INFO  server.RaftServerConfigKeys (ConfUtils.java:logGet(46)) - raft.server.snapshot.trigger-when-stop.enabled = true (default)
2023-12-26 17:42:35,572 [559a6ab5-825d-4c14-b258-477429313dde-groupManagement] INFO  server.RaftServerConfigKeys (ConfUtils.java:logGet(46)) - raft.server.snapshot.auto.trigger.enabled = true (custom)
2023-12-26 17:42:35,572 [559a6ab5-825d-4c14-b258-477429313dde-groupManagement] INFO  server.RaftServerConfigKeys (ConfUtils.java:logGet(46)) - raft.server.snapshot.auto.trigger.threshold = 10000 (custom)
2023-12-26 17:42:35,572 [559a6ab5-825d-4c14-b258-477429313dde-groupManagement] INFO  server.RaftServerConfigKeys (ConfUtils.java:logGet(46)) - raft.server.snapshot.retention.file.num = 5 (custom)
2023-12-26 17:42:35,573 [559a6ab5-825d-4c14-b258-477429313dde-groupManagement] INFO  server.RaftServerConfigKeys (ConfUtils.java:logGet(46)) - raft.server.log.purge.upto.snapshot.index = false (default)
2023-12-26 17:42:35,573 [559a6ab5-825d-4c14-b258-477429313dde@group-4C7FF9CDD4D5-FollowerState] INFO  server.RaftServerConfigKeys (ConfUtils.java:logFallback(53)) - raft.server.rpc.first-election.timeout.max = 5200ms (fallback to raft.server.rpc.timeout.max)
2023-12-26 17:42:35,573 [559a6ab5-825d-4c14-b258-477429313dde-PipelineCommandHandlerThread-0] INFO  ratis.XceiverServerRatis (XceiverServerRatis.java:addGroup(837)) - Created group PipelineID=245fa121-e400-4c81-a58a-4c7ff9cdd4d5
2023-12-26 17:42:35,576 [559a6ab5-825d-4c14-b258-477429313dde-PipelineCommandHandlerThread-0] INFO  commandhandler.CreatePipelineCommandHandler (CreatePipelineCommandHandler.java:lambda$handle$2(124)) - Created Pipeline RATIS ONE PipelineID=245fa121-e400-4c81-a58a-4c7ff9cdd4d5.
2023-12-26 17:42:35,576 [559a6ab5-825d-4c14-b258-477429313dde-PipelineCommandHandlerThread-0] INFO  server.RaftServer (RaftServerProxy.java:addNew(100)) - 559a6ab5-825d-4c14-b258-477429313dde: addNew group-7BC91E35481A:[44b0d7ae-65a5-40e5-9d42-50dc3ce2f2bb|10.1.0.4:15148, 12bf515f-ba3e-42f8-ba13-af4a8bda6fda|10.1.0.4:15139, 559a6ab5-825d-4c14-b258-477429313dde|10.1.0.4:15130] returns group-7BC91E35481A:java.util.concurrent.CompletableFuture@4c34b0e3[Not completed]
2023-12-26 17:42:35,577 [559a6ab5-825d-4c14-b258-477429313dde-groupManagement] INFO  server.RaftServer$Division (RaftServerImpl.java:<init>(256)) - 559a6ab5-825d-4c14-b258-477429313dde: new RaftServerImpl for group-7BC91E35481A:[44b0d7ae-65a5-40e5-9d42-50dc3ce2f2bb|10.1.0.4:15148, 12bf515f-ba3e-42f8-ba13-af4a8bda6fda|10.1.0.4:15139, 559a6ab5-825d-4c14-b258-477429313dde|10.1.0.4:15130] with ContainerStateMachine:uninitialized
2023-12-26 17:42:35,577 [559a6ab5-825d-4c14-b258-477429313dde-groupManagement] INFO  server.RaftServerConfigKeys (ConfUtils.java:logGet(46)) - raft.server.rpc.timeout.min = 5s (custom)
2023-12-26 17:42:35,577 [559a6ab5-825d-4c14-b258-477429313dde-groupManagement] INFO  server.RaftServerConfigKeys (ConfUtils.java:logGet(46)) - raft.server.rpc.timeout.max = 5200ms (custom)
2023-12-26 17:42:35,577 [559a6ab5-825d-4c14-b258-477429313dde-groupManagement] INFO  server.RaftServerConfigKeys (ConfUtils.java:logGet(46)) - raft.server.rpc.sleep.time = 25ms (default)
2023-12-26 17:42:35,577 [559a6ab5-825d-4c14-b258-477429313dde-groupManagement] INFO  server.RaftServerConfigKeys (ConfUtils.java:logGet(46)) - raft.server.rpc.slowness.timeout = 300000ms (custom)
2023-12-26 17:42:35,577 [559a6ab5-825d-4c14-b258-477429313dde-groupManagement] INFO  server.RaftServerConfigKeys (ConfUtils.java:logGet(46)) - raft.server.leaderelection.leader.step-down.wait-time = 10s (default)
2023-12-26 17:42:35,577 [559a6ab5-825d-4c14-b258-477429313dde-groupManagement] INFO  server.RaftServerConfigKeys (ConfUtils.java:logGet(46)) - raft.server.leaderelection.member.majority-add = false (default)
2023-12-26 17:42:35,577 [559a6ab5-825d-4c14-b258-477429313dde-groupManagement] INFO  server.RaftServerConfigKeys (ConfUtils.java:logGet(46)) - raft.server.sleep.deviation.threshold = 300ms (default)
2023-12-26 17:42:35,577 [559a6ab5-825d-4c14-b258-477429313dde-groupManagement] INFO  server.RaftServer$Division (ServerState.java:<init>(113)) - 559a6ab5-825d-4c14-b258-477429313dde@group-7BC91E35481A: ConfigurationManager, init=-1: peers:[44b0d7ae-65a5-40e5-9d42-50dc3ce2f2bb|10.1.0.4:15148, 12bf515f-ba3e-42f8-ba13-af4a8bda6fda|10.1.0.4:15139, 559a6ab5-825d-4c14-b258-477429313dde|10.1.0.4:15130]|listeners:[], old=null, confs=<EMPTY_MAP>
2023-12-26 17:42:35,578 [559a6ab5-825d-4c14-b258-477429313dde-groupManagement] INFO  server.RaftServerConfigKeys (ConfUtils.java:logGet(46)) - raft.server.notification.no-leader.timeout = 300000ms (custom)
2023-12-26 17:42:35,578 [559a6ab5-825d-4c14-b258-477429313dde-groupManagement] INFO  server.RaftServerConfigKeys (ConfUtils.java:logGet(46)) - raft.server.read.timeout = 10s (default)
2023-12-26 17:42:35,578 [559a6ab5-825d-4c14-b258-477429313dde-groupManagement] INFO  server.RaftServerConfigKeys (ConfUtils.java:logGet(46)) - raft.server.retrycache.expirytime = 600000ms (custom)
2023-12-26 17:42:35,578 [559a6ab5-825d-4c14-b258-477429313dde-groupManagement] INFO  server.RaftServerConfigKeys (ConfUtils.java:logGet(46)) - raft.server.retrycache.statistics.expirytime = 100ms (default)
2023-12-26 17:42:35,578 [559a6ab5-825d-4c14-b258-477429313dde-groupManagement] INFO  server.RaftServerConfigKeys (ConfUtils.java:logGet(46)) - raft.server.read.option = DEFAULT (default)
2023-12-26 17:42:35,578 [559a6ab5-825d-4c14-b258-477429313dde-groupManagement] INFO  server.RaftServerConfigKeys (ConfUtils.java:logGet(46)) - raft.server.read.read-after-write-consistent.write-index-cache.expiry-time = 60s (default)
2023-12-26 17:42:35,579 [559a6ab5-825d-4c14-b258-477429313dde-groupManagement] INFO  server.RaftServerConfigKeys (ConfUtils.java:logGet(46)) - raft.server.rpc.request.timeout = 3000ms (default)
2023-12-26 17:42:35,579 [559a6ab5-825d-4c14-b258-477429313dde-groupManagement] INFO  server.RaftServerConfigKeys (ConfUtils.java:logGet(46)) - raft.server.log.appender.install.snapshot.enabled = false (custom)
2023-12-26 17:42:35,580 [559a6ab5-825d-4c14-b258-477429313dde-groupManagement] INFO  server.RaftServerConfigKeys (ConfUtils.java:logGet(46)) - raft.server.threadpool.server.cached = true (default)
2023-12-26 17:42:35,580 [559a6ab5-825d-4c14-b258-477429313dde-groupManagement] INFO  server.RaftServerConfigKeys (ConfUtils.java:logGet(46)) - raft.server.threadpool.server.size = 0 (default)
2023-12-26 17:42:35,580 [559a6ab5-825d-4c14-b258-477429313dde-groupManagement] INFO  server.RaftServerConfigKeys (ConfUtils.java:logGet(46)) - raft.server.threadpool.client.cached = true (default)
2023-12-26 17:42:35,580 [559a6ab5-825d-4c14-b258-477429313dde-groupManagement] INFO  server.RaftServerConfigKeys (ConfUtils.java:logGet(46)) - raft.server.threadpool.client.size = 0 (default)
2023-12-26 17:42:35,580 [559a6ab5-825d-4c14-b258-477429313dde-groupManagement] INFO  server.RaftServerConfigKeys (ConfUtils.java:logGet(46)) - raft.server.storage.free-space.min = 0MB (=0) (default)
2023-12-26 17:42:35,580 [559a6ab5-825d-4c14-b258-477429313dde-groupManagement] INFO  server.RaftServerConfigKeys (ConfUtils.java:logGet(46)) - raft.server.log.corruption.policy = EXCEPTION (default)
2023-12-26 17:42:35,580 [559a6ab5-825d-4c14-b258-477429313dde-groupManagement] INFO  server.RaftServerConfigKeys (ConfUtils.java:logGet(46)) - raft.server.storage.dir = [/home/runner/work/ozone/ozone/hadoop-ozone/integration-test/target/test-dir/MiniOzoneClusterImpl-c07e4b46-e5c7-4260-9d08-acd32f4d7801/datanode-3/data/ratis] (custom)
2023-12-26 17:42:35,580 [559a6ab5-825d-4c14-b258-477429313dde-groupManagement] INFO  storage.RaftStorageDirectory (RaftStorageDirectoryImpl.java:analyzeStorage(138)) - The storage directory /home/runner/work/ozone/ozone/hadoop-ozone/integration-test/target/test-dir/MiniOzoneClusterImpl-c07e4b46-e5c7-4260-9d08-acd32f4d7801/datanode-3/data/ratis/bf94fe18-add2-4dcd-b198-7bc91e35481a does not exist. Creating ...
2023-12-26 17:42:35,581 [559a6ab5-825d-4c14-b258-477429313dde-groupManagement] INFO  storage.RaftStorageDirectory (RaftStorageDirectoryImpl.java:tryLock(232)) - Lock on /home/runner/work/ozone/ozone/hadoop-ozone/integration-test/target/test-dir/MiniOzoneClusterImpl-c07e4b46-e5c7-4260-9d08-acd32f4d7801/datanode-3/data/ratis/bf94fe18-add2-4dcd-b198-7bc91e35481a/in_use.lock acquired by nodename 85971@fv-az1381-115
2023-12-26 17:42:35,582 [559a6ab5-825d-4c14-b258-477429313dde-groupManagement] INFO  storage.RaftStorage (RaftStorageImpl.java:format(97)) - Storage directory /home/runner/work/ozone/ozone/hadoop-ozone/integration-test/target/test-dir/MiniOzoneClusterImpl-c07e4b46-e5c7-4260-9d08-acd32f4d7801/datanode-3/data/ratis/bf94fe18-add2-4dcd-b198-7bc91e35481a has been successfully formatted.
2023-12-26 17:42:35,583 [559a6ab5-825d-4c14-b258-477429313dde-groupManagement] INFO  ratis.ContainerStateMachine (ContainerStateMachine.java:loadSnapshot(287)) - group-7BC91E35481A: The snapshot info is null. Setting the last applied indexto:(t:0, i:~)
2023-12-26 17:42:35,583 [559a6ab5-825d-4c14-b258-477429313dde-groupManagement] INFO  server.RaftServerConfigKeys (ConfUtils.java:logGet(46)) - raft.server.log.use.memory = false (default)
2023-12-26 17:42:35,583 [559a6ab5-825d-4c14-b258-477429313dde-groupManagement] INFO  server.RaftServerConfigKeys (ConfUtils.java:logGet(46)) - raft.server.log.purge.gap = 1000000 (custom)
2023-12-26 17:42:35,583 [559a6ab5-825d-4c14-b258-477429313dde-groupManagement] INFO  server.RaftServerConfigKeys (ConfUtils.java:logGet(46)) - raft.server.log.appender.buffer.byte-limit = 8388608 (custom)
2023-12-26 17:42:35,583 [559a6ab5-825d-4c14-b258-477429313dde-groupManagement] INFO  server.RaftServerConfigKeys (ConfUtils.java:logGet(46)) - raft.server.log.statemachine.data.read.timeout = 1000ms (default)
2023-12-26 17:42:35,583 [559a6ab5-825d-4c14-b258-477429313dde-groupManagement] INFO  server.RaftServerConfigKeys (ConfUtils.java:logGet(46)) - raft.server.log.purge.preservation.log.num = 0 (default)
2023-12-26 17:42:35,584 [EventQueue-OpenPipelineForHealthyPipelineSafeModeRule] INFO  safemode.SCMSafeModeManager (HealthyPipelineSafeModeRule.java:process(140)) - SCM in safe mode. Healthy pipelines reported count is 0, required healthy pipeline reported count is 1
2023-12-26 17:42:35,585 [559a6ab5-825d-4c14-b258-477429313dde-groupManagement] INFO  server.RaftServerConfigKeys (ConfUtils.java:logGet(46)) - raft.server.log.segment.size.max = 67108864 (custom)
2023-12-26 17:42:35,585 [559a6ab5-825d-4c14-b258-477429313dde-groupManagement] INFO  server.RaftServerConfigKeys (ConfUtils.java:logGet(46)) - raft.server.log.segment.cache.num.max = 2 (custom)
2023-12-26 17:42:35,585 [559a6ab5-825d-4c14-b258-477429313dde-groupManagement] INFO  server.RaftServerConfigKeys (ConfUtils.java:logGet(46)) - raft.server.log.segment.cache.size.max = 200MB (=209715200) (default)
2023-12-26 17:42:35,585 [559a6ab5-825d-4c14-b258-477429313dde-groupManagement] INFO  server.RaftServerConfigKeys (ConfUtils.java:logGet(46)) - raft.server.log.appender.buffer.byte-limit = 8388608 (custom)
2023-12-26 17:42:35,585 [559a6ab5-825d-4c14-b258-477429313dde-groupManagement] INFO  util.AwaitToRun (AwaitToRun.java:start(81)) - Thread[559a6ab5-825d-4c14-b258-477429313dde@group-7BC91E35481A-cacheEviction-AwaitToRun,5,main] started
2023-12-26 17:42:35,586 [559a6ab5-825d-4c14-b258-477429313dde-groupManagement] INFO  segmented.SegmentedRaftLogWorker (SegmentedRaftLogWorker.java:<init>(184)) - new 559a6ab5-825d-4c14-b258-477429313dde@group-7BC91E35481A-SegmentedRaftLogWorker for RaftStorageImpl:Storage Directory /home/runner/work/ozone/ozone/hadoop-ozone/integration-test/target/test-dir/MiniOzoneClusterImpl-c07e4b46-e5c7-4260-9d08-acd32f4d7801/datanode-3/data/ratis/bf94fe18-add2-4dcd-b198-7bc91e35481a
2023-12-26 17:42:35,586 [559a6ab5-825d-4c14-b258-477429313dde-groupManagement] INFO  server.RaftServerConfigKeys (ConfUtils.java:logGet(46)) - raft.server.log.queue.byte-limit = 4294967296 (custom)
2023-12-26 17:42:35,586 [559a6ab5-825d-4c14-b258-477429313dde-groupManagement] INFO  server.RaftServerConfigKeys (ConfUtils.java:logGet(46)) - raft.server.log.queue.element-limit = 1024 (custom)
2023-12-26 17:42:35,586 [559a6ab5-825d-4c14-b258-477429313dde-groupManagement] INFO  server.RaftServerConfigKeys (ConfUtils.java:logGet(46)) - raft.server.log.segment.size.max = 67108864 (custom)
2023-12-26 17:42:35,586 [559a6ab5-825d-4c14-b258-477429313dde-groupManagement] INFO  server.RaftServerConfigKeys (ConfUtils.java:logGet(46)) - raft.server.log.preallocated.size = 4194304 (custom)
2023-12-26 17:42:35,586 [559a6ab5-825d-4c14-b258-477429313dde-groupManagement] INFO  server.RaftServerConfigKeys (ConfUtils.java:logGet(46)) - raft.server.log.force.sync.num = 128 (default)
2023-12-26 17:42:35,586 [559a6ab5-825d-4c14-b258-477429313dde-groupManagement] INFO  server.RaftServerConfigKeys (ConfUtils.java:logGet(46)) - raft.server.log.statemachine.data.sync = true (default)
2023-12-26 17:42:35,586 [559a6ab5-825d-4c14-b258-477429313dde-groupManagement] INFO  server.RaftServerConfigKeys (ConfUtils.java:logGet(46)) - raft.server.log.statemachine.data.sync.timeout = 10s (default)
2023-12-26 17:42:35,586 [559a6ab5-825d-4c14-b258-477429313dde-groupManagement] INFO  server.RaftServerConfigKeys (ConfUtils.java:logGet(46)) - raft.server.log.statemachine.data.sync.timeout.retry = 0 (custom)
2023-12-26 17:42:35,586 [559a6ab5-825d-4c14-b258-477429313dde-groupManagement] INFO  server.RaftServerConfigKeys (ConfUtils.java:logGet(46)) - raft.server.log.write.buffer.size = 8388616 (custom)
2023-12-26 17:42:35,588 [559a6ab5-825d-4c14-b258-477429313dde-groupManagement] INFO  server.RaftServerConfigKeys (ConfUtils.java:logGet(46)) - raft.server.log.appender.buffer.byte-limit = 8388608 (custom)
2023-12-26 17:42:35,589 [559a6ab5-825d-4c14-b258-477429313dde-groupManagement] INFO  server.RaftServerConfigKeys (ConfUtils.java:logGet(46)) - raft.server.log.unsafe-flush.enabled = false (default)
2023-12-26 17:42:35,589 [559a6ab5-825d-4c14-b258-477429313dde-groupManagement] INFO  server.RaftServerConfigKeys (ConfUtils.java:logGet(46)) - raft.server.log.async-flush.enabled = false (default)
2023-12-26 17:42:35,589 [559a6ab5-825d-4c14-b258-477429313dde-groupManagement] INFO  server.RaftServerConfigKeys (ConfUtils.java:logGet(46)) - raft.server.log.statemachine.data.caching.enabled = true (custom)
2023-12-26 17:42:35,589 [559a6ab5-825d-4c14-b258-477429313dde-groupManagement] INFO  segmented.SegmentedRaftLogWorker (SegmentedRaftLogWorker.java:lambda$new$0(135)) - 559a6ab5-825d-4c14-b258-477429313dde@group-7BC91E35481A-SegmentedRaftLogWorker: flushIndex: setUnconditionally 0 -> -1
2023-12-26 17:42:35,589 [559a6ab5-825d-4c14-b258-477429313dde-groupManagement] INFO  segmented.SegmentedRaftLogWorker (SegmentedRaftLogWorker.java:lambda$new$0(135)) - 559a6ab5-825d-4c14-b258-477429313dde@group-7BC91E35481A-SegmentedRaftLogWorker: safeCacheEvictIndex: setUnconditionally 0 -> -1
2023-12-26 17:42:35,590 [559a6ab5-825d-4c14-b258-477429313dde-groupManagement] INFO  server.RaftServer$Division (RaftServerImpl.java:start(392)) - 559a6ab5-825d-4c14-b258-477429313dde@group-7BC91E35481A: start as a follower, conf=-1: peers:[44b0d7ae-65a5-40e5-9d42-50dc3ce2f2bb|10.1.0.4:15148, 12bf515f-ba3e-42f8-ba13-af4a8bda6fda|10.1.0.4:15139, 559a6ab5-825d-4c14-b258-477429313dde|10.1.0.4:15130]|listeners:[], old=null
2023-12-26 17:42:35,590 [559a6ab5-825d-4c14-b258-477429313dde-groupManagement] INFO  server.RaftServer$Division (RaftServerImpl.java:setRole(379)) - 559a6ab5-825d-4c14-b258-477429313dde@group-7BC91E35481A: changes role from      null to FOLLOWER at term 0 for startAsFollower
2023-12-26 17:42:35,590 [559a6ab5-825d-4c14-b258-477429313dde-groupManagement] INFO  impl.RoleInfo (RoleInfo.java:updateAndGet(139)) - 559a6ab5-825d-4c14-b258-477429313dde: start 559a6ab5-825d-4c14-b258-477429313dde@group-7BC91E35481A-FollowerState
2023-12-26 17:42:35,593 [559a6ab5-825d-4c14-b258-477429313dde-groupManagement] INFO  util.JmxRegister (JmxRegister.java:tryRegister(44)) - Successfully registered JMX Bean with object name Ratis:service=RaftServer,group=group-7BC91E35481A,id=559a6ab5-825d-4c14-b258-477429313dde
2023-12-26 17:42:35,593 [559a6ab5-825d-4c14-b258-477429313dde-groupManagement] INFO  server.RaftServerConfigKeys (ConfUtils.java:logGet(46)) - raft.server.snapshot.trigger-when-stop.enabled = true (default)
2023-12-26 17:42:35,593 [559a6ab5-825d-4c14-b258-477429313dde-groupManagement] INFO  server.RaftServerConfigKeys (ConfUtils.java:logGet(46)) - raft.server.snapshot.auto.trigger.enabled = true (custom)
2023-12-26 17:42:35,593 [559a6ab5-825d-4c14-b258-477429313dde-groupManagement] INFO  server.RaftServerConfigKeys (ConfUtils.java:logGet(46)) - raft.server.snapshot.auto.trigger.threshold = 10000 (custom)
2023-12-26 17:42:35,593 [559a6ab5-825d-4c14-b258-477429313dde-groupManagement] INFO  server.RaftServerConfigKeys (ConfUtils.java:logGet(46)) - raft.server.snapshot.retention.file.num = 5 (custom)
2023-12-26 17:42:35,593 [559a6ab5-825d-4c14-b258-477429313dde-groupManagement] INFO  server.RaftServerConfigKeys (ConfUtils.java:logGet(46)) - raft.server.log.purge.upto.snapshot.index = false (default)
2023-12-26 17:42:35,594 [559a6ab5-825d-4c14-b258-477429313dde-PipelineCommandHandlerThread-0] INFO  ratis.XceiverServerRatis (XceiverServerRatis.java:addGroup(837)) - Created group PipelineID=bf94fe18-add2-4dcd-b198-7bc91e35481a
2023-12-26 17:42:35,598 [559a6ab5-825d-4c14-b258-477429313dde@group-7BC91E35481A-FollowerState] INFO  server.RaftServerConfigKeys (ConfUtils.java:logFallback(53)) - raft.server.rpc.first-election.timeout.min = 5s (fallback to raft.server.rpc.timeout.min)
2023-12-26 17:42:35,598 [559a6ab5-825d-4c14-b258-477429313dde@group-7BC91E35481A-FollowerState] INFO  server.RaftServerConfigKeys (ConfUtils.java:logFallback(53)) - raft.server.rpc.first-election.timeout.max = 5200ms (fallback to raft.server.rpc.timeout.max)
2023-12-26 17:42:35,603 [grpc-default-executor-0] INFO  server.RaftServer (RaftServerProxy.java:addNew(100)) - 44b0d7ae-65a5-40e5-9d42-50dc3ce2f2bb: addNew group-7BC91E35481A:[44b0d7ae-65a5-40e5-9d42-50dc3ce2f2bb|10.1.0.4:15148, 12bf515f-ba3e-42f8-ba13-af4a8bda6fda|10.1.0.4:15139, 559a6ab5-825d-4c14-b258-477429313dde|10.1.0.4:15130] returns group-7BC91E35481A:java.util.concurrent.CompletableFuture@2d08681d[Not completed]
2023-12-26 17:42:35,604 [44b0d7ae-65a5-40e5-9d42-50dc3ce2f2bb-groupManagement] INFO  server.RaftServer$Division (RaftServerImpl.java:<init>(256)) - 44b0d7ae-65a5-40e5-9d42-50dc3ce2f2bb: new RaftServerImpl for group-7BC91E35481A:[44b0d7ae-65a5-40e5-9d42-50dc3ce2f2bb|10.1.0.4:15148, 12bf515f-ba3e-42f8-ba13-af4a8bda6fda|10.1.0.4:15139, 559a6ab5-825d-4c14-b258-477429313dde|10.1.0.4:15130] with ContainerStateMachine:uninitialized
2023-12-26 17:42:35,604 [44b0d7ae-65a5-40e5-9d42-50dc3ce2f2bb-groupManagement] INFO  server.RaftServerConfigKeys (ConfUtils.java:logGet(46)) - raft.server.rpc.timeout.min = 5s (custom)
2023-12-26 17:42:35,604 [44b0d7ae-65a5-40e5-9d42-50dc3ce2f2bb-groupManagement] INFO  server.RaftServerConfigKeys (ConfUtils.java:logGet(46)) - raft.server.rpc.timeout.max = 5200ms (custom)
2023-12-26 17:42:35,604 [44b0d7ae-65a5-40e5-9d42-50dc3ce2f2bb-groupManagement] INFO  server.RaftServerConfigKeys (ConfUtils.java:logGet(46)) - raft.server.rpc.sleep.time = 25ms (default)
2023-12-26 17:42:35,604 [44b0d7ae-65a5-40e5-9d42-50dc3ce2f2bb-groupManagement] INFO  server.RaftServerConfigKeys (ConfUtils.java:logGet(46)) - raft.server.rpc.slowness.timeout = 300000ms (custom)
2023-12-26 17:42:35,604 [44b0d7ae-65a5-40e5-9d42-50dc3ce2f2bb-groupManagement] INFO  server.RaftServerConfigKeys (ConfUtils.java:logGet(46)) - raft.server.leaderelection.leader.step-down.wait-time = 10s (default)
2023-12-26 17:42:35,604 [44b0d7ae-65a5-40e5-9d42-50dc3ce2f2bb-groupManagement] INFO  server.RaftServerConfigKeys (ConfUtils.java:logGet(46)) - raft.server.leaderelection.member.majority-add = false (default)
2023-12-26 17:42:35,604 [44b0d7ae-65a5-40e5-9d42-50dc3ce2f2bb-groupManagement] INFO  server.RaftServerConfigKeys (ConfUtils.java:logGet(46)) - raft.server.sleep.deviation.threshold = 300ms (default)
2023-12-26 17:42:35,604 [44b0d7ae-65a5-40e5-9d42-50dc3ce2f2bb-groupManagement] INFO  server.RaftServer$Division (ServerState.java:<init>(113)) - 44b0d7ae-65a5-40e5-9d42-50dc3ce2f2bb@group-7BC91E35481A: ConfigurationManager, init=-1: peers:[44b0d7ae-65a5-40e5-9d42-50dc3ce2f2bb|10.1.0.4:15148, 12bf515f-ba3e-42f8-ba13-af4a8bda6fda|10.1.0.4:15139, 559a6ab5-825d-4c14-b258-477429313dde|10.1.0.4:15130]|listeners:[], old=null, confs=<EMPTY_MAP>
2023-12-26 17:42:35,605 [44b0d7ae-65a5-40e5-9d42-50dc3ce2f2bb-groupManagement] INFO  server.RaftServerConfigKeys (ConfUtils.java:logGet(46)) - raft.server.notification.no-leader.timeout = 300000ms (custom)
2023-12-26 17:42:35,605 [44b0d7ae-65a5-40e5-9d42-50dc3ce2f2bb-groupManagement] INFO  server.RaftServerConfigKeys (ConfUtils.java:logGet(46)) - raft.server.read.timeout = 10s (default)
2023-12-26 17:42:35,605 [44b0d7ae-65a5-40e5-9d42-50dc3ce2f2bb-groupManagement] INFO  server.RaftServerConfigKeys (ConfUtils.java:logGet(46)) - raft.server.retrycache.expirytime = 600000ms (custom)
2023-12-26 17:42:35,605 [44b0d7ae-65a5-40e5-9d42-50dc3ce2f2bb-groupManagement] INFO  server.RaftServerConfigKeys (ConfUtils.java:logGet(46)) - raft.server.retrycache.statistics.expirytime = 100ms (default)
2023-12-26 17:42:35,605 [44b0d7ae-65a5-40e5-9d42-50dc3ce2f2bb-groupManagement] INFO  server.RaftServerConfigKeys (ConfUtils.java:logGet(46)) - raft.server.read.option = DEFAULT (default)
2023-12-26 17:42:35,605 [44b0d7ae-65a5-40e5-9d42-50dc3ce2f2bb-groupManagement] INFO  server.RaftServerConfigKeys (ConfUtils.java:logGet(46)) - raft.server.read.read-after-write-consistent.write-index-cache.expiry-time = 60s (default)
2023-12-26 17:42:35,608 [44b0d7ae-65a5-40e5-9d42-50dc3ce2f2bb-groupManagement] INFO  server.RaftServerConfigKeys (ConfUtils.java:logGet(46)) - raft.server.rpc.request.timeout = 3000ms (default)
2023-12-26 17:42:35,608 [44b0d7ae-65a5-40e5-9d42-50dc3ce2f2bb-groupManagement] INFO  server.RaftServerConfigKeys (ConfUtils.java:logGet(46)) - raft.server.log.appender.install.snapshot.enabled = false (custom)
2023-12-26 17:42:35,608 [44b0d7ae-65a5-40e5-9d42-50dc3ce2f2bb-groupManagement] INFO  server.RaftServerConfigKeys (ConfUtils.java:logGet(46)) - raft.server.threadpool.server.cached = true (default)
2023-12-26 17:42:35,608 [44b0d7ae-65a5-40e5-9d42-50dc3ce2f2bb-groupManagement] INFO  server.RaftServerConfigKeys (ConfUtils.java:logGet(46)) - raft.server.threadpool.server.size = 0 (default)
2023-12-26 17:42:35,608 [44b0d7ae-65a5-40e5-9d42-50dc3ce2f2bb-groupManagement] INFO  server.RaftServerConfigKeys (ConfUtils.java:logGet(46)) - raft.server.threadpool.client.cached = true (default)
2023-12-26 17:42:35,609 [44b0d7ae-65a5-40e5-9d42-50dc3ce2f2bb-groupManagement] INFO  server.RaftServerConfigKeys (ConfUtils.java:logGet(46)) - raft.server.threadpool.client.size = 0 (default)
2023-12-26 17:42:35,609 [44b0d7ae-65a5-40e5-9d42-50dc3ce2f2bb-groupManagement] INFO  server.RaftServerConfigKeys (ConfUtils.java:logGet(46)) - raft.server.storage.free-space.min = 0MB (=0) (default)
2023-12-26 17:42:35,609 [44b0d7ae-65a5-40e5-9d42-50dc3ce2f2bb-groupManagement] INFO  server.RaftServerConfigKeys (ConfUtils.java:logGet(46)) - raft.server.log.corruption.policy = EXCEPTION (default)
2023-12-26 17:42:35,609 [44b0d7ae-65a5-40e5-9d42-50dc3ce2f2bb-groupManagement] INFO  server.RaftServerConfigKeys (ConfUtils.java:logGet(46)) - raft.server.storage.dir = [/home/runner/work/ozone/ozone/hadoop-ozone/integration-test/target/test-dir/MiniOzoneClusterImpl-c07e4b46-e5c7-4260-9d08-acd32f4d7801/datanode-5/data/ratis] (custom)
2023-12-26 17:42:35,609 [44b0d7ae-65a5-40e5-9d42-50dc3ce2f2bb-groupManagement] INFO  storage.RaftStorageDirectory (RaftStorageDirectoryImpl.java:analyzeStorage(138)) - The storage directory /home/runner/work/ozone/ozone/hadoop-ozone/integration-test/target/test-dir/MiniOzoneClusterImpl-c07e4b46-e5c7-4260-9d08-acd32f4d7801/datanode-5/data/ratis/bf94fe18-add2-4dcd-b198-7bc91e35481a does not exist. Creating ...
2023-12-26 17:42:35,610 [44b0d7ae-65a5-40e5-9d42-50dc3ce2f2bb-groupManagement] INFO  storage.RaftStorageDirectory (RaftStorageDirectoryImpl.java:tryLock(232)) - Lock on /home/runner/work/ozone/ozone/hadoop-ozone/integration-test/target/test-dir/MiniOzoneClusterImpl-c07e4b46-e5c7-4260-9d08-acd32f4d7801/datanode-5/data/ratis/bf94fe18-add2-4dcd-b198-7bc91e35481a/in_use.lock acquired by nodename 85971@fv-az1381-115
2023-12-26 17:42:35,611 [44b0d7ae-65a5-40e5-9d42-50dc3ce2f2bb-groupManagement] INFO  storage.RaftStorage (RaftStorageImpl.java:format(97)) - Storage directory /home/runner/work/ozone/ozone/hadoop-ozone/integration-test/target/test-dir/MiniOzoneClusterImpl-c07e4b46-e5c7-4260-9d08-acd32f4d7801/datanode-5/data/ratis/bf94fe18-add2-4dcd-b198-7bc91e35481a has been successfully formatted.
2023-12-26 17:42:35,612 [44b0d7ae-65a5-40e5-9d42-50dc3ce2f2bb-groupManagement] INFO  ratis.ContainerStateMachine (ContainerStateMachine.java:loadSnapshot(287)) - group-7BC91E35481A: The snapshot info is null. Setting the last applied indexto:(t:0, i:~)
2023-12-26 17:42:35,612 [44b0d7ae-65a5-40e5-9d42-50dc3ce2f2bb-groupManagement] INFO  server.RaftServerConfigKeys (ConfUtils.java:logGet(46)) - raft.server.log.use.memory = false (default)
2023-12-26 17:42:35,612 [44b0d7ae-65a5-40e5-9d42-50dc3ce2f2bb-groupManagement] INFO  server.RaftServerConfigKeys (ConfUtils.java:logGet(46)) - raft.server.log.purge.gap = 1000000 (custom)
2023-12-26 17:42:35,612 [44b0d7ae-65a5-40e5-9d42-50dc3ce2f2bb-groupManagement] INFO  server.RaftServerConfigKeys (ConfUtils.java:logGet(46)) - raft.server.log.appender.buffer.byte-limit = 8388608 (custom)
2023-12-26 17:42:35,613 [44b0d7ae-65a5-40e5-9d42-50dc3ce2f2bb-groupManagement] INFO  server.RaftServerConfigKeys (ConfUtils.java:logGet(46)) - raft.server.log.statemachine.data.read.timeout = 1000ms (default)
2023-12-26 17:42:35,613 [44b0d7ae-65a5-40e5-9d42-50dc3ce2f2bb-groupManagement] INFO  server.RaftServerConfigKeys (ConfUtils.java:logGet(46)) - raft.server.log.purge.preservation.log.num = 0 (default)
2023-12-26 17:42:35,614 [44b0d7ae-65a5-40e5-9d42-50dc3ce2f2bb-groupManagement] INFO  server.RaftServerConfigKeys (ConfUtils.java:logGet(46)) - raft.server.log.segment.size.max = 67108864 (custom)
2023-12-26 17:42:35,614 [44b0d7ae-65a5-40e5-9d42-50dc3ce2f2bb-groupManagement] INFO  server.RaftServerConfigKeys (ConfUtils.java:logGet(46)) - raft.server.log.segment.cache.num.max = 2 (custom)
2023-12-26 17:42:35,614 [44b0d7ae-65a5-40e5-9d42-50dc3ce2f2bb-groupManagement] INFO  server.RaftServerConfigKeys (ConfUtils.java:logGet(46)) - raft.server.log.segment.cache.size.max = 200MB (=209715200) (default)
2023-12-26 17:42:35,614 [44b0d7ae-65a5-40e5-9d42-50dc3ce2f2bb-groupManagement] INFO  server.RaftServerConfigKeys (ConfUtils.java:logGet(46)) - raft.server.log.appender.buffer.byte-limit = 8388608 (custom)
2023-12-26 17:42:35,614 [44b0d7ae-65a5-40e5-9d42-50dc3ce2f2bb-groupManagement] INFO  util.AwaitToRun (AwaitToRun.java:start(81)) - Thread[44b0d7ae-65a5-40e5-9d42-50dc3ce2f2bb@group-7BC91E35481A-cacheEviction-AwaitToRun,5,main] started
2023-12-26 17:42:35,615 [44b0d7ae-65a5-40e5-9d42-50dc3ce2f2bb-groupManagement] INFO  segmented.SegmentedRaftLogWorker (SegmentedRaftLogWorker.java:<init>(184)) - new 44b0d7ae-65a5-40e5-9d42-50dc3ce2f2bb@group-7BC91E35481A-SegmentedRaftLogWorker for RaftStorageImpl:Storage Directory /home/runner/work/ozone/ozone/hadoop-ozone/integration-test/target/test-dir/MiniOzoneClusterImpl-c07e4b46-e5c7-4260-9d08-acd32f4d7801/datanode-5/data/ratis/bf94fe18-add2-4dcd-b198-7bc91e35481a
2023-12-26 17:42:35,615 [44b0d7ae-65a5-40e5-9d42-50dc3ce2f2bb-groupManagement] INFO  server.RaftServerConfigKeys (ConfUtils.java:logGet(46)) - raft.server.log.queue.byte-limit = 4294967296 (custom)
2023-12-26 17:42:35,615 [44b0d7ae-65a5-40e5-9d42-50dc3ce2f2bb-groupManagement] INFO  server.RaftServerConfigKeys (ConfUtils.java:logGet(46)) - raft.server.log.queue.element-limit = 1024 (custom)
2023-12-26 17:42:35,615 [44b0d7ae-65a5-40e5-9d42-50dc3ce2f2bb-groupManagement] INFO  server.RaftServerConfigKeys (ConfUtils.java:logGet(46)) - raft.server.log.segment.size.max = 67108864 (custom)
2023-12-26 17:42:35,615 [44b0d7ae-65a5-40e5-9d42-50dc3ce2f2bb-groupManagement] INFO  server.RaftServerConfigKeys (ConfUtils.java:logGet(46)) - raft.server.log.preallocated.size = 4194304 (custom)
2023-12-26 17:42:35,615 [44b0d7ae-65a5-40e5-9d42-50dc3ce2f2bb-groupManagement] INFO  server.RaftServerConfigKeys (ConfUtils.java:logGet(46)) - raft.server.log.force.sync.num = 128 (default)
2023-12-26 17:42:35,615 [44b0d7ae-65a5-40e5-9d42-50dc3ce2f2bb-groupManagement] INFO  server.RaftServerConfigKeys (ConfUtils.java:logGet(46)) - raft.server.log.statemachine.data.sync = true (default)
2023-12-26 17:42:35,615 [44b0d7ae-65a5-40e5-9d42-50dc3ce2f2bb-groupManagement] INFO  server.RaftServerConfigKeys (ConfUtils.java:logGet(46)) - raft.server.log.statemachine.data.sync.timeout = 10s (default)
2023-12-26 17:42:35,615 [44b0d7ae-65a5-40e5-9d42-50dc3ce2f2bb-groupManagement] INFO  server.RaftServerConfigKeys (ConfUtils.java:logGet(46)) - raft.server.log.statemachine.data.sync.timeout.retry = 0 (custom)
2023-12-26 17:42:35,615 [44b0d7ae-65a5-40e5-9d42-50dc3ce2f2bb-groupManagement] INFO  server.RaftServerConfigKeys (ConfUtils.java:logGet(46)) - raft.server.log.write.buffer.size = 8388616 (custom)
2023-12-26 17:42:35,617 [44b0d7ae-65a5-40e5-9d42-50dc3ce2f2bb-groupManagement] INFO  server.RaftServerConfigKeys (ConfUtils.java:logGet(46)) - raft.server.log.appender.buffer.byte-limit = 8388608 (custom)
2023-12-26 17:42:35,617 [44b0d7ae-65a5-40e5-9d42-50dc3ce2f2bb-groupManagement] INFO  server.RaftServerConfigKeys (ConfUtils.java:logGet(46)) - raft.server.log.unsafe-flush.enabled = false (default)
2023-12-26 17:42:35,617 [44b0d7ae-65a5-40e5-9d42-50dc3ce2f2bb-groupManagement] INFO  server.RaftServerConfigKeys (ConfUtils.java:logGet(46)) - raft.server.log.async-flush.enabled = false (default)
2023-12-26 17:42:35,617 [44b0d7ae-65a5-40e5-9d42-50dc3ce2f2bb-groupManagement] INFO  server.RaftServerConfigKeys (ConfUtils.java:logGet(46)) - raft.server.log.statemachine.data.caching.enabled = true (custom)
2023-12-26 17:42:35,617 [44b0d7ae-65a5-40e5-9d42-50dc3ce2f2bb-groupManagement] INFO  segmented.SegmentedRaftLogWorker (SegmentedRaftLogWorker.java:lambda$new$0(135)) - 44b0d7ae-65a5-40e5-9d42-50dc3ce2f2bb@group-7BC91E35481A-SegmentedRaftLogWorker: flushIndex: setUnconditionally 0 -> -1
2023-12-26 17:42:35,617 [44b0d7ae-65a5-40e5-9d42-50dc3ce2f2bb-groupManagement] INFO  segmented.SegmentedRaftLogWorker (SegmentedRaftLogWorker.java:lambda$new$0(135)) - 44b0d7ae-65a5-40e5-9d42-50dc3ce2f2bb@group-7BC91E35481A-SegmentedRaftLogWorker: safeCacheEvictIndex: setUnconditionally 0 -> -1
2023-12-26 17:42:35,618 [44b0d7ae-65a5-40e5-9d42-50dc3ce2f2bb-groupManagement] INFO  server.RaftServer$Division (RaftServerImpl.java:start(392)) - 44b0d7ae-65a5-40e5-9d42-50dc3ce2f2bb@group-7BC91E35481A: start as a follower, conf=-1: peers:[44b0d7ae-65a5-40e5-9d42-50dc3ce2f2bb|10.1.0.4:15148, 12bf515f-ba3e-42f8-ba13-af4a8bda6fda|10.1.0.4:15139, 559a6ab5-825d-4c14-b258-477429313dde|10.1.0.4:15130]|listeners:[], old=null
2023-12-26 17:42:35,618 [44b0d7ae-65a5-40e5-9d42-50dc3ce2f2bb-groupManagement] INFO  server.RaftServer$Division (RaftServerImpl.java:setRole(379)) - 44b0d7ae-65a5-40e5-9d42-50dc3ce2f2bb@group-7BC91E35481A: changes role from      null to FOLLOWER at term 0 for startAsFollower
2023-12-26 17:42:35,618 [44b0d7ae-65a5-40e5-9d42-50dc3ce2f2bb-groupManagement] INFO  impl.RoleInfo (RoleInfo.java:updateAndGet(139)) - 44b0d7ae-65a5-40e5-9d42-50dc3ce2f2bb: start 44b0d7ae-65a5-40e5-9d42-50dc3ce2f2bb@group-7BC91E35481A-FollowerState
2023-12-26 17:42:35,618 [44b0d7ae-65a5-40e5-9d42-50dc3ce2f2bb@group-7BC91E35481A-FollowerState] INFO  server.RaftServerConfigKeys (ConfUtils.java:logFallback(53)) - raft.server.rpc.first-election.timeout.min = 5s (fallback to raft.server.rpc.timeout.min)
2023-12-26 17:42:35,618 [44b0d7ae-65a5-40e5-9d42-50dc3ce2f2bb-groupManagement] INFO  util.JmxRegister (JmxRegister.java:tryRegister(44)) - Successfully registered JMX Bean with object name Ratis:service=RaftServer,group=group-7BC91E35481A,id=44b0d7ae-65a5-40e5-9d42-50dc3ce2f2bb
2023-12-26 17:42:35,618 [44b0d7ae-65a5-40e5-9d42-50dc3ce2f2bb@group-7BC91E35481A-FollowerState] INFO  server.RaftServerConfigKeys (ConfUtils.java:logFallback(53)) - raft.server.rpc.first-election.timeout.max = 5200ms (fallback to raft.server.rpc.timeout.max)
2023-12-26 17:42:35,618 [44b0d7ae-65a5-40e5-9d42-50dc3ce2f2bb-groupManagement] INFO  server.RaftServerConfigKeys (ConfUtils.java:logGet(46)) - raft.server.snapshot.trigger-when-stop.enabled = true (default)
2023-12-26 17:42:35,618 [44b0d7ae-65a5-40e5-9d42-50dc3ce2f2bb-groupManagement] INFO  server.RaftServerConfigKeys (ConfUtils.java:logGet(46)) - raft.server.snapshot.auto.trigger.enabled = true (custom)
2023-12-26 17:42:35,618 [44b0d7ae-65a5-40e5-9d42-50dc3ce2f2bb-groupManagement] INFO  server.RaftServerConfigKeys (ConfUtils.java:logGet(46)) - raft.server.snapshot.auto.trigger.threshold = 10000 (custom)
2023-12-26 17:42:35,618 [44b0d7ae-65a5-40e5-9d42-50dc3ce2f2bb-groupManagement] INFO  server.RaftServerConfigKeys (ConfUtils.java:logGet(46)) - raft.server.snapshot.retention.file.num = 5 (custom)
2023-12-26 17:42:35,618 [44b0d7ae-65a5-40e5-9d42-50dc3ce2f2bb-groupManagement] INFO  server.RaftServerConfigKeys (ConfUtils.java:logGet(46)) - raft.server.log.purge.upto.snapshot.index = false (default)
2023-12-26 17:42:35,630 [grpc-default-executor-0] INFO  server.RaftServer (RaftServerProxy.java:addNew(100)) - 12bf515f-ba3e-42f8-ba13-af4a8bda6fda: addNew group-7BC91E35481A:[44b0d7ae-65a5-40e5-9d42-50dc3ce2f2bb|10.1.0.4:15148, 12bf515f-ba3e-42f8-ba13-af4a8bda6fda|10.1.0.4:15139, 559a6ab5-825d-4c14-b258-477429313dde|10.1.0.4:15130] returns group-7BC91E35481A:java.util.concurrent.CompletableFuture@1f8f4400[Not completed]
2023-12-26 17:42:35,630 [12bf515f-ba3e-42f8-ba13-af4a8bda6fda-groupManagement] INFO  server.RaftServer$Division (RaftServerImpl.java:<init>(256)) - 12bf515f-ba3e-42f8-ba13-af4a8bda6fda: new RaftServerImpl for group-7BC91E35481A:[44b0d7ae-65a5-40e5-9d42-50dc3ce2f2bb|10.1.0.4:15148, 12bf515f-ba3e-42f8-ba13-af4a8bda6fda|10.1.0.4:15139, 559a6ab5-825d-4c14-b258-477429313dde|10.1.0.4:15130] with ContainerStateMachine:uninitialized
2023-12-26 17:42:35,630 [12bf515f-ba3e-42f8-ba13-af4a8bda6fda-groupManagement] INFO  server.RaftServerConfigKeys (ConfUtils.java:logGet(46)) - raft.server.rpc.timeout.min = 5s (custom)
2023-12-26 17:42:35,630 [12bf515f-ba3e-42f8-ba13-af4a8bda6fda-groupManagement] INFO  server.RaftServerConfigKeys (ConfUtils.java:logGet(46)) - raft.server.rpc.timeout.max = 5200ms (custom)
2023-12-26 17:42:35,631 [12bf515f-ba3e-42f8-ba13-af4a8bda6fda-groupManagement] INFO  server.RaftServerConfigKeys (ConfUtils.java:logGet(46)) - raft.server.rpc.sleep.time = 25ms (default)
2023-12-26 17:42:35,631 [12bf515f-ba3e-42f8-ba13-af4a8bda6fda-groupManagement] INFO  server.RaftServerConfigKeys (ConfUtils.java:logGet(46)) - raft.server.rpc.slowness.timeout = 300000ms (custom)
2023-12-26 17:42:35,631 [12bf515f-ba3e-42f8-ba13-af4a8bda6fda-groupManagement] INFO  server.RaftServerConfigKeys (ConfUtils.java:logGet(46)) - raft.server.leaderelection.leader.step-down.wait-time = 10s (default)
2023-12-26 17:42:35,631 [12bf515f-ba3e-42f8-ba13-af4a8bda6fda-groupManagement] INFO  server.RaftServerConfigKeys (ConfUtils.java:logGet(46)) - raft.server.leaderelection.member.majority-add = false (default)
2023-12-26 17:42:35,631 [12bf515f-ba3e-42f8-ba13-af4a8bda6fda-groupManagement] INFO  server.RaftServerConfigKeys (ConfUtils.java:logGet(46)) - raft.server.sleep.deviation.threshold = 300ms (default)
2023-12-26 17:42:35,631 [12bf515f-ba3e-42f8-ba13-af4a8bda6fda-groupManagement] INFO  server.RaftServer$Division (ServerState.java:<init>(113)) - 12bf515f-ba3e-42f8-ba13-af4a8bda6fda@group-7BC91E35481A: ConfigurationManager, init=-1: peers:[44b0d7ae-65a5-40e5-9d42-50dc3ce2f2bb|10.1.0.4:15148, 12bf515f-ba3e-42f8-ba13-af4a8bda6fda|10.1.0.4:15139, 559a6ab5-825d-4c14-b258-477429313dde|10.1.0.4:15130]|listeners:[], old=null, confs=<EMPTY_MAP>
2023-12-26 17:42:35,631 [12bf515f-ba3e-42f8-ba13-af4a8bda6fda-groupManagement] INFO  server.RaftServerConfigKeys (ConfUtils.java:logGet(46)) - raft.server.notification.no-leader.timeout = 300000ms (custom)
2023-12-26 17:42:35,632 [12bf515f-ba3e-42f8-ba13-af4a8bda6fda-groupManagement] INFO  server.RaftServerConfigKeys (ConfUtils.java:logGet(46)) - raft.server.read.timeout = 10s (default)
2023-12-26 17:42:35,632 [12bf515f-ba3e-42f8-ba13-af4a8bda6fda-groupManagement] INFO  server.RaftServerConfigKeys (ConfUtils.java:logGet(46)) - raft.server.retrycache.expirytime = 600000ms (custom)
2023-12-26 17:42:35,632 [12bf515f-ba3e-42f8-ba13-af4a8bda6fda-groupManagement] INFO  server.RaftServerConfigKeys (ConfUtils.java:logGet(46)) - raft.server.retrycache.statistics.expirytime = 100ms (default)
2023-12-26 17:42:35,632 [12bf515f-ba3e-42f8-ba13-af4a8bda6fda-groupManagement] INFO  server.RaftServerConfigKeys (ConfUtils.java:logGet(46)) - raft.server.read.option = DEFAULT (default)
2023-12-26 17:42:35,632 [12bf515f-ba3e-42f8-ba13-af4a8bda6fda-groupManagement] INFO  server.RaftServerConfigKeys (ConfUtils.java:logGet(46)) - raft.server.read.read-after-write-consistent.write-index-cache.expiry-time = 60s (default)
2023-12-26 17:42:35,634 [12bf515f-ba3e-42f8-ba13-af4a8bda6fda-groupManagement] INFO  server.RaftServerConfigKeys (ConfUtils.java:logGet(46)) - raft.server.rpc.request.timeout = 3000ms (default)
2023-12-26 17:42:35,634 [12bf515f-ba3e-42f8-ba13-af4a8bda6fda-groupManagement] INFO  server.RaftServerConfigKeys (ConfUtils.java:logGet(46)) - raft.server.log.appender.install.snapshot.enabled = false (custom)
2023-12-26 17:42:35,634 [12bf515f-ba3e-42f8-ba13-af4a8bda6fda-groupManagement] INFO  server.RaftServerConfigKeys (ConfUtils.java:logGet(46)) - raft.server.threadpool.server.cached = true (default)
2023-12-26 17:42:35,634 [12bf515f-ba3e-42f8-ba13-af4a8bda6fda-groupManagement] INFO  server.RaftServerConfigKeys (ConfUtils.java:logGet(46)) - raft.server.threadpool.server.size = 0 (default)
2023-12-26 17:42:35,634 [12bf515f-ba3e-42f8-ba13-af4a8bda6fda-groupManagement] INFO  server.RaftServerConfigKeys (ConfUtils.java:logGet(46)) - raft.server.threadpool.client.cached = true (default)
2023-12-26 17:42:35,634 [12bf515f-ba3e-42f8-ba13-af4a8bda6fda-groupManagement] INFO  server.RaftServerConfigKeys (ConfUtils.java:logGet(46)) - raft.server.threadpool.client.size = 0 (default)
2023-12-26 17:42:35,635 [12bf515f-ba3e-42f8-ba13-af4a8bda6fda-groupManagement] INFO  server.RaftServerConfigKeys (ConfUtils.java:logGet(46)) - raft.server.storage.free-space.min = 0MB (=0) (default)
2023-12-26 17:42:35,635 [12bf515f-ba3e-42f8-ba13-af4a8bda6fda-groupManagement] INFO  server.RaftServerConfigKeys (ConfUtils.java:logGet(46)) - raft.server.log.corruption.policy = EXCEPTION (default)
2023-12-26 17:42:35,635 [12bf515f-ba3e-42f8-ba13-af4a8bda6fda-groupManagement] INFO  server.RaftServerConfigKeys (ConfUtils.java:logGet(46)) - raft.server.storage.dir = [/home/runner/work/ozone/ozone/hadoop-ozone/integration-test/target/test-dir/MiniOzoneClusterImpl-c07e4b46-e5c7-4260-9d08-acd32f4d7801/datanode-4/data/ratis] (custom)
2023-12-26 17:42:35,635 [12bf515f-ba3e-42f8-ba13-af4a8bda6fda-groupManagement] INFO  storage.RaftStorageDirectory (RaftStorageDirectoryImpl.java:analyzeStorage(138)) - The storage directory /home/runner/work/ozone/ozone/hadoop-ozone/integration-test/target/test-dir/MiniOzoneClusterImpl-c07e4b46-e5c7-4260-9d08-acd32f4d7801/datanode-4/data/ratis/bf94fe18-add2-4dcd-b198-7bc91e35481a does not exist. Creating ...
2023-12-26 17:42:35,636 [12bf515f-ba3e-42f8-ba13-af4a8bda6fda-groupManagement] INFO  storage.RaftStorageDirectory (RaftStorageDirectoryImpl.java:tryLock(232)) - Lock on /home/runner/work/ozone/ozone/hadoop-ozone/integration-test/target/test-dir/MiniOzoneClusterImpl-c07e4b46-e5c7-4260-9d08-acd32f4d7801/datanode-4/data/ratis/bf94fe18-add2-4dcd-b198-7bc91e35481a/in_use.lock acquired by nodename 85971@fv-az1381-115
2023-12-26 17:42:35,637 [12bf515f-ba3e-42f8-ba13-af4a8bda6fda-groupManagement] INFO  storage.RaftStorage (RaftStorageImpl.java:format(97)) - Storage directory /home/runner/work/ozone/ozone/hadoop-ozone/integration-test/target/test-dir/MiniOzoneClusterImpl-c07e4b46-e5c7-4260-9d08-acd32f4d7801/datanode-4/data/ratis/bf94fe18-add2-4dcd-b198-7bc91e35481a has been successfully formatted.
2023-12-26 17:42:35,638 [12bf515f-ba3e-42f8-ba13-af4a8bda6fda-groupManagement] INFO  ratis.ContainerStateMachine (ContainerStateMachine.java:loadSnapshot(287)) - group-7BC91E35481A: The snapshot info is null. Setting the last applied indexto:(t:0, i:~)
2023-12-26 17:42:35,638 [12bf515f-ba3e-42f8-ba13-af4a8bda6fda-groupManagement] INFO  server.RaftServerConfigKeys (ConfUtils.java:logGet(46)) - raft.server.log.use.memory = false (default)
2023-12-26 17:42:35,638 [12bf515f-ba3e-42f8-ba13-af4a8bda6fda-groupManagement] INFO  server.RaftServerConfigKeys (ConfUtils.java:logGet(46)) - raft.server.log.purge.gap = 1000000 (custom)
2023-12-26 17:42:35,638 [12bf515f-ba3e-42f8-ba13-af4a8bda6fda-groupManagement] INFO  server.RaftServerConfigKeys (ConfUtils.java:logGet(46)) - raft.server.log.appender.buffer.byte-limit = 8388608 (custom)
2023-12-26 17:42:35,638 [12bf515f-ba3e-42f8-ba13-af4a8bda6fda-groupManagement] INFO  server.RaftServerConfigKeys (ConfUtils.java:logGet(46)) - raft.server.log.statemachine.data.read.timeout = 1000ms (default)
2023-12-26 17:42:35,639 [12bf515f-ba3e-42f8-ba13-af4a8bda6fda-groupManagement] INFO  server.RaftServerConfigKeys (ConfUtils.java:logGet(46)) - raft.server.log.purge.preservation.log.num = 0 (default)
2023-12-26 17:42:35,641 [12bf515f-ba3e-42f8-ba13-af4a8bda6fda-groupManagement] INFO  server.RaftServerConfigKeys (ConfUtils.java:logGet(46)) - raft.server.log.segment.size.max = 67108864 (custom)
2023-12-26 17:42:35,641 [12bf515f-ba3e-42f8-ba13-af4a8bda6fda-groupManagement] INFO  server.RaftServerConfigKeys (ConfUtils.java:logGet(46)) - raft.server.log.segment.cache.num.max = 2 (custom)
2023-12-26 17:42:35,641 [12bf515f-ba3e-42f8-ba13-af4a8bda6fda-groupManagement] INFO  server.RaftServerConfigKeys (ConfUtils.java:logGet(46)) - raft.server.log.segment.cache.size.max = 200MB (=209715200) (default)
2023-12-26 17:42:35,641 [12bf515f-ba3e-42f8-ba13-af4a8bda6fda-groupManagement] INFO  server.RaftServerConfigKeys (ConfUtils.java:logGet(46)) - raft.server.log.appender.buffer.byte-limit = 8388608 (custom)
2023-12-26 17:42:35,641 [12bf515f-ba3e-42f8-ba13-af4a8bda6fda-groupManagement] INFO  util.AwaitToRun (AwaitToRun.java:start(81)) - Thread[12bf515f-ba3e-42f8-ba13-af4a8bda6fda@group-7BC91E35481A-cacheEviction-AwaitToRun,5,main] started
2023-12-26 17:42:35,641 [12bf515f-ba3e-42f8-ba13-af4a8bda6fda-groupManagement] INFO  segmented.SegmentedRaftLogWorker (SegmentedRaftLogWorker.java:<init>(184)) - new 12bf515f-ba3e-42f8-ba13-af4a8bda6fda@group-7BC91E35481A-SegmentedRaftLogWorker for RaftStorageImpl:Storage Directory /home/runner/work/ozone/ozone/hadoop-ozone/integration-test/target/test-dir/MiniOzoneClusterImpl-c07e4b46-e5c7-4260-9d08-acd32f4d7801/datanode-4/data/ratis/bf94fe18-add2-4dcd-b198-7bc91e35481a
2023-12-26 17:42:35,641 [12bf515f-ba3e-42f8-ba13-af4a8bda6fda-groupManagement] INFO  server.RaftServerConfigKeys (ConfUtils.java:logGet(46)) - raft.server.log.queue.byte-limit = 4294967296 (custom)
2023-12-26 17:42:35,641 [12bf515f-ba3e-42f8-ba13-af4a8bda6fda-groupManagement] INFO  server.RaftServerConfigKeys (ConfUtils.java:logGet(46)) - raft.server.log.queue.element-limit = 1024 (custom)
2023-12-26 17:42:35,642 [12bf515f-ba3e-42f8-ba13-af4a8bda6fda-groupManagement] INFO  server.RaftServerConfigKeys (ConfUtils.java:logGet(46)) - raft.server.log.segment.size.max = 67108864 (custom)
2023-12-26 17:42:35,642 [12bf515f-ba3e-42f8-ba13-af4a8bda6fda-groupManagement] INFO  server.RaftServerConfigKeys (ConfUtils.java:logGet(46)) - raft.server.log.preallocated.size = 4194304 (custom)
2023-12-26 17:42:35,642 [12bf515f-ba3e-42f8-ba13-af4a8bda6fda-groupManagement] INFO  server.RaftServerConfigKeys (ConfUtils.java:logGet(46)) - raft.server.log.force.sync.num = 128 (default)
2023-12-26 17:42:35,642 [12bf515f-ba3e-42f8-ba13-af4a8bda6fda-groupManagement] INFO  server.RaftServerConfigKeys (ConfUtils.java:logGet(46)) - raft.server.log.statemachine.data.sync = true (default)
2023-12-26 17:42:35,642 [12bf515f-ba3e-42f8-ba13-af4a8bda6fda-groupManagement] INFO  server.RaftServerConfigKeys (ConfUtils.java:logGet(46)) - raft.server.log.statemachine.data.sync.timeout = 10s (default)
2023-12-26 17:42:35,642 [12bf515f-ba3e-42f8-ba13-af4a8bda6fda-groupManagement] INFO  server.RaftServerConfigKeys (ConfUtils.java:logGet(46)) - raft.server.log.statemachine.data.sync.timeout.retry = 0 (custom)
2023-12-26 17:42:35,642 [12bf515f-ba3e-42f8-ba13-af4a8bda6fda-groupManagement] INFO  server.RaftServerConfigKeys (ConfUtils.java:logGet(46)) - raft.server.log.write.buffer.size = 8388616 (custom)
2023-12-26 17:42:35,644 [12bf515f-ba3e-42f8-ba13-af4a8bda6fda-groupManagement] INFO  server.RaftServerConfigKeys (ConfUtils.java:logGet(46)) - raft.server.log.appender.buffer.byte-limit = 8388608 (custom)
2023-12-26 17:42:35,644 [12bf515f-ba3e-42f8-ba13-af4a8bda6fda-groupManagement] INFO  server.RaftServerConfigKeys (ConfUtils.java:logGet(46)) - raft.server.log.unsafe-flush.enabled = false (default)
2023-12-26 17:42:35,645 [12bf515f-ba3e-42f8-ba13-af4a8bda6fda-groupManagement] INFO  server.RaftServerConfigKeys (ConfUtils.java:logGet(46)) - raft.server.log.async-flush.enabled = false (default)
2023-12-26 17:42:35,645 [12bf515f-ba3e-42f8-ba13-af4a8bda6fda-groupManagement] INFO  server.RaftServerConfigKeys (ConfUtils.java:logGet(46)) - raft.server.log.statemachine.data.caching.enabled = true (custom)
2023-12-26 17:42:35,645 [12bf515f-ba3e-42f8-ba13-af4a8bda6fda-groupManagement] INFO  segmented.SegmentedRaftLogWorker (SegmentedRaftLogWorker.java:lambda$new$0(135)) - 12bf515f-ba3e-42f8-ba13-af4a8bda6fda@group-7BC91E35481A-SegmentedRaftLogWorker: flushIndex: setUnconditionally 0 -> -1
2023-12-26 17:42:35,645 [12bf515f-ba3e-42f8-ba13-af4a8bda6fda-groupManagement] INFO  segmented.SegmentedRaftLogWorker (SegmentedRaftLogWorker.java:lambda$new$0(135)) - 12bf515f-ba3e-42f8-ba13-af4a8bda6fda@group-7BC91E35481A-SegmentedRaftLogWorker: safeCacheEvictIndex: setUnconditionally 0 -> -1
2023-12-26 17:42:35,645 [12bf515f-ba3e-42f8-ba13-af4a8bda6fda-groupManagement] INFO  server.RaftServer$Division (RaftServerImpl.java:start(392)) - 12bf515f-ba3e-42f8-ba13-af4a8bda6fda@group-7BC91E35481A: start as a follower, conf=-1: peers:[44b0d7ae-65a5-40e5-9d42-50dc3ce2f2bb|10.1.0.4:15148, 12bf515f-ba3e-42f8-ba13-af4a8bda6fda|10.1.0.4:15139, 559a6ab5-825d-4c14-b258-477429313dde|10.1.0.4:15130]|listeners:[], old=null
2023-12-26 17:42:35,645 [12bf515f-ba3e-42f8-ba13-af4a8bda6fda-groupManagement] INFO  server.RaftServer$Division (RaftServerImpl.java:setRole(379)) - 12bf515f-ba3e-42f8-ba13-af4a8bda6fda@group-7BC91E35481A: changes role from      null to FOLLOWER at term 0 for startAsFollower
2023-12-26 17:42:35,645 [12bf515f-ba3e-42f8-ba13-af4a8bda6fda-groupManagement] INFO  impl.RoleInfo (RoleInfo.java:updateAndGet(139)) - 12bf515f-ba3e-42f8-ba13-af4a8bda6fda: start 12bf515f-ba3e-42f8-ba13-af4a8bda6fda@group-7BC91E35481A-FollowerState
2023-12-26 17:42:35,645 [12bf515f-ba3e-42f8-ba13-af4a8bda6fda@group-7BC91E35481A-FollowerState] INFO  server.RaftServerConfigKeys (ConfUtils.java:logFallback(53)) - raft.server.rpc.first-election.timeout.min = 5s (fallback to raft.server.rpc.timeout.min)
2023-12-26 17:42:35,645 [12bf515f-ba3e-42f8-ba13-af4a8bda6fda-groupManagement] INFO  util.JmxRegister (JmxRegister.java:tryRegister(44)) - Successfully registered JMX Bean with object name Ratis:service=RaftServer,group=group-7BC91E35481A,id=12bf515f-ba3e-42f8-ba13-af4a8bda6fda
2023-12-26 17:42:35,645 [12bf515f-ba3e-42f8-ba13-af4a8bda6fda@group-7BC91E35481A-FollowerState] INFO  server.RaftServerConfigKeys (ConfUtils.java:logFallback(53)) - raft.server.rpc.first-election.timeout.max = 5200ms (fallback to raft.server.rpc.timeout.max)
2023-12-26 17:42:35,645 [12bf515f-ba3e-42f8-ba13-af4a8bda6fda-groupManagement] INFO  server.RaftServerConfigKeys (ConfUtils.java:logGet(46)) - raft.server.snapshot.trigger-when-stop.enabled = true (default)
2023-12-26 17:42:35,645 [12bf515f-ba3e-42f8-ba13-af4a8bda6fda-groupManagement] INFO  server.RaftServerConfigKeys (ConfUtils.java:logGet(46)) - raft.server.snapshot.auto.trigger.enabled = true (custom)
2023-12-26 17:42:35,645 [12bf515f-ba3e-42f8-ba13-af4a8bda6fda-groupManagement] INFO  server.RaftServerConfigKeys (ConfUtils.java:logGet(46)) - raft.server.snapshot.auto.trigger.threshold = 10000 (custom)
2023-12-26 17:42:35,646 [12bf515f-ba3e-42f8-ba13-af4a8bda6fda-groupManagement] INFO  server.RaftServerConfigKeys (ConfUtils.java:logGet(46)) - raft.server.snapshot.retention.file.num = 5 (custom)
2023-12-26 17:42:35,646 [12bf515f-ba3e-42f8-ba13-af4a8bda6fda-groupManagement] INFO  server.RaftServerConfigKeys (ConfUtils.java:logGet(46)) - raft.server.log.purge.upto.snapshot.index = false (default)
2023-12-26 17:42:35,649 [559a6ab5-825d-4c14-b258-477429313dde-PipelineCommandHandlerThread-0] INFO  commandhandler.CreatePipelineCommandHandler (CreatePipelineCommandHandler.java:lambda$handle$2(124)) - Created Pipeline RATIS THREE PipelineID=bf94fe18-add2-4dcd-b198-7bc91e35481a.
2023-12-26 17:42:35,670 [12bf515f-ba3e-42f8-ba13-af4a8bda6fda-PipelineCommandHandlerThread-0] INFO  server.RaftServer (RaftServerProxy.java:addNew(100)) - 12bf515f-ba3e-42f8-ba13-af4a8bda6fda: addNew group-BFF39BF067DC:[12bf515f-ba3e-42f8-ba13-af4a8bda6fda|10.1.0.4:15139] returns group-BFF39BF067DC:java.util.concurrent.CompletableFuture@35e504eb[Not completed]
2023-12-26 17:42:35,670 [12bf515f-ba3e-42f8-ba13-af4a8bda6fda-groupManagement] INFO  server.RaftServer$Division (RaftServerImpl.java:<init>(256)) - 12bf515f-ba3e-42f8-ba13-af4a8bda6fda: new RaftServerImpl for group-BFF39BF067DC:[12bf515f-ba3e-42f8-ba13-af4a8bda6fda|10.1.0.4:15139] with ContainerStateMachine:uninitialized
2023-12-26 17:42:35,670 [12bf515f-ba3e-42f8-ba13-af4a8bda6fda-groupManagement] INFO  server.RaftServerConfigKeys (ConfUtils.java:logGet(46)) - raft.server.rpc.timeout.min = 5s (custom)
2023-12-26 17:42:35,670 [12bf515f-ba3e-42f8-ba13-af4a8bda6fda-groupManagement] INFO  server.RaftServerConfigKeys (ConfUtils.java:logGet(46)) - raft.server.rpc.timeout.max = 5200ms (custom)
2023-12-26 17:42:35,670 [12bf515f-ba3e-42f8-ba13-af4a8bda6fda-groupManagement] INFO  server.RaftServerConfigKeys (ConfUtils.java:logGet(46)) - raft.server.rpc.sleep.time = 25ms (default)
2023-12-26 17:42:35,670 [12bf515f-ba3e-42f8-ba13-af4a8bda6fda-groupManagement] INFO  server.RaftServerConfigKeys (ConfUtils.java:logGet(46)) - raft.server.rpc.slowness.timeout = 300000ms (custom)
2023-12-26 17:42:35,671 [12bf515f-ba3e-42f8-ba13-af4a8bda6fda-groupManagement] INFO  server.RaftServerConfigKeys (ConfUtils.java:logGet(46)) - raft.server.leaderelection.leader.step-down.wait-time = 10s (default)
2023-12-26 17:42:35,671 [12bf515f-ba3e-42f8-ba13-af4a8bda6fda-groupManagement] INFO  server.RaftServerConfigKeys (ConfUtils.java:logGet(46)) - raft.server.leaderelection.member.majority-add = false (default)
2023-12-26 17:42:35,671 [12bf515f-ba3e-42f8-ba13-af4a8bda6fda-groupManagement] INFO  server.RaftServerConfigKeys (ConfUtils.java:logGet(46)) - raft.server.sleep.deviation.threshold = 300ms (default)
2023-12-26 17:42:35,671 [12bf515f-ba3e-42f8-ba13-af4a8bda6fda-groupManagement] INFO  server.RaftServer$Division (ServerState.java:<init>(113)) - 12bf515f-ba3e-42f8-ba13-af4a8bda6fda@group-BFF39BF067DC: ConfigurationManager, init=-1: peers:[12bf515f-ba3e-42f8-ba13-af4a8bda6fda|10.1.0.4:15139]|listeners:[], old=null, confs=<EMPTY_MAP>
2023-12-26 17:42:35,671 [12bf515f-ba3e-42f8-ba13-af4a8bda6fda-groupManagement] INFO  server.RaftServerConfigKeys (ConfUtils.java:logGet(46)) - raft.server.notification.no-leader.timeout = 300000ms (custom)
2023-12-26 17:42:35,671 [12bf515f-ba3e-42f8-ba13-af4a8bda6fda-groupManagement] INFO  server.RaftServerConfigKeys (ConfUtils.java:logGet(46)) - raft.server.read.timeout = 10s (default)
2023-12-26 17:42:35,671 [12bf515f-ba3e-42f8-ba13-af4a8bda6fda-groupManagement] INFO  server.RaftServerConfigKeys (ConfUtils.java:logGet(46)) - raft.server.retrycache.expirytime = 600000ms (custom)
2023-12-26 17:42:35,671 [12bf515f-ba3e-42f8-ba13-af4a8bda6fda-groupManagement] INFO  server.RaftServerConfigKeys (ConfUtils.java:logGet(46)) - raft.server.retrycache.statistics.expirytime = 100ms (default)
2023-12-26 17:42:35,671 [12bf515f-ba3e-42f8-ba13-af4a8bda6fda-groupManagement] INFO  server.RaftServerConfigKeys (ConfUtils.java:logGet(46)) - raft.server.read.option = DEFAULT (default)
2023-12-26 17:42:35,671 [12bf515f-ba3e-42f8-ba13-af4a8bda6fda-groupManagement] INFO  server.RaftServerConfigKeys (ConfUtils.java:logGet(46)) - raft.server.read.read-after-write-consistent.write-index-cache.expiry-time = 60s (default)
2023-12-26 17:42:35,673 [12bf515f-ba3e-42f8-ba13-af4a8bda6fda-groupManagement] INFO  server.RaftServerConfigKeys (ConfUtils.java:logGet(46)) - raft.server.rpc.request.timeout = 3000ms (default)
2023-12-26 17:42:35,673 [12bf515f-ba3e-42f8-ba13-af4a8bda6fda-groupManagement] INFO  server.RaftServerConfigKeys (ConfUtils.java:logGet(46)) - raft.server.log.appender.install.snapshot.enabled = false (custom)
2023-12-26 17:42:35,673 [12bf515f-ba3e-42f8-ba13-af4a8bda6fda-groupManagement] INFO  server.RaftServerConfigKeys (ConfUtils.java:logGet(46)) - raft.server.threadpool.server.cached = true (default)
2023-12-26 17:42:35,673 [12bf515f-ba3e-42f8-ba13-af4a8bda6fda-groupManagement] INFO  server.RaftServerConfigKeys (ConfUtils.java:logGet(46)) - raft.server.threadpool.server.size = 0 (default)
2023-12-26 17:42:35,673 [12bf515f-ba3e-42f8-ba13-af4a8bda6fda-groupManagement] INFO  server.RaftServerConfigKeys (ConfUtils.java:logGet(46)) - raft.server.threadpool.client.cached = true (default)
2023-12-26 17:42:35,673 [12bf515f-ba3e-42f8-ba13-af4a8bda6fda-groupManagement] INFO  server.RaftServerConfigKeys (ConfUtils.java:logGet(46)) - raft.server.threadpool.client.size = 0 (default)
2023-12-26 17:42:35,674 [12bf515f-ba3e-42f8-ba13-af4a8bda6fda-groupManagement] INFO  server.RaftServerConfigKeys (ConfUtils.java:logGet(46)) - raft.server.storage.free-space.min = 0MB (=0) (default)
2023-12-26 17:42:35,674 [12bf515f-ba3e-42f8-ba13-af4a8bda6fda-groupManagement] INFO  server.RaftServerConfigKeys (ConfUtils.java:logGet(46)) - raft.server.log.corruption.policy = EXCEPTION (default)
2023-12-26 17:42:35,674 [12bf515f-ba3e-42f8-ba13-af4a8bda6fda-groupManagement] INFO  server.RaftServerConfigKeys (ConfUtils.java:logGet(46)) - raft.server.storage.dir = [/home/runner/work/ozone/ozone/hadoop-ozone/integration-test/target/test-dir/MiniOzoneClusterImpl-c07e4b46-e5c7-4260-9d08-acd32f4d7801/datanode-4/data/ratis] (custom)
2023-12-26 17:42:35,674 [12bf515f-ba3e-42f8-ba13-af4a8bda6fda-groupManagement] INFO  storage.RaftStorageDirectory (RaftStorageDirectoryImpl.java:analyzeStorage(138)) - The storage directory /home/runner/work/ozone/ozone/hadoop-ozone/integration-test/target/test-dir/MiniOzoneClusterImpl-c07e4b46-e5c7-4260-9d08-acd32f4d7801/datanode-4/data/ratis/7d776e3b-01cd-4dc6-9352-bff39bf067dc does not exist. Creating ...
2023-12-26 17:42:35,675 [12bf515f-ba3e-42f8-ba13-af4a8bda6fda-groupManagement] INFO  storage.RaftStorageDirectory (RaftStorageDirectoryImpl.java:tryLock(232)) - Lock on /home/runner/work/ozone/ozone/hadoop-ozone/integration-test/target/test-dir/MiniOzoneClusterImpl-c07e4b46-e5c7-4260-9d08-acd32f4d7801/datanode-4/data/ratis/7d776e3b-01cd-4dc6-9352-bff39bf067dc/in_use.lock acquired by nodename 85971@fv-az1381-115
2023-12-26 17:42:35,676 [12bf515f-ba3e-42f8-ba13-af4a8bda6fda-groupManagement] INFO  storage.RaftStorage (RaftStorageImpl.java:format(97)) - Storage directory /home/runner/work/ozone/ozone/hadoop-ozone/integration-test/target/test-dir/MiniOzoneClusterImpl-c07e4b46-e5c7-4260-9d08-acd32f4d7801/datanode-4/data/ratis/7d776e3b-01cd-4dc6-9352-bff39bf067dc has been successfully formatted.
2023-12-26 17:42:35,676 [12bf515f-ba3e-42f8-ba13-af4a8bda6fda-groupManagement] INFO  ratis.ContainerStateMachine (ContainerStateMachine.java:loadSnapshot(287)) - group-BFF39BF067DC: The snapshot info is null. Setting the last applied indexto:(t:0, i:~)
2023-12-26 17:42:35,677 [12bf515f-ba3e-42f8-ba13-af4a8bda6fda-groupManagement] INFO  server.RaftServerConfigKeys (ConfUtils.java:logGet(46)) - raft.server.log.use.memory = false (default)
2023-12-26 17:42:35,677 [12bf515f-ba3e-42f8-ba13-af4a8bda6fda-groupManagement] INFO  server.RaftServerConfigKeys (ConfUtils.java:logGet(46)) - raft.server.log.purge.gap = 1000000 (custom)
2023-12-26 17:42:35,677 [12bf515f-ba3e-42f8-ba13-af4a8bda6fda-groupManagement] INFO  server.RaftServerConfigKeys (ConfUtils.java:logGet(46)) - raft.server.log.appender.buffer.byte-limit = 8388608 (custom)
2023-12-26 17:42:35,677 [12bf515f-ba3e-42f8-ba13-af4a8bda6fda-groupManagement] INFO  server.RaftServerConfigKeys (ConfUtils.java:logGet(46)) - raft.server.log.statemachine.data.read.timeout = 1000ms (default)
2023-12-26 17:42:35,677 [12bf515f-ba3e-42f8-ba13-af4a8bda6fda-groupManagement] INFO  server.RaftServerConfigKeys (ConfUtils.java:logGet(46)) - raft.server.log.purge.preservation.log.num = 0 (default)
2023-12-26 17:42:35,678 [EventQueue-PipelineReportForPipelineReportHandler] INFO  pipeline.PipelineReportHandler (PipelineReportHandler.java:processPipelineReport(136)) - Opened pipeline PipelineID=7d776e3b-01cd-4dc6-9352-bff39bf067dc
2023-12-26 17:42:35,678 [EventQueue-OpenPipelineForHealthyPipelineSafeModeRule] INFO  safemode.SCMSafeModeManager (HealthyPipelineSafeModeRule.java:process(140)) - SCM in safe mode. Healthy pipelines reported count is 0, required healthy pipeline reported count is 1
2023-12-26 17:42:35,678 [12bf515f-ba3e-42f8-ba13-af4a8bda6fda-groupManagement] INFO  server.RaftServerConfigKeys (ConfUtils.java:logGet(46)) - raft.server.log.segment.size.max = 67108864 (custom)
2023-12-26 17:42:35,679 [12bf515f-ba3e-42f8-ba13-af4a8bda6fda-groupManagement] INFO  server.RaftServerConfigKeys (ConfUtils.java:logGet(46)) - raft.server.log.segment.cache.num.max = 2 (custom)
2023-12-26 17:42:35,679 [12bf515f-ba3e-42f8-ba13-af4a8bda6fda-groupManagement] INFO  server.RaftServerConfigKeys (ConfUtils.java:logGet(46)) - raft.server.log.segment.cache.size.max = 200MB (=209715200) (default)
2023-12-26 17:42:35,679 [12bf515f-ba3e-42f8-ba13-af4a8bda6fda-groupManagement] INFO  server.RaftServerConfigKeys (ConfUtils.java:logGet(46)) - raft.server.log.appender.buffer.byte-limit = 8388608 (custom)
2023-12-26 17:42:35,679 [12bf515f-ba3e-42f8-ba13-af4a8bda6fda-groupManagement] INFO  util.AwaitToRun (AwaitToRun.java:start(81)) - Thread[12bf515f-ba3e-42f8-ba13-af4a8bda6fda@group-BFF39BF067DC-cacheEviction-AwaitToRun,5,main] started
2023-12-26 17:42:35,679 [12bf515f-ba3e-42f8-ba13-af4a8bda6fda-groupManagement] INFO  segmented.SegmentedRaftLogWorker (SegmentedRaftLogWorker.java:<init>(184)) - new 12bf515f-ba3e-42f8-ba13-af4a8bda6fda@group-BFF39BF067DC-SegmentedRaftLogWorker for RaftStorageImpl:Storage Directory /home/runner/work/ozone/ozone/hadoop-ozone/integration-test/target/test-dir/MiniOzoneClusterImpl-c07e4b46-e5c7-4260-9d08-acd32f4d7801/datanode-4/data/ratis/7d776e3b-01cd-4dc6-9352-bff39bf067dc
2023-12-26 17:42:35,679 [12bf515f-ba3e-42f8-ba13-af4a8bda6fda-groupManagement] INFO  server.RaftServerConfigKeys (ConfUtils.java:logGet(46)) - raft.server.log.queue.byte-limit = 4294967296 (custom)
2023-12-26 17:42:35,679 [12bf515f-ba3e-42f8-ba13-af4a8bda6fda-groupManagement] INFO  server.RaftServerConfigKeys (ConfUtils.java:logGet(46)) - raft.server.log.queue.element-limit = 1024 (custom)
2023-12-26 17:42:35,679 [12bf515f-ba3e-42f8-ba13-af4a8bda6fda-groupManagement] INFO  server.RaftServerConfigKeys (ConfUtils.java:logGet(46)) - raft.server.log.segment.size.max = 67108864 (custom)
2023-12-26 17:42:35,679 [12bf515f-ba3e-42f8-ba13-af4a8bda6fda-groupManagement] INFO  server.RaftServerConfigKeys (ConfUtils.java:logGet(46)) - raft.server.log.preallocated.size = 4194304 (custom)
2023-12-26 17:42:35,679 [12bf515f-ba3e-42f8-ba13-af4a8bda6fda-groupManagement] INFO  server.RaftServerConfigKeys (ConfUtils.java:logGet(46)) - raft.server.log.force.sync.num = 128 (default)
2023-12-26 17:42:35,680 [12bf515f-ba3e-42f8-ba13-af4a8bda6fda-groupManagement] INFO  server.RaftServerConfigKeys (ConfUtils.java:logGet(46)) - raft.server.log.statemachine.data.sync = true (default)
2023-12-26 17:42:35,680 [12bf515f-ba3e-42f8-ba13-af4a8bda6fda-groupManagement] INFO  server.RaftServerConfigKeys (ConfUtils.java:logGet(46)) - raft.server.log.statemachine.data.sync.timeout = 10s (default)
2023-12-26 17:42:35,680 [12bf515f-ba3e-42f8-ba13-af4a8bda6fda-groupManagement] INFO  server.RaftServerConfigKeys (ConfUtils.java:logGet(46)) - raft.server.log.statemachine.data.sync.timeout.retry = 0 (custom)
2023-12-26 17:42:35,680 [12bf515f-ba3e-42f8-ba13-af4a8bda6fda-groupManagement] INFO  server.RaftServerConfigKeys (ConfUtils.java:logGet(46)) - raft.server.log.write.buffer.size = 8388616 (custom)
2023-12-26 17:42:35,682 [12bf515f-ba3e-42f8-ba13-af4a8bda6fda-groupManagement] INFO  server.RaftServerConfigKeys (ConfUtils.java:logGet(46)) - raft.server.log.appender.buffer.byte-limit = 8388608 (custom)
2023-12-26 17:42:35,682 [12bf515f-ba3e-42f8-ba13-af4a8bda6fda-groupManagement] INFO  server.RaftServerConfigKeys (ConfUtils.java:logGet(46)) - raft.server.log.unsafe-flush.enabled = false (default)
2023-12-26 17:42:35,682 [12bf515f-ba3e-42f8-ba13-af4a8bda6fda-groupManagement] INFO  server.RaftServerConfigKeys (ConfUtils.java:logGet(46)) - raft.server.log.async-flush.enabled = false (default)
2023-12-26 17:42:35,682 [12bf515f-ba3e-42f8-ba13-af4a8bda6fda-groupManagement] INFO  server.RaftServerConfigKeys (ConfUtils.java:logGet(46)) - raft.server.log.statemachine.data.caching.enabled = true (custom)
2023-12-26 17:42:35,682 [12bf515f-ba3e-42f8-ba13-af4a8bda6fda-groupManagement] INFO  segmented.SegmentedRaftLogWorker (SegmentedRaftLogWorker.java:lambda$new$0(135)) - 12bf515f-ba3e-42f8-ba13-af4a8bda6fda@group-BFF39BF067DC-SegmentedRaftLogWorker: flushIndex: setUnconditionally 0 -> -1
2023-12-26 17:42:35,682 [12bf515f-ba3e-42f8-ba13-af4a8bda6fda-groupManagement] INFO  segmented.SegmentedRaftLogWorker (SegmentedRaftLogWorker.java:lambda$new$0(135)) - 12bf515f-ba3e-42f8-ba13-af4a8bda6fda@group-BFF39BF067DC-SegmentedRaftLogWorker: safeCacheEvictIndex: setUnconditionally 0 -> -1
2023-12-26 17:42:35,682 [12bf515f-ba3e-42f8-ba13-af4a8bda6fda-groupManagement] INFO  server.RaftServer$Division (RaftServerImpl.java:start(392)) - 12bf515f-ba3e-42f8-ba13-af4a8bda6fda@group-BFF39BF067DC: start as a follower, conf=-1: peers:[12bf515f-ba3e-42f8-ba13-af4a8bda6fda|10.1.0.4:15139]|listeners:[], old=null
2023-12-26 17:42:35,683 [12bf515f-ba3e-42f8-ba13-af4a8bda6fda-groupManagement] INFO  server.RaftServer$Division (RaftServerImpl.java:setRole(379)) - 12bf515f-ba3e-42f8-ba13-af4a8bda6fda@group-BFF39BF067DC: changes role from      null to FOLLOWER at term 0 for startAsFollower
2023-12-26 17:42:35,683 [12bf515f-ba3e-42f8-ba13-af4a8bda6fda-groupManagement] INFO  impl.RoleInfo (RoleInfo.java:updateAndGet(139)) - 12bf515f-ba3e-42f8-ba13-af4a8bda6fda: start 12bf515f-ba3e-42f8-ba13-af4a8bda6fda@group-BFF39BF067DC-FollowerState
2023-12-26 17:42:35,683 [12bf515f-ba3e-42f8-ba13-af4a8bda6fda-groupManagement] INFO  util.JmxRegister (JmxRegister.java:tryRegister(44)) - Successfully registered JMX Bean with object name Ratis:service=RaftServer,group=group-BFF39BF067DC,id=12bf515f-ba3e-42f8-ba13-af4a8bda6fda
2023-12-26 17:42:35,683 [12bf515f-ba3e-42f8-ba13-af4a8bda6fda@group-BFF39BF067DC-FollowerState] INFO  server.RaftServerConfigKeys (ConfUtils.java:logFallback(53)) - raft.server.rpc.first-election.timeout.min = 5s (fallback to raft.server.rpc.timeout.min)
2023-12-26 17:42:35,683 [12bf515f-ba3e-42f8-ba13-af4a8bda6fda-groupManagement] INFO  server.RaftServerConfigKeys (ConfUtils.java:logGet(46)) - raft.server.snapshot.trigger-when-stop.enabled = true (default)
2023-12-26 17:42:35,683 [12bf515f-ba3e-42f8-ba13-af4a8bda6fda@group-BFF39BF067DC-FollowerState] INFO  server.RaftServerConfigKeys (ConfUtils.java:logFallback(53)) - raft.server.rpc.first-election.timeout.max = 5200ms (fallback to raft.server.rpc.timeout.max)
2023-12-26 17:42:35,683 [12bf515f-ba3e-42f8-ba13-af4a8bda6fda-groupManagement] INFO  server.RaftServerConfigKeys (ConfUtils.java:logGet(46)) - raft.server.snapshot.auto.trigger.enabled = true (custom)
2023-12-26 17:42:35,683 [12bf515f-ba3e-42f8-ba13-af4a8bda6fda-groupManagement] INFO  server.RaftServerConfigKeys (ConfUtils.java:logGet(46)) - raft.server.snapshot.auto.trigger.threshold = 10000 (custom)
2023-12-26 17:42:35,683 [12bf515f-ba3e-42f8-ba13-af4a8bda6fda-groupManagement] INFO  server.RaftServerConfigKeys (ConfUtils.java:logGet(46)) - raft.server.snapshot.retention.file.num = 5 (custom)
2023-12-26 17:42:35,683 [12bf515f-ba3e-42f8-ba13-af4a8bda6fda-groupManagement] INFO  server.RaftServerConfigKeys (ConfUtils.java:logGet(46)) - raft.server.log.purge.upto.snapshot.index = false (default)
2023-12-26 17:42:35,684 [12bf515f-ba3e-42f8-ba13-af4a8bda6fda-PipelineCommandHandlerThread-0] INFO  ratis.XceiverServerRatis (XceiverServerRatis.java:addGroup(837)) - Created group PipelineID=7d776e3b-01cd-4dc6-9352-bff39bf067dc
2023-12-26 17:42:35,684 [12bf515f-ba3e-42f8-ba13-af4a8bda6fda-PipelineCommandHandlerThread-0] INFO  commandhandler.CreatePipelineCommandHandler (CreatePipelineCommandHandler.java:lambda$handle$2(124)) - Created Pipeline RATIS ONE PipelineID=7d776e3b-01cd-4dc6-9352-bff39bf067dc.
2023-12-26 17:42:35,771 [44b0d7ae-65a5-40e5-9d42-50dc3ce2f2bb-PipelineCommandHandlerThread-0] INFO  server.RaftServer (RaftServerProxy.java:addNew(100)) - 44b0d7ae-65a5-40e5-9d42-50dc3ce2f2bb: addNew group-2E46F1BBFCA7:[44b0d7ae-65a5-40e5-9d42-50dc3ce2f2bb|10.1.0.4:15148] returns group-2E46F1BBFCA7:java.util.concurrent.CompletableFuture@3339244a[Not completed]
2023-12-26 17:42:35,772 [44b0d7ae-65a5-40e5-9d42-50dc3ce2f2bb-groupManagement] INFO  server.RaftServer$Division (RaftServerImpl.java:<init>(256)) - 44b0d7ae-65a5-40e5-9d42-50dc3ce2f2bb: new RaftServerImpl for group-2E46F1BBFCA7:[44b0d7ae-65a5-40e5-9d42-50dc3ce2f2bb|10.1.0.4:15148] with ContainerStateMachine:uninitialized
2023-12-26 17:42:35,772 [44b0d7ae-65a5-40e5-9d42-50dc3ce2f2bb-groupManagement] INFO  server.RaftServerConfigKeys (ConfUtils.java:logGet(46)) - raft.server.rpc.timeout.min = 5s (custom)
2023-12-26 17:42:35,772 [44b0d7ae-65a5-40e5-9d42-50dc3ce2f2bb-groupManagement] INFO  server.RaftServerConfigKeys (ConfUtils.java:logGet(46)) - raft.server.rpc.timeout.max = 5200ms (custom)
2023-12-26 17:42:35,772 [44b0d7ae-65a5-40e5-9d42-50dc3ce2f2bb-groupManagement] INFO  server.RaftServerConfigKeys (ConfUtils.java:logGet(46)) - raft.server.rpc.sleep.time = 25ms (default)
2023-12-26 17:42:35,772 [44b0d7ae-65a5-40e5-9d42-50dc3ce2f2bb-groupManagement] INFO  server.RaftServerConfigKeys (ConfUtils.java:logGet(46)) - raft.server.rpc.slowness.timeout = 300000ms (custom)
2023-12-26 17:42:35,772 [44b0d7ae-65a5-40e5-9d42-50dc3ce2f2bb-groupManagement] INFO  server.RaftServerConfigKeys (ConfUtils.java:logGet(46)) - raft.server.leaderelection.leader.step-down.wait-time = 10s (default)
2023-12-26 17:42:35,772 [44b0d7ae-65a5-40e5-9d42-50dc3ce2f2bb-groupManagement] INFO  server.RaftServerConfigKeys (ConfUtils.java:logGet(46)) - raft.server.leaderelection.member.majority-add = false (default)
2023-12-26 17:42:35,772 [44b0d7ae-65a5-40e5-9d42-50dc3ce2f2bb-groupManagement] INFO  server.RaftServerConfigKeys (ConfUtils.java:logGet(46)) - raft.server.sleep.deviation.threshold = 300ms (default)
2023-12-26 17:42:35,772 [44b0d7ae-65a5-40e5-9d42-50dc3ce2f2bb-groupManagement] INFO  server.RaftServer$Division (ServerState.java:<init>(113)) - 44b0d7ae-65a5-40e5-9d42-50dc3ce2f2bb@group-2E46F1BBFCA7: ConfigurationManager, init=-1: peers:[44b0d7ae-65a5-40e5-9d42-50dc3ce2f2bb|10.1.0.4:15148]|listeners:[], old=null, confs=<EMPTY_MAP>
2023-12-26 17:42:35,773 [44b0d7ae-65a5-40e5-9d42-50dc3ce2f2bb-groupManagement] INFO  server.RaftServerConfigKeys (ConfUtils.java:logGet(46)) - raft.server.notification.no-leader.timeout = 300000ms (custom)
2023-12-26 17:42:35,773 [44b0d7ae-65a5-40e5-9d42-50dc3ce2f2bb-groupManagement] INFO  server.RaftServerConfigKeys (ConfUtils.java:logGet(46)) - raft.server.read.timeout = 10s (default)
2023-12-26 17:42:35,773 [44b0d7ae-65a5-40e5-9d42-50dc3ce2f2bb-groupManagement] INFO  server.RaftServerConfigKeys (ConfUtils.java:logGet(46)) - raft.server.retrycache.expirytime = 600000ms (custom)
2023-12-26 17:42:35,773 [44b0d7ae-65a5-40e5-9d42-50dc3ce2f2bb-groupManagement] INFO  server.RaftServerConfigKeys (ConfUtils.java:logGet(46)) - raft.server.retrycache.statistics.expirytime = 100ms (default)
2023-12-26 17:42:35,773 [44b0d7ae-65a5-40e5-9d42-50dc3ce2f2bb-groupManagement] INFO  server.RaftServerConfigKeys (ConfUtils.java:logGet(46)) - raft.server.read.option = DEFAULT (default)
2023-12-26 17:42:35,773 [44b0d7ae-65a5-40e5-9d42-50dc3ce2f2bb-groupManagement] INFO  server.RaftServerConfigKeys (ConfUtils.java:logGet(46)) - raft.server.read.read-after-write-consistent.write-index-cache.expiry-time = 60s (default)
2023-12-26 17:42:35,774 [44b0d7ae-65a5-40e5-9d42-50dc3ce2f2bb-groupManagement] INFO  server.RaftServerConfigKeys (ConfUtils.java:logGet(46)) - raft.server.rpc.request.timeout = 3000ms (default)
2023-12-26 17:42:35,774 [44b0d7ae-65a5-40e5-9d42-50dc3ce2f2bb-groupManagement] INFO  server.RaftServerConfigKeys (ConfUtils.java:logGet(46)) - raft.server.log.appender.install.snapshot.enabled = false (custom)
2023-12-26 17:42:35,774 [44b0d7ae-65a5-40e5-9d42-50dc3ce2f2bb-groupManagement] INFO  server.RaftServerConfigKeys (ConfUtils.java:logGet(46)) - raft.server.threadpool.server.cached = true (default)
2023-12-26 17:42:35,775 [44b0d7ae-65a5-40e5-9d42-50dc3ce2f2bb-groupManagement] INFO  server.RaftServerConfigKeys (ConfUtils.java:logGet(46)) - raft.server.threadpool.server.size = 0 (default)
2023-12-26 17:42:35,775 [44b0d7ae-65a5-40e5-9d42-50dc3ce2f2bb-groupManagement] INFO  server.RaftServerConfigKeys (ConfUtils.java:logGet(46)) - raft.server.threadpool.client.cached = true (default)
2023-12-26 17:42:35,775 [44b0d7ae-65a5-40e5-9d42-50dc3ce2f2bb-groupManagement] INFO  server.RaftServerConfigKeys (ConfUtils.java:logGet(46)) - raft.server.threadpool.client.size = 0 (default)
2023-12-26 17:42:35,775 [44b0d7ae-65a5-40e5-9d42-50dc3ce2f2bb-groupManagement] INFO  server.RaftServerConfigKeys (ConfUtils.java:logGet(46)) - raft.server.storage.free-space.min = 0MB (=0) (default)
2023-12-26 17:42:35,775 [44b0d7ae-65a5-40e5-9d42-50dc3ce2f2bb-groupManagement] INFO  server.RaftServerConfigKeys (ConfUtils.java:logGet(46)) - raft.server.log.corruption.policy = EXCEPTION (default)
2023-12-26 17:42:35,775 [44b0d7ae-65a5-40e5-9d42-50dc3ce2f2bb-groupManagement] INFO  server.RaftServerConfigKeys (ConfUtils.java:logGet(46)) - raft.server.storage.dir = [/home/runner/work/ozone/ozone/hadoop-ozone/integration-test/target/test-dir/MiniOzoneClusterImpl-c07e4b46-e5c7-4260-9d08-acd32f4d7801/datanode-5/data/ratis] (custom)
2023-12-26 17:42:35,775 [44b0d7ae-65a5-40e5-9d42-50dc3ce2f2bb-groupManagement] INFO  storage.RaftStorageDirectory (RaftStorageDirectoryImpl.java:analyzeStorage(138)) - The storage directory /home/runner/work/ozone/ozone/hadoop-ozone/integration-test/target/test-dir/MiniOzoneClusterImpl-c07e4b46-e5c7-4260-9d08-acd32f4d7801/datanode-5/data/ratis/616b6ec3-ff0f-4bbb-bb24-2e46f1bbfca7 does not exist. Creating ...
2023-12-26 17:42:35,776 [44b0d7ae-65a5-40e5-9d42-50dc3ce2f2bb-groupManagement] INFO  storage.RaftStorageDirectory (RaftStorageDirectoryImpl.java:tryLock(232)) - Lock on /home/runner/work/ozone/ozone/hadoop-ozone/integration-test/target/test-dir/MiniOzoneClusterImpl-c07e4b46-e5c7-4260-9d08-acd32f4d7801/datanode-5/data/ratis/616b6ec3-ff0f-4bbb-bb24-2e46f1bbfca7/in_use.lock acquired by nodename 85971@fv-az1381-115
2023-12-26 17:42:35,777 [44b0d7ae-65a5-40e5-9d42-50dc3ce2f2bb-groupManagement] INFO  storage.RaftStorage (RaftStorageImpl.java:format(97)) - Storage directory /home/runner/work/ozone/ozone/hadoop-ozone/integration-test/target/test-dir/MiniOzoneClusterImpl-c07e4b46-e5c7-4260-9d08-acd32f4d7801/datanode-5/data/ratis/616b6ec3-ff0f-4bbb-bb24-2e46f1bbfca7 has been successfully formatted.
2023-12-26 17:42:35,777 [44b0d7ae-65a5-40e5-9d42-50dc3ce2f2bb-groupManagement] INFO  ratis.ContainerStateMachine (ContainerStateMachine.java:loadSnapshot(287)) - group-2E46F1BBFCA7: The snapshot info is null. Setting the last applied indexto:(t:0, i:~)
2023-12-26 17:42:35,777 [44b0d7ae-65a5-40e5-9d42-50dc3ce2f2bb-groupManagement] INFO  server.RaftServerConfigKeys (ConfUtils.java:logGet(46)) - raft.server.log.use.memory = false (default)
2023-12-26 17:42:35,777 [44b0d7ae-65a5-40e5-9d42-50dc3ce2f2bb-groupManagement] INFO  server.RaftServerConfigKeys (ConfUtils.java:logGet(46)) - raft.server.log.purge.gap = 1000000 (custom)
2023-12-26 17:42:35,777 [44b0d7ae-65a5-40e5-9d42-50dc3ce2f2bb-groupManagement] INFO  server.RaftServerConfigKeys (ConfUtils.java:logGet(46)) - raft.server.log.appender.buffer.byte-limit = 8388608 (custom)
2023-12-26 17:42:35,777 [44b0d7ae-65a5-40e5-9d42-50dc3ce2f2bb-groupManagement] INFO  server.RaftServerConfigKeys (ConfUtils.java:logGet(46)) - raft.server.log.statemachine.data.read.timeout = 1000ms (default)
2023-12-26 17:42:35,778 [44b0d7ae-65a5-40e5-9d42-50dc3ce2f2bb-groupManagement] INFO  server.RaftServerConfigKeys (ConfUtils.java:logGet(46)) - raft.server.log.purge.preservation.log.num = 0 (default)
2023-12-26 17:42:35,779 [44b0d7ae-65a5-40e5-9d42-50dc3ce2f2bb-groupManagement] INFO  server.RaftServerConfigKeys (ConfUtils.java:logGet(46)) - raft.server.log.segment.size.max = 67108864 (custom)
2023-12-26 17:42:35,779 [EventQueue-PipelineReportForPipelineReportHandler] INFO  pipeline.PipelineReportHandler (PipelineReportHandler.java:processPipelineReport(136)) - Opened pipeline PipelineID=616b6ec3-ff0f-4bbb-bb24-2e46f1bbfca7
2023-12-26 17:42:35,779 [EventQueue-OpenPipelineForHealthyPipelineSafeModeRule] INFO  safemode.SCMSafeModeManager (HealthyPipelineSafeModeRule.java:process(140)) - SCM in safe mode. Healthy pipelines reported count is 0, required healthy pipeline reported count is 1
2023-12-26 17:42:35,779 [44b0d7ae-65a5-40e5-9d42-50dc3ce2f2bb-groupManagement] INFO  server.RaftServerConfigKeys (ConfUtils.java:logGet(46)) - raft.server.log.segment.cache.num.max = 2 (custom)
2023-12-26 17:42:35,779 [44b0d7ae-65a5-40e5-9d42-50dc3ce2f2bb-groupManagement] INFO  server.RaftServerConfigKeys (ConfUtils.java:logGet(46)) - raft.server.log.segment.cache.size.max = 200MB (=209715200) (default)
2023-12-26 17:42:35,779 [44b0d7ae-65a5-40e5-9d42-50dc3ce2f2bb-groupManagement] INFO  server.RaftServerConfigKeys (ConfUtils.java:logGet(46)) - raft.server.log.appender.buffer.byte-limit = 8388608 (custom)
2023-12-26 17:42:35,779 [44b0d7ae-65a5-40e5-9d42-50dc3ce2f2bb-groupManagement] INFO  util.AwaitToRun (AwaitToRun.java:start(81)) - Thread[44b0d7ae-65a5-40e5-9d42-50dc3ce2f2bb@group-2E46F1BBFCA7-cacheEviction-AwaitToRun,5,main] started
2023-12-26 17:42:35,779 [44b0d7ae-65a5-40e5-9d42-50dc3ce2f2bb-groupManagement] INFO  segmented.SegmentedRaftLogWorker (SegmentedRaftLogWorker.java:<init>(184)) - new 44b0d7ae-65a5-40e5-9d42-50dc3ce2f2bb@group-2E46F1BBFCA7-SegmentedRaftLogWorker for RaftStorageImpl:Storage Directory /home/runner/work/ozone/ozone/hadoop-ozone/integration-test/target/test-dir/MiniOzoneClusterImpl-c07e4b46-e5c7-4260-9d08-acd32f4d7801/datanode-5/data/ratis/616b6ec3-ff0f-4bbb-bb24-2e46f1bbfca7
2023-12-26 17:42:35,780 [44b0d7ae-65a5-40e5-9d42-50dc3ce2f2bb-groupManagement] INFO  server.RaftServerConfigKeys (ConfUtils.java:logGet(46)) - raft.server.log.queue.byte-limit = 4294967296 (custom)
2023-12-26 17:42:35,780 [44b0d7ae-65a5-40e5-9d42-50dc3ce2f2bb-groupManagement] INFO  server.RaftServerConfigKeys (ConfUtils.java:logGet(46)) - raft.server.log.queue.element-limit = 1024 (custom)
2023-12-26 17:42:35,780 [44b0d7ae-65a5-40e5-9d42-50dc3ce2f2bb-groupManagement] INFO  server.RaftServerConfigKeys (ConfUtils.java:logGet(46)) - raft.server.log.segment.size.max = 67108864 (custom)
2023-12-26 17:42:35,780 [44b0d7ae-65a5-40e5-9d42-50dc3ce2f2bb-groupManagement] INFO  server.RaftServerConfigKeys (ConfUtils.java:logGet(46)) - raft.server.log.preallocated.size = 4194304 (custom)
2023-12-26 17:42:35,780 [44b0d7ae-65a5-40e5-9d42-50dc3ce2f2bb-groupManagement] INFO  server.RaftServerConfigKeys (ConfUtils.java:logGet(46)) - raft.server.log.force.sync.num = 128 (default)
2023-12-26 17:42:35,780 [44b0d7ae-65a5-40e5-9d42-50dc3ce2f2bb-groupManagement] INFO  server.RaftServerConfigKeys (ConfUtils.java:logGet(46)) - raft.server.log.statemachine.data.sync = true (default)
2023-12-26 17:42:35,780 [44b0d7ae-65a5-40e5-9d42-50dc3ce2f2bb-groupManagement] INFO  server.RaftServerConfigKeys (ConfUtils.java:logGet(46)) - raft.server.log.statemachine.data.sync.timeout = 10s (default)
2023-12-26 17:42:35,780 [44b0d7ae-65a5-40e5-9d42-50dc3ce2f2bb-groupManagement] INFO  server.RaftServerConfigKeys (ConfUtils.java:logGet(46)) - raft.server.log.statemachine.data.sync.timeout.retry = 0 (custom)
2023-12-26 17:42:35,780 [44b0d7ae-65a5-40e5-9d42-50dc3ce2f2bb-groupManagement] INFO  server.RaftServerConfigKeys (ConfUtils.java:logGet(46)) - raft.server.log.write.buffer.size = 8388616 (custom)
2023-12-26 17:42:35,781 [44b0d7ae-65a5-40e5-9d42-50dc3ce2f2bb-groupManagement] INFO  server.RaftServerConfigKeys (ConfUtils.java:logGet(46)) - raft.server.log.appender.buffer.byte-limit = 8388608 (custom)
2023-12-26 17:42:35,782 [44b0d7ae-65a5-40e5-9d42-50dc3ce2f2bb-groupManagement] INFO  server.RaftServerConfigKeys (ConfUtils.java:logGet(46)) - raft.server.log.unsafe-flush.enabled = false (default)
2023-12-26 17:42:35,782 [44b0d7ae-65a5-40e5-9d42-50dc3ce2f2bb-groupManagement] INFO  server.RaftServerConfigKeys (ConfUtils.java:logGet(46)) - raft.server.log.async-flush.enabled = false (default)
2023-12-26 17:42:35,782 [44b0d7ae-65a5-40e5-9d42-50dc3ce2f2bb-groupManagement] INFO  server.RaftServerConfigKeys (ConfUtils.java:logGet(46)) - raft.server.log.statemachine.data.caching.enabled = true (custom)
2023-12-26 17:42:35,782 [44b0d7ae-65a5-40e5-9d42-50dc3ce2f2bb-groupManagement] INFO  segmented.SegmentedRaftLogWorker (SegmentedRaftLogWorker.java:lambda$new$0(135)) - 44b0d7ae-65a5-40e5-9d42-50dc3ce2f2bb@group-2E46F1BBFCA7-SegmentedRaftLogWorker: flushIndex: setUnconditionally 0 -> -1
2023-12-26 17:42:35,782 [44b0d7ae-65a5-40e5-9d42-50dc3ce2f2bb-groupManagement] INFO  segmented.SegmentedRaftLogWorker (SegmentedRaftLogWorker.java:lambda$new$0(135)) - 44b0d7ae-65a5-40e5-9d42-50dc3ce2f2bb@group-2E46F1BBFCA7-SegmentedRaftLogWorker: safeCacheEvictIndex: setUnconditionally 0 -> -1
2023-12-26 17:42:35,782 [44b0d7ae-65a5-40e5-9d42-50dc3ce2f2bb-groupManagement] INFO  server.RaftServer$Division (RaftServerImpl.java:start(392)) - 44b0d7ae-65a5-40e5-9d42-50dc3ce2f2bb@group-2E46F1BBFCA7: start as a follower, conf=-1: peers:[44b0d7ae-65a5-40e5-9d42-50dc3ce2f2bb|10.1.0.4:15148]|listeners:[], old=null
2023-12-26 17:42:35,782 [44b0d7ae-65a5-40e5-9d42-50dc3ce2f2bb-groupManagement] INFO  server.RaftServer$Division (RaftServerImpl.java:setRole(379)) - 44b0d7ae-65a5-40e5-9d42-50dc3ce2f2bb@group-2E46F1BBFCA7: changes role from      null to FOLLOWER at term 0 for startAsFollower
2023-12-26 17:42:35,782 [44b0d7ae-65a5-40e5-9d42-50dc3ce2f2bb-groupManagement] INFO  impl.RoleInfo (RoleInfo.java:updateAndGet(139)) - 44b0d7ae-65a5-40e5-9d42-50dc3ce2f2bb: start 44b0d7ae-65a5-40e5-9d42-50dc3ce2f2bb@group-2E46F1BBFCA7-FollowerState
2023-12-26 17:42:35,783 [44b0d7ae-65a5-40e5-9d42-50dc3ce2f2bb-groupManagement] INFO  util.JmxRegister (JmxRegister.java:tryRegister(44)) - Successfully registered JMX Bean with object name Ratis:service=RaftServer,group=group-2E46F1BBFCA7,id=44b0d7ae-65a5-40e5-9d42-50dc3ce2f2bb
2023-12-26 17:42:35,783 [44b0d7ae-65a5-40e5-9d42-50dc3ce2f2bb@group-2E46F1BBFCA7-FollowerState] INFO  server.RaftServerConfigKeys (ConfUtils.java:logFallback(53)) - raft.server.rpc.first-election.timeout.min = 5s (fallback to raft.server.rpc.timeout.min)
2023-12-26 17:42:35,783 [44b0d7ae-65a5-40e5-9d42-50dc3ce2f2bb-groupManagement] INFO  server.RaftServerConfigKeys (ConfUtils.java:logGet(46)) - raft.server.snapshot.trigger-when-stop.enabled = true (default)
2023-12-26 17:42:35,783 [44b0d7ae-65a5-40e5-9d42-50dc3ce2f2bb@group-2E46F1BBFCA7-FollowerState] INFO  server.RaftServerConfigKeys (ConfUtils.java:logFallback(53)) - raft.server.rpc.first-election.timeout.max = 5200ms (fallback to raft.server.rpc.timeout.max)
2023-12-26 17:42:35,783 [44b0d7ae-65a5-40e5-9d42-50dc3ce2f2bb-groupManagement] INFO  server.RaftServerConfigKeys (ConfUtils.java:logGet(46)) - raft.server.snapshot.auto.trigger.enabled = true (custom)
2023-12-26 17:42:35,783 [44b0d7ae-65a5-40e5-9d42-50dc3ce2f2bb-groupManagement] INFO  server.RaftServerConfigKeys (ConfUtils.java:logGet(46)) - raft.server.snapshot.auto.trigger.threshold = 10000 (custom)
2023-12-26 17:42:35,783 [44b0d7ae-65a5-40e5-9d42-50dc3ce2f2bb-groupManagement] INFO  server.RaftServerConfigKeys (ConfUtils.java:logGet(46)) - raft.server.snapshot.retention.file.num = 5 (custom)
2023-12-26 17:42:35,783 [44b0d7ae-65a5-40e5-9d42-50dc3ce2f2bb-groupManagement] INFO  server.RaftServerConfigKeys (ConfUtils.java:logGet(46)) - raft.server.log.purge.upto.snapshot.index = false (default)
2023-12-26 17:42:35,784 [44b0d7ae-65a5-40e5-9d42-50dc3ce2f2bb-PipelineCommandHandlerThread-0] INFO  ratis.XceiverServerRatis (XceiverServerRatis.java:addGroup(837)) - Created group PipelineID=616b6ec3-ff0f-4bbb-bb24-2e46f1bbfca7
2023-12-26 17:42:35,784 [44b0d7ae-65a5-40e5-9d42-50dc3ce2f2bb-PipelineCommandHandlerThread-0] INFO  commandhandler.CreatePipelineCommandHandler (CreatePipelineCommandHandler.java:lambda$handle$2(124)) - Created Pipeline RATIS ONE PipelineID=616b6ec3-ff0f-4bbb-bb24-2e46f1bbfca7.
2023-12-26 17:42:35,901 [f2ecaa80-14dc-424e-9be2-9314b399fe9c-PipelineCommandHandlerThread-0] INFO  server.RaftServer (RaftServerProxy.java:addNew(100)) - f2ecaa80-14dc-424e-9be2-9314b399fe9c: addNew group-847021F19625:[f2ecaa80-14dc-424e-9be2-9314b399fe9c|10.1.0.4:15157] returns group-847021F19625:java.util.concurrent.CompletableFuture@344395a0[Not completed]
2023-12-26 17:42:35,902 [f2ecaa80-14dc-424e-9be2-9314b399fe9c-groupManagement] INFO  server.RaftServer$Division (RaftServerImpl.java:<init>(256)) - f2ecaa80-14dc-424e-9be2-9314b399fe9c: new RaftServerImpl for group-847021F19625:[f2ecaa80-14dc-424e-9be2-9314b399fe9c|10.1.0.4:15157] with ContainerStateMachine:uninitialized
2023-12-26 17:42:35,902 [f2ecaa80-14dc-424e-9be2-9314b399fe9c-groupManagement] INFO  server.RaftServerConfigKeys (ConfUtils.java:logGet(46)) - raft.server.rpc.timeout.min = 5s (custom)
2023-12-26 17:42:35,902 [f2ecaa80-14dc-424e-9be2-9314b399fe9c-groupManagement] INFO  server.RaftServerConfigKeys (ConfUtils.java:logGet(46)) - raft.server.rpc.timeout.max = 5200ms (custom)
2023-12-26 17:42:35,902 [f2ecaa80-14dc-424e-9be2-9314b399fe9c-groupManagement] INFO  server.RaftServerConfigKeys (ConfUtils.java:logGet(46)) - raft.server.rpc.sleep.time = 25ms (default)
2023-12-26 17:42:35,902 [f2ecaa80-14dc-424e-9be2-9314b399fe9c-groupManagement] INFO  server.RaftServerConfigKeys (ConfUtils.java:logGet(46)) - raft.server.rpc.slowness.timeout = 300000ms (custom)
2023-12-26 17:42:35,902 [f2ecaa80-14dc-424e-9be2-9314b399fe9c-groupManagement] INFO  server.RaftServerConfigKeys (ConfUtils.java:logGet(46)) - raft.server.leaderelection.leader.step-down.wait-time = 10s (default)
2023-12-26 17:42:35,903 [f2ecaa80-14dc-424e-9be2-9314b399fe9c-groupManagement] INFO  server.RaftServerConfigKeys (ConfUtils.java:logGet(46)) - raft.server.leaderelection.member.majority-add = false (default)
2023-12-26 17:42:35,903 [f2ecaa80-14dc-424e-9be2-9314b399fe9c-groupManagement] INFO  server.RaftServerConfigKeys (ConfUtils.java:logGet(46)) - raft.server.sleep.deviation.threshold = 300ms (default)
2023-12-26 17:42:35,903 [f2ecaa80-14dc-424e-9be2-9314b399fe9c-groupManagement] INFO  server.RaftServer$Division (ServerState.java:<init>(113)) - f2ecaa80-14dc-424e-9be2-9314b399fe9c@group-847021F19625: ConfigurationManager, init=-1: peers:[f2ecaa80-14dc-424e-9be2-9314b399fe9c|10.1.0.4:15157]|listeners:[], old=null, confs=<EMPTY_MAP>
2023-12-26 17:42:35,903 [f2ecaa80-14dc-424e-9be2-9314b399fe9c-groupManagement] INFO  server.RaftServerConfigKeys (ConfUtils.java:logGet(46)) - raft.server.notification.no-leader.timeout = 300000ms (custom)
2023-12-26 17:42:35,903 [f2ecaa80-14dc-424e-9be2-9314b399fe9c-groupManagement] INFO  server.RaftServerConfigKeys (ConfUtils.java:logGet(46)) - raft.server.read.timeout = 10s (default)
2023-12-26 17:42:35,903 [f2ecaa80-14dc-424e-9be2-9314b399fe9c-groupManagement] INFO  server.RaftServerConfigKeys (ConfUtils.java:logGet(46)) - raft.server.retrycache.expirytime = 600000ms (custom)
2023-12-26 17:42:35,903 [f2ecaa80-14dc-424e-9be2-9314b399fe9c-groupManagement] INFO  server.RaftServerConfigKeys (ConfUtils.java:logGet(46)) - raft.server.retrycache.statistics.expirytime = 100ms (default)
2023-12-26 17:42:35,903 [f2ecaa80-14dc-424e-9be2-9314b399fe9c-groupManagement] INFO  server.RaftServerConfigKeys (ConfUtils.java:logGet(46)) - raft.server.read.option = DEFAULT (default)
2023-12-26 17:42:35,903 [f2ecaa80-14dc-424e-9be2-9314b399fe9c-groupManagement] INFO  server.RaftServerConfigKeys (ConfUtils.java:logGet(46)) - raft.server.read.read-after-write-consistent.write-index-cache.expiry-time = 60s (default)
2023-12-26 17:42:35,904 [f2ecaa80-14dc-424e-9be2-9314b399fe9c-groupManagement] INFO  server.RaftServerConfigKeys (ConfUtils.java:logGet(46)) - raft.server.rpc.request.timeout = 3000ms (default)
2023-12-26 17:42:35,904 [f2ecaa80-14dc-424e-9be2-9314b399fe9c-groupManagement] INFO  server.RaftServerConfigKeys (ConfUtils.java:logGet(46)) - raft.server.log.appender.install.snapshot.enabled = false (custom)
2023-12-26 17:42:35,904 [f2ecaa80-14dc-424e-9be2-9314b399fe9c-groupManagement] INFO  server.RaftServerConfigKeys (ConfUtils.java:logGet(46)) - raft.server.threadpool.server.cached = true (default)
2023-12-26 17:42:35,904 [f2ecaa80-14dc-424e-9be2-9314b399fe9c-groupManagement] INFO  server.RaftServerConfigKeys (ConfUtils.java:logGet(46)) - raft.server.threadpool.server.size = 0 (default)
2023-12-26 17:42:35,905 [f2ecaa80-14dc-424e-9be2-9314b399fe9c-groupManagement] INFO  server.RaftServerConfigKeys (ConfUtils.java:logGet(46)) - raft.server.threadpool.client.cached = true (default)
2023-12-26 17:42:35,905 [f2ecaa80-14dc-424e-9be2-9314b399fe9c-groupManagement] INFO  server.RaftServerConfigKeys (ConfUtils.java:logGet(46)) - raft.server.threadpool.client.size = 0 (default)
2023-12-26 17:42:35,905 [f2ecaa80-14dc-424e-9be2-9314b399fe9c-groupManagement] INFO  server.RaftServerConfigKeys (ConfUtils.java:logGet(46)) - raft.server.storage.free-space.min = 0MB (=0) (default)
2023-12-26 17:42:35,905 [f2ecaa80-14dc-424e-9be2-9314b399fe9c-groupManagement] INFO  server.RaftServerConfigKeys (ConfUtils.java:logGet(46)) - raft.server.log.corruption.policy = EXCEPTION (default)
2023-12-26 17:42:35,905 [f2ecaa80-14dc-424e-9be2-9314b399fe9c-groupManagement] INFO  server.RaftServerConfigKeys (ConfUtils.java:logGet(46)) - raft.server.storage.dir = [/home/runner/work/ozone/ozone/hadoop-ozone/integration-test/target/test-dir/MiniOzoneClusterImpl-c07e4b46-e5c7-4260-9d08-acd32f4d7801/datanode-6/data/ratis] (custom)
2023-12-26 17:42:35,905 [f2ecaa80-14dc-424e-9be2-9314b399fe9c-groupManagement] INFO  storage.RaftStorageDirectory (RaftStorageDirectoryImpl.java:analyzeStorage(138)) - The storage directory /home/runner/work/ozone/ozone/hadoop-ozone/integration-test/target/test-dir/MiniOzoneClusterImpl-c07e4b46-e5c7-4260-9d08-acd32f4d7801/datanode-6/data/ratis/5dded108-765b-4ddc-afa3-847021f19625 does not exist. Creating ...
2023-12-26 17:42:35,906 [f2ecaa80-14dc-424e-9be2-9314b399fe9c-groupManagement] INFO  storage.RaftStorageDirectory (RaftStorageDirectoryImpl.java:tryLock(232)) - Lock on /home/runner/work/ozone/ozone/hadoop-ozone/integration-test/target/test-dir/MiniOzoneClusterImpl-c07e4b46-e5c7-4260-9d08-acd32f4d7801/datanode-6/data/ratis/5dded108-765b-4ddc-afa3-847021f19625/in_use.lock acquired by nodename 85971@fv-az1381-115
2023-12-26 17:42:35,907 [f2ecaa80-14dc-424e-9be2-9314b399fe9c-groupManagement] INFO  storage.RaftStorage (RaftStorageImpl.java:format(97)) - Storage directory /home/runner/work/ozone/ozone/hadoop-ozone/integration-test/target/test-dir/MiniOzoneClusterImpl-c07e4b46-e5c7-4260-9d08-acd32f4d7801/datanode-6/data/ratis/5dded108-765b-4ddc-afa3-847021f19625 has been successfully formatted.
2023-12-26 17:42:35,908 [f2ecaa80-14dc-424e-9be2-9314b399fe9c-groupManagement] INFO  ratis.ContainerStateMachine (ContainerStateMachine.java:loadSnapshot(287)) - group-847021F19625: The snapshot info is null. Setting the last applied indexto:(t:0, i:~)
2023-12-26 17:42:35,908 [f2ecaa80-14dc-424e-9be2-9314b399fe9c-groupManagement] INFO  server.RaftServerConfigKeys (ConfUtils.java:logGet(46)) - raft.server.log.use.memory = false (default)
2023-12-26 17:42:35,908 [f2ecaa80-14dc-424e-9be2-9314b399fe9c-groupManagement] INFO  server.RaftServerConfigKeys (ConfUtils.java:logGet(46)) - raft.server.log.purge.gap = 1000000 (custom)
2023-12-26 17:42:35,908 [f2ecaa80-14dc-424e-9be2-9314b399fe9c-groupManagement] INFO  server.RaftServerConfigKeys (ConfUtils.java:logGet(46)) - raft.server.log.appender.buffer.byte-limit = 8388608 (custom)
2023-12-26 17:42:35,908 [f2ecaa80-14dc-424e-9be2-9314b399fe9c-groupManagement] INFO  server.RaftServerConfigKeys (ConfUtils.java:logGet(46)) - raft.server.log.statemachine.data.read.timeout = 1000ms (default)
2023-12-26 17:42:35,908 [f2ecaa80-14dc-424e-9be2-9314b399fe9c-groupManagement] INFO  server.RaftServerConfigKeys (ConfUtils.java:logGet(46)) - raft.server.log.purge.preservation.log.num = 0 (default)
2023-12-26 17:42:35,909 [EventQueue-PipelineReportForPipelineReportHandler] INFO  pipeline.PipelineReportHandler (PipelineReportHandler.java:processPipelineReport(136)) - Opened pipeline PipelineID=5dded108-765b-4ddc-afa3-847021f19625
2023-12-26 17:42:35,909 [EventQueue-OpenPipelineForHealthyPipelineSafeModeRule] INFO  safemode.SCMSafeModeManager (HealthyPipelineSafeModeRule.java:process(140)) - SCM in safe mode. Healthy pipelines reported count is 0, required healthy pipeline reported count is 1
2023-12-26 17:42:35,909 [f2ecaa80-14dc-424e-9be2-9314b399fe9c-groupManagement] INFO  server.RaftServerConfigKeys (ConfUtils.java:logGet(46)) - raft.server.log.segment.size.max = 67108864 (custom)
2023-12-26 17:42:35,910 [f2ecaa80-14dc-424e-9be2-9314b399fe9c-groupManagement] INFO  server.RaftServerConfigKeys (ConfUtils.java:logGet(46)) - raft.server.log.segment.cache.num.max = 2 (custom)
2023-12-26 17:42:35,910 [f2ecaa80-14dc-424e-9be2-9314b399fe9c-groupManagement] INFO  server.RaftServerConfigKeys (ConfUtils.java:logGet(46)) - raft.server.log.segment.cache.size.max = 200MB (=209715200) (default)
2023-12-26 17:42:35,910 [f2ecaa80-14dc-424e-9be2-9314b399fe9c-groupManagement] INFO  server.RaftServerConfigKeys (ConfUtils.java:logGet(46)) - raft.server.log.appender.buffer.byte-limit = 8388608 (custom)
2023-12-26 17:42:35,910 [f2ecaa80-14dc-424e-9be2-9314b399fe9c-groupManagement] INFO  util.AwaitToRun (AwaitToRun.java:start(81)) - Thread[f2ecaa80-14dc-424e-9be2-9314b399fe9c@group-847021F19625-cacheEviction-AwaitToRun,5,main] started
2023-12-26 17:42:35,910 [f2ecaa80-14dc-424e-9be2-9314b399fe9c-groupManagement] INFO  segmented.SegmentedRaftLogWorker (SegmentedRaftLogWorker.java:<init>(184)) - new f2ecaa80-14dc-424e-9be2-9314b399fe9c@group-847021F19625-SegmentedRaftLogWorker for RaftStorageImpl:Storage Directory /home/runner/work/ozone/ozone/hadoop-ozone/integration-test/target/test-dir/MiniOzoneClusterImpl-c07e4b46-e5c7-4260-9d08-acd32f4d7801/datanode-6/data/ratis/5dded108-765b-4ddc-afa3-847021f19625
2023-12-26 17:42:35,910 [f2ecaa80-14dc-424e-9be2-9314b399fe9c-groupManagement] INFO  server.RaftServerConfigKeys (ConfUtils.java:logGet(46)) - raft.server.log.queue.byte-limit = 4294967296 (custom)
2023-12-26 17:42:35,910 [f2ecaa80-14dc-424e-9be2-9314b399fe9c-groupManagement] INFO  server.RaftServerConfigKeys (ConfUtils.java:logGet(46)) - raft.server.log.queue.element-limit = 1024 (custom)
2023-12-26 17:42:35,910 [f2ecaa80-14dc-424e-9be2-9314b399fe9c-groupManagement] INFO  server.RaftServerConfigKeys (ConfUtils.java:logGet(46)) - raft.server.log.segment.size.max = 67108864 (custom)
2023-12-26 17:42:35,910 [f2ecaa80-14dc-424e-9be2-9314b399fe9c-groupManagement] INFO  server.RaftServerConfigKeys (ConfUtils.java:logGet(46)) - raft.server.log.preallocated.size = 4194304 (custom)
2023-12-26 17:42:35,910 [f2ecaa80-14dc-424e-9be2-9314b399fe9c-groupManagement] INFO  server.RaftServerConfigKeys (ConfUtils.java:logGet(46)) - raft.server.log.force.sync.num = 128 (default)
2023-12-26 17:42:35,910 [f2ecaa80-14dc-424e-9be2-9314b399fe9c-groupManagement] INFO  server.RaftServerConfigKeys (ConfUtils.java:logGet(46)) - raft.server.log.statemachine.data.sync = true (default)
2023-12-26 17:42:35,910 [f2ecaa80-14dc-424e-9be2-9314b399fe9c-groupManagement] INFO  server.RaftServerConfigKeys (ConfUtils.java:logGet(46)) - raft.server.log.statemachine.data.sync.timeout = 10s (default)
2023-12-26 17:42:35,910 [f2ecaa80-14dc-424e-9be2-9314b399fe9c-groupManagement] INFO  server.RaftServerConfigKeys (ConfUtils.java:logGet(46)) - raft.server.log.statemachine.data.sync.timeout.retry = 0 (custom)
2023-12-26 17:42:35,911 [f2ecaa80-14dc-424e-9be2-9314b399fe9c-groupManagement] INFO  server.RaftServerConfigKeys (ConfUtils.java:logGet(46)) - raft.server.log.write.buffer.size = 8388616 (custom)
2023-12-26 17:42:35,912 [f2ecaa80-14dc-424e-9be2-9314b399fe9c-groupManagement] INFO  server.RaftServerConfigKeys (ConfUtils.java:logGet(46)) - raft.server.log.appender.buffer.byte-limit = 8388608 (custom)
2023-12-26 17:42:35,913 [f2ecaa80-14dc-424e-9be2-9314b399fe9c-groupManagement] INFO  server.RaftServerConfigKeys (ConfUtils.java:logGet(46)) - raft.server.log.unsafe-flush.enabled = false (default)
2023-12-26 17:42:35,913 [f2ecaa80-14dc-424e-9be2-9314b399fe9c-groupManagement] INFO  server.RaftServerConfigKeys (ConfUtils.java:logGet(46)) - raft.server.log.async-flush.enabled = false (default)
2023-12-26 17:42:35,913 [f2ecaa80-14dc-424e-9be2-9314b399fe9c-groupManagement] INFO  server.RaftServerConfigKeys (ConfUtils.java:logGet(46)) - raft.server.log.statemachine.data.caching.enabled = true (custom)
2023-12-26 17:42:35,913 [f2ecaa80-14dc-424e-9be2-9314b399fe9c-groupManagement] INFO  segmented.SegmentedRaftLogWorker (SegmentedRaftLogWorker.java:lambda$new$0(135)) - f2ecaa80-14dc-424e-9be2-9314b399fe9c@group-847021F19625-SegmentedRaftLogWorker: flushIndex: setUnconditionally 0 -> -1
2023-12-26 17:42:35,913 [f2ecaa80-14dc-424e-9be2-9314b399fe9c-groupManagement] INFO  segmented.SegmentedRaftLogWorker (SegmentedRaftLogWorker.java:lambda$new$0(135)) - f2ecaa80-14dc-424e-9be2-9314b399fe9c@group-847021F19625-SegmentedRaftLogWorker: safeCacheEvictIndex: setUnconditionally 0 -> -1
2023-12-26 17:42:35,913 [f2ecaa80-14dc-424e-9be2-9314b399fe9c-groupManagement] INFO  server.RaftServer$Division (RaftServerImpl.java:start(392)) - f2ecaa80-14dc-424e-9be2-9314b399fe9c@group-847021F19625: start as a follower, conf=-1: peers:[f2ecaa80-14dc-424e-9be2-9314b399fe9c|10.1.0.4:15157]|listeners:[], old=null
2023-12-26 17:42:35,913 [f2ecaa80-14dc-424e-9be2-9314b399fe9c-groupManagement] INFO  server.RaftServer$Division (RaftServerImpl.java:setRole(379)) - f2ecaa80-14dc-424e-9be2-9314b399fe9c@group-847021F19625: changes role from      null to FOLLOWER at term 0 for startAsFollower
2023-12-26 17:42:35,913 [f2ecaa80-14dc-424e-9be2-9314b399fe9c-groupManagement] INFO  impl.RoleInfo (RoleInfo.java:updateAndGet(139)) - f2ecaa80-14dc-424e-9be2-9314b399fe9c: start f2ecaa80-14dc-424e-9be2-9314b399fe9c@group-847021F19625-FollowerState
2023-12-26 17:42:35,913 [f2ecaa80-14dc-424e-9be2-9314b399fe9c-groupManagement] INFO  util.JmxRegister (JmxRegister.java:tryRegister(44)) - Successfully registered JMX Bean with object name Ratis:service=RaftServer,group=group-847021F19625,id=f2ecaa80-14dc-424e-9be2-9314b399fe9c
2023-12-26 17:42:35,913 [f2ecaa80-14dc-424e-9be2-9314b399fe9c@group-847021F19625-FollowerState] INFO  server.RaftServerConfigKeys (ConfUtils.java:logFallback(53)) - raft.server.rpc.first-election.timeout.min = 5s (fallback to raft.server.rpc.timeout.min)
2023-12-26 17:42:35,913 [f2ecaa80-14dc-424e-9be2-9314b399fe9c-groupManagement] INFO  server.RaftServerConfigKeys (ConfUtils.java:logGet(46)) - raft.server.snapshot.trigger-when-stop.enabled = true (default)
2023-12-26 17:42:35,914 [f2ecaa80-14dc-424e-9be2-9314b399fe9c@group-847021F19625-FollowerState] INFO  server.RaftServerConfigKeys (ConfUtils.java:logFallback(53)) - raft.server.rpc.first-election.timeout.max = 5200ms (fallback to raft.server.rpc.timeout.max)
2023-12-26 17:42:35,914 [f2ecaa80-14dc-424e-9be2-9314b399fe9c-groupManagement] INFO  server.RaftServerConfigKeys (ConfUtils.java:logGet(46)) - raft.server.snapshot.auto.trigger.enabled = true (custom)
2023-12-26 17:42:35,914 [f2ecaa80-14dc-424e-9be2-9314b399fe9c-groupManagement] INFO  server.RaftServerConfigKeys (ConfUtils.java:logGet(46)) - raft.server.snapshot.auto.trigger.threshold = 10000 (custom)
2023-12-26 17:42:35,914 [f2ecaa80-14dc-424e-9be2-9314b399fe9c-groupManagement] INFO  server.RaftServerConfigKeys (ConfUtils.java:logGet(46)) - raft.server.snapshot.retention.file.num = 5 (custom)
2023-12-26 17:42:35,914 [f2ecaa80-14dc-424e-9be2-9314b399fe9c-groupManagement] INFO  server.RaftServerConfigKeys (ConfUtils.java:logGet(46)) - raft.server.log.purge.upto.snapshot.index = false (default)
2023-12-26 17:42:35,914 [f2ecaa80-14dc-424e-9be2-9314b399fe9c-PipelineCommandHandlerThread-0] INFO  ratis.XceiverServerRatis (XceiverServerRatis.java:addGroup(837)) - Created group PipelineID=5dded108-765b-4ddc-afa3-847021f19625
2023-12-26 17:42:35,914 [f2ecaa80-14dc-424e-9be2-9314b399fe9c-PipelineCommandHandlerThread-0] INFO  commandhandler.CreatePipelineCommandHandler (CreatePipelineCommandHandler.java:lambda$handle$2(124)) - Created Pipeline RATIS ONE PipelineID=5dded108-765b-4ddc-afa3-847021f19625.
2023-12-26 17:42:35,915 [f2ecaa80-14dc-424e-9be2-9314b399fe9c-PipelineCommandHandlerThread-0] INFO  server.RaftServer (RaftServerProxy.java:addNew(100)) - f2ecaa80-14dc-424e-9be2-9314b399fe9c: addNew group-BCF72C73DF2F:[f2ecaa80-14dc-424e-9be2-9314b399fe9c|10.1.0.4:15157, 39d92bf3-11d2-44f0-9af6-e9080cb8793e|10.1.0.4:15166, dfc36f62-24b2-4a1f-878a-2a4428b6a6a5|10.1.0.4:15175] returns group-BCF72C73DF2F:java.util.concurrent.CompletableFuture@307c17f0[Not completed]
2023-12-26 17:42:35,915 [f2ecaa80-14dc-424e-9be2-9314b399fe9c-groupManagement] INFO  server.RaftServer$Division (RaftServerImpl.java:<init>(256)) - f2ecaa80-14dc-424e-9be2-9314b399fe9c: new RaftServerImpl for group-BCF72C73DF2F:[f2ecaa80-14dc-424e-9be2-9314b399fe9c|10.1.0.4:15157, 39d92bf3-11d2-44f0-9af6-e9080cb8793e|10.1.0.4:15166, dfc36f62-24b2-4a1f-878a-2a4428b6a6a5|10.1.0.4:15175] with ContainerStateMachine:uninitialized
2023-12-26 17:42:35,915 [f2ecaa80-14dc-424e-9be2-9314b399fe9c-groupManagement] INFO  server.RaftServerConfigKeys (ConfUtils.java:logGet(46)) - raft.server.rpc.timeout.min = 5s (custom)
2023-12-26 17:42:35,916 [f2ecaa80-14dc-424e-9be2-9314b399fe9c-groupManagement] INFO  server.RaftServerConfigKeys (ConfUtils.java:logGet(46)) - raft.server.rpc.timeout.max = 5200ms (custom)
2023-12-26 17:42:35,916 [f2ecaa80-14dc-424e-9be2-9314b399fe9c-groupManagement] INFO  server.RaftServerConfigKeys (ConfUtils.java:logGet(46)) - raft.server.rpc.sleep.time = 25ms (default)
2023-12-26 17:42:35,916 [f2ecaa80-14dc-424e-9be2-9314b399fe9c-groupManagement] INFO  server.RaftServerConfigKeys (ConfUtils.java:logGet(46)) - raft.server.rpc.slowness.timeout = 300000ms (custom)
2023-12-26 17:42:35,916 [f2ecaa80-14dc-424e-9be2-9314b399fe9c-groupManagement] INFO  server.RaftServerConfigKeys (ConfUtils.java:logGet(46)) - raft.server.leaderelection.leader.step-down.wait-time = 10s (default)
2023-12-26 17:42:35,916 [f2ecaa80-14dc-424e-9be2-9314b399fe9c-groupManagement] INFO  server.RaftServerConfigKeys (ConfUtils.java:logGet(46)) - raft.server.leaderelection.member.majority-add = false (default)
2023-12-26 17:42:35,916 [f2ecaa80-14dc-424e-9be2-9314b399fe9c-groupManagement] INFO  server.RaftServerConfigKeys (ConfUtils.java:logGet(46)) - raft.server.sleep.deviation.threshold = 300ms (default)
2023-12-26 17:42:35,916 [f2ecaa80-14dc-424e-9be2-9314b399fe9c-groupManagement] INFO  server.RaftServer$Division (ServerState.java:<init>(113)) - f2ecaa80-14dc-424e-9be2-9314b399fe9c@group-BCF72C73DF2F: ConfigurationManager, init=-1: peers:[f2ecaa80-14dc-424e-9be2-9314b399fe9c|10.1.0.4:15157, 39d92bf3-11d2-44f0-9af6-e9080cb8793e|10.1.0.4:15166, dfc36f62-24b2-4a1f-878a-2a4428b6a6a5|10.1.0.4:15175]|listeners:[], old=null, confs=<EMPTY_MAP>
2023-12-26 17:42:35,916 [f2ecaa80-14dc-424e-9be2-9314b399fe9c-groupManagement] INFO  server.RaftServerConfigKeys (ConfUtils.java:logGet(46)) - raft.server.notification.no-leader.timeout = 300000ms (custom)
2023-12-26 17:42:35,916 [f2ecaa80-14dc-424e-9be2-9314b399fe9c-groupManagement] INFO  server.RaftServerConfigKeys (ConfUtils.java:logGet(46)) - raft.server.read.timeout = 10s (default)
2023-12-26 17:42:35,916 [f2ecaa80-14dc-424e-9be2-9314b399fe9c-groupManagement] INFO  server.RaftServerConfigKeys (ConfUtils.java:logGet(46)) - raft.server.retrycache.expirytime = 600000ms (custom)
2023-12-26 17:42:35,916 [f2ecaa80-14dc-424e-9be2-9314b399fe9c-groupManagement] INFO  server.RaftServerConfigKeys (ConfUtils.java:logGet(46)) - raft.server.retrycache.statistics.expirytime = 100ms (default)
2023-12-26 17:42:35,916 [f2ecaa80-14dc-424e-9be2-9314b399fe9c-groupManagement] INFO  server.RaftServerConfigKeys (ConfUtils.java:logGet(46)) - raft.server.read.option = DEFAULT (default)
2023-12-26 17:42:35,916 [f2ecaa80-14dc-424e-9be2-9314b399fe9c-groupManagement] INFO  server.RaftServerConfigKeys (ConfUtils.java:logGet(46)) - raft.server.read.read-after-write-consistent.write-index-cache.expiry-time = 60s (default)
2023-12-26 17:42:35,918 [f2ecaa80-14dc-424e-9be2-9314b399fe9c-groupManagement] INFO  server.RaftServerConfigKeys (ConfUtils.java:logGet(46)) - raft.server.rpc.request.timeout = 3000ms (default)
2023-12-26 17:42:35,918 [f2ecaa80-14dc-424e-9be2-9314b399fe9c-groupManagement] INFO  server.RaftServerConfigKeys (ConfUtils.java:logGet(46)) - raft.server.log.appender.install.snapshot.enabled = false (custom)
2023-12-26 17:42:35,918 [f2ecaa80-14dc-424e-9be2-9314b399fe9c-groupManagement] INFO  server.RaftServerConfigKeys (ConfUtils.java:logGet(46)) - raft.server.threadpool.server.cached = true (default)
2023-12-26 17:42:35,918 [f2ecaa80-14dc-424e-9be2-9314b399fe9c-groupManagement] INFO  server.RaftServerConfigKeys (ConfUtils.java:logGet(46)) - raft.server.threadpool.server.size = 0 (default)
2023-12-26 17:42:35,919 [f2ecaa80-14dc-424e-9be2-9314b399fe9c-groupManagement] INFO  server.RaftServerConfigKeys (ConfUtils.java:logGet(46)) - raft.server.threadpool.client.cached = true (default)
2023-12-26 17:42:35,919 [f2ecaa80-14dc-424e-9be2-9314b399fe9c-groupManagement] INFO  server.RaftServerConfigKeys (ConfUtils.java:logGet(46)) - raft.server.threadpool.client.size = 0 (default)
2023-12-26 17:42:35,919 [f2ecaa80-14dc-424e-9be2-9314b399fe9c-groupManagement] INFO  server.RaftServerConfigKeys (ConfUtils.java:logGet(46)) - raft.server.storage.free-space.min = 0MB (=0) (default)
2023-12-26 17:42:35,919 [f2ecaa80-14dc-424e-9be2-9314b399fe9c-groupManagement] INFO  server.RaftServerConfigKeys (ConfUtils.java:logGet(46)) - raft.server.log.corruption.policy = EXCEPTION (default)
2023-12-26 17:42:35,919 [f2ecaa80-14dc-424e-9be2-9314b399fe9c-groupManagement] INFO  server.RaftServerConfigKeys (ConfUtils.java:logGet(46)) - raft.server.storage.dir = [/home/runner/work/ozone/ozone/hadoop-ozone/integration-test/target/test-dir/MiniOzoneClusterImpl-c07e4b46-e5c7-4260-9d08-acd32f4d7801/datanode-6/data/ratis] (custom)
2023-12-26 17:42:35,919 [f2ecaa80-14dc-424e-9be2-9314b399fe9c-groupManagement] INFO  storage.RaftStorageDirectory (RaftStorageDirectoryImpl.java:analyzeStorage(138)) - The storage directory /home/runner/work/ozone/ozone/hadoop-ozone/integration-test/target/test-dir/MiniOzoneClusterImpl-c07e4b46-e5c7-4260-9d08-acd32f4d7801/datanode-6/data/ratis/b677c0c9-3ba4-4491-900a-bcf72c73df2f does not exist. Creating ...
2023-12-26 17:42:35,920 [f2ecaa80-14dc-424e-9be2-9314b399fe9c-groupManagement] INFO  storage.RaftStorageDirectory (RaftStorageDirectoryImpl.java:tryLock(232)) - Lock on /home/runner/work/ozone/ozone/hadoop-ozone/integration-test/target/test-dir/MiniOzoneClusterImpl-c07e4b46-e5c7-4260-9d08-acd32f4d7801/datanode-6/data/ratis/b677c0c9-3ba4-4491-900a-bcf72c73df2f/in_use.lock acquired by nodename 85971@fv-az1381-115
2023-12-26 17:42:35,921 [f2ecaa80-14dc-424e-9be2-9314b399fe9c-groupManagement] INFO  storage.RaftStorage (RaftStorageImpl.java:format(97)) - Storage directory /home/runner/work/ozone/ozone/hadoop-ozone/integration-test/target/test-dir/MiniOzoneClusterImpl-c07e4b46-e5c7-4260-9d08-acd32f4d7801/datanode-6/data/ratis/b677c0c9-3ba4-4491-900a-bcf72c73df2f has been successfully formatted.
2023-12-26 17:42:35,921 [f2ecaa80-14dc-424e-9be2-9314b399fe9c-groupManagement] INFO  ratis.ContainerStateMachine (ContainerStateMachine.java:loadSnapshot(287)) - group-BCF72C73DF2F: The snapshot info is null. Setting the last applied indexto:(t:0, i:~)
2023-12-26 17:42:35,921 [f2ecaa80-14dc-424e-9be2-9314b399fe9c-groupManagement] INFO  server.RaftServerConfigKeys (ConfUtils.java:logGet(46)) - raft.server.log.use.memory = false (default)
2023-12-26 17:42:35,921 [f2ecaa80-14dc-424e-9be2-9314b399fe9c-groupManagement] INFO  server.RaftServerConfigKeys (ConfUtils.java:logGet(46)) - raft.server.log.purge.gap = 1000000 (custom)
2023-12-26 17:42:35,922 [f2ecaa80-14dc-424e-9be2-9314b399fe9c-groupManagement] INFO  server.RaftServerConfigKeys (ConfUtils.java:logGet(46)) - raft.server.log.appender.buffer.byte-limit = 8388608 (custom)
2023-12-26 17:42:35,922 [f2ecaa80-14dc-424e-9be2-9314b399fe9c-groupManagement] INFO  server.RaftServerConfigKeys (ConfUtils.java:logGet(46)) - raft.server.log.statemachine.data.read.timeout = 1000ms (default)
2023-12-26 17:42:35,922 [f2ecaa80-14dc-424e-9be2-9314b399fe9c-groupManagement] INFO  server.RaftServerConfigKeys (ConfUtils.java:logGet(46)) - raft.server.log.purge.preservation.log.num = 0 (default)
2023-12-26 17:42:35,923 [f2ecaa80-14dc-424e-9be2-9314b399fe9c-groupManagement] INFO  server.RaftServerConfigKeys (ConfUtils.java:logGet(46)) - raft.server.log.segment.size.max = 67108864 (custom)
2023-12-26 17:42:35,923 [f2ecaa80-14dc-424e-9be2-9314b399fe9c-groupManagement] INFO  server.RaftServerConfigKeys (ConfUtils.java:logGet(46)) - raft.server.log.segment.cache.num.max = 2 (custom)
2023-12-26 17:42:35,923 [EventQueue-OpenPipelineForHealthyPipelineSafeModeRule] INFO  safemode.SCMSafeModeManager (HealthyPipelineSafeModeRule.java:process(140)) - SCM in safe mode. Healthy pipelines reported count is 0, required healthy pipeline reported count is 1
2023-12-26 17:42:35,924 [f2ecaa80-14dc-424e-9be2-9314b399fe9c-groupManagement] INFO  server.RaftServerConfigKeys (ConfUtils.java:logGet(46)) - raft.server.log.segment.cache.size.max = 200MB (=209715200) (default)
2023-12-26 17:42:35,924 [f2ecaa80-14dc-424e-9be2-9314b399fe9c-groupManagement] INFO  server.RaftServerConfigKeys (ConfUtils.java:logGet(46)) - raft.server.log.appender.buffer.byte-limit = 8388608 (custom)
2023-12-26 17:42:35,924 [f2ecaa80-14dc-424e-9be2-9314b399fe9c-groupManagement] INFO  util.AwaitToRun (AwaitToRun.java:start(81)) - Thread[f2ecaa80-14dc-424e-9be2-9314b399fe9c@group-BCF72C73DF2F-cacheEviction-AwaitToRun,5,main] started
2023-12-26 17:42:35,924 [f2ecaa80-14dc-424e-9be2-9314b399fe9c-groupManagement] INFO  segmented.SegmentedRaftLogWorker (SegmentedRaftLogWorker.java:<init>(184)) - new f2ecaa80-14dc-424e-9be2-9314b399fe9c@group-BCF72C73DF2F-SegmentedRaftLogWorker for RaftStorageImpl:Storage Directory /home/runner/work/ozone/ozone/hadoop-ozone/integration-test/target/test-dir/MiniOzoneClusterImpl-c07e4b46-e5c7-4260-9d08-acd32f4d7801/datanode-6/data/ratis/b677c0c9-3ba4-4491-900a-bcf72c73df2f
2023-12-26 17:42:35,924 [f2ecaa80-14dc-424e-9be2-9314b399fe9c-groupManagement] INFO  server.RaftServerConfigKeys (ConfUtils.java:logGet(46)) - raft.server.log.queue.byte-limit = 4294967296 (custom)
2023-12-26 17:42:35,924 [f2ecaa80-14dc-424e-9be2-9314b399fe9c-groupManagement] INFO  server.RaftServerConfigKeys (ConfUtils.java:logGet(46)) - raft.server.log.queue.element-limit = 1024 (custom)
2023-12-26 17:42:35,924 [f2ecaa80-14dc-424e-9be2-9314b399fe9c-groupManagement] INFO  server.RaftServerConfigKeys (ConfUtils.java:logGet(46)) - raft.server.log.segment.size.max = 67108864 (custom)
2023-12-26 17:42:35,924 [f2ecaa80-14dc-424e-9be2-9314b399fe9c-groupManagement] INFO  server.RaftServerConfigKeys (ConfUtils.java:logGet(46)) - raft.server.log.preallocated.size = 4194304 (custom)
2023-12-26 17:42:35,924 [f2ecaa80-14dc-424e-9be2-9314b399fe9c-groupManagement] INFO  server.RaftServerConfigKeys (ConfUtils.java:logGet(46)) - raft.server.log.force.sync.num = 128 (default)
2023-12-26 17:42:35,925 [f2ecaa80-14dc-424e-9be2-9314b399fe9c-groupManagement] INFO  server.RaftServerConfigKeys (ConfUtils.java:logGet(46)) - raft.server.log.statemachine.data.sync = true (default)
2023-12-26 17:42:35,925 [f2ecaa80-14dc-424e-9be2-9314b399fe9c-groupManagement] INFO  server.RaftServerConfigKeys (ConfUtils.java:logGet(46)) - raft.server.log.statemachine.data.sync.timeout = 10s (default)
2023-12-26 17:42:35,925 [f2ecaa80-14dc-424e-9be2-9314b399fe9c-groupManagement] INFO  server.RaftServerConfigKeys (ConfUtils.java:logGet(46)) - raft.server.log.statemachine.data.sync.timeout.retry = 0 (custom)
2023-12-26 17:42:35,925 [f2ecaa80-14dc-424e-9be2-9314b399fe9c-groupManagement] INFO  server.RaftServerConfigKeys (ConfUtils.java:logGet(46)) - raft.server.log.write.buffer.size = 8388616 (custom)
2023-12-26 17:42:35,927 [f2ecaa80-14dc-424e-9be2-9314b399fe9c-groupManagement] INFO  server.RaftServerConfigKeys (ConfUtils.java:logGet(46)) - raft.server.log.appender.buffer.byte-limit = 8388608 (custom)
2023-12-26 17:42:35,928 [f2ecaa80-14dc-424e-9be2-9314b399fe9c-groupManagement] INFO  server.RaftServerConfigKeys (ConfUtils.java:logGet(46)) - raft.server.log.unsafe-flush.enabled = false (default)
2023-12-26 17:42:35,928 [f2ecaa80-14dc-424e-9be2-9314b399fe9c-groupManagement] INFO  server.RaftServerConfigKeys (ConfUtils.java:logGet(46)) - raft.server.log.async-flush.enabled = false (default)
2023-12-26 17:42:35,928 [f2ecaa80-14dc-424e-9be2-9314b399fe9c-groupManagement] INFO  server.RaftServerConfigKeys (ConfUtils.java:logGet(46)) - raft.server.log.statemachine.data.caching.enabled = true (custom)
2023-12-26 17:42:35,928 [f2ecaa80-14dc-424e-9be2-9314b399fe9c-groupManagement] INFO  segmented.SegmentedRaftLogWorker (SegmentedRaftLogWorker.java:lambda$new$0(135)) - f2ecaa80-14dc-424e-9be2-9314b399fe9c@group-BCF72C73DF2F-SegmentedRaftLogWorker: flushIndex: setUnconditionally 0 -> -1
2023-12-26 17:42:35,928 [f2ecaa80-14dc-424e-9be2-9314b399fe9c-groupManagement] INFO  segmented.SegmentedRaftLogWorker (SegmentedRaftLogWorker.java:lambda$new$0(135)) - f2ecaa80-14dc-424e-9be2-9314b399fe9c@group-BCF72C73DF2F-SegmentedRaftLogWorker: safeCacheEvictIndex: setUnconditionally 0 -> -1
2023-12-26 17:42:35,928 [f2ecaa80-14dc-424e-9be2-9314b399fe9c-groupManagement] INFO  server.RaftServer$Division (RaftServerImpl.java:start(392)) - f2ecaa80-14dc-424e-9be2-9314b399fe9c@group-BCF72C73DF2F: start as a follower, conf=-1: peers:[f2ecaa80-14dc-424e-9be2-9314b399fe9c|10.1.0.4:15157, 39d92bf3-11d2-44f0-9af6-e9080cb8793e|10.1.0.4:15166, dfc36f62-24b2-4a1f-878a-2a4428b6a6a5|10.1.0.4:15175]|listeners:[], old=null
2023-12-26 17:42:35,928 [f2ecaa80-14dc-424e-9be2-9314b399fe9c-groupManagement] INFO  server.RaftServer$Division (RaftServerImpl.java:setRole(379)) - f2ecaa80-14dc-424e-9be2-9314b399fe9c@group-BCF72C73DF2F: changes role from      null to FOLLOWER at term 0 for startAsFollower
2023-12-26 17:42:35,928 [f2ecaa80-14dc-424e-9be2-9314b399fe9c-groupManagement] INFO  impl.RoleInfo (RoleInfo.java:updateAndGet(139)) - f2ecaa80-14dc-424e-9be2-9314b399fe9c: start f2ecaa80-14dc-424e-9be2-9314b399fe9c@group-BCF72C73DF2F-FollowerState
2023-12-26 17:42:35,928 [f2ecaa80-14dc-424e-9be2-9314b399fe9c-groupManagement] INFO  util.JmxRegister (JmxRegister.java:tryRegister(44)) - Successfully registered JMX Bean with object name Ratis:service=RaftServer,group=group-BCF72C73DF2F,id=f2ecaa80-14dc-424e-9be2-9314b399fe9c
2023-12-26 17:42:35,929 [f2ecaa80-14dc-424e-9be2-9314b399fe9c-groupManagement] INFO  server.RaftServerConfigKeys (ConfUtils.java:logGet(46)) - raft.server.snapshot.trigger-when-stop.enabled = true (default)
2023-12-26 17:42:35,929 [f2ecaa80-14dc-424e-9be2-9314b399fe9c-groupManagement] INFO  server.RaftServerConfigKeys (ConfUtils.java:logGet(46)) - raft.server.snapshot.auto.trigger.enabled = true (custom)
2023-12-26 17:42:35,929 [f2ecaa80-14dc-424e-9be2-9314b399fe9c-groupManagement] INFO  server.RaftServerConfigKeys (ConfUtils.java:logGet(46)) - raft.server.snapshot.auto.trigger.threshold = 10000 (custom)
2023-12-26 17:42:35,929 [f2ecaa80-14dc-424e-9be2-9314b399fe9c-groupManagement] INFO  server.RaftServerConfigKeys (ConfUtils.java:logGet(46)) - raft.server.snapshot.retention.file.num = 5 (custom)
2023-12-26 17:42:35,929 [f2ecaa80-14dc-424e-9be2-9314b399fe9c-groupManagement] INFO  server.RaftServerConfigKeys (ConfUtils.java:logGet(46)) - raft.server.log.purge.upto.snapshot.index = false (default)
2023-12-26 17:42:35,929 [f2ecaa80-14dc-424e-9be2-9314b399fe9c@group-BCF72C73DF2F-FollowerState] INFO  server.RaftServerConfigKeys (ConfUtils.java:logFallback(53)) - raft.server.rpc.first-election.timeout.min = 5s (fallback to raft.server.rpc.timeout.min)
2023-12-26 17:42:35,929 [f2ecaa80-14dc-424e-9be2-9314b399fe9c-PipelineCommandHandlerThread-0] INFO  ratis.XceiverServerRatis (XceiverServerRatis.java:addGroup(837)) - Created group PipelineID=b677c0c9-3ba4-4491-900a-bcf72c73df2f
2023-12-26 17:42:35,930 [f2ecaa80-14dc-424e-9be2-9314b399fe9c@group-BCF72C73DF2F-FollowerState] INFO  server.RaftServerConfigKeys (ConfUtils.java:logFallback(53)) - raft.server.rpc.first-election.timeout.max = 5200ms (fallback to raft.server.rpc.timeout.max)
2023-12-26 17:42:35,938 [grpc-default-executor-0] INFO  server.RaftServer (RaftServerProxy.java:addNew(100)) - 39d92bf3-11d2-44f0-9af6-e9080cb8793e: addNew group-BCF72C73DF2F:[f2ecaa80-14dc-424e-9be2-9314b399fe9c|10.1.0.4:15157, 39d92bf3-11d2-44f0-9af6-e9080cb8793e|10.1.0.4:15166, dfc36f62-24b2-4a1f-878a-2a4428b6a6a5|10.1.0.4:15175] returns group-BCF72C73DF2F:java.util.concurrent.CompletableFuture@7f2a3e9c[Not completed]
2023-12-26 17:42:35,942 [39d92bf3-11d2-44f0-9af6-e9080cb8793e-groupManagement] INFO  server.RaftServer$Division (RaftServerImpl.java:<init>(256)) - 39d92bf3-11d2-44f0-9af6-e9080cb8793e: new RaftServerImpl for group-BCF72C73DF2F:[f2ecaa80-14dc-424e-9be2-9314b399fe9c|10.1.0.4:15157, 39d92bf3-11d2-44f0-9af6-e9080cb8793e|10.1.0.4:15166, dfc36f62-24b2-4a1f-878a-2a4428b6a6a5|10.1.0.4:15175] with ContainerStateMachine:uninitialized
2023-12-26 17:42:35,942 [39d92bf3-11d2-44f0-9af6-e9080cb8793e-groupManagement] INFO  server.RaftServerConfigKeys (ConfUtils.java:logGet(46)) - raft.server.rpc.timeout.min = 5s (custom)
2023-12-26 17:42:35,942 [39d92bf3-11d2-44f0-9af6-e9080cb8793e-groupManagement] INFO  server.RaftServerConfigKeys (ConfUtils.java:logGet(46)) - raft.server.rpc.timeout.max = 5200ms (custom)
2023-12-26 17:42:35,942 [39d92bf3-11d2-44f0-9af6-e9080cb8793e-groupManagement] INFO  server.RaftServerConfigKeys (ConfUtils.java:logGet(46)) - raft.server.rpc.sleep.time = 25ms (default)
2023-12-26 17:42:35,942 [39d92bf3-11d2-44f0-9af6-e9080cb8793e-groupManagement] INFO  server.RaftServerConfigKeys (ConfUtils.java:logGet(46)) - raft.server.rpc.slowness.timeout = 300000ms (custom)
2023-12-26 17:42:35,942 [39d92bf3-11d2-44f0-9af6-e9080cb8793e-groupManagement] INFO  server.RaftServerConfigKeys (ConfUtils.java:logGet(46)) - raft.server.leaderelection.leader.step-down.wait-time = 10s (default)
2023-12-26 17:42:35,942 [39d92bf3-11d2-44f0-9af6-e9080cb8793e-groupManagement] INFO  server.RaftServerConfigKeys (ConfUtils.java:logGet(46)) - raft.server.leaderelection.member.majority-add = false (default)
2023-12-26 17:42:35,942 [39d92bf3-11d2-44f0-9af6-e9080cb8793e-groupManagement] INFO  server.RaftServerConfigKeys (ConfUtils.java:logGet(46)) - raft.server.sleep.deviation.threshold = 300ms (default)
2023-12-26 17:42:35,942 [39d92bf3-11d2-44f0-9af6-e9080cb8793e-groupManagement] INFO  server.RaftServer$Division (ServerState.java:<init>(113)) - 39d92bf3-11d2-44f0-9af6-e9080cb8793e@group-BCF72C73DF2F: ConfigurationManager, init=-1: peers:[f2ecaa80-14dc-424e-9be2-9314b399fe9c|10.1.0.4:15157, 39d92bf3-11d2-44f0-9af6-e9080cb8793e|10.1.0.4:15166, dfc36f62-24b2-4a1f-878a-2a4428b6a6a5|10.1.0.4:15175]|listeners:[], old=null, confs=<EMPTY_MAP>
2023-12-26 17:42:35,942 [39d92bf3-11d2-44f0-9af6-e9080cb8793e-groupManagement] INFO  server.RaftServerConfigKeys (ConfUtils.java:logGet(46)) - raft.server.notification.no-leader.timeout = 300000ms (custom)
2023-12-26 17:42:35,942 [39d92bf3-11d2-44f0-9af6-e9080cb8793e-groupManagement] INFO  server.RaftServerConfigKeys (ConfUtils.java:logGet(46)) - raft.server.read.timeout = 10s (default)
2023-12-26 17:42:35,942 [39d92bf3-11d2-44f0-9af6-e9080cb8793e-groupManagement] INFO  server.RaftServerConfigKeys (ConfUtils.java:logGet(46)) - raft.server.retrycache.expirytime = 600000ms (custom)
2023-12-26 17:42:35,942 [39d92bf3-11d2-44f0-9af6-e9080cb8793e-groupManagement] INFO  server.RaftServerConfigKeys (ConfUtils.java:logGet(46)) - raft.server.retrycache.statistics.expirytime = 100ms (default)
2023-12-26 17:42:35,942 [39d92bf3-11d2-44f0-9af6-e9080cb8793e-groupManagement] INFO  server.RaftServerConfigKeys (ConfUtils.java:logGet(46)) - raft.server.read.option = DEFAULT (default)
2023-12-26 17:42:35,942 [39d92bf3-11d2-44f0-9af6-e9080cb8793e-groupManagement] INFO  server.RaftServerConfigKeys (ConfUtils.java:logGet(46)) - raft.server.read.read-after-write-consistent.write-index-cache.expiry-time = 60s (default)
2023-12-26 17:42:35,945 [39d92bf3-11d2-44f0-9af6-e9080cb8793e-groupManagement] INFO  server.RaftServerConfigKeys (ConfUtils.java:logGet(46)) - raft.server.rpc.request.timeout = 3000ms (default)
2023-12-26 17:42:35,945 [39d92bf3-11d2-44f0-9af6-e9080cb8793e-groupManagement] INFO  server.RaftServerConfigKeys (ConfUtils.java:logGet(46)) - raft.server.log.appender.install.snapshot.enabled = false (custom)
2023-12-26 17:42:35,945 [39d92bf3-11d2-44f0-9af6-e9080cb8793e-groupManagement] INFO  server.RaftServerConfigKeys (ConfUtils.java:logGet(46)) - raft.server.threadpool.server.cached = true (default)
2023-12-26 17:42:35,945 [39d92bf3-11d2-44f0-9af6-e9080cb8793e-groupManagement] INFO  server.RaftServerConfigKeys (ConfUtils.java:logGet(46)) - raft.server.threadpool.server.size = 0 (default)
2023-12-26 17:42:35,945 [39d92bf3-11d2-44f0-9af6-e9080cb8793e-groupManagement] INFO  server.RaftServerConfigKeys (ConfUtils.java:logGet(46)) - raft.server.threadpool.client.cached = true (default)
2023-12-26 17:42:35,945 [39d92bf3-11d2-44f0-9af6-e9080cb8793e-groupManagement] INFO  server.RaftServerConfigKeys (ConfUtils.java:logGet(46)) - raft.server.threadpool.client.size = 0 (default)
2023-12-26 17:42:35,945 [39d92bf3-11d2-44f0-9af6-e9080cb8793e-groupManagement] INFO  server.RaftServerConfigKeys (ConfUtils.java:logGet(46)) - raft.server.storage.free-space.min = 0MB (=0) (default)
2023-12-26 17:42:35,945 [39d92bf3-11d2-44f0-9af6-e9080cb8793e-groupManagement] INFO  server.RaftServerConfigKeys (ConfUtils.java:logGet(46)) - raft.server.log.corruption.policy = EXCEPTION (default)
2023-12-26 17:42:35,945 [39d92bf3-11d2-44f0-9af6-e9080cb8793e-groupManagement] INFO  server.RaftServerConfigKeys (ConfUtils.java:logGet(46)) - raft.server.storage.dir = [/home/runner/work/ozone/ozone/hadoop-ozone/integration-test/target/test-dir/MiniOzoneClusterImpl-c07e4b46-e5c7-4260-9d08-acd32f4d7801/datanode-7/data/ratis] (custom)
2023-12-26 17:42:35,945 [39d92bf3-11d2-44f0-9af6-e9080cb8793e-groupManagement] INFO  storage.RaftStorageDirectory (RaftStorageDirectoryImpl.java:analyzeStorage(138)) - The storage directory /home/runner/work/ozone/ozone/hadoop-ozone/integration-test/target/test-dir/MiniOzoneClusterImpl-c07e4b46-e5c7-4260-9d08-acd32f4d7801/datanode-7/data/ratis/b677c0c9-3ba4-4491-900a-bcf72c73df2f does not exist. Creating ...
2023-12-26 17:42:35,946 [39d92bf3-11d2-44f0-9af6-e9080cb8793e-groupManagement] INFO  storage.RaftStorageDirectory (RaftStorageDirectoryImpl.java:tryLock(232)) - Lock on /home/runner/work/ozone/ozone/hadoop-ozone/integration-test/target/test-dir/MiniOzoneClusterImpl-c07e4b46-e5c7-4260-9d08-acd32f4d7801/datanode-7/data/ratis/b677c0c9-3ba4-4491-900a-bcf72c73df2f/in_use.lock acquired by nodename 85971@fv-az1381-115
2023-12-26 17:42:35,947 [39d92bf3-11d2-44f0-9af6-e9080cb8793e-groupManagement] INFO  storage.RaftStorage (RaftStorageImpl.java:format(97)) - Storage directory /home/runner/work/ozone/ozone/hadoop-ozone/integration-test/target/test-dir/MiniOzoneClusterImpl-c07e4b46-e5c7-4260-9d08-acd32f4d7801/datanode-7/data/ratis/b677c0c9-3ba4-4491-900a-bcf72c73df2f has been successfully formatted.
2023-12-26 17:42:35,948 [39d92bf3-11d2-44f0-9af6-e9080cb8793e-groupManagement] INFO  ratis.ContainerStateMachine (ContainerStateMachine.java:loadSnapshot(287)) - group-BCF72C73DF2F: The snapshot info is null. Setting the last applied indexto:(t:0, i:~)
2023-12-26 17:42:35,949 [39d92bf3-11d2-44f0-9af6-e9080cb8793e-groupManagement] INFO  server.RaftServerConfigKeys (ConfUtils.java:logGet(46)) - raft.server.log.use.memory = false (default)
2023-12-26 17:42:35,949 [39d92bf3-11d2-44f0-9af6-e9080cb8793e-groupManagement] INFO  server.RaftServerConfigKeys (ConfUtils.java:logGet(46)) - raft.server.log.purge.gap = 1000000 (custom)
2023-12-26 17:42:35,949 [39d92bf3-11d2-44f0-9af6-e9080cb8793e-groupManagement] INFO  server.RaftServerConfigKeys (ConfUtils.java:logGet(46)) - raft.server.log.appender.buffer.byte-limit = 8388608 (custom)
2023-12-26 17:42:35,949 [39d92bf3-11d2-44f0-9af6-e9080cb8793e-groupManagement] INFO  server.RaftServerConfigKeys (ConfUtils.java:logGet(46)) - raft.server.log.statemachine.data.read.timeout = 1000ms (default)
2023-12-26 17:42:35,949 [39d92bf3-11d2-44f0-9af6-e9080cb8793e-groupManagement] INFO  server.RaftServerConfigKeys (ConfUtils.java:logGet(46)) - raft.server.log.purge.preservation.log.num = 0 (default)
2023-12-26 17:42:35,950 [39d92bf3-11d2-44f0-9af6-e9080cb8793e-groupManagement] INFO  server.RaftServerConfigKeys (ConfUtils.java:logGet(46)) - raft.server.log.segment.size.max = 67108864 (custom)
2023-12-26 17:42:35,951 [39d92bf3-11d2-44f0-9af6-e9080cb8793e-groupManagement] INFO  server.RaftServerConfigKeys (ConfUtils.java:logGet(46)) - raft.server.log.segment.cache.num.max = 2 (custom)
2023-12-26 17:42:35,951 [39d92bf3-11d2-44f0-9af6-e9080cb8793e-groupManagement] INFO  server.RaftServerConfigKeys (ConfUtils.java:logGet(46)) - raft.server.log.segment.cache.size.max = 200MB (=209715200) (default)
2023-12-26 17:42:35,951 [39d92bf3-11d2-44f0-9af6-e9080cb8793e-groupManagement] INFO  server.RaftServerConfigKeys (ConfUtils.java:logGet(46)) - raft.server.log.appender.buffer.byte-limit = 8388608 (custom)
2023-12-26 17:42:35,951 [39d92bf3-11d2-44f0-9af6-e9080cb8793e-groupManagement] INFO  util.AwaitToRun (AwaitToRun.java:start(81)) - Thread[39d92bf3-11d2-44f0-9af6-e9080cb8793e@group-BCF72C73DF2F-cacheEviction-AwaitToRun,5,main] started
2023-12-26 17:42:35,951 [39d92bf3-11d2-44f0-9af6-e9080cb8793e-groupManagement] INFO  segmented.SegmentedRaftLogWorker (SegmentedRaftLogWorker.java:<init>(184)) - new 39d92bf3-11d2-44f0-9af6-e9080cb8793e@group-BCF72C73DF2F-SegmentedRaftLogWorker for RaftStorageImpl:Storage Directory /home/runner/work/ozone/ozone/hadoop-ozone/integration-test/target/test-dir/MiniOzoneClusterImpl-c07e4b46-e5c7-4260-9d08-acd32f4d7801/datanode-7/data/ratis/b677c0c9-3ba4-4491-900a-bcf72c73df2f
2023-12-26 17:42:35,951 [39d92bf3-11d2-44f0-9af6-e9080cb8793e-groupManagement] INFO  server.RaftServerConfigKeys (ConfUtils.java:logGet(46)) - raft.server.log.queue.byte-limit = 4294967296 (custom)
2023-12-26 17:42:35,951 [39d92bf3-11d2-44f0-9af6-e9080cb8793e-groupManagement] INFO  server.RaftServerConfigKeys (ConfUtils.java:logGet(46)) - raft.server.log.queue.element-limit = 1024 (custom)
2023-12-26 17:42:35,951 [39d92bf3-11d2-44f0-9af6-e9080cb8793e-groupManagement] INFO  server.RaftServerConfigKeys (ConfUtils.java:logGet(46)) - raft.server.log.segment.size.max = 67108864 (custom)
2023-12-26 17:42:35,951 [39d92bf3-11d2-44f0-9af6-e9080cb8793e-groupManagement] INFO  server.RaftServerConfigKeys (ConfUtils.java:logGet(46)) - raft.server.log.preallocated.size = 4194304 (custom)
2023-12-26 17:42:35,951 [39d92bf3-11d2-44f0-9af6-e9080cb8793e-groupManagement] INFO  server.RaftServerConfigKeys (ConfUtils.java:logGet(46)) - raft.server.log.force.sync.num = 128 (default)
2023-12-26 17:42:35,951 [39d92bf3-11d2-44f0-9af6-e9080cb8793e-groupManagement] INFO  server.RaftServerConfigKeys (ConfUtils.java:logGet(46)) - raft.server.log.statemachine.data.sync = true (default)
2023-12-26 17:42:35,951 [39d92bf3-11d2-44f0-9af6-e9080cb8793e-groupManagement] INFO  server.RaftServerConfigKeys (ConfUtils.java:logGet(46)) - raft.server.log.statemachine.data.sync.timeout = 10s (default)
2023-12-26 17:42:35,951 [39d92bf3-11d2-44f0-9af6-e9080cb8793e-groupManagement] INFO  server.RaftServerConfigKeys (ConfUtils.java:logGet(46)) - raft.server.log.statemachine.data.sync.timeout.retry = 0 (custom)
2023-12-26 17:42:35,951 [39d92bf3-11d2-44f0-9af6-e9080cb8793e-groupManagement] INFO  server.RaftServerConfigKeys (ConfUtils.java:logGet(46)) - raft.server.log.write.buffer.size = 8388616 (custom)
2023-12-26 17:42:35,953 [39d92bf3-11d2-44f0-9af6-e9080cb8793e-groupManagement] INFO  server.RaftServerConfigKeys (ConfUtils.java:logGet(46)) - raft.server.log.appender.buffer.byte-limit = 8388608 (custom)
2023-12-26 17:42:35,953 [39d92bf3-11d2-44f0-9af6-e9080cb8793e-groupManagement] INFO  server.RaftServerConfigKeys (ConfUtils.java:logGet(46)) - raft.server.log.unsafe-flush.enabled = false (default)
2023-12-26 17:42:35,953 [39d92bf3-11d2-44f0-9af6-e9080cb8793e-groupManagement] INFO  server.RaftServerConfigKeys (ConfUtils.java:logGet(46)) - raft.server.log.async-flush.enabled = false (default)
2023-12-26 17:42:35,953 [39d92bf3-11d2-44f0-9af6-e9080cb8793e-groupManagement] INFO  server.RaftServerConfigKeys (ConfUtils.java:logGet(46)) - raft.server.log.statemachine.data.caching.enabled = true (custom)
2023-12-26 17:42:35,953 [39d92bf3-11d2-44f0-9af6-e9080cb8793e-groupManagement] INFO  segmented.SegmentedRaftLogWorker (SegmentedRaftLogWorker.java:lambda$new$0(135)) - 39d92bf3-11d2-44f0-9af6-e9080cb8793e@group-BCF72C73DF2F-SegmentedRaftLogWorker: flushIndex: setUnconditionally 0 -> -1
2023-12-26 17:42:35,954 [39d92bf3-11d2-44f0-9af6-e9080cb8793e-groupManagement] INFO  segmented.SegmentedRaftLogWorker (SegmentedRaftLogWorker.java:lambda$new$0(135)) - 39d92bf3-11d2-44f0-9af6-e9080cb8793e@group-BCF72C73DF2F-SegmentedRaftLogWorker: safeCacheEvictIndex: setUnconditionally 0 -> -1
2023-12-26 17:42:35,954 [39d92bf3-11d2-44f0-9af6-e9080cb8793e-groupManagement] INFO  server.RaftServer$Division (RaftServerImpl.java:start(392)) - 39d92bf3-11d2-44f0-9af6-e9080cb8793e@group-BCF72C73DF2F: start as a follower, conf=-1: peers:[f2ecaa80-14dc-424e-9be2-9314b399fe9c|10.1.0.4:15157, 39d92bf3-11d2-44f0-9af6-e9080cb8793e|10.1.0.4:15166, dfc36f62-24b2-4a1f-878a-2a4428b6a6a5|10.1.0.4:15175]|listeners:[], old=null
2023-12-26 17:42:35,954 [39d92bf3-11d2-44f0-9af6-e9080cb8793e-groupManagement] INFO  server.RaftServer$Division (RaftServerImpl.java:setRole(379)) - 39d92bf3-11d2-44f0-9af6-e9080cb8793e@group-BCF72C73DF2F: changes role from      null to FOLLOWER at term 0 for startAsFollower
2023-12-26 17:42:35,954 [39d92bf3-11d2-44f0-9af6-e9080cb8793e-groupManagement] INFO  impl.RoleInfo (RoleInfo.java:updateAndGet(139)) - 39d92bf3-11d2-44f0-9af6-e9080cb8793e: start 39d92bf3-11d2-44f0-9af6-e9080cb8793e@group-BCF72C73DF2F-FollowerState
2023-12-26 17:42:35,954 [39d92bf3-11d2-44f0-9af6-e9080cb8793e@group-BCF72C73DF2F-FollowerState] INFO  server.RaftServerConfigKeys (ConfUtils.java:logFallback(53)) - raft.server.rpc.first-election.timeout.min = 5s (fallback to raft.server.rpc.timeout.min)
2023-12-26 17:42:35,954 [39d92bf3-11d2-44f0-9af6-e9080cb8793e-groupManagement] INFO  util.JmxRegister (JmxRegister.java:tryRegister(44)) - Successfully registered JMX Bean with object name Ratis:service=RaftServer,group=group-BCF72C73DF2F,id=39d92bf3-11d2-44f0-9af6-e9080cb8793e
2023-12-26 17:42:35,954 [39d92bf3-11d2-44f0-9af6-e9080cb8793e@group-BCF72C73DF2F-FollowerState] INFO  server.RaftServerConfigKeys (ConfUtils.java:logFallback(53)) - raft.server.rpc.first-election.timeout.max = 5200ms (fallback to raft.server.rpc.timeout.max)
2023-12-26 17:42:35,954 [39d92bf3-11d2-44f0-9af6-e9080cb8793e-groupManagement] INFO  server.RaftServerConfigKeys (ConfUtils.java:logGet(46)) - raft.server.snapshot.trigger-when-stop.enabled = true (default)
2023-12-26 17:42:35,954 [39d92bf3-11d2-44f0-9af6-e9080cb8793e-groupManagement] INFO  server.RaftServerConfigKeys (ConfUtils.java:logGet(46)) - raft.server.snapshot.auto.trigger.enabled = true (custom)
2023-12-26 17:42:35,954 [39d92bf3-11d2-44f0-9af6-e9080cb8793e-groupManagement] INFO  server.RaftServerConfigKeys (ConfUtils.java:logGet(46)) - raft.server.snapshot.auto.trigger.threshold = 10000 (custom)
2023-12-26 17:42:35,954 [39d92bf3-11d2-44f0-9af6-e9080cb8793e-groupManagement] INFO  server.RaftServerConfigKeys (ConfUtils.java:logGet(46)) - raft.server.snapshot.retention.file.num = 5 (custom)
2023-12-26 17:42:35,954 [39d92bf3-11d2-44f0-9af6-e9080cb8793e-groupManagement] INFO  server.RaftServerConfigKeys (ConfUtils.java:logGet(46)) - raft.server.log.purge.upto.snapshot.index = false (default)
2023-12-26 17:42:35,964 [grpc-default-executor-0] INFO  server.RaftServer (RaftServerProxy.java:addNew(100)) - dfc36f62-24b2-4a1f-878a-2a4428b6a6a5: addNew group-BCF72C73DF2F:[f2ecaa80-14dc-424e-9be2-9314b399fe9c|10.1.0.4:15157, 39d92bf3-11d2-44f0-9af6-e9080cb8793e|10.1.0.4:15166, dfc36f62-24b2-4a1f-878a-2a4428b6a6a5|10.1.0.4:15175] returns group-BCF72C73DF2F:java.util.concurrent.CompletableFuture@1f1ed01d[Not completed]
2023-12-26 17:42:35,965 [dfc36f62-24b2-4a1f-878a-2a4428b6a6a5-groupManagement] INFO  server.RaftServer$Division (RaftServerImpl.java:<init>(256)) - dfc36f62-24b2-4a1f-878a-2a4428b6a6a5: new RaftServerImpl for group-BCF72C73DF2F:[f2ecaa80-14dc-424e-9be2-9314b399fe9c|10.1.0.4:15157, 39d92bf3-11d2-44f0-9af6-e9080cb8793e|10.1.0.4:15166, dfc36f62-24b2-4a1f-878a-2a4428b6a6a5|10.1.0.4:15175] with ContainerStateMachine:uninitialized
2023-12-26 17:42:35,965 [dfc36f62-24b2-4a1f-878a-2a4428b6a6a5-groupManagement] INFO  server.RaftServerConfigKeys (ConfUtils.java:logGet(46)) - raft.server.rpc.timeout.min = 5s (custom)
2023-12-26 17:42:35,965 [dfc36f62-24b2-4a1f-878a-2a4428b6a6a5-groupManagement] INFO  server.RaftServerConfigKeys (ConfUtils.java:logGet(46)) - raft.server.rpc.timeout.max = 5200ms (custom)
2023-12-26 17:42:35,965 [dfc36f62-24b2-4a1f-878a-2a4428b6a6a5-groupManagement] INFO  server.RaftServerConfigKeys (ConfUtils.java:logGet(46)) - raft.server.rpc.sleep.time = 25ms (default)
2023-12-26 17:42:35,965 [dfc36f62-24b2-4a1f-878a-2a4428b6a6a5-groupManagement] INFO  server.RaftServerConfigKeys (ConfUtils.java:logGet(46)) - raft.server.rpc.slowness.timeout = 300000ms (custom)
2023-12-26 17:42:35,965 [dfc36f62-24b2-4a1f-878a-2a4428b6a6a5-groupManagement] INFO  server.RaftServerConfigKeys (ConfUtils.java:logGet(46)) - raft.server.leaderelection.leader.step-down.wait-time = 10s (default)
2023-12-26 17:42:35,965 [dfc36f62-24b2-4a1f-878a-2a4428b6a6a5-groupManagement] INFO  server.RaftServerConfigKeys (ConfUtils.java:logGet(46)) - raft.server.leaderelection.member.majority-add = false (default)
2023-12-26 17:42:35,965 [dfc36f62-24b2-4a1f-878a-2a4428b6a6a5-groupManagement] INFO  server.RaftServerConfigKeys (ConfUtils.java:logGet(46)) - raft.server.sleep.deviation.threshold = 300ms (default)
2023-12-26 17:42:35,965 [dfc36f62-24b2-4a1f-878a-2a4428b6a6a5-groupManagement] INFO  server.RaftServer$Division (ServerState.java:<init>(113)) - dfc36f62-24b2-4a1f-878a-2a4428b6a6a5@group-BCF72C73DF2F: ConfigurationManager, init=-1: peers:[f2ecaa80-14dc-424e-9be2-9314b399fe9c|10.1.0.4:15157, 39d92bf3-11d2-44f0-9af6-e9080cb8793e|10.1.0.4:15166, dfc36f62-24b2-4a1f-878a-2a4428b6a6a5|10.1.0.4:15175]|listeners:[], old=null, confs=<EMPTY_MAP>
2023-12-26 17:42:35,965 [dfc36f62-24b2-4a1f-878a-2a4428b6a6a5-groupManagement] INFO  server.RaftServerConfigKeys (ConfUtils.java:logGet(46)) - raft.server.notification.no-leader.timeout = 300000ms (custom)
2023-12-26 17:42:35,966 [dfc36f62-24b2-4a1f-878a-2a4428b6a6a5-groupManagement] INFO  server.RaftServerConfigKeys (ConfUtils.java:logGet(46)) - raft.server.read.timeout = 10s (default)
2023-12-26 17:42:35,966 [dfc36f62-24b2-4a1f-878a-2a4428b6a6a5-groupManagement] INFO  server.RaftServerConfigKeys (ConfUtils.java:logGet(46)) - raft.server.retrycache.expirytime = 600000ms (custom)
2023-12-26 17:42:35,966 [dfc36f62-24b2-4a1f-878a-2a4428b6a6a5-groupManagement] INFO  server.RaftServerConfigKeys (ConfUtils.java:logGet(46)) - raft.server.retrycache.statistics.expirytime = 100ms (default)
2023-12-26 17:42:35,966 [dfc36f62-24b2-4a1f-878a-2a4428b6a6a5-groupManagement] INFO  server.RaftServerConfigKeys (ConfUtils.java:logGet(46)) - raft.server.read.option = DEFAULT (default)
2023-12-26 17:42:35,966 [dfc36f62-24b2-4a1f-878a-2a4428b6a6a5-groupManagement] INFO  server.RaftServerConfigKeys (ConfUtils.java:logGet(46)) - raft.server.read.read-after-write-consistent.write-index-cache.expiry-time = 60s (default)
2023-12-26 17:42:35,968 [dfc36f62-24b2-4a1f-878a-2a4428b6a6a5-groupManagement] INFO  server.RaftServerConfigKeys (ConfUtils.java:logGet(46)) - raft.server.rpc.request.timeout = 3000ms (default)
2023-12-26 17:42:35,968 [dfc36f62-24b2-4a1f-878a-2a4428b6a6a5-groupManagement] INFO  server.RaftServerConfigKeys (ConfUtils.java:logGet(46)) - raft.server.log.appender.install.snapshot.enabled = false (custom)
2023-12-26 17:42:35,968 [dfc36f62-24b2-4a1f-878a-2a4428b6a6a5-groupManagement] INFO  server.RaftServerConfigKeys (ConfUtils.java:logGet(46)) - raft.server.threadpool.server.cached = true (default)
2023-12-26 17:42:35,968 [dfc36f62-24b2-4a1f-878a-2a4428b6a6a5-groupManagement] INFO  server.RaftServerConfigKeys (ConfUtils.java:logGet(46)) - raft.server.threadpool.server.size = 0 (default)
2023-12-26 17:42:35,968 [dfc36f62-24b2-4a1f-878a-2a4428b6a6a5-groupManagement] INFO  server.RaftServerConfigKeys (ConfUtils.java:logGet(46)) - raft.server.threadpool.client.cached = true (default)
2023-12-26 17:42:35,968 [dfc36f62-24b2-4a1f-878a-2a4428b6a6a5-groupManagement] INFO  server.RaftServerConfigKeys (ConfUtils.java:logGet(46)) - raft.server.threadpool.client.size = 0 (default)
2023-12-26 17:42:35,968 [dfc36f62-24b2-4a1f-878a-2a4428b6a6a5-groupManagement] INFO  server.RaftServerConfigKeys (ConfUtils.java:logGet(46)) - raft.server.storage.free-space.min = 0MB (=0) (default)
2023-12-26 17:42:35,968 [dfc36f62-24b2-4a1f-878a-2a4428b6a6a5-groupManagement] INFO  server.RaftServerConfigKeys (ConfUtils.java:logGet(46)) - raft.server.log.corruption.policy = EXCEPTION (default)
2023-12-26 17:42:35,968 [dfc36f62-24b2-4a1f-878a-2a4428b6a6a5-groupManagement] INFO  server.RaftServerConfigKeys (ConfUtils.java:logGet(46)) - raft.server.storage.dir = [/home/runner/work/ozone/ozone/hadoop-ozone/integration-test/target/test-dir/MiniOzoneClusterImpl-c07e4b46-e5c7-4260-9d08-acd32f4d7801/datanode-8/data/ratis] (custom)
2023-12-26 17:42:35,969 [dfc36f62-24b2-4a1f-878a-2a4428b6a6a5-groupManagement] INFO  storage.RaftStorageDirectory (RaftStorageDirectoryImpl.java:analyzeStorage(138)) - The storage directory /home/runner/work/ozone/ozone/hadoop-ozone/integration-test/target/test-dir/MiniOzoneClusterImpl-c07e4b46-e5c7-4260-9d08-acd32f4d7801/datanode-8/data/ratis/b677c0c9-3ba4-4491-900a-bcf72c73df2f does not exist. Creating ...
2023-12-26 17:42:35,969 [dfc36f62-24b2-4a1f-878a-2a4428b6a6a5-groupManagement] INFO  storage.RaftStorageDirectory (RaftStorageDirectoryImpl.java:tryLock(232)) - Lock on /home/runner/work/ozone/ozone/hadoop-ozone/integration-test/target/test-dir/MiniOzoneClusterImpl-c07e4b46-e5c7-4260-9d08-acd32f4d7801/datanode-8/data/ratis/b677c0c9-3ba4-4491-900a-bcf72c73df2f/in_use.lock acquired by nodename 85971@fv-az1381-115
2023-12-26 17:42:35,971 [dfc36f62-24b2-4a1f-878a-2a4428b6a6a5-groupManagement] INFO  storage.RaftStorage (RaftStorageImpl.java:format(97)) - Storage directory /home/runner/work/ozone/ozone/hadoop-ozone/integration-test/target/test-dir/MiniOzoneClusterImpl-c07e4b46-e5c7-4260-9d08-acd32f4d7801/datanode-8/data/ratis/b677c0c9-3ba4-4491-900a-bcf72c73df2f has been successfully formatted.
2023-12-26 17:42:35,972 [dfc36f62-24b2-4a1f-878a-2a4428b6a6a5-groupManagement] INFO  ratis.ContainerStateMachine (ContainerStateMachine.java:loadSnapshot(287)) - group-BCF72C73DF2F: The snapshot info is null. Setting the last applied indexto:(t:0, i:~)
2023-12-26 17:42:35,972 [dfc36f62-24b2-4a1f-878a-2a4428b6a6a5-groupManagement] INFO  server.RaftServerConfigKeys (ConfUtils.java:logGet(46)) - raft.server.log.use.memory = false (default)
2023-12-26 17:42:35,972 [dfc36f62-24b2-4a1f-878a-2a4428b6a6a5-groupManagement] INFO  server.RaftServerConfigKeys (ConfUtils.java:logGet(46)) - raft.server.log.purge.gap = 1000000 (custom)
2023-12-26 17:42:35,972 [dfc36f62-24b2-4a1f-878a-2a4428b6a6a5-groupManagement] INFO  server.RaftServerConfigKeys (ConfUtils.java:logGet(46)) - raft.server.log.appender.buffer.byte-limit = 8388608 (custom)
2023-12-26 17:42:35,972 [dfc36f62-24b2-4a1f-878a-2a4428b6a6a5-groupManagement] INFO  server.RaftServerConfigKeys (ConfUtils.java:logGet(46)) - raft.server.log.statemachine.data.read.timeout = 1000ms (default)
2023-12-26 17:42:35,972 [dfc36f62-24b2-4a1f-878a-2a4428b6a6a5-groupManagement] INFO  server.RaftServerConfigKeys (ConfUtils.java:logGet(46)) - raft.server.log.purge.preservation.log.num = 0 (default)
2023-12-26 17:42:35,973 [dfc36f62-24b2-4a1f-878a-2a4428b6a6a5-groupManagement] INFO  server.RaftServerConfigKeys (ConfUtils.java:logGet(46)) - raft.server.log.segment.size.max = 67108864 (custom)
2023-12-26 17:42:35,973 [dfc36f62-24b2-4a1f-878a-2a4428b6a6a5-groupManagement] INFO  server.RaftServerConfigKeys (ConfUtils.java:logGet(46)) - raft.server.log.segment.cache.num.max = 2 (custom)
2023-12-26 17:42:35,973 [dfc36f62-24b2-4a1f-878a-2a4428b6a6a5-groupManagement] INFO  server.RaftServerConfigKeys (ConfUtils.java:logGet(46)) - raft.server.log.segment.cache.size.max = 200MB (=209715200) (default)
2023-12-26 17:42:35,973 [dfc36f62-24b2-4a1f-878a-2a4428b6a6a5-groupManagement] INFO  server.RaftServerConfigKeys (ConfUtils.java:logGet(46)) - raft.server.log.appender.buffer.byte-limit = 8388608 (custom)
2023-12-26 17:42:35,974 [dfc36f62-24b2-4a1f-878a-2a4428b6a6a5-groupManagement] INFO  util.AwaitToRun (AwaitToRun.java:start(81)) - Thread[dfc36f62-24b2-4a1f-878a-2a4428b6a6a5@group-BCF72C73DF2F-cacheEviction-AwaitToRun,5,main] started
2023-12-26 17:42:35,974 [dfc36f62-24b2-4a1f-878a-2a4428b6a6a5-groupManagement] INFO  segmented.SegmentedRaftLogWorker (SegmentedRaftLogWorker.java:<init>(184)) - new dfc36f62-24b2-4a1f-878a-2a4428b6a6a5@group-BCF72C73DF2F-SegmentedRaftLogWorker for RaftStorageImpl:Storage Directory /home/runner/work/ozone/ozone/hadoop-ozone/integration-test/target/test-dir/MiniOzoneClusterImpl-c07e4b46-e5c7-4260-9d08-acd32f4d7801/datanode-8/data/ratis/b677c0c9-3ba4-4491-900a-bcf72c73df2f
2023-12-26 17:42:35,974 [dfc36f62-24b2-4a1f-878a-2a4428b6a6a5-groupManagement] INFO  server.RaftServerConfigKeys (ConfUtils.java:logGet(46)) - raft.server.log.queue.byte-limit = 4294967296 (custom)
2023-12-26 17:42:35,974 [dfc36f62-24b2-4a1f-878a-2a4428b6a6a5-groupManagement] INFO  server.RaftServerConfigKeys (ConfUtils.java:logGet(46)) - raft.server.log.queue.element-limit = 1024 (custom)
2023-12-26 17:42:35,974 [dfc36f62-24b2-4a1f-878a-2a4428b6a6a5-groupManagement] INFO  server.RaftServerConfigKeys (ConfUtils.java:logGet(46)) - raft.server.log.segment.size.max = 67108864 (custom)
2023-12-26 17:42:35,974 [dfc36f62-24b2-4a1f-878a-2a4428b6a6a5-groupManagement] INFO  server.RaftServerConfigKeys (ConfUtils.java:logGet(46)) - raft.server.log.preallocated.size = 4194304 (custom)
2023-12-26 17:42:35,974 [dfc36f62-24b2-4a1f-878a-2a4428b6a6a5-groupManagement] INFO  server.RaftServerConfigKeys (ConfUtils.java:logGet(46)) - raft.server.log.force.sync.num = 128 (default)
2023-12-26 17:42:35,974 [dfc36f62-24b2-4a1f-878a-2a4428b6a6a5-groupManagement] INFO  server.RaftServerConfigKeys (ConfUtils.java:logGet(46)) - raft.server.log.statemachine.data.sync = true (default)
2023-12-26 17:42:35,974 [dfc36f62-24b2-4a1f-878a-2a4428b6a6a5-groupManagement] INFO  server.RaftServerConfigKeys (ConfUtils.java:logGet(46)) - raft.server.log.statemachine.data.sync.timeout = 10s (default)
2023-12-26 17:42:35,974 [dfc36f62-24b2-4a1f-878a-2a4428b6a6a5-groupManagement] INFO  server.RaftServerConfigKeys (ConfUtils.java:logGet(46)) - raft.server.log.statemachine.data.sync.timeout.retry = 0 (custom)
2023-12-26 17:42:35,974 [dfc36f62-24b2-4a1f-878a-2a4428b6a6a5-groupManagement] INFO  server.RaftServerConfigKeys (ConfUtils.java:logGet(46)) - raft.server.log.write.buffer.size = 8388616 (custom)
2023-12-26 17:42:35,976 [dfc36f62-24b2-4a1f-878a-2a4428b6a6a5-groupManagement] INFO  server.RaftServerConfigKeys (ConfUtils.java:logGet(46)) - raft.server.log.appender.buffer.byte-limit = 8388608 (custom)
2023-12-26 17:42:35,976 [dfc36f62-24b2-4a1f-878a-2a4428b6a6a5-groupManagement] INFO  server.RaftServerConfigKeys (ConfUtils.java:logGet(46)) - raft.server.log.unsafe-flush.enabled = false (default)
2023-12-26 17:42:35,976 [dfc36f62-24b2-4a1f-878a-2a4428b6a6a5-groupManagement] INFO  server.RaftServerConfigKeys (ConfUtils.java:logGet(46)) - raft.server.log.async-flush.enabled = false (default)
2023-12-26 17:42:35,976 [dfc36f62-24b2-4a1f-878a-2a4428b6a6a5-groupManagement] INFO  server.RaftServerConfigKeys (ConfUtils.java:logGet(46)) - raft.server.log.statemachine.data.caching.enabled = true (custom)
2023-12-26 17:42:35,976 [dfc36f62-24b2-4a1f-878a-2a4428b6a6a5-groupManagement] INFO  segmented.SegmentedRaftLogWorker (SegmentedRaftLogWorker.java:lambda$new$0(135)) - dfc36f62-24b2-4a1f-878a-2a4428b6a6a5@group-BCF72C73DF2F-SegmentedRaftLogWorker: flushIndex: setUnconditionally 0 -> -1
2023-12-26 17:42:35,976 [dfc36f62-24b2-4a1f-878a-2a4428b6a6a5-groupManagement] INFO  segmented.SegmentedRaftLogWorker (SegmentedRaftLogWorker.java:lambda$new$0(135)) - dfc36f62-24b2-4a1f-878a-2a4428b6a6a5@group-BCF72C73DF2F-SegmentedRaftLogWorker: safeCacheEvictIndex: setUnconditionally 0 -> -1
2023-12-26 17:42:35,977 [dfc36f62-24b2-4a1f-878a-2a4428b6a6a5-groupManagement] INFO  server.RaftServer$Division (RaftServerImpl.java:start(392)) - dfc36f62-24b2-4a1f-878a-2a4428b6a6a5@group-BCF72C73DF2F: start as a follower, conf=-1: peers:[f2ecaa80-14dc-424e-9be2-9314b399fe9c|10.1.0.4:15157, 39d92bf3-11d2-44f0-9af6-e9080cb8793e|10.1.0.4:15166, dfc36f62-24b2-4a1f-878a-2a4428b6a6a5|10.1.0.4:15175]|listeners:[], old=null
2023-12-26 17:42:35,977 [dfc36f62-24b2-4a1f-878a-2a4428b6a6a5-groupManagement] INFO  server.RaftServer$Division (RaftServerImpl.java:setRole(379)) - dfc36f62-24b2-4a1f-878a-2a4428b6a6a5@group-BCF72C73DF2F: changes role from      null to FOLLOWER at term 0 for startAsFollower
2023-12-26 17:42:35,977 [dfc36f62-24b2-4a1f-878a-2a4428b6a6a5-groupManagement] INFO  impl.RoleInfo (RoleInfo.java:updateAndGet(139)) - dfc36f62-24b2-4a1f-878a-2a4428b6a6a5: start dfc36f62-24b2-4a1f-878a-2a4428b6a6a5@group-BCF72C73DF2F-FollowerState
2023-12-26 17:42:35,977 [dfc36f62-24b2-4a1f-878a-2a4428b6a6a5@group-BCF72C73DF2F-FollowerState] INFO  server.RaftServerConfigKeys (ConfUtils.java:logFallback(53)) - raft.server.rpc.first-election.timeout.min = 5s (fallback to raft.server.rpc.timeout.min)
2023-12-26 17:42:35,977 [dfc36f62-24b2-4a1f-878a-2a4428b6a6a5-groupManagement] INFO  util.JmxRegister (JmxRegister.java:tryRegister(44)) - Successfully registered JMX Bean with object name Ratis:service=RaftServer,group=group-BCF72C73DF2F,id=dfc36f62-24b2-4a1f-878a-2a4428b6a6a5
2023-12-26 17:42:35,977 [dfc36f62-24b2-4a1f-878a-2a4428b6a6a5@group-BCF72C73DF2F-FollowerState] INFO  server.RaftServerConfigKeys (ConfUtils.java:logFallback(53)) - raft.server.rpc.first-election.timeout.max = 5200ms (fallback to raft.server.rpc.timeout.max)
2023-12-26 17:42:35,977 [dfc36f62-24b2-4a1f-878a-2a4428b6a6a5-groupManagement] INFO  server.RaftServerConfigKeys (ConfUtils.java:logGet(46)) - raft.server.snapshot.trigger-when-stop.enabled = true (default)
2023-12-26 17:42:35,977 [dfc36f62-24b2-4a1f-878a-2a4428b6a6a5-groupManagement] INFO  server.RaftServerConfigKeys (ConfUtils.java:logGet(46)) - raft.server.snapshot.auto.trigger.enabled = true (custom)
2023-12-26 17:42:35,977 [dfc36f62-24b2-4a1f-878a-2a4428b6a6a5-groupManagement] INFO  server.RaftServerConfigKeys (ConfUtils.java:logGet(46)) - raft.server.snapshot.auto.trigger.threshold = 10000 (custom)
2023-12-26 17:42:35,977 [dfc36f62-24b2-4a1f-878a-2a4428b6a6a5-groupManagement] INFO  server.RaftServerConfigKeys (ConfUtils.java:logGet(46)) - raft.server.snapshot.retention.file.num = 5 (custom)
2023-12-26 17:42:35,977 [dfc36f62-24b2-4a1f-878a-2a4428b6a6a5-groupManagement] INFO  server.RaftServerConfigKeys (ConfUtils.java:logGet(46)) - raft.server.log.purge.upto.snapshot.index = false (default)
2023-12-26 17:42:35,981 [f2ecaa80-14dc-424e-9be2-9314b399fe9c-PipelineCommandHandlerThread-0] INFO  commandhandler.CreatePipelineCommandHandler (CreatePipelineCommandHandler.java:lambda$handle$2(124)) - Created Pipeline RATIS THREE PipelineID=b677c0c9-3ba4-4491-900a-bcf72c73df2f.
2023-12-26 17:42:36,001 [39d92bf3-11d2-44f0-9af6-e9080cb8793e-PipelineCommandHandlerThread-0] INFO  server.RaftServer (RaftServerProxy.java:addNew(100)) - 39d92bf3-11d2-44f0-9af6-e9080cb8793e: addNew group-1EECBF8D636F:[39d92bf3-11d2-44f0-9af6-e9080cb8793e|10.1.0.4:15166] returns group-1EECBF8D636F:java.util.concurrent.CompletableFuture@2aed40b0[Not completed]
2023-12-26 17:42:36,002 [39d92bf3-11d2-44f0-9af6-e9080cb8793e-groupManagement] INFO  server.RaftServer$Division (RaftServerImpl.java:<init>(256)) - 39d92bf3-11d2-44f0-9af6-e9080cb8793e: new RaftServerImpl for group-1EECBF8D636F:[39d92bf3-11d2-44f0-9af6-e9080cb8793e|10.1.0.4:15166] with ContainerStateMachine:uninitialized
2023-12-26 17:42:36,002 [39d92bf3-11d2-44f0-9af6-e9080cb8793e-groupManagement] INFO  server.RaftServerConfigKeys (ConfUtils.java:logGet(46)) - raft.server.rpc.timeout.min = 5s (custom)
2023-12-26 17:42:36,002 [39d92bf3-11d2-44f0-9af6-e9080cb8793e-groupManagement] INFO  server.RaftServerConfigKeys (ConfUtils.java:logGet(46)) - raft.server.rpc.timeout.max = 5200ms (custom)
2023-12-26 17:42:36,002 [39d92bf3-11d2-44f0-9af6-e9080cb8793e-groupManagement] INFO  server.RaftServerConfigKeys (ConfUtils.java:logGet(46)) - raft.server.rpc.sleep.time = 25ms (default)
2023-12-26 17:42:36,002 [39d92bf3-11d2-44f0-9af6-e9080cb8793e-groupManagement] INFO  server.RaftServerConfigKeys (ConfUtils.java:logGet(46)) - raft.server.rpc.slowness.timeout = 300000ms (custom)
2023-12-26 17:42:36,002 [39d92bf3-11d2-44f0-9af6-e9080cb8793e-groupManagement] INFO  server.RaftServerConfigKeys (ConfUtils.java:logGet(46)) - raft.server.leaderelection.leader.step-down.wait-time = 10s (default)
2023-12-26 17:42:36,002 [39d92bf3-11d2-44f0-9af6-e9080cb8793e-groupManagement] INFO  server.RaftServerConfigKeys (ConfUtils.java:logGet(46)) - raft.server.leaderelection.member.majority-add = false (default)
2023-12-26 17:42:36,003 [39d92bf3-11d2-44f0-9af6-e9080cb8793e-groupManagement] INFO  server.RaftServerConfigKeys (ConfUtils.java:logGet(46)) - raft.server.sleep.deviation.threshold = 300ms (default)
2023-12-26 17:42:36,003 [39d92bf3-11d2-44f0-9af6-e9080cb8793e-groupManagement] INFO  server.RaftServer$Division (ServerState.java:<init>(113)) - 39d92bf3-11d2-44f0-9af6-e9080cb8793e@group-1EECBF8D636F: ConfigurationManager, init=-1: peers:[39d92bf3-11d2-44f0-9af6-e9080cb8793e|10.1.0.4:15166]|listeners:[], old=null, confs=<EMPTY_MAP>
2023-12-26 17:42:36,003 [39d92bf3-11d2-44f0-9af6-e9080cb8793e-groupManagement] INFO  server.RaftServerConfigKeys (ConfUtils.java:logGet(46)) - raft.server.notification.no-leader.timeout = 300000ms (custom)
2023-12-26 17:42:36,003 [39d92bf3-11d2-44f0-9af6-e9080cb8793e-groupManagement] INFO  server.RaftServerConfigKeys (ConfUtils.java:logGet(46)) - raft.server.read.timeout = 10s (default)
2023-12-26 17:42:36,003 [39d92bf3-11d2-44f0-9af6-e9080cb8793e-groupManagement] INFO  server.RaftServerConfigKeys (ConfUtils.java:logGet(46)) - raft.server.retrycache.expirytime = 600000ms (custom)
2023-12-26 17:42:36,003 [39d92bf3-11d2-44f0-9af6-e9080cb8793e-groupManagement] INFO  server.RaftServerConfigKeys (ConfUtils.java:logGet(46)) - raft.server.retrycache.statistics.expirytime = 100ms (default)
2023-12-26 17:42:36,003 [39d92bf3-11d2-44f0-9af6-e9080cb8793e-groupManagement] INFO  server.RaftServerConfigKeys (ConfUtils.java:logGet(46)) - raft.server.read.option = DEFAULT (default)
2023-12-26 17:42:36,003 [39d92bf3-11d2-44f0-9af6-e9080cb8793e-groupManagement] INFO  server.RaftServerConfigKeys (ConfUtils.java:logGet(46)) - raft.server.read.read-after-write-consistent.write-index-cache.expiry-time = 60s (default)
2023-12-26 17:42:36,004 [39d92bf3-11d2-44f0-9af6-e9080cb8793e-groupManagement] INFO  server.RaftServerConfigKeys (ConfUtils.java:logGet(46)) - raft.server.rpc.request.timeout = 3000ms (default)
2023-12-26 17:42:36,004 [39d92bf3-11d2-44f0-9af6-e9080cb8793e-groupManagement] INFO  server.RaftServerConfigKeys (ConfUtils.java:logGet(46)) - raft.server.log.appender.install.snapshot.enabled = false (custom)
2023-12-26 17:42:36,004 [39d92bf3-11d2-44f0-9af6-e9080cb8793e-groupManagement] INFO  server.RaftServerConfigKeys (ConfUtils.java:logGet(46)) - raft.server.threadpool.server.cached = true (default)
2023-12-26 17:42:36,004 [39d92bf3-11d2-44f0-9af6-e9080cb8793e-groupManagement] INFO  server.RaftServerConfigKeys (ConfUtils.java:logGet(46)) - raft.server.threadpool.server.size = 0 (default)
2023-12-26 17:42:36,004 [39d92bf3-11d2-44f0-9af6-e9080cb8793e-groupManagement] INFO  server.RaftServerConfigKeys (ConfUtils.java:logGet(46)) - raft.server.threadpool.client.cached = true (default)
2023-12-26 17:42:36,004 [39d92bf3-11d2-44f0-9af6-e9080cb8793e-groupManagement] INFO  server.RaftServerConfigKeys (ConfUtils.java:logGet(46)) - raft.server.threadpool.client.size = 0 (default)
2023-12-26 17:42:36,005 [39d92bf3-11d2-44f0-9af6-e9080cb8793e-groupManagement] INFO  server.RaftServerConfigKeys (ConfUtils.java:logGet(46)) - raft.server.storage.free-space.min = 0MB (=0) (default)
2023-12-26 17:42:36,005 [39d92bf3-11d2-44f0-9af6-e9080cb8793e-groupManagement] INFO  server.RaftServerConfigKeys (ConfUtils.java:logGet(46)) - raft.server.log.corruption.policy = EXCEPTION (default)
2023-12-26 17:42:36,005 [39d92bf3-11d2-44f0-9af6-e9080cb8793e-groupManagement] INFO  server.RaftServerConfigKeys (ConfUtils.java:logGet(46)) - raft.server.storage.dir = [/home/runner/work/ozone/ozone/hadoop-ozone/integration-test/target/test-dir/MiniOzoneClusterImpl-c07e4b46-e5c7-4260-9d08-acd32f4d7801/datanode-7/data/ratis] (custom)
2023-12-26 17:42:36,005 [39d92bf3-11d2-44f0-9af6-e9080cb8793e-groupManagement] INFO  storage.RaftStorageDirectory (RaftStorageDirectoryImpl.java:analyzeStorage(138)) - The storage directory /home/runner/work/ozone/ozone/hadoop-ozone/integration-test/target/test-dir/MiniOzoneClusterImpl-c07e4b46-e5c7-4260-9d08-acd32f4d7801/datanode-7/data/ratis/1531227b-5c5b-4114-b1c8-1eecbf8d636f does not exist. Creating ...
2023-12-26 17:42:36,006 [39d92bf3-11d2-44f0-9af6-e9080cb8793e-groupManagement] INFO  storage.RaftStorageDirectory (RaftStorageDirectoryImpl.java:tryLock(232)) - Lock on /home/runner/work/ozone/ozone/hadoop-ozone/integration-test/target/test-dir/MiniOzoneClusterImpl-c07e4b46-e5c7-4260-9d08-acd32f4d7801/datanode-7/data/ratis/1531227b-5c5b-4114-b1c8-1eecbf8d636f/in_use.lock acquired by nodename 85971@fv-az1381-115
2023-12-26 17:42:36,008 [39d92bf3-11d2-44f0-9af6-e9080cb8793e-groupManagement] INFO  storage.RaftStorage (RaftStorageImpl.java:format(97)) - Storage directory /home/runner/work/ozone/ozone/hadoop-ozone/integration-test/target/test-dir/MiniOzoneClusterImpl-c07e4b46-e5c7-4260-9d08-acd32f4d7801/datanode-7/data/ratis/1531227b-5c5b-4114-b1c8-1eecbf8d636f has been successfully formatted.
2023-12-26 17:42:36,008 [39d92bf3-11d2-44f0-9af6-e9080cb8793e-groupManagement] INFO  ratis.ContainerStateMachine (ContainerStateMachine.java:loadSnapshot(287)) - group-1EECBF8D636F: The snapshot info is null. Setting the last applied indexto:(t:0, i:~)
2023-12-26 17:42:36,008 [39d92bf3-11d2-44f0-9af6-e9080cb8793e-groupManagement] INFO  server.RaftServerConfigKeys (ConfUtils.java:logGet(46)) - raft.server.log.use.memory = false (default)
2023-12-26 17:42:36,008 [39d92bf3-11d2-44f0-9af6-e9080cb8793e-groupManagement] INFO  server.RaftServerConfigKeys (ConfUtils.java:logGet(46)) - raft.server.log.purge.gap = 1000000 (custom)
2023-12-26 17:42:36,008 [39d92bf3-11d2-44f0-9af6-e9080cb8793e-groupManagement] INFO  server.RaftServerConfigKeys (ConfUtils.java:logGet(46)) - raft.server.log.appender.buffer.byte-limit = 8388608 (custom)
2023-12-26 17:42:36,008 [39d92bf3-11d2-44f0-9af6-e9080cb8793e-groupManagement] INFO  server.RaftServerConfigKeys (ConfUtils.java:logGet(46)) - raft.server.log.statemachine.data.read.timeout = 1000ms (default)
2023-12-26 17:42:36,009 [39d92bf3-11d2-44f0-9af6-e9080cb8793e-groupManagement] INFO  server.RaftServerConfigKeys (ConfUtils.java:logGet(46)) - raft.server.log.purge.preservation.log.num = 0 (default)
2023-12-26 17:42:36,010 [39d92bf3-11d2-44f0-9af6-e9080cb8793e-groupManagement] INFO  server.RaftServerConfigKeys (ConfUtils.java:logGet(46)) - raft.server.log.segment.size.max = 67108864 (custom)
2023-12-26 17:42:36,010 [EventQueue-PipelineReportForPipelineReportHandler] INFO  pipeline.PipelineReportHandler (PipelineReportHandler.java:processPipelineReport(136)) - Opened pipeline PipelineID=1531227b-5c5b-4114-b1c8-1eecbf8d636f
2023-12-26 17:42:36,010 [EventQueue-OpenPipelineForHealthyPipelineSafeModeRule] INFO  safemode.SCMSafeModeManager (HealthyPipelineSafeModeRule.java:process(140)) - SCM in safe mode. Healthy pipelines reported count is 0, required healthy pipeline reported count is 1
2023-12-26 17:42:36,010 [39d92bf3-11d2-44f0-9af6-e9080cb8793e-groupManagement] INFO  server.RaftServerConfigKeys (ConfUtils.java:logGet(46)) - raft.server.log.segment.cache.num.max = 2 (custom)
2023-12-26 17:42:36,010 [39d92bf3-11d2-44f0-9af6-e9080cb8793e-groupManagement] INFO  server.RaftServerConfigKeys (ConfUtils.java:logGet(46)) - raft.server.log.segment.cache.size.max = 200MB (=209715200) (default)
2023-12-26 17:42:36,010 [39d92bf3-11d2-44f0-9af6-e9080cb8793e-groupManagement] INFO  server.RaftServerConfigKeys (ConfUtils.java:logGet(46)) - raft.server.log.appender.buffer.byte-limit = 8388608 (custom)
2023-12-26 17:42:36,010 [39d92bf3-11d2-44f0-9af6-e9080cb8793e-groupManagement] INFO  util.AwaitToRun (AwaitToRun.java:start(81)) - Thread[39d92bf3-11d2-44f0-9af6-e9080cb8793e@group-1EECBF8D636F-cacheEviction-AwaitToRun,5,main] started
2023-12-26 17:42:36,010 [39d92bf3-11d2-44f0-9af6-e9080cb8793e-groupManagement] INFO  segmented.SegmentedRaftLogWorker (SegmentedRaftLogWorker.java:<init>(184)) - new 39d92bf3-11d2-44f0-9af6-e9080cb8793e@group-1EECBF8D636F-SegmentedRaftLogWorker for RaftStorageImpl:Storage Directory /home/runner/work/ozone/ozone/hadoop-ozone/integration-test/target/test-dir/MiniOzoneClusterImpl-c07e4b46-e5c7-4260-9d08-acd32f4d7801/datanode-7/data/ratis/1531227b-5c5b-4114-b1c8-1eecbf8d636f
2023-12-26 17:42:36,010 [39d92bf3-11d2-44f0-9af6-e9080cb8793e-groupManagement] INFO  server.RaftServerConfigKeys (ConfUtils.java:logGet(46)) - raft.server.log.queue.byte-limit = 4294967296 (custom)
2023-12-26 17:42:36,010 [39d92bf3-11d2-44f0-9af6-e9080cb8793e-groupManagement] INFO  server.RaftServerConfigKeys (ConfUtils.java:logGet(46)) - raft.server.log.queue.element-limit = 1024 (custom)
2023-12-26 17:42:36,010 [39d92bf3-11d2-44f0-9af6-e9080cb8793e-groupManagement] INFO  server.RaftServerConfigKeys (ConfUtils.java:logGet(46)) - raft.server.log.segment.size.max = 67108864 (custom)
2023-12-26 17:42:36,010 [39d92bf3-11d2-44f0-9af6-e9080cb8793e-groupManagement] INFO  server.RaftServerConfigKeys (ConfUtils.java:logGet(46)) - raft.server.log.preallocated.size = 4194304 (custom)
2023-12-26 17:42:36,010 [39d92bf3-11d2-44f0-9af6-e9080cb8793e-groupManagement] INFO  server.RaftServerConfigKeys (ConfUtils.java:logGet(46)) - raft.server.log.force.sync.num = 128 (default)
2023-12-26 17:42:36,010 [39d92bf3-11d2-44f0-9af6-e9080cb8793e-groupManagement] INFO  server.RaftServerConfigKeys (ConfUtils.java:logGet(46)) - raft.server.log.statemachine.data.sync = true (default)
2023-12-26 17:42:36,010 [39d92bf3-11d2-44f0-9af6-e9080cb8793e-groupManagement] INFO  server.RaftServerConfigKeys (ConfUtils.java:logGet(46)) - raft.server.log.statemachine.data.sync.timeout = 10s (default)
2023-12-26 17:42:36,011 [39d92bf3-11d2-44f0-9af6-e9080cb8793e-groupManagement] INFO  server.RaftServerConfigKeys (ConfUtils.java:logGet(46)) - raft.server.log.statemachine.data.sync.timeout.retry = 0 (custom)
2023-12-26 17:42:36,011 [39d92bf3-11d2-44f0-9af6-e9080cb8793e-groupManagement] INFO  server.RaftServerConfigKeys (ConfUtils.java:logGet(46)) - raft.server.log.write.buffer.size = 8388616 (custom)
2023-12-26 17:42:36,013 [39d92bf3-11d2-44f0-9af6-e9080cb8793e-groupManagement] INFO  server.RaftServerConfigKeys (ConfUtils.java:logGet(46)) - raft.server.log.appender.buffer.byte-limit = 8388608 (custom)
2023-12-26 17:42:36,013 [39d92bf3-11d2-44f0-9af6-e9080cb8793e-groupManagement] INFO  server.RaftServerConfigKeys (ConfUtils.java:logGet(46)) - raft.server.log.unsafe-flush.enabled = false (default)
2023-12-26 17:42:36,013 [39d92bf3-11d2-44f0-9af6-e9080cb8793e-groupManagement] INFO  server.RaftServerConfigKeys (ConfUtils.java:logGet(46)) - raft.server.log.async-flush.enabled = false (default)
2023-12-26 17:42:36,014 [39d92bf3-11d2-44f0-9af6-e9080cb8793e-groupManagement] INFO  server.RaftServerConfigKeys (ConfUtils.java:logGet(46)) - raft.server.log.statemachine.data.caching.enabled = true (custom)
2023-12-26 17:42:36,014 [39d92bf3-11d2-44f0-9af6-e9080cb8793e-groupManagement] INFO  segmented.SegmentedRaftLogWorker (SegmentedRaftLogWorker.java:lambda$new$0(135)) - 39d92bf3-11d2-44f0-9af6-e9080cb8793e@group-1EECBF8D636F-SegmentedRaftLogWorker: flushIndex: setUnconditionally 0 -> -1
2023-12-26 17:42:36,014 [39d92bf3-11d2-44f0-9af6-e9080cb8793e-groupManagement] INFO  segmented.SegmentedRaftLogWorker (SegmentedRaftLogWorker.java:lambda$new$0(135)) - 39d92bf3-11d2-44f0-9af6-e9080cb8793e@group-1EECBF8D636F-SegmentedRaftLogWorker: safeCacheEvictIndex: setUnconditionally 0 -> -1
2023-12-26 17:42:36,014 [39d92bf3-11d2-44f0-9af6-e9080cb8793e-groupManagement] INFO  server.RaftServer$Division (RaftServerImpl.java:start(392)) - 39d92bf3-11d2-44f0-9af6-e9080cb8793e@group-1EECBF8D636F: start as a follower, conf=-1: peers:[39d92bf3-11d2-44f0-9af6-e9080cb8793e|10.1.0.4:15166]|listeners:[], old=null
2023-12-26 17:42:36,014 [39d92bf3-11d2-44f0-9af6-e9080cb8793e-groupManagement] INFO  server.RaftServer$Division (RaftServerImpl.java:setRole(379)) - 39d92bf3-11d2-44f0-9af6-e9080cb8793e@group-1EECBF8D636F: changes role from      null to FOLLOWER at term 0 for startAsFollower
2023-12-26 17:42:36,014 [39d92bf3-11d2-44f0-9af6-e9080cb8793e-groupManagement] INFO  impl.RoleInfo (RoleInfo.java:updateAndGet(139)) - 39d92bf3-11d2-44f0-9af6-e9080cb8793e: start 39d92bf3-11d2-44f0-9af6-e9080cb8793e@group-1EECBF8D636F-FollowerState
2023-12-26 17:42:36,014 [39d92bf3-11d2-44f0-9af6-e9080cb8793e@group-1EECBF8D636F-FollowerState] INFO  server.RaftServerConfigKeys (ConfUtils.java:logFallback(53)) - raft.server.rpc.first-election.timeout.min = 5s (fallback to raft.server.rpc.timeout.min)
2023-12-26 17:42:36,014 [39d92bf3-11d2-44f0-9af6-e9080cb8793e@group-1EECBF8D636F-FollowerState] INFO  server.RaftServerConfigKeys (ConfUtils.java:logFallback(53)) - raft.server.rpc.first-election.timeout.max = 5200ms (fallback to raft.server.rpc.timeout.max)
2023-12-26 17:42:36,014 [39d92bf3-11d2-44f0-9af6-e9080cb8793e-groupManagement] INFO  util.JmxRegister (JmxRegister.java:tryRegister(44)) - Successfully registered JMX Bean with object name Ratis:service=RaftServer,group=group-1EECBF8D636F,id=39d92bf3-11d2-44f0-9af6-e9080cb8793e
2023-12-26 17:42:36,015 [39d92bf3-11d2-44f0-9af6-e9080cb8793e-groupManagement] INFO  server.RaftServerConfigKeys (ConfUtils.java:logGet(46)) - raft.server.snapshot.trigger-when-stop.enabled = true (default)
2023-12-26 17:42:36,015 [39d92bf3-11d2-44f0-9af6-e9080cb8793e-groupManagement] INFO  server.RaftServerConfigKeys (ConfUtils.java:logGet(46)) - raft.server.snapshot.auto.trigger.enabled = true (custom)
2023-12-26 17:42:36,015 [39d92bf3-11d2-44f0-9af6-e9080cb8793e-groupManagement] INFO  server.RaftServerConfigKeys (ConfUtils.java:logGet(46)) - raft.server.snapshot.auto.trigger.threshold = 10000 (custom)
2023-12-26 17:42:36,015 [39d92bf3-11d2-44f0-9af6-e9080cb8793e-groupManagement] INFO  server.RaftServerConfigKeys (ConfUtils.java:logGet(46)) - raft.server.snapshot.retention.file.num = 5 (custom)
2023-12-26 17:42:36,015 [39d92bf3-11d2-44f0-9af6-e9080cb8793e-groupManagement] INFO  server.RaftServerConfigKeys (ConfUtils.java:logGet(46)) - raft.server.log.purge.upto.snapshot.index = false (default)
2023-12-26 17:42:36,021 [39d92bf3-11d2-44f0-9af6-e9080cb8793e-PipelineCommandHandlerThread-0] INFO  ratis.XceiverServerRatis (XceiverServerRatis.java:addGroup(837)) - Created group PipelineID=1531227b-5c5b-4114-b1c8-1eecbf8d636f
2023-12-26 17:42:36,021 [39d92bf3-11d2-44f0-9af6-e9080cb8793e-PipelineCommandHandlerThread-0] INFO  commandhandler.CreatePipelineCommandHandler (CreatePipelineCommandHandler.java:lambda$handle$2(124)) - Created Pipeline RATIS ONE PipelineID=1531227b-5c5b-4114-b1c8-1eecbf8d636f.
2023-12-26 17:42:36,099 [dfc36f62-24b2-4a1f-878a-2a4428b6a6a5-PipelineCommandHandlerThread-0] INFO  server.RaftServer (RaftServerProxy.java:addNew(100)) - dfc36f62-24b2-4a1f-878a-2a4428b6a6a5: addNew group-7EECDC04AE22:[dfc36f62-24b2-4a1f-878a-2a4428b6a6a5|10.1.0.4:15175] returns group-7EECDC04AE22:java.util.concurrent.CompletableFuture@6e9fe64c[Not completed]
2023-12-26 17:42:36,100 [dfc36f62-24b2-4a1f-878a-2a4428b6a6a5-groupManagement] INFO  server.RaftServer$Division (RaftServerImpl.java:<init>(256)) - dfc36f62-24b2-4a1f-878a-2a4428b6a6a5: new RaftServerImpl for group-7EECDC04AE22:[dfc36f62-24b2-4a1f-878a-2a4428b6a6a5|10.1.0.4:15175] with ContainerStateMachine:uninitialized
2023-12-26 17:42:36,100 [dfc36f62-24b2-4a1f-878a-2a4428b6a6a5-groupManagement] INFO  server.RaftServerConfigKeys (ConfUtils.java:logGet(46)) - raft.server.rpc.timeout.min = 5s (custom)
2023-12-26 17:42:36,100 [dfc36f62-24b2-4a1f-878a-2a4428b6a6a5-groupManagement] INFO  server.RaftServerConfigKeys (ConfUtils.java:logGet(46)) - raft.server.rpc.timeout.max = 5200ms (custom)
2023-12-26 17:42:36,100 [dfc36f62-24b2-4a1f-878a-2a4428b6a6a5-groupManagement] INFO  server.RaftServerConfigKeys (ConfUtils.java:logGet(46)) - raft.server.rpc.sleep.time = 25ms (default)
2023-12-26 17:42:36,100 [dfc36f62-24b2-4a1f-878a-2a4428b6a6a5-groupManagement] INFO  server.RaftServerConfigKeys (ConfUtils.java:logGet(46)) - raft.server.rpc.slowness.timeout = 300000ms (custom)
2023-12-26 17:42:36,101 [dfc36f62-24b2-4a1f-878a-2a4428b6a6a5-groupManagement] INFO  server.RaftServerConfigKeys (ConfUtils.java:logGet(46)) - raft.server.leaderelection.leader.step-down.wait-time = 10s (default)
2023-12-26 17:42:36,101 [dfc36f62-24b2-4a1f-878a-2a4428b6a6a5-groupManagement] INFO  server.RaftServerConfigKeys (ConfUtils.java:logGet(46)) - raft.server.leaderelection.member.majority-add = false (default)
2023-12-26 17:42:36,101 [dfc36f62-24b2-4a1f-878a-2a4428b6a6a5-groupManagement] INFO  server.RaftServerConfigKeys (ConfUtils.java:logGet(46)) - raft.server.sleep.deviation.threshold = 300ms (default)
2023-12-26 17:42:36,101 [dfc36f62-24b2-4a1f-878a-2a4428b6a6a5-groupManagement] INFO  server.RaftServer$Division (ServerState.java:<init>(113)) - dfc36f62-24b2-4a1f-878a-2a4428b6a6a5@group-7EECDC04AE22: ConfigurationManager, init=-1: peers:[dfc36f62-24b2-4a1f-878a-2a4428b6a6a5|10.1.0.4:15175]|listeners:[], old=null, confs=<EMPTY_MAP>
2023-12-26 17:42:36,101 [dfc36f62-24b2-4a1f-878a-2a4428b6a6a5-groupManagement] INFO  server.RaftServerConfigKeys (ConfUtils.java:logGet(46)) - raft.server.notification.no-leader.timeout = 300000ms (custom)
2023-12-26 17:42:36,101 [dfc36f62-24b2-4a1f-878a-2a4428b6a6a5-groupManagement] INFO  server.RaftServerConfigKeys (ConfUtils.java:logGet(46)) - raft.server.read.timeout = 10s (default)
2023-12-26 17:42:36,101 [dfc36f62-24b2-4a1f-878a-2a4428b6a6a5-groupManagement] INFO  server.RaftServerConfigKeys (ConfUtils.java:logGet(46)) - raft.server.retrycache.expirytime = 600000ms (custom)
2023-12-26 17:42:36,101 [dfc36f62-24b2-4a1f-878a-2a4428b6a6a5-groupManagement] INFO  server.RaftServerConfigKeys (ConfUtils.java:logGet(46)) - raft.server.retrycache.statistics.expirytime = 100ms (default)
2023-12-26 17:42:36,101 [dfc36f62-24b2-4a1f-878a-2a4428b6a6a5-groupManagement] INFO  server.RaftServerConfigKeys (ConfUtils.java:logGet(46)) - raft.server.read.option = DEFAULT (default)
2023-12-26 17:42:36,101 [dfc36f62-24b2-4a1f-878a-2a4428b6a6a5-groupManagement] INFO  server.RaftServerConfigKeys (ConfUtils.java:logGet(46)) - raft.server.read.read-after-write-consistent.write-index-cache.expiry-time = 60s (default)
2023-12-26 17:42:36,103 [dfc36f62-24b2-4a1f-878a-2a4428b6a6a5-groupManagement] INFO  server.RaftServerConfigKeys (ConfUtils.java:logGet(46)) - raft.server.rpc.request.timeout = 3000ms (default)
2023-12-26 17:42:36,103 [dfc36f62-24b2-4a1f-878a-2a4428b6a6a5-groupManagement] INFO  server.RaftServerConfigKeys (ConfUtils.java:logGet(46)) - raft.server.log.appender.install.snapshot.enabled = false (custom)
2023-12-26 17:42:36,103 [dfc36f62-24b2-4a1f-878a-2a4428b6a6a5-groupManagement] INFO  server.RaftServerConfigKeys (ConfUtils.java:logGet(46)) - raft.server.threadpool.server.cached = true (default)
2023-12-26 17:42:36,103 [dfc36f62-24b2-4a1f-878a-2a4428b6a6a5-groupManagement] INFO  server.RaftServerConfigKeys (ConfUtils.java:logGet(46)) - raft.server.threadpool.server.size = 0 (default)
2023-12-26 17:42:36,103 [dfc36f62-24b2-4a1f-878a-2a4428b6a6a5-groupManagement] INFO  server.RaftServerConfigKeys (ConfUtils.java:logGet(46)) - raft.server.threadpool.client.cached = true (default)
2023-12-26 17:42:36,103 [dfc36f62-24b2-4a1f-878a-2a4428b6a6a5-groupManagement] INFO  server.RaftServerConfigKeys (ConfUtils.java:logGet(46)) - raft.server.threadpool.client.size = 0 (default)
2023-12-26 17:42:36,103 [dfc36f62-24b2-4a1f-878a-2a4428b6a6a5-groupManagement] INFO  server.RaftServerConfigKeys (ConfUtils.java:logGet(46)) - raft.server.storage.free-space.min = 0MB (=0) (default)
2023-12-26 17:42:36,103 [dfc36f62-24b2-4a1f-878a-2a4428b6a6a5-groupManagement] INFO  server.RaftServerConfigKeys (ConfUtils.java:logGet(46)) - raft.server.log.corruption.policy = EXCEPTION (default)
2023-12-26 17:42:36,103 [main] INFO  ozone.MiniOzoneClusterImpl (MiniOzoneClusterImpl.java:lambda$waitForClusterToBeReady$0(230)) - Nodes are ready. Got 9 of 9 DN Heartbeats.
2023-12-26 17:42:36,103 [main] INFO  ozone.MiniOzoneClusterImpl (MiniOzoneClusterImpl.java:lambda$waitForClusterToBeReady$0(233)) - Waiting for cluster to exit safe mode
2023-12-26 17:42:36,104 [main] INFO  ozone.MiniOzoneClusterImpl (MiniOzoneClusterImpl.java:lambda$waitForClusterToBeReady$0(235)) - SCM became leader
2023-12-26 17:42:36,103 [dfc36f62-24b2-4a1f-878a-2a4428b6a6a5-groupManagement] INFO  server.RaftServerConfigKeys (ConfUtils.java:logGet(46)) - raft.server.storage.dir = [/home/runner/work/ozone/ozone/hadoop-ozone/integration-test/target/test-dir/MiniOzoneClusterImpl-c07e4b46-e5c7-4260-9d08-acd32f4d7801/datanode-8/data/ratis] (custom)
2023-12-26 17:42:36,104 [dfc36f62-24b2-4a1f-878a-2a4428b6a6a5-groupManagement] INFO  storage.RaftStorageDirectory (RaftStorageDirectoryImpl.java:analyzeStorage(138)) - The storage directory /home/runner/work/ozone/ozone/hadoop-ozone/integration-test/target/test-dir/MiniOzoneClusterImpl-c07e4b46-e5c7-4260-9d08-acd32f4d7801/datanode-8/data/ratis/c8744a47-38d9-4c4a-ad5d-7eecdc04ae22 does not exist. Creating ...
2023-12-26 17:42:36,105 [dfc36f62-24b2-4a1f-878a-2a4428b6a6a5-groupManagement] INFO  storage.RaftStorageDirectory (RaftStorageDirectoryImpl.java:tryLock(232)) - Lock on /home/runner/work/ozone/ozone/hadoop-ozone/integration-test/target/test-dir/MiniOzoneClusterImpl-c07e4b46-e5c7-4260-9d08-acd32f4d7801/datanode-8/data/ratis/c8744a47-38d9-4c4a-ad5d-7eecdc04ae22/in_use.lock acquired by nodename 85971@fv-az1381-115
2023-12-26 17:42:36,107 [dfc36f62-24b2-4a1f-878a-2a4428b6a6a5-groupManagement] INFO  storage.RaftStorage (RaftStorageImpl.java:format(97)) - Storage directory /home/runner/work/ozone/ozone/hadoop-ozone/integration-test/target/test-dir/MiniOzoneClusterImpl-c07e4b46-e5c7-4260-9d08-acd32f4d7801/datanode-8/data/ratis/c8744a47-38d9-4c4a-ad5d-7eecdc04ae22 has been successfully formatted.
2023-12-26 17:42:36,107 [dfc36f62-24b2-4a1f-878a-2a4428b6a6a5-groupManagement] INFO  ratis.ContainerStateMachine (ContainerStateMachine.java:loadSnapshot(287)) - group-7EECDC04AE22: The snapshot info is null. Setting the last applied indexto:(t:0, i:~)
2023-12-26 17:42:36,107 [dfc36f62-24b2-4a1f-878a-2a4428b6a6a5-groupManagement] INFO  server.RaftServerConfigKeys (ConfUtils.java:logGet(46)) - raft.server.log.use.memory = false (default)
2023-12-26 17:42:36,108 [dfc36f62-24b2-4a1f-878a-2a4428b6a6a5-groupManagement] INFO  server.RaftServerConfigKeys (ConfUtils.java:logGet(46)) - raft.server.log.purge.gap = 1000000 (custom)
2023-12-26 17:42:36,108 [dfc36f62-24b2-4a1f-878a-2a4428b6a6a5-groupManagement] INFO  server.RaftServerConfigKeys (ConfUtils.java:logGet(46)) - raft.server.log.appender.buffer.byte-limit = 8388608 (custom)
2023-12-26 17:42:36,108 [dfc36f62-24b2-4a1f-878a-2a4428b6a6a5-groupManagement] INFO  server.RaftServerConfigKeys (ConfUtils.java:logGet(46)) - raft.server.log.statemachine.data.read.timeout = 1000ms (default)
2023-12-26 17:42:36,108 [dfc36f62-24b2-4a1f-878a-2a4428b6a6a5-groupManagement] INFO  server.RaftServerConfigKeys (ConfUtils.java:logGet(46)) - raft.server.log.purge.preservation.log.num = 0 (default)
2023-12-26 17:42:36,109 [EventQueue-PipelineReportForPipelineReportHandler] INFO  pipeline.PipelineReportHandler (PipelineReportHandler.java:processPipelineReport(136)) - Opened pipeline PipelineID=c8744a47-38d9-4c4a-ad5d-7eecdc04ae22
2023-12-26 17:42:36,109 [EventQueue-OpenPipelineForHealthyPipelineSafeModeRule] INFO  safemode.SCMSafeModeManager (HealthyPipelineSafeModeRule.java:process(140)) - SCM in safe mode. Healthy pipelines reported count is 0, required healthy pipeline reported count is 1
2023-12-26 17:42:36,110 [dfc36f62-24b2-4a1f-878a-2a4428b6a6a5-groupManagement] INFO  server.RaftServerConfigKeys (ConfUtils.java:logGet(46)) - raft.server.log.segment.size.max = 67108864 (custom)
2023-12-26 17:42:36,111 [dfc36f62-24b2-4a1f-878a-2a4428b6a6a5-groupManagement] INFO  server.RaftServerConfigKeys (ConfUtils.java:logGet(46)) - raft.server.log.segment.cache.num.max = 2 (custom)
2023-12-26 17:42:36,111 [dfc36f62-24b2-4a1f-878a-2a4428b6a6a5-groupManagement] INFO  server.RaftServerConfigKeys (ConfUtils.java:logGet(46)) - raft.server.log.segment.cache.size.max = 200MB (=209715200) (default)
2023-12-26 17:42:36,111 [dfc36f62-24b2-4a1f-878a-2a4428b6a6a5-groupManagement] INFO  server.RaftServerConfigKeys (ConfUtils.java:logGet(46)) - raft.server.log.appender.buffer.byte-limit = 8388608 (custom)
2023-12-26 17:42:36,111 [dfc36f62-24b2-4a1f-878a-2a4428b6a6a5-groupManagement] INFO  util.AwaitToRun (AwaitToRun.java:start(81)) - Thread[dfc36f62-24b2-4a1f-878a-2a4428b6a6a5@group-7EECDC04AE22-cacheEviction-AwaitToRun,5,main] started
2023-12-26 17:42:36,111 [dfc36f62-24b2-4a1f-878a-2a4428b6a6a5-groupManagement] INFO  segmented.SegmentedRaftLogWorker (SegmentedRaftLogWorker.java:<init>(184)) - new dfc36f62-24b2-4a1f-878a-2a4428b6a6a5@group-7EECDC04AE22-SegmentedRaftLogWorker for RaftStorageImpl:Storage Directory /home/runner/work/ozone/ozone/hadoop-ozone/integration-test/target/test-dir/MiniOzoneClusterImpl-c07e4b46-e5c7-4260-9d08-acd32f4d7801/datanode-8/data/ratis/c8744a47-38d9-4c4a-ad5d-7eecdc04ae22
2023-12-26 17:42:36,111 [dfc36f62-24b2-4a1f-878a-2a4428b6a6a5-groupManagement] INFO  server.RaftServerConfigKeys (ConfUtils.java:logGet(46)) - raft.server.log.queue.byte-limit = 4294967296 (custom)
2023-12-26 17:42:36,111 [dfc36f62-24b2-4a1f-878a-2a4428b6a6a5-groupManagement] INFO  server.RaftServerConfigKeys (ConfUtils.java:logGet(46)) - raft.server.log.queue.element-limit = 1024 (custom)
2023-12-26 17:42:36,111 [dfc36f62-24b2-4a1f-878a-2a4428b6a6a5-groupManagement] INFO  server.RaftServerConfigKeys (ConfUtils.java:logGet(46)) - raft.server.log.segment.size.max = 67108864 (custom)
2023-12-26 17:42:36,111 [dfc36f62-24b2-4a1f-878a-2a4428b6a6a5-groupManagement] INFO  server.RaftServerConfigKeys (ConfUtils.java:logGet(46)) - raft.server.log.preallocated.size = 4194304 (custom)
2023-12-26 17:42:36,111 [dfc36f62-24b2-4a1f-878a-2a4428b6a6a5-groupManagement] INFO  server.RaftServerConfigKeys (ConfUtils.java:logGet(46)) - raft.server.log.force.sync.num = 128 (default)
2023-12-26 17:42:36,111 [dfc36f62-24b2-4a1f-878a-2a4428b6a6a5-groupManagement] INFO  server.RaftServerConfigKeys (ConfUtils.java:logGet(46)) - raft.server.log.statemachine.data.sync = true (default)
2023-12-26 17:42:36,111 [dfc36f62-24b2-4a1f-878a-2a4428b6a6a5-groupManagement] INFO  server.RaftServerConfigKeys (ConfUtils.java:logGet(46)) - raft.server.log.statemachine.data.sync.timeout = 10s (default)
2023-12-26 17:42:36,112 [dfc36f62-24b2-4a1f-878a-2a4428b6a6a5-groupManagement] INFO  server.RaftServerConfigKeys (ConfUtils.java:logGet(46)) - raft.server.log.statemachine.data.sync.timeout.retry = 0 (custom)
2023-12-26 17:42:36,112 [dfc36f62-24b2-4a1f-878a-2a4428b6a6a5-groupManagement] INFO  server.RaftServerConfigKeys (ConfUtils.java:logGet(46)) - raft.server.log.write.buffer.size = 8388616 (custom)
2023-12-26 17:42:36,113 [dfc36f62-24b2-4a1f-878a-2a4428b6a6a5-groupManagement] INFO  server.RaftServerConfigKeys (ConfUtils.java:logGet(46)) - raft.server.log.appender.buffer.byte-limit = 8388608 (custom)
2023-12-26 17:42:36,114 [dfc36f62-24b2-4a1f-878a-2a4428b6a6a5-groupManagement] INFO  server.RaftServerConfigKeys (ConfUtils.java:logGet(46)) - raft.server.log.unsafe-flush.enabled = false (default)
2023-12-26 17:42:36,114 [dfc36f62-24b2-4a1f-878a-2a4428b6a6a5-groupManagement] INFO  server.RaftServerConfigKeys (ConfUtils.java:logGet(46)) - raft.server.log.async-flush.enabled = false (default)
2023-12-26 17:42:36,114 [dfc36f62-24b2-4a1f-878a-2a4428b6a6a5-groupManagement] INFO  server.RaftServerConfigKeys (ConfUtils.java:logGet(46)) - raft.server.log.statemachine.data.caching.enabled = true (custom)
2023-12-26 17:42:36,114 [dfc36f62-24b2-4a1f-878a-2a4428b6a6a5-groupManagement] INFO  segmented.SegmentedRaftLogWorker (SegmentedRaftLogWorker.java:lambda$new$0(135)) - dfc36f62-24b2-4a1f-878a-2a4428b6a6a5@group-7EECDC04AE22-SegmentedRaftLogWorker: flushIndex: setUnconditionally 0 -> -1
2023-12-26 17:42:36,114 [dfc36f62-24b2-4a1f-878a-2a4428b6a6a5-groupManagement] INFO  segmented.SegmentedRaftLogWorker (SegmentedRaftLogWorker.java:lambda$new$0(135)) - dfc36f62-24b2-4a1f-878a-2a4428b6a6a5@group-7EECDC04AE22-SegmentedRaftLogWorker: safeCacheEvictIndex: setUnconditionally 0 -> -1
2023-12-26 17:42:36,114 [dfc36f62-24b2-4a1f-878a-2a4428b6a6a5-groupManagement] INFO  server.RaftServer$Division (RaftServerImpl.java:start(392)) - dfc36f62-24b2-4a1f-878a-2a4428b6a6a5@group-7EECDC04AE22: start as a follower, conf=-1: peers:[dfc36f62-24b2-4a1f-878a-2a4428b6a6a5|10.1.0.4:15175]|listeners:[], old=null
2023-12-26 17:42:36,115 [dfc36f62-24b2-4a1f-878a-2a4428b6a6a5-groupManagement] INFO  server.RaftServer$Division (RaftServerImpl.java:setRole(379)) - dfc36f62-24b2-4a1f-878a-2a4428b6a6a5@group-7EECDC04AE22: changes role from      null to FOLLOWER at term 0 for startAsFollower
2023-12-26 17:42:36,115 [dfc36f62-24b2-4a1f-878a-2a4428b6a6a5-groupManagement] INFO  impl.RoleInfo (RoleInfo.java:updateAndGet(139)) - dfc36f62-24b2-4a1f-878a-2a4428b6a6a5: start dfc36f62-24b2-4a1f-878a-2a4428b6a6a5@group-7EECDC04AE22-FollowerState
2023-12-26 17:42:36,115 [dfc36f62-24b2-4a1f-878a-2a4428b6a6a5@group-7EECDC04AE22-FollowerState] INFO  server.RaftServerConfigKeys (ConfUtils.java:logFallback(53)) - raft.server.rpc.first-election.timeout.min = 5s (fallback to raft.server.rpc.timeout.min)
2023-12-26 17:42:36,115 [dfc36f62-24b2-4a1f-878a-2a4428b6a6a5@group-7EECDC04AE22-FollowerState] INFO  server.RaftServerConfigKeys (ConfUtils.java:logFallback(53)) - raft.server.rpc.first-election.timeout.max = 5200ms (fallback to raft.server.rpc.timeout.max)
2023-12-26 17:42:36,115 [dfc36f62-24b2-4a1f-878a-2a4428b6a6a5-groupManagement] INFO  util.JmxRegister (JmxRegister.java:tryRegister(44)) - Successfully registered JMX Bean with object name Ratis:service=RaftServer,group=group-7EECDC04AE22,id=dfc36f62-24b2-4a1f-878a-2a4428b6a6a5
2023-12-26 17:42:36,115 [dfc36f62-24b2-4a1f-878a-2a4428b6a6a5-groupManagement] INFO  server.RaftServerConfigKeys (ConfUtils.java:logGet(46)) - raft.server.snapshot.trigger-when-stop.enabled = true (default)
2023-12-26 17:42:36,115 [dfc36f62-24b2-4a1f-878a-2a4428b6a6a5-groupManagement] INFO  server.RaftServerConfigKeys (ConfUtils.java:logGet(46)) - raft.server.snapshot.auto.trigger.enabled = true (custom)
2023-12-26 17:42:36,115 [dfc36f62-24b2-4a1f-878a-2a4428b6a6a5-groupManagement] INFO  server.RaftServerConfigKeys (ConfUtils.java:logGet(46)) - raft.server.snapshot.auto.trigger.threshold = 10000 (custom)
2023-12-26 17:42:36,115 [dfc36f62-24b2-4a1f-878a-2a4428b6a6a5-groupManagement] INFO  server.RaftServerConfigKeys (ConfUtils.java:logGet(46)) - raft.server.snapshot.retention.file.num = 5 (custom)
2023-12-26 17:42:36,115 [dfc36f62-24b2-4a1f-878a-2a4428b6a6a5-groupManagement] INFO  server.RaftServerConfigKeys (ConfUtils.java:logGet(46)) - raft.server.log.purge.upto.snapshot.index = false (default)
2023-12-26 17:42:36,116 [dfc36f62-24b2-4a1f-878a-2a4428b6a6a5-PipelineCommandHandlerThread-0] INFO  ratis.XceiverServerRatis (XceiverServerRatis.java:addGroup(837)) - Created group PipelineID=c8744a47-38d9-4c4a-ad5d-7eecdc04ae22
2023-12-26 17:42:36,116 [dfc36f62-24b2-4a1f-878a-2a4428b6a6a5-PipelineCommandHandlerThread-0] INFO  commandhandler.CreatePipelineCommandHandler (CreatePipelineCommandHandler.java:lambda$handle$2(124)) - Created Pipeline RATIS ONE PipelineID=c8744a47-38d9-4c4a-ad5d-7eecdc04ae22.
2023-12-26 17:42:37,105 [main] INFO  ozone.MiniOzoneClusterImpl (MiniOzoneClusterImpl.java:lambda$waitForClusterToBeReady$0(230)) - Nodes are ready. Got 9 of 9 DN Heartbeats.
2023-12-26 17:42:37,105 [main] INFO  ozone.MiniOzoneClusterImpl (MiniOzoneClusterImpl.java:lambda$waitForClusterToBeReady$0(233)) - Waiting for cluster to exit safe mode
2023-12-26 17:42:37,105 [main] INFO  ozone.MiniOzoneClusterImpl (MiniOzoneClusterImpl.java:lambda$waitForClusterToBeReady$0(235)) - SCM became leader
2023-12-26 17:42:38,105 [main] INFO  ozone.MiniOzoneClusterImpl (MiniOzoneClusterImpl.java:lambda$waitForClusterToBeReady$0(230)) - Nodes are ready. Got 9 of 9 DN Heartbeats.
2023-12-26 17:42:38,106 [main] INFO  ozone.MiniOzoneClusterImpl (MiniOzoneClusterImpl.java:lambda$waitForClusterToBeReady$0(233)) - Waiting for cluster to exit safe mode
2023-12-26 17:42:38,106 [main] INFO  ozone.MiniOzoneClusterImpl (MiniOzoneClusterImpl.java:lambda$waitForClusterToBeReady$0(235)) - SCM became leader
2023-12-26 17:42:39,106 [main] INFO  ozone.MiniOzoneClusterImpl (MiniOzoneClusterImpl.java:lambda$waitForClusterToBeReady$0(230)) - Nodes are ready. Got 9 of 9 DN Heartbeats.
2023-12-26 17:42:39,106 [main] INFO  ozone.MiniOzoneClusterImpl (MiniOzoneClusterImpl.java:lambda$waitForClusterToBeReady$0(233)) - Waiting for cluster to exit safe mode
2023-12-26 17:42:39,106 [main] INFO  ozone.MiniOzoneClusterImpl (MiniOzoneClusterImpl.java:lambda$waitForClusterToBeReady$0(235)) - SCM became leader
2023-12-26 17:42:40,107 [main] INFO  ozone.MiniOzoneClusterImpl (MiniOzoneClusterImpl.java:lambda$waitForClusterToBeReady$0(230)) - Nodes are ready. Got 9 of 9 DN Heartbeats.
2023-12-26 17:42:40,107 [main] INFO  ozone.MiniOzoneClusterImpl (MiniOzoneClusterImpl.java:lambda$waitForClusterToBeReady$0(233)) - Waiting for cluster to exit safe mode
2023-12-26 17:42:40,107 [main] INFO  ozone.MiniOzoneClusterImpl (MiniOzoneClusterImpl.java:lambda$waitForClusterToBeReady$0(235)) - SCM became leader
2023-12-26 17:42:40,258 [c480eabb-3157-49f2-b9f1-63f696d84ae6@group-539EB75B9C88-FollowerState] INFO  impl.FollowerState (FollowerState.java:run(143)) - c480eabb-3157-49f2-b9f1-63f696d84ae6@group-539EB75B9C88-FollowerState: change to CANDIDATE, lastRpcElapsedTime:5018473924ns, electionTimeout:5018ms
2023-12-26 17:42:40,258 [c480eabb-3157-49f2-b9f1-63f696d84ae6@group-539EB75B9C88-FollowerState] INFO  impl.RoleInfo (RoleInfo.java:shutdownFollowerState(110)) - c480eabb-3157-49f2-b9f1-63f696d84ae6: shutdown c480eabb-3157-49f2-b9f1-63f696d84ae6@group-539EB75B9C88-FollowerState
2023-12-26 17:42:40,258 [c480eabb-3157-49f2-b9f1-63f696d84ae6@group-539EB75B9C88-FollowerState] INFO  server.RaftServer$Division (RaftServerImpl.java:setRole(379)) - c480eabb-3157-49f2-b9f1-63f696d84ae6@group-539EB75B9C88: changes role from  FOLLOWER to CANDIDATE at term 0 for changeToCandidate
2023-12-26 17:42:40,258 [c480eabb-3157-49f2-b9f1-63f696d84ae6@group-539EB75B9C88-FollowerState] INFO  server.RaftServerConfigKeys (ConfUtils.java:logGet(46)) - raft.server.leaderelection.pre-vote = true (default)
2023-12-26 17:42:40,258 [c480eabb-3157-49f2-b9f1-63f696d84ae6@group-539EB75B9C88-FollowerState] INFO  impl.RoleInfo (RoleInfo.java:updateAndGet(139)) - c480eabb-3157-49f2-b9f1-63f696d84ae6: start c480eabb-3157-49f2-b9f1-63f696d84ae6@group-539EB75B9C88-LeaderElection23
2023-12-26 17:42:40,260 [c480eabb-3157-49f2-b9f1-63f696d84ae6@group-539EB75B9C88-LeaderElection23] INFO  impl.LeaderElection (LeaderElection.java:askForVotes(323)) - c480eabb-3157-49f2-b9f1-63f696d84ae6@group-539EB75B9C88-LeaderElection23 PRE_VOTE round 0: submit vote requests at term 0 for -1: peers:[c480eabb-3157-49f2-b9f1-63f696d84ae6|10.1.0.4:15121, b6016524-e859-4a78-8386-89e80bc47383|10.1.0.4:15112, 3ed52e39-5430-4c2b-aae2-f3d378827451|10.1.0.4:15103]|listeners:[], old=null
2023-12-26 17:42:40,260 [c480eabb-3157-49f2-b9f1-63f696d84ae6@group-539EB75B9C88-LeaderElection23-1] INFO  server.GrpcServerProtocolClient (GrpcServerProtocolClient.java:<init>(65)) - Build channel for b6016524-e859-4a78-8386-89e80bc47383
2023-12-26 17:42:40,260 [c480eabb-3157-49f2-b9f1-63f696d84ae6@group-539EB75B9C88-LeaderElection23-2] INFO  server.GrpcServerProtocolClient (GrpcServerProtocolClient.java:<init>(65)) - Build channel for 3ed52e39-5430-4c2b-aae2-f3d378827451
2023-12-26 17:42:40,260 [c480eabb-3157-49f2-b9f1-63f696d84ae6@group-539EB75B9C88-LeaderElection23] INFO  server.RaftServerConfigKeys (ConfUtils.java:logFallback(53)) - raft.server.rpc.first-election.timeout.min = 5s (fallback to raft.server.rpc.timeout.min)
2023-12-26 17:42:40,261 [c480eabb-3157-49f2-b9f1-63f696d84ae6@group-539EB75B9C88-LeaderElection23] INFO  server.RaftServerConfigKeys (ConfUtils.java:logFallback(53)) - raft.server.rpc.first-election.timeout.max = 5200ms (fallback to raft.server.rpc.timeout.max)
2023-12-26 17:42:40,266 [grpc-default-executor-1] INFO  server.RaftServer$Division (RaftServerImpl.java:requestVote(1377)) - b6016524-e859-4a78-8386-89e80bc47383@group-539EB75B9C88: receive requestVote(PRE_VOTE, c480eabb-3157-49f2-b9f1-63f696d84ae6, group-539EB75B9C88, 0, (t:0, i:0))
2023-12-26 17:42:40,266 [grpc-default-executor-1] INFO  impl.VoteContext (VoteContext.java:log(49)) - b6016524-e859-4a78-8386-89e80bc47383@group-539EB75B9C88-FOLLOWER: accept PRE_VOTE from c480eabb-3157-49f2-b9f1-63f696d84ae6: our priority 0 <= candidate's priority 0
2023-12-26 17:42:40,266 [grpc-default-executor-1] INFO  server.RaftServer$Division (RaftServerImpl.java:requestVote(1410)) - b6016524-e859-4a78-8386-89e80bc47383@group-539EB75B9C88 replies to PRE_VOTE vote request: c480eabb-3157-49f2-b9f1-63f696d84ae6<-b6016524-e859-4a78-8386-89e80bc47383#0:OK-t0. Peer's state: b6016524-e859-4a78-8386-89e80bc47383@group-539EB75B9C88:t0, leader=null, voted=, raftlog=Memoized:b6016524-e859-4a78-8386-89e80bc47383@group-539EB75B9C88-SegmentedRaftLog:OPENED:c-1, conf=-1: peers:[c480eabb-3157-49f2-b9f1-63f696d84ae6|10.1.0.4:15121, b6016524-e859-4a78-8386-89e80bc47383|10.1.0.4:15112, 3ed52e39-5430-4c2b-aae2-f3d378827451|10.1.0.4:15103]|listeners:[], old=null
2023-12-26 17:42:40,268 [grpc-default-executor-1] INFO  server.RaftServer$Division (RaftServerImpl.java:requestVote(1377)) - 3ed52e39-5430-4c2b-aae2-f3d378827451@group-539EB75B9C88: receive requestVote(PRE_VOTE, c480eabb-3157-49f2-b9f1-63f696d84ae6, group-539EB75B9C88, 0, (t:0, i:0))
2023-12-26 17:42:40,268 [grpc-default-executor-1] INFO  impl.VoteContext (VoteContext.java:log(49)) - 3ed52e39-5430-4c2b-aae2-f3d378827451@group-539EB75B9C88-FOLLOWER: reject PRE_VOTE from c480eabb-3157-49f2-b9f1-63f696d84ae6: our priority 1 > candidate's priority 0
2023-12-26 17:42:40,268 [grpc-default-executor-1] INFO  server.RaftServer$Division (RaftServerImpl.java:requestVote(1410)) - 3ed52e39-5430-4c2b-aae2-f3d378827451@group-539EB75B9C88 replies to PRE_VOTE vote request: c480eabb-3157-49f2-b9f1-63f696d84ae6<-3ed52e39-5430-4c2b-aae2-f3d378827451#0:FAIL-t0. Peer's state: 3ed52e39-5430-4c2b-aae2-f3d378827451@group-539EB75B9C88:t0, leader=null, voted=, raftlog=Memoized:3ed52e39-5430-4c2b-aae2-f3d378827451@group-539EB75B9C88-SegmentedRaftLog:OPENED:c-1, conf=-1: peers:[c480eabb-3157-49f2-b9f1-63f696d84ae6|10.1.0.4:15121, b6016524-e859-4a78-8386-89e80bc47383|10.1.0.4:15112, 3ed52e39-5430-4c2b-aae2-f3d378827451|10.1.0.4:15103]|listeners:[], old=null
2023-12-26 17:42:40,269 [c480eabb-3157-49f2-b9f1-63f696d84ae6@group-539EB75B9C88-LeaderElection23] INFO  impl.LeaderElection (LeaderElection.java:logAndReturn(89)) - c480eabb-3157-49f2-b9f1-63f696d84ae6@group-539EB75B9C88-LeaderElection23: PRE_VOTE REJECTED received 2 response(s) and 0 exception(s):
2023-12-26 17:42:40,270 [c480eabb-3157-49f2-b9f1-63f696d84ae6@group-539EB75B9C88-LeaderElection23] INFO  impl.LeaderElection (LeaderElection.java:logAndReturn(93)) -   Response 0: c480eabb-3157-49f2-b9f1-63f696d84ae6<-b6016524-e859-4a78-8386-89e80bc47383#0:OK-t0
2023-12-26 17:42:40,270 [c480eabb-3157-49f2-b9f1-63f696d84ae6@group-539EB75B9C88-LeaderElection23] INFO  impl.LeaderElection (LeaderElection.java:logAndReturn(93)) -   Response 1: c480eabb-3157-49f2-b9f1-63f696d84ae6<-3ed52e39-5430-4c2b-aae2-f3d378827451#0:FAIL-t0
2023-12-26 17:42:40,270 [c480eabb-3157-49f2-b9f1-63f696d84ae6@group-539EB75B9C88-LeaderElection23] INFO  impl.LeaderElection (LeaderElection.java:askForVotes(325)) - c480eabb-3157-49f2-b9f1-63f696d84ae6@group-539EB75B9C88-LeaderElection23 PRE_VOTE round 0: result REJECTED
2023-12-26 17:42:40,271 [c480eabb-3157-49f2-b9f1-63f696d84ae6@group-539EB75B9C88-LeaderElection23] INFO  server.RaftServer$Division (RaftServerImpl.java:setRole(379)) - c480eabb-3157-49f2-b9f1-63f696d84ae6@group-539EB75B9C88: changes role from CANDIDATE to FOLLOWER at term 0 for REJECTED
2023-12-26 17:42:40,271 [c480eabb-3157-49f2-b9f1-63f696d84ae6@group-539EB75B9C88-LeaderElection23] INFO  impl.RoleInfo (RoleInfo.java:shutdownLeaderElection(130)) - c480eabb-3157-49f2-b9f1-63f696d84ae6: shutdown c480eabb-3157-49f2-b9f1-63f696d84ae6@group-539EB75B9C88-LeaderElection23
2023-12-26 17:42:40,271 [c480eabb-3157-49f2-b9f1-63f696d84ae6@group-539EB75B9C88-LeaderElection23] INFO  impl.RoleInfo (RoleInfo.java:updateAndGet(139)) - c480eabb-3157-49f2-b9f1-63f696d84ae6: start c480eabb-3157-49f2-b9f1-63f696d84ae6@group-539EB75B9C88-FollowerState
2023-12-26 17:42:40,273 [c480eabb-3157-49f2-b9f1-63f696d84ae6@group-539EB75B9C88-LeaderElection23] INFO  server.RaftServer$Division (RaftServerImpl.java:setFirstElection(564)) - c480eabb-3157-49f2-b9f1-63f696d84ae6@group-539EB75B9C88: set firstElectionSinceStartup to false for REJECTED
2023-12-26 17:42:40,281 [3ed52e39-5430-4c2b-aae2-f3d378827451@group-AA211F038D78-FollowerState] INFO  impl.FollowerState (FollowerState.java:run(143)) - 3ed52e39-5430-4c2b-aae2-f3d378827451@group-AA211F038D78-FollowerState: change to CANDIDATE, lastRpcElapsedTime:5086436584ns, electionTimeout:5086ms
2023-12-26 17:42:40,281 [3ed52e39-5430-4c2b-aae2-f3d378827451@group-AA211F038D78-FollowerState] INFO  impl.RoleInfo (RoleInfo.java:shutdownFollowerState(110)) - 3ed52e39-5430-4c2b-aae2-f3d378827451: shutdown 3ed52e39-5430-4c2b-aae2-f3d378827451@group-AA211F038D78-FollowerState
2023-12-26 17:42:40,281 [3ed52e39-5430-4c2b-aae2-f3d378827451@group-AA211F038D78-FollowerState] INFO  server.RaftServer$Division (RaftServerImpl.java:setRole(379)) - 3ed52e39-5430-4c2b-aae2-f3d378827451@group-AA211F038D78: changes role from  FOLLOWER to CANDIDATE at term 0 for changeToCandidate
2023-12-26 17:42:40,281 [3ed52e39-5430-4c2b-aae2-f3d378827451@group-AA211F038D78-FollowerState] INFO  server.RaftServerConfigKeys (ConfUtils.java:logGet(46)) - raft.server.leaderelection.pre-vote = true (default)
2023-12-26 17:42:40,281 [3ed52e39-5430-4c2b-aae2-f3d378827451@group-AA211F038D78-FollowerState] INFO  impl.RoleInfo (RoleInfo.java:updateAndGet(139)) - 3ed52e39-5430-4c2b-aae2-f3d378827451: start 3ed52e39-5430-4c2b-aae2-f3d378827451@group-AA211F038D78-LeaderElection24
2023-12-26 17:42:40,286 [3ed52e39-5430-4c2b-aae2-f3d378827451@group-AA211F038D78-LeaderElection24] INFO  impl.LeaderElection (LeaderElection.java:askForVotes(323)) - 3ed52e39-5430-4c2b-aae2-f3d378827451@group-AA211F038D78-LeaderElection24 PRE_VOTE round 0: submit vote requests at term 0 for -1: peers:[3ed52e39-5430-4c2b-aae2-f3d378827451|10.1.0.4:15103]|listeners:[], old=null
2023-12-26 17:42:40,286 [3ed52e39-5430-4c2b-aae2-f3d378827451@group-AA211F038D78-LeaderElection24] INFO  impl.LeaderElection (LeaderElection.java:askForVotes(325)) - 3ed52e39-5430-4c2b-aae2-f3d378827451@group-AA211F038D78-LeaderElection24 PRE_VOTE round 0: result PASSED (term=0)
2023-12-26 17:42:40,289 [3ed52e39-5430-4c2b-aae2-f3d378827451@group-AA211F038D78-LeaderElection24] INFO  impl.LeaderElection (LeaderElection.java:askForVotes(323)) - 3ed52e39-5430-4c2b-aae2-f3d378827451@group-AA211F038D78-LeaderElection24 ELECTION round 0: submit vote requests at term 1 for -1: peers:[3ed52e39-5430-4c2b-aae2-f3d378827451|10.1.0.4:15103]|listeners:[], old=null
2023-12-26 17:42:40,289 [3ed52e39-5430-4c2b-aae2-f3d378827451@group-AA211F038D78-LeaderElection24] INFO  impl.LeaderElection (LeaderElection.java:askForVotes(325)) - 3ed52e39-5430-4c2b-aae2-f3d378827451@group-AA211F038D78-LeaderElection24 ELECTION round 0: result PASSED (term=1)
2023-12-26 17:42:40,289 [3ed52e39-5430-4c2b-aae2-f3d378827451@group-AA211F038D78-LeaderElection24] INFO  impl.RoleInfo (RoleInfo.java:shutdownLeaderElection(130)) - 3ed52e39-5430-4c2b-aae2-f3d378827451: shutdown 3ed52e39-5430-4c2b-aae2-f3d378827451@group-AA211F038D78-LeaderElection24
2023-12-26 17:42:40,289 [3ed52e39-5430-4c2b-aae2-f3d378827451@group-AA211F038D78-LeaderElection24] INFO  server.RaftServer$Division (RaftServerImpl.java:setRole(379)) - 3ed52e39-5430-4c2b-aae2-f3d378827451@group-AA211F038D78: changes role from CANDIDATE to LEADER at term 1 for changeToLeader
2023-12-26 17:42:40,289 [3ed52e39-5430-4c2b-aae2-f3d378827451@group-AA211F038D78-LeaderElection24] INFO  server.RaftServerConfigKeys (ConfUtils.java:logGet(46)) - raft.server.staging.catchup.gap = 1000 (default)
2023-12-26 17:42:40,289 [3ed52e39-5430-4c2b-aae2-f3d378827451@group-AA211F038D78-LeaderElection24] INFO  server.RaftServerConfigKeys (ConfUtils.java:logGet(46)) - raft.server.write.element-limit = 1024 (custom)
2023-12-26 17:42:40,289 [3ed52e39-5430-4c2b-aae2-f3d378827451@group-AA211F038D78-LeaderElection24] INFO  server.RaftServerConfigKeys (ConfUtils.java:logGet(46)) - raft.server.write.byte-limit = 1024 M (=1073741824) (custom)
2023-12-26 17:42:40,290 [3ed52e39-5430-4c2b-aae2-f3d378827451@group-AA211F038D78-LeaderElection24] INFO  server.RaftServerConfigKeys (ConfUtils.java:logGet(46)) - raft.server.watch.timeout = 3000ms (custom)
2023-12-26 17:42:40,290 [3ed52e39-5430-4c2b-aae2-f3d378827451@group-AA211F038D78-LeaderElection24] INFO  server.RaftServerConfigKeys (ConfUtils.java:logGet(46)) - raft.server.watch.timeout.denomination = 1s (default)
2023-12-26 17:42:40,290 [3ed52e39-5430-4c2b-aae2-f3d378827451@group-AA211F038D78-LeaderElection24] INFO  server.RaftServerConfigKeys (ConfUtils.java:logGet(46)) - raft.server.watch.element-limit = 65536 (default)
2023-12-26 17:42:40,290 [3ed52e39-5430-4c2b-aae2-f3d378827451@group-AA211F038D78-LeaderElection24] INFO  server.RaftServerConfigKeys (ConfUtils.java:logGet(46)) - raft.server.read.leader.lease.enabled = false (default)
2023-12-26 17:42:40,290 [3ed52e39-5430-4c2b-aae2-f3d378827451@group-AA211F038D78-LeaderElection24] INFO  server.RaftServerConfigKeys (ConfUtils.java:logGet(46)) - raft.server.read.leader.lease.timeout.ratio = 0.9 (default)
2023-12-26 17:42:40,290 [3ed52e39-5430-4c2b-aae2-f3d378827451@group-AA211F038D78-LeaderElection24] INFO  server.RaftServerConfigKeys (ConfUtils.java:logGet(46)) - raft.server.rpc.timeout.min = 5s (custom)
2023-12-26 17:42:40,290 [3ed52e39-5430-4c2b-aae2-f3d378827451@group-AA211F038D78-LeaderElection24] INFO  server.RaftServerConfigKeys (ConfUtils.java:logGet(46)) - raft.server.write.element-limit = 1024 (custom)
2023-12-26 17:42:40,290 [3ed52e39-5430-4c2b-aae2-f3d378827451@group-AA211F038D78-LeaderElection24] INFO  server.RaftServerConfigKeys (ConfUtils.java:logGet(46)) - raft.server.write.follower.gap.ratio.max = -1.0 (default)
2023-12-26 17:42:40,290 [3ed52e39-5430-4c2b-aae2-f3d378827451@group-AA211F038D78-LeaderElection24] INFO  impl.RoleInfo (RoleInfo.java:updateAndGet(139)) - 3ed52e39-5430-4c2b-aae2-f3d378827451: start 3ed52e39-5430-4c2b-aae2-f3d378827451@group-AA211F038D78-LeaderStateImpl
2023-12-26 17:42:40,290 [3ed52e39-5430-4c2b-aae2-f3d378827451@group-AA211F038D78-LeaderElection24] INFO  server.RaftServer$Division (RaftServerImpl.java:setFirstElection(564)) - 3ed52e39-5430-4c2b-aae2-f3d378827451@group-AA211F038D78: set firstElectionSinceStartup to false for becomeLeader
2023-12-26 17:42:40,290 [3ed52e39-5430-4c2b-aae2-f3d378827451@group-AA211F038D78-LeaderElection24] INFO  ratis.XceiverServerRatis (XceiverServerRatis.java:handleLeaderChangedNotification(935)) - Leader change notification received for group: group-AA211F038D78 with new leaderId: 3ed52e39-5430-4c2b-aae2-f3d378827451
2023-12-26 17:42:40,290 [3ed52e39-5430-4c2b-aae2-f3d378827451@group-AA211F038D78-LeaderElection24] INFO  server.RaftServer$Division (ServerState.java:setLeader(265)) - 3ed52e39-5430-4c2b-aae2-f3d378827451@group-AA211F038D78: change Leader from null to 3ed52e39-5430-4c2b-aae2-f3d378827451 at term 1 for becomeLeader, leader elected after 5109ms
2023-12-26 17:42:40,291 [3ed52e39-5430-4c2b-aae2-f3d378827451@group-AA211F038D78-LeaderElection24] INFO  segmented.SegmentedRaftLogWorker (SegmentedRaftLogWorker.java:startLogSegment(428)) - 3ed52e39-5430-4c2b-aae2-f3d378827451@group-AA211F038D78-SegmentedRaftLogWorker: Starting segment from index:0
2023-12-26 17:42:40,292 [3ed52e39-5430-4c2b-aae2-f3d378827451@group-AA211F038D78-LeaderElection24] INFO  server.RaftServer$Division (ServerState.java:setRaftConf(382)) - 3ed52e39-5430-4c2b-aae2-f3d378827451@group-AA211F038D78: set configuration 0: peers:[3ed52e39-5430-4c2b-aae2-f3d378827451|10.1.0.4:15103]|listeners:[], old=null
2023-12-26 17:42:40,298 [EventQueue-OpenPipelineForHealthyPipelineSafeModeRule] INFO  safemode.SCMSafeModeManager (HealthyPipelineSafeModeRule.java:process(140)) - SCM in safe mode. Healthy pipelines reported count is 0, required healthy pipeline reported count is 1
2023-12-26 17:42:40,306 [b6016524-e859-4a78-8386-89e80bc47383@group-720D1BBFD706-FollowerState] INFO  impl.FollowerState (FollowerState.java:run(143)) - b6016524-e859-4a78-8386-89e80bc47383@group-720D1BBFD706-FollowerState: change to CANDIDATE, lastRpcElapsedTime:5011479084ns, electionTimeout:5011ms
2023-12-26 17:42:40,306 [b6016524-e859-4a78-8386-89e80bc47383@group-720D1BBFD706-FollowerState] INFO  impl.RoleInfo (RoleInfo.java:shutdownFollowerState(110)) - b6016524-e859-4a78-8386-89e80bc47383: shutdown b6016524-e859-4a78-8386-89e80bc47383@group-720D1BBFD706-FollowerState
2023-12-26 17:42:40,306 [b6016524-e859-4a78-8386-89e80bc47383@group-720D1BBFD706-FollowerState] INFO  server.RaftServer$Division (RaftServerImpl.java:setRole(379)) - b6016524-e859-4a78-8386-89e80bc47383@group-720D1BBFD706: changes role from  FOLLOWER to CANDIDATE at term 0 for changeToCandidate
2023-12-26 17:42:40,306 [3ed52e39-5430-4c2b-aae2-f3d378827451@group-AA211F038D78-SegmentedRaftLogWorker] INFO  segmented.SegmentedRaftLogWorker (SegmentedRaftLogWorker.java:execute(632)) - 3ed52e39-5430-4c2b-aae2-f3d378827451@group-AA211F038D78-SegmentedRaftLogWorker: created new log segment /home/runner/work/ozone/ozone/hadoop-ozone/integration-test/target/test-dir/MiniOzoneClusterImpl-c07e4b46-e5c7-4260-9d08-acd32f4d7801/datanode-0/data/ratis/1c2066c4-59b9-4ee5-8e89-aa211f038d78/current/log_inprogress_0
2023-12-26 17:42:40,306 [b6016524-e859-4a78-8386-89e80bc47383@group-720D1BBFD706-FollowerState] INFO  server.RaftServerConfigKeys (ConfUtils.java:logGet(46)) - raft.server.leaderelection.pre-vote = true (default)
2023-12-26 17:42:40,306 [b6016524-e859-4a78-8386-89e80bc47383@group-720D1BBFD706-FollowerState] INFO  impl.RoleInfo (RoleInfo.java:updateAndGet(139)) - b6016524-e859-4a78-8386-89e80bc47383: start b6016524-e859-4a78-8386-89e80bc47383@group-720D1BBFD706-LeaderElection25
2023-12-26 17:42:40,308 [b6016524-e859-4a78-8386-89e80bc47383@group-720D1BBFD706-LeaderElection25] INFO  impl.LeaderElection (LeaderElection.java:askForVotes(323)) - b6016524-e859-4a78-8386-89e80bc47383@group-720D1BBFD706-LeaderElection25 PRE_VOTE round 0: submit vote requests at term 0 for -1: peers:[b6016524-e859-4a78-8386-89e80bc47383|10.1.0.4:15112]|listeners:[], old=null
2023-12-26 17:42:40,308 [b6016524-e859-4a78-8386-89e80bc47383@group-720D1BBFD706-LeaderElection25] INFO  impl.LeaderElection (LeaderElection.java:askForVotes(325)) - b6016524-e859-4a78-8386-89e80bc47383@group-720D1BBFD706-LeaderElection25 PRE_VOTE round 0: result PASSED (term=0)
2023-12-26 17:42:40,309 [3ed52e39-5430-4c2b-aae2-f3d378827451@group-AA211F038D78-StateMachineUpdater] INFO  server.RaftServer$Division (LeaderStateImpl.java:isApplied(316)) - leader is ready since appliedIndex == 0 >= startIndex == 0
2023-12-26 17:42:40,309 [b6016524-e859-4a78-8386-89e80bc47383@group-720D1BBFD706-LeaderElection25] INFO  impl.LeaderElection (LeaderElection.java:askForVotes(323)) - b6016524-e859-4a78-8386-89e80bc47383@group-720D1BBFD706-LeaderElection25 ELECTION round 0: submit vote requests at term 1 for -1: peers:[b6016524-e859-4a78-8386-89e80bc47383|10.1.0.4:15112]|listeners:[], old=null
2023-12-26 17:42:40,309 [b6016524-e859-4a78-8386-89e80bc47383@group-720D1BBFD706-LeaderElection25] INFO  impl.LeaderElection (LeaderElection.java:askForVotes(325)) - b6016524-e859-4a78-8386-89e80bc47383@group-720D1BBFD706-LeaderElection25 ELECTION round 0: result PASSED (term=1)
2023-12-26 17:42:40,309 [b6016524-e859-4a78-8386-89e80bc47383@group-720D1BBFD706-LeaderElection25] INFO  impl.RoleInfo (RoleInfo.java:shutdownLeaderElection(130)) - b6016524-e859-4a78-8386-89e80bc47383: shutdown b6016524-e859-4a78-8386-89e80bc47383@group-720D1BBFD706-LeaderElection25
2023-12-26 17:42:40,310 [b6016524-e859-4a78-8386-89e80bc47383@group-720D1BBFD706-LeaderElection25] INFO  server.RaftServer$Division (RaftServerImpl.java:setRole(379)) - b6016524-e859-4a78-8386-89e80bc47383@group-720D1BBFD706: changes role from CANDIDATE to LEADER at term 1 for changeToLeader
2023-12-26 17:42:40,310 [b6016524-e859-4a78-8386-89e80bc47383@group-720D1BBFD706-LeaderElection25] INFO  server.RaftServerConfigKeys (ConfUtils.java:logGet(46)) - raft.server.staging.catchup.gap = 1000 (default)
2023-12-26 17:42:40,310 [b6016524-e859-4a78-8386-89e80bc47383@group-720D1BBFD706-LeaderElection25] INFO  server.RaftServerConfigKeys (ConfUtils.java:logGet(46)) - raft.server.write.element-limit = 1024 (custom)
2023-12-26 17:42:40,310 [b6016524-e859-4a78-8386-89e80bc47383@group-720D1BBFD706-LeaderElection25] INFO  server.RaftServerConfigKeys (ConfUtils.java:logGet(46)) - raft.server.write.byte-limit = 1024 M (=1073741824) (custom)
2023-12-26 17:42:40,310 [b6016524-e859-4a78-8386-89e80bc47383@group-720D1BBFD706-LeaderElection25] INFO  server.RaftServerConfigKeys (ConfUtils.java:logGet(46)) - raft.server.watch.timeout = 3000ms (custom)
2023-12-26 17:42:40,310 [b6016524-e859-4a78-8386-89e80bc47383@group-720D1BBFD706-LeaderElection25] INFO  server.RaftServerConfigKeys (ConfUtils.java:logGet(46)) - raft.server.watch.timeout.denomination = 1s (default)
2023-12-26 17:42:40,310 [b6016524-e859-4a78-8386-89e80bc47383@group-720D1BBFD706-LeaderElection25] INFO  server.RaftServerConfigKeys (ConfUtils.java:logGet(46)) - raft.server.watch.element-limit = 65536 (default)
2023-12-26 17:42:40,310 [b6016524-e859-4a78-8386-89e80bc47383@group-720D1BBFD706-LeaderElection25] INFO  server.RaftServerConfigKeys (ConfUtils.java:logGet(46)) - raft.server.read.leader.lease.enabled = false (default)
2023-12-26 17:42:40,311 [b6016524-e859-4a78-8386-89e80bc47383@group-720D1BBFD706-LeaderElection25] INFO  server.RaftServerConfigKeys (ConfUtils.java:logGet(46)) - raft.server.read.leader.lease.timeout.ratio = 0.9 (default)
2023-12-26 17:42:40,311 [b6016524-e859-4a78-8386-89e80bc47383@group-720D1BBFD706-LeaderElection25] INFO  server.RaftServerConfigKeys (ConfUtils.java:logGet(46)) - raft.server.rpc.timeout.min = 5s (custom)
2023-12-26 17:42:40,311 [b6016524-e859-4a78-8386-89e80bc47383@group-720D1BBFD706-LeaderElection25] INFO  server.RaftServerConfigKeys (ConfUtils.java:logGet(46)) - raft.server.write.element-limit = 1024 (custom)
2023-12-26 17:42:40,311 [b6016524-e859-4a78-8386-89e80bc47383@group-720D1BBFD706-LeaderElection25] INFO  server.RaftServerConfigKeys (ConfUtils.java:logGet(46)) - raft.server.write.follower.gap.ratio.max = -1.0 (default)
2023-12-26 17:42:40,311 [b6016524-e859-4a78-8386-89e80bc47383@group-720D1BBFD706-LeaderElection25] INFO  impl.RoleInfo (RoleInfo.java:updateAndGet(139)) - b6016524-e859-4a78-8386-89e80bc47383: start b6016524-e859-4a78-8386-89e80bc47383@group-720D1BBFD706-LeaderStateImpl
2023-12-26 17:42:40,311 [b6016524-e859-4a78-8386-89e80bc47383@group-720D1BBFD706-LeaderElection25] INFO  server.RaftServer$Division (RaftServerImpl.java:setFirstElection(564)) - b6016524-e859-4a78-8386-89e80bc47383@group-720D1BBFD706: set firstElectionSinceStartup to false for becomeLeader
2023-12-26 17:42:40,311 [b6016524-e859-4a78-8386-89e80bc47383@group-720D1BBFD706-LeaderElection25] INFO  ratis.XceiverServerRatis (XceiverServerRatis.java:handleLeaderChangedNotification(935)) - Leader change notification received for group: group-720D1BBFD706 with new leaderId: b6016524-e859-4a78-8386-89e80bc47383
2023-12-26 17:42:40,311 [b6016524-e859-4a78-8386-89e80bc47383@group-720D1BBFD706-LeaderElection25] INFO  server.RaftServer$Division (ServerState.java:setLeader(265)) - b6016524-e859-4a78-8386-89e80bc47383@group-720D1BBFD706: change Leader from null to b6016524-e859-4a78-8386-89e80bc47383 at term 1 for becomeLeader, leader elected after 5026ms
2023-12-26 17:42:40,311 [b6016524-e859-4a78-8386-89e80bc47383@group-720D1BBFD706-LeaderElection25] INFO  segmented.SegmentedRaftLogWorker (SegmentedRaftLogWorker.java:startLogSegment(428)) - b6016524-e859-4a78-8386-89e80bc47383@group-720D1BBFD706-SegmentedRaftLogWorker: Starting segment from index:0
2023-12-26 17:42:40,312 [EventQueue-OpenPipelineForHealthyPipelineSafeModeRule] INFO  safemode.SCMSafeModeManager (HealthyPipelineSafeModeRule.java:process(140)) - SCM in safe mode. Healthy pipelines reported count is 0, required healthy pipeline reported count is 1
2023-12-26 17:42:40,314 [b6016524-e859-4a78-8386-89e80bc47383@group-720D1BBFD706-LeaderElection25] INFO  server.RaftServer$Division (ServerState.java:setRaftConf(382)) - b6016524-e859-4a78-8386-89e80bc47383@group-720D1BBFD706: set configuration 0: peers:[b6016524-e859-4a78-8386-89e80bc47383|10.1.0.4:15112]|listeners:[], old=null
2023-12-26 17:42:40,320 [b6016524-e859-4a78-8386-89e80bc47383@group-720D1BBFD706-SegmentedRaftLogWorker] INFO  segmented.SegmentedRaftLogWorker (SegmentedRaftLogWorker.java:execute(632)) - b6016524-e859-4a78-8386-89e80bc47383@group-720D1BBFD706-SegmentedRaftLogWorker: created new log segment /home/runner/work/ozone/ozone/hadoop-ozone/integration-test/target/test-dir/MiniOzoneClusterImpl-c07e4b46-e5c7-4260-9d08-acd32f4d7801/datanode-1/data/ratis/ee858c1a-ea89-4dbf-9901-720d1bbfd706/current/log_inprogress_0
2023-12-26 17:42:40,321 [b6016524-e859-4a78-8386-89e80bc47383@group-720D1BBFD706-StateMachineUpdater] INFO  server.RaftServer$Division (LeaderStateImpl.java:isApplied(316)) - leader is ready since appliedIndex == 0 >= startIndex == 0
2023-12-26 17:42:40,332 [3ed52e39-5430-4c2b-aae2-f3d378827451@group-539EB75B9C88-FollowerState] INFO  impl.FollowerState (FollowerState.java:run(143)) - 3ed52e39-5430-4c2b-aae2-f3d378827451@group-539EB75B9C88-FollowerState: change to CANDIDATE, lastRpcElapsedTime:5122991766ns, electionTimeout:5122ms
2023-12-26 17:42:40,332 [3ed52e39-5430-4c2b-aae2-f3d378827451@group-539EB75B9C88-FollowerState] INFO  impl.RoleInfo (RoleInfo.java:shutdownFollowerState(110)) - 3ed52e39-5430-4c2b-aae2-f3d378827451: shutdown 3ed52e39-5430-4c2b-aae2-f3d378827451@group-539EB75B9C88-FollowerState
2023-12-26 17:42:40,332 [3ed52e39-5430-4c2b-aae2-f3d378827451@group-539EB75B9C88-FollowerState] INFO  server.RaftServer$Division (RaftServerImpl.java:setRole(379)) - 3ed52e39-5430-4c2b-aae2-f3d378827451@group-539EB75B9C88: changes role from  FOLLOWER to CANDIDATE at term 0 for changeToCandidate
2023-12-26 17:42:40,332 [3ed52e39-5430-4c2b-aae2-f3d378827451@group-539EB75B9C88-FollowerState] INFO  server.RaftServerConfigKeys (ConfUtils.java:logGet(46)) - raft.server.leaderelection.pre-vote = true (default)
2023-12-26 17:42:40,333 [3ed52e39-5430-4c2b-aae2-f3d378827451@group-539EB75B9C88-FollowerState] INFO  impl.RoleInfo (RoleInfo.java:updateAndGet(139)) - 3ed52e39-5430-4c2b-aae2-f3d378827451: start 3ed52e39-5430-4c2b-aae2-f3d378827451@group-539EB75B9C88-LeaderElection26
2023-12-26 17:42:40,333 [3ed52e39-5430-4c2b-aae2-f3d378827451@group-539EB75B9C88-LeaderElection26] INFO  impl.LeaderElection (LeaderElection.java:askForVotes(323)) - 3ed52e39-5430-4c2b-aae2-f3d378827451@group-539EB75B9C88-LeaderElection26 PRE_VOTE round 0: submit vote requests at term 0 for -1: peers:[c480eabb-3157-49f2-b9f1-63f696d84ae6|10.1.0.4:15121, b6016524-e859-4a78-8386-89e80bc47383|10.1.0.4:15112, 3ed52e39-5430-4c2b-aae2-f3d378827451|10.1.0.4:15103]|listeners:[], old=null
2023-12-26 17:42:40,334 [3ed52e39-5430-4c2b-aae2-f3d378827451@group-539EB75B9C88-LeaderElection26-1] INFO  server.GrpcServerProtocolClient (GrpcServerProtocolClient.java:<init>(65)) - Build channel for c480eabb-3157-49f2-b9f1-63f696d84ae6
2023-12-26 17:42:40,334 [3ed52e39-5430-4c2b-aae2-f3d378827451@group-539EB75B9C88-LeaderElection26-2] INFO  server.GrpcServerProtocolClient (GrpcServerProtocolClient.java:<init>(65)) - Build channel for b6016524-e859-4a78-8386-89e80bc47383
2023-12-26 17:42:40,334 [3ed52e39-5430-4c2b-aae2-f3d378827451@group-539EB75B9C88-LeaderElection26] INFO  server.RaftServerConfigKeys (ConfUtils.java:logFallback(53)) - raft.server.rpc.first-election.timeout.min = 5s (fallback to raft.server.rpc.timeout.min)
2023-12-26 17:42:40,334 [3ed52e39-5430-4c2b-aae2-f3d378827451@group-539EB75B9C88-LeaderElection26] INFO  server.RaftServerConfigKeys (ConfUtils.java:logFallback(53)) - raft.server.rpc.first-election.timeout.max = 5200ms (fallback to raft.server.rpc.timeout.max)
2023-12-26 17:42:40,339 [grpc-default-executor-0] INFO  server.RaftServer$Division (RaftServerImpl.java:requestVote(1377)) - b6016524-e859-4a78-8386-89e80bc47383@group-539EB75B9C88: receive requestVote(PRE_VOTE, 3ed52e39-5430-4c2b-aae2-f3d378827451, group-539EB75B9C88, 0, (t:0, i:0))
2023-12-26 17:42:40,340 [grpc-default-executor-0] INFO  impl.VoteContext (VoteContext.java:log(49)) - b6016524-e859-4a78-8386-89e80bc47383@group-539EB75B9C88-FOLLOWER: accept PRE_VOTE from 3ed52e39-5430-4c2b-aae2-f3d378827451: our priority 0 <= candidate's priority 1
2023-12-26 17:42:40,340 [grpc-default-executor-1] INFO  server.RaftServer$Division (RaftServerImpl.java:requestVote(1377)) - c480eabb-3157-49f2-b9f1-63f696d84ae6@group-539EB75B9C88: receive requestVote(PRE_VOTE, 3ed52e39-5430-4c2b-aae2-f3d378827451, group-539EB75B9C88, 0, (t:0, i:0))
2023-12-26 17:42:40,340 [grpc-default-executor-0] INFO  server.RaftServer$Division (RaftServerImpl.java:requestVote(1410)) - b6016524-e859-4a78-8386-89e80bc47383@group-539EB75B9C88 replies to PRE_VOTE vote request: 3ed52e39-5430-4c2b-aae2-f3d378827451<-b6016524-e859-4a78-8386-89e80bc47383#0:OK-t0. Peer's state: b6016524-e859-4a78-8386-89e80bc47383@group-539EB75B9C88:t0, leader=null, voted=, raftlog=Memoized:b6016524-e859-4a78-8386-89e80bc47383@group-539EB75B9C88-SegmentedRaftLog:OPENED:c-1, conf=-1: peers:[c480eabb-3157-49f2-b9f1-63f696d84ae6|10.1.0.4:15121, b6016524-e859-4a78-8386-89e80bc47383|10.1.0.4:15112, 3ed52e39-5430-4c2b-aae2-f3d378827451|10.1.0.4:15103]|listeners:[], old=null
2023-12-26 17:42:40,340 [grpc-default-executor-1] INFO  impl.VoteContext (VoteContext.java:log(49)) - c480eabb-3157-49f2-b9f1-63f696d84ae6@group-539EB75B9C88-FOLLOWER: accept PRE_VOTE from 3ed52e39-5430-4c2b-aae2-f3d378827451: our priority 0 <= candidate's priority 1
2023-12-26 17:42:40,340 [grpc-default-executor-1] INFO  server.RaftServer$Division (RaftServerImpl.java:requestVote(1410)) - c480eabb-3157-49f2-b9f1-63f696d84ae6@group-539EB75B9C88 replies to PRE_VOTE vote request: 3ed52e39-5430-4c2b-aae2-f3d378827451<-c480eabb-3157-49f2-b9f1-63f696d84ae6#0:OK-t0. Peer's state: c480eabb-3157-49f2-b9f1-63f696d84ae6@group-539EB75B9C88:t0, leader=null, voted=, raftlog=Memoized:c480eabb-3157-49f2-b9f1-63f696d84ae6@group-539EB75B9C88-SegmentedRaftLog:OPENED:c-1, conf=-1: peers:[c480eabb-3157-49f2-b9f1-63f696d84ae6|10.1.0.4:15121, b6016524-e859-4a78-8386-89e80bc47383|10.1.0.4:15112, 3ed52e39-5430-4c2b-aae2-f3d378827451|10.1.0.4:15103]|listeners:[], old=null
2023-12-26 17:42:40,341 [3ed52e39-5430-4c2b-aae2-f3d378827451@group-539EB75B9C88-LeaderElection26] INFO  impl.LeaderElection (LeaderElection.java:logAndReturn(89)) - 3ed52e39-5430-4c2b-aae2-f3d378827451@group-539EB75B9C88-LeaderElection26: PRE_VOTE PASSED received 1 response(s) and 0 exception(s):
2023-12-26 17:42:40,341 [3ed52e39-5430-4c2b-aae2-f3d378827451@group-539EB75B9C88-LeaderElection26] INFO  impl.LeaderElection (LeaderElection.java:logAndReturn(93)) -   Response 0: 3ed52e39-5430-4c2b-aae2-f3d378827451<-b6016524-e859-4a78-8386-89e80bc47383#0:OK-t0
2023-12-26 17:42:40,341 [3ed52e39-5430-4c2b-aae2-f3d378827451@group-539EB75B9C88-LeaderElection26] INFO  impl.LeaderElection (LeaderElection.java:askForVotes(325)) - 3ed52e39-5430-4c2b-aae2-f3d378827451@group-539EB75B9C88-LeaderElection26 PRE_VOTE round 0: result PASSED
2023-12-26 17:42:40,342 [3ed52e39-5430-4c2b-aae2-f3d378827451@group-539EB75B9C88-LeaderElection26] INFO  impl.LeaderElection (LeaderElection.java:askForVotes(323)) - 3ed52e39-5430-4c2b-aae2-f3d378827451@group-539EB75B9C88-LeaderElection26 ELECTION round 0: submit vote requests at term 1 for -1: peers:[c480eabb-3157-49f2-b9f1-63f696d84ae6|10.1.0.4:15121, b6016524-e859-4a78-8386-89e80bc47383|10.1.0.4:15112, 3ed52e39-5430-4c2b-aae2-f3d378827451|10.1.0.4:15103]|listeners:[], old=null
2023-12-26 17:42:40,343 [3ed52e39-5430-4c2b-aae2-f3d378827451@group-539EB75B9C88-LeaderElection26] INFO  server.RaftServerConfigKeys (ConfUtils.java:logFallback(53)) - raft.server.rpc.first-election.timeout.min = 5s (fallback to raft.server.rpc.timeout.min)
2023-12-26 17:42:40,343 [3ed52e39-5430-4c2b-aae2-f3d378827451@group-539EB75B9C88-LeaderElection26] INFO  server.RaftServerConfigKeys (ConfUtils.java:logFallback(53)) - raft.server.rpc.first-election.timeout.max = 5200ms (fallback to raft.server.rpc.timeout.max)
2023-12-26 17:42:40,344 [grpc-default-executor-1] INFO  server.RaftServer$Division (RaftServerImpl.java:requestVote(1377)) - c480eabb-3157-49f2-b9f1-63f696d84ae6@group-539EB75B9C88: receive requestVote(ELECTION, 3ed52e39-5430-4c2b-aae2-f3d378827451, group-539EB75B9C88, 1, (t:0, i:0))
2023-12-26 17:42:40,344 [grpc-default-executor-0] INFO  server.RaftServer$Division (RaftServerImpl.java:requestVote(1377)) - b6016524-e859-4a78-8386-89e80bc47383@group-539EB75B9C88: receive requestVote(ELECTION, 3ed52e39-5430-4c2b-aae2-f3d378827451, group-539EB75B9C88, 1, (t:0, i:0))
2023-12-26 17:42:40,344 [grpc-default-executor-1] INFO  impl.VoteContext (VoteContext.java:log(49)) - c480eabb-3157-49f2-b9f1-63f696d84ae6@group-539EB75B9C88-FOLLOWER: accept ELECTION from 3ed52e39-5430-4c2b-aae2-f3d378827451: our priority 0 <= candidate's priority 1
2023-12-26 17:42:40,344 [grpc-default-executor-0] INFO  impl.VoteContext (VoteContext.java:log(49)) - b6016524-e859-4a78-8386-89e80bc47383@group-539EB75B9C88-FOLLOWER: accept ELECTION from 3ed52e39-5430-4c2b-aae2-f3d378827451: our priority 0 <= candidate's priority 1
2023-12-26 17:42:40,344 [grpc-default-executor-1] INFO  server.RaftServer$Division (RaftServerImpl.java:setRole(379)) - c480eabb-3157-49f2-b9f1-63f696d84ae6@group-539EB75B9C88: changes role from  FOLLOWER to FOLLOWER at term 1 for candidate:3ed52e39-5430-4c2b-aae2-f3d378827451
2023-12-26 17:42:40,344 [grpc-default-executor-1] INFO  impl.RoleInfo (RoleInfo.java:shutdownFollowerState(110)) - c480eabb-3157-49f2-b9f1-63f696d84ae6: shutdown c480eabb-3157-49f2-b9f1-63f696d84ae6@group-539EB75B9C88-FollowerState
2023-12-26 17:42:40,344 [grpc-default-executor-1] INFO  impl.RoleInfo (RoleInfo.java:updateAndGet(139)) - c480eabb-3157-49f2-b9f1-63f696d84ae6: start c480eabb-3157-49f2-b9f1-63f696d84ae6@group-539EB75B9C88-FollowerState
2023-12-26 17:42:40,344 [grpc-default-executor-0] INFO  server.RaftServer$Division (RaftServerImpl.java:setRole(379)) - b6016524-e859-4a78-8386-89e80bc47383@group-539EB75B9C88: changes role from  FOLLOWER to FOLLOWER at term 1 for candidate:3ed52e39-5430-4c2b-aae2-f3d378827451
2023-12-26 17:42:40,344 [grpc-default-executor-0] INFO  impl.RoleInfo (RoleInfo.java:shutdownFollowerState(110)) - b6016524-e859-4a78-8386-89e80bc47383: shutdown b6016524-e859-4a78-8386-89e80bc47383@group-539EB75B9C88-FollowerState
2023-12-26 17:42:40,344 [c480eabb-3157-49f2-b9f1-63f696d84ae6@group-539EB75B9C88-FollowerState] INFO  impl.FollowerState (FollowerState.java:run(152)) - c480eabb-3157-49f2-b9f1-63f696d84ae6@group-539EB75B9C88-FollowerState was interrupted
2023-12-26 17:42:40,346 [grpc-default-executor-0] INFO  impl.RoleInfo (RoleInfo.java:updateAndGet(139)) - b6016524-e859-4a78-8386-89e80bc47383: start b6016524-e859-4a78-8386-89e80bc47383@group-539EB75B9C88-FollowerState
2023-12-26 17:42:40,346 [b6016524-e859-4a78-8386-89e80bc47383@group-539EB75B9C88-FollowerState] INFO  impl.FollowerState (FollowerState.java:run(152)) - b6016524-e859-4a78-8386-89e80bc47383@group-539EB75B9C88-FollowerState was interrupted
2023-12-26 17:42:40,346 [grpc-default-executor-0] INFO  server.RaftServer$Division (RaftServerImpl.java:setFirstElection(564)) - b6016524-e859-4a78-8386-89e80bc47383@group-539EB75B9C88: set firstElectionSinceStartup to false for candidate:3ed52e39-5430-4c2b-aae2-f3d378827451
2023-12-26 17:42:40,347 [grpc-default-executor-1] INFO  server.RaftServer$Division (RaftServerImpl.java:requestVote(1410)) - c480eabb-3157-49f2-b9f1-63f696d84ae6@group-539EB75B9C88 replies to ELECTION vote request: 3ed52e39-5430-4c2b-aae2-f3d378827451<-c480eabb-3157-49f2-b9f1-63f696d84ae6#0:OK-t1. Peer's state: c480eabb-3157-49f2-b9f1-63f696d84ae6@group-539EB75B9C88:t1, leader=null, voted=3ed52e39-5430-4c2b-aae2-f3d378827451, raftlog=Memoized:c480eabb-3157-49f2-b9f1-63f696d84ae6@group-539EB75B9C88-SegmentedRaftLog:OPENED:c-1, conf=-1: peers:[c480eabb-3157-49f2-b9f1-63f696d84ae6|10.1.0.4:15121, b6016524-e859-4a78-8386-89e80bc47383|10.1.0.4:15112, 3ed52e39-5430-4c2b-aae2-f3d378827451|10.1.0.4:15103]|listeners:[], old=null
2023-12-26 17:42:40,348 [3ed52e39-5430-4c2b-aae2-f3d378827451@group-539EB75B9C88-LeaderElection26] INFO  impl.LeaderElection (LeaderElection.java:logAndReturn(89)) - 3ed52e39-5430-4c2b-aae2-f3d378827451@group-539EB75B9C88-LeaderElection26: ELECTION PASSED received 1 response(s) and 0 exception(s):
2023-12-26 17:42:40,348 [3ed52e39-5430-4c2b-aae2-f3d378827451@group-539EB75B9C88-LeaderElection26] INFO  impl.LeaderElection (LeaderElection.java:logAndReturn(93)) -   Response 0: 3ed52e39-5430-4c2b-aae2-f3d378827451<-c480eabb-3157-49f2-b9f1-63f696d84ae6#0:OK-t1
2023-12-26 17:42:40,348 [3ed52e39-5430-4c2b-aae2-f3d378827451@group-539EB75B9C88-LeaderElection26] INFO  impl.LeaderElection (LeaderElection.java:askForVotes(325)) - 3ed52e39-5430-4c2b-aae2-f3d378827451@group-539EB75B9C88-LeaderElection26 ELECTION round 0: result PASSED
2023-12-26 17:42:40,348 [3ed52e39-5430-4c2b-aae2-f3d378827451@group-539EB75B9C88-LeaderElection26] INFO  impl.RoleInfo (RoleInfo.java:shutdownLeaderElection(130)) - 3ed52e39-5430-4c2b-aae2-f3d378827451: shutdown 3ed52e39-5430-4c2b-aae2-f3d378827451@group-539EB75B9C88-LeaderElection26
2023-12-26 17:42:40,348 [3ed52e39-5430-4c2b-aae2-f3d378827451@group-539EB75B9C88-LeaderElection26] INFO  server.RaftServer$Division (RaftServerImpl.java:setRole(379)) - 3ed52e39-5430-4c2b-aae2-f3d378827451@group-539EB75B9C88: changes role from CANDIDATE to LEADER at term 1 for changeToLeader
2023-12-26 17:42:40,348 [3ed52e39-5430-4c2b-aae2-f3d378827451@group-539EB75B9C88-LeaderElection26] INFO  server.RaftServerConfigKeys (ConfUtils.java:logGet(46)) - raft.server.staging.catchup.gap = 1000 (default)
2023-12-26 17:42:40,348 [3ed52e39-5430-4c2b-aae2-f3d378827451@group-539EB75B9C88-LeaderElection26] INFO  server.RaftServerConfigKeys (ConfUtils.java:logGet(46)) - raft.server.write.element-limit = 1024 (custom)
2023-12-26 17:42:40,348 [3ed52e39-5430-4c2b-aae2-f3d378827451@group-539EB75B9C88-LeaderElection26] INFO  server.RaftServerConfigKeys (ConfUtils.java:logGet(46)) - raft.server.write.byte-limit = 1024 M (=1073741824) (custom)
2023-12-26 17:42:40,349 [3ed52e39-5430-4c2b-aae2-f3d378827451@group-539EB75B9C88-LeaderElection26] INFO  server.RaftServerConfigKeys (ConfUtils.java:logGet(46)) - raft.server.watch.timeout = 3000ms (custom)
2023-12-26 17:42:40,349 [3ed52e39-5430-4c2b-aae2-f3d378827451@group-539EB75B9C88-LeaderElection26] INFO  server.RaftServerConfigKeys (ConfUtils.java:logGet(46)) - raft.server.watch.timeout.denomination = 1s (default)
2023-12-26 17:42:40,349 [3ed52e39-5430-4c2b-aae2-f3d378827451@group-539EB75B9C88-LeaderElection26] INFO  server.RaftServerConfigKeys (ConfUtils.java:logGet(46)) - raft.server.watch.element-limit = 65536 (default)
2023-12-26 17:42:40,349 [3ed52e39-5430-4c2b-aae2-f3d378827451@group-539EB75B9C88-LeaderElection26] INFO  server.RaftServerConfigKeys (ConfUtils.java:logGet(46)) - raft.server.read.leader.lease.enabled = false (default)
2023-12-26 17:42:40,349 [grpc-default-executor-0] INFO  server.RaftServer$Division (RaftServerImpl.java:requestVote(1410)) - b6016524-e859-4a78-8386-89e80bc47383@group-539EB75B9C88 replies to ELECTION vote request: 3ed52e39-5430-4c2b-aae2-f3d378827451<-b6016524-e859-4a78-8386-89e80bc47383#0:OK-t1. Peer's state: b6016524-e859-4a78-8386-89e80bc47383@group-539EB75B9C88:t1, leader=null, voted=3ed52e39-5430-4c2b-aae2-f3d378827451, raftlog=Memoized:b6016524-e859-4a78-8386-89e80bc47383@group-539EB75B9C88-SegmentedRaftLog:OPENED:c-1, conf=-1: peers:[c480eabb-3157-49f2-b9f1-63f696d84ae6|10.1.0.4:15121, b6016524-e859-4a78-8386-89e80bc47383|10.1.0.4:15112, 3ed52e39-5430-4c2b-aae2-f3d378827451|10.1.0.4:15103]|listeners:[], old=null
2023-12-26 17:42:40,349 [3ed52e39-5430-4c2b-aae2-f3d378827451@group-539EB75B9C88-LeaderElection26] INFO  server.RaftServerConfigKeys (ConfUtils.java:logGet(46)) - raft.server.read.leader.lease.timeout.ratio = 0.9 (default)
2023-12-26 17:42:40,349 [3ed52e39-5430-4c2b-aae2-f3d378827451@group-539EB75B9C88-LeaderElection26] INFO  server.RaftServerConfigKeys (ConfUtils.java:logGet(46)) - raft.server.rpc.timeout.min = 5s (custom)
2023-12-26 17:42:40,349 [3ed52e39-5430-4c2b-aae2-f3d378827451@group-539EB75B9C88-LeaderElection26] INFO  server.RaftServerConfigKeys (ConfUtils.java:logGet(46)) - raft.server.write.element-limit = 1024 (custom)
2023-12-26 17:42:40,349 [3ed52e39-5430-4c2b-aae2-f3d378827451@group-539EB75B9C88-LeaderElection26] INFO  server.RaftServerConfigKeys (ConfUtils.java:logGet(46)) - raft.server.write.follower.gap.ratio.max = -1.0 (default)
2023-12-26 17:42:40,350 [3ed52e39-5430-4c2b-aae2-f3d378827451@group-539EB75B9C88-LeaderElection26] INFO  server.RaftServerConfigKeys (ConfUtils.java:logGet(46)) - raft.server.log.appender.snapshot.chunk.size.max = 16MB (=16777216) (default)
2023-12-26 17:42:40,350 [3ed52e39-5430-4c2b-aae2-f3d378827451@group-539EB75B9C88-LeaderElection26] INFO  server.RaftServerConfigKeys (ConfUtils.java:logGet(46)) - raft.server.log.appender.buffer.byte-limit = 8388608 (custom)
2023-12-26 17:42:40,350 [3ed52e39-5430-4c2b-aae2-f3d378827451@group-539EB75B9C88-LeaderElection26] INFO  server.RaftServerConfigKeys (ConfUtils.java:logGet(46)) - raft.server.log.appender.buffer.element-limit = 1 (custom)
2023-12-26 17:42:40,350 [3ed52e39-5430-4c2b-aae2-f3d378827451@group-539EB75B9C88-LeaderElection26] INFO  server.RaftServerConfigKeys (ConfUtils.java:logGet(46)) - raft.server.log.appender.wait-time.min = 0ms (custom)
2023-12-26 17:42:40,350 [3ed52e39-5430-4c2b-aae2-f3d378827451@group-539EB75B9C88-LeaderElection26] INFO  grpc.GrpcConfigKeys (ConfUtils.java:logGet(46)) - raft.grpc.server.leader.outstanding.appends.max = 8 (default)
2023-12-26 17:42:40,350 [3ed52e39-5430-4c2b-aae2-f3d378827451@group-539EB75B9C88-LeaderElection26] INFO  server.RaftServerConfigKeys (ConfUtils.java:logGet(46)) - raft.server.rpc.request.timeout = 3000ms (default)
2023-12-26 17:42:40,350 [3ed52e39-5430-4c2b-aae2-f3d378827451@group-539EB75B9C88-LeaderElection26] INFO  grpc.GrpcConfigKeys (ConfUtils.java:logGet(46)) - raft.grpc.server.install_snapshot.request.element-limit = 8 (default)
2023-12-26 17:42:40,350 [3ed52e39-5430-4c2b-aae2-f3d378827451@group-539EB75B9C88-LeaderElection26] INFO  grpc.GrpcConfigKeys (ConfUtils.java:logGet(46)) - raft.grpc.server.install_snapshot.request.timeout = 3000ms (default)
2023-12-26 17:42:40,350 [3ed52e39-5430-4c2b-aae2-f3d378827451@group-539EB75B9C88-LeaderElection26] INFO  server.RaftServerConfigKeys (ConfUtils.java:logGet(46)) - raft.server.log.appender.install.snapshot.enabled = false (custom)
2023-12-26 17:42:40,350 [3ed52e39-5430-4c2b-aae2-f3d378827451@group-539EB75B9C88-LeaderElection26] INFO  grpc.GrpcConfigKeys (ConfUtils.java:logGet(46)) - raft.grpc.server.heartbeat.channel = true (default)
2023-12-26 17:42:40,351 [3ed52e39-5430-4c2b-aae2-f3d378827451@group-539EB75B9C88-LeaderElection26] INFO  server.RaftServerConfigKeys (ConfUtils.java:logGet(46)) - raft.server.log.appender.snapshot.chunk.size.max = 16MB (=16777216) (default)
2023-12-26 17:42:40,351 [3ed52e39-5430-4c2b-aae2-f3d378827451@group-539EB75B9C88-LeaderElection26] INFO  server.RaftServerConfigKeys (ConfUtils.java:logGet(46)) - raft.server.log.appender.buffer.byte-limit = 8388608 (custom)
2023-12-26 17:42:40,351 [3ed52e39-5430-4c2b-aae2-f3d378827451@group-539EB75B9C88-LeaderElection26] INFO  server.RaftServerConfigKeys (ConfUtils.java:logGet(46)) - raft.server.log.appender.buffer.element-limit = 1 (custom)
2023-12-26 17:42:40,351 [3ed52e39-5430-4c2b-aae2-f3d378827451@group-539EB75B9C88-LeaderElection26] INFO  server.RaftServerConfigKeys (ConfUtils.java:logGet(46)) - raft.server.log.appender.wait-time.min = 0ms (custom)
2023-12-26 17:42:40,351 [3ed52e39-5430-4c2b-aae2-f3d378827451@group-539EB75B9C88-LeaderElection26] INFO  grpc.GrpcConfigKeys (ConfUtils.java:logGet(46)) - raft.grpc.server.leader.outstanding.appends.max = 8 (default)
2023-12-26 17:42:40,351 [3ed52e39-5430-4c2b-aae2-f3d378827451@group-539EB75B9C88-LeaderElection26] INFO  server.RaftServerConfigKeys (ConfUtils.java:logGet(46)) - raft.server.rpc.request.timeout = 3000ms (default)
2023-12-26 17:42:40,351 [3ed52e39-5430-4c2b-aae2-f3d378827451@group-539EB75B9C88-LeaderElection26] INFO  grpc.GrpcConfigKeys (ConfUtils.java:logGet(46)) - raft.grpc.server.install_snapshot.request.element-limit = 8 (default)
2023-12-26 17:42:40,352 [3ed52e39-5430-4c2b-aae2-f3d378827451@group-539EB75B9C88-LeaderElection26] INFO  grpc.GrpcConfigKeys (ConfUtils.java:logGet(46)) - raft.grpc.server.install_snapshot.request.timeout = 3000ms (default)
2023-12-26 17:42:40,352 [3ed52e39-5430-4c2b-aae2-f3d378827451@group-539EB75B9C88-LeaderElection26] INFO  server.RaftServerConfigKeys (ConfUtils.java:logGet(46)) - raft.server.log.appender.install.snapshot.enabled = false (custom)
2023-12-26 17:42:40,352 [3ed52e39-5430-4c2b-aae2-f3d378827451@group-539EB75B9C88-LeaderElection26] INFO  grpc.GrpcConfigKeys (ConfUtils.java:logGet(46)) - raft.grpc.server.heartbeat.channel = true (default)
2023-12-26 17:42:40,352 [3ed52e39-5430-4c2b-aae2-f3d378827451@group-539EB75B9C88-LeaderElection26] INFO  impl.RoleInfo (RoleInfo.java:updateAndGet(139)) - 3ed52e39-5430-4c2b-aae2-f3d378827451: start 3ed52e39-5430-4c2b-aae2-f3d378827451@group-539EB75B9C88-LeaderStateImpl
2023-12-26 17:42:40,352 [3ed52e39-5430-4c2b-aae2-f3d378827451@group-539EB75B9C88-LeaderElection26] INFO  server.RaftServer$Division (RaftServerImpl.java:setFirstElection(564)) - 3ed52e39-5430-4c2b-aae2-f3d378827451@group-539EB75B9C88: set firstElectionSinceStartup to false for becomeLeader
2023-12-26 17:42:40,352 [3ed52e39-5430-4c2b-aae2-f3d378827451@group-539EB75B9C88-LeaderElection26] INFO  ratis.XceiverServerRatis (XceiverServerRatis.java:handleLeaderChangedNotification(935)) - Leader change notification received for group: group-539EB75B9C88 with new leaderId: 3ed52e39-5430-4c2b-aae2-f3d378827451
2023-12-26 17:42:40,352 [3ed52e39-5430-4c2b-aae2-f3d378827451@group-539EB75B9C88-LeaderElection26] INFO  server.RaftServer$Division (ServerState.java:setLeader(265)) - 3ed52e39-5430-4c2b-aae2-f3d378827451@group-539EB75B9C88: change Leader from null to 3ed52e39-5430-4c2b-aae2-f3d378827451 at term 1 for becomeLeader, leader elected after 5153ms
2023-12-26 17:42:40,352 [3ed52e39-5430-4c2b-aae2-f3d378827451@group-539EB75B9C88-LeaderElection26] INFO  segmented.SegmentedRaftLogWorker (SegmentedRaftLogWorker.java:startLogSegment(428)) - 3ed52e39-5430-4c2b-aae2-f3d378827451@group-539EB75B9C88-SegmentedRaftLogWorker: Starting segment from index:0
2023-12-26 17:42:40,354 [EventQueue-PipelineReportForPipelineReportHandler] INFO  pipeline.PipelineReportHandler (PipelineReportHandler.java:processPipelineReport(136)) - Opened pipeline PipelineID=9798062d-9fa2-4545-b261-539eb75b9c88
2023-12-26 17:42:40,354 [EventQueue-OpenPipelineForHealthyPipelineSafeModeRule] INFO  safemode.SCMSafeModeManager (HealthyPipelineSafeModeRule.java:process(140)) - SCM in safe mode. Healthy pipelines reported count is 0, required healthy pipeline reported count is 1
2023-12-26 17:42:40,354 [EventQueue-OpenPipelineForHealthyPipelineSafeModeRule] INFO  safemode.SCMSafeModeManager (HealthyPipelineSafeModeRule.java:process(140)) - SCM in safe mode. Healthy pipelines reported count is 1, required healthy pipeline reported count is 1
2023-12-26 17:42:40,354 [EventQueue-OpenPipelineForHealthyPipelineSafeModeRule] INFO  safemode.SCMSafeModeManager (SCMSafeModeManager.java:validateSafeModeExitRules(200)) - HealthyPipelineSafeModeRule rule is successfully validated
2023-12-26 17:42:40,354 [EventQueue-OpenPipelineForHealthyPipelineSafeModeRule] INFO  safemode.SCMSafeModeManager (SCMSafeModeManager.java:validateSafeModeExitRules(215)) - ScmSafeModeManager, all rules are successfully validated
2023-12-26 17:42:40,354 [EventQueue-OpenPipelineForHealthyPipelineSafeModeRule] INFO  safemode.SCMSafeModeManager (SCMSafeModeManager.java:exitSafeMode(244)) - SCM exiting safe mode.
2023-12-26 17:42:40,354 [EventQueue-OpenPipelineForHealthyPipelineSafeModeRule] INFO  ha.SCMContext (SCMContext.java:updateSafeModeStatus(230)) - Update SafeModeStatus from SafeModeStatus{safeModeStatus=true, preCheckPassed=true} to SafeModeStatus{safeModeStatus=false, preCheckPassed=true}.
2023-12-26 17:42:40,354 [EventQueue-OpenPipelineForHealthyPipelineSafeModeRule] INFO  pipeline.BackgroundPipelineCreator (BackgroundPipelineCreator.java:notifyStatusChanged(258)) - Service BackgroundPipelineCreator transitions to RUNNING.
2023-12-26 17:42:40,354 [EventQueue-OpenPipelineForHealthyPipelineSafeModeRule] INFO  BackgroundPipelineScrubber (BackgroundSCMService.java:notifyStatusChanged(82)) - Service BackgroundPipelineScrubber transitions to RUNNING.
2023-12-26 17:42:40,354 [EventQueue-OpenPipelineForHealthyPipelineSafeModeRule] INFO  ExpiredContainerReplicaOpScrubber (BackgroundSCMService.java:notifyStatusChanged(82)) - Service ExpiredContainerReplicaOpScrubber transitions to RUNNING.
2023-12-26 17:42:40,354 [EventQueue-OpenPipelineForHealthyPipelineSafeModeRule] INFO  replication.ReplicationManager (ReplicationManager.java:notifyStatusChanged(1401)) - Service ReplicationManager transitions to RUNNING.
2023-12-26 17:42:40,355 [EventQueue-OpenPipelineForHealthyPipelineSafeModeRule] WARN  balancer.ContainerBalancer (ContainerBalancer.java:shouldRun(134)) - Could not find persisted configuration for ContainerBalancer when checking if ContainerBalancer should run. ContainerBalancer should not run now.
2023-12-26 17:42:40,358 [3ed52e39-5430-4c2b-aae2-f3d378827451@group-539EB75B9C88-LeaderElection26] INFO  server.RaftServer$Division (ServerState.java:setRaftConf(382)) - 3ed52e39-5430-4c2b-aae2-f3d378827451@group-539EB75B9C88: set configuration 0: peers:[c480eabb-3157-49f2-b9f1-63f696d84ae6|10.1.0.4:15121, b6016524-e859-4a78-8386-89e80bc47383|10.1.0.4:15112, 3ed52e39-5430-4c2b-aae2-f3d378827451|10.1.0.4:15103]|listeners:[], old=null
2023-12-26 17:42:40,361 [3ed52e39-5430-4c2b-aae2-f3d378827451@group-539EB75B9C88-SegmentedRaftLogWorker] INFO  segmented.SegmentedRaftLogWorker (SegmentedRaftLogWorker.java:execute(632)) - 3ed52e39-5430-4c2b-aae2-f3d378827451@group-539EB75B9C88-SegmentedRaftLogWorker: created new log segment /home/runner/work/ozone/ozone/hadoop-ozone/integration-test/target/test-dir/MiniOzoneClusterImpl-c07e4b46-e5c7-4260-9d08-acd32f4d7801/datanode-0/data/ratis/9798062d-9fa2-4545-b261-539eb75b9c88/current/log_inprogress_0
2023-12-26 17:42:40,368 [c480eabb-3157-49f2-b9f1-63f696d84ae6-server-thread1] INFO  ratis.XceiverServerRatis (XceiverServerRatis.java:handleLeaderChangedNotification(935)) - Leader change notification received for group: group-539EB75B9C88 with new leaderId: 3ed52e39-5430-4c2b-aae2-f3d378827451
2023-12-26 17:42:40,369 [c480eabb-3157-49f2-b9f1-63f696d84ae6-server-thread1] INFO  server.RaftServer$Division (ServerState.java:setLeader(265)) - c480eabb-3157-49f2-b9f1-63f696d84ae6@group-539EB75B9C88: change Leader from null to 3ed52e39-5430-4c2b-aae2-f3d378827451 at term 1 for appendEntries, leader elected after 5144ms
2023-12-26 17:42:40,374 [c480eabb-3157-49f2-b9f1-63f696d84ae6-server-thread1] INFO  server.RaftServer$Division (ServerState.java:setRaftConf(382)) - c480eabb-3157-49f2-b9f1-63f696d84ae6@group-539EB75B9C88: set configuration 0: peers:[c480eabb-3157-49f2-b9f1-63f696d84ae6|10.1.0.4:15121, b6016524-e859-4a78-8386-89e80bc47383|10.1.0.4:15112, 3ed52e39-5430-4c2b-aae2-f3d378827451|10.1.0.4:15103]|listeners:[], old=null
2023-12-26 17:42:40,374 [c480eabb-3157-49f2-b9f1-63f696d84ae6-server-thread1] INFO  segmented.SegmentedRaftLogWorker (SegmentedRaftLogWorker.java:startLogSegment(428)) - c480eabb-3157-49f2-b9f1-63f696d84ae6@group-539EB75B9C88-SegmentedRaftLogWorker: Starting segment from index:0
2023-12-26 17:42:40,379 [b6016524-e859-4a78-8386-89e80bc47383-server-thread1] INFO  ratis.XceiverServerRatis (XceiverServerRatis.java:handleLeaderChangedNotification(935)) - Leader change notification received for group: group-539EB75B9C88 with new leaderId: 3ed52e39-5430-4c2b-aae2-f3d378827451
2023-12-26 17:42:40,379 [b6016524-e859-4a78-8386-89e80bc47383-server-thread1] INFO  server.RaftServer$Division (ServerState.java:setLeader(265)) - b6016524-e859-4a78-8386-89e80bc47383@group-539EB75B9C88: change Leader from null to 3ed52e39-5430-4c2b-aae2-f3d378827451 at term 1 for appendEntries, leader elected after 5125ms
2023-12-26 17:42:40,382 [c480eabb-3157-49f2-b9f1-63f696d84ae6@group-539EB75B9C88-SegmentedRaftLogWorker] INFO  segmented.SegmentedRaftLogWorker (SegmentedRaftLogWorker.java:execute(632)) - c480eabb-3157-49f2-b9f1-63f696d84ae6@group-539EB75B9C88-SegmentedRaftLogWorker: created new log segment /home/runner/work/ozone/ozone/hadoop-ozone/integration-test/target/test-dir/MiniOzoneClusterImpl-c07e4b46-e5c7-4260-9d08-acd32f4d7801/datanode-2/data/ratis/9798062d-9fa2-4545-b261-539eb75b9c88/current/log_inprogress_0
2023-12-26 17:42:40,382 [b6016524-e859-4a78-8386-89e80bc47383-server-thread2] INFO  server.RaftServer$Division (ServerState.java:setRaftConf(382)) - b6016524-e859-4a78-8386-89e80bc47383@group-539EB75B9C88: set configuration 0: peers:[c480eabb-3157-49f2-b9f1-63f696d84ae6|10.1.0.4:15121, b6016524-e859-4a78-8386-89e80bc47383|10.1.0.4:15112, 3ed52e39-5430-4c2b-aae2-f3d378827451|10.1.0.4:15103]|listeners:[], old=null
2023-12-26 17:42:40,382 [b6016524-e859-4a78-8386-89e80bc47383-server-thread2] INFO  segmented.SegmentedRaftLogWorker (SegmentedRaftLogWorker.java:startLogSegment(428)) - b6016524-e859-4a78-8386-89e80bc47383@group-539EB75B9C88-SegmentedRaftLogWorker: Starting segment from index:0
2023-12-26 17:42:40,384 [3ed52e39-5430-4c2b-aae2-f3d378827451@group-539EB75B9C88-StateMachineUpdater] INFO  server.RaftServer$Division (LeaderStateImpl.java:isApplied(316)) - leader is ready since appliedIndex == 0 >= startIndex == 0
2023-12-26 17:42:40,390 [b6016524-e859-4a78-8386-89e80bc47383@group-539EB75B9C88-SegmentedRaftLogWorker] INFO  segmented.SegmentedRaftLogWorker (SegmentedRaftLogWorker.java:execute(632)) - b6016524-e859-4a78-8386-89e80bc47383@group-539EB75B9C88-SegmentedRaftLogWorker: created new log segment /home/runner/work/ozone/ozone/hadoop-ozone/integration-test/target/test-dir/MiniOzoneClusterImpl-c07e4b46-e5c7-4260-9d08-acd32f4d7801/datanode-1/data/ratis/9798062d-9fa2-4545-b261-539eb75b9c88/current/log_inprogress_0
2023-12-26 17:42:40,464 [c480eabb-3157-49f2-b9f1-63f696d84ae6@group-044216BD6204-FollowerState] INFO  impl.FollowerState (FollowerState.java:run(143)) - c480eabb-3157-49f2-b9f1-63f696d84ae6@group-044216BD6204-FollowerState: change to CANDIDATE, lastRpcElapsedTime:5015569657ns, electionTimeout:5014ms
2023-12-26 17:42:40,464 [c480eabb-3157-49f2-b9f1-63f696d84ae6@group-044216BD6204-FollowerState] INFO  impl.RoleInfo (RoleInfo.java:shutdownFollowerState(110)) - c480eabb-3157-49f2-b9f1-63f696d84ae6: shutdown c480eabb-3157-49f2-b9f1-63f696d84ae6@group-044216BD6204-FollowerState
2023-12-26 17:42:40,464 [c480eabb-3157-49f2-b9f1-63f696d84ae6@group-044216BD6204-FollowerState] INFO  server.RaftServer$Division (RaftServerImpl.java:setRole(379)) - c480eabb-3157-49f2-b9f1-63f696d84ae6@group-044216BD6204: changes role from  FOLLOWER to CANDIDATE at term 0 for changeToCandidate
2023-12-26 17:42:40,464 [c480eabb-3157-49f2-b9f1-63f696d84ae6@group-044216BD6204-FollowerState] INFO  server.RaftServerConfigKeys (ConfUtils.java:logGet(46)) - raft.server.leaderelection.pre-vote = true (default)
2023-12-26 17:42:40,464 [c480eabb-3157-49f2-b9f1-63f696d84ae6@group-044216BD6204-FollowerState] INFO  impl.RoleInfo (RoleInfo.java:updateAndGet(139)) - c480eabb-3157-49f2-b9f1-63f696d84ae6: start c480eabb-3157-49f2-b9f1-63f696d84ae6@group-044216BD6204-LeaderElection27
2023-12-26 17:42:40,466 [c480eabb-3157-49f2-b9f1-63f696d84ae6@group-044216BD6204-LeaderElection27] INFO  impl.LeaderElection (LeaderElection.java:askForVotes(323)) - c480eabb-3157-49f2-b9f1-63f696d84ae6@group-044216BD6204-LeaderElection27 PRE_VOTE round 0: submit vote requests at term 0 for -1: peers:[c480eabb-3157-49f2-b9f1-63f696d84ae6|10.1.0.4:15121]|listeners:[], old=null
2023-12-26 17:42:40,466 [c480eabb-3157-49f2-b9f1-63f696d84ae6@group-044216BD6204-LeaderElection27] INFO  impl.LeaderElection (LeaderElection.java:askForVotes(325)) - c480eabb-3157-49f2-b9f1-63f696d84ae6@group-044216BD6204-LeaderElection27 PRE_VOTE round 0: result PASSED (term=0)
2023-12-26 17:42:40,467 [c480eabb-3157-49f2-b9f1-63f696d84ae6@group-044216BD6204-LeaderElection27] INFO  impl.LeaderElection (LeaderElection.java:askForVotes(323)) - c480eabb-3157-49f2-b9f1-63f696d84ae6@group-044216BD6204-LeaderElection27 ELECTION round 0: submit vote requests at term 1 for -1: peers:[c480eabb-3157-49f2-b9f1-63f696d84ae6|10.1.0.4:15121]|listeners:[], old=null
2023-12-26 17:42:40,467 [c480eabb-3157-49f2-b9f1-63f696d84ae6@group-044216BD6204-LeaderElection27] INFO  impl.LeaderElection (LeaderElection.java:askForVotes(325)) - c480eabb-3157-49f2-b9f1-63f696d84ae6@group-044216BD6204-LeaderElection27 ELECTION round 0: result PASSED (term=1)
2023-12-26 17:42:40,467 [c480eabb-3157-49f2-b9f1-63f696d84ae6@group-044216BD6204-LeaderElection27] INFO  impl.RoleInfo (RoleInfo.java:shutdownLeaderElection(130)) - c480eabb-3157-49f2-b9f1-63f696d84ae6: shutdown c480eabb-3157-49f2-b9f1-63f696d84ae6@group-044216BD6204-LeaderElection27
2023-12-26 17:42:40,468 [c480eabb-3157-49f2-b9f1-63f696d84ae6@group-044216BD6204-LeaderElection27] INFO  server.RaftServer$Division (RaftServerImpl.java:setRole(379)) - c480eabb-3157-49f2-b9f1-63f696d84ae6@group-044216BD6204: changes role from CANDIDATE to LEADER at term 1 for changeToLeader
2023-12-26 17:42:40,468 [c480eabb-3157-49f2-b9f1-63f696d84ae6@group-044216BD6204-LeaderElection27] INFO  server.RaftServerConfigKeys (ConfUtils.java:logGet(46)) - raft.server.staging.catchup.gap = 1000 (default)
2023-12-26 17:42:40,468 [c480eabb-3157-49f2-b9f1-63f696d84ae6@group-044216BD6204-LeaderElection27] INFO  server.RaftServerConfigKeys (ConfUtils.java:logGet(46)) - raft.server.write.element-limit = 1024 (custom)
2023-12-26 17:42:40,468 [c480eabb-3157-49f2-b9f1-63f696d84ae6@group-044216BD6204-LeaderElection27] INFO  server.RaftServerConfigKeys (ConfUtils.java:logGet(46)) - raft.server.write.byte-limit = 1024 M (=1073741824) (custom)
2023-12-26 17:42:40,468 [c480eabb-3157-49f2-b9f1-63f696d84ae6@group-044216BD6204-LeaderElection27] INFO  server.RaftServerConfigKeys (ConfUtils.java:logGet(46)) - raft.server.watch.timeout = 3000ms (custom)
2023-12-26 17:42:40,468 [c480eabb-3157-49f2-b9f1-63f696d84ae6@group-044216BD6204-LeaderElection27] INFO  server.RaftServerConfigKeys (ConfUtils.java:logGet(46)) - raft.server.watch.timeout.denomination = 1s (default)
2023-12-26 17:42:40,468 [c480eabb-3157-49f2-b9f1-63f696d84ae6@group-044216BD6204-LeaderElection27] INFO  server.RaftServerConfigKeys (ConfUtils.java:logGet(46)) - raft.server.watch.element-limit = 65536 (default)
2023-12-26 17:42:40,468 [c480eabb-3157-49f2-b9f1-63f696d84ae6@group-044216BD6204-LeaderElection27] INFO  server.RaftServerConfigKeys (ConfUtils.java:logGet(46)) - raft.server.read.leader.lease.enabled = false (default)
2023-12-26 17:42:40,468 [c480eabb-3157-49f2-b9f1-63f696d84ae6@group-044216BD6204-LeaderElection27] INFO  server.RaftServerConfigKeys (ConfUtils.java:logGet(46)) - raft.server.read.leader.lease.timeout.ratio = 0.9 (default)
2023-12-26 17:42:40,468 [c480eabb-3157-49f2-b9f1-63f696d84ae6@group-044216BD6204-LeaderElection27] INFO  server.RaftServerConfigKeys (ConfUtils.java:logGet(46)) - raft.server.rpc.timeout.min = 5s (custom)
2023-12-26 17:42:40,468 [c480eabb-3157-49f2-b9f1-63f696d84ae6@group-044216BD6204-LeaderElection27] INFO  server.RaftServerConfigKeys (ConfUtils.java:logGet(46)) - raft.server.write.element-limit = 1024 (custom)
2023-12-26 17:42:40,468 [c480eabb-3157-49f2-b9f1-63f696d84ae6@group-044216BD6204-LeaderElection27] INFO  server.RaftServerConfigKeys (ConfUtils.java:logGet(46)) - raft.server.write.follower.gap.ratio.max = -1.0 (default)
2023-12-26 17:42:40,469 [c480eabb-3157-49f2-b9f1-63f696d84ae6@group-044216BD6204-LeaderElection27] INFO  impl.RoleInfo (RoleInfo.java:updateAndGet(139)) - c480eabb-3157-49f2-b9f1-63f696d84ae6: start c480eabb-3157-49f2-b9f1-63f696d84ae6@group-044216BD6204-LeaderStateImpl
2023-12-26 17:42:40,469 [c480eabb-3157-49f2-b9f1-63f696d84ae6@group-044216BD6204-LeaderElection27] INFO  server.RaftServer$Division (RaftServerImpl.java:setFirstElection(564)) - c480eabb-3157-49f2-b9f1-63f696d84ae6@group-044216BD6204: set firstElectionSinceStartup to false for becomeLeader
2023-12-26 17:42:40,469 [c480eabb-3157-49f2-b9f1-63f696d84ae6@group-044216BD6204-LeaderElection27] INFO  ratis.XceiverServerRatis (XceiverServerRatis.java:handleLeaderChangedNotification(935)) - Leader change notification received for group: group-044216BD6204 with new leaderId: c480eabb-3157-49f2-b9f1-63f696d84ae6
2023-12-26 17:42:40,475 [c480eabb-3157-49f2-b9f1-63f696d84ae6@group-044216BD6204-LeaderElection27] INFO  server.RaftServer$Division (ServerState.java:setLeader(265)) - c480eabb-3157-49f2-b9f1-63f696d84ae6@group-044216BD6204: change Leader from null to c480eabb-3157-49f2-b9f1-63f696d84ae6 at term 1 for becomeLeader, leader elected after 5036ms
2023-12-26 17:42:40,476 [c480eabb-3157-49f2-b9f1-63f696d84ae6@group-044216BD6204-LeaderElection27] INFO  segmented.SegmentedRaftLogWorker (SegmentedRaftLogWorker.java:startLogSegment(428)) - c480eabb-3157-49f2-b9f1-63f696d84ae6@group-044216BD6204-SegmentedRaftLogWorker: Starting segment from index:0
2023-12-26 17:42:40,481 [c480eabb-3157-49f2-b9f1-63f696d84ae6@group-044216BD6204-LeaderElection27] INFO  server.RaftServer$Division (ServerState.java:setRaftConf(382)) - c480eabb-3157-49f2-b9f1-63f696d84ae6@group-044216BD6204: set configuration 0: peers:[c480eabb-3157-49f2-b9f1-63f696d84ae6|10.1.0.4:15121]|listeners:[], old=null
2023-12-26 17:42:40,484 [c480eabb-3157-49f2-b9f1-63f696d84ae6@group-044216BD6204-SegmentedRaftLogWorker] INFO  segmented.SegmentedRaftLogWorker (SegmentedRaftLogWorker.java:execute(632)) - c480eabb-3157-49f2-b9f1-63f696d84ae6@group-044216BD6204-SegmentedRaftLogWorker: created new log segment /home/runner/work/ozone/ozone/hadoop-ozone/integration-test/target/test-dir/MiniOzoneClusterImpl-c07e4b46-e5c7-4260-9d08-acd32f4d7801/datanode-2/data/ratis/685cd672-5f11-4d95-9fa6-044216bd6204/current/log_inprogress_0
2023-12-26 17:42:40,485 [c480eabb-3157-49f2-b9f1-63f696d84ae6@group-044216BD6204-StateMachineUpdater] INFO  server.RaftServer$Division (LeaderStateImpl.java:isApplied(316)) - leader is ready since appliedIndex == 0 >= startIndex == 0
2023-12-26 17:42:40,651 [44b0d7ae-65a5-40e5-9d42-50dc3ce2f2bb@group-7BC91E35481A-FollowerState] INFO  impl.FollowerState (FollowerState.java:run(143)) - 44b0d7ae-65a5-40e5-9d42-50dc3ce2f2bb@group-7BC91E35481A-FollowerState: change to CANDIDATE, lastRpcElapsedTime:5033403229ns, electionTimeout:5033ms
2023-12-26 17:42:40,651 [44b0d7ae-65a5-40e5-9d42-50dc3ce2f2bb@group-7BC91E35481A-FollowerState] INFO  impl.RoleInfo (RoleInfo.java:shutdownFollowerState(110)) - 44b0d7ae-65a5-40e5-9d42-50dc3ce2f2bb: shutdown 44b0d7ae-65a5-40e5-9d42-50dc3ce2f2bb@group-7BC91E35481A-FollowerState
2023-12-26 17:42:40,651 [44b0d7ae-65a5-40e5-9d42-50dc3ce2f2bb@group-7BC91E35481A-FollowerState] INFO  server.RaftServer$Division (RaftServerImpl.java:setRole(379)) - 44b0d7ae-65a5-40e5-9d42-50dc3ce2f2bb@group-7BC91E35481A: changes role from  FOLLOWER to CANDIDATE at term 0 for changeToCandidate
2023-12-26 17:42:40,651 [44b0d7ae-65a5-40e5-9d42-50dc3ce2f2bb@group-7BC91E35481A-FollowerState] INFO  server.RaftServerConfigKeys (ConfUtils.java:logGet(46)) - raft.server.leaderelection.pre-vote = true (default)
2023-12-26 17:42:40,652 [44b0d7ae-65a5-40e5-9d42-50dc3ce2f2bb@group-7BC91E35481A-FollowerState] INFO  impl.RoleInfo (RoleInfo.java:updateAndGet(139)) - 44b0d7ae-65a5-40e5-9d42-50dc3ce2f2bb: start 44b0d7ae-65a5-40e5-9d42-50dc3ce2f2bb@group-7BC91E35481A-LeaderElection28
2023-12-26 17:42:40,653 [44b0d7ae-65a5-40e5-9d42-50dc3ce2f2bb@group-7BC91E35481A-LeaderElection28] INFO  impl.LeaderElection (LeaderElection.java:askForVotes(323)) - 44b0d7ae-65a5-40e5-9d42-50dc3ce2f2bb@group-7BC91E35481A-LeaderElection28 PRE_VOTE round 0: submit vote requests at term 0 for -1: peers:[44b0d7ae-65a5-40e5-9d42-50dc3ce2f2bb|10.1.0.4:15148, 12bf515f-ba3e-42f8-ba13-af4a8bda6fda|10.1.0.4:15139, 559a6ab5-825d-4c14-b258-477429313dde|10.1.0.4:15130]|listeners:[], old=null
2023-12-26 17:42:40,654 [44b0d7ae-65a5-40e5-9d42-50dc3ce2f2bb@group-7BC91E35481A-LeaderElection28-1] INFO  server.GrpcServerProtocolClient (GrpcServerProtocolClient.java:<init>(65)) - Build channel for 12bf515f-ba3e-42f8-ba13-af4a8bda6fda
2023-12-26 17:42:40,654 [44b0d7ae-65a5-40e5-9d42-50dc3ce2f2bb@group-7BC91E35481A-LeaderElection28] INFO  server.RaftServerConfigKeys (ConfUtils.java:logFallback(53)) - raft.server.rpc.first-election.timeout.min = 5s (fallback to raft.server.rpc.timeout.min)
2023-12-26 17:42:40,654 [44b0d7ae-65a5-40e5-9d42-50dc3ce2f2bb@group-7BC91E35481A-LeaderElection28] INFO  server.RaftServerConfigKeys (ConfUtils.java:logFallback(53)) - raft.server.rpc.first-election.timeout.max = 5200ms (fallback to raft.server.rpc.timeout.max)
2023-12-26 17:42:40,654 [44b0d7ae-65a5-40e5-9d42-50dc3ce2f2bb@group-7BC91E35481A-LeaderElection28-2] INFO  server.GrpcServerProtocolClient (GrpcServerProtocolClient.java:<init>(65)) - Build channel for 559a6ab5-825d-4c14-b258-477429313dde
2023-12-26 17:42:40,658 [grpc-default-executor-4] INFO  server.RaftServer$Division (RaftServerImpl.java:requestVote(1377)) - 559a6ab5-825d-4c14-b258-477429313dde@group-7BC91E35481A: receive requestVote(PRE_VOTE, 44b0d7ae-65a5-40e5-9d42-50dc3ce2f2bb, group-7BC91E35481A, 0, (t:0, i:0))
2023-12-26 17:42:40,658 [grpc-default-executor-3] INFO  server.RaftServer$Division (RaftServerImpl.java:requestVote(1377)) - 12bf515f-ba3e-42f8-ba13-af4a8bda6fda@group-7BC91E35481A: receive requestVote(PRE_VOTE, 44b0d7ae-65a5-40e5-9d42-50dc3ce2f2bb, group-7BC91E35481A, 0, (t:0, i:0))
2023-12-26 17:42:40,658 [grpc-default-executor-4] INFO  impl.VoteContext (VoteContext.java:log(49)) - 559a6ab5-825d-4c14-b258-477429313dde@group-7BC91E35481A-FOLLOWER: reject PRE_VOTE from 44b0d7ae-65a5-40e5-9d42-50dc3ce2f2bb: our priority 1 > candidate's priority 0
2023-12-26 17:42:40,658 [grpc-default-executor-3] INFO  impl.VoteContext (VoteContext.java:log(49)) - 12bf515f-ba3e-42f8-ba13-af4a8bda6fda@group-7BC91E35481A-FOLLOWER: accept PRE_VOTE from 44b0d7ae-65a5-40e5-9d42-50dc3ce2f2bb: our priority 0 <= candidate's priority 0
2023-12-26 17:42:40,659 [grpc-default-executor-4] INFO  server.RaftServer$Division (RaftServerImpl.java:requestVote(1410)) - 559a6ab5-825d-4c14-b258-477429313dde@group-7BC91E35481A replies to PRE_VOTE vote request: 44b0d7ae-65a5-40e5-9d42-50dc3ce2f2bb<-559a6ab5-825d-4c14-b258-477429313dde#0:FAIL-t0. Peer's state: 559a6ab5-825d-4c14-b258-477429313dde@group-7BC91E35481A:t0, leader=null, voted=, raftlog=Memoized:559a6ab5-825d-4c14-b258-477429313dde@group-7BC91E35481A-SegmentedRaftLog:OPENED:c-1, conf=-1: peers:[44b0d7ae-65a5-40e5-9d42-50dc3ce2f2bb|10.1.0.4:15148, 12bf515f-ba3e-42f8-ba13-af4a8bda6fda|10.1.0.4:15139, 559a6ab5-825d-4c14-b258-477429313dde|10.1.0.4:15130]|listeners:[], old=null
2023-12-26 17:42:40,659 [grpc-default-executor-3] INFO  server.RaftServer$Division (RaftServerImpl.java:requestVote(1410)) - 12bf515f-ba3e-42f8-ba13-af4a8bda6fda@group-7BC91E35481A replies to PRE_VOTE vote request: 44b0d7ae-65a5-40e5-9d42-50dc3ce2f2bb<-12bf515f-ba3e-42f8-ba13-af4a8bda6fda#0:OK-t0. Peer's state: 12bf515f-ba3e-42f8-ba13-af4a8bda6fda@group-7BC91E35481A:t0, leader=null, voted=, raftlog=Memoized:12bf515f-ba3e-42f8-ba13-af4a8bda6fda@group-7BC91E35481A-SegmentedRaftLog:OPENED:c-1, conf=-1: peers:[44b0d7ae-65a5-40e5-9d42-50dc3ce2f2bb|10.1.0.4:15148, 12bf515f-ba3e-42f8-ba13-af4a8bda6fda|10.1.0.4:15139, 559a6ab5-825d-4c14-b258-477429313dde|10.1.0.4:15130]|listeners:[], old=null
2023-12-26 17:42:40,660 [44b0d7ae-65a5-40e5-9d42-50dc3ce2f2bb@group-7BC91E35481A-LeaderElection28] INFO  impl.LeaderElection (LeaderElection.java:logAndReturn(89)) - 44b0d7ae-65a5-40e5-9d42-50dc3ce2f2bb@group-7BC91E35481A-LeaderElection28: PRE_VOTE REJECTED received 1 response(s) and 0 exception(s):
2023-12-26 17:42:40,660 [44b0d7ae-65a5-40e5-9d42-50dc3ce2f2bb@group-7BC91E35481A-LeaderElection28] INFO  impl.LeaderElection (LeaderElection.java:logAndReturn(93)) -   Response 0: 44b0d7ae-65a5-40e5-9d42-50dc3ce2f2bb<-559a6ab5-825d-4c14-b258-477429313dde#0:FAIL-t0
2023-12-26 17:42:40,660 [44b0d7ae-65a5-40e5-9d42-50dc3ce2f2bb@group-7BC91E35481A-LeaderElection28] INFO  impl.LeaderElection (LeaderElection.java:askForVotes(325)) - 44b0d7ae-65a5-40e5-9d42-50dc3ce2f2bb@group-7BC91E35481A-LeaderElection28 PRE_VOTE round 0: result REJECTED
2023-12-26 17:42:40,660 [44b0d7ae-65a5-40e5-9d42-50dc3ce2f2bb@group-7BC91E35481A-LeaderElection28] INFO  server.RaftServer$Division (RaftServerImpl.java:setRole(379)) - 44b0d7ae-65a5-40e5-9d42-50dc3ce2f2bb@group-7BC91E35481A: changes role from CANDIDATE to FOLLOWER at term 0 for REJECTED
2023-12-26 17:42:40,660 [44b0d7ae-65a5-40e5-9d42-50dc3ce2f2bb@group-7BC91E35481A-LeaderElection28] INFO  impl.RoleInfo (RoleInfo.java:shutdownLeaderElection(130)) - 44b0d7ae-65a5-40e5-9d42-50dc3ce2f2bb: shutdown 44b0d7ae-65a5-40e5-9d42-50dc3ce2f2bb@group-7BC91E35481A-LeaderElection28
2023-12-26 17:42:40,661 [44b0d7ae-65a5-40e5-9d42-50dc3ce2f2bb@group-7BC91E35481A-LeaderElection28] INFO  impl.RoleInfo (RoleInfo.java:updateAndGet(139)) - 44b0d7ae-65a5-40e5-9d42-50dc3ce2f2bb: start 44b0d7ae-65a5-40e5-9d42-50dc3ce2f2bb@group-7BC91E35481A-FollowerState
2023-12-26 17:42:40,661 [44b0d7ae-65a5-40e5-9d42-50dc3ce2f2bb@group-7BC91E35481A-LeaderElection28] INFO  server.RaftServer$Division (RaftServerImpl.java:setFirstElection(564)) - 44b0d7ae-65a5-40e5-9d42-50dc3ce2f2bb@group-7BC91E35481A: set firstElectionSinceStartup to false for REJECTED
2023-12-26 17:42:40,721 [12bf515f-ba3e-42f8-ba13-af4a8bda6fda@group-7BC91E35481A-FollowerState] INFO  server.RaftServerConfigKeys (ConfUtils.java:logFallback(53)) - raft.server.rpc.first-election.timeout.min = 5s (fallback to raft.server.rpc.timeout.min)
2023-12-26 17:42:40,722 [12bf515f-ba3e-42f8-ba13-af4a8bda6fda@group-7BC91E35481A-FollowerState] INFO  server.RaftServerConfigKeys (ConfUtils.java:logFallback(53)) - raft.server.rpc.first-election.timeout.max = 5200ms (fallback to raft.server.rpc.timeout.max)
2023-12-26 17:42:40,726 [559a6ab5-825d-4c14-b258-477429313dde@group-7BC91E35481A-FollowerState] INFO  impl.FollowerState (FollowerState.java:run(143)) - 559a6ab5-825d-4c14-b258-477429313dde@group-7BC91E35481A-FollowerState: change to CANDIDATE, lastRpcElapsedTime:5135847047ns, electionTimeout:5127ms
2023-12-26 17:42:40,726 [559a6ab5-825d-4c14-b258-477429313dde@group-7BC91E35481A-FollowerState] INFO  impl.RoleInfo (RoleInfo.java:shutdownFollowerState(110)) - 559a6ab5-825d-4c14-b258-477429313dde: shutdown 559a6ab5-825d-4c14-b258-477429313dde@group-7BC91E35481A-FollowerState
2023-12-26 17:42:40,726 [559a6ab5-825d-4c14-b258-477429313dde@group-7BC91E35481A-FollowerState] INFO  server.RaftServer$Division (RaftServerImpl.java:setRole(379)) - 559a6ab5-825d-4c14-b258-477429313dde@group-7BC91E35481A: changes role from  FOLLOWER to CANDIDATE at term 0 for changeToCandidate
2023-12-26 17:42:40,726 [559a6ab5-825d-4c14-b258-477429313dde@group-7BC91E35481A-FollowerState] INFO  server.RaftServerConfigKeys (ConfUtils.java:logGet(46)) - raft.server.leaderelection.pre-vote = true (default)
2023-12-26 17:42:40,726 [559a6ab5-825d-4c14-b258-477429313dde@group-7BC91E35481A-FollowerState] INFO  impl.RoleInfo (RoleInfo.java:updateAndGet(139)) - 559a6ab5-825d-4c14-b258-477429313dde: start 559a6ab5-825d-4c14-b258-477429313dde@group-7BC91E35481A-LeaderElection29
2023-12-26 17:42:40,727 [559a6ab5-825d-4c14-b258-477429313dde@group-7BC91E35481A-LeaderElection29] INFO  impl.LeaderElection (LeaderElection.java:askForVotes(323)) - 559a6ab5-825d-4c14-b258-477429313dde@group-7BC91E35481A-LeaderElection29 PRE_VOTE round 0: submit vote requests at term 0 for -1: peers:[44b0d7ae-65a5-40e5-9d42-50dc3ce2f2bb|10.1.0.4:15148, 12bf515f-ba3e-42f8-ba13-af4a8bda6fda|10.1.0.4:15139, 559a6ab5-825d-4c14-b258-477429313dde|10.1.0.4:15130]|listeners:[], old=null
2023-12-26 17:42:40,727 [559a6ab5-825d-4c14-b258-477429313dde@group-7BC91E35481A-LeaderElection29-1] INFO  server.GrpcServerProtocolClient (GrpcServerProtocolClient.java:<init>(65)) - Build channel for 44b0d7ae-65a5-40e5-9d42-50dc3ce2f2bb
2023-12-26 17:42:40,727 [559a6ab5-825d-4c14-b258-477429313dde@group-7BC91E35481A-LeaderElection29] INFO  server.RaftServerConfigKeys (ConfUtils.java:logFallback(53)) - raft.server.rpc.first-election.timeout.min = 5s (fallback to raft.server.rpc.timeout.min)
2023-12-26 17:42:40,727 [559a6ab5-825d-4c14-b258-477429313dde@group-7BC91E35481A-LeaderElection29] INFO  server.RaftServerConfigKeys (ConfUtils.java:logFallback(53)) - raft.server.rpc.first-election.timeout.max = 5200ms (fallback to raft.server.rpc.timeout.max)
2023-12-26 17:42:40,727 [559a6ab5-825d-4c14-b258-477429313dde@group-7BC91E35481A-LeaderElection29-2] INFO  server.GrpcServerProtocolClient (GrpcServerProtocolClient.java:<init>(65)) - Build channel for 12bf515f-ba3e-42f8-ba13-af4a8bda6fda
2023-12-26 17:42:40,729 [559a6ab5-825d-4c14-b258-477429313dde@group-4C7FF9CDD4D5-FollowerState] INFO  impl.FollowerState (FollowerState.java:run(143)) - 559a6ab5-825d-4c14-b258-477429313dde@group-4C7FF9CDD4D5-FollowerState: change to CANDIDATE, lastRpcElapsedTime:5157377212ns, electionTimeout:5152ms
2023-12-26 17:42:40,729 [559a6ab5-825d-4c14-b258-477429313dde@group-4C7FF9CDD4D5-FollowerState] INFO  impl.RoleInfo (RoleInfo.java:shutdownFollowerState(110)) - 559a6ab5-825d-4c14-b258-477429313dde: shutdown 559a6ab5-825d-4c14-b258-477429313dde@group-4C7FF9CDD4D5-FollowerState
2023-12-26 17:42:40,729 [559a6ab5-825d-4c14-b258-477429313dde@group-4C7FF9CDD4D5-FollowerState] INFO  server.RaftServer$Division (RaftServerImpl.java:setRole(379)) - 559a6ab5-825d-4c14-b258-477429313dde@group-4C7FF9CDD4D5: changes role from  FOLLOWER to CANDIDATE at term 0 for changeToCandidate
2023-12-26 17:42:40,729 [559a6ab5-825d-4c14-b258-477429313dde@group-4C7FF9CDD4D5-FollowerState] INFO  server.RaftServerConfigKeys (ConfUtils.java:logGet(46)) - raft.server.leaderelection.pre-vote = true (default)
2023-12-26 17:42:40,730 [559a6ab5-825d-4c14-b258-477429313dde@group-4C7FF9CDD4D5-FollowerState] INFO  impl.RoleInfo (RoleInfo.java:updateAndGet(139)) - 559a6ab5-825d-4c14-b258-477429313dde: start 559a6ab5-825d-4c14-b258-477429313dde@group-4C7FF9CDD4D5-LeaderElection30
2023-12-26 17:42:40,733 [grpc-default-executor-4] INFO  server.RaftServer$Division (RaftServerImpl.java:requestVote(1377)) - 12bf515f-ba3e-42f8-ba13-af4a8bda6fda@group-7BC91E35481A: receive requestVote(PRE_VOTE, 559a6ab5-825d-4c14-b258-477429313dde, group-7BC91E35481A, 0, (t:0, i:0))
2023-12-26 17:42:40,733 [grpc-default-executor-3] INFO  server.RaftServer$Division (RaftServerImpl.java:requestVote(1377)) - 44b0d7ae-65a5-40e5-9d42-50dc3ce2f2bb@group-7BC91E35481A: receive requestVote(PRE_VOTE, 559a6ab5-825d-4c14-b258-477429313dde, group-7BC91E35481A, 0, (t:0, i:0))
2023-12-26 17:42:40,733 [grpc-default-executor-3] INFO  impl.VoteContext (VoteContext.java:log(49)) - 44b0d7ae-65a5-40e5-9d42-50dc3ce2f2bb@group-7BC91E35481A-FOLLOWER: accept PRE_VOTE from 559a6ab5-825d-4c14-b258-477429313dde: our priority 0 <= candidate's priority 1
2023-12-26 17:42:40,734 [grpc-default-executor-3] INFO  server.RaftServer$Division (RaftServerImpl.java:requestVote(1410)) - 44b0d7ae-65a5-40e5-9d42-50dc3ce2f2bb@group-7BC91E35481A replies to PRE_VOTE vote request: 559a6ab5-825d-4c14-b258-477429313dde<-44b0d7ae-65a5-40e5-9d42-50dc3ce2f2bb#0:OK-t0. Peer's state: 44b0d7ae-65a5-40e5-9d42-50dc3ce2f2bb@group-7BC91E35481A:t0, leader=null, voted=, raftlog=Memoized:44b0d7ae-65a5-40e5-9d42-50dc3ce2f2bb@group-7BC91E35481A-SegmentedRaftLog:OPENED:c-1, conf=-1: peers:[44b0d7ae-65a5-40e5-9d42-50dc3ce2f2bb|10.1.0.4:15148, 12bf515f-ba3e-42f8-ba13-af4a8bda6fda|10.1.0.4:15139, 559a6ab5-825d-4c14-b258-477429313dde|10.1.0.4:15130]|listeners:[], old=null
2023-12-26 17:42:40,733 [grpc-default-executor-4] INFO  impl.VoteContext (VoteContext.java:log(49)) - 12bf515f-ba3e-42f8-ba13-af4a8bda6fda@group-7BC91E35481A-FOLLOWER: accept PRE_VOTE from 559a6ab5-825d-4c14-b258-477429313dde: our priority 0 <= candidate's priority 1
2023-12-26 17:42:40,734 [grpc-default-executor-4] INFO  server.RaftServer$Division (RaftServerImpl.java:requestVote(1410)) - 12bf515f-ba3e-42f8-ba13-af4a8bda6fda@group-7BC91E35481A replies to PRE_VOTE vote request: 559a6ab5-825d-4c14-b258-477429313dde<-12bf515f-ba3e-42f8-ba13-af4a8bda6fda#0:OK-t0. Peer's state: 12bf515f-ba3e-42f8-ba13-af4a8bda6fda@group-7BC91E35481A:t0, leader=null, voted=, raftlog=Memoized:12bf515f-ba3e-42f8-ba13-af4a8bda6fda@group-7BC91E35481A-SegmentedRaftLog:OPENED:c-1, conf=-1: peers:[44b0d7ae-65a5-40e5-9d42-50dc3ce2f2bb|10.1.0.4:15148, 12bf515f-ba3e-42f8-ba13-af4a8bda6fda|10.1.0.4:15139, 559a6ab5-825d-4c14-b258-477429313dde|10.1.0.4:15130]|listeners:[], old=null
2023-12-26 17:42:40,736 [559a6ab5-825d-4c14-b258-477429313dde@group-7BC91E35481A-LeaderElection29] INFO  impl.LeaderElection (LeaderElection.java:logAndReturn(89)) - 559a6ab5-825d-4c14-b258-477429313dde@group-7BC91E35481A-LeaderElection29: PRE_VOTE PASSED received 1 response(s) and 0 exception(s):
2023-12-26 17:42:40,736 [559a6ab5-825d-4c14-b258-477429313dde@group-7BC91E35481A-LeaderElection29] INFO  impl.LeaderElection (LeaderElection.java:logAndReturn(93)) -   Response 0: 559a6ab5-825d-4c14-b258-477429313dde<-12bf515f-ba3e-42f8-ba13-af4a8bda6fda#0:OK-t0
2023-12-26 17:42:40,736 [559a6ab5-825d-4c14-b258-477429313dde@group-7BC91E35481A-LeaderElection29] INFO  impl.LeaderElection (LeaderElection.java:askForVotes(325)) - 559a6ab5-825d-4c14-b258-477429313dde@group-7BC91E35481A-LeaderElection29 PRE_VOTE round 0: result PASSED
2023-12-26 17:42:40,736 [559a6ab5-825d-4c14-b258-477429313dde@group-4C7FF9CDD4D5-LeaderElection30] INFO  impl.LeaderElection (LeaderElection.java:askForVotes(323)) - 559a6ab5-825d-4c14-b258-477429313dde@group-4C7FF9CDD4D5-LeaderElection30 PRE_VOTE round 0: submit vote requests at term 0 for -1: peers:[559a6ab5-825d-4c14-b258-477429313dde|10.1.0.4:15130]|listeners:[], old=null
2023-12-26 17:42:40,736 [559a6ab5-825d-4c14-b258-477429313dde@group-4C7FF9CDD4D5-LeaderElection30] INFO  impl.LeaderElection (LeaderElection.java:askForVotes(325)) - 559a6ab5-825d-4c14-b258-477429313dde@group-4C7FF9CDD4D5-LeaderElection30 PRE_VOTE round 0: result PASSED (term=0)
2023-12-26 17:42:40,737 [559a6ab5-825d-4c14-b258-477429313dde@group-7BC91E35481A-LeaderElection29] INFO  impl.LeaderElection (LeaderElection.java:askForVotes(323)) - 559a6ab5-825d-4c14-b258-477429313dde@group-7BC91E35481A-LeaderElection29 ELECTION round 0: submit vote requests at term 1 for -1: peers:[44b0d7ae-65a5-40e5-9d42-50dc3ce2f2bb|10.1.0.4:15148, 12bf515f-ba3e-42f8-ba13-af4a8bda6fda|10.1.0.4:15139, 559a6ab5-825d-4c14-b258-477429313dde|10.1.0.4:15130]|listeners:[], old=null
2023-12-26 17:42:40,738 [559a6ab5-825d-4c14-b258-477429313dde@group-4C7FF9CDD4D5-LeaderElection30] INFO  impl.LeaderElection (LeaderElection.java:askForVotes(323)) - 559a6ab5-825d-4c14-b258-477429313dde@group-4C7FF9CDD4D5-LeaderElection30 ELECTION round 0: submit vote requests at term 1 for -1: peers:[559a6ab5-825d-4c14-b258-477429313dde|10.1.0.4:15130]|listeners:[], old=null
2023-12-26 17:42:40,738 [559a6ab5-825d-4c14-b258-477429313dde@group-4C7FF9CDD4D5-LeaderElection30] INFO  impl.LeaderElection (LeaderElection.java:askForVotes(325)) - 559a6ab5-825d-4c14-b258-477429313dde@group-4C7FF9CDD4D5-LeaderElection30 ELECTION round 0: result PASSED (term=1)
2023-12-26 17:42:40,738 [559a6ab5-825d-4c14-b258-477429313dde@group-4C7FF9CDD4D5-LeaderElection30] INFO  impl.RoleInfo (RoleInfo.java:shutdownLeaderElection(130)) - 559a6ab5-825d-4c14-b258-477429313dde: shutdown 559a6ab5-825d-4c14-b258-477429313dde@group-4C7FF9CDD4D5-LeaderElection30
2023-12-26 17:42:40,738 [559a6ab5-825d-4c14-b258-477429313dde@group-4C7FF9CDD4D5-LeaderElection30] INFO  server.RaftServer$Division (RaftServerImpl.java:setRole(379)) - 559a6ab5-825d-4c14-b258-477429313dde@group-4C7FF9CDD4D5: changes role from CANDIDATE to LEADER at term 1 for changeToLeader
2023-12-26 17:42:40,738 [559a6ab5-825d-4c14-b258-477429313dde@group-4C7FF9CDD4D5-LeaderElection30] INFO  server.RaftServerConfigKeys (ConfUtils.java:logGet(46)) - raft.server.staging.catchup.gap = 1000 (default)
2023-12-26 17:42:40,739 [559a6ab5-825d-4c14-b258-477429313dde@group-7BC91E35481A-LeaderElection29] INFO  server.RaftServerConfigKeys (ConfUtils.java:logFallback(53)) - raft.server.rpc.first-election.timeout.min = 5s (fallback to raft.server.rpc.timeout.min)
2023-12-26 17:42:40,739 [559a6ab5-825d-4c14-b258-477429313dde@group-7BC91E35481A-LeaderElection29] INFO  server.RaftServerConfigKeys (ConfUtils.java:logFallback(53)) - raft.server.rpc.first-election.timeout.max = 5200ms (fallback to raft.server.rpc.timeout.max)
2023-12-26 17:42:40,739 [559a6ab5-825d-4c14-b258-477429313dde@group-4C7FF9CDD4D5-LeaderElection30] INFO  server.RaftServerConfigKeys (ConfUtils.java:logGet(46)) - raft.server.write.element-limit = 1024 (custom)
2023-12-26 17:42:40,740 [grpc-default-executor-3] INFO  server.RaftServer$Division (RaftServerImpl.java:requestVote(1377)) - 44b0d7ae-65a5-40e5-9d42-50dc3ce2f2bb@group-7BC91E35481A: receive requestVote(ELECTION, 559a6ab5-825d-4c14-b258-477429313dde, group-7BC91E35481A, 1, (t:0, i:0))
2023-12-26 17:42:40,740 [grpc-default-executor-3] INFO  impl.VoteContext (VoteContext.java:log(49)) - 44b0d7ae-65a5-40e5-9d42-50dc3ce2f2bb@group-7BC91E35481A-FOLLOWER: accept ELECTION from 559a6ab5-825d-4c14-b258-477429313dde: our priority 0 <= candidate's priority 1
2023-12-26 17:42:40,740 [grpc-default-executor-3] INFO  server.RaftServer$Division (RaftServerImpl.java:setRole(379)) - 44b0d7ae-65a5-40e5-9d42-50dc3ce2f2bb@group-7BC91E35481A: changes role from  FOLLOWER to FOLLOWER at term 1 for candidate:559a6ab5-825d-4c14-b258-477429313dde
2023-12-26 17:42:40,740 [grpc-default-executor-3] INFO  impl.RoleInfo (RoleInfo.java:shutdownFollowerState(110)) - 44b0d7ae-65a5-40e5-9d42-50dc3ce2f2bb: shutdown 44b0d7ae-65a5-40e5-9d42-50dc3ce2f2bb@group-7BC91E35481A-FollowerState
2023-12-26 17:42:40,740 [grpc-default-executor-3] INFO  impl.RoleInfo (RoleInfo.java:updateAndGet(139)) - 44b0d7ae-65a5-40e5-9d42-50dc3ce2f2bb: start 44b0d7ae-65a5-40e5-9d42-50dc3ce2f2bb@group-7BC91E35481A-FollowerState
2023-12-26 17:42:40,740 [44b0d7ae-65a5-40e5-9d42-50dc3ce2f2bb@group-7BC91E35481A-FollowerState] INFO  impl.FollowerState (FollowerState.java:run(152)) - 44b0d7ae-65a5-40e5-9d42-50dc3ce2f2bb@group-7BC91E35481A-FollowerState was interrupted
2023-12-26 17:42:40,740 [grpc-default-executor-4] INFO  server.RaftServer$Division (RaftServerImpl.java:requestVote(1377)) - 12bf515f-ba3e-42f8-ba13-af4a8bda6fda@group-7BC91E35481A: receive requestVote(ELECTION, 559a6ab5-825d-4c14-b258-477429313dde, group-7BC91E35481A, 1, (t:0, i:0))
2023-12-26 17:42:40,741 [grpc-default-executor-4] INFO  impl.VoteContext (VoteContext.java:log(49)) - 12bf515f-ba3e-42f8-ba13-af4a8bda6fda@group-7BC91E35481A-FOLLOWER: accept ELECTION from 559a6ab5-825d-4c14-b258-477429313dde: our priority 0 <= candidate's priority 1
2023-12-26 17:42:40,741 [grpc-default-executor-4] INFO  server.RaftServer$Division (RaftServerImpl.java:setRole(379)) - 12bf515f-ba3e-42f8-ba13-af4a8bda6fda@group-7BC91E35481A: changes role from  FOLLOWER to FOLLOWER at term 1 for candidate:559a6ab5-825d-4c14-b258-477429313dde
2023-12-26 17:42:40,741 [grpc-default-executor-4] INFO  impl.RoleInfo (RoleInfo.java:shutdownFollowerState(110)) - 12bf515f-ba3e-42f8-ba13-af4a8bda6fda: shutdown 12bf515f-ba3e-42f8-ba13-af4a8bda6fda@group-7BC91E35481A-FollowerState
2023-12-26 17:42:40,741 [grpc-default-executor-4] INFO  impl.RoleInfo (RoleInfo.java:updateAndGet(139)) - 12bf515f-ba3e-42f8-ba13-af4a8bda6fda: start 12bf515f-ba3e-42f8-ba13-af4a8bda6fda@group-7BC91E35481A-FollowerState
2023-12-26 17:42:40,741 [12bf515f-ba3e-42f8-ba13-af4a8bda6fda@group-7BC91E35481A-FollowerState] INFO  impl.FollowerState (FollowerState.java:run(152)) - 12bf515f-ba3e-42f8-ba13-af4a8bda6fda@group-7BC91E35481A-FollowerState was interrupted
2023-12-26 17:42:40,741 [grpc-default-executor-4] INFO  server.RaftServer$Division (RaftServerImpl.java:setFirstElection(564)) - 12bf515f-ba3e-42f8-ba13-af4a8bda6fda@group-7BC91E35481A: set firstElectionSinceStartup to false for candidate:559a6ab5-825d-4c14-b258-477429313dde
2023-12-26 17:42:40,740 [559a6ab5-825d-4c14-b258-477429313dde@group-4C7FF9CDD4D5-LeaderElection30] INFO  server.RaftServerConfigKeys (ConfUtils.java:logGet(46)) - raft.server.write.byte-limit = 1024 M (=1073741824) (custom)
2023-12-26 17:42:40,748 [grpc-default-executor-3] INFO  server.RaftServer$Division (RaftServerImpl.java:requestVote(1410)) - 44b0d7ae-65a5-40e5-9d42-50dc3ce2f2bb@group-7BC91E35481A replies to ELECTION vote request: 559a6ab5-825d-4c14-b258-477429313dde<-44b0d7ae-65a5-40e5-9d42-50dc3ce2f2bb#0:OK-t1. Peer's state: 44b0d7ae-65a5-40e5-9d42-50dc3ce2f2bb@group-7BC91E35481A:t1, leader=null, voted=559a6ab5-825d-4c14-b258-477429313dde, raftlog=Memoized:44b0d7ae-65a5-40e5-9d42-50dc3ce2f2bb@group-7BC91E35481A-SegmentedRaftLog:OPENED:c-1, conf=-1: peers:[44b0d7ae-65a5-40e5-9d42-50dc3ce2f2bb|10.1.0.4:15148, 12bf515f-ba3e-42f8-ba13-af4a8bda6fda|10.1.0.4:15139, 559a6ab5-825d-4c14-b258-477429313dde|10.1.0.4:15130]|listeners:[], old=null
2023-12-26 17:42:40,748 [559a6ab5-825d-4c14-b258-477429313dde@group-4C7FF9CDD4D5-LeaderElection30] INFO  server.RaftServerConfigKeys (ConfUtils.java:logGet(46)) - raft.server.watch.timeout = 3000ms (custom)
2023-12-26 17:42:40,748 [559a6ab5-825d-4c14-b258-477429313dde@group-4C7FF9CDD4D5-LeaderElection30] INFO  server.RaftServerConfigKeys (ConfUtils.java:logGet(46)) - raft.server.watch.timeout.denomination = 1s (default)
2023-12-26 17:42:40,748 [559a6ab5-825d-4c14-b258-477429313dde@group-4C7FF9CDD4D5-LeaderElection30] INFO  server.RaftServerConfigKeys (ConfUtils.java:logGet(46)) - raft.server.watch.element-limit = 65536 (default)
2023-12-26 17:42:40,748 [559a6ab5-825d-4c14-b258-477429313dde@group-4C7FF9CDD4D5-LeaderElection30] INFO  server.RaftServerConfigKeys (ConfUtils.java:logGet(46)) - raft.server.read.leader.lease.enabled = false (default)
2023-12-26 17:42:40,748 [559a6ab5-825d-4c14-b258-477429313dde@group-4C7FF9CDD4D5-LeaderElection30] INFO  server.RaftServerConfigKeys (ConfUtils.java:logGet(46)) - raft.server.read.leader.lease.timeout.ratio = 0.9 (default)
2023-12-26 17:42:40,748 [559a6ab5-825d-4c14-b258-477429313dde@group-4C7FF9CDD4D5-LeaderElection30] INFO  server.RaftServerConfigKeys (ConfUtils.java:logGet(46)) - raft.server.rpc.timeout.min = 5s (custom)
2023-12-26 17:42:40,748 [559a6ab5-825d-4c14-b258-477429313dde@group-4C7FF9CDD4D5-LeaderElection30] INFO  server.RaftServerConfigKeys (ConfUtils.java:logGet(46)) - raft.server.write.element-limit = 1024 (custom)
2023-12-26 17:42:40,748 [559a6ab5-825d-4c14-b258-477429313dde@group-4C7FF9CDD4D5-LeaderElection30] INFO  server.RaftServerConfigKeys (ConfUtils.java:logGet(46)) - raft.server.write.follower.gap.ratio.max = -1.0 (default)
2023-12-26 17:42:40,748 [559a6ab5-825d-4c14-b258-477429313dde@group-4C7FF9CDD4D5-LeaderElection30] INFO  impl.RoleInfo (RoleInfo.java:updateAndGet(139)) - 559a6ab5-825d-4c14-b258-477429313dde: start 559a6ab5-825d-4c14-b258-477429313dde@group-4C7FF9CDD4D5-LeaderStateImpl
2023-12-26 17:42:40,748 [559a6ab5-825d-4c14-b258-477429313dde@group-4C7FF9CDD4D5-LeaderElection30] INFO  server.RaftServer$Division (RaftServerImpl.java:setFirstElection(564)) - 559a6ab5-825d-4c14-b258-477429313dde@group-4C7FF9CDD4D5: set firstElectionSinceStartup to false for becomeLeader
2023-12-26 17:42:40,748 [559a6ab5-825d-4c14-b258-477429313dde@group-4C7FF9CDD4D5-LeaderElection30] INFO  ratis.XceiverServerRatis (XceiverServerRatis.java:handleLeaderChangedNotification(935)) - Leader change notification received for group: group-4C7FF9CDD4D5 with new leaderId: 559a6ab5-825d-4c14-b258-477429313dde
2023-12-26 17:42:40,749 [559a6ab5-825d-4c14-b258-477429313dde@group-4C7FF9CDD4D5-LeaderElection30] INFO  server.RaftServer$Division (ServerState.java:setLeader(265)) - 559a6ab5-825d-4c14-b258-477429313dde@group-4C7FF9CDD4D5: change Leader from null to 559a6ab5-825d-4c14-b258-477429313dde at term 1 for becomeLeader, leader elected after 5188ms
2023-12-26 17:42:40,749 [559a6ab5-825d-4c14-b258-477429313dde@group-7BC91E35481A-LeaderElection29] INFO  impl.LeaderElection (LeaderElection.java:logAndReturn(89)) - 559a6ab5-825d-4c14-b258-477429313dde@group-7BC91E35481A-LeaderElection29: ELECTION PASSED received 1 response(s) and 0 exception(s):
2023-12-26 17:42:40,749 [559a6ab5-825d-4c14-b258-477429313dde@group-7BC91E35481A-LeaderElection29] INFO  impl.LeaderElection (LeaderElection.java:logAndReturn(93)) -   Response 0: 559a6ab5-825d-4c14-b258-477429313dde<-44b0d7ae-65a5-40e5-9d42-50dc3ce2f2bb#0:OK-t1
2023-12-26 17:42:40,749 [559a6ab5-825d-4c14-b258-477429313dde@group-4C7FF9CDD4D5-LeaderElection30] INFO  segmented.SegmentedRaftLogWorker (SegmentedRaftLogWorker.java:startLogSegment(428)) - 559a6ab5-825d-4c14-b258-477429313dde@group-4C7FF9CDD4D5-SegmentedRaftLogWorker: Starting segment from index:0
2023-12-26 17:42:40,749 [559a6ab5-825d-4c14-b258-477429313dde@group-7BC91E35481A-LeaderElection29] INFO  impl.LeaderElection (LeaderElection.java:askForVotes(325)) - 559a6ab5-825d-4c14-b258-477429313dde@group-7BC91E35481A-LeaderElection29 ELECTION round 0: result PASSED
2023-12-26 17:42:40,749 [559a6ab5-825d-4c14-b258-477429313dde@group-7BC91E35481A-LeaderElection29] INFO  impl.RoleInfo (RoleInfo.java:shutdownLeaderElection(130)) - 559a6ab5-825d-4c14-b258-477429313dde: shutdown 559a6ab5-825d-4c14-b258-477429313dde@group-7BC91E35481A-LeaderElection29
2023-12-26 17:42:40,749 [559a6ab5-825d-4c14-b258-477429313dde@group-7BC91E35481A-LeaderElection29] INFO  server.RaftServer$Division (RaftServerImpl.java:setRole(379)) - 559a6ab5-825d-4c14-b258-477429313dde@group-7BC91E35481A: changes role from CANDIDATE to LEADER at term 1 for changeToLeader
2023-12-26 17:42:40,749 [559a6ab5-825d-4c14-b258-477429313dde@group-7BC91E35481A-LeaderElection29] INFO  server.RaftServerConfigKeys (ConfUtils.java:logGet(46)) - raft.server.staging.catchup.gap = 1000 (default)
2023-12-26 17:42:40,750 [559a6ab5-825d-4c14-b258-477429313dde@group-7BC91E35481A-LeaderElection29] INFO  server.RaftServerConfigKeys (ConfUtils.java:logGet(46)) - raft.server.write.element-limit = 1024 (custom)
2023-12-26 17:42:40,750 [grpc-default-executor-4] INFO  server.RaftServer$Division (RaftServerImpl.java:requestVote(1410)) - 12bf515f-ba3e-42f8-ba13-af4a8bda6fda@group-7BC91E35481A replies to ELECTION vote request: 559a6ab5-825d-4c14-b258-477429313dde<-12bf515f-ba3e-42f8-ba13-af4a8bda6fda#0:OK-t1. Peer's state: 12bf515f-ba3e-42f8-ba13-af4a8bda6fda@group-7BC91E35481A:t1, leader=null, voted=559a6ab5-825d-4c14-b258-477429313dde, raftlog=Memoized:12bf515f-ba3e-42f8-ba13-af4a8bda6fda@group-7BC91E35481A-SegmentedRaftLog:OPENED:c-1, conf=-1: peers:[44b0d7ae-65a5-40e5-9d42-50dc3ce2f2bb|10.1.0.4:15148, 12bf515f-ba3e-42f8-ba13-af4a8bda6fda|10.1.0.4:15139, 559a6ab5-825d-4c14-b258-477429313dde|10.1.0.4:15130]|listeners:[], old=null
2023-12-26 17:42:40,750 [559a6ab5-825d-4c14-b258-477429313dde@group-7BC91E35481A-LeaderElection29] INFO  server.RaftServerConfigKeys (ConfUtils.java:logGet(46)) - raft.server.write.byte-limit = 1024 M (=1073741824) (custom)
2023-12-26 17:42:40,751 [559a6ab5-825d-4c14-b258-477429313dde@group-7BC91E35481A-LeaderElection29] INFO  server.RaftServerConfigKeys (ConfUtils.java:logGet(46)) - raft.server.watch.timeout = 3000ms (custom)
2023-12-26 17:42:40,751 [559a6ab5-825d-4c14-b258-477429313dde@group-7BC91E35481A-LeaderElection29] INFO  server.RaftServerConfigKeys (ConfUtils.java:logGet(46)) - raft.server.watch.timeout.denomination = 1s (default)
2023-12-26 17:42:40,751 [559a6ab5-825d-4c14-b258-477429313dde@group-7BC91E35481A-LeaderElection29] INFO  server.RaftServerConfigKeys (ConfUtils.java:logGet(46)) - raft.server.watch.element-limit = 65536 (default)
2023-12-26 17:42:40,751 [559a6ab5-825d-4c14-b258-477429313dde@group-7BC91E35481A-LeaderElection29] INFO  server.RaftServerConfigKeys (ConfUtils.java:logGet(46)) - raft.server.read.leader.lease.enabled = false (default)
2023-12-26 17:42:40,751 [559a6ab5-825d-4c14-b258-477429313dde@group-7BC91E35481A-LeaderElection29] INFO  server.RaftServerConfigKeys (ConfUtils.java:logGet(46)) - raft.server.read.leader.lease.timeout.ratio = 0.9 (default)
2023-12-26 17:42:40,751 [559a6ab5-825d-4c14-b258-477429313dde@group-7BC91E35481A-LeaderElection29] INFO  server.RaftServerConfigKeys (ConfUtils.java:logGet(46)) - raft.server.rpc.timeout.min = 5s (custom)
2023-12-26 17:42:40,751 [559a6ab5-825d-4c14-b258-477429313dde@group-7BC91E35481A-LeaderElection29] INFO  server.RaftServerConfigKeys (ConfUtils.java:logGet(46)) - raft.server.write.element-limit = 1024 (custom)
2023-12-26 17:42:40,751 [559a6ab5-825d-4c14-b258-477429313dde@group-7BC91E35481A-LeaderElection29] INFO  server.RaftServerConfigKeys (ConfUtils.java:logGet(46)) - raft.server.write.follower.gap.ratio.max = -1.0 (default)
2023-12-26 17:42:40,752 [559a6ab5-825d-4c14-b258-477429313dde@group-7BC91E35481A-LeaderElection29] INFO  server.RaftServerConfigKeys (ConfUtils.java:logGet(46)) - raft.server.log.appender.snapshot.chunk.size.max = 16MB (=16777216) (default)
2023-12-26 17:42:40,752 [559a6ab5-825d-4c14-b258-477429313dde@group-7BC91E35481A-LeaderElection29] INFO  server.RaftServerConfigKeys (ConfUtils.java:logGet(46)) - raft.server.log.appender.buffer.byte-limit = 8388608 (custom)
2023-12-26 17:42:40,752 [559a6ab5-825d-4c14-b258-477429313dde@group-7BC91E35481A-LeaderElection29] INFO  server.RaftServerConfigKeys (ConfUtils.java:logGet(46)) - raft.server.log.appender.buffer.element-limit = 1 (custom)
2023-12-26 17:42:40,752 [559a6ab5-825d-4c14-b258-477429313dde@group-7BC91E35481A-LeaderElection29] INFO  server.RaftServerConfigKeys (ConfUtils.java:logGet(46)) - raft.server.log.appender.wait-time.min = 0ms (custom)
2023-12-26 17:42:40,752 [559a6ab5-825d-4c14-b258-477429313dde@group-7BC91E35481A-LeaderElection29] INFO  grpc.GrpcConfigKeys (ConfUtils.java:logGet(46)) - raft.grpc.server.leader.outstanding.appends.max = 8 (default)
2023-12-26 17:42:40,752 [559a6ab5-825d-4c14-b258-477429313dde@group-7BC91E35481A-LeaderElection29] INFO  server.RaftServerConfigKeys (ConfUtils.java:logGet(46)) - raft.server.rpc.request.timeout = 3000ms (default)
2023-12-26 17:42:40,752 [559a6ab5-825d-4c14-b258-477429313dde@group-7BC91E35481A-LeaderElection29] INFO  grpc.GrpcConfigKeys (ConfUtils.java:logGet(46)) - raft.grpc.server.install_snapshot.request.element-limit = 8 (default)
2023-12-26 17:42:40,752 [559a6ab5-825d-4c14-b258-477429313dde@group-7BC91E35481A-LeaderElection29] INFO  grpc.GrpcConfigKeys (ConfUtils.java:logGet(46)) - raft.grpc.server.install_snapshot.request.timeout = 3000ms (default)
2023-12-26 17:42:40,752 [559a6ab5-825d-4c14-b258-477429313dde@group-7BC91E35481A-LeaderElection29] INFO  server.RaftServerConfigKeys (ConfUtils.java:logGet(46)) - raft.server.log.appender.install.snapshot.enabled = false (custom)
2023-12-26 17:42:40,752 [559a6ab5-825d-4c14-b258-477429313dde@group-7BC91E35481A-LeaderElection29] INFO  grpc.GrpcConfigKeys (ConfUtils.java:logGet(46)) - raft.grpc.server.heartbeat.channel = true (default)
2023-12-26 17:42:40,753 [559a6ab5-825d-4c14-b258-477429313dde@group-7BC91E35481A-LeaderElection29] INFO  server.RaftServerConfigKeys (ConfUtils.java:logGet(46)) - raft.server.log.appender.snapshot.chunk.size.max = 16MB (=16777216) (default)
2023-12-26 17:42:40,754 [559a6ab5-825d-4c14-b258-477429313dde@group-7BC91E35481A-LeaderElection29] INFO  server.RaftServerConfigKeys (ConfUtils.java:logGet(46)) - raft.server.log.appender.buffer.byte-limit = 8388608 (custom)
2023-12-26 17:42:40,754 [559a6ab5-825d-4c14-b258-477429313dde@group-7BC91E35481A-LeaderElection29] INFO  server.RaftServerConfigKeys (ConfUtils.java:logGet(46)) - raft.server.log.appender.buffer.element-limit = 1 (custom)
2023-12-26 17:42:40,754 [559a6ab5-825d-4c14-b258-477429313dde@group-7BC91E35481A-LeaderElection29] INFO  server.RaftServerConfigKeys (ConfUtils.java:logGet(46)) - raft.server.log.appender.wait-time.min = 0ms (custom)
2023-12-26 17:42:40,754 [559a6ab5-825d-4c14-b258-477429313dde@group-7BC91E35481A-LeaderElection29] INFO  grpc.GrpcConfigKeys (ConfUtils.java:logGet(46)) - raft.grpc.server.leader.outstanding.appends.max = 8 (default)
2023-12-26 17:42:40,754 [559a6ab5-825d-4c14-b258-477429313dde@group-7BC91E35481A-LeaderElection29] INFO  server.RaftServerConfigKeys (ConfUtils.java:logGet(46)) - raft.server.rpc.request.timeout = 3000ms (default)
2023-12-26 17:42:40,754 [559a6ab5-825d-4c14-b258-477429313dde@group-7BC91E35481A-LeaderElection29] INFO  grpc.GrpcConfigKeys (ConfUtils.java:logGet(46)) - raft.grpc.server.install_snapshot.request.element-limit = 8 (default)
2023-12-26 17:42:40,754 [559a6ab5-825d-4c14-b258-477429313dde@group-7BC91E35481A-LeaderElection29] INFO  grpc.GrpcConfigKeys (ConfUtils.java:logGet(46)) - raft.grpc.server.install_snapshot.request.timeout = 3000ms (default)
2023-12-26 17:42:40,754 [559a6ab5-825d-4c14-b258-477429313dde@group-7BC91E35481A-LeaderElection29] INFO  server.RaftServerConfigKeys (ConfUtils.java:logGet(46)) - raft.server.log.appender.install.snapshot.enabled = false (custom)
2023-12-26 17:42:40,754 [559a6ab5-825d-4c14-b258-477429313dde@group-7BC91E35481A-LeaderElection29] INFO  grpc.GrpcConfigKeys (ConfUtils.java:logGet(46)) - raft.grpc.server.heartbeat.channel = true (default)
2023-12-26 17:42:40,754 [559a6ab5-825d-4c14-b258-477429313dde@group-7BC91E35481A-LeaderElection29] INFO  impl.RoleInfo (RoleInfo.java:updateAndGet(139)) - 559a6ab5-825d-4c14-b258-477429313dde: start 559a6ab5-825d-4c14-b258-477429313dde@group-7BC91E35481A-LeaderStateImpl
2023-12-26 17:42:40,754 [559a6ab5-825d-4c14-b258-477429313dde@group-7BC91E35481A-LeaderElection29] INFO  server.RaftServer$Division (RaftServerImpl.java:setFirstElection(564)) - 559a6ab5-825d-4c14-b258-477429313dde@group-7BC91E35481A: set firstElectionSinceStartup to false for becomeLeader
2023-12-26 17:42:40,754 [559a6ab5-825d-4c14-b258-477429313dde@group-7BC91E35481A-LeaderElection29] INFO  ratis.XceiverServerRatis (XceiverServerRatis.java:handleLeaderChangedNotification(935)) - Leader change notification received for group: group-7BC91E35481A with new leaderId: 559a6ab5-825d-4c14-b258-477429313dde
2023-12-26 17:42:40,754 [559a6ab5-825d-4c14-b258-477429313dde@group-7BC91E35481A-LeaderElection29] INFO  server.RaftServer$Division (ServerState.java:setLeader(265)) - 559a6ab5-825d-4c14-b258-477429313dde@group-7BC91E35481A: change Leader from null to 559a6ab5-825d-4c14-b258-477429313dde at term 1 for becomeLeader, leader elected after 5176ms
2023-12-26 17:42:40,756 [559a6ab5-825d-4c14-b258-477429313dde@group-4C7FF9CDD4D5-LeaderElection30] INFO  server.RaftServer$Division (ServerState.java:setRaftConf(382)) - 559a6ab5-825d-4c14-b258-477429313dde@group-4C7FF9CDD4D5: set configuration 0: peers:[559a6ab5-825d-4c14-b258-477429313dde|10.1.0.4:15130]|listeners:[], old=null
2023-12-26 17:42:40,757 [559a6ab5-825d-4c14-b258-477429313dde@group-7BC91E35481A-LeaderElection29] INFO  segmented.SegmentedRaftLogWorker (SegmentedRaftLogWorker.java:startLogSegment(428)) - 559a6ab5-825d-4c14-b258-477429313dde@group-7BC91E35481A-SegmentedRaftLogWorker: Starting segment from index:0
2023-12-26 17:42:40,759 [EventQueue-PipelineReportForPipelineReportHandler] INFO  pipeline.PipelineReportHandler (PipelineReportHandler.java:processPipelineReport(136)) - Opened pipeline PipelineID=bf94fe18-add2-4dcd-b198-7bc91e35481a
2023-12-26 17:42:40,761 [559a6ab5-825d-4c14-b258-477429313dde@group-7BC91E35481A-LeaderElection29] INFO  server.RaftServer$Division (ServerState.java:setRaftConf(382)) - 559a6ab5-825d-4c14-b258-477429313dde@group-7BC91E35481A: set configuration 0: peers:[44b0d7ae-65a5-40e5-9d42-50dc3ce2f2bb|10.1.0.4:15148, 12bf515f-ba3e-42f8-ba13-af4a8bda6fda|10.1.0.4:15139, 559a6ab5-825d-4c14-b258-477429313dde|10.1.0.4:15130]|listeners:[], old=null
2023-12-26 17:42:40,761 [559a6ab5-825d-4c14-b258-477429313dde@group-4C7FF9CDD4D5-SegmentedRaftLogWorker] INFO  segmented.SegmentedRaftLogWorker (SegmentedRaftLogWorker.java:execute(632)) - 559a6ab5-825d-4c14-b258-477429313dde@group-4C7FF9CDD4D5-SegmentedRaftLogWorker: created new log segment /home/runner/work/ozone/ozone/hadoop-ozone/integration-test/target/test-dir/MiniOzoneClusterImpl-c07e4b46-e5c7-4260-9d08-acd32f4d7801/datanode-3/data/ratis/245fa121-e400-4c81-a58a-4c7ff9cdd4d5/current/log_inprogress_0
2023-12-26 17:42:40,765 [559a6ab5-825d-4c14-b258-477429313dde@group-7BC91E35481A-SegmentedRaftLogWorker] INFO  segmented.SegmentedRaftLogWorker (SegmentedRaftLogWorker.java:execute(632)) - 559a6ab5-825d-4c14-b258-477429313dde@group-7BC91E35481A-SegmentedRaftLogWorker: created new log segment /home/runner/work/ozone/ozone/hadoop-ozone/integration-test/target/test-dir/MiniOzoneClusterImpl-c07e4b46-e5c7-4260-9d08-acd32f4d7801/datanode-3/data/ratis/bf94fe18-add2-4dcd-b198-7bc91e35481a/current/log_inprogress_0
2023-12-26 17:42:40,770 [559a6ab5-825d-4c14-b258-477429313dde@group-4C7FF9CDD4D5-StateMachineUpdater] INFO  server.RaftServer$Division (LeaderStateImpl.java:isApplied(316)) - leader is ready since appliedIndex == 0 >= startIndex == 0
2023-12-26 17:42:40,785 [44b0d7ae-65a5-40e5-9d42-50dc3ce2f2bb-server-thread1] INFO  ratis.XceiverServerRatis (XceiverServerRatis.java:handleLeaderChangedNotification(935)) - Leader change notification received for group: group-7BC91E35481A with new leaderId: 559a6ab5-825d-4c14-b258-477429313dde
2023-12-26 17:42:40,785 [44b0d7ae-65a5-40e5-9d42-50dc3ce2f2bb-server-thread1] INFO  server.RaftServer$Division (ServerState.java:setLeader(265)) - 44b0d7ae-65a5-40e5-9d42-50dc3ce2f2bb@group-7BC91E35481A: change Leader from null to 559a6ab5-825d-4c14-b258-477429313dde at term 1 for appendEntries, leader elected after 5180ms
2023-12-26 17:42:40,786 [12bf515f-ba3e-42f8-ba13-af4a8bda6fda-server-thread2] INFO  ratis.XceiverServerRatis (XceiverServerRatis.java:handleLeaderChangedNotification(935)) - Leader change notification received for group: group-7BC91E35481A with new leaderId: 559a6ab5-825d-4c14-b258-477429313dde
2023-12-26 17:42:40,787 [12bf515f-ba3e-42f8-ba13-af4a8bda6fda-server-thread2] INFO  server.RaftServer$Division (ServerState.java:setLeader(265)) - 12bf515f-ba3e-42f8-ba13-af4a8bda6fda@group-7BC91E35481A: change Leader from null to 559a6ab5-825d-4c14-b258-477429313dde at term 1 for appendEntries, leader elected after 5155ms
2023-12-26 17:42:40,790 [44b0d7ae-65a5-40e5-9d42-50dc3ce2f2bb-server-thread2] INFO  server.RaftServer$Division (ServerState.java:setRaftConf(382)) - 44b0d7ae-65a5-40e5-9d42-50dc3ce2f2bb@group-7BC91E35481A: set configuration 0: peers:[44b0d7ae-65a5-40e5-9d42-50dc3ce2f2bb|10.1.0.4:15148, 12bf515f-ba3e-42f8-ba13-af4a8bda6fda|10.1.0.4:15139, 559a6ab5-825d-4c14-b258-477429313dde|10.1.0.4:15130]|listeners:[], old=null
2023-12-26 17:42:40,790 [44b0d7ae-65a5-40e5-9d42-50dc3ce2f2bb-server-thread2] INFO  segmented.SegmentedRaftLogWorker (SegmentedRaftLogWorker.java:startLogSegment(428)) - 44b0d7ae-65a5-40e5-9d42-50dc3ce2f2bb@group-7BC91E35481A-SegmentedRaftLogWorker: Starting segment from index:0
2023-12-26 17:42:40,792 [12bf515f-ba3e-42f8-ba13-af4a8bda6fda-server-thread2] INFO  server.RaftServer$Division (ServerState.java:setRaftConf(382)) - 12bf515f-ba3e-42f8-ba13-af4a8bda6fda@group-7BC91E35481A: set configuration 0: peers:[44b0d7ae-65a5-40e5-9d42-50dc3ce2f2bb|10.1.0.4:15148, 12bf515f-ba3e-42f8-ba13-af4a8bda6fda|10.1.0.4:15139, 559a6ab5-825d-4c14-b258-477429313dde|10.1.0.4:15130]|listeners:[], old=null
2023-12-26 17:42:40,792 [12bf515f-ba3e-42f8-ba13-af4a8bda6fda-server-thread2] INFO  segmented.SegmentedRaftLogWorker (SegmentedRaftLogWorker.java:startLogSegment(428)) - 12bf515f-ba3e-42f8-ba13-af4a8bda6fda@group-7BC91E35481A-SegmentedRaftLogWorker: Starting segment from index:0
2023-12-26 17:42:40,807 [44b0d7ae-65a5-40e5-9d42-50dc3ce2f2bb@group-7BC91E35481A-SegmentedRaftLogWorker] INFO  segmented.SegmentedRaftLogWorker (SegmentedRaftLogWorker.java:execute(632)) - 44b0d7ae-65a5-40e5-9d42-50dc3ce2f2bb@group-7BC91E35481A-SegmentedRaftLogWorker: created new log segment /home/runner/work/ozone/ozone/hadoop-ozone/integration-test/target/test-dir/MiniOzoneClusterImpl-c07e4b46-e5c7-4260-9d08-acd32f4d7801/datanode-5/data/ratis/bf94fe18-add2-4dcd-b198-7bc91e35481a/current/log_inprogress_0
2023-12-26 17:42:40,807 [12bf515f-ba3e-42f8-ba13-af4a8bda6fda@group-7BC91E35481A-SegmentedRaftLogWorker] INFO  segmented.SegmentedRaftLogWorker (SegmentedRaftLogWorker.java:execute(632)) - 12bf515f-ba3e-42f8-ba13-af4a8bda6fda@group-7BC91E35481A-SegmentedRaftLogWorker: created new log segment /home/runner/work/ozone/ozone/hadoop-ozone/integration-test/target/test-dir/MiniOzoneClusterImpl-c07e4b46-e5c7-4260-9d08-acd32f4d7801/datanode-4/data/ratis/bf94fe18-add2-4dcd-b198-7bc91e35481a/current/log_inprogress_0
2023-12-26 17:42:40,809 [559a6ab5-825d-4c14-b258-477429313dde@group-7BC91E35481A-StateMachineUpdater] INFO  server.RaftServer$Division (LeaderStateImpl.java:isApplied(316)) - leader is ready since appliedIndex == 0 >= startIndex == 0
2023-12-26 17:42:40,834 [12bf515f-ba3e-42f8-ba13-af4a8bda6fda@group-BFF39BF067DC-FollowerState] INFO  impl.FollowerState (FollowerState.java:run(143)) - 12bf515f-ba3e-42f8-ba13-af4a8bda6fda@group-BFF39BF067DC-FollowerState: change to CANDIDATE, lastRpcElapsedTime:5151509957ns, electionTimeout:5151ms
2023-12-26 17:42:40,834 [12bf515f-ba3e-42f8-ba13-af4a8bda6fda@group-BFF39BF067DC-FollowerState] INFO  impl.RoleInfo (RoleInfo.java:shutdownFollowerState(110)) - 12bf515f-ba3e-42f8-ba13-af4a8bda6fda: shutdown 12bf515f-ba3e-42f8-ba13-af4a8bda6fda@group-BFF39BF067DC-FollowerState
2023-12-26 17:42:40,834 [12bf515f-ba3e-42f8-ba13-af4a8bda6fda@group-BFF39BF067DC-FollowerState] INFO  server.RaftServer$Division (RaftServerImpl.java:setRole(379)) - 12bf515f-ba3e-42f8-ba13-af4a8bda6fda@group-BFF39BF067DC: changes role from  FOLLOWER to CANDIDATE at term 0 for changeToCandidate
2023-12-26 17:42:40,834 [12bf515f-ba3e-42f8-ba13-af4a8bda6fda@group-BFF39BF067DC-FollowerState] INFO  server.RaftServerConfigKeys (ConfUtils.java:logGet(46)) - raft.server.leaderelection.pre-vote = true (default)
2023-12-26 17:42:40,834 [12bf515f-ba3e-42f8-ba13-af4a8bda6fda@group-BFF39BF067DC-FollowerState] INFO  impl.RoleInfo (RoleInfo.java:updateAndGet(139)) - 12bf515f-ba3e-42f8-ba13-af4a8bda6fda: start 12bf515f-ba3e-42f8-ba13-af4a8bda6fda@group-BFF39BF067DC-LeaderElection31
2023-12-26 17:42:40,836 [12bf515f-ba3e-42f8-ba13-af4a8bda6fda@group-BFF39BF067DC-LeaderElection31] INFO  impl.LeaderElection (LeaderElection.java:askForVotes(323)) - 12bf515f-ba3e-42f8-ba13-af4a8bda6fda@group-BFF39BF067DC-LeaderElection31 PRE_VOTE round 0: submit vote requests at term 0 for -1: peers:[12bf515f-ba3e-42f8-ba13-af4a8bda6fda|10.1.0.4:15139]|listeners:[], old=null
2023-12-26 17:42:40,836 [12bf515f-ba3e-42f8-ba13-af4a8bda6fda@group-BFF39BF067DC-LeaderElection31] INFO  impl.LeaderElection (LeaderElection.java:askForVotes(325)) - 12bf515f-ba3e-42f8-ba13-af4a8bda6fda@group-BFF39BF067DC-LeaderElection31 PRE_VOTE round 0: result PASSED (term=0)
2023-12-26 17:42:40,837 [12bf515f-ba3e-42f8-ba13-af4a8bda6fda@group-BFF39BF067DC-LeaderElection31] INFO  impl.LeaderElection (LeaderElection.java:askForVotes(323)) - 12bf515f-ba3e-42f8-ba13-af4a8bda6fda@group-BFF39BF067DC-LeaderElection31 ELECTION round 0: submit vote requests at term 1 for -1: peers:[12bf515f-ba3e-42f8-ba13-af4a8bda6fda|10.1.0.4:15139]|listeners:[], old=null
2023-12-26 17:42:40,837 [12bf515f-ba3e-42f8-ba13-af4a8bda6fda@group-BFF39BF067DC-LeaderElection31] INFO  impl.LeaderElection (LeaderElection.java:askForVotes(325)) - 12bf515f-ba3e-42f8-ba13-af4a8bda6fda@group-BFF39BF067DC-LeaderElection31 ELECTION round 0: result PASSED (term=1)
2023-12-26 17:42:40,837 [12bf515f-ba3e-42f8-ba13-af4a8bda6fda@group-BFF39BF067DC-LeaderElection31] INFO  impl.RoleInfo (RoleInfo.java:shutdownLeaderElection(130)) - 12bf515f-ba3e-42f8-ba13-af4a8bda6fda: shutdown 12bf515f-ba3e-42f8-ba13-af4a8bda6fda@group-BFF39BF067DC-LeaderElection31
2023-12-26 17:42:40,838 [12bf515f-ba3e-42f8-ba13-af4a8bda6fda@group-BFF39BF067DC-LeaderElection31] INFO  server.RaftServer$Division (RaftServerImpl.java:setRole(379)) - 12bf515f-ba3e-42f8-ba13-af4a8bda6fda@group-BFF39BF067DC: changes role from CANDIDATE to LEADER at term 1 for changeToLeader
2023-12-26 17:42:40,838 [12bf515f-ba3e-42f8-ba13-af4a8bda6fda@group-BFF39BF067DC-LeaderElection31] INFO  server.RaftServerConfigKeys (ConfUtils.java:logGet(46)) - raft.server.staging.catchup.gap = 1000 (default)
2023-12-26 17:42:40,838 [12bf515f-ba3e-42f8-ba13-af4a8bda6fda@group-BFF39BF067DC-LeaderElection31] INFO  server.RaftServerConfigKeys (ConfUtils.java:logGet(46)) - raft.server.write.element-limit = 1024 (custom)
2023-12-26 17:42:40,838 [12bf515f-ba3e-42f8-ba13-af4a8bda6fda@group-BFF39BF067DC-LeaderElection31] INFO  server.RaftServerConfigKeys (ConfUtils.java:logGet(46)) - raft.server.write.byte-limit = 1024 M (=1073741824) (custom)
2023-12-26 17:42:40,838 [12bf515f-ba3e-42f8-ba13-af4a8bda6fda@group-BFF39BF067DC-LeaderElection31] INFO  server.RaftServerConfigKeys (ConfUtils.java:logGet(46)) - raft.server.watch.timeout = 3000ms (custom)
2023-12-26 17:42:40,838 [12bf515f-ba3e-42f8-ba13-af4a8bda6fda@group-BFF39BF067DC-LeaderElection31] INFO  server.RaftServerConfigKeys (ConfUtils.java:logGet(46)) - raft.server.watch.timeout.denomination = 1s (default)
2023-12-26 17:42:40,838 [12bf515f-ba3e-42f8-ba13-af4a8bda6fda@group-BFF39BF067DC-LeaderElection31] INFO  server.RaftServerConfigKeys (ConfUtils.java:logGet(46)) - raft.server.watch.element-limit = 65536 (default)
2023-12-26 17:42:40,838 [12bf515f-ba3e-42f8-ba13-af4a8bda6fda@group-BFF39BF067DC-LeaderElection31] INFO  server.RaftServerConfigKeys (ConfUtils.java:logGet(46)) - raft.server.read.leader.lease.enabled = false (default)
2023-12-26 17:42:40,838 [12bf515f-ba3e-42f8-ba13-af4a8bda6fda@group-BFF39BF067DC-LeaderElection31] INFO  server.RaftServerConfigKeys (ConfUtils.java:logGet(46)) - raft.server.read.leader.lease.timeout.ratio = 0.9 (default)
2023-12-26 17:42:40,838 [12bf515f-ba3e-42f8-ba13-af4a8bda6fda@group-BFF39BF067DC-LeaderElection31] INFO  server.RaftServerConfigKeys (ConfUtils.java:logGet(46)) - raft.server.rpc.timeout.min = 5s (custom)
2023-12-26 17:42:40,838 [12bf515f-ba3e-42f8-ba13-af4a8bda6fda@group-BFF39BF067DC-LeaderElection31] INFO  server.RaftServerConfigKeys (ConfUtils.java:logGet(46)) - raft.server.write.element-limit = 1024 (custom)
2023-12-26 17:42:40,838 [12bf515f-ba3e-42f8-ba13-af4a8bda6fda@group-BFF39BF067DC-LeaderElection31] INFO  server.RaftServerConfigKeys (ConfUtils.java:logGet(46)) - raft.server.write.follower.gap.ratio.max = -1.0 (default)
2023-12-26 17:42:40,838 [12bf515f-ba3e-42f8-ba13-af4a8bda6fda@group-BFF39BF067DC-LeaderElection31] INFO  impl.RoleInfo (RoleInfo.java:updateAndGet(139)) - 12bf515f-ba3e-42f8-ba13-af4a8bda6fda: start 12bf515f-ba3e-42f8-ba13-af4a8bda6fda@group-BFF39BF067DC-LeaderStateImpl
2023-12-26 17:42:40,839 [12bf515f-ba3e-42f8-ba13-af4a8bda6fda@group-BFF39BF067DC-LeaderElection31] INFO  server.RaftServer$Division (RaftServerImpl.java:setFirstElection(564)) - 12bf515f-ba3e-42f8-ba13-af4a8bda6fda@group-BFF39BF067DC: set firstElectionSinceStartup to false for becomeLeader
2023-12-26 17:42:40,839 [12bf515f-ba3e-42f8-ba13-af4a8bda6fda@group-BFF39BF067DC-LeaderElection31] INFO  ratis.XceiverServerRatis (XceiverServerRatis.java:handleLeaderChangedNotification(935)) - Leader change notification received for group: group-BFF39BF067DC with new leaderId: 12bf515f-ba3e-42f8-ba13-af4a8bda6fda
2023-12-26 17:42:40,839 [12bf515f-ba3e-42f8-ba13-af4a8bda6fda@group-BFF39BF067DC-LeaderElection31] INFO  server.RaftServer$Division (ServerState.java:setLeader(265)) - 12bf515f-ba3e-42f8-ba13-af4a8bda6fda@group-BFF39BF067DC: change Leader from null to 12bf515f-ba3e-42f8-ba13-af4a8bda6fda at term 1 for becomeLeader, leader elected after 5167ms
2023-12-26 17:42:40,839 [12bf515f-ba3e-42f8-ba13-af4a8bda6fda@group-BFF39BF067DC-LeaderElection31] INFO  segmented.SegmentedRaftLogWorker (SegmentedRaftLogWorker.java:startLogSegment(428)) - 12bf515f-ba3e-42f8-ba13-af4a8bda6fda@group-BFF39BF067DC-SegmentedRaftLogWorker: Starting segment from index:0
2023-12-26 17:42:40,842 [12bf515f-ba3e-42f8-ba13-af4a8bda6fda@group-BFF39BF067DC-LeaderElection31] INFO  server.RaftServer$Division (ServerState.java:setRaftConf(382)) - 12bf515f-ba3e-42f8-ba13-af4a8bda6fda@group-BFF39BF067DC: set configuration 0: peers:[12bf515f-ba3e-42f8-ba13-af4a8bda6fda|10.1.0.4:15139]|listeners:[], old=null
2023-12-26 17:42:40,846 [12bf515f-ba3e-42f8-ba13-af4a8bda6fda@group-BFF39BF067DC-SegmentedRaftLogWorker] INFO  segmented.SegmentedRaftLogWorker (SegmentedRaftLogWorker.java:execute(632)) - 12bf515f-ba3e-42f8-ba13-af4a8bda6fda@group-BFF39BF067DC-SegmentedRaftLogWorker: created new log segment /home/runner/work/ozone/ozone/hadoop-ozone/integration-test/target/test-dir/MiniOzoneClusterImpl-c07e4b46-e5c7-4260-9d08-acd32f4d7801/datanode-4/data/ratis/7d776e3b-01cd-4dc6-9352-bff39bf067dc/current/log_inprogress_0
2023-12-26 17:42:40,847 [12bf515f-ba3e-42f8-ba13-af4a8bda6fda@group-BFF39BF067DC-StateMachineUpdater] INFO  server.RaftServer$Division (LeaderStateImpl.java:isApplied(316)) - leader is ready since appliedIndex == 0 >= startIndex == 0
2023-12-26 17:42:40,970 [44b0d7ae-65a5-40e5-9d42-50dc3ce2f2bb@group-2E46F1BBFCA7-FollowerState] INFO  impl.FollowerState (FollowerState.java:run(143)) - 44b0d7ae-65a5-40e5-9d42-50dc3ce2f2bb@group-2E46F1BBFCA7-FollowerState: change to CANDIDATE, lastRpcElapsedTime:5187529937ns, electionTimeout:5187ms
2023-12-26 17:42:40,970 [44b0d7ae-65a5-40e5-9d42-50dc3ce2f2bb@group-2E46F1BBFCA7-FollowerState] INFO  impl.RoleInfo (RoleInfo.java:shutdownFollowerState(110)) - 44b0d7ae-65a5-40e5-9d42-50dc3ce2f2bb: shutdown 44b0d7ae-65a5-40e5-9d42-50dc3ce2f2bb@group-2E46F1BBFCA7-FollowerState
2023-12-26 17:42:40,970 [44b0d7ae-65a5-40e5-9d42-50dc3ce2f2bb@group-2E46F1BBFCA7-FollowerState] INFO  server.RaftServer$Division (RaftServerImpl.java:setRole(379)) - 44b0d7ae-65a5-40e5-9d42-50dc3ce2f2bb@group-2E46F1BBFCA7: changes role from  FOLLOWER to CANDIDATE at term 0 for changeToCandidate
2023-12-26 17:42:40,970 [44b0d7ae-65a5-40e5-9d42-50dc3ce2f2bb@group-2E46F1BBFCA7-FollowerState] INFO  server.RaftServerConfigKeys (ConfUtils.java:logGet(46)) - raft.server.leaderelection.pre-vote = true (default)
2023-12-26 17:42:40,970 [44b0d7ae-65a5-40e5-9d42-50dc3ce2f2bb@group-2E46F1BBFCA7-FollowerState] INFO  impl.RoleInfo (RoleInfo.java:updateAndGet(139)) - 44b0d7ae-65a5-40e5-9d42-50dc3ce2f2bb: start 44b0d7ae-65a5-40e5-9d42-50dc3ce2f2bb@group-2E46F1BBFCA7-LeaderElection32
2023-12-26 17:42:40,972 [44b0d7ae-65a5-40e5-9d42-50dc3ce2f2bb@group-2E46F1BBFCA7-LeaderElection32] INFO  impl.LeaderElection (LeaderElection.java:askForVotes(323)) - 44b0d7ae-65a5-40e5-9d42-50dc3ce2f2bb@group-2E46F1BBFCA7-LeaderElection32 PRE_VOTE round 0: submit vote requests at term 0 for -1: peers:[44b0d7ae-65a5-40e5-9d42-50dc3ce2f2bb|10.1.0.4:15148]|listeners:[], old=null
2023-12-26 17:42:40,972 [44b0d7ae-65a5-40e5-9d42-50dc3ce2f2bb@group-2E46F1BBFCA7-LeaderElection32] INFO  impl.LeaderElection (LeaderElection.java:askForVotes(325)) - 44b0d7ae-65a5-40e5-9d42-50dc3ce2f2bb@group-2E46F1BBFCA7-LeaderElection32 PRE_VOTE round 0: result PASSED (term=0)
2023-12-26 17:42:40,973 [44b0d7ae-65a5-40e5-9d42-50dc3ce2f2bb@group-2E46F1BBFCA7-LeaderElection32] INFO  impl.LeaderElection (LeaderElection.java:askForVotes(323)) - 44b0d7ae-65a5-40e5-9d42-50dc3ce2f2bb@group-2E46F1BBFCA7-LeaderElection32 ELECTION round 0: submit vote requests at term 1 for -1: peers:[44b0d7ae-65a5-40e5-9d42-50dc3ce2f2bb|10.1.0.4:15148]|listeners:[], old=null
2023-12-26 17:42:40,973 [44b0d7ae-65a5-40e5-9d42-50dc3ce2f2bb@group-2E46F1BBFCA7-LeaderElection32] INFO  impl.LeaderElection (LeaderElection.java:askForVotes(325)) - 44b0d7ae-65a5-40e5-9d42-50dc3ce2f2bb@group-2E46F1BBFCA7-LeaderElection32 ELECTION round 0: result PASSED (term=1)
2023-12-26 17:42:40,973 [44b0d7ae-65a5-40e5-9d42-50dc3ce2f2bb@group-2E46F1BBFCA7-LeaderElection32] INFO  impl.RoleInfo (RoleInfo.java:shutdownLeaderElection(130)) - 44b0d7ae-65a5-40e5-9d42-50dc3ce2f2bb: shutdown 44b0d7ae-65a5-40e5-9d42-50dc3ce2f2bb@group-2E46F1BBFCA7-LeaderElection32
2023-12-26 17:42:40,973 [44b0d7ae-65a5-40e5-9d42-50dc3ce2f2bb@group-2E46F1BBFCA7-LeaderElection32] INFO  server.RaftServer$Division (RaftServerImpl.java:setRole(379)) - 44b0d7ae-65a5-40e5-9d42-50dc3ce2f2bb@group-2E46F1BBFCA7: changes role from CANDIDATE to LEADER at term 1 for changeToLeader
2023-12-26 17:42:40,973 [44b0d7ae-65a5-40e5-9d42-50dc3ce2f2bb@group-2E46F1BBFCA7-LeaderElection32] INFO  server.RaftServerConfigKeys (ConfUtils.java:logGet(46)) - raft.server.staging.catchup.gap = 1000 (default)
2023-12-26 17:42:40,973 [44b0d7ae-65a5-40e5-9d42-50dc3ce2f2bb@group-2E46F1BBFCA7-LeaderElection32] INFO  server.RaftServerConfigKeys (ConfUtils.java:logGet(46)) - raft.server.write.element-limit = 1024 (custom)
2023-12-26 17:42:40,973 [44b0d7ae-65a5-40e5-9d42-50dc3ce2f2bb@group-2E46F1BBFCA7-LeaderElection32] INFO  server.RaftServerConfigKeys (ConfUtils.java:logGet(46)) - raft.server.write.byte-limit = 1024 M (=1073741824) (custom)
2023-12-26 17:42:40,974 [44b0d7ae-65a5-40e5-9d42-50dc3ce2f2bb@group-2E46F1BBFCA7-LeaderElection32] INFO  server.RaftServerConfigKeys (ConfUtils.java:logGet(46)) - raft.server.watch.timeout = 3000ms (custom)
2023-12-26 17:42:40,974 [44b0d7ae-65a5-40e5-9d42-50dc3ce2f2bb@group-2E46F1BBFCA7-LeaderElection32] INFO  server.RaftServerConfigKeys (ConfUtils.java:logGet(46)) - raft.server.watch.timeout.denomination = 1s (default)
2023-12-26 17:42:40,974 [44b0d7ae-65a5-40e5-9d42-50dc3ce2f2bb@group-2E46F1BBFCA7-LeaderElection32] INFO  server.RaftServerConfigKeys (ConfUtils.java:logGet(46)) - raft.server.watch.element-limit = 65536 (default)
2023-12-26 17:42:40,974 [44b0d7ae-65a5-40e5-9d42-50dc3ce2f2bb@group-2E46F1BBFCA7-LeaderElection32] INFO  server.RaftServerConfigKeys (ConfUtils.java:logGet(46)) - raft.server.read.leader.lease.enabled = false (default)
2023-12-26 17:42:40,974 [44b0d7ae-65a5-40e5-9d42-50dc3ce2f2bb@group-2E46F1BBFCA7-LeaderElection32] INFO  server.RaftServerConfigKeys (ConfUtils.java:logGet(46)) - raft.server.read.leader.lease.timeout.ratio = 0.9 (default)
2023-12-26 17:42:40,974 [44b0d7ae-65a5-40e5-9d42-50dc3ce2f2bb@group-2E46F1BBFCA7-LeaderElection32] INFO  server.RaftServerConfigKeys (ConfUtils.java:logGet(46)) - raft.server.rpc.timeout.min = 5s (custom)
2023-12-26 17:42:40,974 [44b0d7ae-65a5-40e5-9d42-50dc3ce2f2bb@group-2E46F1BBFCA7-LeaderElection32] INFO  server.RaftServerConfigKeys (ConfUtils.java:logGet(46)) - raft.server.write.element-limit = 1024 (custom)
2023-12-26 17:42:40,974 [44b0d7ae-65a5-40e5-9d42-50dc3ce2f2bb@group-2E46F1BBFCA7-LeaderElection32] INFO  server.RaftServerConfigKeys (ConfUtils.java:logGet(46)) - raft.server.write.follower.gap.ratio.max = -1.0 (default)
2023-12-26 17:42:40,974 [44b0d7ae-65a5-40e5-9d42-50dc3ce2f2bb@group-2E46F1BBFCA7-LeaderElection32] INFO  impl.RoleInfo (RoleInfo.java:updateAndGet(139)) - 44b0d7ae-65a5-40e5-9d42-50dc3ce2f2bb: start 44b0d7ae-65a5-40e5-9d42-50dc3ce2f2bb@group-2E46F1BBFCA7-LeaderStateImpl
2023-12-26 17:42:40,974 [44b0d7ae-65a5-40e5-9d42-50dc3ce2f2bb@group-2E46F1BBFCA7-LeaderElection32] INFO  server.RaftServer$Division (RaftServerImpl.java:setFirstElection(564)) - 44b0d7ae-65a5-40e5-9d42-50dc3ce2f2bb@group-2E46F1BBFCA7: set firstElectionSinceStartup to false for becomeLeader
2023-12-26 17:42:40,974 [44b0d7ae-65a5-40e5-9d42-50dc3ce2f2bb@group-2E46F1BBFCA7-LeaderElection32] INFO  ratis.XceiverServerRatis (XceiverServerRatis.java:handleLeaderChangedNotification(935)) - Leader change notification received for group: group-2E46F1BBFCA7 with new leaderId: 44b0d7ae-65a5-40e5-9d42-50dc3ce2f2bb
2023-12-26 17:42:40,974 [44b0d7ae-65a5-40e5-9d42-50dc3ce2f2bb@group-2E46F1BBFCA7-LeaderElection32] INFO  server.RaftServer$Division (ServerState.java:setLeader(265)) - 44b0d7ae-65a5-40e5-9d42-50dc3ce2f2bb@group-2E46F1BBFCA7: change Leader from null to 44b0d7ae-65a5-40e5-9d42-50dc3ce2f2bb at term 1 for becomeLeader, leader elected after 5201ms
2023-12-26 17:42:40,974 [44b0d7ae-65a5-40e5-9d42-50dc3ce2f2bb@group-2E46F1BBFCA7-LeaderElection32] INFO  segmented.SegmentedRaftLogWorker (SegmentedRaftLogWorker.java:startLogSegment(428)) - 44b0d7ae-65a5-40e5-9d42-50dc3ce2f2bb@group-2E46F1BBFCA7-SegmentedRaftLogWorker: Starting segment from index:0
2023-12-26 17:42:40,975 [44b0d7ae-65a5-40e5-9d42-50dc3ce2f2bb@group-2E46F1BBFCA7-LeaderElection32] INFO  server.RaftServer$Division (ServerState.java:setRaftConf(382)) - 44b0d7ae-65a5-40e5-9d42-50dc3ce2f2bb@group-2E46F1BBFCA7: set configuration 0: peers:[44b0d7ae-65a5-40e5-9d42-50dc3ce2f2bb|10.1.0.4:15148]|listeners:[], old=null
2023-12-26 17:42:40,980 [f2ecaa80-14dc-424e-9be2-9314b399fe9c@group-BCF72C73DF2F-FollowerState] INFO  impl.FollowerState (FollowerState.java:run(143)) - f2ecaa80-14dc-424e-9be2-9314b399fe9c@group-BCF72C73DF2F-FollowerState: change to CANDIDATE, lastRpcElapsedTime:5051395838ns, electionTimeout:5050ms
2023-12-26 17:42:40,980 [f2ecaa80-14dc-424e-9be2-9314b399fe9c@group-BCF72C73DF2F-FollowerState] INFO  impl.RoleInfo (RoleInfo.java:shutdownFollowerState(110)) - f2ecaa80-14dc-424e-9be2-9314b399fe9c: shutdown f2ecaa80-14dc-424e-9be2-9314b399fe9c@group-BCF72C73DF2F-FollowerState
2023-12-26 17:42:40,980 [f2ecaa80-14dc-424e-9be2-9314b399fe9c@group-BCF72C73DF2F-FollowerState] INFO  server.RaftServer$Division (RaftServerImpl.java:setRole(379)) - f2ecaa80-14dc-424e-9be2-9314b399fe9c@group-BCF72C73DF2F: changes role from  FOLLOWER to CANDIDATE at term 0 for changeToCandidate
2023-12-26 17:42:40,980 [f2ecaa80-14dc-424e-9be2-9314b399fe9c@group-BCF72C73DF2F-FollowerState] INFO  server.RaftServerConfigKeys (ConfUtils.java:logGet(46)) - raft.server.leaderelection.pre-vote = true (default)
2023-12-26 17:42:40,980 [f2ecaa80-14dc-424e-9be2-9314b399fe9c@group-BCF72C73DF2F-FollowerState] INFO  impl.RoleInfo (RoleInfo.java:updateAndGet(139)) - f2ecaa80-14dc-424e-9be2-9314b399fe9c: start f2ecaa80-14dc-424e-9be2-9314b399fe9c@group-BCF72C73DF2F-LeaderElection33
2023-12-26 17:42:40,982 [f2ecaa80-14dc-424e-9be2-9314b399fe9c@group-BCF72C73DF2F-LeaderElection33] INFO  impl.LeaderElection (LeaderElection.java:askForVotes(323)) - f2ecaa80-14dc-424e-9be2-9314b399fe9c@group-BCF72C73DF2F-LeaderElection33 PRE_VOTE round 0: submit vote requests at term 0 for -1: peers:[f2ecaa80-14dc-424e-9be2-9314b399fe9c|10.1.0.4:15157, 39d92bf3-11d2-44f0-9af6-e9080cb8793e|10.1.0.4:15166, dfc36f62-24b2-4a1f-878a-2a4428b6a6a5|10.1.0.4:15175]|listeners:[], old=null
2023-12-26 17:42:40,982 [f2ecaa80-14dc-424e-9be2-9314b399fe9c@group-BCF72C73DF2F-LeaderElection33] INFO  server.RaftServerConfigKeys (ConfUtils.java:logFallback(53)) - raft.server.rpc.first-election.timeout.min = 5s (fallback to raft.server.rpc.timeout.min)
2023-12-26 17:42:40,982 [f2ecaa80-14dc-424e-9be2-9314b399fe9c@group-BCF72C73DF2F-LeaderElection33-1] INFO  server.GrpcServerProtocolClient (GrpcServerProtocolClient.java:<init>(65)) - Build channel for 39d92bf3-11d2-44f0-9af6-e9080cb8793e
2023-12-26 17:42:40,982 [f2ecaa80-14dc-424e-9be2-9314b399fe9c@group-BCF72C73DF2F-LeaderElection33] INFO  server.RaftServerConfigKeys (ConfUtils.java:logFallback(53)) - raft.server.rpc.first-election.timeout.max = 5200ms (fallback to raft.server.rpc.timeout.max)
2023-12-26 17:42:40,983 [f2ecaa80-14dc-424e-9be2-9314b399fe9c@group-BCF72C73DF2F-LeaderElection33-2] INFO  server.GrpcServerProtocolClient (GrpcServerProtocolClient.java:<init>(65)) - Build channel for dfc36f62-24b2-4a1f-878a-2a4428b6a6a5
2023-12-26 17:42:40,984 [44b0d7ae-65a5-40e5-9d42-50dc3ce2f2bb@group-2E46F1BBFCA7-SegmentedRaftLogWorker] INFO  segmented.SegmentedRaftLogWorker (SegmentedRaftLogWorker.java:execute(632)) - 44b0d7ae-65a5-40e5-9d42-50dc3ce2f2bb@group-2E46F1BBFCA7-SegmentedRaftLogWorker: created new log segment /home/runner/work/ozone/ozone/hadoop-ozone/integration-test/target/test-dir/MiniOzoneClusterImpl-c07e4b46-e5c7-4260-9d08-acd32f4d7801/datanode-5/data/ratis/616b6ec3-ff0f-4bbb-bb24-2e46f1bbfca7/current/log_inprogress_0
2023-12-26 17:42:40,985 [44b0d7ae-65a5-40e5-9d42-50dc3ce2f2bb@group-2E46F1BBFCA7-StateMachineUpdater] INFO  server.RaftServer$Division (LeaderStateImpl.java:isApplied(316)) - leader is ready since appliedIndex == 0 >= startIndex == 0
2023-12-26 17:42:40,987 [grpc-default-executor-4] INFO  server.RaftServer$Division (RaftServerImpl.java:requestVote(1377)) - dfc36f62-24b2-4a1f-878a-2a4428b6a6a5@group-BCF72C73DF2F: receive requestVote(PRE_VOTE, f2ecaa80-14dc-424e-9be2-9314b399fe9c, group-BCF72C73DF2F, 0, (t:0, i:0))
2023-12-26 17:42:40,988 [grpc-default-executor-4] INFO  impl.VoteContext (VoteContext.java:log(49)) - dfc36f62-24b2-4a1f-878a-2a4428b6a6a5@group-BCF72C73DF2F-FOLLOWER: accept PRE_VOTE from f2ecaa80-14dc-424e-9be2-9314b399fe9c: our priority 0 <= candidate's priority 0
2023-12-26 17:42:40,988 [grpc-default-executor-4] INFO  server.RaftServer$Division (RaftServerImpl.java:requestVote(1410)) - dfc36f62-24b2-4a1f-878a-2a4428b6a6a5@group-BCF72C73DF2F replies to PRE_VOTE vote request: f2ecaa80-14dc-424e-9be2-9314b399fe9c<-dfc36f62-24b2-4a1f-878a-2a4428b6a6a5#0:OK-t0. Peer's state: dfc36f62-24b2-4a1f-878a-2a4428b6a6a5@group-BCF72C73DF2F:t0, leader=null, voted=, raftlog=Memoized:dfc36f62-24b2-4a1f-878a-2a4428b6a6a5@group-BCF72C73DF2F-SegmentedRaftLog:OPENED:c-1, conf=-1: peers:[f2ecaa80-14dc-424e-9be2-9314b399fe9c|10.1.0.4:15157, 39d92bf3-11d2-44f0-9af6-e9080cb8793e|10.1.0.4:15166, dfc36f62-24b2-4a1f-878a-2a4428b6a6a5|10.1.0.4:15175]|listeners:[], old=null
2023-12-26 17:42:40,990 [grpc-default-executor-1] INFO  server.RaftServer$Division (RaftServerImpl.java:requestVote(1377)) - 39d92bf3-11d2-44f0-9af6-e9080cb8793e@group-BCF72C73DF2F: receive requestVote(PRE_VOTE, f2ecaa80-14dc-424e-9be2-9314b399fe9c, group-BCF72C73DF2F, 0, (t:0, i:0))
2023-12-26 17:42:40,990 [grpc-default-executor-1] INFO  impl.VoteContext (VoteContext.java:log(49)) - 39d92bf3-11d2-44f0-9af6-e9080cb8793e@group-BCF72C73DF2F-FOLLOWER: reject PRE_VOTE from f2ecaa80-14dc-424e-9be2-9314b399fe9c: our priority 1 > candidate's priority 0
2023-12-26 17:42:40,990 [grpc-default-executor-1] INFO  server.RaftServer$Division (RaftServerImpl.java:requestVote(1410)) - 39d92bf3-11d2-44f0-9af6-e9080cb8793e@group-BCF72C73DF2F replies to PRE_VOTE vote request: f2ecaa80-14dc-424e-9be2-9314b399fe9c<-39d92bf3-11d2-44f0-9af6-e9080cb8793e#0:FAIL-t0. Peer's state: 39d92bf3-11d2-44f0-9af6-e9080cb8793e@group-BCF72C73DF2F:t0, leader=null, voted=, raftlog=Memoized:39d92bf3-11d2-44f0-9af6-e9080cb8793e@group-BCF72C73DF2F-SegmentedRaftLog:OPENED:c-1, conf=-1: peers:[f2ecaa80-14dc-424e-9be2-9314b399fe9c|10.1.0.4:15157, 39d92bf3-11d2-44f0-9af6-e9080cb8793e|10.1.0.4:15166, dfc36f62-24b2-4a1f-878a-2a4428b6a6a5|10.1.0.4:15175]|listeners:[], old=null
2023-12-26 17:42:40,991 [f2ecaa80-14dc-424e-9be2-9314b399fe9c@group-BCF72C73DF2F-LeaderElection33] INFO  impl.LeaderElection (LeaderElection.java:logAndReturn(89)) - f2ecaa80-14dc-424e-9be2-9314b399fe9c@group-BCF72C73DF2F-LeaderElection33: PRE_VOTE REJECTED received 2 response(s) and 0 exception(s):
2023-12-26 17:42:40,991 [f2ecaa80-14dc-424e-9be2-9314b399fe9c@group-BCF72C73DF2F-LeaderElection33] INFO  impl.LeaderElection (LeaderElection.java:logAndReturn(93)) -   Response 0: f2ecaa80-14dc-424e-9be2-9314b399fe9c<-39d92bf3-11d2-44f0-9af6-e9080cb8793e#0:FAIL-t0
2023-12-26 17:42:40,991 [f2ecaa80-14dc-424e-9be2-9314b399fe9c@group-BCF72C73DF2F-LeaderElection33] INFO  impl.LeaderElection (LeaderElection.java:logAndReturn(93)) -   Response 1: f2ecaa80-14dc-424e-9be2-9314b399fe9c<-dfc36f62-24b2-4a1f-878a-2a4428b6a6a5#0:OK-t0
2023-12-26 17:42:40,991 [f2ecaa80-14dc-424e-9be2-9314b399fe9c@group-BCF72C73DF2F-LeaderElection33] INFO  impl.LeaderElection (LeaderElection.java:askForVotes(325)) - f2ecaa80-14dc-424e-9be2-9314b399fe9c@group-BCF72C73DF2F-LeaderElection33 PRE_VOTE round 0: result REJECTED
2023-12-26 17:42:40,991 [f2ecaa80-14dc-424e-9be2-9314b399fe9c@group-BCF72C73DF2F-LeaderElection33] INFO  server.RaftServer$Division (RaftServerImpl.java:setRole(379)) - f2ecaa80-14dc-424e-9be2-9314b399fe9c@group-BCF72C73DF2F: changes role from CANDIDATE to FOLLOWER at term 0 for REJECTED
2023-12-26 17:42:40,991 [f2ecaa80-14dc-424e-9be2-9314b399fe9c@group-BCF72C73DF2F-LeaderElection33] INFO  impl.RoleInfo (RoleInfo.java:shutdownLeaderElection(130)) - f2ecaa80-14dc-424e-9be2-9314b399fe9c: shutdown f2ecaa80-14dc-424e-9be2-9314b399fe9c@group-BCF72C73DF2F-LeaderElection33
2023-12-26 17:42:40,991 [f2ecaa80-14dc-424e-9be2-9314b399fe9c@group-BCF72C73DF2F-LeaderElection33] INFO  impl.RoleInfo (RoleInfo.java:updateAndGet(139)) - f2ecaa80-14dc-424e-9be2-9314b399fe9c: start f2ecaa80-14dc-424e-9be2-9314b399fe9c@group-BCF72C73DF2F-FollowerState
2023-12-26 17:42:40,991 [f2ecaa80-14dc-424e-9be2-9314b399fe9c@group-BCF72C73DF2F-LeaderElection33] INFO  server.RaftServer$Division (RaftServerImpl.java:setFirstElection(564)) - f2ecaa80-14dc-424e-9be2-9314b399fe9c@group-BCF72C73DF2F: set firstElectionSinceStartup to false for REJECTED
2023-12-26 17:42:41,025 [39d92bf3-11d2-44f0-9af6-e9080cb8793e@group-1EECBF8D636F-FollowerState] INFO  impl.FollowerState (FollowerState.java:run(143)) - 39d92bf3-11d2-44f0-9af6-e9080cb8793e@group-1EECBF8D636F-FollowerState: change to CANDIDATE, lastRpcElapsedTime:5010416862ns, electionTimeout:5010ms
2023-12-26 17:42:41,025 [39d92bf3-11d2-44f0-9af6-e9080cb8793e@group-1EECBF8D636F-FollowerState] INFO  impl.RoleInfo (RoleInfo.java:shutdownFollowerState(110)) - 39d92bf3-11d2-44f0-9af6-e9080cb8793e: shutdown 39d92bf3-11d2-44f0-9af6-e9080cb8793e@group-1EECBF8D636F-FollowerState
2023-12-26 17:42:41,025 [39d92bf3-11d2-44f0-9af6-e9080cb8793e@group-1EECBF8D636F-FollowerState] INFO  server.RaftServer$Division (RaftServerImpl.java:setRole(379)) - 39d92bf3-11d2-44f0-9af6-e9080cb8793e@group-1EECBF8D636F: changes role from  FOLLOWER to CANDIDATE at term 0 for changeToCandidate
2023-12-26 17:42:41,025 [39d92bf3-11d2-44f0-9af6-e9080cb8793e@group-1EECBF8D636F-FollowerState] INFO  server.RaftServerConfigKeys (ConfUtils.java:logGet(46)) - raft.server.leaderelection.pre-vote = true (default)
2023-12-26 17:42:41,025 [39d92bf3-11d2-44f0-9af6-e9080cb8793e@group-1EECBF8D636F-FollowerState] INFO  impl.RoleInfo (RoleInfo.java:updateAndGet(139)) - 39d92bf3-11d2-44f0-9af6-e9080cb8793e: start 39d92bf3-11d2-44f0-9af6-e9080cb8793e@group-1EECBF8D636F-LeaderElection34
2023-12-26 17:42:41,027 [39d92bf3-11d2-44f0-9af6-e9080cb8793e@group-1EECBF8D636F-LeaderElection34] INFO  impl.LeaderElection (LeaderElection.java:askForVotes(323)) - 39d92bf3-11d2-44f0-9af6-e9080cb8793e@group-1EECBF8D636F-LeaderElection34 PRE_VOTE round 0: submit vote requests at term 0 for -1: peers:[39d92bf3-11d2-44f0-9af6-e9080cb8793e|10.1.0.4:15166]|listeners:[], old=null
2023-12-26 17:42:41,027 [39d92bf3-11d2-44f0-9af6-e9080cb8793e@group-1EECBF8D636F-LeaderElection34] INFO  impl.LeaderElection (LeaderElection.java:askForVotes(325)) - 39d92bf3-11d2-44f0-9af6-e9080cb8793e@group-1EECBF8D636F-LeaderElection34 PRE_VOTE round 0: result PASSED (term=0)
2023-12-26 17:42:41,028 [39d92bf3-11d2-44f0-9af6-e9080cb8793e@group-1EECBF8D636F-LeaderElection34] INFO  impl.LeaderElection (LeaderElection.java:askForVotes(323)) - 39d92bf3-11d2-44f0-9af6-e9080cb8793e@group-1EECBF8D636F-LeaderElection34 ELECTION round 0: submit vote requests at term 1 for -1: peers:[39d92bf3-11d2-44f0-9af6-e9080cb8793e|10.1.0.4:15166]|listeners:[], old=null
2023-12-26 17:42:41,028 [39d92bf3-11d2-44f0-9af6-e9080cb8793e@group-1EECBF8D636F-LeaderElection34] INFO  impl.LeaderElection (LeaderElection.java:askForVotes(325)) - 39d92bf3-11d2-44f0-9af6-e9080cb8793e@group-1EECBF8D636F-LeaderElection34 ELECTION round 0: result PASSED (term=1)
2023-12-26 17:42:41,028 [39d92bf3-11d2-44f0-9af6-e9080cb8793e@group-1EECBF8D636F-LeaderElection34] INFO  impl.RoleInfo (RoleInfo.java:shutdownLeaderElection(130)) - 39d92bf3-11d2-44f0-9af6-e9080cb8793e: shutdown 39d92bf3-11d2-44f0-9af6-e9080cb8793e@group-1EECBF8D636F-LeaderElection34
2023-12-26 17:42:41,028 [39d92bf3-11d2-44f0-9af6-e9080cb8793e@group-1EECBF8D636F-LeaderElection34] INFO  server.RaftServer$Division (RaftServerImpl.java:setRole(379)) - 39d92bf3-11d2-44f0-9af6-e9080cb8793e@group-1EECBF8D636F: changes role from CANDIDATE to LEADER at term 1 for changeToLeader
2023-12-26 17:42:41,028 [39d92bf3-11d2-44f0-9af6-e9080cb8793e@group-1EECBF8D636F-LeaderElection34] INFO  server.RaftServerConfigKeys (ConfUtils.java:logGet(46)) - raft.server.staging.catchup.gap = 1000 (default)
2023-12-26 17:42:41,028 [39d92bf3-11d2-44f0-9af6-e9080cb8793e@group-1EECBF8D636F-LeaderElection34] INFO  server.RaftServerConfigKeys (ConfUtils.java:logGet(46)) - raft.server.write.element-limit = 1024 (custom)
2023-12-26 17:42:41,028 [39d92bf3-11d2-44f0-9af6-e9080cb8793e@group-1EECBF8D636F-LeaderElection34] INFO  server.RaftServerConfigKeys (ConfUtils.java:logGet(46)) - raft.server.write.byte-limit = 1024 M (=1073741824) (custom)
2023-12-26 17:42:41,028 [39d92bf3-11d2-44f0-9af6-e9080cb8793e@group-1EECBF8D636F-LeaderElection34] INFO  server.RaftServerConfigKeys (ConfUtils.java:logGet(46)) - raft.server.watch.timeout = 3000ms (custom)
2023-12-26 17:42:41,028 [39d92bf3-11d2-44f0-9af6-e9080cb8793e@group-1EECBF8D636F-LeaderElection34] INFO  server.RaftServerConfigKeys (ConfUtils.java:logGet(46)) - raft.server.watch.timeout.denomination = 1s (default)
2023-12-26 17:42:41,028 [39d92bf3-11d2-44f0-9af6-e9080cb8793e@group-1EECBF8D636F-LeaderElection34] INFO  server.RaftServerConfigKeys (ConfUtils.java:logGet(46)) - raft.server.watch.element-limit = 65536 (default)
2023-12-26 17:42:41,029 [39d92bf3-11d2-44f0-9af6-e9080cb8793e@group-1EECBF8D636F-LeaderElection34] INFO  server.RaftServerConfigKeys (ConfUtils.java:logGet(46)) - raft.server.read.leader.lease.enabled = false (default)
2023-12-26 17:42:41,029 [39d92bf3-11d2-44f0-9af6-e9080cb8793e@group-1EECBF8D636F-LeaderElection34] INFO  server.RaftServerConfigKeys (ConfUtils.java:logGet(46)) - raft.server.read.leader.lease.timeout.ratio = 0.9 (default)
2023-12-26 17:42:41,029 [39d92bf3-11d2-44f0-9af6-e9080cb8793e@group-1EECBF8D636F-LeaderElection34] INFO  server.RaftServerConfigKeys (ConfUtils.java:logGet(46)) - raft.server.rpc.timeout.min = 5s (custom)
2023-12-26 17:42:41,029 [39d92bf3-11d2-44f0-9af6-e9080cb8793e@group-1EECBF8D636F-LeaderElection34] INFO  server.RaftServerConfigKeys (ConfUtils.java:logGet(46)) - raft.server.write.element-limit = 1024 (custom)
2023-12-26 17:42:41,029 [39d92bf3-11d2-44f0-9af6-e9080cb8793e@group-1EECBF8D636F-LeaderElection34] INFO  server.RaftServerConfigKeys (ConfUtils.java:logGet(46)) - raft.server.write.follower.gap.ratio.max = -1.0 (default)
2023-12-26 17:42:41,029 [39d92bf3-11d2-44f0-9af6-e9080cb8793e@group-1EECBF8D636F-LeaderElection34] INFO  impl.RoleInfo (RoleInfo.java:updateAndGet(139)) - 39d92bf3-11d2-44f0-9af6-e9080cb8793e: start 39d92bf3-11d2-44f0-9af6-e9080cb8793e@group-1EECBF8D636F-LeaderStateImpl
2023-12-26 17:42:41,029 [39d92bf3-11d2-44f0-9af6-e9080cb8793e@group-1EECBF8D636F-LeaderElection34] INFO  server.RaftServer$Division (RaftServerImpl.java:setFirstElection(564)) - 39d92bf3-11d2-44f0-9af6-e9080cb8793e@group-1EECBF8D636F: set firstElectionSinceStartup to false for becomeLeader
2023-12-26 17:42:41,029 [39d92bf3-11d2-44f0-9af6-e9080cb8793e@group-1EECBF8D636F-LeaderElection34] INFO  ratis.XceiverServerRatis (XceiverServerRatis.java:handleLeaderChangedNotification(935)) - Leader change notification received for group: group-1EECBF8D636F with new leaderId: 39d92bf3-11d2-44f0-9af6-e9080cb8793e
2023-12-26 17:42:41,029 [39d92bf3-11d2-44f0-9af6-e9080cb8793e@group-1EECBF8D636F-LeaderElection34] INFO  server.RaftServer$Division (ServerState.java:setLeader(265)) - 39d92bf3-11d2-44f0-9af6-e9080cb8793e@group-1EECBF8D636F: change Leader from null to 39d92bf3-11d2-44f0-9af6-e9080cb8793e at term 1 for becomeLeader, leader elected after 5026ms
2023-12-26 17:42:41,029 [39d92bf3-11d2-44f0-9af6-e9080cb8793e@group-1EECBF8D636F-LeaderElection34] INFO  segmented.SegmentedRaftLogWorker (SegmentedRaftLogWorker.java:startLogSegment(428)) - 39d92bf3-11d2-44f0-9af6-e9080cb8793e@group-1EECBF8D636F-SegmentedRaftLogWorker: Starting segment from index:0
2023-12-26 17:42:41,033 [39d92bf3-11d2-44f0-9af6-e9080cb8793e@group-1EECBF8D636F-LeaderElection34] INFO  server.RaftServer$Division (ServerState.java:setRaftConf(382)) - 39d92bf3-11d2-44f0-9af6-e9080cb8793e@group-1EECBF8D636F: set configuration 0: peers:[39d92bf3-11d2-44f0-9af6-e9080cb8793e|10.1.0.4:15166]|listeners:[], old=null
2023-12-26 17:42:41,037 [39d92bf3-11d2-44f0-9af6-e9080cb8793e@group-1EECBF8D636F-SegmentedRaftLogWorker] INFO  segmented.SegmentedRaftLogWorker (SegmentedRaftLogWorker.java:execute(632)) - 39d92bf3-11d2-44f0-9af6-e9080cb8793e@group-1EECBF8D636F-SegmentedRaftLogWorker: created new log segment /home/runner/work/ozone/ozone/hadoop-ozone/integration-test/target/test-dir/MiniOzoneClusterImpl-c07e4b46-e5c7-4260-9d08-acd32f4d7801/datanode-7/data/ratis/1531227b-5c5b-4114-b1c8-1eecbf8d636f/current/log_inprogress_0
2023-12-26 17:42:41,037 [39d92bf3-11d2-44f0-9af6-e9080cb8793e@group-1EECBF8D636F-StateMachineUpdater] INFO  server.RaftServer$Division (LeaderStateImpl.java:isApplied(316)) - leader is ready since appliedIndex == 0 >= startIndex == 0
2023-12-26 17:42:41,091 [f2ecaa80-14dc-424e-9be2-9314b399fe9c@group-847021F19625-FollowerState] INFO  impl.FollowerState (FollowerState.java:run(143)) - f2ecaa80-14dc-424e-9be2-9314b399fe9c@group-847021F19625-FollowerState: change to CANDIDATE, lastRpcElapsedTime:5177513063ns, electionTimeout:5177ms
2023-12-26 17:42:41,091 [f2ecaa80-14dc-424e-9be2-9314b399fe9c@group-847021F19625-FollowerState] INFO  impl.RoleInfo (RoleInfo.java:shutdownFollowerState(110)) - f2ecaa80-14dc-424e-9be2-9314b399fe9c: shutdown f2ecaa80-14dc-424e-9be2-9314b399fe9c@group-847021F19625-FollowerState
2023-12-26 17:42:41,091 [f2ecaa80-14dc-424e-9be2-9314b399fe9c@group-847021F19625-FollowerState] INFO  server.RaftServer$Division (RaftServerImpl.java:setRole(379)) - f2ecaa80-14dc-424e-9be2-9314b399fe9c@group-847021F19625: changes role from  FOLLOWER to CANDIDATE at term 0 for changeToCandidate
2023-12-26 17:42:41,091 [f2ecaa80-14dc-424e-9be2-9314b399fe9c@group-847021F19625-FollowerState] INFO  server.RaftServerConfigKeys (ConfUtils.java:logGet(46)) - raft.server.leaderelection.pre-vote = true (default)
2023-12-26 17:42:41,091 [f2ecaa80-14dc-424e-9be2-9314b399fe9c@group-847021F19625-FollowerState] INFO  impl.RoleInfo (RoleInfo.java:updateAndGet(139)) - f2ecaa80-14dc-424e-9be2-9314b399fe9c: start f2ecaa80-14dc-424e-9be2-9314b399fe9c@group-847021F19625-LeaderElection35
2023-12-26 17:42:41,093 [f2ecaa80-14dc-424e-9be2-9314b399fe9c@group-847021F19625-LeaderElection35] INFO  impl.LeaderElection (LeaderElection.java:askForVotes(323)) - f2ecaa80-14dc-424e-9be2-9314b399fe9c@group-847021F19625-LeaderElection35 PRE_VOTE round 0: submit vote requests at term 0 for -1: peers:[f2ecaa80-14dc-424e-9be2-9314b399fe9c|10.1.0.4:15157]|listeners:[], old=null
2023-12-26 17:42:41,093 [f2ecaa80-14dc-424e-9be2-9314b399fe9c@group-847021F19625-LeaderElection35] INFO  impl.LeaderElection (LeaderElection.java:askForVotes(325)) - f2ecaa80-14dc-424e-9be2-9314b399fe9c@group-847021F19625-LeaderElection35 PRE_VOTE round 0: result PASSED (term=0)
2023-12-26 17:42:41,094 [f2ecaa80-14dc-424e-9be2-9314b399fe9c@group-847021F19625-LeaderElection35] INFO  impl.LeaderElection (LeaderElection.java:askForVotes(323)) - f2ecaa80-14dc-424e-9be2-9314b399fe9c@group-847021F19625-LeaderElection35 ELECTION round 0: submit vote requests at term 1 for -1: peers:[f2ecaa80-14dc-424e-9be2-9314b399fe9c|10.1.0.4:15157]|listeners:[], old=null
2023-12-26 17:42:41,094 [f2ecaa80-14dc-424e-9be2-9314b399fe9c@group-847021F19625-LeaderElection35] INFO  impl.LeaderElection (LeaderElection.java:askForVotes(325)) - f2ecaa80-14dc-424e-9be2-9314b399fe9c@group-847021F19625-LeaderElection35 ELECTION round 0: result PASSED (term=1)
2023-12-26 17:42:41,094 [f2ecaa80-14dc-424e-9be2-9314b399fe9c@group-847021F19625-LeaderElection35] INFO  impl.RoleInfo (RoleInfo.java:shutdownLeaderElection(130)) - f2ecaa80-14dc-424e-9be2-9314b399fe9c: shutdown f2ecaa80-14dc-424e-9be2-9314b399fe9c@group-847021F19625-LeaderElection35
2023-12-26 17:42:41,094 [f2ecaa80-14dc-424e-9be2-9314b399fe9c@group-847021F19625-LeaderElection35] INFO  server.RaftServer$Division (RaftServerImpl.java:setRole(379)) - f2ecaa80-14dc-424e-9be2-9314b399fe9c@group-847021F19625: changes role from CANDIDATE to LEADER at term 1 for changeToLeader
2023-12-26 17:42:41,094 [f2ecaa80-14dc-424e-9be2-9314b399fe9c@group-847021F19625-LeaderElection35] INFO  server.RaftServerConfigKeys (ConfUtils.java:logGet(46)) - raft.server.staging.catchup.gap = 1000 (default)
2023-12-26 17:42:41,094 [f2ecaa80-14dc-424e-9be2-9314b399fe9c@group-847021F19625-LeaderElection35] INFO  server.RaftServerConfigKeys (ConfUtils.java:logGet(46)) - raft.server.write.element-limit = 1024 (custom)
2023-12-26 17:42:41,094 [f2ecaa80-14dc-424e-9be2-9314b399fe9c@group-847021F19625-LeaderElection35] INFO  server.RaftServerConfigKeys (ConfUtils.java:logGet(46)) - raft.server.write.byte-limit = 1024 M (=1073741824) (custom)
2023-12-26 17:42:41,095 [f2ecaa80-14dc-424e-9be2-9314b399fe9c@group-847021F19625-LeaderElection35] INFO  server.RaftServerConfigKeys (ConfUtils.java:logGet(46)) - raft.server.watch.timeout = 3000ms (custom)
2023-12-26 17:42:41,095 [f2ecaa80-14dc-424e-9be2-9314b399fe9c@group-847021F19625-LeaderElection35] INFO  server.RaftServerConfigKeys (ConfUtils.java:logGet(46)) - raft.server.watch.timeout.denomination = 1s (default)
2023-12-26 17:42:41,095 [f2ecaa80-14dc-424e-9be2-9314b399fe9c@group-847021F19625-LeaderElection35] INFO  server.RaftServerConfigKeys (ConfUtils.java:logGet(46)) - raft.server.watch.element-limit = 65536 (default)
2023-12-26 17:42:41,095 [f2ecaa80-14dc-424e-9be2-9314b399fe9c@group-847021F19625-LeaderElection35] INFO  server.RaftServerConfigKeys (ConfUtils.java:logGet(46)) - raft.server.read.leader.lease.enabled = false (default)
2023-12-26 17:42:41,095 [f2ecaa80-14dc-424e-9be2-9314b399fe9c@group-847021F19625-LeaderElection35] INFO  server.RaftServerConfigKeys (ConfUtils.java:logGet(46)) - raft.server.read.leader.lease.timeout.ratio = 0.9 (default)
2023-12-26 17:42:41,095 [f2ecaa80-14dc-424e-9be2-9314b399fe9c@group-847021F19625-LeaderElection35] INFO  server.RaftServerConfigKeys (ConfUtils.java:logGet(46)) - raft.server.rpc.timeout.min = 5s (custom)
2023-12-26 17:42:41,095 [f2ecaa80-14dc-424e-9be2-9314b399fe9c@group-847021F19625-LeaderElection35] INFO  server.RaftServerConfigKeys (ConfUtils.java:logGet(46)) - raft.server.write.element-limit = 1024 (custom)
2023-12-26 17:42:41,095 [f2ecaa80-14dc-424e-9be2-9314b399fe9c@group-847021F19625-LeaderElection35] INFO  server.RaftServerConfigKeys (ConfUtils.java:logGet(46)) - raft.server.write.follower.gap.ratio.max = -1.0 (default)
2023-12-26 17:42:41,095 [f2ecaa80-14dc-424e-9be2-9314b399fe9c@group-847021F19625-LeaderElection35] INFO  impl.RoleInfo (RoleInfo.java:updateAndGet(139)) - f2ecaa80-14dc-424e-9be2-9314b399fe9c: start f2ecaa80-14dc-424e-9be2-9314b399fe9c@group-847021F19625-LeaderStateImpl
2023-12-26 17:42:41,095 [f2ecaa80-14dc-424e-9be2-9314b399fe9c@group-847021F19625-LeaderElection35] INFO  server.RaftServer$Division (RaftServerImpl.java:setFirstElection(564)) - f2ecaa80-14dc-424e-9be2-9314b399fe9c@group-847021F19625: set firstElectionSinceStartup to false for becomeLeader
2023-12-26 17:42:41,095 [f2ecaa80-14dc-424e-9be2-9314b399fe9c@group-847021F19625-LeaderElection35] INFO  ratis.XceiverServerRatis (XceiverServerRatis.java:handleLeaderChangedNotification(935)) - Leader change notification received for group: group-847021F19625 with new leaderId: f2ecaa80-14dc-424e-9be2-9314b399fe9c
2023-12-26 17:42:41,096 [f2ecaa80-14dc-424e-9be2-9314b399fe9c@group-847021F19625-LeaderElection35] INFO  server.RaftServer$Division (ServerState.java:setLeader(265)) - f2ecaa80-14dc-424e-9be2-9314b399fe9c@group-847021F19625: change Leader from null to f2ecaa80-14dc-424e-9be2-9314b399fe9c at term 1 for becomeLeader, leader elected after 5192ms
2023-12-26 17:42:41,096 [f2ecaa80-14dc-424e-9be2-9314b399fe9c@group-847021F19625-LeaderElection35] INFO  segmented.SegmentedRaftLogWorker (SegmentedRaftLogWorker.java:startLogSegment(428)) - f2ecaa80-14dc-424e-9be2-9314b399fe9c@group-847021F19625-SegmentedRaftLogWorker: Starting segment from index:0
2023-12-26 17:42:41,097 [f2ecaa80-14dc-424e-9be2-9314b399fe9c@group-847021F19625-LeaderElection35] INFO  server.RaftServer$Division (ServerState.java:setRaftConf(382)) - f2ecaa80-14dc-424e-9be2-9314b399fe9c@group-847021F19625: set configuration 0: peers:[f2ecaa80-14dc-424e-9be2-9314b399fe9c|10.1.0.4:15157]|listeners:[], old=null
2023-12-26 17:42:41,101 [39d92bf3-11d2-44f0-9af6-e9080cb8793e@group-BCF72C73DF2F-FollowerState] INFO  impl.FollowerState (FollowerState.java:run(143)) - 39d92bf3-11d2-44f0-9af6-e9080cb8793e@group-BCF72C73DF2F-FollowerState: change to CANDIDATE, lastRpcElapsedTime:5146884847ns, electionTimeout:5146ms
2023-12-26 17:42:41,101 [39d92bf3-11d2-44f0-9af6-e9080cb8793e@group-BCF72C73DF2F-FollowerState] INFO  impl.RoleInfo (RoleInfo.java:shutdownFollowerState(110)) - 39d92bf3-11d2-44f0-9af6-e9080cb8793e: shutdown 39d92bf3-11d2-44f0-9af6-e9080cb8793e@group-BCF72C73DF2F-FollowerState
2023-12-26 17:42:41,101 [39d92bf3-11d2-44f0-9af6-e9080cb8793e@group-BCF72C73DF2F-FollowerState] INFO  server.RaftServer$Division (RaftServerImpl.java:setRole(379)) - 39d92bf3-11d2-44f0-9af6-e9080cb8793e@group-BCF72C73DF2F: changes role from  FOLLOWER to CANDIDATE at term 0 for changeToCandidate
2023-12-26 17:42:41,101 [39d92bf3-11d2-44f0-9af6-e9080cb8793e@group-BCF72C73DF2F-FollowerState] INFO  server.RaftServerConfigKeys (ConfUtils.java:logGet(46)) - raft.server.leaderelection.pre-vote = true (default)
2023-12-26 17:42:41,101 [39d92bf3-11d2-44f0-9af6-e9080cb8793e@group-BCF72C73DF2F-FollowerState] INFO  impl.RoleInfo (RoleInfo.java:updateAndGet(139)) - 39d92bf3-11d2-44f0-9af6-e9080cb8793e: start 39d92bf3-11d2-44f0-9af6-e9080cb8793e@group-BCF72C73DF2F-LeaderElection36
2023-12-26 17:42:41,102 [39d92bf3-11d2-44f0-9af6-e9080cb8793e@group-BCF72C73DF2F-LeaderElection36] INFO  impl.LeaderElection (LeaderElection.java:askForVotes(323)) - 39d92bf3-11d2-44f0-9af6-e9080cb8793e@group-BCF72C73DF2F-LeaderElection36 PRE_VOTE round 0: submit vote requests at term 0 for -1: peers:[f2ecaa80-14dc-424e-9be2-9314b399fe9c|10.1.0.4:15157, 39d92bf3-11d2-44f0-9af6-e9080cb8793e|10.1.0.4:15166, dfc36f62-24b2-4a1f-878a-2a4428b6a6a5|10.1.0.4:15175]|listeners:[], old=null
2023-12-26 17:42:41,102 [39d92bf3-11d2-44f0-9af6-e9080cb8793e@group-BCF72C73DF2F-LeaderElection36-1] INFO  server.GrpcServerProtocolClient (GrpcServerProtocolClient.java:<init>(65)) - Build channel for f2ecaa80-14dc-424e-9be2-9314b399fe9c
2023-12-26 17:42:41,104 [39d92bf3-11d2-44f0-9af6-e9080cb8793e@group-BCF72C73DF2F-LeaderElection36] INFO  server.RaftServerConfigKeys (ConfUtils.java:logFallback(53)) - raft.server.rpc.first-election.timeout.min = 5s (fallback to raft.server.rpc.timeout.min)
2023-12-26 17:42:41,104 [39d92bf3-11d2-44f0-9af6-e9080cb8793e@group-BCF72C73DF2F-LeaderElection36] INFO  server.RaftServerConfigKeys (ConfUtils.java:logFallback(53)) - raft.server.rpc.first-election.timeout.max = 5200ms (fallback to raft.server.rpc.timeout.max)
2023-12-26 17:42:41,104 [39d92bf3-11d2-44f0-9af6-e9080cb8793e@group-BCF72C73DF2F-LeaderElection36-2] INFO  server.GrpcServerProtocolClient (GrpcServerProtocolClient.java:<init>(65)) - Build channel for dfc36f62-24b2-4a1f-878a-2a4428b6a6a5
2023-12-26 17:42:41,105 [f2ecaa80-14dc-424e-9be2-9314b399fe9c@group-847021F19625-SegmentedRaftLogWorker] INFO  segmented.SegmentedRaftLogWorker (SegmentedRaftLogWorker.java:execute(632)) - f2ecaa80-14dc-424e-9be2-9314b399fe9c@group-847021F19625-SegmentedRaftLogWorker: created new log segment /home/runner/work/ozone/ozone/hadoop-ozone/integration-test/target/test-dir/MiniOzoneClusterImpl-c07e4b46-e5c7-4260-9d08-acd32f4d7801/datanode-6/data/ratis/5dded108-765b-4ddc-afa3-847021f19625/current/log_inprogress_0
2023-12-26 17:42:41,106 [f2ecaa80-14dc-424e-9be2-9314b399fe9c@group-847021F19625-StateMachineUpdater] INFO  server.RaftServer$Division (LeaderStateImpl.java:isApplied(316)) - leader is ready since appliedIndex == 0 >= startIndex == 0
2023-12-26 17:42:41,107 [main] INFO  ozone.MiniOzoneClusterImpl (MiniOzoneClusterImpl.java:lambda$waitForClusterToBeReady$0(230)) - Nodes are ready. Got 9 of 9 DN Heartbeats.
2023-12-26 17:42:41,107 [main] INFO  ozone.MiniOzoneClusterImpl (MiniOzoneClusterImpl.java:lambda$waitForClusterToBeReady$0(233)) - Cluster exits safe mode
2023-12-26 17:42:41,108 [main] INFO  ozone.MiniOzoneClusterImpl (MiniOzoneClusterImpl.java:lambda$waitForClusterToBeReady$0(235)) - SCM became leader
2023-12-26 17:42:41,108 [grpc-default-executor-1] INFO  server.RaftServer$Division (RaftServerImpl.java:requestVote(1377)) - f2ecaa80-14dc-424e-9be2-9314b399fe9c@group-BCF72C73DF2F: receive requestVote(PRE_VOTE, 39d92bf3-11d2-44f0-9af6-e9080cb8793e, group-BCF72C73DF2F, 0, (t:0, i:0))
2023-12-26 17:42:41,108 [grpc-default-executor-1] INFO  impl.VoteContext (VoteContext.java:log(49)) - f2ecaa80-14dc-424e-9be2-9314b399fe9c@group-BCF72C73DF2F-FOLLOWER: accept PRE_VOTE from 39d92bf3-11d2-44f0-9af6-e9080cb8793e: our priority 0 <= candidate's priority 1
2023-12-26 17:42:41,108 [grpc-default-executor-1] INFO  server.RaftServer$Division (RaftServerImpl.java:requestVote(1410)) - f2ecaa80-14dc-424e-9be2-9314b399fe9c@group-BCF72C73DF2F replies to PRE_VOTE vote request: 39d92bf3-11d2-44f0-9af6-e9080cb8793e<-f2ecaa80-14dc-424e-9be2-9314b399fe9c#0:OK-t0. Peer's state: f2ecaa80-14dc-424e-9be2-9314b399fe9c@group-BCF72C73DF2F:t0, leader=null, voted=, raftlog=Memoized:f2ecaa80-14dc-424e-9be2-9314b399fe9c@group-BCF72C73DF2F-SegmentedRaftLog:OPENED:c-1, conf=-1: peers:[f2ecaa80-14dc-424e-9be2-9314b399fe9c|10.1.0.4:15157, 39d92bf3-11d2-44f0-9af6-e9080cb8793e|10.1.0.4:15166, dfc36f62-24b2-4a1f-878a-2a4428b6a6a5|10.1.0.4:15175]|listeners:[], old=null
2023-12-26 17:42:41,108 [main] INFO  protocolPB.OmTransportFactory (OmTransportFactory.java:createFactory(62)) - Loading OM transport implementation org.apache.hadoop.ozone.om.protocolPB.Hadoop3OmTransportFactory as specified by configuration.
2023-12-26 17:42:41,111 [39d92bf3-11d2-44f0-9af6-e9080cb8793e@group-BCF72C73DF2F-LeaderElection36] INFO  impl.LeaderElection (LeaderElection.java:logAndReturn(89)) - 39d92bf3-11d2-44f0-9af6-e9080cb8793e@group-BCF72C73DF2F-LeaderElection36: PRE_VOTE PASSED received 1 response(s) and 0 exception(s):
2023-12-26 17:42:41,111 [39d92bf3-11d2-44f0-9af6-e9080cb8793e@group-BCF72C73DF2F-LeaderElection36] INFO  impl.LeaderElection (LeaderElection.java:logAndReturn(93)) -   Response 0: 39d92bf3-11d2-44f0-9af6-e9080cb8793e<-f2ecaa80-14dc-424e-9be2-9314b399fe9c#0:OK-t0
2023-12-26 17:42:41,111 [39d92bf3-11d2-44f0-9af6-e9080cb8793e@group-BCF72C73DF2F-LeaderElection36] INFO  impl.LeaderElection (LeaderElection.java:askForVotes(325)) - 39d92bf3-11d2-44f0-9af6-e9080cb8793e@group-BCF72C73DF2F-LeaderElection36 PRE_VOTE round 0: result PASSED
2023-12-26 17:42:41,111 [grpc-default-executor-1] INFO  server.RaftServer$Division (RaftServerImpl.java:requestVote(1377)) - dfc36f62-24b2-4a1f-878a-2a4428b6a6a5@group-BCF72C73DF2F: receive requestVote(PRE_VOTE, 39d92bf3-11d2-44f0-9af6-e9080cb8793e, group-BCF72C73DF2F, 0, (t:0, i:0))
2023-12-26 17:42:41,113 [39d92bf3-11d2-44f0-9af6-e9080cb8793e@group-BCF72C73DF2F-LeaderElection36] INFO  impl.LeaderElection (LeaderElection.java:askForVotes(323)) - 39d92bf3-11d2-44f0-9af6-e9080cb8793e@group-BCF72C73DF2F-LeaderElection36 ELECTION round 0: submit vote requests at term 1 for -1: peers:[f2ecaa80-14dc-424e-9be2-9314b399fe9c|10.1.0.4:15157, 39d92bf3-11d2-44f0-9af6-e9080cb8793e|10.1.0.4:15166, dfc36f62-24b2-4a1f-878a-2a4428b6a6a5|10.1.0.4:15175]|listeners:[], old=null
2023-12-26 17:42:41,113 [39d92bf3-11d2-44f0-9af6-e9080cb8793e@group-BCF72C73DF2F-LeaderElection36] INFO  server.RaftServerConfigKeys (ConfUtils.java:logFallback(53)) - raft.server.rpc.first-election.timeout.min = 5s (fallback to raft.server.rpc.timeout.min)
2023-12-26 17:42:41,114 [39d92bf3-11d2-44f0-9af6-e9080cb8793e@group-BCF72C73DF2F-LeaderElection36] INFO  server.RaftServerConfigKeys (ConfUtils.java:logFallback(53)) - raft.server.rpc.first-election.timeout.max = 5200ms (fallback to raft.server.rpc.timeout.max)
2023-12-26 17:42:41,114 [grpc-default-executor-1] INFO  impl.VoteContext (VoteContext.java:log(49)) - dfc36f62-24b2-4a1f-878a-2a4428b6a6a5@group-BCF72C73DF2F-FOLLOWER: accept PRE_VOTE from 39d92bf3-11d2-44f0-9af6-e9080cb8793e: our priority 0 <= candidate's priority 1
2023-12-26 17:42:41,114 [grpc-default-executor-1] INFO  server.RaftServer$Division (RaftServerImpl.java:requestVote(1410)) - dfc36f62-24b2-4a1f-878a-2a4428b6a6a5@group-BCF72C73DF2F replies to PRE_VOTE vote request: 39d92bf3-11d2-44f0-9af6-e9080cb8793e<-dfc36f62-24b2-4a1f-878a-2a4428b6a6a5#0:OK-t0. Peer's state: dfc36f62-24b2-4a1f-878a-2a4428b6a6a5@group-BCF72C73DF2F:t0, leader=null, voted=, raftlog=Memoized:dfc36f62-24b2-4a1f-878a-2a4428b6a6a5@group-BCF72C73DF2F-SegmentedRaftLog:OPENED:c-1, conf=-1: peers:[f2ecaa80-14dc-424e-9be2-9314b399fe9c|10.1.0.4:15157, 39d92bf3-11d2-44f0-9af6-e9080cb8793e|10.1.0.4:15166, dfc36f62-24b2-4a1f-878a-2a4428b6a6a5|10.1.0.4:15175]|listeners:[], old=null
2023-12-26 17:42:41,115 [grpc-default-executor-4] INFO  server.RaftServer$Division (RaftServerImpl.java:requestVote(1377)) - dfc36f62-24b2-4a1f-878a-2a4428b6a6a5@group-BCF72C73DF2F: receive requestVote(ELECTION, 39d92bf3-11d2-44f0-9af6-e9080cb8793e, group-BCF72C73DF2F, 1, (t:0, i:0))
2023-12-26 17:42:41,115 [grpc-default-executor-4] INFO  impl.VoteContext (VoteContext.java:log(49)) - dfc36f62-24b2-4a1f-878a-2a4428b6a6a5@group-BCF72C73DF2F-FOLLOWER: accept ELECTION from 39d92bf3-11d2-44f0-9af6-e9080cb8793e: our priority 0 <= candidate's priority 1
2023-12-26 17:42:41,115 [grpc-default-executor-4] INFO  server.RaftServer$Division (RaftServerImpl.java:setRole(379)) - dfc36f62-24b2-4a1f-878a-2a4428b6a6a5@group-BCF72C73DF2F: changes role from  FOLLOWER to FOLLOWER at term 1 for candidate:39d92bf3-11d2-44f0-9af6-e9080cb8793e
2023-12-26 17:42:41,115 [grpc-default-executor-1] INFO  server.RaftServer$Division (RaftServerImpl.java:requestVote(1377)) - f2ecaa80-14dc-424e-9be2-9314b399fe9c@group-BCF72C73DF2F: receive requestVote(ELECTION, 39d92bf3-11d2-44f0-9af6-e9080cb8793e, group-BCF72C73DF2F, 1, (t:0, i:0))
2023-12-26 17:42:41,115 [grpc-default-executor-4] INFO  impl.RoleInfo (RoleInfo.java:shutdownFollowerState(110)) - dfc36f62-24b2-4a1f-878a-2a4428b6a6a5: shutdown dfc36f62-24b2-4a1f-878a-2a4428b6a6a5@group-BCF72C73DF2F-FollowerState
2023-12-26 17:42:41,115 [grpc-default-executor-1] INFO  impl.VoteContext (VoteContext.java:log(49)) - f2ecaa80-14dc-424e-9be2-9314b399fe9c@group-BCF72C73DF2F-FOLLOWER: accept ELECTION from 39d92bf3-11d2-44f0-9af6-e9080cb8793e: our priority 0 <= candidate's priority 1
2023-12-26 17:42:41,115 [dfc36f62-24b2-4a1f-878a-2a4428b6a6a5@group-BCF72C73DF2F-FollowerState] INFO  impl.FollowerState (FollowerState.java:run(152)) - dfc36f62-24b2-4a1f-878a-2a4428b6a6a5@group-BCF72C73DF2F-FollowerState was interrupted
2023-12-26 17:42:41,115 [grpc-default-executor-1] INFO  server.RaftServer$Division (RaftServerImpl.java:setRole(379)) - f2ecaa80-14dc-424e-9be2-9314b399fe9c@group-BCF72C73DF2F: changes role from  FOLLOWER to FOLLOWER at term 1 for candidate:39d92bf3-11d2-44f0-9af6-e9080cb8793e
2023-12-26 17:42:41,118 [grpc-default-executor-1] INFO  impl.RoleInfo (RoleInfo.java:shutdownFollowerState(110)) - f2ecaa80-14dc-424e-9be2-9314b399fe9c: shutdown f2ecaa80-14dc-424e-9be2-9314b399fe9c@group-BCF72C73DF2F-FollowerState
2023-12-26 17:42:41,118 [grpc-default-executor-1] INFO  impl.RoleInfo (RoleInfo.java:updateAndGet(139)) - f2ecaa80-14dc-424e-9be2-9314b399fe9c: start f2ecaa80-14dc-424e-9be2-9314b399fe9c@group-BCF72C73DF2F-FollowerState
2023-12-26 17:42:41,115 [grpc-default-executor-4] INFO  impl.RoleInfo (RoleInfo.java:updateAndGet(139)) - dfc36f62-24b2-4a1f-878a-2a4428b6a6a5: start dfc36f62-24b2-4a1f-878a-2a4428b6a6a5@group-BCF72C73DF2F-FollowerState
2023-12-26 17:42:41,118 [f2ecaa80-14dc-424e-9be2-9314b399fe9c@group-BCF72C73DF2F-FollowerState] INFO  impl.FollowerState (FollowerState.java:run(152)) - f2ecaa80-14dc-424e-9be2-9314b399fe9c@group-BCF72C73DF2F-FollowerState was interrupted
2023-12-26 17:42:41,118 [grpc-default-executor-4] INFO  server.RaftServer$Division (RaftServerImpl.java:setFirstElection(564)) - dfc36f62-24b2-4a1f-878a-2a4428b6a6a5@group-BCF72C73DF2F: set firstElectionSinceStartup to false for candidate:39d92bf3-11d2-44f0-9af6-e9080cb8793e
2023-12-26 17:42:41,119 [main] INFO  rpc.RpcClient (RpcClient.java:createVolume(456)) - Creating Volume: watchforcommithandlingtest, with runner as owner and space quota set to -1 bytes, counts quota set to -1
2023-12-26 17:42:41,119 [grpc-default-executor-1] INFO  server.RaftServer$Division (RaftServerImpl.java:requestVote(1410)) - f2ecaa80-14dc-424e-9be2-9314b399fe9c@group-BCF72C73DF2F replies to ELECTION vote request: 39d92bf3-11d2-44f0-9af6-e9080cb8793e<-f2ecaa80-14dc-424e-9be2-9314b399fe9c#0:OK-t1. Peer's state: f2ecaa80-14dc-424e-9be2-9314b399fe9c@group-BCF72C73DF2F:t1, leader=null, voted=39d92bf3-11d2-44f0-9af6-e9080cb8793e, raftlog=Memoized:f2ecaa80-14dc-424e-9be2-9314b399fe9c@group-BCF72C73DF2F-SegmentedRaftLog:OPENED:c-1, conf=-1: peers:[f2ecaa80-14dc-424e-9be2-9314b399fe9c|10.1.0.4:15157, 39d92bf3-11d2-44f0-9af6-e9080cb8793e|10.1.0.4:15166, dfc36f62-24b2-4a1f-878a-2a4428b6a6a5|10.1.0.4:15175]|listeners:[], old=null
2023-12-26 17:42:41,121 [grpc-default-executor-4] INFO  server.RaftServer$Division (RaftServerImpl.java:requestVote(1410)) - dfc36f62-24b2-4a1f-878a-2a4428b6a6a5@group-BCF72C73DF2F replies to ELECTION vote request: 39d92bf3-11d2-44f0-9af6-e9080cb8793e<-dfc36f62-24b2-4a1f-878a-2a4428b6a6a5#0:OK-t1. Peer's state: dfc36f62-24b2-4a1f-878a-2a4428b6a6a5@group-BCF72C73DF2F:t1, leader=null, voted=39d92bf3-11d2-44f0-9af6-e9080cb8793e, raftlog=Memoized:dfc36f62-24b2-4a1f-878a-2a4428b6a6a5@group-BCF72C73DF2F-SegmentedRaftLog:OPENED:c-1, conf=-1: peers:[f2ecaa80-14dc-424e-9be2-9314b399fe9c|10.1.0.4:15157, 39d92bf3-11d2-44f0-9af6-e9080cb8793e|10.1.0.4:15166, dfc36f62-24b2-4a1f-878a-2a4428b6a6a5|10.1.0.4:15175]|listeners:[], old=null
2023-12-26 17:42:41,122 [39d92bf3-11d2-44f0-9af6-e9080cb8793e@group-BCF72C73DF2F-LeaderElection36] INFO  impl.LeaderElection (LeaderElection.java:logAndReturn(89)) - 39d92bf3-11d2-44f0-9af6-e9080cb8793e@group-BCF72C73DF2F-LeaderElection36: ELECTION PASSED received 1 response(s) and 0 exception(s):
2023-12-26 17:42:41,122 [39d92bf3-11d2-44f0-9af6-e9080cb8793e@group-BCF72C73DF2F-LeaderElection36] INFO  impl.LeaderElection (LeaderElection.java:logAndReturn(93)) -   Response 0: 39d92bf3-11d2-44f0-9af6-e9080cb8793e<-f2ecaa80-14dc-424e-9be2-9314b399fe9c#0:OK-t1
2023-12-26 17:42:41,122 [39d92bf3-11d2-44f0-9af6-e9080cb8793e@group-BCF72C73DF2F-LeaderElection36] INFO  impl.LeaderElection (LeaderElection.java:askForVotes(325)) - 39d92bf3-11d2-44f0-9af6-e9080cb8793e@group-BCF72C73DF2F-LeaderElection36 ELECTION round 0: result PASSED
2023-12-26 17:42:41,122 [39d92bf3-11d2-44f0-9af6-e9080cb8793e@group-BCF72C73DF2F-LeaderElection36] INFO  impl.RoleInfo (RoleInfo.java:shutdownLeaderElection(130)) - 39d92bf3-11d2-44f0-9af6-e9080cb8793e: shutdown 39d92bf3-11d2-44f0-9af6-e9080cb8793e@group-BCF72C73DF2F-LeaderElection36
2023-12-26 17:42:41,122 [39d92bf3-11d2-44f0-9af6-e9080cb8793e@group-BCF72C73DF2F-LeaderElection36] INFO  server.RaftServer$Division (RaftServerImpl.java:setRole(379)) - 39d92bf3-11d2-44f0-9af6-e9080cb8793e@group-BCF72C73DF2F: changes role from CANDIDATE to LEADER at term 1 for changeToLeader
2023-12-26 17:42:41,122 [39d92bf3-11d2-44f0-9af6-e9080cb8793e@group-BCF72C73DF2F-LeaderElection36] INFO  server.RaftServerConfigKeys (ConfUtils.java:logGet(46)) - raft.server.staging.catchup.gap = 1000 (default)
2023-12-26 17:42:41,122 [39d92bf3-11d2-44f0-9af6-e9080cb8793e@group-BCF72C73DF2F-LeaderElection36] INFO  server.RaftServerConfigKeys (ConfUtils.java:logGet(46)) - raft.server.write.element-limit = 1024 (custom)
2023-12-26 17:42:41,122 [39d92bf3-11d2-44f0-9af6-e9080cb8793e@group-BCF72C73DF2F-LeaderElection36] INFO  server.RaftServerConfigKeys (ConfUtils.java:logGet(46)) - raft.server.write.byte-limit = 1024 M (=1073741824) (custom)
2023-12-26 17:42:41,122 [39d92bf3-11d2-44f0-9af6-e9080cb8793e@group-BCF72C73DF2F-LeaderElection36] INFO  server.RaftServerConfigKeys (ConfUtils.java:logGet(46)) - raft.server.watch.timeout = 3000ms (custom)
2023-12-26 17:42:41,122 [39d92bf3-11d2-44f0-9af6-e9080cb8793e@group-BCF72C73DF2F-LeaderElection36] INFO  server.RaftServerConfigKeys (ConfUtils.java:logGet(46)) - raft.server.watch.timeout.denomination = 1s (default)
2023-12-26 17:42:41,122 [39d92bf3-11d2-44f0-9af6-e9080cb8793e@group-BCF72C73DF2F-LeaderElection36] INFO  server.RaftServerConfigKeys (ConfUtils.java:logGet(46)) - raft.server.watch.element-limit = 65536 (default)
2023-12-26 17:42:41,122 [39d92bf3-11d2-44f0-9af6-e9080cb8793e@group-BCF72C73DF2F-LeaderElection36] INFO  server.RaftServerConfigKeys (ConfUtils.java:logGet(46)) - raft.server.read.leader.lease.enabled = false (default)
2023-12-26 17:42:41,122 [39d92bf3-11d2-44f0-9af6-e9080cb8793e@group-BCF72C73DF2F-LeaderElection36] INFO  server.RaftServerConfigKeys (ConfUtils.java:logGet(46)) - raft.server.read.leader.lease.timeout.ratio = 0.9 (default)
2023-12-26 17:42:41,122 [39d92bf3-11d2-44f0-9af6-e9080cb8793e@group-BCF72C73DF2F-LeaderElection36] INFO  server.RaftServerConfigKeys (ConfUtils.java:logGet(46)) - raft.server.rpc.timeout.min = 5s (custom)
2023-12-26 17:42:41,122 [39d92bf3-11d2-44f0-9af6-e9080cb8793e@group-BCF72C73DF2F-LeaderElection36] INFO  server.RaftServerConfigKeys (ConfUtils.java:logGet(46)) - raft.server.write.element-limit = 1024 (custom)
2023-12-26 17:42:41,123 [39d92bf3-11d2-44f0-9af6-e9080cb8793e@group-BCF72C73DF2F-LeaderElection36] INFO  server.RaftServerConfigKeys (ConfUtils.java:logGet(46)) - raft.server.write.follower.gap.ratio.max = -1.0 (default)
2023-12-26 17:42:41,123 [39d92bf3-11d2-44f0-9af6-e9080cb8793e@group-BCF72C73DF2F-LeaderElection36] INFO  server.RaftServerConfigKeys (ConfUtils.java:logGet(46)) - raft.server.log.appender.snapshot.chunk.size.max = 16MB (=16777216) (default)
2023-12-26 17:42:41,123 [39d92bf3-11d2-44f0-9af6-e9080cb8793e@group-BCF72C73DF2F-LeaderElection36] INFO  server.RaftServerConfigKeys (ConfUtils.java:logGet(46)) - raft.server.log.appender.buffer.byte-limit = 8388608 (custom)
2023-12-26 17:42:41,123 [39d92bf3-11d2-44f0-9af6-e9080cb8793e@group-BCF72C73DF2F-LeaderElection36] INFO  server.RaftServerConfigKeys (ConfUtils.java:logGet(46)) - raft.server.log.appender.buffer.element-limit = 1 (custom)
2023-12-26 17:42:41,123 [39d92bf3-11d2-44f0-9af6-e9080cb8793e@group-BCF72C73DF2F-LeaderElection36] INFO  server.RaftServerConfigKeys (ConfUtils.java:logGet(46)) - raft.server.log.appender.wait-time.min = 0ms (custom)
2023-12-26 17:42:41,123 [39d92bf3-11d2-44f0-9af6-e9080cb8793e@group-BCF72C73DF2F-LeaderElection36] INFO  grpc.GrpcConfigKeys (ConfUtils.java:logGet(46)) - raft.grpc.server.leader.outstanding.appends.max = 8 (default)
2023-12-26 17:42:41,123 [39d92bf3-11d2-44f0-9af6-e9080cb8793e@group-BCF72C73DF2F-LeaderElection36] INFO  server.RaftServerConfigKeys (ConfUtils.java:logGet(46)) - raft.server.rpc.request.timeout = 3000ms (default)
2023-12-26 17:42:41,123 [39d92bf3-11d2-44f0-9af6-e9080cb8793e@group-BCF72C73DF2F-LeaderElection36] INFO  grpc.GrpcConfigKeys (ConfUtils.java:logGet(46)) - raft.grpc.server.install_snapshot.request.element-limit = 8 (default)
2023-12-26 17:42:41,123 [39d92bf3-11d2-44f0-9af6-e9080cb8793e@group-BCF72C73DF2F-LeaderElection36] INFO  grpc.GrpcConfigKeys (ConfUtils.java:logGet(46)) - raft.grpc.server.install_snapshot.request.timeout = 3000ms (default)
2023-12-26 17:42:41,123 [39d92bf3-11d2-44f0-9af6-e9080cb8793e@group-BCF72C73DF2F-LeaderElection36] INFO  server.RaftServerConfigKeys (ConfUtils.java:logGet(46)) - raft.server.log.appender.install.snapshot.enabled = false (custom)
2023-12-26 17:42:41,123 [39d92bf3-11d2-44f0-9af6-e9080cb8793e@group-BCF72C73DF2F-LeaderElection36] INFO  grpc.GrpcConfigKeys (ConfUtils.java:logGet(46)) - raft.grpc.server.heartbeat.channel = true (default)
2023-12-26 17:42:41,124 [39d92bf3-11d2-44f0-9af6-e9080cb8793e@group-BCF72C73DF2F-LeaderElection36] INFO  server.RaftServerConfigKeys (ConfUtils.java:logGet(46)) - raft.server.log.appender.snapshot.chunk.size.max = 16MB (=16777216) (default)
2023-12-26 17:42:41,124 [39d92bf3-11d2-44f0-9af6-e9080cb8793e@group-BCF72C73DF2F-LeaderElection36] INFO  server.RaftServerConfigKeys (ConfUtils.java:logGet(46)) - raft.server.log.appender.buffer.byte-limit = 8388608 (custom)
2023-12-26 17:42:41,124 [39d92bf3-11d2-44f0-9af6-e9080cb8793e@group-BCF72C73DF2F-LeaderElection36] INFO  server.RaftServerConfigKeys (ConfUtils.java:logGet(46)) - raft.server.log.appender.buffer.element-limit = 1 (custom)
2023-12-26 17:42:41,124 [39d92bf3-11d2-44f0-9af6-e9080cb8793e@group-BCF72C73DF2F-LeaderElection36] INFO  server.RaftServerConfigKeys (ConfUtils.java:logGet(46)) - raft.server.log.appender.wait-time.min = 0ms (custom)
2023-12-26 17:42:41,124 [39d92bf3-11d2-44f0-9af6-e9080cb8793e@group-BCF72C73DF2F-LeaderElection36] INFO  grpc.GrpcConfigKeys (ConfUtils.java:logGet(46)) - raft.grpc.server.leader.outstanding.appends.max = 8 (default)
2023-12-26 17:42:41,124 [39d92bf3-11d2-44f0-9af6-e9080cb8793e@group-BCF72C73DF2F-LeaderElection36] INFO  server.RaftServerConfigKeys (ConfUtils.java:logGet(46)) - raft.server.rpc.request.timeout = 3000ms (default)
2023-12-26 17:42:41,124 [39d92bf3-11d2-44f0-9af6-e9080cb8793e@group-BCF72C73DF2F-LeaderElection36] INFO  grpc.GrpcConfigKeys (ConfUtils.java:logGet(46)) - raft.grpc.server.install_snapshot.request.element-limit = 8 (default)
2023-12-26 17:42:41,124 [39d92bf3-11d2-44f0-9af6-e9080cb8793e@group-BCF72C73DF2F-LeaderElection36] INFO  grpc.GrpcConfigKeys (ConfUtils.java:logGet(46)) - raft.grpc.server.install_snapshot.request.timeout = 3000ms (default)
2023-12-26 17:42:41,124 [39d92bf3-11d2-44f0-9af6-e9080cb8793e@group-BCF72C73DF2F-LeaderElection36] INFO  server.RaftServerConfigKeys (ConfUtils.java:logGet(46)) - raft.server.log.appender.install.snapshot.enabled = false (custom)
2023-12-26 17:42:41,124 [39d92bf3-11d2-44f0-9af6-e9080cb8793e@group-BCF72C73DF2F-LeaderElection36] INFO  grpc.GrpcConfigKeys (ConfUtils.java:logGet(46)) - raft.grpc.server.heartbeat.channel = true (default)
2023-12-26 17:42:41,124 [39d92bf3-11d2-44f0-9af6-e9080cb8793e@group-BCF72C73DF2F-LeaderElection36] INFO  impl.RoleInfo (RoleInfo.java:updateAndGet(139)) - 39d92bf3-11d2-44f0-9af6-e9080cb8793e: start 39d92bf3-11d2-44f0-9af6-e9080cb8793e@group-BCF72C73DF2F-LeaderStateImpl
2023-12-26 17:42:41,124 [39d92bf3-11d2-44f0-9af6-e9080cb8793e@group-BCF72C73DF2F-LeaderElection36] INFO  server.RaftServer$Division (RaftServerImpl.java:setFirstElection(564)) - 39d92bf3-11d2-44f0-9af6-e9080cb8793e@group-BCF72C73DF2F: set firstElectionSinceStartup to false for becomeLeader
2023-12-26 17:42:41,124 [39d92bf3-11d2-44f0-9af6-e9080cb8793e@group-BCF72C73DF2F-LeaderElection36] INFO  ratis.XceiverServerRatis (XceiverServerRatis.java:handleLeaderChangedNotification(935)) - Leader change notification received for group: group-BCF72C73DF2F with new leaderId: 39d92bf3-11d2-44f0-9af6-e9080cb8793e
2023-12-26 17:42:41,124 [39d92bf3-11d2-44f0-9af6-e9080cb8793e@group-BCF72C73DF2F-LeaderElection36] INFO  server.RaftServer$Division (ServerState.java:setLeader(265)) - 39d92bf3-11d2-44f0-9af6-e9080cb8793e@group-BCF72C73DF2F: change Leader from null to 39d92bf3-11d2-44f0-9af6-e9080cb8793e at term 1 for becomeLeader, leader elected after 5182ms
2023-12-26 17:42:41,125 [39d92bf3-11d2-44f0-9af6-e9080cb8793e@group-BCF72C73DF2F-LeaderElection36] INFO  segmented.SegmentedRaftLogWorker (SegmentedRaftLogWorker.java:startLogSegment(428)) - 39d92bf3-11d2-44f0-9af6-e9080cb8793e@group-BCF72C73DF2F-SegmentedRaftLogWorker: Starting segment from index:0
2023-12-26 17:42:41,126 [39d92bf3-11d2-44f0-9af6-e9080cb8793e@group-BCF72C73DF2F-LeaderElection36] INFO  server.RaftServer$Division (ServerState.java:setRaftConf(382)) - 39d92bf3-11d2-44f0-9af6-e9080cb8793e@group-BCF72C73DF2F: set configuration 0: peers:[f2ecaa80-14dc-424e-9be2-9314b399fe9c|10.1.0.4:15157, 39d92bf3-11d2-44f0-9af6-e9080cb8793e|10.1.0.4:15166, dfc36f62-24b2-4a1f-878a-2a4428b6a6a5|10.1.0.4:15175]|listeners:[], old=null
2023-12-26 17:42:41,127 [EventQueue-PipelineReportForPipelineReportHandler] INFO  pipeline.PipelineReportHandler (PipelineReportHandler.java:processPipelineReport(136)) - Opened pipeline PipelineID=b677c0c9-3ba4-4491-900a-bcf72c73df2f
2023-12-26 17:42:41,133 [dfc36f62-24b2-4a1f-878a-2a4428b6a6a5-server-thread2] INFO  ratis.XceiverServerRatis (XceiverServerRatis.java:handleLeaderChangedNotification(935)) - Leader change notification received for group: group-BCF72C73DF2F with new leaderId: 39d92bf3-11d2-44f0-9af6-e9080cb8793e
2023-12-26 17:42:41,134 [dfc36f62-24b2-4a1f-878a-2a4428b6a6a5-server-thread2] INFO  server.RaftServer$Division (ServerState.java:setLeader(265)) - dfc36f62-24b2-4a1f-878a-2a4428b6a6a5@group-BCF72C73DF2F: change Leader from null to 39d92bf3-11d2-44f0-9af6-e9080cb8793e at term 1 for appendEntries, leader elected after 5167ms
2023-12-26 17:42:41,134 [39d92bf3-11d2-44f0-9af6-e9080cb8793e@group-BCF72C73DF2F-SegmentedRaftLogWorker] INFO  segmented.SegmentedRaftLogWorker (SegmentedRaftLogWorker.java:execute(632)) - 39d92bf3-11d2-44f0-9af6-e9080cb8793e@group-BCF72C73DF2F-SegmentedRaftLogWorker: created new log segment /home/runner/work/ozone/ozone/hadoop-ozone/integration-test/target/test-dir/MiniOzoneClusterImpl-c07e4b46-e5c7-4260-9d08-acd32f4d7801/datanode-7/data/ratis/b677c0c9-3ba4-4491-900a-bcf72c73df2f/current/log_inprogress_0
2023-12-26 17:42:41,133 [om1-OMStateMachineApplyTransactionThread - 0] INFO  volume.OMVolumeCreateRequest (OMVolumeCreateRequest.java:validateAndUpdateCache(197)) - created volume:watchforcommithandlingtest for user:runner
2023-12-26 17:42:41,142 [dfc36f62-24b2-4a1f-878a-2a4428b6a6a5-server-thread2] INFO  server.RaftServer$Division (ServerState.java:setRaftConf(382)) - dfc36f62-24b2-4a1f-878a-2a4428b6a6a5@group-BCF72C73DF2F: set configuration 0: peers:[f2ecaa80-14dc-424e-9be2-9314b399fe9c|10.1.0.4:15157, 39d92bf3-11d2-44f0-9af6-e9080cb8793e|10.1.0.4:15166, dfc36f62-24b2-4a1f-878a-2a4428b6a6a5|10.1.0.4:15175]|listeners:[], old=null
2023-12-26 17:42:41,142 [dfc36f62-24b2-4a1f-878a-2a4428b6a6a5-server-thread2] INFO  segmented.SegmentedRaftLogWorker (SegmentedRaftLogWorker.java:startLogSegment(428)) - dfc36f62-24b2-4a1f-878a-2a4428b6a6a5@group-BCF72C73DF2F-SegmentedRaftLogWorker: Starting segment from index:0
2023-12-26 17:42:41,147 [f2ecaa80-14dc-424e-9be2-9314b399fe9c-server-thread1] INFO  ratis.XceiverServerRatis (XceiverServerRatis.java:handleLeaderChangedNotification(935)) - Leader change notification received for group: group-BCF72C73DF2F with new leaderId: 39d92bf3-11d2-44f0-9af6-e9080cb8793e
2023-12-26 17:42:41,148 [f2ecaa80-14dc-424e-9be2-9314b399fe9c-server-thread1] INFO  server.RaftServer$Division (ServerState.java:setLeader(265)) - f2ecaa80-14dc-424e-9be2-9314b399fe9c@group-BCF72C73DF2F: change Leader from null to 39d92bf3-11d2-44f0-9af6-e9080cb8793e at term 1 for appendEntries, leader elected after 5231ms
2023-12-26 17:42:41,149 [main] INFO  rpc.RpcClient (RpcClient.java:createBucket(683)) - Creating Bucket: watchforcommithandlingtest/watchforcommithandlingtest, with server-side default bucket layout, runner as owner, Versioning false, Storage Type set to DISK and Encryption set to false, Replication Type set to server-side default replication type, Namespace Quota set to -1, Space Quota set to -1 
2023-12-26 17:42:41,149 [dfc36f62-24b2-4a1f-878a-2a4428b6a6a5@group-BCF72C73DF2F-SegmentedRaftLogWorker] INFO  segmented.SegmentedRaftLogWorker (SegmentedRaftLogWorker.java:execute(632)) - dfc36f62-24b2-4a1f-878a-2a4428b6a6a5@group-BCF72C73DF2F-SegmentedRaftLogWorker: created new log segment /home/runner/work/ozone/ozone/hadoop-ozone/integration-test/target/test-dir/MiniOzoneClusterImpl-c07e4b46-e5c7-4260-9d08-acd32f4d7801/datanode-8/data/ratis/b677c0c9-3ba4-4491-900a-bcf72c73df2f/current/log_inprogress_0
2023-12-26 17:42:41,151 [39d92bf3-11d2-44f0-9af6-e9080cb8793e@group-BCF72C73DF2F-StateMachineUpdater] INFO  server.RaftServer$Division (LeaderStateImpl.java:isApplied(316)) - leader is ready since appliedIndex == 0 >= startIndex == 0
2023-12-26 17:42:41,152 [om1-OMStateMachineApplyTransactionThread - 0] INFO  bucket.OMBucketCreateRequest (OMBucketCreateRequest.java:validateAndUpdateCache(295)) - created bucket: watchforcommithandlingtest of layout FILE_SYSTEM_OPTIMIZED in volume: watchforcommithandlingtest
2023-12-26 17:42:41,154 [f2ecaa80-14dc-424e-9be2-9314b399fe9c-server-thread3] INFO  server.RaftServer$Division (ServerState.java:setRaftConf(382)) - f2ecaa80-14dc-424e-9be2-9314b399fe9c@group-BCF72C73DF2F: set configuration 0: peers:[f2ecaa80-14dc-424e-9be2-9314b399fe9c|10.1.0.4:15157, 39d92bf3-11d2-44f0-9af6-e9080cb8793e|10.1.0.4:15166, dfc36f62-24b2-4a1f-878a-2a4428b6a6a5|10.1.0.4:15175]|listeners:[], old=null
2023-12-26 17:42:41,154 [f2ecaa80-14dc-424e-9be2-9314b399fe9c-server-thread3] INFO  segmented.SegmentedRaftLogWorker (SegmentedRaftLogWorker.java:startLogSegment(428)) - f2ecaa80-14dc-424e-9be2-9314b399fe9c@group-BCF72C73DF2F-SegmentedRaftLogWorker: Starting segment from index:0
2023-12-26 17:42:41,160 [f2ecaa80-14dc-424e-9be2-9314b399fe9c@group-BCF72C73DF2F-SegmentedRaftLogWorker] INFO  segmented.SegmentedRaftLogWorker (SegmentedRaftLogWorker.java:execute(632)) - f2ecaa80-14dc-424e-9be2-9314b399fe9c@group-BCF72C73DF2F-SegmentedRaftLogWorker: created new log segment /home/runner/work/ozone/ozone/hadoop-ozone/integration-test/target/test-dir/MiniOzoneClusterImpl-c07e4b46-e5c7-4260-9d08-acd32f4d7801/datanode-6/data/ratis/b677c0c9-3ba4-4491-900a-bcf72c73df2f/current/log_inprogress_0
2023-12-26 17:42:41,166 [IPC Server handler 3 on default port 15089] INFO  ha.SequenceIdGenerator (SequenceIdGenerator.java:getNextId(145)) - Allocate a batch for containerId, change lastId from 0 to 1000.
2023-12-26 17:42:41,198 [main] INFO  ozoneimpl.OzoneContainer (OzoneContainer.java:stop(463)) - Attempting to stop container services.
2023-12-26 17:42:41,199 [main] INFO  server.RaftServer (RaftServerProxy.java:lambda$close$9(416)) - 44b0d7ae-65a5-40e5-9d42-50dc3ce2f2bb: close
2023-12-26 17:42:41,199 [44b0d7ae-65a5-40e5-9d42-50dc3ce2f2bb-impl-thread1] INFO  server.RaftServer$Division (RaftServerImpl.java:lambda$close$3(516)) - 44b0d7ae-65a5-40e5-9d42-50dc3ce2f2bb@group-2E46F1BBFCA7: shutdown
2023-12-26 17:42:41,199 [44b0d7ae-65a5-40e5-9d42-50dc3ce2f2bb-impl-thread1] INFO  util.JmxRegister (JmxRegister.java:unregister(73)) - Successfully un-registered JMX Bean with object name Ratis:service=RaftServer,group=group-2E46F1BBFCA7,id=44b0d7ae-65a5-40e5-9d42-50dc3ce2f2bb
2023-12-26 17:42:41,199 [44b0d7ae-65a5-40e5-9d42-50dc3ce2f2bb-impl-thread1] INFO  impl.RoleInfo (RoleInfo.java:shutdownLeaderState(94)) - 44b0d7ae-65a5-40e5-9d42-50dc3ce2f2bb: shutdown 44b0d7ae-65a5-40e5-9d42-50dc3ce2f2bb@group-2E46F1BBFCA7-LeaderStateImpl
2023-12-26 17:42:41,200 [44b0d7ae-65a5-40e5-9d42-50dc3ce2f2bb-impl-thread1] INFO  impl.PendingRequests (PendingRequests.java:sendNotLeaderResponses(289)) - 44b0d7ae-65a5-40e5-9d42-50dc3ce2f2bb@group-2E46F1BBFCA7-PendingRequests: sendNotLeaderResponses
2023-12-26 17:42:41,200 [44b0d7ae-65a5-40e5-9d42-50dc3ce2f2bb-impl-thread1] INFO  impl.StateMachineUpdater (StateMachineUpdater.java:stopAndJoin(157)) - 44b0d7ae-65a5-40e5-9d42-50dc3ce2f2bb@group-2E46F1BBFCA7-StateMachineUpdater: set stopIndex = 0
2023-12-26 17:42:41,200 [44b0d7ae-65a5-40e5-9d42-50dc3ce2f2bb@group-2E46F1BBFCA7-StateMachineUpdater] INFO  ratis.ContainerStateMachine (ContainerStateMachine.java:takeSnapshot(355)) - group-2E46F1BBFCA7: Taking a snapshot at:(t:1, i:0) file /home/runner/work/ozone/ozone/hadoop-ozone/integration-test/target/test-dir/MiniOzoneClusterImpl-c07e4b46-e5c7-4260-9d08-acd32f4d7801/datanode-5/data/ratis/616b6ec3-ff0f-4bbb-bb24-2e46f1bbfca7/sm/snapshot.1_0
2023-12-26 17:42:41,201 [main] INFO  server.GrpcService (GrpcService.java:closeImpl(311)) - 44b0d7ae-65a5-40e5-9d42-50dc3ce2f2bb: shutdown server org.apache.ratis.grpc.server.GrpcClientProtocolService now
2023-12-26 17:42:41,201 [44b0d7ae-65a5-40e5-9d42-50dc3ce2f2bb-impl-thread2] INFO  server.RaftServer$Division (RaftServerImpl.java:lambda$close$3(516)) - 44b0d7ae-65a5-40e5-9d42-50dc3ce2f2bb@group-7BC91E35481A: shutdown
2023-12-26 17:42:41,201 [44b0d7ae-65a5-40e5-9d42-50dc3ce2f2bb-impl-thread2] INFO  util.JmxRegister (JmxRegister.java:unregister(73)) - Successfully un-registered JMX Bean with object name Ratis:service=RaftServer,group=group-7BC91E35481A,id=44b0d7ae-65a5-40e5-9d42-50dc3ce2f2bb
2023-12-26 17:42:41,201 [44b0d7ae-65a5-40e5-9d42-50dc3ce2f2bb-impl-thread2] INFO  impl.RoleInfo (RoleInfo.java:shutdownFollowerState(110)) - 44b0d7ae-65a5-40e5-9d42-50dc3ce2f2bb: shutdown 44b0d7ae-65a5-40e5-9d42-50dc3ce2f2bb@group-7BC91E35481A-FollowerState
2023-12-26 17:42:41,201 [44b0d7ae-65a5-40e5-9d42-50dc3ce2f2bb@group-2E46F1BBFCA7-StateMachineUpdater] INFO  ratis.ContainerStateMachine (ContainerStateMachine.java:takeSnapshot(366)) - group-2E46F1BBFCA7: Finished taking a snapshot at:(t:1, i:0) file:/home/runner/work/ozone/ozone/hadoop-ozone/integration-test/target/test-dir/MiniOzoneClusterImpl-c07e4b46-e5c7-4260-9d08-acd32f4d7801/datanode-5/data/ratis/616b6ec3-ff0f-4bbb-bb24-2e46f1bbfca7/sm/snapshot.1_0 took: 1 ms
2023-12-26 17:42:41,201 [44b0d7ae-65a5-40e5-9d42-50dc3ce2f2bb@group-7BC91E35481A-FollowerState] INFO  impl.FollowerState (FollowerState.java:run(152)) - 44b0d7ae-65a5-40e5-9d42-50dc3ce2f2bb@group-7BC91E35481A-FollowerState was interrupted
2023-12-26 17:42:41,201 [44b0d7ae-65a5-40e5-9d42-50dc3ce2f2bb@group-7BC91E35481A-StateMachineUpdater] INFO  ratis.ContainerStateMachine (ContainerStateMachine.java:takeSnapshot(355)) - group-7BC91E35481A: Taking a snapshot at:(t:1, i:0) file /home/runner/work/ozone/ozone/hadoop-ozone/integration-test/target/test-dir/MiniOzoneClusterImpl-c07e4b46-e5c7-4260-9d08-acd32f4d7801/datanode-5/data/ratis/bf94fe18-add2-4dcd-b198-7bc91e35481a/sm/snapshot.1_0
2023-12-26 17:42:41,201 [44b0d7ae-65a5-40e5-9d42-50dc3ce2f2bb-impl-thread2] INFO  impl.StateMachineUpdater (StateMachineUpdater.java:stopAndJoin(157)) - 44b0d7ae-65a5-40e5-9d42-50dc3ce2f2bb@group-7BC91E35481A-StateMachineUpdater: set stopIndex = 1
2023-12-26 17:42:41,205 [Thread-1591] INFO  server.GrpcServerProtocolClient (GrpcServerProtocolClient.java:close(103)) - 12bf515f-ba3e-42f8-ba13-af4a8bda6fda Close channels
2023-12-26 17:42:41,205 [44b0d7ae-65a5-40e5-9d42-50dc3ce2f2bb@group-2E46F1BBFCA7-StateMachineUpdater] INFO  impl.StateMachineUpdater (StateMachineUpdater.java:takeSnapshot(295)) - 44b0d7ae-65a5-40e5-9d42-50dc3ce2f2bb@group-2E46F1BBFCA7-StateMachineUpdater: Took a snapshot at index 0
2023-12-26 17:42:41,205 [44b0d7ae-65a5-40e5-9d42-50dc3ce2f2bb@group-2E46F1BBFCA7-StateMachineUpdater] INFO  impl.StateMachineUpdater (StateMachineUpdater.java:lambda$new$0(98)) - 44b0d7ae-65a5-40e5-9d42-50dc3ce2f2bb@group-2E46F1BBFCA7-StateMachineUpdater: snapshotIndex: updateIncreasingly -1 -> 0
2023-12-26 17:42:41,206 [44b0d7ae-65a5-40e5-9d42-50dc3ce2f2bb@group-7BC91E35481A-StateMachineUpdater] INFO  ratis.ContainerStateMachine (ContainerStateMachine.java:takeSnapshot(366)) - group-7BC91E35481A: Finished taking a snapshot at:(t:1, i:0) file:/home/runner/work/ozone/ozone/hadoop-ozone/integration-test/target/test-dir/MiniOzoneClusterImpl-c07e4b46-e5c7-4260-9d08-acd32f4d7801/datanode-5/data/ratis/bf94fe18-add2-4dcd-b198-7bc91e35481a/sm/snapshot.1_0 took: 4 ms
2023-12-26 17:42:41,206 [44b0d7ae-65a5-40e5-9d42-50dc3ce2f2bb@group-7BC91E35481A-StateMachineUpdater] INFO  impl.StateMachineUpdater (StateMachineUpdater.java:takeSnapshot(295)) - 44b0d7ae-65a5-40e5-9d42-50dc3ce2f2bb@group-7BC91E35481A-StateMachineUpdater: Took a snapshot at index 0
2023-12-26 17:42:41,206 [44b0d7ae-65a5-40e5-9d42-50dc3ce2f2bb@group-7BC91E35481A-StateMachineUpdater] INFO  impl.StateMachineUpdater (StateMachineUpdater.java:lambda$new$0(98)) - 44b0d7ae-65a5-40e5-9d42-50dc3ce2f2bb@group-7BC91E35481A-StateMachineUpdater: snapshotIndex: updateIncreasingly -1 -> 0
2023-12-26 17:42:41,206 [44b0d7ae-65a5-40e5-9d42-50dc3ce2f2bb@group-7BC91E35481A-StateMachineUpdater] INFO  ratis.ContainerStateMachine (ContainerStateMachine.java:takeSnapshot(355)) - group-7BC91E35481A: Taking a snapshot at:(t:1, i:0) file /home/runner/work/ozone/ozone/hadoop-ozone/integration-test/target/test-dir/MiniOzoneClusterImpl-c07e4b46-e5c7-4260-9d08-acd32f4d7801/datanode-5/data/ratis/bf94fe18-add2-4dcd-b198-7bc91e35481a/sm/snapshot.1_0
2023-12-26 17:42:41,206 [44b0d7ae-65a5-40e5-9d42-50dc3ce2f2bb-impl-thread1] INFO  server.RaftServer$Division (ServerState.java:close(423)) - 44b0d7ae-65a5-40e5-9d42-50dc3ce2f2bb@group-2E46F1BBFCA7: applyIndex: 0
2023-12-26 17:42:41,206 [44b0d7ae-65a5-40e5-9d42-50dc3ce2f2bb@group-2E46F1BBFCA7-cacheEviction-AwaitToRun] INFO  util.AwaitToRun (AwaitToRun.java:run(49)) - 44b0d7ae-65a5-40e5-9d42-50dc3ce2f2bb@group-2E46F1BBFCA7-cacheEviction-AwaitToRun-AwaitForSignal is interrupted
2023-12-26 17:42:41,207 [Thread-1592] INFO  server.GrpcServerProtocolClient (GrpcServerProtocolClient.java:close(103)) - 559a6ab5-825d-4c14-b258-477429313dde Close channels
2023-12-26 17:42:41,207 [44b0d7ae-65a5-40e5-9d42-50dc3ce2f2bb@group-7BC91E35481A-StateMachineUpdater] INFO  ratis.ContainerStateMachine (ContainerStateMachine.java:takeSnapshot(366)) - group-7BC91E35481A: Finished taking a snapshot at:(t:1, i:0) file:/home/runner/work/ozone/ozone/hadoop-ozone/integration-test/target/test-dir/MiniOzoneClusterImpl-c07e4b46-e5c7-4260-9d08-acd32f4d7801/datanode-5/data/ratis/bf94fe18-add2-4dcd-b198-7bc91e35481a/sm/snapshot.1_0 took: 1 ms
2023-12-26 17:42:41,209 [44b0d7ae-65a5-40e5-9d42-50dc3ce2f2bb@group-7BC91E35481A-StateMachineUpdater] INFO  impl.StateMachineUpdater (StateMachineUpdater.java:takeSnapshot(295)) - 44b0d7ae-65a5-40e5-9d42-50dc3ce2f2bb@group-7BC91E35481A-StateMachineUpdater: Took a snapshot at index 0
2023-12-26 17:42:41,209 [44b0d7ae-65a5-40e5-9d42-50dc3ce2f2bb-impl-thread2] INFO  server.RaftServer$Division (ServerState.java:close(423)) - 44b0d7ae-65a5-40e5-9d42-50dc3ce2f2bb@group-7BC91E35481A: applyIndex: 1
2023-12-26 17:42:41,210 [44b0d7ae-65a5-40e5-9d42-50dc3ce2f2bb@group-7BC91E35481A-cacheEviction-AwaitToRun] INFO  util.AwaitToRun (AwaitToRun.java:run(49)) - 44b0d7ae-65a5-40e5-9d42-50dc3ce2f2bb@group-7BC91E35481A-cacheEviction-AwaitToRun-AwaitForSignal is interrupted
2023-12-26 17:42:41,210 [main] INFO  server.GrpcService (GrpcService.java:closeImpl(320)) - 44b0d7ae-65a5-40e5-9d42-50dc3ce2f2bb: shutdown server org.apache.ratis.grpc.server.GrpcClientProtocolService successfully
2023-12-26 17:42:41,211 [main] INFO  server.GrpcService (GrpcService.java:closeImpl(311)) - 44b0d7ae-65a5-40e5-9d42-50dc3ce2f2bb: shutdown server GrpcServerProtocolService now
2023-12-26 17:42:41,213 [grpc-default-executor-5] WARN  server.GrpcServerProtocolService (LogUtils.java:warn(121)) - 44b0d7ae-65a5-40e5-9d42-50dc3ce2f2bb: APPEND_ENTRIES onError, lastRequest: null: org.apache.ratis.thirdparty.io.grpc.StatusRuntimeException: CANCELLED: client cancelled
2023-12-26 17:42:41,214 [grpc-default-executor-1] WARN  server.GrpcLogAppender (LogUtils.java:warn(121)) - 559a6ab5-825d-4c14-b258-477429313dde@group-7BC91E35481A->44b0d7ae-65a5-40e5-9d42-50dc3ce2f2bb-AppendLogResponseHandler: Failed appendEntries: org.apache.ratis.thirdparty.io.grpc.StatusRuntimeException: CANCELLED: RST_STREAM closed stream. HTTP/2 error code: CANCEL
2023-12-26 17:42:41,214 [grpc-default-executor-1] WARN  server.GrpcLogAppender (GrpcLogAppender.java:resetClient(140)) - 559a6ab5-825d-4c14-b258-477429313dde@group-7BC91E35481A->44b0d7ae-65a5-40e5-9d42-50dc3ce2f2bb-GrpcLogAppender: Follower failed and request == null,  keep nextIndex (3) unchanged and retry.
2023-12-26 17:42:41,214 [grpc-default-executor-0] WARN  server.GrpcServerProtocolService (LogUtils.java:warn(121)) - 44b0d7ae-65a5-40e5-9d42-50dc3ce2f2bb: APPEND_ENTRIES onError, lastRequest: 559a6ab5-825d-4c14-b258-477429313dde->44b0d7ae-65a5-40e5-9d42-50dc3ce2f2bb#4-t1,previous=(t:1, i:1),leaderCommit=1,initializing? true,entries: size=1, first=(t:1, i:2), METADATAENTRY(c:1): org.apache.ratis.thirdparty.io.grpc.StatusRuntimeException: CANCELLED: client cancelled
2023-12-26 17:42:41,215 [grpc-default-executor-5] WARN  server.GrpcLogAppender (LogUtils.java:warn(121)) - 559a6ab5-825d-4c14-b258-477429313dde@group-7BC91E35481A->44b0d7ae-65a5-40e5-9d42-50dc3ce2f2bb-AppendLogResponseHandler: Failed appendEntries: org.apache.ratis.thirdparty.io.grpc.StatusRuntimeException: CANCELLED: RST_STREAM closed stream. HTTP/2 error code: CANCEL
2023-12-26 17:42:41,215 [grpc-default-executor-5] WARN  server.GrpcLogAppender (GrpcLogAppender.java:resetClient(140)) - 559a6ab5-825d-4c14-b258-477429313dde@group-7BC91E35481A->44b0d7ae-65a5-40e5-9d42-50dc3ce2f2bb-GrpcLogAppender: Follower failed and request == null,  keep nextIndex (3) unchanged and retry.
2023-12-26 17:42:41,217 [main] INFO  server.GrpcService (GrpcService.java:closeImpl(320)) - 44b0d7ae-65a5-40e5-9d42-50dc3ce2f2bb: shutdown server GrpcServerProtocolService successfully
2023-12-26 17:42:41,217 [main] INFO  server.GrpcService (GrpcService.java:closeImpl(311)) - 44b0d7ae-65a5-40e5-9d42-50dc3ce2f2bb: shutdown server org.apache.ratis.grpc.server.GrpcAdminProtocolService now
2023-12-26 17:42:41,218 [main] INFO  server.GrpcService (GrpcService.java:closeImpl(320)) - 44b0d7ae-65a5-40e5-9d42-50dc3ce2f2bb: shutdown server org.apache.ratis.grpc.server.GrpcAdminProtocolService successfully
2023-12-26 17:42:41,218 [44b0d7ae-65a5-40e5-9d42-50dc3ce2f2bb-NettyServerStreamRpc-bossGroup--thread1] INFO  logging.LoggingHandler (AbstractInternalLogger.java:log(148)) - [id: 0x92e78e45, L:/0.0.0.0:15149] CLOSE
2023-12-26 17:42:41,219 [44b0d7ae-65a5-40e5-9d42-50dc3ce2f2bb-NettyServerStreamRpc-bossGroup--thread1] INFO  logging.LoggingHandler (AbstractInternalLogger.java:log(148)) - [id: 0x92e78e45, L:/0.0.0.0:15149] INACTIVE
2023-12-26 17:42:41,219 [44b0d7ae-65a5-40e5-9d42-50dc3ce2f2bb-NettyServerStreamRpc-bossGroup--thread1] INFO  logging.LoggingHandler (AbstractInternalLogger.java:log(148)) - [id: 0x92e78e45, L:/0.0.0.0:15149] UNREGISTERED
2023-12-26 17:42:41,252 [dfc36f62-24b2-4a1f-878a-2a4428b6a6a5@group-7EECDC04AE22-FollowerState] INFO  impl.FollowerState (FollowerState.java:run(143)) - dfc36f62-24b2-4a1f-878a-2a4428b6a6a5@group-7EECDC04AE22-FollowerState: change to CANDIDATE, lastRpcElapsedTime:5137232717ns, electionTimeout:5136ms
2023-12-26 17:42:41,252 [dfc36f62-24b2-4a1f-878a-2a4428b6a6a5@group-7EECDC04AE22-FollowerState] INFO  impl.RoleInfo (RoleInfo.java:shutdownFollowerState(110)) - dfc36f62-24b2-4a1f-878a-2a4428b6a6a5: shutdown dfc36f62-24b2-4a1f-878a-2a4428b6a6a5@group-7EECDC04AE22-FollowerState
2023-12-26 17:42:41,252 [dfc36f62-24b2-4a1f-878a-2a4428b6a6a5@group-7EECDC04AE22-FollowerState] INFO  server.RaftServer$Division (RaftServerImpl.java:setRole(379)) - dfc36f62-24b2-4a1f-878a-2a4428b6a6a5@group-7EECDC04AE22: changes role from  FOLLOWER to CANDIDATE at term 0 for changeToCandidate
2023-12-26 17:42:41,252 [dfc36f62-24b2-4a1f-878a-2a4428b6a6a5@group-7EECDC04AE22-FollowerState] INFO  server.RaftServerConfigKeys (ConfUtils.java:logGet(46)) - raft.server.leaderelection.pre-vote = true (default)
2023-12-26 17:42:41,252 [dfc36f62-24b2-4a1f-878a-2a4428b6a6a5@group-7EECDC04AE22-FollowerState] INFO  impl.RoleInfo (RoleInfo.java:updateAndGet(139)) - dfc36f62-24b2-4a1f-878a-2a4428b6a6a5: start dfc36f62-24b2-4a1f-878a-2a4428b6a6a5@group-7EECDC04AE22-LeaderElection37
2023-12-26 17:42:41,253 [dfc36f62-24b2-4a1f-878a-2a4428b6a6a5@group-7EECDC04AE22-LeaderElection37] INFO  impl.LeaderElection (LeaderElection.java:askForVotes(323)) - dfc36f62-24b2-4a1f-878a-2a4428b6a6a5@group-7EECDC04AE22-LeaderElection37 PRE_VOTE round 0: submit vote requests at term 0 for -1: peers:[dfc36f62-24b2-4a1f-878a-2a4428b6a6a5|10.1.0.4:15175]|listeners:[], old=null
2023-12-26 17:42:41,253 [dfc36f62-24b2-4a1f-878a-2a4428b6a6a5@group-7EECDC04AE22-LeaderElection37] INFO  impl.LeaderElection (LeaderElection.java:askForVotes(325)) - dfc36f62-24b2-4a1f-878a-2a4428b6a6a5@group-7EECDC04AE22-LeaderElection37 PRE_VOTE round 0: result PASSED (term=0)
2023-12-26 17:42:41,254 [dfc36f62-24b2-4a1f-878a-2a4428b6a6a5@group-7EECDC04AE22-LeaderElection37] INFO  impl.LeaderElection (LeaderElection.java:askForVotes(323)) - dfc36f62-24b2-4a1f-878a-2a4428b6a6a5@group-7EECDC04AE22-LeaderElection37 ELECTION round 0: submit vote requests at term 1 for -1: peers:[dfc36f62-24b2-4a1f-878a-2a4428b6a6a5|10.1.0.4:15175]|listeners:[], old=null
2023-12-26 17:42:41,254 [dfc36f62-24b2-4a1f-878a-2a4428b6a6a5@group-7EECDC04AE22-LeaderElection37] INFO  impl.LeaderElection (LeaderElection.java:askForVotes(325)) - dfc36f62-24b2-4a1f-878a-2a4428b6a6a5@group-7EECDC04AE22-LeaderElection37 ELECTION round 0: result PASSED (term=1)
2023-12-26 17:42:41,254 [dfc36f62-24b2-4a1f-878a-2a4428b6a6a5@group-7EECDC04AE22-LeaderElection37] INFO  impl.RoleInfo (RoleInfo.java:shutdownLeaderElection(130)) - dfc36f62-24b2-4a1f-878a-2a4428b6a6a5: shutdown dfc36f62-24b2-4a1f-878a-2a4428b6a6a5@group-7EECDC04AE22-LeaderElection37
2023-12-26 17:42:41,254 [dfc36f62-24b2-4a1f-878a-2a4428b6a6a5@group-7EECDC04AE22-LeaderElection37] INFO  server.RaftServer$Division (RaftServerImpl.java:setRole(379)) - dfc36f62-24b2-4a1f-878a-2a4428b6a6a5@group-7EECDC04AE22: changes role from CANDIDATE to LEADER at term 1 for changeToLeader
2023-12-26 17:42:41,255 [dfc36f62-24b2-4a1f-878a-2a4428b6a6a5@group-7EECDC04AE22-LeaderElection37] INFO  server.RaftServerConfigKeys (ConfUtils.java:logGet(46)) - raft.server.staging.catchup.gap = 1000 (default)
2023-12-26 17:42:41,255 [dfc36f62-24b2-4a1f-878a-2a4428b6a6a5@group-7EECDC04AE22-LeaderElection37] INFO  server.RaftServerConfigKeys (ConfUtils.java:logGet(46)) - raft.server.write.element-limit = 1024 (custom)
2023-12-26 17:42:41,255 [dfc36f62-24b2-4a1f-878a-2a4428b6a6a5@group-7EECDC04AE22-LeaderElection37] INFO  server.RaftServerConfigKeys (ConfUtils.java:logGet(46)) - raft.server.write.byte-limit = 1024 M (=1073741824) (custom)
2023-12-26 17:42:41,255 [dfc36f62-24b2-4a1f-878a-2a4428b6a6a5@group-7EECDC04AE22-LeaderElection37] INFO  server.RaftServerConfigKeys (ConfUtils.java:logGet(46)) - raft.server.watch.timeout = 3000ms (custom)
2023-12-26 17:42:41,255 [dfc36f62-24b2-4a1f-878a-2a4428b6a6a5@group-7EECDC04AE22-LeaderElection37] INFO  server.RaftServerConfigKeys (ConfUtils.java:logGet(46)) - raft.server.watch.timeout.denomination = 1s (default)
2023-12-26 17:42:41,255 [dfc36f62-24b2-4a1f-878a-2a4428b6a6a5@group-7EECDC04AE22-LeaderElection37] INFO  server.RaftServerConfigKeys (ConfUtils.java:logGet(46)) - raft.server.watch.element-limit = 65536 (default)
2023-12-26 17:42:41,255 [dfc36f62-24b2-4a1f-878a-2a4428b6a6a5@group-7EECDC04AE22-LeaderElection37] INFO  server.RaftServerConfigKeys (ConfUtils.java:logGet(46)) - raft.server.read.leader.lease.enabled = false (default)
2023-12-26 17:42:41,255 [dfc36f62-24b2-4a1f-878a-2a4428b6a6a5@group-7EECDC04AE22-LeaderElection37] INFO  server.RaftServerConfigKeys (ConfUtils.java:logGet(46)) - raft.server.read.leader.lease.timeout.ratio = 0.9 (default)
2023-12-26 17:42:41,255 [dfc36f62-24b2-4a1f-878a-2a4428b6a6a5@group-7EECDC04AE22-LeaderElection37] INFO  server.RaftServerConfigKeys (ConfUtils.java:logGet(46)) - raft.server.rpc.timeout.min = 5s (custom)
2023-12-26 17:42:41,256 [dfc36f62-24b2-4a1f-878a-2a4428b6a6a5@group-7EECDC04AE22-LeaderElection37] INFO  server.RaftServerConfigKeys (ConfUtils.java:logGet(46)) - raft.server.write.element-limit = 1024 (custom)
2023-12-26 17:42:41,256 [dfc36f62-24b2-4a1f-878a-2a4428b6a6a5@group-7EECDC04AE22-LeaderElection37] INFO  server.RaftServerConfigKeys (ConfUtils.java:logGet(46)) - raft.server.write.follower.gap.ratio.max = -1.0 (default)
2023-12-26 17:42:41,256 [dfc36f62-24b2-4a1f-878a-2a4428b6a6a5@group-7EECDC04AE22-LeaderElection37] INFO  impl.RoleInfo (RoleInfo.java:updateAndGet(139)) - dfc36f62-24b2-4a1f-878a-2a4428b6a6a5: start dfc36f62-24b2-4a1f-878a-2a4428b6a6a5@group-7EECDC04AE22-LeaderStateImpl
2023-12-26 17:42:41,256 [dfc36f62-24b2-4a1f-878a-2a4428b6a6a5@group-7EECDC04AE22-LeaderElection37] INFO  server.RaftServer$Division (RaftServerImpl.java:setFirstElection(564)) - dfc36f62-24b2-4a1f-878a-2a4428b6a6a5@group-7EECDC04AE22: set firstElectionSinceStartup to false for becomeLeader
2023-12-26 17:42:41,256 [dfc36f62-24b2-4a1f-878a-2a4428b6a6a5@group-7EECDC04AE22-LeaderElection37] INFO  ratis.XceiverServerRatis (XceiverServerRatis.java:handleLeaderChangedNotification(935)) - Leader change notification received for group: group-7EECDC04AE22 with new leaderId: dfc36f62-24b2-4a1f-878a-2a4428b6a6a5
2023-12-26 17:42:41,256 [dfc36f62-24b2-4a1f-878a-2a4428b6a6a5@group-7EECDC04AE22-LeaderElection37] INFO  server.RaftServer$Division (ServerState.java:setLeader(265)) - dfc36f62-24b2-4a1f-878a-2a4428b6a6a5@group-7EECDC04AE22: change Leader from null to dfc36f62-24b2-4a1f-878a-2a4428b6a6a5 at term 1 for becomeLeader, leader elected after 5154ms
2023-12-26 17:42:41,256 [dfc36f62-24b2-4a1f-878a-2a4428b6a6a5@group-7EECDC04AE22-LeaderElection37] INFO  segmented.SegmentedRaftLogWorker (SegmentedRaftLogWorker.java:startLogSegment(428)) - dfc36f62-24b2-4a1f-878a-2a4428b6a6a5@group-7EECDC04AE22-SegmentedRaftLogWorker: Starting segment from index:0
2023-12-26 17:42:41,257 [dfc36f62-24b2-4a1f-878a-2a4428b6a6a5@group-7EECDC04AE22-LeaderElection37] INFO  server.RaftServer$Division (ServerState.java:setRaftConf(382)) - dfc36f62-24b2-4a1f-878a-2a4428b6a6a5@group-7EECDC04AE22: set configuration 0: peers:[dfc36f62-24b2-4a1f-878a-2a4428b6a6a5|10.1.0.4:15175]|listeners:[], old=null
2023-12-26 17:42:41,264 [dfc36f62-24b2-4a1f-878a-2a4428b6a6a5@group-7EECDC04AE22-SegmentedRaftLogWorker] INFO  segmented.SegmentedRaftLogWorker (SegmentedRaftLogWorker.java:execute(632)) - dfc36f62-24b2-4a1f-878a-2a4428b6a6a5@group-7EECDC04AE22-SegmentedRaftLogWorker: created new log segment /home/runner/work/ozone/ozone/hadoop-ozone/integration-test/target/test-dir/MiniOzoneClusterImpl-c07e4b46-e5c7-4260-9d08-acd32f4d7801/datanode-8/data/ratis/c8744a47-38d9-4c4a-ad5d-7eecdc04ae22/current/log_inprogress_0
2023-12-26 17:42:41,265 [dfc36f62-24b2-4a1f-878a-2a4428b6a6a5@group-7EECDC04AE22-StateMachineUpdater] INFO  server.RaftServer$Division (LeaderStateImpl.java:isApplied(316)) - leader is ready since appliedIndex == 0 >= startIndex == 0
2023-12-26 17:42:41,986 [44b0d7ae-65a5-40e5-9d42-50dc3ce2f2bb-impl-thread1] INFO  segmented.SegmentedRaftLogWorker (SegmentedRaftLogWorker.java:close(243)) - 44b0d7ae-65a5-40e5-9d42-50dc3ce2f2bb@group-2E46F1BBFCA7-SegmentedRaftLogWorker close()
2023-12-26 17:42:42,190 [44b0d7ae-65a5-40e5-9d42-50dc3ce2f2bb-impl-thread2] INFO  segmented.SegmentedRaftLogWorker (SegmentedRaftLogWorker.java:close(243)) - 44b0d7ae-65a5-40e5-9d42-50dc3ce2f2bb@group-7BC91E35481A-SegmentedRaftLogWorker close()
2023-12-26 17:42:42,194 [JvmPauseMonitor18] INFO  util.JvmPauseMonitor (JvmPauseMonitor.java:run(152)) - JvmPauseMonitor-44b0d7ae-65a5-40e5-9d42-50dc3ce2f2bb: Stopped
2023-12-26 17:42:43,696 [grpc-default-executor-4] WARN  server.GrpcLogAppender (LogUtils.java:warn(121)) - 559a6ab5-825d-4c14-b258-477429313dde@group-7BC91E35481A->44b0d7ae-65a5-40e5-9d42-50dc3ce2f2bb-AppendLogResponseHandler: Failed appendEntries: org.apache.ratis.thirdparty.io.grpc.StatusRuntimeException: UNAVAILABLE: io exception
2023-12-26 17:42:43,696 [grpc-default-executor-0] WARN  server.GrpcLogAppender (LogUtils.java:warn(121)) - 559a6ab5-825d-4c14-b258-477429313dde@group-7BC91E35481A->44b0d7ae-65a5-40e5-9d42-50dc3ce2f2bb-AppendLogResponseHandler: Failed appendEntries: org.apache.ratis.thirdparty.io.grpc.StatusRuntimeException: UNAVAILABLE: io exception
2023-12-26 17:42:43,697 [grpc-default-executor-4] WARN  server.GrpcLogAppender (GrpcLogAppender.java:resetClient(140)) - 559a6ab5-825d-4c14-b258-477429313dde@group-7BC91E35481A->44b0d7ae-65a5-40e5-9d42-50dc3ce2f2bb-GrpcLogAppender: Follower failed and request == null,  keep nextIndex (3) unchanged and retry.
2023-12-26 17:42:43,697 [grpc-default-executor-0] WARN  server.GrpcLogAppender (GrpcLogAppender.java:resetClient(140)) - 559a6ab5-825d-4c14-b258-477429313dde@group-7BC91E35481A->44b0d7ae-65a5-40e5-9d42-50dc3ce2f2bb-GrpcLogAppender: Follower failed and request == null,  keep nextIndex (3) unchanged and retry.
2023-12-26 17:42:44,199 [main] INFO  utils.DatanodeStoreCache (DatanodeStoreCache.java:shutdownCache(110)) - Skip clearing cache in mini cluster mode. Entries left: [/home/runner/work/ozone/ozone/hadoop-ozone/integration-test/target/test-dir/MiniOzoneClusterImpl-c07e4b46-e5c7-4260-9d08-acd32f4d7801/datanode-0/data-0/containers/hdds/c07e4b46-e5c7-4260-9d08-acd32f4d7801/DS-c878ba80-8cf7-4be0-b1da-bdd8d81891d0/container.db, /home/runner/work/ozone/ozone/hadoop-ozone/integration-test/target/test-dir/MiniOzoneClusterImpl-c07e4b46-e5c7-4260-9d08-acd32f4d7801/datanode-1/data-0/containers/hdds/c07e4b46-e5c7-4260-9d08-acd32f4d7801/DS-c4cdd1f7-a2eb-4ccf-9bb4-d08a1f40e755/container.db, /home/runner/work/ozone/ozone/hadoop-ozone/integration-test/target/test-dir/MiniOzoneClusterImpl-c07e4b46-e5c7-4260-9d08-acd32f4d7801/datanode-2/data-0/containers/hdds/c07e4b46-e5c7-4260-9d08-acd32f4d7801/DS-eb1e02cf-633c-4058-9ed9-fa55ad46ae3e/container.db, /home/runner/work/ozone/ozone/hadoop-ozone/integration-test/target/test-dir/MiniOzoneClusterImpl-c07e4b46-e5c7-4260-9d08-acd32f4d7801/datanode-3/data-0/containers/hdds/c07e4b46-e5c7-4260-9d08-acd32f4d7801/DS-3fb5d6a2-91a2-4d1e-a86d-7301e35be00e/container.db, /home/runner/work/ozone/ozone/hadoop-ozone/integration-test/target/test-dir/MiniOzoneClusterImpl-c07e4b46-e5c7-4260-9d08-acd32f4d7801/datanode-4/data-0/containers/hdds/c07e4b46-e5c7-4260-9d08-acd32f4d7801/DS-be219c08-7695-420d-8b59-158dd9ff42f0/container.db, /home/runner/work/ozone/ozone/hadoop-ozone/integration-test/target/test-dir/MiniOzoneClusterImpl-c07e4b46-e5c7-4260-9d08-acd32f4d7801/datanode-5/data-0/containers/hdds/c07e4b46-e5c7-4260-9d08-acd32f4d7801/DS-66492c3f-bba0-4d77-9c84-a142ca369931/container.db, /home/runner/work/ozone/ozone/hadoop-ozone/integration-test/target/test-dir/MiniOzoneClusterImpl-c07e4b46-e5c7-4260-9d08-acd32f4d7801/datanode-6/data-0/containers/hdds/c07e4b46-e5c7-4260-9d08-acd32f4d7801/DS-67d5ae01-028b-4487-91bd-09f58a387c7b/container.db, /home/runner/work/ozone/ozone/hadoop-ozone/integration-test/target/test-dir/MiniOzoneClusterImpl-c07e4b46-e5c7-4260-9d08-acd32f4d7801/datanode-7/data-0/containers/hdds/c07e4b46-e5c7-4260-9d08-acd32f4d7801/DS-d812cdde-57de-4ed4-95f8-a5bf77d78add/container.db, /home/runner/work/ozone/ozone/hadoop-ozone/integration-test/target/test-dir/MiniOzoneClusterImpl-c07e4b46-e5c7-4260-9d08-acd32f4d7801/datanode-8/data-0/containers/hdds/c07e4b46-e5c7-4260-9d08-acd32f4d7801/DS-8009e207-4146-4047-8130-7a3712ab246b/container.db]
2023-12-26 17:42:44,201 [main] INFO  utils.DatanodeStoreCache (DatanodeStoreCache.java:removeDB(104)) - Removed db /home/runner/work/ozone/ozone/hadoop-ozone/integration-test/target/test-dir/MiniOzoneClusterImpl-c07e4b46-e5c7-4260-9d08-acd32f4d7801/datanode-5/data-0/containers/hdds/c07e4b46-e5c7-4260-9d08-acd32f4d7801/DS-66492c3f-bba0-4d77-9c84-a142ca369931/container.db from cache
2023-12-26 17:42:44,201 [main] INFO  volume.HddsVolume (HddsVolume.java:closeDbStore(453)) - SchemaV3 db is stopped at /home/runner/work/ozone/ozone/hadoop-ozone/integration-test/target/test-dir/MiniOzoneClusterImpl-c07e4b46-e5c7-4260-9d08-acd32f4d7801/datanode-5/data-0/containers/hdds/c07e4b46-e5c7-4260-9d08-acd32f4d7801/DS-66492c3f-bba0-4d77-9c84-a142ca369931/container.db for volume DS-66492c3f-bba0-4d77-9c84-a142ca369931
2023-12-26 17:42:44,201 [main] INFO  utils.BackgroundService (BackgroundService.java:shutdown(160)) - Shutting down service BlockDeletingService
2023-12-26 17:42:44,201 [main] INFO  utils.BackgroundService (BackgroundService.java:shutdown(160)) - Shutting down service StaleRecoveringContainerScrubbingService
2023-12-26 17:42:44,201 [main] INFO  statemachine.DatanodeStateMachine (DatanodeStateMachine.java:stopDaemon(638)) - Ozone container server stopped.
2023-12-26 17:42:44,202 [main] INFO  handler.ContextHandler (ContextHandler.java:doStop(1159)) - Stopped o.e.j.w.WebAppContext@6fecd5d4{hddsDatanode,/,null,STOPPED}{jar:file:/home/runner/.m2/repository/org/apache/ozone/hdds-container-service/1.5.0-SNAPSHOT/hdds-container-service-1.5.0-SNAPSHOT.jar!/webapps/hddsDatanode}
2023-12-26 17:42:44,202 [main] INFO  server.AbstractConnector (AbstractConnector.java:doStop(383)) - Stopped ServerConnector@1e84b2de{HTTP/1.1, (http/1.1)}{0.0.0.0:15143}
2023-12-26 17:42:44,203 [main] INFO  server.session (HouseKeeper.java:stopScavenging(149)) - node0 Stopped scavenging
2023-12-26 17:42:44,203 [main] INFO  handler.ContextHandler (ContextHandler.java:doStop(1159)) - Stopped o.e.j.s.ServletContextHandler@1ae9ce0a{static,/static,jar:file:/home/runner/.m2/repository/org/apache/ozone/hdds-container-service/1.5.0-SNAPSHOT/hdds-container-service-1.5.0-SNAPSHOT.jar!/webapps/static,STOPPED}
2023-12-26 17:42:44,203 [main] INFO  handler.ContextHandler (ContextHandler.java:doStop(1159)) - Stopped o.e.j.s.ServletContextHandler@6a2ef6ce{logs,/logs,file:///home/runner/work/ozone/ozone/hadoop-ozone/integration-test/target/log,STOPPED}
2023-12-26 17:42:44,204 [main] INFO  ozone.HddsDatanodeClientProtocolServer (HddsDatanodeClientProtocolServer.java:stop(78)) - Stopping the RPC server for Client Protocol
2023-12-26 17:42:44,204 [main] INFO  ipc.Server (Server.java:stop(3523)) - Stopping server on 15144
2023-12-26 17:42:44,204 [IPC Server listener on 15144] INFO  ipc.Server (Server.java:run(1434)) - Stopping IPC Server listener on 15144
2023-12-26 17:42:44,206 [IPC Server Responder] INFO  ipc.Server (Server.java:run(1567)) - Stopping IPC Server Responder
2023-12-26 17:42:44,209 [main] INFO  ozoneimpl.OzoneContainer (OzoneContainer.java:stop(463)) - Attempting to stop container services.
2023-12-26 17:42:44,209 [main] INFO  server.RaftServer (RaftServerProxy.java:lambda$close$9(416)) - 12bf515f-ba3e-42f8-ba13-af4a8bda6fda: close
2023-12-26 17:42:44,210 [12bf515f-ba3e-42f8-ba13-af4a8bda6fda-impl-thread1] INFO  server.RaftServer$Division (RaftServerImpl.java:lambda$close$3(516)) - 12bf515f-ba3e-42f8-ba13-af4a8bda6fda@group-BFF39BF067DC: shutdown
2023-12-26 17:42:44,210 [12bf515f-ba3e-42f8-ba13-af4a8bda6fda-impl-thread1] INFO  util.JmxRegister (JmxRegister.java:unregister(73)) - Successfully un-registered JMX Bean with object name Ratis:service=RaftServer,group=group-BFF39BF067DC,id=12bf515f-ba3e-42f8-ba13-af4a8bda6fda
2023-12-26 17:42:44,210 [main] INFO  server.GrpcService (GrpcService.java:closeImpl(311)) - 12bf515f-ba3e-42f8-ba13-af4a8bda6fda: shutdown server org.apache.ratis.grpc.server.GrpcClientProtocolService now
2023-12-26 17:42:44,210 [12bf515f-ba3e-42f8-ba13-af4a8bda6fda-impl-thread1] INFO  impl.RoleInfo (RoleInfo.java:shutdownLeaderState(94)) - 12bf515f-ba3e-42f8-ba13-af4a8bda6fda: shutdown 12bf515f-ba3e-42f8-ba13-af4a8bda6fda@group-BFF39BF067DC-LeaderStateImpl
2023-12-26 17:42:44,210 [12bf515f-ba3e-42f8-ba13-af4a8bda6fda-impl-thread2] INFO  server.RaftServer$Division (RaftServerImpl.java:lambda$close$3(516)) - 12bf515f-ba3e-42f8-ba13-af4a8bda6fda@group-7BC91E35481A: shutdown
2023-12-26 17:42:44,210 [12bf515f-ba3e-42f8-ba13-af4a8bda6fda-impl-thread2] INFO  util.JmxRegister (JmxRegister.java:unregister(73)) - Successfully un-registered JMX Bean with object name Ratis:service=RaftServer,group=group-7BC91E35481A,id=12bf515f-ba3e-42f8-ba13-af4a8bda6fda
2023-12-26 17:42:44,210 [12bf515f-ba3e-42f8-ba13-af4a8bda6fda-impl-thread1] INFO  impl.PendingRequests (PendingRequests.java:sendNotLeaderResponses(289)) - 12bf515f-ba3e-42f8-ba13-af4a8bda6fda@group-BFF39BF067DC-PendingRequests: sendNotLeaderResponses
2023-12-26 17:42:44,210 [12bf515f-ba3e-42f8-ba13-af4a8bda6fda-impl-thread2] INFO  impl.RoleInfo (RoleInfo.java:shutdownFollowerState(110)) - 12bf515f-ba3e-42f8-ba13-af4a8bda6fda: shutdown 12bf515f-ba3e-42f8-ba13-af4a8bda6fda@group-7BC91E35481A-FollowerState
2023-12-26 17:42:44,211 [12bf515f-ba3e-42f8-ba13-af4a8bda6fda-impl-thread1] INFO  impl.StateMachineUpdater (StateMachineUpdater.java:stopAndJoin(157)) - 12bf515f-ba3e-42f8-ba13-af4a8bda6fda@group-BFF39BF067DC-StateMachineUpdater: set stopIndex = 0
2023-12-26 17:42:44,211 [12bf515f-ba3e-42f8-ba13-af4a8bda6fda@group-BFF39BF067DC-StateMachineUpdater] INFO  ratis.ContainerStateMachine (ContainerStateMachine.java:takeSnapshot(355)) - group-BFF39BF067DC: Taking a snapshot at:(t:1, i:0) file /home/runner/work/ozone/ozone/hadoop-ozone/integration-test/target/test-dir/MiniOzoneClusterImpl-c07e4b46-e5c7-4260-9d08-acd32f4d7801/datanode-4/data/ratis/7d776e3b-01cd-4dc6-9352-bff39bf067dc/sm/snapshot.1_0
2023-12-26 17:42:44,211 [12bf515f-ba3e-42f8-ba13-af4a8bda6fda@group-7BC91E35481A-FollowerState] INFO  impl.FollowerState (FollowerState.java:run(152)) - 12bf515f-ba3e-42f8-ba13-af4a8bda6fda@group-7BC91E35481A-FollowerState was interrupted
2023-12-26 17:42:44,211 [12bf515f-ba3e-42f8-ba13-af4a8bda6fda@group-7BC91E35481A-StateMachineUpdater] INFO  ratis.ContainerStateMachine (ContainerStateMachine.java:takeSnapshot(355)) - group-7BC91E35481A: Taking a snapshot at:(t:1, i:2) file /home/runner/work/ozone/ozone/hadoop-ozone/integration-test/target/test-dir/MiniOzoneClusterImpl-c07e4b46-e5c7-4260-9d08-acd32f4d7801/datanode-4/data/ratis/bf94fe18-add2-4dcd-b198-7bc91e35481a/sm/snapshot.1_2
2023-12-26 17:42:44,211 [12bf515f-ba3e-42f8-ba13-af4a8bda6fda-impl-thread2] INFO  impl.StateMachineUpdater (StateMachineUpdater.java:stopAndJoin(157)) - 12bf515f-ba3e-42f8-ba13-af4a8bda6fda@group-7BC91E35481A-StateMachineUpdater: set stopIndex = 2
2023-12-26 17:42:44,211 [main] INFO  server.GrpcService (GrpcService.java:closeImpl(320)) - 12bf515f-ba3e-42f8-ba13-af4a8bda6fda: shutdown server org.apache.ratis.grpc.server.GrpcClientProtocolService successfully
2023-12-26 17:42:44,212 [12bf515f-ba3e-42f8-ba13-af4a8bda6fda@group-BFF39BF067DC-StateMachineUpdater] INFO  ratis.ContainerStateMachine (ContainerStateMachine.java:takeSnapshot(366)) - group-BFF39BF067DC: Finished taking a snapshot at:(t:1, i:0) file:/home/runner/work/ozone/ozone/hadoop-ozone/integration-test/target/test-dir/MiniOzoneClusterImpl-c07e4b46-e5c7-4260-9d08-acd32f4d7801/datanode-4/data/ratis/7d776e3b-01cd-4dc6-9352-bff39bf067dc/sm/snapshot.1_0 took: 1 ms
2023-12-26 17:42:44,212 [main] INFO  server.GrpcService (GrpcService.java:closeImpl(311)) - 12bf515f-ba3e-42f8-ba13-af4a8bda6fda: shutdown server GrpcServerProtocolService now
2023-12-26 17:42:44,212 [12bf515f-ba3e-42f8-ba13-af4a8bda6fda@group-BFF39BF067DC-StateMachineUpdater] INFO  impl.StateMachineUpdater (StateMachineUpdater.java:takeSnapshot(295)) - 12bf515f-ba3e-42f8-ba13-af4a8bda6fda@group-BFF39BF067DC-StateMachineUpdater: Took a snapshot at index 0
2023-12-26 17:42:44,212 [12bf515f-ba3e-42f8-ba13-af4a8bda6fda@group-BFF39BF067DC-StateMachineUpdater] INFO  impl.StateMachineUpdater (StateMachineUpdater.java:lambda$new$0(98)) - 12bf515f-ba3e-42f8-ba13-af4a8bda6fda@group-BFF39BF067DC-StateMachineUpdater: snapshotIndex: updateIncreasingly -1 -> 0
2023-12-26 17:42:44,212 [12bf515f-ba3e-42f8-ba13-af4a8bda6fda-impl-thread1] INFO  server.RaftServer$Division (ServerState.java:close(423)) - 12bf515f-ba3e-42f8-ba13-af4a8bda6fda@group-BFF39BF067DC: applyIndex: 0
2023-12-26 17:42:44,212 [12bf515f-ba3e-42f8-ba13-af4a8bda6fda@group-7BC91E35481A-StateMachineUpdater] INFO  ratis.ContainerStateMachine (ContainerStateMachine.java:takeSnapshot(366)) - group-7BC91E35481A: Finished taking a snapshot at:(t:1, i:2) file:/home/runner/work/ozone/ozone/hadoop-ozone/integration-test/target/test-dir/MiniOzoneClusterImpl-c07e4b46-e5c7-4260-9d08-acd32f4d7801/datanode-4/data/ratis/bf94fe18-add2-4dcd-b198-7bc91e35481a/sm/snapshot.1_2 took: 1 ms
2023-12-26 17:42:44,213 [12bf515f-ba3e-42f8-ba13-af4a8bda6fda@group-7BC91E35481A-StateMachineUpdater] INFO  impl.StateMachineUpdater (StateMachineUpdater.java:takeSnapshot(295)) - 12bf515f-ba3e-42f8-ba13-af4a8bda6fda@group-7BC91E35481A-StateMachineUpdater: Took a snapshot at index 2
2023-12-26 17:42:44,213 [12bf515f-ba3e-42f8-ba13-af4a8bda6fda@group-7BC91E35481A-StateMachineUpdater] INFO  impl.StateMachineUpdater (StateMachineUpdater.java:lambda$new$0(98)) - 12bf515f-ba3e-42f8-ba13-af4a8bda6fda@group-7BC91E35481A-StateMachineUpdater: snapshotIndex: updateIncreasingly -1 -> 2
2023-12-26 17:42:44,213 [12bf515f-ba3e-42f8-ba13-af4a8bda6fda-impl-thread2] INFO  server.RaftServer$Division (ServerState.java:close(423)) - 12bf515f-ba3e-42f8-ba13-af4a8bda6fda@group-7BC91E35481A: applyIndex: 2
2023-12-26 17:42:44,213 [12bf515f-ba3e-42f8-ba13-af4a8bda6fda@group-7BC91E35481A-cacheEviction-AwaitToRun] INFO  util.AwaitToRun (AwaitToRun.java:run(49)) - 12bf515f-ba3e-42f8-ba13-af4a8bda6fda@group-7BC91E35481A-cacheEviction-AwaitToRun-AwaitForSignal is interrupted
2023-12-26 17:42:44,213 [main] INFO  server.GrpcService (GrpcService.java:closeImpl(320)) - 12bf515f-ba3e-42f8-ba13-af4a8bda6fda: shutdown server GrpcServerProtocolService successfully
2023-12-26 17:42:44,213 [main] INFO  server.GrpcService (GrpcService.java:closeImpl(311)) - 12bf515f-ba3e-42f8-ba13-af4a8bda6fda: shutdown server org.apache.ratis.grpc.server.GrpcAdminProtocolService now
2023-12-26 17:42:44,214 [12bf515f-ba3e-42f8-ba13-af4a8bda6fda@group-BFF39BF067DC-cacheEviction-AwaitToRun] INFO  util.AwaitToRun (AwaitToRun.java:run(49)) - 12bf515f-ba3e-42f8-ba13-af4a8bda6fda@group-BFF39BF067DC-cacheEviction-AwaitToRun-AwaitForSignal is interrupted
2023-12-26 17:42:44,214 [grpc-default-executor-2] WARN  server.GrpcLogAppender (LogUtils.java:warn(121)) - 559a6ab5-825d-4c14-b258-477429313dde@group-7BC91E35481A->12bf515f-ba3e-42f8-ba13-af4a8bda6fda-AppendLogResponseHandler: Failed appendEntries: org.apache.ratis.thirdparty.io.grpc.StatusRuntimeException: CANCELLED: RST_STREAM closed stream. HTTP/2 error code: CANCEL
2023-12-26 17:42:44,214 [grpc-default-executor-1] WARN  server.GrpcServerProtocolService (LogUtils.java:warn(121)) - 12bf515f-ba3e-42f8-ba13-af4a8bda6fda: APPEND_ENTRIES onError, lastRequest: null: org.apache.ratis.thirdparty.io.grpc.StatusRuntimeException: CANCELLED: client cancelled
2023-12-26 17:42:44,214 [grpc-default-executor-2] WARN  server.GrpcLogAppender (GrpcLogAppender.java:resetClient(140)) - 559a6ab5-825d-4c14-b258-477429313dde@group-7BC91E35481A->12bf515f-ba3e-42f8-ba13-af4a8bda6fda-GrpcLogAppender: Follower failed and request == null,  keep nextIndex (3) unchanged and retry.
2023-12-26 17:42:44,214 [grpc-default-executor-4] WARN  server.GrpcServerProtocolService (LogUtils.java:warn(121)) - 12bf515f-ba3e-42f8-ba13-af4a8bda6fda: APPEND_ENTRIES onError, lastRequest: 559a6ab5-825d-4c14-b258-477429313dde->12bf515f-ba3e-42f8-ba13-af4a8bda6fda#4-t1,previous=(t:1, i:1),leaderCommit=1,initializing? true,entries: size=1, first=(t:1, i:2), METADATAENTRY(c:1): org.apache.ratis.thirdparty.io.grpc.StatusRuntimeException: CANCELLED: client cancelled
2023-12-26 17:42:44,215 [grpc-default-executor-3] WARN  server.GrpcLogAppender (LogUtils.java:warn(121)) - 559a6ab5-825d-4c14-b258-477429313dde@group-7BC91E35481A->12bf515f-ba3e-42f8-ba13-af4a8bda6fda-AppendLogResponseHandler: Failed appendEntries: org.apache.ratis.thirdparty.io.grpc.StatusRuntimeException: CANCELLED: RST_STREAM closed stream. HTTP/2 error code: CANCEL
2023-12-26 17:42:44,215 [grpc-default-executor-3] WARN  server.GrpcLogAppender (GrpcLogAppender.java:resetClient(140)) - 559a6ab5-825d-4c14-b258-477429313dde@group-7BC91E35481A->12bf515f-ba3e-42f8-ba13-af4a8bda6fda-GrpcLogAppender: Follower failed and request == null,  keep nextIndex (3) unchanged and retry.
2023-12-26 17:42:44,217 [main] INFO  server.GrpcService (GrpcService.java:closeImpl(320)) - 12bf515f-ba3e-42f8-ba13-af4a8bda6fda: shutdown server org.apache.ratis.grpc.server.GrpcAdminProtocolService successfully
2023-12-26 17:42:44,217 [12bf515f-ba3e-42f8-ba13-af4a8bda6fda-NettyServerStreamRpc-bossGroup--thread1] INFO  logging.LoggingHandler (AbstractInternalLogger.java:log(148)) - [id: 0xe5c0ef7d, L:/0.0.0.0:15140] CLOSE
2023-12-26 17:42:44,217 [12bf515f-ba3e-42f8-ba13-af4a8bda6fda-NettyServerStreamRpc-bossGroup--thread1] INFO  logging.LoggingHandler (AbstractInternalLogger.java:log(148)) - [id: 0xe5c0ef7d, L:/0.0.0.0:15140] INACTIVE
2023-12-26 17:42:44,217 [12bf515f-ba3e-42f8-ba13-af4a8bda6fda-NettyServerStreamRpc-bossGroup--thread1] INFO  logging.LoggingHandler (AbstractInternalLogger.java:log(148)) - [id: 0xe5c0ef7d, L:/0.0.0.0:15140] UNREGISTERED
2023-12-26 17:42:44,849 [12bf515f-ba3e-42f8-ba13-af4a8bda6fda-impl-thread1] INFO  segmented.SegmentedRaftLogWorker (SegmentedRaftLogWorker.java:close(243)) - 12bf515f-ba3e-42f8-ba13-af4a8bda6fda@group-BFF39BF067DC-SegmentedRaftLogWorker close()
2023-12-26 17:42:44,948 [grpc-default-executor-3] WARN  server.GrpcLogAppender (LogUtils.java:warn(121)) - 559a6ab5-825d-4c14-b258-477429313dde@group-7BC91E35481A->44b0d7ae-65a5-40e5-9d42-50dc3ce2f2bb-AppendLogResponseHandler: Failed appendEntries: org.apache.ratis.thirdparty.io.grpc.StatusRuntimeException: UNAVAILABLE: io exception
2023-12-26 17:42:44,948 [grpc-default-executor-4] WARN  server.GrpcLogAppender (LogUtils.java:warn(121)) - 559a6ab5-825d-4c14-b258-477429313dde@group-7BC91E35481A->44b0d7ae-65a5-40e5-9d42-50dc3ce2f2bb-AppendLogResponseHandler: Failed appendEntries: org.apache.ratis.thirdparty.io.grpc.StatusRuntimeException: UNAVAILABLE: io exception
2023-12-26 17:42:44,949 [grpc-default-executor-3] WARN  server.GrpcLogAppender (GrpcLogAppender.java:resetClient(140)) - 559a6ab5-825d-4c14-b258-477429313dde@group-7BC91E35481A->44b0d7ae-65a5-40e5-9d42-50dc3ce2f2bb-GrpcLogAppender: Follower failed and request == null,  keep nextIndex (3) unchanged and retry.
2023-12-26 17:42:44,949 [grpc-default-executor-4] WARN  server.GrpcLogAppender (GrpcLogAppender.java:resetClient(140)) - 559a6ab5-825d-4c14-b258-477429313dde@group-7BC91E35481A->44b0d7ae-65a5-40e5-9d42-50dc3ce2f2bb-GrpcLogAppender: Follower failed and request == null,  keep nextIndex (3) unchanged and retry.
2023-12-26 17:42:45,190 [12bf515f-ba3e-42f8-ba13-af4a8bda6fda-impl-thread2] INFO  segmented.SegmentedRaftLogWorker (SegmentedRaftLogWorker.java:close(243)) - 12bf515f-ba3e-42f8-ba13-af4a8bda6fda@group-7BC91E35481A-SegmentedRaftLogWorker close()
2023-12-26 17:42:45,191 [JvmPauseMonitor17] INFO  util.JvmPauseMonitor (JvmPauseMonitor.java:run(152)) - JvmPauseMonitor-12bf515f-ba3e-42f8-ba13-af4a8bda6fda: Stopped
2023-12-26 17:42:46,194 [grpc-default-executor-3] WARN  server.GrpcLogAppender (LogUtils.java:warn(121)) - 559a6ab5-825d-4c14-b258-477429313dde@group-7BC91E35481A->12bf515f-ba3e-42f8-ba13-af4a8bda6fda-AppendLogResponseHandler: Failed appendEntries: org.apache.ratis.thirdparty.io.grpc.StatusRuntimeException: UNAVAILABLE: io exception
2023-12-26 17:42:46,194 [grpc-default-executor-3] WARN  server.GrpcLogAppender (GrpcLogAppender.java:resetClient(140)) - 559a6ab5-825d-4c14-b258-477429313dde@group-7BC91E35481A->12bf515f-ba3e-42f8-ba13-af4a8bda6fda-GrpcLogAppender: Follower failed and request == null,  keep nextIndex (3) unchanged and retry.
2023-12-26 17:42:46,195 [grpc-default-executor-4] WARN  server.GrpcLogAppender (LogUtils.java:warn(121)) - 559a6ab5-825d-4c14-b258-477429313dde@group-7BC91E35481A->12bf515f-ba3e-42f8-ba13-af4a8bda6fda-AppendLogResponseHandler: Failed appendEntries: org.apache.ratis.thirdparty.io.grpc.StatusRuntimeException: UNAVAILABLE: io exception
2023-12-26 17:42:46,195 [grpc-default-executor-4] WARN  server.GrpcLogAppender (GrpcLogAppender.java:resetClient(140)) - 559a6ab5-825d-4c14-b258-477429313dde@group-7BC91E35481A->12bf515f-ba3e-42f8-ba13-af4a8bda6fda-GrpcLogAppender: Follower failed and request == null,  keep nextIndex (3) unchanged and retry.
2023-12-26 17:42:46,200 [grpc-default-executor-4] WARN  server.GrpcLogAppender (LogUtils.java:warn(121)) - 559a6ab5-825d-4c14-b258-477429313dde@group-7BC91E35481A->44b0d7ae-65a5-40e5-9d42-50dc3ce2f2bb-AppendLogResponseHandler: Failed appendEntries: org.apache.ratis.thirdparty.io.grpc.StatusRuntimeException: UNAVAILABLE: io exception
2023-12-26 17:42:46,200 [grpc-default-executor-3] WARN  server.GrpcLogAppender (LogUtils.java:warn(121)) - 559a6ab5-825d-4c14-b258-477429313dde@group-7BC91E35481A->44b0d7ae-65a5-40e5-9d42-50dc3ce2f2bb-AppendLogResponseHandler: Failed appendEntries: org.apache.ratis.thirdparty.io.grpc.StatusRuntimeException: UNAVAILABLE: io exception
2023-12-26 17:42:46,200 [grpc-default-executor-4] WARN  server.GrpcLogAppender (GrpcLogAppender.java:resetClient(140)) - 559a6ab5-825d-4c14-b258-477429313dde@group-7BC91E35481A->44b0d7ae-65a5-40e5-9d42-50dc3ce2f2bb-GrpcLogAppender: Follower failed and request == null,  keep nextIndex (3) unchanged and retry.
2023-12-26 17:42:46,204 [grpc-default-executor-3] WARN  server.GrpcLogAppender (GrpcLogAppender.java:resetClient(140)) - 559a6ab5-825d-4c14-b258-477429313dde@group-7BC91E35481A->44b0d7ae-65a5-40e5-9d42-50dc3ce2f2bb-GrpcLogAppender: Follower failed and request == null,  keep nextIndex (3) unchanged and retry.
2023-12-26 17:42:47,194 [main] INFO  utils.DatanodeStoreCache (DatanodeStoreCache.java:shutdownCache(110)) - Skip clearing cache in mini cluster mode. Entries left: [/home/runner/work/ozone/ozone/hadoop-ozone/integration-test/target/test-dir/MiniOzoneClusterImpl-c07e4b46-e5c7-4260-9d08-acd32f4d7801/datanode-0/data-0/containers/hdds/c07e4b46-e5c7-4260-9d08-acd32f4d7801/DS-c878ba80-8cf7-4be0-b1da-bdd8d81891d0/container.db, /home/runner/work/ozone/ozone/hadoop-ozone/integration-test/target/test-dir/MiniOzoneClusterImpl-c07e4b46-e5c7-4260-9d08-acd32f4d7801/datanode-1/data-0/containers/hdds/c07e4b46-e5c7-4260-9d08-acd32f4d7801/DS-c4cdd1f7-a2eb-4ccf-9bb4-d08a1f40e755/container.db, /home/runner/work/ozone/ozone/hadoop-ozone/integration-test/target/test-dir/MiniOzoneClusterImpl-c07e4b46-e5c7-4260-9d08-acd32f4d7801/datanode-2/data-0/containers/hdds/c07e4b46-e5c7-4260-9d08-acd32f4d7801/DS-eb1e02cf-633c-4058-9ed9-fa55ad46ae3e/container.db, /home/runner/work/ozone/ozone/hadoop-ozone/integration-test/target/test-dir/MiniOzoneClusterImpl-c07e4b46-e5c7-4260-9d08-acd32f4d7801/datanode-3/data-0/containers/hdds/c07e4b46-e5c7-4260-9d08-acd32f4d7801/DS-3fb5d6a2-91a2-4d1e-a86d-7301e35be00e/container.db, /home/runner/work/ozone/ozone/hadoop-ozone/integration-test/target/test-dir/MiniOzoneClusterImpl-c07e4b46-e5c7-4260-9d08-acd32f4d7801/datanode-4/data-0/containers/hdds/c07e4b46-e5c7-4260-9d08-acd32f4d7801/DS-be219c08-7695-420d-8b59-158dd9ff42f0/container.db, /home/runner/work/ozone/ozone/hadoop-ozone/integration-test/target/test-dir/MiniOzoneClusterImpl-c07e4b46-e5c7-4260-9d08-acd32f4d7801/datanode-6/data-0/containers/hdds/c07e4b46-e5c7-4260-9d08-acd32f4d7801/DS-67d5ae01-028b-4487-91bd-09f58a387c7b/container.db, /home/runner/work/ozone/ozone/hadoop-ozone/integration-test/target/test-dir/MiniOzoneClusterImpl-c07e4b46-e5c7-4260-9d08-acd32f4d7801/datanode-7/data-0/containers/hdds/c07e4b46-e5c7-4260-9d08-acd32f4d7801/DS-d812cdde-57de-4ed4-95f8-a5bf77d78add/container.db, /home/runner/work/ozone/ozone/hadoop-ozone/integration-test/target/test-dir/MiniOzoneClusterImpl-c07e4b46-e5c7-4260-9d08-acd32f4d7801/datanode-8/data-0/containers/hdds/c07e4b46-e5c7-4260-9d08-acd32f4d7801/DS-8009e207-4146-4047-8130-7a3712ab246b/container.db]
2023-12-26 17:42:47,197 [main] INFO  utils.DatanodeStoreCache (DatanodeStoreCache.java:removeDB(104)) - Removed db /home/runner/work/ozone/ozone/hadoop-ozone/integration-test/target/test-dir/MiniOzoneClusterImpl-c07e4b46-e5c7-4260-9d08-acd32f4d7801/datanode-4/data-0/containers/hdds/c07e4b46-e5c7-4260-9d08-acd32f4d7801/DS-be219c08-7695-420d-8b59-158dd9ff42f0/container.db from cache
2023-12-26 17:42:47,197 [main] INFO  volume.HddsVolume (HddsVolume.java:closeDbStore(453)) - SchemaV3 db is stopped at /home/runner/work/ozone/ozone/hadoop-ozone/integration-test/target/test-dir/MiniOzoneClusterImpl-c07e4b46-e5c7-4260-9d08-acd32f4d7801/datanode-4/data-0/containers/hdds/c07e4b46-e5c7-4260-9d08-acd32f4d7801/DS-be219c08-7695-420d-8b59-158dd9ff42f0/container.db for volume DS-be219c08-7695-420d-8b59-158dd9ff42f0
2023-12-26 17:42:47,197 [main] INFO  utils.BackgroundService (BackgroundService.java:shutdown(160)) - Shutting down service BlockDeletingService
2023-12-26 17:42:47,197 [main] INFO  utils.BackgroundService (BackgroundService.java:shutdown(160)) - Shutting down service StaleRecoveringContainerScrubbingService
2023-12-26 17:42:47,198 [main] INFO  statemachine.DatanodeStateMachine (DatanodeStateMachine.java:stopDaemon(638)) - Ozone container server stopped.
2023-12-26 17:42:47,198 [main] INFO  handler.ContextHandler (ContextHandler.java:doStop(1159)) - Stopped o.e.j.w.WebAppContext@a974b13{hddsDatanode,/,null,STOPPED}{jar:file:/home/runner/.m2/repository/org/apache/ozone/hdds-container-service/1.5.0-SNAPSHOT/hdds-container-service-1.5.0-SNAPSHOT.jar!/webapps/hddsDatanode}
2023-12-26 17:42:47,199 [main] INFO  server.AbstractConnector (AbstractConnector.java:doStop(383)) - Stopped ServerConnector@64b9e9ed{HTTP/1.1, (http/1.1)}{0.0.0.0:15134}
2023-12-26 17:42:47,199 [main] INFO  server.session (HouseKeeper.java:stopScavenging(149)) - node0 Stopped scavenging
2023-12-26 17:42:47,199 [main] INFO  handler.ContextHandler (ContextHandler.java:doStop(1159)) - Stopped o.e.j.s.ServletContextHandler@a98b4cf{static,/static,jar:file:/home/runner/.m2/repository/org/apache/ozone/hdds-container-service/1.5.0-SNAPSHOT/hdds-container-service-1.5.0-SNAPSHOT.jar!/webapps/static,STOPPED}
2023-12-26 17:42:47,199 [main] INFO  handler.ContextHandler (ContextHandler.java:doStop(1159)) - Stopped o.e.j.s.ServletContextHandler@5ced27e7{logs,/logs,file:///home/runner/work/ozone/ozone/hadoop-ozone/integration-test/target/log,STOPPED}
2023-12-26 17:42:47,200 [main] INFO  ozone.HddsDatanodeClientProtocolServer (HddsDatanodeClientProtocolServer.java:stop(78)) - Stopping the RPC server for Client Protocol
2023-12-26 17:42:47,200 [main] INFO  ipc.Server (Server.java:stop(3523)) - Stopping server on 15135
2023-12-26 17:42:47,201 [IPC Server listener on 15135] INFO  ipc.Server (Server.java:run(1434)) - Stopping IPC Server listener on 15135
2023-12-26 17:42:47,201 [IPC Server Responder] INFO  ipc.Server (Server.java:run(1567)) - Stopping IPC Server Responder
2023-12-26 17:42:47,206 [main] INFO  pipeline.PipelineManagerImpl (PipelineManagerImpl.java:closeContainersForPipeline(484)) - Container #1 closed for pipeline=PipelineID=bf94fe18-add2-4dcd-b198-7bc91e35481a
2023-12-26 17:42:47,206 [EventQueue-CloseContainerForCloseContainerEventHandler] INFO  container.CloseContainerEventHandler (CloseContainerEventHandler.java:onMessage(88)) - Close container Event triggered for container : #1, current state: CLOSING
2023-12-26 17:42:47,207 [main] INFO  pipeline.PipelineManagerImpl (PipelineManagerImpl.java:closePipeline(518)) - Pipeline PipelineID=bf94fe18-add2-4dcd-b198-7bc91e35481a moved to CLOSED state
2023-12-26 17:42:47,462 [grpc-default-executor-3] WARN  server.GrpcLogAppender (LogUtils.java:warn(121)) - 559a6ab5-825d-4c14-b258-477429313dde@group-7BC91E35481A->12bf515f-ba3e-42f8-ba13-af4a8bda6fda-AppendLogResponseHandler: Failed appendEntries: org.apache.ratis.thirdparty.io.grpc.StatusRuntimeException: UNAVAILABLE: io exception
2023-12-26 17:42:47,463 [grpc-default-executor-4] WARN  server.GrpcLogAppender (LogUtils.java:warn(121)) - 559a6ab5-825d-4c14-b258-477429313dde@group-7BC91E35481A->12bf515f-ba3e-42f8-ba13-af4a8bda6fda-AppendLogResponseHandler: Failed appendEntries: org.apache.ratis.thirdparty.io.grpc.StatusRuntimeException: UNAVAILABLE: io exception
2023-12-26 17:42:47,463 [grpc-default-executor-3] WARN  server.GrpcLogAppender (GrpcLogAppender.java:resetClient(140)) - 559a6ab5-825d-4c14-b258-477429313dde@group-7BC91E35481A->12bf515f-ba3e-42f8-ba13-af4a8bda6fda-GrpcLogAppender: Follower failed and request == null,  keep nextIndex (3) unchanged and retry.
2023-12-26 17:42:47,463 [grpc-default-executor-4] WARN  server.GrpcLogAppender (GrpcLogAppender.java:resetClient(140)) - 559a6ab5-825d-4c14-b258-477429313dde@group-7BC91E35481A->12bf515f-ba3e-42f8-ba13-af4a8bda6fda-GrpcLogAppender: Follower failed and request == null,  keep nextIndex (3) unchanged and retry.
2023-12-26 17:42:47,465 [grpc-default-executor-4] WARN  server.GrpcLogAppender (LogUtils.java:warn(121)) - 559a6ab5-825d-4c14-b258-477429313dde@group-7BC91E35481A->44b0d7ae-65a5-40e5-9d42-50dc3ce2f2bb-AppendLogResponseHandler: Failed appendEntries: org.apache.ratis.thirdparty.io.grpc.StatusRuntimeException: UNAVAILABLE: io exception
2023-12-26 17:42:47,466 [grpc-default-executor-4] WARN  server.GrpcLogAppender (GrpcLogAppender.java:resetClient(140)) - 559a6ab5-825d-4c14-b258-477429313dde@group-7BC91E35481A->44b0d7ae-65a5-40e5-9d42-50dc3ce2f2bb-GrpcLogAppender: Follower failed and request == null,  keep nextIndex (3) unchanged and retry.
2023-12-26 17:42:47,466 [grpc-default-executor-3] WARN  server.GrpcLogAppender (LogUtils.java:warn(121)) - 559a6ab5-825d-4c14-b258-477429313dde@group-7BC91E35481A->44b0d7ae-65a5-40e5-9d42-50dc3ce2f2bb-AppendLogResponseHandler: Failed appendEntries: org.apache.ratis.thirdparty.io.grpc.StatusRuntimeException: UNAVAILABLE: io exception
2023-12-26 17:42:47,466 [grpc-default-executor-3] WARN  server.GrpcLogAppender (GrpcLogAppender.java:resetClient(140)) - 559a6ab5-825d-4c14-b258-477429313dde@group-7BC91E35481A->44b0d7ae-65a5-40e5-9d42-50dc3ce2f2bb-GrpcLogAppender: Follower failed and request == null,  keep nextIndex (3) unchanged and retry.
2023-12-26 17:42:48,715 [grpc-default-executor-3] WARN  server.GrpcLogAppender (LogUtils.java:warn(121)) - 559a6ab5-825d-4c14-b258-477429313dde@group-7BC91E35481A->12bf515f-ba3e-42f8-ba13-af4a8bda6fda-AppendLogResponseHandler: Failed appendEntries: org.apache.ratis.thirdparty.io.grpc.StatusRuntimeException: UNAVAILABLE: io exception
2023-12-26 17:42:48,715 [grpc-default-executor-4] WARN  server.GrpcLogAppender (LogUtils.java:warn(121)) - 559a6ab5-825d-4c14-b258-477429313dde@group-7BC91E35481A->12bf515f-ba3e-42f8-ba13-af4a8bda6fda-AppendLogResponseHandler: Failed appendEntries: org.apache.ratis.thirdparty.io.grpc.StatusRuntimeException: UNAVAILABLE: io exception
2023-12-26 17:42:48,716 [grpc-default-executor-3] WARN  server.GrpcLogAppender (GrpcLogAppender.java:resetClient(140)) - 559a6ab5-825d-4c14-b258-477429313dde@group-7BC91E35481A->12bf515f-ba3e-42f8-ba13-af4a8bda6fda-GrpcLogAppender: Follower failed and request == null,  keep nextIndex (3) unchanged and retry.
2023-12-26 17:42:48,716 [grpc-default-executor-4] WARN  server.GrpcLogAppender (GrpcLogAppender.java:resetClient(140)) - 559a6ab5-825d-4c14-b258-477429313dde@group-7BC91E35481A->12bf515f-ba3e-42f8-ba13-af4a8bda6fda-GrpcLogAppender: Follower failed and request == null,  keep nextIndex (3) unchanged and retry.
2023-12-26 17:42:48,717 [grpc-default-executor-4] WARN  server.GrpcLogAppender (LogUtils.java:warn(121)) - 559a6ab5-825d-4c14-b258-477429313dde@group-7BC91E35481A->44b0d7ae-65a5-40e5-9d42-50dc3ce2f2bb-AppendLogResponseHandler: Failed appendEntries: org.apache.ratis.thirdparty.io.grpc.StatusRuntimeException: UNAVAILABLE: io exception
2023-12-26 17:42:48,717 [grpc-default-executor-3] WARN  server.GrpcLogAppender (LogUtils.java:warn(121)) - 559a6ab5-825d-4c14-b258-477429313dde@group-7BC91E35481A->44b0d7ae-65a5-40e5-9d42-50dc3ce2f2bb-AppendLogResponseHandler: Failed appendEntries: org.apache.ratis.thirdparty.io.grpc.StatusRuntimeException: UNAVAILABLE: io exception
2023-12-26 17:42:48,718 [grpc-default-executor-4] WARN  server.GrpcLogAppender (GrpcLogAppender.java:resetClient(140)) - 559a6ab5-825d-4c14-b258-477429313dde@group-7BC91E35481A->44b0d7ae-65a5-40e5-9d42-50dc3ce2f2bb-GrpcLogAppender: Follower failed and request == null,  keep nextIndex (3) unchanged and retry.
2023-12-26 17:42:48,718 [grpc-default-executor-3] WARN  server.GrpcLogAppender (GrpcLogAppender.java:resetClient(140)) - 559a6ab5-825d-4c14-b258-477429313dde@group-7BC91E35481A->44b0d7ae-65a5-40e5-9d42-50dc3ce2f2bb-GrpcLogAppender: Follower failed and request == null,  keep nextIndex (3) unchanged and retry.
2023-12-26 17:42:49,967 [grpc-default-executor-3] WARN  server.GrpcLogAppender (LogUtils.java:warn(121)) - 559a6ab5-825d-4c14-b258-477429313dde@group-7BC91E35481A->12bf515f-ba3e-42f8-ba13-af4a8bda6fda-AppendLogResponseHandler: Failed appendEntries: org.apache.ratis.thirdparty.io.grpc.StatusRuntimeException: UNAVAILABLE: io exception
2023-12-26 17:42:49,967 [grpc-default-executor-4] WARN  server.GrpcLogAppender (LogUtils.java:warn(121)) - 559a6ab5-825d-4c14-b258-477429313dde@group-7BC91E35481A->12bf515f-ba3e-42f8-ba13-af4a8bda6fda-AppendLogResponseHandler: Failed appendEntries: org.apache.ratis.thirdparty.io.grpc.StatusRuntimeException: UNAVAILABLE: io exception
2023-12-26 17:42:49,968 [grpc-default-executor-3] WARN  server.GrpcLogAppender (GrpcLogAppender.java:resetClient(140)) - 559a6ab5-825d-4c14-b258-477429313dde@group-7BC91E35481A->12bf515f-ba3e-42f8-ba13-af4a8bda6fda-GrpcLogAppender: Follower failed and request == null,  keep nextIndex (3) unchanged and retry.
2023-12-26 17:42:49,968 [grpc-default-executor-4] WARN  server.GrpcLogAppender (GrpcLogAppender.java:resetClient(140)) - 559a6ab5-825d-4c14-b258-477429313dde@group-7BC91E35481A->12bf515f-ba3e-42f8-ba13-af4a8bda6fda-GrpcLogAppender: Follower failed and request == null,  keep nextIndex (3) unchanged and retry.
2023-12-26 17:42:50,804 [null-request--thread1] INFO  server.GrpcClientProtocolService (GrpcClientProtocolService.java:lambda$processClientRequest$0(284)) - Failed RaftClientRequest:client-0495AE45F4F6->559a6ab5-825d-4c14-b258-477429313dde@group-7BC91E35481A, cid=49, seq=null, Watch-ALL_COMMITTED(27), Message:<EMPTY>, reply=RaftClientReply:client-0495AE45F4F6->559a6ab5-825d-4c14-b258-477429313dde@group-7BC91E35481A, cid=49, FAILED org.apache.ratis.protocol.exceptions.NotReplicatedException: Request with call Id 49 and log index 27 is not yet replicated to ALL_COMMITTED, logIndex=27, commits[559a6ab5-825d-4c14-b258-477429313dde:c2, 44b0d7ae-65a5-40e5-9d42-50dc3ce2f2bb:c1, 12bf515f-ba3e-42f8-ba13-af4a8bda6fda:c2]
2023-12-26 17:42:50,808 [main] WARN  scm.XceiverClientRatis (XceiverClientRatis.java:watchForCommit(284)) - 3 way commit failed on pipeline Pipeline[ Id: bf94fe18-add2-4dcd-b198-7bc91e35481a, Nodes: 44b0d7ae-65a5-40e5-9d42-50dc3ce2f2bb(fv-az1381-115/10.1.0.4)12bf515f-ba3e-42f8-ba13-af4a8bda6fda(fv-az1381-115/10.1.0.4)559a6ab5-825d-4c14-b258-477429313dde(fv-az1381-115/10.1.0.4), ReplicationConfig: RATIS/THREE, State:OPEN, leaderId:559a6ab5-825d-4c14-b258-477429313dde, CreationTimestamp2023-12-26T17:42:32.774Z[Etc/UTC]]
java.util.concurrent.ExecutionException: org.apache.ratis.protocol.exceptions.NotReplicatedException: Request with call Id 49 and log index 27 is not yet replicated to ALL_COMMITTED
	at java.util.concurrent.CompletableFuture.reportGet(CompletableFuture.java:357)
	at java.util.concurrent.CompletableFuture.get(CompletableFuture.java:1908)
	at org.apache.hadoop.hdds.scm.XceiverClientRatis.watchForCommit(XceiverClientRatis.java:279)
	at org.apache.hadoop.ozone.client.rpc.TestWatchForCommit.testWatchForCommitForRetryfailure(TestWatchForCommit.java:281)
	at sun.reflect.NativeMethodAccessorImpl.invoke0(Native Method)
	at sun.reflect.NativeMethodAccessorImpl.invoke(NativeMethodAccessorImpl.java:62)
	at sun.reflect.DelegatingMethodAccessorImpl.invoke(DelegatingMethodAccessorImpl.java:43)
	at java.lang.reflect.Method.invoke(Method.java:498)
	at org.junit.platform.commons.util.ReflectionUtils.invokeMethod(ReflectionUtils.java:728)
	at org.junit.jupiter.engine.execution.MethodInvocation.proceed(MethodInvocation.java:60)
	at org.junit.jupiter.engine.execution.InvocationInterceptorChain$ValidatingInvocation.proceed(InvocationInterceptorChain.java:131)
	at org.junit.jupiter.engine.extension.TimeoutExtension.intercept(TimeoutExtension.java:156)
	at org.junit.jupiter.engine.extension.TimeoutExtension.interceptTestableMethod(TimeoutExtension.java:147)
	at org.junit.jupiter.engine.extension.TimeoutExtension.interceptTestMethod(TimeoutExtension.java:86)
	at org.junit.jupiter.engine.execution.InterceptingExecutableInvoker$ReflectiveInterceptorCall.lambda$ofVoidMethod$0(InterceptingExecutableInvoker.java:103)
	at org.junit.jupiter.engine.execution.InterceptingExecutableInvoker.lambda$invoke$0(InterceptingExecutableInvoker.java:93)
	at org.junit.jupiter.engine.execution.InvocationInterceptorChain$InterceptedInvocation.proceed(InvocationInterceptorChain.java:106)
	at org.junit.jupiter.engine.execution.InvocationInterceptorChain.proceed(InvocationInterceptorChain.java:64)
	at org.junit.jupiter.engine.execution.InvocationInterceptorChain.chainAndInvoke(InvocationInterceptorChain.java:45)
	at org.junit.jupiter.engine.execution.InvocationInterceptorChain.invoke(InvocationInterceptorChain.java:37)
	at org.junit.jupiter.engine.execution.InterceptingExecutableInvoker.invoke(InterceptingExecutableInvoker.java:92)
	at org.junit.jupiter.engine.execution.InterceptingExecutableInvoker.invoke(InterceptingExecutableInvoker.java:86)
	at org.junit.jupiter.engine.descriptor.TestMethodTestDescriptor.lambda$invokeTestMethod$7(TestMethodTestDescriptor.java:218)
	at org.junit.platform.engine.support.hierarchical.ThrowableCollector.execute(ThrowableCollector.java:73)
	at org.junit.jupiter.engine.descriptor.TestMethodTestDescriptor.invokeTestMethod(TestMethodTestDescriptor.java:214)
	at org.junit.jupiter.engine.descriptor.TestMethodTestDescriptor.execute(TestMethodTestDescriptor.java:139)
	at org.junit.jupiter.engine.descriptor.TestMethodTestDescriptor.execute(TestMethodTestDescriptor.java:69)
	at org.junit.platform.engine.support.hierarchical.NodeTestTask.lambda$executeRecursively$6(NodeTestTask.java:151)
	at org.junit.platform.engine.support.hierarchical.ThrowableCollector.execute(ThrowableCollector.java:73)
	at org.junit.platform.engine.support.hierarchical.NodeTestTask.lambda$executeRecursively$8(NodeTestTask.java:141)
	at org.junit.platform.engine.support.hierarchical.Node.around(Node.java:137)
	at org.junit.platform.engine.support.hierarchical.NodeTestTask.lambda$executeRecursively$9(NodeTestTask.java:139)
	at org.junit.platform.engine.support.hierarchical.ThrowableCollector.execute(ThrowableCollector.java:73)
	at org.junit.platform.engine.support.hierarchical.NodeTestTask.executeRecursively(NodeTestTask.java:138)
	at org.junit.platform.engine.support.hierarchical.NodeTestTask.execute(NodeTestTask.java:95)
	at java.util.ArrayList.forEach(ArrayList.java:1259)
	at org.junit.platform.engine.support.hierarchical.SameThreadHierarchicalTestExecutorService.invokeAll(SameThreadHierarchicalTestExecutorService.java:41)
	at org.junit.platform.engine.support.hierarchical.NodeTestTask.lambda$executeRecursively$6(NodeTestTask.java:155)
	at org.junit.platform.engine.support.hierarchical.ThrowableCollector.execute(ThrowableCollector.java:73)
	at org.junit.platform.engine.support.hierarchical.NodeTestTask.lambda$executeRecursively$8(NodeTestTask.java:141)
	at org.junit.platform.engine.support.hierarchical.Node.around(Node.java:137)
	at org.junit.platform.engine.support.hierarchical.NodeTestTask.lambda$executeRecursively$9(NodeTestTask.java:139)
	at org.junit.platform.engine.support.hierarchical.ThrowableCollector.execute(ThrowableCollector.java:73)
	at org.junit.platform.engine.support.hierarchical.NodeTestTask.executeRecursively(NodeTestTask.java:138)
	at org.junit.platform.engine.support.hierarchical.NodeTestTask.execute(NodeTestTask.java:95)
	at java.util.ArrayList.forEach(ArrayList.java:1259)
	at org.junit.platform.engine.support.hierarchical.SameThreadHierarchicalTestExecutorService.invokeAll(SameThreadHierarchicalTestExecutorService.java:41)
	at org.junit.platform.engine.support.hierarchical.NodeTestTask.lambda$executeRecursively$6(NodeTestTask.java:155)
	at org.junit.platform.engine.support.hierarchical.ThrowableCollector.execute(ThrowableCollector.java:73)
	at org.junit.platform.engine.support.hierarchical.NodeTestTask.lambda$executeRecursively$8(NodeTestTask.java:141)
	at org.junit.platform.engine.support.hierarchical.Node.around(Node.java:137)
	at org.junit.platform.engine.support.hierarchical.NodeTestTask.lambda$executeRecursively$9(NodeTestTask.java:139)
	at org.junit.platform.engine.support.hierarchical.ThrowableCollector.execute(ThrowableCollector.java:73)
	at org.junit.platform.engine.support.hierarchical.NodeTestTask.executeRecursively(NodeTestTask.java:138)
	at org.junit.platform.engine.support.hierarchical.NodeTestTask.execute(NodeTestTask.java:95)
	at org.junit.platform.engine.support.hierarchical.SameThreadHierarchicalTestExecutorService.submit(SameThreadHierarchicalTestExecutorService.java:35)
	at org.junit.platform.engine.support.hierarchical.HierarchicalTestExecutor.execute(HierarchicalTestExecutor.java:57)
	at org.junit.platform.engine.support.hierarchical.HierarchicalTestEngine.execute(HierarchicalTestEngine.java:54)
	at org.junit.platform.launcher.core.EngineExecutionOrchestrator.execute(EngineExecutionOrchestrator.java:198)
	at org.junit.platform.launcher.core.EngineExecutionOrchestrator.execute(EngineExecutionOrchestrator.java:169)
	at org.junit.platform.launcher.core.EngineExecutionOrchestrator.execute(EngineExecutionOrchestrator.java:93)
	at org.junit.platform.launcher.core.EngineExecutionOrchestrator.lambda$execute$0(EngineExecutionOrchestrator.java:58)
	at org.junit.platform.launcher.core.EngineExecutionOrchestrator.withInterceptedStreams(EngineExecutionOrchestrator.java:141)
	at org.junit.platform.launcher.core.EngineExecutionOrchestrator.execute(EngineExecutionOrchestrator.java:57)
	at org.junit.platform.launcher.core.DefaultLauncher.execute(DefaultLauncher.java:103)
	at org.junit.platform.launcher.core.DefaultLauncher.execute(DefaultLauncher.java:85)
	at org.junit.platform.launcher.core.DelegatingLauncher.execute(DelegatingLauncher.java:47)
	at org.apache.maven.surefire.junitplatform.LazyLauncher.execute(LazyLauncher.java:56)
	at org.apache.maven.surefire.junitplatform.JUnitPlatformProvider.execute(JUnitPlatformProvider.java:184)
	at org.apache.maven.surefire.junitplatform.JUnitPlatformProvider.invokeAllTests(JUnitPlatformProvider.java:148)
	at org.apache.maven.surefire.junitplatform.JUnitPlatformProvider.invoke(JUnitPlatformProvider.java:120)
	at org.apache.maven.surefire.booter.ForkedBooter.runSuitesInProcess(ForkedBooter.java:385)
	at org.apache.maven.surefire.booter.ForkedBooter.execute(ForkedBooter.java:162)
	at org.apache.maven.surefire.booter.ForkedBooter.run(ForkedBooter.java:507)
	at org.apache.maven.surefire.booter.ForkedBooter.main(ForkedBooter.java:495)
Caused by: org.apache.ratis.protocol.exceptions.NotReplicatedException: Request with call Id 49 and log index 27 is not yet replicated to ALL_COMMITTED
	at org.apache.ratis.client.impl.ClientProtoUtils.toRaftClientReply(ClientProtoUtils.java:400)
	at org.apache.ratis.grpc.client.GrpcClientProtocolClient$AsyncStreamObservers$1.onNext(GrpcClientProtocolClient.java:310)
	at org.apache.ratis.grpc.client.GrpcClientProtocolClient$AsyncStreamObservers$1.onNext(GrpcClientProtocolClient.java:305)
	at org.apache.ratis.thirdparty.io.grpc.stub.ClientCalls$StreamObserverToCallListenerAdapter.onMessage(ClientCalls.java:468)
	at org.apache.ratis.thirdparty.io.grpc.ForwardingClientCallListener.onMessage(ForwardingClientCallListener.java:33)
	at org.apache.ratis.thirdparty.io.grpc.internal.ClientCallImpl$ClientStreamListenerImpl$1MessagesAvailable.runInternal(ClientCallImpl.java:660)
	at org.apache.ratis.thirdparty.io.grpc.internal.ClientCallImpl$ClientStreamListenerImpl$1MessagesAvailable.runInContext(ClientCallImpl.java:647)
	at org.apache.ratis.thirdparty.io.grpc.internal.ContextRunnable.run(ContextRunnable.java:37)
	at org.apache.ratis.thirdparty.io.grpc.internal.SerializingExecutor.run(SerializingExecutor.java:133)
	at java.util.concurrent.ThreadPoolExecutor.runWorker(ThreadPoolExecutor.java:1149)
	at java.util.concurrent.ThreadPoolExecutor$Worker.run(ThreadPoolExecutor.java:624)
	at java.lang.Thread.run(Thread.java:750)
2023-12-26 17:42:51,073 [grpc-default-executor-3] WARN  server.GrpcLogAppender (LogUtils.java:warn(121)) - 559a6ab5-825d-4c14-b258-477429313dde@group-7BC91E35481A->44b0d7ae-65a5-40e5-9d42-50dc3ce2f2bb-AppendLogResponseHandler: Failed appendEntries: org.apache.ratis.thirdparty.io.grpc.StatusRuntimeException: UNAVAILABLE: io exception
2023-12-26 17:42:51,073 [grpc-default-executor-4] WARN  server.GrpcLogAppender (LogUtils.java:warn(121)) - 559a6ab5-825d-4c14-b258-477429313dde@group-7BC91E35481A->44b0d7ae-65a5-40e5-9d42-50dc3ce2f2bb-AppendLogResponseHandler: Failed appendEntries: org.apache.ratis.thirdparty.io.grpc.StatusRuntimeException: UNAVAILABLE: io exception
2023-12-26 17:42:51,074 [grpc-default-executor-3] WARN  server.GrpcLogAppender (GrpcLogAppender.java:resetClient(140)) - 559a6ab5-825d-4c14-b258-477429313dde@group-7BC91E35481A->44b0d7ae-65a5-40e5-9d42-50dc3ce2f2bb-GrpcLogAppender: Follower failed and request == null,  keep nextIndex (3) unchanged and retry.
2023-12-26 17:42:51,074 [grpc-default-executor-4] WARN  server.GrpcLogAppender (GrpcLogAppender.java:resetClient(140)) - 559a6ab5-825d-4c14-b258-477429313dde@group-7BC91E35481A->44b0d7ae-65a5-40e5-9d42-50dc3ce2f2bb-GrpcLogAppender: Follower failed and request == null,  keep nextIndex (3) unchanged and retry.
2023-12-26 17:42:51,219 [grpc-default-executor-4] WARN  server.GrpcLogAppender (LogUtils.java:warn(121)) - 559a6ab5-825d-4c14-b258-477429313dde@group-7BC91E35481A->12bf515f-ba3e-42f8-ba13-af4a8bda6fda-AppendLogResponseHandler: Failed appendEntries: org.apache.ratis.thirdparty.io.grpc.StatusRuntimeException: UNAVAILABLE: io exception
2023-12-26 17:42:51,219 [grpc-default-executor-3] WARN  server.GrpcLogAppender (LogUtils.java:warn(121)) - 559a6ab5-825d-4c14-b258-477429313dde@group-7BC91E35481A->12bf515f-ba3e-42f8-ba13-af4a8bda6fda-AppendLogResponseHandler: Failed appendEntries: org.apache.ratis.thirdparty.io.grpc.StatusRuntimeException: UNAVAILABLE: io exception
2023-12-26 17:42:51,220 [grpc-default-executor-4] WARN  server.GrpcLogAppender (GrpcLogAppender.java:resetClient(140)) - 559a6ab5-825d-4c14-b258-477429313dde@group-7BC91E35481A->12bf515f-ba3e-42f8-ba13-af4a8bda6fda-GrpcLogAppender: Follower failed and request == null,  keep nextIndex (3) unchanged and retry.
2023-12-26 17:42:51,220 [grpc-default-executor-3] WARN  server.GrpcLogAppender (GrpcLogAppender.java:resetClient(140)) - 559a6ab5-825d-4c14-b258-477429313dde@group-7BC91E35481A->12bf515f-ba3e-42f8-ba13-af4a8bda6fda-GrpcLogAppender: Follower failed and request == null,  keep nextIndex (3) unchanged and retry.
2023-12-26 17:42:51,589 [559a6ab5-825d-4c14-b258-477429313dde@group-7BC91E35481A-LeaderStateImpl] WARN  server.RaftServer$Division (LeaderStateImpl.java:checkLeadership(1087)) - 559a6ab5-825d-4c14-b258-477429313dde@group-7BC91E35481A-LeaderStateImpl: Lost leadership on term: 1. Election timeout: 5200ms. In charge for: 10839ms. Conf: 0: peers:[44b0d7ae-65a5-40e5-9d42-50dc3ce2f2bb|10.1.0.4:15148, 12bf515f-ba3e-42f8-ba13-af4a8bda6fda|10.1.0.4:15139, 559a6ab5-825d-4c14-b258-477429313dde|10.1.0.4:15130]|listeners:[], old=null
2023-12-26 17:42:51,590 [559a6ab5-825d-4c14-b258-477429313dde@group-7BC91E35481A-LeaderStateImpl] WARN  server.RaftServer$Division (LeaderStateImpl.java:lambda$checkLeadership$21(1091)) - Follower 559a6ab5-825d-4c14-b258-477429313dde@group-7BC91E35481A->44b0d7ae-65a5-40e5-9d42-50dc3ce2f2bb(c1,m2,n3, caughtUp=true, lastRpcSendTime=515, lastRpcResponseTime=10401)
2023-12-26 17:42:51,590 [559a6ab5-825d-4c14-b258-477429313dde@group-7BC91E35481A-LeaderStateImpl] WARN  server.RaftServer$Division (LeaderStateImpl.java:lambda$checkLeadership$21(1091)) - Follower 559a6ab5-825d-4c14-b258-477429313dde@group-7BC91E35481A->12bf515f-ba3e-42f8-ba13-af4a8bda6fda(c2,m2,n3, caughtUp=true, lastRpcSendTime=369, lastRpcResponseTime=7899)
2023-12-26 17:42:51,590 [559a6ab5-825d-4c14-b258-477429313dde@group-7BC91E35481A-LeaderStateImpl] INFO  server.RaftServer$Division (RaftServerImpl.java:setRole(379)) - 559a6ab5-825d-4c14-b258-477429313dde@group-7BC91E35481A: changes role from    LEADER to FOLLOWER at term 1 for StepDownReason:LOST_MAJORITY_HEARTBEATS
2023-12-26 17:42:51,590 [559a6ab5-825d-4c14-b258-477429313dde@group-7BC91E35481A-LeaderStateImpl] INFO  impl.RoleInfo (RoleInfo.java:shutdownLeaderState(94)) - 559a6ab5-825d-4c14-b258-477429313dde: shutdown 559a6ab5-825d-4c14-b258-477429313dde@group-7BC91E35481A-LeaderStateImpl
2023-12-26 17:42:51,591 [559a6ab5-825d-4c14-b258-477429313dde@group-7BC91E35481A->44b0d7ae-65a5-40e5-9d42-50dc3ce2f2bb-GrpcLogAppender-LogAppenderDaemon] WARN  server.GrpcLogAppender (GrpcLogAppender.java:mayWait(212)) - 559a6ab5-825d-4c14-b258-477429313dde@group-7BC91E35481A->44b0d7ae-65a5-40e5-9d42-50dc3ce2f2bb-GrpcLogAppender: Wait interrupted by java.lang.InterruptedException
2023-12-26 17:42:51,591 [559a6ab5-825d-4c14-b258-477429313dde@group-7BC91E35481A-LeaderStateImpl] INFO  impl.PendingRequests (PendingRequests.java:sendNotLeaderResponses(289)) - 559a6ab5-825d-4c14-b258-477429313dde@group-7BC91E35481A-PendingRequests: sendNotLeaderResponses
2023-12-26 17:42:51,600 [559a6ab5-825d-4c14-b258-477429313dde@group-7BC91E35481A->12bf515f-ba3e-42f8-ba13-af4a8bda6fda-GrpcLogAppender-LogAppenderDaemon] WARN  server.GrpcLogAppender (GrpcLogAppender.java:mayWait(212)) - 559a6ab5-825d-4c14-b258-477429313dde@group-7BC91E35481A->12bf515f-ba3e-42f8-ba13-af4a8bda6fda-GrpcLogAppender: Wait interrupted by java.lang.InterruptedException
2023-12-26 17:42:51,600 [null-request--thread1] INFO  server.GrpcClientProtocolService (GrpcClientProtocolService.java:lambda$processClientRequest$0(284)) - Failed RaftClientRequest:client-0495AE45F4F6->559a6ab5-825d-4c14-b258-477429313dde@group-7BC91E35481A, cid=50, seq=null, Watch-MAJORITY_COMMITTED(27), Message:<EMPTY>, reply=RaftClientReply:client-0495AE45F4F6->559a6ab5-825d-4c14-b258-477429313dde@group-7BC91E35481A, cid=50, FAILED org.apache.ratis.protocol.exceptions.NotLeaderException: Server 559a6ab5-825d-4c14-b258-477429313dde@group-7BC91E35481A is not the leader, logIndex=0, commits[559a6ab5-825d-4c14-b258-477429313dde:c2, 44b0d7ae-65a5-40e5-9d42-50dc3ce2f2bb:c1, 12bf515f-ba3e-42f8-ba13-af4a8bda6fda:c2]
2023-12-26 17:42:51,602 [559a6ab5-825d-4c14-b258-477429313dde@group-7BC91E35481A-LeaderStateImpl] INFO  server.RaftServer$Division (ServerState.java:setLeader(265)) - 559a6ab5-825d-4c14-b258-477429313dde@group-7BC91E35481A: change Leader from 559a6ab5-825d-4c14-b258-477429313dde to null at term 1 for StepDownReason:LOST_MAJORITY_HEARTBEATS
2023-12-26 17:42:51,602 [559a6ab5-825d-4c14-b258-477429313dde@group-7BC91E35481A-LeaderStateImpl] INFO  impl.RoleInfo (RoleInfo.java:updateAndGet(139)) - 559a6ab5-825d-4c14-b258-477429313dde: start 559a6ab5-825d-4c14-b258-477429313dde@group-7BC91E35481A-FollowerState
2023-12-26 17:42:52,198 [559a6ab5-825d-4c14-b258-477429313dde-CloseContainerThread-0] INFO  commandhandler.CloseContainerCommandHandler (CloseContainerCommandHandler.java:lambda$handle$0(153)) - Follower cannot close container #1.
2023-12-26 17:42:53,365 [BackgroundPipelineScrubber] INFO  pipeline.PipelineManagerImpl (PipelineManagerImpl.java:scrubPipelines(610)) - Scrubbing pipeline: id: PipelineID=bf94fe18-add2-4dcd-b198-7bc91e35481a since it stays at CLOSED stage.
2023-12-26 17:42:53,366 [BackgroundPipelineScrubber] INFO  pipeline.RatisPipelineProvider (RatisPipelineProvider.java:lambda$close$4(272)) - Send pipeline:PipelineID=bf94fe18-add2-4dcd-b198-7bc91e35481a close command to datanode 44b0d7ae-65a5-40e5-9d42-50dc3ce2f2bb
2023-12-26 17:42:53,366 [BackgroundPipelineScrubber] INFO  pipeline.RatisPipelineProvider (RatisPipelineProvider.java:lambda$close$4(272)) - Send pipeline:PipelineID=bf94fe18-add2-4dcd-b198-7bc91e35481a close command to datanode 12bf515f-ba3e-42f8-ba13-af4a8bda6fda
2023-12-26 17:42:53,366 [BackgroundPipelineScrubber] INFO  pipeline.RatisPipelineProvider (RatisPipelineProvider.java:lambda$close$4(272)) - Send pipeline:PipelineID=bf94fe18-add2-4dcd-b198-7bc91e35481a close command to datanode 559a6ab5-825d-4c14-b258-477429313dde
2023-12-26 17:42:53,367 [BackgroundPipelineScrubber] INFO  pipeline.PipelineManagerImpl (PipelineManagerImpl.java:removePipeline(459)) - Pipeline Pipeline[ Id: bf94fe18-add2-4dcd-b198-7bc91e35481a, Nodes: 44b0d7ae-65a5-40e5-9d42-50dc3ce2f2bb(fv-az1381-115/10.1.0.4)12bf515f-ba3e-42f8-ba13-af4a8bda6fda(fv-az1381-115/10.1.0.4)559a6ab5-825d-4c14-b258-477429313dde(fv-az1381-115/10.1.0.4), ReplicationConfig: RATIS/THREE, State:CLOSED, leaderId:559a6ab5-825d-4c14-b258-477429313dde, CreationTimestamp2023-12-26T17:42:32.774Z[Etc/UTC]] removed.
2023-12-26 17:42:55,197 [559a6ab5-825d-4c14-b258-477429313dde-PipelineCommandHandlerThread-0] INFO  server.RaftServer (RaftServerProxy.java:remove(111)) - 559a6ab5-825d-4c14-b258-477429313dde: remove  FOLLOWER 559a6ab5-825d-4c14-b258-477429313dde@group-7BC91E35481A:t1, leader=null, voted=559a6ab5-825d-4c14-b258-477429313dde, raftlog=Memoized:559a6ab5-825d-4c14-b258-477429313dde@group-7BC91E35481A-SegmentedRaftLog:OPENED:c2, conf=0: peers:[44b0d7ae-65a5-40e5-9d42-50dc3ce2f2bb|10.1.0.4:15148, 12bf515f-ba3e-42f8-ba13-af4a8bda6fda|10.1.0.4:15139, 559a6ab5-825d-4c14-b258-477429313dde|10.1.0.4:15130]|listeners:[], old=null RUNNING
2023-12-26 17:42:55,198 [559a6ab5-825d-4c14-b258-477429313dde-PipelineCommandHandlerThread-0] INFO  server.RaftServer$Division (RaftServerImpl.java:lambda$close$3(516)) - 559a6ab5-825d-4c14-b258-477429313dde@group-7BC91E35481A: shutdown
2023-12-26 17:42:55,198 [559a6ab5-825d-4c14-b258-477429313dde-PipelineCommandHandlerThread-0] INFO  util.JmxRegister (JmxRegister.java:unregister(73)) - Successfully un-registered JMX Bean with object name Ratis:service=RaftServer,group=group-7BC91E35481A,id=559a6ab5-825d-4c14-b258-477429313dde
2023-12-26 17:42:55,198 [559a6ab5-825d-4c14-b258-477429313dde-PipelineCommandHandlerThread-0] INFO  impl.RoleInfo (RoleInfo.java:shutdownFollowerState(110)) - 559a6ab5-825d-4c14-b258-477429313dde: shutdown 559a6ab5-825d-4c14-b258-477429313dde@group-7BC91E35481A-FollowerState
2023-12-26 17:42:55,198 [559a6ab5-825d-4c14-b258-477429313dde-PipelineCommandHandlerThread-0] INFO  impl.StateMachineUpdater (StateMachineUpdater.java:stopAndJoin(157)) - 559a6ab5-825d-4c14-b258-477429313dde@group-7BC91E35481A-StateMachineUpdater: set stopIndex = 2
2023-12-26 17:42:55,198 [559a6ab5-825d-4c14-b258-477429313dde@group-7BC91E35481A-StateMachineUpdater] INFO  ratis.ContainerStateMachine (ContainerStateMachine.java:takeSnapshot(355)) - group-7BC91E35481A: Taking a snapshot at:(t:1, i:2) file /home/runner/work/ozone/ozone/hadoop-ozone/integration-test/target/test-dir/MiniOzoneClusterImpl-c07e4b46-e5c7-4260-9d08-acd32f4d7801/datanode-3/data/ratis/bf94fe18-add2-4dcd-b198-7bc91e35481a/sm/snapshot.1_2
2023-12-26 17:42:55,198 [559a6ab5-825d-4c14-b258-477429313dde@group-7BC91E35481A-FollowerState] INFO  impl.FollowerState (FollowerState.java:run(152)) - 559a6ab5-825d-4c14-b258-477429313dde@group-7BC91E35481A-FollowerState was interrupted
2023-12-26 17:42:55,200 [559a6ab5-825d-4c14-b258-477429313dde@group-7BC91E35481A-StateMachineUpdater] INFO  ratis.ContainerStateMachine (ContainerStateMachine.java:takeSnapshot(366)) - group-7BC91E35481A: Finished taking a snapshot at:(t:1, i:2) file:/home/runner/work/ozone/ozone/hadoop-ozone/integration-test/target/test-dir/MiniOzoneClusterImpl-c07e4b46-e5c7-4260-9d08-acd32f4d7801/datanode-3/data/ratis/bf94fe18-add2-4dcd-b198-7bc91e35481a/sm/snapshot.1_2 took: 1 ms
2023-12-26 17:42:55,200 [559a6ab5-825d-4c14-b258-477429313dde@group-7BC91E35481A-StateMachineUpdater] INFO  impl.StateMachineUpdater (StateMachineUpdater.java:takeSnapshot(295)) - 559a6ab5-825d-4c14-b258-477429313dde@group-7BC91E35481A-StateMachineUpdater: Took a snapshot at index 2
2023-12-26 17:42:55,200 [559a6ab5-825d-4c14-b258-477429313dde@group-7BC91E35481A-StateMachineUpdater] INFO  impl.StateMachineUpdater (StateMachineUpdater.java:lambda$new$0(98)) - 559a6ab5-825d-4c14-b258-477429313dde@group-7BC91E35481A-StateMachineUpdater: snapshotIndex: updateIncreasingly -1 -> 2
2023-12-26 17:42:55,200 [559a6ab5-825d-4c14-b258-477429313dde-PipelineCommandHandlerThread-0] INFO  server.RaftServer$Division (ServerState.java:close(423)) - 559a6ab5-825d-4c14-b258-477429313dde@group-7BC91E35481A: applyIndex: 2
2023-12-26 17:42:55,200 [559a6ab5-825d-4c14-b258-477429313dde@group-7BC91E35481A-cacheEviction-AwaitToRun] INFO  util.AwaitToRun (AwaitToRun.java:run(49)) - 559a6ab5-825d-4c14-b258-477429313dde@group-7BC91E35481A-cacheEviction-AwaitToRun-AwaitForSignal is interrupted
2023-12-26 17:42:56,190 [559a6ab5-825d-4c14-b258-477429313dde-PipelineCommandHandlerThread-0] INFO  segmented.SegmentedRaftLogWorker (SegmentedRaftLogWorker.java:close(243)) - 559a6ab5-825d-4c14-b258-477429313dde@group-7BC91E35481A-SegmentedRaftLogWorker close()
2023-12-26 17:42:56,192 [559a6ab5-825d-4c14-b258-477429313dde-PipelineCommandHandlerThread-0] INFO  keyvalue.KeyValueContainer (KeyValueContainer.java:flushAndSyncDB(522)) - Container 1 is synced with bcsId 0.
2023-12-26 17:42:56,192 [559a6ab5-825d-4c14-b258-477429313dde-PipelineCommandHandlerThread-0] INFO  keyvalue.KeyValueContainer (KeyValueContainer.java:flushAndSyncDB(522)) - Container 1 is synced with bcsId 0.
2023-12-26 17:42:56,196 [559a6ab5-825d-4c14-b258-477429313dde-PipelineCommandHandlerThread-0] INFO  server.RaftServer$Division (RaftServerImpl.java:groupRemove(486)) - 559a6ab5-825d-4c14-b258-477429313dde@group-7BC91E35481A: Succeed to remove RaftStorageDirectory Storage Directory /home/runner/work/ozone/ozone/hadoop-ozone/integration-test/target/test-dir/MiniOzoneClusterImpl-c07e4b46-e5c7-4260-9d08-acd32f4d7801/datanode-3/data/ratis/bf94fe18-add2-4dcd-b198-7bc91e35481a
2023-12-26 17:42:56,196 [FixedThreadPoolWithAffinityExecutor-9-0] INFO  container.IncrementalContainerReportHandler (AbstractContainerReportHandler.java:updateContainerState(287)) - Moving container #1 to QUASI_CLOSED state, datanode 559a6ab5-825d-4c14-b258-477429313dde(fv-az1381-115/10.1.0.4) reported QUASI_CLOSED replica.
2023-12-26 17:42:56,196 [559a6ab5-825d-4c14-b258-477429313dde-PipelineCommandHandlerThread-0] INFO  commandhandler.ClosePipelineCommandHandler (ClosePipelineCommandHandler.java:lambda$handle$0(87)) - Close Pipeline PipelineID=bf94fe18-add2-4dcd-b198-7bc91e35481a command on datanode 559a6ab5-825d-4c14-b258-477429313dde.
2023-12-26 17:43:01,359 [main] INFO  ozone.MiniOzoneClusterImpl (MiniOzoneClusterImpl.java:shutdown(450)) - Shutting down the Mini Ozone Cluster
2023-12-26 17:43:01,360 [main] INFO  ozone.MiniOzoneClusterImpl (MiniOzoneClusterImpl.java:stop(467)) - Stopping the Mini Ozone Cluster
2023-12-26 17:43:01,360 [main] INFO  om.OzoneManager (OzoneManager.java:stop(2206)) - om1[localhost:15093]: Stopping Ozone Manager
2023-12-26 17:43:01,360 [main] INFO  ipc.Server (Server.java:stop(3523)) - Stopping server on 15093
2023-12-26 17:43:01,365 [IPC Server listener on 15093] INFO  ipc.Server (Server.java:run(1434)) - Stopping IPC Server listener on 15093
2023-12-26 17:43:01,365 [IPC Server Responder] INFO  ipc.Server (Server.java:run(1567)) - Stopping IPC Server Responder
2023-12-26 17:43:01,366 [main] INFO  server.RaftServer (RaftServerProxy.java:lambda$close$9(416)) - om1: close
2023-12-26 17:43:01,366 [om1-impl-thread1] INFO  server.RaftServer$Division (RaftServerImpl.java:lambda$close$3(516)) - om1@group-C5BA1605619E: shutdown
2023-12-26 17:43:01,366 [main] INFO  server.GrpcService (GrpcService.java:closeImpl(311)) - om1: shutdown server GrpcServerProtocolService now
2023-12-26 17:43:01,366 [om1-impl-thread1] INFO  util.JmxRegister (JmxRegister.java:unregister(73)) - Successfully un-registered JMX Bean with object name Ratis:service=RaftServer,group=group-C5BA1605619E,id=om1
2023-12-26 17:43:01,367 [om1-impl-thread1] INFO  impl.RoleInfo (RoleInfo.java:shutdownLeaderState(94)) - om1: shutdown om1@group-C5BA1605619E-LeaderStateImpl
2023-12-26 17:43:01,367 [om1-impl-thread1] INFO  impl.PendingRequests (PendingRequests.java:sendNotLeaderResponses(289)) - om1@group-C5BA1605619E-PendingRequests: sendNotLeaderResponses
2023-12-26 17:43:01,369 [om1-impl-thread1] INFO  impl.StateMachineUpdater (StateMachineUpdater.java:stopAndJoin(157)) - om1@group-C5BA1605619E-StateMachineUpdater: set stopIndex = 4
2023-12-26 17:43:01,369 [om1@group-C5BA1605619E-StateMachineUpdater] INFO  ratis.OzoneManagerStateMachine (OzoneManagerStateMachine.java:takeSnapshot(490)) - Current Snapshot Index (t:1, i:4)
2023-12-26 17:43:01,370 [main] INFO  server.GrpcService (GrpcService.java:closeImpl(320)) - om1: shutdown server GrpcServerProtocolService successfully
2023-12-26 17:43:01,383 [om1@group-C5BA1605619E-StateMachineUpdater] INFO  impl.StateMachineUpdater (StateMachineUpdater.java:takeSnapshot(295)) - om1@group-C5BA1605619E-StateMachineUpdater: Took a snapshot at index 4
2023-12-26 17:43:01,383 [om1@group-C5BA1605619E-StateMachineUpdater] INFO  impl.StateMachineUpdater (StateMachineUpdater.java:lambda$new$0(98)) - om1@group-C5BA1605619E-StateMachineUpdater: snapshotIndex: updateIncreasingly -1 -> 4
2023-12-26 17:43:01,383 [om1@group-C5BA1605619E-StateMachineUpdater] INFO  ratis.OzoneManagerStateMachine (OzoneManagerStateMachine.java:close(540)) - StateMachine has shutdown. Shutdown OzoneManager if not already shutdown.
2023-12-26 17:43:01,383 [om1@group-C5BA1605619E-StateMachineUpdater] INFO  ratis.OzoneManagerDoubleBuffer (OzoneManagerDoubleBuffer.java:stopDaemon(571)) - Stopping OMDoubleBuffer flush thread
2023-12-26 17:43:01,383 [om1-OMDoubleBufferFlushThread] INFO  ratis.OzoneManagerDoubleBuffer (OzoneManagerDoubleBuffer.java:canFlush(658)) - OMDoubleBuffer flush thread om1-OMDoubleBufferFlushThread is interrupted and will exit.
2023-12-26 17:43:01,384 [om1-impl-thread1] INFO  server.RaftServer$Division (ServerState.java:close(423)) - om1@group-C5BA1605619E: applyIndex: 4
2023-12-26 17:43:01,384 [om1@group-C5BA1605619E-cacheEviction-AwaitToRun] INFO  util.AwaitToRun (AwaitToRun.java:run(49)) - om1@group-C5BA1605619E-cacheEviction-AwaitToRun-AwaitForSignal is interrupted
2023-12-26 17:43:02,155 [om1-impl-thread1] INFO  segmented.SegmentedRaftLogWorker (SegmentedRaftLogWorker.java:close(243)) - om1@group-C5BA1605619E-SegmentedRaftLogWorker close()
2023-12-26 17:43:02,155 [JvmPauseMonitor12] INFO  util.JvmPauseMonitor (JvmPauseMonitor.java:run(152)) - JvmPauseMonitor-om1: Stopped
2023-12-26 17:43:02,155 [main] INFO  ratis.OzoneManagerStateMachine (OzoneManagerStateMachine.java:close(540)) - StateMachine has shutdown. Shutdown OzoneManager if not already shutdown.
2023-12-26 17:43:02,155 [main] INFO  ratis.OzoneManagerDoubleBuffer (OzoneManagerDoubleBuffer.java:stopDaemon(580)) - OMDoubleBuffer flush thread is not running.
2023-12-26 17:43:02,156 [main] INFO  utils.BackgroundService (BackgroundService.java:shutdown(160)) - Shutting down service KeyDeletingService
2023-12-26 17:43:02,156 [main] INFO  utils.BackgroundService (BackgroundService.java:shutdown(160)) - Shutting down service DirectoryDeletingService
2023-12-26 17:43:02,156 [main] INFO  utils.BackgroundService (BackgroundService.java:shutdown(160)) - Shutting down service OpenKeyCleanupService
2023-12-26 17:43:02,157 [main] INFO  utils.BackgroundService (BackgroundService.java:shutdown(160)) - Shutting down service SstFilteringService
2023-12-26 17:43:02,157 [main] INFO  utils.BackgroundService (BackgroundService.java:shutdown(160)) - Shutting down service SnapshotDeletingService
2023-12-26 17:43:02,157 [main] INFO  utils.BackgroundService (BackgroundService.java:shutdown(160)) - Shutting down service MultipartUploadCleanupService
2023-12-26 17:43:02,158 [main] INFO  handler.ContextHandler (ContextHandler.java:doStop(1159)) - Stopped o.e.j.w.WebAppContext@74684191{ozoneManager,/,null,STOPPED}{file:/home/runner/work/ozone/ozone/hadoop-ozone/integration-test/target/test-classes/webapps/ozoneManager}
2023-12-26 17:43:02,158 [main] INFO  server.AbstractConnector (AbstractConnector.java:doStop(383)) - Stopped ServerConnector@4022d226{HTTP/1.1, (http/1.1)}{0.0.0.0:15094}
2023-12-26 17:43:02,158 [main] INFO  server.session (HouseKeeper.java:stopScavenging(149)) - node0 Stopped scavenging
2023-12-26 17:43:02,158 [main] INFO  handler.ContextHandler (ContextHandler.java:doStop(1159)) - Stopped o.e.j.s.ServletContextHandler@3a7828c2{static,/static,file:///home/runner/work/ozone/ozone/hadoop-ozone/integration-test/target/test-classes/webapps/static,STOPPED}
2023-12-26 17:43:02,159 [main] INFO  handler.ContextHandler (ContextHandler.java:doStop(1159)) - Stopped o.e.j.s.ServletContextHandler@5466afb3{logs,/logs,file:///home/runner/work/ozone/ozone/hadoop-ozone/integration-test/target/log,STOPPED}
2023-12-26 17:43:02,159 [main] INFO  rocksdiff.RocksDBCheckpointDiffer (RocksDBCheckpointDiffer.java:close(310)) - Shutting down CompactionDagPruningService.
2023-12-26 17:43:02,161 [main] INFO  snapshot.SnapshotDiffManager (SnapshotDiffManager.java:closeExecutorService(1688)) - Shutting down executorService: 'SnapDiffExecutor'
2023-12-26 17:43:02,161 [main] INFO  snapshot.SnapshotDiffManager (SnapshotDiffManager.java:closeExecutorService(1688)) - Shutting down executorService: 'SstDumpToolExecutor'
2023-12-26 17:43:02,161 [main] INFO  utils.BackgroundService (BackgroundService.java:shutdown(160)) - Shutting down service SnapshotDiffCleanupService
2023-12-26 17:43:02,162 [main] INFO  ozone.MiniOzoneClusterImpl (MiniOzoneClusterImpl.java:stopDatanodes(537)) - Stopping the HddsDatanodes
2023-12-26 17:43:02,166 [ForkJoinPool.commonPool-worker-4] INFO  ozoneimpl.OzoneContainer (OzoneContainer.java:stop(463)) - Attempting to stop container services.
2023-12-26 17:43:02,166 [main] INFO  ozoneimpl.OzoneContainer (OzoneContainer.java:stop(463)) - Attempting to stop container services.
2023-12-26 17:43:02,167 [ForkJoinPool.commonPool-worker-5] INFO  ozoneimpl.OzoneContainer (OzoneContainer.java:stop(463)) - Attempting to stop container services.
2023-12-26 17:43:02,167 [ForkJoinPool.commonPool-worker-4] INFO  server.RaftServer (RaftServerProxy.java:lambda$close$9(416)) - c480eabb-3157-49f2-b9f1-63f696d84ae6: close
2023-12-26 17:43:02,168 [ForkJoinPool.commonPool-worker-5] INFO  server.RaftServer (RaftServerProxy.java:lambda$close$9(416)) - f2ecaa80-14dc-424e-9be2-9314b399fe9c: close
2023-12-26 17:43:02,167 [main] INFO  server.RaftServer (RaftServerProxy.java:lambda$close$9(416)) - 39d92bf3-11d2-44f0-9af6-e9080cb8793e: close
2023-12-26 17:43:02,168 [c480eabb-3157-49f2-b9f1-63f696d84ae6-impl-thread1] INFO  server.RaftServer$Division (RaftServerImpl.java:lambda$close$3(516)) - c480eabb-3157-49f2-b9f1-63f696d84ae6@group-044216BD6204: shutdown
2023-12-26 17:43:02,168 [c480eabb-3157-49f2-b9f1-63f696d84ae6-impl-thread1] INFO  util.JmxRegister (JmxRegister.java:unregister(73)) - Successfully un-registered JMX Bean with object name Ratis:service=RaftServer,group=group-044216BD6204,id=c480eabb-3157-49f2-b9f1-63f696d84ae6
2023-12-26 17:43:02,168 [c480eabb-3157-49f2-b9f1-63f696d84ae6-impl-thread1] INFO  impl.RoleInfo (RoleInfo.java:shutdownLeaderState(94)) - c480eabb-3157-49f2-b9f1-63f696d84ae6: shutdown c480eabb-3157-49f2-b9f1-63f696d84ae6@group-044216BD6204-LeaderStateImpl
2023-12-26 17:43:02,169 [c480eabb-3157-49f2-b9f1-63f696d84ae6-impl-thread1] INFO  impl.PendingRequests (PendingRequests.java:sendNotLeaderResponses(289)) - c480eabb-3157-49f2-b9f1-63f696d84ae6@group-044216BD6204-PendingRequests: sendNotLeaderResponses
2023-12-26 17:43:02,169 [c480eabb-3157-49f2-b9f1-63f696d84ae6-impl-thread1] INFO  impl.StateMachineUpdater (StateMachineUpdater.java:stopAndJoin(157)) - c480eabb-3157-49f2-b9f1-63f696d84ae6@group-044216BD6204-StateMachineUpdater: set stopIndex = 0
2023-12-26 17:43:02,169 [c480eabb-3157-49f2-b9f1-63f696d84ae6@group-044216BD6204-StateMachineUpdater] INFO  ratis.ContainerStateMachine (ContainerStateMachine.java:takeSnapshot(355)) - group-044216BD6204: Taking a snapshot at:(t:1, i:0) file /home/runner/work/ozone/ozone/hadoop-ozone/integration-test/target/test-dir/MiniOzoneClusterImpl-c07e4b46-e5c7-4260-9d08-acd32f4d7801/datanode-2/data/ratis/685cd672-5f11-4d95-9fa6-044216bd6204/sm/snapshot.1_0
2023-12-26 17:43:02,169 [ForkJoinPool.commonPool-worker-4] INFO  server.GrpcService (GrpcService.java:closeImpl(311)) - c480eabb-3157-49f2-b9f1-63f696d84ae6: shutdown server org.apache.ratis.grpc.server.GrpcClientProtocolService now
2023-12-26 17:43:02,169 [c480eabb-3157-49f2-b9f1-63f696d84ae6-impl-thread2] INFO  server.RaftServer$Division (RaftServerImpl.java:lambda$close$3(516)) - c480eabb-3157-49f2-b9f1-63f696d84ae6@group-539EB75B9C88: shutdown
2023-12-26 17:43:02,170 [c480eabb-3157-49f2-b9f1-63f696d84ae6-impl-thread2] INFO  util.JmxRegister (JmxRegister.java:unregister(73)) - Successfully un-registered JMX Bean with object name Ratis:service=RaftServer,group=group-539EB75B9C88,id=c480eabb-3157-49f2-b9f1-63f696d84ae6
2023-12-26 17:43:02,170 [c480eabb-3157-49f2-b9f1-63f696d84ae6-impl-thread2] INFO  impl.RoleInfo (RoleInfo.java:shutdownFollowerState(110)) - c480eabb-3157-49f2-b9f1-63f696d84ae6: shutdown c480eabb-3157-49f2-b9f1-63f696d84ae6@group-539EB75B9C88-FollowerState
2023-12-26 17:43:02,170 [Thread-1734] INFO  server.GrpcServerProtocolClient (GrpcServerProtocolClient.java:close(103)) - b6016524-e859-4a78-8386-89e80bc47383 Close channels
2023-12-26 17:43:02,170 [Thread-1735] INFO  server.GrpcServerProtocolClient (GrpcServerProtocolClient.java:close(103)) - 3ed52e39-5430-4c2b-aae2-f3d378827451 Close channels
2023-12-26 17:43:02,171 [c480eabb-3157-49f2-b9f1-63f696d84ae6@group-044216BD6204-StateMachineUpdater] INFO  ratis.ContainerStateMachine (ContainerStateMachine.java:takeSnapshot(366)) - group-044216BD6204: Finished taking a snapshot at:(t:1, i:0) file:/home/runner/work/ozone/ozone/hadoop-ozone/integration-test/target/test-dir/MiniOzoneClusterImpl-c07e4b46-e5c7-4260-9d08-acd32f4d7801/datanode-2/data/ratis/685cd672-5f11-4d95-9fa6-044216bd6204/sm/snapshot.1_0 took: 1 ms
2023-12-26 17:43:02,172 [c480eabb-3157-49f2-b9f1-63f696d84ae6-impl-thread2] INFO  impl.StateMachineUpdater (StateMachineUpdater.java:stopAndJoin(157)) - c480eabb-3157-49f2-b9f1-63f696d84ae6@group-539EB75B9C88-StateMachineUpdater: set stopIndex = 0
2023-12-26 17:43:02,172 [39d92bf3-11d2-44f0-9af6-e9080cb8793e-impl-thread1] INFO  server.RaftServer$Division (RaftServerImpl.java:lambda$close$3(516)) - 39d92bf3-11d2-44f0-9af6-e9080cb8793e@group-1EECBF8D636F: shutdown
2023-12-26 17:43:02,173 [c480eabb-3157-49f2-b9f1-63f696d84ae6@group-539EB75B9C88-StateMachineUpdater] INFO  ratis.ContainerStateMachine (ContainerStateMachine.java:takeSnapshot(355)) - group-539EB75B9C88: Taking a snapshot at:(t:1, i:0) file /home/runner/work/ozone/ozone/hadoop-ozone/integration-test/target/test-dir/MiniOzoneClusterImpl-c07e4b46-e5c7-4260-9d08-acd32f4d7801/datanode-2/data/ratis/9798062d-9fa2-4545-b261-539eb75b9c88/sm/snapshot.1_0
2023-12-26 17:43:02,173 [main] INFO  server.GrpcService (GrpcService.java:closeImpl(311)) - 39d92bf3-11d2-44f0-9af6-e9080cb8793e: shutdown server org.apache.ratis.grpc.server.GrpcClientProtocolService now
2023-12-26 17:43:02,172 [ForkJoinPool.commonPool-worker-4] INFO  server.GrpcService (GrpcService.java:closeImpl(320)) - c480eabb-3157-49f2-b9f1-63f696d84ae6: shutdown server org.apache.ratis.grpc.server.GrpcClientProtocolService successfully
2023-12-26 17:43:02,173 [f2ecaa80-14dc-424e-9be2-9314b399fe9c-impl-thread1] INFO  server.RaftServer$Division (RaftServerImpl.java:lambda$close$3(516)) - f2ecaa80-14dc-424e-9be2-9314b399fe9c@group-847021F19625: shutdown
2023-12-26 17:43:02,173 [ForkJoinPool.commonPool-worker-5] INFO  server.GrpcService (GrpcService.java:closeImpl(311)) - f2ecaa80-14dc-424e-9be2-9314b399fe9c: shutdown server org.apache.ratis.grpc.server.GrpcClientProtocolService now
2023-12-26 17:43:02,173 [39d92bf3-11d2-44f0-9af6-e9080cb8793e-impl-thread1] INFO  util.JmxRegister (JmxRegister.java:unregister(73)) - Successfully un-registered JMX Bean with object name Ratis:service=RaftServer,group=group-1EECBF8D636F,id=39d92bf3-11d2-44f0-9af6-e9080cb8793e
2023-12-26 17:43:02,173 [c480eabb-3157-49f2-b9f1-63f696d84ae6@group-044216BD6204-StateMachineUpdater] INFO  impl.StateMachineUpdater (StateMachineUpdater.java:takeSnapshot(295)) - c480eabb-3157-49f2-b9f1-63f696d84ae6@group-044216BD6204-StateMachineUpdater: Took a snapshot at index 0
2023-12-26 17:43:02,172 [c480eabb-3157-49f2-b9f1-63f696d84ae6@group-539EB75B9C88-FollowerState] INFO  impl.FollowerState (FollowerState.java:run(152)) - c480eabb-3157-49f2-b9f1-63f696d84ae6@group-539EB75B9C88-FollowerState was interrupted
2023-12-26 17:43:02,173 [f2ecaa80-14dc-424e-9be2-9314b399fe9c-impl-thread2] INFO  server.RaftServer$Division (RaftServerImpl.java:lambda$close$3(516)) - f2ecaa80-14dc-424e-9be2-9314b399fe9c@group-BCF72C73DF2F: shutdown
2023-12-26 17:43:02,173 [f2ecaa80-14dc-424e-9be2-9314b399fe9c-impl-thread2] INFO  util.JmxRegister (JmxRegister.java:unregister(73)) - Successfully un-registered JMX Bean with object name Ratis:service=RaftServer,group=group-BCF72C73DF2F,id=f2ecaa80-14dc-424e-9be2-9314b399fe9c
2023-12-26 17:43:02,173 [39d92bf3-11d2-44f0-9af6-e9080cb8793e-impl-thread2] INFO  server.RaftServer$Division (RaftServerImpl.java:lambda$close$3(516)) - 39d92bf3-11d2-44f0-9af6-e9080cb8793e@group-BCF72C73DF2F: shutdown
2023-12-26 17:43:02,173 [c480eabb-3157-49f2-b9f1-63f696d84ae6@group-539EB75B9C88-StateMachineUpdater] INFO  ratis.ContainerStateMachine (ContainerStateMachine.java:takeSnapshot(366)) - group-539EB75B9C88: Finished taking a snapshot at:(t:1, i:0) file:/home/runner/work/ozone/ozone/hadoop-ozone/integration-test/target/test-dir/MiniOzoneClusterImpl-c07e4b46-e5c7-4260-9d08-acd32f4d7801/datanode-2/data/ratis/9798062d-9fa2-4545-b261-539eb75b9c88/sm/snapshot.1_0 took: 1 ms
2023-12-26 17:43:02,174 [c480eabb-3157-49f2-b9f1-63f696d84ae6@group-539EB75B9C88-StateMachineUpdater] INFO  impl.StateMachineUpdater (StateMachineUpdater.java:takeSnapshot(295)) - c480eabb-3157-49f2-b9f1-63f696d84ae6@group-539EB75B9C88-StateMachineUpdater: Took a snapshot at index 0
2023-12-26 17:43:02,174 [c480eabb-3157-49f2-b9f1-63f696d84ae6@group-539EB75B9C88-StateMachineUpdater] INFO  impl.StateMachineUpdater (StateMachineUpdater.java:lambda$new$0(98)) - c480eabb-3157-49f2-b9f1-63f696d84ae6@group-539EB75B9C88-StateMachineUpdater: snapshotIndex: updateIncreasingly -1 -> 0
2023-12-26 17:43:02,174 [Thread-1738] INFO  server.GrpcServerProtocolClient (GrpcServerProtocolClient.java:close(103)) - f2ecaa80-14dc-424e-9be2-9314b399fe9c Close channels
2023-12-26 17:43:02,174 [c480eabb-3157-49f2-b9f1-63f696d84ae6-impl-thread2] INFO  server.RaftServer$Division (ServerState.java:close(423)) - c480eabb-3157-49f2-b9f1-63f696d84ae6@group-539EB75B9C88: applyIndex: 0
2023-12-26 17:43:02,173 [c480eabb-3157-49f2-b9f1-63f696d84ae6@group-044216BD6204-StateMachineUpdater] INFO  impl.StateMachineUpdater (StateMachineUpdater.java:lambda$new$0(98)) - c480eabb-3157-49f2-b9f1-63f696d84ae6@group-044216BD6204-StateMachineUpdater: snapshotIndex: updateIncreasingly -1 -> 0
2023-12-26 17:43:02,173 [39d92bf3-11d2-44f0-9af6-e9080cb8793e-impl-thread1] INFO  impl.RoleInfo (RoleInfo.java:shutdownLeaderState(94)) - 39d92bf3-11d2-44f0-9af6-e9080cb8793e: shutdown 39d92bf3-11d2-44f0-9af6-e9080cb8793e@group-1EECBF8D636F-LeaderStateImpl
2023-12-26 17:43:02,174 [c480eabb-3157-49f2-b9f1-63f696d84ae6-impl-thread1] INFO  server.RaftServer$Division (ServerState.java:close(423)) - c480eabb-3157-49f2-b9f1-63f696d84ae6@group-044216BD6204: applyIndex: 0
2023-12-26 17:43:02,174 [39d92bf3-11d2-44f0-9af6-e9080cb8793e-impl-thread1] INFO  impl.PendingRequests (PendingRequests.java:sendNotLeaderResponses(289)) - 39d92bf3-11d2-44f0-9af6-e9080cb8793e@group-1EECBF8D636F-PendingRequests: sendNotLeaderResponses
2023-12-26 17:43:02,173 [f2ecaa80-14dc-424e-9be2-9314b399fe9c-impl-thread1] INFO  util.JmxRegister (JmxRegister.java:unregister(73)) - Successfully un-registered JMX Bean with object name Ratis:service=RaftServer,group=group-847021F19625,id=f2ecaa80-14dc-424e-9be2-9314b399fe9c
2023-12-26 17:43:02,174 [f2ecaa80-14dc-424e-9be2-9314b399fe9c-impl-thread1] INFO  impl.RoleInfo (RoleInfo.java:shutdownLeaderState(94)) - f2ecaa80-14dc-424e-9be2-9314b399fe9c: shutdown f2ecaa80-14dc-424e-9be2-9314b399fe9c@group-847021F19625-LeaderStateImpl
2023-12-26 17:43:02,174 [f2ecaa80-14dc-424e-9be2-9314b399fe9c-impl-thread1] INFO  impl.PendingRequests (PendingRequests.java:sendNotLeaderResponses(289)) - f2ecaa80-14dc-424e-9be2-9314b399fe9c@group-847021F19625-PendingRequests: sendNotLeaderResponses
2023-12-26 17:43:02,175 [39d92bf3-11d2-44f0-9af6-e9080cb8793e-impl-thread1] INFO  impl.StateMachineUpdater (StateMachineUpdater.java:stopAndJoin(157)) - 39d92bf3-11d2-44f0-9af6-e9080cb8793e@group-1EECBF8D636F-StateMachineUpdater: set stopIndex = 0
2023-12-26 17:43:02,175 [39d92bf3-11d2-44f0-9af6-e9080cb8793e@group-1EECBF8D636F-StateMachineUpdater] INFO  ratis.ContainerStateMachine (ContainerStateMachine.java:takeSnapshot(355)) - group-1EECBF8D636F: Taking a snapshot at:(t:1, i:0) file /home/runner/work/ozone/ozone/hadoop-ozone/integration-test/target/test-dir/MiniOzoneClusterImpl-c07e4b46-e5c7-4260-9d08-acd32f4d7801/datanode-7/data/ratis/1531227b-5c5b-4114-b1c8-1eecbf8d636f/sm/snapshot.1_0
2023-12-26 17:43:02,175 [f2ecaa80-14dc-424e-9be2-9314b399fe9c-impl-thread1] INFO  impl.StateMachineUpdater (StateMachineUpdater.java:stopAndJoin(157)) - f2ecaa80-14dc-424e-9be2-9314b399fe9c@group-847021F19625-StateMachineUpdater: set stopIndex = 0
2023-12-26 17:43:02,173 [ForkJoinPool.commonPool-worker-4] INFO  server.GrpcService (GrpcService.java:closeImpl(311)) - c480eabb-3157-49f2-b9f1-63f696d84ae6: shutdown server GrpcServerProtocolService now
2023-12-26 17:43:02,175 [f2ecaa80-14dc-424e-9be2-9314b399fe9c@group-847021F19625-StateMachineUpdater] INFO  ratis.ContainerStateMachine (ContainerStateMachine.java:takeSnapshot(355)) - group-847021F19625: Taking a snapshot at:(t:1, i:0) file /home/runner/work/ozone/ozone/hadoop-ozone/integration-test/target/test-dir/MiniOzoneClusterImpl-c07e4b46-e5c7-4260-9d08-acd32f4d7801/datanode-6/data/ratis/5dded108-765b-4ddc-afa3-847021f19625/sm/snapshot.1_0
2023-12-26 17:43:02,174 [f2ecaa80-14dc-424e-9be2-9314b399fe9c-impl-thread2] INFO  impl.RoleInfo (RoleInfo.java:shutdownFollowerState(110)) - f2ecaa80-14dc-424e-9be2-9314b399fe9c: shutdown f2ecaa80-14dc-424e-9be2-9314b399fe9c@group-BCF72C73DF2F-FollowerState
2023-12-26 17:43:02,174 [39d92bf3-11d2-44f0-9af6-e9080cb8793e-impl-thread2] INFO  util.JmxRegister (JmxRegister.java:unregister(73)) - Successfully un-registered JMX Bean with object name Ratis:service=RaftServer,group=group-BCF72C73DF2F,id=39d92bf3-11d2-44f0-9af6-e9080cb8793e
2023-12-26 17:43:02,176 [39d92bf3-11d2-44f0-9af6-e9080cb8793e-impl-thread2] INFO  impl.RoleInfo (RoleInfo.java:shutdownLeaderState(94)) - 39d92bf3-11d2-44f0-9af6-e9080cb8793e: shutdown 39d92bf3-11d2-44f0-9af6-e9080cb8793e@group-BCF72C73DF2F-LeaderStateImpl
2023-12-26 17:43:02,176 [f2ecaa80-14dc-424e-9be2-9314b399fe9c@group-847021F19625-StateMachineUpdater] INFO  ratis.ContainerStateMachine (ContainerStateMachine.java:takeSnapshot(366)) - group-847021F19625: Finished taking a snapshot at:(t:1, i:0) file:/home/runner/work/ozone/ozone/hadoop-ozone/integration-test/target/test-dir/MiniOzoneClusterImpl-c07e4b46-e5c7-4260-9d08-acd32f4d7801/datanode-6/data/ratis/5dded108-765b-4ddc-afa3-847021f19625/sm/snapshot.1_0 took: 1 ms
2023-12-26 17:43:02,176 [f2ecaa80-14dc-424e-9be2-9314b399fe9c@group-847021F19625-StateMachineUpdater] INFO  impl.StateMachineUpdater (StateMachineUpdater.java:takeSnapshot(295)) - f2ecaa80-14dc-424e-9be2-9314b399fe9c@group-847021F19625-StateMachineUpdater: Took a snapshot at index 0
2023-12-26 17:43:02,176 [f2ecaa80-14dc-424e-9be2-9314b399fe9c@group-847021F19625-StateMachineUpdater] INFO  impl.StateMachineUpdater (StateMachineUpdater.java:lambda$new$0(98)) - f2ecaa80-14dc-424e-9be2-9314b399fe9c@group-847021F19625-StateMachineUpdater: snapshotIndex: updateIncreasingly -1 -> 0
2023-12-26 17:43:02,176 [f2ecaa80-14dc-424e-9be2-9314b399fe9c-impl-thread1] INFO  server.RaftServer$Division (ServerState.java:close(423)) - f2ecaa80-14dc-424e-9be2-9314b399fe9c@group-847021F19625: applyIndex: 0
2023-12-26 17:43:02,176 [grpc-default-executor-2] WARN  server.GrpcLogAppender (LogUtils.java:warn(121)) - 3ed52e39-5430-4c2b-aae2-f3d378827451@group-539EB75B9C88->c480eabb-3157-49f2-b9f1-63f696d84ae6-AppendLogResponseHandler: Failed appendEntries: org.apache.ratis.thirdparty.io.grpc.StatusRuntimeException: CANCELLED: RST_STREAM closed stream. HTTP/2 error code: CANCEL
2023-12-26 17:43:02,176 [grpc-default-executor-2] WARN  server.GrpcLogAppender (GrpcLogAppender.java:resetClient(140)) - 3ed52e39-5430-4c2b-aae2-f3d378827451@group-539EB75B9C88->c480eabb-3157-49f2-b9f1-63f696d84ae6-GrpcLogAppender: Follower failed and request == null,  keep nextIndex (1) unchanged and retry.
2023-12-26 17:43:02,177 [grpc-default-executor-3] WARN  server.GrpcServerProtocolService (LogUtils.java:warn(121)) - c480eabb-3157-49f2-b9f1-63f696d84ae6: APPEND_ENTRIES onError, lastRequest: 3ed52e39-5430-4c2b-aae2-f3d378827451->c480eabb-3157-49f2-b9f1-63f696d84ae6#1-t1,previous=(t:0, i:0),leaderCommit=-1,initializing? true,entries: size=1, first=(t:1, i:0), CONFIGURATIONENTRY(current:id: "c480eabb-3157-49f2-b9f1-63f696d84ae6"
address: "10.1.0.4:15121"
dataStreamAddress: "10.1.0.4:15122"
clientAddress: "10.1.0.4:15119"
adminAddress: "10.1.0.4:15120"
startupRole: FOLLOWER
,id: "b6016524-e859-4a78-8386-89e80bc47383"
address: "10.1.0.4:15112"
dataStreamAddress: "10.1.0.4:15113"
clientAddress: "10.1.0.4:15110"
adminAddress: "10.1.0.4:15111"
startupRole: FOLLOWER
,id: "3ed52e39-5430-4c2b-aae2-f3d378827451"
address: "10.1.0.4:15103"
priority: 1
dataStreamAddress: "10.1.0.4:15104"
clientAddress: "10.1.0.4:15101"
adminAddress: "10.1.0.4:15102"
startupRole: FOLLOWER
, old:): org.apache.ratis.thirdparty.io.grpc.StatusRuntimeException: CANCELLED: client cancelled
2023-12-26 17:43:02,177 [f2ecaa80-14dc-424e-9be2-9314b399fe9c@group-847021F19625-cacheEviction-AwaitToRun] INFO  util.AwaitToRun (AwaitToRun.java:run(49)) - f2ecaa80-14dc-424e-9be2-9314b399fe9c@group-847021F19625-cacheEviction-AwaitToRun-AwaitForSignal is interrupted
2023-12-26 17:43:02,177 [Thread-1742] INFO  server.GrpcServerProtocolClient (GrpcServerProtocolClient.java:close(103)) - dfc36f62-24b2-4a1f-878a-2a4428b6a6a5 Close channels
2023-12-26 17:43:02,178 [39d92bf3-11d2-44f0-9af6-e9080cb8793e@group-BCF72C73DF2F->f2ecaa80-14dc-424e-9be2-9314b399fe9c-GrpcLogAppender-LogAppenderDaemon] WARN  server.GrpcLogAppender (GrpcLogAppender.java:mayWait(212)) - 39d92bf3-11d2-44f0-9af6-e9080cb8793e@group-BCF72C73DF2F->f2ecaa80-14dc-424e-9be2-9314b399fe9c-GrpcLogAppender: Wait interrupted by java.lang.InterruptedException
2023-12-26 17:43:02,178 [39d92bf3-11d2-44f0-9af6-e9080cb8793e-impl-thread2] INFO  impl.PendingRequests (PendingRequests.java:sendNotLeaderResponses(289)) - 39d92bf3-11d2-44f0-9af6-e9080cb8793e@group-BCF72C73DF2F-PendingRequests: sendNotLeaderResponses
2023-12-26 17:43:02,178 [f2ecaa80-14dc-424e-9be2-9314b399fe9c@group-BCF72C73DF2F-StateMachineUpdater] INFO  ratis.ContainerStateMachine (ContainerStateMachine.java:takeSnapshot(355)) - group-BCF72C73DF2F: Taking a snapshot at:(t:1, i:0) file /home/runner/work/ozone/ozone/hadoop-ozone/integration-test/target/test-dir/MiniOzoneClusterImpl-c07e4b46-e5c7-4260-9d08-acd32f4d7801/datanode-6/data/ratis/b677c0c9-3ba4-4491-900a-bcf72c73df2f/sm/snapshot.1_0
2023-12-26 17:43:02,178 [grpc-default-executor-0] INFO  server.GrpcServerProtocolService (GrpcServerProtocolService.java:onCompleted(157)) - f2ecaa80-14dc-424e-9be2-9314b399fe9c: Completed APPEND_ENTRIES, lastRequest: null
2023-12-26 17:43:02,178 [grpc-default-executor-0] INFO  server.GrpcServerProtocolService (GrpcServerProtocolService.java:lambda$onCompleted$5(159)) - f2ecaa80-14dc-424e-9be2-9314b399fe9c: Completed APPEND_ENTRIES, lastReply: serverReply {
  requestorId: "39d92bf3-11d2-44f0-9af6-e9080cb8793e"
  replyId: "f2ecaa80-14dc-424e-9be2-9314b399fe9c"
  raftGroupId {
    id: "\266w\300\311;\244D\221\220\n\274\367,s\337/"
  }
  callId: 14
  success: true
}
term: 1
nextIndex: 1
matchIndex: 18446744073709551615
isHearbeat: true

2023-12-26 17:43:02,179 [ForkJoinPool.commonPool-worker-6] INFO  ozoneimpl.OzoneContainer (OzoneContainer.java:stop(463)) - Attempting to stop container services.
2023-12-26 17:43:02,180 [ForkJoinPool.commonPool-worker-6] INFO  server.RaftServer (RaftServerProxy.java:lambda$close$9(416)) - dfc36f62-24b2-4a1f-878a-2a4428b6a6a5: close
2023-12-26 17:43:02,180 [grpc-default-executor-4] WARN  server.GrpcLogAppender (LogUtils.java:warn(121)) - 3ed52e39-5430-4c2b-aae2-f3d378827451@group-539EB75B9C88->c480eabb-3157-49f2-b9f1-63f696d84ae6-AppendLogResponseHandler: Failed appendEntries: org.apache.ratis.thirdparty.io.grpc.StatusRuntimeException: CANCELLED: RST_STREAM closed stream. HTTP/2 error code: CANCEL
2023-12-26 17:43:02,180 [grpc-default-executor-4] WARN  server.GrpcLogAppender (GrpcLogAppender.java:resetClient(140)) - 3ed52e39-5430-4c2b-aae2-f3d378827451@group-539EB75B9C88->c480eabb-3157-49f2-b9f1-63f696d84ae6-GrpcLogAppender: Follower failed and request == null,  keep nextIndex (1) unchanged and retry.
2023-12-26 17:43:02,180 [f2ecaa80-14dc-424e-9be2-9314b399fe9c@group-BCF72C73DF2F-StateMachineUpdater] INFO  ratis.ContainerStateMachine (ContainerStateMachine.java:takeSnapshot(366)) - group-BCF72C73DF2F: Finished taking a snapshot at:(t:1, i:0) file:/home/runner/work/ozone/ozone/hadoop-ozone/integration-test/target/test-dir/MiniOzoneClusterImpl-c07e4b46-e5c7-4260-9d08-acd32f4d7801/datanode-6/data/ratis/b677c0c9-3ba4-4491-900a-bcf72c73df2f/sm/snapshot.1_0 took: 3 ms
2023-12-26 17:43:02,180 [f2ecaa80-14dc-424e-9be2-9314b399fe9c@group-BCF72C73DF2F-StateMachineUpdater] INFO  impl.StateMachineUpdater (StateMachineUpdater.java:takeSnapshot(295)) - f2ecaa80-14dc-424e-9be2-9314b399fe9c@group-BCF72C73DF2F-StateMachineUpdater: Took a snapshot at index 0
2023-12-26 17:43:02,180 [f2ecaa80-14dc-424e-9be2-9314b399fe9c@group-BCF72C73DF2F-StateMachineUpdater] INFO  impl.StateMachineUpdater (StateMachineUpdater.java:lambda$new$0(98)) - f2ecaa80-14dc-424e-9be2-9314b399fe9c@group-BCF72C73DF2F-StateMachineUpdater: snapshotIndex: updateIncreasingly -1 -> 0
2023-12-26 17:43:02,177 [39d92bf3-11d2-44f0-9af6-e9080cb8793e@group-1EECBF8D636F-StateMachineUpdater] INFO  ratis.ContainerStateMachine (ContainerStateMachine.java:takeSnapshot(366)) - group-1EECBF8D636F: Finished taking a snapshot at:(t:1, i:0) file:/home/runner/work/ozone/ozone/hadoop-ozone/integration-test/target/test-dir/MiniOzoneClusterImpl-c07e4b46-e5c7-4260-9d08-acd32f4d7801/datanode-7/data/ratis/1531227b-5c5b-4114-b1c8-1eecbf8d636f/sm/snapshot.1_0 took: 3 ms
2023-12-26 17:43:02,181 [39d92bf3-11d2-44f0-9af6-e9080cb8793e@group-1EECBF8D636F-StateMachineUpdater] INFO  impl.StateMachineUpdater (StateMachineUpdater.java:takeSnapshot(295)) - 39d92bf3-11d2-44f0-9af6-e9080cb8793e@group-1EECBF8D636F-StateMachineUpdater: Took a snapshot at index 0
2023-12-26 17:43:02,181 [39d92bf3-11d2-44f0-9af6-e9080cb8793e@group-1EECBF8D636F-StateMachineUpdater] INFO  impl.StateMachineUpdater (StateMachineUpdater.java:lambda$new$0(98)) - 39d92bf3-11d2-44f0-9af6-e9080cb8793e@group-1EECBF8D636F-StateMachineUpdater: snapshotIndex: updateIncreasingly -1 -> 0
2023-12-26 17:43:02,181 [39d92bf3-11d2-44f0-9af6-e9080cb8793e-impl-thread1] INFO  server.RaftServer$Division (ServerState.java:close(423)) - 39d92bf3-11d2-44f0-9af6-e9080cb8793e@group-1EECBF8D636F: applyIndex: 0
2023-12-26 17:43:02,178 [f2ecaa80-14dc-424e-9be2-9314b399fe9c@group-BCF72C73DF2F-FollowerState] INFO  impl.FollowerState (FollowerState.java:run(152)) - f2ecaa80-14dc-424e-9be2-9314b399fe9c@group-BCF72C73DF2F-FollowerState was interrupted
2023-12-26 17:43:02,177 [39d92bf3-11d2-44f0-9af6-e9080cb8793e@group-BCF72C73DF2F->dfc36f62-24b2-4a1f-878a-2a4428b6a6a5-GrpcLogAppender-LogAppenderDaemon] WARN  server.GrpcLogAppender (GrpcLogAppender.java:mayWait(212)) - 39d92bf3-11d2-44f0-9af6-e9080cb8793e@group-BCF72C73DF2F->dfc36f62-24b2-4a1f-878a-2a4428b6a6a5-GrpcLogAppender: Wait interrupted by java.lang.InterruptedException
2023-12-26 17:43:02,177 [grpc-default-executor-2] WARN  server.GrpcServerProtocolService (LogUtils.java:warn(121)) - c480eabb-3157-49f2-b9f1-63f696d84ae6: APPEND_ENTRIES onError, lastRequest: null: org.apache.ratis.thirdparty.io.grpc.StatusRuntimeException: CANCELLED: client cancelled
2023-12-26 17:43:02,181 [f2ecaa80-14dc-424e-9be2-9314b399fe9c-impl-thread2] INFO  impl.StateMachineUpdater (StateMachineUpdater.java:stopAndJoin(157)) - f2ecaa80-14dc-424e-9be2-9314b399fe9c@group-BCF72C73DF2F-StateMachineUpdater: set stopIndex = 0
2023-12-26 17:43:02,181 [f2ecaa80-14dc-424e-9be2-9314b399fe9c-impl-thread2] INFO  server.RaftServer$Division (ServerState.java:close(423)) - f2ecaa80-14dc-424e-9be2-9314b399fe9c@group-BCF72C73DF2F: applyIndex: 0
2023-12-26 17:43:02,184 [ForkJoinPool.commonPool-worker-4] INFO  server.GrpcService (GrpcService.java:closeImpl(320)) - c480eabb-3157-49f2-b9f1-63f696d84ae6: shutdown server GrpcServerProtocolService successfully
2023-12-26 17:43:02,184 [c480eabb-3157-49f2-b9f1-63f696d84ae6@group-044216BD6204-cacheEviction-AwaitToRun] INFO  util.AwaitToRun (AwaitToRun.java:run(49)) - c480eabb-3157-49f2-b9f1-63f696d84ae6@group-044216BD6204-cacheEviction-AwaitToRun-AwaitForSignal is interrupted
2023-12-26 17:43:02,184 [ForkJoinPool.commonPool-worker-4] INFO  server.GrpcService (GrpcService.java:closeImpl(311)) - c480eabb-3157-49f2-b9f1-63f696d84ae6: shutdown server org.apache.ratis.grpc.server.GrpcAdminProtocolService now
2023-12-26 17:43:02,184 [c480eabb-3157-49f2-b9f1-63f696d84ae6@group-539EB75B9C88-cacheEviction-AwaitToRun] INFO  util.AwaitToRun (AwaitToRun.java:run(49)) - c480eabb-3157-49f2-b9f1-63f696d84ae6@group-539EB75B9C88-cacheEviction-AwaitToRun-AwaitForSignal is interrupted
2023-12-26 17:43:02,185 [Thread-1748] INFO  server.GrpcServerProtocolClient (GrpcServerProtocolClient.java:close(103)) - 39d92bf3-11d2-44f0-9af6-e9080cb8793e Close channels
2023-12-26 17:43:02,185 [f2ecaa80-14dc-424e-9be2-9314b399fe9c@group-BCF72C73DF2F-cacheEviction-AwaitToRun] INFO  util.AwaitToRun (AwaitToRun.java:run(49)) - f2ecaa80-14dc-424e-9be2-9314b399fe9c@group-BCF72C73DF2F-cacheEviction-AwaitToRun-AwaitForSignal is interrupted
2023-12-26 17:43:02,185 [39d92bf3-11d2-44f0-9af6-e9080cb8793e-impl-thread2] INFO  impl.StateMachineUpdater (StateMachineUpdater.java:stopAndJoin(157)) - 39d92bf3-11d2-44f0-9af6-e9080cb8793e@group-BCF72C73DF2F-StateMachineUpdater: set stopIndex = 0
2023-12-26 17:43:02,185 [39d92bf3-11d2-44f0-9af6-e9080cb8793e@group-1EECBF8D636F-cacheEviction-AwaitToRun] INFO  util.AwaitToRun (AwaitToRun.java:run(49)) - 39d92bf3-11d2-44f0-9af6-e9080cb8793e@group-1EECBF8D636F-cacheEviction-AwaitToRun-AwaitForSignal is interrupted
2023-12-26 17:43:02,185 [39d92bf3-11d2-44f0-9af6-e9080cb8793e@group-BCF72C73DF2F-StateMachineUpdater] INFO  ratis.ContainerStateMachine (ContainerStateMachine.java:takeSnapshot(355)) - group-BCF72C73DF2F: Taking a snapshot at:(t:1, i:0) file /home/runner/work/ozone/ozone/hadoop-ozone/integration-test/target/test-dir/MiniOzoneClusterImpl-c07e4b46-e5c7-4260-9d08-acd32f4d7801/datanode-7/data/ratis/b677c0c9-3ba4-4491-900a-bcf72c73df2f/sm/snapshot.1_0
2023-12-26 17:43:02,185 [dfc36f62-24b2-4a1f-878a-2a4428b6a6a5-impl-thread1] INFO  server.RaftServer$Division (RaftServerImpl.java:lambda$close$3(516)) - dfc36f62-24b2-4a1f-878a-2a4428b6a6a5@group-7EECDC04AE22: shutdown
2023-12-26 17:43:02,185 [ForkJoinPool.commonPool-worker-6] INFO  server.GrpcService (GrpcService.java:closeImpl(311)) - dfc36f62-24b2-4a1f-878a-2a4428b6a6a5: shutdown server org.apache.ratis.grpc.server.GrpcClientProtocolService now
2023-12-26 17:43:02,185 [dfc36f62-24b2-4a1f-878a-2a4428b6a6a5-impl-thread2] INFO  server.RaftServer$Division (RaftServerImpl.java:lambda$close$3(516)) - dfc36f62-24b2-4a1f-878a-2a4428b6a6a5@group-BCF72C73DF2F: shutdown
2023-12-26 17:43:02,185 [dfc36f62-24b2-4a1f-878a-2a4428b6a6a5-impl-thread2] INFO  util.JmxRegister (JmxRegister.java:unregister(73)) - Successfully un-registered JMX Bean with object name Ratis:service=RaftServer,group=group-BCF72C73DF2F,id=dfc36f62-24b2-4a1f-878a-2a4428b6a6a5
2023-12-26 17:43:02,185 [dfc36f62-24b2-4a1f-878a-2a4428b6a6a5-impl-thread1] INFO  util.JmxRegister (JmxRegister.java:unregister(73)) - Successfully un-registered JMX Bean with object name Ratis:service=RaftServer,group=group-7EECDC04AE22,id=dfc36f62-24b2-4a1f-878a-2a4428b6a6a5
2023-12-26 17:43:02,185 [dfc36f62-24b2-4a1f-878a-2a4428b6a6a5-impl-thread1] INFO  impl.RoleInfo (RoleInfo.java:shutdownLeaderState(94)) - dfc36f62-24b2-4a1f-878a-2a4428b6a6a5: shutdown dfc36f62-24b2-4a1f-878a-2a4428b6a6a5@group-7EECDC04AE22-LeaderStateImpl
2023-12-26 17:43:02,185 [dfc36f62-24b2-4a1f-878a-2a4428b6a6a5-impl-thread2] INFO  impl.RoleInfo (RoleInfo.java:shutdownFollowerState(110)) - dfc36f62-24b2-4a1f-878a-2a4428b6a6a5: shutdown dfc36f62-24b2-4a1f-878a-2a4428b6a6a5@group-BCF72C73DF2F-FollowerState
2023-12-26 17:43:02,186 [dfc36f62-24b2-4a1f-878a-2a4428b6a6a5-impl-thread1] INFO  impl.PendingRequests (PendingRequests.java:sendNotLeaderResponses(289)) - dfc36f62-24b2-4a1f-878a-2a4428b6a6a5@group-7EECDC04AE22-PendingRequests: sendNotLeaderResponses
2023-12-26 17:43:02,186 [dfc36f62-24b2-4a1f-878a-2a4428b6a6a5@group-BCF72C73DF2F-FollowerState] INFO  impl.FollowerState (FollowerState.java:run(152)) - dfc36f62-24b2-4a1f-878a-2a4428b6a6a5@group-BCF72C73DF2F-FollowerState was interrupted
2023-12-26 17:43:02,186 [dfc36f62-24b2-4a1f-878a-2a4428b6a6a5-impl-thread2] INFO  impl.StateMachineUpdater (StateMachineUpdater.java:stopAndJoin(157)) - dfc36f62-24b2-4a1f-878a-2a4428b6a6a5@group-BCF72C73DF2F-StateMachineUpdater: set stopIndex = 0
2023-12-26 17:43:02,190 [grpc-default-executor-3] INFO  server.GrpcLogAppender (GrpcLogAppender.java:onCompleted(469)) - 39d92bf3-11d2-44f0-9af6-e9080cb8793e@group-BCF72C73DF2F->f2ecaa80-14dc-424e-9be2-9314b399fe9c-AppendLogResponseHandler: follower responses appendEntries COMPLETED
2023-12-26 17:43:02,190 [dfc36f62-24b2-4a1f-878a-2a4428b6a6a5-impl-thread1] INFO  impl.StateMachineUpdater (StateMachineUpdater.java:stopAndJoin(157)) - dfc36f62-24b2-4a1f-878a-2a4428b6a6a5@group-7EECDC04AE22-StateMachineUpdater: set stopIndex = 0
2023-12-26 17:43:02,190 [grpc-default-executor-3] WARN  server.GrpcLogAppender (GrpcLogAppender.java:resetClient(149)) - 39d92bf3-11d2-44f0-9af6-e9080cb8793e@group-BCF72C73DF2F->f2ecaa80-14dc-424e-9be2-9314b399fe9c-GrpcLogAppender: Failed to getClient for f2ecaa80-14dc-424e-9be2-9314b399fe9c
org.apache.ratis.protocol.exceptions.AlreadyClosedException: 39d92bf3-11d2-44f0-9af6-e9080cb8793e is already CLOSED
	at org.apache.ratis.util.PeerProxyMap$PeerAndProxy.getProxy(PeerProxyMap.java:61)
	at org.apache.ratis.util.PeerProxyMap.getProxy(PeerProxyMap.java:110)
	at org.apache.ratis.grpc.server.GrpcLogAppender.getClient(GrpcLogAppender.java:121)
	at org.apache.ratis.grpc.server.GrpcLogAppender.resetClient(GrpcLogAppender.java:126)
	at org.apache.ratis.grpc.server.GrpcLogAppender.access$800(GrpcLogAppender.java:61)
	at org.apache.ratis.grpc.server.GrpcLogAppender$AppendLogResponseHandler.onCompleted(GrpcLogAppender.java:471)
	at org.apache.ratis.thirdparty.io.grpc.stub.ClientCalls$StreamObserverToCallListenerAdapter.onClose(ClientCalls.java:479)
	at org.apache.ratis.thirdparty.io.grpc.internal.DelayedClientCall$DelayedListener$3.run(DelayedClientCall.java:489)
	at org.apache.ratis.thirdparty.io.grpc.internal.DelayedClientCall$DelayedListener.delayOrExecute(DelayedClientCall.java:453)
	at org.apache.ratis.thirdparty.io.grpc.internal.DelayedClientCall$DelayedListener.onClose(DelayedClientCall.java:486)
	at org.apache.ratis.thirdparty.io.grpc.internal.ClientCallImpl.closeObserver(ClientCallImpl.java:567)
	at org.apache.ratis.thirdparty.io.grpc.internal.ClientCallImpl.access$300(ClientCallImpl.java:71)
	at org.apache.ratis.thirdparty.io.grpc.internal.ClientCallImpl$ClientStreamListenerImpl$1StreamClosed.runInternal(ClientCallImpl.java:735)
	at org.apache.ratis.thirdparty.io.grpc.internal.ClientCallImpl$ClientStreamListenerImpl$1StreamClosed.runInContext(ClientCallImpl.java:716)
	at org.apache.ratis.thirdparty.io.grpc.internal.ContextRunnable.run(ContextRunnable.java:37)
	at org.apache.ratis.thirdparty.io.grpc.internal.SerializingExecutor.run(SerializingExecutor.java:133)
	at java.util.concurrent.ThreadPoolExecutor.runWorker(ThreadPoolExecutor.java:1149)
	at java.util.concurrent.ThreadPoolExecutor$Worker.run(ThreadPoolExecutor.java:624)
	at java.lang.Thread.run(Thread.java:750)
2023-12-26 17:43:02,190 [dfc36f62-24b2-4a1f-878a-2a4428b6a6a5@group-7EECDC04AE22-StateMachineUpdater] INFO  ratis.ContainerStateMachine (ContainerStateMachine.java:takeSnapshot(355)) - group-7EECDC04AE22: Taking a snapshot at:(t:1, i:0) file /home/runner/work/ozone/ozone/hadoop-ozone/integration-test/target/test-dir/MiniOzoneClusterImpl-c07e4b46-e5c7-4260-9d08-acd32f4d7801/datanode-8/data/ratis/c8744a47-38d9-4c4a-ad5d-7eecdc04ae22/sm/snapshot.1_0
2023-12-26 17:43:02,191 [ForkJoinPool.commonPool-worker-4] INFO  server.GrpcService (GrpcService.java:closeImpl(320)) - c480eabb-3157-49f2-b9f1-63f696d84ae6: shutdown server org.apache.ratis.grpc.server.GrpcAdminProtocolService successfully
2023-12-26 17:43:02,191 [grpc-default-executor-2] INFO  server.GrpcServerProtocolService (GrpcServerProtocolService.java:onCompleted(157)) - f2ecaa80-14dc-424e-9be2-9314b399fe9c: Completed APPEND_ENTRIES, lastRequest: 39d92bf3-11d2-44f0-9af6-e9080cb8793e->f2ecaa80-14dc-424e-9be2-9314b399fe9c#1-t1,previous=(t:0, i:0),leaderCommit=-1,initializing? true,entries: size=1, first=(t:1, i:0), CONFIGURATIONENTRY(current:id: "f2ecaa80-14dc-424e-9be2-9314b399fe9c"
address: "10.1.0.4:15157"
dataStreamAddress: "10.1.0.4:15158"
clientAddress: "10.1.0.4:15155"
adminAddress: "10.1.0.4:15156"
startupRole: FOLLOWER
,id: "39d92bf3-11d2-44f0-9af6-e9080cb8793e"
address: "10.1.0.4:15166"
priority: 1
dataStreamAddress: "10.1.0.4:15167"
clientAddress: "10.1.0.4:15164"
adminAddress: "10.1.0.4:15165"
startupRole: FOLLOWER
,id: "dfc36f62-24b2-4a1f-878a-2a4428b6a6a5"
address: "10.1.0.4:15175"
dataStreamAddress: "10.1.0.4:15176"
clientAddress: "10.1.0.4:15173"
adminAddress: "10.1.0.4:15174"
startupRole: FOLLOWER
, old:)
2023-12-26 17:43:02,191 [grpc-default-executor-2] INFO  server.GrpcServerProtocolService (GrpcServerProtocolService.java:lambda$onCompleted$5(159)) - f2ecaa80-14dc-424e-9be2-9314b399fe9c: Completed APPEND_ENTRIES, lastReply: null
2023-12-26 17:43:02,191 [dfc36f62-24b2-4a1f-878a-2a4428b6a6a5@group-7EECDC04AE22-StateMachineUpdater] INFO  ratis.ContainerStateMachine (ContainerStateMachine.java:takeSnapshot(366)) - group-7EECDC04AE22: Finished taking a snapshot at:(t:1, i:0) file:/home/runner/work/ozone/ozone/hadoop-ozone/integration-test/target/test-dir/MiniOzoneClusterImpl-c07e4b46-e5c7-4260-9d08-acd32f4d7801/datanode-8/data/ratis/c8744a47-38d9-4c4a-ad5d-7eecdc04ae22/sm/snapshot.1_0 took: 1 ms
2023-12-26 17:43:02,191 [grpc-default-executor-4] INFO  server.GrpcServerProtocolService (GrpcServerProtocolService.java:onCompleted(157)) - dfc36f62-24b2-4a1f-878a-2a4428b6a6a5: Completed APPEND_ENTRIES, lastRequest: null
2023-12-26 17:43:02,191 [dfc36f62-24b2-4a1f-878a-2a4428b6a6a5@group-7EECDC04AE22-StateMachineUpdater] INFO  impl.StateMachineUpdater (StateMachineUpdater.java:takeSnapshot(295)) - dfc36f62-24b2-4a1f-878a-2a4428b6a6a5@group-7EECDC04AE22-StateMachineUpdater: Took a snapshot at index 0
2023-12-26 17:43:02,191 [dfc36f62-24b2-4a1f-878a-2a4428b6a6a5@group-7EECDC04AE22-StateMachineUpdater] INFO  impl.StateMachineUpdater (StateMachineUpdater.java:lambda$new$0(98)) - dfc36f62-24b2-4a1f-878a-2a4428b6a6a5@group-7EECDC04AE22-StateMachineUpdater: snapshotIndex: updateIncreasingly -1 -> 0
2023-12-26 17:43:02,192 [grpc-default-executor-4] INFO  server.GrpcServerProtocolService (GrpcServerProtocolService.java:lambda$onCompleted$5(159)) - dfc36f62-24b2-4a1f-878a-2a4428b6a6a5: Completed APPEND_ENTRIES, lastReply: serverReply {
  requestorId: "39d92bf3-11d2-44f0-9af6-e9080cb8793e"
  replyId: "dfc36f62-24b2-4a1f-878a-2a4428b6a6a5"
  raftGroupId {
    id: "\266w\300\311;\244D\221\220\n\274\367,s\337/"
  }
  callId: 10
  success: true
}
term: 1
nextIndex: 1
matchIndex: 18446744073709551615
isHearbeat: true

2023-12-26 17:43:02,192 [grpc-default-executor-3] INFO  server.GrpcLogAppender (GrpcLogAppender.java:onCompleted(469)) - 39d92bf3-11d2-44f0-9af6-e9080cb8793e@group-BCF72C73DF2F->f2ecaa80-14dc-424e-9be2-9314b399fe9c-AppendLogResponseHandler: follower responses appendEntries COMPLETED
2023-12-26 17:43:02,192 [grpc-default-executor-3] WARN  server.GrpcLogAppender (GrpcLogAppender.java:resetClient(149)) - 39d92bf3-11d2-44f0-9af6-e9080cb8793e@group-BCF72C73DF2F->f2ecaa80-14dc-424e-9be2-9314b399fe9c-GrpcLogAppender: Failed to getClient for f2ecaa80-14dc-424e-9be2-9314b399fe9c
org.apache.ratis.protocol.exceptions.AlreadyClosedException: 39d92bf3-11d2-44f0-9af6-e9080cb8793e is already CLOSED
	at org.apache.ratis.util.PeerProxyMap$PeerAndProxy.getProxy(PeerProxyMap.java:61)
	at org.apache.ratis.util.PeerProxyMap.getProxy(PeerProxyMap.java:110)
	at org.apache.ratis.grpc.server.GrpcLogAppender.getClient(GrpcLogAppender.java:121)
	at org.apache.ratis.grpc.server.GrpcLogAppender.resetClient(GrpcLogAppender.java:126)
	at org.apache.ratis.grpc.server.GrpcLogAppender.access$800(GrpcLogAppender.java:61)
	at org.apache.ratis.grpc.server.GrpcLogAppender$AppendLogResponseHandler.onCompleted(GrpcLogAppender.java:471)
	at org.apache.ratis.thirdparty.io.grpc.stub.ClientCalls$StreamObserverToCallListenerAdapter.onClose(ClientCalls.java:479)
	at org.apache.ratis.thirdparty.io.grpc.internal.ClientCallImpl.closeObserver(ClientCallImpl.java:567)
	at org.apache.ratis.thirdparty.io.grpc.internal.ClientCallImpl.access$300(ClientCallImpl.java:71)
	at org.apache.ratis.thirdparty.io.grpc.internal.ClientCallImpl$ClientStreamListenerImpl$1StreamClosed.runInternal(ClientCallImpl.java:735)
	at org.apache.ratis.thirdparty.io.grpc.internal.ClientCallImpl$ClientStreamListenerImpl$1StreamClosed.runInContext(ClientCallImpl.java:716)
	at org.apache.ratis.thirdparty.io.grpc.internal.ContextRunnable.run(ContextRunnable.java:37)
	at org.apache.ratis.thirdparty.io.grpc.internal.SerializingExecutor.run(SerializingExecutor.java:133)
	at java.util.concurrent.ThreadPoolExecutor.runWorker(ThreadPoolExecutor.java:1149)
	at java.util.concurrent.ThreadPoolExecutor$Worker.run(ThreadPoolExecutor.java:624)
	at java.lang.Thread.run(Thread.java:750)
2023-12-26 17:43:02,192 [c480eabb-3157-49f2-b9f1-63f696d84ae6-NettyServerStreamRpc-bossGroup--thread1] INFO  logging.LoggingHandler (AbstractInternalLogger.java:log(148)) - [id: 0x554b62a2, L:/0.0.0.0:15122] CLOSE
2023-12-26 17:43:02,192 [c480eabb-3157-49f2-b9f1-63f696d84ae6-NettyServerStreamRpc-bossGroup--thread1] INFO  logging.LoggingHandler (AbstractInternalLogger.java:log(148)) - [id: 0x554b62a2, L:/0.0.0.0:15122] INACTIVE
2023-12-26 17:43:02,192 [c480eabb-3157-49f2-b9f1-63f696d84ae6-NettyServerStreamRpc-bossGroup--thread1] INFO  logging.LoggingHandler (AbstractInternalLogger.java:log(148)) - [id: 0x554b62a2, L:/0.0.0.0:15122] UNREGISTERED
2023-12-26 17:43:02,193 [grpc-default-executor-0] INFO  server.GrpcServerProtocolService (GrpcServerProtocolService.java:onCompleted(157)) - dfc36f62-24b2-4a1f-878a-2a4428b6a6a5: Completed APPEND_ENTRIES, lastRequest: 39d92bf3-11d2-44f0-9af6-e9080cb8793e->dfc36f62-24b2-4a1f-878a-2a4428b6a6a5#1-t1,previous=(t:0, i:0),leaderCommit=-1,initializing? true,entries: size=1, first=(t:1, i:0), CONFIGURATIONENTRY(current:id: "f2ecaa80-14dc-424e-9be2-9314b399fe9c"
address: "10.1.0.4:15157"
dataStreamAddress: "10.1.0.4:15158"
clientAddress: "10.1.0.4:15155"
adminAddress: "10.1.0.4:15156"
startupRole: FOLLOWER
,id: "39d92bf3-11d2-44f0-9af6-e9080cb8793e"
address: "10.1.0.4:15166"
priority: 1
dataStreamAddress: "10.1.0.4:15167"
clientAddress: "10.1.0.4:15164"
adminAddress: "10.1.0.4:15165"
startupRole: FOLLOWER
,id: "dfc36f62-24b2-4a1f-878a-2a4428b6a6a5"
address: "10.1.0.4:15175"
dataStreamAddress: "10.1.0.4:15176"
clientAddress: "10.1.0.4:15173"
adminAddress: "10.1.0.4:15174"
startupRole: FOLLOWER
, old:)
2023-12-26 17:43:02,193 [grpc-default-executor-0] INFO  server.GrpcServerProtocolService (GrpcServerProtocolService.java:lambda$onCompleted$5(159)) - dfc36f62-24b2-4a1f-878a-2a4428b6a6a5: Completed APPEND_ENTRIES, lastReply: null
2023-12-26 17:43:02,193 [dfc36f62-24b2-4a1f-878a-2a4428b6a6a5-impl-thread1] INFO  server.RaftServer$Division (ServerState.java:close(423)) - dfc36f62-24b2-4a1f-878a-2a4428b6a6a5@group-7EECDC04AE22: applyIndex: 0
2023-12-26 17:43:02,193 [grpc-default-executor-0] INFO  server.GrpcLogAppender (GrpcLogAppender.java:onCompleted(469)) - 39d92bf3-11d2-44f0-9af6-e9080cb8793e@group-BCF72C73DF2F->dfc36f62-24b2-4a1f-878a-2a4428b6a6a5-AppendLogResponseHandler: follower responses appendEntries COMPLETED
2023-12-26 17:43:02,193 [grpc-default-executor-0] WARN  server.GrpcLogAppender (GrpcLogAppender.java:resetClient(149)) - 39d92bf3-11d2-44f0-9af6-e9080cb8793e@group-BCF72C73DF2F->dfc36f62-24b2-4a1f-878a-2a4428b6a6a5-GrpcLogAppender: Failed to getClient for dfc36f62-24b2-4a1f-878a-2a4428b6a6a5
org.apache.ratis.protocol.exceptions.AlreadyClosedException: 39d92bf3-11d2-44f0-9af6-e9080cb8793e is already CLOSED
	at org.apache.ratis.util.PeerProxyMap$PeerAndProxy.getProxy(PeerProxyMap.java:61)
	at org.apache.ratis.util.PeerProxyMap.getProxy(PeerProxyMap.java:110)
	at org.apache.ratis.grpc.server.GrpcLogAppender.getClient(GrpcLogAppender.java:121)
	at org.apache.ratis.grpc.server.GrpcLogAppender.resetClient(GrpcLogAppender.java:126)
	at org.apache.ratis.grpc.server.GrpcLogAppender.access$800(GrpcLogAppender.java:61)
	at org.apache.ratis.grpc.server.GrpcLogAppender$AppendLogResponseHandler.onCompleted(GrpcLogAppender.java:471)
	at org.apache.ratis.thirdparty.io.grpc.stub.ClientCalls$StreamObserverToCallListenerAdapter.onClose(ClientCalls.java:479)
	at org.apache.ratis.thirdparty.io.grpc.internal.ClientCallImpl.closeObserver(ClientCallImpl.java:567)
	at org.apache.ratis.thirdparty.io.grpc.internal.ClientCallImpl.access$300(ClientCallImpl.java:71)
	at org.apache.ratis.thirdparty.io.grpc.internal.ClientCallImpl$ClientStreamListenerImpl$1StreamClosed.runInternal(ClientCallImpl.java:735)
	at org.apache.ratis.thirdparty.io.grpc.internal.ClientCallImpl$ClientStreamListenerImpl$1StreamClosed.runInContext(ClientCallImpl.java:716)
	at org.apache.ratis.thirdparty.io.grpc.internal.ContextRunnable.run(ContextRunnable.java:37)
	at org.apache.ratis.thirdparty.io.grpc.internal.SerializingExecutor.run(SerializingExecutor.java:133)
	at java.util.concurrent.ThreadPoolExecutor.runWorker(ThreadPoolExecutor.java:1149)
	at java.util.concurrent.ThreadPoolExecutor$Worker.run(ThreadPoolExecutor.java:624)
	at java.lang.Thread.run(Thread.java:750)
2023-12-26 17:43:02,193 [ForkJoinPool.commonPool-worker-6] INFO  server.GrpcService (GrpcService.java:closeImpl(320)) - dfc36f62-24b2-4a1f-878a-2a4428b6a6a5: shutdown server org.apache.ratis.grpc.server.GrpcClientProtocolService successfully
2023-12-26 17:43:02,194 [39d92bf3-11d2-44f0-9af6-e9080cb8793e@group-BCF72C73DF2F-StateMachineUpdater] INFO  ratis.ContainerStateMachine (ContainerStateMachine.java:takeSnapshot(366)) - group-BCF72C73DF2F: Finished taking a snapshot at:(t:1, i:0) file:/home/runner/work/ozone/ozone/hadoop-ozone/integration-test/target/test-dir/MiniOzoneClusterImpl-c07e4b46-e5c7-4260-9d08-acd32f4d7801/datanode-7/data/ratis/b677c0c9-3ba4-4491-900a-bcf72c73df2f/sm/snapshot.1_0 took: 8 ms
2023-12-26 17:43:02,194 [Thread-1749] INFO  server.GrpcServerProtocolClient (GrpcServerProtocolClient.java:close(103)) - dfc36f62-24b2-4a1f-878a-2a4428b6a6a5 Close channels
2023-12-26 17:43:02,194 [39d92bf3-11d2-44f0-9af6-e9080cb8793e@group-BCF72C73DF2F-StateMachineUpdater] INFO  impl.StateMachineUpdater (StateMachineUpdater.java:takeSnapshot(295)) - 39d92bf3-11d2-44f0-9af6-e9080cb8793e@group-BCF72C73DF2F-StateMachineUpdater: Took a snapshot at index 0
2023-12-26 17:43:02,194 [39d92bf3-11d2-44f0-9af6-e9080cb8793e@group-BCF72C73DF2F-StateMachineUpdater] INFO  impl.StateMachineUpdater (StateMachineUpdater.java:lambda$new$0(98)) - 39d92bf3-11d2-44f0-9af6-e9080cb8793e@group-BCF72C73DF2F-StateMachineUpdater: snapshotIndex: updateIncreasingly -1 -> 0
2023-12-26 17:43:02,194 [ForkJoinPool.commonPool-worker-6] INFO  server.GrpcService (GrpcService.java:closeImpl(311)) - dfc36f62-24b2-4a1f-878a-2a4428b6a6a5: shutdown server GrpcServerProtocolService now
2023-12-26 17:43:02,194 [39d92bf3-11d2-44f0-9af6-e9080cb8793e-impl-thread2] INFO  server.RaftServer$Division (ServerState.java:close(423)) - 39d92bf3-11d2-44f0-9af6-e9080cb8793e@group-BCF72C73DF2F: applyIndex: 0
2023-12-26 17:43:02,194 [dfc36f62-24b2-4a1f-878a-2a4428b6a6a5@group-BCF72C73DF2F-StateMachineUpdater] INFO  ratis.ContainerStateMachine (ContainerStateMachine.java:takeSnapshot(355)) - group-BCF72C73DF2F: Taking a snapshot at:(t:1, i:0) file /home/runner/work/ozone/ozone/hadoop-ozone/integration-test/target/test-dir/MiniOzoneClusterImpl-c07e4b46-e5c7-4260-9d08-acd32f4d7801/datanode-8/data/ratis/b677c0c9-3ba4-4491-900a-bcf72c73df2f/sm/snapshot.1_0
2023-12-26 17:43:02,194 [39d92bf3-11d2-44f0-9af6-e9080cb8793e@group-BCF72C73DF2F-cacheEviction-AwaitToRun] INFO  util.AwaitToRun (AwaitToRun.java:run(49)) - 39d92bf3-11d2-44f0-9af6-e9080cb8793e@group-BCF72C73DF2F-cacheEviction-AwaitToRun-AwaitForSignal is interrupted
2023-12-26 17:43:02,195 [ForkJoinPool.commonPool-worker-6] INFO  server.GrpcService (GrpcService.java:closeImpl(320)) - dfc36f62-24b2-4a1f-878a-2a4428b6a6a5: shutdown server GrpcServerProtocolService successfully
2023-12-26 17:43:02,195 [ForkJoinPool.commonPool-worker-6] INFO  server.GrpcService (GrpcService.java:closeImpl(311)) - dfc36f62-24b2-4a1f-878a-2a4428b6a6a5: shutdown server org.apache.ratis.grpc.server.GrpcAdminProtocolService now
2023-12-26 17:43:02,195 [dfc36f62-24b2-4a1f-878a-2a4428b6a6a5@group-BCF72C73DF2F-StateMachineUpdater] INFO  ratis.ContainerStateMachine (ContainerStateMachine.java:takeSnapshot(366)) - group-BCF72C73DF2F: Finished taking a snapshot at:(t:1, i:0) file:/home/runner/work/ozone/ozone/hadoop-ozone/integration-test/target/test-dir/MiniOzoneClusterImpl-c07e4b46-e5c7-4260-9d08-acd32f4d7801/datanode-8/data/ratis/b677c0c9-3ba4-4491-900a-bcf72c73df2f/sm/snapshot.1_0 took: 1 ms
2023-12-26 17:43:02,195 [dfc36f62-24b2-4a1f-878a-2a4428b6a6a5@group-BCF72C73DF2F-StateMachineUpdater] INFO  impl.StateMachineUpdater (StateMachineUpdater.java:takeSnapshot(295)) - dfc36f62-24b2-4a1f-878a-2a4428b6a6a5@group-BCF72C73DF2F-StateMachineUpdater: Took a snapshot at index 0
2023-12-26 17:43:02,195 [dfc36f62-24b2-4a1f-878a-2a4428b6a6a5@group-BCF72C73DF2F-StateMachineUpdater] INFO  impl.StateMachineUpdater (StateMachineUpdater.java:lambda$new$0(98)) - dfc36f62-24b2-4a1f-878a-2a4428b6a6a5@group-BCF72C73DF2F-StateMachineUpdater: snapshotIndex: updateIncreasingly -1 -> 0
2023-12-26 17:43:02,196 [dfc36f62-24b2-4a1f-878a-2a4428b6a6a5-impl-thread2] INFO  server.RaftServer$Division (ServerState.java:close(423)) - dfc36f62-24b2-4a1f-878a-2a4428b6a6a5@group-BCF72C73DF2F: applyIndex: 0
2023-12-26 17:43:02,196 [dfc36f62-24b2-4a1f-878a-2a4428b6a6a5@group-BCF72C73DF2F-cacheEviction-AwaitToRun] INFO  util.AwaitToRun (AwaitToRun.java:run(49)) - dfc36f62-24b2-4a1f-878a-2a4428b6a6a5@group-BCF72C73DF2F-cacheEviction-AwaitToRun-AwaitForSignal is interrupted
2023-12-26 17:43:02,197 [dfc36f62-24b2-4a1f-878a-2a4428b6a6a5@group-7EECDC04AE22-cacheEviction-AwaitToRun] INFO  util.AwaitToRun (AwaitToRun.java:run(49)) - dfc36f62-24b2-4a1f-878a-2a4428b6a6a5@group-7EECDC04AE22-cacheEviction-AwaitToRun-AwaitForSignal is interrupted
2023-12-26 17:43:02,199 [ForkJoinPool.commonPool-worker-7] INFO  ozoneimpl.OzoneContainer (OzoneContainer.java:stop(463)) - Attempting to stop container services.
2023-12-26 17:43:02,200 [ForkJoinPool.commonPool-worker-6] INFO  server.GrpcService (GrpcService.java:closeImpl(320)) - dfc36f62-24b2-4a1f-878a-2a4428b6a6a5: shutdown server org.apache.ratis.grpc.server.GrpcAdminProtocolService successfully
2023-12-26 17:43:02,200 [dfc36f62-24b2-4a1f-878a-2a4428b6a6a5-NettyServerStreamRpc-bossGroup--thread1] INFO  logging.LoggingHandler (AbstractInternalLogger.java:log(148)) - [id: 0x159f94b9, L:/0.0.0.0:15176] CLOSE
2023-12-26 17:43:02,200 [ForkJoinPool.commonPool-worker-0] INFO  ozoneimpl.OzoneContainer (OzoneContainer.java:stop(463)) - Attempting to stop container services.
2023-12-26 17:43:02,200 [dfc36f62-24b2-4a1f-878a-2a4428b6a6a5-NettyServerStreamRpc-bossGroup--thread1] INFO  logging.LoggingHandler (AbstractInternalLogger.java:log(148)) - [id: 0x159f94b9, L:/0.0.0.0:15176] INACTIVE
2023-12-26 17:43:02,200 [dfc36f62-24b2-4a1f-878a-2a4428b6a6a5-NettyServerStreamRpc-bossGroup--thread1] INFO  logging.LoggingHandler (AbstractInternalLogger.java:log(148)) - [id: 0x159f94b9, L:/0.0.0.0:15176] UNREGISTERED
2023-12-26 17:43:02,200 [ForkJoinPool.commonPool-worker-0] INFO  server.RaftServer (RaftServerProxy.java:lambda$close$9(416)) - 559a6ab5-825d-4c14-b258-477429313dde: close
2023-12-26 17:43:02,200 [ForkJoinPool.commonPool-worker-7] INFO  server.RaftServer (RaftServerProxy.java:lambda$close$9(416)) - b6016524-e859-4a78-8386-89e80bc47383: close
2023-12-26 17:43:02,203 [ForkJoinPool.commonPool-worker-0] INFO  server.GrpcService (GrpcService.java:closeImpl(311)) - 559a6ab5-825d-4c14-b258-477429313dde: shutdown server org.apache.ratis.grpc.server.GrpcClientProtocolService now
2023-12-26 17:43:02,203 [b6016524-e859-4a78-8386-89e80bc47383-impl-thread1] INFO  server.RaftServer$Division (RaftServerImpl.java:lambda$close$3(516)) - b6016524-e859-4a78-8386-89e80bc47383@group-720D1BBFD706: shutdown
2023-12-26 17:43:02,203 [559a6ab5-825d-4c14-b258-477429313dde-impl-thread1] INFO  server.RaftServer$Division (RaftServerImpl.java:lambda$close$3(516)) - 559a6ab5-825d-4c14-b258-477429313dde@group-4C7FF9CDD4D5: shutdown
2023-12-26 17:43:02,203 [559a6ab5-825d-4c14-b258-477429313dde-impl-thread1] INFO  util.JmxRegister (JmxRegister.java:unregister(73)) - Successfully un-registered JMX Bean with object name Ratis:service=RaftServer,group=group-4C7FF9CDD4D5,id=559a6ab5-825d-4c14-b258-477429313dde
2023-12-26 17:43:02,203 [559a6ab5-825d-4c14-b258-477429313dde-impl-thread1] INFO  impl.RoleInfo (RoleInfo.java:shutdownLeaderState(94)) - 559a6ab5-825d-4c14-b258-477429313dde: shutdown 559a6ab5-825d-4c14-b258-477429313dde@group-4C7FF9CDD4D5-LeaderStateImpl
2023-12-26 17:43:02,203 [559a6ab5-825d-4c14-b258-477429313dde-impl-thread1] INFO  impl.PendingRequests (PendingRequests.java:sendNotLeaderResponses(289)) - 559a6ab5-825d-4c14-b258-477429313dde@group-4C7FF9CDD4D5-PendingRequests: sendNotLeaderResponses
2023-12-26 17:43:02,204 [559a6ab5-825d-4c14-b258-477429313dde-impl-thread1] INFO  impl.StateMachineUpdater (StateMachineUpdater.java:stopAndJoin(157)) - 559a6ab5-825d-4c14-b258-477429313dde@group-4C7FF9CDD4D5-StateMachineUpdater: set stopIndex = 0
2023-12-26 17:43:02,204 [559a6ab5-825d-4c14-b258-477429313dde@group-4C7FF9CDD4D5-StateMachineUpdater] INFO  ratis.ContainerStateMachine (ContainerStateMachine.java:takeSnapshot(355)) - group-4C7FF9CDD4D5: Taking a snapshot at:(t:1, i:0) file /home/runner/work/ozone/ozone/hadoop-ozone/integration-test/target/test-dir/MiniOzoneClusterImpl-c07e4b46-e5c7-4260-9d08-acd32f4d7801/datanode-3/data/ratis/245fa121-e400-4c81-a58a-4c7ff9cdd4d5/sm/snapshot.1_0
2023-12-26 17:43:02,203 [b6016524-e859-4a78-8386-89e80bc47383-impl-thread1] INFO  util.JmxRegister (JmxRegister.java:unregister(73)) - Successfully un-registered JMX Bean with object name Ratis:service=RaftServer,group=group-720D1BBFD706,id=b6016524-e859-4a78-8386-89e80bc47383
2023-12-26 17:43:02,204 [b6016524-e859-4a78-8386-89e80bc47383-impl-thread1] INFO  impl.RoleInfo (RoleInfo.java:shutdownLeaderState(94)) - b6016524-e859-4a78-8386-89e80bc47383: shutdown b6016524-e859-4a78-8386-89e80bc47383@group-720D1BBFD706-LeaderStateImpl
2023-12-26 17:43:02,204 [b6016524-e859-4a78-8386-89e80bc47383-impl-thread1] INFO  impl.PendingRequests (PendingRequests.java:sendNotLeaderResponses(289)) - b6016524-e859-4a78-8386-89e80bc47383@group-720D1BBFD706-PendingRequests: sendNotLeaderResponses
2023-12-26 17:43:02,204 [b6016524-e859-4a78-8386-89e80bc47383-impl-thread1] INFO  impl.StateMachineUpdater (StateMachineUpdater.java:stopAndJoin(157)) - b6016524-e859-4a78-8386-89e80bc47383@group-720D1BBFD706-StateMachineUpdater: set stopIndex = 0
2023-12-26 17:43:02,204 [559a6ab5-825d-4c14-b258-477429313dde@group-4C7FF9CDD4D5-StateMachineUpdater] INFO  ratis.ContainerStateMachine (ContainerStateMachine.java:takeSnapshot(366)) - group-4C7FF9CDD4D5: Finished taking a snapshot at:(t:1, i:0) file:/home/runner/work/ozone/ozone/hadoop-ozone/integration-test/target/test-dir/MiniOzoneClusterImpl-c07e4b46-e5c7-4260-9d08-acd32f4d7801/datanode-3/data/ratis/245fa121-e400-4c81-a58a-4c7ff9cdd4d5/sm/snapshot.1_0 took: 1 ms
2023-12-26 17:43:02,204 [b6016524-e859-4a78-8386-89e80bc47383@group-720D1BBFD706-StateMachineUpdater] INFO  ratis.ContainerStateMachine (ContainerStateMachine.java:takeSnapshot(355)) - group-720D1BBFD706: Taking a snapshot at:(t:1, i:0) file /home/runner/work/ozone/ozone/hadoop-ozone/integration-test/target/test-dir/MiniOzoneClusterImpl-c07e4b46-e5c7-4260-9d08-acd32f4d7801/datanode-1/data/ratis/ee858c1a-ea89-4dbf-9901-720d1bbfd706/sm/snapshot.1_0
2023-12-26 17:43:02,205 [559a6ab5-825d-4c14-b258-477429313dde@group-4C7FF9CDD4D5-StateMachineUpdater] INFO  impl.StateMachineUpdater (StateMachineUpdater.java:takeSnapshot(295)) - 559a6ab5-825d-4c14-b258-477429313dde@group-4C7FF9CDD4D5-StateMachineUpdater: Took a snapshot at index 0
2023-12-26 17:43:02,206 [grpc-default-executor-0] INFO  server.GrpcLogAppender (GrpcLogAppender.java:onCompleted(469)) - 39d92bf3-11d2-44f0-9af6-e9080cb8793e@group-BCF72C73DF2F->dfc36f62-24b2-4a1f-878a-2a4428b6a6a5-AppendLogResponseHandler: follower responses appendEntries COMPLETED
2023-12-26 17:43:02,206 [grpc-default-executor-0] WARN  server.GrpcLogAppender (GrpcLogAppender.java:resetClient(149)) - 39d92bf3-11d2-44f0-9af6-e9080cb8793e@group-BCF72C73DF2F->dfc36f62-24b2-4a1f-878a-2a4428b6a6a5-GrpcLogAppender: Failed to getClient for dfc36f62-24b2-4a1f-878a-2a4428b6a6a5
org.apache.ratis.protocol.exceptions.AlreadyClosedException: 39d92bf3-11d2-44f0-9af6-e9080cb8793e is already CLOSED
	at org.apache.ratis.util.PeerProxyMap$PeerAndProxy.getProxy(PeerProxyMap.java:61)
	at org.apache.ratis.util.PeerProxyMap.getProxy(PeerProxyMap.java:110)
	at org.apache.ratis.grpc.server.GrpcLogAppender.getClient(GrpcLogAppender.java:121)
	at org.apache.ratis.grpc.server.GrpcLogAppender.resetClient(GrpcLogAppender.java:126)
	at org.apache.ratis.grpc.server.GrpcLogAppender.access$800(GrpcLogAppender.java:61)
	at org.apache.ratis.grpc.server.GrpcLogAppender$AppendLogResponseHandler.onCompleted(GrpcLogAppender.java:471)
	at org.apache.ratis.thirdparty.io.grpc.stub.ClientCalls$StreamObserverToCallListenerAdapter.onClose(ClientCalls.java:479)
	at org.apache.ratis.thirdparty.io.grpc.internal.ClientCallImpl.closeObserver(ClientCallImpl.java:567)
	at org.apache.ratis.thirdparty.io.grpc.internal.ClientCallImpl.access$300(ClientCallImpl.java:71)
	at org.apache.ratis.thirdparty.io.grpc.internal.ClientCallImpl$ClientStreamListenerImpl$1StreamClosed.runInternal(ClientCallImpl.java:735)
	at org.apache.ratis.thirdparty.io.grpc.internal.ClientCallImpl$ClientStreamListenerImpl$1StreamClosed.runInContext(ClientCallImpl.java:716)
	at org.apache.ratis.thirdparty.io.grpc.internal.ContextRunnable.run(ContextRunnable.java:37)
	at org.apache.ratis.thirdparty.io.grpc.internal.SerializingExecutor.run(SerializingExecutor.java:133)
	at java.util.concurrent.ThreadPoolExecutor.runWorker(ThreadPoolExecutor.java:1149)
	at java.util.concurrent.ThreadPoolExecutor$Worker.run(ThreadPoolExecutor.java:624)
	at java.lang.Thread.run(Thread.java:750)
2023-12-26 17:43:02,207 [Thread-1796] INFO  server.GrpcServerProtocolClient (GrpcServerProtocolClient.java:close(103)) - 44b0d7ae-65a5-40e5-9d42-50dc3ce2f2bb Close channels
2023-12-26 17:43:02,206 [b6016524-e859-4a78-8386-89e80bc47383@group-720D1BBFD706-StateMachineUpdater] INFO  ratis.ContainerStateMachine (ContainerStateMachine.java:takeSnapshot(366)) - group-720D1BBFD706: Finished taking a snapshot at:(t:1, i:0) file:/home/runner/work/ozone/ozone/hadoop-ozone/integration-test/target/test-dir/MiniOzoneClusterImpl-c07e4b46-e5c7-4260-9d08-acd32f4d7801/datanode-1/data/ratis/ee858c1a-ea89-4dbf-9901-720d1bbfd706/sm/snapshot.1_0 took: 1 ms
2023-12-26 17:43:02,207 [b6016524-e859-4a78-8386-89e80bc47383@group-720D1BBFD706-StateMachineUpdater] INFO  impl.StateMachineUpdater (StateMachineUpdater.java:takeSnapshot(295)) - b6016524-e859-4a78-8386-89e80bc47383@group-720D1BBFD706-StateMachineUpdater: Took a snapshot at index 0
2023-12-26 17:43:02,207 [b6016524-e859-4a78-8386-89e80bc47383@group-720D1BBFD706-StateMachineUpdater] INFO  impl.StateMachineUpdater (StateMachineUpdater.java:lambda$new$0(98)) - b6016524-e859-4a78-8386-89e80bc47383@group-720D1BBFD706-StateMachineUpdater: snapshotIndex: updateIncreasingly -1 -> 0
2023-12-26 17:43:02,207 [b6016524-e859-4a78-8386-89e80bc47383-impl-thread1] INFO  server.RaftServer$Division (ServerState.java:close(423)) - b6016524-e859-4a78-8386-89e80bc47383@group-720D1BBFD706: applyIndex: 0
2023-12-26 17:43:02,206 [ForkJoinPool.commonPool-worker-5] INFO  server.GrpcService (GrpcService.java:closeImpl(320)) - f2ecaa80-14dc-424e-9be2-9314b399fe9c: shutdown server org.apache.ratis.grpc.server.GrpcClientProtocolService successfully
2023-12-26 17:43:02,205 [b6016524-e859-4a78-8386-89e80bc47383-impl-thread2] INFO  server.RaftServer$Division (RaftServerImpl.java:lambda$close$3(516)) - b6016524-e859-4a78-8386-89e80bc47383@group-539EB75B9C88: shutdown
2023-12-26 17:43:02,205 [ForkJoinPool.commonPool-worker-7] INFO  server.GrpcService (GrpcService.java:closeImpl(311)) - b6016524-e859-4a78-8386-89e80bc47383: shutdown server org.apache.ratis.grpc.server.GrpcClientProtocolService now
2023-12-26 17:43:02,208 [ForkJoinPool.commonPool-worker-5] INFO  server.GrpcService (GrpcService.java:closeImpl(311)) - f2ecaa80-14dc-424e-9be2-9314b399fe9c: shutdown server GrpcServerProtocolService now
2023-12-26 17:43:02,206 [559a6ab5-825d-4c14-b258-477429313dde@group-4C7FF9CDD4D5-StateMachineUpdater] INFO  impl.StateMachineUpdater (StateMachineUpdater.java:lambda$new$0(98)) - 559a6ab5-825d-4c14-b258-477429313dde@group-4C7FF9CDD4D5-StateMachineUpdater: snapshotIndex: updateIncreasingly -1 -> 0
2023-12-26 17:43:02,208 [b6016524-e859-4a78-8386-89e80bc47383-impl-thread2] INFO  util.JmxRegister (JmxRegister.java:unregister(73)) - Successfully un-registered JMX Bean with object name Ratis:service=RaftServer,group=group-539EB75B9C88,id=b6016524-e859-4a78-8386-89e80bc47383
2023-12-26 17:43:02,208 [b6016524-e859-4a78-8386-89e80bc47383-impl-thread2] INFO  impl.RoleInfo (RoleInfo.java:shutdownFollowerState(110)) - b6016524-e859-4a78-8386-89e80bc47383: shutdown b6016524-e859-4a78-8386-89e80bc47383@group-539EB75B9C88-FollowerState
2023-12-26 17:43:02,209 [559a6ab5-825d-4c14-b258-477429313dde-impl-thread1] INFO  server.RaftServer$Division (ServerState.java:close(423)) - 559a6ab5-825d-4c14-b258-477429313dde@group-4C7FF9CDD4D5: applyIndex: 0
2023-12-26 17:43:02,209 [559a6ab5-825d-4c14-b258-477429313dde@group-4C7FF9CDD4D5-cacheEviction-AwaitToRun] INFO  util.AwaitToRun (AwaitToRun.java:run(49)) - 559a6ab5-825d-4c14-b258-477429313dde@group-4C7FF9CDD4D5-cacheEviction-AwaitToRun-AwaitForSignal is interrupted
2023-12-26 17:43:02,210 [b6016524-e859-4a78-8386-89e80bc47383-impl-thread2] INFO  impl.StateMachineUpdater (StateMachineUpdater.java:stopAndJoin(157)) - b6016524-e859-4a78-8386-89e80bc47383@group-539EB75B9C88-StateMachineUpdater: set stopIndex = 0
2023-12-26 17:43:02,210 [b6016524-e859-4a78-8386-89e80bc47383@group-539EB75B9C88-FollowerState] INFO  impl.FollowerState (FollowerState.java:run(152)) - b6016524-e859-4a78-8386-89e80bc47383@group-539EB75B9C88-FollowerState was interrupted
2023-12-26 17:43:02,210 [b6016524-e859-4a78-8386-89e80bc47383@group-539EB75B9C88-StateMachineUpdater] INFO  ratis.ContainerStateMachine (ContainerStateMachine.java:takeSnapshot(355)) - group-539EB75B9C88: Taking a snapshot at:(t:1, i:0) file /home/runner/work/ozone/ozone/hadoop-ozone/integration-test/target/test-dir/MiniOzoneClusterImpl-c07e4b46-e5c7-4260-9d08-acd32f4d7801/datanode-1/data/ratis/9798062d-9fa2-4545-b261-539eb75b9c88/sm/snapshot.1_0
2023-12-26 17:43:02,210 [ForkJoinPool.commonPool-worker-5] INFO  server.GrpcService (GrpcService.java:closeImpl(320)) - f2ecaa80-14dc-424e-9be2-9314b399fe9c: shutdown server GrpcServerProtocolService successfully
2023-12-26 17:43:02,210 [ForkJoinPool.commonPool-worker-5] INFO  server.GrpcService (GrpcService.java:closeImpl(311)) - f2ecaa80-14dc-424e-9be2-9314b399fe9c: shutdown server org.apache.ratis.grpc.server.GrpcAdminProtocolService now
2023-12-26 17:43:02,211 [b6016524-e859-4a78-8386-89e80bc47383@group-539EB75B9C88-StateMachineUpdater] INFO  ratis.ContainerStateMachine (ContainerStateMachine.java:takeSnapshot(366)) - group-539EB75B9C88: Finished taking a snapshot at:(t:1, i:0) file:/home/runner/work/ozone/ozone/hadoop-ozone/integration-test/target/test-dir/MiniOzoneClusterImpl-c07e4b46-e5c7-4260-9d08-acd32f4d7801/datanode-1/data/ratis/9798062d-9fa2-4545-b261-539eb75b9c88/sm/snapshot.1_0 took: 1 ms
2023-12-26 17:43:02,211 [b6016524-e859-4a78-8386-89e80bc47383@group-720D1BBFD706-cacheEviction-AwaitToRun] INFO  util.AwaitToRun (AwaitToRun.java:run(49)) - b6016524-e859-4a78-8386-89e80bc47383@group-720D1BBFD706-cacheEviction-AwaitToRun-AwaitForSignal is interrupted
2023-12-26 17:43:02,211 [b6016524-e859-4a78-8386-89e80bc47383@group-539EB75B9C88-StateMachineUpdater] INFO  impl.StateMachineUpdater (StateMachineUpdater.java:takeSnapshot(295)) - b6016524-e859-4a78-8386-89e80bc47383@group-539EB75B9C88-StateMachineUpdater: Took a snapshot at index 0
2023-12-26 17:43:02,211 [ForkJoinPool.commonPool-worker-7] INFO  server.GrpcService (GrpcService.java:closeImpl(320)) - b6016524-e859-4a78-8386-89e80bc47383: shutdown server org.apache.ratis.grpc.server.GrpcClientProtocolService successfully
2023-12-26 17:43:02,211 [ForkJoinPool.commonPool-worker-7] INFO  server.GrpcService (GrpcService.java:closeImpl(311)) - b6016524-e859-4a78-8386-89e80bc47383: shutdown server GrpcServerProtocolService now
2023-12-26 17:43:02,211 [b6016524-e859-4a78-8386-89e80bc47383@group-539EB75B9C88-StateMachineUpdater] INFO  impl.StateMachineUpdater (StateMachineUpdater.java:lambda$new$0(98)) - b6016524-e859-4a78-8386-89e80bc47383@group-539EB75B9C88-StateMachineUpdater: snapshotIndex: updateIncreasingly -1 -> 0
2023-12-26 17:43:02,212 [Thread-1799] INFO  server.GrpcServerProtocolClient (GrpcServerProtocolClient.java:close(103)) - 12bf515f-ba3e-42f8-ba13-af4a8bda6fda Close channels
2023-12-26 17:43:02,212 [grpc-default-executor-2] WARN  server.GrpcServerProtocolService (LogUtils.java:warn(121)) - b6016524-e859-4a78-8386-89e80bc47383: APPEND_ENTRIES onError, lastRequest: null: org.apache.ratis.thirdparty.io.grpc.StatusRuntimeException: CANCELLED: client cancelled
2023-12-26 17:43:02,212 [b6016524-e859-4a78-8386-89e80bc47383-impl-thread2] INFO  server.RaftServer$Division (ServerState.java:close(423)) - b6016524-e859-4a78-8386-89e80bc47383@group-539EB75B9C88: applyIndex: 0
2023-12-26 17:43:02,218 [b6016524-e859-4a78-8386-89e80bc47383@group-539EB75B9C88-cacheEviction-AwaitToRun] INFO  util.AwaitToRun (AwaitToRun.java:run(49)) - b6016524-e859-4a78-8386-89e80bc47383@group-539EB75B9C88-cacheEviction-AwaitToRun-AwaitForSignal is interrupted
2023-12-26 17:43:02,219 [ForkJoinPool.commonPool-worker-5] INFO  server.GrpcService (GrpcService.java:closeImpl(320)) - f2ecaa80-14dc-424e-9be2-9314b399fe9c: shutdown server org.apache.ratis.grpc.server.GrpcAdminProtocolService successfully
2023-12-26 17:43:02,220 [f2ecaa80-14dc-424e-9be2-9314b399fe9c-NettyServerStreamRpc-bossGroup--thread1] INFO  logging.LoggingHandler (AbstractInternalLogger.java:log(148)) - [id: 0x36dde0f7, L:/0.0.0.0:15158] CLOSE
2023-12-26 17:43:02,220 [f2ecaa80-14dc-424e-9be2-9314b399fe9c-NettyServerStreamRpc-bossGroup--thread1] INFO  logging.LoggingHandler (AbstractInternalLogger.java:log(148)) - [id: 0x36dde0f7, L:/0.0.0.0:15158] INACTIVE
2023-12-26 17:43:02,220 [f2ecaa80-14dc-424e-9be2-9314b399fe9c-NettyServerStreamRpc-bossGroup--thread1] INFO  logging.LoggingHandler (AbstractInternalLogger.java:log(148)) - [id: 0x36dde0f7, L:/0.0.0.0:15158] UNREGISTERED
2023-12-26 17:43:02,224 [main] INFO  server.GrpcService (GrpcService.java:closeImpl(320)) - 39d92bf3-11d2-44f0-9af6-e9080cb8793e: shutdown server org.apache.ratis.grpc.server.GrpcClientProtocolService successfully
2023-12-26 17:43:02,228 [main] INFO  server.GrpcService (GrpcService.java:closeImpl(311)) - 39d92bf3-11d2-44f0-9af6-e9080cb8793e: shutdown server GrpcServerProtocolService now
2023-12-26 17:43:02,228 [grpc-default-executor-2] WARN  server.GrpcLogAppender (LogUtils.java:warn(121)) - 3ed52e39-5430-4c2b-aae2-f3d378827451@group-539EB75B9C88->b6016524-e859-4a78-8386-89e80bc47383-AppendLogResponseHandler: Failed appendEntries: org.apache.ratis.thirdparty.io.grpc.StatusRuntimeException: CANCELLED: RST_STREAM closed stream. HTTP/2 error code: CANCEL
2023-12-26 17:43:02,227 [grpc-default-executor-3] WARN  server.GrpcServerProtocolService (LogUtils.java:warn(121)) - b6016524-e859-4a78-8386-89e80bc47383: APPEND_ENTRIES onError, lastRequest: 3ed52e39-5430-4c2b-aae2-f3d378827451->b6016524-e859-4a78-8386-89e80bc47383#1-t1,previous=(t:0, i:0),leaderCommit=-1,initializing? true,entries: size=1, first=(t:1, i:0), CONFIGURATIONENTRY(current:id: "c480eabb-3157-49f2-b9f1-63f696d84ae6"
address: "10.1.0.4:15121"
dataStreamAddress: "10.1.0.4:15122"
clientAddress: "10.1.0.4:15119"
adminAddress: "10.1.0.4:15120"
startupRole: FOLLOWER
,id: "b6016524-e859-4a78-8386-89e80bc47383"
address: "10.1.0.4:15112"
dataStreamAddress: "10.1.0.4:15113"
clientAddress: "10.1.0.4:15110"
adminAddress: "10.1.0.4:15111"
startupRole: FOLLOWER
,id: "3ed52e39-5430-4c2b-aae2-f3d378827451"
address: "10.1.0.4:15103"
priority: 1
dataStreamAddress: "10.1.0.4:15104"
clientAddress: "10.1.0.4:15101"
adminAddress: "10.1.0.4:15102"
startupRole: FOLLOWER
, old:): org.apache.ratis.thirdparty.io.grpc.StatusRuntimeException: CANCELLED: client cancelled
2023-12-26 17:43:02,228 [grpc-default-executor-2] WARN  server.GrpcLogAppender (GrpcLogAppender.java:resetClient(140)) - 3ed52e39-5430-4c2b-aae2-f3d378827451@group-539EB75B9C88->b6016524-e859-4a78-8386-89e80bc47383-GrpcLogAppender: Follower failed and request == null,  keep nextIndex (1) unchanged and retry.
2023-12-26 17:43:02,227 [ForkJoinPool.commonPool-worker-0] INFO  server.GrpcService (GrpcService.java:closeImpl(320)) - 559a6ab5-825d-4c14-b258-477429313dde: shutdown server org.apache.ratis.grpc.server.GrpcClientProtocolService successfully
2023-12-26 17:43:02,228 [ForkJoinPool.commonPool-worker-0] INFO  server.GrpcService (GrpcService.java:closeImpl(311)) - 559a6ab5-825d-4c14-b258-477429313dde: shutdown server GrpcServerProtocolService now
2023-12-26 17:43:02,230 [grpc-default-executor-2] WARN  server.GrpcLogAppender (LogUtils.java:warn(121)) - 3ed52e39-5430-4c2b-aae2-f3d378827451@group-539EB75B9C88->b6016524-e859-4a78-8386-89e80bc47383-AppendLogResponseHandler: Failed appendEntries: org.apache.ratis.thirdparty.io.grpc.StatusRuntimeException: CANCELLED: RST_STREAM closed stream. HTTP/2 error code: CANCEL
2023-12-26 17:43:02,230 [grpc-default-executor-2] WARN  server.GrpcLogAppender (GrpcLogAppender.java:resetClient(140)) - 3ed52e39-5430-4c2b-aae2-f3d378827451@group-539EB75B9C88->b6016524-e859-4a78-8386-89e80bc47383-GrpcLogAppender: Follower failed and request == null,  keep nextIndex (1) unchanged and retry.
2023-12-26 17:43:02,233 [ForkJoinPool.commonPool-worker-7] INFO  server.GrpcService (GrpcService.java:closeImpl(320)) - b6016524-e859-4a78-8386-89e80bc47383: shutdown server GrpcServerProtocolService successfully
2023-12-26 17:43:02,233 [ForkJoinPool.commonPool-worker-7] INFO  server.GrpcService (GrpcService.java:closeImpl(311)) - b6016524-e859-4a78-8386-89e80bc47383: shutdown server org.apache.ratis.grpc.server.GrpcAdminProtocolService now
2023-12-26 17:43:02,236 [main] INFO  server.GrpcService (GrpcService.java:closeImpl(320)) - 39d92bf3-11d2-44f0-9af6-e9080cb8793e: shutdown server GrpcServerProtocolService successfully
2023-12-26 17:43:02,236 [main] INFO  server.GrpcService (GrpcService.java:closeImpl(311)) - 39d92bf3-11d2-44f0-9af6-e9080cb8793e: shutdown server org.apache.ratis.grpc.server.GrpcAdminProtocolService now
2023-12-26 17:43:02,238 [ForkJoinPool.commonPool-worker-0] INFO  server.GrpcService (GrpcService.java:closeImpl(320)) - 559a6ab5-825d-4c14-b258-477429313dde: shutdown server GrpcServerProtocolService successfully
2023-12-26 17:43:02,238 [ForkJoinPool.commonPool-worker-0] INFO  server.GrpcService (GrpcService.java:closeImpl(311)) - 559a6ab5-825d-4c14-b258-477429313dde: shutdown server org.apache.ratis.grpc.server.GrpcAdminProtocolService now
2023-12-26 17:43:02,241 [ForkJoinPool.commonPool-worker-7] INFO  server.GrpcService (GrpcService.java:closeImpl(320)) - b6016524-e859-4a78-8386-89e80bc47383: shutdown server org.apache.ratis.grpc.server.GrpcAdminProtocolService successfully
2023-12-26 17:43:02,242 [b6016524-e859-4a78-8386-89e80bc47383-NettyServerStreamRpc-bossGroup--thread1] INFO  logging.LoggingHandler (AbstractInternalLogger.java:log(148)) - [id: 0x1326628b, L:/0.0.0.0:15113] CLOSE
2023-12-26 17:43:02,242 [b6016524-e859-4a78-8386-89e80bc47383-NettyServerStreamRpc-bossGroup--thread1] INFO  logging.LoggingHandler (AbstractInternalLogger.java:log(148)) - [id: 0x1326628b, L:/0.0.0.0:15113] INACTIVE
2023-12-26 17:43:02,242 [b6016524-e859-4a78-8386-89e80bc47383-NettyServerStreamRpc-bossGroup--thread1] INFO  logging.LoggingHandler (AbstractInternalLogger.java:log(148)) - [id: 0x1326628b, L:/0.0.0.0:15113] UNREGISTERED
2023-12-26 17:43:02,245 [ForkJoinPool.commonPool-worker-1] INFO  ozoneimpl.OzoneContainer (OzoneContainer.java:stop(463)) - Attempting to stop container services.
2023-12-26 17:43:02,245 [ForkJoinPool.commonPool-worker-1] INFO  server.RaftServer (RaftServerProxy.java:lambda$close$9(416)) - 3ed52e39-5430-4c2b-aae2-f3d378827451: close
2023-12-26 17:43:02,246 [ForkJoinPool.commonPool-worker-0] INFO  server.GrpcService (GrpcService.java:closeImpl(320)) - 559a6ab5-825d-4c14-b258-477429313dde: shutdown server org.apache.ratis.grpc.server.GrpcAdminProtocolService successfully
2023-12-26 17:43:02,246 [main] INFO  server.GrpcService (GrpcService.java:closeImpl(320)) - 39d92bf3-11d2-44f0-9af6-e9080cb8793e: shutdown server org.apache.ratis.grpc.server.GrpcAdminProtocolService successfully
2023-12-26 17:43:02,249 [39d92bf3-11d2-44f0-9af6-e9080cb8793e-NettyServerStreamRpc-bossGroup--thread1] INFO  logging.LoggingHandler (AbstractInternalLogger.java:log(148)) - [id: 0xb3d9580a, L:/0.0.0.0:15167] CLOSE
2023-12-26 17:43:02,249 [39d92bf3-11d2-44f0-9af6-e9080cb8793e-NettyServerStreamRpc-bossGroup--thread1] INFO  logging.LoggingHandler (AbstractInternalLogger.java:log(148)) - [id: 0xb3d9580a, L:/0.0.0.0:15167] INACTIVE
2023-12-26 17:43:02,249 [39d92bf3-11d2-44f0-9af6-e9080cb8793e-NettyServerStreamRpc-bossGroup--thread1] INFO  logging.LoggingHandler (AbstractInternalLogger.java:log(148)) - [id: 0xb3d9580a, L:/0.0.0.0:15167] UNREGISTERED
2023-12-26 17:43:02,253 [3ed52e39-5430-4c2b-aae2-f3d378827451-impl-thread1] INFO  server.RaftServer$Division (RaftServerImpl.java:lambda$close$3(516)) - 3ed52e39-5430-4c2b-aae2-f3d378827451@group-AA211F038D78: shutdown
2023-12-26 17:43:02,253 [3ed52e39-5430-4c2b-aae2-f3d378827451-impl-thread1] INFO  util.JmxRegister (JmxRegister.java:unregister(73)) - Successfully un-registered JMX Bean with object name Ratis:service=RaftServer,group=group-AA211F038D78,id=3ed52e39-5430-4c2b-aae2-f3d378827451
2023-12-26 17:43:02,253 [3ed52e39-5430-4c2b-aae2-f3d378827451-impl-thread1] INFO  impl.RoleInfo (RoleInfo.java:shutdownLeaderState(94)) - 3ed52e39-5430-4c2b-aae2-f3d378827451: shutdown 3ed52e39-5430-4c2b-aae2-f3d378827451@group-AA211F038D78-LeaderStateImpl
2023-12-26 17:43:02,254 [3ed52e39-5430-4c2b-aae2-f3d378827451-impl-thread1] INFO  impl.PendingRequests (PendingRequests.java:sendNotLeaderResponses(289)) - 3ed52e39-5430-4c2b-aae2-f3d378827451@group-AA211F038D78-PendingRequests: sendNotLeaderResponses
2023-12-26 17:43:02,254 [3ed52e39-5430-4c2b-aae2-f3d378827451-impl-thread1] INFO  impl.StateMachineUpdater (StateMachineUpdater.java:stopAndJoin(157)) - 3ed52e39-5430-4c2b-aae2-f3d378827451@group-AA211F038D78-StateMachineUpdater: set stopIndex = 0
2023-12-26 17:43:02,254 [3ed52e39-5430-4c2b-aae2-f3d378827451@group-AA211F038D78-StateMachineUpdater] INFO  ratis.ContainerStateMachine (ContainerStateMachine.java:takeSnapshot(355)) - group-AA211F038D78: Taking a snapshot at:(t:1, i:0) file /home/runner/work/ozone/ozone/hadoop-ozone/integration-test/target/test-dir/MiniOzoneClusterImpl-c07e4b46-e5c7-4260-9d08-acd32f4d7801/datanode-0/data/ratis/1c2066c4-59b9-4ee5-8e89-aa211f038d78/sm/snapshot.1_0
2023-12-26 17:43:02,255 [3ed52e39-5430-4c2b-aae2-f3d378827451@group-AA211F038D78-StateMachineUpdater] INFO  ratis.ContainerStateMachine (ContainerStateMachine.java:takeSnapshot(366)) - group-AA211F038D78: Finished taking a snapshot at:(t:1, i:0) file:/home/runner/work/ozone/ozone/hadoop-ozone/integration-test/target/test-dir/MiniOzoneClusterImpl-c07e4b46-e5c7-4260-9d08-acd32f4d7801/datanode-0/data/ratis/1c2066c4-59b9-4ee5-8e89-aa211f038d78/sm/snapshot.1_0 took: 0 ms
2023-12-26 17:43:02,255 [3ed52e39-5430-4c2b-aae2-f3d378827451@group-AA211F038D78-StateMachineUpdater] INFO  impl.StateMachineUpdater (StateMachineUpdater.java:takeSnapshot(295)) - 3ed52e39-5430-4c2b-aae2-f3d378827451@group-AA211F038D78-StateMachineUpdater: Took a snapshot at index 0
2023-12-26 17:43:02,255 [3ed52e39-5430-4c2b-aae2-f3d378827451@group-AA211F038D78-StateMachineUpdater] INFO  impl.StateMachineUpdater (StateMachineUpdater.java:lambda$new$0(98)) - 3ed52e39-5430-4c2b-aae2-f3d378827451@group-AA211F038D78-StateMachineUpdater: snapshotIndex: updateIncreasingly -1 -> 0
2023-12-26 17:43:02,255 [3ed52e39-5430-4c2b-aae2-f3d378827451-impl-thread1] INFO  server.RaftServer$Division (ServerState.java:close(423)) - 3ed52e39-5430-4c2b-aae2-f3d378827451@group-AA211F038D78: applyIndex: 0
2023-12-26 17:43:02,265 [559a6ab5-825d-4c14-b258-477429313dde-NettyServerStreamRpc-bossGroup--thread1] INFO  logging.LoggingHandler (AbstractInternalLogger.java:log(148)) - [id: 0x8049ff23, L:/0.0.0.0:15131] CLOSE
2023-12-26 17:43:02,265 [559a6ab5-825d-4c14-b258-477429313dde-NettyServerStreamRpc-bossGroup--thread1] INFO  logging.LoggingHandler (AbstractInternalLogger.java:log(148)) - [id: 0x8049ff23, L:/0.0.0.0:15131] INACTIVE
2023-12-26 17:43:02,265 [559a6ab5-825d-4c14-b258-477429313dde-NettyServerStreamRpc-bossGroup--thread1] INFO  logging.LoggingHandler (AbstractInternalLogger.java:log(148)) - [id: 0x8049ff23, L:/0.0.0.0:15131] UNREGISTERED
2023-12-26 17:43:02,267 [3ed52e39-5430-4c2b-aae2-f3d378827451@group-AA211F038D78-cacheEviction-AwaitToRun] INFO  util.AwaitToRun (AwaitToRun.java:run(49)) - 3ed52e39-5430-4c2b-aae2-f3d378827451@group-AA211F038D78-cacheEviction-AwaitToRun-AwaitForSignal is interrupted
2023-12-26 17:43:02,267 [ForkJoinPool.commonPool-worker-1] INFO  server.GrpcService (GrpcService.java:closeImpl(311)) - 3ed52e39-5430-4c2b-aae2-f3d378827451: shutdown server org.apache.ratis.grpc.server.GrpcClientProtocolService now
2023-12-26 17:43:02,269 [dfc36f62-24b2-4a1f-878a-2a4428b6a6a5-impl-thread1] INFO  segmented.SegmentedRaftLogWorker (SegmentedRaftLogWorker.java:close(243)) - dfc36f62-24b2-4a1f-878a-2a4428b6a6a5@group-7EECDC04AE22-SegmentedRaftLogWorker close()
2023-12-26 17:43:02,270 [3ed52e39-5430-4c2b-aae2-f3d378827451-impl-thread2] INFO  server.RaftServer$Division (RaftServerImpl.java:lambda$close$3(516)) - 3ed52e39-5430-4c2b-aae2-f3d378827451@group-539EB75B9C88: shutdown
2023-12-26 17:43:02,271 [3ed52e39-5430-4c2b-aae2-f3d378827451-impl-thread2] INFO  util.JmxRegister (JmxRegister.java:unregister(73)) - Successfully un-registered JMX Bean with object name Ratis:service=RaftServer,group=group-539EB75B9C88,id=3ed52e39-5430-4c2b-aae2-f3d378827451
2023-12-26 17:43:02,271 [3ed52e39-5430-4c2b-aae2-f3d378827451-impl-thread2] INFO  impl.RoleInfo (RoleInfo.java:shutdownLeaderState(94)) - 3ed52e39-5430-4c2b-aae2-f3d378827451: shutdown 3ed52e39-5430-4c2b-aae2-f3d378827451@group-539EB75B9C88-LeaderStateImpl
2023-12-26 17:43:02,271 [3ed52e39-5430-4c2b-aae2-f3d378827451@group-539EB75B9C88->c480eabb-3157-49f2-b9f1-63f696d84ae6-GrpcLogAppender-LogAppenderDaemon] WARN  server.GrpcLogAppender (GrpcLogAppender.java:mayWait(212)) - 3ed52e39-5430-4c2b-aae2-f3d378827451@group-539EB75B9C88->c480eabb-3157-49f2-b9f1-63f696d84ae6-GrpcLogAppender: Wait interrupted by java.lang.InterruptedException
2023-12-26 17:43:02,271 [3ed52e39-5430-4c2b-aae2-f3d378827451@group-539EB75B9C88->b6016524-e859-4a78-8386-89e80bc47383-GrpcLogAppender-LogAppenderDaemon] WARN  server.GrpcLogAppender (GrpcLogAppender.java:mayWait(212)) - 3ed52e39-5430-4c2b-aae2-f3d378827451@group-539EB75B9C88->b6016524-e859-4a78-8386-89e80bc47383-GrpcLogAppender: Wait interrupted by java.lang.InterruptedException
2023-12-26 17:43:02,271 [3ed52e39-5430-4c2b-aae2-f3d378827451-impl-thread2] INFO  impl.PendingRequests (PendingRequests.java:sendNotLeaderResponses(289)) - 3ed52e39-5430-4c2b-aae2-f3d378827451@group-539EB75B9C88-PendingRequests: sendNotLeaderResponses
2023-12-26 17:43:02,272 [3ed52e39-5430-4c2b-aae2-f3d378827451-impl-thread2] INFO  impl.StateMachineUpdater (StateMachineUpdater.java:stopAndJoin(157)) - 3ed52e39-5430-4c2b-aae2-f3d378827451@group-539EB75B9C88-StateMachineUpdater: set stopIndex = 0
2023-12-26 17:43:02,272 [3ed52e39-5430-4c2b-aae2-f3d378827451@group-539EB75B9C88-StateMachineUpdater] INFO  ratis.ContainerStateMachine (ContainerStateMachine.java:takeSnapshot(355)) - group-539EB75B9C88: Taking a snapshot at:(t:1, i:0) file /home/runner/work/ozone/ozone/hadoop-ozone/integration-test/target/test-dir/MiniOzoneClusterImpl-c07e4b46-e5c7-4260-9d08-acd32f4d7801/datanode-0/data/ratis/9798062d-9fa2-4545-b261-539eb75b9c88/sm/snapshot.1_0
2023-12-26 17:43:02,273 [Thread-1944] INFO  server.GrpcServerProtocolClient (GrpcServerProtocolClient.java:close(103)) - c480eabb-3157-49f2-b9f1-63f696d84ae6 Close channels
2023-12-26 17:43:02,273 [Thread-1953] INFO  server.GrpcServerProtocolClient (GrpcServerProtocolClient.java:close(103)) - b6016524-e859-4a78-8386-89e80bc47383 Close channels
2023-12-26 17:43:02,273 [3ed52e39-5430-4c2b-aae2-f3d378827451@group-539EB75B9C88-StateMachineUpdater] INFO  ratis.ContainerStateMachine (ContainerStateMachine.java:takeSnapshot(366)) - group-539EB75B9C88: Finished taking a snapshot at:(t:1, i:0) file:/home/runner/work/ozone/ozone/hadoop-ozone/integration-test/target/test-dir/MiniOzoneClusterImpl-c07e4b46-e5c7-4260-9d08-acd32f4d7801/datanode-0/data/ratis/9798062d-9fa2-4545-b261-539eb75b9c88/sm/snapshot.1_0 took: 2 ms
2023-12-26 17:43:02,273 [3ed52e39-5430-4c2b-aae2-f3d378827451@group-539EB75B9C88-StateMachineUpdater] INFO  impl.StateMachineUpdater (StateMachineUpdater.java:takeSnapshot(295)) - 3ed52e39-5430-4c2b-aae2-f3d378827451@group-539EB75B9C88-StateMachineUpdater: Took a snapshot at index 0
2023-12-26 17:43:02,273 [3ed52e39-5430-4c2b-aae2-f3d378827451@group-539EB75B9C88-StateMachineUpdater] INFO  impl.StateMachineUpdater (StateMachineUpdater.java:lambda$new$0(98)) - 3ed52e39-5430-4c2b-aae2-f3d378827451@group-539EB75B9C88-StateMachineUpdater: snapshotIndex: updateIncreasingly -1 -> 0
2023-12-26 17:43:02,274 [3ed52e39-5430-4c2b-aae2-f3d378827451-impl-thread2] INFO  server.RaftServer$Division (ServerState.java:close(423)) - 3ed52e39-5430-4c2b-aae2-f3d378827451@group-539EB75B9C88: applyIndex: 0
2023-12-26 17:43:02,274 [3ed52e39-5430-4c2b-aae2-f3d378827451@group-539EB75B9C88-cacheEviction-AwaitToRun] INFO  util.AwaitToRun (AwaitToRun.java:run(49)) - 3ed52e39-5430-4c2b-aae2-f3d378827451@group-539EB75B9C88-cacheEviction-AwaitToRun-AwaitForSignal is interrupted
2023-12-26 17:43:02,279 [ForkJoinPool.commonPool-worker-1] INFO  server.GrpcService (GrpcService.java:closeImpl(320)) - 3ed52e39-5430-4c2b-aae2-f3d378827451: shutdown server org.apache.ratis.grpc.server.GrpcClientProtocolService successfully
2023-12-26 17:43:02,279 [ForkJoinPool.commonPool-worker-1] INFO  server.GrpcService (GrpcService.java:closeImpl(311)) - 3ed52e39-5430-4c2b-aae2-f3d378827451: shutdown server GrpcServerProtocolService now
2023-12-26 17:43:02,281 [ForkJoinPool.commonPool-worker-1] INFO  server.GrpcService (GrpcService.java:closeImpl(320)) - 3ed52e39-5430-4c2b-aae2-f3d378827451: shutdown server GrpcServerProtocolService successfully
2023-12-26 17:43:02,281 [ForkJoinPool.commonPool-worker-1] INFO  server.GrpcService (GrpcService.java:closeImpl(311)) - 3ed52e39-5430-4c2b-aae2-f3d378827451: shutdown server org.apache.ratis.grpc.server.GrpcAdminProtocolService now
2023-12-26 17:43:02,283 [ForkJoinPool.commonPool-worker-1] INFO  server.GrpcService (GrpcService.java:closeImpl(320)) - 3ed52e39-5430-4c2b-aae2-f3d378827451: shutdown server org.apache.ratis.grpc.server.GrpcAdminProtocolService successfully
2023-12-26 17:43:02,283 [3ed52e39-5430-4c2b-aae2-f3d378827451-NettyServerStreamRpc-bossGroup--thread1] INFO  logging.LoggingHandler (AbstractInternalLogger.java:log(148)) - [id: 0x07d91be8, L:/0.0.0.0:15104] CLOSE
2023-12-26 17:43:02,283 [3ed52e39-5430-4c2b-aae2-f3d378827451-NettyServerStreamRpc-bossGroup--thread1] INFO  logging.LoggingHandler (AbstractInternalLogger.java:log(148)) - [id: 0x07d91be8, L:/0.0.0.0:15104] INACTIVE
2023-12-26 17:43:02,283 [3ed52e39-5430-4c2b-aae2-f3d378827451-NettyServerStreamRpc-bossGroup--thread1] INFO  logging.LoggingHandler (AbstractInternalLogger.java:log(148)) - [id: 0x07d91be8, L:/0.0.0.0:15104] UNREGISTERED
2023-12-26 17:43:02,311 [3ed52e39-5430-4c2b-aae2-f3d378827451-impl-thread1] INFO  segmented.SegmentedRaftLogWorker (SegmentedRaftLogWorker.java:close(243)) - 3ed52e39-5430-4c2b-aae2-f3d378827451@group-AA211F038D78-SegmentedRaftLogWorker close()
2023-12-26 17:43:02,323 [b6016524-e859-4a78-8386-89e80bc47383-impl-thread1] INFO  segmented.SegmentedRaftLogWorker (SegmentedRaftLogWorker.java:close(243)) - b6016524-e859-4a78-8386-89e80bc47383@group-720D1BBFD706-SegmentedRaftLogWorker close()
2023-12-26 17:43:02,372 [3ed52e39-5430-4c2b-aae2-f3d378827451-impl-thread2] INFO  segmented.SegmentedRaftLogWorker (SegmentedRaftLogWorker.java:close(243)) - 3ed52e39-5430-4c2b-aae2-f3d378827451@group-539EB75B9C88-SegmentedRaftLogWorker close()
2023-12-26 17:43:02,375 [JvmPauseMonitor13] INFO  util.JvmPauseMonitor (JvmPauseMonitor.java:run(152)) - JvmPauseMonitor-3ed52e39-5430-4c2b-aae2-f3d378827451: Stopped
2023-12-26 17:43:02,385 [c480eabb-3157-49f2-b9f1-63f696d84ae6-impl-thread2] INFO  segmented.SegmentedRaftLogWorker (SegmentedRaftLogWorker.java:close(243)) - c480eabb-3157-49f2-b9f1-63f696d84ae6@group-539EB75B9C88-SegmentedRaftLogWorker close()
2023-12-26 17:43:02,392 [b6016524-e859-4a78-8386-89e80bc47383-impl-thread2] INFO  segmented.SegmentedRaftLogWorker (SegmentedRaftLogWorker.java:close(243)) - b6016524-e859-4a78-8386-89e80bc47383@group-539EB75B9C88-SegmentedRaftLogWorker close()
2023-12-26 17:43:02,393 [JvmPauseMonitor14] INFO  util.JvmPauseMonitor (JvmPauseMonitor.java:run(152)) - JvmPauseMonitor-b6016524-e859-4a78-8386-89e80bc47383: Stopped
2023-12-26 17:43:02,487 [c480eabb-3157-49f2-b9f1-63f696d84ae6-impl-thread1] INFO  segmented.SegmentedRaftLogWorker (SegmentedRaftLogWorker.java:close(243)) - c480eabb-3157-49f2-b9f1-63f696d84ae6@group-044216BD6204-SegmentedRaftLogWorker close()
2023-12-26 17:43:02,487 [JvmPauseMonitor15] INFO  util.JvmPauseMonitor (JvmPauseMonitor.java:run(152)) - JvmPauseMonitor-c480eabb-3157-49f2-b9f1-63f696d84ae6: Stopped
2023-12-26 17:43:02,772 [559a6ab5-825d-4c14-b258-477429313dde-impl-thread1] INFO  segmented.SegmentedRaftLogWorker (SegmentedRaftLogWorker.java:close(243)) - 559a6ab5-825d-4c14-b258-477429313dde@group-4C7FF9CDD4D5-SegmentedRaftLogWorker close()
2023-12-26 17:43:02,773 [JvmPauseMonitor16] INFO  util.JvmPauseMonitor (JvmPauseMonitor.java:run(152)) - JvmPauseMonitor-559a6ab5-825d-4c14-b258-477429313dde: Stopped
2023-12-26 17:43:03,041 [39d92bf3-11d2-44f0-9af6-e9080cb8793e-impl-thread1] INFO  segmented.SegmentedRaftLogWorker (SegmentedRaftLogWorker.java:close(243)) - 39d92bf3-11d2-44f0-9af6-e9080cb8793e@group-1EECBF8D636F-SegmentedRaftLogWorker close()
2023-12-26 17:43:03,108 [f2ecaa80-14dc-424e-9be2-9314b399fe9c-impl-thread1] INFO  segmented.SegmentedRaftLogWorker (SegmentedRaftLogWorker.java:close(243)) - f2ecaa80-14dc-424e-9be2-9314b399fe9c@group-847021F19625-SegmentedRaftLogWorker close()
2023-12-26 17:43:03,143 [39d92bf3-11d2-44f0-9af6-e9080cb8793e-impl-thread2] INFO  segmented.SegmentedRaftLogWorker (SegmentedRaftLogWorker.java:close(243)) - 39d92bf3-11d2-44f0-9af6-e9080cb8793e@group-BCF72C73DF2F-SegmentedRaftLogWorker close()
2023-12-26 17:43:03,144 [JvmPauseMonitor20] INFO  util.JvmPauseMonitor (JvmPauseMonitor.java:run(152)) - JvmPauseMonitor-39d92bf3-11d2-44f0-9af6-e9080cb8793e: Stopped
2023-12-26 17:43:03,151 [dfc36f62-24b2-4a1f-878a-2a4428b6a6a5-impl-thread2] INFO  segmented.SegmentedRaftLogWorker (SegmentedRaftLogWorker.java:close(243)) - dfc36f62-24b2-4a1f-878a-2a4428b6a6a5@group-BCF72C73DF2F-SegmentedRaftLogWorker close()
2023-12-26 17:43:03,152 [JvmPauseMonitor21] INFO  util.JvmPauseMonitor (JvmPauseMonitor.java:run(152)) - JvmPauseMonitor-dfc36f62-24b2-4a1f-878a-2a4428b6a6a5: Stopped
2023-12-26 17:43:03,163 [f2ecaa80-14dc-424e-9be2-9314b399fe9c-impl-thread2] INFO  segmented.SegmentedRaftLogWorker (SegmentedRaftLogWorker.java:close(243)) - f2ecaa80-14dc-424e-9be2-9314b399fe9c@group-BCF72C73DF2F-SegmentedRaftLogWorker close()
2023-12-26 17:43:03,163 [JvmPauseMonitor19] INFO  util.JvmPauseMonitor (JvmPauseMonitor.java:run(152)) - JvmPauseMonitor-f2ecaa80-14dc-424e-9be2-9314b399fe9c: Stopped
2023-12-26 17:43:04,377 [ForkJoinPool.commonPool-worker-1] INFO  utils.DatanodeStoreCache (DatanodeStoreCache.java:shutdownCache(110)) - Skip clearing cache in mini cluster mode. Entries left: [/home/runner/work/ozone/ozone/hadoop-ozone/integration-test/target/test-dir/MiniOzoneClusterImpl-c07e4b46-e5c7-4260-9d08-acd32f4d7801/datanode-0/data-0/containers/hdds/c07e4b46-e5c7-4260-9d08-acd32f4d7801/DS-c878ba80-8cf7-4be0-b1da-bdd8d81891d0/container.db, /home/runner/work/ozone/ozone/hadoop-ozone/integration-test/target/test-dir/MiniOzoneClusterImpl-c07e4b46-e5c7-4260-9d08-acd32f4d7801/datanode-1/data-0/containers/hdds/c07e4b46-e5c7-4260-9d08-acd32f4d7801/DS-c4cdd1f7-a2eb-4ccf-9bb4-d08a1f40e755/container.db, /home/runner/work/ozone/ozone/hadoop-ozone/integration-test/target/test-dir/MiniOzoneClusterImpl-c07e4b46-e5c7-4260-9d08-acd32f4d7801/datanode-2/data-0/containers/hdds/c07e4b46-e5c7-4260-9d08-acd32f4d7801/DS-eb1e02cf-633c-4058-9ed9-fa55ad46ae3e/container.db, /home/runner/work/ozone/ozone/hadoop-ozone/integration-test/target/test-dir/MiniOzoneClusterImpl-c07e4b46-e5c7-4260-9d08-acd32f4d7801/datanode-3/data-0/containers/hdds/c07e4b46-e5c7-4260-9d08-acd32f4d7801/DS-3fb5d6a2-91a2-4d1e-a86d-7301e35be00e/container.db, /home/runner/work/ozone/ozone/hadoop-ozone/integration-test/target/test-dir/MiniOzoneClusterImpl-c07e4b46-e5c7-4260-9d08-acd32f4d7801/datanode-6/data-0/containers/hdds/c07e4b46-e5c7-4260-9d08-acd32f4d7801/DS-67d5ae01-028b-4487-91bd-09f58a387c7b/container.db, /home/runner/work/ozone/ozone/hadoop-ozone/integration-test/target/test-dir/MiniOzoneClusterImpl-c07e4b46-e5c7-4260-9d08-acd32f4d7801/datanode-7/data-0/containers/hdds/c07e4b46-e5c7-4260-9d08-acd32f4d7801/DS-d812cdde-57de-4ed4-95f8-a5bf77d78add/container.db, /home/runner/work/ozone/ozone/hadoop-ozone/integration-test/target/test-dir/MiniOzoneClusterImpl-c07e4b46-e5c7-4260-9d08-acd32f4d7801/datanode-8/data-0/containers/hdds/c07e4b46-e5c7-4260-9d08-acd32f4d7801/DS-8009e207-4146-4047-8130-7a3712ab246b/container.db]
2023-12-26 17:43:04,379 [ForkJoinPool.commonPool-worker-1] INFO  utils.DatanodeStoreCache (DatanodeStoreCache.java:removeDB(104)) - Removed db /home/runner/work/ozone/ozone/hadoop-ozone/integration-test/target/test-dir/MiniOzoneClusterImpl-c07e4b46-e5c7-4260-9d08-acd32f4d7801/datanode-0/data-0/containers/hdds/c07e4b46-e5c7-4260-9d08-acd32f4d7801/DS-c878ba80-8cf7-4be0-b1da-bdd8d81891d0/container.db from cache
2023-12-26 17:43:04,379 [ForkJoinPool.commonPool-worker-1] INFO  volume.HddsVolume (HddsVolume.java:closeDbStore(453)) - SchemaV3 db is stopped at /home/runner/work/ozone/ozone/hadoop-ozone/integration-test/target/test-dir/MiniOzoneClusterImpl-c07e4b46-e5c7-4260-9d08-acd32f4d7801/datanode-0/data-0/containers/hdds/c07e4b46-e5c7-4260-9d08-acd32f4d7801/DS-c878ba80-8cf7-4be0-b1da-bdd8d81891d0/container.db for volume DS-c878ba80-8cf7-4be0-b1da-bdd8d81891d0
2023-12-26 17:43:04,380 [ForkJoinPool.commonPool-worker-1] INFO  utils.BackgroundService (BackgroundService.java:shutdown(160)) - Shutting down service BlockDeletingService
2023-12-26 17:43:04,383 [ForkJoinPool.commonPool-worker-1] INFO  utils.BackgroundService (BackgroundService.java:shutdown(160)) - Shutting down service StaleRecoveringContainerScrubbingService
2023-12-26 17:43:04,389 [ForkJoinPool.commonPool-worker-1] INFO  statemachine.DatanodeStateMachine (DatanodeStateMachine.java:stopDaemon(638)) - Ozone container server stopped.
2023-12-26 17:43:04,391 [ForkJoinPool.commonPool-worker-1] INFO  handler.ContextHandler (ContextHandler.java:doStop(1159)) - Stopped o.e.j.w.WebAppContext@4b877b7b{hddsDatanode,/,null,STOPPED}{jar:file:/home/runner/.m2/repository/org/apache/ozone/hdds-container-service/1.5.0-SNAPSHOT/hdds-container-service-1.5.0-SNAPSHOT.jar!/webapps/hddsDatanode}
2023-12-26 17:43:04,392 [ForkJoinPool.commonPool-worker-1] INFO  server.AbstractConnector (AbstractConnector.java:doStop(383)) - Stopped ServerConnector@1267947f{HTTP/1.1, (http/1.1)}{0.0.0.0:15098}
2023-12-26 17:43:04,392 [ForkJoinPool.commonPool-worker-1] INFO  server.session (HouseKeeper.java:stopScavenging(149)) - node0 Stopped scavenging
2023-12-26 17:43:04,398 [ForkJoinPool.commonPool-worker-1] INFO  handler.ContextHandler (ContextHandler.java:doStop(1159)) - Stopped o.e.j.s.ServletContextHandler@4108da27{static,/static,jar:file:/home/runner/.m2/repository/org/apache/ozone/hdds-container-service/1.5.0-SNAPSHOT/hdds-container-service-1.5.0-SNAPSHOT.jar!/webapps/static,STOPPED}
2023-12-26 17:43:04,398 [ForkJoinPool.commonPool-worker-1] INFO  handler.ContextHandler (ContextHandler.java:doStop(1159)) - Stopped o.e.j.s.ServletContextHandler@17561bba{logs,/logs,file:///home/runner/work/ozone/ozone/hadoop-ozone/integration-test/target/log,STOPPED}
2023-12-26 17:43:04,398 [ForkJoinPool.commonPool-worker-7] INFO  utils.DatanodeStoreCache (DatanodeStoreCache.java:shutdownCache(110)) - Skip clearing cache in mini cluster mode. Entries left: [/home/runner/work/ozone/ozone/hadoop-ozone/integration-test/target/test-dir/MiniOzoneClusterImpl-c07e4b46-e5c7-4260-9d08-acd32f4d7801/datanode-1/data-0/containers/hdds/c07e4b46-e5c7-4260-9d08-acd32f4d7801/DS-c4cdd1f7-a2eb-4ccf-9bb4-d08a1f40e755/container.db, /home/runner/work/ozone/ozone/hadoop-ozone/integration-test/target/test-dir/MiniOzoneClusterImpl-c07e4b46-e5c7-4260-9d08-acd32f4d7801/datanode-2/data-0/containers/hdds/c07e4b46-e5c7-4260-9d08-acd32f4d7801/DS-eb1e02cf-633c-4058-9ed9-fa55ad46ae3e/container.db, /home/runner/work/ozone/ozone/hadoop-ozone/integration-test/target/test-dir/MiniOzoneClusterImpl-c07e4b46-e5c7-4260-9d08-acd32f4d7801/datanode-3/data-0/containers/hdds/c07e4b46-e5c7-4260-9d08-acd32f4d7801/DS-3fb5d6a2-91a2-4d1e-a86d-7301e35be00e/container.db, /home/runner/work/ozone/ozone/hadoop-ozone/integration-test/target/test-dir/MiniOzoneClusterImpl-c07e4b46-e5c7-4260-9d08-acd32f4d7801/datanode-6/data-0/containers/hdds/c07e4b46-e5c7-4260-9d08-acd32f4d7801/DS-67d5ae01-028b-4487-91bd-09f58a387c7b/container.db, /home/runner/work/ozone/ozone/hadoop-ozone/integration-test/target/test-dir/MiniOzoneClusterImpl-c07e4b46-e5c7-4260-9d08-acd32f4d7801/datanode-7/data-0/containers/hdds/c07e4b46-e5c7-4260-9d08-acd32f4d7801/DS-d812cdde-57de-4ed4-95f8-a5bf77d78add/container.db, /home/runner/work/ozone/ozone/hadoop-ozone/integration-test/target/test-dir/MiniOzoneClusterImpl-c07e4b46-e5c7-4260-9d08-acd32f4d7801/datanode-8/data-0/containers/hdds/c07e4b46-e5c7-4260-9d08-acd32f4d7801/DS-8009e207-4146-4047-8130-7a3712ab246b/container.db]
2023-12-26 17:43:04,400 [ForkJoinPool.commonPool-worker-1] INFO  ozone.HddsDatanodeClientProtocolServer (HddsDatanodeClientProtocolServer.java:stop(78)) - Stopping the RPC server for Client Protocol
2023-12-26 17:43:04,401 [ForkJoinPool.commonPool-worker-1] INFO  ipc.Server (Server.java:stop(3523)) - Stopping server on 15099
2023-12-26 17:43:04,401 [ForkJoinPool.commonPool-worker-7] INFO  utils.DatanodeStoreCache (DatanodeStoreCache.java:removeDB(104)) - Removed db /home/runner/work/ozone/ozone/hadoop-ozone/integration-test/target/test-dir/MiniOzoneClusterImpl-c07e4b46-e5c7-4260-9d08-acd32f4d7801/datanode-1/data-0/containers/hdds/c07e4b46-e5c7-4260-9d08-acd32f4d7801/DS-c4cdd1f7-a2eb-4ccf-9bb4-d08a1f40e755/container.db from cache
2023-12-26 17:43:04,401 [ForkJoinPool.commonPool-worker-7] INFO  volume.HddsVolume (HddsVolume.java:closeDbStore(453)) - SchemaV3 db is stopped at /home/runner/work/ozone/ozone/hadoop-ozone/integration-test/target/test-dir/MiniOzoneClusterImpl-c07e4b46-e5c7-4260-9d08-acd32f4d7801/datanode-1/data-0/containers/hdds/c07e4b46-e5c7-4260-9d08-acd32f4d7801/DS-c4cdd1f7-a2eb-4ccf-9bb4-d08a1f40e755/container.db for volume DS-c4cdd1f7-a2eb-4ccf-9bb4-d08a1f40e755
2023-12-26 17:43:04,401 [ForkJoinPool.commonPool-worker-7] INFO  utils.BackgroundService (BackgroundService.java:shutdown(160)) - Shutting down service BlockDeletingService
2023-12-26 17:43:04,402 [ForkJoinPool.commonPool-worker-7] INFO  utils.BackgroundService (BackgroundService.java:shutdown(160)) - Shutting down service StaleRecoveringContainerScrubbingService
2023-12-26 17:43:04,402 [ForkJoinPool.commonPool-worker-7] INFO  statemachine.DatanodeStateMachine (DatanodeStateMachine.java:stopDaemon(638)) - Ozone container server stopped.
2023-12-26 17:43:04,403 [ForkJoinPool.commonPool-worker-7] INFO  handler.ContextHandler (ContextHandler.java:doStop(1159)) - Stopped o.e.j.w.WebAppContext@1052e74c{hddsDatanode,/,null,STOPPED}{jar:file:/home/runner/.m2/repository/org/apache/ozone/hdds-container-service/1.5.0-SNAPSHOT/hdds-container-service-1.5.0-SNAPSHOT.jar!/webapps/hddsDatanode}
2023-12-26 17:43:04,403 [IPC Server listener on 15099] INFO  ipc.Server (Server.java:run(1434)) - Stopping IPC Server listener on 15099
2023-12-26 17:43:04,404 [IPC Server Responder] INFO  ipc.Server (Server.java:run(1567)) - Stopping IPC Server Responder
2023-12-26 17:43:04,405 [ForkJoinPool.commonPool-worker-7] INFO  server.AbstractConnector (AbstractConnector.java:doStop(383)) - Stopped ServerConnector@5f504ae6{HTTP/1.1, (http/1.1)}{0.0.0.0:15107}
2023-12-26 17:43:04,405 [ForkJoinPool.commonPool-worker-7] INFO  server.session (HouseKeeper.java:stopScavenging(149)) - node0 Stopped scavenging
2023-12-26 17:43:04,405 [ForkJoinPool.commonPool-worker-7] INFO  handler.ContextHandler (ContextHandler.java:doStop(1159)) - Stopped o.e.j.s.ServletContextHandler@a240992{static,/static,jar:file:/home/runner/.m2/repository/org/apache/ozone/hdds-container-service/1.5.0-SNAPSHOT/hdds-container-service-1.5.0-SNAPSHOT.jar!/webapps/static,STOPPED}
2023-12-26 17:43:04,405 [ForkJoinPool.commonPool-worker-7] INFO  handler.ContextHandler (ContextHandler.java:doStop(1159)) - Stopped o.e.j.s.ServletContextHandler@3c07a9f1{logs,/logs,file:///home/runner/work/ozone/ozone/hadoop-ozone/integration-test/target/log,STOPPED}
2023-12-26 17:43:04,406 [ForkJoinPool.commonPool-worker-7] INFO  ozone.HddsDatanodeClientProtocolServer (HddsDatanodeClientProtocolServer.java:stop(78)) - Stopping the RPC server for Client Protocol
2023-12-26 17:43:04,406 [ForkJoinPool.commonPool-worker-7] INFO  ipc.Server (Server.java:stop(3523)) - Stopping server on 15108
2023-12-26 17:43:04,407 [IPC Server listener on 15108] INFO  ipc.Server (Server.java:run(1434)) - Stopping IPC Server listener on 15108
2023-12-26 17:43:04,407 [IPC Server Responder] INFO  ipc.Server (Server.java:run(1567)) - Stopping IPC Server Responder
2023-12-26 17:43:04,490 [ForkJoinPool.commonPool-worker-4] INFO  utils.DatanodeStoreCache (DatanodeStoreCache.java:shutdownCache(110)) - Skip clearing cache in mini cluster mode. Entries left: [/home/runner/work/ozone/ozone/hadoop-ozone/integration-test/target/test-dir/MiniOzoneClusterImpl-c07e4b46-e5c7-4260-9d08-acd32f4d7801/datanode-2/data-0/containers/hdds/c07e4b46-e5c7-4260-9d08-acd32f4d7801/DS-eb1e02cf-633c-4058-9ed9-fa55ad46ae3e/container.db, /home/runner/work/ozone/ozone/hadoop-ozone/integration-test/target/test-dir/MiniOzoneClusterImpl-c07e4b46-e5c7-4260-9d08-acd32f4d7801/datanode-3/data-0/containers/hdds/c07e4b46-e5c7-4260-9d08-acd32f4d7801/DS-3fb5d6a2-91a2-4d1e-a86d-7301e35be00e/container.db, /home/runner/work/ozone/ozone/hadoop-ozone/integration-test/target/test-dir/MiniOzoneClusterImpl-c07e4b46-e5c7-4260-9d08-acd32f4d7801/datanode-6/data-0/containers/hdds/c07e4b46-e5c7-4260-9d08-acd32f4d7801/DS-67d5ae01-028b-4487-91bd-09f58a387c7b/container.db, /home/runner/work/ozone/ozone/hadoop-ozone/integration-test/target/test-dir/MiniOzoneClusterImpl-c07e4b46-e5c7-4260-9d08-acd32f4d7801/datanode-7/data-0/containers/hdds/c07e4b46-e5c7-4260-9d08-acd32f4d7801/DS-d812cdde-57de-4ed4-95f8-a5bf77d78add/container.db, /home/runner/work/ozone/ozone/hadoop-ozone/integration-test/target/test-dir/MiniOzoneClusterImpl-c07e4b46-e5c7-4260-9d08-acd32f4d7801/datanode-8/data-0/containers/hdds/c07e4b46-e5c7-4260-9d08-acd32f4d7801/DS-8009e207-4146-4047-8130-7a3712ab246b/container.db]
2023-12-26 17:43:04,492 [ForkJoinPool.commonPool-worker-4] INFO  utils.DatanodeStoreCache (DatanodeStoreCache.java:removeDB(104)) - Removed db /home/runner/work/ozone/ozone/hadoop-ozone/integration-test/target/test-dir/MiniOzoneClusterImpl-c07e4b46-e5c7-4260-9d08-acd32f4d7801/datanode-2/data-0/containers/hdds/c07e4b46-e5c7-4260-9d08-acd32f4d7801/DS-eb1e02cf-633c-4058-9ed9-fa55ad46ae3e/container.db from cache
2023-12-26 17:43:04,492 [ForkJoinPool.commonPool-worker-4] INFO  volume.HddsVolume (HddsVolume.java:closeDbStore(453)) - SchemaV3 db is stopped at /home/runner/work/ozone/ozone/hadoop-ozone/integration-test/target/test-dir/MiniOzoneClusterImpl-c07e4b46-e5c7-4260-9d08-acd32f4d7801/datanode-2/data-0/containers/hdds/c07e4b46-e5c7-4260-9d08-acd32f4d7801/DS-eb1e02cf-633c-4058-9ed9-fa55ad46ae3e/container.db for volume DS-eb1e02cf-633c-4058-9ed9-fa55ad46ae3e
2023-12-26 17:43:04,493 [ForkJoinPool.commonPool-worker-4] INFO  utils.BackgroundService (BackgroundService.java:shutdown(160)) - Shutting down service BlockDeletingService
2023-12-26 17:43:04,493 [ForkJoinPool.commonPool-worker-4] INFO  utils.BackgroundService (BackgroundService.java:shutdown(160)) - Shutting down service StaleRecoveringContainerScrubbingService
2023-12-26 17:43:04,494 [ForkJoinPool.commonPool-worker-4] INFO  statemachine.DatanodeStateMachine (DatanodeStateMachine.java:stopDaemon(638)) - Ozone container server stopped.
2023-12-26 17:43:04,495 [ForkJoinPool.commonPool-worker-4] INFO  handler.ContextHandler (ContextHandler.java:doStop(1159)) - Stopped o.e.j.w.WebAppContext@1528c5d1{hddsDatanode,/,null,STOPPED}{jar:file:/home/runner/.m2/repository/org/apache/ozone/hdds-container-service/1.5.0-SNAPSHOT/hdds-container-service-1.5.0-SNAPSHOT.jar!/webapps/hddsDatanode}
2023-12-26 17:43:04,496 [ForkJoinPool.commonPool-worker-4] INFO  server.AbstractConnector (AbstractConnector.java:doStop(383)) - Stopped ServerConnector@4c504f6b{HTTP/1.1, (http/1.1)}{0.0.0.0:15116}
2023-12-26 17:43:04,496 [ForkJoinPool.commonPool-worker-4] INFO  server.session (HouseKeeper.java:stopScavenging(149)) - node0 Stopped scavenging
2023-12-26 17:43:04,496 [ForkJoinPool.commonPool-worker-4] INFO  handler.ContextHandler (ContextHandler.java:doStop(1159)) - Stopped o.e.j.s.ServletContextHandler@216c6b5c{static,/static,jar:file:/home/runner/.m2/repository/org/apache/ozone/hdds-container-service/1.5.0-SNAPSHOT/hdds-container-service-1.5.0-SNAPSHOT.jar!/webapps/static,STOPPED}
2023-12-26 17:43:04,496 [ForkJoinPool.commonPool-worker-4] INFO  handler.ContextHandler (ContextHandler.java:doStop(1159)) - Stopped o.e.j.s.ServletContextHandler@34feaae{logs,/logs,file:///home/runner/work/ozone/ozone/hadoop-ozone/integration-test/target/log,STOPPED}
2023-12-26 17:43:04,496 [ForkJoinPool.commonPool-worker-4] INFO  ozone.HddsDatanodeClientProtocolServer (HddsDatanodeClientProtocolServer.java:stop(78)) - Stopping the RPC server for Client Protocol
2023-12-26 17:43:04,497 [ForkJoinPool.commonPool-worker-4] INFO  ipc.Server (Server.java:stop(3523)) - Stopping server on 15117
2023-12-26 17:43:04,497 [IPC Server listener on 15117] INFO  ipc.Server (Server.java:run(1434)) - Stopping IPC Server listener on 15117
2023-12-26 17:43:04,497 [IPC Server Responder] INFO  ipc.Server (Server.java:run(1567)) - Stopping IPC Server Responder
2023-12-26 17:43:04,775 [ForkJoinPool.commonPool-worker-0] INFO  utils.DatanodeStoreCache (DatanodeStoreCache.java:shutdownCache(110)) - Skip clearing cache in mini cluster mode. Entries left: [/home/runner/work/ozone/ozone/hadoop-ozone/integration-test/target/test-dir/MiniOzoneClusterImpl-c07e4b46-e5c7-4260-9d08-acd32f4d7801/datanode-3/data-0/containers/hdds/c07e4b46-e5c7-4260-9d08-acd32f4d7801/DS-3fb5d6a2-91a2-4d1e-a86d-7301e35be00e/container.db, /home/runner/work/ozone/ozone/hadoop-ozone/integration-test/target/test-dir/MiniOzoneClusterImpl-c07e4b46-e5c7-4260-9d08-acd32f4d7801/datanode-6/data-0/containers/hdds/c07e4b46-e5c7-4260-9d08-acd32f4d7801/DS-67d5ae01-028b-4487-91bd-09f58a387c7b/container.db, /home/runner/work/ozone/ozone/hadoop-ozone/integration-test/target/test-dir/MiniOzoneClusterImpl-c07e4b46-e5c7-4260-9d08-acd32f4d7801/datanode-7/data-0/containers/hdds/c07e4b46-e5c7-4260-9d08-acd32f4d7801/DS-d812cdde-57de-4ed4-95f8-a5bf77d78add/container.db, /home/runner/work/ozone/ozone/hadoop-ozone/integration-test/target/test-dir/MiniOzoneClusterImpl-c07e4b46-e5c7-4260-9d08-acd32f4d7801/datanode-8/data-0/containers/hdds/c07e4b46-e5c7-4260-9d08-acd32f4d7801/DS-8009e207-4146-4047-8130-7a3712ab246b/container.db]
2023-12-26 17:43:04,776 [ForkJoinPool.commonPool-worker-0] INFO  utils.DatanodeStoreCache (DatanodeStoreCache.java:removeDB(104)) - Removed db /home/runner/work/ozone/ozone/hadoop-ozone/integration-test/target/test-dir/MiniOzoneClusterImpl-c07e4b46-e5c7-4260-9d08-acd32f4d7801/datanode-3/data-0/containers/hdds/c07e4b46-e5c7-4260-9d08-acd32f4d7801/DS-3fb5d6a2-91a2-4d1e-a86d-7301e35be00e/container.db from cache
2023-12-26 17:43:04,776 [ForkJoinPool.commonPool-worker-0] INFO  volume.HddsVolume (HddsVolume.java:closeDbStore(453)) - SchemaV3 db is stopped at /home/runner/work/ozone/ozone/hadoop-ozone/integration-test/target/test-dir/MiniOzoneClusterImpl-c07e4b46-e5c7-4260-9d08-acd32f4d7801/datanode-3/data-0/containers/hdds/c07e4b46-e5c7-4260-9d08-acd32f4d7801/DS-3fb5d6a2-91a2-4d1e-a86d-7301e35be00e/container.db for volume DS-3fb5d6a2-91a2-4d1e-a86d-7301e35be00e
2023-12-26 17:43:04,777 [ForkJoinPool.commonPool-worker-0] INFO  utils.BackgroundService (BackgroundService.java:shutdown(160)) - Shutting down service BlockDeletingService
2023-12-26 17:43:04,778 [ForkJoinPool.commonPool-worker-0] INFO  utils.BackgroundService (BackgroundService.java:shutdown(160)) - Shutting down service StaleRecoveringContainerScrubbingService
2023-12-26 17:43:04,778 [ForkJoinPool.commonPool-worker-0] INFO  statemachine.DatanodeStateMachine (DatanodeStateMachine.java:stopDaemon(638)) - Ozone container server stopped.
2023-12-26 17:43:04,779 [ForkJoinPool.commonPool-worker-0] INFO  handler.ContextHandler (ContextHandler.java:doStop(1159)) - Stopped o.e.j.w.WebAppContext@8d1011{hddsDatanode,/,null,STOPPED}{jar:file:/home/runner/.m2/repository/org/apache/ozone/hdds-container-service/1.5.0-SNAPSHOT/hdds-container-service-1.5.0-SNAPSHOT.jar!/webapps/hddsDatanode}
2023-12-26 17:43:04,779 [ForkJoinPool.commonPool-worker-0] INFO  server.AbstractConnector (AbstractConnector.java:doStop(383)) - Stopped ServerConnector@750f8631{HTTP/1.1, (http/1.1)}{0.0.0.0:15125}
2023-12-26 17:43:04,780 [ForkJoinPool.commonPool-worker-0] INFO  server.session (HouseKeeper.java:stopScavenging(149)) - node0 Stopped scavenging
2023-12-26 17:43:04,780 [ForkJoinPool.commonPool-worker-0] INFO  handler.ContextHandler (ContextHandler.java:doStop(1159)) - Stopped o.e.j.s.ServletContextHandler@72ebefc{static,/static,jar:file:/home/runner/.m2/repository/org/apache/ozone/hdds-container-service/1.5.0-SNAPSHOT/hdds-container-service-1.5.0-SNAPSHOT.jar!/webapps/static,STOPPED}
2023-12-26 17:43:04,780 [ForkJoinPool.commonPool-worker-0] INFO  handler.ContextHandler (ContextHandler.java:doStop(1159)) - Stopped o.e.j.s.ServletContextHandler@40a60ca{logs,/logs,file:///home/runner/work/ozone/ozone/hadoop-ozone/integration-test/target/log,STOPPED}
2023-12-26 17:43:04,780 [ForkJoinPool.commonPool-worker-0] INFO  ozone.HddsDatanodeClientProtocolServer (HddsDatanodeClientProtocolServer.java:stop(78)) - Stopping the RPC server for Client Protocol
2023-12-26 17:43:04,781 [ForkJoinPool.commonPool-worker-0] INFO  ipc.Server (Server.java:stop(3523)) - Stopping server on 15126
2023-12-26 17:43:04,781 [IPC Server listener on 15126] INFO  ipc.Server (Server.java:run(1434)) - Stopping IPC Server listener on 15126
2023-12-26 17:43:04,781 [IPC Server Responder] INFO  ipc.Server (Server.java:run(1567)) - Stopping IPC Server Responder
2023-12-26 17:43:05,146 [main] INFO  utils.DatanodeStoreCache (DatanodeStoreCache.java:shutdownCache(110)) - Skip clearing cache in mini cluster mode. Entries left: [/home/runner/work/ozone/ozone/hadoop-ozone/integration-test/target/test-dir/MiniOzoneClusterImpl-c07e4b46-e5c7-4260-9d08-acd32f4d7801/datanode-6/data-0/containers/hdds/c07e4b46-e5c7-4260-9d08-acd32f4d7801/DS-67d5ae01-028b-4487-91bd-09f58a387c7b/container.db, /home/runner/work/ozone/ozone/hadoop-ozone/integration-test/target/test-dir/MiniOzoneClusterImpl-c07e4b46-e5c7-4260-9d08-acd32f4d7801/datanode-7/data-0/containers/hdds/c07e4b46-e5c7-4260-9d08-acd32f4d7801/DS-d812cdde-57de-4ed4-95f8-a5bf77d78add/container.db, /home/runner/work/ozone/ozone/hadoop-ozone/integration-test/target/test-dir/MiniOzoneClusterImpl-c07e4b46-e5c7-4260-9d08-acd32f4d7801/datanode-8/data-0/containers/hdds/c07e4b46-e5c7-4260-9d08-acd32f4d7801/DS-8009e207-4146-4047-8130-7a3712ab246b/container.db]
2023-12-26 17:43:05,147 [main] INFO  utils.DatanodeStoreCache (DatanodeStoreCache.java:removeDB(104)) - Removed db /home/runner/work/ozone/ozone/hadoop-ozone/integration-test/target/test-dir/MiniOzoneClusterImpl-c07e4b46-e5c7-4260-9d08-acd32f4d7801/datanode-7/data-0/containers/hdds/c07e4b46-e5c7-4260-9d08-acd32f4d7801/DS-d812cdde-57de-4ed4-95f8-a5bf77d78add/container.db from cache
2023-12-26 17:43:05,147 [main] INFO  volume.HddsVolume (HddsVolume.java:closeDbStore(453)) - SchemaV3 db is stopped at /home/runner/work/ozone/ozone/hadoop-ozone/integration-test/target/test-dir/MiniOzoneClusterImpl-c07e4b46-e5c7-4260-9d08-acd32f4d7801/datanode-7/data-0/containers/hdds/c07e4b46-e5c7-4260-9d08-acd32f4d7801/DS-d812cdde-57de-4ed4-95f8-a5bf77d78add/container.db for volume DS-d812cdde-57de-4ed4-95f8-a5bf77d78add
2023-12-26 17:43:05,148 [main] INFO  utils.BackgroundService (BackgroundService.java:shutdown(160)) - Shutting down service BlockDeletingService
2023-12-26 17:43:05,148 [main] INFO  utils.BackgroundService (BackgroundService.java:shutdown(160)) - Shutting down service StaleRecoveringContainerScrubbingService
2023-12-26 17:43:05,148 [main] INFO  statemachine.DatanodeStateMachine (DatanodeStateMachine.java:stopDaemon(638)) - Ozone container server stopped.
2023-12-26 17:43:05,149 [main] INFO  handler.ContextHandler (ContextHandler.java:doStop(1159)) - Stopped o.e.j.w.WebAppContext@3b3241df{hddsDatanode,/,null,STOPPED}{jar:file:/home/runner/.m2/repository/org/apache/ozone/hdds-container-service/1.5.0-SNAPSHOT/hdds-container-service-1.5.0-SNAPSHOT.jar!/webapps/hddsDatanode}
2023-12-26 17:43:05,150 [main] INFO  server.AbstractConnector (AbstractConnector.java:doStop(383)) - Stopped ServerConnector@7860e186{HTTP/1.1, (http/1.1)}{0.0.0.0:15161}
2023-12-26 17:43:05,150 [main] INFO  server.session (HouseKeeper.java:stopScavenging(149)) - node0 Stopped scavenging
2023-12-26 17:43:05,150 [main] INFO  handler.ContextHandler (ContextHandler.java:doStop(1159)) - Stopped o.e.j.s.ServletContextHandler@7f757087{static,/static,jar:file:/home/runner/.m2/repository/org/apache/ozone/hdds-container-service/1.5.0-SNAPSHOT/hdds-container-service-1.5.0-SNAPSHOT.jar!/webapps/static,STOPPED}
2023-12-26 17:43:05,151 [main] INFO  handler.ContextHandler (ContextHandler.java:doStop(1159)) - Stopped o.e.j.s.ServletContextHandler@22443d85{logs,/logs,file:///home/runner/work/ozone/ozone/hadoop-ozone/integration-test/target/log,STOPPED}
2023-12-26 17:43:05,151 [main] INFO  ozone.HddsDatanodeClientProtocolServer (HddsDatanodeClientProtocolServer.java:stop(78)) - Stopping the RPC server for Client Protocol
2023-12-26 17:43:05,151 [main] INFO  ipc.Server (Server.java:stop(3523)) - Stopping server on 15162
2023-12-26 17:43:05,152 [IPC Server listener on 15162] INFO  ipc.Server (Server.java:run(1434)) - Stopping IPC Server listener on 15162
2023-12-26 17:43:05,152 [IPC Server Responder] INFO  ipc.Server (Server.java:run(1567)) - Stopping IPC Server Responder
2023-12-26 17:43:05,154 [ForkJoinPool.commonPool-worker-6] INFO  utils.DatanodeStoreCache (DatanodeStoreCache.java:shutdownCache(110)) - Skip clearing cache in mini cluster mode. Entries left: [/home/runner/work/ozone/ozone/hadoop-ozone/integration-test/target/test-dir/MiniOzoneClusterImpl-c07e4b46-e5c7-4260-9d08-acd32f4d7801/datanode-6/data-0/containers/hdds/c07e4b46-e5c7-4260-9d08-acd32f4d7801/DS-67d5ae01-028b-4487-91bd-09f58a387c7b/container.db, /home/runner/work/ozone/ozone/hadoop-ozone/integration-test/target/test-dir/MiniOzoneClusterImpl-c07e4b46-e5c7-4260-9d08-acd32f4d7801/datanode-8/data-0/containers/hdds/c07e4b46-e5c7-4260-9d08-acd32f4d7801/DS-8009e207-4146-4047-8130-7a3712ab246b/container.db]
2023-12-26 17:43:05,154 [ForkJoinPool.commonPool-worker-6] INFO  utils.DatanodeStoreCache (DatanodeStoreCache.java:removeDB(104)) - Removed db /home/runner/work/ozone/ozone/hadoop-ozone/integration-test/target/test-dir/MiniOzoneClusterImpl-c07e4b46-e5c7-4260-9d08-acd32f4d7801/datanode-8/data-0/containers/hdds/c07e4b46-e5c7-4260-9d08-acd32f4d7801/DS-8009e207-4146-4047-8130-7a3712ab246b/container.db from cache
2023-12-26 17:43:05,154 [ForkJoinPool.commonPool-worker-6] INFO  volume.HddsVolume (HddsVolume.java:closeDbStore(453)) - SchemaV3 db is stopped at /home/runner/work/ozone/ozone/hadoop-ozone/integration-test/target/test-dir/MiniOzoneClusterImpl-c07e4b46-e5c7-4260-9d08-acd32f4d7801/datanode-8/data-0/containers/hdds/c07e4b46-e5c7-4260-9d08-acd32f4d7801/DS-8009e207-4146-4047-8130-7a3712ab246b/container.db for volume DS-8009e207-4146-4047-8130-7a3712ab246b
2023-12-26 17:43:05,154 [ForkJoinPool.commonPool-worker-6] INFO  utils.BackgroundService (BackgroundService.java:shutdown(160)) - Shutting down service BlockDeletingService
2023-12-26 17:43:05,155 [ForkJoinPool.commonPool-worker-6] INFO  utils.BackgroundService (BackgroundService.java:shutdown(160)) - Shutting down service StaleRecoveringContainerScrubbingService
2023-12-26 17:43:05,155 [ForkJoinPool.commonPool-worker-6] INFO  statemachine.DatanodeStateMachine (DatanodeStateMachine.java:stopDaemon(638)) - Ozone container server stopped.
2023-12-26 17:43:05,156 [ForkJoinPool.commonPool-worker-6] INFO  handler.ContextHandler (ContextHandler.java:doStop(1159)) - Stopped o.e.j.w.WebAppContext@1f6e38fa{hddsDatanode,/,null,STOPPED}{jar:file:/home/runner/.m2/repository/org/apache/ozone/hdds-container-service/1.5.0-SNAPSHOT/hdds-container-service-1.5.0-SNAPSHOT.jar!/webapps/hddsDatanode}
2023-12-26 17:43:05,156 [ForkJoinPool.commonPool-worker-6] INFO  server.AbstractConnector (AbstractConnector.java:doStop(383)) - Stopped ServerConnector@73a981cc{HTTP/1.1, (http/1.1)}{0.0.0.0:15170}
2023-12-26 17:43:05,156 [ForkJoinPool.commonPool-worker-6] INFO  server.session (HouseKeeper.java:stopScavenging(149)) - node0 Stopped scavenging
2023-12-26 17:43:05,156 [ForkJoinPool.commonPool-worker-6] INFO  handler.ContextHandler (ContextHandler.java:doStop(1159)) - Stopped o.e.j.s.ServletContextHandler@2fe6b485{static,/static,jar:file:/home/runner/.m2/repository/org/apache/ozone/hdds-container-service/1.5.0-SNAPSHOT/hdds-container-service-1.5.0-SNAPSHOT.jar!/webapps/static,STOPPED}
2023-12-26 17:43:05,157 [ForkJoinPool.commonPool-worker-6] INFO  handler.ContextHandler (ContextHandler.java:doStop(1159)) - Stopped o.e.j.s.ServletContextHandler@700e897f{logs,/logs,file:///home/runner/work/ozone/ozone/hadoop-ozone/integration-test/target/log,STOPPED}
2023-12-26 17:43:05,157 [ForkJoinPool.commonPool-worker-6] INFO  ozone.HddsDatanodeClientProtocolServer (HddsDatanodeClientProtocolServer.java:stop(78)) - Stopping the RPC server for Client Protocol
2023-12-26 17:43:05,157 [ForkJoinPool.commonPool-worker-6] INFO  ipc.Server (Server.java:stop(3523)) - Stopping server on 15171
2023-12-26 17:43:05,158 [IPC Server listener on 15171] INFO  ipc.Server (Server.java:run(1434)) - Stopping IPC Server listener on 15171
2023-12-26 17:43:05,158 [IPC Server Responder] INFO  ipc.Server (Server.java:run(1567)) - Stopping IPC Server Responder
2023-12-26 17:43:05,165 [ForkJoinPool.commonPool-worker-5] INFO  utils.DatanodeStoreCache (DatanodeStoreCache.java:shutdownCache(110)) - Skip clearing cache in mini cluster mode. Entries left: [/home/runner/work/ozone/ozone/hadoop-ozone/integration-test/target/test-dir/MiniOzoneClusterImpl-c07e4b46-e5c7-4260-9d08-acd32f4d7801/datanode-6/data-0/containers/hdds/c07e4b46-e5c7-4260-9d08-acd32f4d7801/DS-67d5ae01-028b-4487-91bd-09f58a387c7b/container.db]
2023-12-26 17:43:05,165 [ForkJoinPool.commonPool-worker-5] INFO  utils.DatanodeStoreCache (DatanodeStoreCache.java:removeDB(104)) - Removed db /home/runner/work/ozone/ozone/hadoop-ozone/integration-test/target/test-dir/MiniOzoneClusterImpl-c07e4b46-e5c7-4260-9d08-acd32f4d7801/datanode-6/data-0/containers/hdds/c07e4b46-e5c7-4260-9d08-acd32f4d7801/DS-67d5ae01-028b-4487-91bd-09f58a387c7b/container.db from cache
2023-12-26 17:43:05,165 [ForkJoinPool.commonPool-worker-5] INFO  volume.HddsVolume (HddsVolume.java:closeDbStore(453)) - SchemaV3 db is stopped at /home/runner/work/ozone/ozone/hadoop-ozone/integration-test/target/test-dir/MiniOzoneClusterImpl-c07e4b46-e5c7-4260-9d08-acd32f4d7801/datanode-6/data-0/containers/hdds/c07e4b46-e5c7-4260-9d08-acd32f4d7801/DS-67d5ae01-028b-4487-91bd-09f58a387c7b/container.db for volume DS-67d5ae01-028b-4487-91bd-09f58a387c7b
2023-12-26 17:43:05,166 [ForkJoinPool.commonPool-worker-5] INFO  utils.BackgroundService (BackgroundService.java:shutdown(160)) - Shutting down service BlockDeletingService
2023-12-26 17:43:05,166 [ForkJoinPool.commonPool-worker-5] INFO  utils.BackgroundService (BackgroundService.java:shutdown(160)) - Shutting down service StaleRecoveringContainerScrubbingService
2023-12-26 17:43:05,166 [ForkJoinPool.commonPool-worker-5] INFO  statemachine.DatanodeStateMachine (DatanodeStateMachine.java:stopDaemon(638)) - Ozone container server stopped.
2023-12-26 17:43:05,167 [ForkJoinPool.commonPool-worker-5] INFO  handler.ContextHandler (ContextHandler.java:doStop(1159)) - Stopped o.e.j.w.WebAppContext@5f21efe0{hddsDatanode,/,null,STOPPED}{jar:file:/home/runner/.m2/repository/org/apache/ozone/hdds-container-service/1.5.0-SNAPSHOT/hdds-container-service-1.5.0-SNAPSHOT.jar!/webapps/hddsDatanode}
2023-12-26 17:43:05,168 [ForkJoinPool.commonPool-worker-5] INFO  server.AbstractConnector (AbstractConnector.java:doStop(383)) - Stopped ServerConnector@2ac2e1e6{HTTP/1.1, (http/1.1)}{0.0.0.0:15152}
2023-12-26 17:43:05,168 [ForkJoinPool.commonPool-worker-5] INFO  server.session (HouseKeeper.java:stopScavenging(149)) - node0 Stopped scavenging
2023-12-26 17:43:05,168 [ForkJoinPool.commonPool-worker-5] INFO  handler.ContextHandler (ContextHandler.java:doStop(1159)) - Stopped o.e.j.s.ServletContextHandler@5cf98e0d{static,/static,jar:file:/home/runner/.m2/repository/org/apache/ozone/hdds-container-service/1.5.0-SNAPSHOT/hdds-container-service-1.5.0-SNAPSHOT.jar!/webapps/static,STOPPED}
2023-12-26 17:43:05,168 [ForkJoinPool.commonPool-worker-5] INFO  handler.ContextHandler (ContextHandler.java:doStop(1159)) - Stopped o.e.j.s.ServletContextHandler@2ea03886{logs,/logs,file:///home/runner/work/ozone/ozone/hadoop-ozone/integration-test/target/log,STOPPED}
2023-12-26 17:43:05,168 [ForkJoinPool.commonPool-worker-5] INFO  ozone.HddsDatanodeClientProtocolServer (HddsDatanodeClientProtocolServer.java:stop(78)) - Stopping the RPC server for Client Protocol
2023-12-26 17:43:05,169 [ForkJoinPool.commonPool-worker-5] INFO  ipc.Server (Server.java:stop(3523)) - Stopping server on 15153
2023-12-26 17:43:05,170 [IPC Server listener on 15153] INFO  ipc.Server (Server.java:run(1434)) - Stopping IPC Server listener on 15153
2023-12-26 17:43:05,170 [IPC Server Responder] INFO  ipc.Server (Server.java:run(1567)) - Stopping IPC Server Responder
2023-12-26 17:43:05,170 [main] INFO  ozone.MiniOzoneClusterImpl (MiniOzoneClusterImpl.java:stopSCM(552)) - Stopping the StorageContainerManager
2023-12-26 17:43:05,171 [main] INFO  server.StorageContainerManager (StorageContainerManager.java:stop(1627)) - Container Balancer is not running.
2023-12-26 17:43:05,171 [main] INFO  server.StorageContainerManager (StorageContainerManager.java:stopReplicationManager(1760)) - Stopping Replication Manager Service.
2023-12-26 17:43:05,171 [main] INFO  replication.ReplicationManager (ReplicationManager.java:stop(326)) - Stopping Replication Monitor Thread.
2023-12-26 17:43:05,171 [main] INFO  server.StorageContainerManager (StorageContainerManager.java:stop(1636)) - Stopping the Datanode Admin Monitor.
2023-12-26 17:43:05,171 [OverReplicatedProcessor] WARN  replication.UnhealthyReplicationProcessor (UnhealthyReplicationProcessor.java:run(180)) - OverReplicatedProcessor interrupted. Exiting...
2023-12-26 17:43:05,171 [ReplicationMonitor] INFO  replication.ReplicationManager (ReplicationManager.java:run(933)) - Replication Monitor Thread is stopped
2023-12-26 17:43:05,171 [UnderReplicatedProcessor] WARN  replication.UnhealthyReplicationProcessor (UnhealthyReplicationProcessor.java:run(180)) - UnderReplicatedProcessor interrupted. Exiting...
2023-12-26 17:43:05,172 [main] INFO  server.StorageContainerManager (StorageContainerManager.java:stop(1643)) - Stopping datanode service RPC server
2023-12-26 17:43:05,172 [main] INFO  server.SCMDatanodeProtocolServer (SCMDatanodeProtocolServer.java:stop(424)) - Stopping the RPC server for DataNodes
2023-12-26 17:43:05,172 [main] INFO  ipc.Server (Server.java:stop(3523)) - Stopping server on 15091
2023-12-26 17:43:05,173 [IPC Server Responder] INFO  ipc.Server (Server.java:run(1567)) - Stopping IPC Server Responder
2023-12-26 17:43:05,173 [IPC Server listener on 15091] INFO  ipc.Server (Server.java:run(1434)) - Stopping IPC Server listener on 15091
2023-12-26 17:43:05,212 [SCMHeartbeatProcessor-0] WARN  node.NodeStateManager (NodeStateManager.java:scheduleNextHealthCheck(878)) - Current Thread is interrupted, shutting down HB processing thread for Node Manager.
2023-12-26 17:43:05,212 [main] INFO  server.StorageContainerManager (StorageContainerManager.java:stop(1651)) - Stopping block service RPC server
2023-12-26 17:43:05,212 [main] INFO  server.SCMBlockProtocolServer (SCMBlockProtocolServer.java:stop(168)) - Stopping the RPC server for Block Protocol
2023-12-26 17:43:05,212 [main] INFO  ipc.Server (Server.java:stop(3523)) - Stopping server on 15090
2023-12-26 17:43:05,213 [IPC Server Responder] INFO  ipc.Server (Server.java:run(1567)) - Stopping IPC Server Responder
2023-12-26 17:43:05,213 [IPC Server listener on 15090] INFO  ipc.Server (Server.java:run(1434)) - Stopping IPC Server listener on 15090
2023-12-26 17:43:05,213 [main] INFO  server.StorageContainerManager (StorageContainerManager.java:stop(1658)) - Stopping the StorageContainerLocationProtocol RPC server
2023-12-26 17:43:05,214 [main] INFO  server.SCMClientProtocolServer (SCMClientProtocolServer.java:stop(210)) - Stopping the RPC server for Client Protocol
2023-12-26 17:43:05,214 [main] INFO  ipc.Server (Server.java:stop(3523)) - Stopping server on 15089
2023-12-26 17:43:05,215 [IPC Server Responder] INFO  ipc.Server (Server.java:run(1567)) - Stopping IPC Server Responder
2023-12-26 17:43:05,215 [main] INFO  server.StorageContainerManager (StorageContainerManager.java:stop(1665)) - Stopping Storage Container Manager HTTP server.
2023-12-26 17:43:05,215 [IPC Server listener on 15089] INFO  ipc.Server (Server.java:run(1434)) - Stopping IPC Server listener on 15089
2023-12-26 17:43:05,216 [main] INFO  handler.ContextHandler (ContextHandler.java:doStop(1159)) - Stopped o.e.j.w.WebAppContext@2d7d77d3{scm,/,null,STOPPED}{file:/home/runner/work/ozone/ozone/hadoop-ozone/integration-test/target/test-classes/webapps/scm}
2023-12-26 17:43:05,217 [main] INFO  server.AbstractConnector (AbstractConnector.java:doStop(383)) - Stopped ServerConnector@62070c10{HTTP/1.1, (http/1.1)}{0.0.0.0:15092}
2023-12-26 17:43:05,217 [main] INFO  server.session (HouseKeeper.java:stopScavenging(149)) - node0 Stopped scavenging
2023-12-26 17:43:05,217 [main] INFO  handler.ContextHandler (ContextHandler.java:doStop(1159)) - Stopped o.e.j.s.ServletContextHandler@2997ddcf{static,/static,file:///home/runner/work/ozone/ozone/hadoop-ozone/integration-test/target/test-classes/webapps/static,STOPPED}
2023-12-26 17:43:05,217 [main] INFO  handler.ContextHandler (ContextHandler.java:doStop(1159)) - Stopped o.e.j.s.ServletContextHandler@52a7bd2e{logs,/logs,file:///home/runner/work/ozone/ozone/hadoop-ozone/integration-test/target/log,STOPPED}
2023-12-26 17:43:05,218 [main] INFO  server.StorageContainerManager (StorageContainerManager.java:stop(1673)) - Stopping SCM LayoutVersionManager Service.
2023-12-26 17:43:05,218 [main] INFO  server.StorageContainerManager (StorageContainerManager.java:stop(1685)) - Stopping Block Manager Service.
2023-12-26 17:43:05,218 [main] INFO  utils.BackgroundService (BackgroundService.java:shutdown(160)) - Shutting down service SCMBlockDeletingService
2023-12-26 17:43:05,218 [main] INFO  utils.BackgroundService (BackgroundService.java:shutdown(160)) - Shutting down service SCMBlockDeletingService
2023-12-26 17:43:05,218 [main] INFO  server.StorageContainerManager (StorageContainerManager.java:stop(1705)) - Stopping SCM Event Queue.
2023-12-26 17:43:05,219 [JvmPauseMonitor11] INFO  util.JvmPauseMonitor (JvmPauseMonitor.java:run(152)) - JvmPauseMonitor-22af3301-77a1-438d-ad8a-9f98cc518477: Stopped
2023-12-26 17:43:05,219 [main] INFO  server.StorageContainerManager (StorageContainerManager.java:stop(1716)) - Stopping SCM HA services.
2023-12-26 17:43:05,219 [main] INFO  pipeline.BackgroundPipelineCreator (BackgroundPipelineCreator.java:stop(152)) - Stopping RatisPipelineUtilsThread.
2023-12-26 17:43:05,220 [RatisPipelineUtilsThread-0] WARN  pipeline.BackgroundPipelineCreator (BackgroundPipelineCreator.java:run(183)) - RatisPipelineUtilsThread is interrupted.
2023-12-26 17:43:05,220 [main] INFO  BackgroundPipelineScrubber (BackgroundSCMService.java:stop(131)) - Stopping BackgroundPipelineScrubber Service.
2023-12-26 17:43:05,220 [BackgroundPipelineScrubber] WARN  BackgroundPipelineScrubber (BackgroundSCMService.java:run(115)) - BackgroundPipelineScrubber is interrupted, exit
2023-12-26 17:43:05,220 [main] INFO  impl.MetricsSystemImpl (MetricsSystemImpl.java:stop(210)) - Stopping HddsDatanode metrics system...
2023-12-26 17:43:05,221 [prometheus] INFO  impl.MetricsSinkAdapter (MetricsSinkAdapter.java:publishMetricsFromQueue(141)) - prometheus thread interrupted.
2023-12-26 17:43:05,221 [main] INFO  impl.MetricsSystemImpl (MetricsSystemImpl.java:stop(216)) - HddsDatanode metrics system stopped.
2023-12-26 17:43:05,221 [main] WARN  pipeline.BackgroundPipelineCreator (BackgroundPipelineCreator.java:stop(148)) - RatisPipelineUtilsThread is not running, just ignore.
2023-12-26 17:43:05,221 [main] INFO  BackgroundPipelineScrubber (BackgroundSCMService.java:stop(126)) - BackgroundPipelineScrubber Service is not running, skip stop.
2023-12-26 17:43:05,222 [main] INFO  ExpiredContainerReplicaOpScrubber (BackgroundSCMService.java:stop(131)) - Stopping ExpiredContainerReplicaOpScrubber Service.
2023-12-26 17:43:05,222 [main] INFO  utils.BackgroundService (BackgroundService.java:shutdown(160)) - Shutting down service SCMBlockDeletingService
2023-12-26 17:43:05,222 [ExpiredContainerReplicaOpScrubber] WARN  ExpiredContainerReplicaOpScrubber (BackgroundSCMService.java:run(115)) - ExpiredContainerReplicaOpScrubber is interrupted, exit
2023-12-26 17:43:05,222 [main] INFO  replication.ReplicationManager (ReplicationManager.java:stop(336)) - Replication Monitor Thread is not running.
2023-12-26 17:43:05,222 [main] WARN  balancer.ContainerBalancer (ContainerBalancer.java:stop(327)) - Cannot stop Container Balancer because it's not running or stopping
2023-12-26 17:43:05,222 [LeaseManager#LeaseMonitor] WARN  lease.LeaseManager (LeaseManager.java:run(287)) - Lease manager is interrupted. Shutting down...
java.lang.InterruptedException
	at java.util.concurrent.locks.AbstractQueuedSynchronizer.doAcquireSharedNanos(AbstractQueuedSynchronizer.java:1039)
	at java.util.concurrent.locks.AbstractQueuedSynchronizer.tryAcquireSharedNanos(AbstractQueuedSynchronizer.java:1328)
	at java.util.concurrent.Semaphore.tryAcquire(Semaphore.java:409)
	at org.apache.hadoop.ozone.lease.LeaseManager$LeaseMonitor.run(LeaseManager.java:285)
	at java.lang.Thread.run(Thread.java:750)
2023-12-26 17:43:05,222 [main] INFO  server.StorageContainerManager (StorageContainerManager.java:stop(1751)) - Stopping SCM MetadataStore.
2023-12-26 17:43:05,261 [main] INFO  db.CodecTestUtil (CodecTestUtil.java:gc(47)) - gc 0
]]></system-out>
    </flakyFailure>
  </testcase>
  <testcase name="testWatchForCommitForGroupMismatchException" classname="org.apache.hadoop.ozone.client.rpc.TestWatchForCommit" time="27.797">
    <flakyError message="org.apache.ratis.protocol.exceptions.AlreadyClosedException: SlidingWindow$Client:client-9BF44B20C702-&gt;RAFT is closed." type="java.util.concurrent.ExecutionException">
      <stackTrace><![CDATA[java.util.concurrent.ExecutionException: org.apache.ratis.protocol.exceptions.AlreadyClosedException: SlidingWindow$Client:client-9BF44B20C702->RAFT is closed.
	at java.util.concurrent.CompletableFuture.reportGet(CompletableFuture.java:357)
	at java.util.concurrent.CompletableFuture.get(CompletableFuture.java:1908)
	at org.apache.hadoop.ozone.client.rpc.TestWatchForCommit.testWatchForCommitForGroupMismatchException(TestWatchForCommit.java:364)
	at java.lang.reflect.Method.invoke(Method.java:498)
	at java.util.ArrayList.forEach(ArrayList.java:1259)
	at java.util.ArrayList.forEach(ArrayList.java:1259)
Caused by: org.apache.ratis.protocol.exceptions.AlreadyClosedException: SlidingWindow$Client:client-9BF44B20C702->RAFT is closed.
	at org.apache.ratis.util.SlidingWindow$Client.alreadyClosed(SlidingWindow.java:406)
	at org.apache.ratis.util.SlidingWindow$Client.fail(SlidingWindow.java:394)
	at org.apache.ratis.client.impl.OrderedAsync.failAllAsyncRequests(OrderedAsync.java:149)
	at org.apache.ratis.client.impl.OrderedAsync.handleAsyncRetryFailure(OrderedAsync.java:153)
	at org.apache.ratis.client.impl.OrderedAsync.lambda$sendRequest$9(OrderedAsync.java:253)
	at java.util.concurrent.CompletableFuture.uniExceptionally(CompletableFuture.java:884)
	at java.util.concurrent.CompletableFuture$UniExceptionally.tryFire(CompletableFuture.java:866)
	at java.util.concurrent.CompletableFuture.postComplete(CompletableFuture.java:488)
	at java.util.concurrent.CompletableFuture.completeExceptionally(CompletableFuture.java:1990)
	at org.apache.ratis.grpc.client.GrpcClientProtocolClient$AsyncStreamObservers.completeReplyExceptionally(GrpcClientProtocolClient.java:394)
	at org.apache.ratis.grpc.client.GrpcClientProtocolClient$AsyncStreamObservers.access$000(GrpcClientProtocolClient.java:300)
	at org.apache.ratis.grpc.client.GrpcClientProtocolClient$AsyncStreamObservers$1.onNext(GrpcClientProtocolClient.java:314)
	at org.apache.ratis.grpc.client.GrpcClientProtocolClient$AsyncStreamObservers$1.onNext(GrpcClientProtocolClient.java:305)
	at org.apache.ratis.thirdparty.io.grpc.stub.ClientCalls$StreamObserverToCallListenerAdapter.onMessage(ClientCalls.java:468)
	at org.apache.ratis.thirdparty.io.grpc.ForwardingClientCallListener.onMessage(ForwardingClientCallListener.java:33)
	at org.apache.ratis.thirdparty.io.grpc.internal.ClientCallImpl$ClientStreamListenerImpl$1MessagesAvailable.runInternal(ClientCallImpl.java:660)
	at org.apache.ratis.thirdparty.io.grpc.internal.ClientCallImpl$ClientStreamListenerImpl$1MessagesAvailable.runInContext(ClientCallImpl.java:647)
	at org.apache.ratis.thirdparty.io.grpc.internal.ContextRunnable.run(ContextRunnable.java:37)
	at org.apache.ratis.thirdparty.io.grpc.internal.SerializingExecutor.run(SerializingExecutor.java:133)
	at java.util.concurrent.ThreadPoolExecutor.runWorker(ThreadPoolExecutor.java:1149)
	at java.util.concurrent.ThreadPoolExecutor$Worker.run(ThreadPoolExecutor.java:624)
	at java.lang.Thread.run(Thread.java:750)
Caused by: org.apache.ratis.protocol.exceptions.RaftRetryFailureException: Failed RaftClientRequest:client-9BF44B20C702->9041b40e-5b92-449e-aa66-a19f39177033@group-931AD61AFC41, cid=57, seq=1*, Watch(0), null for 3 attempts with RequestTypeDependentRetryPolicy{WRITE->ExceptionDependentRetry(maxAttempts=2147483647; defaultPolicy=MultipleLinearRandomRetry[5x5s, 5x10s, 5x15s, 5x20s, 5x25s, 10x60s]; map={org.apache.ratis.protocol.exceptions.GroupMismatchException->NoRetry, org.apache.ratis.protocol.exceptions.NotReplicatedException->NoRetry, org.apache.ratis.protocol.exceptions.ResourceUnavailableException->org.apache.ratis.retry.ExponentialBackoffRetry@10a6afb6, org.apache.ratis.protocol.exceptions.StateMachineException->NoRetry, org.apache.ratis.protocol.exceptions.TimeoutIOException->org.apache.ratis.retry.ExponentialBackoffRetry@10a6afb6}), WATCH->ExceptionDependentRetry(maxAttempts=2147483647; defaultPolicy=MultipleLinearRandomRetry[5x5s, 5x10s, 5x15s, 5x20s, 5x25s, 10x60s]; map={org.apache.ratis.protocol.exceptions.GroupMismatchException->NoRetry, org.apache.ratis.protocol.exceptions.NotReplicatedException->NoRetry, org.apache.ratis.protocol.exceptions.ResourceUnavailableException->org.apache.ratis.retry.ExponentialBackoffRetry@10a6afb6, org.apache.ratis.protocol.exceptions.StateMachineException->NoRetry, org.apache.ratis.protocol.exceptions.TimeoutIOException->NoRetry})}
	at org.apache.ratis.client.impl.RaftClientImpl.noMoreRetries(RaftClientImpl.java:353)
	... 19 more
Caused by: org.apache.ratis.protocol.exceptions.NotLeaderException: Server 9041b40e-5b92-449e-aa66-a19f39177033@group-931AD61AFC41 is not the leader 5acb06d6-75fa-434d-a16a-f6192aa7de69|10.1.0.4:15264
	at org.apache.ratis.client.impl.ClientProtoUtils.toRaftClientReply(ClientProtoUtils.java:397)
	at org.apache.ratis.grpc.client.GrpcClientProtocolClient$AsyncStreamObservers$1.onNext(GrpcClientProtocolClient.java:310)
	... 10 more
]]></stackTrace>
      <system-out><![CDATA[2023-12-26 17:43:05,596 [main] WARN  server.ServerUtils (ServerUtils.java:getScmDbDir(155)) - ozone.scm.db.dirs is not configured. We recommend adding this setting. Falling back to ozone.metadata.dirs instead.
2023-12-26 17:43:05,599 [main] WARN  server.ServerUtils (ServerUtils.java:getScmDbDir(155)) - ozone.scm.db.dirs is not configured. We recommend adding this setting. Falling back to ozone.metadata.dirs instead.
2023-12-26 17:43:05,600 [main] INFO  ha.SCMHANodeDetails (SCMHANodeDetails.java:loadSCMHAConfig(210)) - ServiceID for StorageContainerManager is null
2023-12-26 17:43:05,600 [main] INFO  ha.SCMHANodeDetails (SCMHANodeDetails.java:loadSCMHAConfig(215)) - ozone.scm.default.service.id is not defined, falling back to ozone.scm.service.ids to find serviceID for StorageContainerManager if it is HA enabled cluster
2023-12-26 17:43:05,601 [main] WARN  utils.HAUtils (HAUtils.java:getMetaDir(339)) - ozone.scm.db.dirs is not configured. We recommend adding this setting. Falling back to ozone.metadata.dirs instead.
2023-12-26 17:43:05,601 [main] WARN  db.DBStoreBuilder (DBStoreBuilder.java:applyDBDefinition(167)) - ozone.scm.db.dirs is not configured. We recommend adding this setting. Falling back to ozone.metadata.dirs instead.
2023-12-26 17:43:05,697 [main] INFO  net.NodeSchemaLoader (NodeSchemaLoader.java:loadSchemaFromFile(129)) - Loading schema from [jar:file:/home/runner/.m2/repository/org/apache/ozone/hdds-common/1.5.0-SNAPSHOT/hdds-common-1.5.0-SNAPSHOT.jar!/network-topology-default.xml]
2023-12-26 17:43:05,698 [main] INFO  net.NodeSchemaLoader (NodeSchemaLoader.java:loadSchema(176)) - Loading network topology layer schema file
2023-12-26 17:43:05,701 [main] INFO  upgrade.AbstractLayoutVersionManager (AbstractLayoutVersionManager.java:init(83)) - Initializing Layout version manager with metadata layout = HADOOP_PRC_PORTS_IN_DATANODEDETAILS (version = 7), software layout = HADOOP_PRC_PORTS_IN_DATANODEDETAILS (version = 7)
2023-12-26 17:43:05,703 [main] INFO  ha.SequenceIdGenerator (SequenceIdGenerator.java:upgradeToSequenceId(370)) - upgrade localId to 111677748019200000
2023-12-26 17:43:05,704 [main] INFO  ha.SequenceIdGenerator (SequenceIdGenerator.java:upgradeToSequenceId(380)) - upgrade delTxnId to 0
2023-12-26 17:43:05,705 [main] INFO  ha.SequenceIdGenerator (SequenceIdGenerator.java:upgradeToSequenceId(397)) - upgrade containerId to 0
2023-12-26 17:43:05,707 [main] INFO  ha.SequenceIdGenerator (SequenceIdGenerator.java:upgradeToCertificateSequenceId(444)) - upgrade CertificateId to 2
2023-12-26 17:43:05,707 [main] INFO  ha.SequenceIdGenerator (SequenceIdGenerator.java:<init>(241)) - Init the HA SequenceIdGenerator.
2023-12-26 17:43:05,709 [main] INFO  node.SCMNodeManager (SCMNodeManager.java:<init>(173)) - Entering startup safe mode.
2023-12-26 17:43:05,710 [main] INFO  algorithms.ContainerPlacementPolicyFactory (ContainerPlacementPolicyFactory.java:getPolicyInternal(86)) - Create container placement policy of type org.apache.hadoop.hdds.scm.container.placement.algorithms.SCMContainerPlacementRackAware
2023-12-26 17:43:05,710 [main] INFO  algorithms.ContainerPlacementPolicyFactory (ContainerPlacementPolicyFactory.java:getPolicyInternal(86)) - Create container placement policy of type org.apache.hadoop.hdds.scm.container.placement.algorithms.SCMContainerPlacementRackScatter
2023-12-26 17:43:05,711 [main] INFO  pipeline.PipelineStateManagerImpl (PipelineStateManagerImpl.java:initialize(78)) - No pipeline exists in current db
2023-12-26 17:43:05,711 [main] INFO  algorithms.LeaderChoosePolicyFactory (LeaderChoosePolicyFactory.java:getPolicy(57)) - Create leader choose policy of type org.apache.hadoop.hdds.scm.pipeline.leader.choose.algorithms.MinLeaderCountChoosePolicy
2023-12-26 17:43:05,711 [main] INFO  algorithms.ContainerPlacementPolicyFactory (ContainerPlacementPolicyFactory.java:getPolicyInternal(86)) - Create container placement policy of type org.apache.hadoop.hdds.scm.container.placement.algorithms.SCMContainerPlacementRackScatter
2023-12-26 17:43:05,711 [main] INFO  ha.SCMServiceManager (SCMServiceManager.java:register(42)) - Registering service BackgroundPipelineCreator.
2023-12-26 17:43:05,712 [main] INFO  pipeline.BackgroundPipelineCreator (BackgroundPipelineCreator.java:start(127)) - Starting RatisPipelineUtilsThread.
2023-12-26 17:43:05,712 [main] INFO  BackgroundPipelineScrubber (BackgroundSCMService.java:start(68)) - Starting BackgroundPipelineScrubber Service.
2023-12-26 17:43:05,713 [main] INFO  ha.SCMServiceManager (SCMServiceManager.java:register(42)) - Registering service BackgroundPipelineScrubber.
2023-12-26 17:43:05,713 [main] INFO  ExpiredContainerReplicaOpScrubber (BackgroundSCMService.java:start(68)) - Starting ExpiredContainerReplicaOpScrubber Service.
2023-12-26 17:43:05,713 [main] INFO  ha.SCMServiceManager (SCMServiceManager.java:register(42)) - Registering service ExpiredContainerReplicaOpScrubber.
2023-12-26 17:43:05,714 [main] INFO  algorithms.PipelineChoosePolicyFactory (PipelineChoosePolicyFactory.java:createPipelineChoosePolicyFromClass(78)) - Create pipeline choose policy of type org.apache.hadoop.hdds.scm.pipeline.choose.algorithms.RandomPipelineChoosePolicy
2023-12-26 17:43:05,714 [main] INFO  algorithms.PipelineChoosePolicyFactory (PipelineChoosePolicyFactory.java:createPipelineChoosePolicyFromClass(78)) - Create pipeline choose policy of type org.apache.hadoop.hdds.scm.pipeline.choose.algorithms.RandomPipelineChoosePolicy
2023-12-26 17:43:05,715 [main] INFO  ha.SCMServiceManager (SCMServiceManager.java:register(42)) - Registering service SCMBlockDeletingService.
2023-12-26 17:43:05,716 [main] INFO  replication.ReplicationManager (ReplicationManager.java:start(294)) - Starting Replication Monitor Thread.
2023-12-26 17:43:05,716 [main] INFO  ha.SCMServiceManager (SCMServiceManager.java:register(42)) - Registering service ReplicationManager.
2023-12-26 17:43:05,717 [main] INFO  safemode.ContainerSafeModeRule (ContainerSafeModeRule.java:<init>(91)) - containers with one replica threshold count 0
2023-12-26 17:43:05,717 [main] INFO  safemode.HealthyPipelineSafeModeRule (HealthyPipelineSafeModeRule.java:initializeRule(176)) - Total pipeline count is 0, healthy pipeline threshold count is 1
2023-12-26 17:43:05,718 [main] INFO  safemode.OneReplicaPipelineSafeModeRule (OneReplicaPipelineSafeModeRule.java:initializeRule(193)) - Total pipeline count is 0, pipeline's with at least one datanode reported threshold count is 0
2023-12-26 17:43:05,718 [ReplicationMonitor] INFO  replication.ReplicationManager (ReplicationManager.java:processAll(369)) - Replication Manager is not ready to run until 3000ms after safemode exit
2023-12-26 17:43:05,718 [main] INFO  server.StorageContainerManager (StorageContainerManager.java:<init>(438)) - SCM start with adminUsers: [runner]
2023-12-26 17:43:05,719 [main] INFO  ipc.CallQueueManager (CallQueueManager.java:<init>(90)) - Using callQueue: class java.util.concurrent.LinkedBlockingQueue, queueCapacity: 2000, scheduler: class org.apache.hadoop.ipc.DefaultRpcScheduler, ipcBackoff: false.
2023-12-26 17:43:05,719 [main] INFO  ipc.Server (Server.java:<init>(1287)) - Listener at 0.0.0.0:15180
2023-12-26 17:43:05,719 [Socket Reader #1 for port 15180] INFO  ipc.Server (Server.java:run(1323)) - Starting Socket Reader #1 for port 15180
2023-12-26 17:43:05,720 [main] INFO  ipc.CallQueueManager (CallQueueManager.java:<init>(90)) - Using callQueue: class java.util.concurrent.LinkedBlockingQueue, queueCapacity: 2000, scheduler: class org.apache.hadoop.ipc.DefaultRpcScheduler, ipcBackoff: false.
2023-12-26 17:43:05,720 [main] INFO  ipc.Server (Server.java:<init>(1287)) - Listener at 0.0.0.0:15179
2023-12-26 17:43:05,721 [Socket Reader #1 for port 15179] INFO  ipc.Server (Server.java:run(1323)) - Starting Socket Reader #1 for port 15179
2023-12-26 17:43:05,722 [main] INFO  ipc.CallQueueManager (CallQueueManager.java:<init>(90)) - Using callQueue: class java.util.concurrent.LinkedBlockingQueue, queueCapacity: 2000, scheduler: class org.apache.hadoop.ipc.DefaultRpcScheduler, ipcBackoff: false.
2023-12-26 17:43:05,722 [main] INFO  ipc.Server (Server.java:<init>(1287)) - Listener at 0.0.0.0:15178
2023-12-26 17:43:05,722 [Socket Reader #1 for port 15178] INFO  ipc.Server (Server.java:run(1323)) - Starting Socket Reader #1 for port 15178
2023-12-26 17:43:05,725 [main] INFO  ha.SCMServiceManager (SCMServiceManager.java:register(42)) - Registering service ContainerBalancer.
2023-12-26 17:43:05,725 [main] INFO  server.StorageContainerManager (StorageContainerManager.java:<init>(451)) - 
Container Balancer status:
Key                            Value
Running                        false
Container Balancer Configuration values:
Key                                                Value
Threshold                                          10
Max Datanodes to Involve per Iteration(percent)    20
Max Size to Move per Iteration                     500GB
Max Size Entering Target per Iteration             26GB
Max Size Leaving Source per Iteration              26GB
Number of Iterations                               10
Time Limit for Single Container's Movement         65min
Time Limit for Single Container's Replication      50min
Interval between each Iteration                    70min
Whether to Enable Network Topology                 false
Whether to Trigger Refresh Datanode Usage Info     false
Container IDs to Exclude from Balancing            None
Datanodes Specified to be Balanced                 None
Datanodes Excluded from Balancing                  None

2023-12-26 17:43:05,725 [main] INFO  ha.SCMContext (SCMContext.java:updateSafeModeStatus(230)) - Update SafeModeStatus from SafeModeStatus{safeModeStatus=true, preCheckPassed=false} to SafeModeStatus{safeModeStatus=true, preCheckPassed=false}.
2023-12-26 17:43:05,726 [main] INFO  server.StorageContainerManager (StorageContainerManager.java:start(1519)) - StorageContainerLocationProtocol RPC server is listening at /0.0.0.0:15178
2023-12-26 17:43:05,727 [main] WARN  impl.MetricsConfig (MetricsConfig.java:loadFirst(136)) - Cannot locate configuration: tried hadoop-metrics2-storagecontainermanager.properties,hadoop-metrics2.properties
2023-12-26 17:43:05,728 [main] INFO  impl.MetricsSystemImpl (MetricsSystemImpl.java:startTimer(378)) - Scheduled Metric snapshot period at 10 second(s).
2023-12-26 17:43:05,728 [main] INFO  impl.MetricsSystemImpl (MetricsSystemImpl.java:start(191)) - StorageContainerManager metrics system started
2023-12-26 17:43:05,735 [main] INFO  impl.MetricsSinkAdapter (MetricsSinkAdapter.java:start(204)) - Sink prometheus started
2023-12-26 17:43:05,735 [main] INFO  impl.MetricsSystemImpl (MetricsSystemImpl.java:registerSink(305)) - Registered sink prometheus
2023-12-26 17:43:05,748 [main] INFO  server.SCMClientProtocolServer (SCMClientProtocolServer.java:start(201)) - RPC server for Client  is listening at /0.0.0.0:15178
2023-12-26 17:43:05,753 [IPC Server Responder] INFO  ipc.Server (Server.java:run(1562)) - IPC Server Responder: starting
2023-12-26 17:43:05,756 [IPC Server listener on 15178] INFO  ipc.Server (Server.java:run(1402)) - IPC Server listener on 15178: starting
2023-12-26 17:43:05,765 [main] INFO  server.StorageContainerManager (StorageContainerManager.java:start(1532)) - ScmBlockLocationProtocol RPC server is listening at /0.0.0.0:15179
2023-12-26 17:43:05,766 [main] INFO  server.SCMBlockProtocolServer (SCMBlockProtocolServer.java:start(159)) - RPC server for Block Protocol is listening at /0.0.0.0:15179
2023-12-26 17:43:05,766 [IPC Server Responder] INFO  ipc.Server (Server.java:run(1562)) - IPC Server Responder: starting
2023-12-26 17:43:05,766 [IPC Server listener on 15179] INFO  ipc.Server (Server.java:run(1402)) - IPC Server listener on 15179: starting
2023-12-26 17:43:05,776 [main] INFO  server.SCMDatanodeProtocolServer (SCMDatanodeProtocolServer.java:start(193)) - ScmDatanodeProtocol RPC server for DataNodes is listening at /0.0.0.0:15180
2023-12-26 17:43:05,777 [IPC Server Responder] INFO  ipc.Server (Server.java:run(1562)) - IPC Server Responder: starting
2023-12-26 17:43:05,777 [IPC Server listener on 15180] INFO  ipc.Server (Server.java:run(1402)) - IPC Server listener on 15180: starting
2023-12-26 17:43:05,778 [JvmPauseMonitor22] INFO  util.JvmPauseMonitor (JvmPauseMonitor.java:run(146)) - JvmPauseMonitor-36783edc-4272-4f0b-8b41-c3565b80bcf9: Started
2023-12-26 17:43:05,785 [main] INFO  http.BaseHttpServer (BaseHttpServer.java:newHttpServer2BuilderForOzone(223)) - Starting Web-server for scm at: http://0.0.0.0:15181
2023-12-26 17:43:05,785 [main] INFO  http.BaseHttpServer (BaseHttpServer.java:<init>(110)) - Hadoop Security Enabled: false Ozone Security Enabled: false Ozone HTTP Security Enabled: false 
2023-12-26 17:43:05,786 [main] WARN  server.AuthenticationFilter (AuthenticationFilter.java:constructSecretProvider(240)) - Unable to initialize FileSignerSecretProvider, falling back to use random secrets. Reason: Could not read signature secret file: /home/runner/hadoop-http-auth-signature-secret
2023-12-26 17:43:05,787 [main] INFO  http.HttpRequestLog (HttpRequestLog.java:getRequestLog(86)) - Http request log for http.requests.scm is not defined
2023-12-26 17:43:05,788 [main] INFO  http.HttpServer2 (HttpServer2.java:addGlobalFilter(1036)) - Added global filter 'safety' (class=org.apache.hadoop.hdds.server.http.HttpServer2$QuotingInputFilter)
2023-12-26 17:43:05,788 [main] INFO  http.HttpServer2 (HttpServer2.java:addFilter(1012)) - Added filter static_user_filter (class=org.apache.hadoop.http.lib.StaticUserWebFilter$StaticUserFilter) to context scm
2023-12-26 17:43:05,788 [main] INFO  http.HttpServer2 (HttpServer2.java:addFilter(1020)) - Added filter static_user_filter (class=org.apache.hadoop.http.lib.StaticUserWebFilter$StaticUserFilter) to context static
2023-12-26 17:43:05,788 [main] INFO  http.HttpServer2 (HttpServer2.java:addFilter(1020)) - Added filter static_user_filter (class=org.apache.hadoop.http.lib.StaticUserWebFilter$StaticUserFilter) to context logs
2023-12-26 17:43:05,790 [main] INFO  http.BaseHttpServer (BaseHttpServer.java:<init>(189)) - HTTP server of scm uses base directory /home/runner/work/ozone/ozone/hadoop-ozone/integration-test/target/test-dir/MiniOzoneClusterImpl-a136b03b-8403-429e-9870-8bf85e606ef3/ozone-meta/webserver
2023-12-26 17:43:05,790 [main] INFO  http.HttpServer2 (HttpServer2.java:bindListener(1236)) - Jetty bound to port 15181
2023-12-26 17:43:05,790 [main] INFO  server.Server (Server.java:doStart(375)) - jetty-9.4.53.v20231009; built: 2023-10-09T12:29:09.265Z; git: 27bde00a0b95a1d5bbee0eae7984f891d2d0f8c9; jvm 1.8.0_392-b08
2023-12-26 17:43:05,791 [main] INFO  server.session (DefaultSessionIdManager.java:doStart(334)) - DefaultSessionIdManager workerName=node0
2023-12-26 17:43:05,791 [main] INFO  server.session (DefaultSessionIdManager.java:doStart(339)) - No SessionScavenger set, using defaults
2023-12-26 17:43:05,791 [main] INFO  server.session (HouseKeeper.java:startScavenging(132)) - node0 Scavenging every 600000ms
2023-12-26 17:43:05,792 [main] INFO  handler.ContextHandler (ContextHandler.java:doStart(921)) - Started o.e.j.s.ServletContextHandler@113ebc60{logs,/logs,file:///home/runner/work/ozone/ozone/hadoop-ozone/integration-test/target/log,AVAILABLE}
2023-12-26 17:43:05,792 [main] INFO  handler.ContextHandler (ContextHandler.java:doStart(921)) - Started o.e.j.s.ServletContextHandler@ef7156f{static,/static,file:///home/runner/work/ozone/ozone/hadoop-ozone/integration-test/target/test-classes/webapps/static,AVAILABLE}
2023-12-26 17:43:05,795 [main] INFO  handler.ContextHandler (ContextHandler.java:doStart(921)) - Started o.e.j.w.WebAppContext@54b5f6b6{scm,/,file:///home/runner/work/ozone/ozone/hadoop-ozone/integration-test/target/test-classes/webapps/scm/,AVAILABLE}{file:/home/runner/work/ozone/ozone/hadoop-ozone/integration-test/target/test-classes/webapps/scm}
2023-12-26 17:43:05,795 [main] INFO  server.AbstractConnector (AbstractConnector.java:doStart(333)) - Started ServerConnector@4210168{HTTP/1.1, (http/1.1)}{0.0.0.0:15181}
2023-12-26 17:43:05,795 [main] INFO  server.Server (Server.java:doStart(415)) - Started @83448ms
2023-12-26 17:43:05,796 [main] WARN  impl.MetricsSystemImpl (MetricsSystemImpl.java:register(279)) - Sink prometheus already exists!
2023-12-26 17:43:05,796 [main] INFO  http.BaseHttpServer (BaseHttpServer.java:updateConnectorAddress(354)) - HTTP server of scm listening at http://0.0.0.0:15181
2023-12-26 17:43:05,796 [main] WARN  server.ServerUtils (ServerUtils.java:getDBPath(311)) - ozone.om.db.dirs is not configured. We recommend adding this setting. Falling back to ozone.metadata.dirs instead.
2023-12-26 17:43:05,798 [main] INFO  ha.OMHANodeDetails (OMHANodeDetails.java:loadOMHAConfig(115)) - ozone.om.internal.service.id is not defined, falling back to ozone.om.service.ids to find serviceID for OzoneManager if it is HA enabled cluster
2023-12-26 17:43:05,798 [main] INFO  ha.OMHANodeDetails (OMHANodeDetails.java:loadOMHAConfig(226)) - Configuration does not have ozone.om.address set. Falling back to the default OM address /127.0.0.1:15182
2023-12-26 17:43:05,798 [main] INFO  ha.OMHANodeDetails (OMHANodeDetails.java:getOMNodeDetailsForNonHA(254)) - OM Service ID is not set. Setting it to the default ID: omServiceIdDefault
2023-12-26 17:43:05,798 [main] INFO  ha.OMHANodeDetails (OMHANodeDetails.java:getOMNodeDetailsForNonHA(261)) - OM Node ID is not set. Setting it to the default ID: om1
2023-12-26 17:43:05,799 [main] WARN  server.ServerUtils (ServerUtils.java:getDBPath(311)) - ozone.om.db.dirs is not configured. We recommend adding this setting. Falling back to ozone.metadata.dirs instead.
2023-12-26 17:43:05,800 [main] INFO  upgrade.AbstractLayoutVersionManager (AbstractLayoutVersionManager.java:init(83)) - Initializing Layout version manager with metadata layout = QUOTA (version = 6), software layout = QUOTA (version = 6)
2023-12-26 17:43:05,840 [main] INFO  reflections.Reflections (Reflections.java:scan(232)) - Reflections took 39 ms to scan 2 urls, producing 189 keys and 524 values [using 4 cores]
2023-12-26 17:43:05,841 [main] INFO  upgrade.OMLayoutVersionManager (OMLayoutVersionManager.java:lambda$0(115)) - Skipping Upgrade Action QuotaRepairUpgradeAction since it has been finalized.
2023-12-26 17:43:05,841 [main] INFO  upgrade.OMLayoutVersionManager (OMLayoutVersionManager.java:lambda$0(115)) - Skipping Upgrade Action MockOmUpgradeAction since it has been finalized.
2023-12-26 17:43:05,841 [main] WARN  server.ServerUtils (ServerUtils.java:getDBPath(311)) - ozone.om.db.dirs is not configured. We recommend adding this setting. Falling back to ozone.metadata.dirs instead.
2023-12-26 17:43:05,842 [main] INFO  proxy.SCMBlockLocationFailoverProxyProvider (SCMBlockLocationFailoverProxyProvider.java:<init>(115)) - Created block location fail-over proxy with 1 nodes: [nodeId=scmNodeId,nodeAddress=/0.0.0.0:15179]
2023-12-26 17:43:05,843 [main] INFO  proxy.SCMBlockLocationFailoverProxyProvider (SCMBlockLocationFailoverProxyProvider.java:<init>(115)) - Created block location fail-over proxy with 1 nodes: [nodeId=scmNodeId,nodeAddress=/0.0.0.0:15179]
2023-12-26 17:43:05,851 [main] INFO  om.OzoneManager (OzoneManager.java:<init>(675)) - OM start with adminUsers: [runner]
2023-12-26 17:43:05,852 [main] WARN  server.ServerUtils (ServerUtils.java:getDBPath(311)) - ozone.om.db.dirs is not configured. We recommend adding this setting. Falling back to ozone.metadata.dirs instead.
2023-12-26 17:43:05,853 [main] INFO  helpers.OmKeyInfo (OmKeyInfo.java:getCodec(71)) - OmKeyInfo.getCodec ignorePipeline = true
2023-12-26 17:43:06,008 [main] INFO  om.OzoneManager (OzoneManager.java:instantiateServices(807)) - S3 Multi-Tenancy is disabled
2023-12-26 17:43:06,008 [main] INFO  om.OmSnapshotManager (OmSnapshotManager.java:<init>(176)) - Ozone filesystem snapshot feature is enabled.
2023-12-26 17:43:06,008 [main] WARN  server.ServerUtils (ServerUtils.java:getDBPath(311)) - ozone.om.snapshot.diff.db.dir is not configured. We recommend adding this setting. Falling back to ozone.metadata.dirs instead.
2023-12-26 17:43:06,026 [main] INFO  utils.NativeLibraryLoader (NativeLibraryLoader.java:loadLibrary(108)) - Loading Library: ozone_rocksdb_tools
2023-12-26 17:43:06,026 [main] INFO  snapshot.SnapshotDiffManager (SnapshotDiffManager.java:closeExecutorService(1688)) - Shutting down executorService: 'SstDumpToolExecutor'
2023-12-26 17:43:06,028 [main] INFO  om.OzoneManager (OzoneManager.java:addS3GVolumeToDB(4451)) - Created Volume s3v With Owner runner required for S3Gateway operations.
2023-12-26 17:43:06,028 [main] WARN  server.ServerUtils (ServerUtils.java:getDefaultRatisDirectory(323)) - Storage directory for Ratis is not configured. It is a good idea to map this to an SSD disk. Falling back to ozone.metadata.dirs
2023-12-26 17:43:06,029 [main] WARN  utils.OzoneManagerRatisUtils (OzoneManagerRatisUtils.java:getOMRatisSnapshotDirectory(473)) - ozone.om.ratis.snapshot.dir is not configured. Falling back to ozone.metadata.dirs config
2023-12-26 17:43:06,029 [main] WARN  server.ServerUtils (ServerUtils.java:getDefaultRatisDirectory(323)) - Storage directory for Ratis is not configured. It is a good idea to map this to an SSD disk. Falling back to ozone.metadata.dirs
2023-12-26 17:43:06,030 [main] INFO  ratis.OzoneManagerRatisServer (OzoneManagerRatisServer.java:<init>(168)) - Instantiating OM Ratis server with groupID: omServiceIdDefault and peers: localhost:15185
2023-12-26 17:43:06,031 [main] INFO  ratis.OzoneManagerStateMachine (OzoneManagerStateMachine.java:loadSnapshotInfoFromDB(701)) - TransactionInfo not found in OM DB.
2023-12-26 17:43:06,031 [main] INFO  server.RaftServer (ConfUtils.java:logGet(46)) - raft.rpc.type = GRPC (default)
2023-12-26 17:43:06,031 [main] INFO  grpc.GrpcConfigKeys (ConfUtils.java:logFallback(53)) - raft.grpc.admin.host = null (fallback to raft.grpc.server.host)
2023-12-26 17:43:06,031 [main] INFO  grpc.GrpcConfigKeys (ConfUtils.java:logFallback(53)) - raft.grpc.admin.port = 15185 (fallback to raft.grpc.server.port)
2023-12-26 17:43:06,031 [main] INFO  grpc.GrpcConfigKeys (ConfUtils.java:logFallback(53)) - raft.grpc.client.host = null (fallback to raft.grpc.server.host)
2023-12-26 17:43:06,032 [main] INFO  grpc.GrpcConfigKeys (ConfUtils.java:logFallback(53)) - raft.grpc.client.port = 15185 (fallback to raft.grpc.server.port)
2023-12-26 17:43:06,032 [main] INFO  grpc.GrpcConfigKeys (ConfUtils.java:logGet(46)) - raft.grpc.server.host = null (default)
2023-12-26 17:43:06,032 [main] INFO  grpc.GrpcConfigKeys (ConfUtils.java:logGet(46)) - raft.grpc.server.port = 15185 (custom)
2023-12-26 17:43:06,032 [main] INFO  server.GrpcService (ConfUtils.java:logGet(46)) - raft.grpc.message.size.max = 4194304 (custom)
2023-12-26 17:43:06,032 [main] INFO  server.RaftServerConfigKeys (ConfUtils.java:logGet(46)) - raft.server.log.appender.buffer.byte-limit = 4194304 (custom)
2023-12-26 17:43:06,032 [main] INFO  server.GrpcService (ConfUtils.java:logGet(46)) - raft.grpc.flow.control.window = 1MB (=1048576) (default)
2023-12-26 17:43:06,032 [main] INFO  server.RaftServerConfigKeys (ConfUtils.java:logGet(46)) - raft.server.rpc.request.timeout = 3000ms (default)
2023-12-26 17:43:06,033 [main] INFO  grpc.GrpcConfigKeys (ConfUtils.java:logGet(46)) - raft.grpc.server.heartbeat.channel = true (default)
2023-12-26 17:43:06,033 [main] INFO  grpc.GrpcConfigKeys (ConfUtils.java:logGet(46)) - raft.grpc.server.async.request.thread.pool.cached = true (default)
2023-12-26 17:43:06,033 [main] INFO  grpc.GrpcConfigKeys (ConfUtils.java:logGet(46)) - raft.grpc.server.async.request.thread.pool.size = 32 (default)
2023-12-26 17:43:06,034 [main] INFO  impl.DataStreamServerImpl (ConfUtils.java:logGet(46)) - raft.datastream.type = DISABLED (default)
2023-12-26 17:43:06,034 [main] INFO  server.RaftServerConfigKeys (ConfUtils.java:logGet(46)) - raft.server.sleep.deviation.threshold = 300ms (default)
2023-12-26 17:43:06,034 [main] INFO  server.RaftServerConfigKeys (ConfUtils.java:logGet(46)) - raft.server.close.threshold = 60s (default)
2023-12-26 17:43:06,034 [main] INFO  server.RaftServerConfigKeys (ConfUtils.java:logGet(46)) - raft.server.leaderelection.leader.step-down.wait-time = 10s (default)
2023-12-26 17:43:06,035 [main] INFO  server.RaftServerConfigKeys (ConfUtils.java:logGet(46)) - raft.server.storage.dir = [/home/runner/work/ozone/ozone/hadoop-ozone/integration-test/target/test-dir/MiniOzoneClusterImpl-a136b03b-8403-429e-9870-8bf85e606ef3/ozone-meta/ratis] (custom)
2023-12-26 17:43:06,035 [main] INFO  server.RaftServerConfigKeys (ConfUtils.java:logGet(46)) - raft.server.threadpool.proxy.cached = true (default)
2023-12-26 17:43:06,035 [main] INFO  server.RaftServerConfigKeys (ConfUtils.java:logGet(46)) - raft.server.threadpool.proxy.size = 0 (default)
2023-12-26 17:43:06,035 [main] INFO  server.RaftServer (RaftServerProxy.java:addNew(100)) - om1: addNew group-C5BA1605619E:[om1|localhost:15185] returns group-C5BA1605619E:java.util.concurrent.CompletableFuture@1f6a8568[Not completed]
2023-12-26 17:43:06,035 [main] INFO  om.OzoneManager (OzoneManager.java:initializeRatisServer(2143)) - OzoneManager Ratis server initialized at port 15185
2023-12-26 17:43:06,035 [om1-groupManagement] INFO  server.RaftServer$Division (RaftServerImpl.java:<init>(256)) - om1: new RaftServerImpl for group-C5BA1605619E:[om1|localhost:15185] with OzoneManagerStateMachine:uninitialized
2023-12-26 17:43:06,036 [main] INFO  om.OzoneManager (OzoneManager.java:getRpcServer(1209)) - Creating RPC Server
2023-12-26 17:43:06,036 [om1-groupManagement] INFO  server.RaftServerConfigKeys (ConfUtils.java:logGet(46)) - raft.server.rpc.timeout.min = 1s (custom)
2023-12-26 17:43:06,036 [om1-groupManagement] INFO  server.RaftServerConfigKeys (ConfUtils.java:logGet(46)) - raft.server.rpc.timeout.max = 1200ms (custom)
2023-12-26 17:43:06,036 [om1-groupManagement] INFO  server.RaftServerConfigKeys (ConfUtils.java:logGet(46)) - raft.server.rpc.sleep.time = 25ms (default)
2023-12-26 17:43:06,036 [om1-groupManagement] INFO  server.RaftServerConfigKeys (ConfUtils.java:logGet(46)) - raft.server.rpc.slowness.timeout = 120s (custom)
2023-12-26 17:43:06,036 [om1-groupManagement] INFO  server.RaftServerConfigKeys (ConfUtils.java:logGet(46)) - raft.server.leaderelection.leader.step-down.wait-time = 10s (default)
2023-12-26 17:43:06,036 [om1-groupManagement] INFO  server.RaftServerConfigKeys (ConfUtils.java:logGet(46)) - raft.server.leaderelection.member.majority-add = false (default)
2023-12-26 17:43:06,036 [om1-groupManagement] INFO  server.RaftServerConfigKeys (ConfUtils.java:logGet(46)) - raft.server.sleep.deviation.threshold = 300ms (default)
2023-12-26 17:43:06,036 [om1-groupManagement] INFO  server.RaftServer$Division (ServerState.java:<init>(113)) - om1@group-C5BA1605619E: ConfigurationManager, init=-1: peers:[om1|localhost:15185]|listeners:[], old=null, confs=<EMPTY_MAP>
2023-12-26 17:43:06,036 [om1-groupManagement] INFO  server.RaftServerConfigKeys (ConfUtils.java:logGet(46)) - raft.server.notification.no-leader.timeout = 120s (custom)
2023-12-26 17:43:06,036 [om1-groupManagement] INFO  server.RaftServerConfigKeys (ConfUtils.java:logGet(46)) - raft.server.read.timeout = 10s (default)
2023-12-26 17:43:06,036 [om1-groupManagement] INFO  server.RaftServerConfigKeys (ConfUtils.java:logGet(46)) - raft.server.retrycache.expirytime = 300s (custom)
2023-12-26 17:43:06,036 [om1-groupManagement] INFO  server.RaftServerConfigKeys (ConfUtils.java:logGet(46)) - raft.server.retrycache.statistics.expirytime = 100ms (default)
2023-12-26 17:43:06,037 [om1-groupManagement] INFO  server.RaftServerConfigKeys (ConfUtils.java:logGet(46)) - raft.server.read.option = DEFAULT (default)
2023-12-26 17:43:06,037 [om1-groupManagement] INFO  server.RaftServerConfigKeys (ConfUtils.java:logGet(46)) - raft.server.read.read-after-write-consistent.write-index-cache.expiry-time = 60s (default)
2023-12-26 17:43:06,037 [om1-groupManagement] INFO  server.RaftServerConfigKeys (ConfUtils.java:logGet(46)) - raft.server.rpc.request.timeout = 3000ms (default)
2023-12-26 17:43:06,038 [om1-groupManagement] INFO  server.RaftServerConfigKeys (ConfUtils.java:logGet(46)) - raft.server.log.appender.install.snapshot.enabled = false (custom)
2023-12-26 17:43:06,038 [om1-groupManagement] INFO  server.RaftServerConfigKeys (ConfUtils.java:logGet(46)) - raft.server.threadpool.server.cached = true (default)
2023-12-26 17:43:06,038 [om1-groupManagement] INFO  server.RaftServerConfigKeys (ConfUtils.java:logGet(46)) - raft.server.threadpool.server.size = 0 (default)
2023-12-26 17:43:06,038 [om1-groupManagement] INFO  server.RaftServerConfigKeys (ConfUtils.java:logGet(46)) - raft.server.threadpool.client.cached = true (default)
2023-12-26 17:43:06,038 [om1-groupManagement] INFO  server.RaftServerConfigKeys (ConfUtils.java:logGet(46)) - raft.server.threadpool.client.size = 0 (default)
2023-12-26 17:43:06,227 [main] INFO  reflections.Reflections (Reflections.java:scan(232)) - Reflections took 190 ms to scan 20 urls, producing 72 keys and 6207 values [using 4 cores]
2023-12-26 17:43:06,228 [main] INFO  ipc.CallQueueManager (CallQueueManager.java:<init>(90)) - Using callQueue: class java.util.concurrent.LinkedBlockingQueue, queueCapacity: 2000, scheduler: class org.apache.hadoop.ipc.DefaultRpcScheduler, ipcBackoff: false.
2023-12-26 17:43:06,228 [main] INFO  ipc.Server (Server.java:<init>(1287)) - Listener at 127.0.0.1:15182
2023-12-26 17:43:06,229 [Socket Reader #1 for port 15182] INFO  ipc.Server (Server.java:run(1323)) - Starting Socket Reader #1 for port 15182
2023-12-26 17:43:06,243 [main] INFO  impl.MetricsSystemImpl (MetricsSystemImpl.java:init(158)) - OzoneManager metrics system started (again)
2023-12-26 17:43:06,251 [main] INFO  om.OzoneManager (OzoneManager.java:start(1631)) - OzoneManager RPC server is listening at localhost/127.0.0.1:15182
2023-12-26 17:43:06,252 [main] INFO  ratis.OzoneManagerRatisServer (OzoneManagerRatisServer.java:start(585)) - Starting OzoneManagerRatisServer om1 at port 15185
2023-12-26 17:43:06,252 [om1-impl-thread1] INFO  server.RaftServerConfigKeys (ConfUtils.java:logGet(46)) - raft.server.storage.free-space.min = 0MB (=0) (default)
2023-12-26 17:43:06,252 [om1-impl-thread1] INFO  server.RaftServerConfigKeys (ConfUtils.java:logGet(46)) - raft.server.log.corruption.policy = EXCEPTION (default)
2023-12-26 17:43:06,252 [om1-impl-thread1] INFO  server.RaftServerConfigKeys (ConfUtils.java:logGet(46)) - raft.server.storage.dir = [/home/runner/work/ozone/ozone/hadoop-ozone/integration-test/target/test-dir/MiniOzoneClusterImpl-a136b03b-8403-429e-9870-8bf85e606ef3/ozone-meta/ratis] (custom)
2023-12-26 17:43:06,252 [om1-impl-thread1] INFO  storage.RaftStorageDirectory (RaftStorageDirectoryImpl.java:analyzeStorage(138)) - The storage directory /home/runner/work/ozone/ozone/hadoop-ozone/integration-test/target/test-dir/MiniOzoneClusterImpl-a136b03b-8403-429e-9870-8bf85e606ef3/ozone-meta/ratis/bf265839-605b-3f16-9796-c5ba1605619e does not exist. Creating ...
2023-12-26 17:43:06,253 [om1-impl-thread1] INFO  storage.RaftStorageDirectory (RaftStorageDirectoryImpl.java:tryLock(232)) - Lock on /home/runner/work/ozone/ozone/hadoop-ozone/integration-test/target/test-dir/MiniOzoneClusterImpl-a136b03b-8403-429e-9870-8bf85e606ef3/ozone-meta/ratis/bf265839-605b-3f16-9796-c5ba1605619e/in_use.lock acquired by nodename 85971@fv-az1381-115
2023-12-26 17:43:06,254 [om1-impl-thread1] INFO  storage.RaftStorage (RaftStorageImpl.java:format(97)) - Storage directory /home/runner/work/ozone/ozone/hadoop-ozone/integration-test/target/test-dir/MiniOzoneClusterImpl-a136b03b-8403-429e-9870-8bf85e606ef3/ozone-meta/ratis/bf265839-605b-3f16-9796-c5ba1605619e has been successfully formatted.
2023-12-26 17:43:06,255 [om1-impl-thread1] INFO  server.RaftServerConfigKeys (ConfUtils.java:logGet(46)) - raft.server.log.use.memory = false (default)
2023-12-26 17:43:06,255 [om1-impl-thread1] INFO  server.RaftServerConfigKeys (ConfUtils.java:logGet(46)) - raft.server.log.purge.gap = 1000000 (custom)
2023-12-26 17:43:06,255 [om1-impl-thread1] INFO  server.RaftServerConfigKeys (ConfUtils.java:logGet(46)) - raft.server.log.appender.buffer.byte-limit = 4194304 (custom)
2023-12-26 17:43:06,255 [om1-impl-thread1] INFO  server.RaftServerConfigKeys (ConfUtils.java:logGet(46)) - raft.server.log.statemachine.data.read.timeout = 1000ms (default)
2023-12-26 17:43:06,255 [om1-impl-thread1] INFO  server.RaftServerConfigKeys (ConfUtils.java:logGet(46)) - raft.server.log.purge.preservation.log.num = 0 (default)
2023-12-26 17:43:06,255 [om1-impl-thread1] INFO  server.RaftServerConfigKeys (ConfUtils.java:logGet(46)) - raft.server.log.segment.size.max = 4194304 (custom)
2023-12-26 17:43:06,255 [om1-impl-thread1] INFO  server.RaftServerConfigKeys (ConfUtils.java:logGet(46)) - raft.server.log.segment.cache.num.max = 2 (custom)
2023-12-26 17:43:06,255 [om1-impl-thread1] INFO  server.RaftServerConfigKeys (ConfUtils.java:logGet(46)) - raft.server.log.segment.cache.size.max = 200MB (=209715200) (default)
2023-12-26 17:43:06,255 [om1-impl-thread1] INFO  server.RaftServerConfigKeys (ConfUtils.java:logGet(46)) - raft.server.log.appender.buffer.byte-limit = 4194304 (custom)
2023-12-26 17:43:06,256 [om1-impl-thread1] INFO  util.AwaitToRun (AwaitToRun.java:start(81)) - Thread[om1@group-C5BA1605619E-cacheEviction-AwaitToRun,5,main] started
2023-12-26 17:43:06,256 [om1-impl-thread1] INFO  segmented.SegmentedRaftLogWorker (SegmentedRaftLogWorker.java:<init>(184)) - new om1@group-C5BA1605619E-SegmentedRaftLogWorker for RaftStorageImpl:Storage Directory /home/runner/work/ozone/ozone/hadoop-ozone/integration-test/target/test-dir/MiniOzoneClusterImpl-a136b03b-8403-429e-9870-8bf85e606ef3/ozone-meta/ratis/bf265839-605b-3f16-9796-c5ba1605619e
2023-12-26 17:43:06,256 [om1-impl-thread1] INFO  server.RaftServerConfigKeys (ConfUtils.java:logGet(46)) - raft.server.log.queue.byte-limit = 64MB (=67108864) (default)
2023-12-26 17:43:06,256 [om1-impl-thread1] INFO  server.RaftServerConfigKeys (ConfUtils.java:logGet(46)) - raft.server.log.queue.element-limit = 4096 (default)
2023-12-26 17:43:06,256 [om1-impl-thread1] INFO  server.RaftServerConfigKeys (ConfUtils.java:logGet(46)) - raft.server.log.segment.size.max = 4194304 (custom)
2023-12-26 17:43:06,256 [om1-impl-thread1] INFO  server.RaftServerConfigKeys (ConfUtils.java:logGet(46)) - raft.server.log.preallocated.size = 4194304 (custom)
2023-12-26 17:43:06,256 [om1-impl-thread1] INFO  server.RaftServerConfigKeys (ConfUtils.java:logGet(46)) - raft.server.log.force.sync.num = 128 (default)
2023-12-26 17:43:06,256 [om1-impl-thread1] INFO  server.RaftServerConfigKeys (ConfUtils.java:logGet(46)) - raft.server.log.statemachine.data.sync = true (default)
2023-12-26 17:43:06,256 [om1-impl-thread1] INFO  server.RaftServerConfigKeys (ConfUtils.java:logGet(46)) - raft.server.log.statemachine.data.sync.timeout = 10s (default)
2023-12-26 17:43:06,256 [om1-impl-thread1] INFO  server.RaftServerConfigKeys (ConfUtils.java:logGet(46)) - raft.server.log.statemachine.data.sync.timeout.retry = -1 (default)
2023-12-26 17:43:06,256 [om1-impl-thread1] INFO  server.RaftServerConfigKeys (ConfUtils.java:logGet(46)) - raft.server.log.write.buffer.size = 4194312 (custom)
2023-12-26 17:43:06,257 [om1-impl-thread1] INFO  server.RaftServerConfigKeys (ConfUtils.java:logGet(46)) - raft.server.log.appender.buffer.byte-limit = 4194304 (custom)
2023-12-26 17:43:06,257 [om1-impl-thread1] INFO  server.RaftServerConfigKeys (ConfUtils.java:logGet(46)) - raft.server.log.unsafe-flush.enabled = false (default)
2023-12-26 17:43:06,257 [om1-impl-thread1] INFO  server.RaftServerConfigKeys (ConfUtils.java:logGet(46)) - raft.server.log.async-flush.enabled = false (default)
2023-12-26 17:43:06,257 [om1-impl-thread1] INFO  server.RaftServerConfigKeys (ConfUtils.java:logGet(46)) - raft.server.log.statemachine.data.caching.enabled = false (default)
2023-12-26 17:43:06,257 [om1-impl-thread1] INFO  segmented.SegmentedRaftLogWorker (SegmentedRaftLogWorker.java:lambda$new$0(135)) - om1@group-C5BA1605619E-SegmentedRaftLogWorker: flushIndex: setUnconditionally 0 -> -1
2023-12-26 17:43:06,257 [om1-impl-thread1] INFO  segmented.SegmentedRaftLogWorker (SegmentedRaftLogWorker.java:lambda$new$0(135)) - om1@group-C5BA1605619E-SegmentedRaftLogWorker: safeCacheEvictIndex: setUnconditionally 0 -> -1
2023-12-26 17:43:06,258 [om1-impl-thread1] INFO  server.RaftServer$Division (RaftServerImpl.java:start(392)) - om1@group-C5BA1605619E: start as a follower, conf=-1: peers:[om1|localhost:15185]|listeners:[], old=null
2023-12-26 17:43:06,258 [om1-impl-thread1] INFO  server.RaftServer$Division (RaftServerImpl.java:setRole(379)) - om1@group-C5BA1605619E: changes role from      null to FOLLOWER at term 0 for startAsFollower
2023-12-26 17:43:06,258 [om1-impl-thread1] INFO  impl.RoleInfo (RoleInfo.java:updateAndGet(139)) - om1: start om1@group-C5BA1605619E-FollowerState
2023-12-26 17:43:06,258 [om1@group-C5BA1605619E-FollowerState] INFO  server.RaftServerConfigKeys (ConfUtils.java:logFallback(53)) - raft.server.rpc.first-election.timeout.min = 1s (fallback to raft.server.rpc.timeout.min)
2023-12-26 17:43:06,258 [om1@group-C5BA1605619E-FollowerState] INFO  server.RaftServerConfigKeys (ConfUtils.java:logFallback(53)) - raft.server.rpc.first-election.timeout.max = 1200ms (fallback to raft.server.rpc.timeout.max)
2023-12-26 17:43:06,258 [om1-impl-thread1] INFO  util.JmxRegister (JmxRegister.java:tryRegister(44)) - Successfully registered JMX Bean with object name Ratis:service=RaftServer,group=group-C5BA1605619E,id=om1
2023-12-26 17:43:06,258 [om1-impl-thread1] INFO  server.RaftServerConfigKeys (ConfUtils.java:logGet(46)) - raft.server.snapshot.trigger-when-stop.enabled = true (default)
2023-12-26 17:43:06,258 [om1-impl-thread1] INFO  server.RaftServerConfigKeys (ConfUtils.java:logGet(46)) - raft.server.snapshot.auto.trigger.enabled = true (custom)
2023-12-26 17:43:06,259 [om1-impl-thread1] INFO  server.RaftServerConfigKeys (ConfUtils.java:logGet(46)) - raft.server.snapshot.auto.trigger.threshold = 400000 (default)
2023-12-26 17:43:06,259 [om1-impl-thread1] INFO  server.RaftServerConfigKeys (ConfUtils.java:logGet(46)) - raft.server.snapshot.retention.file.num = -1 (default)
2023-12-26 17:43:06,259 [om1-impl-thread1] INFO  server.RaftServerConfigKeys (ConfUtils.java:logGet(46)) - raft.server.log.purge.upto.snapshot.index = true (custom)
2023-12-26 17:43:06,259 [main] INFO  server.RaftServer (RaftServerProxy.java:startImpl(406)) - om1: start RPC server
2023-12-26 17:43:06,260 [main] INFO  server.GrpcService (GrpcService.java:startImpl(302)) - om1: GrpcService started, listening on 15185
2023-12-26 17:43:06,260 [JvmPauseMonitor23] INFO  util.JvmPauseMonitor (JvmPauseMonitor.java:run(146)) - JvmPauseMonitor-om1: Started
2023-12-26 17:43:06,260 [main] INFO  om.OzoneManager (OzoneManager.java:start(1647)) - Version File has different layout version (6) than OM DB (null). That is expected if this OM has never been finalized to a newer layout version.
2023-12-26 17:43:06,263 [main] INFO  http.BaseHttpServer (BaseHttpServer.java:newHttpServer2BuilderForOzone(223)) - Starting Web-server for ozoneManager at: http://0.0.0.0:15183
2023-12-26 17:43:06,263 [main] INFO  http.BaseHttpServer (BaseHttpServer.java:<init>(110)) - Hadoop Security Enabled: false Ozone Security Enabled: false Ozone HTTP Security Enabled: false 
2023-12-26 17:43:06,265 [main] WARN  server.AuthenticationFilter (AuthenticationFilter.java:constructSecretProvider(240)) - Unable to initialize FileSignerSecretProvider, falling back to use random secrets. Reason: Could not read signature secret file: /home/runner/hadoop-http-auth-signature-secret
2023-12-26 17:43:06,266 [main] INFO  http.HttpRequestLog (HttpRequestLog.java:getRequestLog(86)) - Http request log for http.requests.ozoneManager is not defined
2023-12-26 17:43:06,267 [main] INFO  http.HttpServer2 (HttpServer2.java:addGlobalFilter(1036)) - Added global filter 'safety' (class=org.apache.hadoop.hdds.server.http.HttpServer2$QuotingInputFilter)
2023-12-26 17:43:06,267 [main] INFO  http.HttpServer2 (HttpServer2.java:addFilter(1012)) - Added filter static_user_filter (class=org.apache.hadoop.http.lib.StaticUserWebFilter$StaticUserFilter) to context ozoneManager
2023-12-26 17:43:06,268 [main] INFO  http.HttpServer2 (HttpServer2.java:addFilter(1020)) - Added filter static_user_filter (class=org.apache.hadoop.http.lib.StaticUserWebFilter$StaticUserFilter) to context logs
2023-12-26 17:43:06,268 [main] INFO  http.HttpServer2 (HttpServer2.java:addFilter(1020)) - Added filter static_user_filter (class=org.apache.hadoop.http.lib.StaticUserWebFilter$StaticUserFilter) to context static
2023-12-26 17:43:06,268 [main] INFO  http.BaseHttpServer (BaseHttpServer.java:<init>(189)) - HTTP server of ozoneManager uses base directory /home/runner/work/ozone/ozone/hadoop-ozone/integration-test/target/test-dir/MiniOzoneClusterImpl-a136b03b-8403-429e-9870-8bf85e606ef3/ozone-meta/webserver
2023-12-26 17:43:06,269 [main] INFO  http.HttpServer2 (HttpServer2.java:bindListener(1236)) - Jetty bound to port 15183
2023-12-26 17:43:06,269 [main] INFO  server.Server (Server.java:doStart(375)) - jetty-9.4.53.v20231009; built: 2023-10-09T12:29:09.265Z; git: 27bde00a0b95a1d5bbee0eae7984f891d2d0f8c9; jvm 1.8.0_392-b08
2023-12-26 17:43:06,286 [main] INFO  server.session (DefaultSessionIdManager.java:doStart(334)) - DefaultSessionIdManager workerName=node0
2023-12-26 17:43:06,286 [main] INFO  server.session (DefaultSessionIdManager.java:doStart(339)) - No SessionScavenger set, using defaults
2023-12-26 17:43:06,287 [main] INFO  server.session (HouseKeeper.java:startScavenging(132)) - node0 Scavenging every 600000ms
2023-12-26 17:43:06,287 [main] INFO  handler.ContextHandler (ContextHandler.java:doStart(921)) - Started o.e.j.s.ServletContextHandler@5c2cb0be{logs,/logs,file:///home/runner/work/ozone/ozone/hadoop-ozone/integration-test/target/log,AVAILABLE}
2023-12-26 17:43:06,288 [main] INFO  handler.ContextHandler (ContextHandler.java:doStart(921)) - Started o.e.j.s.ServletContextHandler@2ec9d2e{static,/static,file:///home/runner/work/ozone/ozone/hadoop-ozone/integration-test/target/test-classes/webapps/static,AVAILABLE}
2023-12-26 17:43:06,290 [main] INFO  handler.ContextHandler (ContextHandler.java:doStart(921)) - Started o.e.j.w.WebAppContext@148649c9{ozoneManager,/,file:///home/runner/work/ozone/ozone/hadoop-ozone/integration-test/target/test-classes/webapps/ozoneManager/,AVAILABLE}{file:/home/runner/work/ozone/ozone/hadoop-ozone/integration-test/target/test-classes/webapps/ozoneManager}
2023-12-26 17:43:06,291 [main] INFO  server.AbstractConnector (AbstractConnector.java:doStart(333)) - Started ServerConnector@73a100b{HTTP/1.1, (http/1.1)}{0.0.0.0:15183}
2023-12-26 17:43:06,291 [main] INFO  server.Server (Server.java:doStart(415)) - Started @83943ms
2023-12-26 17:43:06,291 [main] WARN  impl.MetricsSystemImpl (MetricsSystemImpl.java:register(279)) - Sink prometheus already exists!
2023-12-26 17:43:06,292 [main] INFO  http.BaseHttpServer (BaseHttpServer.java:updateConnectorAddress(354)) - HTTP server of ozoneManager listening at http://0.0.0.0:15183
2023-12-26 17:43:06,292 [IPC Server Responder] INFO  ipc.Server (Server.java:run(1562)) - IPC Server Responder: starting
2023-12-26 17:43:06,293 [IPC Server listener on 15182] INFO  ipc.Server (Server.java:run(1402)) - IPC Server listener on 15182: starting
2023-12-26 17:43:06,304 [main] INFO  om.OzoneManager (OzoneManager.java:startTrashEmptier(2096)) - Trash Interval set to 0. Files deleted won't move to trash
2023-12-26 17:43:06,324 [main] WARN  dropwizard3.Dm3MetricRegistriesImpl (Dm3MetricRegistriesImpl.java:addReporterRegistration(113)) - New reporters are added after registries were created. Some metrics will be missing from the reporter. Please add reporter before adding any new registry.
2023-12-26 17:43:06,325 [main] WARN  dropwizard3.Dm3MetricRegistriesImpl (Dm3MetricRegistriesImpl.java:addReporterRegistration(113)) - New reporters are added after registries were created. Some metrics will be missing from the reporter. Please add reporter before adding any new registry.
2023-12-26 17:43:06,325 [main] INFO  impl.MetricsSystemImpl (MetricsSystemImpl.java:init(158)) - HddsDatanode metrics system started (again)
2023-12-26 17:43:06,336 [main] INFO  ozone.HddsDatanodeService (HddsDatanodeService.java:start(239)) - HddsDatanodeService host:fv-az1381-115 ip:10.1.0.4
2023-12-26 17:43:06,357 [main] INFO  upgrade.AbstractLayoutVersionManager (AbstractLayoutVersionManager.java:init(83)) - Initializing Layout version manager with metadata layout = HADOOP_PRC_PORTS_IN_DATANODEDETAILS (version = 7), software layout = HADOOP_PRC_PORTS_IN_DATANODEDETAILS (version = 7)
2023-12-26 17:43:06,357 [main] INFO  statemachine.DatanodeStateMachine (DatanodeStateMachine.java:getEndPointTaskThreadPoolSize(299)) - Datanode State Machine Task Thread Pool size 2
2023-12-26 17:43:06,359 [main] ERROR lib.MethodMetric (MethodMetric.java:snapshot(117)) - Error invoking method getCommitted
java.lang.reflect.InvocationTargetException
	at sun.reflect.GeneratedMethodAccessor85.invoke(Unknown Source)
	at sun.reflect.DelegatingMethodAccessorImpl.invoke(DelegatingMethodAccessorImpl.java:43)
	at java.lang.reflect.Method.invoke(Method.java:498)
	at org.apache.hadoop.metrics2.lib.MethodMetric$2.snapshot(MethodMetric.java:111)
	at org.apache.hadoop.metrics2.lib.MethodMetric.snapshot(MethodMetric.java:142)
	at org.apache.hadoop.metrics2.lib.MetricsRegistry.snapshot(MetricsRegistry.java:447)
	at org.apache.hadoop.metrics2.lib.MetricsSourceBuilder$1.getMetrics(MetricsSourceBuilder.java:89)
	at org.apache.hadoop.metrics2.impl.MetricsSourceAdapter.getMetrics(MetricsSourceAdapter.java:200)
	at org.apache.hadoop.metrics2.impl.MetricsSourceAdapter.updateJmxCache(MetricsSourceAdapter.java:183)
	at org.apache.hadoop.metrics2.impl.MetricsSourceAdapter.getMBeanInfo(MetricsSourceAdapter.java:156)
	at com.sun.jmx.interceptor.DefaultMBeanServerInterceptor.getNewMBeanClassName(DefaultMBeanServerInterceptor.java:333)
	at com.sun.jmx.interceptor.DefaultMBeanServerInterceptor.registerMBean(DefaultMBeanServerInterceptor.java:319)
	at com.sun.jmx.mbeanserver.JmxMBeanServer.registerMBean(JmxMBeanServer.java:522)
	at org.apache.hadoop.metrics2.util.MBeans.register(MBeans.java:100)
	at org.apache.hadoop.metrics2.util.MBeans.register(MBeans.java:73)
	at org.apache.hadoop.metrics2.impl.MetricsSourceAdapter.startMBeans(MetricsSourceAdapter.java:222)
	at org.apache.hadoop.metrics2.impl.MetricsSourceAdapter.start(MetricsSourceAdapter.java:101)
	at org.apache.hadoop.metrics2.impl.MetricsSystemImpl.registerSource(MetricsSystemImpl.java:268)
	at org.apache.hadoop.metrics2.impl.MetricsSystemImpl.register(MetricsSystemImpl.java:233)
	at org.apache.hadoop.ozone.container.common.volume.VolumeInfoMetrics.init(VolumeInfoMetrics.java:50)
	at org.apache.hadoop.ozone.container.common.volume.VolumeInfoMetrics.<init>(VolumeInfoMetrics.java:45)
	at org.apache.hadoop.ozone.container.common.volume.HddsVolume.<init>(HddsVolume.java:123)
	at org.apache.hadoop.ozone.container.common.volume.HddsVolume.<init>(HddsVolume.java:71)
	at org.apache.hadoop.ozone.container.common.volume.HddsVolume$Builder.build(HddsVolume.java:111)
	at org.apache.hadoop.ozone.container.common.volume.HddsVolumeFactory.createVolume(HddsVolumeFactory.java:48)
	at org.apache.hadoop.ozone.container.common.volume.MutableVolumeSet.initializeVolumeSet(MutableVolumeSet.java:170)
	at org.apache.hadoop.ozone.container.common.volume.MutableVolumeSet.<init>(MutableVolumeSet.java:132)
	at org.apache.hadoop.ozone.container.common.volume.MutableVolumeSet.<init>(MutableVolumeSet.java:96)
	at org.apache.hadoop.ozone.container.ozoneimpl.OzoneContainer.<init>(OzoneContainer.java:149)
	at org.apache.hadoop.ozone.container.common.statemachine.DatanodeStateMachine.<init>(DatanodeStateMachine.java:186)
	at org.apache.hadoop.ozone.HddsDatanodeService.start(HddsDatanodeService.java:296)
	at org.apache.hadoop.ozone.MiniOzoneClusterImpl.startHddsDatanode(MiniOzoneClusterImpl.java:489)
	at java.util.ArrayList.forEach(ArrayList.java:1259)
	at org.apache.hadoop.ozone.MiniOzoneClusterImpl.startHddsDatanodes(MiniOzoneClusterImpl.java:497)
	at org.apache.hadoop.ozone.MiniOzoneClusterImpl$Builder.build(MiniOzoneClusterImpl.java:627)
	at org.apache.hadoop.ozone.client.rpc.TestWatchForCommit.init(TestWatchForCommit.java:149)
	at sun.reflect.NativeMethodAccessorImpl.invoke0(Native Method)
	at sun.reflect.NativeMethodAccessorImpl.invoke(NativeMethodAccessorImpl.java:62)
	at sun.reflect.DelegatingMethodAccessorImpl.invoke(DelegatingMethodAccessorImpl.java:43)
	at java.lang.reflect.Method.invoke(Method.java:498)
	at org.junit.platform.commons.util.ReflectionUtils.invokeMethod(ReflectionUtils.java:728)
	at org.junit.jupiter.engine.execution.MethodInvocation.proceed(MethodInvocation.java:60)
	at org.junit.jupiter.engine.execution.InvocationInterceptorChain$ValidatingInvocation.proceed(InvocationInterceptorChain.java:131)
	at org.junit.jupiter.engine.extension.TimeoutExtension.intercept(TimeoutExtension.java:156)
	at org.junit.jupiter.engine.extension.TimeoutExtension.interceptLifecycleMethod(TimeoutExtension.java:128)
	at org.junit.jupiter.engine.extension.TimeoutExtension.interceptBeforeEachMethod(TimeoutExtension.java:78)
	at org.junit.jupiter.engine.execution.InterceptingExecutableInvoker$ReflectiveInterceptorCall.lambda$ofVoidMethod$0(InterceptingExecutableInvoker.java:103)
	at org.junit.jupiter.engine.execution.InterceptingExecutableInvoker.lambda$invoke$0(InterceptingExecutableInvoker.java:93)
	at org.junit.jupiter.engine.execution.InvocationInterceptorChain$InterceptedInvocation.proceed(InvocationInterceptorChain.java:106)
	at org.junit.jupiter.engine.execution.InvocationInterceptorChain.proceed(InvocationInterceptorChain.java:64)
	at org.junit.jupiter.engine.execution.InvocationInterceptorChain.chainAndInvoke(InvocationInterceptorChain.java:45)
	at org.junit.jupiter.engine.execution.InvocationInterceptorChain.invoke(InvocationInterceptorChain.java:37)
	at org.junit.jupiter.engine.execution.InterceptingExecutableInvoker.invoke(InterceptingExecutableInvoker.java:92)
	at org.junit.jupiter.engine.execution.InterceptingExecutableInvoker.invoke(InterceptingExecutableInvoker.java:86)
	at org.junit.jupiter.engine.descriptor.ClassBasedTestDescriptor.invokeMethodInExtensionContext(ClassBasedTestDescriptor.java:521)
	at org.junit.jupiter.engine.descriptor.ClassBasedTestDescriptor.lambda$synthesizeBeforeEachMethodAdapter$23(ClassBasedTestDescriptor.java:506)
	at org.junit.jupiter.engine.descriptor.TestMethodTestDescriptor.lambda$invokeBeforeEachMethods$3(TestMethodTestDescriptor.java:175)
	at org.junit.jupiter.engine.descriptor.TestMethodTestDescriptor.lambda$invokeBeforeMethodsOrCallbacksUntilExceptionOccurs$6(TestMethodTestDescriptor.java:203)
	at org.junit.platform.engine.support.hierarchical.ThrowableCollector.execute(ThrowableCollector.java:73)
	at org.junit.jupiter.engine.descriptor.TestMethodTestDescriptor.invokeBeforeMethodsOrCallbacksUntilExceptionOccurs(TestMethodTestDescriptor.java:203)
	at org.junit.jupiter.engine.descriptor.TestMethodTestDescriptor.invokeBeforeEachMethods(TestMethodTestDescriptor.java:172)
	at org.junit.jupiter.engine.descriptor.TestMethodTestDescriptor.execute(TestMethodTestDescriptor.java:135)
	at org.junit.jupiter.engine.descriptor.TestMethodTestDescriptor.execute(TestMethodTestDescriptor.java:69)
	at org.junit.platform.engine.support.hierarchical.NodeTestTask.lambda$executeRecursively$6(NodeTestTask.java:151)
	at org.junit.platform.engine.support.hierarchical.ThrowableCollector.execute(ThrowableCollector.java:73)
	at org.junit.platform.engine.support.hierarchical.NodeTestTask.lambda$executeRecursively$8(NodeTestTask.java:141)
	at org.junit.platform.engine.support.hierarchical.Node.around(Node.java:137)
	at org.junit.platform.engine.support.hierarchical.NodeTestTask.lambda$executeRecursively$9(NodeTestTask.java:139)
	at org.junit.platform.engine.support.hierarchical.ThrowableCollector.execute(ThrowableCollector.java:73)
	at org.junit.platform.engine.support.hierarchical.NodeTestTask.executeRecursively(NodeTestTask.java:138)
	at org.junit.platform.engine.support.hierarchical.NodeTestTask.execute(NodeTestTask.java:95)
	at java.util.ArrayList.forEach(ArrayList.java:1259)
	at org.junit.platform.engine.support.hierarchical.SameThreadHierarchicalTestExecutorService.invokeAll(SameThreadHierarchicalTestExecutorService.java:41)
	at org.junit.platform.engine.support.hierarchical.NodeTestTask.lambda$executeRecursively$6(NodeTestTask.java:155)
	at org.junit.platform.engine.support.hierarchical.ThrowableCollector.execute(ThrowableCollector.java:73)
	at org.junit.platform.engine.support.hierarchical.NodeTestTask.lambda$executeRecursively$8(NodeTestTask.java:141)
	at org.junit.platform.engine.support.hierarchical.Node.around(Node.java:137)
	at org.junit.platform.engine.support.hierarchical.NodeTestTask.lambda$executeRecursively$9(NodeTestTask.java:139)
	at org.junit.platform.engine.support.hierarchical.ThrowableCollector.execute(ThrowableCollector.java:73)
	at org.junit.platform.engine.support.hierarchical.NodeTestTask.executeRecursively(NodeTestTask.java:138)
	at org.junit.platform.engine.support.hierarchical.NodeTestTask.execute(NodeTestTask.java:95)
	at java.util.ArrayList.forEach(ArrayList.java:1259)
	at org.junit.platform.engine.support.hierarchical.SameThreadHierarchicalTestExecutorService.invokeAll(SameThreadHierarchicalTestExecutorService.java:41)
	at org.junit.platform.engine.support.hierarchical.NodeTestTask.lambda$executeRecursively$6(NodeTestTask.java:155)
	at org.junit.platform.engine.support.hierarchical.ThrowableCollector.execute(ThrowableCollector.java:73)
	at org.junit.platform.engine.support.hierarchical.NodeTestTask.lambda$executeRecursively$8(NodeTestTask.java:141)
	at org.junit.platform.engine.support.hierarchical.Node.around(Node.java:137)
	at org.junit.platform.engine.support.hierarchical.NodeTestTask.lambda$executeRecursively$9(NodeTestTask.java:139)
	at org.junit.platform.engine.support.hierarchical.ThrowableCollector.execute(ThrowableCollector.java:73)
	at org.junit.platform.engine.support.hierarchical.NodeTestTask.executeRecursively(NodeTestTask.java:138)
	at org.junit.platform.engine.support.hierarchical.NodeTestTask.execute(NodeTestTask.java:95)
	at org.junit.platform.engine.support.hierarchical.SameThreadHierarchicalTestExecutorService.submit(SameThreadHierarchicalTestExecutorService.java:35)
	at org.junit.platform.engine.support.hierarchical.HierarchicalTestExecutor.execute(HierarchicalTestExecutor.java:57)
	at org.junit.platform.engine.support.hierarchical.HierarchicalTestEngine.execute(HierarchicalTestEngine.java:54)
	at org.junit.platform.launcher.core.EngineExecutionOrchestrator.execute(EngineExecutionOrchestrator.java:198)
	at org.junit.platform.launcher.core.EngineExecutionOrchestrator.execute(EngineExecutionOrchestrator.java:169)
	at org.junit.platform.launcher.core.EngineExecutionOrchestrator.execute(EngineExecutionOrchestrator.java:93)
	at org.junit.platform.launcher.core.EngineExecutionOrchestrator.lambda$execute$0(EngineExecutionOrchestrator.java:58)
	at org.junit.platform.launcher.core.EngineExecutionOrchestrator.withInterceptedStreams(EngineExecutionOrchestrator.java:141)
	at org.junit.platform.launcher.core.EngineExecutionOrchestrator.execute(EngineExecutionOrchestrator.java:57)
	at org.junit.platform.launcher.core.DefaultLauncher.execute(DefaultLauncher.java:103)
	at org.junit.platform.launcher.core.DefaultLauncher.execute(DefaultLauncher.java:85)
	at org.junit.platform.launcher.core.DelegatingLauncher.execute(DelegatingLauncher.java:47)
	at org.apache.maven.surefire.junitplatform.LazyLauncher.execute(LazyLauncher.java:56)
	at org.apache.maven.surefire.junitplatform.JUnitPlatformProvider.execute(JUnitPlatformProvider.java:184)
	at org.apache.maven.surefire.junitplatform.JUnitPlatformProvider.invokeAllTests(JUnitPlatformProvider.java:148)
	at org.apache.maven.surefire.junitplatform.JUnitPlatformProvider.invoke(JUnitPlatformProvider.java:120)
	at org.apache.maven.surefire.booter.ForkedBooter.runSuitesInProcess(ForkedBooter.java:385)
	at org.apache.maven.surefire.booter.ForkedBooter.execute(ForkedBooter.java:162)
	at org.apache.maven.surefire.booter.ForkedBooter.run(ForkedBooter.java:507)
	at org.apache.maven.surefire.booter.ForkedBooter.main(ForkedBooter.java:495)
Caused by: java.lang.NullPointerException
	at org.apache.hadoop.ozone.container.common.volume.HddsVolume.getCommittedBytes(HddsVolume.java:303)
	at org.apache.hadoop.ozone.container.common.volume.VolumeInfoMetrics.getCommitted(VolumeInfoMetrics.java:147)
	... 111 more
2023-12-26 17:43:06,360 [main] INFO  volume.HddsVolume (HddsVolume.java:<init>(126)) - Creating HddsVolume: /home/runner/work/ozone/ozone/hadoop-ozone/integration-test/target/test-dir/MiniOzoneClusterImpl-a136b03b-8403-429e-9870-8bf85e606ef3/datanode-0/data-0/containers/hdds of storage type : DISK capacity : 9223372036854775807
2023-12-26 17:43:06,360 [main] INFO  volume.MutableVolumeSet (MutableVolumeSet.java:initializeVolumeSet(173)) - Added Volume : /home/runner/work/ozone/ozone/hadoop-ozone/integration-test/target/test-dir/MiniOzoneClusterImpl-a136b03b-8403-429e-9870-8bf85e606ef3/datanode-0/data-0/containers/hdds to VolumeSet
2023-12-26 17:43:06,361 [main] INFO  volume.MutableVolumeSet (MutableVolumeSet.java:initializeVolumeSet(173)) - Added Volume : /home/runner/work/ozone/ozone/hadoop-ozone/integration-test/target/test-dir/MiniOzoneClusterImpl-a136b03b-8403-429e-9870-8bf85e606ef3/datanode-0/data/ratis to VolumeSet
2023-12-26 17:43:06,361 [main] INFO  ozoneimpl.OzoneContainer (HddsVolumeUtil.java:loadAllHddsVolumeDbStore(103)) - Load 1 volumes DbStore cost: 0ms
2023-12-26 17:43:06,361 [2600465e-836b-4590-acf2-1a77fd870a2a-ContainerReader-0] INFO  ozoneimpl.ContainerReader (ContainerReader.java:readVolume(178)) - Finish verifying containers on volume /home/runner/work/ozone/ozone/hadoop-ozone/integration-test/target/test-dir/MiniOzoneClusterImpl-a136b03b-8403-429e-9870-8bf85e606ef3/datanode-0/data-0/containers/hdds
2023-12-26 17:43:06,362 [main] INFO  ozoneimpl.OzoneContainer (OzoneContainer.java:buildContainerSet(326)) - Build ContainerSet costs 0s
2023-12-26 17:43:06,363 [main] INFO  server.RaftServer (ConfUtils.java:logGet(46)) - raft.rpc.type = GRPC (default)
2023-12-26 17:43:06,363 [main] INFO  grpc.GrpcConfigKeys (ConfUtils.java:logFallback(53)) - raft.grpc.admin.host = null (fallback to raft.grpc.server.host)
2023-12-26 17:43:06,364 [main] INFO  grpc.GrpcConfigKeys (ConfUtils.java:logGet(46)) - raft.grpc.admin.port = 15191 (custom)
2023-12-26 17:43:06,364 [main] INFO  grpc.GrpcConfigKeys (ConfUtils.java:logFallback(53)) - raft.grpc.client.host = null (fallback to raft.grpc.server.host)
2023-12-26 17:43:06,364 [main] INFO  grpc.GrpcConfigKeys (ConfUtils.java:logGet(46)) - raft.grpc.client.port = 15190 (custom)
2023-12-26 17:43:06,364 [main] INFO  grpc.GrpcConfigKeys (ConfUtils.java:logGet(46)) - raft.grpc.server.host = null (default)
2023-12-26 17:43:06,364 [main] INFO  grpc.GrpcConfigKeys (ConfUtils.java:logGet(46)) - raft.grpc.server.port = 15192 (custom)
2023-12-26 17:43:06,364 [main] INFO  server.GrpcService (ConfUtils.java:logGet(46)) - raft.grpc.message.size.max = 32MB (=33554432) (custom)
2023-12-26 17:43:06,365 [main] INFO  server.RaftServerConfigKeys (ConfUtils.java:logGet(46)) - raft.server.log.appender.buffer.byte-limit = 8388608 (custom)
2023-12-26 17:43:06,365 [main] INFO  server.GrpcService (ConfUtils.java:logGet(46)) - raft.grpc.flow.control.window = 5MB (=5242880) (custom)
2023-12-26 17:43:06,365 [main] INFO  server.RaftServerConfigKeys (ConfUtils.java:logGet(46)) - raft.server.rpc.request.timeout = 3000ms (default)
2023-12-26 17:43:06,365 [main] INFO  grpc.GrpcConfigKeys (ConfUtils.java:logGet(46)) - raft.grpc.server.heartbeat.channel = true (default)
2023-12-26 17:43:06,365 [main] INFO  grpc.GrpcConfigKeys (ConfUtils.java:logGet(46)) - raft.grpc.server.async.request.thread.pool.cached = true (default)
2023-12-26 17:43:06,366 [main] INFO  grpc.GrpcConfigKeys (ConfUtils.java:logGet(46)) - raft.grpc.server.async.request.thread.pool.size = 32 (default)
2023-12-26 17:43:06,368 [main] INFO  impl.DataStreamServerImpl (ConfUtils.java:logGet(46)) - raft.datastream.type = NETTY (custom)
2023-12-26 17:43:06,368 [main] INFO  server.RaftServerConfigKeys (ConfUtils.java:logGet(46)) - raft.server.data-stream.async.request.thread.pool.cached = false (default)
2023-12-26 17:43:06,368 [main] INFO  server.RaftServerConfigKeys (ConfUtils.java:logGet(46)) - raft.server.data-stream.async.request.thread.pool.size = 20 (custom)
2023-12-26 17:43:06,368 [main] INFO  server.RaftServerConfigKeys (ConfUtils.java:logGet(46)) - raft.server.data-stream.async.write.thread.pool.size = 16 (default)
2023-12-26 17:43:06,368 [main] INFO  netty.NettyConfigKeys$DataStream (ConfUtils.java:logGet(46)) - raft.netty.dataStream.server.channel.inactive.grace-period = 10min (default)
2023-12-26 17:43:06,369 [main] INFO  server.RaftServerConfigKeys (ConfUtils.java:logGet(46)) - raft.server.data-stream.client.pool.size = 10 (default)
2023-12-26 17:43:06,369 [main] INFO  netty.NettyConfigKeys$DataStream (ConfUtils.java:logGet(46)) - raft.netty.dataStream.server.use-epoll = true (default)
2023-12-26 17:43:06,369 [main] INFO  netty.NettyConfigKeys$DataStream (ConfUtils.java:logGet(46)) - raft.netty.dataStream.server.boss-group.size = 0 (default)
2023-12-26 17:43:06,369 [main] INFO  netty.NettyUtils (NettyUtils.java:newEventLoopGroup(69)) - Create EpollEventLoopGroup for 2600465e-836b-4590-acf2-1a77fd870a2a-NettyServerStreamRpc-bossGroup; Thread size is 0.
2023-12-26 17:43:06,370 [main] INFO  netty.NettyConfigKeys$DataStream (ConfUtils.java:logGet(46)) - raft.netty.dataStream.server.worker-group.size = 0 (default)
2023-12-26 17:43:06,370 [main] INFO  netty.NettyUtils (NettyUtils.java:newEventLoopGroup(69)) - Create EpollEventLoopGroup for 2600465e-836b-4590-acf2-1a77fd870a2a-NettyServerStreamRpc-workerGroup; Thread size is 0.
2023-12-26 17:43:06,370 [main] INFO  netty.NettyConfigKeys$DataStream (ConfUtils.java:logGet(46)) - raft.netty.dataStream.server.tls.conf = null (default)
2023-12-26 17:43:06,371 [main] INFO  netty.NettyConfigKeys$DataStream (ConfUtils.java:logGet(46)) - raft.netty.dataStream.host = null (default)
2023-12-26 17:43:06,371 [main] INFO  netty.NettyConfigKeys$DataStream (ConfUtils.java:logGet(46)) - raft.netty.dataStream.port = 15193 (custom)
2023-12-26 17:43:06,373 [main] INFO  server.RaftServerConfigKeys (ConfUtils.java:logGet(46)) - raft.server.sleep.deviation.threshold = 300ms (default)
2023-12-26 17:43:06,373 [main] INFO  server.RaftServerConfigKeys (ConfUtils.java:logGet(46)) - raft.server.close.threshold = 60s (default)
2023-12-26 17:43:06,374 [main] INFO  server.RaftServerConfigKeys (ConfUtils.java:logGet(46)) - raft.server.leaderelection.leader.step-down.wait-time = 10s (default)
2023-12-26 17:43:06,374 [2600465e-836b-4590-acf2-1a77fd870a2a-NettyServerStreamRpc-bossGroup--thread1] INFO  logging.LoggingHandler (AbstractInternalLogger.java:log(148)) - [id: 0xee8b53ea] REGISTERED
2023-12-26 17:43:06,374 [main] INFO  server.RaftServerConfigKeys (ConfUtils.java:logGet(46)) - raft.server.storage.dir = [/home/runner/work/ozone/ozone/hadoop-ozone/integration-test/target/test-dir/MiniOzoneClusterImpl-a136b03b-8403-429e-9870-8bf85e606ef3/datanode-0/data/ratis] (custom)
2023-12-26 17:43:06,374 [2600465e-836b-4590-acf2-1a77fd870a2a-NettyServerStreamRpc-bossGroup--thread1] INFO  logging.LoggingHandler (AbstractInternalLogger.java:log(148)) - [id: 0xee8b53ea] BIND: 0.0.0.0/0.0.0.0:15193
2023-12-26 17:43:06,374 [main] INFO  server.RaftServerConfigKeys (ConfUtils.java:logGet(46)) - raft.server.threadpool.proxy.cached = true (default)
2023-12-26 17:43:06,374 [2600465e-836b-4590-acf2-1a77fd870a2a-NettyServerStreamRpc-bossGroup--thread1] INFO  logging.LoggingHandler (AbstractInternalLogger.java:log(148)) - [id: 0xee8b53ea, L:/0.0.0.0:15193] ACTIVE
2023-12-26 17:43:06,374 [main] INFO  server.RaftServerConfigKeys (ConfUtils.java:logGet(46)) - raft.server.threadpool.proxy.size = 0 (default)
2023-12-26 17:43:06,375 [2600465e-836b-4590-acf2-1a77fd870a2a-impl-thread1] INFO  server.RaftServer (RaftServerProxy.java:initGroupDir(264)) - 2600465e-836b-4590-acf2-1a77fd870a2a: found a subdirectory /home/runner/work/ozone/ozone/hadoop-ozone/integration-test/target/test-dir/MiniOzoneClusterImpl-a136b03b-8403-429e-9870-8bf85e606ef3/datanode-0/data/ratis/tmp
2023-12-26 17:43:06,375 [2600465e-836b-4590-acf2-1a77fd870a2a-impl-thread1] INFO  server.RaftServer (RaftServerProxy.java:initGroupDir(269)) - 2600465e-836b-4590-acf2-1a77fd870a2a: The directory /home/runner/work/ozone/ozone/hadoop-ozone/integration-test/target/test-dir/MiniOzoneClusterImpl-a136b03b-8403-429e-9870-8bf85e606ef3/datanode-0/data/ratis/tmp is not a group directory; ignoring it. 
2023-12-26 17:43:06,375 [main] INFO  replication.ReplicationServer (ReplicationServer.java:<init>(85)) - Initializing replication server with thread count = 10 queue length = 4096
2023-12-26 17:43:06,376 [main] INFO  server.XceiverServerGrpc (XceiverServerGrpc.java:<init>(141)) - GrpcServer channel type EpollServerSocketChannel
2023-12-26 17:43:06,377 [main] INFO  replication.ReplicationSupervisor (ReplicationSupervisor.java:build(163)) - Initializing replication supervisor with thread count = 10
2023-12-26 17:43:06,377 [main] INFO  replication.ReplicationSupervisor (ReplicationSupervisor.java:nodeStateUpdated(317)) - Node state updated to IN_SERVICE, scaling executor pool size to 10
2023-12-26 17:43:06,379 [main] INFO  http.BaseHttpServer (BaseHttpServer.java:newHttpServer2BuilderForOzone(223)) - Starting Web-server for hddsDatanode at: http://0.0.0.0:15187
2023-12-26 17:43:06,379 [main] INFO  http.BaseHttpServer (BaseHttpServer.java:<init>(110)) - Hadoop Security Enabled: false Ozone Security Enabled: false Ozone HTTP Security Enabled: false 
2023-12-26 17:43:06,380 [main] WARN  server.AuthenticationFilter (AuthenticationFilter.java:constructSecretProvider(240)) - Unable to initialize FileSignerSecretProvider, falling back to use random secrets. Reason: Could not read signature secret file: /home/runner/hadoop-http-auth-signature-secret
2023-12-26 17:43:06,380 [main] INFO  http.HttpRequestLog (HttpRequestLog.java:getRequestLog(86)) - Http request log for http.requests.hddsDatanode is not defined
2023-12-26 17:43:06,381 [main] INFO  http.HttpServer2 (HttpServer2.java:addGlobalFilter(1036)) - Added global filter 'safety' (class=org.apache.hadoop.hdds.server.http.HttpServer2$QuotingInputFilter)
2023-12-26 17:43:06,381 [main] INFO  http.HttpServer2 (HttpServer2.java:addFilter(1012)) - Added filter static_user_filter (class=org.apache.hadoop.http.lib.StaticUserWebFilter$StaticUserFilter) to context hddsDatanode
2023-12-26 17:43:06,381 [main] INFO  http.HttpServer2 (HttpServer2.java:addFilter(1020)) - Added filter static_user_filter (class=org.apache.hadoop.http.lib.StaticUserWebFilter$StaticUserFilter) to context static
2023-12-26 17:43:06,382 [main] INFO  http.HttpServer2 (HttpServer2.java:addFilter(1020)) - Added filter static_user_filter (class=org.apache.hadoop.http.lib.StaticUserWebFilter$StaticUserFilter) to context logs
2023-12-26 17:43:06,382 [main] INFO  http.BaseHttpServer (BaseHttpServer.java:<init>(189)) - HTTP server of hddsDatanode uses base directory /home/runner/work/ozone/ozone/hadoop-ozone/integration-test/target/test-dir/MiniOzoneClusterImpl-a136b03b-8403-429e-9870-8bf85e606ef3/datanode-0/meta/webserver
2023-12-26 17:43:06,382 [main] INFO  http.HttpServer2 (HttpServer2.java:bindListener(1236)) - Jetty bound to port 15187
2023-12-26 17:43:06,382 [main] INFO  server.Server (Server.java:doStart(375)) - jetty-9.4.53.v20231009; built: 2023-10-09T12:29:09.265Z; git: 27bde00a0b95a1d5bbee0eae7984f891d2d0f8c9; jvm 1.8.0_392-b08
2023-12-26 17:43:06,383 [main] INFO  server.session (DefaultSessionIdManager.java:doStart(334)) - DefaultSessionIdManager workerName=node0
2023-12-26 17:43:06,383 [main] INFO  server.session (DefaultSessionIdManager.java:doStart(339)) - No SessionScavenger set, using defaults
2023-12-26 17:43:06,384 [main] INFO  server.session (HouseKeeper.java:startScavenging(132)) - node0 Scavenging every 600000ms
2023-12-26 17:43:06,384 [main] INFO  handler.ContextHandler (ContextHandler.java:doStart(921)) - Started o.e.j.s.ServletContextHandler@a53f2ae{logs,/logs,file:///home/runner/work/ozone/ozone/hadoop-ozone/integration-test/target/log,AVAILABLE}
2023-12-26 17:43:06,384 [main] INFO  handler.ContextHandler (ContextHandler.java:doStart(921)) - Started o.e.j.s.ServletContextHandler@2942b9be{static,/static,jar:file:/home/runner/.m2/repository/org/apache/ozone/hdds-container-service/1.5.0-SNAPSHOT/hdds-container-service-1.5.0-SNAPSHOT.jar!/webapps/static,AVAILABLE}
2023-12-26 17:43:06,418 [main] INFO  handler.ContextHandler (ContextHandler.java:doStart(921)) - Started o.e.j.w.WebAppContext@61ca6009{hddsDatanode,/,file:///home/runner/work/ozone/ozone/hadoop-ozone/integration-test/target/test-dir/MiniOzoneClusterImpl-a136b03b-8403-429e-9870-8bf85e606ef3/datanode-0/meta/webserver/jetty-0_0_0_0-15187-hdds-container-service-1_5_0-SNAPSHOT_jar-_-any-3396954798745851514/webapp/,AVAILABLE}{jar:file:/home/runner/.m2/repository/org/apache/ozone/hdds-container-service/1.5.0-SNAPSHOT/hdds-container-service-1.5.0-SNAPSHOT.jar!/webapps/hddsDatanode}
2023-12-26 17:43:06,419 [main] INFO  server.AbstractConnector (AbstractConnector.java:doStart(333)) - Started ServerConnector@56bb8198{HTTP/1.1, (http/1.1)}{0.0.0.0:15187}
2023-12-26 17:43:06,419 [main] INFO  server.Server (Server.java:doStart(415)) - Started @84072ms
2023-12-26 17:43:06,419 [main] WARN  impl.MetricsSystemImpl (MetricsSystemImpl.java:register(279)) - Sink prometheus already exists!
2023-12-26 17:43:06,420 [main] INFO  http.BaseHttpServer (BaseHttpServer.java:updateConnectorAddress(354)) - HTTP server of hddsDatanode listening at http://0.0.0.0:15187
2023-12-26 17:43:06,420 [main] INFO  ipc.CallQueueManager (CallQueueManager.java:<init>(90)) - Using callQueue: class java.util.concurrent.LinkedBlockingQueue, queueCapacity: 100, scheduler: class org.apache.hadoop.ipc.DefaultRpcScheduler, ipcBackoff: false.
2023-12-26 17:43:06,420 [main] INFO  ipc.Server (Server.java:<init>(1287)) - Listener at 0.0.0.0:15188
2023-12-26 17:43:06,421 [Socket Reader #1 for port 15188] INFO  ipc.Server (Server.java:run(1323)) - Starting Socket Reader #1 for port 15188
2023-12-26 17:43:06,422 [main] INFO  ozone.HddsDatanodeService (HddsDatanodeService.java:start(324)) - Datanode start with admins: [runner]
2023-12-26 17:43:06,422 [main] INFO  ozone.HddsDatanodeClientProtocolServer (HddsDatanodeClientProtocolServer.java:start(72)) - RPC server for Client /0.0.0.0:15188
2023-12-26 17:43:06,422 [IPC Server Responder] INFO  ipc.Server (Server.java:run(1562)) - IPC Server Responder: starting
2023-12-26 17:43:06,422 [IPC Server listener on 15188] INFO  ipc.Server (Server.java:run(1402)) - IPC Server listener on 15188: starting
2023-12-26 17:43:06,423 [2600465e-836b-4590-acf2-1a77fd870a2a-DatanodeStateMachineDaemonThread] INFO  statemachine.DatanodeStateMachine (DatanodeStateMachine.java:lambda$startDaemon$1(555)) - Ozone container server started.
2023-12-26 17:43:06,424 [main] WARN  dropwizard3.Dm3MetricRegistriesImpl (Dm3MetricRegistriesImpl.java:addReporterRegistration(113)) - New reporters are added after registries were created. Some metrics will be missing from the reporter. Please add reporter before adding any new registry.
2023-12-26 17:43:06,424 [main] WARN  dropwizard3.Dm3MetricRegistriesImpl (Dm3MetricRegistriesImpl.java:addReporterRegistration(113)) - New reporters are added after registries were created. Some metrics will be missing from the reporter. Please add reporter before adding any new registry.
2023-12-26 17:43:06,424 [main] INFO  impl.MetricsSystemImpl (MetricsSystemImpl.java:init(158)) - HddsDatanode metrics system started (again)
2023-12-26 17:43:06,426 [2600465e-836b-4590-acf2-1a77fd870a2a-DatanodeStateMachineTaskThread-0] INFO  datanode.InitDatanodeState (InitDatanodeState.java:persistContainerDatanodeDetails(139)) - DatanodeDetails is persisted to /home/runner/work/ozone/ozone/hadoop-ozone/integration-test/target/test-dir/MiniOzoneClusterImpl-a136b03b-8403-429e-9870-8bf85e606ef3/datanode-0/meta/datanode.id
2023-12-26 17:43:06,432 [main] INFO  ozone.HddsDatanodeService (HddsDatanodeService.java:start(239)) - HddsDatanodeService host:fv-az1381-115 ip:10.1.0.4
2023-12-26 17:43:06,452 [main] INFO  upgrade.AbstractLayoutVersionManager (AbstractLayoutVersionManager.java:init(83)) - Initializing Layout version manager with metadata layout = HADOOP_PRC_PORTS_IN_DATANODEDETAILS (version = 7), software layout = HADOOP_PRC_PORTS_IN_DATANODEDETAILS (version = 7)
2023-12-26 17:43:06,452 [main] INFO  statemachine.DatanodeStateMachine (DatanodeStateMachine.java:getEndPointTaskThreadPoolSize(299)) - Datanode State Machine Task Thread Pool size 2
2023-12-26 17:43:06,453 [main] ERROR lib.MethodMetric (MethodMetric.java:snapshot(117)) - Error invoking method getCommitted
java.lang.reflect.InvocationTargetException
	at sun.reflect.GeneratedMethodAccessor85.invoke(Unknown Source)
	at sun.reflect.DelegatingMethodAccessorImpl.invoke(DelegatingMethodAccessorImpl.java:43)
	at java.lang.reflect.Method.invoke(Method.java:498)
	at org.apache.hadoop.metrics2.lib.MethodMetric$2.snapshot(MethodMetric.java:111)
	at org.apache.hadoop.metrics2.lib.MethodMetric.snapshot(MethodMetric.java:142)
	at org.apache.hadoop.metrics2.lib.MetricsRegistry.snapshot(MetricsRegistry.java:447)
	at org.apache.hadoop.metrics2.lib.MetricsSourceBuilder$1.getMetrics(MetricsSourceBuilder.java:89)
	at org.apache.hadoop.metrics2.impl.MetricsSourceAdapter.getMetrics(MetricsSourceAdapter.java:200)
	at org.apache.hadoop.metrics2.impl.MetricsSourceAdapter.updateJmxCache(MetricsSourceAdapter.java:183)
	at org.apache.hadoop.metrics2.impl.MetricsSourceAdapter.getMBeanInfo(MetricsSourceAdapter.java:156)
	at com.sun.jmx.interceptor.DefaultMBeanServerInterceptor.getNewMBeanClassName(DefaultMBeanServerInterceptor.java:333)
	at com.sun.jmx.interceptor.DefaultMBeanServerInterceptor.registerMBean(DefaultMBeanServerInterceptor.java:319)
	at com.sun.jmx.mbeanserver.JmxMBeanServer.registerMBean(JmxMBeanServer.java:522)
	at org.apache.hadoop.metrics2.util.MBeans.register(MBeans.java:100)
	at org.apache.hadoop.metrics2.util.MBeans.register(MBeans.java:73)
	at org.apache.hadoop.metrics2.impl.MetricsSourceAdapter.startMBeans(MetricsSourceAdapter.java:222)
	at org.apache.hadoop.metrics2.impl.MetricsSourceAdapter.start(MetricsSourceAdapter.java:101)
	at org.apache.hadoop.metrics2.impl.MetricsSystemImpl.registerSource(MetricsSystemImpl.java:268)
	at org.apache.hadoop.metrics2.impl.MetricsSystemImpl.register(MetricsSystemImpl.java:233)
	at org.apache.hadoop.ozone.container.common.volume.VolumeInfoMetrics.init(VolumeInfoMetrics.java:50)
	at org.apache.hadoop.ozone.container.common.volume.VolumeInfoMetrics.<init>(VolumeInfoMetrics.java:45)
	at org.apache.hadoop.ozone.container.common.volume.HddsVolume.<init>(HddsVolume.java:123)
	at org.apache.hadoop.ozone.container.common.volume.HddsVolume.<init>(HddsVolume.java:71)
	at org.apache.hadoop.ozone.container.common.volume.HddsVolume$Builder.build(HddsVolume.java:111)
	at org.apache.hadoop.ozone.container.common.volume.HddsVolumeFactory.createVolume(HddsVolumeFactory.java:48)
	at org.apache.hadoop.ozone.container.common.volume.MutableVolumeSet.initializeVolumeSet(MutableVolumeSet.java:170)
	at org.apache.hadoop.ozone.container.common.volume.MutableVolumeSet.<init>(MutableVolumeSet.java:132)
	at org.apache.hadoop.ozone.container.common.volume.MutableVolumeSet.<init>(MutableVolumeSet.java:96)
	at org.apache.hadoop.ozone.container.ozoneimpl.OzoneContainer.<init>(OzoneContainer.java:149)
	at org.apache.hadoop.ozone.container.common.statemachine.DatanodeStateMachine.<init>(DatanodeStateMachine.java:186)
	at org.apache.hadoop.ozone.HddsDatanodeService.start(HddsDatanodeService.java:296)
	at org.apache.hadoop.ozone.MiniOzoneClusterImpl.startHddsDatanode(MiniOzoneClusterImpl.java:489)
	at java.util.ArrayList.forEach(ArrayList.java:1259)
	at org.apache.hadoop.ozone.MiniOzoneClusterImpl.startHddsDatanodes(MiniOzoneClusterImpl.java:497)
	at org.apache.hadoop.ozone.MiniOzoneClusterImpl$Builder.build(MiniOzoneClusterImpl.java:627)
	at org.apache.hadoop.ozone.client.rpc.TestWatchForCommit.init(TestWatchForCommit.java:149)
	at sun.reflect.NativeMethodAccessorImpl.invoke0(Native Method)
	at sun.reflect.NativeMethodAccessorImpl.invoke(NativeMethodAccessorImpl.java:62)
	at sun.reflect.DelegatingMethodAccessorImpl.invoke(DelegatingMethodAccessorImpl.java:43)
	at java.lang.reflect.Method.invoke(Method.java:498)
	at org.junit.platform.commons.util.ReflectionUtils.invokeMethod(ReflectionUtils.java:728)
	at org.junit.jupiter.engine.execution.MethodInvocation.proceed(MethodInvocation.java:60)
	at org.junit.jupiter.engine.execution.InvocationInterceptorChain$ValidatingInvocation.proceed(InvocationInterceptorChain.java:131)
	at org.junit.jupiter.engine.extension.TimeoutExtension.intercept(TimeoutExtension.java:156)
	at org.junit.jupiter.engine.extension.TimeoutExtension.interceptLifecycleMethod(TimeoutExtension.java:128)
	at org.junit.jupiter.engine.extension.TimeoutExtension.interceptBeforeEachMethod(TimeoutExtension.java:78)
	at org.junit.jupiter.engine.execution.InterceptingExecutableInvoker$ReflectiveInterceptorCall.lambda$ofVoidMethod$0(InterceptingExecutableInvoker.java:103)
	at org.junit.jupiter.engine.execution.InterceptingExecutableInvoker.lambda$invoke$0(InterceptingExecutableInvoker.java:93)
	at org.junit.jupiter.engine.execution.InvocationInterceptorChain$InterceptedInvocation.proceed(InvocationInterceptorChain.java:106)
	at org.junit.jupiter.engine.execution.InvocationInterceptorChain.proceed(InvocationInterceptorChain.java:64)
	at org.junit.jupiter.engine.execution.InvocationInterceptorChain.chainAndInvoke(InvocationInterceptorChain.java:45)
	at org.junit.jupiter.engine.execution.InvocationInterceptorChain.invoke(InvocationInterceptorChain.java:37)
	at org.junit.jupiter.engine.execution.InterceptingExecutableInvoker.invoke(InterceptingExecutableInvoker.java:92)
	at org.junit.jupiter.engine.execution.InterceptingExecutableInvoker.invoke(InterceptingExecutableInvoker.java:86)
	at org.junit.jupiter.engine.descriptor.ClassBasedTestDescriptor.invokeMethodInExtensionContext(ClassBasedTestDescriptor.java:521)
	at org.junit.jupiter.engine.descriptor.ClassBasedTestDescriptor.lambda$synthesizeBeforeEachMethodAdapter$23(ClassBasedTestDescriptor.java:506)
	at org.junit.jupiter.engine.descriptor.TestMethodTestDescriptor.lambda$invokeBeforeEachMethods$3(TestMethodTestDescriptor.java:175)
	at org.junit.jupiter.engine.descriptor.TestMethodTestDescriptor.lambda$invokeBeforeMethodsOrCallbacksUntilExceptionOccurs$6(TestMethodTestDescriptor.java:203)
	at org.junit.platform.engine.support.hierarchical.ThrowableCollector.execute(ThrowableCollector.java:73)
	at org.junit.jupiter.engine.descriptor.TestMethodTestDescriptor.invokeBeforeMethodsOrCallbacksUntilExceptionOccurs(TestMethodTestDescriptor.java:203)
	at org.junit.jupiter.engine.descriptor.TestMethodTestDescriptor.invokeBeforeEachMethods(TestMethodTestDescriptor.java:172)
	at org.junit.jupiter.engine.descriptor.TestMethodTestDescriptor.execute(TestMethodTestDescriptor.java:135)
	at org.junit.jupiter.engine.descriptor.TestMethodTestDescriptor.execute(TestMethodTestDescriptor.java:69)
	at org.junit.platform.engine.support.hierarchical.NodeTestTask.lambda$executeRecursively$6(NodeTestTask.java:151)
	at org.junit.platform.engine.support.hierarchical.ThrowableCollector.execute(ThrowableCollector.java:73)
	at org.junit.platform.engine.support.hierarchical.NodeTestTask.lambda$executeRecursively$8(NodeTestTask.java:141)
	at org.junit.platform.engine.support.hierarchical.Node.around(Node.java:137)
	at org.junit.platform.engine.support.hierarchical.NodeTestTask.lambda$executeRecursively$9(NodeTestTask.java:139)
	at org.junit.platform.engine.support.hierarchical.ThrowableCollector.execute(ThrowableCollector.java:73)
	at org.junit.platform.engine.support.hierarchical.NodeTestTask.executeRecursively(NodeTestTask.java:138)
	at org.junit.platform.engine.support.hierarchical.NodeTestTask.execute(NodeTestTask.java:95)
	at java.util.ArrayList.forEach(ArrayList.java:1259)
	at org.junit.platform.engine.support.hierarchical.SameThreadHierarchicalTestExecutorService.invokeAll(SameThreadHierarchicalTestExecutorService.java:41)
	at org.junit.platform.engine.support.hierarchical.NodeTestTask.lambda$executeRecursively$6(NodeTestTask.java:155)
	at org.junit.platform.engine.support.hierarchical.ThrowableCollector.execute(ThrowableCollector.java:73)
	at org.junit.platform.engine.support.hierarchical.NodeTestTask.lambda$executeRecursively$8(NodeTestTask.java:141)
	at org.junit.platform.engine.support.hierarchical.Node.around(Node.java:137)
	at org.junit.platform.engine.support.hierarchical.NodeTestTask.lambda$executeRecursively$9(NodeTestTask.java:139)
	at org.junit.platform.engine.support.hierarchical.ThrowableCollector.execute(ThrowableCollector.java:73)
	at org.junit.platform.engine.support.hierarchical.NodeTestTask.executeRecursively(NodeTestTask.java:138)
	at org.junit.platform.engine.support.hierarchical.NodeTestTask.execute(NodeTestTask.java:95)
	at java.util.ArrayList.forEach(ArrayList.java:1259)
	at org.junit.platform.engine.support.hierarchical.SameThreadHierarchicalTestExecutorService.invokeAll(SameThreadHierarchicalTestExecutorService.java:41)
	at org.junit.platform.engine.support.hierarchical.NodeTestTask.lambda$executeRecursively$6(NodeTestTask.java:155)
	at org.junit.platform.engine.support.hierarchical.ThrowableCollector.execute(ThrowableCollector.java:73)
	at org.junit.platform.engine.support.hierarchical.NodeTestTask.lambda$executeRecursively$8(NodeTestTask.java:141)
	at org.junit.platform.engine.support.hierarchical.Node.around(Node.java:137)
	at org.junit.platform.engine.support.hierarchical.NodeTestTask.lambda$executeRecursively$9(NodeTestTask.java:139)
	at org.junit.platform.engine.support.hierarchical.ThrowableCollector.execute(ThrowableCollector.java:73)
	at org.junit.platform.engine.support.hierarchical.NodeTestTask.executeRecursively(NodeTestTask.java:138)
	at org.junit.platform.engine.support.hierarchical.NodeTestTask.execute(NodeTestTask.java:95)
	at org.junit.platform.engine.support.hierarchical.SameThreadHierarchicalTestExecutorService.submit(SameThreadHierarchicalTestExecutorService.java:35)
	at org.junit.platform.engine.support.hierarchical.HierarchicalTestExecutor.execute(HierarchicalTestExecutor.java:57)
	at org.junit.platform.engine.support.hierarchical.HierarchicalTestEngine.execute(HierarchicalTestEngine.java:54)
	at org.junit.platform.launcher.core.EngineExecutionOrchestrator.execute(EngineExecutionOrchestrator.java:198)
	at org.junit.platform.launcher.core.EngineExecutionOrchestrator.execute(EngineExecutionOrchestrator.java:169)
	at org.junit.platform.launcher.core.EngineExecutionOrchestrator.execute(EngineExecutionOrchestrator.java:93)
	at org.junit.platform.launcher.core.EngineExecutionOrchestrator.lambda$execute$0(EngineExecutionOrchestrator.java:58)
	at org.junit.platform.launcher.core.EngineExecutionOrchestrator.withInterceptedStreams(EngineExecutionOrchestrator.java:141)
	at org.junit.platform.launcher.core.EngineExecutionOrchestrator.execute(EngineExecutionOrchestrator.java:57)
	at org.junit.platform.launcher.core.DefaultLauncher.execute(DefaultLauncher.java:103)
	at org.junit.platform.launcher.core.DefaultLauncher.execute(DefaultLauncher.java:85)
	at org.junit.platform.launcher.core.DelegatingLauncher.execute(DelegatingLauncher.java:47)
	at org.apache.maven.surefire.junitplatform.LazyLauncher.execute(LazyLauncher.java:56)
	at org.apache.maven.surefire.junitplatform.JUnitPlatformProvider.execute(JUnitPlatformProvider.java:184)
	at org.apache.maven.surefire.junitplatform.JUnitPlatformProvider.invokeAllTests(JUnitPlatformProvider.java:148)
	at org.apache.maven.surefire.junitplatform.JUnitPlatformProvider.invoke(JUnitPlatformProvider.java:120)
	at org.apache.maven.surefire.booter.ForkedBooter.runSuitesInProcess(ForkedBooter.java:385)
	at org.apache.maven.surefire.booter.ForkedBooter.execute(ForkedBooter.java:162)
	at org.apache.maven.surefire.booter.ForkedBooter.run(ForkedBooter.java:507)
	at org.apache.maven.surefire.booter.ForkedBooter.main(ForkedBooter.java:495)
Caused by: java.lang.NullPointerException
	at org.apache.hadoop.ozone.container.common.volume.HddsVolume.getCommittedBytes(HddsVolume.java:303)
	at org.apache.hadoop.ozone.container.common.volume.VolumeInfoMetrics.getCommitted(VolumeInfoMetrics.java:147)
	... 111 more
2023-12-26 17:43:06,456 [main] INFO  volume.HddsVolume (HddsVolume.java:<init>(126)) - Creating HddsVolume: /home/runner/work/ozone/ozone/hadoop-ozone/integration-test/target/test-dir/MiniOzoneClusterImpl-a136b03b-8403-429e-9870-8bf85e606ef3/datanode-1/data-0/containers/hdds of storage type : DISK capacity : 9223372036854775807
2023-12-26 17:43:06,456 [main] INFO  volume.MutableVolumeSet (MutableVolumeSet.java:initializeVolumeSet(173)) - Added Volume : /home/runner/work/ozone/ozone/hadoop-ozone/integration-test/target/test-dir/MiniOzoneClusterImpl-a136b03b-8403-429e-9870-8bf85e606ef3/datanode-1/data-0/containers/hdds to VolumeSet
2023-12-26 17:43:06,457 [main] INFO  volume.MutableVolumeSet (MutableVolumeSet.java:initializeVolumeSet(173)) - Added Volume : /home/runner/work/ozone/ozone/hadoop-ozone/integration-test/target/test-dir/MiniOzoneClusterImpl-a136b03b-8403-429e-9870-8bf85e606ef3/datanode-1/data/ratis to VolumeSet
2023-12-26 17:43:06,457 [main] INFO  ozoneimpl.OzoneContainer (HddsVolumeUtil.java:loadAllHddsVolumeDbStore(103)) - Load 1 volumes DbStore cost: 0ms
2023-12-26 17:43:06,458 [3e443a17-2359-4412-bc58-72a30bb0f716-ContainerReader-0] INFO  ozoneimpl.ContainerReader (ContainerReader.java:readVolume(178)) - Finish verifying containers on volume /home/runner/work/ozone/ozone/hadoop-ozone/integration-test/target/test-dir/MiniOzoneClusterImpl-a136b03b-8403-429e-9870-8bf85e606ef3/datanode-1/data-0/containers/hdds
2023-12-26 17:43:06,458 [main] INFO  ozoneimpl.OzoneContainer (OzoneContainer.java:buildContainerSet(326)) - Build ContainerSet costs 0s
2023-12-26 17:43:06,460 [main] INFO  server.RaftServer (ConfUtils.java:logGet(46)) - raft.rpc.type = GRPC (default)
2023-12-26 17:43:06,460 [main] INFO  grpc.GrpcConfigKeys (ConfUtils.java:logFallback(53)) - raft.grpc.admin.host = null (fallback to raft.grpc.server.host)
2023-12-26 17:43:06,460 [main] INFO  grpc.GrpcConfigKeys (ConfUtils.java:logGet(46)) - raft.grpc.admin.port = 15200 (custom)
2023-12-26 17:43:06,461 [main] INFO  grpc.GrpcConfigKeys (ConfUtils.java:logFallback(53)) - raft.grpc.client.host = null (fallback to raft.grpc.server.host)
2023-12-26 17:43:06,461 [main] INFO  grpc.GrpcConfigKeys (ConfUtils.java:logGet(46)) - raft.grpc.client.port = 15199 (custom)
2023-12-26 17:43:06,461 [main] INFO  grpc.GrpcConfigKeys (ConfUtils.java:logGet(46)) - raft.grpc.server.host = null (default)
2023-12-26 17:43:06,461 [main] INFO  grpc.GrpcConfigKeys (ConfUtils.java:logGet(46)) - raft.grpc.server.port = 15201 (custom)
2023-12-26 17:43:06,461 [main] INFO  server.GrpcService (ConfUtils.java:logGet(46)) - raft.grpc.message.size.max = 32MB (=33554432) (custom)
2023-12-26 17:43:06,462 [main] INFO  server.RaftServerConfigKeys (ConfUtils.java:logGet(46)) - raft.server.log.appender.buffer.byte-limit = 8388608 (custom)
2023-12-26 17:43:06,462 [main] INFO  server.GrpcService (ConfUtils.java:logGet(46)) - raft.grpc.flow.control.window = 5MB (=5242880) (custom)
2023-12-26 17:43:06,462 [main] INFO  server.RaftServerConfigKeys (ConfUtils.java:logGet(46)) - raft.server.rpc.request.timeout = 3000ms (default)
2023-12-26 17:43:06,462 [main] INFO  grpc.GrpcConfigKeys (ConfUtils.java:logGet(46)) - raft.grpc.server.heartbeat.channel = true (default)
2023-12-26 17:43:06,462 [main] INFO  grpc.GrpcConfigKeys (ConfUtils.java:logGet(46)) - raft.grpc.server.async.request.thread.pool.cached = true (default)
2023-12-26 17:43:06,463 [main] INFO  grpc.GrpcConfigKeys (ConfUtils.java:logGet(46)) - raft.grpc.server.async.request.thread.pool.size = 32 (default)
2023-12-26 17:43:06,465 [main] INFO  impl.DataStreamServerImpl (ConfUtils.java:logGet(46)) - raft.datastream.type = NETTY (custom)
2023-12-26 17:43:06,465 [main] INFO  server.RaftServerConfigKeys (ConfUtils.java:logGet(46)) - raft.server.data-stream.async.request.thread.pool.cached = false (default)
2023-12-26 17:43:06,466 [main] INFO  server.RaftServerConfigKeys (ConfUtils.java:logGet(46)) - raft.server.data-stream.async.request.thread.pool.size = 20 (custom)
2023-12-26 17:43:06,466 [main] INFO  server.RaftServerConfigKeys (ConfUtils.java:logGet(46)) - raft.server.data-stream.async.write.thread.pool.size = 16 (default)
2023-12-26 17:43:06,466 [main] INFO  netty.NettyConfigKeys$DataStream (ConfUtils.java:logGet(46)) - raft.netty.dataStream.server.channel.inactive.grace-period = 10min (default)
2023-12-26 17:43:06,466 [main] INFO  server.RaftServerConfigKeys (ConfUtils.java:logGet(46)) - raft.server.data-stream.client.pool.size = 10 (default)
2023-12-26 17:43:06,466 [main] INFO  netty.NettyConfigKeys$DataStream (ConfUtils.java:logGet(46)) - raft.netty.dataStream.server.use-epoll = true (default)
2023-12-26 17:43:06,466 [main] INFO  netty.NettyConfigKeys$DataStream (ConfUtils.java:logGet(46)) - raft.netty.dataStream.server.boss-group.size = 0 (default)
2023-12-26 17:43:06,467 [main] INFO  netty.NettyUtils (NettyUtils.java:newEventLoopGroup(69)) - Create EpollEventLoopGroup for 3e443a17-2359-4412-bc58-72a30bb0f716-NettyServerStreamRpc-bossGroup; Thread size is 0.
2023-12-26 17:43:06,467 [main] INFO  netty.NettyConfigKeys$DataStream (ConfUtils.java:logGet(46)) - raft.netty.dataStream.server.worker-group.size = 0 (default)
2023-12-26 17:43:06,467 [main] INFO  netty.NettyUtils (NettyUtils.java:newEventLoopGroup(69)) - Create EpollEventLoopGroup for 3e443a17-2359-4412-bc58-72a30bb0f716-NettyServerStreamRpc-workerGroup; Thread size is 0.
2023-12-26 17:43:06,468 [main] INFO  netty.NettyConfigKeys$DataStream (ConfUtils.java:logGet(46)) - raft.netty.dataStream.server.tls.conf = null (default)
2023-12-26 17:43:06,468 [main] INFO  netty.NettyConfigKeys$DataStream (ConfUtils.java:logGet(46)) - raft.netty.dataStream.host = null (default)
2023-12-26 17:43:06,468 [main] INFO  netty.NettyConfigKeys$DataStream (ConfUtils.java:logGet(46)) - raft.netty.dataStream.port = 15202 (custom)
2023-12-26 17:43:06,468 [main] INFO  server.RaftServerConfigKeys (ConfUtils.java:logGet(46)) - raft.server.sleep.deviation.threshold = 300ms (default)
2023-12-26 17:43:06,469 [main] INFO  server.RaftServerConfigKeys (ConfUtils.java:logGet(46)) - raft.server.close.threshold = 60s (default)
2023-12-26 17:43:06,469 [main] INFO  server.RaftServerConfigKeys (ConfUtils.java:logGet(46)) - raft.server.leaderelection.leader.step-down.wait-time = 10s (default)
2023-12-26 17:43:06,469 [3e443a17-2359-4412-bc58-72a30bb0f716-NettyServerStreamRpc-bossGroup--thread1] INFO  logging.LoggingHandler (AbstractInternalLogger.java:log(148)) - [id: 0x1b78a516] REGISTERED
2023-12-26 17:43:06,469 [main] INFO  server.RaftServerConfigKeys (ConfUtils.java:logGet(46)) - raft.server.storage.dir = [/home/runner/work/ozone/ozone/hadoop-ozone/integration-test/target/test-dir/MiniOzoneClusterImpl-a136b03b-8403-429e-9870-8bf85e606ef3/datanode-1/data/ratis] (custom)
2023-12-26 17:43:06,469 [main] INFO  server.RaftServerConfigKeys (ConfUtils.java:logGet(46)) - raft.server.threadpool.proxy.cached = true (default)
2023-12-26 17:43:06,470 [main] INFO  server.RaftServerConfigKeys (ConfUtils.java:logGet(46)) - raft.server.threadpool.proxy.size = 0 (default)
2023-12-26 17:43:06,469 [3e443a17-2359-4412-bc58-72a30bb0f716-NettyServerStreamRpc-bossGroup--thread1] INFO  logging.LoggingHandler (AbstractInternalLogger.java:log(148)) - [id: 0x1b78a516] BIND: 0.0.0.0/0.0.0.0:15202
2023-12-26 17:43:06,470 [3e443a17-2359-4412-bc58-72a30bb0f716-NettyServerStreamRpc-bossGroup--thread1] INFO  logging.LoggingHandler (AbstractInternalLogger.java:log(148)) - [id: 0x1b78a516, L:/0.0.0.0:15202] ACTIVE
2023-12-26 17:43:06,470 [3e443a17-2359-4412-bc58-72a30bb0f716-impl-thread1] INFO  server.RaftServer (RaftServerProxy.java:initGroupDir(264)) - 3e443a17-2359-4412-bc58-72a30bb0f716: found a subdirectory /home/runner/work/ozone/ozone/hadoop-ozone/integration-test/target/test-dir/MiniOzoneClusterImpl-a136b03b-8403-429e-9870-8bf85e606ef3/datanode-1/data/ratis/tmp
2023-12-26 17:43:06,470 [3e443a17-2359-4412-bc58-72a30bb0f716-impl-thread1] INFO  server.RaftServer (RaftServerProxy.java:initGroupDir(269)) - 3e443a17-2359-4412-bc58-72a30bb0f716: The directory /home/runner/work/ozone/ozone/hadoop-ozone/integration-test/target/test-dir/MiniOzoneClusterImpl-a136b03b-8403-429e-9870-8bf85e606ef3/datanode-1/data/ratis/tmp is not a group directory; ignoring it. 
2023-12-26 17:43:06,470 [main] INFO  replication.ReplicationServer (ReplicationServer.java:<init>(85)) - Initializing replication server with thread count = 10 queue length = 4096
2023-12-26 17:43:06,471 [main] INFO  server.XceiverServerGrpc (XceiverServerGrpc.java:<init>(141)) - GrpcServer channel type EpollServerSocketChannel
2023-12-26 17:43:06,472 [main] INFO  replication.ReplicationSupervisor (ReplicationSupervisor.java:build(163)) - Initializing replication supervisor with thread count = 10
2023-12-26 17:43:06,472 [main] INFO  replication.ReplicationSupervisor (ReplicationSupervisor.java:nodeStateUpdated(317)) - Node state updated to IN_SERVICE, scaling executor pool size to 10
2023-12-26 17:43:06,474 [main] INFO  http.BaseHttpServer (BaseHttpServer.java:newHttpServer2BuilderForOzone(223)) - Starting Web-server for hddsDatanode at: http://0.0.0.0:15196
2023-12-26 17:43:06,474 [main] INFO  http.BaseHttpServer (BaseHttpServer.java:<init>(110)) - Hadoop Security Enabled: false Ozone Security Enabled: false Ozone HTTP Security Enabled: false 
2023-12-26 17:43:06,475 [main] WARN  server.AuthenticationFilter (AuthenticationFilter.java:constructSecretProvider(240)) - Unable to initialize FileSignerSecretProvider, falling back to use random secrets. Reason: Could not read signature secret file: /home/runner/hadoop-http-auth-signature-secret
2023-12-26 17:43:06,476 [main] INFO  http.HttpRequestLog (HttpRequestLog.java:getRequestLog(86)) - Http request log for http.requests.hddsDatanode is not defined
2023-12-26 17:43:06,477 [main] INFO  http.HttpServer2 (HttpServer2.java:addGlobalFilter(1036)) - Added global filter 'safety' (class=org.apache.hadoop.hdds.server.http.HttpServer2$QuotingInputFilter)
2023-12-26 17:43:06,477 [main] INFO  http.HttpServer2 (HttpServer2.java:addFilter(1012)) - Added filter static_user_filter (class=org.apache.hadoop.http.lib.StaticUserWebFilter$StaticUserFilter) to context hddsDatanode
2023-12-26 17:43:06,478 [main] INFO  http.HttpServer2 (HttpServer2.java:addFilter(1020)) - Added filter static_user_filter (class=org.apache.hadoop.http.lib.StaticUserWebFilter$StaticUserFilter) to context logs
2023-12-26 17:43:06,478 [main] INFO  http.HttpServer2 (HttpServer2.java:addFilter(1020)) - Added filter static_user_filter (class=org.apache.hadoop.http.lib.StaticUserWebFilter$StaticUserFilter) to context static
2023-12-26 17:43:06,478 [main] INFO  http.BaseHttpServer (BaseHttpServer.java:<init>(189)) - HTTP server of hddsDatanode uses base directory /home/runner/work/ozone/ozone/hadoop-ozone/integration-test/target/test-dir/MiniOzoneClusterImpl-a136b03b-8403-429e-9870-8bf85e606ef3/datanode-1/meta/webserver
2023-12-26 17:43:06,479 [main] INFO  http.HttpServer2 (HttpServer2.java:bindListener(1236)) - Jetty bound to port 15196
2023-12-26 17:43:06,479 [main] INFO  server.Server (Server.java:doStart(375)) - jetty-9.4.53.v20231009; built: 2023-10-09T12:29:09.265Z; git: 27bde00a0b95a1d5bbee0eae7984f891d2d0f8c9; jvm 1.8.0_392-b08
2023-12-26 17:43:06,485 [main] INFO  server.session (DefaultSessionIdManager.java:doStart(334)) - DefaultSessionIdManager workerName=node0
2023-12-26 17:43:06,485 [main] INFO  server.session (DefaultSessionIdManager.java:doStart(339)) - No SessionScavenger set, using defaults
2023-12-26 17:43:06,486 [main] INFO  server.session (HouseKeeper.java:startScavenging(132)) - node0 Scavenging every 660000ms
2023-12-26 17:43:06,489 [main] INFO  handler.ContextHandler (ContextHandler.java:doStart(921)) - Started o.e.j.s.ServletContextHandler@2ce98152{logs,/logs,file:///home/runner/work/ozone/ozone/hadoop-ozone/integration-test/target/log,AVAILABLE}
2023-12-26 17:43:06,489 [main] INFO  handler.ContextHandler (ContextHandler.java:doStart(921)) - Started o.e.j.s.ServletContextHandler@5e2b6fd0{static,/static,jar:file:/home/runner/.m2/repository/org/apache/ozone/hdds-container-service/1.5.0-SNAPSHOT/hdds-container-service-1.5.0-SNAPSHOT.jar!/webapps/static,AVAILABLE}
2023-12-26 17:43:06,521 [main] INFO  handler.ContextHandler (ContextHandler.java:doStart(921)) - Started o.e.j.w.WebAppContext@4125db4a{hddsDatanode,/,file:///home/runner/work/ozone/ozone/hadoop-ozone/integration-test/target/test-dir/MiniOzoneClusterImpl-a136b03b-8403-429e-9870-8bf85e606ef3/datanode-1/meta/webserver/jetty-0_0_0_0-15196-hdds-container-service-1_5_0-SNAPSHOT_jar-_-any-7816569390525046785/webapp/,AVAILABLE}{jar:file:/home/runner/.m2/repository/org/apache/ozone/hdds-container-service/1.5.0-SNAPSHOT/hdds-container-service-1.5.0-SNAPSHOT.jar!/webapps/hddsDatanode}
2023-12-26 17:43:06,523 [main] INFO  server.AbstractConnector (AbstractConnector.java:doStart(333)) - Started ServerConnector@1a6130bd{HTTP/1.1, (http/1.1)}{0.0.0.0:15196}
2023-12-26 17:43:06,523 [main] INFO  server.Server (Server.java:doStart(415)) - Started @84175ms
2023-12-26 17:43:06,523 [main] WARN  impl.MetricsSystemImpl (MetricsSystemImpl.java:register(279)) - Sink prometheus already exists!
2023-12-26 17:43:06,524 [main] INFO  http.BaseHttpServer (BaseHttpServer.java:updateConnectorAddress(354)) - HTTP server of hddsDatanode listening at http://0.0.0.0:15196
2023-12-26 17:43:06,524 [main] INFO  ipc.CallQueueManager (CallQueueManager.java:<init>(90)) - Using callQueue: class java.util.concurrent.LinkedBlockingQueue, queueCapacity: 100, scheduler: class org.apache.hadoop.ipc.DefaultRpcScheduler, ipcBackoff: false.
2023-12-26 17:43:06,524 [main] INFO  ipc.Server (Server.java:<init>(1287)) - Listener at 0.0.0.0:15197
2023-12-26 17:43:06,525 [Socket Reader #1 for port 15197] INFO  ipc.Server (Server.java:run(1323)) - Starting Socket Reader #1 for port 15197
2023-12-26 17:43:06,526 [main] INFO  ozone.HddsDatanodeService (HddsDatanodeService.java:start(324)) - Datanode start with admins: [runner]
2023-12-26 17:43:06,526 [main] INFO  ozone.HddsDatanodeClientProtocolServer (HddsDatanodeClientProtocolServer.java:start(72)) - RPC server for Client /0.0.0.0:15197
2023-12-26 17:43:06,527 [IPC Server Responder] INFO  ipc.Server (Server.java:run(1562)) - IPC Server Responder: starting
2023-12-26 17:43:06,533 [IPC Server listener on 15197] INFO  ipc.Server (Server.java:run(1402)) - IPC Server listener on 15197: starting
2023-12-26 17:43:06,534 [main] WARN  dropwizard3.Dm3MetricRegistriesImpl (Dm3MetricRegistriesImpl.java:addReporterRegistration(113)) - New reporters are added after registries were created. Some metrics will be missing from the reporter. Please add reporter before adding any new registry.
2023-12-26 17:43:06,534 [main] WARN  dropwizard3.Dm3MetricRegistriesImpl (Dm3MetricRegistriesImpl.java:addReporterRegistration(113)) - New reporters are added after registries were created. Some metrics will be missing from the reporter. Please add reporter before adding any new registry.
2023-12-26 17:43:06,534 [3e443a17-2359-4412-bc58-72a30bb0f716-DatanodeStateMachineDaemonThread] INFO  statemachine.DatanodeStateMachine (DatanodeStateMachine.java:lambda$startDaemon$1(555)) - Ozone container server started.
2023-12-26 17:43:06,534 [main] INFO  impl.MetricsSystemImpl (MetricsSystemImpl.java:init(158)) - HddsDatanode metrics system started (again)
2023-12-26 17:43:06,538 [3e443a17-2359-4412-bc58-72a30bb0f716-DatanodeStateMachineTaskThread-0] INFO  datanode.InitDatanodeState (InitDatanodeState.java:persistContainerDatanodeDetails(139)) - DatanodeDetails is persisted to /home/runner/work/ozone/ozone/hadoop-ozone/integration-test/target/test-dir/MiniOzoneClusterImpl-a136b03b-8403-429e-9870-8bf85e606ef3/datanode-1/meta/datanode.id
2023-12-26 17:43:06,544 [main] INFO  ozone.HddsDatanodeService (HddsDatanodeService.java:start(239)) - HddsDatanodeService host:fv-az1381-115 ip:10.1.0.4
2023-12-26 17:43:06,563 [main] INFO  upgrade.AbstractLayoutVersionManager (AbstractLayoutVersionManager.java:init(83)) - Initializing Layout version manager with metadata layout = HADOOP_PRC_PORTS_IN_DATANODEDETAILS (version = 7), software layout = HADOOP_PRC_PORTS_IN_DATANODEDETAILS (version = 7)
2023-12-26 17:43:06,564 [main] INFO  statemachine.DatanodeStateMachine (DatanodeStateMachine.java:getEndPointTaskThreadPoolSize(299)) - Datanode State Machine Task Thread Pool size 2
2023-12-26 17:43:06,564 [main] ERROR lib.MethodMetric (MethodMetric.java:snapshot(117)) - Error invoking method getCommitted
java.lang.reflect.InvocationTargetException
	at sun.reflect.GeneratedMethodAccessor85.invoke(Unknown Source)
	at sun.reflect.DelegatingMethodAccessorImpl.invoke(DelegatingMethodAccessorImpl.java:43)
	at java.lang.reflect.Method.invoke(Method.java:498)
	at org.apache.hadoop.metrics2.lib.MethodMetric$2.snapshot(MethodMetric.java:111)
	at org.apache.hadoop.metrics2.lib.MethodMetric.snapshot(MethodMetric.java:142)
	at org.apache.hadoop.metrics2.lib.MetricsRegistry.snapshot(MetricsRegistry.java:447)
	at org.apache.hadoop.metrics2.lib.MetricsSourceBuilder$1.getMetrics(MetricsSourceBuilder.java:89)
	at org.apache.hadoop.metrics2.impl.MetricsSourceAdapter.getMetrics(MetricsSourceAdapter.java:200)
	at org.apache.hadoop.metrics2.impl.MetricsSourceAdapter.updateJmxCache(MetricsSourceAdapter.java:183)
	at org.apache.hadoop.metrics2.impl.MetricsSourceAdapter.getMBeanInfo(MetricsSourceAdapter.java:156)
	at com.sun.jmx.interceptor.DefaultMBeanServerInterceptor.getNewMBeanClassName(DefaultMBeanServerInterceptor.java:333)
	at com.sun.jmx.interceptor.DefaultMBeanServerInterceptor.registerMBean(DefaultMBeanServerInterceptor.java:319)
	at com.sun.jmx.mbeanserver.JmxMBeanServer.registerMBean(JmxMBeanServer.java:522)
	at org.apache.hadoop.metrics2.util.MBeans.register(MBeans.java:100)
	at org.apache.hadoop.metrics2.util.MBeans.register(MBeans.java:73)
	at org.apache.hadoop.metrics2.impl.MetricsSourceAdapter.startMBeans(MetricsSourceAdapter.java:222)
	at org.apache.hadoop.metrics2.impl.MetricsSourceAdapter.start(MetricsSourceAdapter.java:101)
	at org.apache.hadoop.metrics2.impl.MetricsSystemImpl.registerSource(MetricsSystemImpl.java:268)
	at org.apache.hadoop.metrics2.impl.MetricsSystemImpl.register(MetricsSystemImpl.java:233)
	at org.apache.hadoop.ozone.container.common.volume.VolumeInfoMetrics.init(VolumeInfoMetrics.java:50)
	at org.apache.hadoop.ozone.container.common.volume.VolumeInfoMetrics.<init>(VolumeInfoMetrics.java:45)
	at org.apache.hadoop.ozone.container.common.volume.HddsVolume.<init>(HddsVolume.java:123)
	at org.apache.hadoop.ozone.container.common.volume.HddsVolume.<init>(HddsVolume.java:71)
	at org.apache.hadoop.ozone.container.common.volume.HddsVolume$Builder.build(HddsVolume.java:111)
	at org.apache.hadoop.ozone.container.common.volume.HddsVolumeFactory.createVolume(HddsVolumeFactory.java:48)
	at org.apache.hadoop.ozone.container.common.volume.MutableVolumeSet.initializeVolumeSet(MutableVolumeSet.java:170)
	at org.apache.hadoop.ozone.container.common.volume.MutableVolumeSet.<init>(MutableVolumeSet.java:132)
	at org.apache.hadoop.ozone.container.common.volume.MutableVolumeSet.<init>(MutableVolumeSet.java:96)
	at org.apache.hadoop.ozone.container.ozoneimpl.OzoneContainer.<init>(OzoneContainer.java:149)
	at org.apache.hadoop.ozone.container.common.statemachine.DatanodeStateMachine.<init>(DatanodeStateMachine.java:186)
	at org.apache.hadoop.ozone.HddsDatanodeService.start(HddsDatanodeService.java:296)
	at org.apache.hadoop.ozone.MiniOzoneClusterImpl.startHddsDatanode(MiniOzoneClusterImpl.java:489)
	at java.util.ArrayList.forEach(ArrayList.java:1259)
	at org.apache.hadoop.ozone.MiniOzoneClusterImpl.startHddsDatanodes(MiniOzoneClusterImpl.java:497)
	at org.apache.hadoop.ozone.MiniOzoneClusterImpl$Builder.build(MiniOzoneClusterImpl.java:627)
	at org.apache.hadoop.ozone.client.rpc.TestWatchForCommit.init(TestWatchForCommit.java:149)
	at sun.reflect.NativeMethodAccessorImpl.invoke0(Native Method)
	at sun.reflect.NativeMethodAccessorImpl.invoke(NativeMethodAccessorImpl.java:62)
	at sun.reflect.DelegatingMethodAccessorImpl.invoke(DelegatingMethodAccessorImpl.java:43)
	at java.lang.reflect.Method.invoke(Method.java:498)
	at org.junit.platform.commons.util.ReflectionUtils.invokeMethod(ReflectionUtils.java:728)
	at org.junit.jupiter.engine.execution.MethodInvocation.proceed(MethodInvocation.java:60)
	at org.junit.jupiter.engine.execution.InvocationInterceptorChain$ValidatingInvocation.proceed(InvocationInterceptorChain.java:131)
	at org.junit.jupiter.engine.extension.TimeoutExtension.intercept(TimeoutExtension.java:156)
	at org.junit.jupiter.engine.extension.TimeoutExtension.interceptLifecycleMethod(TimeoutExtension.java:128)
	at org.junit.jupiter.engine.extension.TimeoutExtension.interceptBeforeEachMethod(TimeoutExtension.java:78)
	at org.junit.jupiter.engine.execution.InterceptingExecutableInvoker$ReflectiveInterceptorCall.lambda$ofVoidMethod$0(InterceptingExecutableInvoker.java:103)
	at org.junit.jupiter.engine.execution.InterceptingExecutableInvoker.lambda$invoke$0(InterceptingExecutableInvoker.java:93)
	at org.junit.jupiter.engine.execution.InvocationInterceptorChain$InterceptedInvocation.proceed(InvocationInterceptorChain.java:106)
	at org.junit.jupiter.engine.execution.InvocationInterceptorChain.proceed(InvocationInterceptorChain.java:64)
	at org.junit.jupiter.engine.execution.InvocationInterceptorChain.chainAndInvoke(InvocationInterceptorChain.java:45)
	at org.junit.jupiter.engine.execution.InvocationInterceptorChain.invoke(InvocationInterceptorChain.java:37)
	at org.junit.jupiter.engine.execution.InterceptingExecutableInvoker.invoke(InterceptingExecutableInvoker.java:92)
	at org.junit.jupiter.engine.execution.InterceptingExecutableInvoker.invoke(InterceptingExecutableInvoker.java:86)
	at org.junit.jupiter.engine.descriptor.ClassBasedTestDescriptor.invokeMethodInExtensionContext(ClassBasedTestDescriptor.java:521)
	at org.junit.jupiter.engine.descriptor.ClassBasedTestDescriptor.lambda$synthesizeBeforeEachMethodAdapter$23(ClassBasedTestDescriptor.java:506)
	at org.junit.jupiter.engine.descriptor.TestMethodTestDescriptor.lambda$invokeBeforeEachMethods$3(TestMethodTestDescriptor.java:175)
	at org.junit.jupiter.engine.descriptor.TestMethodTestDescriptor.lambda$invokeBeforeMethodsOrCallbacksUntilExceptionOccurs$6(TestMethodTestDescriptor.java:203)
	at org.junit.platform.engine.support.hierarchical.ThrowableCollector.execute(ThrowableCollector.java:73)
	at org.junit.jupiter.engine.descriptor.TestMethodTestDescriptor.invokeBeforeMethodsOrCallbacksUntilExceptionOccurs(TestMethodTestDescriptor.java:203)
	at org.junit.jupiter.engine.descriptor.TestMethodTestDescriptor.invokeBeforeEachMethods(TestMethodTestDescriptor.java:172)
	at org.junit.jupiter.engine.descriptor.TestMethodTestDescriptor.execute(TestMethodTestDescriptor.java:135)
	at org.junit.jupiter.engine.descriptor.TestMethodTestDescriptor.execute(TestMethodTestDescriptor.java:69)
	at org.junit.platform.engine.support.hierarchical.NodeTestTask.lambda$executeRecursively$6(NodeTestTask.java:151)
	at org.junit.platform.engine.support.hierarchical.ThrowableCollector.execute(ThrowableCollector.java:73)
	at org.junit.platform.engine.support.hierarchical.NodeTestTask.lambda$executeRecursively$8(NodeTestTask.java:141)
	at org.junit.platform.engine.support.hierarchical.Node.around(Node.java:137)
	at org.junit.platform.engine.support.hierarchical.NodeTestTask.lambda$executeRecursively$9(NodeTestTask.java:139)
	at org.junit.platform.engine.support.hierarchical.ThrowableCollector.execute(ThrowableCollector.java:73)
	at org.junit.platform.engine.support.hierarchical.NodeTestTask.executeRecursively(NodeTestTask.java:138)
	at org.junit.platform.engine.support.hierarchical.NodeTestTask.execute(NodeTestTask.java:95)
	at java.util.ArrayList.forEach(ArrayList.java:1259)
	at org.junit.platform.engine.support.hierarchical.SameThreadHierarchicalTestExecutorService.invokeAll(SameThreadHierarchicalTestExecutorService.java:41)
	at org.junit.platform.engine.support.hierarchical.NodeTestTask.lambda$executeRecursively$6(NodeTestTask.java:155)
	at org.junit.platform.engine.support.hierarchical.ThrowableCollector.execute(ThrowableCollector.java:73)
	at org.junit.platform.engine.support.hierarchical.NodeTestTask.lambda$executeRecursively$8(NodeTestTask.java:141)
	at org.junit.platform.engine.support.hierarchical.Node.around(Node.java:137)
	at org.junit.platform.engine.support.hierarchical.NodeTestTask.lambda$executeRecursively$9(NodeTestTask.java:139)
	at org.junit.platform.engine.support.hierarchical.ThrowableCollector.execute(ThrowableCollector.java:73)
	at org.junit.platform.engine.support.hierarchical.NodeTestTask.executeRecursively(NodeTestTask.java:138)
	at org.junit.platform.engine.support.hierarchical.NodeTestTask.execute(NodeTestTask.java:95)
	at java.util.ArrayList.forEach(ArrayList.java:1259)
	at org.junit.platform.engine.support.hierarchical.SameThreadHierarchicalTestExecutorService.invokeAll(SameThreadHierarchicalTestExecutorService.java:41)
	at org.junit.platform.engine.support.hierarchical.NodeTestTask.lambda$executeRecursively$6(NodeTestTask.java:155)
	at org.junit.platform.engine.support.hierarchical.ThrowableCollector.execute(ThrowableCollector.java:73)
	at org.junit.platform.engine.support.hierarchical.NodeTestTask.lambda$executeRecursively$8(NodeTestTask.java:141)
	at org.junit.platform.engine.support.hierarchical.Node.around(Node.java:137)
	at org.junit.platform.engine.support.hierarchical.NodeTestTask.lambda$executeRecursively$9(NodeTestTask.java:139)
	at org.junit.platform.engine.support.hierarchical.ThrowableCollector.execute(ThrowableCollector.java:73)
	at org.junit.platform.engine.support.hierarchical.NodeTestTask.executeRecursively(NodeTestTask.java:138)
	at org.junit.platform.engine.support.hierarchical.NodeTestTask.execute(NodeTestTask.java:95)
	at org.junit.platform.engine.support.hierarchical.SameThreadHierarchicalTestExecutorService.submit(SameThreadHierarchicalTestExecutorService.java:35)
	at org.junit.platform.engine.support.hierarchical.HierarchicalTestExecutor.execute(HierarchicalTestExecutor.java:57)
	at org.junit.platform.engine.support.hierarchical.HierarchicalTestEngine.execute(HierarchicalTestEngine.java:54)
	at org.junit.platform.launcher.core.EngineExecutionOrchestrator.execute(EngineExecutionOrchestrator.java:198)
	at org.junit.platform.launcher.core.EngineExecutionOrchestrator.execute(EngineExecutionOrchestrator.java:169)
	at org.junit.platform.launcher.core.EngineExecutionOrchestrator.execute(EngineExecutionOrchestrator.java:93)
	at org.junit.platform.launcher.core.EngineExecutionOrchestrator.lambda$execute$0(EngineExecutionOrchestrator.java:58)
	at org.junit.platform.launcher.core.EngineExecutionOrchestrator.withInterceptedStreams(EngineExecutionOrchestrator.java:141)
	at org.junit.platform.launcher.core.EngineExecutionOrchestrator.execute(EngineExecutionOrchestrator.java:57)
	at org.junit.platform.launcher.core.DefaultLauncher.execute(DefaultLauncher.java:103)
	at org.junit.platform.launcher.core.DefaultLauncher.execute(DefaultLauncher.java:85)
	at org.junit.platform.launcher.core.DelegatingLauncher.execute(DelegatingLauncher.java:47)
	at org.apache.maven.surefire.junitplatform.LazyLauncher.execute(LazyLauncher.java:56)
	at org.apache.maven.surefire.junitplatform.JUnitPlatformProvider.execute(JUnitPlatformProvider.java:184)
	at org.apache.maven.surefire.junitplatform.JUnitPlatformProvider.invokeAllTests(JUnitPlatformProvider.java:148)
	at org.apache.maven.surefire.junitplatform.JUnitPlatformProvider.invoke(JUnitPlatformProvider.java:120)
	at org.apache.maven.surefire.booter.ForkedBooter.runSuitesInProcess(ForkedBooter.java:385)
	at org.apache.maven.surefire.booter.ForkedBooter.execute(ForkedBooter.java:162)
	at org.apache.maven.surefire.booter.ForkedBooter.run(ForkedBooter.java:507)
	at org.apache.maven.surefire.booter.ForkedBooter.main(ForkedBooter.java:495)
Caused by: java.lang.NullPointerException
	at org.apache.hadoop.ozone.container.common.volume.HddsVolume.getCommittedBytes(HddsVolume.java:303)
	at org.apache.hadoop.ozone.container.common.volume.VolumeInfoMetrics.getCommitted(VolumeInfoMetrics.java:147)
	... 111 more
2023-12-26 17:43:06,565 [main] INFO  volume.HddsVolume (HddsVolume.java:<init>(126)) - Creating HddsVolume: /home/runner/work/ozone/ozone/hadoop-ozone/integration-test/target/test-dir/MiniOzoneClusterImpl-a136b03b-8403-429e-9870-8bf85e606ef3/datanode-2/data-0/containers/hdds of storage type : DISK capacity : 9223372036854775807
2023-12-26 17:43:06,565 [main] INFO  volume.MutableVolumeSet (MutableVolumeSet.java:initializeVolumeSet(173)) - Added Volume : /home/runner/work/ozone/ozone/hadoop-ozone/integration-test/target/test-dir/MiniOzoneClusterImpl-a136b03b-8403-429e-9870-8bf85e606ef3/datanode-2/data-0/containers/hdds to VolumeSet
2023-12-26 17:43:06,566 [main] INFO  volume.MutableVolumeSet (MutableVolumeSet.java:initializeVolumeSet(173)) - Added Volume : /home/runner/work/ozone/ozone/hadoop-ozone/integration-test/target/test-dir/MiniOzoneClusterImpl-a136b03b-8403-429e-9870-8bf85e606ef3/datanode-2/data/ratis to VolumeSet
2023-12-26 17:43:06,566 [main] INFO  ozoneimpl.OzoneContainer (HddsVolumeUtil.java:loadAllHddsVolumeDbStore(103)) - Load 1 volumes DbStore cost: 0ms
2023-12-26 17:43:06,567 [330054a7-df09-49b5-8777-358ad940382e-ContainerReader-0] INFO  ozoneimpl.ContainerReader (ContainerReader.java:readVolume(178)) - Finish verifying containers on volume /home/runner/work/ozone/ozone/hadoop-ozone/integration-test/target/test-dir/MiniOzoneClusterImpl-a136b03b-8403-429e-9870-8bf85e606ef3/datanode-2/data-0/containers/hdds
2023-12-26 17:43:06,567 [main] INFO  ozoneimpl.OzoneContainer (OzoneContainer.java:buildContainerSet(326)) - Build ContainerSet costs 0s
2023-12-26 17:43:06,568 [main] INFO  server.RaftServer (ConfUtils.java:logGet(46)) - raft.rpc.type = GRPC (default)
2023-12-26 17:43:06,568 [main] INFO  grpc.GrpcConfigKeys (ConfUtils.java:logFallback(53)) - raft.grpc.admin.host = null (fallback to raft.grpc.server.host)
2023-12-26 17:43:06,569 [main] INFO  grpc.GrpcConfigKeys (ConfUtils.java:logGet(46)) - raft.grpc.admin.port = 15209 (custom)
2023-12-26 17:43:06,569 [main] INFO  grpc.GrpcConfigKeys (ConfUtils.java:logFallback(53)) - raft.grpc.client.host = null (fallback to raft.grpc.server.host)
2023-12-26 17:43:06,569 [main] INFO  grpc.GrpcConfigKeys (ConfUtils.java:logGet(46)) - raft.grpc.client.port = 15208 (custom)
2023-12-26 17:43:06,569 [main] INFO  grpc.GrpcConfigKeys (ConfUtils.java:logGet(46)) - raft.grpc.server.host = null (default)
2023-12-26 17:43:06,569 [main] INFO  grpc.GrpcConfigKeys (ConfUtils.java:logGet(46)) - raft.grpc.server.port = 15210 (custom)
2023-12-26 17:43:06,569 [main] INFO  server.GrpcService (ConfUtils.java:logGet(46)) - raft.grpc.message.size.max = 32MB (=33554432) (custom)
2023-12-26 17:43:06,570 [main] INFO  server.RaftServerConfigKeys (ConfUtils.java:logGet(46)) - raft.server.log.appender.buffer.byte-limit = 8388608 (custom)
2023-12-26 17:43:06,570 [main] INFO  server.GrpcService (ConfUtils.java:logGet(46)) - raft.grpc.flow.control.window = 5MB (=5242880) (custom)
2023-12-26 17:43:06,570 [main] INFO  server.RaftServerConfigKeys (ConfUtils.java:logGet(46)) - raft.server.rpc.request.timeout = 3000ms (default)
2023-12-26 17:43:06,570 [main] INFO  grpc.GrpcConfigKeys (ConfUtils.java:logGet(46)) - raft.grpc.server.heartbeat.channel = true (default)
2023-12-26 17:43:06,570 [main] INFO  grpc.GrpcConfigKeys (ConfUtils.java:logGet(46)) - raft.grpc.server.async.request.thread.pool.cached = true (default)
2023-12-26 17:43:06,570 [main] INFO  grpc.GrpcConfigKeys (ConfUtils.java:logGet(46)) - raft.grpc.server.async.request.thread.pool.size = 32 (default)
2023-12-26 17:43:06,572 [main] INFO  impl.DataStreamServerImpl (ConfUtils.java:logGet(46)) - raft.datastream.type = NETTY (custom)
2023-12-26 17:43:06,573 [main] INFO  server.RaftServerConfigKeys (ConfUtils.java:logGet(46)) - raft.server.data-stream.async.request.thread.pool.cached = false (default)
2023-12-26 17:43:06,573 [main] INFO  server.RaftServerConfigKeys (ConfUtils.java:logGet(46)) - raft.server.data-stream.async.request.thread.pool.size = 20 (custom)
2023-12-26 17:43:06,573 [main] INFO  server.RaftServerConfigKeys (ConfUtils.java:logGet(46)) - raft.server.data-stream.async.write.thread.pool.size = 16 (default)
2023-12-26 17:43:06,573 [main] INFO  netty.NettyConfigKeys$DataStream (ConfUtils.java:logGet(46)) - raft.netty.dataStream.server.channel.inactive.grace-period = 10min (default)
2023-12-26 17:43:06,573 [main] INFO  server.RaftServerConfigKeys (ConfUtils.java:logGet(46)) - raft.server.data-stream.client.pool.size = 10 (default)
2023-12-26 17:43:06,573 [main] INFO  netty.NettyConfigKeys$DataStream (ConfUtils.java:logGet(46)) - raft.netty.dataStream.server.use-epoll = true (default)
2023-12-26 17:43:06,574 [main] INFO  netty.NettyConfigKeys$DataStream (ConfUtils.java:logGet(46)) - raft.netty.dataStream.server.boss-group.size = 0 (default)
2023-12-26 17:43:06,574 [main] INFO  netty.NettyUtils (NettyUtils.java:newEventLoopGroup(69)) - Create EpollEventLoopGroup for 330054a7-df09-49b5-8777-358ad940382e-NettyServerStreamRpc-bossGroup; Thread size is 0.
2023-12-26 17:43:06,574 [main] INFO  netty.NettyConfigKeys$DataStream (ConfUtils.java:logGet(46)) - raft.netty.dataStream.server.worker-group.size = 0 (default)
2023-12-26 17:43:06,574 [main] INFO  netty.NettyUtils (NettyUtils.java:newEventLoopGroup(69)) - Create EpollEventLoopGroup for 330054a7-df09-49b5-8777-358ad940382e-NettyServerStreamRpc-workerGroup; Thread size is 0.
2023-12-26 17:43:06,574 [main] INFO  netty.NettyConfigKeys$DataStream (ConfUtils.java:logGet(46)) - raft.netty.dataStream.server.tls.conf = null (default)
2023-12-26 17:43:06,574 [main] INFO  netty.NettyConfigKeys$DataStream (ConfUtils.java:logGet(46)) - raft.netty.dataStream.host = null (default)
2023-12-26 17:43:06,574 [main] INFO  netty.NettyConfigKeys$DataStream (ConfUtils.java:logGet(46)) - raft.netty.dataStream.port = 15211 (custom)
2023-12-26 17:43:06,575 [main] INFO  server.RaftServerConfigKeys (ConfUtils.java:logGet(46)) - raft.server.sleep.deviation.threshold = 300ms (default)
2023-12-26 17:43:06,575 [main] INFO  server.RaftServerConfigKeys (ConfUtils.java:logGet(46)) - raft.server.close.threshold = 60s (default)
2023-12-26 17:43:06,575 [330054a7-df09-49b5-8777-358ad940382e-NettyServerStreamRpc-bossGroup--thread1] INFO  logging.LoggingHandler (AbstractInternalLogger.java:log(148)) - [id: 0x085f5229] REGISTERED
2023-12-26 17:43:06,575 [main] INFO  server.RaftServerConfigKeys (ConfUtils.java:logGet(46)) - raft.server.leaderelection.leader.step-down.wait-time = 10s (default)
2023-12-26 17:43:06,575 [330054a7-df09-49b5-8777-358ad940382e-NettyServerStreamRpc-bossGroup--thread1] INFO  logging.LoggingHandler (AbstractInternalLogger.java:log(148)) - [id: 0x085f5229] BIND: 0.0.0.0/0.0.0.0:15211
2023-12-26 17:43:06,575 [main] INFO  server.RaftServerConfigKeys (ConfUtils.java:logGet(46)) - raft.server.storage.dir = [/home/runner/work/ozone/ozone/hadoop-ozone/integration-test/target/test-dir/MiniOzoneClusterImpl-a136b03b-8403-429e-9870-8bf85e606ef3/datanode-2/data/ratis] (custom)
2023-12-26 17:43:06,575 [330054a7-df09-49b5-8777-358ad940382e-NettyServerStreamRpc-bossGroup--thread1] INFO  logging.LoggingHandler (AbstractInternalLogger.java:log(148)) - [id: 0x085f5229, L:/0.0.0.0:15211] ACTIVE
2023-12-26 17:43:06,576 [main] INFO  server.RaftServerConfigKeys (ConfUtils.java:logGet(46)) - raft.server.threadpool.proxy.cached = true (default)
2023-12-26 17:43:06,576 [main] INFO  server.RaftServerConfigKeys (ConfUtils.java:logGet(46)) - raft.server.threadpool.proxy.size = 0 (default)
2023-12-26 17:43:06,576 [330054a7-df09-49b5-8777-358ad940382e-impl-thread1] INFO  server.RaftServer (RaftServerProxy.java:initGroupDir(264)) - 330054a7-df09-49b5-8777-358ad940382e: found a subdirectory /home/runner/work/ozone/ozone/hadoop-ozone/integration-test/target/test-dir/MiniOzoneClusterImpl-a136b03b-8403-429e-9870-8bf85e606ef3/datanode-2/data/ratis/tmp
2023-12-26 17:43:06,576 [330054a7-df09-49b5-8777-358ad940382e-impl-thread1] INFO  server.RaftServer (RaftServerProxy.java:initGroupDir(269)) - 330054a7-df09-49b5-8777-358ad940382e: The directory /home/runner/work/ozone/ozone/hadoop-ozone/integration-test/target/test-dir/MiniOzoneClusterImpl-a136b03b-8403-429e-9870-8bf85e606ef3/datanode-2/data/ratis/tmp is not a group directory; ignoring it. 
2023-12-26 17:43:06,577 [main] INFO  replication.ReplicationServer (ReplicationServer.java:<init>(85)) - Initializing replication server with thread count = 10 queue length = 4096
2023-12-26 17:43:06,578 [main] INFO  server.XceiverServerGrpc (XceiverServerGrpc.java:<init>(141)) - GrpcServer channel type EpollServerSocketChannel
2023-12-26 17:43:06,579 [main] INFO  replication.ReplicationSupervisor (ReplicationSupervisor.java:build(163)) - Initializing replication supervisor with thread count = 10
2023-12-26 17:43:06,579 [main] INFO  replication.ReplicationSupervisor (ReplicationSupervisor.java:nodeStateUpdated(317)) - Node state updated to IN_SERVICE, scaling executor pool size to 10
2023-12-26 17:43:06,580 [main] INFO  http.BaseHttpServer (BaseHttpServer.java:newHttpServer2BuilderForOzone(223)) - Starting Web-server for hddsDatanode at: http://0.0.0.0:15205
2023-12-26 17:43:06,581 [main] INFO  http.BaseHttpServer (BaseHttpServer.java:<init>(110)) - Hadoop Security Enabled: false Ozone Security Enabled: false Ozone HTTP Security Enabled: false 
2023-12-26 17:43:06,582 [main] WARN  server.AuthenticationFilter (AuthenticationFilter.java:constructSecretProvider(240)) - Unable to initialize FileSignerSecretProvider, falling back to use random secrets. Reason: Could not read signature secret file: /home/runner/hadoop-http-auth-signature-secret
2023-12-26 17:43:06,582 [main] INFO  http.HttpRequestLog (HttpRequestLog.java:getRequestLog(86)) - Http request log for http.requests.hddsDatanode is not defined
2023-12-26 17:43:06,583 [main] INFO  http.HttpServer2 (HttpServer2.java:addGlobalFilter(1036)) - Added global filter 'safety' (class=org.apache.hadoop.hdds.server.http.HttpServer2$QuotingInputFilter)
2023-12-26 17:43:06,584 [main] INFO  http.HttpServer2 (HttpServer2.java:addFilter(1012)) - Added filter static_user_filter (class=org.apache.hadoop.http.lib.StaticUserWebFilter$StaticUserFilter) to context hddsDatanode
2023-12-26 17:43:06,584 [main] INFO  http.HttpServer2 (HttpServer2.java:addFilter(1020)) - Added filter static_user_filter (class=org.apache.hadoop.http.lib.StaticUserWebFilter$StaticUserFilter) to context static
2023-12-26 17:43:06,584 [main] INFO  http.HttpServer2 (HttpServer2.java:addFilter(1020)) - Added filter static_user_filter (class=org.apache.hadoop.http.lib.StaticUserWebFilter$StaticUserFilter) to context logs
2023-12-26 17:43:06,584 [main] INFO  http.BaseHttpServer (BaseHttpServer.java:<init>(189)) - HTTP server of hddsDatanode uses base directory /home/runner/work/ozone/ozone/hadoop-ozone/integration-test/target/test-dir/MiniOzoneClusterImpl-a136b03b-8403-429e-9870-8bf85e606ef3/datanode-2/meta/webserver
2023-12-26 17:43:06,585 [main] INFO  http.HttpServer2 (HttpServer2.java:bindListener(1236)) - Jetty bound to port 15205
2023-12-26 17:43:06,585 [main] INFO  server.Server (Server.java:doStart(375)) - jetty-9.4.53.v20231009; built: 2023-10-09T12:29:09.265Z; git: 27bde00a0b95a1d5bbee0eae7984f891d2d0f8c9; jvm 1.8.0_392-b08
2023-12-26 17:43:06,586 [main] INFO  server.session (DefaultSessionIdManager.java:doStart(334)) - DefaultSessionIdManager workerName=node0
2023-12-26 17:43:06,586 [main] INFO  server.session (DefaultSessionIdManager.java:doStart(339)) - No SessionScavenger set, using defaults
2023-12-26 17:43:06,586 [main] INFO  server.session (HouseKeeper.java:startScavenging(132)) - node0 Scavenging every 660000ms
2023-12-26 17:43:06,587 [main] INFO  handler.ContextHandler (ContextHandler.java:doStart(921)) - Started o.e.j.s.ServletContextHandler@7c7d57c{logs,/logs,file:///home/runner/work/ozone/ozone/hadoop-ozone/integration-test/target/log,AVAILABLE}
2023-12-26 17:43:06,587 [main] INFO  handler.ContextHandler (ContextHandler.java:doStart(921)) - Started o.e.j.s.ServletContextHandler@3af4d49d{static,/static,jar:file:/home/runner/.m2/repository/org/apache/ozone/hdds-container-service/1.5.0-SNAPSHOT/hdds-container-service-1.5.0-SNAPSHOT.jar!/webapps/static,AVAILABLE}
2023-12-26 17:43:06,618 [main] INFO  handler.ContextHandler (ContextHandler.java:doStart(921)) - Started o.e.j.w.WebAppContext@4e32cdc6{hddsDatanode,/,file:///home/runner/work/ozone/ozone/hadoop-ozone/integration-test/target/test-dir/MiniOzoneClusterImpl-a136b03b-8403-429e-9870-8bf85e606ef3/datanode-2/meta/webserver/jetty-0_0_0_0-15205-hdds-container-service-1_5_0-SNAPSHOT_jar-_-any-2038215890467743943/webapp/,AVAILABLE}{jar:file:/home/runner/.m2/repository/org/apache/ozone/hdds-container-service/1.5.0-SNAPSHOT/hdds-container-service-1.5.0-SNAPSHOT.jar!/webapps/hddsDatanode}
2023-12-26 17:43:06,619 [main] INFO  server.AbstractConnector (AbstractConnector.java:doStart(333)) - Started ServerConnector@2341f795{HTTP/1.1, (http/1.1)}{0.0.0.0:15205}
2023-12-26 17:43:06,620 [main] INFO  server.Server (Server.java:doStart(415)) - Started @84272ms
2023-12-26 17:43:06,620 [main] WARN  impl.MetricsSystemImpl (MetricsSystemImpl.java:register(279)) - Sink prometheus already exists!
2023-12-26 17:43:06,620 [main] INFO  http.BaseHttpServer (BaseHttpServer.java:updateConnectorAddress(354)) - HTTP server of hddsDatanode listening at http://0.0.0.0:15205
2023-12-26 17:43:06,621 [main] INFO  ipc.CallQueueManager (CallQueueManager.java:<init>(90)) - Using callQueue: class java.util.concurrent.LinkedBlockingQueue, queueCapacity: 100, scheduler: class org.apache.hadoop.ipc.DefaultRpcScheduler, ipcBackoff: false.
2023-12-26 17:43:06,621 [main] INFO  ipc.Server (Server.java:<init>(1287)) - Listener at 0.0.0.0:15206
2023-12-26 17:43:06,621 [Socket Reader #1 for port 15206] INFO  ipc.Server (Server.java:run(1323)) - Starting Socket Reader #1 for port 15206
2023-12-26 17:43:06,622 [main] INFO  ozone.HddsDatanodeService (HddsDatanodeService.java:start(324)) - Datanode start with admins: [runner]
2023-12-26 17:43:06,623 [main] INFO  ozone.HddsDatanodeClientProtocolServer (HddsDatanodeClientProtocolServer.java:start(72)) - RPC server for Client /0.0.0.0:15206
2023-12-26 17:43:06,623 [IPC Server Responder] INFO  ipc.Server (Server.java:run(1562)) - IPC Server Responder: starting
2023-12-26 17:43:06,623 [IPC Server listener on 15206] INFO  ipc.Server (Server.java:run(1402)) - IPC Server listener on 15206: starting
2023-12-26 17:43:06,624 [330054a7-df09-49b5-8777-358ad940382e-DatanodeStateMachineDaemonThread] INFO  statemachine.DatanodeStateMachine (DatanodeStateMachine.java:lambda$startDaemon$1(555)) - Ozone container server started.
2023-12-26 17:43:06,624 [main] WARN  dropwizard3.Dm3MetricRegistriesImpl (Dm3MetricRegistriesImpl.java:addReporterRegistration(113)) - New reporters are added after registries were created. Some metrics will be missing from the reporter. Please add reporter before adding any new registry.
2023-12-26 17:43:06,625 [main] WARN  dropwizard3.Dm3MetricRegistriesImpl (Dm3MetricRegistriesImpl.java:addReporterRegistration(113)) - New reporters are added after registries were created. Some metrics will be missing from the reporter. Please add reporter before adding any new registry.
2023-12-26 17:43:06,625 [main] INFO  impl.MetricsSystemImpl (MetricsSystemImpl.java:init(158)) - HddsDatanode metrics system started (again)
2023-12-26 17:43:06,627 [330054a7-df09-49b5-8777-358ad940382e-DatanodeStateMachineTaskThread-0] INFO  datanode.InitDatanodeState (InitDatanodeState.java:persistContainerDatanodeDetails(139)) - DatanodeDetails is persisted to /home/runner/work/ozone/ozone/hadoop-ozone/integration-test/target/test-dir/MiniOzoneClusterImpl-a136b03b-8403-429e-9870-8bf85e606ef3/datanode-2/meta/datanode.id
2023-12-26 17:43:06,633 [main] INFO  ozone.HddsDatanodeService (HddsDatanodeService.java:start(239)) - HddsDatanodeService host:fv-az1381-115 ip:10.1.0.4
2023-12-26 17:43:06,651 [main] INFO  upgrade.AbstractLayoutVersionManager (AbstractLayoutVersionManager.java:init(83)) - Initializing Layout version manager with metadata layout = HADOOP_PRC_PORTS_IN_DATANODEDETAILS (version = 7), software layout = HADOOP_PRC_PORTS_IN_DATANODEDETAILS (version = 7)
2023-12-26 17:43:06,651 [main] INFO  statemachine.DatanodeStateMachine (DatanodeStateMachine.java:getEndPointTaskThreadPoolSize(299)) - Datanode State Machine Task Thread Pool size 2
2023-12-26 17:43:06,652 [main] ERROR lib.MethodMetric (MethodMetric.java:snapshot(117)) - Error invoking method getCommitted
java.lang.reflect.InvocationTargetException
	at sun.reflect.GeneratedMethodAccessor85.invoke(Unknown Source)
	at sun.reflect.DelegatingMethodAccessorImpl.invoke(DelegatingMethodAccessorImpl.java:43)
	at java.lang.reflect.Method.invoke(Method.java:498)
	at org.apache.hadoop.metrics2.lib.MethodMetric$2.snapshot(MethodMetric.java:111)
	at org.apache.hadoop.metrics2.lib.MethodMetric.snapshot(MethodMetric.java:142)
	at org.apache.hadoop.metrics2.lib.MetricsRegistry.snapshot(MetricsRegistry.java:447)
	at org.apache.hadoop.metrics2.lib.MetricsSourceBuilder$1.getMetrics(MetricsSourceBuilder.java:89)
	at org.apache.hadoop.metrics2.impl.MetricsSourceAdapter.getMetrics(MetricsSourceAdapter.java:200)
	at org.apache.hadoop.metrics2.impl.MetricsSourceAdapter.updateJmxCache(MetricsSourceAdapter.java:183)
	at org.apache.hadoop.metrics2.impl.MetricsSourceAdapter.getMBeanInfo(MetricsSourceAdapter.java:156)
	at com.sun.jmx.interceptor.DefaultMBeanServerInterceptor.getNewMBeanClassName(DefaultMBeanServerInterceptor.java:333)
	at com.sun.jmx.interceptor.DefaultMBeanServerInterceptor.registerMBean(DefaultMBeanServerInterceptor.java:319)
	at com.sun.jmx.mbeanserver.JmxMBeanServer.registerMBean(JmxMBeanServer.java:522)
	at org.apache.hadoop.metrics2.util.MBeans.register(MBeans.java:100)
	at org.apache.hadoop.metrics2.util.MBeans.register(MBeans.java:73)
	at org.apache.hadoop.metrics2.impl.MetricsSourceAdapter.startMBeans(MetricsSourceAdapter.java:222)
	at org.apache.hadoop.metrics2.impl.MetricsSourceAdapter.start(MetricsSourceAdapter.java:101)
	at org.apache.hadoop.metrics2.impl.MetricsSystemImpl.registerSource(MetricsSystemImpl.java:268)
	at org.apache.hadoop.metrics2.impl.MetricsSystemImpl.register(MetricsSystemImpl.java:233)
	at org.apache.hadoop.ozone.container.common.volume.VolumeInfoMetrics.init(VolumeInfoMetrics.java:50)
	at org.apache.hadoop.ozone.container.common.volume.VolumeInfoMetrics.<init>(VolumeInfoMetrics.java:45)
	at org.apache.hadoop.ozone.container.common.volume.HddsVolume.<init>(HddsVolume.java:123)
	at org.apache.hadoop.ozone.container.common.volume.HddsVolume.<init>(HddsVolume.java:71)
	at org.apache.hadoop.ozone.container.common.volume.HddsVolume$Builder.build(HddsVolume.java:111)
	at org.apache.hadoop.ozone.container.common.volume.HddsVolumeFactory.createVolume(HddsVolumeFactory.java:48)
	at org.apache.hadoop.ozone.container.common.volume.MutableVolumeSet.initializeVolumeSet(MutableVolumeSet.java:170)
	at org.apache.hadoop.ozone.container.common.volume.MutableVolumeSet.<init>(MutableVolumeSet.java:132)
	at org.apache.hadoop.ozone.container.common.volume.MutableVolumeSet.<init>(MutableVolumeSet.java:96)
	at org.apache.hadoop.ozone.container.ozoneimpl.OzoneContainer.<init>(OzoneContainer.java:149)
	at org.apache.hadoop.ozone.container.common.statemachine.DatanodeStateMachine.<init>(DatanodeStateMachine.java:186)
	at org.apache.hadoop.ozone.HddsDatanodeService.start(HddsDatanodeService.java:296)
	at org.apache.hadoop.ozone.MiniOzoneClusterImpl.startHddsDatanode(MiniOzoneClusterImpl.java:489)
	at java.util.ArrayList.forEach(ArrayList.java:1259)
	at org.apache.hadoop.ozone.MiniOzoneClusterImpl.startHddsDatanodes(MiniOzoneClusterImpl.java:497)
	at org.apache.hadoop.ozone.MiniOzoneClusterImpl$Builder.build(MiniOzoneClusterImpl.java:627)
	at org.apache.hadoop.ozone.client.rpc.TestWatchForCommit.init(TestWatchForCommit.java:149)
	at sun.reflect.NativeMethodAccessorImpl.invoke0(Native Method)
	at sun.reflect.NativeMethodAccessorImpl.invoke(NativeMethodAccessorImpl.java:62)
	at sun.reflect.DelegatingMethodAccessorImpl.invoke(DelegatingMethodAccessorImpl.java:43)
	at java.lang.reflect.Method.invoke(Method.java:498)
	at org.junit.platform.commons.util.ReflectionUtils.invokeMethod(ReflectionUtils.java:728)
	at org.junit.jupiter.engine.execution.MethodInvocation.proceed(MethodInvocation.java:60)
	at org.junit.jupiter.engine.execution.InvocationInterceptorChain$ValidatingInvocation.proceed(InvocationInterceptorChain.java:131)
	at org.junit.jupiter.engine.extension.TimeoutExtension.intercept(TimeoutExtension.java:156)
	at org.junit.jupiter.engine.extension.TimeoutExtension.interceptLifecycleMethod(TimeoutExtension.java:128)
	at org.junit.jupiter.engine.extension.TimeoutExtension.interceptBeforeEachMethod(TimeoutExtension.java:78)
	at org.junit.jupiter.engine.execution.InterceptingExecutableInvoker$ReflectiveInterceptorCall.lambda$ofVoidMethod$0(InterceptingExecutableInvoker.java:103)
	at org.junit.jupiter.engine.execution.InterceptingExecutableInvoker.lambda$invoke$0(InterceptingExecutableInvoker.java:93)
	at org.junit.jupiter.engine.execution.InvocationInterceptorChain$InterceptedInvocation.proceed(InvocationInterceptorChain.java:106)
	at org.junit.jupiter.engine.execution.InvocationInterceptorChain.proceed(InvocationInterceptorChain.java:64)
	at org.junit.jupiter.engine.execution.InvocationInterceptorChain.chainAndInvoke(InvocationInterceptorChain.java:45)
	at org.junit.jupiter.engine.execution.InvocationInterceptorChain.invoke(InvocationInterceptorChain.java:37)
	at org.junit.jupiter.engine.execution.InterceptingExecutableInvoker.invoke(InterceptingExecutableInvoker.java:92)
	at org.junit.jupiter.engine.execution.InterceptingExecutableInvoker.invoke(InterceptingExecutableInvoker.java:86)
	at org.junit.jupiter.engine.descriptor.ClassBasedTestDescriptor.invokeMethodInExtensionContext(ClassBasedTestDescriptor.java:521)
	at org.junit.jupiter.engine.descriptor.ClassBasedTestDescriptor.lambda$synthesizeBeforeEachMethodAdapter$23(ClassBasedTestDescriptor.java:506)
	at org.junit.jupiter.engine.descriptor.TestMethodTestDescriptor.lambda$invokeBeforeEachMethods$3(TestMethodTestDescriptor.java:175)
	at org.junit.jupiter.engine.descriptor.TestMethodTestDescriptor.lambda$invokeBeforeMethodsOrCallbacksUntilExceptionOccurs$6(TestMethodTestDescriptor.java:203)
	at org.junit.platform.engine.support.hierarchical.ThrowableCollector.execute(ThrowableCollector.java:73)
	at org.junit.jupiter.engine.descriptor.TestMethodTestDescriptor.invokeBeforeMethodsOrCallbacksUntilExceptionOccurs(TestMethodTestDescriptor.java:203)
	at org.junit.jupiter.engine.descriptor.TestMethodTestDescriptor.invokeBeforeEachMethods(TestMethodTestDescriptor.java:172)
	at org.junit.jupiter.engine.descriptor.TestMethodTestDescriptor.execute(TestMethodTestDescriptor.java:135)
	at org.junit.jupiter.engine.descriptor.TestMethodTestDescriptor.execute(TestMethodTestDescriptor.java:69)
	at org.junit.platform.engine.support.hierarchical.NodeTestTask.lambda$executeRecursively$6(NodeTestTask.java:151)
	at org.junit.platform.engine.support.hierarchical.ThrowableCollector.execute(ThrowableCollector.java:73)
	at org.junit.platform.engine.support.hierarchical.NodeTestTask.lambda$executeRecursively$8(NodeTestTask.java:141)
	at org.junit.platform.engine.support.hierarchical.Node.around(Node.java:137)
	at org.junit.platform.engine.support.hierarchical.NodeTestTask.lambda$executeRecursively$9(NodeTestTask.java:139)
	at org.junit.platform.engine.support.hierarchical.ThrowableCollector.execute(ThrowableCollector.java:73)
	at org.junit.platform.engine.support.hierarchical.NodeTestTask.executeRecursively(NodeTestTask.java:138)
	at org.junit.platform.engine.support.hierarchical.NodeTestTask.execute(NodeTestTask.java:95)
	at java.util.ArrayList.forEach(ArrayList.java:1259)
	at org.junit.platform.engine.support.hierarchical.SameThreadHierarchicalTestExecutorService.invokeAll(SameThreadHierarchicalTestExecutorService.java:41)
	at org.junit.platform.engine.support.hierarchical.NodeTestTask.lambda$executeRecursively$6(NodeTestTask.java:155)
	at org.junit.platform.engine.support.hierarchical.ThrowableCollector.execute(ThrowableCollector.java:73)
	at org.junit.platform.engine.support.hierarchical.NodeTestTask.lambda$executeRecursively$8(NodeTestTask.java:141)
	at org.junit.platform.engine.support.hierarchical.Node.around(Node.java:137)
	at org.junit.platform.engine.support.hierarchical.NodeTestTask.lambda$executeRecursively$9(NodeTestTask.java:139)
	at org.junit.platform.engine.support.hierarchical.ThrowableCollector.execute(ThrowableCollector.java:73)
	at org.junit.platform.engine.support.hierarchical.NodeTestTask.executeRecursively(NodeTestTask.java:138)
	at org.junit.platform.engine.support.hierarchical.NodeTestTask.execute(NodeTestTask.java:95)
	at java.util.ArrayList.forEach(ArrayList.java:1259)
	at org.junit.platform.engine.support.hierarchical.SameThreadHierarchicalTestExecutorService.invokeAll(SameThreadHierarchicalTestExecutorService.java:41)
	at org.junit.platform.engine.support.hierarchical.NodeTestTask.lambda$executeRecursively$6(NodeTestTask.java:155)
	at org.junit.platform.engine.support.hierarchical.ThrowableCollector.execute(ThrowableCollector.java:73)
	at org.junit.platform.engine.support.hierarchical.NodeTestTask.lambda$executeRecursively$8(NodeTestTask.java:141)
	at org.junit.platform.engine.support.hierarchical.Node.around(Node.java:137)
	at org.junit.platform.engine.support.hierarchical.NodeTestTask.lambda$executeRecursively$9(NodeTestTask.java:139)
	at org.junit.platform.engine.support.hierarchical.ThrowableCollector.execute(ThrowableCollector.java:73)
	at org.junit.platform.engine.support.hierarchical.NodeTestTask.executeRecursively(NodeTestTask.java:138)
	at org.junit.platform.engine.support.hierarchical.NodeTestTask.execute(NodeTestTask.java:95)
	at org.junit.platform.engine.support.hierarchical.SameThreadHierarchicalTestExecutorService.submit(SameThreadHierarchicalTestExecutorService.java:35)
	at org.junit.platform.engine.support.hierarchical.HierarchicalTestExecutor.execute(HierarchicalTestExecutor.java:57)
	at org.junit.platform.engine.support.hierarchical.HierarchicalTestEngine.execute(HierarchicalTestEngine.java:54)
	at org.junit.platform.launcher.core.EngineExecutionOrchestrator.execute(EngineExecutionOrchestrator.java:198)
	at org.junit.platform.launcher.core.EngineExecutionOrchestrator.execute(EngineExecutionOrchestrator.java:169)
	at org.junit.platform.launcher.core.EngineExecutionOrchestrator.execute(EngineExecutionOrchestrator.java:93)
	at org.junit.platform.launcher.core.EngineExecutionOrchestrator.lambda$execute$0(EngineExecutionOrchestrator.java:58)
	at org.junit.platform.launcher.core.EngineExecutionOrchestrator.withInterceptedStreams(EngineExecutionOrchestrator.java:141)
	at org.junit.platform.launcher.core.EngineExecutionOrchestrator.execute(EngineExecutionOrchestrator.java:57)
	at org.junit.platform.launcher.core.DefaultLauncher.execute(DefaultLauncher.java:103)
	at org.junit.platform.launcher.core.DefaultLauncher.execute(DefaultLauncher.java:85)
	at org.junit.platform.launcher.core.DelegatingLauncher.execute(DelegatingLauncher.java:47)
	at org.apache.maven.surefire.junitplatform.LazyLauncher.execute(LazyLauncher.java:56)
	at org.apache.maven.surefire.junitplatform.JUnitPlatformProvider.execute(JUnitPlatformProvider.java:184)
	at org.apache.maven.surefire.junitplatform.JUnitPlatformProvider.invokeAllTests(JUnitPlatformProvider.java:148)
	at org.apache.maven.surefire.junitplatform.JUnitPlatformProvider.invoke(JUnitPlatformProvider.java:120)
	at org.apache.maven.surefire.booter.ForkedBooter.runSuitesInProcess(ForkedBooter.java:385)
	at org.apache.maven.surefire.booter.ForkedBooter.execute(ForkedBooter.java:162)
	at org.apache.maven.surefire.booter.ForkedBooter.run(ForkedBooter.java:507)
	at org.apache.maven.surefire.booter.ForkedBooter.main(ForkedBooter.java:495)
Caused by: java.lang.NullPointerException
	at org.apache.hadoop.ozone.container.common.volume.HddsVolume.getCommittedBytes(HddsVolume.java:303)
	at org.apache.hadoop.ozone.container.common.volume.VolumeInfoMetrics.getCommitted(VolumeInfoMetrics.java:147)
	... 111 more
2023-12-26 17:43:06,653 [main] INFO  volume.HddsVolume (HddsVolume.java:<init>(126)) - Creating HddsVolume: /home/runner/work/ozone/ozone/hadoop-ozone/integration-test/target/test-dir/MiniOzoneClusterImpl-a136b03b-8403-429e-9870-8bf85e606ef3/datanode-3/data-0/containers/hdds of storage type : DISK capacity : 9223372036854775807
2023-12-26 17:43:06,653 [main] INFO  volume.MutableVolumeSet (MutableVolumeSet.java:initializeVolumeSet(173)) - Added Volume : /home/runner/work/ozone/ozone/hadoop-ozone/integration-test/target/test-dir/MiniOzoneClusterImpl-a136b03b-8403-429e-9870-8bf85e606ef3/datanode-3/data-0/containers/hdds to VolumeSet
2023-12-26 17:43:06,654 [main] INFO  volume.MutableVolumeSet (MutableVolumeSet.java:initializeVolumeSet(173)) - Added Volume : /home/runner/work/ozone/ozone/hadoop-ozone/integration-test/target/test-dir/MiniOzoneClusterImpl-a136b03b-8403-429e-9870-8bf85e606ef3/datanode-3/data/ratis to VolumeSet
2023-12-26 17:43:06,654 [main] INFO  ozoneimpl.OzoneContainer (HddsVolumeUtil.java:loadAllHddsVolumeDbStore(103)) - Load 1 volumes DbStore cost: 0ms
2023-12-26 17:43:06,654 [2fdbd8fa-a625-4499-b498-beec3ca4d67d-ContainerReader-0] INFO  ozoneimpl.ContainerReader (ContainerReader.java:readVolume(178)) - Finish verifying containers on volume /home/runner/work/ozone/ozone/hadoop-ozone/integration-test/target/test-dir/MiniOzoneClusterImpl-a136b03b-8403-429e-9870-8bf85e606ef3/datanode-3/data-0/containers/hdds
2023-12-26 17:43:06,654 [main] INFO  ozoneimpl.OzoneContainer (OzoneContainer.java:buildContainerSet(326)) - Build ContainerSet costs 0s
2023-12-26 17:43:06,656 [main] INFO  server.RaftServer (ConfUtils.java:logGet(46)) - raft.rpc.type = GRPC (default)
2023-12-26 17:43:06,656 [main] INFO  grpc.GrpcConfigKeys (ConfUtils.java:logFallback(53)) - raft.grpc.admin.host = null (fallback to raft.grpc.server.host)
2023-12-26 17:43:06,656 [main] INFO  grpc.GrpcConfigKeys (ConfUtils.java:logGet(46)) - raft.grpc.admin.port = 15218 (custom)
2023-12-26 17:43:06,656 [main] INFO  grpc.GrpcConfigKeys (ConfUtils.java:logFallback(53)) - raft.grpc.client.host = null (fallback to raft.grpc.server.host)
2023-12-26 17:43:06,656 [main] INFO  grpc.GrpcConfigKeys (ConfUtils.java:logGet(46)) - raft.grpc.client.port = 15217 (custom)
2023-12-26 17:43:06,656 [main] INFO  grpc.GrpcConfigKeys (ConfUtils.java:logGet(46)) - raft.grpc.server.host = null (default)
2023-12-26 17:43:06,657 [main] INFO  grpc.GrpcConfigKeys (ConfUtils.java:logGet(46)) - raft.grpc.server.port = 15219 (custom)
2023-12-26 17:43:06,657 [main] INFO  server.GrpcService (ConfUtils.java:logGet(46)) - raft.grpc.message.size.max = 32MB (=33554432) (custom)
2023-12-26 17:43:06,657 [main] INFO  server.RaftServerConfigKeys (ConfUtils.java:logGet(46)) - raft.server.log.appender.buffer.byte-limit = 8388608 (custom)
2023-12-26 17:43:06,657 [main] INFO  server.GrpcService (ConfUtils.java:logGet(46)) - raft.grpc.flow.control.window = 5MB (=5242880) (custom)
2023-12-26 17:43:06,657 [main] INFO  server.RaftServerConfigKeys (ConfUtils.java:logGet(46)) - raft.server.rpc.request.timeout = 3000ms (default)
2023-12-26 17:43:06,657 [main] INFO  grpc.GrpcConfigKeys (ConfUtils.java:logGet(46)) - raft.grpc.server.heartbeat.channel = true (default)
2023-12-26 17:43:06,657 [main] INFO  grpc.GrpcConfigKeys (ConfUtils.java:logGet(46)) - raft.grpc.server.async.request.thread.pool.cached = true (default)
2023-12-26 17:43:06,657 [main] INFO  grpc.GrpcConfigKeys (ConfUtils.java:logGet(46)) - raft.grpc.server.async.request.thread.pool.size = 32 (default)
2023-12-26 17:43:06,659 [main] INFO  impl.DataStreamServerImpl (ConfUtils.java:logGet(46)) - raft.datastream.type = NETTY (custom)
2023-12-26 17:43:06,659 [main] INFO  server.RaftServerConfigKeys (ConfUtils.java:logGet(46)) - raft.server.data-stream.async.request.thread.pool.cached = false (default)
2023-12-26 17:43:06,659 [main] INFO  server.RaftServerConfigKeys (ConfUtils.java:logGet(46)) - raft.server.data-stream.async.request.thread.pool.size = 20 (custom)
2023-12-26 17:43:06,660 [main] INFO  server.RaftServerConfigKeys (ConfUtils.java:logGet(46)) - raft.server.data-stream.async.write.thread.pool.size = 16 (default)
2023-12-26 17:43:06,660 [main] INFO  netty.NettyConfigKeys$DataStream (ConfUtils.java:logGet(46)) - raft.netty.dataStream.server.channel.inactive.grace-period = 10min (default)
2023-12-26 17:43:06,660 [main] INFO  server.RaftServerConfigKeys (ConfUtils.java:logGet(46)) - raft.server.data-stream.client.pool.size = 10 (default)
2023-12-26 17:43:06,660 [main] INFO  netty.NettyConfigKeys$DataStream (ConfUtils.java:logGet(46)) - raft.netty.dataStream.server.use-epoll = true (default)
2023-12-26 17:43:06,660 [main] INFO  netty.NettyConfigKeys$DataStream (ConfUtils.java:logGet(46)) - raft.netty.dataStream.server.boss-group.size = 0 (default)
2023-12-26 17:43:06,660 [main] INFO  netty.NettyUtils (NettyUtils.java:newEventLoopGroup(69)) - Create EpollEventLoopGroup for 2fdbd8fa-a625-4499-b498-beec3ca4d67d-NettyServerStreamRpc-bossGroup; Thread size is 0.
2023-12-26 17:43:06,660 [main] INFO  netty.NettyConfigKeys$DataStream (ConfUtils.java:logGet(46)) - raft.netty.dataStream.server.worker-group.size = 0 (default)
2023-12-26 17:43:06,660 [main] INFO  netty.NettyUtils (NettyUtils.java:newEventLoopGroup(69)) - Create EpollEventLoopGroup for 2fdbd8fa-a625-4499-b498-beec3ca4d67d-NettyServerStreamRpc-workerGroup; Thread size is 0.
2023-12-26 17:43:06,661 [main] INFO  netty.NettyConfigKeys$DataStream (ConfUtils.java:logGet(46)) - raft.netty.dataStream.server.tls.conf = null (default)
2023-12-26 17:43:06,661 [main] INFO  netty.NettyConfigKeys$DataStream (ConfUtils.java:logGet(46)) - raft.netty.dataStream.host = null (default)
2023-12-26 17:43:06,661 [main] INFO  netty.NettyConfigKeys$DataStream (ConfUtils.java:logGet(46)) - raft.netty.dataStream.port = 15220 (custom)
2023-12-26 17:43:06,661 [main] INFO  server.RaftServerConfigKeys (ConfUtils.java:logGet(46)) - raft.server.sleep.deviation.threshold = 300ms (default)
2023-12-26 17:43:06,662 [2fdbd8fa-a625-4499-b498-beec3ca4d67d-NettyServerStreamRpc-bossGroup--thread1] INFO  logging.LoggingHandler (AbstractInternalLogger.java:log(148)) - [id: 0x6251fd9c] REGISTERED
2023-12-26 17:43:06,662 [main] INFO  server.RaftServerConfigKeys (ConfUtils.java:logGet(46)) - raft.server.close.threshold = 60s (default)
2023-12-26 17:43:06,662 [main] INFO  server.RaftServerConfigKeys (ConfUtils.java:logGet(46)) - raft.server.leaderelection.leader.step-down.wait-time = 10s (default)
2023-12-26 17:43:06,662 [2fdbd8fa-a625-4499-b498-beec3ca4d67d-NettyServerStreamRpc-bossGroup--thread1] INFO  logging.LoggingHandler (AbstractInternalLogger.java:log(148)) - [id: 0x6251fd9c] BIND: 0.0.0.0/0.0.0.0:15220
2023-12-26 17:43:06,662 [main] INFO  server.RaftServerConfigKeys (ConfUtils.java:logGet(46)) - raft.server.storage.dir = [/home/runner/work/ozone/ozone/hadoop-ozone/integration-test/target/test-dir/MiniOzoneClusterImpl-a136b03b-8403-429e-9870-8bf85e606ef3/datanode-3/data/ratis] (custom)
2023-12-26 17:43:06,662 [2fdbd8fa-a625-4499-b498-beec3ca4d67d-NettyServerStreamRpc-bossGroup--thread1] INFO  logging.LoggingHandler (AbstractInternalLogger.java:log(148)) - [id: 0x6251fd9c, L:/0.0.0.0:15220] ACTIVE
2023-12-26 17:43:06,662 [main] INFO  server.RaftServerConfigKeys (ConfUtils.java:logGet(46)) - raft.server.threadpool.proxy.cached = true (default)
2023-12-26 17:43:06,662 [main] INFO  server.RaftServerConfigKeys (ConfUtils.java:logGet(46)) - raft.server.threadpool.proxy.size = 0 (default)
2023-12-26 17:43:06,663 [2fdbd8fa-a625-4499-b498-beec3ca4d67d-impl-thread1] INFO  server.RaftServer (RaftServerProxy.java:initGroupDir(264)) - 2fdbd8fa-a625-4499-b498-beec3ca4d67d: found a subdirectory /home/runner/work/ozone/ozone/hadoop-ozone/integration-test/target/test-dir/MiniOzoneClusterImpl-a136b03b-8403-429e-9870-8bf85e606ef3/datanode-3/data/ratis/tmp
2023-12-26 17:43:06,663 [2fdbd8fa-a625-4499-b498-beec3ca4d67d-impl-thread1] INFO  server.RaftServer (RaftServerProxy.java:initGroupDir(269)) - 2fdbd8fa-a625-4499-b498-beec3ca4d67d: The directory /home/runner/work/ozone/ozone/hadoop-ozone/integration-test/target/test-dir/MiniOzoneClusterImpl-a136b03b-8403-429e-9870-8bf85e606ef3/datanode-3/data/ratis/tmp is not a group directory; ignoring it. 
2023-12-26 17:43:06,663 [main] INFO  replication.ReplicationServer (ReplicationServer.java:<init>(85)) - Initializing replication server with thread count = 10 queue length = 4096
2023-12-26 17:43:06,663 [main] INFO  server.XceiverServerGrpc (XceiverServerGrpc.java:<init>(141)) - GrpcServer channel type EpollServerSocketChannel
2023-12-26 17:43:06,664 [main] INFO  replication.ReplicationSupervisor (ReplicationSupervisor.java:build(163)) - Initializing replication supervisor with thread count = 10
2023-12-26 17:43:06,665 [main] INFO  replication.ReplicationSupervisor (ReplicationSupervisor.java:nodeStateUpdated(317)) - Node state updated to IN_SERVICE, scaling executor pool size to 10
2023-12-26 17:43:06,666 [main] INFO  http.BaseHttpServer (BaseHttpServer.java:newHttpServer2BuilderForOzone(223)) - Starting Web-server for hddsDatanode at: http://0.0.0.0:15214
2023-12-26 17:43:06,666 [main] INFO  http.BaseHttpServer (BaseHttpServer.java:<init>(110)) - Hadoop Security Enabled: false Ozone Security Enabled: false Ozone HTTP Security Enabled: false 
2023-12-26 17:43:06,673 [main] WARN  server.AuthenticationFilter (AuthenticationFilter.java:constructSecretProvider(240)) - Unable to initialize FileSignerSecretProvider, falling back to use random secrets. Reason: Could not read signature secret file: /home/runner/hadoop-http-auth-signature-secret
2023-12-26 17:43:06,673 [main] INFO  http.HttpRequestLog (HttpRequestLog.java:getRequestLog(86)) - Http request log for http.requests.hddsDatanode is not defined
2023-12-26 17:43:06,674 [main] INFO  http.HttpServer2 (HttpServer2.java:addGlobalFilter(1036)) - Added global filter 'safety' (class=org.apache.hadoop.hdds.server.http.HttpServer2$QuotingInputFilter)
2023-12-26 17:43:06,675 [main] INFO  http.HttpServer2 (HttpServer2.java:addFilter(1012)) - Added filter static_user_filter (class=org.apache.hadoop.http.lib.StaticUserWebFilter$StaticUserFilter) to context hddsDatanode
2023-12-26 17:43:06,675 [main] INFO  http.HttpServer2 (HttpServer2.java:addFilter(1020)) - Added filter static_user_filter (class=org.apache.hadoop.http.lib.StaticUserWebFilter$StaticUserFilter) to context logs
2023-12-26 17:43:06,675 [main] INFO  http.HttpServer2 (HttpServer2.java:addFilter(1020)) - Added filter static_user_filter (class=org.apache.hadoop.http.lib.StaticUserWebFilter$StaticUserFilter) to context static
2023-12-26 17:43:06,675 [main] INFO  http.BaseHttpServer (BaseHttpServer.java:<init>(189)) - HTTP server of hddsDatanode uses base directory /home/runner/work/ozone/ozone/hadoop-ozone/integration-test/target/test-dir/MiniOzoneClusterImpl-a136b03b-8403-429e-9870-8bf85e606ef3/datanode-3/meta/webserver
2023-12-26 17:43:06,675 [main] INFO  http.HttpServer2 (HttpServer2.java:bindListener(1236)) - Jetty bound to port 15214
2023-12-26 17:43:06,676 [main] INFO  server.Server (Server.java:doStart(375)) - jetty-9.4.53.v20231009; built: 2023-10-09T12:29:09.265Z; git: 27bde00a0b95a1d5bbee0eae7984f891d2d0f8c9; jvm 1.8.0_392-b08
2023-12-26 17:43:06,684 [main] INFO  server.session (DefaultSessionIdManager.java:doStart(334)) - DefaultSessionIdManager workerName=node0
2023-12-26 17:43:06,684 [main] INFO  server.session (DefaultSessionIdManager.java:doStart(339)) - No SessionScavenger set, using defaults
2023-12-26 17:43:06,684 [main] INFO  server.session (HouseKeeper.java:startScavenging(132)) - node0 Scavenging every 660000ms
2023-12-26 17:43:06,685 [main] INFO  handler.ContextHandler (ContextHandler.java:doStart(921)) - Started o.e.j.s.ServletContextHandler@52206882{logs,/logs,file:///home/runner/work/ozone/ozone/hadoop-ozone/integration-test/target/log,AVAILABLE}
2023-12-26 17:43:06,685 [main] INFO  handler.ContextHandler (ContextHandler.java:doStart(921)) - Started o.e.j.s.ServletContextHandler@5a1428e1{static,/static,jar:file:/home/runner/.m2/repository/org/apache/ozone/hdds-container-service/1.5.0-SNAPSHOT/hdds-container-service-1.5.0-SNAPSHOT.jar!/webapps/static,AVAILABLE}
2023-12-26 17:43:06,718 [main] INFO  handler.ContextHandler (ContextHandler.java:doStart(921)) - Started o.e.j.w.WebAppContext@721852c{hddsDatanode,/,file:///home/runner/work/ozone/ozone/hadoop-ozone/integration-test/target/test-dir/MiniOzoneClusterImpl-a136b03b-8403-429e-9870-8bf85e606ef3/datanode-3/meta/webserver/jetty-0_0_0_0-15214-hdds-container-service-1_5_0-SNAPSHOT_jar-_-any-5676890029316730219/webapp/,AVAILABLE}{jar:file:/home/runner/.m2/repository/org/apache/ozone/hdds-container-service/1.5.0-SNAPSHOT/hdds-container-service-1.5.0-SNAPSHOT.jar!/webapps/hddsDatanode}
2023-12-26 17:43:06,720 [main] INFO  server.AbstractConnector (AbstractConnector.java:doStart(333)) - Started ServerConnector@14ea123e{HTTP/1.1, (http/1.1)}{0.0.0.0:15214}
2023-12-26 17:43:06,720 [main] INFO  server.Server (Server.java:doStart(415)) - Started @84372ms
2023-12-26 17:43:06,720 [main] WARN  impl.MetricsSystemImpl (MetricsSystemImpl.java:register(279)) - Sink prometheus already exists!
2023-12-26 17:43:06,720 [main] INFO  http.BaseHttpServer (BaseHttpServer.java:updateConnectorAddress(354)) - HTTP server of hddsDatanode listening at http://0.0.0.0:15214
2023-12-26 17:43:06,721 [main] INFO  ipc.CallQueueManager (CallQueueManager.java:<init>(90)) - Using callQueue: class java.util.concurrent.LinkedBlockingQueue, queueCapacity: 100, scheduler: class org.apache.hadoop.ipc.DefaultRpcScheduler, ipcBackoff: false.
2023-12-26 17:43:06,721 [main] INFO  ipc.Server (Server.java:<init>(1287)) - Listener at 0.0.0.0:15215
2023-12-26 17:43:06,721 [Socket Reader #1 for port 15215] INFO  ipc.Server (Server.java:run(1323)) - Starting Socket Reader #1 for port 15215
2023-12-26 17:43:06,722 [main] INFO  ozone.HddsDatanodeService (HddsDatanodeService.java:start(324)) - Datanode start with admins: [runner]
2023-12-26 17:43:06,723 [main] INFO  ozone.HddsDatanodeClientProtocolServer (HddsDatanodeClientProtocolServer.java:start(72)) - RPC server for Client /0.0.0.0:15215
2023-12-26 17:43:06,723 [IPC Server Responder] INFO  ipc.Server (Server.java:run(1562)) - IPC Server Responder: starting
2023-12-26 17:43:06,723 [IPC Server listener on 15215] INFO  ipc.Server (Server.java:run(1402)) - IPC Server listener on 15215: starting
2023-12-26 17:43:06,724 [2fdbd8fa-a625-4499-b498-beec3ca4d67d-DatanodeStateMachineDaemonThread] INFO  statemachine.DatanodeStateMachine (DatanodeStateMachine.java:lambda$startDaemon$1(555)) - Ozone container server started.
2023-12-26 17:43:06,725 [main] WARN  dropwizard3.Dm3MetricRegistriesImpl (Dm3MetricRegistriesImpl.java:addReporterRegistration(113)) - New reporters are added after registries were created. Some metrics will be missing from the reporter. Please add reporter before adding any new registry.
2023-12-26 17:43:06,726 [main] WARN  dropwizard3.Dm3MetricRegistriesImpl (Dm3MetricRegistriesImpl.java:addReporterRegistration(113)) - New reporters are added after registries were created. Some metrics will be missing from the reporter. Please add reporter before adding any new registry.
2023-12-26 17:43:06,726 [main] INFO  impl.MetricsSystemImpl (MetricsSystemImpl.java:init(158)) - HddsDatanode metrics system started (again)
2023-12-26 17:43:06,728 [2fdbd8fa-a625-4499-b498-beec3ca4d67d-DatanodeStateMachineTaskThread-0] INFO  datanode.InitDatanodeState (InitDatanodeState.java:persistContainerDatanodeDetails(139)) - DatanodeDetails is persisted to /home/runner/work/ozone/ozone/hadoop-ozone/integration-test/target/test-dir/MiniOzoneClusterImpl-a136b03b-8403-429e-9870-8bf85e606ef3/datanode-3/meta/datanode.id
2023-12-26 17:43:06,734 [main] INFO  ozone.HddsDatanodeService (HddsDatanodeService.java:start(239)) - HddsDatanodeService host:fv-az1381-115 ip:10.1.0.4
2023-12-26 17:43:06,755 [main] INFO  upgrade.AbstractLayoutVersionManager (AbstractLayoutVersionManager.java:init(83)) - Initializing Layout version manager with metadata layout = HADOOP_PRC_PORTS_IN_DATANODEDETAILS (version = 7), software layout = HADOOP_PRC_PORTS_IN_DATANODEDETAILS (version = 7)
2023-12-26 17:43:06,755 [main] INFO  statemachine.DatanodeStateMachine (DatanodeStateMachine.java:getEndPointTaskThreadPoolSize(299)) - Datanode State Machine Task Thread Pool size 2
2023-12-26 17:43:06,756 [main] ERROR lib.MethodMetric (MethodMetric.java:snapshot(117)) - Error invoking method getCommitted
java.lang.reflect.InvocationTargetException
	at sun.reflect.GeneratedMethodAccessor85.invoke(Unknown Source)
	at sun.reflect.DelegatingMethodAccessorImpl.invoke(DelegatingMethodAccessorImpl.java:43)
	at java.lang.reflect.Method.invoke(Method.java:498)
	at org.apache.hadoop.metrics2.lib.MethodMetric$2.snapshot(MethodMetric.java:111)
	at org.apache.hadoop.metrics2.lib.MethodMetric.snapshot(MethodMetric.java:142)
	at org.apache.hadoop.metrics2.lib.MetricsRegistry.snapshot(MetricsRegistry.java:447)
	at org.apache.hadoop.metrics2.lib.MetricsSourceBuilder$1.getMetrics(MetricsSourceBuilder.java:89)
	at org.apache.hadoop.metrics2.impl.MetricsSourceAdapter.getMetrics(MetricsSourceAdapter.java:200)
	at org.apache.hadoop.metrics2.impl.MetricsSourceAdapter.updateJmxCache(MetricsSourceAdapter.java:183)
	at org.apache.hadoop.metrics2.impl.MetricsSourceAdapter.getMBeanInfo(MetricsSourceAdapter.java:156)
	at com.sun.jmx.interceptor.DefaultMBeanServerInterceptor.getNewMBeanClassName(DefaultMBeanServerInterceptor.java:333)
	at com.sun.jmx.interceptor.DefaultMBeanServerInterceptor.registerMBean(DefaultMBeanServerInterceptor.java:319)
	at com.sun.jmx.mbeanserver.JmxMBeanServer.registerMBean(JmxMBeanServer.java:522)
	at org.apache.hadoop.metrics2.util.MBeans.register(MBeans.java:100)
	at org.apache.hadoop.metrics2.util.MBeans.register(MBeans.java:73)
	at org.apache.hadoop.metrics2.impl.MetricsSourceAdapter.startMBeans(MetricsSourceAdapter.java:222)
	at org.apache.hadoop.metrics2.impl.MetricsSourceAdapter.start(MetricsSourceAdapter.java:101)
	at org.apache.hadoop.metrics2.impl.MetricsSystemImpl.registerSource(MetricsSystemImpl.java:268)
	at org.apache.hadoop.metrics2.impl.MetricsSystemImpl.register(MetricsSystemImpl.java:233)
	at org.apache.hadoop.ozone.container.common.volume.VolumeInfoMetrics.init(VolumeInfoMetrics.java:50)
	at org.apache.hadoop.ozone.container.common.volume.VolumeInfoMetrics.<init>(VolumeInfoMetrics.java:45)
	at org.apache.hadoop.ozone.container.common.volume.HddsVolume.<init>(HddsVolume.java:123)
	at org.apache.hadoop.ozone.container.common.volume.HddsVolume.<init>(HddsVolume.java:71)
	at org.apache.hadoop.ozone.container.common.volume.HddsVolume$Builder.build(HddsVolume.java:111)
	at org.apache.hadoop.ozone.container.common.volume.HddsVolumeFactory.createVolume(HddsVolumeFactory.java:48)
	at org.apache.hadoop.ozone.container.common.volume.MutableVolumeSet.initializeVolumeSet(MutableVolumeSet.java:170)
	at org.apache.hadoop.ozone.container.common.volume.MutableVolumeSet.<init>(MutableVolumeSet.java:132)
	at org.apache.hadoop.ozone.container.common.volume.MutableVolumeSet.<init>(MutableVolumeSet.java:96)
	at org.apache.hadoop.ozone.container.ozoneimpl.OzoneContainer.<init>(OzoneContainer.java:149)
	at org.apache.hadoop.ozone.container.common.statemachine.DatanodeStateMachine.<init>(DatanodeStateMachine.java:186)
	at org.apache.hadoop.ozone.HddsDatanodeService.start(HddsDatanodeService.java:296)
	at org.apache.hadoop.ozone.MiniOzoneClusterImpl.startHddsDatanode(MiniOzoneClusterImpl.java:489)
	at java.util.ArrayList.forEach(ArrayList.java:1259)
	at org.apache.hadoop.ozone.MiniOzoneClusterImpl.startHddsDatanodes(MiniOzoneClusterImpl.java:497)
	at org.apache.hadoop.ozone.MiniOzoneClusterImpl$Builder.build(MiniOzoneClusterImpl.java:627)
	at org.apache.hadoop.ozone.client.rpc.TestWatchForCommit.init(TestWatchForCommit.java:149)
	at sun.reflect.NativeMethodAccessorImpl.invoke0(Native Method)
	at sun.reflect.NativeMethodAccessorImpl.invoke(NativeMethodAccessorImpl.java:62)
	at sun.reflect.DelegatingMethodAccessorImpl.invoke(DelegatingMethodAccessorImpl.java:43)
	at java.lang.reflect.Method.invoke(Method.java:498)
	at org.junit.platform.commons.util.ReflectionUtils.invokeMethod(ReflectionUtils.java:728)
	at org.junit.jupiter.engine.execution.MethodInvocation.proceed(MethodInvocation.java:60)
	at org.junit.jupiter.engine.execution.InvocationInterceptorChain$ValidatingInvocation.proceed(InvocationInterceptorChain.java:131)
	at org.junit.jupiter.engine.extension.TimeoutExtension.intercept(TimeoutExtension.java:156)
	at org.junit.jupiter.engine.extension.TimeoutExtension.interceptLifecycleMethod(TimeoutExtension.java:128)
	at org.junit.jupiter.engine.extension.TimeoutExtension.interceptBeforeEachMethod(TimeoutExtension.java:78)
	at org.junit.jupiter.engine.execution.InterceptingExecutableInvoker$ReflectiveInterceptorCall.lambda$ofVoidMethod$0(InterceptingExecutableInvoker.java:103)
	at org.junit.jupiter.engine.execution.InterceptingExecutableInvoker.lambda$invoke$0(InterceptingExecutableInvoker.java:93)
	at org.junit.jupiter.engine.execution.InvocationInterceptorChain$InterceptedInvocation.proceed(InvocationInterceptorChain.java:106)
	at org.junit.jupiter.engine.execution.InvocationInterceptorChain.proceed(InvocationInterceptorChain.java:64)
	at org.junit.jupiter.engine.execution.InvocationInterceptorChain.chainAndInvoke(InvocationInterceptorChain.java:45)
	at org.junit.jupiter.engine.execution.InvocationInterceptorChain.invoke(InvocationInterceptorChain.java:37)
	at org.junit.jupiter.engine.execution.InterceptingExecutableInvoker.invoke(InterceptingExecutableInvoker.java:92)
	at org.junit.jupiter.engine.execution.InterceptingExecutableInvoker.invoke(InterceptingExecutableInvoker.java:86)
	at org.junit.jupiter.engine.descriptor.ClassBasedTestDescriptor.invokeMethodInExtensionContext(ClassBasedTestDescriptor.java:521)
	at org.junit.jupiter.engine.descriptor.ClassBasedTestDescriptor.lambda$synthesizeBeforeEachMethodAdapter$23(ClassBasedTestDescriptor.java:506)
	at org.junit.jupiter.engine.descriptor.TestMethodTestDescriptor.lambda$invokeBeforeEachMethods$3(TestMethodTestDescriptor.java:175)
	at org.junit.jupiter.engine.descriptor.TestMethodTestDescriptor.lambda$invokeBeforeMethodsOrCallbacksUntilExceptionOccurs$6(TestMethodTestDescriptor.java:203)
	at org.junit.platform.engine.support.hierarchical.ThrowableCollector.execute(ThrowableCollector.java:73)
	at org.junit.jupiter.engine.descriptor.TestMethodTestDescriptor.invokeBeforeMethodsOrCallbacksUntilExceptionOccurs(TestMethodTestDescriptor.java:203)
	at org.junit.jupiter.engine.descriptor.TestMethodTestDescriptor.invokeBeforeEachMethods(TestMethodTestDescriptor.java:172)
	at org.junit.jupiter.engine.descriptor.TestMethodTestDescriptor.execute(TestMethodTestDescriptor.java:135)
	at org.junit.jupiter.engine.descriptor.TestMethodTestDescriptor.execute(TestMethodTestDescriptor.java:69)
	at org.junit.platform.engine.support.hierarchical.NodeTestTask.lambda$executeRecursively$6(NodeTestTask.java:151)
	at org.junit.platform.engine.support.hierarchical.ThrowableCollector.execute(ThrowableCollector.java:73)
	at org.junit.platform.engine.support.hierarchical.NodeTestTask.lambda$executeRecursively$8(NodeTestTask.java:141)
	at org.junit.platform.engine.support.hierarchical.Node.around(Node.java:137)
	at org.junit.platform.engine.support.hierarchical.NodeTestTask.lambda$executeRecursively$9(NodeTestTask.java:139)
	at org.junit.platform.engine.support.hierarchical.ThrowableCollector.execute(ThrowableCollector.java:73)
	at org.junit.platform.engine.support.hierarchical.NodeTestTask.executeRecursively(NodeTestTask.java:138)
	at org.junit.platform.engine.support.hierarchical.NodeTestTask.execute(NodeTestTask.java:95)
	at java.util.ArrayList.forEach(ArrayList.java:1259)
	at org.junit.platform.engine.support.hierarchical.SameThreadHierarchicalTestExecutorService.invokeAll(SameThreadHierarchicalTestExecutorService.java:41)
	at org.junit.platform.engine.support.hierarchical.NodeTestTask.lambda$executeRecursively$6(NodeTestTask.java:155)
	at org.junit.platform.engine.support.hierarchical.ThrowableCollector.execute(ThrowableCollector.java:73)
	at org.junit.platform.engine.support.hierarchical.NodeTestTask.lambda$executeRecursively$8(NodeTestTask.java:141)
	at org.junit.platform.engine.support.hierarchical.Node.around(Node.java:137)
	at org.junit.platform.engine.support.hierarchical.NodeTestTask.lambda$executeRecursively$9(NodeTestTask.java:139)
	at org.junit.platform.engine.support.hierarchical.ThrowableCollector.execute(ThrowableCollector.java:73)
	at org.junit.platform.engine.support.hierarchical.NodeTestTask.executeRecursively(NodeTestTask.java:138)
	at org.junit.platform.engine.support.hierarchical.NodeTestTask.execute(NodeTestTask.java:95)
	at java.util.ArrayList.forEach(ArrayList.java:1259)
	at org.junit.platform.engine.support.hierarchical.SameThreadHierarchicalTestExecutorService.invokeAll(SameThreadHierarchicalTestExecutorService.java:41)
	at org.junit.platform.engine.support.hierarchical.NodeTestTask.lambda$executeRecursively$6(NodeTestTask.java:155)
	at org.junit.platform.engine.support.hierarchical.ThrowableCollector.execute(ThrowableCollector.java:73)
	at org.junit.platform.engine.support.hierarchical.NodeTestTask.lambda$executeRecursively$8(NodeTestTask.java:141)
	at org.junit.platform.engine.support.hierarchical.Node.around(Node.java:137)
	at org.junit.platform.engine.support.hierarchical.NodeTestTask.lambda$executeRecursively$9(NodeTestTask.java:139)
	at org.junit.platform.engine.support.hierarchical.ThrowableCollector.execute(ThrowableCollector.java:73)
	at org.junit.platform.engine.support.hierarchical.NodeTestTask.executeRecursively(NodeTestTask.java:138)
	at org.junit.platform.engine.support.hierarchical.NodeTestTask.execute(NodeTestTask.java:95)
	at org.junit.platform.engine.support.hierarchical.SameThreadHierarchicalTestExecutorService.submit(SameThreadHierarchicalTestExecutorService.java:35)
	at org.junit.platform.engine.support.hierarchical.HierarchicalTestExecutor.execute(HierarchicalTestExecutor.java:57)
	at org.junit.platform.engine.support.hierarchical.HierarchicalTestEngine.execute(HierarchicalTestEngine.java:54)
	at org.junit.platform.launcher.core.EngineExecutionOrchestrator.execute(EngineExecutionOrchestrator.java:198)
	at org.junit.platform.launcher.core.EngineExecutionOrchestrator.execute(EngineExecutionOrchestrator.java:169)
	at org.junit.platform.launcher.core.EngineExecutionOrchestrator.execute(EngineExecutionOrchestrator.java:93)
	at org.junit.platform.launcher.core.EngineExecutionOrchestrator.lambda$execute$0(EngineExecutionOrchestrator.java:58)
	at org.junit.platform.launcher.core.EngineExecutionOrchestrator.withInterceptedStreams(EngineExecutionOrchestrator.java:141)
	at org.junit.platform.launcher.core.EngineExecutionOrchestrator.execute(EngineExecutionOrchestrator.java:57)
	at org.junit.platform.launcher.core.DefaultLauncher.execute(DefaultLauncher.java:103)
	at org.junit.platform.launcher.core.DefaultLauncher.execute(DefaultLauncher.java:85)
	at org.junit.platform.launcher.core.DelegatingLauncher.execute(DelegatingLauncher.java:47)
	at org.apache.maven.surefire.junitplatform.LazyLauncher.execute(LazyLauncher.java:56)
	at org.apache.maven.surefire.junitplatform.JUnitPlatformProvider.execute(JUnitPlatformProvider.java:184)
	at org.apache.maven.surefire.junitplatform.JUnitPlatformProvider.invokeAllTests(JUnitPlatformProvider.java:148)
	at org.apache.maven.surefire.junitplatform.JUnitPlatformProvider.invoke(JUnitPlatformProvider.java:120)
	at org.apache.maven.surefire.booter.ForkedBooter.runSuitesInProcess(ForkedBooter.java:385)
	at org.apache.maven.surefire.booter.ForkedBooter.execute(ForkedBooter.java:162)
	at org.apache.maven.surefire.booter.ForkedBooter.run(ForkedBooter.java:507)
	at org.apache.maven.surefire.booter.ForkedBooter.main(ForkedBooter.java:495)
Caused by: java.lang.NullPointerException
	at org.apache.hadoop.ozone.container.common.volume.HddsVolume.getCommittedBytes(HddsVolume.java:303)
	at org.apache.hadoop.ozone.container.common.volume.VolumeInfoMetrics.getCommitted(VolumeInfoMetrics.java:147)
	... 111 more
2023-12-26 17:43:06,757 [main] INFO  volume.HddsVolume (HddsVolume.java:<init>(126)) - Creating HddsVolume: /home/runner/work/ozone/ozone/hadoop-ozone/integration-test/target/test-dir/MiniOzoneClusterImpl-a136b03b-8403-429e-9870-8bf85e606ef3/datanode-4/data-0/containers/hdds of storage type : DISK capacity : 9223372036854775807
2023-12-26 17:43:06,757 [main] INFO  volume.MutableVolumeSet (MutableVolumeSet.java:initializeVolumeSet(173)) - Added Volume : /home/runner/work/ozone/ozone/hadoop-ozone/integration-test/target/test-dir/MiniOzoneClusterImpl-a136b03b-8403-429e-9870-8bf85e606ef3/datanode-4/data-0/containers/hdds to VolumeSet
2023-12-26 17:43:06,758 [main] INFO  volume.MutableVolumeSet (MutableVolumeSet.java:initializeVolumeSet(173)) - Added Volume : /home/runner/work/ozone/ozone/hadoop-ozone/integration-test/target/test-dir/MiniOzoneClusterImpl-a136b03b-8403-429e-9870-8bf85e606ef3/datanode-4/data/ratis to VolumeSet
2023-12-26 17:43:06,759 [main] INFO  ozoneimpl.OzoneContainer (HddsVolumeUtil.java:loadAllHddsVolumeDbStore(103)) - Load 1 volumes DbStore cost: 0ms
2023-12-26 17:43:06,760 [51fc6df9-7bd5-4293-8c99-7f2eac1f74df-ContainerReader-0] INFO  ozoneimpl.ContainerReader (ContainerReader.java:readVolume(178)) - Finish verifying containers on volume /home/runner/work/ozone/ozone/hadoop-ozone/integration-test/target/test-dir/MiniOzoneClusterImpl-a136b03b-8403-429e-9870-8bf85e606ef3/datanode-4/data-0/containers/hdds
2023-12-26 17:43:06,760 [main] INFO  ozoneimpl.OzoneContainer (OzoneContainer.java:buildContainerSet(326)) - Build ContainerSet costs 0s
2023-12-26 17:43:06,762 [main] INFO  server.RaftServer (ConfUtils.java:logGet(46)) - raft.rpc.type = GRPC (default)
2023-12-26 17:43:06,762 [main] INFO  grpc.GrpcConfigKeys (ConfUtils.java:logFallback(53)) - raft.grpc.admin.host = null (fallback to raft.grpc.server.host)
2023-12-26 17:43:06,763 [main] INFO  grpc.GrpcConfigKeys (ConfUtils.java:logGet(46)) - raft.grpc.admin.port = 15227 (custom)
2023-12-26 17:43:06,763 [main] INFO  grpc.GrpcConfigKeys (ConfUtils.java:logFallback(53)) - raft.grpc.client.host = null (fallback to raft.grpc.server.host)
2023-12-26 17:43:06,763 [main] INFO  grpc.GrpcConfigKeys (ConfUtils.java:logGet(46)) - raft.grpc.client.port = 15226 (custom)
2023-12-26 17:43:06,763 [main] INFO  grpc.GrpcConfigKeys (ConfUtils.java:logGet(46)) - raft.grpc.server.host = null (default)
2023-12-26 17:43:06,763 [main] INFO  grpc.GrpcConfigKeys (ConfUtils.java:logGet(46)) - raft.grpc.server.port = 15228 (custom)
2023-12-26 17:43:06,763 [main] INFO  server.GrpcService (ConfUtils.java:logGet(46)) - raft.grpc.message.size.max = 32MB (=33554432) (custom)
2023-12-26 17:43:06,764 [main] INFO  server.RaftServerConfigKeys (ConfUtils.java:logGet(46)) - raft.server.log.appender.buffer.byte-limit = 8388608 (custom)
2023-12-26 17:43:06,764 [main] INFO  server.GrpcService (ConfUtils.java:logGet(46)) - raft.grpc.flow.control.window = 5MB (=5242880) (custom)
2023-12-26 17:43:06,764 [main] INFO  server.RaftServerConfigKeys (ConfUtils.java:logGet(46)) - raft.server.rpc.request.timeout = 3000ms (default)
2023-12-26 17:43:06,764 [main] INFO  grpc.GrpcConfigKeys (ConfUtils.java:logGet(46)) - raft.grpc.server.heartbeat.channel = true (default)
2023-12-26 17:43:06,764 [main] INFO  grpc.GrpcConfigKeys (ConfUtils.java:logGet(46)) - raft.grpc.server.async.request.thread.pool.cached = true (default)
2023-12-26 17:43:06,765 [main] INFO  grpc.GrpcConfigKeys (ConfUtils.java:logGet(46)) - raft.grpc.server.async.request.thread.pool.size = 32 (default)
2023-12-26 17:43:06,767 [main] INFO  impl.DataStreamServerImpl (ConfUtils.java:logGet(46)) - raft.datastream.type = NETTY (custom)
2023-12-26 17:43:06,767 [main] INFO  server.RaftServerConfigKeys (ConfUtils.java:logGet(46)) - raft.server.data-stream.async.request.thread.pool.cached = false (default)
2023-12-26 17:43:06,767 [main] INFO  server.RaftServerConfigKeys (ConfUtils.java:logGet(46)) - raft.server.data-stream.async.request.thread.pool.size = 20 (custom)
2023-12-26 17:43:06,768 [main] INFO  server.RaftServerConfigKeys (ConfUtils.java:logGet(46)) - raft.server.data-stream.async.write.thread.pool.size = 16 (default)
2023-12-26 17:43:06,768 [main] INFO  netty.NettyConfigKeys$DataStream (ConfUtils.java:logGet(46)) - raft.netty.dataStream.server.channel.inactive.grace-period = 10min (default)
2023-12-26 17:43:06,768 [main] INFO  server.RaftServerConfigKeys (ConfUtils.java:logGet(46)) - raft.server.data-stream.client.pool.size = 10 (default)
2023-12-26 17:43:06,768 [main] INFO  netty.NettyConfigKeys$DataStream (ConfUtils.java:logGet(46)) - raft.netty.dataStream.server.use-epoll = true (default)
2023-12-26 17:43:06,768 [main] INFO  netty.NettyConfigKeys$DataStream (ConfUtils.java:logGet(46)) - raft.netty.dataStream.server.boss-group.size = 0 (default)
2023-12-26 17:43:06,768 [main] INFO  netty.NettyUtils (NettyUtils.java:newEventLoopGroup(69)) - Create EpollEventLoopGroup for 51fc6df9-7bd5-4293-8c99-7f2eac1f74df-NettyServerStreamRpc-bossGroup; Thread size is 0.
2023-12-26 17:43:06,769 [main] INFO  netty.NettyConfigKeys$DataStream (ConfUtils.java:logGet(46)) - raft.netty.dataStream.server.worker-group.size = 0 (default)
2023-12-26 17:43:06,769 [main] INFO  netty.NettyUtils (NettyUtils.java:newEventLoopGroup(69)) - Create EpollEventLoopGroup for 51fc6df9-7bd5-4293-8c99-7f2eac1f74df-NettyServerStreamRpc-workerGroup; Thread size is 0.
2023-12-26 17:43:06,769 [main] INFO  netty.NettyConfigKeys$DataStream (ConfUtils.java:logGet(46)) - raft.netty.dataStream.server.tls.conf = null (default)
2023-12-26 17:43:06,770 [main] INFO  netty.NettyConfigKeys$DataStream (ConfUtils.java:logGet(46)) - raft.netty.dataStream.host = null (default)
2023-12-26 17:43:06,770 [main] INFO  netty.NettyConfigKeys$DataStream (ConfUtils.java:logGet(46)) - raft.netty.dataStream.port = 15229 (custom)
2023-12-26 17:43:06,770 [main] INFO  server.RaftServerConfigKeys (ConfUtils.java:logGet(46)) - raft.server.sleep.deviation.threshold = 300ms (default)
2023-12-26 17:43:06,770 [51fc6df9-7bd5-4293-8c99-7f2eac1f74df-NettyServerStreamRpc-bossGroup--thread1] INFO  logging.LoggingHandler (AbstractInternalLogger.java:log(148)) - [id: 0x2ab026b3] REGISTERED
2023-12-26 17:43:06,770 [main] INFO  server.RaftServerConfigKeys (ConfUtils.java:logGet(46)) - raft.server.close.threshold = 60s (default)
2023-12-26 17:43:06,771 [main] INFO  server.RaftServerConfigKeys (ConfUtils.java:logGet(46)) - raft.server.leaderelection.leader.step-down.wait-time = 10s (default)
2023-12-26 17:43:06,771 [main] INFO  server.RaftServerConfigKeys (ConfUtils.java:logGet(46)) - raft.server.storage.dir = [/home/runner/work/ozone/ozone/hadoop-ozone/integration-test/target/test-dir/MiniOzoneClusterImpl-a136b03b-8403-429e-9870-8bf85e606ef3/datanode-4/data/ratis] (custom)
2023-12-26 17:43:06,771 [main] INFO  server.RaftServerConfigKeys (ConfUtils.java:logGet(46)) - raft.server.threadpool.proxy.cached = true (default)
2023-12-26 17:43:06,771 [main] INFO  server.RaftServerConfigKeys (ConfUtils.java:logGet(46)) - raft.server.threadpool.proxy.size = 0 (default)
2023-12-26 17:43:06,770 [51fc6df9-7bd5-4293-8c99-7f2eac1f74df-NettyServerStreamRpc-bossGroup--thread1] INFO  logging.LoggingHandler (AbstractInternalLogger.java:log(148)) - [id: 0x2ab026b3] BIND: 0.0.0.0/0.0.0.0:15229
2023-12-26 17:43:06,772 [51fc6df9-7bd5-4293-8c99-7f2eac1f74df-NettyServerStreamRpc-bossGroup--thread1] INFO  logging.LoggingHandler (AbstractInternalLogger.java:log(148)) - [id: 0x2ab026b3, L:/0.0.0.0:15229] ACTIVE
2023-12-26 17:43:06,772 [51fc6df9-7bd5-4293-8c99-7f2eac1f74df-impl-thread1] INFO  server.RaftServer (RaftServerProxy.java:initGroupDir(264)) - 51fc6df9-7bd5-4293-8c99-7f2eac1f74df: found a subdirectory /home/runner/work/ozone/ozone/hadoop-ozone/integration-test/target/test-dir/MiniOzoneClusterImpl-a136b03b-8403-429e-9870-8bf85e606ef3/datanode-4/data/ratis/tmp
2023-12-26 17:43:06,772 [51fc6df9-7bd5-4293-8c99-7f2eac1f74df-impl-thread1] INFO  server.RaftServer (RaftServerProxy.java:initGroupDir(269)) - 51fc6df9-7bd5-4293-8c99-7f2eac1f74df: The directory /home/runner/work/ozone/ozone/hadoop-ozone/integration-test/target/test-dir/MiniOzoneClusterImpl-a136b03b-8403-429e-9870-8bf85e606ef3/datanode-4/data/ratis/tmp is not a group directory; ignoring it. 
2023-12-26 17:43:06,772 [main] INFO  replication.ReplicationServer (ReplicationServer.java:<init>(85)) - Initializing replication server with thread count = 10 queue length = 4096
2023-12-26 17:43:06,773 [main] INFO  server.XceiverServerGrpc (XceiverServerGrpc.java:<init>(141)) - GrpcServer channel type EpollServerSocketChannel
2023-12-26 17:43:06,774 [main] INFO  replication.ReplicationSupervisor (ReplicationSupervisor.java:build(163)) - Initializing replication supervisor with thread count = 10
2023-12-26 17:43:06,774 [main] INFO  replication.ReplicationSupervisor (ReplicationSupervisor.java:nodeStateUpdated(317)) - Node state updated to IN_SERVICE, scaling executor pool size to 10
2023-12-26 17:43:06,776 [main] INFO  http.BaseHttpServer (BaseHttpServer.java:newHttpServer2BuilderForOzone(223)) - Starting Web-server for hddsDatanode at: http://0.0.0.0:15223
2023-12-26 17:43:06,776 [main] INFO  http.BaseHttpServer (BaseHttpServer.java:<init>(110)) - Hadoop Security Enabled: false Ozone Security Enabled: false Ozone HTTP Security Enabled: false 
2023-12-26 17:43:06,777 [main] WARN  server.AuthenticationFilter (AuthenticationFilter.java:constructSecretProvider(240)) - Unable to initialize FileSignerSecretProvider, falling back to use random secrets. Reason: Could not read signature secret file: /home/runner/hadoop-http-auth-signature-secret
2023-12-26 17:43:06,778 [main] INFO  http.HttpRequestLog (HttpRequestLog.java:getRequestLog(86)) - Http request log for http.requests.hddsDatanode is not defined
2023-12-26 17:43:06,779 [main] INFO  http.HttpServer2 (HttpServer2.java:addGlobalFilter(1036)) - Added global filter 'safety' (class=org.apache.hadoop.hdds.server.http.HttpServer2$QuotingInputFilter)
2023-12-26 17:43:06,779 [main] INFO  http.HttpServer2 (HttpServer2.java:addFilter(1012)) - Added filter static_user_filter (class=org.apache.hadoop.http.lib.StaticUserWebFilter$StaticUserFilter) to context hddsDatanode
2023-12-26 17:43:06,779 [main] INFO  http.HttpServer2 (HttpServer2.java:addFilter(1020)) - Added filter static_user_filter (class=org.apache.hadoop.http.lib.StaticUserWebFilter$StaticUserFilter) to context logs
2023-12-26 17:43:06,779 [main] INFO  http.HttpServer2 (HttpServer2.java:addFilter(1020)) - Added filter static_user_filter (class=org.apache.hadoop.http.lib.StaticUserWebFilter$StaticUserFilter) to context static
2023-12-26 17:43:06,780 [main] INFO  http.BaseHttpServer (BaseHttpServer.java:<init>(189)) - HTTP server of hddsDatanode uses base directory /home/runner/work/ozone/ozone/hadoop-ozone/integration-test/target/test-dir/MiniOzoneClusterImpl-a136b03b-8403-429e-9870-8bf85e606ef3/datanode-4/meta/webserver
2023-12-26 17:43:06,780 [main] INFO  http.HttpServer2 (HttpServer2.java:bindListener(1236)) - Jetty bound to port 15223
2023-12-26 17:43:06,780 [main] INFO  server.Server (Server.java:doStart(375)) - jetty-9.4.53.v20231009; built: 2023-10-09T12:29:09.265Z; git: 27bde00a0b95a1d5bbee0eae7984f891d2d0f8c9; jvm 1.8.0_392-b08
2023-12-26 17:43:06,781 [main] INFO  server.session (DefaultSessionIdManager.java:doStart(334)) - DefaultSessionIdManager workerName=node0
2023-12-26 17:43:06,781 [main] INFO  server.session (DefaultSessionIdManager.java:doStart(339)) - No SessionScavenger set, using defaults
2023-12-26 17:43:06,782 [main] INFO  server.session (HouseKeeper.java:startScavenging(132)) - node0 Scavenging every 600000ms
2023-12-26 17:43:06,782 [main] INFO  handler.ContextHandler (ContextHandler.java:doStart(921)) - Started o.e.j.s.ServletContextHandler@2047c196{logs,/logs,file:///home/runner/work/ozone/ozone/hadoop-ozone/integration-test/target/log,AVAILABLE}
2023-12-26 17:43:06,782 [main] INFO  handler.ContextHandler (ContextHandler.java:doStart(921)) - Started o.e.j.s.ServletContextHandler@50893336{static,/static,jar:file:/home/runner/.m2/repository/org/apache/ozone/hdds-container-service/1.5.0-SNAPSHOT/hdds-container-service-1.5.0-SNAPSHOT.jar!/webapps/static,AVAILABLE}
2023-12-26 17:43:06,814 [main] INFO  handler.ContextHandler (ContextHandler.java:doStart(921)) - Started o.e.j.w.WebAppContext@1cf808{hddsDatanode,/,file:///home/runner/work/ozone/ozone/hadoop-ozone/integration-test/target/test-dir/MiniOzoneClusterImpl-a136b03b-8403-429e-9870-8bf85e606ef3/datanode-4/meta/webserver/jetty-0_0_0_0-15223-hdds-container-service-1_5_0-SNAPSHOT_jar-_-any-2279531570152520953/webapp/,AVAILABLE}{jar:file:/home/runner/.m2/repository/org/apache/ozone/hdds-container-service/1.5.0-SNAPSHOT/hdds-container-service-1.5.0-SNAPSHOT.jar!/webapps/hddsDatanode}
2023-12-26 17:43:06,815 [main] INFO  server.AbstractConnector (AbstractConnector.java:doStart(333)) - Started ServerConnector@14adaae3{HTTP/1.1, (http/1.1)}{0.0.0.0:15223}
2023-12-26 17:43:06,815 [main] INFO  server.Server (Server.java:doStart(415)) - Started @84468ms
2023-12-26 17:43:06,816 [main] WARN  impl.MetricsSystemImpl (MetricsSystemImpl.java:register(279)) - Sink prometheus already exists!
2023-12-26 17:43:06,816 [main] INFO  http.BaseHttpServer (BaseHttpServer.java:updateConnectorAddress(354)) - HTTP server of hddsDatanode listening at http://0.0.0.0:15223
2023-12-26 17:43:06,816 [main] INFO  ipc.CallQueueManager (CallQueueManager.java:<init>(90)) - Using callQueue: class java.util.concurrent.LinkedBlockingQueue, queueCapacity: 100, scheduler: class org.apache.hadoop.ipc.DefaultRpcScheduler, ipcBackoff: false.
2023-12-26 17:43:06,816 [main] INFO  ipc.Server (Server.java:<init>(1287)) - Listener at 0.0.0.0:15224
2023-12-26 17:43:06,817 [Socket Reader #1 for port 15224] INFO  ipc.Server (Server.java:run(1323)) - Starting Socket Reader #1 for port 15224
2023-12-26 17:43:06,821 [main] INFO  ozone.HddsDatanodeService (HddsDatanodeService.java:start(324)) - Datanode start with admins: [runner]
2023-12-26 17:43:06,821 [main] INFO  ozone.HddsDatanodeClientProtocolServer (HddsDatanodeClientProtocolServer.java:start(72)) - RPC server for Client /0.0.0.0:15224
2023-12-26 17:43:06,822 [IPC Server Responder] INFO  ipc.Server (Server.java:run(1562)) - IPC Server Responder: starting
2023-12-26 17:43:06,822 [IPC Server listener on 15224] INFO  ipc.Server (Server.java:run(1402)) - IPC Server listener on 15224: starting
2023-12-26 17:43:06,822 [51fc6df9-7bd5-4293-8c99-7f2eac1f74df-DatanodeStateMachineDaemonThread] INFO  statemachine.DatanodeStateMachine (DatanodeStateMachine.java:lambda$startDaemon$1(555)) - Ozone container server started.
2023-12-26 17:43:06,822 [main] WARN  dropwizard3.Dm3MetricRegistriesImpl (Dm3MetricRegistriesImpl.java:addReporterRegistration(113)) - New reporters are added after registries were created. Some metrics will be missing from the reporter. Please add reporter before adding any new registry.
2023-12-26 17:43:06,823 [main] WARN  dropwizard3.Dm3MetricRegistriesImpl (Dm3MetricRegistriesImpl.java:addReporterRegistration(113)) - New reporters are added after registries were created. Some metrics will be missing from the reporter. Please add reporter before adding any new registry.
2023-12-26 17:43:06,823 [main] INFO  impl.MetricsSystemImpl (MetricsSystemImpl.java:init(158)) - HddsDatanode metrics system started (again)
2023-12-26 17:43:06,829 [51fc6df9-7bd5-4293-8c99-7f2eac1f74df-DatanodeStateMachineTaskThread-0] INFO  datanode.InitDatanodeState (InitDatanodeState.java:persistContainerDatanodeDetails(139)) - DatanodeDetails is persisted to /home/runner/work/ozone/ozone/hadoop-ozone/integration-test/target/test-dir/MiniOzoneClusterImpl-a136b03b-8403-429e-9870-8bf85e606ef3/datanode-4/meta/datanode.id
2023-12-26 17:43:06,833 [main] INFO  ozone.HddsDatanodeService (HddsDatanodeService.java:start(239)) - HddsDatanodeService host:fv-az1381-115 ip:10.1.0.4
2023-12-26 17:43:06,852 [main] INFO  upgrade.AbstractLayoutVersionManager (AbstractLayoutVersionManager.java:init(83)) - Initializing Layout version manager with metadata layout = HADOOP_PRC_PORTS_IN_DATANODEDETAILS (version = 7), software layout = HADOOP_PRC_PORTS_IN_DATANODEDETAILS (version = 7)
2023-12-26 17:43:06,852 [main] INFO  statemachine.DatanodeStateMachine (DatanodeStateMachine.java:getEndPointTaskThreadPoolSize(299)) - Datanode State Machine Task Thread Pool size 2
2023-12-26 17:43:06,853 [main] ERROR lib.MethodMetric (MethodMetric.java:snapshot(117)) - Error invoking method getCommitted
java.lang.reflect.InvocationTargetException
	at sun.reflect.GeneratedMethodAccessor85.invoke(Unknown Source)
	at sun.reflect.DelegatingMethodAccessorImpl.invoke(DelegatingMethodAccessorImpl.java:43)
	at java.lang.reflect.Method.invoke(Method.java:498)
	at org.apache.hadoop.metrics2.lib.MethodMetric$2.snapshot(MethodMetric.java:111)
	at org.apache.hadoop.metrics2.lib.MethodMetric.snapshot(MethodMetric.java:142)
	at org.apache.hadoop.metrics2.lib.MetricsRegistry.snapshot(MetricsRegistry.java:447)
	at org.apache.hadoop.metrics2.lib.MetricsSourceBuilder$1.getMetrics(MetricsSourceBuilder.java:89)
	at org.apache.hadoop.metrics2.impl.MetricsSourceAdapter.getMetrics(MetricsSourceAdapter.java:200)
	at org.apache.hadoop.metrics2.impl.MetricsSourceAdapter.updateJmxCache(MetricsSourceAdapter.java:183)
	at org.apache.hadoop.metrics2.impl.MetricsSourceAdapter.getMBeanInfo(MetricsSourceAdapter.java:156)
	at com.sun.jmx.interceptor.DefaultMBeanServerInterceptor.getNewMBeanClassName(DefaultMBeanServerInterceptor.java:333)
	at com.sun.jmx.interceptor.DefaultMBeanServerInterceptor.registerMBean(DefaultMBeanServerInterceptor.java:319)
	at com.sun.jmx.mbeanserver.JmxMBeanServer.registerMBean(JmxMBeanServer.java:522)
	at org.apache.hadoop.metrics2.util.MBeans.register(MBeans.java:100)
	at org.apache.hadoop.metrics2.util.MBeans.register(MBeans.java:73)
	at org.apache.hadoop.metrics2.impl.MetricsSourceAdapter.startMBeans(MetricsSourceAdapter.java:222)
	at org.apache.hadoop.metrics2.impl.MetricsSourceAdapter.start(MetricsSourceAdapter.java:101)
	at org.apache.hadoop.metrics2.impl.MetricsSystemImpl.registerSource(MetricsSystemImpl.java:268)
	at org.apache.hadoop.metrics2.impl.MetricsSystemImpl.register(MetricsSystemImpl.java:233)
	at org.apache.hadoop.ozone.container.common.volume.VolumeInfoMetrics.init(VolumeInfoMetrics.java:50)
	at org.apache.hadoop.ozone.container.common.volume.VolumeInfoMetrics.<init>(VolumeInfoMetrics.java:45)
	at org.apache.hadoop.ozone.container.common.volume.HddsVolume.<init>(HddsVolume.java:123)
	at org.apache.hadoop.ozone.container.common.volume.HddsVolume.<init>(HddsVolume.java:71)
	at org.apache.hadoop.ozone.container.common.volume.HddsVolume$Builder.build(HddsVolume.java:111)
	at org.apache.hadoop.ozone.container.common.volume.HddsVolumeFactory.createVolume(HddsVolumeFactory.java:48)
	at org.apache.hadoop.ozone.container.common.volume.MutableVolumeSet.initializeVolumeSet(MutableVolumeSet.java:170)
	at org.apache.hadoop.ozone.container.common.volume.MutableVolumeSet.<init>(MutableVolumeSet.java:132)
	at org.apache.hadoop.ozone.container.common.volume.MutableVolumeSet.<init>(MutableVolumeSet.java:96)
	at org.apache.hadoop.ozone.container.ozoneimpl.OzoneContainer.<init>(OzoneContainer.java:149)
	at org.apache.hadoop.ozone.container.common.statemachine.DatanodeStateMachine.<init>(DatanodeStateMachine.java:186)
	at org.apache.hadoop.ozone.HddsDatanodeService.start(HddsDatanodeService.java:296)
	at org.apache.hadoop.ozone.MiniOzoneClusterImpl.startHddsDatanode(MiniOzoneClusterImpl.java:489)
	at java.util.ArrayList.forEach(ArrayList.java:1259)
	at org.apache.hadoop.ozone.MiniOzoneClusterImpl.startHddsDatanodes(MiniOzoneClusterImpl.java:497)
	at org.apache.hadoop.ozone.MiniOzoneClusterImpl$Builder.build(MiniOzoneClusterImpl.java:627)
	at org.apache.hadoop.ozone.client.rpc.TestWatchForCommit.init(TestWatchForCommit.java:149)
	at sun.reflect.NativeMethodAccessorImpl.invoke0(Native Method)
	at sun.reflect.NativeMethodAccessorImpl.invoke(NativeMethodAccessorImpl.java:62)
	at sun.reflect.DelegatingMethodAccessorImpl.invoke(DelegatingMethodAccessorImpl.java:43)
	at java.lang.reflect.Method.invoke(Method.java:498)
	at org.junit.platform.commons.util.ReflectionUtils.invokeMethod(ReflectionUtils.java:728)
	at org.junit.jupiter.engine.execution.MethodInvocation.proceed(MethodInvocation.java:60)
	at org.junit.jupiter.engine.execution.InvocationInterceptorChain$ValidatingInvocation.proceed(InvocationInterceptorChain.java:131)
	at org.junit.jupiter.engine.extension.TimeoutExtension.intercept(TimeoutExtension.java:156)
	at org.junit.jupiter.engine.extension.TimeoutExtension.interceptLifecycleMethod(TimeoutExtension.java:128)
	at org.junit.jupiter.engine.extension.TimeoutExtension.interceptBeforeEachMethod(TimeoutExtension.java:78)
	at org.junit.jupiter.engine.execution.InterceptingExecutableInvoker$ReflectiveInterceptorCall.lambda$ofVoidMethod$0(InterceptingExecutableInvoker.java:103)
	at org.junit.jupiter.engine.execution.InterceptingExecutableInvoker.lambda$invoke$0(InterceptingExecutableInvoker.java:93)
	at org.junit.jupiter.engine.execution.InvocationInterceptorChain$InterceptedInvocation.proceed(InvocationInterceptorChain.java:106)
	at org.junit.jupiter.engine.execution.InvocationInterceptorChain.proceed(InvocationInterceptorChain.java:64)
	at org.junit.jupiter.engine.execution.InvocationInterceptorChain.chainAndInvoke(InvocationInterceptorChain.java:45)
	at org.junit.jupiter.engine.execution.InvocationInterceptorChain.invoke(InvocationInterceptorChain.java:37)
	at org.junit.jupiter.engine.execution.InterceptingExecutableInvoker.invoke(InterceptingExecutableInvoker.java:92)
	at org.junit.jupiter.engine.execution.InterceptingExecutableInvoker.invoke(InterceptingExecutableInvoker.java:86)
	at org.junit.jupiter.engine.descriptor.ClassBasedTestDescriptor.invokeMethodInExtensionContext(ClassBasedTestDescriptor.java:521)
	at org.junit.jupiter.engine.descriptor.ClassBasedTestDescriptor.lambda$synthesizeBeforeEachMethodAdapter$23(ClassBasedTestDescriptor.java:506)
	at org.junit.jupiter.engine.descriptor.TestMethodTestDescriptor.lambda$invokeBeforeEachMethods$3(TestMethodTestDescriptor.java:175)
	at org.junit.jupiter.engine.descriptor.TestMethodTestDescriptor.lambda$invokeBeforeMethodsOrCallbacksUntilExceptionOccurs$6(TestMethodTestDescriptor.java:203)
	at org.junit.platform.engine.support.hierarchical.ThrowableCollector.execute(ThrowableCollector.java:73)
	at org.junit.jupiter.engine.descriptor.TestMethodTestDescriptor.invokeBeforeMethodsOrCallbacksUntilExceptionOccurs(TestMethodTestDescriptor.java:203)
	at org.junit.jupiter.engine.descriptor.TestMethodTestDescriptor.invokeBeforeEachMethods(TestMethodTestDescriptor.java:172)
	at org.junit.jupiter.engine.descriptor.TestMethodTestDescriptor.execute(TestMethodTestDescriptor.java:135)
	at org.junit.jupiter.engine.descriptor.TestMethodTestDescriptor.execute(TestMethodTestDescriptor.java:69)
	at org.junit.platform.engine.support.hierarchical.NodeTestTask.lambda$executeRecursively$6(NodeTestTask.java:151)
	at org.junit.platform.engine.support.hierarchical.ThrowableCollector.execute(ThrowableCollector.java:73)
	at org.junit.platform.engine.support.hierarchical.NodeTestTask.lambda$executeRecursively$8(NodeTestTask.java:141)
	at org.junit.platform.engine.support.hierarchical.Node.around(Node.java:137)
	at org.junit.platform.engine.support.hierarchical.NodeTestTask.lambda$executeRecursively$9(NodeTestTask.java:139)
	at org.junit.platform.engine.support.hierarchical.ThrowableCollector.execute(ThrowableCollector.java:73)
	at org.junit.platform.engine.support.hierarchical.NodeTestTask.executeRecursively(NodeTestTask.java:138)
	at org.junit.platform.engine.support.hierarchical.NodeTestTask.execute(NodeTestTask.java:95)
	at java.util.ArrayList.forEach(ArrayList.java:1259)
	at org.junit.platform.engine.support.hierarchical.SameThreadHierarchicalTestExecutorService.invokeAll(SameThreadHierarchicalTestExecutorService.java:41)
	at org.junit.platform.engine.support.hierarchical.NodeTestTask.lambda$executeRecursively$6(NodeTestTask.java:155)
	at org.junit.platform.engine.support.hierarchical.ThrowableCollector.execute(ThrowableCollector.java:73)
	at org.junit.platform.engine.support.hierarchical.NodeTestTask.lambda$executeRecursively$8(NodeTestTask.java:141)
	at org.junit.platform.engine.support.hierarchical.Node.around(Node.java:137)
	at org.junit.platform.engine.support.hierarchical.NodeTestTask.lambda$executeRecursively$9(NodeTestTask.java:139)
	at org.junit.platform.engine.support.hierarchical.ThrowableCollector.execute(ThrowableCollector.java:73)
	at org.junit.platform.engine.support.hierarchical.NodeTestTask.executeRecursively(NodeTestTask.java:138)
	at org.junit.platform.engine.support.hierarchical.NodeTestTask.execute(NodeTestTask.java:95)
	at java.util.ArrayList.forEach(ArrayList.java:1259)
	at org.junit.platform.engine.support.hierarchical.SameThreadHierarchicalTestExecutorService.invokeAll(SameThreadHierarchicalTestExecutorService.java:41)
	at org.junit.platform.engine.support.hierarchical.NodeTestTask.lambda$executeRecursively$6(NodeTestTask.java:155)
	at org.junit.platform.engine.support.hierarchical.ThrowableCollector.execute(ThrowableCollector.java:73)
	at org.junit.platform.engine.support.hierarchical.NodeTestTask.lambda$executeRecursively$8(NodeTestTask.java:141)
	at org.junit.platform.engine.support.hierarchical.Node.around(Node.java:137)
	at org.junit.platform.engine.support.hierarchical.NodeTestTask.lambda$executeRecursively$9(NodeTestTask.java:139)
	at org.junit.platform.engine.support.hierarchical.ThrowableCollector.execute(ThrowableCollector.java:73)
	at org.junit.platform.engine.support.hierarchical.NodeTestTask.executeRecursively(NodeTestTask.java:138)
	at org.junit.platform.engine.support.hierarchical.NodeTestTask.execute(NodeTestTask.java:95)
	at org.junit.platform.engine.support.hierarchical.SameThreadHierarchicalTestExecutorService.submit(SameThreadHierarchicalTestExecutorService.java:35)
	at org.junit.platform.engine.support.hierarchical.HierarchicalTestExecutor.execute(HierarchicalTestExecutor.java:57)
	at org.junit.platform.engine.support.hierarchical.HierarchicalTestEngine.execute(HierarchicalTestEngine.java:54)
	at org.junit.platform.launcher.core.EngineExecutionOrchestrator.execute(EngineExecutionOrchestrator.java:198)
	at org.junit.platform.launcher.core.EngineExecutionOrchestrator.execute(EngineExecutionOrchestrator.java:169)
	at org.junit.platform.launcher.core.EngineExecutionOrchestrator.execute(EngineExecutionOrchestrator.java:93)
	at org.junit.platform.launcher.core.EngineExecutionOrchestrator.lambda$execute$0(EngineExecutionOrchestrator.java:58)
	at org.junit.platform.launcher.core.EngineExecutionOrchestrator.withInterceptedStreams(EngineExecutionOrchestrator.java:141)
	at org.junit.platform.launcher.core.EngineExecutionOrchestrator.execute(EngineExecutionOrchestrator.java:57)
	at org.junit.platform.launcher.core.DefaultLauncher.execute(DefaultLauncher.java:103)
	at org.junit.platform.launcher.core.DefaultLauncher.execute(DefaultLauncher.java:85)
	at org.junit.platform.launcher.core.DelegatingLauncher.execute(DelegatingLauncher.java:47)
	at org.apache.maven.surefire.junitplatform.LazyLauncher.execute(LazyLauncher.java:56)
	at org.apache.maven.surefire.junitplatform.JUnitPlatformProvider.execute(JUnitPlatformProvider.java:184)
	at org.apache.maven.surefire.junitplatform.JUnitPlatformProvider.invokeAllTests(JUnitPlatformProvider.java:148)
	at org.apache.maven.surefire.junitplatform.JUnitPlatformProvider.invoke(JUnitPlatformProvider.java:120)
	at org.apache.maven.surefire.booter.ForkedBooter.runSuitesInProcess(ForkedBooter.java:385)
	at org.apache.maven.surefire.booter.ForkedBooter.execute(ForkedBooter.java:162)
	at org.apache.maven.surefire.booter.ForkedBooter.run(ForkedBooter.java:507)
	at org.apache.maven.surefire.booter.ForkedBooter.main(ForkedBooter.java:495)
Caused by: java.lang.NullPointerException
	at org.apache.hadoop.ozone.container.common.volume.HddsVolume.getCommittedBytes(HddsVolume.java:303)
	at org.apache.hadoop.ozone.container.common.volume.VolumeInfoMetrics.getCommitted(VolumeInfoMetrics.java:147)
	... 111 more
2023-12-26 17:43:06,854 [main] INFO  volume.HddsVolume (HddsVolume.java:<init>(126)) - Creating HddsVolume: /home/runner/work/ozone/ozone/hadoop-ozone/integration-test/target/test-dir/MiniOzoneClusterImpl-a136b03b-8403-429e-9870-8bf85e606ef3/datanode-5/data-0/containers/hdds of storage type : DISK capacity : 9223372036854775807
2023-12-26 17:43:06,854 [main] INFO  volume.MutableVolumeSet (MutableVolumeSet.java:initializeVolumeSet(173)) - Added Volume : /home/runner/work/ozone/ozone/hadoop-ozone/integration-test/target/test-dir/MiniOzoneClusterImpl-a136b03b-8403-429e-9870-8bf85e606ef3/datanode-5/data-0/containers/hdds to VolumeSet
2023-12-26 17:43:06,855 [main] INFO  volume.MutableVolumeSet (MutableVolumeSet.java:initializeVolumeSet(173)) - Added Volume : /home/runner/work/ozone/ozone/hadoop-ozone/integration-test/target/test-dir/MiniOzoneClusterImpl-a136b03b-8403-429e-9870-8bf85e606ef3/datanode-5/data/ratis to VolumeSet
2023-12-26 17:43:06,855 [main] INFO  ozoneimpl.OzoneContainer (HddsVolumeUtil.java:loadAllHddsVolumeDbStore(103)) - Load 1 volumes DbStore cost: 0ms
2023-12-26 17:43:06,855 [3cf20811-7a7f-4ec1-bb30-7adbebaa785f-ContainerReader-0] INFO  ozoneimpl.ContainerReader (ContainerReader.java:readVolume(178)) - Finish verifying containers on volume /home/runner/work/ozone/ozone/hadoop-ozone/integration-test/target/test-dir/MiniOzoneClusterImpl-a136b03b-8403-429e-9870-8bf85e606ef3/datanode-5/data-0/containers/hdds
2023-12-26 17:43:06,855 [main] INFO  ozoneimpl.OzoneContainer (OzoneContainer.java:buildContainerSet(326)) - Build ContainerSet costs 0s
2023-12-26 17:43:06,857 [main] INFO  server.RaftServer (ConfUtils.java:logGet(46)) - raft.rpc.type = GRPC (default)
2023-12-26 17:43:06,857 [main] INFO  grpc.GrpcConfigKeys (ConfUtils.java:logFallback(53)) - raft.grpc.admin.host = null (fallback to raft.grpc.server.host)
2023-12-26 17:43:06,858 [main] INFO  grpc.GrpcConfigKeys (ConfUtils.java:logGet(46)) - raft.grpc.admin.port = 15236 (custom)
2023-12-26 17:43:06,858 [main] INFO  grpc.GrpcConfigKeys (ConfUtils.java:logFallback(53)) - raft.grpc.client.host = null (fallback to raft.grpc.server.host)
2023-12-26 17:43:06,858 [main] INFO  grpc.GrpcConfigKeys (ConfUtils.java:logGet(46)) - raft.grpc.client.port = 15235 (custom)
2023-12-26 17:43:06,858 [main] INFO  grpc.GrpcConfigKeys (ConfUtils.java:logGet(46)) - raft.grpc.server.host = null (default)
2023-12-26 17:43:06,858 [main] INFO  grpc.GrpcConfigKeys (ConfUtils.java:logGet(46)) - raft.grpc.server.port = 15237 (custom)
2023-12-26 17:43:06,858 [main] INFO  server.GrpcService (ConfUtils.java:logGet(46)) - raft.grpc.message.size.max = 32MB (=33554432) (custom)
2023-12-26 17:43:06,858 [main] INFO  server.RaftServerConfigKeys (ConfUtils.java:logGet(46)) - raft.server.log.appender.buffer.byte-limit = 8388608 (custom)
2023-12-26 17:43:06,859 [main] INFO  server.GrpcService (ConfUtils.java:logGet(46)) - raft.grpc.flow.control.window = 5MB (=5242880) (custom)
2023-12-26 17:43:06,859 [main] INFO  server.RaftServerConfigKeys (ConfUtils.java:logGet(46)) - raft.server.rpc.request.timeout = 3000ms (default)
2023-12-26 17:43:06,859 [main] INFO  grpc.GrpcConfigKeys (ConfUtils.java:logGet(46)) - raft.grpc.server.heartbeat.channel = true (default)
2023-12-26 17:43:06,859 [main] INFO  grpc.GrpcConfigKeys (ConfUtils.java:logGet(46)) - raft.grpc.server.async.request.thread.pool.cached = true (default)
2023-12-26 17:43:06,859 [main] INFO  grpc.GrpcConfigKeys (ConfUtils.java:logGet(46)) - raft.grpc.server.async.request.thread.pool.size = 32 (default)
2023-12-26 17:43:06,861 [main] INFO  impl.DataStreamServerImpl (ConfUtils.java:logGet(46)) - raft.datastream.type = NETTY (custom)
2023-12-26 17:43:06,861 [main] INFO  server.RaftServerConfigKeys (ConfUtils.java:logGet(46)) - raft.server.data-stream.async.request.thread.pool.cached = false (default)
2023-12-26 17:43:06,861 [main] INFO  server.RaftServerConfigKeys (ConfUtils.java:logGet(46)) - raft.server.data-stream.async.request.thread.pool.size = 20 (custom)
2023-12-26 17:43:06,861 [main] INFO  server.RaftServerConfigKeys (ConfUtils.java:logGet(46)) - raft.server.data-stream.async.write.thread.pool.size = 16 (default)
2023-12-26 17:43:06,861 [main] INFO  netty.NettyConfigKeys$DataStream (ConfUtils.java:logGet(46)) - raft.netty.dataStream.server.channel.inactive.grace-period = 10min (default)
2023-12-26 17:43:06,862 [main] INFO  server.RaftServerConfigKeys (ConfUtils.java:logGet(46)) - raft.server.data-stream.client.pool.size = 10 (default)
2023-12-26 17:43:06,862 [main] INFO  netty.NettyConfigKeys$DataStream (ConfUtils.java:logGet(46)) - raft.netty.dataStream.server.use-epoll = true (default)
2023-12-26 17:43:06,862 [main] INFO  netty.NettyConfigKeys$DataStream (ConfUtils.java:logGet(46)) - raft.netty.dataStream.server.boss-group.size = 0 (default)
2023-12-26 17:43:06,862 [main] INFO  netty.NettyUtils (NettyUtils.java:newEventLoopGroup(69)) - Create EpollEventLoopGroup for 3cf20811-7a7f-4ec1-bb30-7adbebaa785f-NettyServerStreamRpc-bossGroup; Thread size is 0.
2023-12-26 17:43:06,862 [main] INFO  netty.NettyConfigKeys$DataStream (ConfUtils.java:logGet(46)) - raft.netty.dataStream.server.worker-group.size = 0 (default)
2023-12-26 17:43:06,862 [main] INFO  netty.NettyUtils (NettyUtils.java:newEventLoopGroup(69)) - Create EpollEventLoopGroup for 3cf20811-7a7f-4ec1-bb30-7adbebaa785f-NettyServerStreamRpc-workerGroup; Thread size is 0.
2023-12-26 17:43:06,863 [main] INFO  netty.NettyConfigKeys$DataStream (ConfUtils.java:logGet(46)) - raft.netty.dataStream.server.tls.conf = null (default)
2023-12-26 17:43:06,863 [main] INFO  netty.NettyConfigKeys$DataStream (ConfUtils.java:logGet(46)) - raft.netty.dataStream.host = null (default)
2023-12-26 17:43:06,863 [main] INFO  netty.NettyConfigKeys$DataStream (ConfUtils.java:logGet(46)) - raft.netty.dataStream.port = 15238 (custom)
2023-12-26 17:43:06,863 [main] INFO  server.RaftServerConfigKeys (ConfUtils.java:logGet(46)) - raft.server.sleep.deviation.threshold = 300ms (default)
2023-12-26 17:43:06,863 [main] INFO  server.RaftServerConfigKeys (ConfUtils.java:logGet(46)) - raft.server.close.threshold = 60s (default)
2023-12-26 17:43:06,863 [3cf20811-7a7f-4ec1-bb30-7adbebaa785f-NettyServerStreamRpc-bossGroup--thread1] INFO  logging.LoggingHandler (AbstractInternalLogger.java:log(148)) - [id: 0x38516192] REGISTERED
2023-12-26 17:43:06,864 [main] INFO  server.RaftServerConfigKeys (ConfUtils.java:logGet(46)) - raft.server.leaderelection.leader.step-down.wait-time = 10s (default)
2023-12-26 17:43:06,864 [3cf20811-7a7f-4ec1-bb30-7adbebaa785f-NettyServerStreamRpc-bossGroup--thread1] INFO  logging.LoggingHandler (AbstractInternalLogger.java:log(148)) - [id: 0x38516192] BIND: 0.0.0.0/0.0.0.0:15238
2023-12-26 17:43:06,864 [main] INFO  server.RaftServerConfigKeys (ConfUtils.java:logGet(46)) - raft.server.storage.dir = [/home/runner/work/ozone/ozone/hadoop-ozone/integration-test/target/test-dir/MiniOzoneClusterImpl-a136b03b-8403-429e-9870-8bf85e606ef3/datanode-5/data/ratis] (custom)
2023-12-26 17:43:06,864 [3cf20811-7a7f-4ec1-bb30-7adbebaa785f-NettyServerStreamRpc-bossGroup--thread1] INFO  logging.LoggingHandler (AbstractInternalLogger.java:log(148)) - [id: 0x38516192, L:/0.0.0.0:15238] ACTIVE
2023-12-26 17:43:06,864 [main] INFO  server.RaftServerConfigKeys (ConfUtils.java:logGet(46)) - raft.server.threadpool.proxy.cached = true (default)
2023-12-26 17:43:06,864 [main] INFO  server.RaftServerConfigKeys (ConfUtils.java:logGet(46)) - raft.server.threadpool.proxy.size = 0 (default)
2023-12-26 17:43:06,865 [3cf20811-7a7f-4ec1-bb30-7adbebaa785f-impl-thread1] INFO  server.RaftServer (RaftServerProxy.java:initGroupDir(264)) - 3cf20811-7a7f-4ec1-bb30-7adbebaa785f: found a subdirectory /home/runner/work/ozone/ozone/hadoop-ozone/integration-test/target/test-dir/MiniOzoneClusterImpl-a136b03b-8403-429e-9870-8bf85e606ef3/datanode-5/data/ratis/tmp
2023-12-26 17:43:06,865 [3cf20811-7a7f-4ec1-bb30-7adbebaa785f-impl-thread1] INFO  server.RaftServer (RaftServerProxy.java:initGroupDir(269)) - 3cf20811-7a7f-4ec1-bb30-7adbebaa785f: The directory /home/runner/work/ozone/ozone/hadoop-ozone/integration-test/target/test-dir/MiniOzoneClusterImpl-a136b03b-8403-429e-9870-8bf85e606ef3/datanode-5/data/ratis/tmp is not a group directory; ignoring it. 
2023-12-26 17:43:06,865 [main] INFO  replication.ReplicationServer (ReplicationServer.java:<init>(85)) - Initializing replication server with thread count = 10 queue length = 4096
2023-12-26 17:43:06,866 [main] INFO  server.XceiverServerGrpc (XceiverServerGrpc.java:<init>(141)) - GrpcServer channel type EpollServerSocketChannel
2023-12-26 17:43:06,867 [main] INFO  replication.ReplicationSupervisor (ReplicationSupervisor.java:build(163)) - Initializing replication supervisor with thread count = 10
2023-12-26 17:43:06,868 [main] INFO  replication.ReplicationSupervisor (ReplicationSupervisor.java:nodeStateUpdated(317)) - Node state updated to IN_SERVICE, scaling executor pool size to 10
2023-12-26 17:43:06,869 [main] INFO  http.BaseHttpServer (BaseHttpServer.java:newHttpServer2BuilderForOzone(223)) - Starting Web-server for hddsDatanode at: http://0.0.0.0:15232
2023-12-26 17:43:06,869 [main] INFO  http.BaseHttpServer (BaseHttpServer.java:<init>(110)) - Hadoop Security Enabled: false Ozone Security Enabled: false Ozone HTTP Security Enabled: false 
2023-12-26 17:43:06,870 [main] WARN  server.AuthenticationFilter (AuthenticationFilter.java:constructSecretProvider(240)) - Unable to initialize FileSignerSecretProvider, falling back to use random secrets. Reason: Could not read signature secret file: /home/runner/hadoop-http-auth-signature-secret
2023-12-26 17:43:06,870 [main] INFO  http.HttpRequestLog (HttpRequestLog.java:getRequestLog(86)) - Http request log for http.requests.hddsDatanode is not defined
2023-12-26 17:43:06,871 [main] INFO  http.HttpServer2 (HttpServer2.java:addGlobalFilter(1036)) - Added global filter 'safety' (class=org.apache.hadoop.hdds.server.http.HttpServer2$QuotingInputFilter)
2023-12-26 17:43:06,871 [main] INFO  http.HttpServer2 (HttpServer2.java:addFilter(1012)) - Added filter static_user_filter (class=org.apache.hadoop.http.lib.StaticUserWebFilter$StaticUserFilter) to context hddsDatanode
2023-12-26 17:43:06,872 [main] INFO  http.HttpServer2 (HttpServer2.java:addFilter(1020)) - Added filter static_user_filter (class=org.apache.hadoop.http.lib.StaticUserWebFilter$StaticUserFilter) to context logs
2023-12-26 17:43:06,872 [main] INFO  http.HttpServer2 (HttpServer2.java:addFilter(1020)) - Added filter static_user_filter (class=org.apache.hadoop.http.lib.StaticUserWebFilter$StaticUserFilter) to context static
2023-12-26 17:43:06,872 [main] INFO  http.BaseHttpServer (BaseHttpServer.java:<init>(189)) - HTTP server of hddsDatanode uses base directory /home/runner/work/ozone/ozone/hadoop-ozone/integration-test/target/test-dir/MiniOzoneClusterImpl-a136b03b-8403-429e-9870-8bf85e606ef3/datanode-5/meta/webserver
2023-12-26 17:43:06,873 [main] INFO  http.HttpServer2 (HttpServer2.java:bindListener(1236)) - Jetty bound to port 15232
2023-12-26 17:43:06,873 [main] INFO  server.Server (Server.java:doStart(375)) - jetty-9.4.53.v20231009; built: 2023-10-09T12:29:09.265Z; git: 27bde00a0b95a1d5bbee0eae7984f891d2d0f8c9; jvm 1.8.0_392-b08
2023-12-26 17:43:06,874 [main] INFO  server.session (DefaultSessionIdManager.java:doStart(334)) - DefaultSessionIdManager workerName=node0
2023-12-26 17:43:06,874 [main] INFO  server.session (DefaultSessionIdManager.java:doStart(339)) - No SessionScavenger set, using defaults
2023-12-26 17:43:06,874 [main] INFO  server.session (HouseKeeper.java:startScavenging(132)) - node0 Scavenging every 660000ms
2023-12-26 17:43:06,875 [main] INFO  handler.ContextHandler (ContextHandler.java:doStart(921)) - Started o.e.j.s.ServletContextHandler@4f208927{logs,/logs,file:///home/runner/work/ozone/ozone/hadoop-ozone/integration-test/target/log,AVAILABLE}
2023-12-26 17:43:06,875 [main] INFO  handler.ContextHandler (ContextHandler.java:doStart(921)) - Started o.e.j.s.ServletContextHandler@270ea042{static,/static,jar:file:/home/runner/.m2/repository/org/apache/ozone/hdds-container-service/1.5.0-SNAPSHOT/hdds-container-service-1.5.0-SNAPSHOT.jar!/webapps/static,AVAILABLE}
2023-12-26 17:43:06,907 [main] INFO  handler.ContextHandler (ContextHandler.java:doStart(921)) - Started o.e.j.w.WebAppContext@22f15a2e{hddsDatanode,/,file:///home/runner/work/ozone/ozone/hadoop-ozone/integration-test/target/test-dir/MiniOzoneClusterImpl-a136b03b-8403-429e-9870-8bf85e606ef3/datanode-5/meta/webserver/jetty-0_0_0_0-15232-hdds-container-service-1_5_0-SNAPSHOT_jar-_-any-3913408041579756105/webapp/,AVAILABLE}{jar:file:/home/runner/.m2/repository/org/apache/ozone/hdds-container-service/1.5.0-SNAPSHOT/hdds-container-service-1.5.0-SNAPSHOT.jar!/webapps/hddsDatanode}
2023-12-26 17:43:06,908 [main] INFO  server.AbstractConnector (AbstractConnector.java:doStart(333)) - Started ServerConnector@10679da{HTTP/1.1, (http/1.1)}{0.0.0.0:15232}
2023-12-26 17:43:06,908 [main] INFO  server.Server (Server.java:doStart(415)) - Started @84561ms
2023-12-26 17:43:06,909 [main] WARN  impl.MetricsSystemImpl (MetricsSystemImpl.java:register(279)) - Sink prometheus already exists!
2023-12-26 17:43:06,909 [main] INFO  http.BaseHttpServer (BaseHttpServer.java:updateConnectorAddress(354)) - HTTP server of hddsDatanode listening at http://0.0.0.0:15232
2023-12-26 17:43:06,909 [main] INFO  ipc.CallQueueManager (CallQueueManager.java:<init>(90)) - Using callQueue: class java.util.concurrent.LinkedBlockingQueue, queueCapacity: 100, scheduler: class org.apache.hadoop.ipc.DefaultRpcScheduler, ipcBackoff: false.
2023-12-26 17:43:06,910 [main] INFO  ipc.Server (Server.java:<init>(1287)) - Listener at 0.0.0.0:15233
2023-12-26 17:43:06,910 [Socket Reader #1 for port 15233] INFO  ipc.Server (Server.java:run(1323)) - Starting Socket Reader #1 for port 15233
2023-12-26 17:43:06,911 [main] INFO  ozone.HddsDatanodeService (HddsDatanodeService.java:start(324)) - Datanode start with admins: [runner]
2023-12-26 17:43:06,912 [main] INFO  ozone.HddsDatanodeClientProtocolServer (HddsDatanodeClientProtocolServer.java:start(72)) - RPC server for Client /0.0.0.0:15233
2023-12-26 17:43:06,912 [IPC Server Responder] INFO  ipc.Server (Server.java:run(1562)) - IPC Server Responder: starting
2023-12-26 17:43:06,912 [IPC Server listener on 15233] INFO  ipc.Server (Server.java:run(1402)) - IPC Server listener on 15233: starting
2023-12-26 17:43:06,918 [3cf20811-7a7f-4ec1-bb30-7adbebaa785f-DatanodeStateMachineDaemonThread] INFO  statemachine.DatanodeStateMachine (DatanodeStateMachine.java:lambda$startDaemon$1(555)) - Ozone container server started.
2023-12-26 17:43:06,921 [main] WARN  dropwizard3.Dm3MetricRegistriesImpl (Dm3MetricRegistriesImpl.java:addReporterRegistration(113)) - New reporters are added after registries were created. Some metrics will be missing from the reporter. Please add reporter before adding any new registry.
2023-12-26 17:43:06,921 [main] WARN  dropwizard3.Dm3MetricRegistriesImpl (Dm3MetricRegistriesImpl.java:addReporterRegistration(113)) - New reporters are added after registries were created. Some metrics will be missing from the reporter. Please add reporter before adding any new registry.
2023-12-26 17:43:06,921 [main] INFO  impl.MetricsSystemImpl (MetricsSystemImpl.java:init(158)) - HddsDatanode metrics system started (again)
2023-12-26 17:43:06,923 [3cf20811-7a7f-4ec1-bb30-7adbebaa785f-DatanodeStateMachineTaskThread-0] INFO  datanode.InitDatanodeState (InitDatanodeState.java:persistContainerDatanodeDetails(139)) - DatanodeDetails is persisted to /home/runner/work/ozone/ozone/hadoop-ozone/integration-test/target/test-dir/MiniOzoneClusterImpl-a136b03b-8403-429e-9870-8bf85e606ef3/datanode-5/meta/datanode.id
2023-12-26 17:43:06,930 [main] INFO  ozone.HddsDatanodeService (HddsDatanodeService.java:start(239)) - HddsDatanodeService host:fv-az1381-115 ip:10.1.0.4
2023-12-26 17:43:06,949 [main] INFO  upgrade.AbstractLayoutVersionManager (AbstractLayoutVersionManager.java:init(83)) - Initializing Layout version manager with metadata layout = HADOOP_PRC_PORTS_IN_DATANODEDETAILS (version = 7), software layout = HADOOP_PRC_PORTS_IN_DATANODEDETAILS (version = 7)
2023-12-26 17:43:06,950 [main] INFO  statemachine.DatanodeStateMachine (DatanodeStateMachine.java:getEndPointTaskThreadPoolSize(299)) - Datanode State Machine Task Thread Pool size 2
2023-12-26 17:43:06,951 [main] ERROR lib.MethodMetric (MethodMetric.java:snapshot(117)) - Error invoking method getCommitted
java.lang.reflect.InvocationTargetException
	at sun.reflect.GeneratedMethodAccessor85.invoke(Unknown Source)
	at sun.reflect.DelegatingMethodAccessorImpl.invoke(DelegatingMethodAccessorImpl.java:43)
	at java.lang.reflect.Method.invoke(Method.java:498)
	at org.apache.hadoop.metrics2.lib.MethodMetric$2.snapshot(MethodMetric.java:111)
	at org.apache.hadoop.metrics2.lib.MethodMetric.snapshot(MethodMetric.java:142)
	at org.apache.hadoop.metrics2.lib.MetricsRegistry.snapshot(MetricsRegistry.java:447)
	at org.apache.hadoop.metrics2.lib.MetricsSourceBuilder$1.getMetrics(MetricsSourceBuilder.java:89)
	at org.apache.hadoop.metrics2.impl.MetricsSourceAdapter.getMetrics(MetricsSourceAdapter.java:200)
	at org.apache.hadoop.metrics2.impl.MetricsSourceAdapter.updateJmxCache(MetricsSourceAdapter.java:183)
	at org.apache.hadoop.metrics2.impl.MetricsSourceAdapter.getMBeanInfo(MetricsSourceAdapter.java:156)
	at com.sun.jmx.interceptor.DefaultMBeanServerInterceptor.getNewMBeanClassName(DefaultMBeanServerInterceptor.java:333)
	at com.sun.jmx.interceptor.DefaultMBeanServerInterceptor.registerMBean(DefaultMBeanServerInterceptor.java:319)
	at com.sun.jmx.mbeanserver.JmxMBeanServer.registerMBean(JmxMBeanServer.java:522)
	at org.apache.hadoop.metrics2.util.MBeans.register(MBeans.java:100)
	at org.apache.hadoop.metrics2.util.MBeans.register(MBeans.java:73)
	at org.apache.hadoop.metrics2.impl.MetricsSourceAdapter.startMBeans(MetricsSourceAdapter.java:222)
	at org.apache.hadoop.metrics2.impl.MetricsSourceAdapter.start(MetricsSourceAdapter.java:101)
	at org.apache.hadoop.metrics2.impl.MetricsSystemImpl.registerSource(MetricsSystemImpl.java:268)
	at org.apache.hadoop.metrics2.impl.MetricsSystemImpl.register(MetricsSystemImpl.java:233)
	at org.apache.hadoop.ozone.container.common.volume.VolumeInfoMetrics.init(VolumeInfoMetrics.java:50)
	at org.apache.hadoop.ozone.container.common.volume.VolumeInfoMetrics.<init>(VolumeInfoMetrics.java:45)
	at org.apache.hadoop.ozone.container.common.volume.HddsVolume.<init>(HddsVolume.java:123)
	at org.apache.hadoop.ozone.container.common.volume.HddsVolume.<init>(HddsVolume.java:71)
	at org.apache.hadoop.ozone.container.common.volume.HddsVolume$Builder.build(HddsVolume.java:111)
	at org.apache.hadoop.ozone.container.common.volume.HddsVolumeFactory.createVolume(HddsVolumeFactory.java:48)
	at org.apache.hadoop.ozone.container.common.volume.MutableVolumeSet.initializeVolumeSet(MutableVolumeSet.java:170)
	at org.apache.hadoop.ozone.container.common.volume.MutableVolumeSet.<init>(MutableVolumeSet.java:132)
	at org.apache.hadoop.ozone.container.common.volume.MutableVolumeSet.<init>(MutableVolumeSet.java:96)
	at org.apache.hadoop.ozone.container.ozoneimpl.OzoneContainer.<init>(OzoneContainer.java:149)
	at org.apache.hadoop.ozone.container.common.statemachine.DatanodeStateMachine.<init>(DatanodeStateMachine.java:186)
	at org.apache.hadoop.ozone.HddsDatanodeService.start(HddsDatanodeService.java:296)
	at org.apache.hadoop.ozone.MiniOzoneClusterImpl.startHddsDatanode(MiniOzoneClusterImpl.java:489)
	at java.util.ArrayList.forEach(ArrayList.java:1259)
	at org.apache.hadoop.ozone.MiniOzoneClusterImpl.startHddsDatanodes(MiniOzoneClusterImpl.java:497)
	at org.apache.hadoop.ozone.MiniOzoneClusterImpl$Builder.build(MiniOzoneClusterImpl.java:627)
	at org.apache.hadoop.ozone.client.rpc.TestWatchForCommit.init(TestWatchForCommit.java:149)
	at sun.reflect.NativeMethodAccessorImpl.invoke0(Native Method)
	at sun.reflect.NativeMethodAccessorImpl.invoke(NativeMethodAccessorImpl.java:62)
	at sun.reflect.DelegatingMethodAccessorImpl.invoke(DelegatingMethodAccessorImpl.java:43)
	at java.lang.reflect.Method.invoke(Method.java:498)
	at org.junit.platform.commons.util.ReflectionUtils.invokeMethod(ReflectionUtils.java:728)
	at org.junit.jupiter.engine.execution.MethodInvocation.proceed(MethodInvocation.java:60)
	at org.junit.jupiter.engine.execution.InvocationInterceptorChain$ValidatingInvocation.proceed(InvocationInterceptorChain.java:131)
	at org.junit.jupiter.engine.extension.TimeoutExtension.intercept(TimeoutExtension.java:156)
	at org.junit.jupiter.engine.extension.TimeoutExtension.interceptLifecycleMethod(TimeoutExtension.java:128)
	at org.junit.jupiter.engine.extension.TimeoutExtension.interceptBeforeEachMethod(TimeoutExtension.java:78)
	at org.junit.jupiter.engine.execution.InterceptingExecutableInvoker$ReflectiveInterceptorCall.lambda$ofVoidMethod$0(InterceptingExecutableInvoker.java:103)
	at org.junit.jupiter.engine.execution.InterceptingExecutableInvoker.lambda$invoke$0(InterceptingExecutableInvoker.java:93)
	at org.junit.jupiter.engine.execution.InvocationInterceptorChain$InterceptedInvocation.proceed(InvocationInterceptorChain.java:106)
	at org.junit.jupiter.engine.execution.InvocationInterceptorChain.proceed(InvocationInterceptorChain.java:64)
	at org.junit.jupiter.engine.execution.InvocationInterceptorChain.chainAndInvoke(InvocationInterceptorChain.java:45)
	at org.junit.jupiter.engine.execution.InvocationInterceptorChain.invoke(InvocationInterceptorChain.java:37)
	at org.junit.jupiter.engine.execution.InterceptingExecutableInvoker.invoke(InterceptingExecutableInvoker.java:92)
	at org.junit.jupiter.engine.execution.InterceptingExecutableInvoker.invoke(InterceptingExecutableInvoker.java:86)
	at org.junit.jupiter.engine.descriptor.ClassBasedTestDescriptor.invokeMethodInExtensionContext(ClassBasedTestDescriptor.java:521)
	at org.junit.jupiter.engine.descriptor.ClassBasedTestDescriptor.lambda$synthesizeBeforeEachMethodAdapter$23(ClassBasedTestDescriptor.java:506)
	at org.junit.jupiter.engine.descriptor.TestMethodTestDescriptor.lambda$invokeBeforeEachMethods$3(TestMethodTestDescriptor.java:175)
	at org.junit.jupiter.engine.descriptor.TestMethodTestDescriptor.lambda$invokeBeforeMethodsOrCallbacksUntilExceptionOccurs$6(TestMethodTestDescriptor.java:203)
	at org.junit.platform.engine.support.hierarchical.ThrowableCollector.execute(ThrowableCollector.java:73)
	at org.junit.jupiter.engine.descriptor.TestMethodTestDescriptor.invokeBeforeMethodsOrCallbacksUntilExceptionOccurs(TestMethodTestDescriptor.java:203)
	at org.junit.jupiter.engine.descriptor.TestMethodTestDescriptor.invokeBeforeEachMethods(TestMethodTestDescriptor.java:172)
	at org.junit.jupiter.engine.descriptor.TestMethodTestDescriptor.execute(TestMethodTestDescriptor.java:135)
	at org.junit.jupiter.engine.descriptor.TestMethodTestDescriptor.execute(TestMethodTestDescriptor.java:69)
	at org.junit.platform.engine.support.hierarchical.NodeTestTask.lambda$executeRecursively$6(NodeTestTask.java:151)
	at org.junit.platform.engine.support.hierarchical.ThrowableCollector.execute(ThrowableCollector.java:73)
	at org.junit.platform.engine.support.hierarchical.NodeTestTask.lambda$executeRecursively$8(NodeTestTask.java:141)
	at org.junit.platform.engine.support.hierarchical.Node.around(Node.java:137)
	at org.junit.platform.engine.support.hierarchical.NodeTestTask.lambda$executeRecursively$9(NodeTestTask.java:139)
	at org.junit.platform.engine.support.hierarchical.ThrowableCollector.execute(ThrowableCollector.java:73)
	at org.junit.platform.engine.support.hierarchical.NodeTestTask.executeRecursively(NodeTestTask.java:138)
	at org.junit.platform.engine.support.hierarchical.NodeTestTask.execute(NodeTestTask.java:95)
	at java.util.ArrayList.forEach(ArrayList.java:1259)
	at org.junit.platform.engine.support.hierarchical.SameThreadHierarchicalTestExecutorService.invokeAll(SameThreadHierarchicalTestExecutorService.java:41)
	at org.junit.platform.engine.support.hierarchical.NodeTestTask.lambda$executeRecursively$6(NodeTestTask.java:155)
	at org.junit.platform.engine.support.hierarchical.ThrowableCollector.execute(ThrowableCollector.java:73)
	at org.junit.platform.engine.support.hierarchical.NodeTestTask.lambda$executeRecursively$8(NodeTestTask.java:141)
	at org.junit.platform.engine.support.hierarchical.Node.around(Node.java:137)
	at org.junit.platform.engine.support.hierarchical.NodeTestTask.lambda$executeRecursively$9(NodeTestTask.java:139)
	at org.junit.platform.engine.support.hierarchical.ThrowableCollector.execute(ThrowableCollector.java:73)
	at org.junit.platform.engine.support.hierarchical.NodeTestTask.executeRecursively(NodeTestTask.java:138)
	at org.junit.platform.engine.support.hierarchical.NodeTestTask.execute(NodeTestTask.java:95)
	at java.util.ArrayList.forEach(ArrayList.java:1259)
	at org.junit.platform.engine.support.hierarchical.SameThreadHierarchicalTestExecutorService.invokeAll(SameThreadHierarchicalTestExecutorService.java:41)
	at org.junit.platform.engine.support.hierarchical.NodeTestTask.lambda$executeRecursively$6(NodeTestTask.java:155)
	at org.junit.platform.engine.support.hierarchical.ThrowableCollector.execute(ThrowableCollector.java:73)
	at org.junit.platform.engine.support.hierarchical.NodeTestTask.lambda$executeRecursively$8(NodeTestTask.java:141)
	at org.junit.platform.engine.support.hierarchical.Node.around(Node.java:137)
	at org.junit.platform.engine.support.hierarchical.NodeTestTask.lambda$executeRecursively$9(NodeTestTask.java:139)
	at org.junit.platform.engine.support.hierarchical.ThrowableCollector.execute(ThrowableCollector.java:73)
	at org.junit.platform.engine.support.hierarchical.NodeTestTask.executeRecursively(NodeTestTask.java:138)
	at org.junit.platform.engine.support.hierarchical.NodeTestTask.execute(NodeTestTask.java:95)
	at org.junit.platform.engine.support.hierarchical.SameThreadHierarchicalTestExecutorService.submit(SameThreadHierarchicalTestExecutorService.java:35)
	at org.junit.platform.engine.support.hierarchical.HierarchicalTestExecutor.execute(HierarchicalTestExecutor.java:57)
	at org.junit.platform.engine.support.hierarchical.HierarchicalTestEngine.execute(HierarchicalTestEngine.java:54)
	at org.junit.platform.launcher.core.EngineExecutionOrchestrator.execute(EngineExecutionOrchestrator.java:198)
	at org.junit.platform.launcher.core.EngineExecutionOrchestrator.execute(EngineExecutionOrchestrator.java:169)
	at org.junit.platform.launcher.core.EngineExecutionOrchestrator.execute(EngineExecutionOrchestrator.java:93)
	at org.junit.platform.launcher.core.EngineExecutionOrchestrator.lambda$execute$0(EngineExecutionOrchestrator.java:58)
	at org.junit.platform.launcher.core.EngineExecutionOrchestrator.withInterceptedStreams(EngineExecutionOrchestrator.java:141)
	at org.junit.platform.launcher.core.EngineExecutionOrchestrator.execute(EngineExecutionOrchestrator.java:57)
	at org.junit.platform.launcher.core.DefaultLauncher.execute(DefaultLauncher.java:103)
	at org.junit.platform.launcher.core.DefaultLauncher.execute(DefaultLauncher.java:85)
	at org.junit.platform.launcher.core.DelegatingLauncher.execute(DelegatingLauncher.java:47)
	at org.apache.maven.surefire.junitplatform.LazyLauncher.execute(LazyLauncher.java:56)
	at org.apache.maven.surefire.junitplatform.JUnitPlatformProvider.execute(JUnitPlatformProvider.java:184)
	at org.apache.maven.surefire.junitplatform.JUnitPlatformProvider.invokeAllTests(JUnitPlatformProvider.java:148)
	at org.apache.maven.surefire.junitplatform.JUnitPlatformProvider.invoke(JUnitPlatformProvider.java:120)
	at org.apache.maven.surefire.booter.ForkedBooter.runSuitesInProcess(ForkedBooter.java:385)
	at org.apache.maven.surefire.booter.ForkedBooter.execute(ForkedBooter.java:162)
	at org.apache.maven.surefire.booter.ForkedBooter.run(ForkedBooter.java:507)
	at org.apache.maven.surefire.booter.ForkedBooter.main(ForkedBooter.java:495)
Caused by: java.lang.NullPointerException
	at org.apache.hadoop.ozone.container.common.volume.HddsVolume.getCommittedBytes(HddsVolume.java:303)
	at org.apache.hadoop.ozone.container.common.volume.VolumeInfoMetrics.getCommitted(VolumeInfoMetrics.java:147)
	... 111 more
2023-12-26 17:43:06,951 [main] INFO  volume.HddsVolume (HddsVolume.java:<init>(126)) - Creating HddsVolume: /home/runner/work/ozone/ozone/hadoop-ozone/integration-test/target/test-dir/MiniOzoneClusterImpl-a136b03b-8403-429e-9870-8bf85e606ef3/datanode-6/data-0/containers/hdds of storage type : DISK capacity : 9223372036854775807
2023-12-26 17:43:06,952 [main] INFO  volume.MutableVolumeSet (MutableVolumeSet.java:initializeVolumeSet(173)) - Added Volume : /home/runner/work/ozone/ozone/hadoop-ozone/integration-test/target/test-dir/MiniOzoneClusterImpl-a136b03b-8403-429e-9870-8bf85e606ef3/datanode-6/data-0/containers/hdds to VolumeSet
2023-12-26 17:43:06,952 [main] INFO  volume.MutableVolumeSet (MutableVolumeSet.java:initializeVolumeSet(173)) - Added Volume : /home/runner/work/ozone/ozone/hadoop-ozone/integration-test/target/test-dir/MiniOzoneClusterImpl-a136b03b-8403-429e-9870-8bf85e606ef3/datanode-6/data/ratis to VolumeSet
2023-12-26 17:43:06,952 [main] INFO  ozoneimpl.OzoneContainer (HddsVolumeUtil.java:loadAllHddsVolumeDbStore(103)) - Load 1 volumes DbStore cost: 0ms
2023-12-26 17:43:06,972 [9041b40e-5b92-449e-aa66-a19f39177033-ContainerReader-0] INFO  ozoneimpl.ContainerReader (ContainerReader.java:readVolume(178)) - Finish verifying containers on volume /home/runner/work/ozone/ozone/hadoop-ozone/integration-test/target/test-dir/MiniOzoneClusterImpl-a136b03b-8403-429e-9870-8bf85e606ef3/datanode-6/data-0/containers/hdds
2023-12-26 17:43:06,973 [main] INFO  ozoneimpl.OzoneContainer (OzoneContainer.java:buildContainerSet(326)) - Build ContainerSet costs 0s
2023-12-26 17:43:06,975 [main] INFO  server.RaftServer (ConfUtils.java:logGet(46)) - raft.rpc.type = GRPC (default)
2023-12-26 17:43:06,975 [main] INFO  grpc.GrpcConfigKeys (ConfUtils.java:logFallback(53)) - raft.grpc.admin.host = null (fallback to raft.grpc.server.host)
2023-12-26 17:43:06,975 [main] INFO  grpc.GrpcConfigKeys (ConfUtils.java:logGet(46)) - raft.grpc.admin.port = 15245 (custom)
2023-12-26 17:43:06,975 [main] INFO  grpc.GrpcConfigKeys (ConfUtils.java:logFallback(53)) - raft.grpc.client.host = null (fallback to raft.grpc.server.host)
2023-12-26 17:43:06,976 [main] INFO  grpc.GrpcConfigKeys (ConfUtils.java:logGet(46)) - raft.grpc.client.port = 15244 (custom)
2023-12-26 17:43:06,976 [main] INFO  grpc.GrpcConfigKeys (ConfUtils.java:logGet(46)) - raft.grpc.server.host = null (default)
2023-12-26 17:43:06,976 [main] INFO  grpc.GrpcConfigKeys (ConfUtils.java:logGet(46)) - raft.grpc.server.port = 15246 (custom)
2023-12-26 17:43:06,976 [main] INFO  server.GrpcService (ConfUtils.java:logGet(46)) - raft.grpc.message.size.max = 32MB (=33554432) (custom)
2023-12-26 17:43:06,976 [main] INFO  server.RaftServerConfigKeys (ConfUtils.java:logGet(46)) - raft.server.log.appender.buffer.byte-limit = 8388608 (custom)
2023-12-26 17:43:06,976 [main] INFO  server.GrpcService (ConfUtils.java:logGet(46)) - raft.grpc.flow.control.window = 5MB (=5242880) (custom)
2023-12-26 17:43:06,977 [main] INFO  server.RaftServerConfigKeys (ConfUtils.java:logGet(46)) - raft.server.rpc.request.timeout = 3000ms (default)
2023-12-26 17:43:06,977 [main] INFO  grpc.GrpcConfigKeys (ConfUtils.java:logGet(46)) - raft.grpc.server.heartbeat.channel = true (default)
2023-12-26 17:43:06,977 [main] INFO  grpc.GrpcConfigKeys (ConfUtils.java:logGet(46)) - raft.grpc.server.async.request.thread.pool.cached = true (default)
2023-12-26 17:43:06,977 [main] INFO  grpc.GrpcConfigKeys (ConfUtils.java:logGet(46)) - raft.grpc.server.async.request.thread.pool.size = 32 (default)
2023-12-26 17:43:06,983 [main] INFO  impl.DataStreamServerImpl (ConfUtils.java:logGet(46)) - raft.datastream.type = NETTY (custom)
2023-12-26 17:43:06,983 [main] INFO  server.RaftServerConfigKeys (ConfUtils.java:logGet(46)) - raft.server.data-stream.async.request.thread.pool.cached = false (default)
2023-12-26 17:43:06,983 [main] INFO  server.RaftServerConfigKeys (ConfUtils.java:logGet(46)) - raft.server.data-stream.async.request.thread.pool.size = 20 (custom)
2023-12-26 17:43:06,983 [main] INFO  server.RaftServerConfigKeys (ConfUtils.java:logGet(46)) - raft.server.data-stream.async.write.thread.pool.size = 16 (default)
2023-12-26 17:43:06,983 [main] INFO  netty.NettyConfigKeys$DataStream (ConfUtils.java:logGet(46)) - raft.netty.dataStream.server.channel.inactive.grace-period = 10min (default)
2023-12-26 17:43:06,983 [main] INFO  server.RaftServerConfigKeys (ConfUtils.java:logGet(46)) - raft.server.data-stream.client.pool.size = 10 (default)
2023-12-26 17:43:06,983 [main] INFO  netty.NettyConfigKeys$DataStream (ConfUtils.java:logGet(46)) - raft.netty.dataStream.server.use-epoll = true (default)
2023-12-26 17:43:06,983 [main] INFO  netty.NettyConfigKeys$DataStream (ConfUtils.java:logGet(46)) - raft.netty.dataStream.server.boss-group.size = 0 (default)
2023-12-26 17:43:06,984 [main] INFO  netty.NettyUtils (NettyUtils.java:newEventLoopGroup(69)) - Create EpollEventLoopGroup for 9041b40e-5b92-449e-aa66-a19f39177033-NettyServerStreamRpc-bossGroup; Thread size is 0.
2023-12-26 17:43:06,984 [main] INFO  netty.NettyConfigKeys$DataStream (ConfUtils.java:logGet(46)) - raft.netty.dataStream.server.worker-group.size = 0 (default)
2023-12-26 17:43:06,984 [main] INFO  netty.NettyUtils (NettyUtils.java:newEventLoopGroup(69)) - Create EpollEventLoopGroup for 9041b40e-5b92-449e-aa66-a19f39177033-NettyServerStreamRpc-workerGroup; Thread size is 0.
2023-12-26 17:43:06,984 [main] INFO  netty.NettyConfigKeys$DataStream (ConfUtils.java:logGet(46)) - raft.netty.dataStream.server.tls.conf = null (default)
2023-12-26 17:43:06,984 [main] INFO  netty.NettyConfigKeys$DataStream (ConfUtils.java:logGet(46)) - raft.netty.dataStream.host = null (default)
2023-12-26 17:43:06,984 [main] INFO  netty.NettyConfigKeys$DataStream (ConfUtils.java:logGet(46)) - raft.netty.dataStream.port = 15247 (custom)
2023-12-26 17:43:06,985 [main] INFO  server.RaftServerConfigKeys (ConfUtils.java:logGet(46)) - raft.server.sleep.deviation.threshold = 300ms (default)
2023-12-26 17:43:06,985 [main] INFO  server.RaftServerConfigKeys (ConfUtils.java:logGet(46)) - raft.server.close.threshold = 60s (default)
2023-12-26 17:43:06,985 [main] INFO  server.RaftServerConfigKeys (ConfUtils.java:logGet(46)) - raft.server.leaderelection.leader.step-down.wait-time = 10s (default)
2023-12-26 17:43:06,985 [main] INFO  server.RaftServerConfigKeys (ConfUtils.java:logGet(46)) - raft.server.storage.dir = [/home/runner/work/ozone/ozone/hadoop-ozone/integration-test/target/test-dir/MiniOzoneClusterImpl-a136b03b-8403-429e-9870-8bf85e606ef3/datanode-6/data/ratis] (custom)
2023-12-26 17:43:06,986 [main] INFO  server.RaftServerConfigKeys (ConfUtils.java:logGet(46)) - raft.server.threadpool.proxy.cached = true (default)
2023-12-26 17:43:06,986 [main] INFO  server.RaftServerConfigKeys (ConfUtils.java:logGet(46)) - raft.server.threadpool.proxy.size = 0 (default)
2023-12-26 17:43:06,986 [9041b40e-5b92-449e-aa66-a19f39177033-NettyServerStreamRpc-bossGroup--thread1] INFO  logging.LoggingHandler (AbstractInternalLogger.java:log(148)) - [id: 0x2b889291] REGISTERED
2023-12-26 17:43:06,986 [9041b40e-5b92-449e-aa66-a19f39177033-NettyServerStreamRpc-bossGroup--thread1] INFO  logging.LoggingHandler (AbstractInternalLogger.java:log(148)) - [id: 0x2b889291] BIND: 0.0.0.0/0.0.0.0:15247
2023-12-26 17:43:06,986 [9041b40e-5b92-449e-aa66-a19f39177033-NettyServerStreamRpc-bossGroup--thread1] INFO  logging.LoggingHandler (AbstractInternalLogger.java:log(148)) - [id: 0x2b889291, L:/0.0.0.0:15247] ACTIVE
2023-12-26 17:43:06,987 [9041b40e-5b92-449e-aa66-a19f39177033-impl-thread1] INFO  server.RaftServer (RaftServerProxy.java:initGroupDir(264)) - 9041b40e-5b92-449e-aa66-a19f39177033: found a subdirectory /home/runner/work/ozone/ozone/hadoop-ozone/integration-test/target/test-dir/MiniOzoneClusterImpl-a136b03b-8403-429e-9870-8bf85e606ef3/datanode-6/data/ratis/tmp
2023-12-26 17:43:06,987 [9041b40e-5b92-449e-aa66-a19f39177033-impl-thread1] INFO  server.RaftServer (RaftServerProxy.java:initGroupDir(269)) - 9041b40e-5b92-449e-aa66-a19f39177033: The directory /home/runner/work/ozone/ozone/hadoop-ozone/integration-test/target/test-dir/MiniOzoneClusterImpl-a136b03b-8403-429e-9870-8bf85e606ef3/datanode-6/data/ratis/tmp is not a group directory; ignoring it. 
2023-12-26 17:43:06,987 [main] INFO  replication.ReplicationServer (ReplicationServer.java:<init>(85)) - Initializing replication server with thread count = 10 queue length = 4096
2023-12-26 17:43:06,988 [main] INFO  server.XceiverServerGrpc (XceiverServerGrpc.java:<init>(141)) - GrpcServer channel type EpollServerSocketChannel
2023-12-26 17:43:06,990 [main] INFO  replication.ReplicationSupervisor (ReplicationSupervisor.java:build(163)) - Initializing replication supervisor with thread count = 10
2023-12-26 17:43:06,990 [main] INFO  replication.ReplicationSupervisor (ReplicationSupervisor.java:nodeStateUpdated(317)) - Node state updated to IN_SERVICE, scaling executor pool size to 10
2023-12-26 17:43:06,991 [main] INFO  http.BaseHttpServer (BaseHttpServer.java:newHttpServer2BuilderForOzone(223)) - Starting Web-server for hddsDatanode at: http://0.0.0.0:15241
2023-12-26 17:43:06,991 [main] INFO  http.BaseHttpServer (BaseHttpServer.java:<init>(110)) - Hadoop Security Enabled: false Ozone Security Enabled: false Ozone HTTP Security Enabled: false 
2023-12-26 17:43:06,992 [main] WARN  server.AuthenticationFilter (AuthenticationFilter.java:constructSecretProvider(240)) - Unable to initialize FileSignerSecretProvider, falling back to use random secrets. Reason: Could not read signature secret file: /home/runner/hadoop-http-auth-signature-secret
2023-12-26 17:43:06,993 [main] INFO  http.HttpRequestLog (HttpRequestLog.java:getRequestLog(86)) - Http request log for http.requests.hddsDatanode is not defined
2023-12-26 17:43:06,994 [main] INFO  http.HttpServer2 (HttpServer2.java:addGlobalFilter(1036)) - Added global filter 'safety' (class=org.apache.hadoop.hdds.server.http.HttpServer2$QuotingInputFilter)
2023-12-26 17:43:06,994 [main] INFO  http.HttpServer2 (HttpServer2.java:addFilter(1012)) - Added filter static_user_filter (class=org.apache.hadoop.http.lib.StaticUserWebFilter$StaticUserFilter) to context hddsDatanode
2023-12-26 17:43:06,994 [main] INFO  http.HttpServer2 (HttpServer2.java:addFilter(1020)) - Added filter static_user_filter (class=org.apache.hadoop.http.lib.StaticUserWebFilter$StaticUserFilter) to context logs
2023-12-26 17:43:06,995 [main] INFO  http.HttpServer2 (HttpServer2.java:addFilter(1020)) - Added filter static_user_filter (class=org.apache.hadoop.http.lib.StaticUserWebFilter$StaticUserFilter) to context static
2023-12-26 17:43:06,995 [main] INFO  http.BaseHttpServer (BaseHttpServer.java:<init>(189)) - HTTP server of hddsDatanode uses base directory /home/runner/work/ozone/ozone/hadoop-ozone/integration-test/target/test-dir/MiniOzoneClusterImpl-a136b03b-8403-429e-9870-8bf85e606ef3/datanode-6/meta/webserver
2023-12-26 17:43:06,995 [main] INFO  http.HttpServer2 (HttpServer2.java:bindListener(1236)) - Jetty bound to port 15241
2023-12-26 17:43:06,995 [main] INFO  server.Server (Server.java:doStart(375)) - jetty-9.4.53.v20231009; built: 2023-10-09T12:29:09.265Z; git: 27bde00a0b95a1d5bbee0eae7984f891d2d0f8c9; jvm 1.8.0_392-b08
2023-12-26 17:43:06,997 [main] INFO  server.session (DefaultSessionIdManager.java:doStart(334)) - DefaultSessionIdManager workerName=node0
2023-12-26 17:43:06,998 [main] INFO  server.session (DefaultSessionIdManager.java:doStart(339)) - No SessionScavenger set, using defaults
2023-12-26 17:43:06,998 [main] INFO  server.session (HouseKeeper.java:startScavenging(132)) - node0 Scavenging every 660000ms
2023-12-26 17:43:06,998 [main] INFO  handler.ContextHandler (ContextHandler.java:doStart(921)) - Started o.e.j.s.ServletContextHandler@2a5bdb2d{logs,/logs,file:///home/runner/work/ozone/ozone/hadoop-ozone/integration-test/target/log,AVAILABLE}
2023-12-26 17:43:06,999 [main] INFO  handler.ContextHandler (ContextHandler.java:doStart(921)) - Started o.e.j.s.ServletContextHandler@2ef0e649{static,/static,jar:file:/home/runner/.m2/repository/org/apache/ozone/hdds-container-service/1.5.0-SNAPSHOT/hdds-container-service-1.5.0-SNAPSHOT.jar!/webapps/static,AVAILABLE}
2023-12-26 17:43:07,030 [main] INFO  handler.ContextHandler (ContextHandler.java:doStart(921)) - Started o.e.j.w.WebAppContext@384cb812{hddsDatanode,/,file:///home/runner/work/ozone/ozone/hadoop-ozone/integration-test/target/test-dir/MiniOzoneClusterImpl-a136b03b-8403-429e-9870-8bf85e606ef3/datanode-6/meta/webserver/jetty-0_0_0_0-15241-hdds-container-service-1_5_0-SNAPSHOT_jar-_-any-2644823528103741545/webapp/,AVAILABLE}{jar:file:/home/runner/.m2/repository/org/apache/ozone/hdds-container-service/1.5.0-SNAPSHOT/hdds-container-service-1.5.0-SNAPSHOT.jar!/webapps/hddsDatanode}
2023-12-26 17:43:07,032 [main] INFO  server.AbstractConnector (AbstractConnector.java:doStart(333)) - Started ServerConnector@8f4cb26{HTTP/1.1, (http/1.1)}{0.0.0.0:15241}
2023-12-26 17:43:07,032 [main] INFO  server.Server (Server.java:doStart(415)) - Started @84684ms
2023-12-26 17:43:07,032 [main] WARN  impl.MetricsSystemImpl (MetricsSystemImpl.java:register(279)) - Sink prometheus already exists!
2023-12-26 17:43:07,033 [main] INFO  http.BaseHttpServer (BaseHttpServer.java:updateConnectorAddress(354)) - HTTP server of hddsDatanode listening at http://0.0.0.0:15241
2023-12-26 17:43:07,033 [main] INFO  ipc.CallQueueManager (CallQueueManager.java:<init>(90)) - Using callQueue: class java.util.concurrent.LinkedBlockingQueue, queueCapacity: 100, scheduler: class org.apache.hadoop.ipc.DefaultRpcScheduler, ipcBackoff: false.
2023-12-26 17:43:07,033 [main] INFO  ipc.Server (Server.java:<init>(1287)) - Listener at 0.0.0.0:15242
2023-12-26 17:43:07,033 [Socket Reader #1 for port 15242] INFO  ipc.Server (Server.java:run(1323)) - Starting Socket Reader #1 for port 15242
2023-12-26 17:43:07,035 [main] INFO  ozone.HddsDatanodeService (HddsDatanodeService.java:start(324)) - Datanode start with admins: [runner]
2023-12-26 17:43:07,035 [main] INFO  ozone.HddsDatanodeClientProtocolServer (HddsDatanodeClientProtocolServer.java:start(72)) - RPC server for Client /0.0.0.0:15242
2023-12-26 17:43:07,040 [IPC Server Responder] INFO  ipc.Server (Server.java:run(1562)) - IPC Server Responder: starting
2023-12-26 17:43:07,045 [IPC Server listener on 15242] INFO  ipc.Server (Server.java:run(1402)) - IPC Server listener on 15242: starting
2023-12-26 17:43:07,047 [9041b40e-5b92-449e-aa66-a19f39177033-DatanodeStateMachineDaemonThread] INFO  statemachine.DatanodeStateMachine (DatanodeStateMachine.java:lambda$startDaemon$1(555)) - Ozone container server started.
2023-12-26 17:43:07,047 [main] WARN  dropwizard3.Dm3MetricRegistriesImpl (Dm3MetricRegistriesImpl.java:addReporterRegistration(113)) - New reporters are added after registries were created. Some metrics will be missing from the reporter. Please add reporter before adding any new registry.
2023-12-26 17:43:07,047 [main] WARN  dropwizard3.Dm3MetricRegistriesImpl (Dm3MetricRegistriesImpl.java:addReporterRegistration(113)) - New reporters are added after registries were created. Some metrics will be missing from the reporter. Please add reporter before adding any new registry.
2023-12-26 17:43:07,047 [main] INFO  impl.MetricsSystemImpl (MetricsSystemImpl.java:init(158)) - HddsDatanode metrics system started (again)
2023-12-26 17:43:07,053 [9041b40e-5b92-449e-aa66-a19f39177033-DatanodeStateMachineTaskThread-0] INFO  datanode.InitDatanodeState (InitDatanodeState.java:persistContainerDatanodeDetails(139)) - DatanodeDetails is persisted to /home/runner/work/ozone/ozone/hadoop-ozone/integration-test/target/test-dir/MiniOzoneClusterImpl-a136b03b-8403-429e-9870-8bf85e606ef3/datanode-6/meta/datanode.id
2023-12-26 17:43:07,057 [main] INFO  ozone.HddsDatanodeService (HddsDatanodeService.java:start(239)) - HddsDatanodeService host:fv-az1381-115 ip:10.1.0.4
2023-12-26 17:43:07,077 [main] INFO  upgrade.AbstractLayoutVersionManager (AbstractLayoutVersionManager.java:init(83)) - Initializing Layout version manager with metadata layout = HADOOP_PRC_PORTS_IN_DATANODEDETAILS (version = 7), software layout = HADOOP_PRC_PORTS_IN_DATANODEDETAILS (version = 7)
2023-12-26 17:43:07,077 [main] INFO  statemachine.DatanodeStateMachine (DatanodeStateMachine.java:getEndPointTaskThreadPoolSize(299)) - Datanode State Machine Task Thread Pool size 2
2023-12-26 17:43:07,078 [main] ERROR lib.MethodMetric (MethodMetric.java:snapshot(117)) - Error invoking method getCommitted
java.lang.reflect.InvocationTargetException
	at sun.reflect.GeneratedMethodAccessor85.invoke(Unknown Source)
	at sun.reflect.DelegatingMethodAccessorImpl.invoke(DelegatingMethodAccessorImpl.java:43)
	at java.lang.reflect.Method.invoke(Method.java:498)
	at org.apache.hadoop.metrics2.lib.MethodMetric$2.snapshot(MethodMetric.java:111)
	at org.apache.hadoop.metrics2.lib.MethodMetric.snapshot(MethodMetric.java:142)
	at org.apache.hadoop.metrics2.lib.MetricsRegistry.snapshot(MetricsRegistry.java:447)
	at org.apache.hadoop.metrics2.lib.MetricsSourceBuilder$1.getMetrics(MetricsSourceBuilder.java:89)
	at org.apache.hadoop.metrics2.impl.MetricsSourceAdapter.getMetrics(MetricsSourceAdapter.java:200)
	at org.apache.hadoop.metrics2.impl.MetricsSourceAdapter.updateJmxCache(MetricsSourceAdapter.java:183)
	at org.apache.hadoop.metrics2.impl.MetricsSourceAdapter.getMBeanInfo(MetricsSourceAdapter.java:156)
	at com.sun.jmx.interceptor.DefaultMBeanServerInterceptor.getNewMBeanClassName(DefaultMBeanServerInterceptor.java:333)
	at com.sun.jmx.interceptor.DefaultMBeanServerInterceptor.registerMBean(DefaultMBeanServerInterceptor.java:319)
	at com.sun.jmx.mbeanserver.JmxMBeanServer.registerMBean(JmxMBeanServer.java:522)
	at org.apache.hadoop.metrics2.util.MBeans.register(MBeans.java:100)
	at org.apache.hadoop.metrics2.util.MBeans.register(MBeans.java:73)
	at org.apache.hadoop.metrics2.impl.MetricsSourceAdapter.startMBeans(MetricsSourceAdapter.java:222)
	at org.apache.hadoop.metrics2.impl.MetricsSourceAdapter.start(MetricsSourceAdapter.java:101)
	at org.apache.hadoop.metrics2.impl.MetricsSystemImpl.registerSource(MetricsSystemImpl.java:268)
	at org.apache.hadoop.metrics2.impl.MetricsSystemImpl.register(MetricsSystemImpl.java:233)
	at org.apache.hadoop.ozone.container.common.volume.VolumeInfoMetrics.init(VolumeInfoMetrics.java:50)
	at org.apache.hadoop.ozone.container.common.volume.VolumeInfoMetrics.<init>(VolumeInfoMetrics.java:45)
	at org.apache.hadoop.ozone.container.common.volume.HddsVolume.<init>(HddsVolume.java:123)
	at org.apache.hadoop.ozone.container.common.volume.HddsVolume.<init>(HddsVolume.java:71)
	at org.apache.hadoop.ozone.container.common.volume.HddsVolume$Builder.build(HddsVolume.java:111)
	at org.apache.hadoop.ozone.container.common.volume.HddsVolumeFactory.createVolume(HddsVolumeFactory.java:48)
	at org.apache.hadoop.ozone.container.common.volume.MutableVolumeSet.initializeVolumeSet(MutableVolumeSet.java:170)
	at org.apache.hadoop.ozone.container.common.volume.MutableVolumeSet.<init>(MutableVolumeSet.java:132)
	at org.apache.hadoop.ozone.container.common.volume.MutableVolumeSet.<init>(MutableVolumeSet.java:96)
	at org.apache.hadoop.ozone.container.ozoneimpl.OzoneContainer.<init>(OzoneContainer.java:149)
	at org.apache.hadoop.ozone.container.common.statemachine.DatanodeStateMachine.<init>(DatanodeStateMachine.java:186)
	at org.apache.hadoop.ozone.HddsDatanodeService.start(HddsDatanodeService.java:296)
	at org.apache.hadoop.ozone.MiniOzoneClusterImpl.startHddsDatanode(MiniOzoneClusterImpl.java:489)
	at java.util.ArrayList.forEach(ArrayList.java:1259)
	at org.apache.hadoop.ozone.MiniOzoneClusterImpl.startHddsDatanodes(MiniOzoneClusterImpl.java:497)
	at org.apache.hadoop.ozone.MiniOzoneClusterImpl$Builder.build(MiniOzoneClusterImpl.java:627)
	at org.apache.hadoop.ozone.client.rpc.TestWatchForCommit.init(TestWatchForCommit.java:149)
	at sun.reflect.NativeMethodAccessorImpl.invoke0(Native Method)
	at sun.reflect.NativeMethodAccessorImpl.invoke(NativeMethodAccessorImpl.java:62)
	at sun.reflect.DelegatingMethodAccessorImpl.invoke(DelegatingMethodAccessorImpl.java:43)
	at java.lang.reflect.Method.invoke(Method.java:498)
	at org.junit.platform.commons.util.ReflectionUtils.invokeMethod(ReflectionUtils.java:728)
	at org.junit.jupiter.engine.execution.MethodInvocation.proceed(MethodInvocation.java:60)
	at org.junit.jupiter.engine.execution.InvocationInterceptorChain$ValidatingInvocation.proceed(InvocationInterceptorChain.java:131)
	at org.junit.jupiter.engine.extension.TimeoutExtension.intercept(TimeoutExtension.java:156)
	at org.junit.jupiter.engine.extension.TimeoutExtension.interceptLifecycleMethod(TimeoutExtension.java:128)
	at org.junit.jupiter.engine.extension.TimeoutExtension.interceptBeforeEachMethod(TimeoutExtension.java:78)
	at org.junit.jupiter.engine.execution.InterceptingExecutableInvoker$ReflectiveInterceptorCall.lambda$ofVoidMethod$0(InterceptingExecutableInvoker.java:103)
	at org.junit.jupiter.engine.execution.InterceptingExecutableInvoker.lambda$invoke$0(InterceptingExecutableInvoker.java:93)
	at org.junit.jupiter.engine.execution.InvocationInterceptorChain$InterceptedInvocation.proceed(InvocationInterceptorChain.java:106)
	at org.junit.jupiter.engine.execution.InvocationInterceptorChain.proceed(InvocationInterceptorChain.java:64)
	at org.junit.jupiter.engine.execution.InvocationInterceptorChain.chainAndInvoke(InvocationInterceptorChain.java:45)
	at org.junit.jupiter.engine.execution.InvocationInterceptorChain.invoke(InvocationInterceptorChain.java:37)
	at org.junit.jupiter.engine.execution.InterceptingExecutableInvoker.invoke(InterceptingExecutableInvoker.java:92)
	at org.junit.jupiter.engine.execution.InterceptingExecutableInvoker.invoke(InterceptingExecutableInvoker.java:86)
	at org.junit.jupiter.engine.descriptor.ClassBasedTestDescriptor.invokeMethodInExtensionContext(ClassBasedTestDescriptor.java:521)
	at org.junit.jupiter.engine.descriptor.ClassBasedTestDescriptor.lambda$synthesizeBeforeEachMethodAdapter$23(ClassBasedTestDescriptor.java:506)
	at org.junit.jupiter.engine.descriptor.TestMethodTestDescriptor.lambda$invokeBeforeEachMethods$3(TestMethodTestDescriptor.java:175)
	at org.junit.jupiter.engine.descriptor.TestMethodTestDescriptor.lambda$invokeBeforeMethodsOrCallbacksUntilExceptionOccurs$6(TestMethodTestDescriptor.java:203)
	at org.junit.platform.engine.support.hierarchical.ThrowableCollector.execute(ThrowableCollector.java:73)
	at org.junit.jupiter.engine.descriptor.TestMethodTestDescriptor.invokeBeforeMethodsOrCallbacksUntilExceptionOccurs(TestMethodTestDescriptor.java:203)
	at org.junit.jupiter.engine.descriptor.TestMethodTestDescriptor.invokeBeforeEachMethods(TestMethodTestDescriptor.java:172)
	at org.junit.jupiter.engine.descriptor.TestMethodTestDescriptor.execute(TestMethodTestDescriptor.java:135)
	at org.junit.jupiter.engine.descriptor.TestMethodTestDescriptor.execute(TestMethodTestDescriptor.java:69)
	at org.junit.platform.engine.support.hierarchical.NodeTestTask.lambda$executeRecursively$6(NodeTestTask.java:151)
	at org.junit.platform.engine.support.hierarchical.ThrowableCollector.execute(ThrowableCollector.java:73)
	at org.junit.platform.engine.support.hierarchical.NodeTestTask.lambda$executeRecursively$8(NodeTestTask.java:141)
	at org.junit.platform.engine.support.hierarchical.Node.around(Node.java:137)
	at org.junit.platform.engine.support.hierarchical.NodeTestTask.lambda$executeRecursively$9(NodeTestTask.java:139)
	at org.junit.platform.engine.support.hierarchical.ThrowableCollector.execute(ThrowableCollector.java:73)
	at org.junit.platform.engine.support.hierarchical.NodeTestTask.executeRecursively(NodeTestTask.java:138)
	at org.junit.platform.engine.support.hierarchical.NodeTestTask.execute(NodeTestTask.java:95)
	at java.util.ArrayList.forEach(ArrayList.java:1259)
	at org.junit.platform.engine.support.hierarchical.SameThreadHierarchicalTestExecutorService.invokeAll(SameThreadHierarchicalTestExecutorService.java:41)
	at org.junit.platform.engine.support.hierarchical.NodeTestTask.lambda$executeRecursively$6(NodeTestTask.java:155)
	at org.junit.platform.engine.support.hierarchical.ThrowableCollector.execute(ThrowableCollector.java:73)
	at org.junit.platform.engine.support.hierarchical.NodeTestTask.lambda$executeRecursively$8(NodeTestTask.java:141)
	at org.junit.platform.engine.support.hierarchical.Node.around(Node.java:137)
	at org.junit.platform.engine.support.hierarchical.NodeTestTask.lambda$executeRecursively$9(NodeTestTask.java:139)
	at org.junit.platform.engine.support.hierarchical.ThrowableCollector.execute(ThrowableCollector.java:73)
	at org.junit.platform.engine.support.hierarchical.NodeTestTask.executeRecursively(NodeTestTask.java:138)
	at org.junit.platform.engine.support.hierarchical.NodeTestTask.execute(NodeTestTask.java:95)
	at java.util.ArrayList.forEach(ArrayList.java:1259)
	at org.junit.platform.engine.support.hierarchical.SameThreadHierarchicalTestExecutorService.invokeAll(SameThreadHierarchicalTestExecutorService.java:41)
	at org.junit.platform.engine.support.hierarchical.NodeTestTask.lambda$executeRecursively$6(NodeTestTask.java:155)
	at org.junit.platform.engine.support.hierarchical.ThrowableCollector.execute(ThrowableCollector.java:73)
	at org.junit.platform.engine.support.hierarchical.NodeTestTask.lambda$executeRecursively$8(NodeTestTask.java:141)
	at org.junit.platform.engine.support.hierarchical.Node.around(Node.java:137)
	at org.junit.platform.engine.support.hierarchical.NodeTestTask.lambda$executeRecursively$9(NodeTestTask.java:139)
	at org.junit.platform.engine.support.hierarchical.ThrowableCollector.execute(ThrowableCollector.java:73)
	at org.junit.platform.engine.support.hierarchical.NodeTestTask.executeRecursively(NodeTestTask.java:138)
	at org.junit.platform.engine.support.hierarchical.NodeTestTask.execute(NodeTestTask.java:95)
	at org.junit.platform.engine.support.hierarchical.SameThreadHierarchicalTestExecutorService.submit(SameThreadHierarchicalTestExecutorService.java:35)
	at org.junit.platform.engine.support.hierarchical.HierarchicalTestExecutor.execute(HierarchicalTestExecutor.java:57)
	at org.junit.platform.engine.support.hierarchical.HierarchicalTestEngine.execute(HierarchicalTestEngine.java:54)
	at org.junit.platform.launcher.core.EngineExecutionOrchestrator.execute(EngineExecutionOrchestrator.java:198)
	at org.junit.platform.launcher.core.EngineExecutionOrchestrator.execute(EngineExecutionOrchestrator.java:169)
	at org.junit.platform.launcher.core.EngineExecutionOrchestrator.execute(EngineExecutionOrchestrator.java:93)
	at org.junit.platform.launcher.core.EngineExecutionOrchestrator.lambda$execute$0(EngineExecutionOrchestrator.java:58)
	at org.junit.platform.launcher.core.EngineExecutionOrchestrator.withInterceptedStreams(EngineExecutionOrchestrator.java:141)
	at org.junit.platform.launcher.core.EngineExecutionOrchestrator.execute(EngineExecutionOrchestrator.java:57)
	at org.junit.platform.launcher.core.DefaultLauncher.execute(DefaultLauncher.java:103)
	at org.junit.platform.launcher.core.DefaultLauncher.execute(DefaultLauncher.java:85)
	at org.junit.platform.launcher.core.DelegatingLauncher.execute(DelegatingLauncher.java:47)
	at org.apache.maven.surefire.junitplatform.LazyLauncher.execute(LazyLauncher.java:56)
	at org.apache.maven.surefire.junitplatform.JUnitPlatformProvider.execute(JUnitPlatformProvider.java:184)
	at org.apache.maven.surefire.junitplatform.JUnitPlatformProvider.invokeAllTests(JUnitPlatformProvider.java:148)
	at org.apache.maven.surefire.junitplatform.JUnitPlatformProvider.invoke(JUnitPlatformProvider.java:120)
	at org.apache.maven.surefire.booter.ForkedBooter.runSuitesInProcess(ForkedBooter.java:385)
	at org.apache.maven.surefire.booter.ForkedBooter.execute(ForkedBooter.java:162)
	at org.apache.maven.surefire.booter.ForkedBooter.run(ForkedBooter.java:507)
	at org.apache.maven.surefire.booter.ForkedBooter.main(ForkedBooter.java:495)
Caused by: java.lang.NullPointerException
	at org.apache.hadoop.ozone.container.common.volume.HddsVolume.getCommittedBytes(HddsVolume.java:303)
	at org.apache.hadoop.ozone.container.common.volume.VolumeInfoMetrics.getCommitted(VolumeInfoMetrics.java:147)
	... 111 more
2023-12-26 17:43:07,079 [main] INFO  volume.HddsVolume (HddsVolume.java:<init>(126)) - Creating HddsVolume: /home/runner/work/ozone/ozone/hadoop-ozone/integration-test/target/test-dir/MiniOzoneClusterImpl-a136b03b-8403-429e-9870-8bf85e606ef3/datanode-7/data-0/containers/hdds of storage type : DISK capacity : 9223372036854775807
2023-12-26 17:43:07,079 [main] INFO  volume.MutableVolumeSet (MutableVolumeSet.java:initializeVolumeSet(173)) - Added Volume : /home/runner/work/ozone/ozone/hadoop-ozone/integration-test/target/test-dir/MiniOzoneClusterImpl-a136b03b-8403-429e-9870-8bf85e606ef3/datanode-7/data-0/containers/hdds to VolumeSet
2023-12-26 17:43:07,080 [main] INFO  volume.MutableVolumeSet (MutableVolumeSet.java:initializeVolumeSet(173)) - Added Volume : /home/runner/work/ozone/ozone/hadoop-ozone/integration-test/target/test-dir/MiniOzoneClusterImpl-a136b03b-8403-429e-9870-8bf85e606ef3/datanode-7/data/ratis to VolumeSet
2023-12-26 17:43:07,082 [main] INFO  ozoneimpl.OzoneContainer (HddsVolumeUtil.java:loadAllHddsVolumeDbStore(103)) - Load 1 volumes DbStore cost: 2ms
2023-12-26 17:43:07,082 [3d5bb137-3be5-4706-af5d-ee5f1bcd8429-ContainerReader-0] INFO  ozoneimpl.ContainerReader (ContainerReader.java:readVolume(178)) - Finish verifying containers on volume /home/runner/work/ozone/ozone/hadoop-ozone/integration-test/target/test-dir/MiniOzoneClusterImpl-a136b03b-8403-429e-9870-8bf85e606ef3/datanode-7/data-0/containers/hdds
2023-12-26 17:43:07,082 [main] INFO  ozoneimpl.OzoneContainer (OzoneContainer.java:buildContainerSet(326)) - Build ContainerSet costs 0s
2023-12-26 17:43:07,084 [main] INFO  server.RaftServer (ConfUtils.java:logGet(46)) - raft.rpc.type = GRPC (default)
2023-12-26 17:43:07,084 [main] INFO  grpc.GrpcConfigKeys (ConfUtils.java:logFallback(53)) - raft.grpc.admin.host = null (fallback to raft.grpc.server.host)
2023-12-26 17:43:07,084 [main] INFO  grpc.GrpcConfigKeys (ConfUtils.java:logGet(46)) - raft.grpc.admin.port = 15254 (custom)
2023-12-26 17:43:07,085 [main] INFO  grpc.GrpcConfigKeys (ConfUtils.java:logFallback(53)) - raft.grpc.client.host = null (fallback to raft.grpc.server.host)
2023-12-26 17:43:07,085 [main] INFO  grpc.GrpcConfigKeys (ConfUtils.java:logGet(46)) - raft.grpc.client.port = 15253 (custom)
2023-12-26 17:43:07,085 [main] INFO  grpc.GrpcConfigKeys (ConfUtils.java:logGet(46)) - raft.grpc.server.host = null (default)
2023-12-26 17:43:07,085 [main] INFO  grpc.GrpcConfigKeys (ConfUtils.java:logGet(46)) - raft.grpc.server.port = 15255 (custom)
2023-12-26 17:43:07,085 [main] INFO  server.GrpcService (ConfUtils.java:logGet(46)) - raft.grpc.message.size.max = 32MB (=33554432) (custom)
2023-12-26 17:43:07,085 [main] INFO  server.RaftServerConfigKeys (ConfUtils.java:logGet(46)) - raft.server.log.appender.buffer.byte-limit = 8388608 (custom)
2023-12-26 17:43:07,085 [main] INFO  server.GrpcService (ConfUtils.java:logGet(46)) - raft.grpc.flow.control.window = 5MB (=5242880) (custom)
2023-12-26 17:43:07,086 [main] INFO  server.RaftServerConfigKeys (ConfUtils.java:logGet(46)) - raft.server.rpc.request.timeout = 3000ms (default)
2023-12-26 17:43:07,086 [main] INFO  grpc.GrpcConfigKeys (ConfUtils.java:logGet(46)) - raft.grpc.server.heartbeat.channel = true (default)
2023-12-26 17:43:07,086 [main] INFO  grpc.GrpcConfigKeys (ConfUtils.java:logGet(46)) - raft.grpc.server.async.request.thread.pool.cached = true (default)
2023-12-26 17:43:07,086 [main] INFO  grpc.GrpcConfigKeys (ConfUtils.java:logGet(46)) - raft.grpc.server.async.request.thread.pool.size = 32 (default)
2023-12-26 17:43:07,088 [main] INFO  impl.DataStreamServerImpl (ConfUtils.java:logGet(46)) - raft.datastream.type = NETTY (custom)
2023-12-26 17:43:07,088 [main] INFO  server.RaftServerConfigKeys (ConfUtils.java:logGet(46)) - raft.server.data-stream.async.request.thread.pool.cached = false (default)
2023-12-26 17:43:07,088 [main] INFO  server.RaftServerConfigKeys (ConfUtils.java:logGet(46)) - raft.server.data-stream.async.request.thread.pool.size = 20 (custom)
2023-12-26 17:43:07,088 [main] INFO  server.RaftServerConfigKeys (ConfUtils.java:logGet(46)) - raft.server.data-stream.async.write.thread.pool.size = 16 (default)
2023-12-26 17:43:07,088 [main] INFO  netty.NettyConfigKeys$DataStream (ConfUtils.java:logGet(46)) - raft.netty.dataStream.server.channel.inactive.grace-period = 10min (default)
2023-12-26 17:43:07,088 [main] INFO  server.RaftServerConfigKeys (ConfUtils.java:logGet(46)) - raft.server.data-stream.client.pool.size = 10 (default)
2023-12-26 17:43:07,088 [main] INFO  netty.NettyConfigKeys$DataStream (ConfUtils.java:logGet(46)) - raft.netty.dataStream.server.use-epoll = true (default)
2023-12-26 17:43:07,089 [main] INFO  netty.NettyConfigKeys$DataStream (ConfUtils.java:logGet(46)) - raft.netty.dataStream.server.boss-group.size = 0 (default)
2023-12-26 17:43:07,089 [main] INFO  netty.NettyUtils (NettyUtils.java:newEventLoopGroup(69)) - Create EpollEventLoopGroup for 3d5bb137-3be5-4706-af5d-ee5f1bcd8429-NettyServerStreamRpc-bossGroup; Thread size is 0.
2023-12-26 17:43:07,089 [main] INFO  netty.NettyConfigKeys$DataStream (ConfUtils.java:logGet(46)) - raft.netty.dataStream.server.worker-group.size = 0 (default)
2023-12-26 17:43:07,089 [main] INFO  netty.NettyUtils (NettyUtils.java:newEventLoopGroup(69)) - Create EpollEventLoopGroup for 3d5bb137-3be5-4706-af5d-ee5f1bcd8429-NettyServerStreamRpc-workerGroup; Thread size is 0.
2023-12-26 17:43:07,089 [main] INFO  netty.NettyConfigKeys$DataStream (ConfUtils.java:logGet(46)) - raft.netty.dataStream.server.tls.conf = null (default)
2023-12-26 17:43:07,089 [main] INFO  netty.NettyConfigKeys$DataStream (ConfUtils.java:logGet(46)) - raft.netty.dataStream.host = null (default)
2023-12-26 17:43:07,090 [main] INFO  netty.NettyConfigKeys$DataStream (ConfUtils.java:logGet(46)) - raft.netty.dataStream.port = 15256 (custom)
2023-12-26 17:43:07,090 [main] INFO  server.RaftServerConfigKeys (ConfUtils.java:logGet(46)) - raft.server.sleep.deviation.threshold = 300ms (default)
2023-12-26 17:43:07,090 [3d5bb137-3be5-4706-af5d-ee5f1bcd8429-NettyServerStreamRpc-bossGroup--thread1] INFO  logging.LoggingHandler (AbstractInternalLogger.java:log(148)) - [id: 0x58ba1036] REGISTERED
2023-12-26 17:43:07,090 [main] INFO  server.RaftServerConfigKeys (ConfUtils.java:logGet(46)) - raft.server.close.threshold = 60s (default)
2023-12-26 17:43:07,090 [3d5bb137-3be5-4706-af5d-ee5f1bcd8429-NettyServerStreamRpc-bossGroup--thread1] INFO  logging.LoggingHandler (AbstractInternalLogger.java:log(148)) - [id: 0x58ba1036] BIND: 0.0.0.0/0.0.0.0:15256
2023-12-26 17:43:07,090 [main] INFO  server.RaftServerConfigKeys (ConfUtils.java:logGet(46)) - raft.server.leaderelection.leader.step-down.wait-time = 10s (default)
2023-12-26 17:43:07,090 [3d5bb137-3be5-4706-af5d-ee5f1bcd8429-NettyServerStreamRpc-bossGroup--thread1] INFO  logging.LoggingHandler (AbstractInternalLogger.java:log(148)) - [id: 0x58ba1036, L:/0.0.0.0:15256] ACTIVE
2023-12-26 17:43:07,091 [main] INFO  server.RaftServerConfigKeys (ConfUtils.java:logGet(46)) - raft.server.storage.dir = [/home/runner/work/ozone/ozone/hadoop-ozone/integration-test/target/test-dir/MiniOzoneClusterImpl-a136b03b-8403-429e-9870-8bf85e606ef3/datanode-7/data/ratis] (custom)
2023-12-26 17:43:07,091 [main] INFO  server.RaftServerConfigKeys (ConfUtils.java:logGet(46)) - raft.server.threadpool.proxy.cached = true (default)
2023-12-26 17:43:07,091 [main] INFO  server.RaftServerConfigKeys (ConfUtils.java:logGet(46)) - raft.server.threadpool.proxy.size = 0 (default)
2023-12-26 17:43:07,091 [3d5bb137-3be5-4706-af5d-ee5f1bcd8429-impl-thread1] INFO  server.RaftServer (RaftServerProxy.java:initGroupDir(264)) - 3d5bb137-3be5-4706-af5d-ee5f1bcd8429: found a subdirectory /home/runner/work/ozone/ozone/hadoop-ozone/integration-test/target/test-dir/MiniOzoneClusterImpl-a136b03b-8403-429e-9870-8bf85e606ef3/datanode-7/data/ratis/tmp
2023-12-26 17:43:07,091 [3d5bb137-3be5-4706-af5d-ee5f1bcd8429-impl-thread1] INFO  server.RaftServer (RaftServerProxy.java:initGroupDir(269)) - 3d5bb137-3be5-4706-af5d-ee5f1bcd8429: The directory /home/runner/work/ozone/ozone/hadoop-ozone/integration-test/target/test-dir/MiniOzoneClusterImpl-a136b03b-8403-429e-9870-8bf85e606ef3/datanode-7/data/ratis/tmp is not a group directory; ignoring it. 
2023-12-26 17:43:07,091 [main] INFO  replication.ReplicationServer (ReplicationServer.java:<init>(85)) - Initializing replication server with thread count = 10 queue length = 4096
2023-12-26 17:43:07,092 [main] INFO  server.XceiverServerGrpc (XceiverServerGrpc.java:<init>(141)) - GrpcServer channel type EpollServerSocketChannel
2023-12-26 17:43:07,094 [main] INFO  replication.ReplicationSupervisor (ReplicationSupervisor.java:build(163)) - Initializing replication supervisor with thread count = 10
2023-12-26 17:43:07,094 [main] INFO  replication.ReplicationSupervisor (ReplicationSupervisor.java:nodeStateUpdated(317)) - Node state updated to IN_SERVICE, scaling executor pool size to 10
2023-12-26 17:43:07,098 [main] INFO  http.BaseHttpServer (BaseHttpServer.java:newHttpServer2BuilderForOzone(223)) - Starting Web-server for hddsDatanode at: http://0.0.0.0:15250
2023-12-26 17:43:07,098 [main] INFO  http.BaseHttpServer (BaseHttpServer.java:<init>(110)) - Hadoop Security Enabled: false Ozone Security Enabled: false Ozone HTTP Security Enabled: false 
2023-12-26 17:43:07,099 [main] WARN  server.AuthenticationFilter (AuthenticationFilter.java:constructSecretProvider(240)) - Unable to initialize FileSignerSecretProvider, falling back to use random secrets. Reason: Could not read signature secret file: /home/runner/hadoop-http-auth-signature-secret
2023-12-26 17:43:07,099 [main] INFO  http.HttpRequestLog (HttpRequestLog.java:getRequestLog(86)) - Http request log for http.requests.hddsDatanode is not defined
2023-12-26 17:43:07,100 [main] INFO  http.HttpServer2 (HttpServer2.java:addGlobalFilter(1036)) - Added global filter 'safety' (class=org.apache.hadoop.hdds.server.http.HttpServer2$QuotingInputFilter)
2023-12-26 17:43:07,100 [main] INFO  http.HttpServer2 (HttpServer2.java:addFilter(1012)) - Added filter static_user_filter (class=org.apache.hadoop.http.lib.StaticUserWebFilter$StaticUserFilter) to context hddsDatanode
2023-12-26 17:43:07,100 [main] INFO  http.HttpServer2 (HttpServer2.java:addFilter(1020)) - Added filter static_user_filter (class=org.apache.hadoop.http.lib.StaticUserWebFilter$StaticUserFilter) to context logs
2023-12-26 17:43:07,101 [main] INFO  http.HttpServer2 (HttpServer2.java:addFilter(1020)) - Added filter static_user_filter (class=org.apache.hadoop.http.lib.StaticUserWebFilter$StaticUserFilter) to context static
2023-12-26 17:43:07,101 [main] INFO  http.BaseHttpServer (BaseHttpServer.java:<init>(189)) - HTTP server of hddsDatanode uses base directory /home/runner/work/ozone/ozone/hadoop-ozone/integration-test/target/test-dir/MiniOzoneClusterImpl-a136b03b-8403-429e-9870-8bf85e606ef3/datanode-7/meta/webserver
2023-12-26 17:43:07,101 [main] INFO  http.HttpServer2 (HttpServer2.java:bindListener(1236)) - Jetty bound to port 15250
2023-12-26 17:43:07,101 [main] INFO  server.Server (Server.java:doStart(375)) - jetty-9.4.53.v20231009; built: 2023-10-09T12:29:09.265Z; git: 27bde00a0b95a1d5bbee0eae7984f891d2d0f8c9; jvm 1.8.0_392-b08
2023-12-26 17:43:07,109 [main] INFO  server.session (DefaultSessionIdManager.java:doStart(334)) - DefaultSessionIdManager workerName=node0
2023-12-26 17:43:07,109 [main] INFO  server.session (DefaultSessionIdManager.java:doStart(339)) - No SessionScavenger set, using defaults
2023-12-26 17:43:07,109 [main] INFO  server.session (HouseKeeper.java:startScavenging(132)) - node0 Scavenging every 600000ms
2023-12-26 17:43:07,110 [main] INFO  handler.ContextHandler (ContextHandler.java:doStart(921)) - Started o.e.j.s.ServletContextHandler@29d55215{logs,/logs,file:///home/runner/work/ozone/ozone/hadoop-ozone/integration-test/target/log,AVAILABLE}
2023-12-26 17:43:07,110 [main] INFO  handler.ContextHandler (ContextHandler.java:doStart(921)) - Started o.e.j.s.ServletContextHandler@37bb14c6{static,/static,jar:file:/home/runner/.m2/repository/org/apache/ozone/hdds-container-service/1.5.0-SNAPSHOT/hdds-container-service-1.5.0-SNAPSHOT.jar!/webapps/static,AVAILABLE}
2023-12-26 17:43:07,142 [main] INFO  handler.ContextHandler (ContextHandler.java:doStart(921)) - Started o.e.j.w.WebAppContext@41770158{hddsDatanode,/,file:///home/runner/work/ozone/ozone/hadoop-ozone/integration-test/target/test-dir/MiniOzoneClusterImpl-a136b03b-8403-429e-9870-8bf85e606ef3/datanode-7/meta/webserver/jetty-0_0_0_0-15250-hdds-container-service-1_5_0-SNAPSHOT_jar-_-any-5803506193439232715/webapp/,AVAILABLE}{jar:file:/home/runner/.m2/repository/org/apache/ozone/hdds-container-service/1.5.0-SNAPSHOT/hdds-container-service-1.5.0-SNAPSHOT.jar!/webapps/hddsDatanode}
2023-12-26 17:43:07,149 [main] INFO  server.AbstractConnector (AbstractConnector.java:doStart(333)) - Started ServerConnector@3f5ec34d{HTTP/1.1, (http/1.1)}{0.0.0.0:15250}
2023-12-26 17:43:07,150 [main] INFO  server.Server (Server.java:doStart(415)) - Started @84802ms
2023-12-26 17:43:07,150 [main] WARN  impl.MetricsSystemImpl (MetricsSystemImpl.java:register(279)) - Sink prometheus already exists!
2023-12-26 17:43:07,150 [main] INFO  http.BaseHttpServer (BaseHttpServer.java:updateConnectorAddress(354)) - HTTP server of hddsDatanode listening at http://0.0.0.0:15250
2023-12-26 17:43:07,151 [main] INFO  ipc.CallQueueManager (CallQueueManager.java:<init>(90)) - Using callQueue: class java.util.concurrent.LinkedBlockingQueue, queueCapacity: 100, scheduler: class org.apache.hadoop.ipc.DefaultRpcScheduler, ipcBackoff: false.
2023-12-26 17:43:07,151 [main] INFO  ipc.Server (Server.java:<init>(1287)) - Listener at 0.0.0.0:15251
2023-12-26 17:43:07,151 [Socket Reader #1 for port 15251] INFO  ipc.Server (Server.java:run(1323)) - Starting Socket Reader #1 for port 15251
2023-12-26 17:43:07,153 [main] INFO  ozone.HddsDatanodeService (HddsDatanodeService.java:start(324)) - Datanode start with admins: [runner]
2023-12-26 17:43:07,153 [main] INFO  ozone.HddsDatanodeClientProtocolServer (HddsDatanodeClientProtocolServer.java:start(72)) - RPC server for Client /0.0.0.0:15251
2023-12-26 17:43:07,153 [IPC Server Responder] INFO  ipc.Server (Server.java:run(1562)) - IPC Server Responder: starting
2023-12-26 17:43:07,153 [IPC Server listener on 15251] INFO  ipc.Server (Server.java:run(1402)) - IPC Server listener on 15251: starting
2023-12-26 17:43:07,162 [3d5bb137-3be5-4706-af5d-ee5f1bcd8429-DatanodeStateMachineDaemonThread] INFO  statemachine.DatanodeStateMachine (DatanodeStateMachine.java:lambda$startDaemon$1(555)) - Ozone container server started.
2023-12-26 17:43:07,162 [main] WARN  dropwizard3.Dm3MetricRegistriesImpl (Dm3MetricRegistriesImpl.java:addReporterRegistration(113)) - New reporters are added after registries were created. Some metrics will be missing from the reporter. Please add reporter before adding any new registry.
2023-12-26 17:43:07,163 [main] WARN  dropwizard3.Dm3MetricRegistriesImpl (Dm3MetricRegistriesImpl.java:addReporterRegistration(113)) - New reporters are added after registries were created. Some metrics will be missing from the reporter. Please add reporter before adding any new registry.
2023-12-26 17:43:07,163 [main] INFO  impl.MetricsSystemImpl (MetricsSystemImpl.java:init(158)) - HddsDatanode metrics system started (again)
2023-12-26 17:43:07,165 [3d5bb137-3be5-4706-af5d-ee5f1bcd8429-DatanodeStateMachineTaskThread-0] INFO  datanode.InitDatanodeState (InitDatanodeState.java:persistContainerDatanodeDetails(139)) - DatanodeDetails is persisted to /home/runner/work/ozone/ozone/hadoop-ozone/integration-test/target/test-dir/MiniOzoneClusterImpl-a136b03b-8403-429e-9870-8bf85e606ef3/datanode-7/meta/datanode.id
2023-12-26 17:43:07,172 [main] INFO  ozone.HddsDatanodeService (HddsDatanodeService.java:start(239)) - HddsDatanodeService host:fv-az1381-115 ip:10.1.0.4
2023-12-26 17:43:07,195 [main] INFO  upgrade.AbstractLayoutVersionManager (AbstractLayoutVersionManager.java:init(83)) - Initializing Layout version manager with metadata layout = HADOOP_PRC_PORTS_IN_DATANODEDETAILS (version = 7), software layout = HADOOP_PRC_PORTS_IN_DATANODEDETAILS (version = 7)
2023-12-26 17:43:07,195 [main] INFO  statemachine.DatanodeStateMachine (DatanodeStateMachine.java:getEndPointTaskThreadPoolSize(299)) - Datanode State Machine Task Thread Pool size 2
2023-12-26 17:43:07,197 [main] ERROR lib.MethodMetric (MethodMetric.java:snapshot(117)) - Error invoking method getCommitted
java.lang.reflect.InvocationTargetException
	at sun.reflect.GeneratedMethodAccessor85.invoke(Unknown Source)
	at sun.reflect.DelegatingMethodAccessorImpl.invoke(DelegatingMethodAccessorImpl.java:43)
	at java.lang.reflect.Method.invoke(Method.java:498)
	at org.apache.hadoop.metrics2.lib.MethodMetric$2.snapshot(MethodMetric.java:111)
	at org.apache.hadoop.metrics2.lib.MethodMetric.snapshot(MethodMetric.java:142)
	at org.apache.hadoop.metrics2.lib.MetricsRegistry.snapshot(MetricsRegistry.java:447)
	at org.apache.hadoop.metrics2.lib.MetricsSourceBuilder$1.getMetrics(MetricsSourceBuilder.java:89)
	at org.apache.hadoop.metrics2.impl.MetricsSourceAdapter.getMetrics(MetricsSourceAdapter.java:200)
	at org.apache.hadoop.metrics2.impl.MetricsSourceAdapter.updateJmxCache(MetricsSourceAdapter.java:183)
	at org.apache.hadoop.metrics2.impl.MetricsSourceAdapter.getMBeanInfo(MetricsSourceAdapter.java:156)
	at com.sun.jmx.interceptor.DefaultMBeanServerInterceptor.getNewMBeanClassName(DefaultMBeanServerInterceptor.java:333)
	at com.sun.jmx.interceptor.DefaultMBeanServerInterceptor.registerMBean(DefaultMBeanServerInterceptor.java:319)
	at com.sun.jmx.mbeanserver.JmxMBeanServer.registerMBean(JmxMBeanServer.java:522)
	at org.apache.hadoop.metrics2.util.MBeans.register(MBeans.java:100)
	at org.apache.hadoop.metrics2.util.MBeans.register(MBeans.java:73)
	at org.apache.hadoop.metrics2.impl.MetricsSourceAdapter.startMBeans(MetricsSourceAdapter.java:222)
	at org.apache.hadoop.metrics2.impl.MetricsSourceAdapter.start(MetricsSourceAdapter.java:101)
	at org.apache.hadoop.metrics2.impl.MetricsSystemImpl.registerSource(MetricsSystemImpl.java:268)
	at org.apache.hadoop.metrics2.impl.MetricsSystemImpl.register(MetricsSystemImpl.java:233)
	at org.apache.hadoop.ozone.container.common.volume.VolumeInfoMetrics.init(VolumeInfoMetrics.java:50)
	at org.apache.hadoop.ozone.container.common.volume.VolumeInfoMetrics.<init>(VolumeInfoMetrics.java:45)
	at org.apache.hadoop.ozone.container.common.volume.HddsVolume.<init>(HddsVolume.java:123)
	at org.apache.hadoop.ozone.container.common.volume.HddsVolume.<init>(HddsVolume.java:71)
	at org.apache.hadoop.ozone.container.common.volume.HddsVolume$Builder.build(HddsVolume.java:111)
	at org.apache.hadoop.ozone.container.common.volume.HddsVolumeFactory.createVolume(HddsVolumeFactory.java:48)
	at org.apache.hadoop.ozone.container.common.volume.MutableVolumeSet.initializeVolumeSet(MutableVolumeSet.java:170)
	at org.apache.hadoop.ozone.container.common.volume.MutableVolumeSet.<init>(MutableVolumeSet.java:132)
	at org.apache.hadoop.ozone.container.common.volume.MutableVolumeSet.<init>(MutableVolumeSet.java:96)
	at org.apache.hadoop.ozone.container.ozoneimpl.OzoneContainer.<init>(OzoneContainer.java:149)
	at org.apache.hadoop.ozone.container.common.statemachine.DatanodeStateMachine.<init>(DatanodeStateMachine.java:186)
	at org.apache.hadoop.ozone.HddsDatanodeService.start(HddsDatanodeService.java:296)
	at org.apache.hadoop.ozone.MiniOzoneClusterImpl.startHddsDatanode(MiniOzoneClusterImpl.java:489)
	at java.util.ArrayList.forEach(ArrayList.java:1259)
	at org.apache.hadoop.ozone.MiniOzoneClusterImpl.startHddsDatanodes(MiniOzoneClusterImpl.java:497)
	at org.apache.hadoop.ozone.MiniOzoneClusterImpl$Builder.build(MiniOzoneClusterImpl.java:627)
	at org.apache.hadoop.ozone.client.rpc.TestWatchForCommit.init(TestWatchForCommit.java:149)
	at sun.reflect.NativeMethodAccessorImpl.invoke0(Native Method)
	at sun.reflect.NativeMethodAccessorImpl.invoke(NativeMethodAccessorImpl.java:62)
	at sun.reflect.DelegatingMethodAccessorImpl.invoke(DelegatingMethodAccessorImpl.java:43)
	at java.lang.reflect.Method.invoke(Method.java:498)
	at org.junit.platform.commons.util.ReflectionUtils.invokeMethod(ReflectionUtils.java:728)
	at org.junit.jupiter.engine.execution.MethodInvocation.proceed(MethodInvocation.java:60)
	at org.junit.jupiter.engine.execution.InvocationInterceptorChain$ValidatingInvocation.proceed(InvocationInterceptorChain.java:131)
	at org.junit.jupiter.engine.extension.TimeoutExtension.intercept(TimeoutExtension.java:156)
	at org.junit.jupiter.engine.extension.TimeoutExtension.interceptLifecycleMethod(TimeoutExtension.java:128)
	at org.junit.jupiter.engine.extension.TimeoutExtension.interceptBeforeEachMethod(TimeoutExtension.java:78)
	at org.junit.jupiter.engine.execution.InterceptingExecutableInvoker$ReflectiveInterceptorCall.lambda$ofVoidMethod$0(InterceptingExecutableInvoker.java:103)
	at org.junit.jupiter.engine.execution.InterceptingExecutableInvoker.lambda$invoke$0(InterceptingExecutableInvoker.java:93)
	at org.junit.jupiter.engine.execution.InvocationInterceptorChain$InterceptedInvocation.proceed(InvocationInterceptorChain.java:106)
	at org.junit.jupiter.engine.execution.InvocationInterceptorChain.proceed(InvocationInterceptorChain.java:64)
	at org.junit.jupiter.engine.execution.InvocationInterceptorChain.chainAndInvoke(InvocationInterceptorChain.java:45)
	at org.junit.jupiter.engine.execution.InvocationInterceptorChain.invoke(InvocationInterceptorChain.java:37)
	at org.junit.jupiter.engine.execution.InterceptingExecutableInvoker.invoke(InterceptingExecutableInvoker.java:92)
	at org.junit.jupiter.engine.execution.InterceptingExecutableInvoker.invoke(InterceptingExecutableInvoker.java:86)
	at org.junit.jupiter.engine.descriptor.ClassBasedTestDescriptor.invokeMethodInExtensionContext(ClassBasedTestDescriptor.java:521)
	at org.junit.jupiter.engine.descriptor.ClassBasedTestDescriptor.lambda$synthesizeBeforeEachMethodAdapter$23(ClassBasedTestDescriptor.java:506)
	at org.junit.jupiter.engine.descriptor.TestMethodTestDescriptor.lambda$invokeBeforeEachMethods$3(TestMethodTestDescriptor.java:175)
	at org.junit.jupiter.engine.descriptor.TestMethodTestDescriptor.lambda$invokeBeforeMethodsOrCallbacksUntilExceptionOccurs$6(TestMethodTestDescriptor.java:203)
	at org.junit.platform.engine.support.hierarchical.ThrowableCollector.execute(ThrowableCollector.java:73)
	at org.junit.jupiter.engine.descriptor.TestMethodTestDescriptor.invokeBeforeMethodsOrCallbacksUntilExceptionOccurs(TestMethodTestDescriptor.java:203)
	at org.junit.jupiter.engine.descriptor.TestMethodTestDescriptor.invokeBeforeEachMethods(TestMethodTestDescriptor.java:172)
	at org.junit.jupiter.engine.descriptor.TestMethodTestDescriptor.execute(TestMethodTestDescriptor.java:135)
	at org.junit.jupiter.engine.descriptor.TestMethodTestDescriptor.execute(TestMethodTestDescriptor.java:69)
	at org.junit.platform.engine.support.hierarchical.NodeTestTask.lambda$executeRecursively$6(NodeTestTask.java:151)
	at org.junit.platform.engine.support.hierarchical.ThrowableCollector.execute(ThrowableCollector.java:73)
	at org.junit.platform.engine.support.hierarchical.NodeTestTask.lambda$executeRecursively$8(NodeTestTask.java:141)
	at org.junit.platform.engine.support.hierarchical.Node.around(Node.java:137)
	at org.junit.platform.engine.support.hierarchical.NodeTestTask.lambda$executeRecursively$9(NodeTestTask.java:139)
	at org.junit.platform.engine.support.hierarchical.ThrowableCollector.execute(ThrowableCollector.java:73)
	at org.junit.platform.engine.support.hierarchical.NodeTestTask.executeRecursively(NodeTestTask.java:138)
	at org.junit.platform.engine.support.hierarchical.NodeTestTask.execute(NodeTestTask.java:95)
	at java.util.ArrayList.forEach(ArrayList.java:1259)
	at org.junit.platform.engine.support.hierarchical.SameThreadHierarchicalTestExecutorService.invokeAll(SameThreadHierarchicalTestExecutorService.java:41)
	at org.junit.platform.engine.support.hierarchical.NodeTestTask.lambda$executeRecursively$6(NodeTestTask.java:155)
	at org.junit.platform.engine.support.hierarchical.ThrowableCollector.execute(ThrowableCollector.java:73)
	at org.junit.platform.engine.support.hierarchical.NodeTestTask.lambda$executeRecursively$8(NodeTestTask.java:141)
	at org.junit.platform.engine.support.hierarchical.Node.around(Node.java:137)
	at org.junit.platform.engine.support.hierarchical.NodeTestTask.lambda$executeRecursively$9(NodeTestTask.java:139)
	at org.junit.platform.engine.support.hierarchical.ThrowableCollector.execute(ThrowableCollector.java:73)
	at org.junit.platform.engine.support.hierarchical.NodeTestTask.executeRecursively(NodeTestTask.java:138)
	at org.junit.platform.engine.support.hierarchical.NodeTestTask.execute(NodeTestTask.java:95)
	at java.util.ArrayList.forEach(ArrayList.java:1259)
	at org.junit.platform.engine.support.hierarchical.SameThreadHierarchicalTestExecutorService.invokeAll(SameThreadHierarchicalTestExecutorService.java:41)
	at org.junit.platform.engine.support.hierarchical.NodeTestTask.lambda$executeRecursively$6(NodeTestTask.java:155)
	at org.junit.platform.engine.support.hierarchical.ThrowableCollector.execute(ThrowableCollector.java:73)
	at org.junit.platform.engine.support.hierarchical.NodeTestTask.lambda$executeRecursively$8(NodeTestTask.java:141)
	at org.junit.platform.engine.support.hierarchical.Node.around(Node.java:137)
	at org.junit.platform.engine.support.hierarchical.NodeTestTask.lambda$executeRecursively$9(NodeTestTask.java:139)
	at org.junit.platform.engine.support.hierarchical.ThrowableCollector.execute(ThrowableCollector.java:73)
	at org.junit.platform.engine.support.hierarchical.NodeTestTask.executeRecursively(NodeTestTask.java:138)
	at org.junit.platform.engine.support.hierarchical.NodeTestTask.execute(NodeTestTask.java:95)
	at org.junit.platform.engine.support.hierarchical.SameThreadHierarchicalTestExecutorService.submit(SameThreadHierarchicalTestExecutorService.java:35)
	at org.junit.platform.engine.support.hierarchical.HierarchicalTestExecutor.execute(HierarchicalTestExecutor.java:57)
	at org.junit.platform.engine.support.hierarchical.HierarchicalTestEngine.execute(HierarchicalTestEngine.java:54)
	at org.junit.platform.launcher.core.EngineExecutionOrchestrator.execute(EngineExecutionOrchestrator.java:198)
	at org.junit.platform.launcher.core.EngineExecutionOrchestrator.execute(EngineExecutionOrchestrator.java:169)
	at org.junit.platform.launcher.core.EngineExecutionOrchestrator.execute(EngineExecutionOrchestrator.java:93)
	at org.junit.platform.launcher.core.EngineExecutionOrchestrator.lambda$execute$0(EngineExecutionOrchestrator.java:58)
	at org.junit.platform.launcher.core.EngineExecutionOrchestrator.withInterceptedStreams(EngineExecutionOrchestrator.java:141)
	at org.junit.platform.launcher.core.EngineExecutionOrchestrator.execute(EngineExecutionOrchestrator.java:57)
	at org.junit.platform.launcher.core.DefaultLauncher.execute(DefaultLauncher.java:103)
	at org.junit.platform.launcher.core.DefaultLauncher.execute(DefaultLauncher.java:85)
	at org.junit.platform.launcher.core.DelegatingLauncher.execute(DelegatingLauncher.java:47)
	at org.apache.maven.surefire.junitplatform.LazyLauncher.execute(LazyLauncher.java:56)
	at org.apache.maven.surefire.junitplatform.JUnitPlatformProvider.execute(JUnitPlatformProvider.java:184)
	at org.apache.maven.surefire.junitplatform.JUnitPlatformProvider.invokeAllTests(JUnitPlatformProvider.java:148)
	at org.apache.maven.surefire.junitplatform.JUnitPlatformProvider.invoke(JUnitPlatformProvider.java:120)
	at org.apache.maven.surefire.booter.ForkedBooter.runSuitesInProcess(ForkedBooter.java:385)
	at org.apache.maven.surefire.booter.ForkedBooter.execute(ForkedBooter.java:162)
	at org.apache.maven.surefire.booter.ForkedBooter.run(ForkedBooter.java:507)
	at org.apache.maven.surefire.booter.ForkedBooter.main(ForkedBooter.java:495)
Caused by: java.lang.NullPointerException
	at org.apache.hadoop.ozone.container.common.volume.HddsVolume.getCommittedBytes(HddsVolume.java:303)
	at org.apache.hadoop.ozone.container.common.volume.VolumeInfoMetrics.getCommitted(VolumeInfoMetrics.java:147)
	... 111 more
2023-12-26 17:43:07,197 [main] INFO  volume.HddsVolume (HddsVolume.java:<init>(126)) - Creating HddsVolume: /home/runner/work/ozone/ozone/hadoop-ozone/integration-test/target/test-dir/MiniOzoneClusterImpl-a136b03b-8403-429e-9870-8bf85e606ef3/datanode-8/data-0/containers/hdds of storage type : DISK capacity : 9223372036854775807
2023-12-26 17:43:07,198 [main] INFO  volume.MutableVolumeSet (MutableVolumeSet.java:initializeVolumeSet(173)) - Added Volume : /home/runner/work/ozone/ozone/hadoop-ozone/integration-test/target/test-dir/MiniOzoneClusterImpl-a136b03b-8403-429e-9870-8bf85e606ef3/datanode-8/data-0/containers/hdds to VolumeSet
2023-12-26 17:43:07,198 [main] INFO  volume.MutableVolumeSet (MutableVolumeSet.java:initializeVolumeSet(173)) - Added Volume : /home/runner/work/ozone/ozone/hadoop-ozone/integration-test/target/test-dir/MiniOzoneClusterImpl-a136b03b-8403-429e-9870-8bf85e606ef3/datanode-8/data/ratis to VolumeSet
2023-12-26 17:43:07,202 [main] INFO  ozoneimpl.OzoneContainer (HddsVolumeUtil.java:loadAllHddsVolumeDbStore(103)) - Load 1 volumes DbStore cost: 3ms
2023-12-26 17:43:07,203 [5acb06d6-75fa-434d-a16a-f6192aa7de69-ContainerReader-0] INFO  ozoneimpl.ContainerReader (ContainerReader.java:readVolume(178)) - Finish verifying containers on volume /home/runner/work/ozone/ozone/hadoop-ozone/integration-test/target/test-dir/MiniOzoneClusterImpl-a136b03b-8403-429e-9870-8bf85e606ef3/datanode-8/data-0/containers/hdds
2023-12-26 17:43:07,203 [main] INFO  ozoneimpl.OzoneContainer (OzoneContainer.java:buildContainerSet(326)) - Build ContainerSet costs 0s
2023-12-26 17:43:07,204 [main] INFO  server.RaftServer (ConfUtils.java:logGet(46)) - raft.rpc.type = GRPC (default)
2023-12-26 17:43:07,204 [main] INFO  grpc.GrpcConfigKeys (ConfUtils.java:logFallback(53)) - raft.grpc.admin.host = null (fallback to raft.grpc.server.host)
2023-12-26 17:43:07,204 [main] INFO  grpc.GrpcConfigKeys (ConfUtils.java:logGet(46)) - raft.grpc.admin.port = 15263 (custom)
2023-12-26 17:43:07,205 [main] INFO  grpc.GrpcConfigKeys (ConfUtils.java:logFallback(53)) - raft.grpc.client.host = null (fallback to raft.grpc.server.host)
2023-12-26 17:43:07,205 [main] INFO  grpc.GrpcConfigKeys (ConfUtils.java:logGet(46)) - raft.grpc.client.port = 15262 (custom)
2023-12-26 17:43:07,205 [main] INFO  grpc.GrpcConfigKeys (ConfUtils.java:logGet(46)) - raft.grpc.server.host = null (default)
2023-12-26 17:43:07,205 [main] INFO  grpc.GrpcConfigKeys (ConfUtils.java:logGet(46)) - raft.grpc.server.port = 15264 (custom)
2023-12-26 17:43:07,205 [main] INFO  server.GrpcService (ConfUtils.java:logGet(46)) - raft.grpc.message.size.max = 32MB (=33554432) (custom)
2023-12-26 17:43:07,205 [main] INFO  server.RaftServerConfigKeys (ConfUtils.java:logGet(46)) - raft.server.log.appender.buffer.byte-limit = 8388608 (custom)
2023-12-26 17:43:07,205 [main] INFO  server.GrpcService (ConfUtils.java:logGet(46)) - raft.grpc.flow.control.window = 5MB (=5242880) (custom)
2023-12-26 17:43:07,205 [main] INFO  server.RaftServerConfigKeys (ConfUtils.java:logGet(46)) - raft.server.rpc.request.timeout = 3000ms (default)
2023-12-26 17:43:07,205 [main] INFO  grpc.GrpcConfigKeys (ConfUtils.java:logGet(46)) - raft.grpc.server.heartbeat.channel = true (default)
2023-12-26 17:43:07,206 [main] INFO  grpc.GrpcConfigKeys (ConfUtils.java:logGet(46)) - raft.grpc.server.async.request.thread.pool.cached = true (default)
2023-12-26 17:43:07,206 [main] INFO  grpc.GrpcConfigKeys (ConfUtils.java:logGet(46)) - raft.grpc.server.async.request.thread.pool.size = 32 (default)
2023-12-26 17:43:07,208 [main] INFO  impl.DataStreamServerImpl (ConfUtils.java:logGet(46)) - raft.datastream.type = NETTY (custom)
2023-12-26 17:43:07,208 [main] INFO  server.RaftServerConfigKeys (ConfUtils.java:logGet(46)) - raft.server.data-stream.async.request.thread.pool.cached = false (default)
2023-12-26 17:43:07,208 [main] INFO  server.RaftServerConfigKeys (ConfUtils.java:logGet(46)) - raft.server.data-stream.async.request.thread.pool.size = 20 (custom)
2023-12-26 17:43:07,209 [main] INFO  server.RaftServerConfigKeys (ConfUtils.java:logGet(46)) - raft.server.data-stream.async.write.thread.pool.size = 16 (default)
2023-12-26 17:43:07,209 [main] INFO  netty.NettyConfigKeys$DataStream (ConfUtils.java:logGet(46)) - raft.netty.dataStream.server.channel.inactive.grace-period = 10min (default)
2023-12-26 17:43:07,209 [main] INFO  server.RaftServerConfigKeys (ConfUtils.java:logGet(46)) - raft.server.data-stream.client.pool.size = 10 (default)
2023-12-26 17:43:07,209 [main] INFO  netty.NettyConfigKeys$DataStream (ConfUtils.java:logGet(46)) - raft.netty.dataStream.server.use-epoll = true (default)
2023-12-26 17:43:07,209 [main] INFO  netty.NettyConfigKeys$DataStream (ConfUtils.java:logGet(46)) - raft.netty.dataStream.server.boss-group.size = 0 (default)
2023-12-26 17:43:07,209 [main] INFO  netty.NettyUtils (NettyUtils.java:newEventLoopGroup(69)) - Create EpollEventLoopGroup for 5acb06d6-75fa-434d-a16a-f6192aa7de69-NettyServerStreamRpc-bossGroup; Thread size is 0.
2023-12-26 17:43:07,209 [main] INFO  netty.NettyConfigKeys$DataStream (ConfUtils.java:logGet(46)) - raft.netty.dataStream.server.worker-group.size = 0 (default)
2023-12-26 17:43:07,209 [main] INFO  netty.NettyUtils (NettyUtils.java:newEventLoopGroup(69)) - Create EpollEventLoopGroup for 5acb06d6-75fa-434d-a16a-f6192aa7de69-NettyServerStreamRpc-workerGroup; Thread size is 0.
2023-12-26 17:43:07,210 [main] INFO  netty.NettyConfigKeys$DataStream (ConfUtils.java:logGet(46)) - raft.netty.dataStream.server.tls.conf = null (default)
2023-12-26 17:43:07,210 [main] INFO  netty.NettyConfigKeys$DataStream (ConfUtils.java:logGet(46)) - raft.netty.dataStream.host = null (default)
2023-12-26 17:43:07,210 [main] INFO  netty.NettyConfigKeys$DataStream (ConfUtils.java:logGet(46)) - raft.netty.dataStream.port = 15265 (custom)
2023-12-26 17:43:07,210 [main] INFO  server.RaftServerConfigKeys (ConfUtils.java:logGet(46)) - raft.server.sleep.deviation.threshold = 300ms (default)
2023-12-26 17:43:07,210 [main] INFO  server.RaftServerConfigKeys (ConfUtils.java:logGet(46)) - raft.server.close.threshold = 60s (default)
2023-12-26 17:43:07,210 [main] INFO  server.RaftServerConfigKeys (ConfUtils.java:logGet(46)) - raft.server.leaderelection.leader.step-down.wait-time = 10s (default)
2023-12-26 17:43:07,210 [5acb06d6-75fa-434d-a16a-f6192aa7de69-NettyServerStreamRpc-bossGroup--thread1] INFO  logging.LoggingHandler (AbstractInternalLogger.java:log(148)) - [id: 0x9cb9d555] REGISTERED
2023-12-26 17:43:07,211 [main] INFO  server.RaftServerConfigKeys (ConfUtils.java:logGet(46)) - raft.server.storage.dir = [/home/runner/work/ozone/ozone/hadoop-ozone/integration-test/target/test-dir/MiniOzoneClusterImpl-a136b03b-8403-429e-9870-8bf85e606ef3/datanode-8/data/ratis] (custom)
2023-12-26 17:43:07,211 [5acb06d6-75fa-434d-a16a-f6192aa7de69-NettyServerStreamRpc-bossGroup--thread1] INFO  logging.LoggingHandler (AbstractInternalLogger.java:log(148)) - [id: 0x9cb9d555] BIND: 0.0.0.0/0.0.0.0:15265
2023-12-26 17:43:07,211 [main] INFO  server.RaftServerConfigKeys (ConfUtils.java:logGet(46)) - raft.server.threadpool.proxy.cached = true (default)
2023-12-26 17:43:07,211 [5acb06d6-75fa-434d-a16a-f6192aa7de69-NettyServerStreamRpc-bossGroup--thread1] INFO  logging.LoggingHandler (AbstractInternalLogger.java:log(148)) - [id: 0x9cb9d555, L:/0.0.0.0:15265] ACTIVE
2023-12-26 17:43:07,211 [main] INFO  server.RaftServerConfigKeys (ConfUtils.java:logGet(46)) - raft.server.threadpool.proxy.size = 0 (default)
2023-12-26 17:43:07,211 [5acb06d6-75fa-434d-a16a-f6192aa7de69-impl-thread1] INFO  server.RaftServer (RaftServerProxy.java:initGroupDir(264)) - 5acb06d6-75fa-434d-a16a-f6192aa7de69: found a subdirectory /home/runner/work/ozone/ozone/hadoop-ozone/integration-test/target/test-dir/MiniOzoneClusterImpl-a136b03b-8403-429e-9870-8bf85e606ef3/datanode-8/data/ratis/tmp
2023-12-26 17:43:07,211 [5acb06d6-75fa-434d-a16a-f6192aa7de69-impl-thread1] INFO  server.RaftServer (RaftServerProxy.java:initGroupDir(269)) - 5acb06d6-75fa-434d-a16a-f6192aa7de69: The directory /home/runner/work/ozone/ozone/hadoop-ozone/integration-test/target/test-dir/MiniOzoneClusterImpl-a136b03b-8403-429e-9870-8bf85e606ef3/datanode-8/data/ratis/tmp is not a group directory; ignoring it. 
2023-12-26 17:43:07,211 [main] INFO  replication.ReplicationServer (ReplicationServer.java:<init>(85)) - Initializing replication server with thread count = 10 queue length = 4096
2023-12-26 17:43:07,212 [main] INFO  server.XceiverServerGrpc (XceiverServerGrpc.java:<init>(141)) - GrpcServer channel type EpollServerSocketChannel
2023-12-26 17:43:07,213 [main] INFO  replication.ReplicationSupervisor (ReplicationSupervisor.java:build(163)) - Initializing replication supervisor with thread count = 10
2023-12-26 17:43:07,213 [main] INFO  replication.ReplicationSupervisor (ReplicationSupervisor.java:nodeStateUpdated(317)) - Node state updated to IN_SERVICE, scaling executor pool size to 10
2023-12-26 17:43:07,215 [main] INFO  http.BaseHttpServer (BaseHttpServer.java:newHttpServer2BuilderForOzone(223)) - Starting Web-server for hddsDatanode at: http://0.0.0.0:15259
2023-12-26 17:43:07,215 [main] INFO  http.BaseHttpServer (BaseHttpServer.java:<init>(110)) - Hadoop Security Enabled: false Ozone Security Enabled: false Ozone HTTP Security Enabled: false 
2023-12-26 17:43:07,216 [main] WARN  server.AuthenticationFilter (AuthenticationFilter.java:constructSecretProvider(240)) - Unable to initialize FileSignerSecretProvider, falling back to use random secrets. Reason: Could not read signature secret file: /home/runner/hadoop-http-auth-signature-secret
2023-12-26 17:43:07,217 [main] INFO  http.HttpRequestLog (HttpRequestLog.java:getRequestLog(86)) - Http request log for http.requests.hddsDatanode is not defined
2023-12-26 17:43:07,217 [main] INFO  http.HttpServer2 (HttpServer2.java:addGlobalFilter(1036)) - Added global filter 'safety' (class=org.apache.hadoop.hdds.server.http.HttpServer2$QuotingInputFilter)
2023-12-26 17:43:07,218 [main] INFO  http.HttpServer2 (HttpServer2.java:addFilter(1012)) - Added filter static_user_filter (class=org.apache.hadoop.http.lib.StaticUserWebFilter$StaticUserFilter) to context hddsDatanode
2023-12-26 17:43:07,218 [main] INFO  http.HttpServer2 (HttpServer2.java:addFilter(1020)) - Added filter static_user_filter (class=org.apache.hadoop.http.lib.StaticUserWebFilter$StaticUserFilter) to context static
2023-12-26 17:43:07,218 [main] INFO  http.HttpServer2 (HttpServer2.java:addFilter(1020)) - Added filter static_user_filter (class=org.apache.hadoop.http.lib.StaticUserWebFilter$StaticUserFilter) to context logs
2023-12-26 17:43:07,219 [main] INFO  http.BaseHttpServer (BaseHttpServer.java:<init>(189)) - HTTP server of hddsDatanode uses base directory /home/runner/work/ozone/ozone/hadoop-ozone/integration-test/target/test-dir/MiniOzoneClusterImpl-a136b03b-8403-429e-9870-8bf85e606ef3/datanode-8/meta/webserver
2023-12-26 17:43:07,219 [main] INFO  http.HttpServer2 (HttpServer2.java:bindListener(1236)) - Jetty bound to port 15259
2023-12-26 17:43:07,219 [main] INFO  server.Server (Server.java:doStart(375)) - jetty-9.4.53.v20231009; built: 2023-10-09T12:29:09.265Z; git: 27bde00a0b95a1d5bbee0eae7984f891d2d0f8c9; jvm 1.8.0_392-b08
2023-12-26 17:43:07,220 [main] INFO  server.session (DefaultSessionIdManager.java:doStart(334)) - DefaultSessionIdManager workerName=node0
2023-12-26 17:43:07,220 [main] INFO  server.session (DefaultSessionIdManager.java:doStart(339)) - No SessionScavenger set, using defaults
2023-12-26 17:43:07,220 [main] INFO  server.session (HouseKeeper.java:startScavenging(132)) - node0 Scavenging every 660000ms
2023-12-26 17:43:07,221 [main] INFO  handler.ContextHandler (ContextHandler.java:doStart(921)) - Started o.e.j.s.ServletContextHandler@4ff9fa2b{logs,/logs,file:///home/runner/work/ozone/ozone/hadoop-ozone/integration-test/target/log,AVAILABLE}
2023-12-26 17:43:07,221 [main] INFO  handler.ContextHandler (ContextHandler.java:doStart(921)) - Started o.e.j.s.ServletContextHandler@58b1eca1{static,/static,jar:file:/home/runner/.m2/repository/org/apache/ozone/hdds-container-service/1.5.0-SNAPSHOT/hdds-container-service-1.5.0-SNAPSHOT.jar!/webapps/static,AVAILABLE}
2023-12-26 17:43:07,256 [main] INFO  handler.ContextHandler (ContextHandler.java:doStart(921)) - Started o.e.j.w.WebAppContext@351fa6c4{hddsDatanode,/,file:///home/runner/work/ozone/ozone/hadoop-ozone/integration-test/target/test-dir/MiniOzoneClusterImpl-a136b03b-8403-429e-9870-8bf85e606ef3/datanode-8/meta/webserver/jetty-0_0_0_0-15259-hdds-container-service-1_5_0-SNAPSHOT_jar-_-any-6943268158798084380/webapp/,AVAILABLE}{jar:file:/home/runner/.m2/repository/org/apache/ozone/hdds-container-service/1.5.0-SNAPSHOT/hdds-container-service-1.5.0-SNAPSHOT.jar!/webapps/hddsDatanode}
2023-12-26 17:43:07,257 [main] INFO  server.AbstractConnector (AbstractConnector.java:doStart(333)) - Started ServerConnector@70436059{HTTP/1.1, (http/1.1)}{0.0.0.0:15259}
2023-12-26 17:43:07,258 [main] INFO  server.Server (Server.java:doStart(415)) - Started @84910ms
2023-12-26 17:43:07,258 [main] WARN  impl.MetricsSystemImpl (MetricsSystemImpl.java:register(279)) - Sink prometheus already exists!
2023-12-26 17:43:07,258 [main] INFO  http.BaseHttpServer (BaseHttpServer.java:updateConnectorAddress(354)) - HTTP server of hddsDatanode listening at http://0.0.0.0:15259
2023-12-26 17:43:07,258 [main] INFO  ipc.CallQueueManager (CallQueueManager.java:<init>(90)) - Using callQueue: class java.util.concurrent.LinkedBlockingQueue, queueCapacity: 100, scheduler: class org.apache.hadoop.ipc.DefaultRpcScheduler, ipcBackoff: false.
2023-12-26 17:43:07,259 [main] INFO  ipc.Server (Server.java:<init>(1287)) - Listener at 0.0.0.0:15260
2023-12-26 17:43:07,259 [Socket Reader #1 for port 15260] INFO  ipc.Server (Server.java:run(1323)) - Starting Socket Reader #1 for port 15260
2023-12-26 17:43:07,261 [main] INFO  ozone.HddsDatanodeService (HddsDatanodeService.java:start(324)) - Datanode start with admins: [runner]
2023-12-26 17:43:07,261 [main] INFO  ozone.HddsDatanodeClientProtocolServer (HddsDatanodeClientProtocolServer.java:start(72)) - RPC server for Client /0.0.0.0:15260
2023-12-26 17:43:07,265 [IPC Server Responder] INFO  ipc.Server (Server.java:run(1562)) - IPC Server Responder: starting
2023-12-26 17:43:07,267 [IPC Server listener on 15260] INFO  ipc.Server (Server.java:run(1402)) - IPC Server listener on 15260: starting
2023-12-26 17:43:07,270 [5acb06d6-75fa-434d-a16a-f6192aa7de69-DatanodeStateMachineDaemonThread] INFO  statemachine.DatanodeStateMachine (DatanodeStateMachine.java:lambda$startDaemon$1(555)) - Ozone container server started.
2023-12-26 17:43:07,272 [main] INFO  ozone.MiniOzoneClusterImpl (MiniOzoneClusterImpl.java:lambda$waitForClusterToBeReady$0(230)) - Waiting for nodes to be ready. Got 0 of 9 DN Heartbeats.
2023-12-26 17:43:07,272 [main] INFO  ozone.MiniOzoneClusterImpl (MiniOzoneClusterImpl.java:lambda$waitForClusterToBeReady$0(233)) - Waiting for cluster to exit safe mode
2023-12-26 17:43:07,272 [main] INFO  ozone.MiniOzoneClusterImpl (MiniOzoneClusterImpl.java:lambda$waitForClusterToBeReady$0(235)) - SCM became leader
2023-12-26 17:43:07,286 [5acb06d6-75fa-434d-a16a-f6192aa7de69-DatanodeStateMachineTaskThread-0] INFO  datanode.InitDatanodeState (InitDatanodeState.java:persistContainerDatanodeDetails(139)) - DatanodeDetails is persisted to /home/runner/work/ozone/ozone/hadoop-ozone/integration-test/target/test-dir/MiniOzoneClusterImpl-a136b03b-8403-429e-9870-8bf85e606ef3/datanode-8/meta/datanode.id
2023-12-26 17:43:07,362 [om1@group-C5BA1605619E-FollowerState] INFO  impl.FollowerState (FollowerState.java:run(143)) - om1@group-C5BA1605619E-FollowerState: change to CANDIDATE, lastRpcElapsedTime:1104432066ns, electionTimeout:1104ms
2023-12-26 17:43:07,362 [om1@group-C5BA1605619E-FollowerState] INFO  impl.RoleInfo (RoleInfo.java:shutdownFollowerState(110)) - om1: shutdown om1@group-C5BA1605619E-FollowerState
2023-12-26 17:43:07,362 [om1@group-C5BA1605619E-FollowerState] INFO  server.RaftServer$Division (RaftServerImpl.java:setRole(379)) - om1@group-C5BA1605619E: changes role from  FOLLOWER to CANDIDATE at term 0 for changeToCandidate
2023-12-26 17:43:07,362 [om1@group-C5BA1605619E-FollowerState] INFO  server.RaftServerConfigKeys (ConfUtils.java:logGet(46)) - raft.server.leaderelection.pre-vote = true (default)
2023-12-26 17:43:07,363 [om1@group-C5BA1605619E-FollowerState] INFO  impl.RoleInfo (RoleInfo.java:updateAndGet(139)) - om1: start om1@group-C5BA1605619E-LeaderElection38
2023-12-26 17:43:07,364 [om1@group-C5BA1605619E-LeaderElection38] INFO  impl.LeaderElection (LeaderElection.java:askForVotes(323)) - om1@group-C5BA1605619E-LeaderElection38 PRE_VOTE round 0: submit vote requests at term 0 for -1: peers:[om1|localhost:15185]|listeners:[], old=null
2023-12-26 17:43:07,364 [om1@group-C5BA1605619E-LeaderElection38] INFO  impl.LeaderElection (LeaderElection.java:askForVotes(325)) - om1@group-C5BA1605619E-LeaderElection38 PRE_VOTE round 0: result PASSED (term=0)
2023-12-26 17:43:07,365 [om1@group-C5BA1605619E-LeaderElection38] INFO  impl.LeaderElection (LeaderElection.java:askForVotes(323)) - om1@group-C5BA1605619E-LeaderElection38 ELECTION round 0: submit vote requests at term 1 for -1: peers:[om1|localhost:15185]|listeners:[], old=null
2023-12-26 17:43:07,365 [om1@group-C5BA1605619E-LeaderElection38] INFO  impl.LeaderElection (LeaderElection.java:askForVotes(325)) - om1@group-C5BA1605619E-LeaderElection38 ELECTION round 0: result PASSED (term=1)
2023-12-26 17:43:07,365 [om1@group-C5BA1605619E-LeaderElection38] INFO  impl.RoleInfo (RoleInfo.java:shutdownLeaderElection(130)) - om1: shutdown om1@group-C5BA1605619E-LeaderElection38
2023-12-26 17:43:07,366 [om1@group-C5BA1605619E-LeaderElection38] INFO  server.RaftServer$Division (RaftServerImpl.java:setRole(379)) - om1@group-C5BA1605619E: changes role from CANDIDATE to LEADER at term 1 for changeToLeader
2023-12-26 17:43:07,366 [om1@group-C5BA1605619E-LeaderElection38] INFO  server.RaftServerConfigKeys (ConfUtils.java:logGet(46)) - raft.server.staging.catchup.gap = 1000 (default)
2023-12-26 17:43:07,366 [om1@group-C5BA1605619E-LeaderElection38] INFO  server.RaftServerConfigKeys (ConfUtils.java:logGet(46)) - raft.server.write.element-limit = 4096 (default)
2023-12-26 17:43:07,366 [om1@group-C5BA1605619E-LeaderElection38] INFO  server.RaftServerConfigKeys (ConfUtils.java:logGet(46)) - raft.server.write.byte-limit = 64MB (=67108864) (default)
2023-12-26 17:43:07,366 [om1@group-C5BA1605619E-LeaderElection38] INFO  server.RaftServerConfigKeys (ConfUtils.java:logGet(46)) - raft.server.watch.timeout = 10s (default)
2023-12-26 17:43:07,366 [om1@group-C5BA1605619E-LeaderElection38] INFO  server.RaftServerConfigKeys (ConfUtils.java:logGet(46)) - raft.server.watch.timeout.denomination = 1s (default)
2023-12-26 17:43:07,366 [om1@group-C5BA1605619E-LeaderElection38] INFO  server.RaftServerConfigKeys (ConfUtils.java:logGet(46)) - raft.server.watch.element-limit = 65536 (default)
2023-12-26 17:43:07,366 [om1@group-C5BA1605619E-LeaderElection38] INFO  server.RaftServerConfigKeys (ConfUtils.java:logGet(46)) - raft.server.read.leader.lease.enabled = false (default)
2023-12-26 17:43:07,366 [om1@group-C5BA1605619E-LeaderElection38] INFO  server.RaftServerConfigKeys (ConfUtils.java:logGet(46)) - raft.server.read.leader.lease.timeout.ratio = 0.9 (default)
2023-12-26 17:43:07,366 [om1@group-C5BA1605619E-LeaderElection38] INFO  server.RaftServerConfigKeys (ConfUtils.java:logGet(46)) - raft.server.rpc.timeout.min = 1s (custom)
2023-12-26 17:43:07,366 [om1@group-C5BA1605619E-LeaderElection38] INFO  server.RaftServerConfigKeys (ConfUtils.java:logGet(46)) - raft.server.write.element-limit = 4096 (default)
2023-12-26 17:43:07,367 [om1@group-C5BA1605619E-LeaderElection38] INFO  server.RaftServerConfigKeys (ConfUtils.java:logGet(46)) - raft.server.write.follower.gap.ratio.max = -1.0 (default)
2023-12-26 17:43:07,367 [om1@group-C5BA1605619E-LeaderElection38] INFO  impl.RoleInfo (RoleInfo.java:updateAndGet(139)) - om1: start om1@group-C5BA1605619E-LeaderStateImpl
2023-12-26 17:43:07,367 [om1@group-C5BA1605619E-LeaderElection38] INFO  server.RaftServer$Division (RaftServerImpl.java:setFirstElection(564)) - om1@group-C5BA1605619E: set firstElectionSinceStartup to false for becomeLeader
2023-12-26 17:43:07,367 [om1@group-C5BA1605619E-LeaderElection38] INFO  server.RaftServer$Division (ServerState.java:setLeader(265)) - om1@group-C5BA1605619E: change Leader from null to om1 at term 1 for becomeLeader, leader elected after 1330ms
2023-12-26 17:43:07,367 [om1@group-C5BA1605619E-LeaderElection38] INFO  segmented.SegmentedRaftLogWorker (SegmentedRaftLogWorker.java:startLogSegment(428)) - om1@group-C5BA1605619E-SegmentedRaftLogWorker: Starting segment from index:0
2023-12-26 17:43:07,369 [om1@group-C5BA1605619E-LeaderElection38] INFO  server.RaftServer$Division (ServerState.java:setRaftConf(382)) - om1@group-C5BA1605619E: set configuration 0: peers:[om1|localhost:15185]|listeners:[], old=null
2023-12-26 17:43:07,376 [om1@group-C5BA1605619E-SegmentedRaftLogWorker] INFO  segmented.SegmentedRaftLogWorker (SegmentedRaftLogWorker.java:execute(632)) - om1@group-C5BA1605619E-SegmentedRaftLogWorker: created new log segment /home/runner/work/ozone/ozone/hadoop-ozone/integration-test/target/test-dir/MiniOzoneClusterImpl-a136b03b-8403-429e-9870-8bf85e606ef3/ozone-meta/ratis/bf265839-605b-3f16-9796-c5ba1605619e/current/log_inprogress_0
2023-12-26 17:43:07,377 [om1@group-C5BA1605619E-StateMachineUpdater] INFO  ratis.OzoneManagerStateMachine (OzoneManagerStateMachine.java:notifyConfigurationChanged(208)) - Received Configuration change notification from Ratis. New Peer list:
[id: "om1"
address: "localhost:15185"
startupRole: FOLLOWER
]
2023-12-26 17:43:07,377 [om1@group-C5BA1605619E-StateMachineUpdater] INFO  server.RaftServer$Division (LeaderStateImpl.java:isApplied(316)) - leader is ready since appliedIndex == 0 >= startIndex == 0
2023-12-26 17:43:08,272 [main] INFO  ozone.MiniOzoneClusterImpl (MiniOzoneClusterImpl.java:lambda$waitForClusterToBeReady$0(230)) - Waiting for nodes to be ready. Got 0 of 9 DN Heartbeats.
2023-12-26 17:43:08,273 [main] INFO  ozone.MiniOzoneClusterImpl (MiniOzoneClusterImpl.java:lambda$waitForClusterToBeReady$0(233)) - Waiting for cluster to exit safe mode
2023-12-26 17:43:08,273 [main] INFO  ozone.MiniOzoneClusterImpl (MiniOzoneClusterImpl.java:lambda$waitForClusterToBeReady$0(235)) - SCM became leader
2023-12-26 17:43:08,452 [2600465e-836b-4590-acf2-1a77fd870a2a-EndpointStateMachineTaskThread-/0.0.0.0:15180-0 ] INFO  utils.DatanodeStoreCache (DatanodeStoreCache.java:addDB(66)) - Added db /home/runner/work/ozone/ozone/hadoop-ozone/integration-test/target/test-dir/MiniOzoneClusterImpl-a136b03b-8403-429e-9870-8bf85e606ef3/datanode-0/data-0/containers/hdds/a136b03b-8403-429e-9870-8bf85e606ef3/DS-97dcd120-6615-4bf0-814c-cf257ac0a9f2/container.db to cache
2023-12-26 17:43:08,452 [2600465e-836b-4590-acf2-1a77fd870a2a-EndpointStateMachineTaskThread-/0.0.0.0:15180-0 ] INFO  volume.HddsVolume (HddsVolume.java:createDbStore(422)) - SchemaV3 db is created and loaded at /home/runner/work/ozone/ozone/hadoop-ozone/integration-test/target/test-dir/MiniOzoneClusterImpl-a136b03b-8403-429e-9870-8bf85e606ef3/datanode-0/data-0/containers/hdds/a136b03b-8403-429e-9870-8bf85e606ef3/DS-97dcd120-6615-4bf0-814c-cf257ac0a9f2/container.db for volume DS-97dcd120-6615-4bf0-814c-cf257ac0a9f2
2023-12-26 17:43:08,454 [2600465e-836b-4590-acf2-1a77fd870a2a-EndpointStateMachineTaskThread-/0.0.0.0:15180-0 ] INFO  volume.ThrottledAsyncChecker (ThrottledAsyncChecker.java:schedule(141)) - Scheduling a check for /home/runner/work/ozone/ozone/hadoop-ozone/integration-test/target/test-dir/MiniOzoneClusterImpl-a136b03b-8403-429e-9870-8bf85e606ef3/datanode-0/data-0/containers/hdds
2023-12-26 17:43:08,454 [2600465e-836b-4590-acf2-1a77fd870a2a-EndpointStateMachineTaskThread-/0.0.0.0:15180-0 ] INFO  volume.StorageVolumeChecker (StorageVolumeChecker.java:checkAllVolumes(218)) - Scheduled health check for volume /home/runner/work/ozone/ozone/hadoop-ozone/integration-test/target/test-dir/MiniOzoneClusterImpl-a136b03b-8403-429e-9870-8bf85e606ef3/datanode-0/data-0/containers/hdds
2023-12-26 17:43:08,455 [2600465e-836b-4590-acf2-1a77fd870a2a-EndpointStateMachineTaskThread-/0.0.0.0:15180-0 ] INFO  volume.ThrottledAsyncChecker (ThrottledAsyncChecker.java:schedule(141)) - Scheduling a check for /home/runner/work/ozone/ozone/hadoop-ozone/integration-test/target/test-dir/MiniOzoneClusterImpl-a136b03b-8403-429e-9870-8bf85e606ef3/datanode-0/data/ratis
2023-12-26 17:43:08,456 [2600465e-836b-4590-acf2-1a77fd870a2a-EndpointStateMachineTaskThread-/0.0.0.0:15180-0 ] INFO  volume.StorageVolumeChecker (StorageVolumeChecker.java:checkAllVolumes(218)) - Scheduled health check for volume /home/runner/work/ozone/ozone/hadoop-ozone/integration-test/target/test-dir/MiniOzoneClusterImpl-a136b03b-8403-429e-9870-8bf85e606ef3/datanode-0/data/ratis
2023-12-26 17:43:08,457 [2600465e-836b-4590-acf2-1a77fd870a2a-EndpointStateMachineTaskThread-/0.0.0.0:15180-0 ] INFO  ozoneimpl.OzoneContainer (OzoneContainer.java:start(441)) - Attempting to start container services.
2023-12-26 17:43:08,457 [2600465e-836b-4590-acf2-1a77fd870a2a-EndpointStateMachineTaskThread-/0.0.0.0:15180-0 ] INFO  ozoneimpl.OzoneContainer (OzoneContainer.java:startContainerScrub(337)) - Scheduled background container scanners and the on-demand container scanner have been disabled.
2023-12-26 17:43:08,457 [2600465e-836b-4590-acf2-1a77fd870a2a-EndpointStateMachineTaskThread-/0.0.0.0:15180-0 ] INFO  replication.ReplicationServer (ReplicationServer.java:start(139)) - ReplicationServer is started using port 15194
2023-12-26 17:43:08,457 [2600465e-836b-4590-acf2-1a77fd870a2a-EndpointStateMachineTaskThread-/0.0.0.0:15180-0 ] INFO  ratis.XceiverServerRatis (XceiverServerRatis.java:start(548)) - Starting XceiverServerRatis 2600465e-836b-4590-acf2-1a77fd870a2a
2023-12-26 17:43:08,457 [2600465e-836b-4590-acf2-1a77fd870a2a-EndpointStateMachineTaskThread-/0.0.0.0:15180-0 ] INFO  server.RaftServer (RaftServerProxy.java:startImpl(406)) - 2600465e-836b-4590-acf2-1a77fd870a2a: start RPC server
2023-12-26 17:43:08,458 [2600465e-836b-4590-acf2-1a77fd870a2a-EndpointStateMachineTaskThread-/0.0.0.0:15180-0 ] INFO  server.GrpcService (GrpcService.java:startImpl(302)) - 2600465e-836b-4590-acf2-1a77fd870a2a: GrpcService started, listening on 15190
2023-12-26 17:43:08,458 [2600465e-836b-4590-acf2-1a77fd870a2a-EndpointStateMachineTaskThread-/0.0.0.0:15180-0 ] INFO  server.GrpcService (GrpcService.java:startImpl(302)) - 2600465e-836b-4590-acf2-1a77fd870a2a: GrpcService started, listening on 15192
2023-12-26 17:43:08,458 [2600465e-836b-4590-acf2-1a77fd870a2a-EndpointStateMachineTaskThread-/0.0.0.0:15180-0 ] INFO  server.GrpcService (GrpcService.java:startImpl(302)) - 2600465e-836b-4590-acf2-1a77fd870a2a: GrpcService started, listening on 15191
2023-12-26 17:43:08,458 [2600465e-836b-4590-acf2-1a77fd870a2a-EndpointStateMachineTaskThread-/0.0.0.0:15180-0 ] INFO  ratis.XceiverServerRatis (XceiverServerRatis.java:getRealPort(574)) - XceiverServerRatis 2600465e-836b-4590-acf2-1a77fd870a2a is started using port 15190 for RATIS
2023-12-26 17:43:08,458 [2600465e-836b-4590-acf2-1a77fd870a2a-EndpointStateMachineTaskThread-/0.0.0.0:15180-0 ] INFO  ratis.XceiverServerRatis (XceiverServerRatis.java:getRealPort(574)) - XceiverServerRatis 2600465e-836b-4590-acf2-1a77fd870a2a is started using port 15191 for RATIS_ADMIN
2023-12-26 17:43:08,458 [2600465e-836b-4590-acf2-1a77fd870a2a-EndpointStateMachineTaskThread-/0.0.0.0:15180-0 ] INFO  ratis.XceiverServerRatis (XceiverServerRatis.java:getRealPort(574)) - XceiverServerRatis 2600465e-836b-4590-acf2-1a77fd870a2a is started using port 15192 for RATIS_SERVER
2023-12-26 17:43:08,458 [2600465e-836b-4590-acf2-1a77fd870a2a-EndpointStateMachineTaskThread-/0.0.0.0:15180-0 ] INFO  ratis.XceiverServerRatis (XceiverServerRatis.java:getRealPort(574)) - XceiverServerRatis 2600465e-836b-4590-acf2-1a77fd870a2a is started using port 15193 for RATIS_DATASTREAM
2023-12-26 17:43:08,458 [JvmPauseMonitor24] INFO  util.JvmPauseMonitor (JvmPauseMonitor.java:run(146)) - JvmPauseMonitor-2600465e-836b-4590-acf2-1a77fd870a2a: Started
2023-12-26 17:43:08,461 [2600465e-836b-4590-acf2-1a77fd870a2a-BlockDeletingService#0] INFO  interfaces.ContainerDeletionChoosingPolicyTemplate (ContainerDeletionChoosingPolicyTemplate.java:chooseContainerForBlockDeletion(85)) - Chosen 0/5000 blocks from 0 candidate containers.
2023-12-26 17:43:08,566 [3e443a17-2359-4412-bc58-72a30bb0f716-EndpointStateMachineTaskThread-/0.0.0.0:15180-0 ] INFO  utils.DatanodeStoreCache (DatanodeStoreCache.java:addDB(66)) - Added db /home/runner/work/ozone/ozone/hadoop-ozone/integration-test/target/test-dir/MiniOzoneClusterImpl-a136b03b-8403-429e-9870-8bf85e606ef3/datanode-1/data-0/containers/hdds/a136b03b-8403-429e-9870-8bf85e606ef3/DS-3f367dc7-69e7-4a51-8917-b017950fc49e/container.db to cache
2023-12-26 17:43:08,566 [3e443a17-2359-4412-bc58-72a30bb0f716-EndpointStateMachineTaskThread-/0.0.0.0:15180-0 ] INFO  volume.HddsVolume (HddsVolume.java:createDbStore(422)) - SchemaV3 db is created and loaded at /home/runner/work/ozone/ozone/hadoop-ozone/integration-test/target/test-dir/MiniOzoneClusterImpl-a136b03b-8403-429e-9870-8bf85e606ef3/datanode-1/data-0/containers/hdds/a136b03b-8403-429e-9870-8bf85e606ef3/DS-3f367dc7-69e7-4a51-8917-b017950fc49e/container.db for volume DS-3f367dc7-69e7-4a51-8917-b017950fc49e
2023-12-26 17:43:08,567 [3e443a17-2359-4412-bc58-72a30bb0f716-EndpointStateMachineTaskThread-/0.0.0.0:15180-0 ] INFO  volume.ThrottledAsyncChecker (ThrottledAsyncChecker.java:schedule(141)) - Scheduling a check for /home/runner/work/ozone/ozone/hadoop-ozone/integration-test/target/test-dir/MiniOzoneClusterImpl-a136b03b-8403-429e-9870-8bf85e606ef3/datanode-1/data-0/containers/hdds
2023-12-26 17:43:08,568 [3e443a17-2359-4412-bc58-72a30bb0f716-EndpointStateMachineTaskThread-/0.0.0.0:15180-0 ] INFO  volume.StorageVolumeChecker (StorageVolumeChecker.java:checkAllVolumes(218)) - Scheduled health check for volume /home/runner/work/ozone/ozone/hadoop-ozone/integration-test/target/test-dir/MiniOzoneClusterImpl-a136b03b-8403-429e-9870-8bf85e606ef3/datanode-1/data-0/containers/hdds
2023-12-26 17:43:08,570 [3e443a17-2359-4412-bc58-72a30bb0f716-EndpointStateMachineTaskThread-/0.0.0.0:15180-0 ] INFO  volume.ThrottledAsyncChecker (ThrottledAsyncChecker.java:schedule(141)) - Scheduling a check for /home/runner/work/ozone/ozone/hadoop-ozone/integration-test/target/test-dir/MiniOzoneClusterImpl-a136b03b-8403-429e-9870-8bf85e606ef3/datanode-1/data/ratis
2023-12-26 17:43:08,570 [3e443a17-2359-4412-bc58-72a30bb0f716-EndpointStateMachineTaskThread-/0.0.0.0:15180-0 ] INFO  volume.StorageVolumeChecker (StorageVolumeChecker.java:checkAllVolumes(218)) - Scheduled health check for volume /home/runner/work/ozone/ozone/hadoop-ozone/integration-test/target/test-dir/MiniOzoneClusterImpl-a136b03b-8403-429e-9870-8bf85e606ef3/datanode-1/data/ratis
2023-12-26 17:43:08,572 [3e443a17-2359-4412-bc58-72a30bb0f716-EndpointStateMachineTaskThread-/0.0.0.0:15180-0 ] INFO  ozoneimpl.OzoneContainer (OzoneContainer.java:start(441)) - Attempting to start container services.
2023-12-26 17:43:08,572 [3e443a17-2359-4412-bc58-72a30bb0f716-EndpointStateMachineTaskThread-/0.0.0.0:15180-0 ] INFO  ozoneimpl.OzoneContainer (OzoneContainer.java:startContainerScrub(337)) - Scheduled background container scanners and the on-demand container scanner have been disabled.
2023-12-26 17:43:08,572 [3e443a17-2359-4412-bc58-72a30bb0f716-EndpointStateMachineTaskThread-/0.0.0.0:15180-0 ] INFO  replication.ReplicationServer (ReplicationServer.java:start(139)) - ReplicationServer is started using port 15203
2023-12-26 17:43:08,572 [3e443a17-2359-4412-bc58-72a30bb0f716-EndpointStateMachineTaskThread-/0.0.0.0:15180-0 ] INFO  ratis.XceiverServerRatis (XceiverServerRatis.java:start(548)) - Starting XceiverServerRatis 3e443a17-2359-4412-bc58-72a30bb0f716
2023-12-26 17:43:08,573 [3e443a17-2359-4412-bc58-72a30bb0f716-EndpointStateMachineTaskThread-/0.0.0.0:15180-0 ] INFO  server.RaftServer (RaftServerProxy.java:startImpl(406)) - 3e443a17-2359-4412-bc58-72a30bb0f716: start RPC server
2023-12-26 17:43:08,573 [3e443a17-2359-4412-bc58-72a30bb0f716-EndpointStateMachineTaskThread-/0.0.0.0:15180-0 ] INFO  server.GrpcService (GrpcService.java:startImpl(302)) - 3e443a17-2359-4412-bc58-72a30bb0f716: GrpcService started, listening on 15199
2023-12-26 17:43:08,573 [3e443a17-2359-4412-bc58-72a30bb0f716-EndpointStateMachineTaskThread-/0.0.0.0:15180-0 ] INFO  server.GrpcService (GrpcService.java:startImpl(302)) - 3e443a17-2359-4412-bc58-72a30bb0f716: GrpcService started, listening on 15201
2023-12-26 17:43:08,574 [3e443a17-2359-4412-bc58-72a30bb0f716-EndpointStateMachineTaskThread-/0.0.0.0:15180-0 ] INFO  server.GrpcService (GrpcService.java:startImpl(302)) - 3e443a17-2359-4412-bc58-72a30bb0f716: GrpcService started, listening on 15200
2023-12-26 17:43:08,574 [3e443a17-2359-4412-bc58-72a30bb0f716-EndpointStateMachineTaskThread-/0.0.0.0:15180-0 ] INFO  ratis.XceiverServerRatis (XceiverServerRatis.java:getRealPort(574)) - XceiverServerRatis 3e443a17-2359-4412-bc58-72a30bb0f716 is started using port 15199 for RATIS
2023-12-26 17:43:08,574 [JvmPauseMonitor25] INFO  util.JvmPauseMonitor (JvmPauseMonitor.java:run(146)) - JvmPauseMonitor-3e443a17-2359-4412-bc58-72a30bb0f716: Started
2023-12-26 17:43:08,574 [3e443a17-2359-4412-bc58-72a30bb0f716-EndpointStateMachineTaskThread-/0.0.0.0:15180-0 ] INFO  ratis.XceiverServerRatis (XceiverServerRatis.java:getRealPort(574)) - XceiverServerRatis 3e443a17-2359-4412-bc58-72a30bb0f716 is started using port 15200 for RATIS_ADMIN
2023-12-26 17:43:08,574 [3e443a17-2359-4412-bc58-72a30bb0f716-EndpointStateMachineTaskThread-/0.0.0.0:15180-0 ] INFO  ratis.XceiverServerRatis (XceiverServerRatis.java:getRealPort(574)) - XceiverServerRatis 3e443a17-2359-4412-bc58-72a30bb0f716 is started using port 15201 for RATIS_SERVER
2023-12-26 17:43:08,574 [3e443a17-2359-4412-bc58-72a30bb0f716-EndpointStateMachineTaskThread-/0.0.0.0:15180-0 ] INFO  ratis.XceiverServerRatis (XceiverServerRatis.java:getRealPort(574)) - XceiverServerRatis 3e443a17-2359-4412-bc58-72a30bb0f716 is started using port 15202 for RATIS_DATASTREAM
2023-12-26 17:43:08,575 [3e443a17-2359-4412-bc58-72a30bb0f716-BlockDeletingService#0] INFO  interfaces.ContainerDeletionChoosingPolicyTemplate (ContainerDeletionChoosingPolicyTemplate.java:chooseContainerForBlockDeletion(85)) - Chosen 0/5000 blocks from 0 candidate containers.
2023-12-26 17:43:08,657 [330054a7-df09-49b5-8777-358ad940382e-EndpointStateMachineTaskThread-/0.0.0.0:15180-0 ] INFO  utils.DatanodeStoreCache (DatanodeStoreCache.java:addDB(66)) - Added db /home/runner/work/ozone/ozone/hadoop-ozone/integration-test/target/test-dir/MiniOzoneClusterImpl-a136b03b-8403-429e-9870-8bf85e606ef3/datanode-2/data-0/containers/hdds/a136b03b-8403-429e-9870-8bf85e606ef3/DS-b01e1509-a2f9-4d19-928f-b41e04015864/container.db to cache
2023-12-26 17:43:08,657 [330054a7-df09-49b5-8777-358ad940382e-EndpointStateMachineTaskThread-/0.0.0.0:15180-0 ] INFO  volume.HddsVolume (HddsVolume.java:createDbStore(422)) - SchemaV3 db is created and loaded at /home/runner/work/ozone/ozone/hadoop-ozone/integration-test/target/test-dir/MiniOzoneClusterImpl-a136b03b-8403-429e-9870-8bf85e606ef3/datanode-2/data-0/containers/hdds/a136b03b-8403-429e-9870-8bf85e606ef3/DS-b01e1509-a2f9-4d19-928f-b41e04015864/container.db for volume DS-b01e1509-a2f9-4d19-928f-b41e04015864
2023-12-26 17:43:08,659 [330054a7-df09-49b5-8777-358ad940382e-EndpointStateMachineTaskThread-/0.0.0.0:15180-0 ] INFO  volume.ThrottledAsyncChecker (ThrottledAsyncChecker.java:schedule(141)) - Scheduling a check for /home/runner/work/ozone/ozone/hadoop-ozone/integration-test/target/test-dir/MiniOzoneClusterImpl-a136b03b-8403-429e-9870-8bf85e606ef3/datanode-2/data-0/containers/hdds
2023-12-26 17:43:08,659 [330054a7-df09-49b5-8777-358ad940382e-EndpointStateMachineTaskThread-/0.0.0.0:15180-0 ] INFO  volume.StorageVolumeChecker (StorageVolumeChecker.java:checkAllVolumes(218)) - Scheduled health check for volume /home/runner/work/ozone/ozone/hadoop-ozone/integration-test/target/test-dir/MiniOzoneClusterImpl-a136b03b-8403-429e-9870-8bf85e606ef3/datanode-2/data-0/containers/hdds
2023-12-26 17:43:08,660 [330054a7-df09-49b5-8777-358ad940382e-EndpointStateMachineTaskThread-/0.0.0.0:15180-0 ] INFO  volume.ThrottledAsyncChecker (ThrottledAsyncChecker.java:schedule(141)) - Scheduling a check for /home/runner/work/ozone/ozone/hadoop-ozone/integration-test/target/test-dir/MiniOzoneClusterImpl-a136b03b-8403-429e-9870-8bf85e606ef3/datanode-2/data/ratis
2023-12-26 17:43:08,660 [330054a7-df09-49b5-8777-358ad940382e-EndpointStateMachineTaskThread-/0.0.0.0:15180-0 ] INFO  volume.StorageVolumeChecker (StorageVolumeChecker.java:checkAllVolumes(218)) - Scheduled health check for volume /home/runner/work/ozone/ozone/hadoop-ozone/integration-test/target/test-dir/MiniOzoneClusterImpl-a136b03b-8403-429e-9870-8bf85e606ef3/datanode-2/data/ratis
2023-12-26 17:43:08,661 [330054a7-df09-49b5-8777-358ad940382e-EndpointStateMachineTaskThread-/0.0.0.0:15180-0 ] INFO  ozoneimpl.OzoneContainer (OzoneContainer.java:start(441)) - Attempting to start container services.
2023-12-26 17:43:08,662 [330054a7-df09-49b5-8777-358ad940382e-EndpointStateMachineTaskThread-/0.0.0.0:15180-0 ] INFO  ozoneimpl.OzoneContainer (OzoneContainer.java:startContainerScrub(337)) - Scheduled background container scanners and the on-demand container scanner have been disabled.
2023-12-26 17:43:08,662 [330054a7-df09-49b5-8777-358ad940382e-EndpointStateMachineTaskThread-/0.0.0.0:15180-0 ] INFO  replication.ReplicationServer (ReplicationServer.java:start(139)) - ReplicationServer is started using port 15212
2023-12-26 17:43:08,662 [330054a7-df09-49b5-8777-358ad940382e-EndpointStateMachineTaskThread-/0.0.0.0:15180-0 ] INFO  ratis.XceiverServerRatis (XceiverServerRatis.java:start(548)) - Starting XceiverServerRatis 330054a7-df09-49b5-8777-358ad940382e
2023-12-26 17:43:08,662 [330054a7-df09-49b5-8777-358ad940382e-EndpointStateMachineTaskThread-/0.0.0.0:15180-0 ] INFO  server.RaftServer (RaftServerProxy.java:startImpl(406)) - 330054a7-df09-49b5-8777-358ad940382e: start RPC server
2023-12-26 17:43:08,663 [330054a7-df09-49b5-8777-358ad940382e-EndpointStateMachineTaskThread-/0.0.0.0:15180-0 ] INFO  server.GrpcService (GrpcService.java:startImpl(302)) - 330054a7-df09-49b5-8777-358ad940382e: GrpcService started, listening on 15208
2023-12-26 17:43:08,663 [330054a7-df09-49b5-8777-358ad940382e-EndpointStateMachineTaskThread-/0.0.0.0:15180-0 ] INFO  server.GrpcService (GrpcService.java:startImpl(302)) - 330054a7-df09-49b5-8777-358ad940382e: GrpcService started, listening on 15210
2023-12-26 17:43:08,663 [330054a7-df09-49b5-8777-358ad940382e-EndpointStateMachineTaskThread-/0.0.0.0:15180-0 ] INFO  server.GrpcService (GrpcService.java:startImpl(302)) - 330054a7-df09-49b5-8777-358ad940382e: GrpcService started, listening on 15209
2023-12-26 17:43:08,663 [330054a7-df09-49b5-8777-358ad940382e-EndpointStateMachineTaskThread-/0.0.0.0:15180-0 ] INFO  ratis.XceiverServerRatis (XceiverServerRatis.java:getRealPort(574)) - XceiverServerRatis 330054a7-df09-49b5-8777-358ad940382e is started using port 15208 for RATIS
2023-12-26 17:43:08,663 [JvmPauseMonitor26] INFO  util.JvmPauseMonitor (JvmPauseMonitor.java:run(146)) - JvmPauseMonitor-330054a7-df09-49b5-8777-358ad940382e: Started
2023-12-26 17:43:08,663 [330054a7-df09-49b5-8777-358ad940382e-EndpointStateMachineTaskThread-/0.0.0.0:15180-0 ] INFO  ratis.XceiverServerRatis (XceiverServerRatis.java:getRealPort(574)) - XceiverServerRatis 330054a7-df09-49b5-8777-358ad940382e is started using port 15209 for RATIS_ADMIN
2023-12-26 17:43:08,664 [330054a7-df09-49b5-8777-358ad940382e-EndpointStateMachineTaskThread-/0.0.0.0:15180-0 ] INFO  ratis.XceiverServerRatis (XceiverServerRatis.java:getRealPort(574)) - XceiverServerRatis 330054a7-df09-49b5-8777-358ad940382e is started using port 15210 for RATIS_SERVER
2023-12-26 17:43:08,664 [330054a7-df09-49b5-8777-358ad940382e-EndpointStateMachineTaskThread-/0.0.0.0:15180-0 ] INFO  ratis.XceiverServerRatis (XceiverServerRatis.java:getRealPort(574)) - XceiverServerRatis 330054a7-df09-49b5-8777-358ad940382e is started using port 15211 for RATIS_DATASTREAM
2023-12-26 17:43:08,665 [330054a7-df09-49b5-8777-358ad940382e-BlockDeletingService#0] INFO  interfaces.ContainerDeletionChoosingPolicyTemplate (ContainerDeletionChoosingPolicyTemplate.java:chooseContainerForBlockDeletion(85)) - Chosen 0/5000 blocks from 0 candidate containers.
2023-12-26 17:43:08,754 [2fdbd8fa-a625-4499-b498-beec3ca4d67d-EndpointStateMachineTaskThread-/0.0.0.0:15180-0 ] INFO  utils.DatanodeStoreCache (DatanodeStoreCache.java:addDB(66)) - Added db /home/runner/work/ozone/ozone/hadoop-ozone/integration-test/target/test-dir/MiniOzoneClusterImpl-a136b03b-8403-429e-9870-8bf85e606ef3/datanode-3/data-0/containers/hdds/a136b03b-8403-429e-9870-8bf85e606ef3/DS-8bd63edd-f1f1-4ba0-8120-30187c86de2b/container.db to cache
2023-12-26 17:43:08,754 [2fdbd8fa-a625-4499-b498-beec3ca4d67d-EndpointStateMachineTaskThread-/0.0.0.0:15180-0 ] INFO  volume.HddsVolume (HddsVolume.java:createDbStore(422)) - SchemaV3 db is created and loaded at /home/runner/work/ozone/ozone/hadoop-ozone/integration-test/target/test-dir/MiniOzoneClusterImpl-a136b03b-8403-429e-9870-8bf85e606ef3/datanode-3/data-0/containers/hdds/a136b03b-8403-429e-9870-8bf85e606ef3/DS-8bd63edd-f1f1-4ba0-8120-30187c86de2b/container.db for volume DS-8bd63edd-f1f1-4ba0-8120-30187c86de2b
2023-12-26 17:43:08,756 [2fdbd8fa-a625-4499-b498-beec3ca4d67d-EndpointStateMachineTaskThread-/0.0.0.0:15180-0 ] INFO  volume.ThrottledAsyncChecker (ThrottledAsyncChecker.java:schedule(141)) - Scheduling a check for /home/runner/work/ozone/ozone/hadoop-ozone/integration-test/target/test-dir/MiniOzoneClusterImpl-a136b03b-8403-429e-9870-8bf85e606ef3/datanode-3/data-0/containers/hdds
2023-12-26 17:43:08,756 [2fdbd8fa-a625-4499-b498-beec3ca4d67d-EndpointStateMachineTaskThread-/0.0.0.0:15180-0 ] INFO  volume.StorageVolumeChecker (StorageVolumeChecker.java:checkAllVolumes(218)) - Scheduled health check for volume /home/runner/work/ozone/ozone/hadoop-ozone/integration-test/target/test-dir/MiniOzoneClusterImpl-a136b03b-8403-429e-9870-8bf85e606ef3/datanode-3/data-0/containers/hdds
2023-12-26 17:43:08,757 [2fdbd8fa-a625-4499-b498-beec3ca4d67d-EndpointStateMachineTaskThread-/0.0.0.0:15180-0 ] INFO  volume.ThrottledAsyncChecker (ThrottledAsyncChecker.java:schedule(141)) - Scheduling a check for /home/runner/work/ozone/ozone/hadoop-ozone/integration-test/target/test-dir/MiniOzoneClusterImpl-a136b03b-8403-429e-9870-8bf85e606ef3/datanode-3/data/ratis
2023-12-26 17:43:08,757 [2fdbd8fa-a625-4499-b498-beec3ca4d67d-EndpointStateMachineTaskThread-/0.0.0.0:15180-0 ] INFO  volume.StorageVolumeChecker (StorageVolumeChecker.java:checkAllVolumes(218)) - Scheduled health check for volume /home/runner/work/ozone/ozone/hadoop-ozone/integration-test/target/test-dir/MiniOzoneClusterImpl-a136b03b-8403-429e-9870-8bf85e606ef3/datanode-3/data/ratis
2023-12-26 17:43:08,758 [2fdbd8fa-a625-4499-b498-beec3ca4d67d-EndpointStateMachineTaskThread-/0.0.0.0:15180-0 ] INFO  ozoneimpl.OzoneContainer (OzoneContainer.java:start(441)) - Attempting to start container services.
2023-12-26 17:43:08,758 [2fdbd8fa-a625-4499-b498-beec3ca4d67d-EndpointStateMachineTaskThread-/0.0.0.0:15180-0 ] INFO  ozoneimpl.OzoneContainer (OzoneContainer.java:startContainerScrub(337)) - Scheduled background container scanners and the on-demand container scanner have been disabled.
2023-12-26 17:43:08,758 [2fdbd8fa-a625-4499-b498-beec3ca4d67d-EndpointStateMachineTaskThread-/0.0.0.0:15180-0 ] INFO  replication.ReplicationServer (ReplicationServer.java:start(139)) - ReplicationServer is started using port 15221
2023-12-26 17:43:08,758 [2fdbd8fa-a625-4499-b498-beec3ca4d67d-EndpointStateMachineTaskThread-/0.0.0.0:15180-0 ] INFO  ratis.XceiverServerRatis (XceiverServerRatis.java:start(548)) - Starting XceiverServerRatis 2fdbd8fa-a625-4499-b498-beec3ca4d67d
2023-12-26 17:43:08,759 [2fdbd8fa-a625-4499-b498-beec3ca4d67d-EndpointStateMachineTaskThread-/0.0.0.0:15180-0 ] INFO  server.RaftServer (RaftServerProxy.java:startImpl(406)) - 2fdbd8fa-a625-4499-b498-beec3ca4d67d: start RPC server
2023-12-26 17:43:08,759 [2fdbd8fa-a625-4499-b498-beec3ca4d67d-EndpointStateMachineTaskThread-/0.0.0.0:15180-0 ] INFO  server.GrpcService (GrpcService.java:startImpl(302)) - 2fdbd8fa-a625-4499-b498-beec3ca4d67d: GrpcService started, listening on 15217
2023-12-26 17:43:08,759 [2fdbd8fa-a625-4499-b498-beec3ca4d67d-EndpointStateMachineTaskThread-/0.0.0.0:15180-0 ] INFO  server.GrpcService (GrpcService.java:startImpl(302)) - 2fdbd8fa-a625-4499-b498-beec3ca4d67d: GrpcService started, listening on 15219
2023-12-26 17:43:08,759 [2fdbd8fa-a625-4499-b498-beec3ca4d67d-EndpointStateMachineTaskThread-/0.0.0.0:15180-0 ] INFO  server.GrpcService (GrpcService.java:startImpl(302)) - 2fdbd8fa-a625-4499-b498-beec3ca4d67d: GrpcService started, listening on 15218
2023-12-26 17:43:08,759 [2fdbd8fa-a625-4499-b498-beec3ca4d67d-EndpointStateMachineTaskThread-/0.0.0.0:15180-0 ] INFO  ratis.XceiverServerRatis (XceiverServerRatis.java:getRealPort(574)) - XceiverServerRatis 2fdbd8fa-a625-4499-b498-beec3ca4d67d is started using port 15217 for RATIS
2023-12-26 17:43:08,760 [2fdbd8fa-a625-4499-b498-beec3ca4d67d-EndpointStateMachineTaskThread-/0.0.0.0:15180-0 ] INFO  ratis.XceiverServerRatis (XceiverServerRatis.java:getRealPort(574)) - XceiverServerRatis 2fdbd8fa-a625-4499-b498-beec3ca4d67d is started using port 15218 for RATIS_ADMIN
2023-12-26 17:43:08,760 [2fdbd8fa-a625-4499-b498-beec3ca4d67d-EndpointStateMachineTaskThread-/0.0.0.0:15180-0 ] INFO  ratis.XceiverServerRatis (XceiverServerRatis.java:getRealPort(574)) - XceiverServerRatis 2fdbd8fa-a625-4499-b498-beec3ca4d67d is started using port 15219 for RATIS_SERVER
2023-12-26 17:43:08,760 [2fdbd8fa-a625-4499-b498-beec3ca4d67d-EndpointStateMachineTaskThread-/0.0.0.0:15180-0 ] INFO  ratis.XceiverServerRatis (XceiverServerRatis.java:getRealPort(574)) - XceiverServerRatis 2fdbd8fa-a625-4499-b498-beec3ca4d67d is started using port 15220 for RATIS_DATASTREAM
2023-12-26 17:43:08,759 [JvmPauseMonitor27] INFO  util.JvmPauseMonitor (JvmPauseMonitor.java:run(146)) - JvmPauseMonitor-2fdbd8fa-a625-4499-b498-beec3ca4d67d: Started
2023-12-26 17:43:08,761 [2fdbd8fa-a625-4499-b498-beec3ca4d67d-BlockDeletingService#0] INFO  interfaces.ContainerDeletionChoosingPolicyTemplate (ContainerDeletionChoosingPolicyTemplate.java:chooseContainerForBlockDeletion(85)) - Chosen 0/5000 blocks from 0 candidate containers.
2023-12-26 17:43:08,856 [51fc6df9-7bd5-4293-8c99-7f2eac1f74df-EndpointStateMachineTaskThread-/0.0.0.0:15180-0 ] INFO  utils.DatanodeStoreCache (DatanodeStoreCache.java:addDB(66)) - Added db /home/runner/work/ozone/ozone/hadoop-ozone/integration-test/target/test-dir/MiniOzoneClusterImpl-a136b03b-8403-429e-9870-8bf85e606ef3/datanode-4/data-0/containers/hdds/a136b03b-8403-429e-9870-8bf85e606ef3/DS-57732ed5-a171-469a-96e1-82f5748bd2c4/container.db to cache
2023-12-26 17:43:08,856 [51fc6df9-7bd5-4293-8c99-7f2eac1f74df-EndpointStateMachineTaskThread-/0.0.0.0:15180-0 ] INFO  volume.HddsVolume (HddsVolume.java:createDbStore(422)) - SchemaV3 db is created and loaded at /home/runner/work/ozone/ozone/hadoop-ozone/integration-test/target/test-dir/MiniOzoneClusterImpl-a136b03b-8403-429e-9870-8bf85e606ef3/datanode-4/data-0/containers/hdds/a136b03b-8403-429e-9870-8bf85e606ef3/DS-57732ed5-a171-469a-96e1-82f5748bd2c4/container.db for volume DS-57732ed5-a171-469a-96e1-82f5748bd2c4
2023-12-26 17:43:08,857 [51fc6df9-7bd5-4293-8c99-7f2eac1f74df-EndpointStateMachineTaskThread-/0.0.0.0:15180-0 ] INFO  volume.ThrottledAsyncChecker (ThrottledAsyncChecker.java:schedule(141)) - Scheduling a check for /home/runner/work/ozone/ozone/hadoop-ozone/integration-test/target/test-dir/MiniOzoneClusterImpl-a136b03b-8403-429e-9870-8bf85e606ef3/datanode-4/data-0/containers/hdds
2023-12-26 17:43:08,858 [51fc6df9-7bd5-4293-8c99-7f2eac1f74df-EndpointStateMachineTaskThread-/0.0.0.0:15180-0 ] INFO  volume.StorageVolumeChecker (StorageVolumeChecker.java:checkAllVolumes(218)) - Scheduled health check for volume /home/runner/work/ozone/ozone/hadoop-ozone/integration-test/target/test-dir/MiniOzoneClusterImpl-a136b03b-8403-429e-9870-8bf85e606ef3/datanode-4/data-0/containers/hdds
2023-12-26 17:43:08,859 [51fc6df9-7bd5-4293-8c99-7f2eac1f74df-EndpointStateMachineTaskThread-/0.0.0.0:15180-0 ] INFO  volume.ThrottledAsyncChecker (ThrottledAsyncChecker.java:schedule(141)) - Scheduling a check for /home/runner/work/ozone/ozone/hadoop-ozone/integration-test/target/test-dir/MiniOzoneClusterImpl-a136b03b-8403-429e-9870-8bf85e606ef3/datanode-4/data/ratis
2023-12-26 17:43:08,859 [51fc6df9-7bd5-4293-8c99-7f2eac1f74df-EndpointStateMachineTaskThread-/0.0.0.0:15180-0 ] INFO  volume.StorageVolumeChecker (StorageVolumeChecker.java:checkAllVolumes(218)) - Scheduled health check for volume /home/runner/work/ozone/ozone/hadoop-ozone/integration-test/target/test-dir/MiniOzoneClusterImpl-a136b03b-8403-429e-9870-8bf85e606ef3/datanode-4/data/ratis
2023-12-26 17:43:08,860 [51fc6df9-7bd5-4293-8c99-7f2eac1f74df-EndpointStateMachineTaskThread-/0.0.0.0:15180-0 ] INFO  ozoneimpl.OzoneContainer (OzoneContainer.java:start(441)) - Attempting to start container services.
2023-12-26 17:43:08,860 [51fc6df9-7bd5-4293-8c99-7f2eac1f74df-EndpointStateMachineTaskThread-/0.0.0.0:15180-0 ] INFO  ozoneimpl.OzoneContainer (OzoneContainer.java:startContainerScrub(337)) - Scheduled background container scanners and the on-demand container scanner have been disabled.
2023-12-26 17:43:08,860 [51fc6df9-7bd5-4293-8c99-7f2eac1f74df-EndpointStateMachineTaskThread-/0.0.0.0:15180-0 ] INFO  replication.ReplicationServer (ReplicationServer.java:start(139)) - ReplicationServer is started using port 15230
2023-12-26 17:43:08,860 [51fc6df9-7bd5-4293-8c99-7f2eac1f74df-EndpointStateMachineTaskThread-/0.0.0.0:15180-0 ] INFO  ratis.XceiverServerRatis (XceiverServerRatis.java:start(548)) - Starting XceiverServerRatis 51fc6df9-7bd5-4293-8c99-7f2eac1f74df
2023-12-26 17:43:08,860 [51fc6df9-7bd5-4293-8c99-7f2eac1f74df-EndpointStateMachineTaskThread-/0.0.0.0:15180-0 ] INFO  server.RaftServer (RaftServerProxy.java:startImpl(406)) - 51fc6df9-7bd5-4293-8c99-7f2eac1f74df: start RPC server
2023-12-26 17:43:08,861 [51fc6df9-7bd5-4293-8c99-7f2eac1f74df-EndpointStateMachineTaskThread-/0.0.0.0:15180-0 ] INFO  server.GrpcService (GrpcService.java:startImpl(302)) - 51fc6df9-7bd5-4293-8c99-7f2eac1f74df: GrpcService started, listening on 15226
2023-12-26 17:43:08,861 [51fc6df9-7bd5-4293-8c99-7f2eac1f74df-EndpointStateMachineTaskThread-/0.0.0.0:15180-0 ] INFO  server.GrpcService (GrpcService.java:startImpl(302)) - 51fc6df9-7bd5-4293-8c99-7f2eac1f74df: GrpcService started, listening on 15228
2023-12-26 17:43:08,861 [51fc6df9-7bd5-4293-8c99-7f2eac1f74df-EndpointStateMachineTaskThread-/0.0.0.0:15180-0 ] INFO  server.GrpcService (GrpcService.java:startImpl(302)) - 51fc6df9-7bd5-4293-8c99-7f2eac1f74df: GrpcService started, listening on 15227
2023-12-26 17:43:08,861 [51fc6df9-7bd5-4293-8c99-7f2eac1f74df-EndpointStateMachineTaskThread-/0.0.0.0:15180-0 ] INFO  ratis.XceiverServerRatis (XceiverServerRatis.java:getRealPort(574)) - XceiverServerRatis 51fc6df9-7bd5-4293-8c99-7f2eac1f74df is started using port 15226 for RATIS
2023-12-26 17:43:08,861 [JvmPauseMonitor28] INFO  util.JvmPauseMonitor (JvmPauseMonitor.java:run(146)) - JvmPauseMonitor-51fc6df9-7bd5-4293-8c99-7f2eac1f74df: Started
2023-12-26 17:43:08,861 [51fc6df9-7bd5-4293-8c99-7f2eac1f74df-EndpointStateMachineTaskThread-/0.0.0.0:15180-0 ] INFO  ratis.XceiverServerRatis (XceiverServerRatis.java:getRealPort(574)) - XceiverServerRatis 51fc6df9-7bd5-4293-8c99-7f2eac1f74df is started using port 15227 for RATIS_ADMIN
2023-12-26 17:43:08,861 [51fc6df9-7bd5-4293-8c99-7f2eac1f74df-EndpointStateMachineTaskThread-/0.0.0.0:15180-0 ] INFO  ratis.XceiverServerRatis (XceiverServerRatis.java:getRealPort(574)) - XceiverServerRatis 51fc6df9-7bd5-4293-8c99-7f2eac1f74df is started using port 15228 for RATIS_SERVER
2023-12-26 17:43:08,861 [51fc6df9-7bd5-4293-8c99-7f2eac1f74df-EndpointStateMachineTaskThread-/0.0.0.0:15180-0 ] INFO  ratis.XceiverServerRatis (XceiverServerRatis.java:getRealPort(574)) - XceiverServerRatis 51fc6df9-7bd5-4293-8c99-7f2eac1f74df is started using port 15229 for RATIS_DATASTREAM
2023-12-26 17:43:08,862 [51fc6df9-7bd5-4293-8c99-7f2eac1f74df-BlockDeletingService#0] INFO  interfaces.ContainerDeletionChoosingPolicyTemplate (ContainerDeletionChoosingPolicyTemplate.java:chooseContainerForBlockDeletion(85)) - Chosen 0/5000 blocks from 0 candidate containers.
2023-12-26 17:43:08,948 [3cf20811-7a7f-4ec1-bb30-7adbebaa785f-EndpointStateMachineTaskThread-/0.0.0.0:15180-0 ] INFO  utils.DatanodeStoreCache (DatanodeStoreCache.java:addDB(66)) - Added db /home/runner/work/ozone/ozone/hadoop-ozone/integration-test/target/test-dir/MiniOzoneClusterImpl-a136b03b-8403-429e-9870-8bf85e606ef3/datanode-5/data-0/containers/hdds/a136b03b-8403-429e-9870-8bf85e606ef3/DS-cb164970-f18c-4302-88e0-fae8fc5d82c5/container.db to cache
2023-12-26 17:43:08,948 [3cf20811-7a7f-4ec1-bb30-7adbebaa785f-EndpointStateMachineTaskThread-/0.0.0.0:15180-0 ] INFO  volume.HddsVolume (HddsVolume.java:createDbStore(422)) - SchemaV3 db is created and loaded at /home/runner/work/ozone/ozone/hadoop-ozone/integration-test/target/test-dir/MiniOzoneClusterImpl-a136b03b-8403-429e-9870-8bf85e606ef3/datanode-5/data-0/containers/hdds/a136b03b-8403-429e-9870-8bf85e606ef3/DS-cb164970-f18c-4302-88e0-fae8fc5d82c5/container.db for volume DS-cb164970-f18c-4302-88e0-fae8fc5d82c5
2023-12-26 17:43:08,949 [3cf20811-7a7f-4ec1-bb30-7adbebaa785f-EndpointStateMachineTaskThread-/0.0.0.0:15180-0 ] INFO  volume.ThrottledAsyncChecker (ThrottledAsyncChecker.java:schedule(141)) - Scheduling a check for /home/runner/work/ozone/ozone/hadoop-ozone/integration-test/target/test-dir/MiniOzoneClusterImpl-a136b03b-8403-429e-9870-8bf85e606ef3/datanode-5/data-0/containers/hdds
2023-12-26 17:43:08,949 [3cf20811-7a7f-4ec1-bb30-7adbebaa785f-EndpointStateMachineTaskThread-/0.0.0.0:15180-0 ] INFO  volume.StorageVolumeChecker (StorageVolumeChecker.java:checkAllVolumes(218)) - Scheduled health check for volume /home/runner/work/ozone/ozone/hadoop-ozone/integration-test/target/test-dir/MiniOzoneClusterImpl-a136b03b-8403-429e-9870-8bf85e606ef3/datanode-5/data-0/containers/hdds
2023-12-26 17:43:08,950 [3cf20811-7a7f-4ec1-bb30-7adbebaa785f-EndpointStateMachineTaskThread-/0.0.0.0:15180-0 ] INFO  volume.ThrottledAsyncChecker (ThrottledAsyncChecker.java:schedule(141)) - Scheduling a check for /home/runner/work/ozone/ozone/hadoop-ozone/integration-test/target/test-dir/MiniOzoneClusterImpl-a136b03b-8403-429e-9870-8bf85e606ef3/datanode-5/data/ratis
2023-12-26 17:43:08,950 [3cf20811-7a7f-4ec1-bb30-7adbebaa785f-EndpointStateMachineTaskThread-/0.0.0.0:15180-0 ] INFO  volume.StorageVolumeChecker (StorageVolumeChecker.java:checkAllVolumes(218)) - Scheduled health check for volume /home/runner/work/ozone/ozone/hadoop-ozone/integration-test/target/test-dir/MiniOzoneClusterImpl-a136b03b-8403-429e-9870-8bf85e606ef3/datanode-5/data/ratis
2023-12-26 17:43:08,951 [3cf20811-7a7f-4ec1-bb30-7adbebaa785f-EndpointStateMachineTaskThread-/0.0.0.0:15180-0 ] INFO  ozoneimpl.OzoneContainer (OzoneContainer.java:start(441)) - Attempting to start container services.
2023-12-26 17:43:08,951 [3cf20811-7a7f-4ec1-bb30-7adbebaa785f-EndpointStateMachineTaskThread-/0.0.0.0:15180-0 ] INFO  ozoneimpl.OzoneContainer (OzoneContainer.java:startContainerScrub(337)) - Scheduled background container scanners and the on-demand container scanner have been disabled.
2023-12-26 17:43:08,952 [3cf20811-7a7f-4ec1-bb30-7adbebaa785f-EndpointStateMachineTaskThread-/0.0.0.0:15180-0 ] INFO  replication.ReplicationServer (ReplicationServer.java:start(139)) - ReplicationServer is started using port 15239
2023-12-26 17:43:08,952 [3cf20811-7a7f-4ec1-bb30-7adbebaa785f-EndpointStateMachineTaskThread-/0.0.0.0:15180-0 ] INFO  ratis.XceiverServerRatis (XceiverServerRatis.java:start(548)) - Starting XceiverServerRatis 3cf20811-7a7f-4ec1-bb30-7adbebaa785f
2023-12-26 17:43:08,952 [3cf20811-7a7f-4ec1-bb30-7adbebaa785f-EndpointStateMachineTaskThread-/0.0.0.0:15180-0 ] INFO  server.RaftServer (RaftServerProxy.java:startImpl(406)) - 3cf20811-7a7f-4ec1-bb30-7adbebaa785f: start RPC server
2023-12-26 17:43:08,952 [3cf20811-7a7f-4ec1-bb30-7adbebaa785f-EndpointStateMachineTaskThread-/0.0.0.0:15180-0 ] INFO  server.GrpcService (GrpcService.java:startImpl(302)) - 3cf20811-7a7f-4ec1-bb30-7adbebaa785f: GrpcService started, listening on 15235
2023-12-26 17:43:08,953 [3cf20811-7a7f-4ec1-bb30-7adbebaa785f-EndpointStateMachineTaskThread-/0.0.0.0:15180-0 ] INFO  server.GrpcService (GrpcService.java:startImpl(302)) - 3cf20811-7a7f-4ec1-bb30-7adbebaa785f: GrpcService started, listening on 15237
2023-12-26 17:43:08,953 [3cf20811-7a7f-4ec1-bb30-7adbebaa785f-EndpointStateMachineTaskThread-/0.0.0.0:15180-0 ] INFO  server.GrpcService (GrpcService.java:startImpl(302)) - 3cf20811-7a7f-4ec1-bb30-7adbebaa785f: GrpcService started, listening on 15236
2023-12-26 17:43:08,953 [3cf20811-7a7f-4ec1-bb30-7adbebaa785f-EndpointStateMachineTaskThread-/0.0.0.0:15180-0 ] INFO  ratis.XceiverServerRatis (XceiverServerRatis.java:getRealPort(574)) - XceiverServerRatis 3cf20811-7a7f-4ec1-bb30-7adbebaa785f is started using port 15235 for RATIS
2023-12-26 17:43:08,953 [JvmPauseMonitor29] INFO  util.JvmPauseMonitor (JvmPauseMonitor.java:run(146)) - JvmPauseMonitor-3cf20811-7a7f-4ec1-bb30-7adbebaa785f: Started
2023-12-26 17:43:08,953 [3cf20811-7a7f-4ec1-bb30-7adbebaa785f-EndpointStateMachineTaskThread-/0.0.0.0:15180-0 ] INFO  ratis.XceiverServerRatis (XceiverServerRatis.java:getRealPort(574)) - XceiverServerRatis 3cf20811-7a7f-4ec1-bb30-7adbebaa785f is started using port 15236 for RATIS_ADMIN
2023-12-26 17:43:08,953 [3cf20811-7a7f-4ec1-bb30-7adbebaa785f-EndpointStateMachineTaskThread-/0.0.0.0:15180-0 ] INFO  ratis.XceiverServerRatis (XceiverServerRatis.java:getRealPort(574)) - XceiverServerRatis 3cf20811-7a7f-4ec1-bb30-7adbebaa785f is started using port 15237 for RATIS_SERVER
2023-12-26 17:43:08,953 [3cf20811-7a7f-4ec1-bb30-7adbebaa785f-EndpointStateMachineTaskThread-/0.0.0.0:15180-0 ] INFO  ratis.XceiverServerRatis (XceiverServerRatis.java:getRealPort(574)) - XceiverServerRatis 3cf20811-7a7f-4ec1-bb30-7adbebaa785f is started using port 15238 for RATIS_DATASTREAM
2023-12-26 17:43:08,954 [3cf20811-7a7f-4ec1-bb30-7adbebaa785f-BlockDeletingService#0] INFO  interfaces.ContainerDeletionChoosingPolicyTemplate (ContainerDeletionChoosingPolicyTemplate.java:chooseContainerForBlockDeletion(85)) - Chosen 0/5000 blocks from 0 candidate containers.
2023-12-26 17:43:09,076 [9041b40e-5b92-449e-aa66-a19f39177033-EndpointStateMachineTaskThread-/0.0.0.0:15180-0 ] INFO  utils.DatanodeStoreCache (DatanodeStoreCache.java:addDB(66)) - Added db /home/runner/work/ozone/ozone/hadoop-ozone/integration-test/target/test-dir/MiniOzoneClusterImpl-a136b03b-8403-429e-9870-8bf85e606ef3/datanode-6/data-0/containers/hdds/a136b03b-8403-429e-9870-8bf85e606ef3/DS-3269408c-7d20-4cfc-a85a-d535d8fe7067/container.db to cache
2023-12-26 17:43:09,076 [9041b40e-5b92-449e-aa66-a19f39177033-EndpointStateMachineTaskThread-/0.0.0.0:15180-0 ] INFO  volume.HddsVolume (HddsVolume.java:createDbStore(422)) - SchemaV3 db is created and loaded at /home/runner/work/ozone/ozone/hadoop-ozone/integration-test/target/test-dir/MiniOzoneClusterImpl-a136b03b-8403-429e-9870-8bf85e606ef3/datanode-6/data-0/containers/hdds/a136b03b-8403-429e-9870-8bf85e606ef3/DS-3269408c-7d20-4cfc-a85a-d535d8fe7067/container.db for volume DS-3269408c-7d20-4cfc-a85a-d535d8fe7067
2023-12-26 17:43:09,078 [9041b40e-5b92-449e-aa66-a19f39177033-EndpointStateMachineTaskThread-/0.0.0.0:15180-0 ] INFO  volume.ThrottledAsyncChecker (ThrottledAsyncChecker.java:schedule(141)) - Scheduling a check for /home/runner/work/ozone/ozone/hadoop-ozone/integration-test/target/test-dir/MiniOzoneClusterImpl-a136b03b-8403-429e-9870-8bf85e606ef3/datanode-6/data-0/containers/hdds
2023-12-26 17:43:09,078 [9041b40e-5b92-449e-aa66-a19f39177033-EndpointStateMachineTaskThread-/0.0.0.0:15180-0 ] INFO  volume.StorageVolumeChecker (StorageVolumeChecker.java:checkAllVolumes(218)) - Scheduled health check for volume /home/runner/work/ozone/ozone/hadoop-ozone/integration-test/target/test-dir/MiniOzoneClusterImpl-a136b03b-8403-429e-9870-8bf85e606ef3/datanode-6/data-0/containers/hdds
2023-12-26 17:43:09,079 [9041b40e-5b92-449e-aa66-a19f39177033-EndpointStateMachineTaskThread-/0.0.0.0:15180-0 ] INFO  volume.ThrottledAsyncChecker (ThrottledAsyncChecker.java:schedule(141)) - Scheduling a check for /home/runner/work/ozone/ozone/hadoop-ozone/integration-test/target/test-dir/MiniOzoneClusterImpl-a136b03b-8403-429e-9870-8bf85e606ef3/datanode-6/data/ratis
2023-12-26 17:43:09,079 [9041b40e-5b92-449e-aa66-a19f39177033-EndpointStateMachineTaskThread-/0.0.0.0:15180-0 ] INFO  volume.StorageVolumeChecker (StorageVolumeChecker.java:checkAllVolumes(218)) - Scheduled health check for volume /home/runner/work/ozone/ozone/hadoop-ozone/integration-test/target/test-dir/MiniOzoneClusterImpl-a136b03b-8403-429e-9870-8bf85e606ef3/datanode-6/data/ratis
2023-12-26 17:43:09,080 [9041b40e-5b92-449e-aa66-a19f39177033-EndpointStateMachineTaskThread-/0.0.0.0:15180-0 ] INFO  ozoneimpl.OzoneContainer (OzoneContainer.java:start(441)) - Attempting to start container services.
2023-12-26 17:43:09,080 [9041b40e-5b92-449e-aa66-a19f39177033-EndpointStateMachineTaskThread-/0.0.0.0:15180-0 ] INFO  ozoneimpl.OzoneContainer (OzoneContainer.java:startContainerScrub(337)) - Scheduled background container scanners and the on-demand container scanner have been disabled.
2023-12-26 17:43:09,081 [9041b40e-5b92-449e-aa66-a19f39177033-EndpointStateMachineTaskThread-/0.0.0.0:15180-0 ] INFO  replication.ReplicationServer (ReplicationServer.java:start(139)) - ReplicationServer is started using port 15248
2023-12-26 17:43:09,081 [9041b40e-5b92-449e-aa66-a19f39177033-EndpointStateMachineTaskThread-/0.0.0.0:15180-0 ] INFO  ratis.XceiverServerRatis (XceiverServerRatis.java:start(548)) - Starting XceiverServerRatis 9041b40e-5b92-449e-aa66-a19f39177033
2023-12-26 17:43:09,081 [9041b40e-5b92-449e-aa66-a19f39177033-EndpointStateMachineTaskThread-/0.0.0.0:15180-0 ] INFO  server.RaftServer (RaftServerProxy.java:startImpl(406)) - 9041b40e-5b92-449e-aa66-a19f39177033: start RPC server
2023-12-26 17:43:09,081 [9041b40e-5b92-449e-aa66-a19f39177033-EndpointStateMachineTaskThread-/0.0.0.0:15180-0 ] INFO  server.GrpcService (GrpcService.java:startImpl(302)) - 9041b40e-5b92-449e-aa66-a19f39177033: GrpcService started, listening on 15244
2023-12-26 17:43:09,082 [9041b40e-5b92-449e-aa66-a19f39177033-EndpointStateMachineTaskThread-/0.0.0.0:15180-0 ] INFO  server.GrpcService (GrpcService.java:startImpl(302)) - 9041b40e-5b92-449e-aa66-a19f39177033: GrpcService started, listening on 15246
2023-12-26 17:43:09,082 [9041b40e-5b92-449e-aa66-a19f39177033-EndpointStateMachineTaskThread-/0.0.0.0:15180-0 ] INFO  server.GrpcService (GrpcService.java:startImpl(302)) - 9041b40e-5b92-449e-aa66-a19f39177033: GrpcService started, listening on 15245
2023-12-26 17:43:09,083 [9041b40e-5b92-449e-aa66-a19f39177033-EndpointStateMachineTaskThread-/0.0.0.0:15180-0 ] INFO  ratis.XceiverServerRatis (XceiverServerRatis.java:getRealPort(574)) - XceiverServerRatis 9041b40e-5b92-449e-aa66-a19f39177033 is started using port 15244 for RATIS
2023-12-26 17:43:09,083 [JvmPauseMonitor30] INFO  util.JvmPauseMonitor (JvmPauseMonitor.java:run(146)) - JvmPauseMonitor-9041b40e-5b92-449e-aa66-a19f39177033: Started
2023-12-26 17:43:09,083 [9041b40e-5b92-449e-aa66-a19f39177033-EndpointStateMachineTaskThread-/0.0.0.0:15180-0 ] INFO  ratis.XceiverServerRatis (XceiverServerRatis.java:getRealPort(574)) - XceiverServerRatis 9041b40e-5b92-449e-aa66-a19f39177033 is started using port 15245 for RATIS_ADMIN
2023-12-26 17:43:09,083 [9041b40e-5b92-449e-aa66-a19f39177033-EndpointStateMachineTaskThread-/0.0.0.0:15180-0 ] INFO  ratis.XceiverServerRatis (XceiverServerRatis.java:getRealPort(574)) - XceiverServerRatis 9041b40e-5b92-449e-aa66-a19f39177033 is started using port 15246 for RATIS_SERVER
2023-12-26 17:43:09,083 [9041b40e-5b92-449e-aa66-a19f39177033-EndpointStateMachineTaskThread-/0.0.0.0:15180-0 ] INFO  ratis.XceiverServerRatis (XceiverServerRatis.java:getRealPort(574)) - XceiverServerRatis 9041b40e-5b92-449e-aa66-a19f39177033 is started using port 15247 for RATIS_DATASTREAM
2023-12-26 17:43:09,085 [9041b40e-5b92-449e-aa66-a19f39177033-BlockDeletingService#0] INFO  interfaces.ContainerDeletionChoosingPolicyTemplate (ContainerDeletionChoosingPolicyTemplate.java:chooseContainerForBlockDeletion(85)) - Chosen 0/5000 blocks from 0 candidate containers.
2023-12-26 17:43:09,189 [3d5bb137-3be5-4706-af5d-ee5f1bcd8429-EndpointStateMachineTaskThread-/0.0.0.0:15180-0 ] INFO  utils.DatanodeStoreCache (DatanodeStoreCache.java:addDB(66)) - Added db /home/runner/work/ozone/ozone/hadoop-ozone/integration-test/target/test-dir/MiniOzoneClusterImpl-a136b03b-8403-429e-9870-8bf85e606ef3/datanode-7/data-0/containers/hdds/a136b03b-8403-429e-9870-8bf85e606ef3/DS-95489a6c-5b1e-4de9-9204-0097c49c7dff/container.db to cache
2023-12-26 17:43:09,189 [3d5bb137-3be5-4706-af5d-ee5f1bcd8429-EndpointStateMachineTaskThread-/0.0.0.0:15180-0 ] INFO  volume.HddsVolume (HddsVolume.java:createDbStore(422)) - SchemaV3 db is created and loaded at /home/runner/work/ozone/ozone/hadoop-ozone/integration-test/target/test-dir/MiniOzoneClusterImpl-a136b03b-8403-429e-9870-8bf85e606ef3/datanode-7/data-0/containers/hdds/a136b03b-8403-429e-9870-8bf85e606ef3/DS-95489a6c-5b1e-4de9-9204-0097c49c7dff/container.db for volume DS-95489a6c-5b1e-4de9-9204-0097c49c7dff
2023-12-26 17:43:09,190 [3d5bb137-3be5-4706-af5d-ee5f1bcd8429-EndpointStateMachineTaskThread-/0.0.0.0:15180-0 ] INFO  volume.ThrottledAsyncChecker (ThrottledAsyncChecker.java:schedule(141)) - Scheduling a check for /home/runner/work/ozone/ozone/hadoop-ozone/integration-test/target/test-dir/MiniOzoneClusterImpl-a136b03b-8403-429e-9870-8bf85e606ef3/datanode-7/data-0/containers/hdds
2023-12-26 17:43:09,191 [3d5bb137-3be5-4706-af5d-ee5f1bcd8429-EndpointStateMachineTaskThread-/0.0.0.0:15180-0 ] INFO  volume.StorageVolumeChecker (StorageVolumeChecker.java:checkAllVolumes(218)) - Scheduled health check for volume /home/runner/work/ozone/ozone/hadoop-ozone/integration-test/target/test-dir/MiniOzoneClusterImpl-a136b03b-8403-429e-9870-8bf85e606ef3/datanode-7/data-0/containers/hdds
2023-12-26 17:43:09,192 [3d5bb137-3be5-4706-af5d-ee5f1bcd8429-EndpointStateMachineTaskThread-/0.0.0.0:15180-0 ] INFO  volume.ThrottledAsyncChecker (ThrottledAsyncChecker.java:schedule(141)) - Scheduling a check for /home/runner/work/ozone/ozone/hadoop-ozone/integration-test/target/test-dir/MiniOzoneClusterImpl-a136b03b-8403-429e-9870-8bf85e606ef3/datanode-7/data/ratis
2023-12-26 17:43:09,192 [3d5bb137-3be5-4706-af5d-ee5f1bcd8429-EndpointStateMachineTaskThread-/0.0.0.0:15180-0 ] INFO  volume.StorageVolumeChecker (StorageVolumeChecker.java:checkAllVolumes(218)) - Scheduled health check for volume /home/runner/work/ozone/ozone/hadoop-ozone/integration-test/target/test-dir/MiniOzoneClusterImpl-a136b03b-8403-429e-9870-8bf85e606ef3/datanode-7/data/ratis
2023-12-26 17:43:09,193 [3d5bb137-3be5-4706-af5d-ee5f1bcd8429-EndpointStateMachineTaskThread-/0.0.0.0:15180-0 ] INFO  ozoneimpl.OzoneContainer (OzoneContainer.java:start(441)) - Attempting to start container services.
2023-12-26 17:43:09,193 [3d5bb137-3be5-4706-af5d-ee5f1bcd8429-EndpointStateMachineTaskThread-/0.0.0.0:15180-0 ] INFO  ozoneimpl.OzoneContainer (OzoneContainer.java:startContainerScrub(337)) - Scheduled background container scanners and the on-demand container scanner have been disabled.
2023-12-26 17:43:09,193 [3d5bb137-3be5-4706-af5d-ee5f1bcd8429-EndpointStateMachineTaskThread-/0.0.0.0:15180-0 ] INFO  replication.ReplicationServer (ReplicationServer.java:start(139)) - ReplicationServer is started using port 15257
2023-12-26 17:43:09,193 [3d5bb137-3be5-4706-af5d-ee5f1bcd8429-EndpointStateMachineTaskThread-/0.0.0.0:15180-0 ] INFO  ratis.XceiverServerRatis (XceiverServerRatis.java:start(548)) - Starting XceiverServerRatis 3d5bb137-3be5-4706-af5d-ee5f1bcd8429
2023-12-26 17:43:09,194 [3d5bb137-3be5-4706-af5d-ee5f1bcd8429-EndpointStateMachineTaskThread-/0.0.0.0:15180-0 ] INFO  server.RaftServer (RaftServerProxy.java:startImpl(406)) - 3d5bb137-3be5-4706-af5d-ee5f1bcd8429: start RPC server
2023-12-26 17:43:09,194 [3d5bb137-3be5-4706-af5d-ee5f1bcd8429-EndpointStateMachineTaskThread-/0.0.0.0:15180-0 ] INFO  server.GrpcService (GrpcService.java:startImpl(302)) - 3d5bb137-3be5-4706-af5d-ee5f1bcd8429: GrpcService started, listening on 15253
2023-12-26 17:43:09,195 [3d5bb137-3be5-4706-af5d-ee5f1bcd8429-EndpointStateMachineTaskThread-/0.0.0.0:15180-0 ] INFO  server.GrpcService (GrpcService.java:startImpl(302)) - 3d5bb137-3be5-4706-af5d-ee5f1bcd8429: GrpcService started, listening on 15255
2023-12-26 17:43:09,195 [3d5bb137-3be5-4706-af5d-ee5f1bcd8429-EndpointStateMachineTaskThread-/0.0.0.0:15180-0 ] INFO  server.GrpcService (GrpcService.java:startImpl(302)) - 3d5bb137-3be5-4706-af5d-ee5f1bcd8429: GrpcService started, listening on 15254
2023-12-26 17:43:09,195 [3d5bb137-3be5-4706-af5d-ee5f1bcd8429-EndpointStateMachineTaskThread-/0.0.0.0:15180-0 ] INFO  ratis.XceiverServerRatis (XceiverServerRatis.java:getRealPort(574)) - XceiverServerRatis 3d5bb137-3be5-4706-af5d-ee5f1bcd8429 is started using port 15253 for RATIS
2023-12-26 17:43:09,195 [3d5bb137-3be5-4706-af5d-ee5f1bcd8429-EndpointStateMachineTaskThread-/0.0.0.0:15180-0 ] INFO  ratis.XceiverServerRatis (XceiverServerRatis.java:getRealPort(574)) - XceiverServerRatis 3d5bb137-3be5-4706-af5d-ee5f1bcd8429 is started using port 15254 for RATIS_ADMIN
2023-12-26 17:43:09,195 [3d5bb137-3be5-4706-af5d-ee5f1bcd8429-EndpointStateMachineTaskThread-/0.0.0.0:15180-0 ] INFO  ratis.XceiverServerRatis (XceiverServerRatis.java:getRealPort(574)) - XceiverServerRatis 3d5bb137-3be5-4706-af5d-ee5f1bcd8429 is started using port 15255 for RATIS_SERVER
2023-12-26 17:43:09,195 [3d5bb137-3be5-4706-af5d-ee5f1bcd8429-EndpointStateMachineTaskThread-/0.0.0.0:15180-0 ] INFO  ratis.XceiverServerRatis (XceiverServerRatis.java:getRealPort(574)) - XceiverServerRatis 3d5bb137-3be5-4706-af5d-ee5f1bcd8429 is started using port 15256 for RATIS_DATASTREAM
2023-12-26 17:43:09,195 [JvmPauseMonitor31] INFO  util.JvmPauseMonitor (JvmPauseMonitor.java:run(146)) - JvmPauseMonitor-3d5bb137-3be5-4706-af5d-ee5f1bcd8429: Started
2023-12-26 17:43:09,197 [3d5bb137-3be5-4706-af5d-ee5f1bcd8429-BlockDeletingService#0] INFO  interfaces.ContainerDeletionChoosingPolicyTemplate (ContainerDeletionChoosingPolicyTemplate.java:chooseContainerForBlockDeletion(85)) - Chosen 0/5000 blocks from 0 candidate containers.
2023-12-26 17:43:09,273 [main] INFO  ozone.MiniOzoneClusterImpl (MiniOzoneClusterImpl.java:lambda$waitForClusterToBeReady$0(230)) - Waiting for nodes to be ready. Got 0 of 9 DN Heartbeats.
2023-12-26 17:43:09,273 [main] INFO  ozone.MiniOzoneClusterImpl (MiniOzoneClusterImpl.java:lambda$waitForClusterToBeReady$0(233)) - Waiting for cluster to exit safe mode
2023-12-26 17:43:09,273 [main] INFO  ozone.MiniOzoneClusterImpl (MiniOzoneClusterImpl.java:lambda$waitForClusterToBeReady$0(235)) - SCM became leader
2023-12-26 17:43:09,302 [5acb06d6-75fa-434d-a16a-f6192aa7de69-EndpointStateMachineTaskThread-/0.0.0.0:15180-0 ] INFO  utils.DatanodeStoreCache (DatanodeStoreCache.java:addDB(66)) - Added db /home/runner/work/ozone/ozone/hadoop-ozone/integration-test/target/test-dir/MiniOzoneClusterImpl-a136b03b-8403-429e-9870-8bf85e606ef3/datanode-8/data-0/containers/hdds/a136b03b-8403-429e-9870-8bf85e606ef3/DS-45c6c80d-5d91-427e-bcae-3f3224a08e99/container.db to cache
2023-12-26 17:43:09,302 [5acb06d6-75fa-434d-a16a-f6192aa7de69-EndpointStateMachineTaskThread-/0.0.0.0:15180-0 ] INFO  volume.HddsVolume (HddsVolume.java:createDbStore(422)) - SchemaV3 db is created and loaded at /home/runner/work/ozone/ozone/hadoop-ozone/integration-test/target/test-dir/MiniOzoneClusterImpl-a136b03b-8403-429e-9870-8bf85e606ef3/datanode-8/data-0/containers/hdds/a136b03b-8403-429e-9870-8bf85e606ef3/DS-45c6c80d-5d91-427e-bcae-3f3224a08e99/container.db for volume DS-45c6c80d-5d91-427e-bcae-3f3224a08e99
2023-12-26 17:43:09,303 [5acb06d6-75fa-434d-a16a-f6192aa7de69-EndpointStateMachineTaskThread-/0.0.0.0:15180-0 ] INFO  volume.ThrottledAsyncChecker (ThrottledAsyncChecker.java:schedule(141)) - Scheduling a check for /home/runner/work/ozone/ozone/hadoop-ozone/integration-test/target/test-dir/MiniOzoneClusterImpl-a136b03b-8403-429e-9870-8bf85e606ef3/datanode-8/data-0/containers/hdds
2023-12-26 17:43:09,304 [5acb06d6-75fa-434d-a16a-f6192aa7de69-EndpointStateMachineTaskThread-/0.0.0.0:15180-0 ] INFO  volume.StorageVolumeChecker (StorageVolumeChecker.java:checkAllVolumes(218)) - Scheduled health check for volume /home/runner/work/ozone/ozone/hadoop-ozone/integration-test/target/test-dir/MiniOzoneClusterImpl-a136b03b-8403-429e-9870-8bf85e606ef3/datanode-8/data-0/containers/hdds
2023-12-26 17:43:09,305 [5acb06d6-75fa-434d-a16a-f6192aa7de69-EndpointStateMachineTaskThread-/0.0.0.0:15180-0 ] INFO  volume.ThrottledAsyncChecker (ThrottledAsyncChecker.java:schedule(141)) - Scheduling a check for /home/runner/work/ozone/ozone/hadoop-ozone/integration-test/target/test-dir/MiniOzoneClusterImpl-a136b03b-8403-429e-9870-8bf85e606ef3/datanode-8/data/ratis
2023-12-26 17:43:09,305 [5acb06d6-75fa-434d-a16a-f6192aa7de69-EndpointStateMachineTaskThread-/0.0.0.0:15180-0 ] INFO  volume.StorageVolumeChecker (StorageVolumeChecker.java:checkAllVolumes(218)) - Scheduled health check for volume /home/runner/work/ozone/ozone/hadoop-ozone/integration-test/target/test-dir/MiniOzoneClusterImpl-a136b03b-8403-429e-9870-8bf85e606ef3/datanode-8/data/ratis
2023-12-26 17:43:09,305 [5acb06d6-75fa-434d-a16a-f6192aa7de69-EndpointStateMachineTaskThread-/0.0.0.0:15180-0 ] INFO  ozoneimpl.OzoneContainer (OzoneContainer.java:start(441)) - Attempting to start container services.
2023-12-26 17:43:09,306 [5acb06d6-75fa-434d-a16a-f6192aa7de69-EndpointStateMachineTaskThread-/0.0.0.0:15180-0 ] INFO  ozoneimpl.OzoneContainer (OzoneContainer.java:startContainerScrub(337)) - Scheduled background container scanners and the on-demand container scanner have been disabled.
2023-12-26 17:43:09,306 [5acb06d6-75fa-434d-a16a-f6192aa7de69-EndpointStateMachineTaskThread-/0.0.0.0:15180-0 ] INFO  replication.ReplicationServer (ReplicationServer.java:start(139)) - ReplicationServer is started using port 15266
2023-12-26 17:43:09,306 [5acb06d6-75fa-434d-a16a-f6192aa7de69-EndpointStateMachineTaskThread-/0.0.0.0:15180-0 ] INFO  ratis.XceiverServerRatis (XceiverServerRatis.java:start(548)) - Starting XceiverServerRatis 5acb06d6-75fa-434d-a16a-f6192aa7de69
2023-12-26 17:43:09,306 [5acb06d6-75fa-434d-a16a-f6192aa7de69-EndpointStateMachineTaskThread-/0.0.0.0:15180-0 ] INFO  server.RaftServer (RaftServerProxy.java:startImpl(406)) - 5acb06d6-75fa-434d-a16a-f6192aa7de69: start RPC server
2023-12-26 17:43:09,307 [5acb06d6-75fa-434d-a16a-f6192aa7de69-EndpointStateMachineTaskThread-/0.0.0.0:15180-0 ] INFO  server.GrpcService (GrpcService.java:startImpl(302)) - 5acb06d6-75fa-434d-a16a-f6192aa7de69: GrpcService started, listening on 15262
2023-12-26 17:43:09,307 [5acb06d6-75fa-434d-a16a-f6192aa7de69-EndpointStateMachineTaskThread-/0.0.0.0:15180-0 ] INFO  server.GrpcService (GrpcService.java:startImpl(302)) - 5acb06d6-75fa-434d-a16a-f6192aa7de69: GrpcService started, listening on 15264
2023-12-26 17:43:09,307 [5acb06d6-75fa-434d-a16a-f6192aa7de69-EndpointStateMachineTaskThread-/0.0.0.0:15180-0 ] INFO  server.GrpcService (GrpcService.java:startImpl(302)) - 5acb06d6-75fa-434d-a16a-f6192aa7de69: GrpcService started, listening on 15263
2023-12-26 17:43:09,307 [5acb06d6-75fa-434d-a16a-f6192aa7de69-EndpointStateMachineTaskThread-/0.0.0.0:15180-0 ] INFO  ratis.XceiverServerRatis (XceiverServerRatis.java:getRealPort(574)) - XceiverServerRatis 5acb06d6-75fa-434d-a16a-f6192aa7de69 is started using port 15262 for RATIS
2023-12-26 17:43:09,307 [JvmPauseMonitor32] INFO  util.JvmPauseMonitor (JvmPauseMonitor.java:run(146)) - JvmPauseMonitor-5acb06d6-75fa-434d-a16a-f6192aa7de69: Started
2023-12-26 17:43:09,307 [5acb06d6-75fa-434d-a16a-f6192aa7de69-EndpointStateMachineTaskThread-/0.0.0.0:15180-0 ] INFO  ratis.XceiverServerRatis (XceiverServerRatis.java:getRealPort(574)) - XceiverServerRatis 5acb06d6-75fa-434d-a16a-f6192aa7de69 is started using port 15263 for RATIS_ADMIN
2023-12-26 17:43:09,307 [5acb06d6-75fa-434d-a16a-f6192aa7de69-EndpointStateMachineTaskThread-/0.0.0.0:15180-0 ] INFO  ratis.XceiverServerRatis (XceiverServerRatis.java:getRealPort(574)) - XceiverServerRatis 5acb06d6-75fa-434d-a16a-f6192aa7de69 is started using port 15264 for RATIS_SERVER
2023-12-26 17:43:09,307 [5acb06d6-75fa-434d-a16a-f6192aa7de69-EndpointStateMachineTaskThread-/0.0.0.0:15180-0 ] INFO  ratis.XceiverServerRatis (XceiverServerRatis.java:getRealPort(574)) - XceiverServerRatis 5acb06d6-75fa-434d-a16a-f6192aa7de69 is started using port 15265 for RATIS_DATASTREAM
2023-12-26 17:43:09,308 [5acb06d6-75fa-434d-a16a-f6192aa7de69-BlockDeletingService#0] INFO  interfaces.ContainerDeletionChoosingPolicyTemplate (ContainerDeletionChoosingPolicyTemplate.java:chooseContainerForBlockDeletion(85)) - Chosen 0/5000 blocks from 0 candidate containers.
2023-12-26 17:43:10,274 [main] INFO  ozone.MiniOzoneClusterImpl (MiniOzoneClusterImpl.java:lambda$waitForClusterToBeReady$0(230)) - Waiting for nodes to be ready. Got 0 of 9 DN Heartbeats.
2023-12-26 17:43:10,274 [main] INFO  ozone.MiniOzoneClusterImpl (MiniOzoneClusterImpl.java:lambda$waitForClusterToBeReady$0(233)) - Waiting for cluster to exit safe mode
2023-12-26 17:43:10,274 [main] INFO  ozone.MiniOzoneClusterImpl (MiniOzoneClusterImpl.java:lambda$waitForClusterToBeReady$0(235)) - SCM became leader
2023-12-26 17:43:10,425 [IPC Server handler 5 on default port 15180] INFO  net.NetworkTopologyImpl (NetworkTopologyImpl.java:add(124)) - Added a new node: /default-rack/2600465e-836b-4590-acf2-1a77fd870a2a
2023-12-26 17:43:10,425 [IPC Server handler 5 on default port 15180] INFO  node.SCMNodeManager (SCMNodeManager.java:register(417)) - Registered datanode: 2600465e-836b-4590-acf2-1a77fd870a2a{ip: 10.1.0.4, host: fv-az1381-115, ports: [HTTP=15187, CLIENT_RPC=15188, REPLICATION=15194, RATIS=15190, RATIS_ADMIN=15191, RATIS_SERVER=15192, RATIS_DATASTREAM=15193, STANDALONE=15189], networkLocation: /default-rack, certSerialId: null, persistedOpState: null, persistedOpStateExpiryEpochSec: 0}
2023-12-26 17:43:10,427 [EventQueue-NewNodeForNewNodeHandler] INFO  pipeline.BackgroundPipelineCreator (BackgroundPipelineCreator.java:notifyEventTriggered(280)) - trigger a one-shot run on RatisPipelineUtilsThread.
2023-12-26 17:43:10,427 [EventQueue-NodeRegistrationContainerReportForDataNodeSafeModeRule] INFO  safemode.SCMSafeModeManager (DataNodeSafeModeRule.java:process(71)) - SCM in safe mode. 1 DataNodes registered, 3 required.
2023-12-26 17:43:10,428 [EventQueue-NodeRegistrationContainerReportForContainerSafeModeRule] INFO  safemode.SCMSafeModeManager (SCMSafeModeManager.java:validateSafeModeExitRules(200)) - ContainerSafeModeRule rule is successfully validated
2023-12-26 17:43:10,428 [RatisPipelineUtilsThread-0] INFO  pipeline.RatisPipelineProvider (RatisPipelineProvider.java:lambda$create$0(206)) - Sending CreatePipelineCommand for pipeline:PipelineID=1d312c80-c577-4afe-adf9-a589d40a8198 to datanode:2600465e-836b-4590-acf2-1a77fd870a2a
2023-12-26 17:43:10,429 [EventQueue-PipelineReportForOneReplicaPipelineSafeModeRule] INFO  safemode.SCMSafeModeManager (SCMSafeModeManager.java:validateSafeModeExitRules(200)) - AtleastOneDatanodeReportedRule rule is successfully validated
2023-12-26 17:43:10,429 [RatisPipelineUtilsThread-0] INFO  pipeline.BackgroundPipelineCreator (BackgroundPipelineCreator.java:createPipelines(236)) - Created new pipeline Pipeline[ Id: 1d312c80-c577-4afe-adf9-a589d40a8198, Nodes: 2600465e-836b-4590-acf2-1a77fd870a2a(fv-az1381-115/10.1.0.4), ReplicationConfig: RATIS/ONE, State:ALLOCATED, leaderId:, CreationTimestamp2023-12-26T17:43:10.428Z[Etc/UTC]]
2023-12-26 17:43:10,537 [IPC Server handler 6 on default port 15180] INFO  net.NetworkTopologyImpl (NetworkTopologyImpl.java:add(124)) - Added a new node: /default-rack/3e443a17-2359-4412-bc58-72a30bb0f716
2023-12-26 17:43:10,537 [IPC Server handler 6 on default port 15180] INFO  node.SCMNodeManager (SCMNodeManager.java:register(417)) - Registered datanode: 3e443a17-2359-4412-bc58-72a30bb0f716{ip: 10.1.0.4, host: fv-az1381-115, ports: [HTTP=15196, CLIENT_RPC=15197, REPLICATION=15203, RATIS=15199, RATIS_ADMIN=15200, RATIS_SERVER=15201, RATIS_DATASTREAM=15202, STANDALONE=15198], networkLocation: /default-rack, certSerialId: null, persistedOpState: null, persistedOpStateExpiryEpochSec: 0}
2023-12-26 17:43:10,538 [EventQueue-NodeRegistrationContainerReportForDataNodeSafeModeRule] INFO  safemode.SCMSafeModeManager (DataNodeSafeModeRule.java:process(71)) - SCM in safe mode. 2 DataNodes registered, 3 required.
2023-12-26 17:43:10,539 [EventQueue-NewNodeForNewNodeHandler] INFO  pipeline.BackgroundPipelineCreator (BackgroundPipelineCreator.java:notifyEventTriggered(280)) - trigger a one-shot run on RatisPipelineUtilsThread.
2023-12-26 17:43:10,539 [RatisPipelineUtilsThread-0] INFO  pipeline.RatisPipelineProvider (RatisPipelineProvider.java:lambda$create$0(206)) - Sending CreatePipelineCommand for pipeline:PipelineID=73b52b45-40a4-4261-bcf3-c46f39b56f4f to datanode:3e443a17-2359-4412-bc58-72a30bb0f716
2023-12-26 17:43:10,540 [RatisPipelineUtilsThread-0] INFO  pipeline.BackgroundPipelineCreator (BackgroundPipelineCreator.java:createPipelines(236)) - Created new pipeline Pipeline[ Id: 73b52b45-40a4-4261-bcf3-c46f39b56f4f, Nodes: 3e443a17-2359-4412-bc58-72a30bb0f716(fv-az1381-115/10.1.0.4), ReplicationConfig: RATIS/ONE, State:ALLOCATED, leaderId:, CreationTimestamp2023-12-26T17:43:10.539Z[Etc/UTC]]
2023-12-26 17:43:10,627 [IPC Server handler 7 on default port 15180] INFO  net.NetworkTopologyImpl (NetworkTopologyImpl.java:add(124)) - Added a new node: /default-rack/330054a7-df09-49b5-8777-358ad940382e
2023-12-26 17:43:10,627 [IPC Server handler 7 on default port 15180] INFO  node.SCMNodeManager (SCMNodeManager.java:register(417)) - Registered datanode: 330054a7-df09-49b5-8777-358ad940382e{ip: 10.1.0.4, host: fv-az1381-115, ports: [HTTP=15205, CLIENT_RPC=15206, REPLICATION=15212, RATIS=15208, RATIS_ADMIN=15209, RATIS_SERVER=15210, RATIS_DATASTREAM=15211, STANDALONE=15207], networkLocation: /default-rack, certSerialId: null, persistedOpState: null, persistedOpStateExpiryEpochSec: 0}
2023-12-26 17:43:10,627 [EventQueue-NewNodeForNewNodeHandler] INFO  pipeline.BackgroundPipelineCreator (BackgroundPipelineCreator.java:notifyEventTriggered(280)) - trigger a one-shot run on RatisPipelineUtilsThread.
2023-12-26 17:43:10,627 [EventQueue-NodeRegistrationContainerReportForDataNodeSafeModeRule] INFO  safemode.SCMSafeModeManager (DataNodeSafeModeRule.java:process(71)) - SCM in safe mode. 3 DataNodes registered, 3 required.
2023-12-26 17:43:10,627 [EventQueue-NodeRegistrationContainerReportForDataNodeSafeModeRule] INFO  safemode.SCMSafeModeManager (SCMSafeModeManager.java:validateSafeModeExitRules(200)) - DataNodeSafeModeRule rule is successfully validated
2023-12-26 17:43:10,627 [EventQueue-NodeRegistrationContainerReportForDataNodeSafeModeRule] INFO  safemode.SCMSafeModeManager (SCMSafeModeManager.java:completePreCheck(229)) - All SCM safe mode pre check rules have passed
2023-12-26 17:43:10,627 [EventQueue-NodeRegistrationContainerReportForDataNodeSafeModeRule] INFO  ha.SCMContext (SCMContext.java:updateSafeModeStatus(230)) - Update SafeModeStatus from SafeModeStatus{safeModeStatus=true, preCheckPassed=false} to SafeModeStatus{safeModeStatus=true, preCheckPassed=true}.
2023-12-26 17:43:10,627 [EventQueue-NodeRegistrationContainerReportForDataNodeSafeModeRule] INFO  pipeline.BackgroundPipelineCreator (BackgroundPipelineCreator.java:notifyEventTriggered(280)) - trigger a one-shot run on RatisPipelineUtilsThread.
2023-12-26 17:43:10,627 [RatisPipelineUtilsThread-0] INFO  pipeline.RatisPipelineProvider (RatisPipelineProvider.java:lambda$create$0(206)) - Sending CreatePipelineCommand for pipeline:PipelineID=a783f90b-6047-4a75-bac0-122b40878816 to datanode:330054a7-df09-49b5-8777-358ad940382e
2023-12-26 17:43:10,628 [RatisPipelineUtilsThread-0] INFO  pipeline.BackgroundPipelineCreator (BackgroundPipelineCreator.java:createPipelines(236)) - Created new pipeline Pipeline[ Id: a783f90b-6047-4a75-bac0-122b40878816, Nodes: 330054a7-df09-49b5-8777-358ad940382e(fv-az1381-115/10.1.0.4), ReplicationConfig: RATIS/ONE, State:ALLOCATED, leaderId:, CreationTimestamp2023-12-26T17:43:10.627Z[Etc/UTC]]
2023-12-26 17:43:10,628 [RatisPipelineUtilsThread-0] INFO  pipeline.RatisPipelineProvider (RatisPipelineProvider.java:lambda$create$0(206)) - Sending CreatePipelineCommand for pipeline:PipelineID=dfe792a5-8fa0-47ef-a35a-27f9f8b444ef to datanode:3e443a17-2359-4412-bc58-72a30bb0f716
2023-12-26 17:43:10,628 [RatisPipelineUtilsThread-0] INFO  pipeline.RatisPipelineProvider (RatisPipelineProvider.java:lambda$create$0(206)) - Sending CreatePipelineCommand for pipeline:PipelineID=dfe792a5-8fa0-47ef-a35a-27f9f8b444ef to datanode:2600465e-836b-4590-acf2-1a77fd870a2a
2023-12-26 17:43:10,629 [RatisPipelineUtilsThread-0] INFO  pipeline.RatisPipelineProvider (RatisPipelineProvider.java:lambda$create$0(206)) - Sending CreatePipelineCommand for pipeline:PipelineID=dfe792a5-8fa0-47ef-a35a-27f9f8b444ef to datanode:330054a7-df09-49b5-8777-358ad940382e
2023-12-26 17:43:10,629 [RatisPipelineUtilsThread-0] INFO  pipeline.BackgroundPipelineCreator (BackgroundPipelineCreator.java:createPipelines(236)) - Created new pipeline Pipeline[ Id: dfe792a5-8fa0-47ef-a35a-27f9f8b444ef, Nodes: 3e443a17-2359-4412-bc58-72a30bb0f716(fv-az1381-115/10.1.0.4)2600465e-836b-4590-acf2-1a77fd870a2a(fv-az1381-115/10.1.0.4)330054a7-df09-49b5-8777-358ad940382e(fv-az1381-115/10.1.0.4), ReplicationConfig: RATIS/THREE, State:ALLOCATED, leaderId:, CreationTimestamp2023-12-26T17:43:10.628Z[Etc/UTC]]
2023-12-26 17:43:10,727 [IPC Server handler 8 on default port 15180] INFO  net.NetworkTopologyImpl (NetworkTopologyImpl.java:add(124)) - Added a new node: /default-rack/2fdbd8fa-a625-4499-b498-beec3ca4d67d
2023-12-26 17:43:10,727 [IPC Server handler 8 on default port 15180] INFO  node.SCMNodeManager (SCMNodeManager.java:register(417)) - Registered datanode: 2fdbd8fa-a625-4499-b498-beec3ca4d67d{ip: 10.1.0.4, host: fv-az1381-115, ports: [HTTP=15214, CLIENT_RPC=15215, REPLICATION=15221, RATIS=15217, RATIS_ADMIN=15218, RATIS_SERVER=15219, RATIS_DATASTREAM=15220, STANDALONE=15216], networkLocation: /default-rack, certSerialId: null, persistedOpState: null, persistedOpStateExpiryEpochSec: 0}
2023-12-26 17:43:10,727 [EventQueue-NewNodeForNewNodeHandler] INFO  pipeline.BackgroundPipelineCreator (BackgroundPipelineCreator.java:notifyEventTriggered(280)) - trigger a one-shot run on RatisPipelineUtilsThread.
2023-12-26 17:43:10,728 [RatisPipelineUtilsThread-0] INFO  pipeline.RatisPipelineProvider (RatisPipelineProvider.java:lambda$create$0(206)) - Sending CreatePipelineCommand for pipeline:PipelineID=8ec7151d-acf7-4d5a-9019-643a632f8583 to datanode:2fdbd8fa-a625-4499-b498-beec3ca4d67d
2023-12-26 17:43:10,728 [RatisPipelineUtilsThread-0] INFO  pipeline.BackgroundPipelineCreator (BackgroundPipelineCreator.java:createPipelines(236)) - Created new pipeline Pipeline[ Id: 8ec7151d-acf7-4d5a-9019-643a632f8583, Nodes: 2fdbd8fa-a625-4499-b498-beec3ca4d67d(fv-az1381-115/10.1.0.4), ReplicationConfig: RATIS/ONE, State:ALLOCATED, leaderId:, CreationTimestamp2023-12-26T17:43:10.728Z[Etc/UTC]]
2023-12-26 17:43:10,829 [IPC Server handler 0 on default port 15180] INFO  net.NetworkTopologyImpl (NetworkTopologyImpl.java:add(124)) - Added a new node: /default-rack/51fc6df9-7bd5-4293-8c99-7f2eac1f74df
2023-12-26 17:43:10,829 [IPC Server handler 0 on default port 15180] INFO  node.SCMNodeManager (SCMNodeManager.java:register(417)) - Registered datanode: 51fc6df9-7bd5-4293-8c99-7f2eac1f74df{ip: 10.1.0.4, host: fv-az1381-115, ports: [HTTP=15223, CLIENT_RPC=15224, REPLICATION=15230, RATIS=15226, RATIS_ADMIN=15227, RATIS_SERVER=15228, RATIS_DATASTREAM=15229, STANDALONE=15225], networkLocation: /default-rack, certSerialId: null, persistedOpState: null, persistedOpStateExpiryEpochSec: 0}
2023-12-26 17:43:10,830 [EventQueue-NewNodeForNewNodeHandler] INFO  pipeline.BackgroundPipelineCreator (BackgroundPipelineCreator.java:notifyEventTriggered(280)) - trigger a one-shot run on RatisPipelineUtilsThread.
2023-12-26 17:43:10,830 [RatisPipelineUtilsThread-0] INFO  pipeline.RatisPipelineProvider (RatisPipelineProvider.java:lambda$create$0(206)) - Sending CreatePipelineCommand for pipeline:PipelineID=4a1cb667-0505-401a-a819-19a7e44c1e13 to datanode:51fc6df9-7bd5-4293-8c99-7f2eac1f74df
2023-12-26 17:43:10,831 [RatisPipelineUtilsThread-0] INFO  pipeline.BackgroundPipelineCreator (BackgroundPipelineCreator.java:createPipelines(236)) - Created new pipeline Pipeline[ Id: 4a1cb667-0505-401a-a819-19a7e44c1e13, Nodes: 51fc6df9-7bd5-4293-8c99-7f2eac1f74df(fv-az1381-115/10.1.0.4), ReplicationConfig: RATIS/ONE, State:ALLOCATED, leaderId:, CreationTimestamp2023-12-26T17:43:10.830Z[Etc/UTC]]
2023-12-26 17:43:10,922 [IPC Server handler 1 on default port 15180] INFO  net.NetworkTopologyImpl (NetworkTopologyImpl.java:add(124)) - Added a new node: /default-rack/3cf20811-7a7f-4ec1-bb30-7adbebaa785f
2023-12-26 17:43:10,922 [IPC Server handler 1 on default port 15180] INFO  node.SCMNodeManager (SCMNodeManager.java:register(417)) - Registered datanode: 3cf20811-7a7f-4ec1-bb30-7adbebaa785f{ip: 10.1.0.4, host: fv-az1381-115, ports: [HTTP=15232, CLIENT_RPC=15233, REPLICATION=15239, RATIS=15235, RATIS_ADMIN=15236, RATIS_SERVER=15237, RATIS_DATASTREAM=15238, STANDALONE=15234], networkLocation: /default-rack, certSerialId: null, persistedOpState: null, persistedOpStateExpiryEpochSec: 0}
2023-12-26 17:43:10,923 [EventQueue-NewNodeForNewNodeHandler] INFO  pipeline.BackgroundPipelineCreator (BackgroundPipelineCreator.java:notifyEventTriggered(280)) - trigger a one-shot run on RatisPipelineUtilsThread.
2023-12-26 17:43:10,924 [RatisPipelineUtilsThread-0] INFO  pipeline.RatisPipelineProvider (RatisPipelineProvider.java:lambda$create$0(206)) - Sending CreatePipelineCommand for pipeline:PipelineID=49b16d3f-ce7a-4149-9250-52454695b4c4 to datanode:3cf20811-7a7f-4ec1-bb30-7adbebaa785f
2023-12-26 17:43:10,924 [RatisPipelineUtilsThread-0] INFO  pipeline.BackgroundPipelineCreator (BackgroundPipelineCreator.java:createPipelines(236)) - Created new pipeline Pipeline[ Id: 49b16d3f-ce7a-4149-9250-52454695b4c4, Nodes: 3cf20811-7a7f-4ec1-bb30-7adbebaa785f(fv-az1381-115/10.1.0.4), ReplicationConfig: RATIS/ONE, State:ALLOCATED, leaderId:, CreationTimestamp2023-12-26T17:43:10.924Z[Etc/UTC]]
2023-12-26 17:43:10,925 [RatisPipelineUtilsThread-0] INFO  pipeline.RatisPipelineProvider (RatisPipelineProvider.java:lambda$create$0(206)) - Sending CreatePipelineCommand for pipeline:PipelineID=b5e1434b-cd68-4add-b326-b2b466c41efe to datanode:2fdbd8fa-a625-4499-b498-beec3ca4d67d
2023-12-26 17:43:10,925 [RatisPipelineUtilsThread-0] INFO  pipeline.RatisPipelineProvider (RatisPipelineProvider.java:lambda$create$0(206)) - Sending CreatePipelineCommand for pipeline:PipelineID=b5e1434b-cd68-4add-b326-b2b466c41efe to datanode:51fc6df9-7bd5-4293-8c99-7f2eac1f74df
2023-12-26 17:43:10,925 [RatisPipelineUtilsThread-0] INFO  pipeline.RatisPipelineProvider (RatisPipelineProvider.java:lambda$create$0(206)) - Sending CreatePipelineCommand for pipeline:PipelineID=b5e1434b-cd68-4add-b326-b2b466c41efe to datanode:3cf20811-7a7f-4ec1-bb30-7adbebaa785f
2023-12-26 17:43:10,925 [RatisPipelineUtilsThread-0] INFO  pipeline.BackgroundPipelineCreator (BackgroundPipelineCreator.java:createPipelines(236)) - Created new pipeline Pipeline[ Id: b5e1434b-cd68-4add-b326-b2b466c41efe, Nodes: 2fdbd8fa-a625-4499-b498-beec3ca4d67d(fv-az1381-115/10.1.0.4)51fc6df9-7bd5-4293-8c99-7f2eac1f74df(fv-az1381-115/10.1.0.4)3cf20811-7a7f-4ec1-bb30-7adbebaa785f(fv-az1381-115/10.1.0.4), ReplicationConfig: RATIS/THREE, State:ALLOCATED, leaderId:, CreationTimestamp2023-12-26T17:43:10.925Z[Etc/UTC]]
2023-12-26 17:43:11,050 [IPC Server handler 2 on default port 15180] INFO  net.NetworkTopologyImpl (NetworkTopologyImpl.java:add(124)) - Added a new node: /default-rack/9041b40e-5b92-449e-aa66-a19f39177033
2023-12-26 17:43:11,050 [IPC Server handler 2 on default port 15180] INFO  node.SCMNodeManager (SCMNodeManager.java:register(417)) - Registered datanode: 9041b40e-5b92-449e-aa66-a19f39177033{ip: 10.1.0.4, host: fv-az1381-115, ports: [HTTP=15241, CLIENT_RPC=15242, REPLICATION=15248, RATIS=15244, RATIS_ADMIN=15245, RATIS_SERVER=15246, RATIS_DATASTREAM=15247, STANDALONE=15243], networkLocation: /default-rack, certSerialId: null, persistedOpState: null, persistedOpStateExpiryEpochSec: 0}
2023-12-26 17:43:11,052 [EventQueue-NewNodeForNewNodeHandler] INFO  pipeline.BackgroundPipelineCreator (BackgroundPipelineCreator.java:notifyEventTriggered(280)) - trigger a one-shot run on RatisPipelineUtilsThread.
2023-12-26 17:43:11,052 [RatisPipelineUtilsThread-0] INFO  pipeline.RatisPipelineProvider (RatisPipelineProvider.java:lambda$create$0(206)) - Sending CreatePipelineCommand for pipeline:PipelineID=5af49f39-54d4-4ac3-b074-b5ba6889f208 to datanode:9041b40e-5b92-449e-aa66-a19f39177033
2023-12-26 17:43:11,052 [RatisPipelineUtilsThread-0] INFO  pipeline.BackgroundPipelineCreator (BackgroundPipelineCreator.java:createPipelines(236)) - Created new pipeline Pipeline[ Id: 5af49f39-54d4-4ac3-b074-b5ba6889f208, Nodes: 9041b40e-5b92-449e-aa66-a19f39177033(fv-az1381-115/10.1.0.4), ReplicationConfig: RATIS/ONE, State:ALLOCATED, leaderId:, CreationTimestamp2023-12-26T17:43:11.052Z[Etc/UTC]]
2023-12-26 17:43:11,165 [IPC Server handler 3 on default port 15180] INFO  net.NetworkTopologyImpl (NetworkTopologyImpl.java:add(124)) - Added a new node: /default-rack/3d5bb137-3be5-4706-af5d-ee5f1bcd8429
2023-12-26 17:43:11,166 [IPC Server handler 3 on default port 15180] INFO  node.SCMNodeManager (SCMNodeManager.java:register(417)) - Registered datanode: 3d5bb137-3be5-4706-af5d-ee5f1bcd8429{ip: 10.1.0.4, host: fv-az1381-115, ports: [HTTP=15250, CLIENT_RPC=15251, REPLICATION=15257, RATIS=15253, RATIS_ADMIN=15254, RATIS_SERVER=15255, RATIS_DATASTREAM=15256, STANDALONE=15252], networkLocation: /default-rack, certSerialId: null, persistedOpState: null, persistedOpStateExpiryEpochSec: 0}
2023-12-26 17:43:11,166 [EventQueue-NewNodeForNewNodeHandler] INFO  pipeline.BackgroundPipelineCreator (BackgroundPipelineCreator.java:notifyEventTriggered(280)) - trigger a one-shot run on RatisPipelineUtilsThread.
2023-12-26 17:43:11,166 [RatisPipelineUtilsThread-0] INFO  pipeline.RatisPipelineProvider (RatisPipelineProvider.java:lambda$create$0(206)) - Sending CreatePipelineCommand for pipeline:PipelineID=63b1238d-2c26-4fc2-9e47-0a8a5e6e88aa to datanode:3d5bb137-3be5-4706-af5d-ee5f1bcd8429
2023-12-26 17:43:11,167 [RatisPipelineUtilsThread-0] INFO  pipeline.BackgroundPipelineCreator (BackgroundPipelineCreator.java:createPipelines(236)) - Created new pipeline Pipeline[ Id: 63b1238d-2c26-4fc2-9e47-0a8a5e6e88aa, Nodes: 3d5bb137-3be5-4706-af5d-ee5f1bcd8429(fv-az1381-115/10.1.0.4), ReplicationConfig: RATIS/ONE, State:ALLOCATED, leaderId:, CreationTimestamp2023-12-26T17:43:11.166Z[Etc/UTC]]
2023-12-26 17:43:11,274 [main] INFO  ozone.MiniOzoneClusterImpl (MiniOzoneClusterImpl.java:lambda$waitForClusterToBeReady$0(230)) - Waiting for nodes to be ready. Got 8 of 9 DN Heartbeats.
2023-12-26 17:43:11,274 [main] INFO  ozone.MiniOzoneClusterImpl (MiniOzoneClusterImpl.java:lambda$waitForClusterToBeReady$0(233)) - Waiting for cluster to exit safe mode
2023-12-26 17:43:11,274 [main] INFO  ozone.MiniOzoneClusterImpl (MiniOzoneClusterImpl.java:lambda$waitForClusterToBeReady$0(235)) - SCM became leader
2023-12-26 17:43:11,278 [IPC Server handler 4 on default port 15180] INFO  net.NetworkTopologyImpl (NetworkTopologyImpl.java:add(124)) - Added a new node: /default-rack/5acb06d6-75fa-434d-a16a-f6192aa7de69
2023-12-26 17:43:11,278 [IPC Server handler 4 on default port 15180] INFO  node.SCMNodeManager (SCMNodeManager.java:register(417)) - Registered datanode: 5acb06d6-75fa-434d-a16a-f6192aa7de69{ip: 10.1.0.4, host: fv-az1381-115, ports: [HTTP=15259, CLIENT_RPC=15260, REPLICATION=15266, RATIS=15262, RATIS_ADMIN=15263, RATIS_SERVER=15264, RATIS_DATASTREAM=15265, STANDALONE=15261], networkLocation: /default-rack, certSerialId: null, persistedOpState: null, persistedOpStateExpiryEpochSec: 0}
2023-12-26 17:43:11,279 [EventQueue-NewNodeForNewNodeHandler] INFO  pipeline.BackgroundPipelineCreator (BackgroundPipelineCreator.java:notifyEventTriggered(280)) - trigger a one-shot run on RatisPipelineUtilsThread.
2023-12-26 17:43:11,280 [RatisPipelineUtilsThread-0] INFO  pipeline.RatisPipelineProvider (RatisPipelineProvider.java:lambda$create$0(206)) - Sending CreatePipelineCommand for pipeline:PipelineID=1f51836f-beeb-42c3-97d9-76d87c0074af to datanode:5acb06d6-75fa-434d-a16a-f6192aa7de69
2023-12-26 17:43:11,280 [RatisPipelineUtilsThread-0] INFO  pipeline.BackgroundPipelineCreator (BackgroundPipelineCreator.java:createPipelines(236)) - Created new pipeline Pipeline[ Id: 1f51836f-beeb-42c3-97d9-76d87c0074af, Nodes: 5acb06d6-75fa-434d-a16a-f6192aa7de69(fv-az1381-115/10.1.0.4), ReplicationConfig: RATIS/ONE, State:ALLOCATED, leaderId:, CreationTimestamp2023-12-26T17:43:11.280Z[Etc/UTC]]
2023-12-26 17:43:11,281 [RatisPipelineUtilsThread-0] INFO  pipeline.RatisPipelineProvider (RatisPipelineProvider.java:lambda$create$0(206)) - Sending CreatePipelineCommand for pipeline:PipelineID=3eaeb45c-f3cd-4275-b4c0-931ad61afc41 to datanode:9041b40e-5b92-449e-aa66-a19f39177033
2023-12-26 17:43:11,281 [RatisPipelineUtilsThread-0] INFO  pipeline.RatisPipelineProvider (RatisPipelineProvider.java:lambda$create$0(206)) - Sending CreatePipelineCommand for pipeline:PipelineID=3eaeb45c-f3cd-4275-b4c0-931ad61afc41 to datanode:5acb06d6-75fa-434d-a16a-f6192aa7de69
2023-12-26 17:43:11,281 [RatisPipelineUtilsThread-0] INFO  pipeline.RatisPipelineProvider (RatisPipelineProvider.java:lambda$create$0(206)) - Sending CreatePipelineCommand for pipeline:PipelineID=3eaeb45c-f3cd-4275-b4c0-931ad61afc41 to datanode:3d5bb137-3be5-4706-af5d-ee5f1bcd8429
2023-12-26 17:43:11,281 [RatisPipelineUtilsThread-0] INFO  pipeline.BackgroundPipelineCreator (BackgroundPipelineCreator.java:createPipelines(236)) - Created new pipeline Pipeline[ Id: 3eaeb45c-f3cd-4275-b4c0-931ad61afc41, Nodes: 9041b40e-5b92-449e-aa66-a19f39177033(fv-az1381-115/10.1.0.4)5acb06d6-75fa-434d-a16a-f6192aa7de69(fv-az1381-115/10.1.0.4)3d5bb137-3be5-4706-af5d-ee5f1bcd8429(fv-az1381-115/10.1.0.4), ReplicationConfig: RATIS/THREE, State:ALLOCATED, leaderId:, CreationTimestamp2023-12-26T17:43:11.281Z[Etc/UTC]]
2023-12-26 17:43:12,275 [main] INFO  ozone.MiniOzoneClusterImpl (MiniOzoneClusterImpl.java:lambda$waitForClusterToBeReady$0(230)) - Nodes are ready. Got 9 of 9 DN Heartbeats.
2023-12-26 17:43:12,275 [main] INFO  ozone.MiniOzoneClusterImpl (MiniOzoneClusterImpl.java:lambda$waitForClusterToBeReady$0(233)) - Waiting for cluster to exit safe mode
2023-12-26 17:43:12,275 [main] INFO  ozone.MiniOzoneClusterImpl (MiniOzoneClusterImpl.java:lambda$waitForClusterToBeReady$0(235)) - SCM became leader
2023-12-26 17:43:13,275 [main] INFO  ozone.MiniOzoneClusterImpl (MiniOzoneClusterImpl.java:lambda$waitForClusterToBeReady$0(230)) - Nodes are ready. Got 9 of 9 DN Heartbeats.
2023-12-26 17:43:13,276 [main] INFO  ozone.MiniOzoneClusterImpl (MiniOzoneClusterImpl.java:lambda$waitForClusterToBeReady$0(233)) - Waiting for cluster to exit safe mode
2023-12-26 17:43:13,276 [main] INFO  ozone.MiniOzoneClusterImpl (MiniOzoneClusterImpl.java:lambda$waitForClusterToBeReady$0(235)) - SCM became leader
2023-12-26 17:43:13,426 [2600465e-836b-4590-acf2-1a77fd870a2a-PipelineCommandHandlerThread-0] INFO  server.RaftServer (RaftServerProxy.java:addNew(100)) - 2600465e-836b-4590-acf2-1a77fd870a2a: addNew group-A589D40A8198:[2600465e-836b-4590-acf2-1a77fd870a2a|10.1.0.4:15192] returns group-A589D40A8198:java.util.concurrent.CompletableFuture@1a587a22[Not completed]
2023-12-26 17:43:13,427 [2600465e-836b-4590-acf2-1a77fd870a2a-groupManagement] INFO  server.RaftServer$Division (RaftServerImpl.java:<init>(256)) - 2600465e-836b-4590-acf2-1a77fd870a2a: new RaftServerImpl for group-A589D40A8198:[2600465e-836b-4590-acf2-1a77fd870a2a|10.1.0.4:15192] with ContainerStateMachine:uninitialized
2023-12-26 17:43:13,427 [2600465e-836b-4590-acf2-1a77fd870a2a-groupManagement] INFO  server.RaftServerConfigKeys (ConfUtils.java:logGet(46)) - raft.server.rpc.timeout.min = 5s (custom)
2023-12-26 17:43:13,427 [2600465e-836b-4590-acf2-1a77fd870a2a-groupManagement] INFO  server.RaftServerConfigKeys (ConfUtils.java:logGet(46)) - raft.server.rpc.timeout.max = 5200ms (custom)
2023-12-26 17:43:13,427 [2600465e-836b-4590-acf2-1a77fd870a2a-groupManagement] INFO  server.RaftServerConfigKeys (ConfUtils.java:logGet(46)) - raft.server.rpc.sleep.time = 25ms (default)
2023-12-26 17:43:13,427 [2600465e-836b-4590-acf2-1a77fd870a2a-groupManagement] INFO  server.RaftServerConfigKeys (ConfUtils.java:logGet(46)) - raft.server.rpc.slowness.timeout = 300000ms (custom)
2023-12-26 17:43:13,427 [2600465e-836b-4590-acf2-1a77fd870a2a-groupManagement] INFO  server.RaftServerConfigKeys (ConfUtils.java:logGet(46)) - raft.server.leaderelection.leader.step-down.wait-time = 10s (default)
2023-12-26 17:43:13,427 [2600465e-836b-4590-acf2-1a77fd870a2a-groupManagement] INFO  server.RaftServerConfigKeys (ConfUtils.java:logGet(46)) - raft.server.leaderelection.member.majority-add = false (default)
2023-12-26 17:43:13,427 [2600465e-836b-4590-acf2-1a77fd870a2a-groupManagement] INFO  server.RaftServerConfigKeys (ConfUtils.java:logGet(46)) - raft.server.sleep.deviation.threshold = 300ms (default)
2023-12-26 17:43:13,427 [2600465e-836b-4590-acf2-1a77fd870a2a-groupManagement] INFO  server.RaftServer$Division (ServerState.java:<init>(113)) - 2600465e-836b-4590-acf2-1a77fd870a2a@group-A589D40A8198: ConfigurationManager, init=-1: peers:[2600465e-836b-4590-acf2-1a77fd870a2a|10.1.0.4:15192]|listeners:[], old=null, confs=<EMPTY_MAP>
2023-12-26 17:43:13,427 [2600465e-836b-4590-acf2-1a77fd870a2a-groupManagement] INFO  server.RaftServerConfigKeys (ConfUtils.java:logGet(46)) - raft.server.notification.no-leader.timeout = 300000ms (custom)
2023-12-26 17:43:13,428 [2600465e-836b-4590-acf2-1a77fd870a2a-groupManagement] INFO  server.RaftServerConfigKeys (ConfUtils.java:logGet(46)) - raft.server.read.timeout = 10s (default)
2023-12-26 17:43:13,428 [2600465e-836b-4590-acf2-1a77fd870a2a-groupManagement] INFO  server.RaftServerConfigKeys (ConfUtils.java:logGet(46)) - raft.server.retrycache.expirytime = 600000ms (custom)
2023-12-26 17:43:13,428 [2600465e-836b-4590-acf2-1a77fd870a2a-groupManagement] INFO  server.RaftServerConfigKeys (ConfUtils.java:logGet(46)) - raft.server.retrycache.statistics.expirytime = 100ms (default)
2023-12-26 17:43:13,428 [2600465e-836b-4590-acf2-1a77fd870a2a-groupManagement] INFO  server.RaftServerConfigKeys (ConfUtils.java:logGet(46)) - raft.server.read.option = DEFAULT (default)
2023-12-26 17:43:13,428 [2600465e-836b-4590-acf2-1a77fd870a2a-groupManagement] INFO  server.RaftServerConfigKeys (ConfUtils.java:logGet(46)) - raft.server.read.read-after-write-consistent.write-index-cache.expiry-time = 60s (default)
2023-12-26 17:43:13,430 [2600465e-836b-4590-acf2-1a77fd870a2a-groupManagement] INFO  server.RaftServerConfigKeys (ConfUtils.java:logGet(46)) - raft.server.rpc.request.timeout = 3000ms (default)
2023-12-26 17:43:13,430 [2600465e-836b-4590-acf2-1a77fd870a2a-groupManagement] INFO  server.RaftServerConfigKeys (ConfUtils.java:logGet(46)) - raft.server.log.appender.install.snapshot.enabled = false (custom)
2023-12-26 17:43:13,430 [2600465e-836b-4590-acf2-1a77fd870a2a-groupManagement] INFO  server.RaftServerConfigKeys (ConfUtils.java:logGet(46)) - raft.server.threadpool.server.cached = true (default)
2023-12-26 17:43:13,430 [2600465e-836b-4590-acf2-1a77fd870a2a-groupManagement] INFO  server.RaftServerConfigKeys (ConfUtils.java:logGet(46)) - raft.server.threadpool.server.size = 0 (default)
2023-12-26 17:43:13,430 [2600465e-836b-4590-acf2-1a77fd870a2a-groupManagement] INFO  server.RaftServerConfigKeys (ConfUtils.java:logGet(46)) - raft.server.threadpool.client.cached = true (default)
2023-12-26 17:43:13,430 [2600465e-836b-4590-acf2-1a77fd870a2a-groupManagement] INFO  server.RaftServerConfigKeys (ConfUtils.java:logGet(46)) - raft.server.threadpool.client.size = 0 (default)
2023-12-26 17:43:13,430 [2600465e-836b-4590-acf2-1a77fd870a2a-groupManagement] INFO  server.RaftServerConfigKeys (ConfUtils.java:logGet(46)) - raft.server.storage.free-space.min = 0MB (=0) (default)
2023-12-26 17:43:13,430 [2600465e-836b-4590-acf2-1a77fd870a2a-groupManagement] INFO  server.RaftServerConfigKeys (ConfUtils.java:logGet(46)) - raft.server.log.corruption.policy = EXCEPTION (default)
2023-12-26 17:43:13,430 [2600465e-836b-4590-acf2-1a77fd870a2a-groupManagement] INFO  server.RaftServerConfigKeys (ConfUtils.java:logGet(46)) - raft.server.storage.dir = [/home/runner/work/ozone/ozone/hadoop-ozone/integration-test/target/test-dir/MiniOzoneClusterImpl-a136b03b-8403-429e-9870-8bf85e606ef3/datanode-0/data/ratis] (custom)
2023-12-26 17:43:13,431 [2600465e-836b-4590-acf2-1a77fd870a2a-groupManagement] INFO  storage.RaftStorageDirectory (RaftStorageDirectoryImpl.java:analyzeStorage(138)) - The storage directory /home/runner/work/ozone/ozone/hadoop-ozone/integration-test/target/test-dir/MiniOzoneClusterImpl-a136b03b-8403-429e-9870-8bf85e606ef3/datanode-0/data/ratis/1d312c80-c577-4afe-adf9-a589d40a8198 does not exist. Creating ...
2023-12-26 17:43:13,432 [2600465e-836b-4590-acf2-1a77fd870a2a-groupManagement] INFO  storage.RaftStorageDirectory (RaftStorageDirectoryImpl.java:tryLock(232)) - Lock on /home/runner/work/ozone/ozone/hadoop-ozone/integration-test/target/test-dir/MiniOzoneClusterImpl-a136b03b-8403-429e-9870-8bf85e606ef3/datanode-0/data/ratis/1d312c80-c577-4afe-adf9-a589d40a8198/in_use.lock acquired by nodename 85971@fv-az1381-115
2023-12-26 17:43:13,433 [2600465e-836b-4590-acf2-1a77fd870a2a-groupManagement] INFO  storage.RaftStorage (RaftStorageImpl.java:format(97)) - Storage directory /home/runner/work/ozone/ozone/hadoop-ozone/integration-test/target/test-dir/MiniOzoneClusterImpl-a136b03b-8403-429e-9870-8bf85e606ef3/datanode-0/data/ratis/1d312c80-c577-4afe-adf9-a589d40a8198 has been successfully formatted.
2023-12-26 17:43:13,434 [2600465e-836b-4590-acf2-1a77fd870a2a-groupManagement] INFO  ratis.ContainerStateMachine (ContainerStateMachine.java:loadSnapshot(287)) - group-A589D40A8198: The snapshot info is null. Setting the last applied indexto:(t:0, i:~)
2023-12-26 17:43:13,434 [2600465e-836b-4590-acf2-1a77fd870a2a-groupManagement] INFO  server.RaftServerConfigKeys (ConfUtils.java:logGet(46)) - raft.server.log.use.memory = false (default)
2023-12-26 17:43:13,434 [2600465e-836b-4590-acf2-1a77fd870a2a-groupManagement] INFO  server.RaftServerConfigKeys (ConfUtils.java:logGet(46)) - raft.server.log.purge.gap = 1000000 (custom)
2023-12-26 17:43:13,434 [2600465e-836b-4590-acf2-1a77fd870a2a-groupManagement] INFO  server.RaftServerConfigKeys (ConfUtils.java:logGet(46)) - raft.server.log.appender.buffer.byte-limit = 8388608 (custom)
2023-12-26 17:43:13,434 [2600465e-836b-4590-acf2-1a77fd870a2a-groupManagement] INFO  server.RaftServerConfigKeys (ConfUtils.java:logGet(46)) - raft.server.log.statemachine.data.read.timeout = 1000ms (default)
2023-12-26 17:43:13,434 [2600465e-836b-4590-acf2-1a77fd870a2a-groupManagement] INFO  server.RaftServerConfigKeys (ConfUtils.java:logGet(46)) - raft.server.log.purge.preservation.log.num = 0 (default)
2023-12-26 17:43:13,435 [EventQueue-PipelineReportForPipelineReportHandler] INFO  pipeline.PipelineReportHandler (PipelineReportHandler.java:processPipelineReport(136)) - Opened pipeline PipelineID=1d312c80-c577-4afe-adf9-a589d40a8198
2023-12-26 17:43:13,435 [2600465e-836b-4590-acf2-1a77fd870a2a-groupManagement] INFO  server.RaftServerConfigKeys (ConfUtils.java:logGet(46)) - raft.server.log.segment.size.max = 67108864 (custom)
2023-12-26 17:43:13,436 [EventQueue-OpenPipelineForHealthyPipelineSafeModeRule] INFO  safemode.SCMSafeModeManager (HealthyPipelineSafeModeRule.java:process(140)) - SCM in safe mode. Healthy pipelines reported count is 0, required healthy pipeline reported count is 1
2023-12-26 17:43:13,436 [2600465e-836b-4590-acf2-1a77fd870a2a-groupManagement] INFO  server.RaftServerConfigKeys (ConfUtils.java:logGet(46)) - raft.server.log.segment.cache.num.max = 2 (custom)
2023-12-26 17:43:13,437 [2600465e-836b-4590-acf2-1a77fd870a2a-groupManagement] INFO  server.RaftServerConfigKeys (ConfUtils.java:logGet(46)) - raft.server.log.segment.cache.size.max = 200MB (=209715200) (default)
2023-12-26 17:43:13,437 [2600465e-836b-4590-acf2-1a77fd870a2a-groupManagement] INFO  server.RaftServerConfigKeys (ConfUtils.java:logGet(46)) - raft.server.log.appender.buffer.byte-limit = 8388608 (custom)
2023-12-26 17:43:13,437 [2600465e-836b-4590-acf2-1a77fd870a2a-groupManagement] INFO  util.AwaitToRun (AwaitToRun.java:start(81)) - Thread[2600465e-836b-4590-acf2-1a77fd870a2a@group-A589D40A8198-cacheEviction-AwaitToRun,5,main] started
2023-12-26 17:43:13,437 [2600465e-836b-4590-acf2-1a77fd870a2a-groupManagement] INFO  segmented.SegmentedRaftLogWorker (SegmentedRaftLogWorker.java:<init>(184)) - new 2600465e-836b-4590-acf2-1a77fd870a2a@group-A589D40A8198-SegmentedRaftLogWorker for RaftStorageImpl:Storage Directory /home/runner/work/ozone/ozone/hadoop-ozone/integration-test/target/test-dir/MiniOzoneClusterImpl-a136b03b-8403-429e-9870-8bf85e606ef3/datanode-0/data/ratis/1d312c80-c577-4afe-adf9-a589d40a8198
2023-12-26 17:43:13,437 [2600465e-836b-4590-acf2-1a77fd870a2a-groupManagement] INFO  server.RaftServerConfigKeys (ConfUtils.java:logGet(46)) - raft.server.log.queue.byte-limit = 4294967296 (custom)
2023-12-26 17:43:13,437 [2600465e-836b-4590-acf2-1a77fd870a2a-groupManagement] INFO  server.RaftServerConfigKeys (ConfUtils.java:logGet(46)) - raft.server.log.queue.element-limit = 1024 (custom)
2023-12-26 17:43:13,437 [2600465e-836b-4590-acf2-1a77fd870a2a-groupManagement] INFO  server.RaftServerConfigKeys (ConfUtils.java:logGet(46)) - raft.server.log.segment.size.max = 67108864 (custom)
2023-12-26 17:43:13,437 [2600465e-836b-4590-acf2-1a77fd870a2a-groupManagement] INFO  server.RaftServerConfigKeys (ConfUtils.java:logGet(46)) - raft.server.log.preallocated.size = 4194304 (custom)
2023-12-26 17:43:13,437 [2600465e-836b-4590-acf2-1a77fd870a2a-groupManagement] INFO  server.RaftServerConfigKeys (ConfUtils.java:logGet(46)) - raft.server.log.force.sync.num = 128 (default)
2023-12-26 17:43:13,437 [2600465e-836b-4590-acf2-1a77fd870a2a-groupManagement] INFO  server.RaftServerConfigKeys (ConfUtils.java:logGet(46)) - raft.server.log.statemachine.data.sync = true (default)
2023-12-26 17:43:13,437 [2600465e-836b-4590-acf2-1a77fd870a2a-groupManagement] INFO  server.RaftServerConfigKeys (ConfUtils.java:logGet(46)) - raft.server.log.statemachine.data.sync.timeout = 10s (default)
2023-12-26 17:43:13,437 [2600465e-836b-4590-acf2-1a77fd870a2a-groupManagement] INFO  server.RaftServerConfigKeys (ConfUtils.java:logGet(46)) - raft.server.log.statemachine.data.sync.timeout.retry = 0 (custom)
2023-12-26 17:43:13,438 [2600465e-836b-4590-acf2-1a77fd870a2a-groupManagement] INFO  server.RaftServerConfigKeys (ConfUtils.java:logGet(46)) - raft.server.log.write.buffer.size = 8388616 (custom)
2023-12-26 17:43:13,439 [2600465e-836b-4590-acf2-1a77fd870a2a-groupManagement] INFO  server.RaftServerConfigKeys (ConfUtils.java:logGet(46)) - raft.server.log.appender.buffer.byte-limit = 8388608 (custom)
2023-12-26 17:43:13,440 [2600465e-836b-4590-acf2-1a77fd870a2a-groupManagement] INFO  server.RaftServerConfigKeys (ConfUtils.java:logGet(46)) - raft.server.log.unsafe-flush.enabled = false (default)
2023-12-26 17:43:13,440 [2600465e-836b-4590-acf2-1a77fd870a2a-groupManagement] INFO  server.RaftServerConfigKeys (ConfUtils.java:logGet(46)) - raft.server.log.async-flush.enabled = false (default)
2023-12-26 17:43:13,440 [2600465e-836b-4590-acf2-1a77fd870a2a-groupManagement] INFO  server.RaftServerConfigKeys (ConfUtils.java:logGet(46)) - raft.server.log.statemachine.data.caching.enabled = true (custom)
2023-12-26 17:43:13,440 [2600465e-836b-4590-acf2-1a77fd870a2a-groupManagement] INFO  segmented.SegmentedRaftLogWorker (SegmentedRaftLogWorker.java:lambda$new$0(135)) - 2600465e-836b-4590-acf2-1a77fd870a2a@group-A589D40A8198-SegmentedRaftLogWorker: flushIndex: setUnconditionally 0 -> -1
2023-12-26 17:43:13,440 [2600465e-836b-4590-acf2-1a77fd870a2a-groupManagement] INFO  segmented.SegmentedRaftLogWorker (SegmentedRaftLogWorker.java:lambda$new$0(135)) - 2600465e-836b-4590-acf2-1a77fd870a2a@group-A589D40A8198-SegmentedRaftLogWorker: safeCacheEvictIndex: setUnconditionally 0 -> -1
2023-12-26 17:43:13,440 [2600465e-836b-4590-acf2-1a77fd870a2a-groupManagement] INFO  server.RaftServer$Division (RaftServerImpl.java:start(392)) - 2600465e-836b-4590-acf2-1a77fd870a2a@group-A589D40A8198: start as a follower, conf=-1: peers:[2600465e-836b-4590-acf2-1a77fd870a2a|10.1.0.4:15192]|listeners:[], old=null
2023-12-26 17:43:13,440 [2600465e-836b-4590-acf2-1a77fd870a2a-groupManagement] INFO  server.RaftServer$Division (RaftServerImpl.java:setRole(379)) - 2600465e-836b-4590-acf2-1a77fd870a2a@group-A589D40A8198: changes role from      null to FOLLOWER at term 0 for startAsFollower
2023-12-26 17:43:13,441 [2600465e-836b-4590-acf2-1a77fd870a2a-groupManagement] INFO  impl.RoleInfo (RoleInfo.java:updateAndGet(139)) - 2600465e-836b-4590-acf2-1a77fd870a2a: start 2600465e-836b-4590-acf2-1a77fd870a2a@group-A589D40A8198-FollowerState
2023-12-26 17:43:13,441 [2600465e-836b-4590-acf2-1a77fd870a2a@group-A589D40A8198-FollowerState] INFO  server.RaftServerConfigKeys (ConfUtils.java:logFallback(53)) - raft.server.rpc.first-election.timeout.min = 5s (fallback to raft.server.rpc.timeout.min)
2023-12-26 17:43:13,441 [2600465e-836b-4590-acf2-1a77fd870a2a-groupManagement] INFO  util.JmxRegister (JmxRegister.java:tryRegister(44)) - Successfully registered JMX Bean with object name Ratis:service=RaftServer,group=group-A589D40A8198,id=2600465e-836b-4590-acf2-1a77fd870a2a
2023-12-26 17:43:13,441 [2600465e-836b-4590-acf2-1a77fd870a2a@group-A589D40A8198-FollowerState] INFO  server.RaftServerConfigKeys (ConfUtils.java:logFallback(53)) - raft.server.rpc.first-election.timeout.max = 5200ms (fallback to raft.server.rpc.timeout.max)
2023-12-26 17:43:13,441 [2600465e-836b-4590-acf2-1a77fd870a2a-groupManagement] INFO  server.RaftServerConfigKeys (ConfUtils.java:logGet(46)) - raft.server.snapshot.trigger-when-stop.enabled = true (default)
2023-12-26 17:43:13,441 [2600465e-836b-4590-acf2-1a77fd870a2a-groupManagement] INFO  server.RaftServerConfigKeys (ConfUtils.java:logGet(46)) - raft.server.snapshot.auto.trigger.enabled = true (custom)
2023-12-26 17:43:13,441 [2600465e-836b-4590-acf2-1a77fd870a2a-groupManagement] INFO  server.RaftServerConfigKeys (ConfUtils.java:logGet(46)) - raft.server.snapshot.auto.trigger.threshold = 10000 (custom)
2023-12-26 17:43:13,441 [2600465e-836b-4590-acf2-1a77fd870a2a-groupManagement] INFO  server.RaftServerConfigKeys (ConfUtils.java:logGet(46)) - raft.server.snapshot.retention.file.num = 5 (custom)
2023-12-26 17:43:13,441 [2600465e-836b-4590-acf2-1a77fd870a2a-groupManagement] INFO  server.RaftServerConfigKeys (ConfUtils.java:logGet(46)) - raft.server.log.purge.upto.snapshot.index = false (default)
2023-12-26 17:43:13,442 [2600465e-836b-4590-acf2-1a77fd870a2a-PipelineCommandHandlerThread-0] INFO  ratis.XceiverServerRatis (XceiverServerRatis.java:addGroup(837)) - Created group PipelineID=1d312c80-c577-4afe-adf9-a589d40a8198
2023-12-26 17:43:13,442 [2600465e-836b-4590-acf2-1a77fd870a2a-PipelineCommandHandlerThread-0] INFO  commandhandler.CreatePipelineCommandHandler (CreatePipelineCommandHandler.java:lambda$handle$2(124)) - Created Pipeline RATIS ONE PipelineID=1d312c80-c577-4afe-adf9-a589d40a8198.
2023-12-26 17:43:13,442 [2600465e-836b-4590-acf2-1a77fd870a2a-PipelineCommandHandlerThread-0] INFO  server.RaftServer (RaftServerProxy.java:addNew(100)) - 2600465e-836b-4590-acf2-1a77fd870a2a: addNew group-27F9F8B444EF:[2600465e-836b-4590-acf2-1a77fd870a2a|10.1.0.4:15192, 330054a7-df09-49b5-8777-358ad940382e|10.1.0.4:15210, 3e443a17-2359-4412-bc58-72a30bb0f716|10.1.0.4:15201] returns group-27F9F8B444EF:java.util.concurrent.CompletableFuture@1e67fdb1[Not completed]
2023-12-26 17:43:13,443 [2600465e-836b-4590-acf2-1a77fd870a2a-groupManagement] INFO  server.RaftServer$Division (RaftServerImpl.java:<init>(256)) - 2600465e-836b-4590-acf2-1a77fd870a2a: new RaftServerImpl for group-27F9F8B444EF:[2600465e-836b-4590-acf2-1a77fd870a2a|10.1.0.4:15192, 330054a7-df09-49b5-8777-358ad940382e|10.1.0.4:15210, 3e443a17-2359-4412-bc58-72a30bb0f716|10.1.0.4:15201] with ContainerStateMachine:uninitialized
2023-12-26 17:43:13,443 [2600465e-836b-4590-acf2-1a77fd870a2a-groupManagement] INFO  server.RaftServerConfigKeys (ConfUtils.java:logGet(46)) - raft.server.rpc.timeout.min = 5s (custom)
2023-12-26 17:43:13,443 [2600465e-836b-4590-acf2-1a77fd870a2a-groupManagement] INFO  server.RaftServerConfigKeys (ConfUtils.java:logGet(46)) - raft.server.rpc.timeout.max = 5200ms (custom)
2023-12-26 17:43:13,443 [2600465e-836b-4590-acf2-1a77fd870a2a-groupManagement] INFO  server.RaftServerConfigKeys (ConfUtils.java:logGet(46)) - raft.server.rpc.sleep.time = 25ms (default)
2023-12-26 17:43:13,443 [2600465e-836b-4590-acf2-1a77fd870a2a-groupManagement] INFO  server.RaftServerConfigKeys (ConfUtils.java:logGet(46)) - raft.server.rpc.slowness.timeout = 300000ms (custom)
2023-12-26 17:43:13,443 [2600465e-836b-4590-acf2-1a77fd870a2a-groupManagement] INFO  server.RaftServerConfigKeys (ConfUtils.java:logGet(46)) - raft.server.leaderelection.leader.step-down.wait-time = 10s (default)
2023-12-26 17:43:13,443 [2600465e-836b-4590-acf2-1a77fd870a2a-groupManagement] INFO  server.RaftServerConfigKeys (ConfUtils.java:logGet(46)) - raft.server.leaderelection.member.majority-add = false (default)
2023-12-26 17:43:13,443 [2600465e-836b-4590-acf2-1a77fd870a2a-groupManagement] INFO  server.RaftServerConfigKeys (ConfUtils.java:logGet(46)) - raft.server.sleep.deviation.threshold = 300ms (default)
2023-12-26 17:43:13,443 [2600465e-836b-4590-acf2-1a77fd870a2a-groupManagement] INFO  server.RaftServer$Division (ServerState.java:<init>(113)) - 2600465e-836b-4590-acf2-1a77fd870a2a@group-27F9F8B444EF: ConfigurationManager, init=-1: peers:[2600465e-836b-4590-acf2-1a77fd870a2a|10.1.0.4:15192, 330054a7-df09-49b5-8777-358ad940382e|10.1.0.4:15210, 3e443a17-2359-4412-bc58-72a30bb0f716|10.1.0.4:15201]|listeners:[], old=null, confs=<EMPTY_MAP>
2023-12-26 17:43:13,443 [2600465e-836b-4590-acf2-1a77fd870a2a-groupManagement] INFO  server.RaftServerConfigKeys (ConfUtils.java:logGet(46)) - raft.server.notification.no-leader.timeout = 300000ms (custom)
2023-12-26 17:43:13,443 [2600465e-836b-4590-acf2-1a77fd870a2a-groupManagement] INFO  server.RaftServerConfigKeys (ConfUtils.java:logGet(46)) - raft.server.read.timeout = 10s (default)
2023-12-26 17:43:13,444 [2600465e-836b-4590-acf2-1a77fd870a2a-groupManagement] INFO  server.RaftServerConfigKeys (ConfUtils.java:logGet(46)) - raft.server.retrycache.expirytime = 600000ms (custom)
2023-12-26 17:43:13,444 [2600465e-836b-4590-acf2-1a77fd870a2a-groupManagement] INFO  server.RaftServerConfigKeys (ConfUtils.java:logGet(46)) - raft.server.retrycache.statistics.expirytime = 100ms (default)
2023-12-26 17:43:13,444 [2600465e-836b-4590-acf2-1a77fd870a2a-groupManagement] INFO  server.RaftServerConfigKeys (ConfUtils.java:logGet(46)) - raft.server.read.option = DEFAULT (default)
2023-12-26 17:43:13,444 [2600465e-836b-4590-acf2-1a77fd870a2a-groupManagement] INFO  server.RaftServerConfigKeys (ConfUtils.java:logGet(46)) - raft.server.read.read-after-write-consistent.write-index-cache.expiry-time = 60s (default)
2023-12-26 17:43:13,445 [2600465e-836b-4590-acf2-1a77fd870a2a-groupManagement] INFO  server.RaftServerConfigKeys (ConfUtils.java:logGet(46)) - raft.server.rpc.request.timeout = 3000ms (default)
2023-12-26 17:43:13,445 [2600465e-836b-4590-acf2-1a77fd870a2a-groupManagement] INFO  server.RaftServerConfigKeys (ConfUtils.java:logGet(46)) - raft.server.log.appender.install.snapshot.enabled = false (custom)
2023-12-26 17:43:13,445 [2600465e-836b-4590-acf2-1a77fd870a2a-groupManagement] INFO  server.RaftServerConfigKeys (ConfUtils.java:logGet(46)) - raft.server.threadpool.server.cached = true (default)
2023-12-26 17:43:13,445 [2600465e-836b-4590-acf2-1a77fd870a2a-groupManagement] INFO  server.RaftServerConfigKeys (ConfUtils.java:logGet(46)) - raft.server.threadpool.server.size = 0 (default)
2023-12-26 17:43:13,445 [2600465e-836b-4590-acf2-1a77fd870a2a-groupManagement] INFO  server.RaftServerConfigKeys (ConfUtils.java:logGet(46)) - raft.server.threadpool.client.cached = true (default)
2023-12-26 17:43:13,445 [2600465e-836b-4590-acf2-1a77fd870a2a-groupManagement] INFO  server.RaftServerConfigKeys (ConfUtils.java:logGet(46)) - raft.server.threadpool.client.size = 0 (default)
2023-12-26 17:43:13,446 [2600465e-836b-4590-acf2-1a77fd870a2a-groupManagement] INFO  server.RaftServerConfigKeys (ConfUtils.java:logGet(46)) - raft.server.storage.free-space.min = 0MB (=0) (default)
2023-12-26 17:43:13,446 [2600465e-836b-4590-acf2-1a77fd870a2a-groupManagement] INFO  server.RaftServerConfigKeys (ConfUtils.java:logGet(46)) - raft.server.log.corruption.policy = EXCEPTION (default)
2023-12-26 17:43:13,446 [2600465e-836b-4590-acf2-1a77fd870a2a-groupManagement] INFO  server.RaftServerConfigKeys (ConfUtils.java:logGet(46)) - raft.server.storage.dir = [/home/runner/work/ozone/ozone/hadoop-ozone/integration-test/target/test-dir/MiniOzoneClusterImpl-a136b03b-8403-429e-9870-8bf85e606ef3/datanode-0/data/ratis] (custom)
2023-12-26 17:43:13,446 [2600465e-836b-4590-acf2-1a77fd870a2a-groupManagement] INFO  storage.RaftStorageDirectory (RaftStorageDirectoryImpl.java:analyzeStorage(138)) - The storage directory /home/runner/work/ozone/ozone/hadoop-ozone/integration-test/target/test-dir/MiniOzoneClusterImpl-a136b03b-8403-429e-9870-8bf85e606ef3/datanode-0/data/ratis/dfe792a5-8fa0-47ef-a35a-27f9f8b444ef does not exist. Creating ...
2023-12-26 17:43:13,447 [2600465e-836b-4590-acf2-1a77fd870a2a-groupManagement] INFO  storage.RaftStorageDirectory (RaftStorageDirectoryImpl.java:tryLock(232)) - Lock on /home/runner/work/ozone/ozone/hadoop-ozone/integration-test/target/test-dir/MiniOzoneClusterImpl-a136b03b-8403-429e-9870-8bf85e606ef3/datanode-0/data/ratis/dfe792a5-8fa0-47ef-a35a-27f9f8b444ef/in_use.lock acquired by nodename 85971@fv-az1381-115
2023-12-26 17:43:13,448 [2600465e-836b-4590-acf2-1a77fd870a2a-groupManagement] INFO  storage.RaftStorage (RaftStorageImpl.java:format(97)) - Storage directory /home/runner/work/ozone/ozone/hadoop-ozone/integration-test/target/test-dir/MiniOzoneClusterImpl-a136b03b-8403-429e-9870-8bf85e606ef3/datanode-0/data/ratis/dfe792a5-8fa0-47ef-a35a-27f9f8b444ef has been successfully formatted.
2023-12-26 17:43:13,448 [2600465e-836b-4590-acf2-1a77fd870a2a-groupManagement] INFO  ratis.ContainerStateMachine (ContainerStateMachine.java:loadSnapshot(287)) - group-27F9F8B444EF: The snapshot info is null. Setting the last applied indexto:(t:0, i:~)
2023-12-26 17:43:13,448 [2600465e-836b-4590-acf2-1a77fd870a2a-groupManagement] INFO  server.RaftServerConfigKeys (ConfUtils.java:logGet(46)) - raft.server.log.use.memory = false (default)
2023-12-26 17:43:13,448 [2600465e-836b-4590-acf2-1a77fd870a2a-groupManagement] INFO  server.RaftServerConfigKeys (ConfUtils.java:logGet(46)) - raft.server.log.purge.gap = 1000000 (custom)
2023-12-26 17:43:13,448 [2600465e-836b-4590-acf2-1a77fd870a2a-groupManagement] INFO  server.RaftServerConfigKeys (ConfUtils.java:logGet(46)) - raft.server.log.appender.buffer.byte-limit = 8388608 (custom)
2023-12-26 17:43:13,448 [2600465e-836b-4590-acf2-1a77fd870a2a-groupManagement] INFO  server.RaftServerConfigKeys (ConfUtils.java:logGet(46)) - raft.server.log.statemachine.data.read.timeout = 1000ms (default)
2023-12-26 17:43:13,448 [2600465e-836b-4590-acf2-1a77fd870a2a-groupManagement] INFO  server.RaftServerConfigKeys (ConfUtils.java:logGet(46)) - raft.server.log.purge.preservation.log.num = 0 (default)
2023-12-26 17:43:13,450 [2600465e-836b-4590-acf2-1a77fd870a2a-groupManagement] INFO  server.RaftServerConfigKeys (ConfUtils.java:logGet(46)) - raft.server.log.segment.size.max = 67108864 (custom)
2023-12-26 17:43:13,450 [2600465e-836b-4590-acf2-1a77fd870a2a-groupManagement] INFO  server.RaftServerConfigKeys (ConfUtils.java:logGet(46)) - raft.server.log.segment.cache.num.max = 2 (custom)
2023-12-26 17:43:13,450 [2600465e-836b-4590-acf2-1a77fd870a2a-groupManagement] INFO  server.RaftServerConfigKeys (ConfUtils.java:logGet(46)) - raft.server.log.segment.cache.size.max = 200MB (=209715200) (default)
2023-12-26 17:43:13,450 [2600465e-836b-4590-acf2-1a77fd870a2a-groupManagement] INFO  server.RaftServerConfigKeys (ConfUtils.java:logGet(46)) - raft.server.log.appender.buffer.byte-limit = 8388608 (custom)
2023-12-26 17:43:13,450 [2600465e-836b-4590-acf2-1a77fd870a2a-groupManagement] INFO  util.AwaitToRun (AwaitToRun.java:start(81)) - Thread[2600465e-836b-4590-acf2-1a77fd870a2a@group-27F9F8B444EF-cacheEviction-AwaitToRun,5,main] started
2023-12-26 17:43:13,450 [2600465e-836b-4590-acf2-1a77fd870a2a-groupManagement] INFO  segmented.SegmentedRaftLogWorker (SegmentedRaftLogWorker.java:<init>(184)) - new 2600465e-836b-4590-acf2-1a77fd870a2a@group-27F9F8B444EF-SegmentedRaftLogWorker for RaftStorageImpl:Storage Directory /home/runner/work/ozone/ozone/hadoop-ozone/integration-test/target/test-dir/MiniOzoneClusterImpl-a136b03b-8403-429e-9870-8bf85e606ef3/datanode-0/data/ratis/dfe792a5-8fa0-47ef-a35a-27f9f8b444ef
2023-12-26 17:43:13,450 [2600465e-836b-4590-acf2-1a77fd870a2a-groupManagement] INFO  server.RaftServerConfigKeys (ConfUtils.java:logGet(46)) - raft.server.log.queue.byte-limit = 4294967296 (custom)
2023-12-26 17:43:13,450 [2600465e-836b-4590-acf2-1a77fd870a2a-groupManagement] INFO  server.RaftServerConfigKeys (ConfUtils.java:logGet(46)) - raft.server.log.queue.element-limit = 1024 (custom)
2023-12-26 17:43:13,450 [2600465e-836b-4590-acf2-1a77fd870a2a-groupManagement] INFO  server.RaftServerConfigKeys (ConfUtils.java:logGet(46)) - raft.server.log.segment.size.max = 67108864 (custom)
2023-12-26 17:43:13,451 [2600465e-836b-4590-acf2-1a77fd870a2a-groupManagement] INFO  server.RaftServerConfigKeys (ConfUtils.java:logGet(46)) - raft.server.log.preallocated.size = 4194304 (custom)
2023-12-26 17:43:13,451 [2600465e-836b-4590-acf2-1a77fd870a2a-groupManagement] INFO  server.RaftServerConfigKeys (ConfUtils.java:logGet(46)) - raft.server.log.force.sync.num = 128 (default)
2023-12-26 17:43:13,451 [2600465e-836b-4590-acf2-1a77fd870a2a-groupManagement] INFO  server.RaftServerConfigKeys (ConfUtils.java:logGet(46)) - raft.server.log.statemachine.data.sync = true (default)
2023-12-26 17:43:13,451 [2600465e-836b-4590-acf2-1a77fd870a2a-groupManagement] INFO  server.RaftServerConfigKeys (ConfUtils.java:logGet(46)) - raft.server.log.statemachine.data.sync.timeout = 10s (default)
2023-12-26 17:43:13,451 [2600465e-836b-4590-acf2-1a77fd870a2a-groupManagement] INFO  server.RaftServerConfigKeys (ConfUtils.java:logGet(46)) - raft.server.log.statemachine.data.sync.timeout.retry = 0 (custom)
2023-12-26 17:43:13,451 [2600465e-836b-4590-acf2-1a77fd870a2a-groupManagement] INFO  server.RaftServerConfigKeys (ConfUtils.java:logGet(46)) - raft.server.log.write.buffer.size = 8388616 (custom)
2023-12-26 17:43:13,451 [EventQueue-OpenPipelineForHealthyPipelineSafeModeRule] INFO  safemode.SCMSafeModeManager (HealthyPipelineSafeModeRule.java:process(140)) - SCM in safe mode. Healthy pipelines reported count is 0, required healthy pipeline reported count is 1
2023-12-26 17:43:13,452 [2600465e-836b-4590-acf2-1a77fd870a2a-groupManagement] INFO  server.RaftServerConfigKeys (ConfUtils.java:logGet(46)) - raft.server.log.appender.buffer.byte-limit = 8388608 (custom)
2023-12-26 17:43:13,453 [2600465e-836b-4590-acf2-1a77fd870a2a-groupManagement] INFO  server.RaftServerConfigKeys (ConfUtils.java:logGet(46)) - raft.server.log.unsafe-flush.enabled = false (default)
2023-12-26 17:43:13,453 [2600465e-836b-4590-acf2-1a77fd870a2a-groupManagement] INFO  server.RaftServerConfigKeys (ConfUtils.java:logGet(46)) - raft.server.log.async-flush.enabled = false (default)
2023-12-26 17:43:13,453 [2600465e-836b-4590-acf2-1a77fd870a2a-groupManagement] INFO  server.RaftServerConfigKeys (ConfUtils.java:logGet(46)) - raft.server.log.statemachine.data.caching.enabled = true (custom)
2023-12-26 17:43:13,453 [2600465e-836b-4590-acf2-1a77fd870a2a-groupManagement] INFO  segmented.SegmentedRaftLogWorker (SegmentedRaftLogWorker.java:lambda$new$0(135)) - 2600465e-836b-4590-acf2-1a77fd870a2a@group-27F9F8B444EF-SegmentedRaftLogWorker: flushIndex: setUnconditionally 0 -> -1
2023-12-26 17:43:13,453 [2600465e-836b-4590-acf2-1a77fd870a2a-groupManagement] INFO  segmented.SegmentedRaftLogWorker (SegmentedRaftLogWorker.java:lambda$new$0(135)) - 2600465e-836b-4590-acf2-1a77fd870a2a@group-27F9F8B444EF-SegmentedRaftLogWorker: safeCacheEvictIndex: setUnconditionally 0 -> -1
2023-12-26 17:43:13,453 [2600465e-836b-4590-acf2-1a77fd870a2a-groupManagement] INFO  server.RaftServer$Division (RaftServerImpl.java:start(392)) - 2600465e-836b-4590-acf2-1a77fd870a2a@group-27F9F8B444EF: start as a follower, conf=-1: peers:[2600465e-836b-4590-acf2-1a77fd870a2a|10.1.0.4:15192, 330054a7-df09-49b5-8777-358ad940382e|10.1.0.4:15210, 3e443a17-2359-4412-bc58-72a30bb0f716|10.1.0.4:15201]|listeners:[], old=null
2023-12-26 17:43:13,453 [2600465e-836b-4590-acf2-1a77fd870a2a-groupManagement] INFO  server.RaftServer$Division (RaftServerImpl.java:setRole(379)) - 2600465e-836b-4590-acf2-1a77fd870a2a@group-27F9F8B444EF: changes role from      null to FOLLOWER at term 0 for startAsFollower
2023-12-26 17:43:13,453 [2600465e-836b-4590-acf2-1a77fd870a2a-groupManagement] INFO  impl.RoleInfo (RoleInfo.java:updateAndGet(139)) - 2600465e-836b-4590-acf2-1a77fd870a2a: start 2600465e-836b-4590-acf2-1a77fd870a2a@group-27F9F8B444EF-FollowerState
2023-12-26 17:43:13,454 [2600465e-836b-4590-acf2-1a77fd870a2a@group-27F9F8B444EF-FollowerState] INFO  server.RaftServerConfigKeys (ConfUtils.java:logFallback(53)) - raft.server.rpc.first-election.timeout.min = 5s (fallback to raft.server.rpc.timeout.min)
2023-12-26 17:43:13,454 [2600465e-836b-4590-acf2-1a77fd870a2a-groupManagement] INFO  util.JmxRegister (JmxRegister.java:tryRegister(44)) - Successfully registered JMX Bean with object name Ratis:service=RaftServer,group=group-27F9F8B444EF,id=2600465e-836b-4590-acf2-1a77fd870a2a
2023-12-26 17:43:13,454 [2600465e-836b-4590-acf2-1a77fd870a2a-groupManagement] INFO  server.RaftServerConfigKeys (ConfUtils.java:logGet(46)) - raft.server.snapshot.trigger-when-stop.enabled = true (default)
2023-12-26 17:43:13,454 [2600465e-836b-4590-acf2-1a77fd870a2a-groupManagement] INFO  server.RaftServerConfigKeys (ConfUtils.java:logGet(46)) - raft.server.snapshot.auto.trigger.enabled = true (custom)
2023-12-26 17:43:13,454 [2600465e-836b-4590-acf2-1a77fd870a2a-groupManagement] INFO  server.RaftServerConfigKeys (ConfUtils.java:logGet(46)) - raft.server.snapshot.auto.trigger.threshold = 10000 (custom)
2023-12-26 17:43:13,454 [2600465e-836b-4590-acf2-1a77fd870a2a-groupManagement] INFO  server.RaftServerConfigKeys (ConfUtils.java:logGet(46)) - raft.server.snapshot.retention.file.num = 5 (custom)
2023-12-26 17:43:13,454 [2600465e-836b-4590-acf2-1a77fd870a2a-groupManagement] INFO  server.RaftServerConfigKeys (ConfUtils.java:logGet(46)) - raft.server.log.purge.upto.snapshot.index = false (default)
2023-12-26 17:43:13,454 [2600465e-836b-4590-acf2-1a77fd870a2a@group-27F9F8B444EF-FollowerState] INFO  server.RaftServerConfigKeys (ConfUtils.java:logFallback(53)) - raft.server.rpc.first-election.timeout.max = 5200ms (fallback to raft.server.rpc.timeout.max)
2023-12-26 17:43:13,457 [2600465e-836b-4590-acf2-1a77fd870a2a-PipelineCommandHandlerThread-0] INFO  ratis.XceiverServerRatis (XceiverServerRatis.java:addGroup(837)) - Created group PipelineID=dfe792a5-8fa0-47ef-a35a-27f9f8b444ef
2023-12-26 17:43:13,466 [grpc-default-executor-2] INFO  server.RaftServer (RaftServerProxy.java:addNew(100)) - 3e443a17-2359-4412-bc58-72a30bb0f716: addNew group-27F9F8B444EF:[2600465e-836b-4590-acf2-1a77fd870a2a|10.1.0.4:15192, 330054a7-df09-49b5-8777-358ad940382e|10.1.0.4:15210, 3e443a17-2359-4412-bc58-72a30bb0f716|10.1.0.4:15201] returns group-27F9F8B444EF:java.util.concurrent.CompletableFuture@ccca1c1[Not completed]
2023-12-26 17:43:13,469 [3e443a17-2359-4412-bc58-72a30bb0f716-groupManagement] INFO  server.RaftServer$Division (RaftServerImpl.java:<init>(256)) - 3e443a17-2359-4412-bc58-72a30bb0f716: new RaftServerImpl for group-27F9F8B444EF:[2600465e-836b-4590-acf2-1a77fd870a2a|10.1.0.4:15192, 330054a7-df09-49b5-8777-358ad940382e|10.1.0.4:15210, 3e443a17-2359-4412-bc58-72a30bb0f716|10.1.0.4:15201] with ContainerStateMachine:uninitialized
2023-12-26 17:43:13,469 [3e443a17-2359-4412-bc58-72a30bb0f716-groupManagement] INFO  server.RaftServerConfigKeys (ConfUtils.java:logGet(46)) - raft.server.rpc.timeout.min = 5s (custom)
2023-12-26 17:43:13,469 [3e443a17-2359-4412-bc58-72a30bb0f716-groupManagement] INFO  server.RaftServerConfigKeys (ConfUtils.java:logGet(46)) - raft.server.rpc.timeout.max = 5200ms (custom)
2023-12-26 17:43:13,469 [3e443a17-2359-4412-bc58-72a30bb0f716-groupManagement] INFO  server.RaftServerConfigKeys (ConfUtils.java:logGet(46)) - raft.server.rpc.sleep.time = 25ms (default)
2023-12-26 17:43:13,469 [3e443a17-2359-4412-bc58-72a30bb0f716-groupManagement] INFO  server.RaftServerConfigKeys (ConfUtils.java:logGet(46)) - raft.server.rpc.slowness.timeout = 300000ms (custom)
2023-12-26 17:43:13,470 [3e443a17-2359-4412-bc58-72a30bb0f716-groupManagement] INFO  server.RaftServerConfigKeys (ConfUtils.java:logGet(46)) - raft.server.leaderelection.leader.step-down.wait-time = 10s (default)
2023-12-26 17:43:13,470 [3e443a17-2359-4412-bc58-72a30bb0f716-groupManagement] INFO  server.RaftServerConfigKeys (ConfUtils.java:logGet(46)) - raft.server.leaderelection.member.majority-add = false (default)
2023-12-26 17:43:13,470 [3e443a17-2359-4412-bc58-72a30bb0f716-groupManagement] INFO  server.RaftServerConfigKeys (ConfUtils.java:logGet(46)) - raft.server.sleep.deviation.threshold = 300ms (default)
2023-12-26 17:43:13,470 [3e443a17-2359-4412-bc58-72a30bb0f716-groupManagement] INFO  server.RaftServer$Division (ServerState.java:<init>(113)) - 3e443a17-2359-4412-bc58-72a30bb0f716@group-27F9F8B444EF: ConfigurationManager, init=-1: peers:[2600465e-836b-4590-acf2-1a77fd870a2a|10.1.0.4:15192, 330054a7-df09-49b5-8777-358ad940382e|10.1.0.4:15210, 3e443a17-2359-4412-bc58-72a30bb0f716|10.1.0.4:15201]|listeners:[], old=null, confs=<EMPTY_MAP>
2023-12-26 17:43:13,470 [3e443a17-2359-4412-bc58-72a30bb0f716-groupManagement] INFO  server.RaftServerConfigKeys (ConfUtils.java:logGet(46)) - raft.server.notification.no-leader.timeout = 300000ms (custom)
2023-12-26 17:43:13,470 [3e443a17-2359-4412-bc58-72a30bb0f716-groupManagement] INFO  server.RaftServerConfigKeys (ConfUtils.java:logGet(46)) - raft.server.read.timeout = 10s (default)
2023-12-26 17:43:13,470 [3e443a17-2359-4412-bc58-72a30bb0f716-groupManagement] INFO  server.RaftServerConfigKeys (ConfUtils.java:logGet(46)) - raft.server.retrycache.expirytime = 600000ms (custom)
2023-12-26 17:43:13,470 [3e443a17-2359-4412-bc58-72a30bb0f716-groupManagement] INFO  server.RaftServerConfigKeys (ConfUtils.java:logGet(46)) - raft.server.retrycache.statistics.expirytime = 100ms (default)
2023-12-26 17:43:13,470 [3e443a17-2359-4412-bc58-72a30bb0f716-groupManagement] INFO  server.RaftServerConfigKeys (ConfUtils.java:logGet(46)) - raft.server.read.option = DEFAULT (default)
2023-12-26 17:43:13,470 [3e443a17-2359-4412-bc58-72a30bb0f716-groupManagement] INFO  server.RaftServerConfigKeys (ConfUtils.java:logGet(46)) - raft.server.read.read-after-write-consistent.write-index-cache.expiry-time = 60s (default)
2023-12-26 17:43:13,471 [3e443a17-2359-4412-bc58-72a30bb0f716-groupManagement] INFO  server.RaftServerConfigKeys (ConfUtils.java:logGet(46)) - raft.server.rpc.request.timeout = 3000ms (default)
2023-12-26 17:43:13,471 [3e443a17-2359-4412-bc58-72a30bb0f716-groupManagement] INFO  server.RaftServerConfigKeys (ConfUtils.java:logGet(46)) - raft.server.log.appender.install.snapshot.enabled = false (custom)
2023-12-26 17:43:13,471 [3e443a17-2359-4412-bc58-72a30bb0f716-groupManagement] INFO  server.RaftServerConfigKeys (ConfUtils.java:logGet(46)) - raft.server.threadpool.server.cached = true (default)
2023-12-26 17:43:13,471 [3e443a17-2359-4412-bc58-72a30bb0f716-groupManagement] INFO  server.RaftServerConfigKeys (ConfUtils.java:logGet(46)) - raft.server.threadpool.server.size = 0 (default)
2023-12-26 17:43:13,471 [3e443a17-2359-4412-bc58-72a30bb0f716-groupManagement] INFO  server.RaftServerConfigKeys (ConfUtils.java:logGet(46)) - raft.server.threadpool.client.cached = true (default)
2023-12-26 17:43:13,471 [3e443a17-2359-4412-bc58-72a30bb0f716-groupManagement] INFO  server.RaftServerConfigKeys (ConfUtils.java:logGet(46)) - raft.server.threadpool.client.size = 0 (default)
2023-12-26 17:43:13,471 [3e443a17-2359-4412-bc58-72a30bb0f716-groupManagement] INFO  server.RaftServerConfigKeys (ConfUtils.java:logGet(46)) - raft.server.storage.free-space.min = 0MB (=0) (default)
2023-12-26 17:43:13,472 [3e443a17-2359-4412-bc58-72a30bb0f716-groupManagement] INFO  server.RaftServerConfigKeys (ConfUtils.java:logGet(46)) - raft.server.log.corruption.policy = EXCEPTION (default)
2023-12-26 17:43:13,472 [3e443a17-2359-4412-bc58-72a30bb0f716-groupManagement] INFO  server.RaftServerConfigKeys (ConfUtils.java:logGet(46)) - raft.server.storage.dir = [/home/runner/work/ozone/ozone/hadoop-ozone/integration-test/target/test-dir/MiniOzoneClusterImpl-a136b03b-8403-429e-9870-8bf85e606ef3/datanode-1/data/ratis] (custom)
2023-12-26 17:43:13,472 [3e443a17-2359-4412-bc58-72a30bb0f716-groupManagement] INFO  storage.RaftStorageDirectory (RaftStorageDirectoryImpl.java:analyzeStorage(138)) - The storage directory /home/runner/work/ozone/ozone/hadoop-ozone/integration-test/target/test-dir/MiniOzoneClusterImpl-a136b03b-8403-429e-9870-8bf85e606ef3/datanode-1/data/ratis/dfe792a5-8fa0-47ef-a35a-27f9f8b444ef does not exist. Creating ...
2023-12-26 17:43:13,473 [3e443a17-2359-4412-bc58-72a30bb0f716-groupManagement] INFO  storage.RaftStorageDirectory (RaftStorageDirectoryImpl.java:tryLock(232)) - Lock on /home/runner/work/ozone/ozone/hadoop-ozone/integration-test/target/test-dir/MiniOzoneClusterImpl-a136b03b-8403-429e-9870-8bf85e606ef3/datanode-1/data/ratis/dfe792a5-8fa0-47ef-a35a-27f9f8b444ef/in_use.lock acquired by nodename 85971@fv-az1381-115
2023-12-26 17:43:13,474 [3e443a17-2359-4412-bc58-72a30bb0f716-groupManagement] INFO  storage.RaftStorage (RaftStorageImpl.java:format(97)) - Storage directory /home/runner/work/ozone/ozone/hadoop-ozone/integration-test/target/test-dir/MiniOzoneClusterImpl-a136b03b-8403-429e-9870-8bf85e606ef3/datanode-1/data/ratis/dfe792a5-8fa0-47ef-a35a-27f9f8b444ef has been successfully formatted.
2023-12-26 17:43:13,476 [3e443a17-2359-4412-bc58-72a30bb0f716-groupManagement] INFO  ratis.ContainerStateMachine (ContainerStateMachine.java:loadSnapshot(287)) - group-27F9F8B444EF: The snapshot info is null. Setting the last applied indexto:(t:0, i:~)
2023-12-26 17:43:13,476 [3e443a17-2359-4412-bc58-72a30bb0f716-groupManagement] INFO  server.RaftServerConfigKeys (ConfUtils.java:logGet(46)) - raft.server.log.use.memory = false (default)
2023-12-26 17:43:13,477 [3e443a17-2359-4412-bc58-72a30bb0f716-groupManagement] INFO  server.RaftServerConfigKeys (ConfUtils.java:logGet(46)) - raft.server.log.purge.gap = 1000000 (custom)
2023-12-26 17:43:13,477 [3e443a17-2359-4412-bc58-72a30bb0f716-groupManagement] INFO  server.RaftServerConfigKeys (ConfUtils.java:logGet(46)) - raft.server.log.appender.buffer.byte-limit = 8388608 (custom)
2023-12-26 17:43:13,477 [3e443a17-2359-4412-bc58-72a30bb0f716-groupManagement] INFO  server.RaftServerConfigKeys (ConfUtils.java:logGet(46)) - raft.server.log.statemachine.data.read.timeout = 1000ms (default)
2023-12-26 17:43:13,477 [3e443a17-2359-4412-bc58-72a30bb0f716-groupManagement] INFO  server.RaftServerConfigKeys (ConfUtils.java:logGet(46)) - raft.server.log.purge.preservation.log.num = 0 (default)
2023-12-26 17:43:13,478 [3e443a17-2359-4412-bc58-72a30bb0f716-groupManagement] INFO  server.RaftServerConfigKeys (ConfUtils.java:logGet(46)) - raft.server.log.segment.size.max = 67108864 (custom)
2023-12-26 17:43:13,478 [3e443a17-2359-4412-bc58-72a30bb0f716-groupManagement] INFO  server.RaftServerConfigKeys (ConfUtils.java:logGet(46)) - raft.server.log.segment.cache.num.max = 2 (custom)
2023-12-26 17:43:13,478 [3e443a17-2359-4412-bc58-72a30bb0f716-groupManagement] INFO  server.RaftServerConfigKeys (ConfUtils.java:logGet(46)) - raft.server.log.segment.cache.size.max = 200MB (=209715200) (default)
2023-12-26 17:43:13,479 [3e443a17-2359-4412-bc58-72a30bb0f716-groupManagement] INFO  server.RaftServerConfigKeys (ConfUtils.java:logGet(46)) - raft.server.log.appender.buffer.byte-limit = 8388608 (custom)
2023-12-26 17:43:13,479 [3e443a17-2359-4412-bc58-72a30bb0f716-groupManagement] INFO  util.AwaitToRun (AwaitToRun.java:start(81)) - Thread[3e443a17-2359-4412-bc58-72a30bb0f716@group-27F9F8B444EF-cacheEviction-AwaitToRun,5,main] started
2023-12-26 17:43:13,479 [3e443a17-2359-4412-bc58-72a30bb0f716-groupManagement] INFO  segmented.SegmentedRaftLogWorker (SegmentedRaftLogWorker.java:<init>(184)) - new 3e443a17-2359-4412-bc58-72a30bb0f716@group-27F9F8B444EF-SegmentedRaftLogWorker for RaftStorageImpl:Storage Directory /home/runner/work/ozone/ozone/hadoop-ozone/integration-test/target/test-dir/MiniOzoneClusterImpl-a136b03b-8403-429e-9870-8bf85e606ef3/datanode-1/data/ratis/dfe792a5-8fa0-47ef-a35a-27f9f8b444ef
2023-12-26 17:43:13,479 [3e443a17-2359-4412-bc58-72a30bb0f716-groupManagement] INFO  server.RaftServerConfigKeys (ConfUtils.java:logGet(46)) - raft.server.log.queue.byte-limit = 4294967296 (custom)
2023-12-26 17:43:13,479 [3e443a17-2359-4412-bc58-72a30bb0f716-groupManagement] INFO  server.RaftServerConfigKeys (ConfUtils.java:logGet(46)) - raft.server.log.queue.element-limit = 1024 (custom)
2023-12-26 17:43:13,479 [3e443a17-2359-4412-bc58-72a30bb0f716-groupManagement] INFO  server.RaftServerConfigKeys (ConfUtils.java:logGet(46)) - raft.server.log.segment.size.max = 67108864 (custom)
2023-12-26 17:43:13,479 [3e443a17-2359-4412-bc58-72a30bb0f716-groupManagement] INFO  server.RaftServerConfigKeys (ConfUtils.java:logGet(46)) - raft.server.log.preallocated.size = 4194304 (custom)
2023-12-26 17:43:13,479 [3e443a17-2359-4412-bc58-72a30bb0f716-groupManagement] INFO  server.RaftServerConfigKeys (ConfUtils.java:logGet(46)) - raft.server.log.force.sync.num = 128 (default)
2023-12-26 17:43:13,479 [3e443a17-2359-4412-bc58-72a30bb0f716-groupManagement] INFO  server.RaftServerConfigKeys (ConfUtils.java:logGet(46)) - raft.server.log.statemachine.data.sync = true (default)
2023-12-26 17:43:13,479 [3e443a17-2359-4412-bc58-72a30bb0f716-groupManagement] INFO  server.RaftServerConfigKeys (ConfUtils.java:logGet(46)) - raft.server.log.statemachine.data.sync.timeout = 10s (default)
2023-12-26 17:43:13,479 [3e443a17-2359-4412-bc58-72a30bb0f716-groupManagement] INFO  server.RaftServerConfigKeys (ConfUtils.java:logGet(46)) - raft.server.log.statemachine.data.sync.timeout.retry = 0 (custom)
2023-12-26 17:43:13,479 [3e443a17-2359-4412-bc58-72a30bb0f716-groupManagement] INFO  server.RaftServerConfigKeys (ConfUtils.java:logGet(46)) - raft.server.log.write.buffer.size = 8388616 (custom)
2023-12-26 17:43:13,481 [3e443a17-2359-4412-bc58-72a30bb0f716-groupManagement] INFO  server.RaftServerConfigKeys (ConfUtils.java:logGet(46)) - raft.server.log.appender.buffer.byte-limit = 8388608 (custom)
2023-12-26 17:43:13,481 [3e443a17-2359-4412-bc58-72a30bb0f716-groupManagement] INFO  server.RaftServerConfigKeys (ConfUtils.java:logGet(46)) - raft.server.log.unsafe-flush.enabled = false (default)
2023-12-26 17:43:13,481 [3e443a17-2359-4412-bc58-72a30bb0f716-groupManagement] INFO  server.RaftServerConfigKeys (ConfUtils.java:logGet(46)) - raft.server.log.async-flush.enabled = false (default)
2023-12-26 17:43:13,481 [3e443a17-2359-4412-bc58-72a30bb0f716-groupManagement] INFO  server.RaftServerConfigKeys (ConfUtils.java:logGet(46)) - raft.server.log.statemachine.data.caching.enabled = true (custom)
2023-12-26 17:43:13,482 [3e443a17-2359-4412-bc58-72a30bb0f716-groupManagement] INFO  segmented.SegmentedRaftLogWorker (SegmentedRaftLogWorker.java:lambda$new$0(135)) - 3e443a17-2359-4412-bc58-72a30bb0f716@group-27F9F8B444EF-SegmentedRaftLogWorker: flushIndex: setUnconditionally 0 -> -1
2023-12-26 17:43:13,482 [3e443a17-2359-4412-bc58-72a30bb0f716-groupManagement] INFO  segmented.SegmentedRaftLogWorker (SegmentedRaftLogWorker.java:lambda$new$0(135)) - 3e443a17-2359-4412-bc58-72a30bb0f716@group-27F9F8B444EF-SegmentedRaftLogWorker: safeCacheEvictIndex: setUnconditionally 0 -> -1
2023-12-26 17:43:13,482 [3e443a17-2359-4412-bc58-72a30bb0f716-groupManagement] INFO  server.RaftServer$Division (RaftServerImpl.java:start(392)) - 3e443a17-2359-4412-bc58-72a30bb0f716@group-27F9F8B444EF: start as a follower, conf=-1: peers:[2600465e-836b-4590-acf2-1a77fd870a2a|10.1.0.4:15192, 330054a7-df09-49b5-8777-358ad940382e|10.1.0.4:15210, 3e443a17-2359-4412-bc58-72a30bb0f716|10.1.0.4:15201]|listeners:[], old=null
2023-12-26 17:43:13,482 [3e443a17-2359-4412-bc58-72a30bb0f716-groupManagement] INFO  server.RaftServer$Division (RaftServerImpl.java:setRole(379)) - 3e443a17-2359-4412-bc58-72a30bb0f716@group-27F9F8B444EF: changes role from      null to FOLLOWER at term 0 for startAsFollower
2023-12-26 17:43:13,482 [3e443a17-2359-4412-bc58-72a30bb0f716-groupManagement] INFO  impl.RoleInfo (RoleInfo.java:updateAndGet(139)) - 3e443a17-2359-4412-bc58-72a30bb0f716: start 3e443a17-2359-4412-bc58-72a30bb0f716@group-27F9F8B444EF-FollowerState
2023-12-26 17:43:13,482 [3e443a17-2359-4412-bc58-72a30bb0f716@group-27F9F8B444EF-FollowerState] INFO  server.RaftServerConfigKeys (ConfUtils.java:logFallback(53)) - raft.server.rpc.first-election.timeout.min = 5s (fallback to raft.server.rpc.timeout.min)
2023-12-26 17:43:13,482 [3e443a17-2359-4412-bc58-72a30bb0f716-groupManagement] INFO  util.JmxRegister (JmxRegister.java:tryRegister(44)) - Successfully registered JMX Bean with object name Ratis:service=RaftServer,group=group-27F9F8B444EF,id=3e443a17-2359-4412-bc58-72a30bb0f716
2023-12-26 17:43:13,482 [3e443a17-2359-4412-bc58-72a30bb0f716@group-27F9F8B444EF-FollowerState] INFO  server.RaftServerConfigKeys (ConfUtils.java:logFallback(53)) - raft.server.rpc.first-election.timeout.max = 5200ms (fallback to raft.server.rpc.timeout.max)
2023-12-26 17:43:13,482 [3e443a17-2359-4412-bc58-72a30bb0f716-groupManagement] INFO  server.RaftServerConfigKeys (ConfUtils.java:logGet(46)) - raft.server.snapshot.trigger-when-stop.enabled = true (default)
2023-12-26 17:43:13,483 [3e443a17-2359-4412-bc58-72a30bb0f716-groupManagement] INFO  server.RaftServerConfigKeys (ConfUtils.java:logGet(46)) - raft.server.snapshot.auto.trigger.enabled = true (custom)
2023-12-26 17:43:13,483 [3e443a17-2359-4412-bc58-72a30bb0f716-groupManagement] INFO  server.RaftServerConfigKeys (ConfUtils.java:logGet(46)) - raft.server.snapshot.auto.trigger.threshold = 10000 (custom)
2023-12-26 17:43:13,483 [3e443a17-2359-4412-bc58-72a30bb0f716-groupManagement] INFO  server.RaftServerConfigKeys (ConfUtils.java:logGet(46)) - raft.server.snapshot.retention.file.num = 5 (custom)
2023-12-26 17:43:13,483 [3e443a17-2359-4412-bc58-72a30bb0f716-groupManagement] INFO  server.RaftServerConfigKeys (ConfUtils.java:logGet(46)) - raft.server.log.purge.upto.snapshot.index = false (default)
2023-12-26 17:43:13,493 [grpc-default-executor-2] INFO  server.RaftServer (RaftServerProxy.java:addNew(100)) - 330054a7-df09-49b5-8777-358ad940382e: addNew group-27F9F8B444EF:[2600465e-836b-4590-acf2-1a77fd870a2a|10.1.0.4:15192, 330054a7-df09-49b5-8777-358ad940382e|10.1.0.4:15210, 3e443a17-2359-4412-bc58-72a30bb0f716|10.1.0.4:15201] returns group-27F9F8B444EF:java.util.concurrent.CompletableFuture@2da8b6f9[Not completed]
2023-12-26 17:43:13,494 [330054a7-df09-49b5-8777-358ad940382e-groupManagement] INFO  server.RaftServer$Division (RaftServerImpl.java:<init>(256)) - 330054a7-df09-49b5-8777-358ad940382e: new RaftServerImpl for group-27F9F8B444EF:[2600465e-836b-4590-acf2-1a77fd870a2a|10.1.0.4:15192, 330054a7-df09-49b5-8777-358ad940382e|10.1.0.4:15210, 3e443a17-2359-4412-bc58-72a30bb0f716|10.1.0.4:15201] with ContainerStateMachine:uninitialized
2023-12-26 17:43:13,494 [330054a7-df09-49b5-8777-358ad940382e-groupManagement] INFO  server.RaftServerConfigKeys (ConfUtils.java:logGet(46)) - raft.server.rpc.timeout.min = 5s (custom)
2023-12-26 17:43:13,494 [330054a7-df09-49b5-8777-358ad940382e-groupManagement] INFO  server.RaftServerConfigKeys (ConfUtils.java:logGet(46)) - raft.server.rpc.timeout.max = 5200ms (custom)
2023-12-26 17:43:13,494 [330054a7-df09-49b5-8777-358ad940382e-groupManagement] INFO  server.RaftServerConfigKeys (ConfUtils.java:logGet(46)) - raft.server.rpc.sleep.time = 25ms (default)
2023-12-26 17:43:13,494 [330054a7-df09-49b5-8777-358ad940382e-groupManagement] INFO  server.RaftServerConfigKeys (ConfUtils.java:logGet(46)) - raft.server.rpc.slowness.timeout = 300000ms (custom)
2023-12-26 17:43:13,494 [330054a7-df09-49b5-8777-358ad940382e-groupManagement] INFO  server.RaftServerConfigKeys (ConfUtils.java:logGet(46)) - raft.server.leaderelection.leader.step-down.wait-time = 10s (default)
2023-12-26 17:43:13,494 [330054a7-df09-49b5-8777-358ad940382e-groupManagement] INFO  server.RaftServerConfigKeys (ConfUtils.java:logGet(46)) - raft.server.leaderelection.member.majority-add = false (default)
2023-12-26 17:43:13,494 [330054a7-df09-49b5-8777-358ad940382e-groupManagement] INFO  server.RaftServerConfigKeys (ConfUtils.java:logGet(46)) - raft.server.sleep.deviation.threshold = 300ms (default)
2023-12-26 17:43:13,494 [330054a7-df09-49b5-8777-358ad940382e-groupManagement] INFO  server.RaftServer$Division (ServerState.java:<init>(113)) - 330054a7-df09-49b5-8777-358ad940382e@group-27F9F8B444EF: ConfigurationManager, init=-1: peers:[2600465e-836b-4590-acf2-1a77fd870a2a|10.1.0.4:15192, 330054a7-df09-49b5-8777-358ad940382e|10.1.0.4:15210, 3e443a17-2359-4412-bc58-72a30bb0f716|10.1.0.4:15201]|listeners:[], old=null, confs=<EMPTY_MAP>
2023-12-26 17:43:13,494 [330054a7-df09-49b5-8777-358ad940382e-groupManagement] INFO  server.RaftServerConfigKeys (ConfUtils.java:logGet(46)) - raft.server.notification.no-leader.timeout = 300000ms (custom)
2023-12-26 17:43:13,494 [330054a7-df09-49b5-8777-358ad940382e-groupManagement] INFO  server.RaftServerConfigKeys (ConfUtils.java:logGet(46)) - raft.server.read.timeout = 10s (default)
2023-12-26 17:43:13,494 [330054a7-df09-49b5-8777-358ad940382e-groupManagement] INFO  server.RaftServerConfigKeys (ConfUtils.java:logGet(46)) - raft.server.retrycache.expirytime = 600000ms (custom)
2023-12-26 17:43:13,495 [330054a7-df09-49b5-8777-358ad940382e-groupManagement] INFO  server.RaftServerConfigKeys (ConfUtils.java:logGet(46)) - raft.server.retrycache.statistics.expirytime = 100ms (default)
2023-12-26 17:43:13,495 [330054a7-df09-49b5-8777-358ad940382e-groupManagement] INFO  server.RaftServerConfigKeys (ConfUtils.java:logGet(46)) - raft.server.read.option = DEFAULT (default)
2023-12-26 17:43:13,495 [330054a7-df09-49b5-8777-358ad940382e-groupManagement] INFO  server.RaftServerConfigKeys (ConfUtils.java:logGet(46)) - raft.server.read.read-after-write-consistent.write-index-cache.expiry-time = 60s (default)
2023-12-26 17:43:13,497 [330054a7-df09-49b5-8777-358ad940382e-groupManagement] INFO  server.RaftServerConfigKeys (ConfUtils.java:logGet(46)) - raft.server.rpc.request.timeout = 3000ms (default)
2023-12-26 17:43:13,497 [330054a7-df09-49b5-8777-358ad940382e-groupManagement] INFO  server.RaftServerConfigKeys (ConfUtils.java:logGet(46)) - raft.server.log.appender.install.snapshot.enabled = false (custom)
2023-12-26 17:43:13,497 [330054a7-df09-49b5-8777-358ad940382e-groupManagement] INFO  server.RaftServerConfigKeys (ConfUtils.java:logGet(46)) - raft.server.threadpool.server.cached = true (default)
2023-12-26 17:43:13,497 [330054a7-df09-49b5-8777-358ad940382e-groupManagement] INFO  server.RaftServerConfigKeys (ConfUtils.java:logGet(46)) - raft.server.threadpool.server.size = 0 (default)
2023-12-26 17:43:13,497 [330054a7-df09-49b5-8777-358ad940382e-groupManagement] INFO  server.RaftServerConfigKeys (ConfUtils.java:logGet(46)) - raft.server.threadpool.client.cached = true (default)
2023-12-26 17:43:13,497 [330054a7-df09-49b5-8777-358ad940382e-groupManagement] INFO  server.RaftServerConfigKeys (ConfUtils.java:logGet(46)) - raft.server.threadpool.client.size = 0 (default)
2023-12-26 17:43:13,497 [330054a7-df09-49b5-8777-358ad940382e-groupManagement] INFO  server.RaftServerConfigKeys (ConfUtils.java:logGet(46)) - raft.server.storage.free-space.min = 0MB (=0) (default)
2023-12-26 17:43:13,497 [330054a7-df09-49b5-8777-358ad940382e-groupManagement] INFO  server.RaftServerConfigKeys (ConfUtils.java:logGet(46)) - raft.server.log.corruption.policy = EXCEPTION (default)
2023-12-26 17:43:13,497 [330054a7-df09-49b5-8777-358ad940382e-groupManagement] INFO  server.RaftServerConfigKeys (ConfUtils.java:logGet(46)) - raft.server.storage.dir = [/home/runner/work/ozone/ozone/hadoop-ozone/integration-test/target/test-dir/MiniOzoneClusterImpl-a136b03b-8403-429e-9870-8bf85e606ef3/datanode-2/data/ratis] (custom)
2023-12-26 17:43:13,497 [330054a7-df09-49b5-8777-358ad940382e-groupManagement] INFO  storage.RaftStorageDirectory (RaftStorageDirectoryImpl.java:analyzeStorage(138)) - The storage directory /home/runner/work/ozone/ozone/hadoop-ozone/integration-test/target/test-dir/MiniOzoneClusterImpl-a136b03b-8403-429e-9870-8bf85e606ef3/datanode-2/data/ratis/dfe792a5-8fa0-47ef-a35a-27f9f8b444ef does not exist. Creating ...
2023-12-26 17:43:13,499 [330054a7-df09-49b5-8777-358ad940382e-groupManagement] INFO  storage.RaftStorageDirectory (RaftStorageDirectoryImpl.java:tryLock(232)) - Lock on /home/runner/work/ozone/ozone/hadoop-ozone/integration-test/target/test-dir/MiniOzoneClusterImpl-a136b03b-8403-429e-9870-8bf85e606ef3/datanode-2/data/ratis/dfe792a5-8fa0-47ef-a35a-27f9f8b444ef/in_use.lock acquired by nodename 85971@fv-az1381-115
2023-12-26 17:43:13,500 [330054a7-df09-49b5-8777-358ad940382e-groupManagement] INFO  storage.RaftStorage (RaftStorageImpl.java:format(97)) - Storage directory /home/runner/work/ozone/ozone/hadoop-ozone/integration-test/target/test-dir/MiniOzoneClusterImpl-a136b03b-8403-429e-9870-8bf85e606ef3/datanode-2/data/ratis/dfe792a5-8fa0-47ef-a35a-27f9f8b444ef has been successfully formatted.
2023-12-26 17:43:13,501 [330054a7-df09-49b5-8777-358ad940382e-groupManagement] INFO  ratis.ContainerStateMachine (ContainerStateMachine.java:loadSnapshot(287)) - group-27F9F8B444EF: The snapshot info is null. Setting the last applied indexto:(t:0, i:~)
2023-12-26 17:43:13,501 [330054a7-df09-49b5-8777-358ad940382e-groupManagement] INFO  server.RaftServerConfigKeys (ConfUtils.java:logGet(46)) - raft.server.log.use.memory = false (default)
2023-12-26 17:43:13,502 [330054a7-df09-49b5-8777-358ad940382e-groupManagement] INFO  server.RaftServerConfigKeys (ConfUtils.java:logGet(46)) - raft.server.log.purge.gap = 1000000 (custom)
2023-12-26 17:43:13,502 [330054a7-df09-49b5-8777-358ad940382e-groupManagement] INFO  server.RaftServerConfigKeys (ConfUtils.java:logGet(46)) - raft.server.log.appender.buffer.byte-limit = 8388608 (custom)
2023-12-26 17:43:13,502 [330054a7-df09-49b5-8777-358ad940382e-groupManagement] INFO  server.RaftServerConfigKeys (ConfUtils.java:logGet(46)) - raft.server.log.statemachine.data.read.timeout = 1000ms (default)
2023-12-26 17:43:13,502 [330054a7-df09-49b5-8777-358ad940382e-groupManagement] INFO  server.RaftServerConfigKeys (ConfUtils.java:logGet(46)) - raft.server.log.purge.preservation.log.num = 0 (default)
2023-12-26 17:43:13,503 [330054a7-df09-49b5-8777-358ad940382e-groupManagement] INFO  server.RaftServerConfigKeys (ConfUtils.java:logGet(46)) - raft.server.log.segment.size.max = 67108864 (custom)
2023-12-26 17:43:13,504 [330054a7-df09-49b5-8777-358ad940382e-groupManagement] INFO  server.RaftServerConfigKeys (ConfUtils.java:logGet(46)) - raft.server.log.segment.cache.num.max = 2 (custom)
2023-12-26 17:43:13,504 [330054a7-df09-49b5-8777-358ad940382e-groupManagement] INFO  server.RaftServerConfigKeys (ConfUtils.java:logGet(46)) - raft.server.log.segment.cache.size.max = 200MB (=209715200) (default)
2023-12-26 17:43:13,504 [330054a7-df09-49b5-8777-358ad940382e-groupManagement] INFO  server.RaftServerConfigKeys (ConfUtils.java:logGet(46)) - raft.server.log.appender.buffer.byte-limit = 8388608 (custom)
2023-12-26 17:43:13,504 [330054a7-df09-49b5-8777-358ad940382e-groupManagement] INFO  util.AwaitToRun (AwaitToRun.java:start(81)) - Thread[330054a7-df09-49b5-8777-358ad940382e@group-27F9F8B444EF-cacheEviction-AwaitToRun,5,main] started
2023-12-26 17:43:13,504 [330054a7-df09-49b5-8777-358ad940382e-groupManagement] INFO  segmented.SegmentedRaftLogWorker (SegmentedRaftLogWorker.java:<init>(184)) - new 330054a7-df09-49b5-8777-358ad940382e@group-27F9F8B444EF-SegmentedRaftLogWorker for RaftStorageImpl:Storage Directory /home/runner/work/ozone/ozone/hadoop-ozone/integration-test/target/test-dir/MiniOzoneClusterImpl-a136b03b-8403-429e-9870-8bf85e606ef3/datanode-2/data/ratis/dfe792a5-8fa0-47ef-a35a-27f9f8b444ef
2023-12-26 17:43:13,504 [330054a7-df09-49b5-8777-358ad940382e-groupManagement] INFO  server.RaftServerConfigKeys (ConfUtils.java:logGet(46)) - raft.server.log.queue.byte-limit = 4294967296 (custom)
2023-12-26 17:43:13,504 [330054a7-df09-49b5-8777-358ad940382e-groupManagement] INFO  server.RaftServerConfigKeys (ConfUtils.java:logGet(46)) - raft.server.log.queue.element-limit = 1024 (custom)
2023-12-26 17:43:13,504 [330054a7-df09-49b5-8777-358ad940382e-groupManagement] INFO  server.RaftServerConfigKeys (ConfUtils.java:logGet(46)) - raft.server.log.segment.size.max = 67108864 (custom)
2023-12-26 17:43:13,504 [330054a7-df09-49b5-8777-358ad940382e-groupManagement] INFO  server.RaftServerConfigKeys (ConfUtils.java:logGet(46)) - raft.server.log.preallocated.size = 4194304 (custom)
2023-12-26 17:43:13,504 [330054a7-df09-49b5-8777-358ad940382e-groupManagement] INFO  server.RaftServerConfigKeys (ConfUtils.java:logGet(46)) - raft.server.log.force.sync.num = 128 (default)
2023-12-26 17:43:13,504 [330054a7-df09-49b5-8777-358ad940382e-groupManagement] INFO  server.RaftServerConfigKeys (ConfUtils.java:logGet(46)) - raft.server.log.statemachine.data.sync = true (default)
2023-12-26 17:43:13,504 [330054a7-df09-49b5-8777-358ad940382e-groupManagement] INFO  server.RaftServerConfigKeys (ConfUtils.java:logGet(46)) - raft.server.log.statemachine.data.sync.timeout = 10s (default)
2023-12-26 17:43:13,504 [330054a7-df09-49b5-8777-358ad940382e-groupManagement] INFO  server.RaftServerConfigKeys (ConfUtils.java:logGet(46)) - raft.server.log.statemachine.data.sync.timeout.retry = 0 (custom)
2023-12-26 17:43:13,505 [330054a7-df09-49b5-8777-358ad940382e-groupManagement] INFO  server.RaftServerConfigKeys (ConfUtils.java:logGet(46)) - raft.server.log.write.buffer.size = 8388616 (custom)
2023-12-26 17:43:13,506 [330054a7-df09-49b5-8777-358ad940382e-groupManagement] INFO  server.RaftServerConfigKeys (ConfUtils.java:logGet(46)) - raft.server.log.appender.buffer.byte-limit = 8388608 (custom)
2023-12-26 17:43:13,507 [330054a7-df09-49b5-8777-358ad940382e-groupManagement] INFO  server.RaftServerConfigKeys (ConfUtils.java:logGet(46)) - raft.server.log.unsafe-flush.enabled = false (default)
2023-12-26 17:43:13,507 [330054a7-df09-49b5-8777-358ad940382e-groupManagement] INFO  server.RaftServerConfigKeys (ConfUtils.java:logGet(46)) - raft.server.log.async-flush.enabled = false (default)
2023-12-26 17:43:13,507 [330054a7-df09-49b5-8777-358ad940382e-groupManagement] INFO  server.RaftServerConfigKeys (ConfUtils.java:logGet(46)) - raft.server.log.statemachine.data.caching.enabled = true (custom)
2023-12-26 17:43:13,507 [330054a7-df09-49b5-8777-358ad940382e-groupManagement] INFO  segmented.SegmentedRaftLogWorker (SegmentedRaftLogWorker.java:lambda$new$0(135)) - 330054a7-df09-49b5-8777-358ad940382e@group-27F9F8B444EF-SegmentedRaftLogWorker: flushIndex: setUnconditionally 0 -> -1
2023-12-26 17:43:13,507 [330054a7-df09-49b5-8777-358ad940382e-groupManagement] INFO  segmented.SegmentedRaftLogWorker (SegmentedRaftLogWorker.java:lambda$new$0(135)) - 330054a7-df09-49b5-8777-358ad940382e@group-27F9F8B444EF-SegmentedRaftLogWorker: safeCacheEvictIndex: setUnconditionally 0 -> -1
2023-12-26 17:43:13,509 [330054a7-df09-49b5-8777-358ad940382e-groupManagement] INFO  server.RaftServer$Division (RaftServerImpl.java:start(392)) - 330054a7-df09-49b5-8777-358ad940382e@group-27F9F8B444EF: start as a follower, conf=-1: peers:[2600465e-836b-4590-acf2-1a77fd870a2a|10.1.0.4:15192, 330054a7-df09-49b5-8777-358ad940382e|10.1.0.4:15210, 3e443a17-2359-4412-bc58-72a30bb0f716|10.1.0.4:15201]|listeners:[], old=null
2023-12-26 17:43:13,509 [330054a7-df09-49b5-8777-358ad940382e-groupManagement] INFO  server.RaftServer$Division (RaftServerImpl.java:setRole(379)) - 330054a7-df09-49b5-8777-358ad940382e@group-27F9F8B444EF: changes role from      null to FOLLOWER at term 0 for startAsFollower
2023-12-26 17:43:13,509 [330054a7-df09-49b5-8777-358ad940382e-groupManagement] INFO  impl.RoleInfo (RoleInfo.java:updateAndGet(139)) - 330054a7-df09-49b5-8777-358ad940382e: start 330054a7-df09-49b5-8777-358ad940382e@group-27F9F8B444EF-FollowerState
2023-12-26 17:43:13,513 [330054a7-df09-49b5-8777-358ad940382e-groupManagement] INFO  util.JmxRegister (JmxRegister.java:tryRegister(44)) - Successfully registered JMX Bean with object name Ratis:service=RaftServer,group=group-27F9F8B444EF,id=330054a7-df09-49b5-8777-358ad940382e
2023-12-26 17:43:13,513 [330054a7-df09-49b5-8777-358ad940382e-groupManagement] INFO  server.RaftServerConfigKeys (ConfUtils.java:logGet(46)) - raft.server.snapshot.trigger-when-stop.enabled = true (default)
2023-12-26 17:43:13,513 [330054a7-df09-49b5-8777-358ad940382e-groupManagement] INFO  server.RaftServerConfigKeys (ConfUtils.java:logGet(46)) - raft.server.snapshot.auto.trigger.enabled = true (custom)
2023-12-26 17:43:13,513 [330054a7-df09-49b5-8777-358ad940382e-groupManagement] INFO  server.RaftServerConfigKeys (ConfUtils.java:logGet(46)) - raft.server.snapshot.auto.trigger.threshold = 10000 (custom)
2023-12-26 17:43:13,513 [330054a7-df09-49b5-8777-358ad940382e@group-27F9F8B444EF-FollowerState] INFO  server.RaftServerConfigKeys (ConfUtils.java:logFallback(53)) - raft.server.rpc.first-election.timeout.min = 5s (fallback to raft.server.rpc.timeout.min)
2023-12-26 17:43:13,513 [330054a7-df09-49b5-8777-358ad940382e-groupManagement] INFO  server.RaftServerConfigKeys (ConfUtils.java:logGet(46)) - raft.server.snapshot.retention.file.num = 5 (custom)
2023-12-26 17:43:13,513 [330054a7-df09-49b5-8777-358ad940382e@group-27F9F8B444EF-FollowerState] INFO  server.RaftServerConfigKeys (ConfUtils.java:logFallback(53)) - raft.server.rpc.first-election.timeout.max = 5200ms (fallback to raft.server.rpc.timeout.max)
2023-12-26 17:43:13,513 [330054a7-df09-49b5-8777-358ad940382e-groupManagement] INFO  server.RaftServerConfigKeys (ConfUtils.java:logGet(46)) - raft.server.log.purge.upto.snapshot.index = false (default)
2023-12-26 17:43:13,519 [2600465e-836b-4590-acf2-1a77fd870a2a-PipelineCommandHandlerThread-0] INFO  commandhandler.CreatePipelineCommandHandler (CreatePipelineCommandHandler.java:lambda$handle$2(124)) - Created Pipeline RATIS THREE PipelineID=dfe792a5-8fa0-47ef-a35a-27f9f8b444ef.
2023-12-26 17:43:13,537 [3e443a17-2359-4412-bc58-72a30bb0f716-PipelineCommandHandlerThread-0] INFO  server.RaftServer (RaftServerProxy.java:addNew(100)) - 3e443a17-2359-4412-bc58-72a30bb0f716: addNew group-C46F39B56F4F:[3e443a17-2359-4412-bc58-72a30bb0f716|10.1.0.4:15201] returns group-C46F39B56F4F:java.util.concurrent.CompletableFuture@4e5f543b[Not completed]
2023-12-26 17:43:13,537 [3e443a17-2359-4412-bc58-72a30bb0f716-groupManagement] INFO  server.RaftServer$Division (RaftServerImpl.java:<init>(256)) - 3e443a17-2359-4412-bc58-72a30bb0f716: new RaftServerImpl for group-C46F39B56F4F:[3e443a17-2359-4412-bc58-72a30bb0f716|10.1.0.4:15201] with ContainerStateMachine:uninitialized
2023-12-26 17:43:13,538 [3e443a17-2359-4412-bc58-72a30bb0f716-groupManagement] INFO  server.RaftServerConfigKeys (ConfUtils.java:logGet(46)) - raft.server.rpc.timeout.min = 5s (custom)
2023-12-26 17:43:13,538 [3e443a17-2359-4412-bc58-72a30bb0f716-groupManagement] INFO  server.RaftServerConfigKeys (ConfUtils.java:logGet(46)) - raft.server.rpc.timeout.max = 5200ms (custom)
2023-12-26 17:43:13,538 [3e443a17-2359-4412-bc58-72a30bb0f716-groupManagement] INFO  server.RaftServerConfigKeys (ConfUtils.java:logGet(46)) - raft.server.rpc.sleep.time = 25ms (default)
2023-12-26 17:43:13,538 [3e443a17-2359-4412-bc58-72a30bb0f716-groupManagement] INFO  server.RaftServerConfigKeys (ConfUtils.java:logGet(46)) - raft.server.rpc.slowness.timeout = 300000ms (custom)
2023-12-26 17:43:13,538 [3e443a17-2359-4412-bc58-72a30bb0f716-groupManagement] INFO  server.RaftServerConfigKeys (ConfUtils.java:logGet(46)) - raft.server.leaderelection.leader.step-down.wait-time = 10s (default)
2023-12-26 17:43:13,538 [3e443a17-2359-4412-bc58-72a30bb0f716-groupManagement] INFO  server.RaftServerConfigKeys (ConfUtils.java:logGet(46)) - raft.server.leaderelection.member.majority-add = false (default)
2023-12-26 17:43:13,538 [3e443a17-2359-4412-bc58-72a30bb0f716-groupManagement] INFO  server.RaftServerConfigKeys (ConfUtils.java:logGet(46)) - raft.server.sleep.deviation.threshold = 300ms (default)
2023-12-26 17:43:13,538 [3e443a17-2359-4412-bc58-72a30bb0f716-groupManagement] INFO  server.RaftServer$Division (ServerState.java:<init>(113)) - 3e443a17-2359-4412-bc58-72a30bb0f716@group-C46F39B56F4F: ConfigurationManager, init=-1: peers:[3e443a17-2359-4412-bc58-72a30bb0f716|10.1.0.4:15201]|listeners:[], old=null, confs=<EMPTY_MAP>
2023-12-26 17:43:13,538 [3e443a17-2359-4412-bc58-72a30bb0f716-groupManagement] INFO  server.RaftServerConfigKeys (ConfUtils.java:logGet(46)) - raft.server.notification.no-leader.timeout = 300000ms (custom)
2023-12-26 17:43:13,538 [3e443a17-2359-4412-bc58-72a30bb0f716-groupManagement] INFO  server.RaftServerConfigKeys (ConfUtils.java:logGet(46)) - raft.server.read.timeout = 10s (default)
2023-12-26 17:43:13,538 [3e443a17-2359-4412-bc58-72a30bb0f716-groupManagement] INFO  server.RaftServerConfigKeys (ConfUtils.java:logGet(46)) - raft.server.retrycache.expirytime = 600000ms (custom)
2023-12-26 17:43:13,538 [3e443a17-2359-4412-bc58-72a30bb0f716-groupManagement] INFO  server.RaftServerConfigKeys (ConfUtils.java:logGet(46)) - raft.server.retrycache.statistics.expirytime = 100ms (default)
2023-12-26 17:43:13,538 [3e443a17-2359-4412-bc58-72a30bb0f716-groupManagement] INFO  server.RaftServerConfigKeys (ConfUtils.java:logGet(46)) - raft.server.read.option = DEFAULT (default)
2023-12-26 17:43:13,538 [3e443a17-2359-4412-bc58-72a30bb0f716-groupManagement] INFO  server.RaftServerConfigKeys (ConfUtils.java:logGet(46)) - raft.server.read.read-after-write-consistent.write-index-cache.expiry-time = 60s (default)
2023-12-26 17:43:13,540 [3e443a17-2359-4412-bc58-72a30bb0f716-groupManagement] INFO  server.RaftServerConfigKeys (ConfUtils.java:logGet(46)) - raft.server.rpc.request.timeout = 3000ms (default)
2023-12-26 17:43:13,540 [3e443a17-2359-4412-bc58-72a30bb0f716-groupManagement] INFO  server.RaftServerConfigKeys (ConfUtils.java:logGet(46)) - raft.server.log.appender.install.snapshot.enabled = false (custom)
2023-12-26 17:43:13,541 [3e443a17-2359-4412-bc58-72a30bb0f716-groupManagement] INFO  server.RaftServerConfigKeys (ConfUtils.java:logGet(46)) - raft.server.threadpool.server.cached = true (default)
2023-12-26 17:43:13,541 [3e443a17-2359-4412-bc58-72a30bb0f716-groupManagement] INFO  server.RaftServerConfigKeys (ConfUtils.java:logGet(46)) - raft.server.threadpool.server.size = 0 (default)
2023-12-26 17:43:13,541 [3e443a17-2359-4412-bc58-72a30bb0f716-groupManagement] INFO  server.RaftServerConfigKeys (ConfUtils.java:logGet(46)) - raft.server.threadpool.client.cached = true (default)
2023-12-26 17:43:13,541 [3e443a17-2359-4412-bc58-72a30bb0f716-groupManagement] INFO  server.RaftServerConfigKeys (ConfUtils.java:logGet(46)) - raft.server.threadpool.client.size = 0 (default)
2023-12-26 17:43:13,541 [3e443a17-2359-4412-bc58-72a30bb0f716-groupManagement] INFO  server.RaftServerConfigKeys (ConfUtils.java:logGet(46)) - raft.server.storage.free-space.min = 0MB (=0) (default)
2023-12-26 17:43:13,541 [3e443a17-2359-4412-bc58-72a30bb0f716-groupManagement] INFO  server.RaftServerConfigKeys (ConfUtils.java:logGet(46)) - raft.server.log.corruption.policy = EXCEPTION (default)
2023-12-26 17:43:13,541 [3e443a17-2359-4412-bc58-72a30bb0f716-groupManagement] INFO  server.RaftServerConfigKeys (ConfUtils.java:logGet(46)) - raft.server.storage.dir = [/home/runner/work/ozone/ozone/hadoop-ozone/integration-test/target/test-dir/MiniOzoneClusterImpl-a136b03b-8403-429e-9870-8bf85e606ef3/datanode-1/data/ratis] (custom)
2023-12-26 17:43:13,541 [3e443a17-2359-4412-bc58-72a30bb0f716-groupManagement] INFO  storage.RaftStorageDirectory (RaftStorageDirectoryImpl.java:analyzeStorage(138)) - The storage directory /home/runner/work/ozone/ozone/hadoop-ozone/integration-test/target/test-dir/MiniOzoneClusterImpl-a136b03b-8403-429e-9870-8bf85e606ef3/datanode-1/data/ratis/73b52b45-40a4-4261-bcf3-c46f39b56f4f does not exist. Creating ...
2023-12-26 17:43:13,543 [3e443a17-2359-4412-bc58-72a30bb0f716-groupManagement] INFO  storage.RaftStorageDirectory (RaftStorageDirectoryImpl.java:tryLock(232)) - Lock on /home/runner/work/ozone/ozone/hadoop-ozone/integration-test/target/test-dir/MiniOzoneClusterImpl-a136b03b-8403-429e-9870-8bf85e606ef3/datanode-1/data/ratis/73b52b45-40a4-4261-bcf3-c46f39b56f4f/in_use.lock acquired by nodename 85971@fv-az1381-115
2023-12-26 17:43:13,544 [3e443a17-2359-4412-bc58-72a30bb0f716-groupManagement] INFO  storage.RaftStorage (RaftStorageImpl.java:format(97)) - Storage directory /home/runner/work/ozone/ozone/hadoop-ozone/integration-test/target/test-dir/MiniOzoneClusterImpl-a136b03b-8403-429e-9870-8bf85e606ef3/datanode-1/data/ratis/73b52b45-40a4-4261-bcf3-c46f39b56f4f has been successfully formatted.
2023-12-26 17:43:13,544 [3e443a17-2359-4412-bc58-72a30bb0f716-groupManagement] INFO  ratis.ContainerStateMachine (ContainerStateMachine.java:loadSnapshot(287)) - group-C46F39B56F4F: The snapshot info is null. Setting the last applied indexto:(t:0, i:~)
2023-12-26 17:43:13,544 [3e443a17-2359-4412-bc58-72a30bb0f716-groupManagement] INFO  server.RaftServerConfigKeys (ConfUtils.java:logGet(46)) - raft.server.log.use.memory = false (default)
2023-12-26 17:43:13,545 [3e443a17-2359-4412-bc58-72a30bb0f716-groupManagement] INFO  server.RaftServerConfigKeys (ConfUtils.java:logGet(46)) - raft.server.log.purge.gap = 1000000 (custom)
2023-12-26 17:43:13,545 [3e443a17-2359-4412-bc58-72a30bb0f716-groupManagement] INFO  server.RaftServerConfigKeys (ConfUtils.java:logGet(46)) - raft.server.log.appender.buffer.byte-limit = 8388608 (custom)
2023-12-26 17:43:13,545 [3e443a17-2359-4412-bc58-72a30bb0f716-groupManagement] INFO  server.RaftServerConfigKeys (ConfUtils.java:logGet(46)) - raft.server.log.statemachine.data.read.timeout = 1000ms (default)
2023-12-26 17:43:13,545 [3e443a17-2359-4412-bc58-72a30bb0f716-groupManagement] INFO  server.RaftServerConfigKeys (ConfUtils.java:logGet(46)) - raft.server.log.purge.preservation.log.num = 0 (default)
2023-12-26 17:43:13,546 [3e443a17-2359-4412-bc58-72a30bb0f716-groupManagement] INFO  server.RaftServerConfigKeys (ConfUtils.java:logGet(46)) - raft.server.log.segment.size.max = 67108864 (custom)
2023-12-26 17:43:13,546 [3e443a17-2359-4412-bc58-72a30bb0f716-groupManagement] INFO  server.RaftServerConfigKeys (ConfUtils.java:logGet(46)) - raft.server.log.segment.cache.num.max = 2 (custom)
2023-12-26 17:43:13,546 [3e443a17-2359-4412-bc58-72a30bb0f716-groupManagement] INFO  server.RaftServerConfigKeys (ConfUtils.java:logGet(46)) - raft.server.log.segment.cache.size.max = 200MB (=209715200) (default)
2023-12-26 17:43:13,546 [3e443a17-2359-4412-bc58-72a30bb0f716-groupManagement] INFO  server.RaftServerConfigKeys (ConfUtils.java:logGet(46)) - raft.server.log.appender.buffer.byte-limit = 8388608 (custom)
2023-12-26 17:43:13,546 [3e443a17-2359-4412-bc58-72a30bb0f716-groupManagement] INFO  util.AwaitToRun (AwaitToRun.java:start(81)) - Thread[3e443a17-2359-4412-bc58-72a30bb0f716@group-C46F39B56F4F-cacheEviction-AwaitToRun,5,main] started
2023-12-26 17:43:13,547 [3e443a17-2359-4412-bc58-72a30bb0f716-groupManagement] INFO  segmented.SegmentedRaftLogWorker (SegmentedRaftLogWorker.java:<init>(184)) - new 3e443a17-2359-4412-bc58-72a30bb0f716@group-C46F39B56F4F-SegmentedRaftLogWorker for RaftStorageImpl:Storage Directory /home/runner/work/ozone/ozone/hadoop-ozone/integration-test/target/test-dir/MiniOzoneClusterImpl-a136b03b-8403-429e-9870-8bf85e606ef3/datanode-1/data/ratis/73b52b45-40a4-4261-bcf3-c46f39b56f4f
2023-12-26 17:43:13,547 [3e443a17-2359-4412-bc58-72a30bb0f716-groupManagement] INFO  server.RaftServerConfigKeys (ConfUtils.java:logGet(46)) - raft.server.log.queue.byte-limit = 4294967296 (custom)
2023-12-26 17:43:13,547 [3e443a17-2359-4412-bc58-72a30bb0f716-groupManagement] INFO  server.RaftServerConfigKeys (ConfUtils.java:logGet(46)) - raft.server.log.queue.element-limit = 1024 (custom)
2023-12-26 17:43:13,547 [EventQueue-PipelineReportForPipelineReportHandler] INFO  pipeline.PipelineReportHandler (PipelineReportHandler.java:processPipelineReport(136)) - Opened pipeline PipelineID=73b52b45-40a4-4261-bcf3-c46f39b56f4f
2023-12-26 17:43:13,547 [3e443a17-2359-4412-bc58-72a30bb0f716-groupManagement] INFO  server.RaftServerConfigKeys (ConfUtils.java:logGet(46)) - raft.server.log.segment.size.max = 67108864 (custom)
2023-12-26 17:43:13,547 [EventQueue-OpenPipelineForHealthyPipelineSafeModeRule] INFO  safemode.SCMSafeModeManager (HealthyPipelineSafeModeRule.java:process(140)) - SCM in safe mode. Healthy pipelines reported count is 0, required healthy pipeline reported count is 1
2023-12-26 17:43:13,547 [3e443a17-2359-4412-bc58-72a30bb0f716-groupManagement] INFO  server.RaftServerConfigKeys (ConfUtils.java:logGet(46)) - raft.server.log.preallocated.size = 4194304 (custom)
2023-12-26 17:43:13,547 [3e443a17-2359-4412-bc58-72a30bb0f716-groupManagement] INFO  server.RaftServerConfigKeys (ConfUtils.java:logGet(46)) - raft.server.log.force.sync.num = 128 (default)
2023-12-26 17:43:13,547 [3e443a17-2359-4412-bc58-72a30bb0f716-groupManagement] INFO  server.RaftServerConfigKeys (ConfUtils.java:logGet(46)) - raft.server.log.statemachine.data.sync = true (default)
2023-12-26 17:43:13,547 [3e443a17-2359-4412-bc58-72a30bb0f716-groupManagement] INFO  server.RaftServerConfigKeys (ConfUtils.java:logGet(46)) - raft.server.log.statemachine.data.sync.timeout = 10s (default)
2023-12-26 17:43:13,547 [3e443a17-2359-4412-bc58-72a30bb0f716-groupManagement] INFO  server.RaftServerConfigKeys (ConfUtils.java:logGet(46)) - raft.server.log.statemachine.data.sync.timeout.retry = 0 (custom)
2023-12-26 17:43:13,548 [3e443a17-2359-4412-bc58-72a30bb0f716-groupManagement] INFO  server.RaftServerConfigKeys (ConfUtils.java:logGet(46)) - raft.server.log.write.buffer.size = 8388616 (custom)
2023-12-26 17:43:13,549 [3e443a17-2359-4412-bc58-72a30bb0f716-groupManagement] INFO  server.RaftServerConfigKeys (ConfUtils.java:logGet(46)) - raft.server.log.appender.buffer.byte-limit = 8388608 (custom)
2023-12-26 17:43:13,549 [3e443a17-2359-4412-bc58-72a30bb0f716-groupManagement] INFO  server.RaftServerConfigKeys (ConfUtils.java:logGet(46)) - raft.server.log.unsafe-flush.enabled = false (default)
2023-12-26 17:43:13,549 [3e443a17-2359-4412-bc58-72a30bb0f716-groupManagement] INFO  server.RaftServerConfigKeys (ConfUtils.java:logGet(46)) - raft.server.log.async-flush.enabled = false (default)
2023-12-26 17:43:13,549 [3e443a17-2359-4412-bc58-72a30bb0f716-groupManagement] INFO  server.RaftServerConfigKeys (ConfUtils.java:logGet(46)) - raft.server.log.statemachine.data.caching.enabled = true (custom)
2023-12-26 17:43:13,550 [3e443a17-2359-4412-bc58-72a30bb0f716-groupManagement] INFO  segmented.SegmentedRaftLogWorker (SegmentedRaftLogWorker.java:lambda$new$0(135)) - 3e443a17-2359-4412-bc58-72a30bb0f716@group-C46F39B56F4F-SegmentedRaftLogWorker: flushIndex: setUnconditionally 0 -> -1
2023-12-26 17:43:13,550 [3e443a17-2359-4412-bc58-72a30bb0f716-groupManagement] INFO  segmented.SegmentedRaftLogWorker (SegmentedRaftLogWorker.java:lambda$new$0(135)) - 3e443a17-2359-4412-bc58-72a30bb0f716@group-C46F39B56F4F-SegmentedRaftLogWorker: safeCacheEvictIndex: setUnconditionally 0 -> -1
2023-12-26 17:43:13,550 [3e443a17-2359-4412-bc58-72a30bb0f716-groupManagement] INFO  server.RaftServer$Division (RaftServerImpl.java:start(392)) - 3e443a17-2359-4412-bc58-72a30bb0f716@group-C46F39B56F4F: start as a follower, conf=-1: peers:[3e443a17-2359-4412-bc58-72a30bb0f716|10.1.0.4:15201]|listeners:[], old=null
2023-12-26 17:43:13,550 [3e443a17-2359-4412-bc58-72a30bb0f716-groupManagement] INFO  server.RaftServer$Division (RaftServerImpl.java:setRole(379)) - 3e443a17-2359-4412-bc58-72a30bb0f716@group-C46F39B56F4F: changes role from      null to FOLLOWER at term 0 for startAsFollower
2023-12-26 17:43:13,550 [3e443a17-2359-4412-bc58-72a30bb0f716-groupManagement] INFO  impl.RoleInfo (RoleInfo.java:updateAndGet(139)) - 3e443a17-2359-4412-bc58-72a30bb0f716: start 3e443a17-2359-4412-bc58-72a30bb0f716@group-C46F39B56F4F-FollowerState
2023-12-26 17:43:13,550 [3e443a17-2359-4412-bc58-72a30bb0f716-groupManagement] INFO  util.JmxRegister (JmxRegister.java:tryRegister(44)) - Successfully registered JMX Bean with object name Ratis:service=RaftServer,group=group-C46F39B56F4F,id=3e443a17-2359-4412-bc58-72a30bb0f716
2023-12-26 17:43:13,550 [3e443a17-2359-4412-bc58-72a30bb0f716@group-C46F39B56F4F-FollowerState] INFO  server.RaftServerConfigKeys (ConfUtils.java:logFallback(53)) - raft.server.rpc.first-election.timeout.min = 5s (fallback to raft.server.rpc.timeout.min)
2023-12-26 17:43:13,550 [3e443a17-2359-4412-bc58-72a30bb0f716-groupManagement] INFO  server.RaftServerConfigKeys (ConfUtils.java:logGet(46)) - raft.server.snapshot.trigger-when-stop.enabled = true (default)
2023-12-26 17:43:13,550 [3e443a17-2359-4412-bc58-72a30bb0f716-groupManagement] INFO  server.RaftServerConfigKeys (ConfUtils.java:logGet(46)) - raft.server.snapshot.auto.trigger.enabled = true (custom)
2023-12-26 17:43:13,550 [3e443a17-2359-4412-bc58-72a30bb0f716-groupManagement] INFO  server.RaftServerConfigKeys (ConfUtils.java:logGet(46)) - raft.server.snapshot.auto.trigger.threshold = 10000 (custom)
2023-12-26 17:43:13,550 [3e443a17-2359-4412-bc58-72a30bb0f716-groupManagement] INFO  server.RaftServerConfigKeys (ConfUtils.java:logGet(46)) - raft.server.snapshot.retention.file.num = 5 (custom)
2023-12-26 17:43:13,550 [3e443a17-2359-4412-bc58-72a30bb0f716-groupManagement] INFO  server.RaftServerConfigKeys (ConfUtils.java:logGet(46)) - raft.server.log.purge.upto.snapshot.index = false (default)
2023-12-26 17:43:13,550 [3e443a17-2359-4412-bc58-72a30bb0f716@group-C46F39B56F4F-FollowerState] INFO  server.RaftServerConfigKeys (ConfUtils.java:logFallback(53)) - raft.server.rpc.first-election.timeout.max = 5200ms (fallback to raft.server.rpc.timeout.max)
2023-12-26 17:43:13,551 [3e443a17-2359-4412-bc58-72a30bb0f716-PipelineCommandHandlerThread-0] INFO  ratis.XceiverServerRatis (XceiverServerRatis.java:addGroup(837)) - Created group PipelineID=73b52b45-40a4-4261-bcf3-c46f39b56f4f
2023-12-26 17:43:13,551 [3e443a17-2359-4412-bc58-72a30bb0f716-PipelineCommandHandlerThread-0] INFO  commandhandler.CreatePipelineCommandHandler (CreatePipelineCommandHandler.java:lambda$handle$2(124)) - Created Pipeline RATIS ONE PipelineID=73b52b45-40a4-4261-bcf3-c46f39b56f4f.
2023-12-26 17:43:13,626 [330054a7-df09-49b5-8777-358ad940382e-PipelineCommandHandlerThread-0] INFO  server.RaftServer (RaftServerProxy.java:addNew(100)) - 330054a7-df09-49b5-8777-358ad940382e: addNew group-122B40878816:[330054a7-df09-49b5-8777-358ad940382e|10.1.0.4:15210] returns group-122B40878816:java.util.concurrent.CompletableFuture@33e6c2eb[Not completed]
2023-12-26 17:43:13,627 [330054a7-df09-49b5-8777-358ad940382e-groupManagement] INFO  server.RaftServer$Division (RaftServerImpl.java:<init>(256)) - 330054a7-df09-49b5-8777-358ad940382e: new RaftServerImpl for group-122B40878816:[330054a7-df09-49b5-8777-358ad940382e|10.1.0.4:15210] with ContainerStateMachine:uninitialized
2023-12-26 17:43:13,627 [330054a7-df09-49b5-8777-358ad940382e-groupManagement] INFO  server.RaftServerConfigKeys (ConfUtils.java:logGet(46)) - raft.server.rpc.timeout.min = 5s (custom)
2023-12-26 17:43:13,627 [330054a7-df09-49b5-8777-358ad940382e-groupManagement] INFO  server.RaftServerConfigKeys (ConfUtils.java:logGet(46)) - raft.server.rpc.timeout.max = 5200ms (custom)
2023-12-26 17:43:13,627 [330054a7-df09-49b5-8777-358ad940382e-groupManagement] INFO  server.RaftServerConfigKeys (ConfUtils.java:logGet(46)) - raft.server.rpc.sleep.time = 25ms (default)
2023-12-26 17:43:13,627 [330054a7-df09-49b5-8777-358ad940382e-groupManagement] INFO  server.RaftServerConfigKeys (ConfUtils.java:logGet(46)) - raft.server.rpc.slowness.timeout = 300000ms (custom)
2023-12-26 17:43:13,627 [330054a7-df09-49b5-8777-358ad940382e-groupManagement] INFO  server.RaftServerConfigKeys (ConfUtils.java:logGet(46)) - raft.server.leaderelection.leader.step-down.wait-time = 10s (default)
2023-12-26 17:43:13,627 [330054a7-df09-49b5-8777-358ad940382e-groupManagement] INFO  server.RaftServerConfigKeys (ConfUtils.java:logGet(46)) - raft.server.leaderelection.member.majority-add = false (default)
2023-12-26 17:43:13,627 [330054a7-df09-49b5-8777-358ad940382e-groupManagement] INFO  server.RaftServerConfigKeys (ConfUtils.java:logGet(46)) - raft.server.sleep.deviation.threshold = 300ms (default)
2023-12-26 17:43:13,627 [330054a7-df09-49b5-8777-358ad940382e-groupManagement] INFO  server.RaftServer$Division (ServerState.java:<init>(113)) - 330054a7-df09-49b5-8777-358ad940382e@group-122B40878816: ConfigurationManager, init=-1: peers:[330054a7-df09-49b5-8777-358ad940382e|10.1.0.4:15210]|listeners:[], old=null, confs=<EMPTY_MAP>
2023-12-26 17:43:13,627 [330054a7-df09-49b5-8777-358ad940382e-groupManagement] INFO  server.RaftServerConfigKeys (ConfUtils.java:logGet(46)) - raft.server.notification.no-leader.timeout = 300000ms (custom)
2023-12-26 17:43:13,627 [330054a7-df09-49b5-8777-358ad940382e-groupManagement] INFO  server.RaftServerConfigKeys (ConfUtils.java:logGet(46)) - raft.server.read.timeout = 10s (default)
2023-12-26 17:43:13,627 [330054a7-df09-49b5-8777-358ad940382e-groupManagement] INFO  server.RaftServerConfigKeys (ConfUtils.java:logGet(46)) - raft.server.retrycache.expirytime = 600000ms (custom)
2023-12-26 17:43:13,627 [330054a7-df09-49b5-8777-358ad940382e-groupManagement] INFO  server.RaftServerConfigKeys (ConfUtils.java:logGet(46)) - raft.server.retrycache.statistics.expirytime = 100ms (default)
2023-12-26 17:43:13,628 [330054a7-df09-49b5-8777-358ad940382e-groupManagement] INFO  server.RaftServerConfigKeys (ConfUtils.java:logGet(46)) - raft.server.read.option = DEFAULT (default)
2023-12-26 17:43:13,628 [330054a7-df09-49b5-8777-358ad940382e-groupManagement] INFO  server.RaftServerConfigKeys (ConfUtils.java:logGet(46)) - raft.server.read.read-after-write-consistent.write-index-cache.expiry-time = 60s (default)
2023-12-26 17:43:13,630 [330054a7-df09-49b5-8777-358ad940382e-groupManagement] INFO  server.RaftServerConfigKeys (ConfUtils.java:logGet(46)) - raft.server.rpc.request.timeout = 3000ms (default)
2023-12-26 17:43:13,630 [330054a7-df09-49b5-8777-358ad940382e-groupManagement] INFO  server.RaftServerConfigKeys (ConfUtils.java:logGet(46)) - raft.server.log.appender.install.snapshot.enabled = false (custom)
2023-12-26 17:43:13,630 [330054a7-df09-49b5-8777-358ad940382e-groupManagement] INFO  server.RaftServerConfigKeys (ConfUtils.java:logGet(46)) - raft.server.threadpool.server.cached = true (default)
2023-12-26 17:43:13,630 [330054a7-df09-49b5-8777-358ad940382e-groupManagement] INFO  server.RaftServerConfigKeys (ConfUtils.java:logGet(46)) - raft.server.threadpool.server.size = 0 (default)
2023-12-26 17:43:13,630 [330054a7-df09-49b5-8777-358ad940382e-groupManagement] INFO  server.RaftServerConfigKeys (ConfUtils.java:logGet(46)) - raft.server.threadpool.client.cached = true (default)
2023-12-26 17:43:13,630 [330054a7-df09-49b5-8777-358ad940382e-groupManagement] INFO  server.RaftServerConfigKeys (ConfUtils.java:logGet(46)) - raft.server.threadpool.client.size = 0 (default)
2023-12-26 17:43:13,630 [330054a7-df09-49b5-8777-358ad940382e-groupManagement] INFO  server.RaftServerConfigKeys (ConfUtils.java:logGet(46)) - raft.server.storage.free-space.min = 0MB (=0) (default)
2023-12-26 17:43:13,631 [330054a7-df09-49b5-8777-358ad940382e-groupManagement] INFO  server.RaftServerConfigKeys (ConfUtils.java:logGet(46)) - raft.server.log.corruption.policy = EXCEPTION (default)
2023-12-26 17:43:13,631 [330054a7-df09-49b5-8777-358ad940382e-groupManagement] INFO  server.RaftServerConfigKeys (ConfUtils.java:logGet(46)) - raft.server.storage.dir = [/home/runner/work/ozone/ozone/hadoop-ozone/integration-test/target/test-dir/MiniOzoneClusterImpl-a136b03b-8403-429e-9870-8bf85e606ef3/datanode-2/data/ratis] (custom)
2023-12-26 17:43:13,631 [330054a7-df09-49b5-8777-358ad940382e-groupManagement] INFO  storage.RaftStorageDirectory (RaftStorageDirectoryImpl.java:analyzeStorage(138)) - The storage directory /home/runner/work/ozone/ozone/hadoop-ozone/integration-test/target/test-dir/MiniOzoneClusterImpl-a136b03b-8403-429e-9870-8bf85e606ef3/datanode-2/data/ratis/a783f90b-6047-4a75-bac0-122b40878816 does not exist. Creating ...
2023-12-26 17:43:13,632 [330054a7-df09-49b5-8777-358ad940382e-groupManagement] INFO  storage.RaftStorageDirectory (RaftStorageDirectoryImpl.java:tryLock(232)) - Lock on /home/runner/work/ozone/ozone/hadoop-ozone/integration-test/target/test-dir/MiniOzoneClusterImpl-a136b03b-8403-429e-9870-8bf85e606ef3/datanode-2/data/ratis/a783f90b-6047-4a75-bac0-122b40878816/in_use.lock acquired by nodename 85971@fv-az1381-115
2023-12-26 17:43:13,637 [330054a7-df09-49b5-8777-358ad940382e-groupManagement] INFO  storage.RaftStorage (RaftStorageImpl.java:format(97)) - Storage directory /home/runner/work/ozone/ozone/hadoop-ozone/integration-test/target/test-dir/MiniOzoneClusterImpl-a136b03b-8403-429e-9870-8bf85e606ef3/datanode-2/data/ratis/a783f90b-6047-4a75-bac0-122b40878816 has been successfully formatted.
2023-12-26 17:43:13,637 [330054a7-df09-49b5-8777-358ad940382e-groupManagement] INFO  ratis.ContainerStateMachine (ContainerStateMachine.java:loadSnapshot(287)) - group-122B40878816: The snapshot info is null. Setting the last applied indexto:(t:0, i:~)
2023-12-26 17:43:13,637 [330054a7-df09-49b5-8777-358ad940382e-groupManagement] INFO  server.RaftServerConfigKeys (ConfUtils.java:logGet(46)) - raft.server.log.use.memory = false (default)
2023-12-26 17:43:13,638 [330054a7-df09-49b5-8777-358ad940382e-groupManagement] INFO  server.RaftServerConfigKeys (ConfUtils.java:logGet(46)) - raft.server.log.purge.gap = 1000000 (custom)
2023-12-26 17:43:13,638 [330054a7-df09-49b5-8777-358ad940382e-groupManagement] INFO  server.RaftServerConfigKeys (ConfUtils.java:logGet(46)) - raft.server.log.appender.buffer.byte-limit = 8388608 (custom)
2023-12-26 17:43:13,638 [330054a7-df09-49b5-8777-358ad940382e-groupManagement] INFO  server.RaftServerConfigKeys (ConfUtils.java:logGet(46)) - raft.server.log.statemachine.data.read.timeout = 1000ms (default)
2023-12-26 17:43:13,638 [330054a7-df09-49b5-8777-358ad940382e-groupManagement] INFO  server.RaftServerConfigKeys (ConfUtils.java:logGet(46)) - raft.server.log.purge.preservation.log.num = 0 (default)
2023-12-26 17:43:13,639 [EventQueue-PipelineReportForPipelineReportHandler] INFO  pipeline.PipelineReportHandler (PipelineReportHandler.java:processPipelineReport(136)) - Opened pipeline PipelineID=a783f90b-6047-4a75-bac0-122b40878816
2023-12-26 17:43:13,639 [EventQueue-OpenPipelineForHealthyPipelineSafeModeRule] INFO  safemode.SCMSafeModeManager (HealthyPipelineSafeModeRule.java:process(140)) - SCM in safe mode. Healthy pipelines reported count is 0, required healthy pipeline reported count is 1
2023-12-26 17:43:13,639 [330054a7-df09-49b5-8777-358ad940382e-groupManagement] INFO  server.RaftServerConfigKeys (ConfUtils.java:logGet(46)) - raft.server.log.segment.size.max = 67108864 (custom)
2023-12-26 17:43:13,640 [330054a7-df09-49b5-8777-358ad940382e-groupManagement] INFO  server.RaftServerConfigKeys (ConfUtils.java:logGet(46)) - raft.server.log.segment.cache.num.max = 2 (custom)
2023-12-26 17:43:13,640 [330054a7-df09-49b5-8777-358ad940382e-groupManagement] INFO  server.RaftServerConfigKeys (ConfUtils.java:logGet(46)) - raft.server.log.segment.cache.size.max = 200MB (=209715200) (default)
2023-12-26 17:43:13,640 [330054a7-df09-49b5-8777-358ad940382e-groupManagement] INFO  server.RaftServerConfigKeys (ConfUtils.java:logGet(46)) - raft.server.log.appender.buffer.byte-limit = 8388608 (custom)
2023-12-26 17:43:13,640 [330054a7-df09-49b5-8777-358ad940382e-groupManagement] INFO  util.AwaitToRun (AwaitToRun.java:start(81)) - Thread[330054a7-df09-49b5-8777-358ad940382e@group-122B40878816-cacheEviction-AwaitToRun,5,main] started
2023-12-26 17:43:13,640 [330054a7-df09-49b5-8777-358ad940382e-groupManagement] INFO  segmented.SegmentedRaftLogWorker (SegmentedRaftLogWorker.java:<init>(184)) - new 330054a7-df09-49b5-8777-358ad940382e@group-122B40878816-SegmentedRaftLogWorker for RaftStorageImpl:Storage Directory /home/runner/work/ozone/ozone/hadoop-ozone/integration-test/target/test-dir/MiniOzoneClusterImpl-a136b03b-8403-429e-9870-8bf85e606ef3/datanode-2/data/ratis/a783f90b-6047-4a75-bac0-122b40878816
2023-12-26 17:43:13,640 [330054a7-df09-49b5-8777-358ad940382e-groupManagement] INFO  server.RaftServerConfigKeys (ConfUtils.java:logGet(46)) - raft.server.log.queue.byte-limit = 4294967296 (custom)
2023-12-26 17:43:13,640 [330054a7-df09-49b5-8777-358ad940382e-groupManagement] INFO  server.RaftServerConfigKeys (ConfUtils.java:logGet(46)) - raft.server.log.queue.element-limit = 1024 (custom)
2023-12-26 17:43:13,640 [330054a7-df09-49b5-8777-358ad940382e-groupManagement] INFO  server.RaftServerConfigKeys (ConfUtils.java:logGet(46)) - raft.server.log.segment.size.max = 67108864 (custom)
2023-12-26 17:43:13,640 [330054a7-df09-49b5-8777-358ad940382e-groupManagement] INFO  server.RaftServerConfigKeys (ConfUtils.java:logGet(46)) - raft.server.log.preallocated.size = 4194304 (custom)
2023-12-26 17:43:13,641 [330054a7-df09-49b5-8777-358ad940382e-groupManagement] INFO  server.RaftServerConfigKeys (ConfUtils.java:logGet(46)) - raft.server.log.force.sync.num = 128 (default)
2023-12-26 17:43:13,641 [330054a7-df09-49b5-8777-358ad940382e-groupManagement] INFO  server.RaftServerConfigKeys (ConfUtils.java:logGet(46)) - raft.server.log.statemachine.data.sync = true (default)
2023-12-26 17:43:13,641 [330054a7-df09-49b5-8777-358ad940382e-groupManagement] INFO  server.RaftServerConfigKeys (ConfUtils.java:logGet(46)) - raft.server.log.statemachine.data.sync.timeout = 10s (default)
2023-12-26 17:43:13,641 [330054a7-df09-49b5-8777-358ad940382e-groupManagement] INFO  server.RaftServerConfigKeys (ConfUtils.java:logGet(46)) - raft.server.log.statemachine.data.sync.timeout.retry = 0 (custom)
2023-12-26 17:43:13,641 [330054a7-df09-49b5-8777-358ad940382e-groupManagement] INFO  server.RaftServerConfigKeys (ConfUtils.java:logGet(46)) - raft.server.log.write.buffer.size = 8388616 (custom)
2023-12-26 17:43:13,643 [330054a7-df09-49b5-8777-358ad940382e-groupManagement] INFO  server.RaftServerConfigKeys (ConfUtils.java:logGet(46)) - raft.server.log.appender.buffer.byte-limit = 8388608 (custom)
2023-12-26 17:43:13,643 [330054a7-df09-49b5-8777-358ad940382e-groupManagement] INFO  server.RaftServerConfigKeys (ConfUtils.java:logGet(46)) - raft.server.log.unsafe-flush.enabled = false (default)
2023-12-26 17:43:13,643 [330054a7-df09-49b5-8777-358ad940382e-groupManagement] INFO  server.RaftServerConfigKeys (ConfUtils.java:logGet(46)) - raft.server.log.async-flush.enabled = false (default)
2023-12-26 17:43:13,644 [330054a7-df09-49b5-8777-358ad940382e-groupManagement] INFO  server.RaftServerConfigKeys (ConfUtils.java:logGet(46)) - raft.server.log.statemachine.data.caching.enabled = true (custom)
2023-12-26 17:43:13,644 [330054a7-df09-49b5-8777-358ad940382e-groupManagement] INFO  segmented.SegmentedRaftLogWorker (SegmentedRaftLogWorker.java:lambda$new$0(135)) - 330054a7-df09-49b5-8777-358ad940382e@group-122B40878816-SegmentedRaftLogWorker: flushIndex: setUnconditionally 0 -> -1
2023-12-26 17:43:13,644 [330054a7-df09-49b5-8777-358ad940382e-groupManagement] INFO  segmented.SegmentedRaftLogWorker (SegmentedRaftLogWorker.java:lambda$new$0(135)) - 330054a7-df09-49b5-8777-358ad940382e@group-122B40878816-SegmentedRaftLogWorker: safeCacheEvictIndex: setUnconditionally 0 -> -1
2023-12-26 17:43:13,645 [330054a7-df09-49b5-8777-358ad940382e-groupManagement] INFO  server.RaftServer$Division (RaftServerImpl.java:start(392)) - 330054a7-df09-49b5-8777-358ad940382e@group-122B40878816: start as a follower, conf=-1: peers:[330054a7-df09-49b5-8777-358ad940382e|10.1.0.4:15210]|listeners:[], old=null
2023-12-26 17:43:13,645 [330054a7-df09-49b5-8777-358ad940382e-groupManagement] INFO  server.RaftServer$Division (RaftServerImpl.java:setRole(379)) - 330054a7-df09-49b5-8777-358ad940382e@group-122B40878816: changes role from      null to FOLLOWER at term 0 for startAsFollower
2023-12-26 17:43:13,645 [330054a7-df09-49b5-8777-358ad940382e-groupManagement] INFO  impl.RoleInfo (RoleInfo.java:updateAndGet(139)) - 330054a7-df09-49b5-8777-358ad940382e: start 330054a7-df09-49b5-8777-358ad940382e@group-122B40878816-FollowerState
2023-12-26 17:43:13,645 [330054a7-df09-49b5-8777-358ad940382e-groupManagement] INFO  util.JmxRegister (JmxRegister.java:tryRegister(44)) - Successfully registered JMX Bean with object name Ratis:service=RaftServer,group=group-122B40878816,id=330054a7-df09-49b5-8777-358ad940382e
2023-12-26 17:43:13,645 [330054a7-df09-49b5-8777-358ad940382e-groupManagement] INFO  server.RaftServerConfigKeys (ConfUtils.java:logGet(46)) - raft.server.snapshot.trigger-when-stop.enabled = true (default)
2023-12-26 17:43:13,646 [330054a7-df09-49b5-8777-358ad940382e-groupManagement] INFO  server.RaftServerConfigKeys (ConfUtils.java:logGet(46)) - raft.server.snapshot.auto.trigger.enabled = true (custom)
2023-12-26 17:43:13,646 [330054a7-df09-49b5-8777-358ad940382e-groupManagement] INFO  server.RaftServerConfigKeys (ConfUtils.java:logGet(46)) - raft.server.snapshot.auto.trigger.threshold = 10000 (custom)
2023-12-26 17:43:13,646 [330054a7-df09-49b5-8777-358ad940382e-groupManagement] INFO  server.RaftServerConfigKeys (ConfUtils.java:logGet(46)) - raft.server.snapshot.retention.file.num = 5 (custom)
2023-12-26 17:43:13,646 [330054a7-df09-49b5-8777-358ad940382e-groupManagement] INFO  server.RaftServerConfigKeys (ConfUtils.java:logGet(46)) - raft.server.log.purge.upto.snapshot.index = false (default)
2023-12-26 17:43:13,646 [330054a7-df09-49b5-8777-358ad940382e@group-122B40878816-FollowerState] INFO  server.RaftServerConfigKeys (ConfUtils.java:logFallback(53)) - raft.server.rpc.first-election.timeout.min = 5s (fallback to raft.server.rpc.timeout.min)
2023-12-26 17:43:13,646 [330054a7-df09-49b5-8777-358ad940382e@group-122B40878816-FollowerState] INFO  server.RaftServerConfigKeys (ConfUtils.java:logFallback(53)) - raft.server.rpc.first-election.timeout.max = 5200ms (fallback to raft.server.rpc.timeout.max)
2023-12-26 17:43:13,648 [330054a7-df09-49b5-8777-358ad940382e-PipelineCommandHandlerThread-0] INFO  ratis.XceiverServerRatis (XceiverServerRatis.java:addGroup(837)) - Created group PipelineID=a783f90b-6047-4a75-bac0-122b40878816
2023-12-26 17:43:13,648 [330054a7-df09-49b5-8777-358ad940382e-PipelineCommandHandlerThread-0] INFO  commandhandler.CreatePipelineCommandHandler (CreatePipelineCommandHandler.java:lambda$handle$2(124)) - Created Pipeline RATIS ONE PipelineID=a783f90b-6047-4a75-bac0-122b40878816.
2023-12-26 17:43:13,727 [2fdbd8fa-a625-4499-b498-beec3ca4d67d-PipelineCommandHandlerThread-0] INFO  server.RaftServer (RaftServerProxy.java:addNew(100)) - 2fdbd8fa-a625-4499-b498-beec3ca4d67d: addNew group-643A632F8583:[2fdbd8fa-a625-4499-b498-beec3ca4d67d|10.1.0.4:15219] returns group-643A632F8583:java.util.concurrent.CompletableFuture@117f2371[Not completed]
2023-12-26 17:43:13,728 [2fdbd8fa-a625-4499-b498-beec3ca4d67d-groupManagement] INFO  server.RaftServer$Division (RaftServerImpl.java:<init>(256)) - 2fdbd8fa-a625-4499-b498-beec3ca4d67d: new RaftServerImpl for group-643A632F8583:[2fdbd8fa-a625-4499-b498-beec3ca4d67d|10.1.0.4:15219] with ContainerStateMachine:uninitialized
2023-12-26 17:43:13,728 [2fdbd8fa-a625-4499-b498-beec3ca4d67d-groupManagement] INFO  server.RaftServerConfigKeys (ConfUtils.java:logGet(46)) - raft.server.rpc.timeout.min = 5s (custom)
2023-12-26 17:43:13,728 [2fdbd8fa-a625-4499-b498-beec3ca4d67d-groupManagement] INFO  server.RaftServerConfigKeys (ConfUtils.java:logGet(46)) - raft.server.rpc.timeout.max = 5200ms (custom)
2023-12-26 17:43:13,728 [2fdbd8fa-a625-4499-b498-beec3ca4d67d-groupManagement] INFO  server.RaftServerConfigKeys (ConfUtils.java:logGet(46)) - raft.server.rpc.sleep.time = 25ms (default)
2023-12-26 17:43:13,728 [2fdbd8fa-a625-4499-b498-beec3ca4d67d-groupManagement] INFO  server.RaftServerConfigKeys (ConfUtils.java:logGet(46)) - raft.server.rpc.slowness.timeout = 300000ms (custom)
2023-12-26 17:43:13,728 [2fdbd8fa-a625-4499-b498-beec3ca4d67d-groupManagement] INFO  server.RaftServerConfigKeys (ConfUtils.java:logGet(46)) - raft.server.leaderelection.leader.step-down.wait-time = 10s (default)
2023-12-26 17:43:13,728 [2fdbd8fa-a625-4499-b498-beec3ca4d67d-groupManagement] INFO  server.RaftServerConfigKeys (ConfUtils.java:logGet(46)) - raft.server.leaderelection.member.majority-add = false (default)
2023-12-26 17:43:13,728 [2fdbd8fa-a625-4499-b498-beec3ca4d67d-groupManagement] INFO  server.RaftServerConfigKeys (ConfUtils.java:logGet(46)) - raft.server.sleep.deviation.threshold = 300ms (default)
2023-12-26 17:43:13,728 [2fdbd8fa-a625-4499-b498-beec3ca4d67d-groupManagement] INFO  server.RaftServer$Division (ServerState.java:<init>(113)) - 2fdbd8fa-a625-4499-b498-beec3ca4d67d@group-643A632F8583: ConfigurationManager, init=-1: peers:[2fdbd8fa-a625-4499-b498-beec3ca4d67d|10.1.0.4:15219]|listeners:[], old=null, confs=<EMPTY_MAP>
2023-12-26 17:43:13,728 [2fdbd8fa-a625-4499-b498-beec3ca4d67d-groupManagement] INFO  server.RaftServerConfigKeys (ConfUtils.java:logGet(46)) - raft.server.notification.no-leader.timeout = 300000ms (custom)
2023-12-26 17:43:13,728 [2fdbd8fa-a625-4499-b498-beec3ca4d67d-groupManagement] INFO  server.RaftServerConfigKeys (ConfUtils.java:logGet(46)) - raft.server.read.timeout = 10s (default)
2023-12-26 17:43:13,728 [2fdbd8fa-a625-4499-b498-beec3ca4d67d-groupManagement] INFO  server.RaftServerConfigKeys (ConfUtils.java:logGet(46)) - raft.server.retrycache.expirytime = 600000ms (custom)
2023-12-26 17:43:13,729 [2fdbd8fa-a625-4499-b498-beec3ca4d67d-groupManagement] INFO  server.RaftServerConfigKeys (ConfUtils.java:logGet(46)) - raft.server.retrycache.statistics.expirytime = 100ms (default)
2023-12-26 17:43:13,729 [2fdbd8fa-a625-4499-b498-beec3ca4d67d-groupManagement] INFO  server.RaftServerConfigKeys (ConfUtils.java:logGet(46)) - raft.server.read.option = DEFAULT (default)
2023-12-26 17:43:13,729 [2fdbd8fa-a625-4499-b498-beec3ca4d67d-groupManagement] INFO  server.RaftServerConfigKeys (ConfUtils.java:logGet(46)) - raft.server.read.read-after-write-consistent.write-index-cache.expiry-time = 60s (default)
2023-12-26 17:43:13,731 [2fdbd8fa-a625-4499-b498-beec3ca4d67d-groupManagement] INFO  server.RaftServerConfigKeys (ConfUtils.java:logGet(46)) - raft.server.rpc.request.timeout = 3000ms (default)
2023-12-26 17:43:13,731 [2fdbd8fa-a625-4499-b498-beec3ca4d67d-groupManagement] INFO  server.RaftServerConfigKeys (ConfUtils.java:logGet(46)) - raft.server.log.appender.install.snapshot.enabled = false (custom)
2023-12-26 17:43:13,731 [2fdbd8fa-a625-4499-b498-beec3ca4d67d-groupManagement] INFO  server.RaftServerConfigKeys (ConfUtils.java:logGet(46)) - raft.server.threadpool.server.cached = true (default)
2023-12-26 17:43:13,731 [2fdbd8fa-a625-4499-b498-beec3ca4d67d-groupManagement] INFO  server.RaftServerConfigKeys (ConfUtils.java:logGet(46)) - raft.server.threadpool.server.size = 0 (default)
2023-12-26 17:43:13,731 [2fdbd8fa-a625-4499-b498-beec3ca4d67d-groupManagement] INFO  server.RaftServerConfigKeys (ConfUtils.java:logGet(46)) - raft.server.threadpool.client.cached = true (default)
2023-12-26 17:43:13,731 [2fdbd8fa-a625-4499-b498-beec3ca4d67d-groupManagement] INFO  server.RaftServerConfigKeys (ConfUtils.java:logGet(46)) - raft.server.threadpool.client.size = 0 (default)
2023-12-26 17:43:13,731 [2fdbd8fa-a625-4499-b498-beec3ca4d67d-groupManagement] INFO  server.RaftServerConfigKeys (ConfUtils.java:logGet(46)) - raft.server.storage.free-space.min = 0MB (=0) (default)
2023-12-26 17:43:13,731 [2fdbd8fa-a625-4499-b498-beec3ca4d67d-groupManagement] INFO  server.RaftServerConfigKeys (ConfUtils.java:logGet(46)) - raft.server.log.corruption.policy = EXCEPTION (default)
2023-12-26 17:43:13,731 [2fdbd8fa-a625-4499-b498-beec3ca4d67d-groupManagement] INFO  server.RaftServerConfigKeys (ConfUtils.java:logGet(46)) - raft.server.storage.dir = [/home/runner/work/ozone/ozone/hadoop-ozone/integration-test/target/test-dir/MiniOzoneClusterImpl-a136b03b-8403-429e-9870-8bf85e606ef3/datanode-3/data/ratis] (custom)
2023-12-26 17:43:13,731 [2fdbd8fa-a625-4499-b498-beec3ca4d67d-groupManagement] INFO  storage.RaftStorageDirectory (RaftStorageDirectoryImpl.java:analyzeStorage(138)) - The storage directory /home/runner/work/ozone/ozone/hadoop-ozone/integration-test/target/test-dir/MiniOzoneClusterImpl-a136b03b-8403-429e-9870-8bf85e606ef3/datanode-3/data/ratis/8ec7151d-acf7-4d5a-9019-643a632f8583 does not exist. Creating ...
2023-12-26 17:43:13,732 [2fdbd8fa-a625-4499-b498-beec3ca4d67d-groupManagement] INFO  storage.RaftStorageDirectory (RaftStorageDirectoryImpl.java:tryLock(232)) - Lock on /home/runner/work/ozone/ozone/hadoop-ozone/integration-test/target/test-dir/MiniOzoneClusterImpl-a136b03b-8403-429e-9870-8bf85e606ef3/datanode-3/data/ratis/8ec7151d-acf7-4d5a-9019-643a632f8583/in_use.lock acquired by nodename 85971@fv-az1381-115
2023-12-26 17:43:13,734 [2fdbd8fa-a625-4499-b498-beec3ca4d67d-groupManagement] INFO  storage.RaftStorage (RaftStorageImpl.java:format(97)) - Storage directory /home/runner/work/ozone/ozone/hadoop-ozone/integration-test/target/test-dir/MiniOzoneClusterImpl-a136b03b-8403-429e-9870-8bf85e606ef3/datanode-3/data/ratis/8ec7151d-acf7-4d5a-9019-643a632f8583 has been successfully formatted.
2023-12-26 17:43:13,735 [2fdbd8fa-a625-4499-b498-beec3ca4d67d-groupManagement] INFO  ratis.ContainerStateMachine (ContainerStateMachine.java:loadSnapshot(287)) - group-643A632F8583: The snapshot info is null. Setting the last applied indexto:(t:0, i:~)
2023-12-26 17:43:13,735 [2fdbd8fa-a625-4499-b498-beec3ca4d67d-groupManagement] INFO  server.RaftServerConfigKeys (ConfUtils.java:logGet(46)) - raft.server.log.use.memory = false (default)
2023-12-26 17:43:13,736 [2fdbd8fa-a625-4499-b498-beec3ca4d67d-groupManagement] INFO  server.RaftServerConfigKeys (ConfUtils.java:logGet(46)) - raft.server.log.purge.gap = 1000000 (custom)
2023-12-26 17:43:13,736 [2fdbd8fa-a625-4499-b498-beec3ca4d67d-groupManagement] INFO  server.RaftServerConfigKeys (ConfUtils.java:logGet(46)) - raft.server.log.appender.buffer.byte-limit = 8388608 (custom)
2023-12-26 17:43:13,736 [2fdbd8fa-a625-4499-b498-beec3ca4d67d-groupManagement] INFO  server.RaftServerConfigKeys (ConfUtils.java:logGet(46)) - raft.server.log.statemachine.data.read.timeout = 1000ms (default)
2023-12-26 17:43:13,736 [2fdbd8fa-a625-4499-b498-beec3ca4d67d-groupManagement] INFO  server.RaftServerConfigKeys (ConfUtils.java:logGet(46)) - raft.server.log.purge.preservation.log.num = 0 (default)
2023-12-26 17:43:13,736 [EventQueue-PipelineReportForPipelineReportHandler] INFO  pipeline.PipelineReportHandler (PipelineReportHandler.java:processPipelineReport(136)) - Opened pipeline PipelineID=8ec7151d-acf7-4d5a-9019-643a632f8583
2023-12-26 17:43:13,737 [EventQueue-OpenPipelineForHealthyPipelineSafeModeRule] INFO  safemode.SCMSafeModeManager (HealthyPipelineSafeModeRule.java:process(140)) - SCM in safe mode. Healthy pipelines reported count is 0, required healthy pipeline reported count is 1
2023-12-26 17:43:13,737 [2fdbd8fa-a625-4499-b498-beec3ca4d67d-groupManagement] INFO  server.RaftServerConfigKeys (ConfUtils.java:logGet(46)) - raft.server.log.segment.size.max = 67108864 (custom)
2023-12-26 17:43:13,737 [2fdbd8fa-a625-4499-b498-beec3ca4d67d-groupManagement] INFO  server.RaftServerConfigKeys (ConfUtils.java:logGet(46)) - raft.server.log.segment.cache.num.max = 2 (custom)
2023-12-26 17:43:13,737 [2fdbd8fa-a625-4499-b498-beec3ca4d67d-groupManagement] INFO  server.RaftServerConfigKeys (ConfUtils.java:logGet(46)) - raft.server.log.segment.cache.size.max = 200MB (=209715200) (default)
2023-12-26 17:43:13,737 [2fdbd8fa-a625-4499-b498-beec3ca4d67d-groupManagement] INFO  server.RaftServerConfigKeys (ConfUtils.java:logGet(46)) - raft.server.log.appender.buffer.byte-limit = 8388608 (custom)
2023-12-26 17:43:13,738 [2fdbd8fa-a625-4499-b498-beec3ca4d67d-groupManagement] INFO  util.AwaitToRun (AwaitToRun.java:start(81)) - Thread[2fdbd8fa-a625-4499-b498-beec3ca4d67d@group-643A632F8583-cacheEviction-AwaitToRun,5,main] started
2023-12-26 17:43:13,738 [2fdbd8fa-a625-4499-b498-beec3ca4d67d-groupManagement] INFO  segmented.SegmentedRaftLogWorker (SegmentedRaftLogWorker.java:<init>(184)) - new 2fdbd8fa-a625-4499-b498-beec3ca4d67d@group-643A632F8583-SegmentedRaftLogWorker for RaftStorageImpl:Storage Directory /home/runner/work/ozone/ozone/hadoop-ozone/integration-test/target/test-dir/MiniOzoneClusterImpl-a136b03b-8403-429e-9870-8bf85e606ef3/datanode-3/data/ratis/8ec7151d-acf7-4d5a-9019-643a632f8583
2023-12-26 17:43:13,738 [2fdbd8fa-a625-4499-b498-beec3ca4d67d-groupManagement] INFO  server.RaftServerConfigKeys (ConfUtils.java:logGet(46)) - raft.server.log.queue.byte-limit = 4294967296 (custom)
2023-12-26 17:43:13,738 [2fdbd8fa-a625-4499-b498-beec3ca4d67d-groupManagement] INFO  server.RaftServerConfigKeys (ConfUtils.java:logGet(46)) - raft.server.log.queue.element-limit = 1024 (custom)
2023-12-26 17:43:13,738 [2fdbd8fa-a625-4499-b498-beec3ca4d67d-groupManagement] INFO  server.RaftServerConfigKeys (ConfUtils.java:logGet(46)) - raft.server.log.segment.size.max = 67108864 (custom)
2023-12-26 17:43:13,738 [2fdbd8fa-a625-4499-b498-beec3ca4d67d-groupManagement] INFO  server.RaftServerConfigKeys (ConfUtils.java:logGet(46)) - raft.server.log.preallocated.size = 4194304 (custom)
2023-12-26 17:43:13,738 [2fdbd8fa-a625-4499-b498-beec3ca4d67d-groupManagement] INFO  server.RaftServerConfigKeys (ConfUtils.java:logGet(46)) - raft.server.log.force.sync.num = 128 (default)
2023-12-26 17:43:13,738 [2fdbd8fa-a625-4499-b498-beec3ca4d67d-groupManagement] INFO  server.RaftServerConfigKeys (ConfUtils.java:logGet(46)) - raft.server.log.statemachine.data.sync = true (default)
2023-12-26 17:43:13,738 [2fdbd8fa-a625-4499-b498-beec3ca4d67d-groupManagement] INFO  server.RaftServerConfigKeys (ConfUtils.java:logGet(46)) - raft.server.log.statemachine.data.sync.timeout = 10s (default)
2023-12-26 17:43:13,738 [2fdbd8fa-a625-4499-b498-beec3ca4d67d-groupManagement] INFO  server.RaftServerConfigKeys (ConfUtils.java:logGet(46)) - raft.server.log.statemachine.data.sync.timeout.retry = 0 (custom)
2023-12-26 17:43:13,738 [2fdbd8fa-a625-4499-b498-beec3ca4d67d-groupManagement] INFO  server.RaftServerConfigKeys (ConfUtils.java:logGet(46)) - raft.server.log.write.buffer.size = 8388616 (custom)
2023-12-26 17:43:13,739 [2fdbd8fa-a625-4499-b498-beec3ca4d67d-groupManagement] INFO  server.RaftServerConfigKeys (ConfUtils.java:logGet(46)) - raft.server.log.appender.buffer.byte-limit = 8388608 (custom)
2023-12-26 17:43:13,740 [2fdbd8fa-a625-4499-b498-beec3ca4d67d-groupManagement] INFO  server.RaftServerConfigKeys (ConfUtils.java:logGet(46)) - raft.server.log.unsafe-flush.enabled = false (default)
2023-12-26 17:43:13,740 [2fdbd8fa-a625-4499-b498-beec3ca4d67d-groupManagement] INFO  server.RaftServerConfigKeys (ConfUtils.java:logGet(46)) - raft.server.log.async-flush.enabled = false (default)
2023-12-26 17:43:13,740 [2fdbd8fa-a625-4499-b498-beec3ca4d67d-groupManagement] INFO  server.RaftServerConfigKeys (ConfUtils.java:logGet(46)) - raft.server.log.statemachine.data.caching.enabled = true (custom)
2023-12-26 17:43:13,740 [2fdbd8fa-a625-4499-b498-beec3ca4d67d-groupManagement] INFO  segmented.SegmentedRaftLogWorker (SegmentedRaftLogWorker.java:lambda$new$0(135)) - 2fdbd8fa-a625-4499-b498-beec3ca4d67d@group-643A632F8583-SegmentedRaftLogWorker: flushIndex: setUnconditionally 0 -> -1
2023-12-26 17:43:13,740 [2fdbd8fa-a625-4499-b498-beec3ca4d67d-groupManagement] INFO  segmented.SegmentedRaftLogWorker (SegmentedRaftLogWorker.java:lambda$new$0(135)) - 2fdbd8fa-a625-4499-b498-beec3ca4d67d@group-643A632F8583-SegmentedRaftLogWorker: safeCacheEvictIndex: setUnconditionally 0 -> -1
2023-12-26 17:43:13,740 [2fdbd8fa-a625-4499-b498-beec3ca4d67d-groupManagement] INFO  server.RaftServer$Division (RaftServerImpl.java:start(392)) - 2fdbd8fa-a625-4499-b498-beec3ca4d67d@group-643A632F8583: start as a follower, conf=-1: peers:[2fdbd8fa-a625-4499-b498-beec3ca4d67d|10.1.0.4:15219]|listeners:[], old=null
2023-12-26 17:43:13,740 [2fdbd8fa-a625-4499-b498-beec3ca4d67d-groupManagement] INFO  server.RaftServer$Division (RaftServerImpl.java:setRole(379)) - 2fdbd8fa-a625-4499-b498-beec3ca4d67d@group-643A632F8583: changes role from      null to FOLLOWER at term 0 for startAsFollower
2023-12-26 17:43:13,740 [2fdbd8fa-a625-4499-b498-beec3ca4d67d-groupManagement] INFO  impl.RoleInfo (RoleInfo.java:updateAndGet(139)) - 2fdbd8fa-a625-4499-b498-beec3ca4d67d: start 2fdbd8fa-a625-4499-b498-beec3ca4d67d@group-643A632F8583-FollowerState
2023-12-26 17:43:13,740 [2fdbd8fa-a625-4499-b498-beec3ca4d67d@group-643A632F8583-FollowerState] INFO  server.RaftServerConfigKeys (ConfUtils.java:logFallback(53)) - raft.server.rpc.first-election.timeout.min = 5s (fallback to raft.server.rpc.timeout.min)
2023-12-26 17:43:13,740 [2fdbd8fa-a625-4499-b498-beec3ca4d67d-groupManagement] INFO  util.JmxRegister (JmxRegister.java:tryRegister(44)) - Successfully registered JMX Bean with object name Ratis:service=RaftServer,group=group-643A632F8583,id=2fdbd8fa-a625-4499-b498-beec3ca4d67d
2023-12-26 17:43:13,741 [2fdbd8fa-a625-4499-b498-beec3ca4d67d@group-643A632F8583-FollowerState] INFO  server.RaftServerConfigKeys (ConfUtils.java:logFallback(53)) - raft.server.rpc.first-election.timeout.max = 5200ms (fallback to raft.server.rpc.timeout.max)
2023-12-26 17:43:13,741 [2fdbd8fa-a625-4499-b498-beec3ca4d67d-groupManagement] INFO  server.RaftServerConfigKeys (ConfUtils.java:logGet(46)) - raft.server.snapshot.trigger-when-stop.enabled = true (default)
2023-12-26 17:43:13,741 [2fdbd8fa-a625-4499-b498-beec3ca4d67d-groupManagement] INFO  server.RaftServerConfigKeys (ConfUtils.java:logGet(46)) - raft.server.snapshot.auto.trigger.enabled = true (custom)
2023-12-26 17:43:13,741 [2fdbd8fa-a625-4499-b498-beec3ca4d67d-groupManagement] INFO  server.RaftServerConfigKeys (ConfUtils.java:logGet(46)) - raft.server.snapshot.auto.trigger.threshold = 10000 (custom)
2023-12-26 17:43:13,741 [2fdbd8fa-a625-4499-b498-beec3ca4d67d-groupManagement] INFO  server.RaftServerConfigKeys (ConfUtils.java:logGet(46)) - raft.server.snapshot.retention.file.num = 5 (custom)
2023-12-26 17:43:13,741 [2fdbd8fa-a625-4499-b498-beec3ca4d67d-groupManagement] INFO  server.RaftServerConfigKeys (ConfUtils.java:logGet(46)) - raft.server.log.purge.upto.snapshot.index = false (default)
2023-12-26 17:43:13,741 [2fdbd8fa-a625-4499-b498-beec3ca4d67d-PipelineCommandHandlerThread-0] INFO  ratis.XceiverServerRatis (XceiverServerRatis.java:addGroup(837)) - Created group PipelineID=8ec7151d-acf7-4d5a-9019-643a632f8583
2023-12-26 17:43:13,742 [2fdbd8fa-a625-4499-b498-beec3ca4d67d-PipelineCommandHandlerThread-0] INFO  commandhandler.CreatePipelineCommandHandler (CreatePipelineCommandHandler.java:lambda$handle$2(124)) - Created Pipeline RATIS ONE PipelineID=8ec7151d-acf7-4d5a-9019-643a632f8583.
2023-12-26 17:43:13,742 [2fdbd8fa-a625-4499-b498-beec3ca4d67d-PipelineCommandHandlerThread-0] INFO  server.RaftServer (RaftServerProxy.java:addNew(100)) - 2fdbd8fa-a625-4499-b498-beec3ca4d67d: addNew group-B2B466C41EFE:[2fdbd8fa-a625-4499-b498-beec3ca4d67d|10.1.0.4:15219, 3cf20811-7a7f-4ec1-bb30-7adbebaa785f|10.1.0.4:15237, 51fc6df9-7bd5-4293-8c99-7f2eac1f74df|10.1.0.4:15228] returns group-B2B466C41EFE:java.util.concurrent.CompletableFuture@1540a586[Not completed]
2023-12-26 17:43:13,743 [2fdbd8fa-a625-4499-b498-beec3ca4d67d-groupManagement] INFO  server.RaftServer$Division (RaftServerImpl.java:<init>(256)) - 2fdbd8fa-a625-4499-b498-beec3ca4d67d: new RaftServerImpl for group-B2B466C41EFE:[2fdbd8fa-a625-4499-b498-beec3ca4d67d|10.1.0.4:15219, 3cf20811-7a7f-4ec1-bb30-7adbebaa785f|10.1.0.4:15237, 51fc6df9-7bd5-4293-8c99-7f2eac1f74df|10.1.0.4:15228] with ContainerStateMachine:uninitialized
2023-12-26 17:43:13,743 [2fdbd8fa-a625-4499-b498-beec3ca4d67d-groupManagement] INFO  server.RaftServerConfigKeys (ConfUtils.java:logGet(46)) - raft.server.rpc.timeout.min = 5s (custom)
2023-12-26 17:43:13,743 [2fdbd8fa-a625-4499-b498-beec3ca4d67d-groupManagement] INFO  server.RaftServerConfigKeys (ConfUtils.java:logGet(46)) - raft.server.rpc.timeout.max = 5200ms (custom)
2023-12-26 17:43:13,743 [2fdbd8fa-a625-4499-b498-beec3ca4d67d-groupManagement] INFO  server.RaftServerConfigKeys (ConfUtils.java:logGet(46)) - raft.server.rpc.sleep.time = 25ms (default)
2023-12-26 17:43:13,743 [2fdbd8fa-a625-4499-b498-beec3ca4d67d-groupManagement] INFO  server.RaftServerConfigKeys (ConfUtils.java:logGet(46)) - raft.server.rpc.slowness.timeout = 300000ms (custom)
2023-12-26 17:43:13,743 [2fdbd8fa-a625-4499-b498-beec3ca4d67d-groupManagement] INFO  server.RaftServerConfigKeys (ConfUtils.java:logGet(46)) - raft.server.leaderelection.leader.step-down.wait-time = 10s (default)
2023-12-26 17:43:13,743 [2fdbd8fa-a625-4499-b498-beec3ca4d67d-groupManagement] INFO  server.RaftServerConfigKeys (ConfUtils.java:logGet(46)) - raft.server.leaderelection.member.majority-add = false (default)
2023-12-26 17:43:13,743 [2fdbd8fa-a625-4499-b498-beec3ca4d67d-groupManagement] INFO  server.RaftServerConfigKeys (ConfUtils.java:logGet(46)) - raft.server.sleep.deviation.threshold = 300ms (default)
2023-12-26 17:43:13,743 [2fdbd8fa-a625-4499-b498-beec3ca4d67d-groupManagement] INFO  server.RaftServer$Division (ServerState.java:<init>(113)) - 2fdbd8fa-a625-4499-b498-beec3ca4d67d@group-B2B466C41EFE: ConfigurationManager, init=-1: peers:[2fdbd8fa-a625-4499-b498-beec3ca4d67d|10.1.0.4:15219, 3cf20811-7a7f-4ec1-bb30-7adbebaa785f|10.1.0.4:15237, 51fc6df9-7bd5-4293-8c99-7f2eac1f74df|10.1.0.4:15228]|listeners:[], old=null, confs=<EMPTY_MAP>
2023-12-26 17:43:13,743 [2fdbd8fa-a625-4499-b498-beec3ca4d67d-groupManagement] INFO  server.RaftServerConfigKeys (ConfUtils.java:logGet(46)) - raft.server.notification.no-leader.timeout = 300000ms (custom)
2023-12-26 17:43:13,743 [2fdbd8fa-a625-4499-b498-beec3ca4d67d-groupManagement] INFO  server.RaftServerConfigKeys (ConfUtils.java:logGet(46)) - raft.server.read.timeout = 10s (default)
2023-12-26 17:43:13,743 [2fdbd8fa-a625-4499-b498-beec3ca4d67d-groupManagement] INFO  server.RaftServerConfigKeys (ConfUtils.java:logGet(46)) - raft.server.retrycache.expirytime = 600000ms (custom)
2023-12-26 17:43:13,743 [2fdbd8fa-a625-4499-b498-beec3ca4d67d-groupManagement] INFO  server.RaftServerConfigKeys (ConfUtils.java:logGet(46)) - raft.server.retrycache.statistics.expirytime = 100ms (default)
2023-12-26 17:43:13,743 [2fdbd8fa-a625-4499-b498-beec3ca4d67d-groupManagement] INFO  server.RaftServerConfigKeys (ConfUtils.java:logGet(46)) - raft.server.read.option = DEFAULT (default)
2023-12-26 17:43:13,743 [2fdbd8fa-a625-4499-b498-beec3ca4d67d-groupManagement] INFO  server.RaftServerConfigKeys (ConfUtils.java:logGet(46)) - raft.server.read.read-after-write-consistent.write-index-cache.expiry-time = 60s (default)
2023-12-26 17:43:13,745 [2fdbd8fa-a625-4499-b498-beec3ca4d67d-groupManagement] INFO  server.RaftServerConfigKeys (ConfUtils.java:logGet(46)) - raft.server.rpc.request.timeout = 3000ms (default)
2023-12-26 17:43:13,746 [2fdbd8fa-a625-4499-b498-beec3ca4d67d-groupManagement] INFO  server.RaftServerConfigKeys (ConfUtils.java:logGet(46)) - raft.server.log.appender.install.snapshot.enabled = false (custom)
2023-12-26 17:43:13,746 [2fdbd8fa-a625-4499-b498-beec3ca4d67d-groupManagement] INFO  server.RaftServerConfigKeys (ConfUtils.java:logGet(46)) - raft.server.threadpool.server.cached = true (default)
2023-12-26 17:43:13,746 [2fdbd8fa-a625-4499-b498-beec3ca4d67d-groupManagement] INFO  server.RaftServerConfigKeys (ConfUtils.java:logGet(46)) - raft.server.threadpool.server.size = 0 (default)
2023-12-26 17:43:13,746 [2fdbd8fa-a625-4499-b498-beec3ca4d67d-groupManagement] INFO  server.RaftServerConfigKeys (ConfUtils.java:logGet(46)) - raft.server.threadpool.client.cached = true (default)
2023-12-26 17:43:13,746 [2fdbd8fa-a625-4499-b498-beec3ca4d67d-groupManagement] INFO  server.RaftServerConfigKeys (ConfUtils.java:logGet(46)) - raft.server.threadpool.client.size = 0 (default)
2023-12-26 17:43:13,746 [2fdbd8fa-a625-4499-b498-beec3ca4d67d-groupManagement] INFO  server.RaftServerConfigKeys (ConfUtils.java:logGet(46)) - raft.server.storage.free-space.min = 0MB (=0) (default)
2023-12-26 17:43:13,746 [2fdbd8fa-a625-4499-b498-beec3ca4d67d-groupManagement] INFO  server.RaftServerConfigKeys (ConfUtils.java:logGet(46)) - raft.server.log.corruption.policy = EXCEPTION (default)
2023-12-26 17:43:13,746 [2fdbd8fa-a625-4499-b498-beec3ca4d67d-groupManagement] INFO  server.RaftServerConfigKeys (ConfUtils.java:logGet(46)) - raft.server.storage.dir = [/home/runner/work/ozone/ozone/hadoop-ozone/integration-test/target/test-dir/MiniOzoneClusterImpl-a136b03b-8403-429e-9870-8bf85e606ef3/datanode-3/data/ratis] (custom)
2023-12-26 17:43:13,746 [2fdbd8fa-a625-4499-b498-beec3ca4d67d-groupManagement] INFO  storage.RaftStorageDirectory (RaftStorageDirectoryImpl.java:analyzeStorage(138)) - The storage directory /home/runner/work/ozone/ozone/hadoop-ozone/integration-test/target/test-dir/MiniOzoneClusterImpl-a136b03b-8403-429e-9870-8bf85e606ef3/datanode-3/data/ratis/b5e1434b-cd68-4add-b326-b2b466c41efe does not exist. Creating ...
2023-12-26 17:43:13,747 [2fdbd8fa-a625-4499-b498-beec3ca4d67d-groupManagement] INFO  storage.RaftStorageDirectory (RaftStorageDirectoryImpl.java:tryLock(232)) - Lock on /home/runner/work/ozone/ozone/hadoop-ozone/integration-test/target/test-dir/MiniOzoneClusterImpl-a136b03b-8403-429e-9870-8bf85e606ef3/datanode-3/data/ratis/b5e1434b-cd68-4add-b326-b2b466c41efe/in_use.lock acquired by nodename 85971@fv-az1381-115
2023-12-26 17:43:13,748 [2fdbd8fa-a625-4499-b498-beec3ca4d67d-groupManagement] INFO  storage.RaftStorage (RaftStorageImpl.java:format(97)) - Storage directory /home/runner/work/ozone/ozone/hadoop-ozone/integration-test/target/test-dir/MiniOzoneClusterImpl-a136b03b-8403-429e-9870-8bf85e606ef3/datanode-3/data/ratis/b5e1434b-cd68-4add-b326-b2b466c41efe has been successfully formatted.
2023-12-26 17:43:13,748 [2fdbd8fa-a625-4499-b498-beec3ca4d67d-groupManagement] INFO  ratis.ContainerStateMachine (ContainerStateMachine.java:loadSnapshot(287)) - group-B2B466C41EFE: The snapshot info is null. Setting the last applied indexto:(t:0, i:~)
2023-12-26 17:43:13,749 [2fdbd8fa-a625-4499-b498-beec3ca4d67d-groupManagement] INFO  server.RaftServerConfigKeys (ConfUtils.java:logGet(46)) - raft.server.log.use.memory = false (default)
2023-12-26 17:43:13,749 [2fdbd8fa-a625-4499-b498-beec3ca4d67d-groupManagement] INFO  server.RaftServerConfigKeys (ConfUtils.java:logGet(46)) - raft.server.log.purge.gap = 1000000 (custom)
2023-12-26 17:43:13,749 [2fdbd8fa-a625-4499-b498-beec3ca4d67d-groupManagement] INFO  server.RaftServerConfigKeys (ConfUtils.java:logGet(46)) - raft.server.log.appender.buffer.byte-limit = 8388608 (custom)
2023-12-26 17:43:13,749 [2fdbd8fa-a625-4499-b498-beec3ca4d67d-groupManagement] INFO  server.RaftServerConfigKeys (ConfUtils.java:logGet(46)) - raft.server.log.statemachine.data.read.timeout = 1000ms (default)
2023-12-26 17:43:13,749 [2fdbd8fa-a625-4499-b498-beec3ca4d67d-groupManagement] INFO  server.RaftServerConfigKeys (ConfUtils.java:logGet(46)) - raft.server.log.purge.preservation.log.num = 0 (default)
2023-12-26 17:43:13,750 [EventQueue-OpenPipelineForHealthyPipelineSafeModeRule] INFO  safemode.SCMSafeModeManager (HealthyPipelineSafeModeRule.java:process(140)) - SCM in safe mode. Healthy pipelines reported count is 0, required healthy pipeline reported count is 1
2023-12-26 17:43:13,750 [2fdbd8fa-a625-4499-b498-beec3ca4d67d-groupManagement] INFO  server.RaftServerConfigKeys (ConfUtils.java:logGet(46)) - raft.server.log.segment.size.max = 67108864 (custom)
2023-12-26 17:43:13,751 [2fdbd8fa-a625-4499-b498-beec3ca4d67d-groupManagement] INFO  server.RaftServerConfigKeys (ConfUtils.java:logGet(46)) - raft.server.log.segment.cache.num.max = 2 (custom)
2023-12-26 17:43:13,751 [2fdbd8fa-a625-4499-b498-beec3ca4d67d-groupManagement] INFO  server.RaftServerConfigKeys (ConfUtils.java:logGet(46)) - raft.server.log.segment.cache.size.max = 200MB (=209715200) (default)
2023-12-26 17:43:13,751 [2fdbd8fa-a625-4499-b498-beec3ca4d67d-groupManagement] INFO  server.RaftServerConfigKeys (ConfUtils.java:logGet(46)) - raft.server.log.appender.buffer.byte-limit = 8388608 (custom)
2023-12-26 17:43:13,751 [2fdbd8fa-a625-4499-b498-beec3ca4d67d-groupManagement] INFO  util.AwaitToRun (AwaitToRun.java:start(81)) - Thread[2fdbd8fa-a625-4499-b498-beec3ca4d67d@group-B2B466C41EFE-cacheEviction-AwaitToRun,5,main] started
2023-12-26 17:43:13,751 [2fdbd8fa-a625-4499-b498-beec3ca4d67d-groupManagement] INFO  segmented.SegmentedRaftLogWorker (SegmentedRaftLogWorker.java:<init>(184)) - new 2fdbd8fa-a625-4499-b498-beec3ca4d67d@group-B2B466C41EFE-SegmentedRaftLogWorker for RaftStorageImpl:Storage Directory /home/runner/work/ozone/ozone/hadoop-ozone/integration-test/target/test-dir/MiniOzoneClusterImpl-a136b03b-8403-429e-9870-8bf85e606ef3/datanode-3/data/ratis/b5e1434b-cd68-4add-b326-b2b466c41efe
2023-12-26 17:43:13,751 [2fdbd8fa-a625-4499-b498-beec3ca4d67d-groupManagement] INFO  server.RaftServerConfigKeys (ConfUtils.java:logGet(46)) - raft.server.log.queue.byte-limit = 4294967296 (custom)
2023-12-26 17:43:13,751 [2fdbd8fa-a625-4499-b498-beec3ca4d67d-groupManagement] INFO  server.RaftServerConfigKeys (ConfUtils.java:logGet(46)) - raft.server.log.queue.element-limit = 1024 (custom)
2023-12-26 17:43:13,751 [2fdbd8fa-a625-4499-b498-beec3ca4d67d-groupManagement] INFO  server.RaftServerConfigKeys (ConfUtils.java:logGet(46)) - raft.server.log.segment.size.max = 67108864 (custom)
2023-12-26 17:43:13,751 [2fdbd8fa-a625-4499-b498-beec3ca4d67d-groupManagement] INFO  server.RaftServerConfigKeys (ConfUtils.java:logGet(46)) - raft.server.log.preallocated.size = 4194304 (custom)
2023-12-26 17:43:13,752 [2fdbd8fa-a625-4499-b498-beec3ca4d67d-groupManagement] INFO  server.RaftServerConfigKeys (ConfUtils.java:logGet(46)) - raft.server.log.force.sync.num = 128 (default)
2023-12-26 17:43:13,752 [2fdbd8fa-a625-4499-b498-beec3ca4d67d-groupManagement] INFO  server.RaftServerConfigKeys (ConfUtils.java:logGet(46)) - raft.server.log.statemachine.data.sync = true (default)
2023-12-26 17:43:13,752 [2fdbd8fa-a625-4499-b498-beec3ca4d67d-groupManagement] INFO  server.RaftServerConfigKeys (ConfUtils.java:logGet(46)) - raft.server.log.statemachine.data.sync.timeout = 10s (default)
2023-12-26 17:43:13,752 [2fdbd8fa-a625-4499-b498-beec3ca4d67d-groupManagement] INFO  server.RaftServerConfigKeys (ConfUtils.java:logGet(46)) - raft.server.log.statemachine.data.sync.timeout.retry = 0 (custom)
2023-12-26 17:43:13,752 [2fdbd8fa-a625-4499-b498-beec3ca4d67d-groupManagement] INFO  server.RaftServerConfigKeys (ConfUtils.java:logGet(46)) - raft.server.log.write.buffer.size = 8388616 (custom)
2023-12-26 17:43:13,754 [2fdbd8fa-a625-4499-b498-beec3ca4d67d-groupManagement] INFO  server.RaftServerConfigKeys (ConfUtils.java:logGet(46)) - raft.server.log.appender.buffer.byte-limit = 8388608 (custom)
2023-12-26 17:43:13,754 [2fdbd8fa-a625-4499-b498-beec3ca4d67d-groupManagement] INFO  server.RaftServerConfigKeys (ConfUtils.java:logGet(46)) - raft.server.log.unsafe-flush.enabled = false (default)
2023-12-26 17:43:13,754 [2fdbd8fa-a625-4499-b498-beec3ca4d67d-groupManagement] INFO  server.RaftServerConfigKeys (ConfUtils.java:logGet(46)) - raft.server.log.async-flush.enabled = false (default)
2023-12-26 17:43:13,754 [2fdbd8fa-a625-4499-b498-beec3ca4d67d-groupManagement] INFO  server.RaftServerConfigKeys (ConfUtils.java:logGet(46)) - raft.server.log.statemachine.data.caching.enabled = true (custom)
2023-12-26 17:43:13,754 [2fdbd8fa-a625-4499-b498-beec3ca4d67d-groupManagement] INFO  segmented.SegmentedRaftLogWorker (SegmentedRaftLogWorker.java:lambda$new$0(135)) - 2fdbd8fa-a625-4499-b498-beec3ca4d67d@group-B2B466C41EFE-SegmentedRaftLogWorker: flushIndex: setUnconditionally 0 -> -1
2023-12-26 17:43:13,754 [2fdbd8fa-a625-4499-b498-beec3ca4d67d-groupManagement] INFO  segmented.SegmentedRaftLogWorker (SegmentedRaftLogWorker.java:lambda$new$0(135)) - 2fdbd8fa-a625-4499-b498-beec3ca4d67d@group-B2B466C41EFE-SegmentedRaftLogWorker: safeCacheEvictIndex: setUnconditionally 0 -> -1
2023-12-26 17:43:13,755 [2fdbd8fa-a625-4499-b498-beec3ca4d67d-groupManagement] INFO  server.RaftServer$Division (RaftServerImpl.java:start(392)) - 2fdbd8fa-a625-4499-b498-beec3ca4d67d@group-B2B466C41EFE: start as a follower, conf=-1: peers:[2fdbd8fa-a625-4499-b498-beec3ca4d67d|10.1.0.4:15219, 3cf20811-7a7f-4ec1-bb30-7adbebaa785f|10.1.0.4:15237, 51fc6df9-7bd5-4293-8c99-7f2eac1f74df|10.1.0.4:15228]|listeners:[], old=null
2023-12-26 17:43:13,755 [2fdbd8fa-a625-4499-b498-beec3ca4d67d-groupManagement] INFO  server.RaftServer$Division (RaftServerImpl.java:setRole(379)) - 2fdbd8fa-a625-4499-b498-beec3ca4d67d@group-B2B466C41EFE: changes role from      null to FOLLOWER at term 0 for startAsFollower
2023-12-26 17:43:13,755 [2fdbd8fa-a625-4499-b498-beec3ca4d67d-groupManagement] INFO  impl.RoleInfo (RoleInfo.java:updateAndGet(139)) - 2fdbd8fa-a625-4499-b498-beec3ca4d67d: start 2fdbd8fa-a625-4499-b498-beec3ca4d67d@group-B2B466C41EFE-FollowerState
2023-12-26 17:43:13,755 [2fdbd8fa-a625-4499-b498-beec3ca4d67d-groupManagement] INFO  util.JmxRegister (JmxRegister.java:tryRegister(44)) - Successfully registered JMX Bean with object name Ratis:service=RaftServer,group=group-B2B466C41EFE,id=2fdbd8fa-a625-4499-b498-beec3ca4d67d
2023-12-26 17:43:13,755 [2fdbd8fa-a625-4499-b498-beec3ca4d67d-groupManagement] INFO  server.RaftServerConfigKeys (ConfUtils.java:logGet(46)) - raft.server.snapshot.trigger-when-stop.enabled = true (default)
2023-12-26 17:43:13,755 [2fdbd8fa-a625-4499-b498-beec3ca4d67d@group-B2B466C41EFE-FollowerState] INFO  server.RaftServerConfigKeys (ConfUtils.java:logFallback(53)) - raft.server.rpc.first-election.timeout.min = 5s (fallback to raft.server.rpc.timeout.min)
2023-12-26 17:43:13,755 [2fdbd8fa-a625-4499-b498-beec3ca4d67d-groupManagement] INFO  server.RaftServerConfigKeys (ConfUtils.java:logGet(46)) - raft.server.snapshot.auto.trigger.enabled = true (custom)
2023-12-26 17:43:13,755 [2fdbd8fa-a625-4499-b498-beec3ca4d67d@group-B2B466C41EFE-FollowerState] INFO  server.RaftServerConfigKeys (ConfUtils.java:logFallback(53)) - raft.server.rpc.first-election.timeout.max = 5200ms (fallback to raft.server.rpc.timeout.max)
2023-12-26 17:43:13,755 [2fdbd8fa-a625-4499-b498-beec3ca4d67d-groupManagement] INFO  server.RaftServerConfigKeys (ConfUtils.java:logGet(46)) - raft.server.snapshot.auto.trigger.threshold = 10000 (custom)
2023-12-26 17:43:13,755 [2fdbd8fa-a625-4499-b498-beec3ca4d67d-groupManagement] INFO  server.RaftServerConfigKeys (ConfUtils.java:logGet(46)) - raft.server.snapshot.retention.file.num = 5 (custom)
2023-12-26 17:43:13,755 [2fdbd8fa-a625-4499-b498-beec3ca4d67d-groupManagement] INFO  server.RaftServerConfigKeys (ConfUtils.java:logGet(46)) - raft.server.log.purge.upto.snapshot.index = false (default)
2023-12-26 17:43:13,756 [2fdbd8fa-a625-4499-b498-beec3ca4d67d-PipelineCommandHandlerThread-0] INFO  ratis.XceiverServerRatis (XceiverServerRatis.java:addGroup(837)) - Created group PipelineID=b5e1434b-cd68-4add-b326-b2b466c41efe
2023-12-26 17:43:13,761 [grpc-default-executor-2] INFO  server.RaftServer (RaftServerProxy.java:addNew(100)) - 51fc6df9-7bd5-4293-8c99-7f2eac1f74df: addNew group-B2B466C41EFE:[2fdbd8fa-a625-4499-b498-beec3ca4d67d|10.1.0.4:15219, 3cf20811-7a7f-4ec1-bb30-7adbebaa785f|10.1.0.4:15237, 51fc6df9-7bd5-4293-8c99-7f2eac1f74df|10.1.0.4:15228] returns group-B2B466C41EFE:java.util.concurrent.CompletableFuture@3b26ae0a[Not completed]
2023-12-26 17:43:13,762 [51fc6df9-7bd5-4293-8c99-7f2eac1f74df-groupManagement] INFO  server.RaftServer$Division (RaftServerImpl.java:<init>(256)) - 51fc6df9-7bd5-4293-8c99-7f2eac1f74df: new RaftServerImpl for group-B2B466C41EFE:[2fdbd8fa-a625-4499-b498-beec3ca4d67d|10.1.0.4:15219, 3cf20811-7a7f-4ec1-bb30-7adbebaa785f|10.1.0.4:15237, 51fc6df9-7bd5-4293-8c99-7f2eac1f74df|10.1.0.4:15228] with ContainerStateMachine:uninitialized
2023-12-26 17:43:13,762 [51fc6df9-7bd5-4293-8c99-7f2eac1f74df-groupManagement] INFO  server.RaftServerConfigKeys (ConfUtils.java:logGet(46)) - raft.server.rpc.timeout.min = 5s (custom)
2023-12-26 17:43:13,762 [51fc6df9-7bd5-4293-8c99-7f2eac1f74df-groupManagement] INFO  server.RaftServerConfigKeys (ConfUtils.java:logGet(46)) - raft.server.rpc.timeout.max = 5200ms (custom)
2023-12-26 17:43:13,762 [51fc6df9-7bd5-4293-8c99-7f2eac1f74df-groupManagement] INFO  server.RaftServerConfigKeys (ConfUtils.java:logGet(46)) - raft.server.rpc.sleep.time = 25ms (default)
2023-12-26 17:43:13,762 [51fc6df9-7bd5-4293-8c99-7f2eac1f74df-groupManagement] INFO  server.RaftServerConfigKeys (ConfUtils.java:logGet(46)) - raft.server.rpc.slowness.timeout = 300000ms (custom)
2023-12-26 17:43:13,762 [51fc6df9-7bd5-4293-8c99-7f2eac1f74df-groupManagement] INFO  server.RaftServerConfigKeys (ConfUtils.java:logGet(46)) - raft.server.leaderelection.leader.step-down.wait-time = 10s (default)
2023-12-26 17:43:13,763 [51fc6df9-7bd5-4293-8c99-7f2eac1f74df-groupManagement] INFO  server.RaftServerConfigKeys (ConfUtils.java:logGet(46)) - raft.server.leaderelection.member.majority-add = false (default)
2023-12-26 17:43:13,763 [51fc6df9-7bd5-4293-8c99-7f2eac1f74df-groupManagement] INFO  server.RaftServerConfigKeys (ConfUtils.java:logGet(46)) - raft.server.sleep.deviation.threshold = 300ms (default)
2023-12-26 17:43:13,763 [51fc6df9-7bd5-4293-8c99-7f2eac1f74df-groupManagement] INFO  server.RaftServer$Division (ServerState.java:<init>(113)) - 51fc6df9-7bd5-4293-8c99-7f2eac1f74df@group-B2B466C41EFE: ConfigurationManager, init=-1: peers:[2fdbd8fa-a625-4499-b498-beec3ca4d67d|10.1.0.4:15219, 3cf20811-7a7f-4ec1-bb30-7adbebaa785f|10.1.0.4:15237, 51fc6df9-7bd5-4293-8c99-7f2eac1f74df|10.1.0.4:15228]|listeners:[], old=null, confs=<EMPTY_MAP>
2023-12-26 17:43:13,763 [51fc6df9-7bd5-4293-8c99-7f2eac1f74df-groupManagement] INFO  server.RaftServerConfigKeys (ConfUtils.java:logGet(46)) - raft.server.notification.no-leader.timeout = 300000ms (custom)
2023-12-26 17:43:13,763 [51fc6df9-7bd5-4293-8c99-7f2eac1f74df-groupManagement] INFO  server.RaftServerConfigKeys (ConfUtils.java:logGet(46)) - raft.server.read.timeout = 10s (default)
2023-12-26 17:43:13,763 [51fc6df9-7bd5-4293-8c99-7f2eac1f74df-groupManagement] INFO  server.RaftServerConfigKeys (ConfUtils.java:logGet(46)) - raft.server.retrycache.expirytime = 600000ms (custom)
2023-12-26 17:43:13,763 [51fc6df9-7bd5-4293-8c99-7f2eac1f74df-groupManagement] INFO  server.RaftServerConfigKeys (ConfUtils.java:logGet(46)) - raft.server.retrycache.statistics.expirytime = 100ms (default)
2023-12-26 17:43:13,763 [51fc6df9-7bd5-4293-8c99-7f2eac1f74df-groupManagement] INFO  server.RaftServerConfigKeys (ConfUtils.java:logGet(46)) - raft.server.read.option = DEFAULT (default)
2023-12-26 17:43:13,763 [51fc6df9-7bd5-4293-8c99-7f2eac1f74df-groupManagement] INFO  server.RaftServerConfigKeys (ConfUtils.java:logGet(46)) - raft.server.read.read-after-write-consistent.write-index-cache.expiry-time = 60s (default)
2023-12-26 17:43:13,764 [51fc6df9-7bd5-4293-8c99-7f2eac1f74df-groupManagement] INFO  server.RaftServerConfigKeys (ConfUtils.java:logGet(46)) - raft.server.rpc.request.timeout = 3000ms (default)
2023-12-26 17:43:13,764 [51fc6df9-7bd5-4293-8c99-7f2eac1f74df-groupManagement] INFO  server.RaftServerConfigKeys (ConfUtils.java:logGet(46)) - raft.server.log.appender.install.snapshot.enabled = false (custom)
2023-12-26 17:43:13,765 [51fc6df9-7bd5-4293-8c99-7f2eac1f74df-groupManagement] INFO  server.RaftServerConfigKeys (ConfUtils.java:logGet(46)) - raft.server.threadpool.server.cached = true (default)
2023-12-26 17:43:13,765 [51fc6df9-7bd5-4293-8c99-7f2eac1f74df-groupManagement] INFO  server.RaftServerConfigKeys (ConfUtils.java:logGet(46)) - raft.server.threadpool.server.size = 0 (default)
2023-12-26 17:43:13,765 [51fc6df9-7bd5-4293-8c99-7f2eac1f74df-groupManagement] INFO  server.RaftServerConfigKeys (ConfUtils.java:logGet(46)) - raft.server.threadpool.client.cached = true (default)
2023-12-26 17:43:13,765 [51fc6df9-7bd5-4293-8c99-7f2eac1f74df-groupManagement] INFO  server.RaftServerConfigKeys (ConfUtils.java:logGet(46)) - raft.server.threadpool.client.size = 0 (default)
2023-12-26 17:43:13,765 [51fc6df9-7bd5-4293-8c99-7f2eac1f74df-groupManagement] INFO  server.RaftServerConfigKeys (ConfUtils.java:logGet(46)) - raft.server.storage.free-space.min = 0MB (=0) (default)
2023-12-26 17:43:13,765 [51fc6df9-7bd5-4293-8c99-7f2eac1f74df-groupManagement] INFO  server.RaftServerConfigKeys (ConfUtils.java:logGet(46)) - raft.server.log.corruption.policy = EXCEPTION (default)
2023-12-26 17:43:13,765 [51fc6df9-7bd5-4293-8c99-7f2eac1f74df-groupManagement] INFO  server.RaftServerConfigKeys (ConfUtils.java:logGet(46)) - raft.server.storage.dir = [/home/runner/work/ozone/ozone/hadoop-ozone/integration-test/target/test-dir/MiniOzoneClusterImpl-a136b03b-8403-429e-9870-8bf85e606ef3/datanode-4/data/ratis] (custom)
2023-12-26 17:43:13,765 [51fc6df9-7bd5-4293-8c99-7f2eac1f74df-groupManagement] INFO  storage.RaftStorageDirectory (RaftStorageDirectoryImpl.java:analyzeStorage(138)) - The storage directory /home/runner/work/ozone/ozone/hadoop-ozone/integration-test/target/test-dir/MiniOzoneClusterImpl-a136b03b-8403-429e-9870-8bf85e606ef3/datanode-4/data/ratis/b5e1434b-cd68-4add-b326-b2b466c41efe does not exist. Creating ...
2023-12-26 17:43:13,766 [51fc6df9-7bd5-4293-8c99-7f2eac1f74df-groupManagement] INFO  storage.RaftStorageDirectory (RaftStorageDirectoryImpl.java:tryLock(232)) - Lock on /home/runner/work/ozone/ozone/hadoop-ozone/integration-test/target/test-dir/MiniOzoneClusterImpl-a136b03b-8403-429e-9870-8bf85e606ef3/datanode-4/data/ratis/b5e1434b-cd68-4add-b326-b2b466c41efe/in_use.lock acquired by nodename 85971@fv-az1381-115
2023-12-26 17:43:13,767 [51fc6df9-7bd5-4293-8c99-7f2eac1f74df-groupManagement] INFO  storage.RaftStorage (RaftStorageImpl.java:format(97)) - Storage directory /home/runner/work/ozone/ozone/hadoop-ozone/integration-test/target/test-dir/MiniOzoneClusterImpl-a136b03b-8403-429e-9870-8bf85e606ef3/datanode-4/data/ratis/b5e1434b-cd68-4add-b326-b2b466c41efe has been successfully formatted.
2023-12-26 17:43:13,768 [51fc6df9-7bd5-4293-8c99-7f2eac1f74df-groupManagement] INFO  ratis.ContainerStateMachine (ContainerStateMachine.java:loadSnapshot(287)) - group-B2B466C41EFE: The snapshot info is null. Setting the last applied indexto:(t:0, i:~)
2023-12-26 17:43:13,768 [51fc6df9-7bd5-4293-8c99-7f2eac1f74df-groupManagement] INFO  server.RaftServerConfigKeys (ConfUtils.java:logGet(46)) - raft.server.log.use.memory = false (default)
2023-12-26 17:43:13,769 [51fc6df9-7bd5-4293-8c99-7f2eac1f74df-groupManagement] INFO  server.RaftServerConfigKeys (ConfUtils.java:logGet(46)) - raft.server.log.purge.gap = 1000000 (custom)
2023-12-26 17:43:13,769 [51fc6df9-7bd5-4293-8c99-7f2eac1f74df-groupManagement] INFO  server.RaftServerConfigKeys (ConfUtils.java:logGet(46)) - raft.server.log.appender.buffer.byte-limit = 8388608 (custom)
2023-12-26 17:43:13,769 [51fc6df9-7bd5-4293-8c99-7f2eac1f74df-groupManagement] INFO  server.RaftServerConfigKeys (ConfUtils.java:logGet(46)) - raft.server.log.statemachine.data.read.timeout = 1000ms (default)
2023-12-26 17:43:13,769 [51fc6df9-7bd5-4293-8c99-7f2eac1f74df-groupManagement] INFO  server.RaftServerConfigKeys (ConfUtils.java:logGet(46)) - raft.server.log.purge.preservation.log.num = 0 (default)
2023-12-26 17:43:13,770 [51fc6df9-7bd5-4293-8c99-7f2eac1f74df-groupManagement] INFO  server.RaftServerConfigKeys (ConfUtils.java:logGet(46)) - raft.server.log.segment.size.max = 67108864 (custom)
2023-12-26 17:43:13,771 [51fc6df9-7bd5-4293-8c99-7f2eac1f74df-groupManagement] INFO  server.RaftServerConfigKeys (ConfUtils.java:logGet(46)) - raft.server.log.segment.cache.num.max = 2 (custom)
2023-12-26 17:43:13,771 [51fc6df9-7bd5-4293-8c99-7f2eac1f74df-groupManagement] INFO  server.RaftServerConfigKeys (ConfUtils.java:logGet(46)) - raft.server.log.segment.cache.size.max = 200MB (=209715200) (default)
2023-12-26 17:43:13,771 [51fc6df9-7bd5-4293-8c99-7f2eac1f74df-groupManagement] INFO  server.RaftServerConfigKeys (ConfUtils.java:logGet(46)) - raft.server.log.appender.buffer.byte-limit = 8388608 (custom)
2023-12-26 17:43:13,771 [51fc6df9-7bd5-4293-8c99-7f2eac1f74df-groupManagement] INFO  util.AwaitToRun (AwaitToRun.java:start(81)) - Thread[51fc6df9-7bd5-4293-8c99-7f2eac1f74df@group-B2B466C41EFE-cacheEviction-AwaitToRun,5,main] started
2023-12-26 17:43:13,771 [51fc6df9-7bd5-4293-8c99-7f2eac1f74df-groupManagement] INFO  segmented.SegmentedRaftLogWorker (SegmentedRaftLogWorker.java:<init>(184)) - new 51fc6df9-7bd5-4293-8c99-7f2eac1f74df@group-B2B466C41EFE-SegmentedRaftLogWorker for RaftStorageImpl:Storage Directory /home/runner/work/ozone/ozone/hadoop-ozone/integration-test/target/test-dir/MiniOzoneClusterImpl-a136b03b-8403-429e-9870-8bf85e606ef3/datanode-4/data/ratis/b5e1434b-cd68-4add-b326-b2b466c41efe
2023-12-26 17:43:13,771 [51fc6df9-7bd5-4293-8c99-7f2eac1f74df-groupManagement] INFO  server.RaftServerConfigKeys (ConfUtils.java:logGet(46)) - raft.server.log.queue.byte-limit = 4294967296 (custom)
2023-12-26 17:43:13,771 [51fc6df9-7bd5-4293-8c99-7f2eac1f74df-groupManagement] INFO  server.RaftServerConfigKeys (ConfUtils.java:logGet(46)) - raft.server.log.queue.element-limit = 1024 (custom)
2023-12-26 17:43:13,771 [51fc6df9-7bd5-4293-8c99-7f2eac1f74df-groupManagement] INFO  server.RaftServerConfigKeys (ConfUtils.java:logGet(46)) - raft.server.log.segment.size.max = 67108864 (custom)
2023-12-26 17:43:13,771 [51fc6df9-7bd5-4293-8c99-7f2eac1f74df-groupManagement] INFO  server.RaftServerConfigKeys (ConfUtils.java:logGet(46)) - raft.server.log.preallocated.size = 4194304 (custom)
2023-12-26 17:43:13,771 [51fc6df9-7bd5-4293-8c99-7f2eac1f74df-groupManagement] INFO  server.RaftServerConfigKeys (ConfUtils.java:logGet(46)) - raft.server.log.force.sync.num = 128 (default)
2023-12-26 17:43:13,771 [51fc6df9-7bd5-4293-8c99-7f2eac1f74df-groupManagement] INFO  server.RaftServerConfigKeys (ConfUtils.java:logGet(46)) - raft.server.log.statemachine.data.sync = true (default)
2023-12-26 17:43:13,772 [51fc6df9-7bd5-4293-8c99-7f2eac1f74df-groupManagement] INFO  server.RaftServerConfigKeys (ConfUtils.java:logGet(46)) - raft.server.log.statemachine.data.sync.timeout = 10s (default)
2023-12-26 17:43:13,772 [51fc6df9-7bd5-4293-8c99-7f2eac1f74df-groupManagement] INFO  server.RaftServerConfigKeys (ConfUtils.java:logGet(46)) - raft.server.log.statemachine.data.sync.timeout.retry = 0 (custom)
2023-12-26 17:43:13,772 [51fc6df9-7bd5-4293-8c99-7f2eac1f74df-groupManagement] INFO  server.RaftServerConfigKeys (ConfUtils.java:logGet(46)) - raft.server.log.write.buffer.size = 8388616 (custom)
2023-12-26 17:43:13,773 [51fc6df9-7bd5-4293-8c99-7f2eac1f74df-groupManagement] INFO  server.RaftServerConfigKeys (ConfUtils.java:logGet(46)) - raft.server.log.appender.buffer.byte-limit = 8388608 (custom)
2023-12-26 17:43:13,774 [51fc6df9-7bd5-4293-8c99-7f2eac1f74df-groupManagement] INFO  server.RaftServerConfigKeys (ConfUtils.java:logGet(46)) - raft.server.log.unsafe-flush.enabled = false (default)
2023-12-26 17:43:13,774 [51fc6df9-7bd5-4293-8c99-7f2eac1f74df-groupManagement] INFO  server.RaftServerConfigKeys (ConfUtils.java:logGet(46)) - raft.server.log.async-flush.enabled = false (default)
2023-12-26 17:43:13,774 [51fc6df9-7bd5-4293-8c99-7f2eac1f74df-groupManagement] INFO  server.RaftServerConfigKeys (ConfUtils.java:logGet(46)) - raft.server.log.statemachine.data.caching.enabled = true (custom)
2023-12-26 17:43:13,774 [51fc6df9-7bd5-4293-8c99-7f2eac1f74df-groupManagement] INFO  segmented.SegmentedRaftLogWorker (SegmentedRaftLogWorker.java:lambda$new$0(135)) - 51fc6df9-7bd5-4293-8c99-7f2eac1f74df@group-B2B466C41EFE-SegmentedRaftLogWorker: flushIndex: setUnconditionally 0 -> -1
2023-12-26 17:43:13,774 [51fc6df9-7bd5-4293-8c99-7f2eac1f74df-groupManagement] INFO  segmented.SegmentedRaftLogWorker (SegmentedRaftLogWorker.java:lambda$new$0(135)) - 51fc6df9-7bd5-4293-8c99-7f2eac1f74df@group-B2B466C41EFE-SegmentedRaftLogWorker: safeCacheEvictIndex: setUnconditionally 0 -> -1
2023-12-26 17:43:13,774 [51fc6df9-7bd5-4293-8c99-7f2eac1f74df-groupManagement] INFO  server.RaftServer$Division (RaftServerImpl.java:start(392)) - 51fc6df9-7bd5-4293-8c99-7f2eac1f74df@group-B2B466C41EFE: start as a follower, conf=-1: peers:[2fdbd8fa-a625-4499-b498-beec3ca4d67d|10.1.0.4:15219, 3cf20811-7a7f-4ec1-bb30-7adbebaa785f|10.1.0.4:15237, 51fc6df9-7bd5-4293-8c99-7f2eac1f74df|10.1.0.4:15228]|listeners:[], old=null
2023-12-26 17:43:13,774 [51fc6df9-7bd5-4293-8c99-7f2eac1f74df-groupManagement] INFO  server.RaftServer$Division (RaftServerImpl.java:setRole(379)) - 51fc6df9-7bd5-4293-8c99-7f2eac1f74df@group-B2B466C41EFE: changes role from      null to FOLLOWER at term 0 for startAsFollower
2023-12-26 17:43:13,774 [51fc6df9-7bd5-4293-8c99-7f2eac1f74df-groupManagement] INFO  impl.RoleInfo (RoleInfo.java:updateAndGet(139)) - 51fc6df9-7bd5-4293-8c99-7f2eac1f74df: start 51fc6df9-7bd5-4293-8c99-7f2eac1f74df@group-B2B466C41EFE-FollowerState
2023-12-26 17:43:13,774 [51fc6df9-7bd5-4293-8c99-7f2eac1f74df-groupManagement] INFO  util.JmxRegister (JmxRegister.java:tryRegister(44)) - Successfully registered JMX Bean with object name Ratis:service=RaftServer,group=group-B2B466C41EFE,id=51fc6df9-7bd5-4293-8c99-7f2eac1f74df
2023-12-26 17:43:13,774 [51fc6df9-7bd5-4293-8c99-7f2eac1f74df@group-B2B466C41EFE-FollowerState] INFO  server.RaftServerConfigKeys (ConfUtils.java:logFallback(53)) - raft.server.rpc.first-election.timeout.min = 5s (fallback to raft.server.rpc.timeout.min)
2023-12-26 17:43:13,775 [51fc6df9-7bd5-4293-8c99-7f2eac1f74df-groupManagement] INFO  server.RaftServerConfigKeys (ConfUtils.java:logGet(46)) - raft.server.snapshot.trigger-when-stop.enabled = true (default)
2023-12-26 17:43:13,775 [51fc6df9-7bd5-4293-8c99-7f2eac1f74df@group-B2B466C41EFE-FollowerState] INFO  server.RaftServerConfigKeys (ConfUtils.java:logFallback(53)) - raft.server.rpc.first-election.timeout.max = 5200ms (fallback to raft.server.rpc.timeout.max)
2023-12-26 17:43:13,775 [51fc6df9-7bd5-4293-8c99-7f2eac1f74df-groupManagement] INFO  server.RaftServerConfigKeys (ConfUtils.java:logGet(46)) - raft.server.snapshot.auto.trigger.enabled = true (custom)
2023-12-26 17:43:13,775 [51fc6df9-7bd5-4293-8c99-7f2eac1f74df-groupManagement] INFO  server.RaftServerConfigKeys (ConfUtils.java:logGet(46)) - raft.server.snapshot.auto.trigger.threshold = 10000 (custom)
2023-12-26 17:43:13,775 [51fc6df9-7bd5-4293-8c99-7f2eac1f74df-groupManagement] INFO  server.RaftServerConfigKeys (ConfUtils.java:logGet(46)) - raft.server.snapshot.retention.file.num = 5 (custom)
2023-12-26 17:43:13,775 [51fc6df9-7bd5-4293-8c99-7f2eac1f74df-groupManagement] INFO  server.RaftServerConfigKeys (ConfUtils.java:logGet(46)) - raft.server.log.purge.upto.snapshot.index = false (default)
2023-12-26 17:43:13,784 [grpc-default-executor-2] INFO  server.RaftServer (RaftServerProxy.java:addNew(100)) - 3cf20811-7a7f-4ec1-bb30-7adbebaa785f: addNew group-B2B466C41EFE:[2fdbd8fa-a625-4499-b498-beec3ca4d67d|10.1.0.4:15219, 3cf20811-7a7f-4ec1-bb30-7adbebaa785f|10.1.0.4:15237, 51fc6df9-7bd5-4293-8c99-7f2eac1f74df|10.1.0.4:15228] returns group-B2B466C41EFE:java.util.concurrent.CompletableFuture@7c7e3c5e[Not completed]
2023-12-26 17:43:13,785 [3cf20811-7a7f-4ec1-bb30-7adbebaa785f-groupManagement] INFO  server.RaftServer$Division (RaftServerImpl.java:<init>(256)) - 3cf20811-7a7f-4ec1-bb30-7adbebaa785f: new RaftServerImpl for group-B2B466C41EFE:[2fdbd8fa-a625-4499-b498-beec3ca4d67d|10.1.0.4:15219, 3cf20811-7a7f-4ec1-bb30-7adbebaa785f|10.1.0.4:15237, 51fc6df9-7bd5-4293-8c99-7f2eac1f74df|10.1.0.4:15228] with ContainerStateMachine:uninitialized
2023-12-26 17:43:13,785 [3cf20811-7a7f-4ec1-bb30-7adbebaa785f-groupManagement] INFO  server.RaftServerConfigKeys (ConfUtils.java:logGet(46)) - raft.server.rpc.timeout.min = 5s (custom)
2023-12-26 17:43:13,785 [3cf20811-7a7f-4ec1-bb30-7adbebaa785f-groupManagement] INFO  server.RaftServerConfigKeys (ConfUtils.java:logGet(46)) - raft.server.rpc.timeout.max = 5200ms (custom)
2023-12-26 17:43:13,785 [3cf20811-7a7f-4ec1-bb30-7adbebaa785f-groupManagement] INFO  server.RaftServerConfigKeys (ConfUtils.java:logGet(46)) - raft.server.rpc.sleep.time = 25ms (default)
2023-12-26 17:43:13,785 [3cf20811-7a7f-4ec1-bb30-7adbebaa785f-groupManagement] INFO  server.RaftServerConfigKeys (ConfUtils.java:logGet(46)) - raft.server.rpc.slowness.timeout = 300000ms (custom)
2023-12-26 17:43:13,785 [3cf20811-7a7f-4ec1-bb30-7adbebaa785f-groupManagement] INFO  server.RaftServerConfigKeys (ConfUtils.java:logGet(46)) - raft.server.leaderelection.leader.step-down.wait-time = 10s (default)
2023-12-26 17:43:13,785 [3cf20811-7a7f-4ec1-bb30-7adbebaa785f-groupManagement] INFO  server.RaftServerConfigKeys (ConfUtils.java:logGet(46)) - raft.server.leaderelection.member.majority-add = false (default)
2023-12-26 17:43:13,785 [3cf20811-7a7f-4ec1-bb30-7adbebaa785f-groupManagement] INFO  server.RaftServerConfigKeys (ConfUtils.java:logGet(46)) - raft.server.sleep.deviation.threshold = 300ms (default)
2023-12-26 17:43:13,785 [3cf20811-7a7f-4ec1-bb30-7adbebaa785f-groupManagement] INFO  server.RaftServer$Division (ServerState.java:<init>(113)) - 3cf20811-7a7f-4ec1-bb30-7adbebaa785f@group-B2B466C41EFE: ConfigurationManager, init=-1: peers:[2fdbd8fa-a625-4499-b498-beec3ca4d67d|10.1.0.4:15219, 3cf20811-7a7f-4ec1-bb30-7adbebaa785f|10.1.0.4:15237, 51fc6df9-7bd5-4293-8c99-7f2eac1f74df|10.1.0.4:15228]|listeners:[], old=null, confs=<EMPTY_MAP>
2023-12-26 17:43:13,785 [3cf20811-7a7f-4ec1-bb30-7adbebaa785f-groupManagement] INFO  server.RaftServerConfigKeys (ConfUtils.java:logGet(46)) - raft.server.notification.no-leader.timeout = 300000ms (custom)
2023-12-26 17:43:13,786 [3cf20811-7a7f-4ec1-bb30-7adbebaa785f-groupManagement] INFO  server.RaftServerConfigKeys (ConfUtils.java:logGet(46)) - raft.server.read.timeout = 10s (default)
2023-12-26 17:43:13,786 [3cf20811-7a7f-4ec1-bb30-7adbebaa785f-groupManagement] INFO  server.RaftServerConfigKeys (ConfUtils.java:logGet(46)) - raft.server.retrycache.expirytime = 600000ms (custom)
2023-12-26 17:43:13,786 [3cf20811-7a7f-4ec1-bb30-7adbebaa785f-groupManagement] INFO  server.RaftServerConfigKeys (ConfUtils.java:logGet(46)) - raft.server.retrycache.statistics.expirytime = 100ms (default)
2023-12-26 17:43:13,786 [3cf20811-7a7f-4ec1-bb30-7adbebaa785f-groupManagement] INFO  server.RaftServerConfigKeys (ConfUtils.java:logGet(46)) - raft.server.read.option = DEFAULT (default)
2023-12-26 17:43:13,786 [3cf20811-7a7f-4ec1-bb30-7adbebaa785f-groupManagement] INFO  server.RaftServerConfigKeys (ConfUtils.java:logGet(46)) - raft.server.read.read-after-write-consistent.write-index-cache.expiry-time = 60s (default)
2023-12-26 17:43:13,788 [3cf20811-7a7f-4ec1-bb30-7adbebaa785f-groupManagement] INFO  server.RaftServerConfigKeys (ConfUtils.java:logGet(46)) - raft.server.rpc.request.timeout = 3000ms (default)
2023-12-26 17:43:13,788 [3cf20811-7a7f-4ec1-bb30-7adbebaa785f-groupManagement] INFO  server.RaftServerConfigKeys (ConfUtils.java:logGet(46)) - raft.server.log.appender.install.snapshot.enabled = false (custom)
2023-12-26 17:43:13,788 [3cf20811-7a7f-4ec1-bb30-7adbebaa785f-groupManagement] INFO  server.RaftServerConfigKeys (ConfUtils.java:logGet(46)) - raft.server.threadpool.server.cached = true (default)
2023-12-26 17:43:13,788 [3cf20811-7a7f-4ec1-bb30-7adbebaa785f-groupManagement] INFO  server.RaftServerConfigKeys (ConfUtils.java:logGet(46)) - raft.server.threadpool.server.size = 0 (default)
2023-12-26 17:43:13,788 [3cf20811-7a7f-4ec1-bb30-7adbebaa785f-groupManagement] INFO  server.RaftServerConfigKeys (ConfUtils.java:logGet(46)) - raft.server.threadpool.client.cached = true (default)
2023-12-26 17:43:13,788 [3cf20811-7a7f-4ec1-bb30-7adbebaa785f-groupManagement] INFO  server.RaftServerConfigKeys (ConfUtils.java:logGet(46)) - raft.server.threadpool.client.size = 0 (default)
2023-12-26 17:43:13,788 [3cf20811-7a7f-4ec1-bb30-7adbebaa785f-groupManagement] INFO  server.RaftServerConfigKeys (ConfUtils.java:logGet(46)) - raft.server.storage.free-space.min = 0MB (=0) (default)
2023-12-26 17:43:13,788 [3cf20811-7a7f-4ec1-bb30-7adbebaa785f-groupManagement] INFO  server.RaftServerConfigKeys (ConfUtils.java:logGet(46)) - raft.server.log.corruption.policy = EXCEPTION (default)
2023-12-26 17:43:13,788 [3cf20811-7a7f-4ec1-bb30-7adbebaa785f-groupManagement] INFO  server.RaftServerConfigKeys (ConfUtils.java:logGet(46)) - raft.server.storage.dir = [/home/runner/work/ozone/ozone/hadoop-ozone/integration-test/target/test-dir/MiniOzoneClusterImpl-a136b03b-8403-429e-9870-8bf85e606ef3/datanode-5/data/ratis] (custom)
2023-12-26 17:43:13,789 [3cf20811-7a7f-4ec1-bb30-7adbebaa785f-groupManagement] INFO  storage.RaftStorageDirectory (RaftStorageDirectoryImpl.java:analyzeStorage(138)) - The storage directory /home/runner/work/ozone/ozone/hadoop-ozone/integration-test/target/test-dir/MiniOzoneClusterImpl-a136b03b-8403-429e-9870-8bf85e606ef3/datanode-5/data/ratis/b5e1434b-cd68-4add-b326-b2b466c41efe does not exist. Creating ...
2023-12-26 17:43:13,790 [3cf20811-7a7f-4ec1-bb30-7adbebaa785f-groupManagement] INFO  storage.RaftStorageDirectory (RaftStorageDirectoryImpl.java:tryLock(232)) - Lock on /home/runner/work/ozone/ozone/hadoop-ozone/integration-test/target/test-dir/MiniOzoneClusterImpl-a136b03b-8403-429e-9870-8bf85e606ef3/datanode-5/data/ratis/b5e1434b-cd68-4add-b326-b2b466c41efe/in_use.lock acquired by nodename 85971@fv-az1381-115
2023-12-26 17:43:13,791 [3cf20811-7a7f-4ec1-bb30-7adbebaa785f-groupManagement] INFO  storage.RaftStorage (RaftStorageImpl.java:format(97)) - Storage directory /home/runner/work/ozone/ozone/hadoop-ozone/integration-test/target/test-dir/MiniOzoneClusterImpl-a136b03b-8403-429e-9870-8bf85e606ef3/datanode-5/data/ratis/b5e1434b-cd68-4add-b326-b2b466c41efe has been successfully formatted.
2023-12-26 17:43:13,792 [3cf20811-7a7f-4ec1-bb30-7adbebaa785f-groupManagement] INFO  ratis.ContainerStateMachine (ContainerStateMachine.java:loadSnapshot(287)) - group-B2B466C41EFE: The snapshot info is null. Setting the last applied indexto:(t:0, i:~)
2023-12-26 17:43:13,792 [3cf20811-7a7f-4ec1-bb30-7adbebaa785f-groupManagement] INFO  server.RaftServerConfigKeys (ConfUtils.java:logGet(46)) - raft.server.log.use.memory = false (default)
2023-12-26 17:43:13,792 [3cf20811-7a7f-4ec1-bb30-7adbebaa785f-groupManagement] INFO  server.RaftServerConfigKeys (ConfUtils.java:logGet(46)) - raft.server.log.purge.gap = 1000000 (custom)
2023-12-26 17:43:13,792 [3cf20811-7a7f-4ec1-bb30-7adbebaa785f-groupManagement] INFO  server.RaftServerConfigKeys (ConfUtils.java:logGet(46)) - raft.server.log.appender.buffer.byte-limit = 8388608 (custom)
2023-12-26 17:43:13,793 [3cf20811-7a7f-4ec1-bb30-7adbebaa785f-groupManagement] INFO  server.RaftServerConfigKeys (ConfUtils.java:logGet(46)) - raft.server.log.statemachine.data.read.timeout = 1000ms (default)
2023-12-26 17:43:13,793 [3cf20811-7a7f-4ec1-bb30-7adbebaa785f-groupManagement] INFO  server.RaftServerConfigKeys (ConfUtils.java:logGet(46)) - raft.server.log.purge.preservation.log.num = 0 (default)
2023-12-26 17:43:13,794 [3cf20811-7a7f-4ec1-bb30-7adbebaa785f-groupManagement] INFO  server.RaftServerConfigKeys (ConfUtils.java:logGet(46)) - raft.server.log.segment.size.max = 67108864 (custom)
2023-12-26 17:43:13,794 [3cf20811-7a7f-4ec1-bb30-7adbebaa785f-groupManagement] INFO  server.RaftServerConfigKeys (ConfUtils.java:logGet(46)) - raft.server.log.segment.cache.num.max = 2 (custom)
2023-12-26 17:43:13,794 [3cf20811-7a7f-4ec1-bb30-7adbebaa785f-groupManagement] INFO  server.RaftServerConfigKeys (ConfUtils.java:logGet(46)) - raft.server.log.segment.cache.size.max = 200MB (=209715200) (default)
2023-12-26 17:43:13,794 [3cf20811-7a7f-4ec1-bb30-7adbebaa785f-groupManagement] INFO  server.RaftServerConfigKeys (ConfUtils.java:logGet(46)) - raft.server.log.appender.buffer.byte-limit = 8388608 (custom)
2023-12-26 17:43:13,794 [3cf20811-7a7f-4ec1-bb30-7adbebaa785f-groupManagement] INFO  util.AwaitToRun (AwaitToRun.java:start(81)) - Thread[3cf20811-7a7f-4ec1-bb30-7adbebaa785f@group-B2B466C41EFE-cacheEviction-AwaitToRun,5,main] started
2023-12-26 17:43:13,794 [3cf20811-7a7f-4ec1-bb30-7adbebaa785f-groupManagement] INFO  segmented.SegmentedRaftLogWorker (SegmentedRaftLogWorker.java:<init>(184)) - new 3cf20811-7a7f-4ec1-bb30-7adbebaa785f@group-B2B466C41EFE-SegmentedRaftLogWorker for RaftStorageImpl:Storage Directory /home/runner/work/ozone/ozone/hadoop-ozone/integration-test/target/test-dir/MiniOzoneClusterImpl-a136b03b-8403-429e-9870-8bf85e606ef3/datanode-5/data/ratis/b5e1434b-cd68-4add-b326-b2b466c41efe
2023-12-26 17:43:13,794 [3cf20811-7a7f-4ec1-bb30-7adbebaa785f-groupManagement] INFO  server.RaftServerConfigKeys (ConfUtils.java:logGet(46)) - raft.server.log.queue.byte-limit = 4294967296 (custom)
2023-12-26 17:43:13,794 [3cf20811-7a7f-4ec1-bb30-7adbebaa785f-groupManagement] INFO  server.RaftServerConfigKeys (ConfUtils.java:logGet(46)) - raft.server.log.queue.element-limit = 1024 (custom)
2023-12-26 17:43:13,794 [3cf20811-7a7f-4ec1-bb30-7adbebaa785f-groupManagement] INFO  server.RaftServerConfigKeys (ConfUtils.java:logGet(46)) - raft.server.log.segment.size.max = 67108864 (custom)
2023-12-26 17:43:13,795 [3cf20811-7a7f-4ec1-bb30-7adbebaa785f-groupManagement] INFO  server.RaftServerConfigKeys (ConfUtils.java:logGet(46)) - raft.server.log.preallocated.size = 4194304 (custom)
2023-12-26 17:43:13,795 [3cf20811-7a7f-4ec1-bb30-7adbebaa785f-groupManagement] INFO  server.RaftServerConfigKeys (ConfUtils.java:logGet(46)) - raft.server.log.force.sync.num = 128 (default)
2023-12-26 17:43:13,795 [3cf20811-7a7f-4ec1-bb30-7adbebaa785f-groupManagement] INFO  server.RaftServerConfigKeys (ConfUtils.java:logGet(46)) - raft.server.log.statemachine.data.sync = true (default)
2023-12-26 17:43:13,795 [3cf20811-7a7f-4ec1-bb30-7adbebaa785f-groupManagement] INFO  server.RaftServerConfigKeys (ConfUtils.java:logGet(46)) - raft.server.log.statemachine.data.sync.timeout = 10s (default)
2023-12-26 17:43:13,795 [3cf20811-7a7f-4ec1-bb30-7adbebaa785f-groupManagement] INFO  server.RaftServerConfigKeys (ConfUtils.java:logGet(46)) - raft.server.log.statemachine.data.sync.timeout.retry = 0 (custom)
2023-12-26 17:43:13,795 [3cf20811-7a7f-4ec1-bb30-7adbebaa785f-groupManagement] INFO  server.RaftServerConfigKeys (ConfUtils.java:logGet(46)) - raft.server.log.write.buffer.size = 8388616 (custom)
2023-12-26 17:43:13,797 [3cf20811-7a7f-4ec1-bb30-7adbebaa785f-groupManagement] INFO  server.RaftServerConfigKeys (ConfUtils.java:logGet(46)) - raft.server.log.appender.buffer.byte-limit = 8388608 (custom)
2023-12-26 17:43:13,797 [3cf20811-7a7f-4ec1-bb30-7adbebaa785f-groupManagement] INFO  server.RaftServerConfigKeys (ConfUtils.java:logGet(46)) - raft.server.log.unsafe-flush.enabled = false (default)
2023-12-26 17:43:13,797 [3cf20811-7a7f-4ec1-bb30-7adbebaa785f-groupManagement] INFO  server.RaftServerConfigKeys (ConfUtils.java:logGet(46)) - raft.server.log.async-flush.enabled = false (default)
2023-12-26 17:43:13,797 [3cf20811-7a7f-4ec1-bb30-7adbebaa785f-groupManagement] INFO  server.RaftServerConfigKeys (ConfUtils.java:logGet(46)) - raft.server.log.statemachine.data.caching.enabled = true (custom)
2023-12-26 17:43:13,797 [3cf20811-7a7f-4ec1-bb30-7adbebaa785f-groupManagement] INFO  segmented.SegmentedRaftLogWorker (SegmentedRaftLogWorker.java:lambda$new$0(135)) - 3cf20811-7a7f-4ec1-bb30-7adbebaa785f@group-B2B466C41EFE-SegmentedRaftLogWorker: flushIndex: setUnconditionally 0 -> -1
2023-12-26 17:43:13,798 [3cf20811-7a7f-4ec1-bb30-7adbebaa785f-groupManagement] INFO  segmented.SegmentedRaftLogWorker (SegmentedRaftLogWorker.java:lambda$new$0(135)) - 3cf20811-7a7f-4ec1-bb30-7adbebaa785f@group-B2B466C41EFE-SegmentedRaftLogWorker: safeCacheEvictIndex: setUnconditionally 0 -> -1
2023-12-26 17:43:13,798 [3cf20811-7a7f-4ec1-bb30-7adbebaa785f-groupManagement] INFO  server.RaftServer$Division (RaftServerImpl.java:start(392)) - 3cf20811-7a7f-4ec1-bb30-7adbebaa785f@group-B2B466C41EFE: start as a follower, conf=-1: peers:[2fdbd8fa-a625-4499-b498-beec3ca4d67d|10.1.0.4:15219, 3cf20811-7a7f-4ec1-bb30-7adbebaa785f|10.1.0.4:15237, 51fc6df9-7bd5-4293-8c99-7f2eac1f74df|10.1.0.4:15228]|listeners:[], old=null
2023-12-26 17:43:13,798 [3cf20811-7a7f-4ec1-bb30-7adbebaa785f-groupManagement] INFO  server.RaftServer$Division (RaftServerImpl.java:setRole(379)) - 3cf20811-7a7f-4ec1-bb30-7adbebaa785f@group-B2B466C41EFE: changes role from      null to FOLLOWER at term 0 for startAsFollower
2023-12-26 17:43:13,798 [3cf20811-7a7f-4ec1-bb30-7adbebaa785f-groupManagement] INFO  impl.RoleInfo (RoleInfo.java:updateAndGet(139)) - 3cf20811-7a7f-4ec1-bb30-7adbebaa785f: start 3cf20811-7a7f-4ec1-bb30-7adbebaa785f@group-B2B466C41EFE-FollowerState
2023-12-26 17:43:13,798 [3cf20811-7a7f-4ec1-bb30-7adbebaa785f@group-B2B466C41EFE-FollowerState] INFO  server.RaftServerConfigKeys (ConfUtils.java:logFallback(53)) - raft.server.rpc.first-election.timeout.min = 5s (fallback to raft.server.rpc.timeout.min)
2023-12-26 17:43:13,798 [3cf20811-7a7f-4ec1-bb30-7adbebaa785f@group-B2B466C41EFE-FollowerState] INFO  server.RaftServerConfigKeys (ConfUtils.java:logFallback(53)) - raft.server.rpc.first-election.timeout.max = 5200ms (fallback to raft.server.rpc.timeout.max)
2023-12-26 17:43:13,798 [3cf20811-7a7f-4ec1-bb30-7adbebaa785f-groupManagement] INFO  util.JmxRegister (JmxRegister.java:tryRegister(44)) - Successfully registered JMX Bean with object name Ratis:service=RaftServer,group=group-B2B466C41EFE,id=3cf20811-7a7f-4ec1-bb30-7adbebaa785f
2023-12-26 17:43:13,798 [3cf20811-7a7f-4ec1-bb30-7adbebaa785f-groupManagement] INFO  server.RaftServerConfigKeys (ConfUtils.java:logGet(46)) - raft.server.snapshot.trigger-when-stop.enabled = true (default)
2023-12-26 17:43:13,799 [3cf20811-7a7f-4ec1-bb30-7adbebaa785f-groupManagement] INFO  server.RaftServerConfigKeys (ConfUtils.java:logGet(46)) - raft.server.snapshot.auto.trigger.enabled = true (custom)
2023-12-26 17:43:13,799 [3cf20811-7a7f-4ec1-bb30-7adbebaa785f-groupManagement] INFO  server.RaftServerConfigKeys (ConfUtils.java:logGet(46)) - raft.server.snapshot.auto.trigger.threshold = 10000 (custom)
2023-12-26 17:43:13,799 [3cf20811-7a7f-4ec1-bb30-7adbebaa785f-groupManagement] INFO  server.RaftServerConfigKeys (ConfUtils.java:logGet(46)) - raft.server.snapshot.retention.file.num = 5 (custom)
2023-12-26 17:43:13,799 [3cf20811-7a7f-4ec1-bb30-7adbebaa785f-groupManagement] INFO  server.RaftServerConfigKeys (ConfUtils.java:logGet(46)) - raft.server.log.purge.upto.snapshot.index = false (default)
2023-12-26 17:43:13,802 [2fdbd8fa-a625-4499-b498-beec3ca4d67d-PipelineCommandHandlerThread-0] INFO  commandhandler.CreatePipelineCommandHandler (CreatePipelineCommandHandler.java:lambda$handle$2(124)) - Created Pipeline RATIS THREE PipelineID=b5e1434b-cd68-4add-b326-b2b466c41efe.
2023-12-26 17:43:13,829 [51fc6df9-7bd5-4293-8c99-7f2eac1f74df-PipelineCommandHandlerThread-0] INFO  server.RaftServer (RaftServerProxy.java:addNew(100)) - 51fc6df9-7bd5-4293-8c99-7f2eac1f74df: addNew group-19A7E44C1E13:[51fc6df9-7bd5-4293-8c99-7f2eac1f74df|10.1.0.4:15228] returns group-19A7E44C1E13:java.util.concurrent.CompletableFuture@32190e9c[Not completed]
2023-12-26 17:43:13,829 [51fc6df9-7bd5-4293-8c99-7f2eac1f74df-groupManagement] INFO  server.RaftServer$Division (RaftServerImpl.java:<init>(256)) - 51fc6df9-7bd5-4293-8c99-7f2eac1f74df: new RaftServerImpl for group-19A7E44C1E13:[51fc6df9-7bd5-4293-8c99-7f2eac1f74df|10.1.0.4:15228] with ContainerStateMachine:uninitialized
2023-12-26 17:43:13,829 [51fc6df9-7bd5-4293-8c99-7f2eac1f74df-groupManagement] INFO  server.RaftServerConfigKeys (ConfUtils.java:logGet(46)) - raft.server.rpc.timeout.min = 5s (custom)
2023-12-26 17:43:13,830 [51fc6df9-7bd5-4293-8c99-7f2eac1f74df-groupManagement] INFO  server.RaftServerConfigKeys (ConfUtils.java:logGet(46)) - raft.server.rpc.timeout.max = 5200ms (custom)
2023-12-26 17:43:13,830 [51fc6df9-7bd5-4293-8c99-7f2eac1f74df-groupManagement] INFO  server.RaftServerConfigKeys (ConfUtils.java:logGet(46)) - raft.server.rpc.sleep.time = 25ms (default)
2023-12-26 17:43:13,830 [51fc6df9-7bd5-4293-8c99-7f2eac1f74df-groupManagement] INFO  server.RaftServerConfigKeys (ConfUtils.java:logGet(46)) - raft.server.rpc.slowness.timeout = 300000ms (custom)
2023-12-26 17:43:13,830 [51fc6df9-7bd5-4293-8c99-7f2eac1f74df-groupManagement] INFO  server.RaftServerConfigKeys (ConfUtils.java:logGet(46)) - raft.server.leaderelection.leader.step-down.wait-time = 10s (default)
2023-12-26 17:43:13,830 [51fc6df9-7bd5-4293-8c99-7f2eac1f74df-groupManagement] INFO  server.RaftServerConfigKeys (ConfUtils.java:logGet(46)) - raft.server.leaderelection.member.majority-add = false (default)
2023-12-26 17:43:13,830 [51fc6df9-7bd5-4293-8c99-7f2eac1f74df-groupManagement] INFO  server.RaftServerConfigKeys (ConfUtils.java:logGet(46)) - raft.server.sleep.deviation.threshold = 300ms (default)
2023-12-26 17:43:13,830 [51fc6df9-7bd5-4293-8c99-7f2eac1f74df-groupManagement] INFO  server.RaftServer$Division (ServerState.java:<init>(113)) - 51fc6df9-7bd5-4293-8c99-7f2eac1f74df@group-19A7E44C1E13: ConfigurationManager, init=-1: peers:[51fc6df9-7bd5-4293-8c99-7f2eac1f74df|10.1.0.4:15228]|listeners:[], old=null, confs=<EMPTY_MAP>
2023-12-26 17:43:13,830 [51fc6df9-7bd5-4293-8c99-7f2eac1f74df-groupManagement] INFO  server.RaftServerConfigKeys (ConfUtils.java:logGet(46)) - raft.server.notification.no-leader.timeout = 300000ms (custom)
2023-12-26 17:43:13,830 [51fc6df9-7bd5-4293-8c99-7f2eac1f74df-groupManagement] INFO  server.RaftServerConfigKeys (ConfUtils.java:logGet(46)) - raft.server.read.timeout = 10s (default)
2023-12-26 17:43:13,830 [51fc6df9-7bd5-4293-8c99-7f2eac1f74df-groupManagement] INFO  server.RaftServerConfigKeys (ConfUtils.java:logGet(46)) - raft.server.retrycache.expirytime = 600000ms (custom)
2023-12-26 17:43:13,830 [51fc6df9-7bd5-4293-8c99-7f2eac1f74df-groupManagement] INFO  server.RaftServerConfigKeys (ConfUtils.java:logGet(46)) - raft.server.retrycache.statistics.expirytime = 100ms (default)
2023-12-26 17:43:13,830 [51fc6df9-7bd5-4293-8c99-7f2eac1f74df-groupManagement] INFO  server.RaftServerConfigKeys (ConfUtils.java:logGet(46)) - raft.server.read.option = DEFAULT (default)
2023-12-26 17:43:13,830 [51fc6df9-7bd5-4293-8c99-7f2eac1f74df-groupManagement] INFO  server.RaftServerConfigKeys (ConfUtils.java:logGet(46)) - raft.server.read.read-after-write-consistent.write-index-cache.expiry-time = 60s (default)
2023-12-26 17:43:13,832 [51fc6df9-7bd5-4293-8c99-7f2eac1f74df-groupManagement] INFO  server.RaftServerConfigKeys (ConfUtils.java:logGet(46)) - raft.server.rpc.request.timeout = 3000ms (default)
2023-12-26 17:43:13,832 [51fc6df9-7bd5-4293-8c99-7f2eac1f74df-groupManagement] INFO  server.RaftServerConfigKeys (ConfUtils.java:logGet(46)) - raft.server.log.appender.install.snapshot.enabled = false (custom)
2023-12-26 17:43:13,832 [51fc6df9-7bd5-4293-8c99-7f2eac1f74df-groupManagement] INFO  server.RaftServerConfigKeys (ConfUtils.java:logGet(46)) - raft.server.threadpool.server.cached = true (default)
2023-12-26 17:43:13,832 [51fc6df9-7bd5-4293-8c99-7f2eac1f74df-groupManagement] INFO  server.RaftServerConfigKeys (ConfUtils.java:logGet(46)) - raft.server.threadpool.server.size = 0 (default)
2023-12-26 17:43:13,832 [51fc6df9-7bd5-4293-8c99-7f2eac1f74df-groupManagement] INFO  server.RaftServerConfigKeys (ConfUtils.java:logGet(46)) - raft.server.threadpool.client.cached = true (default)
2023-12-26 17:43:13,832 [51fc6df9-7bd5-4293-8c99-7f2eac1f74df-groupManagement] INFO  server.RaftServerConfigKeys (ConfUtils.java:logGet(46)) - raft.server.threadpool.client.size = 0 (default)
2023-12-26 17:43:13,833 [51fc6df9-7bd5-4293-8c99-7f2eac1f74df-groupManagement] INFO  server.RaftServerConfigKeys (ConfUtils.java:logGet(46)) - raft.server.storage.free-space.min = 0MB (=0) (default)
2023-12-26 17:43:13,833 [51fc6df9-7bd5-4293-8c99-7f2eac1f74df-groupManagement] INFO  server.RaftServerConfigKeys (ConfUtils.java:logGet(46)) - raft.server.log.corruption.policy = EXCEPTION (default)
2023-12-26 17:43:13,833 [51fc6df9-7bd5-4293-8c99-7f2eac1f74df-groupManagement] INFO  server.RaftServerConfigKeys (ConfUtils.java:logGet(46)) - raft.server.storage.dir = [/home/runner/work/ozone/ozone/hadoop-ozone/integration-test/target/test-dir/MiniOzoneClusterImpl-a136b03b-8403-429e-9870-8bf85e606ef3/datanode-4/data/ratis] (custom)
2023-12-26 17:43:13,833 [51fc6df9-7bd5-4293-8c99-7f2eac1f74df-groupManagement] INFO  storage.RaftStorageDirectory (RaftStorageDirectoryImpl.java:analyzeStorage(138)) - The storage directory /home/runner/work/ozone/ozone/hadoop-ozone/integration-test/target/test-dir/MiniOzoneClusterImpl-a136b03b-8403-429e-9870-8bf85e606ef3/datanode-4/data/ratis/4a1cb667-0505-401a-a819-19a7e44c1e13 does not exist. Creating ...
2023-12-26 17:43:13,834 [51fc6df9-7bd5-4293-8c99-7f2eac1f74df-groupManagement] INFO  storage.RaftStorageDirectory (RaftStorageDirectoryImpl.java:tryLock(232)) - Lock on /home/runner/work/ozone/ozone/hadoop-ozone/integration-test/target/test-dir/MiniOzoneClusterImpl-a136b03b-8403-429e-9870-8bf85e606ef3/datanode-4/data/ratis/4a1cb667-0505-401a-a819-19a7e44c1e13/in_use.lock acquired by nodename 85971@fv-az1381-115
2023-12-26 17:43:13,835 [51fc6df9-7bd5-4293-8c99-7f2eac1f74df-groupManagement] INFO  storage.RaftStorage (RaftStorageImpl.java:format(97)) - Storage directory /home/runner/work/ozone/ozone/hadoop-ozone/integration-test/target/test-dir/MiniOzoneClusterImpl-a136b03b-8403-429e-9870-8bf85e606ef3/datanode-4/data/ratis/4a1cb667-0505-401a-a819-19a7e44c1e13 has been successfully formatted.
2023-12-26 17:43:13,835 [51fc6df9-7bd5-4293-8c99-7f2eac1f74df-groupManagement] INFO  ratis.ContainerStateMachine (ContainerStateMachine.java:loadSnapshot(287)) - group-19A7E44C1E13: The snapshot info is null. Setting the last applied indexto:(t:0, i:~)
2023-12-26 17:43:13,835 [51fc6df9-7bd5-4293-8c99-7f2eac1f74df-groupManagement] INFO  server.RaftServerConfigKeys (ConfUtils.java:logGet(46)) - raft.server.log.use.memory = false (default)
2023-12-26 17:43:13,835 [51fc6df9-7bd5-4293-8c99-7f2eac1f74df-groupManagement] INFO  server.RaftServerConfigKeys (ConfUtils.java:logGet(46)) - raft.server.log.purge.gap = 1000000 (custom)
2023-12-26 17:43:13,835 [51fc6df9-7bd5-4293-8c99-7f2eac1f74df-groupManagement] INFO  server.RaftServerConfigKeys (ConfUtils.java:logGet(46)) - raft.server.log.appender.buffer.byte-limit = 8388608 (custom)
2023-12-26 17:43:13,835 [51fc6df9-7bd5-4293-8c99-7f2eac1f74df-groupManagement] INFO  server.RaftServerConfigKeys (ConfUtils.java:logGet(46)) - raft.server.log.statemachine.data.read.timeout = 1000ms (default)
2023-12-26 17:43:13,836 [51fc6df9-7bd5-4293-8c99-7f2eac1f74df-groupManagement] INFO  server.RaftServerConfigKeys (ConfUtils.java:logGet(46)) - raft.server.log.purge.preservation.log.num = 0 (default)
2023-12-26 17:43:13,836 [EventQueue-PipelineReportForPipelineReportHandler] INFO  pipeline.PipelineReportHandler (PipelineReportHandler.java:processPipelineReport(136)) - Opened pipeline PipelineID=4a1cb667-0505-401a-a819-19a7e44c1e13
2023-12-26 17:43:13,836 [51fc6df9-7bd5-4293-8c99-7f2eac1f74df-groupManagement] INFO  server.RaftServerConfigKeys (ConfUtils.java:logGet(46)) - raft.server.log.segment.size.max = 67108864 (custom)
2023-12-26 17:43:13,837 [EventQueue-OpenPipelineForHealthyPipelineSafeModeRule] INFO  safemode.SCMSafeModeManager (HealthyPipelineSafeModeRule.java:process(140)) - SCM in safe mode. Healthy pipelines reported count is 0, required healthy pipeline reported count is 1
2023-12-26 17:43:13,837 [51fc6df9-7bd5-4293-8c99-7f2eac1f74df-groupManagement] INFO  server.RaftServerConfigKeys (ConfUtils.java:logGet(46)) - raft.server.log.segment.cache.num.max = 2 (custom)
2023-12-26 17:43:13,837 [51fc6df9-7bd5-4293-8c99-7f2eac1f74df-groupManagement] INFO  server.RaftServerConfigKeys (ConfUtils.java:logGet(46)) - raft.server.log.segment.cache.size.max = 200MB (=209715200) (default)
2023-12-26 17:43:13,837 [51fc6df9-7bd5-4293-8c99-7f2eac1f74df-groupManagement] INFO  server.RaftServerConfigKeys (ConfUtils.java:logGet(46)) - raft.server.log.appender.buffer.byte-limit = 8388608 (custom)
2023-12-26 17:43:13,837 [51fc6df9-7bd5-4293-8c99-7f2eac1f74df-groupManagement] INFO  util.AwaitToRun (AwaitToRun.java:start(81)) - Thread[51fc6df9-7bd5-4293-8c99-7f2eac1f74df@group-19A7E44C1E13-cacheEviction-AwaitToRun,5,main] started
2023-12-26 17:43:13,837 [51fc6df9-7bd5-4293-8c99-7f2eac1f74df-groupManagement] INFO  segmented.SegmentedRaftLogWorker (SegmentedRaftLogWorker.java:<init>(184)) - new 51fc6df9-7bd5-4293-8c99-7f2eac1f74df@group-19A7E44C1E13-SegmentedRaftLogWorker for RaftStorageImpl:Storage Directory /home/runner/work/ozone/ozone/hadoop-ozone/integration-test/target/test-dir/MiniOzoneClusterImpl-a136b03b-8403-429e-9870-8bf85e606ef3/datanode-4/data/ratis/4a1cb667-0505-401a-a819-19a7e44c1e13
2023-12-26 17:43:13,837 [51fc6df9-7bd5-4293-8c99-7f2eac1f74df-groupManagement] INFO  server.RaftServerConfigKeys (ConfUtils.java:logGet(46)) - raft.server.log.queue.byte-limit = 4294967296 (custom)
2023-12-26 17:43:13,837 [51fc6df9-7bd5-4293-8c99-7f2eac1f74df-groupManagement] INFO  server.RaftServerConfigKeys (ConfUtils.java:logGet(46)) - raft.server.log.queue.element-limit = 1024 (custom)
2023-12-26 17:43:13,837 [51fc6df9-7bd5-4293-8c99-7f2eac1f74df-groupManagement] INFO  server.RaftServerConfigKeys (ConfUtils.java:logGet(46)) - raft.server.log.segment.size.max = 67108864 (custom)
2023-12-26 17:43:13,837 [51fc6df9-7bd5-4293-8c99-7f2eac1f74df-groupManagement] INFO  server.RaftServerConfigKeys (ConfUtils.java:logGet(46)) - raft.server.log.preallocated.size = 4194304 (custom)
2023-12-26 17:43:13,838 [51fc6df9-7bd5-4293-8c99-7f2eac1f74df-groupManagement] INFO  server.RaftServerConfigKeys (ConfUtils.java:logGet(46)) - raft.server.log.force.sync.num = 128 (default)
2023-12-26 17:43:13,838 [51fc6df9-7bd5-4293-8c99-7f2eac1f74df-groupManagement] INFO  server.RaftServerConfigKeys (ConfUtils.java:logGet(46)) - raft.server.log.statemachine.data.sync = true (default)
2023-12-26 17:43:13,838 [51fc6df9-7bd5-4293-8c99-7f2eac1f74df-groupManagement] INFO  server.RaftServerConfigKeys (ConfUtils.java:logGet(46)) - raft.server.log.statemachine.data.sync.timeout = 10s (default)
2023-12-26 17:43:13,838 [51fc6df9-7bd5-4293-8c99-7f2eac1f74df-groupManagement] INFO  server.RaftServerConfigKeys (ConfUtils.java:logGet(46)) - raft.server.log.statemachine.data.sync.timeout.retry = 0 (custom)
2023-12-26 17:43:13,838 [51fc6df9-7bd5-4293-8c99-7f2eac1f74df-groupManagement] INFO  server.RaftServerConfigKeys (ConfUtils.java:logGet(46)) - raft.server.log.write.buffer.size = 8388616 (custom)
2023-12-26 17:43:13,840 [51fc6df9-7bd5-4293-8c99-7f2eac1f74df-groupManagement] INFO  server.RaftServerConfigKeys (ConfUtils.java:logGet(46)) - raft.server.log.appender.buffer.byte-limit = 8388608 (custom)
2023-12-26 17:43:13,840 [51fc6df9-7bd5-4293-8c99-7f2eac1f74df-groupManagement] INFO  server.RaftServerConfigKeys (ConfUtils.java:logGet(46)) - raft.server.log.unsafe-flush.enabled = false (default)
2023-12-26 17:43:13,840 [51fc6df9-7bd5-4293-8c99-7f2eac1f74df-groupManagement] INFO  server.RaftServerConfigKeys (ConfUtils.java:logGet(46)) - raft.server.log.async-flush.enabled = false (default)
2023-12-26 17:43:13,840 [51fc6df9-7bd5-4293-8c99-7f2eac1f74df-groupManagement] INFO  server.RaftServerConfigKeys (ConfUtils.java:logGet(46)) - raft.server.log.statemachine.data.caching.enabled = true (custom)
2023-12-26 17:43:13,840 [51fc6df9-7bd5-4293-8c99-7f2eac1f74df-groupManagement] INFO  segmented.SegmentedRaftLogWorker (SegmentedRaftLogWorker.java:lambda$new$0(135)) - 51fc6df9-7bd5-4293-8c99-7f2eac1f74df@group-19A7E44C1E13-SegmentedRaftLogWorker: flushIndex: setUnconditionally 0 -> -1
2023-12-26 17:43:13,841 [51fc6df9-7bd5-4293-8c99-7f2eac1f74df-groupManagement] INFO  segmented.SegmentedRaftLogWorker (SegmentedRaftLogWorker.java:lambda$new$0(135)) - 51fc6df9-7bd5-4293-8c99-7f2eac1f74df@group-19A7E44C1E13-SegmentedRaftLogWorker: safeCacheEvictIndex: setUnconditionally 0 -> -1
2023-12-26 17:43:13,841 [51fc6df9-7bd5-4293-8c99-7f2eac1f74df-groupManagement] INFO  server.RaftServer$Division (RaftServerImpl.java:start(392)) - 51fc6df9-7bd5-4293-8c99-7f2eac1f74df@group-19A7E44C1E13: start as a follower, conf=-1: peers:[51fc6df9-7bd5-4293-8c99-7f2eac1f74df|10.1.0.4:15228]|listeners:[], old=null
2023-12-26 17:43:13,841 [51fc6df9-7bd5-4293-8c99-7f2eac1f74df-groupManagement] INFO  server.RaftServer$Division (RaftServerImpl.java:setRole(379)) - 51fc6df9-7bd5-4293-8c99-7f2eac1f74df@group-19A7E44C1E13: changes role from      null to FOLLOWER at term 0 for startAsFollower
2023-12-26 17:43:13,841 [51fc6df9-7bd5-4293-8c99-7f2eac1f74df-groupManagement] INFO  impl.RoleInfo (RoleInfo.java:updateAndGet(139)) - 51fc6df9-7bd5-4293-8c99-7f2eac1f74df: start 51fc6df9-7bd5-4293-8c99-7f2eac1f74df@group-19A7E44C1E13-FollowerState
2023-12-26 17:43:13,841 [51fc6df9-7bd5-4293-8c99-7f2eac1f74df@group-19A7E44C1E13-FollowerState] INFO  server.RaftServerConfigKeys (ConfUtils.java:logFallback(53)) - raft.server.rpc.first-election.timeout.min = 5s (fallback to raft.server.rpc.timeout.min)
2023-12-26 17:43:13,841 [51fc6df9-7bd5-4293-8c99-7f2eac1f74df-groupManagement] INFO  util.JmxRegister (JmxRegister.java:tryRegister(44)) - Successfully registered JMX Bean with object name Ratis:service=RaftServer,group=group-19A7E44C1E13,id=51fc6df9-7bd5-4293-8c99-7f2eac1f74df
2023-12-26 17:43:13,841 [51fc6df9-7bd5-4293-8c99-7f2eac1f74df@group-19A7E44C1E13-FollowerState] INFO  server.RaftServerConfigKeys (ConfUtils.java:logFallback(53)) - raft.server.rpc.first-election.timeout.max = 5200ms (fallback to raft.server.rpc.timeout.max)
2023-12-26 17:43:13,841 [51fc6df9-7bd5-4293-8c99-7f2eac1f74df-groupManagement] INFO  server.RaftServerConfigKeys (ConfUtils.java:logGet(46)) - raft.server.snapshot.trigger-when-stop.enabled = true (default)
2023-12-26 17:43:13,841 [51fc6df9-7bd5-4293-8c99-7f2eac1f74df-groupManagement] INFO  server.RaftServerConfigKeys (ConfUtils.java:logGet(46)) - raft.server.snapshot.auto.trigger.enabled = true (custom)
2023-12-26 17:43:13,841 [51fc6df9-7bd5-4293-8c99-7f2eac1f74df-groupManagement] INFO  server.RaftServerConfigKeys (ConfUtils.java:logGet(46)) - raft.server.snapshot.auto.trigger.threshold = 10000 (custom)
2023-12-26 17:43:13,841 [51fc6df9-7bd5-4293-8c99-7f2eac1f74df-groupManagement] INFO  server.RaftServerConfigKeys (ConfUtils.java:logGet(46)) - raft.server.snapshot.retention.file.num = 5 (custom)
2023-12-26 17:43:13,841 [51fc6df9-7bd5-4293-8c99-7f2eac1f74df-groupManagement] INFO  server.RaftServerConfigKeys (ConfUtils.java:logGet(46)) - raft.server.log.purge.upto.snapshot.index = false (default)
2023-12-26 17:43:13,842 [51fc6df9-7bd5-4293-8c99-7f2eac1f74df-PipelineCommandHandlerThread-0] INFO  ratis.XceiverServerRatis (XceiverServerRatis.java:addGroup(837)) - Created group PipelineID=4a1cb667-0505-401a-a819-19a7e44c1e13
2023-12-26 17:43:13,842 [51fc6df9-7bd5-4293-8c99-7f2eac1f74df-PipelineCommandHandlerThread-0] INFO  commandhandler.CreatePipelineCommandHandler (CreatePipelineCommandHandler.java:lambda$handle$2(124)) - Created Pipeline RATIS ONE PipelineID=4a1cb667-0505-401a-a819-19a7e44c1e13.
2023-12-26 17:43:13,922 [3cf20811-7a7f-4ec1-bb30-7adbebaa785f-PipelineCommandHandlerThread-0] INFO  server.RaftServer (RaftServerProxy.java:addNew(100)) - 3cf20811-7a7f-4ec1-bb30-7adbebaa785f: addNew group-52454695B4C4:[3cf20811-7a7f-4ec1-bb30-7adbebaa785f|10.1.0.4:15237] returns group-52454695B4C4:java.util.concurrent.CompletableFuture@3738a63f[Not completed]
2023-12-26 17:43:13,923 [3cf20811-7a7f-4ec1-bb30-7adbebaa785f-groupManagement] INFO  server.RaftServer$Division (RaftServerImpl.java:<init>(256)) - 3cf20811-7a7f-4ec1-bb30-7adbebaa785f: new RaftServerImpl for group-52454695B4C4:[3cf20811-7a7f-4ec1-bb30-7adbebaa785f|10.1.0.4:15237] with ContainerStateMachine:uninitialized
2023-12-26 17:43:13,923 [3cf20811-7a7f-4ec1-bb30-7adbebaa785f-groupManagement] INFO  server.RaftServerConfigKeys (ConfUtils.java:logGet(46)) - raft.server.rpc.timeout.min = 5s (custom)
2023-12-26 17:43:13,923 [3cf20811-7a7f-4ec1-bb30-7adbebaa785f-groupManagement] INFO  server.RaftServerConfigKeys (ConfUtils.java:logGet(46)) - raft.server.rpc.timeout.max = 5200ms (custom)
2023-12-26 17:43:13,923 [3cf20811-7a7f-4ec1-bb30-7adbebaa785f-groupManagement] INFO  server.RaftServerConfigKeys (ConfUtils.java:logGet(46)) - raft.server.rpc.sleep.time = 25ms (default)
2023-12-26 17:43:13,923 [3cf20811-7a7f-4ec1-bb30-7adbebaa785f-groupManagement] INFO  server.RaftServerConfigKeys (ConfUtils.java:logGet(46)) - raft.server.rpc.slowness.timeout = 300000ms (custom)
2023-12-26 17:43:13,923 [3cf20811-7a7f-4ec1-bb30-7adbebaa785f-groupManagement] INFO  server.RaftServerConfigKeys (ConfUtils.java:logGet(46)) - raft.server.leaderelection.leader.step-down.wait-time = 10s (default)
2023-12-26 17:43:13,923 [3cf20811-7a7f-4ec1-bb30-7adbebaa785f-groupManagement] INFO  server.RaftServerConfigKeys (ConfUtils.java:logGet(46)) - raft.server.leaderelection.member.majority-add = false (default)
2023-12-26 17:43:13,924 [3cf20811-7a7f-4ec1-bb30-7adbebaa785f-groupManagement] INFO  server.RaftServerConfigKeys (ConfUtils.java:logGet(46)) - raft.server.sleep.deviation.threshold = 300ms (default)
2023-12-26 17:43:13,924 [3cf20811-7a7f-4ec1-bb30-7adbebaa785f-groupManagement] INFO  server.RaftServer$Division (ServerState.java:<init>(113)) - 3cf20811-7a7f-4ec1-bb30-7adbebaa785f@group-52454695B4C4: ConfigurationManager, init=-1: peers:[3cf20811-7a7f-4ec1-bb30-7adbebaa785f|10.1.0.4:15237]|listeners:[], old=null, confs=<EMPTY_MAP>
2023-12-26 17:43:13,924 [3cf20811-7a7f-4ec1-bb30-7adbebaa785f-groupManagement] INFO  server.RaftServerConfigKeys (ConfUtils.java:logGet(46)) - raft.server.notification.no-leader.timeout = 300000ms (custom)
2023-12-26 17:43:13,924 [3cf20811-7a7f-4ec1-bb30-7adbebaa785f-groupManagement] INFO  server.RaftServerConfigKeys (ConfUtils.java:logGet(46)) - raft.server.read.timeout = 10s (default)
2023-12-26 17:43:13,924 [3cf20811-7a7f-4ec1-bb30-7adbebaa785f-groupManagement] INFO  server.RaftServerConfigKeys (ConfUtils.java:logGet(46)) - raft.server.retrycache.expirytime = 600000ms (custom)
2023-12-26 17:43:13,924 [3cf20811-7a7f-4ec1-bb30-7adbebaa785f-groupManagement] INFO  server.RaftServerConfigKeys (ConfUtils.java:logGet(46)) - raft.server.retrycache.statistics.expirytime = 100ms (default)
2023-12-26 17:43:13,924 [3cf20811-7a7f-4ec1-bb30-7adbebaa785f-groupManagement] INFO  server.RaftServerConfigKeys (ConfUtils.java:logGet(46)) - raft.server.read.option = DEFAULT (default)
2023-12-26 17:43:13,924 [3cf20811-7a7f-4ec1-bb30-7adbebaa785f-groupManagement] INFO  server.RaftServerConfigKeys (ConfUtils.java:logGet(46)) - raft.server.read.read-after-write-consistent.write-index-cache.expiry-time = 60s (default)
2023-12-26 17:43:13,927 [3cf20811-7a7f-4ec1-bb30-7adbebaa785f-groupManagement] INFO  server.RaftServerConfigKeys (ConfUtils.java:logGet(46)) - raft.server.rpc.request.timeout = 3000ms (default)
2023-12-26 17:43:13,927 [3cf20811-7a7f-4ec1-bb30-7adbebaa785f-groupManagement] INFO  server.RaftServerConfigKeys (ConfUtils.java:logGet(46)) - raft.server.log.appender.install.snapshot.enabled = false (custom)
2023-12-26 17:43:13,927 [3cf20811-7a7f-4ec1-bb30-7adbebaa785f-groupManagement] INFO  server.RaftServerConfigKeys (ConfUtils.java:logGet(46)) - raft.server.threadpool.server.cached = true (default)
2023-12-26 17:43:13,927 [3cf20811-7a7f-4ec1-bb30-7adbebaa785f-groupManagement] INFO  server.RaftServerConfigKeys (ConfUtils.java:logGet(46)) - raft.server.threadpool.server.size = 0 (default)
2023-12-26 17:43:13,927 [3cf20811-7a7f-4ec1-bb30-7adbebaa785f-groupManagement] INFO  server.RaftServerConfigKeys (ConfUtils.java:logGet(46)) - raft.server.threadpool.client.cached = true (default)
2023-12-26 17:43:13,927 [3cf20811-7a7f-4ec1-bb30-7adbebaa785f-groupManagement] INFO  server.RaftServerConfigKeys (ConfUtils.java:logGet(46)) - raft.server.threadpool.client.size = 0 (default)
2023-12-26 17:43:13,927 [3cf20811-7a7f-4ec1-bb30-7adbebaa785f-groupManagement] INFO  server.RaftServerConfigKeys (ConfUtils.java:logGet(46)) - raft.server.storage.free-space.min = 0MB (=0) (default)
2023-12-26 17:43:13,927 [3cf20811-7a7f-4ec1-bb30-7adbebaa785f-groupManagement] INFO  server.RaftServerConfigKeys (ConfUtils.java:logGet(46)) - raft.server.log.corruption.policy = EXCEPTION (default)
2023-12-26 17:43:13,927 [3cf20811-7a7f-4ec1-bb30-7adbebaa785f-groupManagement] INFO  server.RaftServerConfigKeys (ConfUtils.java:logGet(46)) - raft.server.storage.dir = [/home/runner/work/ozone/ozone/hadoop-ozone/integration-test/target/test-dir/MiniOzoneClusterImpl-a136b03b-8403-429e-9870-8bf85e606ef3/datanode-5/data/ratis] (custom)
2023-12-26 17:43:13,927 [3cf20811-7a7f-4ec1-bb30-7adbebaa785f-groupManagement] INFO  storage.RaftStorageDirectory (RaftStorageDirectoryImpl.java:analyzeStorage(138)) - The storage directory /home/runner/work/ozone/ozone/hadoop-ozone/integration-test/target/test-dir/MiniOzoneClusterImpl-a136b03b-8403-429e-9870-8bf85e606ef3/datanode-5/data/ratis/49b16d3f-ce7a-4149-9250-52454695b4c4 does not exist. Creating ...
2023-12-26 17:43:13,928 [3cf20811-7a7f-4ec1-bb30-7adbebaa785f-groupManagement] INFO  storage.RaftStorageDirectory (RaftStorageDirectoryImpl.java:tryLock(232)) - Lock on /home/runner/work/ozone/ozone/hadoop-ozone/integration-test/target/test-dir/MiniOzoneClusterImpl-a136b03b-8403-429e-9870-8bf85e606ef3/datanode-5/data/ratis/49b16d3f-ce7a-4149-9250-52454695b4c4/in_use.lock acquired by nodename 85971@fv-az1381-115
2023-12-26 17:43:13,929 [3cf20811-7a7f-4ec1-bb30-7adbebaa785f-groupManagement] INFO  storage.RaftStorage (RaftStorageImpl.java:format(97)) - Storage directory /home/runner/work/ozone/ozone/hadoop-ozone/integration-test/target/test-dir/MiniOzoneClusterImpl-a136b03b-8403-429e-9870-8bf85e606ef3/datanode-5/data/ratis/49b16d3f-ce7a-4149-9250-52454695b4c4 has been successfully formatted.
2023-12-26 17:43:13,930 [3cf20811-7a7f-4ec1-bb30-7adbebaa785f-groupManagement] INFO  ratis.ContainerStateMachine (ContainerStateMachine.java:loadSnapshot(287)) - group-52454695B4C4: The snapshot info is null. Setting the last applied indexto:(t:0, i:~)
2023-12-26 17:43:13,930 [3cf20811-7a7f-4ec1-bb30-7adbebaa785f-groupManagement] INFO  server.RaftServerConfigKeys (ConfUtils.java:logGet(46)) - raft.server.log.use.memory = false (default)
2023-12-26 17:43:13,930 [3cf20811-7a7f-4ec1-bb30-7adbebaa785f-groupManagement] INFO  server.RaftServerConfigKeys (ConfUtils.java:logGet(46)) - raft.server.log.purge.gap = 1000000 (custom)
2023-12-26 17:43:13,930 [3cf20811-7a7f-4ec1-bb30-7adbebaa785f-groupManagement] INFO  server.RaftServerConfigKeys (ConfUtils.java:logGet(46)) - raft.server.log.appender.buffer.byte-limit = 8388608 (custom)
2023-12-26 17:43:13,930 [3cf20811-7a7f-4ec1-bb30-7adbebaa785f-groupManagement] INFO  server.RaftServerConfigKeys (ConfUtils.java:logGet(46)) - raft.server.log.statemachine.data.read.timeout = 1000ms (default)
2023-12-26 17:43:13,930 [3cf20811-7a7f-4ec1-bb30-7adbebaa785f-groupManagement] INFO  server.RaftServerConfigKeys (ConfUtils.java:logGet(46)) - raft.server.log.purge.preservation.log.num = 0 (default)
2023-12-26 17:43:13,931 [EventQueue-PipelineReportForPipelineReportHandler] INFO  pipeline.PipelineReportHandler (PipelineReportHandler.java:processPipelineReport(136)) - Opened pipeline PipelineID=49b16d3f-ce7a-4149-9250-52454695b4c4
2023-12-26 17:43:13,931 [EventQueue-OpenPipelineForHealthyPipelineSafeModeRule] INFO  safemode.SCMSafeModeManager (HealthyPipelineSafeModeRule.java:process(140)) - SCM in safe mode. Healthy pipelines reported count is 0, required healthy pipeline reported count is 1
2023-12-26 17:43:13,932 [3cf20811-7a7f-4ec1-bb30-7adbebaa785f-groupManagement] INFO  server.RaftServerConfigKeys (ConfUtils.java:logGet(46)) - raft.server.log.segment.size.max = 67108864 (custom)
2023-12-26 17:43:13,932 [3cf20811-7a7f-4ec1-bb30-7adbebaa785f-groupManagement] INFO  server.RaftServerConfigKeys (ConfUtils.java:logGet(46)) - raft.server.log.segment.cache.num.max = 2 (custom)
2023-12-26 17:43:13,932 [3cf20811-7a7f-4ec1-bb30-7adbebaa785f-groupManagement] INFO  server.RaftServerConfigKeys (ConfUtils.java:logGet(46)) - raft.server.log.segment.cache.size.max = 200MB (=209715200) (default)
2023-12-26 17:43:13,932 [3cf20811-7a7f-4ec1-bb30-7adbebaa785f-groupManagement] INFO  server.RaftServerConfigKeys (ConfUtils.java:logGet(46)) - raft.server.log.appender.buffer.byte-limit = 8388608 (custom)
2023-12-26 17:43:13,932 [3cf20811-7a7f-4ec1-bb30-7adbebaa785f-groupManagement] INFO  util.AwaitToRun (AwaitToRun.java:start(81)) - Thread[3cf20811-7a7f-4ec1-bb30-7adbebaa785f@group-52454695B4C4-cacheEviction-AwaitToRun,5,main] started
2023-12-26 17:43:13,932 [3cf20811-7a7f-4ec1-bb30-7adbebaa785f-groupManagement] INFO  segmented.SegmentedRaftLogWorker (SegmentedRaftLogWorker.java:<init>(184)) - new 3cf20811-7a7f-4ec1-bb30-7adbebaa785f@group-52454695B4C4-SegmentedRaftLogWorker for RaftStorageImpl:Storage Directory /home/runner/work/ozone/ozone/hadoop-ozone/integration-test/target/test-dir/MiniOzoneClusterImpl-a136b03b-8403-429e-9870-8bf85e606ef3/datanode-5/data/ratis/49b16d3f-ce7a-4149-9250-52454695b4c4
2023-12-26 17:43:13,933 [3cf20811-7a7f-4ec1-bb30-7adbebaa785f-groupManagement] INFO  server.RaftServerConfigKeys (ConfUtils.java:logGet(46)) - raft.server.log.queue.byte-limit = 4294967296 (custom)
2023-12-26 17:43:13,933 [3cf20811-7a7f-4ec1-bb30-7adbebaa785f-groupManagement] INFO  server.RaftServerConfigKeys (ConfUtils.java:logGet(46)) - raft.server.log.queue.element-limit = 1024 (custom)
2023-12-26 17:43:13,933 [3cf20811-7a7f-4ec1-bb30-7adbebaa785f-groupManagement] INFO  server.RaftServerConfigKeys (ConfUtils.java:logGet(46)) - raft.server.log.segment.size.max = 67108864 (custom)
2023-12-26 17:43:13,933 [3cf20811-7a7f-4ec1-bb30-7adbebaa785f-groupManagement] INFO  server.RaftServerConfigKeys (ConfUtils.java:logGet(46)) - raft.server.log.preallocated.size = 4194304 (custom)
2023-12-26 17:43:13,933 [3cf20811-7a7f-4ec1-bb30-7adbebaa785f-groupManagement] INFO  server.RaftServerConfigKeys (ConfUtils.java:logGet(46)) - raft.server.log.force.sync.num = 128 (default)
2023-12-26 17:43:13,933 [3cf20811-7a7f-4ec1-bb30-7adbebaa785f-groupManagement] INFO  server.RaftServerConfigKeys (ConfUtils.java:logGet(46)) - raft.server.log.statemachine.data.sync = true (default)
2023-12-26 17:43:13,933 [3cf20811-7a7f-4ec1-bb30-7adbebaa785f-groupManagement] INFO  server.RaftServerConfigKeys (ConfUtils.java:logGet(46)) - raft.server.log.statemachine.data.sync.timeout = 10s (default)
2023-12-26 17:43:13,933 [3cf20811-7a7f-4ec1-bb30-7adbebaa785f-groupManagement] INFO  server.RaftServerConfigKeys (ConfUtils.java:logGet(46)) - raft.server.log.statemachine.data.sync.timeout.retry = 0 (custom)
2023-12-26 17:43:13,933 [3cf20811-7a7f-4ec1-bb30-7adbebaa785f-groupManagement] INFO  server.RaftServerConfigKeys (ConfUtils.java:logGet(46)) - raft.server.log.write.buffer.size = 8388616 (custom)
2023-12-26 17:43:13,935 [3cf20811-7a7f-4ec1-bb30-7adbebaa785f-groupManagement] INFO  server.RaftServerConfigKeys (ConfUtils.java:logGet(46)) - raft.server.log.appender.buffer.byte-limit = 8388608 (custom)
2023-12-26 17:43:13,936 [3cf20811-7a7f-4ec1-bb30-7adbebaa785f-groupManagement] INFO  server.RaftServerConfigKeys (ConfUtils.java:logGet(46)) - raft.server.log.unsafe-flush.enabled = false (default)
2023-12-26 17:43:13,936 [3cf20811-7a7f-4ec1-bb30-7adbebaa785f-groupManagement] INFO  server.RaftServerConfigKeys (ConfUtils.java:logGet(46)) - raft.server.log.async-flush.enabled = false (default)
2023-12-26 17:43:13,936 [3cf20811-7a7f-4ec1-bb30-7adbebaa785f-groupManagement] INFO  server.RaftServerConfigKeys (ConfUtils.java:logGet(46)) - raft.server.log.statemachine.data.caching.enabled = true (custom)
2023-12-26 17:43:13,936 [3cf20811-7a7f-4ec1-bb30-7adbebaa785f-groupManagement] INFO  segmented.SegmentedRaftLogWorker (SegmentedRaftLogWorker.java:lambda$new$0(135)) - 3cf20811-7a7f-4ec1-bb30-7adbebaa785f@group-52454695B4C4-SegmentedRaftLogWorker: flushIndex: setUnconditionally 0 -> -1
2023-12-26 17:43:13,936 [3cf20811-7a7f-4ec1-bb30-7adbebaa785f-groupManagement] INFO  segmented.SegmentedRaftLogWorker (SegmentedRaftLogWorker.java:lambda$new$0(135)) - 3cf20811-7a7f-4ec1-bb30-7adbebaa785f@group-52454695B4C4-SegmentedRaftLogWorker: safeCacheEvictIndex: setUnconditionally 0 -> -1
2023-12-26 17:43:13,936 [3cf20811-7a7f-4ec1-bb30-7adbebaa785f-groupManagement] INFO  server.RaftServer$Division (RaftServerImpl.java:start(392)) - 3cf20811-7a7f-4ec1-bb30-7adbebaa785f@group-52454695B4C4: start as a follower, conf=-1: peers:[3cf20811-7a7f-4ec1-bb30-7adbebaa785f|10.1.0.4:15237]|listeners:[], old=null
2023-12-26 17:43:13,936 [3cf20811-7a7f-4ec1-bb30-7adbebaa785f-groupManagement] INFO  server.RaftServer$Division (RaftServerImpl.java:setRole(379)) - 3cf20811-7a7f-4ec1-bb30-7adbebaa785f@group-52454695B4C4: changes role from      null to FOLLOWER at term 0 for startAsFollower
2023-12-26 17:43:13,936 [3cf20811-7a7f-4ec1-bb30-7adbebaa785f-groupManagement] INFO  impl.RoleInfo (RoleInfo.java:updateAndGet(139)) - 3cf20811-7a7f-4ec1-bb30-7adbebaa785f: start 3cf20811-7a7f-4ec1-bb30-7adbebaa785f@group-52454695B4C4-FollowerState
2023-12-26 17:43:13,937 [3cf20811-7a7f-4ec1-bb30-7adbebaa785f@group-52454695B4C4-FollowerState] INFO  server.RaftServerConfigKeys (ConfUtils.java:logFallback(53)) - raft.server.rpc.first-election.timeout.min = 5s (fallback to raft.server.rpc.timeout.min)
2023-12-26 17:43:13,937 [3cf20811-7a7f-4ec1-bb30-7adbebaa785f-groupManagement] INFO  util.JmxRegister (JmxRegister.java:tryRegister(44)) - Successfully registered JMX Bean with object name Ratis:service=RaftServer,group=group-52454695B4C4,id=3cf20811-7a7f-4ec1-bb30-7adbebaa785f
2023-12-26 17:43:13,937 [3cf20811-7a7f-4ec1-bb30-7adbebaa785f@group-52454695B4C4-FollowerState] INFO  server.RaftServerConfigKeys (ConfUtils.java:logFallback(53)) - raft.server.rpc.first-election.timeout.max = 5200ms (fallback to raft.server.rpc.timeout.max)
2023-12-26 17:43:13,937 [3cf20811-7a7f-4ec1-bb30-7adbebaa785f-groupManagement] INFO  server.RaftServerConfigKeys (ConfUtils.java:logGet(46)) - raft.server.snapshot.trigger-when-stop.enabled = true (default)
2023-12-26 17:43:13,937 [3cf20811-7a7f-4ec1-bb30-7adbebaa785f-groupManagement] INFO  server.RaftServerConfigKeys (ConfUtils.java:logGet(46)) - raft.server.snapshot.auto.trigger.enabled = true (custom)
2023-12-26 17:43:13,937 [3cf20811-7a7f-4ec1-bb30-7adbebaa785f-groupManagement] INFO  server.RaftServerConfigKeys (ConfUtils.java:logGet(46)) - raft.server.snapshot.auto.trigger.threshold = 10000 (custom)
2023-12-26 17:43:13,937 [3cf20811-7a7f-4ec1-bb30-7adbebaa785f-groupManagement] INFO  server.RaftServerConfigKeys (ConfUtils.java:logGet(46)) - raft.server.snapshot.retention.file.num = 5 (custom)
2023-12-26 17:43:13,937 [3cf20811-7a7f-4ec1-bb30-7adbebaa785f-groupManagement] INFO  server.RaftServerConfigKeys (ConfUtils.java:logGet(46)) - raft.server.log.purge.upto.snapshot.index = false (default)
2023-12-26 17:43:13,938 [3cf20811-7a7f-4ec1-bb30-7adbebaa785f-PipelineCommandHandlerThread-0] INFO  ratis.XceiverServerRatis (XceiverServerRatis.java:addGroup(837)) - Created group PipelineID=49b16d3f-ce7a-4149-9250-52454695b4c4
2023-12-26 17:43:13,938 [3cf20811-7a7f-4ec1-bb30-7adbebaa785f-PipelineCommandHandlerThread-0] INFO  commandhandler.CreatePipelineCommandHandler (CreatePipelineCommandHandler.java:lambda$handle$2(124)) - Created Pipeline RATIS ONE PipelineID=49b16d3f-ce7a-4149-9250-52454695b4c4.
2023-12-26 17:43:14,050 [9041b40e-5b92-449e-aa66-a19f39177033-PipelineCommandHandlerThread-0] INFO  server.RaftServer (RaftServerProxy.java:addNew(100)) - 9041b40e-5b92-449e-aa66-a19f39177033: addNew group-B5BA6889F208:[9041b40e-5b92-449e-aa66-a19f39177033|10.1.0.4:15246] returns group-B5BA6889F208:java.util.concurrent.CompletableFuture@a4106d[Not completed]
2023-12-26 17:43:14,051 [9041b40e-5b92-449e-aa66-a19f39177033-groupManagement] INFO  server.RaftServer$Division (RaftServerImpl.java:<init>(256)) - 9041b40e-5b92-449e-aa66-a19f39177033: new RaftServerImpl for group-B5BA6889F208:[9041b40e-5b92-449e-aa66-a19f39177033|10.1.0.4:15246] with ContainerStateMachine:uninitialized
2023-12-26 17:43:14,052 [9041b40e-5b92-449e-aa66-a19f39177033-groupManagement] INFO  server.RaftServerConfigKeys (ConfUtils.java:logGet(46)) - raft.server.rpc.timeout.min = 5s (custom)
2023-12-26 17:43:14,052 [9041b40e-5b92-449e-aa66-a19f39177033-groupManagement] INFO  server.RaftServerConfigKeys (ConfUtils.java:logGet(46)) - raft.server.rpc.timeout.max = 5200ms (custom)
2023-12-26 17:43:14,052 [9041b40e-5b92-449e-aa66-a19f39177033-groupManagement] INFO  server.RaftServerConfigKeys (ConfUtils.java:logGet(46)) - raft.server.rpc.sleep.time = 25ms (default)
2023-12-26 17:43:14,052 [9041b40e-5b92-449e-aa66-a19f39177033-groupManagement] INFO  server.RaftServerConfigKeys (ConfUtils.java:logGet(46)) - raft.server.rpc.slowness.timeout = 300000ms (custom)
2023-12-26 17:43:14,052 [9041b40e-5b92-449e-aa66-a19f39177033-groupManagement] INFO  server.RaftServerConfigKeys (ConfUtils.java:logGet(46)) - raft.server.leaderelection.leader.step-down.wait-time = 10s (default)
2023-12-26 17:43:14,052 [9041b40e-5b92-449e-aa66-a19f39177033-groupManagement] INFO  server.RaftServerConfigKeys (ConfUtils.java:logGet(46)) - raft.server.leaderelection.member.majority-add = false (default)
2023-12-26 17:43:14,052 [9041b40e-5b92-449e-aa66-a19f39177033-groupManagement] INFO  server.RaftServerConfigKeys (ConfUtils.java:logGet(46)) - raft.server.sleep.deviation.threshold = 300ms (default)
2023-12-26 17:43:14,052 [9041b40e-5b92-449e-aa66-a19f39177033-groupManagement] INFO  server.RaftServer$Division (ServerState.java:<init>(113)) - 9041b40e-5b92-449e-aa66-a19f39177033@group-B5BA6889F208: ConfigurationManager, init=-1: peers:[9041b40e-5b92-449e-aa66-a19f39177033|10.1.0.4:15246]|listeners:[], old=null, confs=<EMPTY_MAP>
2023-12-26 17:43:14,052 [9041b40e-5b92-449e-aa66-a19f39177033-groupManagement] INFO  server.RaftServerConfigKeys (ConfUtils.java:logGet(46)) - raft.server.notification.no-leader.timeout = 300000ms (custom)
2023-12-26 17:43:14,052 [9041b40e-5b92-449e-aa66-a19f39177033-groupManagement] INFO  server.RaftServerConfigKeys (ConfUtils.java:logGet(46)) - raft.server.read.timeout = 10s (default)
2023-12-26 17:43:14,052 [9041b40e-5b92-449e-aa66-a19f39177033-groupManagement] INFO  server.RaftServerConfigKeys (ConfUtils.java:logGet(46)) - raft.server.retrycache.expirytime = 600000ms (custom)
2023-12-26 17:43:14,052 [9041b40e-5b92-449e-aa66-a19f39177033-groupManagement] INFO  server.RaftServerConfigKeys (ConfUtils.java:logGet(46)) - raft.server.retrycache.statistics.expirytime = 100ms (default)
2023-12-26 17:43:14,052 [9041b40e-5b92-449e-aa66-a19f39177033-groupManagement] INFO  server.RaftServerConfigKeys (ConfUtils.java:logGet(46)) - raft.server.read.option = DEFAULT (default)
2023-12-26 17:43:14,052 [9041b40e-5b92-449e-aa66-a19f39177033-groupManagement] INFO  server.RaftServerConfigKeys (ConfUtils.java:logGet(46)) - raft.server.read.read-after-write-consistent.write-index-cache.expiry-time = 60s (default)
2023-12-26 17:43:14,055 [9041b40e-5b92-449e-aa66-a19f39177033-groupManagement] INFO  server.RaftServerConfigKeys (ConfUtils.java:logGet(46)) - raft.server.rpc.request.timeout = 3000ms (default)
2023-12-26 17:43:14,055 [9041b40e-5b92-449e-aa66-a19f39177033-groupManagement] INFO  server.RaftServerConfigKeys (ConfUtils.java:logGet(46)) - raft.server.log.appender.install.snapshot.enabled = false (custom)
2023-12-26 17:43:14,055 [9041b40e-5b92-449e-aa66-a19f39177033-groupManagement] INFO  server.RaftServerConfigKeys (ConfUtils.java:logGet(46)) - raft.server.threadpool.server.cached = true (default)
2023-12-26 17:43:14,055 [9041b40e-5b92-449e-aa66-a19f39177033-groupManagement] INFO  server.RaftServerConfigKeys (ConfUtils.java:logGet(46)) - raft.server.threadpool.server.size = 0 (default)
2023-12-26 17:43:14,055 [9041b40e-5b92-449e-aa66-a19f39177033-groupManagement] INFO  server.RaftServerConfigKeys (ConfUtils.java:logGet(46)) - raft.server.threadpool.client.cached = true (default)
2023-12-26 17:43:14,055 [9041b40e-5b92-449e-aa66-a19f39177033-groupManagement] INFO  server.RaftServerConfigKeys (ConfUtils.java:logGet(46)) - raft.server.threadpool.client.size = 0 (default)
2023-12-26 17:43:14,055 [9041b40e-5b92-449e-aa66-a19f39177033-groupManagement] INFO  server.RaftServerConfigKeys (ConfUtils.java:logGet(46)) - raft.server.storage.free-space.min = 0MB (=0) (default)
2023-12-26 17:43:14,055 [9041b40e-5b92-449e-aa66-a19f39177033-groupManagement] INFO  server.RaftServerConfigKeys (ConfUtils.java:logGet(46)) - raft.server.log.corruption.policy = EXCEPTION (default)
2023-12-26 17:43:14,055 [9041b40e-5b92-449e-aa66-a19f39177033-groupManagement] INFO  server.RaftServerConfigKeys (ConfUtils.java:logGet(46)) - raft.server.storage.dir = [/home/runner/work/ozone/ozone/hadoop-ozone/integration-test/target/test-dir/MiniOzoneClusterImpl-a136b03b-8403-429e-9870-8bf85e606ef3/datanode-6/data/ratis] (custom)
2023-12-26 17:43:14,055 [9041b40e-5b92-449e-aa66-a19f39177033-groupManagement] INFO  storage.RaftStorageDirectory (RaftStorageDirectoryImpl.java:analyzeStorage(138)) - The storage directory /home/runner/work/ozone/ozone/hadoop-ozone/integration-test/target/test-dir/MiniOzoneClusterImpl-a136b03b-8403-429e-9870-8bf85e606ef3/datanode-6/data/ratis/5af49f39-54d4-4ac3-b074-b5ba6889f208 does not exist. Creating ...
2023-12-26 17:43:14,057 [9041b40e-5b92-449e-aa66-a19f39177033-groupManagement] INFO  storage.RaftStorageDirectory (RaftStorageDirectoryImpl.java:tryLock(232)) - Lock on /home/runner/work/ozone/ozone/hadoop-ozone/integration-test/target/test-dir/MiniOzoneClusterImpl-a136b03b-8403-429e-9870-8bf85e606ef3/datanode-6/data/ratis/5af49f39-54d4-4ac3-b074-b5ba6889f208/in_use.lock acquired by nodename 85971@fv-az1381-115
2023-12-26 17:43:14,058 [9041b40e-5b92-449e-aa66-a19f39177033-groupManagement] INFO  storage.RaftStorage (RaftStorageImpl.java:format(97)) - Storage directory /home/runner/work/ozone/ozone/hadoop-ozone/integration-test/target/test-dir/MiniOzoneClusterImpl-a136b03b-8403-429e-9870-8bf85e606ef3/datanode-6/data/ratis/5af49f39-54d4-4ac3-b074-b5ba6889f208 has been successfully formatted.
2023-12-26 17:43:14,059 [9041b40e-5b92-449e-aa66-a19f39177033-groupManagement] INFO  ratis.ContainerStateMachine (ContainerStateMachine.java:loadSnapshot(287)) - group-B5BA6889F208: The snapshot info is null. Setting the last applied indexto:(t:0, i:~)
2023-12-26 17:43:14,059 [9041b40e-5b92-449e-aa66-a19f39177033-groupManagement] INFO  server.RaftServerConfigKeys (ConfUtils.java:logGet(46)) - raft.server.log.use.memory = false (default)
2023-12-26 17:43:14,059 [9041b40e-5b92-449e-aa66-a19f39177033-groupManagement] INFO  server.RaftServerConfigKeys (ConfUtils.java:logGet(46)) - raft.server.log.purge.gap = 1000000 (custom)
2023-12-26 17:43:14,060 [9041b40e-5b92-449e-aa66-a19f39177033-groupManagement] INFO  server.RaftServerConfigKeys (ConfUtils.java:logGet(46)) - raft.server.log.appender.buffer.byte-limit = 8388608 (custom)
2023-12-26 17:43:14,060 [9041b40e-5b92-449e-aa66-a19f39177033-groupManagement] INFO  server.RaftServerConfigKeys (ConfUtils.java:logGet(46)) - raft.server.log.statemachine.data.read.timeout = 1000ms (default)
2023-12-26 17:43:14,060 [9041b40e-5b92-449e-aa66-a19f39177033-groupManagement] INFO  server.RaftServerConfigKeys (ConfUtils.java:logGet(46)) - raft.server.log.purge.preservation.log.num = 0 (default)
2023-12-26 17:43:14,061 [EventQueue-PipelineReportForPipelineReportHandler] INFO  pipeline.PipelineReportHandler (PipelineReportHandler.java:processPipelineReport(136)) - Opened pipeline PipelineID=5af49f39-54d4-4ac3-b074-b5ba6889f208
2023-12-26 17:43:14,061 [EventQueue-OpenPipelineForHealthyPipelineSafeModeRule] INFO  safemode.SCMSafeModeManager (HealthyPipelineSafeModeRule.java:process(140)) - SCM in safe mode. Healthy pipelines reported count is 0, required healthy pipeline reported count is 1
2023-12-26 17:43:14,061 [9041b40e-5b92-449e-aa66-a19f39177033-groupManagement] INFO  server.RaftServerConfigKeys (ConfUtils.java:logGet(46)) - raft.server.log.segment.size.max = 67108864 (custom)
2023-12-26 17:43:14,062 [9041b40e-5b92-449e-aa66-a19f39177033-groupManagement] INFO  server.RaftServerConfigKeys (ConfUtils.java:logGet(46)) - raft.server.log.segment.cache.num.max = 2 (custom)
2023-12-26 17:43:14,062 [9041b40e-5b92-449e-aa66-a19f39177033-groupManagement] INFO  server.RaftServerConfigKeys (ConfUtils.java:logGet(46)) - raft.server.log.segment.cache.size.max = 200MB (=209715200) (default)
2023-12-26 17:43:14,062 [9041b40e-5b92-449e-aa66-a19f39177033-groupManagement] INFO  server.RaftServerConfigKeys (ConfUtils.java:logGet(46)) - raft.server.log.appender.buffer.byte-limit = 8388608 (custom)
2023-12-26 17:43:14,062 [9041b40e-5b92-449e-aa66-a19f39177033-groupManagement] INFO  util.AwaitToRun (AwaitToRun.java:start(81)) - Thread[9041b40e-5b92-449e-aa66-a19f39177033@group-B5BA6889F208-cacheEviction-AwaitToRun,5,main] started
2023-12-26 17:43:14,062 [9041b40e-5b92-449e-aa66-a19f39177033-groupManagement] INFO  segmented.SegmentedRaftLogWorker (SegmentedRaftLogWorker.java:<init>(184)) - new 9041b40e-5b92-449e-aa66-a19f39177033@group-B5BA6889F208-SegmentedRaftLogWorker for RaftStorageImpl:Storage Directory /home/runner/work/ozone/ozone/hadoop-ozone/integration-test/target/test-dir/MiniOzoneClusterImpl-a136b03b-8403-429e-9870-8bf85e606ef3/datanode-6/data/ratis/5af49f39-54d4-4ac3-b074-b5ba6889f208
2023-12-26 17:43:14,062 [9041b40e-5b92-449e-aa66-a19f39177033-groupManagement] INFO  server.RaftServerConfigKeys (ConfUtils.java:logGet(46)) - raft.server.log.queue.byte-limit = 4294967296 (custom)
2023-12-26 17:43:14,062 [9041b40e-5b92-449e-aa66-a19f39177033-groupManagement] INFO  server.RaftServerConfigKeys (ConfUtils.java:logGet(46)) - raft.server.log.queue.element-limit = 1024 (custom)
2023-12-26 17:43:14,062 [9041b40e-5b92-449e-aa66-a19f39177033-groupManagement] INFO  server.RaftServerConfigKeys (ConfUtils.java:logGet(46)) - raft.server.log.segment.size.max = 67108864 (custom)
2023-12-26 17:43:14,062 [9041b40e-5b92-449e-aa66-a19f39177033-groupManagement] INFO  server.RaftServerConfigKeys (ConfUtils.java:logGet(46)) - raft.server.log.preallocated.size = 4194304 (custom)
2023-12-26 17:43:14,062 [9041b40e-5b92-449e-aa66-a19f39177033-groupManagement] INFO  server.RaftServerConfigKeys (ConfUtils.java:logGet(46)) - raft.server.log.force.sync.num = 128 (default)
2023-12-26 17:43:14,062 [9041b40e-5b92-449e-aa66-a19f39177033-groupManagement] INFO  server.RaftServerConfigKeys (ConfUtils.java:logGet(46)) - raft.server.log.statemachine.data.sync = true (default)
2023-12-26 17:43:14,062 [9041b40e-5b92-449e-aa66-a19f39177033-groupManagement] INFO  server.RaftServerConfigKeys (ConfUtils.java:logGet(46)) - raft.server.log.statemachine.data.sync.timeout = 10s (default)
2023-12-26 17:43:14,062 [9041b40e-5b92-449e-aa66-a19f39177033-groupManagement] INFO  server.RaftServerConfigKeys (ConfUtils.java:logGet(46)) - raft.server.log.statemachine.data.sync.timeout.retry = 0 (custom)
2023-12-26 17:43:14,063 [9041b40e-5b92-449e-aa66-a19f39177033-groupManagement] INFO  server.RaftServerConfigKeys (ConfUtils.java:logGet(46)) - raft.server.log.write.buffer.size = 8388616 (custom)
2023-12-26 17:43:14,065 [9041b40e-5b92-449e-aa66-a19f39177033-groupManagement] INFO  server.RaftServerConfigKeys (ConfUtils.java:logGet(46)) - raft.server.log.appender.buffer.byte-limit = 8388608 (custom)
2023-12-26 17:43:14,065 [9041b40e-5b92-449e-aa66-a19f39177033-groupManagement] INFO  server.RaftServerConfigKeys (ConfUtils.java:logGet(46)) - raft.server.log.unsafe-flush.enabled = false (default)
2023-12-26 17:43:14,065 [9041b40e-5b92-449e-aa66-a19f39177033-groupManagement] INFO  server.RaftServerConfigKeys (ConfUtils.java:logGet(46)) - raft.server.log.async-flush.enabled = false (default)
2023-12-26 17:43:14,065 [9041b40e-5b92-449e-aa66-a19f39177033-groupManagement] INFO  server.RaftServerConfigKeys (ConfUtils.java:logGet(46)) - raft.server.log.statemachine.data.caching.enabled = true (custom)
2023-12-26 17:43:14,065 [9041b40e-5b92-449e-aa66-a19f39177033-groupManagement] INFO  segmented.SegmentedRaftLogWorker (SegmentedRaftLogWorker.java:lambda$new$0(135)) - 9041b40e-5b92-449e-aa66-a19f39177033@group-B5BA6889F208-SegmentedRaftLogWorker: flushIndex: setUnconditionally 0 -> -1
2023-12-26 17:43:14,066 [9041b40e-5b92-449e-aa66-a19f39177033-groupManagement] INFO  segmented.SegmentedRaftLogWorker (SegmentedRaftLogWorker.java:lambda$new$0(135)) - 9041b40e-5b92-449e-aa66-a19f39177033@group-B5BA6889F208-SegmentedRaftLogWorker: safeCacheEvictIndex: setUnconditionally 0 -> -1
2023-12-26 17:43:14,066 [9041b40e-5b92-449e-aa66-a19f39177033-groupManagement] INFO  server.RaftServer$Division (RaftServerImpl.java:start(392)) - 9041b40e-5b92-449e-aa66-a19f39177033@group-B5BA6889F208: start as a follower, conf=-1: peers:[9041b40e-5b92-449e-aa66-a19f39177033|10.1.0.4:15246]|listeners:[], old=null
2023-12-26 17:43:14,066 [9041b40e-5b92-449e-aa66-a19f39177033-groupManagement] INFO  server.RaftServer$Division (RaftServerImpl.java:setRole(379)) - 9041b40e-5b92-449e-aa66-a19f39177033@group-B5BA6889F208: changes role from      null to FOLLOWER at term 0 for startAsFollower
2023-12-26 17:43:14,066 [9041b40e-5b92-449e-aa66-a19f39177033-groupManagement] INFO  impl.RoleInfo (RoleInfo.java:updateAndGet(139)) - 9041b40e-5b92-449e-aa66-a19f39177033: start 9041b40e-5b92-449e-aa66-a19f39177033@group-B5BA6889F208-FollowerState
2023-12-26 17:43:14,066 [9041b40e-5b92-449e-aa66-a19f39177033@group-B5BA6889F208-FollowerState] INFO  server.RaftServerConfigKeys (ConfUtils.java:logFallback(53)) - raft.server.rpc.first-election.timeout.min = 5s (fallback to raft.server.rpc.timeout.min)
2023-12-26 17:43:14,066 [9041b40e-5b92-449e-aa66-a19f39177033-groupManagement] INFO  util.JmxRegister (JmxRegister.java:tryRegister(44)) - Successfully registered JMX Bean with object name Ratis:service=RaftServer,group=group-B5BA6889F208,id=9041b40e-5b92-449e-aa66-a19f39177033
2023-12-26 17:43:14,066 [9041b40e-5b92-449e-aa66-a19f39177033@group-B5BA6889F208-FollowerState] INFO  server.RaftServerConfigKeys (ConfUtils.java:logFallback(53)) - raft.server.rpc.first-election.timeout.max = 5200ms (fallback to raft.server.rpc.timeout.max)
2023-12-26 17:43:14,066 [9041b40e-5b92-449e-aa66-a19f39177033-groupManagement] INFO  server.RaftServerConfigKeys (ConfUtils.java:logGet(46)) - raft.server.snapshot.trigger-when-stop.enabled = true (default)
2023-12-26 17:43:14,066 [9041b40e-5b92-449e-aa66-a19f39177033-groupManagement] INFO  server.RaftServerConfigKeys (ConfUtils.java:logGet(46)) - raft.server.snapshot.auto.trigger.enabled = true (custom)
2023-12-26 17:43:14,066 [9041b40e-5b92-449e-aa66-a19f39177033-groupManagement] INFO  server.RaftServerConfigKeys (ConfUtils.java:logGet(46)) - raft.server.snapshot.auto.trigger.threshold = 10000 (custom)
2023-12-26 17:43:14,066 [9041b40e-5b92-449e-aa66-a19f39177033-groupManagement] INFO  server.RaftServerConfigKeys (ConfUtils.java:logGet(46)) - raft.server.snapshot.retention.file.num = 5 (custom)
2023-12-26 17:43:14,067 [9041b40e-5b92-449e-aa66-a19f39177033-groupManagement] INFO  server.RaftServerConfigKeys (ConfUtils.java:logGet(46)) - raft.server.log.purge.upto.snapshot.index = false (default)
2023-12-26 17:43:14,067 [9041b40e-5b92-449e-aa66-a19f39177033-PipelineCommandHandlerThread-0] INFO  ratis.XceiverServerRatis (XceiverServerRatis.java:addGroup(837)) - Created group PipelineID=5af49f39-54d4-4ac3-b074-b5ba6889f208
2023-12-26 17:43:14,067 [9041b40e-5b92-449e-aa66-a19f39177033-PipelineCommandHandlerThread-0] INFO  commandhandler.CreatePipelineCommandHandler (CreatePipelineCommandHandler.java:lambda$handle$2(124)) - Created Pipeline RATIS ONE PipelineID=5af49f39-54d4-4ac3-b074-b5ba6889f208.
2023-12-26 17:43:14,067 [9041b40e-5b92-449e-aa66-a19f39177033-PipelineCommandHandlerThread-0] INFO  server.RaftServer (RaftServerProxy.java:addNew(100)) - 9041b40e-5b92-449e-aa66-a19f39177033: addNew group-931AD61AFC41:[5acb06d6-75fa-434d-a16a-f6192aa7de69|10.1.0.4:15264, 3d5bb137-3be5-4706-af5d-ee5f1bcd8429|10.1.0.4:15255, 9041b40e-5b92-449e-aa66-a19f39177033|10.1.0.4:15246] returns group-931AD61AFC41:java.util.concurrent.CompletableFuture@49b84a1[Not completed]
2023-12-26 17:43:14,068 [9041b40e-5b92-449e-aa66-a19f39177033-groupManagement] INFO  server.RaftServer$Division (RaftServerImpl.java:<init>(256)) - 9041b40e-5b92-449e-aa66-a19f39177033: new RaftServerImpl for group-931AD61AFC41:[5acb06d6-75fa-434d-a16a-f6192aa7de69|10.1.0.4:15264, 3d5bb137-3be5-4706-af5d-ee5f1bcd8429|10.1.0.4:15255, 9041b40e-5b92-449e-aa66-a19f39177033|10.1.0.4:15246] with ContainerStateMachine:uninitialized
2023-12-26 17:43:14,068 [9041b40e-5b92-449e-aa66-a19f39177033-groupManagement] INFO  server.RaftServerConfigKeys (ConfUtils.java:logGet(46)) - raft.server.rpc.timeout.min = 5s (custom)
2023-12-26 17:43:14,068 [9041b40e-5b92-449e-aa66-a19f39177033-groupManagement] INFO  server.RaftServerConfigKeys (ConfUtils.java:logGet(46)) - raft.server.rpc.timeout.max = 5200ms (custom)
2023-12-26 17:43:14,068 [9041b40e-5b92-449e-aa66-a19f39177033-groupManagement] INFO  server.RaftServerConfigKeys (ConfUtils.java:logGet(46)) - raft.server.rpc.sleep.time = 25ms (default)
2023-12-26 17:43:14,068 [9041b40e-5b92-449e-aa66-a19f39177033-groupManagement] INFO  server.RaftServerConfigKeys (ConfUtils.java:logGet(46)) - raft.server.rpc.slowness.timeout = 300000ms (custom)
2023-12-26 17:43:14,068 [9041b40e-5b92-449e-aa66-a19f39177033-groupManagement] INFO  server.RaftServerConfigKeys (ConfUtils.java:logGet(46)) - raft.server.leaderelection.leader.step-down.wait-time = 10s (default)
2023-12-26 17:43:14,069 [9041b40e-5b92-449e-aa66-a19f39177033-groupManagement] INFO  server.RaftServerConfigKeys (ConfUtils.java:logGet(46)) - raft.server.leaderelection.member.majority-add = false (default)
2023-12-26 17:43:14,069 [9041b40e-5b92-449e-aa66-a19f39177033-groupManagement] INFO  server.RaftServerConfigKeys (ConfUtils.java:logGet(46)) - raft.server.sleep.deviation.threshold = 300ms (default)
2023-12-26 17:43:14,069 [9041b40e-5b92-449e-aa66-a19f39177033-groupManagement] INFO  server.RaftServer$Division (ServerState.java:<init>(113)) - 9041b40e-5b92-449e-aa66-a19f39177033@group-931AD61AFC41: ConfigurationManager, init=-1: peers:[5acb06d6-75fa-434d-a16a-f6192aa7de69|10.1.0.4:15264, 3d5bb137-3be5-4706-af5d-ee5f1bcd8429|10.1.0.4:15255, 9041b40e-5b92-449e-aa66-a19f39177033|10.1.0.4:15246]|listeners:[], old=null, confs=<EMPTY_MAP>
2023-12-26 17:43:14,069 [9041b40e-5b92-449e-aa66-a19f39177033-groupManagement] INFO  server.RaftServerConfigKeys (ConfUtils.java:logGet(46)) - raft.server.notification.no-leader.timeout = 300000ms (custom)
2023-12-26 17:43:14,069 [9041b40e-5b92-449e-aa66-a19f39177033-groupManagement] INFO  server.RaftServerConfigKeys (ConfUtils.java:logGet(46)) - raft.server.read.timeout = 10s (default)
2023-12-26 17:43:14,069 [9041b40e-5b92-449e-aa66-a19f39177033-groupManagement] INFO  server.RaftServerConfigKeys (ConfUtils.java:logGet(46)) - raft.server.retrycache.expirytime = 600000ms (custom)
2023-12-26 17:43:14,069 [9041b40e-5b92-449e-aa66-a19f39177033-groupManagement] INFO  server.RaftServerConfigKeys (ConfUtils.java:logGet(46)) - raft.server.retrycache.statistics.expirytime = 100ms (default)
2023-12-26 17:43:14,069 [9041b40e-5b92-449e-aa66-a19f39177033-groupManagement] INFO  server.RaftServerConfigKeys (ConfUtils.java:logGet(46)) - raft.server.read.option = DEFAULT (default)
2023-12-26 17:43:14,069 [9041b40e-5b92-449e-aa66-a19f39177033-groupManagement] INFO  server.RaftServerConfigKeys (ConfUtils.java:logGet(46)) - raft.server.read.read-after-write-consistent.write-index-cache.expiry-time = 60s (default)
2023-12-26 17:43:14,070 [9041b40e-5b92-449e-aa66-a19f39177033-groupManagement] INFO  server.RaftServerConfigKeys (ConfUtils.java:logGet(46)) - raft.server.rpc.request.timeout = 3000ms (default)
2023-12-26 17:43:14,070 [9041b40e-5b92-449e-aa66-a19f39177033-groupManagement] INFO  server.RaftServerConfigKeys (ConfUtils.java:logGet(46)) - raft.server.log.appender.install.snapshot.enabled = false (custom)
2023-12-26 17:43:14,070 [9041b40e-5b92-449e-aa66-a19f39177033-groupManagement] INFO  server.RaftServerConfigKeys (ConfUtils.java:logGet(46)) - raft.server.threadpool.server.cached = true (default)
2023-12-26 17:43:14,071 [9041b40e-5b92-449e-aa66-a19f39177033-groupManagement] INFO  server.RaftServerConfigKeys (ConfUtils.java:logGet(46)) - raft.server.threadpool.server.size = 0 (default)
2023-12-26 17:43:14,071 [9041b40e-5b92-449e-aa66-a19f39177033-groupManagement] INFO  server.RaftServerConfigKeys (ConfUtils.java:logGet(46)) - raft.server.threadpool.client.cached = true (default)
2023-12-26 17:43:14,071 [9041b40e-5b92-449e-aa66-a19f39177033-groupManagement] INFO  server.RaftServerConfigKeys (ConfUtils.java:logGet(46)) - raft.server.threadpool.client.size = 0 (default)
2023-12-26 17:43:14,071 [9041b40e-5b92-449e-aa66-a19f39177033-groupManagement] INFO  server.RaftServerConfigKeys (ConfUtils.java:logGet(46)) - raft.server.storage.free-space.min = 0MB (=0) (default)
2023-12-26 17:43:14,071 [9041b40e-5b92-449e-aa66-a19f39177033-groupManagement] INFO  server.RaftServerConfigKeys (ConfUtils.java:logGet(46)) - raft.server.log.corruption.policy = EXCEPTION (default)
2023-12-26 17:43:14,071 [9041b40e-5b92-449e-aa66-a19f39177033-groupManagement] INFO  server.RaftServerConfigKeys (ConfUtils.java:logGet(46)) - raft.server.storage.dir = [/home/runner/work/ozone/ozone/hadoop-ozone/integration-test/target/test-dir/MiniOzoneClusterImpl-a136b03b-8403-429e-9870-8bf85e606ef3/datanode-6/data/ratis] (custom)
2023-12-26 17:43:14,071 [9041b40e-5b92-449e-aa66-a19f39177033-groupManagement] INFO  storage.RaftStorageDirectory (RaftStorageDirectoryImpl.java:analyzeStorage(138)) - The storage directory /home/runner/work/ozone/ozone/hadoop-ozone/integration-test/target/test-dir/MiniOzoneClusterImpl-a136b03b-8403-429e-9870-8bf85e606ef3/datanode-6/data/ratis/3eaeb45c-f3cd-4275-b4c0-931ad61afc41 does not exist. Creating ...
2023-12-26 17:43:14,072 [9041b40e-5b92-449e-aa66-a19f39177033-groupManagement] INFO  storage.RaftStorageDirectory (RaftStorageDirectoryImpl.java:tryLock(232)) - Lock on /home/runner/work/ozone/ozone/hadoop-ozone/integration-test/target/test-dir/MiniOzoneClusterImpl-a136b03b-8403-429e-9870-8bf85e606ef3/datanode-6/data/ratis/3eaeb45c-f3cd-4275-b4c0-931ad61afc41/in_use.lock acquired by nodename 85971@fv-az1381-115
2023-12-26 17:43:14,073 [9041b40e-5b92-449e-aa66-a19f39177033-groupManagement] INFO  storage.RaftStorage (RaftStorageImpl.java:format(97)) - Storage directory /home/runner/work/ozone/ozone/hadoop-ozone/integration-test/target/test-dir/MiniOzoneClusterImpl-a136b03b-8403-429e-9870-8bf85e606ef3/datanode-6/data/ratis/3eaeb45c-f3cd-4275-b4c0-931ad61afc41 has been successfully formatted.
2023-12-26 17:43:14,073 [9041b40e-5b92-449e-aa66-a19f39177033-groupManagement] INFO  ratis.ContainerStateMachine (ContainerStateMachine.java:loadSnapshot(287)) - group-931AD61AFC41: The snapshot info is null. Setting the last applied indexto:(t:0, i:~)
2023-12-26 17:43:14,074 [9041b40e-5b92-449e-aa66-a19f39177033-groupManagement] INFO  server.RaftServerConfigKeys (ConfUtils.java:logGet(46)) - raft.server.log.use.memory = false (default)
2023-12-26 17:43:14,074 [9041b40e-5b92-449e-aa66-a19f39177033-groupManagement] INFO  server.RaftServerConfigKeys (ConfUtils.java:logGet(46)) - raft.server.log.purge.gap = 1000000 (custom)
2023-12-26 17:43:14,074 [9041b40e-5b92-449e-aa66-a19f39177033-groupManagement] INFO  server.RaftServerConfigKeys (ConfUtils.java:logGet(46)) - raft.server.log.appender.buffer.byte-limit = 8388608 (custom)
2023-12-26 17:43:14,074 [9041b40e-5b92-449e-aa66-a19f39177033-groupManagement] INFO  server.RaftServerConfigKeys (ConfUtils.java:logGet(46)) - raft.server.log.statemachine.data.read.timeout = 1000ms (default)
2023-12-26 17:43:14,074 [9041b40e-5b92-449e-aa66-a19f39177033-groupManagement] INFO  server.RaftServerConfigKeys (ConfUtils.java:logGet(46)) - raft.server.log.purge.preservation.log.num = 0 (default)
2023-12-26 17:43:14,074 [EventQueue-OpenPipelineForHealthyPipelineSafeModeRule] INFO  safemode.SCMSafeModeManager (HealthyPipelineSafeModeRule.java:process(140)) - SCM in safe mode. Healthy pipelines reported count is 0, required healthy pipeline reported count is 1
2023-12-26 17:43:14,075 [9041b40e-5b92-449e-aa66-a19f39177033-groupManagement] INFO  server.RaftServerConfigKeys (ConfUtils.java:logGet(46)) - raft.server.log.segment.size.max = 67108864 (custom)
2023-12-26 17:43:14,075 [9041b40e-5b92-449e-aa66-a19f39177033-groupManagement] INFO  server.RaftServerConfigKeys (ConfUtils.java:logGet(46)) - raft.server.log.segment.cache.num.max = 2 (custom)
2023-12-26 17:43:14,075 [9041b40e-5b92-449e-aa66-a19f39177033-groupManagement] INFO  server.RaftServerConfigKeys (ConfUtils.java:logGet(46)) - raft.server.log.segment.cache.size.max = 200MB (=209715200) (default)
2023-12-26 17:43:14,075 [9041b40e-5b92-449e-aa66-a19f39177033-groupManagement] INFO  server.RaftServerConfigKeys (ConfUtils.java:logGet(46)) - raft.server.log.appender.buffer.byte-limit = 8388608 (custom)
2023-12-26 17:43:14,075 [9041b40e-5b92-449e-aa66-a19f39177033-groupManagement] INFO  util.AwaitToRun (AwaitToRun.java:start(81)) - Thread[9041b40e-5b92-449e-aa66-a19f39177033@group-931AD61AFC41-cacheEviction-AwaitToRun,5,main] started
2023-12-26 17:43:14,075 [9041b40e-5b92-449e-aa66-a19f39177033-groupManagement] INFO  segmented.SegmentedRaftLogWorker (SegmentedRaftLogWorker.java:<init>(184)) - new 9041b40e-5b92-449e-aa66-a19f39177033@group-931AD61AFC41-SegmentedRaftLogWorker for RaftStorageImpl:Storage Directory /home/runner/work/ozone/ozone/hadoop-ozone/integration-test/target/test-dir/MiniOzoneClusterImpl-a136b03b-8403-429e-9870-8bf85e606ef3/datanode-6/data/ratis/3eaeb45c-f3cd-4275-b4c0-931ad61afc41
2023-12-26 17:43:14,075 [9041b40e-5b92-449e-aa66-a19f39177033-groupManagement] INFO  server.RaftServerConfigKeys (ConfUtils.java:logGet(46)) - raft.server.log.queue.byte-limit = 4294967296 (custom)
2023-12-26 17:43:14,075 [9041b40e-5b92-449e-aa66-a19f39177033-groupManagement] INFO  server.RaftServerConfigKeys (ConfUtils.java:logGet(46)) - raft.server.log.queue.element-limit = 1024 (custom)
2023-12-26 17:43:14,075 [9041b40e-5b92-449e-aa66-a19f39177033-groupManagement] INFO  server.RaftServerConfigKeys (ConfUtils.java:logGet(46)) - raft.server.log.segment.size.max = 67108864 (custom)
2023-12-26 17:43:14,076 [9041b40e-5b92-449e-aa66-a19f39177033-groupManagement] INFO  server.RaftServerConfigKeys (ConfUtils.java:logGet(46)) - raft.server.log.preallocated.size = 4194304 (custom)
2023-12-26 17:43:14,076 [9041b40e-5b92-449e-aa66-a19f39177033-groupManagement] INFO  server.RaftServerConfigKeys (ConfUtils.java:logGet(46)) - raft.server.log.force.sync.num = 128 (default)
2023-12-26 17:43:14,076 [9041b40e-5b92-449e-aa66-a19f39177033-groupManagement] INFO  server.RaftServerConfigKeys (ConfUtils.java:logGet(46)) - raft.server.log.statemachine.data.sync = true (default)
2023-12-26 17:43:14,076 [9041b40e-5b92-449e-aa66-a19f39177033-groupManagement] INFO  server.RaftServerConfigKeys (ConfUtils.java:logGet(46)) - raft.server.log.statemachine.data.sync.timeout = 10s (default)
2023-12-26 17:43:14,076 [9041b40e-5b92-449e-aa66-a19f39177033-groupManagement] INFO  server.RaftServerConfigKeys (ConfUtils.java:logGet(46)) - raft.server.log.statemachine.data.sync.timeout.retry = 0 (custom)
2023-12-26 17:43:14,076 [9041b40e-5b92-449e-aa66-a19f39177033-groupManagement] INFO  server.RaftServerConfigKeys (ConfUtils.java:logGet(46)) - raft.server.log.write.buffer.size = 8388616 (custom)
2023-12-26 17:43:14,077 [9041b40e-5b92-449e-aa66-a19f39177033-groupManagement] INFO  server.RaftServerConfigKeys (ConfUtils.java:logGet(46)) - raft.server.log.appender.buffer.byte-limit = 8388608 (custom)
2023-12-26 17:43:14,078 [9041b40e-5b92-449e-aa66-a19f39177033-groupManagement] INFO  server.RaftServerConfigKeys (ConfUtils.java:logGet(46)) - raft.server.log.unsafe-flush.enabled = false (default)
2023-12-26 17:43:14,078 [9041b40e-5b92-449e-aa66-a19f39177033-groupManagement] INFO  server.RaftServerConfigKeys (ConfUtils.java:logGet(46)) - raft.server.log.async-flush.enabled = false (default)
2023-12-26 17:43:14,078 [9041b40e-5b92-449e-aa66-a19f39177033-groupManagement] INFO  server.RaftServerConfigKeys (ConfUtils.java:logGet(46)) - raft.server.log.statemachine.data.caching.enabled = true (custom)
2023-12-26 17:43:14,078 [9041b40e-5b92-449e-aa66-a19f39177033-groupManagement] INFO  segmented.SegmentedRaftLogWorker (SegmentedRaftLogWorker.java:lambda$new$0(135)) - 9041b40e-5b92-449e-aa66-a19f39177033@group-931AD61AFC41-SegmentedRaftLogWorker: flushIndex: setUnconditionally 0 -> -1
2023-12-26 17:43:14,078 [9041b40e-5b92-449e-aa66-a19f39177033-groupManagement] INFO  segmented.SegmentedRaftLogWorker (SegmentedRaftLogWorker.java:lambda$new$0(135)) - 9041b40e-5b92-449e-aa66-a19f39177033@group-931AD61AFC41-SegmentedRaftLogWorker: safeCacheEvictIndex: setUnconditionally 0 -> -1
2023-12-26 17:43:14,078 [9041b40e-5b92-449e-aa66-a19f39177033-groupManagement] INFO  server.RaftServer$Division (RaftServerImpl.java:start(392)) - 9041b40e-5b92-449e-aa66-a19f39177033@group-931AD61AFC41: start as a follower, conf=-1: peers:[5acb06d6-75fa-434d-a16a-f6192aa7de69|10.1.0.4:15264, 3d5bb137-3be5-4706-af5d-ee5f1bcd8429|10.1.0.4:15255, 9041b40e-5b92-449e-aa66-a19f39177033|10.1.0.4:15246]|listeners:[], old=null
2023-12-26 17:43:14,078 [9041b40e-5b92-449e-aa66-a19f39177033-groupManagement] INFO  server.RaftServer$Division (RaftServerImpl.java:setRole(379)) - 9041b40e-5b92-449e-aa66-a19f39177033@group-931AD61AFC41: changes role from      null to FOLLOWER at term 0 for startAsFollower
2023-12-26 17:43:14,078 [9041b40e-5b92-449e-aa66-a19f39177033-groupManagement] INFO  impl.RoleInfo (RoleInfo.java:updateAndGet(139)) - 9041b40e-5b92-449e-aa66-a19f39177033: start 9041b40e-5b92-449e-aa66-a19f39177033@group-931AD61AFC41-FollowerState
2023-12-26 17:43:14,078 [9041b40e-5b92-449e-aa66-a19f39177033@group-931AD61AFC41-FollowerState] INFO  server.RaftServerConfigKeys (ConfUtils.java:logFallback(53)) - raft.server.rpc.first-election.timeout.min = 5s (fallback to raft.server.rpc.timeout.min)
2023-12-26 17:43:14,078 [9041b40e-5b92-449e-aa66-a19f39177033-groupManagement] INFO  util.JmxRegister (JmxRegister.java:tryRegister(44)) - Successfully registered JMX Bean with object name Ratis:service=RaftServer,group=group-931AD61AFC41,id=9041b40e-5b92-449e-aa66-a19f39177033
2023-12-26 17:43:14,078 [9041b40e-5b92-449e-aa66-a19f39177033@group-931AD61AFC41-FollowerState] INFO  server.RaftServerConfigKeys (ConfUtils.java:logFallback(53)) - raft.server.rpc.first-election.timeout.max = 5200ms (fallback to raft.server.rpc.timeout.max)
2023-12-26 17:43:14,078 [9041b40e-5b92-449e-aa66-a19f39177033-groupManagement] INFO  server.RaftServerConfigKeys (ConfUtils.java:logGet(46)) - raft.server.snapshot.trigger-when-stop.enabled = true (default)
2023-12-26 17:43:14,079 [9041b40e-5b92-449e-aa66-a19f39177033-groupManagement] INFO  server.RaftServerConfigKeys (ConfUtils.java:logGet(46)) - raft.server.snapshot.auto.trigger.enabled = true (custom)
2023-12-26 17:43:14,079 [9041b40e-5b92-449e-aa66-a19f39177033-groupManagement] INFO  server.RaftServerConfigKeys (ConfUtils.java:logGet(46)) - raft.server.snapshot.auto.trigger.threshold = 10000 (custom)
2023-12-26 17:43:14,079 [9041b40e-5b92-449e-aa66-a19f39177033-groupManagement] INFO  server.RaftServerConfigKeys (ConfUtils.java:logGet(46)) - raft.server.snapshot.retention.file.num = 5 (custom)
2023-12-26 17:43:14,079 [9041b40e-5b92-449e-aa66-a19f39177033-groupManagement] INFO  server.RaftServerConfigKeys (ConfUtils.java:logGet(46)) - raft.server.log.purge.upto.snapshot.index = false (default)
2023-12-26 17:43:14,079 [9041b40e-5b92-449e-aa66-a19f39177033-PipelineCommandHandlerThread-0] INFO  ratis.XceiverServerRatis (XceiverServerRatis.java:addGroup(837)) - Created group PipelineID=3eaeb45c-f3cd-4275-b4c0-931ad61afc41
2023-12-26 17:43:14,084 [grpc-default-executor-2] INFO  server.RaftServer (RaftServerProxy.java:addNew(100)) - 5acb06d6-75fa-434d-a16a-f6192aa7de69: addNew group-931AD61AFC41:[5acb06d6-75fa-434d-a16a-f6192aa7de69|10.1.0.4:15264, 3d5bb137-3be5-4706-af5d-ee5f1bcd8429|10.1.0.4:15255, 9041b40e-5b92-449e-aa66-a19f39177033|10.1.0.4:15246] returns group-931AD61AFC41:java.util.concurrent.CompletableFuture@3fc4bb5f[Not completed]
2023-12-26 17:43:14,084 [5acb06d6-75fa-434d-a16a-f6192aa7de69-groupManagement] INFO  server.RaftServer$Division (RaftServerImpl.java:<init>(256)) - 5acb06d6-75fa-434d-a16a-f6192aa7de69: new RaftServerImpl for group-931AD61AFC41:[5acb06d6-75fa-434d-a16a-f6192aa7de69|10.1.0.4:15264, 3d5bb137-3be5-4706-af5d-ee5f1bcd8429|10.1.0.4:15255, 9041b40e-5b92-449e-aa66-a19f39177033|10.1.0.4:15246] with ContainerStateMachine:uninitialized
2023-12-26 17:43:14,085 [5acb06d6-75fa-434d-a16a-f6192aa7de69-groupManagement] INFO  server.RaftServerConfigKeys (ConfUtils.java:logGet(46)) - raft.server.rpc.timeout.min = 5s (custom)
2023-12-26 17:43:14,085 [5acb06d6-75fa-434d-a16a-f6192aa7de69-groupManagement] INFO  server.RaftServerConfigKeys (ConfUtils.java:logGet(46)) - raft.server.rpc.timeout.max = 5200ms (custom)
2023-12-26 17:43:14,085 [5acb06d6-75fa-434d-a16a-f6192aa7de69-groupManagement] INFO  server.RaftServerConfigKeys (ConfUtils.java:logGet(46)) - raft.server.rpc.sleep.time = 25ms (default)
2023-12-26 17:43:14,085 [5acb06d6-75fa-434d-a16a-f6192aa7de69-groupManagement] INFO  server.RaftServerConfigKeys (ConfUtils.java:logGet(46)) - raft.server.rpc.slowness.timeout = 300000ms (custom)
2023-12-26 17:43:14,085 [5acb06d6-75fa-434d-a16a-f6192aa7de69-groupManagement] INFO  server.RaftServerConfigKeys (ConfUtils.java:logGet(46)) - raft.server.leaderelection.leader.step-down.wait-time = 10s (default)
2023-12-26 17:43:14,085 [5acb06d6-75fa-434d-a16a-f6192aa7de69-groupManagement] INFO  server.RaftServerConfigKeys (ConfUtils.java:logGet(46)) - raft.server.leaderelection.member.majority-add = false (default)
2023-12-26 17:43:14,085 [5acb06d6-75fa-434d-a16a-f6192aa7de69-groupManagement] INFO  server.RaftServerConfigKeys (ConfUtils.java:logGet(46)) - raft.server.sleep.deviation.threshold = 300ms (default)
2023-12-26 17:43:14,085 [5acb06d6-75fa-434d-a16a-f6192aa7de69-groupManagement] INFO  server.RaftServer$Division (ServerState.java:<init>(113)) - 5acb06d6-75fa-434d-a16a-f6192aa7de69@group-931AD61AFC41: ConfigurationManager, init=-1: peers:[5acb06d6-75fa-434d-a16a-f6192aa7de69|10.1.0.4:15264, 3d5bb137-3be5-4706-af5d-ee5f1bcd8429|10.1.0.4:15255, 9041b40e-5b92-449e-aa66-a19f39177033|10.1.0.4:15246]|listeners:[], old=null, confs=<EMPTY_MAP>
2023-12-26 17:43:14,085 [5acb06d6-75fa-434d-a16a-f6192aa7de69-groupManagement] INFO  server.RaftServerConfigKeys (ConfUtils.java:logGet(46)) - raft.server.notification.no-leader.timeout = 300000ms (custom)
2023-12-26 17:43:14,085 [5acb06d6-75fa-434d-a16a-f6192aa7de69-groupManagement] INFO  server.RaftServerConfigKeys (ConfUtils.java:logGet(46)) - raft.server.read.timeout = 10s (default)
2023-12-26 17:43:14,085 [5acb06d6-75fa-434d-a16a-f6192aa7de69-groupManagement] INFO  server.RaftServerConfigKeys (ConfUtils.java:logGet(46)) - raft.server.retrycache.expirytime = 600000ms (custom)
2023-12-26 17:43:14,085 [5acb06d6-75fa-434d-a16a-f6192aa7de69-groupManagement] INFO  server.RaftServerConfigKeys (ConfUtils.java:logGet(46)) - raft.server.retrycache.statistics.expirytime = 100ms (default)
2023-12-26 17:43:14,085 [5acb06d6-75fa-434d-a16a-f6192aa7de69-groupManagement] INFO  server.RaftServerConfigKeys (ConfUtils.java:logGet(46)) - raft.server.read.option = DEFAULT (default)
2023-12-26 17:43:14,085 [5acb06d6-75fa-434d-a16a-f6192aa7de69-groupManagement] INFO  server.RaftServerConfigKeys (ConfUtils.java:logGet(46)) - raft.server.read.read-after-write-consistent.write-index-cache.expiry-time = 60s (default)
2023-12-26 17:43:14,086 [5acb06d6-75fa-434d-a16a-f6192aa7de69-groupManagement] INFO  server.RaftServerConfigKeys (ConfUtils.java:logGet(46)) - raft.server.rpc.request.timeout = 3000ms (default)
2023-12-26 17:43:14,086 [5acb06d6-75fa-434d-a16a-f6192aa7de69-groupManagement] INFO  server.RaftServerConfigKeys (ConfUtils.java:logGet(46)) - raft.server.log.appender.install.snapshot.enabled = false (custom)
2023-12-26 17:43:14,086 [5acb06d6-75fa-434d-a16a-f6192aa7de69-groupManagement] INFO  server.RaftServerConfigKeys (ConfUtils.java:logGet(46)) - raft.server.threadpool.server.cached = true (default)
2023-12-26 17:43:14,087 [5acb06d6-75fa-434d-a16a-f6192aa7de69-groupManagement] INFO  server.RaftServerConfigKeys (ConfUtils.java:logGet(46)) - raft.server.threadpool.server.size = 0 (default)
2023-12-26 17:43:14,087 [5acb06d6-75fa-434d-a16a-f6192aa7de69-groupManagement] INFO  server.RaftServerConfigKeys (ConfUtils.java:logGet(46)) - raft.server.threadpool.client.cached = true (default)
2023-12-26 17:43:14,087 [5acb06d6-75fa-434d-a16a-f6192aa7de69-groupManagement] INFO  server.RaftServerConfigKeys (ConfUtils.java:logGet(46)) - raft.server.threadpool.client.size = 0 (default)
2023-12-26 17:43:14,087 [5acb06d6-75fa-434d-a16a-f6192aa7de69-groupManagement] INFO  server.RaftServerConfigKeys (ConfUtils.java:logGet(46)) - raft.server.storage.free-space.min = 0MB (=0) (default)
2023-12-26 17:43:14,087 [5acb06d6-75fa-434d-a16a-f6192aa7de69-groupManagement] INFO  server.RaftServerConfigKeys (ConfUtils.java:logGet(46)) - raft.server.log.corruption.policy = EXCEPTION (default)
2023-12-26 17:43:14,087 [5acb06d6-75fa-434d-a16a-f6192aa7de69-groupManagement] INFO  server.RaftServerConfigKeys (ConfUtils.java:logGet(46)) - raft.server.storage.dir = [/home/runner/work/ozone/ozone/hadoop-ozone/integration-test/target/test-dir/MiniOzoneClusterImpl-a136b03b-8403-429e-9870-8bf85e606ef3/datanode-8/data/ratis] (custom)
2023-12-26 17:43:14,087 [5acb06d6-75fa-434d-a16a-f6192aa7de69-groupManagement] INFO  storage.RaftStorageDirectory (RaftStorageDirectoryImpl.java:analyzeStorage(138)) - The storage directory /home/runner/work/ozone/ozone/hadoop-ozone/integration-test/target/test-dir/MiniOzoneClusterImpl-a136b03b-8403-429e-9870-8bf85e606ef3/datanode-8/data/ratis/3eaeb45c-f3cd-4275-b4c0-931ad61afc41 does not exist. Creating ...
2023-12-26 17:43:14,088 [5acb06d6-75fa-434d-a16a-f6192aa7de69-groupManagement] INFO  storage.RaftStorageDirectory (RaftStorageDirectoryImpl.java:tryLock(232)) - Lock on /home/runner/work/ozone/ozone/hadoop-ozone/integration-test/target/test-dir/MiniOzoneClusterImpl-a136b03b-8403-429e-9870-8bf85e606ef3/datanode-8/data/ratis/3eaeb45c-f3cd-4275-b4c0-931ad61afc41/in_use.lock acquired by nodename 85971@fv-az1381-115
2023-12-26 17:43:14,089 [5acb06d6-75fa-434d-a16a-f6192aa7de69-groupManagement] INFO  storage.RaftStorage (RaftStorageImpl.java:format(97)) - Storage directory /home/runner/work/ozone/ozone/hadoop-ozone/integration-test/target/test-dir/MiniOzoneClusterImpl-a136b03b-8403-429e-9870-8bf85e606ef3/datanode-8/data/ratis/3eaeb45c-f3cd-4275-b4c0-931ad61afc41 has been successfully formatted.
2023-12-26 17:43:14,090 [5acb06d6-75fa-434d-a16a-f6192aa7de69-groupManagement] INFO  ratis.ContainerStateMachine (ContainerStateMachine.java:loadSnapshot(287)) - group-931AD61AFC41: The snapshot info is null. Setting the last applied indexto:(t:0, i:~)
2023-12-26 17:43:14,090 [5acb06d6-75fa-434d-a16a-f6192aa7de69-groupManagement] INFO  server.RaftServerConfigKeys (ConfUtils.java:logGet(46)) - raft.server.log.use.memory = false (default)
2023-12-26 17:43:14,091 [5acb06d6-75fa-434d-a16a-f6192aa7de69-groupManagement] INFO  server.RaftServerConfigKeys (ConfUtils.java:logGet(46)) - raft.server.log.purge.gap = 1000000 (custom)
2023-12-26 17:43:14,091 [5acb06d6-75fa-434d-a16a-f6192aa7de69-groupManagement] INFO  server.RaftServerConfigKeys (ConfUtils.java:logGet(46)) - raft.server.log.appender.buffer.byte-limit = 8388608 (custom)
2023-12-26 17:43:14,091 [5acb06d6-75fa-434d-a16a-f6192aa7de69-groupManagement] INFO  server.RaftServerConfigKeys (ConfUtils.java:logGet(46)) - raft.server.log.statemachine.data.read.timeout = 1000ms (default)
2023-12-26 17:43:14,091 [5acb06d6-75fa-434d-a16a-f6192aa7de69-groupManagement] INFO  server.RaftServerConfigKeys (ConfUtils.java:logGet(46)) - raft.server.log.purge.preservation.log.num = 0 (default)
2023-12-26 17:43:14,092 [5acb06d6-75fa-434d-a16a-f6192aa7de69-groupManagement] INFO  server.RaftServerConfigKeys (ConfUtils.java:logGet(46)) - raft.server.log.segment.size.max = 67108864 (custom)
2023-12-26 17:43:14,092 [5acb06d6-75fa-434d-a16a-f6192aa7de69-groupManagement] INFO  server.RaftServerConfigKeys (ConfUtils.java:logGet(46)) - raft.server.log.segment.cache.num.max = 2 (custom)
2023-12-26 17:43:14,092 [5acb06d6-75fa-434d-a16a-f6192aa7de69-groupManagement] INFO  server.RaftServerConfigKeys (ConfUtils.java:logGet(46)) - raft.server.log.segment.cache.size.max = 200MB (=209715200) (default)
2023-12-26 17:43:14,092 [5acb06d6-75fa-434d-a16a-f6192aa7de69-groupManagement] INFO  server.RaftServerConfigKeys (ConfUtils.java:logGet(46)) - raft.server.log.appender.buffer.byte-limit = 8388608 (custom)
2023-12-26 17:43:14,092 [5acb06d6-75fa-434d-a16a-f6192aa7de69-groupManagement] INFO  util.AwaitToRun (AwaitToRun.java:start(81)) - Thread[5acb06d6-75fa-434d-a16a-f6192aa7de69@group-931AD61AFC41-cacheEviction-AwaitToRun,5,main] started
2023-12-26 17:43:14,093 [5acb06d6-75fa-434d-a16a-f6192aa7de69-groupManagement] INFO  segmented.SegmentedRaftLogWorker (SegmentedRaftLogWorker.java:<init>(184)) - new 5acb06d6-75fa-434d-a16a-f6192aa7de69@group-931AD61AFC41-SegmentedRaftLogWorker for RaftStorageImpl:Storage Directory /home/runner/work/ozone/ozone/hadoop-ozone/integration-test/target/test-dir/MiniOzoneClusterImpl-a136b03b-8403-429e-9870-8bf85e606ef3/datanode-8/data/ratis/3eaeb45c-f3cd-4275-b4c0-931ad61afc41
2023-12-26 17:43:14,093 [5acb06d6-75fa-434d-a16a-f6192aa7de69-groupManagement] INFO  server.RaftServerConfigKeys (ConfUtils.java:logGet(46)) - raft.server.log.queue.byte-limit = 4294967296 (custom)
2023-12-26 17:43:14,093 [5acb06d6-75fa-434d-a16a-f6192aa7de69-groupManagement] INFO  server.RaftServerConfigKeys (ConfUtils.java:logGet(46)) - raft.server.log.queue.element-limit = 1024 (custom)
2023-12-26 17:43:14,093 [5acb06d6-75fa-434d-a16a-f6192aa7de69-groupManagement] INFO  server.RaftServerConfigKeys (ConfUtils.java:logGet(46)) - raft.server.log.segment.size.max = 67108864 (custom)
2023-12-26 17:43:14,093 [5acb06d6-75fa-434d-a16a-f6192aa7de69-groupManagement] INFO  server.RaftServerConfigKeys (ConfUtils.java:logGet(46)) - raft.server.log.preallocated.size = 4194304 (custom)
2023-12-26 17:43:14,093 [5acb06d6-75fa-434d-a16a-f6192aa7de69-groupManagement] INFO  server.RaftServerConfigKeys (ConfUtils.java:logGet(46)) - raft.server.log.force.sync.num = 128 (default)
2023-12-26 17:43:14,093 [5acb06d6-75fa-434d-a16a-f6192aa7de69-groupManagement] INFO  server.RaftServerConfigKeys (ConfUtils.java:logGet(46)) - raft.server.log.statemachine.data.sync = true (default)
2023-12-26 17:43:14,093 [5acb06d6-75fa-434d-a16a-f6192aa7de69-groupManagement] INFO  server.RaftServerConfigKeys (ConfUtils.java:logGet(46)) - raft.server.log.statemachine.data.sync.timeout = 10s (default)
2023-12-26 17:43:14,093 [5acb06d6-75fa-434d-a16a-f6192aa7de69-groupManagement] INFO  server.RaftServerConfigKeys (ConfUtils.java:logGet(46)) - raft.server.log.statemachine.data.sync.timeout.retry = 0 (custom)
2023-12-26 17:43:14,093 [5acb06d6-75fa-434d-a16a-f6192aa7de69-groupManagement] INFO  server.RaftServerConfigKeys (ConfUtils.java:logGet(46)) - raft.server.log.write.buffer.size = 8388616 (custom)
2023-12-26 17:43:14,095 [5acb06d6-75fa-434d-a16a-f6192aa7de69-groupManagement] INFO  server.RaftServerConfigKeys (ConfUtils.java:logGet(46)) - raft.server.log.appender.buffer.byte-limit = 8388608 (custom)
2023-12-26 17:43:14,095 [5acb06d6-75fa-434d-a16a-f6192aa7de69-groupManagement] INFO  server.RaftServerConfigKeys (ConfUtils.java:logGet(46)) - raft.server.log.unsafe-flush.enabled = false (default)
2023-12-26 17:43:14,095 [5acb06d6-75fa-434d-a16a-f6192aa7de69-groupManagement] INFO  server.RaftServerConfigKeys (ConfUtils.java:logGet(46)) - raft.server.log.async-flush.enabled = false (default)
2023-12-26 17:43:14,096 [5acb06d6-75fa-434d-a16a-f6192aa7de69-groupManagement] INFO  server.RaftServerConfigKeys (ConfUtils.java:logGet(46)) - raft.server.log.statemachine.data.caching.enabled = true (custom)
2023-12-26 17:43:14,096 [5acb06d6-75fa-434d-a16a-f6192aa7de69-groupManagement] INFO  segmented.SegmentedRaftLogWorker (SegmentedRaftLogWorker.java:lambda$new$0(135)) - 5acb06d6-75fa-434d-a16a-f6192aa7de69@group-931AD61AFC41-SegmentedRaftLogWorker: flushIndex: setUnconditionally 0 -> -1
2023-12-26 17:43:14,096 [5acb06d6-75fa-434d-a16a-f6192aa7de69-groupManagement] INFO  segmented.SegmentedRaftLogWorker (SegmentedRaftLogWorker.java:lambda$new$0(135)) - 5acb06d6-75fa-434d-a16a-f6192aa7de69@group-931AD61AFC41-SegmentedRaftLogWorker: safeCacheEvictIndex: setUnconditionally 0 -> -1
2023-12-26 17:43:14,096 [5acb06d6-75fa-434d-a16a-f6192aa7de69-groupManagement] INFO  server.RaftServer$Division (RaftServerImpl.java:start(392)) - 5acb06d6-75fa-434d-a16a-f6192aa7de69@group-931AD61AFC41: start as a follower, conf=-1: peers:[5acb06d6-75fa-434d-a16a-f6192aa7de69|10.1.0.4:15264, 3d5bb137-3be5-4706-af5d-ee5f1bcd8429|10.1.0.4:15255, 9041b40e-5b92-449e-aa66-a19f39177033|10.1.0.4:15246]|listeners:[], old=null
2023-12-26 17:43:14,096 [5acb06d6-75fa-434d-a16a-f6192aa7de69-groupManagement] INFO  server.RaftServer$Division (RaftServerImpl.java:setRole(379)) - 5acb06d6-75fa-434d-a16a-f6192aa7de69@group-931AD61AFC41: changes role from      null to FOLLOWER at term 0 for startAsFollower
2023-12-26 17:43:14,096 [5acb06d6-75fa-434d-a16a-f6192aa7de69-groupManagement] INFO  impl.RoleInfo (RoleInfo.java:updateAndGet(139)) - 5acb06d6-75fa-434d-a16a-f6192aa7de69: start 5acb06d6-75fa-434d-a16a-f6192aa7de69@group-931AD61AFC41-FollowerState
2023-12-26 17:43:14,096 [5acb06d6-75fa-434d-a16a-f6192aa7de69@group-931AD61AFC41-FollowerState] INFO  server.RaftServerConfigKeys (ConfUtils.java:logFallback(53)) - raft.server.rpc.first-election.timeout.min = 5s (fallback to raft.server.rpc.timeout.min)
2023-12-26 17:43:14,096 [5acb06d6-75fa-434d-a16a-f6192aa7de69-groupManagement] INFO  util.JmxRegister (JmxRegister.java:tryRegister(44)) - Successfully registered JMX Bean with object name Ratis:service=RaftServer,group=group-931AD61AFC41,id=5acb06d6-75fa-434d-a16a-f6192aa7de69
2023-12-26 17:43:14,096 [5acb06d6-75fa-434d-a16a-f6192aa7de69@group-931AD61AFC41-FollowerState] INFO  server.RaftServerConfigKeys (ConfUtils.java:logFallback(53)) - raft.server.rpc.first-election.timeout.max = 5200ms (fallback to raft.server.rpc.timeout.max)
2023-12-26 17:43:14,096 [5acb06d6-75fa-434d-a16a-f6192aa7de69-groupManagement] INFO  server.RaftServerConfigKeys (ConfUtils.java:logGet(46)) - raft.server.snapshot.trigger-when-stop.enabled = true (default)
2023-12-26 17:43:14,097 [5acb06d6-75fa-434d-a16a-f6192aa7de69-groupManagement] INFO  server.RaftServerConfigKeys (ConfUtils.java:logGet(46)) - raft.server.snapshot.auto.trigger.enabled = true (custom)
2023-12-26 17:43:14,097 [5acb06d6-75fa-434d-a16a-f6192aa7de69-groupManagement] INFO  server.RaftServerConfigKeys (ConfUtils.java:logGet(46)) - raft.server.snapshot.auto.trigger.threshold = 10000 (custom)
2023-12-26 17:43:14,097 [5acb06d6-75fa-434d-a16a-f6192aa7de69-groupManagement] INFO  server.RaftServerConfigKeys (ConfUtils.java:logGet(46)) - raft.server.snapshot.retention.file.num = 5 (custom)
2023-12-26 17:43:14,097 [5acb06d6-75fa-434d-a16a-f6192aa7de69-groupManagement] INFO  server.RaftServerConfigKeys (ConfUtils.java:logGet(46)) - raft.server.log.purge.upto.snapshot.index = false (default)
2023-12-26 17:43:14,105 [grpc-default-executor-2] INFO  server.RaftServer (RaftServerProxy.java:addNew(100)) - 3d5bb137-3be5-4706-af5d-ee5f1bcd8429: addNew group-931AD61AFC41:[5acb06d6-75fa-434d-a16a-f6192aa7de69|10.1.0.4:15264, 3d5bb137-3be5-4706-af5d-ee5f1bcd8429|10.1.0.4:15255, 9041b40e-5b92-449e-aa66-a19f39177033|10.1.0.4:15246] returns group-931AD61AFC41:java.util.concurrent.CompletableFuture@dd70df2[Not completed]
2023-12-26 17:43:14,105 [3d5bb137-3be5-4706-af5d-ee5f1bcd8429-groupManagement] INFO  server.RaftServer$Division (RaftServerImpl.java:<init>(256)) - 3d5bb137-3be5-4706-af5d-ee5f1bcd8429: new RaftServerImpl for group-931AD61AFC41:[5acb06d6-75fa-434d-a16a-f6192aa7de69|10.1.0.4:15264, 3d5bb137-3be5-4706-af5d-ee5f1bcd8429|10.1.0.4:15255, 9041b40e-5b92-449e-aa66-a19f39177033|10.1.0.4:15246] with ContainerStateMachine:uninitialized
2023-12-26 17:43:14,106 [3d5bb137-3be5-4706-af5d-ee5f1bcd8429-groupManagement] INFO  server.RaftServerConfigKeys (ConfUtils.java:logGet(46)) - raft.server.rpc.timeout.min = 5s (custom)
2023-12-26 17:43:14,106 [3d5bb137-3be5-4706-af5d-ee5f1bcd8429-groupManagement] INFO  server.RaftServerConfigKeys (ConfUtils.java:logGet(46)) - raft.server.rpc.timeout.max = 5200ms (custom)
2023-12-26 17:43:14,106 [3d5bb137-3be5-4706-af5d-ee5f1bcd8429-groupManagement] INFO  server.RaftServerConfigKeys (ConfUtils.java:logGet(46)) - raft.server.rpc.sleep.time = 25ms (default)
2023-12-26 17:43:14,106 [3d5bb137-3be5-4706-af5d-ee5f1bcd8429-groupManagement] INFO  server.RaftServerConfigKeys (ConfUtils.java:logGet(46)) - raft.server.rpc.slowness.timeout = 300000ms (custom)
2023-12-26 17:43:14,106 [3d5bb137-3be5-4706-af5d-ee5f1bcd8429-groupManagement] INFO  server.RaftServerConfigKeys (ConfUtils.java:logGet(46)) - raft.server.leaderelection.leader.step-down.wait-time = 10s (default)
2023-12-26 17:43:14,106 [3d5bb137-3be5-4706-af5d-ee5f1bcd8429-groupManagement] INFO  server.RaftServerConfigKeys (ConfUtils.java:logGet(46)) - raft.server.leaderelection.member.majority-add = false (default)
2023-12-26 17:43:14,106 [3d5bb137-3be5-4706-af5d-ee5f1bcd8429-groupManagement] INFO  server.RaftServerConfigKeys (ConfUtils.java:logGet(46)) - raft.server.sleep.deviation.threshold = 300ms (default)
2023-12-26 17:43:14,106 [3d5bb137-3be5-4706-af5d-ee5f1bcd8429-groupManagement] INFO  server.RaftServer$Division (ServerState.java:<init>(113)) - 3d5bb137-3be5-4706-af5d-ee5f1bcd8429@group-931AD61AFC41: ConfigurationManager, init=-1: peers:[5acb06d6-75fa-434d-a16a-f6192aa7de69|10.1.0.4:15264, 3d5bb137-3be5-4706-af5d-ee5f1bcd8429|10.1.0.4:15255, 9041b40e-5b92-449e-aa66-a19f39177033|10.1.0.4:15246]|listeners:[], old=null, confs=<EMPTY_MAP>
2023-12-26 17:43:14,106 [3d5bb137-3be5-4706-af5d-ee5f1bcd8429-groupManagement] INFO  server.RaftServerConfigKeys (ConfUtils.java:logGet(46)) - raft.server.notification.no-leader.timeout = 300000ms (custom)
2023-12-26 17:43:14,106 [3d5bb137-3be5-4706-af5d-ee5f1bcd8429-groupManagement] INFO  server.RaftServerConfigKeys (ConfUtils.java:logGet(46)) - raft.server.read.timeout = 10s (default)
2023-12-26 17:43:14,106 [3d5bb137-3be5-4706-af5d-ee5f1bcd8429-groupManagement] INFO  server.RaftServerConfigKeys (ConfUtils.java:logGet(46)) - raft.server.retrycache.expirytime = 600000ms (custom)
2023-12-26 17:43:14,106 [3d5bb137-3be5-4706-af5d-ee5f1bcd8429-groupManagement] INFO  server.RaftServerConfigKeys (ConfUtils.java:logGet(46)) - raft.server.retrycache.statistics.expirytime = 100ms (default)
2023-12-26 17:43:14,106 [3d5bb137-3be5-4706-af5d-ee5f1bcd8429-groupManagement] INFO  server.RaftServerConfigKeys (ConfUtils.java:logGet(46)) - raft.server.read.option = DEFAULT (default)
2023-12-26 17:43:14,106 [3d5bb137-3be5-4706-af5d-ee5f1bcd8429-groupManagement] INFO  server.RaftServerConfigKeys (ConfUtils.java:logGet(46)) - raft.server.read.read-after-write-consistent.write-index-cache.expiry-time = 60s (default)
2023-12-26 17:43:14,108 [3d5bb137-3be5-4706-af5d-ee5f1bcd8429-groupManagement] INFO  server.RaftServerConfigKeys (ConfUtils.java:logGet(46)) - raft.server.rpc.request.timeout = 3000ms (default)
2023-12-26 17:43:14,108 [3d5bb137-3be5-4706-af5d-ee5f1bcd8429-groupManagement] INFO  server.RaftServerConfigKeys (ConfUtils.java:logGet(46)) - raft.server.log.appender.install.snapshot.enabled = false (custom)
2023-12-26 17:43:14,108 [3d5bb137-3be5-4706-af5d-ee5f1bcd8429-groupManagement] INFO  server.RaftServerConfigKeys (ConfUtils.java:logGet(46)) - raft.server.threadpool.server.cached = true (default)
2023-12-26 17:43:14,108 [3d5bb137-3be5-4706-af5d-ee5f1bcd8429-groupManagement] INFO  server.RaftServerConfigKeys (ConfUtils.java:logGet(46)) - raft.server.threadpool.server.size = 0 (default)
2023-12-26 17:43:14,108 [3d5bb137-3be5-4706-af5d-ee5f1bcd8429-groupManagement] INFO  server.RaftServerConfigKeys (ConfUtils.java:logGet(46)) - raft.server.threadpool.client.cached = true (default)
2023-12-26 17:43:14,108 [3d5bb137-3be5-4706-af5d-ee5f1bcd8429-groupManagement] INFO  server.RaftServerConfigKeys (ConfUtils.java:logGet(46)) - raft.server.threadpool.client.size = 0 (default)
2023-12-26 17:43:14,108 [3d5bb137-3be5-4706-af5d-ee5f1bcd8429-groupManagement] INFO  server.RaftServerConfigKeys (ConfUtils.java:logGet(46)) - raft.server.storage.free-space.min = 0MB (=0) (default)
2023-12-26 17:43:14,108 [3d5bb137-3be5-4706-af5d-ee5f1bcd8429-groupManagement] INFO  server.RaftServerConfigKeys (ConfUtils.java:logGet(46)) - raft.server.log.corruption.policy = EXCEPTION (default)
2023-12-26 17:43:14,108 [3d5bb137-3be5-4706-af5d-ee5f1bcd8429-groupManagement] INFO  server.RaftServerConfigKeys (ConfUtils.java:logGet(46)) - raft.server.storage.dir = [/home/runner/work/ozone/ozone/hadoop-ozone/integration-test/target/test-dir/MiniOzoneClusterImpl-a136b03b-8403-429e-9870-8bf85e606ef3/datanode-7/data/ratis] (custom)
2023-12-26 17:43:14,109 [3d5bb137-3be5-4706-af5d-ee5f1bcd8429-groupManagement] INFO  storage.RaftStorageDirectory (RaftStorageDirectoryImpl.java:analyzeStorage(138)) - The storage directory /home/runner/work/ozone/ozone/hadoop-ozone/integration-test/target/test-dir/MiniOzoneClusterImpl-a136b03b-8403-429e-9870-8bf85e606ef3/datanode-7/data/ratis/3eaeb45c-f3cd-4275-b4c0-931ad61afc41 does not exist. Creating ...
2023-12-26 17:43:14,110 [3d5bb137-3be5-4706-af5d-ee5f1bcd8429-groupManagement] INFO  storage.RaftStorageDirectory (RaftStorageDirectoryImpl.java:tryLock(232)) - Lock on /home/runner/work/ozone/ozone/hadoop-ozone/integration-test/target/test-dir/MiniOzoneClusterImpl-a136b03b-8403-429e-9870-8bf85e606ef3/datanode-7/data/ratis/3eaeb45c-f3cd-4275-b4c0-931ad61afc41/in_use.lock acquired by nodename 85971@fv-az1381-115
2023-12-26 17:43:14,110 [3d5bb137-3be5-4706-af5d-ee5f1bcd8429-groupManagement] INFO  storage.RaftStorage (RaftStorageImpl.java:format(97)) - Storage directory /home/runner/work/ozone/ozone/hadoop-ozone/integration-test/target/test-dir/MiniOzoneClusterImpl-a136b03b-8403-429e-9870-8bf85e606ef3/datanode-7/data/ratis/3eaeb45c-f3cd-4275-b4c0-931ad61afc41 has been successfully formatted.
2023-12-26 17:43:14,111 [3d5bb137-3be5-4706-af5d-ee5f1bcd8429-groupManagement] INFO  ratis.ContainerStateMachine (ContainerStateMachine.java:loadSnapshot(287)) - group-931AD61AFC41: The snapshot info is null. Setting the last applied indexto:(t:0, i:~)
2023-12-26 17:43:14,111 [3d5bb137-3be5-4706-af5d-ee5f1bcd8429-groupManagement] INFO  server.RaftServerConfigKeys (ConfUtils.java:logGet(46)) - raft.server.log.use.memory = false (default)
2023-12-26 17:43:14,112 [3d5bb137-3be5-4706-af5d-ee5f1bcd8429-groupManagement] INFO  server.RaftServerConfigKeys (ConfUtils.java:logGet(46)) - raft.server.log.purge.gap = 1000000 (custom)
2023-12-26 17:43:14,112 [3d5bb137-3be5-4706-af5d-ee5f1bcd8429-groupManagement] INFO  server.RaftServerConfigKeys (ConfUtils.java:logGet(46)) - raft.server.log.appender.buffer.byte-limit = 8388608 (custom)
2023-12-26 17:43:14,112 [3d5bb137-3be5-4706-af5d-ee5f1bcd8429-groupManagement] INFO  server.RaftServerConfigKeys (ConfUtils.java:logGet(46)) - raft.server.log.statemachine.data.read.timeout = 1000ms (default)
2023-12-26 17:43:14,112 [3d5bb137-3be5-4706-af5d-ee5f1bcd8429-groupManagement] INFO  server.RaftServerConfigKeys (ConfUtils.java:logGet(46)) - raft.server.log.purge.preservation.log.num = 0 (default)
2023-12-26 17:43:14,113 [3d5bb137-3be5-4706-af5d-ee5f1bcd8429-groupManagement] INFO  server.RaftServerConfigKeys (ConfUtils.java:logGet(46)) - raft.server.log.segment.size.max = 67108864 (custom)
2023-12-26 17:43:14,114 [3d5bb137-3be5-4706-af5d-ee5f1bcd8429-groupManagement] INFO  server.RaftServerConfigKeys (ConfUtils.java:logGet(46)) - raft.server.log.segment.cache.num.max = 2 (custom)
2023-12-26 17:43:14,114 [3d5bb137-3be5-4706-af5d-ee5f1bcd8429-groupManagement] INFO  server.RaftServerConfigKeys (ConfUtils.java:logGet(46)) - raft.server.log.segment.cache.size.max = 200MB (=209715200) (default)
2023-12-26 17:43:14,114 [3d5bb137-3be5-4706-af5d-ee5f1bcd8429-groupManagement] INFO  server.RaftServerConfigKeys (ConfUtils.java:logGet(46)) - raft.server.log.appender.buffer.byte-limit = 8388608 (custom)
2023-12-26 17:43:14,114 [3d5bb137-3be5-4706-af5d-ee5f1bcd8429-groupManagement] INFO  util.AwaitToRun (AwaitToRun.java:start(81)) - Thread[3d5bb137-3be5-4706-af5d-ee5f1bcd8429@group-931AD61AFC41-cacheEviction-AwaitToRun,5,main] started
2023-12-26 17:43:14,114 [3d5bb137-3be5-4706-af5d-ee5f1bcd8429-groupManagement] INFO  segmented.SegmentedRaftLogWorker (SegmentedRaftLogWorker.java:<init>(184)) - new 3d5bb137-3be5-4706-af5d-ee5f1bcd8429@group-931AD61AFC41-SegmentedRaftLogWorker for RaftStorageImpl:Storage Directory /home/runner/work/ozone/ozone/hadoop-ozone/integration-test/target/test-dir/MiniOzoneClusterImpl-a136b03b-8403-429e-9870-8bf85e606ef3/datanode-7/data/ratis/3eaeb45c-f3cd-4275-b4c0-931ad61afc41
2023-12-26 17:43:14,114 [3d5bb137-3be5-4706-af5d-ee5f1bcd8429-groupManagement] INFO  server.RaftServerConfigKeys (ConfUtils.java:logGet(46)) - raft.server.log.queue.byte-limit = 4294967296 (custom)
2023-12-26 17:43:14,114 [3d5bb137-3be5-4706-af5d-ee5f1bcd8429-groupManagement] INFO  server.RaftServerConfigKeys (ConfUtils.java:logGet(46)) - raft.server.log.queue.element-limit = 1024 (custom)
2023-12-26 17:43:14,114 [3d5bb137-3be5-4706-af5d-ee5f1bcd8429-groupManagement] INFO  server.RaftServerConfigKeys (ConfUtils.java:logGet(46)) - raft.server.log.segment.size.max = 67108864 (custom)
2023-12-26 17:43:14,114 [3d5bb137-3be5-4706-af5d-ee5f1bcd8429-groupManagement] INFO  server.RaftServerConfigKeys (ConfUtils.java:logGet(46)) - raft.server.log.preallocated.size = 4194304 (custom)
2023-12-26 17:43:14,114 [3d5bb137-3be5-4706-af5d-ee5f1bcd8429-groupManagement] INFO  server.RaftServerConfigKeys (ConfUtils.java:logGet(46)) - raft.server.log.force.sync.num = 128 (default)
2023-12-26 17:43:14,114 [3d5bb137-3be5-4706-af5d-ee5f1bcd8429-groupManagement] INFO  server.RaftServerConfigKeys (ConfUtils.java:logGet(46)) - raft.server.log.statemachine.data.sync = true (default)
2023-12-26 17:43:14,114 [3d5bb137-3be5-4706-af5d-ee5f1bcd8429-groupManagement] INFO  server.RaftServerConfigKeys (ConfUtils.java:logGet(46)) - raft.server.log.statemachine.data.sync.timeout = 10s (default)
2023-12-26 17:43:14,114 [3d5bb137-3be5-4706-af5d-ee5f1bcd8429-groupManagement] INFO  server.RaftServerConfigKeys (ConfUtils.java:logGet(46)) - raft.server.log.statemachine.data.sync.timeout.retry = 0 (custom)
2023-12-26 17:43:14,114 [3d5bb137-3be5-4706-af5d-ee5f1bcd8429-groupManagement] INFO  server.RaftServerConfigKeys (ConfUtils.java:logGet(46)) - raft.server.log.write.buffer.size = 8388616 (custom)
2023-12-26 17:43:14,116 [3d5bb137-3be5-4706-af5d-ee5f1bcd8429-groupManagement] INFO  server.RaftServerConfigKeys (ConfUtils.java:logGet(46)) - raft.server.log.appender.buffer.byte-limit = 8388608 (custom)
2023-12-26 17:43:14,116 [3d5bb137-3be5-4706-af5d-ee5f1bcd8429-groupManagement] INFO  server.RaftServerConfigKeys (ConfUtils.java:logGet(46)) - raft.server.log.unsafe-flush.enabled = false (default)
2023-12-26 17:43:14,116 [3d5bb137-3be5-4706-af5d-ee5f1bcd8429-groupManagement] INFO  server.RaftServerConfigKeys (ConfUtils.java:logGet(46)) - raft.server.log.async-flush.enabled = false (default)
2023-12-26 17:43:14,116 [3d5bb137-3be5-4706-af5d-ee5f1bcd8429-groupManagement] INFO  server.RaftServerConfigKeys (ConfUtils.java:logGet(46)) - raft.server.log.statemachine.data.caching.enabled = true (custom)
2023-12-26 17:43:14,116 [3d5bb137-3be5-4706-af5d-ee5f1bcd8429-groupManagement] INFO  segmented.SegmentedRaftLogWorker (SegmentedRaftLogWorker.java:lambda$new$0(135)) - 3d5bb137-3be5-4706-af5d-ee5f1bcd8429@group-931AD61AFC41-SegmentedRaftLogWorker: flushIndex: setUnconditionally 0 -> -1
2023-12-26 17:43:14,116 [3d5bb137-3be5-4706-af5d-ee5f1bcd8429-groupManagement] INFO  segmented.SegmentedRaftLogWorker (SegmentedRaftLogWorker.java:lambda$new$0(135)) - 3d5bb137-3be5-4706-af5d-ee5f1bcd8429@group-931AD61AFC41-SegmentedRaftLogWorker: safeCacheEvictIndex: setUnconditionally 0 -> -1
2023-12-26 17:43:14,117 [3d5bb137-3be5-4706-af5d-ee5f1bcd8429-groupManagement] INFO  server.RaftServer$Division (RaftServerImpl.java:start(392)) - 3d5bb137-3be5-4706-af5d-ee5f1bcd8429@group-931AD61AFC41: start as a follower, conf=-1: peers:[5acb06d6-75fa-434d-a16a-f6192aa7de69|10.1.0.4:15264, 3d5bb137-3be5-4706-af5d-ee5f1bcd8429|10.1.0.4:15255, 9041b40e-5b92-449e-aa66-a19f39177033|10.1.0.4:15246]|listeners:[], old=null
2023-12-26 17:43:14,117 [3d5bb137-3be5-4706-af5d-ee5f1bcd8429-groupManagement] INFO  server.RaftServer$Division (RaftServerImpl.java:setRole(379)) - 3d5bb137-3be5-4706-af5d-ee5f1bcd8429@group-931AD61AFC41: changes role from      null to FOLLOWER at term 0 for startAsFollower
2023-12-26 17:43:14,117 [3d5bb137-3be5-4706-af5d-ee5f1bcd8429-groupManagement] INFO  impl.RoleInfo (RoleInfo.java:updateAndGet(139)) - 3d5bb137-3be5-4706-af5d-ee5f1bcd8429: start 3d5bb137-3be5-4706-af5d-ee5f1bcd8429@group-931AD61AFC41-FollowerState
2023-12-26 17:43:14,117 [3d5bb137-3be5-4706-af5d-ee5f1bcd8429@group-931AD61AFC41-FollowerState] INFO  server.RaftServerConfigKeys (ConfUtils.java:logFallback(53)) - raft.server.rpc.first-election.timeout.min = 5s (fallback to raft.server.rpc.timeout.min)
2023-12-26 17:43:14,117 [3d5bb137-3be5-4706-af5d-ee5f1bcd8429-groupManagement] INFO  util.JmxRegister (JmxRegister.java:tryRegister(44)) - Successfully registered JMX Bean with object name Ratis:service=RaftServer,group=group-931AD61AFC41,id=3d5bb137-3be5-4706-af5d-ee5f1bcd8429
2023-12-26 17:43:14,117 [3d5bb137-3be5-4706-af5d-ee5f1bcd8429@group-931AD61AFC41-FollowerState] INFO  server.RaftServerConfigKeys (ConfUtils.java:logFallback(53)) - raft.server.rpc.first-election.timeout.max = 5200ms (fallback to raft.server.rpc.timeout.max)
2023-12-26 17:43:14,117 [3d5bb137-3be5-4706-af5d-ee5f1bcd8429-groupManagement] INFO  server.RaftServerConfigKeys (ConfUtils.java:logGet(46)) - raft.server.snapshot.trigger-when-stop.enabled = true (default)
2023-12-26 17:43:14,117 [3d5bb137-3be5-4706-af5d-ee5f1bcd8429-groupManagement] INFO  server.RaftServerConfigKeys (ConfUtils.java:logGet(46)) - raft.server.snapshot.auto.trigger.enabled = true (custom)
2023-12-26 17:43:14,117 [3d5bb137-3be5-4706-af5d-ee5f1bcd8429-groupManagement] INFO  server.RaftServerConfigKeys (ConfUtils.java:logGet(46)) - raft.server.snapshot.auto.trigger.threshold = 10000 (custom)
2023-12-26 17:43:14,117 [3d5bb137-3be5-4706-af5d-ee5f1bcd8429-groupManagement] INFO  server.RaftServerConfigKeys (ConfUtils.java:logGet(46)) - raft.server.snapshot.retention.file.num = 5 (custom)
2023-12-26 17:43:14,117 [3d5bb137-3be5-4706-af5d-ee5f1bcd8429-groupManagement] INFO  server.RaftServerConfigKeys (ConfUtils.java:logGet(46)) - raft.server.log.purge.upto.snapshot.index = false (default)
2023-12-26 17:43:14,120 [9041b40e-5b92-449e-aa66-a19f39177033-PipelineCommandHandlerThread-0] INFO  commandhandler.CreatePipelineCommandHandler (CreatePipelineCommandHandler.java:lambda$handle$2(124)) - Created Pipeline RATIS THREE PipelineID=3eaeb45c-f3cd-4275-b4c0-931ad61afc41.
2023-12-26 17:43:14,165 [3d5bb137-3be5-4706-af5d-ee5f1bcd8429-PipelineCommandHandlerThread-0] INFO  server.RaftServer (RaftServerProxy.java:addNew(100)) - 3d5bb137-3be5-4706-af5d-ee5f1bcd8429: addNew group-0A8A5E6E88AA:[3d5bb137-3be5-4706-af5d-ee5f1bcd8429|10.1.0.4:15255] returns group-0A8A5E6E88AA:java.util.concurrent.CompletableFuture@45762c76[Not completed]
2023-12-26 17:43:14,166 [3d5bb137-3be5-4706-af5d-ee5f1bcd8429-groupManagement] INFO  server.RaftServer$Division (RaftServerImpl.java:<init>(256)) - 3d5bb137-3be5-4706-af5d-ee5f1bcd8429: new RaftServerImpl for group-0A8A5E6E88AA:[3d5bb137-3be5-4706-af5d-ee5f1bcd8429|10.1.0.4:15255] with ContainerStateMachine:uninitialized
2023-12-26 17:43:14,166 [3d5bb137-3be5-4706-af5d-ee5f1bcd8429-groupManagement] INFO  server.RaftServerConfigKeys (ConfUtils.java:logGet(46)) - raft.server.rpc.timeout.min = 5s (custom)
2023-12-26 17:43:14,166 [3d5bb137-3be5-4706-af5d-ee5f1bcd8429-groupManagement] INFO  server.RaftServerConfigKeys (ConfUtils.java:logGet(46)) - raft.server.rpc.timeout.max = 5200ms (custom)
2023-12-26 17:43:14,166 [3d5bb137-3be5-4706-af5d-ee5f1bcd8429-groupManagement] INFO  server.RaftServerConfigKeys (ConfUtils.java:logGet(46)) - raft.server.rpc.sleep.time = 25ms (default)
2023-12-26 17:43:14,166 [3d5bb137-3be5-4706-af5d-ee5f1bcd8429-groupManagement] INFO  server.RaftServerConfigKeys (ConfUtils.java:logGet(46)) - raft.server.rpc.slowness.timeout = 300000ms (custom)
2023-12-26 17:43:14,166 [3d5bb137-3be5-4706-af5d-ee5f1bcd8429-groupManagement] INFO  server.RaftServerConfigKeys (ConfUtils.java:logGet(46)) - raft.server.leaderelection.leader.step-down.wait-time = 10s (default)
2023-12-26 17:43:14,166 [3d5bb137-3be5-4706-af5d-ee5f1bcd8429-groupManagement] INFO  server.RaftServerConfigKeys (ConfUtils.java:logGet(46)) - raft.server.leaderelection.member.majority-add = false (default)
2023-12-26 17:43:14,166 [3d5bb137-3be5-4706-af5d-ee5f1bcd8429-groupManagement] INFO  server.RaftServerConfigKeys (ConfUtils.java:logGet(46)) - raft.server.sleep.deviation.threshold = 300ms (default)
2023-12-26 17:43:14,166 [3d5bb137-3be5-4706-af5d-ee5f1bcd8429-groupManagement] INFO  server.RaftServer$Division (ServerState.java:<init>(113)) - 3d5bb137-3be5-4706-af5d-ee5f1bcd8429@group-0A8A5E6E88AA: ConfigurationManager, init=-1: peers:[3d5bb137-3be5-4706-af5d-ee5f1bcd8429|10.1.0.4:15255]|listeners:[], old=null, confs=<EMPTY_MAP>
2023-12-26 17:43:14,166 [3d5bb137-3be5-4706-af5d-ee5f1bcd8429-groupManagement] INFO  server.RaftServerConfigKeys (ConfUtils.java:logGet(46)) - raft.server.notification.no-leader.timeout = 300000ms (custom)
2023-12-26 17:43:14,166 [3d5bb137-3be5-4706-af5d-ee5f1bcd8429-groupManagement] INFO  server.RaftServerConfigKeys (ConfUtils.java:logGet(46)) - raft.server.read.timeout = 10s (default)
2023-12-26 17:43:14,166 [3d5bb137-3be5-4706-af5d-ee5f1bcd8429-groupManagement] INFO  server.RaftServerConfigKeys (ConfUtils.java:logGet(46)) - raft.server.retrycache.expirytime = 600000ms (custom)
2023-12-26 17:43:14,167 [3d5bb137-3be5-4706-af5d-ee5f1bcd8429-groupManagement] INFO  server.RaftServerConfigKeys (ConfUtils.java:logGet(46)) - raft.server.retrycache.statistics.expirytime = 100ms (default)
2023-12-26 17:43:14,167 [3d5bb137-3be5-4706-af5d-ee5f1bcd8429-groupManagement] INFO  server.RaftServerConfigKeys (ConfUtils.java:logGet(46)) - raft.server.read.option = DEFAULT (default)
2023-12-26 17:43:14,167 [3d5bb137-3be5-4706-af5d-ee5f1bcd8429-groupManagement] INFO  server.RaftServerConfigKeys (ConfUtils.java:logGet(46)) - raft.server.read.read-after-write-consistent.write-index-cache.expiry-time = 60s (default)
2023-12-26 17:43:14,169 [3d5bb137-3be5-4706-af5d-ee5f1bcd8429-groupManagement] INFO  server.RaftServerConfigKeys (ConfUtils.java:logGet(46)) - raft.server.rpc.request.timeout = 3000ms (default)
2023-12-26 17:43:14,169 [3d5bb137-3be5-4706-af5d-ee5f1bcd8429-groupManagement] INFO  server.RaftServerConfigKeys (ConfUtils.java:logGet(46)) - raft.server.log.appender.install.snapshot.enabled = false (custom)
2023-12-26 17:43:14,169 [3d5bb137-3be5-4706-af5d-ee5f1bcd8429-groupManagement] INFO  server.RaftServerConfigKeys (ConfUtils.java:logGet(46)) - raft.server.threadpool.server.cached = true (default)
2023-12-26 17:43:14,169 [3d5bb137-3be5-4706-af5d-ee5f1bcd8429-groupManagement] INFO  server.RaftServerConfigKeys (ConfUtils.java:logGet(46)) - raft.server.threadpool.server.size = 0 (default)
2023-12-26 17:43:14,169 [3d5bb137-3be5-4706-af5d-ee5f1bcd8429-groupManagement] INFO  server.RaftServerConfigKeys (ConfUtils.java:logGet(46)) - raft.server.threadpool.client.cached = true (default)
2023-12-26 17:43:14,169 [3d5bb137-3be5-4706-af5d-ee5f1bcd8429-groupManagement] INFO  server.RaftServerConfigKeys (ConfUtils.java:logGet(46)) - raft.server.threadpool.client.size = 0 (default)
2023-12-26 17:43:14,169 [3d5bb137-3be5-4706-af5d-ee5f1bcd8429-groupManagement] INFO  server.RaftServerConfigKeys (ConfUtils.java:logGet(46)) - raft.server.storage.free-space.min = 0MB (=0) (default)
2023-12-26 17:43:14,169 [3d5bb137-3be5-4706-af5d-ee5f1bcd8429-groupManagement] INFO  server.RaftServerConfigKeys (ConfUtils.java:logGet(46)) - raft.server.log.corruption.policy = EXCEPTION (default)
2023-12-26 17:43:14,169 [3d5bb137-3be5-4706-af5d-ee5f1bcd8429-groupManagement] INFO  server.RaftServerConfigKeys (ConfUtils.java:logGet(46)) - raft.server.storage.dir = [/home/runner/work/ozone/ozone/hadoop-ozone/integration-test/target/test-dir/MiniOzoneClusterImpl-a136b03b-8403-429e-9870-8bf85e606ef3/datanode-7/data/ratis] (custom)
2023-12-26 17:43:14,169 [3d5bb137-3be5-4706-af5d-ee5f1bcd8429-groupManagement] INFO  storage.RaftStorageDirectory (RaftStorageDirectoryImpl.java:analyzeStorage(138)) - The storage directory /home/runner/work/ozone/ozone/hadoop-ozone/integration-test/target/test-dir/MiniOzoneClusterImpl-a136b03b-8403-429e-9870-8bf85e606ef3/datanode-7/data/ratis/63b1238d-2c26-4fc2-9e47-0a8a5e6e88aa does not exist. Creating ...
2023-12-26 17:43:14,171 [3d5bb137-3be5-4706-af5d-ee5f1bcd8429-groupManagement] INFO  storage.RaftStorageDirectory (RaftStorageDirectoryImpl.java:tryLock(232)) - Lock on /home/runner/work/ozone/ozone/hadoop-ozone/integration-test/target/test-dir/MiniOzoneClusterImpl-a136b03b-8403-429e-9870-8bf85e606ef3/datanode-7/data/ratis/63b1238d-2c26-4fc2-9e47-0a8a5e6e88aa/in_use.lock acquired by nodename 85971@fv-az1381-115
2023-12-26 17:43:14,172 [3d5bb137-3be5-4706-af5d-ee5f1bcd8429-groupManagement] INFO  storage.RaftStorage (RaftStorageImpl.java:format(97)) - Storage directory /home/runner/work/ozone/ozone/hadoop-ozone/integration-test/target/test-dir/MiniOzoneClusterImpl-a136b03b-8403-429e-9870-8bf85e606ef3/datanode-7/data/ratis/63b1238d-2c26-4fc2-9e47-0a8a5e6e88aa has been successfully formatted.
2023-12-26 17:43:14,172 [3d5bb137-3be5-4706-af5d-ee5f1bcd8429-groupManagement] INFO  ratis.ContainerStateMachine (ContainerStateMachine.java:loadSnapshot(287)) - group-0A8A5E6E88AA: The snapshot info is null. Setting the last applied indexto:(t:0, i:~)
2023-12-26 17:43:14,172 [3d5bb137-3be5-4706-af5d-ee5f1bcd8429-groupManagement] INFO  server.RaftServerConfigKeys (ConfUtils.java:logGet(46)) - raft.server.log.use.memory = false (default)
2023-12-26 17:43:14,172 [3d5bb137-3be5-4706-af5d-ee5f1bcd8429-groupManagement] INFO  server.RaftServerConfigKeys (ConfUtils.java:logGet(46)) - raft.server.log.purge.gap = 1000000 (custom)
2023-12-26 17:43:14,172 [3d5bb137-3be5-4706-af5d-ee5f1bcd8429-groupManagement] INFO  server.RaftServerConfigKeys (ConfUtils.java:logGet(46)) - raft.server.log.appender.buffer.byte-limit = 8388608 (custom)
2023-12-26 17:43:14,172 [3d5bb137-3be5-4706-af5d-ee5f1bcd8429-groupManagement] INFO  server.RaftServerConfigKeys (ConfUtils.java:logGet(46)) - raft.server.log.statemachine.data.read.timeout = 1000ms (default)
2023-12-26 17:43:14,173 [3d5bb137-3be5-4706-af5d-ee5f1bcd8429-groupManagement] INFO  server.RaftServerConfigKeys (ConfUtils.java:logGet(46)) - raft.server.log.purge.preservation.log.num = 0 (default)
2023-12-26 17:43:14,173 [EventQueue-PipelineReportForPipelineReportHandler] INFO  pipeline.PipelineReportHandler (PipelineReportHandler.java:processPipelineReport(136)) - Opened pipeline PipelineID=63b1238d-2c26-4fc2-9e47-0a8a5e6e88aa
2023-12-26 17:43:14,174 [EventQueue-OpenPipelineForHealthyPipelineSafeModeRule] INFO  safemode.SCMSafeModeManager (HealthyPipelineSafeModeRule.java:process(140)) - SCM in safe mode. Healthy pipelines reported count is 0, required healthy pipeline reported count is 1
2023-12-26 17:43:14,174 [3d5bb137-3be5-4706-af5d-ee5f1bcd8429-groupManagement] INFO  server.RaftServerConfigKeys (ConfUtils.java:logGet(46)) - raft.server.log.segment.size.max = 67108864 (custom)
2023-12-26 17:43:14,174 [3d5bb137-3be5-4706-af5d-ee5f1bcd8429-groupManagement] INFO  server.RaftServerConfigKeys (ConfUtils.java:logGet(46)) - raft.server.log.segment.cache.num.max = 2 (custom)
2023-12-26 17:43:14,174 [3d5bb137-3be5-4706-af5d-ee5f1bcd8429-groupManagement] INFO  server.RaftServerConfigKeys (ConfUtils.java:logGet(46)) - raft.server.log.segment.cache.size.max = 200MB (=209715200) (default)
2023-12-26 17:43:14,174 [3d5bb137-3be5-4706-af5d-ee5f1bcd8429-groupManagement] INFO  server.RaftServerConfigKeys (ConfUtils.java:logGet(46)) - raft.server.log.appender.buffer.byte-limit = 8388608 (custom)
2023-12-26 17:43:14,174 [3d5bb137-3be5-4706-af5d-ee5f1bcd8429-groupManagement] INFO  util.AwaitToRun (AwaitToRun.java:start(81)) - Thread[3d5bb137-3be5-4706-af5d-ee5f1bcd8429@group-0A8A5E6E88AA-cacheEviction-AwaitToRun,5,main] started
2023-12-26 17:43:14,174 [3d5bb137-3be5-4706-af5d-ee5f1bcd8429-groupManagement] INFO  segmented.SegmentedRaftLogWorker (SegmentedRaftLogWorker.java:<init>(184)) - new 3d5bb137-3be5-4706-af5d-ee5f1bcd8429@group-0A8A5E6E88AA-SegmentedRaftLogWorker for RaftStorageImpl:Storage Directory /home/runner/work/ozone/ozone/hadoop-ozone/integration-test/target/test-dir/MiniOzoneClusterImpl-a136b03b-8403-429e-9870-8bf85e606ef3/datanode-7/data/ratis/63b1238d-2c26-4fc2-9e47-0a8a5e6e88aa
2023-12-26 17:43:14,174 [3d5bb137-3be5-4706-af5d-ee5f1bcd8429-groupManagement] INFO  server.RaftServerConfigKeys (ConfUtils.java:logGet(46)) - raft.server.log.queue.byte-limit = 4294967296 (custom)
2023-12-26 17:43:14,175 [3d5bb137-3be5-4706-af5d-ee5f1bcd8429-groupManagement] INFO  server.RaftServerConfigKeys (ConfUtils.java:logGet(46)) - raft.server.log.queue.element-limit = 1024 (custom)
2023-12-26 17:43:14,175 [3d5bb137-3be5-4706-af5d-ee5f1bcd8429-groupManagement] INFO  server.RaftServerConfigKeys (ConfUtils.java:logGet(46)) - raft.server.log.segment.size.max = 67108864 (custom)
2023-12-26 17:43:14,175 [3d5bb137-3be5-4706-af5d-ee5f1bcd8429-groupManagement] INFO  server.RaftServerConfigKeys (ConfUtils.java:logGet(46)) - raft.server.log.preallocated.size = 4194304 (custom)
2023-12-26 17:43:14,175 [3d5bb137-3be5-4706-af5d-ee5f1bcd8429-groupManagement] INFO  server.RaftServerConfigKeys (ConfUtils.java:logGet(46)) - raft.server.log.force.sync.num = 128 (default)
2023-12-26 17:43:14,175 [3d5bb137-3be5-4706-af5d-ee5f1bcd8429-groupManagement] INFO  server.RaftServerConfigKeys (ConfUtils.java:logGet(46)) - raft.server.log.statemachine.data.sync = true (default)
2023-12-26 17:43:14,175 [3d5bb137-3be5-4706-af5d-ee5f1bcd8429-groupManagement] INFO  server.RaftServerConfigKeys (ConfUtils.java:logGet(46)) - raft.server.log.statemachine.data.sync.timeout = 10s (default)
2023-12-26 17:43:14,175 [3d5bb137-3be5-4706-af5d-ee5f1bcd8429-groupManagement] INFO  server.RaftServerConfigKeys (ConfUtils.java:logGet(46)) - raft.server.log.statemachine.data.sync.timeout.retry = 0 (custom)
2023-12-26 17:43:14,175 [3d5bb137-3be5-4706-af5d-ee5f1bcd8429-groupManagement] INFO  server.RaftServerConfigKeys (ConfUtils.java:logGet(46)) - raft.server.log.write.buffer.size = 8388616 (custom)
2023-12-26 17:43:14,176 [3d5bb137-3be5-4706-af5d-ee5f1bcd8429-groupManagement] INFO  server.RaftServerConfigKeys (ConfUtils.java:logGet(46)) - raft.server.log.appender.buffer.byte-limit = 8388608 (custom)
2023-12-26 17:43:14,177 [3d5bb137-3be5-4706-af5d-ee5f1bcd8429-groupManagement] INFO  server.RaftServerConfigKeys (ConfUtils.java:logGet(46)) - raft.server.log.unsafe-flush.enabled = false (default)
2023-12-26 17:43:14,177 [3d5bb137-3be5-4706-af5d-ee5f1bcd8429-groupManagement] INFO  server.RaftServerConfigKeys (ConfUtils.java:logGet(46)) - raft.server.log.async-flush.enabled = false (default)
2023-12-26 17:43:14,177 [3d5bb137-3be5-4706-af5d-ee5f1bcd8429-groupManagement] INFO  server.RaftServerConfigKeys (ConfUtils.java:logGet(46)) - raft.server.log.statemachine.data.caching.enabled = true (custom)
2023-12-26 17:43:14,177 [3d5bb137-3be5-4706-af5d-ee5f1bcd8429-groupManagement] INFO  segmented.SegmentedRaftLogWorker (SegmentedRaftLogWorker.java:lambda$new$0(135)) - 3d5bb137-3be5-4706-af5d-ee5f1bcd8429@group-0A8A5E6E88AA-SegmentedRaftLogWorker: flushIndex: setUnconditionally 0 -> -1
2023-12-26 17:43:14,177 [3d5bb137-3be5-4706-af5d-ee5f1bcd8429-groupManagement] INFO  segmented.SegmentedRaftLogWorker (SegmentedRaftLogWorker.java:lambda$new$0(135)) - 3d5bb137-3be5-4706-af5d-ee5f1bcd8429@group-0A8A5E6E88AA-SegmentedRaftLogWorker: safeCacheEvictIndex: setUnconditionally 0 -> -1
2023-12-26 17:43:14,177 [3d5bb137-3be5-4706-af5d-ee5f1bcd8429-groupManagement] INFO  server.RaftServer$Division (RaftServerImpl.java:start(392)) - 3d5bb137-3be5-4706-af5d-ee5f1bcd8429@group-0A8A5E6E88AA: start as a follower, conf=-1: peers:[3d5bb137-3be5-4706-af5d-ee5f1bcd8429|10.1.0.4:15255]|listeners:[], old=null
2023-12-26 17:43:14,178 [3d5bb137-3be5-4706-af5d-ee5f1bcd8429-groupManagement] INFO  server.RaftServer$Division (RaftServerImpl.java:setRole(379)) - 3d5bb137-3be5-4706-af5d-ee5f1bcd8429@group-0A8A5E6E88AA: changes role from      null to FOLLOWER at term 0 for startAsFollower
2023-12-26 17:43:14,178 [3d5bb137-3be5-4706-af5d-ee5f1bcd8429-groupManagement] INFO  impl.RoleInfo (RoleInfo.java:updateAndGet(139)) - 3d5bb137-3be5-4706-af5d-ee5f1bcd8429: start 3d5bb137-3be5-4706-af5d-ee5f1bcd8429@group-0A8A5E6E88AA-FollowerState
2023-12-26 17:43:14,178 [3d5bb137-3be5-4706-af5d-ee5f1bcd8429@group-0A8A5E6E88AA-FollowerState] INFO  server.RaftServerConfigKeys (ConfUtils.java:logFallback(53)) - raft.server.rpc.first-election.timeout.min = 5s (fallback to raft.server.rpc.timeout.min)
2023-12-26 17:43:14,178 [3d5bb137-3be5-4706-af5d-ee5f1bcd8429-groupManagement] INFO  util.JmxRegister (JmxRegister.java:tryRegister(44)) - Successfully registered JMX Bean with object name Ratis:service=RaftServer,group=group-0A8A5E6E88AA,id=3d5bb137-3be5-4706-af5d-ee5f1bcd8429
2023-12-26 17:43:14,178 [3d5bb137-3be5-4706-af5d-ee5f1bcd8429-groupManagement] INFO  server.RaftServerConfigKeys (ConfUtils.java:logGet(46)) - raft.server.snapshot.trigger-when-stop.enabled = true (default)
2023-12-26 17:43:14,178 [3d5bb137-3be5-4706-af5d-ee5f1bcd8429-groupManagement] INFO  server.RaftServerConfigKeys (ConfUtils.java:logGet(46)) - raft.server.snapshot.auto.trigger.enabled = true (custom)
2023-12-26 17:43:14,178 [3d5bb137-3be5-4706-af5d-ee5f1bcd8429-groupManagement] INFO  server.RaftServerConfigKeys (ConfUtils.java:logGet(46)) - raft.server.snapshot.auto.trigger.threshold = 10000 (custom)
2023-12-26 17:43:14,178 [3d5bb137-3be5-4706-af5d-ee5f1bcd8429-groupManagement] INFO  server.RaftServerConfigKeys (ConfUtils.java:logGet(46)) - raft.server.snapshot.retention.file.num = 5 (custom)
2023-12-26 17:43:14,178 [3d5bb137-3be5-4706-af5d-ee5f1bcd8429-groupManagement] INFO  server.RaftServerConfigKeys (ConfUtils.java:logGet(46)) - raft.server.log.purge.upto.snapshot.index = false (default)
2023-12-26 17:43:14,178 [3d5bb137-3be5-4706-af5d-ee5f1bcd8429@group-0A8A5E6E88AA-FollowerState] INFO  server.RaftServerConfigKeys (ConfUtils.java:logFallback(53)) - raft.server.rpc.first-election.timeout.max = 5200ms (fallback to raft.server.rpc.timeout.max)
2023-12-26 17:43:14,179 [3d5bb137-3be5-4706-af5d-ee5f1bcd8429-PipelineCommandHandlerThread-0] INFO  ratis.XceiverServerRatis (XceiverServerRatis.java:addGroup(837)) - Created group PipelineID=63b1238d-2c26-4fc2-9e47-0a8a5e6e88aa
2023-12-26 17:43:14,179 [3d5bb137-3be5-4706-af5d-ee5f1bcd8429-PipelineCommandHandlerThread-0] INFO  commandhandler.CreatePipelineCommandHandler (CreatePipelineCommandHandler.java:lambda$handle$2(124)) - Created Pipeline RATIS ONE PipelineID=63b1238d-2c26-4fc2-9e47-0a8a5e6e88aa.
2023-12-26 17:43:14,276 [main] INFO  ozone.MiniOzoneClusterImpl (MiniOzoneClusterImpl.java:lambda$waitForClusterToBeReady$0(230)) - Nodes are ready. Got 9 of 9 DN Heartbeats.
2023-12-26 17:43:14,276 [main] INFO  ozone.MiniOzoneClusterImpl (MiniOzoneClusterImpl.java:lambda$waitForClusterToBeReady$0(233)) - Waiting for cluster to exit safe mode
2023-12-26 17:43:14,276 [main] INFO  ozone.MiniOzoneClusterImpl (MiniOzoneClusterImpl.java:lambda$waitForClusterToBeReady$0(235)) - SCM became leader
2023-12-26 17:43:14,278 [5acb06d6-75fa-434d-a16a-f6192aa7de69-PipelineCommandHandlerThread-0] INFO  server.RaftServer (RaftServerProxy.java:addNew(100)) - 5acb06d6-75fa-434d-a16a-f6192aa7de69: addNew group-76D87C0074AF:[5acb06d6-75fa-434d-a16a-f6192aa7de69|10.1.0.4:15264] returns group-76D87C0074AF:java.util.concurrent.CompletableFuture@648d21c3[Not completed]
2023-12-26 17:43:14,278 [5acb06d6-75fa-434d-a16a-f6192aa7de69-groupManagement] INFO  server.RaftServer$Division (RaftServerImpl.java:<init>(256)) - 5acb06d6-75fa-434d-a16a-f6192aa7de69: new RaftServerImpl for group-76D87C0074AF:[5acb06d6-75fa-434d-a16a-f6192aa7de69|10.1.0.4:15264] with ContainerStateMachine:uninitialized
2023-12-26 17:43:14,278 [5acb06d6-75fa-434d-a16a-f6192aa7de69-groupManagement] INFO  server.RaftServerConfigKeys (ConfUtils.java:logGet(46)) - raft.server.rpc.timeout.min = 5s (custom)
2023-12-26 17:43:14,278 [5acb06d6-75fa-434d-a16a-f6192aa7de69-groupManagement] INFO  server.RaftServerConfigKeys (ConfUtils.java:logGet(46)) - raft.server.rpc.timeout.max = 5200ms (custom)
2023-12-26 17:43:14,279 [5acb06d6-75fa-434d-a16a-f6192aa7de69-groupManagement] INFO  server.RaftServerConfigKeys (ConfUtils.java:logGet(46)) - raft.server.rpc.sleep.time = 25ms (default)
2023-12-26 17:43:14,279 [5acb06d6-75fa-434d-a16a-f6192aa7de69-groupManagement] INFO  server.RaftServerConfigKeys (ConfUtils.java:logGet(46)) - raft.server.rpc.slowness.timeout = 300000ms (custom)
2023-12-26 17:43:14,279 [5acb06d6-75fa-434d-a16a-f6192aa7de69-groupManagement] INFO  server.RaftServerConfigKeys (ConfUtils.java:logGet(46)) - raft.server.leaderelection.leader.step-down.wait-time = 10s (default)
2023-12-26 17:43:14,279 [5acb06d6-75fa-434d-a16a-f6192aa7de69-groupManagement] INFO  server.RaftServerConfigKeys (ConfUtils.java:logGet(46)) - raft.server.leaderelection.member.majority-add = false (default)
2023-12-26 17:43:14,279 [5acb06d6-75fa-434d-a16a-f6192aa7de69-groupManagement] INFO  server.RaftServerConfigKeys (ConfUtils.java:logGet(46)) - raft.server.sleep.deviation.threshold = 300ms (default)
2023-12-26 17:43:14,279 [5acb06d6-75fa-434d-a16a-f6192aa7de69-groupManagement] INFO  server.RaftServer$Division (ServerState.java:<init>(113)) - 5acb06d6-75fa-434d-a16a-f6192aa7de69@group-76D87C0074AF: ConfigurationManager, init=-1: peers:[5acb06d6-75fa-434d-a16a-f6192aa7de69|10.1.0.4:15264]|listeners:[], old=null, confs=<EMPTY_MAP>
2023-12-26 17:43:14,279 [5acb06d6-75fa-434d-a16a-f6192aa7de69-groupManagement] INFO  server.RaftServerConfigKeys (ConfUtils.java:logGet(46)) - raft.server.notification.no-leader.timeout = 300000ms (custom)
2023-12-26 17:43:14,279 [5acb06d6-75fa-434d-a16a-f6192aa7de69-groupManagement] INFO  server.RaftServerConfigKeys (ConfUtils.java:logGet(46)) - raft.server.read.timeout = 10s (default)
2023-12-26 17:43:14,279 [5acb06d6-75fa-434d-a16a-f6192aa7de69-groupManagement] INFO  server.RaftServerConfigKeys (ConfUtils.java:logGet(46)) - raft.server.retrycache.expirytime = 600000ms (custom)
2023-12-26 17:43:14,279 [5acb06d6-75fa-434d-a16a-f6192aa7de69-groupManagement] INFO  server.RaftServerConfigKeys (ConfUtils.java:logGet(46)) - raft.server.retrycache.statistics.expirytime = 100ms (default)
2023-12-26 17:43:14,279 [5acb06d6-75fa-434d-a16a-f6192aa7de69-groupManagement] INFO  server.RaftServerConfigKeys (ConfUtils.java:logGet(46)) - raft.server.read.option = DEFAULT (default)
2023-12-26 17:43:14,279 [5acb06d6-75fa-434d-a16a-f6192aa7de69-groupManagement] INFO  server.RaftServerConfigKeys (ConfUtils.java:logGet(46)) - raft.server.read.read-after-write-consistent.write-index-cache.expiry-time = 60s (default)
2023-12-26 17:43:14,281 [5acb06d6-75fa-434d-a16a-f6192aa7de69-groupManagement] INFO  server.RaftServerConfigKeys (ConfUtils.java:logGet(46)) - raft.server.rpc.request.timeout = 3000ms (default)
2023-12-26 17:43:14,281 [5acb06d6-75fa-434d-a16a-f6192aa7de69-groupManagement] INFO  server.RaftServerConfigKeys (ConfUtils.java:logGet(46)) - raft.server.log.appender.install.snapshot.enabled = false (custom)
2023-12-26 17:43:14,281 [5acb06d6-75fa-434d-a16a-f6192aa7de69-groupManagement] INFO  server.RaftServerConfigKeys (ConfUtils.java:logGet(46)) - raft.server.threadpool.server.cached = true (default)
2023-12-26 17:43:14,281 [5acb06d6-75fa-434d-a16a-f6192aa7de69-groupManagement] INFO  server.RaftServerConfigKeys (ConfUtils.java:logGet(46)) - raft.server.threadpool.server.size = 0 (default)
2023-12-26 17:43:14,281 [5acb06d6-75fa-434d-a16a-f6192aa7de69-groupManagement] INFO  server.RaftServerConfigKeys (ConfUtils.java:logGet(46)) - raft.server.threadpool.client.cached = true (default)
2023-12-26 17:43:14,281 [5acb06d6-75fa-434d-a16a-f6192aa7de69-groupManagement] INFO  server.RaftServerConfigKeys (ConfUtils.java:logGet(46)) - raft.server.threadpool.client.size = 0 (default)
2023-12-26 17:43:14,282 [5acb06d6-75fa-434d-a16a-f6192aa7de69-groupManagement] INFO  server.RaftServerConfigKeys (ConfUtils.java:logGet(46)) - raft.server.storage.free-space.min = 0MB (=0) (default)
2023-12-26 17:43:14,282 [5acb06d6-75fa-434d-a16a-f6192aa7de69-groupManagement] INFO  server.RaftServerConfigKeys (ConfUtils.java:logGet(46)) - raft.server.log.corruption.policy = EXCEPTION (default)
2023-12-26 17:43:14,282 [5acb06d6-75fa-434d-a16a-f6192aa7de69-groupManagement] INFO  server.RaftServerConfigKeys (ConfUtils.java:logGet(46)) - raft.server.storage.dir = [/home/runner/work/ozone/ozone/hadoop-ozone/integration-test/target/test-dir/MiniOzoneClusterImpl-a136b03b-8403-429e-9870-8bf85e606ef3/datanode-8/data/ratis] (custom)
2023-12-26 17:43:14,282 [5acb06d6-75fa-434d-a16a-f6192aa7de69-groupManagement] INFO  storage.RaftStorageDirectory (RaftStorageDirectoryImpl.java:analyzeStorage(138)) - The storage directory /home/runner/work/ozone/ozone/hadoop-ozone/integration-test/target/test-dir/MiniOzoneClusterImpl-a136b03b-8403-429e-9870-8bf85e606ef3/datanode-8/data/ratis/1f51836f-beeb-42c3-97d9-76d87c0074af does not exist. Creating ...
2023-12-26 17:43:14,283 [5acb06d6-75fa-434d-a16a-f6192aa7de69-groupManagement] INFO  storage.RaftStorageDirectory (RaftStorageDirectoryImpl.java:tryLock(232)) - Lock on /home/runner/work/ozone/ozone/hadoop-ozone/integration-test/target/test-dir/MiniOzoneClusterImpl-a136b03b-8403-429e-9870-8bf85e606ef3/datanode-8/data/ratis/1f51836f-beeb-42c3-97d9-76d87c0074af/in_use.lock acquired by nodename 85971@fv-az1381-115
2023-12-26 17:43:14,284 [5acb06d6-75fa-434d-a16a-f6192aa7de69-groupManagement] INFO  storage.RaftStorage (RaftStorageImpl.java:format(97)) - Storage directory /home/runner/work/ozone/ozone/hadoop-ozone/integration-test/target/test-dir/MiniOzoneClusterImpl-a136b03b-8403-429e-9870-8bf85e606ef3/datanode-8/data/ratis/1f51836f-beeb-42c3-97d9-76d87c0074af has been successfully formatted.
2023-12-26 17:43:14,284 [5acb06d6-75fa-434d-a16a-f6192aa7de69-groupManagement] INFO  ratis.ContainerStateMachine (ContainerStateMachine.java:loadSnapshot(287)) - group-76D87C0074AF: The snapshot info is null. Setting the last applied indexto:(t:0, i:~)
2023-12-26 17:43:14,284 [5acb06d6-75fa-434d-a16a-f6192aa7de69-groupManagement] INFO  server.RaftServerConfigKeys (ConfUtils.java:logGet(46)) - raft.server.log.use.memory = false (default)
2023-12-26 17:43:14,285 [5acb06d6-75fa-434d-a16a-f6192aa7de69-groupManagement] INFO  server.RaftServerConfigKeys (ConfUtils.java:logGet(46)) - raft.server.log.purge.gap = 1000000 (custom)
2023-12-26 17:43:14,285 [5acb06d6-75fa-434d-a16a-f6192aa7de69-groupManagement] INFO  server.RaftServerConfigKeys (ConfUtils.java:logGet(46)) - raft.server.log.appender.buffer.byte-limit = 8388608 (custom)
2023-12-26 17:43:14,285 [5acb06d6-75fa-434d-a16a-f6192aa7de69-groupManagement] INFO  server.RaftServerConfigKeys (ConfUtils.java:logGet(46)) - raft.server.log.statemachine.data.read.timeout = 1000ms (default)
2023-12-26 17:43:14,285 [5acb06d6-75fa-434d-a16a-f6192aa7de69-groupManagement] INFO  server.RaftServerConfigKeys (ConfUtils.java:logGet(46)) - raft.server.log.purge.preservation.log.num = 0 (default)
2023-12-26 17:43:14,286 [5acb06d6-75fa-434d-a16a-f6192aa7de69-groupManagement] INFO  server.RaftServerConfigKeys (ConfUtils.java:logGet(46)) - raft.server.log.segment.size.max = 67108864 (custom)
2023-12-26 17:43:14,286 [EventQueue-PipelineReportForPipelineReportHandler] INFO  pipeline.PipelineReportHandler (PipelineReportHandler.java:processPipelineReport(136)) - Opened pipeline PipelineID=1f51836f-beeb-42c3-97d9-76d87c0074af
2023-12-26 17:43:14,286 [EventQueue-OpenPipelineForHealthyPipelineSafeModeRule] INFO  safemode.SCMSafeModeManager (HealthyPipelineSafeModeRule.java:process(140)) - SCM in safe mode. Healthy pipelines reported count is 0, required healthy pipeline reported count is 1
2023-12-26 17:43:14,286 [5acb06d6-75fa-434d-a16a-f6192aa7de69-groupManagement] INFO  server.RaftServerConfigKeys (ConfUtils.java:logGet(46)) - raft.server.log.segment.cache.num.max = 2 (custom)
2023-12-26 17:43:14,286 [5acb06d6-75fa-434d-a16a-f6192aa7de69-groupManagement] INFO  server.RaftServerConfigKeys (ConfUtils.java:logGet(46)) - raft.server.log.segment.cache.size.max = 200MB (=209715200) (default)
2023-12-26 17:43:14,286 [5acb06d6-75fa-434d-a16a-f6192aa7de69-groupManagement] INFO  server.RaftServerConfigKeys (ConfUtils.java:logGet(46)) - raft.server.log.appender.buffer.byte-limit = 8388608 (custom)
2023-12-26 17:43:14,286 [5acb06d6-75fa-434d-a16a-f6192aa7de69-groupManagement] INFO  util.AwaitToRun (AwaitToRun.java:start(81)) - Thread[5acb06d6-75fa-434d-a16a-f6192aa7de69@group-76D87C0074AF-cacheEviction-AwaitToRun,5,main] started
2023-12-26 17:43:14,286 [5acb06d6-75fa-434d-a16a-f6192aa7de69-groupManagement] INFO  segmented.SegmentedRaftLogWorker (SegmentedRaftLogWorker.java:<init>(184)) - new 5acb06d6-75fa-434d-a16a-f6192aa7de69@group-76D87C0074AF-SegmentedRaftLogWorker for RaftStorageImpl:Storage Directory /home/runner/work/ozone/ozone/hadoop-ozone/integration-test/target/test-dir/MiniOzoneClusterImpl-a136b03b-8403-429e-9870-8bf85e606ef3/datanode-8/data/ratis/1f51836f-beeb-42c3-97d9-76d87c0074af
2023-12-26 17:43:14,286 [5acb06d6-75fa-434d-a16a-f6192aa7de69-groupManagement] INFO  server.RaftServerConfigKeys (ConfUtils.java:logGet(46)) - raft.server.log.queue.byte-limit = 4294967296 (custom)
2023-12-26 17:43:14,286 [5acb06d6-75fa-434d-a16a-f6192aa7de69-groupManagement] INFO  server.RaftServerConfigKeys (ConfUtils.java:logGet(46)) - raft.server.log.queue.element-limit = 1024 (custom)
2023-12-26 17:43:14,287 [5acb06d6-75fa-434d-a16a-f6192aa7de69-groupManagement] INFO  server.RaftServerConfigKeys (ConfUtils.java:logGet(46)) - raft.server.log.segment.size.max = 67108864 (custom)
2023-12-26 17:43:14,287 [5acb06d6-75fa-434d-a16a-f6192aa7de69-groupManagement] INFO  server.RaftServerConfigKeys (ConfUtils.java:logGet(46)) - raft.server.log.preallocated.size = 4194304 (custom)
2023-12-26 17:43:14,287 [5acb06d6-75fa-434d-a16a-f6192aa7de69-groupManagement] INFO  server.RaftServerConfigKeys (ConfUtils.java:logGet(46)) - raft.server.log.force.sync.num = 128 (default)
2023-12-26 17:43:14,287 [5acb06d6-75fa-434d-a16a-f6192aa7de69-groupManagement] INFO  server.RaftServerConfigKeys (ConfUtils.java:logGet(46)) - raft.server.log.statemachine.data.sync = true (default)
2023-12-26 17:43:14,287 [5acb06d6-75fa-434d-a16a-f6192aa7de69-groupManagement] INFO  server.RaftServerConfigKeys (ConfUtils.java:logGet(46)) - raft.server.log.statemachine.data.sync.timeout = 10s (default)
2023-12-26 17:43:14,287 [5acb06d6-75fa-434d-a16a-f6192aa7de69-groupManagement] INFO  server.RaftServerConfigKeys (ConfUtils.java:logGet(46)) - raft.server.log.statemachine.data.sync.timeout.retry = 0 (custom)
2023-12-26 17:43:14,287 [5acb06d6-75fa-434d-a16a-f6192aa7de69-groupManagement] INFO  server.RaftServerConfigKeys (ConfUtils.java:logGet(46)) - raft.server.log.write.buffer.size = 8388616 (custom)
2023-12-26 17:43:14,288 [5acb06d6-75fa-434d-a16a-f6192aa7de69-groupManagement] INFO  server.RaftServerConfigKeys (ConfUtils.java:logGet(46)) - raft.server.log.appender.buffer.byte-limit = 8388608 (custom)
2023-12-26 17:43:14,289 [5acb06d6-75fa-434d-a16a-f6192aa7de69-groupManagement] INFO  server.RaftServerConfigKeys (ConfUtils.java:logGet(46)) - raft.server.log.unsafe-flush.enabled = false (default)
2023-12-26 17:43:14,289 [5acb06d6-75fa-434d-a16a-f6192aa7de69-groupManagement] INFO  server.RaftServerConfigKeys (ConfUtils.java:logGet(46)) - raft.server.log.async-flush.enabled = false (default)
2023-12-26 17:43:14,289 [5acb06d6-75fa-434d-a16a-f6192aa7de69-groupManagement] INFO  server.RaftServerConfigKeys (ConfUtils.java:logGet(46)) - raft.server.log.statemachine.data.caching.enabled = true (custom)
2023-12-26 17:43:14,289 [5acb06d6-75fa-434d-a16a-f6192aa7de69-groupManagement] INFO  segmented.SegmentedRaftLogWorker (SegmentedRaftLogWorker.java:lambda$new$0(135)) - 5acb06d6-75fa-434d-a16a-f6192aa7de69@group-76D87C0074AF-SegmentedRaftLogWorker: flushIndex: setUnconditionally 0 -> -1
2023-12-26 17:43:14,289 [5acb06d6-75fa-434d-a16a-f6192aa7de69-groupManagement] INFO  segmented.SegmentedRaftLogWorker (SegmentedRaftLogWorker.java:lambda$new$0(135)) - 5acb06d6-75fa-434d-a16a-f6192aa7de69@group-76D87C0074AF-SegmentedRaftLogWorker: safeCacheEvictIndex: setUnconditionally 0 -> -1
2023-12-26 17:43:14,289 [5acb06d6-75fa-434d-a16a-f6192aa7de69-groupManagement] INFO  server.RaftServer$Division (RaftServerImpl.java:start(392)) - 5acb06d6-75fa-434d-a16a-f6192aa7de69@group-76D87C0074AF: start as a follower, conf=-1: peers:[5acb06d6-75fa-434d-a16a-f6192aa7de69|10.1.0.4:15264]|listeners:[], old=null
2023-12-26 17:43:14,289 [5acb06d6-75fa-434d-a16a-f6192aa7de69-groupManagement] INFO  server.RaftServer$Division (RaftServerImpl.java:setRole(379)) - 5acb06d6-75fa-434d-a16a-f6192aa7de69@group-76D87C0074AF: changes role from      null to FOLLOWER at term 0 for startAsFollower
2023-12-26 17:43:14,290 [5acb06d6-75fa-434d-a16a-f6192aa7de69-groupManagement] INFO  impl.RoleInfo (RoleInfo.java:updateAndGet(139)) - 5acb06d6-75fa-434d-a16a-f6192aa7de69: start 5acb06d6-75fa-434d-a16a-f6192aa7de69@group-76D87C0074AF-FollowerState
2023-12-26 17:43:14,290 [5acb06d6-75fa-434d-a16a-f6192aa7de69-groupManagement] INFO  util.JmxRegister (JmxRegister.java:tryRegister(44)) - Successfully registered JMX Bean with object name Ratis:service=RaftServer,group=group-76D87C0074AF,id=5acb06d6-75fa-434d-a16a-f6192aa7de69
2023-12-26 17:43:14,290 [5acb06d6-75fa-434d-a16a-f6192aa7de69-groupManagement] INFO  server.RaftServerConfigKeys (ConfUtils.java:logGet(46)) - raft.server.snapshot.trigger-when-stop.enabled = true (default)
2023-12-26 17:43:14,290 [5acb06d6-75fa-434d-a16a-f6192aa7de69-groupManagement] INFO  server.RaftServerConfigKeys (ConfUtils.java:logGet(46)) - raft.server.snapshot.auto.trigger.enabled = true (custom)
2023-12-26 17:43:14,290 [5acb06d6-75fa-434d-a16a-f6192aa7de69@group-76D87C0074AF-FollowerState] INFO  server.RaftServerConfigKeys (ConfUtils.java:logFallback(53)) - raft.server.rpc.first-election.timeout.min = 5s (fallback to raft.server.rpc.timeout.min)
2023-12-26 17:43:14,290 [5acb06d6-75fa-434d-a16a-f6192aa7de69@group-76D87C0074AF-FollowerState] INFO  server.RaftServerConfigKeys (ConfUtils.java:logFallback(53)) - raft.server.rpc.first-election.timeout.max = 5200ms (fallback to raft.server.rpc.timeout.max)
2023-12-26 17:43:14,290 [5acb06d6-75fa-434d-a16a-f6192aa7de69-groupManagement] INFO  server.RaftServerConfigKeys (ConfUtils.java:logGet(46)) - raft.server.snapshot.auto.trigger.threshold = 10000 (custom)
2023-12-26 17:43:14,290 [5acb06d6-75fa-434d-a16a-f6192aa7de69-groupManagement] INFO  server.RaftServerConfigKeys (ConfUtils.java:logGet(46)) - raft.server.snapshot.retention.file.num = 5 (custom)
2023-12-26 17:43:14,290 [5acb06d6-75fa-434d-a16a-f6192aa7de69-groupManagement] INFO  server.RaftServerConfigKeys (ConfUtils.java:logGet(46)) - raft.server.log.purge.upto.snapshot.index = false (default)
2023-12-26 17:43:14,291 [5acb06d6-75fa-434d-a16a-f6192aa7de69-PipelineCommandHandlerThread-0] INFO  ratis.XceiverServerRatis (XceiverServerRatis.java:addGroup(837)) - Created group PipelineID=1f51836f-beeb-42c3-97d9-76d87c0074af
2023-12-26 17:43:14,291 [5acb06d6-75fa-434d-a16a-f6192aa7de69-PipelineCommandHandlerThread-0] INFO  commandhandler.CreatePipelineCommandHandler (CreatePipelineCommandHandler.java:lambda$handle$2(124)) - Created Pipeline RATIS ONE PipelineID=1f51836f-beeb-42c3-97d9-76d87c0074af.
2023-12-26 17:43:15,276 [main] INFO  ozone.MiniOzoneClusterImpl (MiniOzoneClusterImpl.java:lambda$waitForClusterToBeReady$0(230)) - Nodes are ready. Got 9 of 9 DN Heartbeats.
2023-12-26 17:43:15,277 [main] INFO  ozone.MiniOzoneClusterImpl (MiniOzoneClusterImpl.java:lambda$waitForClusterToBeReady$0(233)) - Waiting for cluster to exit safe mode
2023-12-26 17:43:15,277 [main] INFO  ozone.MiniOzoneClusterImpl (MiniOzoneClusterImpl.java:lambda$waitForClusterToBeReady$0(235)) - SCM became leader
2023-12-26 17:43:16,277 [main] INFO  ozone.MiniOzoneClusterImpl (MiniOzoneClusterImpl.java:lambda$waitForClusterToBeReady$0(230)) - Nodes are ready. Got 9 of 9 DN Heartbeats.
2023-12-26 17:43:16,277 [main] INFO  ozone.MiniOzoneClusterImpl (MiniOzoneClusterImpl.java:lambda$waitForClusterToBeReady$0(233)) - Waiting for cluster to exit safe mode
2023-12-26 17:43:16,277 [main] INFO  ozone.MiniOzoneClusterImpl (MiniOzoneClusterImpl.java:lambda$waitForClusterToBeReady$0(235)) - SCM became leader
2023-12-26 17:43:17,277 [main] INFO  ozone.MiniOzoneClusterImpl (MiniOzoneClusterImpl.java:lambda$waitForClusterToBeReady$0(230)) - Nodes are ready. Got 9 of 9 DN Heartbeats.
2023-12-26 17:43:17,278 [main] INFO  ozone.MiniOzoneClusterImpl (MiniOzoneClusterImpl.java:lambda$waitForClusterToBeReady$0(233)) - Waiting for cluster to exit safe mode
2023-12-26 17:43:17,278 [main] INFO  ozone.MiniOzoneClusterImpl (MiniOzoneClusterImpl.java:lambda$waitForClusterToBeReady$0(235)) - SCM became leader
2023-12-26 17:43:18,278 [main] INFO  ozone.MiniOzoneClusterImpl (MiniOzoneClusterImpl.java:lambda$waitForClusterToBeReady$0(230)) - Nodes are ready. Got 9 of 9 DN Heartbeats.
2023-12-26 17:43:18,278 [main] INFO  ozone.MiniOzoneClusterImpl (MiniOzoneClusterImpl.java:lambda$waitForClusterToBeReady$0(233)) - Waiting for cluster to exit safe mode
2023-12-26 17:43:18,279 [main] INFO  ozone.MiniOzoneClusterImpl (MiniOzoneClusterImpl.java:lambda$waitForClusterToBeReady$0(235)) - SCM became leader
2023-12-26 17:43:18,501 [2600465e-836b-4590-acf2-1a77fd870a2a@group-27F9F8B444EF-FollowerState] INFO  impl.FollowerState (FollowerState.java:run(143)) - 2600465e-836b-4590-acf2-1a77fd870a2a@group-27F9F8B444EF-FollowerState: change to CANDIDATE, lastRpcElapsedTime:5048008622ns, electionTimeout:5047ms
2023-12-26 17:43:18,502 [2600465e-836b-4590-acf2-1a77fd870a2a@group-27F9F8B444EF-FollowerState] INFO  impl.RoleInfo (RoleInfo.java:shutdownFollowerState(110)) - 2600465e-836b-4590-acf2-1a77fd870a2a: shutdown 2600465e-836b-4590-acf2-1a77fd870a2a@group-27F9F8B444EF-FollowerState
2023-12-26 17:43:18,502 [2600465e-836b-4590-acf2-1a77fd870a2a@group-27F9F8B444EF-FollowerState] INFO  server.RaftServer$Division (RaftServerImpl.java:setRole(379)) - 2600465e-836b-4590-acf2-1a77fd870a2a@group-27F9F8B444EF: changes role from  FOLLOWER to CANDIDATE at term 0 for changeToCandidate
2023-12-26 17:43:18,502 [2600465e-836b-4590-acf2-1a77fd870a2a@group-27F9F8B444EF-FollowerState] INFO  server.RaftServerConfigKeys (ConfUtils.java:logGet(46)) - raft.server.leaderelection.pre-vote = true (default)
2023-12-26 17:43:18,502 [2600465e-836b-4590-acf2-1a77fd870a2a@group-27F9F8B444EF-FollowerState] INFO  impl.RoleInfo (RoleInfo.java:updateAndGet(139)) - 2600465e-836b-4590-acf2-1a77fd870a2a: start 2600465e-836b-4590-acf2-1a77fd870a2a@group-27F9F8B444EF-LeaderElection39
2023-12-26 17:43:18,503 [2600465e-836b-4590-acf2-1a77fd870a2a@group-27F9F8B444EF-LeaderElection39] INFO  impl.LeaderElection (LeaderElection.java:askForVotes(323)) - 2600465e-836b-4590-acf2-1a77fd870a2a@group-27F9F8B444EF-LeaderElection39 PRE_VOTE round 0: submit vote requests at term 0 for -1: peers:[2600465e-836b-4590-acf2-1a77fd870a2a|10.1.0.4:15192, 330054a7-df09-49b5-8777-358ad940382e|10.1.0.4:15210, 3e443a17-2359-4412-bc58-72a30bb0f716|10.1.0.4:15201]|listeners:[], old=null
2023-12-26 17:43:18,504 [2600465e-836b-4590-acf2-1a77fd870a2a@group-27F9F8B444EF-LeaderElection39-1] INFO  server.GrpcServerProtocolClient (GrpcServerProtocolClient.java:<init>(65)) - Build channel for 330054a7-df09-49b5-8777-358ad940382e
2023-12-26 17:43:18,504 [2600465e-836b-4590-acf2-1a77fd870a2a@group-27F9F8B444EF-LeaderElection39-2] INFO  server.GrpcServerProtocolClient (GrpcServerProtocolClient.java:<init>(65)) - Build channel for 3e443a17-2359-4412-bc58-72a30bb0f716
2023-12-26 17:43:18,504 [2600465e-836b-4590-acf2-1a77fd870a2a@group-27F9F8B444EF-LeaderElection39] INFO  server.RaftServerConfigKeys (ConfUtils.java:logFallback(53)) - raft.server.rpc.first-election.timeout.min = 5s (fallback to raft.server.rpc.timeout.min)
2023-12-26 17:43:18,504 [2600465e-836b-4590-acf2-1a77fd870a2a@group-27F9F8B444EF-LeaderElection39] INFO  server.RaftServerConfigKeys (ConfUtils.java:logFallback(53)) - raft.server.rpc.first-election.timeout.max = 5200ms (fallback to raft.server.rpc.timeout.max)
2023-12-26 17:43:18,508 [grpc-default-executor-2] INFO  server.RaftServer$Division (RaftServerImpl.java:requestVote(1377)) - 330054a7-df09-49b5-8777-358ad940382e@group-27F9F8B444EF: receive requestVote(PRE_VOTE, 2600465e-836b-4590-acf2-1a77fd870a2a, group-27F9F8B444EF, 0, (t:0, i:0))
2023-12-26 17:43:18,508 [grpc-default-executor-2] INFO  impl.VoteContext (VoteContext.java:log(49)) - 330054a7-df09-49b5-8777-358ad940382e@group-27F9F8B444EF-FOLLOWER: accept PRE_VOTE from 2600465e-836b-4590-acf2-1a77fd870a2a: our priority 0 <= candidate's priority 0
2023-12-26 17:43:18,508 [grpc-default-executor-2] INFO  server.RaftServer$Division (RaftServerImpl.java:requestVote(1410)) - 330054a7-df09-49b5-8777-358ad940382e@group-27F9F8B444EF replies to PRE_VOTE vote request: 2600465e-836b-4590-acf2-1a77fd870a2a<-330054a7-df09-49b5-8777-358ad940382e#0:OK-t0. Peer's state: 330054a7-df09-49b5-8777-358ad940382e@group-27F9F8B444EF:t0, leader=null, voted=, raftlog=Memoized:330054a7-df09-49b5-8777-358ad940382e@group-27F9F8B444EF-SegmentedRaftLog:OPENED:c-1, conf=-1: peers:[2600465e-836b-4590-acf2-1a77fd870a2a|10.1.0.4:15192, 330054a7-df09-49b5-8777-358ad940382e|10.1.0.4:15210, 3e443a17-2359-4412-bc58-72a30bb0f716|10.1.0.4:15201]|listeners:[], old=null
2023-12-26 17:43:18,509 [grpc-default-executor-2] INFO  server.RaftServer$Division (RaftServerImpl.java:requestVote(1377)) - 3e443a17-2359-4412-bc58-72a30bb0f716@group-27F9F8B444EF: receive requestVote(PRE_VOTE, 2600465e-836b-4590-acf2-1a77fd870a2a, group-27F9F8B444EF, 0, (t:0, i:0))
2023-12-26 17:43:18,509 [grpc-default-executor-2] INFO  impl.VoteContext (VoteContext.java:log(49)) - 3e443a17-2359-4412-bc58-72a30bb0f716@group-27F9F8B444EF-FOLLOWER: reject PRE_VOTE from 2600465e-836b-4590-acf2-1a77fd870a2a: our priority 1 > candidate's priority 0
2023-12-26 17:43:18,509 [grpc-default-executor-2] INFO  server.RaftServer$Division (RaftServerImpl.java:requestVote(1410)) - 3e443a17-2359-4412-bc58-72a30bb0f716@group-27F9F8B444EF replies to PRE_VOTE vote request: 2600465e-836b-4590-acf2-1a77fd870a2a<-3e443a17-2359-4412-bc58-72a30bb0f716#0:FAIL-t0. Peer's state: 3e443a17-2359-4412-bc58-72a30bb0f716@group-27F9F8B444EF:t0, leader=null, voted=, raftlog=Memoized:3e443a17-2359-4412-bc58-72a30bb0f716@group-27F9F8B444EF-SegmentedRaftLog:OPENED:c-1, conf=-1: peers:[2600465e-836b-4590-acf2-1a77fd870a2a|10.1.0.4:15192, 330054a7-df09-49b5-8777-358ad940382e|10.1.0.4:15210, 3e443a17-2359-4412-bc58-72a30bb0f716|10.1.0.4:15201]|listeners:[], old=null
2023-12-26 17:43:18,510 [2600465e-836b-4590-acf2-1a77fd870a2a@group-27F9F8B444EF-LeaderElection39] INFO  impl.LeaderElection (LeaderElection.java:logAndReturn(89)) - 2600465e-836b-4590-acf2-1a77fd870a2a@group-27F9F8B444EF-LeaderElection39: PRE_VOTE REJECTED received 2 response(s) and 0 exception(s):
2023-12-26 17:43:18,510 [2600465e-836b-4590-acf2-1a77fd870a2a@group-27F9F8B444EF-LeaderElection39] INFO  impl.LeaderElection (LeaderElection.java:logAndReturn(93)) -   Response 0: 2600465e-836b-4590-acf2-1a77fd870a2a<-330054a7-df09-49b5-8777-358ad940382e#0:OK-t0
2023-12-26 17:43:18,510 [2600465e-836b-4590-acf2-1a77fd870a2a@group-27F9F8B444EF-LeaderElection39] INFO  impl.LeaderElection (LeaderElection.java:logAndReturn(93)) -   Response 1: 2600465e-836b-4590-acf2-1a77fd870a2a<-3e443a17-2359-4412-bc58-72a30bb0f716#0:FAIL-t0
2023-12-26 17:43:18,510 [2600465e-836b-4590-acf2-1a77fd870a2a@group-27F9F8B444EF-LeaderElection39] INFO  impl.LeaderElection (LeaderElection.java:askForVotes(325)) - 2600465e-836b-4590-acf2-1a77fd870a2a@group-27F9F8B444EF-LeaderElection39 PRE_VOTE round 0: result REJECTED
2023-12-26 17:43:18,510 [2600465e-836b-4590-acf2-1a77fd870a2a@group-27F9F8B444EF-LeaderElection39] INFO  server.RaftServer$Division (RaftServerImpl.java:setRole(379)) - 2600465e-836b-4590-acf2-1a77fd870a2a@group-27F9F8B444EF: changes role from CANDIDATE to FOLLOWER at term 0 for REJECTED
2023-12-26 17:43:18,510 [2600465e-836b-4590-acf2-1a77fd870a2a@group-27F9F8B444EF-LeaderElection39] INFO  impl.RoleInfo (RoleInfo.java:shutdownLeaderElection(130)) - 2600465e-836b-4590-acf2-1a77fd870a2a: shutdown 2600465e-836b-4590-acf2-1a77fd870a2a@group-27F9F8B444EF-LeaderElection39
2023-12-26 17:43:18,510 [2600465e-836b-4590-acf2-1a77fd870a2a@group-27F9F8B444EF-LeaderElection39] INFO  impl.RoleInfo (RoleInfo.java:updateAndGet(139)) - 2600465e-836b-4590-acf2-1a77fd870a2a: start 2600465e-836b-4590-acf2-1a77fd870a2a@group-27F9F8B444EF-FollowerState
2023-12-26 17:43:18,510 [2600465e-836b-4590-acf2-1a77fd870a2a@group-27F9F8B444EF-LeaderElection39] INFO  server.RaftServer$Division (RaftServerImpl.java:setFirstElection(564)) - 2600465e-836b-4590-acf2-1a77fd870a2a@group-27F9F8B444EF: set firstElectionSinceStartup to false for REJECTED
2023-12-26 17:43:18,543 [330054a7-df09-49b5-8777-358ad940382e@group-27F9F8B444EF-FollowerState] INFO  server.RaftServerConfigKeys (ConfUtils.java:logFallback(53)) - raft.server.rpc.first-election.timeout.min = 5s (fallback to raft.server.rpc.timeout.min)
2023-12-26 17:43:18,543 [330054a7-df09-49b5-8777-358ad940382e@group-27F9F8B444EF-FollowerState] INFO  server.RaftServerConfigKeys (ConfUtils.java:logFallback(53)) - raft.server.rpc.first-election.timeout.max = 5200ms (fallback to raft.server.rpc.timeout.max)
2023-12-26 17:43:18,569 [3e443a17-2359-4412-bc58-72a30bb0f716@group-27F9F8B444EF-FollowerState] INFO  impl.FollowerState (FollowerState.java:run(143)) - 3e443a17-2359-4412-bc58-72a30bb0f716@group-27F9F8B444EF-FollowerState: change to CANDIDATE, lastRpcElapsedTime:5087263344ns, electionTimeout:5086ms
2023-12-26 17:43:18,569 [3e443a17-2359-4412-bc58-72a30bb0f716@group-27F9F8B444EF-FollowerState] INFO  impl.RoleInfo (RoleInfo.java:shutdownFollowerState(110)) - 3e443a17-2359-4412-bc58-72a30bb0f716: shutdown 3e443a17-2359-4412-bc58-72a30bb0f716@group-27F9F8B444EF-FollowerState
2023-12-26 17:43:18,569 [3e443a17-2359-4412-bc58-72a30bb0f716@group-27F9F8B444EF-FollowerState] INFO  server.RaftServer$Division (RaftServerImpl.java:setRole(379)) - 3e443a17-2359-4412-bc58-72a30bb0f716@group-27F9F8B444EF: changes role from  FOLLOWER to CANDIDATE at term 0 for changeToCandidate
2023-12-26 17:43:18,569 [3e443a17-2359-4412-bc58-72a30bb0f716@group-27F9F8B444EF-FollowerState] INFO  server.RaftServerConfigKeys (ConfUtils.java:logGet(46)) - raft.server.leaderelection.pre-vote = true (default)
2023-12-26 17:43:18,569 [3e443a17-2359-4412-bc58-72a30bb0f716@group-27F9F8B444EF-FollowerState] INFO  impl.RoleInfo (RoleInfo.java:updateAndGet(139)) - 3e443a17-2359-4412-bc58-72a30bb0f716: start 3e443a17-2359-4412-bc58-72a30bb0f716@group-27F9F8B444EF-LeaderElection40
2023-12-26 17:43:18,570 [3e443a17-2359-4412-bc58-72a30bb0f716@group-27F9F8B444EF-LeaderElection40] INFO  impl.LeaderElection (LeaderElection.java:askForVotes(323)) - 3e443a17-2359-4412-bc58-72a30bb0f716@group-27F9F8B444EF-LeaderElection40 PRE_VOTE round 0: submit vote requests at term 0 for -1: peers:[2600465e-836b-4590-acf2-1a77fd870a2a|10.1.0.4:15192, 330054a7-df09-49b5-8777-358ad940382e|10.1.0.4:15210, 3e443a17-2359-4412-bc58-72a30bb0f716|10.1.0.4:15201]|listeners:[], old=null
2023-12-26 17:43:18,571 [3e443a17-2359-4412-bc58-72a30bb0f716@group-27F9F8B444EF-LeaderElection40-1] INFO  server.GrpcServerProtocolClient (GrpcServerProtocolClient.java:<init>(65)) - Build channel for 2600465e-836b-4590-acf2-1a77fd870a2a
2023-12-26 17:43:18,571 [3e443a17-2359-4412-bc58-72a30bb0f716@group-27F9F8B444EF-LeaderElection40] INFO  server.RaftServerConfigKeys (ConfUtils.java:logFallback(53)) - raft.server.rpc.first-election.timeout.min = 5s (fallback to raft.server.rpc.timeout.min)
2023-12-26 17:43:18,571 [3e443a17-2359-4412-bc58-72a30bb0f716@group-27F9F8B444EF-LeaderElection40] INFO  server.RaftServerConfigKeys (ConfUtils.java:logFallback(53)) - raft.server.rpc.first-election.timeout.max = 5200ms (fallback to raft.server.rpc.timeout.max)
2023-12-26 17:43:18,571 [3e443a17-2359-4412-bc58-72a30bb0f716@group-27F9F8B444EF-LeaderElection40-2] INFO  server.GrpcServerProtocolClient (GrpcServerProtocolClient.java:<init>(65)) - Build channel for 330054a7-df09-49b5-8777-358ad940382e
2023-12-26 17:43:18,575 [grpc-default-executor-2] INFO  server.RaftServer$Division (RaftServerImpl.java:requestVote(1377)) - 2600465e-836b-4590-acf2-1a77fd870a2a@group-27F9F8B444EF: receive requestVote(PRE_VOTE, 3e443a17-2359-4412-bc58-72a30bb0f716, group-27F9F8B444EF, 0, (t:0, i:0))
2023-12-26 17:43:18,575 [grpc-default-executor-2] INFO  impl.VoteContext (VoteContext.java:log(49)) - 2600465e-836b-4590-acf2-1a77fd870a2a@group-27F9F8B444EF-FOLLOWER: accept PRE_VOTE from 3e443a17-2359-4412-bc58-72a30bb0f716: our priority 0 <= candidate's priority 1
2023-12-26 17:43:18,575 [grpc-default-executor-2] INFO  server.RaftServer$Division (RaftServerImpl.java:requestVote(1410)) - 2600465e-836b-4590-acf2-1a77fd870a2a@group-27F9F8B444EF replies to PRE_VOTE vote request: 3e443a17-2359-4412-bc58-72a30bb0f716<-2600465e-836b-4590-acf2-1a77fd870a2a#0:OK-t0. Peer's state: 2600465e-836b-4590-acf2-1a77fd870a2a@group-27F9F8B444EF:t0, leader=null, voted=, raftlog=Memoized:2600465e-836b-4590-acf2-1a77fd870a2a@group-27F9F8B444EF-SegmentedRaftLog:OPENED:c-1, conf=-1: peers:[2600465e-836b-4590-acf2-1a77fd870a2a|10.1.0.4:15192, 330054a7-df09-49b5-8777-358ad940382e|10.1.0.4:15210, 3e443a17-2359-4412-bc58-72a30bb0f716|10.1.0.4:15201]|listeners:[], old=null
2023-12-26 17:43:18,576 [3e443a17-2359-4412-bc58-72a30bb0f716@group-27F9F8B444EF-LeaderElection40] INFO  impl.LeaderElection (LeaderElection.java:logAndReturn(89)) - 3e443a17-2359-4412-bc58-72a30bb0f716@group-27F9F8B444EF-LeaderElection40: PRE_VOTE PASSED received 1 response(s) and 0 exception(s):
2023-12-26 17:43:18,576 [3e443a17-2359-4412-bc58-72a30bb0f716@group-27F9F8B444EF-LeaderElection40] INFO  impl.LeaderElection (LeaderElection.java:logAndReturn(93)) -   Response 0: 3e443a17-2359-4412-bc58-72a30bb0f716<-2600465e-836b-4590-acf2-1a77fd870a2a#0:OK-t0
2023-12-26 17:43:18,576 [3e443a17-2359-4412-bc58-72a30bb0f716@group-27F9F8B444EF-LeaderElection40] INFO  impl.LeaderElection (LeaderElection.java:askForVotes(325)) - 3e443a17-2359-4412-bc58-72a30bb0f716@group-27F9F8B444EF-LeaderElection40 PRE_VOTE round 0: result PASSED
2023-12-26 17:43:18,577 [grpc-default-executor-2] INFO  server.RaftServer$Division (RaftServerImpl.java:requestVote(1377)) - 330054a7-df09-49b5-8777-358ad940382e@group-27F9F8B444EF: receive requestVote(PRE_VOTE, 3e443a17-2359-4412-bc58-72a30bb0f716, group-27F9F8B444EF, 0, (t:0, i:0))
2023-12-26 17:43:18,577 [grpc-default-executor-2] INFO  impl.VoteContext (VoteContext.java:log(49)) - 330054a7-df09-49b5-8777-358ad940382e@group-27F9F8B444EF-FOLLOWER: accept PRE_VOTE from 3e443a17-2359-4412-bc58-72a30bb0f716: our priority 0 <= candidate's priority 1
2023-12-26 17:43:18,577 [grpc-default-executor-2] INFO  server.RaftServer$Division (RaftServerImpl.java:requestVote(1410)) - 330054a7-df09-49b5-8777-358ad940382e@group-27F9F8B444EF replies to PRE_VOTE vote request: 3e443a17-2359-4412-bc58-72a30bb0f716<-330054a7-df09-49b5-8777-358ad940382e#0:OK-t0. Peer's state: 330054a7-df09-49b5-8777-358ad940382e@group-27F9F8B444EF:t0, leader=null, voted=, raftlog=Memoized:330054a7-df09-49b5-8777-358ad940382e@group-27F9F8B444EF-SegmentedRaftLog:OPENED:c-1, conf=-1: peers:[2600465e-836b-4590-acf2-1a77fd870a2a|10.1.0.4:15192, 330054a7-df09-49b5-8777-358ad940382e|10.1.0.4:15210, 3e443a17-2359-4412-bc58-72a30bb0f716|10.1.0.4:15201]|listeners:[], old=null
2023-12-26 17:43:18,578 [3e443a17-2359-4412-bc58-72a30bb0f716@group-27F9F8B444EF-LeaderElection40] INFO  impl.LeaderElection (LeaderElection.java:askForVotes(323)) - 3e443a17-2359-4412-bc58-72a30bb0f716@group-27F9F8B444EF-LeaderElection40 ELECTION round 0: submit vote requests at term 1 for -1: peers:[2600465e-836b-4590-acf2-1a77fd870a2a|10.1.0.4:15192, 330054a7-df09-49b5-8777-358ad940382e|10.1.0.4:15210, 3e443a17-2359-4412-bc58-72a30bb0f716|10.1.0.4:15201]|listeners:[], old=null
2023-12-26 17:43:18,578 [3e443a17-2359-4412-bc58-72a30bb0f716@group-27F9F8B444EF-LeaderElection40] INFO  server.RaftServerConfigKeys (ConfUtils.java:logFallback(53)) - raft.server.rpc.first-election.timeout.min = 5s (fallback to raft.server.rpc.timeout.min)
2023-12-26 17:43:18,578 [3e443a17-2359-4412-bc58-72a30bb0f716@group-27F9F8B444EF-LeaderElection40] INFO  server.RaftServerConfigKeys (ConfUtils.java:logFallback(53)) - raft.server.rpc.first-election.timeout.max = 5200ms (fallback to raft.server.rpc.timeout.max)
2023-12-26 17:43:18,579 [grpc-default-executor-2] INFO  server.RaftServer$Division (RaftServerImpl.java:requestVote(1377)) - 330054a7-df09-49b5-8777-358ad940382e@group-27F9F8B444EF: receive requestVote(ELECTION, 3e443a17-2359-4412-bc58-72a30bb0f716, group-27F9F8B444EF, 1, (t:0, i:0))
2023-12-26 17:43:18,579 [grpc-default-executor-2] INFO  impl.VoteContext (VoteContext.java:log(49)) - 330054a7-df09-49b5-8777-358ad940382e@group-27F9F8B444EF-FOLLOWER: accept ELECTION from 3e443a17-2359-4412-bc58-72a30bb0f716: our priority 0 <= candidate's priority 1
2023-12-26 17:43:18,579 [grpc-default-executor-2] INFO  server.RaftServer$Division (RaftServerImpl.java:setRole(379)) - 330054a7-df09-49b5-8777-358ad940382e@group-27F9F8B444EF: changes role from  FOLLOWER to FOLLOWER at term 1 for candidate:3e443a17-2359-4412-bc58-72a30bb0f716
2023-12-26 17:43:18,579 [grpc-default-executor-2] INFO  impl.RoleInfo (RoleInfo.java:shutdownFollowerState(110)) - 330054a7-df09-49b5-8777-358ad940382e: shutdown 330054a7-df09-49b5-8777-358ad940382e@group-27F9F8B444EF-FollowerState
2023-12-26 17:43:18,579 [grpc-default-executor-2] INFO  impl.RoleInfo (RoleInfo.java:updateAndGet(139)) - 330054a7-df09-49b5-8777-358ad940382e: start 330054a7-df09-49b5-8777-358ad940382e@group-27F9F8B444EF-FollowerState
2023-12-26 17:43:18,579 [330054a7-df09-49b5-8777-358ad940382e@group-27F9F8B444EF-FollowerState] INFO  impl.FollowerState (FollowerState.java:run(152)) - 330054a7-df09-49b5-8777-358ad940382e@group-27F9F8B444EF-FollowerState was interrupted
2023-12-26 17:43:18,579 [grpc-default-executor-2] INFO  server.RaftServer$Division (RaftServerImpl.java:setFirstElection(564)) - 330054a7-df09-49b5-8777-358ad940382e@group-27F9F8B444EF: set firstElectionSinceStartup to false for candidate:3e443a17-2359-4412-bc58-72a30bb0f716
2023-12-26 17:43:18,580 [grpc-default-executor-3] INFO  server.RaftServer$Division (RaftServerImpl.java:requestVote(1377)) - 2600465e-836b-4590-acf2-1a77fd870a2a@group-27F9F8B444EF: receive requestVote(ELECTION, 3e443a17-2359-4412-bc58-72a30bb0f716, group-27F9F8B444EF, 1, (t:0, i:0))
2023-12-26 17:43:18,580 [grpc-default-executor-3] INFO  impl.VoteContext (VoteContext.java:log(49)) - 2600465e-836b-4590-acf2-1a77fd870a2a@group-27F9F8B444EF-FOLLOWER: accept ELECTION from 3e443a17-2359-4412-bc58-72a30bb0f716: our priority 0 <= candidate's priority 1
2023-12-26 17:43:18,580 [grpc-default-executor-3] INFO  server.RaftServer$Division (RaftServerImpl.java:setRole(379)) - 2600465e-836b-4590-acf2-1a77fd870a2a@group-27F9F8B444EF: changes role from  FOLLOWER to FOLLOWER at term 1 for candidate:3e443a17-2359-4412-bc58-72a30bb0f716
2023-12-26 17:43:18,580 [grpc-default-executor-3] INFO  impl.RoleInfo (RoleInfo.java:shutdownFollowerState(110)) - 2600465e-836b-4590-acf2-1a77fd870a2a: shutdown 2600465e-836b-4590-acf2-1a77fd870a2a@group-27F9F8B444EF-FollowerState
2023-12-26 17:43:18,581 [grpc-default-executor-3] INFO  impl.RoleInfo (RoleInfo.java:updateAndGet(139)) - 2600465e-836b-4590-acf2-1a77fd870a2a: start 2600465e-836b-4590-acf2-1a77fd870a2a@group-27F9F8B444EF-FollowerState
2023-12-26 17:43:18,581 [2600465e-836b-4590-acf2-1a77fd870a2a@group-27F9F8B444EF-FollowerState] INFO  impl.FollowerState (FollowerState.java:run(152)) - 2600465e-836b-4590-acf2-1a77fd870a2a@group-27F9F8B444EF-FollowerState was interrupted
2023-12-26 17:43:18,581 [grpc-default-executor-2] INFO  server.RaftServer$Division (RaftServerImpl.java:requestVote(1410)) - 330054a7-df09-49b5-8777-358ad940382e@group-27F9F8B444EF replies to ELECTION vote request: 3e443a17-2359-4412-bc58-72a30bb0f716<-330054a7-df09-49b5-8777-358ad940382e#0:OK-t1. Peer's state: 330054a7-df09-49b5-8777-358ad940382e@group-27F9F8B444EF:t1, leader=null, voted=3e443a17-2359-4412-bc58-72a30bb0f716, raftlog=Memoized:330054a7-df09-49b5-8777-358ad940382e@group-27F9F8B444EF-SegmentedRaftLog:OPENED:c-1, conf=-1: peers:[2600465e-836b-4590-acf2-1a77fd870a2a|10.1.0.4:15192, 330054a7-df09-49b5-8777-358ad940382e|10.1.0.4:15210, 3e443a17-2359-4412-bc58-72a30bb0f716|10.1.0.4:15201]|listeners:[], old=null
2023-12-26 17:43:18,582 [3e443a17-2359-4412-bc58-72a30bb0f716@group-27F9F8B444EF-LeaderElection40] INFO  impl.LeaderElection (LeaderElection.java:logAndReturn(89)) - 3e443a17-2359-4412-bc58-72a30bb0f716@group-27F9F8B444EF-LeaderElection40: ELECTION PASSED received 1 response(s) and 0 exception(s):
2023-12-26 17:43:18,582 [3e443a17-2359-4412-bc58-72a30bb0f716@group-27F9F8B444EF-LeaderElection40] INFO  impl.LeaderElection (LeaderElection.java:logAndReturn(93)) -   Response 0: 3e443a17-2359-4412-bc58-72a30bb0f716<-330054a7-df09-49b5-8777-358ad940382e#0:OK-t1
2023-12-26 17:43:18,582 [3e443a17-2359-4412-bc58-72a30bb0f716@group-27F9F8B444EF-LeaderElection40] INFO  impl.LeaderElection (LeaderElection.java:askForVotes(325)) - 3e443a17-2359-4412-bc58-72a30bb0f716@group-27F9F8B444EF-LeaderElection40 ELECTION round 0: result PASSED
2023-12-26 17:43:18,582 [3e443a17-2359-4412-bc58-72a30bb0f716@group-27F9F8B444EF-LeaderElection40] INFO  impl.RoleInfo (RoleInfo.java:shutdownLeaderElection(130)) - 3e443a17-2359-4412-bc58-72a30bb0f716: shutdown 3e443a17-2359-4412-bc58-72a30bb0f716@group-27F9F8B444EF-LeaderElection40
2023-12-26 17:43:18,582 [3e443a17-2359-4412-bc58-72a30bb0f716@group-27F9F8B444EF-LeaderElection40] INFO  server.RaftServer$Division (RaftServerImpl.java:setRole(379)) - 3e443a17-2359-4412-bc58-72a30bb0f716@group-27F9F8B444EF: changes role from CANDIDATE to LEADER at term 1 for changeToLeader
2023-12-26 17:43:18,582 [3e443a17-2359-4412-bc58-72a30bb0f716@group-27F9F8B444EF-LeaderElection40] INFO  server.RaftServerConfigKeys (ConfUtils.java:logGet(46)) - raft.server.staging.catchup.gap = 1000 (default)
2023-12-26 17:43:18,582 [grpc-default-executor-3] INFO  server.RaftServer$Division (RaftServerImpl.java:requestVote(1410)) - 2600465e-836b-4590-acf2-1a77fd870a2a@group-27F9F8B444EF replies to ELECTION vote request: 3e443a17-2359-4412-bc58-72a30bb0f716<-2600465e-836b-4590-acf2-1a77fd870a2a#0:OK-t1. Peer's state: 2600465e-836b-4590-acf2-1a77fd870a2a@group-27F9F8B444EF:t1, leader=null, voted=3e443a17-2359-4412-bc58-72a30bb0f716, raftlog=Memoized:2600465e-836b-4590-acf2-1a77fd870a2a@group-27F9F8B444EF-SegmentedRaftLog:OPENED:c-1, conf=-1: peers:[2600465e-836b-4590-acf2-1a77fd870a2a|10.1.0.4:15192, 330054a7-df09-49b5-8777-358ad940382e|10.1.0.4:15210, 3e443a17-2359-4412-bc58-72a30bb0f716|10.1.0.4:15201]|listeners:[], old=null
2023-12-26 17:43:18,582 [3e443a17-2359-4412-bc58-72a30bb0f716@group-27F9F8B444EF-LeaderElection40] INFO  server.RaftServerConfigKeys (ConfUtils.java:logGet(46)) - raft.server.write.element-limit = 1024 (custom)
2023-12-26 17:43:18,583 [3e443a17-2359-4412-bc58-72a30bb0f716@group-27F9F8B444EF-LeaderElection40] INFO  server.RaftServerConfigKeys (ConfUtils.java:logGet(46)) - raft.server.write.byte-limit = 1024 M (=1073741824) (custom)
2023-12-26 17:43:18,583 [3e443a17-2359-4412-bc58-72a30bb0f716@group-27F9F8B444EF-LeaderElection40] INFO  server.RaftServerConfigKeys (ConfUtils.java:logGet(46)) - raft.server.watch.timeout = 3000ms (custom)
2023-12-26 17:43:18,583 [3e443a17-2359-4412-bc58-72a30bb0f716@group-27F9F8B444EF-LeaderElection40] INFO  server.RaftServerConfigKeys (ConfUtils.java:logGet(46)) - raft.server.watch.timeout.denomination = 1s (default)
2023-12-26 17:43:18,583 [3e443a17-2359-4412-bc58-72a30bb0f716@group-27F9F8B444EF-LeaderElection40] INFO  server.RaftServerConfigKeys (ConfUtils.java:logGet(46)) - raft.server.watch.element-limit = 65536 (default)
2023-12-26 17:43:18,583 [3e443a17-2359-4412-bc58-72a30bb0f716@group-27F9F8B444EF-LeaderElection40] INFO  server.RaftServerConfigKeys (ConfUtils.java:logGet(46)) - raft.server.read.leader.lease.enabled = false (default)
2023-12-26 17:43:18,583 [3e443a17-2359-4412-bc58-72a30bb0f716@group-27F9F8B444EF-LeaderElection40] INFO  server.RaftServerConfigKeys (ConfUtils.java:logGet(46)) - raft.server.read.leader.lease.timeout.ratio = 0.9 (default)
2023-12-26 17:43:18,583 [3e443a17-2359-4412-bc58-72a30bb0f716@group-27F9F8B444EF-LeaderElection40] INFO  server.RaftServerConfigKeys (ConfUtils.java:logGet(46)) - raft.server.rpc.timeout.min = 5s (custom)
2023-12-26 17:43:18,583 [3e443a17-2359-4412-bc58-72a30bb0f716@group-27F9F8B444EF-LeaderElection40] INFO  server.RaftServerConfigKeys (ConfUtils.java:logGet(46)) - raft.server.write.element-limit = 1024 (custom)
2023-12-26 17:43:18,583 [3e443a17-2359-4412-bc58-72a30bb0f716@group-27F9F8B444EF-LeaderElection40] INFO  server.RaftServerConfigKeys (ConfUtils.java:logGet(46)) - raft.server.write.follower.gap.ratio.max = -1.0 (default)
2023-12-26 17:43:18,583 [3e443a17-2359-4412-bc58-72a30bb0f716@group-27F9F8B444EF-LeaderElection40] INFO  server.RaftServerConfigKeys (ConfUtils.java:logGet(46)) - raft.server.log.appender.snapshot.chunk.size.max = 16MB (=16777216) (default)
2023-12-26 17:43:18,583 [3e443a17-2359-4412-bc58-72a30bb0f716@group-27F9F8B444EF-LeaderElection40] INFO  server.RaftServerConfigKeys (ConfUtils.java:logGet(46)) - raft.server.log.appender.buffer.byte-limit = 8388608 (custom)
2023-12-26 17:43:18,583 [3e443a17-2359-4412-bc58-72a30bb0f716@group-27F9F8B444EF-LeaderElection40] INFO  server.RaftServerConfigKeys (ConfUtils.java:logGet(46)) - raft.server.log.appender.buffer.element-limit = 1 (custom)
2023-12-26 17:43:18,583 [3e443a17-2359-4412-bc58-72a30bb0f716@group-27F9F8B444EF-LeaderElection40] INFO  server.RaftServerConfigKeys (ConfUtils.java:logGet(46)) - raft.server.log.appender.wait-time.min = 0ms (custom)
2023-12-26 17:43:18,583 [3e443a17-2359-4412-bc58-72a30bb0f716@group-27F9F8B444EF-LeaderElection40] INFO  grpc.GrpcConfigKeys (ConfUtils.java:logGet(46)) - raft.grpc.server.leader.outstanding.appends.max = 8 (default)
2023-12-26 17:43:18,584 [3e443a17-2359-4412-bc58-72a30bb0f716@group-27F9F8B444EF-LeaderElection40] INFO  server.RaftServerConfigKeys (ConfUtils.java:logGet(46)) - raft.server.rpc.request.timeout = 3000ms (default)
2023-12-26 17:43:18,584 [3e443a17-2359-4412-bc58-72a30bb0f716@group-27F9F8B444EF-LeaderElection40] INFO  grpc.GrpcConfigKeys (ConfUtils.java:logGet(46)) - raft.grpc.server.install_snapshot.request.element-limit = 8 (default)
2023-12-26 17:43:18,584 [3e443a17-2359-4412-bc58-72a30bb0f716@group-27F9F8B444EF-LeaderElection40] INFO  grpc.GrpcConfigKeys (ConfUtils.java:logGet(46)) - raft.grpc.server.install_snapshot.request.timeout = 3000ms (default)
2023-12-26 17:43:18,584 [3e443a17-2359-4412-bc58-72a30bb0f716@group-27F9F8B444EF-LeaderElection40] INFO  server.RaftServerConfigKeys (ConfUtils.java:logGet(46)) - raft.server.log.appender.install.snapshot.enabled = false (custom)
2023-12-26 17:43:18,584 [3e443a17-2359-4412-bc58-72a30bb0f716@group-27F9F8B444EF-LeaderElection40] INFO  grpc.GrpcConfigKeys (ConfUtils.java:logGet(46)) - raft.grpc.server.heartbeat.channel = true (default)
2023-12-26 17:43:18,584 [3e443a17-2359-4412-bc58-72a30bb0f716@group-27F9F8B444EF-LeaderElection40] INFO  server.RaftServerConfigKeys (ConfUtils.java:logGet(46)) - raft.server.log.appender.snapshot.chunk.size.max = 16MB (=16777216) (default)
2023-12-26 17:43:18,584 [3e443a17-2359-4412-bc58-72a30bb0f716@group-27F9F8B444EF-LeaderElection40] INFO  server.RaftServerConfigKeys (ConfUtils.java:logGet(46)) - raft.server.log.appender.buffer.byte-limit = 8388608 (custom)
2023-12-26 17:43:18,584 [3e443a17-2359-4412-bc58-72a30bb0f716@group-27F9F8B444EF-LeaderElection40] INFO  server.RaftServerConfigKeys (ConfUtils.java:logGet(46)) - raft.server.log.appender.buffer.element-limit = 1 (custom)
2023-12-26 17:43:18,584 [3e443a17-2359-4412-bc58-72a30bb0f716@group-27F9F8B444EF-LeaderElection40] INFO  server.RaftServerConfigKeys (ConfUtils.java:logGet(46)) - raft.server.log.appender.wait-time.min = 0ms (custom)
2023-12-26 17:43:18,584 [3e443a17-2359-4412-bc58-72a30bb0f716@group-27F9F8B444EF-LeaderElection40] INFO  grpc.GrpcConfigKeys (ConfUtils.java:logGet(46)) - raft.grpc.server.leader.outstanding.appends.max = 8 (default)
2023-12-26 17:43:18,584 [3e443a17-2359-4412-bc58-72a30bb0f716@group-27F9F8B444EF-LeaderElection40] INFO  server.RaftServerConfigKeys (ConfUtils.java:logGet(46)) - raft.server.rpc.request.timeout = 3000ms (default)
2023-12-26 17:43:18,584 [3e443a17-2359-4412-bc58-72a30bb0f716@group-27F9F8B444EF-LeaderElection40] INFO  grpc.GrpcConfigKeys (ConfUtils.java:logGet(46)) - raft.grpc.server.install_snapshot.request.element-limit = 8 (default)
2023-12-26 17:43:18,584 [3e443a17-2359-4412-bc58-72a30bb0f716@group-27F9F8B444EF-LeaderElection40] INFO  grpc.GrpcConfigKeys (ConfUtils.java:logGet(46)) - raft.grpc.server.install_snapshot.request.timeout = 3000ms (default)
2023-12-26 17:43:18,584 [3e443a17-2359-4412-bc58-72a30bb0f716@group-27F9F8B444EF-LeaderElection40] INFO  server.RaftServerConfigKeys (ConfUtils.java:logGet(46)) - raft.server.log.appender.install.snapshot.enabled = false (custom)
2023-12-26 17:43:18,584 [3e443a17-2359-4412-bc58-72a30bb0f716@group-27F9F8B444EF-LeaderElection40] INFO  grpc.GrpcConfigKeys (ConfUtils.java:logGet(46)) - raft.grpc.server.heartbeat.channel = true (default)
2023-12-26 17:43:18,585 [3e443a17-2359-4412-bc58-72a30bb0f716@group-27F9F8B444EF-LeaderElection40] INFO  impl.RoleInfo (RoleInfo.java:updateAndGet(139)) - 3e443a17-2359-4412-bc58-72a30bb0f716: start 3e443a17-2359-4412-bc58-72a30bb0f716@group-27F9F8B444EF-LeaderStateImpl
2023-12-26 17:43:18,585 [3e443a17-2359-4412-bc58-72a30bb0f716@group-27F9F8B444EF-LeaderElection40] INFO  server.RaftServer$Division (RaftServerImpl.java:setFirstElection(564)) - 3e443a17-2359-4412-bc58-72a30bb0f716@group-27F9F8B444EF: set firstElectionSinceStartup to false for becomeLeader
2023-12-26 17:43:18,585 [3e443a17-2359-4412-bc58-72a30bb0f716@group-27F9F8B444EF-LeaderElection40] INFO  ratis.XceiverServerRatis (XceiverServerRatis.java:handleLeaderChangedNotification(935)) - Leader change notification received for group: group-27F9F8B444EF with new leaderId: 3e443a17-2359-4412-bc58-72a30bb0f716
2023-12-26 17:43:18,585 [3e443a17-2359-4412-bc58-72a30bb0f716@group-27F9F8B444EF-LeaderElection40] INFO  server.RaftServer$Division (ServerState.java:setLeader(265)) - 3e443a17-2359-4412-bc58-72a30bb0f716@group-27F9F8B444EF: change Leader from null to 3e443a17-2359-4412-bc58-72a30bb0f716 at term 1 for becomeLeader, leader elected after 5114ms
2023-12-26 17:43:18,585 [3e443a17-2359-4412-bc58-72a30bb0f716@group-27F9F8B444EF-LeaderElection40] INFO  segmented.SegmentedRaftLogWorker (SegmentedRaftLogWorker.java:startLogSegment(428)) - 3e443a17-2359-4412-bc58-72a30bb0f716@group-27F9F8B444EF-SegmentedRaftLogWorker: Starting segment from index:0
2023-12-26 17:43:18,586 [3e443a17-2359-4412-bc58-72a30bb0f716@group-27F9F8B444EF-LeaderElection40] INFO  server.RaftServer$Division (ServerState.java:setRaftConf(382)) - 3e443a17-2359-4412-bc58-72a30bb0f716@group-27F9F8B444EF: set configuration 0: peers:[2600465e-836b-4590-acf2-1a77fd870a2a|10.1.0.4:15192, 330054a7-df09-49b5-8777-358ad940382e|10.1.0.4:15210, 3e443a17-2359-4412-bc58-72a30bb0f716|10.1.0.4:15201]|listeners:[], old=null
2023-12-26 17:43:18,587 [EventQueue-PipelineReportForPipelineReportHandler] INFO  pipeline.PipelineReportHandler (PipelineReportHandler.java:processPipelineReport(136)) - Opened pipeline PipelineID=dfe792a5-8fa0-47ef-a35a-27f9f8b444ef
2023-12-26 17:43:18,587 [EventQueue-OpenPipelineForHealthyPipelineSafeModeRule] INFO  safemode.SCMSafeModeManager (HealthyPipelineSafeModeRule.java:process(140)) - SCM in safe mode. Healthy pipelines reported count is 0, required healthy pipeline reported count is 1
2023-12-26 17:43:18,587 [EventQueue-OpenPipelineForHealthyPipelineSafeModeRule] INFO  safemode.SCMSafeModeManager (HealthyPipelineSafeModeRule.java:process(140)) - SCM in safe mode. Healthy pipelines reported count is 1, required healthy pipeline reported count is 1
2023-12-26 17:43:18,587 [EventQueue-OpenPipelineForHealthyPipelineSafeModeRule] INFO  safemode.SCMSafeModeManager (SCMSafeModeManager.java:validateSafeModeExitRules(200)) - HealthyPipelineSafeModeRule rule is successfully validated
2023-12-26 17:43:18,587 [EventQueue-OpenPipelineForHealthyPipelineSafeModeRule] INFO  safemode.SCMSafeModeManager (SCMSafeModeManager.java:validateSafeModeExitRules(215)) - ScmSafeModeManager, all rules are successfully validated
2023-12-26 17:43:18,587 [EventQueue-OpenPipelineForHealthyPipelineSafeModeRule] INFO  safemode.SCMSafeModeManager (SCMSafeModeManager.java:exitSafeMode(244)) - SCM exiting safe mode.
2023-12-26 17:43:18,587 [EventQueue-OpenPipelineForHealthyPipelineSafeModeRule] INFO  ha.SCMContext (SCMContext.java:updateSafeModeStatus(230)) - Update SafeModeStatus from SafeModeStatus{safeModeStatus=true, preCheckPassed=true} to SafeModeStatus{safeModeStatus=false, preCheckPassed=true}.
2023-12-26 17:43:18,587 [EventQueue-OpenPipelineForHealthyPipelineSafeModeRule] INFO  pipeline.BackgroundPipelineCreator (BackgroundPipelineCreator.java:notifyStatusChanged(258)) - Service BackgroundPipelineCreator transitions to RUNNING.
2023-12-26 17:43:18,587 [EventQueue-OpenPipelineForHealthyPipelineSafeModeRule] INFO  BackgroundPipelineScrubber (BackgroundSCMService.java:notifyStatusChanged(82)) - Service BackgroundPipelineScrubber transitions to RUNNING.
2023-12-26 17:43:18,587 [EventQueue-OpenPipelineForHealthyPipelineSafeModeRule] INFO  ExpiredContainerReplicaOpScrubber (BackgroundSCMService.java:notifyStatusChanged(82)) - Service ExpiredContainerReplicaOpScrubber transitions to RUNNING.
2023-12-26 17:43:18,587 [EventQueue-OpenPipelineForHealthyPipelineSafeModeRule] INFO  replication.ReplicationManager (ReplicationManager.java:notifyStatusChanged(1401)) - Service ReplicationManager transitions to RUNNING.
2023-12-26 17:43:18,588 [EventQueue-OpenPipelineForHealthyPipelineSafeModeRule] WARN  balancer.ContainerBalancer (ContainerBalancer.java:shouldRun(134)) - Could not find persisted configuration for ContainerBalancer when checking if ContainerBalancer should run. ContainerBalancer should not run now.
2023-12-26 17:43:18,592 [2600465e-836b-4590-acf2-1a77fd870a2a-server-thread1] INFO  ratis.XceiverServerRatis (XceiverServerRatis.java:handleLeaderChangedNotification(935)) - Leader change notification received for group: group-27F9F8B444EF with new leaderId: 3e443a17-2359-4412-bc58-72a30bb0f716
2023-12-26 17:43:18,592 [2600465e-836b-4590-acf2-1a77fd870a2a-server-thread1] INFO  server.RaftServer$Division (ServerState.java:setLeader(265)) - 2600465e-836b-4590-acf2-1a77fd870a2a@group-27F9F8B444EF: change Leader from null to 3e443a17-2359-4412-bc58-72a30bb0f716 at term 1 for appendEntries, leader elected after 5148ms
2023-12-26 17:43:18,593 [330054a7-df09-49b5-8777-358ad940382e-server-thread1] INFO  ratis.XceiverServerRatis (XceiverServerRatis.java:handleLeaderChangedNotification(935)) - Leader change notification received for group: group-27F9F8B444EF with new leaderId: 3e443a17-2359-4412-bc58-72a30bb0f716
2023-12-26 17:43:18,594 [330054a7-df09-49b5-8777-358ad940382e-server-thread1] INFO  server.RaftServer$Division (ServerState.java:setLeader(265)) - 330054a7-df09-49b5-8777-358ad940382e@group-27F9F8B444EF: change Leader from null to 3e443a17-2359-4412-bc58-72a30bb0f716 at term 1 for appendEntries, leader elected after 5098ms
2023-12-26 17:43:18,594 [2600465e-836b-4590-acf2-1a77fd870a2a-server-thread3] INFO  server.RaftServer$Division (ServerState.java:setRaftConf(382)) - 2600465e-836b-4590-acf2-1a77fd870a2a@group-27F9F8B444EF: set configuration 0: peers:[2600465e-836b-4590-acf2-1a77fd870a2a|10.1.0.4:15192, 330054a7-df09-49b5-8777-358ad940382e|10.1.0.4:15210, 3e443a17-2359-4412-bc58-72a30bb0f716|10.1.0.4:15201]|listeners:[], old=null
2023-12-26 17:43:18,594 [2600465e-836b-4590-acf2-1a77fd870a2a-server-thread3] INFO  segmented.SegmentedRaftLogWorker (SegmentedRaftLogWorker.java:startLogSegment(428)) - 2600465e-836b-4590-acf2-1a77fd870a2a@group-27F9F8B444EF-SegmentedRaftLogWorker: Starting segment from index:0
2023-12-26 17:43:18,595 [330054a7-df09-49b5-8777-358ad940382e-server-thread2] INFO  server.RaftServer$Division (ServerState.java:setRaftConf(382)) - 330054a7-df09-49b5-8777-358ad940382e@group-27F9F8B444EF: set configuration 0: peers:[2600465e-836b-4590-acf2-1a77fd870a2a|10.1.0.4:15192, 330054a7-df09-49b5-8777-358ad940382e|10.1.0.4:15210, 3e443a17-2359-4412-bc58-72a30bb0f716|10.1.0.4:15201]|listeners:[], old=null
2023-12-26 17:43:18,596 [330054a7-df09-49b5-8777-358ad940382e-server-thread2] INFO  segmented.SegmentedRaftLogWorker (SegmentedRaftLogWorker.java:startLogSegment(428)) - 330054a7-df09-49b5-8777-358ad940382e@group-27F9F8B444EF-SegmentedRaftLogWorker: Starting segment from index:0
2023-12-26 17:43:18,596 [3e443a17-2359-4412-bc58-72a30bb0f716@group-27F9F8B444EF-SegmentedRaftLogWorker] INFO  segmented.SegmentedRaftLogWorker (SegmentedRaftLogWorker.java:execute(632)) - 3e443a17-2359-4412-bc58-72a30bb0f716@group-27F9F8B444EF-SegmentedRaftLogWorker: created new log segment /home/runner/work/ozone/ozone/hadoop-ozone/integration-test/target/test-dir/MiniOzoneClusterImpl-a136b03b-8403-429e-9870-8bf85e606ef3/datanode-1/data/ratis/dfe792a5-8fa0-47ef-a35a-27f9f8b444ef/current/log_inprogress_0
2023-12-26 17:43:18,610 [2600465e-836b-4590-acf2-1a77fd870a2a@group-27F9F8B444EF-SegmentedRaftLogWorker] INFO  segmented.SegmentedRaftLogWorker (SegmentedRaftLogWorker.java:execute(632)) - 2600465e-836b-4590-acf2-1a77fd870a2a@group-27F9F8B444EF-SegmentedRaftLogWorker: created new log segment /home/runner/work/ozone/ozone/hadoop-ozone/integration-test/target/test-dir/MiniOzoneClusterImpl-a136b03b-8403-429e-9870-8bf85e606ef3/datanode-0/data/ratis/dfe792a5-8fa0-47ef-a35a-27f9f8b444ef/current/log_inprogress_0
2023-12-26 17:43:18,612 [3e443a17-2359-4412-bc58-72a30bb0f716@group-27F9F8B444EF-StateMachineUpdater] INFO  server.RaftServer$Division (LeaderStateImpl.java:isApplied(316)) - leader is ready since appliedIndex == 0 >= startIndex == 0
2023-12-26 17:43:18,612 [330054a7-df09-49b5-8777-358ad940382e@group-27F9F8B444EF-SegmentedRaftLogWorker] INFO  segmented.SegmentedRaftLogWorker (SegmentedRaftLogWorker.java:execute(632)) - 330054a7-df09-49b5-8777-358ad940382e@group-27F9F8B444EF-SegmentedRaftLogWorker: created new log segment /home/runner/work/ozone/ozone/hadoop-ozone/integration-test/target/test-dir/MiniOzoneClusterImpl-a136b03b-8403-429e-9870-8bf85e606ef3/datanode-2/data/ratis/dfe792a5-8fa0-47ef-a35a-27f9f8b444ef/current/log_inprogress_0
2023-12-26 17:43:18,627 [2600465e-836b-4590-acf2-1a77fd870a2a@group-A589D40A8198-FollowerState] INFO  impl.FollowerState (FollowerState.java:run(143)) - 2600465e-836b-4590-acf2-1a77fd870a2a@group-A589D40A8198-FollowerState: change to CANDIDATE, lastRpcElapsedTime:5186468606ns, electionTimeout:5186ms
2023-12-26 17:43:18,627 [2600465e-836b-4590-acf2-1a77fd870a2a@group-A589D40A8198-FollowerState] INFO  impl.RoleInfo (RoleInfo.java:shutdownFollowerState(110)) - 2600465e-836b-4590-acf2-1a77fd870a2a: shutdown 2600465e-836b-4590-acf2-1a77fd870a2a@group-A589D40A8198-FollowerState
2023-12-26 17:43:18,627 [2600465e-836b-4590-acf2-1a77fd870a2a@group-A589D40A8198-FollowerState] INFO  server.RaftServer$Division (RaftServerImpl.java:setRole(379)) - 2600465e-836b-4590-acf2-1a77fd870a2a@group-A589D40A8198: changes role from  FOLLOWER to CANDIDATE at term 0 for changeToCandidate
2023-12-26 17:43:18,627 [2600465e-836b-4590-acf2-1a77fd870a2a@group-A589D40A8198-FollowerState] INFO  server.RaftServerConfigKeys (ConfUtils.java:logGet(46)) - raft.server.leaderelection.pre-vote = true (default)
2023-12-26 17:43:18,627 [2600465e-836b-4590-acf2-1a77fd870a2a@group-A589D40A8198-FollowerState] INFO  impl.RoleInfo (RoleInfo.java:updateAndGet(139)) - 2600465e-836b-4590-acf2-1a77fd870a2a: start 2600465e-836b-4590-acf2-1a77fd870a2a@group-A589D40A8198-LeaderElection41
2023-12-26 17:43:18,629 [2600465e-836b-4590-acf2-1a77fd870a2a@group-A589D40A8198-LeaderElection41] INFO  impl.LeaderElection (LeaderElection.java:askForVotes(323)) - 2600465e-836b-4590-acf2-1a77fd870a2a@group-A589D40A8198-LeaderElection41 PRE_VOTE round 0: submit vote requests at term 0 for -1: peers:[2600465e-836b-4590-acf2-1a77fd870a2a|10.1.0.4:15192]|listeners:[], old=null
2023-12-26 17:43:18,629 [2600465e-836b-4590-acf2-1a77fd870a2a@group-A589D40A8198-LeaderElection41] INFO  impl.LeaderElection (LeaderElection.java:askForVotes(325)) - 2600465e-836b-4590-acf2-1a77fd870a2a@group-A589D40A8198-LeaderElection41 PRE_VOTE round 0: result PASSED (term=0)
2023-12-26 17:43:18,630 [2600465e-836b-4590-acf2-1a77fd870a2a@group-A589D40A8198-LeaderElection41] INFO  impl.LeaderElection (LeaderElection.java:askForVotes(323)) - 2600465e-836b-4590-acf2-1a77fd870a2a@group-A589D40A8198-LeaderElection41 ELECTION round 0: submit vote requests at term 1 for -1: peers:[2600465e-836b-4590-acf2-1a77fd870a2a|10.1.0.4:15192]|listeners:[], old=null
2023-12-26 17:43:18,630 [2600465e-836b-4590-acf2-1a77fd870a2a@group-A589D40A8198-LeaderElection41] INFO  impl.LeaderElection (LeaderElection.java:askForVotes(325)) - 2600465e-836b-4590-acf2-1a77fd870a2a@group-A589D40A8198-LeaderElection41 ELECTION round 0: result PASSED (term=1)
2023-12-26 17:43:18,630 [2600465e-836b-4590-acf2-1a77fd870a2a@group-A589D40A8198-LeaderElection41] INFO  impl.RoleInfo (RoleInfo.java:shutdownLeaderElection(130)) - 2600465e-836b-4590-acf2-1a77fd870a2a: shutdown 2600465e-836b-4590-acf2-1a77fd870a2a@group-A589D40A8198-LeaderElection41
2023-12-26 17:43:18,630 [2600465e-836b-4590-acf2-1a77fd870a2a@group-A589D40A8198-LeaderElection41] INFO  server.RaftServer$Division (RaftServerImpl.java:setRole(379)) - 2600465e-836b-4590-acf2-1a77fd870a2a@group-A589D40A8198: changes role from CANDIDATE to LEADER at term 1 for changeToLeader
2023-12-26 17:43:18,630 [2600465e-836b-4590-acf2-1a77fd870a2a@group-A589D40A8198-LeaderElection41] INFO  server.RaftServerConfigKeys (ConfUtils.java:logGet(46)) - raft.server.staging.catchup.gap = 1000 (default)
2023-12-26 17:43:18,630 [2600465e-836b-4590-acf2-1a77fd870a2a@group-A589D40A8198-LeaderElection41] INFO  server.RaftServerConfigKeys (ConfUtils.java:logGet(46)) - raft.server.write.element-limit = 1024 (custom)
2023-12-26 17:43:18,630 [2600465e-836b-4590-acf2-1a77fd870a2a@group-A589D40A8198-LeaderElection41] INFO  server.RaftServerConfigKeys (ConfUtils.java:logGet(46)) - raft.server.write.byte-limit = 1024 M (=1073741824) (custom)
2023-12-26 17:43:18,630 [2600465e-836b-4590-acf2-1a77fd870a2a@group-A589D40A8198-LeaderElection41] INFO  server.RaftServerConfigKeys (ConfUtils.java:logGet(46)) - raft.server.watch.timeout = 3000ms (custom)
2023-12-26 17:43:18,630 [2600465e-836b-4590-acf2-1a77fd870a2a@group-A589D40A8198-LeaderElection41] INFO  server.RaftServerConfigKeys (ConfUtils.java:logGet(46)) - raft.server.watch.timeout.denomination = 1s (default)
2023-12-26 17:43:18,630 [2600465e-836b-4590-acf2-1a77fd870a2a@group-A589D40A8198-LeaderElection41] INFO  server.RaftServerConfigKeys (ConfUtils.java:logGet(46)) - raft.server.watch.element-limit = 65536 (default)
2023-12-26 17:43:18,630 [2600465e-836b-4590-acf2-1a77fd870a2a@group-A589D40A8198-LeaderElection41] INFO  server.RaftServerConfigKeys (ConfUtils.java:logGet(46)) - raft.server.read.leader.lease.enabled = false (default)
2023-12-26 17:43:18,630 [2600465e-836b-4590-acf2-1a77fd870a2a@group-A589D40A8198-LeaderElection41] INFO  server.RaftServerConfigKeys (ConfUtils.java:logGet(46)) - raft.server.read.leader.lease.timeout.ratio = 0.9 (default)
2023-12-26 17:43:18,630 [2600465e-836b-4590-acf2-1a77fd870a2a@group-A589D40A8198-LeaderElection41] INFO  server.RaftServerConfigKeys (ConfUtils.java:logGet(46)) - raft.server.rpc.timeout.min = 5s (custom)
2023-12-26 17:43:18,630 [2600465e-836b-4590-acf2-1a77fd870a2a@group-A589D40A8198-LeaderElection41] INFO  server.RaftServerConfigKeys (ConfUtils.java:logGet(46)) - raft.server.write.element-limit = 1024 (custom)
2023-12-26 17:43:18,631 [2600465e-836b-4590-acf2-1a77fd870a2a@group-A589D40A8198-LeaderElection41] INFO  server.RaftServerConfigKeys (ConfUtils.java:logGet(46)) - raft.server.write.follower.gap.ratio.max = -1.0 (default)
2023-12-26 17:43:18,631 [2600465e-836b-4590-acf2-1a77fd870a2a@group-A589D40A8198-LeaderElection41] INFO  impl.RoleInfo (RoleInfo.java:updateAndGet(139)) - 2600465e-836b-4590-acf2-1a77fd870a2a: start 2600465e-836b-4590-acf2-1a77fd870a2a@group-A589D40A8198-LeaderStateImpl
2023-12-26 17:43:18,631 [2600465e-836b-4590-acf2-1a77fd870a2a@group-A589D40A8198-LeaderElection41] INFO  server.RaftServer$Division (RaftServerImpl.java:setFirstElection(564)) - 2600465e-836b-4590-acf2-1a77fd870a2a@group-A589D40A8198: set firstElectionSinceStartup to false for becomeLeader
2023-12-26 17:43:18,631 [2600465e-836b-4590-acf2-1a77fd870a2a@group-A589D40A8198-LeaderElection41] INFO  ratis.XceiverServerRatis (XceiverServerRatis.java:handleLeaderChangedNotification(935)) - Leader change notification received for group: group-A589D40A8198 with new leaderId: 2600465e-836b-4590-acf2-1a77fd870a2a
2023-12-26 17:43:18,631 [2600465e-836b-4590-acf2-1a77fd870a2a@group-A589D40A8198-LeaderElection41] INFO  server.RaftServer$Division (ServerState.java:setLeader(265)) - 2600465e-836b-4590-acf2-1a77fd870a2a@group-A589D40A8198: change Leader from null to 2600465e-836b-4590-acf2-1a77fd870a2a at term 1 for becomeLeader, leader elected after 5203ms
2023-12-26 17:43:18,631 [2600465e-836b-4590-acf2-1a77fd870a2a@group-A589D40A8198-LeaderElection41] INFO  segmented.SegmentedRaftLogWorker (SegmentedRaftLogWorker.java:startLogSegment(428)) - 2600465e-836b-4590-acf2-1a77fd870a2a@group-A589D40A8198-SegmentedRaftLogWorker: Starting segment from index:0
2023-12-26 17:43:18,634 [2600465e-836b-4590-acf2-1a77fd870a2a@group-A589D40A8198-LeaderElection41] INFO  server.RaftServer$Division (ServerState.java:setRaftConf(382)) - 2600465e-836b-4590-acf2-1a77fd870a2a@group-A589D40A8198: set configuration 0: peers:[2600465e-836b-4590-acf2-1a77fd870a2a|10.1.0.4:15192]|listeners:[], old=null
2023-12-26 17:43:18,638 [2600465e-836b-4590-acf2-1a77fd870a2a@group-A589D40A8198-SegmentedRaftLogWorker] INFO  segmented.SegmentedRaftLogWorker (SegmentedRaftLogWorker.java:execute(632)) - 2600465e-836b-4590-acf2-1a77fd870a2a@group-A589D40A8198-SegmentedRaftLogWorker: created new log segment /home/runner/work/ozone/ozone/hadoop-ozone/integration-test/target/test-dir/MiniOzoneClusterImpl-a136b03b-8403-429e-9870-8bf85e606ef3/datanode-0/data/ratis/1d312c80-c577-4afe-adf9-a589d40a8198/current/log_inprogress_0
2023-12-26 17:43:18,639 [2600465e-836b-4590-acf2-1a77fd870a2a@group-A589D40A8198-StateMachineUpdater] INFO  server.RaftServer$Division (LeaderStateImpl.java:isApplied(316)) - leader is ready since appliedIndex == 0 >= startIndex == 0
2023-12-26 17:43:18,647 [330054a7-df09-49b5-8777-358ad940382e@group-122B40878816-FollowerState] INFO  impl.FollowerState (FollowerState.java:run(143)) - 330054a7-df09-49b5-8777-358ad940382e@group-122B40878816-FollowerState: change to CANDIDATE, lastRpcElapsedTime:5001763144ns, electionTimeout:5000ms
2023-12-26 17:43:18,647 [330054a7-df09-49b5-8777-358ad940382e@group-122B40878816-FollowerState] INFO  impl.RoleInfo (RoleInfo.java:shutdownFollowerState(110)) - 330054a7-df09-49b5-8777-358ad940382e: shutdown 330054a7-df09-49b5-8777-358ad940382e@group-122B40878816-FollowerState
2023-12-26 17:43:18,647 [330054a7-df09-49b5-8777-358ad940382e@group-122B40878816-FollowerState] INFO  server.RaftServer$Division (RaftServerImpl.java:setRole(379)) - 330054a7-df09-49b5-8777-358ad940382e@group-122B40878816: changes role from  FOLLOWER to CANDIDATE at term 0 for changeToCandidate
2023-12-26 17:43:18,647 [330054a7-df09-49b5-8777-358ad940382e@group-122B40878816-FollowerState] INFO  server.RaftServerConfigKeys (ConfUtils.java:logGet(46)) - raft.server.leaderelection.pre-vote = true (default)
2023-12-26 17:43:18,647 [330054a7-df09-49b5-8777-358ad940382e@group-122B40878816-FollowerState] INFO  impl.RoleInfo (RoleInfo.java:updateAndGet(139)) - 330054a7-df09-49b5-8777-358ad940382e: start 330054a7-df09-49b5-8777-358ad940382e@group-122B40878816-LeaderElection42
2023-12-26 17:43:18,648 [330054a7-df09-49b5-8777-358ad940382e@group-122B40878816-LeaderElection42] INFO  impl.LeaderElection (LeaderElection.java:askForVotes(323)) - 330054a7-df09-49b5-8777-358ad940382e@group-122B40878816-LeaderElection42 PRE_VOTE round 0: submit vote requests at term 0 for -1: peers:[330054a7-df09-49b5-8777-358ad940382e|10.1.0.4:15210]|listeners:[], old=null
2023-12-26 17:43:18,648 [330054a7-df09-49b5-8777-358ad940382e@group-122B40878816-LeaderElection42] INFO  impl.LeaderElection (LeaderElection.java:askForVotes(325)) - 330054a7-df09-49b5-8777-358ad940382e@group-122B40878816-LeaderElection42 PRE_VOTE round 0: result PASSED (term=0)
2023-12-26 17:43:18,649 [330054a7-df09-49b5-8777-358ad940382e@group-122B40878816-LeaderElection42] INFO  impl.LeaderElection (LeaderElection.java:askForVotes(323)) - 330054a7-df09-49b5-8777-358ad940382e@group-122B40878816-LeaderElection42 ELECTION round 0: submit vote requests at term 1 for -1: peers:[330054a7-df09-49b5-8777-358ad940382e|10.1.0.4:15210]|listeners:[], old=null
2023-12-26 17:43:18,649 [330054a7-df09-49b5-8777-358ad940382e@group-122B40878816-LeaderElection42] INFO  impl.LeaderElection (LeaderElection.java:askForVotes(325)) - 330054a7-df09-49b5-8777-358ad940382e@group-122B40878816-LeaderElection42 ELECTION round 0: result PASSED (term=1)
2023-12-26 17:43:18,649 [330054a7-df09-49b5-8777-358ad940382e@group-122B40878816-LeaderElection42] INFO  impl.RoleInfo (RoleInfo.java:shutdownLeaderElection(130)) - 330054a7-df09-49b5-8777-358ad940382e: shutdown 330054a7-df09-49b5-8777-358ad940382e@group-122B40878816-LeaderElection42
2023-12-26 17:43:18,649 [330054a7-df09-49b5-8777-358ad940382e@group-122B40878816-LeaderElection42] INFO  server.RaftServer$Division (RaftServerImpl.java:setRole(379)) - 330054a7-df09-49b5-8777-358ad940382e@group-122B40878816: changes role from CANDIDATE to LEADER at term 1 for changeToLeader
2023-12-26 17:43:18,649 [330054a7-df09-49b5-8777-358ad940382e@group-122B40878816-LeaderElection42] INFO  server.RaftServerConfigKeys (ConfUtils.java:logGet(46)) - raft.server.staging.catchup.gap = 1000 (default)
2023-12-26 17:43:18,650 [330054a7-df09-49b5-8777-358ad940382e@group-122B40878816-LeaderElection42] INFO  server.RaftServerConfigKeys (ConfUtils.java:logGet(46)) - raft.server.write.element-limit = 1024 (custom)
2023-12-26 17:43:18,650 [330054a7-df09-49b5-8777-358ad940382e@group-122B40878816-LeaderElection42] INFO  server.RaftServerConfigKeys (ConfUtils.java:logGet(46)) - raft.server.write.byte-limit = 1024 M (=1073741824) (custom)
2023-12-26 17:43:18,650 [330054a7-df09-49b5-8777-358ad940382e@group-122B40878816-LeaderElection42] INFO  server.RaftServerConfigKeys (ConfUtils.java:logGet(46)) - raft.server.watch.timeout = 3000ms (custom)
2023-12-26 17:43:18,650 [330054a7-df09-49b5-8777-358ad940382e@group-122B40878816-LeaderElection42] INFO  server.RaftServerConfigKeys (ConfUtils.java:logGet(46)) - raft.server.watch.timeout.denomination = 1s (default)
2023-12-26 17:43:18,650 [330054a7-df09-49b5-8777-358ad940382e@group-122B40878816-LeaderElection42] INFO  server.RaftServerConfigKeys (ConfUtils.java:logGet(46)) - raft.server.watch.element-limit = 65536 (default)
2023-12-26 17:43:18,650 [330054a7-df09-49b5-8777-358ad940382e@group-122B40878816-LeaderElection42] INFO  server.RaftServerConfigKeys (ConfUtils.java:logGet(46)) - raft.server.read.leader.lease.enabled = false (default)
2023-12-26 17:43:18,650 [330054a7-df09-49b5-8777-358ad940382e@group-122B40878816-LeaderElection42] INFO  server.RaftServerConfigKeys (ConfUtils.java:logGet(46)) - raft.server.read.leader.lease.timeout.ratio = 0.9 (default)
2023-12-26 17:43:18,650 [330054a7-df09-49b5-8777-358ad940382e@group-122B40878816-LeaderElection42] INFO  server.RaftServerConfigKeys (ConfUtils.java:logGet(46)) - raft.server.rpc.timeout.min = 5s (custom)
2023-12-26 17:43:18,650 [330054a7-df09-49b5-8777-358ad940382e@group-122B40878816-LeaderElection42] INFO  server.RaftServerConfigKeys (ConfUtils.java:logGet(46)) - raft.server.write.element-limit = 1024 (custom)
2023-12-26 17:43:18,650 [330054a7-df09-49b5-8777-358ad940382e@group-122B40878816-LeaderElection42] INFO  server.RaftServerConfigKeys (ConfUtils.java:logGet(46)) - raft.server.write.follower.gap.ratio.max = -1.0 (default)
2023-12-26 17:43:18,650 [330054a7-df09-49b5-8777-358ad940382e@group-122B40878816-LeaderElection42] INFO  impl.RoleInfo (RoleInfo.java:updateAndGet(139)) - 330054a7-df09-49b5-8777-358ad940382e: start 330054a7-df09-49b5-8777-358ad940382e@group-122B40878816-LeaderStateImpl
2023-12-26 17:43:18,651 [330054a7-df09-49b5-8777-358ad940382e@group-122B40878816-LeaderElection42] INFO  server.RaftServer$Division (RaftServerImpl.java:setFirstElection(564)) - 330054a7-df09-49b5-8777-358ad940382e@group-122B40878816: set firstElectionSinceStartup to false for becomeLeader
2023-12-26 17:43:18,651 [330054a7-df09-49b5-8777-358ad940382e@group-122B40878816-LeaderElection42] INFO  ratis.XceiverServerRatis (XceiverServerRatis.java:handleLeaderChangedNotification(935)) - Leader change notification received for group: group-122B40878816 with new leaderId: 330054a7-df09-49b5-8777-358ad940382e
2023-12-26 17:43:18,651 [330054a7-df09-49b5-8777-358ad940382e@group-122B40878816-LeaderElection42] INFO  server.RaftServer$Division (ServerState.java:setLeader(265)) - 330054a7-df09-49b5-8777-358ad940382e@group-122B40878816: change Leader from null to 330054a7-df09-49b5-8777-358ad940382e at term 1 for becomeLeader, leader elected after 5023ms
2023-12-26 17:43:18,651 [330054a7-df09-49b5-8777-358ad940382e@group-122B40878816-LeaderElection42] INFO  segmented.SegmentedRaftLogWorker (SegmentedRaftLogWorker.java:startLogSegment(428)) - 330054a7-df09-49b5-8777-358ad940382e@group-122B40878816-SegmentedRaftLogWorker: Starting segment from index:0
2023-12-26 17:43:18,654 [330054a7-df09-49b5-8777-358ad940382e@group-122B40878816-LeaderElection42] INFO  server.RaftServer$Division (ServerState.java:setRaftConf(382)) - 330054a7-df09-49b5-8777-358ad940382e@group-122B40878816: set configuration 0: peers:[330054a7-df09-49b5-8777-358ad940382e|10.1.0.4:15210]|listeners:[], old=null
2023-12-26 17:43:18,660 [330054a7-df09-49b5-8777-358ad940382e@group-122B40878816-SegmentedRaftLogWorker] INFO  segmented.SegmentedRaftLogWorker (SegmentedRaftLogWorker.java:execute(632)) - 330054a7-df09-49b5-8777-358ad940382e@group-122B40878816-SegmentedRaftLogWorker: created new log segment /home/runner/work/ozone/ozone/hadoop-ozone/integration-test/target/test-dir/MiniOzoneClusterImpl-a136b03b-8403-429e-9870-8bf85e606ef3/datanode-2/data/ratis/a783f90b-6047-4a75-bac0-122b40878816/current/log_inprogress_0
2023-12-26 17:43:18,660 [330054a7-df09-49b5-8777-358ad940382e@group-122B40878816-StateMachineUpdater] INFO  server.RaftServer$Division (LeaderStateImpl.java:isApplied(316)) - leader is ready since appliedIndex == 0 >= startIndex == 0
2023-12-26 17:43:18,668 [3e443a17-2359-4412-bc58-72a30bb0f716@group-C46F39B56F4F-FollowerState] INFO  impl.FollowerState (FollowerState.java:run(143)) - 3e443a17-2359-4412-bc58-72a30bb0f716@group-C46F39B56F4F-FollowerState: change to CANDIDATE, lastRpcElapsedTime:5117967971ns, electionTimeout:5117ms
2023-12-26 17:43:18,668 [3e443a17-2359-4412-bc58-72a30bb0f716@group-C46F39B56F4F-FollowerState] INFO  impl.RoleInfo (RoleInfo.java:shutdownFollowerState(110)) - 3e443a17-2359-4412-bc58-72a30bb0f716: shutdown 3e443a17-2359-4412-bc58-72a30bb0f716@group-C46F39B56F4F-FollowerState
2023-12-26 17:43:18,668 [3e443a17-2359-4412-bc58-72a30bb0f716@group-C46F39B56F4F-FollowerState] INFO  server.RaftServer$Division (RaftServerImpl.java:setRole(379)) - 3e443a17-2359-4412-bc58-72a30bb0f716@group-C46F39B56F4F: changes role from  FOLLOWER to CANDIDATE at term 0 for changeToCandidate
2023-12-26 17:43:18,668 [3e443a17-2359-4412-bc58-72a30bb0f716@group-C46F39B56F4F-FollowerState] INFO  server.RaftServerConfigKeys (ConfUtils.java:logGet(46)) - raft.server.leaderelection.pre-vote = true (default)
2023-12-26 17:43:18,668 [3e443a17-2359-4412-bc58-72a30bb0f716@group-C46F39B56F4F-FollowerState] INFO  impl.RoleInfo (RoleInfo.java:updateAndGet(139)) - 3e443a17-2359-4412-bc58-72a30bb0f716: start 3e443a17-2359-4412-bc58-72a30bb0f716@group-C46F39B56F4F-LeaderElection43
2023-12-26 17:43:18,669 [3e443a17-2359-4412-bc58-72a30bb0f716@group-C46F39B56F4F-LeaderElection43] INFO  impl.LeaderElection (LeaderElection.java:askForVotes(323)) - 3e443a17-2359-4412-bc58-72a30bb0f716@group-C46F39B56F4F-LeaderElection43 PRE_VOTE round 0: submit vote requests at term 0 for -1: peers:[3e443a17-2359-4412-bc58-72a30bb0f716|10.1.0.4:15201]|listeners:[], old=null
2023-12-26 17:43:18,669 [3e443a17-2359-4412-bc58-72a30bb0f716@group-C46F39B56F4F-LeaderElection43] INFO  impl.LeaderElection (LeaderElection.java:askForVotes(325)) - 3e443a17-2359-4412-bc58-72a30bb0f716@group-C46F39B56F4F-LeaderElection43 PRE_VOTE round 0: result PASSED (term=0)
2023-12-26 17:43:18,671 [3e443a17-2359-4412-bc58-72a30bb0f716@group-C46F39B56F4F-LeaderElection43] INFO  impl.LeaderElection (LeaderElection.java:askForVotes(323)) - 3e443a17-2359-4412-bc58-72a30bb0f716@group-C46F39B56F4F-LeaderElection43 ELECTION round 0: submit vote requests at term 1 for -1: peers:[3e443a17-2359-4412-bc58-72a30bb0f716|10.1.0.4:15201]|listeners:[], old=null
2023-12-26 17:43:18,671 [3e443a17-2359-4412-bc58-72a30bb0f716@group-C46F39B56F4F-LeaderElection43] INFO  impl.LeaderElection (LeaderElection.java:askForVotes(325)) - 3e443a17-2359-4412-bc58-72a30bb0f716@group-C46F39B56F4F-LeaderElection43 ELECTION round 0: result PASSED (term=1)
2023-12-26 17:43:18,671 [3e443a17-2359-4412-bc58-72a30bb0f716@group-C46F39B56F4F-LeaderElection43] INFO  impl.RoleInfo (RoleInfo.java:shutdownLeaderElection(130)) - 3e443a17-2359-4412-bc58-72a30bb0f716: shutdown 3e443a17-2359-4412-bc58-72a30bb0f716@group-C46F39B56F4F-LeaderElection43
2023-12-26 17:43:18,671 [3e443a17-2359-4412-bc58-72a30bb0f716@group-C46F39B56F4F-LeaderElection43] INFO  server.RaftServer$Division (RaftServerImpl.java:setRole(379)) - 3e443a17-2359-4412-bc58-72a30bb0f716@group-C46F39B56F4F: changes role from CANDIDATE to LEADER at term 1 for changeToLeader
2023-12-26 17:43:18,671 [3e443a17-2359-4412-bc58-72a30bb0f716@group-C46F39B56F4F-LeaderElection43] INFO  server.RaftServerConfigKeys (ConfUtils.java:logGet(46)) - raft.server.staging.catchup.gap = 1000 (default)
2023-12-26 17:43:18,671 [3e443a17-2359-4412-bc58-72a30bb0f716@group-C46F39B56F4F-LeaderElection43] INFO  server.RaftServerConfigKeys (ConfUtils.java:logGet(46)) - raft.server.write.element-limit = 1024 (custom)
2023-12-26 17:43:18,671 [3e443a17-2359-4412-bc58-72a30bb0f716@group-C46F39B56F4F-LeaderElection43] INFO  server.RaftServerConfigKeys (ConfUtils.java:logGet(46)) - raft.server.write.byte-limit = 1024 M (=1073741824) (custom)
2023-12-26 17:43:18,671 [3e443a17-2359-4412-bc58-72a30bb0f716@group-C46F39B56F4F-LeaderElection43] INFO  server.RaftServerConfigKeys (ConfUtils.java:logGet(46)) - raft.server.watch.timeout = 3000ms (custom)
2023-12-26 17:43:18,671 [3e443a17-2359-4412-bc58-72a30bb0f716@group-C46F39B56F4F-LeaderElection43] INFO  server.RaftServerConfigKeys (ConfUtils.java:logGet(46)) - raft.server.watch.timeout.denomination = 1s (default)
2023-12-26 17:43:18,671 [3e443a17-2359-4412-bc58-72a30bb0f716@group-C46F39B56F4F-LeaderElection43] INFO  server.RaftServerConfigKeys (ConfUtils.java:logGet(46)) - raft.server.watch.element-limit = 65536 (default)
2023-12-26 17:43:18,671 [3e443a17-2359-4412-bc58-72a30bb0f716@group-C46F39B56F4F-LeaderElection43] INFO  server.RaftServerConfigKeys (ConfUtils.java:logGet(46)) - raft.server.read.leader.lease.enabled = false (default)
2023-12-26 17:43:18,671 [3e443a17-2359-4412-bc58-72a30bb0f716@group-C46F39B56F4F-LeaderElection43] INFO  server.RaftServerConfigKeys (ConfUtils.java:logGet(46)) - raft.server.read.leader.lease.timeout.ratio = 0.9 (default)
2023-12-26 17:43:18,671 [3e443a17-2359-4412-bc58-72a30bb0f716@group-C46F39B56F4F-LeaderElection43] INFO  server.RaftServerConfigKeys (ConfUtils.java:logGet(46)) - raft.server.rpc.timeout.min = 5s (custom)
2023-12-26 17:43:18,671 [3e443a17-2359-4412-bc58-72a30bb0f716@group-C46F39B56F4F-LeaderElection43] INFO  server.RaftServerConfigKeys (ConfUtils.java:logGet(46)) - raft.server.write.element-limit = 1024 (custom)
2023-12-26 17:43:18,671 [3e443a17-2359-4412-bc58-72a30bb0f716@group-C46F39B56F4F-LeaderElection43] INFO  server.RaftServerConfigKeys (ConfUtils.java:logGet(46)) - raft.server.write.follower.gap.ratio.max = -1.0 (default)
2023-12-26 17:43:18,671 [3e443a17-2359-4412-bc58-72a30bb0f716@group-C46F39B56F4F-LeaderElection43] INFO  impl.RoleInfo (RoleInfo.java:updateAndGet(139)) - 3e443a17-2359-4412-bc58-72a30bb0f716: start 3e443a17-2359-4412-bc58-72a30bb0f716@group-C46F39B56F4F-LeaderStateImpl
2023-12-26 17:43:18,671 [3e443a17-2359-4412-bc58-72a30bb0f716@group-C46F39B56F4F-LeaderElection43] INFO  server.RaftServer$Division (RaftServerImpl.java:setFirstElection(564)) - 3e443a17-2359-4412-bc58-72a30bb0f716@group-C46F39B56F4F: set firstElectionSinceStartup to false for becomeLeader
2023-12-26 17:43:18,672 [3e443a17-2359-4412-bc58-72a30bb0f716@group-C46F39B56F4F-LeaderElection43] INFO  ratis.XceiverServerRatis (XceiverServerRatis.java:handleLeaderChangedNotification(935)) - Leader change notification received for group: group-C46F39B56F4F with new leaderId: 3e443a17-2359-4412-bc58-72a30bb0f716
2023-12-26 17:43:18,672 [3e443a17-2359-4412-bc58-72a30bb0f716@group-C46F39B56F4F-LeaderElection43] INFO  server.RaftServer$Division (ServerState.java:setLeader(265)) - 3e443a17-2359-4412-bc58-72a30bb0f716@group-C46F39B56F4F: change Leader from null to 3e443a17-2359-4412-bc58-72a30bb0f716 at term 1 for becomeLeader, leader elected after 5133ms
2023-12-26 17:43:18,672 [3e443a17-2359-4412-bc58-72a30bb0f716@group-C46F39B56F4F-LeaderElection43] INFO  segmented.SegmentedRaftLogWorker (SegmentedRaftLogWorker.java:startLogSegment(428)) - 3e443a17-2359-4412-bc58-72a30bb0f716@group-C46F39B56F4F-SegmentedRaftLogWorker: Starting segment from index:0
2023-12-26 17:43:18,672 [3e443a17-2359-4412-bc58-72a30bb0f716@group-C46F39B56F4F-LeaderElection43] INFO  server.RaftServer$Division (ServerState.java:setRaftConf(382)) - 3e443a17-2359-4412-bc58-72a30bb0f716@group-C46F39B56F4F: set configuration 0: peers:[3e443a17-2359-4412-bc58-72a30bb0f716|10.1.0.4:15201]|listeners:[], old=null
2023-12-26 17:43:18,679 [3e443a17-2359-4412-bc58-72a30bb0f716@group-C46F39B56F4F-SegmentedRaftLogWorker] INFO  segmented.SegmentedRaftLogWorker (SegmentedRaftLogWorker.java:execute(632)) - 3e443a17-2359-4412-bc58-72a30bb0f716@group-C46F39B56F4F-SegmentedRaftLogWorker: created new log segment /home/runner/work/ozone/ozone/hadoop-ozone/integration-test/target/test-dir/MiniOzoneClusterImpl-a136b03b-8403-429e-9870-8bf85e606ef3/datanode-1/data/ratis/73b52b45-40a4-4261-bcf3-c46f39b56f4f/current/log_inprogress_0
2023-12-26 17:43:18,680 [3e443a17-2359-4412-bc58-72a30bb0f716@group-C46F39B56F4F-StateMachineUpdater] INFO  server.RaftServer$Division (LeaderStateImpl.java:isApplied(316)) - leader is ready since appliedIndex == 0 >= startIndex == 0
2023-12-26 17:43:18,889 [2fdbd8fa-a625-4499-b498-beec3ca4d67d@group-643A632F8583-FollowerState] INFO  impl.FollowerState (FollowerState.java:run(143)) - 2fdbd8fa-a625-4499-b498-beec3ca4d67d@group-643A632F8583-FollowerState: change to CANDIDATE, lastRpcElapsedTime:5148416844ns, electionTimeout:5148ms
2023-12-26 17:43:18,889 [2fdbd8fa-a625-4499-b498-beec3ca4d67d@group-643A632F8583-FollowerState] INFO  impl.RoleInfo (RoleInfo.java:shutdownFollowerState(110)) - 2fdbd8fa-a625-4499-b498-beec3ca4d67d: shutdown 2fdbd8fa-a625-4499-b498-beec3ca4d67d@group-643A632F8583-FollowerState
2023-12-26 17:43:18,889 [2fdbd8fa-a625-4499-b498-beec3ca4d67d@group-643A632F8583-FollowerState] INFO  server.RaftServer$Division (RaftServerImpl.java:setRole(379)) - 2fdbd8fa-a625-4499-b498-beec3ca4d67d@group-643A632F8583: changes role from  FOLLOWER to CANDIDATE at term 0 for changeToCandidate
2023-12-26 17:43:18,889 [2fdbd8fa-a625-4499-b498-beec3ca4d67d@group-643A632F8583-FollowerState] INFO  server.RaftServerConfigKeys (ConfUtils.java:logGet(46)) - raft.server.leaderelection.pre-vote = true (default)
2023-12-26 17:43:18,889 [2fdbd8fa-a625-4499-b498-beec3ca4d67d@group-643A632F8583-FollowerState] INFO  impl.RoleInfo (RoleInfo.java:updateAndGet(139)) - 2fdbd8fa-a625-4499-b498-beec3ca4d67d: start 2fdbd8fa-a625-4499-b498-beec3ca4d67d@group-643A632F8583-LeaderElection44
2023-12-26 17:43:18,891 [2fdbd8fa-a625-4499-b498-beec3ca4d67d@group-B2B466C41EFE-FollowerState] INFO  impl.FollowerState (FollowerState.java:run(143)) - 2fdbd8fa-a625-4499-b498-beec3ca4d67d@group-B2B466C41EFE-FollowerState: change to CANDIDATE, lastRpcElapsedTime:5135976821ns, electionTimeout:5135ms
2023-12-26 17:43:18,891 [2fdbd8fa-a625-4499-b498-beec3ca4d67d@group-643A632F8583-LeaderElection44] INFO  impl.LeaderElection (LeaderElection.java:askForVotes(323)) - 2fdbd8fa-a625-4499-b498-beec3ca4d67d@group-643A632F8583-LeaderElection44 PRE_VOTE round 0: submit vote requests at term 0 for -1: peers:[2fdbd8fa-a625-4499-b498-beec3ca4d67d|10.1.0.4:15219]|listeners:[], old=null
2023-12-26 17:43:18,891 [2fdbd8fa-a625-4499-b498-beec3ca4d67d@group-B2B466C41EFE-FollowerState] INFO  impl.RoleInfo (RoleInfo.java:shutdownFollowerState(110)) - 2fdbd8fa-a625-4499-b498-beec3ca4d67d: shutdown 2fdbd8fa-a625-4499-b498-beec3ca4d67d@group-B2B466C41EFE-FollowerState
2023-12-26 17:43:18,891 [2fdbd8fa-a625-4499-b498-beec3ca4d67d@group-643A632F8583-LeaderElection44] INFO  impl.LeaderElection (LeaderElection.java:askForVotes(325)) - 2fdbd8fa-a625-4499-b498-beec3ca4d67d@group-643A632F8583-LeaderElection44 PRE_VOTE round 0: result PASSED (term=0)
2023-12-26 17:43:18,891 [2fdbd8fa-a625-4499-b498-beec3ca4d67d@group-B2B466C41EFE-FollowerState] INFO  server.RaftServer$Division (RaftServerImpl.java:setRole(379)) - 2fdbd8fa-a625-4499-b498-beec3ca4d67d@group-B2B466C41EFE: changes role from  FOLLOWER to CANDIDATE at term 0 for changeToCandidate
2023-12-26 17:43:18,891 [2fdbd8fa-a625-4499-b498-beec3ca4d67d@group-B2B466C41EFE-FollowerState] INFO  server.RaftServerConfigKeys (ConfUtils.java:logGet(46)) - raft.server.leaderelection.pre-vote = true (default)
2023-12-26 17:43:18,891 [2fdbd8fa-a625-4499-b498-beec3ca4d67d@group-B2B466C41EFE-FollowerState] INFO  impl.RoleInfo (RoleInfo.java:updateAndGet(139)) - 2fdbd8fa-a625-4499-b498-beec3ca4d67d: start 2fdbd8fa-a625-4499-b498-beec3ca4d67d@group-B2B466C41EFE-LeaderElection45
2023-12-26 17:43:18,892 [2fdbd8fa-a625-4499-b498-beec3ca4d67d@group-B2B466C41EFE-LeaderElection45] INFO  impl.LeaderElection (LeaderElection.java:askForVotes(323)) - 2fdbd8fa-a625-4499-b498-beec3ca4d67d@group-B2B466C41EFE-LeaderElection45 PRE_VOTE round 0: submit vote requests at term 0 for -1: peers:[2fdbd8fa-a625-4499-b498-beec3ca4d67d|10.1.0.4:15219, 3cf20811-7a7f-4ec1-bb30-7adbebaa785f|10.1.0.4:15237, 51fc6df9-7bd5-4293-8c99-7f2eac1f74df|10.1.0.4:15228]|listeners:[], old=null
2023-12-26 17:43:18,893 [2fdbd8fa-a625-4499-b498-beec3ca4d67d@group-B2B466C41EFE-LeaderElection45-1] INFO  server.GrpcServerProtocolClient (GrpcServerProtocolClient.java:<init>(65)) - Build channel for 3cf20811-7a7f-4ec1-bb30-7adbebaa785f
2023-12-26 17:43:18,893 [2fdbd8fa-a625-4499-b498-beec3ca4d67d@group-B2B466C41EFE-LeaderElection45] INFO  server.RaftServerConfigKeys (ConfUtils.java:logFallback(53)) - raft.server.rpc.first-election.timeout.min = 5s (fallback to raft.server.rpc.timeout.min)
2023-12-26 17:43:18,893 [2fdbd8fa-a625-4499-b498-beec3ca4d67d@group-B2B466C41EFE-LeaderElection45] INFO  server.RaftServerConfigKeys (ConfUtils.java:logFallback(53)) - raft.server.rpc.first-election.timeout.max = 5200ms (fallback to raft.server.rpc.timeout.max)
2023-12-26 17:43:18,893 [2fdbd8fa-a625-4499-b498-beec3ca4d67d@group-B2B466C41EFE-LeaderElection45-2] INFO  server.GrpcServerProtocolClient (GrpcServerProtocolClient.java:<init>(65)) - Build channel for 51fc6df9-7bd5-4293-8c99-7f2eac1f74df
2023-12-26 17:43:18,894 [2fdbd8fa-a625-4499-b498-beec3ca4d67d@group-643A632F8583-LeaderElection44] INFO  impl.LeaderElection (LeaderElection.java:askForVotes(323)) - 2fdbd8fa-a625-4499-b498-beec3ca4d67d@group-643A632F8583-LeaderElection44 ELECTION round 0: submit vote requests at term 1 for -1: peers:[2fdbd8fa-a625-4499-b498-beec3ca4d67d|10.1.0.4:15219]|listeners:[], old=null
2023-12-26 17:43:18,894 [2fdbd8fa-a625-4499-b498-beec3ca4d67d@group-643A632F8583-LeaderElection44] INFO  impl.LeaderElection (LeaderElection.java:askForVotes(325)) - 2fdbd8fa-a625-4499-b498-beec3ca4d67d@group-643A632F8583-LeaderElection44 ELECTION round 0: result PASSED (term=1)
2023-12-26 17:43:18,894 [2fdbd8fa-a625-4499-b498-beec3ca4d67d@group-643A632F8583-LeaderElection44] INFO  impl.RoleInfo (RoleInfo.java:shutdownLeaderElection(130)) - 2fdbd8fa-a625-4499-b498-beec3ca4d67d: shutdown 2fdbd8fa-a625-4499-b498-beec3ca4d67d@group-643A632F8583-LeaderElection44
2023-12-26 17:43:18,894 [2fdbd8fa-a625-4499-b498-beec3ca4d67d@group-643A632F8583-LeaderElection44] INFO  server.RaftServer$Division (RaftServerImpl.java:setRole(379)) - 2fdbd8fa-a625-4499-b498-beec3ca4d67d@group-643A632F8583: changes role from CANDIDATE to LEADER at term 1 for changeToLeader
2023-12-26 17:43:18,894 [2fdbd8fa-a625-4499-b498-beec3ca4d67d@group-643A632F8583-LeaderElection44] INFO  server.RaftServerConfigKeys (ConfUtils.java:logGet(46)) - raft.server.staging.catchup.gap = 1000 (default)
2023-12-26 17:43:18,894 [2fdbd8fa-a625-4499-b498-beec3ca4d67d@group-643A632F8583-LeaderElection44] INFO  server.RaftServerConfigKeys (ConfUtils.java:logGet(46)) - raft.server.write.element-limit = 1024 (custom)
2023-12-26 17:43:18,894 [2fdbd8fa-a625-4499-b498-beec3ca4d67d@group-643A632F8583-LeaderElection44] INFO  server.RaftServerConfigKeys (ConfUtils.java:logGet(46)) - raft.server.write.byte-limit = 1024 M (=1073741824) (custom)
2023-12-26 17:43:18,894 [2fdbd8fa-a625-4499-b498-beec3ca4d67d@group-643A632F8583-LeaderElection44] INFO  server.RaftServerConfigKeys (ConfUtils.java:logGet(46)) - raft.server.watch.timeout = 3000ms (custom)
2023-12-26 17:43:18,894 [2fdbd8fa-a625-4499-b498-beec3ca4d67d@group-643A632F8583-LeaderElection44] INFO  server.RaftServerConfigKeys (ConfUtils.java:logGet(46)) - raft.server.watch.timeout.denomination = 1s (default)
2023-12-26 17:43:18,894 [2fdbd8fa-a625-4499-b498-beec3ca4d67d@group-643A632F8583-LeaderElection44] INFO  server.RaftServerConfigKeys (ConfUtils.java:logGet(46)) - raft.server.watch.element-limit = 65536 (default)
2023-12-26 17:43:18,895 [2fdbd8fa-a625-4499-b498-beec3ca4d67d@group-643A632F8583-LeaderElection44] INFO  server.RaftServerConfigKeys (ConfUtils.java:logGet(46)) - raft.server.read.leader.lease.enabled = false (default)
2023-12-26 17:43:18,895 [2fdbd8fa-a625-4499-b498-beec3ca4d67d@group-643A632F8583-LeaderElection44] INFO  server.RaftServerConfigKeys (ConfUtils.java:logGet(46)) - raft.server.read.leader.lease.timeout.ratio = 0.9 (default)
2023-12-26 17:43:18,895 [2fdbd8fa-a625-4499-b498-beec3ca4d67d@group-643A632F8583-LeaderElection44] INFO  server.RaftServerConfigKeys (ConfUtils.java:logGet(46)) - raft.server.rpc.timeout.min = 5s (custom)
2023-12-26 17:43:18,895 [2fdbd8fa-a625-4499-b498-beec3ca4d67d@group-643A632F8583-LeaderElection44] INFO  server.RaftServerConfigKeys (ConfUtils.java:logGet(46)) - raft.server.write.element-limit = 1024 (custom)
2023-12-26 17:43:18,895 [2fdbd8fa-a625-4499-b498-beec3ca4d67d@group-643A632F8583-LeaderElection44] INFO  server.RaftServerConfigKeys (ConfUtils.java:logGet(46)) - raft.server.write.follower.gap.ratio.max = -1.0 (default)
2023-12-26 17:43:18,895 [2fdbd8fa-a625-4499-b498-beec3ca4d67d@group-643A632F8583-LeaderElection44] INFO  impl.RoleInfo (RoleInfo.java:updateAndGet(139)) - 2fdbd8fa-a625-4499-b498-beec3ca4d67d: start 2fdbd8fa-a625-4499-b498-beec3ca4d67d@group-643A632F8583-LeaderStateImpl
2023-12-26 17:43:18,895 [2fdbd8fa-a625-4499-b498-beec3ca4d67d@group-643A632F8583-LeaderElection44] INFO  server.RaftServer$Division (RaftServerImpl.java:setFirstElection(564)) - 2fdbd8fa-a625-4499-b498-beec3ca4d67d@group-643A632F8583: set firstElectionSinceStartup to false for becomeLeader
2023-12-26 17:43:18,895 [2fdbd8fa-a625-4499-b498-beec3ca4d67d@group-643A632F8583-LeaderElection44] INFO  ratis.XceiverServerRatis (XceiverServerRatis.java:handleLeaderChangedNotification(935)) - Leader change notification received for group: group-643A632F8583 with new leaderId: 2fdbd8fa-a625-4499-b498-beec3ca4d67d
2023-12-26 17:43:18,895 [2fdbd8fa-a625-4499-b498-beec3ca4d67d@group-643A632F8583-LeaderElection44] INFO  server.RaftServer$Division (ServerState.java:setLeader(265)) - 2fdbd8fa-a625-4499-b498-beec3ca4d67d@group-643A632F8583: change Leader from null to 2fdbd8fa-a625-4499-b498-beec3ca4d67d at term 1 for becomeLeader, leader elected after 5166ms
2023-12-26 17:43:18,895 [2fdbd8fa-a625-4499-b498-beec3ca4d67d@group-643A632F8583-LeaderElection44] INFO  segmented.SegmentedRaftLogWorker (SegmentedRaftLogWorker.java:startLogSegment(428)) - 2fdbd8fa-a625-4499-b498-beec3ca4d67d@group-643A632F8583-SegmentedRaftLogWorker: Starting segment from index:0
2023-12-26 17:43:18,896 [2fdbd8fa-a625-4499-b498-beec3ca4d67d@group-643A632F8583-LeaderElection44] INFO  server.RaftServer$Division (ServerState.java:setRaftConf(382)) - 2fdbd8fa-a625-4499-b498-beec3ca4d67d@group-643A632F8583: set configuration 0: peers:[2fdbd8fa-a625-4499-b498-beec3ca4d67d|10.1.0.4:15219]|listeners:[], old=null
2023-12-26 17:43:18,899 [grpc-default-executor-3] INFO  server.RaftServer$Division (RaftServerImpl.java:requestVote(1377)) - 3cf20811-7a7f-4ec1-bb30-7adbebaa785f@group-B2B466C41EFE: receive requestVote(PRE_VOTE, 2fdbd8fa-a625-4499-b498-beec3ca4d67d, group-B2B466C41EFE, 0, (t:0, i:0))
2023-12-26 17:43:18,899 [grpc-default-executor-3] INFO  impl.VoteContext (VoteContext.java:log(49)) - 3cf20811-7a7f-4ec1-bb30-7adbebaa785f@group-B2B466C41EFE-FOLLOWER: accept PRE_VOTE from 2fdbd8fa-a625-4499-b498-beec3ca4d67d: our priority 0 <= candidate's priority 1
2023-12-26 17:43:18,899 [grpc-default-executor-3] INFO  server.RaftServer$Division (RaftServerImpl.java:requestVote(1410)) - 3cf20811-7a7f-4ec1-bb30-7adbebaa785f@group-B2B466C41EFE replies to PRE_VOTE vote request: 2fdbd8fa-a625-4499-b498-beec3ca4d67d<-3cf20811-7a7f-4ec1-bb30-7adbebaa785f#0:OK-t0. Peer's state: 3cf20811-7a7f-4ec1-bb30-7adbebaa785f@group-B2B466C41EFE:t0, leader=null, voted=, raftlog=Memoized:3cf20811-7a7f-4ec1-bb30-7adbebaa785f@group-B2B466C41EFE-SegmentedRaftLog:OPENED:c-1, conf=-1: peers:[2fdbd8fa-a625-4499-b498-beec3ca4d67d|10.1.0.4:15219, 3cf20811-7a7f-4ec1-bb30-7adbebaa785f|10.1.0.4:15237, 51fc6df9-7bd5-4293-8c99-7f2eac1f74df|10.1.0.4:15228]|listeners:[], old=null
2023-12-26 17:43:18,901 [grpc-default-executor-3] INFO  server.RaftServer$Division (RaftServerImpl.java:requestVote(1377)) - 51fc6df9-7bd5-4293-8c99-7f2eac1f74df@group-B2B466C41EFE: receive requestVote(PRE_VOTE, 2fdbd8fa-a625-4499-b498-beec3ca4d67d, group-B2B466C41EFE, 0, (t:0, i:0))
2023-12-26 17:43:18,901 [grpc-default-executor-3] INFO  impl.VoteContext (VoteContext.java:log(49)) - 51fc6df9-7bd5-4293-8c99-7f2eac1f74df@group-B2B466C41EFE-FOLLOWER: accept PRE_VOTE from 2fdbd8fa-a625-4499-b498-beec3ca4d67d: our priority 0 <= candidate's priority 1
2023-12-26 17:43:18,901 [grpc-default-executor-3] INFO  server.RaftServer$Division (RaftServerImpl.java:requestVote(1410)) - 51fc6df9-7bd5-4293-8c99-7f2eac1f74df@group-B2B466C41EFE replies to PRE_VOTE vote request: 2fdbd8fa-a625-4499-b498-beec3ca4d67d<-51fc6df9-7bd5-4293-8c99-7f2eac1f74df#0:OK-t0. Peer's state: 51fc6df9-7bd5-4293-8c99-7f2eac1f74df@group-B2B466C41EFE:t0, leader=null, voted=, raftlog=Memoized:51fc6df9-7bd5-4293-8c99-7f2eac1f74df@group-B2B466C41EFE-SegmentedRaftLog:OPENED:c-1, conf=-1: peers:[2fdbd8fa-a625-4499-b498-beec3ca4d67d|10.1.0.4:15219, 3cf20811-7a7f-4ec1-bb30-7adbebaa785f|10.1.0.4:15237, 51fc6df9-7bd5-4293-8c99-7f2eac1f74df|10.1.0.4:15228]|listeners:[], old=null
2023-12-26 17:43:18,902 [2fdbd8fa-a625-4499-b498-beec3ca4d67d@group-B2B466C41EFE-LeaderElection45] INFO  impl.LeaderElection (LeaderElection.java:logAndReturn(89)) - 2fdbd8fa-a625-4499-b498-beec3ca4d67d@group-B2B466C41EFE-LeaderElection45: PRE_VOTE PASSED received 1 response(s) and 0 exception(s):
2023-12-26 17:43:18,902 [2fdbd8fa-a625-4499-b498-beec3ca4d67d@group-B2B466C41EFE-LeaderElection45] INFO  impl.LeaderElection (LeaderElection.java:logAndReturn(93)) -   Response 0: 2fdbd8fa-a625-4499-b498-beec3ca4d67d<-51fc6df9-7bd5-4293-8c99-7f2eac1f74df#0:OK-t0
2023-12-26 17:43:18,902 [2fdbd8fa-a625-4499-b498-beec3ca4d67d@group-B2B466C41EFE-LeaderElection45] INFO  impl.LeaderElection (LeaderElection.java:askForVotes(325)) - 2fdbd8fa-a625-4499-b498-beec3ca4d67d@group-B2B466C41EFE-LeaderElection45 PRE_VOTE round 0: result PASSED
2023-12-26 17:43:18,906 [2fdbd8fa-a625-4499-b498-beec3ca4d67d@group-B2B466C41EFE-LeaderElection45] INFO  impl.LeaderElection (LeaderElection.java:askForVotes(323)) - 2fdbd8fa-a625-4499-b498-beec3ca4d67d@group-B2B466C41EFE-LeaderElection45 ELECTION round 0: submit vote requests at term 1 for -1: peers:[2fdbd8fa-a625-4499-b498-beec3ca4d67d|10.1.0.4:15219, 3cf20811-7a7f-4ec1-bb30-7adbebaa785f|10.1.0.4:15237, 51fc6df9-7bd5-4293-8c99-7f2eac1f74df|10.1.0.4:15228]|listeners:[], old=null
2023-12-26 17:43:18,906 [2fdbd8fa-a625-4499-b498-beec3ca4d67d@group-643A632F8583-SegmentedRaftLogWorker] INFO  segmented.SegmentedRaftLogWorker (SegmentedRaftLogWorker.java:execute(632)) - 2fdbd8fa-a625-4499-b498-beec3ca4d67d@group-643A632F8583-SegmentedRaftLogWorker: created new log segment /home/runner/work/ozone/ozone/hadoop-ozone/integration-test/target/test-dir/MiniOzoneClusterImpl-a136b03b-8403-429e-9870-8bf85e606ef3/datanode-3/data/ratis/8ec7151d-acf7-4d5a-9019-643a632f8583/current/log_inprogress_0
2023-12-26 17:43:18,906 [2fdbd8fa-a625-4499-b498-beec3ca4d67d@group-B2B466C41EFE-LeaderElection45] INFO  server.RaftServerConfigKeys (ConfUtils.java:logFallback(53)) - raft.server.rpc.first-election.timeout.min = 5s (fallback to raft.server.rpc.timeout.min)
2023-12-26 17:43:18,906 [2fdbd8fa-a625-4499-b498-beec3ca4d67d@group-B2B466C41EFE-LeaderElection45] INFO  server.RaftServerConfigKeys (ConfUtils.java:logFallback(53)) - raft.server.rpc.first-election.timeout.max = 5200ms (fallback to raft.server.rpc.timeout.max)
2023-12-26 17:43:18,907 [2fdbd8fa-a625-4499-b498-beec3ca4d67d@group-643A632F8583-StateMachineUpdater] INFO  server.RaftServer$Division (LeaderStateImpl.java:isApplied(316)) - leader is ready since appliedIndex == 0 >= startIndex == 0
2023-12-26 17:43:18,908 [grpc-default-executor-2] INFO  server.RaftServer$Division (RaftServerImpl.java:requestVote(1377)) - 3cf20811-7a7f-4ec1-bb30-7adbebaa785f@group-B2B466C41EFE: receive requestVote(ELECTION, 2fdbd8fa-a625-4499-b498-beec3ca4d67d, group-B2B466C41EFE, 1, (t:0, i:0))
2023-12-26 17:43:18,908 [grpc-default-executor-3] INFO  server.RaftServer$Division (RaftServerImpl.java:requestVote(1377)) - 51fc6df9-7bd5-4293-8c99-7f2eac1f74df@group-B2B466C41EFE: receive requestVote(ELECTION, 2fdbd8fa-a625-4499-b498-beec3ca4d67d, group-B2B466C41EFE, 1, (t:0, i:0))
2023-12-26 17:43:18,909 [grpc-default-executor-2] INFO  impl.VoteContext (VoteContext.java:log(49)) - 3cf20811-7a7f-4ec1-bb30-7adbebaa785f@group-B2B466C41EFE-FOLLOWER: accept ELECTION from 2fdbd8fa-a625-4499-b498-beec3ca4d67d: our priority 0 <= candidate's priority 1
2023-12-26 17:43:18,909 [grpc-default-executor-2] INFO  server.RaftServer$Division (RaftServerImpl.java:setRole(379)) - 3cf20811-7a7f-4ec1-bb30-7adbebaa785f@group-B2B466C41EFE: changes role from  FOLLOWER to FOLLOWER at term 1 for candidate:2fdbd8fa-a625-4499-b498-beec3ca4d67d
2023-12-26 17:43:18,909 [grpc-default-executor-2] INFO  impl.RoleInfo (RoleInfo.java:shutdownFollowerState(110)) - 3cf20811-7a7f-4ec1-bb30-7adbebaa785f: shutdown 3cf20811-7a7f-4ec1-bb30-7adbebaa785f@group-B2B466C41EFE-FollowerState
2023-12-26 17:43:18,909 [grpc-default-executor-2] INFO  impl.RoleInfo (RoleInfo.java:updateAndGet(139)) - 3cf20811-7a7f-4ec1-bb30-7adbebaa785f: start 3cf20811-7a7f-4ec1-bb30-7adbebaa785f@group-B2B466C41EFE-FollowerState
2023-12-26 17:43:18,909 [grpc-default-executor-3] INFO  impl.VoteContext (VoteContext.java:log(49)) - 51fc6df9-7bd5-4293-8c99-7f2eac1f74df@group-B2B466C41EFE-FOLLOWER: accept ELECTION from 2fdbd8fa-a625-4499-b498-beec3ca4d67d: our priority 0 <= candidate's priority 1
2023-12-26 17:43:18,909 [grpc-default-executor-3] INFO  server.RaftServer$Division (RaftServerImpl.java:setRole(379)) - 51fc6df9-7bd5-4293-8c99-7f2eac1f74df@group-B2B466C41EFE: changes role from  FOLLOWER to FOLLOWER at term 1 for candidate:2fdbd8fa-a625-4499-b498-beec3ca4d67d
2023-12-26 17:43:18,909 [grpc-default-executor-3] INFO  impl.RoleInfo (RoleInfo.java:shutdownFollowerState(110)) - 51fc6df9-7bd5-4293-8c99-7f2eac1f74df: shutdown 51fc6df9-7bd5-4293-8c99-7f2eac1f74df@group-B2B466C41EFE-FollowerState
2023-12-26 17:43:18,909 [3cf20811-7a7f-4ec1-bb30-7adbebaa785f@group-B2B466C41EFE-FollowerState] INFO  impl.FollowerState (FollowerState.java:run(152)) - 3cf20811-7a7f-4ec1-bb30-7adbebaa785f@group-B2B466C41EFE-FollowerState was interrupted
2023-12-26 17:43:18,909 [grpc-default-executor-2] INFO  server.RaftServer$Division (RaftServerImpl.java:setFirstElection(564)) - 3cf20811-7a7f-4ec1-bb30-7adbebaa785f@group-B2B466C41EFE: set firstElectionSinceStartup to false for candidate:2fdbd8fa-a625-4499-b498-beec3ca4d67d
2023-12-26 17:43:18,913 [51fc6df9-7bd5-4293-8c99-7f2eac1f74df@group-B2B466C41EFE-FollowerState] INFO  impl.FollowerState (FollowerState.java:run(152)) - 51fc6df9-7bd5-4293-8c99-7f2eac1f74df@group-B2B466C41EFE-FollowerState was interrupted
2023-12-26 17:43:18,913 [grpc-default-executor-3] INFO  impl.RoleInfo (RoleInfo.java:updateAndGet(139)) - 51fc6df9-7bd5-4293-8c99-7f2eac1f74df: start 51fc6df9-7bd5-4293-8c99-7f2eac1f74df@group-B2B466C41EFE-FollowerState
2023-12-26 17:43:18,914 [grpc-default-executor-3] INFO  server.RaftServer$Division (RaftServerImpl.java:setFirstElection(564)) - 51fc6df9-7bd5-4293-8c99-7f2eac1f74df@group-B2B466C41EFE: set firstElectionSinceStartup to false for candidate:2fdbd8fa-a625-4499-b498-beec3ca4d67d
2023-12-26 17:43:18,916 [grpc-default-executor-3] INFO  server.RaftServer$Division (RaftServerImpl.java:requestVote(1410)) - 51fc6df9-7bd5-4293-8c99-7f2eac1f74df@group-B2B466C41EFE replies to ELECTION vote request: 2fdbd8fa-a625-4499-b498-beec3ca4d67d<-51fc6df9-7bd5-4293-8c99-7f2eac1f74df#0:OK-t1. Peer's state: 51fc6df9-7bd5-4293-8c99-7f2eac1f74df@group-B2B466C41EFE:t1, leader=null, voted=2fdbd8fa-a625-4499-b498-beec3ca4d67d, raftlog=Memoized:51fc6df9-7bd5-4293-8c99-7f2eac1f74df@group-B2B466C41EFE-SegmentedRaftLog:OPENED:c-1, conf=-1: peers:[2fdbd8fa-a625-4499-b498-beec3ca4d67d|10.1.0.4:15219, 3cf20811-7a7f-4ec1-bb30-7adbebaa785f|10.1.0.4:15237, 51fc6df9-7bd5-4293-8c99-7f2eac1f74df|10.1.0.4:15228]|listeners:[], old=null
2023-12-26 17:43:18,916 [grpc-default-executor-2] INFO  server.RaftServer$Division (RaftServerImpl.java:requestVote(1410)) - 3cf20811-7a7f-4ec1-bb30-7adbebaa785f@group-B2B466C41EFE replies to ELECTION vote request: 2fdbd8fa-a625-4499-b498-beec3ca4d67d<-3cf20811-7a7f-4ec1-bb30-7adbebaa785f#0:OK-t1. Peer's state: 3cf20811-7a7f-4ec1-bb30-7adbebaa785f@group-B2B466C41EFE:t1, leader=null, voted=2fdbd8fa-a625-4499-b498-beec3ca4d67d, raftlog=Memoized:3cf20811-7a7f-4ec1-bb30-7adbebaa785f@group-B2B466C41EFE-SegmentedRaftLog:OPENED:c-1, conf=-1: peers:[2fdbd8fa-a625-4499-b498-beec3ca4d67d|10.1.0.4:15219, 3cf20811-7a7f-4ec1-bb30-7adbebaa785f|10.1.0.4:15237, 51fc6df9-7bd5-4293-8c99-7f2eac1f74df|10.1.0.4:15228]|listeners:[], old=null
2023-12-26 17:43:18,916 [2fdbd8fa-a625-4499-b498-beec3ca4d67d@group-B2B466C41EFE-LeaderElection45] INFO  impl.LeaderElection (LeaderElection.java:logAndReturn(89)) - 2fdbd8fa-a625-4499-b498-beec3ca4d67d@group-B2B466C41EFE-LeaderElection45: ELECTION PASSED received 1 response(s) and 0 exception(s):
2023-12-26 17:43:18,917 [2fdbd8fa-a625-4499-b498-beec3ca4d67d@group-B2B466C41EFE-LeaderElection45] INFO  impl.LeaderElection (LeaderElection.java:logAndReturn(93)) -   Response 0: 2fdbd8fa-a625-4499-b498-beec3ca4d67d<-3cf20811-7a7f-4ec1-bb30-7adbebaa785f#0:OK-t1
2023-12-26 17:43:18,917 [2fdbd8fa-a625-4499-b498-beec3ca4d67d@group-B2B466C41EFE-LeaderElection45] INFO  impl.LeaderElection (LeaderElection.java:askForVotes(325)) - 2fdbd8fa-a625-4499-b498-beec3ca4d67d@group-B2B466C41EFE-LeaderElection45 ELECTION round 0: result PASSED
2023-12-26 17:43:18,917 [2fdbd8fa-a625-4499-b498-beec3ca4d67d@group-B2B466C41EFE-LeaderElection45] INFO  impl.RoleInfo (RoleInfo.java:shutdownLeaderElection(130)) - 2fdbd8fa-a625-4499-b498-beec3ca4d67d: shutdown 2fdbd8fa-a625-4499-b498-beec3ca4d67d@group-B2B466C41EFE-LeaderElection45
2023-12-26 17:43:18,917 [2fdbd8fa-a625-4499-b498-beec3ca4d67d@group-B2B466C41EFE-LeaderElection45] INFO  server.RaftServer$Division (RaftServerImpl.java:setRole(379)) - 2fdbd8fa-a625-4499-b498-beec3ca4d67d@group-B2B466C41EFE: changes role from CANDIDATE to LEADER at term 1 for changeToLeader
2023-12-26 17:43:18,917 [2fdbd8fa-a625-4499-b498-beec3ca4d67d@group-B2B466C41EFE-LeaderElection45] INFO  server.RaftServerConfigKeys (ConfUtils.java:logGet(46)) - raft.server.staging.catchup.gap = 1000 (default)
2023-12-26 17:43:18,917 [2fdbd8fa-a625-4499-b498-beec3ca4d67d@group-B2B466C41EFE-LeaderElection45] INFO  server.RaftServerConfigKeys (ConfUtils.java:logGet(46)) - raft.server.write.element-limit = 1024 (custom)
2023-12-26 17:43:18,917 [2fdbd8fa-a625-4499-b498-beec3ca4d67d@group-B2B466C41EFE-LeaderElection45] INFO  server.RaftServerConfigKeys (ConfUtils.java:logGet(46)) - raft.server.write.byte-limit = 1024 M (=1073741824) (custom)
2023-12-26 17:43:18,917 [2fdbd8fa-a625-4499-b498-beec3ca4d67d@group-B2B466C41EFE-LeaderElection45] INFO  server.RaftServerConfigKeys (ConfUtils.java:logGet(46)) - raft.server.watch.timeout = 3000ms (custom)
2023-12-26 17:43:18,917 [2fdbd8fa-a625-4499-b498-beec3ca4d67d@group-B2B466C41EFE-LeaderElection45] INFO  server.RaftServerConfigKeys (ConfUtils.java:logGet(46)) - raft.server.watch.timeout.denomination = 1s (default)
2023-12-26 17:43:18,917 [2fdbd8fa-a625-4499-b498-beec3ca4d67d@group-B2B466C41EFE-LeaderElection45] INFO  server.RaftServerConfigKeys (ConfUtils.java:logGet(46)) - raft.server.watch.element-limit = 65536 (default)
2023-12-26 17:43:18,918 [2fdbd8fa-a625-4499-b498-beec3ca4d67d@group-B2B466C41EFE-LeaderElection45] INFO  server.RaftServerConfigKeys (ConfUtils.java:logGet(46)) - raft.server.read.leader.lease.enabled = false (default)
2023-12-26 17:43:18,918 [2fdbd8fa-a625-4499-b498-beec3ca4d67d@group-B2B466C41EFE-LeaderElection45] INFO  server.RaftServerConfigKeys (ConfUtils.java:logGet(46)) - raft.server.read.leader.lease.timeout.ratio = 0.9 (default)
2023-12-26 17:43:18,918 [2fdbd8fa-a625-4499-b498-beec3ca4d67d@group-B2B466C41EFE-LeaderElection45] INFO  server.RaftServerConfigKeys (ConfUtils.java:logGet(46)) - raft.server.rpc.timeout.min = 5s (custom)
2023-12-26 17:43:18,918 [2fdbd8fa-a625-4499-b498-beec3ca4d67d@group-B2B466C41EFE-LeaderElection45] INFO  server.RaftServerConfigKeys (ConfUtils.java:logGet(46)) - raft.server.write.element-limit = 1024 (custom)
2023-12-26 17:43:18,918 [2fdbd8fa-a625-4499-b498-beec3ca4d67d@group-B2B466C41EFE-LeaderElection45] INFO  server.RaftServerConfigKeys (ConfUtils.java:logGet(46)) - raft.server.write.follower.gap.ratio.max = -1.0 (default)
2023-12-26 17:43:18,918 [2fdbd8fa-a625-4499-b498-beec3ca4d67d@group-B2B466C41EFE-LeaderElection45] INFO  server.RaftServerConfigKeys (ConfUtils.java:logGet(46)) - raft.server.log.appender.snapshot.chunk.size.max = 16MB (=16777216) (default)
2023-12-26 17:43:18,918 [2fdbd8fa-a625-4499-b498-beec3ca4d67d@group-B2B466C41EFE-LeaderElection45] INFO  server.RaftServerConfigKeys (ConfUtils.java:logGet(46)) - raft.server.log.appender.buffer.byte-limit = 8388608 (custom)
2023-12-26 17:43:18,918 [2fdbd8fa-a625-4499-b498-beec3ca4d67d@group-B2B466C41EFE-LeaderElection45] INFO  server.RaftServerConfigKeys (ConfUtils.java:logGet(46)) - raft.server.log.appender.buffer.element-limit = 1 (custom)
2023-12-26 17:43:18,919 [2fdbd8fa-a625-4499-b498-beec3ca4d67d@group-B2B466C41EFE-LeaderElection45] INFO  server.RaftServerConfigKeys (ConfUtils.java:logGet(46)) - raft.server.log.appender.wait-time.min = 0ms (custom)
2023-12-26 17:43:18,919 [2fdbd8fa-a625-4499-b498-beec3ca4d67d@group-B2B466C41EFE-LeaderElection45] INFO  grpc.GrpcConfigKeys (ConfUtils.java:logGet(46)) - raft.grpc.server.leader.outstanding.appends.max = 8 (default)
2023-12-26 17:43:18,919 [2fdbd8fa-a625-4499-b498-beec3ca4d67d@group-B2B466C41EFE-LeaderElection45] INFO  server.RaftServerConfigKeys (ConfUtils.java:logGet(46)) - raft.server.rpc.request.timeout = 3000ms (default)
2023-12-26 17:43:18,919 [2fdbd8fa-a625-4499-b498-beec3ca4d67d@group-B2B466C41EFE-LeaderElection45] INFO  grpc.GrpcConfigKeys (ConfUtils.java:logGet(46)) - raft.grpc.server.install_snapshot.request.element-limit = 8 (default)
2023-12-26 17:43:18,919 [2fdbd8fa-a625-4499-b498-beec3ca4d67d@group-B2B466C41EFE-LeaderElection45] INFO  grpc.GrpcConfigKeys (ConfUtils.java:logGet(46)) - raft.grpc.server.install_snapshot.request.timeout = 3000ms (default)
2023-12-26 17:43:18,919 [2fdbd8fa-a625-4499-b498-beec3ca4d67d@group-B2B466C41EFE-LeaderElection45] INFO  server.RaftServerConfigKeys (ConfUtils.java:logGet(46)) - raft.server.log.appender.install.snapshot.enabled = false (custom)
2023-12-26 17:43:18,919 [2fdbd8fa-a625-4499-b498-beec3ca4d67d@group-B2B466C41EFE-LeaderElection45] INFO  grpc.GrpcConfigKeys (ConfUtils.java:logGet(46)) - raft.grpc.server.heartbeat.channel = true (default)
2023-12-26 17:43:18,920 [2fdbd8fa-a625-4499-b498-beec3ca4d67d@group-B2B466C41EFE-LeaderElection45] INFO  server.RaftServerConfigKeys (ConfUtils.java:logGet(46)) - raft.server.log.appender.snapshot.chunk.size.max = 16MB (=16777216) (default)
2023-12-26 17:43:18,920 [2fdbd8fa-a625-4499-b498-beec3ca4d67d@group-B2B466C41EFE-LeaderElection45] INFO  server.RaftServerConfigKeys (ConfUtils.java:logGet(46)) - raft.server.log.appender.buffer.byte-limit = 8388608 (custom)
2023-12-26 17:43:18,920 [2fdbd8fa-a625-4499-b498-beec3ca4d67d@group-B2B466C41EFE-LeaderElection45] INFO  server.RaftServerConfigKeys (ConfUtils.java:logGet(46)) - raft.server.log.appender.buffer.element-limit = 1 (custom)
2023-12-26 17:43:18,920 [2fdbd8fa-a625-4499-b498-beec3ca4d67d@group-B2B466C41EFE-LeaderElection45] INFO  server.RaftServerConfigKeys (ConfUtils.java:logGet(46)) - raft.server.log.appender.wait-time.min = 0ms (custom)
2023-12-26 17:43:18,920 [2fdbd8fa-a625-4499-b498-beec3ca4d67d@group-B2B466C41EFE-LeaderElection45] INFO  grpc.GrpcConfigKeys (ConfUtils.java:logGet(46)) - raft.grpc.server.leader.outstanding.appends.max = 8 (default)
2023-12-26 17:43:18,920 [2fdbd8fa-a625-4499-b498-beec3ca4d67d@group-B2B466C41EFE-LeaderElection45] INFO  server.RaftServerConfigKeys (ConfUtils.java:logGet(46)) - raft.server.rpc.request.timeout = 3000ms (default)
2023-12-26 17:43:18,920 [2fdbd8fa-a625-4499-b498-beec3ca4d67d@group-B2B466C41EFE-LeaderElection45] INFO  grpc.GrpcConfigKeys (ConfUtils.java:logGet(46)) - raft.grpc.server.install_snapshot.request.element-limit = 8 (default)
2023-12-26 17:43:18,920 [2fdbd8fa-a625-4499-b498-beec3ca4d67d@group-B2B466C41EFE-LeaderElection45] INFO  grpc.GrpcConfigKeys (ConfUtils.java:logGet(46)) - raft.grpc.server.install_snapshot.request.timeout = 3000ms (default)
2023-12-26 17:43:18,920 [2fdbd8fa-a625-4499-b498-beec3ca4d67d@group-B2B466C41EFE-LeaderElection45] INFO  server.RaftServerConfigKeys (ConfUtils.java:logGet(46)) - raft.server.log.appender.install.snapshot.enabled = false (custom)
2023-12-26 17:43:18,920 [2fdbd8fa-a625-4499-b498-beec3ca4d67d@group-B2B466C41EFE-LeaderElection45] INFO  grpc.GrpcConfigKeys (ConfUtils.java:logGet(46)) - raft.grpc.server.heartbeat.channel = true (default)
2023-12-26 17:43:18,920 [2fdbd8fa-a625-4499-b498-beec3ca4d67d@group-B2B466C41EFE-LeaderElection45] INFO  impl.RoleInfo (RoleInfo.java:updateAndGet(139)) - 2fdbd8fa-a625-4499-b498-beec3ca4d67d: start 2fdbd8fa-a625-4499-b498-beec3ca4d67d@group-B2B466C41EFE-LeaderStateImpl
2023-12-26 17:43:18,920 [2fdbd8fa-a625-4499-b498-beec3ca4d67d@group-B2B466C41EFE-LeaderElection45] INFO  server.RaftServer$Division (RaftServerImpl.java:setFirstElection(564)) - 2fdbd8fa-a625-4499-b498-beec3ca4d67d@group-B2B466C41EFE: set firstElectionSinceStartup to false for becomeLeader
2023-12-26 17:43:18,920 [2fdbd8fa-a625-4499-b498-beec3ca4d67d@group-B2B466C41EFE-LeaderElection45] INFO  ratis.XceiverServerRatis (XceiverServerRatis.java:handleLeaderChangedNotification(935)) - Leader change notification received for group: group-B2B466C41EFE with new leaderId: 2fdbd8fa-a625-4499-b498-beec3ca4d67d
2023-12-26 17:43:18,921 [2fdbd8fa-a625-4499-b498-beec3ca4d67d@group-B2B466C41EFE-LeaderElection45] INFO  server.RaftServer$Division (ServerState.java:setLeader(265)) - 2fdbd8fa-a625-4499-b498-beec3ca4d67d@group-B2B466C41EFE: change Leader from null to 2fdbd8fa-a625-4499-b498-beec3ca4d67d at term 1 for becomeLeader, leader elected after 5177ms
2023-12-26 17:43:18,921 [2fdbd8fa-a625-4499-b498-beec3ca4d67d@group-B2B466C41EFE-LeaderElection45] INFO  segmented.SegmentedRaftLogWorker (SegmentedRaftLogWorker.java:startLogSegment(428)) - 2fdbd8fa-a625-4499-b498-beec3ca4d67d@group-B2B466C41EFE-SegmentedRaftLogWorker: Starting segment from index:0
2023-12-26 17:43:18,922 [EventQueue-PipelineReportForPipelineReportHandler] INFO  pipeline.PipelineReportHandler (PipelineReportHandler.java:processPipelineReport(136)) - Opened pipeline PipelineID=b5e1434b-cd68-4add-b326-b2b466c41efe
2023-12-26 17:43:18,925 [2fdbd8fa-a625-4499-b498-beec3ca4d67d@group-B2B466C41EFE-LeaderElection45] INFO  server.RaftServer$Division (ServerState.java:setRaftConf(382)) - 2fdbd8fa-a625-4499-b498-beec3ca4d67d@group-B2B466C41EFE: set configuration 0: peers:[2fdbd8fa-a625-4499-b498-beec3ca4d67d|10.1.0.4:15219, 3cf20811-7a7f-4ec1-bb30-7adbebaa785f|10.1.0.4:15237, 51fc6df9-7bd5-4293-8c99-7f2eac1f74df|10.1.0.4:15228]|listeners:[], old=null
2023-12-26 17:43:18,929 [2fdbd8fa-a625-4499-b498-beec3ca4d67d@group-B2B466C41EFE-SegmentedRaftLogWorker] INFO  segmented.SegmentedRaftLogWorker (SegmentedRaftLogWorker.java:execute(632)) - 2fdbd8fa-a625-4499-b498-beec3ca4d67d@group-B2B466C41EFE-SegmentedRaftLogWorker: created new log segment /home/runner/work/ozone/ozone/hadoop-ozone/integration-test/target/test-dir/MiniOzoneClusterImpl-a136b03b-8403-429e-9870-8bf85e606ef3/datanode-3/data/ratis/b5e1434b-cd68-4add-b326-b2b466c41efe/current/log_inprogress_0
2023-12-26 17:43:18,930 [3cf20811-7a7f-4ec1-bb30-7adbebaa785f-server-thread1] INFO  ratis.XceiverServerRatis (XceiverServerRatis.java:handleLeaderChangedNotification(935)) - Leader change notification received for group: group-B2B466C41EFE with new leaderId: 2fdbd8fa-a625-4499-b498-beec3ca4d67d
2023-12-26 17:43:18,930 [3cf20811-7a7f-4ec1-bb30-7adbebaa785f-server-thread1] INFO  server.RaftServer$Division (ServerState.java:setLeader(265)) - 3cf20811-7a7f-4ec1-bb30-7adbebaa785f@group-B2B466C41EFE: change Leader from null to 2fdbd8fa-a625-4499-b498-beec3ca4d67d at term 1 for appendEntries, leader elected after 5144ms
2023-12-26 17:43:18,936 [51fc6df9-7bd5-4293-8c99-7f2eac1f74df-server-thread1] INFO  ratis.XceiverServerRatis (XceiverServerRatis.java:handleLeaderChangedNotification(935)) - Leader change notification received for group: group-B2B466C41EFE with new leaderId: 2fdbd8fa-a625-4499-b498-beec3ca4d67d
2023-12-26 17:43:18,936 [51fc6df9-7bd5-4293-8c99-7f2eac1f74df-server-thread1] INFO  server.RaftServer$Division (ServerState.java:setLeader(265)) - 51fc6df9-7bd5-4293-8c99-7f2eac1f74df@group-B2B466C41EFE: change Leader from null to 2fdbd8fa-a625-4499-b498-beec3ca4d67d at term 1 for appendEntries, leader elected after 5173ms
2023-12-26 17:43:18,939 [3cf20811-7a7f-4ec1-bb30-7adbebaa785f-server-thread1] INFO  server.RaftServer$Division (ServerState.java:setRaftConf(382)) - 3cf20811-7a7f-4ec1-bb30-7adbebaa785f@group-B2B466C41EFE: set configuration 0: peers:[2fdbd8fa-a625-4499-b498-beec3ca4d67d|10.1.0.4:15219, 3cf20811-7a7f-4ec1-bb30-7adbebaa785f|10.1.0.4:15237, 51fc6df9-7bd5-4293-8c99-7f2eac1f74df|10.1.0.4:15228]|listeners:[], old=null
2023-12-26 17:43:18,939 [3cf20811-7a7f-4ec1-bb30-7adbebaa785f-server-thread1] INFO  segmented.SegmentedRaftLogWorker (SegmentedRaftLogWorker.java:startLogSegment(428)) - 3cf20811-7a7f-4ec1-bb30-7adbebaa785f@group-B2B466C41EFE-SegmentedRaftLogWorker: Starting segment from index:0
2023-12-26 17:43:18,941 [51fc6df9-7bd5-4293-8c99-7f2eac1f74df-server-thread2] INFO  server.RaftServer$Division (ServerState.java:setRaftConf(382)) - 51fc6df9-7bd5-4293-8c99-7f2eac1f74df@group-B2B466C41EFE: set configuration 0: peers:[2fdbd8fa-a625-4499-b498-beec3ca4d67d|10.1.0.4:15219, 3cf20811-7a7f-4ec1-bb30-7adbebaa785f|10.1.0.4:15237, 51fc6df9-7bd5-4293-8c99-7f2eac1f74df|10.1.0.4:15228]|listeners:[], old=null
2023-12-26 17:43:18,941 [51fc6df9-7bd5-4293-8c99-7f2eac1f74df-server-thread2] INFO  segmented.SegmentedRaftLogWorker (SegmentedRaftLogWorker.java:startLogSegment(428)) - 51fc6df9-7bd5-4293-8c99-7f2eac1f74df@group-B2B466C41EFE-SegmentedRaftLogWorker: Starting segment from index:0
2023-12-26 17:43:18,952 [3cf20811-7a7f-4ec1-bb30-7adbebaa785f@group-B2B466C41EFE-SegmentedRaftLogWorker] INFO  segmented.SegmentedRaftLogWorker (SegmentedRaftLogWorker.java:execute(632)) - 3cf20811-7a7f-4ec1-bb30-7adbebaa785f@group-B2B466C41EFE-SegmentedRaftLogWorker: created new log segment /home/runner/work/ozone/ozone/hadoop-ozone/integration-test/target/test-dir/MiniOzoneClusterImpl-a136b03b-8403-429e-9870-8bf85e606ef3/datanode-5/data/ratis/b5e1434b-cd68-4add-b326-b2b466c41efe/current/log_inprogress_0
2023-12-26 17:43:18,953 [51fc6df9-7bd5-4293-8c99-7f2eac1f74df@group-B2B466C41EFE-SegmentedRaftLogWorker] INFO  segmented.SegmentedRaftLogWorker (SegmentedRaftLogWorker.java:execute(632)) - 51fc6df9-7bd5-4293-8c99-7f2eac1f74df@group-B2B466C41EFE-SegmentedRaftLogWorker: created new log segment /home/runner/work/ozone/ozone/hadoop-ozone/integration-test/target/test-dir/MiniOzoneClusterImpl-a136b03b-8403-429e-9870-8bf85e606ef3/datanode-4/data/ratis/b5e1434b-cd68-4add-b326-b2b466c41efe/current/log_inprogress_0
2023-12-26 17:43:18,954 [2fdbd8fa-a625-4499-b498-beec3ca4d67d@group-B2B466C41EFE-StateMachineUpdater] INFO  server.RaftServer$Division (LeaderStateImpl.java:isApplied(316)) - leader is ready since appliedIndex == 0 >= startIndex == 0
2023-12-26 17:43:18,980 [51fc6df9-7bd5-4293-8c99-7f2eac1f74df@group-19A7E44C1E13-FollowerState] INFO  impl.FollowerState (FollowerState.java:run(143)) - 51fc6df9-7bd5-4293-8c99-7f2eac1f74df@group-19A7E44C1E13-FollowerState: change to CANDIDATE, lastRpcElapsedTime:5139461319ns, electionTimeout:5139ms
2023-12-26 17:43:18,980 [51fc6df9-7bd5-4293-8c99-7f2eac1f74df@group-19A7E44C1E13-FollowerState] INFO  impl.RoleInfo (RoleInfo.java:shutdownFollowerState(110)) - 51fc6df9-7bd5-4293-8c99-7f2eac1f74df: shutdown 51fc6df9-7bd5-4293-8c99-7f2eac1f74df@group-19A7E44C1E13-FollowerState
2023-12-26 17:43:18,980 [51fc6df9-7bd5-4293-8c99-7f2eac1f74df@group-19A7E44C1E13-FollowerState] INFO  server.RaftServer$Division (RaftServerImpl.java:setRole(379)) - 51fc6df9-7bd5-4293-8c99-7f2eac1f74df@group-19A7E44C1E13: changes role from  FOLLOWER to CANDIDATE at term 0 for changeToCandidate
2023-12-26 17:43:18,981 [51fc6df9-7bd5-4293-8c99-7f2eac1f74df@group-19A7E44C1E13-FollowerState] INFO  server.RaftServerConfigKeys (ConfUtils.java:logGet(46)) - raft.server.leaderelection.pre-vote = true (default)
2023-12-26 17:43:18,981 [51fc6df9-7bd5-4293-8c99-7f2eac1f74df@group-19A7E44C1E13-FollowerState] INFO  impl.RoleInfo (RoleInfo.java:updateAndGet(139)) - 51fc6df9-7bd5-4293-8c99-7f2eac1f74df: start 51fc6df9-7bd5-4293-8c99-7f2eac1f74df@group-19A7E44C1E13-LeaderElection46
2023-12-26 17:43:18,982 [51fc6df9-7bd5-4293-8c99-7f2eac1f74df@group-19A7E44C1E13-LeaderElection46] INFO  impl.LeaderElection (LeaderElection.java:askForVotes(323)) - 51fc6df9-7bd5-4293-8c99-7f2eac1f74df@group-19A7E44C1E13-LeaderElection46 PRE_VOTE round 0: submit vote requests at term 0 for -1: peers:[51fc6df9-7bd5-4293-8c99-7f2eac1f74df|10.1.0.4:15228]|listeners:[], old=null
2023-12-26 17:43:18,982 [51fc6df9-7bd5-4293-8c99-7f2eac1f74df@group-19A7E44C1E13-LeaderElection46] INFO  impl.LeaderElection (LeaderElection.java:askForVotes(325)) - 51fc6df9-7bd5-4293-8c99-7f2eac1f74df@group-19A7E44C1E13-LeaderElection46 PRE_VOTE round 0: result PASSED (term=0)
2023-12-26 17:43:18,984 [51fc6df9-7bd5-4293-8c99-7f2eac1f74df@group-19A7E44C1E13-LeaderElection46] INFO  impl.LeaderElection (LeaderElection.java:askForVotes(323)) - 51fc6df9-7bd5-4293-8c99-7f2eac1f74df@group-19A7E44C1E13-LeaderElection46 ELECTION round 0: submit vote requests at term 1 for -1: peers:[51fc6df9-7bd5-4293-8c99-7f2eac1f74df|10.1.0.4:15228]|listeners:[], old=null
2023-12-26 17:43:18,984 [51fc6df9-7bd5-4293-8c99-7f2eac1f74df@group-19A7E44C1E13-LeaderElection46] INFO  impl.LeaderElection (LeaderElection.java:askForVotes(325)) - 51fc6df9-7bd5-4293-8c99-7f2eac1f74df@group-19A7E44C1E13-LeaderElection46 ELECTION round 0: result PASSED (term=1)
2023-12-26 17:43:18,984 [51fc6df9-7bd5-4293-8c99-7f2eac1f74df@group-19A7E44C1E13-LeaderElection46] INFO  impl.RoleInfo (RoleInfo.java:shutdownLeaderElection(130)) - 51fc6df9-7bd5-4293-8c99-7f2eac1f74df: shutdown 51fc6df9-7bd5-4293-8c99-7f2eac1f74df@group-19A7E44C1E13-LeaderElection46
2023-12-26 17:43:18,984 [51fc6df9-7bd5-4293-8c99-7f2eac1f74df@group-19A7E44C1E13-LeaderElection46] INFO  server.RaftServer$Division (RaftServerImpl.java:setRole(379)) - 51fc6df9-7bd5-4293-8c99-7f2eac1f74df@group-19A7E44C1E13: changes role from CANDIDATE to LEADER at term 1 for changeToLeader
2023-12-26 17:43:18,984 [51fc6df9-7bd5-4293-8c99-7f2eac1f74df@group-19A7E44C1E13-LeaderElection46] INFO  server.RaftServerConfigKeys (ConfUtils.java:logGet(46)) - raft.server.staging.catchup.gap = 1000 (default)
2023-12-26 17:43:18,984 [51fc6df9-7bd5-4293-8c99-7f2eac1f74df@group-19A7E44C1E13-LeaderElection46] INFO  server.RaftServerConfigKeys (ConfUtils.java:logGet(46)) - raft.server.write.element-limit = 1024 (custom)
2023-12-26 17:43:18,984 [51fc6df9-7bd5-4293-8c99-7f2eac1f74df@group-19A7E44C1E13-LeaderElection46] INFO  server.RaftServerConfigKeys (ConfUtils.java:logGet(46)) - raft.server.write.byte-limit = 1024 M (=1073741824) (custom)
2023-12-26 17:43:18,984 [51fc6df9-7bd5-4293-8c99-7f2eac1f74df@group-19A7E44C1E13-LeaderElection46] INFO  server.RaftServerConfigKeys (ConfUtils.java:logGet(46)) - raft.server.watch.timeout = 3000ms (custom)
2023-12-26 17:43:18,984 [51fc6df9-7bd5-4293-8c99-7f2eac1f74df@group-19A7E44C1E13-LeaderElection46] INFO  server.RaftServerConfigKeys (ConfUtils.java:logGet(46)) - raft.server.watch.timeout.denomination = 1s (default)
2023-12-26 17:43:18,984 [51fc6df9-7bd5-4293-8c99-7f2eac1f74df@group-19A7E44C1E13-LeaderElection46] INFO  server.RaftServerConfigKeys (ConfUtils.java:logGet(46)) - raft.server.watch.element-limit = 65536 (default)
2023-12-26 17:43:18,984 [51fc6df9-7bd5-4293-8c99-7f2eac1f74df@group-19A7E44C1E13-LeaderElection46] INFO  server.RaftServerConfigKeys (ConfUtils.java:logGet(46)) - raft.server.read.leader.lease.enabled = false (default)
2023-12-26 17:43:18,984 [51fc6df9-7bd5-4293-8c99-7f2eac1f74df@group-19A7E44C1E13-LeaderElection46] INFO  server.RaftServerConfigKeys (ConfUtils.java:logGet(46)) - raft.server.read.leader.lease.timeout.ratio = 0.9 (default)
2023-12-26 17:43:18,984 [51fc6df9-7bd5-4293-8c99-7f2eac1f74df@group-19A7E44C1E13-LeaderElection46] INFO  server.RaftServerConfigKeys (ConfUtils.java:logGet(46)) - raft.server.rpc.timeout.min = 5s (custom)
2023-12-26 17:43:18,984 [51fc6df9-7bd5-4293-8c99-7f2eac1f74df@group-19A7E44C1E13-LeaderElection46] INFO  server.RaftServerConfigKeys (ConfUtils.java:logGet(46)) - raft.server.write.element-limit = 1024 (custom)
2023-12-26 17:43:18,984 [51fc6df9-7bd5-4293-8c99-7f2eac1f74df@group-19A7E44C1E13-LeaderElection46] INFO  server.RaftServerConfigKeys (ConfUtils.java:logGet(46)) - raft.server.write.follower.gap.ratio.max = -1.0 (default)
2023-12-26 17:43:18,984 [51fc6df9-7bd5-4293-8c99-7f2eac1f74df@group-19A7E44C1E13-LeaderElection46] INFO  impl.RoleInfo (RoleInfo.java:updateAndGet(139)) - 51fc6df9-7bd5-4293-8c99-7f2eac1f74df: start 51fc6df9-7bd5-4293-8c99-7f2eac1f74df@group-19A7E44C1E13-LeaderStateImpl
2023-12-26 17:43:18,984 [51fc6df9-7bd5-4293-8c99-7f2eac1f74df@group-19A7E44C1E13-LeaderElection46] INFO  server.RaftServer$Division (RaftServerImpl.java:setFirstElection(564)) - 51fc6df9-7bd5-4293-8c99-7f2eac1f74df@group-19A7E44C1E13: set firstElectionSinceStartup to false for becomeLeader
2023-12-26 17:43:18,984 [51fc6df9-7bd5-4293-8c99-7f2eac1f74df@group-19A7E44C1E13-LeaderElection46] INFO  ratis.XceiverServerRatis (XceiverServerRatis.java:handleLeaderChangedNotification(935)) - Leader change notification received for group: group-19A7E44C1E13 with new leaderId: 51fc6df9-7bd5-4293-8c99-7f2eac1f74df
2023-12-26 17:43:18,985 [51fc6df9-7bd5-4293-8c99-7f2eac1f74df@group-19A7E44C1E13-LeaderElection46] INFO  server.RaftServer$Division (ServerState.java:setLeader(265)) - 51fc6df9-7bd5-4293-8c99-7f2eac1f74df@group-19A7E44C1E13: change Leader from null to 51fc6df9-7bd5-4293-8c99-7f2eac1f74df at term 1 for becomeLeader, leader elected after 5154ms
2023-12-26 17:43:18,985 [51fc6df9-7bd5-4293-8c99-7f2eac1f74df@group-19A7E44C1E13-LeaderElection46] INFO  segmented.SegmentedRaftLogWorker (SegmentedRaftLogWorker.java:startLogSegment(428)) - 51fc6df9-7bd5-4293-8c99-7f2eac1f74df@group-19A7E44C1E13-SegmentedRaftLogWorker: Starting segment from index:0
2023-12-26 17:43:18,986 [51fc6df9-7bd5-4293-8c99-7f2eac1f74df@group-19A7E44C1E13-LeaderElection46] INFO  server.RaftServer$Division (ServerState.java:setRaftConf(382)) - 51fc6df9-7bd5-4293-8c99-7f2eac1f74df@group-19A7E44C1E13: set configuration 0: peers:[51fc6df9-7bd5-4293-8c99-7f2eac1f74df|10.1.0.4:15228]|listeners:[], old=null
2023-12-26 17:43:18,993 [51fc6df9-7bd5-4293-8c99-7f2eac1f74df@group-19A7E44C1E13-SegmentedRaftLogWorker] INFO  segmented.SegmentedRaftLogWorker (SegmentedRaftLogWorker.java:execute(632)) - 51fc6df9-7bd5-4293-8c99-7f2eac1f74df@group-19A7E44C1E13-SegmentedRaftLogWorker: created new log segment /home/runner/work/ozone/ozone/hadoop-ozone/integration-test/target/test-dir/MiniOzoneClusterImpl-a136b03b-8403-429e-9870-8bf85e606ef3/datanode-4/data/ratis/4a1cb667-0505-401a-a819-19a7e44c1e13/current/log_inprogress_0
2023-12-26 17:43:18,994 [51fc6df9-7bd5-4293-8c99-7f2eac1f74df@group-19A7E44C1E13-StateMachineUpdater] INFO  server.RaftServer$Division (LeaderStateImpl.java:isApplied(316)) - leader is ready since appliedIndex == 0 >= startIndex == 0
2023-12-26 17:43:19,041 [3cf20811-7a7f-4ec1-bb30-7adbebaa785f@group-52454695B4C4-FollowerState] INFO  impl.FollowerState (FollowerState.java:run(143)) - 3cf20811-7a7f-4ec1-bb30-7adbebaa785f@group-52454695B4C4-FollowerState: change to CANDIDATE, lastRpcElapsedTime:5104443157ns, electionTimeout:5104ms
2023-12-26 17:43:19,041 [3cf20811-7a7f-4ec1-bb30-7adbebaa785f@group-52454695B4C4-FollowerState] INFO  impl.RoleInfo (RoleInfo.java:shutdownFollowerState(110)) - 3cf20811-7a7f-4ec1-bb30-7adbebaa785f: shutdown 3cf20811-7a7f-4ec1-bb30-7adbebaa785f@group-52454695B4C4-FollowerState
2023-12-26 17:43:19,041 [3cf20811-7a7f-4ec1-bb30-7adbebaa785f@group-52454695B4C4-FollowerState] INFO  server.RaftServer$Division (RaftServerImpl.java:setRole(379)) - 3cf20811-7a7f-4ec1-bb30-7adbebaa785f@group-52454695B4C4: changes role from  FOLLOWER to CANDIDATE at term 0 for changeToCandidate
2023-12-26 17:43:19,041 [3cf20811-7a7f-4ec1-bb30-7adbebaa785f@group-52454695B4C4-FollowerState] INFO  server.RaftServerConfigKeys (ConfUtils.java:logGet(46)) - raft.server.leaderelection.pre-vote = true (default)
2023-12-26 17:43:19,041 [3cf20811-7a7f-4ec1-bb30-7adbebaa785f@group-52454695B4C4-FollowerState] INFO  impl.RoleInfo (RoleInfo.java:updateAndGet(139)) - 3cf20811-7a7f-4ec1-bb30-7adbebaa785f: start 3cf20811-7a7f-4ec1-bb30-7adbebaa785f@group-52454695B4C4-LeaderElection47
2023-12-26 17:43:19,043 [3cf20811-7a7f-4ec1-bb30-7adbebaa785f@group-52454695B4C4-LeaderElection47] INFO  impl.LeaderElection (LeaderElection.java:askForVotes(323)) - 3cf20811-7a7f-4ec1-bb30-7adbebaa785f@group-52454695B4C4-LeaderElection47 PRE_VOTE round 0: submit vote requests at term 0 for -1: peers:[3cf20811-7a7f-4ec1-bb30-7adbebaa785f|10.1.0.4:15237]|listeners:[], old=null
2023-12-26 17:43:19,043 [3cf20811-7a7f-4ec1-bb30-7adbebaa785f@group-52454695B4C4-LeaderElection47] INFO  impl.LeaderElection (LeaderElection.java:askForVotes(325)) - 3cf20811-7a7f-4ec1-bb30-7adbebaa785f@group-52454695B4C4-LeaderElection47 PRE_VOTE round 0: result PASSED (term=0)
2023-12-26 17:43:19,044 [3cf20811-7a7f-4ec1-bb30-7adbebaa785f@group-52454695B4C4-LeaderElection47] INFO  impl.LeaderElection (LeaderElection.java:askForVotes(323)) - 3cf20811-7a7f-4ec1-bb30-7adbebaa785f@group-52454695B4C4-LeaderElection47 ELECTION round 0: submit vote requests at term 1 for -1: peers:[3cf20811-7a7f-4ec1-bb30-7adbebaa785f|10.1.0.4:15237]|listeners:[], old=null
2023-12-26 17:43:19,044 [3cf20811-7a7f-4ec1-bb30-7adbebaa785f@group-52454695B4C4-LeaderElection47] INFO  impl.LeaderElection (LeaderElection.java:askForVotes(325)) - 3cf20811-7a7f-4ec1-bb30-7adbebaa785f@group-52454695B4C4-LeaderElection47 ELECTION round 0: result PASSED (term=1)
2023-12-26 17:43:19,044 [3cf20811-7a7f-4ec1-bb30-7adbebaa785f@group-52454695B4C4-LeaderElection47] INFO  impl.RoleInfo (RoleInfo.java:shutdownLeaderElection(130)) - 3cf20811-7a7f-4ec1-bb30-7adbebaa785f: shutdown 3cf20811-7a7f-4ec1-bb30-7adbebaa785f@group-52454695B4C4-LeaderElection47
2023-12-26 17:43:19,044 [3cf20811-7a7f-4ec1-bb30-7adbebaa785f@group-52454695B4C4-LeaderElection47] INFO  server.RaftServer$Division (RaftServerImpl.java:setRole(379)) - 3cf20811-7a7f-4ec1-bb30-7adbebaa785f@group-52454695B4C4: changes role from CANDIDATE to LEADER at term 1 for changeToLeader
2023-12-26 17:43:19,044 [3cf20811-7a7f-4ec1-bb30-7adbebaa785f@group-52454695B4C4-LeaderElection47] INFO  server.RaftServerConfigKeys (ConfUtils.java:logGet(46)) - raft.server.staging.catchup.gap = 1000 (default)
2023-12-26 17:43:19,044 [3cf20811-7a7f-4ec1-bb30-7adbebaa785f@group-52454695B4C4-LeaderElection47] INFO  server.RaftServerConfigKeys (ConfUtils.java:logGet(46)) - raft.server.write.element-limit = 1024 (custom)
2023-12-26 17:43:19,045 [3cf20811-7a7f-4ec1-bb30-7adbebaa785f@group-52454695B4C4-LeaderElection47] INFO  server.RaftServerConfigKeys (ConfUtils.java:logGet(46)) - raft.server.write.byte-limit = 1024 M (=1073741824) (custom)
2023-12-26 17:43:19,045 [3cf20811-7a7f-4ec1-bb30-7adbebaa785f@group-52454695B4C4-LeaderElection47] INFO  server.RaftServerConfigKeys (ConfUtils.java:logGet(46)) - raft.server.watch.timeout = 3000ms (custom)
2023-12-26 17:43:19,045 [3cf20811-7a7f-4ec1-bb30-7adbebaa785f@group-52454695B4C4-LeaderElection47] INFO  server.RaftServerConfigKeys (ConfUtils.java:logGet(46)) - raft.server.watch.timeout.denomination = 1s (default)
2023-12-26 17:43:19,045 [3cf20811-7a7f-4ec1-bb30-7adbebaa785f@group-52454695B4C4-LeaderElection47] INFO  server.RaftServerConfigKeys (ConfUtils.java:logGet(46)) - raft.server.watch.element-limit = 65536 (default)
2023-12-26 17:43:19,045 [3cf20811-7a7f-4ec1-bb30-7adbebaa785f@group-52454695B4C4-LeaderElection47] INFO  server.RaftServerConfigKeys (ConfUtils.java:logGet(46)) - raft.server.read.leader.lease.enabled = false (default)
2023-12-26 17:43:19,045 [3cf20811-7a7f-4ec1-bb30-7adbebaa785f@group-52454695B4C4-LeaderElection47] INFO  server.RaftServerConfigKeys (ConfUtils.java:logGet(46)) - raft.server.read.leader.lease.timeout.ratio = 0.9 (default)
2023-12-26 17:43:19,045 [3cf20811-7a7f-4ec1-bb30-7adbebaa785f@group-52454695B4C4-LeaderElection47] INFO  server.RaftServerConfigKeys (ConfUtils.java:logGet(46)) - raft.server.rpc.timeout.min = 5s (custom)
2023-12-26 17:43:19,045 [3cf20811-7a7f-4ec1-bb30-7adbebaa785f@group-52454695B4C4-LeaderElection47] INFO  server.RaftServerConfigKeys (ConfUtils.java:logGet(46)) - raft.server.write.element-limit = 1024 (custom)
2023-12-26 17:43:19,045 [3cf20811-7a7f-4ec1-bb30-7adbebaa785f@group-52454695B4C4-LeaderElection47] INFO  server.RaftServerConfigKeys (ConfUtils.java:logGet(46)) - raft.server.write.follower.gap.ratio.max = -1.0 (default)
2023-12-26 17:43:19,045 [3cf20811-7a7f-4ec1-bb30-7adbebaa785f@group-52454695B4C4-LeaderElection47] INFO  impl.RoleInfo (RoleInfo.java:updateAndGet(139)) - 3cf20811-7a7f-4ec1-bb30-7adbebaa785f: start 3cf20811-7a7f-4ec1-bb30-7adbebaa785f@group-52454695B4C4-LeaderStateImpl
2023-12-26 17:43:19,045 [3cf20811-7a7f-4ec1-bb30-7adbebaa785f@group-52454695B4C4-LeaderElection47] INFO  server.RaftServer$Division (RaftServerImpl.java:setFirstElection(564)) - 3cf20811-7a7f-4ec1-bb30-7adbebaa785f@group-52454695B4C4: set firstElectionSinceStartup to false for becomeLeader
2023-12-26 17:43:19,045 [3cf20811-7a7f-4ec1-bb30-7adbebaa785f@group-52454695B4C4-LeaderElection47] INFO  ratis.XceiverServerRatis (XceiverServerRatis.java:handleLeaderChangedNotification(935)) - Leader change notification received for group: group-52454695B4C4 with new leaderId: 3cf20811-7a7f-4ec1-bb30-7adbebaa785f
2023-12-26 17:43:19,045 [3cf20811-7a7f-4ec1-bb30-7adbebaa785f@group-52454695B4C4-LeaderElection47] INFO  server.RaftServer$Division (ServerState.java:setLeader(265)) - 3cf20811-7a7f-4ec1-bb30-7adbebaa785f@group-52454695B4C4: change Leader from null to 3cf20811-7a7f-4ec1-bb30-7adbebaa785f at term 1 for becomeLeader, leader elected after 5121ms
2023-12-26 17:43:19,045 [3cf20811-7a7f-4ec1-bb30-7adbebaa785f@group-52454695B4C4-LeaderElection47] INFO  segmented.SegmentedRaftLogWorker (SegmentedRaftLogWorker.java:startLogSegment(428)) - 3cf20811-7a7f-4ec1-bb30-7adbebaa785f@group-52454695B4C4-SegmentedRaftLogWorker: Starting segment from index:0
2023-12-26 17:43:19,047 [3cf20811-7a7f-4ec1-bb30-7adbebaa785f@group-52454695B4C4-LeaderElection47] INFO  server.RaftServer$Division (ServerState.java:setRaftConf(382)) - 3cf20811-7a7f-4ec1-bb30-7adbebaa785f@group-52454695B4C4: set configuration 0: peers:[3cf20811-7a7f-4ec1-bb30-7adbebaa785f|10.1.0.4:15237]|listeners:[], old=null
2023-12-26 17:43:19,053 [3cf20811-7a7f-4ec1-bb30-7adbebaa785f@group-52454695B4C4-SegmentedRaftLogWorker] INFO  segmented.SegmentedRaftLogWorker (SegmentedRaftLogWorker.java:execute(632)) - 3cf20811-7a7f-4ec1-bb30-7adbebaa785f@group-52454695B4C4-SegmentedRaftLogWorker: created new log segment /home/runner/work/ozone/ozone/hadoop-ozone/integration-test/target/test-dir/MiniOzoneClusterImpl-a136b03b-8403-429e-9870-8bf85e606ef3/datanode-5/data/ratis/49b16d3f-ce7a-4149-9250-52454695b4c4/current/log_inprogress_0
2023-12-26 17:43:19,054 [3cf20811-7a7f-4ec1-bb30-7adbebaa785f@group-52454695B4C4-StateMachineUpdater] INFO  server.RaftServer$Division (LeaderStateImpl.java:isApplied(316)) - leader is ready since appliedIndex == 0 >= startIndex == 0
2023-12-26 17:43:19,173 [9041b40e-5b92-449e-aa66-a19f39177033@group-931AD61AFC41-FollowerState] INFO  impl.FollowerState (FollowerState.java:run(143)) - 9041b40e-5b92-449e-aa66-a19f39177033@group-931AD61AFC41-FollowerState: change to CANDIDATE, lastRpcElapsedTime:5094419162ns, electionTimeout:5094ms
2023-12-26 17:43:19,173 [9041b40e-5b92-449e-aa66-a19f39177033@group-931AD61AFC41-FollowerState] INFO  impl.RoleInfo (RoleInfo.java:shutdownFollowerState(110)) - 9041b40e-5b92-449e-aa66-a19f39177033: shutdown 9041b40e-5b92-449e-aa66-a19f39177033@group-931AD61AFC41-FollowerState
2023-12-26 17:43:19,173 [9041b40e-5b92-449e-aa66-a19f39177033@group-931AD61AFC41-FollowerState] INFO  server.RaftServer$Division (RaftServerImpl.java:setRole(379)) - 9041b40e-5b92-449e-aa66-a19f39177033@group-931AD61AFC41: changes role from  FOLLOWER to CANDIDATE at term 0 for changeToCandidate
2023-12-26 17:43:19,173 [9041b40e-5b92-449e-aa66-a19f39177033@group-931AD61AFC41-FollowerState] INFO  server.RaftServerConfigKeys (ConfUtils.java:logGet(46)) - raft.server.leaderelection.pre-vote = true (default)
2023-12-26 17:43:19,173 [9041b40e-5b92-449e-aa66-a19f39177033@group-931AD61AFC41-FollowerState] INFO  impl.RoleInfo (RoleInfo.java:updateAndGet(139)) - 9041b40e-5b92-449e-aa66-a19f39177033: start 9041b40e-5b92-449e-aa66-a19f39177033@group-931AD61AFC41-LeaderElection48
2023-12-26 17:43:19,175 [9041b40e-5b92-449e-aa66-a19f39177033@group-931AD61AFC41-LeaderElection48] INFO  impl.LeaderElection (LeaderElection.java:askForVotes(323)) - 9041b40e-5b92-449e-aa66-a19f39177033@group-931AD61AFC41-LeaderElection48 PRE_VOTE round 0: submit vote requests at term 0 for -1: peers:[5acb06d6-75fa-434d-a16a-f6192aa7de69|10.1.0.4:15264, 3d5bb137-3be5-4706-af5d-ee5f1bcd8429|10.1.0.4:15255, 9041b40e-5b92-449e-aa66-a19f39177033|10.1.0.4:15246]|listeners:[], old=null
2023-12-26 17:43:19,175 [9041b40e-5b92-449e-aa66-a19f39177033@group-931AD61AFC41-LeaderElection48-1] INFO  server.GrpcServerProtocolClient (GrpcServerProtocolClient.java:<init>(65)) - Build channel for 5acb06d6-75fa-434d-a16a-f6192aa7de69
2023-12-26 17:43:19,175 [9041b40e-5b92-449e-aa66-a19f39177033@group-931AD61AFC41-LeaderElection48-2] INFO  server.GrpcServerProtocolClient (GrpcServerProtocolClient.java:<init>(65)) - Build channel for 3d5bb137-3be5-4706-af5d-ee5f1bcd8429
2023-12-26 17:43:19,175 [9041b40e-5b92-449e-aa66-a19f39177033@group-931AD61AFC41-LeaderElection48] INFO  server.RaftServerConfigKeys (ConfUtils.java:logFallback(53)) - raft.server.rpc.first-election.timeout.min = 5s (fallback to raft.server.rpc.timeout.min)
2023-12-26 17:43:19,176 [9041b40e-5b92-449e-aa66-a19f39177033@group-931AD61AFC41-LeaderElection48] INFO  server.RaftServerConfigKeys (ConfUtils.java:logFallback(53)) - raft.server.rpc.first-election.timeout.max = 5200ms (fallback to raft.server.rpc.timeout.max)
2023-12-26 17:43:19,179 [grpc-default-executor-0] INFO  server.RaftServer$Division (RaftServerImpl.java:requestVote(1377)) - 5acb06d6-75fa-434d-a16a-f6192aa7de69@group-931AD61AFC41: receive requestVote(PRE_VOTE, 9041b40e-5b92-449e-aa66-a19f39177033, group-931AD61AFC41, 0, (t:0, i:0))
2023-12-26 17:43:19,179 [grpc-default-executor-3] INFO  server.RaftServer$Division (RaftServerImpl.java:requestVote(1377)) - 3d5bb137-3be5-4706-af5d-ee5f1bcd8429@group-931AD61AFC41: receive requestVote(PRE_VOTE, 9041b40e-5b92-449e-aa66-a19f39177033, group-931AD61AFC41, 0, (t:0, i:0))
2023-12-26 17:43:19,179 [grpc-default-executor-0] INFO  impl.VoteContext (VoteContext.java:log(49)) - 5acb06d6-75fa-434d-a16a-f6192aa7de69@group-931AD61AFC41-FOLLOWER: reject PRE_VOTE from 9041b40e-5b92-449e-aa66-a19f39177033: our priority 1 > candidate's priority 0
2023-12-26 17:43:19,179 [grpc-default-executor-3] INFO  impl.VoteContext (VoteContext.java:log(49)) - 3d5bb137-3be5-4706-af5d-ee5f1bcd8429@group-931AD61AFC41-FOLLOWER: accept PRE_VOTE from 9041b40e-5b92-449e-aa66-a19f39177033: our priority 0 <= candidate's priority 0
2023-12-26 17:43:19,179 [grpc-default-executor-0] INFO  server.RaftServer$Division (RaftServerImpl.java:requestVote(1410)) - 5acb06d6-75fa-434d-a16a-f6192aa7de69@group-931AD61AFC41 replies to PRE_VOTE vote request: 9041b40e-5b92-449e-aa66-a19f39177033<-5acb06d6-75fa-434d-a16a-f6192aa7de69#0:FAIL-t0. Peer's state: 5acb06d6-75fa-434d-a16a-f6192aa7de69@group-931AD61AFC41:t0, leader=null, voted=, raftlog=Memoized:5acb06d6-75fa-434d-a16a-f6192aa7de69@group-931AD61AFC41-SegmentedRaftLog:OPENED:c-1, conf=-1: peers:[5acb06d6-75fa-434d-a16a-f6192aa7de69|10.1.0.4:15264, 3d5bb137-3be5-4706-af5d-ee5f1bcd8429|10.1.0.4:15255, 9041b40e-5b92-449e-aa66-a19f39177033|10.1.0.4:15246]|listeners:[], old=null
2023-12-26 17:43:19,180 [grpc-default-executor-3] INFO  server.RaftServer$Division (RaftServerImpl.java:requestVote(1410)) - 3d5bb137-3be5-4706-af5d-ee5f1bcd8429@group-931AD61AFC41 replies to PRE_VOTE vote request: 9041b40e-5b92-449e-aa66-a19f39177033<-3d5bb137-3be5-4706-af5d-ee5f1bcd8429#0:OK-t0. Peer's state: 3d5bb137-3be5-4706-af5d-ee5f1bcd8429@group-931AD61AFC41:t0, leader=null, voted=, raftlog=Memoized:3d5bb137-3be5-4706-af5d-ee5f1bcd8429@group-931AD61AFC41-SegmentedRaftLog:OPENED:c-1, conf=-1: peers:[5acb06d6-75fa-434d-a16a-f6192aa7de69|10.1.0.4:15264, 3d5bb137-3be5-4706-af5d-ee5f1bcd8429|10.1.0.4:15255, 9041b40e-5b92-449e-aa66-a19f39177033|10.1.0.4:15246]|listeners:[], old=null
2023-12-26 17:43:19,181 [9041b40e-5b92-449e-aa66-a19f39177033@group-931AD61AFC41-LeaderElection48] INFO  impl.LeaderElection (LeaderElection.java:logAndReturn(89)) - 9041b40e-5b92-449e-aa66-a19f39177033@group-931AD61AFC41-LeaderElection48: PRE_VOTE REJECTED received 2 response(s) and 0 exception(s):
2023-12-26 17:43:19,181 [9041b40e-5b92-449e-aa66-a19f39177033@group-931AD61AFC41-LeaderElection48] INFO  impl.LeaderElection (LeaderElection.java:logAndReturn(93)) -   Response 0: 9041b40e-5b92-449e-aa66-a19f39177033<-5acb06d6-75fa-434d-a16a-f6192aa7de69#0:FAIL-t0
2023-12-26 17:43:19,181 [9041b40e-5b92-449e-aa66-a19f39177033@group-931AD61AFC41-LeaderElection48] INFO  impl.LeaderElection (LeaderElection.java:logAndReturn(93)) -   Response 1: 9041b40e-5b92-449e-aa66-a19f39177033<-3d5bb137-3be5-4706-af5d-ee5f1bcd8429#0:OK-t0
2023-12-26 17:43:19,181 [9041b40e-5b92-449e-aa66-a19f39177033@group-931AD61AFC41-LeaderElection48] INFO  impl.LeaderElection (LeaderElection.java:askForVotes(325)) - 9041b40e-5b92-449e-aa66-a19f39177033@group-931AD61AFC41-LeaderElection48 PRE_VOTE round 0: result REJECTED
2023-12-26 17:43:19,181 [9041b40e-5b92-449e-aa66-a19f39177033@group-931AD61AFC41-LeaderElection48] INFO  server.RaftServer$Division (RaftServerImpl.java:setRole(379)) - 9041b40e-5b92-449e-aa66-a19f39177033@group-931AD61AFC41: changes role from CANDIDATE to FOLLOWER at term 0 for REJECTED
2023-12-26 17:43:19,181 [9041b40e-5b92-449e-aa66-a19f39177033@group-931AD61AFC41-LeaderElection48] INFO  impl.RoleInfo (RoleInfo.java:shutdownLeaderElection(130)) - 9041b40e-5b92-449e-aa66-a19f39177033: shutdown 9041b40e-5b92-449e-aa66-a19f39177033@group-931AD61AFC41-LeaderElection48
2023-12-26 17:43:19,181 [9041b40e-5b92-449e-aa66-a19f39177033@group-931AD61AFC41-LeaderElection48] INFO  impl.RoleInfo (RoleInfo.java:updateAndGet(139)) - 9041b40e-5b92-449e-aa66-a19f39177033: start 9041b40e-5b92-449e-aa66-a19f39177033@group-931AD61AFC41-FollowerState
2023-12-26 17:43:19,181 [9041b40e-5b92-449e-aa66-a19f39177033@group-931AD61AFC41-LeaderElection48] INFO  server.RaftServer$Division (RaftServerImpl.java:setFirstElection(564)) - 9041b40e-5b92-449e-aa66-a19f39177033@group-931AD61AFC41: set firstElectionSinceStartup to false for REJECTED
2023-12-26 17:43:19,230 [9041b40e-5b92-449e-aa66-a19f39177033@group-B5BA6889F208-FollowerState] INFO  impl.FollowerState (FollowerState.java:run(143)) - 9041b40e-5b92-449e-aa66-a19f39177033@group-B5BA6889F208-FollowerState: change to CANDIDATE, lastRpcElapsedTime:5164161464ns, electionTimeout:5163ms
2023-12-26 17:43:19,230 [9041b40e-5b92-449e-aa66-a19f39177033@group-B5BA6889F208-FollowerState] INFO  impl.RoleInfo (RoleInfo.java:shutdownFollowerState(110)) - 9041b40e-5b92-449e-aa66-a19f39177033: shutdown 9041b40e-5b92-449e-aa66-a19f39177033@group-B5BA6889F208-FollowerState
2023-12-26 17:43:19,230 [9041b40e-5b92-449e-aa66-a19f39177033@group-B5BA6889F208-FollowerState] INFO  server.RaftServer$Division (RaftServerImpl.java:setRole(379)) - 9041b40e-5b92-449e-aa66-a19f39177033@group-B5BA6889F208: changes role from  FOLLOWER to CANDIDATE at term 0 for changeToCandidate
2023-12-26 17:43:19,230 [9041b40e-5b92-449e-aa66-a19f39177033@group-B5BA6889F208-FollowerState] INFO  server.RaftServerConfigKeys (ConfUtils.java:logGet(46)) - raft.server.leaderelection.pre-vote = true (default)
2023-12-26 17:43:19,230 [9041b40e-5b92-449e-aa66-a19f39177033@group-B5BA6889F208-FollowerState] INFO  impl.RoleInfo (RoleInfo.java:updateAndGet(139)) - 9041b40e-5b92-449e-aa66-a19f39177033: start 9041b40e-5b92-449e-aa66-a19f39177033@group-B5BA6889F208-LeaderElection49
2023-12-26 17:43:19,232 [9041b40e-5b92-449e-aa66-a19f39177033@group-B5BA6889F208-LeaderElection49] INFO  impl.LeaderElection (LeaderElection.java:askForVotes(323)) - 9041b40e-5b92-449e-aa66-a19f39177033@group-B5BA6889F208-LeaderElection49 PRE_VOTE round 0: submit vote requests at term 0 for -1: peers:[9041b40e-5b92-449e-aa66-a19f39177033|10.1.0.4:15246]|listeners:[], old=null
2023-12-26 17:43:19,232 [9041b40e-5b92-449e-aa66-a19f39177033@group-B5BA6889F208-LeaderElection49] INFO  impl.LeaderElection (LeaderElection.java:askForVotes(325)) - 9041b40e-5b92-449e-aa66-a19f39177033@group-B5BA6889F208-LeaderElection49 PRE_VOTE round 0: result PASSED (term=0)
2023-12-26 17:43:19,234 [9041b40e-5b92-449e-aa66-a19f39177033@group-B5BA6889F208-LeaderElection49] INFO  impl.LeaderElection (LeaderElection.java:askForVotes(323)) - 9041b40e-5b92-449e-aa66-a19f39177033@group-B5BA6889F208-LeaderElection49 ELECTION round 0: submit vote requests at term 1 for -1: peers:[9041b40e-5b92-449e-aa66-a19f39177033|10.1.0.4:15246]|listeners:[], old=null
2023-12-26 17:43:19,234 [9041b40e-5b92-449e-aa66-a19f39177033@group-B5BA6889F208-LeaderElection49] INFO  impl.LeaderElection (LeaderElection.java:askForVotes(325)) - 9041b40e-5b92-449e-aa66-a19f39177033@group-B5BA6889F208-LeaderElection49 ELECTION round 0: result PASSED (term=1)
2023-12-26 17:43:19,234 [9041b40e-5b92-449e-aa66-a19f39177033@group-B5BA6889F208-LeaderElection49] INFO  impl.RoleInfo (RoleInfo.java:shutdownLeaderElection(130)) - 9041b40e-5b92-449e-aa66-a19f39177033: shutdown 9041b40e-5b92-449e-aa66-a19f39177033@group-B5BA6889F208-LeaderElection49
2023-12-26 17:43:19,234 [9041b40e-5b92-449e-aa66-a19f39177033@group-B5BA6889F208-LeaderElection49] INFO  server.RaftServer$Division (RaftServerImpl.java:setRole(379)) - 9041b40e-5b92-449e-aa66-a19f39177033@group-B5BA6889F208: changes role from CANDIDATE to LEADER at term 1 for changeToLeader
2023-12-26 17:43:19,234 [9041b40e-5b92-449e-aa66-a19f39177033@group-B5BA6889F208-LeaderElection49] INFO  server.RaftServerConfigKeys (ConfUtils.java:logGet(46)) - raft.server.staging.catchup.gap = 1000 (default)
2023-12-26 17:43:19,234 [9041b40e-5b92-449e-aa66-a19f39177033@group-B5BA6889F208-LeaderElection49] INFO  server.RaftServerConfigKeys (ConfUtils.java:logGet(46)) - raft.server.write.element-limit = 1024 (custom)
2023-12-26 17:43:19,234 [9041b40e-5b92-449e-aa66-a19f39177033@group-B5BA6889F208-LeaderElection49] INFO  server.RaftServerConfigKeys (ConfUtils.java:logGet(46)) - raft.server.write.byte-limit = 1024 M (=1073741824) (custom)
2023-12-26 17:43:19,234 [9041b40e-5b92-449e-aa66-a19f39177033@group-B5BA6889F208-LeaderElection49] INFO  server.RaftServerConfigKeys (ConfUtils.java:logGet(46)) - raft.server.watch.timeout = 3000ms (custom)
2023-12-26 17:43:19,234 [9041b40e-5b92-449e-aa66-a19f39177033@group-B5BA6889F208-LeaderElection49] INFO  server.RaftServerConfigKeys (ConfUtils.java:logGet(46)) - raft.server.watch.timeout.denomination = 1s (default)
2023-12-26 17:43:19,234 [9041b40e-5b92-449e-aa66-a19f39177033@group-B5BA6889F208-LeaderElection49] INFO  server.RaftServerConfigKeys (ConfUtils.java:logGet(46)) - raft.server.watch.element-limit = 65536 (default)
2023-12-26 17:43:19,234 [9041b40e-5b92-449e-aa66-a19f39177033@group-B5BA6889F208-LeaderElection49] INFO  server.RaftServerConfigKeys (ConfUtils.java:logGet(46)) - raft.server.read.leader.lease.enabled = false (default)
2023-12-26 17:43:19,234 [9041b40e-5b92-449e-aa66-a19f39177033@group-B5BA6889F208-LeaderElection49] INFO  server.RaftServerConfigKeys (ConfUtils.java:logGet(46)) - raft.server.read.leader.lease.timeout.ratio = 0.9 (default)
2023-12-26 17:43:19,234 [9041b40e-5b92-449e-aa66-a19f39177033@group-B5BA6889F208-LeaderElection49] INFO  server.RaftServerConfigKeys (ConfUtils.java:logGet(46)) - raft.server.rpc.timeout.min = 5s (custom)
2023-12-26 17:43:19,234 [9041b40e-5b92-449e-aa66-a19f39177033@group-B5BA6889F208-LeaderElection49] INFO  server.RaftServerConfigKeys (ConfUtils.java:logGet(46)) - raft.server.write.element-limit = 1024 (custom)
2023-12-26 17:43:19,234 [9041b40e-5b92-449e-aa66-a19f39177033@group-B5BA6889F208-LeaderElection49] INFO  server.RaftServerConfigKeys (ConfUtils.java:logGet(46)) - raft.server.write.follower.gap.ratio.max = -1.0 (default)
2023-12-26 17:43:19,234 [9041b40e-5b92-449e-aa66-a19f39177033@group-B5BA6889F208-LeaderElection49] INFO  impl.RoleInfo (RoleInfo.java:updateAndGet(139)) - 9041b40e-5b92-449e-aa66-a19f39177033: start 9041b40e-5b92-449e-aa66-a19f39177033@group-B5BA6889F208-LeaderStateImpl
2023-12-26 17:43:19,234 [9041b40e-5b92-449e-aa66-a19f39177033@group-B5BA6889F208-LeaderElection49] INFO  server.RaftServer$Division (RaftServerImpl.java:setFirstElection(564)) - 9041b40e-5b92-449e-aa66-a19f39177033@group-B5BA6889F208: set firstElectionSinceStartup to false for becomeLeader
2023-12-26 17:43:19,234 [9041b40e-5b92-449e-aa66-a19f39177033@group-B5BA6889F208-LeaderElection49] INFO  ratis.XceiverServerRatis (XceiverServerRatis.java:handleLeaderChangedNotification(935)) - Leader change notification received for group: group-B5BA6889F208 with new leaderId: 9041b40e-5b92-449e-aa66-a19f39177033
2023-12-26 17:43:19,235 [9041b40e-5b92-449e-aa66-a19f39177033@group-B5BA6889F208-LeaderElection49] INFO  server.RaftServer$Division (ServerState.java:setLeader(265)) - 9041b40e-5b92-449e-aa66-a19f39177033@group-B5BA6889F208: change Leader from null to 9041b40e-5b92-449e-aa66-a19f39177033 at term 1 for becomeLeader, leader elected after 5182ms
2023-12-26 17:43:19,235 [9041b40e-5b92-449e-aa66-a19f39177033@group-B5BA6889F208-LeaderElection49] INFO  segmented.SegmentedRaftLogWorker (SegmentedRaftLogWorker.java:startLogSegment(428)) - 9041b40e-5b92-449e-aa66-a19f39177033@group-B5BA6889F208-SegmentedRaftLogWorker: Starting segment from index:0
2023-12-26 17:43:19,236 [9041b40e-5b92-449e-aa66-a19f39177033@group-B5BA6889F208-LeaderElection49] INFO  server.RaftServer$Division (ServerState.java:setRaftConf(382)) - 9041b40e-5b92-449e-aa66-a19f39177033@group-B5BA6889F208: set configuration 0: peers:[9041b40e-5b92-449e-aa66-a19f39177033|10.1.0.4:15246]|listeners:[], old=null
2023-12-26 17:43:19,242 [9041b40e-5b92-449e-aa66-a19f39177033@group-B5BA6889F208-SegmentedRaftLogWorker] INFO  segmented.SegmentedRaftLogWorker (SegmentedRaftLogWorker.java:execute(632)) - 9041b40e-5b92-449e-aa66-a19f39177033@group-B5BA6889F208-SegmentedRaftLogWorker: created new log segment /home/runner/work/ozone/ozone/hadoop-ozone/integration-test/target/test-dir/MiniOzoneClusterImpl-a136b03b-8403-429e-9870-8bf85e606ef3/datanode-6/data/ratis/5af49f39-54d4-4ac3-b074-b5ba6889f208/current/log_inprogress_0
2023-12-26 17:43:19,243 [9041b40e-5b92-449e-aa66-a19f39177033@group-B5BA6889F208-StateMachineUpdater] INFO  server.RaftServer$Division (LeaderStateImpl.java:isApplied(316)) - leader is ready since appliedIndex == 0 >= startIndex == 0
2023-12-26 17:43:19,267 [3d5bb137-3be5-4706-af5d-ee5f1bcd8429@group-931AD61AFC41-FollowerState] INFO  server.RaftServerConfigKeys (ConfUtils.java:logFallback(53)) - raft.server.rpc.first-election.timeout.min = 5s (fallback to raft.server.rpc.timeout.min)
2023-12-26 17:43:19,267 [3d5bb137-3be5-4706-af5d-ee5f1bcd8429@group-931AD61AFC41-FollowerState] INFO  server.RaftServerConfigKeys (ConfUtils.java:logFallback(53)) - raft.server.rpc.first-election.timeout.max = 5200ms (fallback to raft.server.rpc.timeout.max)
2023-12-26 17:43:19,269 [5acb06d6-75fa-434d-a16a-f6192aa7de69@group-931AD61AFC41-FollowerState] INFO  impl.FollowerState (FollowerState.java:run(143)) - 5acb06d6-75fa-434d-a16a-f6192aa7de69@group-931AD61AFC41-FollowerState: change to CANDIDATE, lastRpcElapsedTime:5172923129ns, electionTimeout:5172ms
2023-12-26 17:43:19,269 [5acb06d6-75fa-434d-a16a-f6192aa7de69@group-931AD61AFC41-FollowerState] INFO  impl.RoleInfo (RoleInfo.java:shutdownFollowerState(110)) - 5acb06d6-75fa-434d-a16a-f6192aa7de69: shutdown 5acb06d6-75fa-434d-a16a-f6192aa7de69@group-931AD61AFC41-FollowerState
2023-12-26 17:43:19,269 [5acb06d6-75fa-434d-a16a-f6192aa7de69@group-931AD61AFC41-FollowerState] INFO  server.RaftServer$Division (RaftServerImpl.java:setRole(379)) - 5acb06d6-75fa-434d-a16a-f6192aa7de69@group-931AD61AFC41: changes role from  FOLLOWER to CANDIDATE at term 0 for changeToCandidate
2023-12-26 17:43:19,269 [5acb06d6-75fa-434d-a16a-f6192aa7de69@group-931AD61AFC41-FollowerState] INFO  server.RaftServerConfigKeys (ConfUtils.java:logGet(46)) - raft.server.leaderelection.pre-vote = true (default)
2023-12-26 17:43:19,269 [5acb06d6-75fa-434d-a16a-f6192aa7de69@group-931AD61AFC41-FollowerState] INFO  impl.RoleInfo (RoleInfo.java:updateAndGet(139)) - 5acb06d6-75fa-434d-a16a-f6192aa7de69: start 5acb06d6-75fa-434d-a16a-f6192aa7de69@group-931AD61AFC41-LeaderElection50
2023-12-26 17:43:19,270 [5acb06d6-75fa-434d-a16a-f6192aa7de69@group-931AD61AFC41-LeaderElection50] INFO  impl.LeaderElection (LeaderElection.java:askForVotes(323)) - 5acb06d6-75fa-434d-a16a-f6192aa7de69@group-931AD61AFC41-LeaderElection50 PRE_VOTE round 0: submit vote requests at term 0 for -1: peers:[5acb06d6-75fa-434d-a16a-f6192aa7de69|10.1.0.4:15264, 3d5bb137-3be5-4706-af5d-ee5f1bcd8429|10.1.0.4:15255, 9041b40e-5b92-449e-aa66-a19f39177033|10.1.0.4:15246]|listeners:[], old=null
2023-12-26 17:43:19,270 [5acb06d6-75fa-434d-a16a-f6192aa7de69@group-931AD61AFC41-LeaderElection50-1] INFO  server.GrpcServerProtocolClient (GrpcServerProtocolClient.java:<init>(65)) - Build channel for 3d5bb137-3be5-4706-af5d-ee5f1bcd8429
2023-12-26 17:43:19,271 [5acb06d6-75fa-434d-a16a-f6192aa7de69@group-931AD61AFC41-LeaderElection50-2] INFO  server.GrpcServerProtocolClient (GrpcServerProtocolClient.java:<init>(65)) - Build channel for 9041b40e-5b92-449e-aa66-a19f39177033
2023-12-26 17:43:19,271 [5acb06d6-75fa-434d-a16a-f6192aa7de69@group-931AD61AFC41-LeaderElection50] INFO  server.RaftServerConfigKeys (ConfUtils.java:logFallback(53)) - raft.server.rpc.first-election.timeout.min = 5s (fallback to raft.server.rpc.timeout.min)
2023-12-26 17:43:19,271 [5acb06d6-75fa-434d-a16a-f6192aa7de69@group-931AD61AFC41-LeaderElection50] INFO  server.RaftServerConfigKeys (ConfUtils.java:logFallback(53)) - raft.server.rpc.first-election.timeout.max = 5200ms (fallback to raft.server.rpc.timeout.max)
2023-12-26 17:43:19,275 [grpc-default-executor-3] INFO  server.RaftServer$Division (RaftServerImpl.java:requestVote(1377)) - 9041b40e-5b92-449e-aa66-a19f39177033@group-931AD61AFC41: receive requestVote(PRE_VOTE, 5acb06d6-75fa-434d-a16a-f6192aa7de69, group-931AD61AFC41, 0, (t:0, i:0))
2023-12-26 17:43:19,275 [grpc-default-executor-3] INFO  impl.VoteContext (VoteContext.java:log(49)) - 9041b40e-5b92-449e-aa66-a19f39177033@group-931AD61AFC41-FOLLOWER: accept PRE_VOTE from 5acb06d6-75fa-434d-a16a-f6192aa7de69: our priority 0 <= candidate's priority 1
2023-12-26 17:43:19,276 [grpc-default-executor-3] INFO  server.RaftServer$Division (RaftServerImpl.java:requestVote(1410)) - 9041b40e-5b92-449e-aa66-a19f39177033@group-931AD61AFC41 replies to PRE_VOTE vote request: 5acb06d6-75fa-434d-a16a-f6192aa7de69<-9041b40e-5b92-449e-aa66-a19f39177033#0:OK-t0. Peer's state: 9041b40e-5b92-449e-aa66-a19f39177033@group-931AD61AFC41:t0, leader=null, voted=, raftlog=Memoized:9041b40e-5b92-449e-aa66-a19f39177033@group-931AD61AFC41-SegmentedRaftLog:OPENED:c-1, conf=-1: peers:[5acb06d6-75fa-434d-a16a-f6192aa7de69|10.1.0.4:15264, 3d5bb137-3be5-4706-af5d-ee5f1bcd8429|10.1.0.4:15255, 9041b40e-5b92-449e-aa66-a19f39177033|10.1.0.4:15246]|listeners:[], old=null
2023-12-26 17:43:19,277 [grpc-default-executor-3] INFO  server.RaftServer$Division (RaftServerImpl.java:requestVote(1377)) - 3d5bb137-3be5-4706-af5d-ee5f1bcd8429@group-931AD61AFC41: receive requestVote(PRE_VOTE, 5acb06d6-75fa-434d-a16a-f6192aa7de69, group-931AD61AFC41, 0, (t:0, i:0))
2023-12-26 17:43:19,277 [grpc-default-executor-3] INFO  impl.VoteContext (VoteContext.java:log(49)) - 3d5bb137-3be5-4706-af5d-ee5f1bcd8429@group-931AD61AFC41-FOLLOWER: accept PRE_VOTE from 5acb06d6-75fa-434d-a16a-f6192aa7de69: our priority 0 <= candidate's priority 1
2023-12-26 17:43:19,277 [grpc-default-executor-3] INFO  server.RaftServer$Division (RaftServerImpl.java:requestVote(1410)) - 3d5bb137-3be5-4706-af5d-ee5f1bcd8429@group-931AD61AFC41 replies to PRE_VOTE vote request: 5acb06d6-75fa-434d-a16a-f6192aa7de69<-3d5bb137-3be5-4706-af5d-ee5f1bcd8429#0:OK-t0. Peer's state: 3d5bb137-3be5-4706-af5d-ee5f1bcd8429@group-931AD61AFC41:t0, leader=null, voted=, raftlog=Memoized:3d5bb137-3be5-4706-af5d-ee5f1bcd8429@group-931AD61AFC41-SegmentedRaftLog:OPENED:c-1, conf=-1: peers:[5acb06d6-75fa-434d-a16a-f6192aa7de69|10.1.0.4:15264, 3d5bb137-3be5-4706-af5d-ee5f1bcd8429|10.1.0.4:15255, 9041b40e-5b92-449e-aa66-a19f39177033|10.1.0.4:15246]|listeners:[], old=null
2023-12-26 17:43:19,278 [5acb06d6-75fa-434d-a16a-f6192aa7de69@group-931AD61AFC41-LeaderElection50] INFO  impl.LeaderElection (LeaderElection.java:logAndReturn(89)) - 5acb06d6-75fa-434d-a16a-f6192aa7de69@group-931AD61AFC41-LeaderElection50: PRE_VOTE PASSED received 1 response(s) and 0 exception(s):
2023-12-26 17:43:19,278 [5acb06d6-75fa-434d-a16a-f6192aa7de69@group-931AD61AFC41-LeaderElection50] INFO  impl.LeaderElection (LeaderElection.java:logAndReturn(93)) -   Response 0: 5acb06d6-75fa-434d-a16a-f6192aa7de69<-3d5bb137-3be5-4706-af5d-ee5f1bcd8429#0:OK-t0
2023-12-26 17:43:19,278 [5acb06d6-75fa-434d-a16a-f6192aa7de69@group-931AD61AFC41-LeaderElection50] INFO  impl.LeaderElection (LeaderElection.java:askForVotes(325)) - 5acb06d6-75fa-434d-a16a-f6192aa7de69@group-931AD61AFC41-LeaderElection50 PRE_VOTE round 0: result PASSED
2023-12-26 17:43:19,279 [main] INFO  ozone.MiniOzoneClusterImpl (MiniOzoneClusterImpl.java:lambda$waitForClusterToBeReady$0(230)) - Nodes are ready. Got 9 of 9 DN Heartbeats.
2023-12-26 17:43:19,279 [main] INFO  ozone.MiniOzoneClusterImpl (MiniOzoneClusterImpl.java:lambda$waitForClusterToBeReady$0(233)) - Cluster exits safe mode
2023-12-26 17:43:19,279 [main] INFO  ozone.MiniOzoneClusterImpl (MiniOzoneClusterImpl.java:lambda$waitForClusterToBeReady$0(235)) - SCM became leader
2023-12-26 17:43:19,280 [main] INFO  protocolPB.OmTransportFactory (OmTransportFactory.java:createFactory(62)) - Loading OM transport implementation org.apache.hadoop.ozone.om.protocolPB.Hadoop3OmTransportFactory as specified by configuration.
2023-12-26 17:43:19,284 [5acb06d6-75fa-434d-a16a-f6192aa7de69@group-931AD61AFC41-LeaderElection50] INFO  impl.LeaderElection (LeaderElection.java:askForVotes(323)) - 5acb06d6-75fa-434d-a16a-f6192aa7de69@group-931AD61AFC41-LeaderElection50 ELECTION round 0: submit vote requests at term 1 for -1: peers:[5acb06d6-75fa-434d-a16a-f6192aa7de69|10.1.0.4:15264, 3d5bb137-3be5-4706-af5d-ee5f1bcd8429|10.1.0.4:15255, 9041b40e-5b92-449e-aa66-a19f39177033|10.1.0.4:15246]|listeners:[], old=null
2023-12-26 17:43:19,285 [5acb06d6-75fa-434d-a16a-f6192aa7de69@group-931AD61AFC41-LeaderElection50] INFO  server.RaftServerConfigKeys (ConfUtils.java:logFallback(53)) - raft.server.rpc.first-election.timeout.min = 5s (fallback to raft.server.rpc.timeout.min)
2023-12-26 17:43:19,285 [5acb06d6-75fa-434d-a16a-f6192aa7de69@group-931AD61AFC41-LeaderElection50] INFO  server.RaftServerConfigKeys (ConfUtils.java:logFallback(53)) - raft.server.rpc.first-election.timeout.max = 5200ms (fallback to raft.server.rpc.timeout.max)
2023-12-26 17:43:19,286 [grpc-default-executor-3] INFO  server.RaftServer$Division (RaftServerImpl.java:requestVote(1377)) - 3d5bb137-3be5-4706-af5d-ee5f1bcd8429@group-931AD61AFC41: receive requestVote(ELECTION, 5acb06d6-75fa-434d-a16a-f6192aa7de69, group-931AD61AFC41, 1, (t:0, i:0))
2023-12-26 17:43:19,286 [grpc-default-executor-3] INFO  impl.VoteContext (VoteContext.java:log(49)) - 3d5bb137-3be5-4706-af5d-ee5f1bcd8429@group-931AD61AFC41-FOLLOWER: accept ELECTION from 5acb06d6-75fa-434d-a16a-f6192aa7de69: our priority 0 <= candidate's priority 1
2023-12-26 17:43:19,286 [grpc-default-executor-3] INFO  server.RaftServer$Division (RaftServerImpl.java:setRole(379)) - 3d5bb137-3be5-4706-af5d-ee5f1bcd8429@group-931AD61AFC41: changes role from  FOLLOWER to FOLLOWER at term 1 for candidate:5acb06d6-75fa-434d-a16a-f6192aa7de69
2023-12-26 17:43:19,286 [grpc-default-executor-3] INFO  impl.RoleInfo (RoleInfo.java:shutdownFollowerState(110)) - 3d5bb137-3be5-4706-af5d-ee5f1bcd8429: shutdown 3d5bb137-3be5-4706-af5d-ee5f1bcd8429@group-931AD61AFC41-FollowerState
2023-12-26 17:43:19,287 [grpc-default-executor-3] INFO  impl.RoleInfo (RoleInfo.java:updateAndGet(139)) - 3d5bb137-3be5-4706-af5d-ee5f1bcd8429: start 3d5bb137-3be5-4706-af5d-ee5f1bcd8429@group-931AD61AFC41-FollowerState
2023-12-26 17:43:19,287 [3d5bb137-3be5-4706-af5d-ee5f1bcd8429@group-931AD61AFC41-FollowerState] INFO  impl.FollowerState (FollowerState.java:run(152)) - 3d5bb137-3be5-4706-af5d-ee5f1bcd8429@group-931AD61AFC41-FollowerState was interrupted
2023-12-26 17:43:19,287 [grpc-default-executor-0] INFO  server.RaftServer$Division (RaftServerImpl.java:requestVote(1377)) - 9041b40e-5b92-449e-aa66-a19f39177033@group-931AD61AFC41: receive requestVote(ELECTION, 5acb06d6-75fa-434d-a16a-f6192aa7de69, group-931AD61AFC41, 1, (t:0, i:0))
2023-12-26 17:43:19,287 [grpc-default-executor-0] INFO  impl.VoteContext (VoteContext.java:log(49)) - 9041b40e-5b92-449e-aa66-a19f39177033@group-931AD61AFC41-FOLLOWER: accept ELECTION from 5acb06d6-75fa-434d-a16a-f6192aa7de69: our priority 0 <= candidate's priority 1
2023-12-26 17:43:19,287 [grpc-default-executor-0] INFO  server.RaftServer$Division (RaftServerImpl.java:setRole(379)) - 9041b40e-5b92-449e-aa66-a19f39177033@group-931AD61AFC41: changes role from  FOLLOWER to FOLLOWER at term 1 for candidate:5acb06d6-75fa-434d-a16a-f6192aa7de69
2023-12-26 17:43:19,287 [grpc-default-executor-0] INFO  impl.RoleInfo (RoleInfo.java:shutdownFollowerState(110)) - 9041b40e-5b92-449e-aa66-a19f39177033: shutdown 9041b40e-5b92-449e-aa66-a19f39177033@group-931AD61AFC41-FollowerState
2023-12-26 17:43:19,287 [grpc-default-executor-3] INFO  server.RaftServer$Division (RaftServerImpl.java:setFirstElection(564)) - 3d5bb137-3be5-4706-af5d-ee5f1bcd8429@group-931AD61AFC41: set firstElectionSinceStartup to false for candidate:5acb06d6-75fa-434d-a16a-f6192aa7de69
2023-12-26 17:43:19,287 [grpc-default-executor-0] INFO  impl.RoleInfo (RoleInfo.java:updateAndGet(139)) - 9041b40e-5b92-449e-aa66-a19f39177033: start 9041b40e-5b92-449e-aa66-a19f39177033@group-931AD61AFC41-FollowerState
2023-12-26 17:43:19,288 [9041b40e-5b92-449e-aa66-a19f39177033@group-931AD61AFC41-FollowerState] INFO  impl.FollowerState (FollowerState.java:run(152)) - 9041b40e-5b92-449e-aa66-a19f39177033@group-931AD61AFC41-FollowerState was interrupted
2023-12-26 17:43:19,290 [grpc-default-executor-3] INFO  server.RaftServer$Division (RaftServerImpl.java:requestVote(1410)) - 3d5bb137-3be5-4706-af5d-ee5f1bcd8429@group-931AD61AFC41 replies to ELECTION vote request: 5acb06d6-75fa-434d-a16a-f6192aa7de69<-3d5bb137-3be5-4706-af5d-ee5f1bcd8429#0:OK-t1. Peer's state: 3d5bb137-3be5-4706-af5d-ee5f1bcd8429@group-931AD61AFC41:t1, leader=null, voted=5acb06d6-75fa-434d-a16a-f6192aa7de69, raftlog=Memoized:3d5bb137-3be5-4706-af5d-ee5f1bcd8429@group-931AD61AFC41-SegmentedRaftLog:OPENED:c-1, conf=-1: peers:[5acb06d6-75fa-434d-a16a-f6192aa7de69|10.1.0.4:15264, 3d5bb137-3be5-4706-af5d-ee5f1bcd8429|10.1.0.4:15255, 9041b40e-5b92-449e-aa66-a19f39177033|10.1.0.4:15246]|listeners:[], old=null
2023-12-26 17:43:19,290 [main] INFO  rpc.RpcClient (RpcClient.java:createVolume(456)) - Creating Volume: watchforcommithandlingtest, with runner as owner and space quota set to -1 bytes, counts quota set to -1
2023-12-26 17:43:19,290 [5acb06d6-75fa-434d-a16a-f6192aa7de69@group-931AD61AFC41-LeaderElection50] INFO  impl.LeaderElection (LeaderElection.java:logAndReturn(89)) - 5acb06d6-75fa-434d-a16a-f6192aa7de69@group-931AD61AFC41-LeaderElection50: ELECTION PASSED received 1 response(s) and 0 exception(s):
2023-12-26 17:43:19,290 [5acb06d6-75fa-434d-a16a-f6192aa7de69@group-931AD61AFC41-LeaderElection50] INFO  impl.LeaderElection (LeaderElection.java:logAndReturn(93)) -   Response 0: 5acb06d6-75fa-434d-a16a-f6192aa7de69<-3d5bb137-3be5-4706-af5d-ee5f1bcd8429#0:OK-t1
2023-12-26 17:43:19,291 [5acb06d6-75fa-434d-a16a-f6192aa7de69@group-931AD61AFC41-LeaderElection50] INFO  impl.LeaderElection (LeaderElection.java:askForVotes(325)) - 5acb06d6-75fa-434d-a16a-f6192aa7de69@group-931AD61AFC41-LeaderElection50 ELECTION round 0: result PASSED
2023-12-26 17:43:19,291 [5acb06d6-75fa-434d-a16a-f6192aa7de69@group-931AD61AFC41-LeaderElection50] INFO  impl.RoleInfo (RoleInfo.java:shutdownLeaderElection(130)) - 5acb06d6-75fa-434d-a16a-f6192aa7de69: shutdown 5acb06d6-75fa-434d-a16a-f6192aa7de69@group-931AD61AFC41-LeaderElection50
2023-12-26 17:43:19,291 [5acb06d6-75fa-434d-a16a-f6192aa7de69@group-931AD61AFC41-LeaderElection50] INFO  server.RaftServer$Division (RaftServerImpl.java:setRole(379)) - 5acb06d6-75fa-434d-a16a-f6192aa7de69@group-931AD61AFC41: changes role from CANDIDATE to LEADER at term 1 for changeToLeader
2023-12-26 17:43:19,291 [grpc-default-executor-0] INFO  server.RaftServer$Division (RaftServerImpl.java:requestVote(1410)) - 9041b40e-5b92-449e-aa66-a19f39177033@group-931AD61AFC41 replies to ELECTION vote request: 5acb06d6-75fa-434d-a16a-f6192aa7de69<-9041b40e-5b92-449e-aa66-a19f39177033#0:OK-t1. Peer's state: 9041b40e-5b92-449e-aa66-a19f39177033@group-931AD61AFC41:t1, leader=null, voted=5acb06d6-75fa-434d-a16a-f6192aa7de69, raftlog=Memoized:9041b40e-5b92-449e-aa66-a19f39177033@group-931AD61AFC41-SegmentedRaftLog:OPENED:c-1, conf=-1: peers:[5acb06d6-75fa-434d-a16a-f6192aa7de69|10.1.0.4:15264, 3d5bb137-3be5-4706-af5d-ee5f1bcd8429|10.1.0.4:15255, 9041b40e-5b92-449e-aa66-a19f39177033|10.1.0.4:15246]|listeners:[], old=null
2023-12-26 17:43:19,291 [5acb06d6-75fa-434d-a16a-f6192aa7de69@group-931AD61AFC41-LeaderElection50] INFO  server.RaftServerConfigKeys (ConfUtils.java:logGet(46)) - raft.server.staging.catchup.gap = 1000 (default)
2023-12-26 17:43:19,291 [5acb06d6-75fa-434d-a16a-f6192aa7de69@group-931AD61AFC41-LeaderElection50] INFO  server.RaftServerConfigKeys (ConfUtils.java:logGet(46)) - raft.server.write.element-limit = 1024 (custom)
2023-12-26 17:43:19,291 [5acb06d6-75fa-434d-a16a-f6192aa7de69@group-931AD61AFC41-LeaderElection50] INFO  server.RaftServerConfigKeys (ConfUtils.java:logGet(46)) - raft.server.write.byte-limit = 1024 M (=1073741824) (custom)
2023-12-26 17:43:19,292 [5acb06d6-75fa-434d-a16a-f6192aa7de69@group-931AD61AFC41-LeaderElection50] INFO  server.RaftServerConfigKeys (ConfUtils.java:logGet(46)) - raft.server.watch.timeout = 3000ms (custom)
2023-12-26 17:43:19,292 [5acb06d6-75fa-434d-a16a-f6192aa7de69@group-931AD61AFC41-LeaderElection50] INFO  server.RaftServerConfigKeys (ConfUtils.java:logGet(46)) - raft.server.watch.timeout.denomination = 1s (default)
2023-12-26 17:43:19,292 [5acb06d6-75fa-434d-a16a-f6192aa7de69@group-931AD61AFC41-LeaderElection50] INFO  server.RaftServerConfigKeys (ConfUtils.java:logGet(46)) - raft.server.watch.element-limit = 65536 (default)
2023-12-26 17:43:19,292 [5acb06d6-75fa-434d-a16a-f6192aa7de69@group-931AD61AFC41-LeaderElection50] INFO  server.RaftServerConfigKeys (ConfUtils.java:logGet(46)) - raft.server.read.leader.lease.enabled = false (default)
2023-12-26 17:43:19,292 [5acb06d6-75fa-434d-a16a-f6192aa7de69@group-931AD61AFC41-LeaderElection50] INFO  server.RaftServerConfigKeys (ConfUtils.java:logGet(46)) - raft.server.read.leader.lease.timeout.ratio = 0.9 (default)
2023-12-26 17:43:19,292 [5acb06d6-75fa-434d-a16a-f6192aa7de69@group-931AD61AFC41-LeaderElection50] INFO  server.RaftServerConfigKeys (ConfUtils.java:logGet(46)) - raft.server.rpc.timeout.min = 5s (custom)
2023-12-26 17:43:19,292 [5acb06d6-75fa-434d-a16a-f6192aa7de69@group-931AD61AFC41-LeaderElection50] INFO  server.RaftServerConfigKeys (ConfUtils.java:logGet(46)) - raft.server.write.element-limit = 1024 (custom)
2023-12-26 17:43:19,292 [5acb06d6-75fa-434d-a16a-f6192aa7de69@group-931AD61AFC41-LeaderElection50] INFO  server.RaftServerConfigKeys (ConfUtils.java:logGet(46)) - raft.server.write.follower.gap.ratio.max = -1.0 (default)
2023-12-26 17:43:19,292 [5acb06d6-75fa-434d-a16a-f6192aa7de69@group-931AD61AFC41-LeaderElection50] INFO  server.RaftServerConfigKeys (ConfUtils.java:logGet(46)) - raft.server.log.appender.snapshot.chunk.size.max = 16MB (=16777216) (default)
2023-12-26 17:43:19,292 [5acb06d6-75fa-434d-a16a-f6192aa7de69@group-931AD61AFC41-LeaderElection50] INFO  server.RaftServerConfigKeys (ConfUtils.java:logGet(46)) - raft.server.log.appender.buffer.byte-limit = 8388608 (custom)
2023-12-26 17:43:19,292 [5acb06d6-75fa-434d-a16a-f6192aa7de69@group-931AD61AFC41-LeaderElection50] INFO  server.RaftServerConfigKeys (ConfUtils.java:logGet(46)) - raft.server.log.appender.buffer.element-limit = 1 (custom)
2023-12-26 17:43:19,293 [5acb06d6-75fa-434d-a16a-f6192aa7de69@group-931AD61AFC41-LeaderElection50] INFO  server.RaftServerConfigKeys (ConfUtils.java:logGet(46)) - raft.server.log.appender.wait-time.min = 0ms (custom)
2023-12-26 17:43:19,293 [5acb06d6-75fa-434d-a16a-f6192aa7de69@group-931AD61AFC41-LeaderElection50] INFO  grpc.GrpcConfigKeys (ConfUtils.java:logGet(46)) - raft.grpc.server.leader.outstanding.appends.max = 8 (default)
2023-12-26 17:43:19,293 [5acb06d6-75fa-434d-a16a-f6192aa7de69@group-931AD61AFC41-LeaderElection50] INFO  server.RaftServerConfigKeys (ConfUtils.java:logGet(46)) - raft.server.rpc.request.timeout = 3000ms (default)
2023-12-26 17:43:19,293 [5acb06d6-75fa-434d-a16a-f6192aa7de69@group-931AD61AFC41-LeaderElection50] INFO  grpc.GrpcConfigKeys (ConfUtils.java:logGet(46)) - raft.grpc.server.install_snapshot.request.element-limit = 8 (default)
2023-12-26 17:43:19,293 [5acb06d6-75fa-434d-a16a-f6192aa7de69@group-931AD61AFC41-LeaderElection50] INFO  grpc.GrpcConfigKeys (ConfUtils.java:logGet(46)) - raft.grpc.server.install_snapshot.request.timeout = 3000ms (default)
2023-12-26 17:43:19,293 [5acb06d6-75fa-434d-a16a-f6192aa7de69@group-931AD61AFC41-LeaderElection50] INFO  server.RaftServerConfigKeys (ConfUtils.java:logGet(46)) - raft.server.log.appender.install.snapshot.enabled = false (custom)
2023-12-26 17:43:19,293 [5acb06d6-75fa-434d-a16a-f6192aa7de69@group-931AD61AFC41-LeaderElection50] INFO  grpc.GrpcConfigKeys (ConfUtils.java:logGet(46)) - raft.grpc.server.heartbeat.channel = true (default)
2023-12-26 17:43:19,293 [3d5bb137-3be5-4706-af5d-ee5f1bcd8429@group-0A8A5E6E88AA-FollowerState] INFO  impl.FollowerState (FollowerState.java:run(143)) - 3d5bb137-3be5-4706-af5d-ee5f1bcd8429@group-0A8A5E6E88AA-FollowerState: change to CANDIDATE, lastRpcElapsedTime:5115859464ns, electionTimeout:5115ms
2023-12-26 17:43:19,294 [3d5bb137-3be5-4706-af5d-ee5f1bcd8429@group-0A8A5E6E88AA-FollowerState] INFO  impl.RoleInfo (RoleInfo.java:shutdownFollowerState(110)) - 3d5bb137-3be5-4706-af5d-ee5f1bcd8429: shutdown 3d5bb137-3be5-4706-af5d-ee5f1bcd8429@group-0A8A5E6E88AA-FollowerState
2023-12-26 17:43:19,294 [3d5bb137-3be5-4706-af5d-ee5f1bcd8429@group-0A8A5E6E88AA-FollowerState] INFO  server.RaftServer$Division (RaftServerImpl.java:setRole(379)) - 3d5bb137-3be5-4706-af5d-ee5f1bcd8429@group-0A8A5E6E88AA: changes role from  FOLLOWER to CANDIDATE at term 0 for changeToCandidate
2023-12-26 17:43:19,294 [3d5bb137-3be5-4706-af5d-ee5f1bcd8429@group-0A8A5E6E88AA-FollowerState] INFO  server.RaftServerConfigKeys (ConfUtils.java:logGet(46)) - raft.server.leaderelection.pre-vote = true (default)
2023-12-26 17:43:19,294 [5acb06d6-75fa-434d-a16a-f6192aa7de69@group-931AD61AFC41-LeaderElection50] INFO  server.RaftServerConfigKeys (ConfUtils.java:logGet(46)) - raft.server.log.appender.snapshot.chunk.size.max = 16MB (=16777216) (default)
2023-12-26 17:43:19,294 [5acb06d6-75fa-434d-a16a-f6192aa7de69@group-931AD61AFC41-LeaderElection50] INFO  server.RaftServerConfigKeys (ConfUtils.java:logGet(46)) - raft.server.log.appender.buffer.byte-limit = 8388608 (custom)
2023-12-26 17:43:19,294 [3d5bb137-3be5-4706-af5d-ee5f1bcd8429@group-0A8A5E6E88AA-FollowerState] INFO  impl.RoleInfo (RoleInfo.java:updateAndGet(139)) - 3d5bb137-3be5-4706-af5d-ee5f1bcd8429: start 3d5bb137-3be5-4706-af5d-ee5f1bcd8429@group-0A8A5E6E88AA-LeaderElection51
2023-12-26 17:43:19,294 [5acb06d6-75fa-434d-a16a-f6192aa7de69@group-931AD61AFC41-LeaderElection50] INFO  server.RaftServerConfigKeys (ConfUtils.java:logGet(46)) - raft.server.log.appender.buffer.element-limit = 1 (custom)
2023-12-26 17:43:19,297 [5acb06d6-75fa-434d-a16a-f6192aa7de69@group-931AD61AFC41-LeaderElection50] INFO  server.RaftServerConfigKeys (ConfUtils.java:logGet(46)) - raft.server.log.appender.wait-time.min = 0ms (custom)
2023-12-26 17:43:19,297 [5acb06d6-75fa-434d-a16a-f6192aa7de69@group-931AD61AFC41-LeaderElection50] INFO  grpc.GrpcConfigKeys (ConfUtils.java:logGet(46)) - raft.grpc.server.leader.outstanding.appends.max = 8 (default)
2023-12-26 17:43:19,297 [5acb06d6-75fa-434d-a16a-f6192aa7de69@group-931AD61AFC41-LeaderElection50] INFO  server.RaftServerConfigKeys (ConfUtils.java:logGet(46)) - raft.server.rpc.request.timeout = 3000ms (default)
2023-12-26 17:43:19,297 [5acb06d6-75fa-434d-a16a-f6192aa7de69@group-931AD61AFC41-LeaderElection50] INFO  grpc.GrpcConfigKeys (ConfUtils.java:logGet(46)) - raft.grpc.server.install_snapshot.request.element-limit = 8 (default)
2023-12-26 17:43:19,297 [5acb06d6-75fa-434d-a16a-f6192aa7de69@group-931AD61AFC41-LeaderElection50] INFO  grpc.GrpcConfigKeys (ConfUtils.java:logGet(46)) - raft.grpc.server.install_snapshot.request.timeout = 3000ms (default)
2023-12-26 17:43:19,297 [5acb06d6-75fa-434d-a16a-f6192aa7de69@group-931AD61AFC41-LeaderElection50] INFO  server.RaftServerConfigKeys (ConfUtils.java:logGet(46)) - raft.server.log.appender.install.snapshot.enabled = false (custom)
2023-12-26 17:43:19,297 [5acb06d6-75fa-434d-a16a-f6192aa7de69@group-931AD61AFC41-LeaderElection50] INFO  grpc.GrpcConfigKeys (ConfUtils.java:logGet(46)) - raft.grpc.server.heartbeat.channel = true (default)
2023-12-26 17:43:19,297 [5acb06d6-75fa-434d-a16a-f6192aa7de69@group-931AD61AFC41-LeaderElection50] INFO  impl.RoleInfo (RoleInfo.java:updateAndGet(139)) - 5acb06d6-75fa-434d-a16a-f6192aa7de69: start 5acb06d6-75fa-434d-a16a-f6192aa7de69@group-931AD61AFC41-LeaderStateImpl
2023-12-26 17:43:19,297 [5acb06d6-75fa-434d-a16a-f6192aa7de69@group-931AD61AFC41-LeaderElection50] INFO  server.RaftServer$Division (RaftServerImpl.java:setFirstElection(564)) - 5acb06d6-75fa-434d-a16a-f6192aa7de69@group-931AD61AFC41: set firstElectionSinceStartup to false for becomeLeader
2023-12-26 17:43:19,297 [5acb06d6-75fa-434d-a16a-f6192aa7de69@group-931AD61AFC41-LeaderElection50] INFO  ratis.XceiverServerRatis (XceiverServerRatis.java:handleLeaderChangedNotification(935)) - Leader change notification received for group: group-931AD61AFC41 with new leaderId: 5acb06d6-75fa-434d-a16a-f6192aa7de69
2023-12-26 17:43:19,297 [5acb06d6-75fa-434d-a16a-f6192aa7de69@group-931AD61AFC41-LeaderElection50] INFO  server.RaftServer$Division (ServerState.java:setLeader(265)) - 5acb06d6-75fa-434d-a16a-f6192aa7de69@group-931AD61AFC41: change Leader from null to 5acb06d6-75fa-434d-a16a-f6192aa7de69 at term 1 for becomeLeader, leader elected after 5212ms
2023-12-26 17:43:19,298 [5acb06d6-75fa-434d-a16a-f6192aa7de69@group-931AD61AFC41-LeaderElection50] INFO  segmented.SegmentedRaftLogWorker (SegmentedRaftLogWorker.java:startLogSegment(428)) - 5acb06d6-75fa-434d-a16a-f6192aa7de69@group-931AD61AFC41-SegmentedRaftLogWorker: Starting segment from index:0
2023-12-26 17:43:19,298 [3d5bb137-3be5-4706-af5d-ee5f1bcd8429@group-0A8A5E6E88AA-LeaderElection51] INFO  impl.LeaderElection (LeaderElection.java:askForVotes(323)) - 3d5bb137-3be5-4706-af5d-ee5f1bcd8429@group-0A8A5E6E88AA-LeaderElection51 PRE_VOTE round 0: submit vote requests at term 0 for -1: peers:[3d5bb137-3be5-4706-af5d-ee5f1bcd8429|10.1.0.4:15255]|listeners:[], old=null
2023-12-26 17:43:19,299 [3d5bb137-3be5-4706-af5d-ee5f1bcd8429@group-0A8A5E6E88AA-LeaderElection51] INFO  impl.LeaderElection (LeaderElection.java:askForVotes(325)) - 3d5bb137-3be5-4706-af5d-ee5f1bcd8429@group-0A8A5E6E88AA-LeaderElection51 PRE_VOTE round 0: result PASSED (term=0)
2023-12-26 17:43:19,302 [5acb06d6-75fa-434d-a16a-f6192aa7de69@group-931AD61AFC41-LeaderElection50] INFO  server.RaftServer$Division (ServerState.java:setRaftConf(382)) - 5acb06d6-75fa-434d-a16a-f6192aa7de69@group-931AD61AFC41: set configuration 0: peers:[5acb06d6-75fa-434d-a16a-f6192aa7de69|10.1.0.4:15264, 3d5bb137-3be5-4706-af5d-ee5f1bcd8429|10.1.0.4:15255, 9041b40e-5b92-449e-aa66-a19f39177033|10.1.0.4:15246]|listeners:[], old=null
2023-12-26 17:43:19,304 [3d5bb137-3be5-4706-af5d-ee5f1bcd8429@group-0A8A5E6E88AA-LeaderElection51] INFO  impl.LeaderElection (LeaderElection.java:askForVotes(323)) - 3d5bb137-3be5-4706-af5d-ee5f1bcd8429@group-0A8A5E6E88AA-LeaderElection51 ELECTION round 0: submit vote requests at term 1 for -1: peers:[3d5bb137-3be5-4706-af5d-ee5f1bcd8429|10.1.0.4:15255]|listeners:[], old=null
2023-12-26 17:43:19,304 [3d5bb137-3be5-4706-af5d-ee5f1bcd8429@group-0A8A5E6E88AA-LeaderElection51] INFO  impl.LeaderElection (LeaderElection.java:askForVotes(325)) - 3d5bb137-3be5-4706-af5d-ee5f1bcd8429@group-0A8A5E6E88AA-LeaderElection51 ELECTION round 0: result PASSED (term=1)
2023-12-26 17:43:19,304 [3d5bb137-3be5-4706-af5d-ee5f1bcd8429@group-0A8A5E6E88AA-LeaderElection51] INFO  impl.RoleInfo (RoleInfo.java:shutdownLeaderElection(130)) - 3d5bb137-3be5-4706-af5d-ee5f1bcd8429: shutdown 3d5bb137-3be5-4706-af5d-ee5f1bcd8429@group-0A8A5E6E88AA-LeaderElection51
2023-12-26 17:43:19,304 [3d5bb137-3be5-4706-af5d-ee5f1bcd8429@group-0A8A5E6E88AA-LeaderElection51] INFO  server.RaftServer$Division (RaftServerImpl.java:setRole(379)) - 3d5bb137-3be5-4706-af5d-ee5f1bcd8429@group-0A8A5E6E88AA: changes role from CANDIDATE to LEADER at term 1 for changeToLeader
2023-12-26 17:43:19,305 [3d5bb137-3be5-4706-af5d-ee5f1bcd8429@group-0A8A5E6E88AA-LeaderElection51] INFO  server.RaftServerConfigKeys (ConfUtils.java:logGet(46)) - raft.server.staging.catchup.gap = 1000 (default)
2023-12-26 17:43:19,305 [3d5bb137-3be5-4706-af5d-ee5f1bcd8429@group-0A8A5E6E88AA-LeaderElection51] INFO  server.RaftServerConfigKeys (ConfUtils.java:logGet(46)) - raft.server.write.element-limit = 1024 (custom)
2023-12-26 17:43:19,309 [5acb06d6-75fa-434d-a16a-f6192aa7de69@group-931AD61AFC41-SegmentedRaftLogWorker] INFO  segmented.SegmentedRaftLogWorker (SegmentedRaftLogWorker.java:execute(632)) - 5acb06d6-75fa-434d-a16a-f6192aa7de69@group-931AD61AFC41-SegmentedRaftLogWorker: created new log segment /home/runner/work/ozone/ozone/hadoop-ozone/integration-test/target/test-dir/MiniOzoneClusterImpl-a136b03b-8403-429e-9870-8bf85e606ef3/datanode-8/data/ratis/3eaeb45c-f3cd-4275-b4c0-931ad61afc41/current/log_inprogress_0
2023-12-26 17:43:19,309 [EventQueue-PipelineReportForPipelineReportHandler] INFO  pipeline.PipelineReportHandler (PipelineReportHandler.java:processPipelineReport(136)) - Opened pipeline PipelineID=3eaeb45c-f3cd-4275-b4c0-931ad61afc41
2023-12-26 17:43:19,308 [5acb06d6-75fa-434d-a16a-f6192aa7de69@group-76D87C0074AF-FollowerState] INFO  impl.FollowerState (FollowerState.java:run(143)) - 5acb06d6-75fa-434d-a16a-f6192aa7de69@group-76D87C0074AF-FollowerState: change to CANDIDATE, lastRpcElapsedTime:5018674332ns, electionTimeout:5018ms
2023-12-26 17:43:19,312 [5acb06d6-75fa-434d-a16a-f6192aa7de69@group-76D87C0074AF-FollowerState] INFO  impl.RoleInfo (RoleInfo.java:shutdownFollowerState(110)) - 5acb06d6-75fa-434d-a16a-f6192aa7de69: shutdown 5acb06d6-75fa-434d-a16a-f6192aa7de69@group-76D87C0074AF-FollowerState
2023-12-26 17:43:19,312 [5acb06d6-75fa-434d-a16a-f6192aa7de69@group-76D87C0074AF-FollowerState] INFO  server.RaftServer$Division (RaftServerImpl.java:setRole(379)) - 5acb06d6-75fa-434d-a16a-f6192aa7de69@group-76D87C0074AF: changes role from  FOLLOWER to CANDIDATE at term 0 for changeToCandidate
2023-12-26 17:43:19,312 [3d5bb137-3be5-4706-af5d-ee5f1bcd8429@group-0A8A5E6E88AA-LeaderElection51] INFO  server.RaftServerConfigKeys (ConfUtils.java:logGet(46)) - raft.server.write.byte-limit = 1024 M (=1073741824) (custom)
2023-12-26 17:43:19,313 [3d5bb137-3be5-4706-af5d-ee5f1bcd8429@group-0A8A5E6E88AA-LeaderElection51] INFO  server.RaftServerConfigKeys (ConfUtils.java:logGet(46)) - raft.server.watch.timeout = 3000ms (custom)
2023-12-26 17:43:19,313 [3d5bb137-3be5-4706-af5d-ee5f1bcd8429@group-0A8A5E6E88AA-LeaderElection51] INFO  server.RaftServerConfigKeys (ConfUtils.java:logGet(46)) - raft.server.watch.timeout.denomination = 1s (default)
2023-12-26 17:43:19,313 [3d5bb137-3be5-4706-af5d-ee5f1bcd8429@group-0A8A5E6E88AA-LeaderElection51] INFO  server.RaftServerConfigKeys (ConfUtils.java:logGet(46)) - raft.server.watch.element-limit = 65536 (default)
2023-12-26 17:43:19,313 [3d5bb137-3be5-4706-af5d-ee5f1bcd8429@group-0A8A5E6E88AA-LeaderElection51] INFO  server.RaftServerConfigKeys (ConfUtils.java:logGet(46)) - raft.server.read.leader.lease.enabled = false (default)
2023-12-26 17:43:19,313 [3d5bb137-3be5-4706-af5d-ee5f1bcd8429@group-0A8A5E6E88AA-LeaderElection51] INFO  server.RaftServerConfigKeys (ConfUtils.java:logGet(46)) - raft.server.read.leader.lease.timeout.ratio = 0.9 (default)
2023-12-26 17:43:19,313 [3d5bb137-3be5-4706-af5d-ee5f1bcd8429@group-0A8A5E6E88AA-LeaderElection51] INFO  server.RaftServerConfigKeys (ConfUtils.java:logGet(46)) - raft.server.rpc.timeout.min = 5s (custom)
2023-12-26 17:43:19,313 [3d5bb137-3be5-4706-af5d-ee5f1bcd8429@group-0A8A5E6E88AA-LeaderElection51] INFO  server.RaftServerConfigKeys (ConfUtils.java:logGet(46)) - raft.server.write.element-limit = 1024 (custom)
2023-12-26 17:43:19,313 [3d5bb137-3be5-4706-af5d-ee5f1bcd8429@group-0A8A5E6E88AA-LeaderElection51] INFO  server.RaftServerConfigKeys (ConfUtils.java:logGet(46)) - raft.server.write.follower.gap.ratio.max = -1.0 (default)
2023-12-26 17:43:19,313 [3d5bb137-3be5-4706-af5d-ee5f1bcd8429@group-0A8A5E6E88AA-LeaderElection51] INFO  impl.RoleInfo (RoleInfo.java:updateAndGet(139)) - 3d5bb137-3be5-4706-af5d-ee5f1bcd8429: start 3d5bb137-3be5-4706-af5d-ee5f1bcd8429@group-0A8A5E6E88AA-LeaderStateImpl
2023-12-26 17:43:19,313 [3d5bb137-3be5-4706-af5d-ee5f1bcd8429@group-0A8A5E6E88AA-LeaderElection51] INFO  server.RaftServer$Division (RaftServerImpl.java:setFirstElection(564)) - 3d5bb137-3be5-4706-af5d-ee5f1bcd8429@group-0A8A5E6E88AA: set firstElectionSinceStartup to false for becomeLeader
2023-12-26 17:43:19,313 [3d5bb137-3be5-4706-af5d-ee5f1bcd8429@group-0A8A5E6E88AA-LeaderElection51] INFO  ratis.XceiverServerRatis (XceiverServerRatis.java:handleLeaderChangedNotification(935)) - Leader change notification received for group: group-0A8A5E6E88AA with new leaderId: 3d5bb137-3be5-4706-af5d-ee5f1bcd8429
2023-12-26 17:43:19,315 [om1-OMStateMachineApplyTransactionThread - 0] INFO  volume.OMVolumeCreateRequest (OMVolumeCreateRequest.java:validateAndUpdateCache(197)) - created volume:watchforcommithandlingtest for user:runner
2023-12-26 17:43:19,316 [3d5bb137-3be5-4706-af5d-ee5f1bcd8429@group-0A8A5E6E88AA-LeaderElection51] INFO  server.RaftServer$Division (ServerState.java:setLeader(265)) - 3d5bb137-3be5-4706-af5d-ee5f1bcd8429@group-0A8A5E6E88AA: change Leader from null to 3d5bb137-3be5-4706-af5d-ee5f1bcd8429 at term 1 for becomeLeader, leader elected after 5146ms
2023-12-26 17:43:19,316 [5acb06d6-75fa-434d-a16a-f6192aa7de69@group-76D87C0074AF-FollowerState] INFO  server.RaftServerConfigKeys (ConfUtils.java:logGet(46)) - raft.server.leaderelection.pre-vote = true (default)
2023-12-26 17:43:19,316 [5acb06d6-75fa-434d-a16a-f6192aa7de69@group-76D87C0074AF-FollowerState] INFO  impl.RoleInfo (RoleInfo.java:updateAndGet(139)) - 5acb06d6-75fa-434d-a16a-f6192aa7de69: start 5acb06d6-75fa-434d-a16a-f6192aa7de69@group-76D87C0074AF-LeaderElection52
2023-12-26 17:43:19,316 [3d5bb137-3be5-4706-af5d-ee5f1bcd8429@group-0A8A5E6E88AA-LeaderElection51] INFO  segmented.SegmentedRaftLogWorker (SegmentedRaftLogWorker.java:startLogSegment(428)) - 3d5bb137-3be5-4706-af5d-ee5f1bcd8429@group-0A8A5E6E88AA-SegmentedRaftLogWorker: Starting segment from index:0
2023-12-26 17:43:19,318 [5acb06d6-75fa-434d-a16a-f6192aa7de69@group-76D87C0074AF-LeaderElection52] INFO  impl.LeaderElection (LeaderElection.java:askForVotes(323)) - 5acb06d6-75fa-434d-a16a-f6192aa7de69@group-76D87C0074AF-LeaderElection52 PRE_VOTE round 0: submit vote requests at term 0 for -1: peers:[5acb06d6-75fa-434d-a16a-f6192aa7de69|10.1.0.4:15264]|listeners:[], old=null
2023-12-26 17:43:19,318 [9041b40e-5b92-449e-aa66-a19f39177033-server-thread2] INFO  ratis.XceiverServerRatis (XceiverServerRatis.java:handleLeaderChangedNotification(935)) - Leader change notification received for group: group-931AD61AFC41 with new leaderId: 5acb06d6-75fa-434d-a16a-f6192aa7de69
2023-12-26 17:43:19,318 [5acb06d6-75fa-434d-a16a-f6192aa7de69@group-76D87C0074AF-LeaderElection52] INFO  impl.LeaderElection (LeaderElection.java:askForVotes(325)) - 5acb06d6-75fa-434d-a16a-f6192aa7de69@group-76D87C0074AF-LeaderElection52 PRE_VOTE round 0: result PASSED (term=0)
2023-12-26 17:43:19,318 [3d5bb137-3be5-4706-af5d-ee5f1bcd8429@group-0A8A5E6E88AA-LeaderElection51] INFO  server.RaftServer$Division (ServerState.java:setRaftConf(382)) - 3d5bb137-3be5-4706-af5d-ee5f1bcd8429@group-0A8A5E6E88AA: set configuration 0: peers:[3d5bb137-3be5-4706-af5d-ee5f1bcd8429|10.1.0.4:15255]|listeners:[], old=null
2023-12-26 17:43:19,318 [9041b40e-5b92-449e-aa66-a19f39177033-server-thread2] INFO  server.RaftServer$Division (ServerState.java:setLeader(265)) - 9041b40e-5b92-449e-aa66-a19f39177033@group-931AD61AFC41: change Leader from null to 5acb06d6-75fa-434d-a16a-f6192aa7de69 at term 1 for appendEntries, leader elected after 5249ms
2023-12-26 17:43:19,320 [main] INFO  rpc.RpcClient (RpcClient.java:createBucket(683)) - Creating Bucket: watchforcommithandlingtest/watchforcommithandlingtest, with server-side default bucket layout, runner as owner, Versioning false, Storage Type set to DISK and Encryption set to false, Replication Type set to server-side default replication type, Namespace Quota set to -1, Space Quota set to -1 
2023-12-26 17:43:19,320 [5acb06d6-75fa-434d-a16a-f6192aa7de69@group-76D87C0074AF-LeaderElection52] INFO  impl.LeaderElection (LeaderElection.java:askForVotes(323)) - 5acb06d6-75fa-434d-a16a-f6192aa7de69@group-76D87C0074AF-LeaderElection52 ELECTION round 0: submit vote requests at term 1 for -1: peers:[5acb06d6-75fa-434d-a16a-f6192aa7de69|10.1.0.4:15264]|listeners:[], old=null
2023-12-26 17:43:19,320 [5acb06d6-75fa-434d-a16a-f6192aa7de69@group-76D87C0074AF-LeaderElection52] INFO  impl.LeaderElection (LeaderElection.java:askForVotes(325)) - 5acb06d6-75fa-434d-a16a-f6192aa7de69@group-76D87C0074AF-LeaderElection52 ELECTION round 0: result PASSED (term=1)
2023-12-26 17:43:19,320 [5acb06d6-75fa-434d-a16a-f6192aa7de69@group-76D87C0074AF-LeaderElection52] INFO  impl.RoleInfo (RoleInfo.java:shutdownLeaderElection(130)) - 5acb06d6-75fa-434d-a16a-f6192aa7de69: shutdown 5acb06d6-75fa-434d-a16a-f6192aa7de69@group-76D87C0074AF-LeaderElection52
2023-12-26 17:43:19,320 [5acb06d6-75fa-434d-a16a-f6192aa7de69@group-76D87C0074AF-LeaderElection52] INFO  server.RaftServer$Division (RaftServerImpl.java:setRole(379)) - 5acb06d6-75fa-434d-a16a-f6192aa7de69@group-76D87C0074AF: changes role from CANDIDATE to LEADER at term 1 for changeToLeader
2023-12-26 17:43:19,320 [5acb06d6-75fa-434d-a16a-f6192aa7de69@group-76D87C0074AF-LeaderElection52] INFO  server.RaftServerConfigKeys (ConfUtils.java:logGet(46)) - raft.server.staging.catchup.gap = 1000 (default)
2023-12-26 17:43:19,320 [5acb06d6-75fa-434d-a16a-f6192aa7de69@group-76D87C0074AF-LeaderElection52] INFO  server.RaftServerConfigKeys (ConfUtils.java:logGet(46)) - raft.server.write.element-limit = 1024 (custom)
2023-12-26 17:43:19,320 [5acb06d6-75fa-434d-a16a-f6192aa7de69@group-76D87C0074AF-LeaderElection52] INFO  server.RaftServerConfigKeys (ConfUtils.java:logGet(46)) - raft.server.write.byte-limit = 1024 M (=1073741824) (custom)
2023-12-26 17:43:19,321 [5acb06d6-75fa-434d-a16a-f6192aa7de69@group-76D87C0074AF-LeaderElection52] INFO  server.RaftServerConfigKeys (ConfUtils.java:logGet(46)) - raft.server.watch.timeout = 3000ms (custom)
2023-12-26 17:43:19,321 [5acb06d6-75fa-434d-a16a-f6192aa7de69@group-76D87C0074AF-LeaderElection52] INFO  server.RaftServerConfigKeys (ConfUtils.java:logGet(46)) - raft.server.watch.timeout.denomination = 1s (default)
2023-12-26 17:43:19,321 [5acb06d6-75fa-434d-a16a-f6192aa7de69@group-76D87C0074AF-LeaderElection52] INFO  server.RaftServerConfigKeys (ConfUtils.java:logGet(46)) - raft.server.watch.element-limit = 65536 (default)
2023-12-26 17:43:19,321 [5acb06d6-75fa-434d-a16a-f6192aa7de69@group-76D87C0074AF-LeaderElection52] INFO  server.RaftServerConfigKeys (ConfUtils.java:logGet(46)) - raft.server.read.leader.lease.enabled = false (default)
2023-12-26 17:43:19,321 [5acb06d6-75fa-434d-a16a-f6192aa7de69@group-76D87C0074AF-LeaderElection52] INFO  server.RaftServerConfigKeys (ConfUtils.java:logGet(46)) - raft.server.read.leader.lease.timeout.ratio = 0.9 (default)
2023-12-26 17:43:19,321 [5acb06d6-75fa-434d-a16a-f6192aa7de69@group-76D87C0074AF-LeaderElection52] INFO  server.RaftServerConfigKeys (ConfUtils.java:logGet(46)) - raft.server.rpc.timeout.min = 5s (custom)
2023-12-26 17:43:19,321 [5acb06d6-75fa-434d-a16a-f6192aa7de69@group-76D87C0074AF-LeaderElection52] INFO  server.RaftServerConfigKeys (ConfUtils.java:logGet(46)) - raft.server.write.element-limit = 1024 (custom)
2023-12-26 17:43:19,321 [5acb06d6-75fa-434d-a16a-f6192aa7de69@group-76D87C0074AF-LeaderElection52] INFO  server.RaftServerConfigKeys (ConfUtils.java:logGet(46)) - raft.server.write.follower.gap.ratio.max = -1.0 (default)
2023-12-26 17:43:19,321 [5acb06d6-75fa-434d-a16a-f6192aa7de69@group-76D87C0074AF-LeaderElection52] INFO  impl.RoleInfo (RoleInfo.java:updateAndGet(139)) - 5acb06d6-75fa-434d-a16a-f6192aa7de69: start 5acb06d6-75fa-434d-a16a-f6192aa7de69@group-76D87C0074AF-LeaderStateImpl
2023-12-26 17:43:19,321 [5acb06d6-75fa-434d-a16a-f6192aa7de69@group-76D87C0074AF-LeaderElection52] INFO  server.RaftServer$Division (RaftServerImpl.java:setFirstElection(564)) - 5acb06d6-75fa-434d-a16a-f6192aa7de69@group-76D87C0074AF: set firstElectionSinceStartup to false for becomeLeader
2023-12-26 17:43:19,321 [5acb06d6-75fa-434d-a16a-f6192aa7de69@group-76D87C0074AF-LeaderElection52] INFO  ratis.XceiverServerRatis (XceiverServerRatis.java:handleLeaderChangedNotification(935)) - Leader change notification received for group: group-76D87C0074AF with new leaderId: 5acb06d6-75fa-434d-a16a-f6192aa7de69
2023-12-26 17:43:19,321 [5acb06d6-75fa-434d-a16a-f6192aa7de69@group-76D87C0074AF-LeaderElection52] INFO  server.RaftServer$Division (ServerState.java:setLeader(265)) - 5acb06d6-75fa-434d-a16a-f6192aa7de69@group-76D87C0074AF: change Leader from null to 5acb06d6-75fa-434d-a16a-f6192aa7de69 at term 1 for becomeLeader, leader elected after 5042ms
2023-12-26 17:43:19,321 [5acb06d6-75fa-434d-a16a-f6192aa7de69@group-76D87C0074AF-LeaderElection52] INFO  segmented.SegmentedRaftLogWorker (SegmentedRaftLogWorker.java:startLogSegment(428)) - 5acb06d6-75fa-434d-a16a-f6192aa7de69@group-76D87C0074AF-SegmentedRaftLogWorker: Starting segment from index:0
2023-12-26 17:43:19,323 [3d5bb137-3be5-4706-af5d-ee5f1bcd8429-server-thread2] INFO  ratis.XceiverServerRatis (XceiverServerRatis.java:handleLeaderChangedNotification(935)) - Leader change notification received for group: group-931AD61AFC41 with new leaderId: 5acb06d6-75fa-434d-a16a-f6192aa7de69
2023-12-26 17:43:19,325 [om1-OMStateMachineApplyTransactionThread - 0] INFO  bucket.OMBucketCreateRequest (OMBucketCreateRequest.java:validateAndUpdateCache(295)) - created bucket: watchforcommithandlingtest of layout FILE_SYSTEM_OPTIMIZED in volume: watchforcommithandlingtest
2023-12-26 17:43:19,326 [3d5bb137-3be5-4706-af5d-ee5f1bcd8429-server-thread2] INFO  server.RaftServer$Division (ServerState.java:setLeader(265)) - 3d5bb137-3be5-4706-af5d-ee5f1bcd8429@group-931AD61AFC41: change Leader from null to 5acb06d6-75fa-434d-a16a-f6192aa7de69 at term 1 for appendEntries, leader elected after 5216ms
2023-12-26 17:43:19,330 [3d5bb137-3be5-4706-af5d-ee5f1bcd8429-server-thread2] INFO  server.RaftServer$Division (ServerState.java:setRaftConf(382)) - 3d5bb137-3be5-4706-af5d-ee5f1bcd8429@group-931AD61AFC41: set configuration 0: peers:[5acb06d6-75fa-434d-a16a-f6192aa7de69|10.1.0.4:15264, 3d5bb137-3be5-4706-af5d-ee5f1bcd8429|10.1.0.4:15255, 9041b40e-5b92-449e-aa66-a19f39177033|10.1.0.4:15246]|listeners:[], old=null
2023-12-26 17:43:19,330 [3d5bb137-3be5-4706-af5d-ee5f1bcd8429-server-thread2] INFO  segmented.SegmentedRaftLogWorker (SegmentedRaftLogWorker.java:startLogSegment(428)) - 3d5bb137-3be5-4706-af5d-ee5f1bcd8429@group-931AD61AFC41-SegmentedRaftLogWorker: Starting segment from index:0
2023-12-26 17:43:19,330 [9041b40e-5b92-449e-aa66-a19f39177033-server-thread1] INFO  server.RaftServer$Division (ServerState.java:setRaftConf(382)) - 9041b40e-5b92-449e-aa66-a19f39177033@group-931AD61AFC41: set configuration 0: peers:[5acb06d6-75fa-434d-a16a-f6192aa7de69|10.1.0.4:15264, 3d5bb137-3be5-4706-af5d-ee5f1bcd8429|10.1.0.4:15255, 9041b40e-5b92-449e-aa66-a19f39177033|10.1.0.4:15246]|listeners:[], old=null
2023-12-26 17:43:19,331 [9041b40e-5b92-449e-aa66-a19f39177033-server-thread1] INFO  segmented.SegmentedRaftLogWorker (SegmentedRaftLogWorker.java:startLogSegment(428)) - 9041b40e-5b92-449e-aa66-a19f39177033@group-931AD61AFC41-SegmentedRaftLogWorker: Starting segment from index:0
2023-12-26 17:43:19,333 [5acb06d6-75fa-434d-a16a-f6192aa7de69@group-76D87C0074AF-LeaderElection52] INFO  server.RaftServer$Division (ServerState.java:setRaftConf(382)) - 5acb06d6-75fa-434d-a16a-f6192aa7de69@group-76D87C0074AF: set configuration 0: peers:[5acb06d6-75fa-434d-a16a-f6192aa7de69|10.1.0.4:15264]|listeners:[], old=null
2023-12-26 17:43:19,333 [5acb06d6-75fa-434d-a16a-f6192aa7de69@group-76D87C0074AF-SegmentedRaftLogWorker] INFO  segmented.SegmentedRaftLogWorker (SegmentedRaftLogWorker.java:execute(632)) - 5acb06d6-75fa-434d-a16a-f6192aa7de69@group-76D87C0074AF-SegmentedRaftLogWorker: created new log segment /home/runner/work/ozone/ozone/hadoop-ozone/integration-test/target/test-dir/MiniOzoneClusterImpl-a136b03b-8403-429e-9870-8bf85e606ef3/datanode-8/data/ratis/1f51836f-beeb-42c3-97d9-76d87c0074af/current/log_inprogress_0
2023-12-26 17:43:19,333 [3d5bb137-3be5-4706-af5d-ee5f1bcd8429@group-0A8A5E6E88AA-SegmentedRaftLogWorker] INFO  segmented.SegmentedRaftLogWorker (SegmentedRaftLogWorker.java:execute(632)) - 3d5bb137-3be5-4706-af5d-ee5f1bcd8429@group-0A8A5E6E88AA-SegmentedRaftLogWorker: created new log segment /home/runner/work/ozone/ozone/hadoop-ozone/integration-test/target/test-dir/MiniOzoneClusterImpl-a136b03b-8403-429e-9870-8bf85e606ef3/datanode-7/data/ratis/63b1238d-2c26-4fc2-9e47-0a8a5e6e88aa/current/log_inprogress_0
2023-12-26 17:43:19,334 [5acb06d6-75fa-434d-a16a-f6192aa7de69@group-76D87C0074AF-StateMachineUpdater] INFO  server.RaftServer$Division (LeaderStateImpl.java:isApplied(316)) - leader is ready since appliedIndex == 0 >= startIndex == 0
2023-12-26 17:43:19,340 [IPC Server handler 2 on default port 15178] INFO  ha.SequenceIdGenerator (SequenceIdGenerator.java:getNextId(145)) - Allocate a batch for containerId, change lastId from 0 to 1000.
2023-12-26 17:43:19,349 [3d5bb137-3be5-4706-af5d-ee5f1bcd8429@group-0A8A5E6E88AA-StateMachineUpdater] INFO  server.RaftServer$Division (LeaderStateImpl.java:isApplied(316)) - leader is ready since appliedIndex == 0 >= startIndex == 0
2023-12-26 17:43:19,354 [3d5bb137-3be5-4706-af5d-ee5f1bcd8429@group-931AD61AFC41-SegmentedRaftLogWorker] INFO  segmented.SegmentedRaftLogWorker (SegmentedRaftLogWorker.java:execute(632)) - 3d5bb137-3be5-4706-af5d-ee5f1bcd8429@group-931AD61AFC41-SegmentedRaftLogWorker: created new log segment /home/runner/work/ozone/ozone/hadoop-ozone/integration-test/target/test-dir/MiniOzoneClusterImpl-a136b03b-8403-429e-9870-8bf85e606ef3/datanode-7/data/ratis/3eaeb45c-f3cd-4275-b4c0-931ad61afc41/current/log_inprogress_0
2023-12-26 17:43:19,355 [9041b40e-5b92-449e-aa66-a19f39177033@group-931AD61AFC41-SegmentedRaftLogWorker] INFO  segmented.SegmentedRaftLogWorker (SegmentedRaftLogWorker.java:execute(632)) - 9041b40e-5b92-449e-aa66-a19f39177033@group-931AD61AFC41-SegmentedRaftLogWorker: created new log segment /home/runner/work/ozone/ozone/hadoop-ozone/integration-test/target/test-dir/MiniOzoneClusterImpl-a136b03b-8403-429e-9870-8bf85e606ef3/datanode-6/data/ratis/3eaeb45c-f3cd-4275-b4c0-931ad61afc41/current/log_inprogress_0
2023-12-26 17:43:19,357 [5acb06d6-75fa-434d-a16a-f6192aa7de69@group-931AD61AFC41-StateMachineUpdater] INFO  server.RaftServer$Division (LeaderStateImpl.java:isApplied(316)) - leader is ready since appliedIndex == 0 >= startIndex == 0
2023-12-26 17:43:19,359 [grpc-default-executor-3] ERROR impl.OrderedAsync (OrderedAsync.java:lambda$sendRequest$9(247)) - client-9BF44B20C702: Failed* RaftClientRequest:client-9BF44B20C702->5acb06d6-75fa-434d-a16a-f6192aa7de69@group-931AD61AFC41, cid=57, seq=1*, Watch(0), null
java.util.concurrent.CompletionException: org.apache.ratis.protocol.exceptions.LeaderNotReadyException: 5acb06d6-75fa-434d-a16a-f6192aa7de69@group-931AD61AFC41 is in LEADER state but not ready yet.
	at java.util.concurrent.CompletableFuture.encodeThrowable(CompletableFuture.java:292)
	at java.util.concurrent.CompletableFuture.completeThrowable(CompletableFuture.java:308)
	at java.util.concurrent.CompletableFuture.uniApply(CompletableFuture.java:607)
	at java.util.concurrent.CompletableFuture$UniApply.tryFire(CompletableFuture.java:591)
	at java.util.concurrent.CompletableFuture.postComplete(CompletableFuture.java:488)
	at java.util.concurrent.CompletableFuture.completeExceptionally(CompletableFuture.java:1990)
	at org.apache.ratis.grpc.client.GrpcClientProtocolClient$AsyncStreamObservers.completeReplyExceptionally(GrpcClientProtocolClient.java:394)
	at org.apache.ratis.grpc.client.GrpcClientProtocolClient$AsyncStreamObservers.access$000(GrpcClientProtocolClient.java:300)
	at org.apache.ratis.grpc.client.GrpcClientProtocolClient$AsyncStreamObservers$1.onNext(GrpcClientProtocolClient.java:319)
	at org.apache.ratis.grpc.client.GrpcClientProtocolClient$AsyncStreamObservers$1.onNext(GrpcClientProtocolClient.java:305)
	at org.apache.ratis.thirdparty.io.grpc.stub.ClientCalls$StreamObserverToCallListenerAdapter.onMessage(ClientCalls.java:468)
	at org.apache.ratis.thirdparty.io.grpc.ForwardingClientCallListener.onMessage(ForwardingClientCallListener.java:33)
	at org.apache.ratis.thirdparty.io.grpc.internal.ClientCallImpl$ClientStreamListenerImpl$1MessagesAvailable.runInternal(ClientCallImpl.java:660)
	at org.apache.ratis.thirdparty.io.grpc.internal.ClientCallImpl$ClientStreamListenerImpl$1MessagesAvailable.runInContext(ClientCallImpl.java:647)
	at org.apache.ratis.thirdparty.io.grpc.internal.ContextRunnable.run(ContextRunnable.java:37)
	at org.apache.ratis.thirdparty.io.grpc.internal.SerializingExecutor.run(SerializingExecutor.java:133)
	at java.util.concurrent.ThreadPoolExecutor.runWorker(ThreadPoolExecutor.java:1149)
	at java.util.concurrent.ThreadPoolExecutor$Worker.run(ThreadPoolExecutor.java:624)
	at java.lang.Thread.run(Thread.java:750)
Caused by: org.apache.ratis.protocol.exceptions.LeaderNotReadyException: 5acb06d6-75fa-434d-a16a-f6192aa7de69@group-931AD61AFC41 is in LEADER state but not ready yet.
	at org.apache.ratis.client.impl.ClientProtoUtils.toRaftClientReply(ClientProtoUtils.java:407)
	at org.apache.ratis.grpc.client.GrpcClientProtocolClient$AsyncStreamObservers$1.onNext(GrpcClientProtocolClient.java:310)
	... 10 more
2023-12-26 17:43:26,082 [timer6] ERROR impl.OrderedAsync (OrderedAsync.java:lambda$sendRequest$9(247)) - client-9BF44B20C702: Failed* RaftClientRequest:client-9BF44B20C702->5acb06d6-75fa-434d-a16a-f6192aa7de69@group-931AD61AFC41, cid=57, seq=1*, Watch(0), null
java.util.concurrent.CompletionException: org.apache.ratis.protocol.exceptions.AlreadyClosedException: client-9BF44B20C702->5acb06d6-75fa-434d-a16a-f6192aa7de69 is closed.
	at java.util.concurrent.CompletableFuture.encodeThrowable(CompletableFuture.java:292)
	at java.util.concurrent.CompletableFuture.completeThrowable(CompletableFuture.java:308)
	at java.util.concurrent.CompletableFuture.uniApply(CompletableFuture.java:607)
	at java.util.concurrent.CompletableFuture.uniApplyStage(CompletableFuture.java:628)
	at java.util.concurrent.CompletableFuture.thenApply(CompletableFuture.java:1996)
	at org.apache.ratis.client.impl.OrderedAsync.sendRequest(OrderedAsync.java:239)
	at org.apache.ratis.client.impl.OrderedAsync.sendRequestWithRetry(OrderedAsync.java:203)
	at org.apache.ratis.util.SlidingWindow$Client.sendOrDelayRequest(SlidingWindow.java:312)
	at org.apache.ratis.util.SlidingWindow$Client.retry(SlidingWindow.java:328)
	at org.apache.ratis.client.impl.OrderedAsync.lambda$scheduleWithTimeout$6(OrderedAsync.java:227)
	at org.apache.ratis.util.TimeoutTimer.lambda$onTimeout$2(TimeoutTimer.java:101)
	at org.apache.ratis.util.LogUtils.runAndLog(LogUtils.java:38)
	at org.apache.ratis.util.LogUtils$1.run(LogUtils.java:78)
	at org.apache.ratis.util.TimeoutTimer$Task.run(TimeoutTimer.java:55)
	at java.util.TimerThread.mainLoop(Timer.java:555)
	at java.util.TimerThread.run(Timer.java:505)
Caused by: org.apache.ratis.protocol.exceptions.AlreadyClosedException: client-9BF44B20C702->5acb06d6-75fa-434d-a16a-f6192aa7de69 is closed.
	at org.apache.ratis.grpc.client.GrpcClientProtocolClient$AsyncStreamObservers.onNext(GrpcClientProtocolClient.java:349)
	at org.apache.ratis.grpc.client.GrpcClientRpc.sendRequestAsync(GrpcClientRpc.java:71)
	... 11 more
2023-12-26 17:43:31,215 [grpc-default-executor-1] ERROR impl.OrderedAsync (OrderedAsync.java:lambda$sendRequest$9(247)) - client-9BF44B20C702: Failed* RaftClientRequest:client-9BF44B20C702->9041b40e-5b92-449e-aa66-a19f39177033@group-931AD61AFC41, cid=57, seq=1*, Watch(0), null
java.util.concurrent.CompletionException: org.apache.ratis.protocol.exceptions.NotLeaderException: Server 9041b40e-5b92-449e-aa66-a19f39177033@group-931AD61AFC41 is not the leader 5acb06d6-75fa-434d-a16a-f6192aa7de69|10.1.0.4:15264
	at java.util.concurrent.CompletableFuture.encodeThrowable(CompletableFuture.java:292)
	at java.util.concurrent.CompletableFuture.completeThrowable(CompletableFuture.java:308)
	at java.util.concurrent.CompletableFuture.uniApply(CompletableFuture.java:607)
	at java.util.concurrent.CompletableFuture$UniApply.tryFire(CompletableFuture.java:591)
	at java.util.concurrent.CompletableFuture.postComplete(CompletableFuture.java:488)
	at java.util.concurrent.CompletableFuture.completeExceptionally(CompletableFuture.java:1990)
	at org.apache.ratis.grpc.client.GrpcClientProtocolClient$AsyncStreamObservers.completeReplyExceptionally(GrpcClientProtocolClient.java:394)
	at org.apache.ratis.grpc.client.GrpcClientProtocolClient$AsyncStreamObservers.access$000(GrpcClientProtocolClient.java:300)
	at org.apache.ratis.grpc.client.GrpcClientProtocolClient$AsyncStreamObservers$1.onNext(GrpcClientProtocolClient.java:314)
	at org.apache.ratis.grpc.client.GrpcClientProtocolClient$AsyncStreamObservers$1.onNext(GrpcClientProtocolClient.java:305)
	at org.apache.ratis.thirdparty.io.grpc.stub.ClientCalls$StreamObserverToCallListenerAdapter.onMessage(ClientCalls.java:468)
	at org.apache.ratis.thirdparty.io.grpc.ForwardingClientCallListener.onMessage(ForwardingClientCallListener.java:33)
	at org.apache.ratis.thirdparty.io.grpc.internal.ClientCallImpl$ClientStreamListenerImpl$1MessagesAvailable.runInternal(ClientCallImpl.java:660)
	at org.apache.ratis.thirdparty.io.grpc.internal.ClientCallImpl$ClientStreamListenerImpl$1MessagesAvailable.runInContext(ClientCallImpl.java:647)
	at org.apache.ratis.thirdparty.io.grpc.internal.ContextRunnable.run(ContextRunnable.java:37)
	at org.apache.ratis.thirdparty.io.grpc.internal.SerializingExecutor.run(SerializingExecutor.java:133)
	at java.util.concurrent.ThreadPoolExecutor.runWorker(ThreadPoolExecutor.java:1149)
	at java.util.concurrent.ThreadPoolExecutor$Worker.run(ThreadPoolExecutor.java:624)
	at java.lang.Thread.run(Thread.java:750)
Caused by: org.apache.ratis.protocol.exceptions.NotLeaderException: Server 9041b40e-5b92-449e-aa66-a19f39177033@group-931AD61AFC41 is not the leader 5acb06d6-75fa-434d-a16a-f6192aa7de69|10.1.0.4:15264
	at org.apache.ratis.client.impl.ClientProtoUtils.toRaftClientReply(ClientProtoUtils.java:397)
	at org.apache.ratis.grpc.client.GrpcClientProtocolClient$AsyncStreamObservers$1.onNext(GrpcClientProtocolClient.java:310)
	... 10 more
2023-12-26 17:43:31,216 [grpc-default-executor-1] ERROR impl.OrderedAsync (OrderedAsync.java:lambda$send$4(179)) - Failed to send request, message=null
java.util.concurrent.CompletionException: org.apache.ratis.protocol.exceptions.RaftRetryFailureException: Failed RaftClientRequest:client-9BF44B20C702->9041b40e-5b92-449e-aa66-a19f39177033@group-931AD61AFC41, cid=57, seq=1*, Watch(0), null for 3 attempts with RequestTypeDependentRetryPolicy{WRITE->ExceptionDependentRetry(maxAttempts=2147483647; defaultPolicy=MultipleLinearRandomRetry[5x5s, 5x10s, 5x15s, 5x20s, 5x25s, 10x60s]; map={org.apache.ratis.protocol.exceptions.GroupMismatchException->NoRetry, org.apache.ratis.protocol.exceptions.NotReplicatedException->NoRetry, org.apache.ratis.protocol.exceptions.ResourceUnavailableException->org.apache.ratis.retry.ExponentialBackoffRetry@10a6afb6, org.apache.ratis.protocol.exceptions.StateMachineException->NoRetry, org.apache.ratis.protocol.exceptions.TimeoutIOException->org.apache.ratis.retry.ExponentialBackoffRetry@10a6afb6}), WATCH->ExceptionDependentRetry(maxAttempts=2147483647; defaultPolicy=MultipleLinearRandomRetry[5x5s, 5x10s, 5x15s, 5x20s, 5x25s, 10x60s]; map={org.apache.ratis.protocol.exceptions.GroupMismatchException->NoRetry, org.apache.ratis.protocol.exceptions.NotReplicatedException->NoRetry, org.apache.ratis.protocol.exceptions.ResourceUnavailableException->org.apache.ratis.retry.ExponentialBackoffRetry@10a6afb6, org.apache.ratis.protocol.exceptions.StateMachineException->NoRetry, org.apache.ratis.protocol.exceptions.TimeoutIOException->NoRetry})}
	at java.util.concurrent.CompletableFuture.encodeThrowable(CompletableFuture.java:292)
	at java.util.concurrent.CompletableFuture.completeThrowable(CompletableFuture.java:308)
	at java.util.concurrent.CompletableFuture.uniApply(CompletableFuture.java:607)
	at java.util.concurrent.CompletableFuture$UniApply.tryFire(CompletableFuture.java:591)
	at java.util.concurrent.CompletableFuture.postComplete(CompletableFuture.java:488)
	at java.util.concurrent.CompletableFuture.completeExceptionally(CompletableFuture.java:1990)
	at org.apache.ratis.client.impl.OrderedAsync$PendingOrderedRequest.fail(OrderedAsync.java:105)
	at org.apache.ratis.util.SlidingWindow$Client.fail(SlidingWindow.java:392)
	at org.apache.ratis.client.impl.OrderedAsync.failAllAsyncRequests(OrderedAsync.java:149)
	at org.apache.ratis.client.impl.OrderedAsync.handleAsyncRetryFailure(OrderedAsync.java:153)
	at org.apache.ratis.client.impl.OrderedAsync.lambda$sendRequest$9(OrderedAsync.java:253)
	at java.util.concurrent.CompletableFuture.uniExceptionally(CompletableFuture.java:884)
	at java.util.concurrent.CompletableFuture$UniExceptionally.tryFire(CompletableFuture.java:866)
	at java.util.concurrent.CompletableFuture.postComplete(CompletableFuture.java:488)
	at java.util.concurrent.CompletableFuture.completeExceptionally(CompletableFuture.java:1990)
	at org.apache.ratis.grpc.client.GrpcClientProtocolClient$AsyncStreamObservers.completeReplyExceptionally(GrpcClientProtocolClient.java:394)
	at org.apache.ratis.grpc.client.GrpcClientProtocolClient$AsyncStreamObservers.access$000(GrpcClientProtocolClient.java:300)
	at org.apache.ratis.grpc.client.GrpcClientProtocolClient$AsyncStreamObservers$1.onNext(GrpcClientProtocolClient.java:314)
	at org.apache.ratis.grpc.client.GrpcClientProtocolClient$AsyncStreamObservers$1.onNext(GrpcClientProtocolClient.java:305)
	at org.apache.ratis.thirdparty.io.grpc.stub.ClientCalls$StreamObserverToCallListenerAdapter.onMessage(ClientCalls.java:468)
	at org.apache.ratis.thirdparty.io.grpc.ForwardingClientCallListener.onMessage(ForwardingClientCallListener.java:33)
	at org.apache.ratis.thirdparty.io.grpc.internal.ClientCallImpl$ClientStreamListenerImpl$1MessagesAvailable.runInternal(ClientCallImpl.java:660)
	at org.apache.ratis.thirdparty.io.grpc.internal.ClientCallImpl$ClientStreamListenerImpl$1MessagesAvailable.runInContext(ClientCallImpl.java:647)
	at org.apache.ratis.thirdparty.io.grpc.internal.ContextRunnable.run(ContextRunnable.java:37)
	at org.apache.ratis.thirdparty.io.grpc.internal.SerializingExecutor.run(SerializingExecutor.java:133)
	at java.util.concurrent.ThreadPoolExecutor.runWorker(ThreadPoolExecutor.java:1149)
	at java.util.concurrent.ThreadPoolExecutor$Worker.run(ThreadPoolExecutor.java:624)
	at java.lang.Thread.run(Thread.java:750)
Caused by: org.apache.ratis.protocol.exceptions.RaftRetryFailureException: Failed RaftClientRequest:client-9BF44B20C702->9041b40e-5b92-449e-aa66-a19f39177033@group-931AD61AFC41, cid=57, seq=1*, Watch(0), null for 3 attempts with RequestTypeDependentRetryPolicy{WRITE->ExceptionDependentRetry(maxAttempts=2147483647; defaultPolicy=MultipleLinearRandomRetry[5x5s, 5x10s, 5x15s, 5x20s, 5x25s, 10x60s]; map={org.apache.ratis.protocol.exceptions.GroupMismatchException->NoRetry, org.apache.ratis.protocol.exceptions.NotReplicatedException->NoRetry, org.apache.ratis.protocol.exceptions.ResourceUnavailableException->org.apache.ratis.retry.ExponentialBackoffRetry@10a6afb6, org.apache.ratis.protocol.exceptions.StateMachineException->NoRetry, org.apache.ratis.protocol.exceptions.TimeoutIOException->org.apache.ratis.retry.ExponentialBackoffRetry@10a6afb6}), WATCH->ExceptionDependentRetry(maxAttempts=2147483647; defaultPolicy=MultipleLinearRandomRetry[5x5s, 5x10s, 5x15s, 5x20s, 5x25s, 10x60s]; map={org.apache.ratis.protocol.exceptions.GroupMismatchException->NoRetry, org.apache.ratis.protocol.exceptions.NotReplicatedException->NoRetry, org.apache.ratis.protocol.exceptions.ResourceUnavailableException->org.apache.ratis.retry.ExponentialBackoffRetry@10a6afb6, org.apache.ratis.protocol.exceptions.StateMachineException->NoRetry, org.apache.ratis.protocol.exceptions.TimeoutIOException->NoRetry})}
	at org.apache.ratis.client.impl.RaftClientImpl.noMoreRetries(RaftClientImpl.java:353)
	... 19 more
Caused by: org.apache.ratis.protocol.exceptions.NotLeaderException: Server 9041b40e-5b92-449e-aa66-a19f39177033@group-931AD61AFC41 is not the leader 5acb06d6-75fa-434d-a16a-f6192aa7de69|10.1.0.4:15264
	at org.apache.ratis.client.impl.ClientProtoUtils.toRaftClientReply(ClientProtoUtils.java:397)
	at org.apache.ratis.grpc.client.GrpcClientProtocolClient$AsyncStreamObservers$1.onNext(GrpcClientProtocolClient.java:310)
	... 10 more
2023-12-26 17:43:31,217 [grpc-default-executor-1] ERROR impl.OrderedAsync (OrderedAsync.java:lambda$send$4(177)) - Failed to send request, message=cmdType: CreateContainer
traceID: ""
containerID: 1
datanodeUuid: "9041b40e-5b92-449e-aa66-a19f39177033"
createContainer {
}
, data.size=0 due to java.util.concurrent.CompletionException: org.apache.ratis.protocol.exceptions.AlreadyClosedException: SlidingWindow$Client:client-9BF44B20C702->RAFT is closed.
2023-12-26 17:43:31,222 [main] INFO  ozone.MiniOzoneClusterImpl (MiniOzoneClusterImpl.java:shutdown(450)) - Shutting down the Mini Ozone Cluster
2023-12-26 17:43:31,222 [main] INFO  ozone.MiniOzoneClusterImpl (MiniOzoneClusterImpl.java:stop(467)) - Stopping the Mini Ozone Cluster
2023-12-26 17:43:31,222 [main] INFO  om.OzoneManager (OzoneManager.java:stop(2206)) - om1[localhost:15182]: Stopping Ozone Manager
2023-12-26 17:43:31,222 [main] INFO  ipc.Server (Server.java:stop(3523)) - Stopping server on 15182
2023-12-26 17:43:31,226 [IPC Server Responder] INFO  ipc.Server (Server.java:run(1567)) - Stopping IPC Server Responder
2023-12-26 17:43:31,226 [IPC Server listener on 15182] INFO  ipc.Server (Server.java:run(1434)) - Stopping IPC Server listener on 15182
2023-12-26 17:43:31,228 [main] INFO  server.RaftServer (RaftServerProxy.java:lambda$close$9(416)) - om1: close
2023-12-26 17:43:31,230 [main] INFO  server.GrpcService (GrpcService.java:closeImpl(311)) - om1: shutdown server GrpcServerProtocolService now
2023-12-26 17:43:31,231 [om1-impl-thread1] INFO  server.RaftServer$Division (RaftServerImpl.java:lambda$close$3(516)) - om1@group-C5BA1605619E: shutdown
2023-12-26 17:43:31,231 [om1-impl-thread1] INFO  util.JmxRegister (JmxRegister.java:unregister(73)) - Successfully un-registered JMX Bean with object name Ratis:service=RaftServer,group=group-C5BA1605619E,id=om1
2023-12-26 17:43:31,231 [om1-impl-thread1] INFO  impl.RoleInfo (RoleInfo.java:shutdownLeaderState(94)) - om1: shutdown om1@group-C5BA1605619E-LeaderStateImpl
2023-12-26 17:43:31,231 [om1-impl-thread1] INFO  impl.PendingRequests (PendingRequests.java:sendNotLeaderResponses(289)) - om1@group-C5BA1605619E-PendingRequests: sendNotLeaderResponses
2023-12-26 17:43:31,231 [main] INFO  server.GrpcService (GrpcService.java:closeImpl(320)) - om1: shutdown server GrpcServerProtocolService successfully
2023-12-26 17:43:31,234 [om1-impl-thread1] INFO  impl.StateMachineUpdater (StateMachineUpdater.java:stopAndJoin(157)) - om1@group-C5BA1605619E-StateMachineUpdater: set stopIndex = 4
2023-12-26 17:43:31,234 [om1@group-C5BA1605619E-StateMachineUpdater] INFO  ratis.OzoneManagerStateMachine (OzoneManagerStateMachine.java:takeSnapshot(490)) - Current Snapshot Index (t:1, i:4)
2023-12-26 17:43:31,247 [om1@group-C5BA1605619E-StateMachineUpdater] INFO  impl.StateMachineUpdater (StateMachineUpdater.java:takeSnapshot(295)) - om1@group-C5BA1605619E-StateMachineUpdater: Took a snapshot at index 4
2023-12-26 17:43:31,247 [om1@group-C5BA1605619E-StateMachineUpdater] INFO  impl.StateMachineUpdater (StateMachineUpdater.java:lambda$new$0(98)) - om1@group-C5BA1605619E-StateMachineUpdater: snapshotIndex: updateIncreasingly -1 -> 4
2023-12-26 17:43:31,247 [om1@group-C5BA1605619E-StateMachineUpdater] INFO  ratis.OzoneManagerStateMachine (OzoneManagerStateMachine.java:close(540)) - StateMachine has shutdown. Shutdown OzoneManager if not already shutdown.
2023-12-26 17:43:31,247 [om1@group-C5BA1605619E-StateMachineUpdater] INFO  ratis.OzoneManagerDoubleBuffer (OzoneManagerDoubleBuffer.java:stopDaemon(571)) - Stopping OMDoubleBuffer flush thread
2023-12-26 17:43:31,247 [om1-OMDoubleBufferFlushThread] INFO  ratis.OzoneManagerDoubleBuffer (OzoneManagerDoubleBuffer.java:canFlush(658)) - OMDoubleBuffer flush thread om1-OMDoubleBufferFlushThread is interrupted and will exit.
2023-12-26 17:43:31,248 [om1-impl-thread1] INFO  server.RaftServer$Division (ServerState.java:close(423)) - om1@group-C5BA1605619E: applyIndex: 4
2023-12-26 17:43:31,249 [om1@group-C5BA1605619E-cacheEviction-AwaitToRun] INFO  util.AwaitToRun (AwaitToRun.java:run(49)) - om1@group-C5BA1605619E-cacheEviction-AwaitToRun-AwaitForSignal is interrupted
2023-12-26 17:43:31,325 [om1-impl-thread1] INFO  segmented.SegmentedRaftLogWorker (SegmentedRaftLogWorker.java:close(243)) - om1@group-C5BA1605619E-SegmentedRaftLogWorker close()
2023-12-26 17:43:31,326 [JvmPauseMonitor23] INFO  util.JvmPauseMonitor (JvmPauseMonitor.java:run(152)) - JvmPauseMonitor-om1: Stopped
2023-12-26 17:43:31,326 [main] INFO  ratis.OzoneManagerStateMachine (OzoneManagerStateMachine.java:close(540)) - StateMachine has shutdown. Shutdown OzoneManager if not already shutdown.
2023-12-26 17:43:31,326 [main] INFO  ratis.OzoneManagerDoubleBuffer (OzoneManagerDoubleBuffer.java:stopDaemon(580)) - OMDoubleBuffer flush thread is not running.
2023-12-26 17:43:31,327 [main] INFO  utils.BackgroundService (BackgroundService.java:shutdown(160)) - Shutting down service KeyDeletingService
2023-12-26 17:43:31,327 [main] INFO  utils.BackgroundService (BackgroundService.java:shutdown(160)) - Shutting down service DirectoryDeletingService
2023-12-26 17:43:31,327 [main] INFO  utils.BackgroundService (BackgroundService.java:shutdown(160)) - Shutting down service OpenKeyCleanupService
2023-12-26 17:43:31,328 [main] INFO  utils.BackgroundService (BackgroundService.java:shutdown(160)) - Shutting down service SstFilteringService
2023-12-26 17:43:31,328 [main] INFO  utils.BackgroundService (BackgroundService.java:shutdown(160)) - Shutting down service SnapshotDeletingService
2023-12-26 17:43:31,328 [main] INFO  utils.BackgroundService (BackgroundService.java:shutdown(160)) - Shutting down service MultipartUploadCleanupService
2023-12-26 17:43:31,329 [main] INFO  handler.ContextHandler (ContextHandler.java:doStop(1159)) - Stopped o.e.j.w.WebAppContext@148649c9{ozoneManager,/,null,STOPPED}{file:/home/runner/work/ozone/ozone/hadoop-ozone/integration-test/target/test-classes/webapps/ozoneManager}
2023-12-26 17:43:31,329 [main] INFO  server.AbstractConnector (AbstractConnector.java:doStop(383)) - Stopped ServerConnector@73a100b{HTTP/1.1, (http/1.1)}{0.0.0.0:15183}
2023-12-26 17:43:31,329 [main] INFO  server.session (HouseKeeper.java:stopScavenging(149)) - node0 Stopped scavenging
2023-12-26 17:43:31,330 [main] INFO  handler.ContextHandler (ContextHandler.java:doStop(1159)) - Stopped o.e.j.s.ServletContextHandler@2ec9d2e{static,/static,file:///home/runner/work/ozone/ozone/hadoop-ozone/integration-test/target/test-classes/webapps/static,STOPPED}
2023-12-26 17:43:31,330 [main] INFO  handler.ContextHandler (ContextHandler.java:doStop(1159)) - Stopped o.e.j.s.ServletContextHandler@5c2cb0be{logs,/logs,file:///home/runner/work/ozone/ozone/hadoop-ozone/integration-test/target/log,STOPPED}
2023-12-26 17:43:31,330 [main] INFO  rocksdiff.RocksDBCheckpointDiffer (RocksDBCheckpointDiffer.java:close(310)) - Shutting down CompactionDagPruningService.
2023-12-26 17:43:31,332 [main] INFO  snapshot.SnapshotDiffManager (SnapshotDiffManager.java:closeExecutorService(1688)) - Shutting down executorService: 'SnapDiffExecutor'
2023-12-26 17:43:31,332 [main] INFO  snapshot.SnapshotDiffManager (SnapshotDiffManager.java:closeExecutorService(1688)) - Shutting down executorService: 'SstDumpToolExecutor'
2023-12-26 17:43:31,332 [main] INFO  utils.BackgroundService (BackgroundService.java:shutdown(160)) - Shutting down service SnapshotDiffCleanupService
2023-12-26 17:43:31,333 [main] INFO  ozone.MiniOzoneClusterImpl (MiniOzoneClusterImpl.java:stopDatanodes(537)) - Stopping the HddsDatanodes
2023-12-26 17:43:31,337 [main] INFO  ozoneimpl.OzoneContainer (OzoneContainer.java:stop(463)) - Attempting to stop container services.
2023-12-26 17:43:31,338 [ForkJoinPool.commonPool-worker-3] INFO  ozoneimpl.OzoneContainer (OzoneContainer.java:stop(463)) - Attempting to stop container services.
2023-12-26 17:43:31,338 [ForkJoinPool.commonPool-worker-2] INFO  ozoneimpl.OzoneContainer (OzoneContainer.java:stop(463)) - Attempting to stop container services.
2023-12-26 17:43:31,338 [ForkJoinPool.commonPool-worker-4] INFO  ozoneimpl.OzoneContainer (OzoneContainer.java:stop(463)) - Attempting to stop container services.
2023-12-26 17:43:31,338 [main] INFO  server.RaftServer (RaftServerProxy.java:lambda$close$9(416)) - 3cf20811-7a7f-4ec1-bb30-7adbebaa785f: close
2023-12-26 17:43:31,338 [ForkJoinPool.commonPool-worker-4] INFO  server.RaftServer (RaftServerProxy.java:lambda$close$9(416)) - 3e443a17-2359-4412-bc58-72a30bb0f716: close
2023-12-26 17:43:31,338 [ForkJoinPool.commonPool-worker-2] INFO  server.RaftServer (RaftServerProxy.java:lambda$close$9(416)) - 330054a7-df09-49b5-8777-358ad940382e: close
2023-12-26 17:43:31,338 [ForkJoinPool.commonPool-worker-3] INFO  server.RaftServer (RaftServerProxy.java:lambda$close$9(416)) - 3d5bb137-3be5-4706-af5d-ee5f1bcd8429: close
2023-12-26 17:43:31,339 [330054a7-df09-49b5-8777-358ad940382e-impl-thread1] INFO  server.RaftServer$Division (RaftServerImpl.java:lambda$close$3(516)) - 330054a7-df09-49b5-8777-358ad940382e@group-122B40878816: shutdown
2023-12-26 17:43:31,339 [ForkJoinPool.commonPool-worker-2] INFO  server.GrpcService (GrpcService.java:closeImpl(311)) - 330054a7-df09-49b5-8777-358ad940382e: shutdown server org.apache.ratis.grpc.server.GrpcClientProtocolService now
2023-12-26 17:43:31,339 [330054a7-df09-49b5-8777-358ad940382e-impl-thread1] INFO  util.JmxRegister (JmxRegister.java:unregister(73)) - Successfully un-registered JMX Bean with object name Ratis:service=RaftServer,group=group-122B40878816,id=330054a7-df09-49b5-8777-358ad940382e
2023-12-26 17:43:31,339 [330054a7-df09-49b5-8777-358ad940382e-impl-thread1] INFO  impl.RoleInfo (RoleInfo.java:shutdownLeaderState(94)) - 330054a7-df09-49b5-8777-358ad940382e: shutdown 330054a7-df09-49b5-8777-358ad940382e@group-122B40878816-LeaderStateImpl
2023-12-26 17:43:31,339 [3d5bb137-3be5-4706-af5d-ee5f1bcd8429-impl-thread1] INFO  server.RaftServer$Division (RaftServerImpl.java:lambda$close$3(516)) - 3d5bb137-3be5-4706-af5d-ee5f1bcd8429@group-0A8A5E6E88AA: shutdown
2023-12-26 17:43:31,339 [330054a7-df09-49b5-8777-358ad940382e-impl-thread1] INFO  impl.PendingRequests (PendingRequests.java:sendNotLeaderResponses(289)) - 330054a7-df09-49b5-8777-358ad940382e@group-122B40878816-PendingRequests: sendNotLeaderResponses
2023-12-26 17:43:31,339 [330054a7-df09-49b5-8777-358ad940382e-impl-thread2] INFO  server.RaftServer$Division (RaftServerImpl.java:lambda$close$3(516)) - 330054a7-df09-49b5-8777-358ad940382e@group-27F9F8B444EF: shutdown
2023-12-26 17:43:31,339 [330054a7-df09-49b5-8777-358ad940382e-impl-thread2] INFO  util.JmxRegister (JmxRegister.java:unregister(73)) - Successfully un-registered JMX Bean with object name Ratis:service=RaftServer,group=group-27F9F8B444EF,id=330054a7-df09-49b5-8777-358ad940382e
2023-12-26 17:43:31,339 [330054a7-df09-49b5-8777-358ad940382e-impl-thread2] INFO  impl.RoleInfo (RoleInfo.java:shutdownFollowerState(110)) - 330054a7-df09-49b5-8777-358ad940382e: shutdown 330054a7-df09-49b5-8777-358ad940382e@group-27F9F8B444EF-FollowerState
2023-12-26 17:43:31,339 [330054a7-df09-49b5-8777-358ad940382e-impl-thread1] INFO  impl.StateMachineUpdater (StateMachineUpdater.java:stopAndJoin(157)) - 330054a7-df09-49b5-8777-358ad940382e@group-122B40878816-StateMachineUpdater: set stopIndex = 0
2023-12-26 17:43:31,340 [330054a7-df09-49b5-8777-358ad940382e@group-122B40878816-StateMachineUpdater] INFO  ratis.ContainerStateMachine (ContainerStateMachine.java:takeSnapshot(355)) - group-122B40878816: Taking a snapshot at:(t:1, i:0) file /home/runner/work/ozone/ozone/hadoop-ozone/integration-test/target/test-dir/MiniOzoneClusterImpl-a136b03b-8403-429e-9870-8bf85e606ef3/datanode-2/data/ratis/a783f90b-6047-4a75-bac0-122b40878816/sm/snapshot.1_0
2023-12-26 17:43:31,339 [3e443a17-2359-4412-bc58-72a30bb0f716-impl-thread2] INFO  server.RaftServer$Division (RaftServerImpl.java:lambda$close$3(516)) - 3e443a17-2359-4412-bc58-72a30bb0f716@group-27F9F8B444EF: shutdown
2023-12-26 17:43:31,339 [ForkJoinPool.commonPool-worker-4] INFO  server.GrpcService (GrpcService.java:closeImpl(311)) - 3e443a17-2359-4412-bc58-72a30bb0f716: shutdown server org.apache.ratis.grpc.server.GrpcClientProtocolService now
2023-12-26 17:43:31,339 [3e443a17-2359-4412-bc58-72a30bb0f716-impl-thread1] INFO  server.RaftServer$Division (RaftServerImpl.java:lambda$close$3(516)) - 3e443a17-2359-4412-bc58-72a30bb0f716@group-C46F39B56F4F: shutdown
2023-12-26 17:43:31,340 [3e443a17-2359-4412-bc58-72a30bb0f716-impl-thread1] INFO  util.JmxRegister (JmxRegister.java:unregister(73)) - Successfully un-registered JMX Bean with object name Ratis:service=RaftServer,group=group-C46F39B56F4F,id=3e443a17-2359-4412-bc58-72a30bb0f716
2023-12-26 17:43:31,340 [3e443a17-2359-4412-bc58-72a30bb0f716-impl-thread1] INFO  impl.RoleInfo (RoleInfo.java:shutdownLeaderState(94)) - 3e443a17-2359-4412-bc58-72a30bb0f716: shutdown 3e443a17-2359-4412-bc58-72a30bb0f716@group-C46F39B56F4F-LeaderStateImpl
2023-12-26 17:43:31,340 [3e443a17-2359-4412-bc58-72a30bb0f716-impl-thread1] INFO  impl.PendingRequests (PendingRequests.java:sendNotLeaderResponses(289)) - 3e443a17-2359-4412-bc58-72a30bb0f716@group-C46F39B56F4F-PendingRequests: sendNotLeaderResponses
2023-12-26 17:43:31,340 [330054a7-df09-49b5-8777-358ad940382e@group-122B40878816-StateMachineUpdater] INFO  ratis.ContainerStateMachine (ContainerStateMachine.java:takeSnapshot(366)) - group-122B40878816: Finished taking a snapshot at:(t:1, i:0) file:/home/runner/work/ozone/ozone/hadoop-ozone/integration-test/target/test-dir/MiniOzoneClusterImpl-a136b03b-8403-429e-9870-8bf85e606ef3/datanode-2/data/ratis/a783f90b-6047-4a75-bac0-122b40878816/sm/snapshot.1_0 took: 1 ms
2023-12-26 17:43:31,341 [330054a7-df09-49b5-8777-358ad940382e@group-122B40878816-StateMachineUpdater] INFO  impl.StateMachineUpdater (StateMachineUpdater.java:takeSnapshot(295)) - 330054a7-df09-49b5-8777-358ad940382e@group-122B40878816-StateMachineUpdater: Took a snapshot at index 0
2023-12-26 17:43:31,341 [330054a7-df09-49b5-8777-358ad940382e@group-122B40878816-StateMachineUpdater] INFO  impl.StateMachineUpdater (StateMachineUpdater.java:lambda$new$0(98)) - 330054a7-df09-49b5-8777-358ad940382e@group-122B40878816-StateMachineUpdater: snapshotIndex: updateIncreasingly -1 -> 0
2023-12-26 17:43:31,341 [3e443a17-2359-4412-bc58-72a30bb0f716-impl-thread1] INFO  impl.StateMachineUpdater (StateMachineUpdater.java:stopAndJoin(157)) - 3e443a17-2359-4412-bc58-72a30bb0f716@group-C46F39B56F4F-StateMachineUpdater: set stopIndex = 0
2023-12-26 17:43:31,341 [3e443a17-2359-4412-bc58-72a30bb0f716@group-C46F39B56F4F-StateMachineUpdater] INFO  ratis.ContainerStateMachine (ContainerStateMachine.java:takeSnapshot(355)) - group-C46F39B56F4F: Taking a snapshot at:(t:1, i:0) file /home/runner/work/ozone/ozone/hadoop-ozone/integration-test/target/test-dir/MiniOzoneClusterImpl-a136b03b-8403-429e-9870-8bf85e606ef3/datanode-1/data/ratis/73b52b45-40a4-4261-bcf3-c46f39b56f4f/sm/snapshot.1_0
2023-12-26 17:43:31,341 [330054a7-df09-49b5-8777-358ad940382e-impl-thread1] INFO  server.RaftServer$Division (ServerState.java:close(423)) - 330054a7-df09-49b5-8777-358ad940382e@group-122B40878816: applyIndex: 0
2023-12-26 17:43:31,339 [3cf20811-7a7f-4ec1-bb30-7adbebaa785f-impl-thread2] INFO  server.RaftServer$Division (RaftServerImpl.java:lambda$close$3(516)) - 3cf20811-7a7f-4ec1-bb30-7adbebaa785f@group-52454695B4C4: shutdown
2023-12-26 17:43:31,341 [3cf20811-7a7f-4ec1-bb30-7adbebaa785f-impl-thread2] INFO  util.JmxRegister (JmxRegister.java:unregister(73)) - Successfully un-registered JMX Bean with object name Ratis:service=RaftServer,group=group-52454695B4C4,id=3cf20811-7a7f-4ec1-bb30-7adbebaa785f
2023-12-26 17:43:31,341 [3cf20811-7a7f-4ec1-bb30-7adbebaa785f-impl-thread2] INFO  impl.RoleInfo (RoleInfo.java:shutdownLeaderState(94)) - 3cf20811-7a7f-4ec1-bb30-7adbebaa785f: shutdown 3cf20811-7a7f-4ec1-bb30-7adbebaa785f@group-52454695B4C4-LeaderStateImpl
2023-12-26 17:43:31,339 [main] INFO  server.GrpcService (GrpcService.java:closeImpl(311)) - 3cf20811-7a7f-4ec1-bb30-7adbebaa785f: shutdown server org.apache.ratis.grpc.server.GrpcClientProtocolService now
2023-12-26 17:43:31,339 [3cf20811-7a7f-4ec1-bb30-7adbebaa785f-impl-thread1] INFO  server.RaftServer$Division (RaftServerImpl.java:lambda$close$3(516)) - 3cf20811-7a7f-4ec1-bb30-7adbebaa785f@group-B2B466C41EFE: shutdown
2023-12-26 17:43:31,341 [3cf20811-7a7f-4ec1-bb30-7adbebaa785f-impl-thread1] INFO  util.JmxRegister (JmxRegister.java:unregister(73)) - Successfully un-registered JMX Bean with object name Ratis:service=RaftServer,group=group-B2B466C41EFE,id=3cf20811-7a7f-4ec1-bb30-7adbebaa785f
2023-12-26 17:43:31,341 [3cf20811-7a7f-4ec1-bb30-7adbebaa785f-impl-thread1] INFO  impl.RoleInfo (RoleInfo.java:shutdownFollowerState(110)) - 3cf20811-7a7f-4ec1-bb30-7adbebaa785f: shutdown 3cf20811-7a7f-4ec1-bb30-7adbebaa785f@group-B2B466C41EFE-FollowerState
2023-12-26 17:43:31,341 [3e443a17-2359-4412-bc58-72a30bb0f716@group-C46F39B56F4F-StateMachineUpdater] INFO  ratis.ContainerStateMachine (ContainerStateMachine.java:takeSnapshot(366)) - group-C46F39B56F4F: Finished taking a snapshot at:(t:1, i:0) file:/home/runner/work/ozone/ozone/hadoop-ozone/integration-test/target/test-dir/MiniOzoneClusterImpl-a136b03b-8403-429e-9870-8bf85e606ef3/datanode-1/data/ratis/73b52b45-40a4-4261-bcf3-c46f39b56f4f/sm/snapshot.1_0 took: 1 ms
2023-12-26 17:43:31,342 [3e443a17-2359-4412-bc58-72a30bb0f716@group-C46F39B56F4F-StateMachineUpdater] INFO  impl.StateMachineUpdater (StateMachineUpdater.java:takeSnapshot(295)) - 3e443a17-2359-4412-bc58-72a30bb0f716@group-C46F39B56F4F-StateMachineUpdater: Took a snapshot at index 0
2023-12-26 17:43:31,342 [3e443a17-2359-4412-bc58-72a30bb0f716@group-C46F39B56F4F-StateMachineUpdater] INFO  impl.StateMachineUpdater (StateMachineUpdater.java:lambda$new$0(98)) - 3e443a17-2359-4412-bc58-72a30bb0f716@group-C46F39B56F4F-StateMachineUpdater: snapshotIndex: updateIncreasingly -1 -> 0
2023-12-26 17:43:31,341 [3cf20811-7a7f-4ec1-bb30-7adbebaa785f-impl-thread2] INFO  impl.PendingRequests (PendingRequests.java:sendNotLeaderResponses(289)) - 3cf20811-7a7f-4ec1-bb30-7adbebaa785f@group-52454695B4C4-PendingRequests: sendNotLeaderResponses
2023-12-26 17:43:31,342 [3cf20811-7a7f-4ec1-bb30-7adbebaa785f-impl-thread2] INFO  impl.StateMachineUpdater (StateMachineUpdater.java:stopAndJoin(157)) - 3cf20811-7a7f-4ec1-bb30-7adbebaa785f@group-52454695B4C4-StateMachineUpdater: set stopIndex = 0
2023-12-26 17:43:31,342 [3cf20811-7a7f-4ec1-bb30-7adbebaa785f@group-52454695B4C4-StateMachineUpdater] INFO  ratis.ContainerStateMachine (ContainerStateMachine.java:takeSnapshot(355)) - group-52454695B4C4: Taking a snapshot at:(t:1, i:0) file /home/runner/work/ozone/ozone/hadoop-ozone/integration-test/target/test-dir/MiniOzoneClusterImpl-a136b03b-8403-429e-9870-8bf85e606ef3/datanode-5/data/ratis/49b16d3f-ce7a-4149-9250-52454695b4c4/sm/snapshot.1_0
2023-12-26 17:43:31,343 [3cf20811-7a7f-4ec1-bb30-7adbebaa785f@group-52454695B4C4-StateMachineUpdater] INFO  ratis.ContainerStateMachine (ContainerStateMachine.java:takeSnapshot(366)) - group-52454695B4C4: Finished taking a snapshot at:(t:1, i:0) file:/home/runner/work/ozone/ozone/hadoop-ozone/integration-test/target/test-dir/MiniOzoneClusterImpl-a136b03b-8403-429e-9870-8bf85e606ef3/datanode-5/data/ratis/49b16d3f-ce7a-4149-9250-52454695b4c4/sm/snapshot.1_0 took: 1 ms
2023-12-26 17:43:31,343 [3cf20811-7a7f-4ec1-bb30-7adbebaa785f@group-52454695B4C4-StateMachineUpdater] INFO  impl.StateMachineUpdater (StateMachineUpdater.java:takeSnapshot(295)) - 3cf20811-7a7f-4ec1-bb30-7adbebaa785f@group-52454695B4C4-StateMachineUpdater: Took a snapshot at index 0
2023-12-26 17:43:31,343 [3cf20811-7a7f-4ec1-bb30-7adbebaa785f@group-52454695B4C4-StateMachineUpdater] INFO  impl.StateMachineUpdater (StateMachineUpdater.java:lambda$new$0(98)) - 3cf20811-7a7f-4ec1-bb30-7adbebaa785f@group-52454695B4C4-StateMachineUpdater: snapshotIndex: updateIncreasingly -1 -> 0
2023-12-26 17:43:31,343 [3cf20811-7a7f-4ec1-bb30-7adbebaa785f-impl-thread2] INFO  server.RaftServer$Division (ServerState.java:close(423)) - 3cf20811-7a7f-4ec1-bb30-7adbebaa785f@group-52454695B4C4: applyIndex: 0
2023-12-26 17:43:31,344 [ForkJoinPool.commonPool-worker-3] INFO  server.GrpcService (GrpcService.java:closeImpl(311)) - 3d5bb137-3be5-4706-af5d-ee5f1bcd8429: shutdown server org.apache.ratis.grpc.server.GrpcClientProtocolService now
2023-12-26 17:43:31,344 [3d5bb137-3be5-4706-af5d-ee5f1bcd8429-impl-thread2] INFO  server.RaftServer$Division (RaftServerImpl.java:lambda$close$3(516)) - 3d5bb137-3be5-4706-af5d-ee5f1bcd8429@group-931AD61AFC41: shutdown
2023-12-26 17:43:31,344 [3d5bb137-3be5-4706-af5d-ee5f1bcd8429-impl-thread2] INFO  util.JmxRegister (JmxRegister.java:unregister(73)) - Successfully un-registered JMX Bean with object name Ratis:service=RaftServer,group=group-931AD61AFC41,id=3d5bb137-3be5-4706-af5d-ee5f1bcd8429
2023-12-26 17:43:31,344 [3d5bb137-3be5-4706-af5d-ee5f1bcd8429-impl-thread2] INFO  impl.RoleInfo (RoleInfo.java:shutdownFollowerState(110)) - 3d5bb137-3be5-4706-af5d-ee5f1bcd8429: shutdown 3d5bb137-3be5-4706-af5d-ee5f1bcd8429@group-931AD61AFC41-FollowerState
2023-12-26 17:43:31,340 [3e443a17-2359-4412-bc58-72a30bb0f716-impl-thread2] INFO  util.JmxRegister (JmxRegister.java:unregister(73)) - Successfully un-registered JMX Bean with object name Ratis:service=RaftServer,group=group-27F9F8B444EF,id=3e443a17-2359-4412-bc58-72a30bb0f716
2023-12-26 17:43:31,344 [3e443a17-2359-4412-bc58-72a30bb0f716-impl-thread2] INFO  impl.RoleInfo (RoleInfo.java:shutdownLeaderState(94)) - 3e443a17-2359-4412-bc58-72a30bb0f716: shutdown 3e443a17-2359-4412-bc58-72a30bb0f716@group-27F9F8B444EF-LeaderStateImpl
2023-12-26 17:43:31,345 [main] INFO  server.GrpcService (GrpcService.java:closeImpl(320)) - 3cf20811-7a7f-4ec1-bb30-7adbebaa785f: shutdown server org.apache.ratis.grpc.server.GrpcClientProtocolService successfully
2023-12-26 17:43:31,339 [3d5bb137-3be5-4706-af5d-ee5f1bcd8429-impl-thread1] INFO  util.JmxRegister (JmxRegister.java:unregister(73)) - Successfully un-registered JMX Bean with object name Ratis:service=RaftServer,group=group-0A8A5E6E88AA,id=3d5bb137-3be5-4706-af5d-ee5f1bcd8429
2023-12-26 17:43:31,345 [3d5bb137-3be5-4706-af5d-ee5f1bcd8429-impl-thread1] INFO  impl.RoleInfo (RoleInfo.java:shutdownLeaderState(94)) - 3d5bb137-3be5-4706-af5d-ee5f1bcd8429: shutdown 3d5bb137-3be5-4706-af5d-ee5f1bcd8429@group-0A8A5E6E88AA-LeaderStateImpl
2023-12-26 17:43:31,345 [3d5bb137-3be5-4706-af5d-ee5f1bcd8429-impl-thread1] INFO  impl.PendingRequests (PendingRequests.java:sendNotLeaderResponses(289)) - 3d5bb137-3be5-4706-af5d-ee5f1bcd8429@group-0A8A5E6E88AA-PendingRequests: sendNotLeaderResponses
2023-12-26 17:43:31,345 [3d5bb137-3be5-4706-af5d-ee5f1bcd8429-impl-thread1] INFO  impl.StateMachineUpdater (StateMachineUpdater.java:stopAndJoin(157)) - 3d5bb137-3be5-4706-af5d-ee5f1bcd8429@group-0A8A5E6E88AA-StateMachineUpdater: set stopIndex = 0
2023-12-26 17:43:31,345 [3d5bb137-3be5-4706-af5d-ee5f1bcd8429@group-0A8A5E6E88AA-StateMachineUpdater] INFO  ratis.ContainerStateMachine (ContainerStateMachine.java:takeSnapshot(355)) - group-0A8A5E6E88AA: Taking a snapshot at:(t:1, i:0) file /home/runner/work/ozone/ozone/hadoop-ozone/integration-test/target/test-dir/MiniOzoneClusterImpl-a136b03b-8403-429e-9870-8bf85e606ef3/datanode-7/data/ratis/63b1238d-2c26-4fc2-9e47-0a8a5e6e88aa/sm/snapshot.1_0
2023-12-26 17:43:31,345 [main] INFO  server.GrpcService (GrpcService.java:closeImpl(311)) - 3cf20811-7a7f-4ec1-bb30-7adbebaa785f: shutdown server GrpcServerProtocolService now
2023-12-26 17:43:31,344 [3cf20811-7a7f-4ec1-bb30-7adbebaa785f@group-52454695B4C4-cacheEviction-AwaitToRun] INFO  util.AwaitToRun (AwaitToRun.java:run(49)) - 3cf20811-7a7f-4ec1-bb30-7adbebaa785f@group-52454695B4C4-cacheEviction-AwaitToRun-AwaitForSignal is interrupted
2023-12-26 17:43:31,344 [3e443a17-2359-4412-bc58-72a30bb0f716-impl-thread1] INFO  server.RaftServer$Division (ServerState.java:close(423)) - 3e443a17-2359-4412-bc58-72a30bb0f716@group-C46F39B56F4F: applyIndex: 0
2023-12-26 17:43:31,346 [3d5bb137-3be5-4706-af5d-ee5f1bcd8429@group-0A8A5E6E88AA-StateMachineUpdater] INFO  ratis.ContainerStateMachine (ContainerStateMachine.java:takeSnapshot(366)) - group-0A8A5E6E88AA: Finished taking a snapshot at:(t:1, i:0) file:/home/runner/work/ozone/ozone/hadoop-ozone/integration-test/target/test-dir/MiniOzoneClusterImpl-a136b03b-8403-429e-9870-8bf85e606ef3/datanode-7/data/ratis/63b1238d-2c26-4fc2-9e47-0a8a5e6e88aa/sm/snapshot.1_0 took: 1 ms
2023-12-26 17:43:31,346 [3d5bb137-3be5-4706-af5d-ee5f1bcd8429@group-0A8A5E6E88AA-StateMachineUpdater] INFO  impl.StateMachineUpdater (StateMachineUpdater.java:takeSnapshot(295)) - 3d5bb137-3be5-4706-af5d-ee5f1bcd8429@group-0A8A5E6E88AA-StateMachineUpdater: Took a snapshot at index 0
2023-12-26 17:43:31,346 [3d5bb137-3be5-4706-af5d-ee5f1bcd8429@group-0A8A5E6E88AA-StateMachineUpdater] INFO  impl.StateMachineUpdater (StateMachineUpdater.java:lambda$new$0(98)) - 3d5bb137-3be5-4706-af5d-ee5f1bcd8429@group-0A8A5E6E88AA-StateMachineUpdater: snapshotIndex: updateIncreasingly -1 -> 0
2023-12-26 17:43:31,346 [grpc-default-executor-2] WARN  server.GrpcServerProtocolService (LogUtils.java:warn(121)) - 3cf20811-7a7f-4ec1-bb30-7adbebaa785f: APPEND_ENTRIES onError, lastRequest: 2fdbd8fa-a625-4499-b498-beec3ca4d67d->3cf20811-7a7f-4ec1-bb30-7adbebaa785f#1-t1,previous=(t:0, i:0),leaderCommit=-1,initializing? true,entries: size=1, first=(t:1, i:0), CONFIGURATIONENTRY(current:id: "2fdbd8fa-a625-4499-b498-beec3ca4d67d"
address: "10.1.0.4:15219"
priority: 1
dataStreamAddress: "10.1.0.4:15220"
clientAddress: "10.1.0.4:15217"
adminAddress: "10.1.0.4:15218"
startupRole: FOLLOWER
,id: "3cf20811-7a7f-4ec1-bb30-7adbebaa785f"
address: "10.1.0.4:15237"
dataStreamAddress: "10.1.0.4:15238"
clientAddress: "10.1.0.4:15235"
adminAddress: "10.1.0.4:15236"
startupRole: FOLLOWER
,id: "51fc6df9-7bd5-4293-8c99-7f2eac1f74df"
address: "10.1.0.4:15228"
dataStreamAddress: "10.1.0.4:15229"
clientAddress: "10.1.0.4:15226"
adminAddress: "10.1.0.4:15227"
startupRole: FOLLOWER
, old:): org.apache.ratis.thirdparty.io.grpc.StatusRuntimeException: CANCELLED: client cancelled
2023-12-26 17:43:31,346 [3d5bb137-3be5-4706-af5d-ee5f1bcd8429-impl-thread1] INFO  server.RaftServer$Division (ServerState.java:close(423)) - 3d5bb137-3be5-4706-af5d-ee5f1bcd8429@group-0A8A5E6E88AA: applyIndex: 0
2023-12-26 17:43:31,347 [grpc-default-executor-0] WARN  server.GrpcLogAppender (LogUtils.java:warn(121)) - 2fdbd8fa-a625-4499-b498-beec3ca4d67d@group-B2B466C41EFE->3cf20811-7a7f-4ec1-bb30-7adbebaa785f-AppendLogResponseHandler: Failed appendEntries: org.apache.ratis.thirdparty.io.grpc.StatusRuntimeException: CANCELLED: RST_STREAM closed stream. HTTP/2 error code: CANCEL
2023-12-26 17:43:31,347 [grpc-default-executor-0] WARN  server.GrpcLogAppender (GrpcLogAppender.java:resetClient(140)) - 2fdbd8fa-a625-4499-b498-beec3ca4d67d@group-B2B466C41EFE->3cf20811-7a7f-4ec1-bb30-7adbebaa785f-GrpcLogAppender: Follower failed and request == null,  keep nextIndex (1) unchanged and retry.
2023-12-26 17:43:31,347 [grpc-default-executor-4] WARN  server.GrpcServerProtocolService (LogUtils.java:warn(121)) - 3cf20811-7a7f-4ec1-bb30-7adbebaa785f: APPEND_ENTRIES onError, lastRequest: null: org.apache.ratis.thirdparty.io.grpc.StatusRuntimeException: CANCELLED: client cancelled
2023-12-26 17:43:31,347 [grpc-default-executor-5] WARN  server.GrpcLogAppender (LogUtils.java:warn(121)) - 2fdbd8fa-a625-4499-b498-beec3ca4d67d@group-B2B466C41EFE->3cf20811-7a7f-4ec1-bb30-7adbebaa785f-AppendLogResponseHandler: Failed appendEntries: org.apache.ratis.thirdparty.io.grpc.StatusRuntimeException: CANCELLED: RST_STREAM closed stream. HTTP/2 error code: CANCEL
2023-12-26 17:43:31,347 [grpc-default-executor-5] WARN  server.GrpcLogAppender (GrpcLogAppender.java:resetClient(140)) - 2fdbd8fa-a625-4499-b498-beec3ca4d67d@group-B2B466C41EFE->3cf20811-7a7f-4ec1-bb30-7adbebaa785f-GrpcLogAppender: Follower failed and request == null,  keep nextIndex (1) unchanged and retry.
2023-12-26 17:43:31,348 [3cf20811-7a7f-4ec1-bb30-7adbebaa785f-impl-thread1] INFO  impl.StateMachineUpdater (StateMachineUpdater.java:stopAndJoin(157)) - 3cf20811-7a7f-4ec1-bb30-7adbebaa785f@group-B2B466C41EFE-StateMachineUpdater: set stopIndex = 0
2023-12-26 17:43:31,348 [3cf20811-7a7f-4ec1-bb30-7adbebaa785f@group-B2B466C41EFE-StateMachineUpdater] INFO  ratis.ContainerStateMachine (ContainerStateMachine.java:takeSnapshot(355)) - group-B2B466C41EFE: Taking a snapshot at:(t:1, i:0) file /home/runner/work/ozone/ozone/hadoop-ozone/integration-test/target/test-dir/MiniOzoneClusterImpl-a136b03b-8403-429e-9870-8bf85e606ef3/datanode-5/data/ratis/b5e1434b-cd68-4add-b326-b2b466c41efe/sm/snapshot.1_0
2023-12-26 17:43:31,348 [330054a7-df09-49b5-8777-358ad940382e@group-122B40878816-cacheEviction-AwaitToRun] INFO  util.AwaitToRun (AwaitToRun.java:run(49)) - 330054a7-df09-49b5-8777-358ad940382e@group-122B40878816-cacheEviction-AwaitToRun-AwaitForSignal is interrupted
2023-12-26 17:43:31,348 [3cf20811-7a7f-4ec1-bb30-7adbebaa785f@group-B2B466C41EFE-FollowerState] INFO  impl.FollowerState (FollowerState.java:run(152)) - 3cf20811-7a7f-4ec1-bb30-7adbebaa785f@group-B2B466C41EFE-FollowerState was interrupted
2023-12-26 17:43:31,348 [330054a7-df09-49b5-8777-358ad940382e@group-27F9F8B444EF-FollowerState] INFO  impl.FollowerState (FollowerState.java:run(152)) - 330054a7-df09-49b5-8777-358ad940382e@group-27F9F8B444EF-FollowerState was interrupted
2023-12-26 17:43:31,349 [Thread-2613] INFO  server.GrpcServerProtocolClient (GrpcServerProtocolClient.java:close(103)) - 2600465e-836b-4590-acf2-1a77fd870a2a Close channels
2023-12-26 17:43:31,349 [330054a7-df09-49b5-8777-358ad940382e@group-27F9F8B444EF-StateMachineUpdater] INFO  ratis.ContainerStateMachine (ContainerStateMachine.java:takeSnapshot(355)) - group-27F9F8B444EF: Taking a snapshot at:(t:1, i:0) file /home/runner/work/ozone/ozone/hadoop-ozone/integration-test/target/test-dir/MiniOzoneClusterImpl-a136b03b-8403-429e-9870-8bf85e606ef3/datanode-2/data/ratis/dfe792a5-8fa0-47ef-a35a-27f9f8b444ef/sm/snapshot.1_0
2023-12-26 17:43:31,349 [3cf20811-7a7f-4ec1-bb30-7adbebaa785f@group-B2B466C41EFE-StateMachineUpdater] INFO  ratis.ContainerStateMachine (ContainerStateMachine.java:takeSnapshot(366)) - group-B2B466C41EFE: Finished taking a snapshot at:(t:1, i:0) file:/home/runner/work/ozone/ozone/hadoop-ozone/integration-test/target/test-dir/MiniOzoneClusterImpl-a136b03b-8403-429e-9870-8bf85e606ef3/datanode-5/data/ratis/b5e1434b-cd68-4add-b326-b2b466c41efe/sm/snapshot.1_0 took: 0 ms
2023-12-26 17:43:31,349 [330054a7-df09-49b5-8777-358ad940382e-impl-thread2] INFO  impl.StateMachineUpdater (StateMachineUpdater.java:stopAndJoin(157)) - 330054a7-df09-49b5-8777-358ad940382e@group-27F9F8B444EF-StateMachineUpdater: set stopIndex = 0
2023-12-26 17:43:31,349 [3cf20811-7a7f-4ec1-bb30-7adbebaa785f@group-B2B466C41EFE-StateMachineUpdater] INFO  impl.StateMachineUpdater (StateMachineUpdater.java:takeSnapshot(295)) - 3cf20811-7a7f-4ec1-bb30-7adbebaa785f@group-B2B466C41EFE-StateMachineUpdater: Took a snapshot at index 0
2023-12-26 17:43:31,349 [3cf20811-7a7f-4ec1-bb30-7adbebaa785f@group-B2B466C41EFE-StateMachineUpdater] INFO  impl.StateMachineUpdater (StateMachineUpdater.java:lambda$new$0(98)) - 3cf20811-7a7f-4ec1-bb30-7adbebaa785f@group-B2B466C41EFE-StateMachineUpdater: snapshotIndex: updateIncreasingly -1 -> 0
2023-12-26 17:43:31,349 [3cf20811-7a7f-4ec1-bb30-7adbebaa785f-impl-thread1] INFO  server.RaftServer$Division (ServerState.java:close(423)) - 3cf20811-7a7f-4ec1-bb30-7adbebaa785f@group-B2B466C41EFE: applyIndex: 0
2023-12-26 17:43:31,349 [Thread-2621] INFO  server.GrpcServerProtocolClient (GrpcServerProtocolClient.java:close(103)) - 330054a7-df09-49b5-8777-358ad940382e Close channels
2023-12-26 17:43:31,349 [330054a7-df09-49b5-8777-358ad940382e@group-27F9F8B444EF-StateMachineUpdater] INFO  ratis.ContainerStateMachine (ContainerStateMachine.java:takeSnapshot(366)) - group-27F9F8B444EF: Finished taking a snapshot at:(t:1, i:0) file:/home/runner/work/ozone/ozone/hadoop-ozone/integration-test/target/test-dir/MiniOzoneClusterImpl-a136b03b-8403-429e-9870-8bf85e606ef3/datanode-2/data/ratis/dfe792a5-8fa0-47ef-a35a-27f9f8b444ef/sm/snapshot.1_0 took: 1 ms
2023-12-26 17:43:31,349 [330054a7-df09-49b5-8777-358ad940382e@group-27F9F8B444EF-StateMachineUpdater] INFO  impl.StateMachineUpdater (StateMachineUpdater.java:takeSnapshot(295)) - 330054a7-df09-49b5-8777-358ad940382e@group-27F9F8B444EF-StateMachineUpdater: Took a snapshot at index 0
2023-12-26 17:43:31,349 [330054a7-df09-49b5-8777-358ad940382e@group-27F9F8B444EF-StateMachineUpdater] INFO  impl.StateMachineUpdater (StateMachineUpdater.java:lambda$new$0(98)) - 330054a7-df09-49b5-8777-358ad940382e@group-27F9F8B444EF-StateMachineUpdater: snapshotIndex: updateIncreasingly -1 -> 0
2023-12-26 17:43:31,350 [330054a7-df09-49b5-8777-358ad940382e-impl-thread2] INFO  server.RaftServer$Division (ServerState.java:close(423)) - 330054a7-df09-49b5-8777-358ad940382e@group-27F9F8B444EF: applyIndex: 0
2023-12-26 17:43:31,350 [330054a7-df09-49b5-8777-358ad940382e@group-27F9F8B444EF-cacheEviction-AwaitToRun] INFO  util.AwaitToRun (AwaitToRun.java:run(49)) - 330054a7-df09-49b5-8777-358ad940382e@group-27F9F8B444EF-cacheEviction-AwaitToRun-AwaitForSignal is interrupted
2023-12-26 17:43:31,351 [ForkJoinPool.commonPool-worker-2] INFO  server.GrpcService (GrpcService.java:closeImpl(320)) - 330054a7-df09-49b5-8777-358ad940382e: shutdown server org.apache.ratis.grpc.server.GrpcClientProtocolService successfully
2023-12-26 17:43:31,351 [ForkJoinPool.commonPool-worker-2] INFO  server.GrpcService (GrpcService.java:closeImpl(311)) - 330054a7-df09-49b5-8777-358ad940382e: shutdown server GrpcServerProtocolService now
2023-12-26 17:43:31,351 [3cf20811-7a7f-4ec1-bb30-7adbebaa785f@group-B2B466C41EFE-cacheEviction-AwaitToRun] INFO  util.AwaitToRun (AwaitToRun.java:run(49)) - 3cf20811-7a7f-4ec1-bb30-7adbebaa785f@group-B2B466C41EFE-cacheEviction-AwaitToRun-AwaitForSignal is interrupted
2023-12-26 17:43:31,353 [grpc-default-executor-4] WARN  server.GrpcServerProtocolService (LogUtils.java:warn(121)) - 330054a7-df09-49b5-8777-358ad940382e: APPEND_ENTRIES onError, lastRequest: null: org.apache.ratis.thirdparty.io.grpc.StatusRuntimeException: CANCELLED: client cancelled
2023-12-26 17:43:31,353 [ForkJoinPool.commonPool-worker-3] INFO  server.GrpcService (GrpcService.java:closeImpl(320)) - 3d5bb137-3be5-4706-af5d-ee5f1bcd8429: shutdown server org.apache.ratis.grpc.server.GrpcClientProtocolService successfully
2023-12-26 17:43:31,353 [ForkJoinPool.commonPool-worker-3] INFO  server.GrpcService (GrpcService.java:closeImpl(311)) - 3d5bb137-3be5-4706-af5d-ee5f1bcd8429: shutdown server GrpcServerProtocolService now
2023-12-26 17:43:31,353 [ForkJoinPool.commonPool-worker-2] INFO  server.GrpcService (GrpcService.java:closeImpl(320)) - 330054a7-df09-49b5-8777-358ad940382e: shutdown server GrpcServerProtocolService successfully
2023-12-26 17:43:31,353 [ForkJoinPool.commonPool-worker-2] INFO  server.GrpcService (GrpcService.java:closeImpl(311)) - 330054a7-df09-49b5-8777-358ad940382e: shutdown server org.apache.ratis.grpc.server.GrpcAdminProtocolService now
2023-12-26 17:43:31,354 [grpc-default-executor-4] WARN  server.GrpcLogAppender (LogUtils.java:warn(121)) - 3e443a17-2359-4412-bc58-72a30bb0f716@group-27F9F8B444EF->330054a7-df09-49b5-8777-358ad940382e-AppendLogResponseHandler: Failed appendEntries: org.apache.ratis.thirdparty.io.grpc.StatusRuntimeException: CANCELLED: RST_STREAM closed stream. HTTP/2 error code: CANCEL
2023-12-26 17:43:31,354 [grpc-default-executor-5] WARN  server.GrpcServerProtocolService (LogUtils.java:warn(121)) - 330054a7-df09-49b5-8777-358ad940382e: APPEND_ENTRIES onError, lastRequest: 3e443a17-2359-4412-bc58-72a30bb0f716->330054a7-df09-49b5-8777-358ad940382e#1-t1,previous=(t:0, i:0),leaderCommit=-1,initializing? true,entries: size=1, first=(t:1, i:0), CONFIGURATIONENTRY(current:id: "2600465e-836b-4590-acf2-1a77fd870a2a"
address: "10.1.0.4:15192"
dataStreamAddress: "10.1.0.4:15193"
clientAddress: "10.1.0.4:15190"
adminAddress: "10.1.0.4:15191"
startupRole: FOLLOWER
,id: "330054a7-df09-49b5-8777-358ad940382e"
address: "10.1.0.4:15210"
dataStreamAddress: "10.1.0.4:15211"
clientAddress: "10.1.0.4:15208"
adminAddress: "10.1.0.4:15209"
startupRole: FOLLOWER
,id: "3e443a17-2359-4412-bc58-72a30bb0f716"
address: "10.1.0.4:15201"
priority: 1
dataStreamAddress: "10.1.0.4:15202"
clientAddress: "10.1.0.4:15199"
adminAddress: "10.1.0.4:15200"
startupRole: FOLLOWER
, old:): org.apache.ratis.thirdparty.io.grpc.StatusRuntimeException: CANCELLED: client cancelled
2023-12-26 17:43:31,354 [grpc-default-executor-4] WARN  server.GrpcLogAppender (GrpcLogAppender.java:resetClient(149)) - 3e443a17-2359-4412-bc58-72a30bb0f716@group-27F9F8B444EF->330054a7-df09-49b5-8777-358ad940382e-GrpcLogAppender: Failed to getClient for 330054a7-df09-49b5-8777-358ad940382e
org.apache.ratis.protocol.exceptions.AlreadyClosedException: 3e443a17-2359-4412-bc58-72a30bb0f716 is already CLOSED
	at org.apache.ratis.util.PeerProxyMap$PeerAndProxy.getProxy(PeerProxyMap.java:61)
	at org.apache.ratis.util.PeerProxyMap.getProxy(PeerProxyMap.java:110)
	at org.apache.ratis.grpc.server.GrpcLogAppender.getClient(GrpcLogAppender.java:121)
	at org.apache.ratis.grpc.server.GrpcLogAppender.resetClient(GrpcLogAppender.java:126)
	at org.apache.ratis.grpc.server.GrpcLogAppender.access$800(GrpcLogAppender.java:61)
	at org.apache.ratis.grpc.server.GrpcLogAppender$AppendLogResponseHandler.onError(GrpcLogAppender.java:464)
	at org.apache.ratis.thirdparty.io.grpc.stub.ClientCalls$StreamObserverToCallListenerAdapter.onClose(ClientCalls.java:481)
	at org.apache.ratis.thirdparty.io.grpc.internal.ClientCallImpl.closeObserver(ClientCallImpl.java:567)
	at org.apache.ratis.thirdparty.io.grpc.internal.ClientCallImpl.access$300(ClientCallImpl.java:71)
	at org.apache.ratis.thirdparty.io.grpc.internal.ClientCallImpl$ClientStreamListenerImpl$1StreamClosed.runInternal(ClientCallImpl.java:735)
	at org.apache.ratis.thirdparty.io.grpc.internal.ClientCallImpl$ClientStreamListenerImpl$1StreamClosed.runInContext(ClientCallImpl.java:716)
	at org.apache.ratis.thirdparty.io.grpc.internal.ContextRunnable.run(ContextRunnable.java:37)
	at org.apache.ratis.thirdparty.io.grpc.internal.SerializingExecutor.run(SerializingExecutor.java:133)
	at java.util.concurrent.ThreadPoolExecutor.runWorker(ThreadPoolExecutor.java:1149)
	at java.util.concurrent.ThreadPoolExecutor$Worker.run(ThreadPoolExecutor.java:624)
	at java.lang.Thread.run(Thread.java:750)
2023-12-26 17:43:31,354 [3d5bb137-3be5-4706-af5d-ee5f1bcd8429@group-0A8A5E6E88AA-cacheEviction-AwaitToRun] INFO  util.AwaitToRun (AwaitToRun.java:run(49)) - 3d5bb137-3be5-4706-af5d-ee5f1bcd8429@group-0A8A5E6E88AA-cacheEviction-AwaitToRun-AwaitForSignal is interrupted
2023-12-26 17:43:31,354 [grpc-default-executor-4] WARN  server.GrpcLogAppender (LogUtils.java:warn(121)) - 3e443a17-2359-4412-bc58-72a30bb0f716@group-27F9F8B444EF->330054a7-df09-49b5-8777-358ad940382e-AppendLogResponseHandler: Failed appendEntries: org.apache.ratis.thirdparty.io.grpc.StatusRuntimeException: CANCELLED: RST_STREAM closed stream. HTTP/2 error code: CANCEL
2023-12-26 17:43:31,354 [grpc-default-executor-4] WARN  server.GrpcLogAppender (GrpcLogAppender.java:resetClient(149)) - 3e443a17-2359-4412-bc58-72a30bb0f716@group-27F9F8B444EF->330054a7-df09-49b5-8777-358ad940382e-GrpcLogAppender: Failed to getClient for 330054a7-df09-49b5-8777-358ad940382e
org.apache.ratis.protocol.exceptions.AlreadyClosedException: 3e443a17-2359-4412-bc58-72a30bb0f716 is already CLOSED
	at org.apache.ratis.util.PeerProxyMap$PeerAndProxy.getProxy(PeerProxyMap.java:61)
	at org.apache.ratis.util.PeerProxyMap.getProxy(PeerProxyMap.java:110)
	at org.apache.ratis.grpc.server.GrpcLogAppender.getClient(GrpcLogAppender.java:121)
	at org.apache.ratis.grpc.server.GrpcLogAppender.resetClient(GrpcLogAppender.java:126)
	at org.apache.ratis.grpc.server.GrpcLogAppender.access$800(GrpcLogAppender.java:61)
	at org.apache.ratis.grpc.server.GrpcLogAppender$AppendLogResponseHandler.onError(GrpcLogAppender.java:464)
	at org.apache.ratis.thirdparty.io.grpc.stub.ClientCalls$StreamObserverToCallListenerAdapter.onClose(ClientCalls.java:481)
	at org.apache.ratis.thirdparty.io.grpc.internal.ClientCallImpl.closeObserver(ClientCallImpl.java:567)
	at org.apache.ratis.thirdparty.io.grpc.internal.ClientCallImpl.access$300(ClientCallImpl.java:71)
	at org.apache.ratis.thirdparty.io.grpc.internal.ClientCallImpl$ClientStreamListenerImpl$1StreamClosed.runInternal(ClientCallImpl.java:735)
	at org.apache.ratis.thirdparty.io.grpc.internal.ClientCallImpl$ClientStreamListenerImpl$1StreamClosed.runInContext(ClientCallImpl.java:716)
	at org.apache.ratis.thirdparty.io.grpc.internal.ContextRunnable.run(ContextRunnable.java:37)
	at org.apache.ratis.thirdparty.io.grpc.internal.SerializingExecutor.run(SerializingExecutor.java:133)
	at java.util.concurrent.ThreadPoolExecutor.runWorker(ThreadPoolExecutor.java:1149)
	at java.util.concurrent.ThreadPoolExecutor$Worker.run(ThreadPoolExecutor.java:624)
	at java.lang.Thread.run(Thread.java:750)
2023-12-26 17:43:31,355 [main] INFO  server.GrpcService (GrpcService.java:closeImpl(320)) - 3cf20811-7a7f-4ec1-bb30-7adbebaa785f: shutdown server GrpcServerProtocolService successfully
2023-12-26 17:43:31,355 [main] INFO  server.GrpcService (GrpcService.java:closeImpl(311)) - 3cf20811-7a7f-4ec1-bb30-7adbebaa785f: shutdown server org.apache.ratis.grpc.server.GrpcAdminProtocolService now
2023-12-26 17:43:31,357 [3e443a17-2359-4412-bc58-72a30bb0f716@group-C46F39B56F4F-cacheEviction-AwaitToRun] INFO  util.AwaitToRun (AwaitToRun.java:run(49)) - 3e443a17-2359-4412-bc58-72a30bb0f716@group-C46F39B56F4F-cacheEviction-AwaitToRun-AwaitForSignal is interrupted
2023-12-26 17:43:31,357 [3e443a17-2359-4412-bc58-72a30bb0f716@group-27F9F8B444EF->2600465e-836b-4590-acf2-1a77fd870a2a-GrpcLogAppender-LogAppenderDaemon] WARN  server.GrpcLogAppender (GrpcLogAppender.java:mayWait(212)) - 3e443a17-2359-4412-bc58-72a30bb0f716@group-27F9F8B444EF->2600465e-836b-4590-acf2-1a77fd870a2a-GrpcLogAppender: Wait interrupted by java.lang.InterruptedException
2023-12-26 17:43:31,357 [3e443a17-2359-4412-bc58-72a30bb0f716-impl-thread2] INFO  impl.PendingRequests (PendingRequests.java:sendNotLeaderResponses(289)) - 3e443a17-2359-4412-bc58-72a30bb0f716@group-27F9F8B444EF-PendingRequests: sendNotLeaderResponses
2023-12-26 17:43:31,357 [3e443a17-2359-4412-bc58-72a30bb0f716@group-27F9F8B444EF->330054a7-df09-49b5-8777-358ad940382e-GrpcLogAppender-LogAppenderDaemon] WARN  server.GrpcLogAppender (GrpcLogAppender.java:mayWait(212)) - 3e443a17-2359-4412-bc58-72a30bb0f716@group-27F9F8B444EF->330054a7-df09-49b5-8777-358ad940382e-GrpcLogAppender: Wait interrupted by java.lang.InterruptedException
2023-12-26 17:43:31,357 [3e443a17-2359-4412-bc58-72a30bb0f716-impl-thread2] INFO  impl.StateMachineUpdater (StateMachineUpdater.java:stopAndJoin(157)) - 3e443a17-2359-4412-bc58-72a30bb0f716@group-27F9F8B444EF-StateMachineUpdater: set stopIndex = 0
2023-12-26 17:43:31,358 [3e443a17-2359-4412-bc58-72a30bb0f716@group-27F9F8B444EF-StateMachineUpdater] INFO  ratis.ContainerStateMachine (ContainerStateMachine.java:takeSnapshot(355)) - group-27F9F8B444EF: Taking a snapshot at:(t:1, i:0) file /home/runner/work/ozone/ozone/hadoop-ozone/integration-test/target/test-dir/MiniOzoneClusterImpl-a136b03b-8403-429e-9870-8bf85e606ef3/datanode-1/data/ratis/dfe792a5-8fa0-47ef-a35a-27f9f8b444ef/sm/snapshot.1_0
2023-12-26 17:43:31,358 [grpc-default-executor-4] INFO  server.GrpcServerProtocolService (GrpcServerProtocolService.java:onCompleted(157)) - 2600465e-836b-4590-acf2-1a77fd870a2a: Completed APPEND_ENTRIES, lastRequest: null
2023-12-26 17:43:31,358 [3e443a17-2359-4412-bc58-72a30bb0f716@group-27F9F8B444EF-StateMachineUpdater] INFO  ratis.ContainerStateMachine (ContainerStateMachine.java:takeSnapshot(366)) - group-27F9F8B444EF: Finished taking a snapshot at:(t:1, i:0) file:/home/runner/work/ozone/ozone/hadoop-ozone/integration-test/target/test-dir/MiniOzoneClusterImpl-a136b03b-8403-429e-9870-8bf85e606ef3/datanode-1/data/ratis/dfe792a5-8fa0-47ef-a35a-27f9f8b444ef/sm/snapshot.1_0 took: 1 ms
2023-12-26 17:43:31,358 [3e443a17-2359-4412-bc58-72a30bb0f716@group-27F9F8B444EF-StateMachineUpdater] INFO  impl.StateMachineUpdater (StateMachineUpdater.java:takeSnapshot(295)) - 3e443a17-2359-4412-bc58-72a30bb0f716@group-27F9F8B444EF-StateMachineUpdater: Took a snapshot at index 0
2023-12-26 17:43:31,358 [3e443a17-2359-4412-bc58-72a30bb0f716@group-27F9F8B444EF-StateMachineUpdater] INFO  impl.StateMachineUpdater (StateMachineUpdater.java:lambda$new$0(98)) - 3e443a17-2359-4412-bc58-72a30bb0f716@group-27F9F8B444EF-StateMachineUpdater: snapshotIndex: updateIncreasingly -1 -> 0
2023-12-26 17:43:31,359 [3e443a17-2359-4412-bc58-72a30bb0f716-impl-thread2] INFO  server.RaftServer$Division (ServerState.java:close(423)) - 3e443a17-2359-4412-bc58-72a30bb0f716@group-27F9F8B444EF: applyIndex: 0
2023-12-26 17:43:31,359 [3e443a17-2359-4412-bc58-72a30bb0f716@group-27F9F8B444EF-cacheEviction-AwaitToRun] INFO  util.AwaitToRun (AwaitToRun.java:run(49)) - 3e443a17-2359-4412-bc58-72a30bb0f716@group-27F9F8B444EF-cacheEviction-AwaitToRun-AwaitForSignal is interrupted
2023-12-26 17:43:31,360 [grpc-default-executor-4] INFO  server.GrpcServerProtocolService (GrpcServerProtocolService.java:lambda$onCompleted$5(159)) - 2600465e-836b-4590-acf2-1a77fd870a2a: Completed APPEND_ENTRIES, lastReply: serverReply {
  requestorId: "3e443a17-2359-4412-bc58-72a30bb0f716"
  replyId: "2600465e-836b-4590-acf2-1a77fd870a2a"
  raftGroupId {
    id: "\337\347\222\245\217\240G\357\243Z\'\371\370\264D\357"
  }
  callId: 8
  success: true
}
term: 1
nextIndex: 1
matchIndex: 18446744073709551615
isHearbeat: true

2023-12-26 17:43:31,361 [3d5bb137-3be5-4706-af5d-ee5f1bcd8429@group-931AD61AFC41-FollowerState] INFO  impl.FollowerState (FollowerState.java:run(152)) - 3d5bb137-3be5-4706-af5d-ee5f1bcd8429@group-931AD61AFC41-FollowerState was interrupted
2023-12-26 17:43:31,361 [3d5bb137-3be5-4706-af5d-ee5f1bcd8429@group-931AD61AFC41-StateMachineUpdater] INFO  ratis.ContainerStateMachine (ContainerStateMachine.java:takeSnapshot(355)) - group-931AD61AFC41: Taking a snapshot at:(t:1, i:0) file /home/runner/work/ozone/ozone/hadoop-ozone/integration-test/target/test-dir/MiniOzoneClusterImpl-a136b03b-8403-429e-9870-8bf85e606ef3/datanode-7/data/ratis/3eaeb45c-f3cd-4275-b4c0-931ad61afc41/sm/snapshot.1_0
2023-12-26 17:43:31,362 [grpc-default-executor-5] INFO  server.GrpcServerProtocolService (GrpcServerProtocolService.java:onCompleted(157)) - 2600465e-836b-4590-acf2-1a77fd870a2a: Completed APPEND_ENTRIES, lastRequest: 3e443a17-2359-4412-bc58-72a30bb0f716->2600465e-836b-4590-acf2-1a77fd870a2a#1-t1,previous=(t:0, i:0),leaderCommit=-1,initializing? true,entries: size=1, first=(t:1, i:0), CONFIGURATIONENTRY(current:id: "2600465e-836b-4590-acf2-1a77fd870a2a"
address: "10.1.0.4:15192"
dataStreamAddress: "10.1.0.4:15193"
clientAddress: "10.1.0.4:15190"
adminAddress: "10.1.0.4:15191"
startupRole: FOLLOWER
,id: "330054a7-df09-49b5-8777-358ad940382e"
address: "10.1.0.4:15210"
dataStreamAddress: "10.1.0.4:15211"
clientAddress: "10.1.0.4:15208"
adminAddress: "10.1.0.4:15209"
startupRole: FOLLOWER
,id: "3e443a17-2359-4412-bc58-72a30bb0f716"
address: "10.1.0.4:15201"
priority: 1
dataStreamAddress: "10.1.0.4:15202"
clientAddress: "10.1.0.4:15199"
adminAddress: "10.1.0.4:15200"
startupRole: FOLLOWER
, old:)
2023-12-26 17:43:31,362 [grpc-default-executor-5] INFO  server.GrpcServerProtocolService (GrpcServerProtocolService.java:lambda$onCompleted$5(159)) - 2600465e-836b-4590-acf2-1a77fd870a2a: Completed APPEND_ENTRIES, lastReply: null
2023-12-26 17:43:31,362 [3d5bb137-3be5-4706-af5d-ee5f1bcd8429@group-931AD61AFC41-StateMachineUpdater] INFO  ratis.ContainerStateMachine (ContainerStateMachine.java:takeSnapshot(366)) - group-931AD61AFC41: Finished taking a snapshot at:(t:1, i:0) file:/home/runner/work/ozone/ozone/hadoop-ozone/integration-test/target/test-dir/MiniOzoneClusterImpl-a136b03b-8403-429e-9870-8bf85e606ef3/datanode-7/data/ratis/3eaeb45c-f3cd-4275-b4c0-931ad61afc41/sm/snapshot.1_0 took: 2 ms
2023-12-26 17:43:31,363 [3d5bb137-3be5-4706-af5d-ee5f1bcd8429@group-931AD61AFC41-StateMachineUpdater] INFO  impl.StateMachineUpdater (StateMachineUpdater.java:takeSnapshot(295)) - 3d5bb137-3be5-4706-af5d-ee5f1bcd8429@group-931AD61AFC41-StateMachineUpdater: Took a snapshot at index 0
2023-12-26 17:43:31,363 [3d5bb137-3be5-4706-af5d-ee5f1bcd8429@group-931AD61AFC41-StateMachineUpdater] INFO  impl.StateMachineUpdater (StateMachineUpdater.java:lambda$new$0(98)) - 3d5bb137-3be5-4706-af5d-ee5f1bcd8429@group-931AD61AFC41-StateMachineUpdater: snapshotIndex: updateIncreasingly -1 -> 0
2023-12-26 17:43:31,363 [grpc-default-executor-4] INFO  server.GrpcLogAppender (GrpcLogAppender.java:onCompleted(469)) - 3e443a17-2359-4412-bc58-72a30bb0f716@group-27F9F8B444EF->2600465e-836b-4590-acf2-1a77fd870a2a-AppendLogResponseHandler: follower responses appendEntries COMPLETED
2023-12-26 17:43:31,363 [grpc-default-executor-4] WARN  server.GrpcLogAppender (GrpcLogAppender.java:resetClient(149)) - 3e443a17-2359-4412-bc58-72a30bb0f716@group-27F9F8B444EF->2600465e-836b-4590-acf2-1a77fd870a2a-GrpcLogAppender: Failed to getClient for 2600465e-836b-4590-acf2-1a77fd870a2a
org.apache.ratis.protocol.exceptions.AlreadyClosedException: 3e443a17-2359-4412-bc58-72a30bb0f716 is already CLOSED
	at org.apache.ratis.util.PeerProxyMap$PeerAndProxy.getProxy(PeerProxyMap.java:61)
	at org.apache.ratis.util.PeerProxyMap.getProxy(PeerProxyMap.java:110)
	at org.apache.ratis.grpc.server.GrpcLogAppender.getClient(GrpcLogAppender.java:121)
	at org.apache.ratis.grpc.server.GrpcLogAppender.resetClient(GrpcLogAppender.java:126)
	at org.apache.ratis.grpc.server.GrpcLogAppender.access$800(GrpcLogAppender.java:61)
	at org.apache.ratis.grpc.server.GrpcLogAppender$AppendLogResponseHandler.onCompleted(GrpcLogAppender.java:471)
	at org.apache.ratis.thirdparty.io.grpc.stub.ClientCalls$StreamObserverToCallListenerAdapter.onClose(ClientCalls.java:479)
	at org.apache.ratis.thirdparty.io.grpc.internal.DelayedClientCall$DelayedListener$3.run(DelayedClientCall.java:489)
	at org.apache.ratis.thirdparty.io.grpc.internal.DelayedClientCall$DelayedListener.delayOrExecute(DelayedClientCall.java:453)
	at org.apache.ratis.thirdparty.io.grpc.internal.DelayedClientCall$DelayedListener.onClose(DelayedClientCall.java:486)
	at org.apache.ratis.thirdparty.io.grpc.internal.ClientCallImpl.closeObserver(ClientCallImpl.java:567)
	at org.apache.ratis.thirdparty.io.grpc.internal.ClientCallImpl.access$300(ClientCallImpl.java:71)
	at org.apache.ratis.thirdparty.io.grpc.internal.ClientCallImpl$ClientStreamListenerImpl$1StreamClosed.runInternal(ClientCallImpl.java:735)
	at org.apache.ratis.thirdparty.io.grpc.internal.ClientCallImpl$ClientStreamListenerImpl$1StreamClosed.runInContext(ClientCallImpl.java:716)
	at org.apache.ratis.thirdparty.io.grpc.internal.ContextRunnable.run(ContextRunnable.java:37)
	at org.apache.ratis.thirdparty.io.grpc.internal.SerializingExecutor.run(SerializingExecutor.java:133)
	at java.util.concurrent.ThreadPoolExecutor.runWorker(ThreadPoolExecutor.java:1149)
	at java.util.concurrent.ThreadPoolExecutor$Worker.run(ThreadPoolExecutor.java:624)
	at java.lang.Thread.run(Thread.java:750)
2023-12-26 17:43:31,364 [grpc-default-executor-3] WARN  server.GrpcServerProtocolService (LogUtils.java:warn(121)) - 3d5bb137-3be5-4706-af5d-ee5f1bcd8429: APPEND_ENTRIES onError, lastRequest: null: org.apache.ratis.thirdparty.io.grpc.StatusRuntimeException: CANCELLED: client cancelled
2023-12-26 17:43:31,364 [grpc-default-executor-0] WARN  server.GrpcServerProtocolService (LogUtils.java:warn(121)) - 3d5bb137-3be5-4706-af5d-ee5f1bcd8429: APPEND_ENTRIES onError, lastRequest: 5acb06d6-75fa-434d-a16a-f6192aa7de69->3d5bb137-3be5-4706-af5d-ee5f1bcd8429#1-t1,previous=(t:0, i:0),leaderCommit=-1,initializing? true,entries: size=1, first=(t:1, i:0), CONFIGURATIONENTRY(current:id: "5acb06d6-75fa-434d-a16a-f6192aa7de69"
address: "10.1.0.4:15264"
priority: 1
dataStreamAddress: "10.1.0.4:15265"
clientAddress: "10.1.0.4:15262"
adminAddress: "10.1.0.4:15263"
startupRole: FOLLOWER
,id: "3d5bb137-3be5-4706-af5d-ee5f1bcd8429"
address: "10.1.0.4:15255"
dataStreamAddress: "10.1.0.4:15256"
clientAddress: "10.1.0.4:15253"
adminAddress: "10.1.0.4:15254"
startupRole: FOLLOWER
,id: "9041b40e-5b92-449e-aa66-a19f39177033"
address: "10.1.0.4:15246"
dataStreamAddress: "10.1.0.4:15247"
clientAddress: "10.1.0.4:15244"
adminAddress: "10.1.0.4:15245"
startupRole: FOLLOWER
, old:): org.apache.ratis.thirdparty.io.grpc.StatusRuntimeException: CANCELLED: client cancelled
2023-12-26 17:43:31,364 [grpc-default-executor-3] INFO  server.GrpcLogAppender (GrpcLogAppender.java:onCompleted(469)) - 3e443a17-2359-4412-bc58-72a30bb0f716@group-27F9F8B444EF->2600465e-836b-4590-acf2-1a77fd870a2a-AppendLogResponseHandler: follower responses appendEntries COMPLETED
2023-12-26 17:43:31,364 [ForkJoinPool.commonPool-worker-3] INFO  server.GrpcService (GrpcService.java:closeImpl(320)) - 3d5bb137-3be5-4706-af5d-ee5f1bcd8429: shutdown server GrpcServerProtocolService successfully
2023-12-26 17:43:31,364 [ForkJoinPool.commonPool-worker-3] INFO  server.GrpcService (GrpcService.java:closeImpl(311)) - 3d5bb137-3be5-4706-af5d-ee5f1bcd8429: shutdown server org.apache.ratis.grpc.server.GrpcAdminProtocolService now
2023-12-26 17:43:31,364 [grpc-default-executor-3] WARN  server.GrpcLogAppender (GrpcLogAppender.java:resetClient(149)) - 3e443a17-2359-4412-bc58-72a30bb0f716@group-27F9F8B444EF->2600465e-836b-4590-acf2-1a77fd870a2a-GrpcLogAppender: Failed to getClient for 2600465e-836b-4590-acf2-1a77fd870a2a
org.apache.ratis.protocol.exceptions.AlreadyClosedException: 3e443a17-2359-4412-bc58-72a30bb0f716 is already CLOSED
	at org.apache.ratis.util.PeerProxyMap$PeerAndProxy.getProxy(PeerProxyMap.java:61)
	at org.apache.ratis.util.PeerProxyMap.getProxy(PeerProxyMap.java:110)
	at org.apache.ratis.grpc.server.GrpcLogAppender.getClient(GrpcLogAppender.java:121)
	at org.apache.ratis.grpc.server.GrpcLogAppender.resetClient(GrpcLogAppender.java:126)
	at org.apache.ratis.grpc.server.GrpcLogAppender.access$800(GrpcLogAppender.java:61)
	at org.apache.ratis.grpc.server.GrpcLogAppender$AppendLogResponseHandler.onCompleted(GrpcLogAppender.java:471)
	at org.apache.ratis.thirdparty.io.grpc.stub.ClientCalls$StreamObserverToCallListenerAdapter.onClose(ClientCalls.java:479)
	at org.apache.ratis.thirdparty.io.grpc.internal.ClientCallImpl.closeObserver(ClientCallImpl.java:567)
	at org.apache.ratis.thirdparty.io.grpc.internal.ClientCallImpl.access$300(ClientCallImpl.java:71)
	at org.apache.ratis.thirdparty.io.grpc.internal.ClientCallImpl$ClientStreamListenerImpl$1StreamClosed.runInternal(ClientCallImpl.java:735)
	at org.apache.ratis.thirdparty.io.grpc.internal.ClientCallImpl$ClientStreamListenerImpl$1StreamClosed.runInContext(ClientCallImpl.java:716)
	at org.apache.ratis.thirdparty.io.grpc.internal.ContextRunnable.run(ContextRunnable.java:37)
	at org.apache.ratis.thirdparty.io.grpc.internal.SerializingExecutor.run(SerializingExecutor.java:133)
	at java.util.concurrent.ThreadPoolExecutor.runWorker(ThreadPoolExecutor.java:1149)
	at java.util.concurrent.ThreadPoolExecutor$Worker.run(ThreadPoolExecutor.java:624)
	at java.lang.Thread.run(Thread.java:750)
2023-12-26 17:43:31,369 [grpc-default-executor-4] WARN  server.GrpcLogAppender (LogUtils.java:warn(121)) - 5acb06d6-75fa-434d-a16a-f6192aa7de69@group-931AD61AFC41->3d5bb137-3be5-4706-af5d-ee5f1bcd8429-AppendLogResponseHandler: Failed appendEntries: org.apache.ratis.thirdparty.io.grpc.StatusRuntimeException: CANCELLED: RST_STREAM closed stream. HTTP/2 error code: CANCEL
2023-12-26 17:43:31,371 [grpc-default-executor-4] WARN  server.GrpcLogAppender (GrpcLogAppender.java:resetClient(140)) - 5acb06d6-75fa-434d-a16a-f6192aa7de69@group-931AD61AFC41->3d5bb137-3be5-4706-af5d-ee5f1bcd8429-GrpcLogAppender: Follower failed and request == null,  keep nextIndex (1) unchanged and retry.
2023-12-26 17:43:31,369 [3d5bb137-3be5-4706-af5d-ee5f1bcd8429-impl-thread2] INFO  impl.StateMachineUpdater (StateMachineUpdater.java:stopAndJoin(157)) - 3d5bb137-3be5-4706-af5d-ee5f1bcd8429@group-931AD61AFC41-StateMachineUpdater: set stopIndex = 0
2023-12-26 17:43:31,371 [3d5bb137-3be5-4706-af5d-ee5f1bcd8429-impl-thread2] INFO  server.RaftServer$Division (ServerState.java:close(423)) - 3d5bb137-3be5-4706-af5d-ee5f1bcd8429@group-931AD61AFC41: applyIndex: 0
2023-12-26 17:43:31,366 [ForkJoinPool.commonPool-worker-5] INFO  ozoneimpl.OzoneContainer (OzoneContainer.java:stop(463)) - Attempting to stop container services.
2023-12-26 17:43:31,365 [grpc-default-executor-0] WARN  server.GrpcLogAppender (LogUtils.java:warn(121)) - 5acb06d6-75fa-434d-a16a-f6192aa7de69@group-931AD61AFC41->3d5bb137-3be5-4706-af5d-ee5f1bcd8429-AppendLogResponseHandler: Failed appendEntries: org.apache.ratis.thirdparty.io.grpc.StatusRuntimeException: CANCELLED: RST_STREAM closed stream. HTTP/2 error code: CANCEL
2023-12-26 17:43:31,372 [grpc-default-executor-0] WARN  server.GrpcLogAppender (GrpcLogAppender.java:resetClient(140)) - 5acb06d6-75fa-434d-a16a-f6192aa7de69@group-931AD61AFC41->3d5bb137-3be5-4706-af5d-ee5f1bcd8429-GrpcLogAppender: Follower failed and request == null,  keep nextIndex (1) unchanged and retry.
2023-12-26 17:43:31,365 [ForkJoinPool.commonPool-worker-4] INFO  server.GrpcService (GrpcService.java:closeImpl(320)) - 3e443a17-2359-4412-bc58-72a30bb0f716: shutdown server org.apache.ratis.grpc.server.GrpcClientProtocolService successfully
2023-12-26 17:43:31,372 [ForkJoinPool.commonPool-worker-5] INFO  server.RaftServer (RaftServerProxy.java:lambda$close$9(416)) - 2fdbd8fa-a625-4499-b498-beec3ca4d67d: close
2023-12-26 17:43:31,372 [ForkJoinPool.commonPool-worker-2] INFO  server.GrpcService (GrpcService.java:closeImpl(320)) - 330054a7-df09-49b5-8777-358ad940382e: shutdown server org.apache.ratis.grpc.server.GrpcAdminProtocolService successfully
2023-12-26 17:43:31,372 [330054a7-df09-49b5-8777-358ad940382e-NettyServerStreamRpc-bossGroup--thread1] INFO  logging.LoggingHandler (AbstractInternalLogger.java:log(148)) - [id: 0x085f5229, L:/0.0.0.0:15211] CLOSE
2023-12-26 17:43:31,372 [330054a7-df09-49b5-8777-358ad940382e-NettyServerStreamRpc-bossGroup--thread1] INFO  logging.LoggingHandler (AbstractInternalLogger.java:log(148)) - [id: 0x085f5229, L:/0.0.0.0:15211] INACTIVE
2023-12-26 17:43:31,372 [330054a7-df09-49b5-8777-358ad940382e-NettyServerStreamRpc-bossGroup--thread1] INFO  logging.LoggingHandler (AbstractInternalLogger.java:log(148)) - [id: 0x085f5229, L:/0.0.0.0:15211] UNREGISTERED
2023-12-26 17:43:31,372 [ForkJoinPool.commonPool-worker-4] INFO  server.GrpcService (GrpcService.java:closeImpl(311)) - 3e443a17-2359-4412-bc58-72a30bb0f716: shutdown server GrpcServerProtocolService now
2023-12-26 17:43:31,371 [main] INFO  server.GrpcService (GrpcService.java:closeImpl(320)) - 3cf20811-7a7f-4ec1-bb30-7adbebaa785f: shutdown server org.apache.ratis.grpc.server.GrpcAdminProtocolService successfully
2023-12-26 17:43:31,373 [3cf20811-7a7f-4ec1-bb30-7adbebaa785f-NettyServerStreamRpc-bossGroup--thread1] INFO  logging.LoggingHandler (AbstractInternalLogger.java:log(148)) - [id: 0x38516192, L:/0.0.0.0:15238] CLOSE
2023-12-26 17:43:31,373 [3cf20811-7a7f-4ec1-bb30-7adbebaa785f-NettyServerStreamRpc-bossGroup--thread1] INFO  logging.LoggingHandler (AbstractInternalLogger.java:log(148)) - [id: 0x38516192, L:/0.0.0.0:15238] INACTIVE
2023-12-26 17:43:31,373 [3cf20811-7a7f-4ec1-bb30-7adbebaa785f-NettyServerStreamRpc-bossGroup--thread1] INFO  logging.LoggingHandler (AbstractInternalLogger.java:log(148)) - [id: 0x38516192, L:/0.0.0.0:15238] UNREGISTERED
2023-12-26 17:43:31,373 [ForkJoinPool.commonPool-worker-7] INFO  ozoneimpl.OzoneContainer (OzoneContainer.java:stop(463)) - Attempting to stop container services.
2023-12-26 17:43:31,373 [ForkJoinPool.commonPool-worker-3] INFO  server.GrpcService (GrpcService.java:closeImpl(320)) - 3d5bb137-3be5-4706-af5d-ee5f1bcd8429: shutdown server org.apache.ratis.grpc.server.GrpcAdminProtocolService successfully
2023-12-26 17:43:31,374 [3d5bb137-3be5-4706-af5d-ee5f1bcd8429-NettyServerStreamRpc-bossGroup--thread1] INFO  logging.LoggingHandler (AbstractInternalLogger.java:log(148)) - [id: 0x58ba1036, L:/0.0.0.0:15256] CLOSE
2023-12-26 17:43:31,374 [3d5bb137-3be5-4706-af5d-ee5f1bcd8429-NettyServerStreamRpc-bossGroup--thread1] INFO  logging.LoggingHandler (AbstractInternalLogger.java:log(148)) - [id: 0x58ba1036, L:/0.0.0.0:15256] INACTIVE
2023-12-26 17:43:31,374 [3d5bb137-3be5-4706-af5d-ee5f1bcd8429-NettyServerStreamRpc-bossGroup--thread1] INFO  logging.LoggingHandler (AbstractInternalLogger.java:log(148)) - [id: 0x58ba1036, L:/0.0.0.0:15256] UNREGISTERED
2023-12-26 17:43:31,377 [ForkJoinPool.commonPool-worker-7] INFO  server.RaftServer (RaftServerProxy.java:lambda$close$9(416)) - 5acb06d6-75fa-434d-a16a-f6192aa7de69: close
2023-12-26 17:43:31,378 [2fdbd8fa-a625-4499-b498-beec3ca4d67d-impl-thread1] INFO  server.RaftServer$Division (RaftServerImpl.java:lambda$close$3(516)) - 2fdbd8fa-a625-4499-b498-beec3ca4d67d@group-B2B466C41EFE: shutdown
2023-12-26 17:43:31,378 [3d5bb137-3be5-4706-af5d-ee5f1bcd8429@group-931AD61AFC41-cacheEviction-AwaitToRun] INFO  util.AwaitToRun (AwaitToRun.java:run(49)) - 3d5bb137-3be5-4706-af5d-ee5f1bcd8429@group-931AD61AFC41-cacheEviction-AwaitToRun-AwaitForSignal is interrupted
2023-12-26 17:43:31,378 [2fdbd8fa-a625-4499-b498-beec3ca4d67d-impl-thread1] INFO  util.JmxRegister (JmxRegister.java:unregister(73)) - Successfully un-registered JMX Bean with object name Ratis:service=RaftServer,group=group-B2B466C41EFE,id=2fdbd8fa-a625-4499-b498-beec3ca4d67d
2023-12-26 17:43:31,378 [2fdbd8fa-a625-4499-b498-beec3ca4d67d-impl-thread1] INFO  impl.RoleInfo (RoleInfo.java:shutdownLeaderState(94)) - 2fdbd8fa-a625-4499-b498-beec3ca4d67d: shutdown 2fdbd8fa-a625-4499-b498-beec3ca4d67d@group-B2B466C41EFE-LeaderStateImpl
2023-12-26 17:43:31,378 [ForkJoinPool.commonPool-worker-5] INFO  server.GrpcService (GrpcService.java:closeImpl(311)) - 2fdbd8fa-a625-4499-b498-beec3ca4d67d: shutdown server org.apache.ratis.grpc.server.GrpcClientProtocolService now
2023-12-26 17:43:31,378 [2fdbd8fa-a625-4499-b498-beec3ca4d67d-impl-thread2] INFO  server.RaftServer$Division (RaftServerImpl.java:lambda$close$3(516)) - 2fdbd8fa-a625-4499-b498-beec3ca4d67d@group-643A632F8583: shutdown
2023-12-26 17:43:31,378 [2fdbd8fa-a625-4499-b498-beec3ca4d67d-impl-thread2] INFO  util.JmxRegister (JmxRegister.java:unregister(73)) - Successfully un-registered JMX Bean with object name Ratis:service=RaftServer,group=group-643A632F8583,id=2fdbd8fa-a625-4499-b498-beec3ca4d67d
2023-12-26 17:43:31,378 [2fdbd8fa-a625-4499-b498-beec3ca4d67d-impl-thread2] INFO  impl.RoleInfo (RoleInfo.java:shutdownLeaderState(94)) - 2fdbd8fa-a625-4499-b498-beec3ca4d67d: shutdown 2fdbd8fa-a625-4499-b498-beec3ca4d67d@group-643A632F8583-LeaderStateImpl
2023-12-26 17:43:31,379 [2fdbd8fa-a625-4499-b498-beec3ca4d67d-impl-thread2] INFO  impl.PendingRequests (PendingRequests.java:sendNotLeaderResponses(289)) - 2fdbd8fa-a625-4499-b498-beec3ca4d67d@group-643A632F8583-PendingRequests: sendNotLeaderResponses
2023-12-26 17:43:31,379 [2fdbd8fa-a625-4499-b498-beec3ca4d67d-impl-thread2] INFO  impl.StateMachineUpdater (StateMachineUpdater.java:stopAndJoin(157)) - 2fdbd8fa-a625-4499-b498-beec3ca4d67d@group-643A632F8583-StateMachineUpdater: set stopIndex = 0
2023-12-26 17:43:31,379 [2fdbd8fa-a625-4499-b498-beec3ca4d67d@group-643A632F8583-StateMachineUpdater] INFO  ratis.ContainerStateMachine (ContainerStateMachine.java:takeSnapshot(355)) - group-643A632F8583: Taking a snapshot at:(t:1, i:0) file /home/runner/work/ozone/ozone/hadoop-ozone/integration-test/target/test-dir/MiniOzoneClusterImpl-a136b03b-8403-429e-9870-8bf85e606ef3/datanode-3/data/ratis/8ec7151d-acf7-4d5a-9019-643a632f8583/sm/snapshot.1_0
2023-12-26 17:43:31,379 [ForkJoinPool.commonPool-worker-7] INFO  server.GrpcService (GrpcService.java:closeImpl(311)) - 5acb06d6-75fa-434d-a16a-f6192aa7de69: shutdown server org.apache.ratis.grpc.server.GrpcClientProtocolService now
2023-12-26 17:43:31,379 [5acb06d6-75fa-434d-a16a-f6192aa7de69-impl-thread2] INFO  server.RaftServer$Division (RaftServerImpl.java:lambda$close$3(516)) - 5acb06d6-75fa-434d-a16a-f6192aa7de69@group-931AD61AFC41: shutdown
2023-12-26 17:43:31,379 [5acb06d6-75fa-434d-a16a-f6192aa7de69-impl-thread2] INFO  util.JmxRegister (JmxRegister.java:unregister(73)) - Successfully un-registered JMX Bean with object name Ratis:service=RaftServer,group=group-931AD61AFC41,id=5acb06d6-75fa-434d-a16a-f6192aa7de69
2023-12-26 17:43:31,379 [5acb06d6-75fa-434d-a16a-f6192aa7de69-impl-thread2] INFO  impl.RoleInfo (RoleInfo.java:shutdownLeaderState(94)) - 5acb06d6-75fa-434d-a16a-f6192aa7de69: shutdown 5acb06d6-75fa-434d-a16a-f6192aa7de69@group-931AD61AFC41-LeaderStateImpl
2023-12-26 17:43:31,379 [5acb06d6-75fa-434d-a16a-f6192aa7de69-impl-thread1] INFO  server.RaftServer$Division (RaftServerImpl.java:lambda$close$3(516)) - 5acb06d6-75fa-434d-a16a-f6192aa7de69@group-76D87C0074AF: shutdown
2023-12-26 17:43:31,379 [5acb06d6-75fa-434d-a16a-f6192aa7de69@group-931AD61AFC41->3d5bb137-3be5-4706-af5d-ee5f1bcd8429-GrpcLogAppender-LogAppenderDaemon] WARN  server.GrpcLogAppender (GrpcLogAppender.java:mayWait(212)) - 5acb06d6-75fa-434d-a16a-f6192aa7de69@group-931AD61AFC41->3d5bb137-3be5-4706-af5d-ee5f1bcd8429-GrpcLogAppender: Wait interrupted by java.lang.InterruptedException
2023-12-26 17:43:31,379 [5acb06d6-75fa-434d-a16a-f6192aa7de69@group-931AD61AFC41->9041b40e-5b92-449e-aa66-a19f39177033-GrpcLogAppender-LogAppenderDaemon] WARN  server.GrpcLogAppender (GrpcLogAppender.java:mayWait(212)) - 5acb06d6-75fa-434d-a16a-f6192aa7de69@group-931AD61AFC41->9041b40e-5b92-449e-aa66-a19f39177033-GrpcLogAppender: Wait interrupted by java.lang.InterruptedException
2023-12-26 17:43:31,379 [2fdbd8fa-a625-4499-b498-beec3ca4d67d@group-643A632F8583-StateMachineUpdater] INFO  ratis.ContainerStateMachine (ContainerStateMachine.java:takeSnapshot(366)) - group-643A632F8583: Finished taking a snapshot at:(t:1, i:0) file:/home/runner/work/ozone/ozone/hadoop-ozone/integration-test/target/test-dir/MiniOzoneClusterImpl-a136b03b-8403-429e-9870-8bf85e606ef3/datanode-3/data/ratis/8ec7151d-acf7-4d5a-9019-643a632f8583/sm/snapshot.1_0 took: 1 ms
2023-12-26 17:43:31,380 [2fdbd8fa-a625-4499-b498-beec3ca4d67d@group-643A632F8583-StateMachineUpdater] INFO  impl.StateMachineUpdater (StateMachineUpdater.java:takeSnapshot(295)) - 2fdbd8fa-a625-4499-b498-beec3ca4d67d@group-643A632F8583-StateMachineUpdater: Took a snapshot at index 0
2023-12-26 17:43:31,380 [grpc-default-executor-0] INFO  server.GrpcServerProtocolService (GrpcServerProtocolService.java:onCompleted(157)) - 9041b40e-5b92-449e-aa66-a19f39177033: Completed APPEND_ENTRIES, lastRequest: null
2023-12-26 17:43:31,379 [ForkJoinPool.commonPool-worker-4] INFO  server.GrpcService (GrpcService.java:closeImpl(320)) - 3e443a17-2359-4412-bc58-72a30bb0f716: shutdown server GrpcServerProtocolService successfully
2023-12-26 17:43:31,380 [ForkJoinPool.commonPool-worker-4] INFO  server.GrpcService (GrpcService.java:closeImpl(311)) - 3e443a17-2359-4412-bc58-72a30bb0f716: shutdown server org.apache.ratis.grpc.server.GrpcAdminProtocolService now
2023-12-26 17:43:31,379 [5acb06d6-75fa-434d-a16a-f6192aa7de69-impl-thread1] INFO  util.JmxRegister (JmxRegister.java:unregister(73)) - Successfully un-registered JMX Bean with object name Ratis:service=RaftServer,group=group-76D87C0074AF,id=5acb06d6-75fa-434d-a16a-f6192aa7de69
2023-12-26 17:43:31,379 [5acb06d6-75fa-434d-a16a-f6192aa7de69-impl-thread2] INFO  impl.PendingRequests (PendingRequests.java:sendNotLeaderResponses(289)) - 5acb06d6-75fa-434d-a16a-f6192aa7de69@group-931AD61AFC41-PendingRequests: sendNotLeaderResponses
2023-12-26 17:43:31,380 [5acb06d6-75fa-434d-a16a-f6192aa7de69-impl-thread1] INFO  impl.RoleInfo (RoleInfo.java:shutdownLeaderState(94)) - 5acb06d6-75fa-434d-a16a-f6192aa7de69: shutdown 5acb06d6-75fa-434d-a16a-f6192aa7de69@group-76D87C0074AF-LeaderStateImpl
2023-12-26 17:43:31,380 [ForkJoinPool.commonPool-worker-6] INFO  ozoneimpl.OzoneContainer (OzoneContainer.java:stop(463)) - Attempting to stop container services.
2023-12-26 17:43:31,380 [grpc-default-executor-4] INFO  server.GrpcServerProtocolService (GrpcServerProtocolService.java:onCompleted(157)) - 9041b40e-5b92-449e-aa66-a19f39177033: Completed APPEND_ENTRIES, lastRequest: 5acb06d6-75fa-434d-a16a-f6192aa7de69->9041b40e-5b92-449e-aa66-a19f39177033#1-t1,previous=(t:0, i:0),leaderCommit=-1,initializing? true,entries: size=1, first=(t:1, i:0), CONFIGURATIONENTRY(current:id: "5acb06d6-75fa-434d-a16a-f6192aa7de69"
address: "10.1.0.4:15264"
priority: 1
dataStreamAddress: "10.1.0.4:15265"
clientAddress: "10.1.0.4:15262"
adminAddress: "10.1.0.4:15263"
startupRole: FOLLOWER
,id: "3d5bb137-3be5-4706-af5d-ee5f1bcd8429"
address: "10.1.0.4:15255"
dataStreamAddress: "10.1.0.4:15256"
clientAddress: "10.1.0.4:15253"
adminAddress: "10.1.0.4:15254"
startupRole: FOLLOWER
,id: "9041b40e-5b92-449e-aa66-a19f39177033"
address: "10.1.0.4:15246"
dataStreamAddress: "10.1.0.4:15247"
clientAddress: "10.1.0.4:15244"
adminAddress: "10.1.0.4:15245"
startupRole: FOLLOWER
, old:)
2023-12-26 17:43:31,381 [grpc-default-executor-4] INFO  server.GrpcServerProtocolService (GrpcServerProtocolService.java:lambda$onCompleted$5(159)) - 9041b40e-5b92-449e-aa66-a19f39177033: Completed APPEND_ENTRIES, lastReply: null
2023-12-26 17:43:31,380 [2fdbd8fa-a625-4499-b498-beec3ca4d67d@group-643A632F8583-StateMachineUpdater] INFO  impl.StateMachineUpdater (StateMachineUpdater.java:lambda$new$0(98)) - 2fdbd8fa-a625-4499-b498-beec3ca4d67d@group-643A632F8583-StateMachineUpdater: snapshotIndex: updateIncreasingly -1 -> 0
2023-12-26 17:43:31,380 [5acb06d6-75fa-434d-a16a-f6192aa7de69-impl-thread1] INFO  impl.PendingRequests (PendingRequests.java:sendNotLeaderResponses(289)) - 5acb06d6-75fa-434d-a16a-f6192aa7de69@group-76D87C0074AF-PendingRequests: sendNotLeaderResponses
2023-12-26 17:43:31,381 [2fdbd8fa-a625-4499-b498-beec3ca4d67d-impl-thread2] INFO  server.RaftServer$Division (ServerState.java:close(423)) - 2fdbd8fa-a625-4499-b498-beec3ca4d67d@group-643A632F8583: applyIndex: 0
2023-12-26 17:43:31,382 [ForkJoinPool.commonPool-worker-6] INFO  server.RaftServer (RaftServerProxy.java:lambda$close$9(416)) - 9041b40e-5b92-449e-aa66-a19f39177033: close
2023-12-26 17:43:31,383 [Thread-2670] INFO  server.GrpcServerProtocolClient (GrpcServerProtocolClient.java:close(103)) - 3cf20811-7a7f-4ec1-bb30-7adbebaa785f Close channels
2023-12-26 17:43:31,383 [Thread-2671] INFO  server.GrpcServerProtocolClient (GrpcServerProtocolClient.java:close(103)) - 51fc6df9-7bd5-4293-8c99-7f2eac1f74df Close channels
2023-12-26 17:43:31,383 [2fdbd8fa-a625-4499-b498-beec3ca4d67d@group-B2B466C41EFE->3cf20811-7a7f-4ec1-bb30-7adbebaa785f-GrpcLogAppender-LogAppenderDaemon] WARN  server.GrpcLogAppender (GrpcLogAppender.java:mayWait(212)) - 2fdbd8fa-a625-4499-b498-beec3ca4d67d@group-B2B466C41EFE->3cf20811-7a7f-4ec1-bb30-7adbebaa785f-GrpcLogAppender: Wait interrupted by java.lang.InterruptedException
2023-12-26 17:43:31,383 [2fdbd8fa-a625-4499-b498-beec3ca4d67d@group-B2B466C41EFE->51fc6df9-7bd5-4293-8c99-7f2eac1f74df-GrpcLogAppender-LogAppenderDaemon] WARN  server.GrpcLogAppender (GrpcLogAppender.java:mayWait(212)) - 2fdbd8fa-a625-4499-b498-beec3ca4d67d@group-B2B466C41EFE->51fc6df9-7bd5-4293-8c99-7f2eac1f74df-GrpcLogAppender: Wait interrupted by java.lang.InterruptedException
2023-12-26 17:43:31,383 [2fdbd8fa-a625-4499-b498-beec3ca4d67d-impl-thread1] INFO  impl.PendingRequests (PendingRequests.java:sendNotLeaderResponses(289)) - 2fdbd8fa-a625-4499-b498-beec3ca4d67d@group-B2B466C41EFE-PendingRequests: sendNotLeaderResponses
2023-12-26 17:43:31,384 [grpc-default-executor-3] INFO  server.GrpcServerProtocolService (GrpcServerProtocolService.java:onCompleted(157)) - 51fc6df9-7bd5-4293-8c99-7f2eac1f74df: Completed APPEND_ENTRIES, lastRequest: null
2023-12-26 17:43:31,384 [grpc-default-executor-5] INFO  server.GrpcServerProtocolService (GrpcServerProtocolService.java:onCompleted(157)) - 51fc6df9-7bd5-4293-8c99-7f2eac1f74df: Completed APPEND_ENTRIES, lastRequest: 2fdbd8fa-a625-4499-b498-beec3ca4d67d->51fc6df9-7bd5-4293-8c99-7f2eac1f74df#1-t1,previous=(t:0, i:0),leaderCommit=-1,initializing? true,entries: size=1, first=(t:1, i:0), CONFIGURATIONENTRY(current:id: "2fdbd8fa-a625-4499-b498-beec3ca4d67d"
address: "10.1.0.4:15219"
priority: 1
dataStreamAddress: "10.1.0.4:15220"
clientAddress: "10.1.0.4:15217"
adminAddress: "10.1.0.4:15218"
startupRole: FOLLOWER
,id: "3cf20811-7a7f-4ec1-bb30-7adbebaa785f"
address: "10.1.0.4:15237"
dataStreamAddress: "10.1.0.4:15238"
clientAddress: "10.1.0.4:15235"
adminAddress: "10.1.0.4:15236"
startupRole: FOLLOWER
,id: "51fc6df9-7bd5-4293-8c99-7f2eac1f74df"
address: "10.1.0.4:15228"
dataStreamAddress: "10.1.0.4:15229"
clientAddress: "10.1.0.4:15226"
adminAddress: "10.1.0.4:15227"
startupRole: FOLLOWER
, old:)
2023-12-26 17:43:31,384 [grpc-default-executor-5] INFO  server.GrpcServerProtocolService (GrpcServerProtocolService.java:lambda$onCompleted$5(159)) - 51fc6df9-7bd5-4293-8c99-7f2eac1f74df: Completed APPEND_ENTRIES, lastReply: null
2023-12-26 17:43:31,384 [grpc-default-executor-3] INFO  server.GrpcServerProtocolService (GrpcServerProtocolService.java:lambda$onCompleted$5(159)) - 51fc6df9-7bd5-4293-8c99-7f2eac1f74df: Completed APPEND_ENTRIES, lastReply: serverReply {
  requestorId: "2fdbd8fa-a625-4499-b498-beec3ca4d67d"
  replyId: "51fc6df9-7bd5-4293-8c99-7f2eac1f74df"
  raftGroupId {
    id: "\265\341CK\315hJ\335\263&\262\264f\304\036\376"
  }
  callId: 8
  success: true
}
term: 1
nextIndex: 1
matchIndex: 18446744073709551615
isHearbeat: true

2023-12-26 17:43:31,385 [9041b40e-5b92-449e-aa66-a19f39177033-impl-thread1] INFO  server.RaftServer$Division (RaftServerImpl.java:lambda$close$3(516)) - 9041b40e-5b92-449e-aa66-a19f39177033@group-B5BA6889F208: shutdown
2023-12-26 17:43:31,397 [9041b40e-5b92-449e-aa66-a19f39177033-impl-thread1] INFO  util.JmxRegister (JmxRegister.java:unregister(73)) - Successfully un-registered JMX Bean with object name Ratis:service=RaftServer,group=group-B5BA6889F208,id=9041b40e-5b92-449e-aa66-a19f39177033
2023-12-26 17:43:31,393 [grpc-default-executor-5] INFO  server.GrpcLogAppender (GrpcLogAppender.java:onCompleted(469)) - 2fdbd8fa-a625-4499-b498-beec3ca4d67d@group-B2B466C41EFE->51fc6df9-7bd5-4293-8c99-7f2eac1f74df-AppendLogResponseHandler: follower responses appendEntries COMPLETED
2023-12-26 17:43:31,397 [ForkJoinPool.commonPool-worker-4] INFO  server.GrpcService (GrpcService.java:closeImpl(320)) - 3e443a17-2359-4412-bc58-72a30bb0f716: shutdown server org.apache.ratis.grpc.server.GrpcAdminProtocolService successfully
2023-12-26 17:43:31,393 [grpc-default-executor-3] INFO  server.GrpcLogAppender (GrpcLogAppender.java:onCompleted(469)) - 2fdbd8fa-a625-4499-b498-beec3ca4d67d@group-B2B466C41EFE->51fc6df9-7bd5-4293-8c99-7f2eac1f74df-AppendLogResponseHandler: follower responses appendEntries COMPLETED
2023-12-26 17:43:31,397 [3e443a17-2359-4412-bc58-72a30bb0f716-NettyServerStreamRpc-bossGroup--thread1] INFO  logging.LoggingHandler (AbstractInternalLogger.java:log(148)) - [id: 0x1b78a516, L:/0.0.0.0:15202] CLOSE
2023-12-26 17:43:31,397 [3e443a17-2359-4412-bc58-72a30bb0f716-NettyServerStreamRpc-bossGroup--thread1] INFO  logging.LoggingHandler (AbstractInternalLogger.java:log(148)) - [id: 0x1b78a516, L:/0.0.0.0:15202] INACTIVE
2023-12-26 17:43:31,397 [3e443a17-2359-4412-bc58-72a30bb0f716-NettyServerStreamRpc-bossGroup--thread1] INFO  logging.LoggingHandler (AbstractInternalLogger.java:log(148)) - [id: 0x1b78a516, L:/0.0.0.0:15202] UNREGISTERED
2023-12-26 17:43:31,393 [5acb06d6-75fa-434d-a16a-f6192aa7de69@group-76D87C0074AF-StateMachineUpdater] INFO  ratis.ContainerStateMachine (ContainerStateMachine.java:takeSnapshot(355)) - group-76D87C0074AF: Taking a snapshot at:(t:1, i:0) file /home/runner/work/ozone/ozone/hadoop-ozone/integration-test/target/test-dir/MiniOzoneClusterImpl-a136b03b-8403-429e-9870-8bf85e606ef3/datanode-8/data/ratis/1f51836f-beeb-42c3-97d9-76d87c0074af/sm/snapshot.1_0
2023-12-26 17:43:31,393 [5acb06d6-75fa-434d-a16a-f6192aa7de69-impl-thread1] INFO  impl.StateMachineUpdater (StateMachineUpdater.java:stopAndJoin(157)) - 5acb06d6-75fa-434d-a16a-f6192aa7de69@group-76D87C0074AF-StateMachineUpdater: set stopIndex = 0
2023-12-26 17:43:31,393 [2fdbd8fa-a625-4499-b498-beec3ca4d67d@group-B2B466C41EFE-StateMachineUpdater] INFO  ratis.ContainerStateMachine (ContainerStateMachine.java:takeSnapshot(355)) - group-B2B466C41EFE: Taking a snapshot at:(t:1, i:0) file /home/runner/work/ozone/ozone/hadoop-ozone/integration-test/target/test-dir/MiniOzoneClusterImpl-a136b03b-8403-429e-9870-8bf85e606ef3/datanode-3/data/ratis/b5e1434b-cd68-4add-b326-b2b466c41efe/sm/snapshot.1_0
2023-12-26 17:43:31,393 [2fdbd8fa-a625-4499-b498-beec3ca4d67d-impl-thread1] INFO  impl.StateMachineUpdater (StateMachineUpdater.java:stopAndJoin(157)) - 2fdbd8fa-a625-4499-b498-beec3ca4d67d@group-B2B466C41EFE-StateMachineUpdater: set stopIndex = 0
2023-12-26 17:43:31,392 [grpc-default-executor-4] INFO  server.GrpcLogAppender (GrpcLogAppender.java:onCompleted(469)) - 5acb06d6-75fa-434d-a16a-f6192aa7de69@group-931AD61AFC41->9041b40e-5b92-449e-aa66-a19f39177033-AppendLogResponseHandler: follower responses appendEntries COMPLETED
2023-12-26 17:43:31,398 [grpc-default-executor-4] WARN  server.GrpcLogAppender (GrpcLogAppender.java:resetClient(149)) - 5acb06d6-75fa-434d-a16a-f6192aa7de69@group-931AD61AFC41->9041b40e-5b92-449e-aa66-a19f39177033-GrpcLogAppender: Failed to getClient for 9041b40e-5b92-449e-aa66-a19f39177033
org.apache.ratis.protocol.exceptions.AlreadyClosedException: 5acb06d6-75fa-434d-a16a-f6192aa7de69 is already CLOSED
	at org.apache.ratis.util.PeerProxyMap$PeerAndProxy.getProxy(PeerProxyMap.java:61)
	at org.apache.ratis.util.PeerProxyMap.getProxy(PeerProxyMap.java:110)
	at org.apache.ratis.grpc.server.GrpcLogAppender.getClient(GrpcLogAppender.java:121)
	at org.apache.ratis.grpc.server.GrpcLogAppender.resetClient(GrpcLogAppender.java:126)
	at org.apache.ratis.grpc.server.GrpcLogAppender.access$800(GrpcLogAppender.java:61)
	at org.apache.ratis.grpc.server.GrpcLogAppender$AppendLogResponseHandler.onCompleted(GrpcLogAppender.java:471)
	at org.apache.ratis.thirdparty.io.grpc.stub.ClientCalls$StreamObserverToCallListenerAdapter.onClose(ClientCalls.java:479)
	at org.apache.ratis.thirdparty.io.grpc.internal.ClientCallImpl.closeObserver(ClientCallImpl.java:567)
	at org.apache.ratis.thirdparty.io.grpc.internal.ClientCallImpl.access$300(ClientCallImpl.java:71)
	at org.apache.ratis.thirdparty.io.grpc.internal.ClientCallImpl$ClientStreamListenerImpl$1StreamClosed.runInternal(ClientCallImpl.java:735)
	at org.apache.ratis.thirdparty.io.grpc.internal.ClientCallImpl$ClientStreamListenerImpl$1StreamClosed.runInContext(ClientCallImpl.java:716)
	at org.apache.ratis.thirdparty.io.grpc.internal.ContextRunnable.run(ContextRunnable.java:37)
	at org.apache.ratis.thirdparty.io.grpc.internal.SerializingExecutor.run(SerializingExecutor.java:133)
	at java.util.concurrent.ThreadPoolExecutor.runWorker(ThreadPoolExecutor.java:1149)
	at java.util.concurrent.ThreadPoolExecutor$Worker.run(ThreadPoolExecutor.java:624)
	at java.lang.Thread.run(Thread.java:750)
2023-12-26 17:43:31,392 [5acb06d6-75fa-434d-a16a-f6192aa7de69@group-931AD61AFC41-StateMachineUpdater] INFO  ratis.ContainerStateMachine (ContainerStateMachine.java:takeSnapshot(355)) - group-931AD61AFC41: Taking a snapshot at:(t:1, i:0) file /home/runner/work/ozone/ozone/hadoop-ozone/integration-test/target/test-dir/MiniOzoneClusterImpl-a136b03b-8403-429e-9870-8bf85e606ef3/datanode-8/data/ratis/3eaeb45c-f3cd-4275-b4c0-931ad61afc41/sm/snapshot.1_0
2023-12-26 17:43:31,392 [5acb06d6-75fa-434d-a16a-f6192aa7de69-impl-thread2] INFO  impl.StateMachineUpdater (StateMachineUpdater.java:stopAndJoin(157)) - 5acb06d6-75fa-434d-a16a-f6192aa7de69@group-931AD61AFC41-StateMachineUpdater: set stopIndex = 0
2023-12-26 17:43:31,387 [2fdbd8fa-a625-4499-b498-beec3ca4d67d@group-643A632F8583-cacheEviction-AwaitToRun] INFO  util.AwaitToRun (AwaitToRun.java:run(49)) - 2fdbd8fa-a625-4499-b498-beec3ca4d67d@group-643A632F8583-cacheEviction-AwaitToRun-AwaitForSignal is interrupted
2023-12-26 17:43:31,386 [Thread-2666] INFO  server.GrpcServerProtocolClient (GrpcServerProtocolClient.java:close(103)) - 3d5bb137-3be5-4706-af5d-ee5f1bcd8429 Close channels
2023-12-26 17:43:31,386 [Thread-2667] INFO  server.GrpcServerProtocolClient (GrpcServerProtocolClient.java:close(103)) - 9041b40e-5b92-449e-aa66-a19f39177033 Close channels
2023-12-26 17:43:31,386 [grpc-default-executor-0] INFO  server.GrpcServerProtocolService (GrpcServerProtocolService.java:lambda$onCompleted$5(159)) - 9041b40e-5b92-449e-aa66-a19f39177033: Completed APPEND_ENTRIES, lastReply: serverReply {
  requestorId: "5acb06d6-75fa-434d-a16a-f6192aa7de69"
  replyId: "9041b40e-5b92-449e-aa66-a19f39177033"
  raftGroupId {
    id: ">\256\264\\\363\315Bu\264\300\223\032\326\032\374A"
  }
  callId: 8
  success: true
}
term: 1
nextIndex: 1
matchIndex: 18446744073709551615
isHearbeat: true

2023-12-26 17:43:31,399 [5acb06d6-75fa-434d-a16a-f6192aa7de69@group-931AD61AFC41-StateMachineUpdater] INFO  ratis.ContainerStateMachine (ContainerStateMachine.java:takeSnapshot(366)) - group-931AD61AFC41: Finished taking a snapshot at:(t:1, i:0) file:/home/runner/work/ozone/ozone/hadoop-ozone/integration-test/target/test-dir/MiniOzoneClusterImpl-a136b03b-8403-429e-9870-8bf85e606ef3/datanode-8/data/ratis/3eaeb45c-f3cd-4275-b4c0-931ad61afc41/sm/snapshot.1_0 took: 7 ms
2023-12-26 17:43:31,407 [5acb06d6-75fa-434d-a16a-f6192aa7de69@group-931AD61AFC41-StateMachineUpdater] INFO  impl.StateMachineUpdater (StateMachineUpdater.java:takeSnapshot(295)) - 5acb06d6-75fa-434d-a16a-f6192aa7de69@group-931AD61AFC41-StateMachineUpdater: Took a snapshot at index 0
2023-12-26 17:43:31,407 [5acb06d6-75fa-434d-a16a-f6192aa7de69@group-931AD61AFC41-StateMachineUpdater] INFO  impl.StateMachineUpdater (StateMachineUpdater.java:lambda$new$0(98)) - 5acb06d6-75fa-434d-a16a-f6192aa7de69@group-931AD61AFC41-StateMachineUpdater: snapshotIndex: updateIncreasingly -1 -> 0
2023-12-26 17:43:31,398 [2fdbd8fa-a625-4499-b498-beec3ca4d67d@group-B2B466C41EFE-StateMachineUpdater] INFO  ratis.ContainerStateMachine (ContainerStateMachine.java:takeSnapshot(366)) - group-B2B466C41EFE: Finished taking a snapshot at:(t:1, i:0) file:/home/runner/work/ozone/ozone/hadoop-ozone/integration-test/target/test-dir/MiniOzoneClusterImpl-a136b03b-8403-429e-9870-8bf85e606ef3/datanode-3/data/ratis/b5e1434b-cd68-4add-b326-b2b466c41efe/sm/snapshot.1_0 took: 5 ms
2023-12-26 17:43:31,398 [ForkJoinPool.commonPool-worker-6] INFO  server.GrpcService (GrpcService.java:closeImpl(311)) - 9041b40e-5b92-449e-aa66-a19f39177033: shutdown server org.apache.ratis.grpc.server.GrpcClientProtocolService now
2023-12-26 17:43:31,398 [5acb06d6-75fa-434d-a16a-f6192aa7de69@group-76D87C0074AF-StateMachineUpdater] INFO  ratis.ContainerStateMachine (ContainerStateMachine.java:takeSnapshot(366)) - group-76D87C0074AF: Finished taking a snapshot at:(t:1, i:0) file:/home/runner/work/ozone/ozone/hadoop-ozone/integration-test/target/test-dir/MiniOzoneClusterImpl-a136b03b-8403-429e-9870-8bf85e606ef3/datanode-8/data/ratis/1f51836f-beeb-42c3-97d9-76d87c0074af/sm/snapshot.1_0 took: 5 ms
2023-12-26 17:43:31,409 [5acb06d6-75fa-434d-a16a-f6192aa7de69@group-76D87C0074AF-StateMachineUpdater] INFO  impl.StateMachineUpdater (StateMachineUpdater.java:takeSnapshot(295)) - 5acb06d6-75fa-434d-a16a-f6192aa7de69@group-76D87C0074AF-StateMachineUpdater: Took a snapshot at index 0
2023-12-26 17:43:31,409 [5acb06d6-75fa-434d-a16a-f6192aa7de69@group-76D87C0074AF-StateMachineUpdater] INFO  impl.StateMachineUpdater (StateMachineUpdater.java:lambda$new$0(98)) - 5acb06d6-75fa-434d-a16a-f6192aa7de69@group-76D87C0074AF-StateMachineUpdater: snapshotIndex: updateIncreasingly -1 -> 0
2023-12-26 17:43:31,409 [Thread-2743] INFO  server.GrpcServerProtocolClient (GrpcServerProtocolClient.java:close(103)) - 5acb06d6-75fa-434d-a16a-f6192aa7de69 Close channels
2023-12-26 17:43:31,397 [grpc-default-executor-3] WARN  server.GrpcLogAppender (GrpcLogAppender.java:resetClient(149)) - 2fdbd8fa-a625-4499-b498-beec3ca4d67d@group-B2B466C41EFE->51fc6df9-7bd5-4293-8c99-7f2eac1f74df-GrpcLogAppender: Failed to getClient for 51fc6df9-7bd5-4293-8c99-7f2eac1f74df
org.apache.ratis.protocol.exceptions.AlreadyClosedException: 2fdbd8fa-a625-4499-b498-beec3ca4d67d is already CLOSED
	at org.apache.ratis.util.PeerProxyMap$PeerAndProxy.getProxy(PeerProxyMap.java:61)
	at org.apache.ratis.util.PeerProxyMap.getProxy(PeerProxyMap.java:110)
	at org.apache.ratis.grpc.server.GrpcLogAppender.getClient(GrpcLogAppender.java:121)
	at org.apache.ratis.grpc.server.GrpcLogAppender.resetClient(GrpcLogAppender.java:126)
	at org.apache.ratis.grpc.server.GrpcLogAppender.access$800(GrpcLogAppender.java:61)
	at org.apache.ratis.grpc.server.GrpcLogAppender$AppendLogResponseHandler.onCompleted(GrpcLogAppender.java:471)
	at org.apache.ratis.thirdparty.io.grpc.stub.ClientCalls$StreamObserverToCallListenerAdapter.onClose(ClientCalls.java:479)
	at org.apache.ratis.thirdparty.io.grpc.internal.ClientCallImpl.closeObserver(ClientCallImpl.java:567)
	at org.apache.ratis.thirdparty.io.grpc.internal.ClientCallImpl.access$300(ClientCallImpl.java:71)
	at org.apache.ratis.thirdparty.io.grpc.internal.ClientCallImpl$ClientStreamListenerImpl$1StreamClosed.runInternal(ClientCallImpl.java:735)
	at org.apache.ratis.thirdparty.io.grpc.internal.ClientCallImpl$ClientStreamListenerImpl$1StreamClosed.runInContext(ClientCallImpl.java:716)
	at org.apache.ratis.thirdparty.io.grpc.internal.ContextRunnable.run(ContextRunnable.java:37)
	at org.apache.ratis.thirdparty.io.grpc.internal.SerializingExecutor.run(SerializingExecutor.java:133)
	at java.util.concurrent.ThreadPoolExecutor.runWorker(ThreadPoolExecutor.java:1149)
	at java.util.concurrent.ThreadPoolExecutor$Worker.run(ThreadPoolExecutor.java:624)
	at java.lang.Thread.run(Thread.java:750)
2023-12-26 17:43:31,409 [Thread-2744] INFO  server.GrpcServerProtocolClient (GrpcServerProtocolClient.java:close(103)) - 3d5bb137-3be5-4706-af5d-ee5f1bcd8429 Close channels
2023-12-26 17:43:31,397 [grpc-default-executor-5] WARN  server.GrpcLogAppender (GrpcLogAppender.java:resetClient(149)) - 2fdbd8fa-a625-4499-b498-beec3ca4d67d@group-B2B466C41EFE->51fc6df9-7bd5-4293-8c99-7f2eac1f74df-GrpcLogAppender: Failed to getClient for 51fc6df9-7bd5-4293-8c99-7f2eac1f74df
org.apache.ratis.protocol.exceptions.AlreadyClosedException: 2fdbd8fa-a625-4499-b498-beec3ca4d67d is already CLOSED
	at org.apache.ratis.util.PeerProxyMap$PeerAndProxy.getProxy(PeerProxyMap.java:61)
	at org.apache.ratis.util.PeerProxyMap.getProxy(PeerProxyMap.java:110)
	at org.apache.ratis.grpc.server.GrpcLogAppender.getClient(GrpcLogAppender.java:121)
	at org.apache.ratis.grpc.server.GrpcLogAppender.resetClient(GrpcLogAppender.java:126)
	at org.apache.ratis.grpc.server.GrpcLogAppender.access$800(GrpcLogAppender.java:61)
	at org.apache.ratis.grpc.server.GrpcLogAppender$AppendLogResponseHandler.onCompleted(GrpcLogAppender.java:471)
	at org.apache.ratis.thirdparty.io.grpc.stub.ClientCalls$StreamObserverToCallListenerAdapter.onClose(ClientCalls.java:479)
	at org.apache.ratis.thirdparty.io.grpc.internal.ClientCallImpl.closeObserver(ClientCallImpl.java:567)
	at org.apache.ratis.thirdparty.io.grpc.internal.ClientCallImpl.access$300(ClientCallImpl.java:71)
	at org.apache.ratis.thirdparty.io.grpc.internal.ClientCallImpl$ClientStreamListenerImpl$1StreamClosed.runInternal(ClientCallImpl.java:735)
	at org.apache.ratis.thirdparty.io.grpc.internal.ClientCallImpl$ClientStreamListenerImpl$1StreamClosed.runInContext(ClientCallImpl.java:716)
	at org.apache.ratis.thirdparty.io.grpc.internal.ContextRunnable.run(ContextRunnable.java:37)
	at org.apache.ratis.thirdparty.io.grpc.internal.SerializingExecutor.run(SerializingExecutor.java:133)
	at java.util.concurrent.ThreadPoolExecutor.runWorker(ThreadPoolExecutor.java:1149)
	at java.util.concurrent.ThreadPoolExecutor$Worker.run(ThreadPoolExecutor.java:624)
	at java.lang.Thread.run(Thread.java:750)
2023-12-26 17:43:31,397 [9041b40e-5b92-449e-aa66-a19f39177033-impl-thread1] INFO  impl.RoleInfo (RoleInfo.java:shutdownLeaderState(94)) - 9041b40e-5b92-449e-aa66-a19f39177033: shutdown 9041b40e-5b92-449e-aa66-a19f39177033@group-B5BA6889F208-LeaderStateImpl
2023-12-26 17:43:31,411 [9041b40e-5b92-449e-aa66-a19f39177033-impl-thread1] INFO  impl.PendingRequests (PendingRequests.java:sendNotLeaderResponses(289)) - 9041b40e-5b92-449e-aa66-a19f39177033@group-B5BA6889F208-PendingRequests: sendNotLeaderResponses
2023-12-26 17:43:31,411 [5acb06d6-75fa-434d-a16a-f6192aa7de69-impl-thread2] INFO  server.RaftServer$Division (ServerState.java:close(423)) - 5acb06d6-75fa-434d-a16a-f6192aa7de69@group-931AD61AFC41: applyIndex: 0
2023-12-26 17:43:31,410 [9041b40e-5b92-449e-aa66-a19f39177033-impl-thread2] INFO  server.RaftServer$Division (RaftServerImpl.java:lambda$close$3(516)) - 9041b40e-5b92-449e-aa66-a19f39177033@group-931AD61AFC41: shutdown
2023-12-26 17:43:31,411 [9041b40e-5b92-449e-aa66-a19f39177033-impl-thread2] INFO  util.JmxRegister (JmxRegister.java:unregister(73)) - Successfully un-registered JMX Bean with object name Ratis:service=RaftServer,group=group-931AD61AFC41,id=9041b40e-5b92-449e-aa66-a19f39177033
2023-12-26 17:43:31,411 [9041b40e-5b92-449e-aa66-a19f39177033-impl-thread2] INFO  impl.RoleInfo (RoleInfo.java:shutdownFollowerState(110)) - 9041b40e-5b92-449e-aa66-a19f39177033: shutdown 9041b40e-5b92-449e-aa66-a19f39177033@group-931AD61AFC41-FollowerState
2023-12-26 17:43:31,411 [9041b40e-5b92-449e-aa66-a19f39177033-impl-thread1] INFO  impl.StateMachineUpdater (StateMachineUpdater.java:stopAndJoin(157)) - 9041b40e-5b92-449e-aa66-a19f39177033@group-B5BA6889F208-StateMachineUpdater: set stopIndex = 0
2023-12-26 17:43:31,411 [9041b40e-5b92-449e-aa66-a19f39177033@group-931AD61AFC41-FollowerState] INFO  impl.FollowerState (FollowerState.java:run(152)) - 9041b40e-5b92-449e-aa66-a19f39177033@group-931AD61AFC41-FollowerState was interrupted
2023-12-26 17:43:31,411 [9041b40e-5b92-449e-aa66-a19f39177033@group-931AD61AFC41-StateMachineUpdater] INFO  ratis.ContainerStateMachine (ContainerStateMachine.java:takeSnapshot(355)) - group-931AD61AFC41: Taking a snapshot at:(t:1, i:0) file /home/runner/work/ozone/ozone/hadoop-ozone/integration-test/target/test-dir/MiniOzoneClusterImpl-a136b03b-8403-429e-9870-8bf85e606ef3/datanode-6/data/ratis/3eaeb45c-f3cd-4275-b4c0-931ad61afc41/sm/snapshot.1_0
2023-12-26 17:43:31,412 [9041b40e-5b92-449e-aa66-a19f39177033@group-931AD61AFC41-StateMachineUpdater] INFO  ratis.ContainerStateMachine (ContainerStateMachine.java:takeSnapshot(366)) - group-931AD61AFC41: Finished taking a snapshot at:(t:1, i:0) file:/home/runner/work/ozone/ozone/hadoop-ozone/integration-test/target/test-dir/MiniOzoneClusterImpl-a136b03b-8403-429e-9870-8bf85e606ef3/datanode-6/data/ratis/3eaeb45c-f3cd-4275-b4c0-931ad61afc41/sm/snapshot.1_0 took: 0 ms
2023-12-26 17:43:31,412 [9041b40e-5b92-449e-aa66-a19f39177033@group-931AD61AFC41-StateMachineUpdater] INFO  impl.StateMachineUpdater (StateMachineUpdater.java:takeSnapshot(295)) - 9041b40e-5b92-449e-aa66-a19f39177033@group-931AD61AFC41-StateMachineUpdater: Took a snapshot at index 0
2023-12-26 17:43:31,412 [9041b40e-5b92-449e-aa66-a19f39177033@group-931AD61AFC41-StateMachineUpdater] INFO  impl.StateMachineUpdater (StateMachineUpdater.java:lambda$new$0(98)) - 9041b40e-5b92-449e-aa66-a19f39177033@group-931AD61AFC41-StateMachineUpdater: snapshotIndex: updateIncreasingly -1 -> 0
2023-12-26 17:43:31,409 [5acb06d6-75fa-434d-a16a-f6192aa7de69-impl-thread1] INFO  server.RaftServer$Division (ServerState.java:close(423)) - 5acb06d6-75fa-434d-a16a-f6192aa7de69@group-76D87C0074AF: applyIndex: 0
2023-12-26 17:43:31,409 [2fdbd8fa-a625-4499-b498-beec3ca4d67d@group-B2B466C41EFE-StateMachineUpdater] INFO  impl.StateMachineUpdater (StateMachineUpdater.java:takeSnapshot(295)) - 2fdbd8fa-a625-4499-b498-beec3ca4d67d@group-B2B466C41EFE-StateMachineUpdater: Took a snapshot at index 0
2023-12-26 17:43:31,413 [2fdbd8fa-a625-4499-b498-beec3ca4d67d@group-B2B466C41EFE-StateMachineUpdater] INFO  impl.StateMachineUpdater (StateMachineUpdater.java:lambda$new$0(98)) - 2fdbd8fa-a625-4499-b498-beec3ca4d67d@group-B2B466C41EFE-StateMachineUpdater: snapshotIndex: updateIncreasingly -1 -> 0
2023-12-26 17:43:31,411 [9041b40e-5b92-449e-aa66-a19f39177033@group-B5BA6889F208-StateMachineUpdater] INFO  ratis.ContainerStateMachine (ContainerStateMachine.java:takeSnapshot(355)) - group-B5BA6889F208: Taking a snapshot at:(t:1, i:0) file /home/runner/work/ozone/ozone/hadoop-ozone/integration-test/target/test-dir/MiniOzoneClusterImpl-a136b03b-8403-429e-9870-8bf85e606ef3/datanode-6/data/ratis/5af49f39-54d4-4ac3-b074-b5ba6889f208/sm/snapshot.1_0
2023-12-26 17:43:31,413 [2fdbd8fa-a625-4499-b498-beec3ca4d67d-impl-thread1] INFO  server.RaftServer$Division (ServerState.java:close(423)) - 2fdbd8fa-a625-4499-b498-beec3ca4d67d@group-B2B466C41EFE: applyIndex: 0
2023-12-26 17:43:31,411 [9041b40e-5b92-449e-aa66-a19f39177033-impl-thread2] INFO  impl.StateMachineUpdater (StateMachineUpdater.java:stopAndJoin(157)) - 9041b40e-5b92-449e-aa66-a19f39177033@group-931AD61AFC41-StateMachineUpdater: set stopIndex = 0
2023-12-26 17:43:31,413 [9041b40e-5b92-449e-aa66-a19f39177033-impl-thread2] INFO  server.RaftServer$Division (ServerState.java:close(423)) - 9041b40e-5b92-449e-aa66-a19f39177033@group-931AD61AFC41: applyIndex: 0
2023-12-26 17:43:31,414 [9041b40e-5b92-449e-aa66-a19f39177033@group-B5BA6889F208-StateMachineUpdater] INFO  ratis.ContainerStateMachine (ContainerStateMachine.java:takeSnapshot(366)) - group-B5BA6889F208: Finished taking a snapshot at:(t:1, i:0) file:/home/runner/work/ozone/ozone/hadoop-ozone/integration-test/target/test-dir/MiniOzoneClusterImpl-a136b03b-8403-429e-9870-8bf85e606ef3/datanode-6/data/ratis/5af49f39-54d4-4ac3-b074-b5ba6889f208/sm/snapshot.1_0 took: 2 ms
2023-12-26 17:43:31,414 [9041b40e-5b92-449e-aa66-a19f39177033@group-B5BA6889F208-StateMachineUpdater] INFO  impl.StateMachineUpdater (StateMachineUpdater.java:takeSnapshot(295)) - 9041b40e-5b92-449e-aa66-a19f39177033@group-B5BA6889F208-StateMachineUpdater: Took a snapshot at index 0
2023-12-26 17:43:31,414 [9041b40e-5b92-449e-aa66-a19f39177033@group-B5BA6889F208-StateMachineUpdater] INFO  impl.StateMachineUpdater (StateMachineUpdater.java:lambda$new$0(98)) - 9041b40e-5b92-449e-aa66-a19f39177033@group-B5BA6889F208-StateMachineUpdater: snapshotIndex: updateIncreasingly -1 -> 0
2023-12-26 17:43:31,414 [9041b40e-5b92-449e-aa66-a19f39177033-impl-thread1] INFO  server.RaftServer$Division (ServerState.java:close(423)) - 9041b40e-5b92-449e-aa66-a19f39177033@group-B5BA6889F208: applyIndex: 0
2023-12-26 17:43:31,414 [9041b40e-5b92-449e-aa66-a19f39177033@group-B5BA6889F208-cacheEviction-AwaitToRun] INFO  util.AwaitToRun (AwaitToRun.java:run(49)) - 9041b40e-5b92-449e-aa66-a19f39177033@group-B5BA6889F208-cacheEviction-AwaitToRun-AwaitForSignal is interrupted
2023-12-26 17:43:31,413 [5acb06d6-75fa-434d-a16a-f6192aa7de69@group-76D87C0074AF-cacheEviction-AwaitToRun] INFO  util.AwaitToRun (AwaitToRun.java:run(49)) - 5acb06d6-75fa-434d-a16a-f6192aa7de69@group-76D87C0074AF-cacheEviction-AwaitToRun-AwaitForSignal is interrupted
2023-12-26 17:43:31,417 [5acb06d6-75fa-434d-a16a-f6192aa7de69@group-931AD61AFC41-cacheEviction-AwaitToRun] INFO  util.AwaitToRun (AwaitToRun.java:run(49)) - 5acb06d6-75fa-434d-a16a-f6192aa7de69@group-931AD61AFC41-cacheEviction-AwaitToRun-AwaitForSignal is interrupted
2023-12-26 17:43:31,421 [9041b40e-5b92-449e-aa66-a19f39177033@group-931AD61AFC41-cacheEviction-AwaitToRun] INFO  util.AwaitToRun (AwaitToRun.java:run(49)) - 9041b40e-5b92-449e-aa66-a19f39177033@group-931AD61AFC41-cacheEviction-AwaitToRun-AwaitForSignal is interrupted
2023-12-26 17:43:31,422 [2fdbd8fa-a625-4499-b498-beec3ca4d67d@group-B2B466C41EFE-cacheEviction-AwaitToRun] INFO  util.AwaitToRun (AwaitToRun.java:run(49)) - 2fdbd8fa-a625-4499-b498-beec3ca4d67d@group-B2B466C41EFE-cacheEviction-AwaitToRun-AwaitForSignal is interrupted
2023-12-26 17:43:31,423 [grpc-default-executor-5] INFO  server.GrpcLogAppender (GrpcLogAppender.java:onCompleted(469)) - 5acb06d6-75fa-434d-a16a-f6192aa7de69@group-931AD61AFC41->9041b40e-5b92-449e-aa66-a19f39177033-AppendLogResponseHandler: follower responses appendEntries COMPLETED
2023-12-26 17:43:31,423 [grpc-default-executor-5] WARN  server.GrpcLogAppender (GrpcLogAppender.java:resetClient(149)) - 5acb06d6-75fa-434d-a16a-f6192aa7de69@group-931AD61AFC41->9041b40e-5b92-449e-aa66-a19f39177033-GrpcLogAppender: Failed to getClient for 9041b40e-5b92-449e-aa66-a19f39177033
org.apache.ratis.protocol.exceptions.AlreadyClosedException: 5acb06d6-75fa-434d-a16a-f6192aa7de69 is already CLOSED
	at org.apache.ratis.util.PeerProxyMap$PeerAndProxy.getProxy(PeerProxyMap.java:61)
	at org.apache.ratis.util.PeerProxyMap.getProxy(PeerProxyMap.java:110)
	at org.apache.ratis.grpc.server.GrpcLogAppender.getClient(GrpcLogAppender.java:121)
	at org.apache.ratis.grpc.server.GrpcLogAppender.resetClient(GrpcLogAppender.java:126)
	at org.apache.ratis.grpc.server.GrpcLogAppender.access$800(GrpcLogAppender.java:61)
	at org.apache.ratis.grpc.server.GrpcLogAppender$AppendLogResponseHandler.onCompleted(GrpcLogAppender.java:471)
	at org.apache.ratis.thirdparty.io.grpc.stub.ClientCalls$StreamObserverToCallListenerAdapter.onClose(ClientCalls.java:479)
	at org.apache.ratis.thirdparty.io.grpc.internal.ClientCallImpl.closeObserver(ClientCallImpl.java:567)
	at org.apache.ratis.thirdparty.io.grpc.internal.ClientCallImpl.access$300(ClientCallImpl.java:71)
	at org.apache.ratis.thirdparty.io.grpc.internal.ClientCallImpl$ClientStreamListenerImpl$1StreamClosed.runInternal(ClientCallImpl.java:735)
	at org.apache.ratis.thirdparty.io.grpc.internal.ClientCallImpl$ClientStreamListenerImpl$1StreamClosed.runInContext(ClientCallImpl.java:716)
	at org.apache.ratis.thirdparty.io.grpc.internal.ContextRunnable.run(ContextRunnable.java:37)
	at org.apache.ratis.thirdparty.io.grpc.internal.SerializingExecutor.run(SerializingExecutor.java:133)
	at java.util.concurrent.ThreadPoolExecutor.runWorker(ThreadPoolExecutor.java:1149)
	at java.util.concurrent.ThreadPoolExecutor$Worker.run(ThreadPoolExecutor.java:624)
	at java.lang.Thread.run(Thread.java:750)
2023-12-26 17:43:31,426 [ForkJoinPool.commonPool-worker-6] INFO  server.GrpcService (GrpcService.java:closeImpl(320)) - 9041b40e-5b92-449e-aa66-a19f39177033: shutdown server org.apache.ratis.grpc.server.GrpcClientProtocolService successfully
2023-12-26 17:43:31,427 [ForkJoinPool.commonPool-worker-6] INFO  server.GrpcService (GrpcService.java:closeImpl(311)) - 9041b40e-5b92-449e-aa66-a19f39177033: shutdown server GrpcServerProtocolService now
2023-12-26 17:43:31,424 [ForkJoinPool.commonPool-worker-5] INFO  server.GrpcService (GrpcService.java:closeImpl(320)) - 2fdbd8fa-a625-4499-b498-beec3ca4d67d: shutdown server org.apache.ratis.grpc.server.GrpcClientProtocolService successfully
2023-12-26 17:43:31,427 [ForkJoinPool.commonPool-worker-5] INFO  server.GrpcService (GrpcService.java:closeImpl(311)) - 2fdbd8fa-a625-4499-b498-beec3ca4d67d: shutdown server GrpcServerProtocolService now
2023-12-26 17:43:31,423 [grpc-default-executor-0] WARN  server.GrpcClientProtocolService (LogUtils.java:warn(121)) - 0-OrderedRequestStreamObserver0: onError: org.apache.ratis.thirdparty.io.grpc.StatusRuntimeException: CANCELLED: client cancelled
2023-12-26 17:43:31,427 [ForkJoinPool.commonPool-worker-1] INFO  ozoneimpl.OzoneContainer (OzoneContainer.java:stop(463)) - Attempting to stop container services.
2023-12-26 17:43:31,427 [ForkJoinPool.commonPool-worker-1] INFO  server.RaftServer (RaftServerProxy.java:lambda$close$9(416)) - 2600465e-836b-4590-acf2-1a77fd870a2a: close
2023-12-26 17:43:31,428 [2600465e-836b-4590-acf2-1a77fd870a2a-impl-thread1] INFO  server.RaftServer$Division (RaftServerImpl.java:lambda$close$3(516)) - 2600465e-836b-4590-acf2-1a77fd870a2a@group-27F9F8B444EF: shutdown
2023-12-26 17:43:31,428 [2600465e-836b-4590-acf2-1a77fd870a2a-impl-thread1] INFO  util.JmxRegister (JmxRegister.java:unregister(73)) - Successfully un-registered JMX Bean with object name Ratis:service=RaftServer,group=group-27F9F8B444EF,id=2600465e-836b-4590-acf2-1a77fd870a2a
2023-12-26 17:43:31,428 [2600465e-836b-4590-acf2-1a77fd870a2a-impl-thread1] INFO  impl.RoleInfo (RoleInfo.java:shutdownFollowerState(110)) - 2600465e-836b-4590-acf2-1a77fd870a2a: shutdown 2600465e-836b-4590-acf2-1a77fd870a2a@group-27F9F8B444EF-FollowerState
2023-12-26 17:43:31,428 [2600465e-836b-4590-acf2-1a77fd870a2a-impl-thread1] INFO  impl.StateMachineUpdater (StateMachineUpdater.java:stopAndJoin(157)) - 2600465e-836b-4590-acf2-1a77fd870a2a@group-27F9F8B444EF-StateMachineUpdater: set stopIndex = 0
2023-12-26 17:43:31,428 [2600465e-836b-4590-acf2-1a77fd870a2a@group-27F9F8B444EF-StateMachineUpdater] INFO  ratis.ContainerStateMachine (ContainerStateMachine.java:takeSnapshot(355)) - group-27F9F8B444EF: Taking a snapshot at:(t:1, i:0) file /home/runner/work/ozone/ozone/hadoop-ozone/integration-test/target/test-dir/MiniOzoneClusterImpl-a136b03b-8403-429e-9870-8bf85e606ef3/datanode-0/data/ratis/dfe792a5-8fa0-47ef-a35a-27f9f8b444ef/sm/snapshot.1_0
2023-12-26 17:43:31,429 [2600465e-836b-4590-acf2-1a77fd870a2a@group-27F9F8B444EF-FollowerState] INFO  impl.FollowerState (FollowerState.java:run(152)) - 2600465e-836b-4590-acf2-1a77fd870a2a@group-27F9F8B444EF-FollowerState was interrupted
2023-12-26 17:43:31,429 [ForkJoinPool.commonPool-worker-5] INFO  server.GrpcService (GrpcService.java:closeImpl(320)) - 2fdbd8fa-a625-4499-b498-beec3ca4d67d: shutdown server GrpcServerProtocolService successfully
2023-12-26 17:43:31,429 [ForkJoinPool.commonPool-worker-5] INFO  server.GrpcService (GrpcService.java:closeImpl(311)) - 2fdbd8fa-a625-4499-b498-beec3ca4d67d: shutdown server org.apache.ratis.grpc.server.GrpcAdminProtocolService now
2023-12-26 17:43:31,429 [ForkJoinPool.commonPool-worker-1] INFO  server.GrpcService (GrpcService.java:closeImpl(311)) - 2600465e-836b-4590-acf2-1a77fd870a2a: shutdown server org.apache.ratis.grpc.server.GrpcClientProtocolService now
2023-12-26 17:43:31,434 [ForkJoinPool.commonPool-worker-0] INFO  ozoneimpl.OzoneContainer (OzoneContainer.java:stop(463)) - Attempting to stop container services.
2023-12-26 17:43:31,434 [2600465e-836b-4590-acf2-1a77fd870a2a@group-27F9F8B444EF-StateMachineUpdater] INFO  ratis.ContainerStateMachine (ContainerStateMachine.java:takeSnapshot(366)) - group-27F9F8B444EF: Finished taking a snapshot at:(t:1, i:0) file:/home/runner/work/ozone/ozone/hadoop-ozone/integration-test/target/test-dir/MiniOzoneClusterImpl-a136b03b-8403-429e-9870-8bf85e606ef3/datanode-0/data/ratis/dfe792a5-8fa0-47ef-a35a-27f9f8b444ef/sm/snapshot.1_0 took: 5 ms
2023-12-26 17:43:31,434 [2600465e-836b-4590-acf2-1a77fd870a2a-impl-thread2] INFO  server.RaftServer$Division (RaftServerImpl.java:lambda$close$3(516)) - 2600465e-836b-4590-acf2-1a77fd870a2a@group-A589D40A8198: shutdown
2023-12-26 17:43:31,433 [ForkJoinPool.commonPool-worker-7] INFO  server.GrpcService (GrpcService.java:closeImpl(320)) - 5acb06d6-75fa-434d-a16a-f6192aa7de69: shutdown server org.apache.ratis.grpc.server.GrpcClientProtocolService successfully
2023-12-26 17:43:31,434 [ForkJoinPool.commonPool-worker-7] INFO  server.GrpcService (GrpcService.java:closeImpl(311)) - 5acb06d6-75fa-434d-a16a-f6192aa7de69: shutdown server GrpcServerProtocolService now
2023-12-26 17:43:31,434 [2600465e-836b-4590-acf2-1a77fd870a2a@group-27F9F8B444EF-StateMachineUpdater] INFO  impl.StateMachineUpdater (StateMachineUpdater.java:takeSnapshot(295)) - 2600465e-836b-4590-acf2-1a77fd870a2a@group-27F9F8B444EF-StateMachineUpdater: Took a snapshot at index 0
2023-12-26 17:43:31,434 [2600465e-836b-4590-acf2-1a77fd870a2a@group-27F9F8B444EF-StateMachineUpdater] INFO  impl.StateMachineUpdater (StateMachineUpdater.java:lambda$new$0(98)) - 2600465e-836b-4590-acf2-1a77fd870a2a@group-27F9F8B444EF-StateMachineUpdater: snapshotIndex: updateIncreasingly -1 -> 0
2023-12-26 17:43:31,434 [2600465e-836b-4590-acf2-1a77fd870a2a-impl-thread1] INFO  server.RaftServer$Division (ServerState.java:close(423)) - 2600465e-836b-4590-acf2-1a77fd870a2a@group-27F9F8B444EF: applyIndex: 0
2023-12-26 17:43:31,434 [2600465e-836b-4590-acf2-1a77fd870a2a@group-27F9F8B444EF-cacheEviction-AwaitToRun] INFO  util.AwaitToRun (AwaitToRun.java:run(49)) - 2600465e-836b-4590-acf2-1a77fd870a2a@group-27F9F8B444EF-cacheEviction-AwaitToRun-AwaitForSignal is interrupted
2023-12-26 17:43:31,435 [Thread-2810] INFO  server.GrpcServerProtocolClient (GrpcServerProtocolClient.java:close(103)) - 330054a7-df09-49b5-8777-358ad940382e Close channels
2023-12-26 17:43:31,435 [ForkJoinPool.commonPool-worker-7] INFO  server.GrpcService (GrpcService.java:closeImpl(320)) - 5acb06d6-75fa-434d-a16a-f6192aa7de69: shutdown server GrpcServerProtocolService successfully
2023-12-26 17:43:31,437 [ForkJoinPool.commonPool-worker-7] INFO  server.GrpcService (GrpcService.java:closeImpl(311)) - 5acb06d6-75fa-434d-a16a-f6192aa7de69: shutdown server org.apache.ratis.grpc.server.GrpcAdminProtocolService now
2023-12-26 17:43:31,434 [2600465e-836b-4590-acf2-1a77fd870a2a-impl-thread2] INFO  util.JmxRegister (JmxRegister.java:unregister(73)) - Successfully un-registered JMX Bean with object name Ratis:service=RaftServer,group=group-A589D40A8198,id=2600465e-836b-4590-acf2-1a77fd870a2a
2023-12-26 17:43:31,437 [2600465e-836b-4590-acf2-1a77fd870a2a-impl-thread2] INFO  impl.RoleInfo (RoleInfo.java:shutdownLeaderState(94)) - 2600465e-836b-4590-acf2-1a77fd870a2a: shutdown 2600465e-836b-4590-acf2-1a77fd870a2a@group-A589D40A8198-LeaderStateImpl
2023-12-26 17:43:31,437 [2600465e-836b-4590-acf2-1a77fd870a2a-impl-thread2] INFO  impl.PendingRequests (PendingRequests.java:sendNotLeaderResponses(289)) - 2600465e-836b-4590-acf2-1a77fd870a2a@group-A589D40A8198-PendingRequests: sendNotLeaderResponses
2023-12-26 17:43:31,438 [ForkJoinPool.commonPool-worker-7] INFO  server.GrpcService (GrpcService.java:closeImpl(320)) - 5acb06d6-75fa-434d-a16a-f6192aa7de69: shutdown server org.apache.ratis.grpc.server.GrpcAdminProtocolService successfully
2023-12-26 17:43:31,438 [2600465e-836b-4590-acf2-1a77fd870a2a-impl-thread2] INFO  impl.StateMachineUpdater (StateMachineUpdater.java:stopAndJoin(157)) - 2600465e-836b-4590-acf2-1a77fd870a2a@group-A589D40A8198-StateMachineUpdater: set stopIndex = 0
2023-12-26 17:43:31,438 [5acb06d6-75fa-434d-a16a-f6192aa7de69-NettyServerStreamRpc-bossGroup--thread1] INFO  logging.LoggingHandler (AbstractInternalLogger.java:log(148)) - [id: 0x9cb9d555, L:/0.0.0.0:15265] CLOSE
2023-12-26 17:43:31,434 [ForkJoinPool.commonPool-worker-0] INFO  server.RaftServer (RaftServerProxy.java:lambda$close$9(416)) - 51fc6df9-7bd5-4293-8c99-7f2eac1f74df: close
2023-12-26 17:43:31,434 [ForkJoinPool.commonPool-worker-6] INFO  server.GrpcService (GrpcService.java:closeImpl(320)) - 9041b40e-5b92-449e-aa66-a19f39177033: shutdown server GrpcServerProtocolService successfully
2023-12-26 17:43:31,438 [ForkJoinPool.commonPool-worker-6] INFO  server.GrpcService (GrpcService.java:closeImpl(311)) - 9041b40e-5b92-449e-aa66-a19f39177033: shutdown server org.apache.ratis.grpc.server.GrpcAdminProtocolService now
2023-12-26 17:43:31,438 [5acb06d6-75fa-434d-a16a-f6192aa7de69-NettyServerStreamRpc-bossGroup--thread1] INFO  logging.LoggingHandler (AbstractInternalLogger.java:log(148)) - [id: 0x9cb9d555, L:/0.0.0.0:15265] INACTIVE
2023-12-26 17:43:31,438 [2600465e-836b-4590-acf2-1a77fd870a2a@group-A589D40A8198-StateMachineUpdater] INFO  ratis.ContainerStateMachine (ContainerStateMachine.java:takeSnapshot(355)) - group-A589D40A8198: Taking a snapshot at:(t:1, i:0) file /home/runner/work/ozone/ozone/hadoop-ozone/integration-test/target/test-dir/MiniOzoneClusterImpl-a136b03b-8403-429e-9870-8bf85e606ef3/datanode-0/data/ratis/1d312c80-c577-4afe-adf9-a589d40a8198/sm/snapshot.1_0
2023-12-26 17:43:31,437 [Thread-2811] INFO  server.GrpcServerProtocolClient (GrpcServerProtocolClient.java:close(103)) - 3e443a17-2359-4412-bc58-72a30bb0f716 Close channels
2023-12-26 17:43:31,437 [ForkJoinPool.commonPool-worker-5] INFO  server.GrpcService (GrpcService.java:closeImpl(320)) - 2fdbd8fa-a625-4499-b498-beec3ca4d67d: shutdown server org.apache.ratis.grpc.server.GrpcAdminProtocolService successfully
2023-12-26 17:43:31,439 [ForkJoinPool.commonPool-worker-1] INFO  server.GrpcService (GrpcService.java:closeImpl(320)) - 2600465e-836b-4590-acf2-1a77fd870a2a: shutdown server org.apache.ratis.grpc.server.GrpcClientProtocolService successfully
2023-12-26 17:43:31,439 [ForkJoinPool.commonPool-worker-1] INFO  server.GrpcService (GrpcService.java:closeImpl(311)) - 2600465e-836b-4590-acf2-1a77fd870a2a: shutdown server GrpcServerProtocolService now
2023-12-26 17:43:31,438 [5acb06d6-75fa-434d-a16a-f6192aa7de69-NettyServerStreamRpc-bossGroup--thread1] INFO  logging.LoggingHandler (AbstractInternalLogger.java:log(148)) - [id: 0x9cb9d555, L:/0.0.0.0:15265] UNREGISTERED
2023-12-26 17:43:31,439 [2fdbd8fa-a625-4499-b498-beec3ca4d67d-NettyServerStreamRpc-bossGroup--thread1] INFO  logging.LoggingHandler (AbstractInternalLogger.java:log(148)) - [id: 0x6251fd9c, L:/0.0.0.0:15220] CLOSE
2023-12-26 17:43:31,439 [2fdbd8fa-a625-4499-b498-beec3ca4d67d-NettyServerStreamRpc-bossGroup--thread1] INFO  logging.LoggingHandler (AbstractInternalLogger.java:log(148)) - [id: 0x6251fd9c, L:/0.0.0.0:15220] INACTIVE
2023-12-26 17:43:31,439 [2fdbd8fa-a625-4499-b498-beec3ca4d67d-NettyServerStreamRpc-bossGroup--thread1] INFO  logging.LoggingHandler (AbstractInternalLogger.java:log(148)) - [id: 0x6251fd9c, L:/0.0.0.0:15220] UNREGISTERED
2023-12-26 17:43:31,439 [2600465e-836b-4590-acf2-1a77fd870a2a@group-A589D40A8198-StateMachineUpdater] INFO  ratis.ContainerStateMachine (ContainerStateMachine.java:takeSnapshot(366)) - group-A589D40A8198: Finished taking a snapshot at:(t:1, i:0) file:/home/runner/work/ozone/ozone/hadoop-ozone/integration-test/target/test-dir/MiniOzoneClusterImpl-a136b03b-8403-429e-9870-8bf85e606ef3/datanode-0/data/ratis/1d312c80-c577-4afe-adf9-a589d40a8198/sm/snapshot.1_0 took: 2 ms
2023-12-26 17:43:31,439 [2600465e-836b-4590-acf2-1a77fd870a2a@group-A589D40A8198-StateMachineUpdater] INFO  impl.StateMachineUpdater (StateMachineUpdater.java:takeSnapshot(295)) - 2600465e-836b-4590-acf2-1a77fd870a2a@group-A589D40A8198-StateMachineUpdater: Took a snapshot at index 0
2023-12-26 17:43:31,439 [2600465e-836b-4590-acf2-1a77fd870a2a@group-A589D40A8198-StateMachineUpdater] INFO  impl.StateMachineUpdater (StateMachineUpdater.java:lambda$new$0(98)) - 2600465e-836b-4590-acf2-1a77fd870a2a@group-A589D40A8198-StateMachineUpdater: snapshotIndex: updateIncreasingly -1 -> 0
2023-12-26 17:43:31,439 [2600465e-836b-4590-acf2-1a77fd870a2a-impl-thread2] INFO  server.RaftServer$Division (ServerState.java:close(423)) - 2600465e-836b-4590-acf2-1a77fd870a2a@group-A589D40A8198: applyIndex: 0
2023-12-26 17:43:31,440 [51fc6df9-7bd5-4293-8c99-7f2eac1f74df-impl-thread1] INFO  server.RaftServer$Division (RaftServerImpl.java:lambda$close$3(516)) - 51fc6df9-7bd5-4293-8c99-7f2eac1f74df@group-19A7E44C1E13: shutdown
2023-12-26 17:43:31,440 [51fc6df9-7bd5-4293-8c99-7f2eac1f74df-impl-thread1] INFO  util.JmxRegister (JmxRegister.java:unregister(73)) - Successfully un-registered JMX Bean with object name Ratis:service=RaftServer,group=group-19A7E44C1E13,id=51fc6df9-7bd5-4293-8c99-7f2eac1f74df
2023-12-26 17:43:31,440 [51fc6df9-7bd5-4293-8c99-7f2eac1f74df-impl-thread1] INFO  impl.RoleInfo (RoleInfo.java:shutdownLeaderState(94)) - 51fc6df9-7bd5-4293-8c99-7f2eac1f74df: shutdown 51fc6df9-7bd5-4293-8c99-7f2eac1f74df@group-19A7E44C1E13-LeaderStateImpl
2023-12-26 17:43:31,440 [51fc6df9-7bd5-4293-8c99-7f2eac1f74df-impl-thread1] INFO  impl.PendingRequests (PendingRequests.java:sendNotLeaderResponses(289)) - 51fc6df9-7bd5-4293-8c99-7f2eac1f74df@group-19A7E44C1E13-PendingRequests: sendNotLeaderResponses
2023-12-26 17:43:31,440 [51fc6df9-7bd5-4293-8c99-7f2eac1f74df-impl-thread1] INFO  impl.StateMachineUpdater (StateMachineUpdater.java:stopAndJoin(157)) - 51fc6df9-7bd5-4293-8c99-7f2eac1f74df@group-19A7E44C1E13-StateMachineUpdater: set stopIndex = 0
2023-12-26 17:43:31,440 [51fc6df9-7bd5-4293-8c99-7f2eac1f74df@group-19A7E44C1E13-StateMachineUpdater] INFO  ratis.ContainerStateMachine (ContainerStateMachine.java:takeSnapshot(355)) - group-19A7E44C1E13: Taking a snapshot at:(t:1, i:0) file /home/runner/work/ozone/ozone/hadoop-ozone/integration-test/target/test-dir/MiniOzoneClusterImpl-a136b03b-8403-429e-9870-8bf85e606ef3/datanode-4/data/ratis/4a1cb667-0505-401a-a819-19a7e44c1e13/sm/snapshot.1_0
2023-12-26 17:43:31,441 [51fc6df9-7bd5-4293-8c99-7f2eac1f74df@group-19A7E44C1E13-StateMachineUpdater] INFO  ratis.ContainerStateMachine (ContainerStateMachine.java:takeSnapshot(366)) - group-19A7E44C1E13: Finished taking a snapshot at:(t:1, i:0) file:/home/runner/work/ozone/ozone/hadoop-ozone/integration-test/target/test-dir/MiniOzoneClusterImpl-a136b03b-8403-429e-9870-8bf85e606ef3/datanode-4/data/ratis/4a1cb667-0505-401a-a819-19a7e44c1e13/sm/snapshot.1_0 took: 1 ms
2023-12-26 17:43:31,441 [51fc6df9-7bd5-4293-8c99-7f2eac1f74df@group-19A7E44C1E13-StateMachineUpdater] INFO  impl.StateMachineUpdater (StateMachineUpdater.java:takeSnapshot(295)) - 51fc6df9-7bd5-4293-8c99-7f2eac1f74df@group-19A7E44C1E13-StateMachineUpdater: Took a snapshot at index 0
2023-12-26 17:43:31,441 [51fc6df9-7bd5-4293-8c99-7f2eac1f74df@group-19A7E44C1E13-StateMachineUpdater] INFO  impl.StateMachineUpdater (StateMachineUpdater.java:lambda$new$0(98)) - 51fc6df9-7bd5-4293-8c99-7f2eac1f74df@group-19A7E44C1E13-StateMachineUpdater: snapshotIndex: updateIncreasingly -1 -> 0
2023-12-26 17:43:31,441 [51fc6df9-7bd5-4293-8c99-7f2eac1f74df-impl-thread1] INFO  server.RaftServer$Division (ServerState.java:close(423)) - 51fc6df9-7bd5-4293-8c99-7f2eac1f74df@group-19A7E44C1E13: applyIndex: 0
2023-12-26 17:43:31,445 [2600465e-836b-4590-acf2-1a77fd870a2a@group-A589D40A8198-cacheEviction-AwaitToRun] INFO  util.AwaitToRun (AwaitToRun.java:run(49)) - 2600465e-836b-4590-acf2-1a77fd870a2a@group-A589D40A8198-cacheEviction-AwaitToRun-AwaitForSignal is interrupted
2023-12-26 17:43:31,446 [ForkJoinPool.commonPool-worker-6] INFO  server.GrpcService (GrpcService.java:closeImpl(320)) - 9041b40e-5b92-449e-aa66-a19f39177033: shutdown server org.apache.ratis.grpc.server.GrpcAdminProtocolService successfully
2023-12-26 17:43:31,449 [51fc6df9-7bd5-4293-8c99-7f2eac1f74df@group-19A7E44C1E13-cacheEviction-AwaitToRun] INFO  util.AwaitToRun (AwaitToRun.java:run(49)) - 51fc6df9-7bd5-4293-8c99-7f2eac1f74df@group-19A7E44C1E13-cacheEviction-AwaitToRun-AwaitForSignal is interrupted
2023-12-26 17:43:31,450 [ForkJoinPool.commonPool-worker-0] INFO  server.GrpcService (GrpcService.java:closeImpl(311)) - 51fc6df9-7bd5-4293-8c99-7f2eac1f74df: shutdown server org.apache.ratis.grpc.server.GrpcClientProtocolService now
2023-12-26 17:43:31,450 [51fc6df9-7bd5-4293-8c99-7f2eac1f74df-impl-thread2] INFO  server.RaftServer$Division (RaftServerImpl.java:lambda$close$3(516)) - 51fc6df9-7bd5-4293-8c99-7f2eac1f74df@group-B2B466C41EFE: shutdown
2023-12-26 17:43:31,450 [51fc6df9-7bd5-4293-8c99-7f2eac1f74df-impl-thread2] INFO  util.JmxRegister (JmxRegister.java:unregister(73)) - Successfully un-registered JMX Bean with object name Ratis:service=RaftServer,group=group-B2B466C41EFE,id=51fc6df9-7bd5-4293-8c99-7f2eac1f74df
2023-12-26 17:43:31,450 [51fc6df9-7bd5-4293-8c99-7f2eac1f74df-impl-thread2] INFO  impl.RoleInfo (RoleInfo.java:shutdownFollowerState(110)) - 51fc6df9-7bd5-4293-8c99-7f2eac1f74df: shutdown 51fc6df9-7bd5-4293-8c99-7f2eac1f74df@group-B2B466C41EFE-FollowerState
2023-12-26 17:43:31,453 [9041b40e-5b92-449e-aa66-a19f39177033-NettyServerStreamRpc-bossGroup--thread1] INFO  logging.LoggingHandler (AbstractInternalLogger.java:log(148)) - [id: 0x2b889291, L:/0.0.0.0:15247] CLOSE
2023-12-26 17:43:31,453 [51fc6df9-7bd5-4293-8c99-7f2eac1f74df-impl-thread2] INFO  impl.StateMachineUpdater (StateMachineUpdater.java:stopAndJoin(157)) - 51fc6df9-7bd5-4293-8c99-7f2eac1f74df@group-B2B466C41EFE-StateMachineUpdater: set stopIndex = 0
2023-12-26 17:43:31,453 [51fc6df9-7bd5-4293-8c99-7f2eac1f74df@group-B2B466C41EFE-StateMachineUpdater] INFO  ratis.ContainerStateMachine (ContainerStateMachine.java:takeSnapshot(355)) - group-B2B466C41EFE: Taking a snapshot at:(t:1, i:0) file /home/runner/work/ozone/ozone/hadoop-ozone/integration-test/target/test-dir/MiniOzoneClusterImpl-a136b03b-8403-429e-9870-8bf85e606ef3/datanode-4/data/ratis/b5e1434b-cd68-4add-b326-b2b466c41efe/sm/snapshot.1_0
2023-12-26 17:43:31,453 [ForkJoinPool.commonPool-worker-1] INFO  server.GrpcService (GrpcService.java:closeImpl(320)) - 2600465e-836b-4590-acf2-1a77fd870a2a: shutdown server GrpcServerProtocolService successfully
2023-12-26 17:43:31,453 [ForkJoinPool.commonPool-worker-1] INFO  server.GrpcService (GrpcService.java:closeImpl(311)) - 2600465e-836b-4590-acf2-1a77fd870a2a: shutdown server org.apache.ratis.grpc.server.GrpcAdminProtocolService now
2023-12-26 17:43:31,453 [51fc6df9-7bd5-4293-8c99-7f2eac1f74df@group-B2B466C41EFE-FollowerState] INFO  impl.FollowerState (FollowerState.java:run(152)) - 51fc6df9-7bd5-4293-8c99-7f2eac1f74df@group-B2B466C41EFE-FollowerState was interrupted
2023-12-26 17:43:31,453 [9041b40e-5b92-449e-aa66-a19f39177033-NettyServerStreamRpc-bossGroup--thread1] INFO  logging.LoggingHandler (AbstractInternalLogger.java:log(148)) - [id: 0x2b889291, L:/0.0.0.0:15247] INACTIVE
2023-12-26 17:43:31,454 [9041b40e-5b92-449e-aa66-a19f39177033-NettyServerStreamRpc-bossGroup--thread1] INFO  logging.LoggingHandler (AbstractInternalLogger.java:log(148)) - [id: 0x2b889291, L:/0.0.0.0:15247] UNREGISTERED
2023-12-26 17:43:31,454 [51fc6df9-7bd5-4293-8c99-7f2eac1f74df@group-B2B466C41EFE-StateMachineUpdater] INFO  ratis.ContainerStateMachine (ContainerStateMachine.java:takeSnapshot(366)) - group-B2B466C41EFE: Finished taking a snapshot at:(t:1, i:0) file:/home/runner/work/ozone/ozone/hadoop-ozone/integration-test/target/test-dir/MiniOzoneClusterImpl-a136b03b-8403-429e-9870-8bf85e606ef3/datanode-4/data/ratis/b5e1434b-cd68-4add-b326-b2b466c41efe/sm/snapshot.1_0 took: 1 ms
2023-12-26 17:43:31,454 [51fc6df9-7bd5-4293-8c99-7f2eac1f74df@group-B2B466C41EFE-StateMachineUpdater] INFO  impl.StateMachineUpdater (StateMachineUpdater.java:takeSnapshot(295)) - 51fc6df9-7bd5-4293-8c99-7f2eac1f74df@group-B2B466C41EFE-StateMachineUpdater: Took a snapshot at index 0
2023-12-26 17:43:31,454 [51fc6df9-7bd5-4293-8c99-7f2eac1f74df@group-B2B466C41EFE-StateMachineUpdater] INFO  impl.StateMachineUpdater (StateMachineUpdater.java:lambda$new$0(98)) - 51fc6df9-7bd5-4293-8c99-7f2eac1f74df@group-B2B466C41EFE-StateMachineUpdater: snapshotIndex: updateIncreasingly -1 -> 0
2023-12-26 17:43:31,454 [51fc6df9-7bd5-4293-8c99-7f2eac1f74df-impl-thread2] INFO  server.RaftServer$Division (ServerState.java:close(423)) - 51fc6df9-7bd5-4293-8c99-7f2eac1f74df@group-B2B466C41EFE: applyIndex: 0
2023-12-26 17:43:31,456 [ForkJoinPool.commonPool-worker-0] INFO  server.GrpcService (GrpcService.java:closeImpl(320)) - 51fc6df9-7bd5-4293-8c99-7f2eac1f74df: shutdown server org.apache.ratis.grpc.server.GrpcClientProtocolService successfully
2023-12-26 17:43:31,456 [ForkJoinPool.commonPool-worker-0] INFO  server.GrpcService (GrpcService.java:closeImpl(311)) - 51fc6df9-7bd5-4293-8c99-7f2eac1f74df: shutdown server GrpcServerProtocolService now
2023-12-26 17:43:31,456 [51fc6df9-7bd5-4293-8c99-7f2eac1f74df@group-B2B466C41EFE-cacheEviction-AwaitToRun] INFO  util.AwaitToRun (AwaitToRun.java:run(49)) - 51fc6df9-7bd5-4293-8c99-7f2eac1f74df@group-B2B466C41EFE-cacheEviction-AwaitToRun-AwaitForSignal is interrupted
2023-12-26 17:43:31,460 [ForkJoinPool.commonPool-worker-1] INFO  server.GrpcService (GrpcService.java:closeImpl(320)) - 2600465e-836b-4590-acf2-1a77fd870a2a: shutdown server org.apache.ratis.grpc.server.GrpcAdminProtocolService successfully
2023-12-26 17:43:31,460 [2600465e-836b-4590-acf2-1a77fd870a2a-NettyServerStreamRpc-bossGroup--thread1] INFO  logging.LoggingHandler (AbstractInternalLogger.java:log(148)) - [id: 0xee8b53ea, L:/0.0.0.0:15193] CLOSE
2023-12-26 17:43:31,460 [2600465e-836b-4590-acf2-1a77fd870a2a-NettyServerStreamRpc-bossGroup--thread1] INFO  logging.LoggingHandler (AbstractInternalLogger.java:log(148)) - [id: 0xee8b53ea, L:/0.0.0.0:15193] INACTIVE
2023-12-26 17:43:31,460 [2600465e-836b-4590-acf2-1a77fd870a2a-NettyServerStreamRpc-bossGroup--thread1] INFO  logging.LoggingHandler (AbstractInternalLogger.java:log(148)) - [id: 0xee8b53ea, L:/0.0.0.0:15193] UNREGISTERED
2023-12-26 17:43:31,461 [ForkJoinPool.commonPool-worker-0] INFO  server.GrpcService (GrpcService.java:closeImpl(320)) - 51fc6df9-7bd5-4293-8c99-7f2eac1f74df: shutdown server GrpcServerProtocolService successfully
2023-12-26 17:43:31,462 [ForkJoinPool.commonPool-worker-0] INFO  server.GrpcService (GrpcService.java:closeImpl(311)) - 51fc6df9-7bd5-4293-8c99-7f2eac1f74df: shutdown server org.apache.ratis.grpc.server.GrpcAdminProtocolService now
2023-12-26 17:43:31,462 [ForkJoinPool.commonPool-worker-0] INFO  server.GrpcService (GrpcService.java:closeImpl(320)) - 51fc6df9-7bd5-4293-8c99-7f2eac1f74df: shutdown server org.apache.ratis.grpc.server.GrpcAdminProtocolService successfully
2023-12-26 17:43:31,462 [51fc6df9-7bd5-4293-8c99-7f2eac1f74df-NettyServerStreamRpc-bossGroup--thread1] INFO  logging.LoggingHandler (AbstractInternalLogger.java:log(148)) - [id: 0x2ab026b3, L:/0.0.0.0:15229] CLOSE
2023-12-26 17:43:31,463 [51fc6df9-7bd5-4293-8c99-7f2eac1f74df-NettyServerStreamRpc-bossGroup--thread1] INFO  logging.LoggingHandler (AbstractInternalLogger.java:log(148)) - [id: 0x2ab026b3, L:/0.0.0.0:15229] INACTIVE
2023-12-26 17:43:31,463 [51fc6df9-7bd5-4293-8c99-7f2eac1f74df-NettyServerStreamRpc-bossGroup--thread1] INFO  logging.LoggingHandler (AbstractInternalLogger.java:log(148)) - [id: 0x2ab026b3, L:/0.0.0.0:15229] UNREGISTERED
2023-12-26 17:43:31,601 [3e443a17-2359-4412-bc58-72a30bb0f716-impl-thread2] INFO  segmented.SegmentedRaftLogWorker (SegmentedRaftLogWorker.java:close(243)) - 3e443a17-2359-4412-bc58-72a30bb0f716@group-27F9F8B444EF-SegmentedRaftLogWorker close()
2023-12-26 17:43:31,613 [2600465e-836b-4590-acf2-1a77fd870a2a-impl-thread1] INFO  segmented.SegmentedRaftLogWorker (SegmentedRaftLogWorker.java:close(243)) - 2600465e-836b-4590-acf2-1a77fd870a2a@group-27F9F8B444EF-SegmentedRaftLogWorker close()
2023-12-26 17:43:31,615 [330054a7-df09-49b5-8777-358ad940382e-impl-thread2] INFO  segmented.SegmentedRaftLogWorker (SegmentedRaftLogWorker.java:close(243)) - 330054a7-df09-49b5-8777-358ad940382e@group-27F9F8B444EF-SegmentedRaftLogWorker close()
2023-12-26 17:43:31,641 [2600465e-836b-4590-acf2-1a77fd870a2a-impl-thread2] INFO  segmented.SegmentedRaftLogWorker (SegmentedRaftLogWorker.java:close(243)) - 2600465e-836b-4590-acf2-1a77fd870a2a@group-A589D40A8198-SegmentedRaftLogWorker close()
2023-12-26 17:43:31,642 [JvmPauseMonitor24] INFO  util.JvmPauseMonitor (JvmPauseMonitor.java:run(152)) - JvmPauseMonitor-2600465e-836b-4590-acf2-1a77fd870a2a: Stopped
2023-12-26 17:43:31,662 [330054a7-df09-49b5-8777-358ad940382e-impl-thread1] INFO  segmented.SegmentedRaftLogWorker (SegmentedRaftLogWorker.java:close(243)) - 330054a7-df09-49b5-8777-358ad940382e@group-122B40878816-SegmentedRaftLogWorker close()
2023-12-26 17:43:31,663 [JvmPauseMonitor26] INFO  util.JvmPauseMonitor (JvmPauseMonitor.java:run(152)) - JvmPauseMonitor-330054a7-df09-49b5-8777-358ad940382e: Stopped
2023-12-26 17:43:31,682 [3e443a17-2359-4412-bc58-72a30bb0f716-impl-thread1] INFO  segmented.SegmentedRaftLogWorker (SegmentedRaftLogWorker.java:close(243)) - 3e443a17-2359-4412-bc58-72a30bb0f716@group-C46F39B56F4F-SegmentedRaftLogWorker close()
2023-12-26 17:43:31,683 [JvmPauseMonitor25] INFO  util.JvmPauseMonitor (JvmPauseMonitor.java:run(152)) - JvmPauseMonitor-3e443a17-2359-4412-bc58-72a30bb0f716: Stopped
2023-12-26 17:43:31,909 [2fdbd8fa-a625-4499-b498-beec3ca4d67d-impl-thread2] INFO  segmented.SegmentedRaftLogWorker (SegmentedRaftLogWorker.java:close(243)) - 2fdbd8fa-a625-4499-b498-beec3ca4d67d@group-643A632F8583-SegmentedRaftLogWorker close()
2023-12-26 17:43:31,932 [2fdbd8fa-a625-4499-b498-beec3ca4d67d-impl-thread1] INFO  segmented.SegmentedRaftLogWorker (SegmentedRaftLogWorker.java:close(243)) - 2fdbd8fa-a625-4499-b498-beec3ca4d67d@group-B2B466C41EFE-SegmentedRaftLogWorker close()
2023-12-26 17:43:31,934 [JvmPauseMonitor27] INFO  util.JvmPauseMonitor (JvmPauseMonitor.java:run(152)) - JvmPauseMonitor-2fdbd8fa-a625-4499-b498-beec3ca4d67d: Stopped
2023-12-26 17:43:31,956 [3cf20811-7a7f-4ec1-bb30-7adbebaa785f-impl-thread1] INFO  segmented.SegmentedRaftLogWorker (SegmentedRaftLogWorker.java:close(243)) - 3cf20811-7a7f-4ec1-bb30-7adbebaa785f@group-B2B466C41EFE-SegmentedRaftLogWorker close()
2023-12-26 17:43:31,957 [51fc6df9-7bd5-4293-8c99-7f2eac1f74df-impl-thread2] INFO  segmented.SegmentedRaftLogWorker (SegmentedRaftLogWorker.java:close(243)) - 51fc6df9-7bd5-4293-8c99-7f2eac1f74df@group-B2B466C41EFE-SegmentedRaftLogWorker close()
2023-12-26 17:43:31,995 [51fc6df9-7bd5-4293-8c99-7f2eac1f74df-impl-thread1] INFO  segmented.SegmentedRaftLogWorker (SegmentedRaftLogWorker.java:close(243)) - 51fc6df9-7bd5-4293-8c99-7f2eac1f74df@group-19A7E44C1E13-SegmentedRaftLogWorker close()
2023-12-26 17:43:31,996 [JvmPauseMonitor28] INFO  util.JvmPauseMonitor (JvmPauseMonitor.java:run(152)) - JvmPauseMonitor-51fc6df9-7bd5-4293-8c99-7f2eac1f74df: Stopped
2023-12-26 17:43:32,055 [3cf20811-7a7f-4ec1-bb30-7adbebaa785f-impl-thread2] INFO  segmented.SegmentedRaftLogWorker (SegmentedRaftLogWorker.java:close(243)) - 3cf20811-7a7f-4ec1-bb30-7adbebaa785f@group-52454695B4C4-SegmentedRaftLogWorker close()
2023-12-26 17:43:32,056 [JvmPauseMonitor29] INFO  util.JvmPauseMonitor (JvmPauseMonitor.java:run(152)) - JvmPauseMonitor-3cf20811-7a7f-4ec1-bb30-7adbebaa785f: Stopped
2023-12-26 17:43:32,244 [9041b40e-5b92-449e-aa66-a19f39177033-impl-thread1] INFO  segmented.SegmentedRaftLogWorker (SegmentedRaftLogWorker.java:close(243)) - 9041b40e-5b92-449e-aa66-a19f39177033@group-B5BA6889F208-SegmentedRaftLogWorker close()
2023-12-26 17:43:32,318 [5acb06d6-75fa-434d-a16a-f6192aa7de69-impl-thread2] INFO  segmented.SegmentedRaftLogWorker (SegmentedRaftLogWorker.java:close(243)) - 5acb06d6-75fa-434d-a16a-f6192aa7de69@group-931AD61AFC41-SegmentedRaftLogWorker close()
2023-12-26 17:43:32,335 [3d5bb137-3be5-4706-af5d-ee5f1bcd8429-impl-thread1] INFO  segmented.SegmentedRaftLogWorker (SegmentedRaftLogWorker.java:close(243)) - 3d5bb137-3be5-4706-af5d-ee5f1bcd8429@group-0A8A5E6E88AA-SegmentedRaftLogWorker close()
2023-12-26 17:43:32,339 [5acb06d6-75fa-434d-a16a-f6192aa7de69-impl-thread1] INFO  segmented.SegmentedRaftLogWorker (SegmentedRaftLogWorker.java:close(243)) - 5acb06d6-75fa-434d-a16a-f6192aa7de69@group-76D87C0074AF-SegmentedRaftLogWorker close()
2023-12-26 17:43:32,340 [JvmPauseMonitor32] INFO  util.JvmPauseMonitor (JvmPauseMonitor.java:run(152)) - JvmPauseMonitor-5acb06d6-75fa-434d-a16a-f6192aa7de69: Stopped
2023-12-26 17:43:32,357 [3d5bb137-3be5-4706-af5d-ee5f1bcd8429-impl-thread2] INFO  segmented.SegmentedRaftLogWorker (SegmentedRaftLogWorker.java:close(243)) - 3d5bb137-3be5-4706-af5d-ee5f1bcd8429@group-931AD61AFC41-SegmentedRaftLogWorker close()
2023-12-26 17:43:32,357 [JvmPauseMonitor31] INFO  util.JvmPauseMonitor (JvmPauseMonitor.java:run(152)) - JvmPauseMonitor-3d5bb137-3be5-4706-af5d-ee5f1bcd8429: Stopped
2023-12-26 17:43:32,359 [9041b40e-5b92-449e-aa66-a19f39177033-impl-thread2] INFO  segmented.SegmentedRaftLogWorker (SegmentedRaftLogWorker.java:close(243)) - 9041b40e-5b92-449e-aa66-a19f39177033@group-931AD61AFC41-SegmentedRaftLogWorker close()
2023-12-26 17:43:32,360 [JvmPauseMonitor30] INFO  util.JvmPauseMonitor (JvmPauseMonitor.java:run(152)) - JvmPauseMonitor-9041b40e-5b92-449e-aa66-a19f39177033: Stopped
2023-12-26 17:43:33,644 [ForkJoinPool.commonPool-worker-1] INFO  utils.DatanodeStoreCache (DatanodeStoreCache.java:shutdownCache(110)) - Skip clearing cache in mini cluster mode. Entries left: [/home/runner/work/ozone/ozone/hadoop-ozone/integration-test/target/test-dir/MiniOzoneClusterImpl-a136b03b-8403-429e-9870-8bf85e606ef3/datanode-0/data-0/containers/hdds/a136b03b-8403-429e-9870-8bf85e606ef3/DS-97dcd120-6615-4bf0-814c-cf257ac0a9f2/container.db, /home/runner/work/ozone/ozone/hadoop-ozone/integration-test/target/test-dir/MiniOzoneClusterImpl-a136b03b-8403-429e-9870-8bf85e606ef3/datanode-1/data-0/containers/hdds/a136b03b-8403-429e-9870-8bf85e606ef3/DS-3f367dc7-69e7-4a51-8917-b017950fc49e/container.db, /home/runner/work/ozone/ozone/hadoop-ozone/integration-test/target/test-dir/MiniOzoneClusterImpl-a136b03b-8403-429e-9870-8bf85e606ef3/datanode-2/data-0/containers/hdds/a136b03b-8403-429e-9870-8bf85e606ef3/DS-b01e1509-a2f9-4d19-928f-b41e04015864/container.db, /home/runner/work/ozone/ozone/hadoop-ozone/integration-test/target/test-dir/MiniOzoneClusterImpl-a136b03b-8403-429e-9870-8bf85e606ef3/datanode-3/data-0/containers/hdds/a136b03b-8403-429e-9870-8bf85e606ef3/DS-8bd63edd-f1f1-4ba0-8120-30187c86de2b/container.db, /home/runner/work/ozone/ozone/hadoop-ozone/integration-test/target/test-dir/MiniOzoneClusterImpl-a136b03b-8403-429e-9870-8bf85e606ef3/datanode-4/data-0/containers/hdds/a136b03b-8403-429e-9870-8bf85e606ef3/DS-57732ed5-a171-469a-96e1-82f5748bd2c4/container.db, /home/runner/work/ozone/ozone/hadoop-ozone/integration-test/target/test-dir/MiniOzoneClusterImpl-a136b03b-8403-429e-9870-8bf85e606ef3/datanode-5/data-0/containers/hdds/a136b03b-8403-429e-9870-8bf85e606ef3/DS-cb164970-f18c-4302-88e0-fae8fc5d82c5/container.db, /home/runner/work/ozone/ozone/hadoop-ozone/integration-test/target/test-dir/MiniOzoneClusterImpl-a136b03b-8403-429e-9870-8bf85e606ef3/datanode-6/data-0/containers/hdds/a136b03b-8403-429e-9870-8bf85e606ef3/DS-3269408c-7d20-4cfc-a85a-d535d8fe7067/container.db, /home/runner/work/ozone/ozone/hadoop-ozone/integration-test/target/test-dir/MiniOzoneClusterImpl-a136b03b-8403-429e-9870-8bf85e606ef3/datanode-7/data-0/containers/hdds/a136b03b-8403-429e-9870-8bf85e606ef3/DS-95489a6c-5b1e-4de9-9204-0097c49c7dff/container.db, /home/runner/work/ozone/ozone/hadoop-ozone/integration-test/target/test-dir/MiniOzoneClusterImpl-a136b03b-8403-429e-9870-8bf85e606ef3/datanode-8/data-0/containers/hdds/a136b03b-8403-429e-9870-8bf85e606ef3/DS-45c6c80d-5d91-427e-bcae-3f3224a08e99/container.db]
2023-12-26 17:43:33,648 [ForkJoinPool.commonPool-worker-1] INFO  utils.DatanodeStoreCache (DatanodeStoreCache.java:removeDB(104)) - Removed db /home/runner/work/ozone/ozone/hadoop-ozone/integration-test/target/test-dir/MiniOzoneClusterImpl-a136b03b-8403-429e-9870-8bf85e606ef3/datanode-0/data-0/containers/hdds/a136b03b-8403-429e-9870-8bf85e606ef3/DS-97dcd120-6615-4bf0-814c-cf257ac0a9f2/container.db from cache
2023-12-26 17:43:33,648 [ForkJoinPool.commonPool-worker-1] INFO  volume.HddsVolume (HddsVolume.java:closeDbStore(453)) - SchemaV3 db is stopped at /home/runner/work/ozone/ozone/hadoop-ozone/integration-test/target/test-dir/MiniOzoneClusterImpl-a136b03b-8403-429e-9870-8bf85e606ef3/datanode-0/data-0/containers/hdds/a136b03b-8403-429e-9870-8bf85e606ef3/DS-97dcd120-6615-4bf0-814c-cf257ac0a9f2/container.db for volume DS-97dcd120-6615-4bf0-814c-cf257ac0a9f2
2023-12-26 17:43:33,648 [ForkJoinPool.commonPool-worker-1] INFO  utils.BackgroundService (BackgroundService.java:shutdown(160)) - Shutting down service BlockDeletingService
2023-12-26 17:43:33,648 [ForkJoinPool.commonPool-worker-1] INFO  utils.BackgroundService (BackgroundService.java:shutdown(160)) - Shutting down service StaleRecoveringContainerScrubbingService
2023-12-26 17:43:33,651 [ForkJoinPool.commonPool-worker-1] INFO  statemachine.DatanodeStateMachine (DatanodeStateMachine.java:stopDaemon(638)) - Ozone container server stopped.
2023-12-26 17:43:33,652 [ForkJoinPool.commonPool-worker-1] INFO  handler.ContextHandler (ContextHandler.java:doStop(1159)) - Stopped o.e.j.w.WebAppContext@61ca6009{hddsDatanode,/,null,STOPPED}{jar:file:/home/runner/.m2/repository/org/apache/ozone/hdds-container-service/1.5.0-SNAPSHOT/hdds-container-service-1.5.0-SNAPSHOT.jar!/webapps/hddsDatanode}
2023-12-26 17:43:33,652 [ForkJoinPool.commonPool-worker-1] INFO  server.AbstractConnector (AbstractConnector.java:doStop(383)) - Stopped ServerConnector@56bb8198{HTTP/1.1, (http/1.1)}{0.0.0.0:15187}
2023-12-26 17:43:33,652 [ForkJoinPool.commonPool-worker-1] INFO  server.session (HouseKeeper.java:stopScavenging(149)) - node0 Stopped scavenging
2023-12-26 17:43:33,653 [ForkJoinPool.commonPool-worker-1] INFO  handler.ContextHandler (ContextHandler.java:doStop(1159)) - Stopped o.e.j.s.ServletContextHandler@2942b9be{static,/static,jar:file:/home/runner/.m2/repository/org/apache/ozone/hdds-container-service/1.5.0-SNAPSHOT/hdds-container-service-1.5.0-SNAPSHOT.jar!/webapps/static,STOPPED}
2023-12-26 17:43:33,653 [ForkJoinPool.commonPool-worker-1] INFO  handler.ContextHandler (ContextHandler.java:doStop(1159)) - Stopped o.e.j.s.ServletContextHandler@a53f2ae{logs,/logs,file:///home/runner/work/ozone/ozone/hadoop-ozone/integration-test/target/log,STOPPED}
2023-12-26 17:43:33,654 [ForkJoinPool.commonPool-worker-1] INFO  ozone.HddsDatanodeClientProtocolServer (HddsDatanodeClientProtocolServer.java:stop(78)) - Stopping the RPC server for Client Protocol
2023-12-26 17:43:33,654 [ForkJoinPool.commonPool-worker-1] INFO  ipc.Server (Server.java:stop(3523)) - Stopping server on 15188
2023-12-26 17:43:33,655 [IPC Server listener on 15188] INFO  ipc.Server (Server.java:run(1434)) - Stopping IPC Server listener on 15188
2023-12-26 17:43:33,655 [IPC Server Responder] INFO  ipc.Server (Server.java:run(1567)) - Stopping IPC Server Responder
2023-12-26 17:43:33,665 [ForkJoinPool.commonPool-worker-2] INFO  utils.DatanodeStoreCache (DatanodeStoreCache.java:shutdownCache(110)) - Skip clearing cache in mini cluster mode. Entries left: [/home/runner/work/ozone/ozone/hadoop-ozone/integration-test/target/test-dir/MiniOzoneClusterImpl-a136b03b-8403-429e-9870-8bf85e606ef3/datanode-1/data-0/containers/hdds/a136b03b-8403-429e-9870-8bf85e606ef3/DS-3f367dc7-69e7-4a51-8917-b017950fc49e/container.db, /home/runner/work/ozone/ozone/hadoop-ozone/integration-test/target/test-dir/MiniOzoneClusterImpl-a136b03b-8403-429e-9870-8bf85e606ef3/datanode-2/data-0/containers/hdds/a136b03b-8403-429e-9870-8bf85e606ef3/DS-b01e1509-a2f9-4d19-928f-b41e04015864/container.db, /home/runner/work/ozone/ozone/hadoop-ozone/integration-test/target/test-dir/MiniOzoneClusterImpl-a136b03b-8403-429e-9870-8bf85e606ef3/datanode-3/data-0/containers/hdds/a136b03b-8403-429e-9870-8bf85e606ef3/DS-8bd63edd-f1f1-4ba0-8120-30187c86de2b/container.db, /home/runner/work/ozone/ozone/hadoop-ozone/integration-test/target/test-dir/MiniOzoneClusterImpl-a136b03b-8403-429e-9870-8bf85e606ef3/datanode-4/data-0/containers/hdds/a136b03b-8403-429e-9870-8bf85e606ef3/DS-57732ed5-a171-469a-96e1-82f5748bd2c4/container.db, /home/runner/work/ozone/ozone/hadoop-ozone/integration-test/target/test-dir/MiniOzoneClusterImpl-a136b03b-8403-429e-9870-8bf85e606ef3/datanode-5/data-0/containers/hdds/a136b03b-8403-429e-9870-8bf85e606ef3/DS-cb164970-f18c-4302-88e0-fae8fc5d82c5/container.db, /home/runner/work/ozone/ozone/hadoop-ozone/integration-test/target/test-dir/MiniOzoneClusterImpl-a136b03b-8403-429e-9870-8bf85e606ef3/datanode-6/data-0/containers/hdds/a136b03b-8403-429e-9870-8bf85e606ef3/DS-3269408c-7d20-4cfc-a85a-d535d8fe7067/container.db, /home/runner/work/ozone/ozone/hadoop-ozone/integration-test/target/test-dir/MiniOzoneClusterImpl-a136b03b-8403-429e-9870-8bf85e606ef3/datanode-7/data-0/containers/hdds/a136b03b-8403-429e-9870-8bf85e606ef3/DS-95489a6c-5b1e-4de9-9204-0097c49c7dff/container.db, /home/runner/work/ozone/ozone/hadoop-ozone/integration-test/target/test-dir/MiniOzoneClusterImpl-a136b03b-8403-429e-9870-8bf85e606ef3/datanode-8/data-0/containers/hdds/a136b03b-8403-429e-9870-8bf85e606ef3/DS-45c6c80d-5d91-427e-bcae-3f3224a08e99/container.db]
2023-12-26 17:43:33,666 [ForkJoinPool.commonPool-worker-2] INFO  utils.DatanodeStoreCache (DatanodeStoreCache.java:removeDB(104)) - Removed db /home/runner/work/ozone/ozone/hadoop-ozone/integration-test/target/test-dir/MiniOzoneClusterImpl-a136b03b-8403-429e-9870-8bf85e606ef3/datanode-2/data-0/containers/hdds/a136b03b-8403-429e-9870-8bf85e606ef3/DS-b01e1509-a2f9-4d19-928f-b41e04015864/container.db from cache
2023-12-26 17:43:33,666 [ForkJoinPool.commonPool-worker-2] INFO  volume.HddsVolume (HddsVolume.java:closeDbStore(453)) - SchemaV3 db is stopped at /home/runner/work/ozone/ozone/hadoop-ozone/integration-test/target/test-dir/MiniOzoneClusterImpl-a136b03b-8403-429e-9870-8bf85e606ef3/datanode-2/data-0/containers/hdds/a136b03b-8403-429e-9870-8bf85e606ef3/DS-b01e1509-a2f9-4d19-928f-b41e04015864/container.db for volume DS-b01e1509-a2f9-4d19-928f-b41e04015864
2023-12-26 17:43:33,667 [ForkJoinPool.commonPool-worker-2] INFO  utils.BackgroundService (BackgroundService.java:shutdown(160)) - Shutting down service BlockDeletingService
2023-12-26 17:43:33,667 [ForkJoinPool.commonPool-worker-2] INFO  utils.BackgroundService (BackgroundService.java:shutdown(160)) - Shutting down service StaleRecoveringContainerScrubbingService
2023-12-26 17:43:33,668 [ForkJoinPool.commonPool-worker-2] INFO  statemachine.DatanodeStateMachine (DatanodeStateMachine.java:stopDaemon(638)) - Ozone container server stopped.
2023-12-26 17:43:33,669 [ForkJoinPool.commonPool-worker-2] INFO  handler.ContextHandler (ContextHandler.java:doStop(1159)) - Stopped o.e.j.w.WebAppContext@4e32cdc6{hddsDatanode,/,null,STOPPED}{jar:file:/home/runner/.m2/repository/org/apache/ozone/hdds-container-service/1.5.0-SNAPSHOT/hdds-container-service-1.5.0-SNAPSHOT.jar!/webapps/hddsDatanode}
2023-12-26 17:43:33,669 [ForkJoinPool.commonPool-worker-2] INFO  server.AbstractConnector (AbstractConnector.java:doStop(383)) - Stopped ServerConnector@2341f795{HTTP/1.1, (http/1.1)}{0.0.0.0:15205}
2023-12-26 17:43:33,669 [ForkJoinPool.commonPool-worker-2] INFO  server.session (HouseKeeper.java:stopScavenging(149)) - node0 Stopped scavenging
2023-12-26 17:43:33,670 [ForkJoinPool.commonPool-worker-2] INFO  handler.ContextHandler (ContextHandler.java:doStop(1159)) - Stopped o.e.j.s.ServletContextHandler@3af4d49d{static,/static,jar:file:/home/runner/.m2/repository/org/apache/ozone/hdds-container-service/1.5.0-SNAPSHOT/hdds-container-service-1.5.0-SNAPSHOT.jar!/webapps/static,STOPPED}
2023-12-26 17:43:33,671 [ForkJoinPool.commonPool-worker-2] INFO  handler.ContextHandler (ContextHandler.java:doStop(1159)) - Stopped o.e.j.s.ServletContextHandler@7c7d57c{logs,/logs,file:///home/runner/work/ozone/ozone/hadoop-ozone/integration-test/target/log,STOPPED}
2023-12-26 17:43:33,671 [ForkJoinPool.commonPool-worker-2] INFO  ozone.HddsDatanodeClientProtocolServer (HddsDatanodeClientProtocolServer.java:stop(78)) - Stopping the RPC server for Client Protocol
2023-12-26 17:43:33,671 [ForkJoinPool.commonPool-worker-2] INFO  ipc.Server (Server.java:stop(3523)) - Stopping server on 15206
2023-12-26 17:43:33,672 [IPC Server Responder] INFO  ipc.Server (Server.java:run(1567)) - Stopping IPC Server Responder
2023-12-26 17:43:33,672 [IPC Server listener on 15206] INFO  ipc.Server (Server.java:run(1434)) - Stopping IPC Server listener on 15206
2023-12-26 17:43:33,685 [ForkJoinPool.commonPool-worker-4] INFO  utils.DatanodeStoreCache (DatanodeStoreCache.java:shutdownCache(110)) - Skip clearing cache in mini cluster mode. Entries left: [/home/runner/work/ozone/ozone/hadoop-ozone/integration-test/target/test-dir/MiniOzoneClusterImpl-a136b03b-8403-429e-9870-8bf85e606ef3/datanode-1/data-0/containers/hdds/a136b03b-8403-429e-9870-8bf85e606ef3/DS-3f367dc7-69e7-4a51-8917-b017950fc49e/container.db, /home/runner/work/ozone/ozone/hadoop-ozone/integration-test/target/test-dir/MiniOzoneClusterImpl-a136b03b-8403-429e-9870-8bf85e606ef3/datanode-3/data-0/containers/hdds/a136b03b-8403-429e-9870-8bf85e606ef3/DS-8bd63edd-f1f1-4ba0-8120-30187c86de2b/container.db, /home/runner/work/ozone/ozone/hadoop-ozone/integration-test/target/test-dir/MiniOzoneClusterImpl-a136b03b-8403-429e-9870-8bf85e606ef3/datanode-4/data-0/containers/hdds/a136b03b-8403-429e-9870-8bf85e606ef3/DS-57732ed5-a171-469a-96e1-82f5748bd2c4/container.db, /home/runner/work/ozone/ozone/hadoop-ozone/integration-test/target/test-dir/MiniOzoneClusterImpl-a136b03b-8403-429e-9870-8bf85e606ef3/datanode-5/data-0/containers/hdds/a136b03b-8403-429e-9870-8bf85e606ef3/DS-cb164970-f18c-4302-88e0-fae8fc5d82c5/container.db, /home/runner/work/ozone/ozone/hadoop-ozone/integration-test/target/test-dir/MiniOzoneClusterImpl-a136b03b-8403-429e-9870-8bf85e606ef3/datanode-6/data-0/containers/hdds/a136b03b-8403-429e-9870-8bf85e606ef3/DS-3269408c-7d20-4cfc-a85a-d535d8fe7067/container.db, /home/runner/work/ozone/ozone/hadoop-ozone/integration-test/target/test-dir/MiniOzoneClusterImpl-a136b03b-8403-429e-9870-8bf85e606ef3/datanode-7/data-0/containers/hdds/a136b03b-8403-429e-9870-8bf85e606ef3/DS-95489a6c-5b1e-4de9-9204-0097c49c7dff/container.db, /home/runner/work/ozone/ozone/hadoop-ozone/integration-test/target/test-dir/MiniOzoneClusterImpl-a136b03b-8403-429e-9870-8bf85e606ef3/datanode-8/data-0/containers/hdds/a136b03b-8403-429e-9870-8bf85e606ef3/DS-45c6c80d-5d91-427e-bcae-3f3224a08e99/container.db]
2023-12-26 17:43:33,686 [ForkJoinPool.commonPool-worker-4] INFO  utils.DatanodeStoreCache (DatanodeStoreCache.java:removeDB(104)) - Removed db /home/runner/work/ozone/ozone/hadoop-ozone/integration-test/target/test-dir/MiniOzoneClusterImpl-a136b03b-8403-429e-9870-8bf85e606ef3/datanode-1/data-0/containers/hdds/a136b03b-8403-429e-9870-8bf85e606ef3/DS-3f367dc7-69e7-4a51-8917-b017950fc49e/container.db from cache
2023-12-26 17:43:33,686 [ForkJoinPool.commonPool-worker-4] INFO  volume.HddsVolume (HddsVolume.java:closeDbStore(453)) - SchemaV3 db is stopped at /home/runner/work/ozone/ozone/hadoop-ozone/integration-test/target/test-dir/MiniOzoneClusterImpl-a136b03b-8403-429e-9870-8bf85e606ef3/datanode-1/data-0/containers/hdds/a136b03b-8403-429e-9870-8bf85e606ef3/DS-3f367dc7-69e7-4a51-8917-b017950fc49e/container.db for volume DS-3f367dc7-69e7-4a51-8917-b017950fc49e
2023-12-26 17:43:33,686 [ForkJoinPool.commonPool-worker-4] INFO  utils.BackgroundService (BackgroundService.java:shutdown(160)) - Shutting down service BlockDeletingService
2023-12-26 17:43:33,687 [ForkJoinPool.commonPool-worker-4] INFO  utils.BackgroundService (BackgroundService.java:shutdown(160)) - Shutting down service StaleRecoveringContainerScrubbingService
2023-12-26 17:43:33,687 [ForkJoinPool.commonPool-worker-4] INFO  statemachine.DatanodeStateMachine (DatanodeStateMachine.java:stopDaemon(638)) - Ozone container server stopped.
2023-12-26 17:43:33,688 [ForkJoinPool.commonPool-worker-4] INFO  handler.ContextHandler (ContextHandler.java:doStop(1159)) - Stopped o.e.j.w.WebAppContext@4125db4a{hddsDatanode,/,null,STOPPED}{jar:file:/home/runner/.m2/repository/org/apache/ozone/hdds-container-service/1.5.0-SNAPSHOT/hdds-container-service-1.5.0-SNAPSHOT.jar!/webapps/hddsDatanode}
2023-12-26 17:43:33,689 [ForkJoinPool.commonPool-worker-4] INFO  server.AbstractConnector (AbstractConnector.java:doStop(383)) - Stopped ServerConnector@1a6130bd{HTTP/1.1, (http/1.1)}{0.0.0.0:15196}
2023-12-26 17:43:33,689 [ForkJoinPool.commonPool-worker-4] INFO  server.session (HouseKeeper.java:stopScavenging(149)) - node0 Stopped scavenging
2023-12-26 17:43:33,689 [ForkJoinPool.commonPool-worker-4] INFO  handler.ContextHandler (ContextHandler.java:doStop(1159)) - Stopped o.e.j.s.ServletContextHandler@5e2b6fd0{static,/static,jar:file:/home/runner/.m2/repository/org/apache/ozone/hdds-container-service/1.5.0-SNAPSHOT/hdds-container-service-1.5.0-SNAPSHOT.jar!/webapps/static,STOPPED}
2023-12-26 17:43:33,690 [ForkJoinPool.commonPool-worker-4] INFO  handler.ContextHandler (ContextHandler.java:doStop(1159)) - Stopped o.e.j.s.ServletContextHandler@2ce98152{logs,/logs,file:///home/runner/work/ozone/ozone/hadoop-ozone/integration-test/target/log,STOPPED}
2023-12-26 17:43:33,690 [ForkJoinPool.commonPool-worker-4] INFO  ozone.HddsDatanodeClientProtocolServer (HddsDatanodeClientProtocolServer.java:stop(78)) - Stopping the RPC server for Client Protocol
2023-12-26 17:43:33,691 [ForkJoinPool.commonPool-worker-4] INFO  ipc.Server (Server.java:stop(3523)) - Stopping server on 15197
2023-12-26 17:43:33,691 [IPC Server listener on 15197] INFO  ipc.Server (Server.java:run(1434)) - Stopping IPC Server listener on 15197
2023-12-26 17:43:33,691 [IPC Server Responder] INFO  ipc.Server (Server.java:run(1567)) - Stopping IPC Server Responder
2023-12-26 17:43:33,936 [ForkJoinPool.commonPool-worker-5] INFO  utils.DatanodeStoreCache (DatanodeStoreCache.java:shutdownCache(110)) - Skip clearing cache in mini cluster mode. Entries left: [/home/runner/work/ozone/ozone/hadoop-ozone/integration-test/target/test-dir/MiniOzoneClusterImpl-a136b03b-8403-429e-9870-8bf85e606ef3/datanode-3/data-0/containers/hdds/a136b03b-8403-429e-9870-8bf85e606ef3/DS-8bd63edd-f1f1-4ba0-8120-30187c86de2b/container.db, /home/runner/work/ozone/ozone/hadoop-ozone/integration-test/target/test-dir/MiniOzoneClusterImpl-a136b03b-8403-429e-9870-8bf85e606ef3/datanode-4/data-0/containers/hdds/a136b03b-8403-429e-9870-8bf85e606ef3/DS-57732ed5-a171-469a-96e1-82f5748bd2c4/container.db, /home/runner/work/ozone/ozone/hadoop-ozone/integration-test/target/test-dir/MiniOzoneClusterImpl-a136b03b-8403-429e-9870-8bf85e606ef3/datanode-5/data-0/containers/hdds/a136b03b-8403-429e-9870-8bf85e606ef3/DS-cb164970-f18c-4302-88e0-fae8fc5d82c5/container.db, /home/runner/work/ozone/ozone/hadoop-ozone/integration-test/target/test-dir/MiniOzoneClusterImpl-a136b03b-8403-429e-9870-8bf85e606ef3/datanode-6/data-0/containers/hdds/a136b03b-8403-429e-9870-8bf85e606ef3/DS-3269408c-7d20-4cfc-a85a-d535d8fe7067/container.db, /home/runner/work/ozone/ozone/hadoop-ozone/integration-test/target/test-dir/MiniOzoneClusterImpl-a136b03b-8403-429e-9870-8bf85e606ef3/datanode-7/data-0/containers/hdds/a136b03b-8403-429e-9870-8bf85e606ef3/DS-95489a6c-5b1e-4de9-9204-0097c49c7dff/container.db, /home/runner/work/ozone/ozone/hadoop-ozone/integration-test/target/test-dir/MiniOzoneClusterImpl-a136b03b-8403-429e-9870-8bf85e606ef3/datanode-8/data-0/containers/hdds/a136b03b-8403-429e-9870-8bf85e606ef3/DS-45c6c80d-5d91-427e-bcae-3f3224a08e99/container.db]
2023-12-26 17:43:33,938 [ForkJoinPool.commonPool-worker-5] INFO  utils.DatanodeStoreCache (DatanodeStoreCache.java:removeDB(104)) - Removed db /home/runner/work/ozone/ozone/hadoop-ozone/integration-test/target/test-dir/MiniOzoneClusterImpl-a136b03b-8403-429e-9870-8bf85e606ef3/datanode-3/data-0/containers/hdds/a136b03b-8403-429e-9870-8bf85e606ef3/DS-8bd63edd-f1f1-4ba0-8120-30187c86de2b/container.db from cache
2023-12-26 17:43:33,938 [ForkJoinPool.commonPool-worker-5] INFO  volume.HddsVolume (HddsVolume.java:closeDbStore(453)) - SchemaV3 db is stopped at /home/runner/work/ozone/ozone/hadoop-ozone/integration-test/target/test-dir/MiniOzoneClusterImpl-a136b03b-8403-429e-9870-8bf85e606ef3/datanode-3/data-0/containers/hdds/a136b03b-8403-429e-9870-8bf85e606ef3/DS-8bd63edd-f1f1-4ba0-8120-30187c86de2b/container.db for volume DS-8bd63edd-f1f1-4ba0-8120-30187c86de2b
2023-12-26 17:43:33,938 [ForkJoinPool.commonPool-worker-5] INFO  utils.BackgroundService (BackgroundService.java:shutdown(160)) - Shutting down service BlockDeletingService
2023-12-26 17:43:33,938 [ForkJoinPool.commonPool-worker-5] INFO  utils.BackgroundService (BackgroundService.java:shutdown(160)) - Shutting down service StaleRecoveringContainerScrubbingService
2023-12-26 17:43:33,939 [ForkJoinPool.commonPool-worker-5] INFO  statemachine.DatanodeStateMachine (DatanodeStateMachine.java:stopDaemon(638)) - Ozone container server stopped.
2023-12-26 17:43:33,941 [ForkJoinPool.commonPool-worker-5] INFO  handler.ContextHandler (ContextHandler.java:doStop(1159)) - Stopped o.e.j.w.WebAppContext@721852c{hddsDatanode,/,null,STOPPED}{jar:file:/home/runner/.m2/repository/org/apache/ozone/hdds-container-service/1.5.0-SNAPSHOT/hdds-container-service-1.5.0-SNAPSHOT.jar!/webapps/hddsDatanode}
2023-12-26 17:43:33,941 [ForkJoinPool.commonPool-worker-5] INFO  server.AbstractConnector (AbstractConnector.java:doStop(383)) - Stopped ServerConnector@14ea123e{HTTP/1.1, (http/1.1)}{0.0.0.0:15214}
2023-12-26 17:43:33,941 [ForkJoinPool.commonPool-worker-5] INFO  server.session (HouseKeeper.java:stopScavenging(149)) - node0 Stopped scavenging
2023-12-26 17:43:33,942 [ForkJoinPool.commonPool-worker-5] INFO  handler.ContextHandler (ContextHandler.java:doStop(1159)) - Stopped o.e.j.s.ServletContextHandler@5a1428e1{static,/static,jar:file:/home/runner/.m2/repository/org/apache/ozone/hdds-container-service/1.5.0-SNAPSHOT/hdds-container-service-1.5.0-SNAPSHOT.jar!/webapps/static,STOPPED}
2023-12-26 17:43:33,942 [ForkJoinPool.commonPool-worker-5] INFO  handler.ContextHandler (ContextHandler.java:doStop(1159)) - Stopped o.e.j.s.ServletContextHandler@52206882{logs,/logs,file:///home/runner/work/ozone/ozone/hadoop-ozone/integration-test/target/log,STOPPED}
2023-12-26 17:43:33,943 [ForkJoinPool.commonPool-worker-5] INFO  ozone.HddsDatanodeClientProtocolServer (HddsDatanodeClientProtocolServer.java:stop(78)) - Stopping the RPC server for Client Protocol
2023-12-26 17:43:33,945 [ForkJoinPool.commonPool-worker-5] INFO  ipc.Server (Server.java:stop(3523)) - Stopping server on 15215
2023-12-26 17:43:33,946 [IPC Server listener on 15215] INFO  ipc.Server (Server.java:run(1434)) - Stopping IPC Server listener on 15215
2023-12-26 17:43:33,946 [IPC Server Responder] INFO  ipc.Server (Server.java:run(1567)) - Stopping IPC Server Responder
2023-12-26 17:43:33,997 [ForkJoinPool.commonPool-worker-0] INFO  utils.DatanodeStoreCache (DatanodeStoreCache.java:shutdownCache(110)) - Skip clearing cache in mini cluster mode. Entries left: [/home/runner/work/ozone/ozone/hadoop-ozone/integration-test/target/test-dir/MiniOzoneClusterImpl-a136b03b-8403-429e-9870-8bf85e606ef3/datanode-4/data-0/containers/hdds/a136b03b-8403-429e-9870-8bf85e606ef3/DS-57732ed5-a171-469a-96e1-82f5748bd2c4/container.db, /home/runner/work/ozone/ozone/hadoop-ozone/integration-test/target/test-dir/MiniOzoneClusterImpl-a136b03b-8403-429e-9870-8bf85e606ef3/datanode-5/data-0/containers/hdds/a136b03b-8403-429e-9870-8bf85e606ef3/DS-cb164970-f18c-4302-88e0-fae8fc5d82c5/container.db, /home/runner/work/ozone/ozone/hadoop-ozone/integration-test/target/test-dir/MiniOzoneClusterImpl-a136b03b-8403-429e-9870-8bf85e606ef3/datanode-6/data-0/containers/hdds/a136b03b-8403-429e-9870-8bf85e606ef3/DS-3269408c-7d20-4cfc-a85a-d535d8fe7067/container.db, /home/runner/work/ozone/ozone/hadoop-ozone/integration-test/target/test-dir/MiniOzoneClusterImpl-a136b03b-8403-429e-9870-8bf85e606ef3/datanode-7/data-0/containers/hdds/a136b03b-8403-429e-9870-8bf85e606ef3/DS-95489a6c-5b1e-4de9-9204-0097c49c7dff/container.db, /home/runner/work/ozone/ozone/hadoop-ozone/integration-test/target/test-dir/MiniOzoneClusterImpl-a136b03b-8403-429e-9870-8bf85e606ef3/datanode-8/data-0/containers/hdds/a136b03b-8403-429e-9870-8bf85e606ef3/DS-45c6c80d-5d91-427e-bcae-3f3224a08e99/container.db]
2023-12-26 17:43:33,999 [ForkJoinPool.commonPool-worker-0] INFO  utils.DatanodeStoreCache (DatanodeStoreCache.java:removeDB(104)) - Removed db /home/runner/work/ozone/ozone/hadoop-ozone/integration-test/target/test-dir/MiniOzoneClusterImpl-a136b03b-8403-429e-9870-8bf85e606ef3/datanode-4/data-0/containers/hdds/a136b03b-8403-429e-9870-8bf85e606ef3/DS-57732ed5-a171-469a-96e1-82f5748bd2c4/container.db from cache
2023-12-26 17:43:33,999 [ForkJoinPool.commonPool-worker-0] INFO  volume.HddsVolume (HddsVolume.java:closeDbStore(453)) - SchemaV3 db is stopped at /home/runner/work/ozone/ozone/hadoop-ozone/integration-test/target/test-dir/MiniOzoneClusterImpl-a136b03b-8403-429e-9870-8bf85e606ef3/datanode-4/data-0/containers/hdds/a136b03b-8403-429e-9870-8bf85e606ef3/DS-57732ed5-a171-469a-96e1-82f5748bd2c4/container.db for volume DS-57732ed5-a171-469a-96e1-82f5748bd2c4
2023-12-26 17:43:34,000 [ForkJoinPool.commonPool-worker-0] INFO  utils.BackgroundService (BackgroundService.java:shutdown(160)) - Shutting down service BlockDeletingService
2023-12-26 17:43:34,000 [ForkJoinPool.commonPool-worker-0] INFO  utils.BackgroundService (BackgroundService.java:shutdown(160)) - Shutting down service StaleRecoveringContainerScrubbingService
2023-12-26 17:43:34,001 [ForkJoinPool.commonPool-worker-0] INFO  statemachine.DatanodeStateMachine (DatanodeStateMachine.java:stopDaemon(638)) - Ozone container server stopped.
2023-12-26 17:43:34,002 [ForkJoinPool.commonPool-worker-0] INFO  handler.ContextHandler (ContextHandler.java:doStop(1159)) - Stopped o.e.j.w.WebAppContext@1cf808{hddsDatanode,/,null,STOPPED}{jar:file:/home/runner/.m2/repository/org/apache/ozone/hdds-container-service/1.5.0-SNAPSHOT/hdds-container-service-1.5.0-SNAPSHOT.jar!/webapps/hddsDatanode}
2023-12-26 17:43:34,002 [ForkJoinPool.commonPool-worker-0] INFO  server.AbstractConnector (AbstractConnector.java:doStop(383)) - Stopped ServerConnector@14adaae3{HTTP/1.1, (http/1.1)}{0.0.0.0:15223}
2023-12-26 17:43:34,002 [ForkJoinPool.commonPool-worker-0] INFO  server.session (HouseKeeper.java:stopScavenging(149)) - node0 Stopped scavenging
2023-12-26 17:43:34,003 [ForkJoinPool.commonPool-worker-0] INFO  handler.ContextHandler (ContextHandler.java:doStop(1159)) - Stopped o.e.j.s.ServletContextHandler@50893336{static,/static,jar:file:/home/runner/.m2/repository/org/apache/ozone/hdds-container-service/1.5.0-SNAPSHOT/hdds-container-service-1.5.0-SNAPSHOT.jar!/webapps/static,STOPPED}
2023-12-26 17:43:34,003 [ForkJoinPool.commonPool-worker-0] INFO  handler.ContextHandler (ContextHandler.java:doStop(1159)) - Stopped o.e.j.s.ServletContextHandler@2047c196{logs,/logs,file:///home/runner/work/ozone/ozone/hadoop-ozone/integration-test/target/log,STOPPED}
2023-12-26 17:43:34,004 [ForkJoinPool.commonPool-worker-0] INFO  ozone.HddsDatanodeClientProtocolServer (HddsDatanodeClientProtocolServer.java:stop(78)) - Stopping the RPC server for Client Protocol
2023-12-26 17:43:34,004 [ForkJoinPool.commonPool-worker-0] INFO  ipc.Server (Server.java:stop(3523)) - Stopping server on 15224
2023-12-26 17:43:34,005 [IPC Server listener on 15224] INFO  ipc.Server (Server.java:run(1434)) - Stopping IPC Server listener on 15224
2023-12-26 17:43:34,005 [IPC Server Responder] INFO  ipc.Server (Server.java:run(1567)) - Stopping IPC Server Responder
2023-12-26 17:43:34,058 [main] INFO  utils.DatanodeStoreCache (DatanodeStoreCache.java:shutdownCache(110)) - Skip clearing cache in mini cluster mode. Entries left: [/home/runner/work/ozone/ozone/hadoop-ozone/integration-test/target/test-dir/MiniOzoneClusterImpl-a136b03b-8403-429e-9870-8bf85e606ef3/datanode-5/data-0/containers/hdds/a136b03b-8403-429e-9870-8bf85e606ef3/DS-cb164970-f18c-4302-88e0-fae8fc5d82c5/container.db, /home/runner/work/ozone/ozone/hadoop-ozone/integration-test/target/test-dir/MiniOzoneClusterImpl-a136b03b-8403-429e-9870-8bf85e606ef3/datanode-6/data-0/containers/hdds/a136b03b-8403-429e-9870-8bf85e606ef3/DS-3269408c-7d20-4cfc-a85a-d535d8fe7067/container.db, /home/runner/work/ozone/ozone/hadoop-ozone/integration-test/target/test-dir/MiniOzoneClusterImpl-a136b03b-8403-429e-9870-8bf85e606ef3/datanode-7/data-0/containers/hdds/a136b03b-8403-429e-9870-8bf85e606ef3/DS-95489a6c-5b1e-4de9-9204-0097c49c7dff/container.db, /home/runner/work/ozone/ozone/hadoop-ozone/integration-test/target/test-dir/MiniOzoneClusterImpl-a136b03b-8403-429e-9870-8bf85e606ef3/datanode-8/data-0/containers/hdds/a136b03b-8403-429e-9870-8bf85e606ef3/DS-45c6c80d-5d91-427e-bcae-3f3224a08e99/container.db]
2023-12-26 17:43:34,059 [main] INFO  utils.DatanodeStoreCache (DatanodeStoreCache.java:removeDB(104)) - Removed db /home/runner/work/ozone/ozone/hadoop-ozone/integration-test/target/test-dir/MiniOzoneClusterImpl-a136b03b-8403-429e-9870-8bf85e606ef3/datanode-5/data-0/containers/hdds/a136b03b-8403-429e-9870-8bf85e606ef3/DS-cb164970-f18c-4302-88e0-fae8fc5d82c5/container.db from cache
2023-12-26 17:43:34,059 [main] INFO  volume.HddsVolume (HddsVolume.java:closeDbStore(453)) - SchemaV3 db is stopped at /home/runner/work/ozone/ozone/hadoop-ozone/integration-test/target/test-dir/MiniOzoneClusterImpl-a136b03b-8403-429e-9870-8bf85e606ef3/datanode-5/data-0/containers/hdds/a136b03b-8403-429e-9870-8bf85e606ef3/DS-cb164970-f18c-4302-88e0-fae8fc5d82c5/container.db for volume DS-cb164970-f18c-4302-88e0-fae8fc5d82c5
2023-12-26 17:43:34,059 [main] INFO  utils.BackgroundService (BackgroundService.java:shutdown(160)) - Shutting down service BlockDeletingService
2023-12-26 17:43:34,059 [main] INFO  utils.BackgroundService (BackgroundService.java:shutdown(160)) - Shutting down service StaleRecoveringContainerScrubbingService
2023-12-26 17:43:34,060 [main] INFO  statemachine.DatanodeStateMachine (DatanodeStateMachine.java:stopDaemon(638)) - Ozone container server stopped.
2023-12-26 17:43:34,060 [main] INFO  handler.ContextHandler (ContextHandler.java:doStop(1159)) - Stopped o.e.j.w.WebAppContext@22f15a2e{hddsDatanode,/,null,STOPPED}{jar:file:/home/runner/.m2/repository/org/apache/ozone/hdds-container-service/1.5.0-SNAPSHOT/hdds-container-service-1.5.0-SNAPSHOT.jar!/webapps/hddsDatanode}
2023-12-26 17:43:34,061 [main] INFO  server.AbstractConnector (AbstractConnector.java:doStop(383)) - Stopped ServerConnector@10679da{HTTP/1.1, (http/1.1)}{0.0.0.0:15232}
2023-12-26 17:43:34,061 [main] INFO  server.session (HouseKeeper.java:stopScavenging(149)) - node0 Stopped scavenging
2023-12-26 17:43:34,061 [main] INFO  handler.ContextHandler (ContextHandler.java:doStop(1159)) - Stopped o.e.j.s.ServletContextHandler@270ea042{static,/static,jar:file:/home/runner/.m2/repository/org/apache/ozone/hdds-container-service/1.5.0-SNAPSHOT/hdds-container-service-1.5.0-SNAPSHOT.jar!/webapps/static,STOPPED}
2023-12-26 17:43:34,061 [main] INFO  handler.ContextHandler (ContextHandler.java:doStop(1159)) - Stopped o.e.j.s.ServletContextHandler@4f208927{logs,/logs,file:///home/runner/work/ozone/ozone/hadoop-ozone/integration-test/target/log,STOPPED}
2023-12-26 17:43:34,062 [main] INFO  ozone.HddsDatanodeClientProtocolServer (HddsDatanodeClientProtocolServer.java:stop(78)) - Stopping the RPC server for Client Protocol
2023-12-26 17:43:34,062 [main] INFO  ipc.Server (Server.java:stop(3523)) - Stopping server on 15233
2023-12-26 17:43:34,063 [IPC Server Responder] INFO  ipc.Server (Server.java:run(1567)) - Stopping IPC Server Responder
2023-12-26 17:43:34,063 [IPC Server listener on 15233] INFO  ipc.Server (Server.java:run(1434)) - Stopping IPC Server listener on 15233
2023-12-26 17:43:34,342 [ForkJoinPool.commonPool-worker-7] INFO  utils.DatanodeStoreCache (DatanodeStoreCache.java:shutdownCache(110)) - Skip clearing cache in mini cluster mode. Entries left: [/home/runner/work/ozone/ozone/hadoop-ozone/integration-test/target/test-dir/MiniOzoneClusterImpl-a136b03b-8403-429e-9870-8bf85e606ef3/datanode-6/data-0/containers/hdds/a136b03b-8403-429e-9870-8bf85e606ef3/DS-3269408c-7d20-4cfc-a85a-d535d8fe7067/container.db, /home/runner/work/ozone/ozone/hadoop-ozone/integration-test/target/test-dir/MiniOzoneClusterImpl-a136b03b-8403-429e-9870-8bf85e606ef3/datanode-7/data-0/containers/hdds/a136b03b-8403-429e-9870-8bf85e606ef3/DS-95489a6c-5b1e-4de9-9204-0097c49c7dff/container.db, /home/runner/work/ozone/ozone/hadoop-ozone/integration-test/target/test-dir/MiniOzoneClusterImpl-a136b03b-8403-429e-9870-8bf85e606ef3/datanode-8/data-0/containers/hdds/a136b03b-8403-429e-9870-8bf85e606ef3/DS-45c6c80d-5d91-427e-bcae-3f3224a08e99/container.db]
2023-12-26 17:43:34,343 [ForkJoinPool.commonPool-worker-7] INFO  utils.DatanodeStoreCache (DatanodeStoreCache.java:removeDB(104)) - Removed db /home/runner/work/ozone/ozone/hadoop-ozone/integration-test/target/test-dir/MiniOzoneClusterImpl-a136b03b-8403-429e-9870-8bf85e606ef3/datanode-8/data-0/containers/hdds/a136b03b-8403-429e-9870-8bf85e606ef3/DS-45c6c80d-5d91-427e-bcae-3f3224a08e99/container.db from cache
2023-12-26 17:43:34,343 [ForkJoinPool.commonPool-worker-7] INFO  volume.HddsVolume (HddsVolume.java:closeDbStore(453)) - SchemaV3 db is stopped at /home/runner/work/ozone/ozone/hadoop-ozone/integration-test/target/test-dir/MiniOzoneClusterImpl-a136b03b-8403-429e-9870-8bf85e606ef3/datanode-8/data-0/containers/hdds/a136b03b-8403-429e-9870-8bf85e606ef3/DS-45c6c80d-5d91-427e-bcae-3f3224a08e99/container.db for volume DS-45c6c80d-5d91-427e-bcae-3f3224a08e99
2023-12-26 17:43:34,344 [ForkJoinPool.commonPool-worker-7] INFO  utils.BackgroundService (BackgroundService.java:shutdown(160)) - Shutting down service BlockDeletingService
2023-12-26 17:43:34,344 [ForkJoinPool.commonPool-worker-7] INFO  utils.BackgroundService (BackgroundService.java:shutdown(160)) - Shutting down service StaleRecoveringContainerScrubbingService
2023-12-26 17:43:34,345 [ForkJoinPool.commonPool-worker-7] INFO  statemachine.DatanodeStateMachine (DatanodeStateMachine.java:stopDaemon(638)) - Ozone container server stopped.
2023-12-26 17:43:34,346 [ForkJoinPool.commonPool-worker-7] INFO  handler.ContextHandler (ContextHandler.java:doStop(1159)) - Stopped o.e.j.w.WebAppContext@351fa6c4{hddsDatanode,/,null,STOPPED}{jar:file:/home/runner/.m2/repository/org/apache/ozone/hdds-container-service/1.5.0-SNAPSHOT/hdds-container-service-1.5.0-SNAPSHOT.jar!/webapps/hddsDatanode}
2023-12-26 17:43:34,347 [ForkJoinPool.commonPool-worker-7] INFO  server.AbstractConnector (AbstractConnector.java:doStop(383)) - Stopped ServerConnector@70436059{HTTP/1.1, (http/1.1)}{0.0.0.0:15259}
2023-12-26 17:43:34,347 [ForkJoinPool.commonPool-worker-7] INFO  server.session (HouseKeeper.java:stopScavenging(149)) - node0 Stopped scavenging
2023-12-26 17:43:34,347 [ForkJoinPool.commonPool-worker-7] INFO  handler.ContextHandler (ContextHandler.java:doStop(1159)) - Stopped o.e.j.s.ServletContextHandler@58b1eca1{static,/static,jar:file:/home/runner/.m2/repository/org/apache/ozone/hdds-container-service/1.5.0-SNAPSHOT/hdds-container-service-1.5.0-SNAPSHOT.jar!/webapps/static,STOPPED}
2023-12-26 17:43:34,348 [ForkJoinPool.commonPool-worker-7] INFO  handler.ContextHandler (ContextHandler.java:doStop(1159)) - Stopped o.e.j.s.ServletContextHandler@4ff9fa2b{logs,/logs,file:///home/runner/work/ozone/ozone/hadoop-ozone/integration-test/target/log,STOPPED}
2023-12-26 17:43:34,348 [ForkJoinPool.commonPool-worker-7] INFO  ozone.HddsDatanodeClientProtocolServer (HddsDatanodeClientProtocolServer.java:stop(78)) - Stopping the RPC server for Client Protocol
2023-12-26 17:43:34,349 [ForkJoinPool.commonPool-worker-7] INFO  ipc.Server (Server.java:stop(3523)) - Stopping server on 15260
2023-12-26 17:43:34,349 [IPC Server listener on 15260] INFO  ipc.Server (Server.java:run(1434)) - Stopping IPC Server listener on 15260
2023-12-26 17:43:34,349 [IPC Server Responder] INFO  ipc.Server (Server.java:run(1567)) - Stopping IPC Server Responder
2023-12-26 17:43:34,359 [ForkJoinPool.commonPool-worker-3] INFO  utils.DatanodeStoreCache (DatanodeStoreCache.java:shutdownCache(110)) - Skip clearing cache in mini cluster mode. Entries left: [/home/runner/work/ozone/ozone/hadoop-ozone/integration-test/target/test-dir/MiniOzoneClusterImpl-a136b03b-8403-429e-9870-8bf85e606ef3/datanode-6/data-0/containers/hdds/a136b03b-8403-429e-9870-8bf85e606ef3/DS-3269408c-7d20-4cfc-a85a-d535d8fe7067/container.db, /home/runner/work/ozone/ozone/hadoop-ozone/integration-test/target/test-dir/MiniOzoneClusterImpl-a136b03b-8403-429e-9870-8bf85e606ef3/datanode-7/data-0/containers/hdds/a136b03b-8403-429e-9870-8bf85e606ef3/DS-95489a6c-5b1e-4de9-9204-0097c49c7dff/container.db]
2023-12-26 17:43:34,360 [ForkJoinPool.commonPool-worker-3] INFO  utils.DatanodeStoreCache (DatanodeStoreCache.java:removeDB(104)) - Removed db /home/runner/work/ozone/ozone/hadoop-ozone/integration-test/target/test-dir/MiniOzoneClusterImpl-a136b03b-8403-429e-9870-8bf85e606ef3/datanode-7/data-0/containers/hdds/a136b03b-8403-429e-9870-8bf85e606ef3/DS-95489a6c-5b1e-4de9-9204-0097c49c7dff/container.db from cache
2023-12-26 17:43:34,360 [ForkJoinPool.commonPool-worker-3] INFO  volume.HddsVolume (HddsVolume.java:closeDbStore(453)) - SchemaV3 db is stopped at /home/runner/work/ozone/ozone/hadoop-ozone/integration-test/target/test-dir/MiniOzoneClusterImpl-a136b03b-8403-429e-9870-8bf85e606ef3/datanode-7/data-0/containers/hdds/a136b03b-8403-429e-9870-8bf85e606ef3/DS-95489a6c-5b1e-4de9-9204-0097c49c7dff/container.db for volume DS-95489a6c-5b1e-4de9-9204-0097c49c7dff
2023-12-26 17:43:34,360 [ForkJoinPool.commonPool-worker-3] INFO  utils.BackgroundService (BackgroundService.java:shutdown(160)) - Shutting down service BlockDeletingService
2023-12-26 17:43:34,361 [ForkJoinPool.commonPool-worker-3] INFO  utils.BackgroundService (BackgroundService.java:shutdown(160)) - Shutting down service StaleRecoveringContainerScrubbingService
2023-12-26 17:43:34,361 [ForkJoinPool.commonPool-worker-3] INFO  statemachine.DatanodeStateMachine (DatanodeStateMachine.java:stopDaemon(638)) - Ozone container server stopped.
2023-12-26 17:43:34,362 [ForkJoinPool.commonPool-worker-3] INFO  handler.ContextHandler (ContextHandler.java:doStop(1159)) - Stopped o.e.j.w.WebAppContext@41770158{hddsDatanode,/,null,STOPPED}{jar:file:/home/runner/.m2/repository/org/apache/ozone/hdds-container-service/1.5.0-SNAPSHOT/hdds-container-service-1.5.0-SNAPSHOT.jar!/webapps/hddsDatanode}
2023-12-26 17:43:34,362 [ForkJoinPool.commonPool-worker-6] INFO  utils.DatanodeStoreCache (DatanodeStoreCache.java:shutdownCache(110)) - Skip clearing cache in mini cluster mode. Entries left: [/home/runner/work/ozone/ozone/hadoop-ozone/integration-test/target/test-dir/MiniOzoneClusterImpl-a136b03b-8403-429e-9870-8bf85e606ef3/datanode-6/data-0/containers/hdds/a136b03b-8403-429e-9870-8bf85e606ef3/DS-3269408c-7d20-4cfc-a85a-d535d8fe7067/container.db]
2023-12-26 17:43:34,363 [ForkJoinPool.commonPool-worker-3] INFO  server.AbstractConnector (AbstractConnector.java:doStop(383)) - Stopped ServerConnector@3f5ec34d{HTTP/1.1, (http/1.1)}{0.0.0.0:15250}
2023-12-26 17:43:34,363 [ForkJoinPool.commonPool-worker-3] INFO  server.session (HouseKeeper.java:stopScavenging(149)) - node0 Stopped scavenging
2023-12-26 17:43:34,364 [ForkJoinPool.commonPool-worker-3] INFO  handler.ContextHandler (ContextHandler.java:doStop(1159)) - Stopped o.e.j.s.ServletContextHandler@37bb14c6{static,/static,jar:file:/home/runner/.m2/repository/org/apache/ozone/hdds-container-service/1.5.0-SNAPSHOT/hdds-container-service-1.5.0-SNAPSHOT.jar!/webapps/static,STOPPED}
2023-12-26 17:43:34,364 [ForkJoinPool.commonPool-worker-3] INFO  handler.ContextHandler (ContextHandler.java:doStop(1159)) - Stopped o.e.j.s.ServletContextHandler@29d55215{logs,/logs,file:///home/runner/work/ozone/ozone/hadoop-ozone/integration-test/target/log,STOPPED}
2023-12-26 17:43:34,364 [ForkJoinPool.commonPool-worker-6] INFO  utils.DatanodeStoreCache (DatanodeStoreCache.java:removeDB(104)) - Removed db /home/runner/work/ozone/ozone/hadoop-ozone/integration-test/target/test-dir/MiniOzoneClusterImpl-a136b03b-8403-429e-9870-8bf85e606ef3/datanode-6/data-0/containers/hdds/a136b03b-8403-429e-9870-8bf85e606ef3/DS-3269408c-7d20-4cfc-a85a-d535d8fe7067/container.db from cache
2023-12-26 17:43:34,364 [ForkJoinPool.commonPool-worker-6] INFO  volume.HddsVolume (HddsVolume.java:closeDbStore(453)) - SchemaV3 db is stopped at /home/runner/work/ozone/ozone/hadoop-ozone/integration-test/target/test-dir/MiniOzoneClusterImpl-a136b03b-8403-429e-9870-8bf85e606ef3/datanode-6/data-0/containers/hdds/a136b03b-8403-429e-9870-8bf85e606ef3/DS-3269408c-7d20-4cfc-a85a-d535d8fe7067/container.db for volume DS-3269408c-7d20-4cfc-a85a-d535d8fe7067
2023-12-26 17:43:34,365 [ForkJoinPool.commonPool-worker-6] INFO  utils.BackgroundService (BackgroundService.java:shutdown(160)) - Shutting down service BlockDeletingService
2023-12-26 17:43:34,365 [ForkJoinPool.commonPool-worker-3] INFO  ozone.HddsDatanodeClientProtocolServer (HddsDatanodeClientProtocolServer.java:stop(78)) - Stopping the RPC server for Client Protocol
2023-12-26 17:43:34,365 [ForkJoinPool.commonPool-worker-3] INFO  ipc.Server (Server.java:stop(3523)) - Stopping server on 15251
2023-12-26 17:43:34,365 [ForkJoinPool.commonPool-worker-6] INFO  utils.BackgroundService (BackgroundService.java:shutdown(160)) - Shutting down service StaleRecoveringContainerScrubbingService
2023-12-26 17:43:34,366 [IPC Server Responder] INFO  ipc.Server (Server.java:run(1567)) - Stopping IPC Server Responder
2023-12-26 17:43:34,366 [IPC Server listener on 15251] INFO  ipc.Server (Server.java:run(1434)) - Stopping IPC Server listener on 15251
2023-12-26 17:43:34,366 [ForkJoinPool.commonPool-worker-6] INFO  statemachine.DatanodeStateMachine (DatanodeStateMachine.java:stopDaemon(638)) - Ozone container server stopped.
2023-12-26 17:43:34,368 [ForkJoinPool.commonPool-worker-6] INFO  handler.ContextHandler (ContextHandler.java:doStop(1159)) - Stopped o.e.j.w.WebAppContext@384cb812{hddsDatanode,/,null,STOPPED}{jar:file:/home/runner/.m2/repository/org/apache/ozone/hdds-container-service/1.5.0-SNAPSHOT/hdds-container-service-1.5.0-SNAPSHOT.jar!/webapps/hddsDatanode}
2023-12-26 17:43:34,369 [ForkJoinPool.commonPool-worker-6] INFO  server.AbstractConnector (AbstractConnector.java:doStop(383)) - Stopped ServerConnector@8f4cb26{HTTP/1.1, (http/1.1)}{0.0.0.0:15241}
2023-12-26 17:43:34,369 [ForkJoinPool.commonPool-worker-6] INFO  server.session (HouseKeeper.java:stopScavenging(149)) - node0 Stopped scavenging
2023-12-26 17:43:34,369 [ForkJoinPool.commonPool-worker-6] INFO  handler.ContextHandler (ContextHandler.java:doStop(1159)) - Stopped o.e.j.s.ServletContextHandler@2ef0e649{static,/static,jar:file:/home/runner/.m2/repository/org/apache/ozone/hdds-container-service/1.5.0-SNAPSHOT/hdds-container-service-1.5.0-SNAPSHOT.jar!/webapps/static,STOPPED}
2023-12-26 17:43:34,369 [ForkJoinPool.commonPool-worker-6] INFO  handler.ContextHandler (ContextHandler.java:doStop(1159)) - Stopped o.e.j.s.ServletContextHandler@2a5bdb2d{logs,/logs,file:///home/runner/work/ozone/ozone/hadoop-ozone/integration-test/target/log,STOPPED}
2023-12-26 17:43:34,369 [ForkJoinPool.commonPool-worker-6] INFO  ozone.HddsDatanodeClientProtocolServer (HddsDatanodeClientProtocolServer.java:stop(78)) - Stopping the RPC server for Client Protocol
2023-12-26 17:43:34,370 [ForkJoinPool.commonPool-worker-6] INFO  ipc.Server (Server.java:stop(3523)) - Stopping server on 15242
2023-12-26 17:43:34,370 [IPC Server listener on 15242] INFO  ipc.Server (Server.java:run(1434)) - Stopping IPC Server listener on 15242
2023-12-26 17:43:34,370 [IPC Server Responder] INFO  ipc.Server (Server.java:run(1567)) - Stopping IPC Server Responder
2023-12-26 17:43:34,371 [main] INFO  ozone.MiniOzoneClusterImpl (MiniOzoneClusterImpl.java:stopSCM(552)) - Stopping the StorageContainerManager
2023-12-26 17:43:34,371 [main] INFO  server.StorageContainerManager (StorageContainerManager.java:stop(1627)) - Container Balancer is not running.
2023-12-26 17:43:34,371 [main] INFO  server.StorageContainerManager (StorageContainerManager.java:stopReplicationManager(1760)) - Stopping Replication Manager Service.
2023-12-26 17:43:34,372 [main] INFO  replication.ReplicationManager (ReplicationManager.java:stop(326)) - Stopping Replication Monitor Thread.
2023-12-26 17:43:34,372 [main] INFO  server.StorageContainerManager (StorageContainerManager.java:stop(1636)) - Stopping the Datanode Admin Monitor.
2023-12-26 17:43:34,372 [OverReplicatedProcessor] WARN  replication.UnhealthyReplicationProcessor (UnhealthyReplicationProcessor.java:run(180)) - OverReplicatedProcessor interrupted. Exiting...
2023-12-26 17:43:34,372 [main] INFO  server.StorageContainerManager (StorageContainerManager.java:stop(1643)) - Stopping datanode service RPC server
2023-12-26 17:43:34,372 [main] INFO  server.SCMDatanodeProtocolServer (SCMDatanodeProtocolServer.java:stop(424)) - Stopping the RPC server for DataNodes
2023-12-26 17:43:34,372 [main] INFO  ipc.Server (Server.java:stop(3523)) - Stopping server on 15180
2023-12-26 17:43:34,372 [UnderReplicatedProcessor] WARN  replication.UnhealthyReplicationProcessor (UnhealthyReplicationProcessor.java:run(180)) - UnderReplicatedProcessor interrupted. Exiting...
2023-12-26 17:43:34,372 [ReplicationMonitor] INFO  replication.ReplicationManager (ReplicationManager.java:run(933)) - Replication Monitor Thread is stopped
2023-12-26 17:43:34,374 [IPC Server Responder] INFO  ipc.Server (Server.java:run(1567)) - Stopping IPC Server Responder
2023-12-26 17:43:34,375 [IPC Server listener on 15180] INFO  ipc.Server (Server.java:run(1434)) - Stopping IPC Server listener on 15180
2023-12-26 17:43:34,440 [SCMHeartbeatProcessor-0] WARN  node.NodeStateManager (NodeStateManager.java:scheduleNextHealthCheck(878)) - Current Thread is interrupted, shutting down HB processing thread for Node Manager.
2023-12-26 17:43:34,440 [main] INFO  server.StorageContainerManager (StorageContainerManager.java:stop(1651)) - Stopping block service RPC server
2023-12-26 17:43:34,440 [main] INFO  server.SCMBlockProtocolServer (SCMBlockProtocolServer.java:stop(168)) - Stopping the RPC server for Block Protocol
2023-12-26 17:43:34,441 [main] INFO  ipc.Server (Server.java:stop(3523)) - Stopping server on 15179
2023-12-26 17:43:34,441 [IPC Server listener on 15179] INFO  ipc.Server (Server.java:run(1434)) - Stopping IPC Server listener on 15179
2023-12-26 17:43:34,441 [IPC Server Responder] INFO  ipc.Server (Server.java:run(1567)) - Stopping IPC Server Responder
2023-12-26 17:43:34,442 [main] INFO  server.StorageContainerManager (StorageContainerManager.java:stop(1658)) - Stopping the StorageContainerLocationProtocol RPC server
2023-12-26 17:43:34,442 [main] INFO  server.SCMClientProtocolServer (SCMClientProtocolServer.java:stop(210)) - Stopping the RPC server for Client Protocol
2023-12-26 17:43:34,442 [main] INFO  ipc.Server (Server.java:stop(3523)) - Stopping server on 15178
2023-12-26 17:43:34,443 [IPC Server listener on 15178] INFO  ipc.Server (Server.java:run(1434)) - Stopping IPC Server listener on 15178
2023-12-26 17:43:34,443 [IPC Server Responder] INFO  ipc.Server (Server.java:run(1567)) - Stopping IPC Server Responder
2023-12-26 17:43:34,443 [main] INFO  server.StorageContainerManager (StorageContainerManager.java:stop(1665)) - Stopping Storage Container Manager HTTP server.
2023-12-26 17:43:34,444 [main] INFO  handler.ContextHandler (ContextHandler.java:doStop(1159)) - Stopped o.e.j.w.WebAppContext@54b5f6b6{scm,/,null,STOPPED}{file:/home/runner/work/ozone/ozone/hadoop-ozone/integration-test/target/test-classes/webapps/scm}
2023-12-26 17:43:34,445 [main] INFO  server.AbstractConnector (AbstractConnector.java:doStop(383)) - Stopped ServerConnector@4210168{HTTP/1.1, (http/1.1)}{0.0.0.0:15181}
2023-12-26 17:43:34,445 [main] INFO  server.session (HouseKeeper.java:stopScavenging(149)) - node0 Stopped scavenging
2023-12-26 17:43:34,445 [main] INFO  handler.ContextHandler (ContextHandler.java:doStop(1159)) - Stopped o.e.j.s.ServletContextHandler@ef7156f{static,/static,file:///home/runner/work/ozone/ozone/hadoop-ozone/integration-test/target/test-classes/webapps/static,STOPPED}
2023-12-26 17:43:34,445 [main] INFO  handler.ContextHandler (ContextHandler.java:doStop(1159)) - Stopped o.e.j.s.ServletContextHandler@113ebc60{logs,/logs,file:///home/runner/work/ozone/ozone/hadoop-ozone/integration-test/target/log,STOPPED}
2023-12-26 17:43:34,446 [main] INFO  server.StorageContainerManager (StorageContainerManager.java:stop(1673)) - Stopping SCM LayoutVersionManager Service.
2023-12-26 17:43:34,446 [main] INFO  server.StorageContainerManager (StorageContainerManager.java:stop(1685)) - Stopping Block Manager Service.
2023-12-26 17:43:34,446 [main] INFO  utils.BackgroundService (BackgroundService.java:shutdown(160)) - Shutting down service SCMBlockDeletingService
2023-12-26 17:43:34,446 [main] INFO  utils.BackgroundService (BackgroundService.java:shutdown(160)) - Shutting down service SCMBlockDeletingService
2023-12-26 17:43:34,447 [main] INFO  server.StorageContainerManager (StorageContainerManager.java:stop(1705)) - Stopping SCM Event Queue.
2023-12-26 17:43:34,449 [JvmPauseMonitor22] INFO  util.JvmPauseMonitor (JvmPauseMonitor.java:run(152)) - JvmPauseMonitor-36783edc-4272-4f0b-8b41-c3565b80bcf9: Stopped
2023-12-26 17:43:34,449 [main] INFO  server.StorageContainerManager (StorageContainerManager.java:stop(1716)) - Stopping SCM HA services.
2023-12-26 17:43:34,449 [main] INFO  pipeline.BackgroundPipelineCreator (BackgroundPipelineCreator.java:stop(152)) - Stopping RatisPipelineUtilsThread.
2023-12-26 17:43:34,449 [RatisPipelineUtilsThread-0] WARN  pipeline.BackgroundPipelineCreator (BackgroundPipelineCreator.java:run(183)) - RatisPipelineUtilsThread is interrupted.
2023-12-26 17:43:34,449 [main] INFO  BackgroundPipelineScrubber (BackgroundSCMService.java:stop(131)) - Stopping BackgroundPipelineScrubber Service.
2023-12-26 17:43:34,449 [BackgroundPipelineScrubber] WARN  BackgroundPipelineScrubber (BackgroundSCMService.java:run(115)) - BackgroundPipelineScrubber is interrupted, exit
2023-12-26 17:43:34,449 [main] INFO  impl.MetricsSystemImpl (MetricsSystemImpl.java:stop(210)) - Stopping HddsDatanode metrics system...
2023-12-26 17:43:34,451 [prometheus] INFO  impl.MetricsSinkAdapter (MetricsSinkAdapter.java:publishMetricsFromQueue(141)) - prometheus thread interrupted.
2023-12-26 17:43:34,451 [main] INFO  impl.MetricsSystemImpl (MetricsSystemImpl.java:stop(216)) - HddsDatanode metrics system stopped.
2023-12-26 17:43:34,451 [main] WARN  pipeline.BackgroundPipelineCreator (BackgroundPipelineCreator.java:stop(148)) - RatisPipelineUtilsThread is not running, just ignore.
2023-12-26 17:43:34,451 [main] INFO  BackgroundPipelineScrubber (BackgroundSCMService.java:stop(126)) - BackgroundPipelineScrubber Service is not running, skip stop.
2023-12-26 17:43:34,451 [ExpiredContainerReplicaOpScrubber] WARN  ExpiredContainerReplicaOpScrubber (BackgroundSCMService.java:run(115)) - ExpiredContainerReplicaOpScrubber is interrupted, exit
2023-12-26 17:43:34,452 [main] INFO  ExpiredContainerReplicaOpScrubber (BackgroundSCMService.java:stop(131)) - Stopping ExpiredContainerReplicaOpScrubber Service.
2023-12-26 17:43:34,452 [main] INFO  utils.BackgroundService (BackgroundService.java:shutdown(160)) - Shutting down service SCMBlockDeletingService
2023-12-26 17:43:34,452 [main] INFO  replication.ReplicationManager (ReplicationManager.java:stop(336)) - Replication Monitor Thread is not running.
2023-12-26 17:43:34,452 [main] WARN  balancer.ContainerBalancer (ContainerBalancer.java:stop(327)) - Cannot stop Container Balancer because it's not running or stopping
2023-12-26 17:43:34,452 [main] INFO  server.StorageContainerManager (StorageContainerManager.java:stop(1751)) - Stopping SCM MetadataStore.
2023-12-26 17:43:34,482 [main] INFO  db.CodecTestUtil (CodecTestUtil.java:gc(47)) - gc 0
]]></system-out>
    </flakyError>
  </testcase>
  <testcase name="test2WayCommitForTimeoutException" classname="org.apache.hadoop.ozone.client.rpc.TestWatchForCommit" time="26.09"/>
</testsuite>