<?xml version="1.0" encoding="UTF-8"?>
<testsuite xmlns:xsi="http://www.w3.org/2001/XMLSchema-instance" xsi:noNamespaceSchemaLocation="https://maven.apache.org/surefire/maven-surefire-plugin/xsd/surefire-test-report.xsd" name="org.apache.hadoop.ozone.client.rpc.TestDeleteWithSlowFollower" time="28.729" tests="1" errors="0" skipped="0" failures="1">
  <properties>
    <property name="awt.toolkit" value="sun.awt.X11.XToolkit"/>
    <property name="file.encoding.pkg" value="sun.io"/>
    <property name="java.specification.version" value="1.8"/>
    <property name="sun.cpu.isalist" value=""/>
    <property name="sun.jnu.encoding" value="ANSI_X3.4-1968"/>
    <property name="java.class.path" value="/github/workspace/mnt/ozone/hadoop-ozone/integration-test/target/test-classes:/github/workspace/mnt/ozone/hadoop-ozone/integration-test/target/classes:/home/user/.m2/repository/org/apache/hadoop/hadoop-ozone-common/0.6.0-SNAPSHOT/hadoop-ozone-common-0.6.0-SNAPSHOT.jar:/home/user/.m2/repository/org/apache/commons/commons-compress/1.4.1/commons-compress-1.4.1.jar:/home/user/.m2/repository/org/tukaani/xz/1.0/xz-1.0.jar:/home/user/.m2/repository/org/apache/hadoop/hadoop-hdds-common/0.6.0-SNAPSHOT/hadoop-hdds-common-0.6.0-SNAPSHOT.jar:/home/user/.m2/repository/org/apache/hadoop/hadoop-hdds-hadoop-dependency-client/0.6.0-SNAPSHOT/hadoop-hdds-hadoop-dependency-client-0.6.0-SNAPSHOT.jar:/home/user/.m2/repository/info/picocli/picocli/3.9.6/picocli-3.9.6.jar:/home/user/.m2/repository/com/fasterxml/jackson/core/jackson-annotations/2.10.3/jackson-annotations-2.10.3.jar:/home/user/.m2/repository/javax/annotation/javax.annotation-api/1.2/javax.annotation-api-1.2.jar:/home/user/.m2/repository/org/apache/ratis/ratis-server/0.6.0-6ab75ae-SNAPSHOT/ratis-server-0.6.0-6ab75ae-SNAPSHOT.jar:/home/user/.m2/repository/org/apache/ratis/ratis-client/0.6.0-6ab75ae-SNAPSHOT/ratis-client-0.6.0-6ab75ae-SNAPSHOT.jar:/home/user/.m2/repository/org/apache/ratis/ratis-metrics/0.6.0-6ab75ae-SNAPSHOT/ratis-metrics-0.6.0-6ab75ae-SNAPSHOT.jar:/home/user/.m2/repository/org/apache/ratis/ratis-netty/0.6.0-6ab75ae-SNAPSHOT/ratis-netty-0.6.0-6ab75ae-SNAPSHOT.jar:/home/user/.m2/repository/org/apache/ratis/ratis-grpc/0.6.0-6ab75ae-SNAPSHOT/ratis-grpc-0.6.0-6ab75ae-SNAPSHOT.jar:/home/user/.m2/repository/org/apache/logging/log4j/log4j-api/2.11.0/log4j-api-2.11.0.jar:/home/user/.m2/repository/org/apache/logging/log4j/log4j-core/2.11.0/log4j-core-2.11.0.jar:/home/user/.m2/repository/com/lmax/disruptor/3.4.2/disruptor-3.4.2.jar:/home/user/.m2/repository/org/apache/commons/commons-pool2/2.6.0/commons-pool2-2.6.0.jar:/home/user/.m2/repository/org/bouncycastle/bcpkix-jdk15on/1.60/bcpkix-jdk15on-1.60.jar:/home/user/.m2/repository/commons-validator/commons-validator/1.6/commons-validator-1.6.jar:/home/user/.m2/repository/commons-digester/commons-digester/1.8.1/commons-digester-1.8.1.jar:/home/user/.m2/repository/io/jaegertracing/jaeger-client/1.2.0/jaeger-client-1.2.0.jar:/home/user/.m2/repository/io/jaegertracing/jaeger-thrift/1.2.0/jaeger-thrift-1.2.0.jar:/home/user/.m2/repository/org/apache/thrift/libthrift/0.13.0/libthrift-0.13.0.jar:/home/user/.m2/repository/com/squareup/okhttp3/okhttp/4.2.2/okhttp-4.2.2.jar:/home/user/.m2/repository/com/squareup/okio/okio/2.2.2/okio-2.2.2.jar:/home/user/.m2/repository/org/jetbrains/kotlin/kotlin-stdlib/1.3.50/kotlin-stdlib-1.3.50.jar:/home/user/.m2/repository/org/jetbrains/kotlin/kotlin-stdlib-common/1.3.50/kotlin-stdlib-common-1.3.50.jar:/home/user/.m2/repository/org/jetbrains/annotations/13.0/annotations-13.0.jar:/home/user/.m2/repository/io/jaegertracing/jaeger-core/1.2.0/jaeger-core-1.2.0.jar:/home/user/.m2/repository/io/jaegertracing/jaeger-tracerresolver/1.2.0/jaeger-tracerresolver-1.2.0.jar:/home/user/.m2/repository/io/opentracing/contrib/opentracing-tracerresolver/0.1.8/opentracing-tracerresolver-0.1.8.jar:/home/user/.m2/repository/io/opentracing/opentracing-util/0.33.0/opentracing-util-0.33.0.jar:/home/user/.m2/repository/io/opentracing/opentracing-api/0.33.0/opentracing-api-0.33.0.jar:/home/user/.m2/repository/io/opentracing/opentracing-noop/0.33.0/opentracing-noop-0.33.0.jar:/home/user/.m2/repository/org/apache/hadoop/hadoop-hdds-client/0.6.0-SNAPSHOT/hadoop-hdds-client-0.6.0-SNAPSHOT.jar:/home/user/.m2/repository/org/apache/hadoop/hadoop-ozone-interface-client/0.6.0-SNAPSHOT/hadoop-ozone-interface-client-0.6.0-SNAPSHOT.jar:/home/user/.m2/repository/org/apache/hadoop/hadoop-hdds-test-utils/0.6.0-SNAPSHOT/hadoop-hdds-test-utils-0.6.0-SNAPSHOT.jar:/home/user/.m2/repository/com/google/guava/guava/28.2-jre/guava-28.2-jre.jar:/home/user/.m2/repository/com/google/guava/failureaccess/1.0.1/failureaccess-1.0.1.jar:/home/user/.m2/repository/com/google/guava/listenablefuture/9999.0-empty-to-avoid-conflict-with-guava/listenablefuture-9999.0-empty-to-avoid-conflict-with-guava.jar:/home/user/.m2/repository/com/google/code/findbugs/jsr305/3.0.0/jsr305-3.0.0.jar:/home/user/.m2/repository/org/checkerframework/checker-qual/2.10.0/checker-qual-2.10.0.jar:/home/user/.m2/repository/com/google/errorprone/error_prone_annotations/2.2.0/error_prone_annotations-2.2.0.jar:/home/user/.m2/repository/com/google/j2objc/j2objc-annotations/1.3/j2objc-annotations-1.3.jar:/home/user/.m2/repository/commons-io/commons-io/2.5/commons-io-2.5.jar:/home/user/.m2/repository/commons-logging/commons-logging/1.2/commons-logging-1.2.jar:/home/user/.m2/repository/log4j/log4j/1.2.17/log4j-1.2.17.jar:/home/user/.m2/repository/org/slf4j/slf4j-api/1.7.25/slf4j-api-1.7.25.jar:/home/user/.m2/repository/org/apache/hadoop/hadoop-hdds-server-scm/0.6.0-SNAPSHOT/hadoop-hdds-server-scm-0.6.0-SNAPSHOT.jar:/home/user/.m2/repository/org/apache/hadoop/hadoop-hdds-container-service/0.6.0-SNAPSHOT/hadoop-hdds-container-service-0.6.0-SNAPSHOT.jar:/home/user/.m2/repository/org/apache/hadoop/hadoop-hdds-hadoop-dependency-server/0.6.0-SNAPSHOT/hadoop-hdds-hadoop-dependency-server-0.6.0-SNAPSHOT.jar:/home/user/.m2/repository/org/apache/hadoop/hadoop-hdds-server-framework/0.6.0-SNAPSHOT/hadoop-hdds-server-framework-0.6.0-SNAPSHOT.jar:/home/user/.m2/repository/org/apache/hadoop/hadoop-hdds-interface-server/0.6.0-SNAPSHOT/hadoop-hdds-interface-server-0.6.0-SNAPSHOT.jar:/home/user/.m2/repository/org/apache/hadoop/hadoop-hdds-interface-admin/0.6.0-SNAPSHOT/hadoop-hdds-interface-admin-0.6.0-SNAPSHOT.jar:/home/user/.m2/repository/org/rocksdb/rocksdbjni/6.8.1/rocksdbjni-6.8.1.jar:/home/user/.m2/repository/io/prometheus/simpleclient_dropwizard/0.7.0/simpleclient_dropwizard-0.7.0.jar:/home/user/.m2/repository/io/prometheus/simpleclient/0.7.0/simpleclient-0.7.0.jar:/home/user/.m2/repository/io/prometheus/simpleclient_common/0.7.0/simpleclient_common-0.7.0.jar:/home/user/.m2/repository/com/fasterxml/jackson/datatype/jackson-datatype-jsr310/2.10.3/jackson-datatype-jsr310-2.10.3.jar:/home/user/.m2/repository/org/apache/hadoop/hadoop-hdds-docs/0.6.0-SNAPSHOT/hadoop-hdds-docs-0.6.0-SNAPSHOT.jar:/home/user/.m2/repository/io/dropwizard/metrics/metrics-core/3.2.4/metrics-core-3.2.4.jar:/home/user/.m2/repository/org/apache/hadoop/hadoop-hdfs-client/3.2.1/hadoop-hdfs-client-3.2.1.jar:/home/user/.m2/repository/org/bouncycastle/bcprov-jdk15on/1.60/bcprov-jdk15on-1.60.jar:/home/user/.m2/repository/org/apache/hadoop/hadoop-ozone-ozone-manager/0.6.0-SNAPSHOT/hadoop-ozone-ozone-manager-0.6.0-SNAPSHOT.jar:/home/user/.m2/repository/org/apache/hadoop/hadoop-hdds-interface-client/0.6.0-SNAPSHOT/hadoop-hdds-interface-client-0.6.0-SNAPSHOT.jar:/home/user/.m2/repository/org/apache/ratis/ratis-thirdparty-misc/0.4.0/ratis-thirdparty-misc-0.4.0.jar:/home/user/.m2/repository/org/apache/hadoop/hadoop-minikdc/3.2.1/hadoop-minikdc-3.2.1.jar:/home/user/.m2/repository/org/apache/kerby/kerb-simplekdc/1.0.1/kerb-simplekdc-1.0.1.jar:/home/user/.m2/repository/org/apache/kerby/kerb-client/1.0.1/kerb-client-1.0.1.jar:/home/user/.m2/repository/org/apache/kerby/kerby-config/1.0.1/kerby-config-1.0.1.jar:/home/user/.m2/repository/org/apache/kerby/kerb-core/1.0.1/kerb-core-1.0.1.jar:/home/user/.m2/repository/org/apache/kerby/kerby-pkix/1.0.1/kerby-pkix-1.0.1.jar:/home/user/.m2/repository/org/apache/kerby/kerby-asn1/1.0.1/kerby-asn1-1.0.1.jar:/home/user/.m2/repository/org/apache/kerby/kerby-util/1.0.1/kerby-util-1.0.1.jar:/home/user/.m2/repository/org/apache/kerby/kerb-common/1.0.1/kerb-common-1.0.1.jar:/home/user/.m2/repository/org/apache/kerby/kerb-crypto/1.0.1/kerb-crypto-1.0.1.jar:/home/user/.m2/repository/org/apache/kerby/kerb-util/1.0.1/kerb-util-1.0.1.jar:/home/user/.m2/repository/org/apache/kerby/token-provider/1.0.1/token-provider-1.0.1.jar:/home/user/.m2/repository/org/apache/kerby/kerb-admin/1.0.1/kerb-admin-1.0.1.jar:/home/user/.m2/repository/org/apache/kerby/kerb-server/1.0.1/kerb-server-1.0.1.jar:/home/user/.m2/repository/org/apache/kerby/kerb-identity/1.0.1/kerb-identity-1.0.1.jar:/home/user/.m2/repository/org/apache/kerby/kerby-xdr/1.0.1/kerby-xdr-1.0.1.jar:/home/user/.m2/repository/org/slf4j/slf4j-log4j12/1.7.25/slf4j-log4j12-1.7.25.jar:/home/user/.m2/repository/org/apache/hadoop/hadoop-ozone-s3gateway/0.6.0-SNAPSHOT/hadoop-ozone-s3gateway-0.6.0-SNAPSHOT.jar:/home/user/.m2/repository/org/jboss/weld/servlet/weld-servlet/2.4.7.Final/weld-servlet-2.4.7.Final.jar:/home/user/.m2/repository/org/glassfish/jersey/containers/jersey-container-servlet-core/2.27/jersey-container-servlet-core-2.27.jar:/home/user/.m2/repository/org/glassfish/hk2/external/javax.inject/2.5.0-b42/javax.inject-2.5.0-b42.jar:/home/user/.m2/repository/org/glassfish/jersey/core/jersey-common/2.27/jersey-common-2.27.jar:/home/user/.m2/repository/org/glassfish/hk2/osgi-resource-locator/1.0.1/osgi-resource-locator-1.0.1.jar:/home/user/.m2/repository/javax/ws/rs/javax.ws.rs-api/2.1/javax.ws.rs-api-2.1.jar:/home/user/.m2/repository/org/glassfish/jersey/ext/cdi/jersey-cdi1x/2.27/jersey-cdi1x-2.27.jar:/home/user/.m2/repository/org/glassfish/jersey/inject/jersey-hk2/2.27/jersey-hk2-2.27.jar:/home/user/.m2/repository/org/glassfish/hk2/hk2-locator/2.5.0-b42/hk2-locator-2.5.0-b42.jar:/home/user/.m2/repository/org/javassist/javassist/3.22.0-CR2/javassist-3.22.0-CR2.jar:/home/user/.m2/repository/org/glassfish/hk2/hk2-api/2.5.0/hk2-api-2.5.0.jar:/home/user/.m2/repository/org/glassfish/hk2/external/jakarta.inject/2.5.0/jakarta.inject-2.5.0.jar:/home/user/.m2/repository/org/glassfish/hk2/hk2-utils/2.5.0/hk2-utils-2.5.0.jar:/home/user/.m2/repository/jakarta/annotation/jakarta.annotation-api/1.3.4/jakarta.annotation-api-1.3.4.jar:/home/user/.m2/repository/org/glassfish/hk2/external/aopalliance-repackaged/2.5.0/aopalliance-repackaged-2.5.0.jar:/home/user/.m2/repository/com/fasterxml/jackson/dataformat/jackson-dataformat-xml/2.10.3/jackson-dataformat-xml-2.10.3.jar:/home/user/.m2/repository/com/fasterxml/jackson/core/jackson-core/2.10.3/jackson-core-2.10.3.jar:/home/user/.m2/repository/com/fasterxml/jackson/module/jackson-module-jaxb-annotations/2.10.3/jackson-module-jaxb-annotations-2.10.3.jar:/home/user/.m2/repository/jakarta/xml/bind/jakarta.xml.bind-api/2.3.2/jakarta.xml.bind-api-2.3.2.jar:/home/user/.m2/repository/jakarta/activation/jakarta.activation-api/1.2.1/jakarta.activation-api-1.2.1.jar:/home/user/.m2/repository/org/codehaus/woodstox/stax2-api/3.1.4/stax2-api-3.1.4.jar:/home/user/.m2/repository/com/fasterxml/woodstox/woodstox-core/5.0.3/woodstox-core-5.0.3.jar:/home/user/.m2/repository/javax/enterprise/cdi-api/1.2/cdi-api-1.2.jar:/home/user/.m2/repository/javax/el/javax.el-api/3.0.0/javax.el-api-3.0.0.jar:/home/user/.m2/repository/javax/interceptor/javax.interceptor-api/1.2/javax.interceptor-api-1.2.jar:/home/user/.m2/repository/javax/inject/javax.inject/1/javax.inject-1.jar:/home/user/.m2/repository/com/sun/xml/bind/jaxb-impl/2.3.0.1/jaxb-impl-2.3.0.1.jar:/home/user/.m2/repository/com/sun/xml/bind/jaxb-core/2.3.0.1/jaxb-core-2.3.0.1.jar:/home/user/.m2/repository/javax/xml/bind/jaxb-api/2.3.0/jaxb-api-2.3.0.jar:/home/user/.m2/repository/javax/activation/activation/1.1.1/activation-1.1.1.jar:/home/user/.m2/repository/org/apache/hadoop/hadoop-ozone-csi/0.6.0-SNAPSHOT/hadoop-ozone-csi-0.6.0-SNAPSHOT.jar:/home/user/.m2/repository/com/google/protobuf/protobuf-java-util/3.11.0/protobuf-java-util-3.11.0.jar:/home/user/.m2/repository/com/google/code/gson/gson/2.2.4/gson-2.2.4.jar:/home/user/.m2/repository/org/apache/hadoop/hadoop-hdds-config/0.6.0-SNAPSHOT/hadoop-hdds-config-0.6.0-SNAPSHOT.jar:/home/user/.m2/repository/com/google/protobuf/protobuf-java/2.5.0/protobuf-java-2.5.0.jar:/home/user/.m2/repository/io/grpc/grpc-netty/1.29.0/grpc-netty-1.29.0.jar:/home/user/.m2/repository/io/grpc/grpc-core/1.29.0/grpc-core-1.29.0.jar:/home/user/.m2/repository/com/google/android/annotations/4.1.1.4/annotations-4.1.1.4.jar:/home/user/.m2/repository/io/perfmark/perfmark-api/0.19.0/perfmark-api-0.19.0.jar:/home/user/.m2/repository/io/netty/netty-codec-http2/4.1.48.Final/netty-codec-http2-4.1.48.Final.jar:/home/user/.m2/repository/io/netty/netty-codec/4.1.48.Final/netty-codec-4.1.48.Final.jar:/home/user/.m2/repository/io/netty/netty-handler/4.1.48.Final/netty-handler-4.1.48.Final.jar:/home/user/.m2/repository/io/netty/netty-codec-http/4.1.48.Final/netty-codec-http-4.1.48.Final.jar:/home/user/.m2/repository/io/netty/netty-handler-proxy/4.1.48.Final/netty-handler-proxy-4.1.48.Final.jar:/home/user/.m2/repository/io/netty/netty-codec-socks/4.1.48.Final/netty-codec-socks-4.1.48.Final.jar:/home/user/.m2/repository/io/netty/netty-transport-native-epoll/4.1.48.Final/netty-transport-native-epoll-4.1.48.Final.jar:/home/user/.m2/repository/io/netty/netty-common/4.1.48.Final/netty-common-4.1.48.Final.jar:/home/user/.m2/repository/io/netty/netty-buffer/4.1.48.Final/netty-buffer-4.1.48.Final.jar:/home/user/.m2/repository/io/netty/netty-transport/4.1.48.Final/netty-transport-4.1.48.Final.jar:/home/user/.m2/repository/io/netty/netty-resolver/4.1.48.Final/netty-resolver-4.1.48.Final.jar:/home/user/.m2/repository/io/netty/netty-transport-native-unix-common/4.1.48.Final/netty-transport-native-unix-common-4.1.48.Final.jar:/home/user/.m2/repository/io/grpc/grpc-protobuf/1.29.0/grpc-protobuf-1.29.0.jar:/home/user/.m2/repository/io/grpc/grpc-api/1.29.0/grpc-api-1.29.0.jar:/home/user/.m2/repository/io/grpc/grpc-context/1.29.0/grpc-context-1.29.0.jar:/home/user/.m2/repository/org/codehaus/mojo/animal-sniffer-annotations/1.18/animal-sniffer-annotations-1.18.jar:/home/user/.m2/repository/com/google/api/grpc/proto-google-common-protos/1.17.0/proto-google-common-protos-1.17.0.jar:/home/user/.m2/repository/io/grpc/grpc-protobuf-lite/1.29.0/grpc-protobuf-lite-1.29.0.jar:/home/user/.m2/repository/io/grpc/grpc-stub/1.29.0/grpc-stub-1.29.0.jar:/home/user/.m2/repository/org/apache/hadoop/hadoop-ozone-recon/0.6.0-SNAPSHOT/hadoop-ozone-recon-0.6.0-SNAPSHOT.jar:/home/user/.m2/repository/org/apache/hadoop/hadoop-ozone-reconcodegen/0.6.0-SNAPSHOT/hadoop-ozone-reconcodegen-0.6.0-SNAPSHOT.jar:/home/user/.m2/repository/com/google/inject/extensions/guice-multibindings/4.0/guice-multibindings-4.0.jar:/home/user/.m2/repository/com/google/inject/guice/4.0/guice-4.0.jar:/home/user/.m2/repository/aopalliance/aopalliance/1.0/aopalliance-1.0.jar:/home/user/.m2/repository/com/google/inject/extensions/guice-assistedinject/4.0/guice-assistedinject-4.0.jar:/home/user/.m2/repository/com/google/inject/extensions/guice-servlet/4.0/guice-servlet-4.0.jar:/home/user/.m2/repository/org/glassfish/jersey/containers/jersey-container-servlet/2.27/jersey-container-servlet-2.27.jar:/home/user/.m2/repository/org/glassfish/hk2/guice-bridge/2.5.0/guice-bridge-2.5.0.jar:/home/user/.m2/repository/org/glassfish/jersey/core/jersey-server/2.27/jersey-server-2.27.jar:/home/user/.m2/repository/org/glassfish/jersey/core/jersey-client/2.27/jersey-client-2.27.jar:/home/user/.m2/repository/org/glassfish/jersey/media/jersey-media-jaxb/2.27/jersey-media-jaxb-2.27.jar:/home/user/.m2/repository/javax/validation/validation-api/1.1.0.Final/validation-api-1.1.0.Final.jar:/home/user/.m2/repository/org/glassfish/jersey/media/jersey-media-json-jackson/2.27/jersey-media-json-jackson-2.27.jar:/home/user/.m2/repository/org/glassfish/jersey/ext/jersey-entity-filtering/2.27/jersey-entity-filtering-2.27.jar:/home/user/.m2/repository/org/jooq/jooq/3.11.10/jooq-3.11.10.jar:/home/user/.m2/repository/org/jooq/jooq-meta/3.11.10/jooq-meta-3.11.10.jar:/home/user/.m2/repository/org/jooq/jooq-codegen/3.11.10/jooq-codegen-3.11.10.jar:/home/user/.m2/repository/com/jolbox/bonecp/0.8.0.RELEASE/bonecp-0.8.0.RELEASE.jar:/home/user/.m2/repository/org/apache/derby/derby/10.14.2.0/derby-10.14.2.0.jar:/home/user/.m2/repository/org/xerial/sqlite-jdbc/3.25.2/sqlite-jdbc-3.25.2.jar:/home/user/.m2/repository/org/springframework/spring-jdbc/5.2.5.RELEASE/spring-jdbc-5.2.5.RELEASE.jar:/home/user/.m2/repository/org/springframework/spring-beans/5.2.5.RELEASE/spring-beans-5.2.5.RELEASE.jar:/home/user/.m2/repository/org/springframework/spring-core/5.2.5.RELEASE/spring-core-5.2.5.RELEASE.jar:/home/user/.m2/repository/org/springframework/spring-jcl/5.2.5.RELEASE/spring-jcl-5.2.5.RELEASE.jar:/home/user/.m2/repository/org/springframework/spring-tx/5.2.5.RELEASE/spring-tx-5.2.5.RELEASE.jar:/home/user/.m2/repository/org/apache/hadoop/hadoop-ozone-client/0.6.0-SNAPSHOT/hadoop-ozone-client-0.6.0-SNAPSHOT.jar:/home/user/.m2/repository/org/apache/hadoop/hadoop-ozone-filesystem/0.6.0-SNAPSHOT/hadoop-ozone-filesystem-0.6.0-SNAPSHOT.jar:/home/user/.m2/repository/org/apache/hadoop/hadoop-ozone-filesystem-common/0.6.0-SNAPSHOT/hadoop-ozone-filesystem-common-0.6.0-SNAPSHOT.jar:/home/user/.m2/repository/org/apache/hadoop/hadoop-ozone-tools/0.6.0-SNAPSHOT/hadoop-ozone-tools-0.6.0-SNAPSHOT.jar:/home/user/.m2/repository/org/apache/hadoop/hadoop-hdfs/3.2.1/hadoop-hdfs-3.2.1.jar:/home/user/.m2/repository/org/apache/ratis/ratis-tools/0.6.0-6ab75ae-SNAPSHOT/ratis-tools-0.6.0-6ab75ae-SNAPSHOT.jar:/home/user/.m2/repository/org/apache/ratis/ratis-proto/0.6.0-6ab75ae-SNAPSHOT/ratis-proto-0.6.0-6ab75ae-SNAPSHOT.jar:/home/user/.m2/repository/org/apache/ratis/ratis-common/0.6.0-6ab75ae-SNAPSHOT/ratis-common-0.6.0-6ab75ae-SNAPSHOT.jar:/home/user/.m2/repository/com/amazonaws/aws-java-sdk-core/1.11.615/aws-java-sdk-core-1.11.615.jar:/home/user/.m2/repository/org/apache/httpcomponents/httpclient/4.5.2/httpclient-4.5.2.jar:/home/user/.m2/repository/org/apache/httpcomponents/httpcore/4.4.4/httpcore-4.4.4.jar:/home/user/.m2/repository/software/amazon/ion/ion-java/1.0.2/ion-java-1.0.2.jar:/home/user/.m2/repository/com/fasterxml/jackson/dataformat/jackson-dataformat-cbor/2.10.3/jackson-dataformat-cbor-2.10.3.jar:/home/user/.m2/repository/joda-time/joda-time/2.8.1/joda-time-2.8.1.jar:/home/user/.m2/repository/com/amazonaws/aws-java-sdk-s3/1.11.615/aws-java-sdk-s3-1.11.615.jar:/home/user/.m2/repository/com/amazonaws/aws-java-sdk-kms/1.11.615/aws-java-sdk-kms-1.11.615.jar:/home/user/.m2/repository/com/amazonaws/jmespath-java/1.11.615/jmespath-java-1.11.615.jar:/home/user/.m2/repository/org/apache/hadoop/hadoop-hdds-tools/0.6.0-SNAPSHOT/hadoop-hdds-tools-0.6.0-SNAPSHOT.jar:/home/user/.m2/repository/commons-cli/commons-cli/1.2/commons-cli-1.2.jar:/home/user/.m2/repository/org/apache/commons/commons-lang3/3.7/commons-lang3-3.7.jar:/home/user/.m2/repository/org/apache/hadoop/hadoop-ozone-ozone-manager/0.6.0-SNAPSHOT/hadoop-ozone-ozone-manager-0.6.0-SNAPSHOT-tests.jar:/home/user/.m2/repository/junit/junit/4.11/junit-4.11.jar:/home/user/.m2/repository/org/hamcrest/hamcrest-core/1.3/hamcrest-core-1.3.jar:/home/user/.m2/repository/org/openjdk/jmh/jmh-core/1.19/jmh-core-1.19.jar:/home/user/.m2/repository/net/sf/jopt-simple/jopt-simple/4.6/jopt-simple-4.6.jar:/home/user/.m2/repository/org/apache/commons/commons-math3/3.1.1/commons-math3-3.1.1.jar:/home/user/.m2/repository/org/openjdk/jmh/jmh-generator-annprocess/1.19/jmh-generator-annprocess-1.19.jar:/home/user/.m2/repository/org/mockito/mockito-all/1.8.5/mockito-all-1.8.5.jar:/home/user/.m2/repository/org/apache/hadoop/hadoop-kms/3.2.1/hadoop-kms-3.2.1.jar:/home/user/.m2/repository/org/apache/hadoop/hadoop-auth/3.2.1/hadoop-auth-3.2.1.jar:/home/user/.m2/repository/com/nimbusds/nimbus-jose-jwt/7.9/nimbus-jose-jwt-7.9.jar:/home/user/.m2/repository/com/github/stephenc/jcip/jcip-annotations/1.0-1/jcip-annotations-1.0-1.jar:/home/user/.m2/repository/net/minidev/json-smart/2.3/json-smart-2.3.jar:/home/user/.m2/repository/net/minidev/accessors-smart/1.2/accessors-smart-1.2.jar:/home/user/.m2/repository/org/ow2/asm/asm/5.0.4/asm-5.0.4.jar:/home/user/.m2/repository/org/apache/zookeeper/zookeeper/3.4.13/zookeeper-3.4.13.jar:/home/user/.m2/repository/org/apache/yetus/audience-annotations/0.5.0/audience-annotations-0.5.0.jar:/home/user/.m2/repository/org/apache/curator/curator-framework/2.13.0/curator-framework-2.13.0.jar:/home/user/.m2/repository/com/sun/jersey/jersey-core/1.19/jersey-core-1.19.jar:/home/user/.m2/repository/javax/ws/rs/jsr311-api/1.1.1/jsr311-api-1.1.1.jar:/home/user/.m2/repository/com/sun/jersey/jersey-server/1.19/jersey-server-1.19.jar:/home/user/.m2/repository/javax/servlet/javax.servlet-api/3.1.0/javax.servlet-api-3.1.0.jar:/home/user/.m2/repository/org/eclipse/jetty/jetty-server/9.4.26.v20200117/jetty-server-9.4.26.v20200117.jar:/home/user/.m2/repository/org/eclipse/jetty/jetty-http/9.4.26.v20200117/jetty-http-9.4.26.v20200117.jar:/home/user/.m2/repository/org/eclipse/jetty/jetty-io/9.4.26.v20200117/jetty-io-9.4.26.v20200117.jar:/home/user/.m2/repository/org/eclipse/jetty/jetty-webapp/9.4.26.v20200117/jetty-webapp-9.4.26.v20200117.jar:/home/user/.m2/repository/org/eclipse/jetty/jetty-xml/9.4.26.v20200117/jetty-xml-9.4.26.v20200117.jar:/home/user/.m2/repository/org/eclipse/jetty/jetty-servlet/9.4.26.v20200117/jetty-servlet-9.4.26.v20200117.jar:/home/user/.m2/repository/org/eclipse/jetty/jetty-security/9.4.26.v20200117/jetty-security-9.4.26.v20200117.jar:/home/user/.m2/repository/org/apache/hadoop/hadoop-common/3.2.1/hadoop-common-3.2.1.jar:/home/user/.m2/repository/commons-net/commons-net/3.6/commons-net-3.6.jar:/home/user/.m2/repository/commons-collections/commons-collections/3.2.2/commons-collections-3.2.2.jar:/home/user/.m2/repository/com/sun/jersey/jersey-servlet/1.19/jersey-servlet-1.19.jar:/home/user/.m2/repository/com/sun/jersey/jersey-json/1.19/jersey-json-1.19.jar:/home/user/.m2/repository/org/codehaus/jettison/jettison/1.1/jettison-1.1.jar:/home/user/.m2/repository/org/codehaus/jackson/jackson-jaxrs/1.9.2/jackson-jaxrs-1.9.2.jar:/home/user/.m2/repository/org/codehaus/jackson/jackson-xc/1.9.2/jackson-xc-1.9.2.jar:/home/user/.m2/repository/commons-beanutils/commons-beanutils/1.9.4/commons-beanutils-1.9.4.jar:/home/user/.m2/repository/org/apache/commons/commons-configuration2/2.1.1/commons-configuration2-2.1.1.jar:/home/user/.m2/repository/org/apache/commons/commons-text/1.4/commons-text-1.4.jar:/home/user/.m2/repository/com/google/re2j/re2j/1.1/re2j-1.1.jar:/home/user/.m2/repository/com/jcraft/jsch/0.1.54/jsch-0.1.54.jar:/home/user/.m2/repository/org/apache/curator/curator-client/2.13.0/curator-client-2.13.0.jar:/home/user/.m2/repository/org/apache/curator/curator-recipes/2.13.0/curator-recipes-2.13.0.jar:/home/user/.m2/repository/dnsjava/dnsjava/2.1.7/dnsjava-2.1.7.jar:/home/user/.m2/repository/org/slf4j/jul-to-slf4j/1.7.25/jul-to-slf4j-1.7.25.jar:/home/user/.m2/repository/org/eclipse/jetty/jetty-util/9.4.26.v20200117/jetty-util-9.4.26.v20200117.jar:/home/user/.m2/repository/com/fasterxml/jackson/core/jackson-databind/2.10.3/jackson-databind-2.10.3.jar:/home/user/.m2/repository/org/apache/hadoop/hadoop-kms/3.2.1/hadoop-kms-3.2.1-tests.jar:/home/user/.m2/repository/org/apache/hadoop/hadoop-hdds-server-scm/0.6.0-SNAPSHOT/hadoop-hdds-server-scm-0.6.0-SNAPSHOT-tests.jar:/home/user/.m2/repository/org/apache/hadoop/hadoop-hdds-container-service/0.6.0-SNAPSHOT/hadoop-hdds-container-service-0.6.0-SNAPSHOT-tests.jar:/home/user/.m2/repository/org/apache/hadoop/hadoop-hdds-common/0.6.0-SNAPSHOT/hadoop-hdds-common-0.6.0-SNAPSHOT-tests.jar:/home/user/.m2/repository/org/yaml/snakeyaml/1.16/snakeyaml-1.16.jar:/home/user/.m2/repository/org/apache/hadoop/hadoop-hdds-hadoop-dependency-test/0.6.0-SNAPSHOT/hadoop-hdds-hadoop-dependency-test-0.6.0-SNAPSHOT.jar:/home/user/.m2/repository/org/apache/hadoop/hadoop-common/3.2.1/hadoop-common-3.2.1-tests.jar:/home/user/.m2/repository/javax/servlet/jsp/jsp-api/2.1/jsp-api-2.1.jar:/home/user/.m2/repository/org/apache/hadoop/hadoop-hdfs/3.2.1/hadoop-hdfs-3.2.1-tests.jar:/home/user/.m2/repository/org/eclipse/jetty/jetty-util-ajax/9.4.26.v20200117/jetty-util-ajax-9.4.26.v20200117.jar:/home/user/.m2/repository/commons-codec/commons-codec/1.11/commons-codec-1.11.jar:/home/user/.m2/repository/commons-daemon/commons-daemon/1.0.13/commons-daemon-1.0.13.jar:/home/user/.m2/repository/io/netty/netty/3.10.5.Final/netty-3.10.5.Final.jar:/home/user/.m2/repository/io/netty/netty-all/4.1.48.Final/netty-all-4.1.48.Final.jar:/home/user/.m2/repository/org/apache/htrace/htrace-core4/4.1.0-incubating/htrace-core4-4.1.0-incubating.jar:/home/user/.m2/repository/org/fusesource/leveldbjni/leveldbjni-all/1.8/leveldbjni-all-1.8.jar:/home/user/.m2/repository/org/apache/hadoop/hadoop-distcp/3.2.1/hadoop-distcp-3.2.1.jar:/home/user/.m2/repository/org/apache/hadoop/hadoop-mapreduce-client-jobclient/3.2.1/hadoop-mapreduce-client-jobclient-3.2.1.jar:/home/user/.m2/repository/org/apache/hadoop/hadoop-mapreduce-client-common/3.2.1/hadoop-mapreduce-client-common-3.2.1.jar:/home/user/.m2/repository/org/apache/hadoop/hadoop-yarn-common/3.2.1/hadoop-yarn-common-3.2.1.jar:/home/user/.m2/repository/org/apache/hadoop/hadoop-yarn-api/3.2.1/hadoop-yarn-api-3.2.1.jar:/home/user/.m2/repository/com/sun/jersey/jersey-client/1.19/jersey-client-1.19.jar:/home/user/.m2/repository/com/sun/jersey/contribs/jersey-guice/1.19/jersey-guice-1.19.jar:/home/user/.m2/repository/com/fasterxml/jackson/jaxrs/jackson-jaxrs-json-provider/2.10.3/jackson-jaxrs-json-provider-2.10.3.jar:/home/user/.m2/repository/com/fasterxml/jackson/jaxrs/jackson-jaxrs-base/2.10.3/jackson-jaxrs-base-2.10.3.jar:/home/user/.m2/repository/org/apache/hadoop/hadoop-yarn-client/3.2.1/hadoop-yarn-client-3.2.1.jar:/home/user/.m2/repository/org/apache/hadoop/hadoop-mapreduce-client-core/3.2.1/hadoop-mapreduce-client-core-3.2.1.jar:/home/user/.m2/repository/org/apache/avro/avro/1.7.7/avro-1.7.7.jar:/home/user/.m2/repository/org/codehaus/jackson/jackson-core-asl/1.9.13/jackson-core-asl-1.9.13.jar:/home/user/.m2/repository/org/codehaus/jackson/jackson-mapper-asl/1.9.13/jackson-mapper-asl-1.9.13.jar:/home/user/.m2/repository/com/thoughtworks/paranamer/paranamer/2.3/paranamer-2.3.jar:/home/user/.m2/repository/org/xerial/snappy/snappy-java/1.0.5/snappy-java-1.0.5.jar:/home/user/.m2/repository/org/apache/hadoop/hadoop-annotations/3.2.1/hadoop-annotations-3.2.1.jar:/usr/lib/jvm/java-1.8.0-openjdk-1.8.0.232.b09-0.el7_7.x86_64/jre/../lib/tools.jar:/home/user/.m2/repository/org/apache/hadoop/hadoop-distcp/3.2.1/hadoop-distcp-3.2.1-tests.jar:"/>
    <property name="java.vm.vendor" value="Oracle Corporation"/>
    <property name="sun.arch.data.model" value="64"/>
    <property name="test.build.dir" value="/github/workspace/mnt/ozone/hadoop-ozone/integration-test/target/test-dir"/>
    <property name="test.cache.data" value=""/>
    <property name="java.vendor.url" value="http://java.oracle.com/"/>
    <property name="user.timezone" value=""/>
    <property name="java.vm.specification.version" value="1.8"/>
    <property name="os.name" value="Linux"/>
    <property name="test.build.data" value="/github/workspace/mnt/ozone/hadoop-ozone/integration-test/target/test-dir"/>
    <property name="user.country" value="US"/>
    <property name="sun.java.launcher" value="SUN_STANDARD"/>
    <property name="sun.boot.library.path" value="/usr/lib/jvm/java-1.8.0-openjdk-1.8.0.232.b09-0.el7_7.x86_64/jre/lib/amd64"/>
    <property name="sun.java.command" value="/github/workspace/mnt/ozone/hadoop-ozone/integration-test/target/surefire/surefirebooter4240618115135843656.jar /github/workspace/mnt/ozone/hadoop-ozone/integration-test/target/surefire 2020-06-25T00-51-41_829-jvmRun1 surefire413772759396357598tmp surefire_203093029974284744508tmp"/>
    <property name="surefire.test.class.path" value="/github/workspace/mnt/ozone/hadoop-ozone/integration-test/target/test-classes:/github/workspace/mnt/ozone/hadoop-ozone/integration-test/target/classes:/home/user/.m2/repository/org/apache/hadoop/hadoop-ozone-common/0.6.0-SNAPSHOT/hadoop-ozone-common-0.6.0-SNAPSHOT.jar:/home/user/.m2/repository/org/apache/commons/commons-compress/1.4.1/commons-compress-1.4.1.jar:/home/user/.m2/repository/org/tukaani/xz/1.0/xz-1.0.jar:/home/user/.m2/repository/org/apache/hadoop/hadoop-hdds-common/0.6.0-SNAPSHOT/hadoop-hdds-common-0.6.0-SNAPSHOT.jar:/home/user/.m2/repository/org/apache/hadoop/hadoop-hdds-hadoop-dependency-client/0.6.0-SNAPSHOT/hadoop-hdds-hadoop-dependency-client-0.6.0-SNAPSHOT.jar:/home/user/.m2/repository/info/picocli/picocli/3.9.6/picocli-3.9.6.jar:/home/user/.m2/repository/com/fasterxml/jackson/core/jackson-annotations/2.10.3/jackson-annotations-2.10.3.jar:/home/user/.m2/repository/javax/annotation/javax.annotation-api/1.2/javax.annotation-api-1.2.jar:/home/user/.m2/repository/org/apache/ratis/ratis-server/0.6.0-6ab75ae-SNAPSHOT/ratis-server-0.6.0-6ab75ae-SNAPSHOT.jar:/home/user/.m2/repository/org/apache/ratis/ratis-client/0.6.0-6ab75ae-SNAPSHOT/ratis-client-0.6.0-6ab75ae-SNAPSHOT.jar:/home/user/.m2/repository/org/apache/ratis/ratis-metrics/0.6.0-6ab75ae-SNAPSHOT/ratis-metrics-0.6.0-6ab75ae-SNAPSHOT.jar:/home/user/.m2/repository/org/apache/ratis/ratis-netty/0.6.0-6ab75ae-SNAPSHOT/ratis-netty-0.6.0-6ab75ae-SNAPSHOT.jar:/home/user/.m2/repository/org/apache/ratis/ratis-grpc/0.6.0-6ab75ae-SNAPSHOT/ratis-grpc-0.6.0-6ab75ae-SNAPSHOT.jar:/home/user/.m2/repository/org/apache/logging/log4j/log4j-api/2.11.0/log4j-api-2.11.0.jar:/home/user/.m2/repository/org/apache/logging/log4j/log4j-core/2.11.0/log4j-core-2.11.0.jar:/home/user/.m2/repository/com/lmax/disruptor/3.4.2/disruptor-3.4.2.jar:/home/user/.m2/repository/org/apache/commons/commons-pool2/2.6.0/commons-pool2-2.6.0.jar:/home/user/.m2/repository/org/bouncycastle/bcpkix-jdk15on/1.60/bcpkix-jdk15on-1.60.jar:/home/user/.m2/repository/commons-validator/commons-validator/1.6/commons-validator-1.6.jar:/home/user/.m2/repository/commons-digester/commons-digester/1.8.1/commons-digester-1.8.1.jar:/home/user/.m2/repository/io/jaegertracing/jaeger-client/1.2.0/jaeger-client-1.2.0.jar:/home/user/.m2/repository/io/jaegertracing/jaeger-thrift/1.2.0/jaeger-thrift-1.2.0.jar:/home/user/.m2/repository/org/apache/thrift/libthrift/0.13.0/libthrift-0.13.0.jar:/home/user/.m2/repository/com/squareup/okhttp3/okhttp/4.2.2/okhttp-4.2.2.jar:/home/user/.m2/repository/com/squareup/okio/okio/2.2.2/okio-2.2.2.jar:/home/user/.m2/repository/org/jetbrains/kotlin/kotlin-stdlib/1.3.50/kotlin-stdlib-1.3.50.jar:/home/user/.m2/repository/org/jetbrains/kotlin/kotlin-stdlib-common/1.3.50/kotlin-stdlib-common-1.3.50.jar:/home/user/.m2/repository/org/jetbrains/annotations/13.0/annotations-13.0.jar:/home/user/.m2/repository/io/jaegertracing/jaeger-core/1.2.0/jaeger-core-1.2.0.jar:/home/user/.m2/repository/io/jaegertracing/jaeger-tracerresolver/1.2.0/jaeger-tracerresolver-1.2.0.jar:/home/user/.m2/repository/io/opentracing/contrib/opentracing-tracerresolver/0.1.8/opentracing-tracerresolver-0.1.8.jar:/home/user/.m2/repository/io/opentracing/opentracing-util/0.33.0/opentracing-util-0.33.0.jar:/home/user/.m2/repository/io/opentracing/opentracing-api/0.33.0/opentracing-api-0.33.0.jar:/home/user/.m2/repository/io/opentracing/opentracing-noop/0.33.0/opentracing-noop-0.33.0.jar:/home/user/.m2/repository/org/apache/hadoop/hadoop-hdds-client/0.6.0-SNAPSHOT/hadoop-hdds-client-0.6.0-SNAPSHOT.jar:/home/user/.m2/repository/org/apache/hadoop/hadoop-ozone-interface-client/0.6.0-SNAPSHOT/hadoop-ozone-interface-client-0.6.0-SNAPSHOT.jar:/home/user/.m2/repository/org/apache/hadoop/hadoop-hdds-test-utils/0.6.0-SNAPSHOT/hadoop-hdds-test-utils-0.6.0-SNAPSHOT.jar:/home/user/.m2/repository/com/google/guava/guava/28.2-jre/guava-28.2-jre.jar:/home/user/.m2/repository/com/google/guava/failureaccess/1.0.1/failureaccess-1.0.1.jar:/home/user/.m2/repository/com/google/guava/listenablefuture/9999.0-empty-to-avoid-conflict-with-guava/listenablefuture-9999.0-empty-to-avoid-conflict-with-guava.jar:/home/user/.m2/repository/com/google/code/findbugs/jsr305/3.0.0/jsr305-3.0.0.jar:/home/user/.m2/repository/org/checkerframework/checker-qual/2.10.0/checker-qual-2.10.0.jar:/home/user/.m2/repository/com/google/errorprone/error_prone_annotations/2.2.0/error_prone_annotations-2.2.0.jar:/home/user/.m2/repository/com/google/j2objc/j2objc-annotations/1.3/j2objc-annotations-1.3.jar:/home/user/.m2/repository/commons-io/commons-io/2.5/commons-io-2.5.jar:/home/user/.m2/repository/commons-logging/commons-logging/1.2/commons-logging-1.2.jar:/home/user/.m2/repository/log4j/log4j/1.2.17/log4j-1.2.17.jar:/home/user/.m2/repository/org/slf4j/slf4j-api/1.7.25/slf4j-api-1.7.25.jar:/home/user/.m2/repository/org/apache/hadoop/hadoop-hdds-server-scm/0.6.0-SNAPSHOT/hadoop-hdds-server-scm-0.6.0-SNAPSHOT.jar:/home/user/.m2/repository/org/apache/hadoop/hadoop-hdds-container-service/0.6.0-SNAPSHOT/hadoop-hdds-container-service-0.6.0-SNAPSHOT.jar:/home/user/.m2/repository/org/apache/hadoop/hadoop-hdds-hadoop-dependency-server/0.6.0-SNAPSHOT/hadoop-hdds-hadoop-dependency-server-0.6.0-SNAPSHOT.jar:/home/user/.m2/repository/org/apache/hadoop/hadoop-hdds-server-framework/0.6.0-SNAPSHOT/hadoop-hdds-server-framework-0.6.0-SNAPSHOT.jar:/home/user/.m2/repository/org/apache/hadoop/hadoop-hdds-interface-server/0.6.0-SNAPSHOT/hadoop-hdds-interface-server-0.6.0-SNAPSHOT.jar:/home/user/.m2/repository/org/apache/hadoop/hadoop-hdds-interface-admin/0.6.0-SNAPSHOT/hadoop-hdds-interface-admin-0.6.0-SNAPSHOT.jar:/home/user/.m2/repository/org/rocksdb/rocksdbjni/6.8.1/rocksdbjni-6.8.1.jar:/home/user/.m2/repository/io/prometheus/simpleclient_dropwizard/0.7.0/simpleclient_dropwizard-0.7.0.jar:/home/user/.m2/repository/io/prometheus/simpleclient/0.7.0/simpleclient-0.7.0.jar:/home/user/.m2/repository/io/prometheus/simpleclient_common/0.7.0/simpleclient_common-0.7.0.jar:/home/user/.m2/repository/com/fasterxml/jackson/datatype/jackson-datatype-jsr310/2.10.3/jackson-datatype-jsr310-2.10.3.jar:/home/user/.m2/repository/org/apache/hadoop/hadoop-hdds-docs/0.6.0-SNAPSHOT/hadoop-hdds-docs-0.6.0-SNAPSHOT.jar:/home/user/.m2/repository/io/dropwizard/metrics/metrics-core/3.2.4/metrics-core-3.2.4.jar:/home/user/.m2/repository/org/apache/hadoop/hadoop-hdfs-client/3.2.1/hadoop-hdfs-client-3.2.1.jar:/home/user/.m2/repository/org/bouncycastle/bcprov-jdk15on/1.60/bcprov-jdk15on-1.60.jar:/home/user/.m2/repository/org/apache/hadoop/hadoop-ozone-ozone-manager/0.6.0-SNAPSHOT/hadoop-ozone-ozone-manager-0.6.0-SNAPSHOT.jar:/home/user/.m2/repository/org/apache/hadoop/hadoop-hdds-interface-client/0.6.0-SNAPSHOT/hadoop-hdds-interface-client-0.6.0-SNAPSHOT.jar:/home/user/.m2/repository/org/apache/ratis/ratis-thirdparty-misc/0.4.0/ratis-thirdparty-misc-0.4.0.jar:/home/user/.m2/repository/org/apache/hadoop/hadoop-minikdc/3.2.1/hadoop-minikdc-3.2.1.jar:/home/user/.m2/repository/org/apache/kerby/kerb-simplekdc/1.0.1/kerb-simplekdc-1.0.1.jar:/home/user/.m2/repository/org/apache/kerby/kerb-client/1.0.1/kerb-client-1.0.1.jar:/home/user/.m2/repository/org/apache/kerby/kerby-config/1.0.1/kerby-config-1.0.1.jar:/home/user/.m2/repository/org/apache/kerby/kerb-core/1.0.1/kerb-core-1.0.1.jar:/home/user/.m2/repository/org/apache/kerby/kerby-pkix/1.0.1/kerby-pkix-1.0.1.jar:/home/user/.m2/repository/org/apache/kerby/kerby-asn1/1.0.1/kerby-asn1-1.0.1.jar:/home/user/.m2/repository/org/apache/kerby/kerby-util/1.0.1/kerby-util-1.0.1.jar:/home/user/.m2/repository/org/apache/kerby/kerb-common/1.0.1/kerb-common-1.0.1.jar:/home/user/.m2/repository/org/apache/kerby/kerb-crypto/1.0.1/kerb-crypto-1.0.1.jar:/home/user/.m2/repository/org/apache/kerby/kerb-util/1.0.1/kerb-util-1.0.1.jar:/home/user/.m2/repository/org/apache/kerby/token-provider/1.0.1/token-provider-1.0.1.jar:/home/user/.m2/repository/org/apache/kerby/kerb-admin/1.0.1/kerb-admin-1.0.1.jar:/home/user/.m2/repository/org/apache/kerby/kerb-server/1.0.1/kerb-server-1.0.1.jar:/home/user/.m2/repository/org/apache/kerby/kerb-identity/1.0.1/kerb-identity-1.0.1.jar:/home/user/.m2/repository/org/apache/kerby/kerby-xdr/1.0.1/kerby-xdr-1.0.1.jar:/home/user/.m2/repository/org/slf4j/slf4j-log4j12/1.7.25/slf4j-log4j12-1.7.25.jar:/home/user/.m2/repository/org/apache/hadoop/hadoop-ozone-s3gateway/0.6.0-SNAPSHOT/hadoop-ozone-s3gateway-0.6.0-SNAPSHOT.jar:/home/user/.m2/repository/org/jboss/weld/servlet/weld-servlet/2.4.7.Final/weld-servlet-2.4.7.Final.jar:/home/user/.m2/repository/org/glassfish/jersey/containers/jersey-container-servlet-core/2.27/jersey-container-servlet-core-2.27.jar:/home/user/.m2/repository/org/glassfish/hk2/external/javax.inject/2.5.0-b42/javax.inject-2.5.0-b42.jar:/home/user/.m2/repository/org/glassfish/jersey/core/jersey-common/2.27/jersey-common-2.27.jar:/home/user/.m2/repository/org/glassfish/hk2/osgi-resource-locator/1.0.1/osgi-resource-locator-1.0.1.jar:/home/user/.m2/repository/javax/ws/rs/javax.ws.rs-api/2.1/javax.ws.rs-api-2.1.jar:/home/user/.m2/repository/org/glassfish/jersey/ext/cdi/jersey-cdi1x/2.27/jersey-cdi1x-2.27.jar:/home/user/.m2/repository/org/glassfish/jersey/inject/jersey-hk2/2.27/jersey-hk2-2.27.jar:/home/user/.m2/repository/org/glassfish/hk2/hk2-locator/2.5.0-b42/hk2-locator-2.5.0-b42.jar:/home/user/.m2/repository/org/javassist/javassist/3.22.0-CR2/javassist-3.22.0-CR2.jar:/home/user/.m2/repository/org/glassfish/hk2/hk2-api/2.5.0/hk2-api-2.5.0.jar:/home/user/.m2/repository/org/glassfish/hk2/external/jakarta.inject/2.5.0/jakarta.inject-2.5.0.jar:/home/user/.m2/repository/org/glassfish/hk2/hk2-utils/2.5.0/hk2-utils-2.5.0.jar:/home/user/.m2/repository/jakarta/annotation/jakarta.annotation-api/1.3.4/jakarta.annotation-api-1.3.4.jar:/home/user/.m2/repository/org/glassfish/hk2/external/aopalliance-repackaged/2.5.0/aopalliance-repackaged-2.5.0.jar:/home/user/.m2/repository/com/fasterxml/jackson/dataformat/jackson-dataformat-xml/2.10.3/jackson-dataformat-xml-2.10.3.jar:/home/user/.m2/repository/com/fasterxml/jackson/core/jackson-core/2.10.3/jackson-core-2.10.3.jar:/home/user/.m2/repository/com/fasterxml/jackson/module/jackson-module-jaxb-annotations/2.10.3/jackson-module-jaxb-annotations-2.10.3.jar:/home/user/.m2/repository/jakarta/xml/bind/jakarta.xml.bind-api/2.3.2/jakarta.xml.bind-api-2.3.2.jar:/home/user/.m2/repository/jakarta/activation/jakarta.activation-api/1.2.1/jakarta.activation-api-1.2.1.jar:/home/user/.m2/repository/org/codehaus/woodstox/stax2-api/3.1.4/stax2-api-3.1.4.jar:/home/user/.m2/repository/com/fasterxml/woodstox/woodstox-core/5.0.3/woodstox-core-5.0.3.jar:/home/user/.m2/repository/javax/enterprise/cdi-api/1.2/cdi-api-1.2.jar:/home/user/.m2/repository/javax/el/javax.el-api/3.0.0/javax.el-api-3.0.0.jar:/home/user/.m2/repository/javax/interceptor/javax.interceptor-api/1.2/javax.interceptor-api-1.2.jar:/home/user/.m2/repository/javax/inject/javax.inject/1/javax.inject-1.jar:/home/user/.m2/repository/com/sun/xml/bind/jaxb-impl/2.3.0.1/jaxb-impl-2.3.0.1.jar:/home/user/.m2/repository/com/sun/xml/bind/jaxb-core/2.3.0.1/jaxb-core-2.3.0.1.jar:/home/user/.m2/repository/javax/xml/bind/jaxb-api/2.3.0/jaxb-api-2.3.0.jar:/home/user/.m2/repository/javax/activation/activation/1.1.1/activation-1.1.1.jar:/home/user/.m2/repository/org/apache/hadoop/hadoop-ozone-csi/0.6.0-SNAPSHOT/hadoop-ozone-csi-0.6.0-SNAPSHOT.jar:/home/user/.m2/repository/com/google/protobuf/protobuf-java-util/3.11.0/protobuf-java-util-3.11.0.jar:/home/user/.m2/repository/com/google/code/gson/gson/2.2.4/gson-2.2.4.jar:/home/user/.m2/repository/org/apache/hadoop/hadoop-hdds-config/0.6.0-SNAPSHOT/hadoop-hdds-config-0.6.0-SNAPSHOT.jar:/home/user/.m2/repository/com/google/protobuf/protobuf-java/2.5.0/protobuf-java-2.5.0.jar:/home/user/.m2/repository/io/grpc/grpc-netty/1.29.0/grpc-netty-1.29.0.jar:/home/user/.m2/repository/io/grpc/grpc-core/1.29.0/grpc-core-1.29.0.jar:/home/user/.m2/repository/com/google/android/annotations/4.1.1.4/annotations-4.1.1.4.jar:/home/user/.m2/repository/io/perfmark/perfmark-api/0.19.0/perfmark-api-0.19.0.jar:/home/user/.m2/repository/io/netty/netty-codec-http2/4.1.48.Final/netty-codec-http2-4.1.48.Final.jar:/home/user/.m2/repository/io/netty/netty-codec/4.1.48.Final/netty-codec-4.1.48.Final.jar:/home/user/.m2/repository/io/netty/netty-handler/4.1.48.Final/netty-handler-4.1.48.Final.jar:/home/user/.m2/repository/io/netty/netty-codec-http/4.1.48.Final/netty-codec-http-4.1.48.Final.jar:/home/user/.m2/repository/io/netty/netty-handler-proxy/4.1.48.Final/netty-handler-proxy-4.1.48.Final.jar:/home/user/.m2/repository/io/netty/netty-codec-socks/4.1.48.Final/netty-codec-socks-4.1.48.Final.jar:/home/user/.m2/repository/io/netty/netty-transport-native-epoll/4.1.48.Final/netty-transport-native-epoll-4.1.48.Final.jar:/home/user/.m2/repository/io/netty/netty-common/4.1.48.Final/netty-common-4.1.48.Final.jar:/home/user/.m2/repository/io/netty/netty-buffer/4.1.48.Final/netty-buffer-4.1.48.Final.jar:/home/user/.m2/repository/io/netty/netty-transport/4.1.48.Final/netty-transport-4.1.48.Final.jar:/home/user/.m2/repository/io/netty/netty-resolver/4.1.48.Final/netty-resolver-4.1.48.Final.jar:/home/user/.m2/repository/io/netty/netty-transport-native-unix-common/4.1.48.Final/netty-transport-native-unix-common-4.1.48.Final.jar:/home/user/.m2/repository/io/grpc/grpc-protobuf/1.29.0/grpc-protobuf-1.29.0.jar:/home/user/.m2/repository/io/grpc/grpc-api/1.29.0/grpc-api-1.29.0.jar:/home/user/.m2/repository/io/grpc/grpc-context/1.29.0/grpc-context-1.29.0.jar:/home/user/.m2/repository/org/codehaus/mojo/animal-sniffer-annotations/1.18/animal-sniffer-annotations-1.18.jar:/home/user/.m2/repository/com/google/api/grpc/proto-google-common-protos/1.17.0/proto-google-common-protos-1.17.0.jar:/home/user/.m2/repository/io/grpc/grpc-protobuf-lite/1.29.0/grpc-protobuf-lite-1.29.0.jar:/home/user/.m2/repository/io/grpc/grpc-stub/1.29.0/grpc-stub-1.29.0.jar:/home/user/.m2/repository/org/apache/hadoop/hadoop-ozone-recon/0.6.0-SNAPSHOT/hadoop-ozone-recon-0.6.0-SNAPSHOT.jar:/home/user/.m2/repository/org/apache/hadoop/hadoop-ozone-reconcodegen/0.6.0-SNAPSHOT/hadoop-ozone-reconcodegen-0.6.0-SNAPSHOT.jar:/home/user/.m2/repository/com/google/inject/extensions/guice-multibindings/4.0/guice-multibindings-4.0.jar:/home/user/.m2/repository/com/google/inject/guice/4.0/guice-4.0.jar:/home/user/.m2/repository/aopalliance/aopalliance/1.0/aopalliance-1.0.jar:/home/user/.m2/repository/com/google/inject/extensions/guice-assistedinject/4.0/guice-assistedinject-4.0.jar:/home/user/.m2/repository/com/google/inject/extensions/guice-servlet/4.0/guice-servlet-4.0.jar:/home/user/.m2/repository/org/glassfish/jersey/containers/jersey-container-servlet/2.27/jersey-container-servlet-2.27.jar:/home/user/.m2/repository/org/glassfish/hk2/guice-bridge/2.5.0/guice-bridge-2.5.0.jar:/home/user/.m2/repository/org/glassfish/jersey/core/jersey-server/2.27/jersey-server-2.27.jar:/home/user/.m2/repository/org/glassfish/jersey/core/jersey-client/2.27/jersey-client-2.27.jar:/home/user/.m2/repository/org/glassfish/jersey/media/jersey-media-jaxb/2.27/jersey-media-jaxb-2.27.jar:/home/user/.m2/repository/javax/validation/validation-api/1.1.0.Final/validation-api-1.1.0.Final.jar:/home/user/.m2/repository/org/glassfish/jersey/media/jersey-media-json-jackson/2.27/jersey-media-json-jackson-2.27.jar:/home/user/.m2/repository/org/glassfish/jersey/ext/jersey-entity-filtering/2.27/jersey-entity-filtering-2.27.jar:/home/user/.m2/repository/org/jooq/jooq/3.11.10/jooq-3.11.10.jar:/home/user/.m2/repository/org/jooq/jooq-meta/3.11.10/jooq-meta-3.11.10.jar:/home/user/.m2/repository/org/jooq/jooq-codegen/3.11.10/jooq-codegen-3.11.10.jar:/home/user/.m2/repository/com/jolbox/bonecp/0.8.0.RELEASE/bonecp-0.8.0.RELEASE.jar:/home/user/.m2/repository/org/apache/derby/derby/10.14.2.0/derby-10.14.2.0.jar:/home/user/.m2/repository/org/xerial/sqlite-jdbc/3.25.2/sqlite-jdbc-3.25.2.jar:/home/user/.m2/repository/org/springframework/spring-jdbc/5.2.5.RELEASE/spring-jdbc-5.2.5.RELEASE.jar:/home/user/.m2/repository/org/springframework/spring-beans/5.2.5.RELEASE/spring-beans-5.2.5.RELEASE.jar:/home/user/.m2/repository/org/springframework/spring-core/5.2.5.RELEASE/spring-core-5.2.5.RELEASE.jar:/home/user/.m2/repository/org/springframework/spring-jcl/5.2.5.RELEASE/spring-jcl-5.2.5.RELEASE.jar:/home/user/.m2/repository/org/springframework/spring-tx/5.2.5.RELEASE/spring-tx-5.2.5.RELEASE.jar:/home/user/.m2/repository/org/apache/hadoop/hadoop-ozone-client/0.6.0-SNAPSHOT/hadoop-ozone-client-0.6.0-SNAPSHOT.jar:/home/user/.m2/repository/org/apache/hadoop/hadoop-ozone-filesystem/0.6.0-SNAPSHOT/hadoop-ozone-filesystem-0.6.0-SNAPSHOT.jar:/home/user/.m2/repository/org/apache/hadoop/hadoop-ozone-filesystem-common/0.6.0-SNAPSHOT/hadoop-ozone-filesystem-common-0.6.0-SNAPSHOT.jar:/home/user/.m2/repository/org/apache/hadoop/hadoop-ozone-tools/0.6.0-SNAPSHOT/hadoop-ozone-tools-0.6.0-SNAPSHOT.jar:/home/user/.m2/repository/org/apache/hadoop/hadoop-hdfs/3.2.1/hadoop-hdfs-3.2.1.jar:/home/user/.m2/repository/org/apache/ratis/ratis-tools/0.6.0-6ab75ae-SNAPSHOT/ratis-tools-0.6.0-6ab75ae-SNAPSHOT.jar:/home/user/.m2/repository/org/apache/ratis/ratis-proto/0.6.0-6ab75ae-SNAPSHOT/ratis-proto-0.6.0-6ab75ae-SNAPSHOT.jar:/home/user/.m2/repository/org/apache/ratis/ratis-common/0.6.0-6ab75ae-SNAPSHOT/ratis-common-0.6.0-6ab75ae-SNAPSHOT.jar:/home/user/.m2/repository/com/amazonaws/aws-java-sdk-core/1.11.615/aws-java-sdk-core-1.11.615.jar:/home/user/.m2/repository/org/apache/httpcomponents/httpclient/4.5.2/httpclient-4.5.2.jar:/home/user/.m2/repository/org/apache/httpcomponents/httpcore/4.4.4/httpcore-4.4.4.jar:/home/user/.m2/repository/software/amazon/ion/ion-java/1.0.2/ion-java-1.0.2.jar:/home/user/.m2/repository/com/fasterxml/jackson/dataformat/jackson-dataformat-cbor/2.10.3/jackson-dataformat-cbor-2.10.3.jar:/home/user/.m2/repository/joda-time/joda-time/2.8.1/joda-time-2.8.1.jar:/home/user/.m2/repository/com/amazonaws/aws-java-sdk-s3/1.11.615/aws-java-sdk-s3-1.11.615.jar:/home/user/.m2/repository/com/amazonaws/aws-java-sdk-kms/1.11.615/aws-java-sdk-kms-1.11.615.jar:/home/user/.m2/repository/com/amazonaws/jmespath-java/1.11.615/jmespath-java-1.11.615.jar:/home/user/.m2/repository/org/apache/hadoop/hadoop-hdds-tools/0.6.0-SNAPSHOT/hadoop-hdds-tools-0.6.0-SNAPSHOT.jar:/home/user/.m2/repository/commons-cli/commons-cli/1.2/commons-cli-1.2.jar:/home/user/.m2/repository/org/apache/commons/commons-lang3/3.7/commons-lang3-3.7.jar:/home/user/.m2/repository/org/apache/hadoop/hadoop-ozone-ozone-manager/0.6.0-SNAPSHOT/hadoop-ozone-ozone-manager-0.6.0-SNAPSHOT-tests.jar:/home/user/.m2/repository/junit/junit/4.11/junit-4.11.jar:/home/user/.m2/repository/org/hamcrest/hamcrest-core/1.3/hamcrest-core-1.3.jar:/home/user/.m2/repository/org/openjdk/jmh/jmh-core/1.19/jmh-core-1.19.jar:/home/user/.m2/repository/net/sf/jopt-simple/jopt-simple/4.6/jopt-simple-4.6.jar:/home/user/.m2/repository/org/apache/commons/commons-math3/3.1.1/commons-math3-3.1.1.jar:/home/user/.m2/repository/org/openjdk/jmh/jmh-generator-annprocess/1.19/jmh-generator-annprocess-1.19.jar:/home/user/.m2/repository/org/mockito/mockito-all/1.8.5/mockito-all-1.8.5.jar:/home/user/.m2/repository/org/apache/hadoop/hadoop-kms/3.2.1/hadoop-kms-3.2.1.jar:/home/user/.m2/repository/org/apache/hadoop/hadoop-auth/3.2.1/hadoop-auth-3.2.1.jar:/home/user/.m2/repository/com/nimbusds/nimbus-jose-jwt/7.9/nimbus-jose-jwt-7.9.jar:/home/user/.m2/repository/com/github/stephenc/jcip/jcip-annotations/1.0-1/jcip-annotations-1.0-1.jar:/home/user/.m2/repository/net/minidev/json-smart/2.3/json-smart-2.3.jar:/home/user/.m2/repository/net/minidev/accessors-smart/1.2/accessors-smart-1.2.jar:/home/user/.m2/repository/org/ow2/asm/asm/5.0.4/asm-5.0.4.jar:/home/user/.m2/repository/org/apache/zookeeper/zookeeper/3.4.13/zookeeper-3.4.13.jar:/home/user/.m2/repository/org/apache/yetus/audience-annotations/0.5.0/audience-annotations-0.5.0.jar:/home/user/.m2/repository/org/apache/curator/curator-framework/2.13.0/curator-framework-2.13.0.jar:/home/user/.m2/repository/com/sun/jersey/jersey-core/1.19/jersey-core-1.19.jar:/home/user/.m2/repository/javax/ws/rs/jsr311-api/1.1.1/jsr311-api-1.1.1.jar:/home/user/.m2/repository/com/sun/jersey/jersey-server/1.19/jersey-server-1.19.jar:/home/user/.m2/repository/javax/servlet/javax.servlet-api/3.1.0/javax.servlet-api-3.1.0.jar:/home/user/.m2/repository/org/eclipse/jetty/jetty-server/9.4.26.v20200117/jetty-server-9.4.26.v20200117.jar:/home/user/.m2/repository/org/eclipse/jetty/jetty-http/9.4.26.v20200117/jetty-http-9.4.26.v20200117.jar:/home/user/.m2/repository/org/eclipse/jetty/jetty-io/9.4.26.v20200117/jetty-io-9.4.26.v20200117.jar:/home/user/.m2/repository/org/eclipse/jetty/jetty-webapp/9.4.26.v20200117/jetty-webapp-9.4.26.v20200117.jar:/home/user/.m2/repository/org/eclipse/jetty/jetty-xml/9.4.26.v20200117/jetty-xml-9.4.26.v20200117.jar:/home/user/.m2/repository/org/eclipse/jetty/jetty-servlet/9.4.26.v20200117/jetty-servlet-9.4.26.v20200117.jar:/home/user/.m2/repository/org/eclipse/jetty/jetty-security/9.4.26.v20200117/jetty-security-9.4.26.v20200117.jar:/home/user/.m2/repository/org/apache/hadoop/hadoop-common/3.2.1/hadoop-common-3.2.1.jar:/home/user/.m2/repository/commons-net/commons-net/3.6/commons-net-3.6.jar:/home/user/.m2/repository/commons-collections/commons-collections/3.2.2/commons-collections-3.2.2.jar:/home/user/.m2/repository/com/sun/jersey/jersey-servlet/1.19/jersey-servlet-1.19.jar:/home/user/.m2/repository/com/sun/jersey/jersey-json/1.19/jersey-json-1.19.jar:/home/user/.m2/repository/org/codehaus/jettison/jettison/1.1/jettison-1.1.jar:/home/user/.m2/repository/org/codehaus/jackson/jackson-jaxrs/1.9.2/jackson-jaxrs-1.9.2.jar:/home/user/.m2/repository/org/codehaus/jackson/jackson-xc/1.9.2/jackson-xc-1.9.2.jar:/home/user/.m2/repository/commons-beanutils/commons-beanutils/1.9.4/commons-beanutils-1.9.4.jar:/home/user/.m2/repository/org/apache/commons/commons-configuration2/2.1.1/commons-configuration2-2.1.1.jar:/home/user/.m2/repository/org/apache/commons/commons-text/1.4/commons-text-1.4.jar:/home/user/.m2/repository/com/google/re2j/re2j/1.1/re2j-1.1.jar:/home/user/.m2/repository/com/jcraft/jsch/0.1.54/jsch-0.1.54.jar:/home/user/.m2/repository/org/apache/curator/curator-client/2.13.0/curator-client-2.13.0.jar:/home/user/.m2/repository/org/apache/curator/curator-recipes/2.13.0/curator-recipes-2.13.0.jar:/home/user/.m2/repository/dnsjava/dnsjava/2.1.7/dnsjava-2.1.7.jar:/home/user/.m2/repository/org/slf4j/jul-to-slf4j/1.7.25/jul-to-slf4j-1.7.25.jar:/home/user/.m2/repository/org/eclipse/jetty/jetty-util/9.4.26.v20200117/jetty-util-9.4.26.v20200117.jar:/home/user/.m2/repository/com/fasterxml/jackson/core/jackson-databind/2.10.3/jackson-databind-2.10.3.jar:/home/user/.m2/repository/org/apache/hadoop/hadoop-kms/3.2.1/hadoop-kms-3.2.1-tests.jar:/home/user/.m2/repository/org/apache/hadoop/hadoop-hdds-server-scm/0.6.0-SNAPSHOT/hadoop-hdds-server-scm-0.6.0-SNAPSHOT-tests.jar:/home/user/.m2/repository/org/apache/hadoop/hadoop-hdds-container-service/0.6.0-SNAPSHOT/hadoop-hdds-container-service-0.6.0-SNAPSHOT-tests.jar:/home/user/.m2/repository/org/apache/hadoop/hadoop-hdds-common/0.6.0-SNAPSHOT/hadoop-hdds-common-0.6.0-SNAPSHOT-tests.jar:/home/user/.m2/repository/org/yaml/snakeyaml/1.16/snakeyaml-1.16.jar:/home/user/.m2/repository/org/apache/hadoop/hadoop-hdds-hadoop-dependency-test/0.6.0-SNAPSHOT/hadoop-hdds-hadoop-dependency-test-0.6.0-SNAPSHOT.jar:/home/user/.m2/repository/org/apache/hadoop/hadoop-common/3.2.1/hadoop-common-3.2.1-tests.jar:/home/user/.m2/repository/javax/servlet/jsp/jsp-api/2.1/jsp-api-2.1.jar:/home/user/.m2/repository/org/apache/hadoop/hadoop-hdfs/3.2.1/hadoop-hdfs-3.2.1-tests.jar:/home/user/.m2/repository/org/eclipse/jetty/jetty-util-ajax/9.4.26.v20200117/jetty-util-ajax-9.4.26.v20200117.jar:/home/user/.m2/repository/commons-codec/commons-codec/1.11/commons-codec-1.11.jar:/home/user/.m2/repository/commons-daemon/commons-daemon/1.0.13/commons-daemon-1.0.13.jar:/home/user/.m2/repository/io/netty/netty/3.10.5.Final/netty-3.10.5.Final.jar:/home/user/.m2/repository/io/netty/netty-all/4.1.48.Final/netty-all-4.1.48.Final.jar:/home/user/.m2/repository/org/apache/htrace/htrace-core4/4.1.0-incubating/htrace-core4-4.1.0-incubating.jar:/home/user/.m2/repository/org/fusesource/leveldbjni/leveldbjni-all/1.8/leveldbjni-all-1.8.jar:/home/user/.m2/repository/org/apache/hadoop/hadoop-distcp/3.2.1/hadoop-distcp-3.2.1.jar:/home/user/.m2/repository/org/apache/hadoop/hadoop-mapreduce-client-jobclient/3.2.1/hadoop-mapreduce-client-jobclient-3.2.1.jar:/home/user/.m2/repository/org/apache/hadoop/hadoop-mapreduce-client-common/3.2.1/hadoop-mapreduce-client-common-3.2.1.jar:/home/user/.m2/repository/org/apache/hadoop/hadoop-yarn-common/3.2.1/hadoop-yarn-common-3.2.1.jar:/home/user/.m2/repository/org/apache/hadoop/hadoop-yarn-api/3.2.1/hadoop-yarn-api-3.2.1.jar:/home/user/.m2/repository/com/sun/jersey/jersey-client/1.19/jersey-client-1.19.jar:/home/user/.m2/repository/com/sun/jersey/contribs/jersey-guice/1.19/jersey-guice-1.19.jar:/home/user/.m2/repository/com/fasterxml/jackson/jaxrs/jackson-jaxrs-json-provider/2.10.3/jackson-jaxrs-json-provider-2.10.3.jar:/home/user/.m2/repository/com/fasterxml/jackson/jaxrs/jackson-jaxrs-base/2.10.3/jackson-jaxrs-base-2.10.3.jar:/home/user/.m2/repository/org/apache/hadoop/hadoop-yarn-client/3.2.1/hadoop-yarn-client-3.2.1.jar:/home/user/.m2/repository/org/apache/hadoop/hadoop-mapreduce-client-core/3.2.1/hadoop-mapreduce-client-core-3.2.1.jar:/home/user/.m2/repository/org/apache/avro/avro/1.7.7/avro-1.7.7.jar:/home/user/.m2/repository/org/codehaus/jackson/jackson-core-asl/1.9.13/jackson-core-asl-1.9.13.jar:/home/user/.m2/repository/org/codehaus/jackson/jackson-mapper-asl/1.9.13/jackson-mapper-asl-1.9.13.jar:/home/user/.m2/repository/com/thoughtworks/paranamer/paranamer/2.3/paranamer-2.3.jar:/home/user/.m2/repository/org/xerial/snappy/snappy-java/1.0.5/snappy-java-1.0.5.jar:/home/user/.m2/repository/org/apache/hadoop/hadoop-annotations/3.2.1/hadoop-annotations-3.2.1.jar:/usr/lib/jvm/java-1.8.0-openjdk-1.8.0.232.b09-0.el7_7.x86_64/jre/../lib/tools.jar:/home/user/.m2/repository/org/apache/hadoop/hadoop-distcp/3.2.1/hadoop-distcp-3.2.1-tests.jar:"/>
    <property name="sun.cpu.endian" value="little"/>
    <property name="user.home" value="/home/user"/>
    <property name="user.language" value="en"/>
    <property name="java.specification.vendor" value="Oracle Corporation"/>
    <property name="java.home" value="/usr/lib/jvm/java-1.8.0-openjdk-1.8.0.232.b09-0.el7_7.x86_64/jre"/>
    <property name="java.security.krb5.conf" value="/github/workspace/mnt/ozone/hadoop-ozone/integration-test/target/test-classes/krb5.conf"/>
    <property name="basedir" value="/github/workspace/mnt/ozone/hadoop-ozone/integration-test"/>
    <property name="file.separator" value="/"/>
    <property name="line.separator" value="&#10;"/>
    <property name="java.vm.specification.vendor" value="Oracle Corporation"/>
    <property name="java.specification.name" value="Java Platform API Specification"/>
    <property name="java.awt.graphicsenv" value="sun.awt.X11GraphicsEnvironment"/>
    <property name="skip.installnpx" value="true"/>
    <property name="surefire.real.class.path" value="/github/workspace/mnt/ozone/hadoop-ozone/integration-test/target/surefire/surefirebooter4240618115135843656.jar:/home/user/.m2/repository/org/jacoco/org.jacoco.agent/0.8.5/org.jacoco.agent-0.8.5-runtime.jar"/>
    <property name="hadoop.log.dir" value="/github/workspace/mnt/ozone/hadoop-ozone/integration-test/target/log"/>
    <property name="sun.boot.class.path" value="/usr/lib/jvm/java-1.8.0-openjdk-1.8.0.232.b09-0.el7_7.x86_64/jre/lib/resources.jar:/usr/lib/jvm/java-1.8.0-openjdk-1.8.0.232.b09-0.el7_7.x86_64/jre/lib/rt.jar:/usr/lib/jvm/java-1.8.0-openjdk-1.8.0.232.b09-0.el7_7.x86_64/jre/lib/sunrsasign.jar:/usr/lib/jvm/java-1.8.0-openjdk-1.8.0.232.b09-0.el7_7.x86_64/jre/lib/jsse.jar:/usr/lib/jvm/java-1.8.0-openjdk-1.8.0.232.b09-0.el7_7.x86_64/jre/lib/jce.jar:/usr/lib/jvm/java-1.8.0-openjdk-1.8.0.232.b09-0.el7_7.x86_64/jre/lib/charsets.jar:/usr/lib/jvm/java-1.8.0-openjdk-1.8.0.232.b09-0.el7_7.x86_64/jre/lib/jfr.jar:/usr/lib/jvm/java-1.8.0-openjdk-1.8.0.232.b09-0.el7_7.x86_64/jre/classes"/>
    <property name="sun.management.compiler" value="HotSpot 64-Bit Tiered Compilers"/>
    <property name="skip.npx" value="true"/>
    <property name="java.runtime.version" value="1.8.0_232-b09"/>
    <property name="java.net.preferIPv4Stack" value="true"/>
    <property name="user.name" value="jenkins1001"/>
    <property name="path.separator" value=":"/>
    <property name="java.security.egd" value="file:///dev/urandom"/>
    <property name="os.version" value="5.3.0-1028-azure"/>
    <property name="java.endorsed.dirs" value="/usr/lib/jvm/java-1.8.0-openjdk-1.8.0.232.b09-0.el7_7.x86_64/jre/lib/endorsed"/>
    <property name="java.runtime.name" value="OpenJDK Runtime Environment"/>
    <property name="file.encoding" value="ANSI_X3.4-1968"/>
    <property name="java.vm.name" value="OpenJDK 64-Bit Server VM"/>
    <property name="test.build.webapps" value=""/>
    <property name="localRepository" value="/home/user/.m2/repository"/>
    <property name="java.vendor.url.bug" value="http://bugreport.sun.com/bugreport/"/>
    <property name="java.io.tmpdir" value="/tmp"/>
    <property name="require.test.libhadoop" value=""/>
    <property name="java.version" value="1.8.0_232"/>
    <property name="user.dir" value="/github/workspace/mnt/ozone/hadoop-ozone/integration-test"/>
    <property name="os.arch" value="amd64"/>
    <property name="java.vm.specification.name" value="Java Virtual Machine Specification"/>
    <property name="test.build.classes" value="/github/workspace/mnt/ozone/hadoop-ozone/integration-test/target/test-classes"/>
    <property name="java.awt.printerjob" value="sun.print.PSPrinterJob"/>
    <property name="sun.os.patch.level" value="unknown"/>
    <property name="hadoop.tmp.dir" value="/github/workspace/mnt/ozone/hadoop-ozone/integration-test/target/tmp"/>
    <property name="java.library.path" value="/usr/lib:/usr/java/packages/lib/amd64:/usr/lib64:/lib64:/lib:/usr/lib"/>
    <property name="java.vm.info" value="mixed mode"/>
    <property name="java.vendor" value="Oracle Corporation"/>
    <property name="java.vm.version" value="25.232-b09"/>
    <property name="java.ext.dirs" value="/usr/lib/jvm/java-1.8.0-openjdk-1.8.0.232.b09-0.el7_7.x86_64/jre/lib/ext:/usr/java/packages/lib/ext"/>
    <property name="sun.io.unicode.encoding" value="UnicodeLittle"/>
    <property name="java.class.version" value="52.0"/>
  </properties>
  <testcase name="testDeleteKeyWithSlowFollower" classname="org.apache.hadoop.ozone.client.rpc.TestDeleteWithSlowFollower" time="0.146">
    <failure type="java.lang.AssertionError">java.lang.AssertionError
	at org.junit.Assert.fail(Assert.java:86)
	at org.junit.Assert.assertTrue(Assert.java:41)
	at org.junit.Assert.assertNotNull(Assert.java:621)
	at org.junit.Assert.assertNotNull(Assert.java:631)
	at org.apache.hadoop.ozone.client.rpc.TestDeleteWithSlowFollower.testDeleteKeyWithSlowFollower(TestDeleteWithSlowFollower.java:225)
	at sun.reflect.NativeMethodAccessorImpl.invoke0(Native Method)
	at sun.reflect.NativeMethodAccessorImpl.invoke(NativeMethodAccessorImpl.java:62)
	at sun.reflect.DelegatingMethodAccessorImpl.invoke(DelegatingMethodAccessorImpl.java:43)
	at java.lang.reflect.Method.invoke(Method.java:498)
	at org.junit.runners.model.FrameworkMethod$1.runReflectiveCall(FrameworkMethod.java:47)
	at org.junit.internal.runners.model.ReflectiveCallable.run(ReflectiveCallable.java:12)
	at org.junit.runners.model.FrameworkMethod.invokeExplosively(FrameworkMethod.java:44)
	at org.junit.internal.runners.statements.InvokeMethod.evaluate(InvokeMethod.java:17)
	at org.junit.runners.ParentRunner.runLeaf(ParentRunner.java:271)
	at org.junit.runners.BlockJUnit4ClassRunner.runChild(BlockJUnit4ClassRunner.java:70)
	at org.junit.runners.BlockJUnit4ClassRunner.runChild(BlockJUnit4ClassRunner.java:50)
	at org.junit.runners.ParentRunner$3.run(ParentRunner.java:238)
	at org.junit.runners.ParentRunner$1.schedule(ParentRunner.java:63)
	at org.junit.runners.ParentRunner.runChildren(ParentRunner.java:236)
	at org.junit.runners.ParentRunner.access$000(ParentRunner.java:53)
	at org.junit.runners.ParentRunner$2.evaluate(ParentRunner.java:229)
	at org.junit.internal.runners.statements.RunBefores.evaluate(RunBefores.java:26)
	at org.junit.internal.runners.statements.RunAfters.evaluate(RunAfters.java:27)
	at org.junit.runners.ParentRunner.run(ParentRunner.java:309)
	at org.apache.maven.surefire.junit4.JUnit4Provider.execute(JUnit4Provider.java:365)
	at org.apache.maven.surefire.junit4.JUnit4Provider.executeWithRerun(JUnit4Provider.java:273)
	at org.apache.maven.surefire.junit4.JUnit4Provider.executeTestSet(JUnit4Provider.java:238)
	at org.apache.maven.surefire.junit4.JUnit4Provider.invoke(JUnit4Provider.java:159)
	at org.apache.maven.surefire.booter.ForkedBooter.invokeProviderInSameClassLoader(ForkedBooter.java:384)
	at org.apache.maven.surefire.booter.ForkedBooter.runSuitesInProcess(ForkedBooter.java:345)
	at org.apache.maven.surefire.booter.ForkedBooter.execute(ForkedBooter.java:126)
	at org.apache.maven.surefire.booter.ForkedBooter.main(ForkedBooter.java:418)
</failure>
    <system-out><![CDATA[2020-06-25 01:33:05,839 [main] WARN  server.ServerUtils (ServerUtils.java:getScmDbDir(148)) - ozone.scm.db.dirs is not configured. We recommend adding this setting. Falling back to ozone.metadata.dirs instead.
2020-06-25 01:33:05,933 [main] WARN  server.ServerUtils (ServerUtils.java:getScmDbDir(148)) - ozone.scm.db.dirs is not configured. We recommend adding this setting. Falling back to ozone.metadata.dirs instead.
2020-06-25 01:33:06,074 [main] WARN  db.DBStoreBuilder (DBStoreBuilder.java:createDBStoreBuilder(277)) - ozone.scm.db.dirs is not configured. We recommend adding this setting. Falling back to ozone.metadata.dirs instead.
2020-06-25 01:33:06,247 [main] INFO  net.NodeSchemaLoader (NodeSchemaLoader.java:loadSchemaFromFile(126)) - Loading file from sun.misc.CompoundEnumeration@29a60c27
2020-06-25 01:33:06,249 [main] INFO  net.NodeSchemaLoader (NodeSchemaLoader.java:loadSchema(172)) - Loading network topology layer schema file
2020-06-25 01:33:06,338 [main] WARN  server.ServerUtils (ServerUtils.java:sanitizeUserArgs(73)) - ozone.scm.stale.node.interval value = 1000000 is larger than max = 100000 based on the key value of ozone.scm.heartbeat.thread.interval, reset to the max value 100000.
2020-06-25 01:33:06,339 [main] WARN  server.ServerUtils (ServerUtils.java:sanitizeUserArgs(73)) - ozone.scm.stale.node.interval value = 1000000 is larger than max = 100000 based on the key value of ozone.scm.heartbeat.thread.interval, reset to the max value 100000.
2020-06-25 01:33:06,343 [main] INFO  node.SCMNodeManager (SCMNodeManager.java:<init>(116)) - Entering startup safe mode.
2020-06-25 01:33:06,474 [main] INFO  algorithms.ContainerPlacementPolicyFactory (ContainerPlacementPolicyFactory.java:getPolicy(60)) - Create container placement policy of type org.apache.hadoop.hdds.scm.container.placement.algorithms.SCMContainerPlacementRandom
2020-06-25 01:33:06,501 [main] INFO  pipeline.SCMPipelineManager (SCMPipelineManager.java:initializePipelineState(158)) - No pipeline exists in current db
2020-06-25 01:33:06,576 [main] INFO  safemode.HealthyPipelineSafeModeRule (HealthyPipelineSafeModeRule.java:<init>(89)) - Total pipeline count is 0, healthy pipeline threshold count is 0
2020-06-25 01:33:06,581 [main] INFO  safemode.OneReplicaPipelineSafeModeRule (OneReplicaPipelineSafeModeRule.java:<init>(79)) - Total pipeline count is 0, pipeline's with at least one datanode reported threshold count is 0
2020-06-25 01:33:06,623 [RatisPipelineUtilsThread] ERROR pipeline.SCMPipelineManager (SCMPipelineManager.java:createPipeline(222)) - Failed to create pipeline of type RATIS and factor ONE. Exception: Cannot create pipeline of factor 1 using 0 nodes. Used 0 nodes. Healthy nodes 0
2020-06-25 01:33:07,008 [main] INFO  ipc.CallQueueManager (CallQueueManager.java:<init>(84)) - Using callQueue: class java.util.concurrent.LinkedBlockingQueue, queueCapacity: 2000, scheduler: class org.apache.hadoop.ipc.DefaultRpcScheduler, ipcBackoff: false.
2020-06-25 01:33:07,033 [Socket Reader #1 for port 0] INFO  ipc.Server (Server.java:run(1219)) - Starting Socket Reader #1 for port 0
2020-06-25 01:33:07,065 [Listener at 0.0.0.0/38683] INFO  ipc.CallQueueManager (CallQueueManager.java:<init>(84)) - Using callQueue: class java.util.concurrent.LinkedBlockingQueue, queueCapacity: 2000, scheduler: class org.apache.hadoop.ipc.DefaultRpcScheduler, ipcBackoff: false.
2020-06-25 01:33:07,068 [Socket Reader #1 for port 0] INFO  ipc.Server (Server.java:run(1219)) - Starting Socket Reader #1 for port 0
2020-06-25 01:33:07,084 [Listener at 0.0.0.0/33741] INFO  ipc.CallQueueManager (CallQueueManager.java:<init>(84)) - Using callQueue: class java.util.concurrent.LinkedBlockingQueue, queueCapacity: 2000, scheduler: class org.apache.hadoop.ipc.DefaultRpcScheduler, ipcBackoff: false.
2020-06-25 01:33:07,088 [Socket Reader #1 for port 0] INFO  ipc.Server (Server.java:run(1219)) - Starting Socket Reader #1 for port 0
2020-06-25 01:33:07,112 [Listener at 0.0.0.0/42407] INFO  http.BaseHttpServer (BaseHttpServer.java:newHttpServer2BuilderForOzone(207)) - Starting Web-server for scm at: http://0.0.0.0:0
2020-06-25 01:33:07,112 [Listener at 0.0.0.0/42407] INFO  http.BaseHttpServer (BaseHttpServer.java:<init>(106)) - Hadoop Security Enabled: false Ozone Security Enabled: false Ozone HTTP Security Enabled: false 
2020-06-25 01:33:07,142 [Listener at 0.0.0.0/42407] INFO  util.log (Log.java:initialized(169)) - Logging initialized @2386ms to org.eclipse.jetty.util.log.Slf4jLog
2020-06-25 01:33:07,271 [Listener at 0.0.0.0/42407] INFO  server.AuthenticationFilter (AuthenticationFilter.java:constructSecretProvider(240)) - Unable to initialize FileSignerSecretProvider, falling back to use random secrets.
2020-06-25 01:33:07,287 [Listener at 0.0.0.0/42407] WARN  http.HttpRequestLog (HttpRequestLog.java:getRequestLog(103)) - Jetty request log can only be enabled using Log4j
2020-06-25 01:33:07,292 [Listener at 0.0.0.0/42407] INFO  http.HttpServer2 (HttpServer2.java:addGlobalFilter(997)) - Added global filter 'safety' (class=org.apache.hadoop.hdds.server.http.HttpServer2$QuotingInputFilter)
2020-06-25 01:33:07,295 [Listener at 0.0.0.0/42407] INFO  http.HttpServer2 (HttpServer2.java:addFilter(973)) - Added filter static_user_filter (class=org.apache.hadoop.http.lib.StaticUserWebFilter$StaticUserFilter) to context scm
2020-06-25 01:33:07,295 [Listener at 0.0.0.0/42407] INFO  http.HttpServer2 (HttpServer2.java:addFilter(981)) - Added filter static_user_filter (class=org.apache.hadoop.http.lib.StaticUserWebFilter$StaticUserFilter) to context logs
2020-06-25 01:33:07,296 [Listener at 0.0.0.0/42407] INFO  http.HttpServer2 (HttpServer2.java:addFilter(981)) - Added filter static_user_filter (class=org.apache.hadoop.http.lib.StaticUserWebFilter$StaticUserFilter) to context static
2020-06-25 01:33:07,364 [Listener at 0.0.0.0/42407] INFO  server.StorageContainerManager (StorageContainerManager.java:start(782)) - StorageContainerLocationProtocol RPC server is listening at /0.0.0.0:42407
2020-06-25 01:33:07,428 [Listener at 0.0.0.0/42407] WARN  impl.MetricsConfig (MetricsConfig.java:loadFirst(134)) - Cannot locate configuration: tried hadoop-metrics2-storagecontainermanager.properties,hadoop-metrics2.properties
2020-06-25 01:33:07,442 [Listener at 0.0.0.0/42407] INFO  impl.MetricsSystemImpl (MetricsSystemImpl.java:startTimer(374)) - Scheduled Metric snapshot period at 10 second(s).
2020-06-25 01:33:07,443 [Listener at 0.0.0.0/42407] INFO  impl.MetricsSystemImpl (MetricsSystemImpl.java:start(191)) - StorageContainerManager metrics system started
2020-06-25 01:33:07,668 [Listener at 0.0.0.0/42407] INFO  server.SCMClientProtocolServer (SCMClientProtocolServer.java:start(156)) - RPC server for Client  is listening at /0.0.0.0:42407
2020-06-25 01:33:07,672 [IPC Server Responder] INFO  ipc.Server (Server.java:run(1460)) - IPC Server Responder: starting
2020-06-25 01:33:07,677 [IPC Server listener on 0] INFO  ipc.Server (Server.java:run(1298)) - IPC Server listener on 0: starting
2020-06-25 01:33:07,697 [Listener at 0.0.0.0/42407] INFO  server.StorageContainerManager (StorageContainerManager.java:start(794)) - ScmBlockLocationProtocol RPC server is listening at /0.0.0.0:33741
2020-06-25 01:33:07,698 [Listener at 0.0.0.0/42407] INFO  server.SCMBlockProtocolServer (SCMBlockProtocolServer.java:start(149)) - RPC server for Block Protocol is listening at /0.0.0.0:33741
2020-06-25 01:33:07,698 [IPC Server Responder] INFO  ipc.Server (Server.java:run(1460)) - IPC Server Responder: starting
2020-06-25 01:33:07,699 [IPC Server listener on 0] INFO  ipc.Server (Server.java:run(1298)) - IPC Server listener on 0: starting
2020-06-25 01:33:07,702 [Listener at 0.0.0.0/42407] INFO  server.StorageContainerManager (StorageContainerManager.java:start(800)) - ScmDatanodeProtocl RPC server is listening at /0.0.0.0:38683
2020-06-25 01:33:07,702 [Listener at 0.0.0.0/42407] INFO  server.SCMDatanodeProtocolServer (SCMDatanodeProtocolServer.java:start(172)) - RPC server for DataNodes is listening at /0.0.0.0:38683
2020-06-25 01:33:07,703 [IPC Server Responder] INFO  ipc.Server (Server.java:run(1460)) - IPC Server Responder: starting
2020-06-25 01:33:07,703 [IPC Server listener on 0] INFO  ipc.Server (Server.java:run(1298)) - IPC Server listener on 0: starting
2020-06-25 01:33:07,713 [Listener at 0.0.0.0/42407] INFO  http.HttpServer2 (HttpServer2.java:bindListener(1215)) - Jetty bound to port 36765
2020-06-25 01:33:07,715 [Listener at 0.0.0.0/42407] INFO  server.Server (Server.java:doStart(359)) - jetty-9.4.26.v20200117; built: 2020-01-17T12:35:33.676Z; git: 7b38981d25d14afb4a12ff1f2596756144edf695; jvm 1.8.0_232-b09
2020-06-25 01:33:07,747 [Listener at 0.0.0.0/42407] INFO  server.session (DefaultSessionIdManager.java:doStart(333)) - DefaultSessionIdManager workerName=node0
2020-06-25 01:33:07,747 [Listener at 0.0.0.0/42407] INFO  server.session (DefaultSessionIdManager.java:doStart(338)) - No SessionScavenger set, using defaults
2020-06-25 01:33:07,749 [Listener at 0.0.0.0/42407] INFO  server.session (HouseKeeper.java:startScavenging(140)) - node0 Scavenging every 660000ms
2020-06-25 01:33:07,762 [Listener at 0.0.0.0/42407] INFO  handler.ContextHandler (ContextHandler.java:doStart(825)) - Started o.e.j.s.ServletContextHandler@478b0739{logs,/logs,file:///github/workspace/mnt/ozone/hadoop-ozone/integration-test/target/log,AVAILABLE}
2020-06-25 01:33:07,762 [Listener at 0.0.0.0/42407] INFO  handler.ContextHandler (ContextHandler.java:doStart(825)) - Started o.e.j.s.ServletContextHandler@144ab983{static,/static,file:///github/workspace/mnt/ozone/hadoop-ozone/integration-test/target/test-classes/webapps/static,AVAILABLE}
2020-06-25 01:33:07,802 [Listener at 0.0.0.0/42407] INFO  handler.ContextHandler (ContextHandler.java:doStart(825)) - Started o.e.j.w.WebAppContext@18e4674d{scm,/,file:///github/workspace/mnt/ozone/hadoop-ozone/integration-test/target/test-classes/webapps/scm/,AVAILABLE}{file:/github/workspace/mnt/ozone/hadoop-ozone/integration-test/target/test-classes/webapps/scm}
2020-06-25 01:33:07,811 [Listener at 0.0.0.0/42407] INFO  server.AbstractConnector (AbstractConnector.java:doStart(330)) - Started ServerConnector@40709f9{HTTP/1.1,[http/1.1]}{0.0.0.0:36765}
2020-06-25 01:33:07,811 [Listener at 0.0.0.0/42407] INFO  server.Server (Server.java:doStart(399)) - Started @3055ms
2020-06-25 01:33:07,813 [Listener at 0.0.0.0/42407] INFO  impl.MetricsSinkAdapter (MetricsSinkAdapter.java:start(204)) - Sink prometheus started
2020-06-25 01:33:07,814 [Listener at 0.0.0.0/42407] INFO  impl.MetricsSystemImpl (MetricsSystemImpl.java:registerSink(301)) - Registered sink prometheus
2020-06-25 01:33:07,818 [Listener at 0.0.0.0/42407] INFO  http.BaseHttpServer (BaseHttpServer.java:updateConnectorAddress(327)) - HTTP server of scm listening at http://0.0.0.0:36765
2020-06-25 01:33:07,829 [Listener at 0.0.0.0/42407] WARN  server.ServerUtils (ServerUtils.java:getDBPath(225)) - ozone.om.db.dirs is not configured. We recommend adding this setting. Falling back to ozone.metadata.dirs instead.
2020-06-25 01:33:07,841 [org.apache.hadoop.util.JvmPauseMonitor$Monitor@13250132] INFO  util.JvmPauseMonitor (JvmPauseMonitor.java:run(188)) - Starting JVM pause monitor
2020-06-25 01:33:07,921 [Listener at 0.0.0.0/42407] INFO  ha.OMHANodeDetails (OMHANodeDetails.java:loadOMHAConfig(104)) - ozone.om.internal.service.id is not defined, falling back to ozone.om.service.ids to find serviceID for OzoneManager if it is HA enabled cluster
2020-06-25 01:33:07,923 [Listener at 0.0.0.0/42407] INFO  ha.OMHANodeDetails (OMHANodeDetails.java:loadOMHAConfig(213)) - Configuration either no ozone.om.address set. Falling back to the default OM address /127.0.0.1:0
2020-06-25 01:33:07,923 [Listener at 0.0.0.0/42407] INFO  ha.OMHANodeDetails (OMHANodeDetails.java:getOMNodeDetails(241)) - OM Service ID is not set. Setting it to the default ID: omServiceIdDefault
2020-06-25 01:33:07,925 [Listener at 0.0.0.0/42407] WARN  server.ServerUtils (ServerUtils.java:getDBPath(225)) - ozone.om.db.dirs is not configured. We recommend adding this setting. Falling back to ozone.metadata.dirs instead.
2020-06-25 01:33:07,926 [Listener at 0.0.0.0/42407] WARN  server.ServerUtils (ServerUtils.java:getDBPath(225)) - ozone.om.db.dirs is not configured. We recommend adding this setting. Falling back to ozone.metadata.dirs instead.
2020-06-25 01:33:08,568 [Listener at 0.0.0.0/42407] WARN  server.ServerUtils (ServerUtils.java:getDBPath(225)) - ozone.om.db.dirs is not configured. We recommend adding this setting. Falling back to ozone.metadata.dirs instead.
2020-06-25 01:33:08,689 [Listener at 0.0.0.0/42407] INFO  ipc.CallQueueManager (CallQueueManager.java:<init>(84)) - Using callQueue: class java.util.concurrent.LinkedBlockingQueue, queueCapacity: 2000, scheduler: class org.apache.hadoop.ipc.DefaultRpcScheduler, ipcBackoff: false.
2020-06-25 01:33:08,692 [Socket Reader #1 for port 0] INFO  ipc.Server (Server.java:run(1219)) - Starting Socket Reader #1 for port 0
2020-06-25 01:33:08,722 [Listener at 127.0.0.1/40917] INFO  impl.MetricsSystemImpl (MetricsSystemImpl.java:init(158)) - OzoneManager metrics system started (again)
2020-06-25 01:33:08,723 [Listener at 127.0.0.1/40917] INFO  om.OzoneManager (OzoneManager.java:start(1083)) - OzoneManager RPC server is listening at localhost/127.0.0.1:40917
2020-06-25 01:33:08,752 [IPC Server Responder] INFO  ipc.Server (Server.java:run(1460)) - IPC Server Responder: starting
2020-06-25 01:33:08,756 [IPC Server listener on 0] INFO  ipc.Server (Server.java:run(1298)) - IPC Server listener on 0: starting
2020-06-25 01:33:08,800 [Listener at 127.0.0.1/40917] INFO  http.BaseHttpServer (BaseHttpServer.java:newHttpServer2BuilderForOzone(207)) - Starting Web-server for ozoneManager at: http://0.0.0.0:0
2020-06-25 01:33:08,800 [Listener at 127.0.0.1/40917] INFO  http.BaseHttpServer (BaseHttpServer.java:<init>(106)) - Hadoop Security Enabled: false Ozone Security Enabled: false Ozone HTTP Security Enabled: false 
2020-06-25 01:33:08,801 [Listener at 127.0.0.1/40917] INFO  server.AuthenticationFilter (AuthenticationFilter.java:constructSecretProvider(240)) - Unable to initialize FileSignerSecretProvider, falling back to use random secrets.
2020-06-25 01:33:08,802 [Listener at 127.0.0.1/40917] WARN  http.HttpRequestLog (HttpRequestLog.java:getRequestLog(103)) - Jetty request log can only be enabled using Log4j
2020-06-25 01:33:08,803 [Listener at 127.0.0.1/40917] INFO  http.HttpServer2 (HttpServer2.java:addGlobalFilter(997)) - Added global filter 'safety' (class=org.apache.hadoop.hdds.server.http.HttpServer2$QuotingInputFilter)
2020-06-25 01:33:08,804 [Listener at 127.0.0.1/40917] INFO  http.HttpServer2 (HttpServer2.java:addFilter(973)) - Added filter static_user_filter (class=org.apache.hadoop.http.lib.StaticUserWebFilter$StaticUserFilter) to context ozoneManager
2020-06-25 01:33:08,804 [Listener at 127.0.0.1/40917] INFO  http.HttpServer2 (HttpServer2.java:addFilter(981)) - Added filter static_user_filter (class=org.apache.hadoop.http.lib.StaticUserWebFilter$StaticUserFilter) to context static
2020-06-25 01:33:08,804 [Listener at 127.0.0.1/40917] INFO  http.HttpServer2 (HttpServer2.java:addFilter(981)) - Added filter static_user_filter (class=org.apache.hadoop.http.lib.StaticUserWebFilter$StaticUserFilter) to context logs
2020-06-25 01:33:08,807 [Listener at 127.0.0.1/40917] INFO  http.HttpServer2 (HttpServer2.java:bindListener(1215)) - Jetty bound to port 37597
2020-06-25 01:33:08,807 [Listener at 127.0.0.1/40917] INFO  server.Server (Server.java:doStart(359)) - jetty-9.4.26.v20200117; built: 2020-01-17T12:35:33.676Z; git: 7b38981d25d14afb4a12ff1f2596756144edf695; jvm 1.8.0_232-b09
2020-06-25 01:33:08,810 [Listener at 127.0.0.1/40917] INFO  server.session (DefaultSessionIdManager.java:doStart(333)) - DefaultSessionIdManager workerName=node0
2020-06-25 01:33:08,810 [Listener at 127.0.0.1/40917] INFO  server.session (DefaultSessionIdManager.java:doStart(338)) - No SessionScavenger set, using defaults
2020-06-25 01:33:08,810 [Listener at 127.0.0.1/40917] INFO  server.session (HouseKeeper.java:startScavenging(140)) - node0 Scavenging every 660000ms
2020-06-25 01:33:08,812 [Listener at 127.0.0.1/40917] INFO  handler.ContextHandler (ContextHandler.java:doStart(825)) - Started o.e.j.s.ServletContextHandler@cfc4601{logs,/logs,file:///github/workspace/mnt/ozone/hadoop-ozone/integration-test/target/log,AVAILABLE}
2020-06-25 01:33:08,812 [Listener at 127.0.0.1/40917] INFO  handler.ContextHandler (ContextHandler.java:doStart(825)) - Started o.e.j.s.ServletContextHandler@450f0d89{static,/static,file:///github/workspace/mnt/ozone/hadoop-ozone/integration-test/target/test-classes/webapps/static,AVAILABLE}
2020-06-25 01:33:08,818 [Listener at 127.0.0.1/40917] INFO  handler.ContextHandler (ContextHandler.java:doStart(825)) - Started o.e.j.w.WebAppContext@f575d2b{ozoneManager,/,file:///github/workspace/mnt/ozone/hadoop-ozone/integration-test/target/test-classes/webapps/ozoneManager/,AVAILABLE}{file:/github/workspace/mnt/ozone/hadoop-ozone/integration-test/target/test-classes/webapps/ozoneManager}
2020-06-25 01:33:08,819 [Listener at 127.0.0.1/40917] INFO  server.AbstractConnector (AbstractConnector.java:doStart(330)) - Started ServerConnector@49fb693d{HTTP/1.1,[http/1.1]}{0.0.0.0:37597}
2020-06-25 01:33:08,819 [Listener at 127.0.0.1/40917] INFO  server.Server (Server.java:doStart(399)) - Started @4063ms
2020-06-25 01:33:08,820 [Listener at 127.0.0.1/40917] WARN  impl.MetricsSystemImpl (MetricsSystemImpl.java:register(276)) - Sink prometheus already exists!
2020-06-25 01:33:08,824 [Listener at 127.0.0.1/40917] INFO  http.BaseHttpServer (BaseHttpServer.java:updateConnectorAddress(327)) - HTTP server of ozoneManager listening at http://0.0.0.0:37597
2020-06-25 01:33:08,827 [org.apache.hadoop.util.JvmPauseMonitor$Monitor@50b624da] INFO  util.JvmPauseMonitor (JvmPauseMonitor.java:run(188)) - Starting JVM pause monitor
2020-06-25 01:33:08,956 [Listener at 127.0.0.1/40917] INFO  metrics.MetricRegistries (MetricRegistriesLoader.java:load(64)) - Loaded MetricRegistries class org.apache.ratis.metrics.impl.MetricRegistriesImpl
2020-06-25 01:33:08,957 [Listener at 127.0.0.1/40917] INFO  impl.MetricsSystemImpl (MetricsSystemImpl.java:init(158)) - HddsDatanode metrics system started (again)
2020-06-25 01:33:08,962 [Listener at 127.0.0.1/40917] INFO  ozone.HddsDatanodeService (HddsDatanodeService.java:start(197)) - HddsDatanodeService host:6606cc3c9bc0 ip:172.17.0.2
2020-06-25 01:33:09,006 [Listener at 127.0.0.1/40917] INFO  volume.HddsVolume (HddsVolume.java:<init>(176)) - Creating Volume: /github/workspace/mnt/ozone/hadoop-ozone/integration-test/target/test-dir/MiniOzoneClusterImpl-2d6d638a-de58-4742-980c-6a69b9740c93/datanode-0/data-0/containers/hdds of storage type : DISK and capacity : 9223372036854775807
2020-06-25 01:33:09,008 [Listener at 127.0.0.1/40917] INFO  volume.MutableVolumeSet (MutableVolumeSet.java:initializeVolumeSet(181)) - Added Volume : /github/workspace/mnt/ozone/hadoop-ozone/integration-test/target/test-dir/MiniOzoneClusterImpl-2d6d638a-de58-4742-980c-6a69b9740c93/datanode-0/data-0/containers/hdds to VolumeSet
2020-06-25 01:33:09,009 [Listener at 127.0.0.1/40917] INFO  volume.ThrottledAsyncChecker (ThrottledAsyncChecker.java:schedule(141)) - Scheduling a check for /github/workspace/mnt/ozone/hadoop-ozone/integration-test/target/test-dir/MiniOzoneClusterImpl-2d6d638a-de58-4742-980c-6a69b9740c93/datanode-0/data-0/containers/hdds
2020-06-25 01:33:09,029 [Listener at 127.0.0.1/40917] INFO  volume.HddsVolumeChecker (HddsVolumeChecker.java:checkAllVolumes(200)) - Scheduled health check for volume /github/workspace/mnt/ozone/hadoop-ozone/integration-test/target/test-dir/MiniOzoneClusterImpl-2d6d638a-de58-4742-980c-6a69b9740c93/datanode-0/data-0/containers/hdds
2020-06-25 01:33:09,163 [Listener at 127.0.0.1/40917] INFO  impl.RaftServerProxy (ConfUtils.java:logGet(44)) - raft.rpc.type = GRPC (default)
2020-06-25 01:33:09,232 [Listener at 127.0.0.1/40917] INFO  grpc.GrpcFactory (GrpcFactory.java:checkPooledByteBufAllocatorUseCacheForAllThreads(45)) - PERFORMANCE WARNING: useCacheForAllThreads is true that may cause Netty to create a lot garbage objects and, as a result, trigger GC.
	It is recommended to disable useCacheForAllThreads by setting -Dorg.apache.ratis.thirdparty.io.netty.allocator.useCacheForAllThreads=false in command line.
2020-06-25 01:33:09,237 [Listener at 127.0.0.1/40917] INFO  grpc.GrpcConfigKeys (ConfUtils.java:logGet(44)) - raft.grpc.server.port = 0 (default)
2020-06-25 01:33:09,238 [Listener at 127.0.0.1/40917] INFO  server.GrpcService (ConfUtils.java:logGet(44)) - raft.grpc.message.size.max = 32MB (=33554432) (custom)
2020-06-25 01:33:09,238 [Listener at 127.0.0.1/40917] INFO  server.RaftServerConfigKeys (ConfUtils.java:logGet(44)) - raft.server.log.appender.buffer.byte-limit = 33554432 (custom)
2020-06-25 01:33:09,239 [Listener at 127.0.0.1/40917] INFO  server.GrpcService (ConfUtils.java:logGet(44)) - raft.grpc.flow.control.window = 5MB (=5242880) (custom)
2020-06-25 01:33:09,240 [Listener at 127.0.0.1/40917] INFO  server.RaftServerConfigKeys (ConfUtils.java:logGet(44)) - raft.server.rpc.request.timeout = 3s (default)
2020-06-25 01:33:09,463 [Listener at 127.0.0.1/40917] INFO  server.RaftServerConfigKeys (ConfUtils.java:logGet(44)) - raft.server.storage.dir = [/github/workspace/mnt/ozone/hadoop-ozone/integration-test/target/test-dir/MiniOzoneClusterImpl-2d6d638a-de58-4742-980c-6a69b9740c93/datanode-0/data/ratis] (custom)
2020-06-25 01:33:09,546 [Listener at 127.0.0.1/40917] INFO  http.BaseHttpServer (BaseHttpServer.java:newHttpServer2BuilderForOzone(207)) - Starting Web-server for hddsDatanode at: http://0.0.0.0:0
2020-06-25 01:33:09,546 [Listener at 127.0.0.1/40917] INFO  http.BaseHttpServer (BaseHttpServer.java:<init>(106)) - Hadoop Security Enabled: false Ozone Security Enabled: false Ozone HTTP Security Enabled: false 
2020-06-25 01:33:09,548 [Listener at 127.0.0.1/40917] INFO  server.AuthenticationFilter (AuthenticationFilter.java:constructSecretProvider(240)) - Unable to initialize FileSignerSecretProvider, falling back to use random secrets.
2020-06-25 01:33:09,549 [Listener at 127.0.0.1/40917] WARN  http.HttpRequestLog (HttpRequestLog.java:getRequestLog(103)) - Jetty request log can only be enabled using Log4j
2020-06-25 01:33:09,550 [Listener at 127.0.0.1/40917] INFO  http.HttpServer2 (HttpServer2.java:addGlobalFilter(997)) - Added global filter 'safety' (class=org.apache.hadoop.hdds.server.http.HttpServer2$QuotingInputFilter)
2020-06-25 01:33:09,551 [Listener at 127.0.0.1/40917] INFO  http.HttpServer2 (HttpServer2.java:addFilter(973)) - Added filter static_user_filter (class=org.apache.hadoop.http.lib.StaticUserWebFilter$StaticUserFilter) to context hddsDatanode
2020-06-25 01:33:09,551 [Listener at 127.0.0.1/40917] INFO  http.HttpServer2 (HttpServer2.java:addFilter(981)) - Added filter static_user_filter (class=org.apache.hadoop.http.lib.StaticUserWebFilter$StaticUserFilter) to context static
2020-06-25 01:33:09,551 [Listener at 127.0.0.1/40917] INFO  http.HttpServer2 (HttpServer2.java:addFilter(981)) - Added filter static_user_filter (class=org.apache.hadoop.http.lib.StaticUserWebFilter$StaticUserFilter) to context logs
2020-06-25 01:33:09,551 [Listener at 127.0.0.1/40917] INFO  http.HttpServer2 (HttpServer2.java:bindListener(1215)) - Jetty bound to port 35353
2020-06-25 01:33:09,552 [Listener at 127.0.0.1/40917] INFO  server.Server (Server.java:doStart(359)) - jetty-9.4.26.v20200117; built: 2020-01-17T12:35:33.676Z; git: 7b38981d25d14afb4a12ff1f2596756144edf695; jvm 1.8.0_232-b09
2020-06-25 01:33:09,573 [Listener at 127.0.0.1/40917] INFO  server.session (DefaultSessionIdManager.java:doStart(333)) - DefaultSessionIdManager workerName=node0
2020-06-25 01:33:09,573 [Listener at 127.0.0.1/40917] INFO  server.session (DefaultSessionIdManager.java:doStart(338)) - No SessionScavenger set, using defaults
2020-06-25 01:33:09,573 [Listener at 127.0.0.1/40917] INFO  server.session (HouseKeeper.java:startScavenging(140)) - node0 Scavenging every 600000ms
2020-06-25 01:33:09,576 [Listener at 127.0.0.1/40917] INFO  handler.ContextHandler (ContextHandler.java:doStart(825)) - Started o.e.j.s.ServletContextHandler@2c40e456{logs,/logs,file:///github/workspace/mnt/ozone/hadoop-ozone/integration-test/target/log,AVAILABLE}
2020-06-25 01:33:09,576 [Listener at 127.0.0.1/40917] INFO  handler.ContextHandler (ContextHandler.java:doStart(825)) - Started o.e.j.s.ServletContextHandler@49467fc6{static,/static,jar:file:/home/user/.m2/repository/org/apache/hadoop/hadoop-hdds-container-service/0.6.0-SNAPSHOT/hadoop-hdds-container-service-0.6.0-SNAPSHOT.jar!/webapps/static,AVAILABLE}
2020-06-25 01:33:09,604 [Listener at 127.0.0.1/40917] INFO  handler.ContextHandler (ContextHandler.java:doStart(825)) - Started o.e.j.w.WebAppContext@396a4dea{hddsDatanode,/,file:///tmp/jetty-0_0_0_0-35353-hadoop-hdds-container-service-0_6_0-SNAPSHOT_jar-_-any-7981685837659718392.dir/webapp/,AVAILABLE}{jar:file:/home/user/.m2/repository/org/apache/hadoop/hadoop-hdds-container-service/0.6.0-SNAPSHOT/hadoop-hdds-container-service-0.6.0-SNAPSHOT.jar!/webapps/hddsDatanode}
2020-06-25 01:33:09,606 [Listener at 127.0.0.1/40917] INFO  server.AbstractConnector (AbstractConnector.java:doStart(330)) - Started ServerConnector@51bd10f0{HTTP/1.1,[http/1.1]}{0.0.0.0:35353}
2020-06-25 01:33:09,606 [Listener at 127.0.0.1/40917] INFO  server.Server (Server.java:doStart(399)) - Started @4850ms
2020-06-25 01:33:09,606 [Listener at 127.0.0.1/40917] WARN  impl.MetricsSystemImpl (MetricsSystemImpl.java:register(276)) - Sink prometheus already exists!
2020-06-25 01:33:09,610 [Listener at 127.0.0.1/40917] INFO  http.BaseHttpServer (BaseHttpServer.java:updateConnectorAddress(327)) - HTTP server of hddsDatanode listening at http://0.0.0.0:35353
2020-06-25 01:33:09,612 [Listener at 127.0.0.1/40917] INFO  impl.MetricsSystemImpl (MetricsSystemImpl.java:init(158)) - HddsDatanode metrics system started (again)
2020-06-25 01:33:09,613 [Listener at 127.0.0.1/40917] INFO  ozone.HddsDatanodeService (HddsDatanodeService.java:start(197)) - HddsDatanodeService host:6606cc3c9bc0 ip:172.17.0.2
2020-06-25 01:33:09,618 [Listener at 127.0.0.1/40917] INFO  volume.HddsVolume (HddsVolume.java:<init>(176)) - Creating Volume: /github/workspace/mnt/ozone/hadoop-ozone/integration-test/target/test-dir/MiniOzoneClusterImpl-2d6d638a-de58-4742-980c-6a69b9740c93/datanode-1/data-0/containers/hdds of storage type : DISK and capacity : 9223372036854775807
2020-06-25 01:33:09,619 [Listener at 127.0.0.1/40917] INFO  volume.MutableVolumeSet (MutableVolumeSet.java:initializeVolumeSet(181)) - Added Volume : /github/workspace/mnt/ozone/hadoop-ozone/integration-test/target/test-dir/MiniOzoneClusterImpl-2d6d638a-de58-4742-980c-6a69b9740c93/datanode-1/data-0/containers/hdds to VolumeSet
2020-06-25 01:33:09,619 [Listener at 127.0.0.1/40917] INFO  volume.ThrottledAsyncChecker (ThrottledAsyncChecker.java:schedule(141)) - Scheduling a check for /github/workspace/mnt/ozone/hadoop-ozone/integration-test/target/test-dir/MiniOzoneClusterImpl-2d6d638a-de58-4742-980c-6a69b9740c93/datanode-1/data-0/containers/hdds
2020-06-25 01:33:09,620 [Listener at 127.0.0.1/40917] INFO  volume.HddsVolumeChecker (HddsVolumeChecker.java:checkAllVolumes(200)) - Scheduled health check for volume /github/workspace/mnt/ozone/hadoop-ozone/integration-test/target/test-dir/MiniOzoneClusterImpl-2d6d638a-de58-4742-980c-6a69b9740c93/datanode-1/data-0/containers/hdds
2020-06-25 01:33:09,652 [org.apache.hadoop.util.JvmPauseMonitor$Monitor@db00453] INFO  util.JvmPauseMonitor (JvmPauseMonitor.java:run(188)) - Starting JVM pause monitor
2020-06-25 01:33:09,666 [Listener at 127.0.0.1/40917] INFO  impl.RaftServerProxy (ConfUtils.java:logGet(44)) - raft.rpc.type = GRPC (default)
2020-06-25 01:33:09,666 [Listener at 127.0.0.1/40917] INFO  grpc.GrpcFactory (GrpcFactory.java:checkPooledByteBufAllocatorUseCacheForAllThreads(45)) - PERFORMANCE WARNING: useCacheForAllThreads is true that may cause Netty to create a lot garbage objects and, as a result, trigger GC.
	It is recommended to disable useCacheForAllThreads by setting -Dorg.apache.ratis.thirdparty.io.netty.allocator.useCacheForAllThreads=false in command line.
2020-06-25 01:33:09,666 [Listener at 127.0.0.1/40917] INFO  grpc.GrpcConfigKeys (ConfUtils.java:logGet(44)) - raft.grpc.server.port = 0 (default)
2020-06-25 01:33:09,667 [Listener at 127.0.0.1/40917] INFO  server.GrpcService (ConfUtils.java:logGet(44)) - raft.grpc.message.size.max = 32MB (=33554432) (custom)
2020-06-25 01:33:09,667 [Listener at 127.0.0.1/40917] INFO  server.RaftServerConfigKeys (ConfUtils.java:logGet(44)) - raft.server.log.appender.buffer.byte-limit = 33554432 (custom)
2020-06-25 01:33:09,667 [Listener at 127.0.0.1/40917] INFO  server.GrpcService (ConfUtils.java:logGet(44)) - raft.grpc.flow.control.window = 5MB (=5242880) (custom)
2020-06-25 01:33:09,667 [Listener at 127.0.0.1/40917] INFO  server.RaftServerConfigKeys (ConfUtils.java:logGet(44)) - raft.server.rpc.request.timeout = 3s (default)
2020-06-25 01:33:09,669 [Listener at 127.0.0.1/40917] INFO  server.RaftServerConfigKeys (ConfUtils.java:logGet(44)) - raft.server.storage.dir = [/github/workspace/mnt/ozone/hadoop-ozone/integration-test/target/test-dir/MiniOzoneClusterImpl-2d6d638a-de58-4742-980c-6a69b9740c93/datanode-1/data/ratis] (custom)
2020-06-25 01:33:09,681 [Listener at 127.0.0.1/40917] INFO  http.BaseHttpServer (BaseHttpServer.java:newHttpServer2BuilderForOzone(207)) - Starting Web-server for hddsDatanode at: http://0.0.0.0:0
2020-06-25 01:33:09,681 [Listener at 127.0.0.1/40917] INFO  http.BaseHttpServer (BaseHttpServer.java:<init>(106)) - Hadoop Security Enabled: false Ozone Security Enabled: false Ozone HTTP Security Enabled: false 
2020-06-25 01:33:09,683 [Listener at 127.0.0.1/40917] INFO  server.AuthenticationFilter (AuthenticationFilter.java:constructSecretProvider(240)) - Unable to initialize FileSignerSecretProvider, falling back to use random secrets.
2020-06-25 01:33:09,688 [Listener at 127.0.0.1/40917] WARN  http.HttpRequestLog (HttpRequestLog.java:getRequestLog(103)) - Jetty request log can only be enabled using Log4j
2020-06-25 01:33:09,689 [Listener at 127.0.0.1/40917] INFO  http.HttpServer2 (HttpServer2.java:addGlobalFilter(997)) - Added global filter 'safety' (class=org.apache.hadoop.hdds.server.http.HttpServer2$QuotingInputFilter)
2020-06-25 01:33:09,690 [Listener at 127.0.0.1/40917] INFO  http.HttpServer2 (HttpServer2.java:addFilter(973)) - Added filter static_user_filter (class=org.apache.hadoop.http.lib.StaticUserWebFilter$StaticUserFilter) to context hddsDatanode
2020-06-25 01:33:09,690 [Listener at 127.0.0.1/40917] INFO  http.HttpServer2 (HttpServer2.java:addFilter(981)) - Added filter static_user_filter (class=org.apache.hadoop.http.lib.StaticUserWebFilter$StaticUserFilter) to context static
2020-06-25 01:33:09,690 [Listener at 127.0.0.1/40917] INFO  http.HttpServer2 (HttpServer2.java:addFilter(981)) - Added filter static_user_filter (class=org.apache.hadoop.http.lib.StaticUserWebFilter$StaticUserFilter) to context logs
2020-06-25 01:33:09,691 [Listener at 127.0.0.1/40917] INFO  http.HttpServer2 (HttpServer2.java:bindListener(1215)) - Jetty bound to port 36509
2020-06-25 01:33:09,691 [Listener at 127.0.0.1/40917] INFO  server.Server (Server.java:doStart(359)) - jetty-9.4.26.v20200117; built: 2020-01-17T12:35:33.676Z; git: 7b38981d25d14afb4a12ff1f2596756144edf695; jvm 1.8.0_232-b09
2020-06-25 01:33:09,747 [Listener at 127.0.0.1/40917] INFO  server.session (DefaultSessionIdManager.java:doStart(333)) - DefaultSessionIdManager workerName=node0
2020-06-25 01:33:09,747 [Listener at 127.0.0.1/40917] INFO  server.session (DefaultSessionIdManager.java:doStart(338)) - No SessionScavenger set, using defaults
2020-06-25 01:33:09,747 [Listener at 127.0.0.1/40917] INFO  server.session (HouseKeeper.java:startScavenging(140)) - node0 Scavenging every 600000ms
2020-06-25 01:33:09,754 [Listener at 127.0.0.1/40917] INFO  handler.ContextHandler (ContextHandler.java:doStart(825)) - Started o.e.j.s.ServletContextHandler@da2303c{logs,/logs,file:///github/workspace/mnt/ozone/hadoop-ozone/integration-test/target/log,AVAILABLE}
2020-06-25 01:33:09,754 [Listener at 127.0.0.1/40917] INFO  handler.ContextHandler (ContextHandler.java:doStart(825)) - Started o.e.j.s.ServletContextHandler@6f254d79{static,/static,jar:file:/home/user/.m2/repository/org/apache/hadoop/hadoop-hdds-container-service/0.6.0-SNAPSHOT/hadoop-hdds-container-service-0.6.0-SNAPSHOT.jar!/webapps/static,AVAILABLE}
2020-06-25 01:33:09,799 [Listener at 127.0.0.1/40917] INFO  handler.ContextHandler (ContextHandler.java:doStart(825)) - Started o.e.j.w.WebAppContext@5c940e28{hddsDatanode,/,file:///tmp/jetty-0_0_0_0-36509-hadoop-hdds-container-service-0_6_0-SNAPSHOT_jar-_-any-847139817923802136.dir/webapp/,AVAILABLE}{jar:file:/home/user/.m2/repository/org/apache/hadoop/hadoop-hdds-container-service/0.6.0-SNAPSHOT/hadoop-hdds-container-service-0.6.0-SNAPSHOT.jar!/webapps/hddsDatanode}
2020-06-25 01:33:09,804 [Listener at 127.0.0.1/40917] INFO  server.AbstractConnector (AbstractConnector.java:doStart(330)) - Started ServerConnector@20183e2d{HTTP/1.1,[http/1.1]}{0.0.0.0:36509}
2020-06-25 01:33:09,804 [Listener at 127.0.0.1/40917] INFO  server.Server (Server.java:doStart(399)) - Started @5048ms
2020-06-25 01:33:09,804 [Listener at 127.0.0.1/40917] WARN  impl.MetricsSystemImpl (MetricsSystemImpl.java:register(276)) - Sink prometheus already exists!
2020-06-25 01:33:09,809 [Listener at 127.0.0.1/40917] INFO  http.BaseHttpServer (BaseHttpServer.java:updateConnectorAddress(327)) - HTTP server of hddsDatanode listening at http://0.0.0.0:36509
2020-06-25 01:33:09,815 [Datanode State Machine Thread - 0] INFO  datanode.InitDatanodeState (InitDatanodeState.java:persistContainerDatanodeDetails(145)) - DatanodeDetails is persisted to /github/workspace/mnt/ozone/hadoop-ozone/integration-test/target/test-dir/MiniOzoneClusterImpl-2d6d638a-de58-4742-980c-6a69b9740c93/datanode-0/meta/datanode.id
2020-06-25 01:33:09,815 [Listener at 127.0.0.1/40917] INFO  impl.MetricsSystemImpl (MetricsSystemImpl.java:init(158)) - HddsDatanode metrics system started (again)
2020-06-25 01:33:09,816 [Listener at 127.0.0.1/40917] INFO  ozone.HddsDatanodeService (HddsDatanodeService.java:start(197)) - HddsDatanodeService host:6606cc3c9bc0 ip:172.17.0.2
2020-06-25 01:33:09,818 [Listener at 127.0.0.1/40917] INFO  volume.HddsVolume (HddsVolume.java:<init>(176)) - Creating Volume: /github/workspace/mnt/ozone/hadoop-ozone/integration-test/target/test-dir/MiniOzoneClusterImpl-2d6d638a-de58-4742-980c-6a69b9740c93/datanode-2/data-0/containers/hdds of storage type : DISK and capacity : 9223372036854775807
2020-06-25 01:33:09,819 [Listener at 127.0.0.1/40917] INFO  volume.MutableVolumeSet (MutableVolumeSet.java:initializeVolumeSet(181)) - Added Volume : /github/workspace/mnt/ozone/hadoop-ozone/integration-test/target/test-dir/MiniOzoneClusterImpl-2d6d638a-de58-4742-980c-6a69b9740c93/datanode-2/data-0/containers/hdds to VolumeSet
2020-06-25 01:33:09,819 [Listener at 127.0.0.1/40917] INFO  volume.ThrottledAsyncChecker (ThrottledAsyncChecker.java:schedule(141)) - Scheduling a check for /github/workspace/mnt/ozone/hadoop-ozone/integration-test/target/test-dir/MiniOzoneClusterImpl-2d6d638a-de58-4742-980c-6a69b9740c93/datanode-2/data-0/containers/hdds
2020-06-25 01:33:09,822 [Listener at 127.0.0.1/40917] INFO  volume.HddsVolumeChecker (HddsVolumeChecker.java:checkAllVolumes(200)) - Scheduled health check for volume /github/workspace/mnt/ozone/hadoop-ozone/integration-test/target/test-dir/MiniOzoneClusterImpl-2d6d638a-de58-4742-980c-6a69b9740c93/datanode-2/data-0/containers/hdds
2020-06-25 01:33:09,847 [org.apache.hadoop.util.JvmPauseMonitor$Monitor@38b0f99f] INFO  util.JvmPauseMonitor (JvmPauseMonitor.java:run(188)) - Starting JVM pause monitor
2020-06-25 01:33:09,858 [Datanode State Machine Thread - 0] INFO  datanode.InitDatanodeState (InitDatanodeState.java:persistContainerDatanodeDetails(145)) - DatanodeDetails is persisted to /github/workspace/mnt/ozone/hadoop-ozone/integration-test/target/test-dir/MiniOzoneClusterImpl-2d6d638a-de58-4742-980c-6a69b9740c93/datanode-1/meta/datanode.id
2020-06-25 01:33:09,863 [Listener at 127.0.0.1/40917] INFO  impl.RaftServerProxy (ConfUtils.java:logGet(44)) - raft.rpc.type = GRPC (default)
2020-06-25 01:33:09,866 [Listener at 127.0.0.1/40917] INFO  grpc.GrpcFactory (GrpcFactory.java:checkPooledByteBufAllocatorUseCacheForAllThreads(45)) - PERFORMANCE WARNING: useCacheForAllThreads is true that may cause Netty to create a lot garbage objects and, as a result, trigger GC.
	It is recommended to disable useCacheForAllThreads by setting -Dorg.apache.ratis.thirdparty.io.netty.allocator.useCacheForAllThreads=false in command line.
2020-06-25 01:33:09,867 [Listener at 127.0.0.1/40917] INFO  grpc.GrpcConfigKeys (ConfUtils.java:logGet(44)) - raft.grpc.server.port = 0 (default)
2020-06-25 01:33:09,867 [Listener at 127.0.0.1/40917] INFO  server.GrpcService (ConfUtils.java:logGet(44)) - raft.grpc.message.size.max = 32MB (=33554432) (custom)
2020-06-25 01:33:09,867 [Listener at 127.0.0.1/40917] INFO  server.RaftServerConfigKeys (ConfUtils.java:logGet(44)) - raft.server.log.appender.buffer.byte-limit = 33554432 (custom)
2020-06-25 01:33:09,867 [Listener at 127.0.0.1/40917] INFO  server.GrpcService (ConfUtils.java:logGet(44)) - raft.grpc.flow.control.window = 5MB (=5242880) (custom)
2020-06-25 01:33:09,867 [Listener at 127.0.0.1/40917] INFO  server.RaftServerConfigKeys (ConfUtils.java:logGet(44)) - raft.server.rpc.request.timeout = 3s (default)
2020-06-25 01:33:09,869 [Listener at 127.0.0.1/40917] INFO  server.RaftServerConfigKeys (ConfUtils.java:logGet(44)) - raft.server.storage.dir = [/github/workspace/mnt/ozone/hadoop-ozone/integration-test/target/test-dir/MiniOzoneClusterImpl-2d6d638a-de58-4742-980c-6a69b9740c93/datanode-2/data/ratis] (custom)
2020-06-25 01:33:09,876 [Listener at 127.0.0.1/40917] INFO  http.BaseHttpServer (BaseHttpServer.java:newHttpServer2BuilderForOzone(207)) - Starting Web-server for hddsDatanode at: http://0.0.0.0:0
2020-06-25 01:33:09,876 [Listener at 127.0.0.1/40917] INFO  http.BaseHttpServer (BaseHttpServer.java:<init>(106)) - Hadoop Security Enabled: false Ozone Security Enabled: false Ozone HTTP Security Enabled: false 
2020-06-25 01:33:09,879 [Listener at 127.0.0.1/40917] INFO  server.AuthenticationFilter (AuthenticationFilter.java:constructSecretProvider(240)) - Unable to initialize FileSignerSecretProvider, falling back to use random secrets.
2020-06-25 01:33:09,880 [Listener at 127.0.0.1/40917] WARN  http.HttpRequestLog (HttpRequestLog.java:getRequestLog(103)) - Jetty request log can only be enabled using Log4j
2020-06-25 01:33:09,881 [Listener at 127.0.0.1/40917] INFO  http.HttpServer2 (HttpServer2.java:addGlobalFilter(997)) - Added global filter 'safety' (class=org.apache.hadoop.hdds.server.http.HttpServer2$QuotingInputFilter)
2020-06-25 01:33:09,882 [Listener at 127.0.0.1/40917] INFO  http.HttpServer2 (HttpServer2.java:addFilter(973)) - Added filter static_user_filter (class=org.apache.hadoop.http.lib.StaticUserWebFilter$StaticUserFilter) to context hddsDatanode
2020-06-25 01:33:09,882 [Listener at 127.0.0.1/40917] INFO  http.HttpServer2 (HttpServer2.java:addFilter(981)) - Added filter static_user_filter (class=org.apache.hadoop.http.lib.StaticUserWebFilter$StaticUserFilter) to context static
2020-06-25 01:33:09,883 [Listener at 127.0.0.1/40917] INFO  http.HttpServer2 (HttpServer2.java:addFilter(981)) - Added filter static_user_filter (class=org.apache.hadoop.http.lib.StaticUserWebFilter$StaticUserFilter) to context logs
2020-06-25 01:33:09,883 [Listener at 127.0.0.1/40917] INFO  http.HttpServer2 (HttpServer2.java:bindListener(1215)) - Jetty bound to port 33501
2020-06-25 01:33:09,883 [Listener at 127.0.0.1/40917] INFO  server.Server (Server.java:doStart(359)) - jetty-9.4.26.v20200117; built: 2020-01-17T12:35:33.676Z; git: 7b38981d25d14afb4a12ff1f2596756144edf695; jvm 1.8.0_232-b09
2020-06-25 01:33:09,886 [Listener at 127.0.0.1/40917] INFO  server.session (DefaultSessionIdManager.java:doStart(333)) - DefaultSessionIdManager workerName=node0
2020-06-25 01:33:09,886 [Listener at 127.0.0.1/40917] INFO  server.session (DefaultSessionIdManager.java:doStart(338)) - No SessionScavenger set, using defaults
2020-06-25 01:33:09,887 [Listener at 127.0.0.1/40917] INFO  server.session (HouseKeeper.java:startScavenging(140)) - node0 Scavenging every 600000ms
2020-06-25 01:33:09,888 [Listener at 127.0.0.1/40917] INFO  handler.ContextHandler (ContextHandler.java:doStart(825)) - Started o.e.j.s.ServletContextHandler@730611a0{logs,/logs,file:///github/workspace/mnt/ozone/hadoop-ozone/integration-test/target/log,AVAILABLE}
2020-06-25 01:33:09,888 [Listener at 127.0.0.1/40917] INFO  handler.ContextHandler (ContextHandler.java:doStart(825)) - Started o.e.j.s.ServletContextHandler@6030eff1{static,/static,jar:file:/home/user/.m2/repository/org/apache/hadoop/hadoop-hdds-container-service/0.6.0-SNAPSHOT/hadoop-hdds-container-service-0.6.0-SNAPSHOT.jar!/webapps/static,AVAILABLE}
2020-06-25 01:33:09,909 [Listener at 127.0.0.1/40917] INFO  handler.ContextHandler (ContextHandler.java:doStart(825)) - Started o.e.j.w.WebAppContext@4cb0e39e{hddsDatanode,/,file:///tmp/jetty-0_0_0_0-33501-hadoop-hdds-container-service-0_6_0-SNAPSHOT_jar-_-any-8746035486280635599.dir/webapp/,AVAILABLE}{jar:file:/home/user/.m2/repository/org/apache/hadoop/hadoop-hdds-container-service/0.6.0-SNAPSHOT/hadoop-hdds-container-service-0.6.0-SNAPSHOT.jar!/webapps/hddsDatanode}
2020-06-25 01:33:09,911 [Listener at 127.0.0.1/40917] INFO  server.AbstractConnector (AbstractConnector.java:doStart(330)) - Started ServerConnector@b91e024{HTTP/1.1,[http/1.1]}{0.0.0.0:33501}
2020-06-25 01:33:09,912 [Listener at 127.0.0.1/40917] INFO  server.Server (Server.java:doStart(399)) - Started @5155ms
2020-06-25 01:33:09,912 [Listener at 127.0.0.1/40917] WARN  impl.MetricsSystemImpl (MetricsSystemImpl.java:register(276)) - Sink prometheus already exists!
2020-06-25 01:33:09,916 [Listener at 127.0.0.1/40917] INFO  http.BaseHttpServer (BaseHttpServer.java:updateConnectorAddress(327)) - HTTP server of hddsDatanode listening at http://0.0.0.0:33501
2020-06-25 01:33:09,917 [Listener at 127.0.0.1/40917] INFO  ozone.MiniOzoneClusterImpl (MiniOzoneClusterImpl.java:lambda$waitForClusterToBeReady$0(177)) - Waiting for nodes to be ready. Got 0 of 3 DN Heartbeats.
2020-06-25 01:33:09,917 [Listener at 127.0.0.1/40917] INFO  ozone.MiniOzoneClusterImpl (MiniOzoneClusterImpl.java:lambda$waitForClusterToBeReady$0(180)) - Waiting for cluster to exit safe mode
2020-06-25 01:33:09,929 [org.apache.hadoop.util.JvmPauseMonitor$Monitor@644af14d] INFO  util.JvmPauseMonitor (JvmPauseMonitor.java:run(188)) - Starting JVM pause monitor
2020-06-25 01:33:09,931 [Datanode State Machine Thread - 0] INFO  datanode.InitDatanodeState (InitDatanodeState.java:persistContainerDatanodeDetails(145)) - DatanodeDetails is persisted to /github/workspace/mnt/ozone/hadoop-ozone/integration-test/target/test-dir/MiniOzoneClusterImpl-2d6d638a-de58-4742-980c-6a69b9740c93/datanode-2/meta/datanode.id
2020-06-25 01:33:10,917 [Listener at 127.0.0.1/40917] INFO  ozone.MiniOzoneClusterImpl (MiniOzoneClusterImpl.java:lambda$waitForClusterToBeReady$0(177)) - Waiting for nodes to be ready. Got 0 of 3 DN Heartbeats.
2020-06-25 01:33:10,918 [Listener at 127.0.0.1/40917] INFO  ozone.MiniOzoneClusterImpl (MiniOzoneClusterImpl.java:lambda$waitForClusterToBeReady$0(180)) - Waiting for cluster to exit safe mode
2020-06-25 01:33:11,741 [Datanode State Machine Thread - 0] INFO  ozoneimpl.OzoneContainer (OzoneContainer.java:start(232)) - Attempting to start container services.
2020-06-25 01:33:11,742 [Datanode State Machine Thread - 0] INFO  ozoneimpl.OzoneContainer (OzoneContainer.java:startContainerScrub(196)) - Background container scanner has been disabled.
2020-06-25 01:33:11,743 [Datanode State Machine Thread - 0] INFO  ratis.XceiverServerRatis (XceiverServerRatis.java:start(425)) - Starting XceiverServerRatis eb94405a-2ebd-4c6b-9947-dd68d019db9c at port 0
2020-06-25 01:33:11,761 [Datanode State Machine Thread - 0] INFO  impl.RaftServerProxy (RaftServerProxy.java:lambda$start$3(304)) - eb94405a-2ebd-4c6b-9947-dd68d019db9c: start RPC server
2020-06-25 01:33:11,821 [Datanode State Machine Thread - 0] INFO  server.GrpcService (GrpcService.java:startImpl(160)) - eb94405a-2ebd-4c6b-9947-dd68d019db9c: GrpcService started, listening on 0.0.0.0/0.0.0.0:36631
2020-06-25 01:33:11,821 [Datanode State Machine Thread - 0] INFO  ratis.XceiverServerRatis (XceiverServerRatis.java:start(437)) - XceiverServerRatis eb94405a-2ebd-4c6b-9947-dd68d019db9c is started using port 36631
2020-06-25 01:33:11,827 [Datanode State Machine Thread - 0] INFO  server.XceiverServerGrpc (XceiverServerGrpc.java:start(145)) - XceiverServerGrpc eb94405a-2ebd-4c6b-9947-dd68d019db9c is started using port 37715
2020-06-25 01:33:11,853 [Datanode State Machine Thread - 0] INFO  ozoneimpl.OzoneContainer (OzoneContainer.java:start(232)) - Attempting to start container services.
2020-06-25 01:33:11,855 [Datanode State Machine Thread - 0] INFO  ozoneimpl.OzoneContainer (OzoneContainer.java:startContainerScrub(196)) - Background container scanner has been disabled.
2020-06-25 01:33:11,855 [Datanode State Machine Thread - 0] INFO  ratis.XceiverServerRatis (XceiverServerRatis.java:start(425)) - Starting XceiverServerRatis 14848d20-8c2f-4c67-9c52-1e4d1ff55300 at port 0
2020-06-25 01:33:11,872 [Datanode State Machine Thread - 0] INFO  impl.RaftServerProxy (RaftServerProxy.java:lambda$start$3(304)) - 14848d20-8c2f-4c67-9c52-1e4d1ff55300: start RPC server
2020-06-25 01:33:11,880 [Datanode State Machine Thread - 0] INFO  server.GrpcService (GrpcService.java:startImpl(160)) - 14848d20-8c2f-4c67-9c52-1e4d1ff55300: GrpcService started, listening on 0.0.0.0/0.0.0.0:42071
2020-06-25 01:33:11,880 [Datanode State Machine Thread - 0] INFO  ratis.XceiverServerRatis (XceiverServerRatis.java:start(437)) - XceiverServerRatis 14848d20-8c2f-4c67-9c52-1e4d1ff55300 is started using port 42071
2020-06-25 01:33:11,883 [Datanode State Machine Thread - 0] INFO  server.XceiverServerGrpc (XceiverServerGrpc.java:start(145)) - XceiverServerGrpc 14848d20-8c2f-4c67-9c52-1e4d1ff55300 is started using port 34947
2020-06-25 01:33:11,918 [Listener at 127.0.0.1/40917] INFO  ozone.MiniOzoneClusterImpl (MiniOzoneClusterImpl.java:lambda$waitForClusterToBeReady$0(177)) - Waiting for nodes to be ready. Got 0 of 3 DN Heartbeats.
2020-06-25 01:33:11,919 [Listener at 127.0.0.1/40917] INFO  ozone.MiniOzoneClusterImpl (MiniOzoneClusterImpl.java:lambda$waitForClusterToBeReady$0(180)) - Waiting for cluster to exit safe mode
2020-06-25 01:33:11,937 [Datanode State Machine Thread - 0] INFO  ozoneimpl.OzoneContainer (OzoneContainer.java:start(232)) - Attempting to start container services.
2020-06-25 01:33:11,937 [Datanode State Machine Thread - 0] INFO  ozoneimpl.OzoneContainer (OzoneContainer.java:startContainerScrub(196)) - Background container scanner has been disabled.
2020-06-25 01:33:11,937 [Datanode State Machine Thread - 0] INFO  ratis.XceiverServerRatis (XceiverServerRatis.java:start(425)) - Starting XceiverServerRatis 0b9d2d2b-3649-4590-a677-99e2f8534c9c at port 0
2020-06-25 01:33:11,940 [Datanode State Machine Thread - 0] INFO  impl.RaftServerProxy (RaftServerProxy.java:lambda$start$3(304)) - 0b9d2d2b-3649-4590-a677-99e2f8534c9c: start RPC server
2020-06-25 01:33:11,947 [Datanode State Machine Thread - 0] INFO  server.GrpcService (GrpcService.java:startImpl(160)) - 0b9d2d2b-3649-4590-a677-99e2f8534c9c: GrpcService started, listening on 0.0.0.0/0.0.0.0:36891
2020-06-25 01:33:11,947 [Datanode State Machine Thread - 0] INFO  ratis.XceiverServerRatis (XceiverServerRatis.java:start(437)) - XceiverServerRatis 0b9d2d2b-3649-4590-a677-99e2f8534c9c is started using port 36891
2020-06-25 01:33:11,949 [Datanode State Machine Thread - 0] INFO  server.XceiverServerGrpc (XceiverServerGrpc.java:start(145)) - XceiverServerGrpc 0b9d2d2b-3649-4590-a677-99e2f8534c9c is started using port 44205
2020-06-25 01:33:12,919 [Listener at 127.0.0.1/40917] INFO  ozone.MiniOzoneClusterImpl (MiniOzoneClusterImpl.java:lambda$waitForClusterToBeReady$0(177)) - Waiting for nodes to be ready. Got 0 of 3 DN Heartbeats.
2020-06-25 01:33:12,919 [Listener at 127.0.0.1/40917] INFO  ozone.MiniOzoneClusterImpl (MiniOzoneClusterImpl.java:lambda$waitForClusterToBeReady$0(180)) - Waiting for cluster to exit safe mode
2020-06-25 01:33:13,679 [IPC Server handler 3 on default port 38683] INFO  net.NetworkTopology (NetworkTopologyImpl.java:add(111)) - Added a new node: /default-rack/eb94405a-2ebd-4c6b-9947-dd68d019db9c
2020-06-25 01:33:13,680 [IPC Server handler 3 on default port 38683] INFO  node.SCMNodeManager (SCMNodeManager.java:register(268)) - Registered Data node : eb94405a-2ebd-4c6b-9947-dd68d019db9c{ip: 172.17.0.2, host: 6606cc3c9bc0, networkLocation: /default-rack, certSerialId: null}
2020-06-25 01:33:13,685 [RatisPipelineUtilsThread] INFO  pipeline.RatisPipelineProvider (RatisPipelineProvider.java:lambda$create$0(138)) - Sending CreatePipelineCommand for pipeline:PipelineID=521c1c5c-4b32-4143-af59-ab544234a5c0 to datanode:eb94405a-2ebd-4c6b-9947-dd68d019db9c
2020-06-25 01:33:13,689 [EventQueue-NodeRegistrationContainerReportForDataNodeSafeModeRule] INFO  safemode.SCMSafeModeManager (DataNodeSafeModeRule.java:process(71)) - SCM in safe mode. 1 DataNodes registered, 1 required.
2020-06-25 01:33:13,689 [EventQueue-NodeRegistrationContainerReportForDataNodeSafeModeRule] INFO  safemode.SCMSafeModeManager (SCMSafeModeManager.java:validateSafeModeExitRules(214)) - DataNodeSafeModeRule rule is successfully validated
2020-06-25 01:33:13,689 [EventQueue-NodeRegistrationContainerReportForDataNodeSafeModeRule] INFO  safemode.SCMSafeModeManager (SCMSafeModeManager.java:completePreCheck(242)) - All SCM safe mode pre check rules have passed
2020-06-25 01:33:13,699 [EventQueue-NodeRegistrationContainerReportForContainerSafeModeRule] INFO  safemode.SCMSafeModeManager (SCMSafeModeManager.java:validateSafeModeExitRules(214)) - ContainerSafeModeRule rule is successfully validated
2020-06-25 01:33:13,709 [RatisPipelineUtilsThread] INFO  pipeline.PipelineStateManager (PipelineStateManager.java:addPipeline(54)) - Created pipeline Pipeline[ Id: 521c1c5c-4b32-4143-af59-ab544234a5c0, Nodes: eb94405a-2ebd-4c6b-9947-dd68d019db9c{ip: 172.17.0.2, host: 6606cc3c9bc0, networkLocation: /default-rack, certSerialId: null}, Type:RATIS, Factor:ONE, State:ALLOCATED, leaderId:, CreationTimestamp2020-06-25T01:33:13.682Z]
2020-06-25 01:33:13,712 [RatisPipelineUtilsThread] ERROR pipeline.SCMPipelineManager (SCMPipelineManager.java:createPipeline(222)) - Failed to create pipeline of type RATIS and factor ONE. Exception: Cannot create pipeline of factor 1 using 0 nodes. Used 1 nodes. Healthy nodes 1
2020-06-25 01:33:13,712 [RatisPipelineUtilsThread] WARN  pipeline.PipelinePlacementPolicy (PipelinePlacementPolicy.java:filterViableNodes(133)) - Pipeline creation failed due to no sufficient healthy datanodes. Required 3. Found 1.
2020-06-25 01:33:13,712 [RatisPipelineUtilsThread] ERROR pipeline.SCMPipelineManager (SCMPipelineManager.java:createPipeline(222)) - Failed to create pipeline of type RATIS and factor THREE. Exception: Pipeline creation failed due to no sufficient healthy datanodes. Required 3. Found 1.
2020-06-25 01:33:13,849 [IPC Server handler 1 on default port 38683] INFO  net.NetworkTopology (NetworkTopologyImpl.java:add(111)) - Added a new node: /default-rack/14848d20-8c2f-4c67-9c52-1e4d1ff55300
2020-06-25 01:33:13,849 [IPC Server handler 1 on default port 38683] INFO  node.SCMNodeManager (SCMNodeManager.java:register(268)) - Registered Data node : 14848d20-8c2f-4c67-9c52-1e4d1ff55300{ip: 172.17.0.2, host: 6606cc3c9bc0, networkLocation: /default-rack, certSerialId: null}
2020-06-25 01:33:13,851 [EventQueue-NodeRegistrationContainerReportForDataNodeSafeModeRule] INFO  safemode.SCMSafeModeManager (SCMSafeModeManager.java:validateSafeModeExitRules(214)) - DataNodeSafeModeRule rule is successfully validated
2020-06-25 01:33:13,851 [EventQueue-NodeRegistrationContainerReportForContainerSafeModeRule] INFO  safemode.SCMSafeModeManager (SCMSafeModeManager.java:validateSafeModeExitRules(214)) - ContainerSafeModeRule rule is successfully validated
2020-06-25 01:33:13,853 [RatisPipelineUtilsThread] INFO  pipeline.RatisPipelineProvider (RatisPipelineProvider.java:lambda$create$0(138)) - Sending CreatePipelineCommand for pipeline:PipelineID=fad7c7b9-4edf-492a-935c-95f1a0a00639 to datanode:14848d20-8c2f-4c67-9c52-1e4d1ff55300
2020-06-25 01:33:13,853 [RatisPipelineUtilsThread] INFO  pipeline.PipelineStateManager (PipelineStateManager.java:addPipeline(54)) - Created pipeline Pipeline[ Id: fad7c7b9-4edf-492a-935c-95f1a0a00639, Nodes: 14848d20-8c2f-4c67-9c52-1e4d1ff55300{ip: 172.17.0.2, host: 6606cc3c9bc0, networkLocation: /default-rack, certSerialId: null}, Type:RATIS, Factor:ONE, State:ALLOCATED, leaderId:, CreationTimestamp2020-06-25T01:33:13.853Z]
2020-06-25 01:33:13,854 [RatisPipelineUtilsThread] ERROR pipeline.SCMPipelineManager (SCMPipelineManager.java:createPipeline(222)) - Failed to create pipeline of type RATIS and factor ONE. Exception: Cannot create pipeline of factor 1 using 0 nodes. Used 2 nodes. Healthy nodes 2
2020-06-25 01:33:13,854 [RatisPipelineUtilsThread] WARN  pipeline.PipelinePlacementPolicy (PipelinePlacementPolicy.java:filterViableNodes(133)) - Pipeline creation failed due to no sufficient healthy datanodes. Required 3. Found 2.
2020-06-25 01:33:13,854 [RatisPipelineUtilsThread] ERROR pipeline.SCMPipelineManager (SCMPipelineManager.java:createPipeline(222)) - Failed to create pipeline of type RATIS and factor THREE. Exception: Pipeline creation failed due to no sufficient healthy datanodes. Required 3. Found 2.
2020-06-25 01:33:13,919 [Listener at 127.0.0.1/40917] INFO  ozone.MiniOzoneClusterImpl (MiniOzoneClusterImpl.java:lambda$waitForClusterToBeReady$0(177)) - Waiting for nodes to be ready. Got 2 of 3 DN Heartbeats.
2020-06-25 01:33:13,920 [Listener at 127.0.0.1/40917] INFO  ozone.MiniOzoneClusterImpl (MiniOzoneClusterImpl.java:lambda$waitForClusterToBeReady$0(180)) - Waiting for cluster to exit safe mode
2020-06-25 01:33:13,930 [IPC Server handler 2 on default port 38683] INFO  net.NetworkTopology (NetworkTopologyImpl.java:add(111)) - Added a new node: /default-rack/0b9d2d2b-3649-4590-a677-99e2f8534c9c
2020-06-25 01:33:13,931 [IPC Server handler 2 on default port 38683] INFO  node.SCMNodeManager (SCMNodeManager.java:register(268)) - Registered Data node : 0b9d2d2b-3649-4590-a677-99e2f8534c9c{ip: 172.17.0.2, host: 6606cc3c9bc0, networkLocation: /default-rack, certSerialId: null}
2020-06-25 01:33:13,931 [EventQueue-NodeRegistrationContainerReportForDataNodeSafeModeRule] INFO  safemode.SCMSafeModeManager (SCMSafeModeManager.java:validateSafeModeExitRules(214)) - DataNodeSafeModeRule rule is successfully validated
2020-06-25 01:33:13,931 [EventQueue-NodeRegistrationContainerReportForContainerSafeModeRule] INFO  safemode.SCMSafeModeManager (SCMSafeModeManager.java:validateSafeModeExitRules(214)) - ContainerSafeModeRule rule is successfully validated
2020-06-25 01:33:13,932 [RatisPipelineUtilsThread] INFO  pipeline.RatisPipelineProvider (RatisPipelineProvider.java:lambda$create$0(138)) - Sending CreatePipelineCommand for pipeline:PipelineID=7821e0ce-042f-4b5e-bda4-d91b8f1ea0aa to datanode:0b9d2d2b-3649-4590-a677-99e2f8534c9c
2020-06-25 01:33:13,933 [RatisPipelineUtilsThread] INFO  pipeline.PipelineStateManager (PipelineStateManager.java:addPipeline(54)) - Created pipeline Pipeline[ Id: 7821e0ce-042f-4b5e-bda4-d91b8f1ea0aa, Nodes: 0b9d2d2b-3649-4590-a677-99e2f8534c9c{ip: 172.17.0.2, host: 6606cc3c9bc0, networkLocation: /default-rack, certSerialId: null}, Type:RATIS, Factor:ONE, State:ALLOCATED, leaderId:, CreationTimestamp2020-06-25T01:33:13.932Z]
2020-06-25 01:33:13,933 [RatisPipelineUtilsThread] ERROR pipeline.SCMPipelineManager (SCMPipelineManager.java:createPipeline(222)) - Failed to create pipeline of type RATIS and factor ONE. Exception: Cannot create pipeline of factor 1 using 0 nodes. Used 3 nodes. Healthy nodes 3
2020-06-25 01:33:13,939 [RatisPipelineUtilsThread] INFO  pipeline.RatisPipelineProvider (RatisPipelineProvider.java:lambda$create$0(138)) - Sending CreatePipelineCommand for pipeline:PipelineID=e2bfb8ea-af9f-4d60-a20f-2aa88309c77e to datanode:eb94405a-2ebd-4c6b-9947-dd68d019db9c
2020-06-25 01:33:13,939 [RatisPipelineUtilsThread] INFO  pipeline.RatisPipelineProvider (RatisPipelineProvider.java:lambda$create$0(138)) - Sending CreatePipelineCommand for pipeline:PipelineID=e2bfb8ea-af9f-4d60-a20f-2aa88309c77e to datanode:0b9d2d2b-3649-4590-a677-99e2f8534c9c
2020-06-25 01:33:13,939 [RatisPipelineUtilsThread] INFO  pipeline.RatisPipelineProvider (RatisPipelineProvider.java:lambda$create$0(138)) - Sending CreatePipelineCommand for pipeline:PipelineID=e2bfb8ea-af9f-4d60-a20f-2aa88309c77e to datanode:14848d20-8c2f-4c67-9c52-1e4d1ff55300
2020-06-25 01:33:13,940 [RatisPipelineUtilsThread] INFO  pipeline.PipelineStateManager (PipelineStateManager.java:addPipeline(54)) - Created pipeline Pipeline[ Id: e2bfb8ea-af9f-4d60-a20f-2aa88309c77e, Nodes: eb94405a-2ebd-4c6b-9947-dd68d019db9c{ip: 172.17.0.2, host: 6606cc3c9bc0, networkLocation: /default-rack, certSerialId: null}0b9d2d2b-3649-4590-a677-99e2f8534c9c{ip: 172.17.0.2, host: 6606cc3c9bc0, networkLocation: /default-rack, certSerialId: null}14848d20-8c2f-4c67-9c52-1e4d1ff55300{ip: 172.17.0.2, host: 6606cc3c9bc0, networkLocation: /default-rack, certSerialId: null}, Type:RATIS, Factor:THREE, State:ALLOCATED, leaderId:, CreationTimestamp2020-06-25T01:33:13.939Z]
2020-06-25 01:33:13,940 [RatisPipelineUtilsThread] ERROR pipeline.SCMPipelineManager (SCMPipelineManager.java:createPipeline(222)) - Failed to create pipeline of type RATIS and factor THREE. Exception: Pipeline creation failed because nodes are engaged in other pipelines and every node can only be engaged in max 2 pipelines. Required 3. Found 0
2020-06-25 01:33:14,920 [Listener at 127.0.0.1/40917] INFO  ozone.MiniOzoneClusterImpl (MiniOzoneClusterImpl.java:lambda$waitForClusterToBeReady$0(177)) - Nodes are ready. Got 3 of 3 DN Heartbeats.
2020-06-25 01:33:14,921 [Listener at 127.0.0.1/40917] INFO  ozone.MiniOzoneClusterImpl (MiniOzoneClusterImpl.java:lambda$waitForClusterToBeReady$0(180)) - Waiting for cluster to exit safe mode
2020-06-25 01:33:15,921 [Listener at 127.0.0.1/40917] INFO  ozone.MiniOzoneClusterImpl (MiniOzoneClusterImpl.java:lambda$waitForClusterToBeReady$0(177)) - Nodes are ready. Got 3 of 3 DN Heartbeats.
2020-06-25 01:33:15,922 [Listener at 127.0.0.1/40917] INFO  ozone.MiniOzoneClusterImpl (MiniOzoneClusterImpl.java:lambda$waitForClusterToBeReady$0(180)) - Waiting for cluster to exit safe mode
2020-06-25 01:33:16,672 [Command processor thread] INFO  impl.RaftServerProxy (RaftServerProxy.java:addNew(89)) - eb94405a-2ebd-4c6b-9947-dd68d019db9c: addNew group-AB544234A5C0:[eb94405a-2ebd-4c6b-9947-dd68d019db9c:172.17.0.2:36631] returns group-AB544234A5C0:java.util.concurrent.CompletableFuture@75f55466[Not completed]
2020-06-25 01:33:16,688 [pool-33-thread-1] INFO  impl.RaftServerImpl (RaftServerImpl.java:<init>(99)) - eb94405a-2ebd-4c6b-9947-dd68d019db9c: new RaftServerImpl for group-AB544234A5C0:[eb94405a-2ebd-4c6b-9947-dd68d019db9c:172.17.0.2:36631] with ContainerStateMachine:uninitialized
2020-06-25 01:33:16,690 [pool-33-thread-1] INFO  server.RaftServerConfigKeys (ConfUtils.java:logGet(44)) - raft.server.rpc.timeout.min = 5s (custom)
2020-06-25 01:33:16,690 [pool-33-thread-1] INFO  server.RaftServerConfigKeys (ConfUtils.java:logGet(44)) - raft.server.rpc.timeout.max = 5200ms (custom)
2020-06-25 01:33:16,690 [pool-33-thread-1] INFO  server.RaftServerConfigKeys (ConfUtils.java:logGet(44)) - raft.server.rpcslowness.timeout = 1000s (custom)
2020-06-25 01:33:16,691 [pool-33-thread-1] INFO  server.RaftServerConfigKeys (ConfUtils.java:logGet(44)) - raft.server.sleep.deviation.threshold = 300 (default)
2020-06-25 01:33:16,692 [pool-33-thread-1] INFO  server.RaftServerConfigKeys (ConfUtils.java:logGet(44)) - raft.server.log.appender.install.snapshot.enabled = false (custom)
2020-06-25 01:33:16,698 [pool-33-thread-1] INFO  impl.RaftServerImpl (ServerState.java:<init>(103)) - eb94405a-2ebd-4c6b-9947-dd68d019db9c@group-AB544234A5C0: ConfigurationManager, init=-1: [eb94405a-2ebd-4c6b-9947-dd68d019db9c:172.17.0.2:36631], old=null, confs=<EMPTY_MAP>
2020-06-25 01:33:16,698 [pool-33-thread-1] INFO  server.RaftServerConfigKeys (ConfUtils.java:logGet(44)) - raft.server.storage.dir = [/github/workspace/mnt/ozone/hadoop-ozone/integration-test/target/test-dir/MiniOzoneClusterImpl-2d6d638a-de58-4742-980c-6a69b9740c93/datanode-0/data/ratis] (custom)
2020-06-25 01:33:16,704 [pool-33-thread-1] INFO  server.RaftServerConfigKeys (ConfUtils.java:logGet(44)) - raft.server.log.corruption.policy = EXCEPTION (default)
2020-06-25 01:33:16,705 [pool-33-thread-1] INFO  storage.RaftStorageDirectory (RaftStorageDirectory.java:analyzeStorage(261)) - The storage directory /github/workspace/mnt/ozone/hadoop-ozone/integration-test/target/test-dir/MiniOzoneClusterImpl-2d6d638a-de58-4742-980c-6a69b9740c93/datanode-0/data/ratis/521c1c5c-4b32-4143-af59-ab544234a5c0 does not exist. Creating ...
2020-06-25 01:33:16,710 [pool-33-thread-1] INFO  storage.RaftStorageDirectory (RaftStorageDirectory.java:tryLock(343)) - Lock on /github/workspace/mnt/ozone/hadoop-ozone/integration-test/target/test-dir/MiniOzoneClusterImpl-2d6d638a-de58-4742-980c-6a69b9740c93/datanode-0/data/ratis/521c1c5c-4b32-4143-af59-ab544234a5c0/in_use.lock acquired by nodename 43367@6606cc3c9bc0
2020-06-25 01:33:16,713 [pool-33-thread-1] INFO  storage.RaftStorage (RaftStorage.java:format(84)) - Storage directory /github/workspace/mnt/ozone/hadoop-ozone/integration-test/target/test-dir/MiniOzoneClusterImpl-2d6d638a-de58-4742-980c-6a69b9740c93/datanode-0/data/ratis/521c1c5c-4b32-4143-af59-ab544234a5c0 has been successfully formatted.
2020-06-25 01:33:16,717 [pool-33-thread-1] INFO  ratis.ContainerStateMachine (ContainerStateMachine.java:loadSnapshot(226)) - group-AB544234A5C0: The snapshot info is null. Setting the last applied indexto:(t:0, i:~)
2020-06-25 01:33:16,717 [pool-33-thread-1] INFO  server.RaftServerConfigKeys (ConfUtils.java:logGet(44)) - raft.server.notification.no-leader.timeout = 60s (default)
2020-06-25 01:33:16,719 [EventQueue-PipelineReportForPipelineReportHandler] INFO  pipeline.PipelineStateManager (PipelineStateManager.java:openPipeline(131)) - Pipeline Pipeline[ Id: 521c1c5c-4b32-4143-af59-ab544234a5c0, Nodes: eb94405a-2ebd-4c6b-9947-dd68d019db9c{ip: 172.17.0.2, host: 6606cc3c9bc0, networkLocation: /default-rack, certSerialId: null}, Type:RATIS, Factor:ONE, State:ALLOCATED, leaderId:eb94405a-2ebd-4c6b-9947-dd68d019db9c, CreationTimestamp2020-06-25T01:33:13.682Z] moved to OPEN state
2020-06-25 01:33:16,724 [EventQueue-OpenPipelineForOneReplicaPipelineSafeModeRule] INFO  safemode.SCMSafeModeManager (SCMSafeModeManager.java:validateSafeModeExitRules(214)) - AtleastOneDatanodeReportedRule rule is successfully validated
2020-06-25 01:33:16,732 [EventQueue-OpenPipelineForHealthyPipelineSafeModeRule] INFO  safemode.SCMSafeModeManager (HealthyPipelineSafeModeRule.java:process(132)) - SCM in safe mode. Healthy pipelines reported count is 0, required healthy pipeline reported count is 1
2020-06-25 01:33:16,733 [pool-33-thread-1] INFO  server.RaftServerConfigKeys (ConfUtils.java:logGet(44)) - raft.server.log.use.memory = false (default)
2020-06-25 01:33:16,738 [pool-33-thread-1] INFO  server.RaftServerConfigKeys (ConfUtils.java:logGet(44)) - raft.server.log.purge.gap = 1000000 (custom)
2020-06-25 01:33:16,738 [pool-33-thread-1] INFO  server.RaftServerConfigKeys (ConfUtils.java:logGet(44)) - raft.server.log.appender.buffer.byte-limit = 33554432 (custom)
2020-06-25 01:33:16,741 [pool-33-thread-1] INFO  server.RaftServerConfigKeys (ConfUtils.java:logGet(44)) - raft.server.log.segment.size.max = 1048576 (custom)
2020-06-25 01:33:16,744 [pool-33-thread-1] INFO  metrics.RatisMetrics (RatisMetrics.java:lambda$create$0(36)) - Creating Metrics Registry : ratis.log_worker.eb94405a-2ebd-4c6b-9947-dd68d019db9c@group-AB544234A5C0
2020-06-25 01:33:16,756 [pool-33-thread-1] INFO  server.RaftServerConfigKeys (ConfUtils.java:logGet(44)) - raft.server.log.segment.cache.num.max = 2 (custom)
2020-06-25 01:33:16,762 [pool-33-thread-1] INFO  segmented.SegmentedRaftLogWorker (SegmentedRaftLogWorker.java:<init>(180)) - new eb94405a-2ebd-4c6b-9947-dd68d019db9c@group-AB544234A5C0-SegmentedRaftLogWorker for RaftStorage:Storage Directory /github/workspace/mnt/ozone/hadoop-ozone/integration-test/target/test-dir/MiniOzoneClusterImpl-2d6d638a-de58-4742-980c-6a69b9740c93/datanode-0/data/ratis/521c1c5c-4b32-4143-af59-ab544234a5c0
2020-06-25 01:33:16,762 [pool-33-thread-1] INFO  server.RaftServerConfigKeys (ConfUtils.java:logGet(44)) - raft.server.log.queue.byte-limit = 2147483647 (custom)
2020-06-25 01:33:16,762 [pool-33-thread-1] INFO  server.RaftServerConfigKeys (ConfUtils.java:logGet(44)) - raft.server.log.queue.element-limit = 1024 (custom)
2020-06-25 01:33:16,763 [pool-33-thread-1] INFO  server.RaftServerConfigKeys (ConfUtils.java:logGet(44)) - raft.server.log.segment.size.max = 1048576 (custom)
2020-06-25 01:33:16,764 [pool-33-thread-1] INFO  server.RaftServerConfigKeys (ConfUtils.java:logGet(44)) - raft.server.log.preallocated.size = 16384 (custom)
2020-06-25 01:33:16,764 [pool-33-thread-1] INFO  server.RaftServerConfigKeys (ConfUtils.java:logGet(44)) - raft.server.log.write.buffer.size = 1048576 (custom)
2020-06-25 01:33:16,765 [pool-33-thread-1] INFO  server.RaftServerConfigKeys (ConfUtils.java:logGet(44)) - raft.server.log.force.sync.num = 128 (default)
2020-06-25 01:33:16,766 [pool-33-thread-1] INFO  server.RaftServerConfigKeys (ConfUtils.java:logGet(44)) - raft.server.log.statemachine.data.sync = true (default)
2020-06-25 01:33:16,766 [pool-33-thread-1] INFO  server.RaftServerConfigKeys (ConfUtils.java:logGet(44)) - raft.server.log.statemachine.data.sync.timeout = 10s (default)
2020-06-25 01:33:16,766 [pool-33-thread-1] INFO  server.RaftServerConfigKeys (ConfUtils.java:logGet(44)) - raft.server.log.statemachine.data.sync.timeout.retry = -1 (default)
2020-06-25 01:33:16,778 [pool-33-thread-1] INFO  server.RaftServerConfigKeys (ConfUtils.java:logGet(44)) - raft.server.log.statemachine.data.caching.enabled = true (custom)
2020-06-25 01:33:16,782 [pool-33-thread-1] INFO  segmented.SegmentedRaftLogWorker (SegmentedRaftLogWorker.java:lambda$new$0(129)) - eb94405a-2ebd-4c6b-9947-dd68d019db9c@group-AB544234A5C0-SegmentedRaftLogWorker: flushIndex: setUnconditionally 0 -> -1
2020-06-25 01:33:16,782 [pool-33-thread-1] INFO  segmented.SegmentedRaftLogWorker (SegmentedRaftLogWorker.java:lambda$new$0(129)) - eb94405a-2ebd-4c6b-9947-dd68d019db9c@group-AB544234A5C0-SegmentedRaftLogWorker: safeCacheEvictIndex: setUnconditionally 0 -> -1
2020-06-25 01:33:16,786 [pool-33-thread-1] INFO  server.RaftServerConfigKeys (ConfUtils.java:logGet(44)) - raft.server.snapshot.auto.trigger.enabled = true (custom)
2020-06-25 01:33:16,787 [pool-33-thread-1] INFO  server.RaftServerConfigKeys (ConfUtils.java:logGet(44)) - raft.server.snapshot.auto.trigger.threshold = 10000 (custom)
2020-06-25 01:33:16,787 [pool-33-thread-1] INFO  server.RaftServerConfigKeys (ConfUtils.java:logGet(44)) - raft.server.snapshot.retention.file.num = 5 (custom)
2020-06-25 01:33:16,788 [pool-33-thread-1] INFO  server.RaftServerConfigKeys (ConfUtils.java:logGet(44)) - raft.server.log.purge.upto.snapshot.index = false (default)
2020-06-25 01:33:16,788 [pool-33-thread-1] INFO  server.RaftServerConfigKeys (ConfUtils.java:logGet(44)) - raft.server.retrycache.expirytime = 600000ms (custom)
2020-06-25 01:33:16,810 [pool-33-thread-1] INFO  metrics.RatisMetrics (RatisMetrics.java:lambda$create$0(36)) - Creating Metrics Registry : ratis.leader_election.eb94405a-2ebd-4c6b-9947-dd68d019db9c@group-AB544234A5C0
2020-06-25 01:33:16,812 [pool-33-thread-1] INFO  metrics.RatisMetrics (RatisMetrics.java:lambda$create$0(36)) - Creating Metrics Registry : ratis.server.eb94405a-2ebd-4c6b-9947-dd68d019db9c@group-AB544234A5C0
2020-06-25 01:33:16,816 [pool-33-thread-1] INFO  impl.RaftServerImpl (RaftServerImpl.java:start(186)) - eb94405a-2ebd-4c6b-9947-dd68d019db9c@group-AB544234A5C0: start as a follower, conf=-1: [eb94405a-2ebd-4c6b-9947-dd68d019db9c:172.17.0.2:36631], old=null
2020-06-25 01:33:16,817 [pool-33-thread-1] INFO  impl.RaftServerImpl (RaftServerImpl.java:setRole(175)) - eb94405a-2ebd-4c6b-9947-dd68d019db9c@group-AB544234A5C0: changes role from      null to FOLLOWER at term 0 for startAsFollower
2020-06-25 01:33:16,819 [pool-33-thread-1] INFO  impl.RoleInfo (RoleInfo.java:updateAndGet(143)) - eb94405a-2ebd-4c6b-9947-dd68d019db9c: start FollowerState
2020-06-25 01:33:16,821 [pool-33-thread-1] INFO  util.JmxRegister (JmxRegister.java:tryRegister(44)) - Successfully registered JMX Bean with object name Ratis:service=RaftServer,group=group-AB544234A5C0,id=eb94405a-2ebd-4c6b-9947-dd68d019db9c
2020-06-25 01:33:16,822 [pool-33-thread-1] INFO  metrics.RatisMetrics (RatisMetrics.java:lambda$create$0(36)) - Creating Metrics Registry : ratis.state_machine.eb94405a-2ebd-4c6b-9947-dd68d019db9c@group-AB544234A5C0
2020-06-25 01:33:16,847 [Command processor thread] INFO  commandhandler.CreatePipelineCommandHandler (CreatePipelineCommandHandler.java:handle(109)) - Created Pipeline RATIS ONE #id: "521c1c5c-4b32-4143-af59-ab544234a5c0"
.
2020-06-25 01:33:16,847 [Command processor thread] INFO  impl.RaftServerProxy (RaftServerProxy.java:addNew(89)) - eb94405a-2ebd-4c6b-9947-dd68d019db9c: addNew group-2AA88309C77E:[14848d20-8c2f-4c67-9c52-1e4d1ff55300:172.17.0.2:42071, eb94405a-2ebd-4c6b-9947-dd68d019db9c:172.17.0.2:36631, 0b9d2d2b-3649-4590-a677-99e2f8534c9c:172.17.0.2:36891] returns group-2AA88309C77E:java.util.concurrent.CompletableFuture@79faf5c6[Not completed]
2020-06-25 01:33:16,852 [Command processor thread] INFO  impl.RaftServerProxy (RaftServerProxy.java:addNew(89)) - 14848d20-8c2f-4c67-9c52-1e4d1ff55300: addNew group-95F1A0A00639:[14848d20-8c2f-4c67-9c52-1e4d1ff55300:172.17.0.2:42071] returns group-95F1A0A00639:java.util.concurrent.CompletableFuture@6c1c95f0[Not completed]
2020-06-25 01:33:16,858 [pool-33-thread-1] INFO  impl.RaftServerImpl (RaftServerImpl.java:<init>(99)) - eb94405a-2ebd-4c6b-9947-dd68d019db9c: new RaftServerImpl for group-2AA88309C77E:[14848d20-8c2f-4c67-9c52-1e4d1ff55300:172.17.0.2:42071, eb94405a-2ebd-4c6b-9947-dd68d019db9c:172.17.0.2:36631, 0b9d2d2b-3649-4590-a677-99e2f8534c9c:172.17.0.2:36891] with ContainerStateMachine:uninitialized
2020-06-25 01:33:16,859 [pool-33-thread-1] INFO  server.RaftServerConfigKeys (ConfUtils.java:logGet(44)) - raft.server.rpc.timeout.min = 5s (custom)
2020-06-25 01:33:16,860 [pool-33-thread-1] INFO  server.RaftServerConfigKeys (ConfUtils.java:logGet(44)) - raft.server.rpc.timeout.max = 5200ms (custom)
2020-06-25 01:33:16,860 [pool-33-thread-1] INFO  server.RaftServerConfigKeys (ConfUtils.java:logGet(44)) - raft.server.rpcslowness.timeout = 1000s (custom)
2020-06-25 01:33:16,860 [pool-33-thread-1] INFO  server.RaftServerConfigKeys (ConfUtils.java:logGet(44)) - raft.server.sleep.deviation.threshold = 300 (default)
2020-06-25 01:33:16,862 [pool-33-thread-1] INFO  server.RaftServerConfigKeys (ConfUtils.java:logGet(44)) - raft.server.log.appender.install.snapshot.enabled = false (custom)
2020-06-25 01:33:16,863 [pool-33-thread-1] INFO  impl.RaftServerImpl (ServerState.java:<init>(103)) - eb94405a-2ebd-4c6b-9947-dd68d019db9c@group-2AA88309C77E: ConfigurationManager, init=-1: [14848d20-8c2f-4c67-9c52-1e4d1ff55300:172.17.0.2:42071, eb94405a-2ebd-4c6b-9947-dd68d019db9c:172.17.0.2:36631, 0b9d2d2b-3649-4590-a677-99e2f8534c9c:172.17.0.2:36891], old=null, confs=<EMPTY_MAP>
2020-06-25 01:33:16,864 [pool-33-thread-1] INFO  server.RaftServerConfigKeys (ConfUtils.java:logGet(44)) - raft.server.storage.dir = [/github/workspace/mnt/ozone/hadoop-ozone/integration-test/target/test-dir/MiniOzoneClusterImpl-2d6d638a-de58-4742-980c-6a69b9740c93/datanode-0/data/ratis] (custom)
2020-06-25 01:33:16,864 [pool-33-thread-1] INFO  server.RaftServerConfigKeys (ConfUtils.java:logGet(44)) - raft.server.log.corruption.policy = EXCEPTION (default)
2020-06-25 01:33:16,867 [pool-33-thread-1] INFO  storage.RaftStorageDirectory (RaftStorageDirectory.java:analyzeStorage(261)) - The storage directory /github/workspace/mnt/ozone/hadoop-ozone/integration-test/target/test-dir/MiniOzoneClusterImpl-2d6d638a-de58-4742-980c-6a69b9740c93/datanode-0/data/ratis/e2bfb8ea-af9f-4d60-a20f-2aa88309c77e does not exist. Creating ...
2020-06-25 01:33:16,872 [pool-48-thread-1] INFO  impl.RaftServerImpl (RaftServerImpl.java:<init>(99)) - 14848d20-8c2f-4c67-9c52-1e4d1ff55300: new RaftServerImpl for group-95F1A0A00639:[14848d20-8c2f-4c67-9c52-1e4d1ff55300:172.17.0.2:42071] with ContainerStateMachine:uninitialized
2020-06-25 01:33:16,873 [pool-48-thread-1] INFO  server.RaftServerConfigKeys (ConfUtils.java:logGet(44)) - raft.server.rpc.timeout.min = 5s (custom)
2020-06-25 01:33:16,873 [pool-48-thread-1] INFO  server.RaftServerConfigKeys (ConfUtils.java:logGet(44)) - raft.server.rpc.timeout.max = 5200ms (custom)
2020-06-25 01:33:16,873 [pool-48-thread-1] INFO  server.RaftServerConfigKeys (ConfUtils.java:logGet(44)) - raft.server.rpcslowness.timeout = 1000s (custom)
2020-06-25 01:33:16,873 [pool-48-thread-1] INFO  server.RaftServerConfigKeys (ConfUtils.java:logGet(44)) - raft.server.sleep.deviation.threshold = 300 (default)
2020-06-25 01:33:16,873 [pool-48-thread-1] INFO  server.RaftServerConfigKeys (ConfUtils.java:logGet(44)) - raft.server.log.appender.install.snapshot.enabled = false (custom)
2020-06-25 01:33:16,874 [pool-48-thread-1] INFO  impl.RaftServerImpl (ServerState.java:<init>(103)) - 14848d20-8c2f-4c67-9c52-1e4d1ff55300@group-95F1A0A00639: ConfigurationManager, init=-1: [14848d20-8c2f-4c67-9c52-1e4d1ff55300:172.17.0.2:42071], old=null, confs=<EMPTY_MAP>
2020-06-25 01:33:16,874 [pool-48-thread-1] INFO  server.RaftServerConfigKeys (ConfUtils.java:logGet(44)) - raft.server.storage.dir = [/github/workspace/mnt/ozone/hadoop-ozone/integration-test/target/test-dir/MiniOzoneClusterImpl-2d6d638a-de58-4742-980c-6a69b9740c93/datanode-1/data/ratis] (custom)
2020-06-25 01:33:16,874 [pool-48-thread-1] INFO  server.RaftServerConfigKeys (ConfUtils.java:logGet(44)) - raft.server.log.corruption.policy = EXCEPTION (default)
2020-06-25 01:33:16,874 [pool-48-thread-1] INFO  storage.RaftStorageDirectory (RaftStorageDirectory.java:analyzeStorage(261)) - The storage directory /github/workspace/mnt/ozone/hadoop-ozone/integration-test/target/test-dir/MiniOzoneClusterImpl-2d6d638a-de58-4742-980c-6a69b9740c93/datanode-1/data/ratis/fad7c7b9-4edf-492a-935c-95f1a0a00639 does not exist. Creating ...
2020-06-25 01:33:16,876 [pool-33-thread-1] INFO  storage.RaftStorageDirectory (RaftStorageDirectory.java:tryLock(343)) - Lock on /github/workspace/mnt/ozone/hadoop-ozone/integration-test/target/test-dir/MiniOzoneClusterImpl-2d6d638a-de58-4742-980c-6a69b9740c93/datanode-0/data/ratis/e2bfb8ea-af9f-4d60-a20f-2aa88309c77e/in_use.lock acquired by nodename 43367@6606cc3c9bc0
2020-06-25 01:33:16,876 [pool-48-thread-1] INFO  storage.RaftStorageDirectory (RaftStorageDirectory.java:tryLock(343)) - Lock on /github/workspace/mnt/ozone/hadoop-ozone/integration-test/target/test-dir/MiniOzoneClusterImpl-2d6d638a-de58-4742-980c-6a69b9740c93/datanode-1/data/ratis/fad7c7b9-4edf-492a-935c-95f1a0a00639/in_use.lock acquired by nodename 43367@6606cc3c9bc0
2020-06-25 01:33:16,879 [pool-33-thread-1] INFO  storage.RaftStorage (RaftStorage.java:format(84)) - Storage directory /github/workspace/mnt/ozone/hadoop-ozone/integration-test/target/test-dir/MiniOzoneClusterImpl-2d6d638a-de58-4742-980c-6a69b9740c93/datanode-0/data/ratis/e2bfb8ea-af9f-4d60-a20f-2aa88309c77e has been successfully formatted.
2020-06-25 01:33:16,879 [pool-48-thread-1] INFO  storage.RaftStorage (RaftStorage.java:format(84)) - Storage directory /github/workspace/mnt/ozone/hadoop-ozone/integration-test/target/test-dir/MiniOzoneClusterImpl-2d6d638a-de58-4742-980c-6a69b9740c93/datanode-1/data/ratis/fad7c7b9-4edf-492a-935c-95f1a0a00639 has been successfully formatted.
2020-06-25 01:33:16,885 [pool-33-thread-1] INFO  ratis.ContainerStateMachine (ContainerStateMachine.java:loadSnapshot(226)) - group-2AA88309C77E: The snapshot info is null. Setting the last applied indexto:(t:0, i:~)
2020-06-25 01:33:16,885 [pool-33-thread-1] INFO  server.RaftServerConfigKeys (ConfUtils.java:logGet(44)) - raft.server.notification.no-leader.timeout = 60s (default)
2020-06-25 01:33:16,886 [EventQueue-PipelineReportForPipelineReportHandler] INFO  pipeline.PipelineStateManager (PipelineStateManager.java:openPipeline(131)) - Pipeline Pipeline[ Id: fad7c7b9-4edf-492a-935c-95f1a0a00639, Nodes: 14848d20-8c2f-4c67-9c52-1e4d1ff55300{ip: 172.17.0.2, host: 6606cc3c9bc0, networkLocation: /default-rack, certSerialId: null}, Type:RATIS, Factor:ONE, State:ALLOCATED, leaderId:14848d20-8c2f-4c67-9c52-1e4d1ff55300, CreationTimestamp2020-06-25T01:33:13.853Z] moved to OPEN state
2020-06-25 01:33:16,887 [pool-33-thread-1] INFO  server.RaftServerConfigKeys (ConfUtils.java:logGet(44)) - raft.server.log.use.memory = false (default)
2020-06-25 01:33:16,887 [EventQueue-OpenPipelineForHealthyPipelineSafeModeRule] INFO  safemode.SCMSafeModeManager (HealthyPipelineSafeModeRule.java:process(132)) - SCM in safe mode. Healthy pipelines reported count is 0, required healthy pipeline reported count is 1
2020-06-25 01:33:16,887 [EventQueue-OpenPipelineForOneReplicaPipelineSafeModeRule] INFO  safemode.SCMSafeModeManager (SCMSafeModeManager.java:validateSafeModeExitRules(214)) - AtleastOneDatanodeReportedRule rule is successfully validated
2020-06-25 01:33:16,885 [pool-48-thread-1] INFO  ratis.ContainerStateMachine (ContainerStateMachine.java:loadSnapshot(226)) - group-95F1A0A00639: The snapshot info is null. Setting the last applied indexto:(t:0, i:~)
2020-06-25 01:33:16,888 [pool-48-thread-1] INFO  server.RaftServerConfigKeys (ConfUtils.java:logGet(44)) - raft.server.notification.no-leader.timeout = 60s (default)
2020-06-25 01:33:16,888 [pool-48-thread-1] INFO  server.RaftServerConfigKeys (ConfUtils.java:logGet(44)) - raft.server.log.use.memory = false (default)
2020-06-25 01:33:16,888 [pool-48-thread-1] INFO  server.RaftServerConfigKeys (ConfUtils.java:logGet(44)) - raft.server.log.purge.gap = 1000000 (custom)
2020-06-25 01:33:16,888 [pool-48-thread-1] INFO  server.RaftServerConfigKeys (ConfUtils.java:logGet(44)) - raft.server.log.appender.buffer.byte-limit = 33554432 (custom)
2020-06-25 01:33:16,888 [pool-48-thread-1] INFO  server.RaftServerConfigKeys (ConfUtils.java:logGet(44)) - raft.server.log.segment.size.max = 1048576 (custom)
2020-06-25 01:33:16,888 [pool-33-thread-1] INFO  server.RaftServerConfigKeys (ConfUtils.java:logGet(44)) - raft.server.log.purge.gap = 1000000 (custom)
2020-06-25 01:33:16,888 [pool-33-thread-1] INFO  server.RaftServerConfigKeys (ConfUtils.java:logGet(44)) - raft.server.log.appender.buffer.byte-limit = 33554432 (custom)
2020-06-25 01:33:16,889 [pool-33-thread-1] INFO  server.RaftServerConfigKeys (ConfUtils.java:logGet(44)) - raft.server.log.segment.size.max = 1048576 (custom)
2020-06-25 01:33:16,892 [pool-33-thread-1] INFO  metrics.RatisMetrics (RatisMetrics.java:lambda$create$0(36)) - Creating Metrics Registry : ratis.log_worker.eb94405a-2ebd-4c6b-9947-dd68d019db9c@group-2AA88309C77E
2020-06-25 01:33:16,892 [pool-33-thread-1] INFO  server.RaftServerConfigKeys (ConfUtils.java:logGet(44)) - raft.server.log.segment.cache.num.max = 2 (custom)
2020-06-25 01:33:16,892 [pool-33-thread-1] INFO  segmented.SegmentedRaftLogWorker (SegmentedRaftLogWorker.java:<init>(180)) - new eb94405a-2ebd-4c6b-9947-dd68d019db9c@group-2AA88309C77E-SegmentedRaftLogWorker for RaftStorage:Storage Directory /github/workspace/mnt/ozone/hadoop-ozone/integration-test/target/test-dir/MiniOzoneClusterImpl-2d6d638a-de58-4742-980c-6a69b9740c93/datanode-0/data/ratis/e2bfb8ea-af9f-4d60-a20f-2aa88309c77e
2020-06-25 01:33:16,892 [pool-33-thread-1] INFO  server.RaftServerConfigKeys (ConfUtils.java:logGet(44)) - raft.server.log.queue.byte-limit = 2147483647 (custom)
2020-06-25 01:33:16,893 [pool-33-thread-1] INFO  server.RaftServerConfigKeys (ConfUtils.java:logGet(44)) - raft.server.log.queue.element-limit = 1024 (custom)
2020-06-25 01:33:16,893 [pool-33-thread-1] INFO  server.RaftServerConfigKeys (ConfUtils.java:logGet(44)) - raft.server.log.segment.size.max = 1048576 (custom)
2020-06-25 01:33:16,893 [pool-33-thread-1] INFO  server.RaftServerConfigKeys (ConfUtils.java:logGet(44)) - raft.server.log.preallocated.size = 16384 (custom)
2020-06-25 01:33:16,893 [pool-33-thread-1] INFO  server.RaftServerConfigKeys (ConfUtils.java:logGet(44)) - raft.server.log.write.buffer.size = 1048576 (custom)
2020-06-25 01:33:16,894 [pool-33-thread-1] INFO  server.RaftServerConfigKeys (ConfUtils.java:logGet(44)) - raft.server.log.force.sync.num = 128 (default)
2020-06-25 01:33:16,894 [pool-33-thread-1] INFO  server.RaftServerConfigKeys (ConfUtils.java:logGet(44)) - raft.server.log.statemachine.data.sync = true (default)
2020-06-25 01:33:16,894 [pool-33-thread-1] INFO  server.RaftServerConfigKeys (ConfUtils.java:logGet(44)) - raft.server.log.statemachine.data.sync.timeout = 10s (default)
2020-06-25 01:33:16,895 [pool-33-thread-1] INFO  server.RaftServerConfigKeys (ConfUtils.java:logGet(44)) - raft.server.log.statemachine.data.sync.timeout.retry = -1 (default)
2020-06-25 01:33:16,888 [pool-48-thread-1] INFO  metrics.RatisMetrics (RatisMetrics.java:lambda$create$0(36)) - Creating Metrics Registry : ratis.log_worker.14848d20-8c2f-4c67-9c52-1e4d1ff55300@group-95F1A0A00639
2020-06-25 01:33:16,895 [pool-48-thread-1] INFO  server.RaftServerConfigKeys (ConfUtils.java:logGet(44)) - raft.server.log.segment.cache.num.max = 2 (custom)
2020-06-25 01:33:16,897 [pool-33-thread-1] INFO  server.RaftServerConfigKeys (ConfUtils.java:logGet(44)) - raft.server.log.statemachine.data.caching.enabled = true (custom)
2020-06-25 01:33:16,897 [pool-33-thread-1] INFO  segmented.SegmentedRaftLogWorker (SegmentedRaftLogWorker.java:lambda$new$0(129)) - eb94405a-2ebd-4c6b-9947-dd68d019db9c@group-2AA88309C77E-SegmentedRaftLogWorker: flushIndex: setUnconditionally 0 -> -1
2020-06-25 01:33:16,897 [pool-33-thread-1] INFO  segmented.SegmentedRaftLogWorker (SegmentedRaftLogWorker.java:lambda$new$0(129)) - eb94405a-2ebd-4c6b-9947-dd68d019db9c@group-2AA88309C77E-SegmentedRaftLogWorker: safeCacheEvictIndex: setUnconditionally 0 -> -1
2020-06-25 01:33:16,899 [pool-33-thread-1] INFO  server.RaftServerConfigKeys (ConfUtils.java:logGet(44)) - raft.server.snapshot.auto.trigger.enabled = true (custom)
2020-06-25 01:33:16,895 [pool-48-thread-1] INFO  segmented.SegmentedRaftLogWorker (SegmentedRaftLogWorker.java:<init>(180)) - new 14848d20-8c2f-4c67-9c52-1e4d1ff55300@group-95F1A0A00639-SegmentedRaftLogWorker for RaftStorage:Storage Directory /github/workspace/mnt/ozone/hadoop-ozone/integration-test/target/test-dir/MiniOzoneClusterImpl-2d6d638a-de58-4742-980c-6a69b9740c93/datanode-1/data/ratis/fad7c7b9-4edf-492a-935c-95f1a0a00639
2020-06-25 01:33:16,904 [pool-48-thread-1] INFO  server.RaftServerConfigKeys (ConfUtils.java:logGet(44)) - raft.server.log.queue.byte-limit = 2147483647 (custom)
2020-06-25 01:33:16,904 [pool-48-thread-1] INFO  server.RaftServerConfigKeys (ConfUtils.java:logGet(44)) - raft.server.log.queue.element-limit = 1024 (custom)
2020-06-25 01:33:16,904 [pool-48-thread-1] INFO  server.RaftServerConfigKeys (ConfUtils.java:logGet(44)) - raft.server.log.segment.size.max = 1048576 (custom)
2020-06-25 01:33:16,904 [pool-48-thread-1] INFO  server.RaftServerConfigKeys (ConfUtils.java:logGet(44)) - raft.server.log.preallocated.size = 16384 (custom)
2020-06-25 01:33:16,905 [pool-48-thread-1] INFO  server.RaftServerConfigKeys (ConfUtils.java:logGet(44)) - raft.server.log.write.buffer.size = 1048576 (custom)
2020-06-25 01:33:16,905 [pool-48-thread-1] INFO  server.RaftServerConfigKeys (ConfUtils.java:logGet(44)) - raft.server.log.force.sync.num = 128 (default)
2020-06-25 01:33:16,905 [pool-48-thread-1] INFO  server.RaftServerConfigKeys (ConfUtils.java:logGet(44)) - raft.server.log.statemachine.data.sync = true (default)
2020-06-25 01:33:16,905 [pool-48-thread-1] INFO  server.RaftServerConfigKeys (ConfUtils.java:logGet(44)) - raft.server.log.statemachine.data.sync.timeout = 10s (default)
2020-06-25 01:33:16,905 [pool-48-thread-1] INFO  server.RaftServerConfigKeys (ConfUtils.java:logGet(44)) - raft.server.log.statemachine.data.sync.timeout.retry = -1 (default)
2020-06-25 01:33:16,907 [pool-48-thread-1] INFO  server.RaftServerConfigKeys (ConfUtils.java:logGet(44)) - raft.server.log.statemachine.data.caching.enabled = true (custom)
2020-06-25 01:33:16,907 [pool-48-thread-1] INFO  segmented.SegmentedRaftLogWorker (SegmentedRaftLogWorker.java:lambda$new$0(129)) - 14848d20-8c2f-4c67-9c52-1e4d1ff55300@group-95F1A0A00639-SegmentedRaftLogWorker: flushIndex: setUnconditionally 0 -> -1
2020-06-25 01:33:16,907 [pool-48-thread-1] INFO  segmented.SegmentedRaftLogWorker (SegmentedRaftLogWorker.java:lambda$new$0(129)) - 14848d20-8c2f-4c67-9c52-1e4d1ff55300@group-95F1A0A00639-SegmentedRaftLogWorker: safeCacheEvictIndex: setUnconditionally 0 -> -1
2020-06-25 01:33:16,907 [pool-33-thread-1] INFO  server.RaftServerConfigKeys (ConfUtils.java:logGet(44)) - raft.server.snapshot.auto.trigger.threshold = 10000 (custom)
2020-06-25 01:33:16,907 [pool-48-thread-1] INFO  server.RaftServerConfigKeys (ConfUtils.java:logGet(44)) - raft.server.snapshot.auto.trigger.enabled = true (custom)
2020-06-25 01:33:16,907 [pool-48-thread-1] INFO  server.RaftServerConfigKeys (ConfUtils.java:logGet(44)) - raft.server.snapshot.auto.trigger.threshold = 10000 (custom)
2020-06-25 01:33:16,907 [pool-48-thread-1] INFO  server.RaftServerConfigKeys (ConfUtils.java:logGet(44)) - raft.server.snapshot.retention.file.num = 5 (custom)
2020-06-25 01:33:16,908 [pool-48-thread-1] INFO  server.RaftServerConfigKeys (ConfUtils.java:logGet(44)) - raft.server.log.purge.upto.snapshot.index = false (default)
2020-06-25 01:33:16,907 [pool-33-thread-1] INFO  server.RaftServerConfigKeys (ConfUtils.java:logGet(44)) - raft.server.snapshot.retention.file.num = 5 (custom)
2020-06-25 01:33:16,908 [pool-48-thread-1] INFO  server.RaftServerConfigKeys (ConfUtils.java:logGet(44)) - raft.server.retrycache.expirytime = 600000ms (custom)
2020-06-25 01:33:16,908 [pool-33-thread-1] INFO  server.RaftServerConfigKeys (ConfUtils.java:logGet(44)) - raft.server.log.purge.upto.snapshot.index = false (default)
2020-06-25 01:33:16,908 [pool-48-thread-1] INFO  metrics.RatisMetrics (RatisMetrics.java:lambda$create$0(36)) - Creating Metrics Registry : ratis.leader_election.14848d20-8c2f-4c67-9c52-1e4d1ff55300@group-95F1A0A00639
2020-06-25 01:33:16,908 [pool-48-thread-1] INFO  metrics.RatisMetrics (RatisMetrics.java:lambda$create$0(36)) - Creating Metrics Registry : ratis.server.14848d20-8c2f-4c67-9c52-1e4d1ff55300@group-95F1A0A00639
2020-06-25 01:33:16,909 [pool-48-thread-1] INFO  impl.RaftServerImpl (RaftServerImpl.java:start(186)) - 14848d20-8c2f-4c67-9c52-1e4d1ff55300@group-95F1A0A00639: start as a follower, conf=-1: [14848d20-8c2f-4c67-9c52-1e4d1ff55300:172.17.0.2:42071], old=null
2020-06-25 01:33:16,909 [pool-48-thread-1] INFO  impl.RaftServerImpl (RaftServerImpl.java:setRole(175)) - 14848d20-8c2f-4c67-9c52-1e4d1ff55300@group-95F1A0A00639: changes role from      null to FOLLOWER at term 0 for startAsFollower
2020-06-25 01:33:16,917 [pool-33-thread-1] INFO  server.RaftServerConfigKeys (ConfUtils.java:logGet(44)) - raft.server.retrycache.expirytime = 600000ms (custom)
2020-06-25 01:33:16,917 [pool-33-thread-1] INFO  metrics.RatisMetrics (RatisMetrics.java:lambda$create$0(36)) - Creating Metrics Registry : ratis.leader_election.eb94405a-2ebd-4c6b-9947-dd68d019db9c@group-2AA88309C77E
2020-06-25 01:33:16,909 [pool-48-thread-1] INFO  impl.RoleInfo (RoleInfo.java:updateAndGet(143)) - 14848d20-8c2f-4c67-9c52-1e4d1ff55300: start FollowerState
2020-06-25 01:33:16,918 [pool-48-thread-1] INFO  util.JmxRegister (JmxRegister.java:tryRegister(44)) - Successfully registered JMX Bean with object name Ratis:service=RaftServer,group=group-95F1A0A00639,id=14848d20-8c2f-4c67-9c52-1e4d1ff55300
2020-06-25 01:33:16,918 [pool-48-thread-1] INFO  metrics.RatisMetrics (RatisMetrics.java:lambda$create$0(36)) - Creating Metrics Registry : ratis.state_machine.14848d20-8c2f-4c67-9c52-1e4d1ff55300@group-95F1A0A00639
2020-06-25 01:33:16,920 [Command processor thread] INFO  commandhandler.CreatePipelineCommandHandler (CreatePipelineCommandHandler.java:handle(109)) - Created Pipeline RATIS ONE #id: "fad7c7b9-4edf-492a-935c-95f1a0a00639"
.
2020-06-25 01:33:16,924 [Listener at 127.0.0.1/40917] INFO  ozone.MiniOzoneClusterImpl (MiniOzoneClusterImpl.java:lambda$waitForClusterToBeReady$0(177)) - Nodes are ready. Got 3 of 3 DN Heartbeats.
2020-06-25 01:33:16,924 [Listener at 127.0.0.1/40917] INFO  ozone.MiniOzoneClusterImpl (MiniOzoneClusterImpl.java:lambda$waitForClusterToBeReady$0(180)) - Waiting for cluster to exit safe mode
2020-06-25 01:33:16,926 [Command processor thread] INFO  impl.RaftServerProxy (RaftServerProxy.java:addNew(89)) - 14848d20-8c2f-4c67-9c52-1e4d1ff55300: addNew group-2AA88309C77E:[14848d20-8c2f-4c67-9c52-1e4d1ff55300:172.17.0.2:42071, eb94405a-2ebd-4c6b-9947-dd68d019db9c:172.17.0.2:36631, 0b9d2d2b-3649-4590-a677-99e2f8534c9c:172.17.0.2:36891] returns group-2AA88309C77E:java.util.concurrent.CompletableFuture@68231cab[Not completed]
2020-06-25 01:33:16,926 [pool-33-thread-1] INFO  metrics.RatisMetrics (RatisMetrics.java:lambda$create$0(36)) - Creating Metrics Registry : ratis.server.eb94405a-2ebd-4c6b-9947-dd68d019db9c@group-2AA88309C77E
2020-06-25 01:33:16,927 [pool-33-thread-1] INFO  impl.RaftServerImpl (RaftServerImpl.java:start(186)) - eb94405a-2ebd-4c6b-9947-dd68d019db9c@group-2AA88309C77E: start as a follower, conf=-1: [14848d20-8c2f-4c67-9c52-1e4d1ff55300:172.17.0.2:42071, eb94405a-2ebd-4c6b-9947-dd68d019db9c:172.17.0.2:36631, 0b9d2d2b-3649-4590-a677-99e2f8534c9c:172.17.0.2:36891], old=null
2020-06-25 01:33:16,927 [pool-33-thread-1] INFO  impl.RaftServerImpl (RaftServerImpl.java:setRole(175)) - eb94405a-2ebd-4c6b-9947-dd68d019db9c@group-2AA88309C77E: changes role from      null to FOLLOWER at term 0 for startAsFollower
2020-06-25 01:33:16,927 [pool-33-thread-1] INFO  impl.RoleInfo (RoleInfo.java:updateAndGet(143)) - eb94405a-2ebd-4c6b-9947-dd68d019db9c: start FollowerState
2020-06-25 01:33:16,927 [pool-48-thread-1] INFO  impl.RaftServerImpl (RaftServerImpl.java:<init>(99)) - 14848d20-8c2f-4c67-9c52-1e4d1ff55300: new RaftServerImpl for group-2AA88309C77E:[14848d20-8c2f-4c67-9c52-1e4d1ff55300:172.17.0.2:42071, eb94405a-2ebd-4c6b-9947-dd68d019db9c:172.17.0.2:36631, 0b9d2d2b-3649-4590-a677-99e2f8534c9c:172.17.0.2:36891] with ContainerStateMachine:uninitialized
2020-06-25 01:33:16,929 [pool-48-thread-1] INFO  server.RaftServerConfigKeys (ConfUtils.java:logGet(44)) - raft.server.rpc.timeout.min = 5s (custom)
2020-06-25 01:33:16,929 [pool-48-thread-1] INFO  server.RaftServerConfigKeys (ConfUtils.java:logGet(44)) - raft.server.rpc.timeout.max = 5200ms (custom)
2020-06-25 01:33:16,929 [pool-48-thread-1] INFO  server.RaftServerConfigKeys (ConfUtils.java:logGet(44)) - raft.server.rpcslowness.timeout = 1000s (custom)
2020-06-25 01:33:16,929 [pool-48-thread-1] INFO  server.RaftServerConfigKeys (ConfUtils.java:logGet(44)) - raft.server.sleep.deviation.threshold = 300 (default)
2020-06-25 01:33:16,929 [pool-48-thread-1] INFO  server.RaftServerConfigKeys (ConfUtils.java:logGet(44)) - raft.server.log.appender.install.snapshot.enabled = false (custom)
2020-06-25 01:33:16,929 [pool-48-thread-1] INFO  impl.RaftServerImpl (ServerState.java:<init>(103)) - 14848d20-8c2f-4c67-9c52-1e4d1ff55300@group-2AA88309C77E: ConfigurationManager, init=-1: [14848d20-8c2f-4c67-9c52-1e4d1ff55300:172.17.0.2:42071, eb94405a-2ebd-4c6b-9947-dd68d019db9c:172.17.0.2:36631, 0b9d2d2b-3649-4590-a677-99e2f8534c9c:172.17.0.2:36891], old=null, confs=<EMPTY_MAP>
2020-06-25 01:33:16,930 [pool-48-thread-1] INFO  server.RaftServerConfigKeys (ConfUtils.java:logGet(44)) - raft.server.storage.dir = [/github/workspace/mnt/ozone/hadoop-ozone/integration-test/target/test-dir/MiniOzoneClusterImpl-2d6d638a-de58-4742-980c-6a69b9740c93/datanode-1/data/ratis] (custom)
2020-06-25 01:33:16,930 [pool-48-thread-1] INFO  server.RaftServerConfigKeys (ConfUtils.java:logGet(44)) - raft.server.log.corruption.policy = EXCEPTION (default)
2020-06-25 01:33:16,930 [pool-48-thread-1] INFO  storage.RaftStorageDirectory (RaftStorageDirectory.java:analyzeStorage(261)) - The storage directory /github/workspace/mnt/ozone/hadoop-ozone/integration-test/target/test-dir/MiniOzoneClusterImpl-2d6d638a-de58-4742-980c-6a69b9740c93/datanode-1/data/ratis/e2bfb8ea-af9f-4d60-a20f-2aa88309c77e does not exist. Creating ...
2020-06-25 01:33:16,932 [pool-33-thread-1] INFO  util.JmxRegister (JmxRegister.java:tryRegister(44)) - Successfully registered JMX Bean with object name Ratis:service=RaftServer,group=group-2AA88309C77E,id=eb94405a-2ebd-4c6b-9947-dd68d019db9c
2020-06-25 01:33:16,932 [pool-33-thread-1] INFO  metrics.RatisMetrics (RatisMetrics.java:lambda$create$0(36)) - Creating Metrics Registry : ratis.state_machine.eb94405a-2ebd-4c6b-9947-dd68d019db9c@group-2AA88309C77E
2020-06-25 01:33:16,932 [pool-48-thread-1] INFO  storage.RaftStorageDirectory (RaftStorageDirectory.java:tryLock(343)) - Lock on /github/workspace/mnt/ozone/hadoop-ozone/integration-test/target/test-dir/MiniOzoneClusterImpl-2d6d638a-de58-4742-980c-6a69b9740c93/datanode-1/data/ratis/e2bfb8ea-af9f-4d60-a20f-2aa88309c77e/in_use.lock acquired by nodename 43367@6606cc3c9bc0
2020-06-25 01:33:16,938 [pool-48-thread-1] INFO  storage.RaftStorage (RaftStorage.java:format(84)) - Storage directory /github/workspace/mnt/ozone/hadoop-ozone/integration-test/target/test-dir/MiniOzoneClusterImpl-2d6d638a-de58-4742-980c-6a69b9740c93/datanode-1/data/ratis/e2bfb8ea-af9f-4d60-a20f-2aa88309c77e has been successfully formatted.
2020-06-25 01:33:16,939 [pool-48-thread-1] INFO  ratis.ContainerStateMachine (ContainerStateMachine.java:loadSnapshot(226)) - group-2AA88309C77E: The snapshot info is null. Setting the last applied indexto:(t:0, i:~)
2020-06-25 01:33:16,939 [pool-48-thread-1] INFO  server.RaftServerConfigKeys (ConfUtils.java:logGet(44)) - raft.server.notification.no-leader.timeout = 60s (default)
2020-06-25 01:33:16,939 [pool-48-thread-1] INFO  server.RaftServerConfigKeys (ConfUtils.java:logGet(44)) - raft.server.log.use.memory = false (default)
2020-06-25 01:33:16,939 [pool-48-thread-1] INFO  server.RaftServerConfigKeys (ConfUtils.java:logGet(44)) - raft.server.log.purge.gap = 1000000 (custom)
2020-06-25 01:33:16,939 [pool-48-thread-1] INFO  server.RaftServerConfigKeys (ConfUtils.java:logGet(44)) - raft.server.log.appender.buffer.byte-limit = 33554432 (custom)
2020-06-25 01:33:16,939 [pool-48-thread-1] INFO  server.RaftServerConfigKeys (ConfUtils.java:logGet(44)) - raft.server.log.segment.size.max = 1048576 (custom)
2020-06-25 01:33:16,939 [pool-48-thread-1] INFO  metrics.RatisMetrics (RatisMetrics.java:lambda$create$0(36)) - Creating Metrics Registry : ratis.log_worker.14848d20-8c2f-4c67-9c52-1e4d1ff55300@group-2AA88309C77E
2020-06-25 01:33:16,939 [pool-48-thread-1] INFO  server.RaftServerConfigKeys (ConfUtils.java:logGet(44)) - raft.server.log.segment.cache.num.max = 2 (custom)
2020-06-25 01:33:16,939 [pool-48-thread-1] INFO  segmented.SegmentedRaftLogWorker (SegmentedRaftLogWorker.java:<init>(180)) - new 14848d20-8c2f-4c67-9c52-1e4d1ff55300@group-2AA88309C77E-SegmentedRaftLogWorker for RaftStorage:Storage Directory /github/workspace/mnt/ozone/hadoop-ozone/integration-test/target/test-dir/MiniOzoneClusterImpl-2d6d638a-de58-4742-980c-6a69b9740c93/datanode-1/data/ratis/e2bfb8ea-af9f-4d60-a20f-2aa88309c77e
2020-06-25 01:33:16,940 [pool-48-thread-1] INFO  server.RaftServerConfigKeys (ConfUtils.java:logGet(44)) - raft.server.log.queue.byte-limit = 2147483647 (custom)
2020-06-25 01:33:16,940 [pool-48-thread-1] INFO  server.RaftServerConfigKeys (ConfUtils.java:logGet(44)) - raft.server.log.queue.element-limit = 1024 (custom)
2020-06-25 01:33:16,940 [pool-48-thread-1] INFO  server.RaftServerConfigKeys (ConfUtils.java:logGet(44)) - raft.server.log.segment.size.max = 1048576 (custom)
2020-06-25 01:33:16,944 [pool-48-thread-1] INFO  server.RaftServerConfigKeys (ConfUtils.java:logGet(44)) - raft.server.log.preallocated.size = 16384 (custom)
2020-06-25 01:33:16,950 [pool-48-thread-1] INFO  server.RaftServerConfigKeys (ConfUtils.java:logGet(44)) - raft.server.log.write.buffer.size = 1048576 (custom)
2020-06-25 01:33:16,950 [pool-48-thread-1] INFO  server.RaftServerConfigKeys (ConfUtils.java:logGet(44)) - raft.server.log.force.sync.num = 128 (default)
2020-06-25 01:33:16,950 [pool-48-thread-1] INFO  server.RaftServerConfigKeys (ConfUtils.java:logGet(44)) - raft.server.log.statemachine.data.sync = true (default)
2020-06-25 01:33:16,950 [pool-48-thread-1] INFO  server.RaftServerConfigKeys (ConfUtils.java:logGet(44)) - raft.server.log.statemachine.data.sync.timeout = 10s (default)
2020-06-25 01:33:16,950 [pool-48-thread-1] INFO  server.RaftServerConfigKeys (ConfUtils.java:logGet(44)) - raft.server.log.statemachine.data.sync.timeout.retry = -1 (default)
2020-06-25 01:33:16,955 [pool-48-thread-1] INFO  server.RaftServerConfigKeys (ConfUtils.java:logGet(44)) - raft.server.log.statemachine.data.caching.enabled = true (custom)
2020-06-25 01:33:16,955 [pool-48-thread-1] INFO  segmented.SegmentedRaftLogWorker (SegmentedRaftLogWorker.java:lambda$new$0(129)) - 14848d20-8c2f-4c67-9c52-1e4d1ff55300@group-2AA88309C77E-SegmentedRaftLogWorker: flushIndex: setUnconditionally 0 -> -1
2020-06-25 01:33:16,955 [pool-48-thread-1] INFO  segmented.SegmentedRaftLogWorker (SegmentedRaftLogWorker.java:lambda$new$0(129)) - 14848d20-8c2f-4c67-9c52-1e4d1ff55300@group-2AA88309C77E-SegmentedRaftLogWorker: safeCacheEvictIndex: setUnconditionally 0 -> -1
2020-06-25 01:33:16,957 [pool-48-thread-1] INFO  server.RaftServerConfigKeys (ConfUtils.java:logGet(44)) - raft.server.snapshot.auto.trigger.enabled = true (custom)
2020-06-25 01:33:16,957 [pool-48-thread-1] INFO  server.RaftServerConfigKeys (ConfUtils.java:logGet(44)) - raft.server.snapshot.auto.trigger.threshold = 10000 (custom)
2020-06-25 01:33:16,957 [pool-48-thread-1] INFO  server.RaftServerConfigKeys (ConfUtils.java:logGet(44)) - raft.server.snapshot.retention.file.num = 5 (custom)
2020-06-25 01:33:16,957 [pool-48-thread-1] INFO  server.RaftServerConfigKeys (ConfUtils.java:logGet(44)) - raft.server.log.purge.upto.snapshot.index = false (default)
2020-06-25 01:33:16,958 [pool-48-thread-1] INFO  server.RaftServerConfigKeys (ConfUtils.java:logGet(44)) - raft.server.retrycache.expirytime = 600000ms (custom)
2020-06-25 01:33:16,958 [pool-48-thread-1] INFO  metrics.RatisMetrics (RatisMetrics.java:lambda$create$0(36)) - Creating Metrics Registry : ratis.leader_election.14848d20-8c2f-4c67-9c52-1e4d1ff55300@group-2AA88309C77E
2020-06-25 01:33:16,959 [pool-48-thread-1] INFO  metrics.RatisMetrics (RatisMetrics.java:lambda$create$0(36)) - Creating Metrics Registry : ratis.server.14848d20-8c2f-4c67-9c52-1e4d1ff55300@group-2AA88309C77E
2020-06-25 01:33:16,966 [Command processor thread] INFO  impl.RaftServerProxy (RaftServerProxy.java:addNew(89)) - 0b9d2d2b-3649-4590-a677-99e2f8534c9c: addNew group-D91B8F1EA0AA:[0b9d2d2b-3649-4590-a677-99e2f8534c9c:172.17.0.2:36891] returns group-D91B8F1EA0AA:java.util.concurrent.CompletableFuture@173faf39[Not completed]
2020-06-25 01:33:16,967 [pool-48-thread-1] INFO  impl.RaftServerImpl (RaftServerImpl.java:start(186)) - 14848d20-8c2f-4c67-9c52-1e4d1ff55300@group-2AA88309C77E: start as a follower, conf=-1: [14848d20-8c2f-4c67-9c52-1e4d1ff55300:172.17.0.2:42071, eb94405a-2ebd-4c6b-9947-dd68d019db9c:172.17.0.2:36631, 0b9d2d2b-3649-4590-a677-99e2f8534c9c:172.17.0.2:36891], old=null
2020-06-25 01:33:16,968 [pool-48-thread-1] INFO  impl.RaftServerImpl (RaftServerImpl.java:setRole(175)) - 14848d20-8c2f-4c67-9c52-1e4d1ff55300@group-2AA88309C77E: changes role from      null to FOLLOWER at term 0 for startAsFollower
2020-06-25 01:33:16,988 [pool-48-thread-1] INFO  impl.RoleInfo (RoleInfo.java:updateAndGet(143)) - 14848d20-8c2f-4c67-9c52-1e4d1ff55300: start FollowerState
2020-06-25 01:33:17,000 [pool-48-thread-1] INFO  util.JmxRegister (JmxRegister.java:tryRegister(44)) - Successfully registered JMX Bean with object name Ratis:service=RaftServer,group=group-2AA88309C77E,id=14848d20-8c2f-4c67-9c52-1e4d1ff55300
2020-06-25 01:33:17,000 [pool-48-thread-1] INFO  metrics.RatisMetrics (RatisMetrics.java:lambda$create$0(36)) - Creating Metrics Registry : ratis.state_machine.14848d20-8c2f-4c67-9c52-1e4d1ff55300@group-2AA88309C77E
2020-06-25 01:33:17,032 [pool-63-thread-1] INFO  impl.RaftServerImpl (RaftServerImpl.java:<init>(99)) - 0b9d2d2b-3649-4590-a677-99e2f8534c9c: new RaftServerImpl for group-D91B8F1EA0AA:[0b9d2d2b-3649-4590-a677-99e2f8534c9c:172.17.0.2:36891] with ContainerStateMachine:uninitialized
2020-06-25 01:33:17,035 [pool-63-thread-1] INFO  server.RaftServerConfigKeys (ConfUtils.java:logGet(44)) - raft.server.rpc.timeout.min = 5s (custom)
2020-06-25 01:33:17,035 [pool-63-thread-1] INFO  server.RaftServerConfigKeys (ConfUtils.java:logGet(44)) - raft.server.rpc.timeout.max = 5200ms (custom)
2020-06-25 01:33:17,035 [pool-63-thread-1] INFO  server.RaftServerConfigKeys (ConfUtils.java:logGet(44)) - raft.server.rpcslowness.timeout = 1000s (custom)
2020-06-25 01:33:17,035 [pool-63-thread-1] INFO  server.RaftServerConfigKeys (ConfUtils.java:logGet(44)) - raft.server.sleep.deviation.threshold = 300 (default)
2020-06-25 01:33:17,036 [pool-63-thread-1] INFO  server.RaftServerConfigKeys (ConfUtils.java:logGet(44)) - raft.server.log.appender.install.snapshot.enabled = false (custom)
2020-06-25 01:33:17,036 [pool-63-thread-1] INFO  impl.RaftServerImpl (ServerState.java:<init>(103)) - 0b9d2d2b-3649-4590-a677-99e2f8534c9c@group-D91B8F1EA0AA: ConfigurationManager, init=-1: [0b9d2d2b-3649-4590-a677-99e2f8534c9c:172.17.0.2:36891], old=null, confs=<EMPTY_MAP>
2020-06-25 01:33:17,036 [pool-63-thread-1] INFO  server.RaftServerConfigKeys (ConfUtils.java:logGet(44)) - raft.server.storage.dir = [/github/workspace/mnt/ozone/hadoop-ozone/integration-test/target/test-dir/MiniOzoneClusterImpl-2d6d638a-de58-4742-980c-6a69b9740c93/datanode-2/data/ratis] (custom)
2020-06-25 01:33:17,036 [pool-63-thread-1] INFO  server.RaftServerConfigKeys (ConfUtils.java:logGet(44)) - raft.server.log.corruption.policy = EXCEPTION (default)
2020-06-25 01:33:17,036 [pool-63-thread-1] INFO  storage.RaftStorageDirectory (RaftStorageDirectory.java:analyzeStorage(261)) - The storage directory /github/workspace/mnt/ozone/hadoop-ozone/integration-test/target/test-dir/MiniOzoneClusterImpl-2d6d638a-de58-4742-980c-6a69b9740c93/datanode-2/data/ratis/7821e0ce-042f-4b5e-bda4-d91b8f1ea0aa does not exist. Creating ...
2020-06-25 01:33:17,038 [pool-63-thread-1] INFO  storage.RaftStorageDirectory (RaftStorageDirectory.java:tryLock(343)) - Lock on /github/workspace/mnt/ozone/hadoop-ozone/integration-test/target/test-dir/MiniOzoneClusterImpl-2d6d638a-de58-4742-980c-6a69b9740c93/datanode-2/data/ratis/7821e0ce-042f-4b5e-bda4-d91b8f1ea0aa/in_use.lock acquired by nodename 43367@6606cc3c9bc0
2020-06-25 01:33:17,040 [pool-63-thread-1] INFO  storage.RaftStorage (RaftStorage.java:format(84)) - Storage directory /github/workspace/mnt/ozone/hadoop-ozone/integration-test/target/test-dir/MiniOzoneClusterImpl-2d6d638a-de58-4742-980c-6a69b9740c93/datanode-2/data/ratis/7821e0ce-042f-4b5e-bda4-d91b8f1ea0aa has been successfully formatted.
2020-06-25 01:33:17,042 [pool-63-thread-1] INFO  ratis.ContainerStateMachine (ContainerStateMachine.java:loadSnapshot(226)) - group-D91B8F1EA0AA: The snapshot info is null. Setting the last applied indexto:(t:0, i:~)
2020-06-25 01:33:17,043 [pool-63-thread-1] INFO  server.RaftServerConfigKeys (ConfUtils.java:logGet(44)) - raft.server.notification.no-leader.timeout = 60s (default)
2020-06-25 01:33:17,043 [pool-63-thread-1] INFO  server.RaftServerConfigKeys (ConfUtils.java:logGet(44)) - raft.server.log.use.memory = false (default)
2020-06-25 01:33:17,043 [pool-63-thread-1] INFO  server.RaftServerConfigKeys (ConfUtils.java:logGet(44)) - raft.server.log.purge.gap = 1000000 (custom)
2020-06-25 01:33:17,043 [pool-63-thread-1] INFO  server.RaftServerConfigKeys (ConfUtils.java:logGet(44)) - raft.server.log.appender.buffer.byte-limit = 33554432 (custom)
2020-06-25 01:33:17,043 [EventQueue-PipelineReportForPipelineReportHandler] INFO  pipeline.PipelineStateManager (PipelineStateManager.java:openPipeline(131)) - Pipeline Pipeline[ Id: 7821e0ce-042f-4b5e-bda4-d91b8f1ea0aa, Nodes: 0b9d2d2b-3649-4590-a677-99e2f8534c9c{ip: 172.17.0.2, host: 6606cc3c9bc0, networkLocation: /default-rack, certSerialId: null}, Type:RATIS, Factor:ONE, State:ALLOCATED, leaderId:0b9d2d2b-3649-4590-a677-99e2f8534c9c, CreationTimestamp2020-06-25T01:33:13.932Z] moved to OPEN state
2020-06-25 01:33:17,049 [EventQueue-OpenPipelineForOneReplicaPipelineSafeModeRule] INFO  safemode.SCMSafeModeManager (SCMSafeModeManager.java:validateSafeModeExitRules(214)) - AtleastOneDatanodeReportedRule rule is successfully validated
2020-06-25 01:33:17,049 [EventQueue-OpenPipelineForHealthyPipelineSafeModeRule] INFO  safemode.SCMSafeModeManager (HealthyPipelineSafeModeRule.java:process(132)) - SCM in safe mode. Healthy pipelines reported count is 0, required healthy pipeline reported count is 1
2020-06-25 01:33:17,043 [pool-63-thread-1] INFO  server.RaftServerConfigKeys (ConfUtils.java:logGet(44)) - raft.server.log.segment.size.max = 1048576 (custom)
2020-06-25 01:33:17,050 [pool-63-thread-1] INFO  metrics.RatisMetrics (RatisMetrics.java:lambda$create$0(36)) - Creating Metrics Registry : ratis.log_worker.0b9d2d2b-3649-4590-a677-99e2f8534c9c@group-D91B8F1EA0AA
2020-06-25 01:33:17,050 [pool-63-thread-1] INFO  server.RaftServerConfigKeys (ConfUtils.java:logGet(44)) - raft.server.log.segment.cache.num.max = 2 (custom)
2020-06-25 01:33:17,050 [pool-63-thread-1] INFO  segmented.SegmentedRaftLogWorker (SegmentedRaftLogWorker.java:<init>(180)) - new 0b9d2d2b-3649-4590-a677-99e2f8534c9c@group-D91B8F1EA0AA-SegmentedRaftLogWorker for RaftStorage:Storage Directory /github/workspace/mnt/ozone/hadoop-ozone/integration-test/target/test-dir/MiniOzoneClusterImpl-2d6d638a-de58-4742-980c-6a69b9740c93/datanode-2/data/ratis/7821e0ce-042f-4b5e-bda4-d91b8f1ea0aa
2020-06-25 01:33:17,050 [pool-63-thread-1] INFO  server.RaftServerConfigKeys (ConfUtils.java:logGet(44)) - raft.server.log.queue.byte-limit = 2147483647 (custom)
2020-06-25 01:33:17,050 [pool-63-thread-1] INFO  server.RaftServerConfigKeys (ConfUtils.java:logGet(44)) - raft.server.log.queue.element-limit = 1024 (custom)
2020-06-25 01:33:17,050 [pool-63-thread-1] INFO  server.RaftServerConfigKeys (ConfUtils.java:logGet(44)) - raft.server.log.segment.size.max = 1048576 (custom)
2020-06-25 01:33:17,051 [pool-63-thread-1] INFO  server.RaftServerConfigKeys (ConfUtils.java:logGet(44)) - raft.server.log.preallocated.size = 16384 (custom)
2020-06-25 01:33:17,051 [pool-63-thread-1] INFO  server.RaftServerConfigKeys (ConfUtils.java:logGet(44)) - raft.server.log.write.buffer.size = 1048576 (custom)
2020-06-25 01:33:17,051 [pool-63-thread-1] INFO  server.RaftServerConfigKeys (ConfUtils.java:logGet(44)) - raft.server.log.force.sync.num = 128 (default)
2020-06-25 01:33:17,051 [pool-63-thread-1] INFO  server.RaftServerConfigKeys (ConfUtils.java:logGet(44)) - raft.server.log.statemachine.data.sync = true (default)
2020-06-25 01:33:17,051 [pool-63-thread-1] INFO  server.RaftServerConfigKeys (ConfUtils.java:logGet(44)) - raft.server.log.statemachine.data.sync.timeout = 10s (default)
2020-06-25 01:33:17,051 [pool-63-thread-1] INFO  server.RaftServerConfigKeys (ConfUtils.java:logGet(44)) - raft.server.log.statemachine.data.sync.timeout.retry = -1 (default)
2020-06-25 01:33:17,054 [pool-63-thread-1] INFO  server.RaftServerConfigKeys (ConfUtils.java:logGet(44)) - raft.server.log.statemachine.data.caching.enabled = true (custom)
2020-06-25 01:33:17,055 [pool-63-thread-1] INFO  segmented.SegmentedRaftLogWorker (SegmentedRaftLogWorker.java:lambda$new$0(129)) - 0b9d2d2b-3649-4590-a677-99e2f8534c9c@group-D91B8F1EA0AA-SegmentedRaftLogWorker: flushIndex: setUnconditionally 0 -> -1
2020-06-25 01:33:17,055 [pool-63-thread-1] INFO  segmented.SegmentedRaftLogWorker (SegmentedRaftLogWorker.java:lambda$new$0(129)) - 0b9d2d2b-3649-4590-a677-99e2f8534c9c@group-D91B8F1EA0AA-SegmentedRaftLogWorker: safeCacheEvictIndex: setUnconditionally 0 -> -1
2020-06-25 01:33:17,065 [pool-63-thread-1] INFO  server.RaftServerConfigKeys (ConfUtils.java:logGet(44)) - raft.server.snapshot.auto.trigger.enabled = true (custom)
2020-06-25 01:33:17,065 [pool-63-thread-1] INFO  server.RaftServerConfigKeys (ConfUtils.java:logGet(44)) - raft.server.snapshot.auto.trigger.threshold = 10000 (custom)
2020-06-25 01:33:17,066 [pool-63-thread-1] INFO  server.RaftServerConfigKeys (ConfUtils.java:logGet(44)) - raft.server.snapshot.retention.file.num = 5 (custom)
2020-06-25 01:33:17,066 [pool-63-thread-1] INFO  server.RaftServerConfigKeys (ConfUtils.java:logGet(44)) - raft.server.log.purge.upto.snapshot.index = false (default)
2020-06-25 01:33:17,066 [pool-63-thread-1] INFO  server.RaftServerConfigKeys (ConfUtils.java:logGet(44)) - raft.server.retrycache.expirytime = 600000ms (custom)
2020-06-25 01:33:17,066 [pool-63-thread-1] INFO  metrics.RatisMetrics (RatisMetrics.java:lambda$create$0(36)) - Creating Metrics Registry : ratis.leader_election.0b9d2d2b-3649-4590-a677-99e2f8534c9c@group-D91B8F1EA0AA
2020-06-25 01:33:17,067 [pool-63-thread-1] INFO  metrics.RatisMetrics (RatisMetrics.java:lambda$create$0(36)) - Creating Metrics Registry : ratis.server.0b9d2d2b-3649-4590-a677-99e2f8534c9c@group-D91B8F1EA0AA
2020-06-25 01:33:17,068 [pool-63-thread-1] INFO  impl.RaftServerImpl (RaftServerImpl.java:start(186)) - 0b9d2d2b-3649-4590-a677-99e2f8534c9c@group-D91B8F1EA0AA: start as a follower, conf=-1: [0b9d2d2b-3649-4590-a677-99e2f8534c9c:172.17.0.2:36891], old=null
2020-06-25 01:33:17,068 [pool-63-thread-1] INFO  impl.RaftServerImpl (RaftServerImpl.java:setRole(175)) - 0b9d2d2b-3649-4590-a677-99e2f8534c9c@group-D91B8F1EA0AA: changes role from      null to FOLLOWER at term 0 for startAsFollower
2020-06-25 01:33:17,068 [pool-63-thread-1] INFO  impl.RoleInfo (RoleInfo.java:updateAndGet(143)) - 0b9d2d2b-3649-4590-a677-99e2f8534c9c: start FollowerState
2020-06-25 01:33:17,071 [pool-63-thread-1] INFO  util.JmxRegister (JmxRegister.java:tryRegister(44)) - Successfully registered JMX Bean with object name Ratis:service=RaftServer,group=group-D91B8F1EA0AA,id=0b9d2d2b-3649-4590-a677-99e2f8534c9c
2020-06-25 01:33:17,071 [pool-63-thread-1] INFO  metrics.RatisMetrics (RatisMetrics.java:lambda$create$0(36)) - Creating Metrics Registry : ratis.state_machine.0b9d2d2b-3649-4590-a677-99e2f8534c9c@group-D91B8F1EA0AA
2020-06-25 01:33:17,074 [Command processor thread] INFO  commandhandler.CreatePipelineCommandHandler (CreatePipelineCommandHandler.java:handle(109)) - Created Pipeline RATIS ONE #id: "7821e0ce-042f-4b5e-bda4-d91b8f1ea0aa"
.
2020-06-25 01:33:17,074 [Command processor thread] INFO  impl.RaftServerProxy (RaftServerProxy.java:addNew(89)) - 0b9d2d2b-3649-4590-a677-99e2f8534c9c: addNew group-2AA88309C77E:[14848d20-8c2f-4c67-9c52-1e4d1ff55300:172.17.0.2:42071, eb94405a-2ebd-4c6b-9947-dd68d019db9c:172.17.0.2:36631, 0b9d2d2b-3649-4590-a677-99e2f8534c9c:172.17.0.2:36891] returns group-2AA88309C77E:java.util.concurrent.CompletableFuture@13003906[Not completed]
2020-06-25 01:33:17,078 [pool-63-thread-1] INFO  impl.RaftServerImpl (RaftServerImpl.java:<init>(99)) - 0b9d2d2b-3649-4590-a677-99e2f8534c9c: new RaftServerImpl for group-2AA88309C77E:[14848d20-8c2f-4c67-9c52-1e4d1ff55300:172.17.0.2:42071, eb94405a-2ebd-4c6b-9947-dd68d019db9c:172.17.0.2:36631, 0b9d2d2b-3649-4590-a677-99e2f8534c9c:172.17.0.2:36891] with ContainerStateMachine:uninitialized
2020-06-25 01:33:17,078 [pool-63-thread-1] INFO  server.RaftServerConfigKeys (ConfUtils.java:logGet(44)) - raft.server.rpc.timeout.min = 5s (custom)
2020-06-25 01:33:17,078 [pool-63-thread-1] INFO  server.RaftServerConfigKeys (ConfUtils.java:logGet(44)) - raft.server.rpc.timeout.max = 5200ms (custom)
2020-06-25 01:33:17,078 [pool-63-thread-1] INFO  server.RaftServerConfigKeys (ConfUtils.java:logGet(44)) - raft.server.rpcslowness.timeout = 1000s (custom)
2020-06-25 01:33:17,078 [pool-63-thread-1] INFO  server.RaftServerConfigKeys (ConfUtils.java:logGet(44)) - raft.server.sleep.deviation.threshold = 300 (default)
2020-06-25 01:33:17,078 [pool-63-thread-1] INFO  server.RaftServerConfigKeys (ConfUtils.java:logGet(44)) - raft.server.log.appender.install.snapshot.enabled = false (custom)
2020-06-25 01:33:17,078 [pool-63-thread-1] INFO  impl.RaftServerImpl (ServerState.java:<init>(103)) - 0b9d2d2b-3649-4590-a677-99e2f8534c9c@group-2AA88309C77E: ConfigurationManager, init=-1: [14848d20-8c2f-4c67-9c52-1e4d1ff55300:172.17.0.2:42071, eb94405a-2ebd-4c6b-9947-dd68d019db9c:172.17.0.2:36631, 0b9d2d2b-3649-4590-a677-99e2f8534c9c:172.17.0.2:36891], old=null, confs=<EMPTY_MAP>
2020-06-25 01:33:17,079 [pool-63-thread-1] INFO  server.RaftServerConfigKeys (ConfUtils.java:logGet(44)) - raft.server.storage.dir = [/github/workspace/mnt/ozone/hadoop-ozone/integration-test/target/test-dir/MiniOzoneClusterImpl-2d6d638a-de58-4742-980c-6a69b9740c93/datanode-2/data/ratis] (custom)
2020-06-25 01:33:17,079 [pool-63-thread-1] INFO  server.RaftServerConfigKeys (ConfUtils.java:logGet(44)) - raft.server.log.corruption.policy = EXCEPTION (default)
2020-06-25 01:33:17,079 [pool-63-thread-1] INFO  storage.RaftStorageDirectory (RaftStorageDirectory.java:analyzeStorage(261)) - The storage directory /github/workspace/mnt/ozone/hadoop-ozone/integration-test/target/test-dir/MiniOzoneClusterImpl-2d6d638a-de58-4742-980c-6a69b9740c93/datanode-2/data/ratis/e2bfb8ea-af9f-4d60-a20f-2aa88309c77e does not exist. Creating ...
2020-06-25 01:33:17,088 [pool-63-thread-1] INFO  storage.RaftStorageDirectory (RaftStorageDirectory.java:tryLock(343)) - Lock on /github/workspace/mnt/ozone/hadoop-ozone/integration-test/target/test-dir/MiniOzoneClusterImpl-2d6d638a-de58-4742-980c-6a69b9740c93/datanode-2/data/ratis/e2bfb8ea-af9f-4d60-a20f-2aa88309c77e/in_use.lock acquired by nodename 43367@6606cc3c9bc0
2020-06-25 01:33:17,092 [pool-63-thread-1] INFO  storage.RaftStorage (RaftStorage.java:format(84)) - Storage directory /github/workspace/mnt/ozone/hadoop-ozone/integration-test/target/test-dir/MiniOzoneClusterImpl-2d6d638a-de58-4742-980c-6a69b9740c93/datanode-2/data/ratis/e2bfb8ea-af9f-4d60-a20f-2aa88309c77e has been successfully formatted.
2020-06-25 01:33:17,093 [pool-63-thread-1] INFO  ratis.ContainerStateMachine (ContainerStateMachine.java:loadSnapshot(226)) - group-2AA88309C77E: The snapshot info is null. Setting the last applied indexto:(t:0, i:~)
2020-06-25 01:33:17,093 [pool-63-thread-1] INFO  server.RaftServerConfigKeys (ConfUtils.java:logGet(44)) - raft.server.notification.no-leader.timeout = 60s (default)
2020-06-25 01:33:17,093 [pool-63-thread-1] INFO  server.RaftServerConfigKeys (ConfUtils.java:logGet(44)) - raft.server.log.use.memory = false (default)
2020-06-25 01:33:17,093 [pool-63-thread-1] INFO  server.RaftServerConfigKeys (ConfUtils.java:logGet(44)) - raft.server.log.purge.gap = 1000000 (custom)
2020-06-25 01:33:17,093 [pool-63-thread-1] INFO  server.RaftServerConfigKeys (ConfUtils.java:logGet(44)) - raft.server.log.appender.buffer.byte-limit = 33554432 (custom)
2020-06-25 01:33:17,093 [pool-63-thread-1] INFO  server.RaftServerConfigKeys (ConfUtils.java:logGet(44)) - raft.server.log.segment.size.max = 1048576 (custom)
2020-06-25 01:33:17,093 [pool-63-thread-1] INFO  metrics.RatisMetrics (RatisMetrics.java:lambda$create$0(36)) - Creating Metrics Registry : ratis.log_worker.0b9d2d2b-3649-4590-a677-99e2f8534c9c@group-2AA88309C77E
2020-06-25 01:33:17,093 [pool-63-thread-1] INFO  server.RaftServerConfigKeys (ConfUtils.java:logGet(44)) - raft.server.log.segment.cache.num.max = 2 (custom)
2020-06-25 01:33:17,093 [pool-63-thread-1] INFO  segmented.SegmentedRaftLogWorker (SegmentedRaftLogWorker.java:<init>(180)) - new 0b9d2d2b-3649-4590-a677-99e2f8534c9c@group-2AA88309C77E-SegmentedRaftLogWorker for RaftStorage:Storage Directory /github/workspace/mnt/ozone/hadoop-ozone/integration-test/target/test-dir/MiniOzoneClusterImpl-2d6d638a-de58-4742-980c-6a69b9740c93/datanode-2/data/ratis/e2bfb8ea-af9f-4d60-a20f-2aa88309c77e
2020-06-25 01:33:17,094 [pool-63-thread-1] INFO  server.RaftServerConfigKeys (ConfUtils.java:logGet(44)) - raft.server.log.queue.byte-limit = 2147483647 (custom)
2020-06-25 01:33:17,094 [pool-63-thread-1] INFO  server.RaftServerConfigKeys (ConfUtils.java:logGet(44)) - raft.server.log.queue.element-limit = 1024 (custom)
2020-06-25 01:33:17,094 [pool-63-thread-1] INFO  server.RaftServerConfigKeys (ConfUtils.java:logGet(44)) - raft.server.log.segment.size.max = 1048576 (custom)
2020-06-25 01:33:17,094 [pool-63-thread-1] INFO  server.RaftServerConfigKeys (ConfUtils.java:logGet(44)) - raft.server.log.preallocated.size = 16384 (custom)
2020-06-25 01:33:17,094 [pool-63-thread-1] INFO  server.RaftServerConfigKeys (ConfUtils.java:logGet(44)) - raft.server.log.write.buffer.size = 1048576 (custom)
2020-06-25 01:33:17,094 [pool-63-thread-1] INFO  server.RaftServerConfigKeys (ConfUtils.java:logGet(44)) - raft.server.log.force.sync.num = 128 (default)
2020-06-25 01:33:17,094 [pool-63-thread-1] INFO  server.RaftServerConfigKeys (ConfUtils.java:logGet(44)) - raft.server.log.statemachine.data.sync = true (default)
2020-06-25 01:33:17,094 [pool-63-thread-1] INFO  server.RaftServerConfigKeys (ConfUtils.java:logGet(44)) - raft.server.log.statemachine.data.sync.timeout = 10s (default)
2020-06-25 01:33:17,094 [pool-63-thread-1] INFO  server.RaftServerConfigKeys (ConfUtils.java:logGet(44)) - raft.server.log.statemachine.data.sync.timeout.retry = -1 (default)
2020-06-25 01:33:17,096 [pool-63-thread-1] INFO  server.RaftServerConfigKeys (ConfUtils.java:logGet(44)) - raft.server.log.statemachine.data.caching.enabled = true (custom)
2020-06-25 01:33:17,096 [pool-63-thread-1] INFO  segmented.SegmentedRaftLogWorker (SegmentedRaftLogWorker.java:lambda$new$0(129)) - 0b9d2d2b-3649-4590-a677-99e2f8534c9c@group-2AA88309C77E-SegmentedRaftLogWorker: flushIndex: setUnconditionally 0 -> -1
2020-06-25 01:33:17,096 [pool-63-thread-1] INFO  segmented.SegmentedRaftLogWorker (SegmentedRaftLogWorker.java:lambda$new$0(129)) - 0b9d2d2b-3649-4590-a677-99e2f8534c9c@group-2AA88309C77E-SegmentedRaftLogWorker: safeCacheEvictIndex: setUnconditionally 0 -> -1
2020-06-25 01:33:17,102 [pool-63-thread-1] INFO  server.RaftServerConfigKeys (ConfUtils.java:logGet(44)) - raft.server.snapshot.auto.trigger.enabled = true (custom)
2020-06-25 01:33:17,102 [pool-63-thread-1] INFO  server.RaftServerConfigKeys (ConfUtils.java:logGet(44)) - raft.server.snapshot.auto.trigger.threshold = 10000 (custom)
2020-06-25 01:33:17,102 [pool-63-thread-1] INFO  server.RaftServerConfigKeys (ConfUtils.java:logGet(44)) - raft.server.snapshot.retention.file.num = 5 (custom)
2020-06-25 01:33:17,102 [pool-63-thread-1] INFO  server.RaftServerConfigKeys (ConfUtils.java:logGet(44)) - raft.server.log.purge.upto.snapshot.index = false (default)
2020-06-25 01:33:17,102 [pool-63-thread-1] INFO  server.RaftServerConfigKeys (ConfUtils.java:logGet(44)) - raft.server.retrycache.expirytime = 600000ms (custom)
2020-06-25 01:33:17,102 [pool-63-thread-1] INFO  metrics.RatisMetrics (RatisMetrics.java:lambda$create$0(36)) - Creating Metrics Registry : ratis.leader_election.0b9d2d2b-3649-4590-a677-99e2f8534c9c@group-2AA88309C77E
2020-06-25 01:33:17,103 [pool-63-thread-1] INFO  metrics.RatisMetrics (RatisMetrics.java:lambda$create$0(36)) - Creating Metrics Registry : ratis.server.0b9d2d2b-3649-4590-a677-99e2f8534c9c@group-2AA88309C77E
2020-06-25 01:33:17,110 [pool-63-thread-1] INFO  impl.RaftServerImpl (RaftServerImpl.java:start(186)) - 0b9d2d2b-3649-4590-a677-99e2f8534c9c@group-2AA88309C77E: start as a follower, conf=-1: [14848d20-8c2f-4c67-9c52-1e4d1ff55300:172.17.0.2:42071, eb94405a-2ebd-4c6b-9947-dd68d019db9c:172.17.0.2:36631, 0b9d2d2b-3649-4590-a677-99e2f8534c9c:172.17.0.2:36891], old=null
2020-06-25 01:33:17,110 [pool-63-thread-1] INFO  impl.RaftServerImpl (RaftServerImpl.java:setRole(175)) - 0b9d2d2b-3649-4590-a677-99e2f8534c9c@group-2AA88309C77E: changes role from      null to FOLLOWER at term 0 for startAsFollower
2020-06-25 01:33:17,110 [pool-63-thread-1] INFO  impl.RoleInfo (RoleInfo.java:updateAndGet(143)) - 0b9d2d2b-3649-4590-a677-99e2f8534c9c: start FollowerState
2020-06-25 01:33:17,110 [pool-63-thread-1] INFO  util.JmxRegister (JmxRegister.java:tryRegister(44)) - Successfully registered JMX Bean with object name Ratis:service=RaftServer,group=group-2AA88309C77E,id=0b9d2d2b-3649-4590-a677-99e2f8534c9c
2020-06-25 01:33:17,111 [pool-63-thread-1] INFO  metrics.RatisMetrics (RatisMetrics.java:lambda$create$0(36)) - Creating Metrics Registry : ratis.state_machine.0b9d2d2b-3649-4590-a677-99e2f8534c9c@group-2AA88309C77E
2020-06-25 01:33:17,776 [Command processor thread] INFO  commandhandler.CreatePipelineCommandHandler (CreatePipelineCommandHandler.java:handle(109)) - Created Pipeline RATIS THREE #id: "e2bfb8ea-af9f-4d60-a20f-2aa88309c77e"
.
2020-06-25 01:33:17,780 [Command processor thread] INFO  commandhandler.CreatePipelineCommandHandler (CreatePipelineCommandHandler.java:handle(109)) - Created Pipeline RATIS THREE #id: "e2bfb8ea-af9f-4d60-a20f-2aa88309c77e"
.
2020-06-25 01:33:17,787 [Command processor thread] INFO  commandhandler.CreatePipelineCommandHandler (CreatePipelineCommandHandler.java:handle(109)) - Created Pipeline RATIS THREE #id: "e2bfb8ea-af9f-4d60-a20f-2aa88309c77e"
.
2020-06-25 01:33:17,925 [Listener at 127.0.0.1/40917] INFO  ozone.MiniOzoneClusterImpl (MiniOzoneClusterImpl.java:lambda$waitForClusterToBeReady$0(177)) - Nodes are ready. Got 3 of 3 DN Heartbeats.
2020-06-25 01:33:17,925 [Listener at 127.0.0.1/40917] INFO  ozone.MiniOzoneClusterImpl (MiniOzoneClusterImpl.java:lambda$waitForClusterToBeReady$0(180)) - Waiting for cluster to exit safe mode
2020-06-25 01:33:18,925 [Listener at 127.0.0.1/40917] INFO  ozone.MiniOzoneClusterImpl (MiniOzoneClusterImpl.java:lambda$waitForClusterToBeReady$0(177)) - Nodes are ready. Got 3 of 3 DN Heartbeats.
2020-06-25 01:33:18,925 [Listener at 127.0.0.1/40917] INFO  ozone.MiniOzoneClusterImpl (MiniOzoneClusterImpl.java:lambda$waitForClusterToBeReady$0(180)) - Waiting for cluster to exit safe mode
2020-06-25 01:33:19,925 [Listener at 127.0.0.1/40917] INFO  ozone.MiniOzoneClusterImpl (MiniOzoneClusterImpl.java:lambda$waitForClusterToBeReady$0(177)) - Nodes are ready. Got 3 of 3 DN Heartbeats.
2020-06-25 01:33:19,926 [Listener at 127.0.0.1/40917] INFO  ozone.MiniOzoneClusterImpl (MiniOzoneClusterImpl.java:lambda$waitForClusterToBeReady$0(180)) - Waiting for cluster to exit safe mode
2020-06-25 01:33:20,926 [Listener at 127.0.0.1/40917] INFO  ozone.MiniOzoneClusterImpl (MiniOzoneClusterImpl.java:lambda$waitForClusterToBeReady$0(177)) - Nodes are ready. Got 3 of 3 DN Heartbeats.
2020-06-25 01:33:20,926 [Listener at 127.0.0.1/40917] INFO  ozone.MiniOzoneClusterImpl (MiniOzoneClusterImpl.java:lambda$waitForClusterToBeReady$0(180)) - Waiting for cluster to exit safe mode
2020-06-25 01:33:21,850 [Thread-190] INFO  impl.FollowerState (FollowerState.java:run(108)) - eb94405a-2ebd-4c6b-9947-dd68d019db9c@group-AB544234A5C0-FollowerState: change to CANDIDATE, lastRpcTime:5032ms, electionTimeout:5026ms
2020-06-25 01:33:21,851 [Thread-190] INFO  impl.RoleInfo (RoleInfo.java:shutdownFollowerState(121)) - eb94405a-2ebd-4c6b-9947-dd68d019db9c: shutdown FollowerState
2020-06-25 01:33:21,852 [Thread-190] INFO  impl.RaftServerImpl (RaftServerImpl.java:setRole(175)) - eb94405a-2ebd-4c6b-9947-dd68d019db9c@group-AB544234A5C0: changes role from  FOLLOWER to CANDIDATE at term 0 for changeToCandidate
2020-06-25 01:33:21,854 [Thread-190] INFO  impl.RoleInfo (RoleInfo.java:updateAndGet(143)) - eb94405a-2ebd-4c6b-9947-dd68d019db9c: start LeaderElection
2020-06-25 01:33:21,858 [eb94405a-2ebd-4c6b-9947-dd68d019db9c@group-AB544234A5C0-LeaderElection1] INFO  impl.LeaderElection (LeaderElection.java:askForVotes(206)) - eb94405a-2ebd-4c6b-9947-dd68d019db9c@group-AB544234A5C0-LeaderElection1: begin an election at term 1 for -1: [eb94405a-2ebd-4c6b-9947-dd68d019db9c:172.17.0.2:36631], old=null
2020-06-25 01:33:21,859 [eb94405a-2ebd-4c6b-9947-dd68d019db9c@group-AB544234A5C0-LeaderElection1] INFO  impl.RoleInfo (RoleInfo.java:shutdownLeaderElection(134)) - eb94405a-2ebd-4c6b-9947-dd68d019db9c: shutdown LeaderElection
2020-06-25 01:33:21,860 [eb94405a-2ebd-4c6b-9947-dd68d019db9c@group-AB544234A5C0-LeaderElection1] INFO  impl.RaftServerImpl (RaftServerImpl.java:setRole(175)) - eb94405a-2ebd-4c6b-9947-dd68d019db9c@group-AB544234A5C0: changes role from CANDIDATE to LEADER at term 1 for changeToLeader
2020-06-25 01:33:21,860 [eb94405a-2ebd-4c6b-9947-dd68d019db9c@group-AB544234A5C0-LeaderElection1] INFO  ratis.XceiverServerRatis (XceiverServerRatis.java:handleLeaderChangedNotification(762)) - Leader change notification received for group: group-AB544234A5C0 with new leaderId: eb94405a-2ebd-4c6b-9947-dd68d019db9c
2020-06-25 01:33:21,860 [eb94405a-2ebd-4c6b-9947-dd68d019db9c@group-AB544234A5C0-LeaderElection1] INFO  impl.RaftServerImpl (ServerState.java:setLeader(255)) - eb94405a-2ebd-4c6b-9947-dd68d019db9c@group-AB544234A5C0: change Leader from null to eb94405a-2ebd-4c6b-9947-dd68d019db9c at term 1 for becomeLeader, leader elected after 5142ms
2020-06-25 01:33:21,864 [eb94405a-2ebd-4c6b-9947-dd68d019db9c@group-AB544234A5C0-LeaderElection1] INFO  server.RaftServerConfigKeys (ConfUtils.java:logGet(44)) - raft.server.staging.catchup.gap = 1000 (default)
2020-06-25 01:33:21,864 [eb94405a-2ebd-4c6b-9947-dd68d019db9c@group-AB544234A5C0-LeaderElection1] INFO  server.RaftServerConfigKeys (ConfUtils.java:logGet(44)) - raft.server.rpc.sleep.time = 25ms (default)
2020-06-25 01:33:21,866 [eb94405a-2ebd-4c6b-9947-dd68d019db9c@group-AB544234A5C0-LeaderElection1] INFO  metrics.RatisMetrics (RatisMetrics.java:lambda$create$0(36)) - Creating Metrics Registry : ratis.log_appender.eb94405a-2ebd-4c6b-9947-dd68d019db9c@group-AB544234A5C0
2020-06-25 01:33:21,868 [eb94405a-2ebd-4c6b-9947-dd68d019db9c@group-AB544234A5C0-LeaderElection1] INFO  server.RaftServerConfigKeys (ConfUtils.java:logGet(44)) - raft.server.write.element-limit = 1024 (custom)
2020-06-25 01:33:21,868 [eb94405a-2ebd-4c6b-9947-dd68d019db9c@group-AB544234A5C0-LeaderElection1] INFO  server.RaftServerConfigKeys (ConfUtils.java:logGet(44)) - raft.server.write.byte-limit = 1073741824 (custom)
2020-06-25 01:33:21,874 [eb94405a-2ebd-4c6b-9947-dd68d019db9c@group-AB544234A5C0-LeaderElection1] INFO  server.RaftServerConfigKeys (ConfUtils.java:logGet(44)) - raft.server.watch.timeout = 3s (custom)
2020-06-25 01:33:21,874 [eb94405a-2ebd-4c6b-9947-dd68d019db9c@group-AB544234A5C0-LeaderElection1] INFO  server.RaftServerConfigKeys (ConfUtils.java:logGet(44)) - raft.server.watch.timeout.denomination = 1s (default)
2020-06-25 01:33:21,875 [eb94405a-2ebd-4c6b-9947-dd68d019db9c@group-AB544234A5C0-LeaderElection1] INFO  server.RaftServerConfigKeys (ConfUtils.java:logGet(44)) - raft.server.watch.element-limit = 65536 (default)
2020-06-25 01:33:21,880 [eb94405a-2ebd-4c6b-9947-dd68d019db9c@group-AB544234A5C0-LeaderElection1] INFO  impl.RoleInfo (RoleInfo.java:updateAndGet(143)) - eb94405a-2ebd-4c6b-9947-dd68d019db9c: start LeaderState
2020-06-25 01:33:21,895 [eb94405a-2ebd-4c6b-9947-dd68d019db9c@group-AB544234A5C0-LeaderElection1] INFO  segmented.SegmentedRaftLogWorker (SegmentedRaftLogWorker.java:startLogSegment(397)) - eb94405a-2ebd-4c6b-9947-dd68d019db9c@group-AB544234A5C0-SegmentedRaftLogWorker: Starting segment from index:0
2020-06-25 01:33:21,926 [Listener at 127.0.0.1/40917] INFO  ozone.MiniOzoneClusterImpl (MiniOzoneClusterImpl.java:lambda$waitForClusterToBeReady$0(177)) - Nodes are ready. Got 3 of 3 DN Heartbeats.
2020-06-25 01:33:21,927 [Listener at 127.0.0.1/40917] INFO  ozone.MiniOzoneClusterImpl (MiniOzoneClusterImpl.java:lambda$waitForClusterToBeReady$0(180)) - Waiting for cluster to exit safe mode
2020-06-25 01:33:21,928 [eb94405a-2ebd-4c6b-9947-dd68d019db9c@group-AB544234A5C0-LeaderElection1] INFO  impl.RaftServerImpl (ServerState.java:setRaftConf(356)) - eb94405a-2ebd-4c6b-9947-dd68d019db9c@group-AB544234A5C0: set configuration 0: [eb94405a-2ebd-4c6b-9947-dd68d019db9c:172.17.0.2:36631], old=null at 0
2020-06-25 01:33:21,990 [Thread-195] INFO  impl.FollowerState (FollowerState.java:run(108)) - 14848d20-8c2f-4c67-9c52-1e4d1ff55300@group-95F1A0A00639-FollowerState: change to CANDIDATE, lastRpcTime:5080ms, electionTimeout:5072ms
2020-06-25 01:33:21,991 [Thread-195] INFO  impl.RoleInfo (RoleInfo.java:shutdownFollowerState(121)) - 14848d20-8c2f-4c67-9c52-1e4d1ff55300: shutdown FollowerState
2020-06-25 01:33:21,991 [Thread-195] INFO  impl.RaftServerImpl (RaftServerImpl.java:setRole(175)) - 14848d20-8c2f-4c67-9c52-1e4d1ff55300@group-95F1A0A00639: changes role from  FOLLOWER to CANDIDATE at term 0 for changeToCandidate
2020-06-25 01:33:21,991 [Thread-195] INFO  impl.RoleInfo (RoleInfo.java:updateAndGet(143)) - 14848d20-8c2f-4c67-9c52-1e4d1ff55300: start LeaderElection
2020-06-25 01:33:22,002 [14848d20-8c2f-4c67-9c52-1e4d1ff55300@group-95F1A0A00639-LeaderElection2] INFO  impl.LeaderElection (LeaderElection.java:askForVotes(206)) - 14848d20-8c2f-4c67-9c52-1e4d1ff55300@group-95F1A0A00639-LeaderElection2: begin an election at term 1 for -1: [14848d20-8c2f-4c67-9c52-1e4d1ff55300:172.17.0.2:42071], old=null
2020-06-25 01:33:22,002 [14848d20-8c2f-4c67-9c52-1e4d1ff55300@group-95F1A0A00639-LeaderElection2] INFO  impl.RoleInfo (RoleInfo.java:shutdownLeaderElection(134)) - 14848d20-8c2f-4c67-9c52-1e4d1ff55300: shutdown LeaderElection
2020-06-25 01:33:22,002 [14848d20-8c2f-4c67-9c52-1e4d1ff55300@group-95F1A0A00639-LeaderElection2] INFO  impl.RaftServerImpl (RaftServerImpl.java:setRole(175)) - 14848d20-8c2f-4c67-9c52-1e4d1ff55300@group-95F1A0A00639: changes role from CANDIDATE to LEADER at term 1 for changeToLeader
2020-06-25 01:33:22,002 [14848d20-8c2f-4c67-9c52-1e4d1ff55300@group-95F1A0A00639-LeaderElection2] INFO  ratis.XceiverServerRatis (XceiverServerRatis.java:handleLeaderChangedNotification(762)) - Leader change notification received for group: group-95F1A0A00639 with new leaderId: 14848d20-8c2f-4c67-9c52-1e4d1ff55300
2020-06-25 01:33:22,003 [14848d20-8c2f-4c67-9c52-1e4d1ff55300@group-95F1A0A00639-LeaderElection2] INFO  impl.RaftServerImpl (ServerState.java:setLeader(255)) - 14848d20-8c2f-4c67-9c52-1e4d1ff55300@group-95F1A0A00639: change Leader from null to 14848d20-8c2f-4c67-9c52-1e4d1ff55300 at term 1 for becomeLeader, leader elected after 5114ms
2020-06-25 01:33:22,003 [14848d20-8c2f-4c67-9c52-1e4d1ff55300@group-95F1A0A00639-LeaderElection2] INFO  server.RaftServerConfigKeys (ConfUtils.java:logGet(44)) - raft.server.staging.catchup.gap = 1000 (default)
2020-06-25 01:33:22,003 [14848d20-8c2f-4c67-9c52-1e4d1ff55300@group-95F1A0A00639-LeaderElection2] INFO  server.RaftServerConfigKeys (ConfUtils.java:logGet(44)) - raft.server.rpc.sleep.time = 25ms (default)
2020-06-25 01:33:22,003 [14848d20-8c2f-4c67-9c52-1e4d1ff55300@group-95F1A0A00639-LeaderElection2] INFO  metrics.RatisMetrics (RatisMetrics.java:lambda$create$0(36)) - Creating Metrics Registry : ratis.log_appender.14848d20-8c2f-4c67-9c52-1e4d1ff55300@group-95F1A0A00639
2020-06-25 01:33:22,003 [14848d20-8c2f-4c67-9c52-1e4d1ff55300@group-95F1A0A00639-LeaderElection2] INFO  server.RaftServerConfigKeys (ConfUtils.java:logGet(44)) - raft.server.write.element-limit = 1024 (custom)
2020-06-25 01:33:22,003 [14848d20-8c2f-4c67-9c52-1e4d1ff55300@group-95F1A0A00639-LeaderElection2] INFO  server.RaftServerConfigKeys (ConfUtils.java:logGet(44)) - raft.server.write.byte-limit = 1073741824 (custom)
2020-06-25 01:33:22,003 [14848d20-8c2f-4c67-9c52-1e4d1ff55300@group-95F1A0A00639-LeaderElection2] INFO  server.RaftServerConfigKeys (ConfUtils.java:logGet(44)) - raft.server.watch.timeout = 3s (custom)
2020-06-25 01:33:22,003 [14848d20-8c2f-4c67-9c52-1e4d1ff55300@group-95F1A0A00639-LeaderElection2] INFO  server.RaftServerConfigKeys (ConfUtils.java:logGet(44)) - raft.server.watch.timeout.denomination = 1s (default)
2020-06-25 01:33:22,004 [14848d20-8c2f-4c67-9c52-1e4d1ff55300@group-95F1A0A00639-LeaderElection2] INFO  server.RaftServerConfigKeys (ConfUtils.java:logGet(44)) - raft.server.watch.element-limit = 65536 (default)
2020-06-25 01:33:22,005 [14848d20-8c2f-4c67-9c52-1e4d1ff55300@group-95F1A0A00639-LeaderElection2] INFO  impl.RoleInfo (RoleInfo.java:updateAndGet(143)) - 14848d20-8c2f-4c67-9c52-1e4d1ff55300: start LeaderState
2020-06-25 01:33:22,005 [14848d20-8c2f-4c67-9c52-1e4d1ff55300@group-95F1A0A00639-LeaderElection2] INFO  segmented.SegmentedRaftLogWorker (SegmentedRaftLogWorker.java:startLogSegment(397)) - 14848d20-8c2f-4c67-9c52-1e4d1ff55300@group-95F1A0A00639-SegmentedRaftLogWorker: Starting segment from index:0
2020-06-25 01:33:22,009 [14848d20-8c2f-4c67-9c52-1e4d1ff55300@group-95F1A0A00639-LeaderElection2] INFO  impl.RaftServerImpl (ServerState.java:setRaftConf(356)) - 14848d20-8c2f-4c67-9c52-1e4d1ff55300@group-95F1A0A00639: set configuration 0: [14848d20-8c2f-4c67-9c52-1e4d1ff55300:172.17.0.2:42071], old=null at 0
2020-06-25 01:33:22,036 [14848d20-8c2f-4c67-9c52-1e4d1ff55300@group-95F1A0A00639-SegmentedRaftLogWorker] INFO  segmented.SegmentedRaftLogWorker (SegmentedRaftLogWorker.java:execute(596)) - 14848d20-8c2f-4c67-9c52-1e4d1ff55300@group-95F1A0A00639-SegmentedRaftLogWorker: created new log segment /github/workspace/mnt/ozone/hadoop-ozone/integration-test/target/test-dir/MiniOzoneClusterImpl-2d6d638a-de58-4742-980c-6a69b9740c93/datanode-1/data/ratis/fad7c7b9-4edf-492a-935c-95f1a0a00639/current/log_inprogress_0
2020-06-25 01:33:22,040 [eb94405a-2ebd-4c6b-9947-dd68d019db9c@group-AB544234A5C0-SegmentedRaftLogWorker] INFO  segmented.SegmentedRaftLogWorker (SegmentedRaftLogWorker.java:execute(596)) - eb94405a-2ebd-4c6b-9947-dd68d019db9c@group-AB544234A5C0-SegmentedRaftLogWorker: created new log segment /github/workspace/mnt/ozone/hadoop-ozone/integration-test/target/test-dir/MiniOzoneClusterImpl-2d6d638a-de58-4742-980c-6a69b9740c93/datanode-0/data/ratis/521c1c5c-4b32-4143-af59-ab544234a5c0/current/log_inprogress_0
2020-06-25 01:33:22,064 [Thread-199] INFO  impl.FollowerState (FollowerState.java:run(108)) - 14848d20-8c2f-4c67-9c52-1e4d1ff55300@group-2AA88309C77E-FollowerState: change to CANDIDATE, lastRpcTime:5076ms, electionTimeout:5064ms
2020-06-25 01:33:22,064 [Thread-199] INFO  impl.RoleInfo (RoleInfo.java:shutdownFollowerState(121)) - 14848d20-8c2f-4c67-9c52-1e4d1ff55300: shutdown FollowerState
2020-06-25 01:33:22,064 [Thread-199] INFO  impl.RaftServerImpl (RaftServerImpl.java:setRole(175)) - 14848d20-8c2f-4c67-9c52-1e4d1ff55300@group-2AA88309C77E: changes role from  FOLLOWER to CANDIDATE at term 0 for changeToCandidate
2020-06-25 01:33:22,065 [Thread-199] INFO  impl.RoleInfo (RoleInfo.java:updateAndGet(143)) - 14848d20-8c2f-4c67-9c52-1e4d1ff55300: start LeaderElection
2020-06-25 01:33:22,068 [14848d20-8c2f-4c67-9c52-1e4d1ff55300@group-2AA88309C77E-LeaderElection3] INFO  impl.LeaderElection (LeaderElection.java:askForVotes(206)) - 14848d20-8c2f-4c67-9c52-1e4d1ff55300@group-2AA88309C77E-LeaderElection3: begin an election at term 1 for -1: [14848d20-8c2f-4c67-9c52-1e4d1ff55300:172.17.0.2:42071, eb94405a-2ebd-4c6b-9947-dd68d019db9c:172.17.0.2:36631, 0b9d2d2b-3649-4590-a677-99e2f8534c9c:172.17.0.2:36891], old=null
2020-06-25 01:33:22,092 [grpc-default-executor-2] DEBUG impl.RaftServerImpl (RaftServerImpl.java:requestVote(821)) - 0b9d2d2b-3649-4590-a677-99e2f8534c9c@group-2AA88309C77E: receive requestVote(14848d20-8c2f-4c67-9c52-1e4d1ff55300, group-2AA88309C77E, 1, (t:0, i:0))
2020-06-25 01:33:22,093 [grpc-default-executor-2] INFO  impl.RaftServerImpl (RaftServerImpl.java:setRole(175)) - 0b9d2d2b-3649-4590-a677-99e2f8534c9c@group-2AA88309C77E: changes role from  FOLLOWER to FOLLOWER at term 1 for recognizeCandidate:14848d20-8c2f-4c67-9c52-1e4d1ff55300
2020-06-25 01:33:22,093 [grpc-default-executor-2] INFO  impl.RoleInfo (RoleInfo.java:shutdownFollowerState(121)) - 0b9d2d2b-3649-4590-a677-99e2f8534c9c: shutdown FollowerState
2020-06-25 01:33:22,093 [Thread-203] INFO  impl.FollowerState (FollowerState.java:run(117)) - 0b9d2d2b-3649-4590-a677-99e2f8534c9c@group-2AA88309C77E-FollowerState was interrupted: java.lang.InterruptedException: sleep interrupted
2020-06-25 01:33:22,094 [grpc-default-executor-2] INFO  impl.RoleInfo (RoleInfo.java:updateAndGet(143)) - 0b9d2d2b-3649-4590-a677-99e2f8534c9c: start FollowerState
2020-06-25 01:33:22,098 [Thread-196] INFO  impl.FollowerState (FollowerState.java:run(108)) - eb94405a-2ebd-4c6b-9947-dd68d019db9c@group-2AA88309C77E-FollowerState: change to CANDIDATE, lastRpcTime:5170ms, electionTimeout:5141ms
2020-06-25 01:33:22,098 [grpc-default-executor-1] DEBUG impl.RaftServerImpl (RaftServerImpl.java:requestVote(821)) - eb94405a-2ebd-4c6b-9947-dd68d019db9c@group-2AA88309C77E: receive requestVote(14848d20-8c2f-4c67-9c52-1e4d1ff55300, group-2AA88309C77E, 1, (t:0, i:0))
2020-06-25 01:33:22,098 [Thread-196] INFO  impl.RoleInfo (RoleInfo.java:shutdownFollowerState(121)) - eb94405a-2ebd-4c6b-9947-dd68d019db9c: shutdown FollowerState
2020-06-25 01:33:22,098 [Thread-196] INFO  impl.RaftServerImpl (RaftServerImpl.java:setRole(175)) - eb94405a-2ebd-4c6b-9947-dd68d019db9c@group-2AA88309C77E: changes role from  FOLLOWER to CANDIDATE at term 0 for changeToCandidate
2020-06-25 01:33:22,098 [Thread-196] INFO  impl.RoleInfo (RoleInfo.java:updateAndGet(143)) - eb94405a-2ebd-4c6b-9947-dd68d019db9c: start LeaderElection
2020-06-25 01:33:22,108 [grpc-default-executor-2] DEBUG impl.RaftServerImpl (RaftServerImpl.java:requestVote(853)) - 0b9d2d2b-3649-4590-a677-99e2f8534c9c@group-2AA88309C77E replies to vote request: 14848d20-8c2f-4c67-9c52-1e4d1ff55300<-0b9d2d2b-3649-4590-a677-99e2f8534c9c#0:OK-t1. Peer's state: 0b9d2d2b-3649-4590-a677-99e2f8534c9c@group-2AA88309C77E:t1, leader=null, voted=14848d20-8c2f-4c67-9c52-1e4d1ff55300, raftlog=0b9d2d2b-3649-4590-a677-99e2f8534c9c@group-2AA88309C77E-SegmentedRaftLog:OPENED:c-1,f-1,i0, conf=-1: [14848d20-8c2f-4c67-9c52-1e4d1ff55300:172.17.0.2:42071, eb94405a-2ebd-4c6b-9947-dd68d019db9c:172.17.0.2:36631, 0b9d2d2b-3649-4590-a677-99e2f8534c9c:172.17.0.2:36891], old=null
2020-06-25 01:33:22,118 [grpc-default-executor-1] INFO  impl.RaftServerImpl (RaftServerImpl.java:setRole(175)) - eb94405a-2ebd-4c6b-9947-dd68d019db9c@group-2AA88309C77E: changes role from CANDIDATE to FOLLOWER at term 1 for recognizeCandidate:14848d20-8c2f-4c67-9c52-1e4d1ff55300
2020-06-25 01:33:22,118 [grpc-default-executor-1] INFO  impl.RoleInfo (RoleInfo.java:shutdownLeaderElection(134)) - eb94405a-2ebd-4c6b-9947-dd68d019db9c: shutdown LeaderElection
2020-06-25 01:33:22,118 [grpc-default-executor-1] INFO  impl.RoleInfo (RoleInfo.java:updateAndGet(143)) - eb94405a-2ebd-4c6b-9947-dd68d019db9c: start FollowerState
2020-06-25 01:33:22,119 [Thread-201] INFO  impl.FollowerState (FollowerState.java:run(108)) - 0b9d2d2b-3649-4590-a677-99e2f8534c9c@group-D91B8F1EA0AA-FollowerState: change to CANDIDATE, lastRpcTime:5051ms, electionTimeout:5047ms
2020-06-25 01:33:22,126 [Thread-201] INFO  impl.RoleInfo (RoleInfo.java:shutdownFollowerState(121)) - 0b9d2d2b-3649-4590-a677-99e2f8534c9c: shutdown FollowerState
2020-06-25 01:33:22,126 [Thread-201] INFO  impl.RaftServerImpl (RaftServerImpl.java:setRole(175)) - 0b9d2d2b-3649-4590-a677-99e2f8534c9c@group-D91B8F1EA0AA: changes role from  FOLLOWER to CANDIDATE at term 0 for changeToCandidate
2020-06-25 01:33:22,126 [Thread-201] INFO  impl.RoleInfo (RoleInfo.java:updateAndGet(143)) - 0b9d2d2b-3649-4590-a677-99e2f8534c9c: start LeaderElection
2020-06-25 01:33:22,128 [grpc-default-executor-1] DEBUG impl.RaftServerImpl (RaftServerImpl.java:requestVote(853)) - eb94405a-2ebd-4c6b-9947-dd68d019db9c@group-2AA88309C77E replies to vote request: 14848d20-8c2f-4c67-9c52-1e4d1ff55300<-eb94405a-2ebd-4c6b-9947-dd68d019db9c#0:FAIL-t1. Peer's state: eb94405a-2ebd-4c6b-9947-dd68d019db9c@group-2AA88309C77E:t1, leader=null, voted=null, raftlog=eb94405a-2ebd-4c6b-9947-dd68d019db9c@group-2AA88309C77E-SegmentedRaftLog:OPENED:c-1,f-1,i0, conf=-1: [14848d20-8c2f-4c67-9c52-1e4d1ff55300:172.17.0.2:42071, eb94405a-2ebd-4c6b-9947-dd68d019db9c:172.17.0.2:36631, 0b9d2d2b-3649-4590-a677-99e2f8534c9c:172.17.0.2:36891], old=null
2020-06-25 01:33:22,129 [14848d20-8c2f-4c67-9c52-1e4d1ff55300@group-2AA88309C77E-LeaderElection3] INFO  impl.LeaderElection (LeaderElection.java:logAndReturn(61)) - 14848d20-8c2f-4c67-9c52-1e4d1ff55300@group-2AA88309C77E-LeaderElection3: Election PASSED; received 1 response(s) [14848d20-8c2f-4c67-9c52-1e4d1ff55300<-0b9d2d2b-3649-4590-a677-99e2f8534c9c#0:OK-t1] and 0 exception(s); 14848d20-8c2f-4c67-9c52-1e4d1ff55300@group-2AA88309C77E:t1, leader=null, voted=14848d20-8c2f-4c67-9c52-1e4d1ff55300, raftlog=14848d20-8c2f-4c67-9c52-1e4d1ff55300@group-2AA88309C77E-SegmentedRaftLog:OPENED:c-1,f-1,i0, conf=-1: [14848d20-8c2f-4c67-9c52-1e4d1ff55300:172.17.0.2:42071, eb94405a-2ebd-4c6b-9947-dd68d019db9c:172.17.0.2:36631, 0b9d2d2b-3649-4590-a677-99e2f8534c9c:172.17.0.2:36891], old=null
2020-06-25 01:33:22,129 [14848d20-8c2f-4c67-9c52-1e4d1ff55300@group-2AA88309C77E-LeaderElection3] INFO  impl.RoleInfo (RoleInfo.java:shutdownLeaderElection(134)) - 14848d20-8c2f-4c67-9c52-1e4d1ff55300: shutdown LeaderElection
2020-06-25 01:33:22,129 [14848d20-8c2f-4c67-9c52-1e4d1ff55300@group-2AA88309C77E-LeaderElection3] INFO  impl.RaftServerImpl (RaftServerImpl.java:setRole(175)) - 14848d20-8c2f-4c67-9c52-1e4d1ff55300@group-2AA88309C77E: changes role from CANDIDATE to LEADER at term 1 for changeToLeader
2020-06-25 01:33:22,129 [14848d20-8c2f-4c67-9c52-1e4d1ff55300@group-2AA88309C77E-LeaderElection3] INFO  ratis.XceiverServerRatis (XceiverServerRatis.java:handleLeaderChangedNotification(762)) - Leader change notification received for group: group-2AA88309C77E with new leaderId: 14848d20-8c2f-4c67-9c52-1e4d1ff55300
2020-06-25 01:33:22,129 [14848d20-8c2f-4c67-9c52-1e4d1ff55300@group-2AA88309C77E-LeaderElection3] INFO  impl.RaftServerImpl (ServerState.java:setLeader(255)) - 14848d20-8c2f-4c67-9c52-1e4d1ff55300@group-2AA88309C77E: change Leader from null to 14848d20-8c2f-4c67-9c52-1e4d1ff55300 at term 1 for becomeLeader, leader elected after 5190ms
2020-06-25 01:33:22,129 [14848d20-8c2f-4c67-9c52-1e4d1ff55300@group-2AA88309C77E-LeaderElection3] INFO  server.RaftServerConfigKeys (ConfUtils.java:logGet(44)) - raft.server.staging.catchup.gap = 1000 (default)
2020-06-25 01:33:22,129 [14848d20-8c2f-4c67-9c52-1e4d1ff55300@group-2AA88309C77E-LeaderElection3] INFO  server.RaftServerConfigKeys (ConfUtils.java:logGet(44)) - raft.server.rpc.sleep.time = 25ms (default)
2020-06-25 01:33:22,129 [14848d20-8c2f-4c67-9c52-1e4d1ff55300@group-2AA88309C77E-LeaderElection3] INFO  metrics.RatisMetrics (RatisMetrics.java:lambda$create$0(36)) - Creating Metrics Registry : ratis.log_appender.14848d20-8c2f-4c67-9c52-1e4d1ff55300@group-2AA88309C77E
2020-06-25 01:33:22,129 [14848d20-8c2f-4c67-9c52-1e4d1ff55300@group-2AA88309C77E-LeaderElection3] INFO  server.RaftServerConfigKeys (ConfUtils.java:logGet(44)) - raft.server.write.element-limit = 1024 (custom)
2020-06-25 01:33:22,130 [14848d20-8c2f-4c67-9c52-1e4d1ff55300@group-2AA88309C77E-LeaderElection3] INFO  server.RaftServerConfigKeys (ConfUtils.java:logGet(44)) - raft.server.write.byte-limit = 1073741824 (custom)
2020-06-25 01:33:22,137 [EventQueue-PipelineReportForPipelineReportHandler] INFO  pipeline.PipelineStateManager (PipelineStateManager.java:openPipeline(131)) - Pipeline Pipeline[ Id: e2bfb8ea-af9f-4d60-a20f-2aa88309c77e, Nodes: eb94405a-2ebd-4c6b-9947-dd68d019db9c{ip: 172.17.0.2, host: 6606cc3c9bc0, networkLocation: /default-rack, certSerialId: null}0b9d2d2b-3649-4590-a677-99e2f8534c9c{ip: 172.17.0.2, host: 6606cc3c9bc0, networkLocation: /default-rack, certSerialId: null}14848d20-8c2f-4c67-9c52-1e4d1ff55300{ip: 172.17.0.2, host: 6606cc3c9bc0, networkLocation: /default-rack, certSerialId: null}, Type:RATIS, Factor:THREE, State:ALLOCATED, leaderId:14848d20-8c2f-4c67-9c52-1e4d1ff55300, CreationTimestamp2020-06-25T01:33:13.939Z] moved to OPEN state
2020-06-25 01:33:22,141 [EventQueue-OpenPipelineForOneReplicaPipelineSafeModeRule] INFO  safemode.SCMSafeModeManager (SCMSafeModeManager.java:validateSafeModeExitRules(214)) - AtleastOneDatanodeReportedRule rule is successfully validated
2020-06-25 01:33:22,139 [eb94405a-2ebd-4c6b-9947-dd68d019db9c@group-2AA88309C77E-LeaderElection4] INFO  impl.LeaderElection (LeaderElection.java:askForVotes(206)) - eb94405a-2ebd-4c6b-9947-dd68d019db9c@group-2AA88309C77E-LeaderElection4: begin an election at term 2 for -1: [14848d20-8c2f-4c67-9c52-1e4d1ff55300:172.17.0.2:42071, eb94405a-2ebd-4c6b-9947-dd68d019db9c:172.17.0.2:36631, 0b9d2d2b-3649-4590-a677-99e2f8534c9c:172.17.0.2:36891], old=null
2020-06-25 01:33:22,137 [14848d20-8c2f-4c67-9c52-1e4d1ff55300@group-2AA88309C77E-LeaderElection3] INFO  server.RaftServerConfigKeys (ConfUtils.java:logGet(44)) - raft.server.watch.timeout = 3s (custom)
2020-06-25 01:33:22,142 [EventQueue-OpenPipelineForHealthyPipelineSafeModeRule] INFO  safemode.SCMSafeModeManager (HealthyPipelineSafeModeRule.java:process(132)) - SCM in safe mode. Healthy pipelines reported count is 1, required healthy pipeline reported count is 1
2020-06-25 01:33:22,142 [14848d20-8c2f-4c67-9c52-1e4d1ff55300@group-2AA88309C77E-LeaderElection3] INFO  server.RaftServerConfigKeys (ConfUtils.java:logGet(44)) - raft.server.watch.timeout.denomination = 1s (default)
2020-06-25 01:33:22,142 [14848d20-8c2f-4c67-9c52-1e4d1ff55300@group-2AA88309C77E-LeaderElection3] INFO  server.RaftServerConfigKeys (ConfUtils.java:logGet(44)) - raft.server.watch.element-limit = 65536 (default)
2020-06-25 01:33:22,142 [EventQueue-OpenPipelineForHealthyPipelineSafeModeRule] INFO  safemode.SCMSafeModeManager (SCMSafeModeManager.java:validateSafeModeExitRules(214)) - HealthyPipelineSafeModeRule rule is successfully validated
2020-06-25 01:33:22,142 [EventQueue-OpenPipelineForHealthyPipelineSafeModeRule] INFO  safemode.SCMSafeModeManager (SCMSafeModeManager.java:validateSafeModeExitRules(228)) - ScmSafeModeManager, all rules are successfully validated
2020-06-25 01:33:22,142 [EventQueue-OpenPipelineForHealthyPipelineSafeModeRule] INFO  safemode.SCMSafeModeManager (SCMSafeModeManager.java:exitSafeMode(257)) - SCM exiting safe mode.
2020-06-25 01:33:22,143 [0b9d2d2b-3649-4590-a677-99e2f8534c9c@group-D91B8F1EA0AA-LeaderElection5] INFO  impl.LeaderElection (LeaderElection.java:askForVotes(206)) - 0b9d2d2b-3649-4590-a677-99e2f8534c9c@group-D91B8F1EA0AA-LeaderElection5: begin an election at term 1 for -1: [0b9d2d2b-3649-4590-a677-99e2f8534c9c:172.17.0.2:36891], old=null
2020-06-25 01:33:22,143 [0b9d2d2b-3649-4590-a677-99e2f8534c9c@group-D91B8F1EA0AA-LeaderElection5] INFO  impl.RoleInfo (RoleInfo.java:shutdownLeaderElection(134)) - 0b9d2d2b-3649-4590-a677-99e2f8534c9c: shutdown LeaderElection
2020-06-25 01:33:22,143 [0b9d2d2b-3649-4590-a677-99e2f8534c9c@group-D91B8F1EA0AA-LeaderElection5] INFO  impl.RaftServerImpl (RaftServerImpl.java:setRole(175)) - 0b9d2d2b-3649-4590-a677-99e2f8534c9c@group-D91B8F1EA0AA: changes role from CANDIDATE to LEADER at term 1 for changeToLeader
2020-06-25 01:33:22,143 [0b9d2d2b-3649-4590-a677-99e2f8534c9c@group-D91B8F1EA0AA-LeaderElection5] INFO  ratis.XceiverServerRatis (XceiverServerRatis.java:handleLeaderChangedNotification(762)) - Leader change notification received for group: group-D91B8F1EA0AA with new leaderId: 0b9d2d2b-3649-4590-a677-99e2f8534c9c
2020-06-25 01:33:22,144 [14848d20-8c2f-4c67-9c52-1e4d1ff55300@group-2AA88309C77E-LeaderElection3] INFO  server.RaftServerConfigKeys (ConfUtils.java:logGet(44)) - raft.server.log.appender.snapshot.chunk.size.max = 16MB (=16777216) (default)
2020-06-25 01:33:22,145 [14848d20-8c2f-4c67-9c52-1e4d1ff55300@group-2AA88309C77E-LeaderElection3] INFO  server.RaftServerConfigKeys (ConfUtils.java:logGet(44)) - raft.server.log.appender.buffer.byte-limit = 33554432 (custom)
2020-06-25 01:33:22,145 [14848d20-8c2f-4c67-9c52-1e4d1ff55300@group-2AA88309C77E-LeaderElection3] INFO  server.RaftServerConfigKeys (ConfUtils.java:logGet(44)) - raft.server.log.appender.buffer.element-limit = 1 (custom)
2020-06-25 01:33:22,147 [14848d20-8c2f-4c67-9c52-1e4d1ff55300@group-2AA88309C77E-LeaderElection3] INFO  grpc.GrpcConfigKeys (ConfUtils.java:logGet(44)) - raft.grpc.server.leader.outstanding.appends.max = 128 (default)
2020-06-25 01:33:22,147 [14848d20-8c2f-4c67-9c52-1e4d1ff55300@group-2AA88309C77E-LeaderElection3] INFO  server.RaftServerConfigKeys (ConfUtils.java:logGet(44)) - raft.server.rpc.request.timeout = 3s (default)
2020-06-25 01:33:22,148 [14848d20-8c2f-4c67-9c52-1e4d1ff55300@group-2AA88309C77E-LeaderElection3] INFO  server.RaftServerConfigKeys (ConfUtils.java:logGet(44)) - raft.server.log.appender.install.snapshot.enabled = false (custom)
2020-06-25 01:33:22,148 [14848d20-8c2f-4c67-9c52-1e4d1ff55300@group-2AA88309C77E-LeaderElection3] INFO  metrics.RatisMetrics (RatisMetrics.java:lambda$create$0(36)) - Creating Metrics Registry : ratis_grpc.log_appender.14848d20-8c2f-4c67-9c52-1e4d1ff55300@group-2AA88309C77E
2020-06-25 01:33:22,151 [14848d20-8c2f-4c67-9c52-1e4d1ff55300@group-2AA88309C77E-LeaderElection3] INFO  server.RaftServerConfigKeys (ConfUtils.java:logGet(44)) - raft.server.log.appender.snapshot.chunk.size.max = 16MB (=16777216) (default)
2020-06-25 01:33:22,152 [14848d20-8c2f-4c67-9c52-1e4d1ff55300@group-2AA88309C77E-LeaderElection3] INFO  server.RaftServerConfigKeys (ConfUtils.java:logGet(44)) - raft.server.log.appender.buffer.byte-limit = 33554432 (custom)
2020-06-25 01:33:22,152 [14848d20-8c2f-4c67-9c52-1e4d1ff55300@group-2AA88309C77E-LeaderElection3] INFO  server.RaftServerConfigKeys (ConfUtils.java:logGet(44)) - raft.server.log.appender.buffer.element-limit = 1 (custom)
2020-06-25 01:33:22,160 [0b9d2d2b-3649-4590-a677-99e2f8534c9c@group-D91B8F1EA0AA-LeaderElection5] INFO  impl.RaftServerImpl (ServerState.java:setLeader(255)) - 0b9d2d2b-3649-4590-a677-99e2f8534c9c@group-D91B8F1EA0AA: change Leader from null to 0b9d2d2b-3649-4590-a677-99e2f8534c9c at term 1 for becomeLeader, leader elected after 5100ms
2020-06-25 01:33:22,161 [0b9d2d2b-3649-4590-a677-99e2f8534c9c@group-D91B8F1EA0AA-LeaderElection5] INFO  server.RaftServerConfigKeys (ConfUtils.java:logGet(44)) - raft.server.staging.catchup.gap = 1000 (default)
2020-06-25 01:33:22,161 [0b9d2d2b-3649-4590-a677-99e2f8534c9c@group-D91B8F1EA0AA-LeaderElection5] INFO  server.RaftServerConfigKeys (ConfUtils.java:logGet(44)) - raft.server.rpc.sleep.time = 25ms (default)
2020-06-25 01:33:22,163 [eb94405a-2ebd-4c6b-9947-dd68d019db9c@group-2AA88309C77E-LeaderElection4] INFO  impl.LeaderElection (LeaderElection.java:logAndReturn(61)) - eb94405a-2ebd-4c6b-9947-dd68d019db9c@group-2AA88309C77E-LeaderElection4: Election REJECTED; received 0 response(s) [] and 0 exception(s); eb94405a-2ebd-4c6b-9947-dd68d019db9c@group-2AA88309C77E:t2, leader=null, voted=eb94405a-2ebd-4c6b-9947-dd68d019db9c, raftlog=eb94405a-2ebd-4c6b-9947-dd68d019db9c@group-2AA88309C77E-SegmentedRaftLog:OPENED:c-1,f-1,i0, conf=-1: [14848d20-8c2f-4c67-9c52-1e4d1ff55300:172.17.0.2:42071, eb94405a-2ebd-4c6b-9947-dd68d019db9c:172.17.0.2:36631, 0b9d2d2b-3649-4590-a677-99e2f8534c9c:172.17.0.2:36891], old=null
2020-06-25 01:33:22,163 [14848d20-8c2f-4c67-9c52-1e4d1ff55300@group-2AA88309C77E-LeaderElection3] INFO  grpc.GrpcConfigKeys (ConfUtils.java:logGet(44)) - raft.grpc.server.leader.outstanding.appends.max = 128 (default)
2020-06-25 01:33:22,163 [14848d20-8c2f-4c67-9c52-1e4d1ff55300@group-2AA88309C77E-LeaderElection3] INFO  server.RaftServerConfigKeys (ConfUtils.java:logGet(44)) - raft.server.rpc.request.timeout = 3s (default)
2020-06-25 01:33:22,163 [14848d20-8c2f-4c67-9c52-1e4d1ff55300@group-2AA88309C77E-LeaderElection3] INFO  server.RaftServerConfigKeys (ConfUtils.java:logGet(44)) - raft.server.log.appender.install.snapshot.enabled = false (custom)
2020-06-25 01:33:22,168 [0b9d2d2b-3649-4590-a677-99e2f8534c9c@group-D91B8F1EA0AA-LeaderElection5] INFO  metrics.RatisMetrics (RatisMetrics.java:lambda$create$0(36)) - Creating Metrics Registry : ratis.log_appender.0b9d2d2b-3649-4590-a677-99e2f8534c9c@group-D91B8F1EA0AA
2020-06-25 01:33:22,171 [0b9d2d2b-3649-4590-a677-99e2f8534c9c@group-D91B8F1EA0AA-LeaderElection5] INFO  server.RaftServerConfigKeys (ConfUtils.java:logGet(44)) - raft.server.write.element-limit = 1024 (custom)
2020-06-25 01:33:22,171 [0b9d2d2b-3649-4590-a677-99e2f8534c9c@group-D91B8F1EA0AA-LeaderElection5] INFO  server.RaftServerConfigKeys (ConfUtils.java:logGet(44)) - raft.server.write.byte-limit = 1073741824 (custom)
2020-06-25 01:33:22,171 [0b9d2d2b-3649-4590-a677-99e2f8534c9c@group-D91B8F1EA0AA-LeaderElection5] INFO  server.RaftServerConfigKeys (ConfUtils.java:logGet(44)) - raft.server.watch.timeout = 3s (custom)
2020-06-25 01:33:22,171 [0b9d2d2b-3649-4590-a677-99e2f8534c9c@group-D91B8F1EA0AA-LeaderElection5] INFO  server.RaftServerConfigKeys (ConfUtils.java:logGet(44)) - raft.server.watch.timeout.denomination = 1s (default)
2020-06-25 01:33:22,171 [0b9d2d2b-3649-4590-a677-99e2f8534c9c@group-D91B8F1EA0AA-LeaderElection5] INFO  server.RaftServerConfigKeys (ConfUtils.java:logGet(44)) - raft.server.watch.element-limit = 65536 (default)
2020-06-25 01:33:22,171 [0b9d2d2b-3649-4590-a677-99e2f8534c9c@group-D91B8F1EA0AA-LeaderElection5] INFO  impl.RoleInfo (RoleInfo.java:updateAndGet(143)) - 0b9d2d2b-3649-4590-a677-99e2f8534c9c: start LeaderState
2020-06-25 01:33:22,171 [0b9d2d2b-3649-4590-a677-99e2f8534c9c@group-D91B8F1EA0AA-LeaderElection5] INFO  segmented.SegmentedRaftLogWorker (SegmentedRaftLogWorker.java:startLogSegment(397)) - 0b9d2d2b-3649-4590-a677-99e2f8534c9c@group-D91B8F1EA0AA-SegmentedRaftLogWorker: Starting segment from index:0
2020-06-25 01:33:22,172 [0b9d2d2b-3649-4590-a677-99e2f8534c9c@group-D91B8F1EA0AA-LeaderElection5] INFO  impl.RaftServerImpl (ServerState.java:setRaftConf(356)) - 0b9d2d2b-3649-4590-a677-99e2f8534c9c@group-D91B8F1EA0AA: set configuration 0: [0b9d2d2b-3649-4590-a677-99e2f8534c9c:172.17.0.2:36891], old=null at 0
2020-06-25 01:33:22,184 [0b9d2d2b-3649-4590-a677-99e2f8534c9c@group-D91B8F1EA0AA-SegmentedRaftLogWorker] INFO  segmented.SegmentedRaftLogWorker (SegmentedRaftLogWorker.java:execute(596)) - 0b9d2d2b-3649-4590-a677-99e2f8534c9c@group-D91B8F1EA0AA-SegmentedRaftLogWorker: created new log segment /github/workspace/mnt/ozone/hadoop-ozone/integration-test/target/test-dir/MiniOzoneClusterImpl-2d6d638a-de58-4742-980c-6a69b9740c93/datanode-2/data/ratis/7821e0ce-042f-4b5e-bda4-d91b8f1ea0aa/current/log_inprogress_0
2020-06-25 01:33:22,187 [14848d20-8c2f-4c67-9c52-1e4d1ff55300@group-2AA88309C77E-LeaderElection3] INFO  impl.RoleInfo (RoleInfo.java:updateAndGet(143)) - 14848d20-8c2f-4c67-9c52-1e4d1ff55300: start LeaderState
2020-06-25 01:33:22,188 [14848d20-8c2f-4c67-9c52-1e4d1ff55300@group-2AA88309C77E-LeaderElection3] INFO  segmented.SegmentedRaftLogWorker (SegmentedRaftLogWorker.java:startLogSegment(397)) - 14848d20-8c2f-4c67-9c52-1e4d1ff55300@group-2AA88309C77E-SegmentedRaftLogWorker: Starting segment from index:0
2020-06-25 01:33:22,189 [14848d20-8c2f-4c67-9c52-1e4d1ff55300@group-2AA88309C77E-SegmentedRaftLogWorker] INFO  segmented.SegmentedRaftLogWorker (SegmentedRaftLogWorker.java:execute(596)) - 14848d20-8c2f-4c67-9c52-1e4d1ff55300@group-2AA88309C77E-SegmentedRaftLogWorker: created new log segment /github/workspace/mnt/ozone/hadoop-ozone/integration-test/target/test-dir/MiniOzoneClusterImpl-2d6d638a-de58-4742-980c-6a69b9740c93/datanode-1/data/ratis/e2bfb8ea-af9f-4d60-a20f-2aa88309c77e/current/log_inprogress_0
2020-06-25 01:33:22,196 [14848d20-8c2f-4c67-9c52-1e4d1ff55300@group-2AA88309C77E-LeaderElection3] INFO  impl.RaftServerImpl (ServerState.java:setRaftConf(356)) - 14848d20-8c2f-4c67-9c52-1e4d1ff55300@group-2AA88309C77E: set configuration 0: [14848d20-8c2f-4c67-9c52-1e4d1ff55300:172.17.0.2:42071, eb94405a-2ebd-4c6b-9947-dd68d019db9c:172.17.0.2:36631, 0b9d2d2b-3649-4590-a677-99e2f8534c9c:172.17.0.2:36891], old=null at 0
2020-06-25 01:33:22,215 [grpc-default-executor-2] DEBUG impl.RaftServerImpl (RaftServerImpl.java:appendEntriesAsync(990)) - eb94405a-2ebd-4c6b-9947-dd68d019db9c@group-2AA88309C77E: Not recognize 14848d20-8c2f-4c67-9c52-1e4d1ff55300 (term=1) as leader, state: eb94405a-2ebd-4c6b-9947-dd68d019db9c@group-2AA88309C77E:t2, leader=null, voted=eb94405a-2ebd-4c6b-9947-dd68d019db9c, raftlog=eb94405a-2ebd-4c6b-9947-dd68d019db9c@group-2AA88309C77E-SegmentedRaftLog:OPENED:c-1,f-1,i0, conf=-1: [14848d20-8c2f-4c67-9c52-1e4d1ff55300:172.17.0.2:42071, eb94405a-2ebd-4c6b-9947-dd68d019db9c:172.17.0.2:36631, 0b9d2d2b-3649-4590-a677-99e2f8534c9c:172.17.0.2:36891], old=null reply: 14848d20-8c2f-4c67-9c52-1e4d1ff55300<-eb94405a-2ebd-4c6b-9947-dd68d019db9c#0:FAIL,NOT_LEADER,nextIndex:1,term:2,followerCommit:-1
2020-06-25 01:33:22,226 [grpc-default-executor-0] DEBUG impl.RaftServerImpl (RaftServerImpl.java:requestVote(821)) - 0b9d2d2b-3649-4590-a677-99e2f8534c9c@group-2AA88309C77E: receive requestVote(eb94405a-2ebd-4c6b-9947-dd68d019db9c, group-2AA88309C77E, 2, (t:0, i:0))
2020-06-25 01:33:22,226 [grpc-default-executor-1] DEBUG impl.RaftServerImpl (RaftServerImpl.java:requestVote(821)) - 14848d20-8c2f-4c67-9c52-1e4d1ff55300@group-2AA88309C77E: receive requestVote(eb94405a-2ebd-4c6b-9947-dd68d019db9c, group-2AA88309C77E, 2, (t:0, i:0))
2020-06-25 01:33:22,230 [grpc-default-executor-0] INFO  impl.RaftServerImpl (RaftServerImpl.java:setRole(175)) - 0b9d2d2b-3649-4590-a677-99e2f8534c9c@group-2AA88309C77E: changes role from  FOLLOWER to FOLLOWER at term 2 for recognizeCandidate:eb94405a-2ebd-4c6b-9947-dd68d019db9c
2020-06-25 01:33:22,230 [grpc-default-executor-0] INFO  impl.RoleInfo (RoleInfo.java:shutdownFollowerState(121)) - 0b9d2d2b-3649-4590-a677-99e2f8534c9c: shutdown FollowerState
2020-06-25 01:33:22,230 [grpc-default-executor-0] INFO  impl.RoleInfo (RoleInfo.java:updateAndGet(143)) - 0b9d2d2b-3649-4590-a677-99e2f8534c9c: start FollowerState
2020-06-25 01:33:22,230 [Thread-226] INFO  impl.FollowerState (FollowerState.java:run(117)) - 0b9d2d2b-3649-4590-a677-99e2f8534c9c@group-2AA88309C77E-FollowerState was interrupted: java.lang.InterruptedException: sleep interrupted
2020-06-25 01:33:22,232 [grpc-default-executor-1] INFO  impl.RaftServerImpl (ServerState.java:setLeader(255)) - 14848d20-8c2f-4c67-9c52-1e4d1ff55300@group-2AA88309C77E: change Leader from 14848d20-8c2f-4c67-9c52-1e4d1ff55300 to null at term 2 for updateCurrentTerm
2020-06-25 01:33:22,232 [grpc-default-executor-1] INFO  impl.RaftServerImpl (RaftServerImpl.java:setRole(175)) - 14848d20-8c2f-4c67-9c52-1e4d1ff55300@group-2AA88309C77E: changes role from    LEADER to FOLLOWER at term 2 for recognizeCandidate:eb94405a-2ebd-4c6b-9947-dd68d019db9c
2020-06-25 01:33:22,232 [grpc-default-executor-1] INFO  impl.RoleInfo (RoleInfo.java:shutdownLeaderState(104)) - 14848d20-8c2f-4c67-9c52-1e4d1ff55300: shutdown LeaderState
2020-06-25 01:33:22,232 [grpc-default-executor-1] INFO  metrics.RatisMetrics (RatisMetrics.java:unregister(43)) - Unregistering Metrics Registry : ratis_grpc.log_appender.14848d20-8c2f-4c67-9c52-1e4d1ff55300@group-2AA88309C77E
2020-06-25 01:33:22,234 [grpc-default-executor-1] INFO  metrics.RatisMetrics (RatisMetrics.java:unregister(43)) - Unregistering Metrics Registry : ratis_grpc.log_appender.14848d20-8c2f-4c67-9c52-1e4d1ff55300@group-2AA88309C77E
2020-06-25 01:33:22,234 [grpc-default-executor-3] DEBUG server.GrpcLogAppender (GrpcLogAppender.java:onNext(257)) - 14848d20-8c2f-4c67-9c52-1e4d1ff55300@group-2AA88309C77E->eb94405a-2ebd-4c6b-9947-dd68d019db9c-AppendLogResponseHandler: received the first reply 14848d20-8c2f-4c67-9c52-1e4d1ff55300<-eb94405a-2ebd-4c6b-9947-dd68d019db9c#0:FAIL,NOT_LEADER,nextIndex:1,term:2,followerCommit:-1, request=AppendEntriesRequest:cid=0,entriesCount=0,lastEntry=null
2020-06-25 01:33:22,244 [org.apache.ratis.server.impl.LogAppender$AppenderDaemon$$Lambda$468/1269828944@a259c8f] WARN  server.GrpcLogAppender (GrpcLogAppender.java:mayWait(153)) - 14848d20-8c2f-4c67-9c52-1e4d1ff55300@group-2AA88309C77E->eb94405a-2ebd-4c6b-9947-dd68d019db9c-GrpcLogAppender: Wait interrupted by java.lang.InterruptedException
2020-06-25 01:33:22,244 [grpc-default-executor-0] DEBUG impl.RaftServerImpl (RaftServerImpl.java:requestVote(853)) - 0b9d2d2b-3649-4590-a677-99e2f8534c9c@group-2AA88309C77E replies to vote request: eb94405a-2ebd-4c6b-9947-dd68d019db9c<-0b9d2d2b-3649-4590-a677-99e2f8534c9c#0:OK-t2. Peer's state: 0b9d2d2b-3649-4590-a677-99e2f8534c9c@group-2AA88309C77E:t2, leader=null, voted=eb94405a-2ebd-4c6b-9947-dd68d019db9c, raftlog=0b9d2d2b-3649-4590-a677-99e2f8534c9c@group-2AA88309C77E-SegmentedRaftLog:OPENED:c-1,f-1,i0, conf=-1: [14848d20-8c2f-4c67-9c52-1e4d1ff55300:172.17.0.2:42071, eb94405a-2ebd-4c6b-9947-dd68d019db9c:172.17.0.2:36631, 0b9d2d2b-3649-4590-a677-99e2f8534c9c:172.17.0.2:36891], old=null
2020-06-25 01:33:22,238 [grpc-default-executor-4] DEBUG impl.RaftServerImpl (RaftServerImpl.java:logAppendEntries(928)) - eb94405a-2ebd-4c6b-9947-dd68d019db9c@group-2AA88309C77E: receive appendEntries(14848d20-8c2f-4c67-9c52-1e4d1ff55300, 1, null, 0, false, commits[14848d20-8c2f-4c67-9c52-1e4d1ff55300:c0, eb94405a-2ebd-4c6b-9947-dd68d019db9c:c-1, 0b9d2d2b-3649-4590-a677-99e2f8534c9c:c-1], entries: (t:1, i:0), CONFIGURATIONENTRY
2020-06-25 01:33:22,235 [grpc-default-executor-1] INFO  impl.PendingRequests (PendingRequests.java:sendNotLeaderResponses(249)) - 14848d20-8c2f-4c67-9c52-1e4d1ff55300@group-2AA88309C77E-PendingRequests: sendNotLeaderResponses
2020-06-25 01:33:22,255 [grpc-default-executor-1] INFO  metrics.RatisMetrics (RatisMetrics.java:unregister(43)) - Unregistering Metrics Registry : ratis.log_appender.14848d20-8c2f-4c67-9c52-1e4d1ff55300@group-2AA88309C77E
2020-06-25 01:33:22,255 [grpc-default-executor-1] INFO  metrics.RatisMetrics (RatisMetrics.java:unregister(43)) - Unregistering Metrics Registry : ratis.server.14848d20-8c2f-4c67-9c52-1e4d1ff55300@group-2AA88309C77E
2020-06-25 01:33:22,255 [grpc-default-executor-1] INFO  impl.RoleInfo (RoleInfo.java:updateAndGet(143)) - 14848d20-8c2f-4c67-9c52-1e4d1ff55300: start FollowerState
2020-06-25 01:33:22,235 [org.apache.ratis.server.impl.LogAppender$AppenderDaemon$$Lambda$468/1269828944@13ddad67] WARN  server.GrpcLogAppender (GrpcLogAppender.java:mayWait(153)) - 14848d20-8c2f-4c67-9c52-1e4d1ff55300@group-2AA88309C77E->0b9d2d2b-3649-4590-a677-99e2f8534c9c-GrpcLogAppender: Wait interrupted by java.lang.InterruptedException
2020-06-25 01:33:22,254 [grpc-default-executor-2] DEBUG impl.RaftServerImpl (RaftServerImpl.java:appendEntriesAsync(990)) - 0b9d2d2b-3649-4590-a677-99e2f8534c9c@group-2AA88309C77E: Not recognize 14848d20-8c2f-4c67-9c52-1e4d1ff55300 (term=1) as leader, state: 0b9d2d2b-3649-4590-a677-99e2f8534c9c@group-2AA88309C77E:t2, leader=null, voted=eb94405a-2ebd-4c6b-9947-dd68d019db9c, raftlog=0b9d2d2b-3649-4590-a677-99e2f8534c9c@group-2AA88309C77E-SegmentedRaftLog:OPENED:c-1,f-1,i0, conf=-1: [14848d20-8c2f-4c67-9c52-1e4d1ff55300:172.17.0.2:42071, eb94405a-2ebd-4c6b-9947-dd68d019db9c:172.17.0.2:36631, 0b9d2d2b-3649-4590-a677-99e2f8534c9c:172.17.0.2:36891], old=null reply: 14848d20-8c2f-4c67-9c52-1e4d1ff55300<-0b9d2d2b-3649-4590-a677-99e2f8534c9c#0:FAIL,NOT_LEADER,nextIndex:1,term:2,followerCommit:-1
2020-06-25 01:33:22,257 [grpc-default-executor-2] DEBUG impl.RaftServerImpl (RaftServerImpl.java:logAppendEntries(928)) - 0b9d2d2b-3649-4590-a677-99e2f8534c9c@group-2AA88309C77E: receive appendEntries(14848d20-8c2f-4c67-9c52-1e4d1ff55300, 1, null, 0, false, commits[14848d20-8c2f-4c67-9c52-1e4d1ff55300:c0, eb94405a-2ebd-4c6b-9947-dd68d019db9c:c-1, 0b9d2d2b-3649-4590-a677-99e2f8534c9c:c-1], entries: (t:1, i:0), CONFIGURATIONENTRY
2020-06-25 01:33:22,257 [grpc-default-executor-2] DEBUG impl.RaftServerImpl (RaftServerImpl.java:appendEntriesAsync(990)) - 0b9d2d2b-3649-4590-a677-99e2f8534c9c@group-2AA88309C77E: Not recognize 14848d20-8c2f-4c67-9c52-1e4d1ff55300 (term=1) as leader, state: 0b9d2d2b-3649-4590-a677-99e2f8534c9c@group-2AA88309C77E:t2, leader=null, voted=eb94405a-2ebd-4c6b-9947-dd68d019db9c, raftlog=0b9d2d2b-3649-4590-a677-99e2f8534c9c@group-2AA88309C77E-SegmentedRaftLog:OPENED:c-1,f-1,i0, conf=-1: [14848d20-8c2f-4c67-9c52-1e4d1ff55300:172.17.0.2:42071, eb94405a-2ebd-4c6b-9947-dd68d019db9c:172.17.0.2:36631, 0b9d2d2b-3649-4590-a677-99e2f8534c9c:172.17.0.2:36891], old=null reply: 14848d20-8c2f-4c67-9c52-1e4d1ff55300<-0b9d2d2b-3649-4590-a677-99e2f8534c9c#1:FAIL,NOT_LEADER,nextIndex:1,term:2,followerCommit:-1
2020-06-25 01:33:22,259 [grpc-default-executor-0] DEBUG server.GrpcLogAppender (GrpcLogAppender.java:onNext(257)) - 14848d20-8c2f-4c67-9c52-1e4d1ff55300@group-2AA88309C77E->0b9d2d2b-3649-4590-a677-99e2f8534c9c-AppendLogResponseHandler: received the first reply 14848d20-8c2f-4c67-9c52-1e4d1ff55300<-0b9d2d2b-3649-4590-a677-99e2f8534c9c#0:FAIL,NOT_LEADER,nextIndex:1,term:2,followerCommit:-1, request=AppendEntriesRequest:cid=0,entriesCount=0,lastEntry=null
2020-06-25 01:33:22,261 [grpc-default-executor-4] DEBUG impl.RaftServerImpl (RaftServerImpl.java:appendEntriesAsync(990)) - eb94405a-2ebd-4c6b-9947-dd68d019db9c@group-2AA88309C77E: Not recognize 14848d20-8c2f-4c67-9c52-1e4d1ff55300 (term=1) as leader, state: eb94405a-2ebd-4c6b-9947-dd68d019db9c@group-2AA88309C77E:t2, leader=null, voted=eb94405a-2ebd-4c6b-9947-dd68d019db9c, raftlog=eb94405a-2ebd-4c6b-9947-dd68d019db9c@group-2AA88309C77E-SegmentedRaftLog:OPENED:c-1,f-1,i0, conf=-1: [14848d20-8c2f-4c67-9c52-1e4d1ff55300:172.17.0.2:42071, eb94405a-2ebd-4c6b-9947-dd68d019db9c:172.17.0.2:36631, 0b9d2d2b-3649-4590-a677-99e2f8534c9c:172.17.0.2:36891], old=null reply: 14848d20-8c2f-4c67-9c52-1e4d1ff55300<-eb94405a-2ebd-4c6b-9947-dd68d019db9c#1:FAIL,NOT_LEADER,nextIndex:1,term:2,followerCommit:-1
2020-06-25 01:33:22,260 [grpc-default-executor-2] INFO  server.GrpcServerProtocolService (GrpcServerProtocolService.java:onCompleted(138)) - 0b9d2d2b-3649-4590-a677-99e2f8534c9c: Completed APPEND_ENTRIES, lastRequest: 14848d20-8c2f-4c67-9c52-1e4d1ff55300->0b9d2d2b-3649-4590-a677-99e2f8534c9c#1-t1, previous=(t:0, i:0), leaderCommit=0, initializing? false, entries: size=1, first=(t:1, i:0), CONFIGURATIONENTRY
2020-06-25 01:33:22,274 [grpc-default-executor-1] DEBUG impl.RaftServerImpl (RaftServerImpl.java:requestVote(853)) - 14848d20-8c2f-4c67-9c52-1e4d1ff55300@group-2AA88309C77E replies to vote request: eb94405a-2ebd-4c6b-9947-dd68d019db9c<-14848d20-8c2f-4c67-9c52-1e4d1ff55300#0:FAIL-t2. Peer's state: 14848d20-8c2f-4c67-9c52-1e4d1ff55300@group-2AA88309C77E:t2, leader=null, voted=null, raftlog=14848d20-8c2f-4c67-9c52-1e4d1ff55300@group-2AA88309C77E-SegmentedRaftLog:OPENED:c0,f0,i0, conf=0: [14848d20-8c2f-4c67-9c52-1e4d1ff55300:172.17.0.2:42071, eb94405a-2ebd-4c6b-9947-dd68d019db9c:172.17.0.2:36631, 0b9d2d2b-3649-4590-a677-99e2f8534c9c:172.17.0.2:36891], old=null
2020-06-25 01:33:22,276 [grpc-default-executor-4] INFO  server.GrpcServerProtocolService (GrpcServerProtocolService.java:onCompleted(138)) - eb94405a-2ebd-4c6b-9947-dd68d019db9c: Completed APPEND_ENTRIES, lastRequest: 14848d20-8c2f-4c67-9c52-1e4d1ff55300->eb94405a-2ebd-4c6b-9947-dd68d019db9c#1-t1, previous=(t:0, i:0), leaderCommit=0, initializing? false, entries: size=1, first=(t:1, i:0), CONFIGURATIONENTRY
2020-06-25 01:33:22,281 [grpc-default-executor-3] DEBUG server.GrpcLogAppender (GrpcLogAppender.java:onNext(257)) - 14848d20-8c2f-4c67-9c52-1e4d1ff55300@group-2AA88309C77E->0b9d2d2b-3649-4590-a677-99e2f8534c9c-AppendLogResponseHandler: received a reply 14848d20-8c2f-4c67-9c52-1e4d1ff55300<-0b9d2d2b-3649-4590-a677-99e2f8534c9c#1:FAIL,NOT_LEADER,nextIndex:1,term:2,followerCommit:-1, request=AppendEntriesRequest:cid=1,entriesCount=1,lastEntry=(t:1, i:0)
2020-06-25 01:33:22,281 [grpc-default-executor-0] DEBUG server.GrpcLogAppender (GrpcLogAppender.java:onNext(257)) - 14848d20-8c2f-4c67-9c52-1e4d1ff55300@group-2AA88309C77E->eb94405a-2ebd-4c6b-9947-dd68d019db9c-AppendLogResponseHandler: received a reply 14848d20-8c2f-4c67-9c52-1e4d1ff55300<-eb94405a-2ebd-4c6b-9947-dd68d019db9c#1:FAIL,NOT_LEADER,nextIndex:1,term:2,followerCommit:-1, request=AppendEntriesRequest:cid=1,entriesCount=1,lastEntry=(t:1, i:0)
2020-06-25 01:33:22,283 [grpc-default-executor-3] INFO  server.GrpcLogAppender (GrpcLogAppender.java:onCompleted(319)) - 14848d20-8c2f-4c67-9c52-1e4d1ff55300@group-2AA88309C77E->0b9d2d2b-3649-4590-a677-99e2f8534c9c-AppendLogResponseHandler: follower responses appendEntries COMPLETED
2020-06-25 01:33:22,283 [grpc-default-executor-0] INFO  server.GrpcLogAppender (GrpcLogAppender.java:onCompleted(319)) - 14848d20-8c2f-4c67-9c52-1e4d1ff55300@group-2AA88309C77E->eb94405a-2ebd-4c6b-9947-dd68d019db9c-AppendLogResponseHandler: follower responses appendEntries COMPLETED
2020-06-25 01:33:22,288 [grpc-default-executor-3] INFO  impl.FollowerInfo (FollowerInfo.java:lambda$new$0(51)) - 14848d20-8c2f-4c67-9c52-1e4d1ff55300@group-2AA88309C77E->0b9d2d2b-3649-4590-a677-99e2f8534c9c: nextIndex: updateUnconditionally 1 -> 0
2020-06-25 01:33:22,290 [grpc-default-executor-0] INFO  impl.FollowerInfo (FollowerInfo.java:lambda$new$0(51)) - 14848d20-8c2f-4c67-9c52-1e4d1ff55300@group-2AA88309C77E->eb94405a-2ebd-4c6b-9947-dd68d019db9c: nextIndex: updateUnconditionally 1 -> 0
2020-06-25 01:33:22,927 [Listener at 127.0.0.1/40917] INFO  ozone.MiniOzoneClusterImpl (MiniOzoneClusterImpl.java:lambda$waitForClusterToBeReady$0(177)) - Nodes are ready. Got 3 of 3 DN Heartbeats.
2020-06-25 01:33:22,927 [Listener at 127.0.0.1/40917] INFO  ozone.MiniOzoneClusterImpl (MiniOzoneClusterImpl.java:lambda$waitForClusterToBeReady$0(180)) - Cluster exits safe mode
2020-06-25 01:33:23,569 [Listener at 127.0.0.1/40917] INFO  rpc.RpcClient (RpcClient.java:createVolume(310)) - Creating Volume: testcontainerstatemachinefailures, with jenkins1001 as owner.
2020-06-25 01:33:23,648 [IPC Server handler 1 on default port 40917] INFO  volume.OMVolumeCreateRequest (OMVolumeCreateRequest.java:validateAndUpdateCache(204)) - created volume:testcontainerstatemachinefailures for user:jenkins1001
2020-06-25 01:33:23,691 [Listener at 127.0.0.1/40917] INFO  rpc.RpcClient (RpcClient.java:createBucket(450)) - Creating Bucket: testcontainerstatemachinefailures/testcontainerstatemachinefailures, with Versioning false and Storage Type set to DISK and Encryption set to false 
2020-06-25 01:33:23,840 [Listener at 127.0.0.1/40917] INFO  impl.MetricsSystemImpl (MetricsSystemImpl.java:init(158)) - XceiverClientMetrics metrics system started (again)
]]></system-out>
    <system-err><![CDATA[ERROR StatusLogger No Log4j 2 configuration file found. Using default configuration (logging only errors to the console), or user programmatically provided configurations. Set system property 'log4j2.debug' to show Log4j 2 internal initialization logging. See https://logging.apache.org/log4j/2.x/manual/configuration.html for instructions on how to configure Log4j 2
]]></system-err>
  </testcase>
</testsuite>