<?xml version="1.0" encoding="UTF-8"?>
<testsuite xmlns:xsi="http://www.w3.org/2001/XMLSchema-instance" xsi:noNamespaceSchemaLocation="https://maven.apache.org/surefire/maven-surefire-plugin/xsd/surefire-test-report-3.0.xsd" version="3.0" name="org.apache.hadoop.fs.ozone.TestOzoneFileSystem" time="213.055" tests="168" errors="0" skipped="0" failures="1">
  <properties>
    <property name="awt.toolkit" value="sun.awt.X11.XToolkit"/>
    <property name="file.encoding.pkg" value="sun.io"/>
    <property name="java.specification.version" value="1.8"/>
    <property name="sun.cpu.isalist" value=""/>
    <property name="sun.jnu.encoding" value="UTF-8"/>
    <property name="java.class.path" value="/home/runner/work/ozone/ozone/hadoop-ozone/integration-test/target/test-classes:/home/runner/work/ozone/ozone/hadoop-ozone/integration-test/target/classes:/home/runner/.m2/repository/org/apache/ozone/ozone-common/1.4.0-SNAPSHOT/ozone-common-1.4.0-SNAPSHOT.jar:/home/runner/.m2/repository/io/grpc/grpc-netty/1.48.1/grpc-netty-1.48.1.jar:/home/runner/.m2/repository/io/grpc/grpc-core/1.48.1/grpc-core-1.48.1.jar:/home/runner/.m2/repository/com/google/android/annotations/4.1.1.4/annotations-4.1.1.4.jar:/home/runner/.m2/repository/org/codehaus/mojo/animal-sniffer-annotations/1.21/animal-sniffer-annotations-1.21.jar:/home/runner/.m2/repository/com/google/errorprone/error_prone_annotations/2.2.0/error_prone_annotations-2.2.0.jar:/home/runner/.m2/repository/io/perfmark/perfmark-api/0.25.0/perfmark-api-0.25.0.jar:/home/runner/.m2/repository/io/netty/netty-codec-http2/4.1.77.Final/netty-codec-http2-4.1.77.Final.jar:/home/runner/.m2/repository/io/netty/netty-common/4.1.77.Final/netty-common-4.1.77.Final.jar:/home/runner/.m2/repository/io/netty/netty-buffer/4.1.77.Final/netty-buffer-4.1.77.Final.jar:/home/runner/.m2/repository/io/netty/netty-codec-http/4.1.77.Final/netty-codec-http-4.1.77.Final.jar:/home/runner/.m2/repository/io/netty/netty-handler-proxy/4.1.77.Final/netty-handler-proxy-4.1.77.Final.jar:/home/runner/.m2/repository/io/netty/netty-codec-socks/4.1.77.Final/netty-codec-socks-4.1.77.Final.jar:/home/runner/.m2/repository/io/netty/netty-tcnative-boringssl-static/2.0.52.Final/netty-tcnative-boringssl-static-2.0.52.Final.jar:/home/runner/.m2/repository/io/netty/netty-tcnative-classes/2.0.52.Final/netty-tcnative-classes-2.0.52.Final.jar:/home/runner/.m2/repository/io/netty/netty-tcnative-boringssl-static/2.0.52.Final/netty-tcnative-boringssl-static-2.0.52.Final-linux-x86_64.jar:/home/runner/.m2/repository/io/netty/netty-tcnative-boringssl-static/2.0.52.Final/netty-tcnative-boringssl-static-2.0.52.Final-linux-aarch_64.jar:/home/runner/.m2/repository/io/netty/netty-tcnative-boringssl-static/2.0.52.Final/netty-tcnative-boringssl-static-2.0.52.Final-osx-x86_64.jar:/home/runner/.m2/repository/io/netty/netty-tcnative-boringssl-static/2.0.52.Final/netty-tcnative-boringssl-static-2.0.52.Final-osx-aarch_64.jar:/home/runner/.m2/repository/io/netty/netty-tcnative-boringssl-static/2.0.52.Final/netty-tcnative-boringssl-static-2.0.52.Final-windows-x86_64.jar:/home/runner/.m2/repository/org/apache/commons/commons-compress/1.21/commons-compress-1.21.jar:/home/runner/.m2/repository/org/apache/ozone/hdds-common/1.4.0-SNAPSHOT/hdds-common-1.4.0-SNAPSHOT.jar:/home/runner/.m2/repository/org/apache/ozone/hdds-client/1.4.0-SNAPSHOT/hdds-client-1.4.0-SNAPSHOT.jar:/home/runner/.m2/repository/org/apache/ozone/ozone-interface-client/1.4.0-SNAPSHOT/ozone-interface-client-1.4.0-SNAPSHOT.jar:/home/runner/.m2/repository/org/apache/ozone/hdds-test-utils/1.4.0-SNAPSHOT/hdds-test-utils-1.4.0-SNAPSHOT.jar:/home/runner/.m2/repository/com/google/guava/guava/31.1-jre/guava-31.1-jre.jar:/home/runner/.m2/repository/com/google/guava/failureaccess/1.0.1/failureaccess-1.0.1.jar:/home/runner/.m2/repository/com/google/guava/listenablefuture/9999.0-empty-to-avoid-conflict-with-guava/listenablefuture-9999.0-empty-to-avoid-conflict-with-guava.jar:/home/runner/.m2/repository/com/google/code/findbugs/jsr305/3.0.0/jsr305-3.0.0.jar:/home/runner/.m2/repository/org/checkerframework/checker-qual/3.12.0/checker-qual-3.12.0.jar:/home/runner/.m2/repository/com/google/j2objc/j2objc-annotations/1.3/j2objc-annotations-1.3.jar:/home/runner/.m2/repository/commons-io/commons-io/2.11.0/commons-io-2.11.0.jar:/home/runner/.m2/repository/commons-logging/commons-logging/1.2/commons-logging-1.2.jar:/home/runner/.m2/repository/ch/qos/reload4j/reload4j/1.2.22/reload4j-1.2.22.jar:/home/runner/.m2/repository/org/slf4j/slf4j-api/1.7.36/slf4j-api-1.7.36.jar:/home/runner/.m2/repository/org/apache/ozone/hdds-server-scm/1.4.0-SNAPSHOT/hdds-server-scm-1.4.0-SNAPSHOT.jar:/home/runner/.m2/repository/org/apache/ozone/hdds-container-service/1.4.0-SNAPSHOT/hdds-container-service-1.4.0-SNAPSHOT.jar:/home/runner/.m2/repository/org/apache/ozone/hdds-hadoop-dependency-server/1.4.0-SNAPSHOT/hdds-hadoop-dependency-server-1.4.0-SNAPSHOT.jar:/home/runner/.m2/repository/org/apache/hadoop/hadoop-hdfs/3.3.4/hadoop-hdfs-3.3.4.jar:/home/runner/.m2/repository/org/eclipse/jetty/jetty-util-ajax/9.4.49.v20220914/jetty-util-ajax-9.4.49.v20220914.jar:/home/runner/.m2/repository/commons-daemon/commons-daemon/1.0.13/commons-daemon-1.0.13.jar:/home/runner/.m2/repository/org/apache/ozone/hdds-server-framework/1.4.0-SNAPSHOT/hdds-server-framework-1.4.0-SNAPSHOT.jar:/home/runner/.m2/repository/org/apache/ozone/hdds-interface-server/1.4.0-SNAPSHOT/hdds-interface-server-1.4.0-SNAPSHOT.jar:/home/runner/.m2/repository/org/apache/commons/commons-configuration2/2.1.1/commons-configuration2-2.1.1.jar:/home/runner/.m2/repository/org/apache/logging/log4j/log4j-core/2.17.1/log4j-core-2.17.1.jar:/home/runner/.m2/repository/com/lmax/disruptor/3.4.2/disruptor-3.4.2.jar:/home/runner/.m2/repository/org/eclipse/jetty/jetty-servlet/9.4.49.v20220914/jetty-servlet-9.4.49.v20220914.jar:/home/runner/.m2/repository/org/eclipse/jetty/jetty-security/9.4.49.v20220914/jetty-security-9.4.49.v20220914.jar:/home/runner/.m2/repository/org/rocksdb/rocksdbjni/7.7.3/rocksdbjni-7.7.3.jar:/home/runner/.m2/repository/io/prometheus/simpleclient_dropwizard/0.7.0/simpleclient_dropwizard-0.7.0.jar:/home/runner/.m2/repository/io/prometheus/simpleclient/0.7.0/simpleclient-0.7.0.jar:/home/runner/.m2/repository/io/prometheus/simpleclient_common/0.7.0/simpleclient_common-0.7.0.jar:/home/runner/.m2/repository/com/github/spotbugs/spotbugs-annotations/3.1.12/spotbugs-annotations-3.1.12.jar:/home/runner/.m2/repository/io/dropwizard/metrics/metrics-core/3.2.4/metrics-core-3.2.4.jar:/home/runner/.m2/repository/org/apache/commons/commons-text/1.4/commons-text-1.4.jar:/home/runner/.m2/repository/org/apache/hadoop/hadoop-hdfs-client/3.3.4/hadoop-hdfs-client-3.3.4.jar:/home/runner/.m2/repository/com/squareup/okhttp3/okhttp/4.9.3/okhttp-4.9.3.jar:/home/runner/.m2/repository/com/squareup/okio/okio/2.8.0/okio-2.8.0.jar:/home/runner/.m2/repository/org/jetbrains/kotlin/kotlin-stdlib-common/1.4.10/kotlin-stdlib-common-1.4.10.jar:/home/runner/.m2/repository/org/bouncycastle/bcprov-jdk15on/1.67/bcprov-jdk15on-1.67.jar:/home/runner/.m2/repository/com/google/protobuf/protobuf-java/2.5.0/protobuf-java-2.5.0.jar:/home/runner/.m2/repository/org/apache/ozone/ozone-manager/1.4.0-SNAPSHOT/ozone-manager-1.4.0-SNAPSHOT.jar:/home/runner/.m2/repository/org/aspectj/aspectjrt/1.9.7/aspectjrt-1.9.7.jar:/home/runner/.m2/repository/org/aspectj/aspectjweaver/1.9.7/aspectjweaver-1.9.7.jar:/home/runner/.m2/repository/org/apache/ozone/hdds-interface-client/1.4.0-SNAPSHOT/hdds-interface-client-1.4.0-SNAPSHOT.jar:/home/runner/.m2/repository/org/apache/hadoop/thirdparty/hadoop-shaded-protobuf_3_7/1.1.1/hadoop-shaded-protobuf_3_7-1.1.1.jar:/home/runner/.m2/repository/org/apache/ozone/ozone-interface-storage/1.4.0-SNAPSHOT/ozone-interface-storage-1.4.0-SNAPSHOT.jar:/home/runner/.m2/repository/org/reflections/reflections/0.9.11/reflections-0.9.11.jar:/home/runner/.m2/repository/com/sun/jersey/jersey-client/1.19/jersey-client-1.19.jar:/home/runner/.m2/repository/org/apache/ranger/ranger-intg/2.3.0/ranger-intg-2.3.0.jar:/home/runner/.m2/repository/org/apache/ranger/ranger-plugins-common/2.3.0/ranger-plugins-common-2.3.0.jar:/home/runner/.m2/repository/commons-lang/commons-lang/2.6/commons-lang-2.6.jar:/home/runner/.m2/repository/org/codehaus/jackson/jackson-jaxrs/1.9.13/jackson-jaxrs-1.9.13.jar:/home/runner/.m2/repository/org/apache/ranger/ranger-plugins-cred/2.3.0/ranger-plugins-cred-2.3.0.jar:/home/runner/.m2/repository/org/apache/ranger/ranger-plugins-audit/2.3.0/ranger-plugins-audit-2.3.0.jar:/home/runner/.m2/repository/org/eclipse/jetty/jetty-client/9.4.31.v20200723/jetty-client-9.4.31.v20200723.jar:/home/runner/.m2/repository/org/apache/httpcomponents/httpmime/4.5.6/httpmime-4.5.6.jar:/home/runner/.m2/repository/org/apache/httpcomponents/httpcore-nio/4.4.6/httpcore-nio-4.4.6.jar:/home/runner/.m2/repository/org/apache/httpcomponents/httpasyncclient/4.1.3/httpasyncclient-4.1.3.jar:/home/runner/.m2/repository/com/carrotsearch/hppc/0.8.0/hppc-0.8.0.jar:/home/runner/.m2/repository/org/apache/orc/orc-core/1.5.8/orc-core-1.5.8.jar:/home/runner/.m2/repository/net/java/dev/jna/jna/5.2.0/jna-5.2.0.jar:/home/runner/.m2/repository/net/java/dev/jna/jna-platform/5.2.0/jna-platform-5.2.0.jar:/home/runner/.m2/repository/com/kstruct/gethostname4j/0.0.2/gethostname4j-0.0.2.jar:/home/runner/.m2/repository/org/apache/ranger/ranger-plugin-classloader/2.3.0/ranger-plugin-classloader-2.3.0.jar:/home/runner/.m2/repository/org/apache/hadoop/hadoop-minikdc/3.3.4/hadoop-minikdc-3.3.4.jar:/home/runner/.m2/repository/org/apache/kerby/kerb-simplekdc/1.0.1/kerb-simplekdc-1.0.1.jar:/home/runner/.m2/repository/org/apache/kerby/kerb-client/1.0.1/kerb-client-1.0.1.jar:/home/runner/.m2/repository/org/apache/kerby/kerby-config/1.0.1/kerby-config-1.0.1.jar:/home/runner/.m2/repository/org/apache/kerby/kerb-common/1.0.1/kerb-common-1.0.1.jar:/home/runner/.m2/repository/org/apache/kerby/kerb-crypto/1.0.1/kerb-crypto-1.0.1.jar:/home/runner/.m2/repository/org/apache/kerby/kerb-util/1.0.1/kerb-util-1.0.1.jar:/home/runner/.m2/repository/org/apache/kerby/token-provider/1.0.1/token-provider-1.0.1.jar:/home/runner/.m2/repository/org/apache/kerby/kerb-admin/1.0.1/kerb-admin-1.0.1.jar:/home/runner/.m2/repository/org/apache/kerby/kerb-server/1.0.1/kerb-server-1.0.1.jar:/home/runner/.m2/repository/org/apache/kerby/kerb-identity/1.0.1/kerb-identity-1.0.1.jar:/home/runner/.m2/repository/org/apache/kerby/kerby-xdr/1.0.1/kerby-xdr-1.0.1.jar:/home/runner/.m2/repository/org/apache/ozone/ozone-s3gateway/1.4.0-SNAPSHOT/ozone-s3gateway-1.4.0-SNAPSHOT.jar:/home/runner/.m2/repository/org/javassist/javassist/3.21.0-GA/javassist-3.21.0-GA.jar:/home/runner/.m2/repository/org/jboss/weld/servlet/weld-servlet/2.4.7.Final/weld-servlet-2.4.7.Final.jar:/home/runner/.m2/repository/org/glassfish/jersey/containers/jersey-container-servlet-core/2.34/jersey-container-servlet-core-2.34.jar:/home/runner/.m2/repository/org/glassfish/hk2/external/jakarta.inject/2.6.1/jakarta.inject-2.6.1.jar:/home/runner/.m2/repository/org/glassfish/jersey/core/jersey-common/2.34/jersey-common-2.34.jar:/home/runner/.m2/repository/jakarta/ws/rs/jakarta.ws.rs-api/2.1.6/jakarta.ws.rs-api-2.1.6.jar:/home/runner/.m2/repository/org/glassfish/jersey/ext/cdi/jersey-cdi1x/2.34/jersey-cdi1x-2.34.jar:/home/runner/.m2/repository/org/glassfish/jersey/inject/jersey-hk2/2.34/jersey-hk2-2.34.jar:/home/runner/.m2/repository/org/glassfish/hk2/hk2-locator/2.6.1/hk2-locator-2.6.1.jar:/home/runner/.m2/repository/org/glassfish/jersey/media/jersey-media-jaxb/2.34/jersey-media-jaxb-2.34.jar:/home/runner/.m2/repository/org/glassfish/hk2/osgi-resource-locator/1.0.3/osgi-resource-locator-1.0.3.jar:/home/runner/.m2/repository/org/glassfish/hk2/hk2-api/2.5.0/hk2-api-2.5.0.jar:/home/runner/.m2/repository/org/glassfish/hk2/hk2-utils/2.5.0/hk2-utils-2.5.0.jar:/home/runner/.m2/repository/org/glassfish/hk2/external/aopalliance-repackaged/2.5.0/aopalliance-repackaged-2.5.0.jar:/home/runner/.m2/repository/com/fasterxml/jackson/dataformat/jackson-dataformat-xml/2.13.4/jackson-dataformat-xml-2.13.4.jar:/home/runner/.m2/repository/com/fasterxml/jackson/core/jackson-core/2.13.4/jackson-core-2.13.4.jar:/home/runner/.m2/repository/org/codehaus/woodstox/stax2-api/4.2.1/stax2-api-4.2.1.jar:/home/runner/.m2/repository/com/fasterxml/woodstox/woodstox-core/5.4.0/woodstox-core-5.4.0.jar:/home/runner/.m2/repository/com/fasterxml/jackson/module/jackson-module-jaxb-annotations/2.13.4/jackson-module-jaxb-annotations-2.13.4.jar:/home/runner/.m2/repository/jakarta/xml/bind/jakarta.xml.bind-api/2.3.3/jakarta.xml.bind-api-2.3.3.jar:/home/runner/.m2/repository/jakarta/activation/jakarta.activation-api/1.2.1/jakarta.activation-api-1.2.1.jar:/home/runner/.m2/repository/javax/enterprise/cdi-api/1.2/cdi-api-1.2.jar:/home/runner/.m2/repository/javax/el/javax.el-api/3.0.0/javax.el-api-3.0.0.jar:/home/runner/.m2/repository/javax/interceptor/javax.interceptor-api/1.2/javax.interceptor-api-1.2.jar:/home/runner/.m2/repository/javax/inject/javax.inject/1/javax.inject-1.jar:/home/runner/.m2/repository/javax/xml/bind/jaxb-api/2.3.0/jaxb-api-2.3.0.jar:/home/runner/.m2/repository/org/glassfish/jaxb/jaxb-runtime/2.3.0.1/jaxb-runtime-2.3.0.1.jar:/home/runner/.m2/repository/org/glassfish/jaxb/jaxb-core/2.3.0.1/jaxb-core-2.3.0.1.jar:/home/runner/.m2/repository/org/glassfish/jaxb/txw2/2.3.0.1/txw2-2.3.0.1.jar:/home/runner/.m2/repository/com/sun/istack/istack-commons-runtime/3.0.5/istack-commons-runtime-3.0.5.jar:/home/runner/.m2/repository/org/jvnet/staxex/stax-ex/1.7.8/stax-ex-1.7.8.jar:/home/runner/.m2/repository/com/sun/xml/fastinfoset/FastInfoset/1.2.13/FastInfoset-1.2.13.jar:/home/runner/.m2/repository/javax/activation/activation/1.1.1/activation-1.1.1.jar:/home/runner/.m2/repository/io/grpc/grpc-protobuf/1.48.1/grpc-protobuf-1.48.1.jar:/home/runner/.m2/repository/io/grpc/grpc-api/1.48.1/grpc-api-1.48.1.jar:/home/runner/.m2/repository/io/grpc/grpc-context/1.48.1/grpc-context-1.48.1.jar:/home/runner/.m2/repository/com/google/api/grpc/proto-google-common-protos/2.9.0/proto-google-common-protos-2.9.0.jar:/home/runner/.m2/repository/io/grpc/grpc-protobuf-lite/1.48.1/grpc-protobuf-lite-1.48.1.jar:/home/runner/.m2/repository/io/grpc/grpc-stub/1.48.1/grpc-stub-1.48.1.jar:/home/runner/.m2/repository/io/netty/netty-transport/4.1.77.Final/netty-transport-4.1.77.Final.jar:/home/runner/.m2/repository/io/netty/netty-resolver/4.1.77.Final/netty-resolver-4.1.77.Final.jar:/home/runner/.m2/repository/org/apache/ozone/ozone-csi/1.4.0-SNAPSHOT/ozone-csi-1.4.0-SNAPSHOT.jar:/home/runner/.m2/repository/com/google/protobuf/protobuf-java-util/3.19.6/protobuf-java-util-3.19.6.jar:/home/runner/.m2/repository/com/google/code/gson/gson/2.9.0/gson-2.9.0.jar:/home/runner/.m2/repository/org/apache/ozone/hdds-config/1.4.0-SNAPSHOT/hdds-config-1.4.0-SNAPSHOT.jar:/home/runner/.m2/repository/io/netty/netty-transport-native-epoll/4.1.77.Final/netty-transport-native-epoll-4.1.77.Final-linux-x86_64.jar:/home/runner/.m2/repository/io/netty/netty-transport-classes-epoll/4.1.77.Final/netty-transport-classes-epoll-4.1.77.Final.jar:/home/runner/.m2/repository/io/netty/netty-transport-native-unix-common/4.1.77.Final/netty-transport-native-unix-common-4.1.77.Final.jar:/home/runner/.m2/repository/org/slf4j/slf4j-reload4j/1.7.36/slf4j-reload4j-1.7.36.jar:/home/runner/.m2/repository/org/apache/ozone/ozone-recon/1.4.0-SNAPSHOT/ozone-recon-1.4.0-SNAPSHOT.jar:/home/runner/.m2/repository/org/apache/ozone/ozone-reconcodegen/1.4.0-SNAPSHOT/ozone-reconcodegen-1.4.0-SNAPSHOT.jar:/home/runner/.m2/repository/com/google/inject/extensions/guice-multibindings/4.0/guice-multibindings-4.0.jar:/home/runner/.m2/repository/com/google/inject/guice/4.0/guice-4.0.jar:/home/runner/.m2/repository/aopalliance/aopalliance/1.0/aopalliance-1.0.jar:/home/runner/.m2/repository/com/google/inject/extensions/guice-assistedinject/4.0/guice-assistedinject-4.0.jar:/home/runner/.m2/repository/com/google/inject/extensions/guice-servlet/4.0/guice-servlet-4.0.jar:/home/runner/.m2/repository/org/glassfish/jersey/containers/jersey-container-servlet/2.34/jersey-container-servlet-2.34.jar:/home/runner/.m2/repository/org/glassfish/hk2/guice-bridge/2.5.0/guice-bridge-2.5.0.jar:/home/runner/.m2/repository/org/glassfish/jersey/core/jersey-server/2.34/jersey-server-2.34.jar:/home/runner/.m2/repository/org/glassfish/jersey/core/jersey-client/2.34/jersey-client-2.34.jar:/home/runner/.m2/repository/jakarta/annotation/jakarta.annotation-api/1.3.5/jakarta.annotation-api-1.3.5.jar:/home/runner/.m2/repository/jakarta/validation/jakarta.validation-api/2.0.2/jakarta.validation-api-2.0.2.jar:/home/runner/.m2/repository/org/glassfish/jersey/media/jersey-media-json-jackson/2.34/jersey-media-json-jackson-2.34.jar:/home/runner/.m2/repository/org/glassfish/jersey/ext/jersey-entity-filtering/2.34/jersey-entity-filtering-2.34.jar:/home/runner/.m2/repository/org/jooq/jooq/3.11.10/jooq-3.11.10.jar:/home/runner/.m2/repository/org/jooq/jooq-meta/3.11.10/jooq-meta-3.11.10.jar:/home/runner/.m2/repository/org/jooq/jooq-codegen/3.11.10/jooq-codegen-3.11.10.jar:/home/runner/.m2/repository/com/jolbox/bonecp/0.8.0.RELEASE/bonecp-0.8.0.RELEASE.jar:/home/runner/.m2/repository/org/apache/derby/derby/10.14.2.0/derby-10.14.2.0.jar:/home/runner/.m2/repository/org/xerial/sqlite-jdbc/3.25.2/sqlite-jdbc-3.25.2.jar:/home/runner/.m2/repository/org/springframework/spring-jdbc/5.3.23/spring-jdbc-5.3.23.jar:/home/runner/.m2/repository/org/springframework/spring-beans/5.3.23/spring-beans-5.3.23.jar:/home/runner/.m2/repository/org/springframework/spring-core/5.3.23/spring-core-5.3.23.jar:/home/runner/.m2/repository/org/springframework/spring-jcl/5.3.23/spring-jcl-5.3.23.jar:/home/runner/.m2/repository/org/springframework/spring-tx/5.3.23/spring-tx-5.3.23.jar:/home/runner/.m2/repository/org/apache/ozone/ozone-client/1.4.0-SNAPSHOT/ozone-client-1.4.0-SNAPSHOT.jar:/home/runner/.m2/repository/org/apache/ozone/hdds-erasurecode/1.4.0-SNAPSHOT/hdds-erasurecode-1.4.0-SNAPSHOT.jar:/home/runner/.m2/repository/org/apache/ozone/ozone-filesystem/1.4.0-SNAPSHOT/ozone-filesystem-1.4.0-SNAPSHOT.jar:/home/runner/.m2/repository/org/apache/ozone/ozone-filesystem-common/1.4.0-SNAPSHOT/ozone-filesystem-common-1.4.0-SNAPSHOT.jar:/home/runner/.m2/repository/org/apache/ozone/ozone-tools/1.4.0-SNAPSHOT/ozone-tools-1.4.0-SNAPSHOT.jar:/home/runner/.m2/repository/org/apache/ratis/ratis-tools/2.4.2-8b8bdda-SNAPSHOT/ratis-tools-2.4.2-8b8bdda-SNAPSHOT.jar:/home/runner/.m2/repository/com/amazonaws/aws-java-sdk-core/1.12.261/aws-java-sdk-core-1.12.261.jar:/home/runner/.m2/repository/org/apache/httpcomponents/httpclient/4.5.13/httpclient-4.5.13.jar:/home/runner/.m2/repository/org/apache/httpcomponents/httpcore/4.4.13/httpcore-4.4.13.jar:/home/runner/.m2/repository/software/amazon/ion/ion-java/1.0.2/ion-java-1.0.2.jar:/home/runner/.m2/repository/com/fasterxml/jackson/dataformat/jackson-dataformat-cbor/2.13.4/jackson-dataformat-cbor-2.13.4.jar:/home/runner/.m2/repository/joda-time/joda-time/2.8.1/joda-time-2.8.1.jar:/home/runner/.m2/repository/com/amazonaws/aws-java-sdk-s3/1.12.261/aws-java-sdk-s3-1.12.261.jar:/home/runner/.m2/repository/com/amazonaws/aws-java-sdk-kms/1.12.261/aws-java-sdk-kms-1.12.261.jar:/home/runner/.m2/repository/com/amazonaws/jmespath-java/1.12.261/jmespath-java-1.12.261.jar:/home/runner/.m2/repository/org/kohsuke/metainf-services/metainf-services/1.8/metainf-services-1.8.jar:/home/runner/.m2/repository/org/apache/ozone/hdds-tools/1.4.0-SNAPSHOT/hdds-tools-1.4.0-SNAPSHOT.jar:/home/runner/.m2/repository/commons-cli/commons-cli/1.2/commons-cli-1.2.jar:/home/runner/.m2/repository/org/apache/commons/commons-lang3/3.7/commons-lang3-3.7.jar:/home/runner/.m2/repository/org/apache/ozone/ozone-manager/1.4.0-SNAPSHOT/ozone-manager-1.4.0-SNAPSHOT-tests.jar:/home/runner/.m2/repository/org/apache/ozone/hdds-common/1.4.0-SNAPSHOT/hdds-common-1.4.0-SNAPSHOT-tests.jar:/home/runner/.m2/repository/org/apache/ozone/hdds-hadoop-dependency-client/1.4.0-SNAPSHOT/hdds-hadoop-dependency-client-1.4.0-SNAPSHOT.jar:/home/runner/.m2/repository/info/picocli/picocli/4.6.1/picocli-4.6.1.jar:/home/runner/.m2/repository/com/fasterxml/jackson/core/jackson-annotations/2.13.4/jackson-annotations-2.13.4.jar:/home/runner/.m2/repository/com/fasterxml/jackson/datatype/jackson-datatype-jsr310/2.13.4/jackson-datatype-jsr310-2.13.4.jar:/home/runner/.m2/repository/org/apache/ozone/hdds-annotation-processing/1.4.0-SNAPSHOT/hdds-annotation-processing-1.4.0-SNAPSHOT.jar:/home/runner/.m2/repository/javax/annotation/javax.annotation-api/1.2/javax.annotation-api-1.2.jar:/home/runner/.m2/repository/org/apache/ratis/ratis-server/2.4.2-8b8bdda-SNAPSHOT/ratis-server-2.4.2-8b8bdda-SNAPSHOT.jar:/home/runner/.m2/repository/org/apache/ratis/ratis-client/2.4.2-8b8bdda-SNAPSHOT/ratis-client-2.4.2-8b8bdda-SNAPSHOT.jar:/home/runner/.m2/repository/org/apache/ratis/ratis-server-api/2.4.2-8b8bdda-SNAPSHOT/ratis-server-api-2.4.2-8b8bdda-SNAPSHOT.jar:/home/runner/.m2/repository/org/apache/ratis/ratis-metrics/2.4.2-8b8bdda-SNAPSHOT/ratis-metrics-2.4.2-8b8bdda-SNAPSHOT.jar:/home/runner/.m2/repository/org/apache/ratis/ratis-netty/2.4.2-8b8bdda-SNAPSHOT/ratis-netty-2.4.2-8b8bdda-SNAPSHOT.jar:/home/runner/.m2/repository/org/apache/ratis/ratis-grpc/2.4.2-8b8bdda-SNAPSHOT/ratis-grpc-2.4.2-8b8bdda-SNAPSHOT.jar:/home/runner/.m2/repository/org/apache/logging/log4j/log4j-api/2.17.1/log4j-api-2.17.1.jar:/home/runner/.m2/repository/org/apache/commons/commons-pool2/2.6.0/commons-pool2-2.6.0.jar:/home/runner/.m2/repository/org/bouncycastle/bcpkix-jdk15on/1.67/bcpkix-jdk15on-1.67.jar:/home/runner/.m2/repository/commons-validator/commons-validator/1.6/commons-validator-1.6.jar:/home/runner/.m2/repository/commons-beanutils/commons-beanutils/1.9.4/commons-beanutils-1.9.4.jar:/home/runner/.m2/repository/commons-digester/commons-digester/1.8.1/commons-digester-1.8.1.jar:/home/runner/.m2/repository/commons-collections/commons-collections/3.2.2/commons-collections-3.2.2.jar:/home/runner/.m2/repository/io/jaegertracing/jaeger-client/1.6.0/jaeger-client-1.6.0.jar:/home/runner/.m2/repository/io/jaegertracing/jaeger-thrift/1.6.0/jaeger-thrift-1.6.0.jar:/home/runner/.m2/repository/org/apache/thrift/libthrift/0.14.1/libthrift-0.14.1.jar:/home/runner/.m2/repository/io/jaegertracing/jaeger-core/1.6.0/jaeger-core-1.6.0.jar:/home/runner/.m2/repository/io/jaegertracing/jaeger-tracerresolver/1.6.0/jaeger-tracerresolver-1.6.0.jar:/home/runner/.m2/repository/io/opentracing/contrib/opentracing-tracerresolver/0.1.8/opentracing-tracerresolver-0.1.8.jar:/home/runner/.m2/repository/org/jetbrains/kotlin/kotlin-stdlib/1.6.21/kotlin-stdlib-1.6.21.jar:/home/runner/.m2/repository/org/jetbrains/annotations/13.0/annotations-13.0.jar:/home/runner/.m2/repository/io/opentracing/opentracing-util/0.33.0/opentracing-util-0.33.0.jar:/home/runner/.m2/repository/io/opentracing/opentracing-api/0.33.0/opentracing-api-0.33.0.jar:/home/runner/.m2/repository/io/opentracing/opentracing-noop/0.33.0/opentracing-noop-0.33.0.jar:/home/runner/.m2/repository/org/yaml/snakeyaml/1.33/snakeyaml-1.33.jar:/home/runner/.m2/repository/org/apache/ozone/hdds-interface-admin/1.4.0-SNAPSHOT/hdds-interface-admin-1.4.0-SNAPSHOT.jar:/home/runner/.m2/repository/junit/junit/4.13.1/junit-4.13.1.jar:/home/runner/.m2/repository/org/hamcrest/hamcrest-core/1.3/hamcrest-core-1.3.jar:/home/runner/.m2/repository/org/junit/jupiter/junit-jupiter-api/5.8.2/junit-jupiter-api-5.8.2.jar:/home/runner/.m2/repository/org/opentest4j/opentest4j/1.2.0/opentest4j-1.2.0.jar:/home/runner/.m2/repository/org/junit/platform/junit-platform-commons/1.8.2/junit-platform-commons-1.8.2.jar:/home/runner/.m2/repository/org/apiguardian/apiguardian-api/1.1.2/apiguardian-api-1.1.2.jar:/home/runner/.m2/repository/org/junit/jupiter/junit-jupiter-params/5.8.2/junit-jupiter-params-5.8.2.jar:/home/runner/.m2/repository/org/junit/jupiter/junit-jupiter-migrationsupport/5.8.2/junit-jupiter-migrationsupport-5.8.2.jar:/home/runner/.m2/repository/org/junit/jupiter/junit-jupiter-engine/5.8.2/junit-jupiter-engine-5.8.2.jar:/home/runner/.m2/repository/org/junit/platform/junit-platform-engine/1.8.2/junit-platform-engine-1.8.2.jar:/home/runner/.m2/repository/org/junit/vintage/junit-vintage-engine/5.8.2/junit-vintage-engine-5.8.2.jar:/home/runner/.m2/repository/org/junit/platform/junit-platform-launcher/1.8.2/junit-platform-launcher-1.8.2.jar:/home/runner/.m2/repository/org/mockito/mockito-core/2.28.2/mockito-core-2.28.2.jar:/home/runner/.m2/repository/net/bytebuddy/byte-buddy/1.9.10/byte-buddy-1.9.10.jar:/home/runner/.m2/repository/net/bytebuddy/byte-buddy-agent/1.9.10/byte-buddy-agent-1.9.10.jar:/home/runner/.m2/repository/org/objenesis/objenesis/1.0/objenesis-1.0.jar:/home/runner/.m2/repository/org/apache/hadoop/hadoop-kms/3.3.4/hadoop-kms-3.3.4.jar:/home/runner/.m2/repository/org/apache/hadoop/hadoop-auth/3.3.4/hadoop-auth-3.3.4.jar:/home/runner/.m2/repository/com/nimbusds/nimbus-jose-jwt/9.8.1/nimbus-jose-jwt-9.8.1.jar:/home/runner/.m2/repository/com/github/stephenc/jcip/jcip-annotations/1.0-1/jcip-annotations-1.0-1.jar:/home/runner/.m2/repository/net/minidev/json-smart/2.4.7/json-smart-2.4.7.jar:/home/runner/.m2/repository/net/minidev/accessors-smart/2.4.7/accessors-smart-2.4.7.jar:/home/runner/.m2/repository/org/ow2/asm/asm/5.0.4/asm-5.0.4.jar:/home/runner/.m2/repository/org/apache/zookeeper/zookeeper/3.5.6/zookeeper-3.5.6.jar:/home/runner/.m2/repository/org/apache/zookeeper/zookeeper-jute/3.5.6/zookeeper-jute-3.5.6.jar:/home/runner/.m2/repository/org/apache/yetus/audience-annotations/0.5.0/audience-annotations-0.5.0.jar:/home/runner/.m2/repository/org/apache/curator/curator-framework/4.2.0/curator-framework-4.2.0.jar:/home/runner/.m2/repository/org/apache/hadoop/thirdparty/hadoop-shaded-guava/1.1.1/hadoop-shaded-guava-1.1.1.jar:/home/runner/.m2/repository/com/sun/jersey/jersey-core/1.19/jersey-core-1.19.jar:/home/runner/.m2/repository/javax/ws/rs/jsr311-api/1.1.1/jsr311-api-1.1.1.jar:/home/runner/.m2/repository/com/sun/jersey/jersey-server/1.19/jersey-server-1.19.jar:/home/runner/.m2/repository/javax/servlet/javax.servlet-api/3.1.0/javax.servlet-api-3.1.0.jar:/home/runner/.m2/repository/org/eclipse/jetty/jetty-server/9.4.49.v20220914/jetty-server-9.4.49.v20220914.jar:/home/runner/.m2/repository/org/eclipse/jetty/jetty-http/9.4.49.v20220914/jetty-http-9.4.49.v20220914.jar:/home/runner/.m2/repository/org/eclipse/jetty/jetty-io/9.4.49.v20220914/jetty-io-9.4.49.v20220914.jar:/home/runner/.m2/repository/org/eclipse/jetty/jetty-webapp/9.4.49.v20220914/jetty-webapp-9.4.49.v20220914.jar:/home/runner/.m2/repository/org/eclipse/jetty/jetty-xml/9.4.49.v20220914/jetty-xml-9.4.49.v20220914.jar:/home/runner/.m2/repository/org/apache/hadoop/hadoop-common/3.3.4/hadoop-common-3.3.4.jar:/home/runner/.m2/repository/org/apache/commons/commons-math3/3.1.1/commons-math3-3.1.1.jar:/home/runner/.m2/repository/commons-net/commons-net/3.9.0/commons-net-3.9.0.jar:/home/runner/.m2/repository/com/sun/jersey/jersey-servlet/1.19/jersey-servlet-1.19.jar:/home/runner/.m2/repository/com/sun/jersey/jersey-json/1.19/jersey-json-1.19.jar:/home/runner/.m2/repository/org/codehaus/jettison/jettison/1.1/jettison-1.1.jar:/home/runner/.m2/repository/com/sun/xml/bind/jaxb-impl/2.2.3-1/jaxb-impl-2.2.3-1.jar:/home/runner/.m2/repository/org/codehaus/jackson/jackson-xc/1.9.2/jackson-xc-1.9.2.jar:/home/runner/.m2/repository/com/google/re2j/re2j/1.1/re2j-1.1.jar:/home/runner/.m2/repository/com/jcraft/jsch/0.1.54/jsch-0.1.54.jar:/home/runner/.m2/repository/org/apache/curator/curator-client/4.2.0/curator-client-4.2.0.jar:/home/runner/.m2/repository/org/apache/curator/curator-recipes/4.2.0/curator-recipes-4.2.0.jar:/home/runner/.m2/repository/org/apache/kerby/kerb-core/1.0.1/kerb-core-1.0.1.jar:/home/runner/.m2/repository/org/apache/kerby/kerby-pkix/1.0.1/kerby-pkix-1.0.1.jar:/home/runner/.m2/repository/org/apache/kerby/kerby-asn1/1.0.1/kerby-asn1-1.0.1.jar:/home/runner/.m2/repository/org/apache/kerby/kerby-util/1.0.1/kerby-util-1.0.1.jar:/home/runner/.m2/repository/dnsjava/dnsjava/2.1.7/dnsjava-2.1.7.jar:/home/runner/.m2/repository/org/xerial/snappy/snappy-java/1.1.8.2/snappy-java-1.1.8.2.jar:/home/runner/.m2/repository/org/eclipse/jetty/jetty-util/9.4.49.v20220914/jetty-util-9.4.49.v20220914.jar:/home/runner/.m2/repository/com/fasterxml/jackson/core/jackson-databind/2.13.4.2/jackson-databind-2.13.4.2.jar:/home/runner/.m2/repository/org/apache/hadoop/hadoop-kms/3.3.4/hadoop-kms-3.3.4-tests.jar:/home/runner/.m2/repository/org/apache/ozone/hdds-server-scm/1.4.0-SNAPSHOT/hdds-server-scm-1.4.0-SNAPSHOT-tests.jar:/home/runner/.m2/repository/org/apache/ozone/hdds-container-service/1.4.0-SNAPSHOT/hdds-container-service-1.4.0-SNAPSHOT-tests.jar:/home/runner/.m2/repository/com/github/luben/zstd-jni/1.5.2-5/zstd-jni-1.5.2-5.jar:/home/runner/.m2/repository/commons-codec/commons-codec/1.15/commons-codec-1.15.jar:/home/runner/.m2/repository/io/netty/netty-codec/4.1.77.Final/netty-codec-4.1.77.Final.jar:/home/runner/.m2/repository/io/netty/netty-handler/4.1.77.Final/netty-handler-4.1.77.Final.jar:/home/runner/.m2/repository/org/apache/ozone/hdds-hadoop-dependency-test/1.4.0-SNAPSHOT/hdds-hadoop-dependency-test-1.4.0-SNAPSHOT.jar:/home/runner/.m2/repository/org/apache/hadoop/hadoop-common/3.3.4/hadoop-common-3.3.4-tests.jar:/home/runner/.m2/repository/org/apache/hadoop/hadoop-hdfs/3.3.4/hadoop-hdfs-3.3.4-tests.jar:/home/runner/.m2/repository/org/assertj/assertj-core/3.12.2/assertj-core-3.12.2.jar:/home/runner/.m2/repository/org/apache/hadoop/hadoop-distcp/3.3.4/hadoop-distcp-3.3.4.jar:/home/runner/.m2/repository/org/apache/hadoop/hadoop-mapreduce-client-jobclient/3.3.4/hadoop-mapreduce-client-jobclient-3.3.4.jar:/home/runner/.m2/repository/org/apache/hadoop/hadoop-mapreduce-client-common/3.3.4/hadoop-mapreduce-client-common-3.3.4.jar:/home/runner/.m2/repository/org/apache/hadoop/hadoop-yarn-common/3.3.4/hadoop-yarn-common-3.3.4.jar:/home/runner/.m2/repository/org/apache/hadoop/hadoop-yarn-api/3.3.4/hadoop-yarn-api-3.3.4.jar:/home/runner/.m2/repository/com/sun/jersey/contribs/jersey-guice/1.19/jersey-guice-1.19.jar:/home/runner/.m2/repository/com/fasterxml/jackson/jaxrs/jackson-jaxrs-json-provider/2.13.4/jackson-jaxrs-json-provider-2.13.4.jar:/home/runner/.m2/repository/com/fasterxml/jackson/jaxrs/jackson-jaxrs-base/2.13.4/jackson-jaxrs-base-2.13.4.jar:/home/runner/.m2/repository/org/apache/hadoop/hadoop-yarn-client/3.3.4/hadoop-yarn-client-3.3.4.jar:/home/runner/.m2/repository/org/eclipse/jetty/websocket/websocket-client/9.4.43.v20210629/websocket-client-9.4.43.v20210629.jar:/home/runner/.m2/repository/org/eclipse/jetty/websocket/websocket-common/9.4.43.v20210629/websocket-common-9.4.43.v20210629.jar:/home/runner/.m2/repository/org/eclipse/jetty/websocket/websocket-api/9.4.43.v20210629/websocket-api-9.4.43.v20210629.jar:/home/runner/.m2/repository/org/jline/jline/3.9.0/jline-3.9.0.jar:/home/runner/.m2/repository/org/apache/hadoop/hadoop-mapreduce-client-core/3.3.4/hadoop-mapreduce-client-core-3.3.4.jar:/home/runner/.m2/repository/org/apache/avro/avro/1.7.7/avro-1.7.7.jar:/home/runner/.m2/repository/org/codehaus/jackson/jackson-core-asl/1.9.13/jackson-core-asl-1.9.13.jar:/home/runner/.m2/repository/org/codehaus/jackson/jackson-mapper-asl/1.9.13/jackson-mapper-asl-1.9.13.jar:/home/runner/.m2/repository/com/thoughtworks/paranamer/paranamer/2.3/paranamer-2.3.jar:/home/runner/.m2/repository/org/apache/hadoop/hadoop-annotations/3.3.4/hadoop-annotations-3.3.4.jar:/usr/lib/jvm/temurin-8-jdk-amd64/jre/../lib/tools.jar:/home/runner/.m2/repository/io/netty/netty/3.10.6.Final/netty-3.10.6.Final.jar:/home/runner/.m2/repository/org/apache/hadoop/hadoop-distcp/3.3.4/hadoop-distcp-3.3.4-tests.jar:/home/runner/.m2/repository/org/slf4j/jul-to-slf4j/1.7.36/jul-to-slf4j-1.7.36.jar:/home/runner/.m2/repository/org/apache/ratis/ratis-common/2.4.2-8b8bdda-SNAPSHOT/ratis-common-2.4.2-8b8bdda-SNAPSHOT.jar:/home/runner/.m2/repository/org/apache/ratis/ratis-thirdparty-misc/1.0.3/ratis-thirdparty-misc-1.0.3.jar:/home/runner/.m2/repository/org/apache/ratis/ratis-proto/2.4.2-8b8bdda-SNAPSHOT/ratis-proto-2.4.2-8b8bdda-SNAPSHOT.jar:"/>
    <property name="java.vm.vendor" value="Temurin"/>
    <property name="sun.arch.data.model" value="64"/>
    <property name="test.build.dir" value="/home/runner/work/ozone/ozone/hadoop-ozone/integration-test/target/test-dir"/>
    <property name="test.cache.data" value=""/>
    <property name="java.vendor.url" value="https://adoptium.net/"/>
    <property name="user.timezone" value="Etc/UTC"/>
    <property name="java.vm.specification.version" value="1.8"/>
    <property name="os.name" value="Linux"/>
    <property name="test.build.data" value="/home/runner/work/ozone/ozone/hadoop-ozone/integration-test/target/test-dir"/>
    <property name="sun.java.launcher" value="SUN_STANDARD"/>
    <property name="sun.boot.library.path" value="/usr/lib/jvm/temurin-8-jdk-amd64/jre/lib/amd64"/>
    <property name="sun.java.command" value="/home/runner/work/ozone/ozone/hadoop-ozone/integration-test/target/surefire/surefirebooter4216670031502576408.jar /home/runner/work/ozone/ozone/hadoop-ozone/integration-test/target/surefire 2023-01-03T10-01-10_009-jvmRun1 surefire7867341569771864645tmp surefire_6265832198025191859tmp"/>
    <property name="surefire.test.class.path" value="/home/runner/work/ozone/ozone/hadoop-ozone/integration-test/target/test-classes:/home/runner/work/ozone/ozone/hadoop-ozone/integration-test/target/classes:/home/runner/.m2/repository/org/apache/ozone/ozone-common/1.4.0-SNAPSHOT/ozone-common-1.4.0-SNAPSHOT.jar:/home/runner/.m2/repository/io/grpc/grpc-netty/1.48.1/grpc-netty-1.48.1.jar:/home/runner/.m2/repository/io/grpc/grpc-core/1.48.1/grpc-core-1.48.1.jar:/home/runner/.m2/repository/com/google/android/annotations/4.1.1.4/annotations-4.1.1.4.jar:/home/runner/.m2/repository/org/codehaus/mojo/animal-sniffer-annotations/1.21/animal-sniffer-annotations-1.21.jar:/home/runner/.m2/repository/com/google/errorprone/error_prone_annotations/2.2.0/error_prone_annotations-2.2.0.jar:/home/runner/.m2/repository/io/perfmark/perfmark-api/0.25.0/perfmark-api-0.25.0.jar:/home/runner/.m2/repository/io/netty/netty-codec-http2/4.1.77.Final/netty-codec-http2-4.1.77.Final.jar:/home/runner/.m2/repository/io/netty/netty-common/4.1.77.Final/netty-common-4.1.77.Final.jar:/home/runner/.m2/repository/io/netty/netty-buffer/4.1.77.Final/netty-buffer-4.1.77.Final.jar:/home/runner/.m2/repository/io/netty/netty-codec-http/4.1.77.Final/netty-codec-http-4.1.77.Final.jar:/home/runner/.m2/repository/io/netty/netty-handler-proxy/4.1.77.Final/netty-handler-proxy-4.1.77.Final.jar:/home/runner/.m2/repository/io/netty/netty-codec-socks/4.1.77.Final/netty-codec-socks-4.1.77.Final.jar:/home/runner/.m2/repository/io/netty/netty-tcnative-boringssl-static/2.0.52.Final/netty-tcnative-boringssl-static-2.0.52.Final.jar:/home/runner/.m2/repository/io/netty/netty-tcnative-classes/2.0.52.Final/netty-tcnative-classes-2.0.52.Final.jar:/home/runner/.m2/repository/io/netty/netty-tcnative-boringssl-static/2.0.52.Final/netty-tcnative-boringssl-static-2.0.52.Final-linux-x86_64.jar:/home/runner/.m2/repository/io/netty/netty-tcnative-boringssl-static/2.0.52.Final/netty-tcnative-boringssl-static-2.0.52.Final-linux-aarch_64.jar:/home/runner/.m2/repository/io/netty/netty-tcnative-boringssl-static/2.0.52.Final/netty-tcnative-boringssl-static-2.0.52.Final-osx-x86_64.jar:/home/runner/.m2/repository/io/netty/netty-tcnative-boringssl-static/2.0.52.Final/netty-tcnative-boringssl-static-2.0.52.Final-osx-aarch_64.jar:/home/runner/.m2/repository/io/netty/netty-tcnative-boringssl-static/2.0.52.Final/netty-tcnative-boringssl-static-2.0.52.Final-windows-x86_64.jar:/home/runner/.m2/repository/org/apache/commons/commons-compress/1.21/commons-compress-1.21.jar:/home/runner/.m2/repository/org/apache/ozone/hdds-common/1.4.0-SNAPSHOT/hdds-common-1.4.0-SNAPSHOT.jar:/home/runner/.m2/repository/org/apache/ozone/hdds-client/1.4.0-SNAPSHOT/hdds-client-1.4.0-SNAPSHOT.jar:/home/runner/.m2/repository/org/apache/ozone/ozone-interface-client/1.4.0-SNAPSHOT/ozone-interface-client-1.4.0-SNAPSHOT.jar:/home/runner/.m2/repository/org/apache/ozone/hdds-test-utils/1.4.0-SNAPSHOT/hdds-test-utils-1.4.0-SNAPSHOT.jar:/home/runner/.m2/repository/com/google/guava/guava/31.1-jre/guava-31.1-jre.jar:/home/runner/.m2/repository/com/google/guava/failureaccess/1.0.1/failureaccess-1.0.1.jar:/home/runner/.m2/repository/com/google/guava/listenablefuture/9999.0-empty-to-avoid-conflict-with-guava/listenablefuture-9999.0-empty-to-avoid-conflict-with-guava.jar:/home/runner/.m2/repository/com/google/code/findbugs/jsr305/3.0.0/jsr305-3.0.0.jar:/home/runner/.m2/repository/org/checkerframework/checker-qual/3.12.0/checker-qual-3.12.0.jar:/home/runner/.m2/repository/com/google/j2objc/j2objc-annotations/1.3/j2objc-annotations-1.3.jar:/home/runner/.m2/repository/commons-io/commons-io/2.11.0/commons-io-2.11.0.jar:/home/runner/.m2/repository/commons-logging/commons-logging/1.2/commons-logging-1.2.jar:/home/runner/.m2/repository/ch/qos/reload4j/reload4j/1.2.22/reload4j-1.2.22.jar:/home/runner/.m2/repository/org/slf4j/slf4j-api/1.7.36/slf4j-api-1.7.36.jar:/home/runner/.m2/repository/org/apache/ozone/hdds-server-scm/1.4.0-SNAPSHOT/hdds-server-scm-1.4.0-SNAPSHOT.jar:/home/runner/.m2/repository/org/apache/ozone/hdds-container-service/1.4.0-SNAPSHOT/hdds-container-service-1.4.0-SNAPSHOT.jar:/home/runner/.m2/repository/org/apache/ozone/hdds-hadoop-dependency-server/1.4.0-SNAPSHOT/hdds-hadoop-dependency-server-1.4.0-SNAPSHOT.jar:/home/runner/.m2/repository/org/apache/hadoop/hadoop-hdfs/3.3.4/hadoop-hdfs-3.3.4.jar:/home/runner/.m2/repository/org/eclipse/jetty/jetty-util-ajax/9.4.49.v20220914/jetty-util-ajax-9.4.49.v20220914.jar:/home/runner/.m2/repository/commons-daemon/commons-daemon/1.0.13/commons-daemon-1.0.13.jar:/home/runner/.m2/repository/org/apache/ozone/hdds-server-framework/1.4.0-SNAPSHOT/hdds-server-framework-1.4.0-SNAPSHOT.jar:/home/runner/.m2/repository/org/apache/ozone/hdds-interface-server/1.4.0-SNAPSHOT/hdds-interface-server-1.4.0-SNAPSHOT.jar:/home/runner/.m2/repository/org/apache/commons/commons-configuration2/2.1.1/commons-configuration2-2.1.1.jar:/home/runner/.m2/repository/org/apache/logging/log4j/log4j-core/2.17.1/log4j-core-2.17.1.jar:/home/runner/.m2/repository/com/lmax/disruptor/3.4.2/disruptor-3.4.2.jar:/home/runner/.m2/repository/org/eclipse/jetty/jetty-servlet/9.4.49.v20220914/jetty-servlet-9.4.49.v20220914.jar:/home/runner/.m2/repository/org/eclipse/jetty/jetty-security/9.4.49.v20220914/jetty-security-9.4.49.v20220914.jar:/home/runner/.m2/repository/org/rocksdb/rocksdbjni/7.7.3/rocksdbjni-7.7.3.jar:/home/runner/.m2/repository/io/prometheus/simpleclient_dropwizard/0.7.0/simpleclient_dropwizard-0.7.0.jar:/home/runner/.m2/repository/io/prometheus/simpleclient/0.7.0/simpleclient-0.7.0.jar:/home/runner/.m2/repository/io/prometheus/simpleclient_common/0.7.0/simpleclient_common-0.7.0.jar:/home/runner/.m2/repository/com/github/spotbugs/spotbugs-annotations/3.1.12/spotbugs-annotations-3.1.12.jar:/home/runner/.m2/repository/io/dropwizard/metrics/metrics-core/3.2.4/metrics-core-3.2.4.jar:/home/runner/.m2/repository/org/apache/commons/commons-text/1.4/commons-text-1.4.jar:/home/runner/.m2/repository/org/apache/hadoop/hadoop-hdfs-client/3.3.4/hadoop-hdfs-client-3.3.4.jar:/home/runner/.m2/repository/com/squareup/okhttp3/okhttp/4.9.3/okhttp-4.9.3.jar:/home/runner/.m2/repository/com/squareup/okio/okio/2.8.0/okio-2.8.0.jar:/home/runner/.m2/repository/org/jetbrains/kotlin/kotlin-stdlib-common/1.4.10/kotlin-stdlib-common-1.4.10.jar:/home/runner/.m2/repository/org/bouncycastle/bcprov-jdk15on/1.67/bcprov-jdk15on-1.67.jar:/home/runner/.m2/repository/com/google/protobuf/protobuf-java/2.5.0/protobuf-java-2.5.0.jar:/home/runner/.m2/repository/org/apache/ozone/ozone-manager/1.4.0-SNAPSHOT/ozone-manager-1.4.0-SNAPSHOT.jar:/home/runner/.m2/repository/org/aspectj/aspectjrt/1.9.7/aspectjrt-1.9.7.jar:/home/runner/.m2/repository/org/aspectj/aspectjweaver/1.9.7/aspectjweaver-1.9.7.jar:/home/runner/.m2/repository/org/apache/ozone/hdds-interface-client/1.4.0-SNAPSHOT/hdds-interface-client-1.4.0-SNAPSHOT.jar:/home/runner/.m2/repository/org/apache/hadoop/thirdparty/hadoop-shaded-protobuf_3_7/1.1.1/hadoop-shaded-protobuf_3_7-1.1.1.jar:/home/runner/.m2/repository/org/apache/ozone/ozone-interface-storage/1.4.0-SNAPSHOT/ozone-interface-storage-1.4.0-SNAPSHOT.jar:/home/runner/.m2/repository/org/reflections/reflections/0.9.11/reflections-0.9.11.jar:/home/runner/.m2/repository/com/sun/jersey/jersey-client/1.19/jersey-client-1.19.jar:/home/runner/.m2/repository/org/apache/ranger/ranger-intg/2.3.0/ranger-intg-2.3.0.jar:/home/runner/.m2/repository/org/apache/ranger/ranger-plugins-common/2.3.0/ranger-plugins-common-2.3.0.jar:/home/runner/.m2/repository/commons-lang/commons-lang/2.6/commons-lang-2.6.jar:/home/runner/.m2/repository/org/codehaus/jackson/jackson-jaxrs/1.9.13/jackson-jaxrs-1.9.13.jar:/home/runner/.m2/repository/org/apache/ranger/ranger-plugins-cred/2.3.0/ranger-plugins-cred-2.3.0.jar:/home/runner/.m2/repository/org/apache/ranger/ranger-plugins-audit/2.3.0/ranger-plugins-audit-2.3.0.jar:/home/runner/.m2/repository/org/eclipse/jetty/jetty-client/9.4.31.v20200723/jetty-client-9.4.31.v20200723.jar:/home/runner/.m2/repository/org/apache/httpcomponents/httpmime/4.5.6/httpmime-4.5.6.jar:/home/runner/.m2/repository/org/apache/httpcomponents/httpcore-nio/4.4.6/httpcore-nio-4.4.6.jar:/home/runner/.m2/repository/org/apache/httpcomponents/httpasyncclient/4.1.3/httpasyncclient-4.1.3.jar:/home/runner/.m2/repository/com/carrotsearch/hppc/0.8.0/hppc-0.8.0.jar:/home/runner/.m2/repository/org/apache/orc/orc-core/1.5.8/orc-core-1.5.8.jar:/home/runner/.m2/repository/net/java/dev/jna/jna/5.2.0/jna-5.2.0.jar:/home/runner/.m2/repository/net/java/dev/jna/jna-platform/5.2.0/jna-platform-5.2.0.jar:/home/runner/.m2/repository/com/kstruct/gethostname4j/0.0.2/gethostname4j-0.0.2.jar:/home/runner/.m2/repository/org/apache/ranger/ranger-plugin-classloader/2.3.0/ranger-plugin-classloader-2.3.0.jar:/home/runner/.m2/repository/org/apache/hadoop/hadoop-minikdc/3.3.4/hadoop-minikdc-3.3.4.jar:/home/runner/.m2/repository/org/apache/kerby/kerb-simplekdc/1.0.1/kerb-simplekdc-1.0.1.jar:/home/runner/.m2/repository/org/apache/kerby/kerb-client/1.0.1/kerb-client-1.0.1.jar:/home/runner/.m2/repository/org/apache/kerby/kerby-config/1.0.1/kerby-config-1.0.1.jar:/home/runner/.m2/repository/org/apache/kerby/kerb-common/1.0.1/kerb-common-1.0.1.jar:/home/runner/.m2/repository/org/apache/kerby/kerb-crypto/1.0.1/kerb-crypto-1.0.1.jar:/home/runner/.m2/repository/org/apache/kerby/kerb-util/1.0.1/kerb-util-1.0.1.jar:/home/runner/.m2/repository/org/apache/kerby/token-provider/1.0.1/token-provider-1.0.1.jar:/home/runner/.m2/repository/org/apache/kerby/kerb-admin/1.0.1/kerb-admin-1.0.1.jar:/home/runner/.m2/repository/org/apache/kerby/kerb-server/1.0.1/kerb-server-1.0.1.jar:/home/runner/.m2/repository/org/apache/kerby/kerb-identity/1.0.1/kerb-identity-1.0.1.jar:/home/runner/.m2/repository/org/apache/kerby/kerby-xdr/1.0.1/kerby-xdr-1.0.1.jar:/home/runner/.m2/repository/org/apache/ozone/ozone-s3gateway/1.4.0-SNAPSHOT/ozone-s3gateway-1.4.0-SNAPSHOT.jar:/home/runner/.m2/repository/org/javassist/javassist/3.21.0-GA/javassist-3.21.0-GA.jar:/home/runner/.m2/repository/org/jboss/weld/servlet/weld-servlet/2.4.7.Final/weld-servlet-2.4.7.Final.jar:/home/runner/.m2/repository/org/glassfish/jersey/containers/jersey-container-servlet-core/2.34/jersey-container-servlet-core-2.34.jar:/home/runner/.m2/repository/org/glassfish/hk2/external/jakarta.inject/2.6.1/jakarta.inject-2.6.1.jar:/home/runner/.m2/repository/org/glassfish/jersey/core/jersey-common/2.34/jersey-common-2.34.jar:/home/runner/.m2/repository/jakarta/ws/rs/jakarta.ws.rs-api/2.1.6/jakarta.ws.rs-api-2.1.6.jar:/home/runner/.m2/repository/org/glassfish/jersey/ext/cdi/jersey-cdi1x/2.34/jersey-cdi1x-2.34.jar:/home/runner/.m2/repository/org/glassfish/jersey/inject/jersey-hk2/2.34/jersey-hk2-2.34.jar:/home/runner/.m2/repository/org/glassfish/hk2/hk2-locator/2.6.1/hk2-locator-2.6.1.jar:/home/runner/.m2/repository/org/glassfish/jersey/media/jersey-media-jaxb/2.34/jersey-media-jaxb-2.34.jar:/home/runner/.m2/repository/org/glassfish/hk2/osgi-resource-locator/1.0.3/osgi-resource-locator-1.0.3.jar:/home/runner/.m2/repository/org/glassfish/hk2/hk2-api/2.5.0/hk2-api-2.5.0.jar:/home/runner/.m2/repository/org/glassfish/hk2/hk2-utils/2.5.0/hk2-utils-2.5.0.jar:/home/runner/.m2/repository/org/glassfish/hk2/external/aopalliance-repackaged/2.5.0/aopalliance-repackaged-2.5.0.jar:/home/runner/.m2/repository/com/fasterxml/jackson/dataformat/jackson-dataformat-xml/2.13.4/jackson-dataformat-xml-2.13.4.jar:/home/runner/.m2/repository/com/fasterxml/jackson/core/jackson-core/2.13.4/jackson-core-2.13.4.jar:/home/runner/.m2/repository/org/codehaus/woodstox/stax2-api/4.2.1/stax2-api-4.2.1.jar:/home/runner/.m2/repository/com/fasterxml/woodstox/woodstox-core/5.4.0/woodstox-core-5.4.0.jar:/home/runner/.m2/repository/com/fasterxml/jackson/module/jackson-module-jaxb-annotations/2.13.4/jackson-module-jaxb-annotations-2.13.4.jar:/home/runner/.m2/repository/jakarta/xml/bind/jakarta.xml.bind-api/2.3.3/jakarta.xml.bind-api-2.3.3.jar:/home/runner/.m2/repository/jakarta/activation/jakarta.activation-api/1.2.1/jakarta.activation-api-1.2.1.jar:/home/runner/.m2/repository/javax/enterprise/cdi-api/1.2/cdi-api-1.2.jar:/home/runner/.m2/repository/javax/el/javax.el-api/3.0.0/javax.el-api-3.0.0.jar:/home/runner/.m2/repository/javax/interceptor/javax.interceptor-api/1.2/javax.interceptor-api-1.2.jar:/home/runner/.m2/repository/javax/inject/javax.inject/1/javax.inject-1.jar:/home/runner/.m2/repository/javax/xml/bind/jaxb-api/2.3.0/jaxb-api-2.3.0.jar:/home/runner/.m2/repository/org/glassfish/jaxb/jaxb-runtime/2.3.0.1/jaxb-runtime-2.3.0.1.jar:/home/runner/.m2/repository/org/glassfish/jaxb/jaxb-core/2.3.0.1/jaxb-core-2.3.0.1.jar:/home/runner/.m2/repository/org/glassfish/jaxb/txw2/2.3.0.1/txw2-2.3.0.1.jar:/home/runner/.m2/repository/com/sun/istack/istack-commons-runtime/3.0.5/istack-commons-runtime-3.0.5.jar:/home/runner/.m2/repository/org/jvnet/staxex/stax-ex/1.7.8/stax-ex-1.7.8.jar:/home/runner/.m2/repository/com/sun/xml/fastinfoset/FastInfoset/1.2.13/FastInfoset-1.2.13.jar:/home/runner/.m2/repository/javax/activation/activation/1.1.1/activation-1.1.1.jar:/home/runner/.m2/repository/io/grpc/grpc-protobuf/1.48.1/grpc-protobuf-1.48.1.jar:/home/runner/.m2/repository/io/grpc/grpc-api/1.48.1/grpc-api-1.48.1.jar:/home/runner/.m2/repository/io/grpc/grpc-context/1.48.1/grpc-context-1.48.1.jar:/home/runner/.m2/repository/com/google/api/grpc/proto-google-common-protos/2.9.0/proto-google-common-protos-2.9.0.jar:/home/runner/.m2/repository/io/grpc/grpc-protobuf-lite/1.48.1/grpc-protobuf-lite-1.48.1.jar:/home/runner/.m2/repository/io/grpc/grpc-stub/1.48.1/grpc-stub-1.48.1.jar:/home/runner/.m2/repository/io/netty/netty-transport/4.1.77.Final/netty-transport-4.1.77.Final.jar:/home/runner/.m2/repository/io/netty/netty-resolver/4.1.77.Final/netty-resolver-4.1.77.Final.jar:/home/runner/.m2/repository/org/apache/ozone/ozone-csi/1.4.0-SNAPSHOT/ozone-csi-1.4.0-SNAPSHOT.jar:/home/runner/.m2/repository/com/google/protobuf/protobuf-java-util/3.19.6/protobuf-java-util-3.19.6.jar:/home/runner/.m2/repository/com/google/code/gson/gson/2.9.0/gson-2.9.0.jar:/home/runner/.m2/repository/org/apache/ozone/hdds-config/1.4.0-SNAPSHOT/hdds-config-1.4.0-SNAPSHOT.jar:/home/runner/.m2/repository/io/netty/netty-transport-native-epoll/4.1.77.Final/netty-transport-native-epoll-4.1.77.Final-linux-x86_64.jar:/home/runner/.m2/repository/io/netty/netty-transport-classes-epoll/4.1.77.Final/netty-transport-classes-epoll-4.1.77.Final.jar:/home/runner/.m2/repository/io/netty/netty-transport-native-unix-common/4.1.77.Final/netty-transport-native-unix-common-4.1.77.Final.jar:/home/runner/.m2/repository/org/slf4j/slf4j-reload4j/1.7.36/slf4j-reload4j-1.7.36.jar:/home/runner/.m2/repository/org/apache/ozone/ozone-recon/1.4.0-SNAPSHOT/ozone-recon-1.4.0-SNAPSHOT.jar:/home/runner/.m2/repository/org/apache/ozone/ozone-reconcodegen/1.4.0-SNAPSHOT/ozone-reconcodegen-1.4.0-SNAPSHOT.jar:/home/runner/.m2/repository/com/google/inject/extensions/guice-multibindings/4.0/guice-multibindings-4.0.jar:/home/runner/.m2/repository/com/google/inject/guice/4.0/guice-4.0.jar:/home/runner/.m2/repository/aopalliance/aopalliance/1.0/aopalliance-1.0.jar:/home/runner/.m2/repository/com/google/inject/extensions/guice-assistedinject/4.0/guice-assistedinject-4.0.jar:/home/runner/.m2/repository/com/google/inject/extensions/guice-servlet/4.0/guice-servlet-4.0.jar:/home/runner/.m2/repository/org/glassfish/jersey/containers/jersey-container-servlet/2.34/jersey-container-servlet-2.34.jar:/home/runner/.m2/repository/org/glassfish/hk2/guice-bridge/2.5.0/guice-bridge-2.5.0.jar:/home/runner/.m2/repository/org/glassfish/jersey/core/jersey-server/2.34/jersey-server-2.34.jar:/home/runner/.m2/repository/org/glassfish/jersey/core/jersey-client/2.34/jersey-client-2.34.jar:/home/runner/.m2/repository/jakarta/annotation/jakarta.annotation-api/1.3.5/jakarta.annotation-api-1.3.5.jar:/home/runner/.m2/repository/jakarta/validation/jakarta.validation-api/2.0.2/jakarta.validation-api-2.0.2.jar:/home/runner/.m2/repository/org/glassfish/jersey/media/jersey-media-json-jackson/2.34/jersey-media-json-jackson-2.34.jar:/home/runner/.m2/repository/org/glassfish/jersey/ext/jersey-entity-filtering/2.34/jersey-entity-filtering-2.34.jar:/home/runner/.m2/repository/org/jooq/jooq/3.11.10/jooq-3.11.10.jar:/home/runner/.m2/repository/org/jooq/jooq-meta/3.11.10/jooq-meta-3.11.10.jar:/home/runner/.m2/repository/org/jooq/jooq-codegen/3.11.10/jooq-codegen-3.11.10.jar:/home/runner/.m2/repository/com/jolbox/bonecp/0.8.0.RELEASE/bonecp-0.8.0.RELEASE.jar:/home/runner/.m2/repository/org/apache/derby/derby/10.14.2.0/derby-10.14.2.0.jar:/home/runner/.m2/repository/org/xerial/sqlite-jdbc/3.25.2/sqlite-jdbc-3.25.2.jar:/home/runner/.m2/repository/org/springframework/spring-jdbc/5.3.23/spring-jdbc-5.3.23.jar:/home/runner/.m2/repository/org/springframework/spring-beans/5.3.23/spring-beans-5.3.23.jar:/home/runner/.m2/repository/org/springframework/spring-core/5.3.23/spring-core-5.3.23.jar:/home/runner/.m2/repository/org/springframework/spring-jcl/5.3.23/spring-jcl-5.3.23.jar:/home/runner/.m2/repository/org/springframework/spring-tx/5.3.23/spring-tx-5.3.23.jar:/home/runner/.m2/repository/org/apache/ozone/ozone-client/1.4.0-SNAPSHOT/ozone-client-1.4.0-SNAPSHOT.jar:/home/runner/.m2/repository/org/apache/ozone/hdds-erasurecode/1.4.0-SNAPSHOT/hdds-erasurecode-1.4.0-SNAPSHOT.jar:/home/runner/.m2/repository/org/apache/ozone/ozone-filesystem/1.4.0-SNAPSHOT/ozone-filesystem-1.4.0-SNAPSHOT.jar:/home/runner/.m2/repository/org/apache/ozone/ozone-filesystem-common/1.4.0-SNAPSHOT/ozone-filesystem-common-1.4.0-SNAPSHOT.jar:/home/runner/.m2/repository/org/apache/ozone/ozone-tools/1.4.0-SNAPSHOT/ozone-tools-1.4.0-SNAPSHOT.jar:/home/runner/.m2/repository/org/apache/ratis/ratis-tools/2.4.2-8b8bdda-SNAPSHOT/ratis-tools-2.4.2-8b8bdda-SNAPSHOT.jar:/home/runner/.m2/repository/com/amazonaws/aws-java-sdk-core/1.12.261/aws-java-sdk-core-1.12.261.jar:/home/runner/.m2/repository/org/apache/httpcomponents/httpclient/4.5.13/httpclient-4.5.13.jar:/home/runner/.m2/repository/org/apache/httpcomponents/httpcore/4.4.13/httpcore-4.4.13.jar:/home/runner/.m2/repository/software/amazon/ion/ion-java/1.0.2/ion-java-1.0.2.jar:/home/runner/.m2/repository/com/fasterxml/jackson/dataformat/jackson-dataformat-cbor/2.13.4/jackson-dataformat-cbor-2.13.4.jar:/home/runner/.m2/repository/joda-time/joda-time/2.8.1/joda-time-2.8.1.jar:/home/runner/.m2/repository/com/amazonaws/aws-java-sdk-s3/1.12.261/aws-java-sdk-s3-1.12.261.jar:/home/runner/.m2/repository/com/amazonaws/aws-java-sdk-kms/1.12.261/aws-java-sdk-kms-1.12.261.jar:/home/runner/.m2/repository/com/amazonaws/jmespath-java/1.12.261/jmespath-java-1.12.261.jar:/home/runner/.m2/repository/org/kohsuke/metainf-services/metainf-services/1.8/metainf-services-1.8.jar:/home/runner/.m2/repository/org/apache/ozone/hdds-tools/1.4.0-SNAPSHOT/hdds-tools-1.4.0-SNAPSHOT.jar:/home/runner/.m2/repository/commons-cli/commons-cli/1.2/commons-cli-1.2.jar:/home/runner/.m2/repository/org/apache/commons/commons-lang3/3.7/commons-lang3-3.7.jar:/home/runner/.m2/repository/org/apache/ozone/ozone-manager/1.4.0-SNAPSHOT/ozone-manager-1.4.0-SNAPSHOT-tests.jar:/home/runner/.m2/repository/org/apache/ozone/hdds-common/1.4.0-SNAPSHOT/hdds-common-1.4.0-SNAPSHOT-tests.jar:/home/runner/.m2/repository/org/apache/ozone/hdds-hadoop-dependency-client/1.4.0-SNAPSHOT/hdds-hadoop-dependency-client-1.4.0-SNAPSHOT.jar:/home/runner/.m2/repository/info/picocli/picocli/4.6.1/picocli-4.6.1.jar:/home/runner/.m2/repository/com/fasterxml/jackson/core/jackson-annotations/2.13.4/jackson-annotations-2.13.4.jar:/home/runner/.m2/repository/com/fasterxml/jackson/datatype/jackson-datatype-jsr310/2.13.4/jackson-datatype-jsr310-2.13.4.jar:/home/runner/.m2/repository/org/apache/ozone/hdds-annotation-processing/1.4.0-SNAPSHOT/hdds-annotation-processing-1.4.0-SNAPSHOT.jar:/home/runner/.m2/repository/javax/annotation/javax.annotation-api/1.2/javax.annotation-api-1.2.jar:/home/runner/.m2/repository/org/apache/ratis/ratis-server/2.4.2-8b8bdda-SNAPSHOT/ratis-server-2.4.2-8b8bdda-SNAPSHOT.jar:/home/runner/.m2/repository/org/apache/ratis/ratis-client/2.4.2-8b8bdda-SNAPSHOT/ratis-client-2.4.2-8b8bdda-SNAPSHOT.jar:/home/runner/.m2/repository/org/apache/ratis/ratis-server-api/2.4.2-8b8bdda-SNAPSHOT/ratis-server-api-2.4.2-8b8bdda-SNAPSHOT.jar:/home/runner/.m2/repository/org/apache/ratis/ratis-metrics/2.4.2-8b8bdda-SNAPSHOT/ratis-metrics-2.4.2-8b8bdda-SNAPSHOT.jar:/home/runner/.m2/repository/org/apache/ratis/ratis-netty/2.4.2-8b8bdda-SNAPSHOT/ratis-netty-2.4.2-8b8bdda-SNAPSHOT.jar:/home/runner/.m2/repository/org/apache/ratis/ratis-grpc/2.4.2-8b8bdda-SNAPSHOT/ratis-grpc-2.4.2-8b8bdda-SNAPSHOT.jar:/home/runner/.m2/repository/org/apache/logging/log4j/log4j-api/2.17.1/log4j-api-2.17.1.jar:/home/runner/.m2/repository/org/apache/commons/commons-pool2/2.6.0/commons-pool2-2.6.0.jar:/home/runner/.m2/repository/org/bouncycastle/bcpkix-jdk15on/1.67/bcpkix-jdk15on-1.67.jar:/home/runner/.m2/repository/commons-validator/commons-validator/1.6/commons-validator-1.6.jar:/home/runner/.m2/repository/commons-beanutils/commons-beanutils/1.9.4/commons-beanutils-1.9.4.jar:/home/runner/.m2/repository/commons-digester/commons-digester/1.8.1/commons-digester-1.8.1.jar:/home/runner/.m2/repository/commons-collections/commons-collections/3.2.2/commons-collections-3.2.2.jar:/home/runner/.m2/repository/io/jaegertracing/jaeger-client/1.6.0/jaeger-client-1.6.0.jar:/home/runner/.m2/repository/io/jaegertracing/jaeger-thrift/1.6.0/jaeger-thrift-1.6.0.jar:/home/runner/.m2/repository/org/apache/thrift/libthrift/0.14.1/libthrift-0.14.1.jar:/home/runner/.m2/repository/io/jaegertracing/jaeger-core/1.6.0/jaeger-core-1.6.0.jar:/home/runner/.m2/repository/io/jaegertracing/jaeger-tracerresolver/1.6.0/jaeger-tracerresolver-1.6.0.jar:/home/runner/.m2/repository/io/opentracing/contrib/opentracing-tracerresolver/0.1.8/opentracing-tracerresolver-0.1.8.jar:/home/runner/.m2/repository/org/jetbrains/kotlin/kotlin-stdlib/1.6.21/kotlin-stdlib-1.6.21.jar:/home/runner/.m2/repository/org/jetbrains/annotations/13.0/annotations-13.0.jar:/home/runner/.m2/repository/io/opentracing/opentracing-util/0.33.0/opentracing-util-0.33.0.jar:/home/runner/.m2/repository/io/opentracing/opentracing-api/0.33.0/opentracing-api-0.33.0.jar:/home/runner/.m2/repository/io/opentracing/opentracing-noop/0.33.0/opentracing-noop-0.33.0.jar:/home/runner/.m2/repository/org/yaml/snakeyaml/1.33/snakeyaml-1.33.jar:/home/runner/.m2/repository/org/apache/ozone/hdds-interface-admin/1.4.0-SNAPSHOT/hdds-interface-admin-1.4.0-SNAPSHOT.jar:/home/runner/.m2/repository/junit/junit/4.13.1/junit-4.13.1.jar:/home/runner/.m2/repository/org/hamcrest/hamcrest-core/1.3/hamcrest-core-1.3.jar:/home/runner/.m2/repository/org/junit/jupiter/junit-jupiter-api/5.8.2/junit-jupiter-api-5.8.2.jar:/home/runner/.m2/repository/org/opentest4j/opentest4j/1.2.0/opentest4j-1.2.0.jar:/home/runner/.m2/repository/org/junit/platform/junit-platform-commons/1.8.2/junit-platform-commons-1.8.2.jar:/home/runner/.m2/repository/org/apiguardian/apiguardian-api/1.1.2/apiguardian-api-1.1.2.jar:/home/runner/.m2/repository/org/junit/jupiter/junit-jupiter-params/5.8.2/junit-jupiter-params-5.8.2.jar:/home/runner/.m2/repository/org/junit/jupiter/junit-jupiter-migrationsupport/5.8.2/junit-jupiter-migrationsupport-5.8.2.jar:/home/runner/.m2/repository/org/junit/jupiter/junit-jupiter-engine/5.8.2/junit-jupiter-engine-5.8.2.jar:/home/runner/.m2/repository/org/junit/platform/junit-platform-engine/1.8.2/junit-platform-engine-1.8.2.jar:/home/runner/.m2/repository/org/junit/vintage/junit-vintage-engine/5.8.2/junit-vintage-engine-5.8.2.jar:/home/runner/.m2/repository/org/junit/platform/junit-platform-launcher/1.8.2/junit-platform-launcher-1.8.2.jar:/home/runner/.m2/repository/org/mockito/mockito-core/2.28.2/mockito-core-2.28.2.jar:/home/runner/.m2/repository/net/bytebuddy/byte-buddy/1.9.10/byte-buddy-1.9.10.jar:/home/runner/.m2/repository/net/bytebuddy/byte-buddy-agent/1.9.10/byte-buddy-agent-1.9.10.jar:/home/runner/.m2/repository/org/objenesis/objenesis/1.0/objenesis-1.0.jar:/home/runner/.m2/repository/org/apache/hadoop/hadoop-kms/3.3.4/hadoop-kms-3.3.4.jar:/home/runner/.m2/repository/org/apache/hadoop/hadoop-auth/3.3.4/hadoop-auth-3.3.4.jar:/home/runner/.m2/repository/com/nimbusds/nimbus-jose-jwt/9.8.1/nimbus-jose-jwt-9.8.1.jar:/home/runner/.m2/repository/com/github/stephenc/jcip/jcip-annotations/1.0-1/jcip-annotations-1.0-1.jar:/home/runner/.m2/repository/net/minidev/json-smart/2.4.7/json-smart-2.4.7.jar:/home/runner/.m2/repository/net/minidev/accessors-smart/2.4.7/accessors-smart-2.4.7.jar:/home/runner/.m2/repository/org/ow2/asm/asm/5.0.4/asm-5.0.4.jar:/home/runner/.m2/repository/org/apache/zookeeper/zookeeper/3.5.6/zookeeper-3.5.6.jar:/home/runner/.m2/repository/org/apache/zookeeper/zookeeper-jute/3.5.6/zookeeper-jute-3.5.6.jar:/home/runner/.m2/repository/org/apache/yetus/audience-annotations/0.5.0/audience-annotations-0.5.0.jar:/home/runner/.m2/repository/org/apache/curator/curator-framework/4.2.0/curator-framework-4.2.0.jar:/home/runner/.m2/repository/org/apache/hadoop/thirdparty/hadoop-shaded-guava/1.1.1/hadoop-shaded-guava-1.1.1.jar:/home/runner/.m2/repository/com/sun/jersey/jersey-core/1.19/jersey-core-1.19.jar:/home/runner/.m2/repository/javax/ws/rs/jsr311-api/1.1.1/jsr311-api-1.1.1.jar:/home/runner/.m2/repository/com/sun/jersey/jersey-server/1.19/jersey-server-1.19.jar:/home/runner/.m2/repository/javax/servlet/javax.servlet-api/3.1.0/javax.servlet-api-3.1.0.jar:/home/runner/.m2/repository/org/eclipse/jetty/jetty-server/9.4.49.v20220914/jetty-server-9.4.49.v20220914.jar:/home/runner/.m2/repository/org/eclipse/jetty/jetty-http/9.4.49.v20220914/jetty-http-9.4.49.v20220914.jar:/home/runner/.m2/repository/org/eclipse/jetty/jetty-io/9.4.49.v20220914/jetty-io-9.4.49.v20220914.jar:/home/runner/.m2/repository/org/eclipse/jetty/jetty-webapp/9.4.49.v20220914/jetty-webapp-9.4.49.v20220914.jar:/home/runner/.m2/repository/org/eclipse/jetty/jetty-xml/9.4.49.v20220914/jetty-xml-9.4.49.v20220914.jar:/home/runner/.m2/repository/org/apache/hadoop/hadoop-common/3.3.4/hadoop-common-3.3.4.jar:/home/runner/.m2/repository/org/apache/commons/commons-math3/3.1.1/commons-math3-3.1.1.jar:/home/runner/.m2/repository/commons-net/commons-net/3.9.0/commons-net-3.9.0.jar:/home/runner/.m2/repository/com/sun/jersey/jersey-servlet/1.19/jersey-servlet-1.19.jar:/home/runner/.m2/repository/com/sun/jersey/jersey-json/1.19/jersey-json-1.19.jar:/home/runner/.m2/repository/org/codehaus/jettison/jettison/1.1/jettison-1.1.jar:/home/runner/.m2/repository/com/sun/xml/bind/jaxb-impl/2.2.3-1/jaxb-impl-2.2.3-1.jar:/home/runner/.m2/repository/org/codehaus/jackson/jackson-xc/1.9.2/jackson-xc-1.9.2.jar:/home/runner/.m2/repository/com/google/re2j/re2j/1.1/re2j-1.1.jar:/home/runner/.m2/repository/com/jcraft/jsch/0.1.54/jsch-0.1.54.jar:/home/runner/.m2/repository/org/apache/curator/curator-client/4.2.0/curator-client-4.2.0.jar:/home/runner/.m2/repository/org/apache/curator/curator-recipes/4.2.0/curator-recipes-4.2.0.jar:/home/runner/.m2/repository/org/apache/kerby/kerb-core/1.0.1/kerb-core-1.0.1.jar:/home/runner/.m2/repository/org/apache/kerby/kerby-pkix/1.0.1/kerby-pkix-1.0.1.jar:/home/runner/.m2/repository/org/apache/kerby/kerby-asn1/1.0.1/kerby-asn1-1.0.1.jar:/home/runner/.m2/repository/org/apache/kerby/kerby-util/1.0.1/kerby-util-1.0.1.jar:/home/runner/.m2/repository/dnsjava/dnsjava/2.1.7/dnsjava-2.1.7.jar:/home/runner/.m2/repository/org/xerial/snappy/snappy-java/1.1.8.2/snappy-java-1.1.8.2.jar:/home/runner/.m2/repository/org/eclipse/jetty/jetty-util/9.4.49.v20220914/jetty-util-9.4.49.v20220914.jar:/home/runner/.m2/repository/com/fasterxml/jackson/core/jackson-databind/2.13.4.2/jackson-databind-2.13.4.2.jar:/home/runner/.m2/repository/org/apache/hadoop/hadoop-kms/3.3.4/hadoop-kms-3.3.4-tests.jar:/home/runner/.m2/repository/org/apache/ozone/hdds-server-scm/1.4.0-SNAPSHOT/hdds-server-scm-1.4.0-SNAPSHOT-tests.jar:/home/runner/.m2/repository/org/apache/ozone/hdds-container-service/1.4.0-SNAPSHOT/hdds-container-service-1.4.0-SNAPSHOT-tests.jar:/home/runner/.m2/repository/com/github/luben/zstd-jni/1.5.2-5/zstd-jni-1.5.2-5.jar:/home/runner/.m2/repository/commons-codec/commons-codec/1.15/commons-codec-1.15.jar:/home/runner/.m2/repository/io/netty/netty-codec/4.1.77.Final/netty-codec-4.1.77.Final.jar:/home/runner/.m2/repository/io/netty/netty-handler/4.1.77.Final/netty-handler-4.1.77.Final.jar:/home/runner/.m2/repository/org/apache/ozone/hdds-hadoop-dependency-test/1.4.0-SNAPSHOT/hdds-hadoop-dependency-test-1.4.0-SNAPSHOT.jar:/home/runner/.m2/repository/org/apache/hadoop/hadoop-common/3.3.4/hadoop-common-3.3.4-tests.jar:/home/runner/.m2/repository/org/apache/hadoop/hadoop-hdfs/3.3.4/hadoop-hdfs-3.3.4-tests.jar:/home/runner/.m2/repository/org/assertj/assertj-core/3.12.2/assertj-core-3.12.2.jar:/home/runner/.m2/repository/org/apache/hadoop/hadoop-distcp/3.3.4/hadoop-distcp-3.3.4.jar:/home/runner/.m2/repository/org/apache/hadoop/hadoop-mapreduce-client-jobclient/3.3.4/hadoop-mapreduce-client-jobclient-3.3.4.jar:/home/runner/.m2/repository/org/apache/hadoop/hadoop-mapreduce-client-common/3.3.4/hadoop-mapreduce-client-common-3.3.4.jar:/home/runner/.m2/repository/org/apache/hadoop/hadoop-yarn-common/3.3.4/hadoop-yarn-common-3.3.4.jar:/home/runner/.m2/repository/org/apache/hadoop/hadoop-yarn-api/3.3.4/hadoop-yarn-api-3.3.4.jar:/home/runner/.m2/repository/com/sun/jersey/contribs/jersey-guice/1.19/jersey-guice-1.19.jar:/home/runner/.m2/repository/com/fasterxml/jackson/jaxrs/jackson-jaxrs-json-provider/2.13.4/jackson-jaxrs-json-provider-2.13.4.jar:/home/runner/.m2/repository/com/fasterxml/jackson/jaxrs/jackson-jaxrs-base/2.13.4/jackson-jaxrs-base-2.13.4.jar:/home/runner/.m2/repository/org/apache/hadoop/hadoop-yarn-client/3.3.4/hadoop-yarn-client-3.3.4.jar:/home/runner/.m2/repository/org/eclipse/jetty/websocket/websocket-client/9.4.43.v20210629/websocket-client-9.4.43.v20210629.jar:/home/runner/.m2/repository/org/eclipse/jetty/websocket/websocket-common/9.4.43.v20210629/websocket-common-9.4.43.v20210629.jar:/home/runner/.m2/repository/org/eclipse/jetty/websocket/websocket-api/9.4.43.v20210629/websocket-api-9.4.43.v20210629.jar:/home/runner/.m2/repository/org/jline/jline/3.9.0/jline-3.9.0.jar:/home/runner/.m2/repository/org/apache/hadoop/hadoop-mapreduce-client-core/3.3.4/hadoop-mapreduce-client-core-3.3.4.jar:/home/runner/.m2/repository/org/apache/avro/avro/1.7.7/avro-1.7.7.jar:/home/runner/.m2/repository/org/codehaus/jackson/jackson-core-asl/1.9.13/jackson-core-asl-1.9.13.jar:/home/runner/.m2/repository/org/codehaus/jackson/jackson-mapper-asl/1.9.13/jackson-mapper-asl-1.9.13.jar:/home/runner/.m2/repository/com/thoughtworks/paranamer/paranamer/2.3/paranamer-2.3.jar:/home/runner/.m2/repository/org/apache/hadoop/hadoop-annotations/3.3.4/hadoop-annotations-3.3.4.jar:/usr/lib/jvm/temurin-8-jdk-amd64/jre/../lib/tools.jar:/home/runner/.m2/repository/io/netty/netty/3.10.6.Final/netty-3.10.6.Final.jar:/home/runner/.m2/repository/org/apache/hadoop/hadoop-distcp/3.3.4/hadoop-distcp-3.3.4-tests.jar:/home/runner/.m2/repository/org/slf4j/jul-to-slf4j/1.7.36/jul-to-slf4j-1.7.36.jar:/home/runner/.m2/repository/org/apache/ratis/ratis-common/2.4.2-8b8bdda-SNAPSHOT/ratis-common-2.4.2-8b8bdda-SNAPSHOT.jar:/home/runner/.m2/repository/org/apache/ratis/ratis-thirdparty-misc/1.0.3/ratis-thirdparty-misc-1.0.3.jar:/home/runner/.m2/repository/org/apache/ratis/ratis-proto/2.4.2-8b8bdda-SNAPSHOT/ratis-proto-2.4.2-8b8bdda-SNAPSHOT.jar:"/>
    <property name="sun.cpu.endian" value="little"/>
    <property name="user.home" value="/home/runner"/>
    <property name="user.language" value="en"/>
    <property name="java.specification.vendor" value="Oracle Corporation"/>
    <property name="java.home" value="/usr/lib/jvm/temurin-8-jdk-amd64/jre"/>
    <property name="java.security.krb5.conf" value="/home/runner/work/ozone/ozone/hadoop-ozone/integration-test/target/test-classes/krb5.conf"/>
    <property name="basedir" value="/home/runner/work/ozone/ozone/hadoop-ozone/integration-test"/>
    <property name="file.separator" value="/"/>
    <property name="line.separator" value="&#10;"/>
    <property name="java.vm.specification.vendor" value="Oracle Corporation"/>
    <property name="java.specification.name" value="Java Platform API Specification"/>
    <property name="java.awt.graphicsenv" value="sun.awt.X11GraphicsEnvironment"/>
    <property name="skip.installnpx" value="true"/>
    <property name="surefire.real.class.path" value="/home/runner/work/ozone/ozone/hadoop-ozone/integration-test/target/surefire/surefirebooter4216670031502576408.jar:/home/runner/.m2/repository/org/jacoco/org.jacoco.agent/0.8.5/org.jacoco.agent-0.8.5-runtime.jar"/>
    <property name="hadoop.log.dir" value="/home/runner/work/ozone/ozone/hadoop-ozone/integration-test/target/log"/>
    <property name="sun.boot.class.path" value="/usr/lib/jvm/temurin-8-jdk-amd64/jre/lib/resources.jar:/usr/lib/jvm/temurin-8-jdk-amd64/jre/lib/rt.jar:/usr/lib/jvm/temurin-8-jdk-amd64/jre/lib/sunrsasign.jar:/usr/lib/jvm/temurin-8-jdk-amd64/jre/lib/jsse.jar:/usr/lib/jvm/temurin-8-jdk-amd64/jre/lib/jce.jar:/usr/lib/jvm/temurin-8-jdk-amd64/jre/lib/charsets.jar:/usr/lib/jvm/temurin-8-jdk-amd64/jre/lib/jfr.jar:/usr/lib/jvm/temurin-8-jdk-amd64/jre/classes"/>
    <property name="sun.management.compiler" value="HotSpot 64-Bit Tiered Compilers"/>
    <property name="skip.npx" value="true"/>
    <property name="java.runtime.version" value="1.8.0_352-b08"/>
    <property name="java.net.preferIPv4Stack" value="true"/>
    <property name="user.name" value="runner"/>
    <property name="path.separator" value=":"/>
    <property name="java.security.egd" value="file:///dev/urandom"/>
    <property name="os.version" value="5.15.0-1023-azure"/>
    <property name="java.endorsed.dirs" value="/usr/lib/jvm/temurin-8-jdk-amd64/jre/lib/endorsed"/>
    <property name="java.runtime.name" value="OpenJDK Runtime Environment"/>
    <property name="file.encoding" value="UTF-8"/>
    <property name="java.vm.name" value="OpenJDK 64-Bit Server VM"/>
    <property name="test.build.webapps" value=""/>
    <property name="localRepository" value="/home/runner/.m2/repository"/>
    <property name="jetty.git.hash" value="4231a3b2e4cb8548a412a789936d640a97b1aa0a"/>
    <property name="java.vendor.url.bug" value="https://github.com/adoptium/adoptium-support/issues"/>
    <property name="java.io.tmpdir" value="/tmp"/>
    <property name="require.test.libhadoop" value=""/>
    <property name="java.version" value="1.8.0_352"/>
    <property name="user.dir" value="/home/runner/work/ozone/ozone/hadoop-ozone/integration-test"/>
    <property name="os.arch" value="amd64"/>
    <property name="java.vm.specification.name" value="Java Virtual Machine Specification"/>
    <property name="test.build.classes" value="/home/runner/work/ozone/ozone/hadoop-ozone/integration-test/target/test-classes"/>
    <property name="java.awt.printerjob" value="sun.print.PSPrinterJob"/>
    <property name="sun.os.patch.level" value="unknown"/>
    <property name="org.apache.ratis.thirdparty.io.netty.allocator.useCacheForAllThreads" value="false"/>
    <property name="hadoop.tmp.dir" value="/home/runner/work/ozone/ozone/hadoop-ozone/integration-test/target/tmp"/>
    <property name="java.library.path" value="/usr/java/packages/lib/amd64:/usr/lib64:/lib64:/lib:/usr/lib"/>
    <property name="java.vm.info" value="mixed mode"/>
    <property name="java.vendor" value="Temurin"/>
    <property name="java.vm.version" value="25.352-b08"/>
    <property name="java.specification.maintenance.version" value="4"/>
    <property name="java.ext.dirs" value="/usr/lib/jvm/temurin-8-jdk-amd64/jre/lib/ext:/usr/java/packages/lib/ext"/>
    <property name="sun.io.unicode.encoding" value="UnicodeLittle"/>
    <property name="java.class.version" value="52.0"/>
  </properties>
  <testcase name="testGetTrashRoot" classname="TestOzoneFileSystem" time="21.002">
    <system-out><![CDATA[2023-01-03 10:06:00,691 [main] WARN  server.ServerUtils (ServerUtils.java:getScmDbDir(148)) - ozone.scm.db.dirs is not configured. We recommend adding this setting. Falling back to ozone.metadata.dirs instead.
2023-01-03 10:06:00,770 [main] WARN  server.ServerUtils (ServerUtils.java:getScmDbDir(148)) - ozone.scm.db.dirs is not configured. We recommend adding this setting. Falling back to ozone.metadata.dirs instead.
2023-01-03 10:06:00,773 [main] INFO  ha.SCMHANodeDetails (SCMHANodeDetails.java:loadSCMHAConfig(209)) - ServiceID for StorageContainerManager is null
2023-01-03 10:06:00,782 [main] WARN  ha.SCMHANodeDetails (SCMHANodeDetails.java:validateSCMHAConfig(182)) - Invalid config ozone.scm.ratis.enable. The config was not specified, but the default value true conflicts with the expected config value false. Falling back to the expected value. Current State of SCM: SCM is running in Non-HA without Ratis Ratis SCM -> Non Ratis SCM or Non HA SCM -> HA SCM is not supported
2023-01-03 10:06:00,783 [main] INFO  ha.SCMHANodeDetails (SCMHANodeDetails.java:loadSCMHAConfig(214)) - ozone.scm.default.service.id is not defined, falling back to ozone.scm.service.ids to find serviceID for StorageContainerManager if it is HA enabled cluster
2023-01-03 10:06:01,205 [main] WARN  utils.HAUtils (HAUtils.java:getMetaDir(342)) - ozone.scm.db.dirs is not configured. We recommend adding this setting. Falling back to ozone.metadata.dirs instead.
2023-01-03 10:06:01,342 [main] WARN  db.DBStoreBuilder (DBStoreBuilder.java:applyDBDefinition(144)) - ozone.scm.db.dirs is not configured. We recommend adding this setting. Falling back to ozone.metadata.dirs instead.
2023-01-03 10:06:01,593 [main] INFO  net.NodeSchemaLoader (NodeSchemaLoader.java:loadSchemaFromFile(129)) - Loading schema from [jar:file:/home/runner/.m2/repository/org/apache/ozone/hdds-common/1.4.0-SNAPSHOT/hdds-common-1.4.0-SNAPSHOT.jar!/network-topology-default.xml]
2023-01-03 10:06:01,595 [main] INFO  net.NodeSchemaLoader (NodeSchemaLoader.java:loadSchema(176)) - Loading network topology layer schema file
2023-01-03 10:06:01,635 [main] INFO  metrics.MetricRegistries (MetricRegistriesLoader.java:load(64)) - Loaded MetricRegistries class org.apache.ratis.metrics.impl.MetricRegistriesImpl
2023-01-03 10:06:01,640 [main] INFO  upgrade.AbstractLayoutVersionManager (AbstractLayoutVersionManager.java:init(83)) - Initializing Layout version manager with metadata layout = DATANODE_SCHEMA_V3 (version = 4), software layout = DATANODE_SCHEMA_V3 (version = 4)
2023-01-03 10:06:01,829 [main] INFO  reflections.Reflections (Reflections.java:scan(232)) - Reflections took 126 ms to scan 7 urls, producing 146 keys and 350 values 
2023-01-03 10:06:01,912 [main] INFO  ha.SequenceIdGenerator (SequenceIdGenerator.java:upgradeToSequenceId(349)) - upgrade localId to 111677748019200000
2023-01-03 10:06:01,912 [main] INFO  ha.SequenceIdGenerator (SequenceIdGenerator.java:upgradeToSequenceId(359)) - upgrade delTxnId to 0
2023-01-03 10:06:01,915 [main] INFO  ha.SequenceIdGenerator (SequenceIdGenerator.java:upgradeToSequenceId(376)) - upgrade containerId to 0
2023-01-03 10:06:01,917 [main] INFO  ha.SequenceIdGenerator (SequenceIdGenerator.java:<init>(220)) - Init the HA SequenceIdGenerator.
2023-01-03 10:06:01,963 [main] WARN  server.ServerUtils (ServerUtils.java:sanitizeUserArgs(73)) - ozone.scm.stale.node.interval value = 300000 is larger than max = 100000 based on the key value of ozone.scm.heartbeat.thread.interval, reset to the max value 100000.
2023-01-03 10:06:01,963 [main] WARN  server.ServerUtils (ServerUtils.java:sanitizeUserArgs(73)) - ozone.scm.stale.node.interval value = 300000 is larger than max = 100000 based on the key value of ozone.scm.heartbeat.thread.interval, reset to the max value 100000.
2023-01-03 10:06:01,968 [main] INFO  node.SCMNodeManager (SCMNodeManager.java:<init>(149)) - Entering startup safe mode.
2023-01-03 10:06:02,032 [main] INFO  algorithms.ContainerPlacementPolicyFactory (ContainerPlacementPolicyFactory.java:getPolicyInternal(86)) - Create container placement policy of type org.apache.hadoop.hdds.scm.container.placement.algorithms.SCMContainerPlacementRandom
2023-01-03 10:06:02,035 [main] INFO  algorithms.ContainerPlacementPolicyFactory (ContainerPlacementPolicyFactory.java:getPolicyInternal(86)) - Create container placement policy of type org.apache.hadoop.hdds.scm.container.placement.algorithms.SCMContainerPlacementRackScatter
2023-01-03 10:06:02,043 [main] INFO  pipeline.PipelineStateManagerImpl (PipelineStateManagerImpl.java:initialize(78)) - No pipeline exists in current db
2023-01-03 10:06:02,075 [main] INFO  algorithms.LeaderChoosePolicyFactory (LeaderChoosePolicyFactory.java:getPolicy(57)) - Create leader choose policy of type org.apache.hadoop.hdds.scm.pipeline.leader.choose.algorithms.MinLeaderCountChoosePolicy
2023-01-03 10:06:02,076 [main] INFO  algorithms.ContainerPlacementPolicyFactory (ContainerPlacementPolicyFactory.java:getPolicyInternal(86)) - Create container placement policy of type org.apache.hadoop.hdds.scm.container.placement.algorithms.SCMContainerPlacementRackScatter
2023-01-03 10:06:02,081 [main] INFO  ha.SCMServiceManager (SCMServiceManager.java:register(42)) - Registering service BackgroundPipelineCreator.
2023-01-03 10:06:02,081 [main] INFO  pipeline.BackgroundPipelineCreator (BackgroundPipelineCreator.java:start(124)) - Starting RatisPipelineUtilsThread.
2023-01-03 10:06:02,085 [main] INFO  BackgroundPipelineScrubber (BackgroundSCMService.java:start(68)) - Starting BackgroundPipelineScrubber Service.
2023-01-03 10:06:02,089 [main] INFO  ha.SCMServiceManager (SCMServiceManager.java:register(42)) - Registering service BackgroundPipelineScrubber.
2023-01-03 10:06:02,096 [main] INFO  ExpiredContainerReplicaOpScrubber (BackgroundSCMService.java:start(68)) - Starting ExpiredContainerReplicaOpScrubber Service.
2023-01-03 10:06:02,096 [main] INFO  ha.SCMServiceManager (SCMServiceManager.java:register(42)) - Registering service ExpiredContainerReplicaOpScrubber.
2023-01-03 10:06:02,132 [main] INFO  algorithms.PipelineChoosePolicyFactory (PipelineChoosePolicyFactory.java:createPipelineChoosePolicyFromClass(73)) - Create pipeline choose policy of type org.apache.hadoop.hdds.scm.pipeline.choose.algorithms.RandomPipelineChoosePolicy
2023-01-03 10:06:02,148 [main] INFO  ha.SCMServiceManager (SCMServiceManager.java:register(42)) - Registering service SCMBlockDeletingService.
2023-01-03 10:06:02,196 [main] INFO  replication.ReplicationManager (ReplicationManager.java:start(261)) - Starting Replication Monitor Thread.
2023-01-03 10:06:02,206 [main] INFO  ha.SCMServiceManager (SCMServiceManager.java:register(42)) - Registering service ReplicationManager.
2023-01-03 10:06:02,208 [ReplicationMonitor] INFO  replication.ReplicationManager (ReplicationManager.java:processAll(330)) - Replication Manager is not ready to run until 3000ms after safemode exit
2023-01-03 10:06:02,219 [main] INFO  safemode.ContainerSafeModeRule (ContainerSafeModeRule.java:<init>(89)) - containers with one replica threshold count 0
2023-01-03 10:06:02,223 [main] INFO  safemode.HealthyPipelineSafeModeRule (HealthyPipelineSafeModeRule.java:initializeRule(169)) - Total pipeline count is 0, healthy pipeline threshold count is 1
2023-01-03 10:06:02,225 [main] INFO  safemode.OneReplicaPipelineSafeModeRule (OneReplicaPipelineSafeModeRule.java:initializeRule(180)) - Total pipeline count is 0, pipeline's with at least one datanode reported threshold count is 0
2023-01-03 10:06:02,470 [main] INFO  audit.AuditLogger (AuditLogger.java:refreshDebugCmdSet(126)) - Refresh DebugCmdSet for SCMAudit to [].
2023-01-03 10:06:02,496 [main] INFO  ipc.CallQueueManager (CallQueueManager.java:<init>(90)) - Using callQueue: class java.util.concurrent.LinkedBlockingQueue, queueCapacity: 2000, scheduler: class org.apache.hadoop.ipc.DefaultRpcScheduler, ipcBackoff: false.
2023-01-03 10:06:02,531 [Socket Reader #1 for port 0] INFO  ipc.Server (Server.java:run(1273)) - Starting Socket Reader #1 for port 0
2023-01-03 10:06:02,582 [Listener at 0.0.0.0/36315] INFO  audit.AuditLogger (AuditLogger.java:refreshDebugCmdSet(126)) - Refresh DebugCmdSet for SCMAudit to [].
2023-01-03 10:06:02,586 [Listener at 0.0.0.0/36315] INFO  ipc.CallQueueManager (CallQueueManager.java:<init>(90)) - Using callQueue: class java.util.concurrent.LinkedBlockingQueue, queueCapacity: 2000, scheduler: class org.apache.hadoop.ipc.DefaultRpcScheduler, ipcBackoff: false.
2023-01-03 10:06:02,588 [Socket Reader #1 for port 0] INFO  ipc.Server (Server.java:run(1273)) - Starting Socket Reader #1 for port 0
2023-01-03 10:06:02,618 [Listener at 0.0.0.0/34199] INFO  audit.AuditLogger (AuditLogger.java:refreshDebugCmdSet(126)) - Refresh DebugCmdSet for SCMAudit to [].
2023-01-03 10:06:02,629 [Listener at 0.0.0.0/34199] INFO  ipc.CallQueueManager (CallQueueManager.java:<init>(90)) - Using callQueue: class java.util.concurrent.LinkedBlockingQueue, queueCapacity: 2000, scheduler: class org.apache.hadoop.ipc.DefaultRpcScheduler, ipcBackoff: false.
2023-01-03 10:06:02,654 [Socket Reader #1 for port 0] INFO  ipc.Server (Server.java:run(1273)) - Starting Socket Reader #1 for port 0
2023-01-03 10:06:02,680 [Listener at 0.0.0.0/35301] INFO  ha.SCMServiceManager (SCMServiceManager.java:register(42)) - Registering service ContainerBalancer.
2023-01-03 10:06:02,684 [Listener at 0.0.0.0/35301] INFO  server.StorageContainerManager (StorageContainerManager.java:<init>(398)) - 
Container Balancer status:
Key                            Value
Running                        true
Container Balancer Configuration values:
Key                                                Value
Threshold                                          10
Max Datanodes to Involve per Iteration(percent)    20
Max Size to Move per Iteration                     500GB
Max Size Entering Target per Iteration             26GB
Max Size Leaving Source per Iteration              26GB

2023-01-03 10:06:02,684 [Listener at 0.0.0.0/35301] INFO  ha.SCMContext (SCMContext.java:updateSafeModeStatus(228)) - Update SafeModeStatus from SafeModeStatus{safeModeStatus=true, preCheckPassed=false} to SafeModeStatus{safeModeStatus=true, preCheckPassed=false}.
2023-01-03 10:06:02,687 [Listener at 0.0.0.0/35301] INFO  server.StorageContainerManager (StorageContainerManager.java:start(1423)) - StorageContainerLocationProtocol RPC server is listening at /0.0.0.0:35301
2023-01-03 10:06:02,814 [Listener at 0.0.0.0/35301] WARN  impl.MetricsConfig (MetricsConfig.java:loadFirst(136)) - Cannot locate configuration: tried hadoop-metrics2-storagecontainermanager.properties,hadoop-metrics2.properties
2023-01-03 10:06:02,825 [Listener at 0.0.0.0/35301] INFO  impl.MetricsSystemImpl (MetricsSystemImpl.java:startTimer(378)) - Scheduled Metric snapshot period at 10 second(s).
2023-01-03 10:06:02,825 [Listener at 0.0.0.0/35301] INFO  impl.MetricsSystemImpl (MetricsSystemImpl.java:start(191)) - StorageContainerManager metrics system started
2023-01-03 10:06:03,040 [Listener at 0.0.0.0/35301] INFO  server.SCMClientProtocolServer (SCMClientProtocolServer.java:start(170)) - RPC server for Client  is listening at /0.0.0.0:35301
2023-01-03 10:06:03,040 [IPC Server Responder] INFO  ipc.Server (Server.java:run(1512)) - IPC Server Responder: starting
2023-01-03 10:06:03,048 [IPC Server listener on 0] INFO  ipc.Server (Server.java:run(1352)) - IPC Server listener on 0: starting
2023-01-03 10:06:03,053 [Listener at 0.0.0.0/35301] INFO  server.StorageContainerManager (StorageContainerManager.java:start(1437)) - ScmBlockLocationProtocol RPC server is listening at /0.0.0.0:34199
2023-01-03 10:06:03,054 [Listener at 0.0.0.0/35301] INFO  server.SCMBlockProtocolServer (SCMBlockProtocolServer.java:start(152)) - RPC server for Block Protocol is listening at /0.0.0.0:34199
2023-01-03 10:06:03,054 [IPC Server Responder] INFO  ipc.Server (Server.java:run(1512)) - IPC Server Responder: starting
2023-01-03 10:06:03,054 [IPC Server listener on 0] INFO  ipc.Server (Server.java:run(1352)) - IPC Server listener on 0: starting
2023-01-03 10:06:03,056 [Listener at 0.0.0.0/35301] INFO  server.SCMDatanodeProtocolServer (SCMDatanodeProtocolServer.java:start(194)) - ScmDatanodeProtocol RPC server for DataNodes is listening at /0.0.0.0:36315
2023-01-03 10:06:03,057 [IPC Server Responder] INFO  ipc.Server (Server.java:run(1512)) - IPC Server Responder: starting
2023-01-03 10:06:03,057 [IPC Server listener on 0] INFO  ipc.Server (Server.java:run(1352)) - IPC Server listener on 0: starting
2023-01-03 10:06:03,070 [org.apache.hadoop.util.JvmPauseMonitor$Monitor@3ec98000] INFO  util.JvmPauseMonitor (JvmPauseMonitor.java:run(188)) - Starting JVM pause monitor
2023-01-03 10:06:03,085 [Listener at 0.0.0.0/35301] INFO  http.BaseHttpServer (BaseHttpServer.java:newHttpServer2BuilderForOzone(213)) - Starting Web-server for scm at: http://0.0.0.0:0
2023-01-03 10:06:03,086 [Listener at 0.0.0.0/35301] INFO  http.BaseHttpServer (BaseHttpServer.java:<init>(108)) - Hadoop Security Enabled: false Ozone Security Enabled: false Ozone HTTP Security Enabled: false 
2023-01-03 10:06:03,120 [Listener at 0.0.0.0/35301] INFO  util.log (Log.java:initialized(170)) - Logging initialized @3910ms to org.eclipse.jetty.util.log.Slf4jLog
2023-01-03 10:06:03,232 [Listener at 0.0.0.0/35301] WARN  server.AuthenticationFilter (AuthenticationFilter.java:constructSecretProvider(240)) - Unable to initialize FileSignerSecretProvider, falling back to use random secrets. Reason: Could not read signature secret file: /home/runner/hadoop-http-auth-signature-secret
2023-01-03 10:06:03,238 [Listener at 0.0.0.0/35301] WARN  http.HttpRequestLog (HttpRequestLog.java:getRequestLog(103)) - Jetty request log can only be enabled using Log4j
2023-01-03 10:06:03,245 [Listener at 0.0.0.0/35301] INFO  http.HttpServer2 (HttpServer2.java:addGlobalFilter(1031)) - Added global filter 'safety' (class=org.apache.hadoop.hdds.server.http.HttpServer2$QuotingInputFilter)
2023-01-03 10:06:03,248 [Listener at 0.0.0.0/35301] INFO  http.HttpServer2 (HttpServer2.java:addFilter(1007)) - Added filter static_user_filter (class=org.apache.hadoop.http.lib.StaticUserWebFilter$StaticUserFilter) to context scm
2023-01-03 10:06:03,248 [Listener at 0.0.0.0/35301] INFO  http.HttpServer2 (HttpServer2.java:addFilter(1015)) - Added filter static_user_filter (class=org.apache.hadoop.http.lib.StaticUserWebFilter$StaticUserFilter) to context static
2023-01-03 10:06:03,249 [Listener at 0.0.0.0/35301] INFO  http.HttpServer2 (HttpServer2.java:addFilter(1015)) - Added filter static_user_filter (class=org.apache.hadoop.http.lib.StaticUserWebFilter$StaticUserFilter) to context logs
2023-01-03 10:06:03,292 [Listener at 0.0.0.0/35301] INFO  http.HttpServer2 (HttpServer2.java:bindListener(1250)) - Jetty bound to port 39161
2023-01-03 10:06:03,293 [Listener at 0.0.0.0/35301] INFO  server.Server (Server.java:doStart(375)) - jetty-9.4.49.v20220914; built: 2022-09-14T01:07:36.601Z; git: 4231a3b2e4cb8548a412a789936d640a97b1aa0a; jvm 1.8.0_352-b08
2023-01-03 10:06:03,331 [Listener at 0.0.0.0/35301] INFO  server.session (DefaultSessionIdManager.java:doStart(334)) - DefaultSessionIdManager workerName=node0
2023-01-03 10:06:03,331 [Listener at 0.0.0.0/35301] INFO  server.session (DefaultSessionIdManager.java:doStart(339)) - No SessionScavenger set, using defaults
2023-01-03 10:06:03,332 [Listener at 0.0.0.0/35301] INFO  server.session (HouseKeeper.java:startScavenging(132)) - node0 Scavenging every 660000ms
2023-01-03 10:06:03,347 [Listener at 0.0.0.0/35301] INFO  handler.ContextHandler (ContextHandler.java:doStart(921)) - Started o.e.j.s.ServletContextHandler@80b70fd{logs,/logs,file:///home/runner/work/ozone/ozone/hadoop-ozone/integration-test/target/log,AVAILABLE}
2023-01-03 10:06:03,350 [Listener at 0.0.0.0/35301] INFO  handler.ContextHandler (ContextHandler.java:doStart(921)) - Started o.e.j.s.ServletContextHandler@128d397c{static,/static,file:///home/runner/work/ozone/ozone/hadoop-ozone/integration-test/target/test-classes/webapps/static,AVAILABLE}
2023-01-03 10:06:03,392 [Listener at 0.0.0.0/35301] INFO  handler.ContextHandler (ContextHandler.java:doStart(921)) - Started o.e.j.w.WebAppContext@207f7baa{scm,/,file:///home/runner/work/ozone/ozone/hadoop-ozone/integration-test/target/test-classes/webapps/scm/,AVAILABLE}{file:/home/runner/work/ozone/ozone/hadoop-ozone/integration-test/target/test-classes/webapps/scm}
2023-01-03 10:06:03,406 [Listener at 0.0.0.0/35301] INFO  server.AbstractConnector (AbstractConnector.java:doStart(333)) - Started ServerConnector@70ca8e72{HTTP/1.1, (http/1.1)}{0.0.0.0:39161}
2023-01-03 10:06:03,406 [Listener at 0.0.0.0/35301] INFO  server.Server (Server.java:doStart(415)) - Started @4196ms
2023-01-03 10:06:03,412 [Listener at 0.0.0.0/35301] INFO  impl.MetricsSinkAdapter (MetricsSinkAdapter.java:start(204)) - Sink prometheus started
2023-01-03 10:06:03,412 [Listener at 0.0.0.0/35301] INFO  impl.MetricsSystemImpl (MetricsSystemImpl.java:registerSink(305)) - Registered sink prometheus
2023-01-03 10:06:03,414 [Listener at 0.0.0.0/35301] INFO  http.BaseHttpServer (BaseHttpServer.java:updateConnectorAddress(333)) - HTTP server of scm listening at http://0.0.0.0:39161
2023-01-03 10:06:03,415 [Listener at 0.0.0.0/35301] WARN  server.ServerUtils (ServerUtils.java:getDBPath(225)) - ozone.om.db.dirs is not configured. We recommend adding this setting. Falling back to ozone.metadata.dirs instead.
2023-01-03 10:06:03,482 [Listener at 0.0.0.0/35301] INFO  audit.AuditLogger (AuditLogger.java:refreshDebugCmdSet(126)) - Refresh DebugCmdSet for OMAudit to [].
2023-01-03 10:06:03,551 [Listener at 0.0.0.0/35301] INFO  ha.OMHANodeDetails (OMHANodeDetails.java:loadOMHAConfig(115)) - ozone.om.internal.service.id is not defined, falling back to ozone.om.service.ids to find serviceID for OzoneManager if it is HA enabled cluster
2023-01-03 10:06:03,554 [Listener at 0.0.0.0/35301] INFO  ha.OMHANodeDetails (OMHANodeDetails.java:loadOMHAConfig(226)) - Configuration does not have ozone.om.address set. Falling back to the default OM address /127.0.0.1:0
2023-01-03 10:06:03,554 [Listener at 0.0.0.0/35301] INFO  ha.OMHANodeDetails (OMHANodeDetails.java:getOMNodeDetailsForNonHA(254)) - OM Service ID is not set. Setting it to the default ID: omServiceIdDefault
2023-01-03 10:06:03,554 [Listener at 0.0.0.0/35301] INFO  ha.OMHANodeDetails (OMHANodeDetails.java:getOMNodeDetailsForNonHA(261)) - OM Node ID is not set. Setting it to the default ID: om1
2023-01-03 10:06:03,557 [Listener at 0.0.0.0/35301] WARN  server.ServerUtils (ServerUtils.java:getDBPath(225)) - ozone.om.db.dirs is not configured. We recommend adding this setting. Falling back to ozone.metadata.dirs instead.
2023-01-03 10:06:03,559 [Listener at 0.0.0.0/35301] INFO  upgrade.AbstractLayoutVersionManager (AbstractLayoutVersionManager.java:init(83)) - Initializing Layout version manager with metadata layout = MULTITENANCY_SCHEMA (version = 3), software layout = MULTITENANCY_SCHEMA (version = 3)
2023-01-03 10:06:03,642 [Listener at 0.0.0.0/35301] INFO  reflections.Reflections (Reflections.java:scan(232)) - Reflections took 78 ms to scan 2 urls, producing 154 keys and 428 values [using 2 cores]
2023-01-03 10:06:03,645 [Listener at 0.0.0.0/35301] INFO  upgrade.OMLayoutVersionManager (OMLayoutVersionManager.java:lambda$0(115)) - Skipping Upgrade Action MockOmUpgradeAction since it has been finalized.
2023-01-03 10:06:03,646 [Listener at 0.0.0.0/35301] WARN  server.ServerUtils (ServerUtils.java:getDBPath(225)) - ozone.om.db.dirs is not configured. We recommend adding this setting. Falling back to ozone.metadata.dirs instead.
2023-01-03 10:06:03,798 [Listener at 0.0.0.0/35301] INFO  proxy.SCMBlockLocationFailoverProxyProvider (SCMBlockLocationFailoverProxyProvider.java:<init>(114)) - Created block location fail-over proxy with 1 nodes: [nodeId=scmNodeId,nodeAddress=/0.0.0.0:34199]
2023-01-03 10:06:03,829 [Listener at 0.0.0.0/35301] INFO  proxy.SCMBlockLocationFailoverProxyProvider (SCMBlockLocationFailoverProxyProvider.java:<init>(114)) - Created block location fail-over proxy with 1 nodes: [nodeId=scmNodeId,nodeAddress=/0.0.0.0:34199]
2023-01-03 10:06:04,040 [Listener at 0.0.0.0/35301] WARN  server.ServerUtils (ServerUtils.java:getDBPath(225)) - ozone.om.db.dirs is not configured. We recommend adding this setting. Falling back to ozone.metadata.dirs instead.
2023-01-03 10:06:04,046 [Listener at 0.0.0.0/35301] INFO  codec.OmKeyInfoCodec (OmKeyInfoCodec.java:<init>(49)) - OmKeyInfoCodec ignorePipeline = true
2023-01-03 10:06:04,047 [Listener at 0.0.0.0/35301] INFO  codec.RepeatedOmKeyInfoCodec (RepeatedOmKeyInfoCodec.java:<init>(41)) - RepeatedOmKeyInfoCodec ignorePipeline = true
2023-01-03 10:06:04,200 [Listener at 0.0.0.0/35301] INFO  om.OzoneManager (OzoneManager.java:instantiateServices(717)) - S3 Multi-Tenancy is disabled
2023-01-03 10:06:04,283 [Listener at 0.0.0.0/35301] INFO  om.OzoneManager (OzoneManager.java:addS3GVolumeToDB(4402)) - Created Volume s3v With Owner runner required for S3Gateway operations.
2023-01-03 10:06:04,336 [Listener at 0.0.0.0/35301] WARN  server.ServerUtils (ServerUtils.java:getDefaultRatisDirectory(237)) - Storage directory for Ratis is not configured. It is a good idea to map this to an SSD disk. Falling back to ozone.metadata.dirs
2023-01-03 10:06:04,337 [Listener at 0.0.0.0/35301] WARN  utils.OzoneManagerRatisUtils (OzoneManagerRatisUtils.java:getOMRatisSnapshotDirectory(434)) - ozone.om.ratis.snapshot.dir is not configured. Falling back to ozone.metadata.dirs config
2023-01-03 10:06:04,357 [Listener at 0.0.0.0/35301] WARN  server.ServerUtils (ServerUtils.java:getDefaultRatisDirectory(237)) - Storage directory for Ratis is not configured. It is a good idea to map this to an SSD disk. Falling back to ozone.metadata.dirs
2023-01-03 10:06:04,386 [Listener at 0.0.0.0/35301] INFO  ratis.OzoneManagerRatisServer (OzoneManagerRatisServer.java:<init>(160)) - Instantiating OM Ratis server with groupID: omServiceIdDefault and peers: localhost:9872
2023-01-03 10:06:04,394 [Listener at 0.0.0.0/35301] INFO  ratis.OzoneManagerStateMachine (OzoneManagerStateMachine.java:loadSnapshotInfoFromDB(636)) - LastAppliedIndex is set from TransactionInfo from OM DB as (t:0, i:~)
2023-01-03 10:06:04,442 [Listener at 0.0.0.0/35301] INFO  server.RaftServer (ConfUtils.java:logGet(46)) - raft.rpc.type = GRPC (default)
2023-01-03 10:06:04,519 [Listener at 0.0.0.0/35301] INFO  grpc.GrpcConfigKeys (ConfUtils.java:logFallback(53)) - raft.grpc.admin.host = null (fallback to raft.grpc.server.host)
2023-01-03 10:06:04,521 [Listener at 0.0.0.0/35301] INFO  grpc.GrpcConfigKeys (ConfUtils.java:logFallback(53)) - raft.grpc.admin.port = 9872 (fallback to raft.grpc.server.port)
2023-01-03 10:06:04,521 [Listener at 0.0.0.0/35301] INFO  grpc.GrpcConfigKeys (ConfUtils.java:logFallback(53)) - raft.grpc.client.host = null (fallback to raft.grpc.server.host)
2023-01-03 10:06:04,521 [Listener at 0.0.0.0/35301] INFO  grpc.GrpcConfigKeys (ConfUtils.java:logFallback(53)) - raft.grpc.client.port = 9872 (fallback to raft.grpc.server.port)
2023-01-03 10:06:04,522 [Listener at 0.0.0.0/35301] INFO  grpc.GrpcConfigKeys (ConfUtils.java:logGet(46)) - raft.grpc.server.host = null (default)
2023-01-03 10:06:04,522 [Listener at 0.0.0.0/35301] INFO  grpc.GrpcConfigKeys (ConfUtils.java:logGet(46)) - raft.grpc.server.port = 9872 (custom)
2023-01-03 10:06:04,522 [Listener at 0.0.0.0/35301] INFO  server.GrpcService (ConfUtils.java:logGet(46)) - raft.grpc.message.size.max = 33554432 (custom)
2023-01-03 10:06:04,523 [Listener at 0.0.0.0/35301] INFO  server.RaftServerConfigKeys (ConfUtils.java:logGet(46)) - raft.server.log.appender.buffer.byte-limit = 33554432 (custom)
2023-01-03 10:06:04,524 [Listener at 0.0.0.0/35301] INFO  server.GrpcService (ConfUtils.java:logGet(46)) - raft.grpc.flow.control.window = 1MB (=1048576) (default)
2023-01-03 10:06:04,524 [Listener at 0.0.0.0/35301] INFO  server.RaftServerConfigKeys (ConfUtils.java:logGet(46)) - raft.server.rpc.request.timeout = 3000ms (default)
2023-01-03 10:06:04,538 [Listener at 0.0.0.0/35301] INFO  grpc.GrpcConfigKeys (ConfUtils.java:logGet(46)) - raft.grpc.server.heartbeat.channel = true (default)
2023-01-03 10:06:04,540 [Listener at 0.0.0.0/35301] INFO  grpc.GrpcConfigKeys (ConfUtils.java:logGet(46)) - raft.grpc.server.async.request.thread.pool.cached = true (default)
2023-01-03 10:06:04,541 [Listener at 0.0.0.0/35301] INFO  grpc.GrpcConfigKeys (ConfUtils.java:logGet(46)) - raft.grpc.server.async.request.thread.pool.size = 32 (default)
2023-01-03 10:06:04,831 [Listener at 0.0.0.0/35301] INFO  impl.DataStreamServerImpl (ConfUtils.java:logGet(46)) - raft.datastream.type = NETTY (custom)
2023-01-03 10:06:04,851 [Listener at 0.0.0.0/35301] INFO  server.RaftServerConfigKeys (ConfUtils.java:logGet(46)) - raft.server.data-stream.async.request.thread.pool.cached = false (default)
2023-01-03 10:06:04,851 [Listener at 0.0.0.0/35301] INFO  server.RaftServerConfigKeys (ConfUtils.java:logGet(46)) - raft.server.data-stream.async.request.thread.pool.size = 32 (default)
2023-01-03 10:06:04,852 [Listener at 0.0.0.0/35301] INFO  server.RaftServerConfigKeys (ConfUtils.java:logGet(46)) - raft.server.data-stream.async.write.thread.pool.size = 16 (default)
2023-01-03 10:06:04,852 [Listener at 0.0.0.0/35301] INFO  server.RaftServerConfigKeys (ConfUtils.java:logGet(46)) - raft.server.data-stream.client.pool.size = 10 (default)
2023-01-03 10:06:04,856 [Listener at 0.0.0.0/35301] INFO  netty.NettyConfigKeys$DataStream (ConfUtils.java:logGet(46)) - raft.netty.dataStream.server.use-epoll = false (default)
2023-01-03 10:06:04,856 [Listener at 0.0.0.0/35301] INFO  netty.NettyConfigKeys$DataStream (ConfUtils.java:logGet(46)) - raft.netty.dataStream.server.boss-group.size = 0 (default)
2023-01-03 10:06:04,863 [Listener at 0.0.0.0/35301] INFO  netty.NettyConfigKeys$DataStream (ConfUtils.java:logGet(46)) - raft.netty.dataStream.server.worker-group.size = 0 (default)
2023-01-03 10:06:04,864 [Listener at 0.0.0.0/35301] INFO  netty.NettyConfigKeys$DataStream (ConfUtils.java:logGet(46)) - raft.netty.dataStream.server.tls.conf = null (default)
2023-01-03 10:06:04,866 [Listener at 0.0.0.0/35301] INFO  netty.NettyConfigKeys$DataStream (ConfUtils.java:logGet(46)) - raft.netty.dataStream.host = null (default)
2023-01-03 10:06:04,866 [Listener at 0.0.0.0/35301] INFO  netty.NettyConfigKeys$DataStream (ConfUtils.java:logGet(46)) - raft.netty.dataStream.port = 0 (default)
2023-01-03 10:06:04,911 [Listener at 0.0.0.0/35301] INFO  server.RaftServerConfigKeys (ConfUtils.java:logGet(46)) - raft.server.threadpool.proxy.cached = true (default)
2023-01-03 10:06:04,911 [Listener at 0.0.0.0/35301] INFO  server.RaftServerConfigKeys (ConfUtils.java:logGet(46)) - raft.server.threadpool.proxy.size = 0 (default)
2023-01-03 10:06:04,911 [Listener at 0.0.0.0/35301] INFO  server.RaftServerConfigKeys (ConfUtils.java:logGet(46)) - raft.server.rpc.slowness.timeout = 120s (custom)
2023-01-03 10:06:04,912 [Listener at 0.0.0.0/35301] INFO  server.RaftServerConfigKeys (ConfUtils.java:logGet(46)) - raft.server.leaderelection.leader.step-down.wait-time = 10s (default)
2023-01-03 10:06:04,914 [Listener at 0.0.0.0/35301] INFO  server.RaftServerConfigKeys (ConfUtils.java:logGet(46)) - raft.server.storage.dir = [/home/runner/work/ozone/ozone/hadoop-ozone/integration-test/target/test-dir/MiniOzoneClusterImpl-70d28db6-796b-4d31-8f04-926db9b5570a/ozone-meta/ratis] (custom)
2023-01-03 10:06:04,937 [om1-NettyServerStreamRpc-bossGroup--thread1] INFO  logging.LoggingHandler (AbstractInternalLogger.java:log(148)) - [id: 0x182bb9f4] REGISTERED
2023-01-03 10:06:04,938 [Listener at 0.0.0.0/35301] INFO  server.RaftServer (RaftServerProxy.java:addNew(96)) - om1: addNew group-C5BA1605619E:[om1|rpc:localhost:9872|priority:0|startupRole:FOLLOWER] returns group-C5BA1605619E:java.util.concurrent.CompletableFuture@1c078351[Not completed]
2023-01-03 10:06:04,938 [Listener at 0.0.0.0/35301] INFO  om.OzoneManager (OzoneManager.java:initializeRatisServer(1979)) - OzoneManager Ratis server initialized at port 9872
2023-01-03 10:06:04,950 [om1-NettyServerStreamRpc-bossGroup--thread1] INFO  logging.LoggingHandler (AbstractInternalLogger.java:log(148)) - [id: 0x182bb9f4] BIND: 0.0.0.0/0.0.0.0:0
2023-01-03 10:06:04,953 [Listener at 0.0.0.0/35301] INFO  om.OzoneManager (OzoneManager.java:getRpcServer(1106)) - Creating RPC Server
2023-01-03 10:06:04,957 [om1-NettyServerStreamRpc-bossGroup--thread1] INFO  logging.LoggingHandler (AbstractInternalLogger.java:log(148)) - [id: 0x182bb9f4, L:/0:0:0:0:0:0:0:0:38903] ACTIVE
2023-01-03 10:06:04,966 [pool-54-thread-1] INFO  server.RaftServer$Division (RaftServerImpl.java:<init>(195)) - om1: new RaftServerImpl for group-C5BA1605619E:[om1|rpc:localhost:9872|priority:0|startupRole:FOLLOWER] with OzoneManagerStateMachine:uninitialized
2023-01-03 10:06:04,978 [pool-54-thread-1] INFO  server.RaftServerConfigKeys (ConfUtils.java:logGet(46)) - raft.server.rpc.timeout.min = 1s (custom)
2023-01-03 10:06:04,980 [pool-54-thread-1] INFO  server.RaftServerConfigKeys (ConfUtils.java:logGet(46)) - raft.server.rpc.timeout.max = 1200ms (custom)
2023-01-03 10:06:04,980 [pool-54-thread-1] INFO  server.RaftServerConfigKeys (ConfUtils.java:logGet(46)) - raft.server.rpc.sleep.time = 25ms (default)
2023-01-03 10:06:04,980 [pool-54-thread-1] INFO  server.RaftServerConfigKeys (ConfUtils.java:logGet(46)) - raft.server.rpc.slowness.timeout = 120s (custom)
2023-01-03 10:06:04,980 [pool-54-thread-1] INFO  server.RaftServerConfigKeys (ConfUtils.java:logGet(46)) - raft.server.leaderelection.leader.step-down.wait-time = 10s (default)
2023-01-03 10:06:04,980 [pool-54-thread-1] INFO  server.RaftServerConfigKeys (ConfUtils.java:logGet(46)) - raft.server.sleep.deviation.threshold = 300ms (default)
2023-01-03 10:06:04,992 [pool-54-thread-1] INFO  server.RaftServer$Division (ServerState.java:<init>(118)) - om1@group-C5BA1605619E: ConfigurationManager, init=-1: peers:[om1|rpc:localhost:9872|priority:0|startupRole:FOLLOWER]|listeners:[], old=null, confs=<EMPTY_MAP>
2023-01-03 10:06:04,994 [pool-54-thread-1] INFO  server.RaftServerConfigKeys (ConfUtils.java:logGet(46)) - raft.server.storage.dir = [/home/runner/work/ozone/ozone/hadoop-ozone/integration-test/target/test-dir/MiniOzoneClusterImpl-70d28db6-796b-4d31-8f04-926db9b5570a/ozone-meta/ratis] (custom)
2023-01-03 10:06:05,003 [pool-54-thread-1] INFO  server.RaftServerConfigKeys (ConfUtils.java:logGet(46)) - raft.server.log.corruption.policy = EXCEPTION (default)
2023-01-03 10:06:05,004 [pool-54-thread-1] INFO  server.RaftServerConfigKeys (ConfUtils.java:logGet(46)) - raft.server.storage.free-space.min = 0MB (=0) (default)
2023-01-03 10:06:05,018 [pool-54-thread-1] INFO  server.RaftServerConfigKeys (ConfUtils.java:logGet(46)) - raft.server.notification.no-leader.timeout = 120s (custom)
2023-01-03 10:06:05,024 [pool-54-thread-1] INFO  server.RaftServerConfigKeys (ConfUtils.java:logGet(46)) - raft.server.retrycache.expirytime = 300s (custom)
2023-01-03 10:06:05,024 [pool-54-thread-1] INFO  server.RaftServerConfigKeys (ConfUtils.java:logGet(46)) - raft.server.retrycache.statistics.expirytime = 100μs (default)
2023-01-03 10:06:05,150 [pool-54-thread-1] INFO  server.RaftServerConfigKeys (ConfUtils.java:logGet(46)) - raft.server.log.appender.install.snapshot.enabled = false (custom)
2023-01-03 10:06:05,150 [pool-54-thread-1] INFO  server.RaftServerConfigKeys (ConfUtils.java:logGet(46)) - raft.server.threadpool.server.cached = true (default)
2023-01-03 10:06:05,152 [pool-54-thread-1] INFO  server.RaftServerConfigKeys (ConfUtils.java:logGet(46)) - raft.server.threadpool.server.size = 0 (default)
2023-01-03 10:06:05,152 [pool-54-thread-1] INFO  server.RaftServerConfigKeys (ConfUtils.java:logGet(46)) - raft.server.threadpool.client.cached = true (default)
2023-01-03 10:06:05,152 [pool-54-thread-1] INFO  server.RaftServerConfigKeys (ConfUtils.java:logGet(46)) - raft.server.threadpool.client.size = 0 (default)
2023-01-03 10:06:05,624 [Listener at 0.0.0.0/35301] INFO  reflections.Reflections (Reflections.java:scan(232)) - Reflections took 591 ms to scan 19 urls, producing 67 keys and 4516 values [using 2 cores]
2023-01-03 10:06:05,913 [Listener at 0.0.0.0/35301] INFO  ipc.CallQueueManager (CallQueueManager.java:<init>(90)) - Using callQueue: class java.util.concurrent.LinkedBlockingQueue, queueCapacity: 2000, scheduler: class org.apache.hadoop.ipc.DefaultRpcScheduler, ipcBackoff: false.
2023-01-03 10:06:05,914 [Socket Reader #1 for port 0] INFO  ipc.Server (Server.java:run(1273)) - Starting Socket Reader #1 for port 0
2023-01-03 10:06:05,938 [Listener at 127.0.0.1/41175] INFO  impl.MetricsSystemImpl (MetricsSystemImpl.java:init(158)) - OzoneManager metrics system started (again)
2023-01-03 10:06:05,950 [Listener at 127.0.0.1/41175] INFO  om.OzoneManager (OzoneManager.java:start(1486)) - OzoneManager RPC server is listening at localhost/127.0.0.1:41175
2023-01-03 10:06:05,950 [Listener at 127.0.0.1/41175] INFO  ratis.OzoneManagerRatisServer (OzoneManagerRatisServer.java:start(555)) - Starting OzoneManagerRatisServer om1 at port 9872
2023-01-03 10:06:05,953 [om1-impl-thread1] INFO  storage.RaftStorageDirectory (RaftStorageDirectoryImpl.java:analyzeStorage(137)) - The storage directory /home/runner/work/ozone/ozone/hadoop-ozone/integration-test/target/test-dir/MiniOzoneClusterImpl-70d28db6-796b-4d31-8f04-926db9b5570a/ozone-meta/ratis/bf265839-605b-3f16-9796-c5ba1605619e does not exist. Creating ...
2023-01-03 10:06:05,956 [om1-impl-thread1] INFO  storage.RaftStorageDirectory (RaftStorageDirectoryImpl.java:tryLock(231)) - Lock on /home/runner/work/ozone/ozone/hadoop-ozone/integration-test/target/test-dir/MiniOzoneClusterImpl-70d28db6-796b-4d31-8f04-926db9b5570a/ozone-meta/ratis/bf265839-605b-3f16-9796-c5ba1605619e/in_use.lock acquired by nodename 9440@fv-az292-374
2023-01-03 10:06:05,961 [om1-impl-thread1] INFO  storage.RaftStorage (RaftStorageImpl.java:format(96)) - Storage directory /home/runner/work/ozone/ozone/hadoop-ozone/integration-test/target/test-dir/MiniOzoneClusterImpl-70d28db6-796b-4d31-8f04-926db9b5570a/ozone-meta/ratis/bf265839-605b-3f16-9796-c5ba1605619e has been successfully formatted.
2023-01-03 10:06:05,963 [om1-impl-thread1] INFO  server.RaftServerConfigKeys (ConfUtils.java:logGet(46)) - raft.server.log.use.memory = false (default)
2023-01-03 10:06:05,970 [om1-impl-thread1] INFO  server.RaftServerConfigKeys (ConfUtils.java:logGet(46)) - raft.server.log.purge.gap = 1000000 (custom)
2023-01-03 10:06:05,970 [om1-impl-thread1] INFO  server.RaftServerConfigKeys (ConfUtils.java:logGet(46)) - raft.server.log.appender.buffer.byte-limit = 33554432 (custom)
2023-01-03 10:06:05,972 [om1-impl-thread1] INFO  server.RaftServerConfigKeys (ConfUtils.java:logGet(46)) - raft.server.log.statemachine.data.read.timeout = 1000ms (default)
2023-01-03 10:06:05,972 [om1-impl-thread1] INFO  server.RaftServerConfigKeys (ConfUtils.java:logGet(46)) - raft.server.log.purge.preservation.log.num = 0 (default)
2023-01-03 10:06:05,975 [om1-impl-thread1] INFO  server.RaftServerConfigKeys (ConfUtils.java:logGet(46)) - raft.server.log.segment.size.max = 4194304 (custom)
2023-01-03 10:06:05,980 [om1-impl-thread1] INFO  server.RaftServerConfigKeys (ConfUtils.java:logGet(46)) - raft.server.log.segment.cache.num.max = 2 (custom)
2023-01-03 10:06:05,980 [om1-impl-thread1] INFO  server.RaftServerConfigKeys (ConfUtils.java:logGet(46)) - raft.server.log.segment.cache.size.max = 200MB (=209715200) (default)
2023-01-03 10:06:05,986 [om1-impl-thread1] INFO  segmented.SegmentedRaftLogWorker (SegmentedRaftLogWorker.java:<init>(189)) - new om1@group-C5BA1605619E-SegmentedRaftLogWorker for RaftStorageImpl:Storage Directory /home/runner/work/ozone/ozone/hadoop-ozone/integration-test/target/test-dir/MiniOzoneClusterImpl-70d28db6-796b-4d31-8f04-926db9b5570a/ozone-meta/ratis/bf265839-605b-3f16-9796-c5ba1605619e
2023-01-03 10:06:05,986 [om1-impl-thread1] INFO  server.RaftServerConfigKeys (ConfUtils.java:logGet(46)) - raft.server.log.queue.byte-limit = 64MB (=67108864) (default)
2023-01-03 10:06:05,987 [om1-impl-thread1] INFO  server.RaftServerConfigKeys (ConfUtils.java:logGet(46)) - raft.server.log.queue.element-limit = 4096 (default)
2023-01-03 10:06:05,988 [om1-impl-thread1] INFO  server.RaftServerConfigKeys (ConfUtils.java:logGet(46)) - raft.server.log.segment.size.max = 4194304 (custom)
2023-01-03 10:06:05,989 [om1-impl-thread1] INFO  server.RaftServerConfigKeys (ConfUtils.java:logGet(46)) - raft.server.log.preallocated.size = 4194304 (custom)
2023-01-03 10:06:05,989 [om1-impl-thread1] INFO  server.RaftServerConfigKeys (ConfUtils.java:logGet(46)) - raft.server.log.force.sync.num = 128 (default)
2023-01-03 10:06:05,990 [om1-impl-thread1] INFO  server.RaftServerConfigKeys (ConfUtils.java:logGet(46)) - raft.server.log.statemachine.data.sync = true (default)
2023-01-03 10:06:05,990 [om1-impl-thread1] INFO  server.RaftServerConfigKeys (ConfUtils.java:logGet(46)) - raft.server.log.statemachine.data.sync.timeout = 10s (default)
2023-01-03 10:06:05,990 [om1-impl-thread1] INFO  server.RaftServerConfigKeys (ConfUtils.java:logGet(46)) - raft.server.log.statemachine.data.sync.timeout.retry = -1 (default)
2023-01-03 10:06:05,998 [om1-impl-thread1] INFO  server.RaftServerConfigKeys (ConfUtils.java:logGet(46)) - raft.server.log.write.buffer.size = 64KB (=65536) (default)
2023-01-03 10:06:05,998 [om1-impl-thread1] INFO  server.RaftServerConfigKeys (ConfUtils.java:logGet(46)) - raft.server.log.appender.buffer.byte-limit = 33554432 (custom)
2023-01-03 10:06:06,001 [om1-impl-thread1] INFO  server.RaftServerConfigKeys (ConfUtils.java:logGet(46)) - raft.server.log.unsafe-flush.enabled = false (default)
2023-01-03 10:06:06,001 [om1-impl-thread1] INFO  server.RaftServerConfigKeys (ConfUtils.java:logGet(46)) - raft.server.log.async-flush.enabled = false (default)
2023-01-03 10:06:06,002 [om1-impl-thread1] INFO  server.RaftServerConfigKeys (ConfUtils.java:logGet(46)) - raft.server.log.statemachine.data.caching.enabled = false (default)
2023-01-03 10:06:06,008 [om1-impl-thread1] INFO  segmented.SegmentedRaftLogWorker (SegmentedRaftLogWorker.java:lambda$new$0(135)) - om1@group-C5BA1605619E-SegmentedRaftLogWorker: flushIndex: setUnconditionally 0 -> -1
2023-01-03 10:06:06,008 [om1-impl-thread1] INFO  segmented.SegmentedRaftLogWorker (SegmentedRaftLogWorker.java:lambda$new$0(135)) - om1@group-C5BA1605619E-SegmentedRaftLogWorker: safeCacheEvictIndex: setUnconditionally 0 -> -1
2023-01-03 10:06:06,009 [om1-impl-thread1] INFO  server.RaftServer$Division (RaftServerImpl.java:start(334)) - om1@group-C5BA1605619E: start as a follower, conf=-1: peers:[om1|rpc:localhost:9872|priority:0|startupRole:FOLLOWER]|listeners:[], old=null
2023-01-03 10:06:06,013 [om1-impl-thread1] INFO  server.RaftServer$Division (RaftServerImpl.java:setRole(321)) - om1@group-C5BA1605619E: changes role from      null to FOLLOWER at term 0 for startAsFollower
2023-01-03 10:06:06,015 [om1-impl-thread1] INFO  impl.RoleInfo (RoleInfo.java:updateAndGet(139)) - om1: start om1@group-C5BA1605619E-FollowerState
2023-01-03 10:06:06,016 [om1-impl-thread1] INFO  util.JmxRegister (JmxRegister.java:tryRegister(44)) - Successfully registered JMX Bean with object name Ratis:service=RaftServer,group=group-C5BA1605619E,id=om1
2023-01-03 10:06:06,017 [om1-impl-thread1] INFO  server.RaftServerConfigKeys (ConfUtils.java:logGet(46)) - raft.server.snapshot.auto.trigger.enabled = true (custom)
2023-01-03 10:06:06,018 [om1-impl-thread1] INFO  server.RaftServerConfigKeys (ConfUtils.java:logGet(46)) - raft.server.snapshot.auto.trigger.threshold = 400000 (default)
2023-01-03 10:06:06,018 [om1-impl-thread1] INFO  server.RaftServerConfigKeys (ConfUtils.java:logGet(46)) - raft.server.snapshot.retention.file.num = -1 (default)
2023-01-03 10:06:06,018 [om1-impl-thread1] INFO  server.RaftServerConfigKeys (ConfUtils.java:logGet(46)) - raft.server.log.purge.upto.snapshot.index = true (custom)
2023-01-03 10:06:06,022 [om1@group-C5BA1605619E-FollowerState] INFO  server.RaftServerConfigKeys (ConfUtils.java:logFallback(53)) - raft.server.rpc.first-election.timeout.min = 1s (fallback to raft.server.rpc.timeout.min)
2023-01-03 10:06:06,024 [om1@group-C5BA1605619E-FollowerState] INFO  server.RaftServerConfigKeys (ConfUtils.java:logFallback(53)) - raft.server.rpc.first-election.timeout.max = 1200ms (fallback to raft.server.rpc.timeout.max)
2023-01-03 10:06:06,025 [Listener at 127.0.0.1/41175] INFO  server.RaftServer (RaftServerProxy.java:startImpl(393)) - om1: start RPC server
2023-01-03 10:06:06,040 [Listener at 127.0.0.1/41175] INFO  server.GrpcService (GrpcService.java:startImpl(262)) - om1: GrpcService started, listening on 9872
2023-01-03 10:06:06,046 [Listener at 127.0.0.1/41175] INFO  om.OzoneManager (OzoneManager.java:start(1502)) - Version File has different layout version (3) than OM DB (null). That is expected if this OM has never been finalized to a newer layout version.
2023-01-03 10:06:06,047 [JvmPauseMonitor0] INFO  util.JvmPauseMonitor (JvmPauseMonitor.java:run(105)) - JvmPauseMonitor-om1: Started
2023-01-03 10:06:06,062 [Listener at 127.0.0.1/41175] INFO  http.BaseHttpServer (BaseHttpServer.java:newHttpServer2BuilderForOzone(213)) - Starting Web-server for ozoneManager at: http://0.0.0.0:0
2023-01-03 10:06:06,062 [Listener at 127.0.0.1/41175] INFO  http.BaseHttpServer (BaseHttpServer.java:<init>(108)) - Hadoop Security Enabled: false Ozone Security Enabled: false Ozone HTTP Security Enabled: false 
2023-01-03 10:06:06,064 [Listener at 127.0.0.1/41175] WARN  server.AuthenticationFilter (AuthenticationFilter.java:constructSecretProvider(240)) - Unable to initialize FileSignerSecretProvider, falling back to use random secrets. Reason: Could not read signature secret file: /home/runner/hadoop-http-auth-signature-secret
2023-01-03 10:06:06,065 [Listener at 127.0.0.1/41175] WARN  http.HttpRequestLog (HttpRequestLog.java:getRequestLog(103)) - Jetty request log can only be enabled using Log4j
2023-01-03 10:06:06,067 [Listener at 127.0.0.1/41175] INFO  http.HttpServer2 (HttpServer2.java:addGlobalFilter(1031)) - Added global filter 'safety' (class=org.apache.hadoop.hdds.server.http.HttpServer2$QuotingInputFilter)
2023-01-03 10:06:06,068 [Listener at 127.0.0.1/41175] INFO  http.HttpServer2 (HttpServer2.java:addFilter(1007)) - Added filter static_user_filter (class=org.apache.hadoop.http.lib.StaticUserWebFilter$StaticUserFilter) to context ozoneManager
2023-01-03 10:06:06,068 [Listener at 127.0.0.1/41175] INFO  http.HttpServer2 (HttpServer2.java:addFilter(1015)) - Added filter static_user_filter (class=org.apache.hadoop.http.lib.StaticUserWebFilter$StaticUserFilter) to context logs
2023-01-03 10:06:06,068 [Listener at 127.0.0.1/41175] INFO  http.HttpServer2 (HttpServer2.java:addFilter(1015)) - Added filter static_user_filter (class=org.apache.hadoop.http.lib.StaticUserWebFilter$StaticUserFilter) to context static
2023-01-03 10:06:06,070 [Listener at 127.0.0.1/41175] INFO  http.HttpServer2 (HttpServer2.java:bindListener(1250)) - Jetty bound to port 38409
2023-01-03 10:06:06,070 [Listener at 127.0.0.1/41175] INFO  server.Server (Server.java:doStart(375)) - jetty-9.4.49.v20220914; built: 2022-09-14T01:07:36.601Z; git: 4231a3b2e4cb8548a412a789936d640a97b1aa0a; jvm 1.8.0_352-b08
2023-01-03 10:06:06,074 [Listener at 127.0.0.1/41175] INFO  server.session (DefaultSessionIdManager.java:doStart(334)) - DefaultSessionIdManager workerName=node0
2023-01-03 10:06:06,074 [Listener at 127.0.0.1/41175] INFO  server.session (DefaultSessionIdManager.java:doStart(339)) - No SessionScavenger set, using defaults
2023-01-03 10:06:06,074 [Listener at 127.0.0.1/41175] INFO  server.session (HouseKeeper.java:startScavenging(132)) - node0 Scavenging every 660000ms
2023-01-03 10:06:06,075 [Listener at 127.0.0.1/41175] INFO  handler.ContextHandler (ContextHandler.java:doStart(921)) - Started o.e.j.s.ServletContextHandler@78ee1819{logs,/logs,file:///home/runner/work/ozone/ozone/hadoop-ozone/integration-test/target/log,AVAILABLE}
2023-01-03 10:06:06,075 [Listener at 127.0.0.1/41175] INFO  handler.ContextHandler (ContextHandler.java:doStart(921)) - Started o.e.j.s.ServletContextHandler@39640f7b{static,/static,file:///home/runner/work/ozone/ozone/hadoop-ozone/integration-test/target/test-classes/webapps/static,AVAILABLE}
2023-01-03 10:06:06,078 [Listener at 127.0.0.1/41175] INFO  handler.ContextHandler (ContextHandler.java:doStart(921)) - Started o.e.j.w.WebAppContext@221577de{ozoneManager,/,file:///home/runner/work/ozone/ozone/hadoop-ozone/integration-test/target/test-classes/webapps/ozoneManager/,AVAILABLE}{file:/home/runner/work/ozone/ozone/hadoop-ozone/integration-test/target/test-classes/webapps/ozoneManager}
2023-01-03 10:06:06,079 [Listener at 127.0.0.1/41175] INFO  server.AbstractConnector (AbstractConnector.java:doStart(333)) - Started ServerConnector@4bd2a8b0{HTTP/1.1, (http/1.1)}{0.0.0.0:38409}
2023-01-03 10:06:06,080 [Listener at 127.0.0.1/41175] INFO  server.Server (Server.java:doStart(415)) - Started @6870ms
2023-01-03 10:06:06,080 [Listener at 127.0.0.1/41175] WARN  impl.MetricsSystemImpl (MetricsSystemImpl.java:register(279)) - Sink prometheus already exists!
2023-01-03 10:06:06,080 [Listener at 127.0.0.1/41175] INFO  http.BaseHttpServer (BaseHttpServer.java:updateConnectorAddress(333)) - HTTP server of ozoneManager listening at http://0.0.0.0:38409
2023-01-03 10:06:06,081 [IPC Server Responder] INFO  ipc.Server (Server.java:run(1512)) - IPC Server Responder: starting
2023-01-03 10:06:06,084 [IPC Server listener on 0] INFO  ipc.Server (Server.java:run(1352)) - IPC Server listener on 0: starting
2023-01-03 10:06:06,120 [Listener at 127.0.0.1/41175] INFO  om.TrashPolicyOzone (TrashPolicyOzone.java:<init>(275)) - Ozone Manager trash configuration: Deletion interval = 0 minutes, Emptier interval = 0 minutes.
2023-01-03 10:06:06,127 [org.apache.hadoop.util.JvmPauseMonitor$Monitor@20df24c0] INFO  util.JvmPauseMonitor (JvmPauseMonitor.java:run(188)) - Starting JVM pause monitor
2023-01-03 10:06:06,264 [Listener at 127.0.0.1/41175] WARN  impl.MetricRegistriesImpl (MetricRegistriesImpl.java:addReporterRegistration(111)) - New reporters are added after registries were created. Some metrics will be missing from the reporter. Please add reporter before adding any new registry.
2023-01-03 10:06:06,264 [Listener at 127.0.0.1/41175] WARN  impl.MetricRegistriesImpl (MetricRegistriesImpl.java:addReporterRegistration(111)) - New reporters are added after registries were created. Some metrics will be missing from the reporter. Please add reporter before adding any new registry.
2023-01-03 10:06:06,264 [Listener at 127.0.0.1/41175] INFO  impl.MetricsSystemImpl (MetricsSystemImpl.java:init(158)) - HddsDatanode metrics system started (again)
2023-01-03 10:06:06,281 [Listener at 127.0.0.1/41175] INFO  ozone.HddsDatanodeService (HddsDatanodeService.java:start(237)) - HddsDatanodeService host:fv-az292-374.tqgtyn10aqxuxoi0mkfbldi5vh.jx.internal.cloudapp.net ip:10.1.0.13
2023-01-03 10:06:06,308 [Listener at 127.0.0.1/41175] INFO  upgrade.AbstractLayoutVersionManager (AbstractLayoutVersionManager.java:init(83)) - Initializing Layout version manager with metadata layout = DATANODE_SCHEMA_V3 (version = 4), software layout = DATANODE_SCHEMA_V3 (version = 4)
2023-01-03 10:06:06,355 [Listener at 127.0.0.1/41175] INFO  reflections.Reflections (Reflections.java:scan(232)) - Reflections took 46 ms to scan 7 urls, producing 146 keys and 350 values 
2023-01-03 10:06:06,358 [Listener at 127.0.0.1/41175] INFO  statemachine.DatanodeStateMachine (DatanodeStateMachine.java:getEndPointTaskThreadPoolSize(248)) - Datanode State Machine Task Thread Pool size 2
2023-01-03 10:06:06,407 [Listener at 127.0.0.1/41175] INFO  volume.HddsVolume (HddsVolume.java:<init>(117)) - Creating HddsVolume: /home/runner/work/ozone/ozone/hadoop-ozone/integration-test/target/test-dir/MiniOzoneClusterImpl-70d28db6-796b-4d31-8f04-926db9b5570a/datanode-0/data-0/containers/hdds of storage type : DISK capacity : 9223372036854775807
2023-01-03 10:06:06,409 [Listener at 127.0.0.1/41175] INFO  volume.MutableVolumeSet (MutableVolumeSet.java:initializeVolumeSet(174)) - Added Volume : /home/runner/work/ozone/ozone/hadoop-ozone/integration-test/target/test-dir/MiniOzoneClusterImpl-70d28db6-796b-4d31-8f04-926db9b5570a/datanode-0/data-0/containers/hdds to VolumeSet
2023-01-03 10:06:06,410 [Listener at 127.0.0.1/41175] INFO  volume.ThrottledAsyncChecker (ThrottledAsyncChecker.java:schedule(141)) - Scheduling a check for /home/runner/work/ozone/ozone/hadoop-ozone/integration-test/target/test-dir/MiniOzoneClusterImpl-70d28db6-796b-4d31-8f04-926db9b5570a/datanode-0/data-0/containers/hdds
2023-01-03 10:06:06,425 [Listener at 127.0.0.1/41175] INFO  volume.StorageVolumeChecker (StorageVolumeChecker.java:checkAllVolumes(202)) - Scheduled health check for volume /home/runner/work/ozone/ozone/hadoop-ozone/integration-test/target/test-dir/MiniOzoneClusterImpl-70d28db6-796b-4d31-8f04-926db9b5570a/datanode-0/data-0/containers/hdds
2023-01-03 10:06:06,442 [Listener at 127.0.0.1/41175] INFO  volume.MutableVolumeSet (MutableVolumeSet.java:initializeVolumeSet(174)) - Added Volume : /home/runner/work/ozone/ozone/hadoop-ozone/integration-test/target/test-dir/MiniOzoneClusterImpl-70d28db6-796b-4d31-8f04-926db9b5570a/datanode-0/data/ratis to VolumeSet
2023-01-03 10:06:06,442 [Listener at 127.0.0.1/41175] INFO  volume.ThrottledAsyncChecker (ThrottledAsyncChecker.java:schedule(141)) - Scheduling a check for /home/runner/work/ozone/ozone/hadoop-ozone/integration-test/target/test-dir/MiniOzoneClusterImpl-70d28db6-796b-4d31-8f04-926db9b5570a/datanode-0/data/ratis
2023-01-03 10:06:06,442 [Listener at 127.0.0.1/41175] INFO  volume.StorageVolumeChecker (StorageVolumeChecker.java:checkAllVolumes(202)) - Scheduled health check for volume /home/runner/work/ozone/ozone/hadoop-ozone/integration-test/target/test-dir/MiniOzoneClusterImpl-70d28db6-796b-4d31-8f04-926db9b5570a/datanode-0/data/ratis
2023-01-03 10:06:06,469 [Thread-136] INFO  ozoneimpl.ContainerReader (ContainerReader.java:readVolume(175)) - Finish verifying containers on volume /home/runner/work/ozone/ozone/hadoop-ozone/integration-test/target/test-dir/MiniOzoneClusterImpl-70d28db6-796b-4d31-8f04-926db9b5570a/datanode-0/data-0/containers/hdds
2023-01-03 10:06:06,469 [Listener at 127.0.0.1/41175] INFO  ozoneimpl.OzoneContainer (OzoneContainer.java:buildContainerSet(301)) - Build ContainerSet costs 0s
2023-01-03 10:06:06,516 [Listener at 127.0.0.1/41175] INFO  audit.AuditLogger (AuditLogger.java:refreshDebugCmdSet(126)) - Refresh DebugCmdSet for DNAudit to [].
2023-01-03 10:06:06,543 [Listener at 127.0.0.1/41175] INFO  server.RaftServer (ConfUtils.java:logGet(46)) - raft.rpc.type = GRPC (default)
2023-01-03 10:06:06,545 [Listener at 127.0.0.1/41175] INFO  grpc.GrpcConfigKeys (ConfUtils.java:logFallback(53)) - raft.grpc.admin.host = null (fallback to raft.grpc.server.host)
2023-01-03 10:06:06,546 [Listener at 127.0.0.1/41175] INFO  grpc.GrpcConfigKeys (ConfUtils.java:logGet(46)) - raft.grpc.admin.port = 0 (custom)
2023-01-03 10:06:06,551 [Listener at 127.0.0.1/41175] INFO  grpc.GrpcConfigKeys (ConfUtils.java:logFallback(53)) - raft.grpc.client.host = null (fallback to raft.grpc.server.host)
2023-01-03 10:06:06,551 [Listener at 127.0.0.1/41175] INFO  grpc.GrpcConfigKeys (ConfUtils.java:logGet(46)) - raft.grpc.client.port = 0 (custom)
2023-01-03 10:06:06,551 [Listener at 127.0.0.1/41175] INFO  grpc.GrpcConfigKeys (ConfUtils.java:logGet(46)) - raft.grpc.server.host = null (default)
2023-01-03 10:06:06,552 [Listener at 127.0.0.1/41175] INFO  grpc.GrpcConfigKeys (ConfUtils.java:logGet(46)) - raft.grpc.server.port = 0 (default)
2023-01-03 10:06:06,552 [Listener at 127.0.0.1/41175] INFO  server.GrpcService (ConfUtils.java:logGet(46)) - raft.grpc.message.size.max = 32MB (=33554432) (custom)
2023-01-03 10:06:06,552 [Listener at 127.0.0.1/41175] INFO  server.RaftServerConfigKeys (ConfUtils.java:logGet(46)) - raft.server.log.appender.buffer.byte-limit = 33554432 (custom)
2023-01-03 10:06:06,552 [Listener at 127.0.0.1/41175] INFO  server.GrpcService (ConfUtils.java:logGet(46)) - raft.grpc.flow.control.window = 5MB (=5242880) (custom)
2023-01-03 10:06:06,552 [Listener at 127.0.0.1/41175] INFO  server.RaftServerConfigKeys (ConfUtils.java:logGet(46)) - raft.server.rpc.request.timeout = 60s (custom)
2023-01-03 10:06:06,552 [Listener at 127.0.0.1/41175] INFO  grpc.GrpcConfigKeys (ConfUtils.java:logGet(46)) - raft.grpc.server.heartbeat.channel = true (default)
2023-01-03 10:06:06,552 [Listener at 127.0.0.1/41175] INFO  grpc.GrpcConfigKeys (ConfUtils.java:logGet(46)) - raft.grpc.server.async.request.thread.pool.cached = true (default)
2023-01-03 10:06:06,552 [Listener at 127.0.0.1/41175] INFO  grpc.GrpcConfigKeys (ConfUtils.java:logGet(46)) - raft.grpc.server.async.request.thread.pool.size = 32 (default)
2023-01-03 10:06:06,553 [Listener at 127.0.0.1/41175] INFO  impl.DataStreamServerImpl (ConfUtils.java:logGet(46)) - raft.datastream.type = NETTY (custom)
2023-01-03 10:06:06,554 [Listener at 127.0.0.1/41175] INFO  server.RaftServerConfigKeys (ConfUtils.java:logGet(46)) - raft.server.data-stream.async.request.thread.pool.cached = false (default)
2023-01-03 10:06:06,554 [Listener at 127.0.0.1/41175] INFO  server.RaftServerConfigKeys (ConfUtils.java:logGet(46)) - raft.server.data-stream.async.request.thread.pool.size = 20 (custom)
2023-01-03 10:06:06,554 [Listener at 127.0.0.1/41175] INFO  server.RaftServerConfigKeys (ConfUtils.java:logGet(46)) - raft.server.data-stream.async.write.thread.pool.size = 16 (default)
2023-01-03 10:06:06,554 [Listener at 127.0.0.1/41175] INFO  server.RaftServerConfigKeys (ConfUtils.java:logGet(46)) - raft.server.data-stream.client.pool.size = 10 (default)
2023-01-03 10:06:06,554 [Listener at 127.0.0.1/41175] INFO  netty.NettyConfigKeys$DataStream (ConfUtils.java:logGet(46)) - raft.netty.dataStream.server.use-epoll = false (default)
2023-01-03 10:06:06,554 [Listener at 127.0.0.1/41175] INFO  netty.NettyConfigKeys$DataStream (ConfUtils.java:logGet(46)) - raft.netty.dataStream.server.boss-group.size = 0 (default)
2023-01-03 10:06:06,554 [Listener at 127.0.0.1/41175] INFO  netty.NettyConfigKeys$DataStream (ConfUtils.java:logGet(46)) - raft.netty.dataStream.server.worker-group.size = 0 (default)
2023-01-03 10:06:06,569 [Listener at 127.0.0.1/41175] INFO  netty.NettyConfigKeys$DataStream (ConfUtils.java:logGet(46)) - raft.netty.dataStream.server.tls.conf = null (default)
2023-01-03 10:06:06,570 [Listener at 127.0.0.1/41175] INFO  netty.NettyConfigKeys$DataStream (ConfUtils.java:logGet(46)) - raft.netty.dataStream.host = null (default)
2023-01-03 10:06:06,570 [Listener at 127.0.0.1/41175] INFO  netty.NettyConfigKeys$DataStream (ConfUtils.java:logGet(46)) - raft.netty.dataStream.port = 0 (default)
2023-01-03 10:06:06,570 [Listener at 127.0.0.1/41175] INFO  server.RaftServerConfigKeys (ConfUtils.java:logGet(46)) - raft.server.threadpool.proxy.cached = true (default)
2023-01-03 10:06:06,570 [Listener at 127.0.0.1/41175] INFO  server.RaftServerConfigKeys (ConfUtils.java:logGet(46)) - raft.server.threadpool.proxy.size = 0 (default)
2023-01-03 10:06:06,570 [Listener at 127.0.0.1/41175] INFO  server.RaftServerConfigKeys (ConfUtils.java:logGet(46)) - raft.server.rpc.slowness.timeout = 300s (custom)
2023-01-03 10:06:06,571 [Listener at 127.0.0.1/41175] INFO  server.RaftServerConfigKeys (ConfUtils.java:logGet(46)) - raft.server.leaderelection.leader.step-down.wait-time = 10s (default)
2023-01-03 10:06:06,571 [Listener at 127.0.0.1/41175] INFO  server.RaftServerConfigKeys (ConfUtils.java:logGet(46)) - raft.server.storage.dir = [/home/runner/work/ozone/ozone/hadoop-ozone/integration-test/target/test-dir/MiniOzoneClusterImpl-70d28db6-796b-4d31-8f04-926db9b5570a/datanode-0/data/ratis] (custom)
2023-01-03 10:06:06,574 [e60c2466-e581-4a2a-a391-12b730c6e057-NettyServerStreamRpc-bossGroup--thread1] INFO  logging.LoggingHandler (AbstractInternalLogger.java:log(148)) - [id: 0x63ed2c82] REGISTERED
2023-01-03 10:06:06,574 [e60c2466-e581-4a2a-a391-12b730c6e057-NettyServerStreamRpc-bossGroup--thread1] INFO  logging.LoggingHandler (AbstractInternalLogger.java:log(148)) - [id: 0x63ed2c82] BIND: 0.0.0.0/0.0.0.0:0
2023-01-03 10:06:06,574 [e60c2466-e581-4a2a-a391-12b730c6e057-NettyServerStreamRpc-bossGroup--thread1] INFO  logging.LoggingHandler (AbstractInternalLogger.java:log(148)) - [id: 0x63ed2c82, L:/0:0:0:0:0:0:0:0:34563] ACTIVE
2023-01-03 10:06:06,595 [Listener at 127.0.0.1/41175] INFO  server.XceiverServerGrpc (XceiverServerGrpc.java:<init>(132)) - GrpcServer channel type EpollServerSocketChannel
2023-01-03 10:06:06,655 [Listener at 127.0.0.1/41175] INFO  http.BaseHttpServer (BaseHttpServer.java:newHttpServer2BuilderForOzone(213)) - Starting Web-server for hddsDatanode at: http://0.0.0.0:0
2023-01-03 10:06:06,655 [Listener at 127.0.0.1/41175] INFO  http.BaseHttpServer (BaseHttpServer.java:<init>(108)) - Hadoop Security Enabled: false Ozone Security Enabled: false Ozone HTTP Security Enabled: false 
2023-01-03 10:06:06,656 [Listener at 127.0.0.1/41175] WARN  server.AuthenticationFilter (AuthenticationFilter.java:constructSecretProvider(240)) - Unable to initialize FileSignerSecretProvider, falling back to use random secrets. Reason: Could not read signature secret file: /home/runner/hadoop-http-auth-signature-secret
2023-01-03 10:06:06,657 [Listener at 127.0.0.1/41175] WARN  http.HttpRequestLog (HttpRequestLog.java:getRequestLog(103)) - Jetty request log can only be enabled using Log4j
2023-01-03 10:06:06,659 [Listener at 127.0.0.1/41175] INFO  http.HttpServer2 (HttpServer2.java:addGlobalFilter(1031)) - Added global filter 'safety' (class=org.apache.hadoop.hdds.server.http.HttpServer2$QuotingInputFilter)
2023-01-03 10:06:06,659 [Listener at 127.0.0.1/41175] INFO  http.HttpServer2 (HttpServer2.java:addFilter(1007)) - Added filter static_user_filter (class=org.apache.hadoop.http.lib.StaticUserWebFilter$StaticUserFilter) to context hddsDatanode
2023-01-03 10:06:06,660 [Listener at 127.0.0.1/41175] INFO  http.HttpServer2 (HttpServer2.java:addFilter(1015)) - Added filter static_user_filter (class=org.apache.hadoop.http.lib.StaticUserWebFilter$StaticUserFilter) to context logs
2023-01-03 10:06:06,660 [Listener at 127.0.0.1/41175] INFO  http.HttpServer2 (HttpServer2.java:addFilter(1015)) - Added filter static_user_filter (class=org.apache.hadoop.http.lib.StaticUserWebFilter$StaticUserFilter) to context static
2023-01-03 10:06:06,660 [Listener at 127.0.0.1/41175] INFO  http.HttpServer2 (HttpServer2.java:bindListener(1250)) - Jetty bound to port 36779
2023-01-03 10:06:06,661 [Listener at 127.0.0.1/41175] INFO  server.Server (Server.java:doStart(375)) - jetty-9.4.49.v20220914; built: 2022-09-14T01:07:36.601Z; git: 4231a3b2e4cb8548a412a789936d640a97b1aa0a; jvm 1.8.0_352-b08
2023-01-03 10:06:06,666 [Listener at 127.0.0.1/41175] INFO  server.session (DefaultSessionIdManager.java:doStart(334)) - DefaultSessionIdManager workerName=node0
2023-01-03 10:06:06,666 [Listener at 127.0.0.1/41175] INFO  server.session (DefaultSessionIdManager.java:doStart(339)) - No SessionScavenger set, using defaults
2023-01-03 10:06:06,666 [Listener at 127.0.0.1/41175] INFO  server.session (HouseKeeper.java:startScavenging(132)) - node0 Scavenging every 660000ms
2023-01-03 10:06:06,668 [Listener at 127.0.0.1/41175] INFO  handler.ContextHandler (ContextHandler.java:doStart(921)) - Started o.e.j.s.ServletContextHandler@311eb977{logs,/logs,file:///home/runner/work/ozone/ozone/hadoop-ozone/integration-test/target/log,AVAILABLE}
2023-01-03 10:06:06,668 [Listener at 127.0.0.1/41175] INFO  handler.ContextHandler (ContextHandler.java:doStart(921)) - Started o.e.j.s.ServletContextHandler@7a6a4327{static,/static,jar:file:/home/runner/.m2/repository/org/apache/ozone/hdds-container-service/1.4.0-SNAPSHOT/hdds-container-service-1.4.0-SNAPSHOT.jar!/webapps/static,AVAILABLE}
2023-01-03 10:06:06,876 [Listener at 127.0.0.1/41175] INFO  handler.ContextHandler (ContextHandler.java:doStart(921)) - Started o.e.j.w.WebAppContext@2f3cddaf{hddsDatanode,/,file:///tmp/jetty-0_0_0_0-36779-hdds-container-service-1_4_0-SNAPSHOT_jar-_-any-6464259420083412776/webapp/,AVAILABLE}{jar:file:/home/runner/.m2/repository/org/apache/ozone/hdds-container-service/1.4.0-SNAPSHOT/hdds-container-service-1.4.0-SNAPSHOT.jar!/webapps/hddsDatanode}
2023-01-03 10:06:06,877 [Listener at 127.0.0.1/41175] INFO  server.AbstractConnector (AbstractConnector.java:doStart(333)) - Started ServerConnector@31d26296{HTTP/1.1, (http/1.1)}{0.0.0.0:36779}
2023-01-03 10:06:06,877 [Listener at 127.0.0.1/41175] INFO  server.Server (Server.java:doStart(415)) - Started @7667ms
2023-01-03 10:06:06,877 [Listener at 127.0.0.1/41175] WARN  impl.MetricsSystemImpl (MetricsSystemImpl.java:register(279)) - Sink prometheus already exists!
2023-01-03 10:06:06,878 [Listener at 127.0.0.1/41175] INFO  http.BaseHttpServer (BaseHttpServer.java:updateConnectorAddress(333)) - HTTP server of hddsDatanode listening at http://0.0.0.0:36779
2023-01-03 10:06:06,879 [Listener at 127.0.0.1/41175] WARN  impl.MetricRegistriesImpl (MetricRegistriesImpl.java:addReporterRegistration(111)) - New reporters are added after registries were created. Some metrics will be missing from the reporter. Please add reporter before adding any new registry.
2023-01-03 10:06:06,879 [Listener at 127.0.0.1/41175] WARN  impl.MetricRegistriesImpl (MetricRegistriesImpl.java:addReporterRegistration(111)) - New reporters are added after registries were created. Some metrics will be missing from the reporter. Please add reporter before adding any new registry.
2023-01-03 10:06:06,879 [Listener at 127.0.0.1/41175] INFO  impl.MetricsSystemImpl (MetricsSystemImpl.java:init(158)) - HddsDatanode metrics system started (again)
2023-01-03 10:06:06,885 [Datanode State Machine Daemon Thread] INFO  statemachine.DatanodeStateMachine (DatanodeStateMachine.java:lambda$startDaemon$0(508)) - Ozone container server started.
2023-01-03 10:06:06,894 [Listener at 127.0.0.1/41175] INFO  ozone.HddsDatanodeService (HddsDatanodeService.java:start(237)) - HddsDatanodeService host:fv-az292-374.tqgtyn10aqxuxoi0mkfbldi5vh.jx.internal.cloudapp.net ip:10.1.0.13
2023-01-03 10:06:06,898 [org.apache.hadoop.util.JvmPauseMonitor$Monitor@7dabc2f1] INFO  util.JvmPauseMonitor (JvmPauseMonitor.java:run(188)) - Starting JVM pause monitor
2023-01-03 10:06:06,916 [Listener at 127.0.0.1/41175] INFO  upgrade.AbstractLayoutVersionManager (AbstractLayoutVersionManager.java:init(83)) - Initializing Layout version manager with metadata layout = DATANODE_SCHEMA_V3 (version = 4), software layout = DATANODE_SCHEMA_V3 (version = 4)
2023-01-03 10:06:07,020 [Listener at 127.0.0.1/41175] INFO  reflections.Reflections (Reflections.java:scan(232)) - Reflections took 101 ms to scan 7 urls, producing 146 keys and 350 values 
2023-01-03 10:06:07,024 [Listener at 127.0.0.1/41175] INFO  statemachine.DatanodeStateMachine (DatanodeStateMachine.java:getEndPointTaskThreadPoolSize(248)) - Datanode State Machine Task Thread Pool size 2
2023-01-03 10:06:07,032 [Listener at 127.0.0.1/41175] INFO  volume.HddsVolume (HddsVolume.java:<init>(117)) - Creating HddsVolume: /home/runner/work/ozone/ozone/hadoop-ozone/integration-test/target/test-dir/MiniOzoneClusterImpl-70d28db6-796b-4d31-8f04-926db9b5570a/datanode-1/data-0/containers/hdds of storage type : DISK capacity : 9223372036854775807
2023-01-03 10:06:07,032 [Listener at 127.0.0.1/41175] INFO  volume.MutableVolumeSet (MutableVolumeSet.java:initializeVolumeSet(174)) - Added Volume : /home/runner/work/ozone/ozone/hadoop-ozone/integration-test/target/test-dir/MiniOzoneClusterImpl-70d28db6-796b-4d31-8f04-926db9b5570a/datanode-1/data-0/containers/hdds to VolumeSet
2023-01-03 10:06:07,033 [Listener at 127.0.0.1/41175] INFO  volume.ThrottledAsyncChecker (ThrottledAsyncChecker.java:schedule(141)) - Scheduling a check for /home/runner/work/ozone/ozone/hadoop-ozone/integration-test/target/test-dir/MiniOzoneClusterImpl-70d28db6-796b-4d31-8f04-926db9b5570a/datanode-1/data-0/containers/hdds
2023-01-03 10:06:07,036 [Listener at 127.0.0.1/41175] INFO  volume.StorageVolumeChecker (StorageVolumeChecker.java:checkAllVolumes(202)) - Scheduled health check for volume /home/runner/work/ozone/ozone/hadoop-ozone/integration-test/target/test-dir/MiniOzoneClusterImpl-70d28db6-796b-4d31-8f04-926db9b5570a/datanode-1/data-0/containers/hdds
2023-01-03 10:06:07,048 [Datanode State Machine Task Thread - 0] INFO  datanode.InitDatanodeState (InitDatanodeState.java:persistContainerDatanodeDetails(138)) - DatanodeDetails is persisted to /home/runner/work/ozone/ozone/hadoop-ozone/integration-test/target/test-dir/MiniOzoneClusterImpl-70d28db6-796b-4d31-8f04-926db9b5570a/datanode-0/meta/datanode.id
2023-01-03 10:06:07,051 [Listener at 127.0.0.1/41175] INFO  volume.MutableVolumeSet (MutableVolumeSet.java:initializeVolumeSet(174)) - Added Volume : /home/runner/work/ozone/ozone/hadoop-ozone/integration-test/target/test-dir/MiniOzoneClusterImpl-70d28db6-796b-4d31-8f04-926db9b5570a/datanode-1/data/ratis to VolumeSet
2023-01-03 10:06:07,051 [Listener at 127.0.0.1/41175] INFO  volume.ThrottledAsyncChecker (ThrottledAsyncChecker.java:schedule(141)) - Scheduling a check for /home/runner/work/ozone/ozone/hadoop-ozone/integration-test/target/test-dir/MiniOzoneClusterImpl-70d28db6-796b-4d31-8f04-926db9b5570a/datanode-1/data/ratis
2023-01-03 10:06:07,052 [Listener at 127.0.0.1/41175] INFO  volume.StorageVolumeChecker (StorageVolumeChecker.java:checkAllVolumes(202)) - Scheduled health check for volume /home/runner/work/ozone/ozone/hadoop-ozone/integration-test/target/test-dir/MiniOzoneClusterImpl-70d28db6-796b-4d31-8f04-926db9b5570a/datanode-1/data/ratis
2023-01-03 10:06:07,071 [Thread-150] INFO  ozoneimpl.ContainerReader (ContainerReader.java:readVolume(175)) - Finish verifying containers on volume /home/runner/work/ozone/ozone/hadoop-ozone/integration-test/target/test-dir/MiniOzoneClusterImpl-70d28db6-796b-4d31-8f04-926db9b5570a/datanode-1/data-0/containers/hdds
2023-01-03 10:06:07,072 [Listener at 127.0.0.1/41175] INFO  ozoneimpl.OzoneContainer (OzoneContainer.java:buildContainerSet(301)) - Build ContainerSet costs 0s
2023-01-03 10:06:07,078 [Listener at 127.0.0.1/41175] INFO  server.RaftServer (ConfUtils.java:logGet(46)) - raft.rpc.type = GRPC (default)
2023-01-03 10:06:07,078 [Listener at 127.0.0.1/41175] INFO  grpc.GrpcConfigKeys (ConfUtils.java:logFallback(53)) - raft.grpc.admin.host = null (fallback to raft.grpc.server.host)
2023-01-03 10:06:07,078 [Listener at 127.0.0.1/41175] INFO  grpc.GrpcConfigKeys (ConfUtils.java:logGet(46)) - raft.grpc.admin.port = 0 (custom)
2023-01-03 10:06:07,078 [Listener at 127.0.0.1/41175] INFO  grpc.GrpcConfigKeys (ConfUtils.java:logFallback(53)) - raft.grpc.client.host = null (fallback to raft.grpc.server.host)
2023-01-03 10:06:07,078 [Listener at 127.0.0.1/41175] INFO  grpc.GrpcConfigKeys (ConfUtils.java:logGet(46)) - raft.grpc.client.port = 0 (custom)
2023-01-03 10:06:07,078 [Listener at 127.0.0.1/41175] INFO  grpc.GrpcConfigKeys (ConfUtils.java:logGet(46)) - raft.grpc.server.host = null (default)
2023-01-03 10:06:07,078 [Listener at 127.0.0.1/41175] INFO  grpc.GrpcConfigKeys (ConfUtils.java:logGet(46)) - raft.grpc.server.port = 0 (default)
2023-01-03 10:06:07,078 [Listener at 127.0.0.1/41175] INFO  server.GrpcService (ConfUtils.java:logGet(46)) - raft.grpc.message.size.max = 32MB (=33554432) (custom)
2023-01-03 10:06:07,079 [Listener at 127.0.0.1/41175] INFO  server.RaftServerConfigKeys (ConfUtils.java:logGet(46)) - raft.server.log.appender.buffer.byte-limit = 33554432 (custom)
2023-01-03 10:06:07,079 [Listener at 127.0.0.1/41175] INFO  server.GrpcService (ConfUtils.java:logGet(46)) - raft.grpc.flow.control.window = 5MB (=5242880) (custom)
2023-01-03 10:06:07,079 [Listener at 127.0.0.1/41175] INFO  server.RaftServerConfigKeys (ConfUtils.java:logGet(46)) - raft.server.rpc.request.timeout = 60s (custom)
2023-01-03 10:06:07,079 [Listener at 127.0.0.1/41175] INFO  grpc.GrpcConfigKeys (ConfUtils.java:logGet(46)) - raft.grpc.server.heartbeat.channel = true (default)
2023-01-03 10:06:07,079 [Listener at 127.0.0.1/41175] INFO  grpc.GrpcConfigKeys (ConfUtils.java:logGet(46)) - raft.grpc.server.async.request.thread.pool.cached = true (default)
2023-01-03 10:06:07,079 [Listener at 127.0.0.1/41175] INFO  grpc.GrpcConfigKeys (ConfUtils.java:logGet(46)) - raft.grpc.server.async.request.thread.pool.size = 32 (default)
2023-01-03 10:06:07,080 [Listener at 127.0.0.1/41175] INFO  impl.DataStreamServerImpl (ConfUtils.java:logGet(46)) - raft.datastream.type = NETTY (custom)
2023-01-03 10:06:07,081 [Listener at 127.0.0.1/41175] INFO  server.RaftServerConfigKeys (ConfUtils.java:logGet(46)) - raft.server.data-stream.async.request.thread.pool.cached = false (default)
2023-01-03 10:06:07,081 [Listener at 127.0.0.1/41175] INFO  server.RaftServerConfigKeys (ConfUtils.java:logGet(46)) - raft.server.data-stream.async.request.thread.pool.size = 20 (custom)
2023-01-03 10:06:07,081 [Listener at 127.0.0.1/41175] INFO  server.RaftServerConfigKeys (ConfUtils.java:logGet(46)) - raft.server.data-stream.async.write.thread.pool.size = 16 (default)
2023-01-03 10:06:07,081 [Listener at 127.0.0.1/41175] INFO  server.RaftServerConfigKeys (ConfUtils.java:logGet(46)) - raft.server.data-stream.client.pool.size = 10 (default)
2023-01-03 10:06:07,081 [Listener at 127.0.0.1/41175] INFO  netty.NettyConfigKeys$DataStream (ConfUtils.java:logGet(46)) - raft.netty.dataStream.server.use-epoll = false (default)
2023-01-03 10:06:07,081 [Listener at 127.0.0.1/41175] INFO  netty.NettyConfigKeys$DataStream (ConfUtils.java:logGet(46)) - raft.netty.dataStream.server.boss-group.size = 0 (default)
2023-01-03 10:06:07,083 [Listener at 127.0.0.1/41175] INFO  netty.NettyConfigKeys$DataStream (ConfUtils.java:logGet(46)) - raft.netty.dataStream.server.worker-group.size = 0 (default)
2023-01-03 10:06:07,083 [Listener at 127.0.0.1/41175] INFO  netty.NettyConfigKeys$DataStream (ConfUtils.java:logGet(46)) - raft.netty.dataStream.server.tls.conf = null (default)
2023-01-03 10:06:07,083 [Listener at 127.0.0.1/41175] INFO  netty.NettyConfigKeys$DataStream (ConfUtils.java:logGet(46)) - raft.netty.dataStream.host = null (default)
2023-01-03 10:06:07,083 [Listener at 127.0.0.1/41175] INFO  netty.NettyConfigKeys$DataStream (ConfUtils.java:logGet(46)) - raft.netty.dataStream.port = 0 (default)
2023-01-03 10:06:07,084 [Listener at 127.0.0.1/41175] INFO  server.RaftServerConfigKeys (ConfUtils.java:logGet(46)) - raft.server.threadpool.proxy.cached = true (default)
2023-01-03 10:06:07,084 [Listener at 127.0.0.1/41175] INFO  server.RaftServerConfigKeys (ConfUtils.java:logGet(46)) - raft.server.threadpool.proxy.size = 0 (default)
2023-01-03 10:06:07,084 [Listener at 127.0.0.1/41175] INFO  server.RaftServerConfigKeys (ConfUtils.java:logGet(46)) - raft.server.rpc.slowness.timeout = 300s (custom)
2023-01-03 10:06:07,084 [Listener at 127.0.0.1/41175] INFO  server.RaftServerConfigKeys (ConfUtils.java:logGet(46)) - raft.server.leaderelection.leader.step-down.wait-time = 10s (default)
2023-01-03 10:06:07,084 [Listener at 127.0.0.1/41175] INFO  server.RaftServerConfigKeys (ConfUtils.java:logGet(46)) - raft.server.storage.dir = [/home/runner/work/ozone/ozone/hadoop-ozone/integration-test/target/test-dir/MiniOzoneClusterImpl-70d28db6-796b-4d31-8f04-926db9b5570a/datanode-1/data/ratis] (custom)
2023-01-03 10:06:07,089 [1e90a81f-431a-478a-9b2e-dbda4ffaca44-NettyServerStreamRpc-bossGroup--thread1] INFO  logging.LoggingHandler (AbstractInternalLogger.java:log(148)) - [id: 0x271ad402] REGISTERED
2023-01-03 10:06:07,091 [Listener at 127.0.0.1/41175] INFO  server.XceiverServerGrpc (XceiverServerGrpc.java:<init>(132)) - GrpcServer channel type EpollServerSocketChannel
2023-01-03 10:06:07,095 [1e90a81f-431a-478a-9b2e-dbda4ffaca44-NettyServerStreamRpc-bossGroup--thread1] INFO  logging.LoggingHandler (AbstractInternalLogger.java:log(148)) - [id: 0x271ad402] BIND: 0.0.0.0/0.0.0.0:0
2023-01-03 10:06:07,095 [1e90a81f-431a-478a-9b2e-dbda4ffaca44-NettyServerStreamRpc-bossGroup--thread1] INFO  logging.LoggingHandler (AbstractInternalLogger.java:log(148)) - [id: 0x271ad402, L:/0:0:0:0:0:0:0:0:44723] ACTIVE
2023-01-03 10:06:07,096 [Listener at 127.0.0.1/41175] INFO  http.BaseHttpServer (BaseHttpServer.java:newHttpServer2BuilderForOzone(213)) - Starting Web-server for hddsDatanode at: http://0.0.0.0:0
2023-01-03 10:06:07,096 [Listener at 127.0.0.1/41175] INFO  http.BaseHttpServer (BaseHttpServer.java:<init>(108)) - Hadoop Security Enabled: false Ozone Security Enabled: false Ozone HTTP Security Enabled: false 
2023-01-03 10:06:07,098 [Listener at 127.0.0.1/41175] WARN  server.AuthenticationFilter (AuthenticationFilter.java:constructSecretProvider(240)) - Unable to initialize FileSignerSecretProvider, falling back to use random secrets. Reason: Could not read signature secret file: /home/runner/hadoop-http-auth-signature-secret
2023-01-03 10:06:07,102 [Listener at 127.0.0.1/41175] WARN  http.HttpRequestLog (HttpRequestLog.java:getRequestLog(103)) - Jetty request log can only be enabled using Log4j
2023-01-03 10:06:07,103 [Listener at 127.0.0.1/41175] INFO  http.HttpServer2 (HttpServer2.java:addGlobalFilter(1031)) - Added global filter 'safety' (class=org.apache.hadoop.hdds.server.http.HttpServer2$QuotingInputFilter)
2023-01-03 10:06:07,104 [Listener at 127.0.0.1/41175] INFO  http.HttpServer2 (HttpServer2.java:addFilter(1007)) - Added filter static_user_filter (class=org.apache.hadoop.http.lib.StaticUserWebFilter$StaticUserFilter) to context hddsDatanode
2023-01-03 10:06:07,104 [Listener at 127.0.0.1/41175] INFO  http.HttpServer2 (HttpServer2.java:addFilter(1015)) - Added filter static_user_filter (class=org.apache.hadoop.http.lib.StaticUserWebFilter$StaticUserFilter) to context static
2023-01-03 10:06:07,104 [Listener at 127.0.0.1/41175] INFO  http.HttpServer2 (HttpServer2.java:addFilter(1015)) - Added filter static_user_filter (class=org.apache.hadoop.http.lib.StaticUserWebFilter$StaticUserFilter) to context logs
2023-01-03 10:06:07,104 [Listener at 127.0.0.1/41175] INFO  http.HttpServer2 (HttpServer2.java:bindListener(1250)) - Jetty bound to port 41707
2023-01-03 10:06:07,104 [Listener at 127.0.0.1/41175] INFO  server.Server (Server.java:doStart(375)) - jetty-9.4.49.v20220914; built: 2022-09-14T01:07:36.601Z; git: 4231a3b2e4cb8548a412a789936d640a97b1aa0a; jvm 1.8.0_352-b08
2023-01-03 10:06:07,107 [Listener at 127.0.0.1/41175] INFO  server.session (DefaultSessionIdManager.java:doStart(334)) - DefaultSessionIdManager workerName=node0
2023-01-03 10:06:07,108 [Listener at 127.0.0.1/41175] INFO  server.session (DefaultSessionIdManager.java:doStart(339)) - No SessionScavenger set, using defaults
2023-01-03 10:06:07,108 [Listener at 127.0.0.1/41175] INFO  server.session (HouseKeeper.java:startScavenging(132)) - node0 Scavenging every 660000ms
2023-01-03 10:06:07,109 [Listener at 127.0.0.1/41175] INFO  handler.ContextHandler (ContextHandler.java:doStart(921)) - Started o.e.j.s.ServletContextHandler@4151251b{logs,/logs,file:///home/runner/work/ozone/ozone/hadoop-ozone/integration-test/target/log,AVAILABLE}
2023-01-03 10:06:07,110 [Listener at 127.0.0.1/41175] INFO  handler.ContextHandler (ContextHandler.java:doStart(921)) - Started o.e.j.s.ServletContextHandler@90a7b6b{static,/static,jar:file:/home/runner/.m2/repository/org/apache/ozone/hdds-container-service/1.4.0-SNAPSHOT/hdds-container-service-1.4.0-SNAPSHOT.jar!/webapps/static,AVAILABLE}
2023-01-03 10:06:07,137 [om1@group-C5BA1605619E-FollowerState] INFO  impl.FollowerState (FollowerState.java:run(143)) - om1@group-C5BA1605619E-FollowerState: change to CANDIDATE, lastRpcElapsedTime:1122470217ns, electionTimeout:1112ms
2023-01-03 10:06:07,138 [om1@group-C5BA1605619E-FollowerState] INFO  impl.RoleInfo (RoleInfo.java:shutdownFollowerState(110)) - om1: shutdown om1@group-C5BA1605619E-FollowerState
2023-01-03 10:06:07,138 [om1@group-C5BA1605619E-FollowerState] INFO  server.RaftServer$Division (RaftServerImpl.java:setRole(321)) - om1@group-C5BA1605619E: changes role from  FOLLOWER to CANDIDATE at term 0 for changeToCandidate
2023-01-03 10:06:07,141 [om1@group-C5BA1605619E-FollowerState] INFO  server.RaftServerConfigKeys (ConfUtils.java:logGet(46)) - raft.server.leaderelection.pre-vote = false (custom)
2023-01-03 10:06:07,141 [om1@group-C5BA1605619E-FollowerState] INFO  impl.RoleInfo (RoleInfo.java:updateAndGet(139)) - om1: start om1@group-C5BA1605619E-LeaderElection1
2023-01-03 10:06:07,153 [om1@group-C5BA1605619E-LeaderElection1] INFO  impl.LeaderElection (LeaderElection.java:askForVotes(312)) - om1@group-C5BA1605619E-LeaderElection1 ELECTION round 0: submit vote requests at term 1 for -1: peers:[om1|rpc:localhost:9872|priority:0|startupRole:FOLLOWER]|listeners:[], old=null
2023-01-03 10:06:07,155 [om1@group-C5BA1605619E-LeaderElection1] INFO  impl.LeaderElection (LeaderElection.java:askForVotes(314)) - om1@group-C5BA1605619E-LeaderElection1 ELECTION round 0: result PASSED (term=1)
2023-01-03 10:06:07,156 [om1@group-C5BA1605619E-LeaderElection1] INFO  impl.RoleInfo (RoleInfo.java:shutdownLeaderElection(130)) - om1: shutdown om1@group-C5BA1605619E-LeaderElection1
2023-01-03 10:06:07,161 [om1@group-C5BA1605619E-LeaderElection1] INFO  server.RaftServer$Division (RaftServerImpl.java:setRole(321)) - om1@group-C5BA1605619E: changes role from CANDIDATE to LEADER at term 1 for changeToLeader
2023-01-03 10:06:07,163 [om1@group-C5BA1605619E-LeaderElection1] INFO  server.RaftServer$Division (ServerState.java:setLeader(313)) - om1@group-C5BA1605619E: change Leader from null to om1 at term 1 for becomeLeader, leader elected after 2144ms
2023-01-03 10:06:07,169 [om1@group-C5BA1605619E-LeaderElection1] INFO  server.RaftServerConfigKeys (ConfUtils.java:logGet(46)) - raft.server.staging.catchup.gap = 1000 (default)
2023-01-03 10:06:07,177 [om1@group-C5BA1605619E-LeaderElection1] INFO  server.RaftServerConfigKeys (ConfUtils.java:logGet(46)) - raft.server.write.element-limit = 4096 (default)
2023-01-03 10:06:07,177 [om1@group-C5BA1605619E-LeaderElection1] INFO  server.RaftServerConfigKeys (ConfUtils.java:logGet(46)) - raft.server.write.byte-limit = 64MB (=67108864) (default)
2023-01-03 10:06:07,189 [om1@group-C5BA1605619E-LeaderElection1] INFO  server.RaftServerConfigKeys (ConfUtils.java:logGet(46)) - raft.server.watch.timeout = 10s (default)
2023-01-03 10:06:07,191 [om1@group-C5BA1605619E-LeaderElection1] INFO  server.RaftServerConfigKeys (ConfUtils.java:logGet(46)) - raft.server.watch.timeout.denomination = 1s (default)
2023-01-03 10:06:07,191 [om1@group-C5BA1605619E-LeaderElection1] INFO  server.RaftServerConfigKeys (ConfUtils.java:logGet(46)) - raft.server.watch.element-limit = 65536 (default)
2023-01-03 10:06:07,202 [om1@group-C5BA1605619E-LeaderElection1] INFO  server.RaftServerConfigKeys (ConfUtils.java:logGet(46)) - raft.server.write.element-limit = 4096 (default)
2023-01-03 10:06:07,208 [om1@group-C5BA1605619E-LeaderElection1] INFO  server.RaftServerConfigKeys (ConfUtils.java:logGet(46)) - raft.server.write.follower.gap.ratio.max = -1.0 (default)
2023-01-03 10:06:07,213 [om1@group-C5BA1605619E-LeaderElection1] INFO  impl.RoleInfo (RoleInfo.java:updateAndGet(139)) - om1: start om1@group-C5BA1605619E-LeaderStateImpl
2023-01-03 10:06:07,264 [om1@group-C5BA1605619E-LeaderElection1] INFO  segmented.SegmentedRaftLogWorker (SegmentedRaftLogWorker.java:startLogSegment(452)) - om1@group-C5BA1605619E-SegmentedRaftLogWorker: Starting segment from index:0
2023-01-03 10:06:07,327 [om1@group-C5BA1605619E-LeaderElection1] INFO  server.RaftServer$Division (ServerState.java:setRaftConf(430)) - om1@group-C5BA1605619E: set configuration 0: peers:[om1|rpc:localhost:9872|admin:|client:|dataStream:|priority:0|startupRole:FOLLOWER]|listeners:[], old=null
2023-01-03 10:06:07,351 [Listener at 127.0.0.1/41175] INFO  handler.ContextHandler (ContextHandler.java:doStart(921)) - Started o.e.j.w.WebAppContext@5d06081f{hddsDatanode,/,file:///tmp/jetty-0_0_0_0-41707-hdds-container-service-1_4_0-SNAPSHOT_jar-_-any-3146118527507914823/webapp/,AVAILABLE}{jar:file:/home/runner/.m2/repository/org/apache/ozone/hdds-container-service/1.4.0-SNAPSHOT/hdds-container-service-1.4.0-SNAPSHOT.jar!/webapps/hddsDatanode}
2023-01-03 10:06:07,354 [Listener at 127.0.0.1/41175] INFO  server.AbstractConnector (AbstractConnector.java:doStart(333)) - Started ServerConnector@770f0e25{HTTP/1.1, (http/1.1)}{0.0.0.0:41707}
2023-01-03 10:06:07,354 [Listener at 127.0.0.1/41175] INFO  server.Server (Server.java:doStart(415)) - Started @8144ms
2023-01-03 10:06:07,354 [Listener at 127.0.0.1/41175] WARN  impl.MetricsSystemImpl (MetricsSystemImpl.java:register(279)) - Sink prometheus already exists!
2023-01-03 10:06:07,355 [Listener at 127.0.0.1/41175] INFO  http.BaseHttpServer (BaseHttpServer.java:updateConnectorAddress(333)) - HTTP server of hddsDatanode listening at http://0.0.0.0:41707
2023-01-03 10:06:07,361 [Listener at 127.0.0.1/41175] WARN  impl.MetricRegistriesImpl (MetricRegistriesImpl.java:addReporterRegistration(111)) - New reporters are added after registries were created. Some metrics will be missing from the reporter. Please add reporter before adding any new registry.
2023-01-03 10:06:07,361 [Listener at 127.0.0.1/41175] WARN  impl.MetricRegistriesImpl (MetricRegistriesImpl.java:addReporterRegistration(111)) - New reporters are added after registries were created. Some metrics will be missing from the reporter. Please add reporter before adding any new registry.
2023-01-03 10:06:07,361 [Listener at 127.0.0.1/41175] INFO  impl.MetricsSystemImpl (MetricsSystemImpl.java:init(158)) - HddsDatanode metrics system started (again)
2023-01-03 10:06:07,361 [Datanode State Machine Daemon Thread] INFO  statemachine.DatanodeStateMachine (DatanodeStateMachine.java:lambda$startDaemon$0(508)) - Ozone container server started.
2023-01-03 10:06:07,381 [Listener at 127.0.0.1/41175] INFO  ozone.HddsDatanodeService (HddsDatanodeService.java:start(237)) - HddsDatanodeService host:fv-az292-374.tqgtyn10aqxuxoi0mkfbldi5vh.jx.internal.cloudapp.net ip:10.1.0.13
2023-01-03 10:06:07,416 [Listener at 127.0.0.1/41175] INFO  upgrade.AbstractLayoutVersionManager (AbstractLayoutVersionManager.java:init(83)) - Initializing Layout version manager with metadata layout = DATANODE_SCHEMA_V3 (version = 4), software layout = DATANODE_SCHEMA_V3 (version = 4)
2023-01-03 10:06:07,419 [org.apache.hadoop.util.JvmPauseMonitor$Monitor@52931c32] INFO  util.JvmPauseMonitor (JvmPauseMonitor.java:run(188)) - Starting JVM pause monitor
2023-01-03 10:06:07,434 [Datanode State Machine Task Thread - 0] INFO  datanode.InitDatanodeState (InitDatanodeState.java:persistContainerDatanodeDetails(138)) - DatanodeDetails is persisted to /home/runner/work/ozone/ozone/hadoop-ozone/integration-test/target/test-dir/MiniOzoneClusterImpl-70d28db6-796b-4d31-8f04-926db9b5570a/datanode-1/meta/datanode.id
2023-01-03 10:06:07,445 [om1@group-C5BA1605619E-SegmentedRaftLogWorker] INFO  segmented.SegmentedRaftLogWorker (SegmentedRaftLogWorker.java:execute(656)) - om1@group-C5BA1605619E-SegmentedRaftLogWorker: created new log segment /home/runner/work/ozone/ozone/hadoop-ozone/integration-test/target/test-dir/MiniOzoneClusterImpl-70d28db6-796b-4d31-8f04-926db9b5570a/ozone-meta/ratis/bf265839-605b-3f16-9796-c5ba1605619e/current/log_inprogress_0
2023-01-03 10:06:07,508 [Listener at 127.0.0.1/41175] INFO  reflections.Reflections (Reflections.java:scan(232)) - Reflections took 88 ms to scan 7 urls, producing 146 keys and 350 values 
2023-01-03 10:06:07,509 [Listener at 127.0.0.1/41175] INFO  statemachine.DatanodeStateMachine (DatanodeStateMachine.java:getEndPointTaskThreadPoolSize(248)) - Datanode State Machine Task Thread Pool size 2
2023-01-03 10:06:07,512 [Listener at 127.0.0.1/41175] INFO  volume.HddsVolume (HddsVolume.java:<init>(117)) - Creating HddsVolume: /home/runner/work/ozone/ozone/hadoop-ozone/integration-test/target/test-dir/MiniOzoneClusterImpl-70d28db6-796b-4d31-8f04-926db9b5570a/datanode-2/data-0/containers/hdds of storage type : DISK capacity : 9223372036854775807
2023-01-03 10:06:07,512 [Listener at 127.0.0.1/41175] INFO  volume.MutableVolumeSet (MutableVolumeSet.java:initializeVolumeSet(174)) - Added Volume : /home/runner/work/ozone/ozone/hadoop-ozone/integration-test/target/test-dir/MiniOzoneClusterImpl-70d28db6-796b-4d31-8f04-926db9b5570a/datanode-2/data-0/containers/hdds to VolumeSet
2023-01-03 10:06:07,512 [Listener at 127.0.0.1/41175] INFO  volume.ThrottledAsyncChecker (ThrottledAsyncChecker.java:schedule(141)) - Scheduling a check for /home/runner/work/ozone/ozone/hadoop-ozone/integration-test/target/test-dir/MiniOzoneClusterImpl-70d28db6-796b-4d31-8f04-926db9b5570a/datanode-2/data-0/containers/hdds
2023-01-03 10:06:07,513 [Listener at 127.0.0.1/41175] INFO  volume.StorageVolumeChecker (StorageVolumeChecker.java:checkAllVolumes(202)) - Scheduled health check for volume /home/runner/work/ozone/ozone/hadoop-ozone/integration-test/target/test-dir/MiniOzoneClusterImpl-70d28db6-796b-4d31-8f04-926db9b5570a/datanode-2/data-0/containers/hdds
2023-01-03 10:06:07,523 [Listener at 127.0.0.1/41175] INFO  volume.MutableVolumeSet (MutableVolumeSet.java:initializeVolumeSet(174)) - Added Volume : /home/runner/work/ozone/ozone/hadoop-ozone/integration-test/target/test-dir/MiniOzoneClusterImpl-70d28db6-796b-4d31-8f04-926db9b5570a/datanode-2/data/ratis to VolumeSet
2023-01-03 10:06:07,524 [Listener at 127.0.0.1/41175] INFO  volume.ThrottledAsyncChecker (ThrottledAsyncChecker.java:schedule(141)) - Scheduling a check for /home/runner/work/ozone/ozone/hadoop-ozone/integration-test/target/test-dir/MiniOzoneClusterImpl-70d28db6-796b-4d31-8f04-926db9b5570a/datanode-2/data/ratis
2023-01-03 10:06:07,524 [Listener at 127.0.0.1/41175] INFO  volume.StorageVolumeChecker (StorageVolumeChecker.java:checkAllVolumes(202)) - Scheduled health check for volume /home/runner/work/ozone/ozone/hadoop-ozone/integration-test/target/test-dir/MiniOzoneClusterImpl-70d28db6-796b-4d31-8f04-926db9b5570a/datanode-2/data/ratis
2023-01-03 10:06:07,535 [Thread-166] INFO  ozoneimpl.ContainerReader (ContainerReader.java:readVolume(175)) - Finish verifying containers on volume /home/runner/work/ozone/ozone/hadoop-ozone/integration-test/target/test-dir/MiniOzoneClusterImpl-70d28db6-796b-4d31-8f04-926db9b5570a/datanode-2/data-0/containers/hdds
2023-01-03 10:06:07,535 [Listener at 127.0.0.1/41175] INFO  ozoneimpl.OzoneContainer (OzoneContainer.java:buildContainerSet(301)) - Build ContainerSet costs 0s
2023-01-03 10:06:07,538 [Listener at 127.0.0.1/41175] INFO  server.RaftServer (ConfUtils.java:logGet(46)) - raft.rpc.type = GRPC (default)
2023-01-03 10:06:07,538 [Listener at 127.0.0.1/41175] INFO  grpc.GrpcConfigKeys (ConfUtils.java:logFallback(53)) - raft.grpc.admin.host = null (fallback to raft.grpc.server.host)
2023-01-03 10:06:07,538 [Listener at 127.0.0.1/41175] INFO  grpc.GrpcConfigKeys (ConfUtils.java:logGet(46)) - raft.grpc.admin.port = 0 (custom)
2023-01-03 10:06:07,538 [Listener at 127.0.0.1/41175] INFO  grpc.GrpcConfigKeys (ConfUtils.java:logFallback(53)) - raft.grpc.client.host = null (fallback to raft.grpc.server.host)
2023-01-03 10:06:07,538 [Listener at 127.0.0.1/41175] INFO  grpc.GrpcConfigKeys (ConfUtils.java:logGet(46)) - raft.grpc.client.port = 0 (custom)
2023-01-03 10:06:07,538 [Listener at 127.0.0.1/41175] INFO  grpc.GrpcConfigKeys (ConfUtils.java:logGet(46)) - raft.grpc.server.host = null (default)
2023-01-03 10:06:07,538 [Listener at 127.0.0.1/41175] INFO  grpc.GrpcConfigKeys (ConfUtils.java:logGet(46)) - raft.grpc.server.port = 0 (default)
2023-01-03 10:06:07,539 [Listener at 127.0.0.1/41175] INFO  server.GrpcService (ConfUtils.java:logGet(46)) - raft.grpc.message.size.max = 32MB (=33554432) (custom)
2023-01-03 10:06:07,539 [Listener at 127.0.0.1/41175] INFO  server.RaftServerConfigKeys (ConfUtils.java:logGet(46)) - raft.server.log.appender.buffer.byte-limit = 33554432 (custom)
2023-01-03 10:06:07,539 [Listener at 127.0.0.1/41175] INFO  server.GrpcService (ConfUtils.java:logGet(46)) - raft.grpc.flow.control.window = 5MB (=5242880) (custom)
2023-01-03 10:06:07,539 [Listener at 127.0.0.1/41175] INFO  server.RaftServerConfigKeys (ConfUtils.java:logGet(46)) - raft.server.rpc.request.timeout = 60s (custom)
2023-01-03 10:06:07,539 [Listener at 127.0.0.1/41175] INFO  grpc.GrpcConfigKeys (ConfUtils.java:logGet(46)) - raft.grpc.server.heartbeat.channel = true (default)
2023-01-03 10:06:07,539 [Listener at 127.0.0.1/41175] INFO  grpc.GrpcConfigKeys (ConfUtils.java:logGet(46)) - raft.grpc.server.async.request.thread.pool.cached = true (default)
2023-01-03 10:06:07,539 [Listener at 127.0.0.1/41175] INFO  grpc.GrpcConfigKeys (ConfUtils.java:logGet(46)) - raft.grpc.server.async.request.thread.pool.size = 32 (default)
2023-01-03 10:06:07,540 [Listener at 127.0.0.1/41175] INFO  impl.DataStreamServerImpl (ConfUtils.java:logGet(46)) - raft.datastream.type = NETTY (custom)
2023-01-03 10:06:07,540 [Listener at 127.0.0.1/41175] INFO  server.RaftServerConfigKeys (ConfUtils.java:logGet(46)) - raft.server.data-stream.async.request.thread.pool.cached = false (default)
2023-01-03 10:06:07,540 [Listener at 127.0.0.1/41175] INFO  server.RaftServerConfigKeys (ConfUtils.java:logGet(46)) - raft.server.data-stream.async.request.thread.pool.size = 20 (custom)
2023-01-03 10:06:07,541 [Listener at 127.0.0.1/41175] INFO  server.RaftServerConfigKeys (ConfUtils.java:logGet(46)) - raft.server.data-stream.async.write.thread.pool.size = 16 (default)
2023-01-03 10:06:07,541 [Listener at 127.0.0.1/41175] INFO  server.RaftServerConfigKeys (ConfUtils.java:logGet(46)) - raft.server.data-stream.client.pool.size = 10 (default)
2023-01-03 10:06:07,541 [Listener at 127.0.0.1/41175] INFO  netty.NettyConfigKeys$DataStream (ConfUtils.java:logGet(46)) - raft.netty.dataStream.server.use-epoll = false (default)
2023-01-03 10:06:07,541 [Listener at 127.0.0.1/41175] INFO  netty.NettyConfigKeys$DataStream (ConfUtils.java:logGet(46)) - raft.netty.dataStream.server.boss-group.size = 0 (default)
2023-01-03 10:06:07,541 [Listener at 127.0.0.1/41175] INFO  netty.NettyConfigKeys$DataStream (ConfUtils.java:logGet(46)) - raft.netty.dataStream.server.worker-group.size = 0 (default)
2023-01-03 10:06:07,542 [Listener at 127.0.0.1/41175] INFO  netty.NettyConfigKeys$DataStream (ConfUtils.java:logGet(46)) - raft.netty.dataStream.server.tls.conf = null (default)
2023-01-03 10:06:07,542 [Listener at 127.0.0.1/41175] INFO  netty.NettyConfigKeys$DataStream (ConfUtils.java:logGet(46)) - raft.netty.dataStream.host = null (default)
2023-01-03 10:06:07,542 [Listener at 127.0.0.1/41175] INFO  netty.NettyConfigKeys$DataStream (ConfUtils.java:logGet(46)) - raft.netty.dataStream.port = 0 (default)
2023-01-03 10:06:07,542 [Listener at 127.0.0.1/41175] INFO  server.RaftServerConfigKeys (ConfUtils.java:logGet(46)) - raft.server.threadpool.proxy.cached = true (default)
2023-01-03 10:06:07,542 [Listener at 127.0.0.1/41175] INFO  server.RaftServerConfigKeys (ConfUtils.java:logGet(46)) - raft.server.threadpool.proxy.size = 0 (default)
2023-01-03 10:06:07,542 [Listener at 127.0.0.1/41175] INFO  server.RaftServerConfigKeys (ConfUtils.java:logGet(46)) - raft.server.rpc.slowness.timeout = 300s (custom)
2023-01-03 10:06:07,542 [Listener at 127.0.0.1/41175] INFO  server.RaftServerConfigKeys (ConfUtils.java:logGet(46)) - raft.server.leaderelection.leader.step-down.wait-time = 10s (default)
2023-01-03 10:06:07,543 [Listener at 127.0.0.1/41175] INFO  server.RaftServerConfigKeys (ConfUtils.java:logGet(46)) - raft.server.storage.dir = [/home/runner/work/ozone/ozone/hadoop-ozone/integration-test/target/test-dir/MiniOzoneClusterImpl-70d28db6-796b-4d31-8f04-926db9b5570a/datanode-2/data/ratis] (custom)
2023-01-03 10:06:07,546 [f16244a9-e060-48f3-8727-dfe3ed85a294-NettyServerStreamRpc-bossGroup--thread1] INFO  logging.LoggingHandler (AbstractInternalLogger.java:log(148)) - [id: 0x5c5b68e9] REGISTERED
2023-01-03 10:06:07,546 [f16244a9-e060-48f3-8727-dfe3ed85a294-NettyServerStreamRpc-bossGroup--thread1] INFO  logging.LoggingHandler (AbstractInternalLogger.java:log(148)) - [id: 0x5c5b68e9] BIND: 0.0.0.0/0.0.0.0:0
2023-01-03 10:06:07,546 [f16244a9-e060-48f3-8727-dfe3ed85a294-NettyServerStreamRpc-bossGroup--thread1] INFO  logging.LoggingHandler (AbstractInternalLogger.java:log(148)) - [id: 0x5c5b68e9, L:/0:0:0:0:0:0:0:0:38733] ACTIVE
2023-01-03 10:06:07,547 [Listener at 127.0.0.1/41175] INFO  server.XceiverServerGrpc (XceiverServerGrpc.java:<init>(132)) - GrpcServer channel type EpollServerSocketChannel
2023-01-03 10:06:07,550 [Listener at 127.0.0.1/41175] INFO  http.BaseHttpServer (BaseHttpServer.java:newHttpServer2BuilderForOzone(213)) - Starting Web-server for hddsDatanode at: http://0.0.0.0:0
2023-01-03 10:06:07,550 [Listener at 127.0.0.1/41175] INFO  http.BaseHttpServer (BaseHttpServer.java:<init>(108)) - Hadoop Security Enabled: false Ozone Security Enabled: false Ozone HTTP Security Enabled: false 
2023-01-03 10:06:07,551 [Listener at 127.0.0.1/41175] WARN  server.AuthenticationFilter (AuthenticationFilter.java:constructSecretProvider(240)) - Unable to initialize FileSignerSecretProvider, falling back to use random secrets. Reason: Could not read signature secret file: /home/runner/hadoop-http-auth-signature-secret
2023-01-03 10:06:07,562 [Listener at 127.0.0.1/41175] WARN  http.HttpRequestLog (HttpRequestLog.java:getRequestLog(103)) - Jetty request log can only be enabled using Log4j
2023-01-03 10:06:07,563 [Listener at 127.0.0.1/41175] INFO  http.HttpServer2 (HttpServer2.java:addGlobalFilter(1031)) - Added global filter 'safety' (class=org.apache.hadoop.hdds.server.http.HttpServer2$QuotingInputFilter)
2023-01-03 10:06:07,564 [Listener at 127.0.0.1/41175] INFO  http.HttpServer2 (HttpServer2.java:addFilter(1007)) - Added filter static_user_filter (class=org.apache.hadoop.http.lib.StaticUserWebFilter$StaticUserFilter) to context hddsDatanode
2023-01-03 10:06:07,564 [Listener at 127.0.0.1/41175] INFO  http.HttpServer2 (HttpServer2.java:addFilter(1015)) - Added filter static_user_filter (class=org.apache.hadoop.http.lib.StaticUserWebFilter$StaticUserFilter) to context logs
2023-01-03 10:06:07,564 [Listener at 127.0.0.1/41175] INFO  http.HttpServer2 (HttpServer2.java:addFilter(1015)) - Added filter static_user_filter (class=org.apache.hadoop.http.lib.StaticUserWebFilter$StaticUserFilter) to context static
2023-01-03 10:06:07,564 [Listener at 127.0.0.1/41175] INFO  http.HttpServer2 (HttpServer2.java:bindListener(1250)) - Jetty bound to port 34475
2023-01-03 10:06:07,565 [Listener at 127.0.0.1/41175] INFO  server.Server (Server.java:doStart(375)) - jetty-9.4.49.v20220914; built: 2022-09-14T01:07:36.601Z; git: 4231a3b2e4cb8548a412a789936d640a97b1aa0a; jvm 1.8.0_352-b08
2023-01-03 10:06:07,606 [Listener at 127.0.0.1/41175] INFO  server.session (DefaultSessionIdManager.java:doStart(334)) - DefaultSessionIdManager workerName=node0
2023-01-03 10:06:07,606 [Listener at 127.0.0.1/41175] INFO  server.session (DefaultSessionIdManager.java:doStart(339)) - No SessionScavenger set, using defaults
2023-01-03 10:06:07,607 [Listener at 127.0.0.1/41175] INFO  server.session (HouseKeeper.java:startScavenging(132)) - node0 Scavenging every 600000ms
2023-01-03 10:06:07,611 [Listener at 127.0.0.1/41175] INFO  handler.ContextHandler (ContextHandler.java:doStart(921)) - Started o.e.j.s.ServletContextHandler@629f2844{logs,/logs,file:///home/runner/work/ozone/ozone/hadoop-ozone/integration-test/target/log,AVAILABLE}
2023-01-03 10:06:07,611 [Listener at 127.0.0.1/41175] INFO  handler.ContextHandler (ContextHandler.java:doStart(921)) - Started o.e.j.s.ServletContextHandler@3a3413af{static,/static,jar:file:/home/runner/.m2/repository/org/apache/ozone/hdds-container-service/1.4.0-SNAPSHOT/hdds-container-service-1.4.0-SNAPSHOT.jar!/webapps/static,AVAILABLE}
2023-01-03 10:06:07,627 [om1@group-C5BA1605619E-StateMachineUpdater] INFO  ratis.OzoneManagerStateMachine (OzoneManagerStateMachine.java:notifyConfigurationChanged(192)) - Received Configuration change notification from Ratis. New Peer list:
[id: "om1"
address: "localhost:9872"
startupRole: FOLLOWER
]
2023-01-03 10:06:07,798 [Listener at 127.0.0.1/41175] INFO  handler.ContextHandler (ContextHandler.java:doStart(921)) - Started o.e.j.w.WebAppContext@77e9ab{hddsDatanode,/,file:///tmp/jetty-0_0_0_0-34475-hdds-container-service-1_4_0-SNAPSHOT_jar-_-any-260951632602720032/webapp/,AVAILABLE}{jar:file:/home/runner/.m2/repository/org/apache/ozone/hdds-container-service/1.4.0-SNAPSHOT/hdds-container-service-1.4.0-SNAPSHOT.jar!/webapps/hddsDatanode}
2023-01-03 10:06:07,799 [Listener at 127.0.0.1/41175] INFO  server.AbstractConnector (AbstractConnector.java:doStart(333)) - Started ServerConnector@1a82c5b5{HTTP/1.1, (http/1.1)}{0.0.0.0:34475}
2023-01-03 10:06:07,800 [Listener at 127.0.0.1/41175] INFO  server.Server (Server.java:doStart(415)) - Started @8590ms
2023-01-03 10:06:07,800 [Listener at 127.0.0.1/41175] WARN  impl.MetricsSystemImpl (MetricsSystemImpl.java:register(279)) - Sink prometheus already exists!
2023-01-03 10:06:07,801 [Listener at 127.0.0.1/41175] INFO  http.BaseHttpServer (BaseHttpServer.java:updateConnectorAddress(333)) - HTTP server of hddsDatanode listening at http://0.0.0.0:34475
2023-01-03 10:06:07,802 [Listener at 127.0.0.1/41175] WARN  impl.MetricRegistriesImpl (MetricRegistriesImpl.java:addReporterRegistration(111)) - New reporters are added after registries were created. Some metrics will be missing from the reporter. Please add reporter before adding any new registry.
2023-01-03 10:06:07,802 [Listener at 127.0.0.1/41175] WARN  impl.MetricRegistriesImpl (MetricRegistriesImpl.java:addReporterRegistration(111)) - New reporters are added after registries were created. Some metrics will be missing from the reporter. Please add reporter before adding any new registry.
2023-01-03 10:06:07,802 [Listener at 127.0.0.1/41175] INFO  impl.MetricsSystemImpl (MetricsSystemImpl.java:init(158)) - HddsDatanode metrics system started (again)
2023-01-03 10:06:07,806 [Datanode State Machine Daemon Thread] INFO  statemachine.DatanodeStateMachine (DatanodeStateMachine.java:lambda$startDaemon$0(508)) - Ozone container server started.
2023-01-03 10:06:07,820 [Listener at 127.0.0.1/41175] INFO  ozone.HddsDatanodeService (HddsDatanodeService.java:start(237)) - HddsDatanodeService host:fv-az292-374.tqgtyn10aqxuxoi0mkfbldi5vh.jx.internal.cloudapp.net ip:10.1.0.13
2023-01-03 10:06:07,830 [org.apache.hadoop.util.JvmPauseMonitor$Monitor@43d84aa] INFO  util.JvmPauseMonitor (JvmPauseMonitor.java:run(188)) - Starting JVM pause monitor
2023-01-03 10:06:07,835 [Datanode State Machine Task Thread - 0] INFO  datanode.InitDatanodeState (InitDatanodeState.java:persistContainerDatanodeDetails(138)) - DatanodeDetails is persisted to /home/runner/work/ozone/ozone/hadoop-ozone/integration-test/target/test-dir/MiniOzoneClusterImpl-70d28db6-796b-4d31-8f04-926db9b5570a/datanode-2/meta/datanode.id
2023-01-03 10:06:07,841 [Listener at 127.0.0.1/41175] INFO  upgrade.AbstractLayoutVersionManager (AbstractLayoutVersionManager.java:init(83)) - Initializing Layout version manager with metadata layout = DATANODE_SCHEMA_V3 (version = 4), software layout = DATANODE_SCHEMA_V3 (version = 4)
2023-01-03 10:06:07,887 [Listener at 127.0.0.1/41175] INFO  reflections.Reflections (Reflections.java:scan(232)) - Reflections took 45 ms to scan 7 urls, producing 146 keys and 350 values 
2023-01-03 10:06:07,888 [Listener at 127.0.0.1/41175] INFO  statemachine.DatanodeStateMachine (DatanodeStateMachine.java:getEndPointTaskThreadPoolSize(248)) - Datanode State Machine Task Thread Pool size 2
2023-01-03 10:06:07,890 [Listener at 127.0.0.1/41175] INFO  volume.HddsVolume (HddsVolume.java:<init>(117)) - Creating HddsVolume: /home/runner/work/ozone/ozone/hadoop-ozone/integration-test/target/test-dir/MiniOzoneClusterImpl-70d28db6-796b-4d31-8f04-926db9b5570a/datanode-3/data-0/containers/hdds of storage type : DISK capacity : 9223372036854775807
2023-01-03 10:06:07,890 [Listener at 127.0.0.1/41175] INFO  volume.MutableVolumeSet (MutableVolumeSet.java:initializeVolumeSet(174)) - Added Volume : /home/runner/work/ozone/ozone/hadoop-ozone/integration-test/target/test-dir/MiniOzoneClusterImpl-70d28db6-796b-4d31-8f04-926db9b5570a/datanode-3/data-0/containers/hdds to VolumeSet
2023-01-03 10:06:07,891 [Listener at 127.0.0.1/41175] INFO  volume.ThrottledAsyncChecker (ThrottledAsyncChecker.java:schedule(141)) - Scheduling a check for /home/runner/work/ozone/ozone/hadoop-ozone/integration-test/target/test-dir/MiniOzoneClusterImpl-70d28db6-796b-4d31-8f04-926db9b5570a/datanode-3/data-0/containers/hdds
2023-01-03 10:06:07,891 [Listener at 127.0.0.1/41175] INFO  volume.StorageVolumeChecker (StorageVolumeChecker.java:checkAllVolumes(202)) - Scheduled health check for volume /home/runner/work/ozone/ozone/hadoop-ozone/integration-test/target/test-dir/MiniOzoneClusterImpl-70d28db6-796b-4d31-8f04-926db9b5570a/datanode-3/data-0/containers/hdds
2023-01-03 10:06:07,902 [Listener at 127.0.0.1/41175] INFO  volume.MutableVolumeSet (MutableVolumeSet.java:initializeVolumeSet(174)) - Added Volume : /home/runner/work/ozone/ozone/hadoop-ozone/integration-test/target/test-dir/MiniOzoneClusterImpl-70d28db6-796b-4d31-8f04-926db9b5570a/datanode-3/data/ratis to VolumeSet
2023-01-03 10:06:07,902 [Listener at 127.0.0.1/41175] INFO  volume.ThrottledAsyncChecker (ThrottledAsyncChecker.java:schedule(141)) - Scheduling a check for /home/runner/work/ozone/ozone/hadoop-ozone/integration-test/target/test-dir/MiniOzoneClusterImpl-70d28db6-796b-4d31-8f04-926db9b5570a/datanode-3/data/ratis
2023-01-03 10:06:07,903 [Listener at 127.0.0.1/41175] INFO  volume.StorageVolumeChecker (StorageVolumeChecker.java:checkAllVolumes(202)) - Scheduled health check for volume /home/runner/work/ozone/ozone/hadoop-ozone/integration-test/target/test-dir/MiniOzoneClusterImpl-70d28db6-796b-4d31-8f04-926db9b5570a/datanode-3/data/ratis
2023-01-03 10:06:07,913 [Thread-180] INFO  ozoneimpl.ContainerReader (ContainerReader.java:readVolume(175)) - Finish verifying containers on volume /home/runner/work/ozone/ozone/hadoop-ozone/integration-test/target/test-dir/MiniOzoneClusterImpl-70d28db6-796b-4d31-8f04-926db9b5570a/datanode-3/data-0/containers/hdds
2023-01-03 10:06:07,913 [Listener at 127.0.0.1/41175] INFO  ozoneimpl.OzoneContainer (OzoneContainer.java:buildContainerSet(301)) - Build ContainerSet costs 0s
2023-01-03 10:06:07,916 [Listener at 127.0.0.1/41175] INFO  server.RaftServer (ConfUtils.java:logGet(46)) - raft.rpc.type = GRPC (default)
2023-01-03 10:06:07,916 [Listener at 127.0.0.1/41175] INFO  grpc.GrpcConfigKeys (ConfUtils.java:logFallback(53)) - raft.grpc.admin.host = null (fallback to raft.grpc.server.host)
2023-01-03 10:06:07,916 [Listener at 127.0.0.1/41175] INFO  grpc.GrpcConfigKeys (ConfUtils.java:logGet(46)) - raft.grpc.admin.port = 0 (custom)
2023-01-03 10:06:07,916 [Listener at 127.0.0.1/41175] INFO  grpc.GrpcConfigKeys (ConfUtils.java:logFallback(53)) - raft.grpc.client.host = null (fallback to raft.grpc.server.host)
2023-01-03 10:06:07,917 [Listener at 127.0.0.1/41175] INFO  grpc.GrpcConfigKeys (ConfUtils.java:logGet(46)) - raft.grpc.client.port = 0 (custom)
2023-01-03 10:06:07,917 [Listener at 127.0.0.1/41175] INFO  grpc.GrpcConfigKeys (ConfUtils.java:logGet(46)) - raft.grpc.server.host = null (default)
2023-01-03 10:06:07,917 [Listener at 127.0.0.1/41175] INFO  grpc.GrpcConfigKeys (ConfUtils.java:logGet(46)) - raft.grpc.server.port = 0 (default)
2023-01-03 10:06:07,917 [Listener at 127.0.0.1/41175] INFO  server.GrpcService (ConfUtils.java:logGet(46)) - raft.grpc.message.size.max = 32MB (=33554432) (custom)
2023-01-03 10:06:07,917 [Listener at 127.0.0.1/41175] INFO  server.RaftServerConfigKeys (ConfUtils.java:logGet(46)) - raft.server.log.appender.buffer.byte-limit = 33554432 (custom)
2023-01-03 10:06:07,917 [Listener at 127.0.0.1/41175] INFO  server.GrpcService (ConfUtils.java:logGet(46)) - raft.grpc.flow.control.window = 5MB (=5242880) (custom)
2023-01-03 10:06:07,917 [Listener at 127.0.0.1/41175] INFO  server.RaftServerConfigKeys (ConfUtils.java:logGet(46)) - raft.server.rpc.request.timeout = 60s (custom)
2023-01-03 10:06:07,917 [Listener at 127.0.0.1/41175] INFO  grpc.GrpcConfigKeys (ConfUtils.java:logGet(46)) - raft.grpc.server.heartbeat.channel = true (default)
2023-01-03 10:06:07,917 [Listener at 127.0.0.1/41175] INFO  grpc.GrpcConfigKeys (ConfUtils.java:logGet(46)) - raft.grpc.server.async.request.thread.pool.cached = true (default)
2023-01-03 10:06:07,918 [Listener at 127.0.0.1/41175] INFO  grpc.GrpcConfigKeys (ConfUtils.java:logGet(46)) - raft.grpc.server.async.request.thread.pool.size = 32 (default)
2023-01-03 10:06:07,918 [Listener at 127.0.0.1/41175] INFO  impl.DataStreamServerImpl (ConfUtils.java:logGet(46)) - raft.datastream.type = NETTY (custom)
2023-01-03 10:06:07,919 [Listener at 127.0.0.1/41175] INFO  server.RaftServerConfigKeys (ConfUtils.java:logGet(46)) - raft.server.data-stream.async.request.thread.pool.cached = false (default)
2023-01-03 10:06:07,919 [Listener at 127.0.0.1/41175] INFO  server.RaftServerConfigKeys (ConfUtils.java:logGet(46)) - raft.server.data-stream.async.request.thread.pool.size = 20 (custom)
2023-01-03 10:06:07,919 [Listener at 127.0.0.1/41175] INFO  server.RaftServerConfigKeys (ConfUtils.java:logGet(46)) - raft.server.data-stream.async.write.thread.pool.size = 16 (default)
2023-01-03 10:06:07,919 [Listener at 127.0.0.1/41175] INFO  server.RaftServerConfigKeys (ConfUtils.java:logGet(46)) - raft.server.data-stream.client.pool.size = 10 (default)
2023-01-03 10:06:07,919 [Listener at 127.0.0.1/41175] INFO  netty.NettyConfigKeys$DataStream (ConfUtils.java:logGet(46)) - raft.netty.dataStream.server.use-epoll = false (default)
2023-01-03 10:06:07,920 [Listener at 127.0.0.1/41175] INFO  netty.NettyConfigKeys$DataStream (ConfUtils.java:logGet(46)) - raft.netty.dataStream.server.boss-group.size = 0 (default)
2023-01-03 10:06:07,920 [Listener at 127.0.0.1/41175] INFO  netty.NettyConfigKeys$DataStream (ConfUtils.java:logGet(46)) - raft.netty.dataStream.server.worker-group.size = 0 (default)
2023-01-03 10:06:07,920 [Listener at 127.0.0.1/41175] INFO  netty.NettyConfigKeys$DataStream (ConfUtils.java:logGet(46)) - raft.netty.dataStream.server.tls.conf = null (default)
2023-01-03 10:06:07,920 [Listener at 127.0.0.1/41175] INFO  netty.NettyConfigKeys$DataStream (ConfUtils.java:logGet(46)) - raft.netty.dataStream.host = null (default)
2023-01-03 10:06:07,920 [Listener at 127.0.0.1/41175] INFO  netty.NettyConfigKeys$DataStream (ConfUtils.java:logGet(46)) - raft.netty.dataStream.port = 0 (default)
2023-01-03 10:06:07,921 [Listener at 127.0.0.1/41175] INFO  server.RaftServerConfigKeys (ConfUtils.java:logGet(46)) - raft.server.threadpool.proxy.cached = true (default)
2023-01-03 10:06:07,921 [Listener at 127.0.0.1/41175] INFO  server.RaftServerConfigKeys (ConfUtils.java:logGet(46)) - raft.server.threadpool.proxy.size = 0 (default)
2023-01-03 10:06:07,921 [Listener at 127.0.0.1/41175] INFO  server.RaftServerConfigKeys (ConfUtils.java:logGet(46)) - raft.server.rpc.slowness.timeout = 300s (custom)
2023-01-03 10:06:07,921 [Listener at 127.0.0.1/41175] INFO  server.RaftServerConfigKeys (ConfUtils.java:logGet(46)) - raft.server.leaderelection.leader.step-down.wait-time = 10s (default)
2023-01-03 10:06:07,921 [Listener at 127.0.0.1/41175] INFO  server.RaftServerConfigKeys (ConfUtils.java:logGet(46)) - raft.server.storage.dir = [/home/runner/work/ozone/ozone/hadoop-ozone/integration-test/target/test-dir/MiniOzoneClusterImpl-70d28db6-796b-4d31-8f04-926db9b5570a/datanode-3/data/ratis] (custom)
2023-01-03 10:06:07,928 [Listener at 127.0.0.1/41175] INFO  server.XceiverServerGrpc (XceiverServerGrpc.java:<init>(132)) - GrpcServer channel type EpollServerSocketChannel
2023-01-03 10:06:07,931 [Listener at 127.0.0.1/41175] INFO  http.BaseHttpServer (BaseHttpServer.java:newHttpServer2BuilderForOzone(213)) - Starting Web-server for hddsDatanode at: http://0.0.0.0:0
2023-01-03 10:06:07,931 [Listener at 127.0.0.1/41175] INFO  http.BaseHttpServer (BaseHttpServer.java:<init>(108)) - Hadoop Security Enabled: false Ozone Security Enabled: false Ozone HTTP Security Enabled: false 
2023-01-03 10:06:07,932 [Listener at 127.0.0.1/41175] WARN  server.AuthenticationFilter (AuthenticationFilter.java:constructSecretProvider(240)) - Unable to initialize FileSignerSecretProvider, falling back to use random secrets. Reason: Could not read signature secret file: /home/runner/hadoop-http-auth-signature-secret
2023-01-03 10:06:07,934 [Listener at 127.0.0.1/41175] WARN  http.HttpRequestLog (HttpRequestLog.java:getRequestLog(103)) - Jetty request log can only be enabled using Log4j
2023-01-03 10:06:07,935 [Listener at 127.0.0.1/41175] INFO  http.HttpServer2 (HttpServer2.java:addGlobalFilter(1031)) - Added global filter 'safety' (class=org.apache.hadoop.hdds.server.http.HttpServer2$QuotingInputFilter)
2023-01-03 10:06:07,936 [Listener at 127.0.0.1/41175] INFO  http.HttpServer2 (HttpServer2.java:addFilter(1007)) - Added filter static_user_filter (class=org.apache.hadoop.http.lib.StaticUserWebFilter$StaticUserFilter) to context hddsDatanode
2023-01-03 10:06:07,936 [Listener at 127.0.0.1/41175] INFO  http.HttpServer2 (HttpServer2.java:addFilter(1015)) - Added filter static_user_filter (class=org.apache.hadoop.http.lib.StaticUserWebFilter$StaticUserFilter) to context logs
2023-01-03 10:06:07,936 [Listener at 127.0.0.1/41175] INFO  http.HttpServer2 (HttpServer2.java:addFilter(1015)) - Added filter static_user_filter (class=org.apache.hadoop.http.lib.StaticUserWebFilter$StaticUserFilter) to context static
2023-01-03 10:06:07,936 [Listener at 127.0.0.1/41175] INFO  http.HttpServer2 (HttpServer2.java:bindListener(1250)) - Jetty bound to port 37495
2023-01-03 10:06:07,936 [Listener at 127.0.0.1/41175] INFO  server.Server (Server.java:doStart(375)) - jetty-9.4.49.v20220914; built: 2022-09-14T01:07:36.601Z; git: 4231a3b2e4cb8548a412a789936d640a97b1aa0a; jvm 1.8.0_352-b08
2023-01-03 10:06:07,942 [265cde2e-5350-4bf8-a91b-58e7369f5fcb-NettyServerStreamRpc-bossGroup--thread1] INFO  logging.LoggingHandler (AbstractInternalLogger.java:log(148)) - [id: 0x9ee7277a] REGISTERED
2023-01-03 10:06:07,942 [265cde2e-5350-4bf8-a91b-58e7369f5fcb-NettyServerStreamRpc-bossGroup--thread1] INFO  logging.LoggingHandler (AbstractInternalLogger.java:log(148)) - [id: 0x9ee7277a] BIND: 0.0.0.0/0.0.0.0:0
2023-01-03 10:06:07,942 [265cde2e-5350-4bf8-a91b-58e7369f5fcb-NettyServerStreamRpc-bossGroup--thread1] INFO  logging.LoggingHandler (AbstractInternalLogger.java:log(148)) - [id: 0x9ee7277a, L:/0:0:0:0:0:0:0:0:33331] ACTIVE
2023-01-03 10:06:07,943 [Listener at 127.0.0.1/41175] INFO  server.session (DefaultSessionIdManager.java:doStart(334)) - DefaultSessionIdManager workerName=node0
2023-01-03 10:06:07,943 [Listener at 127.0.0.1/41175] INFO  server.session (DefaultSessionIdManager.java:doStart(339)) - No SessionScavenger set, using defaults
2023-01-03 10:06:07,943 [Listener at 127.0.0.1/41175] INFO  server.session (HouseKeeper.java:startScavenging(132)) - node0 Scavenging every 600000ms
2023-01-03 10:06:07,944 [Listener at 127.0.0.1/41175] INFO  handler.ContextHandler (ContextHandler.java:doStart(921)) - Started o.e.j.s.ServletContextHandler@5cf8a5c9{logs,/logs,file:///home/runner/work/ozone/ozone/hadoop-ozone/integration-test/target/log,AVAILABLE}
2023-01-03 10:06:07,945 [Listener at 127.0.0.1/41175] INFO  handler.ContextHandler (ContextHandler.java:doStart(921)) - Started o.e.j.s.ServletContextHandler@6cfccd32{static,/static,jar:file:/home/runner/.m2/repository/org/apache/ozone/hdds-container-service/1.4.0-SNAPSHOT/hdds-container-service-1.4.0-SNAPSHOT.jar!/webapps/static,AVAILABLE}
2023-01-03 10:06:08,118 [Listener at 127.0.0.1/41175] INFO  handler.ContextHandler (ContextHandler.java:doStart(921)) - Started o.e.j.w.WebAppContext@5a8daa11{hddsDatanode,/,file:///tmp/jetty-0_0_0_0-37495-hdds-container-service-1_4_0-SNAPSHOT_jar-_-any-4482401543440827111/webapp/,AVAILABLE}{jar:file:/home/runner/.m2/repository/org/apache/ozone/hdds-container-service/1.4.0-SNAPSHOT/hdds-container-service-1.4.0-SNAPSHOT.jar!/webapps/hddsDatanode}
2023-01-03 10:06:08,120 [Listener at 127.0.0.1/41175] INFO  server.AbstractConnector (AbstractConnector.java:doStart(333)) - Started ServerConnector@6d7e0845{HTTP/1.1, (http/1.1)}{0.0.0.0:37495}
2023-01-03 10:06:08,120 [Listener at 127.0.0.1/41175] INFO  server.Server (Server.java:doStart(415)) - Started @8910ms
2023-01-03 10:06:08,120 [Listener at 127.0.0.1/41175] WARN  impl.MetricsSystemImpl (MetricsSystemImpl.java:register(279)) - Sink prometheus already exists!
2023-01-03 10:06:08,120 [Listener at 127.0.0.1/41175] INFO  http.BaseHttpServer (BaseHttpServer.java:updateConnectorAddress(333)) - HTTP server of hddsDatanode listening at http://0.0.0.0:37495
2023-01-03 10:06:08,121 [Listener at 127.0.0.1/41175] WARN  impl.MetricRegistriesImpl (MetricRegistriesImpl.java:addReporterRegistration(111)) - New reporters are added after registries were created. Some metrics will be missing from the reporter. Please add reporter before adding any new registry.
2023-01-03 10:06:08,122 [Listener at 127.0.0.1/41175] WARN  impl.MetricRegistriesImpl (MetricRegistriesImpl.java:addReporterRegistration(111)) - New reporters are added after registries were created. Some metrics will be missing from the reporter. Please add reporter before adding any new registry.
2023-01-03 10:06:08,122 [Listener at 127.0.0.1/41175] INFO  impl.MetricsSystemImpl (MetricsSystemImpl.java:init(158)) - HddsDatanode metrics system started (again)
2023-01-03 10:06:08,127 [Datanode State Machine Daemon Thread] INFO  statemachine.DatanodeStateMachine (DatanodeStateMachine.java:lambda$startDaemon$0(508)) - Ozone container server started.
2023-01-03 10:06:08,134 [Listener at 127.0.0.1/41175] INFO  ozone.HddsDatanodeService (HddsDatanodeService.java:start(237)) - HddsDatanodeService host:fv-az292-374.tqgtyn10aqxuxoi0mkfbldi5vh.jx.internal.cloudapp.net ip:10.1.0.13
2023-01-03 10:06:08,142 [org.apache.hadoop.util.JvmPauseMonitor$Monitor@52e993a1] INFO  util.JvmPauseMonitor (JvmPauseMonitor.java:run(188)) - Starting JVM pause monitor
2023-01-03 10:06:08,148 [Datanode State Machine Task Thread - 0] INFO  datanode.InitDatanodeState (InitDatanodeState.java:persistContainerDatanodeDetails(138)) - DatanodeDetails is persisted to /home/runner/work/ozone/ozone/hadoop-ozone/integration-test/target/test-dir/MiniOzoneClusterImpl-70d28db6-796b-4d31-8f04-926db9b5570a/datanode-3/meta/datanode.id
2023-01-03 10:06:08,151 [Listener at 127.0.0.1/41175] INFO  upgrade.AbstractLayoutVersionManager (AbstractLayoutVersionManager.java:init(83)) - Initializing Layout version manager with metadata layout = DATANODE_SCHEMA_V3 (version = 4), software layout = DATANODE_SCHEMA_V3 (version = 4)
2023-01-03 10:06:08,200 [Listener at 127.0.0.1/41175] INFO  reflections.Reflections (Reflections.java:scan(232)) - Reflections took 46 ms to scan 7 urls, producing 146 keys and 350 values 
2023-01-03 10:06:08,201 [Listener at 127.0.0.1/41175] INFO  statemachine.DatanodeStateMachine (DatanodeStateMachine.java:getEndPointTaskThreadPoolSize(248)) - Datanode State Machine Task Thread Pool size 2
2023-01-03 10:06:08,207 [Listener at 127.0.0.1/41175] INFO  volume.HddsVolume (HddsVolume.java:<init>(117)) - Creating HddsVolume: /home/runner/work/ozone/ozone/hadoop-ozone/integration-test/target/test-dir/MiniOzoneClusterImpl-70d28db6-796b-4d31-8f04-926db9b5570a/datanode-4/data-0/containers/hdds of storage type : DISK capacity : 9223372036854775807
2023-01-03 10:06:08,207 [Listener at 127.0.0.1/41175] INFO  volume.MutableVolumeSet (MutableVolumeSet.java:initializeVolumeSet(174)) - Added Volume : /home/runner/work/ozone/ozone/hadoop-ozone/integration-test/target/test-dir/MiniOzoneClusterImpl-70d28db6-796b-4d31-8f04-926db9b5570a/datanode-4/data-0/containers/hdds to VolumeSet
2023-01-03 10:06:08,207 [Listener at 127.0.0.1/41175] INFO  volume.ThrottledAsyncChecker (ThrottledAsyncChecker.java:schedule(141)) - Scheduling a check for /home/runner/work/ozone/ozone/hadoop-ozone/integration-test/target/test-dir/MiniOzoneClusterImpl-70d28db6-796b-4d31-8f04-926db9b5570a/datanode-4/data-0/containers/hdds
2023-01-03 10:06:08,213 [Listener at 127.0.0.1/41175] INFO  volume.StorageVolumeChecker (StorageVolumeChecker.java:checkAllVolumes(202)) - Scheduled health check for volume /home/runner/work/ozone/ozone/hadoop-ozone/integration-test/target/test-dir/MiniOzoneClusterImpl-70d28db6-796b-4d31-8f04-926db9b5570a/datanode-4/data-0/containers/hdds
2023-01-03 10:06:08,225 [Listener at 127.0.0.1/41175] INFO  volume.MutableVolumeSet (MutableVolumeSet.java:initializeVolumeSet(174)) - Added Volume : /home/runner/work/ozone/ozone/hadoop-ozone/integration-test/target/test-dir/MiniOzoneClusterImpl-70d28db6-796b-4d31-8f04-926db9b5570a/datanode-4/data/ratis to VolumeSet
2023-01-03 10:06:08,225 [Listener at 127.0.0.1/41175] INFO  volume.ThrottledAsyncChecker (ThrottledAsyncChecker.java:schedule(141)) - Scheduling a check for /home/runner/work/ozone/ozone/hadoop-ozone/integration-test/target/test-dir/MiniOzoneClusterImpl-70d28db6-796b-4d31-8f04-926db9b5570a/datanode-4/data/ratis
2023-01-03 10:06:08,225 [Listener at 127.0.0.1/41175] INFO  volume.StorageVolumeChecker (StorageVolumeChecker.java:checkAllVolumes(202)) - Scheduled health check for volume /home/runner/work/ozone/ozone/hadoop-ozone/integration-test/target/test-dir/MiniOzoneClusterImpl-70d28db6-796b-4d31-8f04-926db9b5570a/datanode-4/data/ratis
2023-01-03 10:06:08,235 [Thread-194] INFO  ozoneimpl.ContainerReader (ContainerReader.java:readVolume(175)) - Finish verifying containers on volume /home/runner/work/ozone/ozone/hadoop-ozone/integration-test/target/test-dir/MiniOzoneClusterImpl-70d28db6-796b-4d31-8f04-926db9b5570a/datanode-4/data-0/containers/hdds
2023-01-03 10:06:08,236 [Listener at 127.0.0.1/41175] INFO  ozoneimpl.OzoneContainer (OzoneContainer.java:buildContainerSet(301)) - Build ContainerSet costs 0s
2023-01-03 10:06:08,238 [Listener at 127.0.0.1/41175] INFO  server.RaftServer (ConfUtils.java:logGet(46)) - raft.rpc.type = GRPC (default)
2023-01-03 10:06:08,239 [Listener at 127.0.0.1/41175] INFO  grpc.GrpcConfigKeys (ConfUtils.java:logFallback(53)) - raft.grpc.admin.host = null (fallback to raft.grpc.server.host)
2023-01-03 10:06:08,239 [Listener at 127.0.0.1/41175] INFO  grpc.GrpcConfigKeys (ConfUtils.java:logGet(46)) - raft.grpc.admin.port = 0 (custom)
2023-01-03 10:06:08,239 [Listener at 127.0.0.1/41175] INFO  grpc.GrpcConfigKeys (ConfUtils.java:logFallback(53)) - raft.grpc.client.host = null (fallback to raft.grpc.server.host)
2023-01-03 10:06:08,239 [Listener at 127.0.0.1/41175] INFO  grpc.GrpcConfigKeys (ConfUtils.java:logGet(46)) - raft.grpc.client.port = 0 (custom)
2023-01-03 10:06:08,239 [Listener at 127.0.0.1/41175] INFO  grpc.GrpcConfigKeys (ConfUtils.java:logGet(46)) - raft.grpc.server.host = null (default)
2023-01-03 10:06:08,239 [Listener at 127.0.0.1/41175] INFO  grpc.GrpcConfigKeys (ConfUtils.java:logGet(46)) - raft.grpc.server.port = 0 (default)
2023-01-03 10:06:08,239 [Listener at 127.0.0.1/41175] INFO  server.GrpcService (ConfUtils.java:logGet(46)) - raft.grpc.message.size.max = 32MB (=33554432) (custom)
2023-01-03 10:06:08,239 [Listener at 127.0.0.1/41175] INFO  server.RaftServerConfigKeys (ConfUtils.java:logGet(46)) - raft.server.log.appender.buffer.byte-limit = 33554432 (custom)
2023-01-03 10:06:08,239 [Listener at 127.0.0.1/41175] INFO  server.GrpcService (ConfUtils.java:logGet(46)) - raft.grpc.flow.control.window = 5MB (=5242880) (custom)
2023-01-03 10:06:08,240 [Listener at 127.0.0.1/41175] INFO  server.RaftServerConfigKeys (ConfUtils.java:logGet(46)) - raft.server.rpc.request.timeout = 60s (custom)
2023-01-03 10:06:08,240 [Listener at 127.0.0.1/41175] INFO  grpc.GrpcConfigKeys (ConfUtils.java:logGet(46)) - raft.grpc.server.heartbeat.channel = true (default)
2023-01-03 10:06:08,240 [Listener at 127.0.0.1/41175] INFO  grpc.GrpcConfigKeys (ConfUtils.java:logGet(46)) - raft.grpc.server.async.request.thread.pool.cached = true (default)
2023-01-03 10:06:08,240 [Listener at 127.0.0.1/41175] INFO  grpc.GrpcConfigKeys (ConfUtils.java:logGet(46)) - raft.grpc.server.async.request.thread.pool.size = 32 (default)
2023-01-03 10:06:08,241 [Listener at 127.0.0.1/41175] INFO  impl.DataStreamServerImpl (ConfUtils.java:logGet(46)) - raft.datastream.type = NETTY (custom)
2023-01-03 10:06:08,241 [Listener at 127.0.0.1/41175] INFO  server.RaftServerConfigKeys (ConfUtils.java:logGet(46)) - raft.server.data-stream.async.request.thread.pool.cached = false (default)
2023-01-03 10:06:08,241 [Listener at 127.0.0.1/41175] INFO  server.RaftServerConfigKeys (ConfUtils.java:logGet(46)) - raft.server.data-stream.async.request.thread.pool.size = 20 (custom)
2023-01-03 10:06:08,241 [Listener at 127.0.0.1/41175] INFO  server.RaftServerConfigKeys (ConfUtils.java:logGet(46)) - raft.server.data-stream.async.write.thread.pool.size = 16 (default)
2023-01-03 10:06:08,242 [Listener at 127.0.0.1/41175] INFO  server.RaftServerConfigKeys (ConfUtils.java:logGet(46)) - raft.server.data-stream.client.pool.size = 10 (default)
2023-01-03 10:06:08,242 [Listener at 127.0.0.1/41175] INFO  netty.NettyConfigKeys$DataStream (ConfUtils.java:logGet(46)) - raft.netty.dataStream.server.use-epoll = false (default)
2023-01-03 10:06:08,242 [Listener at 127.0.0.1/41175] INFO  netty.NettyConfigKeys$DataStream (ConfUtils.java:logGet(46)) - raft.netty.dataStream.server.boss-group.size = 0 (default)
2023-01-03 10:06:08,242 [Listener at 127.0.0.1/41175] INFO  netty.NettyConfigKeys$DataStream (ConfUtils.java:logGet(46)) - raft.netty.dataStream.server.worker-group.size = 0 (default)
2023-01-03 10:06:08,242 [Listener at 127.0.0.1/41175] INFO  netty.NettyConfigKeys$DataStream (ConfUtils.java:logGet(46)) - raft.netty.dataStream.server.tls.conf = null (default)
2023-01-03 10:06:08,243 [Listener at 127.0.0.1/41175] INFO  netty.NettyConfigKeys$DataStream (ConfUtils.java:logGet(46)) - raft.netty.dataStream.host = null (default)
2023-01-03 10:06:08,243 [Listener at 127.0.0.1/41175] INFO  netty.NettyConfigKeys$DataStream (ConfUtils.java:logGet(46)) - raft.netty.dataStream.port = 0 (default)
2023-01-03 10:06:08,243 [Listener at 127.0.0.1/41175] INFO  server.RaftServerConfigKeys (ConfUtils.java:logGet(46)) - raft.server.threadpool.proxy.cached = true (default)
2023-01-03 10:06:08,243 [Listener at 127.0.0.1/41175] INFO  server.RaftServerConfigKeys (ConfUtils.java:logGet(46)) - raft.server.threadpool.proxy.size = 0 (default)
2023-01-03 10:06:08,243 [Listener at 127.0.0.1/41175] INFO  server.RaftServerConfigKeys (ConfUtils.java:logGet(46)) - raft.server.rpc.slowness.timeout = 300s (custom)
2023-01-03 10:06:08,243 [Listener at 127.0.0.1/41175] INFO  server.RaftServerConfigKeys (ConfUtils.java:logGet(46)) - raft.server.leaderelection.leader.step-down.wait-time = 10s (default)
2023-01-03 10:06:08,244 [Listener at 127.0.0.1/41175] INFO  server.RaftServerConfigKeys (ConfUtils.java:logGet(46)) - raft.server.storage.dir = [/home/runner/work/ozone/ozone/hadoop-ozone/integration-test/target/test-dir/MiniOzoneClusterImpl-70d28db6-796b-4d31-8f04-926db9b5570a/datanode-4/data/ratis] (custom)
2023-01-03 10:06:08,246 [ac21c7e9-4632-4894-bb8a-46dc1ad7aae6-NettyServerStreamRpc-bossGroup--thread1] INFO  logging.LoggingHandler (AbstractInternalLogger.java:log(148)) - [id: 0x4611cf0f] REGISTERED
2023-01-03 10:06:08,247 [Listener at 127.0.0.1/41175] INFO  server.XceiverServerGrpc (XceiverServerGrpc.java:<init>(132)) - GrpcServer channel type EpollServerSocketChannel
2023-01-03 10:06:08,250 [ac21c7e9-4632-4894-bb8a-46dc1ad7aae6-NettyServerStreamRpc-bossGroup--thread1] INFO  logging.LoggingHandler (AbstractInternalLogger.java:log(148)) - [id: 0x4611cf0f] BIND: 0.0.0.0/0.0.0.0:0
2023-01-03 10:06:08,250 [ac21c7e9-4632-4894-bb8a-46dc1ad7aae6-NettyServerStreamRpc-bossGroup--thread1] INFO  logging.LoggingHandler (AbstractInternalLogger.java:log(148)) - [id: 0x4611cf0f, L:/0:0:0:0:0:0:0:0:36409] ACTIVE
2023-01-03 10:06:08,254 [Listener at 127.0.0.1/41175] INFO  http.BaseHttpServer (BaseHttpServer.java:newHttpServer2BuilderForOzone(213)) - Starting Web-server for hddsDatanode at: http://0.0.0.0:0
2023-01-03 10:06:08,254 [Listener at 127.0.0.1/41175] INFO  http.BaseHttpServer (BaseHttpServer.java:<init>(108)) - Hadoop Security Enabled: false Ozone Security Enabled: false Ozone HTTP Security Enabled: false 
2023-01-03 10:06:08,255 [Listener at 127.0.0.1/41175] WARN  server.AuthenticationFilter (AuthenticationFilter.java:constructSecretProvider(240)) - Unable to initialize FileSignerSecretProvider, falling back to use random secrets. Reason: Could not read signature secret file: /home/runner/hadoop-http-auth-signature-secret
2023-01-03 10:06:08,256 [Listener at 127.0.0.1/41175] WARN  http.HttpRequestLog (HttpRequestLog.java:getRequestLog(103)) - Jetty request log can only be enabled using Log4j
2023-01-03 10:06:08,258 [Listener at 127.0.0.1/41175] INFO  http.HttpServer2 (HttpServer2.java:addGlobalFilter(1031)) - Added global filter 'safety' (class=org.apache.hadoop.hdds.server.http.HttpServer2$QuotingInputFilter)
2023-01-03 10:06:08,258 [Listener at 127.0.0.1/41175] INFO  http.HttpServer2 (HttpServer2.java:addFilter(1007)) - Added filter static_user_filter (class=org.apache.hadoop.http.lib.StaticUserWebFilter$StaticUserFilter) to context hddsDatanode
2023-01-03 10:06:08,258 [Listener at 127.0.0.1/41175] INFO  http.HttpServer2 (HttpServer2.java:addFilter(1015)) - Added filter static_user_filter (class=org.apache.hadoop.http.lib.StaticUserWebFilter$StaticUserFilter) to context logs
2023-01-03 10:06:08,259 [Listener at 127.0.0.1/41175] INFO  http.HttpServer2 (HttpServer2.java:addFilter(1015)) - Added filter static_user_filter (class=org.apache.hadoop.http.lib.StaticUserWebFilter$StaticUserFilter) to context static
2023-01-03 10:06:08,259 [Listener at 127.0.0.1/41175] INFO  http.HttpServer2 (HttpServer2.java:bindListener(1250)) - Jetty bound to port 42877
2023-01-03 10:06:08,259 [Listener at 127.0.0.1/41175] INFO  server.Server (Server.java:doStart(375)) - jetty-9.4.49.v20220914; built: 2022-09-14T01:07:36.601Z; git: 4231a3b2e4cb8548a412a789936d640a97b1aa0a; jvm 1.8.0_352-b08
2023-01-03 10:06:08,260 [Listener at 127.0.0.1/41175] INFO  server.session (DefaultSessionIdManager.java:doStart(334)) - DefaultSessionIdManager workerName=node0
2023-01-03 10:06:08,261 [Listener at 127.0.0.1/41175] INFO  server.session (DefaultSessionIdManager.java:doStart(339)) - No SessionScavenger set, using defaults
2023-01-03 10:06:08,261 [Listener at 127.0.0.1/41175] INFO  server.session (HouseKeeper.java:startScavenging(132)) - node0 Scavenging every 600000ms
2023-01-03 10:06:08,263 [Listener at 127.0.0.1/41175] INFO  handler.ContextHandler (ContextHandler.java:doStart(921)) - Started o.e.j.s.ServletContextHandler@4e0fc63f{logs,/logs,file:///home/runner/work/ozone/ozone/hadoop-ozone/integration-test/target/log,AVAILABLE}
2023-01-03 10:06:08,263 [Listener at 127.0.0.1/41175] INFO  handler.ContextHandler (ContextHandler.java:doStart(921)) - Started o.e.j.s.ServletContextHandler@4d84f8a6{static,/static,jar:file:/home/runner/.m2/repository/org/apache/ozone/hdds-container-service/1.4.0-SNAPSHOT/hdds-container-service-1.4.0-SNAPSHOT.jar!/webapps/static,AVAILABLE}
2023-01-03 10:06:08,433 [Listener at 127.0.0.1/41175] INFO  handler.ContextHandler (ContextHandler.java:doStart(921)) - Started o.e.j.w.WebAppContext@5ba0ad41{hddsDatanode,/,file:///tmp/jetty-0_0_0_0-42877-hdds-container-service-1_4_0-SNAPSHOT_jar-_-any-6722253372232116489/webapp/,AVAILABLE}{jar:file:/home/runner/.m2/repository/org/apache/ozone/hdds-container-service/1.4.0-SNAPSHOT/hdds-container-service-1.4.0-SNAPSHOT.jar!/webapps/hddsDatanode}
2023-01-03 10:06:08,434 [Listener at 127.0.0.1/41175] INFO  server.AbstractConnector (AbstractConnector.java:doStart(333)) - Started ServerConnector@2420c8fc{HTTP/1.1, (http/1.1)}{0.0.0.0:42877}
2023-01-03 10:06:08,435 [Listener at 127.0.0.1/41175] INFO  server.Server (Server.java:doStart(415)) - Started @9225ms
2023-01-03 10:06:08,435 [Listener at 127.0.0.1/41175] WARN  impl.MetricsSystemImpl (MetricsSystemImpl.java:register(279)) - Sink prometheus already exists!
2023-01-03 10:06:08,435 [Listener at 127.0.0.1/41175] INFO  http.BaseHttpServer (BaseHttpServer.java:updateConnectorAddress(333)) - HTTP server of hddsDatanode listening at http://0.0.0.0:42877
2023-01-03 10:06:08,436 [Datanode State Machine Daemon Thread] INFO  statemachine.DatanodeStateMachine (DatanodeStateMachine.java:lambda$startDaemon$0(508)) - Ozone container server started.
2023-01-03 10:06:08,439 [Listener at 127.0.0.1/41175] INFO  ozone.MiniOzoneClusterImpl (MiniOzoneClusterImpl.java:lambda$waitForClusterToBeReady$0(217)) - Waiting for nodes to be ready. Got 0 of 5 DN Heartbeats.
2023-01-03 10:06:08,439 [Listener at 127.0.0.1/41175] INFO  ozone.MiniOzoneClusterImpl (MiniOzoneClusterImpl.java:lambda$waitForClusterToBeReady$0(220)) - Waiting for cluster to exit safe mode
2023-01-03 10:06:08,439 [Listener at 127.0.0.1/41175] INFO  ozone.MiniOzoneClusterImpl (MiniOzoneClusterImpl.java:lambda$waitForClusterToBeReady$0(222)) - SCM became leader
2023-01-03 10:06:08,439 [org.apache.hadoop.util.JvmPauseMonitor$Monitor@aedd860] INFO  util.JvmPauseMonitor (JvmPauseMonitor.java:run(188)) - Starting JVM pause monitor
2023-01-03 10:06:08,441 [Datanode State Machine Task Thread - 0] INFO  datanode.InitDatanodeState (InitDatanodeState.java:persistContainerDatanodeDetails(138)) - DatanodeDetails is persisted to /home/runner/work/ozone/ozone/hadoop-ozone/integration-test/target/test-dir/MiniOzoneClusterImpl-70d28db6-796b-4d31-8f04-926db9b5570a/datanode-4/meta/datanode.id
2023-01-03 10:06:08,987 [EndpointStateMachine task thread for /0.0.0.0:36315 - 0 ] INFO  utils.DatanodeStoreCache (DatanodeStoreCache.java:addDB(58)) - Added db /home/runner/work/ozone/ozone/hadoop-ozone/integration-test/target/test-dir/MiniOzoneClusterImpl-70d28db6-796b-4d31-8f04-926db9b5570a/datanode-0/data-0/containers/hdds/70d28db6-796b-4d31-8f04-926db9b5570a/DS-5b872189-f07c-42c8-b1ee-ccf881fc8dcd/container.db to cache
2023-01-03 10:06:08,987 [EndpointStateMachine task thread for /0.0.0.0:36315 - 0 ] INFO  volume.HddsVolume (HddsVolume.java:createDbStore(307)) - SchemaV3 db is created and loaded at /home/runner/work/ozone/ozone/hadoop-ozone/integration-test/target/test-dir/MiniOzoneClusterImpl-70d28db6-796b-4d31-8f04-926db9b5570a/datanode-0/data-0/containers/hdds/70d28db6-796b-4d31-8f04-926db9b5570a/DS-5b872189-f07c-42c8-b1ee-ccf881fc8dcd/container.db for volume DS-5b872189-f07c-42c8-b1ee-ccf881fc8dcd
2023-01-03 10:06:08,988 [EndpointStateMachine task thread for /0.0.0.0:36315 - 0 ] INFO  ozoneimpl.OzoneContainer (OzoneContainer.java:start(395)) - Attempting to start container services.
2023-01-03 10:06:08,990 [EndpointStateMachine task thread for /0.0.0.0:36315 - 0 ] INFO  ozoneimpl.OzoneContainer (OzoneContainer.java:startContainerScrub(312)) - Scheduled background container scanners and the on-demand container scanner have been disabled.
2023-01-03 10:06:08,991 [EndpointStateMachine task thread for /0.0.0.0:36315 - 0 ] INFO  replication.ReplicationServer (ReplicationServer.java:start(106)) - ReplicationServer is started using port 43413
2023-01-03 10:06:08,994 [EndpointStateMachine task thread for /0.0.0.0:36315 - 0 ] INFO  ratis.XceiverServerRatis (XceiverServerRatis.java:start(517)) - Starting XceiverServerRatis e60c2466-e581-4a2a-a391-12b730c6e057
2023-01-03 10:06:09,001 [EndpointStateMachine task thread for /0.0.0.0:36315 - 0 ] INFO  server.RaftServer (RaftServerProxy.java:startImpl(393)) - e60c2466-e581-4a2a-a391-12b730c6e057: start RPC server
2023-01-03 10:06:09,005 [EndpointStateMachine task thread for /0.0.0.0:36315 - 0 ] INFO  server.GrpcService (GrpcService.java:startImpl(262)) - e60c2466-e581-4a2a-a391-12b730c6e057: GrpcService started, listening on 43713
2023-01-03 10:06:09,009 [EndpointStateMachine task thread for /0.0.0.0:36315 - 0 ] INFO  ratis.XceiverServerRatis (XceiverServerRatis.java:getRealPort(543)) - XceiverServerRatis e60c2466-e581-4a2a-a391-12b730c6e057 is started using port 43713 for RATIS
2023-01-03 10:06:09,009 [EndpointStateMachine task thread for /0.0.0.0:36315 - 0 ] INFO  ratis.XceiverServerRatis (XceiverServerRatis.java:getRealPort(543)) - XceiverServerRatis e60c2466-e581-4a2a-a391-12b730c6e057 is started using port 43713 for RATIS_ADMIN
2023-01-03 10:06:09,009 [EndpointStateMachine task thread for /0.0.0.0:36315 - 0 ] INFO  ratis.XceiverServerRatis (XceiverServerRatis.java:getRealPort(543)) - XceiverServerRatis e60c2466-e581-4a2a-a391-12b730c6e057 is started using port 43713 for RATIS_SERVER
2023-01-03 10:06:09,009 [EndpointStateMachine task thread for /0.0.0.0:36315 - 0 ] INFO  ratis.XceiverServerRatis (XceiverServerRatis.java:getRealPort(543)) - XceiverServerRatis e60c2466-e581-4a2a-a391-12b730c6e057 is started using port 34563 for RATIS_DATASTREAM
2023-01-03 10:06:09,010 [JvmPauseMonitor1] INFO  util.JvmPauseMonitor (JvmPauseMonitor.java:run(105)) - JvmPauseMonitor-e60c2466-e581-4a2a-a391-12b730c6e057: Started
2023-01-03 10:06:09,017 [EndpointStateMachine task thread for /0.0.0.0:36315 - 0 ] INFO  server.XceiverServerGrpc (XceiverServerGrpc.java:start(180)) - XceiverServerGrpc e60c2466-e581-4a2a-a391-12b730c6e057 is started using port 44941
2023-01-03 10:06:09,439 [Listener at 127.0.0.1/41175] INFO  ozone.MiniOzoneClusterImpl (MiniOzoneClusterImpl.java:lambda$waitForClusterToBeReady$0(217)) - Waiting for nodes to be ready. Got 0 of 5 DN Heartbeats.
2023-01-03 10:06:09,439 [Listener at 127.0.0.1/41175] INFO  ozone.MiniOzoneClusterImpl (MiniOzoneClusterImpl.java:lambda$waitForClusterToBeReady$0(220)) - Waiting for cluster to exit safe mode
2023-01-03 10:06:09,439 [Listener at 127.0.0.1/41175] INFO  ozone.MiniOzoneClusterImpl (MiniOzoneClusterImpl.java:lambda$waitForClusterToBeReady$0(222)) - SCM became leader
2023-01-03 10:06:09,442 [EndpointStateMachine task thread for /0.0.0.0:36315 - 0 ] INFO  utils.DatanodeStoreCache (DatanodeStoreCache.java:addDB(58)) - Added db /home/runner/work/ozone/ozone/hadoop-ozone/integration-test/target/test-dir/MiniOzoneClusterImpl-70d28db6-796b-4d31-8f04-926db9b5570a/datanode-1/data-0/containers/hdds/70d28db6-796b-4d31-8f04-926db9b5570a/DS-4fb9a323-e50d-490e-b05b-5b4a87f198aa/container.db to cache
2023-01-03 10:06:09,443 [EndpointStateMachine task thread for /0.0.0.0:36315 - 0 ] INFO  volume.HddsVolume (HddsVolume.java:createDbStore(307)) - SchemaV3 db is created and loaded at /home/runner/work/ozone/ozone/hadoop-ozone/integration-test/target/test-dir/MiniOzoneClusterImpl-70d28db6-796b-4d31-8f04-926db9b5570a/datanode-1/data-0/containers/hdds/70d28db6-796b-4d31-8f04-926db9b5570a/DS-4fb9a323-e50d-490e-b05b-5b4a87f198aa/container.db for volume DS-4fb9a323-e50d-490e-b05b-5b4a87f198aa
2023-01-03 10:06:09,443 [EndpointStateMachine task thread for /0.0.0.0:36315 - 0 ] INFO  ozoneimpl.OzoneContainer (OzoneContainer.java:start(395)) - Attempting to start container services.
2023-01-03 10:06:09,443 [EndpointStateMachine task thread for /0.0.0.0:36315 - 0 ] INFO  ozoneimpl.OzoneContainer (OzoneContainer.java:startContainerScrub(312)) - Scheduled background container scanners and the on-demand container scanner have been disabled.
2023-01-03 10:06:09,444 [EndpointStateMachine task thread for /0.0.0.0:36315 - 0 ] INFO  replication.ReplicationServer (ReplicationServer.java:start(106)) - ReplicationServer is started using port 36629
2023-01-03 10:06:09,445 [EndpointStateMachine task thread for /0.0.0.0:36315 - 0 ] INFO  ratis.XceiverServerRatis (XceiverServerRatis.java:start(517)) - Starting XceiverServerRatis 1e90a81f-431a-478a-9b2e-dbda4ffaca44
2023-01-03 10:06:09,446 [EndpointStateMachine task thread for /0.0.0.0:36315 - 0 ] INFO  server.RaftServer (RaftServerProxy.java:startImpl(393)) - 1e90a81f-431a-478a-9b2e-dbda4ffaca44: start RPC server
2023-01-03 10:06:09,447 [EndpointStateMachine task thread for /0.0.0.0:36315 - 0 ] INFO  server.GrpcService (GrpcService.java:startImpl(262)) - 1e90a81f-431a-478a-9b2e-dbda4ffaca44: GrpcService started, listening on 44185
2023-01-03 10:06:09,447 [EndpointStateMachine task thread for /0.0.0.0:36315 - 0 ] INFO  ratis.XceiverServerRatis (XceiverServerRatis.java:getRealPort(543)) - XceiverServerRatis 1e90a81f-431a-478a-9b2e-dbda4ffaca44 is started using port 44185 for RATIS
2023-01-03 10:06:09,447 [EndpointStateMachine task thread for /0.0.0.0:36315 - 0 ] INFO  ratis.XceiverServerRatis (XceiverServerRatis.java:getRealPort(543)) - XceiverServerRatis 1e90a81f-431a-478a-9b2e-dbda4ffaca44 is started using port 44185 for RATIS_ADMIN
2023-01-03 10:06:09,447 [EndpointStateMachine task thread for /0.0.0.0:36315 - 0 ] INFO  ratis.XceiverServerRatis (XceiverServerRatis.java:getRealPort(543)) - XceiverServerRatis 1e90a81f-431a-478a-9b2e-dbda4ffaca44 is started using port 44185 for RATIS_SERVER
2023-01-03 10:06:09,447 [EndpointStateMachine task thread for /0.0.0.0:36315 - 0 ] INFO  ratis.XceiverServerRatis (XceiverServerRatis.java:getRealPort(543)) - XceiverServerRatis 1e90a81f-431a-478a-9b2e-dbda4ffaca44 is started using port 44723 for RATIS_DATASTREAM
2023-01-03 10:06:09,447 [JvmPauseMonitor2] INFO  util.JvmPauseMonitor (JvmPauseMonitor.java:run(105)) - JvmPauseMonitor-1e90a81f-431a-478a-9b2e-dbda4ffaca44: Started
2023-01-03 10:06:09,449 [EndpointStateMachine task thread for /0.0.0.0:36315 - 0 ] INFO  server.XceiverServerGrpc (XceiverServerGrpc.java:start(180)) - XceiverServerGrpc 1e90a81f-431a-478a-9b2e-dbda4ffaca44 is started using port 41267
2023-01-03 10:06:09,862 [EndpointStateMachine task thread for /0.0.0.0:36315 - 0 ] INFO  utils.DatanodeStoreCache (DatanodeStoreCache.java:addDB(58)) - Added db /home/runner/work/ozone/ozone/hadoop-ozone/integration-test/target/test-dir/MiniOzoneClusterImpl-70d28db6-796b-4d31-8f04-926db9b5570a/datanode-2/data-0/containers/hdds/70d28db6-796b-4d31-8f04-926db9b5570a/DS-82e9225f-61c9-4f84-8ed2-a9d8b019da37/container.db to cache
2023-01-03 10:06:09,863 [EndpointStateMachine task thread for /0.0.0.0:36315 - 0 ] INFO  volume.HddsVolume (HddsVolume.java:createDbStore(307)) - SchemaV3 db is created and loaded at /home/runner/work/ozone/ozone/hadoop-ozone/integration-test/target/test-dir/MiniOzoneClusterImpl-70d28db6-796b-4d31-8f04-926db9b5570a/datanode-2/data-0/containers/hdds/70d28db6-796b-4d31-8f04-926db9b5570a/DS-82e9225f-61c9-4f84-8ed2-a9d8b019da37/container.db for volume DS-82e9225f-61c9-4f84-8ed2-a9d8b019da37
2023-01-03 10:06:09,864 [EndpointStateMachine task thread for /0.0.0.0:36315 - 0 ] INFO  ozoneimpl.OzoneContainer (OzoneContainer.java:start(395)) - Attempting to start container services.
2023-01-03 10:06:09,864 [EndpointStateMachine task thread for /0.0.0.0:36315 - 0 ] INFO  ozoneimpl.OzoneContainer (OzoneContainer.java:startContainerScrub(312)) - Scheduled background container scanners and the on-demand container scanner have been disabled.
2023-01-03 10:06:09,867 [EndpointStateMachine task thread for /0.0.0.0:36315 - 0 ] INFO  replication.ReplicationServer (ReplicationServer.java:start(106)) - ReplicationServer is started using port 42295
2023-01-03 10:06:09,867 [EndpointStateMachine task thread for /0.0.0.0:36315 - 0 ] INFO  ratis.XceiverServerRatis (XceiverServerRatis.java:start(517)) - Starting XceiverServerRatis f16244a9-e060-48f3-8727-dfe3ed85a294
2023-01-03 10:06:09,867 [EndpointStateMachine task thread for /0.0.0.0:36315 - 0 ] INFO  server.RaftServer (RaftServerProxy.java:startImpl(393)) - f16244a9-e060-48f3-8727-dfe3ed85a294: start RPC server
2023-01-03 10:06:09,869 [EndpointStateMachine task thread for /0.0.0.0:36315 - 0 ] INFO  server.GrpcService (GrpcService.java:startImpl(262)) - f16244a9-e060-48f3-8727-dfe3ed85a294: GrpcService started, listening on 45615
2023-01-03 10:06:09,869 [EndpointStateMachine task thread for /0.0.0.0:36315 - 0 ] INFO  ratis.XceiverServerRatis (XceiverServerRatis.java:getRealPort(543)) - XceiverServerRatis f16244a9-e060-48f3-8727-dfe3ed85a294 is started using port 45615 for RATIS
2023-01-03 10:06:09,869 [JvmPauseMonitor3] INFO  util.JvmPauseMonitor (JvmPauseMonitor.java:run(105)) - JvmPauseMonitor-f16244a9-e060-48f3-8727-dfe3ed85a294: Started
2023-01-03 10:06:09,869 [EndpointStateMachine task thread for /0.0.0.0:36315 - 0 ] INFO  ratis.XceiverServerRatis (XceiverServerRatis.java:getRealPort(543)) - XceiverServerRatis f16244a9-e060-48f3-8727-dfe3ed85a294 is started using port 45615 for RATIS_ADMIN
2023-01-03 10:06:09,869 [EndpointStateMachine task thread for /0.0.0.0:36315 - 0 ] INFO  ratis.XceiverServerRatis (XceiverServerRatis.java:getRealPort(543)) - XceiverServerRatis f16244a9-e060-48f3-8727-dfe3ed85a294 is started using port 45615 for RATIS_SERVER
2023-01-03 10:06:09,869 [EndpointStateMachine task thread for /0.0.0.0:36315 - 0 ] INFO  ratis.XceiverServerRatis (XceiverServerRatis.java:getRealPort(543)) - XceiverServerRatis f16244a9-e060-48f3-8727-dfe3ed85a294 is started using port 38733 for RATIS_DATASTREAM
2023-01-03 10:06:09,872 [EndpointStateMachine task thread for /0.0.0.0:36315 - 0 ] INFO  server.XceiverServerGrpc (XceiverServerGrpc.java:start(180)) - XceiverServerGrpc f16244a9-e060-48f3-8727-dfe3ed85a294 is started using port 41669
2023-01-03 10:06:10,166 [EndpointStateMachine task thread for /0.0.0.0:36315 - 0 ] INFO  utils.DatanodeStoreCache (DatanodeStoreCache.java:addDB(58)) - Added db /home/runner/work/ozone/ozone/hadoop-ozone/integration-test/target/test-dir/MiniOzoneClusterImpl-70d28db6-796b-4d31-8f04-926db9b5570a/datanode-3/data-0/containers/hdds/70d28db6-796b-4d31-8f04-926db9b5570a/DS-14afbebc-6351-424e-adb4-b837324ecd67/container.db to cache
2023-01-03 10:06:10,166 [EndpointStateMachine task thread for /0.0.0.0:36315 - 0 ] INFO  volume.HddsVolume (HddsVolume.java:createDbStore(307)) - SchemaV3 db is created and loaded at /home/runner/work/ozone/ozone/hadoop-ozone/integration-test/target/test-dir/MiniOzoneClusterImpl-70d28db6-796b-4d31-8f04-926db9b5570a/datanode-3/data-0/containers/hdds/70d28db6-796b-4d31-8f04-926db9b5570a/DS-14afbebc-6351-424e-adb4-b837324ecd67/container.db for volume DS-14afbebc-6351-424e-adb4-b837324ecd67
2023-01-03 10:06:10,167 [EndpointStateMachine task thread for /0.0.0.0:36315 - 0 ] INFO  ozoneimpl.OzoneContainer (OzoneContainer.java:start(395)) - Attempting to start container services.
2023-01-03 10:06:10,167 [EndpointStateMachine task thread for /0.0.0.0:36315 - 0 ] INFO  ozoneimpl.OzoneContainer (OzoneContainer.java:startContainerScrub(312)) - Scheduled background container scanners and the on-demand container scanner have been disabled.
2023-01-03 10:06:10,169 [EndpointStateMachine task thread for /0.0.0.0:36315 - 0 ] INFO  replication.ReplicationServer (ReplicationServer.java:start(106)) - ReplicationServer is started using port 36537
2023-01-03 10:06:10,169 [EndpointStateMachine task thread for /0.0.0.0:36315 - 0 ] INFO  ratis.XceiverServerRatis (XceiverServerRatis.java:start(517)) - Starting XceiverServerRatis 265cde2e-5350-4bf8-a91b-58e7369f5fcb
2023-01-03 10:06:10,170 [EndpointStateMachine task thread for /0.0.0.0:36315 - 0 ] INFO  server.RaftServer (RaftServerProxy.java:startImpl(393)) - 265cde2e-5350-4bf8-a91b-58e7369f5fcb: start RPC server
2023-01-03 10:06:10,173 [EndpointStateMachine task thread for /0.0.0.0:36315 - 0 ] INFO  server.GrpcService (GrpcService.java:startImpl(262)) - 265cde2e-5350-4bf8-a91b-58e7369f5fcb: GrpcService started, listening on 40615
2023-01-03 10:06:10,173 [EndpointStateMachine task thread for /0.0.0.0:36315 - 0 ] INFO  ratis.XceiverServerRatis (XceiverServerRatis.java:getRealPort(543)) - XceiverServerRatis 265cde2e-5350-4bf8-a91b-58e7369f5fcb is started using port 40615 for RATIS
2023-01-03 10:06:10,173 [EndpointStateMachine task thread for /0.0.0.0:36315 - 0 ] INFO  ratis.XceiverServerRatis (XceiverServerRatis.java:getRealPort(543)) - XceiverServerRatis 265cde2e-5350-4bf8-a91b-58e7369f5fcb is started using port 40615 for RATIS_ADMIN
2023-01-03 10:06:10,173 [EndpointStateMachine task thread for /0.0.0.0:36315 - 0 ] INFO  ratis.XceiverServerRatis (XceiverServerRatis.java:getRealPort(543)) - XceiverServerRatis 265cde2e-5350-4bf8-a91b-58e7369f5fcb is started using port 40615 for RATIS_SERVER
2023-01-03 10:06:10,173 [JvmPauseMonitor4] INFO  util.JvmPauseMonitor (JvmPauseMonitor.java:run(105)) - JvmPauseMonitor-265cde2e-5350-4bf8-a91b-58e7369f5fcb: Started
2023-01-03 10:06:10,173 [EndpointStateMachine task thread for /0.0.0.0:36315 - 0 ] INFO  ratis.XceiverServerRatis (XceiverServerRatis.java:getRealPort(543)) - XceiverServerRatis 265cde2e-5350-4bf8-a91b-58e7369f5fcb is started using port 33331 for RATIS_DATASTREAM
2023-01-03 10:06:10,175 [EndpointStateMachine task thread for /0.0.0.0:36315 - 0 ] INFO  server.XceiverServerGrpc (XceiverServerGrpc.java:start(180)) - XceiverServerGrpc 265cde2e-5350-4bf8-a91b-58e7369f5fcb is started using port 40301
2023-01-03 10:06:10,439 [Listener at 127.0.0.1/41175] INFO  ozone.MiniOzoneClusterImpl (MiniOzoneClusterImpl.java:lambda$waitForClusterToBeReady$0(217)) - Waiting for nodes to be ready. Got 0 of 5 DN Heartbeats.
2023-01-03 10:06:10,440 [Listener at 127.0.0.1/41175] INFO  ozone.MiniOzoneClusterImpl (MiniOzoneClusterImpl.java:lambda$waitForClusterToBeReady$0(220)) - Waiting for cluster to exit safe mode
2023-01-03 10:06:10,440 [Listener at 127.0.0.1/41175] INFO  ozone.MiniOzoneClusterImpl (MiniOzoneClusterImpl.java:lambda$waitForClusterToBeReady$0(222)) - SCM became leader
2023-01-03 10:06:10,466 [EndpointStateMachine task thread for /0.0.0.0:36315 - 0 ] INFO  utils.DatanodeStoreCache (DatanodeStoreCache.java:addDB(58)) - Added db /home/runner/work/ozone/ozone/hadoop-ozone/integration-test/target/test-dir/MiniOzoneClusterImpl-70d28db6-796b-4d31-8f04-926db9b5570a/datanode-4/data-0/containers/hdds/70d28db6-796b-4d31-8f04-926db9b5570a/DS-b868055e-60de-4e0c-8ada-bf6b67a92d8f/container.db to cache
2023-01-03 10:06:10,466 [EndpointStateMachine task thread for /0.0.0.0:36315 - 0 ] INFO  volume.HddsVolume (HddsVolume.java:createDbStore(307)) - SchemaV3 db is created and loaded at /home/runner/work/ozone/ozone/hadoop-ozone/integration-test/target/test-dir/MiniOzoneClusterImpl-70d28db6-796b-4d31-8f04-926db9b5570a/datanode-4/data-0/containers/hdds/70d28db6-796b-4d31-8f04-926db9b5570a/DS-b868055e-60de-4e0c-8ada-bf6b67a92d8f/container.db for volume DS-b868055e-60de-4e0c-8ada-bf6b67a92d8f
2023-01-03 10:06:10,466 [EndpointStateMachine task thread for /0.0.0.0:36315 - 0 ] INFO  ozoneimpl.OzoneContainer (OzoneContainer.java:start(395)) - Attempting to start container services.
2023-01-03 10:06:10,466 [EndpointStateMachine task thread for /0.0.0.0:36315 - 0 ] INFO  ozoneimpl.OzoneContainer (OzoneContainer.java:startContainerScrub(312)) - Scheduled background container scanners and the on-demand container scanner have been disabled.
2023-01-03 10:06:10,468 [EndpointStateMachine task thread for /0.0.0.0:36315 - 0 ] INFO  replication.ReplicationServer (ReplicationServer.java:start(106)) - ReplicationServer is started using port 39543
2023-01-03 10:06:10,468 [EndpointStateMachine task thread for /0.0.0.0:36315 - 0 ] INFO  ratis.XceiverServerRatis (XceiverServerRatis.java:start(517)) - Starting XceiverServerRatis ac21c7e9-4632-4894-bb8a-46dc1ad7aae6
2023-01-03 10:06:10,471 [EndpointStateMachine task thread for /0.0.0.0:36315 - 0 ] INFO  server.RaftServer (RaftServerProxy.java:startImpl(393)) - ac21c7e9-4632-4894-bb8a-46dc1ad7aae6: start RPC server
2023-01-03 10:06:10,474 [EndpointStateMachine task thread for /0.0.0.0:36315 - 0 ] INFO  server.GrpcService (GrpcService.java:startImpl(262)) - ac21c7e9-4632-4894-bb8a-46dc1ad7aae6: GrpcService started, listening on 45013
2023-01-03 10:06:10,475 [EndpointStateMachine task thread for /0.0.0.0:36315 - 0 ] INFO  ratis.XceiverServerRatis (XceiverServerRatis.java:getRealPort(543)) - XceiverServerRatis ac21c7e9-4632-4894-bb8a-46dc1ad7aae6 is started using port 45013 for RATIS
2023-01-03 10:06:10,475 [JvmPauseMonitor5] INFO  util.JvmPauseMonitor (JvmPauseMonitor.java:run(105)) - JvmPauseMonitor-ac21c7e9-4632-4894-bb8a-46dc1ad7aae6: Started
2023-01-03 10:06:10,475 [EndpointStateMachine task thread for /0.0.0.0:36315 - 0 ] INFO  ratis.XceiverServerRatis (XceiverServerRatis.java:getRealPort(543)) - XceiverServerRatis ac21c7e9-4632-4894-bb8a-46dc1ad7aae6 is started using port 45013 for RATIS_ADMIN
2023-01-03 10:06:10,475 [EndpointStateMachine task thread for /0.0.0.0:36315 - 0 ] INFO  ratis.XceiverServerRatis (XceiverServerRatis.java:getRealPort(543)) - XceiverServerRatis ac21c7e9-4632-4894-bb8a-46dc1ad7aae6 is started using port 45013 for RATIS_SERVER
2023-01-03 10:06:10,475 [EndpointStateMachine task thread for /0.0.0.0:36315 - 0 ] INFO  ratis.XceiverServerRatis (XceiverServerRatis.java:getRealPort(543)) - XceiverServerRatis ac21c7e9-4632-4894-bb8a-46dc1ad7aae6 is started using port 36409 for RATIS_DATASTREAM
2023-01-03 10:06:10,478 [EndpointStateMachine task thread for /0.0.0.0:36315 - 0 ] INFO  server.XceiverServerGrpc (XceiverServerGrpc.java:start(180)) - XceiverServerGrpc ac21c7e9-4632-4894-bb8a-46dc1ad7aae6 is started using port 34293
2023-01-03 10:06:10,928 [IPC Server handler 6 on default port 36315] INFO  net.NetworkTopologyImpl (NetworkTopologyImpl.java:add(112)) - Added a new node: /default-rack/e60c2466-e581-4a2a-a391-12b730c6e057
2023-01-03 10:06:10,930 [IPC Server handler 6 on default port 36315] INFO  node.SCMNodeManager (SCMNodeManager.java:register(397)) - Registered Data node : e60c2466-e581-4a2a-a391-12b730c6e057{ip: 10.1.0.13, host: fv-az292-374.tqgtyn10aqxuxoi0mkfbldi5vh.jx.internal.cloudapp.net, ports: [REPLICATION=43413, RATIS=43713, RATIS_ADMIN=43713, RATIS_SERVER=43713, RATIS_DATASTREAM=34563, STANDALONE=44941], networkLocation: /default-rack, certSerialId: null, persistedOpState: null, persistedOpStateExpiryEpochSec: 0}
2023-01-03 10:06:10,933 [EventQueue-NodeRegistrationContainerReportForContainerSafeModeRule] INFO  safemode.SCMSafeModeManager (SCMSafeModeManager.java:validateSafeModeExitRules(200)) - ContainerSafeModeRule rule is successfully validated
2023-01-03 10:06:10,934 [EventQueue-NewNodeForNewNodeHandler] INFO  pipeline.BackgroundPipelineCreator (BackgroundPipelineCreator.java:notifyEventTriggered(276)) - trigger a one-shot run on RatisPipelineUtilsThread.
2023-01-03 10:06:10,935 [EventQueue-NodeRegistrationContainerReportForDataNodeSafeModeRule] INFO  safemode.SCMSafeModeManager (DataNodeSafeModeRule.java:process(71)) - SCM in safe mode. 1 DataNodes registered, 3 required.
2023-01-03 10:06:10,935 [EventQueue-PipelineReportForOneReplicaPipelineSafeModeRule] INFO  safemode.SCMSafeModeManager (SCMSafeModeManager.java:validateSafeModeExitRules(200)) - AtleastOneDatanodeReportedRule rule is successfully validated
2023-01-03 10:06:10,942 [RatisPipelineUtilsThread - 0] INFO  pipeline.RatisPipelineProvider (RatisPipelineProvider.java:lambda$create$0(206)) - Sending CreatePipelineCommand for pipeline:PipelineID=8bf171a2-1b6b-4829-b5d0-afa704d09044 to datanode:e60c2466-e581-4a2a-a391-12b730c6e057
2023-01-03 10:06:10,950 [RatisPipelineUtilsThread - 0] INFO  pipeline.PipelineStateManagerImpl (PipelineStateManagerImpl.java:addPipeline(103)) - Created pipeline Pipeline[ Id: 8bf171a2-1b6b-4829-b5d0-afa704d09044, Nodes: e60c2466-e581-4a2a-a391-12b730c6e057{ip: 10.1.0.13, host: fv-az292-374.tqgtyn10aqxuxoi0mkfbldi5vh.jx.internal.cloudapp.net, ports: [REPLICATION=43413, RATIS=43713, RATIS_ADMIN=43713, RATIS_SERVER=43713, RATIS_DATASTREAM=34563, STANDALONE=44941], networkLocation: /default-rack, certSerialId: null, persistedOpState: IN_SERVICE, persistedOpStateExpiryEpochSec: 0}, ReplicationConfig: RATIS/ONE, State:ALLOCATED, leaderId:, CreationTimestamp2023-01-03T10:06:10.941Z[Etc/UTC]].
2023-01-03 10:06:11,420 [IPC Server handler 7 on default port 36315] INFO  net.NetworkTopologyImpl (NetworkTopologyImpl.java:add(112)) - Added a new node: /default-rack/1e90a81f-431a-478a-9b2e-dbda4ffaca44
2023-01-03 10:06:11,420 [IPC Server handler 7 on default port 36315] INFO  node.SCMNodeManager (SCMNodeManager.java:register(397)) - Registered Data node : 1e90a81f-431a-478a-9b2e-dbda4ffaca44{ip: 10.1.0.13, host: fv-az292-374.tqgtyn10aqxuxoi0mkfbldi5vh.jx.internal.cloudapp.net, ports: [REPLICATION=36629, RATIS=44185, RATIS_ADMIN=44185, RATIS_SERVER=44185, RATIS_DATASTREAM=44723, STANDALONE=41267], networkLocation: /default-rack, certSerialId: null, persistedOpState: null, persistedOpStateExpiryEpochSec: 0}
2023-01-03 10:06:11,421 [EventQueue-NewNodeForNewNodeHandler] INFO  pipeline.BackgroundPipelineCreator (BackgroundPipelineCreator.java:notifyEventTriggered(276)) - trigger a one-shot run on RatisPipelineUtilsThread.
2023-01-03 10:06:11,421 [EventQueue-NodeRegistrationContainerReportForDataNodeSafeModeRule] INFO  safemode.SCMSafeModeManager (DataNodeSafeModeRule.java:process(71)) - SCM in safe mode. 2 DataNodes registered, 3 required.
2023-01-03 10:06:11,422 [RatisPipelineUtilsThread - 0] INFO  pipeline.RatisPipelineProvider (RatisPipelineProvider.java:lambda$create$0(206)) - Sending CreatePipelineCommand for pipeline:PipelineID=0cfe0456-36d8-4b5b-993a-4930332e8d38 to datanode:1e90a81f-431a-478a-9b2e-dbda4ffaca44
2023-01-03 10:06:11,423 [RatisPipelineUtilsThread - 0] INFO  pipeline.PipelineStateManagerImpl (PipelineStateManagerImpl.java:addPipeline(103)) - Created pipeline Pipeline[ Id: 0cfe0456-36d8-4b5b-993a-4930332e8d38, Nodes: 1e90a81f-431a-478a-9b2e-dbda4ffaca44{ip: 10.1.0.13, host: fv-az292-374.tqgtyn10aqxuxoi0mkfbldi5vh.jx.internal.cloudapp.net, ports: [REPLICATION=36629, RATIS=44185, RATIS_ADMIN=44185, RATIS_SERVER=44185, RATIS_DATASTREAM=44723, STANDALONE=41267], networkLocation: /default-rack, certSerialId: null, persistedOpState: IN_SERVICE, persistedOpStateExpiryEpochSec: 0}, ReplicationConfig: RATIS/ONE, State:ALLOCATED, leaderId:, CreationTimestamp2023-01-03T10:06:11.422Z[Etc/UTC]].
2023-01-03 10:06:11,440 [Listener at 127.0.0.1/41175] INFO  ozone.MiniOzoneClusterImpl (MiniOzoneClusterImpl.java:lambda$waitForClusterToBeReady$0(217)) - Waiting for nodes to be ready. Got 2 of 5 DN Heartbeats.
2023-01-03 10:06:11,440 [Listener at 127.0.0.1/41175] INFO  ozone.MiniOzoneClusterImpl (MiniOzoneClusterImpl.java:lambda$waitForClusterToBeReady$0(220)) - Waiting for cluster to exit safe mode
2023-01-03 10:06:11,440 [Listener at 127.0.0.1/41175] INFO  ozone.MiniOzoneClusterImpl (MiniOzoneClusterImpl.java:lambda$waitForClusterToBeReady$0(222)) - SCM became leader
2023-01-03 10:06:11,832 [IPC Server handler 6 on default port 36315] INFO  net.NetworkTopologyImpl (NetworkTopologyImpl.java:add(112)) - Added a new node: /default-rack/f16244a9-e060-48f3-8727-dfe3ed85a294
2023-01-03 10:06:11,833 [IPC Server handler 6 on default port 36315] INFO  node.SCMNodeManager (SCMNodeManager.java:register(397)) - Registered Data node : f16244a9-e060-48f3-8727-dfe3ed85a294{ip: 10.1.0.13, host: fv-az292-374.tqgtyn10aqxuxoi0mkfbldi5vh.jx.internal.cloudapp.net, ports: [REPLICATION=42295, RATIS=45615, RATIS_ADMIN=45615, RATIS_SERVER=45615, RATIS_DATASTREAM=38733, STANDALONE=41669], networkLocation: /default-rack, certSerialId: null, persistedOpState: null, persistedOpStateExpiryEpochSec: 0}
2023-01-03 10:06:11,833 [EventQueue-NewNodeForNewNodeHandler] INFO  pipeline.BackgroundPipelineCreator (BackgroundPipelineCreator.java:notifyEventTriggered(276)) - trigger a one-shot run on RatisPipelineUtilsThread.
2023-01-03 10:06:11,833 [EventQueue-NodeRegistrationContainerReportForDataNodeSafeModeRule] INFO  safemode.SCMSafeModeManager (DataNodeSafeModeRule.java:process(71)) - SCM in safe mode. 3 DataNodes registered, 3 required.
2023-01-03 10:06:11,833 [EventQueue-NodeRegistrationContainerReportForDataNodeSafeModeRule] INFO  safemode.SCMSafeModeManager (SCMSafeModeManager.java:validateSafeModeExitRules(200)) - DataNodeSafeModeRule rule is successfully validated
2023-01-03 10:06:11,834 [EventQueue-NodeRegistrationContainerReportForDataNodeSafeModeRule] INFO  safemode.SCMSafeModeManager (SCMSafeModeManager.java:completePreCheck(229)) - All SCM safe mode pre check rules have passed
2023-01-03 10:06:11,834 [EventQueue-NodeRegistrationContainerReportForDataNodeSafeModeRule] INFO  ha.SCMContext (SCMContext.java:updateSafeModeStatus(228)) - Update SafeModeStatus from SafeModeStatus{safeModeStatus=true, preCheckPassed=false} to SafeModeStatus{safeModeStatus=true, preCheckPassed=true}.
2023-01-03 10:06:11,834 [EventQueue-NodeRegistrationContainerReportForDataNodeSafeModeRule] INFO  pipeline.BackgroundPipelineCreator (BackgroundPipelineCreator.java:notifyEventTriggered(276)) - trigger a one-shot run on RatisPipelineUtilsThread.
2023-01-03 10:06:11,834 [RatisPipelineUtilsThread - 0] INFO  pipeline.RatisPipelineProvider (RatisPipelineProvider.java:lambda$create$0(206)) - Sending CreatePipelineCommand for pipeline:PipelineID=89c5b1ff-fd4a-40dc-8c9b-837e6cccaa62 to datanode:f16244a9-e060-48f3-8727-dfe3ed85a294
2023-01-03 10:06:11,835 [RatisPipelineUtilsThread - 0] INFO  pipeline.PipelineStateManagerImpl (PipelineStateManagerImpl.java:addPipeline(103)) - Created pipeline Pipeline[ Id: 89c5b1ff-fd4a-40dc-8c9b-837e6cccaa62, Nodes: f16244a9-e060-48f3-8727-dfe3ed85a294{ip: 10.1.0.13, host: fv-az292-374.tqgtyn10aqxuxoi0mkfbldi5vh.jx.internal.cloudapp.net, ports: [REPLICATION=42295, RATIS=45615, RATIS_ADMIN=45615, RATIS_SERVER=45615, RATIS_DATASTREAM=38733, STANDALONE=41669], networkLocation: /default-rack, certSerialId: null, persistedOpState: IN_SERVICE, persistedOpStateExpiryEpochSec: 0}, ReplicationConfig: RATIS/ONE, State:ALLOCATED, leaderId:, CreationTimestamp2023-01-03T10:06:11.834Z[Etc/UTC]].
2023-01-03 10:06:11,838 [RatisPipelineUtilsThread - 0] INFO  pipeline.RatisPipelineProvider (RatisPipelineProvider.java:lambda$create$0(206)) - Sending CreatePipelineCommand for pipeline:PipelineID=ec118c1c-3abc-4c50-81b9-108c4b708aa8 to datanode:1e90a81f-431a-478a-9b2e-dbda4ffaca44
2023-01-03 10:06:11,838 [RatisPipelineUtilsThread - 0] INFO  pipeline.RatisPipelineProvider (RatisPipelineProvider.java:lambda$create$0(206)) - Sending CreatePipelineCommand for pipeline:PipelineID=ec118c1c-3abc-4c50-81b9-108c4b708aa8 to datanode:f16244a9-e060-48f3-8727-dfe3ed85a294
2023-01-03 10:06:11,838 [RatisPipelineUtilsThread - 0] INFO  pipeline.RatisPipelineProvider (RatisPipelineProvider.java:lambda$create$0(206)) - Sending CreatePipelineCommand for pipeline:PipelineID=ec118c1c-3abc-4c50-81b9-108c4b708aa8 to datanode:e60c2466-e581-4a2a-a391-12b730c6e057
2023-01-03 10:06:11,839 [RatisPipelineUtilsThread - 0] INFO  pipeline.PipelineStateManagerImpl (PipelineStateManagerImpl.java:addPipeline(103)) - Created pipeline Pipeline[ Id: ec118c1c-3abc-4c50-81b9-108c4b708aa8, Nodes: 1e90a81f-431a-478a-9b2e-dbda4ffaca44{ip: 10.1.0.13, host: fv-az292-374.tqgtyn10aqxuxoi0mkfbldi5vh.jx.internal.cloudapp.net, ports: [REPLICATION=36629, RATIS=44185, RATIS_ADMIN=44185, RATIS_SERVER=44185, RATIS_DATASTREAM=44723, STANDALONE=41267], networkLocation: /default-rack, certSerialId: null, persistedOpState: IN_SERVICE, persistedOpStateExpiryEpochSec: 0}f16244a9-e060-48f3-8727-dfe3ed85a294{ip: 10.1.0.13, host: fv-az292-374.tqgtyn10aqxuxoi0mkfbldi5vh.jx.internal.cloudapp.net, ports: [REPLICATION=42295, RATIS=45615, RATIS_ADMIN=45615, RATIS_SERVER=45615, RATIS_DATASTREAM=38733, STANDALONE=41669], networkLocation: /default-rack, certSerialId: null, persistedOpState: IN_SERVICE, persistedOpStateExpiryEpochSec: 0}e60c2466-e581-4a2a-a391-12b730c6e057{ip: 10.1.0.13, host: fv-az292-374.tqgtyn10aqxuxoi0mkfbldi5vh.jx.internal.cloudapp.net, ports: [REPLICATION=43413, RATIS=43713, RATIS_ADMIN=43713, RATIS_SERVER=43713, RATIS_DATASTREAM=34563, STANDALONE=44941], networkLocation: /default-rack, certSerialId: null, persistedOpState: IN_SERVICE, persistedOpStateExpiryEpochSec: 0}, ReplicationConfig: RATIS/THREE, State:ALLOCATED, leaderId:, CreationTimestamp2023-01-03T10:06:11.838Z[Etc/UTC]].
2023-01-03 10:06:11,841 [RatisPipelineUtilsThread - 0] INFO  pipeline.RatisPipelineProvider (RatisPipelineProvider.java:lambda$create$0(206)) - Sending CreatePipelineCommand for pipeline:PipelineID=e77512d2-e62e-4623-9b52-e0c05578d4fa to datanode:1e90a81f-431a-478a-9b2e-dbda4ffaca44
2023-01-03 10:06:11,841 [RatisPipelineUtilsThread - 0] INFO  pipeline.RatisPipelineProvider (RatisPipelineProvider.java:lambda$create$0(206)) - Sending CreatePipelineCommand for pipeline:PipelineID=e77512d2-e62e-4623-9b52-e0c05578d4fa to datanode:e60c2466-e581-4a2a-a391-12b730c6e057
2023-01-03 10:06:11,841 [RatisPipelineUtilsThread - 0] INFO  pipeline.RatisPipelineProvider (RatisPipelineProvider.java:lambda$create$0(206)) - Sending CreatePipelineCommand for pipeline:PipelineID=e77512d2-e62e-4623-9b52-e0c05578d4fa to datanode:f16244a9-e060-48f3-8727-dfe3ed85a294
2023-01-03 10:06:11,842 [RatisPipelineUtilsThread - 0] INFO  pipeline.PipelineStateManagerImpl (PipelineStateManagerImpl.java:addPipeline(103)) - Created pipeline Pipeline[ Id: e77512d2-e62e-4623-9b52-e0c05578d4fa, Nodes: 1e90a81f-431a-478a-9b2e-dbda4ffaca44{ip: 10.1.0.13, host: fv-az292-374.tqgtyn10aqxuxoi0mkfbldi5vh.jx.internal.cloudapp.net, ports: [REPLICATION=36629, RATIS=44185, RATIS_ADMIN=44185, RATIS_SERVER=44185, RATIS_DATASTREAM=44723, STANDALONE=41267], networkLocation: /default-rack, certSerialId: null, persistedOpState: IN_SERVICE, persistedOpStateExpiryEpochSec: 0}e60c2466-e581-4a2a-a391-12b730c6e057{ip: 10.1.0.13, host: fv-az292-374.tqgtyn10aqxuxoi0mkfbldi5vh.jx.internal.cloudapp.net, ports: [REPLICATION=43413, RATIS=43713, RATIS_ADMIN=43713, RATIS_SERVER=43713, RATIS_DATASTREAM=34563, STANDALONE=44941], networkLocation: /default-rack, certSerialId: null, persistedOpState: IN_SERVICE, persistedOpStateExpiryEpochSec: 0}f16244a9-e060-48f3-8727-dfe3ed85a294{ip: 10.1.0.13, host: fv-az292-374.tqgtyn10aqxuxoi0mkfbldi5vh.jx.internal.cloudapp.net, ports: [REPLICATION=42295, RATIS=45615, RATIS_ADMIN=45615, RATIS_SERVER=45615, RATIS_DATASTREAM=38733, STANDALONE=41669], networkLocation: /default-rack, certSerialId: null, persistedOpState: IN_SERVICE, persistedOpStateExpiryEpochSec: 0}, ReplicationConfig: RATIS/THREE, State:ALLOCATED, leaderId:, CreationTimestamp2023-01-03T10:06:11.841Z[Etc/UTC]].
2023-01-03 10:06:11,842 [RatisPipelineUtilsThread - 0] INFO  pipeline.PipelineManagerImpl (PipelineManagerImpl.java:recordMetricsForPipeline(826)) - Pipeline: PipelineID=e77512d2-e62e-4623-9b52-e0c05578d4fa contains same datanodes as previous pipelines: PipelineID=ec118c1c-3abc-4c50-81b9-108c4b708aa8 nodeIds: 1e90a81f-431a-478a-9b2e-dbda4ffaca44, e60c2466-e581-4a2a-a391-12b730c6e057, f16244a9-e060-48f3-8727-dfe3ed85a294
2023-01-03 10:06:11,842 [RatisPipelineUtilsThread - 0] WARN  pipeline.PipelinePlacementPolicy (PipelinePlacementPolicy.java:filterViableNodes(158)) - Pipeline creation failed due to no sufficient healthy datanodes. Required 3. Found 0.
2023-01-03 10:06:12,144 [IPC Server handler 8 on default port 36315] INFO  net.NetworkTopologyImpl (NetworkTopologyImpl.java:add(112)) - Added a new node: /default-rack/265cde2e-5350-4bf8-a91b-58e7369f5fcb
2023-01-03 10:06:12,145 [IPC Server handler 8 on default port 36315] INFO  node.SCMNodeManager (SCMNodeManager.java:register(397)) - Registered Data node : 265cde2e-5350-4bf8-a91b-58e7369f5fcb{ip: 10.1.0.13, host: fv-az292-374.tqgtyn10aqxuxoi0mkfbldi5vh.jx.internal.cloudapp.net, ports: [REPLICATION=36537, RATIS=40615, RATIS_ADMIN=40615, RATIS_SERVER=40615, RATIS_DATASTREAM=33331, STANDALONE=40301], networkLocation: /default-rack, certSerialId: null, persistedOpState: null, persistedOpStateExpiryEpochSec: 0}
2023-01-03 10:06:12,145 [EventQueue-NewNodeForNewNodeHandler] INFO  pipeline.BackgroundPipelineCreator (BackgroundPipelineCreator.java:notifyEventTriggered(276)) - trigger a one-shot run on RatisPipelineUtilsThread.
2023-01-03 10:06:12,146 [RatisPipelineUtilsThread - 0] INFO  pipeline.RatisPipelineProvider (RatisPipelineProvider.java:lambda$create$0(206)) - Sending CreatePipelineCommand for pipeline:PipelineID=1d9d8080-1cc3-4f16-9e20-157a35284fe4 to datanode:265cde2e-5350-4bf8-a91b-58e7369f5fcb
2023-01-03 10:06:12,146 [RatisPipelineUtilsThread - 0] INFO  pipeline.PipelineStateManagerImpl (PipelineStateManagerImpl.java:addPipeline(103)) - Created pipeline Pipeline[ Id: 1d9d8080-1cc3-4f16-9e20-157a35284fe4, Nodes: 265cde2e-5350-4bf8-a91b-58e7369f5fcb{ip: 10.1.0.13, host: fv-az292-374.tqgtyn10aqxuxoi0mkfbldi5vh.jx.internal.cloudapp.net, ports: [REPLICATION=36537, RATIS=40615, RATIS_ADMIN=40615, RATIS_SERVER=40615, RATIS_DATASTREAM=33331, STANDALONE=40301], networkLocation: /default-rack, certSerialId: null, persistedOpState: IN_SERVICE, persistedOpStateExpiryEpochSec: 0}, ReplicationConfig: RATIS/ONE, State:ALLOCATED, leaderId:, CreationTimestamp2023-01-03T10:06:12.146Z[Etc/UTC]].
2023-01-03 10:06:12,147 [RatisPipelineUtilsThread - 0] WARN  pipeline.PipelinePlacementPolicy (PipelinePlacementPolicy.java:filterViableNodes(158)) - Pipeline creation failed due to no sufficient healthy datanodes. Required 3. Found 1.
2023-01-03 10:06:12,441 [Listener at 127.0.0.1/41175] INFO  ozone.MiniOzoneClusterImpl (MiniOzoneClusterImpl.java:lambda$waitForClusterToBeReady$0(217)) - Waiting for nodes to be ready. Got 4 of 5 DN Heartbeats.
2023-01-03 10:06:12,441 [Listener at 127.0.0.1/41175] INFO  ozone.MiniOzoneClusterImpl (MiniOzoneClusterImpl.java:lambda$waitForClusterToBeReady$0(220)) - Waiting for cluster to exit safe mode
2023-01-03 10:06:12,442 [Listener at 127.0.0.1/41175] INFO  ozone.MiniOzoneClusterImpl (MiniOzoneClusterImpl.java:lambda$waitForClusterToBeReady$0(222)) - SCM became leader
2023-01-03 10:06:12,441 [IPC Server handler 6 on default port 36315] INFO  net.NetworkTopologyImpl (NetworkTopologyImpl.java:add(112)) - Added a new node: /default-rack/ac21c7e9-4632-4894-bb8a-46dc1ad7aae6
2023-01-03 10:06:12,442 [IPC Server handler 6 on default port 36315] INFO  node.SCMNodeManager (SCMNodeManager.java:register(397)) - Registered Data node : ac21c7e9-4632-4894-bb8a-46dc1ad7aae6{ip: 10.1.0.13, host: fv-az292-374.tqgtyn10aqxuxoi0mkfbldi5vh.jx.internal.cloudapp.net, ports: [REPLICATION=39543, RATIS=45013, RATIS_ADMIN=45013, RATIS_SERVER=45013, RATIS_DATASTREAM=36409, STANDALONE=34293], networkLocation: /default-rack, certSerialId: null, persistedOpState: null, persistedOpStateExpiryEpochSec: 0}
2023-01-03 10:06:12,442 [EventQueue-NewNodeForNewNodeHandler] INFO  pipeline.BackgroundPipelineCreator (BackgroundPipelineCreator.java:notifyEventTriggered(276)) - trigger a one-shot run on RatisPipelineUtilsThread.
2023-01-03 10:06:12,443 [RatisPipelineUtilsThread - 0] INFO  pipeline.RatisPipelineProvider (RatisPipelineProvider.java:lambda$create$0(206)) - Sending CreatePipelineCommand for pipeline:PipelineID=bf5defad-d316-4bd9-bf92-216d74bd08fa to datanode:ac21c7e9-4632-4894-bb8a-46dc1ad7aae6
2023-01-03 10:06:12,443 [RatisPipelineUtilsThread - 0] INFO  pipeline.PipelineStateManagerImpl (PipelineStateManagerImpl.java:addPipeline(103)) - Created pipeline Pipeline[ Id: bf5defad-d316-4bd9-bf92-216d74bd08fa, Nodes: ac21c7e9-4632-4894-bb8a-46dc1ad7aae6{ip: 10.1.0.13, host: fv-az292-374.tqgtyn10aqxuxoi0mkfbldi5vh.jx.internal.cloudapp.net, ports: [REPLICATION=39543, RATIS=45013, RATIS_ADMIN=45013, RATIS_SERVER=45013, RATIS_DATASTREAM=36409, STANDALONE=34293], networkLocation: /default-rack, certSerialId: null, persistedOpState: IN_SERVICE, persistedOpStateExpiryEpochSec: 0}, ReplicationConfig: RATIS/ONE, State:ALLOCATED, leaderId:, CreationTimestamp2023-01-03T10:06:12.442Z[Etc/UTC]].
2023-01-03 10:06:12,444 [RatisPipelineUtilsThread - 0] WARN  pipeline.PipelinePlacementPolicy (PipelinePlacementPolicy.java:filterViableNodes(158)) - Pipeline creation failed due to no sufficient healthy datanodes. Required 3. Found 2.
2023-01-03 10:06:12,918 [EventQueue-CommandQueueReportForCommandQueueReportHandler] WARN  events.EventQueue (EventQueue.java:fireEvent(216)) - No event handler registered for event TypedEvent{payloadType=DatanodeDetails, name='Datanode_Command_Queue_Updated'}
2023-01-03 10:06:13,420 [EventQueue-CommandQueueReportForCommandQueueReportHandler] WARN  events.EventQueue (EventQueue.java:fireEvent(216)) - No event handler registered for event TypedEvent{payloadType=DatanodeDetails, name='Datanode_Command_Queue_Updated'}
2023-01-03 10:06:13,442 [Listener at 127.0.0.1/41175] INFO  ozone.MiniOzoneClusterImpl (MiniOzoneClusterImpl.java:lambda$waitForClusterToBeReady$0(217)) - Nodes are ready. Got 5 of 5 DN Heartbeats.
2023-01-03 10:06:13,442 [Listener at 127.0.0.1/41175] INFO  ozone.MiniOzoneClusterImpl (MiniOzoneClusterImpl.java:lambda$waitForClusterToBeReady$0(220)) - Waiting for cluster to exit safe mode
2023-01-03 10:06:13,442 [Listener at 127.0.0.1/41175] INFO  ozone.MiniOzoneClusterImpl (MiniOzoneClusterImpl.java:lambda$waitForClusterToBeReady$0(222)) - SCM became leader
2023-01-03 10:06:13,833 [EventQueue-CommandQueueReportForCommandQueueReportHandler] WARN  events.EventQueue (EventQueue.java:fireEvent(216)) - No event handler registered for event TypedEvent{payloadType=DatanodeDetails, name='Datanode_Command_Queue_Updated'}
2023-01-03 10:06:13,903 [EventQueue-CommandQueueReportForCommandQueueReportHandler] WARN  events.EventQueue (EventQueue.java:fireEvent(216)) - No event handler registered for event TypedEvent{payloadType=DatanodeDetails, name='Datanode_Command_Queue_Updated'}
2023-01-03 10:06:13,935 [Command processor thread] INFO  server.RaftServer (RaftServerProxy.java:addNew(96)) - e60c2466-e581-4a2a-a391-12b730c6e057: addNew group-AFA704D09044:[e60c2466-e581-4a2a-a391-12b730c6e057|rpc:10.1.0.13:43713|dataStream:10.1.0.13:34563|priority:1|startupRole:FOLLOWER] returns group-AFA704D09044:java.util.concurrent.CompletableFuture@30bc8edf[Not completed]
2023-01-03 10:06:13,946 [pool-72-thread-1] INFO  server.RaftServer$Division (RaftServerImpl.java:<init>(195)) - e60c2466-e581-4a2a-a391-12b730c6e057: new RaftServerImpl for group-AFA704D09044:[e60c2466-e581-4a2a-a391-12b730c6e057|rpc:10.1.0.13:43713|dataStream:10.1.0.13:34563|priority:1|startupRole:FOLLOWER] with ContainerStateMachine:uninitialized
2023-01-03 10:06:13,946 [pool-72-thread-1] INFO  server.RaftServerConfigKeys (ConfUtils.java:logGet(46)) - raft.server.rpc.timeout.min = 5s (custom)
2023-01-03 10:06:13,946 [pool-72-thread-1] INFO  server.RaftServerConfigKeys (ConfUtils.java:logGet(46)) - raft.server.rpc.timeout.max = 5200ms (custom)
2023-01-03 10:06:13,948 [pool-72-thread-1] INFO  server.RaftServerConfigKeys (ConfUtils.java:logGet(46)) - raft.server.rpc.sleep.time = 25ms (default)
2023-01-03 10:06:13,949 [pool-72-thread-1] INFO  server.RaftServerConfigKeys (ConfUtils.java:logGet(46)) - raft.server.rpc.slowness.timeout = 300s (custom)
2023-01-03 10:06:13,949 [pool-72-thread-1] INFO  server.RaftServerConfigKeys (ConfUtils.java:logGet(46)) - raft.server.leaderelection.leader.step-down.wait-time = 10s (default)
2023-01-03 10:06:13,949 [pool-72-thread-1] INFO  server.RaftServerConfigKeys (ConfUtils.java:logGet(46)) - raft.server.sleep.deviation.threshold = 300ms (default)
2023-01-03 10:06:13,950 [pool-72-thread-1] INFO  server.RaftServer$Division (ServerState.java:<init>(118)) - e60c2466-e581-4a2a-a391-12b730c6e057@group-AFA704D09044: ConfigurationManager, init=-1: peers:[e60c2466-e581-4a2a-a391-12b730c6e057|rpc:10.1.0.13:43713|dataStream:10.1.0.13:34563|priority:1|startupRole:FOLLOWER]|listeners:[], old=null, confs=<EMPTY_MAP>
2023-01-03 10:06:13,950 [pool-72-thread-1] INFO  server.RaftServerConfigKeys (ConfUtils.java:logGet(46)) - raft.server.storage.dir = [/home/runner/work/ozone/ozone/hadoop-ozone/integration-test/target/test-dir/MiniOzoneClusterImpl-70d28db6-796b-4d31-8f04-926db9b5570a/datanode-0/data/ratis] (custom)
2023-01-03 10:06:13,950 [pool-72-thread-1] INFO  server.RaftServerConfigKeys (ConfUtils.java:logGet(46)) - raft.server.log.corruption.policy = EXCEPTION (default)
2023-01-03 10:06:13,950 [pool-72-thread-1] INFO  server.RaftServerConfigKeys (ConfUtils.java:logGet(46)) - raft.server.storage.free-space.min = 0MB (=0) (default)
2023-01-03 10:06:13,950 [pool-72-thread-1] INFO  server.RaftServerConfigKeys (ConfUtils.java:logGet(46)) - raft.server.notification.no-leader.timeout = 300s (custom)
2023-01-03 10:06:13,950 [pool-72-thread-1] INFO  server.RaftServerConfigKeys (ConfUtils.java:logGet(46)) - raft.server.retrycache.expirytime = 600000ms (custom)
2023-01-03 10:06:13,950 [pool-72-thread-1] INFO  server.RaftServerConfigKeys (ConfUtils.java:logGet(46)) - raft.server.retrycache.statistics.expirytime = 100μs (default)
2023-01-03 10:06:13,959 [pool-72-thread-1] INFO  server.RaftServerConfigKeys (ConfUtils.java:logGet(46)) - raft.server.log.appender.install.snapshot.enabled = false (custom)
2023-01-03 10:06:13,959 [pool-72-thread-1] INFO  server.RaftServerConfigKeys (ConfUtils.java:logGet(46)) - raft.server.threadpool.server.cached = true (default)
2023-01-03 10:06:13,959 [pool-72-thread-1] INFO  server.RaftServerConfigKeys (ConfUtils.java:logGet(46)) - raft.server.threadpool.server.size = 0 (default)
2023-01-03 10:06:13,959 [pool-72-thread-1] INFO  server.RaftServerConfigKeys (ConfUtils.java:logGet(46)) - raft.server.threadpool.client.cached = true (default)
2023-01-03 10:06:13,959 [pool-72-thread-1] INFO  server.RaftServerConfigKeys (ConfUtils.java:logGet(46)) - raft.server.threadpool.client.size = 0 (default)
2023-01-03 10:06:13,960 [pool-72-thread-1] INFO  storage.RaftStorageDirectory (RaftStorageDirectoryImpl.java:analyzeStorage(137)) - The storage directory /home/runner/work/ozone/ozone/hadoop-ozone/integration-test/target/test-dir/MiniOzoneClusterImpl-70d28db6-796b-4d31-8f04-926db9b5570a/datanode-0/data/ratis/8bf171a2-1b6b-4829-b5d0-afa704d09044 does not exist. Creating ...
2023-01-03 10:06:13,962 [pool-72-thread-1] INFO  storage.RaftStorageDirectory (RaftStorageDirectoryImpl.java:tryLock(231)) - Lock on /home/runner/work/ozone/ozone/hadoop-ozone/integration-test/target/test-dir/MiniOzoneClusterImpl-70d28db6-796b-4d31-8f04-926db9b5570a/datanode-0/data/ratis/8bf171a2-1b6b-4829-b5d0-afa704d09044/in_use.lock acquired by nodename 9440@fv-az292-374
2023-01-03 10:06:13,963 [pool-72-thread-1] INFO  storage.RaftStorage (RaftStorageImpl.java:format(96)) - Storage directory /home/runner/work/ozone/ozone/hadoop-ozone/integration-test/target/test-dir/MiniOzoneClusterImpl-70d28db6-796b-4d31-8f04-926db9b5570a/datanode-0/data/ratis/8bf171a2-1b6b-4829-b5d0-afa704d09044 has been successfully formatted.
2023-01-03 10:06:13,974 [pool-72-thread-1] INFO  ratis.ContainerStateMachine (ContainerStateMachine.java:loadSnapshot(240)) - group-AFA704D09044: The snapshot info is null. Setting the last applied indexto:(t:0, i:~)
2023-01-03 10:06:13,975 [pool-72-thread-1] INFO  server.RaftServerConfigKeys (ConfUtils.java:logGet(46)) - raft.server.log.use.memory = false (default)
2023-01-03 10:06:13,975 [pool-72-thread-1] INFO  server.RaftServerConfigKeys (ConfUtils.java:logGet(46)) - raft.server.log.purge.gap = 1000000 (custom)
2023-01-03 10:06:13,975 [pool-72-thread-1] INFO  server.RaftServerConfigKeys (ConfUtils.java:logGet(46)) - raft.server.log.appender.buffer.byte-limit = 33554432 (custom)
2023-01-03 10:06:13,975 [pool-72-thread-1] INFO  server.RaftServerConfigKeys (ConfUtils.java:logGet(46)) - raft.server.log.statemachine.data.read.timeout = 1000ms (default)
2023-01-03 10:06:13,975 [pool-72-thread-1] INFO  server.RaftServerConfigKeys (ConfUtils.java:logGet(46)) - raft.server.log.purge.preservation.log.num = 0 (default)
2023-01-03 10:06:13,975 [pool-72-thread-1] INFO  server.RaftServerConfigKeys (ConfUtils.java:logGet(46)) - raft.server.log.segment.size.max = 1048576 (custom)
2023-01-03 10:06:13,981 [pool-72-thread-1] INFO  server.RaftServerConfigKeys (ConfUtils.java:logGet(46)) - raft.server.log.segment.cache.num.max = 2 (custom)
2023-01-03 10:06:13,981 [pool-72-thread-1] INFO  server.RaftServerConfigKeys (ConfUtils.java:logGet(46)) - raft.server.log.segment.cache.size.max = 200MB (=209715200) (default)
2023-01-03 10:06:13,983 [pool-72-thread-1] INFO  segmented.SegmentedRaftLogWorker (SegmentedRaftLogWorker.java:<init>(189)) - new e60c2466-e581-4a2a-a391-12b730c6e057@group-AFA704D09044-SegmentedRaftLogWorker for RaftStorageImpl:Storage Directory /home/runner/work/ozone/ozone/hadoop-ozone/integration-test/target/test-dir/MiniOzoneClusterImpl-70d28db6-796b-4d31-8f04-926db9b5570a/datanode-0/data/ratis/8bf171a2-1b6b-4829-b5d0-afa704d09044
2023-01-03 10:06:13,983 [pool-72-thread-1] INFO  server.RaftServerConfigKeys (ConfUtils.java:logGet(46)) - raft.server.log.queue.byte-limit = 4294967296 (custom)
2023-01-03 10:06:13,983 [pool-72-thread-1] INFO  server.RaftServerConfigKeys (ConfUtils.java:logGet(46)) - raft.server.log.queue.element-limit = 1024 (custom)
2023-01-03 10:06:13,983 [pool-72-thread-1] INFO  server.RaftServerConfigKeys (ConfUtils.java:logGet(46)) - raft.server.log.segment.size.max = 1048576 (custom)
2023-01-03 10:06:13,983 [pool-72-thread-1] INFO  server.RaftServerConfigKeys (ConfUtils.java:logGet(46)) - raft.server.log.preallocated.size = 16384 (custom)
2023-01-03 10:06:13,983 [pool-72-thread-1] INFO  server.RaftServerConfigKeys (ConfUtils.java:logGet(46)) - raft.server.log.force.sync.num = 128 (default)
2023-01-03 10:06:13,983 [pool-72-thread-1] INFO  server.RaftServerConfigKeys (ConfUtils.java:logGet(46)) - raft.server.log.statemachine.data.sync = true (default)
2023-01-03 10:06:13,983 [pool-72-thread-1] INFO  server.RaftServerConfigKeys (ConfUtils.java:logGet(46)) - raft.server.log.statemachine.data.sync.timeout = 10s (default)
2023-01-03 10:06:13,983 [pool-72-thread-1] INFO  server.RaftServerConfigKeys (ConfUtils.java:logGet(46)) - raft.server.log.statemachine.data.sync.timeout.retry = -1 (default)
2023-01-03 10:06:13,988 [pool-72-thread-1] INFO  server.RaftServerConfigKeys (ConfUtils.java:logGet(46)) - raft.server.log.write.buffer.size = 1048576 (custom)
2023-01-03 10:06:13,989 [pool-72-thread-1] INFO  server.RaftServerConfigKeys (ConfUtils.java:logGet(46)) - raft.server.log.appender.buffer.byte-limit = 33554432 (custom)
2023-01-03 10:06:13,992 [pool-72-thread-1] INFO  server.RaftServerConfigKeys (ConfUtils.java:logGet(46)) - raft.server.log.unsafe-flush.enabled = false (default)
2023-01-03 10:06:13,992 [pool-72-thread-1] INFO  server.RaftServerConfigKeys (ConfUtils.java:logGet(46)) - raft.server.log.async-flush.enabled = false (default)
2023-01-03 10:06:13,993 [pool-72-thread-1] INFO  server.RaftServerConfigKeys (ConfUtils.java:logGet(46)) - raft.server.log.statemachine.data.caching.enabled = true (custom)
2023-01-03 10:06:13,993 [pool-72-thread-1] INFO  segmented.SegmentedRaftLogWorker (SegmentedRaftLogWorker.java:lambda$new$0(135)) - e60c2466-e581-4a2a-a391-12b730c6e057@group-AFA704D09044-SegmentedRaftLogWorker: flushIndex: setUnconditionally 0 -> -1
2023-01-03 10:06:13,993 [pool-72-thread-1] INFO  segmented.SegmentedRaftLogWorker (SegmentedRaftLogWorker.java:lambda$new$0(135)) - e60c2466-e581-4a2a-a391-12b730c6e057@group-AFA704D09044-SegmentedRaftLogWorker: safeCacheEvictIndex: setUnconditionally 0 -> -1
2023-01-03 10:06:13,993 [pool-72-thread-1] INFO  server.RaftServer$Division (RaftServerImpl.java:start(334)) - e60c2466-e581-4a2a-a391-12b730c6e057@group-AFA704D09044: start as a follower, conf=-1: peers:[e60c2466-e581-4a2a-a391-12b730c6e057|rpc:10.1.0.13:43713|dataStream:10.1.0.13:34563|priority:1|startupRole:FOLLOWER]|listeners:[], old=null
2023-01-03 10:06:13,993 [pool-72-thread-1] INFO  server.RaftServer$Division (RaftServerImpl.java:setRole(321)) - e60c2466-e581-4a2a-a391-12b730c6e057@group-AFA704D09044: changes role from      null to FOLLOWER at term 0 for startAsFollower
2023-01-03 10:06:13,993 [pool-72-thread-1] INFO  impl.RoleInfo (RoleInfo.java:updateAndGet(139)) - e60c2466-e581-4a2a-a391-12b730c6e057: start e60c2466-e581-4a2a-a391-12b730c6e057@group-AFA704D09044-FollowerState
2023-01-03 10:06:13,993 [EventQueue-CommandQueueReportForCommandQueueReportHandler] WARN  events.EventQueue (EventQueue.java:fireEvent(216)) - No event handler registered for event TypedEvent{payloadType=DatanodeDetails, name='Datanode_Command_Queue_Updated'}
2023-01-03 10:06:13,994 [pool-72-thread-1] INFO  util.JmxRegister (JmxRegister.java:tryRegister(44)) - Successfully registered JMX Bean with object name Ratis:service=RaftServer,group=group-AFA704D09044,id=e60c2466-e581-4a2a-a391-12b730c6e057
2023-01-03 10:06:13,994 [pool-72-thread-1] INFO  server.RaftServerConfigKeys (ConfUtils.java:logGet(46)) - raft.server.snapshot.auto.trigger.enabled = true (custom)
2023-01-03 10:06:13,994 [pool-72-thread-1] INFO  server.RaftServerConfigKeys (ConfUtils.java:logGet(46)) - raft.server.snapshot.auto.trigger.threshold = 10000 (custom)
2023-01-03 10:06:13,994 [EventQueue-PipelineReportForPipelineReportHandler] INFO  pipeline.PipelineManagerImpl (PipelineManagerImpl.java:openPipeline(367)) - Pipeline Pipeline[ Id: 8bf171a2-1b6b-4829-b5d0-afa704d09044, Nodes: e60c2466-e581-4a2a-a391-12b730c6e057{ip: 10.1.0.13, host: fv-az292-374.tqgtyn10aqxuxoi0mkfbldi5vh.jx.internal.cloudapp.net, ports: [REPLICATION=43413, RATIS=43713, RATIS_ADMIN=43713, RATIS_SERVER=43713, RATIS_DATASTREAM=34563, STANDALONE=44941], networkLocation: /default-rack, certSerialId: null, persistedOpState: IN_SERVICE, persistedOpStateExpiryEpochSec: 0}, ReplicationConfig: RATIS/ONE, State:ALLOCATED, leaderId:e60c2466-e581-4a2a-a391-12b730c6e057, CreationTimestamp2023-01-03T10:06:10.941Z[Etc/UTC]] moved to OPEN state
2023-01-03 10:06:13,994 [pool-72-thread-1] INFO  server.RaftServerConfigKeys (ConfUtils.java:logGet(46)) - raft.server.snapshot.retention.file.num = 5 (custom)
2023-01-03 10:06:13,994 [pool-72-thread-1] INFO  server.RaftServerConfigKeys (ConfUtils.java:logGet(46)) - raft.server.log.purge.upto.snapshot.index = false (default)
2023-01-03 10:06:13,995 [e60c2466-e581-4a2a-a391-12b730c6e057@group-AFA704D09044-FollowerState] INFO  server.RaftServerConfigKeys (ConfUtils.java:logFallback(53)) - raft.server.rpc.first-election.timeout.min = 5s (fallback to raft.server.rpc.timeout.min)
2023-01-03 10:06:13,999 [e60c2466-e581-4a2a-a391-12b730c6e057@group-AFA704D09044-FollowerState] INFO  server.RaftServerConfigKeys (ConfUtils.java:logFallback(53)) - raft.server.rpc.first-election.timeout.max = 5200ms (fallback to raft.server.rpc.timeout.max)
2023-01-03 10:06:14,001 [EventQueue-OpenPipelineForHealthyPipelineSafeModeRule] INFO  safemode.SCMSafeModeManager (HealthyPipelineSafeModeRule.java:process(137)) - SCM in safe mode. Healthy pipelines reported count is 0, required healthy pipeline reported count is 1
2023-01-03 10:06:14,006 [Command processor thread] INFO  ratis.XceiverServerRatis (XceiverServerRatis.java:addGroup(806)) - Created group PipelineID=8bf171a2-1b6b-4829-b5d0-afa704d09044
2023-01-03 10:06:14,007 [Command processor thread] INFO  commandhandler.CreatePipelineCommandHandler (CreatePipelineCommandHandler.java:handle(113)) - Created Pipeline RATIS ONE PipelineID=8bf171a2-1b6b-4829-b5d0-afa704d09044.
2023-01-03 10:06:14,007 [Command processor thread] INFO  server.RaftServer (RaftServerProxy.java:addNew(96)) - e60c2466-e581-4a2a-a391-12b730c6e057: addNew group-108C4B708AA8:[e60c2466-e581-4a2a-a391-12b730c6e057|rpc:10.1.0.13:43713|dataStream:10.1.0.13:34563|priority:0|startupRole:FOLLOWER, 1e90a81f-431a-478a-9b2e-dbda4ffaca44|rpc:10.1.0.13:44185|dataStream:10.1.0.13:44723|priority:1|startupRole:FOLLOWER, f16244a9-e060-48f3-8727-dfe3ed85a294|rpc:10.1.0.13:45615|dataStream:10.1.0.13:38733|priority:0|startupRole:FOLLOWER] returns group-108C4B708AA8:java.util.concurrent.CompletableFuture@74b3da03[Not completed]
2023-01-03 10:06:14,008 [pool-72-thread-1] INFO  server.RaftServer$Division (RaftServerImpl.java:<init>(195)) - e60c2466-e581-4a2a-a391-12b730c6e057: new RaftServerImpl for group-108C4B708AA8:[e60c2466-e581-4a2a-a391-12b730c6e057|rpc:10.1.0.13:43713|dataStream:10.1.0.13:34563|priority:0|startupRole:FOLLOWER, 1e90a81f-431a-478a-9b2e-dbda4ffaca44|rpc:10.1.0.13:44185|dataStream:10.1.0.13:44723|priority:1|startupRole:FOLLOWER, f16244a9-e060-48f3-8727-dfe3ed85a294|rpc:10.1.0.13:45615|dataStream:10.1.0.13:38733|priority:0|startupRole:FOLLOWER] with ContainerStateMachine:uninitialized
2023-01-03 10:06:14,008 [pool-72-thread-1] INFO  server.RaftServerConfigKeys (ConfUtils.java:logGet(46)) - raft.server.rpc.timeout.min = 5s (custom)
2023-01-03 10:06:14,008 [pool-72-thread-1] INFO  server.RaftServerConfigKeys (ConfUtils.java:logGet(46)) - raft.server.rpc.timeout.max = 5200ms (custom)
2023-01-03 10:06:14,008 [pool-72-thread-1] INFO  server.RaftServerConfigKeys (ConfUtils.java:logGet(46)) - raft.server.rpc.sleep.time = 25ms (default)
2023-01-03 10:06:14,008 [pool-72-thread-1] INFO  server.RaftServerConfigKeys (ConfUtils.java:logGet(46)) - raft.server.rpc.slowness.timeout = 300s (custom)
2023-01-03 10:06:14,008 [pool-72-thread-1] INFO  server.RaftServerConfigKeys (ConfUtils.java:logGet(46)) - raft.server.leaderelection.leader.step-down.wait-time = 10s (default)
2023-01-03 10:06:14,008 [pool-72-thread-1] INFO  server.RaftServerConfigKeys (ConfUtils.java:logGet(46)) - raft.server.sleep.deviation.threshold = 300ms (default)
2023-01-03 10:06:14,009 [pool-72-thread-1] INFO  server.RaftServer$Division (ServerState.java:<init>(118)) - e60c2466-e581-4a2a-a391-12b730c6e057@group-108C4B708AA8: ConfigurationManager, init=-1: peers:[e60c2466-e581-4a2a-a391-12b730c6e057|rpc:10.1.0.13:43713|dataStream:10.1.0.13:34563|priority:0|startupRole:FOLLOWER, 1e90a81f-431a-478a-9b2e-dbda4ffaca44|rpc:10.1.0.13:44185|dataStream:10.1.0.13:44723|priority:1|startupRole:FOLLOWER, f16244a9-e060-48f3-8727-dfe3ed85a294|rpc:10.1.0.13:45615|dataStream:10.1.0.13:38733|priority:0|startupRole:FOLLOWER]|listeners:[], old=null, confs=<EMPTY_MAP>
2023-01-03 10:06:14,009 [pool-72-thread-1] INFO  server.RaftServerConfigKeys (ConfUtils.java:logGet(46)) - raft.server.storage.dir = [/home/runner/work/ozone/ozone/hadoop-ozone/integration-test/target/test-dir/MiniOzoneClusterImpl-70d28db6-796b-4d31-8f04-926db9b5570a/datanode-0/data/ratis] (custom)
2023-01-03 10:06:14,009 [pool-72-thread-1] INFO  server.RaftServerConfigKeys (ConfUtils.java:logGet(46)) - raft.server.log.corruption.policy = EXCEPTION (default)
2023-01-03 10:06:14,009 [pool-72-thread-1] INFO  server.RaftServerConfigKeys (ConfUtils.java:logGet(46)) - raft.server.storage.free-space.min = 0MB (=0) (default)
2023-01-03 10:06:14,009 [pool-72-thread-1] INFO  server.RaftServerConfigKeys (ConfUtils.java:logGet(46)) - raft.server.notification.no-leader.timeout = 300s (custom)
2023-01-03 10:06:14,009 [pool-72-thread-1] INFO  server.RaftServerConfigKeys (ConfUtils.java:logGet(46)) - raft.server.retrycache.expirytime = 600000ms (custom)
2023-01-03 10:06:14,009 [pool-72-thread-1] INFO  server.RaftServerConfigKeys (ConfUtils.java:logGet(46)) - raft.server.retrycache.statistics.expirytime = 100μs (default)
2023-01-03 10:06:14,011 [pool-72-thread-1] INFO  server.RaftServerConfigKeys (ConfUtils.java:logGet(46)) - raft.server.log.appender.install.snapshot.enabled = false (custom)
2023-01-03 10:06:14,011 [pool-72-thread-1] INFO  server.RaftServerConfigKeys (ConfUtils.java:logGet(46)) - raft.server.threadpool.server.cached = true (default)
2023-01-03 10:06:14,011 [pool-72-thread-1] INFO  server.RaftServerConfigKeys (ConfUtils.java:logGet(46)) - raft.server.threadpool.server.size = 0 (default)
2023-01-03 10:06:14,011 [pool-72-thread-1] INFO  server.RaftServerConfigKeys (ConfUtils.java:logGet(46)) - raft.server.threadpool.client.cached = true (default)
2023-01-03 10:06:14,011 [pool-72-thread-1] INFO  server.RaftServerConfigKeys (ConfUtils.java:logGet(46)) - raft.server.threadpool.client.size = 0 (default)
2023-01-03 10:06:14,011 [pool-72-thread-1] INFO  storage.RaftStorageDirectory (RaftStorageDirectoryImpl.java:analyzeStorage(137)) - The storage directory /home/runner/work/ozone/ozone/hadoop-ozone/integration-test/target/test-dir/MiniOzoneClusterImpl-70d28db6-796b-4d31-8f04-926db9b5570a/datanode-0/data/ratis/ec118c1c-3abc-4c50-81b9-108c4b708aa8 does not exist. Creating ...
2023-01-03 10:06:14,012 [pool-72-thread-1] INFO  storage.RaftStorageDirectory (RaftStorageDirectoryImpl.java:tryLock(231)) - Lock on /home/runner/work/ozone/ozone/hadoop-ozone/integration-test/target/test-dir/MiniOzoneClusterImpl-70d28db6-796b-4d31-8f04-926db9b5570a/datanode-0/data/ratis/ec118c1c-3abc-4c50-81b9-108c4b708aa8/in_use.lock acquired by nodename 9440@fv-az292-374
2023-01-03 10:06:14,013 [pool-72-thread-1] INFO  storage.RaftStorage (RaftStorageImpl.java:format(96)) - Storage directory /home/runner/work/ozone/ozone/hadoop-ozone/integration-test/target/test-dir/MiniOzoneClusterImpl-70d28db6-796b-4d31-8f04-926db9b5570a/datanode-0/data/ratis/ec118c1c-3abc-4c50-81b9-108c4b708aa8 has been successfully formatted.
2023-01-03 10:06:14,013 [pool-72-thread-1] INFO  ratis.ContainerStateMachine (ContainerStateMachine.java:loadSnapshot(240)) - group-108C4B708AA8: The snapshot info is null. Setting the last applied indexto:(t:0, i:~)
2023-01-03 10:06:14,013 [pool-72-thread-1] INFO  server.RaftServerConfigKeys (ConfUtils.java:logGet(46)) - raft.server.log.use.memory = false (default)
2023-01-03 10:06:14,013 [pool-72-thread-1] INFO  server.RaftServerConfigKeys (ConfUtils.java:logGet(46)) - raft.server.log.purge.gap = 1000000 (custom)
2023-01-03 10:06:14,013 [pool-72-thread-1] INFO  server.RaftServerConfigKeys (ConfUtils.java:logGet(46)) - raft.server.log.appender.buffer.byte-limit = 33554432 (custom)
2023-01-03 10:06:14,014 [pool-72-thread-1] INFO  server.RaftServerConfigKeys (ConfUtils.java:logGet(46)) - raft.server.log.statemachine.data.read.timeout = 1000ms (default)
2023-01-03 10:06:14,014 [pool-72-thread-1] INFO  server.RaftServerConfigKeys (ConfUtils.java:logGet(46)) - raft.server.log.purge.preservation.log.num = 0 (default)
2023-01-03 10:06:14,014 [pool-72-thread-1] INFO  server.RaftServerConfigKeys (ConfUtils.java:logGet(46)) - raft.server.log.segment.size.max = 1048576 (custom)
2023-01-03 10:06:14,014 [pool-72-thread-1] INFO  server.RaftServerConfigKeys (ConfUtils.java:logGet(46)) - raft.server.log.segment.cache.num.max = 2 (custom)
2023-01-03 10:06:14,014 [pool-72-thread-1] INFO  server.RaftServerConfigKeys (ConfUtils.java:logGet(46)) - raft.server.log.segment.cache.size.max = 200MB (=209715200) (default)
2023-01-03 10:06:14,015 [pool-72-thread-1] INFO  segmented.SegmentedRaftLogWorker (SegmentedRaftLogWorker.java:<init>(189)) - new e60c2466-e581-4a2a-a391-12b730c6e057@group-108C4B708AA8-SegmentedRaftLogWorker for RaftStorageImpl:Storage Directory /home/runner/work/ozone/ozone/hadoop-ozone/integration-test/target/test-dir/MiniOzoneClusterImpl-70d28db6-796b-4d31-8f04-926db9b5570a/datanode-0/data/ratis/ec118c1c-3abc-4c50-81b9-108c4b708aa8
2023-01-03 10:06:14,015 [pool-72-thread-1] INFO  server.RaftServerConfigKeys (ConfUtils.java:logGet(46)) - raft.server.log.queue.byte-limit = 4294967296 (custom)
2023-01-03 10:06:14,015 [pool-72-thread-1] INFO  server.RaftServerConfigKeys (ConfUtils.java:logGet(46)) - raft.server.log.queue.element-limit = 1024 (custom)
2023-01-03 10:06:14,015 [pool-72-thread-1] INFO  server.RaftServerConfigKeys (ConfUtils.java:logGet(46)) - raft.server.log.segment.size.max = 1048576 (custom)
2023-01-03 10:06:14,015 [pool-72-thread-1] INFO  server.RaftServerConfigKeys (ConfUtils.java:logGet(46)) - raft.server.log.preallocated.size = 16384 (custom)
2023-01-03 10:06:14,015 [pool-72-thread-1] INFO  server.RaftServerConfigKeys (ConfUtils.java:logGet(46)) - raft.server.log.force.sync.num = 128 (default)
2023-01-03 10:06:14,015 [pool-72-thread-1] INFO  server.RaftServerConfigKeys (ConfUtils.java:logGet(46)) - raft.server.log.statemachine.data.sync = true (default)
2023-01-03 10:06:14,015 [pool-72-thread-1] INFO  server.RaftServerConfigKeys (ConfUtils.java:logGet(46)) - raft.server.log.statemachine.data.sync.timeout = 10s (default)
2023-01-03 10:06:14,015 [pool-72-thread-1] INFO  server.RaftServerConfigKeys (ConfUtils.java:logGet(46)) - raft.server.log.statemachine.data.sync.timeout.retry = -1 (default)
2023-01-03 10:06:14,016 [EventQueue-CommandQueueReportForCommandQueueReportHandler] WARN  events.EventQueue (EventQueue.java:fireEvent(216)) - No event handler registered for event TypedEvent{payloadType=DatanodeDetails, name='Datanode_Command_Queue_Updated'}
2023-01-03 10:06:14,016 [EventQueue-OpenPipelineForHealthyPipelineSafeModeRule] INFO  safemode.SCMSafeModeManager (HealthyPipelineSafeModeRule.java:process(137)) - SCM in safe mode. Healthy pipelines reported count is 0, required healthy pipeline reported count is 1
2023-01-03 10:06:14,017 [pool-72-thread-1] INFO  server.RaftServerConfigKeys (ConfUtils.java:logGet(46)) - raft.server.log.write.buffer.size = 1048576 (custom)
2023-01-03 10:06:14,018 [pool-72-thread-1] INFO  server.RaftServerConfigKeys (ConfUtils.java:logGet(46)) - raft.server.log.appender.buffer.byte-limit = 33554432 (custom)
2023-01-03 10:06:14,020 [pool-72-thread-1] INFO  server.RaftServerConfigKeys (ConfUtils.java:logGet(46)) - raft.server.log.unsafe-flush.enabled = false (default)
2023-01-03 10:06:14,020 [pool-72-thread-1] INFO  server.RaftServerConfigKeys (ConfUtils.java:logGet(46)) - raft.server.log.async-flush.enabled = false (default)
2023-01-03 10:06:14,021 [pool-72-thread-1] INFO  server.RaftServerConfigKeys (ConfUtils.java:logGet(46)) - raft.server.log.statemachine.data.caching.enabled = true (custom)
2023-01-03 10:06:14,021 [pool-72-thread-1] INFO  segmented.SegmentedRaftLogWorker (SegmentedRaftLogWorker.java:lambda$new$0(135)) - e60c2466-e581-4a2a-a391-12b730c6e057@group-108C4B708AA8-SegmentedRaftLogWorker: flushIndex: setUnconditionally 0 -> -1
2023-01-03 10:06:14,021 [pool-72-thread-1] INFO  segmented.SegmentedRaftLogWorker (SegmentedRaftLogWorker.java:lambda$new$0(135)) - e60c2466-e581-4a2a-a391-12b730c6e057@group-108C4B708AA8-SegmentedRaftLogWorker: safeCacheEvictIndex: setUnconditionally 0 -> -1
2023-01-03 10:06:14,021 [pool-72-thread-1] INFO  server.RaftServer$Division (RaftServerImpl.java:start(334)) - e60c2466-e581-4a2a-a391-12b730c6e057@group-108C4B708AA8: start as a follower, conf=-1: peers:[e60c2466-e581-4a2a-a391-12b730c6e057|rpc:10.1.0.13:43713|dataStream:10.1.0.13:34563|priority:0|startupRole:FOLLOWER, 1e90a81f-431a-478a-9b2e-dbda4ffaca44|rpc:10.1.0.13:44185|dataStream:10.1.0.13:44723|priority:1|startupRole:FOLLOWER, f16244a9-e060-48f3-8727-dfe3ed85a294|rpc:10.1.0.13:45615|dataStream:10.1.0.13:38733|priority:0|startupRole:FOLLOWER]|listeners:[], old=null
2023-01-03 10:06:14,021 [pool-72-thread-1] INFO  server.RaftServer$Division (RaftServerImpl.java:setRole(321)) - e60c2466-e581-4a2a-a391-12b730c6e057@group-108C4B708AA8: changes role from      null to FOLLOWER at term 0 for startAsFollower
2023-01-03 10:06:14,021 [pool-72-thread-1] INFO  impl.RoleInfo (RoleInfo.java:updateAndGet(139)) - e60c2466-e581-4a2a-a391-12b730c6e057: start e60c2466-e581-4a2a-a391-12b730c6e057@group-108C4B708AA8-FollowerState
2023-01-03 10:06:14,022 [pool-72-thread-1] INFO  util.JmxRegister (JmxRegister.java:tryRegister(44)) - Successfully registered JMX Bean with object name Ratis:service=RaftServer,group=group-108C4B708AA8,id=e60c2466-e581-4a2a-a391-12b730c6e057
2023-01-03 10:06:14,022 [pool-72-thread-1] INFO  server.RaftServerConfigKeys (ConfUtils.java:logGet(46)) - raft.server.snapshot.auto.trigger.enabled = true (custom)
2023-01-03 10:06:14,022 [pool-72-thread-1] INFO  server.RaftServerConfigKeys (ConfUtils.java:logGet(46)) - raft.server.snapshot.auto.trigger.threshold = 10000 (custom)
2023-01-03 10:06:14,022 [pool-72-thread-1] INFO  server.RaftServerConfigKeys (ConfUtils.java:logGet(46)) - raft.server.snapshot.retention.file.num = 5 (custom)
2023-01-03 10:06:14,022 [pool-72-thread-1] INFO  server.RaftServerConfigKeys (ConfUtils.java:logGet(46)) - raft.server.log.purge.upto.snapshot.index = false (default)
2023-01-03 10:06:14,025 [Command processor thread] INFO  ratis.XceiverServerRatis (XceiverServerRatis.java:addGroup(806)) - Created group PipelineID=ec118c1c-3abc-4c50-81b9-108c4b708aa8
2023-01-03 10:06:14,036 [e60c2466-e581-4a2a-a391-12b730c6e057@group-108C4B708AA8-FollowerState] INFO  server.RaftServerConfigKeys (ConfUtils.java:logFallback(53)) - raft.server.rpc.first-election.timeout.min = 5s (fallback to raft.server.rpc.timeout.min)
2023-01-03 10:06:14,036 [e60c2466-e581-4a2a-a391-12b730c6e057@group-108C4B708AA8-FollowerState] INFO  server.RaftServerConfigKeys (ConfUtils.java:logFallback(53)) - raft.server.rpc.first-election.timeout.max = 5200ms (fallback to raft.server.rpc.timeout.max)
2023-01-03 10:06:14,144 [EventQueue-CommandQueueReportForCommandQueueReportHandler] WARN  events.EventQueue (EventQueue.java:fireEvent(216)) - No event handler registered for event TypedEvent{payloadType=DatanodeDetails, name='Datanode_Command_Queue_Updated'}
2023-01-03 10:06:14,422 [Command processor thread] INFO  server.RaftServer (RaftServerProxy.java:addNew(96)) - 1e90a81f-431a-478a-9b2e-dbda4ffaca44: addNew group-4930332E8D38:[1e90a81f-431a-478a-9b2e-dbda4ffaca44|rpc:10.1.0.13:44185|dataStream:10.1.0.13:44723|priority:1|startupRole:FOLLOWER] returns group-4930332E8D38:java.util.concurrent.CompletableFuture@45aaf6d3[Not completed]
2023-01-03 10:06:14,425 [EventQueue-CommandQueueReportForCommandQueueReportHandler] WARN  events.EventQueue (EventQueue.java:fireEvent(216)) - No event handler registered for event TypedEvent{payloadType=DatanodeDetails, name='Datanode_Command_Queue_Updated'}
2023-01-03 10:06:14,429 [pool-95-thread-1] INFO  server.RaftServer$Division (RaftServerImpl.java:<init>(195)) - 1e90a81f-431a-478a-9b2e-dbda4ffaca44: new RaftServerImpl for group-4930332E8D38:[1e90a81f-431a-478a-9b2e-dbda4ffaca44|rpc:10.1.0.13:44185|dataStream:10.1.0.13:44723|priority:1|startupRole:FOLLOWER] with ContainerStateMachine:uninitialized
2023-01-03 10:06:14,430 [pool-95-thread-1] INFO  server.RaftServerConfigKeys (ConfUtils.java:logGet(46)) - raft.server.rpc.timeout.min = 5s (custom)
2023-01-03 10:06:14,430 [pool-95-thread-1] INFO  server.RaftServerConfigKeys (ConfUtils.java:logGet(46)) - raft.server.rpc.timeout.max = 5200ms (custom)
2023-01-03 10:06:14,430 [pool-95-thread-1] INFO  server.RaftServerConfigKeys (ConfUtils.java:logGet(46)) - raft.server.rpc.sleep.time = 25ms (default)
2023-01-03 10:06:14,430 [pool-95-thread-1] INFO  server.RaftServerConfigKeys (ConfUtils.java:logGet(46)) - raft.server.rpc.slowness.timeout = 300s (custom)
2023-01-03 10:06:14,430 [pool-95-thread-1] INFO  server.RaftServerConfigKeys (ConfUtils.java:logGet(46)) - raft.server.leaderelection.leader.step-down.wait-time = 10s (default)
2023-01-03 10:06:14,430 [pool-95-thread-1] INFO  server.RaftServerConfigKeys (ConfUtils.java:logGet(46)) - raft.server.sleep.deviation.threshold = 300ms (default)
2023-01-03 10:06:14,431 [pool-95-thread-1] INFO  server.RaftServer$Division (ServerState.java:<init>(118)) - 1e90a81f-431a-478a-9b2e-dbda4ffaca44@group-4930332E8D38: ConfigurationManager, init=-1: peers:[1e90a81f-431a-478a-9b2e-dbda4ffaca44|rpc:10.1.0.13:44185|dataStream:10.1.0.13:44723|priority:1|startupRole:FOLLOWER]|listeners:[], old=null, confs=<EMPTY_MAP>
2023-01-03 10:06:14,433 [pool-95-thread-1] INFO  server.RaftServerConfigKeys (ConfUtils.java:logGet(46)) - raft.server.storage.dir = [/home/runner/work/ozone/ozone/hadoop-ozone/integration-test/target/test-dir/MiniOzoneClusterImpl-70d28db6-796b-4d31-8f04-926db9b5570a/datanode-1/data/ratis] (custom)
2023-01-03 10:06:14,433 [pool-95-thread-1] INFO  server.RaftServerConfigKeys (ConfUtils.java:logGet(46)) - raft.server.log.corruption.policy = EXCEPTION (default)
2023-01-03 10:06:14,434 [pool-95-thread-1] INFO  server.RaftServerConfigKeys (ConfUtils.java:logGet(46)) - raft.server.storage.free-space.min = 0MB (=0) (default)
2023-01-03 10:06:14,434 [pool-95-thread-1] INFO  server.RaftServerConfigKeys (ConfUtils.java:logGet(46)) - raft.server.notification.no-leader.timeout = 300s (custom)
2023-01-03 10:06:14,434 [pool-95-thread-1] INFO  server.RaftServerConfigKeys (ConfUtils.java:logGet(46)) - raft.server.retrycache.expirytime = 600000ms (custom)
2023-01-03 10:06:14,436 [pool-95-thread-1] INFO  server.RaftServerConfigKeys (ConfUtils.java:logGet(46)) - raft.server.retrycache.statistics.expirytime = 100μs (default)
2023-01-03 10:06:14,445 [pool-95-thread-1] INFO  server.RaftServerConfigKeys (ConfUtils.java:logGet(46)) - raft.server.log.appender.install.snapshot.enabled = false (custom)
2023-01-03 10:06:14,446 [pool-95-thread-1] INFO  server.RaftServerConfigKeys (ConfUtils.java:logGet(46)) - raft.server.threadpool.server.cached = true (default)
2023-01-03 10:06:14,446 [pool-95-thread-1] INFO  server.RaftServerConfigKeys (ConfUtils.java:logGet(46)) - raft.server.threadpool.server.size = 0 (default)
2023-01-03 10:06:14,446 [pool-95-thread-1] INFO  server.RaftServerConfigKeys (ConfUtils.java:logGet(46)) - raft.server.threadpool.client.cached = true (default)
2023-01-03 10:06:14,446 [pool-95-thread-1] INFO  server.RaftServerConfigKeys (ConfUtils.java:logGet(46)) - raft.server.threadpool.client.size = 0 (default)
2023-01-03 10:06:14,446 [pool-95-thread-1] INFO  storage.RaftStorageDirectory (RaftStorageDirectoryImpl.java:analyzeStorage(137)) - The storage directory /home/runner/work/ozone/ozone/hadoop-ozone/integration-test/target/test-dir/MiniOzoneClusterImpl-70d28db6-796b-4d31-8f04-926db9b5570a/datanode-1/data/ratis/0cfe0456-36d8-4b5b-993a-4930332e8d38 does not exist. Creating ...
2023-01-03 10:06:14,446 [Listener at 127.0.0.1/41175] INFO  ozone.MiniOzoneClusterImpl (MiniOzoneClusterImpl.java:lambda$waitForClusterToBeReady$0(217)) - Nodes are ready. Got 5 of 5 DN Heartbeats.
2023-01-03 10:06:14,446 [Listener at 127.0.0.1/41175] INFO  ozone.MiniOzoneClusterImpl (MiniOzoneClusterImpl.java:lambda$waitForClusterToBeReady$0(220)) - Waiting for cluster to exit safe mode
2023-01-03 10:06:14,447 [Listener at 127.0.0.1/41175] INFO  ozone.MiniOzoneClusterImpl (MiniOzoneClusterImpl.java:lambda$waitForClusterToBeReady$0(222)) - SCM became leader
2023-01-03 10:06:14,447 [pool-95-thread-1] INFO  storage.RaftStorageDirectory (RaftStorageDirectoryImpl.java:tryLock(231)) - Lock on /home/runner/work/ozone/ozone/hadoop-ozone/integration-test/target/test-dir/MiniOzoneClusterImpl-70d28db6-796b-4d31-8f04-926db9b5570a/datanode-1/data/ratis/0cfe0456-36d8-4b5b-993a-4930332e8d38/in_use.lock acquired by nodename 9440@fv-az292-374
2023-01-03 10:06:14,448 [EventQueue-CommandQueueReportForCommandQueueReportHandler] WARN  events.EventQueue (EventQueue.java:fireEvent(216)) - No event handler registered for event TypedEvent{payloadType=DatanodeDetails, name='Datanode_Command_Queue_Updated'}
2023-01-03 10:06:14,451 [pool-95-thread-1] INFO  storage.RaftStorage (RaftStorageImpl.java:format(96)) - Storage directory /home/runner/work/ozone/ozone/hadoop-ozone/integration-test/target/test-dir/MiniOzoneClusterImpl-70d28db6-796b-4d31-8f04-926db9b5570a/datanode-1/data/ratis/0cfe0456-36d8-4b5b-993a-4930332e8d38 has been successfully formatted.
2023-01-03 10:06:14,454 [pool-95-thread-1] INFO  ratis.ContainerStateMachine (ContainerStateMachine.java:loadSnapshot(240)) - group-4930332E8D38: The snapshot info is null. Setting the last applied indexto:(t:0, i:~)
2023-01-03 10:06:14,457 [EventQueue-PipelineReportForPipelineReportHandler] INFO  pipeline.PipelineManagerImpl (PipelineManagerImpl.java:openPipeline(367)) - Pipeline Pipeline[ Id: 0cfe0456-36d8-4b5b-993a-4930332e8d38, Nodes: 1e90a81f-431a-478a-9b2e-dbda4ffaca44{ip: 10.1.0.13, host: fv-az292-374.tqgtyn10aqxuxoi0mkfbldi5vh.jx.internal.cloudapp.net, ports: [REPLICATION=36629, RATIS=44185, RATIS_ADMIN=44185, RATIS_SERVER=44185, RATIS_DATASTREAM=44723, STANDALONE=41267], networkLocation: /default-rack, certSerialId: null, persistedOpState: IN_SERVICE, persistedOpStateExpiryEpochSec: 0}, ReplicationConfig: RATIS/ONE, State:ALLOCATED, leaderId:1e90a81f-431a-478a-9b2e-dbda4ffaca44, CreationTimestamp2023-01-03T10:06:11.422Z[Etc/UTC]] moved to OPEN state
2023-01-03 10:06:14,456 [EventQueue-CommandQueueReportForCommandQueueReportHandler] WARN  events.EventQueue (EventQueue.java:fireEvent(216)) - No event handler registered for event TypedEvent{payloadType=DatanodeDetails, name='Datanode_Command_Queue_Updated'}
2023-01-03 10:06:14,457 [EventQueue-OpenPipelineForHealthyPipelineSafeModeRule] INFO  safemode.SCMSafeModeManager (HealthyPipelineSafeModeRule.java:process(137)) - SCM in safe mode. Healthy pipelines reported count is 0, required healthy pipeline reported count is 1
2023-01-03 10:06:14,457 [pool-95-thread-1] INFO  server.RaftServerConfigKeys (ConfUtils.java:logGet(46)) - raft.server.log.use.memory = false (default)
2023-01-03 10:06:14,460 [pool-95-thread-1] INFO  server.RaftServerConfigKeys (ConfUtils.java:logGet(46)) - raft.server.log.purge.gap = 1000000 (custom)
2023-01-03 10:06:14,460 [pool-95-thread-1] INFO  server.RaftServerConfigKeys (ConfUtils.java:logGet(46)) - raft.server.log.appender.buffer.byte-limit = 33554432 (custom)
2023-01-03 10:06:14,460 [pool-95-thread-1] INFO  server.RaftServerConfigKeys (ConfUtils.java:logGet(46)) - raft.server.log.statemachine.data.read.timeout = 1000ms (default)
2023-01-03 10:06:14,460 [pool-95-thread-1] INFO  server.RaftServerConfigKeys (ConfUtils.java:logGet(46)) - raft.server.log.purge.preservation.log.num = 0 (default)
2023-01-03 10:06:14,462 [pool-95-thread-1] INFO  server.RaftServerConfigKeys (ConfUtils.java:logGet(46)) - raft.server.log.segment.size.max = 1048576 (custom)
2023-01-03 10:06:14,462 [pool-95-thread-1] INFO  server.RaftServerConfigKeys (ConfUtils.java:logGet(46)) - raft.server.log.segment.cache.num.max = 2 (custom)
2023-01-03 10:06:14,462 [pool-95-thread-1] INFO  server.RaftServerConfigKeys (ConfUtils.java:logGet(46)) - raft.server.log.segment.cache.size.max = 200MB (=209715200) (default)
2023-01-03 10:06:14,462 [pool-95-thread-1] INFO  segmented.SegmentedRaftLogWorker (SegmentedRaftLogWorker.java:<init>(189)) - new 1e90a81f-431a-478a-9b2e-dbda4ffaca44@group-4930332E8D38-SegmentedRaftLogWorker for RaftStorageImpl:Storage Directory /home/runner/work/ozone/ozone/hadoop-ozone/integration-test/target/test-dir/MiniOzoneClusterImpl-70d28db6-796b-4d31-8f04-926db9b5570a/datanode-1/data/ratis/0cfe0456-36d8-4b5b-993a-4930332e8d38
2023-01-03 10:06:14,462 [pool-95-thread-1] INFO  server.RaftServerConfigKeys (ConfUtils.java:logGet(46)) - raft.server.log.queue.byte-limit = 4294967296 (custom)
2023-01-03 10:06:14,462 [pool-95-thread-1] INFO  server.RaftServerConfigKeys (ConfUtils.java:logGet(46)) - raft.server.log.queue.element-limit = 1024 (custom)
2023-01-03 10:06:14,462 [pool-95-thread-1] INFO  server.RaftServerConfigKeys (ConfUtils.java:logGet(46)) - raft.server.log.segment.size.max = 1048576 (custom)
2023-01-03 10:06:14,462 [pool-95-thread-1] INFO  server.RaftServerConfigKeys (ConfUtils.java:logGet(46)) - raft.server.log.preallocated.size = 16384 (custom)
2023-01-03 10:06:14,462 [pool-95-thread-1] INFO  server.RaftServerConfigKeys (ConfUtils.java:logGet(46)) - raft.server.log.force.sync.num = 128 (default)
2023-01-03 10:06:14,462 [pool-95-thread-1] INFO  server.RaftServerConfigKeys (ConfUtils.java:logGet(46)) - raft.server.log.statemachine.data.sync = true (default)
2023-01-03 10:06:14,463 [pool-95-thread-1] INFO  server.RaftServerConfigKeys (ConfUtils.java:logGet(46)) - raft.server.log.statemachine.data.sync.timeout = 10s (default)
2023-01-03 10:06:14,463 [pool-95-thread-1] INFO  server.RaftServerConfigKeys (ConfUtils.java:logGet(46)) - raft.server.log.statemachine.data.sync.timeout.retry = -1 (default)
2023-01-03 10:06:14,463 [pool-95-thread-1] INFO  server.RaftServerConfigKeys (ConfUtils.java:logGet(46)) - raft.server.log.write.buffer.size = 1048576 (custom)
2023-01-03 10:06:14,465 [pool-95-thread-1] INFO  server.RaftServerConfigKeys (ConfUtils.java:logGet(46)) - raft.server.log.appender.buffer.byte-limit = 33554432 (custom)
2023-01-03 10:06:14,471 [pool-95-thread-1] INFO  server.RaftServerConfigKeys (ConfUtils.java:logGet(46)) - raft.server.log.unsafe-flush.enabled = false (default)
2023-01-03 10:06:14,471 [pool-95-thread-1] INFO  server.RaftServerConfigKeys (ConfUtils.java:logGet(46)) - raft.server.log.async-flush.enabled = false (default)
2023-01-03 10:06:14,471 [pool-95-thread-1] INFO  server.RaftServerConfigKeys (ConfUtils.java:logGet(46)) - raft.server.log.statemachine.data.caching.enabled = true (custom)
2023-01-03 10:06:14,472 [pool-95-thread-1] INFO  segmented.SegmentedRaftLogWorker (SegmentedRaftLogWorker.java:lambda$new$0(135)) - 1e90a81f-431a-478a-9b2e-dbda4ffaca44@group-4930332E8D38-SegmentedRaftLogWorker: flushIndex: setUnconditionally 0 -> -1
2023-01-03 10:06:14,472 [pool-95-thread-1] INFO  segmented.SegmentedRaftLogWorker (SegmentedRaftLogWorker.java:lambda$new$0(135)) - 1e90a81f-431a-478a-9b2e-dbda4ffaca44@group-4930332E8D38-SegmentedRaftLogWorker: safeCacheEvictIndex: setUnconditionally 0 -> -1
2023-01-03 10:06:14,477 [pool-95-thread-1] INFO  server.RaftServer$Division (RaftServerImpl.java:start(334)) - 1e90a81f-431a-478a-9b2e-dbda4ffaca44@group-4930332E8D38: start as a follower, conf=-1: peers:[1e90a81f-431a-478a-9b2e-dbda4ffaca44|rpc:10.1.0.13:44185|dataStream:10.1.0.13:44723|priority:1|startupRole:FOLLOWER]|listeners:[], old=null
2023-01-03 10:06:14,477 [pool-95-thread-1] INFO  server.RaftServer$Division (RaftServerImpl.java:setRole(321)) - 1e90a81f-431a-478a-9b2e-dbda4ffaca44@group-4930332E8D38: changes role from      null to FOLLOWER at term 0 for startAsFollower
2023-01-03 10:06:14,477 [pool-95-thread-1] INFO  impl.RoleInfo (RoleInfo.java:updateAndGet(139)) - 1e90a81f-431a-478a-9b2e-dbda4ffaca44: start 1e90a81f-431a-478a-9b2e-dbda4ffaca44@group-4930332E8D38-FollowerState
2023-01-03 10:06:14,480 [pool-95-thread-1] INFO  util.JmxRegister (JmxRegister.java:tryRegister(44)) - Successfully registered JMX Bean with object name Ratis:service=RaftServer,group=group-4930332E8D38,id=1e90a81f-431a-478a-9b2e-dbda4ffaca44
2023-01-03 10:06:14,481 [pool-95-thread-1] INFO  server.RaftServerConfigKeys (ConfUtils.java:logGet(46)) - raft.server.snapshot.auto.trigger.enabled = true (custom)
2023-01-03 10:06:14,481 [pool-95-thread-1] INFO  server.RaftServerConfigKeys (ConfUtils.java:logGet(46)) - raft.server.snapshot.auto.trigger.threshold = 10000 (custom)
2023-01-03 10:06:14,481 [pool-95-thread-1] INFO  server.RaftServerConfigKeys (ConfUtils.java:logGet(46)) - raft.server.snapshot.retention.file.num = 5 (custom)
2023-01-03 10:06:14,481 [pool-95-thread-1] INFO  server.RaftServerConfigKeys (ConfUtils.java:logGet(46)) - raft.server.log.purge.upto.snapshot.index = false (default)
2023-01-03 10:06:14,483 [Command processor thread] INFO  ratis.XceiverServerRatis (XceiverServerRatis.java:addGroup(806)) - Created group PipelineID=0cfe0456-36d8-4b5b-993a-4930332e8d38
2023-01-03 10:06:14,484 [Command processor thread] INFO  commandhandler.CreatePipelineCommandHandler (CreatePipelineCommandHandler.java:handle(113)) - Created Pipeline RATIS ONE PipelineID=0cfe0456-36d8-4b5b-993a-4930332e8d38.
2023-01-03 10:06:14,485 [Command processor thread] INFO  server.RaftServer (RaftServerProxy.java:addNew(96)) - 1e90a81f-431a-478a-9b2e-dbda4ffaca44: addNew group-108C4B708AA8:[e60c2466-e581-4a2a-a391-12b730c6e057|rpc:10.1.0.13:43713|dataStream:10.1.0.13:34563|priority:0|startupRole:FOLLOWER, 1e90a81f-431a-478a-9b2e-dbda4ffaca44|rpc:10.1.0.13:44185|dataStream:10.1.0.13:44723|priority:1|startupRole:FOLLOWER, f16244a9-e060-48f3-8727-dfe3ed85a294|rpc:10.1.0.13:45615|dataStream:10.1.0.13:38733|priority:0|startupRole:FOLLOWER] returns group-108C4B708AA8:java.util.concurrent.CompletableFuture@41956abe[Not completed]
2023-01-03 10:06:14,486 [pool-95-thread-1] INFO  server.RaftServer$Division (RaftServerImpl.java:<init>(195)) - 1e90a81f-431a-478a-9b2e-dbda4ffaca44: new RaftServerImpl for group-108C4B708AA8:[e60c2466-e581-4a2a-a391-12b730c6e057|rpc:10.1.0.13:43713|dataStream:10.1.0.13:34563|priority:0|startupRole:FOLLOWER, 1e90a81f-431a-478a-9b2e-dbda4ffaca44|rpc:10.1.0.13:44185|dataStream:10.1.0.13:44723|priority:1|startupRole:FOLLOWER, f16244a9-e060-48f3-8727-dfe3ed85a294|rpc:10.1.0.13:45615|dataStream:10.1.0.13:38733|priority:0|startupRole:FOLLOWER] with ContainerStateMachine:uninitialized
2023-01-03 10:06:14,486 [pool-95-thread-1] INFO  server.RaftServerConfigKeys (ConfUtils.java:logGet(46)) - raft.server.rpc.timeout.min = 5s (custom)
2023-01-03 10:06:14,486 [pool-95-thread-1] INFO  server.RaftServerConfigKeys (ConfUtils.java:logGet(46)) - raft.server.rpc.timeout.max = 5200ms (custom)
2023-01-03 10:06:14,486 [pool-95-thread-1] INFO  server.RaftServerConfigKeys (ConfUtils.java:logGet(46)) - raft.server.rpc.sleep.time = 25ms (default)
2023-01-03 10:06:14,486 [pool-95-thread-1] INFO  server.RaftServerConfigKeys (ConfUtils.java:logGet(46)) - raft.server.rpc.slowness.timeout = 300s (custom)
2023-01-03 10:06:14,486 [pool-95-thread-1] INFO  server.RaftServerConfigKeys (ConfUtils.java:logGet(46)) - raft.server.leaderelection.leader.step-down.wait-time = 10s (default)
2023-01-03 10:06:14,486 [pool-95-thread-1] INFO  server.RaftServerConfigKeys (ConfUtils.java:logGet(46)) - raft.server.sleep.deviation.threshold = 300ms (default)
2023-01-03 10:06:14,487 [pool-95-thread-1] INFO  server.RaftServer$Division (ServerState.java:<init>(118)) - 1e90a81f-431a-478a-9b2e-dbda4ffaca44@group-108C4B708AA8: ConfigurationManager, init=-1: peers:[e60c2466-e581-4a2a-a391-12b730c6e057|rpc:10.1.0.13:43713|dataStream:10.1.0.13:34563|priority:0|startupRole:FOLLOWER, 1e90a81f-431a-478a-9b2e-dbda4ffaca44|rpc:10.1.0.13:44185|dataStream:10.1.0.13:44723|priority:1|startupRole:FOLLOWER, f16244a9-e060-48f3-8727-dfe3ed85a294|rpc:10.1.0.13:45615|dataStream:10.1.0.13:38733|priority:0|startupRole:FOLLOWER]|listeners:[], old=null, confs=<EMPTY_MAP>
2023-01-03 10:06:14,487 [pool-95-thread-1] INFO  server.RaftServerConfigKeys (ConfUtils.java:logGet(46)) - raft.server.storage.dir = [/home/runner/work/ozone/ozone/hadoop-ozone/integration-test/target/test-dir/MiniOzoneClusterImpl-70d28db6-796b-4d31-8f04-926db9b5570a/datanode-1/data/ratis] (custom)
2023-01-03 10:06:14,487 [pool-95-thread-1] INFO  server.RaftServerConfigKeys (ConfUtils.java:logGet(46)) - raft.server.log.corruption.policy = EXCEPTION (default)
2023-01-03 10:06:14,487 [pool-95-thread-1] INFO  server.RaftServerConfigKeys (ConfUtils.java:logGet(46)) - raft.server.storage.free-space.min = 0MB (=0) (default)
2023-01-03 10:06:14,487 [pool-95-thread-1] INFO  server.RaftServerConfigKeys (ConfUtils.java:logGet(46)) - raft.server.notification.no-leader.timeout = 300s (custom)
2023-01-03 10:06:14,487 [pool-95-thread-1] INFO  server.RaftServerConfigKeys (ConfUtils.java:logGet(46)) - raft.server.retrycache.expirytime = 600000ms (custom)
2023-01-03 10:06:14,487 [pool-95-thread-1] INFO  server.RaftServerConfigKeys (ConfUtils.java:logGet(46)) - raft.server.retrycache.statistics.expirytime = 100μs (default)
2023-01-03 10:06:14,488 [pool-95-thread-1] INFO  server.RaftServerConfigKeys (ConfUtils.java:logGet(46)) - raft.server.log.appender.install.snapshot.enabled = false (custom)
2023-01-03 10:06:14,488 [pool-95-thread-1] INFO  server.RaftServerConfigKeys (ConfUtils.java:logGet(46)) - raft.server.threadpool.server.cached = true (default)
2023-01-03 10:06:14,488 [pool-95-thread-1] INFO  server.RaftServerConfigKeys (ConfUtils.java:logGet(46)) - raft.server.threadpool.server.size = 0 (default)
2023-01-03 10:06:14,488 [pool-95-thread-1] INFO  server.RaftServerConfigKeys (ConfUtils.java:logGet(46)) - raft.server.threadpool.client.cached = true (default)
2023-01-03 10:06:14,488 [pool-95-thread-1] INFO  server.RaftServerConfigKeys (ConfUtils.java:logGet(46)) - raft.server.threadpool.client.size = 0 (default)
2023-01-03 10:06:14,488 [pool-95-thread-1] INFO  storage.RaftStorageDirectory (RaftStorageDirectoryImpl.java:analyzeStorage(137)) - The storage directory /home/runner/work/ozone/ozone/hadoop-ozone/integration-test/target/test-dir/MiniOzoneClusterImpl-70d28db6-796b-4d31-8f04-926db9b5570a/datanode-1/data/ratis/ec118c1c-3abc-4c50-81b9-108c4b708aa8 does not exist. Creating ...
2023-01-03 10:06:14,489 [1e90a81f-431a-478a-9b2e-dbda4ffaca44@group-4930332E8D38-FollowerState] INFO  server.RaftServerConfigKeys (ConfUtils.java:logFallback(53)) - raft.server.rpc.first-election.timeout.min = 5s (fallback to raft.server.rpc.timeout.min)
2023-01-03 10:06:14,489 [1e90a81f-431a-478a-9b2e-dbda4ffaca44@group-4930332E8D38-FollowerState] INFO  server.RaftServerConfigKeys (ConfUtils.java:logFallback(53)) - raft.server.rpc.first-election.timeout.max = 5200ms (fallback to raft.server.rpc.timeout.max)
2023-01-03 10:06:14,489 [pool-95-thread-1] INFO  storage.RaftStorageDirectory (RaftStorageDirectoryImpl.java:tryLock(231)) - Lock on /home/runner/work/ozone/ozone/hadoop-ozone/integration-test/target/test-dir/MiniOzoneClusterImpl-70d28db6-796b-4d31-8f04-926db9b5570a/datanode-1/data/ratis/ec118c1c-3abc-4c50-81b9-108c4b708aa8/in_use.lock acquired by nodename 9440@fv-az292-374
2023-01-03 10:06:14,490 [pool-95-thread-1] INFO  storage.RaftStorage (RaftStorageImpl.java:format(96)) - Storage directory /home/runner/work/ozone/ozone/hadoop-ozone/integration-test/target/test-dir/MiniOzoneClusterImpl-70d28db6-796b-4d31-8f04-926db9b5570a/datanode-1/data/ratis/ec118c1c-3abc-4c50-81b9-108c4b708aa8 has been successfully formatted.
2023-01-03 10:06:14,491 [pool-95-thread-1] INFO  ratis.ContainerStateMachine (ContainerStateMachine.java:loadSnapshot(240)) - group-108C4B708AA8: The snapshot info is null. Setting the last applied indexto:(t:0, i:~)
2023-01-03 10:06:14,491 [pool-95-thread-1] INFO  server.RaftServerConfigKeys (ConfUtils.java:logGet(46)) - raft.server.log.use.memory = false (default)
2023-01-03 10:06:14,491 [pool-95-thread-1] INFO  server.RaftServerConfigKeys (ConfUtils.java:logGet(46)) - raft.server.log.purge.gap = 1000000 (custom)
2023-01-03 10:06:14,491 [pool-95-thread-1] INFO  server.RaftServerConfigKeys (ConfUtils.java:logGet(46)) - raft.server.log.appender.buffer.byte-limit = 33554432 (custom)
2023-01-03 10:06:14,491 [pool-95-thread-1] INFO  server.RaftServerConfigKeys (ConfUtils.java:logGet(46)) - raft.server.log.statemachine.data.read.timeout = 1000ms (default)
2023-01-03 10:06:14,491 [pool-95-thread-1] INFO  server.RaftServerConfigKeys (ConfUtils.java:logGet(46)) - raft.server.log.purge.preservation.log.num = 0 (default)
2023-01-03 10:06:14,491 [pool-95-thread-1] INFO  server.RaftServerConfigKeys (ConfUtils.java:logGet(46)) - raft.server.log.segment.size.max = 1048576 (custom)
2023-01-03 10:06:14,495 [EventQueue-CommandQueueReportForCommandQueueReportHandler] WARN  events.EventQueue (EventQueue.java:fireEvent(216)) - No event handler registered for event TypedEvent{payloadType=DatanodeDetails, name='Datanode_Command_Queue_Updated'}
2023-01-03 10:06:14,495 [EventQueue-OpenPipelineForHealthyPipelineSafeModeRule] INFO  safemode.SCMSafeModeManager (HealthyPipelineSafeModeRule.java:process(137)) - SCM in safe mode. Healthy pipelines reported count is 0, required healthy pipeline reported count is 1
2023-01-03 10:06:14,495 [pool-95-thread-1] INFO  server.RaftServerConfigKeys (ConfUtils.java:logGet(46)) - raft.server.log.segment.cache.num.max = 2 (custom)
2023-01-03 10:06:14,495 [pool-95-thread-1] INFO  server.RaftServerConfigKeys (ConfUtils.java:logGet(46)) - raft.server.log.segment.cache.size.max = 200MB (=209715200) (default)
2023-01-03 10:06:14,495 [pool-95-thread-1] INFO  segmented.SegmentedRaftLogWorker (SegmentedRaftLogWorker.java:<init>(189)) - new 1e90a81f-431a-478a-9b2e-dbda4ffaca44@group-108C4B708AA8-SegmentedRaftLogWorker for RaftStorageImpl:Storage Directory /home/runner/work/ozone/ozone/hadoop-ozone/integration-test/target/test-dir/MiniOzoneClusterImpl-70d28db6-796b-4d31-8f04-926db9b5570a/datanode-1/data/ratis/ec118c1c-3abc-4c50-81b9-108c4b708aa8
2023-01-03 10:06:14,495 [pool-95-thread-1] INFO  server.RaftServerConfigKeys (ConfUtils.java:logGet(46)) - raft.server.log.queue.byte-limit = 4294967296 (custom)
2023-01-03 10:06:14,495 [pool-95-thread-1] INFO  server.RaftServerConfigKeys (ConfUtils.java:logGet(46)) - raft.server.log.queue.element-limit = 1024 (custom)
2023-01-03 10:06:14,496 [pool-95-thread-1] INFO  server.RaftServerConfigKeys (ConfUtils.java:logGet(46)) - raft.server.log.segment.size.max = 1048576 (custom)
2023-01-03 10:06:14,496 [pool-95-thread-1] INFO  server.RaftServerConfigKeys (ConfUtils.java:logGet(46)) - raft.server.log.preallocated.size = 16384 (custom)
2023-01-03 10:06:14,496 [pool-95-thread-1] INFO  server.RaftServerConfigKeys (ConfUtils.java:logGet(46)) - raft.server.log.force.sync.num = 128 (default)
2023-01-03 10:06:14,496 [pool-95-thread-1] INFO  server.RaftServerConfigKeys (ConfUtils.java:logGet(46)) - raft.server.log.statemachine.data.sync = true (default)
2023-01-03 10:06:14,496 [pool-95-thread-1] INFO  server.RaftServerConfigKeys (ConfUtils.java:logGet(46)) - raft.server.log.statemachine.data.sync.timeout = 10s (default)
2023-01-03 10:06:14,496 [pool-95-thread-1] INFO  server.RaftServerConfigKeys (ConfUtils.java:logGet(46)) - raft.server.log.statemachine.data.sync.timeout.retry = -1 (default)
2023-01-03 10:06:14,497 [pool-95-thread-1] INFO  server.RaftServerConfigKeys (ConfUtils.java:logGet(46)) - raft.server.log.write.buffer.size = 1048576 (custom)
2023-01-03 10:06:14,497 [pool-95-thread-1] INFO  server.RaftServerConfigKeys (ConfUtils.java:logGet(46)) - raft.server.log.appender.buffer.byte-limit = 33554432 (custom)
2023-01-03 10:06:14,504 [pool-95-thread-1] INFO  server.RaftServerConfigKeys (ConfUtils.java:logGet(46)) - raft.server.log.unsafe-flush.enabled = false (default)
2023-01-03 10:06:14,504 [pool-95-thread-1] INFO  server.RaftServerConfigKeys (ConfUtils.java:logGet(46)) - raft.server.log.async-flush.enabled = false (default)
2023-01-03 10:06:14,505 [pool-95-thread-1] INFO  server.RaftServerConfigKeys (ConfUtils.java:logGet(46)) - raft.server.log.statemachine.data.caching.enabled = true (custom)
2023-01-03 10:06:14,505 [pool-95-thread-1] INFO  segmented.SegmentedRaftLogWorker (SegmentedRaftLogWorker.java:lambda$new$0(135)) - 1e90a81f-431a-478a-9b2e-dbda4ffaca44@group-108C4B708AA8-SegmentedRaftLogWorker: flushIndex: setUnconditionally 0 -> -1
2023-01-03 10:06:14,505 [pool-95-thread-1] INFO  segmented.SegmentedRaftLogWorker (SegmentedRaftLogWorker.java:lambda$new$0(135)) - 1e90a81f-431a-478a-9b2e-dbda4ffaca44@group-108C4B708AA8-SegmentedRaftLogWorker: safeCacheEvictIndex: setUnconditionally 0 -> -1
2023-01-03 10:06:14,505 [pool-95-thread-1] INFO  server.RaftServer$Division (RaftServerImpl.java:start(334)) - 1e90a81f-431a-478a-9b2e-dbda4ffaca44@group-108C4B708AA8: start as a follower, conf=-1: peers:[e60c2466-e581-4a2a-a391-12b730c6e057|rpc:10.1.0.13:43713|dataStream:10.1.0.13:34563|priority:0|startupRole:FOLLOWER, 1e90a81f-431a-478a-9b2e-dbda4ffaca44|rpc:10.1.0.13:44185|dataStream:10.1.0.13:44723|priority:1|startupRole:FOLLOWER, f16244a9-e060-48f3-8727-dfe3ed85a294|rpc:10.1.0.13:45615|dataStream:10.1.0.13:38733|priority:0|startupRole:FOLLOWER]|listeners:[], old=null
2023-01-03 10:06:14,505 [pool-95-thread-1] INFO  server.RaftServer$Division (RaftServerImpl.java:setRole(321)) - 1e90a81f-431a-478a-9b2e-dbda4ffaca44@group-108C4B708AA8: changes role from      null to FOLLOWER at term 0 for startAsFollower
2023-01-03 10:06:14,505 [pool-95-thread-1] INFO  impl.RoleInfo (RoleInfo.java:updateAndGet(139)) - 1e90a81f-431a-478a-9b2e-dbda4ffaca44: start 1e90a81f-431a-478a-9b2e-dbda4ffaca44@group-108C4B708AA8-FollowerState
2023-01-03 10:06:14,506 [pool-95-thread-1] INFO  util.JmxRegister (JmxRegister.java:tryRegister(44)) - Successfully registered JMX Bean with object name Ratis:service=RaftServer,group=group-108C4B708AA8,id=1e90a81f-431a-478a-9b2e-dbda4ffaca44
2023-01-03 10:06:14,506 [pool-95-thread-1] INFO  server.RaftServerConfigKeys (ConfUtils.java:logGet(46)) - raft.server.snapshot.auto.trigger.enabled = true (custom)
2023-01-03 10:06:14,506 [pool-95-thread-1] INFO  server.RaftServerConfigKeys (ConfUtils.java:logGet(46)) - raft.server.snapshot.auto.trigger.threshold = 10000 (custom)
2023-01-03 10:06:14,506 [pool-95-thread-1] INFO  server.RaftServerConfigKeys (ConfUtils.java:logGet(46)) - raft.server.snapshot.retention.file.num = 5 (custom)
2023-01-03 10:06:14,506 [pool-95-thread-1] INFO  server.RaftServerConfigKeys (ConfUtils.java:logGet(46)) - raft.server.log.purge.upto.snapshot.index = false (default)
2023-01-03 10:06:14,507 [1e90a81f-431a-478a-9b2e-dbda4ffaca44@group-108C4B708AA8-FollowerState] INFO  server.RaftServerConfigKeys (ConfUtils.java:logFallback(53)) - raft.server.rpc.first-election.timeout.min = 5s (fallback to raft.server.rpc.timeout.min)
2023-01-03 10:06:14,508 [Command processor thread] INFO  ratis.XceiverServerRatis (XceiverServerRatis.java:addGroup(806)) - Created group PipelineID=ec118c1c-3abc-4c50-81b9-108c4b708aa8
2023-01-03 10:06:14,508 [1e90a81f-431a-478a-9b2e-dbda4ffaca44@group-108C4B708AA8-FollowerState] INFO  server.RaftServerConfigKeys (ConfUtils.java:logFallback(53)) - raft.server.rpc.first-election.timeout.max = 5200ms (fallback to raft.server.rpc.timeout.max)
2023-01-03 10:06:14,549 [grpc-default-executor-1] INFO  server.RaftServer (RaftServerProxy.java:addNew(96)) - f16244a9-e060-48f3-8727-dfe3ed85a294: addNew group-108C4B708AA8:[e60c2466-e581-4a2a-a391-12b730c6e057|rpc:10.1.0.13:43713|dataStream:10.1.0.13:34563|priority:0|startupRole:FOLLOWER, 1e90a81f-431a-478a-9b2e-dbda4ffaca44|rpc:10.1.0.13:44185|dataStream:10.1.0.13:44723|priority:1|startupRole:FOLLOWER, f16244a9-e060-48f3-8727-dfe3ed85a294|rpc:10.1.0.13:45615|dataStream:10.1.0.13:38733|priority:0|startupRole:FOLLOWER] returns group-108C4B708AA8:java.util.concurrent.CompletableFuture@23838e76[Not completed]
2023-01-03 10:06:14,554 [pool-118-thread-1] INFO  server.RaftServer$Division (RaftServerImpl.java:<init>(195)) - f16244a9-e060-48f3-8727-dfe3ed85a294: new RaftServerImpl for group-108C4B708AA8:[e60c2466-e581-4a2a-a391-12b730c6e057|rpc:10.1.0.13:43713|dataStream:10.1.0.13:34563|priority:0|startupRole:FOLLOWER, 1e90a81f-431a-478a-9b2e-dbda4ffaca44|rpc:10.1.0.13:44185|dataStream:10.1.0.13:44723|priority:1|startupRole:FOLLOWER, f16244a9-e060-48f3-8727-dfe3ed85a294|rpc:10.1.0.13:45615|dataStream:10.1.0.13:38733|priority:0|startupRole:FOLLOWER] with ContainerStateMachine:uninitialized
2023-01-03 10:06:14,557 [pool-118-thread-1] INFO  server.RaftServerConfigKeys (ConfUtils.java:logGet(46)) - raft.server.rpc.timeout.min = 5s (custom)
2023-01-03 10:06:14,557 [pool-118-thread-1] INFO  server.RaftServerConfigKeys (ConfUtils.java:logGet(46)) - raft.server.rpc.timeout.max = 5200ms (custom)
2023-01-03 10:06:14,557 [pool-118-thread-1] INFO  server.RaftServerConfigKeys (ConfUtils.java:logGet(46)) - raft.server.rpc.sleep.time = 25ms (default)
2023-01-03 10:06:14,557 [pool-118-thread-1] INFO  server.RaftServerConfigKeys (ConfUtils.java:logGet(46)) - raft.server.rpc.slowness.timeout = 300s (custom)
2023-01-03 10:06:14,557 [pool-118-thread-1] INFO  server.RaftServerConfigKeys (ConfUtils.java:logGet(46)) - raft.server.leaderelection.leader.step-down.wait-time = 10s (default)
2023-01-03 10:06:14,557 [pool-118-thread-1] INFO  server.RaftServerConfigKeys (ConfUtils.java:logGet(46)) - raft.server.sleep.deviation.threshold = 300ms (default)
2023-01-03 10:06:14,557 [pool-118-thread-1] INFO  server.RaftServer$Division (ServerState.java:<init>(118)) - f16244a9-e060-48f3-8727-dfe3ed85a294@group-108C4B708AA8: ConfigurationManager, init=-1: peers:[e60c2466-e581-4a2a-a391-12b730c6e057|rpc:10.1.0.13:43713|dataStream:10.1.0.13:34563|priority:0|startupRole:FOLLOWER, 1e90a81f-431a-478a-9b2e-dbda4ffaca44|rpc:10.1.0.13:44185|dataStream:10.1.0.13:44723|priority:1|startupRole:FOLLOWER, f16244a9-e060-48f3-8727-dfe3ed85a294|rpc:10.1.0.13:45615|dataStream:10.1.0.13:38733|priority:0|startupRole:FOLLOWER]|listeners:[], old=null, confs=<EMPTY_MAP>
2023-01-03 10:06:14,557 [pool-118-thread-1] INFO  server.RaftServerConfigKeys (ConfUtils.java:logGet(46)) - raft.server.storage.dir = [/home/runner/work/ozone/ozone/hadoop-ozone/integration-test/target/test-dir/MiniOzoneClusterImpl-70d28db6-796b-4d31-8f04-926db9b5570a/datanode-2/data/ratis] (custom)
2023-01-03 10:06:14,557 [pool-118-thread-1] INFO  server.RaftServerConfigKeys (ConfUtils.java:logGet(46)) - raft.server.log.corruption.policy = EXCEPTION (default)
2023-01-03 10:06:14,557 [pool-118-thread-1] INFO  server.RaftServerConfigKeys (ConfUtils.java:logGet(46)) - raft.server.storage.free-space.min = 0MB (=0) (default)
2023-01-03 10:06:14,557 [pool-118-thread-1] INFO  server.RaftServerConfigKeys (ConfUtils.java:logGet(46)) - raft.server.notification.no-leader.timeout = 300s (custom)
2023-01-03 10:06:14,558 [pool-118-thread-1] INFO  server.RaftServerConfigKeys (ConfUtils.java:logGet(46)) - raft.server.retrycache.expirytime = 600000ms (custom)
2023-01-03 10:06:14,558 [pool-118-thread-1] INFO  server.RaftServerConfigKeys (ConfUtils.java:logGet(46)) - raft.server.retrycache.statistics.expirytime = 100μs (default)
2023-01-03 10:06:14,561 [pool-118-thread-1] INFO  server.RaftServerConfigKeys (ConfUtils.java:logGet(46)) - raft.server.log.appender.install.snapshot.enabled = false (custom)
2023-01-03 10:06:14,561 [pool-118-thread-1] INFO  server.RaftServerConfigKeys (ConfUtils.java:logGet(46)) - raft.server.threadpool.server.cached = true (default)
2023-01-03 10:06:14,561 [pool-118-thread-1] INFO  server.RaftServerConfigKeys (ConfUtils.java:logGet(46)) - raft.server.threadpool.server.size = 0 (default)
2023-01-03 10:06:14,561 [pool-118-thread-1] INFO  server.RaftServerConfigKeys (ConfUtils.java:logGet(46)) - raft.server.threadpool.client.cached = true (default)
2023-01-03 10:06:14,561 [pool-118-thread-1] INFO  server.RaftServerConfigKeys (ConfUtils.java:logGet(46)) - raft.server.threadpool.client.size = 0 (default)
2023-01-03 10:06:14,561 [pool-118-thread-1] INFO  storage.RaftStorageDirectory (RaftStorageDirectoryImpl.java:analyzeStorage(137)) - The storage directory /home/runner/work/ozone/ozone/hadoop-ozone/integration-test/target/test-dir/MiniOzoneClusterImpl-70d28db6-796b-4d31-8f04-926db9b5570a/datanode-2/data/ratis/ec118c1c-3abc-4c50-81b9-108c4b708aa8 does not exist. Creating ...
2023-01-03 10:06:14,563 [pool-118-thread-1] INFO  storage.RaftStorageDirectory (RaftStorageDirectoryImpl.java:tryLock(231)) - Lock on /home/runner/work/ozone/ozone/hadoop-ozone/integration-test/target/test-dir/MiniOzoneClusterImpl-70d28db6-796b-4d31-8f04-926db9b5570a/datanode-2/data/ratis/ec118c1c-3abc-4c50-81b9-108c4b708aa8/in_use.lock acquired by nodename 9440@fv-az292-374
2023-01-03 10:06:14,564 [pool-118-thread-1] INFO  storage.RaftStorage (RaftStorageImpl.java:format(96)) - Storage directory /home/runner/work/ozone/ozone/hadoop-ozone/integration-test/target/test-dir/MiniOzoneClusterImpl-70d28db6-796b-4d31-8f04-926db9b5570a/datanode-2/data/ratis/ec118c1c-3abc-4c50-81b9-108c4b708aa8 has been successfully formatted.
2023-01-03 10:06:14,566 [pool-118-thread-1] INFO  ratis.ContainerStateMachine (ContainerStateMachine.java:loadSnapshot(240)) - group-108C4B708AA8: The snapshot info is null. Setting the last applied indexto:(t:0, i:~)
2023-01-03 10:06:14,566 [pool-118-thread-1] INFO  server.RaftServerConfigKeys (ConfUtils.java:logGet(46)) - raft.server.log.use.memory = false (default)
2023-01-03 10:06:14,567 [pool-118-thread-1] INFO  server.RaftServerConfigKeys (ConfUtils.java:logGet(46)) - raft.server.log.purge.gap = 1000000 (custom)
2023-01-03 10:06:14,567 [pool-118-thread-1] INFO  server.RaftServerConfigKeys (ConfUtils.java:logGet(46)) - raft.server.log.appender.buffer.byte-limit = 33554432 (custom)
2023-01-03 10:06:14,567 [pool-118-thread-1] INFO  server.RaftServerConfigKeys (ConfUtils.java:logGet(46)) - raft.server.log.statemachine.data.read.timeout = 1000ms (default)
2023-01-03 10:06:14,567 [pool-118-thread-1] INFO  server.RaftServerConfigKeys (ConfUtils.java:logGet(46)) - raft.server.log.purge.preservation.log.num = 0 (default)
2023-01-03 10:06:14,568 [pool-118-thread-1] INFO  server.RaftServerConfigKeys (ConfUtils.java:logGet(46)) - raft.server.log.segment.size.max = 1048576 (custom)
2023-01-03 10:06:14,568 [EventQueue-CommandQueueReportForCommandQueueReportHandler] WARN  events.EventQueue (EventQueue.java:fireEvent(216)) - No event handler registered for event TypedEvent{payloadType=DatanodeDetails, name='Datanode_Command_Queue_Updated'}
2023-01-03 10:06:14,568 [pool-118-thread-1] INFO  server.RaftServerConfigKeys (ConfUtils.java:logGet(46)) - raft.server.log.segment.cache.num.max = 2 (custom)
2023-01-03 10:06:14,569 [pool-118-thread-1] INFO  server.RaftServerConfigKeys (ConfUtils.java:logGet(46)) - raft.server.log.segment.cache.size.max = 200MB (=209715200) (default)
2023-01-03 10:06:14,569 [pool-118-thread-1] INFO  segmented.SegmentedRaftLogWorker (SegmentedRaftLogWorker.java:<init>(189)) - new f16244a9-e060-48f3-8727-dfe3ed85a294@group-108C4B708AA8-SegmentedRaftLogWorker for RaftStorageImpl:Storage Directory /home/runner/work/ozone/ozone/hadoop-ozone/integration-test/target/test-dir/MiniOzoneClusterImpl-70d28db6-796b-4d31-8f04-926db9b5570a/datanode-2/data/ratis/ec118c1c-3abc-4c50-81b9-108c4b708aa8
2023-01-03 10:06:14,569 [pool-118-thread-1] INFO  server.RaftServerConfigKeys (ConfUtils.java:logGet(46)) - raft.server.log.queue.byte-limit = 4294967296 (custom)
2023-01-03 10:06:14,569 [pool-118-thread-1] INFO  server.RaftServerConfigKeys (ConfUtils.java:logGet(46)) - raft.server.log.queue.element-limit = 1024 (custom)
2023-01-03 10:06:14,569 [pool-118-thread-1] INFO  server.RaftServerConfigKeys (ConfUtils.java:logGet(46)) - raft.server.log.segment.size.max = 1048576 (custom)
2023-01-03 10:06:14,569 [pool-118-thread-1] INFO  server.RaftServerConfigKeys (ConfUtils.java:logGet(46)) - raft.server.log.preallocated.size = 16384 (custom)
2023-01-03 10:06:14,570 [pool-118-thread-1] INFO  server.RaftServerConfigKeys (ConfUtils.java:logGet(46)) - raft.server.log.force.sync.num = 128 (default)
2023-01-03 10:06:14,570 [pool-118-thread-1] INFO  server.RaftServerConfigKeys (ConfUtils.java:logGet(46)) - raft.server.log.statemachine.data.sync = true (default)
2023-01-03 10:06:14,570 [pool-118-thread-1] INFO  server.RaftServerConfigKeys (ConfUtils.java:logGet(46)) - raft.server.log.statemachine.data.sync.timeout = 10s (default)
2023-01-03 10:06:14,570 [pool-118-thread-1] INFO  server.RaftServerConfigKeys (ConfUtils.java:logGet(46)) - raft.server.log.statemachine.data.sync.timeout.retry = -1 (default)
2023-01-03 10:06:14,571 [pool-118-thread-1] INFO  server.RaftServerConfigKeys (ConfUtils.java:logGet(46)) - raft.server.log.write.buffer.size = 1048576 (custom)
2023-01-03 10:06:14,572 [pool-118-thread-1] INFO  server.RaftServerConfigKeys (ConfUtils.java:logGet(46)) - raft.server.log.appender.buffer.byte-limit = 33554432 (custom)
2023-01-03 10:06:14,733 [pool-118-thread-1] INFO  server.RaftServerConfigKeys (ConfUtils.java:logGet(46)) - raft.server.log.unsafe-flush.enabled = false (default)
2023-01-03 10:06:14,735 [pool-118-thread-1] INFO  server.RaftServerConfigKeys (ConfUtils.java:logGet(46)) - raft.server.log.async-flush.enabled = false (default)
2023-01-03 10:06:14,735 [pool-118-thread-1] INFO  server.RaftServerConfigKeys (ConfUtils.java:logGet(46)) - raft.server.log.statemachine.data.caching.enabled = true (custom)
2023-01-03 10:06:14,735 [pool-118-thread-1] INFO  segmented.SegmentedRaftLogWorker (SegmentedRaftLogWorker.java:lambda$new$0(135)) - f16244a9-e060-48f3-8727-dfe3ed85a294@group-108C4B708AA8-SegmentedRaftLogWorker: flushIndex: setUnconditionally 0 -> -1
2023-01-03 10:06:14,736 [pool-118-thread-1] INFO  segmented.SegmentedRaftLogWorker (SegmentedRaftLogWorker.java:lambda$new$0(135)) - f16244a9-e060-48f3-8727-dfe3ed85a294@group-108C4B708AA8-SegmentedRaftLogWorker: safeCacheEvictIndex: setUnconditionally 0 -> -1
2023-01-03 10:06:14,737 [pool-118-thread-1] INFO  server.RaftServer$Division (RaftServerImpl.java:start(334)) - f16244a9-e060-48f3-8727-dfe3ed85a294@group-108C4B708AA8: start as a follower, conf=-1: peers:[e60c2466-e581-4a2a-a391-12b730c6e057|rpc:10.1.0.13:43713|dataStream:10.1.0.13:34563|priority:0|startupRole:FOLLOWER, 1e90a81f-431a-478a-9b2e-dbda4ffaca44|rpc:10.1.0.13:44185|dataStream:10.1.0.13:44723|priority:1|startupRole:FOLLOWER, f16244a9-e060-48f3-8727-dfe3ed85a294|rpc:10.1.0.13:45615|dataStream:10.1.0.13:38733|priority:0|startupRole:FOLLOWER]|listeners:[], old=null
2023-01-03 10:06:14,737 [pool-118-thread-1] INFO  server.RaftServer$Division (RaftServerImpl.java:setRole(321)) - f16244a9-e060-48f3-8727-dfe3ed85a294@group-108C4B708AA8: changes role from      null to FOLLOWER at term 0 for startAsFollower
2023-01-03 10:06:14,737 [pool-118-thread-1] INFO  impl.RoleInfo (RoleInfo.java:updateAndGet(139)) - f16244a9-e060-48f3-8727-dfe3ed85a294: start f16244a9-e060-48f3-8727-dfe3ed85a294@group-108C4B708AA8-FollowerState
2023-01-03 10:06:14,740 [pool-118-thread-1] INFO  util.JmxRegister (JmxRegister.java:tryRegister(44)) - Successfully registered JMX Bean with object name Ratis:service=RaftServer,group=group-108C4B708AA8,id=f16244a9-e060-48f3-8727-dfe3ed85a294
2023-01-03 10:06:14,740 [pool-118-thread-1] INFO  server.RaftServerConfigKeys (ConfUtils.java:logGet(46)) - raft.server.snapshot.auto.trigger.enabled = true (custom)
2023-01-03 10:06:14,740 [pool-118-thread-1] INFO  server.RaftServerConfigKeys (ConfUtils.java:logGet(46)) - raft.server.snapshot.auto.trigger.threshold = 10000 (custom)
2023-01-03 10:06:14,740 [pool-118-thread-1] INFO  server.RaftServerConfigKeys (ConfUtils.java:logGet(46)) - raft.server.snapshot.retention.file.num = 5 (custom)
2023-01-03 10:06:14,740 [pool-118-thread-1] INFO  server.RaftServerConfigKeys (ConfUtils.java:logGet(46)) - raft.server.log.purge.upto.snapshot.index = false (default)
2023-01-03 10:06:14,750 [f16244a9-e060-48f3-8727-dfe3ed85a294@group-108C4B708AA8-FollowerState] INFO  server.RaftServerConfigKeys (ConfUtils.java:logFallback(53)) - raft.server.rpc.first-election.timeout.min = 5s (fallback to raft.server.rpc.timeout.min)
2023-01-03 10:06:14,753 [f16244a9-e060-48f3-8727-dfe3ed85a294@group-108C4B708AA8-FollowerState] INFO  server.RaftServerConfigKeys (ConfUtils.java:logFallback(53)) - raft.server.rpc.first-election.timeout.max = 5200ms (fallback to raft.server.rpc.timeout.max)
2023-01-03 10:06:14,830 [Command processor thread] INFO  server.RaftServer (RaftServerProxy.java:addNew(96)) - f16244a9-e060-48f3-8727-dfe3ed85a294: addNew group-837E6CCCAA62:[f16244a9-e060-48f3-8727-dfe3ed85a294|rpc:10.1.0.13:45615|dataStream:10.1.0.13:38733|priority:1|startupRole:FOLLOWER] returns group-837E6CCCAA62:java.util.concurrent.CompletableFuture@2f7975ae[Not completed]
2023-01-03 10:06:14,831 [pool-118-thread-1] INFO  server.RaftServer$Division (RaftServerImpl.java:<init>(195)) - f16244a9-e060-48f3-8727-dfe3ed85a294: new RaftServerImpl for group-837E6CCCAA62:[f16244a9-e060-48f3-8727-dfe3ed85a294|rpc:10.1.0.13:45615|dataStream:10.1.0.13:38733|priority:1|startupRole:FOLLOWER] with ContainerStateMachine:uninitialized
2023-01-03 10:06:14,831 [pool-118-thread-1] INFO  server.RaftServerConfigKeys (ConfUtils.java:logGet(46)) - raft.server.rpc.timeout.min = 5s (custom)
2023-01-03 10:06:14,831 [pool-118-thread-1] INFO  server.RaftServerConfigKeys (ConfUtils.java:logGet(46)) - raft.server.rpc.timeout.max = 5200ms (custom)
2023-01-03 10:06:14,832 [pool-118-thread-1] INFO  server.RaftServerConfigKeys (ConfUtils.java:logGet(46)) - raft.server.rpc.sleep.time = 25ms (default)
2023-01-03 10:06:14,832 [pool-118-thread-1] INFO  server.RaftServerConfigKeys (ConfUtils.java:logGet(46)) - raft.server.rpc.slowness.timeout = 300s (custom)
2023-01-03 10:06:14,832 [pool-118-thread-1] INFO  server.RaftServerConfigKeys (ConfUtils.java:logGet(46)) - raft.server.leaderelection.leader.step-down.wait-time = 10s (default)
2023-01-03 10:06:14,832 [pool-118-thread-1] INFO  server.RaftServerConfigKeys (ConfUtils.java:logGet(46)) - raft.server.sleep.deviation.threshold = 300ms (default)
2023-01-03 10:06:14,832 [pool-118-thread-1] INFO  server.RaftServer$Division (ServerState.java:<init>(118)) - f16244a9-e060-48f3-8727-dfe3ed85a294@group-837E6CCCAA62: ConfigurationManager, init=-1: peers:[f16244a9-e060-48f3-8727-dfe3ed85a294|rpc:10.1.0.13:45615|dataStream:10.1.0.13:38733|priority:1|startupRole:FOLLOWER]|listeners:[], old=null, confs=<EMPTY_MAP>
2023-01-03 10:06:14,832 [pool-118-thread-1] INFO  server.RaftServerConfigKeys (ConfUtils.java:logGet(46)) - raft.server.storage.dir = [/home/runner/work/ozone/ozone/hadoop-ozone/integration-test/target/test-dir/MiniOzoneClusterImpl-70d28db6-796b-4d31-8f04-926db9b5570a/datanode-2/data/ratis] (custom)
2023-01-03 10:06:14,832 [pool-118-thread-1] INFO  server.RaftServerConfigKeys (ConfUtils.java:logGet(46)) - raft.server.log.corruption.policy = EXCEPTION (default)
2023-01-03 10:06:14,832 [pool-118-thread-1] INFO  server.RaftServerConfigKeys (ConfUtils.java:logGet(46)) - raft.server.storage.free-space.min = 0MB (=0) (default)
2023-01-03 10:06:14,832 [pool-118-thread-1] INFO  server.RaftServerConfigKeys (ConfUtils.java:logGet(46)) - raft.server.notification.no-leader.timeout = 300s (custom)
2023-01-03 10:06:14,832 [pool-118-thread-1] INFO  server.RaftServerConfigKeys (ConfUtils.java:logGet(46)) - raft.server.retrycache.expirytime = 600000ms (custom)
2023-01-03 10:06:14,832 [pool-118-thread-1] INFO  server.RaftServerConfigKeys (ConfUtils.java:logGet(46)) - raft.server.retrycache.statistics.expirytime = 100μs (default)
2023-01-03 10:06:14,833 [pool-118-thread-1] INFO  server.RaftServerConfigKeys (ConfUtils.java:logGet(46)) - raft.server.log.appender.install.snapshot.enabled = false (custom)
2023-01-03 10:06:14,833 [pool-118-thread-1] INFO  server.RaftServerConfigKeys (ConfUtils.java:logGet(46)) - raft.server.threadpool.server.cached = true (default)
2023-01-03 10:06:14,833 [pool-118-thread-1] INFO  server.RaftServerConfigKeys (ConfUtils.java:logGet(46)) - raft.server.threadpool.server.size = 0 (default)
2023-01-03 10:06:14,833 [pool-118-thread-1] INFO  server.RaftServerConfigKeys (ConfUtils.java:logGet(46)) - raft.server.threadpool.client.cached = true (default)
2023-01-03 10:06:14,833 [pool-118-thread-1] INFO  server.RaftServerConfigKeys (ConfUtils.java:logGet(46)) - raft.server.threadpool.client.size = 0 (default)
2023-01-03 10:06:14,834 [pool-118-thread-1] INFO  storage.RaftStorageDirectory (RaftStorageDirectoryImpl.java:analyzeStorage(137)) - The storage directory /home/runner/work/ozone/ozone/hadoop-ozone/integration-test/target/test-dir/MiniOzoneClusterImpl-70d28db6-796b-4d31-8f04-926db9b5570a/datanode-2/data/ratis/89c5b1ff-fd4a-40dc-8c9b-837e6cccaa62 does not exist. Creating ...
2023-01-03 10:06:14,836 [pool-118-thread-1] INFO  storage.RaftStorageDirectory (RaftStorageDirectoryImpl.java:tryLock(231)) - Lock on /home/runner/work/ozone/ozone/hadoop-ozone/integration-test/target/test-dir/MiniOzoneClusterImpl-70d28db6-796b-4d31-8f04-926db9b5570a/datanode-2/data/ratis/89c5b1ff-fd4a-40dc-8c9b-837e6cccaa62/in_use.lock acquired by nodename 9440@fv-az292-374
2023-01-03 10:06:14,846 [Command processor thread] INFO  commandhandler.CreatePipelineCommandHandler (CreatePipelineCommandHandler.java:handle(113)) - Created Pipeline RATIS THREE PipelineID=ec118c1c-3abc-4c50-81b9-108c4b708aa8.
2023-01-03 10:06:14,846 [pool-118-thread-1] INFO  storage.RaftStorage (RaftStorageImpl.java:format(96)) - Storage directory /home/runner/work/ozone/ozone/hadoop-ozone/integration-test/target/test-dir/MiniOzoneClusterImpl-70d28db6-796b-4d31-8f04-926db9b5570a/datanode-2/data/ratis/89c5b1ff-fd4a-40dc-8c9b-837e6cccaa62 has been successfully formatted.
2023-01-03 10:06:14,847 [pool-118-thread-1] INFO  ratis.ContainerStateMachine (ContainerStateMachine.java:loadSnapshot(240)) - group-837E6CCCAA62: The snapshot info is null. Setting the last applied indexto:(t:0, i:~)
2023-01-03 10:06:14,847 [pool-118-thread-1] INFO  server.RaftServerConfigKeys (ConfUtils.java:logGet(46)) - raft.server.log.use.memory = false (default)
2023-01-03 10:06:14,847 [pool-118-thread-1] INFO  server.RaftServerConfigKeys (ConfUtils.java:logGet(46)) - raft.server.log.purge.gap = 1000000 (custom)
2023-01-03 10:06:14,847 [pool-118-thread-1] INFO  server.RaftServerConfigKeys (ConfUtils.java:logGet(46)) - raft.server.log.appender.buffer.byte-limit = 33554432 (custom)
2023-01-03 10:06:14,847 [pool-118-thread-1] INFO  server.RaftServerConfigKeys (ConfUtils.java:logGet(46)) - raft.server.log.statemachine.data.read.timeout = 1000ms (default)
2023-01-03 10:06:14,847 [pool-118-thread-1] INFO  server.RaftServerConfigKeys (ConfUtils.java:logGet(46)) - raft.server.log.purge.preservation.log.num = 0 (default)
2023-01-03 10:06:14,847 [pool-118-thread-1] INFO  server.RaftServerConfigKeys (ConfUtils.java:logGet(46)) - raft.server.log.segment.size.max = 1048576 (custom)
2023-01-03 10:06:14,848 [pool-118-thread-1] INFO  server.RaftServerConfigKeys (ConfUtils.java:logGet(46)) - raft.server.log.segment.cache.num.max = 2 (custom)
2023-01-03 10:06:14,848 [pool-118-thread-1] INFO  server.RaftServerConfigKeys (ConfUtils.java:logGet(46)) - raft.server.log.segment.cache.size.max = 200MB (=209715200) (default)
2023-01-03 10:06:14,848 [pool-118-thread-1] INFO  segmented.SegmentedRaftLogWorker (SegmentedRaftLogWorker.java:<init>(189)) - new f16244a9-e060-48f3-8727-dfe3ed85a294@group-837E6CCCAA62-SegmentedRaftLogWorker for RaftStorageImpl:Storage Directory /home/runner/work/ozone/ozone/hadoop-ozone/integration-test/target/test-dir/MiniOzoneClusterImpl-70d28db6-796b-4d31-8f04-926db9b5570a/datanode-2/data/ratis/89c5b1ff-fd4a-40dc-8c9b-837e6cccaa62
2023-01-03 10:06:14,848 [pool-118-thread-1] INFO  server.RaftServerConfigKeys (ConfUtils.java:logGet(46)) - raft.server.log.queue.byte-limit = 4294967296 (custom)
2023-01-03 10:06:14,848 [pool-118-thread-1] INFO  server.RaftServerConfigKeys (ConfUtils.java:logGet(46)) - raft.server.log.queue.element-limit = 1024 (custom)
2023-01-03 10:06:14,848 [pool-118-thread-1] INFO  server.RaftServerConfigKeys (ConfUtils.java:logGet(46)) - raft.server.log.segment.size.max = 1048576 (custom)
2023-01-03 10:06:14,848 [pool-118-thread-1] INFO  server.RaftServerConfigKeys (ConfUtils.java:logGet(46)) - raft.server.log.preallocated.size = 16384 (custom)
2023-01-03 10:06:14,848 [pool-118-thread-1] INFO  server.RaftServerConfigKeys (ConfUtils.java:logGet(46)) - raft.server.log.force.sync.num = 128 (default)
2023-01-03 10:06:14,848 [pool-118-thread-1] INFO  server.RaftServerConfigKeys (ConfUtils.java:logGet(46)) - raft.server.log.statemachine.data.sync = true (default)
2023-01-03 10:06:14,848 [pool-118-thread-1] INFO  server.RaftServerConfigKeys (ConfUtils.java:logGet(46)) - raft.server.log.statemachine.data.sync.timeout = 10s (default)
2023-01-03 10:06:14,848 [pool-118-thread-1] INFO  server.RaftServerConfigKeys (ConfUtils.java:logGet(46)) - raft.server.log.statemachine.data.sync.timeout.retry = -1 (default)
2023-01-03 10:06:14,850 [pool-118-thread-1] INFO  server.RaftServerConfigKeys (ConfUtils.java:logGet(46)) - raft.server.log.write.buffer.size = 1048576 (custom)
2023-01-03 10:06:14,851 [pool-118-thread-1] INFO  server.RaftServerConfigKeys (ConfUtils.java:logGet(46)) - raft.server.log.appender.buffer.byte-limit = 33554432 (custom)
2023-01-03 10:06:14,853 [Command processor thread] INFO  server.RaftServer (RaftServerProxy.java:addNew(96)) - e60c2466-e581-4a2a-a391-12b730c6e057: addNew group-E0C05578D4FA:[e60c2466-e581-4a2a-a391-12b730c6e057|rpc:10.1.0.13:43713|dataStream:10.1.0.13:34563|priority:1|startupRole:FOLLOWER, 1e90a81f-431a-478a-9b2e-dbda4ffaca44|rpc:10.1.0.13:44185|dataStream:10.1.0.13:44723|priority:0|startupRole:FOLLOWER, f16244a9-e060-48f3-8727-dfe3ed85a294|rpc:10.1.0.13:45615|dataStream:10.1.0.13:38733|priority:0|startupRole:FOLLOWER] returns group-E0C05578D4FA:java.util.concurrent.CompletableFuture@5ee7b20b[Not completed]
2023-01-03 10:06:14,854 [pool-72-thread-1] INFO  server.RaftServer$Division (RaftServerImpl.java:<init>(195)) - e60c2466-e581-4a2a-a391-12b730c6e057: new RaftServerImpl for group-E0C05578D4FA:[e60c2466-e581-4a2a-a391-12b730c6e057|rpc:10.1.0.13:43713|dataStream:10.1.0.13:34563|priority:1|startupRole:FOLLOWER, 1e90a81f-431a-478a-9b2e-dbda4ffaca44|rpc:10.1.0.13:44185|dataStream:10.1.0.13:44723|priority:0|startupRole:FOLLOWER, f16244a9-e060-48f3-8727-dfe3ed85a294|rpc:10.1.0.13:45615|dataStream:10.1.0.13:38733|priority:0|startupRole:FOLLOWER] with ContainerStateMachine:uninitialized
2023-01-03 10:06:14,854 [pool-72-thread-1] INFO  server.RaftServerConfigKeys (ConfUtils.java:logGet(46)) - raft.server.rpc.timeout.min = 5s (custom)
2023-01-03 10:06:14,854 [pool-72-thread-1] INFO  server.RaftServerConfigKeys (ConfUtils.java:logGet(46)) - raft.server.rpc.timeout.max = 5200ms (custom)
2023-01-03 10:06:14,854 [pool-72-thread-1] INFO  server.RaftServerConfigKeys (ConfUtils.java:logGet(46)) - raft.server.rpc.sleep.time = 25ms (default)
2023-01-03 10:06:14,854 [pool-72-thread-1] INFO  server.RaftServerConfigKeys (ConfUtils.java:logGet(46)) - raft.server.rpc.slowness.timeout = 300s (custom)
2023-01-03 10:06:14,855 [pool-72-thread-1] INFO  server.RaftServerConfigKeys (ConfUtils.java:logGet(46)) - raft.server.leaderelection.leader.step-down.wait-time = 10s (default)
2023-01-03 10:06:14,855 [pool-72-thread-1] INFO  server.RaftServerConfigKeys (ConfUtils.java:logGet(46)) - raft.server.sleep.deviation.threshold = 300ms (default)
2023-01-03 10:06:14,855 [pool-72-thread-1] INFO  server.RaftServer$Division (ServerState.java:<init>(118)) - e60c2466-e581-4a2a-a391-12b730c6e057@group-E0C05578D4FA: ConfigurationManager, init=-1: peers:[e60c2466-e581-4a2a-a391-12b730c6e057|rpc:10.1.0.13:43713|dataStream:10.1.0.13:34563|priority:1|startupRole:FOLLOWER, 1e90a81f-431a-478a-9b2e-dbda4ffaca44|rpc:10.1.0.13:44185|dataStream:10.1.0.13:44723|priority:0|startupRole:FOLLOWER, f16244a9-e060-48f3-8727-dfe3ed85a294|rpc:10.1.0.13:45615|dataStream:10.1.0.13:38733|priority:0|startupRole:FOLLOWER]|listeners:[], old=null, confs=<EMPTY_MAP>
2023-01-03 10:06:14,855 [pool-72-thread-1] INFO  server.RaftServerConfigKeys (ConfUtils.java:logGet(46)) - raft.server.storage.dir = [/home/runner/work/ozone/ozone/hadoop-ozone/integration-test/target/test-dir/MiniOzoneClusterImpl-70d28db6-796b-4d31-8f04-926db9b5570a/datanode-0/data/ratis] (custom)
2023-01-03 10:06:14,855 [pool-72-thread-1] INFO  server.RaftServerConfigKeys (ConfUtils.java:logGet(46)) - raft.server.log.corruption.policy = EXCEPTION (default)
2023-01-03 10:06:14,855 [pool-72-thread-1] INFO  server.RaftServerConfigKeys (ConfUtils.java:logGet(46)) - raft.server.storage.free-space.min = 0MB (=0) (default)
2023-01-03 10:06:14,855 [pool-72-thread-1] INFO  server.RaftServerConfigKeys (ConfUtils.java:logGet(46)) - raft.server.notification.no-leader.timeout = 300s (custom)
2023-01-03 10:06:14,855 [pool-72-thread-1] INFO  server.RaftServerConfigKeys (ConfUtils.java:logGet(46)) - raft.server.retrycache.expirytime = 600000ms (custom)
2023-01-03 10:06:14,855 [pool-72-thread-1] INFO  server.RaftServerConfigKeys (ConfUtils.java:logGet(46)) - raft.server.retrycache.statistics.expirytime = 100μs (default)
2023-01-03 10:06:14,858 [EventQueue-CommandQueueReportForCommandQueueReportHandler] WARN  events.EventQueue (EventQueue.java:fireEvent(216)) - No event handler registered for event TypedEvent{payloadType=DatanodeDetails, name='Datanode_Command_Queue_Updated'}
2023-01-03 10:06:14,858 [EventQueue-PipelineReportForPipelineReportHandler] INFO  pipeline.PipelineManagerImpl (PipelineManagerImpl.java:openPipeline(367)) - Pipeline Pipeline[ Id: 89c5b1ff-fd4a-40dc-8c9b-837e6cccaa62, Nodes: f16244a9-e060-48f3-8727-dfe3ed85a294{ip: 10.1.0.13, host: fv-az292-374.tqgtyn10aqxuxoi0mkfbldi5vh.jx.internal.cloudapp.net, ports: [REPLICATION=42295, RATIS=45615, RATIS_ADMIN=45615, RATIS_SERVER=45615, RATIS_DATASTREAM=38733, STANDALONE=41669], networkLocation: /default-rack, certSerialId: null, persistedOpState: IN_SERVICE, persistedOpStateExpiryEpochSec: 0}, ReplicationConfig: RATIS/ONE, State:ALLOCATED, leaderId:f16244a9-e060-48f3-8727-dfe3ed85a294, CreationTimestamp2023-01-03T10:06:11.834Z[Etc/UTC]] moved to OPEN state
2023-01-03 10:06:14,860 [EventQueue-OpenPipelineForHealthyPipelineSafeModeRule] INFO  safemode.SCMSafeModeManager (HealthyPipelineSafeModeRule.java:process(137)) - SCM in safe mode. Healthy pipelines reported count is 0, required healthy pipeline reported count is 1
2023-01-03 10:06:14,860 [pool-72-thread-1] INFO  server.RaftServerConfigKeys (ConfUtils.java:logGet(46)) - raft.server.log.appender.install.snapshot.enabled = false (custom)
2023-01-03 10:06:14,862 [pool-72-thread-1] INFO  server.RaftServerConfigKeys (ConfUtils.java:logGet(46)) - raft.server.threadpool.server.cached = true (default)
2023-01-03 10:06:14,862 [pool-72-thread-1] INFO  server.RaftServerConfigKeys (ConfUtils.java:logGet(46)) - raft.server.threadpool.server.size = 0 (default)
2023-01-03 10:06:14,862 [pool-72-thread-1] INFO  server.RaftServerConfigKeys (ConfUtils.java:logGet(46)) - raft.server.threadpool.client.cached = true (default)
2023-01-03 10:06:14,862 [pool-72-thread-1] INFO  server.RaftServerConfigKeys (ConfUtils.java:logGet(46)) - raft.server.threadpool.client.size = 0 (default)
2023-01-03 10:06:14,862 [pool-72-thread-1] INFO  storage.RaftStorageDirectory (RaftStorageDirectoryImpl.java:analyzeStorage(137)) - The storage directory /home/runner/work/ozone/ozone/hadoop-ozone/integration-test/target/test-dir/MiniOzoneClusterImpl-70d28db6-796b-4d31-8f04-926db9b5570a/datanode-0/data/ratis/e77512d2-e62e-4623-9b52-e0c05578d4fa does not exist. Creating ...
2023-01-03 10:06:14,862 [Command processor thread] INFO  commandhandler.CreatePipelineCommandHandler (CreatePipelineCommandHandler.java:handle(113)) - Created Pipeline RATIS THREE PipelineID=ec118c1c-3abc-4c50-81b9-108c4b708aa8.
2023-01-03 10:06:14,863 [pool-118-thread-1] INFO  server.RaftServerConfigKeys (ConfUtils.java:logGet(46)) - raft.server.log.unsafe-flush.enabled = false (default)
2023-01-03 10:06:14,863 [pool-118-thread-1] INFO  server.RaftServerConfigKeys (ConfUtils.java:logGet(46)) - raft.server.log.async-flush.enabled = false (default)
2023-01-03 10:06:14,863 [pool-118-thread-1] INFO  server.RaftServerConfigKeys (ConfUtils.java:logGet(46)) - raft.server.log.statemachine.data.caching.enabled = true (custom)
2023-01-03 10:06:14,863 [pool-118-thread-1] INFO  segmented.SegmentedRaftLogWorker (SegmentedRaftLogWorker.java:lambda$new$0(135)) - f16244a9-e060-48f3-8727-dfe3ed85a294@group-837E6CCCAA62-SegmentedRaftLogWorker: flushIndex: setUnconditionally 0 -> -1
2023-01-03 10:06:14,863 [pool-118-thread-1] INFO  segmented.SegmentedRaftLogWorker (SegmentedRaftLogWorker.java:lambda$new$0(135)) - f16244a9-e060-48f3-8727-dfe3ed85a294@group-837E6CCCAA62-SegmentedRaftLogWorker: safeCacheEvictIndex: setUnconditionally 0 -> -1
2023-01-03 10:06:14,864 [pool-95-thread-1] INFO  server.RaftServer$Division (RaftServerImpl.java:<init>(195)) - 1e90a81f-431a-478a-9b2e-dbda4ffaca44: new RaftServerImpl for group-E0C05578D4FA:[e60c2466-e581-4a2a-a391-12b730c6e057|rpc:10.1.0.13:43713|dataStream:10.1.0.13:34563|priority:1|startupRole:FOLLOWER, 1e90a81f-431a-478a-9b2e-dbda4ffaca44|rpc:10.1.0.13:44185|dataStream:10.1.0.13:44723|priority:0|startupRole:FOLLOWER, f16244a9-e060-48f3-8727-dfe3ed85a294|rpc:10.1.0.13:45615|dataStream:10.1.0.13:38733|priority:0|startupRole:FOLLOWER] with ContainerStateMachine:uninitialized
2023-01-03 10:06:14,864 [pool-95-thread-1] INFO  server.RaftServerConfigKeys (ConfUtils.java:logGet(46)) - raft.server.rpc.timeout.min = 5s (custom)
2023-01-03 10:06:14,864 [pool-95-thread-1] INFO  server.RaftServerConfigKeys (ConfUtils.java:logGet(46)) - raft.server.rpc.timeout.max = 5200ms (custom)
2023-01-03 10:06:14,864 [pool-95-thread-1] INFO  server.RaftServerConfigKeys (ConfUtils.java:logGet(46)) - raft.server.rpc.sleep.time = 25ms (default)
2023-01-03 10:06:14,864 [pool-95-thread-1] INFO  server.RaftServerConfigKeys (ConfUtils.java:logGet(46)) - raft.server.rpc.slowness.timeout = 300s (custom)
2023-01-03 10:06:14,864 [pool-95-thread-1] INFO  server.RaftServerConfigKeys (ConfUtils.java:logGet(46)) - raft.server.leaderelection.leader.step-down.wait-time = 10s (default)
2023-01-03 10:06:14,864 [pool-95-thread-1] INFO  server.RaftServerConfigKeys (ConfUtils.java:logGet(46)) - raft.server.sleep.deviation.threshold = 300ms (default)
2023-01-03 10:06:14,864 [pool-95-thread-1] INFO  server.RaftServer$Division (ServerState.java:<init>(118)) - 1e90a81f-431a-478a-9b2e-dbda4ffaca44@group-E0C05578D4FA: ConfigurationManager, init=-1: peers:[e60c2466-e581-4a2a-a391-12b730c6e057|rpc:10.1.0.13:43713|dataStream:10.1.0.13:34563|priority:1|startupRole:FOLLOWER, 1e90a81f-431a-478a-9b2e-dbda4ffaca44|rpc:10.1.0.13:44185|dataStream:10.1.0.13:44723|priority:0|startupRole:FOLLOWER, f16244a9-e060-48f3-8727-dfe3ed85a294|rpc:10.1.0.13:45615|dataStream:10.1.0.13:38733|priority:0|startupRole:FOLLOWER]|listeners:[], old=null, confs=<EMPTY_MAP>
2023-01-03 10:06:14,864 [pool-95-thread-1] INFO  server.RaftServerConfigKeys (ConfUtils.java:logGet(46)) - raft.server.storage.dir = [/home/runner/work/ozone/ozone/hadoop-ozone/integration-test/target/test-dir/MiniOzoneClusterImpl-70d28db6-796b-4d31-8f04-926db9b5570a/datanode-1/data/ratis] (custom)
2023-01-03 10:06:14,864 [pool-118-thread-1] INFO  server.RaftServer$Division (RaftServerImpl.java:start(334)) - f16244a9-e060-48f3-8727-dfe3ed85a294@group-837E6CCCAA62: start as a follower, conf=-1: peers:[f16244a9-e060-48f3-8727-dfe3ed85a294|rpc:10.1.0.13:45615|dataStream:10.1.0.13:38733|priority:1|startupRole:FOLLOWER]|listeners:[], old=null
2023-01-03 10:06:14,870 [pool-72-thread-1] INFO  storage.RaftStorageDirectory (RaftStorageDirectoryImpl.java:tryLock(231)) - Lock on /home/runner/work/ozone/ozone/hadoop-ozone/integration-test/target/test-dir/MiniOzoneClusterImpl-70d28db6-796b-4d31-8f04-926db9b5570a/datanode-0/data/ratis/e77512d2-e62e-4623-9b52-e0c05578d4fa/in_use.lock acquired by nodename 9440@fv-az292-374
2023-01-03 10:06:14,863 [Command processor thread] INFO  server.RaftServer (RaftServerProxy.java:addNew(96)) - 1e90a81f-431a-478a-9b2e-dbda4ffaca44: addNew group-E0C05578D4FA:[e60c2466-e581-4a2a-a391-12b730c6e057|rpc:10.1.0.13:43713|dataStream:10.1.0.13:34563|priority:1|startupRole:FOLLOWER, 1e90a81f-431a-478a-9b2e-dbda4ffaca44|rpc:10.1.0.13:44185|dataStream:10.1.0.13:44723|priority:0|startupRole:FOLLOWER, f16244a9-e060-48f3-8727-dfe3ed85a294|rpc:10.1.0.13:45615|dataStream:10.1.0.13:38733|priority:0|startupRole:FOLLOWER] returns group-E0C05578D4FA:java.util.concurrent.CompletableFuture@495d8956[Not completed]
2023-01-03 10:06:14,870 [pool-118-thread-1] INFO  server.RaftServer$Division (RaftServerImpl.java:setRole(321)) - f16244a9-e060-48f3-8727-dfe3ed85a294@group-837E6CCCAA62: changes role from      null to FOLLOWER at term 0 for startAsFollower
2023-01-03 10:06:14,864 [pool-95-thread-1] INFO  server.RaftServerConfigKeys (ConfUtils.java:logGet(46)) - raft.server.log.corruption.policy = EXCEPTION (default)
2023-01-03 10:06:14,870 [pool-95-thread-1] INFO  server.RaftServerConfigKeys (ConfUtils.java:logGet(46)) - raft.server.storage.free-space.min = 0MB (=0) (default)
2023-01-03 10:06:14,870 [pool-95-thread-1] INFO  server.RaftServerConfigKeys (ConfUtils.java:logGet(46)) - raft.server.notification.no-leader.timeout = 300s (custom)
2023-01-03 10:06:14,870 [pool-95-thread-1] INFO  server.RaftServerConfigKeys (ConfUtils.java:logGet(46)) - raft.server.retrycache.expirytime = 600000ms (custom)
2023-01-03 10:06:14,870 [pool-95-thread-1] INFO  server.RaftServerConfigKeys (ConfUtils.java:logGet(46)) - raft.server.retrycache.statistics.expirytime = 100μs (default)
2023-01-03 10:06:14,871 [pool-72-thread-1] INFO  storage.RaftStorage (RaftStorageImpl.java:format(96)) - Storage directory /home/runner/work/ozone/ozone/hadoop-ozone/integration-test/target/test-dir/MiniOzoneClusterImpl-70d28db6-796b-4d31-8f04-926db9b5570a/datanode-0/data/ratis/e77512d2-e62e-4623-9b52-e0c05578d4fa has been successfully formatted.
2023-01-03 10:06:14,871 [pool-72-thread-1] INFO  ratis.ContainerStateMachine (ContainerStateMachine.java:loadSnapshot(240)) - group-E0C05578D4FA: The snapshot info is null. Setting the last applied indexto:(t:0, i:~)
2023-01-03 10:06:14,871 [pool-72-thread-1] INFO  server.RaftServerConfigKeys (ConfUtils.java:logGet(46)) - raft.server.log.use.memory = false (default)
2023-01-03 10:06:14,871 [pool-72-thread-1] INFO  server.RaftServerConfigKeys (ConfUtils.java:logGet(46)) - raft.server.log.purge.gap = 1000000 (custom)
2023-01-03 10:06:14,871 [pool-72-thread-1] INFO  server.RaftServerConfigKeys (ConfUtils.java:logGet(46)) - raft.server.log.appender.buffer.byte-limit = 33554432 (custom)
2023-01-03 10:06:14,871 [pool-95-thread-1] INFO  server.RaftServerConfigKeys (ConfUtils.java:logGet(46)) - raft.server.log.appender.install.snapshot.enabled = false (custom)
2023-01-03 10:06:14,872 [pool-95-thread-1] INFO  server.RaftServerConfigKeys (ConfUtils.java:logGet(46)) - raft.server.threadpool.server.cached = true (default)
2023-01-03 10:06:14,872 [pool-95-thread-1] INFO  server.RaftServerConfigKeys (ConfUtils.java:logGet(46)) - raft.server.threadpool.server.size = 0 (default)
2023-01-03 10:06:14,872 [pool-95-thread-1] INFO  server.RaftServerConfigKeys (ConfUtils.java:logGet(46)) - raft.server.threadpool.client.cached = true (default)
2023-01-03 10:06:14,872 [pool-95-thread-1] INFO  server.RaftServerConfigKeys (ConfUtils.java:logGet(46)) - raft.server.threadpool.client.size = 0 (default)
2023-01-03 10:06:14,872 [pool-95-thread-1] INFO  storage.RaftStorageDirectory (RaftStorageDirectoryImpl.java:analyzeStorage(137)) - The storage directory /home/runner/work/ozone/ozone/hadoop-ozone/integration-test/target/test-dir/MiniOzoneClusterImpl-70d28db6-796b-4d31-8f04-926db9b5570a/datanode-1/data/ratis/e77512d2-e62e-4623-9b52-e0c05578d4fa does not exist. Creating ...
2023-01-03 10:06:14,870 [pool-118-thread-1] INFO  impl.RoleInfo (RoleInfo.java:updateAndGet(139)) - f16244a9-e060-48f3-8727-dfe3ed85a294: start f16244a9-e060-48f3-8727-dfe3ed85a294@group-837E6CCCAA62-FollowerState
2023-01-03 10:06:14,872 [pool-72-thread-1] INFO  server.RaftServerConfigKeys (ConfUtils.java:logGet(46)) - raft.server.log.statemachine.data.read.timeout = 1000ms (default)
2023-01-03 10:06:14,873 [pool-72-thread-1] INFO  server.RaftServerConfigKeys (ConfUtils.java:logGet(46)) - raft.server.log.purge.preservation.log.num = 0 (default)
2023-01-03 10:06:14,873 [pool-72-thread-1] INFO  server.RaftServerConfigKeys (ConfUtils.java:logGet(46)) - raft.server.log.segment.size.max = 1048576 (custom)
2023-01-03 10:06:14,873 [pool-72-thread-1] INFO  server.RaftServerConfigKeys (ConfUtils.java:logGet(46)) - raft.server.log.segment.cache.num.max = 2 (custom)
2023-01-03 10:06:14,873 [pool-72-thread-1] INFO  server.RaftServerConfigKeys (ConfUtils.java:logGet(46)) - raft.server.log.segment.cache.size.max = 200MB (=209715200) (default)
2023-01-03 10:06:14,873 [pool-72-thread-1] INFO  segmented.SegmentedRaftLogWorker (SegmentedRaftLogWorker.java:<init>(189)) - new e60c2466-e581-4a2a-a391-12b730c6e057@group-E0C05578D4FA-SegmentedRaftLogWorker for RaftStorageImpl:Storage Directory /home/runner/work/ozone/ozone/hadoop-ozone/integration-test/target/test-dir/MiniOzoneClusterImpl-70d28db6-796b-4d31-8f04-926db9b5570a/datanode-0/data/ratis/e77512d2-e62e-4623-9b52-e0c05578d4fa
2023-01-03 10:06:14,873 [pool-72-thread-1] INFO  server.RaftServerConfigKeys (ConfUtils.java:logGet(46)) - raft.server.log.queue.byte-limit = 4294967296 (custom)
2023-01-03 10:06:14,873 [pool-72-thread-1] INFO  server.RaftServerConfigKeys (ConfUtils.java:logGet(46)) - raft.server.log.queue.element-limit = 1024 (custom)
2023-01-03 10:06:14,874 [pool-72-thread-1] INFO  server.RaftServerConfigKeys (ConfUtils.java:logGet(46)) - raft.server.log.segment.size.max = 1048576 (custom)
2023-01-03 10:06:14,874 [pool-72-thread-1] INFO  server.RaftServerConfigKeys (ConfUtils.java:logGet(46)) - raft.server.log.preallocated.size = 16384 (custom)
2023-01-03 10:06:14,874 [pool-72-thread-1] INFO  server.RaftServerConfigKeys (ConfUtils.java:logGet(46)) - raft.server.log.force.sync.num = 128 (default)
2023-01-03 10:06:14,874 [pool-72-thread-1] INFO  server.RaftServerConfigKeys (ConfUtils.java:logGet(46)) - raft.server.log.statemachine.data.sync = true (default)
2023-01-03 10:06:14,874 [pool-72-thread-1] INFO  server.RaftServerConfigKeys (ConfUtils.java:logGet(46)) - raft.server.log.statemachine.data.sync.timeout = 10s (default)
2023-01-03 10:06:14,874 [pool-72-thread-1] INFO  server.RaftServerConfigKeys (ConfUtils.java:logGet(46)) - raft.server.log.statemachine.data.sync.timeout.retry = -1 (default)
2023-01-03 10:06:14,874 [pool-72-thread-1] INFO  server.RaftServerConfigKeys (ConfUtils.java:logGet(46)) - raft.server.log.write.buffer.size = 1048576 (custom)
2023-01-03 10:06:14,875 [pool-72-thread-1] INFO  server.RaftServerConfigKeys (ConfUtils.java:logGet(46)) - raft.server.log.appender.buffer.byte-limit = 33554432 (custom)
2023-01-03 10:06:14,877 [pool-95-thread-1] INFO  storage.RaftStorageDirectory (RaftStorageDirectoryImpl.java:tryLock(231)) - Lock on /home/runner/work/ozone/ozone/hadoop-ozone/integration-test/target/test-dir/MiniOzoneClusterImpl-70d28db6-796b-4d31-8f04-926db9b5570a/datanode-1/data/ratis/e77512d2-e62e-4623-9b52-e0c05578d4fa/in_use.lock acquired by nodename 9440@fv-az292-374
2023-01-03 10:06:14,880 [pool-95-thread-1] INFO  storage.RaftStorage (RaftStorageImpl.java:format(96)) - Storage directory /home/runner/work/ozone/ozone/hadoop-ozone/integration-test/target/test-dir/MiniOzoneClusterImpl-70d28db6-796b-4d31-8f04-926db9b5570a/datanode-1/data/ratis/e77512d2-e62e-4623-9b52-e0c05578d4fa has been successfully formatted.
2023-01-03 10:06:14,881 [pool-72-thread-1] INFO  server.RaftServerConfigKeys (ConfUtils.java:logGet(46)) - raft.server.log.unsafe-flush.enabled = false (default)
2023-01-03 10:06:14,881 [pool-72-thread-1] INFO  server.RaftServerConfigKeys (ConfUtils.java:logGet(46)) - raft.server.log.async-flush.enabled = false (default)
2023-01-03 10:06:14,881 [pool-72-thread-1] INFO  server.RaftServerConfigKeys (ConfUtils.java:logGet(46)) - raft.server.log.statemachine.data.caching.enabled = true (custom)
2023-01-03 10:06:14,881 [pool-72-thread-1] INFO  segmented.SegmentedRaftLogWorker (SegmentedRaftLogWorker.java:lambda$new$0(135)) - e60c2466-e581-4a2a-a391-12b730c6e057@group-E0C05578D4FA-SegmentedRaftLogWorker: flushIndex: setUnconditionally 0 -> -1
2023-01-03 10:06:14,881 [pool-72-thread-1] INFO  segmented.SegmentedRaftLogWorker (SegmentedRaftLogWorker.java:lambda$new$0(135)) - e60c2466-e581-4a2a-a391-12b730c6e057@group-E0C05578D4FA-SegmentedRaftLogWorker: safeCacheEvictIndex: setUnconditionally 0 -> -1
2023-01-03 10:06:14,881 [pool-118-thread-1] INFO  util.JmxRegister (JmxRegister.java:tryRegister(44)) - Successfully registered JMX Bean with object name Ratis:service=RaftServer,group=group-837E6CCCAA62,id=f16244a9-e060-48f3-8727-dfe3ed85a294
2023-01-03 10:06:14,881 [pool-118-thread-1] INFO  server.RaftServerConfigKeys (ConfUtils.java:logGet(46)) - raft.server.snapshot.auto.trigger.enabled = true (custom)
2023-01-03 10:06:14,882 [pool-118-thread-1] INFO  server.RaftServerConfigKeys (ConfUtils.java:logGet(46)) - raft.server.snapshot.auto.trigger.threshold = 10000 (custom)
2023-01-03 10:06:14,882 [pool-118-thread-1] INFO  server.RaftServerConfigKeys (ConfUtils.java:logGet(46)) - raft.server.snapshot.retention.file.num = 5 (custom)
2023-01-03 10:06:14,882 [pool-118-thread-1] INFO  server.RaftServerConfigKeys (ConfUtils.java:logGet(46)) - raft.server.log.purge.upto.snapshot.index = false (default)
2023-01-03 10:06:14,882 [f16244a9-e060-48f3-8727-dfe3ed85a294@group-837E6CCCAA62-FollowerState] INFO  server.RaftServerConfigKeys (ConfUtils.java:logFallback(53)) - raft.server.rpc.first-election.timeout.min = 5s (fallback to raft.server.rpc.timeout.min)
2023-01-03 10:06:14,882 [f16244a9-e060-48f3-8727-dfe3ed85a294@group-837E6CCCAA62-FollowerState] INFO  server.RaftServerConfigKeys (ConfUtils.java:logFallback(53)) - raft.server.rpc.first-election.timeout.max = 5200ms (fallback to raft.server.rpc.timeout.max)
2023-01-03 10:06:14,882 [Command processor thread] INFO  ratis.XceiverServerRatis (XceiverServerRatis.java:addGroup(806)) - Created group PipelineID=89c5b1ff-fd4a-40dc-8c9b-837e6cccaa62
2023-01-03 10:06:14,882 [Command processor thread] INFO  commandhandler.CreatePipelineCommandHandler (CreatePipelineCommandHandler.java:handle(113)) - Created Pipeline RATIS ONE PipelineID=89c5b1ff-fd4a-40dc-8c9b-837e6cccaa62.
2023-01-03 10:06:14,882 [Command processor thread] INFO  server.RaftServer (RaftServerProxy.java:addNew(96)) - f16244a9-e060-48f3-8727-dfe3ed85a294: addNew group-E0C05578D4FA:[e60c2466-e581-4a2a-a391-12b730c6e057|rpc:10.1.0.13:43713|dataStream:10.1.0.13:34563|priority:1|startupRole:FOLLOWER, 1e90a81f-431a-478a-9b2e-dbda4ffaca44|rpc:10.1.0.13:44185|dataStream:10.1.0.13:44723|priority:0|startupRole:FOLLOWER, f16244a9-e060-48f3-8727-dfe3ed85a294|rpc:10.1.0.13:45615|dataStream:10.1.0.13:38733|priority:0|startupRole:FOLLOWER] returns group-E0C05578D4FA:java.util.concurrent.CompletableFuture@21be9e31[Not completed]
2023-01-03 10:06:14,884 [pool-118-thread-1] INFO  server.RaftServer$Division (RaftServerImpl.java:<init>(195)) - f16244a9-e060-48f3-8727-dfe3ed85a294: new RaftServerImpl for group-E0C05578D4FA:[e60c2466-e581-4a2a-a391-12b730c6e057|rpc:10.1.0.13:43713|dataStream:10.1.0.13:34563|priority:1|startupRole:FOLLOWER, 1e90a81f-431a-478a-9b2e-dbda4ffaca44|rpc:10.1.0.13:44185|dataStream:10.1.0.13:44723|priority:0|startupRole:FOLLOWER, f16244a9-e060-48f3-8727-dfe3ed85a294|rpc:10.1.0.13:45615|dataStream:10.1.0.13:38733|priority:0|startupRole:FOLLOWER] with ContainerStateMachine:uninitialized
2023-01-03 10:06:14,884 [pool-118-thread-1] INFO  server.RaftServerConfigKeys (ConfUtils.java:logGet(46)) - raft.server.rpc.timeout.min = 5s (custom)
2023-01-03 10:06:14,884 [pool-118-thread-1] INFO  server.RaftServerConfigKeys (ConfUtils.java:logGet(46)) - raft.server.rpc.timeout.max = 5200ms (custom)
2023-01-03 10:06:14,884 [pool-118-thread-1] INFO  server.RaftServerConfigKeys (ConfUtils.java:logGet(46)) - raft.server.rpc.sleep.time = 25ms (default)
2023-01-03 10:06:14,884 [pool-118-thread-1] INFO  server.RaftServerConfigKeys (ConfUtils.java:logGet(46)) - raft.server.rpc.slowness.timeout = 300s (custom)
2023-01-03 10:06:14,884 [pool-118-thread-1] INFO  server.RaftServerConfigKeys (ConfUtils.java:logGet(46)) - raft.server.leaderelection.leader.step-down.wait-time = 10s (default)
2023-01-03 10:06:14,884 [pool-118-thread-1] INFO  server.RaftServerConfigKeys (ConfUtils.java:logGet(46)) - raft.server.sleep.deviation.threshold = 300ms (default)
2023-01-03 10:06:14,884 [pool-118-thread-1] INFO  server.RaftServer$Division (ServerState.java:<init>(118)) - f16244a9-e060-48f3-8727-dfe3ed85a294@group-E0C05578D4FA: ConfigurationManager, init=-1: peers:[e60c2466-e581-4a2a-a391-12b730c6e057|rpc:10.1.0.13:43713|dataStream:10.1.0.13:34563|priority:1|startupRole:FOLLOWER, 1e90a81f-431a-478a-9b2e-dbda4ffaca44|rpc:10.1.0.13:44185|dataStream:10.1.0.13:44723|priority:0|startupRole:FOLLOWER, f16244a9-e060-48f3-8727-dfe3ed85a294|rpc:10.1.0.13:45615|dataStream:10.1.0.13:38733|priority:0|startupRole:FOLLOWER]|listeners:[], old=null, confs=<EMPTY_MAP>
2023-01-03 10:06:14,884 [pool-118-thread-1] INFO  server.RaftServerConfigKeys (ConfUtils.java:logGet(46)) - raft.server.storage.dir = [/home/runner/work/ozone/ozone/hadoop-ozone/integration-test/target/test-dir/MiniOzoneClusterImpl-70d28db6-796b-4d31-8f04-926db9b5570a/datanode-2/data/ratis] (custom)
2023-01-03 10:06:14,884 [pool-118-thread-1] INFO  server.RaftServerConfigKeys (ConfUtils.java:logGet(46)) - raft.server.log.corruption.policy = EXCEPTION (default)
2023-01-03 10:06:14,884 [pool-118-thread-1] INFO  server.RaftServerConfigKeys (ConfUtils.java:logGet(46)) - raft.server.storage.free-space.min = 0MB (=0) (default)
2023-01-03 10:06:14,884 [pool-118-thread-1] INFO  server.RaftServerConfigKeys (ConfUtils.java:logGet(46)) - raft.server.notification.no-leader.timeout = 300s (custom)
2023-01-03 10:06:14,884 [pool-118-thread-1] INFO  server.RaftServerConfigKeys (ConfUtils.java:logGet(46)) - raft.server.retrycache.expirytime = 600000ms (custom)
2023-01-03 10:06:14,884 [pool-118-thread-1] INFO  server.RaftServerConfigKeys (ConfUtils.java:logGet(46)) - raft.server.retrycache.statistics.expirytime = 100μs (default)
2023-01-03 10:06:14,885 [pool-118-thread-1] INFO  server.RaftServerConfigKeys (ConfUtils.java:logGet(46)) - raft.server.log.appender.install.snapshot.enabled = false (custom)
2023-01-03 10:06:14,885 [pool-118-thread-1] INFO  server.RaftServerConfigKeys (ConfUtils.java:logGet(46)) - raft.server.threadpool.server.cached = true (default)
2023-01-03 10:06:14,885 [pool-118-thread-1] INFO  server.RaftServerConfigKeys (ConfUtils.java:logGet(46)) - raft.server.threadpool.server.size = 0 (default)
2023-01-03 10:06:14,885 [pool-118-thread-1] INFO  server.RaftServerConfigKeys (ConfUtils.java:logGet(46)) - raft.server.threadpool.client.cached = true (default)
2023-01-03 10:06:14,885 [pool-118-thread-1] INFO  server.RaftServerConfigKeys (ConfUtils.java:logGet(46)) - raft.server.threadpool.client.size = 0 (default)
2023-01-03 10:06:14,885 [pool-118-thread-1] INFO  storage.RaftStorageDirectory (RaftStorageDirectoryImpl.java:analyzeStorage(137)) - The storage directory /home/runner/work/ozone/ozone/hadoop-ozone/integration-test/target/test-dir/MiniOzoneClusterImpl-70d28db6-796b-4d31-8f04-926db9b5570a/datanode-2/data/ratis/e77512d2-e62e-4623-9b52-e0c05578d4fa does not exist. Creating ...
2023-01-03 10:06:14,886 [pool-72-thread-1] INFO  server.RaftServer$Division (RaftServerImpl.java:start(334)) - e60c2466-e581-4a2a-a391-12b730c6e057@group-E0C05578D4FA: start as a follower, conf=-1: peers:[e60c2466-e581-4a2a-a391-12b730c6e057|rpc:10.1.0.13:43713|dataStream:10.1.0.13:34563|priority:1|startupRole:FOLLOWER, 1e90a81f-431a-478a-9b2e-dbda4ffaca44|rpc:10.1.0.13:44185|dataStream:10.1.0.13:44723|priority:0|startupRole:FOLLOWER, f16244a9-e060-48f3-8727-dfe3ed85a294|rpc:10.1.0.13:45615|dataStream:10.1.0.13:38733|priority:0|startupRole:FOLLOWER]|listeners:[], old=null
2023-01-03 10:06:14,886 [pool-95-thread-1] INFO  ratis.ContainerStateMachine (ContainerStateMachine.java:loadSnapshot(240)) - group-E0C05578D4FA: The snapshot info is null. Setting the last applied indexto:(t:0, i:~)
2023-01-03 10:06:14,887 [pool-95-thread-1] INFO  server.RaftServerConfigKeys (ConfUtils.java:logGet(46)) - raft.server.log.use.memory = false (default)
2023-01-03 10:06:14,887 [pool-95-thread-1] INFO  server.RaftServerConfigKeys (ConfUtils.java:logGet(46)) - raft.server.log.purge.gap = 1000000 (custom)
2023-01-03 10:06:14,887 [pool-95-thread-1] INFO  server.RaftServerConfigKeys (ConfUtils.java:logGet(46)) - raft.server.log.appender.buffer.byte-limit = 33554432 (custom)
2023-01-03 10:06:14,887 [pool-95-thread-1] INFO  server.RaftServerConfigKeys (ConfUtils.java:logGet(46)) - raft.server.log.statemachine.data.read.timeout = 1000ms (default)
2023-01-03 10:06:14,887 [pool-95-thread-1] INFO  server.RaftServerConfigKeys (ConfUtils.java:logGet(46)) - raft.server.log.purge.preservation.log.num = 0 (default)
2023-01-03 10:06:14,888 [pool-95-thread-1] INFO  server.RaftServerConfigKeys (ConfUtils.java:logGet(46)) - raft.server.log.segment.size.max = 1048576 (custom)
2023-01-03 10:06:14,888 [pool-95-thread-1] INFO  server.RaftServerConfigKeys (ConfUtils.java:logGet(46)) - raft.server.log.segment.cache.num.max = 2 (custom)
2023-01-03 10:06:14,888 [pool-95-thread-1] INFO  server.RaftServerConfigKeys (ConfUtils.java:logGet(46)) - raft.server.log.segment.cache.size.max = 200MB (=209715200) (default)
2023-01-03 10:06:14,888 [pool-95-thread-1] INFO  segmented.SegmentedRaftLogWorker (SegmentedRaftLogWorker.java:<init>(189)) - new 1e90a81f-431a-478a-9b2e-dbda4ffaca44@group-E0C05578D4FA-SegmentedRaftLogWorker for RaftStorageImpl:Storage Directory /home/runner/work/ozone/ozone/hadoop-ozone/integration-test/target/test-dir/MiniOzoneClusterImpl-70d28db6-796b-4d31-8f04-926db9b5570a/datanode-1/data/ratis/e77512d2-e62e-4623-9b52-e0c05578d4fa
2023-01-03 10:06:14,888 [pool-95-thread-1] INFO  server.RaftServerConfigKeys (ConfUtils.java:logGet(46)) - raft.server.log.queue.byte-limit = 4294967296 (custom)
2023-01-03 10:06:14,888 [pool-95-thread-1] INFO  server.RaftServerConfigKeys (ConfUtils.java:logGet(46)) - raft.server.log.queue.element-limit = 1024 (custom)
2023-01-03 10:06:14,888 [pool-95-thread-1] INFO  server.RaftServerConfigKeys (ConfUtils.java:logGet(46)) - raft.server.log.segment.size.max = 1048576 (custom)
2023-01-03 10:06:14,890 [EventQueue-OpenPipelineForHealthyPipelineSafeModeRule] INFO  safemode.SCMSafeModeManager (HealthyPipelineSafeModeRule.java:process(137)) - SCM in safe mode. Healthy pipelines reported count is 0, required healthy pipeline reported count is 1
2023-01-03 10:06:14,891 [EventQueue-OpenPipelineForHealthyPipelineSafeModeRule] INFO  safemode.SCMSafeModeManager (HealthyPipelineSafeModeRule.java:process(137)) - SCM in safe mode. Healthy pipelines reported count is 0, required healthy pipeline reported count is 1
2023-01-03 10:06:14,890 [EventQueue-CommandQueueReportForCommandQueueReportHandler] WARN  events.EventQueue (EventQueue.java:fireEvent(216)) - No event handler registered for event TypedEvent{payloadType=DatanodeDetails, name='Datanode_Command_Queue_Updated'}
2023-01-03 10:06:14,891 [EventQueue-CommandQueueReportForCommandQueueReportHandler] WARN  events.EventQueue (EventQueue.java:fireEvent(216)) - No event handler registered for event TypedEvent{payloadType=DatanodeDetails, name='Datanode_Command_Queue_Updated'}
2023-01-03 10:06:14,888 [pool-72-thread-1] INFO  server.RaftServer$Division (RaftServerImpl.java:setRole(321)) - e60c2466-e581-4a2a-a391-12b730c6e057@group-E0C05578D4FA: changes role from      null to FOLLOWER at term 0 for startAsFollower
2023-01-03 10:06:14,892 [pool-72-thread-1] INFO  impl.RoleInfo (RoleInfo.java:updateAndGet(139)) - e60c2466-e581-4a2a-a391-12b730c6e057: start e60c2466-e581-4a2a-a391-12b730c6e057@group-E0C05578D4FA-FollowerState
2023-01-03 10:06:14,892 [pool-72-thread-1] INFO  util.JmxRegister (JmxRegister.java:tryRegister(44)) - Successfully registered JMX Bean with object name Ratis:service=RaftServer,group=group-E0C05578D4FA,id=e60c2466-e581-4a2a-a391-12b730c6e057
2023-01-03 10:06:14,892 [e60c2466-e581-4a2a-a391-12b730c6e057@group-E0C05578D4FA-FollowerState] INFO  server.RaftServerConfigKeys (ConfUtils.java:logFallback(53)) - raft.server.rpc.first-election.timeout.min = 5s (fallback to raft.server.rpc.timeout.min)
2023-01-03 10:06:14,892 [pool-72-thread-1] INFO  server.RaftServerConfigKeys (ConfUtils.java:logGet(46)) - raft.server.snapshot.auto.trigger.enabled = true (custom)
2023-01-03 10:06:14,892 [e60c2466-e581-4a2a-a391-12b730c6e057@group-E0C05578D4FA-FollowerState] INFO  server.RaftServerConfigKeys (ConfUtils.java:logFallback(53)) - raft.server.rpc.first-election.timeout.max = 5200ms (fallback to raft.server.rpc.timeout.max)
2023-01-03 10:06:14,891 [pool-95-thread-1] INFO  server.RaftServerConfigKeys (ConfUtils.java:logGet(46)) - raft.server.log.preallocated.size = 16384 (custom)
2023-01-03 10:06:14,892 [pool-95-thread-1] INFO  server.RaftServerConfigKeys (ConfUtils.java:logGet(46)) - raft.server.log.force.sync.num = 128 (default)
2023-01-03 10:06:14,892 [pool-95-thread-1] INFO  server.RaftServerConfigKeys (ConfUtils.java:logGet(46)) - raft.server.log.statemachine.data.sync = true (default)
2023-01-03 10:06:14,892 [pool-95-thread-1] INFO  server.RaftServerConfigKeys (ConfUtils.java:logGet(46)) - raft.server.log.statemachine.data.sync.timeout = 10s (default)
2023-01-03 10:06:14,892 [pool-95-thread-1] INFO  server.RaftServerConfigKeys (ConfUtils.java:logGet(46)) - raft.server.log.statemachine.data.sync.timeout.retry = -1 (default)
2023-01-03 10:06:14,893 [pool-95-thread-1] INFO  server.RaftServerConfigKeys (ConfUtils.java:logGet(46)) - raft.server.log.write.buffer.size = 1048576 (custom)
2023-01-03 10:06:14,893 [pool-95-thread-1] INFO  server.RaftServerConfigKeys (ConfUtils.java:logGet(46)) - raft.server.log.appender.buffer.byte-limit = 33554432 (custom)
2023-01-03 10:06:14,892 [pool-72-thread-1] INFO  server.RaftServerConfigKeys (ConfUtils.java:logGet(46)) - raft.server.snapshot.auto.trigger.threshold = 10000 (custom)
2023-01-03 10:06:14,896 [pool-72-thread-1] INFO  server.RaftServerConfigKeys (ConfUtils.java:logGet(46)) - raft.server.snapshot.retention.file.num = 5 (custom)
2023-01-03 10:06:14,896 [pool-72-thread-1] INFO  server.RaftServerConfigKeys (ConfUtils.java:logGet(46)) - raft.server.log.purge.upto.snapshot.index = false (default)
2023-01-03 10:06:14,898 [Command processor thread] INFO  ratis.XceiverServerRatis (XceiverServerRatis.java:addGroup(806)) - Created group PipelineID=e77512d2-e62e-4623-9b52-e0c05578d4fa
2023-01-03 10:06:14,902 [pool-95-thread-1] INFO  server.RaftServerConfigKeys (ConfUtils.java:logGet(46)) - raft.server.log.unsafe-flush.enabled = false (default)
2023-01-03 10:06:14,902 [pool-95-thread-1] INFO  server.RaftServerConfigKeys (ConfUtils.java:logGet(46)) - raft.server.log.async-flush.enabled = false (default)
2023-01-03 10:06:14,902 [pool-95-thread-1] INFO  server.RaftServerConfigKeys (ConfUtils.java:logGet(46)) - raft.server.log.statemachine.data.caching.enabled = true (custom)
2023-01-03 10:06:14,903 [pool-95-thread-1] INFO  segmented.SegmentedRaftLogWorker (SegmentedRaftLogWorker.java:lambda$new$0(135)) - 1e90a81f-431a-478a-9b2e-dbda4ffaca44@group-E0C05578D4FA-SegmentedRaftLogWorker: flushIndex: setUnconditionally 0 -> -1
2023-01-03 10:06:14,905 [pool-95-thread-1] INFO  segmented.SegmentedRaftLogWorker (SegmentedRaftLogWorker.java:lambda$new$0(135)) - 1e90a81f-431a-478a-9b2e-dbda4ffaca44@group-E0C05578D4FA-SegmentedRaftLogWorker: safeCacheEvictIndex: setUnconditionally 0 -> -1
2023-01-03 10:06:14,905 [pool-118-thread-1] INFO  storage.RaftStorageDirectory (RaftStorageDirectoryImpl.java:tryLock(231)) - Lock on /home/runner/work/ozone/ozone/hadoop-ozone/integration-test/target/test-dir/MiniOzoneClusterImpl-70d28db6-796b-4d31-8f04-926db9b5570a/datanode-2/data/ratis/e77512d2-e62e-4623-9b52-e0c05578d4fa/in_use.lock acquired by nodename 9440@fv-az292-374
2023-01-03 10:06:14,908 [pool-118-thread-1] INFO  storage.RaftStorage (RaftStorageImpl.java:format(96)) - Storage directory /home/runner/work/ozone/ozone/hadoop-ozone/integration-test/target/test-dir/MiniOzoneClusterImpl-70d28db6-796b-4d31-8f04-926db9b5570a/datanode-2/data/ratis/e77512d2-e62e-4623-9b52-e0c05578d4fa has been successfully formatted.
2023-01-03 10:06:14,909 [pool-118-thread-1] INFO  ratis.ContainerStateMachine (ContainerStateMachine.java:loadSnapshot(240)) - group-E0C05578D4FA: The snapshot info is null. Setting the last applied indexto:(t:0, i:~)
2023-01-03 10:06:14,909 [pool-118-thread-1] INFO  server.RaftServerConfigKeys (ConfUtils.java:logGet(46)) - raft.server.log.use.memory = false (default)
2023-01-03 10:06:14,915 [pool-118-thread-1] INFO  server.RaftServerConfigKeys (ConfUtils.java:logGet(46)) - raft.server.log.purge.gap = 1000000 (custom)
2023-01-03 10:06:14,915 [pool-118-thread-1] INFO  server.RaftServerConfigKeys (ConfUtils.java:logGet(46)) - raft.server.log.appender.buffer.byte-limit = 33554432 (custom)
2023-01-03 10:06:14,917 [pool-95-thread-1] INFO  server.RaftServer$Division (RaftServerImpl.java:start(334)) - 1e90a81f-431a-478a-9b2e-dbda4ffaca44@group-E0C05578D4FA: start as a follower, conf=-1: peers:[e60c2466-e581-4a2a-a391-12b730c6e057|rpc:10.1.0.13:43713|dataStream:10.1.0.13:34563|priority:1|startupRole:FOLLOWER, 1e90a81f-431a-478a-9b2e-dbda4ffaca44|rpc:10.1.0.13:44185|dataStream:10.1.0.13:44723|priority:0|startupRole:FOLLOWER, f16244a9-e060-48f3-8727-dfe3ed85a294|rpc:10.1.0.13:45615|dataStream:10.1.0.13:38733|priority:0|startupRole:FOLLOWER]|listeners:[], old=null
2023-01-03 10:06:14,921 [pool-118-thread-1] INFO  server.RaftServerConfigKeys (ConfUtils.java:logGet(46)) - raft.server.log.statemachine.data.read.timeout = 1000ms (default)
2023-01-03 10:06:14,921 [pool-95-thread-1] INFO  server.RaftServer$Division (RaftServerImpl.java:setRole(321)) - 1e90a81f-431a-478a-9b2e-dbda4ffaca44@group-E0C05578D4FA: changes role from      null to FOLLOWER at term 0 for startAsFollower
2023-01-03 10:06:14,924 [pool-95-thread-1] INFO  impl.RoleInfo (RoleInfo.java:updateAndGet(139)) - 1e90a81f-431a-478a-9b2e-dbda4ffaca44: start 1e90a81f-431a-478a-9b2e-dbda4ffaca44@group-E0C05578D4FA-FollowerState
2023-01-03 10:06:14,922 [pool-118-thread-1] INFO  server.RaftServerConfigKeys (ConfUtils.java:logGet(46)) - raft.server.log.purge.preservation.log.num = 0 (default)
2023-01-03 10:06:14,926 [pool-118-thread-1] INFO  server.RaftServerConfigKeys (ConfUtils.java:logGet(46)) - raft.server.log.segment.size.max = 1048576 (custom)
2023-01-03 10:06:14,926 [pool-118-thread-1] INFO  server.RaftServerConfigKeys (ConfUtils.java:logGet(46)) - raft.server.log.segment.cache.num.max = 2 (custom)
2023-01-03 10:06:14,926 [pool-118-thread-1] INFO  server.RaftServerConfigKeys (ConfUtils.java:logGet(46)) - raft.server.log.segment.cache.size.max = 200MB (=209715200) (default)
2023-01-03 10:06:14,926 [pool-118-thread-1] INFO  segmented.SegmentedRaftLogWorker (SegmentedRaftLogWorker.java:<init>(189)) - new f16244a9-e060-48f3-8727-dfe3ed85a294@group-E0C05578D4FA-SegmentedRaftLogWorker for RaftStorageImpl:Storage Directory /home/runner/work/ozone/ozone/hadoop-ozone/integration-test/target/test-dir/MiniOzoneClusterImpl-70d28db6-796b-4d31-8f04-926db9b5570a/datanode-2/data/ratis/e77512d2-e62e-4623-9b52-e0c05578d4fa
2023-01-03 10:06:14,926 [pool-118-thread-1] INFO  server.RaftServerConfigKeys (ConfUtils.java:logGet(46)) - raft.server.log.queue.byte-limit = 4294967296 (custom)
2023-01-03 10:06:14,927 [pool-118-thread-1] INFO  server.RaftServerConfigKeys (ConfUtils.java:logGet(46)) - raft.server.log.queue.element-limit = 1024 (custom)
2023-01-03 10:06:14,927 [pool-118-thread-1] INFO  server.RaftServerConfigKeys (ConfUtils.java:logGet(46)) - raft.server.log.segment.size.max = 1048576 (custom)
2023-01-03 10:06:14,927 [pool-118-thread-1] INFO  server.RaftServerConfigKeys (ConfUtils.java:logGet(46)) - raft.server.log.preallocated.size = 16384 (custom)
2023-01-03 10:06:14,927 [pool-118-thread-1] INFO  server.RaftServerConfigKeys (ConfUtils.java:logGet(46)) - raft.server.log.force.sync.num = 128 (default)
2023-01-03 10:06:14,927 [pool-118-thread-1] INFO  server.RaftServerConfigKeys (ConfUtils.java:logGet(46)) - raft.server.log.statemachine.data.sync = true (default)
2023-01-03 10:06:14,927 [pool-118-thread-1] INFO  server.RaftServerConfigKeys (ConfUtils.java:logGet(46)) - raft.server.log.statemachine.data.sync.timeout = 10s (default)
2023-01-03 10:06:14,927 [pool-118-thread-1] INFO  server.RaftServerConfigKeys (ConfUtils.java:logGet(46)) - raft.server.log.statemachine.data.sync.timeout.retry = -1 (default)
2023-01-03 10:06:14,924 [pool-95-thread-1] INFO  util.JmxRegister (JmxRegister.java:tryRegister(44)) - Successfully registered JMX Bean with object name Ratis:service=RaftServer,group=group-E0C05578D4FA,id=1e90a81f-431a-478a-9b2e-dbda4ffaca44
2023-01-03 10:06:14,927 [pool-95-thread-1] INFO  server.RaftServerConfigKeys (ConfUtils.java:logGet(46)) - raft.server.snapshot.auto.trigger.enabled = true (custom)
2023-01-03 10:06:14,927 [pool-95-thread-1] INFO  server.RaftServerConfigKeys (ConfUtils.java:logGet(46)) - raft.server.snapshot.auto.trigger.threshold = 10000 (custom)
2023-01-03 10:06:14,928 [pool-95-thread-1] INFO  server.RaftServerConfigKeys (ConfUtils.java:logGet(46)) - raft.server.snapshot.retention.file.num = 5 (custom)
2023-01-03 10:06:14,928 [pool-95-thread-1] INFO  server.RaftServerConfigKeys (ConfUtils.java:logGet(46)) - raft.server.log.purge.upto.snapshot.index = false (default)
2023-01-03 10:06:14,928 [EventQueue-CommandQueueReportForCommandQueueReportHandler] WARN  events.EventQueue (EventQueue.java:fireEvent(216)) - No event handler registered for event TypedEvent{payloadType=DatanodeDetails, name='Datanode_Command_Queue_Updated'}
2023-01-03 10:06:14,928 [EventQueue-OpenPipelineForHealthyPipelineSafeModeRule] INFO  safemode.SCMSafeModeManager (HealthyPipelineSafeModeRule.java:process(137)) - SCM in safe mode. Healthy pipelines reported count is 0, required healthy pipeline reported count is 1
2023-01-03 10:06:14,929 [pool-118-thread-1] INFO  server.RaftServerConfigKeys (ConfUtils.java:logGet(46)) - raft.server.log.write.buffer.size = 1048576 (custom)
2023-01-03 10:06:14,930 [pool-118-thread-1] INFO  server.RaftServerConfigKeys (ConfUtils.java:logGet(46)) - raft.server.log.appender.buffer.byte-limit = 33554432 (custom)
2023-01-03 10:06:14,934 [1e90a81f-431a-478a-9b2e-dbda4ffaca44@group-E0C05578D4FA-FollowerState] INFO  server.RaftServerConfigKeys (ConfUtils.java:logFallback(53)) - raft.server.rpc.first-election.timeout.min = 5s (fallback to raft.server.rpc.timeout.min)
2023-01-03 10:06:14,934 [1e90a81f-431a-478a-9b2e-dbda4ffaca44@group-E0C05578D4FA-FollowerState] INFO  server.RaftServerConfigKeys (ConfUtils.java:logFallback(53)) - raft.server.rpc.first-election.timeout.max = 5200ms (fallback to raft.server.rpc.timeout.max)
2023-01-03 10:06:14,936 [pool-118-thread-1] INFO  server.RaftServerConfigKeys (ConfUtils.java:logGet(46)) - raft.server.log.unsafe-flush.enabled = false (default)
2023-01-03 10:06:14,936 [pool-118-thread-1] INFO  server.RaftServerConfigKeys (ConfUtils.java:logGet(46)) - raft.server.log.async-flush.enabled = false (default)
2023-01-03 10:06:14,936 [pool-118-thread-1] INFO  server.RaftServerConfigKeys (ConfUtils.java:logGet(46)) - raft.server.log.statemachine.data.caching.enabled = true (custom)
2023-01-03 10:06:14,936 [pool-118-thread-1] INFO  segmented.SegmentedRaftLogWorker (SegmentedRaftLogWorker.java:lambda$new$0(135)) - f16244a9-e060-48f3-8727-dfe3ed85a294@group-E0C05578D4FA-SegmentedRaftLogWorker: flushIndex: setUnconditionally 0 -> -1
2023-01-03 10:06:14,936 [pool-118-thread-1] INFO  segmented.SegmentedRaftLogWorker (SegmentedRaftLogWorker.java:lambda$new$0(135)) - f16244a9-e060-48f3-8727-dfe3ed85a294@group-E0C05578D4FA-SegmentedRaftLogWorker: safeCacheEvictIndex: setUnconditionally 0 -> -1
2023-01-03 10:06:14,937 [Command processor thread] INFO  ratis.XceiverServerRatis (XceiverServerRatis.java:addGroup(806)) - Created group PipelineID=e77512d2-e62e-4623-9b52-e0c05578d4fa
2023-01-03 10:06:14,950 [pool-118-thread-1] INFO  server.RaftServer$Division (RaftServerImpl.java:start(334)) - f16244a9-e060-48f3-8727-dfe3ed85a294@group-E0C05578D4FA: start as a follower, conf=-1: peers:[e60c2466-e581-4a2a-a391-12b730c6e057|rpc:10.1.0.13:43713|dataStream:10.1.0.13:34563|priority:1|startupRole:FOLLOWER, 1e90a81f-431a-478a-9b2e-dbda4ffaca44|rpc:10.1.0.13:44185|dataStream:10.1.0.13:44723|priority:0|startupRole:FOLLOWER, f16244a9-e060-48f3-8727-dfe3ed85a294|rpc:10.1.0.13:45615|dataStream:10.1.0.13:38733|priority:0|startupRole:FOLLOWER]|listeners:[], old=null
2023-01-03 10:06:14,951 [pool-118-thread-1] INFO  server.RaftServer$Division (RaftServerImpl.java:setRole(321)) - f16244a9-e060-48f3-8727-dfe3ed85a294@group-E0C05578D4FA: changes role from      null to FOLLOWER at term 0 for startAsFollower
2023-01-03 10:06:14,951 [pool-118-thread-1] INFO  impl.RoleInfo (RoleInfo.java:updateAndGet(139)) - f16244a9-e060-48f3-8727-dfe3ed85a294: start f16244a9-e060-48f3-8727-dfe3ed85a294@group-E0C05578D4FA-FollowerState
2023-01-03 10:06:14,951 [pool-118-thread-1] INFO  util.JmxRegister (JmxRegister.java:tryRegister(44)) - Successfully registered JMX Bean with object name Ratis:service=RaftServer,group=group-E0C05578D4FA,id=f16244a9-e060-48f3-8727-dfe3ed85a294
2023-01-03 10:06:14,951 [pool-118-thread-1] INFO  server.RaftServerConfigKeys (ConfUtils.java:logGet(46)) - raft.server.snapshot.auto.trigger.enabled = true (custom)
2023-01-03 10:06:14,951 [pool-118-thread-1] INFO  server.RaftServerConfigKeys (ConfUtils.java:logGet(46)) - raft.server.snapshot.auto.trigger.threshold = 10000 (custom)
2023-01-03 10:06:14,951 [pool-118-thread-1] INFO  server.RaftServerConfigKeys (ConfUtils.java:logGet(46)) - raft.server.snapshot.retention.file.num = 5 (custom)
2023-01-03 10:06:14,951 [pool-118-thread-1] INFO  server.RaftServerConfigKeys (ConfUtils.java:logGet(46)) - raft.server.log.purge.upto.snapshot.index = false (default)
2023-01-03 10:06:14,951 [f16244a9-e060-48f3-8727-dfe3ed85a294@group-E0C05578D4FA-FollowerState] INFO  server.RaftServerConfigKeys (ConfUtils.java:logFallback(53)) - raft.server.rpc.first-election.timeout.min = 5s (fallback to raft.server.rpc.timeout.min)
2023-01-03 10:06:14,953 [Command processor thread] INFO  ratis.XceiverServerRatis (XceiverServerRatis.java:addGroup(806)) - Created group PipelineID=e77512d2-e62e-4623-9b52-e0c05578d4fa
2023-01-03 10:06:14,957 [f16244a9-e060-48f3-8727-dfe3ed85a294@group-E0C05578D4FA-FollowerState] INFO  server.RaftServerConfigKeys (ConfUtils.java:logFallback(53)) - raft.server.rpc.first-election.timeout.max = 5200ms (fallback to raft.server.rpc.timeout.max)
2023-01-03 10:06:14,998 [Command processor thread] INFO  commandhandler.CreatePipelineCommandHandler (CreatePipelineCommandHandler.java:handle(113)) - Created Pipeline RATIS THREE PipelineID=e77512d2-e62e-4623-9b52-e0c05578d4fa.
2023-01-03 10:06:15,025 [Command processor thread] INFO  commandhandler.CreatePipelineCommandHandler (CreatePipelineCommandHandler.java:handle(113)) - Created Pipeline RATIS THREE PipelineID=e77512d2-e62e-4623-9b52-e0c05578d4fa.
2023-01-03 10:06:15,028 [Command processor thread] INFO  commandhandler.CreatePipelineCommandHandler (CreatePipelineCommandHandler.java:handle(113)) - Created Pipeline RATIS THREE PipelineID=e77512d2-e62e-4623-9b52-e0c05578d4fa.
2023-01-03 10:06:15,144 [Command processor thread] INFO  server.RaftServer (RaftServerProxy.java:addNew(96)) - 265cde2e-5350-4bf8-a91b-58e7369f5fcb: addNew group-157A35284FE4:[265cde2e-5350-4bf8-a91b-58e7369f5fcb|rpc:10.1.0.13:40615|dataStream:10.1.0.13:33331|priority:1|startupRole:FOLLOWER] returns group-157A35284FE4:java.util.concurrent.CompletableFuture@67ec1c1b[Not completed]
2023-01-03 10:06:15,151 [EventQueue-CommandQueueReportForCommandQueueReportHandler] WARN  events.EventQueue (EventQueue.java:fireEvent(216)) - No event handler registered for event TypedEvent{payloadType=DatanodeDetails, name='Datanode_Command_Queue_Updated'}
2023-01-03 10:06:15,152 [pool-141-thread-1] INFO  server.RaftServer$Division (RaftServerImpl.java:<init>(195)) - 265cde2e-5350-4bf8-a91b-58e7369f5fcb: new RaftServerImpl for group-157A35284FE4:[265cde2e-5350-4bf8-a91b-58e7369f5fcb|rpc:10.1.0.13:40615|dataStream:10.1.0.13:33331|priority:1|startupRole:FOLLOWER] with ContainerStateMachine:uninitialized
2023-01-03 10:06:15,152 [pool-141-thread-1] INFO  server.RaftServerConfigKeys (ConfUtils.java:logGet(46)) - raft.server.rpc.timeout.min = 5s (custom)
2023-01-03 10:06:15,153 [pool-141-thread-1] INFO  server.RaftServerConfigKeys (ConfUtils.java:logGet(46)) - raft.server.rpc.timeout.max = 5200ms (custom)
2023-01-03 10:06:15,153 [pool-141-thread-1] INFO  server.RaftServerConfigKeys (ConfUtils.java:logGet(46)) - raft.server.rpc.sleep.time = 25ms (default)
2023-01-03 10:06:15,153 [pool-141-thread-1] INFO  server.RaftServerConfigKeys (ConfUtils.java:logGet(46)) - raft.server.rpc.slowness.timeout = 300s (custom)
2023-01-03 10:06:15,153 [pool-141-thread-1] INFO  server.RaftServerConfigKeys (ConfUtils.java:logGet(46)) - raft.server.leaderelection.leader.step-down.wait-time = 10s (default)
2023-01-03 10:06:15,153 [pool-141-thread-1] INFO  server.RaftServerConfigKeys (ConfUtils.java:logGet(46)) - raft.server.sleep.deviation.threshold = 300ms (default)
2023-01-03 10:06:15,153 [pool-141-thread-1] INFO  server.RaftServer$Division (ServerState.java:<init>(118)) - 265cde2e-5350-4bf8-a91b-58e7369f5fcb@group-157A35284FE4: ConfigurationManager, init=-1: peers:[265cde2e-5350-4bf8-a91b-58e7369f5fcb|rpc:10.1.0.13:40615|dataStream:10.1.0.13:33331|priority:1|startupRole:FOLLOWER]|listeners:[], old=null, confs=<EMPTY_MAP>
2023-01-03 10:06:15,153 [pool-141-thread-1] INFO  server.RaftServerConfigKeys (ConfUtils.java:logGet(46)) - raft.server.storage.dir = [/home/runner/work/ozone/ozone/hadoop-ozone/integration-test/target/test-dir/MiniOzoneClusterImpl-70d28db6-796b-4d31-8f04-926db9b5570a/datanode-3/data/ratis] (custom)
2023-01-03 10:06:15,153 [pool-141-thread-1] INFO  server.RaftServerConfigKeys (ConfUtils.java:logGet(46)) - raft.server.log.corruption.policy = EXCEPTION (default)
2023-01-03 10:06:15,153 [pool-141-thread-1] INFO  server.RaftServerConfigKeys (ConfUtils.java:logGet(46)) - raft.server.storage.free-space.min = 0MB (=0) (default)
2023-01-03 10:06:15,153 [pool-141-thread-1] INFO  server.RaftServerConfigKeys (ConfUtils.java:logGet(46)) - raft.server.notification.no-leader.timeout = 300s (custom)
2023-01-03 10:06:15,153 [pool-141-thread-1] INFO  server.RaftServerConfigKeys (ConfUtils.java:logGet(46)) - raft.server.retrycache.expirytime = 600000ms (custom)
2023-01-03 10:06:15,153 [pool-141-thread-1] INFO  server.RaftServerConfigKeys (ConfUtils.java:logGet(46)) - raft.server.retrycache.statistics.expirytime = 100μs (default)
2023-01-03 10:06:15,154 [pool-141-thread-1] INFO  server.RaftServerConfigKeys (ConfUtils.java:logGet(46)) - raft.server.log.appender.install.snapshot.enabled = false (custom)
2023-01-03 10:06:15,154 [pool-141-thread-1] INFO  server.RaftServerConfigKeys (ConfUtils.java:logGet(46)) - raft.server.threadpool.server.cached = true (default)
2023-01-03 10:06:15,154 [pool-141-thread-1] INFO  server.RaftServerConfigKeys (ConfUtils.java:logGet(46)) - raft.server.threadpool.server.size = 0 (default)
2023-01-03 10:06:15,154 [pool-141-thread-1] INFO  server.RaftServerConfigKeys (ConfUtils.java:logGet(46)) - raft.server.threadpool.client.cached = true (default)
2023-01-03 10:06:15,154 [pool-141-thread-1] INFO  server.RaftServerConfigKeys (ConfUtils.java:logGet(46)) - raft.server.threadpool.client.size = 0 (default)
2023-01-03 10:06:15,154 [pool-141-thread-1] INFO  storage.RaftStorageDirectory (RaftStorageDirectoryImpl.java:analyzeStorage(137)) - The storage directory /home/runner/work/ozone/ozone/hadoop-ozone/integration-test/target/test-dir/MiniOzoneClusterImpl-70d28db6-796b-4d31-8f04-926db9b5570a/datanode-3/data/ratis/1d9d8080-1cc3-4f16-9e20-157a35284fe4 does not exist. Creating ...
2023-01-03 10:06:15,156 [pool-141-thread-1] INFO  storage.RaftStorageDirectory (RaftStorageDirectoryImpl.java:tryLock(231)) - Lock on /home/runner/work/ozone/ozone/hadoop-ozone/integration-test/target/test-dir/MiniOzoneClusterImpl-70d28db6-796b-4d31-8f04-926db9b5570a/datanode-3/data/ratis/1d9d8080-1cc3-4f16-9e20-157a35284fe4/in_use.lock acquired by nodename 9440@fv-az292-374
2023-01-03 10:06:15,157 [pool-141-thread-1] INFO  storage.RaftStorage (RaftStorageImpl.java:format(96)) - Storage directory /home/runner/work/ozone/ozone/hadoop-ozone/integration-test/target/test-dir/MiniOzoneClusterImpl-70d28db6-796b-4d31-8f04-926db9b5570a/datanode-3/data/ratis/1d9d8080-1cc3-4f16-9e20-157a35284fe4 has been successfully formatted.
2023-01-03 10:06:15,158 [pool-141-thread-1] INFO  ratis.ContainerStateMachine (ContainerStateMachine.java:loadSnapshot(240)) - group-157A35284FE4: The snapshot info is null. Setting the last applied indexto:(t:0, i:~)
2023-01-03 10:06:15,158 [pool-141-thread-1] INFO  server.RaftServerConfigKeys (ConfUtils.java:logGet(46)) - raft.server.log.use.memory = false (default)
2023-01-03 10:06:15,158 [pool-141-thread-1] INFO  server.RaftServerConfigKeys (ConfUtils.java:logGet(46)) - raft.server.log.purge.gap = 1000000 (custom)
2023-01-03 10:06:15,158 [pool-141-thread-1] INFO  server.RaftServerConfigKeys (ConfUtils.java:logGet(46)) - raft.server.log.appender.buffer.byte-limit = 33554432 (custom)
2023-01-03 10:06:15,158 [pool-141-thread-1] INFO  server.RaftServerConfigKeys (ConfUtils.java:logGet(46)) - raft.server.log.statemachine.data.read.timeout = 1000ms (default)
2023-01-03 10:06:15,158 [pool-141-thread-1] INFO  server.RaftServerConfigKeys (ConfUtils.java:logGet(46)) - raft.server.log.purge.preservation.log.num = 0 (default)
2023-01-03 10:06:15,162 [EventQueue-CommandQueueReportForCommandQueueReportHandler] WARN  events.EventQueue (EventQueue.java:fireEvent(216)) - No event handler registered for event TypedEvent{payloadType=DatanodeDetails, name='Datanode_Command_Queue_Updated'}
2023-01-03 10:06:15,162 [EventQueue-PipelineReportForPipelineReportHandler] INFO  pipeline.PipelineManagerImpl (PipelineManagerImpl.java:openPipeline(367)) - Pipeline Pipeline[ Id: 1d9d8080-1cc3-4f16-9e20-157a35284fe4, Nodes: 265cde2e-5350-4bf8-a91b-58e7369f5fcb{ip: 10.1.0.13, host: fv-az292-374.tqgtyn10aqxuxoi0mkfbldi5vh.jx.internal.cloudapp.net, ports: [REPLICATION=36537, RATIS=40615, RATIS_ADMIN=40615, RATIS_SERVER=40615, RATIS_DATASTREAM=33331, STANDALONE=40301], networkLocation: /default-rack, certSerialId: null, persistedOpState: IN_SERVICE, persistedOpStateExpiryEpochSec: 0}, ReplicationConfig: RATIS/ONE, State:ALLOCATED, leaderId:265cde2e-5350-4bf8-a91b-58e7369f5fcb, CreationTimestamp2023-01-03T10:06:12.146Z[Etc/UTC]] moved to OPEN state
2023-01-03 10:06:15,163 [EventQueue-OpenPipelineForHealthyPipelineSafeModeRule] INFO  safemode.SCMSafeModeManager (HealthyPipelineSafeModeRule.java:process(137)) - SCM in safe mode. Healthy pipelines reported count is 0, required healthy pipeline reported count is 1
2023-01-03 10:06:15,163 [pool-141-thread-1] INFO  server.RaftServerConfigKeys (ConfUtils.java:logGet(46)) - raft.server.log.segment.size.max = 1048576 (custom)
2023-01-03 10:06:15,164 [pool-141-thread-1] INFO  server.RaftServerConfigKeys (ConfUtils.java:logGet(46)) - raft.server.log.segment.cache.num.max = 2 (custom)
2023-01-03 10:06:15,164 [pool-141-thread-1] INFO  server.RaftServerConfigKeys (ConfUtils.java:logGet(46)) - raft.server.log.segment.cache.size.max = 200MB (=209715200) (default)
2023-01-03 10:06:15,164 [pool-141-thread-1] INFO  segmented.SegmentedRaftLogWorker (SegmentedRaftLogWorker.java:<init>(189)) - new 265cde2e-5350-4bf8-a91b-58e7369f5fcb@group-157A35284FE4-SegmentedRaftLogWorker for RaftStorageImpl:Storage Directory /home/runner/work/ozone/ozone/hadoop-ozone/integration-test/target/test-dir/MiniOzoneClusterImpl-70d28db6-796b-4d31-8f04-926db9b5570a/datanode-3/data/ratis/1d9d8080-1cc3-4f16-9e20-157a35284fe4
2023-01-03 10:06:15,164 [pool-141-thread-1] INFO  server.RaftServerConfigKeys (ConfUtils.java:logGet(46)) - raft.server.log.queue.byte-limit = 4294967296 (custom)
2023-01-03 10:06:15,165 [pool-141-thread-1] INFO  server.RaftServerConfigKeys (ConfUtils.java:logGet(46)) - raft.server.log.queue.element-limit = 1024 (custom)
2023-01-03 10:06:15,165 [pool-141-thread-1] INFO  server.RaftServerConfigKeys (ConfUtils.java:logGet(46)) - raft.server.log.segment.size.max = 1048576 (custom)
2023-01-03 10:06:15,165 [pool-141-thread-1] INFO  server.RaftServerConfigKeys (ConfUtils.java:logGet(46)) - raft.server.log.preallocated.size = 16384 (custom)
2023-01-03 10:06:15,165 [pool-141-thread-1] INFO  server.RaftServerConfigKeys (ConfUtils.java:logGet(46)) - raft.server.log.force.sync.num = 128 (default)
2023-01-03 10:06:15,165 [pool-141-thread-1] INFO  server.RaftServerConfigKeys (ConfUtils.java:logGet(46)) - raft.server.log.statemachine.data.sync = true (default)
2023-01-03 10:06:15,165 [pool-141-thread-1] INFO  server.RaftServerConfigKeys (ConfUtils.java:logGet(46)) - raft.server.log.statemachine.data.sync.timeout = 10s (default)
2023-01-03 10:06:15,166 [pool-141-thread-1] INFO  server.RaftServerConfigKeys (ConfUtils.java:logGet(46)) - raft.server.log.statemachine.data.sync.timeout.retry = -1 (default)
2023-01-03 10:06:15,166 [pool-141-thread-1] INFO  server.RaftServerConfigKeys (ConfUtils.java:logGet(46)) - raft.server.log.write.buffer.size = 1048576 (custom)
2023-01-03 10:06:15,167 [pool-141-thread-1] INFO  server.RaftServerConfigKeys (ConfUtils.java:logGet(46)) - raft.server.log.appender.buffer.byte-limit = 33554432 (custom)
2023-01-03 10:06:15,169 [pool-141-thread-1] INFO  server.RaftServerConfigKeys (ConfUtils.java:logGet(46)) - raft.server.log.unsafe-flush.enabled = false (default)
2023-01-03 10:06:15,169 [pool-141-thread-1] INFO  server.RaftServerConfigKeys (ConfUtils.java:logGet(46)) - raft.server.log.async-flush.enabled = false (default)
2023-01-03 10:06:15,170 [pool-141-thread-1] INFO  server.RaftServerConfigKeys (ConfUtils.java:logGet(46)) - raft.server.log.statemachine.data.caching.enabled = true (custom)
2023-01-03 10:06:15,170 [pool-141-thread-1] INFO  segmented.SegmentedRaftLogWorker (SegmentedRaftLogWorker.java:lambda$new$0(135)) - 265cde2e-5350-4bf8-a91b-58e7369f5fcb@group-157A35284FE4-SegmentedRaftLogWorker: flushIndex: setUnconditionally 0 -> -1
2023-01-03 10:06:15,170 [pool-141-thread-1] INFO  segmented.SegmentedRaftLogWorker (SegmentedRaftLogWorker.java:lambda$new$0(135)) - 265cde2e-5350-4bf8-a91b-58e7369f5fcb@group-157A35284FE4-SegmentedRaftLogWorker: safeCacheEvictIndex: setUnconditionally 0 -> -1
2023-01-03 10:06:15,170 [pool-141-thread-1] INFO  server.RaftServer$Division (RaftServerImpl.java:start(334)) - 265cde2e-5350-4bf8-a91b-58e7369f5fcb@group-157A35284FE4: start as a follower, conf=-1: peers:[265cde2e-5350-4bf8-a91b-58e7369f5fcb|rpc:10.1.0.13:40615|dataStream:10.1.0.13:33331|priority:1|startupRole:FOLLOWER]|listeners:[], old=null
2023-01-03 10:06:15,170 [pool-141-thread-1] INFO  server.RaftServer$Division (RaftServerImpl.java:setRole(321)) - 265cde2e-5350-4bf8-a91b-58e7369f5fcb@group-157A35284FE4: changes role from      null to FOLLOWER at term 0 for startAsFollower
2023-01-03 10:06:15,170 [pool-141-thread-1] INFO  impl.RoleInfo (RoleInfo.java:updateAndGet(139)) - 265cde2e-5350-4bf8-a91b-58e7369f5fcb: start 265cde2e-5350-4bf8-a91b-58e7369f5fcb@group-157A35284FE4-FollowerState
2023-01-03 10:06:15,171 [265cde2e-5350-4bf8-a91b-58e7369f5fcb@group-157A35284FE4-FollowerState] INFO  server.RaftServerConfigKeys (ConfUtils.java:logFallback(53)) - raft.server.rpc.first-election.timeout.min = 5s (fallback to raft.server.rpc.timeout.min)
2023-01-03 10:06:15,171 [265cde2e-5350-4bf8-a91b-58e7369f5fcb@group-157A35284FE4-FollowerState] INFO  server.RaftServerConfigKeys (ConfUtils.java:logFallback(53)) - raft.server.rpc.first-election.timeout.max = 5200ms (fallback to raft.server.rpc.timeout.max)
2023-01-03 10:06:15,171 [pool-141-thread-1] INFO  util.JmxRegister (JmxRegister.java:tryRegister(44)) - Successfully registered JMX Bean with object name Ratis:service=RaftServer,group=group-157A35284FE4,id=265cde2e-5350-4bf8-a91b-58e7369f5fcb
2023-01-03 10:06:15,171 [pool-141-thread-1] INFO  server.RaftServerConfigKeys (ConfUtils.java:logGet(46)) - raft.server.snapshot.auto.trigger.enabled = true (custom)
2023-01-03 10:06:15,171 [pool-141-thread-1] INFO  server.RaftServerConfigKeys (ConfUtils.java:logGet(46)) - raft.server.snapshot.auto.trigger.threshold = 10000 (custom)
2023-01-03 10:06:15,171 [pool-141-thread-1] INFO  server.RaftServerConfigKeys (ConfUtils.java:logGet(46)) - raft.server.snapshot.retention.file.num = 5 (custom)
2023-01-03 10:06:15,171 [pool-141-thread-1] INFO  server.RaftServerConfigKeys (ConfUtils.java:logGet(46)) - raft.server.log.purge.upto.snapshot.index = false (default)
2023-01-03 10:06:15,172 [Command processor thread] INFO  ratis.XceiverServerRatis (XceiverServerRatis.java:addGroup(806)) - Created group PipelineID=1d9d8080-1cc3-4f16-9e20-157a35284fe4
2023-01-03 10:06:15,172 [Command processor thread] INFO  commandhandler.CreatePipelineCommandHandler (CreatePipelineCommandHandler.java:handle(113)) - Created Pipeline RATIS ONE PipelineID=1d9d8080-1cc3-4f16-9e20-157a35284fe4.
2023-01-03 10:06:15,440 [Command processor thread] INFO  server.RaftServer (RaftServerProxy.java:addNew(96)) - ac21c7e9-4632-4894-bb8a-46dc1ad7aae6: addNew group-216D74BD08FA:[ac21c7e9-4632-4894-bb8a-46dc1ad7aae6|rpc:10.1.0.13:45013|dataStream:10.1.0.13:36409|priority:1|startupRole:FOLLOWER] returns group-216D74BD08FA:java.util.concurrent.CompletableFuture@3bb24d42[Not completed]
2023-01-03 10:06:15,442 [EventQueue-CommandQueueReportForCommandQueueReportHandler] WARN  events.EventQueue (EventQueue.java:fireEvent(216)) - No event handler registered for event TypedEvent{payloadType=DatanodeDetails, name='Datanode_Command_Queue_Updated'}
2023-01-03 10:06:15,443 [pool-164-thread-1] INFO  server.RaftServer$Division (RaftServerImpl.java:<init>(195)) - ac21c7e9-4632-4894-bb8a-46dc1ad7aae6: new RaftServerImpl for group-216D74BD08FA:[ac21c7e9-4632-4894-bb8a-46dc1ad7aae6|rpc:10.1.0.13:45013|dataStream:10.1.0.13:36409|priority:1|startupRole:FOLLOWER] with ContainerStateMachine:uninitialized
2023-01-03 10:06:15,443 [pool-164-thread-1] INFO  server.RaftServerConfigKeys (ConfUtils.java:logGet(46)) - raft.server.rpc.timeout.min = 5s (custom)
2023-01-03 10:06:15,443 [pool-164-thread-1] INFO  server.RaftServerConfigKeys (ConfUtils.java:logGet(46)) - raft.server.rpc.timeout.max = 5200ms (custom)
2023-01-03 10:06:15,443 [pool-164-thread-1] INFO  server.RaftServerConfigKeys (ConfUtils.java:logGet(46)) - raft.server.rpc.sleep.time = 25ms (default)
2023-01-03 10:06:15,443 [pool-164-thread-1] INFO  server.RaftServerConfigKeys (ConfUtils.java:logGet(46)) - raft.server.rpc.slowness.timeout = 300s (custom)
2023-01-03 10:06:15,443 [pool-164-thread-1] INFO  server.RaftServerConfigKeys (ConfUtils.java:logGet(46)) - raft.server.leaderelection.leader.step-down.wait-time = 10s (default)
2023-01-03 10:06:15,443 [pool-164-thread-1] INFO  server.RaftServerConfigKeys (ConfUtils.java:logGet(46)) - raft.server.sleep.deviation.threshold = 300ms (default)
2023-01-03 10:06:15,443 [pool-164-thread-1] INFO  server.RaftServer$Division (ServerState.java:<init>(118)) - ac21c7e9-4632-4894-bb8a-46dc1ad7aae6@group-216D74BD08FA: ConfigurationManager, init=-1: peers:[ac21c7e9-4632-4894-bb8a-46dc1ad7aae6|rpc:10.1.0.13:45013|dataStream:10.1.0.13:36409|priority:1|startupRole:FOLLOWER]|listeners:[], old=null, confs=<EMPTY_MAP>
2023-01-03 10:06:15,443 [pool-164-thread-1] INFO  server.RaftServerConfigKeys (ConfUtils.java:logGet(46)) - raft.server.storage.dir = [/home/runner/work/ozone/ozone/hadoop-ozone/integration-test/target/test-dir/MiniOzoneClusterImpl-70d28db6-796b-4d31-8f04-926db9b5570a/datanode-4/data/ratis] (custom)
2023-01-03 10:06:15,443 [pool-164-thread-1] INFO  server.RaftServerConfigKeys (ConfUtils.java:logGet(46)) - raft.server.log.corruption.policy = EXCEPTION (default)
2023-01-03 10:06:15,443 [pool-164-thread-1] INFO  server.RaftServerConfigKeys (ConfUtils.java:logGet(46)) - raft.server.storage.free-space.min = 0MB (=0) (default)
2023-01-03 10:06:15,443 [pool-164-thread-1] INFO  server.RaftServerConfigKeys (ConfUtils.java:logGet(46)) - raft.server.notification.no-leader.timeout = 300s (custom)
2023-01-03 10:06:15,444 [pool-164-thread-1] INFO  server.RaftServerConfigKeys (ConfUtils.java:logGet(46)) - raft.server.retrycache.expirytime = 600000ms (custom)
2023-01-03 10:06:15,444 [pool-164-thread-1] INFO  server.RaftServerConfigKeys (ConfUtils.java:logGet(46)) - raft.server.retrycache.statistics.expirytime = 100μs (default)
2023-01-03 10:06:15,446 [pool-164-thread-1] INFO  server.RaftServerConfigKeys (ConfUtils.java:logGet(46)) - raft.server.log.appender.install.snapshot.enabled = false (custom)
2023-01-03 10:06:15,446 [pool-164-thread-1] INFO  server.RaftServerConfigKeys (ConfUtils.java:logGet(46)) - raft.server.threadpool.server.cached = true (default)
2023-01-03 10:06:15,446 [pool-164-thread-1] INFO  server.RaftServerConfigKeys (ConfUtils.java:logGet(46)) - raft.server.threadpool.server.size = 0 (default)
2023-01-03 10:06:15,446 [pool-164-thread-1] INFO  server.RaftServerConfigKeys (ConfUtils.java:logGet(46)) - raft.server.threadpool.client.cached = true (default)
2023-01-03 10:06:15,446 [pool-164-thread-1] INFO  server.RaftServerConfigKeys (ConfUtils.java:logGet(46)) - raft.server.threadpool.client.size = 0 (default)
2023-01-03 10:06:15,446 [pool-164-thread-1] INFO  storage.RaftStorageDirectory (RaftStorageDirectoryImpl.java:analyzeStorage(137)) - The storage directory /home/runner/work/ozone/ozone/hadoop-ozone/integration-test/target/test-dir/MiniOzoneClusterImpl-70d28db6-796b-4d31-8f04-926db9b5570a/datanode-4/data/ratis/bf5defad-d316-4bd9-bf92-216d74bd08fa does not exist. Creating ...
2023-01-03 10:06:15,447 [Listener at 127.0.0.1/41175] INFO  ozone.MiniOzoneClusterImpl (MiniOzoneClusterImpl.java:lambda$waitForClusterToBeReady$0(217)) - Nodes are ready. Got 5 of 5 DN Heartbeats.
2023-01-03 10:06:15,447 [Listener at 127.0.0.1/41175] INFO  ozone.MiniOzoneClusterImpl (MiniOzoneClusterImpl.java:lambda$waitForClusterToBeReady$0(220)) - Waiting for cluster to exit safe mode
2023-01-03 10:06:15,447 [Listener at 127.0.0.1/41175] INFO  ozone.MiniOzoneClusterImpl (MiniOzoneClusterImpl.java:lambda$waitForClusterToBeReady$0(222)) - SCM became leader
2023-01-03 10:06:15,448 [pool-164-thread-1] INFO  storage.RaftStorageDirectory (RaftStorageDirectoryImpl.java:tryLock(231)) - Lock on /home/runner/work/ozone/ozone/hadoop-ozone/integration-test/target/test-dir/MiniOzoneClusterImpl-70d28db6-796b-4d31-8f04-926db9b5570a/datanode-4/data/ratis/bf5defad-d316-4bd9-bf92-216d74bd08fa/in_use.lock acquired by nodename 9440@fv-az292-374
2023-01-03 10:06:15,449 [pool-164-thread-1] INFO  storage.RaftStorage (RaftStorageImpl.java:format(96)) - Storage directory /home/runner/work/ozone/ozone/hadoop-ozone/integration-test/target/test-dir/MiniOzoneClusterImpl-70d28db6-796b-4d31-8f04-926db9b5570a/datanode-4/data/ratis/bf5defad-d316-4bd9-bf92-216d74bd08fa has been successfully formatted.
2023-01-03 10:06:15,459 [pool-164-thread-1] INFO  ratis.ContainerStateMachine (ContainerStateMachine.java:loadSnapshot(240)) - group-216D74BD08FA: The snapshot info is null. Setting the last applied indexto:(t:0, i:~)
2023-01-03 10:06:15,460 [EventQueue-PipelineReportForPipelineReportHandler] INFO  pipeline.PipelineManagerImpl (PipelineManagerImpl.java:openPipeline(367)) - Pipeline Pipeline[ Id: bf5defad-d316-4bd9-bf92-216d74bd08fa, Nodes: ac21c7e9-4632-4894-bb8a-46dc1ad7aae6{ip: 10.1.0.13, host: fv-az292-374.tqgtyn10aqxuxoi0mkfbldi5vh.jx.internal.cloudapp.net, ports: [REPLICATION=39543, RATIS=45013, RATIS_ADMIN=45013, RATIS_SERVER=45013, RATIS_DATASTREAM=36409, STANDALONE=34293], networkLocation: /default-rack, certSerialId: null, persistedOpState: IN_SERVICE, persistedOpStateExpiryEpochSec: 0}, ReplicationConfig: RATIS/ONE, State:ALLOCATED, leaderId:ac21c7e9-4632-4894-bb8a-46dc1ad7aae6, CreationTimestamp2023-01-03T10:06:12.442Z[Etc/UTC]] moved to OPEN state
2023-01-03 10:06:15,460 [EventQueue-CommandQueueReportForCommandQueueReportHandler] WARN  events.EventQueue (EventQueue.java:fireEvent(216)) - No event handler registered for event TypedEvent{payloadType=DatanodeDetails, name='Datanode_Command_Queue_Updated'}
2023-01-03 10:06:15,461 [pool-164-thread-1] INFO  server.RaftServerConfigKeys (ConfUtils.java:logGet(46)) - raft.server.log.use.memory = false (default)
2023-01-03 10:06:15,461 [EventQueue-OpenPipelineForHealthyPipelineSafeModeRule] INFO  safemode.SCMSafeModeManager (HealthyPipelineSafeModeRule.java:process(137)) - SCM in safe mode. Healthy pipelines reported count is 0, required healthy pipeline reported count is 1
2023-01-03 10:06:15,462 [pool-164-thread-1] INFO  server.RaftServerConfigKeys (ConfUtils.java:logGet(46)) - raft.server.log.purge.gap = 1000000 (custom)
2023-01-03 10:06:15,462 [pool-164-thread-1] INFO  server.RaftServerConfigKeys (ConfUtils.java:logGet(46)) - raft.server.log.appender.buffer.byte-limit = 33554432 (custom)
2023-01-03 10:06:15,462 [pool-164-thread-1] INFO  server.RaftServerConfigKeys (ConfUtils.java:logGet(46)) - raft.server.log.statemachine.data.read.timeout = 1000ms (default)
2023-01-03 10:06:15,463 [pool-164-thread-1] INFO  server.RaftServerConfigKeys (ConfUtils.java:logGet(46)) - raft.server.log.purge.preservation.log.num = 0 (default)
2023-01-03 10:06:15,463 [pool-164-thread-1] INFO  server.RaftServerConfigKeys (ConfUtils.java:logGet(46)) - raft.server.log.segment.size.max = 1048576 (custom)
2023-01-03 10:06:15,463 [pool-164-thread-1] INFO  server.RaftServerConfigKeys (ConfUtils.java:logGet(46)) - raft.server.log.segment.cache.num.max = 2 (custom)
2023-01-03 10:06:15,463 [pool-164-thread-1] INFO  server.RaftServerConfigKeys (ConfUtils.java:logGet(46)) - raft.server.log.segment.cache.size.max = 200MB (=209715200) (default)
2023-01-03 10:06:15,463 [pool-164-thread-1] INFO  segmented.SegmentedRaftLogWorker (SegmentedRaftLogWorker.java:<init>(189)) - new ac21c7e9-4632-4894-bb8a-46dc1ad7aae6@group-216D74BD08FA-SegmentedRaftLogWorker for RaftStorageImpl:Storage Directory /home/runner/work/ozone/ozone/hadoop-ozone/integration-test/target/test-dir/MiniOzoneClusterImpl-70d28db6-796b-4d31-8f04-926db9b5570a/datanode-4/data/ratis/bf5defad-d316-4bd9-bf92-216d74bd08fa
2023-01-03 10:06:15,463 [pool-164-thread-1] INFO  server.RaftServerConfigKeys (ConfUtils.java:logGet(46)) - raft.server.log.queue.byte-limit = 4294967296 (custom)
2023-01-03 10:06:15,463 [pool-164-thread-1] INFO  server.RaftServerConfigKeys (ConfUtils.java:logGet(46)) - raft.server.log.queue.element-limit = 1024 (custom)
2023-01-03 10:06:15,464 [pool-164-thread-1] INFO  server.RaftServerConfigKeys (ConfUtils.java:logGet(46)) - raft.server.log.segment.size.max = 1048576 (custom)
2023-01-03 10:06:15,464 [pool-164-thread-1] INFO  server.RaftServerConfigKeys (ConfUtils.java:logGet(46)) - raft.server.log.preallocated.size = 16384 (custom)
2023-01-03 10:06:15,464 [pool-164-thread-1] INFO  server.RaftServerConfigKeys (ConfUtils.java:logGet(46)) - raft.server.log.force.sync.num = 128 (default)
2023-01-03 10:06:15,464 [pool-164-thread-1] INFO  server.RaftServerConfigKeys (ConfUtils.java:logGet(46)) - raft.server.log.statemachine.data.sync = true (default)
2023-01-03 10:06:15,464 [pool-164-thread-1] INFO  server.RaftServerConfigKeys (ConfUtils.java:logGet(46)) - raft.server.log.statemachine.data.sync.timeout = 10s (default)
2023-01-03 10:06:15,464 [pool-164-thread-1] INFO  server.RaftServerConfigKeys (ConfUtils.java:logGet(46)) - raft.server.log.statemachine.data.sync.timeout.retry = -1 (default)
2023-01-03 10:06:15,464 [pool-164-thread-1] INFO  server.RaftServerConfigKeys (ConfUtils.java:logGet(46)) - raft.server.log.write.buffer.size = 1048576 (custom)
2023-01-03 10:06:15,465 [pool-164-thread-1] INFO  server.RaftServerConfigKeys (ConfUtils.java:logGet(46)) - raft.server.log.appender.buffer.byte-limit = 33554432 (custom)
2023-01-03 10:06:15,468 [pool-164-thread-1] INFO  server.RaftServerConfigKeys (ConfUtils.java:logGet(46)) - raft.server.log.unsafe-flush.enabled = false (default)
2023-01-03 10:06:15,468 [pool-164-thread-1] INFO  server.RaftServerConfigKeys (ConfUtils.java:logGet(46)) - raft.server.log.async-flush.enabled = false (default)
2023-01-03 10:06:15,468 [pool-164-thread-1] INFO  server.RaftServerConfigKeys (ConfUtils.java:logGet(46)) - raft.server.log.statemachine.data.caching.enabled = true (custom)
2023-01-03 10:06:15,469 [pool-164-thread-1] INFO  segmented.SegmentedRaftLogWorker (SegmentedRaftLogWorker.java:lambda$new$0(135)) - ac21c7e9-4632-4894-bb8a-46dc1ad7aae6@group-216D74BD08FA-SegmentedRaftLogWorker: flushIndex: setUnconditionally 0 -> -1
2023-01-03 10:06:15,469 [pool-164-thread-1] INFO  segmented.SegmentedRaftLogWorker (SegmentedRaftLogWorker.java:lambda$new$0(135)) - ac21c7e9-4632-4894-bb8a-46dc1ad7aae6@group-216D74BD08FA-SegmentedRaftLogWorker: safeCacheEvictIndex: setUnconditionally 0 -> -1
2023-01-03 10:06:15,469 [pool-164-thread-1] INFO  server.RaftServer$Division (RaftServerImpl.java:start(334)) - ac21c7e9-4632-4894-bb8a-46dc1ad7aae6@group-216D74BD08FA: start as a follower, conf=-1: peers:[ac21c7e9-4632-4894-bb8a-46dc1ad7aae6|rpc:10.1.0.13:45013|dataStream:10.1.0.13:36409|priority:1|startupRole:FOLLOWER]|listeners:[], old=null
2023-01-03 10:06:15,469 [pool-164-thread-1] INFO  server.RaftServer$Division (RaftServerImpl.java:setRole(321)) - ac21c7e9-4632-4894-bb8a-46dc1ad7aae6@group-216D74BD08FA: changes role from      null to FOLLOWER at term 0 for startAsFollower
2023-01-03 10:06:15,469 [pool-164-thread-1] INFO  impl.RoleInfo (RoleInfo.java:updateAndGet(139)) - ac21c7e9-4632-4894-bb8a-46dc1ad7aae6: start ac21c7e9-4632-4894-bb8a-46dc1ad7aae6@group-216D74BD08FA-FollowerState
2023-01-03 10:06:15,473 [pool-164-thread-1] INFO  util.JmxRegister (JmxRegister.java:tryRegister(44)) - Successfully registered JMX Bean with object name Ratis:service=RaftServer,group=group-216D74BD08FA,id=ac21c7e9-4632-4894-bb8a-46dc1ad7aae6
2023-01-03 10:06:15,473 [pool-164-thread-1] INFO  server.RaftServerConfigKeys (ConfUtils.java:logGet(46)) - raft.server.snapshot.auto.trigger.enabled = true (custom)
2023-01-03 10:06:15,473 [pool-164-thread-1] INFO  server.RaftServerConfigKeys (ConfUtils.java:logGet(46)) - raft.server.snapshot.auto.trigger.threshold = 10000 (custom)
2023-01-03 10:06:15,474 [pool-164-thread-1] INFO  server.RaftServerConfigKeys (ConfUtils.java:logGet(46)) - raft.server.snapshot.retention.file.num = 5 (custom)
2023-01-03 10:06:15,474 [pool-164-thread-1] INFO  server.RaftServerConfigKeys (ConfUtils.java:logGet(46)) - raft.server.log.purge.upto.snapshot.index = false (default)
2023-01-03 10:06:15,474 [ac21c7e9-4632-4894-bb8a-46dc1ad7aae6@group-216D74BD08FA-FollowerState] INFO  server.RaftServerConfigKeys (ConfUtils.java:logFallback(53)) - raft.server.rpc.first-election.timeout.min = 5s (fallback to raft.server.rpc.timeout.min)
2023-01-03 10:06:15,474 [ac21c7e9-4632-4894-bb8a-46dc1ad7aae6@group-216D74BD08FA-FollowerState] INFO  server.RaftServerConfigKeys (ConfUtils.java:logFallback(53)) - raft.server.rpc.first-election.timeout.max = 5200ms (fallback to raft.server.rpc.timeout.max)
2023-01-03 10:06:15,478 [Command processor thread] INFO  ratis.XceiverServerRatis (XceiverServerRatis.java:addGroup(806)) - Created group PipelineID=bf5defad-d316-4bd9-bf92-216d74bd08fa
2023-01-03 10:06:15,478 [Command processor thread] INFO  commandhandler.CreatePipelineCommandHandler (CreatePipelineCommandHandler.java:handle(113)) - Created Pipeline RATIS ONE PipelineID=bf5defad-d316-4bd9-bf92-216d74bd08fa.
2023-01-03 10:06:15,874 [EventQueue-CommandQueueReportForCommandQueueReportHandler] WARN  events.EventQueue (EventQueue.java:fireEvent(216)) - No event handler registered for event TypedEvent{payloadType=DatanodeDetails, name='Datanode_Command_Queue_Updated'}
2023-01-03 10:06:15,888 [EventQueue-CommandQueueReportForCommandQueueReportHandler] WARN  events.EventQueue (EventQueue.java:fireEvent(216)) - No event handler registered for event TypedEvent{payloadType=DatanodeDetails, name='Datanode_Command_Queue_Updated'}
2023-01-03 10:06:15,911 [EventQueue-CommandQueueReportForCommandQueueReportHandler] WARN  events.EventQueue (EventQueue.java:fireEvent(216)) - No event handler registered for event TypedEvent{payloadType=DatanodeDetails, name='Datanode_Command_Queue_Updated'}
2023-01-03 10:06:16,160 [EventQueue-CommandQueueReportForCommandQueueReportHandler] WARN  events.EventQueue (EventQueue.java:fireEvent(216)) - No event handler registered for event TypedEvent{payloadType=DatanodeDetails, name='Datanode_Command_Queue_Updated'}
2023-01-03 10:06:16,447 [Listener at 127.0.0.1/41175] INFO  ozone.MiniOzoneClusterImpl (MiniOzoneClusterImpl.java:lambda$waitForClusterToBeReady$0(217)) - Nodes are ready. Got 5 of 5 DN Heartbeats.
2023-01-03 10:06:16,447 [Listener at 127.0.0.1/41175] INFO  ozone.MiniOzoneClusterImpl (MiniOzoneClusterImpl.java:lambda$waitForClusterToBeReady$0(220)) - Waiting for cluster to exit safe mode
2023-01-03 10:06:16,447 [Listener at 127.0.0.1/41175] INFO  ozone.MiniOzoneClusterImpl (MiniOzoneClusterImpl.java:lambda$waitForClusterToBeReady$0(222)) - SCM became leader
2023-01-03 10:06:16,460 [EventQueue-CommandQueueReportForCommandQueueReportHandler] WARN  events.EventQueue (EventQueue.java:fireEvent(216)) - No event handler registered for event TypedEvent{payloadType=DatanodeDetails, name='Datanode_Command_Queue_Updated'}
2023-01-03 10:06:16,877 [EventQueue-CommandQueueReportForCommandQueueReportHandler] WARN  events.EventQueue (EventQueue.java:fireEvent(216)) - No event handler registered for event TypedEvent{payloadType=DatanodeDetails, name='Datanode_Command_Queue_Updated'}
2023-01-03 10:06:16,892 [EventQueue-CommandQueueReportForCommandQueueReportHandler] WARN  events.EventQueue (EventQueue.java:fireEvent(216)) - No event handler registered for event TypedEvent{payloadType=DatanodeDetails, name='Datanode_Command_Queue_Updated'}
2023-01-03 10:06:16,912 [EventQueue-CommandQueueReportForCommandQueueReportHandler] WARN  events.EventQueue (EventQueue.java:fireEvent(216)) - No event handler registered for event TypedEvent{payloadType=DatanodeDetails, name='Datanode_Command_Queue_Updated'}
2023-01-03 10:06:17,161 [EventQueue-CommandQueueReportForCommandQueueReportHandler] WARN  events.EventQueue (EventQueue.java:fireEvent(216)) - No event handler registered for event TypedEvent{payloadType=DatanodeDetails, name='Datanode_Command_Queue_Updated'}
2023-01-03 10:06:17,448 [Listener at 127.0.0.1/41175] INFO  ozone.MiniOzoneClusterImpl (MiniOzoneClusterImpl.java:lambda$waitForClusterToBeReady$0(217)) - Nodes are ready. Got 5 of 5 DN Heartbeats.
2023-01-03 10:06:17,448 [Listener at 127.0.0.1/41175] INFO  ozone.MiniOzoneClusterImpl (MiniOzoneClusterImpl.java:lambda$waitForClusterToBeReady$0(220)) - Waiting for cluster to exit safe mode
2023-01-03 10:06:17,448 [Listener at 127.0.0.1/41175] INFO  ozone.MiniOzoneClusterImpl (MiniOzoneClusterImpl.java:lambda$waitForClusterToBeReady$0(222)) - SCM became leader
2023-01-03 10:06:17,460 [EventQueue-CommandQueueReportForCommandQueueReportHandler] WARN  events.EventQueue (EventQueue.java:fireEvent(216)) - No event handler registered for event TypedEvent{payloadType=DatanodeDetails, name='Datanode_Command_Queue_Updated'}
2023-01-03 10:06:17,875 [EventQueue-CommandQueueReportForCommandQueueReportHandler] WARN  events.EventQueue (EventQueue.java:fireEvent(216)) - No event handler registered for event TypedEvent{payloadType=DatanodeDetails, name='Datanode_Command_Queue_Updated'}
2023-01-03 10:06:17,890 [EventQueue-CommandQueueReportForCommandQueueReportHandler] WARN  events.EventQueue (EventQueue.java:fireEvent(216)) - No event handler registered for event TypedEvent{payloadType=DatanodeDetails, name='Datanode_Command_Queue_Updated'}
2023-01-03 10:06:17,911 [EventQueue-CommandQueueReportForCommandQueueReportHandler] WARN  events.EventQueue (EventQueue.java:fireEvent(216)) - No event handler registered for event TypedEvent{payloadType=DatanodeDetails, name='Datanode_Command_Queue_Updated'}
2023-01-03 10:06:18,160 [EventQueue-CommandQueueReportForCommandQueueReportHandler] WARN  events.EventQueue (EventQueue.java:fireEvent(216)) - No event handler registered for event TypedEvent{payloadType=DatanodeDetails, name='Datanode_Command_Queue_Updated'}
2023-01-03 10:06:18,448 [Listener at 127.0.0.1/41175] INFO  ozone.MiniOzoneClusterImpl (MiniOzoneClusterImpl.java:lambda$waitForClusterToBeReady$0(217)) - Nodes are ready. Got 5 of 5 DN Heartbeats.
2023-01-03 10:06:18,448 [Listener at 127.0.0.1/41175] INFO  ozone.MiniOzoneClusterImpl (MiniOzoneClusterImpl.java:lambda$waitForClusterToBeReady$0(220)) - Waiting for cluster to exit safe mode
2023-01-03 10:06:18,448 [Listener at 127.0.0.1/41175] INFO  ozone.MiniOzoneClusterImpl (MiniOzoneClusterImpl.java:lambda$waitForClusterToBeReady$0(222)) - SCM became leader
2023-01-03 10:06:18,460 [EventQueue-CommandQueueReportForCommandQueueReportHandler] WARN  events.EventQueue (EventQueue.java:fireEvent(216)) - No event handler registered for event TypedEvent{payloadType=DatanodeDetails, name='Datanode_Command_Queue_Updated'}
2023-01-03 10:06:18,875 [EventQueue-CommandQueueReportForCommandQueueReportHandler] WARN  events.EventQueue (EventQueue.java:fireEvent(216)) - No event handler registered for event TypedEvent{payloadType=DatanodeDetails, name='Datanode_Command_Queue_Updated'}
2023-01-03 10:06:18,890 [EventQueue-CommandQueueReportForCommandQueueReportHandler] WARN  events.EventQueue (EventQueue.java:fireEvent(216)) - No event handler registered for event TypedEvent{payloadType=DatanodeDetails, name='Datanode_Command_Queue_Updated'}
2023-01-03 10:06:18,911 [EventQueue-CommandQueueReportForCommandQueueReportHandler] WARN  events.EventQueue (EventQueue.java:fireEvent(216)) - No event handler registered for event TypedEvent{payloadType=DatanodeDetails, name='Datanode_Command_Queue_Updated'}
2023-01-03 10:06:19,134 [e60c2466-e581-4a2a-a391-12b730c6e057@group-AFA704D09044-FollowerState] INFO  impl.FollowerState (FollowerState.java:run(143)) - e60c2466-e581-4a2a-a391-12b730c6e057@group-AFA704D09044-FollowerState: change to CANDIDATE, lastRpcElapsedTime:5140385332ns, electionTimeout:5134ms
2023-01-03 10:06:19,134 [e60c2466-e581-4a2a-a391-12b730c6e057@group-AFA704D09044-FollowerState] INFO  impl.RoleInfo (RoleInfo.java:shutdownFollowerState(110)) - e60c2466-e581-4a2a-a391-12b730c6e057: shutdown e60c2466-e581-4a2a-a391-12b730c6e057@group-AFA704D09044-FollowerState
2023-01-03 10:06:19,134 [e60c2466-e581-4a2a-a391-12b730c6e057@group-AFA704D09044-FollowerState] INFO  server.RaftServer$Division (RaftServerImpl.java:setRole(321)) - e60c2466-e581-4a2a-a391-12b730c6e057@group-AFA704D09044: changes role from  FOLLOWER to CANDIDATE at term 0 for changeToCandidate
2023-01-03 10:06:19,134 [e60c2466-e581-4a2a-a391-12b730c6e057@group-AFA704D09044-FollowerState] INFO  server.RaftServerConfigKeys (ConfUtils.java:logGet(46)) - raft.server.leaderelection.pre-vote = false (custom)
2023-01-03 10:06:19,134 [e60c2466-e581-4a2a-a391-12b730c6e057@group-AFA704D09044-FollowerState] INFO  impl.RoleInfo (RoleInfo.java:updateAndGet(139)) - e60c2466-e581-4a2a-a391-12b730c6e057: start e60c2466-e581-4a2a-a391-12b730c6e057@group-AFA704D09044-LeaderElection2
2023-01-03 10:06:19,137 [e60c2466-e581-4a2a-a391-12b730c6e057@group-AFA704D09044-LeaderElection2] INFO  impl.LeaderElection (LeaderElection.java:askForVotes(312)) - e60c2466-e581-4a2a-a391-12b730c6e057@group-AFA704D09044-LeaderElection2 ELECTION round 0: submit vote requests at term 1 for -1: peers:[e60c2466-e581-4a2a-a391-12b730c6e057|rpc:10.1.0.13:43713|dataStream:10.1.0.13:34563|priority:1|startupRole:FOLLOWER]|listeners:[], old=null
2023-01-03 10:06:19,137 [e60c2466-e581-4a2a-a391-12b730c6e057@group-AFA704D09044-LeaderElection2] INFO  impl.LeaderElection (LeaderElection.java:askForVotes(314)) - e60c2466-e581-4a2a-a391-12b730c6e057@group-AFA704D09044-LeaderElection2 ELECTION round 0: result PASSED (term=1)
2023-01-03 10:06:19,137 [e60c2466-e581-4a2a-a391-12b730c6e057@group-AFA704D09044-LeaderElection2] INFO  impl.RoleInfo (RoleInfo.java:shutdownLeaderElection(130)) - e60c2466-e581-4a2a-a391-12b730c6e057: shutdown e60c2466-e581-4a2a-a391-12b730c6e057@group-AFA704D09044-LeaderElection2
2023-01-03 10:06:19,137 [e60c2466-e581-4a2a-a391-12b730c6e057@group-AFA704D09044-LeaderElection2] INFO  server.RaftServer$Division (RaftServerImpl.java:setRole(321)) - e60c2466-e581-4a2a-a391-12b730c6e057@group-AFA704D09044: changes role from CANDIDATE to LEADER at term 1 for changeToLeader
2023-01-03 10:06:19,137 [e60c2466-e581-4a2a-a391-12b730c6e057@group-AFA704D09044-LeaderElection2] INFO  ratis.XceiverServerRatis (XceiverServerRatis.java:handleLeaderChangedNotification(904)) - Leader change notification received for group: group-AFA704D09044 with new leaderId: e60c2466-e581-4a2a-a391-12b730c6e057
2023-01-03 10:06:19,138 [e60c2466-e581-4a2a-a391-12b730c6e057@group-AFA704D09044-LeaderElection2] INFO  server.RaftServer$Division (ServerState.java:setLeader(313)) - e60c2466-e581-4a2a-a391-12b730c6e057@group-AFA704D09044: change Leader from null to e60c2466-e581-4a2a-a391-12b730c6e057 at term 1 for becomeLeader, leader elected after 5187ms
2023-01-03 10:06:19,138 [e60c2466-e581-4a2a-a391-12b730c6e057@group-AFA704D09044-LeaderElection2] INFO  server.RaftServerConfigKeys (ConfUtils.java:logGet(46)) - raft.server.staging.catchup.gap = 1000 (default)
2023-01-03 10:06:19,139 [EventQueue-CommandQueueReportForCommandQueueReportHandler] WARN  events.EventQueue (EventQueue.java:fireEvent(216)) - No event handler registered for event TypedEvent{payloadType=DatanodeDetails, name='Datanode_Command_Queue_Updated'}
2023-01-03 10:06:19,139 [EventQueue-OpenPipelineForHealthyPipelineSafeModeRule] INFO  safemode.SCMSafeModeManager (HealthyPipelineSafeModeRule.java:process(137)) - SCM in safe mode. Healthy pipelines reported count is 0, required healthy pipeline reported count is 1
2023-01-03 10:06:19,140 [e60c2466-e581-4a2a-a391-12b730c6e057@group-AFA704D09044-LeaderElection2] INFO  server.RaftServerConfigKeys (ConfUtils.java:logGet(46)) - raft.server.write.element-limit = 1024 (custom)
2023-01-03 10:06:19,140 [e60c2466-e581-4a2a-a391-12b730c6e057@group-AFA704D09044-LeaderElection2] INFO  server.RaftServerConfigKeys (ConfUtils.java:logGet(46)) - raft.server.write.byte-limit = 1024 M (=1073741824) (custom)
2023-01-03 10:06:19,141 [e60c2466-e581-4a2a-a391-12b730c6e057@group-AFA704D09044-LeaderElection2] INFO  server.RaftServerConfigKeys (ConfUtils.java:logGet(46)) - raft.server.watch.timeout = 180s (custom)
2023-01-03 10:06:19,141 [e60c2466-e581-4a2a-a391-12b730c6e057@group-AFA704D09044-LeaderElection2] INFO  server.RaftServerConfigKeys (ConfUtils.java:logGet(46)) - raft.server.watch.timeout.denomination = 1s (default)
2023-01-03 10:06:19,141 [e60c2466-e581-4a2a-a391-12b730c6e057@group-AFA704D09044-LeaderElection2] INFO  server.RaftServerConfigKeys (ConfUtils.java:logGet(46)) - raft.server.watch.element-limit = 65536 (default)
2023-01-03 10:06:19,141 [e60c2466-e581-4a2a-a391-12b730c6e057@group-AFA704D09044-LeaderElection2] INFO  server.RaftServerConfigKeys (ConfUtils.java:logGet(46)) - raft.server.write.element-limit = 1024 (custom)
2023-01-03 10:06:19,141 [e60c2466-e581-4a2a-a391-12b730c6e057@group-AFA704D09044-LeaderElection2] INFO  server.RaftServerConfigKeys (ConfUtils.java:logGet(46)) - raft.server.write.follower.gap.ratio.max = -1.0 (default)
2023-01-03 10:06:19,141 [e60c2466-e581-4a2a-a391-12b730c6e057@group-AFA704D09044-LeaderElection2] INFO  impl.RoleInfo (RoleInfo.java:updateAndGet(139)) - e60c2466-e581-4a2a-a391-12b730c6e057: start e60c2466-e581-4a2a-a391-12b730c6e057@group-AFA704D09044-LeaderStateImpl
2023-01-03 10:06:19,141 [e60c2466-e581-4a2a-a391-12b730c6e057@group-AFA704D09044-LeaderElection2] INFO  segmented.SegmentedRaftLogWorker (SegmentedRaftLogWorker.java:startLogSegment(452)) - e60c2466-e581-4a2a-a391-12b730c6e057@group-AFA704D09044-SegmentedRaftLogWorker: Starting segment from index:0
2023-01-03 10:06:19,143 [e60c2466-e581-4a2a-a391-12b730c6e057@group-AFA704D09044-SegmentedRaftLogWorker] INFO  segmented.SegmentedRaftLogWorker (SegmentedRaftLogWorker.java:execute(656)) - e60c2466-e581-4a2a-a391-12b730c6e057@group-AFA704D09044-SegmentedRaftLogWorker: created new log segment /home/runner/work/ozone/ozone/hadoop-ozone/integration-test/target/test-dir/MiniOzoneClusterImpl-70d28db6-796b-4d31-8f04-926db9b5570a/datanode-0/data/ratis/8bf171a2-1b6b-4829-b5d0-afa704d09044/current/log_inprogress_0
2023-01-03 10:06:19,143 [e60c2466-e581-4a2a-a391-12b730c6e057@group-AFA704D09044-LeaderElection2] INFO  server.RaftServer$Division (ServerState.java:setRaftConf(430)) - e60c2466-e581-4a2a-a391-12b730c6e057@group-AFA704D09044: set configuration 0: peers:[e60c2466-e581-4a2a-a391-12b730c6e057|rpc:10.1.0.13:43713|dataStream:10.1.0.13:34563|priority:1|startupRole:FOLLOWER]|listeners:[], old=null
2023-01-03 10:06:19,159 [EventQueue-CommandQueueReportForCommandQueueReportHandler] WARN  events.EventQueue (EventQueue.java:fireEvent(216)) - No event handler registered for event TypedEvent{payloadType=DatanodeDetails, name='Datanode_Command_Queue_Updated'}
2023-01-03 10:06:19,230 [e60c2466-e581-4a2a-a391-12b730c6e057@group-108C4B708AA8-FollowerState] INFO  impl.FollowerState (FollowerState.java:run(143)) - e60c2466-e581-4a2a-a391-12b730c6e057@group-108C4B708AA8-FollowerState: change to CANDIDATE, lastRpcElapsedTime:5208776905ns, electionTimeout:5194ms
2023-01-03 10:06:19,231 [e60c2466-e581-4a2a-a391-12b730c6e057@group-108C4B708AA8-FollowerState] INFO  impl.RoleInfo (RoleInfo.java:shutdownFollowerState(110)) - e60c2466-e581-4a2a-a391-12b730c6e057: shutdown e60c2466-e581-4a2a-a391-12b730c6e057@group-108C4B708AA8-FollowerState
2023-01-03 10:06:19,231 [e60c2466-e581-4a2a-a391-12b730c6e057@group-108C4B708AA8-FollowerState] INFO  server.RaftServer$Division (RaftServerImpl.java:setRole(321)) - e60c2466-e581-4a2a-a391-12b730c6e057@group-108C4B708AA8: changes role from  FOLLOWER to CANDIDATE at term 0 for changeToCandidate
2023-01-03 10:06:19,231 [e60c2466-e581-4a2a-a391-12b730c6e057@group-108C4B708AA8-FollowerState] INFO  server.RaftServerConfigKeys (ConfUtils.java:logGet(46)) - raft.server.leaderelection.pre-vote = false (custom)
2023-01-03 10:06:19,231 [e60c2466-e581-4a2a-a391-12b730c6e057@group-108C4B708AA8-FollowerState] INFO  impl.RoleInfo (RoleInfo.java:updateAndGet(139)) - e60c2466-e581-4a2a-a391-12b730c6e057: start e60c2466-e581-4a2a-a391-12b730c6e057@group-108C4B708AA8-LeaderElection3
2023-01-03 10:06:19,235 [e60c2466-e581-4a2a-a391-12b730c6e057@group-108C4B708AA8-LeaderElection3] INFO  impl.LeaderElection (LeaderElection.java:askForVotes(312)) - e60c2466-e581-4a2a-a391-12b730c6e057@group-108C4B708AA8-LeaderElection3 ELECTION round 0: submit vote requests at term 1 for -1: peers:[e60c2466-e581-4a2a-a391-12b730c6e057|rpc:10.1.0.13:43713|dataStream:10.1.0.13:34563|priority:0|startupRole:FOLLOWER, 1e90a81f-431a-478a-9b2e-dbda4ffaca44|rpc:10.1.0.13:44185|dataStream:10.1.0.13:44723|priority:1|startupRole:FOLLOWER, f16244a9-e060-48f3-8727-dfe3ed85a294|rpc:10.1.0.13:45615|dataStream:10.1.0.13:38733|priority:0|startupRole:FOLLOWER]|listeners:[], old=null
2023-01-03 10:06:19,241 [e60c2466-e581-4a2a-a391-12b730c6e057@group-108C4B708AA8-LeaderElection3] INFO  server.RaftServerConfigKeys (ConfUtils.java:logFallback(53)) - raft.server.rpc.first-election.timeout.min = 5s (fallback to raft.server.rpc.timeout.min)
2023-01-03 10:06:19,241 [e60c2466-e581-4a2a-a391-12b730c6e057@group-108C4B708AA8-LeaderElection3] INFO  server.RaftServerConfigKeys (ConfUtils.java:logFallback(53)) - raft.server.rpc.first-election.timeout.max = 5200ms (fallback to raft.server.rpc.timeout.max)
2023-01-03 10:06:19,241 [e60c2466-e581-4a2a-a391-12b730c6e057@group-108C4B708AA8-LeaderElection3-1] INFO  server.GrpcServerProtocolClient (GrpcServerProtocolClient.java:<init>(63)) - Build channel for 1e90a81f-431a-478a-9b2e-dbda4ffaca44
2023-01-03 10:06:19,243 [e60c2466-e581-4a2a-a391-12b730c6e057@group-108C4B708AA8-LeaderElection3-2] INFO  server.GrpcServerProtocolClient (GrpcServerProtocolClient.java:<init>(63)) - Build channel for f16244a9-e060-48f3-8727-dfe3ed85a294
2023-01-03 10:06:19,269 [grpc-default-executor-0] INFO  server.RaftServer$Division (RaftServerImpl.java:requestVote(1218)) - f16244a9-e060-48f3-8727-dfe3ed85a294@group-108C4B708AA8: receive requestVote(ELECTION, e60c2466-e581-4a2a-a391-12b730c6e057, group-108C4B708AA8, 1, (t:0, i:0))
2023-01-03 10:06:19,271 [grpc-default-executor-0] INFO  impl.VoteContext (VoteContext.java:log(49)) - f16244a9-e060-48f3-8727-dfe3ed85a294@group-108C4B708AA8-FOLLOWER: accept ELECTION from e60c2466-e581-4a2a-a391-12b730c6e057: our priority 0 <= candidate's priority 0
2023-01-03 10:06:19,272 [grpc-default-executor-0] INFO  server.RaftServer$Division (RaftServerImpl.java:setRole(321)) - f16244a9-e060-48f3-8727-dfe3ed85a294@group-108C4B708AA8: changes role from  FOLLOWER to FOLLOWER at term 1 for candidate:e60c2466-e581-4a2a-a391-12b730c6e057
2023-01-03 10:06:19,272 [grpc-default-executor-0] INFO  impl.RoleInfo (RoleInfo.java:shutdownFollowerState(110)) - f16244a9-e060-48f3-8727-dfe3ed85a294: shutdown f16244a9-e060-48f3-8727-dfe3ed85a294@group-108C4B708AA8-FollowerState
2023-01-03 10:06:19,272 [grpc-default-executor-0] INFO  impl.RoleInfo (RoleInfo.java:updateAndGet(139)) - f16244a9-e060-48f3-8727-dfe3ed85a294: start f16244a9-e060-48f3-8727-dfe3ed85a294@group-108C4B708AA8-FollowerState
2023-01-03 10:06:19,272 [f16244a9-e060-48f3-8727-dfe3ed85a294@group-108C4B708AA8-FollowerState] INFO  impl.FollowerState (FollowerState.java:run(152)) - f16244a9-e060-48f3-8727-dfe3ed85a294@group-108C4B708AA8-FollowerState was interrupted
2023-01-03 10:06:19,272 [grpc-default-executor-1] INFO  server.RaftServer$Division (RaftServerImpl.java:requestVote(1218)) - 1e90a81f-431a-478a-9b2e-dbda4ffaca44@group-108C4B708AA8: receive requestVote(ELECTION, e60c2466-e581-4a2a-a391-12b730c6e057, group-108C4B708AA8, 1, (t:0, i:0))
2023-01-03 10:06:19,272 [grpc-default-executor-1] INFO  impl.VoteContext (VoteContext.java:log(49)) - 1e90a81f-431a-478a-9b2e-dbda4ffaca44@group-108C4B708AA8-FOLLOWER: reject ELECTION from e60c2466-e581-4a2a-a391-12b730c6e057: our priority 1 > candidate's priority 0
2023-01-03 10:06:19,273 [grpc-default-executor-1] INFO  server.RaftServer$Division (RaftServerImpl.java:setRole(321)) - 1e90a81f-431a-478a-9b2e-dbda4ffaca44@group-108C4B708AA8: changes role from  FOLLOWER to FOLLOWER at term 1 for candidate:e60c2466-e581-4a2a-a391-12b730c6e057
2023-01-03 10:06:19,273 [grpc-default-executor-1] INFO  impl.RoleInfo (RoleInfo.java:shutdownFollowerState(110)) - 1e90a81f-431a-478a-9b2e-dbda4ffaca44: shutdown 1e90a81f-431a-478a-9b2e-dbda4ffaca44@group-108C4B708AA8-FollowerState
2023-01-03 10:06:19,273 [grpc-default-executor-1] INFO  impl.RoleInfo (RoleInfo.java:updateAndGet(139)) - 1e90a81f-431a-478a-9b2e-dbda4ffaca44: start 1e90a81f-431a-478a-9b2e-dbda4ffaca44@group-108C4B708AA8-FollowerState
2023-01-03 10:06:19,273 [1e90a81f-431a-478a-9b2e-dbda4ffaca44@group-108C4B708AA8-FollowerState] INFO  impl.FollowerState (FollowerState.java:run(152)) - 1e90a81f-431a-478a-9b2e-dbda4ffaca44@group-108C4B708AA8-FollowerState was interrupted
2023-01-03 10:06:19,274 [f16244a9-e060-48f3-8727-dfe3ed85a294@group-108C4B708AA8-FollowerState] INFO  server.RaftServerConfigKeys (ConfUtils.java:logFallback(53)) - raft.server.rpc.first-election.timeout.min = 5s (fallback to raft.server.rpc.timeout.min)
2023-01-03 10:06:19,274 [f16244a9-e060-48f3-8727-dfe3ed85a294@group-108C4B708AA8-FollowerState] INFO  server.RaftServerConfigKeys (ConfUtils.java:logFallback(53)) - raft.server.rpc.first-election.timeout.max = 5200ms (fallback to raft.server.rpc.timeout.max)
2023-01-03 10:06:19,277 [grpc-default-executor-0] INFO  server.RaftServer$Division (RaftServerImpl.java:requestVote(1251)) - f16244a9-e060-48f3-8727-dfe3ed85a294@group-108C4B708AA8 replies to ELECTION vote request: e60c2466-e581-4a2a-a391-12b730c6e057<-f16244a9-e060-48f3-8727-dfe3ed85a294#0:OK-t1. Peer's state: f16244a9-e060-48f3-8727-dfe3ed85a294@group-108C4B708AA8:t1, leader=null, voted=e60c2466-e581-4a2a-a391-12b730c6e057, raftlog=Memoized:f16244a9-e060-48f3-8727-dfe3ed85a294@group-108C4B708AA8-SegmentedRaftLog:OPENED:c-1, conf=-1: peers:[e60c2466-e581-4a2a-a391-12b730c6e057|rpc:10.1.0.13:43713|dataStream:10.1.0.13:34563|priority:0|startupRole:FOLLOWER, 1e90a81f-431a-478a-9b2e-dbda4ffaca44|rpc:10.1.0.13:44185|dataStream:10.1.0.13:44723|priority:1|startupRole:FOLLOWER, f16244a9-e060-48f3-8727-dfe3ed85a294|rpc:10.1.0.13:45615|dataStream:10.1.0.13:38733|priority:0|startupRole:FOLLOWER]|listeners:[], old=null
2023-01-03 10:06:19,286 [1e90a81f-431a-478a-9b2e-dbda4ffaca44@group-108C4B708AA8-FollowerState] INFO  server.RaftServerConfigKeys (ConfUtils.java:logFallback(53)) - raft.server.rpc.first-election.timeout.min = 5s (fallback to raft.server.rpc.timeout.min)
2023-01-03 10:06:19,286 [1e90a81f-431a-478a-9b2e-dbda4ffaca44@group-108C4B708AA8-FollowerState] INFO  server.RaftServerConfigKeys (ConfUtils.java:logFallback(53)) - raft.server.rpc.first-election.timeout.max = 5200ms (fallback to raft.server.rpc.timeout.max)
2023-01-03 10:06:19,287 [grpc-default-executor-1] INFO  server.RaftServer$Division (RaftServerImpl.java:requestVote(1251)) - 1e90a81f-431a-478a-9b2e-dbda4ffaca44@group-108C4B708AA8 replies to ELECTION vote request: e60c2466-e581-4a2a-a391-12b730c6e057<-1e90a81f-431a-478a-9b2e-dbda4ffaca44#0:FAIL-t1. Peer's state: 1e90a81f-431a-478a-9b2e-dbda4ffaca44@group-108C4B708AA8:t1, leader=null, voted=null, raftlog=Memoized:1e90a81f-431a-478a-9b2e-dbda4ffaca44@group-108C4B708AA8-SegmentedRaftLog:OPENED:c-1, conf=-1: peers:[e60c2466-e581-4a2a-a391-12b730c6e057|rpc:10.1.0.13:43713|dataStream:10.1.0.13:34563|priority:0|startupRole:FOLLOWER, 1e90a81f-431a-478a-9b2e-dbda4ffaca44|rpc:10.1.0.13:44185|dataStream:10.1.0.13:44723|priority:1|startupRole:FOLLOWER, f16244a9-e060-48f3-8727-dfe3ed85a294|rpc:10.1.0.13:45615|dataStream:10.1.0.13:38733|priority:0|startupRole:FOLLOWER]|listeners:[], old=null
2023-01-03 10:06:19,289 [e60c2466-e581-4a2a-a391-12b730c6e057@group-108C4B708AA8-LeaderElection3] INFO  impl.LeaderElection (LeaderElection.java:logAndReturn(90)) - e60c2466-e581-4a2a-a391-12b730c6e057@group-108C4B708AA8-LeaderElection3: ELECTION REJECTED received 2 response(s) and 0 exception(s):
2023-01-03 10:06:19,289 [e60c2466-e581-4a2a-a391-12b730c6e057@group-108C4B708AA8-LeaderElection3] INFO  impl.LeaderElection (LeaderElection.java:logAndReturn(94)) -   Response 0: e60c2466-e581-4a2a-a391-12b730c6e057<-1e90a81f-431a-478a-9b2e-dbda4ffaca44#0:FAIL-t1
2023-01-03 10:06:19,289 [e60c2466-e581-4a2a-a391-12b730c6e057@group-108C4B708AA8-LeaderElection3] INFO  impl.LeaderElection (LeaderElection.java:logAndReturn(94)) -   Response 1: e60c2466-e581-4a2a-a391-12b730c6e057<-f16244a9-e060-48f3-8727-dfe3ed85a294#0:OK-t1
2023-01-03 10:06:19,289 [e60c2466-e581-4a2a-a391-12b730c6e057@group-108C4B708AA8-LeaderElection3] INFO  impl.LeaderElection (LeaderElection.java:askForVotes(314)) - e60c2466-e581-4a2a-a391-12b730c6e057@group-108C4B708AA8-LeaderElection3 ELECTION round 0: result REJECTED
2023-01-03 10:06:19,289 [e60c2466-e581-4a2a-a391-12b730c6e057@group-108C4B708AA8-LeaderElection3] INFO  server.RaftServer$Division (RaftServerImpl.java:setRole(321)) - e60c2466-e581-4a2a-a391-12b730c6e057@group-108C4B708AA8: changes role from CANDIDATE to FOLLOWER at term 1 for REJECTED
2023-01-03 10:06:19,289 [e60c2466-e581-4a2a-a391-12b730c6e057@group-108C4B708AA8-LeaderElection3] INFO  impl.RoleInfo (RoleInfo.java:shutdownLeaderElection(130)) - e60c2466-e581-4a2a-a391-12b730c6e057: shutdown e60c2466-e581-4a2a-a391-12b730c6e057@group-108C4B708AA8-LeaderElection3
2023-01-03 10:06:19,289 [e60c2466-e581-4a2a-a391-12b730c6e057@group-108C4B708AA8-LeaderElection3] INFO  impl.RoleInfo (RoleInfo.java:updateAndGet(139)) - e60c2466-e581-4a2a-a391-12b730c6e057: start e60c2466-e581-4a2a-a391-12b730c6e057@group-108C4B708AA8-FollowerState
2023-01-03 10:06:19,296 [e60c2466-e581-4a2a-a391-12b730c6e057@group-108C4B708AA8-FollowerState] INFO  server.RaftServerConfigKeys (ConfUtils.java:logFallback(53)) - raft.server.rpc.first-election.timeout.min = 5s (fallback to raft.server.rpc.timeout.min)
2023-01-03 10:06:19,296 [e60c2466-e581-4a2a-a391-12b730c6e057@group-108C4B708AA8-FollowerState] INFO  server.RaftServerConfigKeys (ConfUtils.java:logFallback(53)) - raft.server.rpc.first-election.timeout.max = 5200ms (fallback to raft.server.rpc.timeout.max)
2023-01-03 10:06:19,449 [Listener at 127.0.0.1/41175] INFO  ozone.MiniOzoneClusterImpl (MiniOzoneClusterImpl.java:lambda$waitForClusterToBeReady$0(217)) - Nodes are ready. Got 5 of 5 DN Heartbeats.
2023-01-03 10:06:19,449 [Listener at 127.0.0.1/41175] INFO  ozone.MiniOzoneClusterImpl (MiniOzoneClusterImpl.java:lambda$waitForClusterToBeReady$0(220)) - Waiting for cluster to exit safe mode
2023-01-03 10:06:19,449 [Listener at 127.0.0.1/41175] INFO  ozone.MiniOzoneClusterImpl (MiniOzoneClusterImpl.java:lambda$waitForClusterToBeReady$0(222)) - SCM became leader
2023-01-03 10:06:19,459 [EventQueue-CommandQueueReportForCommandQueueReportHandler] WARN  events.EventQueue (EventQueue.java:fireEvent(216)) - No event handler registered for event TypedEvent{payloadType=DatanodeDetails, name='Datanode_Command_Queue_Updated'}
2023-01-03 10:06:19,660 [1e90a81f-431a-478a-9b2e-dbda4ffaca44@group-4930332E8D38-FollowerState] INFO  impl.FollowerState (FollowerState.java:run(143)) - 1e90a81f-431a-478a-9b2e-dbda4ffaca44@group-4930332E8D38-FollowerState: change to CANDIDATE, lastRpcElapsedTime:5182694875ns, electionTimeout:5170ms
2023-01-03 10:06:19,660 [1e90a81f-431a-478a-9b2e-dbda4ffaca44@group-4930332E8D38-FollowerState] INFO  impl.RoleInfo (RoleInfo.java:shutdownFollowerState(110)) - 1e90a81f-431a-478a-9b2e-dbda4ffaca44: shutdown 1e90a81f-431a-478a-9b2e-dbda4ffaca44@group-4930332E8D38-FollowerState
2023-01-03 10:06:19,660 [1e90a81f-431a-478a-9b2e-dbda4ffaca44@group-4930332E8D38-FollowerState] INFO  server.RaftServer$Division (RaftServerImpl.java:setRole(321)) - 1e90a81f-431a-478a-9b2e-dbda4ffaca44@group-4930332E8D38: changes role from  FOLLOWER to CANDIDATE at term 0 for changeToCandidate
2023-01-03 10:06:19,660 [1e90a81f-431a-478a-9b2e-dbda4ffaca44@group-4930332E8D38-FollowerState] INFO  server.RaftServerConfigKeys (ConfUtils.java:logGet(46)) - raft.server.leaderelection.pre-vote = false (custom)
2023-01-03 10:06:19,660 [1e90a81f-431a-478a-9b2e-dbda4ffaca44@group-4930332E8D38-FollowerState] INFO  impl.RoleInfo (RoleInfo.java:updateAndGet(139)) - 1e90a81f-431a-478a-9b2e-dbda4ffaca44: start 1e90a81f-431a-478a-9b2e-dbda4ffaca44@group-4930332E8D38-LeaderElection4
2023-01-03 10:06:19,663 [1e90a81f-431a-478a-9b2e-dbda4ffaca44@group-4930332E8D38-LeaderElection4] INFO  impl.LeaderElection (LeaderElection.java:askForVotes(312)) - 1e90a81f-431a-478a-9b2e-dbda4ffaca44@group-4930332E8D38-LeaderElection4 ELECTION round 0: submit vote requests at term 1 for -1: peers:[1e90a81f-431a-478a-9b2e-dbda4ffaca44|rpc:10.1.0.13:44185|dataStream:10.1.0.13:44723|priority:1|startupRole:FOLLOWER]|listeners:[], old=null
2023-01-03 10:06:19,663 [1e90a81f-431a-478a-9b2e-dbda4ffaca44@group-4930332E8D38-LeaderElection4] INFO  impl.LeaderElection (LeaderElection.java:askForVotes(314)) - 1e90a81f-431a-478a-9b2e-dbda4ffaca44@group-4930332E8D38-LeaderElection4 ELECTION round 0: result PASSED (term=1)
2023-01-03 10:06:19,663 [1e90a81f-431a-478a-9b2e-dbda4ffaca44@group-4930332E8D38-LeaderElection4] INFO  impl.RoleInfo (RoleInfo.java:shutdownLeaderElection(130)) - 1e90a81f-431a-478a-9b2e-dbda4ffaca44: shutdown 1e90a81f-431a-478a-9b2e-dbda4ffaca44@group-4930332E8D38-LeaderElection4
2023-01-03 10:06:19,663 [1e90a81f-431a-478a-9b2e-dbda4ffaca44@group-4930332E8D38-LeaderElection4] INFO  server.RaftServer$Division (RaftServerImpl.java:setRole(321)) - 1e90a81f-431a-478a-9b2e-dbda4ffaca44@group-4930332E8D38: changes role from CANDIDATE to LEADER at term 1 for changeToLeader
2023-01-03 10:06:19,663 [1e90a81f-431a-478a-9b2e-dbda4ffaca44@group-4930332E8D38-LeaderElection4] INFO  ratis.XceiverServerRatis (XceiverServerRatis.java:handleLeaderChangedNotification(904)) - Leader change notification received for group: group-4930332E8D38 with new leaderId: 1e90a81f-431a-478a-9b2e-dbda4ffaca44
2023-01-03 10:06:19,664 [1e90a81f-431a-478a-9b2e-dbda4ffaca44@group-4930332E8D38-LeaderElection4] INFO  server.RaftServer$Division (ServerState.java:setLeader(313)) - 1e90a81f-431a-478a-9b2e-dbda4ffaca44@group-4930332E8D38: change Leader from null to 1e90a81f-431a-478a-9b2e-dbda4ffaca44 at term 1 for becomeLeader, leader elected after 5229ms
2023-01-03 10:06:19,664 [1e90a81f-431a-478a-9b2e-dbda4ffaca44@group-4930332E8D38-LeaderElection4] INFO  server.RaftServerConfigKeys (ConfUtils.java:logGet(46)) - raft.server.staging.catchup.gap = 1000 (default)
2023-01-03 10:06:19,666 [1e90a81f-431a-478a-9b2e-dbda4ffaca44@group-4930332E8D38-LeaderElection4] INFO  server.RaftServerConfigKeys (ConfUtils.java:logGet(46)) - raft.server.write.element-limit = 1024 (custom)
2023-01-03 10:06:19,666 [1e90a81f-431a-478a-9b2e-dbda4ffaca44@group-4930332E8D38-LeaderElection4] INFO  server.RaftServerConfigKeys (ConfUtils.java:logGet(46)) - raft.server.write.byte-limit = 1024 M (=1073741824) (custom)
2023-01-03 10:06:19,666 [1e90a81f-431a-478a-9b2e-dbda4ffaca44@group-4930332E8D38-LeaderElection4] INFO  server.RaftServerConfigKeys (ConfUtils.java:logGet(46)) - raft.server.watch.timeout = 180s (custom)
2023-01-03 10:06:19,666 [1e90a81f-431a-478a-9b2e-dbda4ffaca44@group-4930332E8D38-LeaderElection4] INFO  server.RaftServerConfigKeys (ConfUtils.java:logGet(46)) - raft.server.watch.timeout.denomination = 1s (default)
2023-01-03 10:06:19,666 [1e90a81f-431a-478a-9b2e-dbda4ffaca44@group-4930332E8D38-LeaderElection4] INFO  server.RaftServerConfigKeys (ConfUtils.java:logGet(46)) - raft.server.watch.element-limit = 65536 (default)
2023-01-03 10:06:19,666 [1e90a81f-431a-478a-9b2e-dbda4ffaca44@group-4930332E8D38-LeaderElection4] INFO  server.RaftServerConfigKeys (ConfUtils.java:logGet(46)) - raft.server.write.element-limit = 1024 (custom)
2023-01-03 10:06:19,666 [1e90a81f-431a-478a-9b2e-dbda4ffaca44@group-4930332E8D38-LeaderElection4] INFO  server.RaftServerConfigKeys (ConfUtils.java:logGet(46)) - raft.server.write.follower.gap.ratio.max = -1.0 (default)
2023-01-03 10:06:19,667 [1e90a81f-431a-478a-9b2e-dbda4ffaca44@group-4930332E8D38-LeaderElection4] INFO  impl.RoleInfo (RoleInfo.java:updateAndGet(139)) - 1e90a81f-431a-478a-9b2e-dbda4ffaca44: start 1e90a81f-431a-478a-9b2e-dbda4ffaca44@group-4930332E8D38-LeaderStateImpl
2023-01-03 10:06:19,667 [1e90a81f-431a-478a-9b2e-dbda4ffaca44@group-4930332E8D38-LeaderElection4] INFO  segmented.SegmentedRaftLogWorker (SegmentedRaftLogWorker.java:startLogSegment(452)) - 1e90a81f-431a-478a-9b2e-dbda4ffaca44@group-4930332E8D38-SegmentedRaftLogWorker: Starting segment from index:0
2023-01-03 10:06:19,667 [EventQueue-CommandQueueReportForCommandQueueReportHandler] WARN  events.EventQueue (EventQueue.java:fireEvent(216)) - No event handler registered for event TypedEvent{payloadType=DatanodeDetails, name='Datanode_Command_Queue_Updated'}
2023-01-03 10:06:19,668 [EventQueue-OpenPipelineForHealthyPipelineSafeModeRule] INFO  safemode.SCMSafeModeManager (HealthyPipelineSafeModeRule.java:process(137)) - SCM in safe mode. Healthy pipelines reported count is 0, required healthy pipeline reported count is 1
2023-01-03 10:06:19,669 [1e90a81f-431a-478a-9b2e-dbda4ffaca44@group-4930332E8D38-LeaderElection4] INFO  server.RaftServer$Division (ServerState.java:setRaftConf(430)) - 1e90a81f-431a-478a-9b2e-dbda4ffaca44@group-4930332E8D38: set configuration 0: peers:[1e90a81f-431a-478a-9b2e-dbda4ffaca44|rpc:10.1.0.13:44185|dataStream:10.1.0.13:44723|priority:1|startupRole:FOLLOWER]|listeners:[], old=null
2023-01-03 10:06:19,674 [1e90a81f-431a-478a-9b2e-dbda4ffaca44@group-4930332E8D38-SegmentedRaftLogWorker] INFO  segmented.SegmentedRaftLogWorker (SegmentedRaftLogWorker.java:execute(656)) - 1e90a81f-431a-478a-9b2e-dbda4ffaca44@group-4930332E8D38-SegmentedRaftLogWorker: created new log segment /home/runner/work/ozone/ozone/hadoop-ozone/integration-test/target/test-dir/MiniOzoneClusterImpl-70d28db6-796b-4d31-8f04-926db9b5570a/datanode-1/data/ratis/0cfe0456-36d8-4b5b-993a-4930332e8d38/current/log_inprogress_0
2023-01-03 10:06:19,911 [EventQueue-CommandQueueReportForCommandQueueReportHandler] WARN  events.EventQueue (EventQueue.java:fireEvent(216)) - No event handler registered for event TypedEvent{payloadType=DatanodeDetails, name='Datanode_Command_Queue_Updated'}
2023-01-03 10:06:19,953 [f16244a9-e060-48f3-8727-dfe3ed85a294@group-837E6CCCAA62-FollowerState] INFO  impl.FollowerState (FollowerState.java:run(143)) - f16244a9-e060-48f3-8727-dfe3ed85a294@group-837E6CCCAA62-FollowerState: change to CANDIDATE, lastRpcElapsedTime:5083124054ns, electionTimeout:5071ms
2023-01-03 10:06:19,953 [f16244a9-e060-48f3-8727-dfe3ed85a294@group-837E6CCCAA62-FollowerState] INFO  impl.RoleInfo (RoleInfo.java:shutdownFollowerState(110)) - f16244a9-e060-48f3-8727-dfe3ed85a294: shutdown f16244a9-e060-48f3-8727-dfe3ed85a294@group-837E6CCCAA62-FollowerState
2023-01-03 10:06:19,953 [f16244a9-e060-48f3-8727-dfe3ed85a294@group-837E6CCCAA62-FollowerState] INFO  server.RaftServer$Division (RaftServerImpl.java:setRole(321)) - f16244a9-e060-48f3-8727-dfe3ed85a294@group-837E6CCCAA62: changes role from  FOLLOWER to CANDIDATE at term 0 for changeToCandidate
2023-01-03 10:06:19,954 [f16244a9-e060-48f3-8727-dfe3ed85a294@group-837E6CCCAA62-FollowerState] INFO  server.RaftServerConfigKeys (ConfUtils.java:logGet(46)) - raft.server.leaderelection.pre-vote = false (custom)
2023-01-03 10:06:19,954 [f16244a9-e060-48f3-8727-dfe3ed85a294@group-837E6CCCAA62-FollowerState] INFO  impl.RoleInfo (RoleInfo.java:updateAndGet(139)) - f16244a9-e060-48f3-8727-dfe3ed85a294: start f16244a9-e060-48f3-8727-dfe3ed85a294@group-837E6CCCAA62-LeaderElection5
2023-01-03 10:06:19,957 [f16244a9-e060-48f3-8727-dfe3ed85a294@group-837E6CCCAA62-LeaderElection5] INFO  impl.LeaderElection (LeaderElection.java:askForVotes(312)) - f16244a9-e060-48f3-8727-dfe3ed85a294@group-837E6CCCAA62-LeaderElection5 ELECTION round 0: submit vote requests at term 1 for -1: peers:[f16244a9-e060-48f3-8727-dfe3ed85a294|rpc:10.1.0.13:45615|dataStream:10.1.0.13:38733|priority:1|startupRole:FOLLOWER]|listeners:[], old=null
2023-01-03 10:06:19,957 [f16244a9-e060-48f3-8727-dfe3ed85a294@group-837E6CCCAA62-LeaderElection5] INFO  impl.LeaderElection (LeaderElection.java:askForVotes(314)) - f16244a9-e060-48f3-8727-dfe3ed85a294@group-837E6CCCAA62-LeaderElection5 ELECTION round 0: result PASSED (term=1)
2023-01-03 10:06:19,957 [f16244a9-e060-48f3-8727-dfe3ed85a294@group-837E6CCCAA62-LeaderElection5] INFO  impl.RoleInfo (RoleInfo.java:shutdownLeaderElection(130)) - f16244a9-e060-48f3-8727-dfe3ed85a294: shutdown f16244a9-e060-48f3-8727-dfe3ed85a294@group-837E6CCCAA62-LeaderElection5
2023-01-03 10:06:19,957 [f16244a9-e060-48f3-8727-dfe3ed85a294@group-837E6CCCAA62-LeaderElection5] INFO  server.RaftServer$Division (RaftServerImpl.java:setRole(321)) - f16244a9-e060-48f3-8727-dfe3ed85a294@group-837E6CCCAA62: changes role from CANDIDATE to LEADER at term 1 for changeToLeader
2023-01-03 10:06:19,957 [f16244a9-e060-48f3-8727-dfe3ed85a294@group-837E6CCCAA62-LeaderElection5] INFO  ratis.XceiverServerRatis (XceiverServerRatis.java:handleLeaderChangedNotification(904)) - Leader change notification received for group: group-837E6CCCAA62 with new leaderId: f16244a9-e060-48f3-8727-dfe3ed85a294
2023-01-03 10:06:19,957 [f16244a9-e060-48f3-8727-dfe3ed85a294@group-837E6CCCAA62-LeaderElection5] INFO  server.RaftServer$Division (ServerState.java:setLeader(313)) - f16244a9-e060-48f3-8727-dfe3ed85a294@group-837E6CCCAA62: change Leader from null to f16244a9-e060-48f3-8727-dfe3ed85a294 at term 1 for becomeLeader, leader elected after 5124ms
2023-01-03 10:06:19,957 [f16244a9-e060-48f3-8727-dfe3ed85a294@group-837E6CCCAA62-LeaderElection5] INFO  server.RaftServerConfigKeys (ConfUtils.java:logGet(46)) - raft.server.staging.catchup.gap = 1000 (default)
2023-01-03 10:06:19,963 [EventQueue-CommandQueueReportForCommandQueueReportHandler] WARN  events.EventQueue (EventQueue.java:fireEvent(216)) - No event handler registered for event TypedEvent{payloadType=DatanodeDetails, name='Datanode_Command_Queue_Updated'}
2023-01-03 10:06:19,963 [f16244a9-e060-48f3-8727-dfe3ed85a294@group-837E6CCCAA62-LeaderElection5] INFO  server.RaftServerConfigKeys (ConfUtils.java:logGet(46)) - raft.server.write.element-limit = 1024 (custom)
2023-01-03 10:06:19,963 [EventQueue-OpenPipelineForHealthyPipelineSafeModeRule] INFO  safemode.SCMSafeModeManager (HealthyPipelineSafeModeRule.java:process(137)) - SCM in safe mode. Healthy pipelines reported count is 0, required healthy pipeline reported count is 1
2023-01-03 10:06:19,963 [f16244a9-e060-48f3-8727-dfe3ed85a294@group-837E6CCCAA62-LeaderElection5] INFO  server.RaftServerConfigKeys (ConfUtils.java:logGet(46)) - raft.server.write.byte-limit = 1024 M (=1073741824) (custom)
2023-01-03 10:06:19,964 [f16244a9-e060-48f3-8727-dfe3ed85a294@group-837E6CCCAA62-LeaderElection5] INFO  server.RaftServerConfigKeys (ConfUtils.java:logGet(46)) - raft.server.watch.timeout = 180s (custom)
2023-01-03 10:06:19,964 [f16244a9-e060-48f3-8727-dfe3ed85a294@group-837E6CCCAA62-LeaderElection5] INFO  server.RaftServerConfigKeys (ConfUtils.java:logGet(46)) - raft.server.watch.timeout.denomination = 1s (default)
2023-01-03 10:06:19,964 [f16244a9-e060-48f3-8727-dfe3ed85a294@group-837E6CCCAA62-LeaderElection5] INFO  server.RaftServerConfigKeys (ConfUtils.java:logGet(46)) - raft.server.watch.element-limit = 65536 (default)
2023-01-03 10:06:19,964 [f16244a9-e060-48f3-8727-dfe3ed85a294@group-837E6CCCAA62-LeaderElection5] INFO  server.RaftServerConfigKeys (ConfUtils.java:logGet(46)) - raft.server.write.element-limit = 1024 (custom)
2023-01-03 10:06:19,964 [f16244a9-e060-48f3-8727-dfe3ed85a294@group-837E6CCCAA62-LeaderElection5] INFO  server.RaftServerConfigKeys (ConfUtils.java:logGet(46)) - raft.server.write.follower.gap.ratio.max = -1.0 (default)
2023-01-03 10:06:19,964 [f16244a9-e060-48f3-8727-dfe3ed85a294@group-837E6CCCAA62-LeaderElection5] INFO  impl.RoleInfo (RoleInfo.java:updateAndGet(139)) - f16244a9-e060-48f3-8727-dfe3ed85a294: start f16244a9-e060-48f3-8727-dfe3ed85a294@group-837E6CCCAA62-LeaderStateImpl
2023-01-03 10:06:19,964 [f16244a9-e060-48f3-8727-dfe3ed85a294@group-837E6CCCAA62-LeaderElection5] INFO  segmented.SegmentedRaftLogWorker (SegmentedRaftLogWorker.java:startLogSegment(452)) - f16244a9-e060-48f3-8727-dfe3ed85a294@group-837E6CCCAA62-SegmentedRaftLogWorker: Starting segment from index:0
2023-01-03 10:06:19,966 [f16244a9-e060-48f3-8727-dfe3ed85a294@group-837E6CCCAA62-SegmentedRaftLogWorker] INFO  segmented.SegmentedRaftLogWorker (SegmentedRaftLogWorker.java:execute(656)) - f16244a9-e060-48f3-8727-dfe3ed85a294@group-837E6CCCAA62-SegmentedRaftLogWorker: created new log segment /home/runner/work/ozone/ozone/hadoop-ozone/integration-test/target/test-dir/MiniOzoneClusterImpl-70d28db6-796b-4d31-8f04-926db9b5570a/datanode-2/data/ratis/89c5b1ff-fd4a-40dc-8c9b-837e6cccaa62/current/log_inprogress_0
2023-01-03 10:06:19,968 [e60c2466-e581-4a2a-a391-12b730c6e057@group-E0C05578D4FA-FollowerState] INFO  impl.FollowerState (FollowerState.java:run(143)) - e60c2466-e581-4a2a-a391-12b730c6e057@group-E0C05578D4FA-FollowerState: change to CANDIDATE, lastRpcElapsedTime:5076762633ns, electionTimeout:5076ms
2023-01-03 10:06:19,969 [e60c2466-e581-4a2a-a391-12b730c6e057@group-E0C05578D4FA-FollowerState] INFO  impl.RoleInfo (RoleInfo.java:shutdownFollowerState(110)) - e60c2466-e581-4a2a-a391-12b730c6e057: shutdown e60c2466-e581-4a2a-a391-12b730c6e057@group-E0C05578D4FA-FollowerState
2023-01-03 10:06:19,969 [e60c2466-e581-4a2a-a391-12b730c6e057@group-E0C05578D4FA-FollowerState] INFO  server.RaftServer$Division (RaftServerImpl.java:setRole(321)) - e60c2466-e581-4a2a-a391-12b730c6e057@group-E0C05578D4FA: changes role from  FOLLOWER to CANDIDATE at term 0 for changeToCandidate
2023-01-03 10:06:19,969 [e60c2466-e581-4a2a-a391-12b730c6e057@group-E0C05578D4FA-FollowerState] INFO  server.RaftServerConfigKeys (ConfUtils.java:logGet(46)) - raft.server.leaderelection.pre-vote = false (custom)
2023-01-03 10:06:19,969 [e60c2466-e581-4a2a-a391-12b730c6e057@group-E0C05578D4FA-FollowerState] INFO  impl.RoleInfo (RoleInfo.java:updateAndGet(139)) - e60c2466-e581-4a2a-a391-12b730c6e057: start e60c2466-e581-4a2a-a391-12b730c6e057@group-E0C05578D4FA-LeaderElection6
2023-01-03 10:06:19,969 [f16244a9-e060-48f3-8727-dfe3ed85a294@group-837E6CCCAA62-LeaderElection5] INFO  server.RaftServer$Division (ServerState.java:setRaftConf(430)) - f16244a9-e060-48f3-8727-dfe3ed85a294@group-837E6CCCAA62: set configuration 0: peers:[f16244a9-e060-48f3-8727-dfe3ed85a294|rpc:10.1.0.13:45615|dataStream:10.1.0.13:38733|priority:1|startupRole:FOLLOWER]|listeners:[], old=null
2023-01-03 10:06:19,977 [e60c2466-e581-4a2a-a391-12b730c6e057@group-E0C05578D4FA-LeaderElection6] INFO  impl.LeaderElection (LeaderElection.java:askForVotes(312)) - e60c2466-e581-4a2a-a391-12b730c6e057@group-E0C05578D4FA-LeaderElection6 ELECTION round 0: submit vote requests at term 1 for -1: peers:[e60c2466-e581-4a2a-a391-12b730c6e057|rpc:10.1.0.13:43713|dataStream:10.1.0.13:34563|priority:1|startupRole:FOLLOWER, 1e90a81f-431a-478a-9b2e-dbda4ffaca44|rpc:10.1.0.13:44185|dataStream:10.1.0.13:44723|priority:0|startupRole:FOLLOWER, f16244a9-e060-48f3-8727-dfe3ed85a294|rpc:10.1.0.13:45615|dataStream:10.1.0.13:38733|priority:0|startupRole:FOLLOWER]|listeners:[], old=null
2023-01-03 10:06:19,981 [f16244a9-e060-48f3-8727-dfe3ed85a294@group-E0C05578D4FA-FollowerState] INFO  impl.FollowerState (FollowerState.java:run(143)) - f16244a9-e060-48f3-8727-dfe3ed85a294@group-E0C05578D4FA-FollowerState: change to CANDIDATE, lastRpcElapsedTime:5030205189ns, electionTimeout:5023ms
2023-01-03 10:06:19,981 [f16244a9-e060-48f3-8727-dfe3ed85a294@group-E0C05578D4FA-FollowerState] INFO  impl.RoleInfo (RoleInfo.java:shutdownFollowerState(110)) - f16244a9-e060-48f3-8727-dfe3ed85a294: shutdown f16244a9-e060-48f3-8727-dfe3ed85a294@group-E0C05578D4FA-FollowerState
2023-01-03 10:06:19,981 [f16244a9-e060-48f3-8727-dfe3ed85a294@group-E0C05578D4FA-FollowerState] INFO  server.RaftServer$Division (RaftServerImpl.java:setRole(321)) - f16244a9-e060-48f3-8727-dfe3ed85a294@group-E0C05578D4FA: changes role from  FOLLOWER to CANDIDATE at term 0 for changeToCandidate
2023-01-03 10:06:19,986 [f16244a9-e060-48f3-8727-dfe3ed85a294@group-E0C05578D4FA-FollowerState] INFO  server.RaftServerConfigKeys (ConfUtils.java:logGet(46)) - raft.server.leaderelection.pre-vote = false (custom)
2023-01-03 10:06:19,986 [f16244a9-e060-48f3-8727-dfe3ed85a294@group-E0C05578D4FA-FollowerState] INFO  impl.RoleInfo (RoleInfo.java:updateAndGet(139)) - f16244a9-e060-48f3-8727-dfe3ed85a294: start f16244a9-e060-48f3-8727-dfe3ed85a294@group-E0C05578D4FA-LeaderElection7
2023-01-03 10:06:19,986 [grpc-default-executor-1] INFO  server.RaftServer$Division (RaftServerImpl.java:requestVote(1218)) - 1e90a81f-431a-478a-9b2e-dbda4ffaca44@group-E0C05578D4FA: receive requestVote(ELECTION, e60c2466-e581-4a2a-a391-12b730c6e057, group-E0C05578D4FA, 1, (t:0, i:0))
2023-01-03 10:06:19,993 [grpc-default-executor-1] INFO  impl.VoteContext (VoteContext.java:log(49)) - 1e90a81f-431a-478a-9b2e-dbda4ffaca44@group-E0C05578D4FA-FOLLOWER: accept ELECTION from e60c2466-e581-4a2a-a391-12b730c6e057: our priority 0 <= candidate's priority 1
2023-01-03 10:06:19,993 [grpc-default-executor-1] INFO  server.RaftServer$Division (RaftServerImpl.java:setRole(321)) - 1e90a81f-431a-478a-9b2e-dbda4ffaca44@group-E0C05578D4FA: changes role from  FOLLOWER to FOLLOWER at term 1 for candidate:e60c2466-e581-4a2a-a391-12b730c6e057
2023-01-03 10:06:19,993 [grpc-default-executor-1] INFO  impl.RoleInfo (RoleInfo.java:shutdownFollowerState(110)) - 1e90a81f-431a-478a-9b2e-dbda4ffaca44: shutdown 1e90a81f-431a-478a-9b2e-dbda4ffaca44@group-E0C05578D4FA-FollowerState
2023-01-03 10:06:19,993 [grpc-default-executor-1] INFO  impl.RoleInfo (RoleInfo.java:updateAndGet(139)) - 1e90a81f-431a-478a-9b2e-dbda4ffaca44: start 1e90a81f-431a-478a-9b2e-dbda4ffaca44@group-E0C05578D4FA-FollowerState
2023-01-03 10:06:19,994 [1e90a81f-431a-478a-9b2e-dbda4ffaca44@group-E0C05578D4FA-FollowerState] INFO  impl.FollowerState (FollowerState.java:run(152)) - 1e90a81f-431a-478a-9b2e-dbda4ffaca44@group-E0C05578D4FA-FollowerState was interrupted
2023-01-03 10:06:19,993 [e60c2466-e581-4a2a-a391-12b730c6e057@group-E0C05578D4FA-LeaderElection6] INFO  server.RaftServerConfigKeys (ConfUtils.java:logFallback(53)) - raft.server.rpc.first-election.timeout.min = 5s (fallback to raft.server.rpc.timeout.min)
2023-01-03 10:06:19,994 [e60c2466-e581-4a2a-a391-12b730c6e057@group-E0C05578D4FA-LeaderElection6] INFO  server.RaftServerConfigKeys (ConfUtils.java:logFallback(53)) - raft.server.rpc.first-election.timeout.max = 5200ms (fallback to raft.server.rpc.timeout.max)
2023-01-03 10:06:19,996 [grpc-default-executor-1] INFO  server.RaftServer$Division (RaftServerImpl.java:requestVote(1251)) - 1e90a81f-431a-478a-9b2e-dbda4ffaca44@group-E0C05578D4FA replies to ELECTION vote request: e60c2466-e581-4a2a-a391-12b730c6e057<-1e90a81f-431a-478a-9b2e-dbda4ffaca44#0:OK-t1. Peer's state: 1e90a81f-431a-478a-9b2e-dbda4ffaca44@group-E0C05578D4FA:t1, leader=null, voted=e60c2466-e581-4a2a-a391-12b730c6e057, raftlog=Memoized:1e90a81f-431a-478a-9b2e-dbda4ffaca44@group-E0C05578D4FA-SegmentedRaftLog:OPENED:c-1, conf=-1: peers:[e60c2466-e581-4a2a-a391-12b730c6e057|rpc:10.1.0.13:43713|dataStream:10.1.0.13:34563|priority:1|startupRole:FOLLOWER, 1e90a81f-431a-478a-9b2e-dbda4ffaca44|rpc:10.1.0.13:44185|dataStream:10.1.0.13:44723|priority:0|startupRole:FOLLOWER, f16244a9-e060-48f3-8727-dfe3ed85a294|rpc:10.1.0.13:45615|dataStream:10.1.0.13:38733|priority:0|startupRole:FOLLOWER]|listeners:[], old=null
2023-01-03 10:06:19,998 [e60c2466-e581-4a2a-a391-12b730c6e057@group-E0C05578D4FA-LeaderElection6] INFO  impl.LeaderElection (LeaderElection.java:logAndReturn(90)) - e60c2466-e581-4a2a-a391-12b730c6e057@group-E0C05578D4FA-LeaderElection6: ELECTION PASSED received 1 response(s) and 0 exception(s):
2023-01-03 10:06:19,998 [e60c2466-e581-4a2a-a391-12b730c6e057@group-E0C05578D4FA-LeaderElection6] INFO  impl.LeaderElection (LeaderElection.java:logAndReturn(94)) -   Response 0: e60c2466-e581-4a2a-a391-12b730c6e057<-1e90a81f-431a-478a-9b2e-dbda4ffaca44#0:OK-t1
2023-01-03 10:06:19,998 [e60c2466-e581-4a2a-a391-12b730c6e057@group-E0C05578D4FA-LeaderElection6] INFO  impl.LeaderElection (LeaderElection.java:askForVotes(314)) - e60c2466-e581-4a2a-a391-12b730c6e057@group-E0C05578D4FA-LeaderElection6 ELECTION round 0: result PASSED
2023-01-03 10:06:19,998 [e60c2466-e581-4a2a-a391-12b730c6e057@group-E0C05578D4FA-LeaderElection6] INFO  impl.RoleInfo (RoleInfo.java:shutdownLeaderElection(130)) - e60c2466-e581-4a2a-a391-12b730c6e057: shutdown e60c2466-e581-4a2a-a391-12b730c6e057@group-E0C05578D4FA-LeaderElection6
2023-01-03 10:06:19,998 [e60c2466-e581-4a2a-a391-12b730c6e057@group-E0C05578D4FA-LeaderElection6] INFO  server.RaftServer$Division (RaftServerImpl.java:setRole(321)) - e60c2466-e581-4a2a-a391-12b730c6e057@group-E0C05578D4FA: changes role from CANDIDATE to LEADER at term 1 for changeToLeader
2023-01-03 10:06:19,998 [e60c2466-e581-4a2a-a391-12b730c6e057@group-E0C05578D4FA-LeaderElection6] INFO  ratis.XceiverServerRatis (XceiverServerRatis.java:handleLeaderChangedNotification(904)) - Leader change notification received for group: group-E0C05578D4FA with new leaderId: e60c2466-e581-4a2a-a391-12b730c6e057
2023-01-03 10:06:19,998 [e60c2466-e581-4a2a-a391-12b730c6e057@group-E0C05578D4FA-LeaderElection6] INFO  server.RaftServer$Division (ServerState.java:setLeader(313)) - e60c2466-e581-4a2a-a391-12b730c6e057@group-E0C05578D4FA: change Leader from null to e60c2466-e581-4a2a-a391-12b730c6e057 at term 1 for becomeLeader, leader elected after 5143ms
2023-01-03 10:06:19,998 [e60c2466-e581-4a2a-a391-12b730c6e057@group-E0C05578D4FA-LeaderElection6] INFO  server.RaftServerConfigKeys (ConfUtils.java:logGet(46)) - raft.server.staging.catchup.gap = 1000 (default)
2023-01-03 10:06:19,999 [e60c2466-e581-4a2a-a391-12b730c6e057@group-E0C05578D4FA-LeaderElection6] INFO  server.RaftServerConfigKeys (ConfUtils.java:logGet(46)) - raft.server.write.element-limit = 1024 (custom)
2023-01-03 10:06:19,999 [e60c2466-e581-4a2a-a391-12b730c6e057@group-E0C05578D4FA-LeaderElection6] INFO  server.RaftServerConfigKeys (ConfUtils.java:logGet(46)) - raft.server.write.byte-limit = 1024 M (=1073741824) (custom)
2023-01-03 10:06:20,000 [EventQueue-CommandQueueReportForCommandQueueReportHandler] WARN  events.EventQueue (EventQueue.java:fireEvent(216)) - No event handler registered for event TypedEvent{payloadType=DatanodeDetails, name='Datanode_Command_Queue_Updated'}
2023-01-03 10:06:20,001 [EventQueue-PipelineReportForPipelineReportHandler] INFO  pipeline.PipelineManagerImpl (PipelineManagerImpl.java:openPipeline(367)) - Pipeline Pipeline[ Id: e77512d2-e62e-4623-9b52-e0c05578d4fa, Nodes: 1e90a81f-431a-478a-9b2e-dbda4ffaca44{ip: 10.1.0.13, host: fv-az292-374.tqgtyn10aqxuxoi0mkfbldi5vh.jx.internal.cloudapp.net, ports: [REPLICATION=36629, RATIS=44185, RATIS_ADMIN=44185, RATIS_SERVER=44185, RATIS_DATASTREAM=44723, STANDALONE=41267], networkLocation: /default-rack, certSerialId: null, persistedOpState: IN_SERVICE, persistedOpStateExpiryEpochSec: 0}e60c2466-e581-4a2a-a391-12b730c6e057{ip: 10.1.0.13, host: fv-az292-374.tqgtyn10aqxuxoi0mkfbldi5vh.jx.internal.cloudapp.net, ports: [REPLICATION=43413, RATIS=43713, RATIS_ADMIN=43713, RATIS_SERVER=43713, RATIS_DATASTREAM=34563, STANDALONE=44941], networkLocation: /default-rack, certSerialId: null, persistedOpState: IN_SERVICE, persistedOpStateExpiryEpochSec: 0}f16244a9-e060-48f3-8727-dfe3ed85a294{ip: 10.1.0.13, host: fv-az292-374.tqgtyn10aqxuxoi0mkfbldi5vh.jx.internal.cloudapp.net, ports: [REPLICATION=42295, RATIS=45615, RATIS_ADMIN=45615, RATIS_SERVER=45615, RATIS_DATASTREAM=38733, STANDALONE=41669], networkLocation: /default-rack, certSerialId: null, persistedOpState: IN_SERVICE, persistedOpStateExpiryEpochSec: 0}, ReplicationConfig: RATIS/THREE, State:ALLOCATED, leaderId:e60c2466-e581-4a2a-a391-12b730c6e057, CreationTimestamp2023-01-03T10:06:11.841Z[Etc/UTC]] moved to OPEN state
2023-01-03 10:06:20,000 [EventQueue-OpenPipelineForHealthyPipelineSafeModeRule] INFO  safemode.SCMSafeModeManager (HealthyPipelineSafeModeRule.java:process(137)) - SCM in safe mode. Healthy pipelines reported count is 0, required healthy pipeline reported count is 1
2023-01-03 10:06:20,002 [e60c2466-e581-4a2a-a391-12b730c6e057@group-E0C05578D4FA-LeaderElection6] INFO  server.RaftServerConfigKeys (ConfUtils.java:logGet(46)) - raft.server.watch.timeout = 180s (custom)
2023-01-03 10:06:20,010 [e60c2466-e581-4a2a-a391-12b730c6e057@group-E0C05578D4FA-LeaderElection6] INFO  server.RaftServerConfigKeys (ConfUtils.java:logGet(46)) - raft.server.watch.timeout.denomination = 1s (default)
2023-01-03 10:06:20,010 [grpc-default-executor-1] INFO  server.RaftServer$Division (RaftServerImpl.java:requestVote(1218)) - f16244a9-e060-48f3-8727-dfe3ed85a294@group-E0C05578D4FA: receive requestVote(ELECTION, e60c2466-e581-4a2a-a391-12b730c6e057, group-E0C05578D4FA, 1, (t:0, i:0))
2023-01-03 10:06:20,001 [1e90a81f-431a-478a-9b2e-dbda4ffaca44@group-E0C05578D4FA-FollowerState] INFO  server.RaftServerConfigKeys (ConfUtils.java:logFallback(53)) - raft.server.rpc.first-election.timeout.min = 5s (fallback to raft.server.rpc.timeout.min)
2023-01-03 10:06:20,010 [e60c2466-e581-4a2a-a391-12b730c6e057@group-E0C05578D4FA-LeaderElection6] INFO  server.RaftServerConfigKeys (ConfUtils.java:logGet(46)) - raft.server.watch.element-limit = 65536 (default)
2023-01-03 10:06:20,010 [1e90a81f-431a-478a-9b2e-dbda4ffaca44@group-E0C05578D4FA-FollowerState] INFO  server.RaftServerConfigKeys (ConfUtils.java:logFallback(53)) - raft.server.rpc.first-election.timeout.max = 5200ms (fallback to raft.server.rpc.timeout.max)
2023-01-03 10:06:20,003 [EventQueue-OpenPipelineForHealthyPipelineSafeModeRule] INFO  safemode.SCMSafeModeManager (HealthyPipelineSafeModeRule.java:process(137)) - SCM in safe mode. Healthy pipelines reported count is 1, required healthy pipeline reported count is 1
2023-01-03 10:06:20,010 [e60c2466-e581-4a2a-a391-12b730c6e057@group-E0C05578D4FA-LeaderElection6] INFO  server.RaftServerConfigKeys (ConfUtils.java:logGet(46)) - raft.server.write.element-limit = 1024 (custom)
2023-01-03 10:06:20,010 [EventQueue-OpenPipelineForHealthyPipelineSafeModeRule] INFO  safemode.SCMSafeModeManager (SCMSafeModeManager.java:validateSafeModeExitRules(200)) - HealthyPipelineSafeModeRule rule is successfully validated
2023-01-03 10:06:20,010 [e60c2466-e581-4a2a-a391-12b730c6e057@group-E0C05578D4FA-LeaderElection6] INFO  server.RaftServerConfigKeys (ConfUtils.java:logGet(46)) - raft.server.write.follower.gap.ratio.max = -1.0 (default)
2023-01-03 10:06:20,010 [EventQueue-OpenPipelineForHealthyPipelineSafeModeRule] INFO  safemode.SCMSafeModeManager (SCMSafeModeManager.java:validateSafeModeExitRules(215)) - ScmSafeModeManager, all rules are successfully validated
2023-01-03 10:06:20,010 [EventQueue-OpenPipelineForHealthyPipelineSafeModeRule] INFO  safemode.SCMSafeModeManager (SCMSafeModeManager.java:exitSafeMode(244)) - SCM exiting safe mode.
2023-01-03 10:06:20,010 [EventQueue-OpenPipelineForHealthyPipelineSafeModeRule] INFO  ha.SCMContext (SCMContext.java:updateSafeModeStatus(228)) - Update SafeModeStatus from SafeModeStatus{safeModeStatus=true, preCheckPassed=true} to SafeModeStatus{safeModeStatus=false, preCheckPassed=true}.
2023-01-03 10:06:20,010 [EventQueue-OpenPipelineForHealthyPipelineSafeModeRule] INFO  pipeline.BackgroundPipelineCreator (BackgroundPipelineCreator.java:notifyStatusChanged(254)) - Service BackgroundPipelineCreator transitions to RUNNING.
2023-01-03 10:06:20,011 [EventQueue-OpenPipelineForHealthyPipelineSafeModeRule] INFO  BackgroundPipelineScrubber (BackgroundSCMService.java:notifyStatusChanged(82)) - Service BackgroundPipelineScrubber transitions to RUNNING.
2023-01-03 10:06:20,011 [EventQueue-OpenPipelineForHealthyPipelineSafeModeRule] INFO  ExpiredContainerReplicaOpScrubber (BackgroundSCMService.java:notifyStatusChanged(82)) - Service ExpiredContainerReplicaOpScrubber transitions to RUNNING.
2023-01-03 10:06:20,011 [EventQueue-OpenPipelineForHealthyPipelineSafeModeRule] INFO  replication.ReplicationManager (ReplicationManager.java:notifyStatusChanged(918)) - Service ReplicationManager transitions to RUNNING.
2023-01-03 10:06:20,011 [f16244a9-e060-48f3-8727-dfe3ed85a294@group-E0C05578D4FA-LeaderElection7] INFO  impl.LeaderElection (LeaderElection.java:askForVotes(312)) - f16244a9-e060-48f3-8727-dfe3ed85a294@group-E0C05578D4FA-LeaderElection7 ELECTION round 0: submit vote requests at term 1 for -1: peers:[e60c2466-e581-4a2a-a391-12b730c6e057|rpc:10.1.0.13:43713|dataStream:10.1.0.13:34563|priority:1|startupRole:FOLLOWER, 1e90a81f-431a-478a-9b2e-dbda4ffaca44|rpc:10.1.0.13:44185|dataStream:10.1.0.13:44723|priority:0|startupRole:FOLLOWER, f16244a9-e060-48f3-8727-dfe3ed85a294|rpc:10.1.0.13:45615|dataStream:10.1.0.13:38733|priority:0|startupRole:FOLLOWER]|listeners:[], old=null
2023-01-03 10:06:20,011 [grpc-default-executor-1] INFO  impl.VoteContext (VoteContext.java:log(49)) - f16244a9-e060-48f3-8727-dfe3ed85a294@group-E0C05578D4FA-CANDIDATE: reject ELECTION from e60c2466-e581-4a2a-a391-12b730c6e057: already has voted for f16244a9-e060-48f3-8727-dfe3ed85a294 at current term 1
2023-01-03 10:06:20,011 [grpc-default-executor-1] INFO  server.RaftServer$Division (RaftServerImpl.java:requestVote(1251)) - f16244a9-e060-48f3-8727-dfe3ed85a294@group-E0C05578D4FA replies to ELECTION vote request: e60c2466-e581-4a2a-a391-12b730c6e057<-f16244a9-e060-48f3-8727-dfe3ed85a294#0:FAIL-t1. Peer's state: f16244a9-e060-48f3-8727-dfe3ed85a294@group-E0C05578D4FA:t1, leader=null, voted=f16244a9-e060-48f3-8727-dfe3ed85a294, raftlog=Memoized:f16244a9-e060-48f3-8727-dfe3ed85a294@group-E0C05578D4FA-SegmentedRaftLog:OPENED:c-1, conf=-1: peers:[e60c2466-e581-4a2a-a391-12b730c6e057|rpc:10.1.0.13:43713|dataStream:10.1.0.13:34563|priority:1|startupRole:FOLLOWER, 1e90a81f-431a-478a-9b2e-dbda4ffaca44|rpc:10.1.0.13:44185|dataStream:10.1.0.13:44723|priority:0|startupRole:FOLLOWER, f16244a9-e060-48f3-8727-dfe3ed85a294|rpc:10.1.0.13:45615|dataStream:10.1.0.13:38733|priority:0|startupRole:FOLLOWER]|listeners:[], old=null
2023-01-03 10:06:20,016 [f16244a9-e060-48f3-8727-dfe3ed85a294@group-E0C05578D4FA-LeaderElection7-1] INFO  server.GrpcServerProtocolClient (GrpcServerProtocolClient.java:<init>(63)) - Build channel for e60c2466-e581-4a2a-a391-12b730c6e057
2023-01-03 10:06:20,016 [EventQueue-OpenPipelineForHealthyPipelineSafeModeRule] WARN  balancer.ContainerBalancer (ContainerBalancer.java:shouldRun(131)) - Could not find persisted configuration for ContainerBalancer when checking if ContainerBalancer should run. ContainerBalancer should not run now.
2023-01-03 10:06:20,016 [f16244a9-e060-48f3-8727-dfe3ed85a294@group-E0C05578D4FA-LeaderElection7] INFO  server.RaftServerConfigKeys (ConfUtils.java:logFallback(53)) - raft.server.rpc.first-election.timeout.min = 5s (fallback to raft.server.rpc.timeout.min)
2023-01-03 10:06:20,033 [f16244a9-e060-48f3-8727-dfe3ed85a294@group-E0C05578D4FA-LeaderElection7] INFO  server.RaftServerConfigKeys (ConfUtils.java:logFallback(53)) - raft.server.rpc.first-election.timeout.max = 5200ms (fallback to raft.server.rpc.timeout.max)
2023-01-03 10:06:20,036 [f16244a9-e060-48f3-8727-dfe3ed85a294@group-E0C05578D4FA-LeaderElection7-2] INFO  server.GrpcServerProtocolClient (GrpcServerProtocolClient.java:<init>(63)) - Build channel for 1e90a81f-431a-478a-9b2e-dbda4ffaca44
2023-01-03 10:06:20,038 [e60c2466-e581-4a2a-a391-12b730c6e057@group-E0C05578D4FA-LeaderElection6] INFO  server.RaftServerConfigKeys (ConfUtils.java:logGet(46)) - raft.server.log.appender.snapshot.chunk.size.max = 16MB (=16777216) (default)
2023-01-03 10:06:20,038 [e60c2466-e581-4a2a-a391-12b730c6e057@group-E0C05578D4FA-LeaderElection6] INFO  server.RaftServerConfigKeys (ConfUtils.java:logGet(46)) - raft.server.log.appender.buffer.byte-limit = 33554432 (custom)
2023-01-03 10:06:20,039 [e60c2466-e581-4a2a-a391-12b730c6e057@group-E0C05578D4FA-LeaderElection6] INFO  server.RaftServerConfigKeys (ConfUtils.java:logGet(46)) - raft.server.log.appender.buffer.element-limit = 1 (custom)
2023-01-03 10:06:20,050 [e60c2466-e581-4a2a-a391-12b730c6e057@group-E0C05578D4FA-LeaderElection6] INFO  grpc.GrpcConfigKeys (ConfUtils.java:logGet(46)) - raft.grpc.server.leader.outstanding.appends.max = 128 (default)
2023-01-03 10:06:20,050 [e60c2466-e581-4a2a-a391-12b730c6e057@group-E0C05578D4FA-LeaderElection6] INFO  server.RaftServerConfigKeys (ConfUtils.java:logGet(46)) - raft.server.rpc.request.timeout = 60s (custom)
2023-01-03 10:06:20,050 [e60c2466-e581-4a2a-a391-12b730c6e057@group-E0C05578D4FA-LeaderElection6] INFO  server.RaftServerConfigKeys (ConfUtils.java:logGet(46)) - raft.server.log.appender.install.snapshot.enabled = false (custom)
2023-01-03 10:06:20,050 [e60c2466-e581-4a2a-a391-12b730c6e057@group-E0C05578D4FA-LeaderElection6] INFO  grpc.GrpcConfigKeys (ConfUtils.java:logGet(46)) - raft.grpc.server.heartbeat.channel = true (default)
2023-01-03 10:06:20,050 [e60c2466-e581-4a2a-a391-12b730c6e057@group-E0C05578D4FA-LeaderElection6] INFO  server.RaftServerConfigKeys (ConfUtils.java:logGet(46)) - raft.server.log.appender.wait-time.min = 10ms (default)
2023-01-03 10:06:20,053 [e60c2466-e581-4a2a-a391-12b730c6e057@group-E0C05578D4FA-LeaderElection6] INFO  server.RaftServerConfigKeys (ConfUtils.java:logGet(46)) - raft.server.log.appender.snapshot.chunk.size.max = 16MB (=16777216) (default)
2023-01-03 10:06:20,053 [e60c2466-e581-4a2a-a391-12b730c6e057@group-E0C05578D4FA-LeaderElection6] INFO  server.RaftServerConfigKeys (ConfUtils.java:logGet(46)) - raft.server.log.appender.buffer.byte-limit = 33554432 (custom)
2023-01-03 10:06:20,053 [e60c2466-e581-4a2a-a391-12b730c6e057@group-E0C05578D4FA-LeaderElection6] INFO  server.RaftServerConfigKeys (ConfUtils.java:logGet(46)) - raft.server.log.appender.buffer.element-limit = 1 (custom)
2023-01-03 10:06:20,053 [e60c2466-e581-4a2a-a391-12b730c6e057@group-E0C05578D4FA-LeaderElection6] INFO  grpc.GrpcConfigKeys (ConfUtils.java:logGet(46)) - raft.grpc.server.leader.outstanding.appends.max = 128 (default)
2023-01-03 10:06:20,053 [e60c2466-e581-4a2a-a391-12b730c6e057@group-E0C05578D4FA-LeaderElection6] INFO  server.RaftServerConfigKeys (ConfUtils.java:logGet(46)) - raft.server.rpc.request.timeout = 60s (custom)
2023-01-03 10:06:20,057 [e60c2466-e581-4a2a-a391-12b730c6e057@group-E0C05578D4FA-LeaderElection6] INFO  server.RaftServerConfigKeys (ConfUtils.java:logGet(46)) - raft.server.log.appender.install.snapshot.enabled = false (custom)
2023-01-03 10:06:20,057 [e60c2466-e581-4a2a-a391-12b730c6e057@group-E0C05578D4FA-LeaderElection6] INFO  grpc.GrpcConfigKeys (ConfUtils.java:logGet(46)) - raft.grpc.server.heartbeat.channel = true (default)
2023-01-03 10:06:20,057 [e60c2466-e581-4a2a-a391-12b730c6e057@group-E0C05578D4FA-LeaderElection6] INFO  server.RaftServerConfigKeys (ConfUtils.java:logGet(46)) - raft.server.log.appender.wait-time.min = 10ms (default)
2023-01-03 10:06:20,063 [e60c2466-e581-4a2a-a391-12b730c6e057@group-E0C05578D4FA-LeaderElection6] INFO  impl.RoleInfo (RoleInfo.java:updateAndGet(139)) - e60c2466-e581-4a2a-a391-12b730c6e057: start e60c2466-e581-4a2a-a391-12b730c6e057@group-E0C05578D4FA-LeaderStateImpl
2023-01-03 10:06:20,063 [grpc-default-executor-0] INFO  server.RaftServer$Division (RaftServerImpl.java:requestVote(1218)) - e60c2466-e581-4a2a-a391-12b730c6e057@group-E0C05578D4FA: receive requestVote(ELECTION, f16244a9-e060-48f3-8727-dfe3ed85a294, group-E0C05578D4FA, 1, (t:0, i:0))
2023-01-03 10:06:20,063 [grpc-default-executor-1] INFO  server.RaftServer$Division (RaftServerImpl.java:requestVote(1218)) - 1e90a81f-431a-478a-9b2e-dbda4ffaca44@group-E0C05578D4FA: receive requestVote(ELECTION, f16244a9-e060-48f3-8727-dfe3ed85a294, group-E0C05578D4FA, 1, (t:0, i:0))
2023-01-03 10:06:20,064 [grpc-default-executor-1] INFO  impl.VoteContext (VoteContext.java:log(49)) - 1e90a81f-431a-478a-9b2e-dbda4ffaca44@group-E0C05578D4FA-FOLLOWER: reject ELECTION from f16244a9-e060-48f3-8727-dfe3ed85a294: already has voted for e60c2466-e581-4a2a-a391-12b730c6e057 at current term 1
2023-01-03 10:06:20,064 [grpc-default-executor-1] INFO  server.RaftServer$Division (RaftServerImpl.java:requestVote(1251)) - 1e90a81f-431a-478a-9b2e-dbda4ffaca44@group-E0C05578D4FA replies to ELECTION vote request: f16244a9-e060-48f3-8727-dfe3ed85a294<-1e90a81f-431a-478a-9b2e-dbda4ffaca44#0:FAIL-t1. Peer's state: 1e90a81f-431a-478a-9b2e-dbda4ffaca44@group-E0C05578D4FA:t1, leader=null, voted=e60c2466-e581-4a2a-a391-12b730c6e057, raftlog=Memoized:1e90a81f-431a-478a-9b2e-dbda4ffaca44@group-E0C05578D4FA-SegmentedRaftLog:OPENED:c-1, conf=-1: peers:[e60c2466-e581-4a2a-a391-12b730c6e057|rpc:10.1.0.13:43713|dataStream:10.1.0.13:34563|priority:1|startupRole:FOLLOWER, 1e90a81f-431a-478a-9b2e-dbda4ffaca44|rpc:10.1.0.13:44185|dataStream:10.1.0.13:44723|priority:0|startupRole:FOLLOWER, f16244a9-e060-48f3-8727-dfe3ed85a294|rpc:10.1.0.13:45615|dataStream:10.1.0.13:38733|priority:0|startupRole:FOLLOWER]|listeners:[], old=null
2023-01-03 10:06:20,064 [e60c2466-e581-4a2a-a391-12b730c6e057@group-E0C05578D4FA-LeaderElection6] INFO  segmented.SegmentedRaftLogWorker (SegmentedRaftLogWorker.java:startLogSegment(452)) - e60c2466-e581-4a2a-a391-12b730c6e057@group-E0C05578D4FA-SegmentedRaftLogWorker: Starting segment from index:0
2023-01-03 10:06:20,066 [e60c2466-e581-4a2a-a391-12b730c6e057@group-E0C05578D4FA-SegmentedRaftLogWorker] INFO  segmented.SegmentedRaftLogWorker (SegmentedRaftLogWorker.java:execute(656)) - e60c2466-e581-4a2a-a391-12b730c6e057@group-E0C05578D4FA-SegmentedRaftLogWorker: created new log segment /home/runner/work/ozone/ozone/hadoop-ozone/integration-test/target/test-dir/MiniOzoneClusterImpl-70d28db6-796b-4d31-8f04-926db9b5570a/datanode-0/data/ratis/e77512d2-e62e-4623-9b52-e0c05578d4fa/current/log_inprogress_0
2023-01-03 10:06:20,073 [e60c2466-e581-4a2a-a391-12b730c6e057@group-E0C05578D4FA-LeaderElection6] INFO  server.RaftServer$Division (ServerState.java:setRaftConf(430)) - e60c2466-e581-4a2a-a391-12b730c6e057@group-E0C05578D4FA: set configuration 0: peers:[e60c2466-e581-4a2a-a391-12b730c6e057|rpc:10.1.0.13:43713|dataStream:10.1.0.13:34563|priority:1|startupRole:FOLLOWER, 1e90a81f-431a-478a-9b2e-dbda4ffaca44|rpc:10.1.0.13:44185|dataStream:10.1.0.13:44723|priority:0|startupRole:FOLLOWER, f16244a9-e060-48f3-8727-dfe3ed85a294|rpc:10.1.0.13:45615|dataStream:10.1.0.13:38733|priority:0|startupRole:FOLLOWER]|listeners:[], old=null
2023-01-03 10:06:20,074 [grpc-default-executor-0] INFO  impl.VoteContext (VoteContext.java:log(49)) - e60c2466-e581-4a2a-a391-12b730c6e057@group-E0C05578D4FA-LEADER: reject ELECTION from f16244a9-e060-48f3-8727-dfe3ed85a294: already has voted for e60c2466-e581-4a2a-a391-12b730c6e057 at current term 1
2023-01-03 10:06:20,074 [grpc-default-executor-0] INFO  server.RaftServer$Division (RaftServerImpl.java:requestVote(1251)) - e60c2466-e581-4a2a-a391-12b730c6e057@group-E0C05578D4FA replies to ELECTION vote request: f16244a9-e060-48f3-8727-dfe3ed85a294<-e60c2466-e581-4a2a-a391-12b730c6e057#0:FAIL-t1. Peer's state: e60c2466-e581-4a2a-a391-12b730c6e057@group-E0C05578D4FA:t1, leader=e60c2466-e581-4a2a-a391-12b730c6e057, voted=e60c2466-e581-4a2a-a391-12b730c6e057, raftlog=Memoized:e60c2466-e581-4a2a-a391-12b730c6e057@group-E0C05578D4FA-SegmentedRaftLog:OPENED:c-1, conf=0: peers:[e60c2466-e581-4a2a-a391-12b730c6e057|rpc:10.1.0.13:43713|dataStream:10.1.0.13:34563|priority:1|startupRole:FOLLOWER, 1e90a81f-431a-478a-9b2e-dbda4ffaca44|rpc:10.1.0.13:44185|dataStream:10.1.0.13:44723|priority:0|startupRole:FOLLOWER, f16244a9-e060-48f3-8727-dfe3ed85a294|rpc:10.1.0.13:45615|dataStream:10.1.0.13:38733|priority:0|startupRole:FOLLOWER]|listeners:[], old=null
2023-01-03 10:06:20,077 [f16244a9-e060-48f3-8727-dfe3ed85a294@group-E0C05578D4FA-LeaderElection7] INFO  impl.LeaderElection (LeaderElection.java:logAndReturn(90)) - f16244a9-e060-48f3-8727-dfe3ed85a294@group-E0C05578D4FA-LeaderElection7: ELECTION REJECTED received 2 response(s) and 0 exception(s):
2023-01-03 10:06:20,077 [f16244a9-e060-48f3-8727-dfe3ed85a294@group-E0C05578D4FA-LeaderElection7] INFO  impl.LeaderElection (LeaderElection.java:logAndReturn(94)) -   Response 0: f16244a9-e060-48f3-8727-dfe3ed85a294<-e60c2466-e581-4a2a-a391-12b730c6e057#0:FAIL-t1
2023-01-03 10:06:20,077 [f16244a9-e060-48f3-8727-dfe3ed85a294@group-E0C05578D4FA-LeaderElection7] INFO  impl.LeaderElection (LeaderElection.java:logAndReturn(94)) -   Response 1: f16244a9-e060-48f3-8727-dfe3ed85a294<-1e90a81f-431a-478a-9b2e-dbda4ffaca44#0:FAIL-t1
2023-01-03 10:06:20,077 [f16244a9-e060-48f3-8727-dfe3ed85a294@group-E0C05578D4FA-LeaderElection7] INFO  impl.LeaderElection (LeaderElection.java:askForVotes(314)) - f16244a9-e060-48f3-8727-dfe3ed85a294@group-E0C05578D4FA-LeaderElection7 ELECTION round 0: result REJECTED
2023-01-03 10:06:20,077 [f16244a9-e060-48f3-8727-dfe3ed85a294@group-E0C05578D4FA-LeaderElection7] INFO  server.RaftServer$Division (RaftServerImpl.java:setRole(321)) - f16244a9-e060-48f3-8727-dfe3ed85a294@group-E0C05578D4FA: changes role from CANDIDATE to FOLLOWER at term 1 for REJECTED
2023-01-03 10:06:20,077 [f16244a9-e060-48f3-8727-dfe3ed85a294@group-E0C05578D4FA-LeaderElection7] INFO  impl.RoleInfo (RoleInfo.java:shutdownLeaderElection(130)) - f16244a9-e060-48f3-8727-dfe3ed85a294: shutdown f16244a9-e060-48f3-8727-dfe3ed85a294@group-E0C05578D4FA-LeaderElection7
2023-01-03 10:06:20,077 [f16244a9-e060-48f3-8727-dfe3ed85a294@group-E0C05578D4FA-LeaderElection7] INFO  impl.RoleInfo (RoleInfo.java:updateAndGet(139)) - f16244a9-e060-48f3-8727-dfe3ed85a294: start f16244a9-e060-48f3-8727-dfe3ed85a294@group-E0C05578D4FA-FollowerState
2023-01-03 10:06:20,081 [f16244a9-e060-48f3-8727-dfe3ed85a294@group-E0C05578D4FA-FollowerState] INFO  server.RaftServerConfigKeys (ConfUtils.java:logFallback(53)) - raft.server.rpc.first-election.timeout.min = 5s (fallback to raft.server.rpc.timeout.min)
2023-01-03 10:06:20,083 [f16244a9-e060-48f3-8727-dfe3ed85a294@group-E0C05578D4FA-FollowerState] INFO  server.RaftServerConfigKeys (ConfUtils.java:logFallback(53)) - raft.server.rpc.first-election.timeout.max = 5200ms (fallback to raft.server.rpc.timeout.max)
2023-01-03 10:06:20,120 [f16244a9-e060-48f3-8727-dfe3ed85a294-server-thread1] INFO  ratis.XceiverServerRatis (XceiverServerRatis.java:handleLeaderChangedNotification(904)) - Leader change notification received for group: group-E0C05578D4FA with new leaderId: e60c2466-e581-4a2a-a391-12b730c6e057
2023-01-03 10:06:20,120 [f16244a9-e060-48f3-8727-dfe3ed85a294-server-thread1] INFO  server.RaftServer$Division (ServerState.java:setLeader(313)) - f16244a9-e060-48f3-8727-dfe3ed85a294@group-E0C05578D4FA: change Leader from null to e60c2466-e581-4a2a-a391-12b730c6e057 at term 1 for appendEntries, leader elected after 5235ms
2023-01-03 10:06:20,123 [1e90a81f-431a-478a-9b2e-dbda4ffaca44-server-thread2] INFO  ratis.XceiverServerRatis (XceiverServerRatis.java:handleLeaderChangedNotification(904)) - Leader change notification received for group: group-E0C05578D4FA with new leaderId: e60c2466-e581-4a2a-a391-12b730c6e057
2023-01-03 10:06:20,123 [1e90a81f-431a-478a-9b2e-dbda4ffaca44-server-thread2] INFO  server.RaftServer$Division (ServerState.java:setLeader(313)) - 1e90a81f-431a-478a-9b2e-dbda4ffaca44@group-E0C05578D4FA: change Leader from null to e60c2466-e581-4a2a-a391-12b730c6e057 at term 1 for appendEntries, leader elected after 5252ms
2023-01-03 10:06:20,127 [1e90a81f-431a-478a-9b2e-dbda4ffaca44-server-thread1] INFO  server.RaftServer$Division (ServerState.java:setRaftConf(430)) - 1e90a81f-431a-478a-9b2e-dbda4ffaca44@group-E0C05578D4FA: set configuration 0: peers:[e60c2466-e581-4a2a-a391-12b730c6e057|rpc:10.1.0.13:43713|dataStream:10.1.0.13:34563|priority:1|startupRole:FOLLOWER, 1e90a81f-431a-478a-9b2e-dbda4ffaca44|rpc:10.1.0.13:44185|dataStream:10.1.0.13:44723|priority:0|startupRole:FOLLOWER, f16244a9-e060-48f3-8727-dfe3ed85a294|rpc:10.1.0.13:45615|dataStream:10.1.0.13:38733|priority:0|startupRole:FOLLOWER]|listeners:[], old=null
2023-01-03 10:06:20,127 [f16244a9-e060-48f3-8727-dfe3ed85a294-server-thread1] INFO  server.RaftServer$Division (ServerState.java:setRaftConf(430)) - f16244a9-e060-48f3-8727-dfe3ed85a294@group-E0C05578D4FA: set configuration 0: peers:[e60c2466-e581-4a2a-a391-12b730c6e057|rpc:10.1.0.13:43713|dataStream:10.1.0.13:34563|priority:1|startupRole:FOLLOWER, 1e90a81f-431a-478a-9b2e-dbda4ffaca44|rpc:10.1.0.13:44185|dataStream:10.1.0.13:44723|priority:0|startupRole:FOLLOWER, f16244a9-e060-48f3-8727-dfe3ed85a294|rpc:10.1.0.13:45615|dataStream:10.1.0.13:38733|priority:0|startupRole:FOLLOWER]|listeners:[], old=null
2023-01-03 10:06:20,128 [1e90a81f-431a-478a-9b2e-dbda4ffaca44-server-thread1] INFO  segmented.SegmentedRaftLogWorker (SegmentedRaftLogWorker.java:startLogSegment(452)) - 1e90a81f-431a-478a-9b2e-dbda4ffaca44@group-E0C05578D4FA-SegmentedRaftLogWorker: Starting segment from index:0
2023-01-03 10:06:20,132 [1e90a81f-431a-478a-9b2e-dbda4ffaca44@group-E0C05578D4FA-SegmentedRaftLogWorker] INFO  segmented.SegmentedRaftLogWorker (SegmentedRaftLogWorker.java:execute(656)) - 1e90a81f-431a-478a-9b2e-dbda4ffaca44@group-E0C05578D4FA-SegmentedRaftLogWorker: created new log segment /home/runner/work/ozone/ozone/hadoop-ozone/integration-test/target/test-dir/MiniOzoneClusterImpl-70d28db6-796b-4d31-8f04-926db9b5570a/datanode-1/data/ratis/e77512d2-e62e-4623-9b52-e0c05578d4fa/current/log_inprogress_0
2023-01-03 10:06:20,132 [f16244a9-e060-48f3-8727-dfe3ed85a294-server-thread1] INFO  segmented.SegmentedRaftLogWorker (SegmentedRaftLogWorker.java:startLogSegment(452)) - f16244a9-e060-48f3-8727-dfe3ed85a294@group-E0C05578D4FA-SegmentedRaftLogWorker: Starting segment from index:0
2023-01-03 10:06:20,134 [f16244a9-e060-48f3-8727-dfe3ed85a294@group-E0C05578D4FA-SegmentedRaftLogWorker] INFO  segmented.SegmentedRaftLogWorker (SegmentedRaftLogWorker.java:execute(656)) - f16244a9-e060-48f3-8727-dfe3ed85a294@group-E0C05578D4FA-SegmentedRaftLogWorker: created new log segment /home/runner/work/ozone/ozone/hadoop-ozone/integration-test/target/test-dir/MiniOzoneClusterImpl-70d28db6-796b-4d31-8f04-926db9b5570a/datanode-2/data/ratis/e77512d2-e62e-4623-9b52-e0c05578d4fa/current/log_inprogress_0
2023-01-03 10:06:20,159 [EventQueue-CommandQueueReportForCommandQueueReportHandler] WARN  events.EventQueue (EventQueue.java:fireEvent(216)) - No event handler registered for event TypedEvent{payloadType=DatanodeDetails, name='Datanode_Command_Queue_Updated'}
2023-01-03 10:06:20,337 [265cde2e-5350-4bf8-a91b-58e7369f5fcb@group-157A35284FE4-FollowerState] INFO  impl.FollowerState (FollowerState.java:run(143)) - 265cde2e-5350-4bf8-a91b-58e7369f5fcb@group-157A35284FE4-FollowerState: change to CANDIDATE, lastRpcElapsedTime:5166441294ns, electionTimeout:5166ms
2023-01-03 10:06:20,337 [265cde2e-5350-4bf8-a91b-58e7369f5fcb@group-157A35284FE4-FollowerState] INFO  impl.RoleInfo (RoleInfo.java:shutdownFollowerState(110)) - 265cde2e-5350-4bf8-a91b-58e7369f5fcb: shutdown 265cde2e-5350-4bf8-a91b-58e7369f5fcb@group-157A35284FE4-FollowerState
2023-01-03 10:06:20,337 [265cde2e-5350-4bf8-a91b-58e7369f5fcb@group-157A35284FE4-FollowerState] INFO  server.RaftServer$Division (RaftServerImpl.java:setRole(321)) - 265cde2e-5350-4bf8-a91b-58e7369f5fcb@group-157A35284FE4: changes role from  FOLLOWER to CANDIDATE at term 0 for changeToCandidate
2023-01-03 10:06:20,337 [265cde2e-5350-4bf8-a91b-58e7369f5fcb@group-157A35284FE4-FollowerState] INFO  server.RaftServerConfigKeys (ConfUtils.java:logGet(46)) - raft.server.leaderelection.pre-vote = false (custom)
2023-01-03 10:06:20,337 [265cde2e-5350-4bf8-a91b-58e7369f5fcb@group-157A35284FE4-FollowerState] INFO  impl.RoleInfo (RoleInfo.java:updateAndGet(139)) - 265cde2e-5350-4bf8-a91b-58e7369f5fcb: start 265cde2e-5350-4bf8-a91b-58e7369f5fcb@group-157A35284FE4-LeaderElection8
2023-01-03 10:06:20,340 [265cde2e-5350-4bf8-a91b-58e7369f5fcb@group-157A35284FE4-LeaderElection8] INFO  impl.LeaderElection (LeaderElection.java:askForVotes(312)) - 265cde2e-5350-4bf8-a91b-58e7369f5fcb@group-157A35284FE4-LeaderElection8 ELECTION round 0: submit vote requests at term 1 for -1: peers:[265cde2e-5350-4bf8-a91b-58e7369f5fcb|rpc:10.1.0.13:40615|dataStream:10.1.0.13:33331|priority:1|startupRole:FOLLOWER]|listeners:[], old=null
2023-01-03 10:06:20,340 [265cde2e-5350-4bf8-a91b-58e7369f5fcb@group-157A35284FE4-LeaderElection8] INFO  impl.LeaderElection (LeaderElection.java:askForVotes(314)) - 265cde2e-5350-4bf8-a91b-58e7369f5fcb@group-157A35284FE4-LeaderElection8 ELECTION round 0: result PASSED (term=1)
2023-01-03 10:06:20,340 [265cde2e-5350-4bf8-a91b-58e7369f5fcb@group-157A35284FE4-LeaderElection8] INFO  impl.RoleInfo (RoleInfo.java:shutdownLeaderElection(130)) - 265cde2e-5350-4bf8-a91b-58e7369f5fcb: shutdown 265cde2e-5350-4bf8-a91b-58e7369f5fcb@group-157A35284FE4-LeaderElection8
2023-01-03 10:06:20,340 [265cde2e-5350-4bf8-a91b-58e7369f5fcb@group-157A35284FE4-LeaderElection8] INFO  server.RaftServer$Division (RaftServerImpl.java:setRole(321)) - 265cde2e-5350-4bf8-a91b-58e7369f5fcb@group-157A35284FE4: changes role from CANDIDATE to LEADER at term 1 for changeToLeader
2023-01-03 10:06:20,340 [265cde2e-5350-4bf8-a91b-58e7369f5fcb@group-157A35284FE4-LeaderElection8] INFO  ratis.XceiverServerRatis (XceiverServerRatis.java:handleLeaderChangedNotification(904)) - Leader change notification received for group: group-157A35284FE4 with new leaderId: 265cde2e-5350-4bf8-a91b-58e7369f5fcb
2023-01-03 10:06:20,341 [265cde2e-5350-4bf8-a91b-58e7369f5fcb@group-157A35284FE4-LeaderElection8] INFO  server.RaftServer$Division (ServerState.java:setLeader(313)) - 265cde2e-5350-4bf8-a91b-58e7369f5fcb@group-157A35284FE4: change Leader from null to 265cde2e-5350-4bf8-a91b-58e7369f5fcb at term 1 for becomeLeader, leader elected after 5187ms
2023-01-03 10:06:20,341 [265cde2e-5350-4bf8-a91b-58e7369f5fcb@group-157A35284FE4-LeaderElection8] INFO  server.RaftServerConfigKeys (ConfUtils.java:logGet(46)) - raft.server.staging.catchup.gap = 1000 (default)
2023-01-03 10:06:20,342 [265cde2e-5350-4bf8-a91b-58e7369f5fcb@group-157A35284FE4-LeaderElection8] INFO  server.RaftServerConfigKeys (ConfUtils.java:logGet(46)) - raft.server.write.element-limit = 1024 (custom)
2023-01-03 10:06:20,342 [265cde2e-5350-4bf8-a91b-58e7369f5fcb@group-157A35284FE4-LeaderElection8] INFO  server.RaftServerConfigKeys (ConfUtils.java:logGet(46)) - raft.server.write.byte-limit = 1024 M (=1073741824) (custom)
2023-01-03 10:06:20,343 [EventQueue-CommandQueueReportForCommandQueueReportHandler] WARN  events.EventQueue (EventQueue.java:fireEvent(216)) - No event handler registered for event TypedEvent{payloadType=DatanodeDetails, name='Datanode_Command_Queue_Updated'}
2023-01-03 10:06:20,343 [265cde2e-5350-4bf8-a91b-58e7369f5fcb@group-157A35284FE4-LeaderElection8] INFO  server.RaftServerConfigKeys (ConfUtils.java:logGet(46)) - raft.server.watch.timeout = 180s (custom)
2023-01-03 10:06:20,343 [265cde2e-5350-4bf8-a91b-58e7369f5fcb@group-157A35284FE4-LeaderElection8] INFO  server.RaftServerConfigKeys (ConfUtils.java:logGet(46)) - raft.server.watch.timeout.denomination = 1s (default)
2023-01-03 10:06:20,343 [265cde2e-5350-4bf8-a91b-58e7369f5fcb@group-157A35284FE4-LeaderElection8] INFO  server.RaftServerConfigKeys (ConfUtils.java:logGet(46)) - raft.server.watch.element-limit = 65536 (default)
2023-01-03 10:06:20,343 [265cde2e-5350-4bf8-a91b-58e7369f5fcb@group-157A35284FE4-LeaderElection8] INFO  server.RaftServerConfigKeys (ConfUtils.java:logGet(46)) - raft.server.write.element-limit = 1024 (custom)
2023-01-03 10:06:20,343 [265cde2e-5350-4bf8-a91b-58e7369f5fcb@group-157A35284FE4-LeaderElection8] INFO  server.RaftServerConfigKeys (ConfUtils.java:logGet(46)) - raft.server.write.follower.gap.ratio.max = -1.0 (default)
2023-01-03 10:06:20,343 [265cde2e-5350-4bf8-a91b-58e7369f5fcb@group-157A35284FE4-LeaderElection8] INFO  impl.RoleInfo (RoleInfo.java:updateAndGet(139)) - 265cde2e-5350-4bf8-a91b-58e7369f5fcb: start 265cde2e-5350-4bf8-a91b-58e7369f5fcb@group-157A35284FE4-LeaderStateImpl
2023-01-03 10:06:20,343 [265cde2e-5350-4bf8-a91b-58e7369f5fcb@group-157A35284FE4-LeaderElection8] INFO  segmented.SegmentedRaftLogWorker (SegmentedRaftLogWorker.java:startLogSegment(452)) - 265cde2e-5350-4bf8-a91b-58e7369f5fcb@group-157A35284FE4-SegmentedRaftLogWorker: Starting segment from index:0
2023-01-03 10:06:20,346 [265cde2e-5350-4bf8-a91b-58e7369f5fcb@group-157A35284FE4-LeaderElection8] INFO  server.RaftServer$Division (ServerState.java:setRaftConf(430)) - 265cde2e-5350-4bf8-a91b-58e7369f5fcb@group-157A35284FE4: set configuration 0: peers:[265cde2e-5350-4bf8-a91b-58e7369f5fcb|rpc:10.1.0.13:40615|dataStream:10.1.0.13:33331|priority:1|startupRole:FOLLOWER]|listeners:[], old=null
2023-01-03 10:06:20,346 [265cde2e-5350-4bf8-a91b-58e7369f5fcb@group-157A35284FE4-SegmentedRaftLogWorker] INFO  segmented.SegmentedRaftLogWorker (SegmentedRaftLogWorker.java:execute(656)) - 265cde2e-5350-4bf8-a91b-58e7369f5fcb@group-157A35284FE4-SegmentedRaftLogWorker: created new log segment /home/runner/work/ozone/ozone/hadoop-ozone/integration-test/target/test-dir/MiniOzoneClusterImpl-70d28db6-796b-4d31-8f04-926db9b5570a/datanode-3/data/ratis/1d9d8080-1cc3-4f16-9e20-157a35284fe4/current/log_inprogress_0
2023-01-03 10:06:20,449 [Listener at 127.0.0.1/41175] INFO  ozone.MiniOzoneClusterImpl (MiniOzoneClusterImpl.java:lambda$waitForClusterToBeReady$0(217)) - Nodes are ready. Got 5 of 5 DN Heartbeats.
2023-01-03 10:06:20,449 [Listener at 127.0.0.1/41175] INFO  ozone.MiniOzoneClusterImpl (MiniOzoneClusterImpl.java:lambda$waitForClusterToBeReady$0(220)) - Cluster exits safe mode
2023-01-03 10:06:20,449 [Listener at 127.0.0.1/41175] INFO  ozone.MiniOzoneClusterImpl (MiniOzoneClusterImpl.java:lambda$waitForClusterToBeReady$0(222)) - SCM became leader
2023-01-03 10:06:20,460 [EventQueue-CommandQueueReportForCommandQueueReportHandler] WARN  events.EventQueue (EventQueue.java:fireEvent(216)) - No event handler registered for event TypedEvent{payloadType=DatanodeDetails, name='Datanode_Command_Queue_Updated'}
2023-01-03 10:06:20,536 [ac21c7e9-4632-4894-bb8a-46dc1ad7aae6@group-216D74BD08FA-FollowerState] INFO  impl.FollowerState (FollowerState.java:run(143)) - ac21c7e9-4632-4894-bb8a-46dc1ad7aae6@group-216D74BD08FA-FollowerState: change to CANDIDATE, lastRpcElapsedTime:5066354675ns, electionTimeout:5061ms
2023-01-03 10:06:20,536 [ac21c7e9-4632-4894-bb8a-46dc1ad7aae6@group-216D74BD08FA-FollowerState] INFO  impl.RoleInfo (RoleInfo.java:shutdownFollowerState(110)) - ac21c7e9-4632-4894-bb8a-46dc1ad7aae6: shutdown ac21c7e9-4632-4894-bb8a-46dc1ad7aae6@group-216D74BD08FA-FollowerState
2023-01-03 10:06:20,536 [ac21c7e9-4632-4894-bb8a-46dc1ad7aae6@group-216D74BD08FA-FollowerState] INFO  server.RaftServer$Division (RaftServerImpl.java:setRole(321)) - ac21c7e9-4632-4894-bb8a-46dc1ad7aae6@group-216D74BD08FA: changes role from  FOLLOWER to CANDIDATE at term 0 for changeToCandidate
2023-01-03 10:06:20,537 [ac21c7e9-4632-4894-bb8a-46dc1ad7aae6@group-216D74BD08FA-FollowerState] INFO  server.RaftServerConfigKeys (ConfUtils.java:logGet(46)) - raft.server.leaderelection.pre-vote = false (custom)
2023-01-03 10:06:20,537 [ac21c7e9-4632-4894-bb8a-46dc1ad7aae6@group-216D74BD08FA-FollowerState] INFO  impl.RoleInfo (RoleInfo.java:updateAndGet(139)) - ac21c7e9-4632-4894-bb8a-46dc1ad7aae6: start ac21c7e9-4632-4894-bb8a-46dc1ad7aae6@group-216D74BD08FA-LeaderElection9
2023-01-03 10:06:20,542 [ac21c7e9-4632-4894-bb8a-46dc1ad7aae6@group-216D74BD08FA-LeaderElection9] INFO  impl.LeaderElection (LeaderElection.java:askForVotes(312)) - ac21c7e9-4632-4894-bb8a-46dc1ad7aae6@group-216D74BD08FA-LeaderElection9 ELECTION round 0: submit vote requests at term 1 for -1: peers:[ac21c7e9-4632-4894-bb8a-46dc1ad7aae6|rpc:10.1.0.13:45013|dataStream:10.1.0.13:36409|priority:1|startupRole:FOLLOWER]|listeners:[], old=null
2023-01-03 10:06:20,542 [ac21c7e9-4632-4894-bb8a-46dc1ad7aae6@group-216D74BD08FA-LeaderElection9] INFO  impl.LeaderElection (LeaderElection.java:askForVotes(314)) - ac21c7e9-4632-4894-bb8a-46dc1ad7aae6@group-216D74BD08FA-LeaderElection9 ELECTION round 0: result PASSED (term=1)
2023-01-03 10:06:20,542 [ac21c7e9-4632-4894-bb8a-46dc1ad7aae6@group-216D74BD08FA-LeaderElection9] INFO  impl.RoleInfo (RoleInfo.java:shutdownLeaderElection(130)) - ac21c7e9-4632-4894-bb8a-46dc1ad7aae6: shutdown ac21c7e9-4632-4894-bb8a-46dc1ad7aae6@group-216D74BD08FA-LeaderElection9
2023-01-03 10:06:20,542 [ac21c7e9-4632-4894-bb8a-46dc1ad7aae6@group-216D74BD08FA-LeaderElection9] INFO  server.RaftServer$Division (RaftServerImpl.java:setRole(321)) - ac21c7e9-4632-4894-bb8a-46dc1ad7aae6@group-216D74BD08FA: changes role from CANDIDATE to LEADER at term 1 for changeToLeader
2023-01-03 10:06:20,542 [ac21c7e9-4632-4894-bb8a-46dc1ad7aae6@group-216D74BD08FA-LeaderElection9] INFO  ratis.XceiverServerRatis (XceiverServerRatis.java:handleLeaderChangedNotification(904)) - Leader change notification received for group: group-216D74BD08FA with new leaderId: ac21c7e9-4632-4894-bb8a-46dc1ad7aae6
2023-01-03 10:06:20,542 [ac21c7e9-4632-4894-bb8a-46dc1ad7aae6@group-216D74BD08FA-LeaderElection9] INFO  server.RaftServer$Division (ServerState.java:setLeader(313)) - ac21c7e9-4632-4894-bb8a-46dc1ad7aae6@group-216D74BD08FA: change Leader from null to ac21c7e9-4632-4894-bb8a-46dc1ad7aae6 at term 1 for becomeLeader, leader elected after 5098ms
2023-01-03 10:06:20,542 [ac21c7e9-4632-4894-bb8a-46dc1ad7aae6@group-216D74BD08FA-LeaderElection9] INFO  server.RaftServerConfigKeys (ConfUtils.java:logGet(46)) - raft.server.staging.catchup.gap = 1000 (default)
2023-01-03 10:06:20,543 [EventQueue-CommandQueueReportForCommandQueueReportHandler] WARN  events.EventQueue (EventQueue.java:fireEvent(216)) - No event handler registered for event TypedEvent{payloadType=DatanodeDetails, name='Datanode_Command_Queue_Updated'}
2023-01-03 10:06:20,545 [ac21c7e9-4632-4894-bb8a-46dc1ad7aae6@group-216D74BD08FA-LeaderElection9] INFO  server.RaftServerConfigKeys (ConfUtils.java:logGet(46)) - raft.server.write.element-limit = 1024 (custom)
2023-01-03 10:06:20,545 [ac21c7e9-4632-4894-bb8a-46dc1ad7aae6@group-216D74BD08FA-LeaderElection9] INFO  server.RaftServerConfigKeys (ConfUtils.java:logGet(46)) - raft.server.write.byte-limit = 1024 M (=1073741824) (custom)
2023-01-03 10:06:20,546 [ac21c7e9-4632-4894-bb8a-46dc1ad7aae6@group-216D74BD08FA-LeaderElection9] INFO  server.RaftServerConfigKeys (ConfUtils.java:logGet(46)) - raft.server.watch.timeout = 180s (custom)
2023-01-03 10:06:20,546 [ac21c7e9-4632-4894-bb8a-46dc1ad7aae6@group-216D74BD08FA-LeaderElection9] INFO  server.RaftServerConfigKeys (ConfUtils.java:logGet(46)) - raft.server.watch.timeout.denomination = 1s (default)
2023-01-03 10:06:20,546 [ac21c7e9-4632-4894-bb8a-46dc1ad7aae6@group-216D74BD08FA-LeaderElection9] INFO  server.RaftServerConfigKeys (ConfUtils.java:logGet(46)) - raft.server.watch.element-limit = 65536 (default)
2023-01-03 10:06:20,546 [ac21c7e9-4632-4894-bb8a-46dc1ad7aae6@group-216D74BD08FA-LeaderElection9] INFO  server.RaftServerConfigKeys (ConfUtils.java:logGet(46)) - raft.server.write.element-limit = 1024 (custom)
2023-01-03 10:06:20,546 [ac21c7e9-4632-4894-bb8a-46dc1ad7aae6@group-216D74BD08FA-LeaderElection9] INFO  server.RaftServerConfigKeys (ConfUtils.java:logGet(46)) - raft.server.write.follower.gap.ratio.max = -1.0 (default)
2023-01-03 10:06:20,546 [ac21c7e9-4632-4894-bb8a-46dc1ad7aae6@group-216D74BD08FA-LeaderElection9] INFO  impl.RoleInfo (RoleInfo.java:updateAndGet(139)) - ac21c7e9-4632-4894-bb8a-46dc1ad7aae6: start ac21c7e9-4632-4894-bb8a-46dc1ad7aae6@group-216D74BD08FA-LeaderStateImpl
2023-01-03 10:06:20,546 [ac21c7e9-4632-4894-bb8a-46dc1ad7aae6@group-216D74BD08FA-LeaderElection9] INFO  segmented.SegmentedRaftLogWorker (SegmentedRaftLogWorker.java:startLogSegment(452)) - ac21c7e9-4632-4894-bb8a-46dc1ad7aae6@group-216D74BD08FA-SegmentedRaftLogWorker: Starting segment from index:0
2023-01-03 10:06:20,550 [ac21c7e9-4632-4894-bb8a-46dc1ad7aae6@group-216D74BD08FA-SegmentedRaftLogWorker] INFO  segmented.SegmentedRaftLogWorker (SegmentedRaftLogWorker.java:execute(656)) - ac21c7e9-4632-4894-bb8a-46dc1ad7aae6@group-216D74BD08FA-SegmentedRaftLogWorker: created new log segment /home/runner/work/ozone/ozone/hadoop-ozone/integration-test/target/test-dir/MiniOzoneClusterImpl-70d28db6-796b-4d31-8f04-926db9b5570a/datanode-4/data/ratis/bf5defad-d316-4bd9-bf92-216d74bd08fa/current/log_inprogress_0
2023-01-03 10:06:20,550 [ac21c7e9-4632-4894-bb8a-46dc1ad7aae6@group-216D74BD08FA-LeaderElection9] INFO  server.RaftServer$Division (ServerState.java:setRaftConf(430)) - ac21c7e9-4632-4894-bb8a-46dc1ad7aae6@group-216D74BD08FA: set configuration 0: peers:[ac21c7e9-4632-4894-bb8a-46dc1ad7aae6|rpc:10.1.0.13:45013|dataStream:10.1.0.13:36409|priority:1|startupRole:FOLLOWER]|listeners:[], old=null
2023-01-03 10:06:20,665 [EventQueue-CommandQueueReportForCommandQueueReportHandler] WARN  events.EventQueue (EventQueue.java:fireEvent(216)) - No event handler registered for event TypedEvent{payloadType=DatanodeDetails, name='Datanode_Command_Queue_Updated'}
2023-01-03 10:06:21,100 [JvmPauseMonitor5] WARN  util.JvmPauseMonitor (JvmPauseMonitor.java:detectPause(126)) - JvmPauseMonitor-ac21c7e9-4632-4894-bb8a-46dc1ad7aae6: Detected pause in JVM or host machine (eg GC): pause of approximately 107255646ns.
GC pool 'PS MarkSweep' had collection(s): count=1 time=222ms
GC pool 'PS Scavenge' had collection(s): count=1 time=47ms
2023-01-03 10:06:21,100 [JvmPauseMonitor2] WARN  util.JvmPauseMonitor (JvmPauseMonitor.java:detectPause(126)) - JvmPauseMonitor-1e90a81f-431a-478a-9b2e-dbda4ffaca44: Detected pause in JVM or host machine (eg GC): pause of approximately 144345858ns.
GC pool 'PS MarkSweep' had collection(s): count=1 time=222ms
GC pool 'PS Scavenge' had collection(s): count=1 time=47ms
2023-01-03 10:06:21,102 [EventQueue-CommandQueueReportForCommandQueueReportHandler] WARN  events.EventQueue (EventQueue.java:fireEvent(216)) - No event handler registered for event TypedEvent{payloadType=DatanodeDetails, name='Datanode_Command_Queue_Updated'}
2023-01-03 10:06:21,102 [EventQueue-CommandQueueReportForCommandQueueReportHandler] WARN  events.EventQueue (EventQueue.java:fireEvent(216)) - No event handler registered for event TypedEvent{payloadType=DatanodeDetails, name='Datanode_Command_Queue_Updated'}
2023-01-03 10:06:21,102 [JvmPauseMonitor3] WARN  util.JvmPauseMonitor (JvmPauseMonitor.java:detectPause(126)) - JvmPauseMonitor-f16244a9-e060-48f3-8727-dfe3ed85a294: Detected pause in JVM or host machine (eg GC): pause of approximately 229883519ns.
GC pool 'PS MarkSweep' had collection(s): count=1 time=222ms
GC pool 'PS Scavenge' had collection(s): count=1 time=47ms
2023-01-03 10:06:21,156 [Listener at 127.0.0.1/41175] INFO  rpc.RpcClient (RpcClient.java:createVolume(474)) - Creating Volume: volume17571, with user90487 as owner and space quota set to -1 bytes, counts quota set to -1
2023-01-03 10:06:21,197 [OM StateMachine ApplyTransaction Thread - 0] INFO  volume.OMVolumeCreateRequest (OMVolumeCreateRequest.java:validateAndUpdateCache(195)) - created volume:volume17571 for user:user90487
2023-01-03 10:06:21,220 [Listener at 127.0.0.1/41175] INFO  rpc.RpcClient (RpcClient.java:createBucket(693)) - Creating Bucket: volume17571/bucket85979, with bucket layout LEGACY, runner as owner, Versioning false, Storage Type set to DISK and Encryption set to false 
2023-01-03 10:06:21,238 [OM StateMachine ApplyTransaction Thread - 0] INFO  bucket.OMBucketCreateRequest (OMBucketCreateRequest.java:validateAndUpdateCache(260)) - created bucket: bucket85979 of layout LEGACY in volume: volume17571
2023-01-03 10:06:21,363 [EventQueue-CommandQueueReportForCommandQueueReportHandler] WARN  events.EventQueue (EventQueue.java:fireEvent(216)) - No event handler registered for event TypedEvent{payloadType=DatanodeDetails, name='Datanode_Command_Queue_Updated'}
]]></system-out>
  </testcase>
  <testcase name="testGetTrashRoot" classname="TestOzoneFileSystem" time="21.113">
    <system-out><![CDATA[2023-01-03 10:07:01,027 [Listener at 127.0.0.1/41175] INFO  ozone.MiniOzoneClusterImpl (MiniOzoneClusterImpl.java:shutdown(449)) - Shutting down the Mini Ozone Cluster
2023-01-03 10:07:01,027 [Listener at 127.0.0.1/41175] INFO  ozone.MiniOzoneClusterImpl (MiniOzoneClusterImpl.java:stop(464)) - Stopping the Mini Ozone Cluster
2023-01-03 10:07:01,027 [Listener at 127.0.0.1/41175] INFO  ozone.MiniOzoneClusterImpl (MiniOzoneClusterImpl.java:stopOM(546)) - Stopping the OzoneManager
2023-01-03 10:07:01,027 [Listener at 127.0.0.1/41175] INFO  om.OzoneManager (OzoneManager.java:stop(2038)) - om1[localhost:0]: Stopping Ozone Manager
2023-01-03 10:07:01,028 [Listener at 127.0.0.1/41175] INFO  ipc.Server (Server.java:stop(3428)) - Stopping server on 41175
2023-01-03 10:07:01,035 [IPC Server listener on 0] INFO  ipc.Server (Server.java:run(1384)) - Stopping IPC Server listener on 0
2023-01-03 10:07:01,036 [IPC Server Responder] INFO  ipc.Server (Server.java:run(1517)) - Stopping IPC Server Responder
2023-01-03 10:07:01,037 [Listener at 127.0.0.1/41175] INFO  server.RaftServer (RaftServerProxy.java:lambda$close$6(409)) - om1: close
2023-01-03 10:07:01,038 [Listener at 127.0.0.1/41175] INFO  server.GrpcService (GrpcService.java:closeImpl(271)) - om1: shutdown server GrpcServerProtocolService now
2023-01-03 10:07:01,038 [om1-impl-thread1] INFO  server.RaftServer$Division (RaftServerImpl.java:lambda$close$4(458)) - om1@group-C5BA1605619E: shutdown
2023-01-03 10:07:01,038 [om1-impl-thread1] INFO  util.JmxRegister (JmxRegister.java:unregister(73)) - Successfully un-registered JMX Bean with object name Ratis:service=RaftServer,group=group-C5BA1605619E,id=om1
2023-01-03 10:07:01,038 [om1-impl-thread1] INFO  impl.RoleInfo (RoleInfo.java:shutdownLeaderState(93)) - om1: shutdown om1@group-C5BA1605619E-LeaderStateImpl
2023-01-03 10:07:01,038 [om1-impl-thread1] INFO  impl.PendingRequests (PendingRequests.java:sendNotLeaderResponses(282)) - om1@group-C5BA1605619E-PendingRequests: sendNotLeaderResponses
2023-01-03 10:07:01,041 [om1-impl-thread1] INFO  impl.StateMachineUpdater (StateMachineUpdater.java:stopAndJoin(153)) - om1@group-C5BA1605619E-StateMachineUpdater: set stopIndex = 37014
2023-01-03 10:07:01,041 [om1@group-C5BA1605619E-StateMachineUpdater] INFO  ratis.OzoneManagerStateMachine (OzoneManagerStateMachine.java:takeSnapshot(445)) - Current Snapshot Index (t:1, i:37014)
2023-01-03 10:07:01,042 [om1@group-C5BA1605619E-StateMachineUpdater] INFO  impl.StateMachineUpdater (StateMachineUpdater.java:takeSnapshot(287)) - om1@group-C5BA1605619E-StateMachineUpdater: Took a snapshot at index 37014
2023-01-03 10:07:01,043 [om1@group-C5BA1605619E-StateMachineUpdater] INFO  impl.StateMachineUpdater (StateMachineUpdater.java:lambda$new$0(92)) - om1@group-C5BA1605619E-StateMachineUpdater: snapshotIndex: updateIncreasingly -1 -> 37014
2023-01-03 10:07:01,043 [om1@group-C5BA1605619E-StateMachineUpdater] INFO  ratis.OzoneManagerStateMachine (OzoneManagerStateMachine.java:close(499)) - StateMachine has shutdown. Shutdown OzoneManager if not already shutdown.
2023-01-03 10:07:01,043 [om1@group-C5BA1605619E-StateMachineUpdater] INFO  ratis.OzoneManagerDoubleBuffer (OzoneManagerDoubleBuffer.java:stop(466)) - Stopping OMDoubleBuffer flush thread
2023-01-03 10:07:01,043 [OMDoubleBufferFlushThread] INFO  ratis.OzoneManagerDoubleBuffer (OzoneManagerDoubleBuffer.java:flushTransactions(385)) - OMDoubleBuffer flush thread OMDoubleBufferFlushThread is interrupted and will exit.
2023-01-03 10:07:01,044 [om1-impl-thread1] INFO  server.RaftServer$Division (ServerState.java:close(466)) - om1@group-C5BA1605619E: closes. applyIndex: 37014
2023-01-03 10:07:01,053 [Listener at 127.0.0.1/41175] INFO  server.GrpcService (GrpcService.java:closeImpl(280)) - om1: shutdown server GrpcServerProtocolService successfully
2023-01-03 10:07:01,055 [om1-NettyServerStreamRpc-bossGroup--thread1] INFO  logging.LoggingHandler (AbstractInternalLogger.java:log(148)) - [id: 0x182bb9f4, L:/0:0:0:0:0:0:0:0:38903] CLOSE
2023-01-03 10:07:01,055 [om1-NettyServerStreamRpc-bossGroup--thread1] INFO  logging.LoggingHandler (AbstractInternalLogger.java:log(148)) - [id: 0x182bb9f4, L:/0:0:0:0:0:0:0:0:38903] INACTIVE
2023-01-03 10:07:01,055 [om1-NettyServerStreamRpc-bossGroup--thread1] INFO  logging.LoggingHandler (AbstractInternalLogger.java:log(148)) - [id: 0x182bb9f4, L:/0:0:0:0:0:0:0:0:38903] UNREGISTERED
2023-01-03 10:07:01,064 [om1@group-C5BA1605619E-SegmentedRaftLogWorker] INFO  segmented.SegmentedRaftLogWorker (SegmentedRaftLogWorker.java:run(347)) - om1@group-C5BA1605619E-SegmentedRaftLogWorker was interrupted, exiting. There are 0 tasks remaining in the queue.
2023-01-03 10:07:01,075 [om1-impl-thread1] INFO  segmented.SegmentedRaftLogWorker (SegmentedRaftLogWorker.java:close(257)) - om1@group-C5BA1605619E-SegmentedRaftLogWorker close()
2023-01-03 10:07:01,076 [JvmPauseMonitor0] INFO  util.JvmPauseMonitor (JvmPauseMonitor.java:run(111)) - JvmPauseMonitor-om1: Stopped
2023-01-03 10:07:01,076 [Listener at 127.0.0.1/41175] INFO  ratis.OzoneManagerStateMachine (OzoneManagerStateMachine.java:close(499)) - StateMachine has shutdown. Shutdown OzoneManager if not already shutdown.
2023-01-03 10:07:01,076 [Listener at 127.0.0.1/41175] INFO  ratis.OzoneManagerDoubleBuffer (OzoneManagerDoubleBuffer.java:stop(478)) - OMDoubleBuffer flush thread is not running.
2023-01-03 10:07:01,076 [Listener at 127.0.0.1/41175] INFO  utils.BackgroundService (BackgroundService.java:shutdown(141)) - Shutting down service KeyDeletingService
2023-01-03 10:07:01,077 [Listener at 127.0.0.1/41175] INFO  utils.BackgroundService (BackgroundService.java:shutdown(141)) - Shutting down service DirectoryDeletingService
2023-01-03 10:07:01,077 [Listener at 127.0.0.1/41175] INFO  utils.BackgroundService (BackgroundService.java:shutdown(141)) - Shutting down service OpenKeyCleanupService
2023-01-03 10:07:01,079 [Listener at 127.0.0.1/41175] INFO  handler.ContextHandler (ContextHandler.java:doStop(1159)) - Stopped o.e.j.w.WebAppContext@221577de{ozoneManager,/,null,STOPPED}{file:/home/runner/work/ozone/ozone/hadoop-ozone/integration-test/target/test-classes/webapps/ozoneManager}
2023-01-03 10:07:01,084 [Listener at 127.0.0.1/41175] INFO  server.AbstractConnector (AbstractConnector.java:doStop(383)) - Stopped ServerConnector@4bd2a8b0{HTTP/1.1, (http/1.1)}{0.0.0.0:0}
2023-01-03 10:07:01,084 [Listener at 127.0.0.1/41175] INFO  server.session (HouseKeeper.java:stopScavenging(149)) - node0 Stopped scavenging
2023-01-03 10:07:01,084 [Listener at 127.0.0.1/41175] INFO  handler.ContextHandler (ContextHandler.java:doStop(1159)) - Stopped o.e.j.s.ServletContextHandler@39640f7b{static,/static,file:///home/runner/work/ozone/ozone/hadoop-ozone/integration-test/target/test-classes/webapps/static,STOPPED}
2023-01-03 10:07:01,084 [Listener at 127.0.0.1/41175] INFO  handler.ContextHandler (ContextHandler.java:doStop(1159)) - Stopped o.e.j.s.ServletContextHandler@78ee1819{logs,/logs,file:///home/runner/work/ozone/ozone/hadoop-ozone/integration-test/target/log,STOPPED}
2023-01-03 10:07:01,087 [Trash Emptier] ERROR om.TrashPolicyOzone (TrashPolicyOzone.java:run(348)) - Error attempting to shutdown
java.lang.InterruptedException
	at java.util.concurrent.locks.AbstractQueuedSynchronizer$ConditionObject.awaitNanos(AbstractQueuedSynchronizer.java:2067)
	at java.util.concurrent.ThreadPoolExecutor.awaitTermination(ThreadPoolExecutor.java:1475)
	at org.apache.hadoop.ozone.om.TrashPolicyOzone$Emptier.run(TrashPolicyOzone.java:346)
	at java.lang.Thread.run(Thread.java:750)
2023-01-03 10:07:01,092 [Listener at 127.0.0.1/41175] INFO  ozone.MiniOzoneClusterImpl (MiniOzoneClusterImpl.java:stopDatanodes(523)) - Stopping the HddsDatanodes
2023-01-03 10:07:01,103 [Listener at 127.0.0.1/41175] INFO  ozoneimpl.OzoneContainer (OzoneContainer.java:stop(417)) - Attempting to stop container services.
2023-01-03 10:07:01,103 [ForkJoinPool.commonPool-worker-1] INFO  ozoneimpl.OzoneContainer (OzoneContainer.java:stop(417)) - Attempting to stop container services.
2023-01-03 10:07:01,104 [Listener at 127.0.0.1/41175] INFO  server.RaftServer (RaftServerProxy.java:lambda$close$6(409)) - f16244a9-e060-48f3-8727-dfe3ed85a294: close
2023-01-03 10:07:01,104 [f16244a9-e060-48f3-8727-dfe3ed85a294-impl-thread1] INFO  server.RaftServer$Division (RaftServerImpl.java:lambda$close$4(458)) - f16244a9-e060-48f3-8727-dfe3ed85a294@group-837E6CCCAA62: shutdown
2023-01-03 10:07:01,104 [f16244a9-e060-48f3-8727-dfe3ed85a294-impl-thread1] INFO  util.JmxRegister (JmxRegister.java:unregister(73)) - Successfully un-registered JMX Bean with object name Ratis:service=RaftServer,group=group-837E6CCCAA62,id=f16244a9-e060-48f3-8727-dfe3ed85a294
2023-01-03 10:07:01,104 [f16244a9-e060-48f3-8727-dfe3ed85a294-impl-thread1] INFO  impl.RoleInfo (RoleInfo.java:shutdownLeaderState(93)) - f16244a9-e060-48f3-8727-dfe3ed85a294: shutdown f16244a9-e060-48f3-8727-dfe3ed85a294@group-837E6CCCAA62-LeaderStateImpl
2023-01-03 10:07:01,105 [f16244a9-e060-48f3-8727-dfe3ed85a294-impl-thread1] INFO  impl.PendingRequests (PendingRequests.java:sendNotLeaderResponses(282)) - f16244a9-e060-48f3-8727-dfe3ed85a294@group-837E6CCCAA62-PendingRequests: sendNotLeaderResponses
2023-01-03 10:07:01,105 [f16244a9-e060-48f3-8727-dfe3ed85a294-impl-thread1] INFO  impl.StateMachineUpdater (StateMachineUpdater.java:stopAndJoin(153)) - f16244a9-e060-48f3-8727-dfe3ed85a294@group-837E6CCCAA62-StateMachineUpdater: set stopIndex = 0
2023-01-03 10:07:01,106 [f16244a9-e060-48f3-8727-dfe3ed85a294@group-837E6CCCAA62-StateMachineUpdater] INFO  ratis.ContainerStateMachine (ContainerStateMachine.java:takeSnapshot(308)) - group-837E6CCCAA62: Taking a snapshot at:(t:1, i:0) file /home/runner/work/ozone/ozone/hadoop-ozone/integration-test/target/test-dir/MiniOzoneClusterImpl-70d28db6-796b-4d31-8f04-926db9b5570a/datanode-2/data/ratis/89c5b1ff-fd4a-40dc-8c9b-837e6cccaa62/sm/snapshot.1_0
2023-01-03 10:07:01,109 [ForkJoinPool.commonPool-worker-1] INFO  server.RaftServer (RaftServerProxy.java:lambda$close$6(409)) - 1e90a81f-431a-478a-9b2e-dbda4ffaca44: close
2023-01-03 10:07:01,113 [f16244a9-e060-48f3-8727-dfe3ed85a294-impl-thread2] INFO  server.RaftServer$Division (RaftServerImpl.java:lambda$close$4(458)) - f16244a9-e060-48f3-8727-dfe3ed85a294@group-E0C05578D4FA: shutdown
2023-01-03 10:07:01,113 [f16244a9-e060-48f3-8727-dfe3ed85a294-impl-thread2] INFO  util.JmxRegister (JmxRegister.java:unregister(73)) - Successfully un-registered JMX Bean with object name Ratis:service=RaftServer,group=group-E0C05578D4FA,id=f16244a9-e060-48f3-8727-dfe3ed85a294
2023-01-03 10:07:01,113 [f16244a9-e060-48f3-8727-dfe3ed85a294-impl-thread2] INFO  impl.RoleInfo (RoleInfo.java:shutdownFollowerState(110)) - f16244a9-e060-48f3-8727-dfe3ed85a294: shutdown f16244a9-e060-48f3-8727-dfe3ed85a294@group-E0C05578D4FA-FollowerState
2023-01-03 10:07:01,113 [Listener at 127.0.0.1/41175] INFO  server.GrpcService (GrpcService.java:closeImpl(271)) - f16244a9-e060-48f3-8727-dfe3ed85a294: shutdown server GrpcServerProtocolService now
2023-01-03 10:07:01,113 [1e90a81f-431a-478a-9b2e-dbda4ffaca44-impl-thread1] INFO  server.RaftServer$Division (RaftServerImpl.java:lambda$close$4(458)) - 1e90a81f-431a-478a-9b2e-dbda4ffaca44@group-4930332E8D38: shutdown
2023-01-03 10:07:01,113 [1e90a81f-431a-478a-9b2e-dbda4ffaca44-impl-thread1] INFO  util.JmxRegister (JmxRegister.java:unregister(73)) - Successfully un-registered JMX Bean with object name Ratis:service=RaftServer,group=group-4930332E8D38,id=1e90a81f-431a-478a-9b2e-dbda4ffaca44
2023-01-03 10:07:01,113 [1e90a81f-431a-478a-9b2e-dbda4ffaca44-impl-thread1] INFO  impl.RoleInfo (RoleInfo.java:shutdownLeaderState(93)) - 1e90a81f-431a-478a-9b2e-dbda4ffaca44: shutdown 1e90a81f-431a-478a-9b2e-dbda4ffaca44@group-4930332E8D38-LeaderStateImpl
2023-01-03 10:07:01,113 [1e90a81f-431a-478a-9b2e-dbda4ffaca44-impl-thread1] INFO  impl.PendingRequests (PendingRequests.java:sendNotLeaderResponses(282)) - 1e90a81f-431a-478a-9b2e-dbda4ffaca44@group-4930332E8D38-PendingRequests: sendNotLeaderResponses
2023-01-03 10:07:01,114 [1e90a81f-431a-478a-9b2e-dbda4ffaca44-impl-thread1] INFO  impl.StateMachineUpdater (StateMachineUpdater.java:stopAndJoin(153)) - 1e90a81f-431a-478a-9b2e-dbda4ffaca44@group-4930332E8D38-StateMachineUpdater: set stopIndex = 0
2023-01-03 10:07:01,115 [f16244a9-e060-48f3-8727-dfe3ed85a294-impl-thread3] INFO  server.RaftServer$Division (RaftServerImpl.java:lambda$close$4(458)) - f16244a9-e060-48f3-8727-dfe3ed85a294@group-108C4B708AA8: shutdown
2023-01-03 10:07:01,115 [f16244a9-e060-48f3-8727-dfe3ed85a294-impl-thread3] INFO  util.JmxRegister (JmxRegister.java:unregister(73)) - Successfully un-registered JMX Bean with object name Ratis:service=RaftServer,group=group-108C4B708AA8,id=f16244a9-e060-48f3-8727-dfe3ed85a294
2023-01-03 10:07:01,115 [f16244a9-e060-48f3-8727-dfe3ed85a294-impl-thread3] INFO  impl.RoleInfo (RoleInfo.java:shutdownFollowerState(110)) - f16244a9-e060-48f3-8727-dfe3ed85a294: shutdown f16244a9-e060-48f3-8727-dfe3ed85a294@group-108C4B708AA8-FollowerState
2023-01-03 10:07:01,116 [1e90a81f-431a-478a-9b2e-dbda4ffaca44@group-4930332E8D38-StateMachineUpdater] INFO  ratis.ContainerStateMachine (ContainerStateMachine.java:takeSnapshot(308)) - group-4930332E8D38: Taking a snapshot at:(t:1, i:0) file /home/runner/work/ozone/ozone/hadoop-ozone/integration-test/target/test-dir/MiniOzoneClusterImpl-70d28db6-796b-4d31-8f04-926db9b5570a/datanode-1/data/ratis/0cfe0456-36d8-4b5b-993a-4930332e8d38/sm/snapshot.1_0
2023-01-03 10:07:01,118 [grpc-default-executor-2] WARN  server.GrpcServerProtocolService (LogUtils.java:warn(122)) - f16244a9-e060-48f3-8727-dfe3ed85a294: installSnapshot onError, lastRequest: e60c2466-e581-4a2a-a391-12b730c6e057->f16244a9-e060-48f3-8727-dfe3ed85a294#130-t1,previous=(t:1, i:25),leaderCommit=25,initializing? true,entries: size=1, first=(t:1, i:26), METADATAENTRY(c:25): org.apache.ratis.thirdparty.io.grpc.StatusRuntimeException: CANCELLED: client cancelled
2023-01-03 10:07:01,124 [1e90a81f-431a-478a-9b2e-dbda4ffaca44-impl-thread2] INFO  server.RaftServer$Division (RaftServerImpl.java:lambda$close$4(458)) - 1e90a81f-431a-478a-9b2e-dbda4ffaca44@group-E0C05578D4FA: shutdown
2023-01-03 10:07:01,126 [1e90a81f-431a-478a-9b2e-dbda4ffaca44-impl-thread2] INFO  util.JmxRegister (JmxRegister.java:unregister(73)) - Successfully un-registered JMX Bean with object name Ratis:service=RaftServer,group=group-E0C05578D4FA,id=1e90a81f-431a-478a-9b2e-dbda4ffaca44
2023-01-03 10:07:01,126 [1e90a81f-431a-478a-9b2e-dbda4ffaca44-impl-thread2] INFO  impl.RoleInfo (RoleInfo.java:shutdownFollowerState(110)) - 1e90a81f-431a-478a-9b2e-dbda4ffaca44: shutdown 1e90a81f-431a-478a-9b2e-dbda4ffaca44@group-E0C05578D4FA-FollowerState
2023-01-03 10:07:01,129 [ForkJoinPool.commonPool-worker-1] INFO  server.GrpcService (GrpcService.java:closeImpl(271)) - 1e90a81f-431a-478a-9b2e-dbda4ffaca44: shutdown server GrpcServerProtocolService now
2023-01-03 10:07:01,129 [1e90a81f-431a-478a-9b2e-dbda4ffaca44-impl-thread3] INFO  server.RaftServer$Division (RaftServerImpl.java:lambda$close$4(458)) - 1e90a81f-431a-478a-9b2e-dbda4ffaca44@group-108C4B708AA8: shutdown
2023-01-03 10:07:01,136 [1e90a81f-431a-478a-9b2e-dbda4ffaca44@group-E0C05578D4FA-StateMachineUpdater] INFO  ratis.ContainerStateMachine (ContainerStateMachine.java:takeSnapshot(308)) - group-E0C05578D4FA: Taking a snapshot at:(t:1, i:26) file /home/runner/work/ozone/ozone/hadoop-ozone/integration-test/target/test-dir/MiniOzoneClusterImpl-70d28db6-796b-4d31-8f04-926db9b5570a/datanode-1/data/ratis/e77512d2-e62e-4623-9b52-e0c05578d4fa/sm/snapshot.1_26
2023-01-03 10:07:01,136 [1e90a81f-431a-478a-9b2e-dbda4ffaca44@group-E0C05578D4FA-FollowerState] INFO  impl.FollowerState (FollowerState.java:run(152)) - 1e90a81f-431a-478a-9b2e-dbda4ffaca44@group-E0C05578D4FA-FollowerState was interrupted
2023-01-03 10:07:01,136 [1e90a81f-431a-478a-9b2e-dbda4ffaca44-impl-thread2] INFO  impl.StateMachineUpdater (StateMachineUpdater.java:stopAndJoin(153)) - 1e90a81f-431a-478a-9b2e-dbda4ffaca44@group-E0C05578D4FA-StateMachineUpdater: set stopIndex = 26
2023-01-03 10:07:01,137 [1e90a81f-431a-478a-9b2e-dbda4ffaca44-impl-thread3] INFO  util.JmxRegister (JmxRegister.java:unregister(73)) - Successfully un-registered JMX Bean with object name Ratis:service=RaftServer,group=group-108C4B708AA8,id=1e90a81f-431a-478a-9b2e-dbda4ffaca44
2023-01-03 10:07:01,135 [grpc-default-executor-0] WARN  server.GrpcServerProtocolService (LogUtils.java:warn(122)) - f16244a9-e060-48f3-8727-dfe3ed85a294: installSnapshot onError, lastRequest: null: org.apache.ratis.thirdparty.io.grpc.StatusRuntimeException: CANCELLED: client cancelled
2023-01-03 10:07:01,120 [grpc-default-executor-4] WARN  server.GrpcServerProtocolService (LogUtils.java:warn(122)) - f16244a9-e060-48f3-8727-dfe3ed85a294: installSnapshot onError, lastRequest: 1e90a81f-431a-478a-9b2e-dbda4ffaca44->f16244a9-e060-48f3-8727-dfe3ed85a294#16-t3,previous=(t:3, i:2),leaderCommit=2,initializing? true,entries: size=1, first=(t:3, i:3), METADATAENTRY(c:2): org.apache.ratis.thirdparty.io.grpc.StatusRuntimeException: CANCELLED: client cancelled
2023-01-03 10:07:01,120 [grpc-default-executor-3] WARN  server.GrpcServerProtocolService (LogUtils.java:warn(122)) - f16244a9-e060-48f3-8727-dfe3ed85a294: installSnapshot onError, lastRequest: null: org.apache.ratis.thirdparty.io.grpc.StatusRuntimeException: CANCELLED: client cancelled
2023-01-03 10:07:01,134 [f16244a9-e060-48f3-8727-dfe3ed85a294@group-108C4B708AA8-StateMachineUpdater] INFO  ratis.ContainerStateMachine (ContainerStateMachine.java:takeSnapshot(308)) - group-108C4B708AA8: Taking a snapshot at:(t:3, i:3) file /home/runner/work/ozone/ozone/hadoop-ozone/integration-test/target/test-dir/MiniOzoneClusterImpl-70d28db6-796b-4d31-8f04-926db9b5570a/datanode-2/data/ratis/ec118c1c-3abc-4c50-81b9-108c4b708aa8/sm/snapshot.3_3
2023-01-03 10:07:01,134 [Listener at 127.0.0.1/41175] INFO  server.GrpcServerProtocolClient (GrpcServerProtocolClient.java:close(101)) - e60c2466-e581-4a2a-a391-12b730c6e057 Close channels
2023-01-03 10:07:01,134 [f16244a9-e060-48f3-8727-dfe3ed85a294-impl-thread3] INFO  impl.StateMachineUpdater (StateMachineUpdater.java:stopAndJoin(153)) - f16244a9-e060-48f3-8727-dfe3ed85a294@group-108C4B708AA8-StateMachineUpdater: set stopIndex = 3
2023-01-03 10:07:01,134 [f16244a9-e060-48f3-8727-dfe3ed85a294@group-E0C05578D4FA-StateMachineUpdater] INFO  ratis.ContainerStateMachine (ContainerStateMachine.java:takeSnapshot(308)) - group-E0C05578D4FA: Taking a snapshot at:(t:1, i:26) file /home/runner/work/ozone/ozone/hadoop-ozone/integration-test/target/test-dir/MiniOzoneClusterImpl-70d28db6-796b-4d31-8f04-926db9b5570a/datanode-2/data/ratis/e77512d2-e62e-4623-9b52-e0c05578d4fa/sm/snapshot.1_26
2023-01-03 10:07:01,134 [f16244a9-e060-48f3-8727-dfe3ed85a294@group-E0C05578D4FA-FollowerState] INFO  impl.FollowerState (FollowerState.java:run(152)) - f16244a9-e060-48f3-8727-dfe3ed85a294@group-E0C05578D4FA-FollowerState was interrupted
2023-01-03 10:07:01,134 [f16244a9-e060-48f3-8727-dfe3ed85a294-impl-thread2] INFO  impl.StateMachineUpdater (StateMachineUpdater.java:stopAndJoin(153)) - f16244a9-e060-48f3-8727-dfe3ed85a294@group-E0C05578D4FA-StateMachineUpdater: set stopIndex = 26
2023-01-03 10:07:01,134 [f16244a9-e060-48f3-8727-dfe3ed85a294@group-108C4B708AA8-FollowerState] INFO  impl.FollowerState (FollowerState.java:run(152)) - f16244a9-e060-48f3-8727-dfe3ed85a294@group-108C4B708AA8-FollowerState was interrupted
2023-01-03 10:07:01,141 [grpc-default-executor-11] WARN  server.GrpcServerProtocolService (LogUtils.java:warn(122)) - 1e90a81f-431a-478a-9b2e-dbda4ffaca44: installSnapshot onError, lastRequest: null: org.apache.ratis.thirdparty.io.grpc.StatusRuntimeException: CANCELLED: client cancelled
2023-01-03 10:07:01,143 [grpc-default-executor-1] WARN  server.GrpcLogAppender (LogUtils.java:warn(122)) - e60c2466-e581-4a2a-a391-12b730c6e057@group-E0C05578D4FA->f16244a9-e060-48f3-8727-dfe3ed85a294-AppendLogResponseHandler: Failed appendEntries: org.apache.ratis.thirdparty.io.grpc.StatusRuntimeException: CANCELLED: RST_STREAM closed stream. HTTP/2 error code: CANCEL
2023-01-03 10:07:01,145 [grpc-default-executor-1] INFO  leader.FollowerInfo (FollowerInfoImpl.java:lambda$new$0(48)) - e60c2466-e581-4a2a-a391-12b730c6e057@group-E0C05578D4FA->f16244a9-e060-48f3-8727-dfe3ed85a294: nextIndex: updateUnconditionally 27 -> 26
2023-01-03 10:07:01,138 [ForkJoinPool.commonPool-worker-1] INFO  server.GrpcServerProtocolClient (GrpcServerProtocolClient.java:close(101)) - e60c2466-e581-4a2a-a391-12b730c6e057 Close channels
2023-01-03 10:07:01,148 [1e90a81f-431a-478a-9b2e-dbda4ffaca44-impl-thread3] INFO  impl.RoleInfo (RoleInfo.java:shutdownLeaderState(93)) - 1e90a81f-431a-478a-9b2e-dbda4ffaca44: shutdown 1e90a81f-431a-478a-9b2e-dbda4ffaca44@group-108C4B708AA8-LeaderStateImpl
2023-01-03 10:07:01,148 [1e90a81f-431a-478a-9b2e-dbda4ffaca44-impl-thread3] INFO  impl.PendingRequests (PendingRequests.java:sendNotLeaderResponses(282)) - 1e90a81f-431a-478a-9b2e-dbda4ffaca44@group-108C4B708AA8-PendingRequests: sendNotLeaderResponses
2023-01-03 10:07:01,148 [grpc-default-executor-3] WARN  server.GrpcLogAppender (LogUtils.java:warn(122)) - e60c2466-e581-4a2a-a391-12b730c6e057@group-E0C05578D4FA->f16244a9-e060-48f3-8727-dfe3ed85a294-AppendLogResponseHandler: Failed appendEntries: org.apache.ratis.thirdparty.io.grpc.StatusRuntimeException: CANCELLED: RST_STREAM closed stream. HTTP/2 error code: CANCEL
2023-01-03 10:07:01,149 [grpc-default-executor-9] WARN  server.GrpcClientProtocolService (LogUtils.java:warn(122)) - 0-OrderedRequestStreamObserver0: onError: org.apache.ratis.thirdparty.io.grpc.StatusRuntimeException: CANCELLED: client cancelled
2023-01-03 10:07:01,150 [grpc-default-executor-7] WARN  server.GrpcLogAppender (LogUtils.java:warn(122)) - 1e90a81f-431a-478a-9b2e-dbda4ffaca44@group-108C4B708AA8->f16244a9-e060-48f3-8727-dfe3ed85a294-AppendLogResponseHandler: Failed appendEntries: org.apache.ratis.thirdparty.io.grpc.StatusRuntimeException: CANCELLED: RST_STREAM closed stream. HTTP/2 error code: CANCEL
2023-01-03 10:07:01,150 [1e90a81f-431a-478a-9b2e-dbda4ffaca44@group-108C4B708AA8->f16244a9-e060-48f3-8727-dfe3ed85a294-GrpcLogAppender-LogAppenderDaemon] WARN  server.GrpcLogAppender (GrpcLogAppender.java:mayWait(200)) - 1e90a81f-431a-478a-9b2e-dbda4ffaca44@group-108C4B708AA8->f16244a9-e060-48f3-8727-dfe3ed85a294-GrpcLogAppender: Wait interrupted by java.lang.InterruptedException
2023-01-03 10:07:01,151 [1e90a81f-431a-478a-9b2e-dbda4ffaca44@group-108C4B708AA8->e60c2466-e581-4a2a-a391-12b730c6e057-GrpcLogAppender-LogAppenderDaemon] WARN  server.GrpcLogAppender (GrpcLogAppender.java:mayWait(200)) - 1e90a81f-431a-478a-9b2e-dbda4ffaca44@group-108C4B708AA8->e60c2466-e581-4a2a-a391-12b730c6e057-GrpcLogAppender: Wait interrupted by java.lang.InterruptedException
2023-01-03 10:07:01,152 [grpc-default-executor-9] WARN  server.GrpcLogAppender (LogUtils.java:warn(122)) - e60c2466-e581-4a2a-a391-12b730c6e057@group-E0C05578D4FA->1e90a81f-431a-478a-9b2e-dbda4ffaca44-AppendLogResponseHandler: Failed appendEntries: org.apache.ratis.thirdparty.io.grpc.StatusRuntimeException: CANCELLED: RST_STREAM closed stream. HTTP/2 error code: CANCEL
2023-01-03 10:07:01,147 [grpc-default-executor-8] WARN  server.GrpcLogAppender (LogUtils.java:warn(122)) - 1e90a81f-431a-478a-9b2e-dbda4ffaca44@group-108C4B708AA8->f16244a9-e060-48f3-8727-dfe3ed85a294-AppendLogResponseHandler: Failed appendEntries: org.apache.ratis.thirdparty.io.grpc.StatusRuntimeException: CANCELLED: RST_STREAM closed stream. HTTP/2 error code: CANCEL
2023-01-03 10:07:01,151 [grpc-default-executor-7] INFO  leader.FollowerInfo (FollowerInfoImpl.java:lambda$new$0(48)) - 1e90a81f-431a-478a-9b2e-dbda4ffaca44@group-108C4B708AA8->f16244a9-e060-48f3-8727-dfe3ed85a294: nextIndex: updateUnconditionally 4 -> 3
2023-01-03 10:07:01,154 [grpc-default-executor-8] INFO  leader.FollowerInfo (FollowerInfoImpl.java:lambda$new$0(48)) - 1e90a81f-431a-478a-9b2e-dbda4ffaca44@group-108C4B708AA8->f16244a9-e060-48f3-8727-dfe3ed85a294: nextIndex: updateUnconditionally 3 -> 2
2023-01-03 10:07:01,152 [grpc-default-executor-3] INFO  leader.FollowerInfo (FollowerInfoImpl.java:lambda$new$0(48)) - e60c2466-e581-4a2a-a391-12b730c6e057@group-E0C05578D4FA->f16244a9-e060-48f3-8727-dfe3ed85a294: nextIndex: updateUnconditionally 27 -> 26
2023-01-03 10:07:01,157 [grpc-default-executor-5] INFO  server.GrpcServerProtocolService (GrpcServerProtocolService.java:onCompleted(143)) - e60c2466-e581-4a2a-a391-12b730c6e057: Completed APPEND_ENTRIES, lastRequest: null
2023-01-03 10:07:01,158 [grpc-default-executor-7] WARN  server.GrpcServerProtocolService (LogUtils.java:warn(122)) - 1e90a81f-431a-478a-9b2e-dbda4ffaca44: installSnapshot onError, lastRequest: e60c2466-e581-4a2a-a391-12b730c6e057->1e90a81f-431a-478a-9b2e-dbda4ffaca44#129-t1,previous=(t:1, i:25),leaderCommit=25,initializing? true,entries: size=1, first=(t:1, i:26), METADATAENTRY(c:25): org.apache.ratis.thirdparty.io.grpc.StatusRuntimeException: CANCELLED: client cancelled
2023-01-03 10:07:01,152 [grpc-default-executor-9] INFO  leader.FollowerInfo (FollowerInfoImpl.java:lambda$new$0(48)) - e60c2466-e581-4a2a-a391-12b730c6e057@group-E0C05578D4FA->1e90a81f-431a-478a-9b2e-dbda4ffaca44: nextIndex: updateUnconditionally 27 -> 26
2023-01-03 10:07:01,163 [1e90a81f-431a-478a-9b2e-dbda4ffaca44-impl-thread3] INFO  impl.StateMachineUpdater (StateMachineUpdater.java:stopAndJoin(153)) - 1e90a81f-431a-478a-9b2e-dbda4ffaca44@group-108C4B708AA8-StateMachineUpdater: set stopIndex = 3
2023-01-03 10:07:01,164 [1e90a81f-431a-478a-9b2e-dbda4ffaca44@group-108C4B708AA8-StateMachineUpdater] INFO  ratis.ContainerStateMachine (ContainerStateMachine.java:takeSnapshot(308)) - group-108C4B708AA8: Taking a snapshot at:(t:3, i:3) file /home/runner/work/ozone/ozone/hadoop-ozone/integration-test/target/test-dir/MiniOzoneClusterImpl-70d28db6-796b-4d31-8f04-926db9b5570a/datanode-1/data/ratis/ec118c1c-3abc-4c50-81b9-108c4b708aa8/sm/snapshot.3_3
2023-01-03 10:07:01,166 [grpc-default-executor-7] WARN  server.GrpcLogAppender (LogUtils.java:warn(122)) - e60c2466-e581-4a2a-a391-12b730c6e057@group-E0C05578D4FA->1e90a81f-431a-478a-9b2e-dbda4ffaca44-AppendLogResponseHandler: Failed appendEntries: org.apache.ratis.thirdparty.io.grpc.StatusRuntimeException: UNAVAILABLE: io exception
2023-01-03 10:07:01,166 [Listener at 127.0.0.1/41175] INFO  server.GrpcServerProtocolClient (GrpcServerProtocolClient.java:close(101)) - 1e90a81f-431a-478a-9b2e-dbda4ffaca44 Close channels
2023-01-03 10:07:01,170 [Listener at 127.0.0.1/41175] INFO  server.GrpcService (GrpcService.java:closeImpl(280)) - f16244a9-e060-48f3-8727-dfe3ed85a294: shutdown server GrpcServerProtocolService successfully
2023-01-03 10:07:01,170 [f16244a9-e060-48f3-8727-dfe3ed85a294-NettyServerStreamRpc-bossGroup--thread1] INFO  logging.LoggingHandler (AbstractInternalLogger.java:log(148)) - [id: 0x5c5b68e9, L:/0:0:0:0:0:0:0:0:38733] CLOSE
2023-01-03 10:07:01,171 [f16244a9-e060-48f3-8727-dfe3ed85a294-NettyServerStreamRpc-bossGroup--thread1] INFO  logging.LoggingHandler (AbstractInternalLogger.java:log(148)) - [id: 0x5c5b68e9, L:/0:0:0:0:0:0:0:0:38733] INACTIVE
2023-01-03 10:07:01,171 [f16244a9-e060-48f3-8727-dfe3ed85a294-NettyServerStreamRpc-bossGroup--thread1] INFO  logging.LoggingHandler (AbstractInternalLogger.java:log(148)) - [id: 0x5c5b68e9, L:/0:0:0:0:0:0:0:0:38733] UNREGISTERED
2023-01-03 10:07:01,170 [grpc-default-executor-5] INFO  server.GrpcServerProtocolService (GrpcServerProtocolService.java:onCompleted(143)) - e60c2466-e581-4a2a-a391-12b730c6e057: Completed APPEND_ENTRIES, lastRequest: 1e90a81f-431a-478a-9b2e-dbda4ffaca44->e60c2466-e581-4a2a-a391-12b730c6e057#14-t3,previous=(t:3, i:2),leaderCommit=2,initializing? true,entries: size=1, first=(t:3, i:3), METADATAENTRY(c:2)
2023-01-03 10:07:01,170 [grpc-default-executor-9] WARN  server.GrpcLogAppender (LogUtils.java:warn(122)) - e60c2466-e581-4a2a-a391-12b730c6e057@group-E0C05578D4FA->f16244a9-e060-48f3-8727-dfe3ed85a294-AppendLogResponseHandler: Failed appendEntries: org.apache.ratis.thirdparty.io.grpc.StatusRuntimeException: UNAVAILABLE: io exception
2023-01-03 10:07:01,171 [grpc-default-executor-9] INFO  leader.FollowerInfo (FollowerInfoImpl.java:lambda$new$0(48)) - e60c2466-e581-4a2a-a391-12b730c6e057@group-E0C05578D4FA->f16244a9-e060-48f3-8727-dfe3ed85a294: nextIndex: updateUnconditionally 26 -> 25
2023-01-03 10:07:01,172 [grpc-default-executor-7] INFO  leader.FollowerInfo (FollowerInfoImpl.java:lambda$new$0(48)) - e60c2466-e581-4a2a-a391-12b730c6e057@group-E0C05578D4FA->1e90a81f-431a-478a-9b2e-dbda4ffaca44: nextIndex: updateUnconditionally 27 -> 26
2023-01-03 10:07:01,167 [grpc-default-executor-11] WARN  server.GrpcLogAppender (LogUtils.java:warn(122)) - e60c2466-e581-4a2a-a391-12b730c6e057@group-E0C05578D4FA->1e90a81f-431a-478a-9b2e-dbda4ffaca44-AppendLogResponseHandler: Failed appendEntries: org.apache.ratis.thirdparty.io.grpc.StatusRuntimeException: CANCELLED: RST_STREAM closed stream. HTTP/2 error code: CANCEL
2023-01-03 10:07:01,166 [grpc-default-executor-8] WARN  server.GrpcLogAppender (LogUtils.java:warn(122)) - e60c2466-e581-4a2a-a391-12b730c6e057@group-E0C05578D4FA->f16244a9-e060-48f3-8727-dfe3ed85a294-AppendLogResponseHandler: Failed appendEntries: org.apache.ratis.thirdparty.io.grpc.StatusRuntimeException: UNAVAILABLE: io exception
2023-01-03 10:07:01,173 [grpc-default-executor-8] INFO  leader.FollowerInfo (FollowerInfoImpl.java:lambda$new$0(48)) - e60c2466-e581-4a2a-a391-12b730c6e057@group-E0C05578D4FA->f16244a9-e060-48f3-8727-dfe3ed85a294: nextIndex: updateUnconditionally 25 -> 24
2023-01-03 10:07:01,173 [grpc-default-executor-11] INFO  leader.FollowerInfo (FollowerInfoImpl.java:lambda$new$0(48)) - e60c2466-e581-4a2a-a391-12b730c6e057@group-E0C05578D4FA->1e90a81f-431a-478a-9b2e-dbda4ffaca44: nextIndex: updateUnconditionally 26 -> 25
2023-01-03 10:07:01,177 [grpc-default-executor-11] INFO  server.GrpcLogAppender (GrpcLogAppender.java:onCompleted(415)) - 1e90a81f-431a-478a-9b2e-dbda4ffaca44@group-108C4B708AA8->e60c2466-e581-4a2a-a391-12b730c6e057-AppendLogResponseHandler: follower responses appendEntries COMPLETED
2023-01-03 10:07:01,178 [grpc-default-executor-11] WARN  server.GrpcLogAppender (GrpcLogAppender.java:resetClient(137)) - 1e90a81f-431a-478a-9b2e-dbda4ffaca44@group-108C4B708AA8->e60c2466-e581-4a2a-a391-12b730c6e057-GrpcLogAppender: Failed to getClient for e60c2466-e581-4a2a-a391-12b730c6e057
org.apache.ratis.protocol.exceptions.AlreadyClosedException: 1e90a81f-431a-478a-9b2e-dbda4ffaca44 is already CLOSED
	at org.apache.ratis.util.PeerProxyMap$PeerAndProxy.getProxy(PeerProxyMap.java:61)
	at org.apache.ratis.util.PeerProxyMap.getProxy(PeerProxyMap.java:115)
	at org.apache.ratis.grpc.server.GrpcLogAppender.getClient(GrpcLogAppender.java:116)
	at org.apache.ratis.grpc.server.GrpcLogAppender.resetClient(GrpcLogAppender.java:121)
	at org.apache.ratis.grpc.server.GrpcLogAppender.access$500(GrpcLogAppender.java:58)
	at org.apache.ratis.grpc.server.GrpcLogAppender$AppendLogResponseHandler.onCompleted(GrpcLogAppender.java:416)
	at org.apache.ratis.thirdparty.io.grpc.stub.ClientCalls$StreamObserverToCallListenerAdapter.onClose(ClientCalls.java:485)
	at org.apache.ratis.thirdparty.io.grpc.internal.ClientCallImpl.closeObserver(ClientCallImpl.java:562)
	at org.apache.ratis.thirdparty.io.grpc.internal.ClientCallImpl.access$300(ClientCallImpl.java:70)
	at org.apache.ratis.thirdparty.io.grpc.internal.ClientCallImpl$ClientStreamListenerImpl$1StreamClosed.runInternal(ClientCallImpl.java:743)
	at org.apache.ratis.thirdparty.io.grpc.internal.ClientCallImpl$ClientStreamListenerImpl$1StreamClosed.runInContext(ClientCallImpl.java:722)
	at org.apache.ratis.thirdparty.io.grpc.internal.ContextRunnable.run(ContextRunnable.java:37)
	at org.apache.ratis.thirdparty.io.grpc.internal.SerializingExecutor.run(SerializingExecutor.java:133)
	at java.util.concurrent.ThreadPoolExecutor.runWorker(ThreadPoolExecutor.java:1149)
	at java.util.concurrent.ThreadPoolExecutor$Worker.run(ThreadPoolExecutor.java:624)
	at java.lang.Thread.run(Thread.java:750)
2023-01-03 10:07:01,190 [grpc-default-executor-11] WARN  server.GrpcLogAppender (LogUtils.java:warn(122)) - e60c2466-e581-4a2a-a391-12b730c6e057@group-E0C05578D4FA->1e90a81f-431a-478a-9b2e-dbda4ffaca44-AppendLogResponseHandler: Failed appendEntries: org.apache.ratis.thirdparty.io.grpc.StatusRuntimeException: UNAVAILABLE: io exception
2023-01-03 10:07:01,190 [grpc-default-executor-11] INFO  leader.FollowerInfo (FollowerInfoImpl.java:lambda$new$0(48)) - e60c2466-e581-4a2a-a391-12b730c6e057@group-E0C05578D4FA->1e90a81f-431a-478a-9b2e-dbda4ffaca44: nextIndex: updateUnconditionally 25 -> 24
2023-01-03 10:07:01,191 [grpc-default-executor-7] INFO  server.GrpcLogAppender (GrpcLogAppender.java:onCompleted(415)) - 1e90a81f-431a-478a-9b2e-dbda4ffaca44@group-108C4B708AA8->e60c2466-e581-4a2a-a391-12b730c6e057-AppendLogResponseHandler: follower responses appendEntries COMPLETED
2023-01-03 10:07:01,191 [grpc-default-executor-7] WARN  server.GrpcLogAppender (GrpcLogAppender.java:resetClient(137)) - 1e90a81f-431a-478a-9b2e-dbda4ffaca44@group-108C4B708AA8->e60c2466-e581-4a2a-a391-12b730c6e057-GrpcLogAppender: Failed to getClient for e60c2466-e581-4a2a-a391-12b730c6e057
org.apache.ratis.protocol.exceptions.AlreadyClosedException: 1e90a81f-431a-478a-9b2e-dbda4ffaca44 is already CLOSED
	at org.apache.ratis.util.PeerProxyMap$PeerAndProxy.getProxy(PeerProxyMap.java:61)
	at org.apache.ratis.util.PeerProxyMap.getProxy(PeerProxyMap.java:115)
	at org.apache.ratis.grpc.server.GrpcLogAppender.getClient(GrpcLogAppender.java:116)
	at org.apache.ratis.grpc.server.GrpcLogAppender.resetClient(GrpcLogAppender.java:121)
	at org.apache.ratis.grpc.server.GrpcLogAppender.access$500(GrpcLogAppender.java:58)
	at org.apache.ratis.grpc.server.GrpcLogAppender$AppendLogResponseHandler.onCompleted(GrpcLogAppender.java:416)
	at org.apache.ratis.thirdparty.io.grpc.stub.ClientCalls$StreamObserverToCallListenerAdapter.onClose(ClientCalls.java:485)
	at org.apache.ratis.thirdparty.io.grpc.internal.ClientCallImpl.closeObserver(ClientCallImpl.java:562)
	at org.apache.ratis.thirdparty.io.grpc.internal.ClientCallImpl.access$300(ClientCallImpl.java:70)
	at org.apache.ratis.thirdparty.io.grpc.internal.ClientCallImpl$ClientStreamListenerImpl$1StreamClosed.runInternal(ClientCallImpl.java:743)
	at org.apache.ratis.thirdparty.io.grpc.internal.ClientCallImpl$ClientStreamListenerImpl$1StreamClosed.runInContext(ClientCallImpl.java:722)
	at org.apache.ratis.thirdparty.io.grpc.internal.ContextRunnable.run(ContextRunnable.java:37)
	at org.apache.ratis.thirdparty.io.grpc.internal.SerializingExecutor.run(SerializingExecutor.java:133)
	at java.util.concurrent.ThreadPoolExecutor.runWorker(ThreadPoolExecutor.java:1149)
	at java.util.concurrent.ThreadPoolExecutor$Worker.run(ThreadPoolExecutor.java:624)
	at java.lang.Thread.run(Thread.java:750)
2023-01-03 10:07:01,197 [1e90a81f-431a-478a-9b2e-dbda4ffaca44@group-4930332E8D38-StateMachineUpdater] INFO  ratis.ContainerStateMachine (ContainerStateMachine.java:takeSnapshot(319)) - group-4930332E8D38: Finished taking a snapshot at:(t:1, i:0) file:/home/runner/work/ozone/ozone/hadoop-ozone/integration-test/target/test-dir/MiniOzoneClusterImpl-70d28db6-796b-4d31-8f04-926db9b5570a/datanode-1/data/ratis/0cfe0456-36d8-4b5b-993a-4930332e8d38/sm/snapshot.1_0 took: 81 ms
2023-01-03 10:07:01,198 [f16244a9-e060-48f3-8727-dfe3ed85a294@group-837E6CCCAA62-StateMachineUpdater] INFO  ratis.ContainerStateMachine (ContainerStateMachine.java:takeSnapshot(319)) - group-837E6CCCAA62: Finished taking a snapshot at:(t:1, i:0) file:/home/runner/work/ozone/ozone/hadoop-ozone/integration-test/target/test-dir/MiniOzoneClusterImpl-70d28db6-796b-4d31-8f04-926db9b5570a/datanode-2/data/ratis/89c5b1ff-fd4a-40dc-8c9b-837e6cccaa62/sm/snapshot.1_0 took: 92 ms
2023-01-03 10:07:01,198 [f16244a9-e060-48f3-8727-dfe3ed85a294@group-108C4B708AA8-StateMachineUpdater] INFO  ratis.ContainerStateMachine (ContainerStateMachine.java:takeSnapshot(319)) - group-108C4B708AA8: Finished taking a snapshot at:(t:3, i:3) file:/home/runner/work/ozone/ozone/hadoop-ozone/integration-test/target/test-dir/MiniOzoneClusterImpl-70d28db6-796b-4d31-8f04-926db9b5570a/datanode-2/data/ratis/ec118c1c-3abc-4c50-81b9-108c4b708aa8/sm/snapshot.3_3 took: 64 ms
2023-01-03 10:07:01,198 [1e90a81f-431a-478a-9b2e-dbda4ffaca44@group-4930332E8D38-StateMachineUpdater] INFO  impl.StateMachineUpdater (StateMachineUpdater.java:takeSnapshot(287)) - 1e90a81f-431a-478a-9b2e-dbda4ffaca44@group-4930332E8D38-StateMachineUpdater: Took a snapshot at index 0
2023-01-03 10:07:01,198 [f16244a9-e060-48f3-8727-dfe3ed85a294@group-837E6CCCAA62-StateMachineUpdater] INFO  impl.StateMachineUpdater (StateMachineUpdater.java:takeSnapshot(287)) - f16244a9-e060-48f3-8727-dfe3ed85a294@group-837E6CCCAA62-StateMachineUpdater: Took a snapshot at index 0
2023-01-03 10:07:01,198 [1e90a81f-431a-478a-9b2e-dbda4ffaca44@group-4930332E8D38-StateMachineUpdater] INFO  impl.StateMachineUpdater (StateMachineUpdater.java:lambda$new$0(92)) - 1e90a81f-431a-478a-9b2e-dbda4ffaca44@group-4930332E8D38-StateMachineUpdater: snapshotIndex: updateIncreasingly -1 -> 0
2023-01-03 10:07:01,198 [f16244a9-e060-48f3-8727-dfe3ed85a294@group-837E6CCCAA62-StateMachineUpdater] INFO  impl.StateMachineUpdater (StateMachineUpdater.java:lambda$new$0(92)) - f16244a9-e060-48f3-8727-dfe3ed85a294@group-837E6CCCAA62-StateMachineUpdater: snapshotIndex: updateIncreasingly -1 -> 0
2023-01-03 10:07:01,198 [f16244a9-e060-48f3-8727-dfe3ed85a294@group-108C4B708AA8-StateMachineUpdater] INFO  impl.StateMachineUpdater (StateMachineUpdater.java:takeSnapshot(287)) - f16244a9-e060-48f3-8727-dfe3ed85a294@group-108C4B708AA8-StateMachineUpdater: Took a snapshot at index 3
2023-01-03 10:07:01,198 [f16244a9-e060-48f3-8727-dfe3ed85a294@group-108C4B708AA8-StateMachineUpdater] INFO  impl.StateMachineUpdater (StateMachineUpdater.java:lambda$new$0(92)) - f16244a9-e060-48f3-8727-dfe3ed85a294@group-108C4B708AA8-StateMachineUpdater: snapshotIndex: updateIncreasingly -1 -> 3
2023-01-03 10:07:01,200 [1e90a81f-431a-478a-9b2e-dbda4ffaca44@group-E0C05578D4FA-StateMachineUpdater] INFO  ratis.ContainerStateMachine (ContainerStateMachine.java:takeSnapshot(319)) - group-E0C05578D4FA: Finished taking a snapshot at:(t:1, i:26) file:/home/runner/work/ozone/ozone/hadoop-ozone/integration-test/target/test-dir/MiniOzoneClusterImpl-70d28db6-796b-4d31-8f04-926db9b5570a/datanode-1/data/ratis/e77512d2-e62e-4623-9b52-e0c05578d4fa/sm/snapshot.1_26 took: 63 ms
2023-01-03 10:07:01,200 [1e90a81f-431a-478a-9b2e-dbda4ffaca44@group-108C4B708AA8-StateMachineUpdater] INFO  ratis.ContainerStateMachine (ContainerStateMachine.java:takeSnapshot(319)) - group-108C4B708AA8: Finished taking a snapshot at:(t:3, i:3) file:/home/runner/work/ozone/ozone/hadoop-ozone/integration-test/target/test-dir/MiniOzoneClusterImpl-70d28db6-796b-4d31-8f04-926db9b5570a/datanode-1/data/ratis/ec118c1c-3abc-4c50-81b9-108c4b708aa8/sm/snapshot.3_3 took: 36 ms
2023-01-03 10:07:01,200 [1e90a81f-431a-478a-9b2e-dbda4ffaca44@group-108C4B708AA8-StateMachineUpdater] INFO  impl.StateMachineUpdater (StateMachineUpdater.java:takeSnapshot(287)) - 1e90a81f-431a-478a-9b2e-dbda4ffaca44@group-108C4B708AA8-StateMachineUpdater: Took a snapshot at index 3
2023-01-03 10:07:01,200 [1e90a81f-431a-478a-9b2e-dbda4ffaca44@group-108C4B708AA8-StateMachineUpdater] INFO  impl.StateMachineUpdater (StateMachineUpdater.java:lambda$new$0(92)) - 1e90a81f-431a-478a-9b2e-dbda4ffaca44@group-108C4B708AA8-StateMachineUpdater: snapshotIndex: updateIncreasingly -1 -> 3
2023-01-03 10:07:01,200 [1e90a81f-431a-478a-9b2e-dbda4ffaca44@group-E0C05578D4FA-StateMachineUpdater] INFO  impl.StateMachineUpdater (StateMachineUpdater.java:takeSnapshot(287)) - 1e90a81f-431a-478a-9b2e-dbda4ffaca44@group-E0C05578D4FA-StateMachineUpdater: Took a snapshot at index 26
2023-01-03 10:07:01,200 [1e90a81f-431a-478a-9b2e-dbda4ffaca44@group-E0C05578D4FA-StateMachineUpdater] INFO  impl.StateMachineUpdater (StateMachineUpdater.java:lambda$new$0(92)) - 1e90a81f-431a-478a-9b2e-dbda4ffaca44@group-E0C05578D4FA-StateMachineUpdater: snapshotIndex: updateIncreasingly -1 -> 26
2023-01-03 10:07:01,200 [f16244a9-e060-48f3-8727-dfe3ed85a294@group-E0C05578D4FA-StateMachineUpdater] INFO  ratis.ContainerStateMachine (ContainerStateMachine.java:takeSnapshot(319)) - group-E0C05578D4FA: Finished taking a snapshot at:(t:1, i:26) file:/home/runner/work/ozone/ozone/hadoop-ozone/integration-test/target/test-dir/MiniOzoneClusterImpl-70d28db6-796b-4d31-8f04-926db9b5570a/datanode-2/data/ratis/e77512d2-e62e-4623-9b52-e0c05578d4fa/sm/snapshot.1_26 took: 66 ms
2023-01-03 10:07:01,202 [ForkJoinPool.commonPool-worker-1] INFO  server.GrpcServerProtocolClient (GrpcServerProtocolClient.java:close(101)) - f16244a9-e060-48f3-8727-dfe3ed85a294 Close channels
2023-01-03 10:07:01,202 [f16244a9-e060-48f3-8727-dfe3ed85a294@group-E0C05578D4FA-StateMachineUpdater] INFO  impl.StateMachineUpdater (StateMachineUpdater.java:takeSnapshot(287)) - f16244a9-e060-48f3-8727-dfe3ed85a294@group-E0C05578D4FA-StateMachineUpdater: Took a snapshot at index 26
2023-01-03 10:07:01,202 [f16244a9-e060-48f3-8727-dfe3ed85a294@group-E0C05578D4FA-StateMachineUpdater] INFO  impl.StateMachineUpdater (StateMachineUpdater.java:lambda$new$0(92)) - f16244a9-e060-48f3-8727-dfe3ed85a294@group-E0C05578D4FA-StateMachineUpdater: snapshotIndex: updateIncreasingly -1 -> 26
2023-01-03 10:07:01,202 [ForkJoinPool.commonPool-worker-1] INFO  server.GrpcService (GrpcService.java:closeImpl(280)) - 1e90a81f-431a-478a-9b2e-dbda4ffaca44: shutdown server GrpcServerProtocolService successfully
2023-01-03 10:07:01,203 [1e90a81f-431a-478a-9b2e-dbda4ffaca44-NettyServerStreamRpc-bossGroup--thread1] INFO  logging.LoggingHandler (AbstractInternalLogger.java:log(148)) - [id: 0x271ad402, L:/0:0:0:0:0:0:0:0:44723] CLOSE
2023-01-03 10:07:01,203 [1e90a81f-431a-478a-9b2e-dbda4ffaca44-NettyServerStreamRpc-bossGroup--thread1] INFO  logging.LoggingHandler (AbstractInternalLogger.java:log(148)) - [id: 0x271ad402, L:/0:0:0:0:0:0:0:0:44723] INACTIVE
2023-01-03 10:07:01,203 [1e90a81f-431a-478a-9b2e-dbda4ffaca44-NettyServerStreamRpc-bossGroup--thread1] INFO  logging.LoggingHandler (AbstractInternalLogger.java:log(148)) - [id: 0x271ad402, L:/0:0:0:0:0:0:0:0:44723] UNREGISTERED
2023-01-03 10:07:01,205 [1e90a81f-431a-478a-9b2e-dbda4ffaca44-impl-thread1] INFO  server.RaftServer$Division (ServerState.java:close(466)) - 1e90a81f-431a-478a-9b2e-dbda4ffaca44@group-4930332E8D38: closes. applyIndex: 0
2023-01-03 10:07:01,206 [1e90a81f-431a-478a-9b2e-dbda4ffaca44-impl-thread3] INFO  server.RaftServer$Division (ServerState.java:close(466)) - 1e90a81f-431a-478a-9b2e-dbda4ffaca44@group-108C4B708AA8: closes. applyIndex: 3
2023-01-03 10:07:01,207 [f16244a9-e060-48f3-8727-dfe3ed85a294-impl-thread2] INFO  server.RaftServer$Division (ServerState.java:close(466)) - f16244a9-e060-48f3-8727-dfe3ed85a294@group-E0C05578D4FA: closes. applyIndex: 26
2023-01-03 10:07:01,207 [1e90a81f-431a-478a-9b2e-dbda4ffaca44@group-108C4B708AA8-SegmentedRaftLogWorker] INFO  segmented.SegmentedRaftLogWorker (SegmentedRaftLogWorker.java:run(347)) - 1e90a81f-431a-478a-9b2e-dbda4ffaca44@group-108C4B708AA8-SegmentedRaftLogWorker was interrupted, exiting. There are 0 tasks remaining in the queue.
2023-01-03 10:07:01,207 [1e90a81f-431a-478a-9b2e-dbda4ffaca44-impl-thread2] INFO  server.RaftServer$Division (ServerState.java:close(466)) - 1e90a81f-431a-478a-9b2e-dbda4ffaca44@group-E0C05578D4FA: closes. applyIndex: 26
2023-01-03 10:07:01,208 [f16244a9-e060-48f3-8727-dfe3ed85a294@group-E0C05578D4FA-SegmentedRaftLogWorker] INFO  segmented.SegmentedRaftLogWorker (SegmentedRaftLogWorker.java:run(347)) - f16244a9-e060-48f3-8727-dfe3ed85a294@group-E0C05578D4FA-SegmentedRaftLogWorker was interrupted, exiting. There are 0 tasks remaining in the queue.
2023-01-03 10:07:01,208 [1e90a81f-431a-478a-9b2e-dbda4ffaca44@group-4930332E8D38-SegmentedRaftLogWorker] INFO  segmented.SegmentedRaftLogWorker (SegmentedRaftLogWorker.java:run(347)) - 1e90a81f-431a-478a-9b2e-dbda4ffaca44@group-4930332E8D38-SegmentedRaftLogWorker was interrupted, exiting. There are 0 tasks remaining in the queue.
2023-01-03 10:07:01,209 [f16244a9-e060-48f3-8727-dfe3ed85a294-impl-thread1] INFO  server.RaftServer$Division (ServerState.java:close(466)) - f16244a9-e060-48f3-8727-dfe3ed85a294@group-837E6CCCAA62: closes. applyIndex: 0
2023-01-03 10:07:01,209 [f16244a9-e060-48f3-8727-dfe3ed85a294@group-837E6CCCAA62-SegmentedRaftLogWorker] INFO  segmented.SegmentedRaftLogWorker (SegmentedRaftLogWorker.java:run(347)) - f16244a9-e060-48f3-8727-dfe3ed85a294@group-837E6CCCAA62-SegmentedRaftLogWorker was interrupted, exiting. There are 0 tasks remaining in the queue.
2023-01-03 10:07:01,210 [1e90a81f-431a-478a-9b2e-dbda4ffaca44@group-E0C05578D4FA-SegmentedRaftLogWorker] INFO  segmented.SegmentedRaftLogWorker (SegmentedRaftLogWorker.java:run(347)) - 1e90a81f-431a-478a-9b2e-dbda4ffaca44@group-E0C05578D4FA-SegmentedRaftLogWorker was interrupted, exiting. There are 0 tasks remaining in the queue.
2023-01-03 10:07:01,210 [f16244a9-e060-48f3-8727-dfe3ed85a294-impl-thread3] INFO  server.RaftServer$Division (ServerState.java:close(466)) - f16244a9-e060-48f3-8727-dfe3ed85a294@group-108C4B708AA8: closes. applyIndex: 3
2023-01-03 10:07:01,212 [f16244a9-e060-48f3-8727-dfe3ed85a294@group-108C4B708AA8-SegmentedRaftLogWorker] INFO  segmented.SegmentedRaftLogWorker (SegmentedRaftLogWorker.java:run(347)) - f16244a9-e060-48f3-8727-dfe3ed85a294@group-108C4B708AA8-SegmentedRaftLogWorker was interrupted, exiting. There are 0 tasks remaining in the queue.
2023-01-03 10:07:01,213 [1e90a81f-431a-478a-9b2e-dbda4ffaca44-impl-thread1] INFO  segmented.SegmentedRaftLogWorker (SegmentedRaftLogWorker.java:close(257)) - 1e90a81f-431a-478a-9b2e-dbda4ffaca44@group-4930332E8D38-SegmentedRaftLogWorker close()
2023-01-03 10:07:01,213 [f16244a9-e060-48f3-8727-dfe3ed85a294-impl-thread2] INFO  segmented.SegmentedRaftLogWorker (SegmentedRaftLogWorker.java:close(257)) - f16244a9-e060-48f3-8727-dfe3ed85a294@group-E0C05578D4FA-SegmentedRaftLogWorker close()
2023-01-03 10:07:01,213 [f16244a9-e060-48f3-8727-dfe3ed85a294-impl-thread1] INFO  segmented.SegmentedRaftLogWorker (SegmentedRaftLogWorker.java:close(257)) - f16244a9-e060-48f3-8727-dfe3ed85a294@group-837E6CCCAA62-SegmentedRaftLogWorker close()
2023-01-03 10:07:01,213 [1e90a81f-431a-478a-9b2e-dbda4ffaca44-impl-thread2] INFO  segmented.SegmentedRaftLogWorker (SegmentedRaftLogWorker.java:close(257)) - 1e90a81f-431a-478a-9b2e-dbda4ffaca44@group-E0C05578D4FA-SegmentedRaftLogWorker close()
2023-01-03 10:07:01,215 [1e90a81f-431a-478a-9b2e-dbda4ffaca44-impl-thread3] INFO  segmented.SegmentedRaftLogWorker (SegmentedRaftLogWorker.java:close(257)) - 1e90a81f-431a-478a-9b2e-dbda4ffaca44@group-108C4B708AA8-SegmentedRaftLogWorker close()
2023-01-03 10:07:01,217 [f16244a9-e060-48f3-8727-dfe3ed85a294-impl-thread3] INFO  segmented.SegmentedRaftLogWorker (SegmentedRaftLogWorker.java:close(257)) - f16244a9-e060-48f3-8727-dfe3ed85a294@group-108C4B708AA8-SegmentedRaftLogWorker close()
2023-01-03 10:07:01,218 [JvmPauseMonitor2] INFO  util.JvmPauseMonitor (JvmPauseMonitor.java:run(111)) - JvmPauseMonitor-1e90a81f-431a-478a-9b2e-dbda4ffaca44: Stopped
2023-01-03 10:07:01,219 [JvmPauseMonitor3] INFO  util.JvmPauseMonitor (JvmPauseMonitor.java:run(111)) - JvmPauseMonitor-f16244a9-e060-48f3-8727-dfe3ed85a294: Stopped
2023-01-03 10:07:01,362 [EventQueue-CommandQueueReportForCommandQueueReportHandler] WARN  events.EventQueue (EventQueue.java:fireEvent(216)) - No event handler registered for event TypedEvent{payloadType=DatanodeDetails, name='Datanode_Command_Queue_Updated'}
2023-01-03 10:07:01,551 [EventQueue-CommandQueueReportForCommandQueueReportHandler] WARN  events.EventQueue (EventQueue.java:fireEvent(216)) - No event handler registered for event TypedEvent{payloadType=DatanodeDetails, name='Datanode_Command_Queue_Updated'}
2023-01-03 10:07:01,916 [EventQueue-CommandQueueReportForCommandQueueReportHandler] WARN  events.EventQueue (EventQueue.java:fireEvent(216)) - No event handler registered for event TypedEvent{payloadType=DatanodeDetails, name='Datanode_Command_Queue_Updated'}
2023-01-03 10:07:02,206 [Under Replicated Processor] INFO  replication.UnhealthyReplicationProcessor (UnhealthyReplicationProcessor.java:processAll(103)) - Processed 0 containers with health state counts {},failed processing 0
2023-01-03 10:07:02,220 [Over Replicated Processor] INFO  replication.UnhealthyReplicationProcessor (UnhealthyReplicationProcessor.java:processAll(103)) - Processed 0 containers with health state counts {},failed processing 0
2023-01-03 10:07:02,363 [EventQueue-CommandQueueReportForCommandQueueReportHandler] WARN  events.EventQueue (EventQueue.java:fireEvent(216)) - No event handler registered for event TypedEvent{payloadType=DatanodeDetails, name='Datanode_Command_Queue_Updated'}
2023-01-03 10:07:02,551 [EventQueue-CommandQueueReportForCommandQueueReportHandler] WARN  events.EventQueue (EventQueue.java:fireEvent(216)) - No event handler registered for event TypedEvent{payloadType=DatanodeDetails, name='Datanode_Command_Queue_Updated'}
2023-01-03 10:07:02,673 [grpc-default-executor-7] WARN  server.GrpcLogAppender (LogUtils.java:warn(122)) - e60c2466-e581-4a2a-a391-12b730c6e057@group-E0C05578D4FA->f16244a9-e060-48f3-8727-dfe3ed85a294-AppendLogResponseHandler: Failed appendEntries: org.apache.ratis.thirdparty.io.grpc.StatusRuntimeException: UNAVAILABLE: io exception
2023-01-03 10:07:02,673 [grpc-default-executor-11] WARN  server.GrpcLogAppender (LogUtils.java:warn(122)) - e60c2466-e581-4a2a-a391-12b730c6e057@group-E0C05578D4FA->f16244a9-e060-48f3-8727-dfe3ed85a294-AppendLogResponseHandler: Failed appendEntries: org.apache.ratis.thirdparty.io.grpc.StatusRuntimeException: UNAVAILABLE: io exception
2023-01-03 10:07:02,674 [grpc-default-executor-7] INFO  leader.FollowerInfo (FollowerInfoImpl.java:lambda$new$0(48)) - e60c2466-e581-4a2a-a391-12b730c6e057@group-E0C05578D4FA->f16244a9-e060-48f3-8727-dfe3ed85a294: nextIndex: updateUnconditionally 24 -> 23
2023-01-03 10:07:02,675 [grpc-default-executor-8] WARN  server.GrpcLogAppender (LogUtils.java:warn(122)) - e60c2466-e581-4a2a-a391-12b730c6e057@group-E0C05578D4FA->1e90a81f-431a-478a-9b2e-dbda4ffaca44-AppendLogResponseHandler: Failed appendEntries: org.apache.ratis.thirdparty.io.grpc.StatusRuntimeException: UNAVAILABLE: io exception
2023-01-03 10:07:02,676 [grpc-default-executor-11] INFO  leader.FollowerInfo (FollowerInfoImpl.java:lambda$new$0(48)) - e60c2466-e581-4a2a-a391-12b730c6e057@group-E0C05578D4FA->f16244a9-e060-48f3-8727-dfe3ed85a294: nextIndex: updateUnconditionally 23 -> 22
2023-01-03 10:07:02,676 [grpc-default-executor-8] INFO  leader.FollowerInfo (FollowerInfoImpl.java:lambda$new$0(48)) - e60c2466-e581-4a2a-a391-12b730c6e057@group-E0C05578D4FA->1e90a81f-431a-478a-9b2e-dbda4ffaca44: nextIndex: updateUnconditionally 24 -> 23
2023-01-03 10:07:02,678 [grpc-default-executor-7] WARN  server.GrpcLogAppender (LogUtils.java:warn(122)) - e60c2466-e581-4a2a-a391-12b730c6e057@group-E0C05578D4FA->1e90a81f-431a-478a-9b2e-dbda4ffaca44-AppendLogResponseHandler: Failed appendEntries: org.apache.ratis.thirdparty.io.grpc.StatusRuntimeException: UNAVAILABLE: io exception
2023-01-03 10:07:02,678 [grpc-default-executor-7] INFO  leader.FollowerInfo (FollowerInfoImpl.java:lambda$new$0(48)) - e60c2466-e581-4a2a-a391-12b730c6e057@group-E0C05578D4FA->1e90a81f-431a-478a-9b2e-dbda4ffaca44: nextIndex: updateUnconditionally 23 -> 22
2023-01-03 10:07:02,684 [grpc-default-executor-7] WARN  server.GrpcLogAppender (LogUtils.java:warn(122)) - e60c2466-e581-4a2a-a391-12b730c6e057@group-E0C05578D4FA->f16244a9-e060-48f3-8727-dfe3ed85a294-AppendLogResponseHandler: Failed appendEntries: org.apache.ratis.thirdparty.io.grpc.StatusRuntimeException: UNAVAILABLE: io exception
2023-01-03 10:07:02,684 [grpc-default-executor-7] INFO  leader.FollowerInfo (FollowerInfoImpl.java:lambda$new$0(48)) - e60c2466-e581-4a2a-a391-12b730c6e057@group-E0C05578D4FA->f16244a9-e060-48f3-8727-dfe3ed85a294: nextIndex: updateUnconditionally 23 -> 22
2023-01-03 10:07:02,685 [grpc-default-executor-8] WARN  server.GrpcLogAppender (LogUtils.java:warn(122)) - e60c2466-e581-4a2a-a391-12b730c6e057@group-E0C05578D4FA->f16244a9-e060-48f3-8727-dfe3ed85a294-AppendLogResponseHandler: Failed appendEntries: org.apache.ratis.thirdparty.io.grpc.StatusRuntimeException: UNAVAILABLE: io exception
2023-01-03 10:07:02,686 [grpc-default-executor-8] INFO  leader.FollowerInfo (FollowerInfoImpl.java:lambda$new$0(48)) - e60c2466-e581-4a2a-a391-12b730c6e057@group-E0C05578D4FA->f16244a9-e060-48f3-8727-dfe3ed85a294: nextIndex: updateUnconditionally 22 -> 21
2023-01-03 10:07:02,687 [grpc-default-executor-8] WARN  server.GrpcLogAppender (LogUtils.java:warn(122)) - e60c2466-e581-4a2a-a391-12b730c6e057@group-E0C05578D4FA->1e90a81f-431a-478a-9b2e-dbda4ffaca44-AppendLogResponseHandler: Failed appendEntries: org.apache.ratis.thirdparty.io.grpc.StatusRuntimeException: UNAVAILABLE: io exception
2023-01-03 10:07:02,687 [grpc-default-executor-7] WARN  server.GrpcLogAppender (LogUtils.java:warn(122)) - e60c2466-e581-4a2a-a391-12b730c6e057@group-E0C05578D4FA->1e90a81f-431a-478a-9b2e-dbda4ffaca44-AppendLogResponseHandler: Failed appendEntries: org.apache.ratis.thirdparty.io.grpc.StatusRuntimeException: UNAVAILABLE: io exception
2023-01-03 10:07:02,688 [grpc-default-executor-8] INFO  leader.FollowerInfo (FollowerInfoImpl.java:lambda$new$0(48)) - e60c2466-e581-4a2a-a391-12b730c6e057@group-E0C05578D4FA->1e90a81f-431a-478a-9b2e-dbda4ffaca44: nextIndex: updateUnconditionally 23 -> 22
2023-01-03 10:07:02,688 [grpc-default-executor-7] INFO  leader.FollowerInfo (FollowerInfoImpl.java:lambda$new$0(48)) - e60c2466-e581-4a2a-a391-12b730c6e057@group-E0C05578D4FA->1e90a81f-431a-478a-9b2e-dbda4ffaca44: nextIndex: updateUnconditionally 22 -> 21
2023-01-03 10:07:02,916 [EventQueue-CommandQueueReportForCommandQueueReportHandler] WARN  events.EventQueue (EventQueue.java:fireEvent(216)) - No event handler registered for event TypedEvent{payloadType=DatanodeDetails, name='Datanode_Command_Queue_Updated'}
2023-01-03 10:07:03,251 [Listener at 127.0.0.1/41175] INFO  volume.HddsVolume (HddsVolume.java:closeDbStore(338)) - SchemaV3 db is stopped at /home/runner/work/ozone/ozone/hadoop-ozone/integration-test/target/test-dir/MiniOzoneClusterImpl-70d28db6-796b-4d31-8f04-926db9b5570a/datanode-2/data-0/containers/hdds/70d28db6-796b-4d31-8f04-926db9b5570a/DS-82e9225f-61c9-4f84-8ed2-a9d8b019da37/container.db for volume DS-82e9225f-61c9-4f84-8ed2-a9d8b019da37
2023-01-03 10:07:03,251 [Listener at 127.0.0.1/41175] INFO  utils.BackgroundService (BackgroundService.java:shutdown(141)) - Shutting down service BlockDeletingService
2023-01-03 10:07:03,251 [ForkJoinPool.commonPool-worker-1] INFO  volume.HddsVolume (HddsVolume.java:closeDbStore(338)) - SchemaV3 db is stopped at /home/runner/work/ozone/ozone/hadoop-ozone/integration-test/target/test-dir/MiniOzoneClusterImpl-70d28db6-796b-4d31-8f04-926db9b5570a/datanode-1/data-0/containers/hdds/70d28db6-796b-4d31-8f04-926db9b5570a/DS-4fb9a323-e50d-490e-b05b-5b4a87f198aa/container.db for volume DS-4fb9a323-e50d-490e-b05b-5b4a87f198aa
2023-01-03 10:07:03,252 [ForkJoinPool.commonPool-worker-1] INFO  utils.BackgroundService (BackgroundService.java:shutdown(141)) - Shutting down service BlockDeletingService
2023-01-03 10:07:03,252 [Listener at 127.0.0.1/41175] INFO  utils.BackgroundService (BackgroundService.java:shutdown(141)) - Shutting down service StaleRecoveringContainerScrubbingService
2023-01-03 10:07:03,252 [ForkJoinPool.commonPool-worker-1] INFO  utils.BackgroundService (BackgroundService.java:shutdown(141)) - Shutting down service StaleRecoveringContainerScrubbingService
2023-01-03 10:07:03,256 [Listener at 127.0.0.1/41175] INFO  statemachine.DatanodeStateMachine (DatanodeStateMachine.java:stopDaemon(596)) - Ozone container server stopped.
2023-01-03 10:07:03,256 [ForkJoinPool.commonPool-worker-1] INFO  statemachine.DatanodeStateMachine (DatanodeStateMachine.java:stopDaemon(596)) - Ozone container server stopped.
2023-01-03 10:07:03,265 [Listener at 127.0.0.1/41175] INFO  handler.ContextHandler (ContextHandler.java:doStop(1159)) - Stopped o.e.j.w.WebAppContext@77e9ab{hddsDatanode,/,null,STOPPED}{jar:file:/home/runner/.m2/repository/org/apache/ozone/hdds-container-service/1.4.0-SNAPSHOT/hdds-container-service-1.4.0-SNAPSHOT.jar!/webapps/hddsDatanode}
2023-01-03 10:07:03,266 [Listener at 127.0.0.1/41175] INFO  server.AbstractConnector (AbstractConnector.java:doStop(383)) - Stopped ServerConnector@1a82c5b5{HTTP/1.1, (http/1.1)}{0.0.0.0:0}
2023-01-03 10:07:03,266 [Listener at 127.0.0.1/41175] INFO  server.session (HouseKeeper.java:stopScavenging(149)) - node0 Stopped scavenging
2023-01-03 10:07:03,266 [Listener at 127.0.0.1/41175] INFO  handler.ContextHandler (ContextHandler.java:doStop(1159)) - Stopped o.e.j.s.ServletContextHandler@3a3413af{static,/static,jar:file:/home/runner/.m2/repository/org/apache/ozone/hdds-container-service/1.4.0-SNAPSHOT/hdds-container-service-1.4.0-SNAPSHOT.jar!/webapps/static,STOPPED}
2023-01-03 10:07:03,267 [Listener at 127.0.0.1/41175] INFO  handler.ContextHandler (ContextHandler.java:doStop(1159)) - Stopped o.e.j.s.ServletContextHandler@629f2844{logs,/logs,file:///home/runner/work/ozone/ozone/hadoop-ozone/integration-test/target/log,STOPPED}
2023-01-03 10:07:03,269 [Listener at 127.0.0.1/41175] INFO  ozoneimpl.OzoneContainer (OzoneContainer.java:stop(417)) - Attempting to stop container services.
2023-01-03 10:07:03,273 [Listener at 127.0.0.1/41175] INFO  server.RaftServer (RaftServerProxy.java:lambda$close$6(409)) - ac21c7e9-4632-4894-bb8a-46dc1ad7aae6: close
2023-01-03 10:07:03,274 [Listener at 127.0.0.1/41175] INFO  server.GrpcService (GrpcService.java:closeImpl(271)) - ac21c7e9-4632-4894-bb8a-46dc1ad7aae6: shutdown server GrpcServerProtocolService now
2023-01-03 10:07:03,274 [ac21c7e9-4632-4894-bb8a-46dc1ad7aae6-impl-thread1] INFO  server.RaftServer$Division (RaftServerImpl.java:lambda$close$4(458)) - ac21c7e9-4632-4894-bb8a-46dc1ad7aae6@group-216D74BD08FA: shutdown
2023-01-03 10:07:03,274 [ac21c7e9-4632-4894-bb8a-46dc1ad7aae6-impl-thread1] INFO  util.JmxRegister (JmxRegister.java:unregister(73)) - Successfully un-registered JMX Bean with object name Ratis:service=RaftServer,group=group-216D74BD08FA,id=ac21c7e9-4632-4894-bb8a-46dc1ad7aae6
2023-01-03 10:07:03,274 [ac21c7e9-4632-4894-bb8a-46dc1ad7aae6-impl-thread1] INFO  impl.RoleInfo (RoleInfo.java:shutdownLeaderState(93)) - ac21c7e9-4632-4894-bb8a-46dc1ad7aae6: shutdown ac21c7e9-4632-4894-bb8a-46dc1ad7aae6@group-216D74BD08FA-LeaderStateImpl
2023-01-03 10:07:03,274 [ac21c7e9-4632-4894-bb8a-46dc1ad7aae6-impl-thread1] INFO  impl.PendingRequests (PendingRequests.java:sendNotLeaderResponses(282)) - ac21c7e9-4632-4894-bb8a-46dc1ad7aae6@group-216D74BD08FA-PendingRequests: sendNotLeaderResponses
2023-01-03 10:07:03,274 [ac21c7e9-4632-4894-bb8a-46dc1ad7aae6-impl-thread1] INFO  impl.StateMachineUpdater (StateMachineUpdater.java:stopAndJoin(153)) - ac21c7e9-4632-4894-bb8a-46dc1ad7aae6@group-216D74BD08FA-StateMachineUpdater: set stopIndex = 0
2023-01-03 10:07:03,275 [ac21c7e9-4632-4894-bb8a-46dc1ad7aae6@group-216D74BD08FA-StateMachineUpdater] INFO  ratis.ContainerStateMachine (ContainerStateMachine.java:takeSnapshot(308)) - group-216D74BD08FA: Taking a snapshot at:(t:1, i:0) file /home/runner/work/ozone/ozone/hadoop-ozone/integration-test/target/test-dir/MiniOzoneClusterImpl-70d28db6-796b-4d31-8f04-926db9b5570a/datanode-4/data/ratis/bf5defad-d316-4bd9-bf92-216d74bd08fa/sm/snapshot.1_0
2023-01-03 10:07:03,275 [Listener at 127.0.0.1/41175] INFO  server.GrpcService (GrpcService.java:closeImpl(280)) - ac21c7e9-4632-4894-bb8a-46dc1ad7aae6: shutdown server GrpcServerProtocolService successfully
2023-01-03 10:07:03,276 [ac21c7e9-4632-4894-bb8a-46dc1ad7aae6-NettyServerStreamRpc-bossGroup--thread1] INFO  logging.LoggingHandler (AbstractInternalLogger.java:log(148)) - [id: 0x4611cf0f, L:/0:0:0:0:0:0:0:0:36409] CLOSE
2023-01-03 10:07:03,276 [ac21c7e9-4632-4894-bb8a-46dc1ad7aae6-NettyServerStreamRpc-bossGroup--thread1] INFO  logging.LoggingHandler (AbstractInternalLogger.java:log(148)) - [id: 0x4611cf0f, L:/0:0:0:0:0:0:0:0:36409] INACTIVE
2023-01-03 10:07:03,276 [ac21c7e9-4632-4894-bb8a-46dc1ad7aae6-NettyServerStreamRpc-bossGroup--thread1] INFO  logging.LoggingHandler (AbstractInternalLogger.java:log(148)) - [id: 0x4611cf0f, L:/0:0:0:0:0:0:0:0:36409] UNREGISTERED
2023-01-03 10:07:03,277 [ac21c7e9-4632-4894-bb8a-46dc1ad7aae6@group-216D74BD08FA-StateMachineUpdater] INFO  ratis.ContainerStateMachine (ContainerStateMachine.java:takeSnapshot(319)) - group-216D74BD08FA: Finished taking a snapshot at:(t:1, i:0) file:/home/runner/work/ozone/ozone/hadoop-ozone/integration-test/target/test-dir/MiniOzoneClusterImpl-70d28db6-796b-4d31-8f04-926db9b5570a/datanode-4/data/ratis/bf5defad-d316-4bd9-bf92-216d74bd08fa/sm/snapshot.1_0 took: 2 ms
2023-01-03 10:07:03,277 [ac21c7e9-4632-4894-bb8a-46dc1ad7aae6@group-216D74BD08FA-StateMachineUpdater] INFO  impl.StateMachineUpdater (StateMachineUpdater.java:takeSnapshot(287)) - ac21c7e9-4632-4894-bb8a-46dc1ad7aae6@group-216D74BD08FA-StateMachineUpdater: Took a snapshot at index 0
2023-01-03 10:07:03,277 [ac21c7e9-4632-4894-bb8a-46dc1ad7aae6@group-216D74BD08FA-StateMachineUpdater] INFO  impl.StateMachineUpdater (StateMachineUpdater.java:lambda$new$0(92)) - ac21c7e9-4632-4894-bb8a-46dc1ad7aae6@group-216D74BD08FA-StateMachineUpdater: snapshotIndex: updateIncreasingly -1 -> 0
2023-01-03 10:07:03,278 [ac21c7e9-4632-4894-bb8a-46dc1ad7aae6-impl-thread1] INFO  server.RaftServer$Division (ServerState.java:close(466)) - ac21c7e9-4632-4894-bb8a-46dc1ad7aae6@group-216D74BD08FA: closes. applyIndex: 0
2023-01-03 10:07:03,273 [ForkJoinPool.commonPool-worker-1] INFO  handler.ContextHandler (ContextHandler.java:doStop(1159)) - Stopped o.e.j.w.WebAppContext@5d06081f{hddsDatanode,/,null,STOPPED}{jar:file:/home/runner/.m2/repository/org/apache/ozone/hdds-container-service/1.4.0-SNAPSHOT/hdds-container-service-1.4.0-SNAPSHOT.jar!/webapps/hddsDatanode}
2023-01-03 10:07:03,279 [ForkJoinPool.commonPool-worker-1] INFO  server.AbstractConnector (AbstractConnector.java:doStop(383)) - Stopped ServerConnector@770f0e25{HTTP/1.1, (http/1.1)}{0.0.0.0:0}
2023-01-03 10:07:03,279 [ForkJoinPool.commonPool-worker-1] INFO  server.session (HouseKeeper.java:stopScavenging(149)) - node0 Stopped scavenging
2023-01-03 10:07:03,279 [ac21c7e9-4632-4894-bb8a-46dc1ad7aae6@group-216D74BD08FA-SegmentedRaftLogWorker] INFO  segmented.SegmentedRaftLogWorker (SegmentedRaftLogWorker.java:run(347)) - ac21c7e9-4632-4894-bb8a-46dc1ad7aae6@group-216D74BD08FA-SegmentedRaftLogWorker was interrupted, exiting. There are 0 tasks remaining in the queue.
2023-01-03 10:07:03,280 [ac21c7e9-4632-4894-bb8a-46dc1ad7aae6-impl-thread1] INFO  segmented.SegmentedRaftLogWorker (SegmentedRaftLogWorker.java:close(257)) - ac21c7e9-4632-4894-bb8a-46dc1ad7aae6@group-216D74BD08FA-SegmentedRaftLogWorker close()
2023-01-03 10:07:03,289 [ForkJoinPool.commonPool-worker-1] INFO  handler.ContextHandler (ContextHandler.java:doStop(1159)) - Stopped o.e.j.s.ServletContextHandler@90a7b6b{static,/static,jar:file:/home/runner/.m2/repository/org/apache/ozone/hdds-container-service/1.4.0-SNAPSHOT/hdds-container-service-1.4.0-SNAPSHOT.jar!/webapps/static,STOPPED}
2023-01-03 10:07:03,290 [ForkJoinPool.commonPool-worker-1] INFO  handler.ContextHandler (ContextHandler.java:doStop(1159)) - Stopped o.e.j.s.ServletContextHandler@4151251b{logs,/logs,file:///home/runner/work/ozone/ozone/hadoop-ozone/integration-test/target/log,STOPPED}
2023-01-03 10:07:03,294 [JvmPauseMonitor5] INFO  util.JvmPauseMonitor (JvmPauseMonitor.java:run(111)) - JvmPauseMonitor-ac21c7e9-4632-4894-bb8a-46dc1ad7aae6: Stopped
2023-01-03 10:07:03,299 [ForkJoinPool.commonPool-worker-1] INFO  ozoneimpl.OzoneContainer (OzoneContainer.java:stop(417)) - Attempting to stop container services.
2023-01-03 10:07:03,300 [ForkJoinPool.commonPool-worker-1] INFO  server.RaftServer (RaftServerProxy.java:lambda$close$6(409)) - e60c2466-e581-4a2a-a391-12b730c6e057: close
2023-01-03 10:07:03,300 [e60c2466-e581-4a2a-a391-12b730c6e057-impl-thread1] INFO  server.RaftServer$Division (RaftServerImpl.java:lambda$close$4(458)) - e60c2466-e581-4a2a-a391-12b730c6e057@group-AFA704D09044: shutdown
2023-01-03 10:07:03,300 [e60c2466-e581-4a2a-a391-12b730c6e057-impl-thread1] INFO  util.JmxRegister (JmxRegister.java:unregister(73)) - Successfully un-registered JMX Bean with object name Ratis:service=RaftServer,group=group-AFA704D09044,id=e60c2466-e581-4a2a-a391-12b730c6e057
2023-01-03 10:07:03,300 [e60c2466-e581-4a2a-a391-12b730c6e057-impl-thread1] INFO  impl.RoleInfo (RoleInfo.java:shutdownLeaderState(93)) - e60c2466-e581-4a2a-a391-12b730c6e057: shutdown e60c2466-e581-4a2a-a391-12b730c6e057@group-AFA704D09044-LeaderStateImpl
2023-01-03 10:07:03,300 [e60c2466-e581-4a2a-a391-12b730c6e057-impl-thread1] INFO  impl.PendingRequests (PendingRequests.java:sendNotLeaderResponses(282)) - e60c2466-e581-4a2a-a391-12b730c6e057@group-AFA704D09044-PendingRequests: sendNotLeaderResponses
2023-01-03 10:07:03,300 [e60c2466-e581-4a2a-a391-12b730c6e057-impl-thread1] INFO  impl.StateMachineUpdater (StateMachineUpdater.java:stopAndJoin(153)) - e60c2466-e581-4a2a-a391-12b730c6e057@group-AFA704D09044-StateMachineUpdater: set stopIndex = 0
2023-01-03 10:07:03,301 [e60c2466-e581-4a2a-a391-12b730c6e057@group-AFA704D09044-StateMachineUpdater] INFO  ratis.ContainerStateMachine (ContainerStateMachine.java:takeSnapshot(308)) - group-AFA704D09044: Taking a snapshot at:(t:1, i:0) file /home/runner/work/ozone/ozone/hadoop-ozone/integration-test/target/test-dir/MiniOzoneClusterImpl-70d28db6-796b-4d31-8f04-926db9b5570a/datanode-0/data/ratis/8bf171a2-1b6b-4829-b5d0-afa704d09044/sm/snapshot.1_0
2023-01-03 10:07:03,302 [e60c2466-e581-4a2a-a391-12b730c6e057-impl-thread2] INFO  server.RaftServer$Division (RaftServerImpl.java:lambda$close$4(458)) - e60c2466-e581-4a2a-a391-12b730c6e057@group-E0C05578D4FA: shutdown
2023-01-03 10:07:03,302 [e60c2466-e581-4a2a-a391-12b730c6e057-impl-thread2] INFO  util.JmxRegister (JmxRegister.java:unregister(73)) - Successfully un-registered JMX Bean with object name Ratis:service=RaftServer,group=group-E0C05578D4FA,id=e60c2466-e581-4a2a-a391-12b730c6e057
2023-01-03 10:07:03,302 [e60c2466-e581-4a2a-a391-12b730c6e057-impl-thread2] INFO  impl.RoleInfo (RoleInfo.java:shutdownLeaderState(93)) - e60c2466-e581-4a2a-a391-12b730c6e057: shutdown e60c2466-e581-4a2a-a391-12b730c6e057@group-E0C05578D4FA-LeaderStateImpl
2023-01-03 10:07:03,302 [e60c2466-e581-4a2a-a391-12b730c6e057@group-AFA704D09044-StateMachineUpdater] INFO  ratis.ContainerStateMachine (ContainerStateMachine.java:takeSnapshot(319)) - group-AFA704D09044: Finished taking a snapshot at:(t:1, i:0) file:/home/runner/work/ozone/ozone/hadoop-ozone/integration-test/target/test-dir/MiniOzoneClusterImpl-70d28db6-796b-4d31-8f04-926db9b5570a/datanode-0/data/ratis/8bf171a2-1b6b-4829-b5d0-afa704d09044/sm/snapshot.1_0 took: 1 ms
2023-01-03 10:07:03,302 [e60c2466-e581-4a2a-a391-12b730c6e057@group-AFA704D09044-StateMachineUpdater] INFO  impl.StateMachineUpdater (StateMachineUpdater.java:takeSnapshot(287)) - e60c2466-e581-4a2a-a391-12b730c6e057@group-AFA704D09044-StateMachineUpdater: Took a snapshot at index 0
2023-01-03 10:07:03,302 [e60c2466-e581-4a2a-a391-12b730c6e057@group-AFA704D09044-StateMachineUpdater] INFO  impl.StateMachineUpdater (StateMachineUpdater.java:lambda$new$0(92)) - e60c2466-e581-4a2a-a391-12b730c6e057@group-AFA704D09044-StateMachineUpdater: snapshotIndex: updateIncreasingly -1 -> 0
2023-01-03 10:07:03,303 [e60c2466-e581-4a2a-a391-12b730c6e057-impl-thread1] INFO  server.RaftServer$Division (ServerState.java:close(466)) - e60c2466-e581-4a2a-a391-12b730c6e057@group-AFA704D09044: closes. applyIndex: 0
2023-01-03 10:07:03,305 [ForkJoinPool.commonPool-worker-1] INFO  server.GrpcService (GrpcService.java:closeImpl(271)) - e60c2466-e581-4a2a-a391-12b730c6e057: shutdown server GrpcServerProtocolService now
2023-01-03 10:07:03,305 [e60c2466-e581-4a2a-a391-12b730c6e057-impl-thread3] INFO  server.RaftServer$Division (RaftServerImpl.java:lambda$close$4(458)) - e60c2466-e581-4a2a-a391-12b730c6e057@group-108C4B708AA8: shutdown
2023-01-03 10:07:03,305 [e60c2466-e581-4a2a-a391-12b730c6e057@group-AFA704D09044-SegmentedRaftLogWorker] INFO  segmented.SegmentedRaftLogWorker (SegmentedRaftLogWorker.java:run(347)) - e60c2466-e581-4a2a-a391-12b730c6e057@group-AFA704D09044-SegmentedRaftLogWorker was interrupted, exiting. There are 0 tasks remaining in the queue.
2023-01-03 10:07:03,305 [e60c2466-e581-4a2a-a391-12b730c6e057-impl-thread3] INFO  util.JmxRegister (JmxRegister.java:unregister(73)) - Successfully un-registered JMX Bean with object name Ratis:service=RaftServer,group=group-108C4B708AA8,id=e60c2466-e581-4a2a-a391-12b730c6e057
2023-01-03 10:07:03,307 [grpc-default-executor-9] WARN  server.GrpcClientProtocolService (LogUtils.java:warn(122)) - 1-UnorderedRequestStreamObserver1: onError: org.apache.ratis.thirdparty.io.grpc.StatusRuntimeException: CANCELLED: client cancelled
2023-01-03 10:07:03,305 [e60c2466-e581-4a2a-a391-12b730c6e057-impl-thread1] INFO  segmented.SegmentedRaftLogWorker (SegmentedRaftLogWorker.java:close(257)) - e60c2466-e581-4a2a-a391-12b730c6e057@group-AFA704D09044-SegmentedRaftLogWorker close()
2023-01-03 10:07:03,307 [e60c2466-e581-4a2a-a391-12b730c6e057-impl-thread3] INFO  impl.RoleInfo (RoleInfo.java:shutdownFollowerState(110)) - e60c2466-e581-4a2a-a391-12b730c6e057: shutdown e60c2466-e581-4a2a-a391-12b730c6e057@group-108C4B708AA8-FollowerState
2023-01-03 10:07:03,307 [e60c2466-e581-4a2a-a391-12b730c6e057-impl-thread3] INFO  impl.StateMachineUpdater (StateMachineUpdater.java:stopAndJoin(153)) - e60c2466-e581-4a2a-a391-12b730c6e057@group-108C4B708AA8-StateMachineUpdater: set stopIndex = 3
2023-01-03 10:07:03,307 [e60c2466-e581-4a2a-a391-12b730c6e057@group-108C4B708AA8-FollowerState] INFO  impl.FollowerState (FollowerState.java:run(152)) - e60c2466-e581-4a2a-a391-12b730c6e057@group-108C4B708AA8-FollowerState was interrupted
2023-01-03 10:07:03,307 [e60c2466-e581-4a2a-a391-12b730c6e057@group-108C4B708AA8-StateMachineUpdater] INFO  ratis.ContainerStateMachine (ContainerStateMachine.java:takeSnapshot(308)) - group-108C4B708AA8: Taking a snapshot at:(t:3, i:3) file /home/runner/work/ozone/ozone/hadoop-ozone/integration-test/target/test-dir/MiniOzoneClusterImpl-70d28db6-796b-4d31-8f04-926db9b5570a/datanode-0/data/ratis/ec118c1c-3abc-4c50-81b9-108c4b708aa8/sm/snapshot.3_3
2023-01-03 10:07:03,308 [e60c2466-e581-4a2a-a391-12b730c6e057@group-108C4B708AA8-StateMachineUpdater] INFO  ratis.ContainerStateMachine (ContainerStateMachine.java:takeSnapshot(319)) - group-108C4B708AA8: Finished taking a snapshot at:(t:3, i:3) file:/home/runner/work/ozone/ozone/hadoop-ozone/integration-test/target/test-dir/MiniOzoneClusterImpl-70d28db6-796b-4d31-8f04-926db9b5570a/datanode-0/data/ratis/ec118c1c-3abc-4c50-81b9-108c4b708aa8/sm/snapshot.3_3 took: 1 ms
2023-01-03 10:07:03,308 [e60c2466-e581-4a2a-a391-12b730c6e057@group-108C4B708AA8-StateMachineUpdater] INFO  impl.StateMachineUpdater (StateMachineUpdater.java:takeSnapshot(287)) - e60c2466-e581-4a2a-a391-12b730c6e057@group-108C4B708AA8-StateMachineUpdater: Took a snapshot at index 3
2023-01-03 10:07:03,308 [e60c2466-e581-4a2a-a391-12b730c6e057@group-108C4B708AA8-StateMachineUpdater] INFO  impl.StateMachineUpdater (StateMachineUpdater.java:lambda$new$0(92)) - e60c2466-e581-4a2a-a391-12b730c6e057@group-108C4B708AA8-StateMachineUpdater: snapshotIndex: updateIncreasingly -1 -> 3
2023-01-03 10:07:03,308 [e60c2466-e581-4a2a-a391-12b730c6e057-impl-thread3] INFO  server.RaftServer$Division (ServerState.java:close(466)) - e60c2466-e581-4a2a-a391-12b730c6e057@group-108C4B708AA8: closes. applyIndex: 3
2023-01-03 10:07:03,309 [e60c2466-e581-4a2a-a391-12b730c6e057@group-108C4B708AA8-SegmentedRaftLogWorker] INFO  segmented.SegmentedRaftLogWorker (SegmentedRaftLogWorker.java:run(347)) - e60c2466-e581-4a2a-a391-12b730c6e057@group-108C4B708AA8-SegmentedRaftLogWorker was interrupted, exiting. There are 0 tasks remaining in the queue.
2023-01-03 10:07:03,306 [grpc-default-executor-8] WARN  server.GrpcClientProtocolService (LogUtils.java:warn(122)) - 0-OrderedRequestStreamObserver0: onError: org.apache.ratis.thirdparty.io.grpc.StatusRuntimeException: CANCELLED: client cancelled
2023-01-03 10:07:03,309 [ForkJoinPool.commonPool-worker-1] INFO  server.GrpcServerProtocolClient (GrpcServerProtocolClient.java:close(101)) - 1e90a81f-431a-478a-9b2e-dbda4ffaca44 Close channels
2023-01-03 10:07:03,310 [e60c2466-e581-4a2a-a391-12b730c6e057-impl-thread3] INFO  segmented.SegmentedRaftLogWorker (SegmentedRaftLogWorker.java:close(257)) - e60c2466-e581-4a2a-a391-12b730c6e057@group-108C4B708AA8-SegmentedRaftLogWorker close()
2023-01-03 10:07:03,310 [ForkJoinPool.commonPool-worker-1] INFO  server.GrpcServerProtocolClient (GrpcServerProtocolClient.java:close(101)) - f16244a9-e060-48f3-8727-dfe3ed85a294 Close channels
2023-01-03 10:07:03,310 [ForkJoinPool.commonPool-worker-1] INFO  server.GrpcService (GrpcService.java:closeImpl(280)) - e60c2466-e581-4a2a-a391-12b730c6e057: shutdown server GrpcServerProtocolService successfully
2023-01-03 10:07:03,311 [e60c2466-e581-4a2a-a391-12b730c6e057-impl-thread2] INFO  impl.PendingRequests (PendingRequests.java:sendNotLeaderResponses(282)) - e60c2466-e581-4a2a-a391-12b730c6e057@group-E0C05578D4FA-PendingRequests: sendNotLeaderResponses
2023-01-03 10:07:03,311 [e60c2466-e581-4a2a-a391-12b730c6e057-NettyServerStreamRpc-bossGroup--thread1] INFO  logging.LoggingHandler (AbstractInternalLogger.java:log(148)) - [id: 0x63ed2c82, L:/0:0:0:0:0:0:0:0:34563] CLOSE
2023-01-03 10:07:03,315 [e60c2466-e581-4a2a-a391-12b730c6e057-NettyServerStreamRpc-bossGroup--thread1] INFO  logging.LoggingHandler (AbstractInternalLogger.java:log(148)) - [id: 0x63ed2c82, L:/0:0:0:0:0:0:0:0:34563] INACTIVE
2023-01-03 10:07:03,315 [e60c2466-e581-4a2a-a391-12b730c6e057-NettyServerStreamRpc-bossGroup--thread1] INFO  logging.LoggingHandler (AbstractInternalLogger.java:log(148)) - [id: 0x63ed2c82, L:/0:0:0:0:0:0:0:0:34563] UNREGISTERED
2023-01-03 10:07:03,311 [e60c2466-e581-4a2a-a391-12b730c6e057@group-E0C05578D4FA->1e90a81f-431a-478a-9b2e-dbda4ffaca44-GrpcLogAppender-LogAppenderDaemon] WARN  server.GrpcLogAppender (GrpcLogAppender.java:mayWait(200)) - e60c2466-e581-4a2a-a391-12b730c6e057@group-E0C05578D4FA->1e90a81f-431a-478a-9b2e-dbda4ffaca44-GrpcLogAppender: Wait interrupted by java.lang.InterruptedException
2023-01-03 10:07:03,311 [e60c2466-e581-4a2a-a391-12b730c6e057@group-E0C05578D4FA->f16244a9-e060-48f3-8727-dfe3ed85a294-GrpcLogAppender-LogAppenderDaemon] WARN  server.GrpcLogAppender (GrpcLogAppender.java:mayWait(200)) - e60c2466-e581-4a2a-a391-12b730c6e057@group-E0C05578D4FA->f16244a9-e060-48f3-8727-dfe3ed85a294-GrpcLogAppender: Wait interrupted by java.lang.InterruptedException
2023-01-03 10:07:03,318 [e60c2466-e581-4a2a-a391-12b730c6e057-impl-thread2] INFO  impl.StateMachineUpdater (StateMachineUpdater.java:stopAndJoin(153)) - e60c2466-e581-4a2a-a391-12b730c6e057@group-E0C05578D4FA-StateMachineUpdater: set stopIndex = 26
2023-01-03 10:07:03,319 [e60c2466-e581-4a2a-a391-12b730c6e057@group-E0C05578D4FA-StateMachineUpdater] INFO  ratis.ContainerStateMachine (ContainerStateMachine.java:takeSnapshot(308)) - group-E0C05578D4FA: Taking a snapshot at:(t:1, i:26) file /home/runner/work/ozone/ozone/hadoop-ozone/integration-test/target/test-dir/MiniOzoneClusterImpl-70d28db6-796b-4d31-8f04-926db9b5570a/datanode-0/data/ratis/e77512d2-e62e-4623-9b52-e0c05578d4fa/sm/snapshot.1_26
2023-01-03 10:07:03,319 [e60c2466-e581-4a2a-a391-12b730c6e057@group-E0C05578D4FA-StateMachineUpdater] INFO  ratis.ContainerStateMachine (ContainerStateMachine.java:takeSnapshot(319)) - group-E0C05578D4FA: Finished taking a snapshot at:(t:1, i:26) file:/home/runner/work/ozone/ozone/hadoop-ozone/integration-test/target/test-dir/MiniOzoneClusterImpl-70d28db6-796b-4d31-8f04-926db9b5570a/datanode-0/data/ratis/e77512d2-e62e-4623-9b52-e0c05578d4fa/sm/snapshot.1_26 took: 0 ms
2023-01-03 10:07:03,320 [e60c2466-e581-4a2a-a391-12b730c6e057@group-E0C05578D4FA-StateMachineUpdater] INFO  impl.StateMachineUpdater (StateMachineUpdater.java:takeSnapshot(287)) - e60c2466-e581-4a2a-a391-12b730c6e057@group-E0C05578D4FA-StateMachineUpdater: Took a snapshot at index 26
2023-01-03 10:07:03,320 [e60c2466-e581-4a2a-a391-12b730c6e057@group-E0C05578D4FA-StateMachineUpdater] INFO  impl.StateMachineUpdater (StateMachineUpdater.java:lambda$new$0(92)) - e60c2466-e581-4a2a-a391-12b730c6e057@group-E0C05578D4FA-StateMachineUpdater: snapshotIndex: updateIncreasingly -1 -> 26
2023-01-03 10:07:03,321 [e60c2466-e581-4a2a-a391-12b730c6e057-impl-thread2] INFO  server.RaftServer$Division (ServerState.java:close(466)) - e60c2466-e581-4a2a-a391-12b730c6e057@group-E0C05578D4FA: closes. applyIndex: 26
2023-01-03 10:07:03,321 [e60c2466-e581-4a2a-a391-12b730c6e057@group-E0C05578D4FA-SegmentedRaftLogWorker] INFO  segmented.SegmentedRaftLogWorker (SegmentedRaftLogWorker.java:run(347)) - e60c2466-e581-4a2a-a391-12b730c6e057@group-E0C05578D4FA-SegmentedRaftLogWorker was interrupted, exiting. There are 0 tasks remaining in the queue.
2023-01-03 10:07:03,321 [e60c2466-e581-4a2a-a391-12b730c6e057-impl-thread2] INFO  segmented.SegmentedRaftLogWorker (SegmentedRaftLogWorker.java:close(257)) - e60c2466-e581-4a2a-a391-12b730c6e057@group-E0C05578D4FA-SegmentedRaftLogWorker close()
2023-01-03 10:07:03,321 [JvmPauseMonitor1] INFO  util.JvmPauseMonitor (JvmPauseMonitor.java:run(111)) - JvmPauseMonitor-e60c2466-e581-4a2a-a391-12b730c6e057: Stopped
2023-01-03 10:07:03,362 [EventQueue-CommandQueueReportForCommandQueueReportHandler] WARN  events.EventQueue (EventQueue.java:fireEvent(216)) - No event handler registered for event TypedEvent{payloadType=DatanodeDetails, name='Datanode_Command_Queue_Updated'}
2023-01-03 10:07:04,362 [EventQueue-CommandQueueReportForCommandQueueReportHandler] WARN  events.EventQueue (EventQueue.java:fireEvent(216)) - No event handler registered for event TypedEvent{payloadType=DatanodeDetails, name='Datanode_Command_Queue_Updated'}
2023-01-03 10:07:05,298 [Listener at 127.0.0.1/41175] INFO  volume.HddsVolume (HddsVolume.java:closeDbStore(338)) - SchemaV3 db is stopped at /home/runner/work/ozone/ozone/hadoop-ozone/integration-test/target/test-dir/MiniOzoneClusterImpl-70d28db6-796b-4d31-8f04-926db9b5570a/datanode-4/data-0/containers/hdds/70d28db6-796b-4d31-8f04-926db9b5570a/DS-b868055e-60de-4e0c-8ada-bf6b67a92d8f/container.db for volume DS-b868055e-60de-4e0c-8ada-bf6b67a92d8f
2023-01-03 10:07:05,299 [Listener at 127.0.0.1/41175] INFO  utils.BackgroundService (BackgroundService.java:shutdown(141)) - Shutting down service BlockDeletingService
2023-01-03 10:07:05,300 [Listener at 127.0.0.1/41175] INFO  utils.BackgroundService (BackgroundService.java:shutdown(141)) - Shutting down service StaleRecoveringContainerScrubbingService
2023-01-03 10:07:05,302 [Listener at 127.0.0.1/41175] INFO  statemachine.DatanodeStateMachine (DatanodeStateMachine.java:stopDaemon(596)) - Ozone container server stopped.
2023-01-03 10:07:05,310 [Listener at 127.0.0.1/41175] INFO  handler.ContextHandler (ContextHandler.java:doStop(1159)) - Stopped o.e.j.w.WebAppContext@5ba0ad41{hddsDatanode,/,null,STOPPED}{jar:file:/home/runner/.m2/repository/org/apache/ozone/hdds-container-service/1.4.0-SNAPSHOT/hdds-container-service-1.4.0-SNAPSHOT.jar!/webapps/hddsDatanode}
2023-01-03 10:07:05,310 [Listener at 127.0.0.1/41175] INFO  server.AbstractConnector (AbstractConnector.java:doStop(383)) - Stopped ServerConnector@2420c8fc{HTTP/1.1, (http/1.1)}{0.0.0.0:0}
2023-01-03 10:07:05,310 [Listener at 127.0.0.1/41175] INFO  server.session (HouseKeeper.java:stopScavenging(149)) - node0 Stopped scavenging
2023-01-03 10:07:05,311 [Listener at 127.0.0.1/41175] INFO  handler.ContextHandler (ContextHandler.java:doStop(1159)) - Stopped o.e.j.s.ServletContextHandler@4d84f8a6{static,/static,jar:file:/home/runner/.m2/repository/org/apache/ozone/hdds-container-service/1.4.0-SNAPSHOT/hdds-container-service-1.4.0-SNAPSHOT.jar!/webapps/static,STOPPED}
2023-01-03 10:07:05,311 [Listener at 127.0.0.1/41175] INFO  handler.ContextHandler (ContextHandler.java:doStop(1159)) - Stopped o.e.j.s.ServletContextHandler@4e0fc63f{logs,/logs,file:///home/runner/work/ozone/ozone/hadoop-ozone/integration-test/target/log,STOPPED}
2023-01-03 10:07:05,314 [Listener at 127.0.0.1/41175] INFO  ozoneimpl.OzoneContainer (OzoneContainer.java:stop(417)) - Attempting to stop container services.
2023-01-03 10:07:05,315 [Listener at 127.0.0.1/41175] INFO  server.RaftServer (RaftServerProxy.java:lambda$close$6(409)) - 265cde2e-5350-4bf8-a91b-58e7369f5fcb: close
2023-01-03 10:07:05,315 [Listener at 127.0.0.1/41175] INFO  server.GrpcService (GrpcService.java:closeImpl(271)) - 265cde2e-5350-4bf8-a91b-58e7369f5fcb: shutdown server GrpcServerProtocolService now
2023-01-03 10:07:05,315 [265cde2e-5350-4bf8-a91b-58e7369f5fcb-impl-thread1] INFO  server.RaftServer$Division (RaftServerImpl.java:lambda$close$4(458)) - 265cde2e-5350-4bf8-a91b-58e7369f5fcb@group-157A35284FE4: shutdown
2023-01-03 10:07:05,315 [265cde2e-5350-4bf8-a91b-58e7369f5fcb-impl-thread1] INFO  util.JmxRegister (JmxRegister.java:unregister(73)) - Successfully un-registered JMX Bean with object name Ratis:service=RaftServer,group=group-157A35284FE4,id=265cde2e-5350-4bf8-a91b-58e7369f5fcb
2023-01-03 10:07:05,316 [265cde2e-5350-4bf8-a91b-58e7369f5fcb-impl-thread1] INFO  impl.RoleInfo (RoleInfo.java:shutdownLeaderState(93)) - 265cde2e-5350-4bf8-a91b-58e7369f5fcb: shutdown 265cde2e-5350-4bf8-a91b-58e7369f5fcb@group-157A35284FE4-LeaderStateImpl
2023-01-03 10:07:05,316 [265cde2e-5350-4bf8-a91b-58e7369f5fcb-impl-thread1] INFO  impl.PendingRequests (PendingRequests.java:sendNotLeaderResponses(282)) - 265cde2e-5350-4bf8-a91b-58e7369f5fcb@group-157A35284FE4-PendingRequests: sendNotLeaderResponses
2023-01-03 10:07:05,316 [265cde2e-5350-4bf8-a91b-58e7369f5fcb-impl-thread1] INFO  impl.StateMachineUpdater (StateMachineUpdater.java:stopAndJoin(153)) - 265cde2e-5350-4bf8-a91b-58e7369f5fcb@group-157A35284FE4-StateMachineUpdater: set stopIndex = 0
2023-01-03 10:07:05,316 [265cde2e-5350-4bf8-a91b-58e7369f5fcb@group-157A35284FE4-StateMachineUpdater] INFO  ratis.ContainerStateMachine (ContainerStateMachine.java:takeSnapshot(308)) - group-157A35284FE4: Taking a snapshot at:(t:1, i:0) file /home/runner/work/ozone/ozone/hadoop-ozone/integration-test/target/test-dir/MiniOzoneClusterImpl-70d28db6-796b-4d31-8f04-926db9b5570a/datanode-3/data/ratis/1d9d8080-1cc3-4f16-9e20-157a35284fe4/sm/snapshot.1_0
2023-01-03 10:07:05,318 [Listener at 127.0.0.1/41175] INFO  server.GrpcService (GrpcService.java:closeImpl(280)) - 265cde2e-5350-4bf8-a91b-58e7369f5fcb: shutdown server GrpcServerProtocolService successfully
2023-01-03 10:07:05,318 [265cde2e-5350-4bf8-a91b-58e7369f5fcb-NettyServerStreamRpc-bossGroup--thread1] INFO  logging.LoggingHandler (AbstractInternalLogger.java:log(148)) - [id: 0x9ee7277a, L:/0:0:0:0:0:0:0:0:33331] CLOSE
2023-01-03 10:07:05,318 [265cde2e-5350-4bf8-a91b-58e7369f5fcb-NettyServerStreamRpc-bossGroup--thread1] INFO  logging.LoggingHandler (AbstractInternalLogger.java:log(148)) - [id: 0x9ee7277a, L:/0:0:0:0:0:0:0:0:33331] INACTIVE
2023-01-03 10:07:05,318 [265cde2e-5350-4bf8-a91b-58e7369f5fcb-NettyServerStreamRpc-bossGroup--thread1] INFO  logging.LoggingHandler (AbstractInternalLogger.java:log(148)) - [id: 0x9ee7277a, L:/0:0:0:0:0:0:0:0:33331] UNREGISTERED
2023-01-03 10:07:05,318 [265cde2e-5350-4bf8-a91b-58e7369f5fcb@group-157A35284FE4-StateMachineUpdater] INFO  ratis.ContainerStateMachine (ContainerStateMachine.java:takeSnapshot(319)) - group-157A35284FE4: Finished taking a snapshot at:(t:1, i:0) file:/home/runner/work/ozone/ozone/hadoop-ozone/integration-test/target/test-dir/MiniOzoneClusterImpl-70d28db6-796b-4d31-8f04-926db9b5570a/datanode-3/data/ratis/1d9d8080-1cc3-4f16-9e20-157a35284fe4/sm/snapshot.1_0 took: 2 ms
2023-01-03 10:07:05,319 [265cde2e-5350-4bf8-a91b-58e7369f5fcb@group-157A35284FE4-StateMachineUpdater] INFO  impl.StateMachineUpdater (StateMachineUpdater.java:takeSnapshot(287)) - 265cde2e-5350-4bf8-a91b-58e7369f5fcb@group-157A35284FE4-StateMachineUpdater: Took a snapshot at index 0
2023-01-03 10:07:05,319 [265cde2e-5350-4bf8-a91b-58e7369f5fcb@group-157A35284FE4-StateMachineUpdater] INFO  impl.StateMachineUpdater (StateMachineUpdater.java:lambda$new$0(92)) - 265cde2e-5350-4bf8-a91b-58e7369f5fcb@group-157A35284FE4-StateMachineUpdater: snapshotIndex: updateIncreasingly -1 -> 0
2023-01-03 10:07:05,319 [265cde2e-5350-4bf8-a91b-58e7369f5fcb-impl-thread1] INFO  server.RaftServer$Division (ServerState.java:close(466)) - 265cde2e-5350-4bf8-a91b-58e7369f5fcb@group-157A35284FE4: closes. applyIndex: 0
2023-01-03 10:07:05,322 [265cde2e-5350-4bf8-a91b-58e7369f5fcb@group-157A35284FE4-SegmentedRaftLogWorker] INFO  segmented.SegmentedRaftLogWorker (SegmentedRaftLogWorker.java:run(347)) - 265cde2e-5350-4bf8-a91b-58e7369f5fcb@group-157A35284FE4-SegmentedRaftLogWorker was interrupted, exiting. There are 0 tasks remaining in the queue.
2023-01-03 10:07:05,322 [265cde2e-5350-4bf8-a91b-58e7369f5fcb-impl-thread1] INFO  segmented.SegmentedRaftLogWorker (SegmentedRaftLogWorker.java:close(257)) - 265cde2e-5350-4bf8-a91b-58e7369f5fcb@group-157A35284FE4-SegmentedRaftLogWorker close()
2023-01-03 10:07:05,328 [ForkJoinPool.commonPool-worker-1] INFO  volume.HddsVolume (HddsVolume.java:closeDbStore(338)) - SchemaV3 db is stopped at /home/runner/work/ozone/ozone/hadoop-ozone/integration-test/target/test-dir/MiniOzoneClusterImpl-70d28db6-796b-4d31-8f04-926db9b5570a/datanode-0/data-0/containers/hdds/70d28db6-796b-4d31-8f04-926db9b5570a/DS-5b872189-f07c-42c8-b1ee-ccf881fc8dcd/container.db for volume DS-5b872189-f07c-42c8-b1ee-ccf881fc8dcd
2023-01-03 10:07:05,329 [ForkJoinPool.commonPool-worker-1] INFO  utils.BackgroundService (BackgroundService.java:shutdown(141)) - Shutting down service BlockDeletingService
2023-01-03 10:07:05,330 [ForkJoinPool.commonPool-worker-1] INFO  utils.BackgroundService (BackgroundService.java:shutdown(141)) - Shutting down service StaleRecoveringContainerScrubbingService
2023-01-03 10:07:05,338 [ForkJoinPool.commonPool-worker-1] INFO  statemachine.DatanodeStateMachine (DatanodeStateMachine.java:stopDaemon(596)) - Ozone container server stopped.
2023-01-03 10:07:05,341 [JvmPauseMonitor4] INFO  util.JvmPauseMonitor (JvmPauseMonitor.java:run(111)) - JvmPauseMonitor-265cde2e-5350-4bf8-a91b-58e7369f5fcb: Stopped
2023-01-03 10:07:05,349 [ForkJoinPool.commonPool-worker-1] INFO  handler.ContextHandler (ContextHandler.java:doStop(1159)) - Stopped o.e.j.w.WebAppContext@2f3cddaf{hddsDatanode,/,null,STOPPED}{jar:file:/home/runner/.m2/repository/org/apache/ozone/hdds-container-service/1.4.0-SNAPSHOT/hdds-container-service-1.4.0-SNAPSHOT.jar!/webapps/hddsDatanode}
2023-01-03 10:07:05,350 [ForkJoinPool.commonPool-worker-1] INFO  server.AbstractConnector (AbstractConnector.java:doStop(383)) - Stopped ServerConnector@31d26296{HTTP/1.1, (http/1.1)}{0.0.0.0:0}
2023-01-03 10:07:05,350 [ForkJoinPool.commonPool-worker-1] INFO  server.session (HouseKeeper.java:stopScavenging(149)) - node0 Stopped scavenging
2023-01-03 10:07:05,351 [ForkJoinPool.commonPool-worker-1] INFO  handler.ContextHandler (ContextHandler.java:doStop(1159)) - Stopped o.e.j.s.ServletContextHandler@7a6a4327{static,/static,jar:file:/home/runner/.m2/repository/org/apache/ozone/hdds-container-service/1.4.0-SNAPSHOT/hdds-container-service-1.4.0-SNAPSHOT.jar!/webapps/static,STOPPED}
2023-01-03 10:07:05,351 [ForkJoinPool.commonPool-worker-1] INFO  handler.ContextHandler (ContextHandler.java:doStop(1159)) - Stopped o.e.j.s.ServletContextHandler@311eb977{logs,/logs,file:///home/runner/work/ozone/ozone/hadoop-ozone/integration-test/target/log,STOPPED}
2023-01-03 10:07:07,349 [Listener at 127.0.0.1/41175] INFO  volume.HddsVolume (HddsVolume.java:closeDbStore(338)) - SchemaV3 db is stopped at /home/runner/work/ozone/ozone/hadoop-ozone/integration-test/target/test-dir/MiniOzoneClusterImpl-70d28db6-796b-4d31-8f04-926db9b5570a/datanode-3/data-0/containers/hdds/70d28db6-796b-4d31-8f04-926db9b5570a/DS-14afbebc-6351-424e-adb4-b837324ecd67/container.db for volume DS-14afbebc-6351-424e-adb4-b837324ecd67
2023-01-03 10:07:07,349 [Listener at 127.0.0.1/41175] INFO  utils.BackgroundService (BackgroundService.java:shutdown(141)) - Shutting down service BlockDeletingService
2023-01-03 10:07:07,350 [Listener at 127.0.0.1/41175] INFO  utils.BackgroundService (BackgroundService.java:shutdown(141)) - Shutting down service StaleRecoveringContainerScrubbingService
2023-01-03 10:07:07,351 [Listener at 127.0.0.1/41175] INFO  statemachine.DatanodeStateMachine (DatanodeStateMachine.java:stopDaemon(596)) - Ozone container server stopped.
2023-01-03 10:07:07,359 [Listener at 127.0.0.1/41175] INFO  handler.ContextHandler (ContextHandler.java:doStop(1159)) - Stopped o.e.j.w.WebAppContext@5a8daa11{hddsDatanode,/,null,STOPPED}{jar:file:/home/runner/.m2/repository/org/apache/ozone/hdds-container-service/1.4.0-SNAPSHOT/hdds-container-service-1.4.0-SNAPSHOT.jar!/webapps/hddsDatanode}
2023-01-03 10:07:07,360 [Listener at 127.0.0.1/41175] INFO  server.AbstractConnector (AbstractConnector.java:doStop(383)) - Stopped ServerConnector@6d7e0845{HTTP/1.1, (http/1.1)}{0.0.0.0:0}
2023-01-03 10:07:07,360 [Listener at 127.0.0.1/41175] INFO  server.session (HouseKeeper.java:stopScavenging(149)) - node0 Stopped scavenging
2023-01-03 10:07:07,361 [Listener at 127.0.0.1/41175] INFO  handler.ContextHandler (ContextHandler.java:doStop(1159)) - Stopped o.e.j.s.ServletContextHandler@6cfccd32{static,/static,jar:file:/home/runner/.m2/repository/org/apache/ozone/hdds-container-service/1.4.0-SNAPSHOT/hdds-container-service-1.4.0-SNAPSHOT.jar!/webapps/static,STOPPED}
2023-01-03 10:07:07,361 [Listener at 127.0.0.1/41175] INFO  handler.ContextHandler (ContextHandler.java:doStop(1159)) - Stopped o.e.j.s.ServletContextHandler@5cf8a5c9{logs,/logs,file:///home/runner/work/ozone/ozone/hadoop-ozone/integration-test/target/log,STOPPED}
2023-01-03 10:07:07,362 [Listener at 127.0.0.1/41175] INFO  ozone.MiniOzoneClusterImpl (MiniOzoneClusterImpl.java:stopSCM(538)) - Stopping the StorageContainerManager
2023-01-03 10:07:07,362 [Listener at 127.0.0.1/41175] INFO  server.StorageContainerManager (StorageContainerManager.java:stop(1518)) - Container Balancer is not running.
2023-01-03 10:07:07,362 [Listener at 127.0.0.1/41175] INFO  server.StorageContainerManager (StorageContainerManager.java:stop(1525)) - Stopping Replication Manager Service.
2023-01-03 10:07:07,362 [Listener at 127.0.0.1/41175] INFO  replication.ReplicationManager (ReplicationManager.java:stop(296)) - Stopping Replication Monitor Thread.
2023-01-03 10:07:07,362 [Over Replicated Processor] WARN  replication.UnhealthyReplicationProcessor (UnhealthyReplicationProcessor.java:run(141)) - Over Replicated Processor interrupted. Exiting...
2023-01-03 10:07:07,362 [Under Replicated Processor] WARN  replication.UnhealthyReplicationProcessor (UnhealthyReplicationProcessor.java:run(141)) - Under Replicated Processor interrupted. Exiting...
2023-01-03 10:07:07,363 [Listener at 127.0.0.1/41175] INFO  server.StorageContainerManager (StorageContainerManager.java:stop(1532)) - Stopping the Datanode Admin Monitor.
2023-01-03 10:07:07,363 [ReplicationMonitor] INFO  replication.ReplicationManager (ReplicationManager.java:run(666)) - Replication Monitor Thread is stopped
2023-01-03 10:07:07,363 [Listener at 127.0.0.1/41175] INFO  server.StorageContainerManager (StorageContainerManager.java:stop(1539)) - Stopping datanode service RPC server
2023-01-03 10:07:07,363 [Listener at 127.0.0.1/41175] INFO  server.SCMDatanodeProtocolServer (SCMDatanodeProtocolServer.java:stop(441)) - Stopping the RPC server for DataNodes
2023-01-03 10:07:07,363 [Listener at 127.0.0.1/41175] INFO  ipc.Server (Server.java:stop(3428)) - Stopping server on 36315
2023-01-03 10:07:07,365 [IPC Server Responder] INFO  ipc.Server (Server.java:run(1517)) - Stopping IPC Server Responder
2023-01-03 10:07:07,365 [IPC Server listener on 0] INFO  ipc.Server (Server.java:run(1384)) - Stopping IPC Server listener on 0
2023-01-03 10:07:07,408 [SCM Heartbeat Processing Thread - 0] WARN  node.NodeStateManager (NodeStateManager.java:scheduleNextHealthCheck(870)) - Current Thread is interrupted, shutting down HB processing thread for Node Manager.
2023-01-03 10:07:07,409 [Listener at 127.0.0.1/41175] INFO  server.StorageContainerManager (StorageContainerManager.java:stop(1547)) - Stopping block service RPC server
2023-01-03 10:07:07,409 [Listener at 127.0.0.1/41175] INFO  server.SCMBlockProtocolServer (SCMBlockProtocolServer.java:stop(161)) - Stopping the RPC server for Block Protocol
2023-01-03 10:07:07,409 [Listener at 127.0.0.1/41175] INFO  ipc.Server (Server.java:stop(3428)) - Stopping server on 34199
2023-01-03 10:07:07,411 [IPC Server listener on 0] INFO  ipc.Server (Server.java:run(1384)) - Stopping IPC Server listener on 0
2023-01-03 10:07:07,411 [IPC Server Responder] INFO  ipc.Server (Server.java:run(1517)) - Stopping IPC Server Responder
2023-01-03 10:07:07,412 [Listener at 127.0.0.1/41175] INFO  server.StorageContainerManager (StorageContainerManager.java:stop(1554)) - Stopping the StorageContainerLocationProtocol RPC server
2023-01-03 10:07:07,412 [Listener at 127.0.0.1/41175] INFO  server.SCMClientProtocolServer (SCMClientProtocolServer.java:stop(179)) - Stopping the RPC server for Client Protocol
2023-01-03 10:07:07,412 [Listener at 127.0.0.1/41175] INFO  ipc.Server (Server.java:stop(3428)) - Stopping server on 35301
2023-01-03 10:07:07,413 [IPC Server Responder] INFO  ipc.Server (Server.java:run(1517)) - Stopping IPC Server Responder
2023-01-03 10:07:07,414 [Listener at 127.0.0.1/41175] INFO  server.StorageContainerManager (StorageContainerManager.java:stop(1561)) - Stopping Storage Container Manager HTTP server.
2023-01-03 10:07:07,415 [IPC Server listener on 0] INFO  ipc.Server (Server.java:run(1384)) - Stopping IPC Server listener on 0
2023-01-03 10:07:07,417 [Listener at 127.0.0.1/41175] INFO  handler.ContextHandler (ContextHandler.java:doStop(1159)) - Stopped o.e.j.w.WebAppContext@207f7baa{scm,/,null,STOPPED}{file:/home/runner/work/ozone/ozone/hadoop-ozone/integration-test/target/test-classes/webapps/scm}
2023-01-03 10:07:07,417 [Listener at 127.0.0.1/41175] INFO  server.AbstractConnector (AbstractConnector.java:doStop(383)) - Stopped ServerConnector@70ca8e72{HTTP/1.1, (http/1.1)}{0.0.0.0:0}
2023-01-03 10:07:07,417 [Listener at 127.0.0.1/41175] INFO  server.session (HouseKeeper.java:stopScavenging(149)) - node0 Stopped scavenging
2023-01-03 10:07:07,418 [Listener at 127.0.0.1/41175] INFO  handler.ContextHandler (ContextHandler.java:doStop(1159)) - Stopped o.e.j.s.ServletContextHandler@128d397c{static,/static,file:///home/runner/work/ozone/ozone/hadoop-ozone/integration-test/target/test-classes/webapps/static,STOPPED}
2023-01-03 10:07:07,418 [Listener at 127.0.0.1/41175] INFO  handler.ContextHandler (ContextHandler.java:doStop(1159)) - Stopped o.e.j.s.ServletContextHandler@80b70fd{logs,/logs,file:///home/runner/work/ozone/ozone/hadoop-ozone/integration-test/target/log,STOPPED}
2023-01-03 10:07:07,419 [Listener at 127.0.0.1/41175] INFO  server.StorageContainerManager (StorageContainerManager.java:stop(1567)) - Stopping SCM LayoutVersionManager Service.
2023-01-03 10:07:07,419 [Listener at 127.0.0.1/41175] INFO  server.StorageContainerManager (StorageContainerManager.java:stop(1575)) - Stopping Block Manager Service.
2023-01-03 10:07:07,419 [Listener at 127.0.0.1/41175] INFO  utils.BackgroundService (BackgroundService.java:shutdown(141)) - Shutting down service SCMBlockDeletingService
2023-01-03 10:07:07,419 [Listener at 127.0.0.1/41175] INFO  utils.BackgroundService (BackgroundService.java:shutdown(141)) - Shutting down service SCMBlockDeletingService
2023-01-03 10:07:07,419 [Listener at 127.0.0.1/41175] INFO  server.StorageContainerManager (StorageContainerManager.java:stop(1597)) - Stopping SCM Event Queue.
2023-01-03 10:07:07,421 [Listener at 127.0.0.1/41175] INFO  server.StorageContainerManager (StorageContainerManager.java:stop(1608)) - Stopping SCM HA services.
2023-01-03 10:07:07,421 [Listener at 127.0.0.1/41175] INFO  pipeline.BackgroundPipelineCreator (BackgroundPipelineCreator.java:stop(149)) - Stopping RatisPipelineUtilsThread.
2023-01-03 10:07:07,422 [RatisPipelineUtilsThread - 0] WARN  pipeline.BackgroundPipelineCreator (BackgroundPipelineCreator.java:run(180)) - RatisPipelineUtilsThread is interrupted.
2023-01-03 10:07:07,422 [Listener at 127.0.0.1/41175] INFO  BackgroundPipelineScrubber (BackgroundSCMService.java:stop(131)) - Stopping BackgroundPipelineScrubber Service.
2023-01-03 10:07:07,422 [BackgroundPipelineScrubberThread] WARN  BackgroundPipelineScrubber (BackgroundSCMService.java:run(115)) - BackgroundPipelineScrubber is interrupted, exit
2023-01-03 10:07:07,423 [Listener at 127.0.0.1/41175] INFO  impl.MetricsSystemImpl (MetricsSystemImpl.java:stop(210)) - Stopping XceiverClientMetrics metrics system...
2023-01-03 10:07:07,428 [prometheus] INFO  impl.MetricsSinkAdapter (MetricsSinkAdapter.java:publishMetricsFromQueue(141)) - prometheus thread interrupted.
2023-01-03 10:07:07,428 [Listener at 127.0.0.1/41175] INFO  impl.MetricsSystemImpl (MetricsSystemImpl.java:stop(216)) - XceiverClientMetrics metrics system stopped.
2023-01-03 10:07:07,428 [Listener at 127.0.0.1/41175] WARN  pipeline.BackgroundPipelineCreator (BackgroundPipelineCreator.java:stop(145)) - RatisPipelineUtilsThread is not running, just ignore.
2023-01-03 10:07:07,428 [Listener at 127.0.0.1/41175] INFO  BackgroundPipelineScrubber (BackgroundSCMService.java:stop(126)) - BackgroundPipelineScrubber Service is not running, skip stop.
2023-01-03 10:07:07,429 [Listener at 127.0.0.1/41175] INFO  ExpiredContainerReplicaOpScrubber (BackgroundSCMService.java:stop(131)) - Stopping ExpiredContainerReplicaOpScrubber Service.
2023-01-03 10:07:07,429 [ExpiredContainerReplicaOpScrubberThread] WARN  ExpiredContainerReplicaOpScrubber (BackgroundSCMService.java:run(115)) - ExpiredContainerReplicaOpScrubber is interrupted, exit
2023-01-03 10:07:07,429 [Listener at 127.0.0.1/41175] INFO  utils.BackgroundService (BackgroundService.java:shutdown(141)) - Shutting down service SCMBlockDeletingService
2023-01-03 10:07:07,429 [Listener at 127.0.0.1/41175] INFO  replication.ReplicationManager (ReplicationManager.java:stop(304)) - Replication Monitor Thread is not running.
2023-01-03 10:07:07,429 [Listener at 127.0.0.1/41175] WARN  balancer.ContainerBalancer (ContainerBalancer.java:stop(322)) - Cannot stop Container Balancer because it's not running or stopping
2023-01-03 10:07:07,429 [Listener at 127.0.0.1/41175] INFO  server.StorageContainerManager (StorageContainerManager.java:stop(1626)) - Stopping SCM MetadataStore.
2023-01-03 10:07:07,494 [Listener at 127.0.0.1/41175] WARN  server.ServerUtils (ServerUtils.java:getScmDbDir(148)) - ozone.scm.db.dirs is not configured. We recommend adding this setting. Falling back to ozone.metadata.dirs instead.
2023-01-03 10:07:07,498 [Listener at 127.0.0.1/41175] WARN  server.ServerUtils (ServerUtils.java:getScmDbDir(148)) - ozone.scm.db.dirs is not configured. We recommend adding this setting. Falling back to ozone.metadata.dirs instead.
2023-01-03 10:07:07,498 [Listener at 127.0.0.1/41175] INFO  ha.SCMHANodeDetails (SCMHANodeDetails.java:loadSCMHAConfig(209)) - ServiceID for StorageContainerManager is null
2023-01-03 10:07:07,498 [Listener at 127.0.0.1/41175] INFO  ha.SCMHANodeDetails (SCMHANodeDetails.java:loadSCMHAConfig(214)) - ozone.scm.default.service.id is not defined, falling back to ozone.scm.service.ids to find serviceID for StorageContainerManager if it is HA enabled cluster
2023-01-03 10:07:07,499 [Listener at 127.0.0.1/41175] WARN  utils.HAUtils (HAUtils.java:getMetaDir(342)) - ozone.scm.db.dirs is not configured. We recommend adding this setting. Falling back to ozone.metadata.dirs instead.
2023-01-03 10:07:07,499 [Listener at 127.0.0.1/41175] WARN  db.DBStoreBuilder (DBStoreBuilder.java:applyDBDefinition(144)) - ozone.scm.db.dirs is not configured. We recommend adding this setting. Falling back to ozone.metadata.dirs instead.
2023-01-03 10:07:07,578 [Listener at 127.0.0.1/41175] INFO  net.NodeSchemaLoader (NodeSchemaLoader.java:loadSchemaFromFile(129)) - Loading schema from [jar:file:/home/runner/.m2/repository/org/apache/ozone/hdds-common/1.4.0-SNAPSHOT/hdds-common-1.4.0-SNAPSHOT.jar!/network-topology-default.xml]
2023-01-03 10:07:07,578 [Listener at 127.0.0.1/41175] INFO  net.NodeSchemaLoader (NodeSchemaLoader.java:loadSchema(176)) - Loading network topology layer schema file
2023-01-03 10:07:07,580 [Listener at 127.0.0.1/41175] INFO  upgrade.AbstractLayoutVersionManager (AbstractLayoutVersionManager.java:init(83)) - Initializing Layout version manager with metadata layout = DATANODE_SCHEMA_V3 (version = 4), software layout = DATANODE_SCHEMA_V3 (version = 4)
2023-01-03 10:07:07,625 [Listener at 127.0.0.1/41175] INFO  reflections.Reflections (Reflections.java:scan(232)) - Reflections took 43 ms to scan 7 urls, producing 146 keys and 350 values 
2023-01-03 10:07:07,626 [Listener at 127.0.0.1/41175] INFO  ha.SequenceIdGenerator (SequenceIdGenerator.java:upgradeToSequenceId(349)) - upgrade localId to 111677748019200000
2023-01-03 10:07:07,626 [Listener at 127.0.0.1/41175] INFO  ha.SequenceIdGenerator (SequenceIdGenerator.java:upgradeToSequenceId(359)) - upgrade delTxnId to 0
2023-01-03 10:07:07,627 [Listener at 127.0.0.1/41175] INFO  ha.SequenceIdGenerator (SequenceIdGenerator.java:upgradeToSequenceId(376)) - upgrade containerId to 0
2023-01-03 10:07:07,627 [Listener at 127.0.0.1/41175] INFO  ha.SequenceIdGenerator (SequenceIdGenerator.java:<init>(220)) - Init the HA SequenceIdGenerator.
2023-01-03 10:07:07,627 [Listener at 127.0.0.1/41175] WARN  server.ServerUtils (ServerUtils.java:sanitizeUserArgs(73)) - ozone.scm.stale.node.interval value = 300000 is larger than max = 100000 based on the key value of ozone.scm.heartbeat.thread.interval, reset to the max value 100000.
2023-01-03 10:07:07,627 [Listener at 127.0.0.1/41175] WARN  server.ServerUtils (ServerUtils.java:sanitizeUserArgs(73)) - ozone.scm.stale.node.interval value = 300000 is larger than max = 100000 based on the key value of ozone.scm.heartbeat.thread.interval, reset to the max value 100000.
2023-01-03 10:07:07,628 [Listener at 127.0.0.1/41175] INFO  node.SCMNodeManager (SCMNodeManager.java:<init>(149)) - Entering startup safe mode.
2023-01-03 10:07:07,628 [Listener at 127.0.0.1/41175] INFO  algorithms.ContainerPlacementPolicyFactory (ContainerPlacementPolicyFactory.java:getPolicyInternal(86)) - Create container placement policy of type org.apache.hadoop.hdds.scm.container.placement.algorithms.SCMContainerPlacementRandom
2023-01-03 10:07:07,628 [Listener at 127.0.0.1/41175] INFO  algorithms.ContainerPlacementPolicyFactory (ContainerPlacementPolicyFactory.java:getPolicyInternal(86)) - Create container placement policy of type org.apache.hadoop.hdds.scm.container.placement.algorithms.SCMContainerPlacementRackScatter
2023-01-03 10:07:07,628 [Listener at 127.0.0.1/41175] INFO  pipeline.PipelineStateManagerImpl (PipelineStateManagerImpl.java:initialize(78)) - No pipeline exists in current db
2023-01-03 10:07:07,628 [Listener at 127.0.0.1/41175] INFO  algorithms.LeaderChoosePolicyFactory (LeaderChoosePolicyFactory.java:getPolicy(57)) - Create leader choose policy of type org.apache.hadoop.hdds.scm.pipeline.leader.choose.algorithms.MinLeaderCountChoosePolicy
2023-01-03 10:07:07,628 [Listener at 127.0.0.1/41175] INFO  algorithms.ContainerPlacementPolicyFactory (ContainerPlacementPolicyFactory.java:getPolicyInternal(86)) - Create container placement policy of type org.apache.hadoop.hdds.scm.container.placement.algorithms.SCMContainerPlacementRackScatter
2023-01-03 10:07:07,629 [Listener at 127.0.0.1/41175] INFO  ha.SCMServiceManager (SCMServiceManager.java:register(42)) - Registering service BackgroundPipelineCreator.
2023-01-03 10:07:07,629 [Listener at 127.0.0.1/41175] INFO  pipeline.BackgroundPipelineCreator (BackgroundPipelineCreator.java:start(124)) - Starting RatisPipelineUtilsThread.
2023-01-03 10:07:07,629 [Listener at 127.0.0.1/41175] INFO  BackgroundPipelineScrubber (BackgroundSCMService.java:start(68)) - Starting BackgroundPipelineScrubber Service.
2023-01-03 10:07:07,629 [Listener at 127.0.0.1/41175] INFO  ha.SCMServiceManager (SCMServiceManager.java:register(42)) - Registering service BackgroundPipelineScrubber.
2023-01-03 10:07:07,630 [Listener at 127.0.0.1/41175] INFO  ExpiredContainerReplicaOpScrubber (BackgroundSCMService.java:start(68)) - Starting ExpiredContainerReplicaOpScrubber Service.
2023-01-03 10:07:07,630 [Listener at 127.0.0.1/41175] INFO  ha.SCMServiceManager (SCMServiceManager.java:register(42)) - Registering service ExpiredContainerReplicaOpScrubber.
2023-01-03 10:07:07,631 [Listener at 127.0.0.1/41175] INFO  algorithms.PipelineChoosePolicyFactory (PipelineChoosePolicyFactory.java:createPipelineChoosePolicyFromClass(73)) - Create pipeline choose policy of type org.apache.hadoop.hdds.scm.pipeline.choose.algorithms.RandomPipelineChoosePolicy
2023-01-03 10:07:07,631 [Listener at 127.0.0.1/41175] INFO  ha.SCMServiceManager (SCMServiceManager.java:register(42)) - Registering service SCMBlockDeletingService.
2023-01-03 10:07:07,632 [Listener at 127.0.0.1/41175] INFO  replication.ReplicationManager (ReplicationManager.java:start(261)) - Starting Replication Monitor Thread.
2023-01-03 10:07:07,634 [Listener at 127.0.0.1/41175] INFO  ha.SCMServiceManager (SCMServiceManager.java:register(42)) - Registering service ReplicationManager.
2023-01-03 10:07:07,638 [ReplicationMonitor] INFO  replication.ReplicationManager (ReplicationManager.java:processAll(330)) - Replication Manager is not ready to run until 3000ms after safemode exit
2023-01-03 10:07:07,638 [Listener at 127.0.0.1/41175] INFO  safemode.ContainerSafeModeRule (ContainerSafeModeRule.java:<init>(89)) - containers with one replica threshold count 0
2023-01-03 10:07:07,638 [Listener at 127.0.0.1/41175] INFO  safemode.HealthyPipelineSafeModeRule (HealthyPipelineSafeModeRule.java:initializeRule(169)) - Total pipeline count is 0, healthy pipeline threshold count is 1
2023-01-03 10:07:07,638 [Listener at 127.0.0.1/41175] INFO  safemode.OneReplicaPipelineSafeModeRule (OneReplicaPipelineSafeModeRule.java:initializeRule(180)) - Total pipeline count is 0, pipeline's with at least one datanode reported threshold count is 0
2023-01-03 10:07:07,639 [Listener at 127.0.0.1/41175] INFO  ipc.CallQueueManager (CallQueueManager.java:<init>(90)) - Using callQueue: class java.util.concurrent.LinkedBlockingQueue, queueCapacity: 2000, scheduler: class org.apache.hadoop.ipc.DefaultRpcScheduler, ipcBackoff: false.
2023-01-03 10:07:07,639 [Socket Reader #1 for port 0] INFO  ipc.Server (Server.java:run(1273)) - Starting Socket Reader #1 for port 0
2023-01-03 10:07:07,640 [Listener at 0.0.0.0/43159] INFO  ipc.CallQueueManager (CallQueueManager.java:<init>(90)) - Using callQueue: class java.util.concurrent.LinkedBlockingQueue, queueCapacity: 2000, scheduler: class org.apache.hadoop.ipc.DefaultRpcScheduler, ipcBackoff: false.
2023-01-03 10:07:07,648 [Socket Reader #1 for port 0] INFO  ipc.Server (Server.java:run(1273)) - Starting Socket Reader #1 for port 0
2023-01-03 10:07:07,648 [Listener at 0.0.0.0/38917] INFO  ipc.CallQueueManager (CallQueueManager.java:<init>(90)) - Using callQueue: class java.util.concurrent.LinkedBlockingQueue, queueCapacity: 2000, scheduler: class org.apache.hadoop.ipc.DefaultRpcScheduler, ipcBackoff: false.
2023-01-03 10:07:07,649 [Socket Reader #1 for port 0] INFO  ipc.Server (Server.java:run(1273)) - Starting Socket Reader #1 for port 0
2023-01-03 10:07:07,652 [Listener at 0.0.0.0/41971] INFO  ha.SCMServiceManager (SCMServiceManager.java:register(42)) - Registering service ContainerBalancer.
2023-01-03 10:07:07,652 [Listener at 0.0.0.0/41971] INFO  server.StorageContainerManager (StorageContainerManager.java:<init>(398)) - 
Container Balancer status:
Key                            Value
Running                        true
Container Balancer Configuration values:
Key                                                Value
Threshold                                          10
Max Datanodes to Involve per Iteration(percent)    20
Max Size to Move per Iteration                     500GB
Max Size Entering Target per Iteration             26GB
Max Size Leaving Source per Iteration              26GB

2023-01-03 10:07:07,652 [Listener at 0.0.0.0/41971] INFO  ha.SCMContext (SCMContext.java:updateSafeModeStatus(228)) - Update SafeModeStatus from SafeModeStatus{safeModeStatus=true, preCheckPassed=false} to SafeModeStatus{safeModeStatus=true, preCheckPassed=false}.
2023-01-03 10:07:07,652 [Listener at 0.0.0.0/41971] INFO  server.StorageContainerManager (StorageContainerManager.java:start(1423)) - StorageContainerLocationProtocol RPC server is listening at /0.0.0.0:41971
2023-01-03 10:07:07,656 [Listener at 0.0.0.0/41971] WARN  impl.MetricsConfig (MetricsConfig.java:loadFirst(136)) - Cannot locate configuration: tried hadoop-metrics2-storagecontainermanager.properties,hadoop-metrics2.properties
2023-01-03 10:07:07,657 [Listener at 0.0.0.0/41971] INFO  impl.MetricsSystemImpl (MetricsSystemImpl.java:startTimer(378)) - Scheduled Metric snapshot period at 10 second(s).
2023-01-03 10:07:07,657 [Listener at 0.0.0.0/41971] INFO  impl.MetricsSystemImpl (MetricsSystemImpl.java:start(191)) - StorageContainerManager metrics system started
2023-01-03 10:07:07,676 [Listener at 0.0.0.0/41971] INFO  impl.MetricsSinkAdapter (MetricsSinkAdapter.java:start(204)) - Sink prometheus started
2023-01-03 10:07:07,676 [Listener at 0.0.0.0/41971] INFO  impl.MetricsSystemImpl (MetricsSystemImpl.java:registerSink(305)) - Registered sink prometheus
2023-01-03 10:07:07,690 [Listener at 0.0.0.0/41971] INFO  server.SCMClientProtocolServer (SCMClientProtocolServer.java:start(170)) - RPC server for Client  is listening at /0.0.0.0:41971
2023-01-03 10:07:07,691 [IPC Server Responder] INFO  ipc.Server (Server.java:run(1512)) - IPC Server Responder: starting
2023-01-03 10:07:07,691 [IPC Server listener on 0] INFO  ipc.Server (Server.java:run(1352)) - IPC Server listener on 0: starting
2023-01-03 10:07:07,693 [Listener at 0.0.0.0/41971] INFO  server.StorageContainerManager (StorageContainerManager.java:start(1437)) - ScmBlockLocationProtocol RPC server is listening at /0.0.0.0:38917
2023-01-03 10:07:07,693 [Listener at 0.0.0.0/41971] INFO  server.SCMBlockProtocolServer (SCMBlockProtocolServer.java:start(152)) - RPC server for Block Protocol is listening at /0.0.0.0:38917
2023-01-03 10:07:07,694 [IPC Server Responder] INFO  ipc.Server (Server.java:run(1512)) - IPC Server Responder: starting
2023-01-03 10:07:07,694 [IPC Server listener on 0] INFO  ipc.Server (Server.java:run(1352)) - IPC Server listener on 0: starting
2023-01-03 10:07:07,696 [Listener at 0.0.0.0/41971] INFO  server.SCMDatanodeProtocolServer (SCMDatanodeProtocolServer.java:start(194)) - ScmDatanodeProtocol RPC server for DataNodes is listening at /0.0.0.0:43159
2023-01-03 10:07:07,698 [IPC Server Responder] INFO  ipc.Server (Server.java:run(1512)) - IPC Server Responder: starting
2023-01-03 10:07:07,698 [IPC Server listener on 0] INFO  ipc.Server (Server.java:run(1352)) - IPC Server listener on 0: starting
2023-01-03 10:07:07,711 [org.apache.hadoop.util.JvmPauseMonitor$Monitor@34564e35] INFO  util.JvmPauseMonitor (JvmPauseMonitor.java:run(188)) - Starting JVM pause monitor
2023-01-03 10:07:07,712 [Listener at 0.0.0.0/41971] INFO  http.BaseHttpServer (BaseHttpServer.java:newHttpServer2BuilderForOzone(213)) - Starting Web-server for scm at: http://0.0.0.0:0
2023-01-03 10:07:07,712 [Listener at 0.0.0.0/41971] INFO  http.BaseHttpServer (BaseHttpServer.java:<init>(108)) - Hadoop Security Enabled: false Ozone Security Enabled: false Ozone HTTP Security Enabled: false 
2023-01-03 10:07:07,713 [Listener at 0.0.0.0/41971] WARN  server.AuthenticationFilter (AuthenticationFilter.java:constructSecretProvider(240)) - Unable to initialize FileSignerSecretProvider, falling back to use random secrets. Reason: Could not read signature secret file: /home/runner/hadoop-http-auth-signature-secret
2023-01-03 10:07:07,714 [Listener at 0.0.0.0/41971] WARN  http.HttpRequestLog (HttpRequestLog.java:getRequestLog(103)) - Jetty request log can only be enabled using Log4j
2023-01-03 10:07:07,716 [Listener at 0.0.0.0/41971] INFO  http.HttpServer2 (HttpServer2.java:addGlobalFilter(1031)) - Added global filter 'safety' (class=org.apache.hadoop.hdds.server.http.HttpServer2$QuotingInputFilter)
2023-01-03 10:07:07,718 [Listener at 0.0.0.0/41971] INFO  http.HttpServer2 (HttpServer2.java:addFilter(1007)) - Added filter static_user_filter (class=org.apache.hadoop.http.lib.StaticUserWebFilter$StaticUserFilter) to context scm
2023-01-03 10:07:07,718 [Listener at 0.0.0.0/41971] INFO  http.HttpServer2 (HttpServer2.java:addFilter(1015)) - Added filter static_user_filter (class=org.apache.hadoop.http.lib.StaticUserWebFilter$StaticUserFilter) to context static
2023-01-03 10:07:07,718 [Listener at 0.0.0.0/41971] INFO  http.HttpServer2 (HttpServer2.java:addFilter(1015)) - Added filter static_user_filter (class=org.apache.hadoop.http.lib.StaticUserWebFilter$StaticUserFilter) to context logs
2023-01-03 10:07:07,719 [Listener at 0.0.0.0/41971] INFO  http.HttpServer2 (HttpServer2.java:bindListener(1250)) - Jetty bound to port 43951
2023-01-03 10:07:07,719 [Listener at 0.0.0.0/41971] INFO  server.Server (Server.java:doStart(375)) - jetty-9.4.49.v20220914; built: 2022-09-14T01:07:36.601Z; git: 4231a3b2e4cb8548a412a789936d640a97b1aa0a; jvm 1.8.0_352-b08
2023-01-03 10:07:07,726 [Listener at 0.0.0.0/41971] INFO  server.session (DefaultSessionIdManager.java:doStart(334)) - DefaultSessionIdManager workerName=node0
2023-01-03 10:07:07,727 [Listener at 0.0.0.0/41971] INFO  server.session (DefaultSessionIdManager.java:doStart(339)) - No SessionScavenger set, using defaults
2023-01-03 10:07:07,727 [Listener at 0.0.0.0/41971] INFO  server.session (HouseKeeper.java:startScavenging(132)) - node0 Scavenging every 600000ms
2023-01-03 10:07:07,727 [Listener at 0.0.0.0/41971] INFO  handler.ContextHandler (ContextHandler.java:doStart(921)) - Started o.e.j.s.ServletContextHandler@3ed31dbf{logs,/logs,file:///home/runner/work/ozone/ozone/hadoop-ozone/integration-test/target/log,AVAILABLE}
2023-01-03 10:07:07,728 [Listener at 0.0.0.0/41971] INFO  handler.ContextHandler (ContextHandler.java:doStart(921)) - Started o.e.j.s.ServletContextHandler@5429565e{static,/static,file:///home/runner/work/ozone/ozone/hadoop-ozone/integration-test/target/test-classes/webapps/static,AVAILABLE}
2023-01-03 10:07:07,731 [Listener at 0.0.0.0/41971] INFO  handler.ContextHandler (ContextHandler.java:doStart(921)) - Started o.e.j.w.WebAppContext@38a43698{scm,/,file:///home/runner/work/ozone/ozone/hadoop-ozone/integration-test/target/test-classes/webapps/scm/,AVAILABLE}{file:/home/runner/work/ozone/ozone/hadoop-ozone/integration-test/target/test-classes/webapps/scm}
2023-01-03 10:07:07,732 [Listener at 0.0.0.0/41971] INFO  server.AbstractConnector (AbstractConnector.java:doStart(333)) - Started ServerConnector@6ad9cc6d{HTTP/1.1, (http/1.1)}{0.0.0.0:43951}
2023-01-03 10:07:07,732 [Listener at 0.0.0.0/41971] INFO  server.Server (Server.java:doStart(415)) - Started @68522ms
2023-01-03 10:07:07,732 [Listener at 0.0.0.0/41971] WARN  impl.MetricsSystemImpl (MetricsSystemImpl.java:register(279)) - Sink prometheus already exists!
2023-01-03 10:07:07,733 [Listener at 0.0.0.0/41971] INFO  http.BaseHttpServer (BaseHttpServer.java:updateConnectorAddress(333)) - HTTP server of scm listening at http://0.0.0.0:43951
2023-01-03 10:07:07,733 [Listener at 0.0.0.0/41971] WARN  server.ServerUtils (ServerUtils.java:getDBPath(225)) - ozone.om.db.dirs is not configured. We recommend adding this setting. Falling back to ozone.metadata.dirs instead.
2023-01-03 10:07:07,734 [Listener at 0.0.0.0/41971] INFO  ha.OMHANodeDetails (OMHANodeDetails.java:loadOMHAConfig(115)) - ozone.om.internal.service.id is not defined, falling back to ozone.om.service.ids to find serviceID for OzoneManager if it is HA enabled cluster
2023-01-03 10:07:07,734 [Listener at 0.0.0.0/41971] INFO  ha.OMHANodeDetails (OMHANodeDetails.java:loadOMHAConfig(226)) - Configuration does not have ozone.om.address set. Falling back to the default OM address /127.0.0.1:0
2023-01-03 10:07:07,734 [Listener at 0.0.0.0/41971] INFO  ha.OMHANodeDetails (OMHANodeDetails.java:getOMNodeDetailsForNonHA(254)) - OM Service ID is not set. Setting it to the default ID: omServiceIdDefault
2023-01-03 10:07:07,734 [Listener at 0.0.0.0/41971] INFO  ha.OMHANodeDetails (OMHANodeDetails.java:getOMNodeDetailsForNonHA(261)) - OM Node ID is not set. Setting it to the default ID: om1
2023-01-03 10:07:07,735 [Listener at 0.0.0.0/41971] WARN  server.ServerUtils (ServerUtils.java:getDBPath(225)) - ozone.om.db.dirs is not configured. We recommend adding this setting. Falling back to ozone.metadata.dirs instead.
2023-01-03 10:07:07,736 [Listener at 0.0.0.0/41971] INFO  upgrade.AbstractLayoutVersionManager (AbstractLayoutVersionManager.java:init(83)) - Initializing Layout version manager with metadata layout = MULTITENANCY_SCHEMA (version = 3), software layout = MULTITENANCY_SCHEMA (version = 3)
2023-01-03 10:07:07,794 [Listener at 0.0.0.0/41971] INFO  reflections.Reflections (Reflections.java:scan(232)) - Reflections took 58 ms to scan 2 urls, producing 154 keys and 428 values [using 2 cores]
2023-01-03 10:07:07,794 [Listener at 0.0.0.0/41971] INFO  upgrade.OMLayoutVersionManager (OMLayoutVersionManager.java:lambda$0(115)) - Skipping Upgrade Action MockOmUpgradeAction since it has been finalized.
2023-01-03 10:07:07,794 [Listener at 0.0.0.0/41971] WARN  server.ServerUtils (ServerUtils.java:getDBPath(225)) - ozone.om.db.dirs is not configured. We recommend adding this setting. Falling back to ozone.metadata.dirs instead.
2023-01-03 10:07:07,795 [Listener at 0.0.0.0/41971] INFO  proxy.SCMBlockLocationFailoverProxyProvider (SCMBlockLocationFailoverProxyProvider.java:<init>(114)) - Created block location fail-over proxy with 1 nodes: [nodeId=scmNodeId,nodeAddress=/0.0.0.0:38917]
2023-01-03 10:07:07,796 [Listener at 0.0.0.0/41971] INFO  proxy.SCMBlockLocationFailoverProxyProvider (SCMBlockLocationFailoverProxyProvider.java:<init>(114)) - Created block location fail-over proxy with 1 nodes: [nodeId=scmNodeId,nodeAddress=/0.0.0.0:38917]
2023-01-03 10:07:07,804 [Listener at 0.0.0.0/41971] WARN  server.ServerUtils (ServerUtils.java:getDBPath(225)) - ozone.om.db.dirs is not configured. We recommend adding this setting. Falling back to ozone.metadata.dirs instead.
2023-01-03 10:07:07,805 [Listener at 0.0.0.0/41971] INFO  codec.OmKeyInfoCodec (OmKeyInfoCodec.java:<init>(49)) - OmKeyInfoCodec ignorePipeline = true
2023-01-03 10:07:07,805 [Listener at 0.0.0.0/41971] INFO  codec.RepeatedOmKeyInfoCodec (RepeatedOmKeyInfoCodec.java:<init>(41)) - RepeatedOmKeyInfoCodec ignorePipeline = true
2023-01-03 10:07:07,934 [Listener at 0.0.0.0/41971] INFO  om.OzoneManager (OzoneManager.java:instantiateServices(717)) - S3 Multi-Tenancy is disabled
2023-01-03 10:07:07,936 [Listener at 0.0.0.0/41971] INFO  om.OzoneManager (OzoneManager.java:addS3GVolumeToDB(4402)) - Created Volume s3v With Owner runner required for S3Gateway operations.
2023-01-03 10:07:07,938 [Listener at 0.0.0.0/41971] INFO  om.OzoneManager (OzoneManager.java:getRpcServer(1106)) - Creating RPC Server
2023-01-03 10:07:08,392 [Listener at 0.0.0.0/41971] INFO  reflections.Reflections (Reflections.java:scan(232)) - Reflections took 451 ms to scan 19 urls, producing 67 keys and 4516 values [using 2 cores]
2023-01-03 10:07:08,394 [Listener at 0.0.0.0/41971] INFO  ipc.CallQueueManager (CallQueueManager.java:<init>(90)) - Using callQueue: class java.util.concurrent.LinkedBlockingQueue, queueCapacity: 2000, scheduler: class org.apache.hadoop.ipc.DefaultRpcScheduler, ipcBackoff: false.
2023-01-03 10:07:08,394 [Socket Reader #1 for port 0] INFO  ipc.Server (Server.java:run(1273)) - Starting Socket Reader #1 for port 0
2023-01-03 10:07:08,413 [Listener at 127.0.0.1/46801] INFO  impl.MetricsSystemImpl (MetricsSystemImpl.java:init(158)) - OzoneManager metrics system started (again)
2023-01-03 10:07:08,424 [Listener at 127.0.0.1/46801] INFO  om.OzoneManager (OzoneManager.java:start(1486)) - OzoneManager RPC server is listening at localhost/127.0.0.1:46801
2023-01-03 10:07:08,424 [Listener at 127.0.0.1/46801] INFO  om.OzoneManager (OzoneManager.java:start(1502)) - Version File has different layout version (3) than OM DB (null). That is expected if this OM has never been finalized to a newer layout version.
2023-01-03 10:07:08,426 [Listener at 127.0.0.1/46801] INFO  http.BaseHttpServer (BaseHttpServer.java:newHttpServer2BuilderForOzone(213)) - Starting Web-server for ozoneManager at: http://0.0.0.0:0
2023-01-03 10:07:08,426 [Listener at 127.0.0.1/46801] INFO  http.BaseHttpServer (BaseHttpServer.java:<init>(108)) - Hadoop Security Enabled: false Ozone Security Enabled: false Ozone HTTP Security Enabled: false 
2023-01-03 10:07:08,427 [Listener at 127.0.0.1/46801] WARN  server.AuthenticationFilter (AuthenticationFilter.java:constructSecretProvider(240)) - Unable to initialize FileSignerSecretProvider, falling back to use random secrets. Reason: Could not read signature secret file: /home/runner/hadoop-http-auth-signature-secret
2023-01-03 10:07:08,429 [Listener at 127.0.0.1/46801] WARN  http.HttpRequestLog (HttpRequestLog.java:getRequestLog(103)) - Jetty request log can only be enabled using Log4j
2023-01-03 10:07:08,431 [Listener at 127.0.0.1/46801] INFO  http.HttpServer2 (HttpServer2.java:addGlobalFilter(1031)) - Added global filter 'safety' (class=org.apache.hadoop.hdds.server.http.HttpServer2$QuotingInputFilter)
2023-01-03 10:07:08,431 [Listener at 127.0.0.1/46801] INFO  http.HttpServer2 (HttpServer2.java:addFilter(1007)) - Added filter static_user_filter (class=org.apache.hadoop.http.lib.StaticUserWebFilter$StaticUserFilter) to context ozoneManager
2023-01-03 10:07:08,432 [Listener at 127.0.0.1/46801] INFO  http.HttpServer2 (HttpServer2.java:addFilter(1015)) - Added filter static_user_filter (class=org.apache.hadoop.http.lib.StaticUserWebFilter$StaticUserFilter) to context static
2023-01-03 10:07:08,432 [Listener at 127.0.0.1/46801] INFO  http.HttpServer2 (HttpServer2.java:addFilter(1015)) - Added filter static_user_filter (class=org.apache.hadoop.http.lib.StaticUserWebFilter$StaticUserFilter) to context logs
2023-01-03 10:07:08,432 [Listener at 127.0.0.1/46801] INFO  http.HttpServer2 (HttpServer2.java:bindListener(1250)) - Jetty bound to port 33811
2023-01-03 10:07:08,432 [Listener at 127.0.0.1/46801] INFO  server.Server (Server.java:doStart(375)) - jetty-9.4.49.v20220914; built: 2022-09-14T01:07:36.601Z; git: 4231a3b2e4cb8548a412a789936d640a97b1aa0a; jvm 1.8.0_352-b08
2023-01-03 10:07:08,440 [Listener at 127.0.0.1/46801] INFO  server.session (DefaultSessionIdManager.java:doStart(334)) - DefaultSessionIdManager workerName=node0
2023-01-03 10:07:08,440 [Listener at 127.0.0.1/46801] INFO  server.session (DefaultSessionIdManager.java:doStart(339)) - No SessionScavenger set, using defaults
2023-01-03 10:07:08,440 [Listener at 127.0.0.1/46801] INFO  server.session (HouseKeeper.java:startScavenging(132)) - node0 Scavenging every 660000ms
2023-01-03 10:07:08,441 [Listener at 127.0.0.1/46801] INFO  handler.ContextHandler (ContextHandler.java:doStart(921)) - Started o.e.j.s.ServletContextHandler@20ab11b0{logs,/logs,file:///home/runner/work/ozone/ozone/hadoop-ozone/integration-test/target/log,AVAILABLE}
2023-01-03 10:07:08,441 [Listener at 127.0.0.1/46801] INFO  handler.ContextHandler (ContextHandler.java:doStart(921)) - Started o.e.j.s.ServletContextHandler@2d310736{static,/static,file:///home/runner/work/ozone/ozone/hadoop-ozone/integration-test/target/test-classes/webapps/static,AVAILABLE}
2023-01-03 10:07:08,444 [Listener at 127.0.0.1/46801] INFO  handler.ContextHandler (ContextHandler.java:doStart(921)) - Started o.e.j.w.WebAppContext@1d0bca2f{ozoneManager,/,file:///home/runner/work/ozone/ozone/hadoop-ozone/integration-test/target/test-classes/webapps/ozoneManager/,AVAILABLE}{file:/home/runner/work/ozone/ozone/hadoop-ozone/integration-test/target/test-classes/webapps/ozoneManager}
2023-01-03 10:07:08,445 [Listener at 127.0.0.1/46801] INFO  server.AbstractConnector (AbstractConnector.java:doStart(333)) - Started ServerConnector@7f415d8e{HTTP/1.1, (http/1.1)}{0.0.0.0:33811}
2023-01-03 10:07:08,445 [Listener at 127.0.0.1/46801] INFO  server.Server (Server.java:doStart(415)) - Started @69235ms
2023-01-03 10:07:08,445 [Listener at 127.0.0.1/46801] WARN  impl.MetricsSystemImpl (MetricsSystemImpl.java:register(279)) - Sink prometheus already exists!
2023-01-03 10:07:08,445 [Listener at 127.0.0.1/46801] INFO  http.BaseHttpServer (BaseHttpServer.java:updateConnectorAddress(333)) - HTTP server of ozoneManager listening at http://0.0.0.0:33811
2023-01-03 10:07:08,447 [IPC Server Responder] INFO  ipc.Server (Server.java:run(1512)) - IPC Server Responder: starting
2023-01-03 10:07:08,448 [IPC Server listener on 0] INFO  ipc.Server (Server.java:run(1352)) - IPC Server listener on 0: starting
2023-01-03 10:07:08,450 [Listener at 127.0.0.1/46801] INFO  om.TrashPolicyOzone (TrashPolicyOzone.java:<init>(275)) - Ozone Manager trash configuration: Deletion interval = 0 minutes, Emptier interval = 0 minutes.
2023-01-03 10:07:08,470 [org.apache.hadoop.util.JvmPauseMonitor$Monitor@79374f2d] INFO  util.JvmPauseMonitor (JvmPauseMonitor.java:run(188)) - Starting JVM pause monitor
2023-01-03 10:07:08,474 [Listener at 127.0.0.1/46801] INFO  impl.MetricsSystemImpl (MetricsSystemImpl.java:init(158)) - HddsDatanode metrics system started (again)
2023-01-03 10:07:08,500 [Listener at 127.0.0.1/46801] INFO  ozone.HddsDatanodeService (HddsDatanodeService.java:start(237)) - HddsDatanodeService host:fv-az292-374.tqgtyn10aqxuxoi0mkfbldi5vh.jx.internal.cloudapp.net ip:10.1.0.13
2023-01-03 10:07:08,548 [Listener at 127.0.0.1/46801] INFO  upgrade.AbstractLayoutVersionManager (AbstractLayoutVersionManager.java:init(83)) - Initializing Layout version manager with metadata layout = DATANODE_SCHEMA_V3 (version = 4), software layout = DATANODE_SCHEMA_V3 (version = 4)
2023-01-03 10:07:08,646 [Listener at 127.0.0.1/46801] INFO  reflections.Reflections (Reflections.java:scan(232)) - Reflections took 91 ms to scan 7 urls, producing 146 keys and 350 values 
2023-01-03 10:07:08,650 [Listener at 127.0.0.1/46801] INFO  statemachine.DatanodeStateMachine (DatanodeStateMachine.java:getEndPointTaskThreadPoolSize(248)) - Datanode State Machine Task Thread Pool size 2
2023-01-03 10:07:08,653 [Listener at 127.0.0.1/46801] INFO  volume.HddsVolume (HddsVolume.java:<init>(117)) - Creating HddsVolume: /home/runner/work/ozone/ozone/hadoop-ozone/integration-test/target/test-dir/MiniOzoneClusterImpl-9af64d9f-ce66-432d-b755-d0db545afb98/datanode-0/data-0/containers/hdds of storage type : DISK capacity : 9223372036854775807
2023-01-03 10:07:08,653 [Listener at 127.0.0.1/46801] INFO  volume.MutableVolumeSet (MutableVolumeSet.java:initializeVolumeSet(174)) - Added Volume : /home/runner/work/ozone/ozone/hadoop-ozone/integration-test/target/test-dir/MiniOzoneClusterImpl-9af64d9f-ce66-432d-b755-d0db545afb98/datanode-0/data-0/containers/hdds to VolumeSet
2023-01-03 10:07:08,653 [Listener at 127.0.0.1/46801] INFO  volume.ThrottledAsyncChecker (ThrottledAsyncChecker.java:schedule(141)) - Scheduling a check for /home/runner/work/ozone/ozone/hadoop-ozone/integration-test/target/test-dir/MiniOzoneClusterImpl-9af64d9f-ce66-432d-b755-d0db545afb98/datanode-0/data-0/containers/hdds
2023-01-03 10:07:08,654 [Listener at 127.0.0.1/46801] INFO  volume.StorageVolumeChecker (StorageVolumeChecker.java:checkAllVolumes(202)) - Scheduled health check for volume /home/runner/work/ozone/ozone/hadoop-ozone/integration-test/target/test-dir/MiniOzoneClusterImpl-9af64d9f-ce66-432d-b755-d0db545afb98/datanode-0/data-0/containers/hdds
2023-01-03 10:07:08,669 [Listener at 127.0.0.1/46801] INFO  volume.MutableVolumeSet (MutableVolumeSet.java:initializeVolumeSet(174)) - Added Volume : /home/runner/work/ozone/ozone/hadoop-ozone/integration-test/target/test-dir/MiniOzoneClusterImpl-9af64d9f-ce66-432d-b755-d0db545afb98/datanode-0/data/ratis to VolumeSet
2023-01-03 10:07:08,670 [Listener at 127.0.0.1/46801] INFO  volume.ThrottledAsyncChecker (ThrottledAsyncChecker.java:schedule(141)) - Scheduling a check for /home/runner/work/ozone/ozone/hadoop-ozone/integration-test/target/test-dir/MiniOzoneClusterImpl-9af64d9f-ce66-432d-b755-d0db545afb98/datanode-0/data/ratis
2023-01-03 10:07:08,670 [Listener at 127.0.0.1/46801] INFO  volume.StorageVolumeChecker (StorageVolumeChecker.java:checkAllVolumes(202)) - Scheduled health check for volume /home/runner/work/ozone/ozone/hadoop-ozone/integration-test/target/test-dir/MiniOzoneClusterImpl-9af64d9f-ce66-432d-b755-d0db545afb98/datanode-0/data/ratis
2023-01-03 10:07:08,680 [Thread-534] INFO  ozoneimpl.ContainerReader (ContainerReader.java:readVolume(175)) - Finish verifying containers on volume /home/runner/work/ozone/ozone/hadoop-ozone/integration-test/target/test-dir/MiniOzoneClusterImpl-9af64d9f-ce66-432d-b755-d0db545afb98/datanode-0/data-0/containers/hdds
2023-01-03 10:07:08,681 [Listener at 127.0.0.1/46801] INFO  ozoneimpl.OzoneContainer (OzoneContainer.java:buildContainerSet(301)) - Build ContainerSet costs 0s
2023-01-03 10:07:08,688 [Listener at 127.0.0.1/46801] INFO  server.RaftServer (ConfUtils.java:logGet(46)) - raft.rpc.type = GRPC (default)
2023-01-03 10:07:08,689 [Listener at 127.0.0.1/46801] INFO  grpc.GrpcConfigKeys (ConfUtils.java:logFallback(53)) - raft.grpc.admin.host = null (fallback to raft.grpc.server.host)
2023-01-03 10:07:08,689 [Listener at 127.0.0.1/46801] INFO  grpc.GrpcConfigKeys (ConfUtils.java:logGet(46)) - raft.grpc.admin.port = 0 (custom)
2023-01-03 10:07:08,689 [Listener at 127.0.0.1/46801] INFO  grpc.GrpcConfigKeys (ConfUtils.java:logFallback(53)) - raft.grpc.client.host = null (fallback to raft.grpc.server.host)
2023-01-03 10:07:08,689 [Listener at 127.0.0.1/46801] INFO  grpc.GrpcConfigKeys (ConfUtils.java:logGet(46)) - raft.grpc.client.port = 0 (custom)
2023-01-03 10:07:08,689 [Listener at 127.0.0.1/46801] INFO  grpc.GrpcConfigKeys (ConfUtils.java:logGet(46)) - raft.grpc.server.host = null (default)
2023-01-03 10:07:08,689 [Listener at 127.0.0.1/46801] INFO  grpc.GrpcConfigKeys (ConfUtils.java:logGet(46)) - raft.grpc.server.port = 0 (default)
2023-01-03 10:07:08,689 [Listener at 127.0.0.1/46801] INFO  server.GrpcService (ConfUtils.java:logGet(46)) - raft.grpc.message.size.max = 32MB (=33554432) (custom)
2023-01-03 10:07:08,689 [Listener at 127.0.0.1/46801] INFO  server.RaftServerConfigKeys (ConfUtils.java:logGet(46)) - raft.server.log.appender.buffer.byte-limit = 33554432 (custom)
2023-01-03 10:07:08,689 [Listener at 127.0.0.1/46801] INFO  server.GrpcService (ConfUtils.java:logGet(46)) - raft.grpc.flow.control.window = 5MB (=5242880) (custom)
2023-01-03 10:07:08,690 [Listener at 127.0.0.1/46801] INFO  server.RaftServerConfigKeys (ConfUtils.java:logGet(46)) - raft.server.rpc.request.timeout = 60s (custom)
2023-01-03 10:07:08,690 [Listener at 127.0.0.1/46801] INFO  grpc.GrpcConfigKeys (ConfUtils.java:logGet(46)) - raft.grpc.server.heartbeat.channel = true (default)
2023-01-03 10:07:08,690 [Listener at 127.0.0.1/46801] INFO  grpc.GrpcConfigKeys (ConfUtils.java:logGet(46)) - raft.grpc.server.async.request.thread.pool.cached = true (default)
2023-01-03 10:07:08,690 [Listener at 127.0.0.1/46801] INFO  grpc.GrpcConfigKeys (ConfUtils.java:logGet(46)) - raft.grpc.server.async.request.thread.pool.size = 32 (default)
2023-01-03 10:07:08,691 [Listener at 127.0.0.1/46801] INFO  impl.DataStreamServerImpl (ConfUtils.java:logGet(46)) - raft.datastream.type = NETTY (custom)
2023-01-03 10:07:08,691 [Listener at 127.0.0.1/46801] INFO  server.RaftServerConfigKeys (ConfUtils.java:logGet(46)) - raft.server.data-stream.async.request.thread.pool.cached = false (default)
2023-01-03 10:07:08,691 [Listener at 127.0.0.1/46801] INFO  server.RaftServerConfigKeys (ConfUtils.java:logGet(46)) - raft.server.data-stream.async.request.thread.pool.size = 20 (custom)
2023-01-03 10:07:08,692 [Listener at 127.0.0.1/46801] INFO  server.RaftServerConfigKeys (ConfUtils.java:logGet(46)) - raft.server.data-stream.async.write.thread.pool.size = 16 (default)
2023-01-03 10:07:08,692 [Listener at 127.0.0.1/46801] INFO  server.RaftServerConfigKeys (ConfUtils.java:logGet(46)) - raft.server.data-stream.client.pool.size = 10 (default)
2023-01-03 10:07:08,692 [Listener at 127.0.0.1/46801] INFO  netty.NettyConfigKeys$DataStream (ConfUtils.java:logGet(46)) - raft.netty.dataStream.server.use-epoll = false (default)
2023-01-03 10:07:08,692 [Listener at 127.0.0.1/46801] INFO  netty.NettyConfigKeys$DataStream (ConfUtils.java:logGet(46)) - raft.netty.dataStream.server.boss-group.size = 0 (default)
2023-01-03 10:07:08,692 [Listener at 127.0.0.1/46801] INFO  netty.NettyConfigKeys$DataStream (ConfUtils.java:logGet(46)) - raft.netty.dataStream.server.worker-group.size = 0 (default)
2023-01-03 10:07:08,693 [Listener at 127.0.0.1/46801] INFO  netty.NettyConfigKeys$DataStream (ConfUtils.java:logGet(46)) - raft.netty.dataStream.server.tls.conf = null (default)
2023-01-03 10:07:08,693 [Listener at 127.0.0.1/46801] INFO  netty.NettyConfigKeys$DataStream (ConfUtils.java:logGet(46)) - raft.netty.dataStream.host = null (default)
2023-01-03 10:07:08,693 [Listener at 127.0.0.1/46801] INFO  netty.NettyConfigKeys$DataStream (ConfUtils.java:logGet(46)) - raft.netty.dataStream.port = 0 (default)
2023-01-03 10:07:08,693 [Listener at 127.0.0.1/46801] INFO  server.RaftServerConfigKeys (ConfUtils.java:logGet(46)) - raft.server.threadpool.proxy.cached = true (default)
2023-01-03 10:07:08,693 [Listener at 127.0.0.1/46801] INFO  server.RaftServerConfigKeys (ConfUtils.java:logGet(46)) - raft.server.threadpool.proxy.size = 0 (default)
2023-01-03 10:07:08,694 [Listener at 127.0.0.1/46801] INFO  server.RaftServerConfigKeys (ConfUtils.java:logGet(46)) - raft.server.rpc.slowness.timeout = 300s (custom)
2023-01-03 10:07:08,694 [Listener at 127.0.0.1/46801] INFO  server.RaftServerConfigKeys (ConfUtils.java:logGet(46)) - raft.server.leaderelection.leader.step-down.wait-time = 10s (default)
2023-01-03 10:07:08,694 [Listener at 127.0.0.1/46801] INFO  server.RaftServerConfigKeys (ConfUtils.java:logGet(46)) - raft.server.storage.dir = [/home/runner/work/ozone/ozone/hadoop-ozone/integration-test/target/test-dir/MiniOzoneClusterImpl-9af64d9f-ce66-432d-b755-d0db545afb98/datanode-0/data/ratis] (custom)
2023-01-03 10:07:08,694 [5c8f94db-7806-4776-a4fa-2f4c620ca121-NettyServerStreamRpc-bossGroup--thread1] INFO  logging.LoggingHandler (AbstractInternalLogger.java:log(148)) - [id: 0xba75fb92] REGISTERED
2023-01-03 10:07:08,694 [5c8f94db-7806-4776-a4fa-2f4c620ca121-NettyServerStreamRpc-bossGroup--thread1] INFO  logging.LoggingHandler (AbstractInternalLogger.java:log(148)) - [id: 0xba75fb92] BIND: 0.0.0.0/0.0.0.0:0
2023-01-03 10:07:08,694 [5c8f94db-7806-4776-a4fa-2f4c620ca121-NettyServerStreamRpc-bossGroup--thread1] INFO  logging.LoggingHandler (AbstractInternalLogger.java:log(148)) - [id: 0xba75fb92, L:/0:0:0:0:0:0:0:0:42515] ACTIVE
2023-01-03 10:07:08,695 [Listener at 127.0.0.1/46801] INFO  server.XceiverServerGrpc (XceiverServerGrpc.java:<init>(132)) - GrpcServer channel type EpollServerSocketChannel
2023-01-03 10:07:08,698 [Listener at 127.0.0.1/46801] INFO  http.BaseHttpServer (BaseHttpServer.java:newHttpServer2BuilderForOzone(213)) - Starting Web-server for hddsDatanode at: http://0.0.0.0:0
2023-01-03 10:07:08,698 [Listener at 127.0.0.1/46801] INFO  http.BaseHttpServer (BaseHttpServer.java:<init>(108)) - Hadoop Security Enabled: false Ozone Security Enabled: false Ozone HTTP Security Enabled: false 
2023-01-03 10:07:08,699 [Listener at 127.0.0.1/46801] WARN  server.AuthenticationFilter (AuthenticationFilter.java:constructSecretProvider(240)) - Unable to initialize FileSignerSecretProvider, falling back to use random secrets. Reason: Could not read signature secret file: /home/runner/hadoop-http-auth-signature-secret
2023-01-03 10:07:08,700 [Listener at 127.0.0.1/46801] WARN  http.HttpRequestLog (HttpRequestLog.java:getRequestLog(103)) - Jetty request log can only be enabled using Log4j
2023-01-03 10:07:08,701 [Listener at 127.0.0.1/46801] INFO  http.HttpServer2 (HttpServer2.java:addGlobalFilter(1031)) - Added global filter 'safety' (class=org.apache.hadoop.hdds.server.http.HttpServer2$QuotingInputFilter)
2023-01-03 10:07:08,701 [Listener at 127.0.0.1/46801] INFO  http.HttpServer2 (HttpServer2.java:addFilter(1007)) - Added filter static_user_filter (class=org.apache.hadoop.http.lib.StaticUserWebFilter$StaticUserFilter) to context hddsDatanode
2023-01-03 10:07:08,702 [Listener at 127.0.0.1/46801] INFO  http.HttpServer2 (HttpServer2.java:addFilter(1015)) - Added filter static_user_filter (class=org.apache.hadoop.http.lib.StaticUserWebFilter$StaticUserFilter) to context logs
2023-01-03 10:07:08,702 [Listener at 127.0.0.1/46801] INFO  http.HttpServer2 (HttpServer2.java:addFilter(1015)) - Added filter static_user_filter (class=org.apache.hadoop.http.lib.StaticUserWebFilter$StaticUserFilter) to context static
2023-01-03 10:07:08,702 [Listener at 127.0.0.1/46801] INFO  http.HttpServer2 (HttpServer2.java:bindListener(1250)) - Jetty bound to port 46213
2023-01-03 10:07:08,702 [Listener at 127.0.0.1/46801] INFO  server.Server (Server.java:doStart(375)) - jetty-9.4.49.v20220914; built: 2022-09-14T01:07:36.601Z; git: 4231a3b2e4cb8548a412a789936d640a97b1aa0a; jvm 1.8.0_352-b08
2023-01-03 10:07:08,704 [Listener at 127.0.0.1/46801] INFO  server.session (DefaultSessionIdManager.java:doStart(334)) - DefaultSessionIdManager workerName=node0
2023-01-03 10:07:08,704 [Listener at 127.0.0.1/46801] INFO  server.session (DefaultSessionIdManager.java:doStart(339)) - No SessionScavenger set, using defaults
2023-01-03 10:07:08,704 [Listener at 127.0.0.1/46801] INFO  server.session (HouseKeeper.java:startScavenging(132)) - node0 Scavenging every 660000ms
2023-01-03 10:07:08,705 [Listener at 127.0.0.1/46801] INFO  handler.ContextHandler (ContextHandler.java:doStart(921)) - Started o.e.j.s.ServletContextHandler@6f9090c6{logs,/logs,file:///home/runner/work/ozone/ozone/hadoop-ozone/integration-test/target/log,AVAILABLE}
2023-01-03 10:07:08,705 [Listener at 127.0.0.1/46801] INFO  handler.ContextHandler (ContextHandler.java:doStart(921)) - Started o.e.j.s.ServletContextHandler@55902e78{static,/static,jar:file:/home/runner/.m2/repository/org/apache/ozone/hdds-container-service/1.4.0-SNAPSHOT/hdds-container-service-1.4.0-SNAPSHOT.jar!/webapps/static,AVAILABLE}
2023-01-03 10:07:08,877 [Listener at 127.0.0.1/46801] INFO  handler.ContextHandler (ContextHandler.java:doStart(921)) - Started o.e.j.w.WebAppContext@39667762{hddsDatanode,/,file:///tmp/jetty-0_0_0_0-46213-hdds-container-service-1_4_0-SNAPSHOT_jar-_-any-1050125703719214858/webapp/,AVAILABLE}{jar:file:/home/runner/.m2/repository/org/apache/ozone/hdds-container-service/1.4.0-SNAPSHOT/hdds-container-service-1.4.0-SNAPSHOT.jar!/webapps/hddsDatanode}
2023-01-03 10:07:08,878 [Listener at 127.0.0.1/46801] INFO  server.AbstractConnector (AbstractConnector.java:doStart(333)) - Started ServerConnector@7e843b26{HTTP/1.1, (http/1.1)}{0.0.0.0:46213}
2023-01-03 10:07:08,878 [Listener at 127.0.0.1/46801] INFO  server.Server (Server.java:doStart(415)) - Started @69668ms
2023-01-03 10:07:08,878 [Listener at 127.0.0.1/46801] WARN  impl.MetricsSystemImpl (MetricsSystemImpl.java:register(279)) - Sink prometheus already exists!
2023-01-03 10:07:08,879 [Listener at 127.0.0.1/46801] INFO  http.BaseHttpServer (BaseHttpServer.java:updateConnectorAddress(333)) - HTTP server of hddsDatanode listening at http://0.0.0.0:46213
2023-01-03 10:07:08,880 [Datanode State Machine Daemon Thread] INFO  statemachine.DatanodeStateMachine (DatanodeStateMachine.java:lambda$startDaemon$0(508)) - Ozone container server started.
2023-01-03 10:07:08,880 [Listener at 127.0.0.1/46801] WARN  impl.MetricRegistriesImpl (MetricRegistriesImpl.java:addReporterRegistration(111)) - New reporters are added after registries were created. Some metrics will be missing from the reporter. Please add reporter before adding any new registry.
2023-01-03 10:07:08,882 [org.apache.hadoop.util.JvmPauseMonitor$Monitor@6badffbc] INFO  util.JvmPauseMonitor (JvmPauseMonitor.java:run(188)) - Starting JVM pause monitor
2023-01-03 10:07:08,882 [Listener at 127.0.0.1/46801] WARN  impl.MetricRegistriesImpl (MetricRegistriesImpl.java:addReporterRegistration(111)) - New reporters are added after registries were created. Some metrics will be missing from the reporter. Please add reporter before adding any new registry.
2023-01-03 10:07:08,883 [Listener at 127.0.0.1/46801] INFO  impl.MetricsSystemImpl (MetricsSystemImpl.java:init(158)) - HddsDatanode metrics system started (again)
2023-01-03 10:07:08,884 [Datanode State Machine Task Thread - 0] INFO  datanode.InitDatanodeState (InitDatanodeState.java:persistContainerDatanodeDetails(138)) - DatanodeDetails is persisted to /home/runner/work/ozone/ozone/hadoop-ozone/integration-test/target/test-dir/MiniOzoneClusterImpl-9af64d9f-ce66-432d-b755-d0db545afb98/datanode-0/meta/datanode.id
2023-01-03 10:07:08,894 [Listener at 127.0.0.1/46801] INFO  ozone.HddsDatanodeService (HddsDatanodeService.java:start(237)) - HddsDatanodeService host:fv-az292-374.tqgtyn10aqxuxoi0mkfbldi5vh.jx.internal.cloudapp.net ip:10.1.0.13
2023-01-03 10:07:08,908 [Listener at 127.0.0.1/46801] INFO  upgrade.AbstractLayoutVersionManager (AbstractLayoutVersionManager.java:init(83)) - Initializing Layout version manager with metadata layout = DATANODE_SCHEMA_V3 (version = 4), software layout = DATANODE_SCHEMA_V3 (version = 4)
2023-01-03 10:07:08,952 [Listener at 127.0.0.1/46801] INFO  reflections.Reflections (Reflections.java:scan(232)) - Reflections took 43 ms to scan 7 urls, producing 146 keys and 350 values 
2023-01-03 10:07:08,953 [Listener at 127.0.0.1/46801] INFO  statemachine.DatanodeStateMachine (DatanodeStateMachine.java:getEndPointTaskThreadPoolSize(248)) - Datanode State Machine Task Thread Pool size 2
2023-01-03 10:07:08,955 [Listener at 127.0.0.1/46801] INFO  volume.HddsVolume (HddsVolume.java:<init>(117)) - Creating HddsVolume: /home/runner/work/ozone/ozone/hadoop-ozone/integration-test/target/test-dir/MiniOzoneClusterImpl-9af64d9f-ce66-432d-b755-d0db545afb98/datanode-1/data-0/containers/hdds of storage type : DISK capacity : 9223372036854775807
2023-01-03 10:07:08,955 [Listener at 127.0.0.1/46801] INFO  volume.MutableVolumeSet (MutableVolumeSet.java:initializeVolumeSet(174)) - Added Volume : /home/runner/work/ozone/ozone/hadoop-ozone/integration-test/target/test-dir/MiniOzoneClusterImpl-9af64d9f-ce66-432d-b755-d0db545afb98/datanode-1/data-0/containers/hdds to VolumeSet
2023-01-03 10:07:08,955 [Listener at 127.0.0.1/46801] INFO  volume.ThrottledAsyncChecker (ThrottledAsyncChecker.java:schedule(141)) - Scheduling a check for /home/runner/work/ozone/ozone/hadoop-ozone/integration-test/target/test-dir/MiniOzoneClusterImpl-9af64d9f-ce66-432d-b755-d0db545afb98/datanode-1/data-0/containers/hdds
2023-01-03 10:07:08,960 [Listener at 127.0.0.1/46801] INFO  volume.StorageVolumeChecker (StorageVolumeChecker.java:checkAllVolumes(202)) - Scheduled health check for volume /home/runner/work/ozone/ozone/hadoop-ozone/integration-test/target/test-dir/MiniOzoneClusterImpl-9af64d9f-ce66-432d-b755-d0db545afb98/datanode-1/data-0/containers/hdds
2023-01-03 10:07:08,972 [Listener at 127.0.0.1/46801] INFO  volume.MutableVolumeSet (MutableVolumeSet.java:initializeVolumeSet(174)) - Added Volume : /home/runner/work/ozone/ozone/hadoop-ozone/integration-test/target/test-dir/MiniOzoneClusterImpl-9af64d9f-ce66-432d-b755-d0db545afb98/datanode-1/data/ratis to VolumeSet
2023-01-03 10:07:08,972 [Listener at 127.0.0.1/46801] INFO  volume.ThrottledAsyncChecker (ThrottledAsyncChecker.java:schedule(141)) - Scheduling a check for /home/runner/work/ozone/ozone/hadoop-ozone/integration-test/target/test-dir/MiniOzoneClusterImpl-9af64d9f-ce66-432d-b755-d0db545afb98/datanode-1/data/ratis
2023-01-03 10:07:08,972 [Listener at 127.0.0.1/46801] INFO  volume.StorageVolumeChecker (StorageVolumeChecker.java:checkAllVolumes(202)) - Scheduled health check for volume /home/runner/work/ozone/ozone/hadoop-ozone/integration-test/target/test-dir/MiniOzoneClusterImpl-9af64d9f-ce66-432d-b755-d0db545afb98/datanode-1/data/ratis
2023-01-03 10:07:08,983 [Thread-548] INFO  ozoneimpl.ContainerReader (ContainerReader.java:readVolume(175)) - Finish verifying containers on volume /home/runner/work/ozone/ozone/hadoop-ozone/integration-test/target/test-dir/MiniOzoneClusterImpl-9af64d9f-ce66-432d-b755-d0db545afb98/datanode-1/data-0/containers/hdds
2023-01-03 10:07:08,984 [Listener at 127.0.0.1/46801] INFO  ozoneimpl.OzoneContainer (OzoneContainer.java:buildContainerSet(301)) - Build ContainerSet costs 0s
2023-01-03 10:07:08,986 [Listener at 127.0.0.1/46801] INFO  server.RaftServer (ConfUtils.java:logGet(46)) - raft.rpc.type = GRPC (default)
2023-01-03 10:07:08,986 [Listener at 127.0.0.1/46801] INFO  grpc.GrpcConfigKeys (ConfUtils.java:logFallback(53)) - raft.grpc.admin.host = null (fallback to raft.grpc.server.host)
2023-01-03 10:07:08,986 [Listener at 127.0.0.1/46801] INFO  grpc.GrpcConfigKeys (ConfUtils.java:logGet(46)) - raft.grpc.admin.port = 0 (custom)
2023-01-03 10:07:08,986 [Listener at 127.0.0.1/46801] INFO  grpc.GrpcConfigKeys (ConfUtils.java:logFallback(53)) - raft.grpc.client.host = null (fallback to raft.grpc.server.host)
2023-01-03 10:07:08,986 [Listener at 127.0.0.1/46801] INFO  grpc.GrpcConfigKeys (ConfUtils.java:logGet(46)) - raft.grpc.client.port = 0 (custom)
2023-01-03 10:07:08,986 [Listener at 127.0.0.1/46801] INFO  grpc.GrpcConfigKeys (ConfUtils.java:logGet(46)) - raft.grpc.server.host = null (default)
2023-01-03 10:07:08,986 [Listener at 127.0.0.1/46801] INFO  grpc.GrpcConfigKeys (ConfUtils.java:logGet(46)) - raft.grpc.server.port = 0 (default)
2023-01-03 10:07:08,986 [Listener at 127.0.0.1/46801] INFO  server.GrpcService (ConfUtils.java:logGet(46)) - raft.grpc.message.size.max = 32MB (=33554432) (custom)
2023-01-03 10:07:08,986 [Listener at 127.0.0.1/46801] INFO  server.RaftServerConfigKeys (ConfUtils.java:logGet(46)) - raft.server.log.appender.buffer.byte-limit = 33554432 (custom)
2023-01-03 10:07:08,986 [Listener at 127.0.0.1/46801] INFO  server.GrpcService (ConfUtils.java:logGet(46)) - raft.grpc.flow.control.window = 5MB (=5242880) (custom)
2023-01-03 10:07:08,987 [Listener at 127.0.0.1/46801] INFO  server.RaftServerConfigKeys (ConfUtils.java:logGet(46)) - raft.server.rpc.request.timeout = 60s (custom)
2023-01-03 10:07:08,987 [Listener at 127.0.0.1/46801] INFO  grpc.GrpcConfigKeys (ConfUtils.java:logGet(46)) - raft.grpc.server.heartbeat.channel = true (default)
2023-01-03 10:07:08,987 [Listener at 127.0.0.1/46801] INFO  grpc.GrpcConfigKeys (ConfUtils.java:logGet(46)) - raft.grpc.server.async.request.thread.pool.cached = true (default)
2023-01-03 10:07:08,987 [Listener at 127.0.0.1/46801] INFO  grpc.GrpcConfigKeys (ConfUtils.java:logGet(46)) - raft.grpc.server.async.request.thread.pool.size = 32 (default)
2023-01-03 10:07:08,988 [Listener at 127.0.0.1/46801] INFO  impl.DataStreamServerImpl (ConfUtils.java:logGet(46)) - raft.datastream.type = NETTY (custom)
2023-01-03 10:07:08,988 [Listener at 127.0.0.1/46801] INFO  server.RaftServerConfigKeys (ConfUtils.java:logGet(46)) - raft.server.data-stream.async.request.thread.pool.cached = false (default)
2023-01-03 10:07:08,988 [Listener at 127.0.0.1/46801] INFO  server.RaftServerConfigKeys (ConfUtils.java:logGet(46)) - raft.server.data-stream.async.request.thread.pool.size = 20 (custom)
2023-01-03 10:07:08,988 [Listener at 127.0.0.1/46801] INFO  server.RaftServerConfigKeys (ConfUtils.java:logGet(46)) - raft.server.data-stream.async.write.thread.pool.size = 16 (default)
2023-01-03 10:07:08,988 [Listener at 127.0.0.1/46801] INFO  server.RaftServerConfigKeys (ConfUtils.java:logGet(46)) - raft.server.data-stream.client.pool.size = 10 (default)
2023-01-03 10:07:08,988 [Listener at 127.0.0.1/46801] INFO  netty.NettyConfigKeys$DataStream (ConfUtils.java:logGet(46)) - raft.netty.dataStream.server.use-epoll = false (default)
2023-01-03 10:07:08,988 [Listener at 127.0.0.1/46801] INFO  netty.NettyConfigKeys$DataStream (ConfUtils.java:logGet(46)) - raft.netty.dataStream.server.boss-group.size = 0 (default)
2023-01-03 10:07:08,989 [Listener at 127.0.0.1/46801] INFO  netty.NettyConfigKeys$DataStream (ConfUtils.java:logGet(46)) - raft.netty.dataStream.server.worker-group.size = 0 (default)
2023-01-03 10:07:08,989 [Listener at 127.0.0.1/46801] INFO  netty.NettyConfigKeys$DataStream (ConfUtils.java:logGet(46)) - raft.netty.dataStream.server.tls.conf = null (default)
2023-01-03 10:07:08,989 [Listener at 127.0.0.1/46801] INFO  netty.NettyConfigKeys$DataStream (ConfUtils.java:logGet(46)) - raft.netty.dataStream.host = null (default)
2023-01-03 10:07:08,989 [Listener at 127.0.0.1/46801] INFO  netty.NettyConfigKeys$DataStream (ConfUtils.java:logGet(46)) - raft.netty.dataStream.port = 0 (default)
2023-01-03 10:07:08,990 [Listener at 127.0.0.1/46801] INFO  server.RaftServerConfigKeys (ConfUtils.java:logGet(46)) - raft.server.threadpool.proxy.cached = true (default)
2023-01-03 10:07:08,990 [Listener at 127.0.0.1/46801] INFO  server.RaftServerConfigKeys (ConfUtils.java:logGet(46)) - raft.server.threadpool.proxy.size = 0 (default)
2023-01-03 10:07:08,990 [Listener at 127.0.0.1/46801] INFO  server.RaftServerConfigKeys (ConfUtils.java:logGet(46)) - raft.server.rpc.slowness.timeout = 300s (custom)
2023-01-03 10:07:08,990 [Listener at 127.0.0.1/46801] INFO  server.RaftServerConfigKeys (ConfUtils.java:logGet(46)) - raft.server.leaderelection.leader.step-down.wait-time = 10s (default)
2023-01-03 10:07:08,990 [Listener at 127.0.0.1/46801] INFO  server.RaftServerConfigKeys (ConfUtils.java:logGet(46)) - raft.server.storage.dir = [/home/runner/work/ozone/ozone/hadoop-ozone/integration-test/target/test-dir/MiniOzoneClusterImpl-9af64d9f-ce66-432d-b755-d0db545afb98/datanode-1/data/ratis] (custom)
2023-01-03 10:07:08,990 [ad81db47-82b5-4afb-987d-b3e16962a519-NettyServerStreamRpc-bossGroup--thread1] INFO  logging.LoggingHandler (AbstractInternalLogger.java:log(148)) - [id: 0x5dde6ada] REGISTERED
2023-01-03 10:07:08,990 [ad81db47-82b5-4afb-987d-b3e16962a519-NettyServerStreamRpc-bossGroup--thread1] INFO  logging.LoggingHandler (AbstractInternalLogger.java:log(148)) - [id: 0x5dde6ada] BIND: 0.0.0.0/0.0.0.0:0
2023-01-03 10:07:08,991 [ad81db47-82b5-4afb-987d-b3e16962a519-NettyServerStreamRpc-bossGroup--thread1] INFO  logging.LoggingHandler (AbstractInternalLogger.java:log(148)) - [id: 0x5dde6ada, L:/0:0:0:0:0:0:0:0:39737] ACTIVE
2023-01-03 10:07:08,992 [Listener at 127.0.0.1/46801] INFO  server.XceiverServerGrpc (XceiverServerGrpc.java:<init>(132)) - GrpcServer channel type EpollServerSocketChannel
2023-01-03 10:07:08,998 [Listener at 127.0.0.1/46801] INFO  http.BaseHttpServer (BaseHttpServer.java:newHttpServer2BuilderForOzone(213)) - Starting Web-server for hddsDatanode at: http://0.0.0.0:0
2023-01-03 10:07:08,998 [Listener at 127.0.0.1/46801] INFO  http.BaseHttpServer (BaseHttpServer.java:<init>(108)) - Hadoop Security Enabled: false Ozone Security Enabled: false Ozone HTTP Security Enabled: false 
2023-01-03 10:07:08,999 [Listener at 127.0.0.1/46801] WARN  server.AuthenticationFilter (AuthenticationFilter.java:constructSecretProvider(240)) - Unable to initialize FileSignerSecretProvider, falling back to use random secrets. Reason: Could not read signature secret file: /home/runner/hadoop-http-auth-signature-secret
2023-01-03 10:07:08,999 [Listener at 127.0.0.1/46801] WARN  http.HttpRequestLog (HttpRequestLog.java:getRequestLog(103)) - Jetty request log can only be enabled using Log4j
2023-01-03 10:07:09,000 [Listener at 127.0.0.1/46801] INFO  http.HttpServer2 (HttpServer2.java:addGlobalFilter(1031)) - Added global filter 'safety' (class=org.apache.hadoop.hdds.server.http.HttpServer2$QuotingInputFilter)
2023-01-03 10:07:09,001 [Listener at 127.0.0.1/46801] INFO  http.HttpServer2 (HttpServer2.java:addFilter(1007)) - Added filter static_user_filter (class=org.apache.hadoop.http.lib.StaticUserWebFilter$StaticUserFilter) to context hddsDatanode
2023-01-03 10:07:09,001 [Listener at 127.0.0.1/46801] INFO  http.HttpServer2 (HttpServer2.java:addFilter(1015)) - Added filter static_user_filter (class=org.apache.hadoop.http.lib.StaticUserWebFilter$StaticUserFilter) to context logs
2023-01-03 10:07:09,001 [Listener at 127.0.0.1/46801] INFO  http.HttpServer2 (HttpServer2.java:addFilter(1015)) - Added filter static_user_filter (class=org.apache.hadoop.http.lib.StaticUserWebFilter$StaticUserFilter) to context static
2023-01-03 10:07:09,002 [Listener at 127.0.0.1/46801] INFO  http.HttpServer2 (HttpServer2.java:bindListener(1250)) - Jetty bound to port 40777
2023-01-03 10:07:09,002 [Listener at 127.0.0.1/46801] INFO  server.Server (Server.java:doStart(375)) - jetty-9.4.49.v20220914; built: 2022-09-14T01:07:36.601Z; git: 4231a3b2e4cb8548a412a789936d640a97b1aa0a; jvm 1.8.0_352-b08
2023-01-03 10:07:09,004 [Listener at 127.0.0.1/46801] INFO  server.session (DefaultSessionIdManager.java:doStart(334)) - DefaultSessionIdManager workerName=node0
2023-01-03 10:07:09,004 [Listener at 127.0.0.1/46801] INFO  server.session (DefaultSessionIdManager.java:doStart(339)) - No SessionScavenger set, using defaults
2023-01-03 10:07:09,004 [Listener at 127.0.0.1/46801] INFO  server.session (HouseKeeper.java:startScavenging(132)) - node0 Scavenging every 660000ms
2023-01-03 10:07:09,004 [Listener at 127.0.0.1/46801] INFO  handler.ContextHandler (ContextHandler.java:doStart(921)) - Started o.e.j.s.ServletContextHandler@4df85d38{logs,/logs,file:///home/runner/work/ozone/ozone/hadoop-ozone/integration-test/target/log,AVAILABLE}
2023-01-03 10:07:09,005 [Listener at 127.0.0.1/46801] INFO  handler.ContextHandler (ContextHandler.java:doStart(921)) - Started o.e.j.s.ServletContextHandler@504afa3c{static,/static,jar:file:/home/runner/.m2/repository/org/apache/ozone/hdds-container-service/1.4.0-SNAPSHOT/hdds-container-service-1.4.0-SNAPSHOT.jar!/webapps/static,AVAILABLE}
2023-01-03 10:07:09,179 [Listener at 127.0.0.1/46801] INFO  handler.ContextHandler (ContextHandler.java:doStart(921)) - Started o.e.j.w.WebAppContext@43d4a4f3{hddsDatanode,/,file:///tmp/jetty-0_0_0_0-40777-hdds-container-service-1_4_0-SNAPSHOT_jar-_-any-5820629139944831992/webapp/,AVAILABLE}{jar:file:/home/runner/.m2/repository/org/apache/ozone/hdds-container-service/1.4.0-SNAPSHOT/hdds-container-service-1.4.0-SNAPSHOT.jar!/webapps/hddsDatanode}
2023-01-03 10:07:09,181 [Listener at 127.0.0.1/46801] INFO  server.AbstractConnector (AbstractConnector.java:doStart(333)) - Started ServerConnector@74d9fd6c{HTTP/1.1, (http/1.1)}{0.0.0.0:40777}
2023-01-03 10:07:09,181 [Listener at 127.0.0.1/46801] INFO  server.Server (Server.java:doStart(415)) - Started @69971ms
2023-01-03 10:07:09,181 [Listener at 127.0.0.1/46801] WARN  impl.MetricsSystemImpl (MetricsSystemImpl.java:register(279)) - Sink prometheus already exists!
2023-01-03 10:07:09,181 [Listener at 127.0.0.1/46801] INFO  http.BaseHttpServer (BaseHttpServer.java:updateConnectorAddress(333)) - HTTP server of hddsDatanode listening at http://0.0.0.0:40777
2023-01-03 10:07:09,184 [Datanode State Machine Daemon Thread] INFO  statemachine.DatanodeStateMachine (DatanodeStateMachine.java:lambda$startDaemon$0(508)) - Ozone container server started.
2023-01-03 10:07:09,184 [Listener at 127.0.0.1/46801] WARN  impl.MetricRegistriesImpl (MetricRegistriesImpl.java:addReporterRegistration(111)) - New reporters are added after registries were created. Some metrics will be missing from the reporter. Please add reporter before adding any new registry.
2023-01-03 10:07:09,185 [Listener at 127.0.0.1/46801] WARN  impl.MetricRegistriesImpl (MetricRegistriesImpl.java:addReporterRegistration(111)) - New reporters are added after registries were created. Some metrics will be missing from the reporter. Please add reporter before adding any new registry.
2023-01-03 10:07:09,185 [Listener at 127.0.0.1/46801] INFO  impl.MetricsSystemImpl (MetricsSystemImpl.java:init(158)) - HddsDatanode metrics system started (again)
2023-01-03 10:07:09,197 [org.apache.hadoop.util.JvmPauseMonitor$Monitor@4135747a] INFO  util.JvmPauseMonitor (JvmPauseMonitor.java:run(188)) - Starting JVM pause monitor
2023-01-03 10:07:09,197 [Listener at 127.0.0.1/46801] INFO  ozone.HddsDatanodeService (HddsDatanodeService.java:start(237)) - HddsDatanodeService host:fv-az292-374.tqgtyn10aqxuxoi0mkfbldi5vh.jx.internal.cloudapp.net ip:10.1.0.13
2023-01-03 10:07:09,200 [Datanode State Machine Task Thread - 0] INFO  datanode.InitDatanodeState (InitDatanodeState.java:persistContainerDatanodeDetails(138)) - DatanodeDetails is persisted to /home/runner/work/ozone/ozone/hadoop-ozone/integration-test/target/test-dir/MiniOzoneClusterImpl-9af64d9f-ce66-432d-b755-d0db545afb98/datanode-1/meta/datanode.id
2023-01-03 10:07:09,211 [Listener at 127.0.0.1/46801] INFO  upgrade.AbstractLayoutVersionManager (AbstractLayoutVersionManager.java:init(83)) - Initializing Layout version manager with metadata layout = DATANODE_SCHEMA_V3 (version = 4), software layout = DATANODE_SCHEMA_V3 (version = 4)
2023-01-03 10:07:09,255 [Listener at 127.0.0.1/46801] INFO  reflections.Reflections (Reflections.java:scan(232)) - Reflections took 43 ms to scan 7 urls, producing 146 keys and 350 values 
2023-01-03 10:07:09,257 [Listener at 127.0.0.1/46801] INFO  statemachine.DatanodeStateMachine (DatanodeStateMachine.java:getEndPointTaskThreadPoolSize(248)) - Datanode State Machine Task Thread Pool size 2
2023-01-03 10:07:09,258 [Listener at 127.0.0.1/46801] INFO  volume.HddsVolume (HddsVolume.java:<init>(117)) - Creating HddsVolume: /home/runner/work/ozone/ozone/hadoop-ozone/integration-test/target/test-dir/MiniOzoneClusterImpl-9af64d9f-ce66-432d-b755-d0db545afb98/datanode-2/data-0/containers/hdds of storage type : DISK capacity : 9223372036854775807
2023-01-03 10:07:09,258 [Listener at 127.0.0.1/46801] INFO  volume.MutableVolumeSet (MutableVolumeSet.java:initializeVolumeSet(174)) - Added Volume : /home/runner/work/ozone/ozone/hadoop-ozone/integration-test/target/test-dir/MiniOzoneClusterImpl-9af64d9f-ce66-432d-b755-d0db545afb98/datanode-2/data-0/containers/hdds to VolumeSet
2023-01-03 10:07:09,258 [Listener at 127.0.0.1/46801] INFO  volume.ThrottledAsyncChecker (ThrottledAsyncChecker.java:schedule(141)) - Scheduling a check for /home/runner/work/ozone/ozone/hadoop-ozone/integration-test/target/test-dir/MiniOzoneClusterImpl-9af64d9f-ce66-432d-b755-d0db545afb98/datanode-2/data-0/containers/hdds
2023-01-03 10:07:09,259 [Listener at 127.0.0.1/46801] INFO  volume.StorageVolumeChecker (StorageVolumeChecker.java:checkAllVolumes(202)) - Scheduled health check for volume /home/runner/work/ozone/ozone/hadoop-ozone/integration-test/target/test-dir/MiniOzoneClusterImpl-9af64d9f-ce66-432d-b755-d0db545afb98/datanode-2/data-0/containers/hdds
2023-01-03 10:07:09,270 [Listener at 127.0.0.1/46801] INFO  volume.MutableVolumeSet (MutableVolumeSet.java:initializeVolumeSet(174)) - Added Volume : /home/runner/work/ozone/ozone/hadoop-ozone/integration-test/target/test-dir/MiniOzoneClusterImpl-9af64d9f-ce66-432d-b755-d0db545afb98/datanode-2/data/ratis to VolumeSet
2023-01-03 10:07:09,270 [Listener at 127.0.0.1/46801] INFO  volume.ThrottledAsyncChecker (ThrottledAsyncChecker.java:schedule(141)) - Scheduling a check for /home/runner/work/ozone/ozone/hadoop-ozone/integration-test/target/test-dir/MiniOzoneClusterImpl-9af64d9f-ce66-432d-b755-d0db545afb98/datanode-2/data/ratis
2023-01-03 10:07:09,270 [Listener at 127.0.0.1/46801] INFO  volume.StorageVolumeChecker (StorageVolumeChecker.java:checkAllVolumes(202)) - Scheduled health check for volume /home/runner/work/ozone/ozone/hadoop-ozone/integration-test/target/test-dir/MiniOzoneClusterImpl-9af64d9f-ce66-432d-b755-d0db545afb98/datanode-2/data/ratis
2023-01-03 10:07:09,281 [Thread-562] INFO  ozoneimpl.ContainerReader (ContainerReader.java:readVolume(175)) - Finish verifying containers on volume /home/runner/work/ozone/ozone/hadoop-ozone/integration-test/target/test-dir/MiniOzoneClusterImpl-9af64d9f-ce66-432d-b755-d0db545afb98/datanode-2/data-0/containers/hdds
2023-01-03 10:07:09,281 [Listener at 127.0.0.1/46801] INFO  ozoneimpl.OzoneContainer (OzoneContainer.java:buildContainerSet(301)) - Build ContainerSet costs 0s
2023-01-03 10:07:09,285 [Listener at 127.0.0.1/46801] INFO  server.RaftServer (ConfUtils.java:logGet(46)) - raft.rpc.type = GRPC (default)
2023-01-03 10:07:09,285 [Listener at 127.0.0.1/46801] INFO  grpc.GrpcConfigKeys (ConfUtils.java:logFallback(53)) - raft.grpc.admin.host = null (fallback to raft.grpc.server.host)
2023-01-03 10:07:09,285 [Listener at 127.0.0.1/46801] INFO  grpc.GrpcConfigKeys (ConfUtils.java:logGet(46)) - raft.grpc.admin.port = 0 (custom)
2023-01-03 10:07:09,285 [Listener at 127.0.0.1/46801] INFO  grpc.GrpcConfigKeys (ConfUtils.java:logFallback(53)) - raft.grpc.client.host = null (fallback to raft.grpc.server.host)
2023-01-03 10:07:09,286 [Listener at 127.0.0.1/46801] INFO  grpc.GrpcConfigKeys (ConfUtils.java:logGet(46)) - raft.grpc.client.port = 0 (custom)
2023-01-03 10:07:09,286 [Listener at 127.0.0.1/46801] INFO  grpc.GrpcConfigKeys (ConfUtils.java:logGet(46)) - raft.grpc.server.host = null (default)
2023-01-03 10:07:09,286 [Listener at 127.0.0.1/46801] INFO  grpc.GrpcConfigKeys (ConfUtils.java:logGet(46)) - raft.grpc.server.port = 0 (default)
2023-01-03 10:07:09,286 [Listener at 127.0.0.1/46801] INFO  server.GrpcService (ConfUtils.java:logGet(46)) - raft.grpc.message.size.max = 32MB (=33554432) (custom)
2023-01-03 10:07:09,286 [Listener at 127.0.0.1/46801] INFO  server.RaftServerConfigKeys (ConfUtils.java:logGet(46)) - raft.server.log.appender.buffer.byte-limit = 33554432 (custom)
2023-01-03 10:07:09,286 [Listener at 127.0.0.1/46801] INFO  server.GrpcService (ConfUtils.java:logGet(46)) - raft.grpc.flow.control.window = 5MB (=5242880) (custom)
2023-01-03 10:07:09,286 [Listener at 127.0.0.1/46801] INFO  server.RaftServerConfigKeys (ConfUtils.java:logGet(46)) - raft.server.rpc.request.timeout = 60s (custom)
2023-01-03 10:07:09,286 [Listener at 127.0.0.1/46801] INFO  grpc.GrpcConfigKeys (ConfUtils.java:logGet(46)) - raft.grpc.server.heartbeat.channel = true (default)
2023-01-03 10:07:09,286 [Listener at 127.0.0.1/46801] INFO  grpc.GrpcConfigKeys (ConfUtils.java:logGet(46)) - raft.grpc.server.async.request.thread.pool.cached = true (default)
2023-01-03 10:07:09,286 [Listener at 127.0.0.1/46801] INFO  grpc.GrpcConfigKeys (ConfUtils.java:logGet(46)) - raft.grpc.server.async.request.thread.pool.size = 32 (default)
2023-01-03 10:07:09,288 [Listener at 127.0.0.1/46801] INFO  impl.DataStreamServerImpl (ConfUtils.java:logGet(46)) - raft.datastream.type = NETTY (custom)
2023-01-03 10:07:09,288 [Listener at 127.0.0.1/46801] INFO  server.RaftServerConfigKeys (ConfUtils.java:logGet(46)) - raft.server.data-stream.async.request.thread.pool.cached = false (default)
2023-01-03 10:07:09,288 [Listener at 127.0.0.1/46801] INFO  server.RaftServerConfigKeys (ConfUtils.java:logGet(46)) - raft.server.data-stream.async.request.thread.pool.size = 20 (custom)
2023-01-03 10:07:09,289 [Listener at 127.0.0.1/46801] INFO  server.RaftServerConfigKeys (ConfUtils.java:logGet(46)) - raft.server.data-stream.async.write.thread.pool.size = 16 (default)
2023-01-03 10:07:09,289 [Listener at 127.0.0.1/46801] INFO  server.RaftServerConfigKeys (ConfUtils.java:logGet(46)) - raft.server.data-stream.client.pool.size = 10 (default)
2023-01-03 10:07:09,289 [Listener at 127.0.0.1/46801] INFO  netty.NettyConfigKeys$DataStream (ConfUtils.java:logGet(46)) - raft.netty.dataStream.server.use-epoll = false (default)
2023-01-03 10:07:09,289 [Listener at 127.0.0.1/46801] INFO  netty.NettyConfigKeys$DataStream (ConfUtils.java:logGet(46)) - raft.netty.dataStream.server.boss-group.size = 0 (default)
2023-01-03 10:07:09,289 [Listener at 127.0.0.1/46801] INFO  netty.NettyConfigKeys$DataStream (ConfUtils.java:logGet(46)) - raft.netty.dataStream.server.worker-group.size = 0 (default)
2023-01-03 10:07:09,289 [Listener at 127.0.0.1/46801] INFO  netty.NettyConfigKeys$DataStream (ConfUtils.java:logGet(46)) - raft.netty.dataStream.server.tls.conf = null (default)
2023-01-03 10:07:09,290 [Listener at 127.0.0.1/46801] INFO  netty.NettyConfigKeys$DataStream (ConfUtils.java:logGet(46)) - raft.netty.dataStream.host = null (default)
2023-01-03 10:07:09,290 [Listener at 127.0.0.1/46801] INFO  netty.NettyConfigKeys$DataStream (ConfUtils.java:logGet(46)) - raft.netty.dataStream.port = 0 (default)
2023-01-03 10:07:09,290 [Listener at 127.0.0.1/46801] INFO  server.RaftServerConfigKeys (ConfUtils.java:logGet(46)) - raft.server.threadpool.proxy.cached = true (default)
2023-01-03 10:07:09,290 [Listener at 127.0.0.1/46801] INFO  server.RaftServerConfigKeys (ConfUtils.java:logGet(46)) - raft.server.threadpool.proxy.size = 0 (default)
2023-01-03 10:07:09,290 [Listener at 127.0.0.1/46801] INFO  server.RaftServerConfigKeys (ConfUtils.java:logGet(46)) - raft.server.rpc.slowness.timeout = 300s (custom)
2023-01-03 10:07:09,290 [Listener at 127.0.0.1/46801] INFO  server.RaftServerConfigKeys (ConfUtils.java:logGet(46)) - raft.server.leaderelection.leader.step-down.wait-time = 10s (default)
2023-01-03 10:07:09,290 [Listener at 127.0.0.1/46801] INFO  server.RaftServerConfigKeys (ConfUtils.java:logGet(46)) - raft.server.storage.dir = [/home/runner/work/ozone/ozone/hadoop-ozone/integration-test/target/test-dir/MiniOzoneClusterImpl-9af64d9f-ce66-432d-b755-d0db545afb98/datanode-2/data/ratis] (custom)
2023-01-03 10:07:09,291 [2c63000f-a9ba-4116-8021-1fc7d553c7a4-NettyServerStreamRpc-bossGroup--thread1] INFO  logging.LoggingHandler (AbstractInternalLogger.java:log(148)) - [id: 0xe4f043f8] REGISTERED
2023-01-03 10:07:09,291 [2c63000f-a9ba-4116-8021-1fc7d553c7a4-NettyServerStreamRpc-bossGroup--thread1] INFO  logging.LoggingHandler (AbstractInternalLogger.java:log(148)) - [id: 0xe4f043f8] BIND: 0.0.0.0/0.0.0.0:0
2023-01-03 10:07:09,291 [2c63000f-a9ba-4116-8021-1fc7d553c7a4-NettyServerStreamRpc-bossGroup--thread1] INFO  logging.LoggingHandler (AbstractInternalLogger.java:log(148)) - [id: 0xe4f043f8, L:/0:0:0:0:0:0:0:0:33143] ACTIVE
2023-01-03 10:07:09,293 [Listener at 127.0.0.1/46801] INFO  server.XceiverServerGrpc (XceiverServerGrpc.java:<init>(132)) - GrpcServer channel type EpollServerSocketChannel
2023-01-03 10:07:09,296 [Listener at 127.0.0.1/46801] INFO  http.BaseHttpServer (BaseHttpServer.java:newHttpServer2BuilderForOzone(213)) - Starting Web-server for hddsDatanode at: http://0.0.0.0:0
2023-01-03 10:07:09,296 [Listener at 127.0.0.1/46801] INFO  http.BaseHttpServer (BaseHttpServer.java:<init>(108)) - Hadoop Security Enabled: false Ozone Security Enabled: false Ozone HTTP Security Enabled: false 
2023-01-03 10:07:09,298 [Listener at 127.0.0.1/46801] WARN  server.AuthenticationFilter (AuthenticationFilter.java:constructSecretProvider(240)) - Unable to initialize FileSignerSecretProvider, falling back to use random secrets. Reason: Could not read signature secret file: /home/runner/hadoop-http-auth-signature-secret
2023-01-03 10:07:09,298 [Listener at 127.0.0.1/46801] WARN  http.HttpRequestLog (HttpRequestLog.java:getRequestLog(103)) - Jetty request log can only be enabled using Log4j
2023-01-03 10:07:09,299 [Listener at 127.0.0.1/46801] INFO  http.HttpServer2 (HttpServer2.java:addGlobalFilter(1031)) - Added global filter 'safety' (class=org.apache.hadoop.hdds.server.http.HttpServer2$QuotingInputFilter)
2023-01-03 10:07:09,300 [Listener at 127.0.0.1/46801] INFO  http.HttpServer2 (HttpServer2.java:addFilter(1007)) - Added filter static_user_filter (class=org.apache.hadoop.http.lib.StaticUserWebFilter$StaticUserFilter) to context hddsDatanode
2023-01-03 10:07:09,300 [Listener at 127.0.0.1/46801] INFO  http.HttpServer2 (HttpServer2.java:addFilter(1015)) - Added filter static_user_filter (class=org.apache.hadoop.http.lib.StaticUserWebFilter$StaticUserFilter) to context logs
2023-01-03 10:07:09,300 [Listener at 127.0.0.1/46801] INFO  http.HttpServer2 (HttpServer2.java:addFilter(1015)) - Added filter static_user_filter (class=org.apache.hadoop.http.lib.StaticUserWebFilter$StaticUserFilter) to context static
2023-01-03 10:07:09,300 [Listener at 127.0.0.1/46801] INFO  http.HttpServer2 (HttpServer2.java:bindListener(1250)) - Jetty bound to port 45641
2023-01-03 10:07:09,301 [Listener at 127.0.0.1/46801] INFO  server.Server (Server.java:doStart(375)) - jetty-9.4.49.v20220914; built: 2022-09-14T01:07:36.601Z; git: 4231a3b2e4cb8548a412a789936d640a97b1aa0a; jvm 1.8.0_352-b08
2023-01-03 10:07:09,302 [Listener at 127.0.0.1/46801] INFO  server.session (DefaultSessionIdManager.java:doStart(334)) - DefaultSessionIdManager workerName=node0
2023-01-03 10:07:09,302 [Listener at 127.0.0.1/46801] INFO  server.session (DefaultSessionIdManager.java:doStart(339)) - No SessionScavenger set, using defaults
2023-01-03 10:07:09,302 [Listener at 127.0.0.1/46801] INFO  server.session (HouseKeeper.java:startScavenging(132)) - node0 Scavenging every 660000ms
2023-01-03 10:07:09,302 [Listener at 127.0.0.1/46801] INFO  handler.ContextHandler (ContextHandler.java:doStart(921)) - Started o.e.j.s.ServletContextHandler@a13d8f2{logs,/logs,file:///home/runner/work/ozone/ozone/hadoop-ozone/integration-test/target/log,AVAILABLE}
2023-01-03 10:07:09,303 [Listener at 127.0.0.1/46801] INFO  handler.ContextHandler (ContextHandler.java:doStart(921)) - Started o.e.j.s.ServletContextHandler@38fd32ff{static,/static,jar:file:/home/runner/.m2/repository/org/apache/ozone/hdds-container-service/1.4.0-SNAPSHOT/hdds-container-service-1.4.0-SNAPSHOT.jar!/webapps/static,AVAILABLE}
2023-01-03 10:07:09,478 [Listener at 127.0.0.1/46801] INFO  handler.ContextHandler (ContextHandler.java:doStart(921)) - Started o.e.j.w.WebAppContext@4b90c73e{hddsDatanode,/,file:///tmp/jetty-0_0_0_0-45641-hdds-container-service-1_4_0-SNAPSHOT_jar-_-any-769384949351083314/webapp/,AVAILABLE}{jar:file:/home/runner/.m2/repository/org/apache/ozone/hdds-container-service/1.4.0-SNAPSHOT/hdds-container-service-1.4.0-SNAPSHOT.jar!/webapps/hddsDatanode}
2023-01-03 10:07:09,480 [Listener at 127.0.0.1/46801] INFO  server.AbstractConnector (AbstractConnector.java:doStart(333)) - Started ServerConnector@5c3e3f24{HTTP/1.1, (http/1.1)}{0.0.0.0:45641}
2023-01-03 10:07:09,480 [Listener at 127.0.0.1/46801] INFO  server.Server (Server.java:doStart(415)) - Started @70270ms
2023-01-03 10:07:09,480 [Listener at 127.0.0.1/46801] WARN  impl.MetricsSystemImpl (MetricsSystemImpl.java:register(279)) - Sink prometheus already exists!
2023-01-03 10:07:09,481 [Listener at 127.0.0.1/46801] INFO  http.BaseHttpServer (BaseHttpServer.java:updateConnectorAddress(333)) - HTTP server of hddsDatanode listening at http://0.0.0.0:45641
2023-01-03 10:07:09,481 [Datanode State Machine Daemon Thread] INFO  statemachine.DatanodeStateMachine (DatanodeStateMachine.java:lambda$startDaemon$0(508)) - Ozone container server started.
2023-01-03 10:07:09,481 [Listener at 127.0.0.1/46801] WARN  impl.MetricRegistriesImpl (MetricRegistriesImpl.java:addReporterRegistration(111)) - New reporters are added after registries were created. Some metrics will be missing from the reporter. Please add reporter before adding any new registry.
2023-01-03 10:07:09,482 [Listener at 127.0.0.1/46801] WARN  impl.MetricRegistriesImpl (MetricRegistriesImpl.java:addReporterRegistration(111)) - New reporters are added after registries were created. Some metrics will be missing from the reporter. Please add reporter before adding any new registry.
2023-01-03 10:07:09,482 [Listener at 127.0.0.1/46801] INFO  impl.MetricsSystemImpl (MetricsSystemImpl.java:init(158)) - HddsDatanode metrics system started (again)
2023-01-03 10:07:09,493 [Listener at 127.0.0.1/46801] INFO  ozone.HddsDatanodeService (HddsDatanodeService.java:start(237)) - HddsDatanodeService host:fv-az292-374.tqgtyn10aqxuxoi0mkfbldi5vh.jx.internal.cloudapp.net ip:10.1.0.13
2023-01-03 10:07:09,495 [org.apache.hadoop.util.JvmPauseMonitor$Monitor@1b42013] INFO  util.JvmPauseMonitor (JvmPauseMonitor.java:run(188)) - Starting JVM pause monitor
2023-01-03 10:07:09,499 [Datanode State Machine Task Thread - 0] INFO  datanode.InitDatanodeState (InitDatanodeState.java:persistContainerDatanodeDetails(138)) - DatanodeDetails is persisted to /home/runner/work/ozone/ozone/hadoop-ozone/integration-test/target/test-dir/MiniOzoneClusterImpl-9af64d9f-ce66-432d-b755-d0db545afb98/datanode-2/meta/datanode.id
2023-01-03 10:07:09,508 [Listener at 127.0.0.1/46801] INFO  upgrade.AbstractLayoutVersionManager (AbstractLayoutVersionManager.java:init(83)) - Initializing Layout version manager with metadata layout = DATANODE_SCHEMA_V3 (version = 4), software layout = DATANODE_SCHEMA_V3 (version = 4)
2023-01-03 10:07:09,552 [Listener at 127.0.0.1/46801] INFO  reflections.Reflections (Reflections.java:scan(232)) - Reflections took 43 ms to scan 7 urls, producing 146 keys and 350 values 
2023-01-03 10:07:09,553 [Listener at 127.0.0.1/46801] INFO  statemachine.DatanodeStateMachine (DatanodeStateMachine.java:getEndPointTaskThreadPoolSize(248)) - Datanode State Machine Task Thread Pool size 2
2023-01-03 10:07:09,555 [Listener at 127.0.0.1/46801] INFO  volume.HddsVolume (HddsVolume.java:<init>(117)) - Creating HddsVolume: /home/runner/work/ozone/ozone/hadoop-ozone/integration-test/target/test-dir/MiniOzoneClusterImpl-9af64d9f-ce66-432d-b755-d0db545afb98/datanode-3/data-0/containers/hdds of storage type : DISK capacity : 9223372036854775807
2023-01-03 10:07:09,556 [Listener at 127.0.0.1/46801] INFO  volume.MutableVolumeSet (MutableVolumeSet.java:initializeVolumeSet(174)) - Added Volume : /home/runner/work/ozone/ozone/hadoop-ozone/integration-test/target/test-dir/MiniOzoneClusterImpl-9af64d9f-ce66-432d-b755-d0db545afb98/datanode-3/data-0/containers/hdds to VolumeSet
2023-01-03 10:07:09,556 [Listener at 127.0.0.1/46801] INFO  volume.ThrottledAsyncChecker (ThrottledAsyncChecker.java:schedule(141)) - Scheduling a check for /home/runner/work/ozone/ozone/hadoop-ozone/integration-test/target/test-dir/MiniOzoneClusterImpl-9af64d9f-ce66-432d-b755-d0db545afb98/datanode-3/data-0/containers/hdds
2023-01-03 10:07:09,556 [Listener at 127.0.0.1/46801] INFO  volume.StorageVolumeChecker (StorageVolumeChecker.java:checkAllVolumes(202)) - Scheduled health check for volume /home/runner/work/ozone/ozone/hadoop-ozone/integration-test/target/test-dir/MiniOzoneClusterImpl-9af64d9f-ce66-432d-b755-d0db545afb98/datanode-3/data-0/containers/hdds
2023-01-03 10:07:09,569 [Listener at 127.0.0.1/46801] INFO  volume.MutableVolumeSet (MutableVolumeSet.java:initializeVolumeSet(174)) - Added Volume : /home/runner/work/ozone/ozone/hadoop-ozone/integration-test/target/test-dir/MiniOzoneClusterImpl-9af64d9f-ce66-432d-b755-d0db545afb98/datanode-3/data/ratis to VolumeSet
2023-01-03 10:07:09,570 [Listener at 127.0.0.1/46801] INFO  volume.ThrottledAsyncChecker (ThrottledAsyncChecker.java:schedule(141)) - Scheduling a check for /home/runner/work/ozone/ozone/hadoop-ozone/integration-test/target/test-dir/MiniOzoneClusterImpl-9af64d9f-ce66-432d-b755-d0db545afb98/datanode-3/data/ratis
2023-01-03 10:07:09,570 [Listener at 127.0.0.1/46801] INFO  volume.StorageVolumeChecker (StorageVolumeChecker.java:checkAllVolumes(202)) - Scheduled health check for volume /home/runner/work/ozone/ozone/hadoop-ozone/integration-test/target/test-dir/MiniOzoneClusterImpl-9af64d9f-ce66-432d-b755-d0db545afb98/datanode-3/data/ratis
2023-01-03 10:07:09,581 [Thread-576] INFO  ozoneimpl.ContainerReader (ContainerReader.java:readVolume(175)) - Finish verifying containers on volume /home/runner/work/ozone/ozone/hadoop-ozone/integration-test/target/test-dir/MiniOzoneClusterImpl-9af64d9f-ce66-432d-b755-d0db545afb98/datanode-3/data-0/containers/hdds
2023-01-03 10:07:09,581 [Listener at 127.0.0.1/46801] INFO  ozoneimpl.OzoneContainer (OzoneContainer.java:buildContainerSet(301)) - Build ContainerSet costs 0s
2023-01-03 10:07:09,583 [Listener at 127.0.0.1/46801] INFO  server.RaftServer (ConfUtils.java:logGet(46)) - raft.rpc.type = GRPC (default)
2023-01-03 10:07:09,584 [Listener at 127.0.0.1/46801] INFO  grpc.GrpcConfigKeys (ConfUtils.java:logFallback(53)) - raft.grpc.admin.host = null (fallback to raft.grpc.server.host)
2023-01-03 10:07:09,584 [Listener at 127.0.0.1/46801] INFO  grpc.GrpcConfigKeys (ConfUtils.java:logGet(46)) - raft.grpc.admin.port = 0 (custom)
2023-01-03 10:07:09,584 [Listener at 127.0.0.1/46801] INFO  grpc.GrpcConfigKeys (ConfUtils.java:logFallback(53)) - raft.grpc.client.host = null (fallback to raft.grpc.server.host)
2023-01-03 10:07:09,584 [Listener at 127.0.0.1/46801] INFO  grpc.GrpcConfigKeys (ConfUtils.java:logGet(46)) - raft.grpc.client.port = 0 (custom)
2023-01-03 10:07:09,584 [Listener at 127.0.0.1/46801] INFO  grpc.GrpcConfigKeys (ConfUtils.java:logGet(46)) - raft.grpc.server.host = null (default)
2023-01-03 10:07:09,584 [Listener at 127.0.0.1/46801] INFO  grpc.GrpcConfigKeys (ConfUtils.java:logGet(46)) - raft.grpc.server.port = 0 (default)
2023-01-03 10:07:09,585 [Listener at 127.0.0.1/46801] INFO  server.GrpcService (ConfUtils.java:logGet(46)) - raft.grpc.message.size.max = 32MB (=33554432) (custom)
2023-01-03 10:07:09,585 [Listener at 127.0.0.1/46801] INFO  server.RaftServerConfigKeys (ConfUtils.java:logGet(46)) - raft.server.log.appender.buffer.byte-limit = 33554432 (custom)
2023-01-03 10:07:09,586 [Listener at 127.0.0.1/46801] INFO  server.GrpcService (ConfUtils.java:logGet(46)) - raft.grpc.flow.control.window = 5MB (=5242880) (custom)
2023-01-03 10:07:09,586 [Listener at 127.0.0.1/46801] INFO  server.RaftServerConfigKeys (ConfUtils.java:logGet(46)) - raft.server.rpc.request.timeout = 60s (custom)
2023-01-03 10:07:09,586 [Listener at 127.0.0.1/46801] INFO  grpc.GrpcConfigKeys (ConfUtils.java:logGet(46)) - raft.grpc.server.heartbeat.channel = true (default)
2023-01-03 10:07:09,586 [Listener at 127.0.0.1/46801] INFO  grpc.GrpcConfigKeys (ConfUtils.java:logGet(46)) - raft.grpc.server.async.request.thread.pool.cached = true (default)
2023-01-03 10:07:09,586 [Listener at 127.0.0.1/46801] INFO  grpc.GrpcConfigKeys (ConfUtils.java:logGet(46)) - raft.grpc.server.async.request.thread.pool.size = 32 (default)
2023-01-03 10:07:09,587 [Listener at 127.0.0.1/46801] INFO  impl.DataStreamServerImpl (ConfUtils.java:logGet(46)) - raft.datastream.type = NETTY (custom)
2023-01-03 10:07:09,587 [Listener at 127.0.0.1/46801] INFO  server.RaftServerConfigKeys (ConfUtils.java:logGet(46)) - raft.server.data-stream.async.request.thread.pool.cached = false (default)
2023-01-03 10:07:09,587 [Listener at 127.0.0.1/46801] INFO  server.RaftServerConfigKeys (ConfUtils.java:logGet(46)) - raft.server.data-stream.async.request.thread.pool.size = 20 (custom)
2023-01-03 10:07:09,587 [Listener at 127.0.0.1/46801] INFO  server.RaftServerConfigKeys (ConfUtils.java:logGet(46)) - raft.server.data-stream.async.write.thread.pool.size = 16 (default)
2023-01-03 10:07:09,588 [Listener at 127.0.0.1/46801] INFO  server.RaftServerConfigKeys (ConfUtils.java:logGet(46)) - raft.server.data-stream.client.pool.size = 10 (default)
2023-01-03 10:07:09,588 [Listener at 127.0.0.1/46801] INFO  netty.NettyConfigKeys$DataStream (ConfUtils.java:logGet(46)) - raft.netty.dataStream.server.use-epoll = false (default)
2023-01-03 10:07:09,588 [Listener at 127.0.0.1/46801] INFO  netty.NettyConfigKeys$DataStream (ConfUtils.java:logGet(46)) - raft.netty.dataStream.server.boss-group.size = 0 (default)
2023-01-03 10:07:09,589 [Listener at 127.0.0.1/46801] INFO  netty.NettyConfigKeys$DataStream (ConfUtils.java:logGet(46)) - raft.netty.dataStream.server.worker-group.size = 0 (default)
2023-01-03 10:07:09,589 [Listener at 127.0.0.1/46801] INFO  netty.NettyConfigKeys$DataStream (ConfUtils.java:logGet(46)) - raft.netty.dataStream.server.tls.conf = null (default)
2023-01-03 10:07:09,589 [Listener at 127.0.0.1/46801] INFO  netty.NettyConfigKeys$DataStream (ConfUtils.java:logGet(46)) - raft.netty.dataStream.host = null (default)
2023-01-03 10:07:09,589 [Listener at 127.0.0.1/46801] INFO  netty.NettyConfigKeys$DataStream (ConfUtils.java:logGet(46)) - raft.netty.dataStream.port = 0 (default)
2023-01-03 10:07:09,590 [Listener at 127.0.0.1/46801] INFO  server.RaftServerConfigKeys (ConfUtils.java:logGet(46)) - raft.server.threadpool.proxy.cached = true (default)
2023-01-03 10:07:09,590 [Listener at 127.0.0.1/46801] INFO  server.RaftServerConfigKeys (ConfUtils.java:logGet(46)) - raft.server.threadpool.proxy.size = 0 (default)
2023-01-03 10:07:09,590 [Listener at 127.0.0.1/46801] INFO  server.RaftServerConfigKeys (ConfUtils.java:logGet(46)) - raft.server.rpc.slowness.timeout = 300s (custom)
2023-01-03 10:07:09,590 [Listener at 127.0.0.1/46801] INFO  server.RaftServerConfigKeys (ConfUtils.java:logGet(46)) - raft.server.leaderelection.leader.step-down.wait-time = 10s (default)
2023-01-03 10:07:09,590 [01844fa3-4991-4a9b-b3ea-c862c2ab2093-NettyServerStreamRpc-bossGroup--thread1] INFO  logging.LoggingHandler (AbstractInternalLogger.java:log(148)) - [id: 0x3b38f74e] REGISTERED
2023-01-03 10:07:09,590 [Listener at 127.0.0.1/46801] INFO  server.RaftServerConfigKeys (ConfUtils.java:logGet(46)) - raft.server.storage.dir = [/home/runner/work/ozone/ozone/hadoop-ozone/integration-test/target/test-dir/MiniOzoneClusterImpl-9af64d9f-ce66-432d-b755-d0db545afb98/datanode-3/data/ratis] (custom)
2023-01-03 10:07:09,590 [01844fa3-4991-4a9b-b3ea-c862c2ab2093-NettyServerStreamRpc-bossGroup--thread1] INFO  logging.LoggingHandler (AbstractInternalLogger.java:log(148)) - [id: 0x3b38f74e] BIND: 0.0.0.0/0.0.0.0:0
2023-01-03 10:07:09,590 [01844fa3-4991-4a9b-b3ea-c862c2ab2093-NettyServerStreamRpc-bossGroup--thread1] INFO  logging.LoggingHandler (AbstractInternalLogger.java:log(148)) - [id: 0x3b38f74e, L:/0:0:0:0:0:0:0:0:37099] ACTIVE
2023-01-03 10:07:09,592 [Listener at 127.0.0.1/46801] INFO  server.XceiverServerGrpc (XceiverServerGrpc.java:<init>(132)) - GrpcServer channel type EpollServerSocketChannel
2023-01-03 10:07:09,596 [Listener at 127.0.0.1/46801] INFO  http.BaseHttpServer (BaseHttpServer.java:newHttpServer2BuilderForOzone(213)) - Starting Web-server for hddsDatanode at: http://0.0.0.0:0
2023-01-03 10:07:09,596 [Listener at 127.0.0.1/46801] INFO  http.BaseHttpServer (BaseHttpServer.java:<init>(108)) - Hadoop Security Enabled: false Ozone Security Enabled: false Ozone HTTP Security Enabled: false 
2023-01-03 10:07:09,597 [Listener at 127.0.0.1/46801] WARN  server.AuthenticationFilter (AuthenticationFilter.java:constructSecretProvider(240)) - Unable to initialize FileSignerSecretProvider, falling back to use random secrets. Reason: Could not read signature secret file: /home/runner/hadoop-http-auth-signature-secret
2023-01-03 10:07:09,597 [Listener at 127.0.0.1/46801] WARN  http.HttpRequestLog (HttpRequestLog.java:getRequestLog(103)) - Jetty request log can only be enabled using Log4j
2023-01-03 10:07:09,599 [Listener at 127.0.0.1/46801] INFO  http.HttpServer2 (HttpServer2.java:addGlobalFilter(1031)) - Added global filter 'safety' (class=org.apache.hadoop.hdds.server.http.HttpServer2$QuotingInputFilter)
2023-01-03 10:07:09,599 [Listener at 127.0.0.1/46801] INFO  http.HttpServer2 (HttpServer2.java:addFilter(1007)) - Added filter static_user_filter (class=org.apache.hadoop.http.lib.StaticUserWebFilter$StaticUserFilter) to context hddsDatanode
2023-01-03 10:07:09,599 [Listener at 127.0.0.1/46801] INFO  http.HttpServer2 (HttpServer2.java:addFilter(1015)) - Added filter static_user_filter (class=org.apache.hadoop.http.lib.StaticUserWebFilter$StaticUserFilter) to context logs
2023-01-03 10:07:09,600 [Listener at 127.0.0.1/46801] INFO  http.HttpServer2 (HttpServer2.java:addFilter(1015)) - Added filter static_user_filter (class=org.apache.hadoop.http.lib.StaticUserWebFilter$StaticUserFilter) to context static
2023-01-03 10:07:09,601 [Listener at 127.0.0.1/46801] INFO  http.HttpServer2 (HttpServer2.java:bindListener(1250)) - Jetty bound to port 32903
2023-01-03 10:07:09,601 [Listener at 127.0.0.1/46801] INFO  server.Server (Server.java:doStart(375)) - jetty-9.4.49.v20220914; built: 2022-09-14T01:07:36.601Z; git: 4231a3b2e4cb8548a412a789936d640a97b1aa0a; jvm 1.8.0_352-b08
2023-01-03 10:07:09,602 [Listener at 127.0.0.1/46801] INFO  server.session (DefaultSessionIdManager.java:doStart(334)) - DefaultSessionIdManager workerName=node0
2023-01-03 10:07:09,602 [Listener at 127.0.0.1/46801] INFO  server.session (DefaultSessionIdManager.java:doStart(339)) - No SessionScavenger set, using defaults
2023-01-03 10:07:09,602 [Listener at 127.0.0.1/46801] INFO  server.session (HouseKeeper.java:startScavenging(132)) - node0 Scavenging every 660000ms
2023-01-03 10:07:09,602 [Listener at 127.0.0.1/46801] INFO  handler.ContextHandler (ContextHandler.java:doStart(921)) - Started o.e.j.s.ServletContextHandler@3859970e{logs,/logs,file:///home/runner/work/ozone/ozone/hadoop-ozone/integration-test/target/log,AVAILABLE}
2023-01-03 10:07:09,603 [Listener at 127.0.0.1/46801] INFO  handler.ContextHandler (ContextHandler.java:doStart(921)) - Started o.e.j.s.ServletContextHandler@4322f1fa{static,/static,jar:file:/home/runner/.m2/repository/org/apache/ozone/hdds-container-service/1.4.0-SNAPSHOT/hdds-container-service-1.4.0-SNAPSHOT.jar!/webapps/static,AVAILABLE}
2023-01-03 10:07:09,778 [Listener at 127.0.0.1/46801] INFO  handler.ContextHandler (ContextHandler.java:doStart(921)) - Started o.e.j.w.WebAppContext@629a40b2{hddsDatanode,/,file:///tmp/jetty-0_0_0_0-32903-hdds-container-service-1_4_0-SNAPSHOT_jar-_-any-3925410690798883747/webapp/,AVAILABLE}{jar:file:/home/runner/.m2/repository/org/apache/ozone/hdds-container-service/1.4.0-SNAPSHOT/hdds-container-service-1.4.0-SNAPSHOT.jar!/webapps/hddsDatanode}
2023-01-03 10:07:09,780 [Listener at 127.0.0.1/46801] INFO  server.AbstractConnector (AbstractConnector.java:doStart(333)) - Started ServerConnector@1bec065f{HTTP/1.1, (http/1.1)}{0.0.0.0:32903}
2023-01-03 10:07:09,780 [Listener at 127.0.0.1/46801] INFO  server.Server (Server.java:doStart(415)) - Started @70570ms
2023-01-03 10:07:09,780 [Listener at 127.0.0.1/46801] WARN  impl.MetricsSystemImpl (MetricsSystemImpl.java:register(279)) - Sink prometheus already exists!
2023-01-03 10:07:09,780 [Listener at 127.0.0.1/46801] INFO  http.BaseHttpServer (BaseHttpServer.java:updateConnectorAddress(333)) - HTTP server of hddsDatanode listening at http://0.0.0.0:32903
2023-01-03 10:07:09,781 [Datanode State Machine Daemon Thread] INFO  statemachine.DatanodeStateMachine (DatanodeStateMachine.java:lambda$startDaemon$0(508)) - Ozone container server started.
2023-01-03 10:07:09,781 [Listener at 127.0.0.1/46801] WARN  impl.MetricRegistriesImpl (MetricRegistriesImpl.java:addReporterRegistration(111)) - New reporters are added after registries were created. Some metrics will be missing from the reporter. Please add reporter before adding any new registry.
2023-01-03 10:07:09,782 [Listener at 127.0.0.1/46801] WARN  impl.MetricRegistriesImpl (MetricRegistriesImpl.java:addReporterRegistration(111)) - New reporters are added after registries were created. Some metrics will be missing from the reporter. Please add reporter before adding any new registry.
2023-01-03 10:07:09,782 [Listener at 127.0.0.1/46801] INFO  impl.MetricsSystemImpl (MetricsSystemImpl.java:init(158)) - HddsDatanode metrics system started (again)
2023-01-03 10:07:09,790 [org.apache.hadoop.util.JvmPauseMonitor$Monitor@18686f65] INFO  util.JvmPauseMonitor (JvmPauseMonitor.java:run(188)) - Starting JVM pause monitor
2023-01-03 10:07:09,793 [Listener at 127.0.0.1/46801] INFO  ozone.HddsDatanodeService (HddsDatanodeService.java:start(237)) - HddsDatanodeService host:fv-az292-374.tqgtyn10aqxuxoi0mkfbldi5vh.jx.internal.cloudapp.net ip:10.1.0.13
2023-01-03 10:07:09,795 [Datanode State Machine Task Thread - 0] INFO  datanode.InitDatanodeState (InitDatanodeState.java:persistContainerDatanodeDetails(138)) - DatanodeDetails is persisted to /home/runner/work/ozone/ozone/hadoop-ozone/integration-test/target/test-dir/MiniOzoneClusterImpl-9af64d9f-ce66-432d-b755-d0db545afb98/datanode-3/meta/datanode.id
2023-01-03 10:07:09,814 [Listener at 127.0.0.1/46801] INFO  upgrade.AbstractLayoutVersionManager (AbstractLayoutVersionManager.java:init(83)) - Initializing Layout version manager with metadata layout = DATANODE_SCHEMA_V3 (version = 4), software layout = DATANODE_SCHEMA_V3 (version = 4)
2023-01-03 10:07:09,857 [Listener at 127.0.0.1/46801] INFO  reflections.Reflections (Reflections.java:scan(232)) - Reflections took 42 ms to scan 7 urls, producing 146 keys and 350 values 
2023-01-03 10:07:09,859 [Listener at 127.0.0.1/46801] INFO  statemachine.DatanodeStateMachine (DatanodeStateMachine.java:getEndPointTaskThreadPoolSize(248)) - Datanode State Machine Task Thread Pool size 2
2023-01-03 10:07:09,860 [Listener at 127.0.0.1/46801] INFO  volume.HddsVolume (HddsVolume.java:<init>(117)) - Creating HddsVolume: /home/runner/work/ozone/ozone/hadoop-ozone/integration-test/target/test-dir/MiniOzoneClusterImpl-9af64d9f-ce66-432d-b755-d0db545afb98/datanode-4/data-0/containers/hdds of storage type : DISK capacity : 9223372036854775807
2023-01-03 10:07:09,860 [Listener at 127.0.0.1/46801] INFO  volume.MutableVolumeSet (MutableVolumeSet.java:initializeVolumeSet(174)) - Added Volume : /home/runner/work/ozone/ozone/hadoop-ozone/integration-test/target/test-dir/MiniOzoneClusterImpl-9af64d9f-ce66-432d-b755-d0db545afb98/datanode-4/data-0/containers/hdds to VolumeSet
2023-01-03 10:07:09,860 [Listener at 127.0.0.1/46801] INFO  volume.ThrottledAsyncChecker (ThrottledAsyncChecker.java:schedule(141)) - Scheduling a check for /home/runner/work/ozone/ozone/hadoop-ozone/integration-test/target/test-dir/MiniOzoneClusterImpl-9af64d9f-ce66-432d-b755-d0db545afb98/datanode-4/data-0/containers/hdds
2023-01-03 10:07:09,861 [Listener at 127.0.0.1/46801] INFO  volume.StorageVolumeChecker (StorageVolumeChecker.java:checkAllVolumes(202)) - Scheduled health check for volume /home/runner/work/ozone/ozone/hadoop-ozone/integration-test/target/test-dir/MiniOzoneClusterImpl-9af64d9f-ce66-432d-b755-d0db545afb98/datanode-4/data-0/containers/hdds
2023-01-03 10:07:09,871 [Listener at 127.0.0.1/46801] INFO  volume.MutableVolumeSet (MutableVolumeSet.java:initializeVolumeSet(174)) - Added Volume : /home/runner/work/ozone/ozone/hadoop-ozone/integration-test/target/test-dir/MiniOzoneClusterImpl-9af64d9f-ce66-432d-b755-d0db545afb98/datanode-4/data/ratis to VolumeSet
2023-01-03 10:07:09,871 [Listener at 127.0.0.1/46801] INFO  volume.ThrottledAsyncChecker (ThrottledAsyncChecker.java:schedule(141)) - Scheduling a check for /home/runner/work/ozone/ozone/hadoop-ozone/integration-test/target/test-dir/MiniOzoneClusterImpl-9af64d9f-ce66-432d-b755-d0db545afb98/datanode-4/data/ratis
2023-01-03 10:07:09,871 [Listener at 127.0.0.1/46801] INFO  volume.StorageVolumeChecker (StorageVolumeChecker.java:checkAllVolumes(202)) - Scheduled health check for volume /home/runner/work/ozone/ozone/hadoop-ozone/integration-test/target/test-dir/MiniOzoneClusterImpl-9af64d9f-ce66-432d-b755-d0db545afb98/datanode-4/data/ratis
2023-01-03 10:07:09,881 [Thread-590] INFO  ozoneimpl.ContainerReader (ContainerReader.java:readVolume(175)) - Finish verifying containers on volume /home/runner/work/ozone/ozone/hadoop-ozone/integration-test/target/test-dir/MiniOzoneClusterImpl-9af64d9f-ce66-432d-b755-d0db545afb98/datanode-4/data-0/containers/hdds
2023-01-03 10:07:09,882 [Listener at 127.0.0.1/46801] INFO  ozoneimpl.OzoneContainer (OzoneContainer.java:buildContainerSet(301)) - Build ContainerSet costs 0s
2023-01-03 10:07:09,883 [Listener at 127.0.0.1/46801] INFO  server.RaftServer (ConfUtils.java:logGet(46)) - raft.rpc.type = GRPC (default)
2023-01-03 10:07:09,884 [Listener at 127.0.0.1/46801] INFO  grpc.GrpcConfigKeys (ConfUtils.java:logFallback(53)) - raft.grpc.admin.host = null (fallback to raft.grpc.server.host)
2023-01-03 10:07:09,884 [Listener at 127.0.0.1/46801] INFO  grpc.GrpcConfigKeys (ConfUtils.java:logGet(46)) - raft.grpc.admin.port = 0 (custom)
2023-01-03 10:07:09,884 [Listener at 127.0.0.1/46801] INFO  grpc.GrpcConfigKeys (ConfUtils.java:logFallback(53)) - raft.grpc.client.host = null (fallback to raft.grpc.server.host)
2023-01-03 10:07:09,884 [Listener at 127.0.0.1/46801] INFO  grpc.GrpcConfigKeys (ConfUtils.java:logGet(46)) - raft.grpc.client.port = 0 (custom)
2023-01-03 10:07:09,884 [Listener at 127.0.0.1/46801] INFO  grpc.GrpcConfigKeys (ConfUtils.java:logGet(46)) - raft.grpc.server.host = null (default)
2023-01-03 10:07:09,884 [Listener at 127.0.0.1/46801] INFO  grpc.GrpcConfigKeys (ConfUtils.java:logGet(46)) - raft.grpc.server.port = 0 (default)
2023-01-03 10:07:09,884 [Listener at 127.0.0.1/46801] INFO  server.GrpcService (ConfUtils.java:logGet(46)) - raft.grpc.message.size.max = 32MB (=33554432) (custom)
2023-01-03 10:07:09,884 [Listener at 127.0.0.1/46801] INFO  server.RaftServerConfigKeys (ConfUtils.java:logGet(46)) - raft.server.log.appender.buffer.byte-limit = 33554432 (custom)
2023-01-03 10:07:09,884 [Listener at 127.0.0.1/46801] INFO  server.GrpcService (ConfUtils.java:logGet(46)) - raft.grpc.flow.control.window = 5MB (=5242880) (custom)
2023-01-03 10:07:09,884 [Listener at 127.0.0.1/46801] INFO  server.RaftServerConfigKeys (ConfUtils.java:logGet(46)) - raft.server.rpc.request.timeout = 60s (custom)
2023-01-03 10:07:09,884 [Listener at 127.0.0.1/46801] INFO  grpc.GrpcConfigKeys (ConfUtils.java:logGet(46)) - raft.grpc.server.heartbeat.channel = true (default)
2023-01-03 10:07:09,884 [Listener at 127.0.0.1/46801] INFO  grpc.GrpcConfigKeys (ConfUtils.java:logGet(46)) - raft.grpc.server.async.request.thread.pool.cached = true (default)
2023-01-03 10:07:09,885 [Listener at 127.0.0.1/46801] INFO  grpc.GrpcConfigKeys (ConfUtils.java:logGet(46)) - raft.grpc.server.async.request.thread.pool.size = 32 (default)
2023-01-03 10:07:09,885 [Listener at 127.0.0.1/46801] INFO  impl.DataStreamServerImpl (ConfUtils.java:logGet(46)) - raft.datastream.type = NETTY (custom)
2023-01-03 10:07:09,886 [Listener at 127.0.0.1/46801] INFO  server.RaftServerConfigKeys (ConfUtils.java:logGet(46)) - raft.server.data-stream.async.request.thread.pool.cached = false (default)
2023-01-03 10:07:09,886 [Listener at 127.0.0.1/46801] INFO  server.RaftServerConfigKeys (ConfUtils.java:logGet(46)) - raft.server.data-stream.async.request.thread.pool.size = 20 (custom)
2023-01-03 10:07:09,886 [Listener at 127.0.0.1/46801] INFO  server.RaftServerConfigKeys (ConfUtils.java:logGet(46)) - raft.server.data-stream.async.write.thread.pool.size = 16 (default)
2023-01-03 10:07:09,886 [Listener at 127.0.0.1/46801] INFO  server.RaftServerConfigKeys (ConfUtils.java:logGet(46)) - raft.server.data-stream.client.pool.size = 10 (default)
2023-01-03 10:07:09,886 [Listener at 127.0.0.1/46801] INFO  netty.NettyConfigKeys$DataStream (ConfUtils.java:logGet(46)) - raft.netty.dataStream.server.use-epoll = false (default)
2023-01-03 10:07:09,886 [Listener at 127.0.0.1/46801] INFO  netty.NettyConfigKeys$DataStream (ConfUtils.java:logGet(46)) - raft.netty.dataStream.server.boss-group.size = 0 (default)
2023-01-03 10:07:09,886 [Listener at 127.0.0.1/46801] INFO  netty.NettyConfigKeys$DataStream (ConfUtils.java:logGet(46)) - raft.netty.dataStream.server.worker-group.size = 0 (default)
2023-01-03 10:07:09,887 [Listener at 127.0.0.1/46801] INFO  netty.NettyConfigKeys$DataStream (ConfUtils.java:logGet(46)) - raft.netty.dataStream.server.tls.conf = null (default)
2023-01-03 10:07:09,887 [Listener at 127.0.0.1/46801] INFO  netty.NettyConfigKeys$DataStream (ConfUtils.java:logGet(46)) - raft.netty.dataStream.host = null (default)
2023-01-03 10:07:09,887 [Listener at 127.0.0.1/46801] INFO  netty.NettyConfigKeys$DataStream (ConfUtils.java:logGet(46)) - raft.netty.dataStream.port = 0 (default)
2023-01-03 10:07:09,887 [Listener at 127.0.0.1/46801] INFO  server.RaftServerConfigKeys (ConfUtils.java:logGet(46)) - raft.server.threadpool.proxy.cached = true (default)
2023-01-03 10:07:09,887 [Listener at 127.0.0.1/46801] INFO  server.RaftServerConfigKeys (ConfUtils.java:logGet(46)) - raft.server.threadpool.proxy.size = 0 (default)
2023-01-03 10:07:09,887 [Listener at 127.0.0.1/46801] INFO  server.RaftServerConfigKeys (ConfUtils.java:logGet(46)) - raft.server.rpc.slowness.timeout = 300s (custom)
2023-01-03 10:07:09,887 [Listener at 127.0.0.1/46801] INFO  server.RaftServerConfigKeys (ConfUtils.java:logGet(46)) - raft.server.leaderelection.leader.step-down.wait-time = 10s (default)
2023-01-03 10:07:09,887 [Listener at 127.0.0.1/46801] INFO  server.RaftServerConfigKeys (ConfUtils.java:logGet(46)) - raft.server.storage.dir = [/home/runner/work/ozone/ozone/hadoop-ozone/integration-test/target/test-dir/MiniOzoneClusterImpl-9af64d9f-ce66-432d-b755-d0db545afb98/datanode-4/data/ratis] (custom)
2023-01-03 10:07:09,888 [cf16c65b-18c5-4246-b401-9967cdd5b427-NettyServerStreamRpc-bossGroup--thread1] INFO  logging.LoggingHandler (AbstractInternalLogger.java:log(148)) - [id: 0x64826015] REGISTERED
2023-01-03 10:07:09,888 [cf16c65b-18c5-4246-b401-9967cdd5b427-NettyServerStreamRpc-bossGroup--thread1] INFO  logging.LoggingHandler (AbstractInternalLogger.java:log(148)) - [id: 0x64826015] BIND: 0.0.0.0/0.0.0.0:0
2023-01-03 10:07:09,888 [cf16c65b-18c5-4246-b401-9967cdd5b427-NettyServerStreamRpc-bossGroup--thread1] INFO  logging.LoggingHandler (AbstractInternalLogger.java:log(148)) - [id: 0x64826015, L:/0:0:0:0:0:0:0:0:37175] ACTIVE
2023-01-03 10:07:09,894 [Listener at 127.0.0.1/46801] INFO  server.XceiverServerGrpc (XceiverServerGrpc.java:<init>(132)) - GrpcServer channel type EpollServerSocketChannel
2023-01-03 10:07:09,897 [Listener at 127.0.0.1/46801] INFO  http.BaseHttpServer (BaseHttpServer.java:newHttpServer2BuilderForOzone(213)) - Starting Web-server for hddsDatanode at: http://0.0.0.0:0
2023-01-03 10:07:09,897 [Listener at 127.0.0.1/46801] INFO  http.BaseHttpServer (BaseHttpServer.java:<init>(108)) - Hadoop Security Enabled: false Ozone Security Enabled: false Ozone HTTP Security Enabled: false 
2023-01-03 10:07:09,898 [Listener at 127.0.0.1/46801] WARN  server.AuthenticationFilter (AuthenticationFilter.java:constructSecretProvider(240)) - Unable to initialize FileSignerSecretProvider, falling back to use random secrets. Reason: Could not read signature secret file: /home/runner/hadoop-http-auth-signature-secret
2023-01-03 10:07:09,898 [Listener at 127.0.0.1/46801] WARN  http.HttpRequestLog (HttpRequestLog.java:getRequestLog(103)) - Jetty request log can only be enabled using Log4j
2023-01-03 10:07:09,899 [Listener at 127.0.0.1/46801] INFO  http.HttpServer2 (HttpServer2.java:addGlobalFilter(1031)) - Added global filter 'safety' (class=org.apache.hadoop.hdds.server.http.HttpServer2$QuotingInputFilter)
2023-01-03 10:07:09,900 [Listener at 127.0.0.1/46801] INFO  http.HttpServer2 (HttpServer2.java:addFilter(1007)) - Added filter static_user_filter (class=org.apache.hadoop.http.lib.StaticUserWebFilter$StaticUserFilter) to context hddsDatanode
2023-01-03 10:07:09,900 [Listener at 127.0.0.1/46801] INFO  http.HttpServer2 (HttpServer2.java:addFilter(1015)) - Added filter static_user_filter (class=org.apache.hadoop.http.lib.StaticUserWebFilter$StaticUserFilter) to context logs
2023-01-03 10:07:09,900 [Listener at 127.0.0.1/46801] INFO  http.HttpServer2 (HttpServer2.java:addFilter(1015)) - Added filter static_user_filter (class=org.apache.hadoop.http.lib.StaticUserWebFilter$StaticUserFilter) to context static
2023-01-03 10:07:09,901 [Listener at 127.0.0.1/46801] INFO  http.HttpServer2 (HttpServer2.java:bindListener(1250)) - Jetty bound to port 36739
2023-01-03 10:07:09,901 [Listener at 127.0.0.1/46801] INFO  server.Server (Server.java:doStart(375)) - jetty-9.4.49.v20220914; built: 2022-09-14T01:07:36.601Z; git: 4231a3b2e4cb8548a412a789936d640a97b1aa0a; jvm 1.8.0_352-b08
2023-01-03 10:07:09,902 [Listener at 127.0.0.1/46801] INFO  server.session (DefaultSessionIdManager.java:doStart(334)) - DefaultSessionIdManager workerName=node0
2023-01-03 10:07:09,902 [Listener at 127.0.0.1/46801] INFO  server.session (DefaultSessionIdManager.java:doStart(339)) - No SessionScavenger set, using defaults
2023-01-03 10:07:09,902 [Listener at 127.0.0.1/46801] INFO  server.session (HouseKeeper.java:startScavenging(132)) - node0 Scavenging every 660000ms
2023-01-03 10:07:09,903 [Listener at 127.0.0.1/46801] INFO  handler.ContextHandler (ContextHandler.java:doStart(921)) - Started o.e.j.s.ServletContextHandler@64ec6d39{logs,/logs,file:///home/runner/work/ozone/ozone/hadoop-ozone/integration-test/target/log,AVAILABLE}
2023-01-03 10:07:09,903 [Listener at 127.0.0.1/46801] INFO  handler.ContextHandler (ContextHandler.java:doStart(921)) - Started o.e.j.s.ServletContextHandler@43014ee8{static,/static,jar:file:/home/runner/.m2/repository/org/apache/ozone/hdds-container-service/1.4.0-SNAPSHOT/hdds-container-service-1.4.0-SNAPSHOT.jar!/webapps/static,AVAILABLE}
2023-01-03 10:07:10,075 [Listener at 127.0.0.1/46801] INFO  handler.ContextHandler (ContextHandler.java:doStart(921)) - Started o.e.j.w.WebAppContext@5cee664b{hddsDatanode,/,file:///tmp/jetty-0_0_0_0-36739-hdds-container-service-1_4_0-SNAPSHOT_jar-_-any-5116564444051818706/webapp/,AVAILABLE}{jar:file:/home/runner/.m2/repository/org/apache/ozone/hdds-container-service/1.4.0-SNAPSHOT/hdds-container-service-1.4.0-SNAPSHOT.jar!/webapps/hddsDatanode}
2023-01-03 10:07:10,076 [Listener at 127.0.0.1/46801] INFO  server.AbstractConnector (AbstractConnector.java:doStart(333)) - Started ServerConnector@2afdab07{HTTP/1.1, (http/1.1)}{0.0.0.0:36739}
2023-01-03 10:07:10,076 [Listener at 127.0.0.1/46801] INFO  server.Server (Server.java:doStart(415)) - Started @70866ms
2023-01-03 10:07:10,076 [Listener at 127.0.0.1/46801] WARN  impl.MetricsSystemImpl (MetricsSystemImpl.java:register(279)) - Sink prometheus already exists!
2023-01-03 10:07:10,077 [Listener at 127.0.0.1/46801] INFO  http.BaseHttpServer (BaseHttpServer.java:updateConnectorAddress(333)) - HTTP server of hddsDatanode listening at http://0.0.0.0:36739
2023-01-03 10:07:10,077 [Listener at 127.0.0.1/46801] INFO  ozone.MiniOzoneClusterImpl (MiniOzoneClusterImpl.java:lambda$waitForClusterToBeReady$0(217)) - Waiting for nodes to be ready. Got 0 of 5 DN Heartbeats.
2023-01-03 10:07:10,077 [Listener at 127.0.0.1/46801] INFO  ozone.MiniOzoneClusterImpl (MiniOzoneClusterImpl.java:lambda$waitForClusterToBeReady$0(220)) - Waiting for cluster to exit safe mode
2023-01-03 10:07:10,077 [Listener at 127.0.0.1/46801] INFO  ozone.MiniOzoneClusterImpl (MiniOzoneClusterImpl.java:lambda$waitForClusterToBeReady$0(222)) - SCM became leader
2023-01-03 10:07:10,078 [Datanode State Machine Daemon Thread] INFO  statemachine.DatanodeStateMachine (DatanodeStateMachine.java:lambda$startDaemon$0(508)) - Ozone container server started.
2023-01-03 10:07:10,081 [org.apache.hadoop.util.JvmPauseMonitor$Monitor@49a18cfd] INFO  util.JvmPauseMonitor (JvmPauseMonitor.java:run(188)) - Starting JVM pause monitor
2023-01-03 10:07:10,083 [Datanode State Machine Task Thread - 0] INFO  datanode.InitDatanodeState (InitDatanodeState.java:persistContainerDatanodeDetails(138)) - DatanodeDetails is persisted to /home/runner/work/ozone/ozone/hadoop-ozone/integration-test/target/test-dir/MiniOzoneClusterImpl-9af64d9f-ce66-432d-b755-d0db545afb98/datanode-4/meta/datanode.id
2023-01-03 10:07:10,911 [EndpointStateMachine task thread for /0.0.0.0:43159 - 0 ] INFO  utils.DatanodeStoreCache (DatanodeStoreCache.java:addDB(58)) - Added db /home/runner/work/ozone/ozone/hadoop-ozone/integration-test/target/test-dir/MiniOzoneClusterImpl-9af64d9f-ce66-432d-b755-d0db545afb98/datanode-0/data-0/containers/hdds/9af64d9f-ce66-432d-b755-d0db545afb98/DS-6f5cb23a-9fd7-4c62-b8b8-b8a62ad68dae/container.db to cache
2023-01-03 10:07:10,911 [EndpointStateMachine task thread for /0.0.0.0:43159 - 0 ] INFO  volume.HddsVolume (HddsVolume.java:createDbStore(307)) - SchemaV3 db is created and loaded at /home/runner/work/ozone/ozone/hadoop-ozone/integration-test/target/test-dir/MiniOzoneClusterImpl-9af64d9f-ce66-432d-b755-d0db545afb98/datanode-0/data-0/containers/hdds/9af64d9f-ce66-432d-b755-d0db545afb98/DS-6f5cb23a-9fd7-4c62-b8b8-b8a62ad68dae/container.db for volume DS-6f5cb23a-9fd7-4c62-b8b8-b8a62ad68dae
2023-01-03 10:07:10,911 [EndpointStateMachine task thread for /0.0.0.0:43159 - 0 ] INFO  ozoneimpl.OzoneContainer (OzoneContainer.java:start(395)) - Attempting to start container services.
2023-01-03 10:07:10,911 [EndpointStateMachine task thread for /0.0.0.0:43159 - 0 ] INFO  ozoneimpl.OzoneContainer (OzoneContainer.java:startContainerScrub(312)) - Scheduled background container scanners and the on-demand container scanner have been disabled.
2023-01-03 10:07:10,913 [EndpointStateMachine task thread for /0.0.0.0:43159 - 0 ] INFO  replication.ReplicationServer (ReplicationServer.java:start(106)) - ReplicationServer is started using port 36621
2023-01-03 10:07:10,913 [EndpointStateMachine task thread for /0.0.0.0:43159 - 0 ] INFO  ratis.XceiverServerRatis (XceiverServerRatis.java:start(517)) - Starting XceiverServerRatis 5c8f94db-7806-4776-a4fa-2f4c620ca121
2023-01-03 10:07:10,914 [EndpointStateMachine task thread for /0.0.0.0:43159 - 0 ] INFO  server.RaftServer (RaftServerProxy.java:startImpl(393)) - 5c8f94db-7806-4776-a4fa-2f4c620ca121: start RPC server
2023-01-03 10:07:10,915 [EndpointStateMachine task thread for /0.0.0.0:43159 - 0 ] INFO  server.GrpcService (GrpcService.java:startImpl(262)) - 5c8f94db-7806-4776-a4fa-2f4c620ca121: GrpcService started, listening on 34413
2023-01-03 10:07:10,915 [EndpointStateMachine task thread for /0.0.0.0:43159 - 0 ] INFO  ratis.XceiverServerRatis (XceiverServerRatis.java:getRealPort(543)) - XceiverServerRatis 5c8f94db-7806-4776-a4fa-2f4c620ca121 is started using port 34413 for RATIS
2023-01-03 10:07:10,915 [EndpointStateMachine task thread for /0.0.0.0:43159 - 0 ] INFO  ratis.XceiverServerRatis (XceiverServerRatis.java:getRealPort(543)) - XceiverServerRatis 5c8f94db-7806-4776-a4fa-2f4c620ca121 is started using port 34413 for RATIS_ADMIN
2023-01-03 10:07:10,915 [JvmPauseMonitor6] INFO  util.JvmPauseMonitor (JvmPauseMonitor.java:run(105)) - JvmPauseMonitor-5c8f94db-7806-4776-a4fa-2f4c620ca121: Started
2023-01-03 10:07:10,915 [EndpointStateMachine task thread for /0.0.0.0:43159 - 0 ] INFO  ratis.XceiverServerRatis (XceiverServerRatis.java:getRealPort(543)) - XceiverServerRatis 5c8f94db-7806-4776-a4fa-2f4c620ca121 is started using port 34413 for RATIS_SERVER
2023-01-03 10:07:10,917 [EndpointStateMachine task thread for /0.0.0.0:43159 - 0 ] INFO  ratis.XceiverServerRatis (XceiverServerRatis.java:getRealPort(543)) - XceiverServerRatis 5c8f94db-7806-4776-a4fa-2f4c620ca121 is started using port 42515 for RATIS_DATASTREAM
2023-01-03 10:07:10,919 [EndpointStateMachine task thread for /0.0.0.0:43159 - 0 ] INFO  server.XceiverServerGrpc (XceiverServerGrpc.java:start(180)) - XceiverServerGrpc 5c8f94db-7806-4776-a4fa-2f4c620ca121 is started using port 36307
2023-01-03 10:07:11,077 [Listener at 127.0.0.1/46801] INFO  ozone.MiniOzoneClusterImpl (MiniOzoneClusterImpl.java:lambda$waitForClusterToBeReady$0(217)) - Waiting for nodes to be ready. Got 0 of 5 DN Heartbeats.
2023-01-03 10:07:11,078 [Listener at 127.0.0.1/46801] INFO  ozone.MiniOzoneClusterImpl (MiniOzoneClusterImpl.java:lambda$waitForClusterToBeReady$0(220)) - Waiting for cluster to exit safe mode
2023-01-03 10:07:11,078 [Listener at 127.0.0.1/46801] INFO  ozone.MiniOzoneClusterImpl (MiniOzoneClusterImpl.java:lambda$waitForClusterToBeReady$0(222)) - SCM became leader
2023-01-03 10:07:11,219 [EndpointStateMachine task thread for /0.0.0.0:43159 - 0 ] INFO  utils.DatanodeStoreCache (DatanodeStoreCache.java:addDB(58)) - Added db /home/runner/work/ozone/ozone/hadoop-ozone/integration-test/target/test-dir/MiniOzoneClusterImpl-9af64d9f-ce66-432d-b755-d0db545afb98/datanode-1/data-0/containers/hdds/9af64d9f-ce66-432d-b755-d0db545afb98/DS-9e8aa29b-8271-4702-80cb-1ea983b61932/container.db to cache
2023-01-03 10:07:11,220 [EndpointStateMachine task thread for /0.0.0.0:43159 - 0 ] INFO  volume.HddsVolume (HddsVolume.java:createDbStore(307)) - SchemaV3 db is created and loaded at /home/runner/work/ozone/ozone/hadoop-ozone/integration-test/target/test-dir/MiniOzoneClusterImpl-9af64d9f-ce66-432d-b755-d0db545afb98/datanode-1/data-0/containers/hdds/9af64d9f-ce66-432d-b755-d0db545afb98/DS-9e8aa29b-8271-4702-80cb-1ea983b61932/container.db for volume DS-9e8aa29b-8271-4702-80cb-1ea983b61932
2023-01-03 10:07:11,221 [EndpointStateMachine task thread for /0.0.0.0:43159 - 0 ] INFO  ozoneimpl.OzoneContainer (OzoneContainer.java:start(395)) - Attempting to start container services.
2023-01-03 10:07:11,221 [EndpointStateMachine task thread for /0.0.0.0:43159 - 0 ] INFO  ozoneimpl.OzoneContainer (OzoneContainer.java:startContainerScrub(312)) - Scheduled background container scanners and the on-demand container scanner have been disabled.
2023-01-03 10:07:11,224 [EndpointStateMachine task thread for /0.0.0.0:43159 - 0 ] INFO  replication.ReplicationServer (ReplicationServer.java:start(106)) - ReplicationServer is started using port 40711
2023-01-03 10:07:11,225 [EndpointStateMachine task thread for /0.0.0.0:43159 - 0 ] INFO  ratis.XceiverServerRatis (XceiverServerRatis.java:start(517)) - Starting XceiverServerRatis ad81db47-82b5-4afb-987d-b3e16962a519
2023-01-03 10:07:11,227 [EndpointStateMachine task thread for /0.0.0.0:43159 - 0 ] INFO  server.RaftServer (RaftServerProxy.java:startImpl(393)) - ad81db47-82b5-4afb-987d-b3e16962a519: start RPC server
2023-01-03 10:07:11,229 [EndpointStateMachine task thread for /0.0.0.0:43159 - 0 ] INFO  server.GrpcService (GrpcService.java:startImpl(262)) - ad81db47-82b5-4afb-987d-b3e16962a519: GrpcService started, listening on 42981
2023-01-03 10:07:11,229 [EndpointStateMachine task thread for /0.0.0.0:43159 - 0 ] INFO  ratis.XceiverServerRatis (XceiverServerRatis.java:getRealPort(543)) - XceiverServerRatis ad81db47-82b5-4afb-987d-b3e16962a519 is started using port 42981 for RATIS
2023-01-03 10:07:11,229 [EndpointStateMachine task thread for /0.0.0.0:43159 - 0 ] INFO  ratis.XceiverServerRatis (XceiverServerRatis.java:getRealPort(543)) - XceiverServerRatis ad81db47-82b5-4afb-987d-b3e16962a519 is started using port 42981 for RATIS_ADMIN
2023-01-03 10:07:11,229 [EndpointStateMachine task thread for /0.0.0.0:43159 - 0 ] INFO  ratis.XceiverServerRatis (XceiverServerRatis.java:getRealPort(543)) - XceiverServerRatis ad81db47-82b5-4afb-987d-b3e16962a519 is started using port 42981 for RATIS_SERVER
2023-01-03 10:07:11,229 [EndpointStateMachine task thread for /0.0.0.0:43159 - 0 ] INFO  ratis.XceiverServerRatis (XceiverServerRatis.java:getRealPort(543)) - XceiverServerRatis ad81db47-82b5-4afb-987d-b3e16962a519 is started using port 39737 for RATIS_DATASTREAM
2023-01-03 10:07:11,229 [JvmPauseMonitor7] INFO  util.JvmPauseMonitor (JvmPauseMonitor.java:run(105)) - JvmPauseMonitor-ad81db47-82b5-4afb-987d-b3e16962a519: Started
2023-01-03 10:07:11,234 [EndpointStateMachine task thread for /0.0.0.0:43159 - 0 ] INFO  server.XceiverServerGrpc (XceiverServerGrpc.java:start(180)) - XceiverServerGrpc ad81db47-82b5-4afb-987d-b3e16962a519 is started using port 33553
2023-01-03 10:07:11,521 [EndpointStateMachine task thread for /0.0.0.0:43159 - 0 ] INFO  utils.DatanodeStoreCache (DatanodeStoreCache.java:addDB(58)) - Added db /home/runner/work/ozone/ozone/hadoop-ozone/integration-test/target/test-dir/MiniOzoneClusterImpl-9af64d9f-ce66-432d-b755-d0db545afb98/datanode-2/data-0/containers/hdds/9af64d9f-ce66-432d-b755-d0db545afb98/DS-3ce570fa-a82c-4788-a049-d51d0b526b52/container.db to cache
2023-01-03 10:07:11,521 [EndpointStateMachine task thread for /0.0.0.0:43159 - 0 ] INFO  volume.HddsVolume (HddsVolume.java:createDbStore(307)) - SchemaV3 db is created and loaded at /home/runner/work/ozone/ozone/hadoop-ozone/integration-test/target/test-dir/MiniOzoneClusterImpl-9af64d9f-ce66-432d-b755-d0db545afb98/datanode-2/data-0/containers/hdds/9af64d9f-ce66-432d-b755-d0db545afb98/DS-3ce570fa-a82c-4788-a049-d51d0b526b52/container.db for volume DS-3ce570fa-a82c-4788-a049-d51d0b526b52
2023-01-03 10:07:11,521 [EndpointStateMachine task thread for /0.0.0.0:43159 - 0 ] INFO  ozoneimpl.OzoneContainer (OzoneContainer.java:start(395)) - Attempting to start container services.
2023-01-03 10:07:11,521 [EndpointStateMachine task thread for /0.0.0.0:43159 - 0 ] INFO  ozoneimpl.OzoneContainer (OzoneContainer.java:startContainerScrub(312)) - Scheduled background container scanners and the on-demand container scanner have been disabled.
2023-01-03 10:07:11,529 [EndpointStateMachine task thread for /0.0.0.0:43159 - 0 ] INFO  replication.ReplicationServer (ReplicationServer.java:start(106)) - ReplicationServer is started using port 34129
2023-01-03 10:07:11,530 [EndpointStateMachine task thread for /0.0.0.0:43159 - 0 ] INFO  ratis.XceiverServerRatis (XceiverServerRatis.java:start(517)) - Starting XceiverServerRatis 2c63000f-a9ba-4116-8021-1fc7d553c7a4
2023-01-03 10:07:11,531 [EndpointStateMachine task thread for /0.0.0.0:43159 - 0 ] INFO  server.RaftServer (RaftServerProxy.java:startImpl(393)) - 2c63000f-a9ba-4116-8021-1fc7d553c7a4: start RPC server
2023-01-03 10:07:11,533 [EndpointStateMachine task thread for /0.0.0.0:43159 - 0 ] INFO  server.GrpcService (GrpcService.java:startImpl(262)) - 2c63000f-a9ba-4116-8021-1fc7d553c7a4: GrpcService started, listening on 44077
2023-01-03 10:07:11,534 [EndpointStateMachine task thread for /0.0.0.0:43159 - 0 ] INFO  ratis.XceiverServerRatis (XceiverServerRatis.java:getRealPort(543)) - XceiverServerRatis 2c63000f-a9ba-4116-8021-1fc7d553c7a4 is started using port 44077 for RATIS
2023-01-03 10:07:11,534 [JvmPauseMonitor8] INFO  util.JvmPauseMonitor (JvmPauseMonitor.java:run(105)) - JvmPauseMonitor-2c63000f-a9ba-4116-8021-1fc7d553c7a4: Started
2023-01-03 10:07:11,534 [EndpointStateMachine task thread for /0.0.0.0:43159 - 0 ] INFO  ratis.XceiverServerRatis (XceiverServerRatis.java:getRealPort(543)) - XceiverServerRatis 2c63000f-a9ba-4116-8021-1fc7d553c7a4 is started using port 44077 for RATIS_ADMIN
2023-01-03 10:07:11,534 [EndpointStateMachine task thread for /0.0.0.0:43159 - 0 ] INFO  ratis.XceiverServerRatis (XceiverServerRatis.java:getRealPort(543)) - XceiverServerRatis 2c63000f-a9ba-4116-8021-1fc7d553c7a4 is started using port 44077 for RATIS_SERVER
2023-01-03 10:07:11,534 [EndpointStateMachine task thread for /0.0.0.0:43159 - 0 ] INFO  ratis.XceiverServerRatis (XceiverServerRatis.java:getRealPort(543)) - XceiverServerRatis 2c63000f-a9ba-4116-8021-1fc7d553c7a4 is started using port 33143 for RATIS_DATASTREAM
2023-01-03 10:07:11,536 [EndpointStateMachine task thread for /0.0.0.0:43159 - 0 ] INFO  server.XceiverServerGrpc (XceiverServerGrpc.java:start(180)) - XceiverServerGrpc 2c63000f-a9ba-4116-8021-1fc7d553c7a4 is started using port 44913
2023-01-03 10:07:11,815 [EndpointStateMachine task thread for /0.0.0.0:43159 - 0 ] INFO  utils.DatanodeStoreCache (DatanodeStoreCache.java:addDB(58)) - Added db /home/runner/work/ozone/ozone/hadoop-ozone/integration-test/target/test-dir/MiniOzoneClusterImpl-9af64d9f-ce66-432d-b755-d0db545afb98/datanode-3/data-0/containers/hdds/9af64d9f-ce66-432d-b755-d0db545afb98/DS-23c0cb4e-40c5-4a5b-aadf-c5cb8ff4d83f/container.db to cache
2023-01-03 10:07:11,815 [EndpointStateMachine task thread for /0.0.0.0:43159 - 0 ] INFO  volume.HddsVolume (HddsVolume.java:createDbStore(307)) - SchemaV3 db is created and loaded at /home/runner/work/ozone/ozone/hadoop-ozone/integration-test/target/test-dir/MiniOzoneClusterImpl-9af64d9f-ce66-432d-b755-d0db545afb98/datanode-3/data-0/containers/hdds/9af64d9f-ce66-432d-b755-d0db545afb98/DS-23c0cb4e-40c5-4a5b-aadf-c5cb8ff4d83f/container.db for volume DS-23c0cb4e-40c5-4a5b-aadf-c5cb8ff4d83f
2023-01-03 10:07:11,815 [EndpointStateMachine task thread for /0.0.0.0:43159 - 0 ] INFO  ozoneimpl.OzoneContainer (OzoneContainer.java:start(395)) - Attempting to start container services.
2023-01-03 10:07:11,815 [EndpointStateMachine task thread for /0.0.0.0:43159 - 0 ] INFO  ozoneimpl.OzoneContainer (OzoneContainer.java:startContainerScrub(312)) - Scheduled background container scanners and the on-demand container scanner have been disabled.
2023-01-03 10:07:11,818 [EndpointStateMachine task thread for /0.0.0.0:43159 - 0 ] INFO  replication.ReplicationServer (ReplicationServer.java:start(106)) - ReplicationServer is started using port 45803
2023-01-03 10:07:11,818 [EndpointStateMachine task thread for /0.0.0.0:43159 - 0 ] INFO  ratis.XceiverServerRatis (XceiverServerRatis.java:start(517)) - Starting XceiverServerRatis 01844fa3-4991-4a9b-b3ea-c862c2ab2093
2023-01-03 10:07:11,819 [EndpointStateMachine task thread for /0.0.0.0:43159 - 0 ] INFO  server.RaftServer (RaftServerProxy.java:startImpl(393)) - 01844fa3-4991-4a9b-b3ea-c862c2ab2093: start RPC server
2023-01-03 10:07:11,822 [EndpointStateMachine task thread for /0.0.0.0:43159 - 0 ] INFO  server.GrpcService (GrpcService.java:startImpl(262)) - 01844fa3-4991-4a9b-b3ea-c862c2ab2093: GrpcService started, listening on 37787
2023-01-03 10:07:11,822 [EndpointStateMachine task thread for /0.0.0.0:43159 - 0 ] INFO  ratis.XceiverServerRatis (XceiverServerRatis.java:getRealPort(543)) - XceiverServerRatis 01844fa3-4991-4a9b-b3ea-c862c2ab2093 is started using port 37787 for RATIS
2023-01-03 10:07:11,822 [EndpointStateMachine task thread for /0.0.0.0:43159 - 0 ] INFO  ratis.XceiverServerRatis (XceiverServerRatis.java:getRealPort(543)) - XceiverServerRatis 01844fa3-4991-4a9b-b3ea-c862c2ab2093 is started using port 37787 for RATIS_ADMIN
2023-01-03 10:07:11,822 [EndpointStateMachine task thread for /0.0.0.0:43159 - 0 ] INFO  ratis.XceiverServerRatis (XceiverServerRatis.java:getRealPort(543)) - XceiverServerRatis 01844fa3-4991-4a9b-b3ea-c862c2ab2093 is started using port 37787 for RATIS_SERVER
2023-01-03 10:07:11,822 [EndpointStateMachine task thread for /0.0.0.0:43159 - 0 ] INFO  ratis.XceiverServerRatis (XceiverServerRatis.java:getRealPort(543)) - XceiverServerRatis 01844fa3-4991-4a9b-b3ea-c862c2ab2093 is started using port 37099 for RATIS_DATASTREAM
2023-01-03 10:07:11,822 [JvmPauseMonitor9] INFO  util.JvmPauseMonitor (JvmPauseMonitor.java:run(105)) - JvmPauseMonitor-01844fa3-4991-4a9b-b3ea-c862c2ab2093: Started
2023-01-03 10:07:11,826 [EndpointStateMachine task thread for /0.0.0.0:43159 - 0 ] INFO  server.XceiverServerGrpc (XceiverServerGrpc.java:start(180)) - XceiverServerGrpc 01844fa3-4991-4a9b-b3ea-c862c2ab2093 is started using port 41089
2023-01-03 10:07:12,078 [Listener at 127.0.0.1/46801] INFO  ozone.MiniOzoneClusterImpl (MiniOzoneClusterImpl.java:lambda$waitForClusterToBeReady$0(217)) - Waiting for nodes to be ready. Got 0 of 5 DN Heartbeats.
2023-01-03 10:07:12,078 [Listener at 127.0.0.1/46801] INFO  ozone.MiniOzoneClusterImpl (MiniOzoneClusterImpl.java:lambda$waitForClusterToBeReady$0(220)) - Waiting for cluster to exit safe mode
2023-01-03 10:07:12,078 [Listener at 127.0.0.1/46801] INFO  ozone.MiniOzoneClusterImpl (MiniOzoneClusterImpl.java:lambda$waitForClusterToBeReady$0(222)) - SCM became leader
2023-01-03 10:07:12,104 [EndpointStateMachine task thread for /0.0.0.0:43159 - 0 ] INFO  utils.DatanodeStoreCache (DatanodeStoreCache.java:addDB(58)) - Added db /home/runner/work/ozone/ozone/hadoop-ozone/integration-test/target/test-dir/MiniOzoneClusterImpl-9af64d9f-ce66-432d-b755-d0db545afb98/datanode-4/data-0/containers/hdds/9af64d9f-ce66-432d-b755-d0db545afb98/DS-c75ea332-400c-4bb7-b1d8-c75376acc0c9/container.db to cache
2023-01-03 10:07:12,104 [EndpointStateMachine task thread for /0.0.0.0:43159 - 0 ] INFO  volume.HddsVolume (HddsVolume.java:createDbStore(307)) - SchemaV3 db is created and loaded at /home/runner/work/ozone/ozone/hadoop-ozone/integration-test/target/test-dir/MiniOzoneClusterImpl-9af64d9f-ce66-432d-b755-d0db545afb98/datanode-4/data-0/containers/hdds/9af64d9f-ce66-432d-b755-d0db545afb98/DS-c75ea332-400c-4bb7-b1d8-c75376acc0c9/container.db for volume DS-c75ea332-400c-4bb7-b1d8-c75376acc0c9
2023-01-03 10:07:12,104 [EndpointStateMachine task thread for /0.0.0.0:43159 - 0 ] INFO  ozoneimpl.OzoneContainer (OzoneContainer.java:start(395)) - Attempting to start container services.
2023-01-03 10:07:12,104 [EndpointStateMachine task thread for /0.0.0.0:43159 - 0 ] INFO  ozoneimpl.OzoneContainer (OzoneContainer.java:startContainerScrub(312)) - Scheduled background container scanners and the on-demand container scanner have been disabled.
2023-01-03 10:07:12,106 [EndpointStateMachine task thread for /0.0.0.0:43159 - 0 ] INFO  replication.ReplicationServer (ReplicationServer.java:start(106)) - ReplicationServer is started using port 43947
2023-01-03 10:07:12,107 [EndpointStateMachine task thread for /0.0.0.0:43159 - 0 ] INFO  ratis.XceiverServerRatis (XceiverServerRatis.java:start(517)) - Starting XceiverServerRatis cf16c65b-18c5-4246-b401-9967cdd5b427
2023-01-03 10:07:12,107 [EndpointStateMachine task thread for /0.0.0.0:43159 - 0 ] INFO  server.RaftServer (RaftServerProxy.java:startImpl(393)) - cf16c65b-18c5-4246-b401-9967cdd5b427: start RPC server
2023-01-03 10:07:12,109 [EndpointStateMachine task thread for /0.0.0.0:43159 - 0 ] INFO  server.GrpcService (GrpcService.java:startImpl(262)) - cf16c65b-18c5-4246-b401-9967cdd5b427: GrpcService started, listening on 45509
2023-01-03 10:07:12,109 [EndpointStateMachine task thread for /0.0.0.0:43159 - 0 ] INFO  ratis.XceiverServerRatis (XceiverServerRatis.java:getRealPort(543)) - XceiverServerRatis cf16c65b-18c5-4246-b401-9967cdd5b427 is started using port 45509 for RATIS
2023-01-03 10:07:12,109 [EndpointStateMachine task thread for /0.0.0.0:43159 - 0 ] INFO  ratis.XceiverServerRatis (XceiverServerRatis.java:getRealPort(543)) - XceiverServerRatis cf16c65b-18c5-4246-b401-9967cdd5b427 is started using port 45509 for RATIS_ADMIN
2023-01-03 10:07:12,109 [JvmPauseMonitor10] INFO  util.JvmPauseMonitor (JvmPauseMonitor.java:run(105)) - JvmPauseMonitor-cf16c65b-18c5-4246-b401-9967cdd5b427: Started
2023-01-03 10:07:12,109 [EndpointStateMachine task thread for /0.0.0.0:43159 - 0 ] INFO  ratis.XceiverServerRatis (XceiverServerRatis.java:getRealPort(543)) - XceiverServerRatis cf16c65b-18c5-4246-b401-9967cdd5b427 is started using port 45509 for RATIS_SERVER
2023-01-03 10:07:12,109 [EndpointStateMachine task thread for /0.0.0.0:43159 - 0 ] INFO  ratis.XceiverServerRatis (XceiverServerRatis.java:getRealPort(543)) - XceiverServerRatis cf16c65b-18c5-4246-b401-9967cdd5b427 is started using port 37175 for RATIS_DATASTREAM
2023-01-03 10:07:12,112 [EndpointStateMachine task thread for /0.0.0.0:43159 - 0 ] INFO  server.XceiverServerGrpc (XceiverServerGrpc.java:start(180)) - XceiverServerGrpc cf16c65b-18c5-4246-b401-9967cdd5b427 is started using port 35843
2023-01-03 10:07:12,885 [IPC Server handler 1 on default port 43159] INFO  net.NetworkTopologyImpl (NetworkTopologyImpl.java:add(112)) - Added a new node: /default-rack/5c8f94db-7806-4776-a4fa-2f4c620ca121
2023-01-03 10:07:12,885 [IPC Server handler 1 on default port 43159] INFO  node.SCMNodeManager (SCMNodeManager.java:register(397)) - Registered Data node : 5c8f94db-7806-4776-a4fa-2f4c620ca121{ip: 10.1.0.13, host: fv-az292-374.tqgtyn10aqxuxoi0mkfbldi5vh.jx.internal.cloudapp.net, ports: [REPLICATION=36621, RATIS=34413, RATIS_ADMIN=34413, RATIS_SERVER=34413, RATIS_DATASTREAM=42515, STANDALONE=36307], networkLocation: /default-rack, certSerialId: null, persistedOpState: null, persistedOpStateExpiryEpochSec: 0}
2023-01-03 10:07:12,890 [EventQueue-NodeRegistrationContainerReportForDataNodeSafeModeRule] INFO  safemode.SCMSafeModeManager (DataNodeSafeModeRule.java:process(71)) - SCM in safe mode. 1 DataNodes registered, 3 required.
2023-01-03 10:07:12,890 [EventQueue-NodeRegistrationContainerReportForContainerSafeModeRule] INFO  safemode.SCMSafeModeManager (SCMSafeModeManager.java:validateSafeModeExitRules(200)) - ContainerSafeModeRule rule is successfully validated
2023-01-03 10:07:12,893 [EventQueue-NewNodeForNewNodeHandler] INFO  pipeline.BackgroundPipelineCreator (BackgroundPipelineCreator.java:notifyEventTriggered(276)) - trigger a one-shot run on RatisPipelineUtilsThread.
2023-01-03 10:07:12,893 [EventQueue-PipelineReportForOneReplicaPipelineSafeModeRule] INFO  safemode.SCMSafeModeManager (SCMSafeModeManager.java:validateSafeModeExitRules(200)) - AtleastOneDatanodeReportedRule rule is successfully validated
2023-01-03 10:07:12,893 [RatisPipelineUtilsThread - 0] INFO  pipeline.RatisPipelineProvider (RatisPipelineProvider.java:lambda$create$0(206)) - Sending CreatePipelineCommand for pipeline:PipelineID=425b7d9f-0069-4e21-9381-033d886b482f to datanode:5c8f94db-7806-4776-a4fa-2f4c620ca121
2023-01-03 10:07:12,894 [RatisPipelineUtilsThread - 0] INFO  pipeline.PipelineStateManagerImpl (PipelineStateManagerImpl.java:addPipeline(103)) - Created pipeline Pipeline[ Id: 425b7d9f-0069-4e21-9381-033d886b482f, Nodes: 5c8f94db-7806-4776-a4fa-2f4c620ca121{ip: 10.1.0.13, host: fv-az292-374.tqgtyn10aqxuxoi0mkfbldi5vh.jx.internal.cloudapp.net, ports: [REPLICATION=36621, RATIS=34413, RATIS_ADMIN=34413, RATIS_SERVER=34413, RATIS_DATASTREAM=42515, STANDALONE=36307], networkLocation: /default-rack, certSerialId: null, persistedOpState: IN_SERVICE, persistedOpStateExpiryEpochSec: 0}, ReplicationConfig: RATIS/ONE, State:ALLOCATED, leaderId:, CreationTimestamp2023-01-03T10:07:12.893Z[Etc/UTC]].
2023-01-03 10:07:13,078 [Listener at 127.0.0.1/46801] INFO  ozone.MiniOzoneClusterImpl (MiniOzoneClusterImpl.java:lambda$waitForClusterToBeReady$0(217)) - Waiting for nodes to be ready. Got 1 of 5 DN Heartbeats.
2023-01-03 10:07:13,079 [Listener at 127.0.0.1/46801] INFO  ozone.MiniOzoneClusterImpl (MiniOzoneClusterImpl.java:lambda$waitForClusterToBeReady$0(220)) - Waiting for cluster to exit safe mode
2023-01-03 10:07:13,079 [Listener at 127.0.0.1/46801] INFO  ozone.MiniOzoneClusterImpl (MiniOzoneClusterImpl.java:lambda$waitForClusterToBeReady$0(222)) - SCM became leader
2023-01-03 10:07:13,198 [IPC Server handler 2 on default port 43159] INFO  net.NetworkTopologyImpl (NetworkTopologyImpl.java:add(112)) - Added a new node: /default-rack/ad81db47-82b5-4afb-987d-b3e16962a519
2023-01-03 10:07:13,198 [IPC Server handler 2 on default port 43159] INFO  node.SCMNodeManager (SCMNodeManager.java:register(397)) - Registered Data node : ad81db47-82b5-4afb-987d-b3e16962a519{ip: 10.1.0.13, host: fv-az292-374.tqgtyn10aqxuxoi0mkfbldi5vh.jx.internal.cloudapp.net, ports: [REPLICATION=40711, RATIS=42981, RATIS_ADMIN=42981, RATIS_SERVER=42981, RATIS_DATASTREAM=39737, STANDALONE=33553], networkLocation: /default-rack, certSerialId: null, persistedOpState: null, persistedOpStateExpiryEpochSec: 0}
2023-01-03 10:07:13,199 [EventQueue-NodeRegistrationContainerReportForDataNodeSafeModeRule] INFO  safemode.SCMSafeModeManager (DataNodeSafeModeRule.java:process(71)) - SCM in safe mode. 2 DataNodes registered, 3 required.
2023-01-03 10:07:13,199 [EventQueue-NewNodeForNewNodeHandler] INFO  pipeline.BackgroundPipelineCreator (BackgroundPipelineCreator.java:notifyEventTriggered(276)) - trigger a one-shot run on RatisPipelineUtilsThread.
2023-01-03 10:07:13,199 [RatisPipelineUtilsThread - 0] INFO  pipeline.RatisPipelineProvider (RatisPipelineProvider.java:lambda$create$0(206)) - Sending CreatePipelineCommand for pipeline:PipelineID=46826f56-f6be-4212-a21b-e3cc6e4d9fa3 to datanode:ad81db47-82b5-4afb-987d-b3e16962a519
2023-01-03 10:07:13,200 [RatisPipelineUtilsThread - 0] INFO  pipeline.PipelineStateManagerImpl (PipelineStateManagerImpl.java:addPipeline(103)) - Created pipeline Pipeline[ Id: 46826f56-f6be-4212-a21b-e3cc6e4d9fa3, Nodes: ad81db47-82b5-4afb-987d-b3e16962a519{ip: 10.1.0.13, host: fv-az292-374.tqgtyn10aqxuxoi0mkfbldi5vh.jx.internal.cloudapp.net, ports: [REPLICATION=40711, RATIS=42981, RATIS_ADMIN=42981, RATIS_SERVER=42981, RATIS_DATASTREAM=39737, STANDALONE=33553], networkLocation: /default-rack, certSerialId: null, persistedOpState: IN_SERVICE, persistedOpStateExpiryEpochSec: 0}, ReplicationConfig: RATIS/ONE, State:ALLOCATED, leaderId:, CreationTimestamp2023-01-03T10:07:13.199Z[Etc/UTC]].
2023-01-03 10:07:13,495 [IPC Server handler 3 on default port 43159] INFO  net.NetworkTopologyImpl (NetworkTopologyImpl.java:add(112)) - Added a new node: /default-rack/2c63000f-a9ba-4116-8021-1fc7d553c7a4
2023-01-03 10:07:13,496 [IPC Server handler 3 on default port 43159] INFO  node.SCMNodeManager (SCMNodeManager.java:register(397)) - Registered Data node : 2c63000f-a9ba-4116-8021-1fc7d553c7a4{ip: 10.1.0.13, host: fv-az292-374.tqgtyn10aqxuxoi0mkfbldi5vh.jx.internal.cloudapp.net, ports: [REPLICATION=34129, RATIS=44077, RATIS_ADMIN=44077, RATIS_SERVER=44077, RATIS_DATASTREAM=33143, STANDALONE=44913], networkLocation: /default-rack, certSerialId: null, persistedOpState: null, persistedOpStateExpiryEpochSec: 0}
2023-01-03 10:07:13,497 [EventQueue-NodeRegistrationContainerReportForDataNodeSafeModeRule] INFO  safemode.SCMSafeModeManager (DataNodeSafeModeRule.java:process(71)) - SCM in safe mode. 3 DataNodes registered, 3 required.
2023-01-03 10:07:13,497 [EventQueue-NodeRegistrationContainerReportForDataNodeSafeModeRule] INFO  safemode.SCMSafeModeManager (SCMSafeModeManager.java:validateSafeModeExitRules(200)) - DataNodeSafeModeRule rule is successfully validated
2023-01-03 10:07:13,497 [EventQueue-NodeRegistrationContainerReportForDataNodeSafeModeRule] INFO  safemode.SCMSafeModeManager (SCMSafeModeManager.java:completePreCheck(229)) - All SCM safe mode pre check rules have passed
2023-01-03 10:07:13,497 [EventQueue-NodeRegistrationContainerReportForDataNodeSafeModeRule] INFO  ha.SCMContext (SCMContext.java:updateSafeModeStatus(228)) - Update SafeModeStatus from SafeModeStatus{safeModeStatus=true, preCheckPassed=false} to SafeModeStatus{safeModeStatus=true, preCheckPassed=true}.
2023-01-03 10:07:13,497 [EventQueue-NodeRegistrationContainerReportForDataNodeSafeModeRule] INFO  pipeline.BackgroundPipelineCreator (BackgroundPipelineCreator.java:notifyEventTriggered(276)) - trigger a one-shot run on RatisPipelineUtilsThread.
2023-01-03 10:07:13,497 [RatisPipelineUtilsThread - 0] INFO  pipeline.RatisPipelineProvider (RatisPipelineProvider.java:lambda$create$0(206)) - Sending CreatePipelineCommand for pipeline:PipelineID=a2b58b80-0665-40e7-a28b-69fe862d97a4 to datanode:2c63000f-a9ba-4116-8021-1fc7d553c7a4
2023-01-03 10:07:13,498 [RatisPipelineUtilsThread - 0] INFO  pipeline.PipelineStateManagerImpl (PipelineStateManagerImpl.java:addPipeline(103)) - Created pipeline Pipeline[ Id: a2b58b80-0665-40e7-a28b-69fe862d97a4, Nodes: 2c63000f-a9ba-4116-8021-1fc7d553c7a4{ip: 10.1.0.13, host: fv-az292-374.tqgtyn10aqxuxoi0mkfbldi5vh.jx.internal.cloudapp.net, ports: [REPLICATION=34129, RATIS=44077, RATIS_ADMIN=44077, RATIS_SERVER=44077, RATIS_DATASTREAM=33143, STANDALONE=44913], networkLocation: /default-rack, certSerialId: null, persistedOpState: IN_SERVICE, persistedOpStateExpiryEpochSec: 0}, ReplicationConfig: RATIS/ONE, State:ALLOCATED, leaderId:, CreationTimestamp2023-01-03T10:07:13.497Z[Etc/UTC]].
2023-01-03 10:07:13,498 [EventQueue-NewNodeForNewNodeHandler] INFO  pipeline.BackgroundPipelineCreator (BackgroundPipelineCreator.java:notifyEventTriggered(276)) - trigger a one-shot run on RatisPipelineUtilsThread.
2023-01-03 10:07:13,498 [RatisPipelineUtilsThread - 0] INFO  pipeline.RatisPipelineProvider (RatisPipelineProvider.java:lambda$create$0(206)) - Sending CreatePipelineCommand for pipeline:PipelineID=45523f61-354c-4a86-9b7d-581c63ce7a5f to datanode:ad81db47-82b5-4afb-987d-b3e16962a519
2023-01-03 10:07:13,498 [RatisPipelineUtilsThread - 0] INFO  pipeline.RatisPipelineProvider (RatisPipelineProvider.java:lambda$create$0(206)) - Sending CreatePipelineCommand for pipeline:PipelineID=45523f61-354c-4a86-9b7d-581c63ce7a5f to datanode:2c63000f-a9ba-4116-8021-1fc7d553c7a4
2023-01-03 10:07:13,498 [RatisPipelineUtilsThread - 0] INFO  pipeline.RatisPipelineProvider (RatisPipelineProvider.java:lambda$create$0(206)) - Sending CreatePipelineCommand for pipeline:PipelineID=45523f61-354c-4a86-9b7d-581c63ce7a5f to datanode:5c8f94db-7806-4776-a4fa-2f4c620ca121
2023-01-03 10:07:13,499 [RatisPipelineUtilsThread - 0] INFO  pipeline.PipelineStateManagerImpl (PipelineStateManagerImpl.java:addPipeline(103)) - Created pipeline Pipeline[ Id: 45523f61-354c-4a86-9b7d-581c63ce7a5f, Nodes: ad81db47-82b5-4afb-987d-b3e16962a519{ip: 10.1.0.13, host: fv-az292-374.tqgtyn10aqxuxoi0mkfbldi5vh.jx.internal.cloudapp.net, ports: [REPLICATION=40711, RATIS=42981, RATIS_ADMIN=42981, RATIS_SERVER=42981, RATIS_DATASTREAM=39737, STANDALONE=33553], networkLocation: /default-rack, certSerialId: null, persistedOpState: IN_SERVICE, persistedOpStateExpiryEpochSec: 0}2c63000f-a9ba-4116-8021-1fc7d553c7a4{ip: 10.1.0.13, host: fv-az292-374.tqgtyn10aqxuxoi0mkfbldi5vh.jx.internal.cloudapp.net, ports: [REPLICATION=34129, RATIS=44077, RATIS_ADMIN=44077, RATIS_SERVER=44077, RATIS_DATASTREAM=33143, STANDALONE=44913], networkLocation: /default-rack, certSerialId: null, persistedOpState: IN_SERVICE, persistedOpStateExpiryEpochSec: 0}5c8f94db-7806-4776-a4fa-2f4c620ca121{ip: 10.1.0.13, host: fv-az292-374.tqgtyn10aqxuxoi0mkfbldi5vh.jx.internal.cloudapp.net, ports: [REPLICATION=36621, RATIS=34413, RATIS_ADMIN=34413, RATIS_SERVER=34413, RATIS_DATASTREAM=42515, STANDALONE=36307], networkLocation: /default-rack, certSerialId: null, persistedOpState: IN_SERVICE, persistedOpStateExpiryEpochSec: 0}, ReplicationConfig: RATIS/THREE, State:ALLOCATED, leaderId:, CreationTimestamp2023-01-03T10:07:13.498Z[Etc/UTC]].
2023-01-03 10:07:13,499 [RatisPipelineUtilsThread - 0] INFO  pipeline.RatisPipelineProvider (RatisPipelineProvider.java:lambda$create$0(206)) - Sending CreatePipelineCommand for pipeline:PipelineID=9b2fb099-69d4-424e-a0cb-86bf502abeed to datanode:ad81db47-82b5-4afb-987d-b3e16962a519
2023-01-03 10:07:13,499 [RatisPipelineUtilsThread - 0] INFO  pipeline.RatisPipelineProvider (RatisPipelineProvider.java:lambda$create$0(206)) - Sending CreatePipelineCommand for pipeline:PipelineID=9b2fb099-69d4-424e-a0cb-86bf502abeed to datanode:2c63000f-a9ba-4116-8021-1fc7d553c7a4
2023-01-03 10:07:13,499 [RatisPipelineUtilsThread - 0] INFO  pipeline.RatisPipelineProvider (RatisPipelineProvider.java:lambda$create$0(206)) - Sending CreatePipelineCommand for pipeline:PipelineID=9b2fb099-69d4-424e-a0cb-86bf502abeed to datanode:5c8f94db-7806-4776-a4fa-2f4c620ca121
2023-01-03 10:07:13,500 [RatisPipelineUtilsThread - 0] INFO  pipeline.PipelineStateManagerImpl (PipelineStateManagerImpl.java:addPipeline(103)) - Created pipeline Pipeline[ Id: 9b2fb099-69d4-424e-a0cb-86bf502abeed, Nodes: ad81db47-82b5-4afb-987d-b3e16962a519{ip: 10.1.0.13, host: fv-az292-374.tqgtyn10aqxuxoi0mkfbldi5vh.jx.internal.cloudapp.net, ports: [REPLICATION=40711, RATIS=42981, RATIS_ADMIN=42981, RATIS_SERVER=42981, RATIS_DATASTREAM=39737, STANDALONE=33553], networkLocation: /default-rack, certSerialId: null, persistedOpState: IN_SERVICE, persistedOpStateExpiryEpochSec: 0}2c63000f-a9ba-4116-8021-1fc7d553c7a4{ip: 10.1.0.13, host: fv-az292-374.tqgtyn10aqxuxoi0mkfbldi5vh.jx.internal.cloudapp.net, ports: [REPLICATION=34129, RATIS=44077, RATIS_ADMIN=44077, RATIS_SERVER=44077, RATIS_DATASTREAM=33143, STANDALONE=44913], networkLocation: /default-rack, certSerialId: null, persistedOpState: IN_SERVICE, persistedOpStateExpiryEpochSec: 0}5c8f94db-7806-4776-a4fa-2f4c620ca121{ip: 10.1.0.13, host: fv-az292-374.tqgtyn10aqxuxoi0mkfbldi5vh.jx.internal.cloudapp.net, ports: [REPLICATION=36621, RATIS=34413, RATIS_ADMIN=34413, RATIS_SERVER=34413, RATIS_DATASTREAM=42515, STANDALONE=36307], networkLocation: /default-rack, certSerialId: null, persistedOpState: IN_SERVICE, persistedOpStateExpiryEpochSec: 0}, ReplicationConfig: RATIS/THREE, State:ALLOCATED, leaderId:, CreationTimestamp2023-01-03T10:07:13.499Z[Etc/UTC]].
2023-01-03 10:07:13,500 [RatisPipelineUtilsThread - 0] INFO  pipeline.PipelineManagerImpl (PipelineManagerImpl.java:recordMetricsForPipeline(826)) - Pipeline: PipelineID=9b2fb099-69d4-424e-a0cb-86bf502abeed contains same datanodes as previous pipelines: PipelineID=45523f61-354c-4a86-9b7d-581c63ce7a5f nodeIds: ad81db47-82b5-4afb-987d-b3e16962a519, 2c63000f-a9ba-4116-8021-1fc7d553c7a4, 5c8f94db-7806-4776-a4fa-2f4c620ca121
2023-01-03 10:07:13,501 [RatisPipelineUtilsThread - 0] WARN  pipeline.PipelinePlacementPolicy (PipelinePlacementPolicy.java:filterViableNodes(158)) - Pipeline creation failed due to no sufficient healthy datanodes. Required 3. Found 0.
2023-01-03 10:07:13,501 [RatisPipelineUtilsThread - 0] WARN  pipeline.PipelinePlacementPolicy (PipelinePlacementPolicy.java:filterViableNodes(158)) - Pipeline creation failed due to no sufficient healthy datanodes. Required 3. Found 0.
2023-01-03 10:07:13,791 [IPC Server handler 0 on default port 43159] INFO  net.NetworkTopologyImpl (NetworkTopologyImpl.java:add(112)) - Added a new node: /default-rack/01844fa3-4991-4a9b-b3ea-c862c2ab2093
2023-01-03 10:07:13,791 [IPC Server handler 0 on default port 43159] INFO  node.SCMNodeManager (SCMNodeManager.java:register(397)) - Registered Data node : 01844fa3-4991-4a9b-b3ea-c862c2ab2093{ip: 10.1.0.13, host: fv-az292-374.tqgtyn10aqxuxoi0mkfbldi5vh.jx.internal.cloudapp.net, ports: [REPLICATION=45803, RATIS=37787, RATIS_ADMIN=37787, RATIS_SERVER=37787, RATIS_DATASTREAM=37099, STANDALONE=41089], networkLocation: /default-rack, certSerialId: null, persistedOpState: null, persistedOpStateExpiryEpochSec: 0}
2023-01-03 10:07:13,792 [EventQueue-NewNodeForNewNodeHandler] INFO  pipeline.BackgroundPipelineCreator (BackgroundPipelineCreator.java:notifyEventTriggered(276)) - trigger a one-shot run on RatisPipelineUtilsThread.
2023-01-03 10:07:13,793 [RatisPipelineUtilsThread - 0] INFO  pipeline.RatisPipelineProvider (RatisPipelineProvider.java:lambda$create$0(206)) - Sending CreatePipelineCommand for pipeline:PipelineID=a12f531f-3d69-4c99-ad12-d7fea6e778b7 to datanode:01844fa3-4991-4a9b-b3ea-c862c2ab2093
2023-01-03 10:07:13,793 [RatisPipelineUtilsThread - 0] INFO  pipeline.PipelineStateManagerImpl (PipelineStateManagerImpl.java:addPipeline(103)) - Created pipeline Pipeline[ Id: a12f531f-3d69-4c99-ad12-d7fea6e778b7, Nodes: 01844fa3-4991-4a9b-b3ea-c862c2ab2093{ip: 10.1.0.13, host: fv-az292-374.tqgtyn10aqxuxoi0mkfbldi5vh.jx.internal.cloudapp.net, ports: [REPLICATION=45803, RATIS=37787, RATIS_ADMIN=37787, RATIS_SERVER=37787, RATIS_DATASTREAM=37099, STANDALONE=41089], networkLocation: /default-rack, certSerialId: null, persistedOpState: IN_SERVICE, persistedOpStateExpiryEpochSec: 0}, ReplicationConfig: RATIS/ONE, State:ALLOCATED, leaderId:, CreationTimestamp2023-01-03T10:07:13.793Z[Etc/UTC]].
2023-01-03 10:07:13,794 [RatisPipelineUtilsThread - 0] WARN  pipeline.PipelinePlacementPolicy (PipelinePlacementPolicy.java:filterViableNodes(158)) - Pipeline creation failed due to no sufficient healthy datanodes. Required 3. Found 1.
2023-01-03 10:07:14,079 [Listener at 127.0.0.1/46801] INFO  ozone.MiniOzoneClusterImpl (MiniOzoneClusterImpl.java:lambda$waitForClusterToBeReady$0(217)) - Waiting for nodes to be ready. Got 4 of 5 DN Heartbeats.
2023-01-03 10:07:14,079 [Listener at 127.0.0.1/46801] INFO  ozone.MiniOzoneClusterImpl (MiniOzoneClusterImpl.java:lambda$waitForClusterToBeReady$0(220)) - Waiting for cluster to exit safe mode
2023-01-03 10:07:14,079 [Listener at 127.0.0.1/46801] INFO  ozone.MiniOzoneClusterImpl (MiniOzoneClusterImpl.java:lambda$waitForClusterToBeReady$0(222)) - SCM became leader
2023-01-03 10:07:14,082 [IPC Server handler 2 on default port 43159] INFO  net.NetworkTopologyImpl (NetworkTopologyImpl.java:add(112)) - Added a new node: /default-rack/cf16c65b-18c5-4246-b401-9967cdd5b427
2023-01-03 10:07:14,082 [IPC Server handler 2 on default port 43159] INFO  node.SCMNodeManager (SCMNodeManager.java:register(397)) - Registered Data node : cf16c65b-18c5-4246-b401-9967cdd5b427{ip: 10.1.0.13, host: fv-az292-374.tqgtyn10aqxuxoi0mkfbldi5vh.jx.internal.cloudapp.net, ports: [REPLICATION=43947, RATIS=45509, RATIS_ADMIN=45509, RATIS_SERVER=45509, RATIS_DATASTREAM=37175, STANDALONE=35843], networkLocation: /default-rack, certSerialId: null, persistedOpState: null, persistedOpStateExpiryEpochSec: 0}
2023-01-03 10:07:14,082 [EventQueue-NewNodeForNewNodeHandler] INFO  pipeline.BackgroundPipelineCreator (BackgroundPipelineCreator.java:notifyEventTriggered(276)) - trigger a one-shot run on RatisPipelineUtilsThread.
2023-01-03 10:07:14,083 [RatisPipelineUtilsThread - 0] INFO  pipeline.RatisPipelineProvider (RatisPipelineProvider.java:lambda$create$0(206)) - Sending CreatePipelineCommand for pipeline:PipelineID=1fe06da7-df87-412a-97d3-1ee77a0a3a49 to datanode:cf16c65b-18c5-4246-b401-9967cdd5b427
2023-01-03 10:07:14,083 [RatisPipelineUtilsThread - 0] INFO  pipeline.PipelineStateManagerImpl (PipelineStateManagerImpl.java:addPipeline(103)) - Created pipeline Pipeline[ Id: 1fe06da7-df87-412a-97d3-1ee77a0a3a49, Nodes: cf16c65b-18c5-4246-b401-9967cdd5b427{ip: 10.1.0.13, host: fv-az292-374.tqgtyn10aqxuxoi0mkfbldi5vh.jx.internal.cloudapp.net, ports: [REPLICATION=43947, RATIS=45509, RATIS_ADMIN=45509, RATIS_SERVER=45509, RATIS_DATASTREAM=37175, STANDALONE=35843], networkLocation: /default-rack, certSerialId: null, persistedOpState: IN_SERVICE, persistedOpStateExpiryEpochSec: 0}, ReplicationConfig: RATIS/ONE, State:ALLOCATED, leaderId:, CreationTimestamp2023-01-03T10:07:14.083Z[Etc/UTC]].
2023-01-03 10:07:14,083 [RatisPipelineUtilsThread - 0] WARN  pipeline.PipelinePlacementPolicy (PipelinePlacementPolicy.java:filterViableNodes(158)) - Pipeline creation failed due to no sufficient healthy datanodes. Required 3. Found 2.
2023-01-03 10:07:14,883 [EventQueue-CommandQueueReportForCommandQueueReportHandler] WARN  events.EventQueue (EventQueue.java:fireEvent(216)) - No event handler registered for event TypedEvent{payloadType=DatanodeDetails, name='Datanode_Command_Queue_Updated'}
2023-01-03 10:07:15,079 [Listener at 127.0.0.1/46801] INFO  ozone.MiniOzoneClusterImpl (MiniOzoneClusterImpl.java:lambda$waitForClusterToBeReady$0(217)) - Nodes are ready. Got 5 of 5 DN Heartbeats.
2023-01-03 10:07:15,080 [Listener at 127.0.0.1/46801] INFO  ozone.MiniOzoneClusterImpl (MiniOzoneClusterImpl.java:lambda$waitForClusterToBeReady$0(220)) - Waiting for cluster to exit safe mode
2023-01-03 10:07:15,080 [Listener at 127.0.0.1/46801] INFO  ozone.MiniOzoneClusterImpl (MiniOzoneClusterImpl.java:lambda$waitForClusterToBeReady$0(222)) - SCM became leader
2023-01-03 10:07:15,199 [EventQueue-CommandQueueReportForCommandQueueReportHandler] WARN  events.EventQueue (EventQueue.java:fireEvent(216)) - No event handler registered for event TypedEvent{payloadType=DatanodeDetails, name='Datanode_Command_Queue_Updated'}
2023-01-03 10:07:15,495 [EventQueue-CommandQueueReportForCommandQueueReportHandler] WARN  events.EventQueue (EventQueue.java:fireEvent(216)) - No event handler registered for event TypedEvent{payloadType=DatanodeDetails, name='Datanode_Command_Queue_Updated'}
2023-01-03 10:07:15,792 [EventQueue-CommandQueueReportForCommandQueueReportHandler] WARN  events.EventQueue (EventQueue.java:fireEvent(216)) - No event handler registered for event TypedEvent{payloadType=DatanodeDetails, name='Datanode_Command_Queue_Updated'}
2023-01-03 10:07:15,883 [Command processor thread] INFO  server.RaftServer (RaftServerProxy.java:addNew(96)) - 5c8f94db-7806-4776-a4fa-2f4c620ca121: addNew group-033D886B482F:[5c8f94db-7806-4776-a4fa-2f4c620ca121|rpc:10.1.0.13:34413|dataStream:10.1.0.13:42515|priority:1|startupRole:FOLLOWER] returns group-033D886B482F:java.util.concurrent.CompletableFuture@4a74e62[Not completed]
2023-01-03 10:07:15,884 [EventQueue-CommandQueueReportForCommandQueueReportHandler] WARN  events.EventQueue (EventQueue.java:fireEvent(216)) - No event handler registered for event TypedEvent{payloadType=DatanodeDetails, name='Datanode_Command_Queue_Updated'}
2023-01-03 10:07:15,886 [pool-276-thread-1] INFO  server.RaftServer$Division (RaftServerImpl.java:<init>(195)) - 5c8f94db-7806-4776-a4fa-2f4c620ca121: new RaftServerImpl for group-033D886B482F:[5c8f94db-7806-4776-a4fa-2f4c620ca121|rpc:10.1.0.13:34413|dataStream:10.1.0.13:42515|priority:1|startupRole:FOLLOWER] with ContainerStateMachine:uninitialized
2023-01-03 10:07:15,886 [pool-276-thread-1] INFO  server.RaftServerConfigKeys (ConfUtils.java:logGet(46)) - raft.server.rpc.timeout.min = 5s (custom)
2023-01-03 10:07:15,886 [pool-276-thread-1] INFO  server.RaftServerConfigKeys (ConfUtils.java:logGet(46)) - raft.server.rpc.timeout.max = 5200ms (custom)
2023-01-03 10:07:15,886 [pool-276-thread-1] INFO  server.RaftServerConfigKeys (ConfUtils.java:logGet(46)) - raft.server.rpc.sleep.time = 25ms (default)
2023-01-03 10:07:15,886 [pool-276-thread-1] INFO  server.RaftServerConfigKeys (ConfUtils.java:logGet(46)) - raft.server.rpc.slowness.timeout = 300s (custom)
2023-01-03 10:07:15,886 [pool-276-thread-1] INFO  server.RaftServerConfigKeys (ConfUtils.java:logGet(46)) - raft.server.leaderelection.leader.step-down.wait-time = 10s (default)
2023-01-03 10:07:15,886 [pool-276-thread-1] INFO  server.RaftServerConfigKeys (ConfUtils.java:logGet(46)) - raft.server.sleep.deviation.threshold = 300ms (default)
2023-01-03 10:07:15,886 [pool-276-thread-1] INFO  server.RaftServer$Division (ServerState.java:<init>(118)) - 5c8f94db-7806-4776-a4fa-2f4c620ca121@group-033D886B482F: ConfigurationManager, init=-1: peers:[5c8f94db-7806-4776-a4fa-2f4c620ca121|rpc:10.1.0.13:34413|dataStream:10.1.0.13:42515|priority:1|startupRole:FOLLOWER]|listeners:[], old=null, confs=<EMPTY_MAP>
2023-01-03 10:07:15,886 [pool-276-thread-1] INFO  server.RaftServerConfigKeys (ConfUtils.java:logGet(46)) - raft.server.storage.dir = [/home/runner/work/ozone/ozone/hadoop-ozone/integration-test/target/test-dir/MiniOzoneClusterImpl-9af64d9f-ce66-432d-b755-d0db545afb98/datanode-0/data/ratis] (custom)
2023-01-03 10:07:15,886 [pool-276-thread-1] INFO  server.RaftServerConfigKeys (ConfUtils.java:logGet(46)) - raft.server.log.corruption.policy = EXCEPTION (default)
2023-01-03 10:07:15,886 [pool-276-thread-1] INFO  server.RaftServerConfigKeys (ConfUtils.java:logGet(46)) - raft.server.storage.free-space.min = 0MB (=0) (default)
2023-01-03 10:07:15,886 [pool-276-thread-1] INFO  server.RaftServerConfigKeys (ConfUtils.java:logGet(46)) - raft.server.notification.no-leader.timeout = 300s (custom)
2023-01-03 10:07:15,886 [pool-276-thread-1] INFO  server.RaftServerConfigKeys (ConfUtils.java:logGet(46)) - raft.server.retrycache.expirytime = 600000ms (custom)
2023-01-03 10:07:15,886 [pool-276-thread-1] INFO  server.RaftServerConfigKeys (ConfUtils.java:logGet(46)) - raft.server.retrycache.statistics.expirytime = 100μs (default)
2023-01-03 10:07:15,887 [pool-276-thread-1] INFO  server.RaftServerConfigKeys (ConfUtils.java:logGet(46)) - raft.server.log.appender.install.snapshot.enabled = false (custom)
2023-01-03 10:07:15,887 [pool-276-thread-1] INFO  server.RaftServerConfigKeys (ConfUtils.java:logGet(46)) - raft.server.threadpool.server.cached = true (default)
2023-01-03 10:07:15,887 [pool-276-thread-1] INFO  server.RaftServerConfigKeys (ConfUtils.java:logGet(46)) - raft.server.threadpool.server.size = 0 (default)
2023-01-03 10:07:15,887 [pool-276-thread-1] INFO  server.RaftServerConfigKeys (ConfUtils.java:logGet(46)) - raft.server.threadpool.client.cached = true (default)
2023-01-03 10:07:15,887 [pool-276-thread-1] INFO  server.RaftServerConfigKeys (ConfUtils.java:logGet(46)) - raft.server.threadpool.client.size = 0 (default)
2023-01-03 10:07:15,888 [pool-276-thread-1] INFO  storage.RaftStorageDirectory (RaftStorageDirectoryImpl.java:analyzeStorage(137)) - The storage directory /home/runner/work/ozone/ozone/hadoop-ozone/integration-test/target/test-dir/MiniOzoneClusterImpl-9af64d9f-ce66-432d-b755-d0db545afb98/datanode-0/data/ratis/425b7d9f-0069-4e21-9381-033d886b482f does not exist. Creating ...
2023-01-03 10:07:15,889 [pool-276-thread-1] INFO  storage.RaftStorageDirectory (RaftStorageDirectoryImpl.java:tryLock(231)) - Lock on /home/runner/work/ozone/ozone/hadoop-ozone/integration-test/target/test-dir/MiniOzoneClusterImpl-9af64d9f-ce66-432d-b755-d0db545afb98/datanode-0/data/ratis/425b7d9f-0069-4e21-9381-033d886b482f/in_use.lock acquired by nodename 9440@fv-az292-374
2023-01-03 10:07:15,890 [pool-276-thread-1] INFO  storage.RaftStorage (RaftStorageImpl.java:format(96)) - Storage directory /home/runner/work/ozone/ozone/hadoop-ozone/integration-test/target/test-dir/MiniOzoneClusterImpl-9af64d9f-ce66-432d-b755-d0db545afb98/datanode-0/data/ratis/425b7d9f-0069-4e21-9381-033d886b482f has been successfully formatted.
2023-01-03 10:07:15,891 [pool-276-thread-1] INFO  ratis.ContainerStateMachine (ContainerStateMachine.java:loadSnapshot(240)) - group-033D886B482F: The snapshot info is null. Setting the last applied indexto:(t:0, i:~)
2023-01-03 10:07:15,893 [EventQueue-PipelineReportForPipelineReportHandler] INFO  pipeline.PipelineManagerImpl (PipelineManagerImpl.java:openPipeline(367)) - Pipeline Pipeline[ Id: 425b7d9f-0069-4e21-9381-033d886b482f, Nodes: 5c8f94db-7806-4776-a4fa-2f4c620ca121{ip: 10.1.0.13, host: fv-az292-374.tqgtyn10aqxuxoi0mkfbldi5vh.jx.internal.cloudapp.net, ports: [REPLICATION=36621, RATIS=34413, RATIS_ADMIN=34413, RATIS_SERVER=34413, RATIS_DATASTREAM=42515, STANDALONE=36307], networkLocation: /default-rack, certSerialId: null, persistedOpState: IN_SERVICE, persistedOpStateExpiryEpochSec: 0}, ReplicationConfig: RATIS/ONE, State:ALLOCATED, leaderId:5c8f94db-7806-4776-a4fa-2f4c620ca121, CreationTimestamp2023-01-03T10:07:12.893Z[Etc/UTC]] moved to OPEN state
2023-01-03 10:07:15,892 [EventQueue-CommandQueueReportForCommandQueueReportHandler] WARN  events.EventQueue (EventQueue.java:fireEvent(216)) - No event handler registered for event TypedEvent{payloadType=DatanodeDetails, name='Datanode_Command_Queue_Updated'}
2023-01-03 10:07:15,894 [pool-276-thread-1] INFO  server.RaftServerConfigKeys (ConfUtils.java:logGet(46)) - raft.server.log.use.memory = false (default)
2023-01-03 10:07:15,894 [EventQueue-OpenPipelineForHealthyPipelineSafeModeRule] INFO  safemode.SCMSafeModeManager (HealthyPipelineSafeModeRule.java:process(137)) - SCM in safe mode. Healthy pipelines reported count is 0, required healthy pipeline reported count is 1
2023-01-03 10:07:15,895 [pool-276-thread-1] INFO  server.RaftServerConfigKeys (ConfUtils.java:logGet(46)) - raft.server.log.purge.gap = 1000000 (custom)
2023-01-03 10:07:15,895 [pool-276-thread-1] INFO  server.RaftServerConfigKeys (ConfUtils.java:logGet(46)) - raft.server.log.appender.buffer.byte-limit = 33554432 (custom)
2023-01-03 10:07:15,895 [pool-276-thread-1] INFO  server.RaftServerConfigKeys (ConfUtils.java:logGet(46)) - raft.server.log.statemachine.data.read.timeout = 1000ms (default)
2023-01-03 10:07:15,895 [pool-276-thread-1] INFO  server.RaftServerConfigKeys (ConfUtils.java:logGet(46)) - raft.server.log.purge.preservation.log.num = 0 (default)
2023-01-03 10:07:15,895 [pool-276-thread-1] INFO  server.RaftServerConfigKeys (ConfUtils.java:logGet(46)) - raft.server.log.segment.size.max = 1048576 (custom)
2023-01-03 10:07:15,895 [pool-276-thread-1] INFO  server.RaftServerConfigKeys (ConfUtils.java:logGet(46)) - raft.server.log.segment.cache.num.max = 2 (custom)
2023-01-03 10:07:15,895 [pool-276-thread-1] INFO  server.RaftServerConfigKeys (ConfUtils.java:logGet(46)) - raft.server.log.segment.cache.size.max = 200MB (=209715200) (default)
2023-01-03 10:07:15,895 [pool-276-thread-1] INFO  segmented.SegmentedRaftLogWorker (SegmentedRaftLogWorker.java:<init>(189)) - new 5c8f94db-7806-4776-a4fa-2f4c620ca121@group-033D886B482F-SegmentedRaftLogWorker for RaftStorageImpl:Storage Directory /home/runner/work/ozone/ozone/hadoop-ozone/integration-test/target/test-dir/MiniOzoneClusterImpl-9af64d9f-ce66-432d-b755-d0db545afb98/datanode-0/data/ratis/425b7d9f-0069-4e21-9381-033d886b482f
2023-01-03 10:07:15,895 [pool-276-thread-1] INFO  server.RaftServerConfigKeys (ConfUtils.java:logGet(46)) - raft.server.log.queue.byte-limit = 4294967296 (custom)
2023-01-03 10:07:15,895 [pool-276-thread-1] INFO  server.RaftServerConfigKeys (ConfUtils.java:logGet(46)) - raft.server.log.queue.element-limit = 1024 (custom)
2023-01-03 10:07:15,895 [pool-276-thread-1] INFO  server.RaftServerConfigKeys (ConfUtils.java:logGet(46)) - raft.server.log.segment.size.max = 1048576 (custom)
2023-01-03 10:07:15,895 [pool-276-thread-1] INFO  server.RaftServerConfigKeys (ConfUtils.java:logGet(46)) - raft.server.log.preallocated.size = 16384 (custom)
2023-01-03 10:07:15,895 [pool-276-thread-1] INFO  server.RaftServerConfigKeys (ConfUtils.java:logGet(46)) - raft.server.log.force.sync.num = 128 (default)
2023-01-03 10:07:15,895 [pool-276-thread-1] INFO  server.RaftServerConfigKeys (ConfUtils.java:logGet(46)) - raft.server.log.statemachine.data.sync = true (default)
2023-01-03 10:07:15,896 [pool-276-thread-1] INFO  server.RaftServerConfigKeys (ConfUtils.java:logGet(46)) - raft.server.log.statemachine.data.sync.timeout = 10s (default)
2023-01-03 10:07:15,896 [pool-276-thread-1] INFO  server.RaftServerConfigKeys (ConfUtils.java:logGet(46)) - raft.server.log.statemachine.data.sync.timeout.retry = -1 (default)
2023-01-03 10:07:15,896 [pool-276-thread-1] INFO  server.RaftServerConfigKeys (ConfUtils.java:logGet(46)) - raft.server.log.write.buffer.size = 1048576 (custom)
2023-01-03 10:07:15,897 [pool-276-thread-1] INFO  server.RaftServerConfigKeys (ConfUtils.java:logGet(46)) - raft.server.log.appender.buffer.byte-limit = 33554432 (custom)
2023-01-03 10:07:15,899 [pool-276-thread-1] INFO  server.RaftServerConfigKeys (ConfUtils.java:logGet(46)) - raft.server.log.unsafe-flush.enabled = false (default)
2023-01-03 10:07:15,900 [pool-276-thread-1] INFO  server.RaftServerConfigKeys (ConfUtils.java:logGet(46)) - raft.server.log.async-flush.enabled = false (default)
2023-01-03 10:07:15,900 [pool-276-thread-1] INFO  server.RaftServerConfigKeys (ConfUtils.java:logGet(46)) - raft.server.log.statemachine.data.caching.enabled = true (custom)
2023-01-03 10:07:15,900 [pool-276-thread-1] INFO  segmented.SegmentedRaftLogWorker (SegmentedRaftLogWorker.java:lambda$new$0(135)) - 5c8f94db-7806-4776-a4fa-2f4c620ca121@group-033D886B482F-SegmentedRaftLogWorker: flushIndex: setUnconditionally 0 -> -1
2023-01-03 10:07:15,900 [pool-276-thread-1] INFO  segmented.SegmentedRaftLogWorker (SegmentedRaftLogWorker.java:lambda$new$0(135)) - 5c8f94db-7806-4776-a4fa-2f4c620ca121@group-033D886B482F-SegmentedRaftLogWorker: safeCacheEvictIndex: setUnconditionally 0 -> -1
2023-01-03 10:07:15,900 [pool-276-thread-1] INFO  server.RaftServer$Division (RaftServerImpl.java:start(334)) - 5c8f94db-7806-4776-a4fa-2f4c620ca121@group-033D886B482F: start as a follower, conf=-1: peers:[5c8f94db-7806-4776-a4fa-2f4c620ca121|rpc:10.1.0.13:34413|dataStream:10.1.0.13:42515|priority:1|startupRole:FOLLOWER]|listeners:[], old=null
2023-01-03 10:07:15,900 [pool-276-thread-1] INFO  server.RaftServer$Division (RaftServerImpl.java:setRole(321)) - 5c8f94db-7806-4776-a4fa-2f4c620ca121@group-033D886B482F: changes role from      null to FOLLOWER at term 0 for startAsFollower
2023-01-03 10:07:15,900 [pool-276-thread-1] INFO  impl.RoleInfo (RoleInfo.java:updateAndGet(139)) - 5c8f94db-7806-4776-a4fa-2f4c620ca121: start 5c8f94db-7806-4776-a4fa-2f4c620ca121@group-033D886B482F-FollowerState
2023-01-03 10:07:15,900 [5c8f94db-7806-4776-a4fa-2f4c620ca121@group-033D886B482F-FollowerState] INFO  server.RaftServerConfigKeys (ConfUtils.java:logFallback(53)) - raft.server.rpc.first-election.timeout.min = 5s (fallback to raft.server.rpc.timeout.min)
2023-01-03 10:07:15,900 [pool-276-thread-1] INFO  util.JmxRegister (JmxRegister.java:tryRegister(44)) - Successfully registered JMX Bean with object name Ratis:service=RaftServer,group=group-033D886B482F,id=5c8f94db-7806-4776-a4fa-2f4c620ca121
2023-01-03 10:07:15,901 [pool-276-thread-1] INFO  server.RaftServerConfigKeys (ConfUtils.java:logGet(46)) - raft.server.snapshot.auto.trigger.enabled = true (custom)
2023-01-03 10:07:15,901 [pool-276-thread-1] INFO  server.RaftServerConfigKeys (ConfUtils.java:logGet(46)) - raft.server.snapshot.auto.trigger.threshold = 10000 (custom)
2023-01-03 10:07:15,901 [pool-276-thread-1] INFO  server.RaftServerConfigKeys (ConfUtils.java:logGet(46)) - raft.server.snapshot.retention.file.num = 5 (custom)
2023-01-03 10:07:15,901 [pool-276-thread-1] INFO  server.RaftServerConfigKeys (ConfUtils.java:logGet(46)) - raft.server.log.purge.upto.snapshot.index = false (default)
2023-01-03 10:07:15,901 [5c8f94db-7806-4776-a4fa-2f4c620ca121@group-033D886B482F-FollowerState] INFO  server.RaftServerConfigKeys (ConfUtils.java:logFallback(53)) - raft.server.rpc.first-election.timeout.max = 5200ms (fallback to raft.server.rpc.timeout.max)
2023-01-03 10:07:15,905 [Command processor thread] INFO  ratis.XceiverServerRatis (XceiverServerRatis.java:addGroup(806)) - Created group PipelineID=425b7d9f-0069-4e21-9381-033d886b482f
2023-01-03 10:07:15,905 [Command processor thread] INFO  commandhandler.CreatePipelineCommandHandler (CreatePipelineCommandHandler.java:handle(113)) - Created Pipeline RATIS ONE PipelineID=425b7d9f-0069-4e21-9381-033d886b482f.
2023-01-03 10:07:15,906 [Command processor thread] INFO  server.RaftServer (RaftServerProxy.java:addNew(96)) - 5c8f94db-7806-4776-a4fa-2f4c620ca121: addNew group-581C63CE7A5F:[2c63000f-a9ba-4116-8021-1fc7d553c7a4|rpc:10.1.0.13:44077|dataStream:10.1.0.13:33143|priority:1|startupRole:FOLLOWER, ad81db47-82b5-4afb-987d-b3e16962a519|rpc:10.1.0.13:42981|dataStream:10.1.0.13:39737|priority:0|startupRole:FOLLOWER, 5c8f94db-7806-4776-a4fa-2f4c620ca121|rpc:10.1.0.13:34413|dataStream:10.1.0.13:42515|priority:0|startupRole:FOLLOWER] returns group-581C63CE7A5F:java.util.concurrent.CompletableFuture@98da2e[Not completed]
2023-01-03 10:07:15,906 [pool-276-thread-1] INFO  server.RaftServer$Division (RaftServerImpl.java:<init>(195)) - 5c8f94db-7806-4776-a4fa-2f4c620ca121: new RaftServerImpl for group-581C63CE7A5F:[2c63000f-a9ba-4116-8021-1fc7d553c7a4|rpc:10.1.0.13:44077|dataStream:10.1.0.13:33143|priority:1|startupRole:FOLLOWER, ad81db47-82b5-4afb-987d-b3e16962a519|rpc:10.1.0.13:42981|dataStream:10.1.0.13:39737|priority:0|startupRole:FOLLOWER, 5c8f94db-7806-4776-a4fa-2f4c620ca121|rpc:10.1.0.13:34413|dataStream:10.1.0.13:42515|priority:0|startupRole:FOLLOWER] with ContainerStateMachine:uninitialized
2023-01-03 10:07:15,907 [pool-276-thread-1] INFO  server.RaftServerConfigKeys (ConfUtils.java:logGet(46)) - raft.server.rpc.timeout.min = 5s (custom)
2023-01-03 10:07:15,907 [pool-276-thread-1] INFO  server.RaftServerConfigKeys (ConfUtils.java:logGet(46)) - raft.server.rpc.timeout.max = 5200ms (custom)
2023-01-03 10:07:15,907 [pool-276-thread-1] INFO  server.RaftServerConfigKeys (ConfUtils.java:logGet(46)) - raft.server.rpc.sleep.time = 25ms (default)
2023-01-03 10:07:15,907 [pool-276-thread-1] INFO  server.RaftServerConfigKeys (ConfUtils.java:logGet(46)) - raft.server.rpc.slowness.timeout = 300s (custom)
2023-01-03 10:07:15,907 [pool-276-thread-1] INFO  server.RaftServerConfigKeys (ConfUtils.java:logGet(46)) - raft.server.leaderelection.leader.step-down.wait-time = 10s (default)
2023-01-03 10:07:15,907 [pool-276-thread-1] INFO  server.RaftServerConfigKeys (ConfUtils.java:logGet(46)) - raft.server.sleep.deviation.threshold = 300ms (default)
2023-01-03 10:07:15,907 [pool-276-thread-1] INFO  server.RaftServer$Division (ServerState.java:<init>(118)) - 5c8f94db-7806-4776-a4fa-2f4c620ca121@group-581C63CE7A5F: ConfigurationManager, init=-1: peers:[2c63000f-a9ba-4116-8021-1fc7d553c7a4|rpc:10.1.0.13:44077|dataStream:10.1.0.13:33143|priority:1|startupRole:FOLLOWER, ad81db47-82b5-4afb-987d-b3e16962a519|rpc:10.1.0.13:42981|dataStream:10.1.0.13:39737|priority:0|startupRole:FOLLOWER, 5c8f94db-7806-4776-a4fa-2f4c620ca121|rpc:10.1.0.13:34413|dataStream:10.1.0.13:42515|priority:0|startupRole:FOLLOWER]|listeners:[], old=null, confs=<EMPTY_MAP>
2023-01-03 10:07:15,907 [pool-276-thread-1] INFO  server.RaftServerConfigKeys (ConfUtils.java:logGet(46)) - raft.server.storage.dir = [/home/runner/work/ozone/ozone/hadoop-ozone/integration-test/target/test-dir/MiniOzoneClusterImpl-9af64d9f-ce66-432d-b755-d0db545afb98/datanode-0/data/ratis] (custom)
2023-01-03 10:07:15,907 [pool-276-thread-1] INFO  server.RaftServerConfigKeys (ConfUtils.java:logGet(46)) - raft.server.log.corruption.policy = EXCEPTION (default)
2023-01-03 10:07:15,907 [pool-276-thread-1] INFO  server.RaftServerConfigKeys (ConfUtils.java:logGet(46)) - raft.server.storage.free-space.min = 0MB (=0) (default)
2023-01-03 10:07:15,907 [pool-276-thread-1] INFO  server.RaftServerConfigKeys (ConfUtils.java:logGet(46)) - raft.server.notification.no-leader.timeout = 300s (custom)
2023-01-03 10:07:15,907 [pool-276-thread-1] INFO  server.RaftServerConfigKeys (ConfUtils.java:logGet(46)) - raft.server.retrycache.expirytime = 600000ms (custom)
2023-01-03 10:07:15,907 [pool-276-thread-1] INFO  server.RaftServerConfigKeys (ConfUtils.java:logGet(46)) - raft.server.retrycache.statistics.expirytime = 100μs (default)
2023-01-03 10:07:15,908 [pool-276-thread-1] INFO  server.RaftServerConfigKeys (ConfUtils.java:logGet(46)) - raft.server.log.appender.install.snapshot.enabled = false (custom)
2023-01-03 10:07:15,908 [pool-276-thread-1] INFO  server.RaftServerConfigKeys (ConfUtils.java:logGet(46)) - raft.server.threadpool.server.cached = true (default)
2023-01-03 10:07:15,908 [pool-276-thread-1] INFO  server.RaftServerConfigKeys (ConfUtils.java:logGet(46)) - raft.server.threadpool.server.size = 0 (default)
2023-01-03 10:07:15,908 [pool-276-thread-1] INFO  server.RaftServerConfigKeys (ConfUtils.java:logGet(46)) - raft.server.threadpool.client.cached = true (default)
2023-01-03 10:07:15,908 [pool-276-thread-1] INFO  server.RaftServerConfigKeys (ConfUtils.java:logGet(46)) - raft.server.threadpool.client.size = 0 (default)
2023-01-03 10:07:15,908 [pool-276-thread-1] INFO  storage.RaftStorageDirectory (RaftStorageDirectoryImpl.java:analyzeStorage(137)) - The storage directory /home/runner/work/ozone/ozone/hadoop-ozone/integration-test/target/test-dir/MiniOzoneClusterImpl-9af64d9f-ce66-432d-b755-d0db545afb98/datanode-0/data/ratis/45523f61-354c-4a86-9b7d-581c63ce7a5f does not exist. Creating ...
2023-01-03 10:07:15,909 [pool-276-thread-1] INFO  storage.RaftStorageDirectory (RaftStorageDirectoryImpl.java:tryLock(231)) - Lock on /home/runner/work/ozone/ozone/hadoop-ozone/integration-test/target/test-dir/MiniOzoneClusterImpl-9af64d9f-ce66-432d-b755-d0db545afb98/datanode-0/data/ratis/45523f61-354c-4a86-9b7d-581c63ce7a5f/in_use.lock acquired by nodename 9440@fv-az292-374
2023-01-03 10:07:15,910 [pool-276-thread-1] INFO  storage.RaftStorage (RaftStorageImpl.java:format(96)) - Storage directory /home/runner/work/ozone/ozone/hadoop-ozone/integration-test/target/test-dir/MiniOzoneClusterImpl-9af64d9f-ce66-432d-b755-d0db545afb98/datanode-0/data/ratis/45523f61-354c-4a86-9b7d-581c63ce7a5f has been successfully formatted.
2023-01-03 10:07:15,911 [pool-276-thread-1] INFO  ratis.ContainerStateMachine (ContainerStateMachine.java:loadSnapshot(240)) - group-581C63CE7A5F: The snapshot info is null. Setting the last applied indexto:(t:0, i:~)
2023-01-03 10:07:15,911 [pool-276-thread-1] INFO  server.RaftServerConfigKeys (ConfUtils.java:logGet(46)) - raft.server.log.use.memory = false (default)
2023-01-03 10:07:15,911 [pool-276-thread-1] INFO  server.RaftServerConfigKeys (ConfUtils.java:logGet(46)) - raft.server.log.purge.gap = 1000000 (custom)
2023-01-03 10:07:15,911 [pool-276-thread-1] INFO  server.RaftServerConfigKeys (ConfUtils.java:logGet(46)) - raft.server.log.appender.buffer.byte-limit = 33554432 (custom)
2023-01-03 10:07:15,911 [pool-276-thread-1] INFO  server.RaftServerConfigKeys (ConfUtils.java:logGet(46)) - raft.server.log.statemachine.data.read.timeout = 1000ms (default)
2023-01-03 10:07:15,911 [pool-276-thread-1] INFO  server.RaftServerConfigKeys (ConfUtils.java:logGet(46)) - raft.server.log.purge.preservation.log.num = 0 (default)
2023-01-03 10:07:15,911 [EventQueue-CommandQueueReportForCommandQueueReportHandler] WARN  events.EventQueue (EventQueue.java:fireEvent(216)) - No event handler registered for event TypedEvent{payloadType=DatanodeDetails, name='Datanode_Command_Queue_Updated'}
2023-01-03 10:07:15,912 [EventQueue-OpenPipelineForHealthyPipelineSafeModeRule] INFO  safemode.SCMSafeModeManager (HealthyPipelineSafeModeRule.java:process(137)) - SCM in safe mode. Healthy pipelines reported count is 0, required healthy pipeline reported count is 1
2023-01-03 10:07:15,912 [pool-276-thread-1] INFO  server.RaftServerConfigKeys (ConfUtils.java:logGet(46)) - raft.server.log.segment.size.max = 1048576 (custom)
2023-01-03 10:07:15,912 [pool-276-thread-1] INFO  server.RaftServerConfigKeys (ConfUtils.java:logGet(46)) - raft.server.log.segment.cache.num.max = 2 (custom)
2023-01-03 10:07:15,912 [pool-276-thread-1] INFO  server.RaftServerConfigKeys (ConfUtils.java:logGet(46)) - raft.server.log.segment.cache.size.max = 200MB (=209715200) (default)
2023-01-03 10:07:15,912 [pool-276-thread-1] INFO  segmented.SegmentedRaftLogWorker (SegmentedRaftLogWorker.java:<init>(189)) - new 5c8f94db-7806-4776-a4fa-2f4c620ca121@group-581C63CE7A5F-SegmentedRaftLogWorker for RaftStorageImpl:Storage Directory /home/runner/work/ozone/ozone/hadoop-ozone/integration-test/target/test-dir/MiniOzoneClusterImpl-9af64d9f-ce66-432d-b755-d0db545afb98/datanode-0/data/ratis/45523f61-354c-4a86-9b7d-581c63ce7a5f
2023-01-03 10:07:15,913 [pool-276-thread-1] INFO  server.RaftServerConfigKeys (ConfUtils.java:logGet(46)) - raft.server.log.queue.byte-limit = 4294967296 (custom)
2023-01-03 10:07:15,913 [pool-276-thread-1] INFO  server.RaftServerConfigKeys (ConfUtils.java:logGet(46)) - raft.server.log.queue.element-limit = 1024 (custom)
2023-01-03 10:07:15,913 [pool-276-thread-1] INFO  server.RaftServerConfigKeys (ConfUtils.java:logGet(46)) - raft.server.log.segment.size.max = 1048576 (custom)
2023-01-03 10:07:15,913 [pool-276-thread-1] INFO  server.RaftServerConfigKeys (ConfUtils.java:logGet(46)) - raft.server.log.preallocated.size = 16384 (custom)
2023-01-03 10:07:15,913 [pool-276-thread-1] INFO  server.RaftServerConfigKeys (ConfUtils.java:logGet(46)) - raft.server.log.force.sync.num = 128 (default)
2023-01-03 10:07:15,913 [pool-276-thread-1] INFO  server.RaftServerConfigKeys (ConfUtils.java:logGet(46)) - raft.server.log.statemachine.data.sync = true (default)
2023-01-03 10:07:15,913 [pool-276-thread-1] INFO  server.RaftServerConfigKeys (ConfUtils.java:logGet(46)) - raft.server.log.statemachine.data.sync.timeout = 10s (default)
2023-01-03 10:07:15,913 [pool-276-thread-1] INFO  server.RaftServerConfigKeys (ConfUtils.java:logGet(46)) - raft.server.log.statemachine.data.sync.timeout.retry = -1 (default)
2023-01-03 10:07:15,913 [pool-276-thread-1] INFO  server.RaftServerConfigKeys (ConfUtils.java:logGet(46)) - raft.server.log.write.buffer.size = 1048576 (custom)
2023-01-03 10:07:15,913 [pool-276-thread-1] INFO  server.RaftServerConfigKeys (ConfUtils.java:logGet(46)) - raft.server.log.appender.buffer.byte-limit = 33554432 (custom)
2023-01-03 10:07:15,916 [pool-276-thread-1] INFO  server.RaftServerConfigKeys (ConfUtils.java:logGet(46)) - raft.server.log.unsafe-flush.enabled = false (default)
2023-01-03 10:07:15,916 [pool-276-thread-1] INFO  server.RaftServerConfigKeys (ConfUtils.java:logGet(46)) - raft.server.log.async-flush.enabled = false (default)
2023-01-03 10:07:15,916 [pool-276-thread-1] INFO  server.RaftServerConfigKeys (ConfUtils.java:logGet(46)) - raft.server.log.statemachine.data.caching.enabled = true (custom)
2023-01-03 10:07:15,916 [pool-276-thread-1] INFO  segmented.SegmentedRaftLogWorker (SegmentedRaftLogWorker.java:lambda$new$0(135)) - 5c8f94db-7806-4776-a4fa-2f4c620ca121@group-581C63CE7A5F-SegmentedRaftLogWorker: flushIndex: setUnconditionally 0 -> -1
2023-01-03 10:07:15,916 [pool-276-thread-1] INFO  segmented.SegmentedRaftLogWorker (SegmentedRaftLogWorker.java:lambda$new$0(135)) - 5c8f94db-7806-4776-a4fa-2f4c620ca121@group-581C63CE7A5F-SegmentedRaftLogWorker: safeCacheEvictIndex: setUnconditionally 0 -> -1
2023-01-03 10:07:15,917 [pool-276-thread-1] INFO  server.RaftServer$Division (RaftServerImpl.java:start(334)) - 5c8f94db-7806-4776-a4fa-2f4c620ca121@group-581C63CE7A5F: start as a follower, conf=-1: peers:[2c63000f-a9ba-4116-8021-1fc7d553c7a4|rpc:10.1.0.13:44077|dataStream:10.1.0.13:33143|priority:1|startupRole:FOLLOWER, ad81db47-82b5-4afb-987d-b3e16962a519|rpc:10.1.0.13:42981|dataStream:10.1.0.13:39737|priority:0|startupRole:FOLLOWER, 5c8f94db-7806-4776-a4fa-2f4c620ca121|rpc:10.1.0.13:34413|dataStream:10.1.0.13:42515|priority:0|startupRole:FOLLOWER]|listeners:[], old=null
2023-01-03 10:07:15,917 [pool-276-thread-1] INFO  server.RaftServer$Division (RaftServerImpl.java:setRole(321)) - 5c8f94db-7806-4776-a4fa-2f4c620ca121@group-581C63CE7A5F: changes role from      null to FOLLOWER at term 0 for startAsFollower
2023-01-03 10:07:15,917 [pool-276-thread-1] INFO  impl.RoleInfo (RoleInfo.java:updateAndGet(139)) - 5c8f94db-7806-4776-a4fa-2f4c620ca121: start 5c8f94db-7806-4776-a4fa-2f4c620ca121@group-581C63CE7A5F-FollowerState
2023-01-03 10:07:15,921 [pool-276-thread-1] INFO  util.JmxRegister (JmxRegister.java:tryRegister(44)) - Successfully registered JMX Bean with object name Ratis:service=RaftServer,group=group-581C63CE7A5F,id=5c8f94db-7806-4776-a4fa-2f4c620ca121
2023-01-03 10:07:15,921 [pool-276-thread-1] INFO  server.RaftServerConfigKeys (ConfUtils.java:logGet(46)) - raft.server.snapshot.auto.trigger.enabled = true (custom)
2023-01-03 10:07:15,921 [pool-276-thread-1] INFO  server.RaftServerConfigKeys (ConfUtils.java:logGet(46)) - raft.server.snapshot.auto.trigger.threshold = 10000 (custom)
2023-01-03 10:07:15,921 [pool-276-thread-1] INFO  server.RaftServerConfigKeys (ConfUtils.java:logGet(46)) - raft.server.snapshot.retention.file.num = 5 (custom)
2023-01-03 10:07:15,921 [pool-276-thread-1] INFO  server.RaftServerConfigKeys (ConfUtils.java:logGet(46)) - raft.server.log.purge.upto.snapshot.index = false (default)
2023-01-03 10:07:15,922 [5c8f94db-7806-4776-a4fa-2f4c620ca121@group-581C63CE7A5F-FollowerState] INFO  server.RaftServerConfigKeys (ConfUtils.java:logFallback(53)) - raft.server.rpc.first-election.timeout.min = 5s (fallback to raft.server.rpc.timeout.min)
2023-01-03 10:07:15,922 [5c8f94db-7806-4776-a4fa-2f4c620ca121@group-581C63CE7A5F-FollowerState] INFO  server.RaftServerConfigKeys (ConfUtils.java:logFallback(53)) - raft.server.rpc.first-election.timeout.max = 5200ms (fallback to raft.server.rpc.timeout.max)
2023-01-03 10:07:15,922 [Command processor thread] INFO  ratis.XceiverServerRatis (XceiverServerRatis.java:addGroup(806)) - Created group PipelineID=45523f61-354c-4a86-9b7d-581c63ce7a5f
2023-01-03 10:07:15,941 [grpc-default-executor-0] INFO  server.RaftServer (RaftServerProxy.java:addNew(96)) - ad81db47-82b5-4afb-987d-b3e16962a519: addNew group-581C63CE7A5F:[2c63000f-a9ba-4116-8021-1fc7d553c7a4|rpc:10.1.0.13:44077|dataStream:10.1.0.13:33143|priority:1|startupRole:FOLLOWER, ad81db47-82b5-4afb-987d-b3e16962a519|rpc:10.1.0.13:42981|dataStream:10.1.0.13:39737|priority:0|startupRole:FOLLOWER, 5c8f94db-7806-4776-a4fa-2f4c620ca121|rpc:10.1.0.13:34413|dataStream:10.1.0.13:42515|priority:0|startupRole:FOLLOWER] returns group-581C63CE7A5F:java.util.concurrent.CompletableFuture@3b9751ee[Not completed]
2023-01-03 10:07:15,945 [pool-299-thread-1] INFO  server.RaftServer$Division (RaftServerImpl.java:<init>(195)) - ad81db47-82b5-4afb-987d-b3e16962a519: new RaftServerImpl for group-581C63CE7A5F:[2c63000f-a9ba-4116-8021-1fc7d553c7a4|rpc:10.1.0.13:44077|dataStream:10.1.0.13:33143|priority:1|startupRole:FOLLOWER, ad81db47-82b5-4afb-987d-b3e16962a519|rpc:10.1.0.13:42981|dataStream:10.1.0.13:39737|priority:0|startupRole:FOLLOWER, 5c8f94db-7806-4776-a4fa-2f4c620ca121|rpc:10.1.0.13:34413|dataStream:10.1.0.13:42515|priority:0|startupRole:FOLLOWER] with ContainerStateMachine:uninitialized
2023-01-03 10:07:15,945 [pool-299-thread-1] INFO  server.RaftServerConfigKeys (ConfUtils.java:logGet(46)) - raft.server.rpc.timeout.min = 5s (custom)
2023-01-03 10:07:15,945 [pool-299-thread-1] INFO  server.RaftServerConfigKeys (ConfUtils.java:logGet(46)) - raft.server.rpc.timeout.max = 5200ms (custom)
2023-01-03 10:07:15,945 [pool-299-thread-1] INFO  server.RaftServerConfigKeys (ConfUtils.java:logGet(46)) - raft.server.rpc.sleep.time = 25ms (default)
2023-01-03 10:07:15,945 [pool-299-thread-1] INFO  server.RaftServerConfigKeys (ConfUtils.java:logGet(46)) - raft.server.rpc.slowness.timeout = 300s (custom)
2023-01-03 10:07:15,945 [pool-299-thread-1] INFO  server.RaftServerConfigKeys (ConfUtils.java:logGet(46)) - raft.server.leaderelection.leader.step-down.wait-time = 10s (default)
2023-01-03 10:07:15,945 [pool-299-thread-1] INFO  server.RaftServerConfigKeys (ConfUtils.java:logGet(46)) - raft.server.sleep.deviation.threshold = 300ms (default)
2023-01-03 10:07:15,945 [pool-299-thread-1] INFO  server.RaftServer$Division (ServerState.java:<init>(118)) - ad81db47-82b5-4afb-987d-b3e16962a519@group-581C63CE7A5F: ConfigurationManager, init=-1: peers:[2c63000f-a9ba-4116-8021-1fc7d553c7a4|rpc:10.1.0.13:44077|dataStream:10.1.0.13:33143|priority:1|startupRole:FOLLOWER, ad81db47-82b5-4afb-987d-b3e16962a519|rpc:10.1.0.13:42981|dataStream:10.1.0.13:39737|priority:0|startupRole:FOLLOWER, 5c8f94db-7806-4776-a4fa-2f4c620ca121|rpc:10.1.0.13:34413|dataStream:10.1.0.13:42515|priority:0|startupRole:FOLLOWER]|listeners:[], old=null, confs=<EMPTY_MAP>
2023-01-03 10:07:15,945 [pool-299-thread-1] INFO  server.RaftServerConfigKeys (ConfUtils.java:logGet(46)) - raft.server.storage.dir = [/home/runner/work/ozone/ozone/hadoop-ozone/integration-test/target/test-dir/MiniOzoneClusterImpl-9af64d9f-ce66-432d-b755-d0db545afb98/datanode-1/data/ratis] (custom)
2023-01-03 10:07:15,945 [pool-299-thread-1] INFO  server.RaftServerConfigKeys (ConfUtils.java:logGet(46)) - raft.server.log.corruption.policy = EXCEPTION (default)
2023-01-03 10:07:15,945 [pool-299-thread-1] INFO  server.RaftServerConfigKeys (ConfUtils.java:logGet(46)) - raft.server.storage.free-space.min = 0MB (=0) (default)
2023-01-03 10:07:15,945 [pool-299-thread-1] INFO  server.RaftServerConfigKeys (ConfUtils.java:logGet(46)) - raft.server.notification.no-leader.timeout = 300s (custom)
2023-01-03 10:07:15,945 [pool-299-thread-1] INFO  server.RaftServerConfigKeys (ConfUtils.java:logGet(46)) - raft.server.retrycache.expirytime = 600000ms (custom)
2023-01-03 10:07:15,945 [pool-299-thread-1] INFO  server.RaftServerConfigKeys (ConfUtils.java:logGet(46)) - raft.server.retrycache.statistics.expirytime = 100μs (default)
2023-01-03 10:07:15,947 [pool-299-thread-1] INFO  server.RaftServerConfigKeys (ConfUtils.java:logGet(46)) - raft.server.log.appender.install.snapshot.enabled = false (custom)
2023-01-03 10:07:15,947 [pool-299-thread-1] INFO  server.RaftServerConfigKeys (ConfUtils.java:logGet(46)) - raft.server.threadpool.server.cached = true (default)
2023-01-03 10:07:15,947 [pool-299-thread-1] INFO  server.RaftServerConfigKeys (ConfUtils.java:logGet(46)) - raft.server.threadpool.server.size = 0 (default)
2023-01-03 10:07:15,947 [pool-299-thread-1] INFO  server.RaftServerConfigKeys (ConfUtils.java:logGet(46)) - raft.server.threadpool.client.cached = true (default)
2023-01-03 10:07:15,947 [pool-299-thread-1] INFO  server.RaftServerConfigKeys (ConfUtils.java:logGet(46)) - raft.server.threadpool.client.size = 0 (default)
2023-01-03 10:07:15,947 [pool-299-thread-1] INFO  storage.RaftStorageDirectory (RaftStorageDirectoryImpl.java:analyzeStorage(137)) - The storage directory /home/runner/work/ozone/ozone/hadoop-ozone/integration-test/target/test-dir/MiniOzoneClusterImpl-9af64d9f-ce66-432d-b755-d0db545afb98/datanode-1/data/ratis/45523f61-354c-4a86-9b7d-581c63ce7a5f does not exist. Creating ...
2023-01-03 10:07:15,948 [pool-299-thread-1] INFO  storage.RaftStorageDirectory (RaftStorageDirectoryImpl.java:tryLock(231)) - Lock on /home/runner/work/ozone/ozone/hadoop-ozone/integration-test/target/test-dir/MiniOzoneClusterImpl-9af64d9f-ce66-432d-b755-d0db545afb98/datanode-1/data/ratis/45523f61-354c-4a86-9b7d-581c63ce7a5f/in_use.lock acquired by nodename 9440@fv-az292-374
2023-01-03 10:07:15,949 [pool-299-thread-1] INFO  storage.RaftStorage (RaftStorageImpl.java:format(96)) - Storage directory /home/runner/work/ozone/ozone/hadoop-ozone/integration-test/target/test-dir/MiniOzoneClusterImpl-9af64d9f-ce66-432d-b755-d0db545afb98/datanode-1/data/ratis/45523f61-354c-4a86-9b7d-581c63ce7a5f has been successfully formatted.
2023-01-03 10:07:15,949 [pool-299-thread-1] INFO  ratis.ContainerStateMachine (ContainerStateMachine.java:loadSnapshot(240)) - group-581C63CE7A5F: The snapshot info is null. Setting the last applied indexto:(t:0, i:~)
2023-01-03 10:07:15,949 [pool-299-thread-1] INFO  server.RaftServerConfigKeys (ConfUtils.java:logGet(46)) - raft.server.log.use.memory = false (default)
2023-01-03 10:07:15,949 [pool-299-thread-1] INFO  server.RaftServerConfigKeys (ConfUtils.java:logGet(46)) - raft.server.log.purge.gap = 1000000 (custom)
2023-01-03 10:07:15,949 [pool-299-thread-1] INFO  server.RaftServerConfigKeys (ConfUtils.java:logGet(46)) - raft.server.log.appender.buffer.byte-limit = 33554432 (custom)
2023-01-03 10:07:15,950 [EventQueue-CommandQueueReportForCommandQueueReportHandler] WARN  events.EventQueue (EventQueue.java:fireEvent(216)) - No event handler registered for event TypedEvent{payloadType=DatanodeDetails, name='Datanode_Command_Queue_Updated'}
2023-01-03 10:07:15,950 [pool-299-thread-1] INFO  server.RaftServerConfigKeys (ConfUtils.java:logGet(46)) - raft.server.log.statemachine.data.read.timeout = 1000ms (default)
2023-01-03 10:07:15,951 [pool-299-thread-1] INFO  server.RaftServerConfigKeys (ConfUtils.java:logGet(46)) - raft.server.log.purge.preservation.log.num = 0 (default)
2023-01-03 10:07:15,951 [pool-299-thread-1] INFO  server.RaftServerConfigKeys (ConfUtils.java:logGet(46)) - raft.server.log.segment.size.max = 1048576 (custom)
2023-01-03 10:07:15,951 [pool-299-thread-1] INFO  server.RaftServerConfigKeys (ConfUtils.java:logGet(46)) - raft.server.log.segment.cache.num.max = 2 (custom)
2023-01-03 10:07:15,951 [pool-299-thread-1] INFO  server.RaftServerConfigKeys (ConfUtils.java:logGet(46)) - raft.server.log.segment.cache.size.max = 200MB (=209715200) (default)
2023-01-03 10:07:15,951 [pool-299-thread-1] INFO  segmented.SegmentedRaftLogWorker (SegmentedRaftLogWorker.java:<init>(189)) - new ad81db47-82b5-4afb-987d-b3e16962a519@group-581C63CE7A5F-SegmentedRaftLogWorker for RaftStorageImpl:Storage Directory /home/runner/work/ozone/ozone/hadoop-ozone/integration-test/target/test-dir/MiniOzoneClusterImpl-9af64d9f-ce66-432d-b755-d0db545afb98/datanode-1/data/ratis/45523f61-354c-4a86-9b7d-581c63ce7a5f
2023-01-03 10:07:15,951 [pool-299-thread-1] INFO  server.RaftServerConfigKeys (ConfUtils.java:logGet(46)) - raft.server.log.queue.byte-limit = 4294967296 (custom)
2023-01-03 10:07:15,951 [pool-299-thread-1] INFO  server.RaftServerConfigKeys (ConfUtils.java:logGet(46)) - raft.server.log.queue.element-limit = 1024 (custom)
2023-01-03 10:07:15,951 [pool-299-thread-1] INFO  server.RaftServerConfigKeys (ConfUtils.java:logGet(46)) - raft.server.log.segment.size.max = 1048576 (custom)
2023-01-03 10:07:15,951 [pool-299-thread-1] INFO  server.RaftServerConfigKeys (ConfUtils.java:logGet(46)) - raft.server.log.preallocated.size = 16384 (custom)
2023-01-03 10:07:15,951 [pool-299-thread-1] INFO  server.RaftServerConfigKeys (ConfUtils.java:logGet(46)) - raft.server.log.force.sync.num = 128 (default)
2023-01-03 10:07:15,951 [pool-299-thread-1] INFO  server.RaftServerConfigKeys (ConfUtils.java:logGet(46)) - raft.server.log.statemachine.data.sync = true (default)
2023-01-03 10:07:15,951 [pool-299-thread-1] INFO  server.RaftServerConfigKeys (ConfUtils.java:logGet(46)) - raft.server.log.statemachine.data.sync.timeout = 10s (default)
2023-01-03 10:07:15,951 [pool-299-thread-1] INFO  server.RaftServerConfigKeys (ConfUtils.java:logGet(46)) - raft.server.log.statemachine.data.sync.timeout.retry = -1 (default)
2023-01-03 10:07:15,952 [pool-299-thread-1] INFO  server.RaftServerConfigKeys (ConfUtils.java:logGet(46)) - raft.server.log.write.buffer.size = 1048576 (custom)
2023-01-03 10:07:15,952 [pool-299-thread-1] INFO  server.RaftServerConfigKeys (ConfUtils.java:logGet(46)) - raft.server.log.appender.buffer.byte-limit = 33554432 (custom)
2023-01-03 10:07:15,955 [pool-299-thread-1] INFO  server.RaftServerConfigKeys (ConfUtils.java:logGet(46)) - raft.server.log.unsafe-flush.enabled = false (default)
2023-01-03 10:07:15,955 [pool-299-thread-1] INFO  server.RaftServerConfigKeys (ConfUtils.java:logGet(46)) - raft.server.log.async-flush.enabled = false (default)
2023-01-03 10:07:15,955 [pool-299-thread-1] INFO  server.RaftServerConfigKeys (ConfUtils.java:logGet(46)) - raft.server.log.statemachine.data.caching.enabled = true (custom)
2023-01-03 10:07:15,955 [pool-299-thread-1] INFO  segmented.SegmentedRaftLogWorker (SegmentedRaftLogWorker.java:lambda$new$0(135)) - ad81db47-82b5-4afb-987d-b3e16962a519@group-581C63CE7A5F-SegmentedRaftLogWorker: flushIndex: setUnconditionally 0 -> -1
2023-01-03 10:07:15,955 [pool-299-thread-1] INFO  segmented.SegmentedRaftLogWorker (SegmentedRaftLogWorker.java:lambda$new$0(135)) - ad81db47-82b5-4afb-987d-b3e16962a519@group-581C63CE7A5F-SegmentedRaftLogWorker: safeCacheEvictIndex: setUnconditionally 0 -> -1
2023-01-03 10:07:15,955 [pool-299-thread-1] INFO  server.RaftServer$Division (RaftServerImpl.java:start(334)) - ad81db47-82b5-4afb-987d-b3e16962a519@group-581C63CE7A5F: start as a follower, conf=-1: peers:[2c63000f-a9ba-4116-8021-1fc7d553c7a4|rpc:10.1.0.13:44077|dataStream:10.1.0.13:33143|priority:1|startupRole:FOLLOWER, ad81db47-82b5-4afb-987d-b3e16962a519|rpc:10.1.0.13:42981|dataStream:10.1.0.13:39737|priority:0|startupRole:FOLLOWER, 5c8f94db-7806-4776-a4fa-2f4c620ca121|rpc:10.1.0.13:34413|dataStream:10.1.0.13:42515|priority:0|startupRole:FOLLOWER]|listeners:[], old=null
2023-01-03 10:07:15,955 [pool-299-thread-1] INFO  server.RaftServer$Division (RaftServerImpl.java:setRole(321)) - ad81db47-82b5-4afb-987d-b3e16962a519@group-581C63CE7A5F: changes role from      null to FOLLOWER at term 0 for startAsFollower
2023-01-03 10:07:15,956 [pool-299-thread-1] INFO  impl.RoleInfo (RoleInfo.java:updateAndGet(139)) - ad81db47-82b5-4afb-987d-b3e16962a519: start ad81db47-82b5-4afb-987d-b3e16962a519@group-581C63CE7A5F-FollowerState
2023-01-03 10:07:15,956 [pool-299-thread-1] INFO  util.JmxRegister (JmxRegister.java:tryRegister(44)) - Successfully registered JMX Bean with object name Ratis:service=RaftServer,group=group-581C63CE7A5F,id=ad81db47-82b5-4afb-987d-b3e16962a519
2023-01-03 10:07:15,956 [ad81db47-82b5-4afb-987d-b3e16962a519@group-581C63CE7A5F-FollowerState] INFO  server.RaftServerConfigKeys (ConfUtils.java:logFallback(53)) - raft.server.rpc.first-election.timeout.min = 5s (fallback to raft.server.rpc.timeout.min)
2023-01-03 10:07:15,956 [pool-299-thread-1] INFO  server.RaftServerConfigKeys (ConfUtils.java:logGet(46)) - raft.server.snapshot.auto.trigger.enabled = true (custom)
2023-01-03 10:07:15,956 [ad81db47-82b5-4afb-987d-b3e16962a519@group-581C63CE7A5F-FollowerState] INFO  server.RaftServerConfigKeys (ConfUtils.java:logFallback(53)) - raft.server.rpc.first-election.timeout.max = 5200ms (fallback to raft.server.rpc.timeout.max)
2023-01-03 10:07:15,956 [pool-299-thread-1] INFO  server.RaftServerConfigKeys (ConfUtils.java:logGet(46)) - raft.server.snapshot.auto.trigger.threshold = 10000 (custom)
2023-01-03 10:07:15,956 [pool-299-thread-1] INFO  server.RaftServerConfigKeys (ConfUtils.java:logGet(46)) - raft.server.snapshot.retention.file.num = 5 (custom)
2023-01-03 10:07:15,956 [pool-299-thread-1] INFO  server.RaftServerConfigKeys (ConfUtils.java:logGet(46)) - raft.server.log.purge.upto.snapshot.index = false (default)
2023-01-03 10:07:15,973 [grpc-default-executor-0] INFO  server.RaftServer (RaftServerProxy.java:addNew(96)) - 2c63000f-a9ba-4116-8021-1fc7d553c7a4: addNew group-581C63CE7A5F:[2c63000f-a9ba-4116-8021-1fc7d553c7a4|rpc:10.1.0.13:44077|dataStream:10.1.0.13:33143|priority:1|startupRole:FOLLOWER, ad81db47-82b5-4afb-987d-b3e16962a519|rpc:10.1.0.13:42981|dataStream:10.1.0.13:39737|priority:0|startupRole:FOLLOWER, 5c8f94db-7806-4776-a4fa-2f4c620ca121|rpc:10.1.0.13:34413|dataStream:10.1.0.13:42515|priority:0|startupRole:FOLLOWER] returns group-581C63CE7A5F:java.util.concurrent.CompletableFuture@192c9367[Not completed]
2023-01-03 10:07:15,976 [pool-322-thread-1] INFO  server.RaftServer$Division (RaftServerImpl.java:<init>(195)) - 2c63000f-a9ba-4116-8021-1fc7d553c7a4: new RaftServerImpl for group-581C63CE7A5F:[2c63000f-a9ba-4116-8021-1fc7d553c7a4|rpc:10.1.0.13:44077|dataStream:10.1.0.13:33143|priority:1|startupRole:FOLLOWER, ad81db47-82b5-4afb-987d-b3e16962a519|rpc:10.1.0.13:42981|dataStream:10.1.0.13:39737|priority:0|startupRole:FOLLOWER, 5c8f94db-7806-4776-a4fa-2f4c620ca121|rpc:10.1.0.13:34413|dataStream:10.1.0.13:42515|priority:0|startupRole:FOLLOWER] with ContainerStateMachine:uninitialized
2023-01-03 10:07:15,976 [pool-322-thread-1] INFO  server.RaftServerConfigKeys (ConfUtils.java:logGet(46)) - raft.server.rpc.timeout.min = 5s (custom)
2023-01-03 10:07:15,976 [pool-322-thread-1] INFO  server.RaftServerConfigKeys (ConfUtils.java:logGet(46)) - raft.server.rpc.timeout.max = 5200ms (custom)
2023-01-03 10:07:15,976 [pool-322-thread-1] INFO  server.RaftServerConfigKeys (ConfUtils.java:logGet(46)) - raft.server.rpc.sleep.time = 25ms (default)
2023-01-03 10:07:15,976 [pool-322-thread-1] INFO  server.RaftServerConfigKeys (ConfUtils.java:logGet(46)) - raft.server.rpc.slowness.timeout = 300s (custom)
2023-01-03 10:07:15,976 [pool-322-thread-1] INFO  server.RaftServerConfigKeys (ConfUtils.java:logGet(46)) - raft.server.leaderelection.leader.step-down.wait-time = 10s (default)
2023-01-03 10:07:15,977 [pool-322-thread-1] INFO  server.RaftServerConfigKeys (ConfUtils.java:logGet(46)) - raft.server.sleep.deviation.threshold = 300ms (default)
2023-01-03 10:07:15,978 [pool-322-thread-1] INFO  server.RaftServer$Division (ServerState.java:<init>(118)) - 2c63000f-a9ba-4116-8021-1fc7d553c7a4@group-581C63CE7A5F: ConfigurationManager, init=-1: peers:[2c63000f-a9ba-4116-8021-1fc7d553c7a4|rpc:10.1.0.13:44077|dataStream:10.1.0.13:33143|priority:1|startupRole:FOLLOWER, ad81db47-82b5-4afb-987d-b3e16962a519|rpc:10.1.0.13:42981|dataStream:10.1.0.13:39737|priority:0|startupRole:FOLLOWER, 5c8f94db-7806-4776-a4fa-2f4c620ca121|rpc:10.1.0.13:34413|dataStream:10.1.0.13:42515|priority:0|startupRole:FOLLOWER]|listeners:[], old=null, confs=<EMPTY_MAP>
2023-01-03 10:07:15,978 [pool-322-thread-1] INFO  server.RaftServerConfigKeys (ConfUtils.java:logGet(46)) - raft.server.storage.dir = [/home/runner/work/ozone/ozone/hadoop-ozone/integration-test/target/test-dir/MiniOzoneClusterImpl-9af64d9f-ce66-432d-b755-d0db545afb98/datanode-2/data/ratis] (custom)
2023-01-03 10:07:15,978 [pool-322-thread-1] INFO  server.RaftServerConfigKeys (ConfUtils.java:logGet(46)) - raft.server.log.corruption.policy = EXCEPTION (default)
2023-01-03 10:07:15,978 [pool-322-thread-1] INFO  server.RaftServerConfigKeys (ConfUtils.java:logGet(46)) - raft.server.storage.free-space.min = 0MB (=0) (default)
2023-01-03 10:07:15,978 [pool-322-thread-1] INFO  server.RaftServerConfigKeys (ConfUtils.java:logGet(46)) - raft.server.notification.no-leader.timeout = 300s (custom)
2023-01-03 10:07:15,978 [pool-322-thread-1] INFO  server.RaftServerConfigKeys (ConfUtils.java:logGet(46)) - raft.server.retrycache.expirytime = 600000ms (custom)
2023-01-03 10:07:15,979 [pool-322-thread-1] INFO  server.RaftServerConfigKeys (ConfUtils.java:logGet(46)) - raft.server.retrycache.statistics.expirytime = 100μs (default)
2023-01-03 10:07:15,985 [pool-322-thread-1] INFO  server.RaftServerConfigKeys (ConfUtils.java:logGet(46)) - raft.server.log.appender.install.snapshot.enabled = false (custom)
2023-01-03 10:07:15,985 [pool-322-thread-1] INFO  server.RaftServerConfigKeys (ConfUtils.java:logGet(46)) - raft.server.threadpool.server.cached = true (default)
2023-01-03 10:07:15,985 [pool-322-thread-1] INFO  server.RaftServerConfigKeys (ConfUtils.java:logGet(46)) - raft.server.threadpool.server.size = 0 (default)
2023-01-03 10:07:15,985 [pool-322-thread-1] INFO  server.RaftServerConfigKeys (ConfUtils.java:logGet(46)) - raft.server.threadpool.client.cached = true (default)
2023-01-03 10:07:15,985 [pool-322-thread-1] INFO  server.RaftServerConfigKeys (ConfUtils.java:logGet(46)) - raft.server.threadpool.client.size = 0 (default)
2023-01-03 10:07:15,985 [pool-322-thread-1] INFO  storage.RaftStorageDirectory (RaftStorageDirectoryImpl.java:analyzeStorage(137)) - The storage directory /home/runner/work/ozone/ozone/hadoop-ozone/integration-test/target/test-dir/MiniOzoneClusterImpl-9af64d9f-ce66-432d-b755-d0db545afb98/datanode-2/data/ratis/45523f61-354c-4a86-9b7d-581c63ce7a5f does not exist. Creating ...
2023-01-03 10:07:15,987 [pool-322-thread-1] INFO  storage.RaftStorageDirectory (RaftStorageDirectoryImpl.java:tryLock(231)) - Lock on /home/runner/work/ozone/ozone/hadoop-ozone/integration-test/target/test-dir/MiniOzoneClusterImpl-9af64d9f-ce66-432d-b755-d0db545afb98/datanode-2/data/ratis/45523f61-354c-4a86-9b7d-581c63ce7a5f/in_use.lock acquired by nodename 9440@fv-az292-374
2023-01-03 10:07:15,988 [pool-322-thread-1] INFO  storage.RaftStorage (RaftStorageImpl.java:format(96)) - Storage directory /home/runner/work/ozone/ozone/hadoop-ozone/integration-test/target/test-dir/MiniOzoneClusterImpl-9af64d9f-ce66-432d-b755-d0db545afb98/datanode-2/data/ratis/45523f61-354c-4a86-9b7d-581c63ce7a5f has been successfully formatted.
2023-01-03 10:07:15,989 [pool-322-thread-1] INFO  ratis.ContainerStateMachine (ContainerStateMachine.java:loadSnapshot(240)) - group-581C63CE7A5F: The snapshot info is null. Setting the last applied indexto:(t:0, i:~)
2023-01-03 10:07:15,989 [pool-322-thread-1] INFO  server.RaftServerConfigKeys (ConfUtils.java:logGet(46)) - raft.server.log.use.memory = false (default)
2023-01-03 10:07:15,990 [pool-322-thread-1] INFO  server.RaftServerConfigKeys (ConfUtils.java:logGet(46)) - raft.server.log.purge.gap = 1000000 (custom)
2023-01-03 10:07:15,990 [pool-322-thread-1] INFO  server.RaftServerConfigKeys (ConfUtils.java:logGet(46)) - raft.server.log.appender.buffer.byte-limit = 33554432 (custom)
2023-01-03 10:07:15,990 [pool-322-thread-1] INFO  server.RaftServerConfigKeys (ConfUtils.java:logGet(46)) - raft.server.log.statemachine.data.read.timeout = 1000ms (default)
2023-01-03 10:07:15,990 [pool-322-thread-1] INFO  server.RaftServerConfigKeys (ConfUtils.java:logGet(46)) - raft.server.log.purge.preservation.log.num = 0 (default)
2023-01-03 10:07:15,990 [pool-322-thread-1] INFO  server.RaftServerConfigKeys (ConfUtils.java:logGet(46)) - raft.server.log.segment.size.max = 1048576 (custom)
2023-01-03 10:07:15,991 [pool-322-thread-1] INFO  server.RaftServerConfigKeys (ConfUtils.java:logGet(46)) - raft.server.log.segment.cache.num.max = 2 (custom)
2023-01-03 10:07:15,991 [pool-322-thread-1] INFO  server.RaftServerConfigKeys (ConfUtils.java:logGet(46)) - raft.server.log.segment.cache.size.max = 200MB (=209715200) (default)
2023-01-03 10:07:15,991 [pool-322-thread-1] INFO  segmented.SegmentedRaftLogWorker (SegmentedRaftLogWorker.java:<init>(189)) - new 2c63000f-a9ba-4116-8021-1fc7d553c7a4@group-581C63CE7A5F-SegmentedRaftLogWorker for RaftStorageImpl:Storage Directory /home/runner/work/ozone/ozone/hadoop-ozone/integration-test/target/test-dir/MiniOzoneClusterImpl-9af64d9f-ce66-432d-b755-d0db545afb98/datanode-2/data/ratis/45523f61-354c-4a86-9b7d-581c63ce7a5f
2023-01-03 10:07:15,991 [pool-322-thread-1] INFO  server.RaftServerConfigKeys (ConfUtils.java:logGet(46)) - raft.server.log.queue.byte-limit = 4294967296 (custom)
2023-01-03 10:07:15,991 [pool-322-thread-1] INFO  server.RaftServerConfigKeys (ConfUtils.java:logGet(46)) - raft.server.log.queue.element-limit = 1024 (custom)
2023-01-03 10:07:15,991 [pool-322-thread-1] INFO  server.RaftServerConfigKeys (ConfUtils.java:logGet(46)) - raft.server.log.segment.size.max = 1048576 (custom)
2023-01-03 10:07:15,991 [pool-322-thread-1] INFO  server.RaftServerConfigKeys (ConfUtils.java:logGet(46)) - raft.server.log.preallocated.size = 16384 (custom)
2023-01-03 10:07:15,991 [pool-322-thread-1] INFO  server.RaftServerConfigKeys (ConfUtils.java:logGet(46)) - raft.server.log.force.sync.num = 128 (default)
2023-01-03 10:07:15,991 [pool-322-thread-1] INFO  server.RaftServerConfigKeys (ConfUtils.java:logGet(46)) - raft.server.log.statemachine.data.sync = true (default)
2023-01-03 10:07:15,991 [pool-322-thread-1] INFO  server.RaftServerConfigKeys (ConfUtils.java:logGet(46)) - raft.server.log.statemachine.data.sync.timeout = 10s (default)
2023-01-03 10:07:15,991 [pool-322-thread-1] INFO  server.RaftServerConfigKeys (ConfUtils.java:logGet(46)) - raft.server.log.statemachine.data.sync.timeout.retry = -1 (default)
2023-01-03 10:07:15,991 [EventQueue-CommandQueueReportForCommandQueueReportHandler] WARN  events.EventQueue (EventQueue.java:fireEvent(216)) - No event handler registered for event TypedEvent{payloadType=DatanodeDetails, name='Datanode_Command_Queue_Updated'}
2023-01-03 10:07:15,992 [pool-322-thread-1] INFO  server.RaftServerConfigKeys (ConfUtils.java:logGet(46)) - raft.server.log.write.buffer.size = 1048576 (custom)
2023-01-03 10:07:15,992 [pool-322-thread-1] INFO  server.RaftServerConfigKeys (ConfUtils.java:logGet(46)) - raft.server.log.appender.buffer.byte-limit = 33554432 (custom)
2023-01-03 10:07:15,995 [pool-322-thread-1] INFO  server.RaftServerConfigKeys (ConfUtils.java:logGet(46)) - raft.server.log.unsafe-flush.enabled = false (default)
2023-01-03 10:07:15,995 [pool-322-thread-1] INFO  server.RaftServerConfigKeys (ConfUtils.java:logGet(46)) - raft.server.log.async-flush.enabled = false (default)
2023-01-03 10:07:15,995 [pool-322-thread-1] INFO  server.RaftServerConfigKeys (ConfUtils.java:logGet(46)) - raft.server.log.statemachine.data.caching.enabled = true (custom)
2023-01-03 10:07:15,995 [pool-322-thread-1] INFO  segmented.SegmentedRaftLogWorker (SegmentedRaftLogWorker.java:lambda$new$0(135)) - 2c63000f-a9ba-4116-8021-1fc7d553c7a4@group-581C63CE7A5F-SegmentedRaftLogWorker: flushIndex: setUnconditionally 0 -> -1
2023-01-03 10:07:15,995 [pool-322-thread-1] INFO  segmented.SegmentedRaftLogWorker (SegmentedRaftLogWorker.java:lambda$new$0(135)) - 2c63000f-a9ba-4116-8021-1fc7d553c7a4@group-581C63CE7A5F-SegmentedRaftLogWorker: safeCacheEvictIndex: setUnconditionally 0 -> -1
2023-01-03 10:07:15,995 [pool-322-thread-1] INFO  server.RaftServer$Division (RaftServerImpl.java:start(334)) - 2c63000f-a9ba-4116-8021-1fc7d553c7a4@group-581C63CE7A5F: start as a follower, conf=-1: peers:[2c63000f-a9ba-4116-8021-1fc7d553c7a4|rpc:10.1.0.13:44077|dataStream:10.1.0.13:33143|priority:1|startupRole:FOLLOWER, ad81db47-82b5-4afb-987d-b3e16962a519|rpc:10.1.0.13:42981|dataStream:10.1.0.13:39737|priority:0|startupRole:FOLLOWER, 5c8f94db-7806-4776-a4fa-2f4c620ca121|rpc:10.1.0.13:34413|dataStream:10.1.0.13:42515|priority:0|startupRole:FOLLOWER]|listeners:[], old=null
2023-01-03 10:07:15,995 [pool-322-thread-1] INFO  server.RaftServer$Division (RaftServerImpl.java:setRole(321)) - 2c63000f-a9ba-4116-8021-1fc7d553c7a4@group-581C63CE7A5F: changes role from      null to FOLLOWER at term 0 for startAsFollower
2023-01-03 10:07:15,995 [pool-322-thread-1] INFO  impl.RoleInfo (RoleInfo.java:updateAndGet(139)) - 2c63000f-a9ba-4116-8021-1fc7d553c7a4: start 2c63000f-a9ba-4116-8021-1fc7d553c7a4@group-581C63CE7A5F-FollowerState
2023-01-03 10:07:15,997 [pool-322-thread-1] INFO  util.JmxRegister (JmxRegister.java:tryRegister(44)) - Successfully registered JMX Bean with object name Ratis:service=RaftServer,group=group-581C63CE7A5F,id=2c63000f-a9ba-4116-8021-1fc7d553c7a4
2023-01-03 10:07:15,997 [pool-322-thread-1] INFO  server.RaftServerConfigKeys (ConfUtils.java:logGet(46)) - raft.server.snapshot.auto.trigger.enabled = true (custom)
2023-01-03 10:07:15,997 [pool-322-thread-1] INFO  server.RaftServerConfigKeys (ConfUtils.java:logGet(46)) - raft.server.snapshot.auto.trigger.threshold = 10000 (custom)
2023-01-03 10:07:15,997 [pool-322-thread-1] INFO  server.RaftServerConfigKeys (ConfUtils.java:logGet(46)) - raft.server.snapshot.retention.file.num = 5 (custom)
2023-01-03 10:07:15,998 [pool-322-thread-1] INFO  server.RaftServerConfigKeys (ConfUtils.java:logGet(46)) - raft.server.log.purge.upto.snapshot.index = false (default)
2023-01-03 10:07:15,998 [2c63000f-a9ba-4116-8021-1fc7d553c7a4@group-581C63CE7A5F-FollowerState] INFO  server.RaftServerConfigKeys (ConfUtils.java:logFallback(53)) - raft.server.rpc.first-election.timeout.min = 5s (fallback to raft.server.rpc.timeout.min)
2023-01-03 10:07:15,998 [2c63000f-a9ba-4116-8021-1fc7d553c7a4@group-581C63CE7A5F-FollowerState] INFO  server.RaftServerConfigKeys (ConfUtils.java:logFallback(53)) - raft.server.rpc.first-election.timeout.max = 5200ms (fallback to raft.server.rpc.timeout.max)
2023-01-03 10:07:16,004 [Command processor thread] INFO  commandhandler.CreatePipelineCommandHandler (CreatePipelineCommandHandler.java:handle(113)) - Created Pipeline RATIS THREE PipelineID=45523f61-354c-4a86-9b7d-581c63ce7a5f.
2023-01-03 10:07:16,004 [Command processor thread] INFO  server.RaftServer (RaftServerProxy.java:addNew(96)) - 5c8f94db-7806-4776-a4fa-2f4c620ca121: addNew group-86BF502ABEED:[2c63000f-a9ba-4116-8021-1fc7d553c7a4|rpc:10.1.0.13:44077|dataStream:10.1.0.13:33143|priority:0|startupRole:FOLLOWER, ad81db47-82b5-4afb-987d-b3e16962a519|rpc:10.1.0.13:42981|dataStream:10.1.0.13:39737|priority:1|startupRole:FOLLOWER, 5c8f94db-7806-4776-a4fa-2f4c620ca121|rpc:10.1.0.13:34413|dataStream:10.1.0.13:42515|priority:0|startupRole:FOLLOWER] returns group-86BF502ABEED:java.util.concurrent.CompletableFuture@2bb2176a[Not completed]
2023-01-03 10:07:16,005 [pool-276-thread-1] INFO  server.RaftServer$Division (RaftServerImpl.java:<init>(195)) - 5c8f94db-7806-4776-a4fa-2f4c620ca121: new RaftServerImpl for group-86BF502ABEED:[2c63000f-a9ba-4116-8021-1fc7d553c7a4|rpc:10.1.0.13:44077|dataStream:10.1.0.13:33143|priority:0|startupRole:FOLLOWER, ad81db47-82b5-4afb-987d-b3e16962a519|rpc:10.1.0.13:42981|dataStream:10.1.0.13:39737|priority:1|startupRole:FOLLOWER, 5c8f94db-7806-4776-a4fa-2f4c620ca121|rpc:10.1.0.13:34413|dataStream:10.1.0.13:42515|priority:0|startupRole:FOLLOWER] with ContainerStateMachine:uninitialized
2023-01-03 10:07:16,005 [pool-276-thread-1] INFO  server.RaftServerConfigKeys (ConfUtils.java:logGet(46)) - raft.server.rpc.timeout.min = 5s (custom)
2023-01-03 10:07:16,005 [pool-276-thread-1] INFO  server.RaftServerConfigKeys (ConfUtils.java:logGet(46)) - raft.server.rpc.timeout.max = 5200ms (custom)
2023-01-03 10:07:16,005 [pool-276-thread-1] INFO  server.RaftServerConfigKeys (ConfUtils.java:logGet(46)) - raft.server.rpc.sleep.time = 25ms (default)
2023-01-03 10:07:16,005 [pool-276-thread-1] INFO  server.RaftServerConfigKeys (ConfUtils.java:logGet(46)) - raft.server.rpc.slowness.timeout = 300s (custom)
2023-01-03 10:07:16,005 [pool-276-thread-1] INFO  server.RaftServerConfigKeys (ConfUtils.java:logGet(46)) - raft.server.leaderelection.leader.step-down.wait-time = 10s (default)
2023-01-03 10:07:16,005 [pool-276-thread-1] INFO  server.RaftServerConfigKeys (ConfUtils.java:logGet(46)) - raft.server.sleep.deviation.threshold = 300ms (default)
2023-01-03 10:07:16,005 [pool-276-thread-1] INFO  server.RaftServer$Division (ServerState.java:<init>(118)) - 5c8f94db-7806-4776-a4fa-2f4c620ca121@group-86BF502ABEED: ConfigurationManager, init=-1: peers:[2c63000f-a9ba-4116-8021-1fc7d553c7a4|rpc:10.1.0.13:44077|dataStream:10.1.0.13:33143|priority:0|startupRole:FOLLOWER, ad81db47-82b5-4afb-987d-b3e16962a519|rpc:10.1.0.13:42981|dataStream:10.1.0.13:39737|priority:1|startupRole:FOLLOWER, 5c8f94db-7806-4776-a4fa-2f4c620ca121|rpc:10.1.0.13:34413|dataStream:10.1.0.13:42515|priority:0|startupRole:FOLLOWER]|listeners:[], old=null, confs=<EMPTY_MAP>
2023-01-03 10:07:16,005 [pool-276-thread-1] INFO  server.RaftServerConfigKeys (ConfUtils.java:logGet(46)) - raft.server.storage.dir = [/home/runner/work/ozone/ozone/hadoop-ozone/integration-test/target/test-dir/MiniOzoneClusterImpl-9af64d9f-ce66-432d-b755-d0db545afb98/datanode-0/data/ratis] (custom)
2023-01-03 10:07:16,005 [pool-276-thread-1] INFO  server.RaftServerConfigKeys (ConfUtils.java:logGet(46)) - raft.server.log.corruption.policy = EXCEPTION (default)
2023-01-03 10:07:16,005 [pool-276-thread-1] INFO  server.RaftServerConfigKeys (ConfUtils.java:logGet(46)) - raft.server.storage.free-space.min = 0MB (=0) (default)
2023-01-03 10:07:16,005 [pool-276-thread-1] INFO  server.RaftServerConfigKeys (ConfUtils.java:logGet(46)) - raft.server.notification.no-leader.timeout = 300s (custom)
2023-01-03 10:07:16,005 [pool-276-thread-1] INFO  server.RaftServerConfigKeys (ConfUtils.java:logGet(46)) - raft.server.retrycache.expirytime = 600000ms (custom)
2023-01-03 10:07:16,005 [pool-276-thread-1] INFO  server.RaftServerConfigKeys (ConfUtils.java:logGet(46)) - raft.server.retrycache.statistics.expirytime = 100μs (default)
2023-01-03 10:07:16,006 [pool-276-thread-1] INFO  server.RaftServerConfigKeys (ConfUtils.java:logGet(46)) - raft.server.log.appender.install.snapshot.enabled = false (custom)
2023-01-03 10:07:16,006 [pool-276-thread-1] INFO  server.RaftServerConfigKeys (ConfUtils.java:logGet(46)) - raft.server.threadpool.server.cached = true (default)
2023-01-03 10:07:16,006 [pool-276-thread-1] INFO  server.RaftServerConfigKeys (ConfUtils.java:logGet(46)) - raft.server.threadpool.server.size = 0 (default)
2023-01-03 10:07:16,006 [pool-276-thread-1] INFO  server.RaftServerConfigKeys (ConfUtils.java:logGet(46)) - raft.server.threadpool.client.cached = true (default)
2023-01-03 10:07:16,006 [pool-276-thread-1] INFO  server.RaftServerConfigKeys (ConfUtils.java:logGet(46)) - raft.server.threadpool.client.size = 0 (default)
2023-01-03 10:07:16,006 [pool-276-thread-1] INFO  storage.RaftStorageDirectory (RaftStorageDirectoryImpl.java:analyzeStorage(137)) - The storage directory /home/runner/work/ozone/ozone/hadoop-ozone/integration-test/target/test-dir/MiniOzoneClusterImpl-9af64d9f-ce66-432d-b755-d0db545afb98/datanode-0/data/ratis/9b2fb099-69d4-424e-a0cb-86bf502abeed does not exist. Creating ...
2023-01-03 10:07:16,007 [pool-276-thread-1] INFO  storage.RaftStorageDirectory (RaftStorageDirectoryImpl.java:tryLock(231)) - Lock on /home/runner/work/ozone/ozone/hadoop-ozone/integration-test/target/test-dir/MiniOzoneClusterImpl-9af64d9f-ce66-432d-b755-d0db545afb98/datanode-0/data/ratis/9b2fb099-69d4-424e-a0cb-86bf502abeed/in_use.lock acquired by nodename 9440@fv-az292-374
2023-01-03 10:07:16,008 [pool-276-thread-1] INFO  storage.RaftStorage (RaftStorageImpl.java:format(96)) - Storage directory /home/runner/work/ozone/ozone/hadoop-ozone/integration-test/target/test-dir/MiniOzoneClusterImpl-9af64d9f-ce66-432d-b755-d0db545afb98/datanode-0/data/ratis/9b2fb099-69d4-424e-a0cb-86bf502abeed has been successfully formatted.
2023-01-03 10:07:16,008 [pool-276-thread-1] INFO  ratis.ContainerStateMachine (ContainerStateMachine.java:loadSnapshot(240)) - group-86BF502ABEED: The snapshot info is null. Setting the last applied indexto:(t:0, i:~)
2023-01-03 10:07:16,009 [pool-276-thread-1] INFO  server.RaftServerConfigKeys (ConfUtils.java:logGet(46)) - raft.server.log.use.memory = false (default)
2023-01-03 10:07:16,009 [EventQueue-OpenPipelineForHealthyPipelineSafeModeRule] INFO  safemode.SCMSafeModeManager (HealthyPipelineSafeModeRule.java:process(137)) - SCM in safe mode. Healthy pipelines reported count is 0, required healthy pipeline reported count is 1
2023-01-03 10:07:16,009 [pool-276-thread-1] INFO  server.RaftServerConfigKeys (ConfUtils.java:logGet(46)) - raft.server.log.purge.gap = 1000000 (custom)
2023-01-03 10:07:16,009 [EventQueue-CommandQueueReportForCommandQueueReportHandler] WARN  events.EventQueue (EventQueue.java:fireEvent(216)) - No event handler registered for event TypedEvent{payloadType=DatanodeDetails, name='Datanode_Command_Queue_Updated'}
2023-01-03 10:07:16,009 [pool-276-thread-1] INFO  server.RaftServerConfigKeys (ConfUtils.java:logGet(46)) - raft.server.log.appender.buffer.byte-limit = 33554432 (custom)
2023-01-03 10:07:16,009 [pool-276-thread-1] INFO  server.RaftServerConfigKeys (ConfUtils.java:logGet(46)) - raft.server.log.statemachine.data.read.timeout = 1000ms (default)
2023-01-03 10:07:16,009 [pool-276-thread-1] INFO  server.RaftServerConfigKeys (ConfUtils.java:logGet(46)) - raft.server.log.purge.preservation.log.num = 0 (default)
2023-01-03 10:07:16,010 [pool-276-thread-1] INFO  server.RaftServerConfigKeys (ConfUtils.java:logGet(46)) - raft.server.log.segment.size.max = 1048576 (custom)
2023-01-03 10:07:16,010 [pool-276-thread-1] INFO  server.RaftServerConfigKeys (ConfUtils.java:logGet(46)) - raft.server.log.segment.cache.num.max = 2 (custom)
2023-01-03 10:07:16,010 [pool-276-thread-1] INFO  server.RaftServerConfigKeys (ConfUtils.java:logGet(46)) - raft.server.log.segment.cache.size.max = 200MB (=209715200) (default)
2023-01-03 10:07:16,010 [pool-276-thread-1] INFO  segmented.SegmentedRaftLogWorker (SegmentedRaftLogWorker.java:<init>(189)) - new 5c8f94db-7806-4776-a4fa-2f4c620ca121@group-86BF502ABEED-SegmentedRaftLogWorker for RaftStorageImpl:Storage Directory /home/runner/work/ozone/ozone/hadoop-ozone/integration-test/target/test-dir/MiniOzoneClusterImpl-9af64d9f-ce66-432d-b755-d0db545afb98/datanode-0/data/ratis/9b2fb099-69d4-424e-a0cb-86bf502abeed
2023-01-03 10:07:16,010 [pool-276-thread-1] INFO  server.RaftServerConfigKeys (ConfUtils.java:logGet(46)) - raft.server.log.queue.byte-limit = 4294967296 (custom)
2023-01-03 10:07:16,010 [pool-276-thread-1] INFO  server.RaftServerConfigKeys (ConfUtils.java:logGet(46)) - raft.server.log.queue.element-limit = 1024 (custom)
2023-01-03 10:07:16,010 [pool-276-thread-1] INFO  server.RaftServerConfigKeys (ConfUtils.java:logGet(46)) - raft.server.log.segment.size.max = 1048576 (custom)
2023-01-03 10:07:16,010 [pool-276-thread-1] INFO  server.RaftServerConfigKeys (ConfUtils.java:logGet(46)) - raft.server.log.preallocated.size = 16384 (custom)
2023-01-03 10:07:16,010 [pool-276-thread-1] INFO  server.RaftServerConfigKeys (ConfUtils.java:logGet(46)) - raft.server.log.force.sync.num = 128 (default)
2023-01-03 10:07:16,010 [pool-276-thread-1] INFO  server.RaftServerConfigKeys (ConfUtils.java:logGet(46)) - raft.server.log.statemachine.data.sync = true (default)
2023-01-03 10:07:16,010 [pool-276-thread-1] INFO  server.RaftServerConfigKeys (ConfUtils.java:logGet(46)) - raft.server.log.statemachine.data.sync.timeout = 10s (default)
2023-01-03 10:07:16,010 [pool-276-thread-1] INFO  server.RaftServerConfigKeys (ConfUtils.java:logGet(46)) - raft.server.log.statemachine.data.sync.timeout.retry = -1 (default)
2023-01-03 10:07:16,011 [pool-276-thread-1] INFO  server.RaftServerConfigKeys (ConfUtils.java:logGet(46)) - raft.server.log.write.buffer.size = 1048576 (custom)
2023-01-03 10:07:16,011 [pool-276-thread-1] INFO  server.RaftServerConfigKeys (ConfUtils.java:logGet(46)) - raft.server.log.appender.buffer.byte-limit = 33554432 (custom)
2023-01-03 10:07:16,013 [pool-276-thread-1] INFO  server.RaftServerConfigKeys (ConfUtils.java:logGet(46)) - raft.server.log.unsafe-flush.enabled = false (default)
2023-01-03 10:07:16,013 [pool-276-thread-1] INFO  server.RaftServerConfigKeys (ConfUtils.java:logGet(46)) - raft.server.log.async-flush.enabled = false (default)
2023-01-03 10:07:16,013 [pool-276-thread-1] INFO  server.RaftServerConfigKeys (ConfUtils.java:logGet(46)) - raft.server.log.statemachine.data.caching.enabled = true (custom)
2023-01-03 10:07:16,014 [pool-276-thread-1] INFO  segmented.SegmentedRaftLogWorker (SegmentedRaftLogWorker.java:lambda$new$0(135)) - 5c8f94db-7806-4776-a4fa-2f4c620ca121@group-86BF502ABEED-SegmentedRaftLogWorker: flushIndex: setUnconditionally 0 -> -1
2023-01-03 10:07:16,014 [pool-276-thread-1] INFO  segmented.SegmentedRaftLogWorker (SegmentedRaftLogWorker.java:lambda$new$0(135)) - 5c8f94db-7806-4776-a4fa-2f4c620ca121@group-86BF502ABEED-SegmentedRaftLogWorker: safeCacheEvictIndex: setUnconditionally 0 -> -1
2023-01-03 10:07:16,014 [pool-276-thread-1] INFO  server.RaftServer$Division (RaftServerImpl.java:start(334)) - 5c8f94db-7806-4776-a4fa-2f4c620ca121@group-86BF502ABEED: start as a follower, conf=-1: peers:[2c63000f-a9ba-4116-8021-1fc7d553c7a4|rpc:10.1.0.13:44077|dataStream:10.1.0.13:33143|priority:0|startupRole:FOLLOWER, ad81db47-82b5-4afb-987d-b3e16962a519|rpc:10.1.0.13:42981|dataStream:10.1.0.13:39737|priority:1|startupRole:FOLLOWER, 5c8f94db-7806-4776-a4fa-2f4c620ca121|rpc:10.1.0.13:34413|dataStream:10.1.0.13:42515|priority:0|startupRole:FOLLOWER]|listeners:[], old=null
2023-01-03 10:07:16,014 [pool-276-thread-1] INFO  server.RaftServer$Division (RaftServerImpl.java:setRole(321)) - 5c8f94db-7806-4776-a4fa-2f4c620ca121@group-86BF502ABEED: changes role from      null to FOLLOWER at term 0 for startAsFollower
2023-01-03 10:07:16,014 [pool-276-thread-1] INFO  impl.RoleInfo (RoleInfo.java:updateAndGet(139)) - 5c8f94db-7806-4776-a4fa-2f4c620ca121: start 5c8f94db-7806-4776-a4fa-2f4c620ca121@group-86BF502ABEED-FollowerState
2023-01-03 10:07:16,015 [pool-276-thread-1] INFO  util.JmxRegister (JmxRegister.java:tryRegister(44)) - Successfully registered JMX Bean with object name Ratis:service=RaftServer,group=group-86BF502ABEED,id=5c8f94db-7806-4776-a4fa-2f4c620ca121
2023-01-03 10:07:16,015 [pool-276-thread-1] INFO  server.RaftServerConfigKeys (ConfUtils.java:logGet(46)) - raft.server.snapshot.auto.trigger.enabled = true (custom)
2023-01-03 10:07:16,015 [pool-276-thread-1] INFO  server.RaftServerConfigKeys (ConfUtils.java:logGet(46)) - raft.server.snapshot.auto.trigger.threshold = 10000 (custom)
2023-01-03 10:07:16,015 [pool-276-thread-1] INFO  server.RaftServerConfigKeys (ConfUtils.java:logGet(46)) - raft.server.snapshot.retention.file.num = 5 (custom)
2023-01-03 10:07:16,015 [pool-276-thread-1] INFO  server.RaftServerConfigKeys (ConfUtils.java:logGet(46)) - raft.server.log.purge.upto.snapshot.index = false (default)
2023-01-03 10:07:16,015 [5c8f94db-7806-4776-a4fa-2f4c620ca121@group-86BF502ABEED-FollowerState] INFO  server.RaftServerConfigKeys (ConfUtils.java:logFallback(53)) - raft.server.rpc.first-election.timeout.min = 5s (fallback to raft.server.rpc.timeout.min)
2023-01-03 10:07:16,015 [5c8f94db-7806-4776-a4fa-2f4c620ca121@group-86BF502ABEED-FollowerState] INFO  server.RaftServerConfigKeys (ConfUtils.java:logFallback(53)) - raft.server.rpc.first-election.timeout.max = 5200ms (fallback to raft.server.rpc.timeout.max)
2023-01-03 10:07:16,015 [Command processor thread] INFO  ratis.XceiverServerRatis (XceiverServerRatis.java:addGroup(806)) - Created group PipelineID=9b2fb099-69d4-424e-a0cb-86bf502abeed
2023-01-03 10:07:16,021 [grpc-default-executor-0] INFO  server.RaftServer (RaftServerProxy.java:addNew(96)) - ad81db47-82b5-4afb-987d-b3e16962a519: addNew group-86BF502ABEED:[2c63000f-a9ba-4116-8021-1fc7d553c7a4|rpc:10.1.0.13:44077|dataStream:10.1.0.13:33143|priority:0|startupRole:FOLLOWER, ad81db47-82b5-4afb-987d-b3e16962a519|rpc:10.1.0.13:42981|dataStream:10.1.0.13:39737|priority:1|startupRole:FOLLOWER, 5c8f94db-7806-4776-a4fa-2f4c620ca121|rpc:10.1.0.13:34413|dataStream:10.1.0.13:42515|priority:0|startupRole:FOLLOWER] returns group-86BF502ABEED:java.util.concurrent.CompletableFuture@846e5ff[Not completed]
2023-01-03 10:07:16,023 [pool-299-thread-1] INFO  server.RaftServer$Division (RaftServerImpl.java:<init>(195)) - ad81db47-82b5-4afb-987d-b3e16962a519: new RaftServerImpl for group-86BF502ABEED:[2c63000f-a9ba-4116-8021-1fc7d553c7a4|rpc:10.1.0.13:44077|dataStream:10.1.0.13:33143|priority:0|startupRole:FOLLOWER, ad81db47-82b5-4afb-987d-b3e16962a519|rpc:10.1.0.13:42981|dataStream:10.1.0.13:39737|priority:1|startupRole:FOLLOWER, 5c8f94db-7806-4776-a4fa-2f4c620ca121|rpc:10.1.0.13:34413|dataStream:10.1.0.13:42515|priority:0|startupRole:FOLLOWER] with ContainerStateMachine:uninitialized
2023-01-03 10:07:16,023 [pool-299-thread-1] INFO  server.RaftServerConfigKeys (ConfUtils.java:logGet(46)) - raft.server.rpc.timeout.min = 5s (custom)
2023-01-03 10:07:16,023 [pool-299-thread-1] INFO  server.RaftServerConfigKeys (ConfUtils.java:logGet(46)) - raft.server.rpc.timeout.max = 5200ms (custom)
2023-01-03 10:07:16,023 [pool-299-thread-1] INFO  server.RaftServerConfigKeys (ConfUtils.java:logGet(46)) - raft.server.rpc.sleep.time = 25ms (default)
2023-01-03 10:07:16,023 [pool-299-thread-1] INFO  server.RaftServerConfigKeys (ConfUtils.java:logGet(46)) - raft.server.rpc.slowness.timeout = 300s (custom)
2023-01-03 10:07:16,023 [pool-299-thread-1] INFO  server.RaftServerConfigKeys (ConfUtils.java:logGet(46)) - raft.server.leaderelection.leader.step-down.wait-time = 10s (default)
2023-01-03 10:07:16,023 [pool-299-thread-1] INFO  server.RaftServerConfigKeys (ConfUtils.java:logGet(46)) - raft.server.sleep.deviation.threshold = 300ms (default)
2023-01-03 10:07:16,023 [pool-299-thread-1] INFO  server.RaftServer$Division (ServerState.java:<init>(118)) - ad81db47-82b5-4afb-987d-b3e16962a519@group-86BF502ABEED: ConfigurationManager, init=-1: peers:[2c63000f-a9ba-4116-8021-1fc7d553c7a4|rpc:10.1.0.13:44077|dataStream:10.1.0.13:33143|priority:0|startupRole:FOLLOWER, ad81db47-82b5-4afb-987d-b3e16962a519|rpc:10.1.0.13:42981|dataStream:10.1.0.13:39737|priority:1|startupRole:FOLLOWER, 5c8f94db-7806-4776-a4fa-2f4c620ca121|rpc:10.1.0.13:34413|dataStream:10.1.0.13:42515|priority:0|startupRole:FOLLOWER]|listeners:[], old=null, confs=<EMPTY_MAP>
2023-01-03 10:07:16,024 [pool-299-thread-1] INFO  server.RaftServerConfigKeys (ConfUtils.java:logGet(46)) - raft.server.storage.dir = [/home/runner/work/ozone/ozone/hadoop-ozone/integration-test/target/test-dir/MiniOzoneClusterImpl-9af64d9f-ce66-432d-b755-d0db545afb98/datanode-1/data/ratis] (custom)
2023-01-03 10:07:16,024 [pool-299-thread-1] INFO  server.RaftServerConfigKeys (ConfUtils.java:logGet(46)) - raft.server.log.corruption.policy = EXCEPTION (default)
2023-01-03 10:07:16,024 [pool-299-thread-1] INFO  server.RaftServerConfigKeys (ConfUtils.java:logGet(46)) - raft.server.storage.free-space.min = 0MB (=0) (default)
2023-01-03 10:07:16,024 [pool-299-thread-1] INFO  server.RaftServerConfigKeys (ConfUtils.java:logGet(46)) - raft.server.notification.no-leader.timeout = 300s (custom)
2023-01-03 10:07:16,024 [pool-299-thread-1] INFO  server.RaftServerConfigKeys (ConfUtils.java:logGet(46)) - raft.server.retrycache.expirytime = 600000ms (custom)
2023-01-03 10:07:16,024 [pool-299-thread-1] INFO  server.RaftServerConfigKeys (ConfUtils.java:logGet(46)) - raft.server.retrycache.statistics.expirytime = 100μs (default)
2023-01-03 10:07:16,024 [pool-299-thread-1] INFO  server.RaftServerConfigKeys (ConfUtils.java:logGet(46)) - raft.server.log.appender.install.snapshot.enabled = false (custom)
2023-01-03 10:07:16,024 [pool-299-thread-1] INFO  server.RaftServerConfigKeys (ConfUtils.java:logGet(46)) - raft.server.threadpool.server.cached = true (default)
2023-01-03 10:07:16,025 [pool-299-thread-1] INFO  server.RaftServerConfigKeys (ConfUtils.java:logGet(46)) - raft.server.threadpool.server.size = 0 (default)
2023-01-03 10:07:16,025 [pool-299-thread-1] INFO  server.RaftServerConfigKeys (ConfUtils.java:logGet(46)) - raft.server.threadpool.client.cached = true (default)
2023-01-03 10:07:16,025 [pool-299-thread-1] INFO  server.RaftServerConfigKeys (ConfUtils.java:logGet(46)) - raft.server.threadpool.client.size = 0 (default)
2023-01-03 10:07:16,025 [pool-299-thread-1] INFO  storage.RaftStorageDirectory (RaftStorageDirectoryImpl.java:analyzeStorage(137)) - The storage directory /home/runner/work/ozone/ozone/hadoop-ozone/integration-test/target/test-dir/MiniOzoneClusterImpl-9af64d9f-ce66-432d-b755-d0db545afb98/datanode-1/data/ratis/9b2fb099-69d4-424e-a0cb-86bf502abeed does not exist. Creating ...
2023-01-03 10:07:16,026 [pool-299-thread-1] INFO  storage.RaftStorageDirectory (RaftStorageDirectoryImpl.java:tryLock(231)) - Lock on /home/runner/work/ozone/ozone/hadoop-ozone/integration-test/target/test-dir/MiniOzoneClusterImpl-9af64d9f-ce66-432d-b755-d0db545afb98/datanode-1/data/ratis/9b2fb099-69d4-424e-a0cb-86bf502abeed/in_use.lock acquired by nodename 9440@fv-az292-374
2023-01-03 10:07:16,029 [pool-299-thread-1] INFO  storage.RaftStorage (RaftStorageImpl.java:format(96)) - Storage directory /home/runner/work/ozone/ozone/hadoop-ozone/integration-test/target/test-dir/MiniOzoneClusterImpl-9af64d9f-ce66-432d-b755-d0db545afb98/datanode-1/data/ratis/9b2fb099-69d4-424e-a0cb-86bf502abeed has been successfully formatted.
2023-01-03 10:07:16,029 [pool-299-thread-1] INFO  ratis.ContainerStateMachine (ContainerStateMachine.java:loadSnapshot(240)) - group-86BF502ABEED: The snapshot info is null. Setting the last applied indexto:(t:0, i:~)
2023-01-03 10:07:16,030 [EventQueue-CommandQueueReportForCommandQueueReportHandler] WARN  events.EventQueue (EventQueue.java:fireEvent(216)) - No event handler registered for event TypedEvent{payloadType=DatanodeDetails, name='Datanode_Command_Queue_Updated'}
2023-01-03 10:07:16,030 [pool-299-thread-1] INFO  server.RaftServerConfigKeys (ConfUtils.java:logGet(46)) - raft.server.log.use.memory = false (default)
2023-01-03 10:07:16,030 [pool-299-thread-1] INFO  server.RaftServerConfigKeys (ConfUtils.java:logGet(46)) - raft.server.log.purge.gap = 1000000 (custom)
2023-01-03 10:07:16,030 [pool-299-thread-1] INFO  server.RaftServerConfigKeys (ConfUtils.java:logGet(46)) - raft.server.log.appender.buffer.byte-limit = 33554432 (custom)
2023-01-03 10:07:16,031 [pool-299-thread-1] INFO  server.RaftServerConfigKeys (ConfUtils.java:logGet(46)) - raft.server.log.statemachine.data.read.timeout = 1000ms (default)
2023-01-03 10:07:16,031 [pool-299-thread-1] INFO  server.RaftServerConfigKeys (ConfUtils.java:logGet(46)) - raft.server.log.purge.preservation.log.num = 0 (default)
2023-01-03 10:07:16,031 [pool-299-thread-1] INFO  server.RaftServerConfigKeys (ConfUtils.java:logGet(46)) - raft.server.log.segment.size.max = 1048576 (custom)
2023-01-03 10:07:16,031 [pool-299-thread-1] INFO  server.RaftServerConfigKeys (ConfUtils.java:logGet(46)) - raft.server.log.segment.cache.num.max = 2 (custom)
2023-01-03 10:07:16,031 [pool-299-thread-1] INFO  server.RaftServerConfigKeys (ConfUtils.java:logGet(46)) - raft.server.log.segment.cache.size.max = 200MB (=209715200) (default)
2023-01-03 10:07:16,031 [pool-299-thread-1] INFO  segmented.SegmentedRaftLogWorker (SegmentedRaftLogWorker.java:<init>(189)) - new ad81db47-82b5-4afb-987d-b3e16962a519@group-86BF502ABEED-SegmentedRaftLogWorker for RaftStorageImpl:Storage Directory /home/runner/work/ozone/ozone/hadoop-ozone/integration-test/target/test-dir/MiniOzoneClusterImpl-9af64d9f-ce66-432d-b755-d0db545afb98/datanode-1/data/ratis/9b2fb099-69d4-424e-a0cb-86bf502abeed
2023-01-03 10:07:16,031 [pool-299-thread-1] INFO  server.RaftServerConfigKeys (ConfUtils.java:logGet(46)) - raft.server.log.queue.byte-limit = 4294967296 (custom)
2023-01-03 10:07:16,031 [pool-299-thread-1] INFO  server.RaftServerConfigKeys (ConfUtils.java:logGet(46)) - raft.server.log.queue.element-limit = 1024 (custom)
2023-01-03 10:07:16,031 [pool-299-thread-1] INFO  server.RaftServerConfigKeys (ConfUtils.java:logGet(46)) - raft.server.log.segment.size.max = 1048576 (custom)
2023-01-03 10:07:16,031 [pool-299-thread-1] INFO  server.RaftServerConfigKeys (ConfUtils.java:logGet(46)) - raft.server.log.preallocated.size = 16384 (custom)
2023-01-03 10:07:16,031 [pool-299-thread-1] INFO  server.RaftServerConfigKeys (ConfUtils.java:logGet(46)) - raft.server.log.force.sync.num = 128 (default)
2023-01-03 10:07:16,031 [pool-299-thread-1] INFO  server.RaftServerConfigKeys (ConfUtils.java:logGet(46)) - raft.server.log.statemachine.data.sync = true (default)
2023-01-03 10:07:16,031 [pool-299-thread-1] INFO  server.RaftServerConfigKeys (ConfUtils.java:logGet(46)) - raft.server.log.statemachine.data.sync.timeout = 10s (default)
2023-01-03 10:07:16,031 [pool-299-thread-1] INFO  server.RaftServerConfigKeys (ConfUtils.java:logGet(46)) - raft.server.log.statemachine.data.sync.timeout.retry = -1 (default)
2023-01-03 10:07:16,032 [pool-299-thread-1] INFO  server.RaftServerConfigKeys (ConfUtils.java:logGet(46)) - raft.server.log.write.buffer.size = 1048576 (custom)
2023-01-03 10:07:16,032 [pool-299-thread-1] INFO  server.RaftServerConfigKeys (ConfUtils.java:logGet(46)) - raft.server.log.appender.buffer.byte-limit = 33554432 (custom)
2023-01-03 10:07:16,036 [pool-299-thread-1] INFO  server.RaftServerConfigKeys (ConfUtils.java:logGet(46)) - raft.server.log.unsafe-flush.enabled = false (default)
2023-01-03 10:07:16,036 [pool-299-thread-1] INFO  server.RaftServerConfigKeys (ConfUtils.java:logGet(46)) - raft.server.log.async-flush.enabled = false (default)
2023-01-03 10:07:16,037 [pool-299-thread-1] INFO  server.RaftServerConfigKeys (ConfUtils.java:logGet(46)) - raft.server.log.statemachine.data.caching.enabled = true (custom)
2023-01-03 10:07:16,037 [pool-299-thread-1] INFO  segmented.SegmentedRaftLogWorker (SegmentedRaftLogWorker.java:lambda$new$0(135)) - ad81db47-82b5-4afb-987d-b3e16962a519@group-86BF502ABEED-SegmentedRaftLogWorker: flushIndex: setUnconditionally 0 -> -1
2023-01-03 10:07:16,037 [pool-299-thread-1] INFO  segmented.SegmentedRaftLogWorker (SegmentedRaftLogWorker.java:lambda$new$0(135)) - ad81db47-82b5-4afb-987d-b3e16962a519@group-86BF502ABEED-SegmentedRaftLogWorker: safeCacheEvictIndex: setUnconditionally 0 -> -1
2023-01-03 10:07:16,037 [pool-299-thread-1] INFO  server.RaftServer$Division (RaftServerImpl.java:start(334)) - ad81db47-82b5-4afb-987d-b3e16962a519@group-86BF502ABEED: start as a follower, conf=-1: peers:[2c63000f-a9ba-4116-8021-1fc7d553c7a4|rpc:10.1.0.13:44077|dataStream:10.1.0.13:33143|priority:0|startupRole:FOLLOWER, ad81db47-82b5-4afb-987d-b3e16962a519|rpc:10.1.0.13:42981|dataStream:10.1.0.13:39737|priority:1|startupRole:FOLLOWER, 5c8f94db-7806-4776-a4fa-2f4c620ca121|rpc:10.1.0.13:34413|dataStream:10.1.0.13:42515|priority:0|startupRole:FOLLOWER]|listeners:[], old=null
2023-01-03 10:07:16,037 [pool-299-thread-1] INFO  server.RaftServer$Division (RaftServerImpl.java:setRole(321)) - ad81db47-82b5-4afb-987d-b3e16962a519@group-86BF502ABEED: changes role from      null to FOLLOWER at term 0 for startAsFollower
2023-01-03 10:07:16,037 [pool-299-thread-1] INFO  impl.RoleInfo (RoleInfo.java:updateAndGet(139)) - ad81db47-82b5-4afb-987d-b3e16962a519: start ad81db47-82b5-4afb-987d-b3e16962a519@group-86BF502ABEED-FollowerState
2023-01-03 10:07:16,041 [pool-299-thread-1] INFO  util.JmxRegister (JmxRegister.java:tryRegister(44)) - Successfully registered JMX Bean with object name Ratis:service=RaftServer,group=group-86BF502ABEED,id=ad81db47-82b5-4afb-987d-b3e16962a519
2023-01-03 10:07:16,041 [pool-299-thread-1] INFO  server.RaftServerConfigKeys (ConfUtils.java:logGet(46)) - raft.server.snapshot.auto.trigger.enabled = true (custom)
2023-01-03 10:07:16,041 [pool-299-thread-1] INFO  server.RaftServerConfigKeys (ConfUtils.java:logGet(46)) - raft.server.snapshot.auto.trigger.threshold = 10000 (custom)
2023-01-03 10:07:16,042 [pool-299-thread-1] INFO  server.RaftServerConfigKeys (ConfUtils.java:logGet(46)) - raft.server.snapshot.retention.file.num = 5 (custom)
2023-01-03 10:07:16,042 [pool-299-thread-1] INFO  server.RaftServerConfigKeys (ConfUtils.java:logGet(46)) - raft.server.log.purge.upto.snapshot.index = false (default)
2023-01-03 10:07:16,042 [ad81db47-82b5-4afb-987d-b3e16962a519@group-86BF502ABEED-FollowerState] INFO  server.RaftServerConfigKeys (ConfUtils.java:logFallback(53)) - raft.server.rpc.first-election.timeout.min = 5s (fallback to raft.server.rpc.timeout.min)
2023-01-03 10:07:16,042 [ad81db47-82b5-4afb-987d-b3e16962a519@group-86BF502ABEED-FollowerState] INFO  server.RaftServerConfigKeys (ConfUtils.java:logFallback(53)) - raft.server.rpc.first-election.timeout.max = 5200ms (fallback to raft.server.rpc.timeout.max)
2023-01-03 10:07:16,055 [grpc-default-executor-0] INFO  server.RaftServer (RaftServerProxy.java:addNew(96)) - 2c63000f-a9ba-4116-8021-1fc7d553c7a4: addNew group-86BF502ABEED:[2c63000f-a9ba-4116-8021-1fc7d553c7a4|rpc:10.1.0.13:44077|dataStream:10.1.0.13:33143|priority:0|startupRole:FOLLOWER, ad81db47-82b5-4afb-987d-b3e16962a519|rpc:10.1.0.13:42981|dataStream:10.1.0.13:39737|priority:1|startupRole:FOLLOWER, 5c8f94db-7806-4776-a4fa-2f4c620ca121|rpc:10.1.0.13:34413|dataStream:10.1.0.13:42515|priority:0|startupRole:FOLLOWER] returns group-86BF502ABEED:java.util.concurrent.CompletableFuture@4a59f45f[Not completed]
2023-01-03 10:07:16,055 [pool-322-thread-1] INFO  server.RaftServer$Division (RaftServerImpl.java:<init>(195)) - 2c63000f-a9ba-4116-8021-1fc7d553c7a4: new RaftServerImpl for group-86BF502ABEED:[2c63000f-a9ba-4116-8021-1fc7d553c7a4|rpc:10.1.0.13:44077|dataStream:10.1.0.13:33143|priority:0|startupRole:FOLLOWER, ad81db47-82b5-4afb-987d-b3e16962a519|rpc:10.1.0.13:42981|dataStream:10.1.0.13:39737|priority:1|startupRole:FOLLOWER, 5c8f94db-7806-4776-a4fa-2f4c620ca121|rpc:10.1.0.13:34413|dataStream:10.1.0.13:42515|priority:0|startupRole:FOLLOWER] with ContainerStateMachine:uninitialized
2023-01-03 10:07:16,056 [pool-322-thread-1] INFO  server.RaftServerConfigKeys (ConfUtils.java:logGet(46)) - raft.server.rpc.timeout.min = 5s (custom)
2023-01-03 10:07:16,056 [pool-322-thread-1] INFO  server.RaftServerConfigKeys (ConfUtils.java:logGet(46)) - raft.server.rpc.timeout.max = 5200ms (custom)
2023-01-03 10:07:16,056 [pool-322-thread-1] INFO  server.RaftServerConfigKeys (ConfUtils.java:logGet(46)) - raft.server.rpc.sleep.time = 25ms (default)
2023-01-03 10:07:16,056 [pool-322-thread-1] INFO  server.RaftServerConfigKeys (ConfUtils.java:logGet(46)) - raft.server.rpc.slowness.timeout = 300s (custom)
2023-01-03 10:07:16,056 [pool-322-thread-1] INFO  server.RaftServerConfigKeys (ConfUtils.java:logGet(46)) - raft.server.leaderelection.leader.step-down.wait-time = 10s (default)
2023-01-03 10:07:16,056 [pool-322-thread-1] INFO  server.RaftServerConfigKeys (ConfUtils.java:logGet(46)) - raft.server.sleep.deviation.threshold = 300ms (default)
2023-01-03 10:07:16,056 [pool-322-thread-1] INFO  server.RaftServer$Division (ServerState.java:<init>(118)) - 2c63000f-a9ba-4116-8021-1fc7d553c7a4@group-86BF502ABEED: ConfigurationManager, init=-1: peers:[2c63000f-a9ba-4116-8021-1fc7d553c7a4|rpc:10.1.0.13:44077|dataStream:10.1.0.13:33143|priority:0|startupRole:FOLLOWER, ad81db47-82b5-4afb-987d-b3e16962a519|rpc:10.1.0.13:42981|dataStream:10.1.0.13:39737|priority:1|startupRole:FOLLOWER, 5c8f94db-7806-4776-a4fa-2f4c620ca121|rpc:10.1.0.13:34413|dataStream:10.1.0.13:42515|priority:0|startupRole:FOLLOWER]|listeners:[], old=null, confs=<EMPTY_MAP>
2023-01-03 10:07:16,056 [pool-322-thread-1] INFO  server.RaftServerConfigKeys (ConfUtils.java:logGet(46)) - raft.server.storage.dir = [/home/runner/work/ozone/ozone/hadoop-ozone/integration-test/target/test-dir/MiniOzoneClusterImpl-9af64d9f-ce66-432d-b755-d0db545afb98/datanode-2/data/ratis] (custom)
2023-01-03 10:07:16,056 [pool-322-thread-1] INFO  server.RaftServerConfigKeys (ConfUtils.java:logGet(46)) - raft.server.log.corruption.policy = EXCEPTION (default)
2023-01-03 10:07:16,056 [pool-322-thread-1] INFO  server.RaftServerConfigKeys (ConfUtils.java:logGet(46)) - raft.server.storage.free-space.min = 0MB (=0) (default)
2023-01-03 10:07:16,056 [pool-322-thread-1] INFO  server.RaftServerConfigKeys (ConfUtils.java:logGet(46)) - raft.server.notification.no-leader.timeout = 300s (custom)
2023-01-03 10:07:16,056 [pool-322-thread-1] INFO  server.RaftServerConfigKeys (ConfUtils.java:logGet(46)) - raft.server.retrycache.expirytime = 600000ms (custom)
2023-01-03 10:07:16,056 [pool-322-thread-1] INFO  server.RaftServerConfigKeys (ConfUtils.java:logGet(46)) - raft.server.retrycache.statistics.expirytime = 100μs (default)
2023-01-03 10:07:16,057 [pool-322-thread-1] INFO  server.RaftServerConfigKeys (ConfUtils.java:logGet(46)) - raft.server.log.appender.install.snapshot.enabled = false (custom)
2023-01-03 10:07:16,057 [pool-322-thread-1] INFO  server.RaftServerConfigKeys (ConfUtils.java:logGet(46)) - raft.server.threadpool.server.cached = true (default)
2023-01-03 10:07:16,057 [pool-322-thread-1] INFO  server.RaftServerConfigKeys (ConfUtils.java:logGet(46)) - raft.server.threadpool.server.size = 0 (default)
2023-01-03 10:07:16,057 [pool-322-thread-1] INFO  server.RaftServerConfigKeys (ConfUtils.java:logGet(46)) - raft.server.threadpool.client.cached = true (default)
2023-01-03 10:07:16,057 [pool-322-thread-1] INFO  server.RaftServerConfigKeys (ConfUtils.java:logGet(46)) - raft.server.threadpool.client.size = 0 (default)
2023-01-03 10:07:16,057 [pool-322-thread-1] INFO  storage.RaftStorageDirectory (RaftStorageDirectoryImpl.java:analyzeStorage(137)) - The storage directory /home/runner/work/ozone/ozone/hadoop-ozone/integration-test/target/test-dir/MiniOzoneClusterImpl-9af64d9f-ce66-432d-b755-d0db545afb98/datanode-2/data/ratis/9b2fb099-69d4-424e-a0cb-86bf502abeed does not exist. Creating ...
2023-01-03 10:07:16,058 [pool-322-thread-1] INFO  storage.RaftStorageDirectory (RaftStorageDirectoryImpl.java:tryLock(231)) - Lock on /home/runner/work/ozone/ozone/hadoop-ozone/integration-test/target/test-dir/MiniOzoneClusterImpl-9af64d9f-ce66-432d-b755-d0db545afb98/datanode-2/data/ratis/9b2fb099-69d4-424e-a0cb-86bf502abeed/in_use.lock acquired by nodename 9440@fv-az292-374
2023-01-03 10:07:16,058 [pool-322-thread-1] INFO  storage.RaftStorage (RaftStorageImpl.java:format(96)) - Storage directory /home/runner/work/ozone/ozone/hadoop-ozone/integration-test/target/test-dir/MiniOzoneClusterImpl-9af64d9f-ce66-432d-b755-d0db545afb98/datanode-2/data/ratis/9b2fb099-69d4-424e-a0cb-86bf502abeed has been successfully formatted.
2023-01-03 10:07:16,059 [pool-322-thread-1] INFO  ratis.ContainerStateMachine (ContainerStateMachine.java:loadSnapshot(240)) - group-86BF502ABEED: The snapshot info is null. Setting the last applied indexto:(t:0, i:~)
2023-01-03 10:07:16,059 [pool-322-thread-1] INFO  server.RaftServerConfigKeys (ConfUtils.java:logGet(46)) - raft.server.log.use.memory = false (default)
2023-01-03 10:07:16,059 [pool-322-thread-1] INFO  server.RaftServerConfigKeys (ConfUtils.java:logGet(46)) - raft.server.log.purge.gap = 1000000 (custom)
2023-01-03 10:07:16,059 [pool-322-thread-1] INFO  server.RaftServerConfigKeys (ConfUtils.java:logGet(46)) - raft.server.log.appender.buffer.byte-limit = 33554432 (custom)
2023-01-03 10:07:16,059 [pool-322-thread-1] INFO  server.RaftServerConfigKeys (ConfUtils.java:logGet(46)) - raft.server.log.statemachine.data.read.timeout = 1000ms (default)
2023-01-03 10:07:16,059 [pool-322-thread-1] INFO  server.RaftServerConfigKeys (ConfUtils.java:logGet(46)) - raft.server.log.purge.preservation.log.num = 0 (default)
2023-01-03 10:07:16,059 [pool-322-thread-1] INFO  server.RaftServerConfigKeys (ConfUtils.java:logGet(46)) - raft.server.log.segment.size.max = 1048576 (custom)
2023-01-03 10:07:16,060 [EventQueue-CommandQueueReportForCommandQueueReportHandler] WARN  events.EventQueue (EventQueue.java:fireEvent(216)) - No event handler registered for event TypedEvent{payloadType=DatanodeDetails, name='Datanode_Command_Queue_Updated'}
2023-01-03 10:07:16,062 [pool-322-thread-1] INFO  server.RaftServerConfigKeys (ConfUtils.java:logGet(46)) - raft.server.log.segment.cache.num.max = 2 (custom)
2023-01-03 10:07:16,062 [pool-322-thread-1] INFO  server.RaftServerConfigKeys (ConfUtils.java:logGet(46)) - raft.server.log.segment.cache.size.max = 200MB (=209715200) (default)
2023-01-03 10:07:16,063 [pool-322-thread-1] INFO  segmented.SegmentedRaftLogWorker (SegmentedRaftLogWorker.java:<init>(189)) - new 2c63000f-a9ba-4116-8021-1fc7d553c7a4@group-86BF502ABEED-SegmentedRaftLogWorker for RaftStorageImpl:Storage Directory /home/runner/work/ozone/ozone/hadoop-ozone/integration-test/target/test-dir/MiniOzoneClusterImpl-9af64d9f-ce66-432d-b755-d0db545afb98/datanode-2/data/ratis/9b2fb099-69d4-424e-a0cb-86bf502abeed
2023-01-03 10:07:16,063 [pool-322-thread-1] INFO  server.RaftServerConfigKeys (ConfUtils.java:logGet(46)) - raft.server.log.queue.byte-limit = 4294967296 (custom)
2023-01-03 10:07:16,063 [pool-322-thread-1] INFO  server.RaftServerConfigKeys (ConfUtils.java:logGet(46)) - raft.server.log.queue.element-limit = 1024 (custom)
2023-01-03 10:07:16,063 [pool-322-thread-1] INFO  server.RaftServerConfigKeys (ConfUtils.java:logGet(46)) - raft.server.log.segment.size.max = 1048576 (custom)
2023-01-03 10:07:16,063 [pool-322-thread-1] INFO  server.RaftServerConfigKeys (ConfUtils.java:logGet(46)) - raft.server.log.preallocated.size = 16384 (custom)
2023-01-03 10:07:16,063 [pool-322-thread-1] INFO  server.RaftServerConfigKeys (ConfUtils.java:logGet(46)) - raft.server.log.force.sync.num = 128 (default)
2023-01-03 10:07:16,063 [pool-322-thread-1] INFO  server.RaftServerConfigKeys (ConfUtils.java:logGet(46)) - raft.server.log.statemachine.data.sync = true (default)
2023-01-03 10:07:16,063 [pool-322-thread-1] INFO  server.RaftServerConfigKeys (ConfUtils.java:logGet(46)) - raft.server.log.statemachine.data.sync.timeout = 10s (default)
2023-01-03 10:07:16,063 [pool-322-thread-1] INFO  server.RaftServerConfigKeys (ConfUtils.java:logGet(46)) - raft.server.log.statemachine.data.sync.timeout.retry = -1 (default)
2023-01-03 10:07:16,064 [pool-322-thread-1] INFO  server.RaftServerConfigKeys (ConfUtils.java:logGet(46)) - raft.server.log.write.buffer.size = 1048576 (custom)
2023-01-03 10:07:16,064 [pool-322-thread-1] INFO  server.RaftServerConfigKeys (ConfUtils.java:logGet(46)) - raft.server.log.appender.buffer.byte-limit = 33554432 (custom)
2023-01-03 10:07:16,067 [pool-322-thread-1] INFO  server.RaftServerConfigKeys (ConfUtils.java:logGet(46)) - raft.server.log.unsafe-flush.enabled = false (default)
2023-01-03 10:07:16,067 [pool-322-thread-1] INFO  server.RaftServerConfigKeys (ConfUtils.java:logGet(46)) - raft.server.log.async-flush.enabled = false (default)
2023-01-03 10:07:16,068 [pool-322-thread-1] INFO  server.RaftServerConfigKeys (ConfUtils.java:logGet(46)) - raft.server.log.statemachine.data.caching.enabled = true (custom)
2023-01-03 10:07:16,068 [pool-322-thread-1] INFO  segmented.SegmentedRaftLogWorker (SegmentedRaftLogWorker.java:lambda$new$0(135)) - 2c63000f-a9ba-4116-8021-1fc7d553c7a4@group-86BF502ABEED-SegmentedRaftLogWorker: flushIndex: setUnconditionally 0 -> -1
2023-01-03 10:07:16,068 [pool-322-thread-1] INFO  segmented.SegmentedRaftLogWorker (SegmentedRaftLogWorker.java:lambda$new$0(135)) - 2c63000f-a9ba-4116-8021-1fc7d553c7a4@group-86BF502ABEED-SegmentedRaftLogWorker: safeCacheEvictIndex: setUnconditionally 0 -> -1
2023-01-03 10:07:16,068 [pool-322-thread-1] INFO  server.RaftServer$Division (RaftServerImpl.java:start(334)) - 2c63000f-a9ba-4116-8021-1fc7d553c7a4@group-86BF502ABEED: start as a follower, conf=-1: peers:[2c63000f-a9ba-4116-8021-1fc7d553c7a4|rpc:10.1.0.13:44077|dataStream:10.1.0.13:33143|priority:0|startupRole:FOLLOWER, ad81db47-82b5-4afb-987d-b3e16962a519|rpc:10.1.0.13:42981|dataStream:10.1.0.13:39737|priority:1|startupRole:FOLLOWER, 5c8f94db-7806-4776-a4fa-2f4c620ca121|rpc:10.1.0.13:34413|dataStream:10.1.0.13:42515|priority:0|startupRole:FOLLOWER]|listeners:[], old=null
2023-01-03 10:07:16,068 [pool-322-thread-1] INFO  server.RaftServer$Division (RaftServerImpl.java:setRole(321)) - 2c63000f-a9ba-4116-8021-1fc7d553c7a4@group-86BF502ABEED: changes role from      null to FOLLOWER at term 0 for startAsFollower
2023-01-03 10:07:16,068 [pool-322-thread-1] INFO  impl.RoleInfo (RoleInfo.java:updateAndGet(139)) - 2c63000f-a9ba-4116-8021-1fc7d553c7a4: start 2c63000f-a9ba-4116-8021-1fc7d553c7a4@group-86BF502ABEED-FollowerState
2023-01-03 10:07:16,068 [pool-322-thread-1] INFO  util.JmxRegister (JmxRegister.java:tryRegister(44)) - Successfully registered JMX Bean with object name Ratis:service=RaftServer,group=group-86BF502ABEED,id=2c63000f-a9ba-4116-8021-1fc7d553c7a4
2023-01-03 10:07:16,068 [pool-322-thread-1] INFO  server.RaftServerConfigKeys (ConfUtils.java:logGet(46)) - raft.server.snapshot.auto.trigger.enabled = true (custom)
2023-01-03 10:07:16,068 [pool-322-thread-1] INFO  server.RaftServerConfigKeys (ConfUtils.java:logGet(46)) - raft.server.snapshot.auto.trigger.threshold = 10000 (custom)
2023-01-03 10:07:16,068 [pool-322-thread-1] INFO  server.RaftServerConfigKeys (ConfUtils.java:logGet(46)) - raft.server.snapshot.retention.file.num = 5 (custom)
2023-01-03 10:07:16,068 [pool-322-thread-1] INFO  server.RaftServerConfigKeys (ConfUtils.java:logGet(46)) - raft.server.log.purge.upto.snapshot.index = false (default)
2023-01-03 10:07:16,070 [2c63000f-a9ba-4116-8021-1fc7d553c7a4@group-86BF502ABEED-FollowerState] INFO  server.RaftServerConfigKeys (ConfUtils.java:logFallback(53)) - raft.server.rpc.first-election.timeout.min = 5s (fallback to raft.server.rpc.timeout.min)
2023-01-03 10:07:16,070 [2c63000f-a9ba-4116-8021-1fc7d553c7a4@group-86BF502ABEED-FollowerState] INFO  server.RaftServerConfigKeys (ConfUtils.java:logFallback(53)) - raft.server.rpc.first-election.timeout.max = 5200ms (fallback to raft.server.rpc.timeout.max)
2023-01-03 10:07:16,073 [Command processor thread] INFO  commandhandler.CreatePipelineCommandHandler (CreatePipelineCommandHandler.java:handle(113)) - Created Pipeline RATIS THREE PipelineID=9b2fb099-69d4-424e-a0cb-86bf502abeed.
2023-01-03 10:07:16,080 [Listener at 127.0.0.1/46801] INFO  ozone.MiniOzoneClusterImpl (MiniOzoneClusterImpl.java:lambda$waitForClusterToBeReady$0(217)) - Nodes are ready. Got 5 of 5 DN Heartbeats.
2023-01-03 10:07:16,080 [Listener at 127.0.0.1/46801] INFO  ozone.MiniOzoneClusterImpl (MiniOzoneClusterImpl.java:lambda$waitForClusterToBeReady$0(220)) - Waiting for cluster to exit safe mode
2023-01-03 10:07:16,080 [Listener at 127.0.0.1/46801] INFO  ozone.MiniOzoneClusterImpl (MiniOzoneClusterImpl.java:lambda$waitForClusterToBeReady$0(222)) - SCM became leader
2023-01-03 10:07:16,082 [EventQueue-CommandQueueReportForCommandQueueReportHandler] WARN  events.EventQueue (EventQueue.java:fireEvent(216)) - No event handler registered for event TypedEvent{payloadType=DatanodeDetails, name='Datanode_Command_Queue_Updated'}
2023-01-03 10:07:16,197 [Command processor thread] INFO  server.RaftServer (RaftServerProxy.java:addNew(96)) - ad81db47-82b5-4afb-987d-b3e16962a519: addNew group-E3CC6E4D9FA3:[ad81db47-82b5-4afb-987d-b3e16962a519|rpc:10.1.0.13:42981|dataStream:10.1.0.13:39737|priority:1|startupRole:FOLLOWER] returns group-E3CC6E4D9FA3:java.util.concurrent.CompletableFuture@2307ed2f[Not completed]
2023-01-03 10:07:16,198 [pool-299-thread-1] INFO  server.RaftServer$Division (RaftServerImpl.java:<init>(195)) - ad81db47-82b5-4afb-987d-b3e16962a519: new RaftServerImpl for group-E3CC6E4D9FA3:[ad81db47-82b5-4afb-987d-b3e16962a519|rpc:10.1.0.13:42981|dataStream:10.1.0.13:39737|priority:1|startupRole:FOLLOWER] with ContainerStateMachine:uninitialized
2023-01-03 10:07:16,198 [pool-299-thread-1] INFO  server.RaftServerConfigKeys (ConfUtils.java:logGet(46)) - raft.server.rpc.timeout.min = 5s (custom)
2023-01-03 10:07:16,198 [pool-299-thread-1] INFO  server.RaftServerConfigKeys (ConfUtils.java:logGet(46)) - raft.server.rpc.timeout.max = 5200ms (custom)
2023-01-03 10:07:16,198 [pool-299-thread-1] INFO  server.RaftServerConfigKeys (ConfUtils.java:logGet(46)) - raft.server.rpc.sleep.time = 25ms (default)
2023-01-03 10:07:16,198 [pool-299-thread-1] INFO  server.RaftServerConfigKeys (ConfUtils.java:logGet(46)) - raft.server.rpc.slowness.timeout = 300s (custom)
2023-01-03 10:07:16,198 [pool-299-thread-1] INFO  server.RaftServerConfigKeys (ConfUtils.java:logGet(46)) - raft.server.leaderelection.leader.step-down.wait-time = 10s (default)
2023-01-03 10:07:16,198 [pool-299-thread-1] INFO  server.RaftServerConfigKeys (ConfUtils.java:logGet(46)) - raft.server.sleep.deviation.threshold = 300ms (default)
2023-01-03 10:07:16,198 [pool-299-thread-1] INFO  server.RaftServer$Division (ServerState.java:<init>(118)) - ad81db47-82b5-4afb-987d-b3e16962a519@group-E3CC6E4D9FA3: ConfigurationManager, init=-1: peers:[ad81db47-82b5-4afb-987d-b3e16962a519|rpc:10.1.0.13:42981|dataStream:10.1.0.13:39737|priority:1|startupRole:FOLLOWER]|listeners:[], old=null, confs=<EMPTY_MAP>
2023-01-03 10:07:16,198 [pool-299-thread-1] INFO  server.RaftServerConfigKeys (ConfUtils.java:logGet(46)) - raft.server.storage.dir = [/home/runner/work/ozone/ozone/hadoop-ozone/integration-test/target/test-dir/MiniOzoneClusterImpl-9af64d9f-ce66-432d-b755-d0db545afb98/datanode-1/data/ratis] (custom)
2023-01-03 10:07:16,198 [pool-299-thread-1] INFO  server.RaftServerConfigKeys (ConfUtils.java:logGet(46)) - raft.server.log.corruption.policy = EXCEPTION (default)
2023-01-03 10:07:16,199 [pool-299-thread-1] INFO  server.RaftServerConfigKeys (ConfUtils.java:logGet(46)) - raft.server.storage.free-space.min = 0MB (=0) (default)
2023-01-03 10:07:16,199 [pool-299-thread-1] INFO  server.RaftServerConfigKeys (ConfUtils.java:logGet(46)) - raft.server.notification.no-leader.timeout = 300s (custom)
2023-01-03 10:07:16,199 [pool-299-thread-1] INFO  server.RaftServerConfigKeys (ConfUtils.java:logGet(46)) - raft.server.retrycache.expirytime = 600000ms (custom)
2023-01-03 10:07:16,199 [pool-299-thread-1] INFO  server.RaftServerConfigKeys (ConfUtils.java:logGet(46)) - raft.server.retrycache.statistics.expirytime = 100μs (default)
2023-01-03 10:07:16,199 [pool-299-thread-1] INFO  server.RaftServerConfigKeys (ConfUtils.java:logGet(46)) - raft.server.log.appender.install.snapshot.enabled = false (custom)
2023-01-03 10:07:16,199 [pool-299-thread-1] INFO  server.RaftServerConfigKeys (ConfUtils.java:logGet(46)) - raft.server.threadpool.server.cached = true (default)
2023-01-03 10:07:16,199 [pool-299-thread-1] INFO  server.RaftServerConfigKeys (ConfUtils.java:logGet(46)) - raft.server.threadpool.server.size = 0 (default)
2023-01-03 10:07:16,199 [pool-299-thread-1] INFO  server.RaftServerConfigKeys (ConfUtils.java:logGet(46)) - raft.server.threadpool.client.cached = true (default)
2023-01-03 10:07:16,199 [pool-299-thread-1] INFO  server.RaftServerConfigKeys (ConfUtils.java:logGet(46)) - raft.server.threadpool.client.size = 0 (default)
2023-01-03 10:07:16,200 [pool-299-thread-1] INFO  storage.RaftStorageDirectory (RaftStorageDirectoryImpl.java:analyzeStorage(137)) - The storage directory /home/runner/work/ozone/ozone/hadoop-ozone/integration-test/target/test-dir/MiniOzoneClusterImpl-9af64d9f-ce66-432d-b755-d0db545afb98/datanode-1/data/ratis/46826f56-f6be-4212-a21b-e3cc6e4d9fa3 does not exist. Creating ...
2023-01-03 10:07:16,201 [pool-299-thread-1] INFO  storage.RaftStorageDirectory (RaftStorageDirectoryImpl.java:tryLock(231)) - Lock on /home/runner/work/ozone/ozone/hadoop-ozone/integration-test/target/test-dir/MiniOzoneClusterImpl-9af64d9f-ce66-432d-b755-d0db545afb98/datanode-1/data/ratis/46826f56-f6be-4212-a21b-e3cc6e4d9fa3/in_use.lock acquired by nodename 9440@fv-az292-374
2023-01-03 10:07:16,202 [pool-299-thread-1] INFO  storage.RaftStorage (RaftStorageImpl.java:format(96)) - Storage directory /home/runner/work/ozone/ozone/hadoop-ozone/integration-test/target/test-dir/MiniOzoneClusterImpl-9af64d9f-ce66-432d-b755-d0db545afb98/datanode-1/data/ratis/46826f56-f6be-4212-a21b-e3cc6e4d9fa3 has been successfully formatted.
2023-01-03 10:07:16,203 [EventQueue-CommandQueueReportForCommandQueueReportHandler] WARN  events.EventQueue (EventQueue.java:fireEvent(216)) - No event handler registered for event TypedEvent{payloadType=DatanodeDetails, name='Datanode_Command_Queue_Updated'}
2023-01-03 10:07:16,203 [EventQueue-PipelineReportForPipelineReportHandler] INFO  pipeline.PipelineManagerImpl (PipelineManagerImpl.java:openPipeline(367)) - Pipeline Pipeline[ Id: 46826f56-f6be-4212-a21b-e3cc6e4d9fa3, Nodes: ad81db47-82b5-4afb-987d-b3e16962a519{ip: 10.1.0.13, host: fv-az292-374.tqgtyn10aqxuxoi0mkfbldi5vh.jx.internal.cloudapp.net, ports: [REPLICATION=40711, RATIS=42981, RATIS_ADMIN=42981, RATIS_SERVER=42981, RATIS_DATASTREAM=39737, STANDALONE=33553], networkLocation: /default-rack, certSerialId: null, persistedOpState: IN_SERVICE, persistedOpStateExpiryEpochSec: 0}, ReplicationConfig: RATIS/ONE, State:ALLOCATED, leaderId:ad81db47-82b5-4afb-987d-b3e16962a519, CreationTimestamp2023-01-03T10:07:13.199Z[Etc/UTC]] moved to OPEN state
2023-01-03 10:07:16,203 [pool-299-thread-1] INFO  ratis.ContainerStateMachine (ContainerStateMachine.java:loadSnapshot(240)) - group-E3CC6E4D9FA3: The snapshot info is null. Setting the last applied indexto:(t:0, i:~)
2023-01-03 10:07:16,204 [pool-299-thread-1] INFO  server.RaftServerConfigKeys (ConfUtils.java:logGet(46)) - raft.server.log.use.memory = false (default)
2023-01-03 10:07:16,204 [pool-299-thread-1] INFO  server.RaftServerConfigKeys (ConfUtils.java:logGet(46)) - raft.server.log.purge.gap = 1000000 (custom)
2023-01-03 10:07:16,204 [pool-299-thread-1] INFO  server.RaftServerConfigKeys (ConfUtils.java:logGet(46)) - raft.server.log.appender.buffer.byte-limit = 33554432 (custom)
2023-01-03 10:07:16,204 [pool-299-thread-1] INFO  server.RaftServerConfigKeys (ConfUtils.java:logGet(46)) - raft.server.log.statemachine.data.read.timeout = 1000ms (default)
2023-01-03 10:07:16,204 [EventQueue-OpenPipelineForHealthyPipelineSafeModeRule] INFO  safemode.SCMSafeModeManager (HealthyPipelineSafeModeRule.java:process(137)) - SCM in safe mode. Healthy pipelines reported count is 0, required healthy pipeline reported count is 1
2023-01-03 10:07:16,204 [pool-299-thread-1] INFO  server.RaftServerConfigKeys (ConfUtils.java:logGet(46)) - raft.server.log.purge.preservation.log.num = 0 (default)
2023-01-03 10:07:16,204 [pool-299-thread-1] INFO  server.RaftServerConfigKeys (ConfUtils.java:logGet(46)) - raft.server.log.segment.size.max = 1048576 (custom)
2023-01-03 10:07:16,204 [pool-299-thread-1] INFO  server.RaftServerConfigKeys (ConfUtils.java:logGet(46)) - raft.server.log.segment.cache.num.max = 2 (custom)
2023-01-03 10:07:16,204 [pool-299-thread-1] INFO  server.RaftServerConfigKeys (ConfUtils.java:logGet(46)) - raft.server.log.segment.cache.size.max = 200MB (=209715200) (default)
2023-01-03 10:07:16,204 [pool-299-thread-1] INFO  segmented.SegmentedRaftLogWorker (SegmentedRaftLogWorker.java:<init>(189)) - new ad81db47-82b5-4afb-987d-b3e16962a519@group-E3CC6E4D9FA3-SegmentedRaftLogWorker for RaftStorageImpl:Storage Directory /home/runner/work/ozone/ozone/hadoop-ozone/integration-test/target/test-dir/MiniOzoneClusterImpl-9af64d9f-ce66-432d-b755-d0db545afb98/datanode-1/data/ratis/46826f56-f6be-4212-a21b-e3cc6e4d9fa3
2023-01-03 10:07:16,204 [pool-299-thread-1] INFO  server.RaftServerConfigKeys (ConfUtils.java:logGet(46)) - raft.server.log.queue.byte-limit = 4294967296 (custom)
2023-01-03 10:07:16,204 [pool-299-thread-1] INFO  server.RaftServerConfigKeys (ConfUtils.java:logGet(46)) - raft.server.log.queue.element-limit = 1024 (custom)
2023-01-03 10:07:16,204 [pool-299-thread-1] INFO  server.RaftServerConfigKeys (ConfUtils.java:logGet(46)) - raft.server.log.segment.size.max = 1048576 (custom)
2023-01-03 10:07:16,204 [pool-299-thread-1] INFO  server.RaftServerConfigKeys (ConfUtils.java:logGet(46)) - raft.server.log.preallocated.size = 16384 (custom)
2023-01-03 10:07:16,204 [pool-299-thread-1] INFO  server.RaftServerConfigKeys (ConfUtils.java:logGet(46)) - raft.server.log.force.sync.num = 128 (default)
2023-01-03 10:07:16,205 [pool-299-thread-1] INFO  server.RaftServerConfigKeys (ConfUtils.java:logGet(46)) - raft.server.log.statemachine.data.sync = true (default)
2023-01-03 10:07:16,205 [pool-299-thread-1] INFO  server.RaftServerConfigKeys (ConfUtils.java:logGet(46)) - raft.server.log.statemachine.data.sync.timeout = 10s (default)
2023-01-03 10:07:16,205 [pool-299-thread-1] INFO  server.RaftServerConfigKeys (ConfUtils.java:logGet(46)) - raft.server.log.statemachine.data.sync.timeout.retry = -1 (default)
2023-01-03 10:07:16,205 [pool-299-thread-1] INFO  server.RaftServerConfigKeys (ConfUtils.java:logGet(46)) - raft.server.log.write.buffer.size = 1048576 (custom)
2023-01-03 10:07:16,205 [pool-299-thread-1] INFO  server.RaftServerConfigKeys (ConfUtils.java:logGet(46)) - raft.server.log.appender.buffer.byte-limit = 33554432 (custom)
2023-01-03 10:07:16,208 [pool-299-thread-1] INFO  server.RaftServerConfigKeys (ConfUtils.java:logGet(46)) - raft.server.log.unsafe-flush.enabled = false (default)
2023-01-03 10:07:16,208 [pool-299-thread-1] INFO  server.RaftServerConfigKeys (ConfUtils.java:logGet(46)) - raft.server.log.async-flush.enabled = false (default)
2023-01-03 10:07:16,208 [pool-299-thread-1] INFO  server.RaftServerConfigKeys (ConfUtils.java:logGet(46)) - raft.server.log.statemachine.data.caching.enabled = true (custom)
2023-01-03 10:07:16,208 [pool-299-thread-1] INFO  segmented.SegmentedRaftLogWorker (SegmentedRaftLogWorker.java:lambda$new$0(135)) - ad81db47-82b5-4afb-987d-b3e16962a519@group-E3CC6E4D9FA3-SegmentedRaftLogWorker: flushIndex: setUnconditionally 0 -> -1
2023-01-03 10:07:16,208 [pool-299-thread-1] INFO  segmented.SegmentedRaftLogWorker (SegmentedRaftLogWorker.java:lambda$new$0(135)) - ad81db47-82b5-4afb-987d-b3e16962a519@group-E3CC6E4D9FA3-SegmentedRaftLogWorker: safeCacheEvictIndex: setUnconditionally 0 -> -1
2023-01-03 10:07:16,211 [pool-299-thread-1] INFO  server.RaftServer$Division (RaftServerImpl.java:start(334)) - ad81db47-82b5-4afb-987d-b3e16962a519@group-E3CC6E4D9FA3: start as a follower, conf=-1: peers:[ad81db47-82b5-4afb-987d-b3e16962a519|rpc:10.1.0.13:42981|dataStream:10.1.0.13:39737|priority:1|startupRole:FOLLOWER]|listeners:[], old=null
2023-01-03 10:07:16,211 [pool-299-thread-1] INFO  server.RaftServer$Division (RaftServerImpl.java:setRole(321)) - ad81db47-82b5-4afb-987d-b3e16962a519@group-E3CC6E4D9FA3: changes role from      null to FOLLOWER at term 0 for startAsFollower
2023-01-03 10:07:16,211 [pool-299-thread-1] INFO  impl.RoleInfo (RoleInfo.java:updateAndGet(139)) - ad81db47-82b5-4afb-987d-b3e16962a519: start ad81db47-82b5-4afb-987d-b3e16962a519@group-E3CC6E4D9FA3-FollowerState
2023-01-03 10:07:16,213 [pool-299-thread-1] INFO  util.JmxRegister (JmxRegister.java:tryRegister(44)) - Successfully registered JMX Bean with object name Ratis:service=RaftServer,group=group-E3CC6E4D9FA3,id=ad81db47-82b5-4afb-987d-b3e16962a519
2023-01-03 10:07:16,213 [pool-299-thread-1] INFO  server.RaftServerConfigKeys (ConfUtils.java:logGet(46)) - raft.server.snapshot.auto.trigger.enabled = true (custom)
2023-01-03 10:07:16,213 [pool-299-thread-1] INFO  server.RaftServerConfigKeys (ConfUtils.java:logGet(46)) - raft.server.snapshot.auto.trigger.threshold = 10000 (custom)
2023-01-03 10:07:16,213 [ad81db47-82b5-4afb-987d-b3e16962a519@group-E3CC6E4D9FA3-FollowerState] INFO  server.RaftServerConfigKeys (ConfUtils.java:logFallback(53)) - raft.server.rpc.first-election.timeout.min = 5s (fallback to raft.server.rpc.timeout.min)
2023-01-03 10:07:16,213 [ad81db47-82b5-4afb-987d-b3e16962a519@group-E3CC6E4D9FA3-FollowerState] INFO  server.RaftServerConfigKeys (ConfUtils.java:logFallback(53)) - raft.server.rpc.first-election.timeout.max = 5200ms (fallback to raft.server.rpc.timeout.max)
2023-01-03 10:07:16,213 [pool-299-thread-1] INFO  server.RaftServerConfigKeys (ConfUtils.java:logGet(46)) - raft.server.snapshot.retention.file.num = 5 (custom)
2023-01-03 10:07:16,213 [pool-299-thread-1] INFO  server.RaftServerConfigKeys (ConfUtils.java:logGet(46)) - raft.server.log.purge.upto.snapshot.index = false (default)
2023-01-03 10:07:16,214 [Command processor thread] INFO  ratis.XceiverServerRatis (XceiverServerRatis.java:addGroup(806)) - Created group PipelineID=46826f56-f6be-4212-a21b-e3cc6e4d9fa3
2023-01-03 10:07:16,214 [Command processor thread] INFO  commandhandler.CreatePipelineCommandHandler (CreatePipelineCommandHandler.java:handle(113)) - Created Pipeline RATIS ONE PipelineID=46826f56-f6be-4212-a21b-e3cc6e4d9fa3.
2023-01-03 10:07:16,495 [Command processor thread] INFO  server.RaftServer (RaftServerProxy.java:addNew(96)) - 2c63000f-a9ba-4116-8021-1fc7d553c7a4: addNew group-69FE862D97A4:[2c63000f-a9ba-4116-8021-1fc7d553c7a4|rpc:10.1.0.13:44077|dataStream:10.1.0.13:33143|priority:1|startupRole:FOLLOWER] returns group-69FE862D97A4:java.util.concurrent.CompletableFuture@340eb96d[Not completed]
2023-01-03 10:07:16,496 [pool-322-thread-1] INFO  server.RaftServer$Division (RaftServerImpl.java:<init>(195)) - 2c63000f-a9ba-4116-8021-1fc7d553c7a4: new RaftServerImpl for group-69FE862D97A4:[2c63000f-a9ba-4116-8021-1fc7d553c7a4|rpc:10.1.0.13:44077|dataStream:10.1.0.13:33143|priority:1|startupRole:FOLLOWER] with ContainerStateMachine:uninitialized
2023-01-03 10:07:16,496 [pool-322-thread-1] INFO  server.RaftServerConfigKeys (ConfUtils.java:logGet(46)) - raft.server.rpc.timeout.min = 5s (custom)
2023-01-03 10:07:16,496 [pool-322-thread-1] INFO  server.RaftServerConfigKeys (ConfUtils.java:logGet(46)) - raft.server.rpc.timeout.max = 5200ms (custom)
2023-01-03 10:07:16,496 [pool-322-thread-1] INFO  server.RaftServerConfigKeys (ConfUtils.java:logGet(46)) - raft.server.rpc.sleep.time = 25ms (default)
2023-01-03 10:07:16,496 [pool-322-thread-1] INFO  server.RaftServerConfigKeys (ConfUtils.java:logGet(46)) - raft.server.rpc.slowness.timeout = 300s (custom)
2023-01-03 10:07:16,496 [pool-322-thread-1] INFO  server.RaftServerConfigKeys (ConfUtils.java:logGet(46)) - raft.server.leaderelection.leader.step-down.wait-time = 10s (default)
2023-01-03 10:07:16,496 [pool-322-thread-1] INFO  server.RaftServerConfigKeys (ConfUtils.java:logGet(46)) - raft.server.sleep.deviation.threshold = 300ms (default)
2023-01-03 10:07:16,496 [pool-322-thread-1] INFO  server.RaftServer$Division (ServerState.java:<init>(118)) - 2c63000f-a9ba-4116-8021-1fc7d553c7a4@group-69FE862D97A4: ConfigurationManager, init=-1: peers:[2c63000f-a9ba-4116-8021-1fc7d553c7a4|rpc:10.1.0.13:44077|dataStream:10.1.0.13:33143|priority:1|startupRole:FOLLOWER]|listeners:[], old=null, confs=<EMPTY_MAP>
2023-01-03 10:07:16,496 [pool-322-thread-1] INFO  server.RaftServerConfigKeys (ConfUtils.java:logGet(46)) - raft.server.storage.dir = [/home/runner/work/ozone/ozone/hadoop-ozone/integration-test/target/test-dir/MiniOzoneClusterImpl-9af64d9f-ce66-432d-b755-d0db545afb98/datanode-2/data/ratis] (custom)
2023-01-03 10:07:16,496 [pool-322-thread-1] INFO  server.RaftServerConfigKeys (ConfUtils.java:logGet(46)) - raft.server.log.corruption.policy = EXCEPTION (default)
2023-01-03 10:07:16,496 [pool-322-thread-1] INFO  server.RaftServerConfigKeys (ConfUtils.java:logGet(46)) - raft.server.storage.free-space.min = 0MB (=0) (default)
2023-01-03 10:07:16,496 [pool-322-thread-1] INFO  server.RaftServerConfigKeys (ConfUtils.java:logGet(46)) - raft.server.notification.no-leader.timeout = 300s (custom)
2023-01-03 10:07:16,496 [pool-322-thread-1] INFO  server.RaftServerConfigKeys (ConfUtils.java:logGet(46)) - raft.server.retrycache.expirytime = 600000ms (custom)
2023-01-03 10:07:16,497 [pool-322-thread-1] INFO  server.RaftServerConfigKeys (ConfUtils.java:logGet(46)) - raft.server.retrycache.statistics.expirytime = 100μs (default)
2023-01-03 10:07:16,497 [pool-322-thread-1] INFO  server.RaftServerConfigKeys (ConfUtils.java:logGet(46)) - raft.server.log.appender.install.snapshot.enabled = false (custom)
2023-01-03 10:07:16,497 [pool-322-thread-1] INFO  server.RaftServerConfigKeys (ConfUtils.java:logGet(46)) - raft.server.threadpool.server.cached = true (default)
2023-01-03 10:07:16,497 [pool-322-thread-1] INFO  server.RaftServerConfigKeys (ConfUtils.java:logGet(46)) - raft.server.threadpool.server.size = 0 (default)
2023-01-03 10:07:16,497 [pool-322-thread-1] INFO  server.RaftServerConfigKeys (ConfUtils.java:logGet(46)) - raft.server.threadpool.client.cached = true (default)
2023-01-03 10:07:16,497 [pool-322-thread-1] INFO  server.RaftServerConfigKeys (ConfUtils.java:logGet(46)) - raft.server.threadpool.client.size = 0 (default)
2023-01-03 10:07:16,497 [pool-322-thread-1] INFO  storage.RaftStorageDirectory (RaftStorageDirectoryImpl.java:analyzeStorage(137)) - The storage directory /home/runner/work/ozone/ozone/hadoop-ozone/integration-test/target/test-dir/MiniOzoneClusterImpl-9af64d9f-ce66-432d-b755-d0db545afb98/datanode-2/data/ratis/a2b58b80-0665-40e7-a28b-69fe862d97a4 does not exist. Creating ...
2023-01-03 10:07:16,498 [pool-322-thread-1] INFO  storage.RaftStorageDirectory (RaftStorageDirectoryImpl.java:tryLock(231)) - Lock on /home/runner/work/ozone/ozone/hadoop-ozone/integration-test/target/test-dir/MiniOzoneClusterImpl-9af64d9f-ce66-432d-b755-d0db545afb98/datanode-2/data/ratis/a2b58b80-0665-40e7-a28b-69fe862d97a4/in_use.lock acquired by nodename 9440@fv-az292-374
2023-01-03 10:07:16,499 [pool-322-thread-1] INFO  storage.RaftStorage (RaftStorageImpl.java:format(96)) - Storage directory /home/runner/work/ozone/ozone/hadoop-ozone/integration-test/target/test-dir/MiniOzoneClusterImpl-9af64d9f-ce66-432d-b755-d0db545afb98/datanode-2/data/ratis/a2b58b80-0665-40e7-a28b-69fe862d97a4 has been successfully formatted.
2023-01-03 10:07:16,499 [pool-322-thread-1] INFO  ratis.ContainerStateMachine (ContainerStateMachine.java:loadSnapshot(240)) - group-69FE862D97A4: The snapshot info is null. Setting the last applied indexto:(t:0, i:~)
2023-01-03 10:07:16,499 [pool-322-thread-1] INFO  server.RaftServerConfigKeys (ConfUtils.java:logGet(46)) - raft.server.log.use.memory = false (default)
2023-01-03 10:07:16,500 [pool-322-thread-1] INFO  server.RaftServerConfigKeys (ConfUtils.java:logGet(46)) - raft.server.log.purge.gap = 1000000 (custom)
2023-01-03 10:07:16,500 [pool-322-thread-1] INFO  server.RaftServerConfigKeys (ConfUtils.java:logGet(46)) - raft.server.log.appender.buffer.byte-limit = 33554432 (custom)
2023-01-03 10:07:16,500 [pool-322-thread-1] INFO  server.RaftServerConfigKeys (ConfUtils.java:logGet(46)) - raft.server.log.statemachine.data.read.timeout = 1000ms (default)
2023-01-03 10:07:16,500 [pool-322-thread-1] INFO  server.RaftServerConfigKeys (ConfUtils.java:logGet(46)) - raft.server.log.purge.preservation.log.num = 0 (default)
2023-01-03 10:07:16,500 [pool-322-thread-1] INFO  server.RaftServerConfigKeys (ConfUtils.java:logGet(46)) - raft.server.log.segment.size.max = 1048576 (custom)
2023-01-03 10:07:16,500 [EventQueue-CommandQueueReportForCommandQueueReportHandler] WARN  events.EventQueue (EventQueue.java:fireEvent(216)) - No event handler registered for event TypedEvent{payloadType=DatanodeDetails, name='Datanode_Command_Queue_Updated'}
2023-01-03 10:07:16,500 [pool-322-thread-1] INFO  server.RaftServerConfigKeys (ConfUtils.java:logGet(46)) - raft.server.log.segment.cache.num.max = 2 (custom)
2023-01-03 10:07:16,500 [pool-322-thread-1] INFO  server.RaftServerConfigKeys (ConfUtils.java:logGet(46)) - raft.server.log.segment.cache.size.max = 200MB (=209715200) (default)
2023-01-03 10:07:16,500 [EventQueue-PipelineReportForPipelineReportHandler] INFO  pipeline.PipelineManagerImpl (PipelineManagerImpl.java:openPipeline(367)) - Pipeline Pipeline[ Id: a2b58b80-0665-40e7-a28b-69fe862d97a4, Nodes: 2c63000f-a9ba-4116-8021-1fc7d553c7a4{ip: 10.1.0.13, host: fv-az292-374.tqgtyn10aqxuxoi0mkfbldi5vh.jx.internal.cloudapp.net, ports: [REPLICATION=34129, RATIS=44077, RATIS_ADMIN=44077, RATIS_SERVER=44077, RATIS_DATASTREAM=33143, STANDALONE=44913], networkLocation: /default-rack, certSerialId: null, persistedOpState: IN_SERVICE, persistedOpStateExpiryEpochSec: 0}, ReplicationConfig: RATIS/ONE, State:ALLOCATED, leaderId:2c63000f-a9ba-4116-8021-1fc7d553c7a4, CreationTimestamp2023-01-03T10:07:13.497Z[Etc/UTC]] moved to OPEN state
2023-01-03 10:07:16,501 [pool-322-thread-1] INFO  segmented.SegmentedRaftLogWorker (SegmentedRaftLogWorker.java:<init>(189)) - new 2c63000f-a9ba-4116-8021-1fc7d553c7a4@group-69FE862D97A4-SegmentedRaftLogWorker for RaftStorageImpl:Storage Directory /home/runner/work/ozone/ozone/hadoop-ozone/integration-test/target/test-dir/MiniOzoneClusterImpl-9af64d9f-ce66-432d-b755-d0db545afb98/datanode-2/data/ratis/a2b58b80-0665-40e7-a28b-69fe862d97a4
2023-01-03 10:07:16,501 [pool-322-thread-1] INFO  server.RaftServerConfigKeys (ConfUtils.java:logGet(46)) - raft.server.log.queue.byte-limit = 4294967296 (custom)
2023-01-03 10:07:16,501 [pool-322-thread-1] INFO  server.RaftServerConfigKeys (ConfUtils.java:logGet(46)) - raft.server.log.queue.element-limit = 1024 (custom)
2023-01-03 10:07:16,501 [pool-322-thread-1] INFO  server.RaftServerConfigKeys (ConfUtils.java:logGet(46)) - raft.server.log.segment.size.max = 1048576 (custom)
2023-01-03 10:07:16,501 [pool-322-thread-1] INFO  server.RaftServerConfigKeys (ConfUtils.java:logGet(46)) - raft.server.log.preallocated.size = 16384 (custom)
2023-01-03 10:07:16,501 [pool-322-thread-1] INFO  server.RaftServerConfigKeys (ConfUtils.java:logGet(46)) - raft.server.log.force.sync.num = 128 (default)
2023-01-03 10:07:16,501 [pool-322-thread-1] INFO  server.RaftServerConfigKeys (ConfUtils.java:logGet(46)) - raft.server.log.statemachine.data.sync = true (default)
2023-01-03 10:07:16,501 [EventQueue-OpenPipelineForHealthyPipelineSafeModeRule] INFO  safemode.SCMSafeModeManager (HealthyPipelineSafeModeRule.java:process(137)) - SCM in safe mode. Healthy pipelines reported count is 0, required healthy pipeline reported count is 1
2023-01-03 10:07:16,501 [pool-322-thread-1] INFO  server.RaftServerConfigKeys (ConfUtils.java:logGet(46)) - raft.server.log.statemachine.data.sync.timeout = 10s (default)
2023-01-03 10:07:16,501 [pool-322-thread-1] INFO  server.RaftServerConfigKeys (ConfUtils.java:logGet(46)) - raft.server.log.statemachine.data.sync.timeout.retry = -1 (default)
2023-01-03 10:07:16,502 [pool-322-thread-1] INFO  server.RaftServerConfigKeys (ConfUtils.java:logGet(46)) - raft.server.log.write.buffer.size = 1048576 (custom)
2023-01-03 10:07:16,502 [pool-322-thread-1] INFO  server.RaftServerConfigKeys (ConfUtils.java:logGet(46)) - raft.server.log.appender.buffer.byte-limit = 33554432 (custom)
2023-01-03 10:07:16,850 [JvmPauseMonitor7] WARN  util.JvmPauseMonitor (JvmPauseMonitor.java:detectPause(126)) - JvmPauseMonitor-ad81db47-82b5-4afb-987d-b3e16962a519: Detected pause in JVM or host machine (eg GC): pause of approximately 120180162ns.
GC pool 'PS MarkSweep' had collection(s): count=1 time=263ms
GC pool 'PS Scavenge' had collection(s): count=1 time=83ms
2023-01-03 10:07:16,851 [pool-322-thread-1] INFO  server.RaftServerConfigKeys (ConfUtils.java:logGet(46)) - raft.server.log.unsafe-flush.enabled = false (default)
2023-01-03 10:07:16,851 [pool-322-thread-1] INFO  server.RaftServerConfigKeys (ConfUtils.java:logGet(46)) - raft.server.log.async-flush.enabled = false (default)
2023-01-03 10:07:16,851 [pool-322-thread-1] INFO  server.RaftServerConfigKeys (ConfUtils.java:logGet(46)) - raft.server.log.statemachine.data.caching.enabled = true (custom)
2023-01-03 10:07:16,852 [pool-322-thread-1] INFO  segmented.SegmentedRaftLogWorker (SegmentedRaftLogWorker.java:lambda$new$0(135)) - 2c63000f-a9ba-4116-8021-1fc7d553c7a4@group-69FE862D97A4-SegmentedRaftLogWorker: flushIndex: setUnconditionally 0 -> -1
2023-01-03 10:07:16,852 [pool-322-thread-1] INFO  segmented.SegmentedRaftLogWorker (SegmentedRaftLogWorker.java:lambda$new$0(135)) - 2c63000f-a9ba-4116-8021-1fc7d553c7a4@group-69FE862D97A4-SegmentedRaftLogWorker: safeCacheEvictIndex: setUnconditionally 0 -> -1
2023-01-03 10:07:16,852 [pool-322-thread-1] INFO  server.RaftServer$Division (RaftServerImpl.java:start(334)) - 2c63000f-a9ba-4116-8021-1fc7d553c7a4@group-69FE862D97A4: start as a follower, conf=-1: peers:[2c63000f-a9ba-4116-8021-1fc7d553c7a4|rpc:10.1.0.13:44077|dataStream:10.1.0.13:33143|priority:1|startupRole:FOLLOWER]|listeners:[], old=null
2023-01-03 10:07:16,852 [pool-322-thread-1] INFO  server.RaftServer$Division (RaftServerImpl.java:setRole(321)) - 2c63000f-a9ba-4116-8021-1fc7d553c7a4@group-69FE862D97A4: changes role from      null to FOLLOWER at term 0 for startAsFollower
2023-01-03 10:07:16,852 [pool-322-thread-1] INFO  impl.RoleInfo (RoleInfo.java:updateAndGet(139)) - 2c63000f-a9ba-4116-8021-1fc7d553c7a4: start 2c63000f-a9ba-4116-8021-1fc7d553c7a4@group-69FE862D97A4-FollowerState
2023-01-03 10:07:16,852 [pool-322-thread-1] INFO  util.JmxRegister (JmxRegister.java:tryRegister(44)) - Successfully registered JMX Bean with object name Ratis:service=RaftServer,group=group-69FE862D97A4,id=2c63000f-a9ba-4116-8021-1fc7d553c7a4
2023-01-03 10:07:16,852 [pool-322-thread-1] INFO  server.RaftServerConfigKeys (ConfUtils.java:logGet(46)) - raft.server.snapshot.auto.trigger.enabled = true (custom)
2023-01-03 10:07:16,852 [pool-322-thread-1] INFO  server.RaftServerConfigKeys (ConfUtils.java:logGet(46)) - raft.server.snapshot.auto.trigger.threshold = 10000 (custom)
2023-01-03 10:07:16,852 [pool-322-thread-1] INFO  server.RaftServerConfigKeys (ConfUtils.java:logGet(46)) - raft.server.snapshot.retention.file.num = 5 (custom)
2023-01-03 10:07:16,853 [pool-322-thread-1] INFO  server.RaftServerConfigKeys (ConfUtils.java:logGet(46)) - raft.server.log.purge.upto.snapshot.index = false (default)
2023-01-03 10:07:16,853 [2c63000f-a9ba-4116-8021-1fc7d553c7a4@group-69FE862D97A4-FollowerState] INFO  server.RaftServerConfigKeys (ConfUtils.java:logFallback(53)) - raft.server.rpc.first-election.timeout.min = 5s (fallback to raft.server.rpc.timeout.min)
2023-01-03 10:07:16,853 [2c63000f-a9ba-4116-8021-1fc7d553c7a4@group-69FE862D97A4-FollowerState] INFO  server.RaftServerConfigKeys (ConfUtils.java:logFallback(53)) - raft.server.rpc.first-election.timeout.max = 5200ms (fallback to raft.server.rpc.timeout.max)
2023-01-03 10:07:16,853 [Command processor thread] INFO  ratis.XceiverServerRatis (XceiverServerRatis.java:addGroup(806)) - Created group PipelineID=a2b58b80-0665-40e7-a28b-69fe862d97a4
2023-01-03 10:07:16,853 [Command processor thread] INFO  commandhandler.CreatePipelineCommandHandler (CreatePipelineCommandHandler.java:handle(113)) - Created Pipeline RATIS ONE PipelineID=a2b58b80-0665-40e7-a28b-69fe862d97a4.
2023-01-03 10:07:16,854 [EventQueue-CommandQueueReportForCommandQueueReportHandler] WARN  events.EventQueue (EventQueue.java:fireEvent(216)) - No event handler registered for event TypedEvent{payloadType=DatanodeDetails, name='Datanode_Command_Queue_Updated'}
2023-01-03 10:07:16,867 [JvmPauseMonitor10] WARN  util.JvmPauseMonitor (JvmPauseMonitor.java:detectPause(126)) - JvmPauseMonitor-cf16c65b-18c5-4246-b401-9967cdd5b427: Detected pause in JVM or host machine (eg GC): pause of approximately 257358053ns.
GC pool 'PS MarkSweep' had collection(s): count=1 time=263ms
GC pool 'PS Scavenge' had collection(s): count=1 time=83ms
2023-01-03 10:07:16,867 [JvmPauseMonitor8] WARN  util.JvmPauseMonitor (JvmPauseMonitor.java:detectPause(126)) - JvmPauseMonitor-2c63000f-a9ba-4116-8021-1fc7d553c7a4: Detected pause in JVM or host machine (eg GC): pause of approximately 332490666ns.
GC pool 'PS MarkSweep' had collection(s): count=1 time=263ms
GC pool 'PS Scavenge' had collection(s): count=1 time=83ms
2023-01-03 10:07:16,869 [Command processor thread] INFO  server.RaftServer (RaftServerProxy.java:addNew(96)) - 01844fa3-4991-4a9b-b3ea-c862c2ab2093: addNew group-D7FEA6E778B7:[01844fa3-4991-4a9b-b3ea-c862c2ab2093|rpc:10.1.0.13:37787|dataStream:10.1.0.13:37099|priority:1|startupRole:FOLLOWER] returns group-D7FEA6E778B7:java.util.concurrent.CompletableFuture@39f6ec2e[Not completed]
2023-01-03 10:07:16,879 [pool-345-thread-1] INFO  server.RaftServer$Division (RaftServerImpl.java:<init>(195)) - 01844fa3-4991-4a9b-b3ea-c862c2ab2093: new RaftServerImpl for group-D7FEA6E778B7:[01844fa3-4991-4a9b-b3ea-c862c2ab2093|rpc:10.1.0.13:37787|dataStream:10.1.0.13:37099|priority:1|startupRole:FOLLOWER] with ContainerStateMachine:uninitialized
2023-01-03 10:07:16,879 [pool-345-thread-1] INFO  server.RaftServerConfigKeys (ConfUtils.java:logGet(46)) - raft.server.rpc.timeout.min = 5s (custom)
2023-01-03 10:07:16,879 [pool-345-thread-1] INFO  server.RaftServerConfigKeys (ConfUtils.java:logGet(46)) - raft.server.rpc.timeout.max = 5200ms (custom)
2023-01-03 10:07:16,879 [pool-345-thread-1] INFO  server.RaftServerConfigKeys (ConfUtils.java:logGet(46)) - raft.server.rpc.sleep.time = 25ms (default)
2023-01-03 10:07:16,880 [pool-345-thread-1] INFO  server.RaftServerConfigKeys (ConfUtils.java:logGet(46)) - raft.server.rpc.slowness.timeout = 300s (custom)
2023-01-03 10:07:16,880 [pool-345-thread-1] INFO  server.RaftServerConfigKeys (ConfUtils.java:logGet(46)) - raft.server.leaderelection.leader.step-down.wait-time = 10s (default)
2023-01-03 10:07:16,880 [pool-345-thread-1] INFO  server.RaftServerConfigKeys (ConfUtils.java:logGet(46)) - raft.server.sleep.deviation.threshold = 300ms (default)
2023-01-03 10:07:16,880 [pool-345-thread-1] INFO  server.RaftServer$Division (ServerState.java:<init>(118)) - 01844fa3-4991-4a9b-b3ea-c862c2ab2093@group-D7FEA6E778B7: ConfigurationManager, init=-1: peers:[01844fa3-4991-4a9b-b3ea-c862c2ab2093|rpc:10.1.0.13:37787|dataStream:10.1.0.13:37099|priority:1|startupRole:FOLLOWER]|listeners:[], old=null, confs=<EMPTY_MAP>
2023-01-03 10:07:16,881 [pool-345-thread-1] INFO  server.RaftServerConfigKeys (ConfUtils.java:logGet(46)) - raft.server.storage.dir = [/home/runner/work/ozone/ozone/hadoop-ozone/integration-test/target/test-dir/MiniOzoneClusterImpl-9af64d9f-ce66-432d-b755-d0db545afb98/datanode-3/data/ratis] (custom)
2023-01-03 10:07:16,882 [pool-345-thread-1] INFO  server.RaftServerConfigKeys (ConfUtils.java:logGet(46)) - raft.server.log.corruption.policy = EXCEPTION (default)
2023-01-03 10:07:16,882 [pool-345-thread-1] INFO  server.RaftServerConfigKeys (ConfUtils.java:logGet(46)) - raft.server.storage.free-space.min = 0MB (=0) (default)
2023-01-03 10:07:16,882 [pool-345-thread-1] INFO  server.RaftServerConfigKeys (ConfUtils.java:logGet(46)) - raft.server.notification.no-leader.timeout = 300s (custom)
2023-01-03 10:07:16,882 [pool-345-thread-1] INFO  server.RaftServerConfigKeys (ConfUtils.java:logGet(46)) - raft.server.retrycache.expirytime = 600000ms (custom)
2023-01-03 10:07:16,882 [pool-345-thread-1] INFO  server.RaftServerConfigKeys (ConfUtils.java:logGet(46)) - raft.server.retrycache.statistics.expirytime = 100μs (default)
2023-01-03 10:07:16,883 [pool-345-thread-1] INFO  server.RaftServerConfigKeys (ConfUtils.java:logGet(46)) - raft.server.log.appender.install.snapshot.enabled = false (custom)
2023-01-03 10:07:16,884 [pool-345-thread-1] INFO  server.RaftServerConfigKeys (ConfUtils.java:logGet(46)) - raft.server.threadpool.server.cached = true (default)
2023-01-03 10:07:16,884 [pool-345-thread-1] INFO  server.RaftServerConfigKeys (ConfUtils.java:logGet(46)) - raft.server.threadpool.server.size = 0 (default)
2023-01-03 10:07:16,884 [pool-345-thread-1] INFO  server.RaftServerConfigKeys (ConfUtils.java:logGet(46)) - raft.server.threadpool.client.cached = true (default)
2023-01-03 10:07:16,884 [pool-345-thread-1] INFO  server.RaftServerConfigKeys (ConfUtils.java:logGet(46)) - raft.server.threadpool.client.size = 0 (default)
2023-01-03 10:07:16,884 [pool-345-thread-1] INFO  storage.RaftStorageDirectory (RaftStorageDirectoryImpl.java:analyzeStorage(137)) - The storage directory /home/runner/work/ozone/ozone/hadoop-ozone/integration-test/target/test-dir/MiniOzoneClusterImpl-9af64d9f-ce66-432d-b755-d0db545afb98/datanode-3/data/ratis/a12f531f-3d69-4c99-ad12-d7fea6e778b7 does not exist. Creating ...
2023-01-03 10:07:16,885 [pool-345-thread-1] INFO  storage.RaftStorageDirectory (RaftStorageDirectoryImpl.java:tryLock(231)) - Lock on /home/runner/work/ozone/ozone/hadoop-ozone/integration-test/target/test-dir/MiniOzoneClusterImpl-9af64d9f-ce66-432d-b755-d0db545afb98/datanode-3/data/ratis/a12f531f-3d69-4c99-ad12-d7fea6e778b7/in_use.lock acquired by nodename 9440@fv-az292-374
2023-01-03 10:07:16,886 [pool-345-thread-1] INFO  storage.RaftStorage (RaftStorageImpl.java:format(96)) - Storage directory /home/runner/work/ozone/ozone/hadoop-ozone/integration-test/target/test-dir/MiniOzoneClusterImpl-9af64d9f-ce66-432d-b755-d0db545afb98/datanode-3/data/ratis/a12f531f-3d69-4c99-ad12-d7fea6e778b7 has been successfully formatted.
2023-01-03 10:07:16,889 [pool-345-thread-1] INFO  ratis.ContainerStateMachine (ContainerStateMachine.java:loadSnapshot(240)) - group-D7FEA6E778B7: The snapshot info is null. Setting the last applied indexto:(t:0, i:~)
2023-01-03 10:07:16,889 [pool-345-thread-1] INFO  server.RaftServerConfigKeys (ConfUtils.java:logGet(46)) - raft.server.log.use.memory = false (default)
2023-01-03 10:07:16,889 [pool-345-thread-1] INFO  server.RaftServerConfigKeys (ConfUtils.java:logGet(46)) - raft.server.log.purge.gap = 1000000 (custom)
2023-01-03 10:07:16,889 [pool-345-thread-1] INFO  server.RaftServerConfigKeys (ConfUtils.java:logGet(46)) - raft.server.log.appender.buffer.byte-limit = 33554432 (custom)
2023-01-03 10:07:16,889 [pool-345-thread-1] INFO  server.RaftServerConfigKeys (ConfUtils.java:logGet(46)) - raft.server.log.statemachine.data.read.timeout = 1000ms (default)
2023-01-03 10:07:16,889 [pool-345-thread-1] INFO  server.RaftServerConfigKeys (ConfUtils.java:logGet(46)) - raft.server.log.purge.preservation.log.num = 0 (default)
2023-01-03 10:07:16,890 [EventQueue-PipelineReportForPipelineReportHandler] INFO  pipeline.PipelineManagerImpl (PipelineManagerImpl.java:openPipeline(367)) - Pipeline Pipeline[ Id: a12f531f-3d69-4c99-ad12-d7fea6e778b7, Nodes: 01844fa3-4991-4a9b-b3ea-c862c2ab2093{ip: 10.1.0.13, host: fv-az292-374.tqgtyn10aqxuxoi0mkfbldi5vh.jx.internal.cloudapp.net, ports: [REPLICATION=45803, RATIS=37787, RATIS_ADMIN=37787, RATIS_SERVER=37787, RATIS_DATASTREAM=37099, STANDALONE=41089], networkLocation: /default-rack, certSerialId: null, persistedOpState: IN_SERVICE, persistedOpStateExpiryEpochSec: 0}, ReplicationConfig: RATIS/ONE, State:ALLOCATED, leaderId:01844fa3-4991-4a9b-b3ea-c862c2ab2093, CreationTimestamp2023-01-03T10:07:13.793Z[Etc/UTC]] moved to OPEN state
2023-01-03 10:07:16,889 [EventQueue-CommandQueueReportForCommandQueueReportHandler] WARN  events.EventQueue (EventQueue.java:fireEvent(216)) - No event handler registered for event TypedEvent{payloadType=DatanodeDetails, name='Datanode_Command_Queue_Updated'}
2023-01-03 10:07:16,891 [EventQueue-OpenPipelineForHealthyPipelineSafeModeRule] INFO  safemode.SCMSafeModeManager (HealthyPipelineSafeModeRule.java:process(137)) - SCM in safe mode. Healthy pipelines reported count is 0, required healthy pipeline reported count is 1
2023-01-03 10:07:16,891 [pool-345-thread-1] INFO  server.RaftServerConfigKeys (ConfUtils.java:logGet(46)) - raft.server.log.segment.size.max = 1048576 (custom)
2023-01-03 10:07:16,891 [pool-345-thread-1] INFO  server.RaftServerConfigKeys (ConfUtils.java:logGet(46)) - raft.server.log.segment.cache.num.max = 2 (custom)
2023-01-03 10:07:16,891 [pool-345-thread-1] INFO  server.RaftServerConfigKeys (ConfUtils.java:logGet(46)) - raft.server.log.segment.cache.size.max = 200MB (=209715200) (default)
2023-01-03 10:07:16,891 [pool-345-thread-1] INFO  segmented.SegmentedRaftLogWorker (SegmentedRaftLogWorker.java:<init>(189)) - new 01844fa3-4991-4a9b-b3ea-c862c2ab2093@group-D7FEA6E778B7-SegmentedRaftLogWorker for RaftStorageImpl:Storage Directory /home/runner/work/ozone/ozone/hadoop-ozone/integration-test/target/test-dir/MiniOzoneClusterImpl-9af64d9f-ce66-432d-b755-d0db545afb98/datanode-3/data/ratis/a12f531f-3d69-4c99-ad12-d7fea6e778b7
2023-01-03 10:07:16,892 [pool-345-thread-1] INFO  server.RaftServerConfigKeys (ConfUtils.java:logGet(46)) - raft.server.log.queue.byte-limit = 4294967296 (custom)
2023-01-03 10:07:16,892 [pool-345-thread-1] INFO  server.RaftServerConfigKeys (ConfUtils.java:logGet(46)) - raft.server.log.queue.element-limit = 1024 (custom)
2023-01-03 10:07:16,892 [pool-345-thread-1] INFO  server.RaftServerConfigKeys (ConfUtils.java:logGet(46)) - raft.server.log.segment.size.max = 1048576 (custom)
2023-01-03 10:07:16,892 [pool-345-thread-1] INFO  server.RaftServerConfigKeys (ConfUtils.java:logGet(46)) - raft.server.log.preallocated.size = 16384 (custom)
2023-01-03 10:07:16,892 [pool-345-thread-1] INFO  server.RaftServerConfigKeys (ConfUtils.java:logGet(46)) - raft.server.log.force.sync.num = 128 (default)
2023-01-03 10:07:16,892 [pool-345-thread-1] INFO  server.RaftServerConfigKeys (ConfUtils.java:logGet(46)) - raft.server.log.statemachine.data.sync = true (default)
2023-01-03 10:07:16,893 [pool-345-thread-1] INFO  server.RaftServerConfigKeys (ConfUtils.java:logGet(46)) - raft.server.log.statemachine.data.sync.timeout = 10s (default)
2023-01-03 10:07:16,893 [pool-345-thread-1] INFO  server.RaftServerConfigKeys (ConfUtils.java:logGet(46)) - raft.server.log.statemachine.data.sync.timeout.retry = -1 (default)
2023-01-03 10:07:16,893 [pool-345-thread-1] INFO  server.RaftServerConfigKeys (ConfUtils.java:logGet(46)) - raft.server.log.write.buffer.size = 1048576 (custom)
2023-01-03 10:07:16,893 [pool-345-thread-1] INFO  server.RaftServerConfigKeys (ConfUtils.java:logGet(46)) - raft.server.log.appender.buffer.byte-limit = 33554432 (custom)
2023-01-03 10:07:16,899 [pool-345-thread-1] INFO  server.RaftServerConfigKeys (ConfUtils.java:logGet(46)) - raft.server.log.unsafe-flush.enabled = false (default)
2023-01-03 10:07:16,900 [pool-345-thread-1] INFO  server.RaftServerConfigKeys (ConfUtils.java:logGet(46)) - raft.server.log.async-flush.enabled = false (default)
2023-01-03 10:07:16,900 [pool-345-thread-1] INFO  server.RaftServerConfigKeys (ConfUtils.java:logGet(46)) - raft.server.log.statemachine.data.caching.enabled = true (custom)
2023-01-03 10:07:16,901 [pool-345-thread-1] INFO  segmented.SegmentedRaftLogWorker (SegmentedRaftLogWorker.java:lambda$new$0(135)) - 01844fa3-4991-4a9b-b3ea-c862c2ab2093@group-D7FEA6E778B7-SegmentedRaftLogWorker: flushIndex: setUnconditionally 0 -> -1
2023-01-03 10:07:16,901 [pool-345-thread-1] INFO  segmented.SegmentedRaftLogWorker (SegmentedRaftLogWorker.java:lambda$new$0(135)) - 01844fa3-4991-4a9b-b3ea-c862c2ab2093@group-D7FEA6E778B7-SegmentedRaftLogWorker: safeCacheEvictIndex: setUnconditionally 0 -> -1
2023-01-03 10:07:16,903 [pool-345-thread-1] INFO  server.RaftServer$Division (RaftServerImpl.java:start(334)) - 01844fa3-4991-4a9b-b3ea-c862c2ab2093@group-D7FEA6E778B7: start as a follower, conf=-1: peers:[01844fa3-4991-4a9b-b3ea-c862c2ab2093|rpc:10.1.0.13:37787|dataStream:10.1.0.13:37099|priority:1|startupRole:FOLLOWER]|listeners:[], old=null
2023-01-03 10:07:16,903 [pool-345-thread-1] INFO  server.RaftServer$Division (RaftServerImpl.java:setRole(321)) - 01844fa3-4991-4a9b-b3ea-c862c2ab2093@group-D7FEA6E778B7: changes role from      null to FOLLOWER at term 0 for startAsFollower
2023-01-03 10:07:16,903 [pool-345-thread-1] INFO  impl.RoleInfo (RoleInfo.java:updateAndGet(139)) - 01844fa3-4991-4a9b-b3ea-c862c2ab2093: start 01844fa3-4991-4a9b-b3ea-c862c2ab2093@group-D7FEA6E778B7-FollowerState
2023-01-03 10:07:16,903 [pool-345-thread-1] INFO  util.JmxRegister (JmxRegister.java:tryRegister(44)) - Successfully registered JMX Bean with object name Ratis:service=RaftServer,group=group-D7FEA6E778B7,id=01844fa3-4991-4a9b-b3ea-c862c2ab2093
2023-01-03 10:07:16,903 [pool-345-thread-1] INFO  server.RaftServerConfigKeys (ConfUtils.java:logGet(46)) - raft.server.snapshot.auto.trigger.enabled = true (custom)
2023-01-03 10:07:16,903 [pool-345-thread-1] INFO  server.RaftServerConfigKeys (ConfUtils.java:logGet(46)) - raft.server.snapshot.auto.trigger.threshold = 10000 (custom)
2023-01-03 10:07:16,903 [pool-345-thread-1] INFO  server.RaftServerConfigKeys (ConfUtils.java:logGet(46)) - raft.server.snapshot.retention.file.num = 5 (custom)
2023-01-03 10:07:16,903 [pool-345-thread-1] INFO  server.RaftServerConfigKeys (ConfUtils.java:logGet(46)) - raft.server.log.purge.upto.snapshot.index = false (default)
2023-01-03 10:07:16,904 [01844fa3-4991-4a9b-b3ea-c862c2ab2093@group-D7FEA6E778B7-FollowerState] INFO  server.RaftServerConfigKeys (ConfUtils.java:logFallback(53)) - raft.server.rpc.first-election.timeout.min = 5s (fallback to raft.server.rpc.timeout.min)
2023-01-03 10:07:16,904 [01844fa3-4991-4a9b-b3ea-c862c2ab2093@group-D7FEA6E778B7-FollowerState] INFO  server.RaftServerConfigKeys (ConfUtils.java:logFallback(53)) - raft.server.rpc.first-election.timeout.max = 5200ms (fallback to raft.server.rpc.timeout.max)
2023-01-03 10:07:16,904 [Command processor thread] INFO  ratis.XceiverServerRatis (XceiverServerRatis.java:addGroup(806)) - Created group PipelineID=a12f531f-3d69-4c99-ad12-d7fea6e778b7
2023-01-03 10:07:16,904 [Command processor thread] INFO  commandhandler.CreatePipelineCommandHandler (CreatePipelineCommandHandler.java:handle(113)) - Created Pipeline RATIS ONE PipelineID=a12f531f-3d69-4c99-ad12-d7fea6e778b7.
2023-01-03 10:07:17,009 [EventQueue-CommandQueueReportForCommandQueueReportHandler] WARN  events.EventQueue (EventQueue.java:fireEvent(216)) - No event handler registered for event TypedEvent{payloadType=DatanodeDetails, name='Datanode_Command_Queue_Updated'}
2023-01-03 10:07:17,080 [Listener at 127.0.0.1/46801] INFO  ozone.MiniOzoneClusterImpl (MiniOzoneClusterImpl.java:lambda$waitForClusterToBeReady$0(217)) - Nodes are ready. Got 5 of 5 DN Heartbeats.
2023-01-03 10:07:17,080 [Listener at 127.0.0.1/46801] INFO  ozone.MiniOzoneClusterImpl (MiniOzoneClusterImpl.java:lambda$waitForClusterToBeReady$0(220)) - Waiting for cluster to exit safe mode
2023-01-03 10:07:17,081 [Listener at 127.0.0.1/46801] INFO  ozone.MiniOzoneClusterImpl (MiniOzoneClusterImpl.java:lambda$waitForClusterToBeReady$0(222)) - SCM became leader
2023-01-03 10:07:17,083 [Command processor thread] INFO  server.RaftServer (RaftServerProxy.java:addNew(96)) - cf16c65b-18c5-4246-b401-9967cdd5b427: addNew group-1EE77A0A3A49:[cf16c65b-18c5-4246-b401-9967cdd5b427|rpc:10.1.0.13:45509|dataStream:10.1.0.13:37175|priority:1|startupRole:FOLLOWER] returns group-1EE77A0A3A49:java.util.concurrent.CompletableFuture@7c4a4d76[Not completed]
2023-01-03 10:07:17,084 [pool-368-thread-1] INFO  server.RaftServer$Division (RaftServerImpl.java:<init>(195)) - cf16c65b-18c5-4246-b401-9967cdd5b427: new RaftServerImpl for group-1EE77A0A3A49:[cf16c65b-18c5-4246-b401-9967cdd5b427|rpc:10.1.0.13:45509|dataStream:10.1.0.13:37175|priority:1|startupRole:FOLLOWER] with ContainerStateMachine:uninitialized
2023-01-03 10:07:17,084 [pool-368-thread-1] INFO  server.RaftServerConfigKeys (ConfUtils.java:logGet(46)) - raft.server.rpc.timeout.min = 5s (custom)
2023-01-03 10:07:17,084 [pool-368-thread-1] INFO  server.RaftServerConfigKeys (ConfUtils.java:logGet(46)) - raft.server.rpc.timeout.max = 5200ms (custom)
2023-01-03 10:07:17,084 [pool-368-thread-1] INFO  server.RaftServerConfigKeys (ConfUtils.java:logGet(46)) - raft.server.rpc.sleep.time = 25ms (default)
2023-01-03 10:07:17,084 [pool-368-thread-1] INFO  server.RaftServerConfigKeys (ConfUtils.java:logGet(46)) - raft.server.rpc.slowness.timeout = 300s (custom)
2023-01-03 10:07:17,084 [pool-368-thread-1] INFO  server.RaftServerConfigKeys (ConfUtils.java:logGet(46)) - raft.server.leaderelection.leader.step-down.wait-time = 10s (default)
2023-01-03 10:07:17,084 [pool-368-thread-1] INFO  server.RaftServerConfigKeys (ConfUtils.java:logGet(46)) - raft.server.sleep.deviation.threshold = 300ms (default)
2023-01-03 10:07:17,084 [pool-368-thread-1] INFO  server.RaftServer$Division (ServerState.java:<init>(118)) - cf16c65b-18c5-4246-b401-9967cdd5b427@group-1EE77A0A3A49: ConfigurationManager, init=-1: peers:[cf16c65b-18c5-4246-b401-9967cdd5b427|rpc:10.1.0.13:45509|dataStream:10.1.0.13:37175|priority:1|startupRole:FOLLOWER]|listeners:[], old=null, confs=<EMPTY_MAP>
2023-01-03 10:07:17,084 [pool-368-thread-1] INFO  server.RaftServerConfigKeys (ConfUtils.java:logGet(46)) - raft.server.storage.dir = [/home/runner/work/ozone/ozone/hadoop-ozone/integration-test/target/test-dir/MiniOzoneClusterImpl-9af64d9f-ce66-432d-b755-d0db545afb98/datanode-4/data/ratis] (custom)
2023-01-03 10:07:17,084 [pool-368-thread-1] INFO  server.RaftServerConfigKeys (ConfUtils.java:logGet(46)) - raft.server.log.corruption.policy = EXCEPTION (default)
2023-01-03 10:07:17,084 [pool-368-thread-1] INFO  server.RaftServerConfigKeys (ConfUtils.java:logGet(46)) - raft.server.storage.free-space.min = 0MB (=0) (default)
2023-01-03 10:07:17,084 [pool-368-thread-1] INFO  server.RaftServerConfigKeys (ConfUtils.java:logGet(46)) - raft.server.notification.no-leader.timeout = 300s (custom)
2023-01-03 10:07:17,084 [pool-368-thread-1] INFO  server.RaftServerConfigKeys (ConfUtils.java:logGet(46)) - raft.server.retrycache.expirytime = 600000ms (custom)
2023-01-03 10:07:17,084 [pool-368-thread-1] INFO  server.RaftServerConfigKeys (ConfUtils.java:logGet(46)) - raft.server.retrycache.statistics.expirytime = 100μs (default)
2023-01-03 10:07:17,085 [EventQueue-CommandQueueReportForCommandQueueReportHandler] WARN  events.EventQueue (EventQueue.java:fireEvent(216)) - No event handler registered for event TypedEvent{payloadType=DatanodeDetails, name='Datanode_Command_Queue_Updated'}
2023-01-03 10:07:17,086 [pool-368-thread-1] INFO  server.RaftServerConfigKeys (ConfUtils.java:logGet(46)) - raft.server.log.appender.install.snapshot.enabled = false (custom)
2023-01-03 10:07:17,086 [pool-368-thread-1] INFO  server.RaftServerConfigKeys (ConfUtils.java:logGet(46)) - raft.server.threadpool.server.cached = true (default)
2023-01-03 10:07:17,086 [pool-368-thread-1] INFO  server.RaftServerConfigKeys (ConfUtils.java:logGet(46)) - raft.server.threadpool.server.size = 0 (default)
2023-01-03 10:07:17,086 [pool-368-thread-1] INFO  server.RaftServerConfigKeys (ConfUtils.java:logGet(46)) - raft.server.threadpool.client.cached = true (default)
2023-01-03 10:07:17,086 [pool-368-thread-1] INFO  server.RaftServerConfigKeys (ConfUtils.java:logGet(46)) - raft.server.threadpool.client.size = 0 (default)
2023-01-03 10:07:17,086 [pool-368-thread-1] INFO  storage.RaftStorageDirectory (RaftStorageDirectoryImpl.java:analyzeStorage(137)) - The storage directory /home/runner/work/ozone/ozone/hadoop-ozone/integration-test/target/test-dir/MiniOzoneClusterImpl-9af64d9f-ce66-432d-b755-d0db545afb98/datanode-4/data/ratis/1fe06da7-df87-412a-97d3-1ee77a0a3a49 does not exist. Creating ...
2023-01-03 10:07:17,087 [pool-368-thread-1] INFO  storage.RaftStorageDirectory (RaftStorageDirectoryImpl.java:tryLock(231)) - Lock on /home/runner/work/ozone/ozone/hadoop-ozone/integration-test/target/test-dir/MiniOzoneClusterImpl-9af64d9f-ce66-432d-b755-d0db545afb98/datanode-4/data/ratis/1fe06da7-df87-412a-97d3-1ee77a0a3a49/in_use.lock acquired by nodename 9440@fv-az292-374
2023-01-03 10:07:17,087 [pool-368-thread-1] INFO  storage.RaftStorage (RaftStorageImpl.java:format(96)) - Storage directory /home/runner/work/ozone/ozone/hadoop-ozone/integration-test/target/test-dir/MiniOzoneClusterImpl-9af64d9f-ce66-432d-b755-d0db545afb98/datanode-4/data/ratis/1fe06da7-df87-412a-97d3-1ee77a0a3a49 has been successfully formatted.
2023-01-03 10:07:17,089 [pool-368-thread-1] INFO  ratis.ContainerStateMachine (ContainerStateMachine.java:loadSnapshot(240)) - group-1EE77A0A3A49: The snapshot info is null. Setting the last applied indexto:(t:0, i:~)
2023-01-03 10:07:17,089 [pool-368-thread-1] INFO  server.RaftServerConfigKeys (ConfUtils.java:logGet(46)) - raft.server.log.use.memory = false (default)
2023-01-03 10:07:17,089 [pool-368-thread-1] INFO  server.RaftServerConfigKeys (ConfUtils.java:logGet(46)) - raft.server.log.purge.gap = 1000000 (custom)
2023-01-03 10:07:17,089 [pool-368-thread-1] INFO  server.RaftServerConfigKeys (ConfUtils.java:logGet(46)) - raft.server.log.appender.buffer.byte-limit = 33554432 (custom)
2023-01-03 10:07:17,089 [pool-368-thread-1] INFO  server.RaftServerConfigKeys (ConfUtils.java:logGet(46)) - raft.server.log.statemachine.data.read.timeout = 1000ms (default)
2023-01-03 10:07:17,089 [pool-368-thread-1] INFO  server.RaftServerConfigKeys (ConfUtils.java:logGet(46)) - raft.server.log.purge.preservation.log.num = 0 (default)
2023-01-03 10:07:17,089 [pool-368-thread-1] INFO  server.RaftServerConfigKeys (ConfUtils.java:logGet(46)) - raft.server.log.segment.size.max = 1048576 (custom)
2023-01-03 10:07:17,089 [pool-368-thread-1] INFO  server.RaftServerConfigKeys (ConfUtils.java:logGet(46)) - raft.server.log.segment.cache.num.max = 2 (custom)
2023-01-03 10:07:17,089 [pool-368-thread-1] INFO  server.RaftServerConfigKeys (ConfUtils.java:logGet(46)) - raft.server.log.segment.cache.size.max = 200MB (=209715200) (default)
2023-01-03 10:07:17,089 [pool-368-thread-1] INFO  segmented.SegmentedRaftLogWorker (SegmentedRaftLogWorker.java:<init>(189)) - new cf16c65b-18c5-4246-b401-9967cdd5b427@group-1EE77A0A3A49-SegmentedRaftLogWorker for RaftStorageImpl:Storage Directory /home/runner/work/ozone/ozone/hadoop-ozone/integration-test/target/test-dir/MiniOzoneClusterImpl-9af64d9f-ce66-432d-b755-d0db545afb98/datanode-4/data/ratis/1fe06da7-df87-412a-97d3-1ee77a0a3a49
2023-01-03 10:07:17,089 [pool-368-thread-1] INFO  server.RaftServerConfigKeys (ConfUtils.java:logGet(46)) - raft.server.log.queue.byte-limit = 4294967296 (custom)
2023-01-03 10:07:17,089 [pool-368-thread-1] INFO  server.RaftServerConfigKeys (ConfUtils.java:logGet(46)) - raft.server.log.queue.element-limit = 1024 (custom)
2023-01-03 10:07:17,089 [EventQueue-CommandQueueReportForCommandQueueReportHandler] WARN  events.EventQueue (EventQueue.java:fireEvent(216)) - No event handler registered for event TypedEvent{payloadType=DatanodeDetails, name='Datanode_Command_Queue_Updated'}
2023-01-03 10:07:17,089 [pool-368-thread-1] INFO  server.RaftServerConfigKeys (ConfUtils.java:logGet(46)) - raft.server.log.segment.size.max = 1048576 (custom)
2023-01-03 10:07:17,090 [pool-368-thread-1] INFO  server.RaftServerConfigKeys (ConfUtils.java:logGet(46)) - raft.server.log.preallocated.size = 16384 (custom)
2023-01-03 10:07:17,090 [pool-368-thread-1] INFO  server.RaftServerConfigKeys (ConfUtils.java:logGet(46)) - raft.server.log.force.sync.num = 128 (default)
2023-01-03 10:07:17,090 [pool-368-thread-1] INFO  server.RaftServerConfigKeys (ConfUtils.java:logGet(46)) - raft.server.log.statemachine.data.sync = true (default)
2023-01-03 10:07:17,090 [EventQueue-PipelineReportForPipelineReportHandler] INFO  pipeline.PipelineManagerImpl (PipelineManagerImpl.java:openPipeline(367)) - Pipeline Pipeline[ Id: 1fe06da7-df87-412a-97d3-1ee77a0a3a49, Nodes: cf16c65b-18c5-4246-b401-9967cdd5b427{ip: 10.1.0.13, host: fv-az292-374.tqgtyn10aqxuxoi0mkfbldi5vh.jx.internal.cloudapp.net, ports: [REPLICATION=43947, RATIS=45509, RATIS_ADMIN=45509, RATIS_SERVER=45509, RATIS_DATASTREAM=37175, STANDALONE=35843], networkLocation: /default-rack, certSerialId: null, persistedOpState: IN_SERVICE, persistedOpStateExpiryEpochSec: 0}, ReplicationConfig: RATIS/ONE, State:ALLOCATED, leaderId:cf16c65b-18c5-4246-b401-9967cdd5b427, CreationTimestamp2023-01-03T10:07:14.083Z[Etc/UTC]] moved to OPEN state
2023-01-03 10:07:17,090 [pool-368-thread-1] INFO  server.RaftServerConfigKeys (ConfUtils.java:logGet(46)) - raft.server.log.statemachine.data.sync.timeout = 10s (default)
2023-01-03 10:07:17,090 [pool-368-thread-1] INFO  server.RaftServerConfigKeys (ConfUtils.java:logGet(46)) - raft.server.log.statemachine.data.sync.timeout.retry = -1 (default)
2023-01-03 10:07:17,090 [EventQueue-OpenPipelineForHealthyPipelineSafeModeRule] INFO  safemode.SCMSafeModeManager (HealthyPipelineSafeModeRule.java:process(137)) - SCM in safe mode. Healthy pipelines reported count is 0, required healthy pipeline reported count is 1
2023-01-03 10:07:17,090 [pool-368-thread-1] INFO  server.RaftServerConfigKeys (ConfUtils.java:logGet(46)) - raft.server.log.write.buffer.size = 1048576 (custom)
2023-01-03 10:07:17,090 [pool-368-thread-1] INFO  server.RaftServerConfigKeys (ConfUtils.java:logGet(46)) - raft.server.log.appender.buffer.byte-limit = 33554432 (custom)
2023-01-03 10:07:17,094 [pool-368-thread-1] INFO  server.RaftServerConfigKeys (ConfUtils.java:logGet(46)) - raft.server.log.unsafe-flush.enabled = false (default)
2023-01-03 10:07:17,094 [pool-368-thread-1] INFO  server.RaftServerConfigKeys (ConfUtils.java:logGet(46)) - raft.server.log.async-flush.enabled = false (default)
2023-01-03 10:07:17,094 [pool-368-thread-1] INFO  server.RaftServerConfigKeys (ConfUtils.java:logGet(46)) - raft.server.log.statemachine.data.caching.enabled = true (custom)
2023-01-03 10:07:17,094 [pool-368-thread-1] INFO  segmented.SegmentedRaftLogWorker (SegmentedRaftLogWorker.java:lambda$new$0(135)) - cf16c65b-18c5-4246-b401-9967cdd5b427@group-1EE77A0A3A49-SegmentedRaftLogWorker: flushIndex: setUnconditionally 0 -> -1
2023-01-03 10:07:17,094 [pool-368-thread-1] INFO  segmented.SegmentedRaftLogWorker (SegmentedRaftLogWorker.java:lambda$new$0(135)) - cf16c65b-18c5-4246-b401-9967cdd5b427@group-1EE77A0A3A49-SegmentedRaftLogWorker: safeCacheEvictIndex: setUnconditionally 0 -> -1
2023-01-03 10:07:17,094 [pool-368-thread-1] INFO  server.RaftServer$Division (RaftServerImpl.java:start(334)) - cf16c65b-18c5-4246-b401-9967cdd5b427@group-1EE77A0A3A49: start as a follower, conf=-1: peers:[cf16c65b-18c5-4246-b401-9967cdd5b427|rpc:10.1.0.13:45509|dataStream:10.1.0.13:37175|priority:1|startupRole:FOLLOWER]|listeners:[], old=null
2023-01-03 10:07:17,094 [pool-368-thread-1] INFO  server.RaftServer$Division (RaftServerImpl.java:setRole(321)) - cf16c65b-18c5-4246-b401-9967cdd5b427@group-1EE77A0A3A49: changes role from      null to FOLLOWER at term 0 for startAsFollower
2023-01-03 10:07:17,095 [pool-368-thread-1] INFO  impl.RoleInfo (RoleInfo.java:updateAndGet(139)) - cf16c65b-18c5-4246-b401-9967cdd5b427: start cf16c65b-18c5-4246-b401-9967cdd5b427@group-1EE77A0A3A49-FollowerState
2023-01-03 10:07:17,098 [pool-368-thread-1] INFO  util.JmxRegister (JmxRegister.java:tryRegister(44)) - Successfully registered JMX Bean with object name Ratis:service=RaftServer,group=group-1EE77A0A3A49,id=cf16c65b-18c5-4246-b401-9967cdd5b427
2023-01-03 10:07:17,098 [cf16c65b-18c5-4246-b401-9967cdd5b427@group-1EE77A0A3A49-FollowerState] INFO  server.RaftServerConfigKeys (ConfUtils.java:logFallback(53)) - raft.server.rpc.first-election.timeout.min = 5s (fallback to raft.server.rpc.timeout.min)
2023-01-03 10:07:17,098 [pool-368-thread-1] INFO  server.RaftServerConfigKeys (ConfUtils.java:logGet(46)) - raft.server.snapshot.auto.trigger.enabled = true (custom)
2023-01-03 10:07:17,098 [cf16c65b-18c5-4246-b401-9967cdd5b427@group-1EE77A0A3A49-FollowerState] INFO  server.RaftServerConfigKeys (ConfUtils.java:logFallback(53)) - raft.server.rpc.first-election.timeout.max = 5200ms (fallback to raft.server.rpc.timeout.max)
2023-01-03 10:07:17,098 [pool-368-thread-1] INFO  server.RaftServerConfigKeys (ConfUtils.java:logGet(46)) - raft.server.snapshot.auto.trigger.threshold = 10000 (custom)
2023-01-03 10:07:17,098 [pool-368-thread-1] INFO  server.RaftServerConfigKeys (ConfUtils.java:logGet(46)) - raft.server.snapshot.retention.file.num = 5 (custom)
2023-01-03 10:07:17,098 [pool-368-thread-1] INFO  server.RaftServerConfigKeys (ConfUtils.java:logGet(46)) - raft.server.log.purge.upto.snapshot.index = false (default)
2023-01-03 10:07:17,099 [Command processor thread] INFO  ratis.XceiverServerRatis (XceiverServerRatis.java:addGroup(806)) - Created group PipelineID=1fe06da7-df87-412a-97d3-1ee77a0a3a49
2023-01-03 10:07:17,099 [Command processor thread] INFO  commandhandler.CreatePipelineCommandHandler (CreatePipelineCommandHandler.java:handle(113)) - Created Pipeline RATIS ONE PipelineID=1fe06da7-df87-412a-97d3-1ee77a0a3a49.
2023-01-03 10:07:17,203 [EventQueue-CommandQueueReportForCommandQueueReportHandler] WARN  events.EventQueue (EventQueue.java:fireEvent(216)) - No event handler registered for event TypedEvent{payloadType=DatanodeDetails, name='Datanode_Command_Queue_Updated'}
2023-01-03 10:07:17,500 [EventQueue-CommandQueueReportForCommandQueueReportHandler] WARN  events.EventQueue (EventQueue.java:fireEvent(216)) - No event handler registered for event TypedEvent{payloadType=DatanodeDetails, name='Datanode_Command_Queue_Updated'}
2023-01-03 10:07:17,889 [EventQueue-CommandQueueReportForCommandQueueReportHandler] WARN  events.EventQueue (EventQueue.java:fireEvent(216)) - No event handler registered for event TypedEvent{payloadType=DatanodeDetails, name='Datanode_Command_Queue_Updated'}
2023-01-03 10:07:18,009 [EventQueue-CommandQueueReportForCommandQueueReportHandler] WARN  events.EventQueue (EventQueue.java:fireEvent(216)) - No event handler registered for event TypedEvent{payloadType=DatanodeDetails, name='Datanode_Command_Queue_Updated'}
2023-01-03 10:07:18,081 [Listener at 127.0.0.1/46801] INFO  ozone.MiniOzoneClusterImpl (MiniOzoneClusterImpl.java:lambda$waitForClusterToBeReady$0(217)) - Nodes are ready. Got 5 of 5 DN Heartbeats.
2023-01-03 10:07:18,081 [Listener at 127.0.0.1/46801] INFO  ozone.MiniOzoneClusterImpl (MiniOzoneClusterImpl.java:lambda$waitForClusterToBeReady$0(220)) - Waiting for cluster to exit safe mode
2023-01-03 10:07:18,081 [Listener at 127.0.0.1/46801] INFO  ozone.MiniOzoneClusterImpl (MiniOzoneClusterImpl.java:lambda$waitForClusterToBeReady$0(222)) - SCM became leader
2023-01-03 10:07:18,089 [EventQueue-CommandQueueReportForCommandQueueReportHandler] WARN  events.EventQueue (EventQueue.java:fireEvent(216)) - No event handler registered for event TypedEvent{payloadType=DatanodeDetails, name='Datanode_Command_Queue_Updated'}
2023-01-03 10:07:18,202 [EventQueue-CommandQueueReportForCommandQueueReportHandler] WARN  events.EventQueue (EventQueue.java:fireEvent(216)) - No event handler registered for event TypedEvent{payloadType=DatanodeDetails, name='Datanode_Command_Queue_Updated'}
2023-01-03 10:07:18,500 [EventQueue-CommandQueueReportForCommandQueueReportHandler] WARN  events.EventQueue (EventQueue.java:fireEvent(216)) - No event handler registered for event TypedEvent{payloadType=DatanodeDetails, name='Datanode_Command_Queue_Updated'}
2023-01-03 10:07:18,890 [EventQueue-CommandQueueReportForCommandQueueReportHandler] WARN  events.EventQueue (EventQueue.java:fireEvent(216)) - No event handler registered for event TypedEvent{payloadType=DatanodeDetails, name='Datanode_Command_Queue_Updated'}
2023-01-03 10:07:19,009 [EventQueue-CommandQueueReportForCommandQueueReportHandler] WARN  events.EventQueue (EventQueue.java:fireEvent(216)) - No event handler registered for event TypedEvent{payloadType=DatanodeDetails, name='Datanode_Command_Queue_Updated'}
2023-01-03 10:07:19,081 [Listener at 127.0.0.1/46801] INFO  ozone.MiniOzoneClusterImpl (MiniOzoneClusterImpl.java:lambda$waitForClusterToBeReady$0(217)) - Nodes are ready. Got 5 of 5 DN Heartbeats.
2023-01-03 10:07:19,081 [Listener at 127.0.0.1/46801] INFO  ozone.MiniOzoneClusterImpl (MiniOzoneClusterImpl.java:lambda$waitForClusterToBeReady$0(220)) - Waiting for cluster to exit safe mode
2023-01-03 10:07:19,081 [Listener at 127.0.0.1/46801] INFO  ozone.MiniOzoneClusterImpl (MiniOzoneClusterImpl.java:lambda$waitForClusterToBeReady$0(222)) - SCM became leader
2023-01-03 10:07:19,089 [EventQueue-CommandQueueReportForCommandQueueReportHandler] WARN  events.EventQueue (EventQueue.java:fireEvent(216)) - No event handler registered for event TypedEvent{payloadType=DatanodeDetails, name='Datanode_Command_Queue_Updated'}
2023-01-03 10:07:19,202 [EventQueue-CommandQueueReportForCommandQueueReportHandler] WARN  events.EventQueue (EventQueue.java:fireEvent(216)) - No event handler registered for event TypedEvent{payloadType=DatanodeDetails, name='Datanode_Command_Queue_Updated'}
2023-01-03 10:07:19,500 [EventQueue-CommandQueueReportForCommandQueueReportHandler] WARN  events.EventQueue (EventQueue.java:fireEvent(216)) - No event handler registered for event TypedEvent{payloadType=DatanodeDetails, name='Datanode_Command_Queue_Updated'}
2023-01-03 10:07:19,889 [EventQueue-CommandQueueReportForCommandQueueReportHandler] WARN  events.EventQueue (EventQueue.java:fireEvent(216)) - No event handler registered for event TypedEvent{payloadType=DatanodeDetails, name='Datanode_Command_Queue_Updated'}
2023-01-03 10:07:20,009 [EventQueue-CommandQueueReportForCommandQueueReportHandler] WARN  events.EventQueue (EventQueue.java:fireEvent(216)) - No event handler registered for event TypedEvent{payloadType=DatanodeDetails, name='Datanode_Command_Queue_Updated'}
2023-01-03 10:07:20,082 [Listener at 127.0.0.1/46801] INFO  ozone.MiniOzoneClusterImpl (MiniOzoneClusterImpl.java:lambda$waitForClusterToBeReady$0(217)) - Nodes are ready. Got 5 of 5 DN Heartbeats.
2023-01-03 10:07:20,082 [Listener at 127.0.0.1/46801] INFO  ozone.MiniOzoneClusterImpl (MiniOzoneClusterImpl.java:lambda$waitForClusterToBeReady$0(220)) - Waiting for cluster to exit safe mode
2023-01-03 10:07:20,082 [Listener at 127.0.0.1/46801] INFO  ozone.MiniOzoneClusterImpl (MiniOzoneClusterImpl.java:lambda$waitForClusterToBeReady$0(222)) - SCM became leader
2023-01-03 10:07:20,089 [EventQueue-CommandQueueReportForCommandQueueReportHandler] WARN  events.EventQueue (EventQueue.java:fireEvent(216)) - No event handler registered for event TypedEvent{payloadType=DatanodeDetails, name='Datanode_Command_Queue_Updated'}
2023-01-03 10:07:20,202 [EventQueue-CommandQueueReportForCommandQueueReportHandler] WARN  events.EventQueue (EventQueue.java:fireEvent(216)) - No event handler registered for event TypedEvent{payloadType=DatanodeDetails, name='Datanode_Command_Queue_Updated'}
2023-01-03 10:07:20,500 [EventQueue-CommandQueueReportForCommandQueueReportHandler] WARN  events.EventQueue (EventQueue.java:fireEvent(216)) - No event handler registered for event TypedEvent{payloadType=DatanodeDetails, name='Datanode_Command_Queue_Updated'}
2023-01-03 10:07:20,889 [EventQueue-CommandQueueReportForCommandQueueReportHandler] WARN  events.EventQueue (EventQueue.java:fireEvent(216)) - No event handler registered for event TypedEvent{payloadType=DatanodeDetails, name='Datanode_Command_Queue_Updated'}
2023-01-03 10:07:20,976 [5c8f94db-7806-4776-a4fa-2f4c620ca121@group-033D886B482F-FollowerState] INFO  impl.FollowerState (FollowerState.java:run(143)) - 5c8f94db-7806-4776-a4fa-2f4c620ca121@group-033D886B482F-FollowerState: change to CANDIDATE, lastRpcElapsedTime:5076170327ns, electionTimeout:5075ms
2023-01-03 10:07:20,976 [5c8f94db-7806-4776-a4fa-2f4c620ca121@group-033D886B482F-FollowerState] INFO  impl.RoleInfo (RoleInfo.java:shutdownFollowerState(110)) - 5c8f94db-7806-4776-a4fa-2f4c620ca121: shutdown 5c8f94db-7806-4776-a4fa-2f4c620ca121@group-033D886B482F-FollowerState
2023-01-03 10:07:20,976 [5c8f94db-7806-4776-a4fa-2f4c620ca121@group-033D886B482F-FollowerState] INFO  server.RaftServer$Division (RaftServerImpl.java:setRole(321)) - 5c8f94db-7806-4776-a4fa-2f4c620ca121@group-033D886B482F: changes role from  FOLLOWER to CANDIDATE at term 0 for changeToCandidate
2023-01-03 10:07:20,977 [5c8f94db-7806-4776-a4fa-2f4c620ca121@group-033D886B482F-FollowerState] INFO  server.RaftServerConfigKeys (ConfUtils.java:logGet(46)) - raft.server.leaderelection.pre-vote = false (custom)
2023-01-03 10:07:20,977 [5c8f94db-7806-4776-a4fa-2f4c620ca121@group-033D886B482F-FollowerState] INFO  impl.RoleInfo (RoleInfo.java:updateAndGet(139)) - 5c8f94db-7806-4776-a4fa-2f4c620ca121: start 5c8f94db-7806-4776-a4fa-2f4c620ca121@group-033D886B482F-LeaderElection14
2023-01-03 10:07:20,980 [5c8f94db-7806-4776-a4fa-2f4c620ca121@group-033D886B482F-LeaderElection14] INFO  impl.LeaderElection (LeaderElection.java:askForVotes(312)) - 5c8f94db-7806-4776-a4fa-2f4c620ca121@group-033D886B482F-LeaderElection14 ELECTION round 0: submit vote requests at term 1 for -1: peers:[5c8f94db-7806-4776-a4fa-2f4c620ca121|rpc:10.1.0.13:34413|dataStream:10.1.0.13:42515|priority:1|startupRole:FOLLOWER]|listeners:[], old=null
2023-01-03 10:07:20,980 [5c8f94db-7806-4776-a4fa-2f4c620ca121@group-033D886B482F-LeaderElection14] INFO  impl.LeaderElection (LeaderElection.java:askForVotes(314)) - 5c8f94db-7806-4776-a4fa-2f4c620ca121@group-033D886B482F-LeaderElection14 ELECTION round 0: result PASSED (term=1)
2023-01-03 10:07:20,980 [5c8f94db-7806-4776-a4fa-2f4c620ca121@group-033D886B482F-LeaderElection14] INFO  impl.RoleInfo (RoleInfo.java:shutdownLeaderElection(130)) - 5c8f94db-7806-4776-a4fa-2f4c620ca121: shutdown 5c8f94db-7806-4776-a4fa-2f4c620ca121@group-033D886B482F-LeaderElection14
2023-01-03 10:07:20,980 [5c8f94db-7806-4776-a4fa-2f4c620ca121@group-033D886B482F-LeaderElection14] INFO  server.RaftServer$Division (RaftServerImpl.java:setRole(321)) - 5c8f94db-7806-4776-a4fa-2f4c620ca121@group-033D886B482F: changes role from CANDIDATE to LEADER at term 1 for changeToLeader
2023-01-03 10:07:20,980 [5c8f94db-7806-4776-a4fa-2f4c620ca121@group-033D886B482F-LeaderElection14] INFO  ratis.XceiverServerRatis (XceiverServerRatis.java:handleLeaderChangedNotification(904)) - Leader change notification received for group: group-033D886B482F with new leaderId: 5c8f94db-7806-4776-a4fa-2f4c620ca121
2023-01-03 10:07:20,980 [5c8f94db-7806-4776-a4fa-2f4c620ca121@group-033D886B482F-LeaderElection14] INFO  server.RaftServer$Division (ServerState.java:setLeader(313)) - 5c8f94db-7806-4776-a4fa-2f4c620ca121@group-033D886B482F: change Leader from null to 5c8f94db-7806-4776-a4fa-2f4c620ca121 at term 1 for becomeLeader, leader elected after 5093ms
2023-01-03 10:07:20,980 [5c8f94db-7806-4776-a4fa-2f4c620ca121@group-033D886B482F-LeaderElection14] INFO  server.RaftServerConfigKeys (ConfUtils.java:logGet(46)) - raft.server.staging.catchup.gap = 1000 (default)
2023-01-03 10:07:20,981 [EventQueue-OpenPipelineForHealthyPipelineSafeModeRule] INFO  safemode.SCMSafeModeManager (HealthyPipelineSafeModeRule.java:process(137)) - SCM in safe mode. Healthy pipelines reported count is 0, required healthy pipeline reported count is 1
2023-01-03 10:07:20,981 [5c8f94db-7806-4776-a4fa-2f4c620ca121@group-033D886B482F-LeaderElection14] INFO  server.RaftServerConfigKeys (ConfUtils.java:logGet(46)) - raft.server.write.element-limit = 1024 (custom)
2023-01-03 10:07:20,981 [EventQueue-CommandQueueReportForCommandQueueReportHandler] WARN  events.EventQueue (EventQueue.java:fireEvent(216)) - No event handler registered for event TypedEvent{payloadType=DatanodeDetails, name='Datanode_Command_Queue_Updated'}
2023-01-03 10:07:20,981 [5c8f94db-7806-4776-a4fa-2f4c620ca121@group-033D886B482F-LeaderElection14] INFO  server.RaftServerConfigKeys (ConfUtils.java:logGet(46)) - raft.server.write.byte-limit = 1024 M (=1073741824) (custom)
2023-01-03 10:07:20,982 [5c8f94db-7806-4776-a4fa-2f4c620ca121@group-033D886B482F-LeaderElection14] INFO  server.RaftServerConfigKeys (ConfUtils.java:logGet(46)) - raft.server.watch.timeout = 180s (custom)
2023-01-03 10:07:20,982 [5c8f94db-7806-4776-a4fa-2f4c620ca121@group-033D886B482F-LeaderElection14] INFO  server.RaftServerConfigKeys (ConfUtils.java:logGet(46)) - raft.server.watch.timeout.denomination = 1s (default)
2023-01-03 10:07:20,982 [5c8f94db-7806-4776-a4fa-2f4c620ca121@group-033D886B482F-LeaderElection14] INFO  server.RaftServerConfigKeys (ConfUtils.java:logGet(46)) - raft.server.watch.element-limit = 65536 (default)
2023-01-03 10:07:20,982 [5c8f94db-7806-4776-a4fa-2f4c620ca121@group-033D886B482F-LeaderElection14] INFO  server.RaftServerConfigKeys (ConfUtils.java:logGet(46)) - raft.server.write.element-limit = 1024 (custom)
2023-01-03 10:07:20,982 [5c8f94db-7806-4776-a4fa-2f4c620ca121@group-033D886B482F-LeaderElection14] INFO  server.RaftServerConfigKeys (ConfUtils.java:logGet(46)) - raft.server.write.follower.gap.ratio.max = -1.0 (default)
2023-01-03 10:07:20,982 [5c8f94db-7806-4776-a4fa-2f4c620ca121@group-033D886B482F-LeaderElection14] INFO  impl.RoleInfo (RoleInfo.java:updateAndGet(139)) - 5c8f94db-7806-4776-a4fa-2f4c620ca121: start 5c8f94db-7806-4776-a4fa-2f4c620ca121@group-033D886B482F-LeaderStateImpl
2023-01-03 10:07:20,982 [5c8f94db-7806-4776-a4fa-2f4c620ca121@group-033D886B482F-LeaderElection14] INFO  segmented.SegmentedRaftLogWorker (SegmentedRaftLogWorker.java:startLogSegment(452)) - 5c8f94db-7806-4776-a4fa-2f4c620ca121@group-033D886B482F-SegmentedRaftLogWorker: Starting segment from index:0
2023-01-03 10:07:20,990 [5c8f94db-7806-4776-a4fa-2f4c620ca121@group-033D886B482F-SegmentedRaftLogWorker] INFO  segmented.SegmentedRaftLogWorker (SegmentedRaftLogWorker.java:execute(656)) - 5c8f94db-7806-4776-a4fa-2f4c620ca121@group-033D886B482F-SegmentedRaftLogWorker: created new log segment /home/runner/work/ozone/ozone/hadoop-ozone/integration-test/target/test-dir/MiniOzoneClusterImpl-9af64d9f-ce66-432d-b755-d0db545afb98/datanode-0/data/ratis/425b7d9f-0069-4e21-9381-033d886b482f/current/log_inprogress_0
2023-01-03 10:07:20,990 [5c8f94db-7806-4776-a4fa-2f4c620ca121@group-033D886B482F-LeaderElection14] INFO  server.RaftServer$Division (ServerState.java:setRaftConf(430)) - 5c8f94db-7806-4776-a4fa-2f4c620ca121@group-033D886B482F: set configuration 0: peers:[5c8f94db-7806-4776-a4fa-2f4c620ca121|rpc:10.1.0.13:34413|dataStream:10.1.0.13:42515|priority:1|startupRole:FOLLOWER]|listeners:[], old=null
2023-01-03 10:07:20,993 [5c8f94db-7806-4776-a4fa-2f4c620ca121@group-581C63CE7A5F-FollowerState] INFO  impl.FollowerState (FollowerState.java:run(143)) - 5c8f94db-7806-4776-a4fa-2f4c620ca121@group-581C63CE7A5F-FollowerState: change to CANDIDATE, lastRpcElapsedTime:5076214727ns, electionTimeout:5071ms
2023-01-03 10:07:20,993 [5c8f94db-7806-4776-a4fa-2f4c620ca121@group-581C63CE7A5F-FollowerState] INFO  impl.RoleInfo (RoleInfo.java:shutdownFollowerState(110)) - 5c8f94db-7806-4776-a4fa-2f4c620ca121: shutdown 5c8f94db-7806-4776-a4fa-2f4c620ca121@group-581C63CE7A5F-FollowerState
2023-01-03 10:07:20,993 [5c8f94db-7806-4776-a4fa-2f4c620ca121@group-581C63CE7A5F-FollowerState] INFO  server.RaftServer$Division (RaftServerImpl.java:setRole(321)) - 5c8f94db-7806-4776-a4fa-2f4c620ca121@group-581C63CE7A5F: changes role from  FOLLOWER to CANDIDATE at term 0 for changeToCandidate
2023-01-03 10:07:20,993 [5c8f94db-7806-4776-a4fa-2f4c620ca121@group-581C63CE7A5F-FollowerState] INFO  server.RaftServerConfigKeys (ConfUtils.java:logGet(46)) - raft.server.leaderelection.pre-vote = false (custom)
2023-01-03 10:07:20,993 [5c8f94db-7806-4776-a4fa-2f4c620ca121@group-581C63CE7A5F-FollowerState] INFO  impl.RoleInfo (RoleInfo.java:updateAndGet(139)) - 5c8f94db-7806-4776-a4fa-2f4c620ca121: start 5c8f94db-7806-4776-a4fa-2f4c620ca121@group-581C63CE7A5F-LeaderElection15
2023-01-03 10:07:20,996 [5c8f94db-7806-4776-a4fa-2f4c620ca121@group-581C63CE7A5F-LeaderElection15] INFO  impl.LeaderElection (LeaderElection.java:askForVotes(312)) - 5c8f94db-7806-4776-a4fa-2f4c620ca121@group-581C63CE7A5F-LeaderElection15 ELECTION round 0: submit vote requests at term 1 for -1: peers:[2c63000f-a9ba-4116-8021-1fc7d553c7a4|rpc:10.1.0.13:44077|dataStream:10.1.0.13:33143|priority:1|startupRole:FOLLOWER, ad81db47-82b5-4afb-987d-b3e16962a519|rpc:10.1.0.13:42981|dataStream:10.1.0.13:39737|priority:0|startupRole:FOLLOWER, 5c8f94db-7806-4776-a4fa-2f4c620ca121|rpc:10.1.0.13:34413|dataStream:10.1.0.13:42515|priority:0|startupRole:FOLLOWER]|listeners:[], old=null
2023-01-03 10:07:20,996 [5c8f94db-7806-4776-a4fa-2f4c620ca121@group-581C63CE7A5F-LeaderElection15-1] INFO  server.GrpcServerProtocolClient (GrpcServerProtocolClient.java:<init>(63)) - Build channel for 2c63000f-a9ba-4116-8021-1fc7d553c7a4
2023-01-03 10:07:21,006 [5c8f94db-7806-4776-a4fa-2f4c620ca121@group-581C63CE7A5F-LeaderElection15] INFO  server.RaftServerConfigKeys (ConfUtils.java:logFallback(53)) - raft.server.rpc.first-election.timeout.min = 5s (fallback to raft.server.rpc.timeout.min)
2023-01-03 10:07:21,006 [5c8f94db-7806-4776-a4fa-2f4c620ca121@group-581C63CE7A5F-LeaderElection15] INFO  server.RaftServerConfigKeys (ConfUtils.java:logFallback(53)) - raft.server.rpc.first-election.timeout.max = 5200ms (fallback to raft.server.rpc.timeout.max)
2023-01-03 10:07:21,006 [5c8f94db-7806-4776-a4fa-2f4c620ca121@group-581C63CE7A5F-LeaderElection15-2] INFO  server.GrpcServerProtocolClient (GrpcServerProtocolClient.java:<init>(63)) - Build channel for ad81db47-82b5-4afb-987d-b3e16962a519
2023-01-03 10:07:21,010 [grpc-default-executor-0] INFO  server.RaftServer$Division (RaftServerImpl.java:requestVote(1218)) - 2c63000f-a9ba-4116-8021-1fc7d553c7a4@group-581C63CE7A5F: receive requestVote(ELECTION, 5c8f94db-7806-4776-a4fa-2f4c620ca121, group-581C63CE7A5F, 1, (t:0, i:0))
2023-01-03 10:07:21,010 [grpc-default-executor-0] INFO  impl.VoteContext (VoteContext.java:log(49)) - 2c63000f-a9ba-4116-8021-1fc7d553c7a4@group-581C63CE7A5F-FOLLOWER: reject ELECTION from 5c8f94db-7806-4776-a4fa-2f4c620ca121: our priority 1 > candidate's priority 0
2023-01-03 10:07:21,010 [grpc-default-executor-0] INFO  server.RaftServer$Division (RaftServerImpl.java:setRole(321)) - 2c63000f-a9ba-4116-8021-1fc7d553c7a4@group-581C63CE7A5F: changes role from  FOLLOWER to FOLLOWER at term 1 for candidate:5c8f94db-7806-4776-a4fa-2f4c620ca121
2023-01-03 10:07:21,010 [grpc-default-executor-0] INFO  impl.RoleInfo (RoleInfo.java:shutdownFollowerState(110)) - 2c63000f-a9ba-4116-8021-1fc7d553c7a4: shutdown 2c63000f-a9ba-4116-8021-1fc7d553c7a4@group-581C63CE7A5F-FollowerState
2023-01-03 10:07:21,010 [grpc-default-executor-0] INFO  impl.RoleInfo (RoleInfo.java:updateAndGet(139)) - 2c63000f-a9ba-4116-8021-1fc7d553c7a4: start 2c63000f-a9ba-4116-8021-1fc7d553c7a4@group-581C63CE7A5F-FollowerState
2023-01-03 10:07:21,010 [2c63000f-a9ba-4116-8021-1fc7d553c7a4@group-581C63CE7A5F-FollowerState] INFO  impl.FollowerState (FollowerState.java:run(152)) - 2c63000f-a9ba-4116-8021-1fc7d553c7a4@group-581C63CE7A5F-FollowerState was interrupted
2023-01-03 10:07:21,012 [2c63000f-a9ba-4116-8021-1fc7d553c7a4@group-581C63CE7A5F-FollowerState] INFO  server.RaftServerConfigKeys (ConfUtils.java:logFallback(53)) - raft.server.rpc.first-election.timeout.min = 5s (fallback to raft.server.rpc.timeout.min)
2023-01-03 10:07:21,012 [2c63000f-a9ba-4116-8021-1fc7d553c7a4@group-581C63CE7A5F-FollowerState] INFO  server.RaftServerConfigKeys (ConfUtils.java:logFallback(53)) - raft.server.rpc.first-election.timeout.max = 5200ms (fallback to raft.server.rpc.timeout.max)
2023-01-03 10:07:21,012 [grpc-default-executor-0] INFO  server.RaftServer$Division (RaftServerImpl.java:requestVote(1251)) - 2c63000f-a9ba-4116-8021-1fc7d553c7a4@group-581C63CE7A5F replies to ELECTION vote request: 5c8f94db-7806-4776-a4fa-2f4c620ca121<-2c63000f-a9ba-4116-8021-1fc7d553c7a4#0:FAIL-t1. Peer's state: 2c63000f-a9ba-4116-8021-1fc7d553c7a4@group-581C63CE7A5F:t1, leader=null, voted=null, raftlog=Memoized:2c63000f-a9ba-4116-8021-1fc7d553c7a4@group-581C63CE7A5F-SegmentedRaftLog:OPENED:c-1, conf=-1: peers:[2c63000f-a9ba-4116-8021-1fc7d553c7a4|rpc:10.1.0.13:44077|dataStream:10.1.0.13:33143|priority:1|startupRole:FOLLOWER, ad81db47-82b5-4afb-987d-b3e16962a519|rpc:10.1.0.13:42981|dataStream:10.1.0.13:39737|priority:0|startupRole:FOLLOWER, 5c8f94db-7806-4776-a4fa-2f4c620ca121|rpc:10.1.0.13:34413|dataStream:10.1.0.13:42515|priority:0|startupRole:FOLLOWER]|listeners:[], old=null
2023-01-03 10:07:21,020 [5c8f94db-7806-4776-a4fa-2f4c620ca121@group-581C63CE7A5F-LeaderElection15] INFO  impl.LeaderElection (LeaderElection.java:logAndReturn(90)) - 5c8f94db-7806-4776-a4fa-2f4c620ca121@group-581C63CE7A5F-LeaderElection15: ELECTION REJECTED received 1 response(s) and 0 exception(s):
2023-01-03 10:07:21,020 [5c8f94db-7806-4776-a4fa-2f4c620ca121@group-581C63CE7A5F-LeaderElection15] INFO  impl.LeaderElection (LeaderElection.java:logAndReturn(94)) -   Response 0: 5c8f94db-7806-4776-a4fa-2f4c620ca121<-2c63000f-a9ba-4116-8021-1fc7d553c7a4#0:FAIL-t1
2023-01-03 10:07:21,020 [5c8f94db-7806-4776-a4fa-2f4c620ca121@group-581C63CE7A5F-LeaderElection15] INFO  impl.LeaderElection (LeaderElection.java:askForVotes(314)) - 5c8f94db-7806-4776-a4fa-2f4c620ca121@group-581C63CE7A5F-LeaderElection15 ELECTION round 0: result REJECTED
2023-01-03 10:07:21,021 [5c8f94db-7806-4776-a4fa-2f4c620ca121@group-581C63CE7A5F-LeaderElection15] INFO  server.RaftServer$Division (RaftServerImpl.java:setRole(321)) - 5c8f94db-7806-4776-a4fa-2f4c620ca121@group-581C63CE7A5F: changes role from CANDIDATE to FOLLOWER at term 1 for REJECTED
2023-01-03 10:07:21,021 [5c8f94db-7806-4776-a4fa-2f4c620ca121@group-581C63CE7A5F-LeaderElection15] INFO  impl.RoleInfo (RoleInfo.java:shutdownLeaderElection(130)) - 5c8f94db-7806-4776-a4fa-2f4c620ca121: shutdown 5c8f94db-7806-4776-a4fa-2f4c620ca121@group-581C63CE7A5F-LeaderElection15
2023-01-03 10:07:21,021 [5c8f94db-7806-4776-a4fa-2f4c620ca121@group-581C63CE7A5F-LeaderElection15] INFO  impl.RoleInfo (RoleInfo.java:updateAndGet(139)) - 5c8f94db-7806-4776-a4fa-2f4c620ca121: start 5c8f94db-7806-4776-a4fa-2f4c620ca121@group-581C63CE7A5F-FollowerState
2023-01-03 10:07:21,032 [5c8f94db-7806-4776-a4fa-2f4c620ca121@group-581C63CE7A5F-FollowerState] INFO  server.RaftServerConfigKeys (ConfUtils.java:logFallback(53)) - raft.server.rpc.first-election.timeout.min = 5s (fallback to raft.server.rpc.timeout.min)
2023-01-03 10:07:21,032 [5c8f94db-7806-4776-a4fa-2f4c620ca121@group-581C63CE7A5F-FollowerState] INFO  server.RaftServerConfigKeys (ConfUtils.java:logFallback(53)) - raft.server.rpc.first-election.timeout.max = 5200ms (fallback to raft.server.rpc.timeout.max)
2023-01-03 10:07:21,035 [grpc-default-executor-1] INFO  server.RaftServer$Division (RaftServerImpl.java:requestVote(1218)) - ad81db47-82b5-4afb-987d-b3e16962a519@group-581C63CE7A5F: receive requestVote(ELECTION, 5c8f94db-7806-4776-a4fa-2f4c620ca121, group-581C63CE7A5F, 1, (t:0, i:0))
2023-01-03 10:07:21,035 [grpc-default-executor-1] INFO  impl.VoteContext (VoteContext.java:log(49)) - ad81db47-82b5-4afb-987d-b3e16962a519@group-581C63CE7A5F-FOLLOWER: accept ELECTION from 5c8f94db-7806-4776-a4fa-2f4c620ca121: our priority 0 <= candidate's priority 0
2023-01-03 10:07:21,035 [grpc-default-executor-1] INFO  server.RaftServer$Division (RaftServerImpl.java:setRole(321)) - ad81db47-82b5-4afb-987d-b3e16962a519@group-581C63CE7A5F: changes role from  FOLLOWER to FOLLOWER at term 1 for candidate:5c8f94db-7806-4776-a4fa-2f4c620ca121
2023-01-03 10:07:21,035 [grpc-default-executor-1] INFO  impl.RoleInfo (RoleInfo.java:shutdownFollowerState(110)) - ad81db47-82b5-4afb-987d-b3e16962a519: shutdown ad81db47-82b5-4afb-987d-b3e16962a519@group-581C63CE7A5F-FollowerState
2023-01-03 10:07:21,035 [grpc-default-executor-1] INFO  impl.RoleInfo (RoleInfo.java:updateAndGet(139)) - ad81db47-82b5-4afb-987d-b3e16962a519: start ad81db47-82b5-4afb-987d-b3e16962a519@group-581C63CE7A5F-FollowerState
2023-01-03 10:07:21,035 [ad81db47-82b5-4afb-987d-b3e16962a519@group-581C63CE7A5F-FollowerState] INFO  impl.FollowerState (FollowerState.java:run(152)) - ad81db47-82b5-4afb-987d-b3e16962a519@group-581C63CE7A5F-FollowerState was interrupted
2023-01-03 10:07:21,043 [ad81db47-82b5-4afb-987d-b3e16962a519@group-581C63CE7A5F-FollowerState] INFO  server.RaftServerConfigKeys (ConfUtils.java:logFallback(53)) - raft.server.rpc.first-election.timeout.min = 5s (fallback to raft.server.rpc.timeout.min)
2023-01-03 10:07:21,044 [ad81db47-82b5-4afb-987d-b3e16962a519@group-581C63CE7A5F-FollowerState] INFO  server.RaftServerConfigKeys (ConfUtils.java:logFallback(53)) - raft.server.rpc.first-election.timeout.max = 5200ms (fallback to raft.server.rpc.timeout.max)
2023-01-03 10:07:21,045 [grpc-default-executor-1] INFO  server.RaftServer$Division (RaftServerImpl.java:requestVote(1251)) - ad81db47-82b5-4afb-987d-b3e16962a519@group-581C63CE7A5F replies to ELECTION vote request: 5c8f94db-7806-4776-a4fa-2f4c620ca121<-ad81db47-82b5-4afb-987d-b3e16962a519#0:OK-t1. Peer's state: ad81db47-82b5-4afb-987d-b3e16962a519@group-581C63CE7A5F:t1, leader=null, voted=5c8f94db-7806-4776-a4fa-2f4c620ca121, raftlog=Memoized:ad81db47-82b5-4afb-987d-b3e16962a519@group-581C63CE7A5F-SegmentedRaftLog:OPENED:c-1, conf=-1: peers:[2c63000f-a9ba-4116-8021-1fc7d553c7a4|rpc:10.1.0.13:44077|dataStream:10.1.0.13:33143|priority:1|startupRole:FOLLOWER, ad81db47-82b5-4afb-987d-b3e16962a519|rpc:10.1.0.13:42981|dataStream:10.1.0.13:39737|priority:0|startupRole:FOLLOWER, 5c8f94db-7806-4776-a4fa-2f4c620ca121|rpc:10.1.0.13:34413|dataStream:10.1.0.13:42515|priority:0|startupRole:FOLLOWER]|listeners:[], old=null
2023-01-03 10:07:21,077 [ad81db47-82b5-4afb-987d-b3e16962a519@group-86BF502ABEED-FollowerState] INFO  impl.FollowerState (FollowerState.java:run(143)) - ad81db47-82b5-4afb-987d-b3e16962a519@group-86BF502ABEED-FollowerState: change to CANDIDATE, lastRpcElapsedTime:5039867624ns, electionTimeout:5035ms
2023-01-03 10:07:21,077 [ad81db47-82b5-4afb-987d-b3e16962a519@group-86BF502ABEED-FollowerState] INFO  impl.RoleInfo (RoleInfo.java:shutdownFollowerState(110)) - ad81db47-82b5-4afb-987d-b3e16962a519: shutdown ad81db47-82b5-4afb-987d-b3e16962a519@group-86BF502ABEED-FollowerState
2023-01-03 10:07:21,077 [ad81db47-82b5-4afb-987d-b3e16962a519@group-86BF502ABEED-FollowerState] INFO  server.RaftServer$Division (RaftServerImpl.java:setRole(321)) - ad81db47-82b5-4afb-987d-b3e16962a519@group-86BF502ABEED: changes role from  FOLLOWER to CANDIDATE at term 0 for changeToCandidate
2023-01-03 10:07:21,077 [ad81db47-82b5-4afb-987d-b3e16962a519@group-86BF502ABEED-FollowerState] INFO  server.RaftServerConfigKeys (ConfUtils.java:logGet(46)) - raft.server.leaderelection.pre-vote = false (custom)
2023-01-03 10:07:21,078 [ad81db47-82b5-4afb-987d-b3e16962a519@group-86BF502ABEED-FollowerState] INFO  impl.RoleInfo (RoleInfo.java:updateAndGet(139)) - ad81db47-82b5-4afb-987d-b3e16962a519: start ad81db47-82b5-4afb-987d-b3e16962a519@group-86BF502ABEED-LeaderElection16
2023-01-03 10:07:21,080 [ad81db47-82b5-4afb-987d-b3e16962a519@group-86BF502ABEED-LeaderElection16] INFO  impl.LeaderElection (LeaderElection.java:askForVotes(312)) - ad81db47-82b5-4afb-987d-b3e16962a519@group-86BF502ABEED-LeaderElection16 ELECTION round 0: submit vote requests at term 1 for -1: peers:[2c63000f-a9ba-4116-8021-1fc7d553c7a4|rpc:10.1.0.13:44077|dataStream:10.1.0.13:33143|priority:0|startupRole:FOLLOWER, ad81db47-82b5-4afb-987d-b3e16962a519|rpc:10.1.0.13:42981|dataStream:10.1.0.13:39737|priority:1|startupRole:FOLLOWER, 5c8f94db-7806-4776-a4fa-2f4c620ca121|rpc:10.1.0.13:34413|dataStream:10.1.0.13:42515|priority:0|startupRole:FOLLOWER]|listeners:[], old=null
2023-01-03 10:07:21,080 [ad81db47-82b5-4afb-987d-b3e16962a519@group-86BF502ABEED-LeaderElection16] INFO  server.RaftServerConfigKeys (ConfUtils.java:logFallback(53)) - raft.server.rpc.first-election.timeout.min = 5s (fallback to raft.server.rpc.timeout.min)
2023-01-03 10:07:21,080 [ad81db47-82b5-4afb-987d-b3e16962a519@group-86BF502ABEED-LeaderElection16-1] INFO  server.GrpcServerProtocolClient (GrpcServerProtocolClient.java:<init>(63)) - Build channel for 2c63000f-a9ba-4116-8021-1fc7d553c7a4
2023-01-03 10:07:21,080 [ad81db47-82b5-4afb-987d-b3e16962a519@group-86BF502ABEED-LeaderElection16] INFO  server.RaftServerConfigKeys (ConfUtils.java:logFallback(53)) - raft.server.rpc.first-election.timeout.max = 5200ms (fallback to raft.server.rpc.timeout.max)
2023-01-03 10:07:21,080 [ad81db47-82b5-4afb-987d-b3e16962a519@group-86BF502ABEED-LeaderElection16-2] INFO  server.GrpcServerProtocolClient (GrpcServerProtocolClient.java:<init>(63)) - Build channel for 5c8f94db-7806-4776-a4fa-2f4c620ca121
2023-01-03 10:07:21,085 [Listener at 127.0.0.1/46801] INFO  ozone.MiniOzoneClusterImpl (MiniOzoneClusterImpl.java:lambda$waitForClusterToBeReady$0(217)) - Nodes are ready. Got 5 of 5 DN Heartbeats.
2023-01-03 10:07:21,085 [Listener at 127.0.0.1/46801] INFO  ozone.MiniOzoneClusterImpl (MiniOzoneClusterImpl.java:lambda$waitForClusterToBeReady$0(220)) - Waiting for cluster to exit safe mode
2023-01-03 10:07:21,086 [Listener at 127.0.0.1/46801] INFO  ozone.MiniOzoneClusterImpl (MiniOzoneClusterImpl.java:lambda$waitForClusterToBeReady$0(222)) - SCM became leader
2023-01-03 10:07:21,090 [grpc-default-executor-0] INFO  server.RaftServer$Division (RaftServerImpl.java:requestVote(1218)) - 2c63000f-a9ba-4116-8021-1fc7d553c7a4@group-86BF502ABEED: receive requestVote(ELECTION, ad81db47-82b5-4afb-987d-b3e16962a519, group-86BF502ABEED, 1, (t:0, i:0))
2023-01-03 10:07:21,090 [grpc-default-executor-0] INFO  impl.VoteContext (VoteContext.java:log(49)) - 2c63000f-a9ba-4116-8021-1fc7d553c7a4@group-86BF502ABEED-FOLLOWER: accept ELECTION from ad81db47-82b5-4afb-987d-b3e16962a519: our priority 0 <= candidate's priority 1
2023-01-03 10:07:21,090 [grpc-default-executor-0] INFO  server.RaftServer$Division (RaftServerImpl.java:setRole(321)) - 2c63000f-a9ba-4116-8021-1fc7d553c7a4@group-86BF502ABEED: changes role from  FOLLOWER to FOLLOWER at term 1 for candidate:ad81db47-82b5-4afb-987d-b3e16962a519
2023-01-03 10:07:21,090 [grpc-default-executor-0] INFO  impl.RoleInfo (RoleInfo.java:shutdownFollowerState(110)) - 2c63000f-a9ba-4116-8021-1fc7d553c7a4: shutdown 2c63000f-a9ba-4116-8021-1fc7d553c7a4@group-86BF502ABEED-FollowerState
2023-01-03 10:07:21,090 [grpc-default-executor-0] INFO  impl.RoleInfo (RoleInfo.java:updateAndGet(139)) - 2c63000f-a9ba-4116-8021-1fc7d553c7a4: start 2c63000f-a9ba-4116-8021-1fc7d553c7a4@group-86BF502ABEED-FollowerState
2023-01-03 10:07:21,090 [2c63000f-a9ba-4116-8021-1fc7d553c7a4@group-86BF502ABEED-FollowerState] INFO  impl.FollowerState (FollowerState.java:run(152)) - 2c63000f-a9ba-4116-8021-1fc7d553c7a4@group-86BF502ABEED-FollowerState was interrupted
2023-01-03 10:07:21,091 [2c63000f-a9ba-4116-8021-1fc7d553c7a4@group-86BF502ABEED-FollowerState] INFO  server.RaftServerConfigKeys (ConfUtils.java:logFallback(53)) - raft.server.rpc.first-election.timeout.min = 5s (fallback to raft.server.rpc.timeout.min)
2023-01-03 10:07:21,091 [2c63000f-a9ba-4116-8021-1fc7d553c7a4@group-86BF502ABEED-FollowerState] INFO  server.RaftServerConfigKeys (ConfUtils.java:logFallback(53)) - raft.server.rpc.first-election.timeout.max = 5200ms (fallback to raft.server.rpc.timeout.max)
2023-01-03 10:07:21,092 [EventQueue-CommandQueueReportForCommandQueueReportHandler] WARN  events.EventQueue (EventQueue.java:fireEvent(216)) - No event handler registered for event TypedEvent{payloadType=DatanodeDetails, name='Datanode_Command_Queue_Updated'}
2023-01-03 10:07:21,093 [grpc-default-executor-0] INFO  server.RaftServer$Division (RaftServerImpl.java:requestVote(1251)) - 2c63000f-a9ba-4116-8021-1fc7d553c7a4@group-86BF502ABEED replies to ELECTION vote request: ad81db47-82b5-4afb-987d-b3e16962a519<-2c63000f-a9ba-4116-8021-1fc7d553c7a4#0:OK-t1. Peer's state: 2c63000f-a9ba-4116-8021-1fc7d553c7a4@group-86BF502ABEED:t1, leader=null, voted=ad81db47-82b5-4afb-987d-b3e16962a519, raftlog=Memoized:2c63000f-a9ba-4116-8021-1fc7d553c7a4@group-86BF502ABEED-SegmentedRaftLog:OPENED:c-1, conf=-1: peers:[2c63000f-a9ba-4116-8021-1fc7d553c7a4|rpc:10.1.0.13:44077|dataStream:10.1.0.13:33143|priority:0|startupRole:FOLLOWER, ad81db47-82b5-4afb-987d-b3e16962a519|rpc:10.1.0.13:42981|dataStream:10.1.0.13:39737|priority:1|startupRole:FOLLOWER, 5c8f94db-7806-4776-a4fa-2f4c620ca121|rpc:10.1.0.13:34413|dataStream:10.1.0.13:42515|priority:0|startupRole:FOLLOWER]|listeners:[], old=null
2023-01-03 10:07:21,095 [5c8f94db-7806-4776-a4fa-2f4c620ca121@group-86BF502ABEED-FollowerState] INFO  impl.FollowerState (FollowerState.java:run(143)) - 5c8f94db-7806-4776-a4fa-2f4c620ca121@group-86BF502ABEED-FollowerState: change to CANDIDATE, lastRpcElapsedTime:5080918340ns, electionTimeout:5080ms
2023-01-03 10:07:21,095 [5c8f94db-7806-4776-a4fa-2f4c620ca121@group-86BF502ABEED-FollowerState] INFO  impl.RoleInfo (RoleInfo.java:shutdownFollowerState(110)) - 5c8f94db-7806-4776-a4fa-2f4c620ca121: shutdown 5c8f94db-7806-4776-a4fa-2f4c620ca121@group-86BF502ABEED-FollowerState
2023-01-03 10:07:21,095 [5c8f94db-7806-4776-a4fa-2f4c620ca121@group-86BF502ABEED-FollowerState] INFO  server.RaftServer$Division (RaftServerImpl.java:setRole(321)) - 5c8f94db-7806-4776-a4fa-2f4c620ca121@group-86BF502ABEED: changes role from  FOLLOWER to CANDIDATE at term 0 for changeToCandidate
2023-01-03 10:07:21,095 [5c8f94db-7806-4776-a4fa-2f4c620ca121@group-86BF502ABEED-FollowerState] INFO  server.RaftServerConfigKeys (ConfUtils.java:logGet(46)) - raft.server.leaderelection.pre-vote = false (custom)
2023-01-03 10:07:21,096 [5c8f94db-7806-4776-a4fa-2f4c620ca121@group-86BF502ABEED-FollowerState] INFO  impl.RoleInfo (RoleInfo.java:updateAndGet(139)) - 5c8f94db-7806-4776-a4fa-2f4c620ca121: start 5c8f94db-7806-4776-a4fa-2f4c620ca121@group-86BF502ABEED-LeaderElection17
2023-01-03 10:07:21,105 [ad81db47-82b5-4afb-987d-b3e16962a519@group-86BF502ABEED-LeaderElection16] INFO  impl.LeaderElection (LeaderElection.java:logAndReturn(90)) - ad81db47-82b5-4afb-987d-b3e16962a519@group-86BF502ABEED-LeaderElection16: ELECTION PASSED received 1 response(s) and 0 exception(s):
2023-01-03 10:07:21,106 [ad81db47-82b5-4afb-987d-b3e16962a519@group-86BF502ABEED-LeaderElection16] INFO  impl.LeaderElection (LeaderElection.java:logAndReturn(94)) -   Response 0: ad81db47-82b5-4afb-987d-b3e16962a519<-2c63000f-a9ba-4116-8021-1fc7d553c7a4#0:OK-t1
2023-01-03 10:07:21,106 [ad81db47-82b5-4afb-987d-b3e16962a519@group-86BF502ABEED-LeaderElection16] INFO  impl.LeaderElection (LeaderElection.java:askForVotes(314)) - ad81db47-82b5-4afb-987d-b3e16962a519@group-86BF502ABEED-LeaderElection16 ELECTION round 0: result PASSED
2023-01-03 10:07:21,106 [ad81db47-82b5-4afb-987d-b3e16962a519@group-86BF502ABEED-LeaderElection16] INFO  impl.RoleInfo (RoleInfo.java:shutdownLeaderElection(130)) - ad81db47-82b5-4afb-987d-b3e16962a519: shutdown ad81db47-82b5-4afb-987d-b3e16962a519@group-86BF502ABEED-LeaderElection16
2023-01-03 10:07:21,106 [ad81db47-82b5-4afb-987d-b3e16962a519@group-86BF502ABEED-LeaderElection16] INFO  server.RaftServer$Division (RaftServerImpl.java:setRole(321)) - ad81db47-82b5-4afb-987d-b3e16962a519@group-86BF502ABEED: changes role from CANDIDATE to LEADER at term 1 for changeToLeader
2023-01-03 10:07:21,106 [ad81db47-82b5-4afb-987d-b3e16962a519@group-86BF502ABEED-LeaderElection16] INFO  ratis.XceiverServerRatis (XceiverServerRatis.java:handleLeaderChangedNotification(904)) - Leader change notification received for group: group-86BF502ABEED with new leaderId: ad81db47-82b5-4afb-987d-b3e16962a519
2023-01-03 10:07:21,106 [ad81db47-82b5-4afb-987d-b3e16962a519@group-86BF502ABEED-LeaderElection16] INFO  server.RaftServer$Division (ServerState.java:setLeader(313)) - ad81db47-82b5-4afb-987d-b3e16962a519@group-86BF502ABEED: change Leader from null to ad81db47-82b5-4afb-987d-b3e16962a519 at term 1 for becomeLeader, leader elected after 5081ms
2023-01-03 10:07:21,106 [ad81db47-82b5-4afb-987d-b3e16962a519@group-86BF502ABEED-LeaderElection16] INFO  server.RaftServerConfigKeys (ConfUtils.java:logGet(46)) - raft.server.staging.catchup.gap = 1000 (default)
2023-01-03 10:07:21,106 [ad81db47-82b5-4afb-987d-b3e16962a519@group-86BF502ABEED-LeaderElection16] INFO  server.RaftServerConfigKeys (ConfUtils.java:logGet(46)) - raft.server.write.element-limit = 1024 (custom)
2023-01-03 10:07:21,106 [ad81db47-82b5-4afb-987d-b3e16962a519@group-86BF502ABEED-LeaderElection16] INFO  server.RaftServerConfigKeys (ConfUtils.java:logGet(46)) - raft.server.write.byte-limit = 1024 M (=1073741824) (custom)
2023-01-03 10:07:21,106 [ad81db47-82b5-4afb-987d-b3e16962a519@group-86BF502ABEED-LeaderElection16] INFO  server.RaftServerConfigKeys (ConfUtils.java:logGet(46)) - raft.server.watch.timeout = 180s (custom)
2023-01-03 10:07:21,106 [ad81db47-82b5-4afb-987d-b3e16962a519@group-86BF502ABEED-LeaderElection16] INFO  server.RaftServerConfigKeys (ConfUtils.java:logGet(46)) - raft.server.watch.timeout.denomination = 1s (default)
2023-01-03 10:07:21,106 [ad81db47-82b5-4afb-987d-b3e16962a519@group-86BF502ABEED-LeaderElection16] INFO  server.RaftServerConfigKeys (ConfUtils.java:logGet(46)) - raft.server.watch.element-limit = 65536 (default)
2023-01-03 10:07:21,106 [ad81db47-82b5-4afb-987d-b3e16962a519@group-86BF502ABEED-LeaderElection16] INFO  server.RaftServerConfigKeys (ConfUtils.java:logGet(46)) - raft.server.write.element-limit = 1024 (custom)
2023-01-03 10:07:21,106 [ad81db47-82b5-4afb-987d-b3e16962a519@group-86BF502ABEED-LeaderElection16] INFO  server.RaftServerConfigKeys (ConfUtils.java:logGet(46)) - raft.server.write.follower.gap.ratio.max = -1.0 (default)
2023-01-03 10:07:21,107 [ad81db47-82b5-4afb-987d-b3e16962a519@group-86BF502ABEED-LeaderElection16] INFO  server.RaftServerConfigKeys (ConfUtils.java:logGet(46)) - raft.server.log.appender.snapshot.chunk.size.max = 16MB (=16777216) (default)
2023-01-03 10:07:21,107 [ad81db47-82b5-4afb-987d-b3e16962a519@group-86BF502ABEED-LeaderElection16] INFO  server.RaftServerConfigKeys (ConfUtils.java:logGet(46)) - raft.server.log.appender.buffer.byte-limit = 33554432 (custom)
2023-01-03 10:07:21,107 [ad81db47-82b5-4afb-987d-b3e16962a519@group-86BF502ABEED-LeaderElection16] INFO  server.RaftServerConfigKeys (ConfUtils.java:logGet(46)) - raft.server.log.appender.buffer.element-limit = 1 (custom)
2023-01-03 10:07:21,107 [ad81db47-82b5-4afb-987d-b3e16962a519@group-86BF502ABEED-LeaderElection16] INFO  grpc.GrpcConfigKeys (ConfUtils.java:logGet(46)) - raft.grpc.server.leader.outstanding.appends.max = 128 (default)
2023-01-03 10:07:21,107 [ad81db47-82b5-4afb-987d-b3e16962a519@group-86BF502ABEED-LeaderElection16] INFO  server.RaftServerConfigKeys (ConfUtils.java:logGet(46)) - raft.server.rpc.request.timeout = 60s (custom)
2023-01-03 10:07:21,107 [ad81db47-82b5-4afb-987d-b3e16962a519@group-86BF502ABEED-LeaderElection16] INFO  server.RaftServerConfigKeys (ConfUtils.java:logGet(46)) - raft.server.log.appender.install.snapshot.enabled = false (custom)
2023-01-03 10:07:21,107 [ad81db47-82b5-4afb-987d-b3e16962a519@group-86BF502ABEED-LeaderElection16] INFO  grpc.GrpcConfigKeys (ConfUtils.java:logGet(46)) - raft.grpc.server.heartbeat.channel = true (default)
2023-01-03 10:07:21,107 [ad81db47-82b5-4afb-987d-b3e16962a519@group-86BF502ABEED-LeaderElection16] INFO  server.RaftServerConfigKeys (ConfUtils.java:logGet(46)) - raft.server.log.appender.wait-time.min = 10ms (default)
2023-01-03 10:07:21,108 [ad81db47-82b5-4afb-987d-b3e16962a519@group-86BF502ABEED-LeaderElection16] INFO  server.RaftServerConfigKeys (ConfUtils.java:logGet(46)) - raft.server.log.appender.snapshot.chunk.size.max = 16MB (=16777216) (default)
2023-01-03 10:07:21,108 [ad81db47-82b5-4afb-987d-b3e16962a519@group-86BF502ABEED-LeaderElection16] INFO  server.RaftServerConfigKeys (ConfUtils.java:logGet(46)) - raft.server.log.appender.buffer.byte-limit = 33554432 (custom)
2023-01-03 10:07:21,108 [ad81db47-82b5-4afb-987d-b3e16962a519@group-86BF502ABEED-LeaderElection16] INFO  server.RaftServerConfigKeys (ConfUtils.java:logGet(46)) - raft.server.log.appender.buffer.element-limit = 1 (custom)
2023-01-03 10:07:21,108 [ad81db47-82b5-4afb-987d-b3e16962a519@group-86BF502ABEED-LeaderElection16] INFO  grpc.GrpcConfigKeys (ConfUtils.java:logGet(46)) - raft.grpc.server.leader.outstanding.appends.max = 128 (default)
2023-01-03 10:07:21,108 [ad81db47-82b5-4afb-987d-b3e16962a519@group-86BF502ABEED-LeaderElection16] INFO  server.RaftServerConfigKeys (ConfUtils.java:logGet(46)) - raft.server.rpc.request.timeout = 60s (custom)
2023-01-03 10:07:21,108 [ad81db47-82b5-4afb-987d-b3e16962a519@group-86BF502ABEED-LeaderElection16] INFO  server.RaftServerConfigKeys (ConfUtils.java:logGet(46)) - raft.server.log.appender.install.snapshot.enabled = false (custom)
2023-01-03 10:07:21,108 [ad81db47-82b5-4afb-987d-b3e16962a519@group-86BF502ABEED-LeaderElection16] INFO  grpc.GrpcConfigKeys (ConfUtils.java:logGet(46)) - raft.grpc.server.heartbeat.channel = true (default)
2023-01-03 10:07:21,108 [ad81db47-82b5-4afb-987d-b3e16962a519@group-86BF502ABEED-LeaderElection16] INFO  server.RaftServerConfigKeys (ConfUtils.java:logGet(46)) - raft.server.log.appender.wait-time.min = 10ms (default)
2023-01-03 10:07:21,108 [ad81db47-82b5-4afb-987d-b3e16962a519@group-86BF502ABEED-LeaderElection16] INFO  impl.RoleInfo (RoleInfo.java:updateAndGet(139)) - ad81db47-82b5-4afb-987d-b3e16962a519: start ad81db47-82b5-4afb-987d-b3e16962a519@group-86BF502ABEED-LeaderStateImpl
2023-01-03 10:07:21,108 [ad81db47-82b5-4afb-987d-b3e16962a519@group-86BF502ABEED-LeaderElection16] INFO  segmented.SegmentedRaftLogWorker (SegmentedRaftLogWorker.java:startLogSegment(452)) - ad81db47-82b5-4afb-987d-b3e16962a519@group-86BF502ABEED-SegmentedRaftLogWorker: Starting segment from index:0
2023-01-03 10:07:21,108 [grpc-default-executor-0] INFO  server.RaftServer$Division (RaftServerImpl.java:requestVote(1218)) - 5c8f94db-7806-4776-a4fa-2f4c620ca121@group-86BF502ABEED: receive requestVote(ELECTION, ad81db47-82b5-4afb-987d-b3e16962a519, group-86BF502ABEED, 1, (t:0, i:0))
2023-01-03 10:07:21,109 [EventQueue-CommandQueueReportForCommandQueueReportHandler] WARN  events.EventQueue (EventQueue.java:fireEvent(216)) - No event handler registered for event TypedEvent{payloadType=DatanodeDetails, name='Datanode_Command_Queue_Updated'}
2023-01-03 10:07:21,109 [EventQueue-PipelineReportForPipelineReportHandler] INFO  pipeline.PipelineManagerImpl (PipelineManagerImpl.java:openPipeline(367)) - Pipeline Pipeline[ Id: 9b2fb099-69d4-424e-a0cb-86bf502abeed, Nodes: ad81db47-82b5-4afb-987d-b3e16962a519{ip: 10.1.0.13, host: fv-az292-374.tqgtyn10aqxuxoi0mkfbldi5vh.jx.internal.cloudapp.net, ports: [REPLICATION=40711, RATIS=42981, RATIS_ADMIN=42981, RATIS_SERVER=42981, RATIS_DATASTREAM=39737, STANDALONE=33553], networkLocation: /default-rack, certSerialId: null, persistedOpState: IN_SERVICE, persistedOpStateExpiryEpochSec: 0}2c63000f-a9ba-4116-8021-1fc7d553c7a4{ip: 10.1.0.13, host: fv-az292-374.tqgtyn10aqxuxoi0mkfbldi5vh.jx.internal.cloudapp.net, ports: [REPLICATION=34129, RATIS=44077, RATIS_ADMIN=44077, RATIS_SERVER=44077, RATIS_DATASTREAM=33143, STANDALONE=44913], networkLocation: /default-rack, certSerialId: null, persistedOpState: IN_SERVICE, persistedOpStateExpiryEpochSec: 0}5c8f94db-7806-4776-a4fa-2f4c620ca121{ip: 10.1.0.13, host: fv-az292-374.tqgtyn10aqxuxoi0mkfbldi5vh.jx.internal.cloudapp.net, ports: [REPLICATION=36621, RATIS=34413, RATIS_ADMIN=34413, RATIS_SERVER=34413, RATIS_DATASTREAM=42515, STANDALONE=36307], networkLocation: /default-rack, certSerialId: null, persistedOpState: IN_SERVICE, persistedOpStateExpiryEpochSec: 0}, ReplicationConfig: RATIS/THREE, State:ALLOCATED, leaderId:ad81db47-82b5-4afb-987d-b3e16962a519, CreationTimestamp2023-01-03T10:07:13.499Z[Etc/UTC]] moved to OPEN state
2023-01-03 10:07:21,110 [ad81db47-82b5-4afb-987d-b3e16962a519@group-86BF502ABEED-SegmentedRaftLogWorker] INFO  segmented.SegmentedRaftLogWorker (SegmentedRaftLogWorker.java:execute(656)) - ad81db47-82b5-4afb-987d-b3e16962a519@group-86BF502ABEED-SegmentedRaftLogWorker: created new log segment /home/runner/work/ozone/ozone/hadoop-ozone/integration-test/target/test-dir/MiniOzoneClusterImpl-9af64d9f-ce66-432d-b755-d0db545afb98/datanode-1/data/ratis/9b2fb099-69d4-424e-a0cb-86bf502abeed/current/log_inprogress_0
2023-01-03 10:07:21,110 [EventQueue-OpenPipelineForHealthyPipelineSafeModeRule] INFO  safemode.SCMSafeModeManager (HealthyPipelineSafeModeRule.java:process(137)) - SCM in safe mode. Healthy pipelines reported count is 0, required healthy pipeline reported count is 1
2023-01-03 10:07:21,110 [EventQueue-OpenPipelineForHealthyPipelineSafeModeRule] INFO  safemode.SCMSafeModeManager (HealthyPipelineSafeModeRule.java:process(137)) - SCM in safe mode. Healthy pipelines reported count is 1, required healthy pipeline reported count is 1
2023-01-03 10:07:21,110 [EventQueue-OpenPipelineForHealthyPipelineSafeModeRule] INFO  safemode.SCMSafeModeManager (SCMSafeModeManager.java:validateSafeModeExitRules(200)) - HealthyPipelineSafeModeRule rule is successfully validated
2023-01-03 10:07:21,110 [EventQueue-OpenPipelineForHealthyPipelineSafeModeRule] INFO  safemode.SCMSafeModeManager (SCMSafeModeManager.java:validateSafeModeExitRules(215)) - ScmSafeModeManager, all rules are successfully validated
2023-01-03 10:07:21,110 [EventQueue-OpenPipelineForHealthyPipelineSafeModeRule] INFO  safemode.SCMSafeModeManager (SCMSafeModeManager.java:exitSafeMode(244)) - SCM exiting safe mode.
2023-01-03 10:07:21,110 [EventQueue-OpenPipelineForHealthyPipelineSafeModeRule] INFO  ha.SCMContext (SCMContext.java:updateSafeModeStatus(228)) - Update SafeModeStatus from SafeModeStatus{safeModeStatus=true, preCheckPassed=true} to SafeModeStatus{safeModeStatus=false, preCheckPassed=true}.
2023-01-03 10:07:21,110 [EventQueue-OpenPipelineForHealthyPipelineSafeModeRule] INFO  pipeline.BackgroundPipelineCreator (BackgroundPipelineCreator.java:notifyStatusChanged(254)) - Service BackgroundPipelineCreator transitions to RUNNING.
2023-01-03 10:07:21,110 [EventQueue-OpenPipelineForHealthyPipelineSafeModeRule] INFO  BackgroundPipelineScrubber (BackgroundSCMService.java:notifyStatusChanged(82)) - Service BackgroundPipelineScrubber transitions to RUNNING.
2023-01-03 10:07:21,110 [EventQueue-OpenPipelineForHealthyPipelineSafeModeRule] INFO  ExpiredContainerReplicaOpScrubber (BackgroundSCMService.java:notifyStatusChanged(82)) - Service ExpiredContainerReplicaOpScrubber transitions to RUNNING.
2023-01-03 10:07:21,110 [EventQueue-OpenPipelineForHealthyPipelineSafeModeRule] INFO  replication.ReplicationManager (ReplicationManager.java:notifyStatusChanged(918)) - Service ReplicationManager transitions to RUNNING.
2023-01-03 10:07:21,110 [EventQueue-OpenPipelineForHealthyPipelineSafeModeRule] WARN  balancer.ContainerBalancer (ContainerBalancer.java:shouldRun(131)) - Could not find persisted configuration for ContainerBalancer when checking if ContainerBalancer should run. ContainerBalancer should not run now.
2023-01-03 10:07:21,122 [grpc-default-executor-0] INFO  impl.VoteContext (VoteContext.java:log(49)) - 5c8f94db-7806-4776-a4fa-2f4c620ca121@group-86BF502ABEED-CANDIDATE: accept ELECTION from ad81db47-82b5-4afb-987d-b3e16962a519: our priority 0 <= candidate's priority 1
2023-01-03 10:07:21,122 [grpc-default-executor-0] INFO  server.RaftServer$Division (RaftServerImpl.java:setRole(321)) - 5c8f94db-7806-4776-a4fa-2f4c620ca121@group-86BF502ABEED: changes role from CANDIDATE to FOLLOWER at term 1 for candidate:ad81db47-82b5-4afb-987d-b3e16962a519
2023-01-03 10:07:21,122 [grpc-default-executor-0] INFO  impl.RoleInfo (RoleInfo.java:shutdownLeaderElection(130)) - 5c8f94db-7806-4776-a4fa-2f4c620ca121: shutdown 5c8f94db-7806-4776-a4fa-2f4c620ca121@group-86BF502ABEED-LeaderElection17
2023-01-03 10:07:21,122 [grpc-default-executor-0] INFO  impl.RoleInfo (RoleInfo.java:updateAndGet(139)) - 5c8f94db-7806-4776-a4fa-2f4c620ca121: start 5c8f94db-7806-4776-a4fa-2f4c620ca121@group-86BF502ABEED-FollowerState
2023-01-03 10:07:21,122 [ad81db47-82b5-4afb-987d-b3e16962a519@group-86BF502ABEED-LeaderElection16] INFO  server.RaftServer$Division (ServerState.java:setRaftConf(430)) - ad81db47-82b5-4afb-987d-b3e16962a519@group-86BF502ABEED: set configuration 0: peers:[2c63000f-a9ba-4116-8021-1fc7d553c7a4|rpc:10.1.0.13:44077|dataStream:10.1.0.13:33143|priority:0|startupRole:FOLLOWER, ad81db47-82b5-4afb-987d-b3e16962a519|rpc:10.1.0.13:42981|dataStream:10.1.0.13:39737|priority:1|startupRole:FOLLOWER, 5c8f94db-7806-4776-a4fa-2f4c620ca121|rpc:10.1.0.13:34413|dataStream:10.1.0.13:42515|priority:0|startupRole:FOLLOWER]|listeners:[], old=null
2023-01-03 10:07:21,125 [5c8f94db-7806-4776-a4fa-2f4c620ca121@group-86BF502ABEED-FollowerState] INFO  server.RaftServerConfigKeys (ConfUtils.java:logFallback(53)) - raft.server.rpc.first-election.timeout.min = 5s (fallback to raft.server.rpc.timeout.min)
2023-01-03 10:07:21,125 [5c8f94db-7806-4776-a4fa-2f4c620ca121@group-86BF502ABEED-FollowerState] INFO  server.RaftServerConfigKeys (ConfUtils.java:logFallback(53)) - raft.server.rpc.first-election.timeout.max = 5200ms (fallback to raft.server.rpc.timeout.max)
2023-01-03 10:07:21,125 [grpc-default-executor-0] INFO  server.RaftServer$Division (RaftServerImpl.java:requestVote(1251)) - 5c8f94db-7806-4776-a4fa-2f4c620ca121@group-86BF502ABEED replies to ELECTION vote request: ad81db47-82b5-4afb-987d-b3e16962a519<-5c8f94db-7806-4776-a4fa-2f4c620ca121#0:OK-t1. Peer's state: 5c8f94db-7806-4776-a4fa-2f4c620ca121@group-86BF502ABEED:t1, leader=null, voted=ad81db47-82b5-4afb-987d-b3e16962a519, raftlog=Memoized:5c8f94db-7806-4776-a4fa-2f4c620ca121@group-86BF502ABEED-SegmentedRaftLog:OPENED:c-1, conf=-1: peers:[2c63000f-a9ba-4116-8021-1fc7d553c7a4|rpc:10.1.0.13:44077|dataStream:10.1.0.13:33143|priority:0|startupRole:FOLLOWER, ad81db47-82b5-4afb-987d-b3e16962a519|rpc:10.1.0.13:42981|dataStream:10.1.0.13:39737|priority:1|startupRole:FOLLOWER, 5c8f94db-7806-4776-a4fa-2f4c620ca121|rpc:10.1.0.13:34413|dataStream:10.1.0.13:42515|priority:0|startupRole:FOLLOWER]|listeners:[], old=null
2023-01-03 10:07:21,146 [2c63000f-a9ba-4116-8021-1fc7d553c7a4-server-thread1] INFO  ratis.XceiverServerRatis (XceiverServerRatis.java:handleLeaderChangedNotification(904)) - Leader change notification received for group: group-86BF502ABEED with new leaderId: ad81db47-82b5-4afb-987d-b3e16962a519
2023-01-03 10:07:21,146 [2c63000f-a9ba-4116-8021-1fc7d553c7a4-server-thread1] INFO  server.RaftServer$Division (ServerState.java:setLeader(313)) - 2c63000f-a9ba-4116-8021-1fc7d553c7a4@group-86BF502ABEED: change Leader from null to ad81db47-82b5-4afb-987d-b3e16962a519 at term 1 for appendEntries, leader elected after 5089ms
2023-01-03 10:07:21,146 [2c63000f-a9ba-4116-8021-1fc7d553c7a4-server-thread1] INFO  server.RaftServer$Division (ServerState.java:setRaftConf(430)) - 2c63000f-a9ba-4116-8021-1fc7d553c7a4@group-86BF502ABEED: set configuration 0: peers:[2c63000f-a9ba-4116-8021-1fc7d553c7a4|rpc:10.1.0.13:44077|dataStream:10.1.0.13:33143|priority:0|startupRole:FOLLOWER, ad81db47-82b5-4afb-987d-b3e16962a519|rpc:10.1.0.13:42981|dataStream:10.1.0.13:39737|priority:1|startupRole:FOLLOWER, 5c8f94db-7806-4776-a4fa-2f4c620ca121|rpc:10.1.0.13:34413|dataStream:10.1.0.13:42515|priority:0|startupRole:FOLLOWER]|listeners:[], old=null
2023-01-03 10:07:21,147 [5c8f94db-7806-4776-a4fa-2f4c620ca121-server-thread1] INFO  ratis.XceiverServerRatis (XceiverServerRatis.java:handleLeaderChangedNotification(904)) - Leader change notification received for group: group-86BF502ABEED with new leaderId: ad81db47-82b5-4afb-987d-b3e16962a519
2023-01-03 10:07:21,147 [2c63000f-a9ba-4116-8021-1fc7d553c7a4-server-thread1] INFO  segmented.SegmentedRaftLogWorker (SegmentedRaftLogWorker.java:startLogSegment(452)) - 2c63000f-a9ba-4116-8021-1fc7d553c7a4@group-86BF502ABEED-SegmentedRaftLogWorker: Starting segment from index:0
2023-01-03 10:07:21,147 [5c8f94db-7806-4776-a4fa-2f4c620ca121-server-thread1] INFO  server.RaftServer$Division (ServerState.java:setLeader(313)) - 5c8f94db-7806-4776-a4fa-2f4c620ca121@group-86BF502ABEED: change Leader from null to ad81db47-82b5-4afb-987d-b3e16962a519 at term 1 for appendEntries, leader elected after 5141ms
2023-01-03 10:07:21,148 [2c63000f-a9ba-4116-8021-1fc7d553c7a4@group-86BF502ABEED-SegmentedRaftLogWorker] INFO  segmented.SegmentedRaftLogWorker (SegmentedRaftLogWorker.java:execute(656)) - 2c63000f-a9ba-4116-8021-1fc7d553c7a4@group-86BF502ABEED-SegmentedRaftLogWorker: created new log segment /home/runner/work/ozone/ozone/hadoop-ozone/integration-test/target/test-dir/MiniOzoneClusterImpl-9af64d9f-ce66-432d-b755-d0db545afb98/datanode-2/data/ratis/9b2fb099-69d4-424e-a0cb-86bf502abeed/current/log_inprogress_0
2023-01-03 10:07:21,150 [5c8f94db-7806-4776-a4fa-2f4c620ca121-server-thread2] INFO  server.RaftServer$Division (ServerState.java:setRaftConf(430)) - 5c8f94db-7806-4776-a4fa-2f4c620ca121@group-86BF502ABEED: set configuration 0: peers:[2c63000f-a9ba-4116-8021-1fc7d553c7a4|rpc:10.1.0.13:44077|dataStream:10.1.0.13:33143|priority:0|startupRole:FOLLOWER, ad81db47-82b5-4afb-987d-b3e16962a519|rpc:10.1.0.13:42981|dataStream:10.1.0.13:39737|priority:1|startupRole:FOLLOWER, 5c8f94db-7806-4776-a4fa-2f4c620ca121|rpc:10.1.0.13:34413|dataStream:10.1.0.13:42515|priority:0|startupRole:FOLLOWER]|listeners:[], old=null
2023-01-03 10:07:21,153 [5c8f94db-7806-4776-a4fa-2f4c620ca121-server-thread2] INFO  segmented.SegmentedRaftLogWorker (SegmentedRaftLogWorker.java:startLogSegment(452)) - 5c8f94db-7806-4776-a4fa-2f4c620ca121@group-86BF502ABEED-SegmentedRaftLogWorker: Starting segment from index:0
2023-01-03 10:07:21,154 [5c8f94db-7806-4776-a4fa-2f4c620ca121@group-86BF502ABEED-SegmentedRaftLogWorker] INFO  segmented.SegmentedRaftLogWorker (SegmentedRaftLogWorker.java:execute(656)) - 5c8f94db-7806-4776-a4fa-2f4c620ca121@group-86BF502ABEED-SegmentedRaftLogWorker: created new log segment /home/runner/work/ozone/ozone/hadoop-ozone/integration-test/target/test-dir/MiniOzoneClusterImpl-9af64d9f-ce66-432d-b755-d0db545afb98/datanode-0/data/ratis/9b2fb099-69d4-424e-a0cb-86bf502abeed/current/log_inprogress_0
2023-01-03 10:07:21,396 [ad81db47-82b5-4afb-987d-b3e16962a519@group-E3CC6E4D9FA3-FollowerState] INFO  impl.FollowerState (FollowerState.java:run(143)) - ad81db47-82b5-4afb-987d-b3e16962a519@group-E3CC6E4D9FA3-FollowerState: change to CANDIDATE, lastRpcElapsedTime:5185402437ns, electionTimeout:5183ms
2023-01-03 10:07:21,396 [ad81db47-82b5-4afb-987d-b3e16962a519@group-E3CC6E4D9FA3-FollowerState] INFO  impl.RoleInfo (RoleInfo.java:shutdownFollowerState(110)) - ad81db47-82b5-4afb-987d-b3e16962a519: shutdown ad81db47-82b5-4afb-987d-b3e16962a519@group-E3CC6E4D9FA3-FollowerState
2023-01-03 10:07:21,396 [ad81db47-82b5-4afb-987d-b3e16962a519@group-E3CC6E4D9FA3-FollowerState] INFO  server.RaftServer$Division (RaftServerImpl.java:setRole(321)) - ad81db47-82b5-4afb-987d-b3e16962a519@group-E3CC6E4D9FA3: changes role from  FOLLOWER to CANDIDATE at term 0 for changeToCandidate
2023-01-03 10:07:21,396 [ad81db47-82b5-4afb-987d-b3e16962a519@group-E3CC6E4D9FA3-FollowerState] INFO  server.RaftServerConfigKeys (ConfUtils.java:logGet(46)) - raft.server.leaderelection.pre-vote = false (custom)
2023-01-03 10:07:21,397 [ad81db47-82b5-4afb-987d-b3e16962a519@group-E3CC6E4D9FA3-FollowerState] INFO  impl.RoleInfo (RoleInfo.java:updateAndGet(139)) - ad81db47-82b5-4afb-987d-b3e16962a519: start ad81db47-82b5-4afb-987d-b3e16962a519@group-E3CC6E4D9FA3-LeaderElection18
2023-01-03 10:07:21,404 [ad81db47-82b5-4afb-987d-b3e16962a519@group-E3CC6E4D9FA3-LeaderElection18] INFO  impl.LeaderElection (LeaderElection.java:askForVotes(312)) - ad81db47-82b5-4afb-987d-b3e16962a519@group-E3CC6E4D9FA3-LeaderElection18 ELECTION round 0: submit vote requests at term 1 for -1: peers:[ad81db47-82b5-4afb-987d-b3e16962a519|rpc:10.1.0.13:42981|dataStream:10.1.0.13:39737|priority:1|startupRole:FOLLOWER]|listeners:[], old=null
2023-01-03 10:07:21,405 [ad81db47-82b5-4afb-987d-b3e16962a519@group-E3CC6E4D9FA3-LeaderElection18] INFO  impl.LeaderElection (LeaderElection.java:askForVotes(314)) - ad81db47-82b5-4afb-987d-b3e16962a519@group-E3CC6E4D9FA3-LeaderElection18 ELECTION round 0: result PASSED (term=1)
2023-01-03 10:07:21,405 [ad81db47-82b5-4afb-987d-b3e16962a519@group-E3CC6E4D9FA3-LeaderElection18] INFO  impl.RoleInfo (RoleInfo.java:shutdownLeaderElection(130)) - ad81db47-82b5-4afb-987d-b3e16962a519: shutdown ad81db47-82b5-4afb-987d-b3e16962a519@group-E3CC6E4D9FA3-LeaderElection18
2023-01-03 10:07:21,405 [ad81db47-82b5-4afb-987d-b3e16962a519@group-E3CC6E4D9FA3-LeaderElection18] INFO  server.RaftServer$Division (RaftServerImpl.java:setRole(321)) - ad81db47-82b5-4afb-987d-b3e16962a519@group-E3CC6E4D9FA3: changes role from CANDIDATE to LEADER at term 1 for changeToLeader
2023-01-03 10:07:21,405 [ad81db47-82b5-4afb-987d-b3e16962a519@group-E3CC6E4D9FA3-LeaderElection18] INFO  ratis.XceiverServerRatis (XceiverServerRatis.java:handleLeaderChangedNotification(904)) - Leader change notification received for group: group-E3CC6E4D9FA3 with new leaderId: ad81db47-82b5-4afb-987d-b3e16962a519
2023-01-03 10:07:21,405 [ad81db47-82b5-4afb-987d-b3e16962a519@group-E3CC6E4D9FA3-LeaderElection18] INFO  server.RaftServer$Division (ServerState.java:setLeader(313)) - ad81db47-82b5-4afb-987d-b3e16962a519@group-E3CC6E4D9FA3: change Leader from null to ad81db47-82b5-4afb-987d-b3e16962a519 at term 1 for becomeLeader, leader elected after 5206ms
2023-01-03 10:07:21,405 [ad81db47-82b5-4afb-987d-b3e16962a519@group-E3CC6E4D9FA3-LeaderElection18] INFO  server.RaftServerConfigKeys (ConfUtils.java:logGet(46)) - raft.server.staging.catchup.gap = 1000 (default)
2023-01-03 10:07:21,405 [ad81db47-82b5-4afb-987d-b3e16962a519@group-E3CC6E4D9FA3-LeaderElection18] INFO  server.RaftServerConfigKeys (ConfUtils.java:logGet(46)) - raft.server.write.element-limit = 1024 (custom)
2023-01-03 10:07:21,405 [ad81db47-82b5-4afb-987d-b3e16962a519@group-E3CC6E4D9FA3-LeaderElection18] INFO  server.RaftServerConfigKeys (ConfUtils.java:logGet(46)) - raft.server.write.byte-limit = 1024 M (=1073741824) (custom)
2023-01-03 10:07:21,405 [ad81db47-82b5-4afb-987d-b3e16962a519@group-E3CC6E4D9FA3-LeaderElection18] INFO  server.RaftServerConfigKeys (ConfUtils.java:logGet(46)) - raft.server.watch.timeout = 180s (custom)
2023-01-03 10:07:21,405 [ad81db47-82b5-4afb-987d-b3e16962a519@group-E3CC6E4D9FA3-LeaderElection18] INFO  server.RaftServerConfigKeys (ConfUtils.java:logGet(46)) - raft.server.watch.timeout.denomination = 1s (default)
2023-01-03 10:07:21,405 [ad81db47-82b5-4afb-987d-b3e16962a519@group-E3CC6E4D9FA3-LeaderElection18] INFO  server.RaftServerConfigKeys (ConfUtils.java:logGet(46)) - raft.server.watch.element-limit = 65536 (default)
2023-01-03 10:07:21,406 [ad81db47-82b5-4afb-987d-b3e16962a519@group-E3CC6E4D9FA3-LeaderElection18] INFO  server.RaftServerConfigKeys (ConfUtils.java:logGet(46)) - raft.server.write.element-limit = 1024 (custom)
2023-01-03 10:07:21,406 [EventQueue-CommandQueueReportForCommandQueueReportHandler] WARN  events.EventQueue (EventQueue.java:fireEvent(216)) - No event handler registered for event TypedEvent{payloadType=DatanodeDetails, name='Datanode_Command_Queue_Updated'}
2023-01-03 10:07:21,406 [ad81db47-82b5-4afb-987d-b3e16962a519@group-E3CC6E4D9FA3-LeaderElection18] INFO  server.RaftServerConfigKeys (ConfUtils.java:logGet(46)) - raft.server.write.follower.gap.ratio.max = -1.0 (default)
2023-01-03 10:07:21,406 [ad81db47-82b5-4afb-987d-b3e16962a519@group-E3CC6E4D9FA3-LeaderElection18] INFO  impl.RoleInfo (RoleInfo.java:updateAndGet(139)) - ad81db47-82b5-4afb-987d-b3e16962a519: start ad81db47-82b5-4afb-987d-b3e16962a519@group-E3CC6E4D9FA3-LeaderStateImpl
2023-01-03 10:07:21,406 [ad81db47-82b5-4afb-987d-b3e16962a519@group-E3CC6E4D9FA3-LeaderElection18] INFO  segmented.SegmentedRaftLogWorker (SegmentedRaftLogWorker.java:startLogSegment(452)) - ad81db47-82b5-4afb-987d-b3e16962a519@group-E3CC6E4D9FA3-SegmentedRaftLogWorker: Starting segment from index:0
2023-01-03 10:07:21,410 [ad81db47-82b5-4afb-987d-b3e16962a519@group-E3CC6E4D9FA3-LeaderElection18] INFO  server.RaftServer$Division (ServerState.java:setRaftConf(430)) - ad81db47-82b5-4afb-987d-b3e16962a519@group-E3CC6E4D9FA3: set configuration 0: peers:[ad81db47-82b5-4afb-987d-b3e16962a519|rpc:10.1.0.13:42981|dataStream:10.1.0.13:39737|priority:1|startupRole:FOLLOWER]|listeners:[], old=null
2023-01-03 10:07:21,410 [ad81db47-82b5-4afb-987d-b3e16962a519@group-E3CC6E4D9FA3-SegmentedRaftLogWorker] INFO  segmented.SegmentedRaftLogWorker (SegmentedRaftLogWorker.java:execute(656)) - ad81db47-82b5-4afb-987d-b3e16962a519@group-E3CC6E4D9FA3-SegmentedRaftLogWorker: created new log segment /home/runner/work/ozone/ozone/hadoop-ozone/integration-test/target/test-dir/MiniOzoneClusterImpl-9af64d9f-ce66-432d-b755-d0db545afb98/datanode-1/data/ratis/46826f56-f6be-4212-a21b-e3cc6e4d9fa3/current/log_inprogress_0
2023-01-03 10:07:21,499 [EventQueue-CommandQueueReportForCommandQueueReportHandler] WARN  events.EventQueue (EventQueue.java:fireEvent(216)) - No event handler registered for event TypedEvent{payloadType=DatanodeDetails, name='Datanode_Command_Queue_Updated'}
2023-01-03 10:07:21,890 [EventQueue-CommandQueueReportForCommandQueueReportHandler] WARN  events.EventQueue (EventQueue.java:fireEvent(216)) - No event handler registered for event TypedEvent{payloadType=DatanodeDetails, name='Datanode_Command_Queue_Updated'}
2023-01-03 10:07:21,981 [EventQueue-CommandQueueReportForCommandQueueReportHandler] WARN  events.EventQueue (EventQueue.java:fireEvent(216)) - No event handler registered for event TypedEvent{payloadType=DatanodeDetails, name='Datanode_Command_Queue_Updated'}
2023-01-03 10:07:22,010 [2c63000f-a9ba-4116-8021-1fc7d553c7a4@group-69FE862D97A4-FollowerState] INFO  impl.FollowerState (FollowerState.java:run(143)) - 2c63000f-a9ba-4116-8021-1fc7d553c7a4@group-69FE862D97A4-FollowerState: change to CANDIDATE, lastRpcElapsedTime:5158163560ns, electionTimeout:5157ms
2023-01-03 10:07:22,010 [2c63000f-a9ba-4116-8021-1fc7d553c7a4@group-69FE862D97A4-FollowerState] INFO  impl.RoleInfo (RoleInfo.java:shutdownFollowerState(110)) - 2c63000f-a9ba-4116-8021-1fc7d553c7a4: shutdown 2c63000f-a9ba-4116-8021-1fc7d553c7a4@group-69FE862D97A4-FollowerState
2023-01-03 10:07:22,011 [2c63000f-a9ba-4116-8021-1fc7d553c7a4@group-69FE862D97A4-FollowerState] INFO  server.RaftServer$Division (RaftServerImpl.java:setRole(321)) - 2c63000f-a9ba-4116-8021-1fc7d553c7a4@group-69FE862D97A4: changes role from  FOLLOWER to CANDIDATE at term 0 for changeToCandidate
2023-01-03 10:07:22,011 [2c63000f-a9ba-4116-8021-1fc7d553c7a4@group-69FE862D97A4-FollowerState] INFO  server.RaftServerConfigKeys (ConfUtils.java:logGet(46)) - raft.server.leaderelection.pre-vote = false (custom)
2023-01-03 10:07:22,011 [2c63000f-a9ba-4116-8021-1fc7d553c7a4@group-69FE862D97A4-FollowerState] INFO  impl.RoleInfo (RoleInfo.java:updateAndGet(139)) - 2c63000f-a9ba-4116-8021-1fc7d553c7a4: start 2c63000f-a9ba-4116-8021-1fc7d553c7a4@group-69FE862D97A4-LeaderElection19
2023-01-03 10:07:22,014 [01844fa3-4991-4a9b-b3ea-c862c2ab2093@group-D7FEA6E778B7-FollowerState] INFO  impl.FollowerState (FollowerState.java:run(143)) - 01844fa3-4991-4a9b-b3ea-c862c2ab2093@group-D7FEA6E778B7-FollowerState: change to CANDIDATE, lastRpcElapsedTime:5111079626ns, electionTimeout:5109ms
2023-01-03 10:07:22,014 [01844fa3-4991-4a9b-b3ea-c862c2ab2093@group-D7FEA6E778B7-FollowerState] INFO  impl.RoleInfo (RoleInfo.java:shutdownFollowerState(110)) - 01844fa3-4991-4a9b-b3ea-c862c2ab2093: shutdown 01844fa3-4991-4a9b-b3ea-c862c2ab2093@group-D7FEA6E778B7-FollowerState
2023-01-03 10:07:22,014 [01844fa3-4991-4a9b-b3ea-c862c2ab2093@group-D7FEA6E778B7-FollowerState] INFO  server.RaftServer$Division (RaftServerImpl.java:setRole(321)) - 01844fa3-4991-4a9b-b3ea-c862c2ab2093@group-D7FEA6E778B7: changes role from  FOLLOWER to CANDIDATE at term 0 for changeToCandidate
2023-01-03 10:07:22,014 [01844fa3-4991-4a9b-b3ea-c862c2ab2093@group-D7FEA6E778B7-FollowerState] INFO  server.RaftServerConfigKeys (ConfUtils.java:logGet(46)) - raft.server.leaderelection.pre-vote = false (custom)
2023-01-03 10:07:22,014 [01844fa3-4991-4a9b-b3ea-c862c2ab2093@group-D7FEA6E778B7-FollowerState] INFO  impl.RoleInfo (RoleInfo.java:updateAndGet(139)) - 01844fa3-4991-4a9b-b3ea-c862c2ab2093: start 01844fa3-4991-4a9b-b3ea-c862c2ab2093@group-D7FEA6E778B7-LeaderElection20
2023-01-03 10:07:22,021 [01844fa3-4991-4a9b-b3ea-c862c2ab2093@group-D7FEA6E778B7-LeaderElection20] INFO  impl.LeaderElection (LeaderElection.java:askForVotes(312)) - 01844fa3-4991-4a9b-b3ea-c862c2ab2093@group-D7FEA6E778B7-LeaderElection20 ELECTION round 0: submit vote requests at term 1 for -1: peers:[01844fa3-4991-4a9b-b3ea-c862c2ab2093|rpc:10.1.0.13:37787|dataStream:10.1.0.13:37099|priority:1|startupRole:FOLLOWER]|listeners:[], old=null
2023-01-03 10:07:22,021 [01844fa3-4991-4a9b-b3ea-c862c2ab2093@group-D7FEA6E778B7-LeaderElection20] INFO  impl.LeaderElection (LeaderElection.java:askForVotes(314)) - 01844fa3-4991-4a9b-b3ea-c862c2ab2093@group-D7FEA6E778B7-LeaderElection20 ELECTION round 0: result PASSED (term=1)
2023-01-03 10:07:22,021 [01844fa3-4991-4a9b-b3ea-c862c2ab2093@group-D7FEA6E778B7-LeaderElection20] INFO  impl.RoleInfo (RoleInfo.java:shutdownLeaderElection(130)) - 01844fa3-4991-4a9b-b3ea-c862c2ab2093: shutdown 01844fa3-4991-4a9b-b3ea-c862c2ab2093@group-D7FEA6E778B7-LeaderElection20
2023-01-03 10:07:22,021 [01844fa3-4991-4a9b-b3ea-c862c2ab2093@group-D7FEA6E778B7-LeaderElection20] INFO  server.RaftServer$Division (RaftServerImpl.java:setRole(321)) - 01844fa3-4991-4a9b-b3ea-c862c2ab2093@group-D7FEA6E778B7: changes role from CANDIDATE to LEADER at term 1 for changeToLeader
2023-01-03 10:07:22,021 [01844fa3-4991-4a9b-b3ea-c862c2ab2093@group-D7FEA6E778B7-LeaderElection20] INFO  ratis.XceiverServerRatis (XceiverServerRatis.java:handleLeaderChangedNotification(904)) - Leader change notification received for group: group-D7FEA6E778B7 with new leaderId: 01844fa3-4991-4a9b-b3ea-c862c2ab2093
2023-01-03 10:07:22,021 [01844fa3-4991-4a9b-b3ea-c862c2ab2093@group-D7FEA6E778B7-LeaderElection20] INFO  server.RaftServer$Division (ServerState.java:setLeader(313)) - 01844fa3-4991-4a9b-b3ea-c862c2ab2093@group-D7FEA6E778B7: change Leader from null to 01844fa3-4991-4a9b-b3ea-c862c2ab2093 at term 1 for becomeLeader, leader elected after 5138ms
2023-01-03 10:07:22,021 [01844fa3-4991-4a9b-b3ea-c862c2ab2093@group-D7FEA6E778B7-LeaderElection20] INFO  server.RaftServerConfigKeys (ConfUtils.java:logGet(46)) - raft.server.staging.catchup.gap = 1000 (default)
2023-01-03 10:07:22,021 [01844fa3-4991-4a9b-b3ea-c862c2ab2093@group-D7FEA6E778B7-LeaderElection20] INFO  server.RaftServerConfigKeys (ConfUtils.java:logGet(46)) - raft.server.write.element-limit = 1024 (custom)
2023-01-03 10:07:22,021 [01844fa3-4991-4a9b-b3ea-c862c2ab2093@group-D7FEA6E778B7-LeaderElection20] INFO  server.RaftServerConfigKeys (ConfUtils.java:logGet(46)) - raft.server.write.byte-limit = 1024 M (=1073741824) (custom)
2023-01-03 10:07:22,021 [01844fa3-4991-4a9b-b3ea-c862c2ab2093@group-D7FEA6E778B7-LeaderElection20] INFO  server.RaftServerConfigKeys (ConfUtils.java:logGet(46)) - raft.server.watch.timeout = 180s (custom)
2023-01-03 10:07:22,021 [01844fa3-4991-4a9b-b3ea-c862c2ab2093@group-D7FEA6E778B7-LeaderElection20] INFO  server.RaftServerConfigKeys (ConfUtils.java:logGet(46)) - raft.server.watch.timeout.denomination = 1s (default)
2023-01-03 10:07:22,021 [01844fa3-4991-4a9b-b3ea-c862c2ab2093@group-D7FEA6E778B7-LeaderElection20] INFO  server.RaftServerConfigKeys (ConfUtils.java:logGet(46)) - raft.server.watch.element-limit = 65536 (default)
2023-01-03 10:07:22,021 [01844fa3-4991-4a9b-b3ea-c862c2ab2093@group-D7FEA6E778B7-LeaderElection20] INFO  server.RaftServerConfigKeys (ConfUtils.java:logGet(46)) - raft.server.write.element-limit = 1024 (custom)
2023-01-03 10:07:22,022 [01844fa3-4991-4a9b-b3ea-c862c2ab2093@group-D7FEA6E778B7-LeaderElection20] INFO  server.RaftServerConfigKeys (ConfUtils.java:logGet(46)) - raft.server.write.follower.gap.ratio.max = -1.0 (default)
2023-01-03 10:07:22,022 [01844fa3-4991-4a9b-b3ea-c862c2ab2093@group-D7FEA6E778B7-LeaderElection20] INFO  impl.RoleInfo (RoleInfo.java:updateAndGet(139)) - 01844fa3-4991-4a9b-b3ea-c862c2ab2093: start 01844fa3-4991-4a9b-b3ea-c862c2ab2093@group-D7FEA6E778B7-LeaderStateImpl
2023-01-03 10:07:22,022 [01844fa3-4991-4a9b-b3ea-c862c2ab2093@group-D7FEA6E778B7-LeaderElection20] INFO  segmented.SegmentedRaftLogWorker (SegmentedRaftLogWorker.java:startLogSegment(452)) - 01844fa3-4991-4a9b-b3ea-c862c2ab2093@group-D7FEA6E778B7-SegmentedRaftLogWorker: Starting segment from index:0
2023-01-03 10:07:22,026 [01844fa3-4991-4a9b-b3ea-c862c2ab2093@group-D7FEA6E778B7-SegmentedRaftLogWorker] INFO  segmented.SegmentedRaftLogWorker (SegmentedRaftLogWorker.java:execute(656)) - 01844fa3-4991-4a9b-b3ea-c862c2ab2093@group-D7FEA6E778B7-SegmentedRaftLogWorker: created new log segment /home/runner/work/ozone/ozone/hadoop-ozone/integration-test/target/test-dir/MiniOzoneClusterImpl-9af64d9f-ce66-432d-b755-d0db545afb98/datanode-3/data/ratis/a12f531f-3d69-4c99-ad12-d7fea6e778b7/current/log_inprogress_0
2023-01-03 10:07:22,027 [EventQueue-CommandQueueReportForCommandQueueReportHandler] WARN  events.EventQueue (EventQueue.java:fireEvent(216)) - No event handler registered for event TypedEvent{payloadType=DatanodeDetails, name='Datanode_Command_Queue_Updated'}
2023-01-03 10:07:22,030 [01844fa3-4991-4a9b-b3ea-c862c2ab2093@group-D7FEA6E778B7-LeaderElection20] INFO  server.RaftServer$Division (ServerState.java:setRaftConf(430)) - 01844fa3-4991-4a9b-b3ea-c862c2ab2093@group-D7FEA6E778B7: set configuration 0: peers:[01844fa3-4991-4a9b-b3ea-c862c2ab2093|rpc:10.1.0.13:37787|dataStream:10.1.0.13:37099|priority:1|startupRole:FOLLOWER]|listeners:[], old=null
2023-01-03 10:07:22,032 [2c63000f-a9ba-4116-8021-1fc7d553c7a4@group-69FE862D97A4-LeaderElection19] INFO  impl.LeaderElection (LeaderElection.java:askForVotes(312)) - 2c63000f-a9ba-4116-8021-1fc7d553c7a4@group-69FE862D97A4-LeaderElection19 ELECTION round 0: submit vote requests at term 1 for -1: peers:[2c63000f-a9ba-4116-8021-1fc7d553c7a4|rpc:10.1.0.13:44077|dataStream:10.1.0.13:33143|priority:1|startupRole:FOLLOWER]|listeners:[], old=null
2023-01-03 10:07:22,032 [2c63000f-a9ba-4116-8021-1fc7d553c7a4@group-69FE862D97A4-LeaderElection19] INFO  impl.LeaderElection (LeaderElection.java:askForVotes(314)) - 2c63000f-a9ba-4116-8021-1fc7d553c7a4@group-69FE862D97A4-LeaderElection19 ELECTION round 0: result PASSED (term=1)
2023-01-03 10:07:22,032 [2c63000f-a9ba-4116-8021-1fc7d553c7a4@group-69FE862D97A4-LeaderElection19] INFO  impl.RoleInfo (RoleInfo.java:shutdownLeaderElection(130)) - 2c63000f-a9ba-4116-8021-1fc7d553c7a4: shutdown 2c63000f-a9ba-4116-8021-1fc7d553c7a4@group-69FE862D97A4-LeaderElection19
2023-01-03 10:07:22,032 [2c63000f-a9ba-4116-8021-1fc7d553c7a4@group-69FE862D97A4-LeaderElection19] INFO  server.RaftServer$Division (RaftServerImpl.java:setRole(321)) - 2c63000f-a9ba-4116-8021-1fc7d553c7a4@group-69FE862D97A4: changes role from CANDIDATE to LEADER at term 1 for changeToLeader
2023-01-03 10:07:22,032 [2c63000f-a9ba-4116-8021-1fc7d553c7a4@group-69FE862D97A4-LeaderElection19] INFO  ratis.XceiverServerRatis (XceiverServerRatis.java:handleLeaderChangedNotification(904)) - Leader change notification received for group: group-69FE862D97A4 with new leaderId: 2c63000f-a9ba-4116-8021-1fc7d553c7a4
2023-01-03 10:07:22,032 [2c63000f-a9ba-4116-8021-1fc7d553c7a4@group-69FE862D97A4-LeaderElection19] INFO  server.RaftServer$Division (ServerState.java:setLeader(313)) - 2c63000f-a9ba-4116-8021-1fc7d553c7a4@group-69FE862D97A4: change Leader from null to 2c63000f-a9ba-4116-8021-1fc7d553c7a4 at term 1 for becomeLeader, leader elected after 5535ms
2023-01-03 10:07:22,033 [2c63000f-a9ba-4116-8021-1fc7d553c7a4@group-69FE862D97A4-LeaderElection19] INFO  server.RaftServerConfigKeys (ConfUtils.java:logGet(46)) - raft.server.staging.catchup.gap = 1000 (default)
2023-01-03 10:07:22,033 [2c63000f-a9ba-4116-8021-1fc7d553c7a4@group-69FE862D97A4-LeaderElection19] INFO  server.RaftServerConfigKeys (ConfUtils.java:logGet(46)) - raft.server.write.element-limit = 1024 (custom)
2023-01-03 10:07:22,033 [2c63000f-a9ba-4116-8021-1fc7d553c7a4@group-69FE862D97A4-LeaderElection19] INFO  server.RaftServerConfigKeys (ConfUtils.java:logGet(46)) - raft.server.write.byte-limit = 1024 M (=1073741824) (custom)
2023-01-03 10:07:22,033 [EventQueue-CommandQueueReportForCommandQueueReportHandler] WARN  events.EventQueue (EventQueue.java:fireEvent(216)) - No event handler registered for event TypedEvent{payloadType=DatanodeDetails, name='Datanode_Command_Queue_Updated'}
2023-01-03 10:07:22,033 [2c63000f-a9ba-4116-8021-1fc7d553c7a4@group-69FE862D97A4-LeaderElection19] INFO  server.RaftServerConfigKeys (ConfUtils.java:logGet(46)) - raft.server.watch.timeout = 180s (custom)
2023-01-03 10:07:22,033 [2c63000f-a9ba-4116-8021-1fc7d553c7a4@group-69FE862D97A4-LeaderElection19] INFO  server.RaftServerConfigKeys (ConfUtils.java:logGet(46)) - raft.server.watch.timeout.denomination = 1s (default)
2023-01-03 10:07:22,034 [2c63000f-a9ba-4116-8021-1fc7d553c7a4@group-69FE862D97A4-LeaderElection19] INFO  server.RaftServerConfigKeys (ConfUtils.java:logGet(46)) - raft.server.watch.element-limit = 65536 (default)
2023-01-03 10:07:22,034 [2c63000f-a9ba-4116-8021-1fc7d553c7a4@group-69FE862D97A4-LeaderElection19] INFO  server.RaftServerConfigKeys (ConfUtils.java:logGet(46)) - raft.server.write.element-limit = 1024 (custom)
2023-01-03 10:07:22,034 [2c63000f-a9ba-4116-8021-1fc7d553c7a4@group-69FE862D97A4-LeaderElection19] INFO  server.RaftServerConfigKeys (ConfUtils.java:logGet(46)) - raft.server.write.follower.gap.ratio.max = -1.0 (default)
2023-01-03 10:07:22,034 [2c63000f-a9ba-4116-8021-1fc7d553c7a4@group-69FE862D97A4-LeaderElection19] INFO  impl.RoleInfo (RoleInfo.java:updateAndGet(139)) - 2c63000f-a9ba-4116-8021-1fc7d553c7a4: start 2c63000f-a9ba-4116-8021-1fc7d553c7a4@group-69FE862D97A4-LeaderStateImpl
2023-01-03 10:07:22,035 [2c63000f-a9ba-4116-8021-1fc7d553c7a4@group-69FE862D97A4-LeaderElection19] INFO  segmented.SegmentedRaftLogWorker (SegmentedRaftLogWorker.java:startLogSegment(452)) - 2c63000f-a9ba-4116-8021-1fc7d553c7a4@group-69FE862D97A4-SegmentedRaftLogWorker: Starting segment from index:0
2023-01-03 10:07:22,035 [2c63000f-a9ba-4116-8021-1fc7d553c7a4@group-69FE862D97A4-SegmentedRaftLogWorker] INFO  segmented.SegmentedRaftLogWorker (SegmentedRaftLogWorker.java:execute(656)) - 2c63000f-a9ba-4116-8021-1fc7d553c7a4@group-69FE862D97A4-SegmentedRaftLogWorker: created new log segment /home/runner/work/ozone/ozone/hadoop-ozone/integration-test/target/test-dir/MiniOzoneClusterImpl-9af64d9f-ce66-432d-b755-d0db545afb98/datanode-2/data/ratis/a2b58b80-0665-40e7-a28b-69fe862d97a4/current/log_inprogress_0
2023-01-03 10:07:22,042 [2c63000f-a9ba-4116-8021-1fc7d553c7a4@group-69FE862D97A4-LeaderElection19] INFO  server.RaftServer$Division (ServerState.java:setRaftConf(430)) - 2c63000f-a9ba-4116-8021-1fc7d553c7a4@group-69FE862D97A4: set configuration 0: peers:[2c63000f-a9ba-4116-8021-1fc7d553c7a4|rpc:10.1.0.13:44077|dataStream:10.1.0.13:33143|priority:1|startupRole:FOLLOWER]|listeners:[], old=null
2023-01-03 10:07:22,086 [Listener at 127.0.0.1/46801] INFO  ozone.MiniOzoneClusterImpl (MiniOzoneClusterImpl.java:lambda$waitForClusterToBeReady$0(217)) - Nodes are ready. Got 5 of 5 DN Heartbeats.
2023-01-03 10:07:22,086 [Listener at 127.0.0.1/46801] INFO  ozone.MiniOzoneClusterImpl (MiniOzoneClusterImpl.java:lambda$waitForClusterToBeReady$0(220)) - Cluster exits safe mode
2023-01-03 10:07:22,086 [Listener at 127.0.0.1/46801] INFO  ozone.MiniOzoneClusterImpl (MiniOzoneClusterImpl.java:lambda$waitForClusterToBeReady$0(222)) - SCM became leader
2023-01-03 10:07:22,091 [EventQueue-CommandQueueReportForCommandQueueReportHandler] WARN  events.EventQueue (EventQueue.java:fireEvent(216)) - No event handler registered for event TypedEvent{payloadType=DatanodeDetails, name='Datanode_Command_Queue_Updated'}
2023-01-03 10:07:22,110 [Listener at 127.0.0.1/46801] INFO  rpc.RpcClient (RpcClient.java:createVolume(474)) - Creating Volume: volume72509, with user87282 as owner and space quota set to -1 bytes, counts quota set to -1
2023-01-03 10:07:22,112 [IPC Server handler 2 on default port 46801] INFO  volume.OMVolumeCreateRequest (OMVolumeCreateRequest.java:validateAndUpdateCache(195)) - created volume:volume72509 for user:user87282
2023-01-03 10:07:22,121 [Listener at 127.0.0.1/46801] INFO  rpc.RpcClient (RpcClient.java:createBucket(693)) - Creating Bucket: volume72509/bucket24043, with bucket layout LEGACY, runner as owner, Versioning false, Storage Type set to DISK and Encryption set to false 
2023-01-03 10:07:22,122 [IPC Server handler 4 on default port 46801] INFO  bucket.OMBucketCreateRequest (OMBucketCreateRequest.java:validateAndUpdateCache(260)) - created bucket: bucket24043 of layout LEGACY in volume: volume72509
]]></system-out>
  </testcase>
  <testcase name="testGetTrashRoot" classname="TestOzoneFileSystem" time="25.757">
    <system-out><![CDATA[2023-01-03 10:07:46,601 [Listener at 127.0.0.1/46801] INFO  ozone.MiniOzoneClusterImpl (MiniOzoneClusterImpl.java:shutdown(449)) - Shutting down the Mini Ozone Cluster
2023-01-03 10:07:46,601 [Listener at 127.0.0.1/46801] INFO  ozone.MiniOzoneClusterImpl (MiniOzoneClusterImpl.java:stop(464)) - Stopping the Mini Ozone Cluster
2023-01-03 10:07:46,601 [Listener at 127.0.0.1/46801] INFO  ozone.MiniOzoneClusterImpl (MiniOzoneClusterImpl.java:stopOM(546)) - Stopping the OzoneManager
2023-01-03 10:07:46,601 [Listener at 127.0.0.1/46801] INFO  om.OzoneManager (OzoneManager.java:stop(2038)) - om1[localhost:0]: Stopping Ozone Manager
2023-01-03 10:07:46,602 [Listener at 127.0.0.1/46801] INFO  ipc.Server (Server.java:stop(3428)) - Stopping server on 46801
2023-01-03 10:07:46,604 [Listener at 127.0.0.1/46801] INFO  ratis.OzoneManagerDoubleBuffer (OzoneManagerDoubleBuffer.java:stop(466)) - Stopping OMDoubleBuffer flush thread
2023-01-03 10:07:46,604 [IPC Server Responder] INFO  ipc.Server (Server.java:run(1517)) - Stopping IPC Server Responder
2023-01-03 10:07:46,604 [OMDoubleBufferFlushThread] INFO  ratis.OzoneManagerDoubleBuffer (OzoneManagerDoubleBuffer.java:flushTransactions(385)) - OMDoubleBuffer flush thread OMDoubleBufferFlushThread is interrupted and will exit.
2023-01-03 10:07:46,604 [Listener at 127.0.0.1/46801] INFO  utils.BackgroundService (BackgroundService.java:shutdown(141)) - Shutting down service KeyDeletingService
2023-01-03 10:07:46,605 [Listener at 127.0.0.1/46801] INFO  utils.BackgroundService (BackgroundService.java:shutdown(141)) - Shutting down service DirectoryDeletingService
2023-01-03 10:07:46,605 [Listener at 127.0.0.1/46801] INFO  utils.BackgroundService (BackgroundService.java:shutdown(141)) - Shutting down service OpenKeyCleanupService
2023-01-03 10:07:46,605 [Listener at 127.0.0.1/46801] INFO  handler.ContextHandler (ContextHandler.java:doStop(1159)) - Stopped o.e.j.w.WebAppContext@1d0bca2f{ozoneManager,/,null,STOPPED}{file:/home/runner/work/ozone/ozone/hadoop-ozone/integration-test/target/test-classes/webapps/ozoneManager}
2023-01-03 10:07:46,606 [Listener at 127.0.0.1/46801] INFO  server.AbstractConnector (AbstractConnector.java:doStop(383)) - Stopped ServerConnector@7f415d8e{HTTP/1.1, (http/1.1)}{0.0.0.0:0}
2023-01-03 10:07:46,606 [Listener at 127.0.0.1/46801] INFO  server.session (HouseKeeper.java:stopScavenging(149)) - node0 Stopped scavenging
2023-01-03 10:07:46,606 [Listener at 127.0.0.1/46801] INFO  handler.ContextHandler (ContextHandler.java:doStop(1159)) - Stopped o.e.j.s.ServletContextHandler@2d310736{static,/static,file:///home/runner/work/ozone/ozone/hadoop-ozone/integration-test/target/test-classes/webapps/static,STOPPED}
2023-01-03 10:07:46,606 [Listener at 127.0.0.1/46801] INFO  handler.ContextHandler (ContextHandler.java:doStop(1159)) - Stopped o.e.j.s.ServletContextHandler@20ab11b0{logs,/logs,file:///home/runner/work/ozone/ozone/hadoop-ozone/integration-test/target/log,STOPPED}
2023-01-03 10:07:46,606 [IPC Server listener on 0] INFO  ipc.Server (Server.java:run(1384)) - Stopping IPC Server listener on 0
2023-01-03 10:07:46,614 [Trash Emptier] ERROR om.TrashPolicyOzone (TrashPolicyOzone.java:run(348)) - Error attempting to shutdown
java.lang.InterruptedException
	at java.util.concurrent.locks.AbstractQueuedSynchronizer$ConditionObject.awaitNanos(AbstractQueuedSynchronizer.java:2067)
	at java.util.concurrent.ThreadPoolExecutor.awaitTermination(ThreadPoolExecutor.java:1475)
	at org.apache.hadoop.ozone.om.TrashPolicyOzone$Emptier.run(TrashPolicyOzone.java:346)
	at java.lang.Thread.run(Thread.java:750)
2023-01-03 10:07:46,616 [Listener at 127.0.0.1/46801] INFO  ozone.MiniOzoneClusterImpl (MiniOzoneClusterImpl.java:stopDatanodes(523)) - Stopping the HddsDatanodes
2023-01-03 10:07:46,624 [Listener at 127.0.0.1/46801] INFO  ozoneimpl.OzoneContainer (OzoneContainer.java:stop(417)) - Attempting to stop container services.
2023-01-03 10:07:46,624 [ForkJoinPool.commonPool-worker-0] INFO  ozoneimpl.OzoneContainer (OzoneContainer.java:stop(417)) - Attempting to stop container services.
2023-01-03 10:07:46,625 [ForkJoinPool.commonPool-worker-0] INFO  server.RaftServer (RaftServerProxy.java:lambda$close$6(409)) - ad81db47-82b5-4afb-987d-b3e16962a519: close
2023-01-03 10:07:46,626 [Listener at 127.0.0.1/46801] INFO  server.RaftServer (RaftServerProxy.java:lambda$close$6(409)) - 2c63000f-a9ba-4116-8021-1fc7d553c7a4: close
2023-01-03 10:07:46,626 [2c63000f-a9ba-4116-8021-1fc7d553c7a4-impl-thread1] INFO  server.RaftServer$Division (RaftServerImpl.java:lambda$close$4(458)) - 2c63000f-a9ba-4116-8021-1fc7d553c7a4@group-581C63CE7A5F: shutdown
2023-01-03 10:07:46,626 [ad81db47-82b5-4afb-987d-b3e16962a519-impl-thread1] INFO  server.RaftServer$Division (RaftServerImpl.java:lambda$close$4(458)) - ad81db47-82b5-4afb-987d-b3e16962a519@group-E3CC6E4D9FA3: shutdown
2023-01-03 10:07:46,626 [2c63000f-a9ba-4116-8021-1fc7d553c7a4-impl-thread1] INFO  util.JmxRegister (JmxRegister.java:unregister(73)) - Successfully un-registered JMX Bean with object name Ratis:service=RaftServer,group=group-581C63CE7A5F,id=2c63000f-a9ba-4116-8021-1fc7d553c7a4
2023-01-03 10:07:46,626 [ad81db47-82b5-4afb-987d-b3e16962a519-impl-thread1] INFO  util.JmxRegister (JmxRegister.java:unregister(73)) - Successfully un-registered JMX Bean with object name Ratis:service=RaftServer,group=group-E3CC6E4D9FA3,id=ad81db47-82b5-4afb-987d-b3e16962a519
2023-01-03 10:07:46,626 [2c63000f-a9ba-4116-8021-1fc7d553c7a4-impl-thread1] INFO  impl.RoleInfo (RoleInfo.java:shutdownLeaderState(93)) - 2c63000f-a9ba-4116-8021-1fc7d553c7a4: shutdown 2c63000f-a9ba-4116-8021-1fc7d553c7a4@group-581C63CE7A5F-LeaderStateImpl
2023-01-03 10:07:46,626 [ad81db47-82b5-4afb-987d-b3e16962a519-impl-thread1] INFO  impl.RoleInfo (RoleInfo.java:shutdownLeaderState(93)) - ad81db47-82b5-4afb-987d-b3e16962a519: shutdown ad81db47-82b5-4afb-987d-b3e16962a519@group-E3CC6E4D9FA3-LeaderStateImpl
2023-01-03 10:07:46,626 [ad81db47-82b5-4afb-987d-b3e16962a519-impl-thread1] INFO  impl.PendingRequests (PendingRequests.java:sendNotLeaderResponses(282)) - ad81db47-82b5-4afb-987d-b3e16962a519@group-E3CC6E4D9FA3-PendingRequests: sendNotLeaderResponses
2023-01-03 10:07:46,626 [ad81db47-82b5-4afb-987d-b3e16962a519-impl-thread1] INFO  impl.StateMachineUpdater (StateMachineUpdater.java:stopAndJoin(153)) - ad81db47-82b5-4afb-987d-b3e16962a519@group-E3CC6E4D9FA3-StateMachineUpdater: set stopIndex = 0
2023-01-03 10:07:46,627 [ad81db47-82b5-4afb-987d-b3e16962a519@group-E3CC6E4D9FA3-StateMachineUpdater] INFO  ratis.ContainerStateMachine (ContainerStateMachine.java:takeSnapshot(308)) - group-E3CC6E4D9FA3: Taking a snapshot at:(t:1, i:0) file /home/runner/work/ozone/ozone/hadoop-ozone/integration-test/target/test-dir/MiniOzoneClusterImpl-9af64d9f-ce66-432d-b755-d0db545afb98/datanode-1/data/ratis/46826f56-f6be-4212-a21b-e3cc6e4d9fa3/sm/snapshot.1_0
2023-01-03 10:07:46,627 [2c63000f-a9ba-4116-8021-1fc7d553c7a4-impl-thread2] INFO  server.RaftServer$Division (RaftServerImpl.java:lambda$close$4(458)) - 2c63000f-a9ba-4116-8021-1fc7d553c7a4@group-69FE862D97A4: shutdown
2023-01-03 10:07:46,627 [2c63000f-a9ba-4116-8021-1fc7d553c7a4-impl-thread2] INFO  util.JmxRegister (JmxRegister.java:unregister(73)) - Successfully un-registered JMX Bean with object name Ratis:service=RaftServer,group=group-69FE862D97A4,id=2c63000f-a9ba-4116-8021-1fc7d553c7a4
2023-01-03 10:07:46,627 [2c63000f-a9ba-4116-8021-1fc7d553c7a4-impl-thread2] INFO  impl.RoleInfo (RoleInfo.java:shutdownLeaderState(93)) - 2c63000f-a9ba-4116-8021-1fc7d553c7a4: shutdown 2c63000f-a9ba-4116-8021-1fc7d553c7a4@group-69FE862D97A4-LeaderStateImpl
2023-01-03 10:07:46,627 [2c63000f-a9ba-4116-8021-1fc7d553c7a4-impl-thread2] INFO  impl.PendingRequests (PendingRequests.java:sendNotLeaderResponses(282)) - 2c63000f-a9ba-4116-8021-1fc7d553c7a4@group-69FE862D97A4-PendingRequests: sendNotLeaderResponses
2023-01-03 10:07:46,627 [2c63000f-a9ba-4116-8021-1fc7d553c7a4-impl-thread2] INFO  impl.StateMachineUpdater (StateMachineUpdater.java:stopAndJoin(153)) - 2c63000f-a9ba-4116-8021-1fc7d553c7a4@group-69FE862D97A4-StateMachineUpdater: set stopIndex = 0
2023-01-03 10:07:46,627 [2c63000f-a9ba-4116-8021-1fc7d553c7a4@group-69FE862D97A4-StateMachineUpdater] INFO  ratis.ContainerStateMachine (ContainerStateMachine.java:takeSnapshot(308)) - group-69FE862D97A4: Taking a snapshot at:(t:1, i:0) file /home/runner/work/ozone/ozone/hadoop-ozone/integration-test/target/test-dir/MiniOzoneClusterImpl-9af64d9f-ce66-432d-b755-d0db545afb98/datanode-2/data/ratis/a2b58b80-0665-40e7-a28b-69fe862d97a4/sm/snapshot.1_0
2023-01-03 10:07:46,630 [2c63000f-a9ba-4116-8021-1fc7d553c7a4@group-581C63CE7A5F->ad81db47-82b5-4afb-987d-b3e16962a519-GrpcLogAppender-LogAppenderDaemon] WARN  server.GrpcLogAppender (GrpcLogAppender.java:mayWait(200)) - 2c63000f-a9ba-4116-8021-1fc7d553c7a4@group-581C63CE7A5F->ad81db47-82b5-4afb-987d-b3e16962a519-GrpcLogAppender: Wait interrupted by java.lang.InterruptedException
2023-01-03 10:07:46,630 [ad81db47-82b5-4afb-987d-b3e16962a519-impl-thread2] INFO  server.RaftServer$Division (RaftServerImpl.java:lambda$close$4(458)) - ad81db47-82b5-4afb-987d-b3e16962a519@group-581C63CE7A5F: shutdown
2023-01-03 10:07:46,630 [ad81db47-82b5-4afb-987d-b3e16962a519-impl-thread2] INFO  util.JmxRegister (JmxRegister.java:unregister(73)) - Successfully un-registered JMX Bean with object name Ratis:service=RaftServer,group=group-581C63CE7A5F,id=ad81db47-82b5-4afb-987d-b3e16962a519
2023-01-03 10:07:46,630 [ad81db47-82b5-4afb-987d-b3e16962a519-impl-thread2] INFO  impl.RoleInfo (RoleInfo.java:shutdownFollowerState(110)) - ad81db47-82b5-4afb-987d-b3e16962a519: shutdown ad81db47-82b5-4afb-987d-b3e16962a519@group-581C63CE7A5F-FollowerState
2023-01-03 10:07:46,630 [ForkJoinPool.commonPool-worker-0] INFO  server.GrpcService (GrpcService.java:closeImpl(271)) - ad81db47-82b5-4afb-987d-b3e16962a519: shutdown server GrpcServerProtocolService now
2023-01-03 10:07:46,630 [grpc-default-executor-6] INFO  server.GrpcServerProtocolService (GrpcServerProtocolService.java:onCompleted(143)) - ad81db47-82b5-4afb-987d-b3e16962a519: Completed APPEND_ENTRIES, lastRequest: 2c63000f-a9ba-4116-8021-1fc7d553c7a4->ad81db47-82b5-4afb-987d-b3e16962a519#11-t2,previous=(t:2, i:2),leaderCommit=2,initializing? true,entries: size=1, first=(t:2, i:3), METADATAENTRY(c:2)
2023-01-03 10:07:46,631 [grpc-default-executor-1] INFO  server.GrpcServerProtocolService (GrpcServerProtocolService.java:onCompleted(143)) - ad81db47-82b5-4afb-987d-b3e16962a519: Completed APPEND_ENTRIES, lastRequest: null
2023-01-03 10:07:46,631 [Listener at 127.0.0.1/46801] INFO  server.GrpcService (GrpcService.java:closeImpl(271)) - 2c63000f-a9ba-4116-8021-1fc7d553c7a4: shutdown server GrpcServerProtocolService now
2023-01-03 10:07:46,631 [ad81db47-82b5-4afb-987d-b3e16962a519-impl-thread3] INFO  server.RaftServer$Division (RaftServerImpl.java:lambda$close$4(458)) - ad81db47-82b5-4afb-987d-b3e16962a519@group-86BF502ABEED: shutdown
2023-01-03 10:07:46,631 [ad81db47-82b5-4afb-987d-b3e16962a519-impl-thread3] INFO  util.JmxRegister (JmxRegister.java:unregister(73)) - Successfully un-registered JMX Bean with object name Ratis:service=RaftServer,group=group-86BF502ABEED,id=ad81db47-82b5-4afb-987d-b3e16962a519
2023-01-03 10:07:46,631 [ad81db47-82b5-4afb-987d-b3e16962a519-impl-thread3] INFO  impl.RoleInfo (RoleInfo.java:shutdownLeaderState(93)) - ad81db47-82b5-4afb-987d-b3e16962a519: shutdown ad81db47-82b5-4afb-987d-b3e16962a519@group-86BF502ABEED-LeaderStateImpl
2023-01-03 10:07:46,631 [grpc-default-executor-5] WARN  server.GrpcClientProtocolService (LogUtils.java:warn(122)) - 1-UnorderedRequestStreamObserver1: onError: org.apache.ratis.thirdparty.io.grpc.StatusRuntimeException: CANCELLED: client cancelled
2023-01-03 10:07:46,632 [ad81db47-82b5-4afb-987d-b3e16962a519@group-86BF502ABEED->2c63000f-a9ba-4116-8021-1fc7d553c7a4-GrpcLogAppender-LogAppenderDaemon] WARN  server.GrpcLogAppender (GrpcLogAppender.java:mayWait(200)) - ad81db47-82b5-4afb-987d-b3e16962a519@group-86BF502ABEED->2c63000f-a9ba-4116-8021-1fc7d553c7a4-GrpcLogAppender: Wait interrupted by java.lang.InterruptedException
2023-01-03 10:07:46,632 [ad81db47-82b5-4afb-987d-b3e16962a519-impl-thread3] INFO  impl.PendingRequests (PendingRequests.java:sendNotLeaderResponses(282)) - ad81db47-82b5-4afb-987d-b3e16962a519@group-86BF502ABEED-PendingRequests: sendNotLeaderResponses
2023-01-03 10:07:46,632 [ad81db47-82b5-4afb-987d-b3e16962a519@group-86BF502ABEED->5c8f94db-7806-4776-a4fa-2f4c620ca121-GrpcLogAppender-LogAppenderDaemon] WARN  server.GrpcLogAppender (GrpcLogAppender.java:mayWait(200)) - ad81db47-82b5-4afb-987d-b3e16962a519@group-86BF502ABEED->5c8f94db-7806-4776-a4fa-2f4c620ca121-GrpcLogAppender: Wait interrupted by java.lang.InterruptedException
2023-01-03 10:07:46,632 [grpc-default-executor-6] WARN  server.GrpcClientProtocolService (LogUtils.java:warn(122)) - 0-OrderedRequestStreamObserver0: onError: org.apache.ratis.thirdparty.io.grpc.StatusRuntimeException: CANCELLED: client cancelled
2023-01-03 10:07:46,633 [grpc-default-executor-2] INFO  server.GrpcLogAppender (GrpcLogAppender.java:onError(404)) - 2c63000f-a9ba-4116-8021-1fc7d553c7a4@group-581C63CE7A5F->ad81db47-82b5-4afb-987d-b3e16962a519-GrpcLogAppender is already stopped
2023-01-03 10:07:46,633 [grpc-default-executor-2] INFO  server.GrpcServerProtocolService (GrpcServerProtocolService.java:onCompleted(143)) - 5c8f94db-7806-4776-a4fa-2f4c620ca121: Completed APPEND_ENTRIES, lastRequest: null
2023-01-03 10:07:46,635 [grpc-default-executor-8] INFO  server.GrpcLogAppender (GrpcLogAppender.java:onCompleted(415)) - 2c63000f-a9ba-4116-8021-1fc7d553c7a4@group-581C63CE7A5F->ad81db47-82b5-4afb-987d-b3e16962a519-AppendLogResponseHandler: follower responses appendEntries COMPLETED
2023-01-03 10:07:46,635 [grpc-default-executor-8] INFO  leader.FollowerInfo (FollowerInfoImpl.java:lambda$new$0(48)) - 2c63000f-a9ba-4116-8021-1fc7d553c7a4@group-581C63CE7A5F->ad81db47-82b5-4afb-987d-b3e16962a519: nextIndex: updateUnconditionally 4 -> 3
2023-01-03 10:07:46,636 [grpc-default-executor-8] INFO  server.GrpcServerProtocolService (GrpcServerProtocolService.java:onCompleted(143)) - 2c63000f-a9ba-4116-8021-1fc7d553c7a4: Completed APPEND_ENTRIES, lastRequest: ad81db47-82b5-4afb-987d-b3e16962a519->2c63000f-a9ba-4116-8021-1fc7d553c7a4#71-t1,previous=(t:1, i:23),leaderCommit=22,initializing? true,entries: size=1, first=(t:1, i:24), METADATAENTRY(c:22)
2023-01-03 10:07:46,636 [ad81db47-82b5-4afb-987d-b3e16962a519@group-E3CC6E4D9FA3-StateMachineUpdater] INFO  ratis.ContainerStateMachine (ContainerStateMachine.java:takeSnapshot(319)) - group-E3CC6E4D9FA3: Finished taking a snapshot at:(t:1, i:0) file:/home/runner/work/ozone/ozone/hadoop-ozone/integration-test/target/test-dir/MiniOzoneClusterImpl-9af64d9f-ce66-432d-b755-d0db545afb98/datanode-1/data/ratis/46826f56-f6be-4212-a21b-e3cc6e4d9fa3/sm/snapshot.1_0 took: 9 ms
2023-01-03 10:07:46,636 [2c63000f-a9ba-4116-8021-1fc7d553c7a4-impl-thread3] INFO  server.RaftServer$Division (RaftServerImpl.java:lambda$close$4(458)) - 2c63000f-a9ba-4116-8021-1fc7d553c7a4@group-86BF502ABEED: shutdown
2023-01-03 10:07:46,636 [2c63000f-a9ba-4116-8021-1fc7d553c7a4-impl-thread3] INFO  util.JmxRegister (JmxRegister.java:unregister(73)) - Successfully un-registered JMX Bean with object name Ratis:service=RaftServer,group=group-86BF502ABEED,id=2c63000f-a9ba-4116-8021-1fc7d553c7a4
2023-01-03 10:07:46,636 [ad81db47-82b5-4afb-987d-b3e16962a519@group-E3CC6E4D9FA3-StateMachineUpdater] INFO  impl.StateMachineUpdater (StateMachineUpdater.java:takeSnapshot(287)) - ad81db47-82b5-4afb-987d-b3e16962a519@group-E3CC6E4D9FA3-StateMachineUpdater: Took a snapshot at index 0
2023-01-03 10:07:46,636 [2c63000f-a9ba-4116-8021-1fc7d553c7a4-impl-thread3] INFO  impl.RoleInfo (RoleInfo.java:shutdownFollowerState(110)) - 2c63000f-a9ba-4116-8021-1fc7d553c7a4: shutdown 2c63000f-a9ba-4116-8021-1fc7d553c7a4@group-86BF502ABEED-FollowerState
2023-01-03 10:07:46,636 [ad81db47-82b5-4afb-987d-b3e16962a519@group-E3CC6E4D9FA3-StateMachineUpdater] INFO  impl.StateMachineUpdater (StateMachineUpdater.java:lambda$new$0(92)) - ad81db47-82b5-4afb-987d-b3e16962a519@group-E3CC6E4D9FA3-StateMachineUpdater: snapshotIndex: updateIncreasingly -1 -> 0
2023-01-03 10:07:46,636 [2c63000f-a9ba-4116-8021-1fc7d553c7a4@group-86BF502ABEED-FollowerState] INFO  impl.FollowerState (FollowerState.java:run(152)) - 2c63000f-a9ba-4116-8021-1fc7d553c7a4@group-86BF502ABEED-FollowerState was interrupted
2023-01-03 10:07:46,636 [2c63000f-a9ba-4116-8021-1fc7d553c7a4-impl-thread3] INFO  impl.StateMachineUpdater (StateMachineUpdater.java:stopAndJoin(153)) - 2c63000f-a9ba-4116-8021-1fc7d553c7a4@group-86BF502ABEED-StateMachineUpdater: set stopIndex = 24
2023-01-03 10:07:46,636 [ad81db47-82b5-4afb-987d-b3e16962a519-impl-thread1] INFO  server.RaftServer$Division (ServerState.java:close(466)) - ad81db47-82b5-4afb-987d-b3e16962a519@group-E3CC6E4D9FA3: closes. applyIndex: 0
2023-01-03 10:07:46,636 [grpc-default-executor-7] INFO  server.GrpcServerProtocolService (GrpcServerProtocolService.java:onCompleted(143)) - 2c63000f-a9ba-4116-8021-1fc7d553c7a4: Completed APPEND_ENTRIES, lastRequest: null
2023-01-03 10:07:46,636 [2c63000f-a9ba-4116-8021-1fc7d553c7a4@group-86BF502ABEED-StateMachineUpdater] INFO  ratis.ContainerStateMachine (ContainerStateMachine.java:takeSnapshot(308)) - group-86BF502ABEED: Taking a snapshot at:(t:1, i:24) file /home/runner/work/ozone/ozone/hadoop-ozone/integration-test/target/test-dir/MiniOzoneClusterImpl-9af64d9f-ce66-432d-b755-d0db545afb98/datanode-2/data/ratis/9b2fb099-69d4-424e-a0cb-86bf502abeed/sm/snapshot.1_24
2023-01-03 10:07:46,640 [ad81db47-82b5-4afb-987d-b3e16962a519@group-E3CC6E4D9FA3-SegmentedRaftLogWorker] INFO  segmented.SegmentedRaftLogWorker (SegmentedRaftLogWorker.java:run(347)) - ad81db47-82b5-4afb-987d-b3e16962a519@group-E3CC6E4D9FA3-SegmentedRaftLogWorker was interrupted, exiting. There are 0 tasks remaining in the queue.
2023-01-03 10:07:46,640 [ad81db47-82b5-4afb-987d-b3e16962a519-impl-thread2] INFO  impl.StateMachineUpdater (StateMachineUpdater.java:stopAndJoin(153)) - ad81db47-82b5-4afb-987d-b3e16962a519@group-581C63CE7A5F-StateMachineUpdater: set stopIndex = 3
2023-01-03 10:07:46,640 [ad81db47-82b5-4afb-987d-b3e16962a519@group-581C63CE7A5F-FollowerState] INFO  impl.FollowerState (FollowerState.java:run(152)) - ad81db47-82b5-4afb-987d-b3e16962a519@group-581C63CE7A5F-FollowerState was interrupted
2023-01-03 10:07:46,640 [2c63000f-a9ba-4116-8021-1fc7d553c7a4@group-86BF502ABEED-StateMachineUpdater] INFO  ratis.ContainerStateMachine (ContainerStateMachine.java:takeSnapshot(319)) - group-86BF502ABEED: Finished taking a snapshot at:(t:1, i:24) file:/home/runner/work/ozone/ozone/hadoop-ozone/integration-test/target/test-dir/MiniOzoneClusterImpl-9af64d9f-ce66-432d-b755-d0db545afb98/datanode-2/data/ratis/9b2fb099-69d4-424e-a0cb-86bf502abeed/sm/snapshot.1_24 took: 4 ms
2023-01-03 10:07:46,641 [ad81db47-82b5-4afb-987d-b3e16962a519@group-581C63CE7A5F-StateMachineUpdater] INFO  ratis.ContainerStateMachine (ContainerStateMachine.java:takeSnapshot(308)) - group-581C63CE7A5F: Taking a snapshot at:(t:2, i:3) file /home/runner/work/ozone/ozone/hadoop-ozone/integration-test/target/test-dir/MiniOzoneClusterImpl-9af64d9f-ce66-432d-b755-d0db545afb98/datanode-1/data/ratis/45523f61-354c-4a86-9b7d-581c63ce7a5f/sm/snapshot.2_3
2023-01-03 10:07:46,641 [2c63000f-a9ba-4116-8021-1fc7d553c7a4@group-86BF502ABEED-StateMachineUpdater] INFO  impl.StateMachineUpdater (StateMachineUpdater.java:takeSnapshot(287)) - 2c63000f-a9ba-4116-8021-1fc7d553c7a4@group-86BF502ABEED-StateMachineUpdater: Took a snapshot at index 24
2023-01-03 10:07:46,641 [2c63000f-a9ba-4116-8021-1fc7d553c7a4@group-86BF502ABEED-StateMachineUpdater] INFO  impl.StateMachineUpdater (StateMachineUpdater.java:lambda$new$0(92)) - 2c63000f-a9ba-4116-8021-1fc7d553c7a4@group-86BF502ABEED-StateMachineUpdater: snapshotIndex: updateIncreasingly -1 -> 24
2023-01-03 10:07:46,641 [2c63000f-a9ba-4116-8021-1fc7d553c7a4@group-69FE862D97A4-StateMachineUpdater] INFO  ratis.ContainerStateMachine (ContainerStateMachine.java:takeSnapshot(319)) - group-69FE862D97A4: Finished taking a snapshot at:(t:1, i:0) file:/home/runner/work/ozone/ozone/hadoop-ozone/integration-test/target/test-dir/MiniOzoneClusterImpl-9af64d9f-ce66-432d-b755-d0db545afb98/datanode-2/data/ratis/a2b58b80-0665-40e7-a28b-69fe862d97a4/sm/snapshot.1_0 took: 14 ms
2023-01-03 10:07:46,641 [grpc-default-executor-9] INFO  server.GrpcServerProtocolService (GrpcServerProtocolService.java:onCompleted(143)) - 5c8f94db-7806-4776-a4fa-2f4c620ca121: Completed APPEND_ENTRIES, lastRequest: 2c63000f-a9ba-4116-8021-1fc7d553c7a4->5c8f94db-7806-4776-a4fa-2f4c620ca121#11-t2,previous=(t:2, i:2),leaderCommit=2,initializing? true,entries: size=1, first=(t:2, i:3), METADATAENTRY(c:2)
2023-01-03 10:07:46,641 [2c63000f-a9ba-4116-8021-1fc7d553c7a4@group-69FE862D97A4-StateMachineUpdater] INFO  impl.StateMachineUpdater (StateMachineUpdater.java:takeSnapshot(287)) - 2c63000f-a9ba-4116-8021-1fc7d553c7a4@group-69FE862D97A4-StateMachineUpdater: Took a snapshot at index 0
2023-01-03 10:07:46,641 [2c63000f-a9ba-4116-8021-1fc7d553c7a4@group-69FE862D97A4-StateMachineUpdater] INFO  impl.StateMachineUpdater (StateMachineUpdater.java:lambda$new$0(92)) - 2c63000f-a9ba-4116-8021-1fc7d553c7a4@group-69FE862D97A4-StateMachineUpdater: snapshotIndex: updateIncreasingly -1 -> 0
2023-01-03 10:07:46,641 [ad81db47-82b5-4afb-987d-b3e16962a519@group-581C63CE7A5F-StateMachineUpdater] INFO  ratis.ContainerStateMachine (ContainerStateMachine.java:takeSnapshot(319)) - group-581C63CE7A5F: Finished taking a snapshot at:(t:2, i:3) file:/home/runner/work/ozone/ozone/hadoop-ozone/integration-test/target/test-dir/MiniOzoneClusterImpl-9af64d9f-ce66-432d-b755-d0db545afb98/datanode-1/data/ratis/45523f61-354c-4a86-9b7d-581c63ce7a5f/sm/snapshot.2_3 took: 1 ms
2023-01-03 10:07:46,641 [ad81db47-82b5-4afb-987d-b3e16962a519@group-581C63CE7A5F-StateMachineUpdater] INFO  impl.StateMachineUpdater (StateMachineUpdater.java:takeSnapshot(287)) - ad81db47-82b5-4afb-987d-b3e16962a519@group-581C63CE7A5F-StateMachineUpdater: Took a snapshot at index 3
2023-01-03 10:07:46,641 [ad81db47-82b5-4afb-987d-b3e16962a519@group-581C63CE7A5F-StateMachineUpdater] INFO  impl.StateMachineUpdater (StateMachineUpdater.java:lambda$new$0(92)) - ad81db47-82b5-4afb-987d-b3e16962a519@group-581C63CE7A5F-StateMachineUpdater: snapshotIndex: updateIncreasingly -1 -> 3
2023-01-03 10:07:46,642 [2c63000f-a9ba-4116-8021-1fc7d553c7a4-impl-thread2] INFO  server.RaftServer$Division (ServerState.java:close(466)) - 2c63000f-a9ba-4116-8021-1fc7d553c7a4@group-69FE862D97A4: closes. applyIndex: 0
2023-01-03 10:07:46,645 [2c63000f-a9ba-4116-8021-1fc7d553c7a4-impl-thread1] INFO  impl.PendingRequests (PendingRequests.java:sendNotLeaderResponses(282)) - 2c63000f-a9ba-4116-8021-1fc7d553c7a4@group-581C63CE7A5F-PendingRequests: sendNotLeaderResponses
2023-01-03 10:07:46,645 [ForkJoinPool.commonPool-worker-0] INFO  server.GrpcServerProtocolClient (GrpcServerProtocolClient.java:close(101)) - 2c63000f-a9ba-4116-8021-1fc7d553c7a4 Close channels
2023-01-03 10:07:46,646 [2c63000f-a9ba-4116-8021-1fc7d553c7a4@group-69FE862D97A4-SegmentedRaftLogWorker] INFO  segmented.SegmentedRaftLogWorker (SegmentedRaftLogWorker.java:run(347)) - 2c63000f-a9ba-4116-8021-1fc7d553c7a4@group-69FE862D97A4-SegmentedRaftLogWorker was interrupted, exiting. There are 0 tasks remaining in the queue.
2023-01-03 10:07:46,647 [grpc-default-executor-10] INFO  server.GrpcServerProtocolService (GrpcServerProtocolService.java:onCompleted(143)) - 5c8f94db-7806-4776-a4fa-2f4c620ca121: Completed APPEND_ENTRIES, lastRequest: ad81db47-82b5-4afb-987d-b3e16962a519->5c8f94db-7806-4776-a4fa-2f4c620ca121#74-t1,previous=(t:1, i:23),leaderCommit=22,initializing? true,entries: size=1, first=(t:1, i:24), METADATAENTRY(c:22)
2023-01-03 10:07:46,647 [grpc-default-executor-11] INFO  server.GrpcLogAppender (GrpcLogAppender.java:onCompleted(415)) - ad81db47-82b5-4afb-987d-b3e16962a519@group-86BF502ABEED->2c63000f-a9ba-4116-8021-1fc7d553c7a4-AppendLogResponseHandler: follower responses appendEntries COMPLETED
2023-01-03 10:07:46,647 [grpc-default-executor-11] WARN  server.GrpcLogAppender (GrpcLogAppender.java:resetClient(137)) - ad81db47-82b5-4afb-987d-b3e16962a519@group-86BF502ABEED->2c63000f-a9ba-4116-8021-1fc7d553c7a4-GrpcLogAppender: Failed to getClient for 2c63000f-a9ba-4116-8021-1fc7d553c7a4
org.apache.ratis.protocol.exceptions.AlreadyClosedException: ad81db47-82b5-4afb-987d-b3e16962a519 is already CLOSED
	at org.apache.ratis.util.PeerProxyMap$PeerAndProxy.getProxy(PeerProxyMap.java:61)
	at org.apache.ratis.util.PeerProxyMap.getProxy(PeerProxyMap.java:115)
	at org.apache.ratis.grpc.server.GrpcLogAppender.getClient(GrpcLogAppender.java:116)
	at org.apache.ratis.grpc.server.GrpcLogAppender.resetClient(GrpcLogAppender.java:121)
	at org.apache.ratis.grpc.server.GrpcLogAppender.access$500(GrpcLogAppender.java:58)
	at org.apache.ratis.grpc.server.GrpcLogAppender$AppendLogResponseHandler.onCompleted(GrpcLogAppender.java:416)
	at org.apache.ratis.thirdparty.io.grpc.stub.ClientCalls$StreamObserverToCallListenerAdapter.onClose(ClientCalls.java:485)
	at org.apache.ratis.thirdparty.io.grpc.internal.ClientCallImpl.closeObserver(ClientCallImpl.java:562)
	at org.apache.ratis.thirdparty.io.grpc.internal.ClientCallImpl.access$300(ClientCallImpl.java:70)
	at org.apache.ratis.thirdparty.io.grpc.internal.ClientCallImpl$ClientStreamListenerImpl$1StreamClosed.runInternal(ClientCallImpl.java:743)
	at org.apache.ratis.thirdparty.io.grpc.internal.ClientCallImpl$ClientStreamListenerImpl$1StreamClosed.runInContext(ClientCallImpl.java:722)
	at org.apache.ratis.thirdparty.io.grpc.internal.ContextRunnable.run(ContextRunnable.java:37)
	at org.apache.ratis.thirdparty.io.grpc.internal.SerializingExecutor.run(SerializingExecutor.java:133)
	at java.util.concurrent.ThreadPoolExecutor.runWorker(ThreadPoolExecutor.java:1149)
	at java.util.concurrent.ThreadPoolExecutor$Worker.run(ThreadPoolExecutor.java:624)
	at java.lang.Thread.run(Thread.java:750)
2023-01-03 10:07:46,648 [grpc-default-executor-12] INFO  server.GrpcLogAppender (GrpcLogAppender.java:onCompleted(415)) - 2c63000f-a9ba-4116-8021-1fc7d553c7a4@group-581C63CE7A5F->5c8f94db-7806-4776-a4fa-2f4c620ca121-AppendLogResponseHandler: follower responses appendEntries COMPLETED
2023-01-03 10:07:46,650 [grpc-default-executor-12] INFO  leader.FollowerInfo (FollowerInfoImpl.java:lambda$new$0(48)) - 2c63000f-a9ba-4116-8021-1fc7d553c7a4@group-581C63CE7A5F->5c8f94db-7806-4776-a4fa-2f4c620ca121: nextIndex: updateUnconditionally 4 -> 3
2023-01-03 10:07:46,650 [grpc-default-executor-13] INFO  server.GrpcLogAppender (GrpcLogAppender.java:onCompleted(415)) - ad81db47-82b5-4afb-987d-b3e16962a519@group-86BF502ABEED->5c8f94db-7806-4776-a4fa-2f4c620ca121-AppendLogResponseHandler: follower responses appendEntries COMPLETED
2023-01-03 10:07:46,649 [grpc-default-executor-11] INFO  server.GrpcLogAppender (GrpcLogAppender.java:onCompleted(415)) - ad81db47-82b5-4afb-987d-b3e16962a519@group-86BF502ABEED->2c63000f-a9ba-4116-8021-1fc7d553c7a4-AppendLogResponseHandler: follower responses appendEntries COMPLETED
2023-01-03 10:07:46,651 [ad81db47-82b5-4afb-987d-b3e16962a519-impl-thread1] INFO  segmented.SegmentedRaftLogWorker (SegmentedRaftLogWorker.java:close(257)) - ad81db47-82b5-4afb-987d-b3e16962a519@group-E3CC6E4D9FA3-SegmentedRaftLogWorker close()
2023-01-03 10:07:46,651 [grpc-default-executor-13] INFO  leader.FollowerInfo (FollowerInfoImpl.java:lambda$new$0(48)) - ad81db47-82b5-4afb-987d-b3e16962a519@group-86BF502ABEED->5c8f94db-7806-4776-a4fa-2f4c620ca121: nextIndex: updateUnconditionally 25 -> 24
2023-01-03 10:07:46,649 [grpc-default-executor-7] INFO  server.GrpcLogAppender (GrpcLogAppender.java:onCompleted(415)) - 2c63000f-a9ba-4116-8021-1fc7d553c7a4@group-581C63CE7A5F->5c8f94db-7806-4776-a4fa-2f4c620ca121-AppendLogResponseHandler: follower responses appendEntries COMPLETED
2023-01-03 10:07:46,651 [grpc-default-executor-7] INFO  leader.FollowerInfo (FollowerInfoImpl.java:lambda$new$0(48)) - 2c63000f-a9ba-4116-8021-1fc7d553c7a4@group-581C63CE7A5F->5c8f94db-7806-4776-a4fa-2f4c620ca121: nextIndex: updateUnconditionally 3 -> 2
2023-01-03 10:07:46,649 [grpc-default-executor-8] INFO  server.GrpcServerProtocolService (GrpcServerProtocolService.java:onCompleted(143)) - 5c8f94db-7806-4776-a4fa-2f4c620ca121: Completed APPEND_ENTRIES, lastRequest: null
2023-01-03 10:07:46,651 [grpc-default-executor-11] WARN  server.GrpcLogAppender (GrpcLogAppender.java:resetClient(137)) - ad81db47-82b5-4afb-987d-b3e16962a519@group-86BF502ABEED->2c63000f-a9ba-4116-8021-1fc7d553c7a4-GrpcLogAppender: Failed to getClient for 2c63000f-a9ba-4116-8021-1fc7d553c7a4
org.apache.ratis.protocol.exceptions.AlreadyClosedException: ad81db47-82b5-4afb-987d-b3e16962a519 is already CLOSED
	at org.apache.ratis.util.PeerProxyMap$PeerAndProxy.getProxy(PeerProxyMap.java:61)
	at org.apache.ratis.util.PeerProxyMap.getProxy(PeerProxyMap.java:115)
	at org.apache.ratis.grpc.server.GrpcLogAppender.getClient(GrpcLogAppender.java:116)
	at org.apache.ratis.grpc.server.GrpcLogAppender.resetClient(GrpcLogAppender.java:121)
	at org.apache.ratis.grpc.server.GrpcLogAppender.access$500(GrpcLogAppender.java:58)
	at org.apache.ratis.grpc.server.GrpcLogAppender$AppendLogResponseHandler.onCompleted(GrpcLogAppender.java:416)
	at org.apache.ratis.thirdparty.io.grpc.stub.ClientCalls$StreamObserverToCallListenerAdapter.onClose(ClientCalls.java:485)
	at org.apache.ratis.thirdparty.io.grpc.internal.DelayedClientCall$DelayedListener$3.run(DelayedClientCall.java:468)
	at org.apache.ratis.thirdparty.io.grpc.internal.DelayedClientCall$DelayedListener.delayOrExecute(DelayedClientCall.java:432)
	at org.apache.ratis.thirdparty.io.grpc.internal.DelayedClientCall$DelayedListener.onClose(DelayedClientCall.java:465)
	at org.apache.ratis.thirdparty.io.grpc.internal.ClientCallImpl.closeObserver(ClientCallImpl.java:562)
	at org.apache.ratis.thirdparty.io.grpc.internal.ClientCallImpl.access$300(ClientCallImpl.java:70)
	at org.apache.ratis.thirdparty.io.grpc.internal.ClientCallImpl$ClientStreamListenerImpl$1StreamClosed.runInternal(ClientCallImpl.java:743)
	at org.apache.ratis.thirdparty.io.grpc.internal.ClientCallImpl$ClientStreamListenerImpl$1StreamClosed.runInContext(ClientCallImpl.java:722)
	at org.apache.ratis.thirdparty.io.grpc.internal.ContextRunnable.run(ContextRunnable.java:37)
	at org.apache.ratis.thirdparty.io.grpc.internal.SerializingExecutor.run(SerializingExecutor.java:133)
	at java.util.concurrent.ThreadPoolExecutor.runWorker(ThreadPoolExecutor.java:1149)
	at java.util.concurrent.ThreadPoolExecutor$Worker.run(ThreadPoolExecutor.java:624)
	at java.lang.Thread.run(Thread.java:750)
2023-01-03 10:07:46,657 [grpc-default-executor-7] WARN  server.GrpcClientProtocolService (LogUtils.java:warn(122)) - 0-OrderedRequestStreamObserver0: onError: org.apache.ratis.thirdparty.io.grpc.StatusRuntimeException: CANCELLED: client cancelled
2023-01-03 10:07:46,651 [ad81db47-82b5-4afb-987d-b3e16962a519-impl-thread2] INFO  server.RaftServer$Division (ServerState.java:close(466)) - ad81db47-82b5-4afb-987d-b3e16962a519@group-581C63CE7A5F: closes. applyIndex: 3
2023-01-03 10:07:46,651 [2c63000f-a9ba-4116-8021-1fc7d553c7a4-impl-thread3] INFO  server.RaftServer$Division (ServerState.java:close(466)) - 2c63000f-a9ba-4116-8021-1fc7d553c7a4@group-86BF502ABEED: closes. applyIndex: 24
2023-01-03 10:07:46,658 [ad81db47-82b5-4afb-987d-b3e16962a519@group-581C63CE7A5F-SegmentedRaftLogWorker] INFO  segmented.SegmentedRaftLogWorker (SegmentedRaftLogWorker.java:run(347)) - ad81db47-82b5-4afb-987d-b3e16962a519@group-581C63CE7A5F-SegmentedRaftLogWorker was interrupted, exiting. There are 0 tasks remaining in the queue.
2023-01-03 10:07:46,658 [2c63000f-a9ba-4116-8021-1fc7d553c7a4@group-86BF502ABEED-SegmentedRaftLogWorker] INFO  segmented.SegmentedRaftLogWorker (SegmentedRaftLogWorker.java:run(347)) - 2c63000f-a9ba-4116-8021-1fc7d553c7a4@group-86BF502ABEED-SegmentedRaftLogWorker was interrupted, exiting. There are 0 tasks remaining in the queue.
2023-01-03 10:07:46,654 [2c63000f-a9ba-4116-8021-1fc7d553c7a4-impl-thread2] INFO  segmented.SegmentedRaftLogWorker (SegmentedRaftLogWorker.java:close(257)) - 2c63000f-a9ba-4116-8021-1fc7d553c7a4@group-69FE862D97A4-SegmentedRaftLogWorker close()
2023-01-03 10:07:46,654 [Listener at 127.0.0.1/46801] INFO  server.GrpcServerProtocolClient (GrpcServerProtocolClient.java:close(101)) - ad81db47-82b5-4afb-987d-b3e16962a519 Close channels
2023-01-03 10:07:46,658 [ad81db47-82b5-4afb-987d-b3e16962a519@group-86BF502ABEED-StateMachineUpdater] INFO  ratis.ContainerStateMachine (ContainerStateMachine.java:takeSnapshot(308)) - group-86BF502ABEED: Taking a snapshot at:(t:1, i:24) file /home/runner/work/ozone/ozone/hadoop-ozone/integration-test/target/test-dir/MiniOzoneClusterImpl-9af64d9f-ce66-432d-b755-d0db545afb98/datanode-1/data/ratis/9b2fb099-69d4-424e-a0cb-86bf502abeed/sm/snapshot.1_24
2023-01-03 10:07:46,658 [ad81db47-82b5-4afb-987d-b3e16962a519-impl-thread3] INFO  impl.StateMachineUpdater (StateMachineUpdater.java:stopAndJoin(153)) - ad81db47-82b5-4afb-987d-b3e16962a519@group-86BF502ABEED-StateMachineUpdater: set stopIndex = 24
2023-01-03 10:07:46,659 [ad81db47-82b5-4afb-987d-b3e16962a519@group-86BF502ABEED-StateMachineUpdater] INFO  ratis.ContainerStateMachine (ContainerStateMachine.java:takeSnapshot(319)) - group-86BF502ABEED: Finished taking a snapshot at:(t:1, i:24) file:/home/runner/work/ozone/ozone/hadoop-ozone/integration-test/target/test-dir/MiniOzoneClusterImpl-9af64d9f-ce66-432d-b755-d0db545afb98/datanode-1/data/ratis/9b2fb099-69d4-424e-a0cb-86bf502abeed/sm/snapshot.1_24 took: 1 ms
2023-01-03 10:07:46,659 [2c63000f-a9ba-4116-8021-1fc7d553c7a4-impl-thread3] INFO  segmented.SegmentedRaftLogWorker (SegmentedRaftLogWorker.java:close(257)) - 2c63000f-a9ba-4116-8021-1fc7d553c7a4@group-86BF502ABEED-SegmentedRaftLogWorker close()
2023-01-03 10:07:46,660 [grpc-default-executor-11] INFO  server.GrpcLogAppender (GrpcLogAppender.java:onCompleted(415)) - ad81db47-82b5-4afb-987d-b3e16962a519@group-86BF502ABEED->5c8f94db-7806-4776-a4fa-2f4c620ca121-AppendLogResponseHandler: follower responses appendEntries COMPLETED
2023-01-03 10:07:46,660 [grpc-default-executor-11] INFO  leader.FollowerInfo (FollowerInfoImpl.java:lambda$new$0(48)) - ad81db47-82b5-4afb-987d-b3e16962a519@group-86BF502ABEED->5c8f94db-7806-4776-a4fa-2f4c620ca121: nextIndex: updateUnconditionally 24 -> 23
2023-01-03 10:07:46,661 [ForkJoinPool.commonPool-worker-0] INFO  server.GrpcServerProtocolClient (GrpcServerProtocolClient.java:close(101)) - 5c8f94db-7806-4776-a4fa-2f4c620ca121 Close channels
2023-01-03 10:07:46,659 [ad81db47-82b5-4afb-987d-b3e16962a519@group-86BF502ABEED-StateMachineUpdater] INFO  impl.StateMachineUpdater (StateMachineUpdater.java:takeSnapshot(287)) - ad81db47-82b5-4afb-987d-b3e16962a519@group-86BF502ABEED-StateMachineUpdater: Took a snapshot at index 24
2023-01-03 10:07:46,662 [ad81db47-82b5-4afb-987d-b3e16962a519-impl-thread2] INFO  segmented.SegmentedRaftLogWorker (SegmentedRaftLogWorker.java:close(257)) - ad81db47-82b5-4afb-987d-b3e16962a519@group-581C63CE7A5F-SegmentedRaftLogWorker close()
2023-01-03 10:07:46,662 [ad81db47-82b5-4afb-987d-b3e16962a519@group-86BF502ABEED-StateMachineUpdater] INFO  impl.StateMachineUpdater (StateMachineUpdater.java:lambda$new$0(92)) - ad81db47-82b5-4afb-987d-b3e16962a519@group-86BF502ABEED-StateMachineUpdater: snapshotIndex: updateIncreasingly -1 -> 24
2023-01-03 10:07:46,663 [ad81db47-82b5-4afb-987d-b3e16962a519-impl-thread3] INFO  server.RaftServer$Division (ServerState.java:close(466)) - ad81db47-82b5-4afb-987d-b3e16962a519@group-86BF502ABEED: closes. applyIndex: 24
2023-01-03 10:07:46,663 [ad81db47-82b5-4afb-987d-b3e16962a519@group-86BF502ABEED-SegmentedRaftLogWorker] INFO  segmented.SegmentedRaftLogWorker (SegmentedRaftLogWorker.java:run(347)) - ad81db47-82b5-4afb-987d-b3e16962a519@group-86BF502ABEED-SegmentedRaftLogWorker was interrupted, exiting. There are 0 tasks remaining in the queue.
2023-01-03 10:07:46,667 [2c63000f-a9ba-4116-8021-1fc7d553c7a4-impl-thread1] INFO  impl.StateMachineUpdater (StateMachineUpdater.java:stopAndJoin(153)) - 2c63000f-a9ba-4116-8021-1fc7d553c7a4@group-581C63CE7A5F-StateMachineUpdater: set stopIndex = 3
2023-01-03 10:07:46,667 [Listener at 127.0.0.1/46801] INFO  server.GrpcServerProtocolClient (GrpcServerProtocolClient.java:close(101)) - 5c8f94db-7806-4776-a4fa-2f4c620ca121 Close channels
2023-01-03 10:07:46,667 [2c63000f-a9ba-4116-8021-1fc7d553c7a4@group-581C63CE7A5F-StateMachineUpdater] INFO  ratis.ContainerStateMachine (ContainerStateMachine.java:takeSnapshot(308)) - group-581C63CE7A5F: Taking a snapshot at:(t:2, i:3) file /home/runner/work/ozone/ozone/hadoop-ozone/integration-test/target/test-dir/MiniOzoneClusterImpl-9af64d9f-ce66-432d-b755-d0db545afb98/datanode-2/data/ratis/45523f61-354c-4a86-9b7d-581c63ce7a5f/sm/snapshot.2_3
2023-01-03 10:07:46,668 [ad81db47-82b5-4afb-987d-b3e16962a519-impl-thread3] INFO  segmented.SegmentedRaftLogWorker (SegmentedRaftLogWorker.java:close(257)) - ad81db47-82b5-4afb-987d-b3e16962a519@group-86BF502ABEED-SegmentedRaftLogWorker close()
2023-01-03 10:07:46,668 [2c63000f-a9ba-4116-8021-1fc7d553c7a4@group-581C63CE7A5F-StateMachineUpdater] INFO  ratis.ContainerStateMachine (ContainerStateMachine.java:takeSnapshot(319)) - group-581C63CE7A5F: Finished taking a snapshot at:(t:2, i:3) file:/home/runner/work/ozone/ozone/hadoop-ozone/integration-test/target/test-dir/MiniOzoneClusterImpl-9af64d9f-ce66-432d-b755-d0db545afb98/datanode-2/data/ratis/45523f61-354c-4a86-9b7d-581c63ce7a5f/sm/snapshot.2_3 took: 1 ms
2023-01-03 10:07:46,668 [2c63000f-a9ba-4116-8021-1fc7d553c7a4@group-581C63CE7A5F-StateMachineUpdater] INFO  impl.StateMachineUpdater (StateMachineUpdater.java:takeSnapshot(287)) - 2c63000f-a9ba-4116-8021-1fc7d553c7a4@group-581C63CE7A5F-StateMachineUpdater: Took a snapshot at index 3
2023-01-03 10:07:46,668 [2c63000f-a9ba-4116-8021-1fc7d553c7a4@group-581C63CE7A5F-StateMachineUpdater] INFO  impl.StateMachineUpdater (StateMachineUpdater.java:lambda$new$0(92)) - 2c63000f-a9ba-4116-8021-1fc7d553c7a4@group-581C63CE7A5F-StateMachineUpdater: snapshotIndex: updateIncreasingly -1 -> 3
2023-01-03 10:07:46,668 [2c63000f-a9ba-4116-8021-1fc7d553c7a4-impl-thread1] INFO  server.RaftServer$Division (ServerState.java:close(466)) - 2c63000f-a9ba-4116-8021-1fc7d553c7a4@group-581C63CE7A5F: closes. applyIndex: 3
2023-01-03 10:07:46,668 [2c63000f-a9ba-4116-8021-1fc7d553c7a4@group-581C63CE7A5F-SegmentedRaftLogWorker] INFO  segmented.SegmentedRaftLogWorker (SegmentedRaftLogWorker.java:run(347)) - 2c63000f-a9ba-4116-8021-1fc7d553c7a4@group-581C63CE7A5F-SegmentedRaftLogWorker was interrupted, exiting. There are 0 tasks remaining in the queue.
2023-01-03 10:07:46,670 [ForkJoinPool.commonPool-worker-0] INFO  server.GrpcService (GrpcService.java:closeImpl(280)) - ad81db47-82b5-4afb-987d-b3e16962a519: shutdown server GrpcServerProtocolService successfully
2023-01-03 10:07:46,671 [ad81db47-82b5-4afb-987d-b3e16962a519-NettyServerStreamRpc-bossGroup--thread1] INFO  logging.LoggingHandler (AbstractInternalLogger.java:log(148)) - [id: 0x5dde6ada, L:/0:0:0:0:0:0:0:0:39737] CLOSE
2023-01-03 10:07:46,671 [ad81db47-82b5-4afb-987d-b3e16962a519-NettyServerStreamRpc-bossGroup--thread1] INFO  logging.LoggingHandler (AbstractInternalLogger.java:log(148)) - [id: 0x5dde6ada, L:/0:0:0:0:0:0:0:0:39737] INACTIVE
2023-01-03 10:07:46,671 [ad81db47-82b5-4afb-987d-b3e16962a519-NettyServerStreamRpc-bossGroup--thread1] INFO  logging.LoggingHandler (AbstractInternalLogger.java:log(148)) - [id: 0x5dde6ada, L:/0:0:0:0:0:0:0:0:39737] UNREGISTERED
2023-01-03 10:07:46,673 [2c63000f-a9ba-4116-8021-1fc7d553c7a4-impl-thread1] INFO  segmented.SegmentedRaftLogWorker (SegmentedRaftLogWorker.java:close(257)) - 2c63000f-a9ba-4116-8021-1fc7d553c7a4@group-581C63CE7A5F-SegmentedRaftLogWorker close()
2023-01-03 10:07:46,678 [Listener at 127.0.0.1/46801] INFO  server.GrpcService (GrpcService.java:closeImpl(280)) - 2c63000f-a9ba-4116-8021-1fc7d553c7a4: shutdown server GrpcServerProtocolService successfully
2023-01-03 10:07:46,679 [JvmPauseMonitor7] INFO  util.JvmPauseMonitor (JvmPauseMonitor.java:run(111)) - JvmPauseMonitor-ad81db47-82b5-4afb-987d-b3e16962a519: Stopped
2023-01-03 10:07:46,679 [2c63000f-a9ba-4116-8021-1fc7d553c7a4-NettyServerStreamRpc-bossGroup--thread1] INFO  logging.LoggingHandler (AbstractInternalLogger.java:log(148)) - [id: 0xe4f043f8, L:/0:0:0:0:0:0:0:0:33143] CLOSE
2023-01-03 10:07:46,679 [2c63000f-a9ba-4116-8021-1fc7d553c7a4-NettyServerStreamRpc-bossGroup--thread1] INFO  logging.LoggingHandler (AbstractInternalLogger.java:log(148)) - [id: 0xe4f043f8, L:/0:0:0:0:0:0:0:0:33143] INACTIVE
2023-01-03 10:07:46,679 [2c63000f-a9ba-4116-8021-1fc7d553c7a4-NettyServerStreamRpc-bossGroup--thread1] INFO  logging.LoggingHandler (AbstractInternalLogger.java:log(148)) - [id: 0xe4f043f8, L:/0:0:0:0:0:0:0:0:33143] UNREGISTERED
2023-01-03 10:07:46,685 [JvmPauseMonitor8] INFO  util.JvmPauseMonitor (JvmPauseMonitor.java:run(111)) - JvmPauseMonitor-2c63000f-a9ba-4116-8021-1fc7d553c7a4: Stopped
2023-01-03 10:07:47,030 [EventQueue-CommandQueueReportForCommandQueueReportHandler] WARN  events.EventQueue (EventQueue.java:fireEvent(216)) - No event handler registered for event TypedEvent{payloadType=DatanodeDetails, name='Datanode_Command_Queue_Updated'}
2023-01-03 10:07:47,295 [EventQueue-CommandQueueReportForCommandQueueReportHandler] WARN  events.EventQueue (EventQueue.java:fireEvent(216)) - No event handler registered for event TypedEvent{payloadType=DatanodeDetails, name='Datanode_Command_Queue_Updated'}
2023-01-03 10:07:47,425 [EventQueue-CommandQueueReportForCommandQueueReportHandler] WARN  events.EventQueue (EventQueue.java:fireEvent(216)) - No event handler registered for event TypedEvent{payloadType=DatanodeDetails, name='Datanode_Command_Queue_Updated'}
2023-01-03 10:07:48,030 [EventQueue-CommandQueueReportForCommandQueueReportHandler] WARN  events.EventQueue (EventQueue.java:fireEvent(216)) - No event handler registered for event TypedEvent{payloadType=DatanodeDetails, name='Datanode_Command_Queue_Updated'}
2023-01-03 10:07:48,296 [EventQueue-CommandQueueReportForCommandQueueReportHandler] WARN  events.EventQueue (EventQueue.java:fireEvent(216)) - No event handler registered for event TypedEvent{payloadType=DatanodeDetails, name='Datanode_Command_Queue_Updated'}
2023-01-03 10:07:48,424 [EventQueue-CommandQueueReportForCommandQueueReportHandler] WARN  events.EventQueue (EventQueue.java:fireEvent(216)) - No event handler registered for event TypedEvent{payloadType=DatanodeDetails, name='Datanode_Command_Queue_Updated'}
2023-01-03 10:07:48,688 [Listener at 127.0.0.1/46801] INFO  volume.HddsVolume (HddsVolume.java:closeDbStore(338)) - SchemaV3 db is stopped at /home/runner/work/ozone/ozone/hadoop-ozone/integration-test/target/test-dir/MiniOzoneClusterImpl-9af64d9f-ce66-432d-b755-d0db545afb98/datanode-2/data-0/containers/hdds/9af64d9f-ce66-432d-b755-d0db545afb98/DS-3ce570fa-a82c-4788-a049-d51d0b526b52/container.db for volume DS-3ce570fa-a82c-4788-a049-d51d0b526b52
2023-01-03 10:07:48,690 [Listener at 127.0.0.1/46801] INFO  utils.BackgroundService (BackgroundService.java:shutdown(141)) - Shutting down service BlockDeletingService
2023-01-03 10:07:48,691 [Listener at 127.0.0.1/46801] INFO  utils.BackgroundService (BackgroundService.java:shutdown(141)) - Shutting down service StaleRecoveringContainerScrubbingService
2023-01-03 10:07:48,691 [ForkJoinPool.commonPool-worker-0] INFO  volume.HddsVolume (HddsVolume.java:closeDbStore(338)) - SchemaV3 db is stopped at /home/runner/work/ozone/ozone/hadoop-ozone/integration-test/target/test-dir/MiniOzoneClusterImpl-9af64d9f-ce66-432d-b755-d0db545afb98/datanode-1/data-0/containers/hdds/9af64d9f-ce66-432d-b755-d0db545afb98/DS-9e8aa29b-8271-4702-80cb-1ea983b61932/container.db for volume DS-9e8aa29b-8271-4702-80cb-1ea983b61932
2023-01-03 10:07:48,692 [ForkJoinPool.commonPool-worker-0] INFO  utils.BackgroundService (BackgroundService.java:shutdown(141)) - Shutting down service BlockDeletingService
2023-01-03 10:07:48,694 [Listener at 127.0.0.1/46801] INFO  statemachine.DatanodeStateMachine (DatanodeStateMachine.java:stopDaemon(596)) - Ozone container server stopped.
2023-01-03 10:07:48,701 [ForkJoinPool.commonPool-worker-0] INFO  utils.BackgroundService (BackgroundService.java:shutdown(141)) - Shutting down service StaleRecoveringContainerScrubbingService
2023-01-03 10:07:48,702 [ForkJoinPool.commonPool-worker-0] INFO  statemachine.DatanodeStateMachine (DatanodeStateMachine.java:stopDaemon(596)) - Ozone container server stopped.
2023-01-03 10:07:48,715 [Listener at 127.0.0.1/46801] INFO  handler.ContextHandler (ContextHandler.java:doStop(1159)) - Stopped o.e.j.w.WebAppContext@4b90c73e{hddsDatanode,/,null,STOPPED}{jar:file:/home/runner/.m2/repository/org/apache/ozone/hdds-container-service/1.4.0-SNAPSHOT/hdds-container-service-1.4.0-SNAPSHOT.jar!/webapps/hddsDatanode}
2023-01-03 10:07:48,716 [ForkJoinPool.commonPool-worker-0] INFO  handler.ContextHandler (ContextHandler.java:doStop(1159)) - Stopped o.e.j.w.WebAppContext@43d4a4f3{hddsDatanode,/,null,STOPPED}{jar:file:/home/runner/.m2/repository/org/apache/ozone/hdds-container-service/1.4.0-SNAPSHOT/hdds-container-service-1.4.0-SNAPSHOT.jar!/webapps/hddsDatanode}
2023-01-03 10:07:48,717 [Listener at 127.0.0.1/46801] INFO  server.AbstractConnector (AbstractConnector.java:doStop(383)) - Stopped ServerConnector@5c3e3f24{HTTP/1.1, (http/1.1)}{0.0.0.0:0}
2023-01-03 10:07:48,717 [Listener at 127.0.0.1/46801] INFO  server.session (HouseKeeper.java:stopScavenging(149)) - node0 Stopped scavenging
2023-01-03 10:07:48,719 [Listener at 127.0.0.1/46801] INFO  handler.ContextHandler (ContextHandler.java:doStop(1159)) - Stopped o.e.j.s.ServletContextHandler@38fd32ff{static,/static,jar:file:/home/runner/.m2/repository/org/apache/ozone/hdds-container-service/1.4.0-SNAPSHOT/hdds-container-service-1.4.0-SNAPSHOT.jar!/webapps/static,STOPPED}
2023-01-03 10:07:48,719 [Listener at 127.0.0.1/46801] INFO  handler.ContextHandler (ContextHandler.java:doStop(1159)) - Stopped o.e.j.s.ServletContextHandler@a13d8f2{logs,/logs,file:///home/runner/work/ozone/ozone/hadoop-ozone/integration-test/target/log,STOPPED}
2023-01-03 10:07:48,721 [ForkJoinPool.commonPool-worker-0] INFO  server.AbstractConnector (AbstractConnector.java:doStop(383)) - Stopped ServerConnector@74d9fd6c{HTTP/1.1, (http/1.1)}{0.0.0.0:0}
2023-01-03 10:07:48,721 [ForkJoinPool.commonPool-worker-0] INFO  server.session (HouseKeeper.java:stopScavenging(149)) - node0 Stopped scavenging
2023-01-03 10:07:48,722 [ForkJoinPool.commonPool-worker-0] INFO  handler.ContextHandler (ContextHandler.java:doStop(1159)) - Stopped o.e.j.s.ServletContextHandler@504afa3c{static,/static,jar:file:/home/runner/.m2/repository/org/apache/ozone/hdds-container-service/1.4.0-SNAPSHOT/hdds-container-service-1.4.0-SNAPSHOT.jar!/webapps/static,STOPPED}
2023-01-03 10:07:48,723 [ForkJoinPool.commonPool-worker-0] INFO  handler.ContextHandler (ContextHandler.java:doStop(1159)) - Stopped o.e.j.s.ServletContextHandler@4df85d38{logs,/logs,file:///home/runner/work/ozone/ozone/hadoop-ozone/integration-test/target/log,STOPPED}
2023-01-03 10:07:48,725 [ForkJoinPool.commonPool-worker-0] INFO  ozoneimpl.OzoneContainer (OzoneContainer.java:stop(417)) - Attempting to stop container services.
2023-01-03 10:07:48,726 [ForkJoinPool.commonPool-worker-0] INFO  server.RaftServer (RaftServerProxy.java:lambda$close$6(409)) - 5c8f94db-7806-4776-a4fa-2f4c620ca121: close
2023-01-03 10:07:48,727 [5c8f94db-7806-4776-a4fa-2f4c620ca121-impl-thread1] INFO  server.RaftServer$Division (RaftServerImpl.java:lambda$close$4(458)) - 5c8f94db-7806-4776-a4fa-2f4c620ca121@group-033D886B482F: shutdown
2023-01-03 10:07:48,727 [Listener at 127.0.0.1/46801] INFO  ozoneimpl.OzoneContainer (OzoneContainer.java:stop(417)) - Attempting to stop container services.
2023-01-03 10:07:48,727 [5c8f94db-7806-4776-a4fa-2f4c620ca121-impl-thread1] INFO  util.JmxRegister (JmxRegister.java:unregister(73)) - Successfully un-registered JMX Bean with object name Ratis:service=RaftServer,group=group-033D886B482F,id=5c8f94db-7806-4776-a4fa-2f4c620ca121
2023-01-03 10:07:48,727 [5c8f94db-7806-4776-a4fa-2f4c620ca121-impl-thread1] INFO  impl.RoleInfo (RoleInfo.java:shutdownLeaderState(93)) - 5c8f94db-7806-4776-a4fa-2f4c620ca121: shutdown 5c8f94db-7806-4776-a4fa-2f4c620ca121@group-033D886B482F-LeaderStateImpl
2023-01-03 10:07:48,727 [5c8f94db-7806-4776-a4fa-2f4c620ca121-impl-thread1] INFO  impl.PendingRequests (PendingRequests.java:sendNotLeaderResponses(282)) - 5c8f94db-7806-4776-a4fa-2f4c620ca121@group-033D886B482F-PendingRequests: sendNotLeaderResponses
2023-01-03 10:07:48,727 [5c8f94db-7806-4776-a4fa-2f4c620ca121-impl-thread1] INFO  impl.StateMachineUpdater (StateMachineUpdater.java:stopAndJoin(153)) - 5c8f94db-7806-4776-a4fa-2f4c620ca121@group-033D886B482F-StateMachineUpdater: set stopIndex = 0
2023-01-03 10:07:48,728 [5c8f94db-7806-4776-a4fa-2f4c620ca121@group-033D886B482F-StateMachineUpdater] INFO  ratis.ContainerStateMachine (ContainerStateMachine.java:takeSnapshot(308)) - group-033D886B482F: Taking a snapshot at:(t:1, i:0) file /home/runner/work/ozone/ozone/hadoop-ozone/integration-test/target/test-dir/MiniOzoneClusterImpl-9af64d9f-ce66-432d-b755-d0db545afb98/datanode-0/data/ratis/425b7d9f-0069-4e21-9381-033d886b482f/sm/snapshot.1_0
2023-01-03 10:07:48,728 [5c8f94db-7806-4776-a4fa-2f4c620ca121-impl-thread2] INFO  server.RaftServer$Division (RaftServerImpl.java:lambda$close$4(458)) - 5c8f94db-7806-4776-a4fa-2f4c620ca121@group-581C63CE7A5F: shutdown
2023-01-03 10:07:48,728 [5c8f94db-7806-4776-a4fa-2f4c620ca121-impl-thread2] INFO  util.JmxRegister (JmxRegister.java:unregister(73)) - Successfully un-registered JMX Bean with object name Ratis:service=RaftServer,group=group-581C63CE7A5F,id=5c8f94db-7806-4776-a4fa-2f4c620ca121
2023-01-03 10:07:48,728 [5c8f94db-7806-4776-a4fa-2f4c620ca121-impl-thread2] INFO  impl.RoleInfo (RoleInfo.java:shutdownFollowerState(110)) - 5c8f94db-7806-4776-a4fa-2f4c620ca121: shutdown 5c8f94db-7806-4776-a4fa-2f4c620ca121@group-581C63CE7A5F-FollowerState
2023-01-03 10:07:48,730 [5c8f94db-7806-4776-a4fa-2f4c620ca121@group-033D886B482F-StateMachineUpdater] INFO  ratis.ContainerStateMachine (ContainerStateMachine.java:takeSnapshot(319)) - group-033D886B482F: Finished taking a snapshot at:(t:1, i:0) file:/home/runner/work/ozone/ozone/hadoop-ozone/integration-test/target/test-dir/MiniOzoneClusterImpl-9af64d9f-ce66-432d-b755-d0db545afb98/datanode-0/data/ratis/425b7d9f-0069-4e21-9381-033d886b482f/sm/snapshot.1_0 took: 2 ms
2023-01-03 10:07:48,730 [ForkJoinPool.commonPool-worker-0] INFO  server.GrpcService (GrpcService.java:closeImpl(271)) - 5c8f94db-7806-4776-a4fa-2f4c620ca121: shutdown server GrpcServerProtocolService now
2023-01-03 10:07:48,730 [5c8f94db-7806-4776-a4fa-2f4c620ca121@group-033D886B482F-StateMachineUpdater] INFO  impl.StateMachineUpdater (StateMachineUpdater.java:takeSnapshot(287)) - 5c8f94db-7806-4776-a4fa-2f4c620ca121@group-033D886B482F-StateMachineUpdater: Took a snapshot at index 0
2023-01-03 10:07:48,730 [5c8f94db-7806-4776-a4fa-2f4c620ca121@group-033D886B482F-StateMachineUpdater] INFO  impl.StateMachineUpdater (StateMachineUpdater.java:lambda$new$0(92)) - 5c8f94db-7806-4776-a4fa-2f4c620ca121@group-033D886B482F-StateMachineUpdater: snapshotIndex: updateIncreasingly -1 -> 0
2023-01-03 10:07:48,730 [5c8f94db-7806-4776-a4fa-2f4c620ca121-impl-thread3] INFO  server.RaftServer$Division (RaftServerImpl.java:lambda$close$4(458)) - 5c8f94db-7806-4776-a4fa-2f4c620ca121@group-86BF502ABEED: shutdown
2023-01-03 10:07:48,731 [ForkJoinPool.commonPool-worker-0] INFO  server.GrpcServerProtocolClient (GrpcServerProtocolClient.java:close(101)) - 2c63000f-a9ba-4116-8021-1fc7d553c7a4 Close channels
2023-01-03 10:07:48,731 [5c8f94db-7806-4776-a4fa-2f4c620ca121-impl-thread3] INFO  util.JmxRegister (JmxRegister.java:unregister(73)) - Successfully un-registered JMX Bean with object name Ratis:service=RaftServer,group=group-86BF502ABEED,id=5c8f94db-7806-4776-a4fa-2f4c620ca121
2023-01-03 10:07:48,730 [5c8f94db-7806-4776-a4fa-2f4c620ca121-impl-thread1] INFO  server.RaftServer$Division (ServerState.java:close(466)) - 5c8f94db-7806-4776-a4fa-2f4c620ca121@group-033D886B482F: closes. applyIndex: 0
2023-01-03 10:07:48,732 [5c8f94db-7806-4776-a4fa-2f4c620ca121@group-581C63CE7A5F-FollowerState] INFO  impl.FollowerState (FollowerState.java:run(152)) - 5c8f94db-7806-4776-a4fa-2f4c620ca121@group-581C63CE7A5F-FollowerState was interrupted
2023-01-03 10:07:48,732 [5c8f94db-7806-4776-a4fa-2f4c620ca121-impl-thread3] INFO  impl.RoleInfo (RoleInfo.java:shutdownFollowerState(110)) - 5c8f94db-7806-4776-a4fa-2f4c620ca121: shutdown 5c8f94db-7806-4776-a4fa-2f4c620ca121@group-86BF502ABEED-FollowerState
2023-01-03 10:07:48,732 [5c8f94db-7806-4776-a4fa-2f4c620ca121@group-581C63CE7A5F-StateMachineUpdater] INFO  ratis.ContainerStateMachine (ContainerStateMachine.java:takeSnapshot(308)) - group-581C63CE7A5F: Taking a snapshot at:(t:2, i:3) file /home/runner/work/ozone/ozone/hadoop-ozone/integration-test/target/test-dir/MiniOzoneClusterImpl-9af64d9f-ce66-432d-b755-d0db545afb98/datanode-0/data/ratis/45523f61-354c-4a86-9b7d-581c63ce7a5f/sm/snapshot.2_3
2023-01-03 10:07:48,732 [5c8f94db-7806-4776-a4fa-2f4c620ca121@group-86BF502ABEED-FollowerState] INFO  impl.FollowerState (FollowerState.java:run(152)) - 5c8f94db-7806-4776-a4fa-2f4c620ca121@group-86BF502ABEED-FollowerState was interrupted
2023-01-03 10:07:48,732 [5c8f94db-7806-4776-a4fa-2f4c620ca121-impl-thread2] INFO  impl.StateMachineUpdater (StateMachineUpdater.java:stopAndJoin(153)) - 5c8f94db-7806-4776-a4fa-2f4c620ca121@group-581C63CE7A5F-StateMachineUpdater: set stopIndex = 3
2023-01-03 10:07:48,733 [5c8f94db-7806-4776-a4fa-2f4c620ca121@group-86BF502ABEED-StateMachineUpdater] INFO  ratis.ContainerStateMachine (ContainerStateMachine.java:takeSnapshot(308)) - group-86BF502ABEED: Taking a snapshot at:(t:1, i:24) file /home/runner/work/ozone/ozone/hadoop-ozone/integration-test/target/test-dir/MiniOzoneClusterImpl-9af64d9f-ce66-432d-b755-d0db545afb98/datanode-0/data/ratis/9b2fb099-69d4-424e-a0cb-86bf502abeed/sm/snapshot.1_24
2023-01-03 10:07:48,733 [5c8f94db-7806-4776-a4fa-2f4c620ca121@group-581C63CE7A5F-StateMachineUpdater] INFO  ratis.ContainerStateMachine (ContainerStateMachine.java:takeSnapshot(319)) - group-581C63CE7A5F: Finished taking a snapshot at:(t:2, i:3) file:/home/runner/work/ozone/ozone/hadoop-ozone/integration-test/target/test-dir/MiniOzoneClusterImpl-9af64d9f-ce66-432d-b755-d0db545afb98/datanode-0/data/ratis/45523f61-354c-4a86-9b7d-581c63ce7a5f/sm/snapshot.2_3 took: 1 ms
2023-01-03 10:07:48,732 [ForkJoinPool.commonPool-worker-0] INFO  server.GrpcServerProtocolClient (GrpcServerProtocolClient.java:close(101)) - ad81db47-82b5-4afb-987d-b3e16962a519 Close channels
2023-01-03 10:07:48,734 [5c8f94db-7806-4776-a4fa-2f4c620ca121@group-86BF502ABEED-StateMachineUpdater] INFO  ratis.ContainerStateMachine (ContainerStateMachine.java:takeSnapshot(319)) - group-86BF502ABEED: Finished taking a snapshot at:(t:1, i:24) file:/home/runner/work/ozone/ozone/hadoop-ozone/integration-test/target/test-dir/MiniOzoneClusterImpl-9af64d9f-ce66-432d-b755-d0db545afb98/datanode-0/data/ratis/9b2fb099-69d4-424e-a0cb-86bf502abeed/sm/snapshot.1_24 took: 1 ms
2023-01-03 10:07:48,734 [5c8f94db-7806-4776-a4fa-2f4c620ca121@group-581C63CE7A5F-StateMachineUpdater] INFO  impl.StateMachineUpdater (StateMachineUpdater.java:takeSnapshot(287)) - 5c8f94db-7806-4776-a4fa-2f4c620ca121@group-581C63CE7A5F-StateMachineUpdater: Took a snapshot at index 3
2023-01-03 10:07:48,734 [5c8f94db-7806-4776-a4fa-2f4c620ca121@group-86BF502ABEED-StateMachineUpdater] INFO  impl.StateMachineUpdater (StateMachineUpdater.java:takeSnapshot(287)) - 5c8f94db-7806-4776-a4fa-2f4c620ca121@group-86BF502ABEED-StateMachineUpdater: Took a snapshot at index 24
2023-01-03 10:07:48,734 [5c8f94db-7806-4776-a4fa-2f4c620ca121@group-581C63CE7A5F-StateMachineUpdater] INFO  impl.StateMachineUpdater (StateMachineUpdater.java:lambda$new$0(92)) - 5c8f94db-7806-4776-a4fa-2f4c620ca121@group-581C63CE7A5F-StateMachineUpdater: snapshotIndex: updateIncreasingly -1 -> 3
2023-01-03 10:07:48,734 [5c8f94db-7806-4776-a4fa-2f4c620ca121@group-86BF502ABEED-StateMachineUpdater] INFO  impl.StateMachineUpdater (StateMachineUpdater.java:lambda$new$0(92)) - 5c8f94db-7806-4776-a4fa-2f4c620ca121@group-86BF502ABEED-StateMachineUpdater: snapshotIndex: updateIncreasingly -1 -> 24
2023-01-03 10:07:48,734 [5c8f94db-7806-4776-a4fa-2f4c620ca121-impl-thread3] INFO  impl.StateMachineUpdater (StateMachineUpdater.java:stopAndJoin(153)) - 5c8f94db-7806-4776-a4fa-2f4c620ca121@group-86BF502ABEED-StateMachineUpdater: set stopIndex = 24
2023-01-03 10:07:48,732 [5c8f94db-7806-4776-a4fa-2f4c620ca121@group-033D886B482F-SegmentedRaftLogWorker] INFO  segmented.SegmentedRaftLogWorker (SegmentedRaftLogWorker.java:run(347)) - 5c8f94db-7806-4776-a4fa-2f4c620ca121@group-033D886B482F-SegmentedRaftLogWorker was interrupted, exiting. There are 0 tasks remaining in the queue.
2023-01-03 10:07:48,734 [Listener at 127.0.0.1/46801] INFO  server.RaftServer (RaftServerProxy.java:lambda$close$6(409)) - cf16c65b-18c5-4246-b401-9967cdd5b427: close
2023-01-03 10:07:48,735 [5c8f94db-7806-4776-a4fa-2f4c620ca121-impl-thread3] INFO  server.RaftServer$Division (ServerState.java:close(466)) - 5c8f94db-7806-4776-a4fa-2f4c620ca121@group-86BF502ABEED: closes. applyIndex: 24
2023-01-03 10:07:48,735 [cf16c65b-18c5-4246-b401-9967cdd5b427-impl-thread1] INFO  server.RaftServer$Division (RaftServerImpl.java:lambda$close$4(458)) - cf16c65b-18c5-4246-b401-9967cdd5b427@group-1EE77A0A3A49: shutdown
2023-01-03 10:07:48,735 [5c8f94db-7806-4776-a4fa-2f4c620ca121@group-86BF502ABEED-SegmentedRaftLogWorker] INFO  segmented.SegmentedRaftLogWorker (SegmentedRaftLogWorker.java:run(347)) - 5c8f94db-7806-4776-a4fa-2f4c620ca121@group-86BF502ABEED-SegmentedRaftLogWorker was interrupted, exiting. There are 0 tasks remaining in the queue.
2023-01-03 10:07:48,735 [cf16c65b-18c5-4246-b401-9967cdd5b427-impl-thread1] INFO  util.JmxRegister (JmxRegister.java:unregister(73)) - Successfully un-registered JMX Bean with object name Ratis:service=RaftServer,group=group-1EE77A0A3A49,id=cf16c65b-18c5-4246-b401-9967cdd5b427
2023-01-03 10:07:48,735 [cf16c65b-18c5-4246-b401-9967cdd5b427-impl-thread1] INFO  impl.RoleInfo (RoleInfo.java:shutdownLeaderState(93)) - cf16c65b-18c5-4246-b401-9967cdd5b427: shutdown cf16c65b-18c5-4246-b401-9967cdd5b427@group-1EE77A0A3A49-LeaderStateImpl
2023-01-03 10:07:48,735 [cf16c65b-18c5-4246-b401-9967cdd5b427-impl-thread1] INFO  impl.PendingRequests (PendingRequests.java:sendNotLeaderResponses(282)) - cf16c65b-18c5-4246-b401-9967cdd5b427@group-1EE77A0A3A49-PendingRequests: sendNotLeaderResponses
2023-01-03 10:07:48,735 [cf16c65b-18c5-4246-b401-9967cdd5b427-impl-thread1] INFO  impl.StateMachineUpdater (StateMachineUpdater.java:stopAndJoin(153)) - cf16c65b-18c5-4246-b401-9967cdd5b427@group-1EE77A0A3A49-StateMachineUpdater: set stopIndex = 0
2023-01-03 10:07:48,735 [Listener at 127.0.0.1/46801] INFO  server.GrpcService (GrpcService.java:closeImpl(271)) - cf16c65b-18c5-4246-b401-9967cdd5b427: shutdown server GrpcServerProtocolService now
2023-01-03 10:07:48,737 [ForkJoinPool.commonPool-worker-0] INFO  server.GrpcService (GrpcService.java:closeImpl(280)) - 5c8f94db-7806-4776-a4fa-2f4c620ca121: shutdown server GrpcServerProtocolService successfully
2023-01-03 10:07:48,737 [5c8f94db-7806-4776-a4fa-2f4c620ca121-impl-thread3] INFO  segmented.SegmentedRaftLogWorker (SegmentedRaftLogWorker.java:close(257)) - 5c8f94db-7806-4776-a4fa-2f4c620ca121@group-86BF502ABEED-SegmentedRaftLogWorker close()
2023-01-03 10:07:48,737 [5c8f94db-7806-4776-a4fa-2f4c620ca121-impl-thread1] INFO  segmented.SegmentedRaftLogWorker (SegmentedRaftLogWorker.java:close(257)) - 5c8f94db-7806-4776-a4fa-2f4c620ca121@group-033D886B482F-SegmentedRaftLogWorker close()
2023-01-03 10:07:48,740 [5c8f94db-7806-4776-a4fa-2f4c620ca121-impl-thread2] INFO  server.RaftServer$Division (ServerState.java:close(466)) - 5c8f94db-7806-4776-a4fa-2f4c620ca121@group-581C63CE7A5F: closes. applyIndex: 3
2023-01-03 10:07:48,737 [cf16c65b-18c5-4246-b401-9967cdd5b427@group-1EE77A0A3A49-StateMachineUpdater] INFO  ratis.ContainerStateMachine (ContainerStateMachine.java:takeSnapshot(308)) - group-1EE77A0A3A49: Taking a snapshot at:(t:1, i:0) file /home/runner/work/ozone/ozone/hadoop-ozone/integration-test/target/test-dir/MiniOzoneClusterImpl-9af64d9f-ce66-432d-b755-d0db545afb98/datanode-4/data/ratis/1fe06da7-df87-412a-97d3-1ee77a0a3a49/sm/snapshot.1_0
2023-01-03 10:07:48,737 [Listener at 127.0.0.1/46801] INFO  server.GrpcService (GrpcService.java:closeImpl(280)) - cf16c65b-18c5-4246-b401-9967cdd5b427: shutdown server GrpcServerProtocolService successfully
2023-01-03 10:07:48,737 [5c8f94db-7806-4776-a4fa-2f4c620ca121-NettyServerStreamRpc-bossGroup--thread1] INFO  logging.LoggingHandler (AbstractInternalLogger.java:log(148)) - [id: 0xba75fb92, L:/0:0:0:0:0:0:0:0:42515] CLOSE
2023-01-03 10:07:48,748 [cf16c65b-18c5-4246-b401-9967cdd5b427-NettyServerStreamRpc-bossGroup--thread1] INFO  logging.LoggingHandler (AbstractInternalLogger.java:log(148)) - [id: 0x64826015, L:/0:0:0:0:0:0:0:0:37175] CLOSE
2023-01-03 10:07:48,748 [5c8f94db-7806-4776-a4fa-2f4c620ca121-NettyServerStreamRpc-bossGroup--thread1] INFO  logging.LoggingHandler (AbstractInternalLogger.java:log(148)) - [id: 0xba75fb92, L:/0:0:0:0:0:0:0:0:42515] INACTIVE
2023-01-03 10:07:48,748 [cf16c65b-18c5-4246-b401-9967cdd5b427-NettyServerStreamRpc-bossGroup--thread1] INFO  logging.LoggingHandler (AbstractInternalLogger.java:log(148)) - [id: 0x64826015, L:/0:0:0:0:0:0:0:0:37175] INACTIVE
2023-01-03 10:07:48,748 [cf16c65b-18c5-4246-b401-9967cdd5b427-NettyServerStreamRpc-bossGroup--thread1] INFO  logging.LoggingHandler (AbstractInternalLogger.java:log(148)) - [id: 0x64826015, L:/0:0:0:0:0:0:0:0:37175] UNREGISTERED
2023-01-03 10:07:48,747 [5c8f94db-7806-4776-a4fa-2f4c620ca121@group-581C63CE7A5F-SegmentedRaftLogWorker] INFO  segmented.SegmentedRaftLogWorker (SegmentedRaftLogWorker.java:run(347)) - 5c8f94db-7806-4776-a4fa-2f4c620ca121@group-581C63CE7A5F-SegmentedRaftLogWorker was interrupted, exiting. There are 0 tasks remaining in the queue.
2023-01-03 10:07:48,747 [cf16c65b-18c5-4246-b401-9967cdd5b427@group-1EE77A0A3A49-StateMachineUpdater] INFO  ratis.ContainerStateMachine (ContainerStateMachine.java:takeSnapshot(319)) - group-1EE77A0A3A49: Finished taking a snapshot at:(t:1, i:0) file:/home/runner/work/ozone/ozone/hadoop-ozone/integration-test/target/test-dir/MiniOzoneClusterImpl-9af64d9f-ce66-432d-b755-d0db545afb98/datanode-4/data/ratis/1fe06da7-df87-412a-97d3-1ee77a0a3a49/sm/snapshot.1_0 took: 10 ms
2023-01-03 10:07:48,748 [5c8f94db-7806-4776-a4fa-2f4c620ca121-NettyServerStreamRpc-bossGroup--thread1] INFO  logging.LoggingHandler (AbstractInternalLogger.java:log(148)) - [id: 0xba75fb92, L:/0:0:0:0:0:0:0:0:42515] UNREGISTERED
2023-01-03 10:07:48,754 [cf16c65b-18c5-4246-b401-9967cdd5b427@group-1EE77A0A3A49-StateMachineUpdater] INFO  impl.StateMachineUpdater (StateMachineUpdater.java:takeSnapshot(287)) - cf16c65b-18c5-4246-b401-9967cdd5b427@group-1EE77A0A3A49-StateMachineUpdater: Took a snapshot at index 0
2023-01-03 10:07:48,754 [cf16c65b-18c5-4246-b401-9967cdd5b427@group-1EE77A0A3A49-StateMachineUpdater] INFO  impl.StateMachineUpdater (StateMachineUpdater.java:lambda$new$0(92)) - cf16c65b-18c5-4246-b401-9967cdd5b427@group-1EE77A0A3A49-StateMachineUpdater: snapshotIndex: updateIncreasingly -1 -> 0
2023-01-03 10:07:48,754 [cf16c65b-18c5-4246-b401-9967cdd5b427-impl-thread1] INFO  server.RaftServer$Division (ServerState.java:close(466)) - cf16c65b-18c5-4246-b401-9967cdd5b427@group-1EE77A0A3A49: closes. applyIndex: 0
2023-01-03 10:07:48,754 [cf16c65b-18c5-4246-b401-9967cdd5b427@group-1EE77A0A3A49-SegmentedRaftLogWorker] INFO  segmented.SegmentedRaftLogWorker (SegmentedRaftLogWorker.java:run(347)) - cf16c65b-18c5-4246-b401-9967cdd5b427@group-1EE77A0A3A49-SegmentedRaftLogWorker was interrupted, exiting. There are 0 tasks remaining in the queue.
2023-01-03 10:07:48,762 [5c8f94db-7806-4776-a4fa-2f4c620ca121-impl-thread2] INFO  segmented.SegmentedRaftLogWorker (SegmentedRaftLogWorker.java:close(257)) - 5c8f94db-7806-4776-a4fa-2f4c620ca121@group-581C63CE7A5F-SegmentedRaftLogWorker close()
2023-01-03 10:07:48,762 [cf16c65b-18c5-4246-b401-9967cdd5b427-impl-thread1] INFO  segmented.SegmentedRaftLogWorker (SegmentedRaftLogWorker.java:close(257)) - cf16c65b-18c5-4246-b401-9967cdd5b427@group-1EE77A0A3A49-SegmentedRaftLogWorker close()
2023-01-03 10:07:48,766 [JvmPauseMonitor10] INFO  util.JvmPauseMonitor (JvmPauseMonitor.java:run(111)) - JvmPauseMonitor-cf16c65b-18c5-4246-b401-9967cdd5b427: Stopped
2023-01-03 10:07:48,767 [JvmPauseMonitor6] INFO  util.JvmPauseMonitor (JvmPauseMonitor.java:run(111)) - JvmPauseMonitor-5c8f94db-7806-4776-a4fa-2f4c620ca121: Stopped
2023-01-03 10:07:49,030 [EventQueue-CommandQueueReportForCommandQueueReportHandler] WARN  events.EventQueue (EventQueue.java:fireEvent(216)) - No event handler registered for event TypedEvent{payloadType=DatanodeDetails, name='Datanode_Command_Queue_Updated'}
2023-01-03 10:07:50,030 [EventQueue-CommandQueueReportForCommandQueueReportHandler] WARN  events.EventQueue (EventQueue.java:fireEvent(216)) - No event handler registered for event TypedEvent{payloadType=DatanodeDetails, name='Datanode_Command_Queue_Updated'}
2023-01-03 10:07:50,769 [Listener at 127.0.0.1/46801] INFO  volume.HddsVolume (HddsVolume.java:closeDbStore(338)) - SchemaV3 db is stopped at /home/runner/work/ozone/ozone/hadoop-ozone/integration-test/target/test-dir/MiniOzoneClusterImpl-9af64d9f-ce66-432d-b755-d0db545afb98/datanode-4/data-0/containers/hdds/9af64d9f-ce66-432d-b755-d0db545afb98/DS-c75ea332-400c-4bb7-b1d8-c75376acc0c9/container.db for volume DS-c75ea332-400c-4bb7-b1d8-c75376acc0c9
2023-01-03 10:07:50,771 [Listener at 127.0.0.1/46801] INFO  utils.BackgroundService (BackgroundService.java:shutdown(141)) - Shutting down service BlockDeletingService
2023-01-03 10:07:50,772 [ForkJoinPool.commonPool-worker-0] INFO  volume.HddsVolume (HddsVolume.java:closeDbStore(338)) - SchemaV3 db is stopped at /home/runner/work/ozone/ozone/hadoop-ozone/integration-test/target/test-dir/MiniOzoneClusterImpl-9af64d9f-ce66-432d-b755-d0db545afb98/datanode-0/data-0/containers/hdds/9af64d9f-ce66-432d-b755-d0db545afb98/DS-6f5cb23a-9fd7-4c62-b8b8-b8a62ad68dae/container.db for volume DS-6f5cb23a-9fd7-4c62-b8b8-b8a62ad68dae
2023-01-03 10:07:50,772 [ForkJoinPool.commonPool-worker-0] INFO  utils.BackgroundService (BackgroundService.java:shutdown(141)) - Shutting down service BlockDeletingService
2023-01-03 10:07:50,773 [ForkJoinPool.commonPool-worker-0] INFO  utils.BackgroundService (BackgroundService.java:shutdown(141)) - Shutting down service StaleRecoveringContainerScrubbingService
2023-01-03 10:07:50,773 [Listener at 127.0.0.1/46801] INFO  utils.BackgroundService (BackgroundService.java:shutdown(141)) - Shutting down service StaleRecoveringContainerScrubbingService
2023-01-03 10:07:50,775 [Listener at 127.0.0.1/46801] INFO  statemachine.DatanodeStateMachine (DatanodeStateMachine.java:stopDaemon(596)) - Ozone container server stopped.
2023-01-03 10:07:50,778 [ForkJoinPool.commonPool-worker-0] INFO  statemachine.DatanodeStateMachine (DatanodeStateMachine.java:stopDaemon(596)) - Ozone container server stopped.
2023-01-03 10:07:50,788 [ForkJoinPool.commonPool-worker-0] INFO  handler.ContextHandler (ContextHandler.java:doStop(1159)) - Stopped o.e.j.w.WebAppContext@39667762{hddsDatanode,/,null,STOPPED}{jar:file:/home/runner/.m2/repository/org/apache/ozone/hdds-container-service/1.4.0-SNAPSHOT/hdds-container-service-1.4.0-SNAPSHOT.jar!/webapps/hddsDatanode}
2023-01-03 10:07:50,789 [ForkJoinPool.commonPool-worker-0] INFO  server.AbstractConnector (AbstractConnector.java:doStop(383)) - Stopped ServerConnector@7e843b26{HTTP/1.1, (http/1.1)}{0.0.0.0:0}
2023-01-03 10:07:50,789 [ForkJoinPool.commonPool-worker-0] INFO  server.session (HouseKeeper.java:stopScavenging(149)) - node0 Stopped scavenging
2023-01-03 10:07:50,790 [ForkJoinPool.commonPool-worker-0] INFO  handler.ContextHandler (ContextHandler.java:doStop(1159)) - Stopped o.e.j.s.ServletContextHandler@55902e78{static,/static,jar:file:/home/runner/.m2/repository/org/apache/ozone/hdds-container-service/1.4.0-SNAPSHOT/hdds-container-service-1.4.0-SNAPSHOT.jar!/webapps/static,STOPPED}
2023-01-03 10:07:50,790 [ForkJoinPool.commonPool-worker-0] INFO  handler.ContextHandler (ContextHandler.java:doStop(1159)) - Stopped o.e.j.s.ServletContextHandler@6f9090c6{logs,/logs,file:///home/runner/work/ozone/ozone/hadoop-ozone/integration-test/target/log,STOPPED}
2023-01-03 10:07:50,792 [Listener at 127.0.0.1/46801] INFO  handler.ContextHandler (ContextHandler.java:doStop(1159)) - Stopped o.e.j.w.WebAppContext@5cee664b{hddsDatanode,/,null,STOPPED}{jar:file:/home/runner/.m2/repository/org/apache/ozone/hdds-container-service/1.4.0-SNAPSHOT/hdds-container-service-1.4.0-SNAPSHOT.jar!/webapps/hddsDatanode}
2023-01-03 10:07:50,793 [Listener at 127.0.0.1/46801] INFO  server.AbstractConnector (AbstractConnector.java:doStop(383)) - Stopped ServerConnector@2afdab07{HTTP/1.1, (http/1.1)}{0.0.0.0:0}
2023-01-03 10:07:50,793 [Listener at 127.0.0.1/46801] INFO  server.session (HouseKeeper.java:stopScavenging(149)) - node0 Stopped scavenging
2023-01-03 10:07:50,793 [Listener at 127.0.0.1/46801] INFO  handler.ContextHandler (ContextHandler.java:doStop(1159)) - Stopped o.e.j.s.ServletContextHandler@43014ee8{static,/static,jar:file:/home/runner/.m2/repository/org/apache/ozone/hdds-container-service/1.4.0-SNAPSHOT/hdds-container-service-1.4.0-SNAPSHOT.jar!/webapps/static,STOPPED}
2023-01-03 10:07:50,794 [ForkJoinPool.commonPool-worker-0] INFO  ozoneimpl.OzoneContainer (OzoneContainer.java:stop(417)) - Attempting to stop container services.
2023-01-03 10:07:50,795 [Listener at 127.0.0.1/46801] INFO  handler.ContextHandler (ContextHandler.java:doStop(1159)) - Stopped o.e.j.s.ServletContextHandler@64ec6d39{logs,/logs,file:///home/runner/work/ozone/ozone/hadoop-ozone/integration-test/target/log,STOPPED}
2023-01-03 10:07:50,795 [ForkJoinPool.commonPool-worker-0] INFO  server.RaftServer (RaftServerProxy.java:lambda$close$6(409)) - 01844fa3-4991-4a9b-b3ea-c862c2ab2093: close
2023-01-03 10:07:50,796 [ForkJoinPool.commonPool-worker-0] INFO  server.GrpcService (GrpcService.java:closeImpl(271)) - 01844fa3-4991-4a9b-b3ea-c862c2ab2093: shutdown server GrpcServerProtocolService now
2023-01-03 10:07:50,796 [01844fa3-4991-4a9b-b3ea-c862c2ab2093-impl-thread1] INFO  server.RaftServer$Division (RaftServerImpl.java:lambda$close$4(458)) - 01844fa3-4991-4a9b-b3ea-c862c2ab2093@group-D7FEA6E778B7: shutdown
2023-01-03 10:07:50,797 [01844fa3-4991-4a9b-b3ea-c862c2ab2093-impl-thread1] INFO  util.JmxRegister (JmxRegister.java:unregister(73)) - Successfully un-registered JMX Bean with object name Ratis:service=RaftServer,group=group-D7FEA6E778B7,id=01844fa3-4991-4a9b-b3ea-c862c2ab2093
2023-01-03 10:07:50,797 [01844fa3-4991-4a9b-b3ea-c862c2ab2093-impl-thread1] INFO  impl.RoleInfo (RoleInfo.java:shutdownLeaderState(93)) - 01844fa3-4991-4a9b-b3ea-c862c2ab2093: shutdown 01844fa3-4991-4a9b-b3ea-c862c2ab2093@group-D7FEA6E778B7-LeaderStateImpl
2023-01-03 10:07:50,797 [01844fa3-4991-4a9b-b3ea-c862c2ab2093-impl-thread1] INFO  impl.PendingRequests (PendingRequests.java:sendNotLeaderResponses(282)) - 01844fa3-4991-4a9b-b3ea-c862c2ab2093@group-D7FEA6E778B7-PendingRequests: sendNotLeaderResponses
2023-01-03 10:07:50,798 [01844fa3-4991-4a9b-b3ea-c862c2ab2093-impl-thread1] INFO  impl.StateMachineUpdater (StateMachineUpdater.java:stopAndJoin(153)) - 01844fa3-4991-4a9b-b3ea-c862c2ab2093@group-D7FEA6E778B7-StateMachineUpdater: set stopIndex = 0
2023-01-03 10:07:50,798 [01844fa3-4991-4a9b-b3ea-c862c2ab2093@group-D7FEA6E778B7-StateMachineUpdater] INFO  ratis.ContainerStateMachine (ContainerStateMachine.java:takeSnapshot(308)) - group-D7FEA6E778B7: Taking a snapshot at:(t:1, i:0) file /home/runner/work/ozone/ozone/hadoop-ozone/integration-test/target/test-dir/MiniOzoneClusterImpl-9af64d9f-ce66-432d-b755-d0db545afb98/datanode-3/data/ratis/a12f531f-3d69-4c99-ad12-d7fea6e778b7/sm/snapshot.1_0
2023-01-03 10:07:50,800 [ForkJoinPool.commonPool-worker-0] INFO  server.GrpcService (GrpcService.java:closeImpl(280)) - 01844fa3-4991-4a9b-b3ea-c862c2ab2093: shutdown server GrpcServerProtocolService successfully
2023-01-03 10:07:50,800 [01844fa3-4991-4a9b-b3ea-c862c2ab2093-NettyServerStreamRpc-bossGroup--thread1] INFO  logging.LoggingHandler (AbstractInternalLogger.java:log(148)) - [id: 0x3b38f74e, L:/0:0:0:0:0:0:0:0:37099] CLOSE
2023-01-03 10:07:50,800 [01844fa3-4991-4a9b-b3ea-c862c2ab2093-NettyServerStreamRpc-bossGroup--thread1] INFO  logging.LoggingHandler (AbstractInternalLogger.java:log(148)) - [id: 0x3b38f74e, L:/0:0:0:0:0:0:0:0:37099] INACTIVE
2023-01-03 10:07:50,800 [01844fa3-4991-4a9b-b3ea-c862c2ab2093-NettyServerStreamRpc-bossGroup--thread1] INFO  logging.LoggingHandler (AbstractInternalLogger.java:log(148)) - [id: 0x3b38f74e, L:/0:0:0:0:0:0:0:0:37099] UNREGISTERED
2023-01-03 10:07:50,800 [01844fa3-4991-4a9b-b3ea-c862c2ab2093@group-D7FEA6E778B7-StateMachineUpdater] INFO  ratis.ContainerStateMachine (ContainerStateMachine.java:takeSnapshot(319)) - group-D7FEA6E778B7: Finished taking a snapshot at:(t:1, i:0) file:/home/runner/work/ozone/ozone/hadoop-ozone/integration-test/target/test-dir/MiniOzoneClusterImpl-9af64d9f-ce66-432d-b755-d0db545afb98/datanode-3/data/ratis/a12f531f-3d69-4c99-ad12-d7fea6e778b7/sm/snapshot.1_0 took: 2 ms
2023-01-03 10:07:50,800 [01844fa3-4991-4a9b-b3ea-c862c2ab2093@group-D7FEA6E778B7-StateMachineUpdater] INFO  impl.StateMachineUpdater (StateMachineUpdater.java:takeSnapshot(287)) - 01844fa3-4991-4a9b-b3ea-c862c2ab2093@group-D7FEA6E778B7-StateMachineUpdater: Took a snapshot at index 0
2023-01-03 10:07:50,801 [01844fa3-4991-4a9b-b3ea-c862c2ab2093@group-D7FEA6E778B7-StateMachineUpdater] INFO  impl.StateMachineUpdater (StateMachineUpdater.java:lambda$new$0(92)) - 01844fa3-4991-4a9b-b3ea-c862c2ab2093@group-D7FEA6E778B7-StateMachineUpdater: snapshotIndex: updateIncreasingly -1 -> 0
2023-01-03 10:07:50,801 [01844fa3-4991-4a9b-b3ea-c862c2ab2093-impl-thread1] INFO  server.RaftServer$Division (ServerState.java:close(466)) - 01844fa3-4991-4a9b-b3ea-c862c2ab2093@group-D7FEA6E778B7: closes. applyIndex: 0
2023-01-03 10:07:50,801 [01844fa3-4991-4a9b-b3ea-c862c2ab2093@group-D7FEA6E778B7-SegmentedRaftLogWorker] INFO  segmented.SegmentedRaftLogWorker (SegmentedRaftLogWorker.java:run(347)) - 01844fa3-4991-4a9b-b3ea-c862c2ab2093@group-D7FEA6E778B7-SegmentedRaftLogWorker was interrupted, exiting. There are 0 tasks remaining in the queue.
2023-01-03 10:07:50,801 [01844fa3-4991-4a9b-b3ea-c862c2ab2093-impl-thread1] INFO  segmented.SegmentedRaftLogWorker (SegmentedRaftLogWorker.java:close(257)) - 01844fa3-4991-4a9b-b3ea-c862c2ab2093@group-D7FEA6E778B7-SegmentedRaftLogWorker close()
2023-01-03 10:07:50,808 [JvmPauseMonitor9] INFO  util.JvmPauseMonitor (JvmPauseMonitor.java:run(111)) - JvmPauseMonitor-01844fa3-4991-4a9b-b3ea-c862c2ab2093: Stopped
2023-01-03 10:07:52,812 [ForkJoinPool.commonPool-worker-0] INFO  volume.HddsVolume (HddsVolume.java:closeDbStore(338)) - SchemaV3 db is stopped at /home/runner/work/ozone/ozone/hadoop-ozone/integration-test/target/test-dir/MiniOzoneClusterImpl-9af64d9f-ce66-432d-b755-d0db545afb98/datanode-3/data-0/containers/hdds/9af64d9f-ce66-432d-b755-d0db545afb98/DS-23c0cb4e-40c5-4a5b-aadf-c5cb8ff4d83f/container.db for volume DS-23c0cb4e-40c5-4a5b-aadf-c5cb8ff4d83f
2023-01-03 10:07:52,813 [ForkJoinPool.commonPool-worker-0] INFO  utils.BackgroundService (BackgroundService.java:shutdown(141)) - Shutting down service BlockDeletingService
2023-01-03 10:07:52,813 [ForkJoinPool.commonPool-worker-0] INFO  utils.BackgroundService (BackgroundService.java:shutdown(141)) - Shutting down service StaleRecoveringContainerScrubbingService
2023-01-03 10:07:52,814 [ForkJoinPool.commonPool-worker-0] INFO  statemachine.DatanodeStateMachine (DatanodeStateMachine.java:stopDaemon(596)) - Ozone container server stopped.
2023-01-03 10:07:52,822 [ForkJoinPool.commonPool-worker-0] INFO  handler.ContextHandler (ContextHandler.java:doStop(1159)) - Stopped o.e.j.w.WebAppContext@629a40b2{hddsDatanode,/,null,STOPPED}{jar:file:/home/runner/.m2/repository/org/apache/ozone/hdds-container-service/1.4.0-SNAPSHOT/hdds-container-service-1.4.0-SNAPSHOT.jar!/webapps/hddsDatanode}
2023-01-03 10:07:52,825 [ForkJoinPool.commonPool-worker-0] INFO  server.AbstractConnector (AbstractConnector.java:doStop(383)) - Stopped ServerConnector@1bec065f{HTTP/1.1, (http/1.1)}{0.0.0.0:0}
2023-01-03 10:07:52,825 [ForkJoinPool.commonPool-worker-0] INFO  server.session (HouseKeeper.java:stopScavenging(149)) - node0 Stopped scavenging
2023-01-03 10:07:52,826 [ForkJoinPool.commonPool-worker-0] INFO  handler.ContextHandler (ContextHandler.java:doStop(1159)) - Stopped o.e.j.s.ServletContextHandler@4322f1fa{static,/static,jar:file:/home/runner/.m2/repository/org/apache/ozone/hdds-container-service/1.4.0-SNAPSHOT/hdds-container-service-1.4.0-SNAPSHOT.jar!/webapps/static,STOPPED}
2023-01-03 10:07:52,826 [ForkJoinPool.commonPool-worker-0] INFO  handler.ContextHandler (ContextHandler.java:doStop(1159)) - Stopped o.e.j.s.ServletContextHandler@3859970e{logs,/logs,file:///home/runner/work/ozone/ozone/hadoop-ozone/integration-test/target/log,STOPPED}
2023-01-03 10:07:52,828 [Listener at 127.0.0.1/46801] INFO  ozone.MiniOzoneClusterImpl (MiniOzoneClusterImpl.java:stopSCM(538)) - Stopping the StorageContainerManager
2023-01-03 10:07:52,828 [Listener at 127.0.0.1/46801] INFO  server.StorageContainerManager (StorageContainerManager.java:stop(1518)) - Container Balancer is not running.
2023-01-03 10:07:52,828 [Listener at 127.0.0.1/46801] INFO  server.StorageContainerManager (StorageContainerManager.java:stop(1525)) - Stopping Replication Manager Service.
2023-01-03 10:07:52,828 [Listener at 127.0.0.1/46801] INFO  replication.ReplicationManager (ReplicationManager.java:stop(296)) - Stopping Replication Monitor Thread.
2023-01-03 10:07:52,828 [Under Replicated Processor] WARN  replication.UnhealthyReplicationProcessor (UnhealthyReplicationProcessor.java:run(141)) - Under Replicated Processor interrupted. Exiting...
2023-01-03 10:07:52,828 [Over Replicated Processor] WARN  replication.UnhealthyReplicationProcessor (UnhealthyReplicationProcessor.java:run(141)) - Over Replicated Processor interrupted. Exiting...
2023-01-03 10:07:52,828 [ReplicationMonitor] INFO  replication.ReplicationManager (ReplicationManager.java:run(666)) - Replication Monitor Thread is stopped
2023-01-03 10:07:52,828 [Listener at 127.0.0.1/46801] INFO  server.StorageContainerManager (StorageContainerManager.java:stop(1532)) - Stopping the Datanode Admin Monitor.
2023-01-03 10:07:52,829 [Listener at 127.0.0.1/46801] INFO  server.StorageContainerManager (StorageContainerManager.java:stop(1539)) - Stopping datanode service RPC server
2023-01-03 10:07:52,829 [Listener at 127.0.0.1/46801] INFO  server.SCMDatanodeProtocolServer (SCMDatanodeProtocolServer.java:stop(441)) - Stopping the RPC server for DataNodes
2023-01-03 10:07:52,829 [Listener at 127.0.0.1/46801] INFO  ipc.Server (Server.java:stop(3428)) - Stopping server on 43159
2023-01-03 10:07:52,831 [IPC Server listener on 0] INFO  ipc.Server (Server.java:run(1384)) - Stopping IPC Server listener on 0
2023-01-03 10:07:52,837 [IPC Server Responder] INFO  ipc.Server (Server.java:run(1517)) - Stopping IPC Server Responder
2023-01-03 10:07:52,841 [SCM Heartbeat Processing Thread - 0] WARN  node.NodeStateManager (NodeStateManager.java:scheduleNextHealthCheck(870)) - Current Thread is interrupted, shutting down HB processing thread for Node Manager.
2023-01-03 10:07:52,841 [Listener at 127.0.0.1/46801] INFO  server.StorageContainerManager (StorageContainerManager.java:stop(1547)) - Stopping block service RPC server
2023-01-03 10:07:52,842 [Listener at 127.0.0.1/46801] INFO  server.SCMBlockProtocolServer (SCMBlockProtocolServer.java:stop(161)) - Stopping the RPC server for Block Protocol
2023-01-03 10:07:52,842 [Listener at 127.0.0.1/46801] INFO  ipc.Server (Server.java:stop(3428)) - Stopping server on 38917
2023-01-03 10:07:52,843 [IPC Server listener on 0] INFO  ipc.Server (Server.java:run(1384)) - Stopping IPC Server listener on 0
2023-01-03 10:07:52,843 [Listener at 127.0.0.1/46801] INFO  server.StorageContainerManager (StorageContainerManager.java:stop(1554)) - Stopping the StorageContainerLocationProtocol RPC server
2023-01-03 10:07:52,843 [Listener at 127.0.0.1/46801] INFO  server.SCMClientProtocolServer (SCMClientProtocolServer.java:stop(179)) - Stopping the RPC server for Client Protocol
2023-01-03 10:07:52,843 [Listener at 127.0.0.1/46801] INFO  ipc.Server (Server.java:stop(3428)) - Stopping server on 41971
2023-01-03 10:07:52,843 [IPC Server Responder] INFO  ipc.Server (Server.java:run(1517)) - Stopping IPC Server Responder
2023-01-03 10:07:52,847 [IPC Server listener on 0] INFO  ipc.Server (Server.java:run(1384)) - Stopping IPC Server listener on 0
2023-01-03 10:07:52,847 [Listener at 127.0.0.1/46801] INFO  server.StorageContainerManager (StorageContainerManager.java:stop(1561)) - Stopping Storage Container Manager HTTP server.
2023-01-03 10:07:52,848 [Listener at 127.0.0.1/46801] INFO  handler.ContextHandler (ContextHandler.java:doStop(1159)) - Stopped o.e.j.w.WebAppContext@38a43698{scm,/,null,STOPPED}{file:/home/runner/work/ozone/ozone/hadoop-ozone/integration-test/target/test-classes/webapps/scm}
2023-01-03 10:07:52,848 [IPC Server Responder] INFO  ipc.Server (Server.java:run(1517)) - Stopping IPC Server Responder
2023-01-03 10:07:52,848 [Listener at 127.0.0.1/46801] INFO  server.AbstractConnector (AbstractConnector.java:doStop(383)) - Stopped ServerConnector@6ad9cc6d{HTTP/1.1, (http/1.1)}{0.0.0.0:0}
2023-01-03 10:07:52,849 [Listener at 127.0.0.1/46801] INFO  server.session (HouseKeeper.java:stopScavenging(149)) - node0 Stopped scavenging
2023-01-03 10:07:52,849 [Listener at 127.0.0.1/46801] INFO  handler.ContextHandler (ContextHandler.java:doStop(1159)) - Stopped o.e.j.s.ServletContextHandler@5429565e{static,/static,file:///home/runner/work/ozone/ozone/hadoop-ozone/integration-test/target/test-classes/webapps/static,STOPPED}
2023-01-03 10:07:52,849 [Listener at 127.0.0.1/46801] INFO  handler.ContextHandler (ContextHandler.java:doStop(1159)) - Stopped o.e.j.s.ServletContextHandler@3ed31dbf{logs,/logs,file:///home/runner/work/ozone/ozone/hadoop-ozone/integration-test/target/log,STOPPED}
2023-01-03 10:07:52,850 [Listener at 127.0.0.1/46801] INFO  server.StorageContainerManager (StorageContainerManager.java:stop(1567)) - Stopping SCM LayoutVersionManager Service.
2023-01-03 10:07:52,850 [Listener at 127.0.0.1/46801] INFO  server.StorageContainerManager (StorageContainerManager.java:stop(1575)) - Stopping Block Manager Service.
2023-01-03 10:07:52,850 [Listener at 127.0.0.1/46801] INFO  utils.BackgroundService (BackgroundService.java:shutdown(141)) - Shutting down service SCMBlockDeletingService
2023-01-03 10:07:52,850 [Listener at 127.0.0.1/46801] INFO  utils.BackgroundService (BackgroundService.java:shutdown(141)) - Shutting down service SCMBlockDeletingService
2023-01-03 10:07:52,850 [Listener at 127.0.0.1/46801] INFO  server.StorageContainerManager (StorageContainerManager.java:stop(1597)) - Stopping SCM Event Queue.
2023-01-03 10:07:52,851 [Listener at 127.0.0.1/46801] INFO  server.StorageContainerManager (StorageContainerManager.java:stop(1608)) - Stopping SCM HA services.
2023-01-03 10:07:52,852 [Listener at 127.0.0.1/46801] INFO  pipeline.BackgroundPipelineCreator (BackgroundPipelineCreator.java:stop(149)) - Stopping RatisPipelineUtilsThread.
2023-01-03 10:07:52,852 [RatisPipelineUtilsThread - 0] WARN  pipeline.BackgroundPipelineCreator (BackgroundPipelineCreator.java:run(180)) - RatisPipelineUtilsThread is interrupted.
2023-01-03 10:07:52,852 [Listener at 127.0.0.1/46801] INFO  BackgroundPipelineScrubber (BackgroundSCMService.java:stop(131)) - Stopping BackgroundPipelineScrubber Service.
2023-01-03 10:07:52,852 [BackgroundPipelineScrubberThread] WARN  BackgroundPipelineScrubber (BackgroundSCMService.java:run(115)) - BackgroundPipelineScrubber is interrupted, exit
2023-01-03 10:07:52,854 [Listener at 127.0.0.1/46801] INFO  impl.MetricsSystemImpl (MetricsSystemImpl.java:stop(210)) - Stopping HddsDatanode metrics system...
2023-01-03 10:07:52,857 [prometheus] INFO  impl.MetricsSinkAdapter (MetricsSinkAdapter.java:publishMetricsFromQueue(141)) - prometheus thread interrupted.
2023-01-03 10:07:52,857 [Listener at 127.0.0.1/46801] INFO  impl.MetricsSystemImpl (MetricsSystemImpl.java:stop(216)) - HddsDatanode metrics system stopped.
2023-01-03 10:07:52,857 [Listener at 127.0.0.1/46801] WARN  pipeline.BackgroundPipelineCreator (BackgroundPipelineCreator.java:stop(145)) - RatisPipelineUtilsThread is not running, just ignore.
2023-01-03 10:07:52,857 [Listener at 127.0.0.1/46801] INFO  BackgroundPipelineScrubber (BackgroundSCMService.java:stop(126)) - BackgroundPipelineScrubber Service is not running, skip stop.
2023-01-03 10:07:52,857 [Listener at 127.0.0.1/46801] INFO  ExpiredContainerReplicaOpScrubber (BackgroundSCMService.java:stop(131)) - Stopping ExpiredContainerReplicaOpScrubber Service.
2023-01-03 10:07:52,857 [ExpiredContainerReplicaOpScrubberThread] WARN  ExpiredContainerReplicaOpScrubber (BackgroundSCMService.java:run(115)) - ExpiredContainerReplicaOpScrubber is interrupted, exit
2023-01-03 10:07:52,857 [Listener at 127.0.0.1/46801] INFO  utils.BackgroundService (BackgroundService.java:shutdown(141)) - Shutting down service SCMBlockDeletingService
2023-01-03 10:07:52,857 [Listener at 127.0.0.1/46801] INFO  replication.ReplicationManager (ReplicationManager.java:stop(304)) - Replication Monitor Thread is not running.
2023-01-03 10:07:52,857 [Listener at 127.0.0.1/46801] WARN  balancer.ContainerBalancer (ContainerBalancer.java:stop(322)) - Cannot stop Container Balancer because it's not running or stopping
2023-01-03 10:07:52,858 [Listener at 127.0.0.1/46801] INFO  server.StorageContainerManager (StorageContainerManager.java:stop(1626)) - Stopping SCM MetadataStore.
2023-01-03 10:07:52,902 [Listener at 127.0.0.1/46801] WARN  server.ServerUtils (ServerUtils.java:getScmDbDir(148)) - ozone.scm.db.dirs is not configured. We recommend adding this setting. Falling back to ozone.metadata.dirs instead.
2023-01-03 10:07:52,905 [Listener at 127.0.0.1/46801] WARN  server.ServerUtils (ServerUtils.java:getScmDbDir(148)) - ozone.scm.db.dirs is not configured. We recommend adding this setting. Falling back to ozone.metadata.dirs instead.
2023-01-03 10:07:52,905 [Listener at 127.0.0.1/46801] INFO  ha.SCMHANodeDetails (SCMHANodeDetails.java:loadSCMHAConfig(209)) - ServiceID for StorageContainerManager is null
2023-01-03 10:07:52,905 [Listener at 127.0.0.1/46801] INFO  ha.SCMHANodeDetails (SCMHANodeDetails.java:loadSCMHAConfig(214)) - ozone.scm.default.service.id is not defined, falling back to ozone.scm.service.ids to find serviceID for StorageContainerManager if it is HA enabled cluster
2023-01-03 10:07:52,906 [Listener at 127.0.0.1/46801] WARN  utils.HAUtils (HAUtils.java:getMetaDir(342)) - ozone.scm.db.dirs is not configured. We recommend adding this setting. Falling back to ozone.metadata.dirs instead.
2023-01-03 10:07:52,906 [Listener at 127.0.0.1/46801] WARN  db.DBStoreBuilder (DBStoreBuilder.java:applyDBDefinition(144)) - ozone.scm.db.dirs is not configured. We recommend adding this setting. Falling back to ozone.metadata.dirs instead.
2023-01-03 10:07:52,985 [Listener at 127.0.0.1/46801] INFO  net.NodeSchemaLoader (NodeSchemaLoader.java:loadSchemaFromFile(129)) - Loading schema from [jar:file:/home/runner/.m2/repository/org/apache/ozone/hdds-common/1.4.0-SNAPSHOT/hdds-common-1.4.0-SNAPSHOT.jar!/network-topology-default.xml]
2023-01-03 10:07:52,985 [Listener at 127.0.0.1/46801] INFO  net.NodeSchemaLoader (NodeSchemaLoader.java:loadSchema(176)) - Loading network topology layer schema file
2023-01-03 10:07:52,987 [Listener at 127.0.0.1/46801] INFO  upgrade.AbstractLayoutVersionManager (AbstractLayoutVersionManager.java:init(83)) - Initializing Layout version manager with metadata layout = DATANODE_SCHEMA_V3 (version = 4), software layout = DATANODE_SCHEMA_V3 (version = 4)
2023-01-03 10:07:53,030 [Listener at 127.0.0.1/46801] INFO  reflections.Reflections (Reflections.java:scan(232)) - Reflections took 42 ms to scan 7 urls, producing 146 keys and 350 values 
2023-01-03 10:07:53,031 [Listener at 127.0.0.1/46801] INFO  ha.SequenceIdGenerator (SequenceIdGenerator.java:upgradeToSequenceId(349)) - upgrade localId to 111677748019200000
2023-01-03 10:07:53,032 [Listener at 127.0.0.1/46801] INFO  ha.SequenceIdGenerator (SequenceIdGenerator.java:upgradeToSequenceId(359)) - upgrade delTxnId to 0
2023-01-03 10:07:53,032 [Listener at 127.0.0.1/46801] INFO  ha.SequenceIdGenerator (SequenceIdGenerator.java:upgradeToSequenceId(376)) - upgrade containerId to 0
2023-01-03 10:07:53,032 [Listener at 127.0.0.1/46801] INFO  ha.SequenceIdGenerator (SequenceIdGenerator.java:<init>(220)) - Init the HA SequenceIdGenerator.
2023-01-03 10:07:53,032 [Listener at 127.0.0.1/46801] WARN  server.ServerUtils (ServerUtils.java:sanitizeUserArgs(73)) - ozone.scm.stale.node.interval value = 300000 is larger than max = 100000 based on the key value of ozone.scm.heartbeat.thread.interval, reset to the max value 100000.
2023-01-03 10:07:53,032 [Listener at 127.0.0.1/46801] WARN  server.ServerUtils (ServerUtils.java:sanitizeUserArgs(73)) - ozone.scm.stale.node.interval value = 300000 is larger than max = 100000 based on the key value of ozone.scm.heartbeat.thread.interval, reset to the max value 100000.
2023-01-03 10:07:53,032 [Listener at 127.0.0.1/46801] INFO  node.SCMNodeManager (SCMNodeManager.java:<init>(149)) - Entering startup safe mode.
2023-01-03 10:07:53,033 [Listener at 127.0.0.1/46801] INFO  algorithms.ContainerPlacementPolicyFactory (ContainerPlacementPolicyFactory.java:getPolicyInternal(86)) - Create container placement policy of type org.apache.hadoop.hdds.scm.container.placement.algorithms.SCMContainerPlacementRandom
2023-01-03 10:07:53,033 [Listener at 127.0.0.1/46801] INFO  algorithms.ContainerPlacementPolicyFactory (ContainerPlacementPolicyFactory.java:getPolicyInternal(86)) - Create container placement policy of type org.apache.hadoop.hdds.scm.container.placement.algorithms.SCMContainerPlacementRackScatter
2023-01-03 10:07:53,033 [Listener at 127.0.0.1/46801] INFO  pipeline.PipelineStateManagerImpl (PipelineStateManagerImpl.java:initialize(78)) - No pipeline exists in current db
2023-01-03 10:07:53,033 [Listener at 127.0.0.1/46801] INFO  algorithms.LeaderChoosePolicyFactory (LeaderChoosePolicyFactory.java:getPolicy(57)) - Create leader choose policy of type org.apache.hadoop.hdds.scm.pipeline.leader.choose.algorithms.MinLeaderCountChoosePolicy
2023-01-03 10:07:53,033 [Listener at 127.0.0.1/46801] INFO  algorithms.ContainerPlacementPolicyFactory (ContainerPlacementPolicyFactory.java:getPolicyInternal(86)) - Create container placement policy of type org.apache.hadoop.hdds.scm.container.placement.algorithms.SCMContainerPlacementRackScatter
2023-01-03 10:07:53,033 [Listener at 127.0.0.1/46801] INFO  ha.SCMServiceManager (SCMServiceManager.java:register(42)) - Registering service BackgroundPipelineCreator.
2023-01-03 10:07:53,033 [Listener at 127.0.0.1/46801] INFO  pipeline.BackgroundPipelineCreator (BackgroundPipelineCreator.java:start(124)) - Starting RatisPipelineUtilsThread.
2023-01-03 10:07:53,034 [Listener at 127.0.0.1/46801] INFO  BackgroundPipelineScrubber (BackgroundSCMService.java:start(68)) - Starting BackgroundPipelineScrubber Service.
2023-01-03 10:07:53,034 [Listener at 127.0.0.1/46801] INFO  ha.SCMServiceManager (SCMServiceManager.java:register(42)) - Registering service BackgroundPipelineScrubber.
2023-01-03 10:07:53,034 [Listener at 127.0.0.1/46801] INFO  ExpiredContainerReplicaOpScrubber (BackgroundSCMService.java:start(68)) - Starting ExpiredContainerReplicaOpScrubber Service.
2023-01-03 10:07:53,034 [Listener at 127.0.0.1/46801] INFO  ha.SCMServiceManager (SCMServiceManager.java:register(42)) - Registering service ExpiredContainerReplicaOpScrubber.
2023-01-03 10:07:53,035 [Listener at 127.0.0.1/46801] INFO  algorithms.PipelineChoosePolicyFactory (PipelineChoosePolicyFactory.java:createPipelineChoosePolicyFromClass(73)) - Create pipeline choose policy of type org.apache.hadoop.hdds.scm.pipeline.choose.algorithms.RandomPipelineChoosePolicy
2023-01-03 10:07:53,035 [Listener at 127.0.0.1/46801] INFO  ha.SCMServiceManager (SCMServiceManager.java:register(42)) - Registering service SCMBlockDeletingService.
2023-01-03 10:07:53,036 [Listener at 127.0.0.1/46801] INFO  replication.ReplicationManager (ReplicationManager.java:start(261)) - Starting Replication Monitor Thread.
2023-01-03 10:07:53,036 [Listener at 127.0.0.1/46801] INFO  ha.SCMServiceManager (SCMServiceManager.java:register(42)) - Registering service ReplicationManager.
2023-01-03 10:07:53,036 [Listener at 127.0.0.1/46801] INFO  safemode.ContainerSafeModeRule (ContainerSafeModeRule.java:<init>(89)) - containers with one replica threshold count 0
2023-01-03 10:07:53,037 [ReplicationMonitor] INFO  replication.ReplicationManager (ReplicationManager.java:processAll(330)) - Replication Manager is not ready to run until 3000ms after safemode exit
2023-01-03 10:07:53,037 [Listener at 127.0.0.1/46801] INFO  safemode.HealthyPipelineSafeModeRule (HealthyPipelineSafeModeRule.java:initializeRule(169)) - Total pipeline count is 0, healthy pipeline threshold count is 1
2023-01-03 10:07:53,038 [Listener at 127.0.0.1/46801] INFO  safemode.OneReplicaPipelineSafeModeRule (OneReplicaPipelineSafeModeRule.java:initializeRule(180)) - Total pipeline count is 0, pipeline's with at least one datanode reported threshold count is 0
2023-01-03 10:07:53,038 [Listener at 127.0.0.1/46801] INFO  ipc.CallQueueManager (CallQueueManager.java:<init>(90)) - Using callQueue: class java.util.concurrent.LinkedBlockingQueue, queueCapacity: 2000, scheduler: class org.apache.hadoop.ipc.DefaultRpcScheduler, ipcBackoff: false.
2023-01-03 10:07:53,039 [Socket Reader #1 for port 0] INFO  ipc.Server (Server.java:run(1273)) - Starting Socket Reader #1 for port 0
2023-01-03 10:07:53,039 [Listener at 0.0.0.0/33051] INFO  ipc.CallQueueManager (CallQueueManager.java:<init>(90)) - Using callQueue: class java.util.concurrent.LinkedBlockingQueue, queueCapacity: 2000, scheduler: class org.apache.hadoop.ipc.DefaultRpcScheduler, ipcBackoff: false.
2023-01-03 10:07:53,040 [Socket Reader #1 for port 0] INFO  ipc.Server (Server.java:run(1273)) - Starting Socket Reader #1 for port 0
2023-01-03 10:07:53,040 [Listener at 0.0.0.0/39587] INFO  ipc.CallQueueManager (CallQueueManager.java:<init>(90)) - Using callQueue: class java.util.concurrent.LinkedBlockingQueue, queueCapacity: 2000, scheduler: class org.apache.hadoop.ipc.DefaultRpcScheduler, ipcBackoff: false.
2023-01-03 10:07:53,040 [Socket Reader #1 for port 0] INFO  ipc.Server (Server.java:run(1273)) - Starting Socket Reader #1 for port 0
2023-01-03 10:07:53,054 [Listener at 0.0.0.0/45685] INFO  ha.SCMServiceManager (SCMServiceManager.java:register(42)) - Registering service ContainerBalancer.
2023-01-03 10:07:53,054 [Listener at 0.0.0.0/45685] INFO  server.StorageContainerManager (StorageContainerManager.java:<init>(398)) - 
Container Balancer status:
Key                            Value
Running                        true
Container Balancer Configuration values:
Key                                                Value
Threshold                                          10
Max Datanodes to Involve per Iteration(percent)    20
Max Size to Move per Iteration                     500GB
Max Size Entering Target per Iteration             26GB
Max Size Leaving Source per Iteration              26GB

2023-01-03 10:07:53,055 [Listener at 0.0.0.0/45685] INFO  ha.SCMContext (SCMContext.java:updateSafeModeStatus(228)) - Update SafeModeStatus from SafeModeStatus{safeModeStatus=true, preCheckPassed=false} to SafeModeStatus{safeModeStatus=true, preCheckPassed=false}.
2023-01-03 10:07:53,055 [Listener at 0.0.0.0/45685] INFO  server.StorageContainerManager (StorageContainerManager.java:start(1423)) - StorageContainerLocationProtocol RPC server is listening at /0.0.0.0:45685
2023-01-03 10:07:53,056 [Listener at 0.0.0.0/45685] WARN  impl.MetricsConfig (MetricsConfig.java:loadFirst(136)) - Cannot locate configuration: tried hadoop-metrics2-storagecontainermanager.properties,hadoop-metrics2.properties
2023-01-03 10:07:53,063 [Listener at 0.0.0.0/45685] INFO  impl.MetricsSystemImpl (MetricsSystemImpl.java:startTimer(378)) - Scheduled Metric snapshot period at 10 second(s).
2023-01-03 10:07:53,063 [Listener at 0.0.0.0/45685] INFO  impl.MetricsSystemImpl (MetricsSystemImpl.java:start(191)) - StorageContainerManager metrics system started
2023-01-03 10:07:53,092 [Listener at 0.0.0.0/45685] INFO  impl.MetricsSinkAdapter (MetricsSinkAdapter.java:start(204)) - Sink prometheus started
2023-01-03 10:07:53,092 [Listener at 0.0.0.0/45685] INFO  impl.MetricsSystemImpl (MetricsSystemImpl.java:registerSink(305)) - Registered sink prometheus
2023-01-03 10:07:53,107 [Listener at 0.0.0.0/45685] INFO  server.SCMClientProtocolServer (SCMClientProtocolServer.java:start(170)) - RPC server for Client  is listening at /0.0.0.0:45685
2023-01-03 10:07:53,108 [IPC Server Responder] INFO  ipc.Server (Server.java:run(1512)) - IPC Server Responder: starting
2023-01-03 10:07:53,114 [IPC Server listener on 0] INFO  ipc.Server (Server.java:run(1352)) - IPC Server listener on 0: starting
2023-01-03 10:07:53,116 [Listener at 0.0.0.0/45685] INFO  server.StorageContainerManager (StorageContainerManager.java:start(1437)) - ScmBlockLocationProtocol RPC server is listening at /0.0.0.0:39587
2023-01-03 10:07:53,116 [Listener at 0.0.0.0/45685] INFO  server.SCMBlockProtocolServer (SCMBlockProtocolServer.java:start(152)) - RPC server for Block Protocol is listening at /0.0.0.0:39587
2023-01-03 10:07:53,116 [IPC Server Responder] INFO  ipc.Server (Server.java:run(1512)) - IPC Server Responder: starting
2023-01-03 10:07:53,117 [IPC Server listener on 0] INFO  ipc.Server (Server.java:run(1352)) - IPC Server listener on 0: starting
2023-01-03 10:07:53,118 [Listener at 0.0.0.0/45685] INFO  server.SCMDatanodeProtocolServer (SCMDatanodeProtocolServer.java:start(194)) - ScmDatanodeProtocol RPC server for DataNodes is listening at /0.0.0.0:33051
2023-01-03 10:07:53,118 [IPC Server Responder] INFO  ipc.Server (Server.java:run(1512)) - IPC Server Responder: starting
2023-01-03 10:07:53,118 [IPC Server listener on 0] INFO  ipc.Server (Server.java:run(1352)) - IPC Server listener on 0: starting
2023-01-03 10:07:53,121 [org.apache.hadoop.util.JvmPauseMonitor$Monitor@74cd559c] INFO  util.JvmPauseMonitor (JvmPauseMonitor.java:run(188)) - Starting JVM pause monitor
2023-01-03 10:07:53,122 [Listener at 0.0.0.0/45685] INFO  http.BaseHttpServer (BaseHttpServer.java:newHttpServer2BuilderForOzone(213)) - Starting Web-server for scm at: http://0.0.0.0:0
2023-01-03 10:07:53,122 [Listener at 0.0.0.0/45685] INFO  http.BaseHttpServer (BaseHttpServer.java:<init>(108)) - Hadoop Security Enabled: false Ozone Security Enabled: false Ozone HTTP Security Enabled: false 
2023-01-03 10:07:53,123 [Listener at 0.0.0.0/45685] WARN  server.AuthenticationFilter (AuthenticationFilter.java:constructSecretProvider(240)) - Unable to initialize FileSignerSecretProvider, falling back to use random secrets. Reason: Could not read signature secret file: /home/runner/hadoop-http-auth-signature-secret
2023-01-03 10:07:53,125 [Listener at 0.0.0.0/45685] WARN  http.HttpRequestLog (HttpRequestLog.java:getRequestLog(103)) - Jetty request log can only be enabled using Log4j
2023-01-03 10:07:53,127 [Listener at 0.0.0.0/45685] INFO  http.HttpServer2 (HttpServer2.java:addGlobalFilter(1031)) - Added global filter 'safety' (class=org.apache.hadoop.hdds.server.http.HttpServer2$QuotingInputFilter)
2023-01-03 10:07:53,127 [Listener at 0.0.0.0/45685] INFO  http.HttpServer2 (HttpServer2.java:addFilter(1007)) - Added filter static_user_filter (class=org.apache.hadoop.http.lib.StaticUserWebFilter$StaticUserFilter) to context scm
2023-01-03 10:07:53,127 [Listener at 0.0.0.0/45685] INFO  http.HttpServer2 (HttpServer2.java:addFilter(1015)) - Added filter static_user_filter (class=org.apache.hadoop.http.lib.StaticUserWebFilter$StaticUserFilter) to context static
2023-01-03 10:07:53,127 [Listener at 0.0.0.0/45685] INFO  http.HttpServer2 (HttpServer2.java:addFilter(1015)) - Added filter static_user_filter (class=org.apache.hadoop.http.lib.StaticUserWebFilter$StaticUserFilter) to context logs
2023-01-03 10:07:53,128 [Listener at 0.0.0.0/45685] INFO  http.HttpServer2 (HttpServer2.java:bindListener(1250)) - Jetty bound to port 35631
2023-01-03 10:07:53,128 [Listener at 0.0.0.0/45685] INFO  server.Server (Server.java:doStart(375)) - jetty-9.4.49.v20220914; built: 2022-09-14T01:07:36.601Z; git: 4231a3b2e4cb8548a412a789936d640a97b1aa0a; jvm 1.8.0_352-b08
2023-01-03 10:07:53,136 [Listener at 0.0.0.0/45685] INFO  server.session (DefaultSessionIdManager.java:doStart(334)) - DefaultSessionIdManager workerName=node0
2023-01-03 10:07:53,136 [Listener at 0.0.0.0/45685] INFO  server.session (DefaultSessionIdManager.java:doStart(339)) - No SessionScavenger set, using defaults
2023-01-03 10:07:53,136 [Listener at 0.0.0.0/45685] INFO  server.session (HouseKeeper.java:startScavenging(132)) - node0 Scavenging every 660000ms
2023-01-03 10:07:53,136 [Listener at 0.0.0.0/45685] INFO  handler.ContextHandler (ContextHandler.java:doStart(921)) - Started o.e.j.s.ServletContextHandler@f8ff413{logs,/logs,file:///home/runner/work/ozone/ozone/hadoop-ozone/integration-test/target/log,AVAILABLE}
2023-01-03 10:07:53,137 [Listener at 0.0.0.0/45685] INFO  handler.ContextHandler (ContextHandler.java:doStart(921)) - Started o.e.j.s.ServletContextHandler@5bb0bacb{static,/static,file:///home/runner/work/ozone/ozone/hadoop-ozone/integration-test/target/test-classes/webapps/static,AVAILABLE}
2023-01-03 10:07:53,139 [Listener at 0.0.0.0/45685] INFO  handler.ContextHandler (ContextHandler.java:doStart(921)) - Started o.e.j.w.WebAppContext@5119e907{scm,/,file:///home/runner/work/ozone/ozone/hadoop-ozone/integration-test/target/test-classes/webapps/scm/,AVAILABLE}{file:/home/runner/work/ozone/ozone/hadoop-ozone/integration-test/target/test-classes/webapps/scm}
2023-01-03 10:07:53,142 [Listener at 0.0.0.0/45685] INFO  server.AbstractConnector (AbstractConnector.java:doStart(333)) - Started ServerConnector@5fd66298{HTTP/1.1, (http/1.1)}{0.0.0.0:35631}
2023-01-03 10:07:53,142 [Listener at 0.0.0.0/45685] INFO  server.Server (Server.java:doStart(415)) - Started @113932ms
2023-01-03 10:07:53,142 [Listener at 0.0.0.0/45685] WARN  impl.MetricsSystemImpl (MetricsSystemImpl.java:register(279)) - Sink prometheus already exists!
2023-01-03 10:07:53,143 [Listener at 0.0.0.0/45685] INFO  http.BaseHttpServer (BaseHttpServer.java:updateConnectorAddress(333)) - HTTP server of scm listening at http://0.0.0.0:35631
2023-01-03 10:07:53,143 [Listener at 0.0.0.0/45685] WARN  server.ServerUtils (ServerUtils.java:getDBPath(225)) - ozone.om.db.dirs is not configured. We recommend adding this setting. Falling back to ozone.metadata.dirs instead.
2023-01-03 10:07:53,144 [Listener at 0.0.0.0/45685] INFO  ha.OMHANodeDetails (OMHANodeDetails.java:loadOMHAConfig(115)) - ozone.om.internal.service.id is not defined, falling back to ozone.om.service.ids to find serviceID for OzoneManager if it is HA enabled cluster
2023-01-03 10:07:53,145 [Listener at 0.0.0.0/45685] INFO  ha.OMHANodeDetails (OMHANodeDetails.java:loadOMHAConfig(226)) - Configuration does not have ozone.om.address set. Falling back to the default OM address /127.0.0.1:0
2023-01-03 10:07:53,145 [Listener at 0.0.0.0/45685] INFO  ha.OMHANodeDetails (OMHANodeDetails.java:getOMNodeDetailsForNonHA(254)) - OM Service ID is not set. Setting it to the default ID: omServiceIdDefault
2023-01-03 10:07:53,145 [Listener at 0.0.0.0/45685] INFO  ha.OMHANodeDetails (OMHANodeDetails.java:getOMNodeDetailsForNonHA(261)) - OM Node ID is not set. Setting it to the default ID: om1
2023-01-03 10:07:53,145 [Listener at 0.0.0.0/45685] WARN  server.ServerUtils (ServerUtils.java:getDBPath(225)) - ozone.om.db.dirs is not configured. We recommend adding this setting. Falling back to ozone.metadata.dirs instead.
2023-01-03 10:07:53,145 [Listener at 0.0.0.0/45685] INFO  upgrade.AbstractLayoutVersionManager (AbstractLayoutVersionManager.java:init(83)) - Initializing Layout version manager with metadata layout = MULTITENANCY_SCHEMA (version = 3), software layout = MULTITENANCY_SCHEMA (version = 3)
2023-01-03 10:07:53,205 [Listener at 0.0.0.0/45685] INFO  reflections.Reflections (Reflections.java:scan(232)) - Reflections took 58 ms to scan 2 urls, producing 154 keys and 428 values [using 2 cores]
2023-01-03 10:07:53,205 [Listener at 0.0.0.0/45685] INFO  upgrade.OMLayoutVersionManager (OMLayoutVersionManager.java:lambda$0(115)) - Skipping Upgrade Action MockOmUpgradeAction since it has been finalized.
2023-01-03 10:07:53,205 [Listener at 0.0.0.0/45685] WARN  server.ServerUtils (ServerUtils.java:getDBPath(225)) - ozone.om.db.dirs is not configured. We recommend adding this setting. Falling back to ozone.metadata.dirs instead.
2023-01-03 10:07:53,206 [Listener at 0.0.0.0/45685] INFO  proxy.SCMBlockLocationFailoverProxyProvider (SCMBlockLocationFailoverProxyProvider.java:<init>(114)) - Created block location fail-over proxy with 1 nodes: [nodeId=scmNodeId,nodeAddress=/0.0.0.0:39587]
2023-01-03 10:07:53,207 [Listener at 0.0.0.0/45685] INFO  proxy.SCMBlockLocationFailoverProxyProvider (SCMBlockLocationFailoverProxyProvider.java:<init>(114)) - Created block location fail-over proxy with 1 nodes: [nodeId=scmNodeId,nodeAddress=/0.0.0.0:39587]
2023-01-03 10:07:53,212 [Listener at 0.0.0.0/45685] WARN  server.ServerUtils (ServerUtils.java:getDBPath(225)) - ozone.om.db.dirs is not configured. We recommend adding this setting. Falling back to ozone.metadata.dirs instead.
2023-01-03 10:07:53,212 [Listener at 0.0.0.0/45685] INFO  codec.OmKeyInfoCodec (OmKeyInfoCodec.java:<init>(49)) - OmKeyInfoCodec ignorePipeline = true
2023-01-03 10:07:53,212 [Listener at 0.0.0.0/45685] INFO  codec.RepeatedOmKeyInfoCodec (RepeatedOmKeyInfoCodec.java:<init>(41)) - RepeatedOmKeyInfoCodec ignorePipeline = true
2023-01-03 10:07:53,334 [Listener at 0.0.0.0/45685] INFO  om.OzoneManager (OzoneManager.java:instantiateServices(717)) - S3 Multi-Tenancy is disabled
2023-01-03 10:07:53,335 [Listener at 0.0.0.0/45685] INFO  om.OzoneManager (OzoneManager.java:addS3GVolumeToDB(4402)) - Created Volume s3v With Owner runner required for S3Gateway operations.
2023-01-03 10:07:53,335 [Listener at 0.0.0.0/45685] WARN  server.ServerUtils (ServerUtils.java:getDefaultRatisDirectory(237)) - Storage directory for Ratis is not configured. It is a good idea to map this to an SSD disk. Falling back to ozone.metadata.dirs
2023-01-03 10:07:53,335 [Listener at 0.0.0.0/45685] WARN  utils.OzoneManagerRatisUtils (OzoneManagerRatisUtils.java:getOMRatisSnapshotDirectory(434)) - ozone.om.ratis.snapshot.dir is not configured. Falling back to ozone.metadata.dirs config
2023-01-03 10:07:53,335 [Listener at 0.0.0.0/45685] WARN  server.ServerUtils (ServerUtils.java:getDefaultRatisDirectory(237)) - Storage directory for Ratis is not configured. It is a good idea to map this to an SSD disk. Falling back to ozone.metadata.dirs
2023-01-03 10:07:53,336 [Listener at 0.0.0.0/45685] INFO  ratis.OzoneManagerRatisServer (OzoneManagerRatisServer.java:<init>(160)) - Instantiating OM Ratis server with groupID: omServiceIdDefault and peers: localhost:9872
2023-01-03 10:07:53,337 [Listener at 0.0.0.0/45685] INFO  ratis.OzoneManagerStateMachine (OzoneManagerStateMachine.java:loadSnapshotInfoFromDB(636)) - LastAppliedIndex is set from TransactionInfo from OM DB as (t:0, i:~)
2023-01-03 10:07:53,337 [Listener at 0.0.0.0/45685] INFO  server.RaftServer (ConfUtils.java:logGet(46)) - raft.rpc.type = GRPC (default)
2023-01-03 10:07:53,337 [Listener at 0.0.0.0/45685] INFO  grpc.GrpcConfigKeys (ConfUtils.java:logFallback(53)) - raft.grpc.admin.host = null (fallback to raft.grpc.server.host)
2023-01-03 10:07:53,337 [Listener at 0.0.0.0/45685] INFO  grpc.GrpcConfigKeys (ConfUtils.java:logFallback(53)) - raft.grpc.admin.port = 9872 (fallback to raft.grpc.server.port)
2023-01-03 10:07:53,337 [Listener at 0.0.0.0/45685] INFO  grpc.GrpcConfigKeys (ConfUtils.java:logFallback(53)) - raft.grpc.client.host = null (fallback to raft.grpc.server.host)
2023-01-03 10:07:53,337 [Listener at 0.0.0.0/45685] INFO  grpc.GrpcConfigKeys (ConfUtils.java:logFallback(53)) - raft.grpc.client.port = 9872 (fallback to raft.grpc.server.port)
2023-01-03 10:07:53,337 [Listener at 0.0.0.0/45685] INFO  grpc.GrpcConfigKeys (ConfUtils.java:logGet(46)) - raft.grpc.server.host = null (default)
2023-01-03 10:07:53,337 [Listener at 0.0.0.0/45685] INFO  grpc.GrpcConfigKeys (ConfUtils.java:logGet(46)) - raft.grpc.server.port = 9872 (custom)
2023-01-03 10:07:53,337 [Listener at 0.0.0.0/45685] INFO  server.GrpcService (ConfUtils.java:logGet(46)) - raft.grpc.message.size.max = 33554432 (custom)
2023-01-03 10:07:53,338 [Listener at 0.0.0.0/45685] INFO  server.RaftServerConfigKeys (ConfUtils.java:logGet(46)) - raft.server.log.appender.buffer.byte-limit = 33554432 (custom)
2023-01-03 10:07:53,338 [Listener at 0.0.0.0/45685] INFO  server.GrpcService (ConfUtils.java:logGet(46)) - raft.grpc.flow.control.window = 1MB (=1048576) (default)
2023-01-03 10:07:53,338 [Listener at 0.0.0.0/45685] INFO  server.RaftServerConfigKeys (ConfUtils.java:logGet(46)) - raft.server.rpc.request.timeout = 3000ms (default)
2023-01-03 10:07:53,338 [Listener at 0.0.0.0/45685] INFO  grpc.GrpcConfigKeys (ConfUtils.java:logGet(46)) - raft.grpc.server.heartbeat.channel = true (default)
2023-01-03 10:07:53,338 [Listener at 0.0.0.0/45685] INFO  grpc.GrpcConfigKeys (ConfUtils.java:logGet(46)) - raft.grpc.server.async.request.thread.pool.cached = true (default)
2023-01-03 10:07:53,338 [Listener at 0.0.0.0/45685] INFO  grpc.GrpcConfigKeys (ConfUtils.java:logGet(46)) - raft.grpc.server.async.request.thread.pool.size = 32 (default)
2023-01-03 10:07:53,339 [Listener at 0.0.0.0/45685] INFO  impl.DataStreamServerImpl (ConfUtils.java:logGet(46)) - raft.datastream.type = NETTY (custom)
2023-01-03 10:07:53,339 [Listener at 0.0.0.0/45685] INFO  server.RaftServerConfigKeys (ConfUtils.java:logGet(46)) - raft.server.data-stream.async.request.thread.pool.cached = false (default)
2023-01-03 10:07:53,339 [Listener at 0.0.0.0/45685] INFO  server.RaftServerConfigKeys (ConfUtils.java:logGet(46)) - raft.server.data-stream.async.request.thread.pool.size = 32 (default)
2023-01-03 10:07:53,339 [Listener at 0.0.0.0/45685] INFO  server.RaftServerConfigKeys (ConfUtils.java:logGet(46)) - raft.server.data-stream.async.write.thread.pool.size = 16 (default)
2023-01-03 10:07:53,339 [Listener at 0.0.0.0/45685] INFO  server.RaftServerConfigKeys (ConfUtils.java:logGet(46)) - raft.server.data-stream.client.pool.size = 10 (default)
2023-01-03 10:07:53,340 [Listener at 0.0.0.0/45685] INFO  netty.NettyConfigKeys$DataStream (ConfUtils.java:logGet(46)) - raft.netty.dataStream.server.use-epoll = false (default)
2023-01-03 10:07:53,340 [Listener at 0.0.0.0/45685] INFO  netty.NettyConfigKeys$DataStream (ConfUtils.java:logGet(46)) - raft.netty.dataStream.server.boss-group.size = 0 (default)
2023-01-03 10:07:53,340 [Listener at 0.0.0.0/45685] INFO  netty.NettyConfigKeys$DataStream (ConfUtils.java:logGet(46)) - raft.netty.dataStream.server.worker-group.size = 0 (default)
2023-01-03 10:07:53,340 [Listener at 0.0.0.0/45685] INFO  netty.NettyConfigKeys$DataStream (ConfUtils.java:logGet(46)) - raft.netty.dataStream.server.tls.conf = null (default)
2023-01-03 10:07:53,340 [Listener at 0.0.0.0/45685] INFO  netty.NettyConfigKeys$DataStream (ConfUtils.java:logGet(46)) - raft.netty.dataStream.host = null (default)
2023-01-03 10:07:53,340 [Listener at 0.0.0.0/45685] INFO  netty.NettyConfigKeys$DataStream (ConfUtils.java:logGet(46)) - raft.netty.dataStream.port = 0 (default)
2023-01-03 10:07:53,345 [Listener at 0.0.0.0/45685] INFO  server.RaftServerConfigKeys (ConfUtils.java:logGet(46)) - raft.server.threadpool.proxy.cached = true (default)
2023-01-03 10:07:53,345 [Listener at 0.0.0.0/45685] INFO  server.RaftServerConfigKeys (ConfUtils.java:logGet(46)) - raft.server.threadpool.proxy.size = 0 (default)
2023-01-03 10:07:53,345 [Listener at 0.0.0.0/45685] INFO  server.RaftServerConfigKeys (ConfUtils.java:logGet(46)) - raft.server.rpc.slowness.timeout = 120s (custom)
2023-01-03 10:07:53,345 [Listener at 0.0.0.0/45685] INFO  server.RaftServerConfigKeys (ConfUtils.java:logGet(46)) - raft.server.leaderelection.leader.step-down.wait-time = 10s (default)
2023-01-03 10:07:53,345 [Listener at 0.0.0.0/45685] INFO  server.RaftServerConfigKeys (ConfUtils.java:logGet(46)) - raft.server.storage.dir = [/home/runner/work/ozone/ozone/hadoop-ozone/integration-test/target/test-dir/MiniOzoneClusterImpl-fa5f3e5f-d2ce-4aac-89a4-435e2b21547f/ozone-meta/ratis] (custom)
2023-01-03 10:07:53,346 [Listener at 0.0.0.0/45685] INFO  server.RaftServer (RaftServerProxy.java:addNew(96)) - om1: addNew group-C5BA1605619E:[om1|rpc:localhost:9872|priority:0|startupRole:FOLLOWER] returns group-C5BA1605619E:java.util.concurrent.CompletableFuture@b368cf3[Not completed]
2023-01-03 10:07:53,346 [Listener at 0.0.0.0/45685] INFO  om.OzoneManager (OzoneManager.java:initializeRatisServer(1979)) - OzoneManager Ratis server initialized at port 9872
2023-01-03 10:07:53,346 [om1-NettyServerStreamRpc-bossGroup--thread1] INFO  logging.LoggingHandler (AbstractInternalLogger.java:log(148)) - [id: 0x016cdde5] REGISTERED
2023-01-03 10:07:53,346 [om1-NettyServerStreamRpc-bossGroup--thread1] INFO  logging.LoggingHandler (AbstractInternalLogger.java:log(148)) - [id: 0x016cdde5] BIND: 0.0.0.0/0.0.0.0:0
2023-01-03 10:07:53,346 [om1-NettyServerStreamRpc-bossGroup--thread1] INFO  logging.LoggingHandler (AbstractInternalLogger.java:log(148)) - [id: 0x016cdde5, L:/0:0:0:0:0:0:0:0:46369] ACTIVE
2023-01-03 10:07:53,347 [Listener at 0.0.0.0/45685] INFO  om.OzoneManager (OzoneManager.java:getRpcServer(1106)) - Creating RPC Server
2023-01-03 10:07:53,348 [pool-469-thread-1] INFO  server.RaftServer$Division (RaftServerImpl.java:<init>(195)) - om1: new RaftServerImpl for group-C5BA1605619E:[om1|rpc:localhost:9872|priority:0|startupRole:FOLLOWER] with OzoneManagerStateMachine:uninitialized
2023-01-03 10:07:53,348 [pool-469-thread-1] INFO  server.RaftServerConfigKeys (ConfUtils.java:logGet(46)) - raft.server.rpc.timeout.min = 1s (custom)
2023-01-03 10:07:53,348 [pool-469-thread-1] INFO  server.RaftServerConfigKeys (ConfUtils.java:logGet(46)) - raft.server.rpc.timeout.max = 1200ms (custom)
2023-01-03 10:07:53,348 [pool-469-thread-1] INFO  server.RaftServerConfigKeys (ConfUtils.java:logGet(46)) - raft.server.rpc.sleep.time = 25ms (default)
2023-01-03 10:07:53,348 [pool-469-thread-1] INFO  server.RaftServerConfigKeys (ConfUtils.java:logGet(46)) - raft.server.rpc.slowness.timeout = 120s (custom)
2023-01-03 10:07:53,348 [pool-469-thread-1] INFO  server.RaftServerConfigKeys (ConfUtils.java:logGet(46)) - raft.server.leaderelection.leader.step-down.wait-time = 10s (default)
2023-01-03 10:07:53,348 [pool-469-thread-1] INFO  server.RaftServerConfigKeys (ConfUtils.java:logGet(46)) - raft.server.sleep.deviation.threshold = 300ms (default)
2023-01-03 10:07:53,348 [pool-469-thread-1] INFO  server.RaftServer$Division (ServerState.java:<init>(118)) - om1@group-C5BA1605619E: ConfigurationManager, init=-1: peers:[om1|rpc:localhost:9872|priority:0|startupRole:FOLLOWER]|listeners:[], old=null, confs=<EMPTY_MAP>
2023-01-03 10:07:53,348 [pool-469-thread-1] INFO  server.RaftServerConfigKeys (ConfUtils.java:logGet(46)) - raft.server.storage.dir = [/home/runner/work/ozone/ozone/hadoop-ozone/integration-test/target/test-dir/MiniOzoneClusterImpl-fa5f3e5f-d2ce-4aac-89a4-435e2b21547f/ozone-meta/ratis] (custom)
2023-01-03 10:07:53,348 [pool-469-thread-1] INFO  server.RaftServerConfigKeys (ConfUtils.java:logGet(46)) - raft.server.log.corruption.policy = EXCEPTION (default)
2023-01-03 10:07:53,348 [pool-469-thread-1] INFO  server.RaftServerConfigKeys (ConfUtils.java:logGet(46)) - raft.server.storage.free-space.min = 0MB (=0) (default)
2023-01-03 10:07:53,348 [pool-469-thread-1] INFO  server.RaftServerConfigKeys (ConfUtils.java:logGet(46)) - raft.server.notification.no-leader.timeout = 120s (custom)
2023-01-03 10:07:53,348 [pool-469-thread-1] INFO  server.RaftServerConfigKeys (ConfUtils.java:logGet(46)) - raft.server.retrycache.expirytime = 300s (custom)
2023-01-03 10:07:53,348 [pool-469-thread-1] INFO  server.RaftServerConfigKeys (ConfUtils.java:logGet(46)) - raft.server.retrycache.statistics.expirytime = 100μs (default)
2023-01-03 10:07:53,349 [pool-469-thread-1] INFO  server.RaftServerConfigKeys (ConfUtils.java:logGet(46)) - raft.server.log.appender.install.snapshot.enabled = false (custom)
2023-01-03 10:07:53,349 [pool-469-thread-1] INFO  server.RaftServerConfigKeys (ConfUtils.java:logGet(46)) - raft.server.threadpool.server.cached = true (default)
2023-01-03 10:07:53,349 [pool-469-thread-1] INFO  server.RaftServerConfigKeys (ConfUtils.java:logGet(46)) - raft.server.threadpool.server.size = 0 (default)
2023-01-03 10:07:53,349 [pool-469-thread-1] INFO  server.RaftServerConfigKeys (ConfUtils.java:logGet(46)) - raft.server.threadpool.client.cached = true (default)
2023-01-03 10:07:53,349 [pool-469-thread-1] INFO  server.RaftServerConfigKeys (ConfUtils.java:logGet(46)) - raft.server.threadpool.client.size = 0 (default)
2023-01-03 10:07:53,630 [Listener at 0.0.0.0/45685] INFO  reflections.Reflections (Reflections.java:scan(232)) - Reflections took 283 ms to scan 19 urls, producing 67 keys and 4516 values [using 2 cores]
2023-01-03 10:07:53,631 [Listener at 0.0.0.0/45685] INFO  ipc.CallQueueManager (CallQueueManager.java:<init>(90)) - Using callQueue: class java.util.concurrent.LinkedBlockingQueue, queueCapacity: 2000, scheduler: class org.apache.hadoop.ipc.DefaultRpcScheduler, ipcBackoff: false.
2023-01-03 10:07:53,632 [Socket Reader #1 for port 0] INFO  ipc.Server (Server.java:run(1273)) - Starting Socket Reader #1 for port 0
2023-01-03 10:07:53,653 [Listener at 127.0.0.1/46431] INFO  impl.MetricsSystemImpl (MetricsSystemImpl.java:init(158)) - OzoneManager metrics system started (again)
2023-01-03 10:07:53,663 [Listener at 127.0.0.1/46431] INFO  om.OzoneManager (OzoneManager.java:start(1486)) - OzoneManager RPC server is listening at localhost/127.0.0.1:46431
2023-01-03 10:07:53,663 [Listener at 127.0.0.1/46431] INFO  ratis.OzoneManagerRatisServer (OzoneManagerRatisServer.java:start(555)) - Starting OzoneManagerRatisServer om1 at port 9872
2023-01-03 10:07:53,663 [om1-impl-thread1] INFO  storage.RaftStorageDirectory (RaftStorageDirectoryImpl.java:analyzeStorage(137)) - The storage directory /home/runner/work/ozone/ozone/hadoop-ozone/integration-test/target/test-dir/MiniOzoneClusterImpl-fa5f3e5f-d2ce-4aac-89a4-435e2b21547f/ozone-meta/ratis/bf265839-605b-3f16-9796-c5ba1605619e does not exist. Creating ...
2023-01-03 10:07:53,664 [om1-impl-thread1] INFO  storage.RaftStorageDirectory (RaftStorageDirectoryImpl.java:tryLock(231)) - Lock on /home/runner/work/ozone/ozone/hadoop-ozone/integration-test/target/test-dir/MiniOzoneClusterImpl-fa5f3e5f-d2ce-4aac-89a4-435e2b21547f/ozone-meta/ratis/bf265839-605b-3f16-9796-c5ba1605619e/in_use.lock acquired by nodename 9440@fv-az292-374
2023-01-03 10:07:53,665 [om1-impl-thread1] INFO  storage.RaftStorage (RaftStorageImpl.java:format(96)) - Storage directory /home/runner/work/ozone/ozone/hadoop-ozone/integration-test/target/test-dir/MiniOzoneClusterImpl-fa5f3e5f-d2ce-4aac-89a4-435e2b21547f/ozone-meta/ratis/bf265839-605b-3f16-9796-c5ba1605619e has been successfully formatted.
2023-01-03 10:07:53,666 [om1-impl-thread1] INFO  server.RaftServerConfigKeys (ConfUtils.java:logGet(46)) - raft.server.log.use.memory = false (default)
2023-01-03 10:07:53,666 [om1-impl-thread1] INFO  server.RaftServerConfigKeys (ConfUtils.java:logGet(46)) - raft.server.log.purge.gap = 1000000 (custom)
2023-01-03 10:07:53,666 [om1-impl-thread1] INFO  server.RaftServerConfigKeys (ConfUtils.java:logGet(46)) - raft.server.log.appender.buffer.byte-limit = 33554432 (custom)
2023-01-03 10:07:53,666 [om1-impl-thread1] INFO  server.RaftServerConfigKeys (ConfUtils.java:logGet(46)) - raft.server.log.statemachine.data.read.timeout = 1000ms (default)
2023-01-03 10:07:53,666 [om1-impl-thread1] INFO  server.RaftServerConfigKeys (ConfUtils.java:logGet(46)) - raft.server.log.purge.preservation.log.num = 0 (default)
2023-01-03 10:07:53,666 [om1-impl-thread1] INFO  server.RaftServerConfigKeys (ConfUtils.java:logGet(46)) - raft.server.log.segment.size.max = 4194304 (custom)
2023-01-03 10:07:53,666 [om1-impl-thread1] INFO  server.RaftServerConfigKeys (ConfUtils.java:logGet(46)) - raft.server.log.segment.cache.num.max = 2 (custom)
2023-01-03 10:07:53,666 [om1-impl-thread1] INFO  server.RaftServerConfigKeys (ConfUtils.java:logGet(46)) - raft.server.log.segment.cache.size.max = 200MB (=209715200) (default)
2023-01-03 10:07:53,666 [om1-impl-thread1] INFO  segmented.SegmentedRaftLogWorker (SegmentedRaftLogWorker.java:<init>(189)) - new om1@group-C5BA1605619E-SegmentedRaftLogWorker for RaftStorageImpl:Storage Directory /home/runner/work/ozone/ozone/hadoop-ozone/integration-test/target/test-dir/MiniOzoneClusterImpl-fa5f3e5f-d2ce-4aac-89a4-435e2b21547f/ozone-meta/ratis/bf265839-605b-3f16-9796-c5ba1605619e
2023-01-03 10:07:53,666 [om1-impl-thread1] INFO  server.RaftServerConfigKeys (ConfUtils.java:logGet(46)) - raft.server.log.queue.byte-limit = 64MB (=67108864) (default)
2023-01-03 10:07:53,666 [om1-impl-thread1] INFO  server.RaftServerConfigKeys (ConfUtils.java:logGet(46)) - raft.server.log.queue.element-limit = 4096 (default)
2023-01-03 10:07:53,666 [om1-impl-thread1] INFO  server.RaftServerConfigKeys (ConfUtils.java:logGet(46)) - raft.server.log.segment.size.max = 4194304 (custom)
2023-01-03 10:07:53,666 [om1-impl-thread1] INFO  server.RaftServerConfigKeys (ConfUtils.java:logGet(46)) - raft.server.log.preallocated.size = 4194304 (custom)
2023-01-03 10:07:53,666 [om1-impl-thread1] INFO  server.RaftServerConfigKeys (ConfUtils.java:logGet(46)) - raft.server.log.force.sync.num = 128 (default)
2023-01-03 10:07:53,666 [om1-impl-thread1] INFO  server.RaftServerConfigKeys (ConfUtils.java:logGet(46)) - raft.server.log.statemachine.data.sync = true (default)
2023-01-03 10:07:53,666 [om1-impl-thread1] INFO  server.RaftServerConfigKeys (ConfUtils.java:logGet(46)) - raft.server.log.statemachine.data.sync.timeout = 10s (default)
2023-01-03 10:07:53,666 [om1-impl-thread1] INFO  server.RaftServerConfigKeys (ConfUtils.java:logGet(46)) - raft.server.log.statemachine.data.sync.timeout.retry = -1 (default)
2023-01-03 10:07:53,667 [om1-impl-thread1] INFO  server.RaftServerConfigKeys (ConfUtils.java:logGet(46)) - raft.server.log.write.buffer.size = 64KB (=65536) (default)
2023-01-03 10:07:53,667 [om1-impl-thread1] INFO  server.RaftServerConfigKeys (ConfUtils.java:logGet(46)) - raft.server.log.appender.buffer.byte-limit = 33554432 (custom)
2023-01-03 10:07:53,669 [om1-impl-thread1] INFO  server.RaftServerConfigKeys (ConfUtils.java:logGet(46)) - raft.server.log.unsafe-flush.enabled = false (default)
2023-01-03 10:07:53,669 [om1-impl-thread1] INFO  server.RaftServerConfigKeys (ConfUtils.java:logGet(46)) - raft.server.log.async-flush.enabled = false (default)
2023-01-03 10:07:53,669 [om1-impl-thread1] INFO  server.RaftServerConfigKeys (ConfUtils.java:logGet(46)) - raft.server.log.statemachine.data.caching.enabled = false (default)
2023-01-03 10:07:53,670 [om1-impl-thread1] INFO  segmented.SegmentedRaftLogWorker (SegmentedRaftLogWorker.java:lambda$new$0(135)) - om1@group-C5BA1605619E-SegmentedRaftLogWorker: flushIndex: setUnconditionally 0 -> -1
2023-01-03 10:07:53,670 [om1-impl-thread1] INFO  segmented.SegmentedRaftLogWorker (SegmentedRaftLogWorker.java:lambda$new$0(135)) - om1@group-C5BA1605619E-SegmentedRaftLogWorker: safeCacheEvictIndex: setUnconditionally 0 -> -1
2023-01-03 10:07:53,670 [om1-impl-thread1] INFO  server.RaftServer$Division (RaftServerImpl.java:start(334)) - om1@group-C5BA1605619E: start as a follower, conf=-1: peers:[om1|rpc:localhost:9872|priority:0|startupRole:FOLLOWER]|listeners:[], old=null
2023-01-03 10:07:53,670 [om1-impl-thread1] INFO  server.RaftServer$Division (RaftServerImpl.java:setRole(321)) - om1@group-C5BA1605619E: changes role from      null to FOLLOWER at term 0 for startAsFollower
2023-01-03 10:07:53,670 [om1-impl-thread1] INFO  impl.RoleInfo (RoleInfo.java:updateAndGet(139)) - om1: start om1@group-C5BA1605619E-FollowerState
2023-01-03 10:07:53,670 [om1-impl-thread1] INFO  util.JmxRegister (JmxRegister.java:tryRegister(44)) - Successfully registered JMX Bean with object name Ratis:service=RaftServer,group=group-C5BA1605619E,id=om1
2023-01-03 10:07:53,670 [om1-impl-thread1] INFO  server.RaftServerConfigKeys (ConfUtils.java:logGet(46)) - raft.server.snapshot.auto.trigger.enabled = true (custom)
2023-01-03 10:07:53,671 [om1-impl-thread1] INFO  server.RaftServerConfigKeys (ConfUtils.java:logGet(46)) - raft.server.snapshot.auto.trigger.threshold = 400000 (default)
2023-01-03 10:07:53,671 [om1-impl-thread1] INFO  server.RaftServerConfigKeys (ConfUtils.java:logGet(46)) - raft.server.snapshot.retention.file.num = -1 (default)
2023-01-03 10:07:53,671 [om1-impl-thread1] INFO  server.RaftServerConfigKeys (ConfUtils.java:logGet(46)) - raft.server.log.purge.upto.snapshot.index = true (custom)
2023-01-03 10:07:53,671 [om1@group-C5BA1605619E-FollowerState] INFO  server.RaftServerConfigKeys (ConfUtils.java:logFallback(53)) - raft.server.rpc.first-election.timeout.min = 1s (fallback to raft.server.rpc.timeout.min)
2023-01-03 10:07:53,671 [om1@group-C5BA1605619E-FollowerState] INFO  server.RaftServerConfigKeys (ConfUtils.java:logFallback(53)) - raft.server.rpc.first-election.timeout.max = 1200ms (fallback to raft.server.rpc.timeout.max)
2023-01-03 10:07:53,672 [Listener at 127.0.0.1/46431] INFO  server.RaftServer (RaftServerProxy.java:startImpl(393)) - om1: start RPC server
2023-01-03 10:07:53,674 [Listener at 127.0.0.1/46431] INFO  server.GrpcService (GrpcService.java:startImpl(262)) - om1: GrpcService started, listening on 9872
2023-01-03 10:07:53,674 [Listener at 127.0.0.1/46431] INFO  om.OzoneManager (OzoneManager.java:start(1502)) - Version File has different layout version (3) than OM DB (null). That is expected if this OM has never been finalized to a newer layout version.
2023-01-03 10:07:53,674 [JvmPauseMonitor11] INFO  util.JvmPauseMonitor (JvmPauseMonitor.java:run(105)) - JvmPauseMonitor-om1: Started
2023-01-03 10:07:53,676 [Listener at 127.0.0.1/46431] INFO  http.BaseHttpServer (BaseHttpServer.java:newHttpServer2BuilderForOzone(213)) - Starting Web-server for ozoneManager at: http://0.0.0.0:0
2023-01-03 10:07:53,676 [Listener at 127.0.0.1/46431] INFO  http.BaseHttpServer (BaseHttpServer.java:<init>(108)) - Hadoop Security Enabled: false Ozone Security Enabled: false Ozone HTTP Security Enabled: false 
2023-01-03 10:07:53,677 [Listener at 127.0.0.1/46431] WARN  server.AuthenticationFilter (AuthenticationFilter.java:constructSecretProvider(240)) - Unable to initialize FileSignerSecretProvider, falling back to use random secrets. Reason: Could not read signature secret file: /home/runner/hadoop-http-auth-signature-secret
2023-01-03 10:07:53,678 [Listener at 127.0.0.1/46431] WARN  http.HttpRequestLog (HttpRequestLog.java:getRequestLog(103)) - Jetty request log can only be enabled using Log4j
2023-01-03 10:07:53,679 [Listener at 127.0.0.1/46431] INFO  http.HttpServer2 (HttpServer2.java:addGlobalFilter(1031)) - Added global filter 'safety' (class=org.apache.hadoop.hdds.server.http.HttpServer2$QuotingInputFilter)
2023-01-03 10:07:53,680 [Listener at 127.0.0.1/46431] INFO  http.HttpServer2 (HttpServer2.java:addFilter(1007)) - Added filter static_user_filter (class=org.apache.hadoop.http.lib.StaticUserWebFilter$StaticUserFilter) to context ozoneManager
2023-01-03 10:07:53,680 [Listener at 127.0.0.1/46431] INFO  http.HttpServer2 (HttpServer2.java:addFilter(1015)) - Added filter static_user_filter (class=org.apache.hadoop.http.lib.StaticUserWebFilter$StaticUserFilter) to context static
2023-01-03 10:07:53,680 [Listener at 127.0.0.1/46431] INFO  http.HttpServer2 (HttpServer2.java:addFilter(1015)) - Added filter static_user_filter (class=org.apache.hadoop.http.lib.StaticUserWebFilter$StaticUserFilter) to context logs
2023-01-03 10:07:53,680 [Listener at 127.0.0.1/46431] INFO  http.HttpServer2 (HttpServer2.java:bindListener(1250)) - Jetty bound to port 40699
2023-01-03 10:07:53,681 [Listener at 127.0.0.1/46431] INFO  server.Server (Server.java:doStart(375)) - jetty-9.4.49.v20220914; built: 2022-09-14T01:07:36.601Z; git: 4231a3b2e4cb8548a412a789936d640a97b1aa0a; jvm 1.8.0_352-b08
2023-01-03 10:07:53,687 [Listener at 127.0.0.1/46431] INFO  server.session (DefaultSessionIdManager.java:doStart(334)) - DefaultSessionIdManager workerName=node0
2023-01-03 10:07:53,687 [Listener at 127.0.0.1/46431] INFO  server.session (DefaultSessionIdManager.java:doStart(339)) - No SessionScavenger set, using defaults
2023-01-03 10:07:53,687 [Listener at 127.0.0.1/46431] INFO  server.session (HouseKeeper.java:startScavenging(132)) - node0 Scavenging every 600000ms
2023-01-03 10:07:53,688 [Listener at 127.0.0.1/46431] INFO  handler.ContextHandler (ContextHandler.java:doStart(921)) - Started o.e.j.s.ServletContextHandler@8d52268{logs,/logs,file:///home/runner/work/ozone/ozone/hadoop-ozone/integration-test/target/log,AVAILABLE}
2023-01-03 10:07:53,688 [Listener at 127.0.0.1/46431] INFO  handler.ContextHandler (ContextHandler.java:doStart(921)) - Started o.e.j.s.ServletContextHandler@1fa3dd3{static,/static,file:///home/runner/work/ozone/ozone/hadoop-ozone/integration-test/target/test-classes/webapps/static,AVAILABLE}
2023-01-03 10:07:53,696 [Listener at 127.0.0.1/46431] INFO  handler.ContextHandler (ContextHandler.java:doStart(921)) - Started o.e.j.w.WebAppContext@1a630ad6{ozoneManager,/,file:///home/runner/work/ozone/ozone/hadoop-ozone/integration-test/target/test-classes/webapps/ozoneManager/,AVAILABLE}{file:/home/runner/work/ozone/ozone/hadoop-ozone/integration-test/target/test-classes/webapps/ozoneManager}
2023-01-03 10:07:53,698 [Listener at 127.0.0.1/46431] INFO  server.AbstractConnector (AbstractConnector.java:doStart(333)) - Started ServerConnector@443b1e8c{HTTP/1.1, (http/1.1)}{0.0.0.0:40699}
2023-01-03 10:07:53,698 [Listener at 127.0.0.1/46431] INFO  server.Server (Server.java:doStart(415)) - Started @114488ms
2023-01-03 10:07:53,698 [Listener at 127.0.0.1/46431] WARN  impl.MetricsSystemImpl (MetricsSystemImpl.java:register(279)) - Sink prometheus already exists!
2023-01-03 10:07:53,699 [Listener at 127.0.0.1/46431] INFO  http.BaseHttpServer (BaseHttpServer.java:updateConnectorAddress(333)) - HTTP server of ozoneManager listening at http://0.0.0.0:40699
2023-01-03 10:07:53,700 [IPC Server Responder] INFO  ipc.Server (Server.java:run(1512)) - IPC Server Responder: starting
2023-01-03 10:07:53,701 [IPC Server listener on 0] INFO  ipc.Server (Server.java:run(1352)) - IPC Server listener on 0: starting
2023-01-03 10:07:53,706 [Listener at 127.0.0.1/46431] INFO  om.TrashPolicyOzone (TrashPolicyOzone.java:<init>(275)) - Ozone Manager trash configuration: Deletion interval = 0 minutes, Emptier interval = 0 minutes.
2023-01-03 10:07:53,713 [org.apache.hadoop.util.JvmPauseMonitor$Monitor@489200e] INFO  util.JvmPauseMonitor (JvmPauseMonitor.java:run(188)) - Starting JVM pause monitor
2023-01-03 10:07:53,732 [Listener at 127.0.0.1/46431] WARN  impl.MetricRegistriesImpl (MetricRegistriesImpl.java:addReporterRegistration(111)) - New reporters are added after registries were created. Some metrics will be missing from the reporter. Please add reporter before adding any new registry.
2023-01-03 10:07:53,733 [Listener at 127.0.0.1/46431] WARN  impl.MetricRegistriesImpl (MetricRegistriesImpl.java:addReporterRegistration(111)) - New reporters are added after registries were created. Some metrics will be missing from the reporter. Please add reporter before adding any new registry.
2023-01-03 10:07:53,733 [Listener at 127.0.0.1/46431] INFO  impl.MetricsSystemImpl (MetricsSystemImpl.java:init(158)) - HddsDatanode metrics system started (again)
2023-01-03 10:07:53,746 [Listener at 127.0.0.1/46431] INFO  ozone.HddsDatanodeService (HddsDatanodeService.java:start(237)) - HddsDatanodeService host:fv-az292-374.tqgtyn10aqxuxoi0mkfbldi5vh.jx.internal.cloudapp.net ip:10.1.0.13
2023-01-03 10:07:53,761 [Listener at 127.0.0.1/46431] INFO  upgrade.AbstractLayoutVersionManager (AbstractLayoutVersionManager.java:init(83)) - Initializing Layout version manager with metadata layout = DATANODE_SCHEMA_V3 (version = 4), software layout = DATANODE_SCHEMA_V3 (version = 4)
2023-01-03 10:07:53,806 [Listener at 127.0.0.1/46431] INFO  reflections.Reflections (Reflections.java:scan(232)) - Reflections took 44 ms to scan 7 urls, producing 146 keys and 350 values 
2023-01-03 10:07:53,812 [Listener at 127.0.0.1/46431] INFO  statemachine.DatanodeStateMachine (DatanodeStateMachine.java:getEndPointTaskThreadPoolSize(248)) - Datanode State Machine Task Thread Pool size 2
2023-01-03 10:07:53,814 [Listener at 127.0.0.1/46431] INFO  volume.HddsVolume (HddsVolume.java:<init>(117)) - Creating HddsVolume: /home/runner/work/ozone/ozone/hadoop-ozone/integration-test/target/test-dir/MiniOzoneClusterImpl-fa5f3e5f-d2ce-4aac-89a4-435e2b21547f/datanode-0/data-0/containers/hdds of storage type : DISK capacity : 9223372036854775807
2023-01-03 10:07:53,814 [Listener at 127.0.0.1/46431] INFO  volume.MutableVolumeSet (MutableVolumeSet.java:initializeVolumeSet(174)) - Added Volume : /home/runner/work/ozone/ozone/hadoop-ozone/integration-test/target/test-dir/MiniOzoneClusterImpl-fa5f3e5f-d2ce-4aac-89a4-435e2b21547f/datanode-0/data-0/containers/hdds to VolumeSet
2023-01-03 10:07:53,814 [Listener at 127.0.0.1/46431] INFO  volume.ThrottledAsyncChecker (ThrottledAsyncChecker.java:schedule(141)) - Scheduling a check for /home/runner/work/ozone/ozone/hadoop-ozone/integration-test/target/test-dir/MiniOzoneClusterImpl-fa5f3e5f-d2ce-4aac-89a4-435e2b21547f/datanode-0/data-0/containers/hdds
2023-01-03 10:07:53,816 [Listener at 127.0.0.1/46431] INFO  volume.StorageVolumeChecker (StorageVolumeChecker.java:checkAllVolumes(202)) - Scheduled health check for volume /home/runner/work/ozone/ozone/hadoop-ozone/integration-test/target/test-dir/MiniOzoneClusterImpl-fa5f3e5f-d2ce-4aac-89a4-435e2b21547f/datanode-0/data-0/containers/hdds
2023-01-03 10:07:53,828 [Listener at 127.0.0.1/46431] INFO  volume.MutableVolumeSet (MutableVolumeSet.java:initializeVolumeSet(174)) - Added Volume : /home/runner/work/ozone/ozone/hadoop-ozone/integration-test/target/test-dir/MiniOzoneClusterImpl-fa5f3e5f-d2ce-4aac-89a4-435e2b21547f/datanode-0/data/ratis to VolumeSet
2023-01-03 10:07:53,828 [Listener at 127.0.0.1/46431] INFO  volume.ThrottledAsyncChecker (ThrottledAsyncChecker.java:schedule(141)) - Scheduling a check for /home/runner/work/ozone/ozone/hadoop-ozone/integration-test/target/test-dir/MiniOzoneClusterImpl-fa5f3e5f-d2ce-4aac-89a4-435e2b21547f/datanode-0/data/ratis
2023-01-03 10:07:53,828 [Listener at 127.0.0.1/46431] INFO  volume.StorageVolumeChecker (StorageVolumeChecker.java:checkAllVolumes(202)) - Scheduled health check for volume /home/runner/work/ozone/ozone/hadoop-ozone/integration-test/target/test-dir/MiniOzoneClusterImpl-fa5f3e5f-d2ce-4aac-89a4-435e2b21547f/datanode-0/data/ratis
2023-01-03 10:07:53,841 [Thread-899] INFO  ozoneimpl.ContainerReader (ContainerReader.java:readVolume(175)) - Finish verifying containers on volume /home/runner/work/ozone/ozone/hadoop-ozone/integration-test/target/test-dir/MiniOzoneClusterImpl-fa5f3e5f-d2ce-4aac-89a4-435e2b21547f/datanode-0/data-0/containers/hdds
2023-01-03 10:07:53,841 [Listener at 127.0.0.1/46431] INFO  ozoneimpl.OzoneContainer (OzoneContainer.java:buildContainerSet(301)) - Build ContainerSet costs 0s
2023-01-03 10:07:53,845 [Listener at 127.0.0.1/46431] INFO  server.RaftServer (ConfUtils.java:logGet(46)) - raft.rpc.type = GRPC (default)
2023-01-03 10:07:53,845 [Listener at 127.0.0.1/46431] INFO  grpc.GrpcConfigKeys (ConfUtils.java:logFallback(53)) - raft.grpc.admin.host = null (fallback to raft.grpc.server.host)
2023-01-03 10:07:53,845 [Listener at 127.0.0.1/46431] INFO  grpc.GrpcConfigKeys (ConfUtils.java:logGet(46)) - raft.grpc.admin.port = 0 (custom)
2023-01-03 10:07:53,845 [Listener at 127.0.0.1/46431] INFO  grpc.GrpcConfigKeys (ConfUtils.java:logFallback(53)) - raft.grpc.client.host = null (fallback to raft.grpc.server.host)
2023-01-03 10:07:53,845 [Listener at 127.0.0.1/46431] INFO  grpc.GrpcConfigKeys (ConfUtils.java:logGet(46)) - raft.grpc.client.port = 0 (custom)
2023-01-03 10:07:53,846 [Listener at 127.0.0.1/46431] INFO  grpc.GrpcConfigKeys (ConfUtils.java:logGet(46)) - raft.grpc.server.host = null (default)
2023-01-03 10:07:53,846 [Listener at 127.0.0.1/46431] INFO  grpc.GrpcConfigKeys (ConfUtils.java:logGet(46)) - raft.grpc.server.port = 0 (default)
2023-01-03 10:07:53,846 [Listener at 127.0.0.1/46431] INFO  server.GrpcService (ConfUtils.java:logGet(46)) - raft.grpc.message.size.max = 32MB (=33554432) (custom)
2023-01-03 10:07:53,846 [Listener at 127.0.0.1/46431] INFO  server.RaftServerConfigKeys (ConfUtils.java:logGet(46)) - raft.server.log.appender.buffer.byte-limit = 33554432 (custom)
2023-01-03 10:07:53,846 [Listener at 127.0.0.1/46431] INFO  server.GrpcService (ConfUtils.java:logGet(46)) - raft.grpc.flow.control.window = 5MB (=5242880) (custom)
2023-01-03 10:07:53,846 [Listener at 127.0.0.1/46431] INFO  server.RaftServerConfigKeys (ConfUtils.java:logGet(46)) - raft.server.rpc.request.timeout = 60s (custom)
2023-01-03 10:07:53,846 [Listener at 127.0.0.1/46431] INFO  grpc.GrpcConfigKeys (ConfUtils.java:logGet(46)) - raft.grpc.server.heartbeat.channel = true (default)
2023-01-03 10:07:53,846 [Listener at 127.0.0.1/46431] INFO  grpc.GrpcConfigKeys (ConfUtils.java:logGet(46)) - raft.grpc.server.async.request.thread.pool.cached = true (default)
2023-01-03 10:07:53,846 [Listener at 127.0.0.1/46431] INFO  grpc.GrpcConfigKeys (ConfUtils.java:logGet(46)) - raft.grpc.server.async.request.thread.pool.size = 32 (default)
2023-01-03 10:07:53,848 [Listener at 127.0.0.1/46431] INFO  impl.DataStreamServerImpl (ConfUtils.java:logGet(46)) - raft.datastream.type = NETTY (custom)
2023-01-03 10:07:53,848 [Listener at 127.0.0.1/46431] INFO  server.RaftServerConfigKeys (ConfUtils.java:logGet(46)) - raft.server.data-stream.async.request.thread.pool.cached = false (default)
2023-01-03 10:07:53,848 [Listener at 127.0.0.1/46431] INFO  server.RaftServerConfigKeys (ConfUtils.java:logGet(46)) - raft.server.data-stream.async.request.thread.pool.size = 20 (custom)
2023-01-03 10:07:53,848 [Listener at 127.0.0.1/46431] INFO  server.RaftServerConfigKeys (ConfUtils.java:logGet(46)) - raft.server.data-stream.async.write.thread.pool.size = 16 (default)
2023-01-03 10:07:53,848 [Listener at 127.0.0.1/46431] INFO  server.RaftServerConfigKeys (ConfUtils.java:logGet(46)) - raft.server.data-stream.client.pool.size = 10 (default)
2023-01-03 10:07:53,848 [Listener at 127.0.0.1/46431] INFO  netty.NettyConfigKeys$DataStream (ConfUtils.java:logGet(46)) - raft.netty.dataStream.server.use-epoll = false (default)
2023-01-03 10:07:53,849 [Listener at 127.0.0.1/46431] INFO  netty.NettyConfigKeys$DataStream (ConfUtils.java:logGet(46)) - raft.netty.dataStream.server.boss-group.size = 0 (default)
2023-01-03 10:07:53,849 [Listener at 127.0.0.1/46431] INFO  netty.NettyConfigKeys$DataStream (ConfUtils.java:logGet(46)) - raft.netty.dataStream.server.worker-group.size = 0 (default)
2023-01-03 10:07:53,850 [Listener at 127.0.0.1/46431] INFO  netty.NettyConfigKeys$DataStream (ConfUtils.java:logGet(46)) - raft.netty.dataStream.server.tls.conf = null (default)
2023-01-03 10:07:53,850 [Listener at 127.0.0.1/46431] INFO  netty.NettyConfigKeys$DataStream (ConfUtils.java:logGet(46)) - raft.netty.dataStream.host = null (default)
2023-01-03 10:07:53,850 [Listener at 127.0.0.1/46431] INFO  netty.NettyConfigKeys$DataStream (ConfUtils.java:logGet(46)) - raft.netty.dataStream.port = 0 (default)
2023-01-03 10:07:53,852 [Listener at 127.0.0.1/46431] INFO  server.RaftServerConfigKeys (ConfUtils.java:logGet(46)) - raft.server.threadpool.proxy.cached = true (default)
2023-01-03 10:07:53,853 [Listener at 127.0.0.1/46431] INFO  server.RaftServerConfigKeys (ConfUtils.java:logGet(46)) - raft.server.threadpool.proxy.size = 0 (default)
2023-01-03 10:07:53,853 [Listener at 127.0.0.1/46431] INFO  server.RaftServerConfigKeys (ConfUtils.java:logGet(46)) - raft.server.rpc.slowness.timeout = 300s (custom)
2023-01-03 10:07:53,853 [Listener at 127.0.0.1/46431] INFO  server.RaftServerConfigKeys (ConfUtils.java:logGet(46)) - raft.server.leaderelection.leader.step-down.wait-time = 10s (default)
2023-01-03 10:07:53,853 [Listener at 127.0.0.1/46431] INFO  server.RaftServerConfigKeys (ConfUtils.java:logGet(46)) - raft.server.storage.dir = [/home/runner/work/ozone/ozone/hadoop-ozone/integration-test/target/test-dir/MiniOzoneClusterImpl-fa5f3e5f-d2ce-4aac-89a4-435e2b21547f/datanode-0/data/ratis] (custom)
2023-01-03 10:07:53,853 [c7e71a96-70a3-435a-a6b2-b0df4fa5b7cd-NettyServerStreamRpc-bossGroup--thread1] INFO  logging.LoggingHandler (AbstractInternalLogger.java:log(148)) - [id: 0xe43e1d3b] REGISTERED
2023-01-03 10:07:53,853 [c7e71a96-70a3-435a-a6b2-b0df4fa5b7cd-NettyServerStreamRpc-bossGroup--thread1] INFO  logging.LoggingHandler (AbstractInternalLogger.java:log(148)) - [id: 0xe43e1d3b] BIND: 0.0.0.0/0.0.0.0:0
2023-01-03 10:07:53,855 [c7e71a96-70a3-435a-a6b2-b0df4fa5b7cd-NettyServerStreamRpc-bossGroup--thread1] INFO  logging.LoggingHandler (AbstractInternalLogger.java:log(148)) - [id: 0xe43e1d3b, L:/0:0:0:0:0:0:0:0:37175] ACTIVE
2023-01-03 10:07:53,856 [Listener at 127.0.0.1/46431] INFO  server.XceiverServerGrpc (XceiverServerGrpc.java:<init>(132)) - GrpcServer channel type EpollServerSocketChannel
2023-01-03 10:07:53,860 [Listener at 127.0.0.1/46431] INFO  http.BaseHttpServer (BaseHttpServer.java:newHttpServer2BuilderForOzone(213)) - Starting Web-server for hddsDatanode at: http://0.0.0.0:0
2023-01-03 10:07:53,860 [Listener at 127.0.0.1/46431] INFO  http.BaseHttpServer (BaseHttpServer.java:<init>(108)) - Hadoop Security Enabled: false Ozone Security Enabled: false Ozone HTTP Security Enabled: false 
2023-01-03 10:07:53,861 [Listener at 127.0.0.1/46431] WARN  server.AuthenticationFilter (AuthenticationFilter.java:constructSecretProvider(240)) - Unable to initialize FileSignerSecretProvider, falling back to use random secrets. Reason: Could not read signature secret file: /home/runner/hadoop-http-auth-signature-secret
2023-01-03 10:07:53,862 [Listener at 127.0.0.1/46431] WARN  http.HttpRequestLog (HttpRequestLog.java:getRequestLog(103)) - Jetty request log can only be enabled using Log4j
2023-01-03 10:07:53,864 [Listener at 127.0.0.1/46431] INFO  http.HttpServer2 (HttpServer2.java:addGlobalFilter(1031)) - Added global filter 'safety' (class=org.apache.hadoop.hdds.server.http.HttpServer2$QuotingInputFilter)
2023-01-03 10:07:53,864 [Listener at 127.0.0.1/46431] INFO  http.HttpServer2 (HttpServer2.java:addFilter(1007)) - Added filter static_user_filter (class=org.apache.hadoop.http.lib.StaticUserWebFilter$StaticUserFilter) to context hddsDatanode
2023-01-03 10:07:53,864 [Listener at 127.0.0.1/46431] INFO  http.HttpServer2 (HttpServer2.java:addFilter(1015)) - Added filter static_user_filter (class=org.apache.hadoop.http.lib.StaticUserWebFilter$StaticUserFilter) to context logs
2023-01-03 10:07:53,864 [Listener at 127.0.0.1/46431] INFO  http.HttpServer2 (HttpServer2.java:addFilter(1015)) - Added filter static_user_filter (class=org.apache.hadoop.http.lib.StaticUserWebFilter$StaticUserFilter) to context static
2023-01-03 10:07:53,865 [Listener at 127.0.0.1/46431] INFO  http.HttpServer2 (HttpServer2.java:bindListener(1250)) - Jetty bound to port 40967
2023-01-03 10:07:53,865 [Listener at 127.0.0.1/46431] INFO  server.Server (Server.java:doStart(375)) - jetty-9.4.49.v20220914; built: 2022-09-14T01:07:36.601Z; git: 4231a3b2e4cb8548a412a789936d640a97b1aa0a; jvm 1.8.0_352-b08
2023-01-03 10:07:53,868 [Listener at 127.0.0.1/46431] INFO  server.session (DefaultSessionIdManager.java:doStart(334)) - DefaultSessionIdManager workerName=node0
2023-01-03 10:07:53,868 [Listener at 127.0.0.1/46431] INFO  server.session (DefaultSessionIdManager.java:doStart(339)) - No SessionScavenger set, using defaults
2023-01-03 10:07:53,868 [Listener at 127.0.0.1/46431] INFO  server.session (HouseKeeper.java:startScavenging(132)) - node0 Scavenging every 660000ms
2023-01-03 10:07:53,870 [Listener at 127.0.0.1/46431] INFO  handler.ContextHandler (ContextHandler.java:doStart(921)) - Started o.e.j.s.ServletContextHandler@db442be{logs,/logs,file:///home/runner/work/ozone/ozone/hadoop-ozone/integration-test/target/log,AVAILABLE}
2023-01-03 10:07:53,871 [Listener at 127.0.0.1/46431] INFO  handler.ContextHandler (ContextHandler.java:doStart(921)) - Started o.e.j.s.ServletContextHandler@2a5f86c2{static,/static,jar:file:/home/runner/.m2/repository/org/apache/ozone/hdds-container-service/1.4.0-SNAPSHOT/hdds-container-service-1.4.0-SNAPSHOT.jar!/webapps/static,AVAILABLE}
2023-01-03 10:07:54,047 [Listener at 127.0.0.1/46431] INFO  handler.ContextHandler (ContextHandler.java:doStart(921)) - Started o.e.j.w.WebAppContext@46dd1382{hddsDatanode,/,file:///tmp/jetty-0_0_0_0-40967-hdds-container-service-1_4_0-SNAPSHOT_jar-_-any-1423012200013949619/webapp/,AVAILABLE}{jar:file:/home/runner/.m2/repository/org/apache/ozone/hdds-container-service/1.4.0-SNAPSHOT/hdds-container-service-1.4.0-SNAPSHOT.jar!/webapps/hddsDatanode}
2023-01-03 10:07:54,049 [Listener at 127.0.0.1/46431] INFO  server.AbstractConnector (AbstractConnector.java:doStart(333)) - Started ServerConnector@3d4542d7{HTTP/1.1, (http/1.1)}{0.0.0.0:40967}
2023-01-03 10:07:54,049 [Listener at 127.0.0.1/46431] INFO  server.Server (Server.java:doStart(415)) - Started @114839ms
2023-01-03 10:07:54,049 [Listener at 127.0.0.1/46431] WARN  impl.MetricsSystemImpl (MetricsSystemImpl.java:register(279)) - Sink prometheus already exists!
2023-01-03 10:07:54,050 [Listener at 127.0.0.1/46431] INFO  http.BaseHttpServer (BaseHttpServer.java:updateConnectorAddress(333)) - HTTP server of hddsDatanode listening at http://0.0.0.0:40967
2023-01-03 10:07:54,051 [Datanode State Machine Daemon Thread] INFO  statemachine.DatanodeStateMachine (DatanodeStateMachine.java:lambda$startDaemon$0(508)) - Ozone container server started.
2023-01-03 10:07:54,051 [Listener at 127.0.0.1/46431] WARN  impl.MetricRegistriesImpl (MetricRegistriesImpl.java:addReporterRegistration(111)) - New reporters are added after registries were created. Some metrics will be missing from the reporter. Please add reporter before adding any new registry.
2023-01-03 10:07:54,051 [Listener at 127.0.0.1/46431] WARN  impl.MetricRegistriesImpl (MetricRegistriesImpl.java:addReporterRegistration(111)) - New reporters are added after registries were created. Some metrics will be missing from the reporter. Please add reporter before adding any new registry.
2023-01-03 10:07:54,052 [Listener at 127.0.0.1/46431] INFO  impl.MetricsSystemImpl (MetricsSystemImpl.java:init(158)) - HddsDatanode metrics system started (again)
2023-01-03 10:07:54,062 [Listener at 127.0.0.1/46431] INFO  ozone.HddsDatanodeService (HddsDatanodeService.java:start(237)) - HddsDatanodeService host:fv-az292-374.tqgtyn10aqxuxoi0mkfbldi5vh.jx.internal.cloudapp.net ip:10.1.0.13
2023-01-03 10:07:54,064 [org.apache.hadoop.util.JvmPauseMonitor$Monitor@23be4a80] INFO  util.JvmPauseMonitor (JvmPauseMonitor.java:run(188)) - Starting JVM pause monitor
2023-01-03 10:07:54,068 [Datanode State Machine Task Thread - 0] INFO  datanode.InitDatanodeState (InitDatanodeState.java:persistContainerDatanodeDetails(138)) - DatanodeDetails is persisted to /home/runner/work/ozone/ozone/hadoop-ozone/integration-test/target/test-dir/MiniOzoneClusterImpl-fa5f3e5f-d2ce-4aac-89a4-435e2b21547f/datanode-0/meta/datanode.id
2023-01-03 10:07:54,079 [Listener at 127.0.0.1/46431] INFO  upgrade.AbstractLayoutVersionManager (AbstractLayoutVersionManager.java:init(83)) - Initializing Layout version manager with metadata layout = DATANODE_SCHEMA_V3 (version = 4), software layout = DATANODE_SCHEMA_V3 (version = 4)
2023-01-03 10:07:54,125 [Listener at 127.0.0.1/46431] INFO  reflections.Reflections (Reflections.java:scan(232)) - Reflections took 43 ms to scan 7 urls, producing 146 keys and 350 values 
2023-01-03 10:07:54,126 [Listener at 127.0.0.1/46431] INFO  statemachine.DatanodeStateMachine (DatanodeStateMachine.java:getEndPointTaskThreadPoolSize(248)) - Datanode State Machine Task Thread Pool size 2
2023-01-03 10:07:54,129 [Listener at 127.0.0.1/46431] INFO  volume.HddsVolume (HddsVolume.java:<init>(117)) - Creating HddsVolume: /home/runner/work/ozone/ozone/hadoop-ozone/integration-test/target/test-dir/MiniOzoneClusterImpl-fa5f3e5f-d2ce-4aac-89a4-435e2b21547f/datanode-1/data-0/containers/hdds of storage type : DISK capacity : 9223372036854775807
2023-01-03 10:07:54,133 [Listener at 127.0.0.1/46431] INFO  volume.MutableVolumeSet (MutableVolumeSet.java:initializeVolumeSet(174)) - Added Volume : /home/runner/work/ozone/ozone/hadoop-ozone/integration-test/target/test-dir/MiniOzoneClusterImpl-fa5f3e5f-d2ce-4aac-89a4-435e2b21547f/datanode-1/data-0/containers/hdds to VolumeSet
2023-01-03 10:07:54,133 [Listener at 127.0.0.1/46431] INFO  volume.ThrottledAsyncChecker (ThrottledAsyncChecker.java:schedule(141)) - Scheduling a check for /home/runner/work/ozone/ozone/hadoop-ozone/integration-test/target/test-dir/MiniOzoneClusterImpl-fa5f3e5f-d2ce-4aac-89a4-435e2b21547f/datanode-1/data-0/containers/hdds
2023-01-03 10:07:54,137 [Listener at 127.0.0.1/46431] INFO  volume.StorageVolumeChecker (StorageVolumeChecker.java:checkAllVolumes(202)) - Scheduled health check for volume /home/runner/work/ozone/ozone/hadoop-ozone/integration-test/target/test-dir/MiniOzoneClusterImpl-fa5f3e5f-d2ce-4aac-89a4-435e2b21547f/datanode-1/data-0/containers/hdds
2023-01-03 10:07:54,147 [Listener at 127.0.0.1/46431] INFO  volume.MutableVolumeSet (MutableVolumeSet.java:initializeVolumeSet(174)) - Added Volume : /home/runner/work/ozone/ozone/hadoop-ozone/integration-test/target/test-dir/MiniOzoneClusterImpl-fa5f3e5f-d2ce-4aac-89a4-435e2b21547f/datanode-1/data/ratis to VolumeSet
2023-01-03 10:07:54,148 [Listener at 127.0.0.1/46431] INFO  volume.ThrottledAsyncChecker (ThrottledAsyncChecker.java:schedule(141)) - Scheduling a check for /home/runner/work/ozone/ozone/hadoop-ozone/integration-test/target/test-dir/MiniOzoneClusterImpl-fa5f3e5f-d2ce-4aac-89a4-435e2b21547f/datanode-1/data/ratis
2023-01-03 10:07:54,148 [Listener at 127.0.0.1/46431] INFO  volume.StorageVolumeChecker (StorageVolumeChecker.java:checkAllVolumes(202)) - Scheduled health check for volume /home/runner/work/ozone/ozone/hadoop-ozone/integration-test/target/test-dir/MiniOzoneClusterImpl-fa5f3e5f-d2ce-4aac-89a4-435e2b21547f/datanode-1/data/ratis
2023-01-03 10:07:54,159 [Thread-913] INFO  ozoneimpl.ContainerReader (ContainerReader.java:readVolume(175)) - Finish verifying containers on volume /home/runner/work/ozone/ozone/hadoop-ozone/integration-test/target/test-dir/MiniOzoneClusterImpl-fa5f3e5f-d2ce-4aac-89a4-435e2b21547f/datanode-1/data-0/containers/hdds
2023-01-03 10:07:54,159 [Listener at 127.0.0.1/46431] INFO  ozoneimpl.OzoneContainer (OzoneContainer.java:buildContainerSet(301)) - Build ContainerSet costs 0s
2023-01-03 10:07:54,166 [Listener at 127.0.0.1/46431] INFO  server.RaftServer (ConfUtils.java:logGet(46)) - raft.rpc.type = GRPC (default)
2023-01-03 10:07:54,166 [Listener at 127.0.0.1/46431] INFO  grpc.GrpcConfigKeys (ConfUtils.java:logFallback(53)) - raft.grpc.admin.host = null (fallback to raft.grpc.server.host)
2023-01-03 10:07:54,167 [Listener at 127.0.0.1/46431] INFO  grpc.GrpcConfigKeys (ConfUtils.java:logGet(46)) - raft.grpc.admin.port = 0 (custom)
2023-01-03 10:07:54,167 [Listener at 127.0.0.1/46431] INFO  grpc.GrpcConfigKeys (ConfUtils.java:logFallback(53)) - raft.grpc.client.host = null (fallback to raft.grpc.server.host)
2023-01-03 10:07:54,167 [Listener at 127.0.0.1/46431] INFO  grpc.GrpcConfigKeys (ConfUtils.java:logGet(46)) - raft.grpc.client.port = 0 (custom)
2023-01-03 10:07:54,167 [Listener at 127.0.0.1/46431] INFO  grpc.GrpcConfigKeys (ConfUtils.java:logGet(46)) - raft.grpc.server.host = null (default)
2023-01-03 10:07:54,167 [Listener at 127.0.0.1/46431] INFO  grpc.GrpcConfigKeys (ConfUtils.java:logGet(46)) - raft.grpc.server.port = 0 (default)
2023-01-03 10:07:54,167 [Listener at 127.0.0.1/46431] INFO  server.GrpcService (ConfUtils.java:logGet(46)) - raft.grpc.message.size.max = 32MB (=33554432) (custom)
2023-01-03 10:07:54,167 [Listener at 127.0.0.1/46431] INFO  server.RaftServerConfigKeys (ConfUtils.java:logGet(46)) - raft.server.log.appender.buffer.byte-limit = 33554432 (custom)
2023-01-03 10:07:54,167 [Listener at 127.0.0.1/46431] INFO  server.GrpcService (ConfUtils.java:logGet(46)) - raft.grpc.flow.control.window = 5MB (=5242880) (custom)
2023-01-03 10:07:54,167 [Listener at 127.0.0.1/46431] INFO  server.RaftServerConfigKeys (ConfUtils.java:logGet(46)) - raft.server.rpc.request.timeout = 60s (custom)
2023-01-03 10:07:54,167 [Listener at 127.0.0.1/46431] INFO  grpc.GrpcConfigKeys (ConfUtils.java:logGet(46)) - raft.grpc.server.heartbeat.channel = true (default)
2023-01-03 10:07:54,167 [Listener at 127.0.0.1/46431] INFO  grpc.GrpcConfigKeys (ConfUtils.java:logGet(46)) - raft.grpc.server.async.request.thread.pool.cached = true (default)
2023-01-03 10:07:54,168 [Listener at 127.0.0.1/46431] INFO  grpc.GrpcConfigKeys (ConfUtils.java:logGet(46)) - raft.grpc.server.async.request.thread.pool.size = 32 (default)
2023-01-03 10:07:54,169 [Listener at 127.0.0.1/46431] INFO  impl.DataStreamServerImpl (ConfUtils.java:logGet(46)) - raft.datastream.type = NETTY (custom)
2023-01-03 10:07:54,169 [Listener at 127.0.0.1/46431] INFO  server.RaftServerConfigKeys (ConfUtils.java:logGet(46)) - raft.server.data-stream.async.request.thread.pool.cached = false (default)
2023-01-03 10:07:54,169 [Listener at 127.0.0.1/46431] INFO  server.RaftServerConfigKeys (ConfUtils.java:logGet(46)) - raft.server.data-stream.async.request.thread.pool.size = 20 (custom)
2023-01-03 10:07:54,169 [Listener at 127.0.0.1/46431] INFO  server.RaftServerConfigKeys (ConfUtils.java:logGet(46)) - raft.server.data-stream.async.write.thread.pool.size = 16 (default)
2023-01-03 10:07:54,169 [Listener at 127.0.0.1/46431] INFO  server.RaftServerConfigKeys (ConfUtils.java:logGet(46)) - raft.server.data-stream.client.pool.size = 10 (default)
2023-01-03 10:07:54,170 [Listener at 127.0.0.1/46431] INFO  netty.NettyConfigKeys$DataStream (ConfUtils.java:logGet(46)) - raft.netty.dataStream.server.use-epoll = false (default)
2023-01-03 10:07:54,170 [Listener at 127.0.0.1/46431] INFO  netty.NettyConfigKeys$DataStream (ConfUtils.java:logGet(46)) - raft.netty.dataStream.server.boss-group.size = 0 (default)
2023-01-03 10:07:54,170 [Listener at 127.0.0.1/46431] INFO  netty.NettyConfigKeys$DataStream (ConfUtils.java:logGet(46)) - raft.netty.dataStream.server.worker-group.size = 0 (default)
2023-01-03 10:07:54,170 [Listener at 127.0.0.1/46431] INFO  netty.NettyConfigKeys$DataStream (ConfUtils.java:logGet(46)) - raft.netty.dataStream.server.tls.conf = null (default)
2023-01-03 10:07:54,170 [Listener at 127.0.0.1/46431] INFO  netty.NettyConfigKeys$DataStream (ConfUtils.java:logGet(46)) - raft.netty.dataStream.host = null (default)
2023-01-03 10:07:54,170 [Listener at 127.0.0.1/46431] INFO  netty.NettyConfigKeys$DataStream (ConfUtils.java:logGet(46)) - raft.netty.dataStream.port = 0 (default)
2023-01-03 10:07:54,171 [Listener at 127.0.0.1/46431] INFO  server.RaftServerConfigKeys (ConfUtils.java:logGet(46)) - raft.server.threadpool.proxy.cached = true (default)
2023-01-03 10:07:54,171 [Listener at 127.0.0.1/46431] INFO  server.RaftServerConfigKeys (ConfUtils.java:logGet(46)) - raft.server.threadpool.proxy.size = 0 (default)
2023-01-03 10:07:54,171 [Listener at 127.0.0.1/46431] INFO  server.RaftServerConfigKeys (ConfUtils.java:logGet(46)) - raft.server.rpc.slowness.timeout = 300s (custom)
2023-01-03 10:07:54,171 [Listener at 127.0.0.1/46431] INFO  server.RaftServerConfigKeys (ConfUtils.java:logGet(46)) - raft.server.leaderelection.leader.step-down.wait-time = 10s (default)
2023-01-03 10:07:54,172 [Listener at 127.0.0.1/46431] INFO  server.RaftServerConfigKeys (ConfUtils.java:logGet(46)) - raft.server.storage.dir = [/home/runner/work/ozone/ozone/hadoop-ozone/integration-test/target/test-dir/MiniOzoneClusterImpl-fa5f3e5f-d2ce-4aac-89a4-435e2b21547f/datanode-1/data/ratis] (custom)
2023-01-03 10:07:54,172 [6197d2f5-af8d-4e13-93f4-b3dc0462d19d-NettyServerStreamRpc-bossGroup--thread1] INFO  logging.LoggingHandler (AbstractInternalLogger.java:log(148)) - [id: 0x3623556e] REGISTERED
2023-01-03 10:07:54,172 [6197d2f5-af8d-4e13-93f4-b3dc0462d19d-NettyServerStreamRpc-bossGroup--thread1] INFO  logging.LoggingHandler (AbstractInternalLogger.java:log(148)) - [id: 0x3623556e] BIND: 0.0.0.0/0.0.0.0:0
2023-01-03 10:07:54,172 [6197d2f5-af8d-4e13-93f4-b3dc0462d19d-NettyServerStreamRpc-bossGroup--thread1] INFO  logging.LoggingHandler (AbstractInternalLogger.java:log(148)) - [id: 0x3623556e, L:/0:0:0:0:0:0:0:0:34149] ACTIVE
2023-01-03 10:07:54,173 [Listener at 127.0.0.1/46431] INFO  server.XceiverServerGrpc (XceiverServerGrpc.java:<init>(132)) - GrpcServer channel type EpollServerSocketChannel
2023-01-03 10:07:54,175 [Listener at 127.0.0.1/46431] INFO  http.BaseHttpServer (BaseHttpServer.java:newHttpServer2BuilderForOzone(213)) - Starting Web-server for hddsDatanode at: http://0.0.0.0:0
2023-01-03 10:07:54,175 [Listener at 127.0.0.1/46431] INFO  http.BaseHttpServer (BaseHttpServer.java:<init>(108)) - Hadoop Security Enabled: false Ozone Security Enabled: false Ozone HTTP Security Enabled: false 
2023-01-03 10:07:54,181 [Listener at 127.0.0.1/46431] WARN  server.AuthenticationFilter (AuthenticationFilter.java:constructSecretProvider(240)) - Unable to initialize FileSignerSecretProvider, falling back to use random secrets. Reason: Could not read signature secret file: /home/runner/hadoop-http-auth-signature-secret
2023-01-03 10:07:54,182 [Listener at 127.0.0.1/46431] WARN  http.HttpRequestLog (HttpRequestLog.java:getRequestLog(103)) - Jetty request log can only be enabled using Log4j
2023-01-03 10:07:54,183 [Listener at 127.0.0.1/46431] INFO  http.HttpServer2 (HttpServer2.java:addGlobalFilter(1031)) - Added global filter 'safety' (class=org.apache.hadoop.hdds.server.http.HttpServer2$QuotingInputFilter)
2023-01-03 10:07:54,183 [Listener at 127.0.0.1/46431] INFO  http.HttpServer2 (HttpServer2.java:addFilter(1007)) - Added filter static_user_filter (class=org.apache.hadoop.http.lib.StaticUserWebFilter$StaticUserFilter) to context hddsDatanode
2023-01-03 10:07:54,183 [Listener at 127.0.0.1/46431] INFO  http.HttpServer2 (HttpServer2.java:addFilter(1015)) - Added filter static_user_filter (class=org.apache.hadoop.http.lib.StaticUserWebFilter$StaticUserFilter) to context logs
2023-01-03 10:07:54,183 [Listener at 127.0.0.1/46431] INFO  http.HttpServer2 (HttpServer2.java:addFilter(1015)) - Added filter static_user_filter (class=org.apache.hadoop.http.lib.StaticUserWebFilter$StaticUserFilter) to context static
2023-01-03 10:07:54,184 [Listener at 127.0.0.1/46431] INFO  http.HttpServer2 (HttpServer2.java:bindListener(1250)) - Jetty bound to port 37409
2023-01-03 10:07:54,184 [Listener at 127.0.0.1/46431] INFO  server.Server (Server.java:doStart(375)) - jetty-9.4.49.v20220914; built: 2022-09-14T01:07:36.601Z; git: 4231a3b2e4cb8548a412a789936d640a97b1aa0a; jvm 1.8.0_352-b08
2023-01-03 10:07:54,186 [Listener at 127.0.0.1/46431] INFO  server.session (DefaultSessionIdManager.java:doStart(334)) - DefaultSessionIdManager workerName=node0
2023-01-03 10:07:54,186 [Listener at 127.0.0.1/46431] INFO  server.session (DefaultSessionIdManager.java:doStart(339)) - No SessionScavenger set, using defaults
2023-01-03 10:07:54,186 [Listener at 127.0.0.1/46431] INFO  server.session (HouseKeeper.java:startScavenging(132)) - node0 Scavenging every 660000ms
2023-01-03 10:07:54,187 [Listener at 127.0.0.1/46431] INFO  handler.ContextHandler (ContextHandler.java:doStart(921)) - Started o.e.j.s.ServletContextHandler@2117f5e5{logs,/logs,file:///home/runner/work/ozone/ozone/hadoop-ozone/integration-test/target/log,AVAILABLE}
2023-01-03 10:07:54,187 [Listener at 127.0.0.1/46431] INFO  handler.ContextHandler (ContextHandler.java:doStart(921)) - Started o.e.j.s.ServletContextHandler@168bf170{static,/static,jar:file:/home/runner/.m2/repository/org/apache/ozone/hdds-container-service/1.4.0-SNAPSHOT/hdds-container-service-1.4.0-SNAPSHOT.jar!/webapps/static,AVAILABLE}
2023-01-03 10:07:54,375 [Listener at 127.0.0.1/46431] INFO  handler.ContextHandler (ContextHandler.java:doStart(921)) - Started o.e.j.w.WebAppContext@4fc523e4{hddsDatanode,/,file:///tmp/jetty-0_0_0_0-37409-hdds-container-service-1_4_0-SNAPSHOT_jar-_-any-383778555710782999/webapp/,AVAILABLE}{jar:file:/home/runner/.m2/repository/org/apache/ozone/hdds-container-service/1.4.0-SNAPSHOT/hdds-container-service-1.4.0-SNAPSHOT.jar!/webapps/hddsDatanode}
2023-01-03 10:07:54,376 [Listener at 127.0.0.1/46431] INFO  server.AbstractConnector (AbstractConnector.java:doStart(333)) - Started ServerConnector@62a795a8{HTTP/1.1, (http/1.1)}{0.0.0.0:37409}
2023-01-03 10:07:54,377 [Listener at 127.0.0.1/46431] INFO  server.Server (Server.java:doStart(415)) - Started @115167ms
2023-01-03 10:07:54,377 [Listener at 127.0.0.1/46431] WARN  impl.MetricsSystemImpl (MetricsSystemImpl.java:register(279)) - Sink prometheus already exists!
2023-01-03 10:07:54,377 [Listener at 127.0.0.1/46431] INFO  http.BaseHttpServer (BaseHttpServer.java:updateConnectorAddress(333)) - HTTP server of hddsDatanode listening at http://0.0.0.0:37409
2023-01-03 10:07:54,378 [Datanode State Machine Daemon Thread] INFO  statemachine.DatanodeStateMachine (DatanodeStateMachine.java:lambda$startDaemon$0(508)) - Ozone container server started.
2023-01-03 10:07:54,378 [Listener at 127.0.0.1/46431] WARN  impl.MetricRegistriesImpl (MetricRegistriesImpl.java:addReporterRegistration(111)) - New reporters are added after registries were created. Some metrics will be missing from the reporter. Please add reporter before adding any new registry.
2023-01-03 10:07:54,380 [Listener at 127.0.0.1/46431] WARN  impl.MetricRegistriesImpl (MetricRegistriesImpl.java:addReporterRegistration(111)) - New reporters are added after registries were created. Some metrics will be missing from the reporter. Please add reporter before adding any new registry.
2023-01-03 10:07:54,380 [Listener at 127.0.0.1/46431] INFO  impl.MetricsSystemImpl (MetricsSystemImpl.java:init(158)) - HddsDatanode metrics system started (again)
2023-01-03 10:07:54,385 [Datanode State Machine Task Thread - 0] INFO  datanode.InitDatanodeState (InitDatanodeState.java:persistContainerDatanodeDetails(138)) - DatanodeDetails is persisted to /home/runner/work/ozone/ozone/hadoop-ozone/integration-test/target/test-dir/MiniOzoneClusterImpl-fa5f3e5f-d2ce-4aac-89a4-435e2b21547f/datanode-1/meta/datanode.id
2023-01-03 10:07:54,385 [org.apache.hadoop.util.JvmPauseMonitor$Monitor@25180286] INFO  util.JvmPauseMonitor (JvmPauseMonitor.java:run(188)) - Starting JVM pause monitor
2023-01-03 10:07:54,392 [Listener at 127.0.0.1/46431] INFO  ozone.HddsDatanodeService (HddsDatanodeService.java:start(237)) - HddsDatanodeService host:fv-az292-374.tqgtyn10aqxuxoi0mkfbldi5vh.jx.internal.cloudapp.net ip:10.1.0.13
2023-01-03 10:07:54,406 [Listener at 127.0.0.1/46431] INFO  upgrade.AbstractLayoutVersionManager (AbstractLayoutVersionManager.java:init(83)) - Initializing Layout version manager with metadata layout = DATANODE_SCHEMA_V3 (version = 4), software layout = DATANODE_SCHEMA_V3 (version = 4)
2023-01-03 10:07:54,450 [Listener at 127.0.0.1/46431] INFO  reflections.Reflections (Reflections.java:scan(232)) - Reflections took 43 ms to scan 7 urls, producing 146 keys and 350 values 
2023-01-03 10:07:54,453 [Listener at 127.0.0.1/46431] INFO  statemachine.DatanodeStateMachine (DatanodeStateMachine.java:getEndPointTaskThreadPoolSize(248)) - Datanode State Machine Task Thread Pool size 2
2023-01-03 10:07:54,459 [Listener at 127.0.0.1/46431] INFO  volume.HddsVolume (HddsVolume.java:<init>(117)) - Creating HddsVolume: /home/runner/work/ozone/ozone/hadoop-ozone/integration-test/target/test-dir/MiniOzoneClusterImpl-fa5f3e5f-d2ce-4aac-89a4-435e2b21547f/datanode-2/data-0/containers/hdds of storage type : DISK capacity : 9223372036854775807
2023-01-03 10:07:54,459 [Listener at 127.0.0.1/46431] INFO  volume.MutableVolumeSet (MutableVolumeSet.java:initializeVolumeSet(174)) - Added Volume : /home/runner/work/ozone/ozone/hadoop-ozone/integration-test/target/test-dir/MiniOzoneClusterImpl-fa5f3e5f-d2ce-4aac-89a4-435e2b21547f/datanode-2/data-0/containers/hdds to VolumeSet
2023-01-03 10:07:54,461 [Listener at 127.0.0.1/46431] INFO  volume.ThrottledAsyncChecker (ThrottledAsyncChecker.java:schedule(141)) - Scheduling a check for /home/runner/work/ozone/ozone/hadoop-ozone/integration-test/target/test-dir/MiniOzoneClusterImpl-fa5f3e5f-d2ce-4aac-89a4-435e2b21547f/datanode-2/data-0/containers/hdds
2023-01-03 10:07:54,462 [Listener at 127.0.0.1/46431] INFO  volume.StorageVolumeChecker (StorageVolumeChecker.java:checkAllVolumes(202)) - Scheduled health check for volume /home/runner/work/ozone/ozone/hadoop-ozone/integration-test/target/test-dir/MiniOzoneClusterImpl-fa5f3e5f-d2ce-4aac-89a4-435e2b21547f/datanode-2/data-0/containers/hdds
2023-01-03 10:07:54,474 [Listener at 127.0.0.1/46431] INFO  volume.MutableVolumeSet (MutableVolumeSet.java:initializeVolumeSet(174)) - Added Volume : /home/runner/work/ozone/ozone/hadoop-ozone/integration-test/target/test-dir/MiniOzoneClusterImpl-fa5f3e5f-d2ce-4aac-89a4-435e2b21547f/datanode-2/data/ratis to VolumeSet
2023-01-03 10:07:54,474 [Listener at 127.0.0.1/46431] INFO  volume.ThrottledAsyncChecker (ThrottledAsyncChecker.java:schedule(141)) - Scheduling a check for /home/runner/work/ozone/ozone/hadoop-ozone/integration-test/target/test-dir/MiniOzoneClusterImpl-fa5f3e5f-d2ce-4aac-89a4-435e2b21547f/datanode-2/data/ratis
2023-01-03 10:07:54,474 [Listener at 127.0.0.1/46431] INFO  volume.StorageVolumeChecker (StorageVolumeChecker.java:checkAllVolumes(202)) - Scheduled health check for volume /home/runner/work/ozone/ozone/hadoop-ozone/integration-test/target/test-dir/MiniOzoneClusterImpl-fa5f3e5f-d2ce-4aac-89a4-435e2b21547f/datanode-2/data/ratis
2023-01-03 10:07:54,485 [Thread-927] INFO  ozoneimpl.ContainerReader (ContainerReader.java:readVolume(175)) - Finish verifying containers on volume /home/runner/work/ozone/ozone/hadoop-ozone/integration-test/target/test-dir/MiniOzoneClusterImpl-fa5f3e5f-d2ce-4aac-89a4-435e2b21547f/datanode-2/data-0/containers/hdds
2023-01-03 10:07:54,485 [Listener at 127.0.0.1/46431] INFO  ozoneimpl.OzoneContainer (OzoneContainer.java:buildContainerSet(301)) - Build ContainerSet costs 0s
2023-01-03 10:07:54,487 [Listener at 127.0.0.1/46431] INFO  server.RaftServer (ConfUtils.java:logGet(46)) - raft.rpc.type = GRPC (default)
2023-01-03 10:07:54,487 [Listener at 127.0.0.1/46431] INFO  grpc.GrpcConfigKeys (ConfUtils.java:logFallback(53)) - raft.grpc.admin.host = null (fallback to raft.grpc.server.host)
2023-01-03 10:07:54,487 [Listener at 127.0.0.1/46431] INFO  grpc.GrpcConfigKeys (ConfUtils.java:logGet(46)) - raft.grpc.admin.port = 0 (custom)
2023-01-03 10:07:54,487 [Listener at 127.0.0.1/46431] INFO  grpc.GrpcConfigKeys (ConfUtils.java:logFallback(53)) - raft.grpc.client.host = null (fallback to raft.grpc.server.host)
2023-01-03 10:07:54,487 [Listener at 127.0.0.1/46431] INFO  grpc.GrpcConfigKeys (ConfUtils.java:logGet(46)) - raft.grpc.client.port = 0 (custom)
2023-01-03 10:07:54,487 [Listener at 127.0.0.1/46431] INFO  grpc.GrpcConfigKeys (ConfUtils.java:logGet(46)) - raft.grpc.server.host = null (default)
2023-01-03 10:07:54,487 [Listener at 127.0.0.1/46431] INFO  grpc.GrpcConfigKeys (ConfUtils.java:logGet(46)) - raft.grpc.server.port = 0 (default)
2023-01-03 10:07:54,487 [Listener at 127.0.0.1/46431] INFO  server.GrpcService (ConfUtils.java:logGet(46)) - raft.grpc.message.size.max = 32MB (=33554432) (custom)
2023-01-03 10:07:54,487 [Listener at 127.0.0.1/46431] INFO  server.RaftServerConfigKeys (ConfUtils.java:logGet(46)) - raft.server.log.appender.buffer.byte-limit = 33554432 (custom)
2023-01-03 10:07:54,487 [Listener at 127.0.0.1/46431] INFO  server.GrpcService (ConfUtils.java:logGet(46)) - raft.grpc.flow.control.window = 5MB (=5242880) (custom)
2023-01-03 10:07:54,488 [Listener at 127.0.0.1/46431] INFO  server.RaftServerConfigKeys (ConfUtils.java:logGet(46)) - raft.server.rpc.request.timeout = 60s (custom)
2023-01-03 10:07:54,488 [Listener at 127.0.0.1/46431] INFO  grpc.GrpcConfigKeys (ConfUtils.java:logGet(46)) - raft.grpc.server.heartbeat.channel = true (default)
2023-01-03 10:07:54,488 [Listener at 127.0.0.1/46431] INFO  grpc.GrpcConfigKeys (ConfUtils.java:logGet(46)) - raft.grpc.server.async.request.thread.pool.cached = true (default)
2023-01-03 10:07:54,488 [Listener at 127.0.0.1/46431] INFO  grpc.GrpcConfigKeys (ConfUtils.java:logGet(46)) - raft.grpc.server.async.request.thread.pool.size = 32 (default)
2023-01-03 10:07:54,489 [Listener at 127.0.0.1/46431] INFO  impl.DataStreamServerImpl (ConfUtils.java:logGet(46)) - raft.datastream.type = NETTY (custom)
2023-01-03 10:07:54,489 [Listener at 127.0.0.1/46431] INFO  server.RaftServerConfigKeys (ConfUtils.java:logGet(46)) - raft.server.data-stream.async.request.thread.pool.cached = false (default)
2023-01-03 10:07:54,489 [Listener at 127.0.0.1/46431] INFO  server.RaftServerConfigKeys (ConfUtils.java:logGet(46)) - raft.server.data-stream.async.request.thread.pool.size = 20 (custom)
2023-01-03 10:07:54,489 [Listener at 127.0.0.1/46431] INFO  server.RaftServerConfigKeys (ConfUtils.java:logGet(46)) - raft.server.data-stream.async.write.thread.pool.size = 16 (default)
2023-01-03 10:07:54,489 [Listener at 127.0.0.1/46431] INFO  server.RaftServerConfigKeys (ConfUtils.java:logGet(46)) - raft.server.data-stream.client.pool.size = 10 (default)
2023-01-03 10:07:54,489 [Listener at 127.0.0.1/46431] INFO  netty.NettyConfigKeys$DataStream (ConfUtils.java:logGet(46)) - raft.netty.dataStream.server.use-epoll = false (default)
2023-01-03 10:07:54,490 [Listener at 127.0.0.1/46431] INFO  netty.NettyConfigKeys$DataStream (ConfUtils.java:logGet(46)) - raft.netty.dataStream.server.boss-group.size = 0 (default)
2023-01-03 10:07:54,491 [Listener at 127.0.0.1/46431] INFO  netty.NettyConfigKeys$DataStream (ConfUtils.java:logGet(46)) - raft.netty.dataStream.server.worker-group.size = 0 (default)
2023-01-03 10:07:54,491 [Listener at 127.0.0.1/46431] INFO  netty.NettyConfigKeys$DataStream (ConfUtils.java:logGet(46)) - raft.netty.dataStream.server.tls.conf = null (default)
2023-01-03 10:07:54,491 [Listener at 127.0.0.1/46431] INFO  netty.NettyConfigKeys$DataStream (ConfUtils.java:logGet(46)) - raft.netty.dataStream.host = null (default)
2023-01-03 10:07:54,491 [Listener at 127.0.0.1/46431] INFO  netty.NettyConfigKeys$DataStream (ConfUtils.java:logGet(46)) - raft.netty.dataStream.port = 0 (default)
2023-01-03 10:07:54,491 [Listener at 127.0.0.1/46431] INFO  server.RaftServerConfigKeys (ConfUtils.java:logGet(46)) - raft.server.threadpool.proxy.cached = true (default)
2023-01-03 10:07:54,491 [Listener at 127.0.0.1/46431] INFO  server.RaftServerConfigKeys (ConfUtils.java:logGet(46)) - raft.server.threadpool.proxy.size = 0 (default)
2023-01-03 10:07:54,492 [Listener at 127.0.0.1/46431] INFO  server.RaftServerConfigKeys (ConfUtils.java:logGet(46)) - raft.server.rpc.slowness.timeout = 300s (custom)
2023-01-03 10:07:54,492 [Listener at 127.0.0.1/46431] INFO  server.RaftServerConfigKeys (ConfUtils.java:logGet(46)) - raft.server.leaderelection.leader.step-down.wait-time = 10s (default)
2023-01-03 10:07:54,492 [Listener at 127.0.0.1/46431] INFO  server.RaftServerConfigKeys (ConfUtils.java:logGet(46)) - raft.server.storage.dir = [/home/runner/work/ozone/ozone/hadoop-ozone/integration-test/target/test-dir/MiniOzoneClusterImpl-fa5f3e5f-d2ce-4aac-89a4-435e2b21547f/datanode-2/data/ratis] (custom)
2023-01-03 10:07:54,492 [ceb62289-e61f-4ee7-8769-746790ce93a5-NettyServerStreamRpc-bossGroup--thread1] INFO  logging.LoggingHandler (AbstractInternalLogger.java:log(148)) - [id: 0xce63f7ba] REGISTERED
2023-01-03 10:07:54,492 [ceb62289-e61f-4ee7-8769-746790ce93a5-NettyServerStreamRpc-bossGroup--thread1] INFO  logging.LoggingHandler (AbstractInternalLogger.java:log(148)) - [id: 0xce63f7ba] BIND: 0.0.0.0/0.0.0.0:0
2023-01-03 10:07:54,493 [ceb62289-e61f-4ee7-8769-746790ce93a5-NettyServerStreamRpc-bossGroup--thread1] INFO  logging.LoggingHandler (AbstractInternalLogger.java:log(148)) - [id: 0xce63f7ba, L:/0:0:0:0:0:0:0:0:34319] ACTIVE
2023-01-03 10:07:54,494 [Listener at 127.0.0.1/46431] INFO  server.XceiverServerGrpc (XceiverServerGrpc.java:<init>(132)) - GrpcServer channel type EpollServerSocketChannel
2023-01-03 10:07:54,496 [Listener at 127.0.0.1/46431] INFO  http.BaseHttpServer (BaseHttpServer.java:newHttpServer2BuilderForOzone(213)) - Starting Web-server for hddsDatanode at: http://0.0.0.0:0
2023-01-03 10:07:54,496 [Listener at 127.0.0.1/46431] INFO  http.BaseHttpServer (BaseHttpServer.java:<init>(108)) - Hadoop Security Enabled: false Ozone Security Enabled: false Ozone HTTP Security Enabled: false 
2023-01-03 10:07:54,497 [Listener at 127.0.0.1/46431] WARN  server.AuthenticationFilter (AuthenticationFilter.java:constructSecretProvider(240)) - Unable to initialize FileSignerSecretProvider, falling back to use random secrets. Reason: Could not read signature secret file: /home/runner/hadoop-http-auth-signature-secret
2023-01-03 10:07:54,498 [Listener at 127.0.0.1/46431] WARN  http.HttpRequestLog (HttpRequestLog.java:getRequestLog(103)) - Jetty request log can only be enabled using Log4j
2023-01-03 10:07:54,499 [Listener at 127.0.0.1/46431] INFO  http.HttpServer2 (HttpServer2.java:addGlobalFilter(1031)) - Added global filter 'safety' (class=org.apache.hadoop.hdds.server.http.HttpServer2$QuotingInputFilter)
2023-01-03 10:07:54,499 [Listener at 127.0.0.1/46431] INFO  http.HttpServer2 (HttpServer2.java:addFilter(1007)) - Added filter static_user_filter (class=org.apache.hadoop.http.lib.StaticUserWebFilter$StaticUserFilter) to context hddsDatanode
2023-01-03 10:07:54,499 [Listener at 127.0.0.1/46431] INFO  http.HttpServer2 (HttpServer2.java:addFilter(1015)) - Added filter static_user_filter (class=org.apache.hadoop.http.lib.StaticUserWebFilter$StaticUserFilter) to context static
2023-01-03 10:07:54,499 [Listener at 127.0.0.1/46431] INFO  http.HttpServer2 (HttpServer2.java:addFilter(1015)) - Added filter static_user_filter (class=org.apache.hadoop.http.lib.StaticUserWebFilter$StaticUserFilter) to context logs
2023-01-03 10:07:54,500 [Listener at 127.0.0.1/46431] INFO  http.HttpServer2 (HttpServer2.java:bindListener(1250)) - Jetty bound to port 45259
2023-01-03 10:07:54,500 [Listener at 127.0.0.1/46431] INFO  server.Server (Server.java:doStart(375)) - jetty-9.4.49.v20220914; built: 2022-09-14T01:07:36.601Z; git: 4231a3b2e4cb8548a412a789936d640a97b1aa0a; jvm 1.8.0_352-b08
2023-01-03 10:07:54,501 [Listener at 127.0.0.1/46431] INFO  server.session (DefaultSessionIdManager.java:doStart(334)) - DefaultSessionIdManager workerName=node0
2023-01-03 10:07:54,501 [Listener at 127.0.0.1/46431] INFO  server.session (DefaultSessionIdManager.java:doStart(339)) - No SessionScavenger set, using defaults
2023-01-03 10:07:54,502 [Listener at 127.0.0.1/46431] INFO  server.session (HouseKeeper.java:startScavenging(132)) - node0 Scavenging every 660000ms
2023-01-03 10:07:54,503 [Listener at 127.0.0.1/46431] INFO  handler.ContextHandler (ContextHandler.java:doStart(921)) - Started o.e.j.s.ServletContextHandler@2fed309e{logs,/logs,file:///home/runner/work/ozone/ozone/hadoop-ozone/integration-test/target/log,AVAILABLE}
2023-01-03 10:07:54,503 [Listener at 127.0.0.1/46431] INFO  handler.ContextHandler (ContextHandler.java:doStart(921)) - Started o.e.j.s.ServletContextHandler@3f086baa{static,/static,jar:file:/home/runner/.m2/repository/org/apache/ozone/hdds-container-service/1.4.0-SNAPSHOT/hdds-container-service-1.4.0-SNAPSHOT.jar!/webapps/static,AVAILABLE}
2023-01-03 10:07:54,686 [Listener at 127.0.0.1/46431] INFO  handler.ContextHandler (ContextHandler.java:doStart(921)) - Started o.e.j.w.WebAppContext@3ca38e3d{hddsDatanode,/,file:///tmp/jetty-0_0_0_0-45259-hdds-container-service-1_4_0-SNAPSHOT_jar-_-any-5748884167787452189/webapp/,AVAILABLE}{jar:file:/home/runner/.m2/repository/org/apache/ozone/hdds-container-service/1.4.0-SNAPSHOT/hdds-container-service-1.4.0-SNAPSHOT.jar!/webapps/hddsDatanode}
2023-01-03 10:07:54,687 [Listener at 127.0.0.1/46431] INFO  server.AbstractConnector (AbstractConnector.java:doStart(333)) - Started ServerConnector@5419a078{HTTP/1.1, (http/1.1)}{0.0.0.0:45259}
2023-01-03 10:07:54,687 [Listener at 127.0.0.1/46431] INFO  server.Server (Server.java:doStart(415)) - Started @115477ms
2023-01-03 10:07:54,687 [Listener at 127.0.0.1/46431] WARN  impl.MetricsSystemImpl (MetricsSystemImpl.java:register(279)) - Sink prometheus already exists!
2023-01-03 10:07:54,688 [Listener at 127.0.0.1/46431] INFO  http.BaseHttpServer (BaseHttpServer.java:updateConnectorAddress(333)) - HTTP server of hddsDatanode listening at http://0.0.0.0:45259
2023-01-03 10:07:54,688 [Listener at 127.0.0.1/46431] WARN  impl.MetricRegistriesImpl (MetricRegistriesImpl.java:addReporterRegistration(111)) - New reporters are added after registries were created. Some metrics will be missing from the reporter. Please add reporter before adding any new registry.
2023-01-03 10:07:54,688 [Listener at 127.0.0.1/46431] WARN  impl.MetricRegistriesImpl (MetricRegistriesImpl.java:addReporterRegistration(111)) - New reporters are added after registries were created. Some metrics will be missing from the reporter. Please add reporter before adding any new registry.
2023-01-03 10:07:54,688 [Listener at 127.0.0.1/46431] INFO  impl.MetricsSystemImpl (MetricsSystemImpl.java:init(158)) - HddsDatanode metrics system started (again)
2023-01-03 10:07:54,698 [Datanode State Machine Daemon Thread] INFO  statemachine.DatanodeStateMachine (DatanodeStateMachine.java:lambda$startDaemon$0(508)) - Ozone container server started.
2023-01-03 10:07:54,705 [Listener at 127.0.0.1/46431] INFO  ozone.HddsDatanodeService (HddsDatanodeService.java:start(237)) - HddsDatanodeService host:fv-az292-374.tqgtyn10aqxuxoi0mkfbldi5vh.jx.internal.cloudapp.net ip:10.1.0.13
2023-01-03 10:07:54,724 [Listener at 127.0.0.1/46431] INFO  upgrade.AbstractLayoutVersionManager (AbstractLayoutVersionManager.java:init(83)) - Initializing Layout version manager with metadata layout = DATANODE_SCHEMA_V3 (version = 4), software layout = DATANODE_SCHEMA_V3 (version = 4)
2023-01-03 10:07:54,725 [org.apache.hadoop.util.JvmPauseMonitor$Monitor@3e4e3fb1] INFO  util.JvmPauseMonitor (JvmPauseMonitor.java:run(188)) - Starting JVM pause monitor
2023-01-03 10:07:54,727 [Datanode State Machine Task Thread - 0] INFO  datanode.InitDatanodeState (InitDatanodeState.java:persistContainerDatanodeDetails(138)) - DatanodeDetails is persisted to /home/runner/work/ozone/ozone/hadoop-ozone/integration-test/target/test-dir/MiniOzoneClusterImpl-fa5f3e5f-d2ce-4aac-89a4-435e2b21547f/datanode-2/meta/datanode.id
2023-01-03 10:07:54,751 [om1@group-C5BA1605619E-FollowerState] INFO  impl.FollowerState (FollowerState.java:run(143)) - om1@group-C5BA1605619E-FollowerState: change to CANDIDATE, lastRpcElapsedTime:1080668978ns, electionTimeout:1079ms
2023-01-03 10:07:54,751 [om1@group-C5BA1605619E-FollowerState] INFO  impl.RoleInfo (RoleInfo.java:shutdownFollowerState(110)) - om1: shutdown om1@group-C5BA1605619E-FollowerState
2023-01-03 10:07:54,751 [om1@group-C5BA1605619E-FollowerState] INFO  server.RaftServer$Division (RaftServerImpl.java:setRole(321)) - om1@group-C5BA1605619E: changes role from  FOLLOWER to CANDIDATE at term 0 for changeToCandidate
2023-01-03 10:07:54,751 [om1@group-C5BA1605619E-FollowerState] INFO  server.RaftServerConfigKeys (ConfUtils.java:logGet(46)) - raft.server.leaderelection.pre-vote = false (custom)
2023-01-03 10:07:54,751 [om1@group-C5BA1605619E-FollowerState] INFO  impl.RoleInfo (RoleInfo.java:updateAndGet(139)) - om1: start om1@group-C5BA1605619E-LeaderElection23
2023-01-03 10:07:54,755 [om1@group-C5BA1605619E-LeaderElection23] INFO  impl.LeaderElection (LeaderElection.java:askForVotes(312)) - om1@group-C5BA1605619E-LeaderElection23 ELECTION round 0: submit vote requests at term 1 for -1: peers:[om1|rpc:localhost:9872|priority:0|startupRole:FOLLOWER]|listeners:[], old=null
2023-01-03 10:07:54,755 [om1@group-C5BA1605619E-LeaderElection23] INFO  impl.LeaderElection (LeaderElection.java:askForVotes(314)) - om1@group-C5BA1605619E-LeaderElection23 ELECTION round 0: result PASSED (term=1)
2023-01-03 10:07:54,755 [om1@group-C5BA1605619E-LeaderElection23] INFO  impl.RoleInfo (RoleInfo.java:shutdownLeaderElection(130)) - om1: shutdown om1@group-C5BA1605619E-LeaderElection23
2023-01-03 10:07:54,755 [om1@group-C5BA1605619E-LeaderElection23] INFO  server.RaftServer$Division (RaftServerImpl.java:setRole(321)) - om1@group-C5BA1605619E: changes role from CANDIDATE to LEADER at term 1 for changeToLeader
2023-01-03 10:07:54,756 [om1@group-C5BA1605619E-LeaderElection23] INFO  server.RaftServer$Division (ServerState.java:setLeader(313)) - om1@group-C5BA1605619E: change Leader from null to om1 at term 1 for becomeLeader, leader elected after 1407ms
2023-01-03 10:07:54,756 [om1@group-C5BA1605619E-LeaderElection23] INFO  server.RaftServerConfigKeys (ConfUtils.java:logGet(46)) - raft.server.staging.catchup.gap = 1000 (default)
2023-01-03 10:07:54,756 [om1@group-C5BA1605619E-LeaderElection23] INFO  server.RaftServerConfigKeys (ConfUtils.java:logGet(46)) - raft.server.write.element-limit = 4096 (default)
2023-01-03 10:07:54,756 [om1@group-C5BA1605619E-LeaderElection23] INFO  server.RaftServerConfigKeys (ConfUtils.java:logGet(46)) - raft.server.write.byte-limit = 64MB (=67108864) (default)
2023-01-03 10:07:54,756 [om1@group-C5BA1605619E-LeaderElection23] INFO  server.RaftServerConfigKeys (ConfUtils.java:logGet(46)) - raft.server.watch.timeout = 10s (default)
2023-01-03 10:07:54,756 [om1@group-C5BA1605619E-LeaderElection23] INFO  server.RaftServerConfigKeys (ConfUtils.java:logGet(46)) - raft.server.watch.timeout.denomination = 1s (default)
2023-01-03 10:07:54,756 [om1@group-C5BA1605619E-LeaderElection23] INFO  server.RaftServerConfigKeys (ConfUtils.java:logGet(46)) - raft.server.watch.element-limit = 65536 (default)
2023-01-03 10:07:54,756 [om1@group-C5BA1605619E-LeaderElection23] INFO  server.RaftServerConfigKeys (ConfUtils.java:logGet(46)) - raft.server.write.element-limit = 4096 (default)
2023-01-03 10:07:54,756 [om1@group-C5BA1605619E-LeaderElection23] INFO  server.RaftServerConfigKeys (ConfUtils.java:logGet(46)) - raft.server.write.follower.gap.ratio.max = -1.0 (default)
2023-01-03 10:07:54,756 [om1@group-C5BA1605619E-LeaderElection23] INFO  impl.RoleInfo (RoleInfo.java:updateAndGet(139)) - om1: start om1@group-C5BA1605619E-LeaderStateImpl
2023-01-03 10:07:54,756 [om1@group-C5BA1605619E-LeaderElection23] INFO  segmented.SegmentedRaftLogWorker (SegmentedRaftLogWorker.java:startLogSegment(452)) - om1@group-C5BA1605619E-SegmentedRaftLogWorker: Starting segment from index:0
2023-01-03 10:07:54,760 [om1@group-C5BA1605619E-LeaderElection23] INFO  server.RaftServer$Division (ServerState.java:setRaftConf(430)) - om1@group-C5BA1605619E: set configuration 0: peers:[om1|rpc:localhost:9872|admin:|client:|dataStream:|priority:0|startupRole:FOLLOWER]|listeners:[], old=null
2023-01-03 10:07:54,764 [om1@group-C5BA1605619E-SegmentedRaftLogWorker] INFO  segmented.SegmentedRaftLogWorker (SegmentedRaftLogWorker.java:execute(656)) - om1@group-C5BA1605619E-SegmentedRaftLogWorker: created new log segment /home/runner/work/ozone/ozone/hadoop-ozone/integration-test/target/test-dir/MiniOzoneClusterImpl-fa5f3e5f-d2ce-4aac-89a4-435e2b21547f/ozone-meta/ratis/bf265839-605b-3f16-9796-c5ba1605619e/current/log_inprogress_0
2023-01-03 10:07:54,765 [om1@group-C5BA1605619E-StateMachineUpdater] INFO  ratis.OzoneManagerStateMachine (OzoneManagerStateMachine.java:notifyConfigurationChanged(192)) - Received Configuration change notification from Ratis. New Peer list:
[id: "om1"
address: "localhost:9872"
startupRole: FOLLOWER
]
2023-01-03 10:07:54,776 [Listener at 127.0.0.1/46431] INFO  reflections.Reflections (Reflections.java:scan(232)) - Reflections took 51 ms to scan 7 urls, producing 146 keys and 350 values 
2023-01-03 10:07:54,777 [Listener at 127.0.0.1/46431] INFO  statemachine.DatanodeStateMachine (DatanodeStateMachine.java:getEndPointTaskThreadPoolSize(248)) - Datanode State Machine Task Thread Pool size 2
2023-01-03 10:07:54,778 [Listener at 127.0.0.1/46431] INFO  volume.HddsVolume (HddsVolume.java:<init>(117)) - Creating HddsVolume: /home/runner/work/ozone/ozone/hadoop-ozone/integration-test/target/test-dir/MiniOzoneClusterImpl-fa5f3e5f-d2ce-4aac-89a4-435e2b21547f/datanode-3/data-0/containers/hdds of storage type : DISK capacity : 9223372036854775807
2023-01-03 10:07:54,778 [Listener at 127.0.0.1/46431] INFO  volume.MutableVolumeSet (MutableVolumeSet.java:initializeVolumeSet(174)) - Added Volume : /home/runner/work/ozone/ozone/hadoop-ozone/integration-test/target/test-dir/MiniOzoneClusterImpl-fa5f3e5f-d2ce-4aac-89a4-435e2b21547f/datanode-3/data-0/containers/hdds to VolumeSet
2023-01-03 10:07:54,778 [Listener at 127.0.0.1/46431] INFO  volume.ThrottledAsyncChecker (ThrottledAsyncChecker.java:schedule(141)) - Scheduling a check for /home/runner/work/ozone/ozone/hadoop-ozone/integration-test/target/test-dir/MiniOzoneClusterImpl-fa5f3e5f-d2ce-4aac-89a4-435e2b21547f/datanode-3/data-0/containers/hdds
2023-01-03 10:07:54,781 [Listener at 127.0.0.1/46431] INFO  volume.StorageVolumeChecker (StorageVolumeChecker.java:checkAllVolumes(202)) - Scheduled health check for volume /home/runner/work/ozone/ozone/hadoop-ozone/integration-test/target/test-dir/MiniOzoneClusterImpl-fa5f3e5f-d2ce-4aac-89a4-435e2b21547f/datanode-3/data-0/containers/hdds
2023-01-03 10:07:54,791 [Listener at 127.0.0.1/46431] INFO  volume.MutableVolumeSet (MutableVolumeSet.java:initializeVolumeSet(174)) - Added Volume : /home/runner/work/ozone/ozone/hadoop-ozone/integration-test/target/test-dir/MiniOzoneClusterImpl-fa5f3e5f-d2ce-4aac-89a4-435e2b21547f/datanode-3/data/ratis to VolumeSet
2023-01-03 10:07:54,791 [Listener at 127.0.0.1/46431] INFO  volume.ThrottledAsyncChecker (ThrottledAsyncChecker.java:schedule(141)) - Scheduling a check for /home/runner/work/ozone/ozone/hadoop-ozone/integration-test/target/test-dir/MiniOzoneClusterImpl-fa5f3e5f-d2ce-4aac-89a4-435e2b21547f/datanode-3/data/ratis
2023-01-03 10:07:54,792 [Listener at 127.0.0.1/46431] INFO  volume.StorageVolumeChecker (StorageVolumeChecker.java:checkAllVolumes(202)) - Scheduled health check for volume /home/runner/work/ozone/ozone/hadoop-ozone/integration-test/target/test-dir/MiniOzoneClusterImpl-fa5f3e5f-d2ce-4aac-89a4-435e2b21547f/datanode-3/data/ratis
2023-01-03 10:07:54,802 [Thread-943] INFO  ozoneimpl.ContainerReader (ContainerReader.java:readVolume(175)) - Finish verifying containers on volume /home/runner/work/ozone/ozone/hadoop-ozone/integration-test/target/test-dir/MiniOzoneClusterImpl-fa5f3e5f-d2ce-4aac-89a4-435e2b21547f/datanode-3/data-0/containers/hdds
2023-01-03 10:07:54,803 [Listener at 127.0.0.1/46431] INFO  ozoneimpl.OzoneContainer (OzoneContainer.java:buildContainerSet(301)) - Build ContainerSet costs 0s
2023-01-03 10:07:54,809 [Listener at 127.0.0.1/46431] INFO  server.RaftServer (ConfUtils.java:logGet(46)) - raft.rpc.type = GRPC (default)
2023-01-03 10:07:54,809 [Listener at 127.0.0.1/46431] INFO  grpc.GrpcConfigKeys (ConfUtils.java:logFallback(53)) - raft.grpc.admin.host = null (fallback to raft.grpc.server.host)
2023-01-03 10:07:54,809 [Listener at 127.0.0.1/46431] INFO  grpc.GrpcConfigKeys (ConfUtils.java:logGet(46)) - raft.grpc.admin.port = 0 (custom)
2023-01-03 10:07:54,809 [Listener at 127.0.0.1/46431] INFO  grpc.GrpcConfigKeys (ConfUtils.java:logFallback(53)) - raft.grpc.client.host = null (fallback to raft.grpc.server.host)
2023-01-03 10:07:54,809 [Listener at 127.0.0.1/46431] INFO  grpc.GrpcConfigKeys (ConfUtils.java:logGet(46)) - raft.grpc.client.port = 0 (custom)
2023-01-03 10:07:54,809 [Listener at 127.0.0.1/46431] INFO  grpc.GrpcConfigKeys (ConfUtils.java:logGet(46)) - raft.grpc.server.host = null (default)
2023-01-03 10:07:54,809 [Listener at 127.0.0.1/46431] INFO  grpc.GrpcConfigKeys (ConfUtils.java:logGet(46)) - raft.grpc.server.port = 0 (default)
2023-01-03 10:07:54,809 [Listener at 127.0.0.1/46431] INFO  server.GrpcService (ConfUtils.java:logGet(46)) - raft.grpc.message.size.max = 32MB (=33554432) (custom)
2023-01-03 10:07:54,810 [Listener at 127.0.0.1/46431] INFO  server.RaftServerConfigKeys (ConfUtils.java:logGet(46)) - raft.server.log.appender.buffer.byte-limit = 33554432 (custom)
2023-01-03 10:07:54,810 [Listener at 127.0.0.1/46431] INFO  server.GrpcService (ConfUtils.java:logGet(46)) - raft.grpc.flow.control.window = 5MB (=5242880) (custom)
2023-01-03 10:07:54,810 [Listener at 127.0.0.1/46431] INFO  server.RaftServerConfigKeys (ConfUtils.java:logGet(46)) - raft.server.rpc.request.timeout = 60s (custom)
2023-01-03 10:07:54,810 [Listener at 127.0.0.1/46431] INFO  grpc.GrpcConfigKeys (ConfUtils.java:logGet(46)) - raft.grpc.server.heartbeat.channel = true (default)
2023-01-03 10:07:54,810 [Listener at 127.0.0.1/46431] INFO  grpc.GrpcConfigKeys (ConfUtils.java:logGet(46)) - raft.grpc.server.async.request.thread.pool.cached = true (default)
2023-01-03 10:07:54,810 [Listener at 127.0.0.1/46431] INFO  grpc.GrpcConfigKeys (ConfUtils.java:logGet(46)) - raft.grpc.server.async.request.thread.pool.size = 32 (default)
2023-01-03 10:07:54,813 [Listener at 127.0.0.1/46431] INFO  impl.DataStreamServerImpl (ConfUtils.java:logGet(46)) - raft.datastream.type = NETTY (custom)
2023-01-03 10:07:54,813 [Listener at 127.0.0.1/46431] INFO  server.RaftServerConfigKeys (ConfUtils.java:logGet(46)) - raft.server.data-stream.async.request.thread.pool.cached = false (default)
2023-01-03 10:07:54,813 [Listener at 127.0.0.1/46431] INFO  server.RaftServerConfigKeys (ConfUtils.java:logGet(46)) - raft.server.data-stream.async.request.thread.pool.size = 20 (custom)
2023-01-03 10:07:54,814 [Listener at 127.0.0.1/46431] INFO  server.RaftServerConfigKeys (ConfUtils.java:logGet(46)) - raft.server.data-stream.async.write.thread.pool.size = 16 (default)
2023-01-03 10:07:54,814 [Listener at 127.0.0.1/46431] INFO  server.RaftServerConfigKeys (ConfUtils.java:logGet(46)) - raft.server.data-stream.client.pool.size = 10 (default)
2023-01-03 10:07:54,814 [Listener at 127.0.0.1/46431] INFO  netty.NettyConfigKeys$DataStream (ConfUtils.java:logGet(46)) - raft.netty.dataStream.server.use-epoll = false (default)
2023-01-03 10:07:54,814 [Listener at 127.0.0.1/46431] INFO  netty.NettyConfigKeys$DataStream (ConfUtils.java:logGet(46)) - raft.netty.dataStream.server.boss-group.size = 0 (default)
2023-01-03 10:07:54,814 [Listener at 127.0.0.1/46431] INFO  netty.NettyConfigKeys$DataStream (ConfUtils.java:logGet(46)) - raft.netty.dataStream.server.worker-group.size = 0 (default)
2023-01-03 10:07:54,816 [Listener at 127.0.0.1/46431] INFO  netty.NettyConfigKeys$DataStream (ConfUtils.java:logGet(46)) - raft.netty.dataStream.server.tls.conf = null (default)
2023-01-03 10:07:54,816 [Listener at 127.0.0.1/46431] INFO  netty.NettyConfigKeys$DataStream (ConfUtils.java:logGet(46)) - raft.netty.dataStream.host = null (default)
2023-01-03 10:07:54,816 [Listener at 127.0.0.1/46431] INFO  netty.NettyConfigKeys$DataStream (ConfUtils.java:logGet(46)) - raft.netty.dataStream.port = 0 (default)
2023-01-03 10:07:54,817 [Listener at 127.0.0.1/46431] INFO  server.RaftServerConfigKeys (ConfUtils.java:logGet(46)) - raft.server.threadpool.proxy.cached = true (default)
2023-01-03 10:07:54,817 [Listener at 127.0.0.1/46431] INFO  server.RaftServerConfigKeys (ConfUtils.java:logGet(46)) - raft.server.threadpool.proxy.size = 0 (default)
2023-01-03 10:07:54,817 [Listener at 127.0.0.1/46431] INFO  server.RaftServerConfigKeys (ConfUtils.java:logGet(46)) - raft.server.rpc.slowness.timeout = 300s (custom)
2023-01-03 10:07:54,817 [Listener at 127.0.0.1/46431] INFO  server.RaftServerConfigKeys (ConfUtils.java:logGet(46)) - raft.server.leaderelection.leader.step-down.wait-time = 10s (default)
2023-01-03 10:07:54,818 [Listener at 127.0.0.1/46431] INFO  server.RaftServerConfigKeys (ConfUtils.java:logGet(46)) - raft.server.storage.dir = [/home/runner/work/ozone/ozone/hadoop-ozone/integration-test/target/test-dir/MiniOzoneClusterImpl-fa5f3e5f-d2ce-4aac-89a4-435e2b21547f/datanode-3/data/ratis] (custom)
2023-01-03 10:07:54,821 [Listener at 127.0.0.1/46431] INFO  server.XceiverServerGrpc (XceiverServerGrpc.java:<init>(132)) - GrpcServer channel type EpollServerSocketChannel
2023-01-03 10:07:54,822 [92295612-f13b-4ff2-b823-10ec710f5439-NettyServerStreamRpc-bossGroup--thread1] INFO  logging.LoggingHandler (AbstractInternalLogger.java:log(148)) - [id: 0x24dfadca] REGISTERED
2023-01-03 10:07:54,822 [92295612-f13b-4ff2-b823-10ec710f5439-NettyServerStreamRpc-bossGroup--thread1] INFO  logging.LoggingHandler (AbstractInternalLogger.java:log(148)) - [id: 0x24dfadca] BIND: 0.0.0.0/0.0.0.0:0
2023-01-03 10:07:54,823 [Listener at 127.0.0.1/46431] INFO  http.BaseHttpServer (BaseHttpServer.java:newHttpServer2BuilderForOzone(213)) - Starting Web-server for hddsDatanode at: http://0.0.0.0:0
2023-01-03 10:07:54,824 [Listener at 127.0.0.1/46431] INFO  http.BaseHttpServer (BaseHttpServer.java:<init>(108)) - Hadoop Security Enabled: false Ozone Security Enabled: false Ozone HTTP Security Enabled: false 
2023-01-03 10:07:54,823 [92295612-f13b-4ff2-b823-10ec710f5439-NettyServerStreamRpc-bossGroup--thread1] INFO  logging.LoggingHandler (AbstractInternalLogger.java:log(148)) - [id: 0x24dfadca, L:/0:0:0:0:0:0:0:0:42237] ACTIVE
2023-01-03 10:07:54,824 [Listener at 127.0.0.1/46431] WARN  server.AuthenticationFilter (AuthenticationFilter.java:constructSecretProvider(240)) - Unable to initialize FileSignerSecretProvider, falling back to use random secrets. Reason: Could not read signature secret file: /home/runner/hadoop-http-auth-signature-secret
2023-01-03 10:07:54,825 [Listener at 127.0.0.1/46431] WARN  http.HttpRequestLog (HttpRequestLog.java:getRequestLog(103)) - Jetty request log can only be enabled using Log4j
2023-01-03 10:07:54,826 [Listener at 127.0.0.1/46431] INFO  http.HttpServer2 (HttpServer2.java:addGlobalFilter(1031)) - Added global filter 'safety' (class=org.apache.hadoop.hdds.server.http.HttpServer2$QuotingInputFilter)
2023-01-03 10:07:54,826 [Listener at 127.0.0.1/46431] INFO  http.HttpServer2 (HttpServer2.java:addFilter(1007)) - Added filter static_user_filter (class=org.apache.hadoop.http.lib.StaticUserWebFilter$StaticUserFilter) to context hddsDatanode
2023-01-03 10:07:54,826 [Listener at 127.0.0.1/46431] INFO  http.HttpServer2 (HttpServer2.java:addFilter(1015)) - Added filter static_user_filter (class=org.apache.hadoop.http.lib.StaticUserWebFilter$StaticUserFilter) to context logs
2023-01-03 10:07:54,826 [Listener at 127.0.0.1/46431] INFO  http.HttpServer2 (HttpServer2.java:addFilter(1015)) - Added filter static_user_filter (class=org.apache.hadoop.http.lib.StaticUserWebFilter$StaticUserFilter) to context static
2023-01-03 10:07:54,827 [Listener at 127.0.0.1/46431] INFO  http.HttpServer2 (HttpServer2.java:bindListener(1250)) - Jetty bound to port 42013
2023-01-03 10:07:54,827 [Listener at 127.0.0.1/46431] INFO  server.Server (Server.java:doStart(375)) - jetty-9.4.49.v20220914; built: 2022-09-14T01:07:36.601Z; git: 4231a3b2e4cb8548a412a789936d640a97b1aa0a; jvm 1.8.0_352-b08
2023-01-03 10:07:54,828 [Listener at 127.0.0.1/46431] INFO  server.session (DefaultSessionIdManager.java:doStart(334)) - DefaultSessionIdManager workerName=node0
2023-01-03 10:07:54,828 [Listener at 127.0.0.1/46431] INFO  server.session (DefaultSessionIdManager.java:doStart(339)) - No SessionScavenger set, using defaults
2023-01-03 10:07:54,829 [Listener at 127.0.0.1/46431] INFO  server.session (HouseKeeper.java:startScavenging(132)) - node0 Scavenging every 600000ms
2023-01-03 10:07:54,829 [Listener at 127.0.0.1/46431] INFO  handler.ContextHandler (ContextHandler.java:doStart(921)) - Started o.e.j.s.ServletContextHandler@5a22fc6e{logs,/logs,file:///home/runner/work/ozone/ozone/hadoop-ozone/integration-test/target/log,AVAILABLE}
2023-01-03 10:07:54,829 [Listener at 127.0.0.1/46431] INFO  handler.ContextHandler (ContextHandler.java:doStart(921)) - Started o.e.j.s.ServletContextHandler@68c0fe1e{static,/static,jar:file:/home/runner/.m2/repository/org/apache/ozone/hdds-container-service/1.4.0-SNAPSHOT/hdds-container-service-1.4.0-SNAPSHOT.jar!/webapps/static,AVAILABLE}
2023-01-03 10:07:55,005 [Listener at 127.0.0.1/46431] INFO  handler.ContextHandler (ContextHandler.java:doStart(921)) - Started o.e.j.w.WebAppContext@7b99f5{hddsDatanode,/,file:///tmp/jetty-0_0_0_0-42013-hdds-container-service-1_4_0-SNAPSHOT_jar-_-any-6744004269902239366/webapp/,AVAILABLE}{jar:file:/home/runner/.m2/repository/org/apache/ozone/hdds-container-service/1.4.0-SNAPSHOT/hdds-container-service-1.4.0-SNAPSHOT.jar!/webapps/hddsDatanode}
2023-01-03 10:07:55,006 [Listener at 127.0.0.1/46431] INFO  server.AbstractConnector (AbstractConnector.java:doStart(333)) - Started ServerConnector@4f8e00a0{HTTP/1.1, (http/1.1)}{0.0.0.0:42013}
2023-01-03 10:07:55,006 [Listener at 127.0.0.1/46431] INFO  server.Server (Server.java:doStart(415)) - Started @115796ms
2023-01-03 10:07:55,006 [Listener at 127.0.0.1/46431] WARN  impl.MetricsSystemImpl (MetricsSystemImpl.java:register(279)) - Sink prometheus already exists!
2023-01-03 10:07:55,007 [Listener at 127.0.0.1/46431] INFO  http.BaseHttpServer (BaseHttpServer.java:updateConnectorAddress(333)) - HTTP server of hddsDatanode listening at http://0.0.0.0:42013
2023-01-03 10:07:55,007 [Datanode State Machine Daemon Thread] INFO  statemachine.DatanodeStateMachine (DatanodeStateMachine.java:lambda$startDaemon$0(508)) - Ozone container server started.
2023-01-03 10:07:55,007 [Listener at 127.0.0.1/46431] WARN  impl.MetricRegistriesImpl (MetricRegistriesImpl.java:addReporterRegistration(111)) - New reporters are added after registries were created. Some metrics will be missing from the reporter. Please add reporter before adding any new registry.
2023-01-03 10:07:55,008 [Listener at 127.0.0.1/46431] WARN  impl.MetricRegistriesImpl (MetricRegistriesImpl.java:addReporterRegistration(111)) - New reporters are added after registries were created. Some metrics will be missing from the reporter. Please add reporter before adding any new registry.
2023-01-03 10:07:55,008 [Listener at 127.0.0.1/46431] INFO  impl.MetricsSystemImpl (MetricsSystemImpl.java:init(158)) - HddsDatanode metrics system started (again)
2023-01-03 10:07:55,019 [Listener at 127.0.0.1/46431] INFO  ozone.HddsDatanodeService (HddsDatanodeService.java:start(237)) - HddsDatanodeService host:fv-az292-374.tqgtyn10aqxuxoi0mkfbldi5vh.jx.internal.cloudapp.net ip:10.1.0.13
2023-01-03 10:07:55,034 [org.apache.hadoop.util.JvmPauseMonitor$Monitor@482ec687] INFO  util.JvmPauseMonitor (JvmPauseMonitor.java:run(188)) - Starting JVM pause monitor
2023-01-03 10:07:55,038 [Listener at 127.0.0.1/46431] INFO  upgrade.AbstractLayoutVersionManager (AbstractLayoutVersionManager.java:init(83)) - Initializing Layout version manager with metadata layout = DATANODE_SCHEMA_V3 (version = 4), software layout = DATANODE_SCHEMA_V3 (version = 4)
2023-01-03 10:07:55,041 [Datanode State Machine Task Thread - 0] INFO  datanode.InitDatanodeState (InitDatanodeState.java:persistContainerDatanodeDetails(138)) - DatanodeDetails is persisted to /home/runner/work/ozone/ozone/hadoop-ozone/integration-test/target/test-dir/MiniOzoneClusterImpl-fa5f3e5f-d2ce-4aac-89a4-435e2b21547f/datanode-3/meta/datanode.id
2023-01-03 10:07:55,081 [Listener at 127.0.0.1/46431] INFO  reflections.Reflections (Reflections.java:scan(232)) - Reflections took 42 ms to scan 7 urls, producing 146 keys and 350 values 
2023-01-03 10:07:55,082 [Listener at 127.0.0.1/46431] INFO  statemachine.DatanodeStateMachine (DatanodeStateMachine.java:getEndPointTaskThreadPoolSize(248)) - Datanode State Machine Task Thread Pool size 2
2023-01-03 10:07:55,084 [Listener at 127.0.0.1/46431] INFO  volume.HddsVolume (HddsVolume.java:<init>(117)) - Creating HddsVolume: /home/runner/work/ozone/ozone/hadoop-ozone/integration-test/target/test-dir/MiniOzoneClusterImpl-fa5f3e5f-d2ce-4aac-89a4-435e2b21547f/datanode-4/data-0/containers/hdds of storage type : DISK capacity : 9223372036854775807
2023-01-03 10:07:55,084 [Listener at 127.0.0.1/46431] INFO  volume.MutableVolumeSet (MutableVolumeSet.java:initializeVolumeSet(174)) - Added Volume : /home/runner/work/ozone/ozone/hadoop-ozone/integration-test/target/test-dir/MiniOzoneClusterImpl-fa5f3e5f-d2ce-4aac-89a4-435e2b21547f/datanode-4/data-0/containers/hdds to VolumeSet
2023-01-03 10:07:55,084 [Listener at 127.0.0.1/46431] INFO  volume.ThrottledAsyncChecker (ThrottledAsyncChecker.java:schedule(141)) - Scheduling a check for /home/runner/work/ozone/ozone/hadoop-ozone/integration-test/target/test-dir/MiniOzoneClusterImpl-fa5f3e5f-d2ce-4aac-89a4-435e2b21547f/datanode-4/data-0/containers/hdds
2023-01-03 10:07:55,084 [Listener at 127.0.0.1/46431] INFO  volume.StorageVolumeChecker (StorageVolumeChecker.java:checkAllVolumes(202)) - Scheduled health check for volume /home/runner/work/ozone/ozone/hadoop-ozone/integration-test/target/test-dir/MiniOzoneClusterImpl-fa5f3e5f-d2ce-4aac-89a4-435e2b21547f/datanode-4/data-0/containers/hdds
2023-01-03 10:07:55,094 [Listener at 127.0.0.1/46431] INFO  volume.MutableVolumeSet (MutableVolumeSet.java:initializeVolumeSet(174)) - Added Volume : /home/runner/work/ozone/ozone/hadoop-ozone/integration-test/target/test-dir/MiniOzoneClusterImpl-fa5f3e5f-d2ce-4aac-89a4-435e2b21547f/datanode-4/data/ratis to VolumeSet
2023-01-03 10:07:55,095 [Listener at 127.0.0.1/46431] INFO  volume.ThrottledAsyncChecker (ThrottledAsyncChecker.java:schedule(141)) - Scheduling a check for /home/runner/work/ozone/ozone/hadoop-ozone/integration-test/target/test-dir/MiniOzoneClusterImpl-fa5f3e5f-d2ce-4aac-89a4-435e2b21547f/datanode-4/data/ratis
2023-01-03 10:07:55,095 [Listener at 127.0.0.1/46431] INFO  volume.StorageVolumeChecker (StorageVolumeChecker.java:checkAllVolumes(202)) - Scheduled health check for volume /home/runner/work/ozone/ozone/hadoop-ozone/integration-test/target/test-dir/MiniOzoneClusterImpl-fa5f3e5f-d2ce-4aac-89a4-435e2b21547f/datanode-4/data/ratis
2023-01-03 10:07:55,105 [Thread-957] INFO  ozoneimpl.ContainerReader (ContainerReader.java:readVolume(175)) - Finish verifying containers on volume /home/runner/work/ozone/ozone/hadoop-ozone/integration-test/target/test-dir/MiniOzoneClusterImpl-fa5f3e5f-d2ce-4aac-89a4-435e2b21547f/datanode-4/data-0/containers/hdds
2023-01-03 10:07:55,105 [Listener at 127.0.0.1/46431] INFO  ozoneimpl.OzoneContainer (OzoneContainer.java:buildContainerSet(301)) - Build ContainerSet costs 0s
2023-01-03 10:07:55,108 [Listener at 127.0.0.1/46431] INFO  server.RaftServer (ConfUtils.java:logGet(46)) - raft.rpc.type = GRPC (default)
2023-01-03 10:07:55,109 [Listener at 127.0.0.1/46431] INFO  grpc.GrpcConfigKeys (ConfUtils.java:logFallback(53)) - raft.grpc.admin.host = null (fallback to raft.grpc.server.host)
2023-01-03 10:07:55,109 [Listener at 127.0.0.1/46431] INFO  grpc.GrpcConfigKeys (ConfUtils.java:logGet(46)) - raft.grpc.admin.port = 0 (custom)
2023-01-03 10:07:55,109 [Listener at 127.0.0.1/46431] INFO  grpc.GrpcConfigKeys (ConfUtils.java:logFallback(53)) - raft.grpc.client.host = null (fallback to raft.grpc.server.host)
2023-01-03 10:07:55,109 [Listener at 127.0.0.1/46431] INFO  grpc.GrpcConfigKeys (ConfUtils.java:logGet(46)) - raft.grpc.client.port = 0 (custom)
2023-01-03 10:07:55,109 [Listener at 127.0.0.1/46431] INFO  grpc.GrpcConfigKeys (ConfUtils.java:logGet(46)) - raft.grpc.server.host = null (default)
2023-01-03 10:07:55,109 [Listener at 127.0.0.1/46431] INFO  grpc.GrpcConfigKeys (ConfUtils.java:logGet(46)) - raft.grpc.server.port = 0 (default)
2023-01-03 10:07:55,109 [Listener at 127.0.0.1/46431] INFO  server.GrpcService (ConfUtils.java:logGet(46)) - raft.grpc.message.size.max = 32MB (=33554432) (custom)
2023-01-03 10:07:55,109 [Listener at 127.0.0.1/46431] INFO  server.RaftServerConfigKeys (ConfUtils.java:logGet(46)) - raft.server.log.appender.buffer.byte-limit = 33554432 (custom)
2023-01-03 10:07:55,109 [Listener at 127.0.0.1/46431] INFO  server.GrpcService (ConfUtils.java:logGet(46)) - raft.grpc.flow.control.window = 5MB (=5242880) (custom)
2023-01-03 10:07:55,109 [Listener at 127.0.0.1/46431] INFO  server.RaftServerConfigKeys (ConfUtils.java:logGet(46)) - raft.server.rpc.request.timeout = 60s (custom)
2023-01-03 10:07:55,110 [Listener at 127.0.0.1/46431] INFO  grpc.GrpcConfigKeys (ConfUtils.java:logGet(46)) - raft.grpc.server.heartbeat.channel = true (default)
2023-01-03 10:07:55,110 [Listener at 127.0.0.1/46431] INFO  grpc.GrpcConfigKeys (ConfUtils.java:logGet(46)) - raft.grpc.server.async.request.thread.pool.cached = true (default)
2023-01-03 10:07:55,110 [Listener at 127.0.0.1/46431] INFO  grpc.GrpcConfigKeys (ConfUtils.java:logGet(46)) - raft.grpc.server.async.request.thread.pool.size = 32 (default)
2023-01-03 10:07:55,113 [Listener at 127.0.0.1/46431] INFO  impl.DataStreamServerImpl (ConfUtils.java:logGet(46)) - raft.datastream.type = NETTY (custom)
2023-01-03 10:07:55,113 [Listener at 127.0.0.1/46431] INFO  server.RaftServerConfigKeys (ConfUtils.java:logGet(46)) - raft.server.data-stream.async.request.thread.pool.cached = false (default)
2023-01-03 10:07:55,113 [Listener at 127.0.0.1/46431] INFO  server.RaftServerConfigKeys (ConfUtils.java:logGet(46)) - raft.server.data-stream.async.request.thread.pool.size = 20 (custom)
2023-01-03 10:07:55,113 [Listener at 127.0.0.1/46431] INFO  server.RaftServerConfigKeys (ConfUtils.java:logGet(46)) - raft.server.data-stream.async.write.thread.pool.size = 16 (default)
2023-01-03 10:07:55,113 [Listener at 127.0.0.1/46431] INFO  server.RaftServerConfigKeys (ConfUtils.java:logGet(46)) - raft.server.data-stream.client.pool.size = 10 (default)
2023-01-03 10:07:55,113 [Listener at 127.0.0.1/46431] INFO  netty.NettyConfigKeys$DataStream (ConfUtils.java:logGet(46)) - raft.netty.dataStream.server.use-epoll = false (default)
2023-01-03 10:07:55,113 [Listener at 127.0.0.1/46431] INFO  netty.NettyConfigKeys$DataStream (ConfUtils.java:logGet(46)) - raft.netty.dataStream.server.boss-group.size = 0 (default)
2023-01-03 10:07:55,114 [Listener at 127.0.0.1/46431] INFO  netty.NettyConfigKeys$DataStream (ConfUtils.java:logGet(46)) - raft.netty.dataStream.server.worker-group.size = 0 (default)
2023-01-03 10:07:55,114 [Listener at 127.0.0.1/46431] INFO  netty.NettyConfigKeys$DataStream (ConfUtils.java:logGet(46)) - raft.netty.dataStream.server.tls.conf = null (default)
2023-01-03 10:07:55,114 [Listener at 127.0.0.1/46431] INFO  netty.NettyConfigKeys$DataStream (ConfUtils.java:logGet(46)) - raft.netty.dataStream.host = null (default)
2023-01-03 10:07:55,114 [Listener at 127.0.0.1/46431] INFO  netty.NettyConfigKeys$DataStream (ConfUtils.java:logGet(46)) - raft.netty.dataStream.port = 0 (default)
2023-01-03 10:07:55,115 [Listener at 127.0.0.1/46431] INFO  server.RaftServerConfigKeys (ConfUtils.java:logGet(46)) - raft.server.threadpool.proxy.cached = true (default)
2023-01-03 10:07:55,115 [Listener at 127.0.0.1/46431] INFO  server.RaftServerConfigKeys (ConfUtils.java:logGet(46)) - raft.server.threadpool.proxy.size = 0 (default)
2023-01-03 10:07:55,115 [Listener at 127.0.0.1/46431] INFO  server.RaftServerConfigKeys (ConfUtils.java:logGet(46)) - raft.server.rpc.slowness.timeout = 300s (custom)
2023-01-03 10:07:55,115 [Listener at 127.0.0.1/46431] INFO  server.RaftServerConfigKeys (ConfUtils.java:logGet(46)) - raft.server.leaderelection.leader.step-down.wait-time = 10s (default)
2023-01-03 10:07:55,115 [Listener at 127.0.0.1/46431] INFO  server.RaftServerConfigKeys (ConfUtils.java:logGet(46)) - raft.server.storage.dir = [/home/runner/work/ozone/ozone/hadoop-ozone/integration-test/target/test-dir/MiniOzoneClusterImpl-fa5f3e5f-d2ce-4aac-89a4-435e2b21547f/datanode-4/data/ratis] (custom)
2023-01-03 10:07:55,115 [786d16df-aea0-40f0-824b-581d62f1269e-NettyServerStreamRpc-bossGroup--thread1] INFO  logging.LoggingHandler (AbstractInternalLogger.java:log(148)) - [id: 0xf497a8e0] REGISTERED
2023-01-03 10:07:55,116 [786d16df-aea0-40f0-824b-581d62f1269e-NettyServerStreamRpc-bossGroup--thread1] INFO  logging.LoggingHandler (AbstractInternalLogger.java:log(148)) - [id: 0xf497a8e0] BIND: 0.0.0.0/0.0.0.0:0
2023-01-03 10:07:55,116 [786d16df-aea0-40f0-824b-581d62f1269e-NettyServerStreamRpc-bossGroup--thread1] INFO  logging.LoggingHandler (AbstractInternalLogger.java:log(148)) - [id: 0xf497a8e0, L:/0:0:0:0:0:0:0:0:40799] ACTIVE
2023-01-03 10:07:55,118 [Listener at 127.0.0.1/46431] INFO  server.XceiverServerGrpc (XceiverServerGrpc.java:<init>(132)) - GrpcServer channel type EpollServerSocketChannel
2023-01-03 10:07:55,121 [Listener at 127.0.0.1/46431] INFO  http.BaseHttpServer (BaseHttpServer.java:newHttpServer2BuilderForOzone(213)) - Starting Web-server for hddsDatanode at: http://0.0.0.0:0
2023-01-03 10:07:55,121 [Listener at 127.0.0.1/46431] INFO  http.BaseHttpServer (BaseHttpServer.java:<init>(108)) - Hadoop Security Enabled: false Ozone Security Enabled: false Ozone HTTP Security Enabled: false 
2023-01-03 10:07:55,123 [Listener at 127.0.0.1/46431] WARN  server.AuthenticationFilter (AuthenticationFilter.java:constructSecretProvider(240)) - Unable to initialize FileSignerSecretProvider, falling back to use random secrets. Reason: Could not read signature secret file: /home/runner/hadoop-http-auth-signature-secret
2023-01-03 10:07:55,123 [Listener at 127.0.0.1/46431] WARN  http.HttpRequestLog (HttpRequestLog.java:getRequestLog(103)) - Jetty request log can only be enabled using Log4j
2023-01-03 10:07:55,124 [Listener at 127.0.0.1/46431] INFO  http.HttpServer2 (HttpServer2.java:addGlobalFilter(1031)) - Added global filter 'safety' (class=org.apache.hadoop.hdds.server.http.HttpServer2$QuotingInputFilter)
2023-01-03 10:07:55,125 [Listener at 127.0.0.1/46431] INFO  http.HttpServer2 (HttpServer2.java:addFilter(1007)) - Added filter static_user_filter (class=org.apache.hadoop.http.lib.StaticUserWebFilter$StaticUserFilter) to context hddsDatanode
2023-01-03 10:07:55,125 [Listener at 127.0.0.1/46431] INFO  http.HttpServer2 (HttpServer2.java:addFilter(1015)) - Added filter static_user_filter (class=org.apache.hadoop.http.lib.StaticUserWebFilter$StaticUserFilter) to context logs
2023-01-03 10:07:55,125 [Listener at 127.0.0.1/46431] INFO  http.HttpServer2 (HttpServer2.java:addFilter(1015)) - Added filter static_user_filter (class=org.apache.hadoop.http.lib.StaticUserWebFilter$StaticUserFilter) to context static
2023-01-03 10:07:55,125 [Listener at 127.0.0.1/46431] INFO  http.HttpServer2 (HttpServer2.java:bindListener(1250)) - Jetty bound to port 35409
2023-01-03 10:07:55,125 [Listener at 127.0.0.1/46431] INFO  server.Server (Server.java:doStart(375)) - jetty-9.4.49.v20220914; built: 2022-09-14T01:07:36.601Z; git: 4231a3b2e4cb8548a412a789936d640a97b1aa0a; jvm 1.8.0_352-b08
2023-01-03 10:07:55,126 [Listener at 127.0.0.1/46431] INFO  server.session (DefaultSessionIdManager.java:doStart(334)) - DefaultSessionIdManager workerName=node0
2023-01-03 10:07:55,127 [Listener at 127.0.0.1/46431] INFO  server.session (DefaultSessionIdManager.java:doStart(339)) - No SessionScavenger set, using defaults
2023-01-03 10:07:55,128 [Listener at 127.0.0.1/46431] INFO  server.session (HouseKeeper.java:startScavenging(132)) - node0 Scavenging every 600000ms
2023-01-03 10:07:55,128 [Listener at 127.0.0.1/46431] INFO  handler.ContextHandler (ContextHandler.java:doStart(921)) - Started o.e.j.s.ServletContextHandler@6548432d{logs,/logs,file:///home/runner/work/ozone/ozone/hadoop-ozone/integration-test/target/log,AVAILABLE}
2023-01-03 10:07:55,129 [Listener at 127.0.0.1/46431] INFO  handler.ContextHandler (ContextHandler.java:doStart(921)) - Started o.e.j.s.ServletContextHandler@6d14f6d8{static,/static,jar:file:/home/runner/.m2/repository/org/apache/ozone/hdds-container-service/1.4.0-SNAPSHOT/hdds-container-service-1.4.0-SNAPSHOT.jar!/webapps/static,AVAILABLE}
2023-01-03 10:07:55,298 [Listener at 127.0.0.1/46431] INFO  handler.ContextHandler (ContextHandler.java:doStart(921)) - Started o.e.j.w.WebAppContext@4ea8fcb8{hddsDatanode,/,file:///tmp/jetty-0_0_0_0-35409-hdds-container-service-1_4_0-SNAPSHOT_jar-_-any-4903553975460309676/webapp/,AVAILABLE}{jar:file:/home/runner/.m2/repository/org/apache/ozone/hdds-container-service/1.4.0-SNAPSHOT/hdds-container-service-1.4.0-SNAPSHOT.jar!/webapps/hddsDatanode}
2023-01-03 10:07:55,304 [Listener at 127.0.0.1/46431] INFO  server.AbstractConnector (AbstractConnector.java:doStart(333)) - Started ServerConnector@426f9f7e{HTTP/1.1, (http/1.1)}{0.0.0.0:35409}
2023-01-03 10:07:55,304 [Listener at 127.0.0.1/46431] INFO  server.Server (Server.java:doStart(415)) - Started @116094ms
2023-01-03 10:07:55,304 [Listener at 127.0.0.1/46431] WARN  impl.MetricsSystemImpl (MetricsSystemImpl.java:register(279)) - Sink prometheus already exists!
2023-01-03 10:07:55,304 [Listener at 127.0.0.1/46431] INFO  http.BaseHttpServer (BaseHttpServer.java:updateConnectorAddress(333)) - HTTP server of hddsDatanode listening at http://0.0.0.0:35409
2023-01-03 10:07:55,305 [Datanode State Machine Daemon Thread] INFO  statemachine.DatanodeStateMachine (DatanodeStateMachine.java:lambda$startDaemon$0(508)) - Ozone container server started.
2023-01-03 10:07:55,305 [Listener at 127.0.0.1/46431] INFO  ozone.MiniOzoneClusterImpl (MiniOzoneClusterImpl.java:lambda$waitForClusterToBeReady$0(217)) - Waiting for nodes to be ready. Got 0 of 5 DN Heartbeats.
2023-01-03 10:07:55,305 [Listener at 127.0.0.1/46431] INFO  ozone.MiniOzoneClusterImpl (MiniOzoneClusterImpl.java:lambda$waitForClusterToBeReady$0(220)) - Waiting for cluster to exit safe mode
2023-01-03 10:07:55,305 [Listener at 127.0.0.1/46431] INFO  ozone.MiniOzoneClusterImpl (MiniOzoneClusterImpl.java:lambda$waitForClusterToBeReady$0(222)) - SCM became leader
2023-01-03 10:07:55,307 [org.apache.hadoop.util.JvmPauseMonitor$Monitor@cc1b2cf] INFO  util.JvmPauseMonitor (JvmPauseMonitor.java:run(188)) - Starting JVM pause monitor
2023-01-03 10:07:55,308 [Datanode State Machine Task Thread - 0] INFO  datanode.InitDatanodeState (InitDatanodeState.java:persistContainerDatanodeDetails(138)) - DatanodeDetails is persisted to /home/runner/work/ozone/ozone/hadoop-ozone/integration-test/target/test-dir/MiniOzoneClusterImpl-fa5f3e5f-d2ce-4aac-89a4-435e2b21547f/datanode-4/meta/datanode.id
2023-01-03 10:07:56,090 [EndpointStateMachine task thread for /0.0.0.0:33051 - 0 ] INFO  utils.DatanodeStoreCache (DatanodeStoreCache.java:addDB(58)) - Added db /home/runner/work/ozone/ozone/hadoop-ozone/integration-test/target/test-dir/MiniOzoneClusterImpl-fa5f3e5f-d2ce-4aac-89a4-435e2b21547f/datanode-0/data-0/containers/hdds/fa5f3e5f-d2ce-4aac-89a4-435e2b21547f/DS-2aabe0bf-ac92-4085-84af-fa32dc897351/container.db to cache
2023-01-03 10:07:56,090 [EndpointStateMachine task thread for /0.0.0.0:33051 - 0 ] INFO  volume.HddsVolume (HddsVolume.java:createDbStore(307)) - SchemaV3 db is created and loaded at /home/runner/work/ozone/ozone/hadoop-ozone/integration-test/target/test-dir/MiniOzoneClusterImpl-fa5f3e5f-d2ce-4aac-89a4-435e2b21547f/datanode-0/data-0/containers/hdds/fa5f3e5f-d2ce-4aac-89a4-435e2b21547f/DS-2aabe0bf-ac92-4085-84af-fa32dc897351/container.db for volume DS-2aabe0bf-ac92-4085-84af-fa32dc897351
2023-01-03 10:07:56,090 [EndpointStateMachine task thread for /0.0.0.0:33051 - 0 ] INFO  ozoneimpl.OzoneContainer (OzoneContainer.java:start(395)) - Attempting to start container services.
2023-01-03 10:07:56,090 [EndpointStateMachine task thread for /0.0.0.0:33051 - 0 ] INFO  ozoneimpl.OzoneContainer (OzoneContainer.java:startContainerScrub(312)) - Scheduled background container scanners and the on-demand container scanner have been disabled.
2023-01-03 10:07:56,094 [EndpointStateMachine task thread for /0.0.0.0:33051 - 0 ] INFO  replication.ReplicationServer (ReplicationServer.java:start(106)) - ReplicationServer is started using port 41193
2023-01-03 10:07:56,094 [EndpointStateMachine task thread for /0.0.0.0:33051 - 0 ] INFO  ratis.XceiverServerRatis (XceiverServerRatis.java:start(517)) - Starting XceiverServerRatis c7e71a96-70a3-435a-a6b2-b0df4fa5b7cd
2023-01-03 10:07:56,097 [EndpointStateMachine task thread for /0.0.0.0:33051 - 0 ] INFO  server.RaftServer (RaftServerProxy.java:startImpl(393)) - c7e71a96-70a3-435a-a6b2-b0df4fa5b7cd: start RPC server
2023-01-03 10:07:56,100 [EndpointStateMachine task thread for /0.0.0.0:33051 - 0 ] INFO  server.GrpcService (GrpcService.java:startImpl(262)) - c7e71a96-70a3-435a-a6b2-b0df4fa5b7cd: GrpcService started, listening on 35743
2023-01-03 10:07:56,100 [EndpointStateMachine task thread for /0.0.0.0:33051 - 0 ] INFO  ratis.XceiverServerRatis (XceiverServerRatis.java:getRealPort(543)) - XceiverServerRatis c7e71a96-70a3-435a-a6b2-b0df4fa5b7cd is started using port 35743 for RATIS
2023-01-03 10:07:56,100 [EndpointStateMachine task thread for /0.0.0.0:33051 - 0 ] INFO  ratis.XceiverServerRatis (XceiverServerRatis.java:getRealPort(543)) - XceiverServerRatis c7e71a96-70a3-435a-a6b2-b0df4fa5b7cd is started using port 35743 for RATIS_ADMIN
2023-01-03 10:07:56,100 [JvmPauseMonitor12] INFO  util.JvmPauseMonitor (JvmPauseMonitor.java:run(105)) - JvmPauseMonitor-c7e71a96-70a3-435a-a6b2-b0df4fa5b7cd: Started
2023-01-03 10:07:56,100 [EndpointStateMachine task thread for /0.0.0.0:33051 - 0 ] INFO  ratis.XceiverServerRatis (XceiverServerRatis.java:getRealPort(543)) - XceiverServerRatis c7e71a96-70a3-435a-a6b2-b0df4fa5b7cd is started using port 35743 for RATIS_SERVER
2023-01-03 10:07:56,100 [EndpointStateMachine task thread for /0.0.0.0:33051 - 0 ] INFO  ratis.XceiverServerRatis (XceiverServerRatis.java:getRealPort(543)) - XceiverServerRatis c7e71a96-70a3-435a-a6b2-b0df4fa5b7cd is started using port 37175 for RATIS_DATASTREAM
2023-01-03 10:07:56,106 [EndpointStateMachine task thread for /0.0.0.0:33051 - 0 ] INFO  server.XceiverServerGrpc (XceiverServerGrpc.java:start(180)) - XceiverServerGrpc c7e71a96-70a3-435a-a6b2-b0df4fa5b7cd is started using port 42781
2023-01-03 10:07:56,306 [Listener at 127.0.0.1/46431] INFO  ozone.MiniOzoneClusterImpl (MiniOzoneClusterImpl.java:lambda$waitForClusterToBeReady$0(217)) - Waiting for nodes to be ready. Got 0 of 5 DN Heartbeats.
2023-01-03 10:07:56,306 [Listener at 127.0.0.1/46431] INFO  ozone.MiniOzoneClusterImpl (MiniOzoneClusterImpl.java:lambda$waitForClusterToBeReady$0(220)) - Waiting for cluster to exit safe mode
2023-01-03 10:07:56,306 [Listener at 127.0.0.1/46431] INFO  ozone.MiniOzoneClusterImpl (MiniOzoneClusterImpl.java:lambda$waitForClusterToBeReady$0(222)) - SCM became leader
2023-01-03 10:07:56,405 [EndpointStateMachine task thread for /0.0.0.0:33051 - 0 ] INFO  utils.DatanodeStoreCache (DatanodeStoreCache.java:addDB(58)) - Added db /home/runner/work/ozone/ozone/hadoop-ozone/integration-test/target/test-dir/MiniOzoneClusterImpl-fa5f3e5f-d2ce-4aac-89a4-435e2b21547f/datanode-1/data-0/containers/hdds/fa5f3e5f-d2ce-4aac-89a4-435e2b21547f/DS-b5e44891-8831-4b0f-a904-14cb77658e4a/container.db to cache
2023-01-03 10:07:56,405 [EndpointStateMachine task thread for /0.0.0.0:33051 - 0 ] INFO  volume.HddsVolume (HddsVolume.java:createDbStore(307)) - SchemaV3 db is created and loaded at /home/runner/work/ozone/ozone/hadoop-ozone/integration-test/target/test-dir/MiniOzoneClusterImpl-fa5f3e5f-d2ce-4aac-89a4-435e2b21547f/datanode-1/data-0/containers/hdds/fa5f3e5f-d2ce-4aac-89a4-435e2b21547f/DS-b5e44891-8831-4b0f-a904-14cb77658e4a/container.db for volume DS-b5e44891-8831-4b0f-a904-14cb77658e4a
2023-01-03 10:07:56,406 [EndpointStateMachine task thread for /0.0.0.0:33051 - 0 ] INFO  ozoneimpl.OzoneContainer (OzoneContainer.java:start(395)) - Attempting to start container services.
2023-01-03 10:07:56,406 [EndpointStateMachine task thread for /0.0.0.0:33051 - 0 ] INFO  ozoneimpl.OzoneContainer (OzoneContainer.java:startContainerScrub(312)) - Scheduled background container scanners and the on-demand container scanner have been disabled.
2023-01-03 10:07:56,408 [EndpointStateMachine task thread for /0.0.0.0:33051 - 0 ] INFO  replication.ReplicationServer (ReplicationServer.java:start(106)) - ReplicationServer is started using port 42573
2023-01-03 10:07:56,409 [EndpointStateMachine task thread for /0.0.0.0:33051 - 0 ] INFO  ratis.XceiverServerRatis (XceiverServerRatis.java:start(517)) - Starting XceiverServerRatis 6197d2f5-af8d-4e13-93f4-b3dc0462d19d
2023-01-03 10:07:56,409 [EndpointStateMachine task thread for /0.0.0.0:33051 - 0 ] INFO  server.RaftServer (RaftServerProxy.java:startImpl(393)) - 6197d2f5-af8d-4e13-93f4-b3dc0462d19d: start RPC server
2023-01-03 10:07:56,411 [EndpointStateMachine task thread for /0.0.0.0:33051 - 0 ] INFO  server.GrpcService (GrpcService.java:startImpl(262)) - 6197d2f5-af8d-4e13-93f4-b3dc0462d19d: GrpcService started, listening on 44689
2023-01-03 10:07:56,411 [EndpointStateMachine task thread for /0.0.0.0:33051 - 0 ] INFO  ratis.XceiverServerRatis (XceiverServerRatis.java:getRealPort(543)) - XceiverServerRatis 6197d2f5-af8d-4e13-93f4-b3dc0462d19d is started using port 44689 for RATIS
2023-01-03 10:07:56,411 [EndpointStateMachine task thread for /0.0.0.0:33051 - 0 ] INFO  ratis.XceiverServerRatis (XceiverServerRatis.java:getRealPort(543)) - XceiverServerRatis 6197d2f5-af8d-4e13-93f4-b3dc0462d19d is started using port 44689 for RATIS_ADMIN
2023-01-03 10:07:56,411 [JvmPauseMonitor13] INFO  util.JvmPauseMonitor (JvmPauseMonitor.java:run(105)) - JvmPauseMonitor-6197d2f5-af8d-4e13-93f4-b3dc0462d19d: Started
2023-01-03 10:07:56,411 [EndpointStateMachine task thread for /0.0.0.0:33051 - 0 ] INFO  ratis.XceiverServerRatis (XceiverServerRatis.java:getRealPort(543)) - XceiverServerRatis 6197d2f5-af8d-4e13-93f4-b3dc0462d19d is started using port 44689 for RATIS_SERVER
2023-01-03 10:07:56,411 [EndpointStateMachine task thread for /0.0.0.0:33051 - 0 ] INFO  ratis.XceiverServerRatis (XceiverServerRatis.java:getRealPort(543)) - XceiverServerRatis 6197d2f5-af8d-4e13-93f4-b3dc0462d19d is started using port 34149 for RATIS_DATASTREAM
2023-01-03 10:07:56,414 [EndpointStateMachine task thread for /0.0.0.0:33051 - 0 ] INFO  server.XceiverServerGrpc (XceiverServerGrpc.java:start(180)) - XceiverServerGrpc 6197d2f5-af8d-4e13-93f4-b3dc0462d19d is started using port 35683
2023-01-03 10:07:56,747 [EndpointStateMachine task thread for /0.0.0.0:33051 - 0 ] INFO  utils.DatanodeStoreCache (DatanodeStoreCache.java:addDB(58)) - Added db /home/runner/work/ozone/ozone/hadoop-ozone/integration-test/target/test-dir/MiniOzoneClusterImpl-fa5f3e5f-d2ce-4aac-89a4-435e2b21547f/datanode-2/data-0/containers/hdds/fa5f3e5f-d2ce-4aac-89a4-435e2b21547f/DS-86c5dee7-f343-417b-927d-26ac49551a52/container.db to cache
2023-01-03 10:07:56,747 [EndpointStateMachine task thread for /0.0.0.0:33051 - 0 ] INFO  volume.HddsVolume (HddsVolume.java:createDbStore(307)) - SchemaV3 db is created and loaded at /home/runner/work/ozone/ozone/hadoop-ozone/integration-test/target/test-dir/MiniOzoneClusterImpl-fa5f3e5f-d2ce-4aac-89a4-435e2b21547f/datanode-2/data-0/containers/hdds/fa5f3e5f-d2ce-4aac-89a4-435e2b21547f/DS-86c5dee7-f343-417b-927d-26ac49551a52/container.db for volume DS-86c5dee7-f343-417b-927d-26ac49551a52
2023-01-03 10:07:56,747 [EndpointStateMachine task thread for /0.0.0.0:33051 - 0 ] INFO  ozoneimpl.OzoneContainer (OzoneContainer.java:start(395)) - Attempting to start container services.
2023-01-03 10:07:56,747 [EndpointStateMachine task thread for /0.0.0.0:33051 - 0 ] INFO  ozoneimpl.OzoneContainer (OzoneContainer.java:startContainerScrub(312)) - Scheduled background container scanners and the on-demand container scanner have been disabled.
2023-01-03 10:07:56,751 [EndpointStateMachine task thread for /0.0.0.0:33051 - 0 ] INFO  replication.ReplicationServer (ReplicationServer.java:start(106)) - ReplicationServer is started using port 43181
2023-01-03 10:07:56,752 [EndpointStateMachine task thread for /0.0.0.0:33051 - 0 ] INFO  ratis.XceiverServerRatis (XceiverServerRatis.java:start(517)) - Starting XceiverServerRatis ceb62289-e61f-4ee7-8769-746790ce93a5
2023-01-03 10:07:56,753 [EndpointStateMachine task thread for /0.0.0.0:33051 - 0 ] INFO  server.RaftServer (RaftServerProxy.java:startImpl(393)) - ceb62289-e61f-4ee7-8769-746790ce93a5: start RPC server
2023-01-03 10:07:56,758 [EndpointStateMachine task thread for /0.0.0.0:33051 - 0 ] INFO  server.GrpcService (GrpcService.java:startImpl(262)) - ceb62289-e61f-4ee7-8769-746790ce93a5: GrpcService started, listening on 39919
2023-01-03 10:07:56,758 [EndpointStateMachine task thread for /0.0.0.0:33051 - 0 ] INFO  ratis.XceiverServerRatis (XceiverServerRatis.java:getRealPort(543)) - XceiverServerRatis ceb62289-e61f-4ee7-8769-746790ce93a5 is started using port 39919 for RATIS
2023-01-03 10:07:56,758 [EndpointStateMachine task thread for /0.0.0.0:33051 - 0 ] INFO  ratis.XceiverServerRatis (XceiverServerRatis.java:getRealPort(543)) - XceiverServerRatis ceb62289-e61f-4ee7-8769-746790ce93a5 is started using port 39919 for RATIS_ADMIN
2023-01-03 10:07:56,759 [JvmPauseMonitor14] INFO  util.JvmPauseMonitor (JvmPauseMonitor.java:run(105)) - JvmPauseMonitor-ceb62289-e61f-4ee7-8769-746790ce93a5: Started
2023-01-03 10:07:56,759 [EndpointStateMachine task thread for /0.0.0.0:33051 - 0 ] INFO  ratis.XceiverServerRatis (XceiverServerRatis.java:getRealPort(543)) - XceiverServerRatis ceb62289-e61f-4ee7-8769-746790ce93a5 is started using port 39919 for RATIS_SERVER
2023-01-03 10:07:56,759 [EndpointStateMachine task thread for /0.0.0.0:33051 - 0 ] INFO  ratis.XceiverServerRatis (XceiverServerRatis.java:getRealPort(543)) - XceiverServerRatis ceb62289-e61f-4ee7-8769-746790ce93a5 is started using port 34319 for RATIS_DATASTREAM
2023-01-03 10:07:56,765 [EndpointStateMachine task thread for /0.0.0.0:33051 - 0 ] INFO  server.XceiverServerGrpc (XceiverServerGrpc.java:start(180)) - XceiverServerGrpc ceb62289-e61f-4ee7-8769-746790ce93a5 is started using port 45987
2023-01-03 10:07:57,056 [EndpointStateMachine task thread for /0.0.0.0:33051 - 0 ] INFO  utils.DatanodeStoreCache (DatanodeStoreCache.java:addDB(58)) - Added db /home/runner/work/ozone/ozone/hadoop-ozone/integration-test/target/test-dir/MiniOzoneClusterImpl-fa5f3e5f-d2ce-4aac-89a4-435e2b21547f/datanode-3/data-0/containers/hdds/fa5f3e5f-d2ce-4aac-89a4-435e2b21547f/DS-b3cc8f31-838b-4ae1-89e8-182a23f2c3ea/container.db to cache
2023-01-03 10:07:57,056 [EndpointStateMachine task thread for /0.0.0.0:33051 - 0 ] INFO  volume.HddsVolume (HddsVolume.java:createDbStore(307)) - SchemaV3 db is created and loaded at /home/runner/work/ozone/ozone/hadoop-ozone/integration-test/target/test-dir/MiniOzoneClusterImpl-fa5f3e5f-d2ce-4aac-89a4-435e2b21547f/datanode-3/data-0/containers/hdds/fa5f3e5f-d2ce-4aac-89a4-435e2b21547f/DS-b3cc8f31-838b-4ae1-89e8-182a23f2c3ea/container.db for volume DS-b3cc8f31-838b-4ae1-89e8-182a23f2c3ea
2023-01-03 10:07:57,057 [EndpointStateMachine task thread for /0.0.0.0:33051 - 0 ] INFO  ozoneimpl.OzoneContainer (OzoneContainer.java:start(395)) - Attempting to start container services.
2023-01-03 10:07:57,057 [EndpointStateMachine task thread for /0.0.0.0:33051 - 0 ] INFO  ozoneimpl.OzoneContainer (OzoneContainer.java:startContainerScrub(312)) - Scheduled background container scanners and the on-demand container scanner have been disabled.
2023-01-03 10:07:57,059 [EndpointStateMachine task thread for /0.0.0.0:33051 - 0 ] INFO  replication.ReplicationServer (ReplicationServer.java:start(106)) - ReplicationServer is started using port 33973
2023-01-03 10:07:57,059 [EndpointStateMachine task thread for /0.0.0.0:33051 - 0 ] INFO  ratis.XceiverServerRatis (XceiverServerRatis.java:start(517)) - Starting XceiverServerRatis 92295612-f13b-4ff2-b823-10ec710f5439
2023-01-03 10:07:57,060 [EndpointStateMachine task thread for /0.0.0.0:33051 - 0 ] INFO  server.RaftServer (RaftServerProxy.java:startImpl(393)) - 92295612-f13b-4ff2-b823-10ec710f5439: start RPC server
2023-01-03 10:07:57,062 [EndpointStateMachine task thread for /0.0.0.0:33051 - 0 ] INFO  server.GrpcService (GrpcService.java:startImpl(262)) - 92295612-f13b-4ff2-b823-10ec710f5439: GrpcService started, listening on 39873
2023-01-03 10:07:57,062 [EndpointStateMachine task thread for /0.0.0.0:33051 - 0 ] INFO  ratis.XceiverServerRatis (XceiverServerRatis.java:getRealPort(543)) - XceiverServerRatis 92295612-f13b-4ff2-b823-10ec710f5439 is started using port 39873 for RATIS
2023-01-03 10:07:57,062 [EndpointStateMachine task thread for /0.0.0.0:33051 - 0 ] INFO  ratis.XceiverServerRatis (XceiverServerRatis.java:getRealPort(543)) - XceiverServerRatis 92295612-f13b-4ff2-b823-10ec710f5439 is started using port 39873 for RATIS_ADMIN
2023-01-03 10:07:57,062 [JvmPauseMonitor15] INFO  util.JvmPauseMonitor (JvmPauseMonitor.java:run(105)) - JvmPauseMonitor-92295612-f13b-4ff2-b823-10ec710f5439: Started
2023-01-03 10:07:57,062 [EndpointStateMachine task thread for /0.0.0.0:33051 - 0 ] INFO  ratis.XceiverServerRatis (XceiverServerRatis.java:getRealPort(543)) - XceiverServerRatis 92295612-f13b-4ff2-b823-10ec710f5439 is started using port 39873 for RATIS_SERVER
2023-01-03 10:07:57,062 [EndpointStateMachine task thread for /0.0.0.0:33051 - 0 ] INFO  ratis.XceiverServerRatis (XceiverServerRatis.java:getRealPort(543)) - XceiverServerRatis 92295612-f13b-4ff2-b823-10ec710f5439 is started using port 42237 for RATIS_DATASTREAM
2023-01-03 10:07:57,066 [EndpointStateMachine task thread for /0.0.0.0:33051 - 0 ] INFO  server.XceiverServerGrpc (XceiverServerGrpc.java:start(180)) - XceiverServerGrpc 92295612-f13b-4ff2-b823-10ec710f5439 is started using port 42935
2023-01-03 10:07:57,306 [Listener at 127.0.0.1/46431] INFO  ozone.MiniOzoneClusterImpl (MiniOzoneClusterImpl.java:lambda$waitForClusterToBeReady$0(217)) - Waiting for nodes to be ready. Got 0 of 5 DN Heartbeats.
2023-01-03 10:07:57,306 [Listener at 127.0.0.1/46431] INFO  ozone.MiniOzoneClusterImpl (MiniOzoneClusterImpl.java:lambda$waitForClusterToBeReady$0(220)) - Waiting for cluster to exit safe mode
2023-01-03 10:07:57,306 [Listener at 127.0.0.1/46431] INFO  ozone.MiniOzoneClusterImpl (MiniOzoneClusterImpl.java:lambda$waitForClusterToBeReady$0(222)) - SCM became leader
2023-01-03 10:07:57,329 [EndpointStateMachine task thread for /0.0.0.0:33051 - 0 ] INFO  utils.DatanodeStoreCache (DatanodeStoreCache.java:addDB(58)) - Added db /home/runner/work/ozone/ozone/hadoop-ozone/integration-test/target/test-dir/MiniOzoneClusterImpl-fa5f3e5f-d2ce-4aac-89a4-435e2b21547f/datanode-4/data-0/containers/hdds/fa5f3e5f-d2ce-4aac-89a4-435e2b21547f/DS-775cf588-b6ab-4766-a031-b450243a8fe6/container.db to cache
2023-01-03 10:07:57,329 [EndpointStateMachine task thread for /0.0.0.0:33051 - 0 ] INFO  volume.HddsVolume (HddsVolume.java:createDbStore(307)) - SchemaV3 db is created and loaded at /home/runner/work/ozone/ozone/hadoop-ozone/integration-test/target/test-dir/MiniOzoneClusterImpl-fa5f3e5f-d2ce-4aac-89a4-435e2b21547f/datanode-4/data-0/containers/hdds/fa5f3e5f-d2ce-4aac-89a4-435e2b21547f/DS-775cf588-b6ab-4766-a031-b450243a8fe6/container.db for volume DS-775cf588-b6ab-4766-a031-b450243a8fe6
2023-01-03 10:07:57,329 [EndpointStateMachine task thread for /0.0.0.0:33051 - 0 ] INFO  ozoneimpl.OzoneContainer (OzoneContainer.java:start(395)) - Attempting to start container services.
2023-01-03 10:07:57,329 [EndpointStateMachine task thread for /0.0.0.0:33051 - 0 ] INFO  ozoneimpl.OzoneContainer (OzoneContainer.java:startContainerScrub(312)) - Scheduled background container scanners and the on-demand container scanner have been disabled.
2023-01-03 10:07:57,332 [EndpointStateMachine task thread for /0.0.0.0:33051 - 0 ] INFO  replication.ReplicationServer (ReplicationServer.java:start(106)) - ReplicationServer is started using port 33031
2023-01-03 10:07:57,332 [EndpointStateMachine task thread for /0.0.0.0:33051 - 0 ] INFO  ratis.XceiverServerRatis (XceiverServerRatis.java:start(517)) - Starting XceiverServerRatis 786d16df-aea0-40f0-824b-581d62f1269e
2023-01-03 10:07:57,332 [EndpointStateMachine task thread for /0.0.0.0:33051 - 0 ] INFO  server.RaftServer (RaftServerProxy.java:startImpl(393)) - 786d16df-aea0-40f0-824b-581d62f1269e: start RPC server
2023-01-03 10:07:57,339 [EndpointStateMachine task thread for /0.0.0.0:33051 - 0 ] INFO  server.GrpcService (GrpcService.java:startImpl(262)) - 786d16df-aea0-40f0-824b-581d62f1269e: GrpcService started, listening on 45479
2023-01-03 10:07:57,339 [EndpointStateMachine task thread for /0.0.0.0:33051 - 0 ] INFO  ratis.XceiverServerRatis (XceiverServerRatis.java:getRealPort(543)) - XceiverServerRatis 786d16df-aea0-40f0-824b-581d62f1269e is started using port 45479 for RATIS
2023-01-03 10:07:57,339 [EndpointStateMachine task thread for /0.0.0.0:33051 - 0 ] INFO  ratis.XceiverServerRatis (XceiverServerRatis.java:getRealPort(543)) - XceiverServerRatis 786d16df-aea0-40f0-824b-581d62f1269e is started using port 45479 for RATIS_ADMIN
2023-01-03 10:07:57,339 [EndpointStateMachine task thread for /0.0.0.0:33051 - 0 ] INFO  ratis.XceiverServerRatis (XceiverServerRatis.java:getRealPort(543)) - XceiverServerRatis 786d16df-aea0-40f0-824b-581d62f1269e is started using port 45479 for RATIS_SERVER
2023-01-03 10:07:57,339 [EndpointStateMachine task thread for /0.0.0.0:33051 - 0 ] INFO  ratis.XceiverServerRatis (XceiverServerRatis.java:getRealPort(543)) - XceiverServerRatis 786d16df-aea0-40f0-824b-581d62f1269e is started using port 40799 for RATIS_DATASTREAM
2023-01-03 10:07:57,339 [JvmPauseMonitor16] INFO  util.JvmPauseMonitor (JvmPauseMonitor.java:run(105)) - JvmPauseMonitor-786d16df-aea0-40f0-824b-581d62f1269e: Started
2023-01-03 10:07:57,346 [EndpointStateMachine task thread for /0.0.0.0:33051 - 0 ] INFO  server.XceiverServerGrpc (XceiverServerGrpc.java:start(180)) - XceiverServerGrpc 786d16df-aea0-40f0-824b-581d62f1269e is started using port 40969
2023-01-03 10:07:58,065 [IPC Server handler 2 on default port 33051] INFO  net.NetworkTopologyImpl (NetworkTopologyImpl.java:add(112)) - Added a new node: /default-rack/c7e71a96-70a3-435a-a6b2-b0df4fa5b7cd
2023-01-03 10:07:58,065 [IPC Server handler 2 on default port 33051] INFO  node.SCMNodeManager (SCMNodeManager.java:register(397)) - Registered Data node : c7e71a96-70a3-435a-a6b2-b0df4fa5b7cd{ip: 10.1.0.13, host: fv-az292-374.tqgtyn10aqxuxoi0mkfbldi5vh.jx.internal.cloudapp.net, ports: [REPLICATION=41193, RATIS=35743, RATIS_ADMIN=35743, RATIS_SERVER=35743, RATIS_DATASTREAM=37175, STANDALONE=42781], networkLocation: /default-rack, certSerialId: null, persistedOpState: null, persistedOpStateExpiryEpochSec: 0}
2023-01-03 10:07:58,067 [EventQueue-NodeRegistrationContainerReportForDataNodeSafeModeRule] INFO  safemode.SCMSafeModeManager (DataNodeSafeModeRule.java:process(71)) - SCM in safe mode. 1 DataNodes registered, 3 required.
2023-01-03 10:07:58,067 [EventQueue-NodeRegistrationContainerReportForContainerSafeModeRule] INFO  safemode.SCMSafeModeManager (SCMSafeModeManager.java:validateSafeModeExitRules(200)) - ContainerSafeModeRule rule is successfully validated
2023-01-03 10:07:58,068 [EventQueue-NewNodeForNewNodeHandler] INFO  pipeline.BackgroundPipelineCreator (BackgroundPipelineCreator.java:notifyEventTriggered(276)) - trigger a one-shot run on RatisPipelineUtilsThread.
2023-01-03 10:07:58,068 [RatisPipelineUtilsThread - 0] INFO  pipeline.RatisPipelineProvider (RatisPipelineProvider.java:lambda$create$0(206)) - Sending CreatePipelineCommand for pipeline:PipelineID=b98cbcd2-a322-40ea-b2e5-cb312a0a3989 to datanode:c7e71a96-70a3-435a-a6b2-b0df4fa5b7cd
2023-01-03 10:07:58,069 [RatisPipelineUtilsThread - 0] INFO  pipeline.PipelineStateManagerImpl (PipelineStateManagerImpl.java:addPipeline(103)) - Created pipeline Pipeline[ Id: b98cbcd2-a322-40ea-b2e5-cb312a0a3989, Nodes: c7e71a96-70a3-435a-a6b2-b0df4fa5b7cd{ip: 10.1.0.13, host: fv-az292-374.tqgtyn10aqxuxoi0mkfbldi5vh.jx.internal.cloudapp.net, ports: [REPLICATION=41193, RATIS=35743, RATIS_ADMIN=35743, RATIS_SERVER=35743, RATIS_DATASTREAM=37175, STANDALONE=42781], networkLocation: /default-rack, certSerialId: null, persistedOpState: IN_SERVICE, persistedOpStateExpiryEpochSec: 0}, ReplicationConfig: RATIS/ONE, State:ALLOCATED, leaderId:, CreationTimestamp2023-01-03T10:07:58.068Z[Etc/UTC]].
2023-01-03 10:07:58,069 [EventQueue-PipelineReportForOneReplicaPipelineSafeModeRule] INFO  safemode.SCMSafeModeManager (SCMSafeModeManager.java:validateSafeModeExitRules(200)) - AtleastOneDatanodeReportedRule rule is successfully validated
2023-01-03 10:07:58,306 [Listener at 127.0.0.1/46431] INFO  ozone.MiniOzoneClusterImpl (MiniOzoneClusterImpl.java:lambda$waitForClusterToBeReady$0(217)) - Waiting for nodes to be ready. Got 1 of 5 DN Heartbeats.
2023-01-03 10:07:58,307 [Listener at 127.0.0.1/46431] INFO  ozone.MiniOzoneClusterImpl (MiniOzoneClusterImpl.java:lambda$waitForClusterToBeReady$0(220)) - Waiting for cluster to exit safe mode
2023-01-03 10:07:58,307 [Listener at 127.0.0.1/46431] INFO  ozone.MiniOzoneClusterImpl (MiniOzoneClusterImpl.java:lambda$waitForClusterToBeReady$0(222)) - SCM became leader
2023-01-03 10:07:58,384 [IPC Server handler 0 on default port 33051] INFO  net.NetworkTopologyImpl (NetworkTopologyImpl.java:add(112)) - Added a new node: /default-rack/6197d2f5-af8d-4e13-93f4-b3dc0462d19d
2023-01-03 10:07:58,385 [IPC Server handler 0 on default port 33051] INFO  node.SCMNodeManager (SCMNodeManager.java:register(397)) - Registered Data node : 6197d2f5-af8d-4e13-93f4-b3dc0462d19d{ip: 10.1.0.13, host: fv-az292-374.tqgtyn10aqxuxoi0mkfbldi5vh.jx.internal.cloudapp.net, ports: [REPLICATION=42573, RATIS=44689, RATIS_ADMIN=44689, RATIS_SERVER=44689, RATIS_DATASTREAM=34149, STANDALONE=35683], networkLocation: /default-rack, certSerialId: null, persistedOpState: null, persistedOpStateExpiryEpochSec: 0}
2023-01-03 10:07:58,385 [EventQueue-NewNodeForNewNodeHandler] INFO  pipeline.BackgroundPipelineCreator (BackgroundPipelineCreator.java:notifyEventTriggered(276)) - trigger a one-shot run on RatisPipelineUtilsThread.
2023-01-03 10:07:58,386 [EventQueue-NodeRegistrationContainerReportForDataNodeSafeModeRule] INFO  safemode.SCMSafeModeManager (DataNodeSafeModeRule.java:process(71)) - SCM in safe mode. 2 DataNodes registered, 3 required.
2023-01-03 10:07:58,386 [RatisPipelineUtilsThread - 0] INFO  pipeline.RatisPipelineProvider (RatisPipelineProvider.java:lambda$create$0(206)) - Sending CreatePipelineCommand for pipeline:PipelineID=2f23c0fa-30b8-4b0e-9b7f-68aa7defa024 to datanode:6197d2f5-af8d-4e13-93f4-b3dc0462d19d
2023-01-03 10:07:58,386 [RatisPipelineUtilsThread - 0] INFO  pipeline.PipelineStateManagerImpl (PipelineStateManagerImpl.java:addPipeline(103)) - Created pipeline Pipeline[ Id: 2f23c0fa-30b8-4b0e-9b7f-68aa7defa024, Nodes: 6197d2f5-af8d-4e13-93f4-b3dc0462d19d{ip: 10.1.0.13, host: fv-az292-374.tqgtyn10aqxuxoi0mkfbldi5vh.jx.internal.cloudapp.net, ports: [REPLICATION=42573, RATIS=44689, RATIS_ADMIN=44689, RATIS_SERVER=44689, RATIS_DATASTREAM=34149, STANDALONE=35683], networkLocation: /default-rack, certSerialId: null, persistedOpState: IN_SERVICE, persistedOpStateExpiryEpochSec: 0}, ReplicationConfig: RATIS/ONE, State:ALLOCATED, leaderId:, CreationTimestamp2023-01-03T10:07:58.386Z[Etc/UTC]].
2023-01-03 10:07:58,724 [IPC Server handler 1 on default port 33051] INFO  net.NetworkTopologyImpl (NetworkTopologyImpl.java:add(112)) - Added a new node: /default-rack/ceb62289-e61f-4ee7-8769-746790ce93a5
2023-01-03 10:07:58,725 [IPC Server handler 1 on default port 33051] INFO  node.SCMNodeManager (SCMNodeManager.java:register(397)) - Registered Data node : ceb62289-e61f-4ee7-8769-746790ce93a5{ip: 10.1.0.13, host: fv-az292-374.tqgtyn10aqxuxoi0mkfbldi5vh.jx.internal.cloudapp.net, ports: [REPLICATION=43181, RATIS=39919, RATIS_ADMIN=39919, RATIS_SERVER=39919, RATIS_DATASTREAM=34319, STANDALONE=45987], networkLocation: /default-rack, certSerialId: null, persistedOpState: null, persistedOpStateExpiryEpochSec: 0}
2023-01-03 10:07:58,725 [EventQueue-NodeRegistrationContainerReportForDataNodeSafeModeRule] INFO  safemode.SCMSafeModeManager (DataNodeSafeModeRule.java:process(71)) - SCM in safe mode. 3 DataNodes registered, 3 required.
2023-01-03 10:07:58,725 [EventQueue-NodeRegistrationContainerReportForDataNodeSafeModeRule] INFO  safemode.SCMSafeModeManager (SCMSafeModeManager.java:validateSafeModeExitRules(200)) - DataNodeSafeModeRule rule is successfully validated
2023-01-03 10:07:58,725 [EventQueue-NodeRegistrationContainerReportForDataNodeSafeModeRule] INFO  safemode.SCMSafeModeManager (SCMSafeModeManager.java:completePreCheck(229)) - All SCM safe mode pre check rules have passed
2023-01-03 10:07:58,725 [EventQueue-NodeRegistrationContainerReportForDataNodeSafeModeRule] INFO  ha.SCMContext (SCMContext.java:updateSafeModeStatus(228)) - Update SafeModeStatus from SafeModeStatus{safeModeStatus=true, preCheckPassed=false} to SafeModeStatus{safeModeStatus=true, preCheckPassed=true}.
2023-01-03 10:07:58,725 [EventQueue-NewNodeForNewNodeHandler] INFO  pipeline.BackgroundPipelineCreator (BackgroundPipelineCreator.java:notifyEventTriggered(276)) - trigger a one-shot run on RatisPipelineUtilsThread.
2023-01-03 10:07:58,725 [EventQueue-NodeRegistrationContainerReportForDataNodeSafeModeRule] INFO  pipeline.BackgroundPipelineCreator (BackgroundPipelineCreator.java:notifyEventTriggered(276)) - trigger a one-shot run on RatisPipelineUtilsThread.
2023-01-03 10:07:58,725 [RatisPipelineUtilsThread - 0] INFO  pipeline.RatisPipelineProvider (RatisPipelineProvider.java:lambda$create$0(206)) - Sending CreatePipelineCommand for pipeline:PipelineID=42b973d7-bc8d-4613-a093-c8581a5e9ab4 to datanode:ceb62289-e61f-4ee7-8769-746790ce93a5
2023-01-03 10:07:58,726 [RatisPipelineUtilsThread - 0] INFO  pipeline.PipelineStateManagerImpl (PipelineStateManagerImpl.java:addPipeline(103)) - Created pipeline Pipeline[ Id: 42b973d7-bc8d-4613-a093-c8581a5e9ab4, Nodes: ceb62289-e61f-4ee7-8769-746790ce93a5{ip: 10.1.0.13, host: fv-az292-374.tqgtyn10aqxuxoi0mkfbldi5vh.jx.internal.cloudapp.net, ports: [REPLICATION=43181, RATIS=39919, RATIS_ADMIN=39919, RATIS_SERVER=39919, RATIS_DATASTREAM=34319, STANDALONE=45987], networkLocation: /default-rack, certSerialId: null, persistedOpState: IN_SERVICE, persistedOpStateExpiryEpochSec: 0}, ReplicationConfig: RATIS/ONE, State:ALLOCATED, leaderId:, CreationTimestamp2023-01-03T10:07:58.725Z[Etc/UTC]].
2023-01-03 10:07:58,726 [RatisPipelineUtilsThread - 0] INFO  pipeline.RatisPipelineProvider (RatisPipelineProvider.java:lambda$create$0(206)) - Sending CreatePipelineCommand for pipeline:PipelineID=14730fae-f2c5-4a16-abbb-badc9e495150 to datanode:c7e71a96-70a3-435a-a6b2-b0df4fa5b7cd
2023-01-03 10:07:58,726 [RatisPipelineUtilsThread - 0] INFO  pipeline.RatisPipelineProvider (RatisPipelineProvider.java:lambda$create$0(206)) - Sending CreatePipelineCommand for pipeline:PipelineID=14730fae-f2c5-4a16-abbb-badc9e495150 to datanode:6197d2f5-af8d-4e13-93f4-b3dc0462d19d
2023-01-03 10:07:58,726 [RatisPipelineUtilsThread - 0] INFO  pipeline.RatisPipelineProvider (RatisPipelineProvider.java:lambda$create$0(206)) - Sending CreatePipelineCommand for pipeline:PipelineID=14730fae-f2c5-4a16-abbb-badc9e495150 to datanode:ceb62289-e61f-4ee7-8769-746790ce93a5
2023-01-03 10:07:58,726 [RatisPipelineUtilsThread - 0] INFO  pipeline.PipelineStateManagerImpl (PipelineStateManagerImpl.java:addPipeline(103)) - Created pipeline Pipeline[ Id: 14730fae-f2c5-4a16-abbb-badc9e495150, Nodes: c7e71a96-70a3-435a-a6b2-b0df4fa5b7cd{ip: 10.1.0.13, host: fv-az292-374.tqgtyn10aqxuxoi0mkfbldi5vh.jx.internal.cloudapp.net, ports: [REPLICATION=41193, RATIS=35743, RATIS_ADMIN=35743, RATIS_SERVER=35743, RATIS_DATASTREAM=37175, STANDALONE=42781], networkLocation: /default-rack, certSerialId: null, persistedOpState: IN_SERVICE, persistedOpStateExpiryEpochSec: 0}6197d2f5-af8d-4e13-93f4-b3dc0462d19d{ip: 10.1.0.13, host: fv-az292-374.tqgtyn10aqxuxoi0mkfbldi5vh.jx.internal.cloudapp.net, ports: [REPLICATION=42573, RATIS=44689, RATIS_ADMIN=44689, RATIS_SERVER=44689, RATIS_DATASTREAM=34149, STANDALONE=35683], networkLocation: /default-rack, certSerialId: null, persistedOpState: IN_SERVICE, persistedOpStateExpiryEpochSec: 0}ceb62289-e61f-4ee7-8769-746790ce93a5{ip: 10.1.0.13, host: fv-az292-374.tqgtyn10aqxuxoi0mkfbldi5vh.jx.internal.cloudapp.net, ports: [REPLICATION=43181, RATIS=39919, RATIS_ADMIN=39919, RATIS_SERVER=39919, RATIS_DATASTREAM=34319, STANDALONE=45987], networkLocation: /default-rack, certSerialId: null, persistedOpState: IN_SERVICE, persistedOpStateExpiryEpochSec: 0}, ReplicationConfig: RATIS/THREE, State:ALLOCATED, leaderId:, CreationTimestamp2023-01-03T10:07:58.726Z[Etc/UTC]].
2023-01-03 10:07:58,727 [RatisPipelineUtilsThread - 0] INFO  pipeline.RatisPipelineProvider (RatisPipelineProvider.java:lambda$create$0(206)) - Sending CreatePipelineCommand for pipeline:PipelineID=c969914e-d65d-488b-b7dd-b9be0c5944da to datanode:6197d2f5-af8d-4e13-93f4-b3dc0462d19d
2023-01-03 10:07:58,727 [RatisPipelineUtilsThread - 0] INFO  pipeline.RatisPipelineProvider (RatisPipelineProvider.java:lambda$create$0(206)) - Sending CreatePipelineCommand for pipeline:PipelineID=c969914e-d65d-488b-b7dd-b9be0c5944da to datanode:c7e71a96-70a3-435a-a6b2-b0df4fa5b7cd
2023-01-03 10:07:58,727 [RatisPipelineUtilsThread - 0] INFO  pipeline.RatisPipelineProvider (RatisPipelineProvider.java:lambda$create$0(206)) - Sending CreatePipelineCommand for pipeline:PipelineID=c969914e-d65d-488b-b7dd-b9be0c5944da to datanode:ceb62289-e61f-4ee7-8769-746790ce93a5
2023-01-03 10:07:58,727 [RatisPipelineUtilsThread - 0] INFO  pipeline.PipelineStateManagerImpl (PipelineStateManagerImpl.java:addPipeline(103)) - Created pipeline Pipeline[ Id: c969914e-d65d-488b-b7dd-b9be0c5944da, Nodes: 6197d2f5-af8d-4e13-93f4-b3dc0462d19d{ip: 10.1.0.13, host: fv-az292-374.tqgtyn10aqxuxoi0mkfbldi5vh.jx.internal.cloudapp.net, ports: [REPLICATION=42573, RATIS=44689, RATIS_ADMIN=44689, RATIS_SERVER=44689, RATIS_DATASTREAM=34149, STANDALONE=35683], networkLocation: /default-rack, certSerialId: null, persistedOpState: IN_SERVICE, persistedOpStateExpiryEpochSec: 0}c7e71a96-70a3-435a-a6b2-b0df4fa5b7cd{ip: 10.1.0.13, host: fv-az292-374.tqgtyn10aqxuxoi0mkfbldi5vh.jx.internal.cloudapp.net, ports: [REPLICATION=41193, RATIS=35743, RATIS_ADMIN=35743, RATIS_SERVER=35743, RATIS_DATASTREAM=37175, STANDALONE=42781], networkLocation: /default-rack, certSerialId: null, persistedOpState: IN_SERVICE, persistedOpStateExpiryEpochSec: 0}ceb62289-e61f-4ee7-8769-746790ce93a5{ip: 10.1.0.13, host: fv-az292-374.tqgtyn10aqxuxoi0mkfbldi5vh.jx.internal.cloudapp.net, ports: [REPLICATION=43181, RATIS=39919, RATIS_ADMIN=39919, RATIS_SERVER=39919, RATIS_DATASTREAM=34319, STANDALONE=45987], networkLocation: /default-rack, certSerialId: null, persistedOpState: IN_SERVICE, persistedOpStateExpiryEpochSec: 0}, ReplicationConfig: RATIS/THREE, State:ALLOCATED, leaderId:, CreationTimestamp2023-01-03T10:07:58.727Z[Etc/UTC]].
2023-01-03 10:07:58,727 [RatisPipelineUtilsThread - 0] INFO  pipeline.PipelineManagerImpl (PipelineManagerImpl.java:recordMetricsForPipeline(826)) - Pipeline: PipelineID=c969914e-d65d-488b-b7dd-b9be0c5944da contains same datanodes as previous pipelines: PipelineID=14730fae-f2c5-4a16-abbb-badc9e495150 nodeIds: 6197d2f5-af8d-4e13-93f4-b3dc0462d19d, c7e71a96-70a3-435a-a6b2-b0df4fa5b7cd, ceb62289-e61f-4ee7-8769-746790ce93a5
2023-01-03 10:07:58,729 [RatisPipelineUtilsThread - 0] WARN  pipeline.PipelinePlacementPolicy (PipelinePlacementPolicy.java:filterViableNodes(158)) - Pipeline creation failed due to no sufficient healthy datanodes. Required 3. Found 0.
2023-01-03 10:07:58,729 [RatisPipelineUtilsThread - 0] WARN  pipeline.PipelinePlacementPolicy (PipelinePlacementPolicy.java:filterViableNodes(158)) - Pipeline creation failed due to no sufficient healthy datanodes. Required 3. Found 0.
2023-01-03 10:07:59,035 [IPC Server handler 2 on default port 33051] INFO  net.NetworkTopologyImpl (NetworkTopologyImpl.java:add(112)) - Added a new node: /default-rack/92295612-f13b-4ff2-b823-10ec710f5439
2023-01-03 10:07:59,035 [IPC Server handler 2 on default port 33051] INFO  node.SCMNodeManager (SCMNodeManager.java:register(397)) - Registered Data node : 92295612-f13b-4ff2-b823-10ec710f5439{ip: 10.1.0.13, host: fv-az292-374.tqgtyn10aqxuxoi0mkfbldi5vh.jx.internal.cloudapp.net, ports: [REPLICATION=33973, RATIS=39873, RATIS_ADMIN=39873, RATIS_SERVER=39873, RATIS_DATASTREAM=42237, STANDALONE=42935], networkLocation: /default-rack, certSerialId: null, persistedOpState: null, persistedOpStateExpiryEpochSec: 0}
2023-01-03 10:07:59,035 [EventQueue-NewNodeForNewNodeHandler] INFO  pipeline.BackgroundPipelineCreator (BackgroundPipelineCreator.java:notifyEventTriggered(276)) - trigger a one-shot run on RatisPipelineUtilsThread.
2023-01-03 10:07:59,035 [RatisPipelineUtilsThread - 0] INFO  pipeline.RatisPipelineProvider (RatisPipelineProvider.java:lambda$create$0(206)) - Sending CreatePipelineCommand for pipeline:PipelineID=025407b1-041f-4e77-81d4-d785938e0fcf to datanode:92295612-f13b-4ff2-b823-10ec710f5439
2023-01-03 10:07:59,036 [RatisPipelineUtilsThread - 0] INFO  pipeline.PipelineStateManagerImpl (PipelineStateManagerImpl.java:addPipeline(103)) - Created pipeline Pipeline[ Id: 025407b1-041f-4e77-81d4-d785938e0fcf, Nodes: 92295612-f13b-4ff2-b823-10ec710f5439{ip: 10.1.0.13, host: fv-az292-374.tqgtyn10aqxuxoi0mkfbldi5vh.jx.internal.cloudapp.net, ports: [REPLICATION=33973, RATIS=39873, RATIS_ADMIN=39873, RATIS_SERVER=39873, RATIS_DATASTREAM=42237, STANDALONE=42935], networkLocation: /default-rack, certSerialId: null, persistedOpState: IN_SERVICE, persistedOpStateExpiryEpochSec: 0}, ReplicationConfig: RATIS/ONE, State:ALLOCATED, leaderId:, CreationTimestamp2023-01-03T10:07:59.035Z[Etc/UTC]].
2023-01-03 10:07:59,036 [RatisPipelineUtilsThread - 0] WARN  pipeline.PipelinePlacementPolicy (PipelinePlacementPolicy.java:filterViableNodes(158)) - Pipeline creation failed due to no sufficient healthy datanodes. Required 3. Found 1.
2023-01-03 10:07:59,307 [Listener at 127.0.0.1/46431] INFO  ozone.MiniOzoneClusterImpl (MiniOzoneClusterImpl.java:lambda$waitForClusterToBeReady$0(217)) - Waiting for nodes to be ready. Got 4 of 5 DN Heartbeats.
2023-01-03 10:07:59,307 [Listener at 127.0.0.1/46431] INFO  ozone.MiniOzoneClusterImpl (MiniOzoneClusterImpl.java:lambda$waitForClusterToBeReady$0(220)) - Waiting for cluster to exit safe mode
2023-01-03 10:07:59,307 [Listener at 127.0.0.1/46431] INFO  ozone.MiniOzoneClusterImpl (MiniOzoneClusterImpl.java:lambda$waitForClusterToBeReady$0(222)) - SCM became leader
2023-01-03 10:07:59,308 [IPC Server handler 3 on default port 33051] INFO  net.NetworkTopologyImpl (NetworkTopologyImpl.java:add(112)) - Added a new node: /default-rack/786d16df-aea0-40f0-824b-581d62f1269e
2023-01-03 10:07:59,308 [IPC Server handler 3 on default port 33051] INFO  node.SCMNodeManager (SCMNodeManager.java:register(397)) - Registered Data node : 786d16df-aea0-40f0-824b-581d62f1269e{ip: 10.1.0.13, host: fv-az292-374.tqgtyn10aqxuxoi0mkfbldi5vh.jx.internal.cloudapp.net, ports: [REPLICATION=33031, RATIS=45479, RATIS_ADMIN=45479, RATIS_SERVER=45479, RATIS_DATASTREAM=40799, STANDALONE=40969], networkLocation: /default-rack, certSerialId: null, persistedOpState: null, persistedOpStateExpiryEpochSec: 0}
2023-01-03 10:07:59,308 [EventQueue-NewNodeForNewNodeHandler] INFO  pipeline.BackgroundPipelineCreator (BackgroundPipelineCreator.java:notifyEventTriggered(276)) - trigger a one-shot run on RatisPipelineUtilsThread.
2023-01-03 10:07:59,309 [RatisPipelineUtilsThread - 0] INFO  pipeline.RatisPipelineProvider (RatisPipelineProvider.java:lambda$create$0(206)) - Sending CreatePipelineCommand for pipeline:PipelineID=d34354f2-6ae6-49d6-a889-31d7dc334a4c to datanode:786d16df-aea0-40f0-824b-581d62f1269e
2023-01-03 10:07:59,309 [RatisPipelineUtilsThread - 0] INFO  pipeline.PipelineStateManagerImpl (PipelineStateManagerImpl.java:addPipeline(103)) - Created pipeline Pipeline[ Id: d34354f2-6ae6-49d6-a889-31d7dc334a4c, Nodes: 786d16df-aea0-40f0-824b-581d62f1269e{ip: 10.1.0.13, host: fv-az292-374.tqgtyn10aqxuxoi0mkfbldi5vh.jx.internal.cloudapp.net, ports: [REPLICATION=33031, RATIS=45479, RATIS_ADMIN=45479, RATIS_SERVER=45479, RATIS_DATASTREAM=40799, STANDALONE=40969], networkLocation: /default-rack, certSerialId: null, persistedOpState: IN_SERVICE, persistedOpStateExpiryEpochSec: 0}, ReplicationConfig: RATIS/ONE, State:ALLOCATED, leaderId:, CreationTimestamp2023-01-03T10:07:59.309Z[Etc/UTC]].
2023-01-03 10:07:59,309 [RatisPipelineUtilsThread - 0] WARN  pipeline.PipelinePlacementPolicy (PipelinePlacementPolicy.java:filterViableNodes(158)) - Pipeline creation failed due to no sufficient healthy datanodes. Required 3. Found 2.
2023-01-03 10:08:00,066 [EventQueue-CommandQueueReportForCommandQueueReportHandler] WARN  events.EventQueue (EventQueue.java:fireEvent(216)) - No event handler registered for event TypedEvent{payloadType=DatanodeDetails, name='Datanode_Command_Queue_Updated'}
2023-01-03 10:08:00,307 [Listener at 127.0.0.1/46431] INFO  ozone.MiniOzoneClusterImpl (MiniOzoneClusterImpl.java:lambda$waitForClusterToBeReady$0(217)) - Nodes are ready. Got 5 of 5 DN Heartbeats.
2023-01-03 10:08:00,307 [Listener at 127.0.0.1/46431] INFO  ozone.MiniOzoneClusterImpl (MiniOzoneClusterImpl.java:lambda$waitForClusterToBeReady$0(220)) - Waiting for cluster to exit safe mode
2023-01-03 10:08:00,308 [Listener at 127.0.0.1/46431] INFO  ozone.MiniOzoneClusterImpl (MiniOzoneClusterImpl.java:lambda$waitForClusterToBeReady$0(222)) - SCM became leader
2023-01-03 10:08:00,384 [EventQueue-CommandQueueReportForCommandQueueReportHandler] WARN  events.EventQueue (EventQueue.java:fireEvent(216)) - No event handler registered for event TypedEvent{payloadType=DatanodeDetails, name='Datanode_Command_Queue_Updated'}
2023-01-03 10:08:00,724 [EventQueue-CommandQueueReportForCommandQueueReportHandler] WARN  events.EventQueue (EventQueue.java:fireEvent(216)) - No event handler registered for event TypedEvent{payloadType=DatanodeDetails, name='Datanode_Command_Queue_Updated'}
2023-01-03 10:08:01,035 [EventQueue-CommandQueueReportForCommandQueueReportHandler] WARN  events.EventQueue (EventQueue.java:fireEvent(216)) - No event handler registered for event TypedEvent{payloadType=DatanodeDetails, name='Datanode_Command_Queue_Updated'}
2023-01-03 10:08:01,065 [Command processor thread] INFO  server.RaftServer (RaftServerProxy.java:addNew(96)) - c7e71a96-70a3-435a-a6b2-b0df4fa5b7cd: addNew group-CB312A0A3989:[c7e71a96-70a3-435a-a6b2-b0df4fa5b7cd|rpc:10.1.0.13:35743|dataStream:10.1.0.13:37175|priority:1|startupRole:FOLLOWER] returns group-CB312A0A3989:java.util.concurrent.CompletableFuture@1de4be1f[Not completed]
2023-01-03 10:08:01,065 [EventQueue-CommandQueueReportForCommandQueueReportHandler] WARN  events.EventQueue (EventQueue.java:fireEvent(216)) - No event handler registered for event TypedEvent{payloadType=DatanodeDetails, name='Datanode_Command_Queue_Updated'}
2023-01-03 10:08:01,066 [pool-484-thread-1] INFO  server.RaftServer$Division (RaftServerImpl.java:<init>(195)) - c7e71a96-70a3-435a-a6b2-b0df4fa5b7cd: new RaftServerImpl for group-CB312A0A3989:[c7e71a96-70a3-435a-a6b2-b0df4fa5b7cd|rpc:10.1.0.13:35743|dataStream:10.1.0.13:37175|priority:1|startupRole:FOLLOWER] with ContainerStateMachine:uninitialized
2023-01-03 10:08:01,066 [pool-484-thread-1] INFO  server.RaftServerConfigKeys (ConfUtils.java:logGet(46)) - raft.server.rpc.timeout.min = 5s (custom)
2023-01-03 10:08:01,066 [pool-484-thread-1] INFO  server.RaftServerConfigKeys (ConfUtils.java:logGet(46)) - raft.server.rpc.timeout.max = 5200ms (custom)
2023-01-03 10:08:01,066 [pool-484-thread-1] INFO  server.RaftServerConfigKeys (ConfUtils.java:logGet(46)) - raft.server.rpc.sleep.time = 25ms (default)
2023-01-03 10:08:01,066 [pool-484-thread-1] INFO  server.RaftServerConfigKeys (ConfUtils.java:logGet(46)) - raft.server.rpc.slowness.timeout = 300s (custom)
2023-01-03 10:08:01,066 [pool-484-thread-1] INFO  server.RaftServerConfigKeys (ConfUtils.java:logGet(46)) - raft.server.leaderelection.leader.step-down.wait-time = 10s (default)
2023-01-03 10:08:01,066 [pool-484-thread-1] INFO  server.RaftServerConfigKeys (ConfUtils.java:logGet(46)) - raft.server.sleep.deviation.threshold = 300ms (default)
2023-01-03 10:08:01,067 [pool-484-thread-1] INFO  server.RaftServer$Division (ServerState.java:<init>(118)) - c7e71a96-70a3-435a-a6b2-b0df4fa5b7cd@group-CB312A0A3989: ConfigurationManager, init=-1: peers:[c7e71a96-70a3-435a-a6b2-b0df4fa5b7cd|rpc:10.1.0.13:35743|dataStream:10.1.0.13:37175|priority:1|startupRole:FOLLOWER]|listeners:[], old=null, confs=<EMPTY_MAP>
2023-01-03 10:08:01,067 [pool-484-thread-1] INFO  server.RaftServerConfigKeys (ConfUtils.java:logGet(46)) - raft.server.storage.dir = [/home/runner/work/ozone/ozone/hadoop-ozone/integration-test/target/test-dir/MiniOzoneClusterImpl-fa5f3e5f-d2ce-4aac-89a4-435e2b21547f/datanode-0/data/ratis] (custom)
2023-01-03 10:08:01,067 [pool-484-thread-1] INFO  server.RaftServerConfigKeys (ConfUtils.java:logGet(46)) - raft.server.log.corruption.policy = EXCEPTION (default)
2023-01-03 10:08:01,067 [pool-484-thread-1] INFO  server.RaftServerConfigKeys (ConfUtils.java:logGet(46)) - raft.server.storage.free-space.min = 0MB (=0) (default)
2023-01-03 10:08:01,067 [pool-484-thread-1] INFO  server.RaftServerConfigKeys (ConfUtils.java:logGet(46)) - raft.server.notification.no-leader.timeout = 300s (custom)
2023-01-03 10:08:01,067 [pool-484-thread-1] INFO  server.RaftServerConfigKeys (ConfUtils.java:logGet(46)) - raft.server.retrycache.expirytime = 600000ms (custom)
2023-01-03 10:08:01,067 [pool-484-thread-1] INFO  server.RaftServerConfigKeys (ConfUtils.java:logGet(46)) - raft.server.retrycache.statistics.expirytime = 100μs (default)
2023-01-03 10:08:01,068 [pool-484-thread-1] INFO  server.RaftServerConfigKeys (ConfUtils.java:logGet(46)) - raft.server.log.appender.install.snapshot.enabled = false (custom)
2023-01-03 10:08:01,068 [pool-484-thread-1] INFO  server.RaftServerConfigKeys (ConfUtils.java:logGet(46)) - raft.server.threadpool.server.cached = true (default)
2023-01-03 10:08:01,068 [pool-484-thread-1] INFO  server.RaftServerConfigKeys (ConfUtils.java:logGet(46)) - raft.server.threadpool.server.size = 0 (default)
2023-01-03 10:08:01,068 [pool-484-thread-1] INFO  server.RaftServerConfigKeys (ConfUtils.java:logGet(46)) - raft.server.threadpool.client.cached = true (default)
2023-01-03 10:08:01,068 [pool-484-thread-1] INFO  server.RaftServerConfigKeys (ConfUtils.java:logGet(46)) - raft.server.threadpool.client.size = 0 (default)
2023-01-03 10:08:01,068 [pool-484-thread-1] INFO  storage.RaftStorageDirectory (RaftStorageDirectoryImpl.java:analyzeStorage(137)) - The storage directory /home/runner/work/ozone/ozone/hadoop-ozone/integration-test/target/test-dir/MiniOzoneClusterImpl-fa5f3e5f-d2ce-4aac-89a4-435e2b21547f/datanode-0/data/ratis/b98cbcd2-a322-40ea-b2e5-cb312a0a3989 does not exist. Creating ...
2023-01-03 10:08:01,069 [pool-484-thread-1] INFO  storage.RaftStorageDirectory (RaftStorageDirectoryImpl.java:tryLock(231)) - Lock on /home/runner/work/ozone/ozone/hadoop-ozone/integration-test/target/test-dir/MiniOzoneClusterImpl-fa5f3e5f-d2ce-4aac-89a4-435e2b21547f/datanode-0/data/ratis/b98cbcd2-a322-40ea-b2e5-cb312a0a3989/in_use.lock acquired by nodename 9440@fv-az292-374
2023-01-03 10:08:01,070 [pool-484-thread-1] INFO  storage.RaftStorage (RaftStorageImpl.java:format(96)) - Storage directory /home/runner/work/ozone/ozone/hadoop-ozone/integration-test/target/test-dir/MiniOzoneClusterImpl-fa5f3e5f-d2ce-4aac-89a4-435e2b21547f/datanode-0/data/ratis/b98cbcd2-a322-40ea-b2e5-cb312a0a3989 has been successfully formatted.
2023-01-03 10:08:01,071 [pool-484-thread-1] INFO  ratis.ContainerStateMachine (ContainerStateMachine.java:loadSnapshot(240)) - group-CB312A0A3989: The snapshot info is null. Setting the last applied indexto:(t:0, i:~)
2023-01-03 10:08:01,071 [pool-484-thread-1] INFO  server.RaftServerConfigKeys (ConfUtils.java:logGet(46)) - raft.server.log.use.memory = false (default)
2023-01-03 10:08:01,071 [pool-484-thread-1] INFO  server.RaftServerConfigKeys (ConfUtils.java:logGet(46)) - raft.server.log.purge.gap = 1000000 (custom)
2023-01-03 10:08:01,071 [pool-484-thread-1] INFO  server.RaftServerConfigKeys (ConfUtils.java:logGet(46)) - raft.server.log.appender.buffer.byte-limit = 33554432 (custom)
2023-01-03 10:08:01,071 [pool-484-thread-1] INFO  server.RaftServerConfigKeys (ConfUtils.java:logGet(46)) - raft.server.log.statemachine.data.read.timeout = 1000ms (default)
2023-01-03 10:08:01,071 [pool-484-thread-1] INFO  server.RaftServerConfigKeys (ConfUtils.java:logGet(46)) - raft.server.log.purge.preservation.log.num = 0 (default)
2023-01-03 10:08:01,071 [pool-484-thread-1] INFO  server.RaftServerConfigKeys (ConfUtils.java:logGet(46)) - raft.server.log.segment.size.max = 1048576 (custom)
2023-01-03 10:08:01,071 [pool-484-thread-1] INFO  server.RaftServerConfigKeys (ConfUtils.java:logGet(46)) - raft.server.log.segment.cache.num.max = 2 (custom)
2023-01-03 10:08:01,071 [pool-484-thread-1] INFO  server.RaftServerConfigKeys (ConfUtils.java:logGet(46)) - raft.server.log.segment.cache.size.max = 200MB (=209715200) (default)
2023-01-03 10:08:01,071 [pool-484-thread-1] INFO  segmented.SegmentedRaftLogWorker (SegmentedRaftLogWorker.java:<init>(189)) - new c7e71a96-70a3-435a-a6b2-b0df4fa5b7cd@group-CB312A0A3989-SegmentedRaftLogWorker for RaftStorageImpl:Storage Directory /home/runner/work/ozone/ozone/hadoop-ozone/integration-test/target/test-dir/MiniOzoneClusterImpl-fa5f3e5f-d2ce-4aac-89a4-435e2b21547f/datanode-0/data/ratis/b98cbcd2-a322-40ea-b2e5-cb312a0a3989
2023-01-03 10:08:01,071 [pool-484-thread-1] INFO  server.RaftServerConfigKeys (ConfUtils.java:logGet(46)) - raft.server.log.queue.byte-limit = 4294967296 (custom)
2023-01-03 10:08:01,071 [pool-484-thread-1] INFO  server.RaftServerConfigKeys (ConfUtils.java:logGet(46)) - raft.server.log.queue.element-limit = 1024 (custom)
2023-01-03 10:08:01,071 [pool-484-thread-1] INFO  server.RaftServerConfigKeys (ConfUtils.java:logGet(46)) - raft.server.log.segment.size.max = 1048576 (custom)
2023-01-03 10:08:01,071 [EventQueue-PipelineReportForPipelineReportHandler] INFO  pipeline.PipelineManagerImpl (PipelineManagerImpl.java:openPipeline(367)) - Pipeline Pipeline[ Id: b98cbcd2-a322-40ea-b2e5-cb312a0a3989, Nodes: c7e71a96-70a3-435a-a6b2-b0df4fa5b7cd{ip: 10.1.0.13, host: fv-az292-374.tqgtyn10aqxuxoi0mkfbldi5vh.jx.internal.cloudapp.net, ports: [REPLICATION=41193, RATIS=35743, RATIS_ADMIN=35743, RATIS_SERVER=35743, RATIS_DATASTREAM=37175, STANDALONE=42781], networkLocation: /default-rack, certSerialId: null, persistedOpState: IN_SERVICE, persistedOpStateExpiryEpochSec: 0}, ReplicationConfig: RATIS/ONE, State:ALLOCATED, leaderId:c7e71a96-70a3-435a-a6b2-b0df4fa5b7cd, CreationTimestamp2023-01-03T10:07:58.068Z[Etc/UTC]] moved to OPEN state
2023-01-03 10:08:01,071 [pool-484-thread-1] INFO  server.RaftServerConfigKeys (ConfUtils.java:logGet(46)) - raft.server.log.preallocated.size = 16384 (custom)
2023-01-03 10:08:01,072 [pool-484-thread-1] INFO  server.RaftServerConfigKeys (ConfUtils.java:logGet(46)) - raft.server.log.force.sync.num = 128 (default)
2023-01-03 10:08:01,072 [pool-484-thread-1] INFO  server.RaftServerConfigKeys (ConfUtils.java:logGet(46)) - raft.server.log.statemachine.data.sync = true (default)
2023-01-03 10:08:01,072 [pool-484-thread-1] INFO  server.RaftServerConfigKeys (ConfUtils.java:logGet(46)) - raft.server.log.statemachine.data.sync.timeout = 10s (default)
2023-01-03 10:08:01,072 [pool-484-thread-1] INFO  server.RaftServerConfigKeys (ConfUtils.java:logGet(46)) - raft.server.log.statemachine.data.sync.timeout.retry = -1 (default)
2023-01-03 10:08:01,073 [EventQueue-CommandQueueReportForCommandQueueReportHandler] WARN  events.EventQueue (EventQueue.java:fireEvent(216)) - No event handler registered for event TypedEvent{payloadType=DatanodeDetails, name='Datanode_Command_Queue_Updated'}
2023-01-03 10:08:01,074 [EventQueue-OpenPipelineForHealthyPipelineSafeModeRule] INFO  safemode.SCMSafeModeManager (HealthyPipelineSafeModeRule.java:process(137)) - SCM in safe mode. Healthy pipelines reported count is 0, required healthy pipeline reported count is 1
2023-01-03 10:08:01,075 [pool-484-thread-1] INFO  server.RaftServerConfigKeys (ConfUtils.java:logGet(46)) - raft.server.log.write.buffer.size = 1048576 (custom)
2023-01-03 10:08:01,075 [pool-484-thread-1] INFO  server.RaftServerConfigKeys (ConfUtils.java:logGet(46)) - raft.server.log.appender.buffer.byte-limit = 33554432 (custom)
2023-01-03 10:08:01,127 [pool-484-thread-1] INFO  server.RaftServerConfigKeys (ConfUtils.java:logGet(46)) - raft.server.log.unsafe-flush.enabled = false (default)
2023-01-03 10:08:01,127 [pool-484-thread-1] INFO  server.RaftServerConfigKeys (ConfUtils.java:logGet(46)) - raft.server.log.async-flush.enabled = false (default)
2023-01-03 10:08:01,127 [pool-484-thread-1] INFO  server.RaftServerConfigKeys (ConfUtils.java:logGet(46)) - raft.server.log.statemachine.data.caching.enabled = true (custom)
2023-01-03 10:08:01,127 [pool-484-thread-1] INFO  segmented.SegmentedRaftLogWorker (SegmentedRaftLogWorker.java:lambda$new$0(135)) - c7e71a96-70a3-435a-a6b2-b0df4fa5b7cd@group-CB312A0A3989-SegmentedRaftLogWorker: flushIndex: setUnconditionally 0 -> -1
2023-01-03 10:08:01,127 [pool-484-thread-1] INFO  segmented.SegmentedRaftLogWorker (SegmentedRaftLogWorker.java:lambda$new$0(135)) - c7e71a96-70a3-435a-a6b2-b0df4fa5b7cd@group-CB312A0A3989-SegmentedRaftLogWorker: safeCacheEvictIndex: setUnconditionally 0 -> -1
2023-01-03 10:08:01,131 [pool-484-thread-1] INFO  server.RaftServer$Division (RaftServerImpl.java:start(334)) - c7e71a96-70a3-435a-a6b2-b0df4fa5b7cd@group-CB312A0A3989: start as a follower, conf=-1: peers:[c7e71a96-70a3-435a-a6b2-b0df4fa5b7cd|rpc:10.1.0.13:35743|dataStream:10.1.0.13:37175|priority:1|startupRole:FOLLOWER]|listeners:[], old=null
2023-01-03 10:08:01,131 [pool-484-thread-1] INFO  server.RaftServer$Division (RaftServerImpl.java:setRole(321)) - c7e71a96-70a3-435a-a6b2-b0df4fa5b7cd@group-CB312A0A3989: changes role from      null to FOLLOWER at term 0 for startAsFollower
2023-01-03 10:08:01,131 [pool-484-thread-1] INFO  impl.RoleInfo (RoleInfo.java:updateAndGet(139)) - c7e71a96-70a3-435a-a6b2-b0df4fa5b7cd: start c7e71a96-70a3-435a-a6b2-b0df4fa5b7cd@group-CB312A0A3989-FollowerState
2023-01-03 10:08:01,132 [pool-484-thread-1] INFO  util.JmxRegister (JmxRegister.java:tryRegister(44)) - Successfully registered JMX Bean with object name Ratis:service=RaftServer,group=group-CB312A0A3989,id=c7e71a96-70a3-435a-a6b2-b0df4fa5b7cd
2023-01-03 10:08:01,132 [pool-484-thread-1] INFO  server.RaftServerConfigKeys (ConfUtils.java:logGet(46)) - raft.server.snapshot.auto.trigger.enabled = true (custom)
2023-01-03 10:08:01,132 [pool-484-thread-1] INFO  server.RaftServerConfigKeys (ConfUtils.java:logGet(46)) - raft.server.snapshot.auto.trigger.threshold = 10000 (custom)
2023-01-03 10:08:01,133 [pool-484-thread-1] INFO  server.RaftServerConfigKeys (ConfUtils.java:logGet(46)) - raft.server.snapshot.retention.file.num = 5 (custom)
2023-01-03 10:08:01,133 [pool-484-thread-1] INFO  server.RaftServerConfigKeys (ConfUtils.java:logGet(46)) - raft.server.log.purge.upto.snapshot.index = false (default)
2023-01-03 10:08:01,133 [c7e71a96-70a3-435a-a6b2-b0df4fa5b7cd@group-CB312A0A3989-FollowerState] INFO  server.RaftServerConfigKeys (ConfUtils.java:logFallback(53)) - raft.server.rpc.first-election.timeout.min = 5s (fallback to raft.server.rpc.timeout.min)
2023-01-03 10:08:01,133 [c7e71a96-70a3-435a-a6b2-b0df4fa5b7cd@group-CB312A0A3989-FollowerState] INFO  server.RaftServerConfigKeys (ConfUtils.java:logFallback(53)) - raft.server.rpc.first-election.timeout.max = 5200ms (fallback to raft.server.rpc.timeout.max)
2023-01-03 10:08:01,133 [Command processor thread] INFO  ratis.XceiverServerRatis (XceiverServerRatis.java:addGroup(806)) - Created group PipelineID=b98cbcd2-a322-40ea-b2e5-cb312a0a3989
2023-01-03 10:08:01,133 [Command processor thread] INFO  commandhandler.CreatePipelineCommandHandler (CreatePipelineCommandHandler.java:handle(113)) - Created Pipeline RATIS ONE PipelineID=b98cbcd2-a322-40ea-b2e5-cb312a0a3989.
2023-01-03 10:08:01,133 [Command processor thread] INFO  server.RaftServer (RaftServerProxy.java:addNew(96)) - c7e71a96-70a3-435a-a6b2-b0df4fa5b7cd: addNew group-BADC9E495150:[c7e71a96-70a3-435a-a6b2-b0df4fa5b7cd|rpc:10.1.0.13:35743|dataStream:10.1.0.13:37175|priority:0|startupRole:FOLLOWER, ceb62289-e61f-4ee7-8769-746790ce93a5|rpc:10.1.0.13:39919|dataStream:10.1.0.13:34319|priority:1|startupRole:FOLLOWER, 6197d2f5-af8d-4e13-93f4-b3dc0462d19d|rpc:10.1.0.13:44689|dataStream:10.1.0.13:34149|priority:0|startupRole:FOLLOWER] returns group-BADC9E495150:java.util.concurrent.CompletableFuture@19db397b[Not completed]
2023-01-03 10:08:01,137 [pool-484-thread-1] INFO  server.RaftServer$Division (RaftServerImpl.java:<init>(195)) - c7e71a96-70a3-435a-a6b2-b0df4fa5b7cd: new RaftServerImpl for group-BADC9E495150:[c7e71a96-70a3-435a-a6b2-b0df4fa5b7cd|rpc:10.1.0.13:35743|dataStream:10.1.0.13:37175|priority:0|startupRole:FOLLOWER, ceb62289-e61f-4ee7-8769-746790ce93a5|rpc:10.1.0.13:39919|dataStream:10.1.0.13:34319|priority:1|startupRole:FOLLOWER, 6197d2f5-af8d-4e13-93f4-b3dc0462d19d|rpc:10.1.0.13:44689|dataStream:10.1.0.13:34149|priority:0|startupRole:FOLLOWER] with ContainerStateMachine:uninitialized
2023-01-03 10:08:01,137 [pool-484-thread-1] INFO  server.RaftServerConfigKeys (ConfUtils.java:logGet(46)) - raft.server.rpc.timeout.min = 5s (custom)
2023-01-03 10:08:01,137 [pool-484-thread-1] INFO  server.RaftServerConfigKeys (ConfUtils.java:logGet(46)) - raft.server.rpc.timeout.max = 5200ms (custom)
2023-01-03 10:08:01,137 [pool-484-thread-1] INFO  server.RaftServerConfigKeys (ConfUtils.java:logGet(46)) - raft.server.rpc.sleep.time = 25ms (default)
2023-01-03 10:08:01,137 [pool-484-thread-1] INFO  server.RaftServerConfigKeys (ConfUtils.java:logGet(46)) - raft.server.rpc.slowness.timeout = 300s (custom)
2023-01-03 10:08:01,137 [pool-484-thread-1] INFO  server.RaftServerConfigKeys (ConfUtils.java:logGet(46)) - raft.server.leaderelection.leader.step-down.wait-time = 10s (default)
2023-01-03 10:08:01,137 [pool-484-thread-1] INFO  server.RaftServerConfigKeys (ConfUtils.java:logGet(46)) - raft.server.sleep.deviation.threshold = 300ms (default)
2023-01-03 10:08:01,137 [pool-484-thread-1] INFO  server.RaftServer$Division (ServerState.java:<init>(118)) - c7e71a96-70a3-435a-a6b2-b0df4fa5b7cd@group-BADC9E495150: ConfigurationManager, init=-1: peers:[c7e71a96-70a3-435a-a6b2-b0df4fa5b7cd|rpc:10.1.0.13:35743|dataStream:10.1.0.13:37175|priority:0|startupRole:FOLLOWER, ceb62289-e61f-4ee7-8769-746790ce93a5|rpc:10.1.0.13:39919|dataStream:10.1.0.13:34319|priority:1|startupRole:FOLLOWER, 6197d2f5-af8d-4e13-93f4-b3dc0462d19d|rpc:10.1.0.13:44689|dataStream:10.1.0.13:34149|priority:0|startupRole:FOLLOWER]|listeners:[], old=null, confs=<EMPTY_MAP>
2023-01-03 10:08:01,137 [pool-484-thread-1] INFO  server.RaftServerConfigKeys (ConfUtils.java:logGet(46)) - raft.server.storage.dir = [/home/runner/work/ozone/ozone/hadoop-ozone/integration-test/target/test-dir/MiniOzoneClusterImpl-fa5f3e5f-d2ce-4aac-89a4-435e2b21547f/datanode-0/data/ratis] (custom)
2023-01-03 10:08:01,138 [pool-484-thread-1] INFO  server.RaftServerConfigKeys (ConfUtils.java:logGet(46)) - raft.server.log.corruption.policy = EXCEPTION (default)
2023-01-03 10:08:01,138 [pool-484-thread-1] INFO  server.RaftServerConfigKeys (ConfUtils.java:logGet(46)) - raft.server.storage.free-space.min = 0MB (=0) (default)
2023-01-03 10:08:01,138 [pool-484-thread-1] INFO  server.RaftServerConfigKeys (ConfUtils.java:logGet(46)) - raft.server.notification.no-leader.timeout = 300s (custom)
2023-01-03 10:08:01,138 [pool-484-thread-1] INFO  server.RaftServerConfigKeys (ConfUtils.java:logGet(46)) - raft.server.retrycache.expirytime = 600000ms (custom)
2023-01-03 10:08:01,138 [pool-484-thread-1] INFO  server.RaftServerConfigKeys (ConfUtils.java:logGet(46)) - raft.server.retrycache.statistics.expirytime = 100μs (default)
2023-01-03 10:08:01,138 [pool-484-thread-1] INFO  server.RaftServerConfigKeys (ConfUtils.java:logGet(46)) - raft.server.log.appender.install.snapshot.enabled = false (custom)
2023-01-03 10:08:01,138 [pool-484-thread-1] INFO  server.RaftServerConfigKeys (ConfUtils.java:logGet(46)) - raft.server.threadpool.server.cached = true (default)
2023-01-03 10:08:01,138 [pool-484-thread-1] INFO  server.RaftServerConfigKeys (ConfUtils.java:logGet(46)) - raft.server.threadpool.server.size = 0 (default)
2023-01-03 10:08:01,138 [pool-484-thread-1] INFO  server.RaftServerConfigKeys (ConfUtils.java:logGet(46)) - raft.server.threadpool.client.cached = true (default)
2023-01-03 10:08:01,139 [pool-484-thread-1] INFO  server.RaftServerConfigKeys (ConfUtils.java:logGet(46)) - raft.server.threadpool.client.size = 0 (default)
2023-01-03 10:08:01,139 [pool-484-thread-1] INFO  storage.RaftStorageDirectory (RaftStorageDirectoryImpl.java:analyzeStorage(137)) - The storage directory /home/runner/work/ozone/ozone/hadoop-ozone/integration-test/target/test-dir/MiniOzoneClusterImpl-fa5f3e5f-d2ce-4aac-89a4-435e2b21547f/datanode-0/data/ratis/14730fae-f2c5-4a16-abbb-badc9e495150 does not exist. Creating ...
2023-01-03 10:08:01,142 [pool-484-thread-1] INFO  storage.RaftStorageDirectory (RaftStorageDirectoryImpl.java:tryLock(231)) - Lock on /home/runner/work/ozone/ozone/hadoop-ozone/integration-test/target/test-dir/MiniOzoneClusterImpl-fa5f3e5f-d2ce-4aac-89a4-435e2b21547f/datanode-0/data/ratis/14730fae-f2c5-4a16-abbb-badc9e495150/in_use.lock acquired by nodename 9440@fv-az292-374
2023-01-03 10:08:01,143 [pool-484-thread-1] INFO  storage.RaftStorage (RaftStorageImpl.java:format(96)) - Storage directory /home/runner/work/ozone/ozone/hadoop-ozone/integration-test/target/test-dir/MiniOzoneClusterImpl-fa5f3e5f-d2ce-4aac-89a4-435e2b21547f/datanode-0/data/ratis/14730fae-f2c5-4a16-abbb-badc9e495150 has been successfully formatted.
2023-01-03 10:08:01,143 [pool-484-thread-1] INFO  ratis.ContainerStateMachine (ContainerStateMachine.java:loadSnapshot(240)) - group-BADC9E495150: The snapshot info is null. Setting the last applied indexto:(t:0, i:~)
2023-01-03 10:08:01,144 [pool-484-thread-1] INFO  server.RaftServerConfigKeys (ConfUtils.java:logGet(46)) - raft.server.log.use.memory = false (default)
2023-01-03 10:08:01,144 [EventQueue-OpenPipelineForHealthyPipelineSafeModeRule] INFO  safemode.SCMSafeModeManager (HealthyPipelineSafeModeRule.java:process(137)) - SCM in safe mode. Healthy pipelines reported count is 0, required healthy pipeline reported count is 1
2023-01-03 10:08:01,144 [EventQueue-CommandQueueReportForCommandQueueReportHandler] WARN  events.EventQueue (EventQueue.java:fireEvent(216)) - No event handler registered for event TypedEvent{payloadType=DatanodeDetails, name='Datanode_Command_Queue_Updated'}
2023-01-03 10:08:01,144 [pool-484-thread-1] INFO  server.RaftServerConfigKeys (ConfUtils.java:logGet(46)) - raft.server.log.purge.gap = 1000000 (custom)
2023-01-03 10:08:01,145 [pool-484-thread-1] INFO  server.RaftServerConfigKeys (ConfUtils.java:logGet(46)) - raft.server.log.appender.buffer.byte-limit = 33554432 (custom)
2023-01-03 10:08:01,145 [pool-484-thread-1] INFO  server.RaftServerConfigKeys (ConfUtils.java:logGet(46)) - raft.server.log.statemachine.data.read.timeout = 1000ms (default)
2023-01-03 10:08:01,145 [pool-484-thread-1] INFO  server.RaftServerConfigKeys (ConfUtils.java:logGet(46)) - raft.server.log.purge.preservation.log.num = 0 (default)
2023-01-03 10:08:01,145 [pool-484-thread-1] INFO  server.RaftServerConfigKeys (ConfUtils.java:logGet(46)) - raft.server.log.segment.size.max = 1048576 (custom)
2023-01-03 10:08:01,145 [pool-484-thread-1] INFO  server.RaftServerConfigKeys (ConfUtils.java:logGet(46)) - raft.server.log.segment.cache.num.max = 2 (custom)
2023-01-03 10:08:01,145 [pool-484-thread-1] INFO  server.RaftServerConfigKeys (ConfUtils.java:logGet(46)) - raft.server.log.segment.cache.size.max = 200MB (=209715200) (default)
2023-01-03 10:08:01,145 [pool-484-thread-1] INFO  segmented.SegmentedRaftLogWorker (SegmentedRaftLogWorker.java:<init>(189)) - new c7e71a96-70a3-435a-a6b2-b0df4fa5b7cd@group-BADC9E495150-SegmentedRaftLogWorker for RaftStorageImpl:Storage Directory /home/runner/work/ozone/ozone/hadoop-ozone/integration-test/target/test-dir/MiniOzoneClusterImpl-fa5f3e5f-d2ce-4aac-89a4-435e2b21547f/datanode-0/data/ratis/14730fae-f2c5-4a16-abbb-badc9e495150
2023-01-03 10:08:01,145 [pool-484-thread-1] INFO  server.RaftServerConfigKeys (ConfUtils.java:logGet(46)) - raft.server.log.queue.byte-limit = 4294967296 (custom)
2023-01-03 10:08:01,145 [pool-484-thread-1] INFO  server.RaftServerConfigKeys (ConfUtils.java:logGet(46)) - raft.server.log.queue.element-limit = 1024 (custom)
2023-01-03 10:08:01,145 [pool-484-thread-1] INFO  server.RaftServerConfigKeys (ConfUtils.java:logGet(46)) - raft.server.log.segment.size.max = 1048576 (custom)
2023-01-03 10:08:01,145 [pool-484-thread-1] INFO  server.RaftServerConfigKeys (ConfUtils.java:logGet(46)) - raft.server.log.preallocated.size = 16384 (custom)
2023-01-03 10:08:01,145 [pool-484-thread-1] INFO  server.RaftServerConfigKeys (ConfUtils.java:logGet(46)) - raft.server.log.force.sync.num = 128 (default)
2023-01-03 10:08:01,145 [pool-484-thread-1] INFO  server.RaftServerConfigKeys (ConfUtils.java:logGet(46)) - raft.server.log.statemachine.data.sync = true (default)
2023-01-03 10:08:01,146 [pool-484-thread-1] INFO  server.RaftServerConfigKeys (ConfUtils.java:logGet(46)) - raft.server.log.statemachine.data.sync.timeout = 10s (default)
2023-01-03 10:08:01,146 [pool-484-thread-1] INFO  server.RaftServerConfigKeys (ConfUtils.java:logGet(46)) - raft.server.log.statemachine.data.sync.timeout.retry = -1 (default)
2023-01-03 10:08:01,146 [pool-484-thread-1] INFO  server.RaftServerConfigKeys (ConfUtils.java:logGet(46)) - raft.server.log.write.buffer.size = 1048576 (custom)
2023-01-03 10:08:01,148 [pool-484-thread-1] INFO  server.RaftServerConfigKeys (ConfUtils.java:logGet(46)) - raft.server.log.appender.buffer.byte-limit = 33554432 (custom)
2023-01-03 10:08:01,151 [pool-484-thread-1] INFO  server.RaftServerConfigKeys (ConfUtils.java:logGet(46)) - raft.server.log.unsafe-flush.enabled = false (default)
2023-01-03 10:08:01,151 [pool-484-thread-1] INFO  server.RaftServerConfigKeys (ConfUtils.java:logGet(46)) - raft.server.log.async-flush.enabled = false (default)
2023-01-03 10:08:01,151 [pool-484-thread-1] INFO  server.RaftServerConfigKeys (ConfUtils.java:logGet(46)) - raft.server.log.statemachine.data.caching.enabled = true (custom)
2023-01-03 10:08:01,151 [pool-484-thread-1] INFO  segmented.SegmentedRaftLogWorker (SegmentedRaftLogWorker.java:lambda$new$0(135)) - c7e71a96-70a3-435a-a6b2-b0df4fa5b7cd@group-BADC9E495150-SegmentedRaftLogWorker: flushIndex: setUnconditionally 0 -> -1
2023-01-03 10:08:01,151 [pool-484-thread-1] INFO  segmented.SegmentedRaftLogWorker (SegmentedRaftLogWorker.java:lambda$new$0(135)) - c7e71a96-70a3-435a-a6b2-b0df4fa5b7cd@group-BADC9E495150-SegmentedRaftLogWorker: safeCacheEvictIndex: setUnconditionally 0 -> -1
2023-01-03 10:08:01,152 [pool-484-thread-1] INFO  server.RaftServer$Division (RaftServerImpl.java:start(334)) - c7e71a96-70a3-435a-a6b2-b0df4fa5b7cd@group-BADC9E495150: start as a follower, conf=-1: peers:[c7e71a96-70a3-435a-a6b2-b0df4fa5b7cd|rpc:10.1.0.13:35743|dataStream:10.1.0.13:37175|priority:0|startupRole:FOLLOWER, ceb62289-e61f-4ee7-8769-746790ce93a5|rpc:10.1.0.13:39919|dataStream:10.1.0.13:34319|priority:1|startupRole:FOLLOWER, 6197d2f5-af8d-4e13-93f4-b3dc0462d19d|rpc:10.1.0.13:44689|dataStream:10.1.0.13:34149|priority:0|startupRole:FOLLOWER]|listeners:[], old=null
2023-01-03 10:08:01,152 [pool-484-thread-1] INFO  server.RaftServer$Division (RaftServerImpl.java:setRole(321)) - c7e71a96-70a3-435a-a6b2-b0df4fa5b7cd@group-BADC9E495150: changes role from      null to FOLLOWER at term 0 for startAsFollower
2023-01-03 10:08:01,152 [pool-484-thread-1] INFO  impl.RoleInfo (RoleInfo.java:updateAndGet(139)) - c7e71a96-70a3-435a-a6b2-b0df4fa5b7cd: start c7e71a96-70a3-435a-a6b2-b0df4fa5b7cd@group-BADC9E495150-FollowerState
2023-01-03 10:08:01,153 [pool-484-thread-1] INFO  util.JmxRegister (JmxRegister.java:tryRegister(44)) - Successfully registered JMX Bean with object name Ratis:service=RaftServer,group=group-BADC9E495150,id=c7e71a96-70a3-435a-a6b2-b0df4fa5b7cd
2023-01-03 10:08:01,153 [pool-484-thread-1] INFO  server.RaftServerConfigKeys (ConfUtils.java:logGet(46)) - raft.server.snapshot.auto.trigger.enabled = true (custom)
2023-01-03 10:08:01,153 [pool-484-thread-1] INFO  server.RaftServerConfigKeys (ConfUtils.java:logGet(46)) - raft.server.snapshot.auto.trigger.threshold = 10000 (custom)
2023-01-03 10:08:01,154 [pool-484-thread-1] INFO  server.RaftServerConfigKeys (ConfUtils.java:logGet(46)) - raft.server.snapshot.retention.file.num = 5 (custom)
2023-01-03 10:08:01,154 [pool-484-thread-1] INFO  server.RaftServerConfigKeys (ConfUtils.java:logGet(46)) - raft.server.log.purge.upto.snapshot.index = false (default)
2023-01-03 10:08:01,154 [c7e71a96-70a3-435a-a6b2-b0df4fa5b7cd@group-BADC9E495150-FollowerState] INFO  server.RaftServerConfigKeys (ConfUtils.java:logFallback(53)) - raft.server.rpc.first-election.timeout.min = 5s (fallback to raft.server.rpc.timeout.min)
2023-01-03 10:08:01,154 [c7e71a96-70a3-435a-a6b2-b0df4fa5b7cd@group-BADC9E495150-FollowerState] INFO  server.RaftServerConfigKeys (ConfUtils.java:logFallback(53)) - raft.server.rpc.first-election.timeout.max = 5200ms (fallback to raft.server.rpc.timeout.max)
2023-01-03 10:08:01,157 [Command processor thread] INFO  ratis.XceiverServerRatis (XceiverServerRatis.java:addGroup(806)) - Created group PipelineID=14730fae-f2c5-4a16-abbb-badc9e495150
2023-01-03 10:08:01,169 [grpc-default-executor-13] INFO  server.RaftServer (RaftServerProxy.java:addNew(96)) - 6197d2f5-af8d-4e13-93f4-b3dc0462d19d: addNew group-BADC9E495150:[c7e71a96-70a3-435a-a6b2-b0df4fa5b7cd|rpc:10.1.0.13:35743|dataStream:10.1.0.13:37175|priority:0|startupRole:FOLLOWER, ceb62289-e61f-4ee7-8769-746790ce93a5|rpc:10.1.0.13:39919|dataStream:10.1.0.13:34319|priority:1|startupRole:FOLLOWER, 6197d2f5-af8d-4e13-93f4-b3dc0462d19d|rpc:10.1.0.13:44689|dataStream:10.1.0.13:34149|priority:0|startupRole:FOLLOWER] returns group-BADC9E495150:java.util.concurrent.CompletableFuture@3810eec8[Not completed]
2023-01-03 10:08:01,170 [pool-507-thread-1] INFO  server.RaftServer$Division (RaftServerImpl.java:<init>(195)) - 6197d2f5-af8d-4e13-93f4-b3dc0462d19d: new RaftServerImpl for group-BADC9E495150:[c7e71a96-70a3-435a-a6b2-b0df4fa5b7cd|rpc:10.1.0.13:35743|dataStream:10.1.0.13:37175|priority:0|startupRole:FOLLOWER, ceb62289-e61f-4ee7-8769-746790ce93a5|rpc:10.1.0.13:39919|dataStream:10.1.0.13:34319|priority:1|startupRole:FOLLOWER, 6197d2f5-af8d-4e13-93f4-b3dc0462d19d|rpc:10.1.0.13:44689|dataStream:10.1.0.13:34149|priority:0|startupRole:FOLLOWER] with ContainerStateMachine:uninitialized
2023-01-03 10:08:01,170 [pool-507-thread-1] INFO  server.RaftServerConfigKeys (ConfUtils.java:logGet(46)) - raft.server.rpc.timeout.min = 5s (custom)
2023-01-03 10:08:01,170 [pool-507-thread-1] INFO  server.RaftServerConfigKeys (ConfUtils.java:logGet(46)) - raft.server.rpc.timeout.max = 5200ms (custom)
2023-01-03 10:08:01,170 [pool-507-thread-1] INFO  server.RaftServerConfigKeys (ConfUtils.java:logGet(46)) - raft.server.rpc.sleep.time = 25ms (default)
2023-01-03 10:08:01,170 [pool-507-thread-1] INFO  server.RaftServerConfigKeys (ConfUtils.java:logGet(46)) - raft.server.rpc.slowness.timeout = 300s (custom)
2023-01-03 10:08:01,171 [pool-507-thread-1] INFO  server.RaftServerConfigKeys (ConfUtils.java:logGet(46)) - raft.server.leaderelection.leader.step-down.wait-time = 10s (default)
2023-01-03 10:08:01,171 [pool-507-thread-1] INFO  server.RaftServerConfigKeys (ConfUtils.java:logGet(46)) - raft.server.sleep.deviation.threshold = 300ms (default)
2023-01-03 10:08:01,172 [pool-507-thread-1] INFO  server.RaftServer$Division (ServerState.java:<init>(118)) - 6197d2f5-af8d-4e13-93f4-b3dc0462d19d@group-BADC9E495150: ConfigurationManager, init=-1: peers:[c7e71a96-70a3-435a-a6b2-b0df4fa5b7cd|rpc:10.1.0.13:35743|dataStream:10.1.0.13:37175|priority:0|startupRole:FOLLOWER, ceb62289-e61f-4ee7-8769-746790ce93a5|rpc:10.1.0.13:39919|dataStream:10.1.0.13:34319|priority:1|startupRole:FOLLOWER, 6197d2f5-af8d-4e13-93f4-b3dc0462d19d|rpc:10.1.0.13:44689|dataStream:10.1.0.13:34149|priority:0|startupRole:FOLLOWER]|listeners:[], old=null, confs=<EMPTY_MAP>
2023-01-03 10:08:01,172 [pool-507-thread-1] INFO  server.RaftServerConfigKeys (ConfUtils.java:logGet(46)) - raft.server.storage.dir = [/home/runner/work/ozone/ozone/hadoop-ozone/integration-test/target/test-dir/MiniOzoneClusterImpl-fa5f3e5f-d2ce-4aac-89a4-435e2b21547f/datanode-1/data/ratis] (custom)
2023-01-03 10:08:01,172 [pool-507-thread-1] INFO  server.RaftServerConfigKeys (ConfUtils.java:logGet(46)) - raft.server.log.corruption.policy = EXCEPTION (default)
2023-01-03 10:08:01,172 [pool-507-thread-1] INFO  server.RaftServerConfigKeys (ConfUtils.java:logGet(46)) - raft.server.storage.free-space.min = 0MB (=0) (default)
2023-01-03 10:08:01,172 [pool-507-thread-1] INFO  server.RaftServerConfigKeys (ConfUtils.java:logGet(46)) - raft.server.notification.no-leader.timeout = 300s (custom)
2023-01-03 10:08:01,172 [pool-507-thread-1] INFO  server.RaftServerConfigKeys (ConfUtils.java:logGet(46)) - raft.server.retrycache.expirytime = 600000ms (custom)
2023-01-03 10:08:01,172 [pool-507-thread-1] INFO  server.RaftServerConfigKeys (ConfUtils.java:logGet(46)) - raft.server.retrycache.statistics.expirytime = 100μs (default)
2023-01-03 10:08:01,173 [pool-507-thread-1] INFO  server.RaftServerConfigKeys (ConfUtils.java:logGet(46)) - raft.server.log.appender.install.snapshot.enabled = false (custom)
2023-01-03 10:08:01,173 [pool-507-thread-1] INFO  server.RaftServerConfigKeys (ConfUtils.java:logGet(46)) - raft.server.threadpool.server.cached = true (default)
2023-01-03 10:08:01,173 [pool-507-thread-1] INFO  server.RaftServerConfigKeys (ConfUtils.java:logGet(46)) - raft.server.threadpool.server.size = 0 (default)
2023-01-03 10:08:01,173 [pool-507-thread-1] INFO  server.RaftServerConfigKeys (ConfUtils.java:logGet(46)) - raft.server.threadpool.client.cached = true (default)
2023-01-03 10:08:01,173 [pool-507-thread-1] INFO  server.RaftServerConfigKeys (ConfUtils.java:logGet(46)) - raft.server.threadpool.client.size = 0 (default)
2023-01-03 10:08:01,173 [pool-507-thread-1] INFO  storage.RaftStorageDirectory (RaftStorageDirectoryImpl.java:analyzeStorage(137)) - The storage directory /home/runner/work/ozone/ozone/hadoop-ozone/integration-test/target/test-dir/MiniOzoneClusterImpl-fa5f3e5f-d2ce-4aac-89a4-435e2b21547f/datanode-1/data/ratis/14730fae-f2c5-4a16-abbb-badc9e495150 does not exist. Creating ...
2023-01-03 10:08:01,174 [pool-507-thread-1] INFO  storage.RaftStorageDirectory (RaftStorageDirectoryImpl.java:tryLock(231)) - Lock on /home/runner/work/ozone/ozone/hadoop-ozone/integration-test/target/test-dir/MiniOzoneClusterImpl-fa5f3e5f-d2ce-4aac-89a4-435e2b21547f/datanode-1/data/ratis/14730fae-f2c5-4a16-abbb-badc9e495150/in_use.lock acquired by nodename 9440@fv-az292-374
2023-01-03 10:08:01,176 [pool-507-thread-1] INFO  storage.RaftStorage (RaftStorageImpl.java:format(96)) - Storage directory /home/runner/work/ozone/ozone/hadoop-ozone/integration-test/target/test-dir/MiniOzoneClusterImpl-fa5f3e5f-d2ce-4aac-89a4-435e2b21547f/datanode-1/data/ratis/14730fae-f2c5-4a16-abbb-badc9e495150 has been successfully formatted.
2023-01-03 10:08:01,177 [pool-507-thread-1] INFO  ratis.ContainerStateMachine (ContainerStateMachine.java:loadSnapshot(240)) - group-BADC9E495150: The snapshot info is null. Setting the last applied indexto:(t:0, i:~)
2023-01-03 10:08:01,177 [pool-507-thread-1] INFO  server.RaftServerConfigKeys (ConfUtils.java:logGet(46)) - raft.server.log.use.memory = false (default)
2023-01-03 10:08:01,177 [pool-507-thread-1] INFO  server.RaftServerConfigKeys (ConfUtils.java:logGet(46)) - raft.server.log.purge.gap = 1000000 (custom)
2023-01-03 10:08:01,177 [pool-507-thread-1] INFO  server.RaftServerConfigKeys (ConfUtils.java:logGet(46)) - raft.server.log.appender.buffer.byte-limit = 33554432 (custom)
2023-01-03 10:08:01,177 [pool-507-thread-1] INFO  server.RaftServerConfigKeys (ConfUtils.java:logGet(46)) - raft.server.log.statemachine.data.read.timeout = 1000ms (default)
2023-01-03 10:08:01,177 [EventQueue-CommandQueueReportForCommandQueueReportHandler] WARN  events.EventQueue (EventQueue.java:fireEvent(216)) - No event handler registered for event TypedEvent{payloadType=DatanodeDetails, name='Datanode_Command_Queue_Updated'}
2023-01-03 10:08:01,179 [pool-507-thread-1] INFO  server.RaftServerConfigKeys (ConfUtils.java:logGet(46)) - raft.server.log.purge.preservation.log.num = 0 (default)
2023-01-03 10:08:01,179 [pool-507-thread-1] INFO  server.RaftServerConfigKeys (ConfUtils.java:logGet(46)) - raft.server.log.segment.size.max = 1048576 (custom)
2023-01-03 10:08:01,180 [pool-507-thread-1] INFO  server.RaftServerConfigKeys (ConfUtils.java:logGet(46)) - raft.server.log.segment.cache.num.max = 2 (custom)
2023-01-03 10:08:01,180 [pool-507-thread-1] INFO  server.RaftServerConfigKeys (ConfUtils.java:logGet(46)) - raft.server.log.segment.cache.size.max = 200MB (=209715200) (default)
2023-01-03 10:08:01,180 [pool-507-thread-1] INFO  segmented.SegmentedRaftLogWorker (SegmentedRaftLogWorker.java:<init>(189)) - new 6197d2f5-af8d-4e13-93f4-b3dc0462d19d@group-BADC9E495150-SegmentedRaftLogWorker for RaftStorageImpl:Storage Directory /home/runner/work/ozone/ozone/hadoop-ozone/integration-test/target/test-dir/MiniOzoneClusterImpl-fa5f3e5f-d2ce-4aac-89a4-435e2b21547f/datanode-1/data/ratis/14730fae-f2c5-4a16-abbb-badc9e495150
2023-01-03 10:08:01,180 [pool-507-thread-1] INFO  server.RaftServerConfigKeys (ConfUtils.java:logGet(46)) - raft.server.log.queue.byte-limit = 4294967296 (custom)
2023-01-03 10:08:01,180 [pool-507-thread-1] INFO  server.RaftServerConfigKeys (ConfUtils.java:logGet(46)) - raft.server.log.queue.element-limit = 1024 (custom)
2023-01-03 10:08:01,180 [pool-507-thread-1] INFO  server.RaftServerConfigKeys (ConfUtils.java:logGet(46)) - raft.server.log.segment.size.max = 1048576 (custom)
2023-01-03 10:08:01,180 [pool-507-thread-1] INFO  server.RaftServerConfigKeys (ConfUtils.java:logGet(46)) - raft.server.log.preallocated.size = 16384 (custom)
2023-01-03 10:08:01,180 [pool-507-thread-1] INFO  server.RaftServerConfigKeys (ConfUtils.java:logGet(46)) - raft.server.log.force.sync.num = 128 (default)
2023-01-03 10:08:01,180 [pool-507-thread-1] INFO  server.RaftServerConfigKeys (ConfUtils.java:logGet(46)) - raft.server.log.statemachine.data.sync = true (default)
2023-01-03 10:08:01,180 [pool-507-thread-1] INFO  server.RaftServerConfigKeys (ConfUtils.java:logGet(46)) - raft.server.log.statemachine.data.sync.timeout = 10s (default)
2023-01-03 10:08:01,180 [pool-507-thread-1] INFO  server.RaftServerConfigKeys (ConfUtils.java:logGet(46)) - raft.server.log.statemachine.data.sync.timeout.retry = -1 (default)
2023-01-03 10:08:01,181 [pool-507-thread-1] INFO  server.RaftServerConfigKeys (ConfUtils.java:logGet(46)) - raft.server.log.write.buffer.size = 1048576 (custom)
2023-01-03 10:08:01,182 [pool-507-thread-1] INFO  server.RaftServerConfigKeys (ConfUtils.java:logGet(46)) - raft.server.log.appender.buffer.byte-limit = 33554432 (custom)
2023-01-03 10:08:01,185 [pool-507-thread-1] INFO  server.RaftServerConfigKeys (ConfUtils.java:logGet(46)) - raft.server.log.unsafe-flush.enabled = false (default)
2023-01-03 10:08:01,185 [pool-507-thread-1] INFO  server.RaftServerConfigKeys (ConfUtils.java:logGet(46)) - raft.server.log.async-flush.enabled = false (default)
2023-01-03 10:08:01,185 [pool-507-thread-1] INFO  server.RaftServerConfigKeys (ConfUtils.java:logGet(46)) - raft.server.log.statemachine.data.caching.enabled = true (custom)
2023-01-03 10:08:01,185 [pool-507-thread-1] INFO  segmented.SegmentedRaftLogWorker (SegmentedRaftLogWorker.java:lambda$new$0(135)) - 6197d2f5-af8d-4e13-93f4-b3dc0462d19d@group-BADC9E495150-SegmentedRaftLogWorker: flushIndex: setUnconditionally 0 -> -1
2023-01-03 10:08:01,185 [pool-507-thread-1] INFO  segmented.SegmentedRaftLogWorker (SegmentedRaftLogWorker.java:lambda$new$0(135)) - 6197d2f5-af8d-4e13-93f4-b3dc0462d19d@group-BADC9E495150-SegmentedRaftLogWorker: safeCacheEvictIndex: setUnconditionally 0 -> -1
2023-01-03 10:08:01,185 [pool-507-thread-1] INFO  server.RaftServer$Division (RaftServerImpl.java:start(334)) - 6197d2f5-af8d-4e13-93f4-b3dc0462d19d@group-BADC9E495150: start as a follower, conf=-1: peers:[c7e71a96-70a3-435a-a6b2-b0df4fa5b7cd|rpc:10.1.0.13:35743|dataStream:10.1.0.13:37175|priority:0|startupRole:FOLLOWER, ceb62289-e61f-4ee7-8769-746790ce93a5|rpc:10.1.0.13:39919|dataStream:10.1.0.13:34319|priority:1|startupRole:FOLLOWER, 6197d2f5-af8d-4e13-93f4-b3dc0462d19d|rpc:10.1.0.13:44689|dataStream:10.1.0.13:34149|priority:0|startupRole:FOLLOWER]|listeners:[], old=null
2023-01-03 10:08:01,185 [pool-507-thread-1] INFO  server.RaftServer$Division (RaftServerImpl.java:setRole(321)) - 6197d2f5-af8d-4e13-93f4-b3dc0462d19d@group-BADC9E495150: changes role from      null to FOLLOWER at term 0 for startAsFollower
2023-01-03 10:08:01,185 [pool-507-thread-1] INFO  impl.RoleInfo (RoleInfo.java:updateAndGet(139)) - 6197d2f5-af8d-4e13-93f4-b3dc0462d19d: start 6197d2f5-af8d-4e13-93f4-b3dc0462d19d@group-BADC9E495150-FollowerState
2023-01-03 10:08:01,186 [pool-507-thread-1] INFO  util.JmxRegister (JmxRegister.java:tryRegister(44)) - Successfully registered JMX Bean with object name Ratis:service=RaftServer,group=group-BADC9E495150,id=6197d2f5-af8d-4e13-93f4-b3dc0462d19d
2023-01-03 10:08:01,186 [6197d2f5-af8d-4e13-93f4-b3dc0462d19d@group-BADC9E495150-FollowerState] INFO  server.RaftServerConfigKeys (ConfUtils.java:logFallback(53)) - raft.server.rpc.first-election.timeout.min = 5s (fallback to raft.server.rpc.timeout.min)
2023-01-03 10:08:01,186 [pool-507-thread-1] INFO  server.RaftServerConfigKeys (ConfUtils.java:logGet(46)) - raft.server.snapshot.auto.trigger.enabled = true (custom)
2023-01-03 10:08:01,186 [6197d2f5-af8d-4e13-93f4-b3dc0462d19d@group-BADC9E495150-FollowerState] INFO  server.RaftServerConfigKeys (ConfUtils.java:logFallback(53)) - raft.server.rpc.first-election.timeout.max = 5200ms (fallback to raft.server.rpc.timeout.max)
2023-01-03 10:08:01,186 [pool-507-thread-1] INFO  server.RaftServerConfigKeys (ConfUtils.java:logGet(46)) - raft.server.snapshot.auto.trigger.threshold = 10000 (custom)
2023-01-03 10:08:01,186 [pool-507-thread-1] INFO  server.RaftServerConfigKeys (ConfUtils.java:logGet(46)) - raft.server.snapshot.retention.file.num = 5 (custom)
2023-01-03 10:08:01,186 [pool-507-thread-1] INFO  server.RaftServerConfigKeys (ConfUtils.java:logGet(46)) - raft.server.log.purge.upto.snapshot.index = false (default)
2023-01-03 10:08:01,198 [grpc-default-executor-13] INFO  server.RaftServer (RaftServerProxy.java:addNew(96)) - ceb62289-e61f-4ee7-8769-746790ce93a5: addNew group-BADC9E495150:[c7e71a96-70a3-435a-a6b2-b0df4fa5b7cd|rpc:10.1.0.13:35743|dataStream:10.1.0.13:37175|priority:0|startupRole:FOLLOWER, ceb62289-e61f-4ee7-8769-746790ce93a5|rpc:10.1.0.13:39919|dataStream:10.1.0.13:34319|priority:1|startupRole:FOLLOWER, 6197d2f5-af8d-4e13-93f4-b3dc0462d19d|rpc:10.1.0.13:44689|dataStream:10.1.0.13:34149|priority:0|startupRole:FOLLOWER] returns group-BADC9E495150:java.util.concurrent.CompletableFuture@621f8de6[Not completed]
2023-01-03 10:08:01,198 [pool-530-thread-1] INFO  server.RaftServer$Division (RaftServerImpl.java:<init>(195)) - ceb62289-e61f-4ee7-8769-746790ce93a5: new RaftServerImpl for group-BADC9E495150:[c7e71a96-70a3-435a-a6b2-b0df4fa5b7cd|rpc:10.1.0.13:35743|dataStream:10.1.0.13:37175|priority:0|startupRole:FOLLOWER, ceb62289-e61f-4ee7-8769-746790ce93a5|rpc:10.1.0.13:39919|dataStream:10.1.0.13:34319|priority:1|startupRole:FOLLOWER, 6197d2f5-af8d-4e13-93f4-b3dc0462d19d|rpc:10.1.0.13:44689|dataStream:10.1.0.13:34149|priority:0|startupRole:FOLLOWER] with ContainerStateMachine:uninitialized
2023-01-03 10:08:01,199 [pool-530-thread-1] INFO  server.RaftServerConfigKeys (ConfUtils.java:logGet(46)) - raft.server.rpc.timeout.min = 5s (custom)
2023-01-03 10:08:01,199 [pool-530-thread-1] INFO  server.RaftServerConfigKeys (ConfUtils.java:logGet(46)) - raft.server.rpc.timeout.max = 5200ms (custom)
2023-01-03 10:08:01,199 [pool-530-thread-1] INFO  server.RaftServerConfigKeys (ConfUtils.java:logGet(46)) - raft.server.rpc.sleep.time = 25ms (default)
2023-01-03 10:08:01,199 [pool-530-thread-1] INFO  server.RaftServerConfigKeys (ConfUtils.java:logGet(46)) - raft.server.rpc.slowness.timeout = 300s (custom)
2023-01-03 10:08:01,199 [pool-530-thread-1] INFO  server.RaftServerConfigKeys (ConfUtils.java:logGet(46)) - raft.server.leaderelection.leader.step-down.wait-time = 10s (default)
2023-01-03 10:08:01,199 [pool-530-thread-1] INFO  server.RaftServerConfigKeys (ConfUtils.java:logGet(46)) - raft.server.sleep.deviation.threshold = 300ms (default)
2023-01-03 10:08:01,199 [pool-530-thread-1] INFO  server.RaftServer$Division (ServerState.java:<init>(118)) - ceb62289-e61f-4ee7-8769-746790ce93a5@group-BADC9E495150: ConfigurationManager, init=-1: peers:[c7e71a96-70a3-435a-a6b2-b0df4fa5b7cd|rpc:10.1.0.13:35743|dataStream:10.1.0.13:37175|priority:0|startupRole:FOLLOWER, ceb62289-e61f-4ee7-8769-746790ce93a5|rpc:10.1.0.13:39919|dataStream:10.1.0.13:34319|priority:1|startupRole:FOLLOWER, 6197d2f5-af8d-4e13-93f4-b3dc0462d19d|rpc:10.1.0.13:44689|dataStream:10.1.0.13:34149|priority:0|startupRole:FOLLOWER]|listeners:[], old=null, confs=<EMPTY_MAP>
2023-01-03 10:08:01,199 [pool-530-thread-1] INFO  server.RaftServerConfigKeys (ConfUtils.java:logGet(46)) - raft.server.storage.dir = [/home/runner/work/ozone/ozone/hadoop-ozone/integration-test/target/test-dir/MiniOzoneClusterImpl-fa5f3e5f-d2ce-4aac-89a4-435e2b21547f/datanode-2/data/ratis] (custom)
2023-01-03 10:08:01,199 [pool-530-thread-1] INFO  server.RaftServerConfigKeys (ConfUtils.java:logGet(46)) - raft.server.log.corruption.policy = EXCEPTION (default)
2023-01-03 10:08:01,199 [pool-530-thread-1] INFO  server.RaftServerConfigKeys (ConfUtils.java:logGet(46)) - raft.server.storage.free-space.min = 0MB (=0) (default)
2023-01-03 10:08:01,199 [pool-530-thread-1] INFO  server.RaftServerConfigKeys (ConfUtils.java:logGet(46)) - raft.server.notification.no-leader.timeout = 300s (custom)
2023-01-03 10:08:01,199 [pool-530-thread-1] INFO  server.RaftServerConfigKeys (ConfUtils.java:logGet(46)) - raft.server.retrycache.expirytime = 600000ms (custom)
2023-01-03 10:08:01,199 [pool-530-thread-1] INFO  server.RaftServerConfigKeys (ConfUtils.java:logGet(46)) - raft.server.retrycache.statistics.expirytime = 100μs (default)
2023-01-03 10:08:01,201 [pool-530-thread-1] INFO  server.RaftServerConfigKeys (ConfUtils.java:logGet(46)) - raft.server.log.appender.install.snapshot.enabled = false (custom)
2023-01-03 10:08:01,201 [pool-530-thread-1] INFO  server.RaftServerConfigKeys (ConfUtils.java:logGet(46)) - raft.server.threadpool.server.cached = true (default)
2023-01-03 10:08:01,201 [pool-530-thread-1] INFO  server.RaftServerConfigKeys (ConfUtils.java:logGet(46)) - raft.server.threadpool.server.size = 0 (default)
2023-01-03 10:08:01,201 [pool-530-thread-1] INFO  server.RaftServerConfigKeys (ConfUtils.java:logGet(46)) - raft.server.threadpool.client.cached = true (default)
2023-01-03 10:08:01,201 [pool-530-thread-1] INFO  server.RaftServerConfigKeys (ConfUtils.java:logGet(46)) - raft.server.threadpool.client.size = 0 (default)
2023-01-03 10:08:01,202 [pool-530-thread-1] INFO  storage.RaftStorageDirectory (RaftStorageDirectoryImpl.java:analyzeStorage(137)) - The storage directory /home/runner/work/ozone/ozone/hadoop-ozone/integration-test/target/test-dir/MiniOzoneClusterImpl-fa5f3e5f-d2ce-4aac-89a4-435e2b21547f/datanode-2/data/ratis/14730fae-f2c5-4a16-abbb-badc9e495150 does not exist. Creating ...
2023-01-03 10:08:01,203 [pool-530-thread-1] INFO  storage.RaftStorageDirectory (RaftStorageDirectoryImpl.java:tryLock(231)) - Lock on /home/runner/work/ozone/ozone/hadoop-ozone/integration-test/target/test-dir/MiniOzoneClusterImpl-fa5f3e5f-d2ce-4aac-89a4-435e2b21547f/datanode-2/data/ratis/14730fae-f2c5-4a16-abbb-badc9e495150/in_use.lock acquired by nodename 9440@fv-az292-374
2023-01-03 10:08:01,204 [pool-530-thread-1] INFO  storage.RaftStorage (RaftStorageImpl.java:format(96)) - Storage directory /home/runner/work/ozone/ozone/hadoop-ozone/integration-test/target/test-dir/MiniOzoneClusterImpl-fa5f3e5f-d2ce-4aac-89a4-435e2b21547f/datanode-2/data/ratis/14730fae-f2c5-4a16-abbb-badc9e495150 has been successfully formatted.
2023-01-03 10:08:01,204 [pool-530-thread-1] INFO  ratis.ContainerStateMachine (ContainerStateMachine.java:loadSnapshot(240)) - group-BADC9E495150: The snapshot info is null. Setting the last applied indexto:(t:0, i:~)
2023-01-03 10:08:01,204 [pool-530-thread-1] INFO  server.RaftServerConfigKeys (ConfUtils.java:logGet(46)) - raft.server.log.use.memory = false (default)
2023-01-03 10:08:01,205 [pool-530-thread-1] INFO  server.RaftServerConfigKeys (ConfUtils.java:logGet(46)) - raft.server.log.purge.gap = 1000000 (custom)
2023-01-03 10:08:01,205 [pool-530-thread-1] INFO  server.RaftServerConfigKeys (ConfUtils.java:logGet(46)) - raft.server.log.appender.buffer.byte-limit = 33554432 (custom)
2023-01-03 10:08:01,205 [pool-530-thread-1] INFO  server.RaftServerConfigKeys (ConfUtils.java:logGet(46)) - raft.server.log.statemachine.data.read.timeout = 1000ms (default)
2023-01-03 10:08:01,205 [pool-530-thread-1] INFO  server.RaftServerConfigKeys (ConfUtils.java:logGet(46)) - raft.server.log.purge.preservation.log.num = 0 (default)
2023-01-03 10:08:01,205 [pool-530-thread-1] INFO  server.RaftServerConfigKeys (ConfUtils.java:logGet(46)) - raft.server.log.segment.size.max = 1048576 (custom)
2023-01-03 10:08:01,205 [pool-530-thread-1] INFO  server.RaftServerConfigKeys (ConfUtils.java:logGet(46)) - raft.server.log.segment.cache.num.max = 2 (custom)
2023-01-03 10:08:01,205 [pool-530-thread-1] INFO  server.RaftServerConfigKeys (ConfUtils.java:logGet(46)) - raft.server.log.segment.cache.size.max = 200MB (=209715200) (default)
2023-01-03 10:08:01,205 [pool-530-thread-1] INFO  segmented.SegmentedRaftLogWorker (SegmentedRaftLogWorker.java:<init>(189)) - new ceb62289-e61f-4ee7-8769-746790ce93a5@group-BADC9E495150-SegmentedRaftLogWorker for RaftStorageImpl:Storage Directory /home/runner/work/ozone/ozone/hadoop-ozone/integration-test/target/test-dir/MiniOzoneClusterImpl-fa5f3e5f-d2ce-4aac-89a4-435e2b21547f/datanode-2/data/ratis/14730fae-f2c5-4a16-abbb-badc9e495150
2023-01-03 10:08:01,205 [pool-530-thread-1] INFO  server.RaftServerConfigKeys (ConfUtils.java:logGet(46)) - raft.server.log.queue.byte-limit = 4294967296 (custom)
2023-01-03 10:08:01,205 [EventQueue-CommandQueueReportForCommandQueueReportHandler] WARN  events.EventQueue (EventQueue.java:fireEvent(216)) - No event handler registered for event TypedEvent{payloadType=DatanodeDetails, name='Datanode_Command_Queue_Updated'}
2023-01-03 10:08:01,205 [pool-530-thread-1] INFO  server.RaftServerConfigKeys (ConfUtils.java:logGet(46)) - raft.server.log.queue.element-limit = 1024 (custom)
2023-01-03 10:08:01,205 [pool-530-thread-1] INFO  server.RaftServerConfigKeys (ConfUtils.java:logGet(46)) - raft.server.log.segment.size.max = 1048576 (custom)
2023-01-03 10:08:01,205 [pool-530-thread-1] INFO  server.RaftServerConfigKeys (ConfUtils.java:logGet(46)) - raft.server.log.preallocated.size = 16384 (custom)
2023-01-03 10:08:01,205 [pool-530-thread-1] INFO  server.RaftServerConfigKeys (ConfUtils.java:logGet(46)) - raft.server.log.force.sync.num = 128 (default)
2023-01-03 10:08:01,205 [pool-530-thread-1] INFO  server.RaftServerConfigKeys (ConfUtils.java:logGet(46)) - raft.server.log.statemachine.data.sync = true (default)
2023-01-03 10:08:01,205 [pool-530-thread-1] INFO  server.RaftServerConfigKeys (ConfUtils.java:logGet(46)) - raft.server.log.statemachine.data.sync.timeout = 10s (default)
2023-01-03 10:08:01,205 [pool-530-thread-1] INFO  server.RaftServerConfigKeys (ConfUtils.java:logGet(46)) - raft.server.log.statemachine.data.sync.timeout.retry = -1 (default)
2023-01-03 10:08:01,206 [pool-530-thread-1] INFO  server.RaftServerConfigKeys (ConfUtils.java:logGet(46)) - raft.server.log.write.buffer.size = 1048576 (custom)
2023-01-03 10:08:01,206 [pool-530-thread-1] INFO  server.RaftServerConfigKeys (ConfUtils.java:logGet(46)) - raft.server.log.appender.buffer.byte-limit = 33554432 (custom)
2023-01-03 10:08:01,209 [pool-530-thread-1] INFO  server.RaftServerConfigKeys (ConfUtils.java:logGet(46)) - raft.server.log.unsafe-flush.enabled = false (default)
2023-01-03 10:08:01,209 [pool-530-thread-1] INFO  server.RaftServerConfigKeys (ConfUtils.java:logGet(46)) - raft.server.log.async-flush.enabled = false (default)
2023-01-03 10:08:01,209 [pool-530-thread-1] INFO  server.RaftServerConfigKeys (ConfUtils.java:logGet(46)) - raft.server.log.statemachine.data.caching.enabled = true (custom)
2023-01-03 10:08:01,209 [pool-530-thread-1] INFO  segmented.SegmentedRaftLogWorker (SegmentedRaftLogWorker.java:lambda$new$0(135)) - ceb62289-e61f-4ee7-8769-746790ce93a5@group-BADC9E495150-SegmentedRaftLogWorker: flushIndex: setUnconditionally 0 -> -1
2023-01-03 10:08:01,209 [pool-530-thread-1] INFO  segmented.SegmentedRaftLogWorker (SegmentedRaftLogWorker.java:lambda$new$0(135)) - ceb62289-e61f-4ee7-8769-746790ce93a5@group-BADC9E495150-SegmentedRaftLogWorker: safeCacheEvictIndex: setUnconditionally 0 -> -1
2023-01-03 10:08:01,213 [pool-530-thread-1] INFO  server.RaftServer$Division (RaftServerImpl.java:start(334)) - ceb62289-e61f-4ee7-8769-746790ce93a5@group-BADC9E495150: start as a follower, conf=-1: peers:[c7e71a96-70a3-435a-a6b2-b0df4fa5b7cd|rpc:10.1.0.13:35743|dataStream:10.1.0.13:37175|priority:0|startupRole:FOLLOWER, ceb62289-e61f-4ee7-8769-746790ce93a5|rpc:10.1.0.13:39919|dataStream:10.1.0.13:34319|priority:1|startupRole:FOLLOWER, 6197d2f5-af8d-4e13-93f4-b3dc0462d19d|rpc:10.1.0.13:44689|dataStream:10.1.0.13:34149|priority:0|startupRole:FOLLOWER]|listeners:[], old=null
2023-01-03 10:08:01,213 [pool-530-thread-1] INFO  server.RaftServer$Division (RaftServerImpl.java:setRole(321)) - ceb62289-e61f-4ee7-8769-746790ce93a5@group-BADC9E495150: changes role from      null to FOLLOWER at term 0 for startAsFollower
2023-01-03 10:08:01,213 [pool-530-thread-1] INFO  impl.RoleInfo (RoleInfo.java:updateAndGet(139)) - ceb62289-e61f-4ee7-8769-746790ce93a5: start ceb62289-e61f-4ee7-8769-746790ce93a5@group-BADC9E495150-FollowerState
2023-01-03 10:08:01,213 [pool-530-thread-1] INFO  util.JmxRegister (JmxRegister.java:tryRegister(44)) - Successfully registered JMX Bean with object name Ratis:service=RaftServer,group=group-BADC9E495150,id=ceb62289-e61f-4ee7-8769-746790ce93a5
2023-01-03 10:08:01,213 [pool-530-thread-1] INFO  server.RaftServerConfigKeys (ConfUtils.java:logGet(46)) - raft.server.snapshot.auto.trigger.enabled = true (custom)
2023-01-03 10:08:01,213 [pool-530-thread-1] INFO  server.RaftServerConfigKeys (ConfUtils.java:logGet(46)) - raft.server.snapshot.auto.trigger.threshold = 10000 (custom)
2023-01-03 10:08:01,213 [pool-530-thread-1] INFO  server.RaftServerConfigKeys (ConfUtils.java:logGet(46)) - raft.server.snapshot.retention.file.num = 5 (custom)
2023-01-03 10:08:01,214 [pool-530-thread-1] INFO  server.RaftServerConfigKeys (ConfUtils.java:logGet(46)) - raft.server.log.purge.upto.snapshot.index = false (default)
2023-01-03 10:08:01,214 [ceb62289-e61f-4ee7-8769-746790ce93a5@group-BADC9E495150-FollowerState] INFO  server.RaftServerConfigKeys (ConfUtils.java:logFallback(53)) - raft.server.rpc.first-election.timeout.min = 5s (fallback to raft.server.rpc.timeout.min)
2023-01-03 10:08:01,214 [ceb62289-e61f-4ee7-8769-746790ce93a5@group-BADC9E495150-FollowerState] INFO  server.RaftServerConfigKeys (ConfUtils.java:logFallback(53)) - raft.server.rpc.first-election.timeout.max = 5200ms (fallback to raft.server.rpc.timeout.max)
2023-01-03 10:08:01,219 [Command processor thread] INFO  commandhandler.CreatePipelineCommandHandler (CreatePipelineCommandHandler.java:handle(113)) - Created Pipeline RATIS THREE PipelineID=14730fae-f2c5-4a16-abbb-badc9e495150.
2023-01-03 10:08:01,219 [Command processor thread] INFO  server.RaftServer (RaftServerProxy.java:addNew(96)) - c7e71a96-70a3-435a-a6b2-b0df4fa5b7cd: addNew group-B9BE0C5944DA:[c7e71a96-70a3-435a-a6b2-b0df4fa5b7cd|rpc:10.1.0.13:35743|dataStream:10.1.0.13:37175|priority:0|startupRole:FOLLOWER, ceb62289-e61f-4ee7-8769-746790ce93a5|rpc:10.1.0.13:39919|dataStream:10.1.0.13:34319|priority:0|startupRole:FOLLOWER, 6197d2f5-af8d-4e13-93f4-b3dc0462d19d|rpc:10.1.0.13:44689|dataStream:10.1.0.13:34149|priority:1|startupRole:FOLLOWER] returns group-B9BE0C5944DA:java.util.concurrent.CompletableFuture@4847e35e[Not completed]
2023-01-03 10:08:01,220 [pool-484-thread-1] INFO  server.RaftServer$Division (RaftServerImpl.java:<init>(195)) - c7e71a96-70a3-435a-a6b2-b0df4fa5b7cd: new RaftServerImpl for group-B9BE0C5944DA:[c7e71a96-70a3-435a-a6b2-b0df4fa5b7cd|rpc:10.1.0.13:35743|dataStream:10.1.0.13:37175|priority:0|startupRole:FOLLOWER, ceb62289-e61f-4ee7-8769-746790ce93a5|rpc:10.1.0.13:39919|dataStream:10.1.0.13:34319|priority:0|startupRole:FOLLOWER, 6197d2f5-af8d-4e13-93f4-b3dc0462d19d|rpc:10.1.0.13:44689|dataStream:10.1.0.13:34149|priority:1|startupRole:FOLLOWER] with ContainerStateMachine:uninitialized
2023-01-03 10:08:01,220 [pool-484-thread-1] INFO  server.RaftServerConfigKeys (ConfUtils.java:logGet(46)) - raft.server.rpc.timeout.min = 5s (custom)
2023-01-03 10:08:01,220 [pool-484-thread-1] INFO  server.RaftServerConfigKeys (ConfUtils.java:logGet(46)) - raft.server.rpc.timeout.max = 5200ms (custom)
2023-01-03 10:08:01,220 [pool-484-thread-1] INFO  server.RaftServerConfigKeys (ConfUtils.java:logGet(46)) - raft.server.rpc.sleep.time = 25ms (default)
2023-01-03 10:08:01,220 [pool-484-thread-1] INFO  server.RaftServerConfigKeys (ConfUtils.java:logGet(46)) - raft.server.rpc.slowness.timeout = 300s (custom)
2023-01-03 10:08:01,220 [pool-484-thread-1] INFO  server.RaftServerConfigKeys (ConfUtils.java:logGet(46)) - raft.server.leaderelection.leader.step-down.wait-time = 10s (default)
2023-01-03 10:08:01,220 [pool-484-thread-1] INFO  server.RaftServerConfigKeys (ConfUtils.java:logGet(46)) - raft.server.sleep.deviation.threshold = 300ms (default)
2023-01-03 10:08:01,220 [pool-484-thread-1] INFO  server.RaftServer$Division (ServerState.java:<init>(118)) - c7e71a96-70a3-435a-a6b2-b0df4fa5b7cd@group-B9BE0C5944DA: ConfigurationManager, init=-1: peers:[c7e71a96-70a3-435a-a6b2-b0df4fa5b7cd|rpc:10.1.0.13:35743|dataStream:10.1.0.13:37175|priority:0|startupRole:FOLLOWER, ceb62289-e61f-4ee7-8769-746790ce93a5|rpc:10.1.0.13:39919|dataStream:10.1.0.13:34319|priority:0|startupRole:FOLLOWER, 6197d2f5-af8d-4e13-93f4-b3dc0462d19d|rpc:10.1.0.13:44689|dataStream:10.1.0.13:34149|priority:1|startupRole:FOLLOWER]|listeners:[], old=null, confs=<EMPTY_MAP>
2023-01-03 10:08:01,220 [pool-484-thread-1] INFO  server.RaftServerConfigKeys (ConfUtils.java:logGet(46)) - raft.server.storage.dir = [/home/runner/work/ozone/ozone/hadoop-ozone/integration-test/target/test-dir/MiniOzoneClusterImpl-fa5f3e5f-d2ce-4aac-89a4-435e2b21547f/datanode-0/data/ratis] (custom)
2023-01-03 10:08:01,220 [pool-484-thread-1] INFO  server.RaftServerConfigKeys (ConfUtils.java:logGet(46)) - raft.server.log.corruption.policy = EXCEPTION (default)
2023-01-03 10:08:01,220 [pool-484-thread-1] INFO  server.RaftServerConfigKeys (ConfUtils.java:logGet(46)) - raft.server.storage.free-space.min = 0MB (=0) (default)
2023-01-03 10:08:01,220 [pool-484-thread-1] INFO  server.RaftServerConfigKeys (ConfUtils.java:logGet(46)) - raft.server.notification.no-leader.timeout = 300s (custom)
2023-01-03 10:08:01,220 [pool-484-thread-1] INFO  server.RaftServerConfigKeys (ConfUtils.java:logGet(46)) - raft.server.retrycache.expirytime = 600000ms (custom)
2023-01-03 10:08:01,220 [pool-484-thread-1] INFO  server.RaftServerConfigKeys (ConfUtils.java:logGet(46)) - raft.server.retrycache.statistics.expirytime = 100μs (default)
2023-01-03 10:08:01,221 [pool-484-thread-1] INFO  server.RaftServerConfigKeys (ConfUtils.java:logGet(46)) - raft.server.log.appender.install.snapshot.enabled = false (custom)
2023-01-03 10:08:01,221 [pool-484-thread-1] INFO  server.RaftServerConfigKeys (ConfUtils.java:logGet(46)) - raft.server.threadpool.server.cached = true (default)
2023-01-03 10:08:01,221 [pool-484-thread-1] INFO  server.RaftServerConfigKeys (ConfUtils.java:logGet(46)) - raft.server.threadpool.server.size = 0 (default)
2023-01-03 10:08:01,221 [pool-484-thread-1] INFO  server.RaftServerConfigKeys (ConfUtils.java:logGet(46)) - raft.server.threadpool.client.cached = true (default)
2023-01-03 10:08:01,221 [pool-484-thread-1] INFO  server.RaftServerConfigKeys (ConfUtils.java:logGet(46)) - raft.server.threadpool.client.size = 0 (default)
2023-01-03 10:08:01,221 [pool-484-thread-1] INFO  storage.RaftStorageDirectory (RaftStorageDirectoryImpl.java:analyzeStorage(137)) - The storage directory /home/runner/work/ozone/ozone/hadoop-ozone/integration-test/target/test-dir/MiniOzoneClusterImpl-fa5f3e5f-d2ce-4aac-89a4-435e2b21547f/datanode-0/data/ratis/c969914e-d65d-488b-b7dd-b9be0c5944da does not exist. Creating ...
2023-01-03 10:08:01,222 [pool-484-thread-1] INFO  storage.RaftStorageDirectory (RaftStorageDirectoryImpl.java:tryLock(231)) - Lock on /home/runner/work/ozone/ozone/hadoop-ozone/integration-test/target/test-dir/MiniOzoneClusterImpl-fa5f3e5f-d2ce-4aac-89a4-435e2b21547f/datanode-0/data/ratis/c969914e-d65d-488b-b7dd-b9be0c5944da/in_use.lock acquired by nodename 9440@fv-az292-374
2023-01-03 10:08:01,223 [pool-484-thread-1] INFO  storage.RaftStorage (RaftStorageImpl.java:format(96)) - Storage directory /home/runner/work/ozone/ozone/hadoop-ozone/integration-test/target/test-dir/MiniOzoneClusterImpl-fa5f3e5f-d2ce-4aac-89a4-435e2b21547f/datanode-0/data/ratis/c969914e-d65d-488b-b7dd-b9be0c5944da has been successfully formatted.
2023-01-03 10:08:01,224 [pool-484-thread-1] INFO  ratis.ContainerStateMachine (ContainerStateMachine.java:loadSnapshot(240)) - group-B9BE0C5944DA: The snapshot info is null. Setting the last applied indexto:(t:0, i:~)
2023-01-03 10:08:01,224 [pool-484-thread-1] INFO  server.RaftServerConfigKeys (ConfUtils.java:logGet(46)) - raft.server.log.use.memory = false (default)
2023-01-03 10:08:01,224 [pool-484-thread-1] INFO  server.RaftServerConfigKeys (ConfUtils.java:logGet(46)) - raft.server.log.purge.gap = 1000000 (custom)
2023-01-03 10:08:01,224 [pool-484-thread-1] INFO  server.RaftServerConfigKeys (ConfUtils.java:logGet(46)) - raft.server.log.appender.buffer.byte-limit = 33554432 (custom)
2023-01-03 10:08:01,224 [pool-484-thread-1] INFO  server.RaftServerConfigKeys (ConfUtils.java:logGet(46)) - raft.server.log.statemachine.data.read.timeout = 1000ms (default)
2023-01-03 10:08:01,224 [pool-484-thread-1] INFO  server.RaftServerConfigKeys (ConfUtils.java:logGet(46)) - raft.server.log.purge.preservation.log.num = 0 (default)
2023-01-03 10:08:01,224 [pool-484-thread-1] INFO  server.RaftServerConfigKeys (ConfUtils.java:logGet(46)) - raft.server.log.segment.size.max = 1048576 (custom)
2023-01-03 10:08:01,224 [pool-484-thread-1] INFO  server.RaftServerConfigKeys (ConfUtils.java:logGet(46)) - raft.server.log.segment.cache.num.max = 2 (custom)
2023-01-03 10:08:01,224 [pool-484-thread-1] INFO  server.RaftServerConfigKeys (ConfUtils.java:logGet(46)) - raft.server.log.segment.cache.size.max = 200MB (=209715200) (default)
2023-01-03 10:08:01,224 [pool-484-thread-1] INFO  segmented.SegmentedRaftLogWorker (SegmentedRaftLogWorker.java:<init>(189)) - new c7e71a96-70a3-435a-a6b2-b0df4fa5b7cd@group-B9BE0C5944DA-SegmentedRaftLogWorker for RaftStorageImpl:Storage Directory /home/runner/work/ozone/ozone/hadoop-ozone/integration-test/target/test-dir/MiniOzoneClusterImpl-fa5f3e5f-d2ce-4aac-89a4-435e2b21547f/datanode-0/data/ratis/c969914e-d65d-488b-b7dd-b9be0c5944da
2023-01-03 10:08:01,224 [pool-484-thread-1] INFO  server.RaftServerConfigKeys (ConfUtils.java:logGet(46)) - raft.server.log.queue.byte-limit = 4294967296 (custom)
2023-01-03 10:08:01,224 [pool-484-thread-1] INFO  server.RaftServerConfigKeys (ConfUtils.java:logGet(46)) - raft.server.log.queue.element-limit = 1024 (custom)
2023-01-03 10:08:01,224 [pool-484-thread-1] INFO  server.RaftServerConfigKeys (ConfUtils.java:logGet(46)) - raft.server.log.segment.size.max = 1048576 (custom)
2023-01-03 10:08:01,224 [EventQueue-CommandQueueReportForCommandQueueReportHandler] WARN  events.EventQueue (EventQueue.java:fireEvent(216)) - No event handler registered for event TypedEvent{payloadType=DatanodeDetails, name='Datanode_Command_Queue_Updated'}
2023-01-03 10:08:01,225 [EventQueue-OpenPipelineForHealthyPipelineSafeModeRule] INFO  safemode.SCMSafeModeManager (HealthyPipelineSafeModeRule.java:process(137)) - SCM in safe mode. Healthy pipelines reported count is 0, required healthy pipeline reported count is 1
2023-01-03 10:08:01,224 [pool-484-thread-1] INFO  server.RaftServerConfigKeys (ConfUtils.java:logGet(46)) - raft.server.log.preallocated.size = 16384 (custom)
2023-01-03 10:08:01,225 [pool-484-thread-1] INFO  server.RaftServerConfigKeys (ConfUtils.java:logGet(46)) - raft.server.log.force.sync.num = 128 (default)
2023-01-03 10:08:01,225 [pool-484-thread-1] INFO  server.RaftServerConfigKeys (ConfUtils.java:logGet(46)) - raft.server.log.statemachine.data.sync = true (default)
2023-01-03 10:08:01,225 [pool-484-thread-1] INFO  server.RaftServerConfigKeys (ConfUtils.java:logGet(46)) - raft.server.log.statemachine.data.sync.timeout = 10s (default)
2023-01-03 10:08:01,225 [pool-484-thread-1] INFO  server.RaftServerConfigKeys (ConfUtils.java:logGet(46)) - raft.server.log.statemachine.data.sync.timeout.retry = -1 (default)
2023-01-03 10:08:01,226 [pool-484-thread-1] INFO  server.RaftServerConfigKeys (ConfUtils.java:logGet(46)) - raft.server.log.write.buffer.size = 1048576 (custom)
2023-01-03 10:08:01,226 [pool-484-thread-1] INFO  server.RaftServerConfigKeys (ConfUtils.java:logGet(46)) - raft.server.log.appender.buffer.byte-limit = 33554432 (custom)
2023-01-03 10:08:01,229 [pool-484-thread-1] INFO  server.RaftServerConfigKeys (ConfUtils.java:logGet(46)) - raft.server.log.unsafe-flush.enabled = false (default)
2023-01-03 10:08:01,229 [pool-484-thread-1] INFO  server.RaftServerConfigKeys (ConfUtils.java:logGet(46)) - raft.server.log.async-flush.enabled = false (default)
2023-01-03 10:08:01,229 [pool-484-thread-1] INFO  server.RaftServerConfigKeys (ConfUtils.java:logGet(46)) - raft.server.log.statemachine.data.caching.enabled = true (custom)
2023-01-03 10:08:01,230 [pool-484-thread-1] INFO  segmented.SegmentedRaftLogWorker (SegmentedRaftLogWorker.java:lambda$new$0(135)) - c7e71a96-70a3-435a-a6b2-b0df4fa5b7cd@group-B9BE0C5944DA-SegmentedRaftLogWorker: flushIndex: setUnconditionally 0 -> -1
2023-01-03 10:08:01,230 [pool-484-thread-1] INFO  segmented.SegmentedRaftLogWorker (SegmentedRaftLogWorker.java:lambda$new$0(135)) - c7e71a96-70a3-435a-a6b2-b0df4fa5b7cd@group-B9BE0C5944DA-SegmentedRaftLogWorker: safeCacheEvictIndex: setUnconditionally 0 -> -1
2023-01-03 10:08:01,232 [pool-484-thread-1] INFO  server.RaftServer$Division (RaftServerImpl.java:start(334)) - c7e71a96-70a3-435a-a6b2-b0df4fa5b7cd@group-B9BE0C5944DA: start as a follower, conf=-1: peers:[c7e71a96-70a3-435a-a6b2-b0df4fa5b7cd|rpc:10.1.0.13:35743|dataStream:10.1.0.13:37175|priority:0|startupRole:FOLLOWER, ceb62289-e61f-4ee7-8769-746790ce93a5|rpc:10.1.0.13:39919|dataStream:10.1.0.13:34319|priority:0|startupRole:FOLLOWER, 6197d2f5-af8d-4e13-93f4-b3dc0462d19d|rpc:10.1.0.13:44689|dataStream:10.1.0.13:34149|priority:1|startupRole:FOLLOWER]|listeners:[], old=null
2023-01-03 10:08:01,232 [pool-484-thread-1] INFO  server.RaftServer$Division (RaftServerImpl.java:setRole(321)) - c7e71a96-70a3-435a-a6b2-b0df4fa5b7cd@group-B9BE0C5944DA: changes role from      null to FOLLOWER at term 0 for startAsFollower
2023-01-03 10:08:01,232 [pool-484-thread-1] INFO  impl.RoleInfo (RoleInfo.java:updateAndGet(139)) - c7e71a96-70a3-435a-a6b2-b0df4fa5b7cd: start c7e71a96-70a3-435a-a6b2-b0df4fa5b7cd@group-B9BE0C5944DA-FollowerState
2023-01-03 10:08:01,233 [pool-484-thread-1] INFO  util.JmxRegister (JmxRegister.java:tryRegister(44)) - Successfully registered JMX Bean with object name Ratis:service=RaftServer,group=group-B9BE0C5944DA,id=c7e71a96-70a3-435a-a6b2-b0df4fa5b7cd
2023-01-03 10:08:01,233 [pool-484-thread-1] INFO  server.RaftServerConfigKeys (ConfUtils.java:logGet(46)) - raft.server.snapshot.auto.trigger.enabled = true (custom)
2023-01-03 10:08:01,233 [pool-484-thread-1] INFO  server.RaftServerConfigKeys (ConfUtils.java:logGet(46)) - raft.server.snapshot.auto.trigger.threshold = 10000 (custom)
2023-01-03 10:08:01,233 [pool-484-thread-1] INFO  server.RaftServerConfigKeys (ConfUtils.java:logGet(46)) - raft.server.snapshot.retention.file.num = 5 (custom)
2023-01-03 10:08:01,233 [pool-484-thread-1] INFO  server.RaftServerConfigKeys (ConfUtils.java:logGet(46)) - raft.server.log.purge.upto.snapshot.index = false (default)
2023-01-03 10:08:01,233 [c7e71a96-70a3-435a-a6b2-b0df4fa5b7cd@group-B9BE0C5944DA-FollowerState] INFO  server.RaftServerConfigKeys (ConfUtils.java:logFallback(53)) - raft.server.rpc.first-election.timeout.min = 5s (fallback to raft.server.rpc.timeout.min)
2023-01-03 10:08:01,233 [c7e71a96-70a3-435a-a6b2-b0df4fa5b7cd@group-B9BE0C5944DA-FollowerState] INFO  server.RaftServerConfigKeys (ConfUtils.java:logFallback(53)) - raft.server.rpc.first-election.timeout.max = 5200ms (fallback to raft.server.rpc.timeout.max)
2023-01-03 10:08:01,233 [Command processor thread] INFO  ratis.XceiverServerRatis (XceiverServerRatis.java:addGroup(806)) - Created group PipelineID=c969914e-d65d-488b-b7dd-b9be0c5944da
2023-01-03 10:08:01,242 [grpc-default-executor-13] INFO  server.RaftServer (RaftServerProxy.java:addNew(96)) - 6197d2f5-af8d-4e13-93f4-b3dc0462d19d: addNew group-B9BE0C5944DA:[c7e71a96-70a3-435a-a6b2-b0df4fa5b7cd|rpc:10.1.0.13:35743|dataStream:10.1.0.13:37175|priority:0|startupRole:FOLLOWER, ceb62289-e61f-4ee7-8769-746790ce93a5|rpc:10.1.0.13:39919|dataStream:10.1.0.13:34319|priority:0|startupRole:FOLLOWER, 6197d2f5-af8d-4e13-93f4-b3dc0462d19d|rpc:10.1.0.13:44689|dataStream:10.1.0.13:34149|priority:1|startupRole:FOLLOWER] returns group-B9BE0C5944DA:java.util.concurrent.CompletableFuture@6834628d[Not completed]
2023-01-03 10:08:01,243 [pool-507-thread-1] INFO  server.RaftServer$Division (RaftServerImpl.java:<init>(195)) - 6197d2f5-af8d-4e13-93f4-b3dc0462d19d: new RaftServerImpl for group-B9BE0C5944DA:[c7e71a96-70a3-435a-a6b2-b0df4fa5b7cd|rpc:10.1.0.13:35743|dataStream:10.1.0.13:37175|priority:0|startupRole:FOLLOWER, ceb62289-e61f-4ee7-8769-746790ce93a5|rpc:10.1.0.13:39919|dataStream:10.1.0.13:34319|priority:0|startupRole:FOLLOWER, 6197d2f5-af8d-4e13-93f4-b3dc0462d19d|rpc:10.1.0.13:44689|dataStream:10.1.0.13:34149|priority:1|startupRole:FOLLOWER] with ContainerStateMachine:uninitialized
2023-01-03 10:08:01,243 [pool-507-thread-1] INFO  server.RaftServerConfigKeys (ConfUtils.java:logGet(46)) - raft.server.rpc.timeout.min = 5s (custom)
2023-01-03 10:08:01,243 [pool-507-thread-1] INFO  server.RaftServerConfigKeys (ConfUtils.java:logGet(46)) - raft.server.rpc.timeout.max = 5200ms (custom)
2023-01-03 10:08:01,243 [pool-507-thread-1] INFO  server.RaftServerConfigKeys (ConfUtils.java:logGet(46)) - raft.server.rpc.sleep.time = 25ms (default)
2023-01-03 10:08:01,243 [pool-507-thread-1] INFO  server.RaftServerConfigKeys (ConfUtils.java:logGet(46)) - raft.server.rpc.slowness.timeout = 300s (custom)
2023-01-03 10:08:01,243 [pool-507-thread-1] INFO  server.RaftServerConfigKeys (ConfUtils.java:logGet(46)) - raft.server.leaderelection.leader.step-down.wait-time = 10s (default)
2023-01-03 10:08:01,243 [pool-507-thread-1] INFO  server.RaftServerConfigKeys (ConfUtils.java:logGet(46)) - raft.server.sleep.deviation.threshold = 300ms (default)
2023-01-03 10:08:01,243 [pool-507-thread-1] INFO  server.RaftServer$Division (ServerState.java:<init>(118)) - 6197d2f5-af8d-4e13-93f4-b3dc0462d19d@group-B9BE0C5944DA: ConfigurationManager, init=-1: peers:[c7e71a96-70a3-435a-a6b2-b0df4fa5b7cd|rpc:10.1.0.13:35743|dataStream:10.1.0.13:37175|priority:0|startupRole:FOLLOWER, ceb62289-e61f-4ee7-8769-746790ce93a5|rpc:10.1.0.13:39919|dataStream:10.1.0.13:34319|priority:0|startupRole:FOLLOWER, 6197d2f5-af8d-4e13-93f4-b3dc0462d19d|rpc:10.1.0.13:44689|dataStream:10.1.0.13:34149|priority:1|startupRole:FOLLOWER]|listeners:[], old=null, confs=<EMPTY_MAP>
2023-01-03 10:08:01,243 [pool-507-thread-1] INFO  server.RaftServerConfigKeys (ConfUtils.java:logGet(46)) - raft.server.storage.dir = [/home/runner/work/ozone/ozone/hadoop-ozone/integration-test/target/test-dir/MiniOzoneClusterImpl-fa5f3e5f-d2ce-4aac-89a4-435e2b21547f/datanode-1/data/ratis] (custom)
2023-01-03 10:08:01,244 [pool-507-thread-1] INFO  server.RaftServerConfigKeys (ConfUtils.java:logGet(46)) - raft.server.log.corruption.policy = EXCEPTION (default)
2023-01-03 10:08:01,244 [pool-507-thread-1] INFO  server.RaftServerConfigKeys (ConfUtils.java:logGet(46)) - raft.server.storage.free-space.min = 0MB (=0) (default)
2023-01-03 10:08:01,244 [pool-507-thread-1] INFO  server.RaftServerConfigKeys (ConfUtils.java:logGet(46)) - raft.server.notification.no-leader.timeout = 300s (custom)
2023-01-03 10:08:01,244 [pool-507-thread-1] INFO  server.RaftServerConfigKeys (ConfUtils.java:logGet(46)) - raft.server.retrycache.expirytime = 600000ms (custom)
2023-01-03 10:08:01,244 [pool-507-thread-1] INFO  server.RaftServerConfigKeys (ConfUtils.java:logGet(46)) - raft.server.retrycache.statistics.expirytime = 100μs (default)
2023-01-03 10:08:01,244 [pool-507-thread-1] INFO  server.RaftServerConfigKeys (ConfUtils.java:logGet(46)) - raft.server.log.appender.install.snapshot.enabled = false (custom)
2023-01-03 10:08:01,244 [pool-507-thread-1] INFO  server.RaftServerConfigKeys (ConfUtils.java:logGet(46)) - raft.server.threadpool.server.cached = true (default)
2023-01-03 10:08:01,244 [pool-507-thread-1] INFO  server.RaftServerConfigKeys (ConfUtils.java:logGet(46)) - raft.server.threadpool.server.size = 0 (default)
2023-01-03 10:08:01,244 [pool-507-thread-1] INFO  server.RaftServerConfigKeys (ConfUtils.java:logGet(46)) - raft.server.threadpool.client.cached = true (default)
2023-01-03 10:08:01,244 [pool-507-thread-1] INFO  server.RaftServerConfigKeys (ConfUtils.java:logGet(46)) - raft.server.threadpool.client.size = 0 (default)
2023-01-03 10:08:01,245 [pool-507-thread-1] INFO  storage.RaftStorageDirectory (RaftStorageDirectoryImpl.java:analyzeStorage(137)) - The storage directory /home/runner/work/ozone/ozone/hadoop-ozone/integration-test/target/test-dir/MiniOzoneClusterImpl-fa5f3e5f-d2ce-4aac-89a4-435e2b21547f/datanode-1/data/ratis/c969914e-d65d-488b-b7dd-b9be0c5944da does not exist. Creating ...
2023-01-03 10:08:01,245 [pool-507-thread-1] INFO  storage.RaftStorageDirectory (RaftStorageDirectoryImpl.java:tryLock(231)) - Lock on /home/runner/work/ozone/ozone/hadoop-ozone/integration-test/target/test-dir/MiniOzoneClusterImpl-fa5f3e5f-d2ce-4aac-89a4-435e2b21547f/datanode-1/data/ratis/c969914e-d65d-488b-b7dd-b9be0c5944da/in_use.lock acquired by nodename 9440@fv-az292-374
2023-01-03 10:08:01,246 [pool-507-thread-1] INFO  storage.RaftStorage (RaftStorageImpl.java:format(96)) - Storage directory /home/runner/work/ozone/ozone/hadoop-ozone/integration-test/target/test-dir/MiniOzoneClusterImpl-fa5f3e5f-d2ce-4aac-89a4-435e2b21547f/datanode-1/data/ratis/c969914e-d65d-488b-b7dd-b9be0c5944da has been successfully formatted.
2023-01-03 10:08:01,247 [pool-507-thread-1] INFO  ratis.ContainerStateMachine (ContainerStateMachine.java:loadSnapshot(240)) - group-B9BE0C5944DA: The snapshot info is null. Setting the last applied indexto:(t:0, i:~)
2023-01-03 10:08:01,247 [pool-507-thread-1] INFO  server.RaftServerConfigKeys (ConfUtils.java:logGet(46)) - raft.server.log.use.memory = false (default)
2023-01-03 10:08:01,247 [pool-507-thread-1] INFO  server.RaftServerConfigKeys (ConfUtils.java:logGet(46)) - raft.server.log.purge.gap = 1000000 (custom)
2023-01-03 10:08:01,247 [pool-507-thread-1] INFO  server.RaftServerConfigKeys (ConfUtils.java:logGet(46)) - raft.server.log.appender.buffer.byte-limit = 33554432 (custom)
2023-01-03 10:08:01,247 [pool-507-thread-1] INFO  server.RaftServerConfigKeys (ConfUtils.java:logGet(46)) - raft.server.log.statemachine.data.read.timeout = 1000ms (default)
2023-01-03 10:08:01,247 [pool-507-thread-1] INFO  server.RaftServerConfigKeys (ConfUtils.java:logGet(46)) - raft.server.log.purge.preservation.log.num = 0 (default)
2023-01-03 10:08:01,247 [EventQueue-CommandQueueReportForCommandQueueReportHandler] WARN  events.EventQueue (EventQueue.java:fireEvent(216)) - No event handler registered for event TypedEvent{payloadType=DatanodeDetails, name='Datanode_Command_Queue_Updated'}
2023-01-03 10:08:01,248 [pool-507-thread-1] INFO  server.RaftServerConfigKeys (ConfUtils.java:logGet(46)) - raft.server.log.segment.size.max = 1048576 (custom)
2023-01-03 10:08:01,248 [pool-507-thread-1] INFO  server.RaftServerConfigKeys (ConfUtils.java:logGet(46)) - raft.server.log.segment.cache.num.max = 2 (custom)
2023-01-03 10:08:01,248 [pool-507-thread-1] INFO  server.RaftServerConfigKeys (ConfUtils.java:logGet(46)) - raft.server.log.segment.cache.size.max = 200MB (=209715200) (default)
2023-01-03 10:08:01,250 [pool-507-thread-1] INFO  segmented.SegmentedRaftLogWorker (SegmentedRaftLogWorker.java:<init>(189)) - new 6197d2f5-af8d-4e13-93f4-b3dc0462d19d@group-B9BE0C5944DA-SegmentedRaftLogWorker for RaftStorageImpl:Storage Directory /home/runner/work/ozone/ozone/hadoop-ozone/integration-test/target/test-dir/MiniOzoneClusterImpl-fa5f3e5f-d2ce-4aac-89a4-435e2b21547f/datanode-1/data/ratis/c969914e-d65d-488b-b7dd-b9be0c5944da
2023-01-03 10:08:01,250 [pool-507-thread-1] INFO  server.RaftServerConfigKeys (ConfUtils.java:logGet(46)) - raft.server.log.queue.byte-limit = 4294967296 (custom)
2023-01-03 10:08:01,250 [pool-507-thread-1] INFO  server.RaftServerConfigKeys (ConfUtils.java:logGet(46)) - raft.server.log.queue.element-limit = 1024 (custom)
2023-01-03 10:08:01,250 [pool-507-thread-1] INFO  server.RaftServerConfigKeys (ConfUtils.java:logGet(46)) - raft.server.log.segment.size.max = 1048576 (custom)
2023-01-03 10:08:01,250 [pool-507-thread-1] INFO  server.RaftServerConfigKeys (ConfUtils.java:logGet(46)) - raft.server.log.preallocated.size = 16384 (custom)
2023-01-03 10:08:01,250 [pool-507-thread-1] INFO  server.RaftServerConfigKeys (ConfUtils.java:logGet(46)) - raft.server.log.force.sync.num = 128 (default)
2023-01-03 10:08:01,250 [pool-507-thread-1] INFO  server.RaftServerConfigKeys (ConfUtils.java:logGet(46)) - raft.server.log.statemachine.data.sync = true (default)
2023-01-03 10:08:01,250 [pool-507-thread-1] INFO  server.RaftServerConfigKeys (ConfUtils.java:logGet(46)) - raft.server.log.statemachine.data.sync.timeout = 10s (default)
2023-01-03 10:08:01,250 [pool-507-thread-1] INFO  server.RaftServerConfigKeys (ConfUtils.java:logGet(46)) - raft.server.log.statemachine.data.sync.timeout.retry = -1 (default)
2023-01-03 10:08:01,251 [pool-507-thread-1] INFO  server.RaftServerConfigKeys (ConfUtils.java:logGet(46)) - raft.server.log.write.buffer.size = 1048576 (custom)
2023-01-03 10:08:01,252 [pool-507-thread-1] INFO  server.RaftServerConfigKeys (ConfUtils.java:logGet(46)) - raft.server.log.appender.buffer.byte-limit = 33554432 (custom)
2023-01-03 10:08:01,255 [pool-507-thread-1] INFO  server.RaftServerConfigKeys (ConfUtils.java:logGet(46)) - raft.server.log.unsafe-flush.enabled = false (default)
2023-01-03 10:08:01,255 [pool-507-thread-1] INFO  server.RaftServerConfigKeys (ConfUtils.java:logGet(46)) - raft.server.log.async-flush.enabled = false (default)
2023-01-03 10:08:01,255 [pool-507-thread-1] INFO  server.RaftServerConfigKeys (ConfUtils.java:logGet(46)) - raft.server.log.statemachine.data.caching.enabled = true (custom)
2023-01-03 10:08:01,255 [pool-507-thread-1] INFO  segmented.SegmentedRaftLogWorker (SegmentedRaftLogWorker.java:lambda$new$0(135)) - 6197d2f5-af8d-4e13-93f4-b3dc0462d19d@group-B9BE0C5944DA-SegmentedRaftLogWorker: flushIndex: setUnconditionally 0 -> -1
2023-01-03 10:08:01,256 [pool-507-thread-1] INFO  segmented.SegmentedRaftLogWorker (SegmentedRaftLogWorker.java:lambda$new$0(135)) - 6197d2f5-af8d-4e13-93f4-b3dc0462d19d@group-B9BE0C5944DA-SegmentedRaftLogWorker: safeCacheEvictIndex: setUnconditionally 0 -> -1
2023-01-03 10:08:01,256 [pool-507-thread-1] INFO  server.RaftServer$Division (RaftServerImpl.java:start(334)) - 6197d2f5-af8d-4e13-93f4-b3dc0462d19d@group-B9BE0C5944DA: start as a follower, conf=-1: peers:[c7e71a96-70a3-435a-a6b2-b0df4fa5b7cd|rpc:10.1.0.13:35743|dataStream:10.1.0.13:37175|priority:0|startupRole:FOLLOWER, ceb62289-e61f-4ee7-8769-746790ce93a5|rpc:10.1.0.13:39919|dataStream:10.1.0.13:34319|priority:0|startupRole:FOLLOWER, 6197d2f5-af8d-4e13-93f4-b3dc0462d19d|rpc:10.1.0.13:44689|dataStream:10.1.0.13:34149|priority:1|startupRole:FOLLOWER]|listeners:[], old=null
2023-01-03 10:08:01,256 [pool-507-thread-1] INFO  server.RaftServer$Division (RaftServerImpl.java:setRole(321)) - 6197d2f5-af8d-4e13-93f4-b3dc0462d19d@group-B9BE0C5944DA: changes role from      null to FOLLOWER at term 0 for startAsFollower
2023-01-03 10:08:01,256 [pool-507-thread-1] INFO  impl.RoleInfo (RoleInfo.java:updateAndGet(139)) - 6197d2f5-af8d-4e13-93f4-b3dc0462d19d: start 6197d2f5-af8d-4e13-93f4-b3dc0462d19d@group-B9BE0C5944DA-FollowerState
2023-01-03 10:08:01,256 [6197d2f5-af8d-4e13-93f4-b3dc0462d19d@group-B9BE0C5944DA-FollowerState] INFO  server.RaftServerConfigKeys (ConfUtils.java:logFallback(53)) - raft.server.rpc.first-election.timeout.min = 5s (fallback to raft.server.rpc.timeout.min)
2023-01-03 10:08:01,256 [6197d2f5-af8d-4e13-93f4-b3dc0462d19d@group-B9BE0C5944DA-FollowerState] INFO  server.RaftServerConfigKeys (ConfUtils.java:logFallback(53)) - raft.server.rpc.first-election.timeout.max = 5200ms (fallback to raft.server.rpc.timeout.max)
2023-01-03 10:08:01,256 [pool-507-thread-1] INFO  util.JmxRegister (JmxRegister.java:tryRegister(44)) - Successfully registered JMX Bean with object name Ratis:service=RaftServer,group=group-B9BE0C5944DA,id=6197d2f5-af8d-4e13-93f4-b3dc0462d19d
2023-01-03 10:08:01,256 [pool-507-thread-1] INFO  server.RaftServerConfigKeys (ConfUtils.java:logGet(46)) - raft.server.snapshot.auto.trigger.enabled = true (custom)
2023-01-03 10:08:01,256 [pool-507-thread-1] INFO  server.RaftServerConfigKeys (ConfUtils.java:logGet(46)) - raft.server.snapshot.auto.trigger.threshold = 10000 (custom)
2023-01-03 10:08:01,256 [pool-507-thread-1] INFO  server.RaftServerConfigKeys (ConfUtils.java:logGet(46)) - raft.server.snapshot.retention.file.num = 5 (custom)
2023-01-03 10:08:01,257 [pool-507-thread-1] INFO  server.RaftServerConfigKeys (ConfUtils.java:logGet(46)) - raft.server.log.purge.upto.snapshot.index = false (default)
2023-01-03 10:08:01,267 [grpc-default-executor-13] INFO  server.RaftServer (RaftServerProxy.java:addNew(96)) - ceb62289-e61f-4ee7-8769-746790ce93a5: addNew group-B9BE0C5944DA:[c7e71a96-70a3-435a-a6b2-b0df4fa5b7cd|rpc:10.1.0.13:35743|dataStream:10.1.0.13:37175|priority:0|startupRole:FOLLOWER, ceb62289-e61f-4ee7-8769-746790ce93a5|rpc:10.1.0.13:39919|dataStream:10.1.0.13:34319|priority:0|startupRole:FOLLOWER, 6197d2f5-af8d-4e13-93f4-b3dc0462d19d|rpc:10.1.0.13:44689|dataStream:10.1.0.13:34149|priority:1|startupRole:FOLLOWER] returns group-B9BE0C5944DA:java.util.concurrent.CompletableFuture@7131be37[Not completed]
2023-01-03 10:08:01,267 [pool-530-thread-1] INFO  server.RaftServer$Division (RaftServerImpl.java:<init>(195)) - ceb62289-e61f-4ee7-8769-746790ce93a5: new RaftServerImpl for group-B9BE0C5944DA:[c7e71a96-70a3-435a-a6b2-b0df4fa5b7cd|rpc:10.1.0.13:35743|dataStream:10.1.0.13:37175|priority:0|startupRole:FOLLOWER, ceb62289-e61f-4ee7-8769-746790ce93a5|rpc:10.1.0.13:39919|dataStream:10.1.0.13:34319|priority:0|startupRole:FOLLOWER, 6197d2f5-af8d-4e13-93f4-b3dc0462d19d|rpc:10.1.0.13:44689|dataStream:10.1.0.13:34149|priority:1|startupRole:FOLLOWER] with ContainerStateMachine:uninitialized
2023-01-03 10:08:01,268 [pool-530-thread-1] INFO  server.RaftServerConfigKeys (ConfUtils.java:logGet(46)) - raft.server.rpc.timeout.min = 5s (custom)
2023-01-03 10:08:01,268 [pool-530-thread-1] INFO  server.RaftServerConfigKeys (ConfUtils.java:logGet(46)) - raft.server.rpc.timeout.max = 5200ms (custom)
2023-01-03 10:08:01,268 [pool-530-thread-1] INFO  server.RaftServerConfigKeys (ConfUtils.java:logGet(46)) - raft.server.rpc.sleep.time = 25ms (default)
2023-01-03 10:08:01,268 [pool-530-thread-1] INFO  server.RaftServerConfigKeys (ConfUtils.java:logGet(46)) - raft.server.rpc.slowness.timeout = 300s (custom)
2023-01-03 10:08:01,268 [pool-530-thread-1] INFO  server.RaftServerConfigKeys (ConfUtils.java:logGet(46)) - raft.server.leaderelection.leader.step-down.wait-time = 10s (default)
2023-01-03 10:08:01,268 [pool-530-thread-1] INFO  server.RaftServerConfigKeys (ConfUtils.java:logGet(46)) - raft.server.sleep.deviation.threshold = 300ms (default)
2023-01-03 10:08:01,268 [pool-530-thread-1] INFO  server.RaftServer$Division (ServerState.java:<init>(118)) - ceb62289-e61f-4ee7-8769-746790ce93a5@group-B9BE0C5944DA: ConfigurationManager, init=-1: peers:[c7e71a96-70a3-435a-a6b2-b0df4fa5b7cd|rpc:10.1.0.13:35743|dataStream:10.1.0.13:37175|priority:0|startupRole:FOLLOWER, ceb62289-e61f-4ee7-8769-746790ce93a5|rpc:10.1.0.13:39919|dataStream:10.1.0.13:34319|priority:0|startupRole:FOLLOWER, 6197d2f5-af8d-4e13-93f4-b3dc0462d19d|rpc:10.1.0.13:44689|dataStream:10.1.0.13:34149|priority:1|startupRole:FOLLOWER]|listeners:[], old=null, confs=<EMPTY_MAP>
2023-01-03 10:08:01,268 [pool-530-thread-1] INFO  server.RaftServerConfigKeys (ConfUtils.java:logGet(46)) - raft.server.storage.dir = [/home/runner/work/ozone/ozone/hadoop-ozone/integration-test/target/test-dir/MiniOzoneClusterImpl-fa5f3e5f-d2ce-4aac-89a4-435e2b21547f/datanode-2/data/ratis] (custom)
2023-01-03 10:08:01,268 [pool-530-thread-1] INFO  server.RaftServerConfigKeys (ConfUtils.java:logGet(46)) - raft.server.log.corruption.policy = EXCEPTION (default)
2023-01-03 10:08:01,268 [pool-530-thread-1] INFO  server.RaftServerConfigKeys (ConfUtils.java:logGet(46)) - raft.server.storage.free-space.min = 0MB (=0) (default)
2023-01-03 10:08:01,268 [pool-530-thread-1] INFO  server.RaftServerConfigKeys (ConfUtils.java:logGet(46)) - raft.server.notification.no-leader.timeout = 300s (custom)
2023-01-03 10:08:01,268 [pool-530-thread-1] INFO  server.RaftServerConfigKeys (ConfUtils.java:logGet(46)) - raft.server.retrycache.expirytime = 600000ms (custom)
2023-01-03 10:08:01,268 [pool-530-thread-1] INFO  server.RaftServerConfigKeys (ConfUtils.java:logGet(46)) - raft.server.retrycache.statistics.expirytime = 100μs (default)
2023-01-03 10:08:01,269 [pool-530-thread-1] INFO  server.RaftServerConfigKeys (ConfUtils.java:logGet(46)) - raft.server.log.appender.install.snapshot.enabled = false (custom)
2023-01-03 10:08:01,269 [pool-530-thread-1] INFO  server.RaftServerConfigKeys (ConfUtils.java:logGet(46)) - raft.server.threadpool.server.cached = true (default)
2023-01-03 10:08:01,269 [pool-530-thread-1] INFO  server.RaftServerConfigKeys (ConfUtils.java:logGet(46)) - raft.server.threadpool.server.size = 0 (default)
2023-01-03 10:08:01,269 [pool-530-thread-1] INFO  server.RaftServerConfigKeys (ConfUtils.java:logGet(46)) - raft.server.threadpool.client.cached = true (default)
2023-01-03 10:08:01,269 [pool-530-thread-1] INFO  server.RaftServerConfigKeys (ConfUtils.java:logGet(46)) - raft.server.threadpool.client.size = 0 (default)
2023-01-03 10:08:01,269 [pool-530-thread-1] INFO  storage.RaftStorageDirectory (RaftStorageDirectoryImpl.java:analyzeStorage(137)) - The storage directory /home/runner/work/ozone/ozone/hadoop-ozone/integration-test/target/test-dir/MiniOzoneClusterImpl-fa5f3e5f-d2ce-4aac-89a4-435e2b21547f/datanode-2/data/ratis/c969914e-d65d-488b-b7dd-b9be0c5944da does not exist. Creating ...
2023-01-03 10:08:01,270 [pool-530-thread-1] INFO  storage.RaftStorageDirectory (RaftStorageDirectoryImpl.java:tryLock(231)) - Lock on /home/runner/work/ozone/ozone/hadoop-ozone/integration-test/target/test-dir/MiniOzoneClusterImpl-fa5f3e5f-d2ce-4aac-89a4-435e2b21547f/datanode-2/data/ratis/c969914e-d65d-488b-b7dd-b9be0c5944da/in_use.lock acquired by nodename 9440@fv-az292-374
2023-01-03 10:08:01,271 [pool-530-thread-1] INFO  storage.RaftStorage (RaftStorageImpl.java:format(96)) - Storage directory /home/runner/work/ozone/ozone/hadoop-ozone/integration-test/target/test-dir/MiniOzoneClusterImpl-fa5f3e5f-d2ce-4aac-89a4-435e2b21547f/datanode-2/data/ratis/c969914e-d65d-488b-b7dd-b9be0c5944da has been successfully formatted.
2023-01-03 10:08:01,272 [EventQueue-CommandQueueReportForCommandQueueReportHandler] WARN  events.EventQueue (EventQueue.java:fireEvent(216)) - No event handler registered for event TypedEvent{payloadType=DatanodeDetails, name='Datanode_Command_Queue_Updated'}
2023-01-03 10:08:01,272 [pool-530-thread-1] INFO  ratis.ContainerStateMachine (ContainerStateMachine.java:loadSnapshot(240)) - group-B9BE0C5944DA: The snapshot info is null. Setting the last applied indexto:(t:0, i:~)
2023-01-03 10:08:01,272 [pool-530-thread-1] INFO  server.RaftServerConfigKeys (ConfUtils.java:logGet(46)) - raft.server.log.use.memory = false (default)
2023-01-03 10:08:01,272 [pool-530-thread-1] INFO  server.RaftServerConfigKeys (ConfUtils.java:logGet(46)) - raft.server.log.purge.gap = 1000000 (custom)
2023-01-03 10:08:01,272 [pool-530-thread-1] INFO  server.RaftServerConfigKeys (ConfUtils.java:logGet(46)) - raft.server.log.appender.buffer.byte-limit = 33554432 (custom)
2023-01-03 10:08:01,272 [pool-530-thread-1] INFO  server.RaftServerConfigKeys (ConfUtils.java:logGet(46)) - raft.server.log.statemachine.data.read.timeout = 1000ms (default)
2023-01-03 10:08:01,272 [pool-530-thread-1] INFO  server.RaftServerConfigKeys (ConfUtils.java:logGet(46)) - raft.server.log.purge.preservation.log.num = 0 (default)
2023-01-03 10:08:01,273 [pool-530-thread-1] INFO  server.RaftServerConfigKeys (ConfUtils.java:logGet(46)) - raft.server.log.segment.size.max = 1048576 (custom)
2023-01-03 10:08:01,273 [pool-530-thread-1] INFO  server.RaftServerConfigKeys (ConfUtils.java:logGet(46)) - raft.server.log.segment.cache.num.max = 2 (custom)
2023-01-03 10:08:01,273 [pool-530-thread-1] INFO  server.RaftServerConfigKeys (ConfUtils.java:logGet(46)) - raft.server.log.segment.cache.size.max = 200MB (=209715200) (default)
2023-01-03 10:08:01,273 [pool-530-thread-1] INFO  segmented.SegmentedRaftLogWorker (SegmentedRaftLogWorker.java:<init>(189)) - new ceb62289-e61f-4ee7-8769-746790ce93a5@group-B9BE0C5944DA-SegmentedRaftLogWorker for RaftStorageImpl:Storage Directory /home/runner/work/ozone/ozone/hadoop-ozone/integration-test/target/test-dir/MiniOzoneClusterImpl-fa5f3e5f-d2ce-4aac-89a4-435e2b21547f/datanode-2/data/ratis/c969914e-d65d-488b-b7dd-b9be0c5944da
2023-01-03 10:08:01,273 [pool-530-thread-1] INFO  server.RaftServerConfigKeys (ConfUtils.java:logGet(46)) - raft.server.log.queue.byte-limit = 4294967296 (custom)
2023-01-03 10:08:01,273 [pool-530-thread-1] INFO  server.RaftServerConfigKeys (ConfUtils.java:logGet(46)) - raft.server.log.queue.element-limit = 1024 (custom)
2023-01-03 10:08:01,273 [pool-530-thread-1] INFO  server.RaftServerConfigKeys (ConfUtils.java:logGet(46)) - raft.server.log.segment.size.max = 1048576 (custom)
2023-01-03 10:08:01,273 [pool-530-thread-1] INFO  server.RaftServerConfigKeys (ConfUtils.java:logGet(46)) - raft.server.log.preallocated.size = 16384 (custom)
2023-01-03 10:08:01,273 [pool-530-thread-1] INFO  server.RaftServerConfigKeys (ConfUtils.java:logGet(46)) - raft.server.log.force.sync.num = 128 (default)
2023-01-03 10:08:01,273 [pool-530-thread-1] INFO  server.RaftServerConfigKeys (ConfUtils.java:logGet(46)) - raft.server.log.statemachine.data.sync = true (default)
2023-01-03 10:08:01,273 [pool-530-thread-1] INFO  server.RaftServerConfigKeys (ConfUtils.java:logGet(46)) - raft.server.log.statemachine.data.sync.timeout = 10s (default)
2023-01-03 10:08:01,273 [pool-530-thread-1] INFO  server.RaftServerConfigKeys (ConfUtils.java:logGet(46)) - raft.server.log.statemachine.data.sync.timeout.retry = -1 (default)
2023-01-03 10:08:01,274 [pool-530-thread-1] INFO  server.RaftServerConfigKeys (ConfUtils.java:logGet(46)) - raft.server.log.write.buffer.size = 1048576 (custom)
2023-01-03 10:08:01,274 [pool-530-thread-1] INFO  server.RaftServerConfigKeys (ConfUtils.java:logGet(46)) - raft.server.log.appender.buffer.byte-limit = 33554432 (custom)
2023-01-03 10:08:01,277 [pool-530-thread-1] INFO  server.RaftServerConfigKeys (ConfUtils.java:logGet(46)) - raft.server.log.unsafe-flush.enabled = false (default)
2023-01-03 10:08:01,277 [pool-530-thread-1] INFO  server.RaftServerConfigKeys (ConfUtils.java:logGet(46)) - raft.server.log.async-flush.enabled = false (default)
2023-01-03 10:08:01,277 [pool-530-thread-1] INFO  server.RaftServerConfigKeys (ConfUtils.java:logGet(46)) - raft.server.log.statemachine.data.caching.enabled = true (custom)
2023-01-03 10:08:01,277 [pool-530-thread-1] INFO  segmented.SegmentedRaftLogWorker (SegmentedRaftLogWorker.java:lambda$new$0(135)) - ceb62289-e61f-4ee7-8769-746790ce93a5@group-B9BE0C5944DA-SegmentedRaftLogWorker: flushIndex: setUnconditionally 0 -> -1
2023-01-03 10:08:01,277 [pool-530-thread-1] INFO  segmented.SegmentedRaftLogWorker (SegmentedRaftLogWorker.java:lambda$new$0(135)) - ceb62289-e61f-4ee7-8769-746790ce93a5@group-B9BE0C5944DA-SegmentedRaftLogWorker: safeCacheEvictIndex: setUnconditionally 0 -> -1
2023-01-03 10:08:01,277 [pool-530-thread-1] INFO  server.RaftServer$Division (RaftServerImpl.java:start(334)) - ceb62289-e61f-4ee7-8769-746790ce93a5@group-B9BE0C5944DA: start as a follower, conf=-1: peers:[c7e71a96-70a3-435a-a6b2-b0df4fa5b7cd|rpc:10.1.0.13:35743|dataStream:10.1.0.13:37175|priority:0|startupRole:FOLLOWER, ceb62289-e61f-4ee7-8769-746790ce93a5|rpc:10.1.0.13:39919|dataStream:10.1.0.13:34319|priority:0|startupRole:FOLLOWER, 6197d2f5-af8d-4e13-93f4-b3dc0462d19d|rpc:10.1.0.13:44689|dataStream:10.1.0.13:34149|priority:1|startupRole:FOLLOWER]|listeners:[], old=null
2023-01-03 10:08:01,277 [pool-530-thread-1] INFO  server.RaftServer$Division (RaftServerImpl.java:setRole(321)) - ceb62289-e61f-4ee7-8769-746790ce93a5@group-B9BE0C5944DA: changes role from      null to FOLLOWER at term 0 for startAsFollower
2023-01-03 10:08:01,277 [pool-530-thread-1] INFO  impl.RoleInfo (RoleInfo.java:updateAndGet(139)) - ceb62289-e61f-4ee7-8769-746790ce93a5: start ceb62289-e61f-4ee7-8769-746790ce93a5@group-B9BE0C5944DA-FollowerState
2023-01-03 10:08:01,277 [pool-530-thread-1] INFO  util.JmxRegister (JmxRegister.java:tryRegister(44)) - Successfully registered JMX Bean with object name Ratis:service=RaftServer,group=group-B9BE0C5944DA,id=ceb62289-e61f-4ee7-8769-746790ce93a5
2023-01-03 10:08:01,277 [ceb62289-e61f-4ee7-8769-746790ce93a5@group-B9BE0C5944DA-FollowerState] INFO  server.RaftServerConfigKeys (ConfUtils.java:logFallback(53)) - raft.server.rpc.first-election.timeout.min = 5s (fallback to raft.server.rpc.timeout.min)
2023-01-03 10:08:01,277 [pool-530-thread-1] INFO  server.RaftServerConfigKeys (ConfUtils.java:logGet(46)) - raft.server.snapshot.auto.trigger.enabled = true (custom)
2023-01-03 10:08:01,277 [ceb62289-e61f-4ee7-8769-746790ce93a5@group-B9BE0C5944DA-FollowerState] INFO  server.RaftServerConfigKeys (ConfUtils.java:logFallback(53)) - raft.server.rpc.first-election.timeout.max = 5200ms (fallback to raft.server.rpc.timeout.max)
2023-01-03 10:08:01,277 [pool-530-thread-1] INFO  server.RaftServerConfigKeys (ConfUtils.java:logGet(46)) - raft.server.snapshot.auto.trigger.threshold = 10000 (custom)
2023-01-03 10:08:01,277 [pool-530-thread-1] INFO  server.RaftServerConfigKeys (ConfUtils.java:logGet(46)) - raft.server.snapshot.retention.file.num = 5 (custom)
2023-01-03 10:08:01,277 [pool-530-thread-1] INFO  server.RaftServerConfigKeys (ConfUtils.java:logGet(46)) - raft.server.log.purge.upto.snapshot.index = false (default)
2023-01-03 10:08:01,283 [Command processor thread] INFO  commandhandler.CreatePipelineCommandHandler (CreatePipelineCommandHandler.java:handle(113)) - Created Pipeline RATIS THREE PipelineID=c969914e-d65d-488b-b7dd-b9be0c5944da.
2023-01-03 10:08:01,308 [EventQueue-CommandQueueReportForCommandQueueReportHandler] WARN  events.EventQueue (EventQueue.java:fireEvent(216)) - No event handler registered for event TypedEvent{payloadType=DatanodeDetails, name='Datanode_Command_Queue_Updated'}
2023-01-03 10:08:01,308 [Listener at 127.0.0.1/46431] INFO  ozone.MiniOzoneClusterImpl (MiniOzoneClusterImpl.java:lambda$waitForClusterToBeReady$0(217)) - Nodes are ready. Got 5 of 5 DN Heartbeats.
2023-01-03 10:08:01,308 [Listener at 127.0.0.1/46431] INFO  ozone.MiniOzoneClusterImpl (MiniOzoneClusterImpl.java:lambda$waitForClusterToBeReady$0(220)) - Waiting for cluster to exit safe mode
2023-01-03 10:08:01,308 [Listener at 127.0.0.1/46431] INFO  ozone.MiniOzoneClusterImpl (MiniOzoneClusterImpl.java:lambda$waitForClusterToBeReady$0(222)) - SCM became leader
2023-01-03 10:08:01,383 [Command processor thread] INFO  server.RaftServer (RaftServerProxy.java:addNew(96)) - 6197d2f5-af8d-4e13-93f4-b3dc0462d19d: addNew group-68AA7DEFA024:[6197d2f5-af8d-4e13-93f4-b3dc0462d19d|rpc:10.1.0.13:44689|dataStream:10.1.0.13:34149|priority:1|startupRole:FOLLOWER] returns group-68AA7DEFA024:java.util.concurrent.CompletableFuture@674cd4fe[Not completed]
2023-01-03 10:08:01,384 [pool-507-thread-1] INFO  server.RaftServer$Division (RaftServerImpl.java:<init>(195)) - 6197d2f5-af8d-4e13-93f4-b3dc0462d19d: new RaftServerImpl for group-68AA7DEFA024:[6197d2f5-af8d-4e13-93f4-b3dc0462d19d|rpc:10.1.0.13:44689|dataStream:10.1.0.13:34149|priority:1|startupRole:FOLLOWER] with ContainerStateMachine:uninitialized
2023-01-03 10:08:01,384 [pool-507-thread-1] INFO  server.RaftServerConfigKeys (ConfUtils.java:logGet(46)) - raft.server.rpc.timeout.min = 5s (custom)
2023-01-03 10:08:01,384 [pool-507-thread-1] INFO  server.RaftServerConfigKeys (ConfUtils.java:logGet(46)) - raft.server.rpc.timeout.max = 5200ms (custom)
2023-01-03 10:08:01,384 [pool-507-thread-1] INFO  server.RaftServerConfigKeys (ConfUtils.java:logGet(46)) - raft.server.rpc.sleep.time = 25ms (default)
2023-01-03 10:08:01,384 [pool-507-thread-1] INFO  server.RaftServerConfigKeys (ConfUtils.java:logGet(46)) - raft.server.rpc.slowness.timeout = 300s (custom)
2023-01-03 10:08:01,384 [pool-507-thread-1] INFO  server.RaftServerConfigKeys (ConfUtils.java:logGet(46)) - raft.server.leaderelection.leader.step-down.wait-time = 10s (default)
2023-01-03 10:08:01,384 [pool-507-thread-1] INFO  server.RaftServerConfigKeys (ConfUtils.java:logGet(46)) - raft.server.sleep.deviation.threshold = 300ms (default)
2023-01-03 10:08:01,384 [pool-507-thread-1] INFO  server.RaftServer$Division (ServerState.java:<init>(118)) - 6197d2f5-af8d-4e13-93f4-b3dc0462d19d@group-68AA7DEFA024: ConfigurationManager, init=-1: peers:[6197d2f5-af8d-4e13-93f4-b3dc0462d19d|rpc:10.1.0.13:44689|dataStream:10.1.0.13:34149|priority:1|startupRole:FOLLOWER]|listeners:[], old=null, confs=<EMPTY_MAP>
2023-01-03 10:08:01,384 [pool-507-thread-1] INFO  server.RaftServerConfigKeys (ConfUtils.java:logGet(46)) - raft.server.storage.dir = [/home/runner/work/ozone/ozone/hadoop-ozone/integration-test/target/test-dir/MiniOzoneClusterImpl-fa5f3e5f-d2ce-4aac-89a4-435e2b21547f/datanode-1/data/ratis] (custom)
2023-01-03 10:08:01,384 [pool-507-thread-1] INFO  server.RaftServerConfigKeys (ConfUtils.java:logGet(46)) - raft.server.log.corruption.policy = EXCEPTION (default)
2023-01-03 10:08:01,384 [pool-507-thread-1] INFO  server.RaftServerConfigKeys (ConfUtils.java:logGet(46)) - raft.server.storage.free-space.min = 0MB (=0) (default)
2023-01-03 10:08:01,384 [pool-507-thread-1] INFO  server.RaftServerConfigKeys (ConfUtils.java:logGet(46)) - raft.server.notification.no-leader.timeout = 300s (custom)
2023-01-03 10:08:01,384 [pool-507-thread-1] INFO  server.RaftServerConfigKeys (ConfUtils.java:logGet(46)) - raft.server.retrycache.expirytime = 600000ms (custom)
2023-01-03 10:08:01,384 [pool-507-thread-1] INFO  server.RaftServerConfigKeys (ConfUtils.java:logGet(46)) - raft.server.retrycache.statistics.expirytime = 100μs (default)
2023-01-03 10:08:01,385 [pool-507-thread-1] INFO  server.RaftServerConfigKeys (ConfUtils.java:logGet(46)) - raft.server.log.appender.install.snapshot.enabled = false (custom)
2023-01-03 10:08:01,385 [pool-507-thread-1] INFO  server.RaftServerConfigKeys (ConfUtils.java:logGet(46)) - raft.server.threadpool.server.cached = true (default)
2023-01-03 10:08:01,385 [pool-507-thread-1] INFO  server.RaftServerConfigKeys (ConfUtils.java:logGet(46)) - raft.server.threadpool.server.size = 0 (default)
2023-01-03 10:08:01,385 [pool-507-thread-1] INFO  server.RaftServerConfigKeys (ConfUtils.java:logGet(46)) - raft.server.threadpool.client.cached = true (default)
2023-01-03 10:08:01,385 [pool-507-thread-1] INFO  server.RaftServerConfigKeys (ConfUtils.java:logGet(46)) - raft.server.threadpool.client.size = 0 (default)
2023-01-03 10:08:01,385 [pool-507-thread-1] INFO  storage.RaftStorageDirectory (RaftStorageDirectoryImpl.java:analyzeStorage(137)) - The storage directory /home/runner/work/ozone/ozone/hadoop-ozone/integration-test/target/test-dir/MiniOzoneClusterImpl-fa5f3e5f-d2ce-4aac-89a4-435e2b21547f/datanode-1/data/ratis/2f23c0fa-30b8-4b0e-9b7f-68aa7defa024 does not exist. Creating ...
2023-01-03 10:08:01,386 [pool-507-thread-1] INFO  storage.RaftStorageDirectory (RaftStorageDirectoryImpl.java:tryLock(231)) - Lock on /home/runner/work/ozone/ozone/hadoop-ozone/integration-test/target/test-dir/MiniOzoneClusterImpl-fa5f3e5f-d2ce-4aac-89a4-435e2b21547f/datanode-1/data/ratis/2f23c0fa-30b8-4b0e-9b7f-68aa7defa024/in_use.lock acquired by nodename 9440@fv-az292-374
2023-01-03 10:08:01,387 [pool-507-thread-1] INFO  storage.RaftStorage (RaftStorageImpl.java:format(96)) - Storage directory /home/runner/work/ozone/ozone/hadoop-ozone/integration-test/target/test-dir/MiniOzoneClusterImpl-fa5f3e5f-d2ce-4aac-89a4-435e2b21547f/datanode-1/data/ratis/2f23c0fa-30b8-4b0e-9b7f-68aa7defa024 has been successfully formatted.
2023-01-03 10:08:01,387 [pool-507-thread-1] INFO  ratis.ContainerStateMachine (ContainerStateMachine.java:loadSnapshot(240)) - group-68AA7DEFA024: The snapshot info is null. Setting the last applied indexto:(t:0, i:~)
2023-01-03 10:08:01,388 [EventQueue-CommandQueueReportForCommandQueueReportHandler] WARN  events.EventQueue (EventQueue.java:fireEvent(216)) - No event handler registered for event TypedEvent{payloadType=DatanodeDetails, name='Datanode_Command_Queue_Updated'}
2023-01-03 10:08:01,388 [pool-507-thread-1] INFO  server.RaftServerConfigKeys (ConfUtils.java:logGet(46)) - raft.server.log.use.memory = false (default)
2023-01-03 10:08:01,388 [pool-507-thread-1] INFO  server.RaftServerConfigKeys (ConfUtils.java:logGet(46)) - raft.server.log.purge.gap = 1000000 (custom)
2023-01-03 10:08:01,388 [pool-507-thread-1] INFO  server.RaftServerConfigKeys (ConfUtils.java:logGet(46)) - raft.server.log.appender.buffer.byte-limit = 33554432 (custom)
2023-01-03 10:08:01,388 [pool-507-thread-1] INFO  server.RaftServerConfigKeys (ConfUtils.java:logGet(46)) - raft.server.log.statemachine.data.read.timeout = 1000ms (default)
2023-01-03 10:08:01,388 [pool-507-thread-1] INFO  server.RaftServerConfigKeys (ConfUtils.java:logGet(46)) - raft.server.log.purge.preservation.log.num = 0 (default)
2023-01-03 10:08:01,388 [pool-507-thread-1] INFO  server.RaftServerConfigKeys (ConfUtils.java:logGet(46)) - raft.server.log.segment.size.max = 1048576 (custom)
2023-01-03 10:08:01,389 [pool-507-thread-1] INFO  server.RaftServerConfigKeys (ConfUtils.java:logGet(46)) - raft.server.log.segment.cache.num.max = 2 (custom)
2023-01-03 10:08:01,389 [pool-507-thread-1] INFO  server.RaftServerConfigKeys (ConfUtils.java:logGet(46)) - raft.server.log.segment.cache.size.max = 200MB (=209715200) (default)
2023-01-03 10:08:01,389 [pool-507-thread-1] INFO  segmented.SegmentedRaftLogWorker (SegmentedRaftLogWorker.java:<init>(189)) - new 6197d2f5-af8d-4e13-93f4-b3dc0462d19d@group-68AA7DEFA024-SegmentedRaftLogWorker for RaftStorageImpl:Storage Directory /home/runner/work/ozone/ozone/hadoop-ozone/integration-test/target/test-dir/MiniOzoneClusterImpl-fa5f3e5f-d2ce-4aac-89a4-435e2b21547f/datanode-1/data/ratis/2f23c0fa-30b8-4b0e-9b7f-68aa7defa024
2023-01-03 10:08:01,389 [pool-507-thread-1] INFO  server.RaftServerConfigKeys (ConfUtils.java:logGet(46)) - raft.server.log.queue.byte-limit = 4294967296 (custom)
2023-01-03 10:08:01,389 [pool-507-thread-1] INFO  server.RaftServerConfigKeys (ConfUtils.java:logGet(46)) - raft.server.log.queue.element-limit = 1024 (custom)
2023-01-03 10:08:01,389 [pool-507-thread-1] INFO  server.RaftServerConfigKeys (ConfUtils.java:logGet(46)) - raft.server.log.segment.size.max = 1048576 (custom)
2023-01-03 10:08:01,389 [pool-507-thread-1] INFO  server.RaftServerConfigKeys (ConfUtils.java:logGet(46)) - raft.server.log.preallocated.size = 16384 (custom)
2023-01-03 10:08:01,389 [pool-507-thread-1] INFO  server.RaftServerConfigKeys (ConfUtils.java:logGet(46)) - raft.server.log.force.sync.num = 128 (default)
2023-01-03 10:08:01,389 [pool-507-thread-1] INFO  server.RaftServerConfigKeys (ConfUtils.java:logGet(46)) - raft.server.log.statemachine.data.sync = true (default)
2023-01-03 10:08:01,389 [pool-507-thread-1] INFO  server.RaftServerConfigKeys (ConfUtils.java:logGet(46)) - raft.server.log.statemachine.data.sync.timeout = 10s (default)
2023-01-03 10:08:01,389 [pool-507-thread-1] INFO  server.RaftServerConfigKeys (ConfUtils.java:logGet(46)) - raft.server.log.statemachine.data.sync.timeout.retry = -1 (default)
2023-01-03 10:08:01,389 [EventQueue-PipelineReportForPipelineReportHandler] INFO  pipeline.PipelineManagerImpl (PipelineManagerImpl.java:openPipeline(367)) - Pipeline Pipeline[ Id: 2f23c0fa-30b8-4b0e-9b7f-68aa7defa024, Nodes: 6197d2f5-af8d-4e13-93f4-b3dc0462d19d{ip: 10.1.0.13, host: fv-az292-374.tqgtyn10aqxuxoi0mkfbldi5vh.jx.internal.cloudapp.net, ports: [REPLICATION=42573, RATIS=44689, RATIS_ADMIN=44689, RATIS_SERVER=44689, RATIS_DATASTREAM=34149, STANDALONE=35683], networkLocation: /default-rack, certSerialId: null, persistedOpState: IN_SERVICE, persistedOpStateExpiryEpochSec: 0}, ReplicationConfig: RATIS/ONE, State:ALLOCATED, leaderId:6197d2f5-af8d-4e13-93f4-b3dc0462d19d, CreationTimestamp2023-01-03T10:07:58.386Z[Etc/UTC]] moved to OPEN state
2023-01-03 10:08:01,389 [pool-507-thread-1] INFO  server.RaftServerConfigKeys (ConfUtils.java:logGet(46)) - raft.server.log.write.buffer.size = 1048576 (custom)
2023-01-03 10:08:01,390 [EventQueue-OpenPipelineForHealthyPipelineSafeModeRule] INFO  safemode.SCMSafeModeManager (HealthyPipelineSafeModeRule.java:process(137)) - SCM in safe mode. Healthy pipelines reported count is 0, required healthy pipeline reported count is 1
2023-01-03 10:08:01,390 [pool-507-thread-1] INFO  server.RaftServerConfigKeys (ConfUtils.java:logGet(46)) - raft.server.log.appender.buffer.byte-limit = 33554432 (custom)
2023-01-03 10:08:01,393 [pool-507-thread-1] INFO  server.RaftServerConfigKeys (ConfUtils.java:logGet(46)) - raft.server.log.unsafe-flush.enabled = false (default)
2023-01-03 10:08:01,393 [pool-507-thread-1] INFO  server.RaftServerConfigKeys (ConfUtils.java:logGet(46)) - raft.server.log.async-flush.enabled = false (default)
2023-01-03 10:08:01,393 [pool-507-thread-1] INFO  server.RaftServerConfigKeys (ConfUtils.java:logGet(46)) - raft.server.log.statemachine.data.caching.enabled = true (custom)
2023-01-03 10:08:01,393 [pool-507-thread-1] INFO  segmented.SegmentedRaftLogWorker (SegmentedRaftLogWorker.java:lambda$new$0(135)) - 6197d2f5-af8d-4e13-93f4-b3dc0462d19d@group-68AA7DEFA024-SegmentedRaftLogWorker: flushIndex: setUnconditionally 0 -> -1
2023-01-03 10:08:01,393 [pool-507-thread-1] INFO  segmented.SegmentedRaftLogWorker (SegmentedRaftLogWorker.java:lambda$new$0(135)) - 6197d2f5-af8d-4e13-93f4-b3dc0462d19d@group-68AA7DEFA024-SegmentedRaftLogWorker: safeCacheEvictIndex: setUnconditionally 0 -> -1
2023-01-03 10:08:01,393 [pool-507-thread-1] INFO  server.RaftServer$Division (RaftServerImpl.java:start(334)) - 6197d2f5-af8d-4e13-93f4-b3dc0462d19d@group-68AA7DEFA024: start as a follower, conf=-1: peers:[6197d2f5-af8d-4e13-93f4-b3dc0462d19d|rpc:10.1.0.13:44689|dataStream:10.1.0.13:34149|priority:1|startupRole:FOLLOWER]|listeners:[], old=null
2023-01-03 10:08:01,393 [pool-507-thread-1] INFO  server.RaftServer$Division (RaftServerImpl.java:setRole(321)) - 6197d2f5-af8d-4e13-93f4-b3dc0462d19d@group-68AA7DEFA024: changes role from      null to FOLLOWER at term 0 for startAsFollower
2023-01-03 10:08:01,393 [pool-507-thread-1] INFO  impl.RoleInfo (RoleInfo.java:updateAndGet(139)) - 6197d2f5-af8d-4e13-93f4-b3dc0462d19d: start 6197d2f5-af8d-4e13-93f4-b3dc0462d19d@group-68AA7DEFA024-FollowerState
2023-01-03 10:08:01,394 [pool-507-thread-1] INFO  util.JmxRegister (JmxRegister.java:tryRegister(44)) - Successfully registered JMX Bean with object name Ratis:service=RaftServer,group=group-68AA7DEFA024,id=6197d2f5-af8d-4e13-93f4-b3dc0462d19d
2023-01-03 10:08:01,394 [pool-507-thread-1] INFO  server.RaftServerConfigKeys (ConfUtils.java:logGet(46)) - raft.server.snapshot.auto.trigger.enabled = true (custom)
2023-01-03 10:08:01,394 [pool-507-thread-1] INFO  server.RaftServerConfigKeys (ConfUtils.java:logGet(46)) - raft.server.snapshot.auto.trigger.threshold = 10000 (custom)
2023-01-03 10:08:01,394 [pool-507-thread-1] INFO  server.RaftServerConfigKeys (ConfUtils.java:logGet(46)) - raft.server.snapshot.retention.file.num = 5 (custom)
2023-01-03 10:08:01,394 [pool-507-thread-1] INFO  server.RaftServerConfigKeys (ConfUtils.java:logGet(46)) - raft.server.log.purge.upto.snapshot.index = false (default)
2023-01-03 10:08:01,394 [6197d2f5-af8d-4e13-93f4-b3dc0462d19d@group-68AA7DEFA024-FollowerState] INFO  server.RaftServerConfigKeys (ConfUtils.java:logFallback(53)) - raft.server.rpc.first-election.timeout.min = 5s (fallback to raft.server.rpc.timeout.min)
2023-01-03 10:08:01,394 [6197d2f5-af8d-4e13-93f4-b3dc0462d19d@group-68AA7DEFA024-FollowerState] INFO  server.RaftServerConfigKeys (ConfUtils.java:logFallback(53)) - raft.server.rpc.first-election.timeout.max = 5200ms (fallback to raft.server.rpc.timeout.max)
2023-01-03 10:08:01,394 [Command processor thread] INFO  ratis.XceiverServerRatis (XceiverServerRatis.java:addGroup(806)) - Created group PipelineID=2f23c0fa-30b8-4b0e-9b7f-68aa7defa024
2023-01-03 10:08:01,395 [Command processor thread] INFO  commandhandler.CreatePipelineCommandHandler (CreatePipelineCommandHandler.java:handle(113)) - Created Pipeline RATIS ONE PipelineID=2f23c0fa-30b8-4b0e-9b7f-68aa7defa024.
2023-01-03 10:08:01,723 [Command processor thread] INFO  server.RaftServer (RaftServerProxy.java:addNew(96)) - ceb62289-e61f-4ee7-8769-746790ce93a5: addNew group-C8581A5E9AB4:[ceb62289-e61f-4ee7-8769-746790ce93a5|rpc:10.1.0.13:39919|dataStream:10.1.0.13:34319|priority:1|startupRole:FOLLOWER] returns group-C8581A5E9AB4:java.util.concurrent.CompletableFuture@10a0eade[Not completed]
2023-01-03 10:08:01,724 [pool-530-thread-1] INFO  server.RaftServer$Division (RaftServerImpl.java:<init>(195)) - ceb62289-e61f-4ee7-8769-746790ce93a5: new RaftServerImpl for group-C8581A5E9AB4:[ceb62289-e61f-4ee7-8769-746790ce93a5|rpc:10.1.0.13:39919|dataStream:10.1.0.13:34319|priority:1|startupRole:FOLLOWER] with ContainerStateMachine:uninitialized
2023-01-03 10:08:01,724 [pool-530-thread-1] INFO  server.RaftServerConfigKeys (ConfUtils.java:logGet(46)) - raft.server.rpc.timeout.min = 5s (custom)
2023-01-03 10:08:01,724 [pool-530-thread-1] INFO  server.RaftServerConfigKeys (ConfUtils.java:logGet(46)) - raft.server.rpc.timeout.max = 5200ms (custom)
2023-01-03 10:08:01,724 [pool-530-thread-1] INFO  server.RaftServerConfigKeys (ConfUtils.java:logGet(46)) - raft.server.rpc.sleep.time = 25ms (default)
2023-01-03 10:08:01,724 [pool-530-thread-1] INFO  server.RaftServerConfigKeys (ConfUtils.java:logGet(46)) - raft.server.rpc.slowness.timeout = 300s (custom)
2023-01-03 10:08:01,724 [pool-530-thread-1] INFO  server.RaftServerConfigKeys (ConfUtils.java:logGet(46)) - raft.server.leaderelection.leader.step-down.wait-time = 10s (default)
2023-01-03 10:08:01,724 [pool-530-thread-1] INFO  server.RaftServerConfigKeys (ConfUtils.java:logGet(46)) - raft.server.sleep.deviation.threshold = 300ms (default)
2023-01-03 10:08:01,724 [pool-530-thread-1] INFO  server.RaftServer$Division (ServerState.java:<init>(118)) - ceb62289-e61f-4ee7-8769-746790ce93a5@group-C8581A5E9AB4: ConfigurationManager, init=-1: peers:[ceb62289-e61f-4ee7-8769-746790ce93a5|rpc:10.1.0.13:39919|dataStream:10.1.0.13:34319|priority:1|startupRole:FOLLOWER]|listeners:[], old=null, confs=<EMPTY_MAP>
2023-01-03 10:08:01,724 [pool-530-thread-1] INFO  server.RaftServerConfigKeys (ConfUtils.java:logGet(46)) - raft.server.storage.dir = [/home/runner/work/ozone/ozone/hadoop-ozone/integration-test/target/test-dir/MiniOzoneClusterImpl-fa5f3e5f-d2ce-4aac-89a4-435e2b21547f/datanode-2/data/ratis] (custom)
2023-01-03 10:08:01,724 [pool-530-thread-1] INFO  server.RaftServerConfigKeys (ConfUtils.java:logGet(46)) - raft.server.log.corruption.policy = EXCEPTION (default)
2023-01-03 10:08:01,724 [pool-530-thread-1] INFO  server.RaftServerConfigKeys (ConfUtils.java:logGet(46)) - raft.server.storage.free-space.min = 0MB (=0) (default)
2023-01-03 10:08:01,724 [pool-530-thread-1] INFO  server.RaftServerConfigKeys (ConfUtils.java:logGet(46)) - raft.server.notification.no-leader.timeout = 300s (custom)
2023-01-03 10:08:01,724 [pool-530-thread-1] INFO  server.RaftServerConfigKeys (ConfUtils.java:logGet(46)) - raft.server.retrycache.expirytime = 600000ms (custom)
2023-01-03 10:08:01,724 [pool-530-thread-1] INFO  server.RaftServerConfigKeys (ConfUtils.java:logGet(46)) - raft.server.retrycache.statistics.expirytime = 100μs (default)
2023-01-03 10:08:01,725 [pool-530-thread-1] INFO  server.RaftServerConfigKeys (ConfUtils.java:logGet(46)) - raft.server.log.appender.install.snapshot.enabled = false (custom)
2023-01-03 10:08:01,725 [pool-530-thread-1] INFO  server.RaftServerConfigKeys (ConfUtils.java:logGet(46)) - raft.server.threadpool.server.cached = true (default)
2023-01-03 10:08:01,725 [pool-530-thread-1] INFO  server.RaftServerConfigKeys (ConfUtils.java:logGet(46)) - raft.server.threadpool.server.size = 0 (default)
2023-01-03 10:08:01,725 [pool-530-thread-1] INFO  server.RaftServerConfigKeys (ConfUtils.java:logGet(46)) - raft.server.threadpool.client.cached = true (default)
2023-01-03 10:08:01,725 [pool-530-thread-1] INFO  server.RaftServerConfigKeys (ConfUtils.java:logGet(46)) - raft.server.threadpool.client.size = 0 (default)
2023-01-03 10:08:01,725 [pool-530-thread-1] INFO  storage.RaftStorageDirectory (RaftStorageDirectoryImpl.java:analyzeStorage(137)) - The storage directory /home/runner/work/ozone/ozone/hadoop-ozone/integration-test/target/test-dir/MiniOzoneClusterImpl-fa5f3e5f-d2ce-4aac-89a4-435e2b21547f/datanode-2/data/ratis/42b973d7-bc8d-4613-a093-c8581a5e9ab4 does not exist. Creating ...
2023-01-03 10:08:01,726 [pool-530-thread-1] INFO  storage.RaftStorageDirectory (RaftStorageDirectoryImpl.java:tryLock(231)) - Lock on /home/runner/work/ozone/ozone/hadoop-ozone/integration-test/target/test-dir/MiniOzoneClusterImpl-fa5f3e5f-d2ce-4aac-89a4-435e2b21547f/datanode-2/data/ratis/42b973d7-bc8d-4613-a093-c8581a5e9ab4/in_use.lock acquired by nodename 9440@fv-az292-374
2023-01-03 10:08:01,727 [pool-530-thread-1] INFO  storage.RaftStorage (RaftStorageImpl.java:format(96)) - Storage directory /home/runner/work/ozone/ozone/hadoop-ozone/integration-test/target/test-dir/MiniOzoneClusterImpl-fa5f3e5f-d2ce-4aac-89a4-435e2b21547f/datanode-2/data/ratis/42b973d7-bc8d-4613-a093-c8581a5e9ab4 has been successfully formatted.
2023-01-03 10:08:01,727 [pool-530-thread-1] INFO  ratis.ContainerStateMachine (ContainerStateMachine.java:loadSnapshot(240)) - group-C8581A5E9AB4: The snapshot info is null. Setting the last applied indexto:(t:0, i:~)
2023-01-03 10:08:01,727 [pool-530-thread-1] INFO  server.RaftServerConfigKeys (ConfUtils.java:logGet(46)) - raft.server.log.use.memory = false (default)
2023-01-03 10:08:01,727 [pool-530-thread-1] INFO  server.RaftServerConfigKeys (ConfUtils.java:logGet(46)) - raft.server.log.purge.gap = 1000000 (custom)
2023-01-03 10:08:01,727 [pool-530-thread-1] INFO  server.RaftServerConfigKeys (ConfUtils.java:logGet(46)) - raft.server.log.appender.buffer.byte-limit = 33554432 (custom)
2023-01-03 10:08:01,728 [EventQueue-CommandQueueReportForCommandQueueReportHandler] WARN  events.EventQueue (EventQueue.java:fireEvent(216)) - No event handler registered for event TypedEvent{payloadType=DatanodeDetails, name='Datanode_Command_Queue_Updated'}
2023-01-03 10:08:01,728 [EventQueue-PipelineReportForPipelineReportHandler] INFO  pipeline.PipelineManagerImpl (PipelineManagerImpl.java:openPipeline(367)) - Pipeline Pipeline[ Id: 42b973d7-bc8d-4613-a093-c8581a5e9ab4, Nodes: ceb62289-e61f-4ee7-8769-746790ce93a5{ip: 10.1.0.13, host: fv-az292-374.tqgtyn10aqxuxoi0mkfbldi5vh.jx.internal.cloudapp.net, ports: [REPLICATION=43181, RATIS=39919, RATIS_ADMIN=39919, RATIS_SERVER=39919, RATIS_DATASTREAM=34319, STANDALONE=45987], networkLocation: /default-rack, certSerialId: null, persistedOpState: IN_SERVICE, persistedOpStateExpiryEpochSec: 0}, ReplicationConfig: RATIS/ONE, State:ALLOCATED, leaderId:ceb62289-e61f-4ee7-8769-746790ce93a5, CreationTimestamp2023-01-03T10:07:58.725Z[Etc/UTC]] moved to OPEN state
2023-01-03 10:08:01,728 [EventQueue-OpenPipelineForHealthyPipelineSafeModeRule] INFO  safemode.SCMSafeModeManager (HealthyPipelineSafeModeRule.java:process(137)) - SCM in safe mode. Healthy pipelines reported count is 0, required healthy pipeline reported count is 1
2023-01-03 10:08:01,728 [pool-530-thread-1] INFO  server.RaftServerConfigKeys (ConfUtils.java:logGet(46)) - raft.server.log.statemachine.data.read.timeout = 1000ms (default)
2023-01-03 10:08:01,728 [pool-530-thread-1] INFO  server.RaftServerConfigKeys (ConfUtils.java:logGet(46)) - raft.server.log.purge.preservation.log.num = 0 (default)
2023-01-03 10:08:01,729 [pool-530-thread-1] INFO  server.RaftServerConfigKeys (ConfUtils.java:logGet(46)) - raft.server.log.segment.size.max = 1048576 (custom)
2023-01-03 10:08:01,729 [pool-530-thread-1] INFO  server.RaftServerConfigKeys (ConfUtils.java:logGet(46)) - raft.server.log.segment.cache.num.max = 2 (custom)
2023-01-03 10:08:01,729 [pool-530-thread-1] INFO  server.RaftServerConfigKeys (ConfUtils.java:logGet(46)) - raft.server.log.segment.cache.size.max = 200MB (=209715200) (default)
2023-01-03 10:08:01,730 [pool-530-thread-1] INFO  segmented.SegmentedRaftLogWorker (SegmentedRaftLogWorker.java:<init>(189)) - new ceb62289-e61f-4ee7-8769-746790ce93a5@group-C8581A5E9AB4-SegmentedRaftLogWorker for RaftStorageImpl:Storage Directory /home/runner/work/ozone/ozone/hadoop-ozone/integration-test/target/test-dir/MiniOzoneClusterImpl-fa5f3e5f-d2ce-4aac-89a4-435e2b21547f/datanode-2/data/ratis/42b973d7-bc8d-4613-a093-c8581a5e9ab4
2023-01-03 10:08:01,730 [pool-530-thread-1] INFO  server.RaftServerConfigKeys (ConfUtils.java:logGet(46)) - raft.server.log.queue.byte-limit = 4294967296 (custom)
2023-01-03 10:08:01,730 [pool-530-thread-1] INFO  server.RaftServerConfigKeys (ConfUtils.java:logGet(46)) - raft.server.log.queue.element-limit = 1024 (custom)
2023-01-03 10:08:01,730 [pool-530-thread-1] INFO  server.RaftServerConfigKeys (ConfUtils.java:logGet(46)) - raft.server.log.segment.size.max = 1048576 (custom)
2023-01-03 10:08:01,730 [pool-530-thread-1] INFO  server.RaftServerConfigKeys (ConfUtils.java:logGet(46)) - raft.server.log.preallocated.size = 16384 (custom)
2023-01-03 10:08:01,730 [pool-530-thread-1] INFO  server.RaftServerConfigKeys (ConfUtils.java:logGet(46)) - raft.server.log.force.sync.num = 128 (default)
2023-01-03 10:08:01,730 [pool-530-thread-1] INFO  server.RaftServerConfigKeys (ConfUtils.java:logGet(46)) - raft.server.log.statemachine.data.sync = true (default)
2023-01-03 10:08:01,730 [pool-530-thread-1] INFO  server.RaftServerConfigKeys (ConfUtils.java:logGet(46)) - raft.server.log.statemachine.data.sync.timeout = 10s (default)
2023-01-03 10:08:01,731 [pool-530-thread-1] INFO  server.RaftServerConfigKeys (ConfUtils.java:logGet(46)) - raft.server.log.statemachine.data.sync.timeout.retry = -1 (default)
2023-01-03 10:08:01,731 [pool-530-thread-1] INFO  server.RaftServerConfigKeys (ConfUtils.java:logGet(46)) - raft.server.log.write.buffer.size = 1048576 (custom)
2023-01-03 10:08:01,731 [pool-530-thread-1] INFO  server.RaftServerConfigKeys (ConfUtils.java:logGet(46)) - raft.server.log.appender.buffer.byte-limit = 33554432 (custom)
2023-01-03 10:08:01,734 [pool-530-thread-1] INFO  server.RaftServerConfigKeys (ConfUtils.java:logGet(46)) - raft.server.log.unsafe-flush.enabled = false (default)
2023-01-03 10:08:01,734 [pool-530-thread-1] INFO  server.RaftServerConfigKeys (ConfUtils.java:logGet(46)) - raft.server.log.async-flush.enabled = false (default)
2023-01-03 10:08:01,734 [pool-530-thread-1] INFO  server.RaftServerConfigKeys (ConfUtils.java:logGet(46)) - raft.server.log.statemachine.data.caching.enabled = true (custom)
2023-01-03 10:08:01,734 [pool-530-thread-1] INFO  segmented.SegmentedRaftLogWorker (SegmentedRaftLogWorker.java:lambda$new$0(135)) - ceb62289-e61f-4ee7-8769-746790ce93a5@group-C8581A5E9AB4-SegmentedRaftLogWorker: flushIndex: setUnconditionally 0 -> -1
2023-01-03 10:08:01,734 [pool-530-thread-1] INFO  segmented.SegmentedRaftLogWorker (SegmentedRaftLogWorker.java:lambda$new$0(135)) - ceb62289-e61f-4ee7-8769-746790ce93a5@group-C8581A5E9AB4-SegmentedRaftLogWorker: safeCacheEvictIndex: setUnconditionally 0 -> -1
2023-01-03 10:08:01,736 [pool-530-thread-1] INFO  server.RaftServer$Division (RaftServerImpl.java:start(334)) - ceb62289-e61f-4ee7-8769-746790ce93a5@group-C8581A5E9AB4: start as a follower, conf=-1: peers:[ceb62289-e61f-4ee7-8769-746790ce93a5|rpc:10.1.0.13:39919|dataStream:10.1.0.13:34319|priority:1|startupRole:FOLLOWER]|listeners:[], old=null
2023-01-03 10:08:01,736 [pool-530-thread-1] INFO  server.RaftServer$Division (RaftServerImpl.java:setRole(321)) - ceb62289-e61f-4ee7-8769-746790ce93a5@group-C8581A5E9AB4: changes role from      null to FOLLOWER at term 0 for startAsFollower
2023-01-03 10:08:01,736 [pool-530-thread-1] INFO  impl.RoleInfo (RoleInfo.java:updateAndGet(139)) - ceb62289-e61f-4ee7-8769-746790ce93a5: start ceb62289-e61f-4ee7-8769-746790ce93a5@group-C8581A5E9AB4-FollowerState
2023-01-03 10:08:01,736 [pool-530-thread-1] INFO  util.JmxRegister (JmxRegister.java:tryRegister(44)) - Successfully registered JMX Bean with object name Ratis:service=RaftServer,group=group-C8581A5E9AB4,id=ceb62289-e61f-4ee7-8769-746790ce93a5
2023-01-03 10:08:01,736 [ceb62289-e61f-4ee7-8769-746790ce93a5@group-C8581A5E9AB4-FollowerState] INFO  server.RaftServerConfigKeys (ConfUtils.java:logFallback(53)) - raft.server.rpc.first-election.timeout.min = 5s (fallback to raft.server.rpc.timeout.min)
2023-01-03 10:08:01,736 [pool-530-thread-1] INFO  server.RaftServerConfigKeys (ConfUtils.java:logGet(46)) - raft.server.snapshot.auto.trigger.enabled = true (custom)
2023-01-03 10:08:01,736 [ceb62289-e61f-4ee7-8769-746790ce93a5@group-C8581A5E9AB4-FollowerState] INFO  server.RaftServerConfigKeys (ConfUtils.java:logFallback(53)) - raft.server.rpc.first-election.timeout.max = 5200ms (fallback to raft.server.rpc.timeout.max)
2023-01-03 10:08:01,736 [pool-530-thread-1] INFO  server.RaftServerConfigKeys (ConfUtils.java:logGet(46)) - raft.server.snapshot.auto.trigger.threshold = 10000 (custom)
2023-01-03 10:08:01,736 [pool-530-thread-1] INFO  server.RaftServerConfigKeys (ConfUtils.java:logGet(46)) - raft.server.snapshot.retention.file.num = 5 (custom)
2023-01-03 10:08:01,736 [pool-530-thread-1] INFO  server.RaftServerConfigKeys (ConfUtils.java:logGet(46)) - raft.server.log.purge.upto.snapshot.index = false (default)
2023-01-03 10:08:01,737 [Command processor thread] INFO  ratis.XceiverServerRatis (XceiverServerRatis.java:addGroup(806)) - Created group PipelineID=42b973d7-bc8d-4613-a093-c8581a5e9ab4
2023-01-03 10:08:01,737 [Command processor thread] INFO  commandhandler.CreatePipelineCommandHandler (CreatePipelineCommandHandler.java:handle(113)) - Created Pipeline RATIS ONE PipelineID=42b973d7-bc8d-4613-a093-c8581a5e9ab4.
2023-01-03 10:08:02,036 [Command processor thread] INFO  server.RaftServer (RaftServerProxy.java:addNew(96)) - 92295612-f13b-4ff2-b823-10ec710f5439: addNew group-D785938E0FCF:[92295612-f13b-4ff2-b823-10ec710f5439|rpc:10.1.0.13:39873|dataStream:10.1.0.13:42237|priority:1|startupRole:FOLLOWER] returns group-D785938E0FCF:java.util.concurrent.CompletableFuture@29d912b7[Not completed]
2023-01-03 10:08:02,036 [EventQueue-CommandQueueReportForCommandQueueReportHandler] WARN  events.EventQueue (EventQueue.java:fireEvent(216)) - No event handler registered for event TypedEvent{payloadType=DatanodeDetails, name='Datanode_Command_Queue_Updated'}
2023-01-03 10:08:02,037 [pool-553-thread-1] INFO  server.RaftServer$Division (RaftServerImpl.java:<init>(195)) - 92295612-f13b-4ff2-b823-10ec710f5439: new RaftServerImpl for group-D785938E0FCF:[92295612-f13b-4ff2-b823-10ec710f5439|rpc:10.1.0.13:39873|dataStream:10.1.0.13:42237|priority:1|startupRole:FOLLOWER] with ContainerStateMachine:uninitialized
2023-01-03 10:08:02,037 [pool-553-thread-1] INFO  server.RaftServerConfigKeys (ConfUtils.java:logGet(46)) - raft.server.rpc.timeout.min = 5s (custom)
2023-01-03 10:08:02,037 [pool-553-thread-1] INFO  server.RaftServerConfigKeys (ConfUtils.java:logGet(46)) - raft.server.rpc.timeout.max = 5200ms (custom)
2023-01-03 10:08:02,037 [pool-553-thread-1] INFO  server.RaftServerConfigKeys (ConfUtils.java:logGet(46)) - raft.server.rpc.sleep.time = 25ms (default)
2023-01-03 10:08:02,037 [pool-553-thread-1] INFO  server.RaftServerConfigKeys (ConfUtils.java:logGet(46)) - raft.server.rpc.slowness.timeout = 300s (custom)
2023-01-03 10:08:02,037 [pool-553-thread-1] INFO  server.RaftServerConfigKeys (ConfUtils.java:logGet(46)) - raft.server.leaderelection.leader.step-down.wait-time = 10s (default)
2023-01-03 10:08:02,037 [pool-553-thread-1] INFO  server.RaftServerConfigKeys (ConfUtils.java:logGet(46)) - raft.server.sleep.deviation.threshold = 300ms (default)
2023-01-03 10:08:02,037 [pool-553-thread-1] INFO  server.RaftServer$Division (ServerState.java:<init>(118)) - 92295612-f13b-4ff2-b823-10ec710f5439@group-D785938E0FCF: ConfigurationManager, init=-1: peers:[92295612-f13b-4ff2-b823-10ec710f5439|rpc:10.1.0.13:39873|dataStream:10.1.0.13:42237|priority:1|startupRole:FOLLOWER]|listeners:[], old=null, confs=<EMPTY_MAP>
2023-01-03 10:08:02,037 [pool-553-thread-1] INFO  server.RaftServerConfigKeys (ConfUtils.java:logGet(46)) - raft.server.storage.dir = [/home/runner/work/ozone/ozone/hadoop-ozone/integration-test/target/test-dir/MiniOzoneClusterImpl-fa5f3e5f-d2ce-4aac-89a4-435e2b21547f/datanode-3/data/ratis] (custom)
2023-01-03 10:08:02,037 [pool-553-thread-1] INFO  server.RaftServerConfigKeys (ConfUtils.java:logGet(46)) - raft.server.log.corruption.policy = EXCEPTION (default)
2023-01-03 10:08:02,037 [pool-553-thread-1] INFO  server.RaftServerConfigKeys (ConfUtils.java:logGet(46)) - raft.server.storage.free-space.min = 0MB (=0) (default)
2023-01-03 10:08:02,037 [pool-553-thread-1] INFO  server.RaftServerConfigKeys (ConfUtils.java:logGet(46)) - raft.server.notification.no-leader.timeout = 300s (custom)
2023-01-03 10:08:02,037 [pool-553-thread-1] INFO  server.RaftServerConfigKeys (ConfUtils.java:logGet(46)) - raft.server.retrycache.expirytime = 600000ms (custom)
2023-01-03 10:08:02,037 [pool-553-thread-1] INFO  server.RaftServerConfigKeys (ConfUtils.java:logGet(46)) - raft.server.retrycache.statistics.expirytime = 100μs (default)
2023-01-03 10:08:02,038 [pool-553-thread-1] INFO  server.RaftServerConfigKeys (ConfUtils.java:logGet(46)) - raft.server.log.appender.install.snapshot.enabled = false (custom)
2023-01-03 10:08:02,038 [pool-553-thread-1] INFO  server.RaftServerConfigKeys (ConfUtils.java:logGet(46)) - raft.server.threadpool.server.cached = true (default)
2023-01-03 10:08:02,038 [pool-553-thread-1] INFO  server.RaftServerConfigKeys (ConfUtils.java:logGet(46)) - raft.server.threadpool.server.size = 0 (default)
2023-01-03 10:08:02,038 [pool-553-thread-1] INFO  server.RaftServerConfigKeys (ConfUtils.java:logGet(46)) - raft.server.threadpool.client.cached = true (default)
2023-01-03 10:08:02,038 [pool-553-thread-1] INFO  server.RaftServerConfigKeys (ConfUtils.java:logGet(46)) - raft.server.threadpool.client.size = 0 (default)
2023-01-03 10:08:02,038 [pool-553-thread-1] INFO  storage.RaftStorageDirectory (RaftStorageDirectoryImpl.java:analyzeStorage(137)) - The storage directory /home/runner/work/ozone/ozone/hadoop-ozone/integration-test/target/test-dir/MiniOzoneClusterImpl-fa5f3e5f-d2ce-4aac-89a4-435e2b21547f/datanode-3/data/ratis/025407b1-041f-4e77-81d4-d785938e0fcf does not exist. Creating ...
2023-01-03 10:08:02,039 [pool-553-thread-1] INFO  storage.RaftStorageDirectory (RaftStorageDirectoryImpl.java:tryLock(231)) - Lock on /home/runner/work/ozone/ozone/hadoop-ozone/integration-test/target/test-dir/MiniOzoneClusterImpl-fa5f3e5f-d2ce-4aac-89a4-435e2b21547f/datanode-3/data/ratis/025407b1-041f-4e77-81d4-d785938e0fcf/in_use.lock acquired by nodename 9440@fv-az292-374
2023-01-03 10:08:02,040 [pool-553-thread-1] INFO  storage.RaftStorage (RaftStorageImpl.java:format(96)) - Storage directory /home/runner/work/ozone/ozone/hadoop-ozone/integration-test/target/test-dir/MiniOzoneClusterImpl-fa5f3e5f-d2ce-4aac-89a4-435e2b21547f/datanode-3/data/ratis/025407b1-041f-4e77-81d4-d785938e0fcf has been successfully formatted.
2023-01-03 10:08:02,041 [pool-553-thread-1] INFO  ratis.ContainerStateMachine (ContainerStateMachine.java:loadSnapshot(240)) - group-D785938E0FCF: The snapshot info is null. Setting the last applied indexto:(t:0, i:~)
2023-01-03 10:08:02,041 [pool-553-thread-1] INFO  server.RaftServerConfigKeys (ConfUtils.java:logGet(46)) - raft.server.log.use.memory = false (default)
2023-01-03 10:08:02,041 [pool-553-thread-1] INFO  server.RaftServerConfigKeys (ConfUtils.java:logGet(46)) - raft.server.log.purge.gap = 1000000 (custom)
2023-01-03 10:08:02,041 [pool-553-thread-1] INFO  server.RaftServerConfigKeys (ConfUtils.java:logGet(46)) - raft.server.log.appender.buffer.byte-limit = 33554432 (custom)
2023-01-03 10:08:02,041 [pool-553-thread-1] INFO  server.RaftServerConfigKeys (ConfUtils.java:logGet(46)) - raft.server.log.statemachine.data.read.timeout = 1000ms (default)
2023-01-03 10:08:02,041 [pool-553-thread-1] INFO  server.RaftServerConfigKeys (ConfUtils.java:logGet(46)) - raft.server.log.purge.preservation.log.num = 0 (default)
2023-01-03 10:08:02,041 [pool-553-thread-1] INFO  server.RaftServerConfigKeys (ConfUtils.java:logGet(46)) - raft.server.log.segment.size.max = 1048576 (custom)
2023-01-03 10:08:02,041 [pool-553-thread-1] INFO  server.RaftServerConfigKeys (ConfUtils.java:logGet(46)) - raft.server.log.segment.cache.num.max = 2 (custom)
2023-01-03 10:08:02,041 [pool-553-thread-1] INFO  server.RaftServerConfigKeys (ConfUtils.java:logGet(46)) - raft.server.log.segment.cache.size.max = 200MB (=209715200) (default)
2023-01-03 10:08:02,041 [pool-553-thread-1] INFO  segmented.SegmentedRaftLogWorker (SegmentedRaftLogWorker.java:<init>(189)) - new 92295612-f13b-4ff2-b823-10ec710f5439@group-D785938E0FCF-SegmentedRaftLogWorker for RaftStorageImpl:Storage Directory /home/runner/work/ozone/ozone/hadoop-ozone/integration-test/target/test-dir/MiniOzoneClusterImpl-fa5f3e5f-d2ce-4aac-89a4-435e2b21547f/datanode-3/data/ratis/025407b1-041f-4e77-81d4-d785938e0fcf
2023-01-03 10:08:02,041 [EventQueue-PipelineReportForPipelineReportHandler] INFO  pipeline.PipelineManagerImpl (PipelineManagerImpl.java:openPipeline(367)) - Pipeline Pipeline[ Id: 025407b1-041f-4e77-81d4-d785938e0fcf, Nodes: 92295612-f13b-4ff2-b823-10ec710f5439{ip: 10.1.0.13, host: fv-az292-374.tqgtyn10aqxuxoi0mkfbldi5vh.jx.internal.cloudapp.net, ports: [REPLICATION=33973, RATIS=39873, RATIS_ADMIN=39873, RATIS_SERVER=39873, RATIS_DATASTREAM=42237, STANDALONE=42935], networkLocation: /default-rack, certSerialId: null, persistedOpState: IN_SERVICE, persistedOpStateExpiryEpochSec: 0}, ReplicationConfig: RATIS/ONE, State:ALLOCATED, leaderId:92295612-f13b-4ff2-b823-10ec710f5439, CreationTimestamp2023-01-03T10:07:59.035Z[Etc/UTC]] moved to OPEN state
2023-01-03 10:08:02,041 [pool-553-thread-1] INFO  server.RaftServerConfigKeys (ConfUtils.java:logGet(46)) - raft.server.log.queue.byte-limit = 4294967296 (custom)
2023-01-03 10:08:02,042 [pool-553-thread-1] INFO  server.RaftServerConfigKeys (ConfUtils.java:logGet(46)) - raft.server.log.queue.element-limit = 1024 (custom)
2023-01-03 10:08:02,042 [pool-553-thread-1] INFO  server.RaftServerConfigKeys (ConfUtils.java:logGet(46)) - raft.server.log.segment.size.max = 1048576 (custom)
2023-01-03 10:08:02,042 [pool-553-thread-1] INFO  server.RaftServerConfigKeys (ConfUtils.java:logGet(46)) - raft.server.log.preallocated.size = 16384 (custom)
2023-01-03 10:08:02,042 [pool-553-thread-1] INFO  server.RaftServerConfigKeys (ConfUtils.java:logGet(46)) - raft.server.log.force.sync.num = 128 (default)
2023-01-03 10:08:02,042 [pool-553-thread-1] INFO  server.RaftServerConfigKeys (ConfUtils.java:logGet(46)) - raft.server.log.statemachine.data.sync = true (default)
2023-01-03 10:08:02,042 [EventQueue-OpenPipelineForHealthyPipelineSafeModeRule] INFO  safemode.SCMSafeModeManager (HealthyPipelineSafeModeRule.java:process(137)) - SCM in safe mode. Healthy pipelines reported count is 0, required healthy pipeline reported count is 1
2023-01-03 10:08:02,042 [pool-553-thread-1] INFO  server.RaftServerConfigKeys (ConfUtils.java:logGet(46)) - raft.server.log.statemachine.data.sync.timeout = 10s (default)
2023-01-03 10:08:02,042 [pool-553-thread-1] INFO  server.RaftServerConfigKeys (ConfUtils.java:logGet(46)) - raft.server.log.statemachine.data.sync.timeout.retry = -1 (default)
2023-01-03 10:08:02,042 [EventQueue-CommandQueueReportForCommandQueueReportHandler] WARN  events.EventQueue (EventQueue.java:fireEvent(216)) - No event handler registered for event TypedEvent{payloadType=DatanodeDetails, name='Datanode_Command_Queue_Updated'}
2023-01-03 10:08:02,042 [pool-553-thread-1] INFO  server.RaftServerConfigKeys (ConfUtils.java:logGet(46)) - raft.server.log.write.buffer.size = 1048576 (custom)
2023-01-03 10:08:02,043 [pool-553-thread-1] INFO  server.RaftServerConfigKeys (ConfUtils.java:logGet(46)) - raft.server.log.appender.buffer.byte-limit = 33554432 (custom)
2023-01-03 10:08:02,046 [pool-553-thread-1] INFO  server.RaftServerConfigKeys (ConfUtils.java:logGet(46)) - raft.server.log.unsafe-flush.enabled = false (default)
2023-01-03 10:08:02,046 [pool-553-thread-1] INFO  server.RaftServerConfigKeys (ConfUtils.java:logGet(46)) - raft.server.log.async-flush.enabled = false (default)
2023-01-03 10:08:02,046 [pool-553-thread-1] INFO  server.RaftServerConfigKeys (ConfUtils.java:logGet(46)) - raft.server.log.statemachine.data.caching.enabled = true (custom)
2023-01-03 10:08:02,046 [pool-553-thread-1] INFO  segmented.SegmentedRaftLogWorker (SegmentedRaftLogWorker.java:lambda$new$0(135)) - 92295612-f13b-4ff2-b823-10ec710f5439@group-D785938E0FCF-SegmentedRaftLogWorker: flushIndex: setUnconditionally 0 -> -1
2023-01-03 10:08:02,046 [pool-553-thread-1] INFO  segmented.SegmentedRaftLogWorker (SegmentedRaftLogWorker.java:lambda$new$0(135)) - 92295612-f13b-4ff2-b823-10ec710f5439@group-D785938E0FCF-SegmentedRaftLogWorker: safeCacheEvictIndex: setUnconditionally 0 -> -1
2023-01-03 10:08:02,046 [pool-553-thread-1] INFO  server.RaftServer$Division (RaftServerImpl.java:start(334)) - 92295612-f13b-4ff2-b823-10ec710f5439@group-D785938E0FCF: start as a follower, conf=-1: peers:[92295612-f13b-4ff2-b823-10ec710f5439|rpc:10.1.0.13:39873|dataStream:10.1.0.13:42237|priority:1|startupRole:FOLLOWER]|listeners:[], old=null
2023-01-03 10:08:02,046 [pool-553-thread-1] INFO  server.RaftServer$Division (RaftServerImpl.java:setRole(321)) - 92295612-f13b-4ff2-b823-10ec710f5439@group-D785938E0FCF: changes role from      null to FOLLOWER at term 0 for startAsFollower
2023-01-03 10:08:02,046 [pool-553-thread-1] INFO  impl.RoleInfo (RoleInfo.java:updateAndGet(139)) - 92295612-f13b-4ff2-b823-10ec710f5439: start 92295612-f13b-4ff2-b823-10ec710f5439@group-D785938E0FCF-FollowerState
2023-01-03 10:08:02,046 [pool-553-thread-1] INFO  util.JmxRegister (JmxRegister.java:tryRegister(44)) - Successfully registered JMX Bean with object name Ratis:service=RaftServer,group=group-D785938E0FCF,id=92295612-f13b-4ff2-b823-10ec710f5439
2023-01-03 10:08:02,046 [92295612-f13b-4ff2-b823-10ec710f5439@group-D785938E0FCF-FollowerState] INFO  server.RaftServerConfigKeys (ConfUtils.java:logFallback(53)) - raft.server.rpc.first-election.timeout.min = 5s (fallback to raft.server.rpc.timeout.min)
2023-01-03 10:08:02,046 [pool-553-thread-1] INFO  server.RaftServerConfigKeys (ConfUtils.java:logGet(46)) - raft.server.snapshot.auto.trigger.enabled = true (custom)
2023-01-03 10:08:02,046 [92295612-f13b-4ff2-b823-10ec710f5439@group-D785938E0FCF-FollowerState] INFO  server.RaftServerConfigKeys (ConfUtils.java:logFallback(53)) - raft.server.rpc.first-election.timeout.max = 5200ms (fallback to raft.server.rpc.timeout.max)
2023-01-03 10:08:02,046 [pool-553-thread-1] INFO  server.RaftServerConfigKeys (ConfUtils.java:logGet(46)) - raft.server.snapshot.auto.trigger.threshold = 10000 (custom)
2023-01-03 10:08:02,046 [pool-553-thread-1] INFO  server.RaftServerConfigKeys (ConfUtils.java:logGet(46)) - raft.server.snapshot.retention.file.num = 5 (custom)
2023-01-03 10:08:02,047 [pool-553-thread-1] INFO  server.RaftServerConfigKeys (ConfUtils.java:logGet(46)) - raft.server.log.purge.upto.snapshot.index = false (default)
2023-01-03 10:08:02,047 [Command processor thread] INFO  ratis.XceiverServerRatis (XceiverServerRatis.java:addGroup(806)) - Created group PipelineID=025407b1-041f-4e77-81d4-d785938e0fcf
2023-01-03 10:08:02,047 [Command processor thread] INFO  commandhandler.CreatePipelineCommandHandler (CreatePipelineCommandHandler.java:handle(113)) - Created Pipeline RATIS ONE PipelineID=025407b1-041f-4e77-81d4-d785938e0fcf.
2023-01-03 10:08:02,225 [EventQueue-CommandQueueReportForCommandQueueReportHandler] WARN  events.EventQueue (EventQueue.java:fireEvent(216)) - No event handler registered for event TypedEvent{payloadType=DatanodeDetails, name='Datanode_Command_Queue_Updated'}
2023-01-03 10:08:02,308 [Command processor thread] INFO  server.RaftServer (RaftServerProxy.java:addNew(96)) - 786d16df-aea0-40f0-824b-581d62f1269e: addNew group-31D7DC334A4C:[786d16df-aea0-40f0-824b-581d62f1269e|rpc:10.1.0.13:45479|dataStream:10.1.0.13:40799|priority:1|startupRole:FOLLOWER] returns group-31D7DC334A4C:java.util.concurrent.CompletableFuture@19aed7c3[Not completed]
2023-01-03 10:08:02,308 [Listener at 127.0.0.1/46431] INFO  ozone.MiniOzoneClusterImpl (MiniOzoneClusterImpl.java:lambda$waitForClusterToBeReady$0(217)) - Nodes are ready. Got 5 of 5 DN Heartbeats.
2023-01-03 10:08:02,308 [Listener at 127.0.0.1/46431] INFO  ozone.MiniOzoneClusterImpl (MiniOzoneClusterImpl.java:lambda$waitForClusterToBeReady$0(220)) - Waiting for cluster to exit safe mode
2023-01-03 10:08:02,308 [Listener at 127.0.0.1/46431] INFO  ozone.MiniOzoneClusterImpl (MiniOzoneClusterImpl.java:lambda$waitForClusterToBeReady$0(222)) - SCM became leader
2023-01-03 10:08:02,309 [pool-576-thread-1] INFO  server.RaftServer$Division (RaftServerImpl.java:<init>(195)) - 786d16df-aea0-40f0-824b-581d62f1269e: new RaftServerImpl for group-31D7DC334A4C:[786d16df-aea0-40f0-824b-581d62f1269e|rpc:10.1.0.13:45479|dataStream:10.1.0.13:40799|priority:1|startupRole:FOLLOWER] with ContainerStateMachine:uninitialized
2023-01-03 10:08:02,309 [pool-576-thread-1] INFO  server.RaftServerConfigKeys (ConfUtils.java:logGet(46)) - raft.server.rpc.timeout.min = 5s (custom)
2023-01-03 10:08:02,309 [pool-576-thread-1] INFO  server.RaftServerConfigKeys (ConfUtils.java:logGet(46)) - raft.server.rpc.timeout.max = 5200ms (custom)
2023-01-03 10:08:02,309 [pool-576-thread-1] INFO  server.RaftServerConfigKeys (ConfUtils.java:logGet(46)) - raft.server.rpc.sleep.time = 25ms (default)
2023-01-03 10:08:02,309 [pool-576-thread-1] INFO  server.RaftServerConfigKeys (ConfUtils.java:logGet(46)) - raft.server.rpc.slowness.timeout = 300s (custom)
2023-01-03 10:08:02,309 [pool-576-thread-1] INFO  server.RaftServerConfigKeys (ConfUtils.java:logGet(46)) - raft.server.leaderelection.leader.step-down.wait-time = 10s (default)
2023-01-03 10:08:02,309 [pool-576-thread-1] INFO  server.RaftServerConfigKeys (ConfUtils.java:logGet(46)) - raft.server.sleep.deviation.threshold = 300ms (default)
2023-01-03 10:08:02,309 [pool-576-thread-1] INFO  server.RaftServer$Division (ServerState.java:<init>(118)) - 786d16df-aea0-40f0-824b-581d62f1269e@group-31D7DC334A4C: ConfigurationManager, init=-1: peers:[786d16df-aea0-40f0-824b-581d62f1269e|rpc:10.1.0.13:45479|dataStream:10.1.0.13:40799|priority:1|startupRole:FOLLOWER]|listeners:[], old=null, confs=<EMPTY_MAP>
2023-01-03 10:08:02,309 [pool-576-thread-1] INFO  server.RaftServerConfigKeys (ConfUtils.java:logGet(46)) - raft.server.storage.dir = [/home/runner/work/ozone/ozone/hadoop-ozone/integration-test/target/test-dir/MiniOzoneClusterImpl-fa5f3e5f-d2ce-4aac-89a4-435e2b21547f/datanode-4/data/ratis] (custom)
2023-01-03 10:08:02,309 [pool-576-thread-1] INFO  server.RaftServerConfigKeys (ConfUtils.java:logGet(46)) - raft.server.log.corruption.policy = EXCEPTION (default)
2023-01-03 10:08:02,309 [pool-576-thread-1] INFO  server.RaftServerConfigKeys (ConfUtils.java:logGet(46)) - raft.server.storage.free-space.min = 0MB (=0) (default)
2023-01-03 10:08:02,309 [pool-576-thread-1] INFO  server.RaftServerConfigKeys (ConfUtils.java:logGet(46)) - raft.server.notification.no-leader.timeout = 300s (custom)
2023-01-03 10:08:02,309 [pool-576-thread-1] INFO  server.RaftServerConfigKeys (ConfUtils.java:logGet(46)) - raft.server.retrycache.expirytime = 600000ms (custom)
2023-01-03 10:08:02,309 [pool-576-thread-1] INFO  server.RaftServerConfigKeys (ConfUtils.java:logGet(46)) - raft.server.retrycache.statistics.expirytime = 100μs (default)
2023-01-03 10:08:02,310 [pool-576-thread-1] INFO  server.RaftServerConfigKeys (ConfUtils.java:logGet(46)) - raft.server.log.appender.install.snapshot.enabled = false (custom)
2023-01-03 10:08:02,310 [pool-576-thread-1] INFO  server.RaftServerConfigKeys (ConfUtils.java:logGet(46)) - raft.server.threadpool.server.cached = true (default)
2023-01-03 10:08:02,310 [pool-576-thread-1] INFO  server.RaftServerConfigKeys (ConfUtils.java:logGet(46)) - raft.server.threadpool.server.size = 0 (default)
2023-01-03 10:08:02,310 [pool-576-thread-1] INFO  server.RaftServerConfigKeys (ConfUtils.java:logGet(46)) - raft.server.threadpool.client.cached = true (default)
2023-01-03 10:08:02,310 [pool-576-thread-1] INFO  server.RaftServerConfigKeys (ConfUtils.java:logGet(46)) - raft.server.threadpool.client.size = 0 (default)
2023-01-03 10:08:02,310 [EventQueue-CommandQueueReportForCommandQueueReportHandler] WARN  events.EventQueue (EventQueue.java:fireEvent(216)) - No event handler registered for event TypedEvent{payloadType=DatanodeDetails, name='Datanode_Command_Queue_Updated'}
2023-01-03 10:08:02,311 [pool-576-thread-1] INFO  storage.RaftStorageDirectory (RaftStorageDirectoryImpl.java:analyzeStorage(137)) - The storage directory /home/runner/work/ozone/ozone/hadoop-ozone/integration-test/target/test-dir/MiniOzoneClusterImpl-fa5f3e5f-d2ce-4aac-89a4-435e2b21547f/datanode-4/data/ratis/d34354f2-6ae6-49d6-a889-31d7dc334a4c does not exist. Creating ...
2023-01-03 10:08:02,311 [pool-576-thread-1] INFO  storage.RaftStorageDirectory (RaftStorageDirectoryImpl.java:tryLock(231)) - Lock on /home/runner/work/ozone/ozone/hadoop-ozone/integration-test/target/test-dir/MiniOzoneClusterImpl-fa5f3e5f-d2ce-4aac-89a4-435e2b21547f/datanode-4/data/ratis/d34354f2-6ae6-49d6-a889-31d7dc334a4c/in_use.lock acquired by nodename 9440@fv-az292-374
2023-01-03 10:08:02,312 [pool-576-thread-1] INFO  storage.RaftStorage (RaftStorageImpl.java:format(96)) - Storage directory /home/runner/work/ozone/ozone/hadoop-ozone/integration-test/target/test-dir/MiniOzoneClusterImpl-fa5f3e5f-d2ce-4aac-89a4-435e2b21547f/datanode-4/data/ratis/d34354f2-6ae6-49d6-a889-31d7dc334a4c has been successfully formatted.
2023-01-03 10:08:02,313 [pool-576-thread-1] INFO  ratis.ContainerStateMachine (ContainerStateMachine.java:loadSnapshot(240)) - group-31D7DC334A4C: The snapshot info is null. Setting the last applied indexto:(t:0, i:~)
2023-01-03 10:08:02,313 [pool-576-thread-1] INFO  server.RaftServerConfigKeys (ConfUtils.java:logGet(46)) - raft.server.log.use.memory = false (default)
2023-01-03 10:08:02,313 [pool-576-thread-1] INFO  server.RaftServerConfigKeys (ConfUtils.java:logGet(46)) - raft.server.log.purge.gap = 1000000 (custom)
2023-01-03 10:08:02,313 [pool-576-thread-1] INFO  server.RaftServerConfigKeys (ConfUtils.java:logGet(46)) - raft.server.log.appender.buffer.byte-limit = 33554432 (custom)
2023-01-03 10:08:02,313 [pool-576-thread-1] INFO  server.RaftServerConfigKeys (ConfUtils.java:logGet(46)) - raft.server.log.statemachine.data.read.timeout = 1000ms (default)
2023-01-03 10:08:02,314 [pool-576-thread-1] INFO  server.RaftServerConfigKeys (ConfUtils.java:logGet(46)) - raft.server.log.purge.preservation.log.num = 0 (default)
2023-01-03 10:08:02,314 [pool-576-thread-1] INFO  server.RaftServerConfigKeys (ConfUtils.java:logGet(46)) - raft.server.log.segment.size.max = 1048576 (custom)
2023-01-03 10:08:02,314 [pool-576-thread-1] INFO  server.RaftServerConfigKeys (ConfUtils.java:logGet(46)) - raft.server.log.segment.cache.num.max = 2 (custom)
2023-01-03 10:08:02,314 [pool-576-thread-1] INFO  server.RaftServerConfigKeys (ConfUtils.java:logGet(46)) - raft.server.log.segment.cache.size.max = 200MB (=209715200) (default)
2023-01-03 10:08:02,314 [pool-576-thread-1] INFO  segmented.SegmentedRaftLogWorker (SegmentedRaftLogWorker.java:<init>(189)) - new 786d16df-aea0-40f0-824b-581d62f1269e@group-31D7DC334A4C-SegmentedRaftLogWorker for RaftStorageImpl:Storage Directory /home/runner/work/ozone/ozone/hadoop-ozone/integration-test/target/test-dir/MiniOzoneClusterImpl-fa5f3e5f-d2ce-4aac-89a4-435e2b21547f/datanode-4/data/ratis/d34354f2-6ae6-49d6-a889-31d7dc334a4c
2023-01-03 10:08:02,314 [pool-576-thread-1] INFO  server.RaftServerConfigKeys (ConfUtils.java:logGet(46)) - raft.server.log.queue.byte-limit = 4294967296 (custom)
2023-01-03 10:08:02,314 [pool-576-thread-1] INFO  server.RaftServerConfigKeys (ConfUtils.java:logGet(46)) - raft.server.log.queue.element-limit = 1024 (custom)
2023-01-03 10:08:02,314 [pool-576-thread-1] INFO  server.RaftServerConfigKeys (ConfUtils.java:logGet(46)) - raft.server.log.segment.size.max = 1048576 (custom)
2023-01-03 10:08:02,314 [pool-576-thread-1] INFO  server.RaftServerConfigKeys (ConfUtils.java:logGet(46)) - raft.server.log.preallocated.size = 16384 (custom)
2023-01-03 10:08:02,314 [pool-576-thread-1] INFO  server.RaftServerConfigKeys (ConfUtils.java:logGet(46)) - raft.server.log.force.sync.num = 128 (default)
2023-01-03 10:08:02,314 [pool-576-thread-1] INFO  server.RaftServerConfigKeys (ConfUtils.java:logGet(46)) - raft.server.log.statemachine.data.sync = true (default)
2023-01-03 10:08:02,314 [pool-576-thread-1] INFO  server.RaftServerConfigKeys (ConfUtils.java:logGet(46)) - raft.server.log.statemachine.data.sync.timeout = 10s (default)
2023-01-03 10:08:02,314 [pool-576-thread-1] INFO  server.RaftServerConfigKeys (ConfUtils.java:logGet(46)) - raft.server.log.statemachine.data.sync.timeout.retry = -1 (default)
2023-01-03 10:08:02,315 [EventQueue-CommandQueueReportForCommandQueueReportHandler] WARN  events.EventQueue (EventQueue.java:fireEvent(216)) - No event handler registered for event TypedEvent{payloadType=DatanodeDetails, name='Datanode_Command_Queue_Updated'}
2023-01-03 10:08:02,315 [EventQueue-PipelineReportForPipelineReportHandler] INFO  pipeline.PipelineManagerImpl (PipelineManagerImpl.java:openPipeline(367)) - Pipeline Pipeline[ Id: d34354f2-6ae6-49d6-a889-31d7dc334a4c, Nodes: 786d16df-aea0-40f0-824b-581d62f1269e{ip: 10.1.0.13, host: fv-az292-374.tqgtyn10aqxuxoi0mkfbldi5vh.jx.internal.cloudapp.net, ports: [REPLICATION=33031, RATIS=45479, RATIS_ADMIN=45479, RATIS_SERVER=45479, RATIS_DATASTREAM=40799, STANDALONE=40969], networkLocation: /default-rack, certSerialId: null, persistedOpState: IN_SERVICE, persistedOpStateExpiryEpochSec: 0}, ReplicationConfig: RATIS/ONE, State:ALLOCATED, leaderId:786d16df-aea0-40f0-824b-581d62f1269e, CreationTimestamp2023-01-03T10:07:59.309Z[Etc/UTC]] moved to OPEN state
2023-01-03 10:08:02,315 [pool-576-thread-1] INFO  server.RaftServerConfigKeys (ConfUtils.java:logGet(46)) - raft.server.log.write.buffer.size = 1048576 (custom)
2023-01-03 10:08:02,315 [pool-576-thread-1] INFO  server.RaftServerConfigKeys (ConfUtils.java:logGet(46)) - raft.server.log.appender.buffer.byte-limit = 33554432 (custom)
2023-01-03 10:08:02,315 [EventQueue-OpenPipelineForHealthyPipelineSafeModeRule] INFO  safemode.SCMSafeModeManager (HealthyPipelineSafeModeRule.java:process(137)) - SCM in safe mode. Healthy pipelines reported count is 0, required healthy pipeline reported count is 1
2023-01-03 10:08:02,318 [pool-576-thread-1] INFO  server.RaftServerConfigKeys (ConfUtils.java:logGet(46)) - raft.server.log.unsafe-flush.enabled = false (default)
2023-01-03 10:08:02,318 [pool-576-thread-1] INFO  server.RaftServerConfigKeys (ConfUtils.java:logGet(46)) - raft.server.log.async-flush.enabled = false (default)
2023-01-03 10:08:02,318 [pool-576-thread-1] INFO  server.RaftServerConfigKeys (ConfUtils.java:logGet(46)) - raft.server.log.statemachine.data.caching.enabled = true (custom)
2023-01-03 10:08:02,318 [pool-576-thread-1] INFO  segmented.SegmentedRaftLogWorker (SegmentedRaftLogWorker.java:lambda$new$0(135)) - 786d16df-aea0-40f0-824b-581d62f1269e@group-31D7DC334A4C-SegmentedRaftLogWorker: flushIndex: setUnconditionally 0 -> -1
2023-01-03 10:08:02,318 [pool-576-thread-1] INFO  segmented.SegmentedRaftLogWorker (SegmentedRaftLogWorker.java:lambda$new$0(135)) - 786d16df-aea0-40f0-824b-581d62f1269e@group-31D7DC334A4C-SegmentedRaftLogWorker: safeCacheEvictIndex: setUnconditionally 0 -> -1
2023-01-03 10:08:02,319 [pool-576-thread-1] INFO  server.RaftServer$Division (RaftServerImpl.java:start(334)) - 786d16df-aea0-40f0-824b-581d62f1269e@group-31D7DC334A4C: start as a follower, conf=-1: peers:[786d16df-aea0-40f0-824b-581d62f1269e|rpc:10.1.0.13:45479|dataStream:10.1.0.13:40799|priority:1|startupRole:FOLLOWER]|listeners:[], old=null
2023-01-03 10:08:02,319 [pool-576-thread-1] INFO  server.RaftServer$Division (RaftServerImpl.java:setRole(321)) - 786d16df-aea0-40f0-824b-581d62f1269e@group-31D7DC334A4C: changes role from      null to FOLLOWER at term 0 for startAsFollower
2023-01-03 10:08:02,319 [pool-576-thread-1] INFO  impl.RoleInfo (RoleInfo.java:updateAndGet(139)) - 786d16df-aea0-40f0-824b-581d62f1269e: start 786d16df-aea0-40f0-824b-581d62f1269e@group-31D7DC334A4C-FollowerState
2023-01-03 10:08:02,319 [pool-576-thread-1] INFO  util.JmxRegister (JmxRegister.java:tryRegister(44)) - Successfully registered JMX Bean with object name Ratis:service=RaftServer,group=group-31D7DC334A4C,id=786d16df-aea0-40f0-824b-581d62f1269e
2023-01-03 10:08:02,319 [pool-576-thread-1] INFO  server.RaftServerConfigKeys (ConfUtils.java:logGet(46)) - raft.server.snapshot.auto.trigger.enabled = true (custom)
2023-01-03 10:08:02,319 [pool-576-thread-1] INFO  server.RaftServerConfigKeys (ConfUtils.java:logGet(46)) - raft.server.snapshot.auto.trigger.threshold = 10000 (custom)
2023-01-03 10:08:02,319 [pool-576-thread-1] INFO  server.RaftServerConfigKeys (ConfUtils.java:logGet(46)) - raft.server.snapshot.retention.file.num = 5 (custom)
2023-01-03 10:08:02,319 [pool-576-thread-1] INFO  server.RaftServerConfigKeys (ConfUtils.java:logGet(46)) - raft.server.log.purge.upto.snapshot.index = false (default)
2023-01-03 10:08:02,320 [786d16df-aea0-40f0-824b-581d62f1269e@group-31D7DC334A4C-FollowerState] INFO  server.RaftServerConfigKeys (ConfUtils.java:logFallback(53)) - raft.server.rpc.first-election.timeout.min = 5s (fallback to raft.server.rpc.timeout.min)
2023-01-03 10:08:02,320 [786d16df-aea0-40f0-824b-581d62f1269e@group-31D7DC334A4C-FollowerState] INFO  server.RaftServerConfigKeys (ConfUtils.java:logFallback(53)) - raft.server.rpc.first-election.timeout.max = 5200ms (fallback to raft.server.rpc.timeout.max)
2023-01-03 10:08:02,323 [Command processor thread] INFO  ratis.XceiverServerRatis (XceiverServerRatis.java:addGroup(806)) - Created group PipelineID=d34354f2-6ae6-49d6-a889-31d7dc334a4c
2023-01-03 10:08:02,323 [Command processor thread] INFO  commandhandler.CreatePipelineCommandHandler (CreatePipelineCommandHandler.java:handle(113)) - Created Pipeline RATIS ONE PipelineID=d34354f2-6ae6-49d6-a889-31d7dc334a4c.
2023-01-03 10:08:02,388 [EventQueue-CommandQueueReportForCommandQueueReportHandler] WARN  events.EventQueue (EventQueue.java:fireEvent(216)) - No event handler registered for event TypedEvent{payloadType=DatanodeDetails, name='Datanode_Command_Queue_Updated'}
2023-01-03 10:08:02,728 [EventQueue-CommandQueueReportForCommandQueueReportHandler] WARN  events.EventQueue (EventQueue.java:fireEvent(216)) - No event handler registered for event TypedEvent{payloadType=DatanodeDetails, name='Datanode_Command_Queue_Updated'}
2023-01-03 10:08:03,042 [EventQueue-CommandQueueReportForCommandQueueReportHandler] WARN  events.EventQueue (EventQueue.java:fireEvent(216)) - No event handler registered for event TypedEvent{payloadType=DatanodeDetails, name='Datanode_Command_Queue_Updated'}
2023-01-03 10:08:03,224 [EventQueue-CommandQueueReportForCommandQueueReportHandler] WARN  events.EventQueue (EventQueue.java:fireEvent(216)) - No event handler registered for event TypedEvent{payloadType=DatanodeDetails, name='Datanode_Command_Queue_Updated'}
2023-01-03 10:08:03,309 [Listener at 127.0.0.1/46431] INFO  ozone.MiniOzoneClusterImpl (MiniOzoneClusterImpl.java:lambda$waitForClusterToBeReady$0(217)) - Nodes are ready. Got 5 of 5 DN Heartbeats.
2023-01-03 10:08:03,309 [Listener at 127.0.0.1/46431] INFO  ozone.MiniOzoneClusterImpl (MiniOzoneClusterImpl.java:lambda$waitForClusterToBeReady$0(220)) - Waiting for cluster to exit safe mode
2023-01-03 10:08:03,309 [Listener at 127.0.0.1/46431] INFO  ozone.MiniOzoneClusterImpl (MiniOzoneClusterImpl.java:lambda$waitForClusterToBeReady$0(222)) - SCM became leader
2023-01-03 10:08:03,315 [EventQueue-CommandQueueReportForCommandQueueReportHandler] WARN  events.EventQueue (EventQueue.java:fireEvent(216)) - No event handler registered for event TypedEvent{payloadType=DatanodeDetails, name='Datanode_Command_Queue_Updated'}
2023-01-03 10:08:03,387 [EventQueue-CommandQueueReportForCommandQueueReportHandler] WARN  events.EventQueue (EventQueue.java:fireEvent(216)) - No event handler registered for event TypedEvent{payloadType=DatanodeDetails, name='Datanode_Command_Queue_Updated'}
2023-01-03 10:08:03,728 [EventQueue-CommandQueueReportForCommandQueueReportHandler] WARN  events.EventQueue (EventQueue.java:fireEvent(216)) - No event handler registered for event TypedEvent{payloadType=DatanodeDetails, name='Datanode_Command_Queue_Updated'}
2023-01-03 10:08:04,042 [EventQueue-CommandQueueReportForCommandQueueReportHandler] WARN  events.EventQueue (EventQueue.java:fireEvent(216)) - No event handler registered for event TypedEvent{payloadType=DatanodeDetails, name='Datanode_Command_Queue_Updated'}
2023-01-03 10:08:04,224 [EventQueue-CommandQueueReportForCommandQueueReportHandler] WARN  events.EventQueue (EventQueue.java:fireEvent(216)) - No event handler registered for event TypedEvent{payloadType=DatanodeDetails, name='Datanode_Command_Queue_Updated'}
2023-01-03 10:08:04,309 [Listener at 127.0.0.1/46431] INFO  ozone.MiniOzoneClusterImpl (MiniOzoneClusterImpl.java:lambda$waitForClusterToBeReady$0(217)) - Nodes are ready. Got 5 of 5 DN Heartbeats.
2023-01-03 10:08:04,309 [Listener at 127.0.0.1/46431] INFO  ozone.MiniOzoneClusterImpl (MiniOzoneClusterImpl.java:lambda$waitForClusterToBeReady$0(220)) - Waiting for cluster to exit safe mode
2023-01-03 10:08:04,309 [Listener at 127.0.0.1/46431] INFO  ozone.MiniOzoneClusterImpl (MiniOzoneClusterImpl.java:lambda$waitForClusterToBeReady$0(222)) - SCM became leader
2023-01-03 10:08:04,318 [EventQueue-CommandQueueReportForCommandQueueReportHandler] WARN  events.EventQueue (EventQueue.java:fireEvent(216)) - No event handler registered for event TypedEvent{payloadType=DatanodeDetails, name='Datanode_Command_Queue_Updated'}
2023-01-03 10:08:04,391 [EventQueue-CommandQueueReportForCommandQueueReportHandler] WARN  events.EventQueue (EventQueue.java:fireEvent(216)) - No event handler registered for event TypedEvent{payloadType=DatanodeDetails, name='Datanode_Command_Queue_Updated'}
2023-01-03 10:08:04,728 [EventQueue-CommandQueueReportForCommandQueueReportHandler] WARN  events.EventQueue (EventQueue.java:fireEvent(216)) - No event handler registered for event TypedEvent{payloadType=DatanodeDetails, name='Datanode_Command_Queue_Updated'}
2023-01-03 10:08:05,041 [EventQueue-CommandQueueReportForCommandQueueReportHandler] WARN  events.EventQueue (EventQueue.java:fireEvent(216)) - No event handler registered for event TypedEvent{payloadType=DatanodeDetails, name='Datanode_Command_Queue_Updated'}
2023-01-03 10:08:05,225 [EventQueue-CommandQueueReportForCommandQueueReportHandler] WARN  events.EventQueue (EventQueue.java:fireEvent(216)) - No event handler registered for event TypedEvent{payloadType=DatanodeDetails, name='Datanode_Command_Queue_Updated'}
2023-01-03 10:08:05,309 [Listener at 127.0.0.1/46431] INFO  ozone.MiniOzoneClusterImpl (MiniOzoneClusterImpl.java:lambda$waitForClusterToBeReady$0(217)) - Nodes are ready. Got 5 of 5 DN Heartbeats.
2023-01-03 10:08:05,310 [Listener at 127.0.0.1/46431] INFO  ozone.MiniOzoneClusterImpl (MiniOzoneClusterImpl.java:lambda$waitForClusterToBeReady$0(220)) - Waiting for cluster to exit safe mode
2023-01-03 10:08:05,310 [Listener at 127.0.0.1/46431] INFO  ozone.MiniOzoneClusterImpl (MiniOzoneClusterImpl.java:lambda$waitForClusterToBeReady$0(222)) - SCM became leader
2023-01-03 10:08:05,318 [EventQueue-CommandQueueReportForCommandQueueReportHandler] WARN  events.EventQueue (EventQueue.java:fireEvent(216)) - No event handler registered for event TypedEvent{payloadType=DatanodeDetails, name='Datanode_Command_Queue_Updated'}
2023-01-03 10:08:05,388 [EventQueue-CommandQueueReportForCommandQueueReportHandler] WARN  events.EventQueue (EventQueue.java:fireEvent(216)) - No event handler registered for event TypedEvent{payloadType=DatanodeDetails, name='Datanode_Command_Queue_Updated'}
2023-01-03 10:08:05,728 [EventQueue-CommandQueueReportForCommandQueueReportHandler] WARN  events.EventQueue (EventQueue.java:fireEvent(216)) - No event handler registered for event TypedEvent{payloadType=DatanodeDetails, name='Datanode_Command_Queue_Updated'}
2023-01-03 10:08:06,041 [EventQueue-CommandQueueReportForCommandQueueReportHandler] WARN  events.EventQueue (EventQueue.java:fireEvent(216)) - No event handler registered for event TypedEvent{payloadType=DatanodeDetails, name='Datanode_Command_Queue_Updated'}
2023-01-03 10:08:06,225 [EventQueue-CommandQueueReportForCommandQueueReportHandler] WARN  events.EventQueue (EventQueue.java:fireEvent(216)) - No event handler registered for event TypedEvent{payloadType=DatanodeDetails, name='Datanode_Command_Queue_Updated'}
2023-01-03 10:08:06,243 [6197d2f5-af8d-4e13-93f4-b3dc0462d19d@group-BADC9E495150-FollowerState] INFO  impl.FollowerState (FollowerState.java:run(143)) - 6197d2f5-af8d-4e13-93f4-b3dc0462d19d@group-BADC9E495150-FollowerState: change to CANDIDATE, lastRpcElapsedTime:5057448777ns, electionTimeout:5057ms
2023-01-03 10:08:06,243 [6197d2f5-af8d-4e13-93f4-b3dc0462d19d@group-BADC9E495150-FollowerState] INFO  impl.RoleInfo (RoleInfo.java:shutdownFollowerState(110)) - 6197d2f5-af8d-4e13-93f4-b3dc0462d19d: shutdown 6197d2f5-af8d-4e13-93f4-b3dc0462d19d@group-BADC9E495150-FollowerState
2023-01-03 10:08:06,243 [6197d2f5-af8d-4e13-93f4-b3dc0462d19d@group-BADC9E495150-FollowerState] INFO  server.RaftServer$Division (RaftServerImpl.java:setRole(321)) - 6197d2f5-af8d-4e13-93f4-b3dc0462d19d@group-BADC9E495150: changes role from  FOLLOWER to CANDIDATE at term 0 for changeToCandidate
2023-01-03 10:08:06,243 [6197d2f5-af8d-4e13-93f4-b3dc0462d19d@group-BADC9E495150-FollowerState] INFO  server.RaftServerConfigKeys (ConfUtils.java:logGet(46)) - raft.server.leaderelection.pre-vote = false (custom)
2023-01-03 10:08:06,243 [6197d2f5-af8d-4e13-93f4-b3dc0462d19d@group-BADC9E495150-FollowerState] INFO  impl.RoleInfo (RoleInfo.java:updateAndGet(139)) - 6197d2f5-af8d-4e13-93f4-b3dc0462d19d: start 6197d2f5-af8d-4e13-93f4-b3dc0462d19d@group-BADC9E495150-LeaderElection24
2023-01-03 10:08:06,248 [6197d2f5-af8d-4e13-93f4-b3dc0462d19d@group-BADC9E495150-LeaderElection24] INFO  impl.LeaderElection (LeaderElection.java:askForVotes(312)) - 6197d2f5-af8d-4e13-93f4-b3dc0462d19d@group-BADC9E495150-LeaderElection24 ELECTION round 0: submit vote requests at term 1 for -1: peers:[c7e71a96-70a3-435a-a6b2-b0df4fa5b7cd|rpc:10.1.0.13:35743|dataStream:10.1.0.13:37175|priority:0|startupRole:FOLLOWER, ceb62289-e61f-4ee7-8769-746790ce93a5|rpc:10.1.0.13:39919|dataStream:10.1.0.13:34319|priority:1|startupRole:FOLLOWER, 6197d2f5-af8d-4e13-93f4-b3dc0462d19d|rpc:10.1.0.13:44689|dataStream:10.1.0.13:34149|priority:0|startupRole:FOLLOWER]|listeners:[], old=null
2023-01-03 10:08:06,248 [6197d2f5-af8d-4e13-93f4-b3dc0462d19d@group-BADC9E495150-LeaderElection24] INFO  server.RaftServerConfigKeys (ConfUtils.java:logFallback(53)) - raft.server.rpc.first-election.timeout.min = 5s (fallback to raft.server.rpc.timeout.min)
2023-01-03 10:08:06,248 [6197d2f5-af8d-4e13-93f4-b3dc0462d19d@group-BADC9E495150-LeaderElection24-1] INFO  server.GrpcServerProtocolClient (GrpcServerProtocolClient.java:<init>(63)) - Build channel for c7e71a96-70a3-435a-a6b2-b0df4fa5b7cd
2023-01-03 10:08:06,248 [6197d2f5-af8d-4e13-93f4-b3dc0462d19d@group-BADC9E495150-LeaderElection24] INFO  server.RaftServerConfigKeys (ConfUtils.java:logFallback(53)) - raft.server.rpc.first-election.timeout.max = 5200ms (fallback to raft.server.rpc.timeout.max)
2023-01-03 10:08:06,249 [6197d2f5-af8d-4e13-93f4-b3dc0462d19d@group-BADC9E495150-LeaderElection24-2] INFO  server.GrpcServerProtocolClient (GrpcServerProtocolClient.java:<init>(63)) - Build channel for ceb62289-e61f-4ee7-8769-746790ce93a5
2023-01-03 10:08:06,253 [c7e71a96-70a3-435a-a6b2-b0df4fa5b7cd@group-B9BE0C5944DA-FollowerState] INFO  impl.FollowerState (FollowerState.java:run(143)) - c7e71a96-70a3-435a-a6b2-b0df4fa5b7cd@group-B9BE0C5944DA-FollowerState: change to CANDIDATE, lastRpcElapsedTime:5021126063ns, electionTimeout:5020ms
2023-01-03 10:08:06,254 [c7e71a96-70a3-435a-a6b2-b0df4fa5b7cd@group-B9BE0C5944DA-FollowerState] INFO  impl.RoleInfo (RoleInfo.java:shutdownFollowerState(110)) - c7e71a96-70a3-435a-a6b2-b0df4fa5b7cd: shutdown c7e71a96-70a3-435a-a6b2-b0df4fa5b7cd@group-B9BE0C5944DA-FollowerState
2023-01-03 10:08:06,254 [c7e71a96-70a3-435a-a6b2-b0df4fa5b7cd@group-B9BE0C5944DA-FollowerState] INFO  server.RaftServer$Division (RaftServerImpl.java:setRole(321)) - c7e71a96-70a3-435a-a6b2-b0df4fa5b7cd@group-B9BE0C5944DA: changes role from  FOLLOWER to CANDIDATE at term 0 for changeToCandidate
2023-01-03 10:08:06,254 [c7e71a96-70a3-435a-a6b2-b0df4fa5b7cd@group-B9BE0C5944DA-FollowerState] INFO  server.RaftServerConfigKeys (ConfUtils.java:logGet(46)) - raft.server.leaderelection.pre-vote = false (custom)
2023-01-03 10:08:06,254 [c7e71a96-70a3-435a-a6b2-b0df4fa5b7cd@group-B9BE0C5944DA-FollowerState] INFO  impl.RoleInfo (RoleInfo.java:updateAndGet(139)) - c7e71a96-70a3-435a-a6b2-b0df4fa5b7cd: start c7e71a96-70a3-435a-a6b2-b0df4fa5b7cd@group-B9BE0C5944DA-LeaderElection25
2023-01-03 10:08:06,258 [grpc-default-executor-13] INFO  server.RaftServer$Division (RaftServerImpl.java:requestVote(1218)) - ceb62289-e61f-4ee7-8769-746790ce93a5@group-BADC9E495150: receive requestVote(ELECTION, 6197d2f5-af8d-4e13-93f4-b3dc0462d19d, group-BADC9E495150, 1, (t:0, i:0))
2023-01-03 10:08:06,258 [grpc-default-executor-13] INFO  impl.VoteContext (VoteContext.java:log(49)) - ceb62289-e61f-4ee7-8769-746790ce93a5@group-BADC9E495150-FOLLOWER: reject ELECTION from 6197d2f5-af8d-4e13-93f4-b3dc0462d19d: our priority 1 > candidate's priority 0
2023-01-03 10:08:06,258 [grpc-default-executor-13] INFO  server.RaftServer$Division (RaftServerImpl.java:setRole(321)) - ceb62289-e61f-4ee7-8769-746790ce93a5@group-BADC9E495150: changes role from  FOLLOWER to FOLLOWER at term 1 for candidate:6197d2f5-af8d-4e13-93f4-b3dc0462d19d
2023-01-03 10:08:06,258 [grpc-default-executor-13] INFO  impl.RoleInfo (RoleInfo.java:shutdownFollowerState(110)) - ceb62289-e61f-4ee7-8769-746790ce93a5: shutdown ceb62289-e61f-4ee7-8769-746790ce93a5@group-BADC9E495150-FollowerState
2023-01-03 10:08:06,258 [grpc-default-executor-13] INFO  impl.RoleInfo (RoleInfo.java:updateAndGet(139)) - ceb62289-e61f-4ee7-8769-746790ce93a5: start ceb62289-e61f-4ee7-8769-746790ce93a5@group-BADC9E495150-FollowerState
2023-01-03 10:08:06,258 [ceb62289-e61f-4ee7-8769-746790ce93a5@group-BADC9E495150-FollowerState] INFO  impl.FollowerState (FollowerState.java:run(152)) - ceb62289-e61f-4ee7-8769-746790ce93a5@group-BADC9E495150-FollowerState was interrupted
2023-01-03 10:08:06,259 [ceb62289-e61f-4ee7-8769-746790ce93a5@group-BADC9E495150-FollowerState] INFO  server.RaftServerConfigKeys (ConfUtils.java:logFallback(53)) - raft.server.rpc.first-election.timeout.min = 5s (fallback to raft.server.rpc.timeout.min)
2023-01-03 10:08:06,259 [ceb62289-e61f-4ee7-8769-746790ce93a5@group-BADC9E495150-FollowerState] INFO  server.RaftServerConfigKeys (ConfUtils.java:logFallback(53)) - raft.server.rpc.first-election.timeout.max = 5200ms (fallback to raft.server.rpc.timeout.max)
2023-01-03 10:08:06,259 [grpc-default-executor-13] INFO  server.RaftServer$Division (RaftServerImpl.java:requestVote(1251)) - ceb62289-e61f-4ee7-8769-746790ce93a5@group-BADC9E495150 replies to ELECTION vote request: 6197d2f5-af8d-4e13-93f4-b3dc0462d19d<-ceb62289-e61f-4ee7-8769-746790ce93a5#0:FAIL-t1. Peer's state: ceb62289-e61f-4ee7-8769-746790ce93a5@group-BADC9E495150:t1, leader=null, voted=null, raftlog=Memoized:ceb62289-e61f-4ee7-8769-746790ce93a5@group-BADC9E495150-SegmentedRaftLog:OPENED:c-1, conf=-1: peers:[c7e71a96-70a3-435a-a6b2-b0df4fa5b7cd|rpc:10.1.0.13:35743|dataStream:10.1.0.13:37175|priority:0|startupRole:FOLLOWER, ceb62289-e61f-4ee7-8769-746790ce93a5|rpc:10.1.0.13:39919|dataStream:10.1.0.13:34319|priority:1|startupRole:FOLLOWER, 6197d2f5-af8d-4e13-93f4-b3dc0462d19d|rpc:10.1.0.13:44689|dataStream:10.1.0.13:34149|priority:0|startupRole:FOLLOWER]|listeners:[], old=null
2023-01-03 10:08:06,269 [grpc-default-executor-11] INFO  server.RaftServer$Division (RaftServerImpl.java:requestVote(1218)) - c7e71a96-70a3-435a-a6b2-b0df4fa5b7cd@group-BADC9E495150: receive requestVote(ELECTION, 6197d2f5-af8d-4e13-93f4-b3dc0462d19d, group-BADC9E495150, 1, (t:0, i:0))
2023-01-03 10:08:06,269 [grpc-default-executor-11] INFO  impl.VoteContext (VoteContext.java:log(49)) - c7e71a96-70a3-435a-a6b2-b0df4fa5b7cd@group-BADC9E495150-FOLLOWER: accept ELECTION from 6197d2f5-af8d-4e13-93f4-b3dc0462d19d: our priority 0 <= candidate's priority 0
2023-01-03 10:08:06,269 [grpc-default-executor-11] INFO  server.RaftServer$Division (RaftServerImpl.java:setRole(321)) - c7e71a96-70a3-435a-a6b2-b0df4fa5b7cd@group-BADC9E495150: changes role from  FOLLOWER to FOLLOWER at term 1 for candidate:6197d2f5-af8d-4e13-93f4-b3dc0462d19d
2023-01-03 10:08:06,269 [grpc-default-executor-11] INFO  impl.RoleInfo (RoleInfo.java:shutdownFollowerState(110)) - c7e71a96-70a3-435a-a6b2-b0df4fa5b7cd: shutdown c7e71a96-70a3-435a-a6b2-b0df4fa5b7cd@group-BADC9E495150-FollowerState
2023-01-03 10:08:06,269 [grpc-default-executor-11] INFO  impl.RoleInfo (RoleInfo.java:updateAndGet(139)) - c7e71a96-70a3-435a-a6b2-b0df4fa5b7cd: start c7e71a96-70a3-435a-a6b2-b0df4fa5b7cd@group-BADC9E495150-FollowerState
2023-01-03 10:08:06,269 [c7e71a96-70a3-435a-a6b2-b0df4fa5b7cd@group-BADC9E495150-FollowerState] INFO  impl.FollowerState (FollowerState.java:run(152)) - c7e71a96-70a3-435a-a6b2-b0df4fa5b7cd@group-BADC9E495150-FollowerState was interrupted
2023-01-03 10:08:06,269 [6197d2f5-af8d-4e13-93f4-b3dc0462d19d@group-BADC9E495150-LeaderElection24] INFO  impl.LeaderElection (LeaderElection.java:logAndReturn(90)) - 6197d2f5-af8d-4e13-93f4-b3dc0462d19d@group-BADC9E495150-LeaderElection24: ELECTION REJECTED received 1 response(s) and 0 exception(s):
2023-01-03 10:08:06,269 [6197d2f5-af8d-4e13-93f4-b3dc0462d19d@group-BADC9E495150-LeaderElection24] INFO  impl.LeaderElection (LeaderElection.java:logAndReturn(94)) -   Response 0: 6197d2f5-af8d-4e13-93f4-b3dc0462d19d<-ceb62289-e61f-4ee7-8769-746790ce93a5#0:FAIL-t1
2023-01-03 10:08:06,269 [c7e71a96-70a3-435a-a6b2-b0df4fa5b7cd@group-BADC9E495150-FollowerState] INFO  server.RaftServerConfigKeys (ConfUtils.java:logFallback(53)) - raft.server.rpc.first-election.timeout.min = 5s (fallback to raft.server.rpc.timeout.min)
2023-01-03 10:08:06,269 [c7e71a96-70a3-435a-a6b2-b0df4fa5b7cd@group-BADC9E495150-FollowerState] INFO  server.RaftServerConfigKeys (ConfUtils.java:logFallback(53)) - raft.server.rpc.first-election.timeout.max = 5200ms (fallback to raft.server.rpc.timeout.max)
2023-01-03 10:08:06,270 [6197d2f5-af8d-4e13-93f4-b3dc0462d19d@group-BADC9E495150-LeaderElection24] INFO  impl.LeaderElection (LeaderElection.java:askForVotes(314)) - 6197d2f5-af8d-4e13-93f4-b3dc0462d19d@group-BADC9E495150-LeaderElection24 ELECTION round 0: result REJECTED
2023-01-03 10:08:06,270 [6197d2f5-af8d-4e13-93f4-b3dc0462d19d@group-BADC9E495150-LeaderElection24] INFO  server.RaftServer$Division (RaftServerImpl.java:setRole(321)) - 6197d2f5-af8d-4e13-93f4-b3dc0462d19d@group-BADC9E495150: changes role from CANDIDATE to FOLLOWER at term 1 for REJECTED
2023-01-03 10:08:06,270 [6197d2f5-af8d-4e13-93f4-b3dc0462d19d@group-BADC9E495150-LeaderElection24] INFO  impl.RoleInfo (RoleInfo.java:shutdownLeaderElection(130)) - 6197d2f5-af8d-4e13-93f4-b3dc0462d19d: shutdown 6197d2f5-af8d-4e13-93f4-b3dc0462d19d@group-BADC9E495150-LeaderElection24
2023-01-03 10:08:06,270 [6197d2f5-af8d-4e13-93f4-b3dc0462d19d@group-BADC9E495150-LeaderElection24] INFO  impl.RoleInfo (RoleInfo.java:updateAndGet(139)) - 6197d2f5-af8d-4e13-93f4-b3dc0462d19d: start 6197d2f5-af8d-4e13-93f4-b3dc0462d19d@group-BADC9E495150-FollowerState
2023-01-03 10:08:06,271 [grpc-default-executor-11] INFO  server.RaftServer$Division (RaftServerImpl.java:requestVote(1251)) - c7e71a96-70a3-435a-a6b2-b0df4fa5b7cd@group-BADC9E495150 replies to ELECTION vote request: 6197d2f5-af8d-4e13-93f4-b3dc0462d19d<-c7e71a96-70a3-435a-a6b2-b0df4fa5b7cd#0:OK-t1. Peer's state: c7e71a96-70a3-435a-a6b2-b0df4fa5b7cd@group-BADC9E495150:t1, leader=null, voted=6197d2f5-af8d-4e13-93f4-b3dc0462d19d, raftlog=Memoized:c7e71a96-70a3-435a-a6b2-b0df4fa5b7cd@group-BADC9E495150-SegmentedRaftLog:OPENED:c-1, conf=-1: peers:[c7e71a96-70a3-435a-a6b2-b0df4fa5b7cd|rpc:10.1.0.13:35743|dataStream:10.1.0.13:37175|priority:0|startupRole:FOLLOWER, ceb62289-e61f-4ee7-8769-746790ce93a5|rpc:10.1.0.13:39919|dataStream:10.1.0.13:34319|priority:1|startupRole:FOLLOWER, 6197d2f5-af8d-4e13-93f4-b3dc0462d19d|rpc:10.1.0.13:44689|dataStream:10.1.0.13:34149|priority:0|startupRole:FOLLOWER]|listeners:[], old=null
2023-01-03 10:08:06,272 [c7e71a96-70a3-435a-a6b2-b0df4fa5b7cd@group-B9BE0C5944DA-LeaderElection25] INFO  impl.LeaderElection (LeaderElection.java:askForVotes(312)) - c7e71a96-70a3-435a-a6b2-b0df4fa5b7cd@group-B9BE0C5944DA-LeaderElection25 ELECTION round 0: submit vote requests at term 1 for -1: peers:[c7e71a96-70a3-435a-a6b2-b0df4fa5b7cd|rpc:10.1.0.13:35743|dataStream:10.1.0.13:37175|priority:0|startupRole:FOLLOWER, ceb62289-e61f-4ee7-8769-746790ce93a5|rpc:10.1.0.13:39919|dataStream:10.1.0.13:34319|priority:0|startupRole:FOLLOWER, 6197d2f5-af8d-4e13-93f4-b3dc0462d19d|rpc:10.1.0.13:44689|dataStream:10.1.0.13:34149|priority:1|startupRole:FOLLOWER]|listeners:[], old=null
2023-01-03 10:08:06,272 [6197d2f5-af8d-4e13-93f4-b3dc0462d19d@group-BADC9E495150-FollowerState] INFO  server.RaftServerConfigKeys (ConfUtils.java:logFallback(53)) - raft.server.rpc.first-election.timeout.min = 5s (fallback to raft.server.rpc.timeout.min)
2023-01-03 10:08:06,272 [6197d2f5-af8d-4e13-93f4-b3dc0462d19d@group-BADC9E495150-FollowerState] INFO  server.RaftServerConfigKeys (ConfUtils.java:logFallback(53)) - raft.server.rpc.first-election.timeout.max = 5200ms (fallback to raft.server.rpc.timeout.max)
2023-01-03 10:08:06,272 [c7e71a96-70a3-435a-a6b2-b0df4fa5b7cd@group-B9BE0C5944DA-LeaderElection25] INFO  server.RaftServerConfigKeys (ConfUtils.java:logFallback(53)) - raft.server.rpc.first-election.timeout.min = 5s (fallback to raft.server.rpc.timeout.min)
2023-01-03 10:08:06,272 [c7e71a96-70a3-435a-a6b2-b0df4fa5b7cd@group-B9BE0C5944DA-LeaderElection25] INFO  server.RaftServerConfigKeys (ConfUtils.java:logFallback(53)) - raft.server.rpc.first-election.timeout.max = 5200ms (fallback to raft.server.rpc.timeout.max)
2023-01-03 10:08:06,272 [c7e71a96-70a3-435a-a6b2-b0df4fa5b7cd@group-B9BE0C5944DA-LeaderElection25-1] INFO  server.GrpcServerProtocolClient (GrpcServerProtocolClient.java:<init>(63)) - Build channel for ceb62289-e61f-4ee7-8769-746790ce93a5
2023-01-03 10:08:06,275 [c7e71a96-70a3-435a-a6b2-b0df4fa5b7cd@group-B9BE0C5944DA-LeaderElection25-2] INFO  server.GrpcServerProtocolClient (GrpcServerProtocolClient.java:<init>(63)) - Build channel for 6197d2f5-af8d-4e13-93f4-b3dc0462d19d
2023-01-03 10:08:06,281 [grpc-default-executor-13] INFO  server.RaftServer$Division (RaftServerImpl.java:requestVote(1218)) - 6197d2f5-af8d-4e13-93f4-b3dc0462d19d@group-B9BE0C5944DA: receive requestVote(ELECTION, c7e71a96-70a3-435a-a6b2-b0df4fa5b7cd, group-B9BE0C5944DA, 1, (t:0, i:0))
2023-01-03 10:08:06,281 [grpc-default-executor-13] INFO  impl.VoteContext (VoteContext.java:log(49)) - 6197d2f5-af8d-4e13-93f4-b3dc0462d19d@group-B9BE0C5944DA-FOLLOWER: reject ELECTION from c7e71a96-70a3-435a-a6b2-b0df4fa5b7cd: our priority 1 > candidate's priority 0
2023-01-03 10:08:06,281 [grpc-default-executor-13] INFO  server.RaftServer$Division (RaftServerImpl.java:setRole(321)) - 6197d2f5-af8d-4e13-93f4-b3dc0462d19d@group-B9BE0C5944DA: changes role from  FOLLOWER to FOLLOWER at term 1 for candidate:c7e71a96-70a3-435a-a6b2-b0df4fa5b7cd
2023-01-03 10:08:06,281 [grpc-default-executor-13] INFO  impl.RoleInfo (RoleInfo.java:shutdownFollowerState(110)) - 6197d2f5-af8d-4e13-93f4-b3dc0462d19d: shutdown 6197d2f5-af8d-4e13-93f4-b3dc0462d19d@group-B9BE0C5944DA-FollowerState
2023-01-03 10:08:06,281 [grpc-default-executor-13] INFO  impl.RoleInfo (RoleInfo.java:updateAndGet(139)) - 6197d2f5-af8d-4e13-93f4-b3dc0462d19d: start 6197d2f5-af8d-4e13-93f4-b3dc0462d19d@group-B9BE0C5944DA-FollowerState
2023-01-03 10:08:06,281 [6197d2f5-af8d-4e13-93f4-b3dc0462d19d@group-B9BE0C5944DA-FollowerState] INFO  impl.FollowerState (FollowerState.java:run(152)) - 6197d2f5-af8d-4e13-93f4-b3dc0462d19d@group-B9BE0C5944DA-FollowerState was interrupted
2023-01-03 10:08:06,281 [6197d2f5-af8d-4e13-93f4-b3dc0462d19d@group-B9BE0C5944DA-FollowerState] INFO  server.RaftServerConfigKeys (ConfUtils.java:logFallback(53)) - raft.server.rpc.first-election.timeout.min = 5s (fallback to raft.server.rpc.timeout.min)
2023-01-03 10:08:06,281 [6197d2f5-af8d-4e13-93f4-b3dc0462d19d@group-B9BE0C5944DA-FollowerState] INFO  server.RaftServerConfigKeys (ConfUtils.java:logFallback(53)) - raft.server.rpc.first-election.timeout.max = 5200ms (fallback to raft.server.rpc.timeout.max)
2023-01-03 10:08:06,282 [grpc-default-executor-13] INFO  server.RaftServer$Division (RaftServerImpl.java:requestVote(1251)) - 6197d2f5-af8d-4e13-93f4-b3dc0462d19d@group-B9BE0C5944DA replies to ELECTION vote request: c7e71a96-70a3-435a-a6b2-b0df4fa5b7cd<-6197d2f5-af8d-4e13-93f4-b3dc0462d19d#0:FAIL-t1. Peer's state: 6197d2f5-af8d-4e13-93f4-b3dc0462d19d@group-B9BE0C5944DA:t1, leader=null, voted=null, raftlog=Memoized:6197d2f5-af8d-4e13-93f4-b3dc0462d19d@group-B9BE0C5944DA-SegmentedRaftLog:OPENED:c-1, conf=-1: peers:[c7e71a96-70a3-435a-a6b2-b0df4fa5b7cd|rpc:10.1.0.13:35743|dataStream:10.1.0.13:37175|priority:0|startupRole:FOLLOWER, ceb62289-e61f-4ee7-8769-746790ce93a5|rpc:10.1.0.13:39919|dataStream:10.1.0.13:34319|priority:0|startupRole:FOLLOWER, 6197d2f5-af8d-4e13-93f4-b3dc0462d19d|rpc:10.1.0.13:44689|dataStream:10.1.0.13:34149|priority:1|startupRole:FOLLOWER]|listeners:[], old=null
2023-01-03 10:08:06,284 [grpc-default-executor-11] INFO  server.RaftServer$Division (RaftServerImpl.java:requestVote(1218)) - ceb62289-e61f-4ee7-8769-746790ce93a5@group-B9BE0C5944DA: receive requestVote(ELECTION, c7e71a96-70a3-435a-a6b2-b0df4fa5b7cd, group-B9BE0C5944DA, 1, (t:0, i:0))
2023-01-03 10:08:06,284 [grpc-default-executor-11] INFO  impl.VoteContext (VoteContext.java:log(49)) - ceb62289-e61f-4ee7-8769-746790ce93a5@group-B9BE0C5944DA-FOLLOWER: accept ELECTION from c7e71a96-70a3-435a-a6b2-b0df4fa5b7cd: our priority 0 <= candidate's priority 0
2023-01-03 10:08:06,284 [grpc-default-executor-11] INFO  server.RaftServer$Division (RaftServerImpl.java:setRole(321)) - ceb62289-e61f-4ee7-8769-746790ce93a5@group-B9BE0C5944DA: changes role from  FOLLOWER to FOLLOWER at term 1 for candidate:c7e71a96-70a3-435a-a6b2-b0df4fa5b7cd
2023-01-03 10:08:06,284 [grpc-default-executor-11] INFO  impl.RoleInfo (RoleInfo.java:shutdownFollowerState(110)) - ceb62289-e61f-4ee7-8769-746790ce93a5: shutdown ceb62289-e61f-4ee7-8769-746790ce93a5@group-B9BE0C5944DA-FollowerState
2023-01-03 10:08:06,284 [grpc-default-executor-11] INFO  impl.RoleInfo (RoleInfo.java:updateAndGet(139)) - ceb62289-e61f-4ee7-8769-746790ce93a5: start ceb62289-e61f-4ee7-8769-746790ce93a5@group-B9BE0C5944DA-FollowerState
2023-01-03 10:08:06,284 [ceb62289-e61f-4ee7-8769-746790ce93a5@group-B9BE0C5944DA-FollowerState] INFO  impl.FollowerState (FollowerState.java:run(152)) - ceb62289-e61f-4ee7-8769-746790ce93a5@group-B9BE0C5944DA-FollowerState was interrupted
2023-01-03 10:08:06,290 [ceb62289-e61f-4ee7-8769-746790ce93a5@group-B9BE0C5944DA-FollowerState] INFO  server.RaftServerConfigKeys (ConfUtils.java:logFallback(53)) - raft.server.rpc.first-election.timeout.min = 5s (fallback to raft.server.rpc.timeout.min)
2023-01-03 10:08:06,290 [ceb62289-e61f-4ee7-8769-746790ce93a5@group-B9BE0C5944DA-FollowerState] INFO  server.RaftServerConfigKeys (ConfUtils.java:logFallback(53)) - raft.server.rpc.first-election.timeout.max = 5200ms (fallback to raft.server.rpc.timeout.max)
2023-01-03 10:08:06,290 [grpc-default-executor-11] INFO  server.RaftServer$Division (RaftServerImpl.java:requestVote(1251)) - ceb62289-e61f-4ee7-8769-746790ce93a5@group-B9BE0C5944DA replies to ELECTION vote request: c7e71a96-70a3-435a-a6b2-b0df4fa5b7cd<-ceb62289-e61f-4ee7-8769-746790ce93a5#0:OK-t1. Peer's state: ceb62289-e61f-4ee7-8769-746790ce93a5@group-B9BE0C5944DA:t1, leader=null, voted=c7e71a96-70a3-435a-a6b2-b0df4fa5b7cd, raftlog=Memoized:ceb62289-e61f-4ee7-8769-746790ce93a5@group-B9BE0C5944DA-SegmentedRaftLog:OPENED:c-1, conf=-1: peers:[c7e71a96-70a3-435a-a6b2-b0df4fa5b7cd|rpc:10.1.0.13:35743|dataStream:10.1.0.13:37175|priority:0|startupRole:FOLLOWER, ceb62289-e61f-4ee7-8769-746790ce93a5|rpc:10.1.0.13:39919|dataStream:10.1.0.13:34319|priority:0|startupRole:FOLLOWER, 6197d2f5-af8d-4e13-93f4-b3dc0462d19d|rpc:10.1.0.13:44689|dataStream:10.1.0.13:34149|priority:1|startupRole:FOLLOWER]|listeners:[], old=null
2023-01-03 10:08:06,291 [c7e71a96-70a3-435a-a6b2-b0df4fa5b7cd@group-B9BE0C5944DA-LeaderElection25] INFO  impl.LeaderElection (LeaderElection.java:logAndReturn(90)) - c7e71a96-70a3-435a-a6b2-b0df4fa5b7cd@group-B9BE0C5944DA-LeaderElection25: ELECTION REJECTED received 1 response(s) and 0 exception(s):
2023-01-03 10:08:06,291 [c7e71a96-70a3-435a-a6b2-b0df4fa5b7cd@group-B9BE0C5944DA-LeaderElection25] INFO  impl.LeaderElection (LeaderElection.java:logAndReturn(94)) -   Response 0: c7e71a96-70a3-435a-a6b2-b0df4fa5b7cd<-6197d2f5-af8d-4e13-93f4-b3dc0462d19d#0:FAIL-t1
2023-01-03 10:08:06,291 [c7e71a96-70a3-435a-a6b2-b0df4fa5b7cd@group-B9BE0C5944DA-LeaderElection25] INFO  impl.LeaderElection (LeaderElection.java:askForVotes(314)) - c7e71a96-70a3-435a-a6b2-b0df4fa5b7cd@group-B9BE0C5944DA-LeaderElection25 ELECTION round 0: result REJECTED
2023-01-03 10:08:06,291 [c7e71a96-70a3-435a-a6b2-b0df4fa5b7cd@group-B9BE0C5944DA-LeaderElection25] INFO  server.RaftServer$Division (RaftServerImpl.java:setRole(321)) - c7e71a96-70a3-435a-a6b2-b0df4fa5b7cd@group-B9BE0C5944DA: changes role from CANDIDATE to FOLLOWER at term 1 for REJECTED
2023-01-03 10:08:06,291 [c7e71a96-70a3-435a-a6b2-b0df4fa5b7cd@group-B9BE0C5944DA-LeaderElection25] INFO  impl.RoleInfo (RoleInfo.java:shutdownLeaderElection(130)) - c7e71a96-70a3-435a-a6b2-b0df4fa5b7cd: shutdown c7e71a96-70a3-435a-a6b2-b0df4fa5b7cd@group-B9BE0C5944DA-LeaderElection25
2023-01-03 10:08:06,291 [c7e71a96-70a3-435a-a6b2-b0df4fa5b7cd@group-B9BE0C5944DA-LeaderElection25] INFO  impl.RoleInfo (RoleInfo.java:updateAndGet(139)) - c7e71a96-70a3-435a-a6b2-b0df4fa5b7cd: start c7e71a96-70a3-435a-a6b2-b0df4fa5b7cd@group-B9BE0C5944DA-FollowerState
2023-01-03 10:08:06,291 [c7e71a96-70a3-435a-a6b2-b0df4fa5b7cd@group-B9BE0C5944DA-FollowerState] INFO  server.RaftServerConfigKeys (ConfUtils.java:logFallback(53)) - raft.server.rpc.first-election.timeout.min = 5s (fallback to raft.server.rpc.timeout.min)
2023-01-03 10:08:06,292 [c7e71a96-70a3-435a-a6b2-b0df4fa5b7cd@group-B9BE0C5944DA-FollowerState] INFO  server.RaftServerConfigKeys (ConfUtils.java:logFallback(53)) - raft.server.rpc.first-election.timeout.max = 5200ms (fallback to raft.server.rpc.timeout.max)
2023-01-03 10:08:06,310 [Listener at 127.0.0.1/46431] INFO  ozone.MiniOzoneClusterImpl (MiniOzoneClusterImpl.java:lambda$waitForClusterToBeReady$0(217)) - Nodes are ready. Got 5 of 5 DN Heartbeats.
2023-01-03 10:08:06,310 [Listener at 127.0.0.1/46431] INFO  ozone.MiniOzoneClusterImpl (MiniOzoneClusterImpl.java:lambda$waitForClusterToBeReady$0(220)) - Waiting for cluster to exit safe mode
2023-01-03 10:08:06,310 [Listener at 127.0.0.1/46431] INFO  ozone.MiniOzoneClusterImpl (MiniOzoneClusterImpl.java:lambda$waitForClusterToBeReady$0(222)) - SCM became leader
2023-01-03 10:08:06,317 [EventQueue-CommandQueueReportForCommandQueueReportHandler] WARN  events.EventQueue (EventQueue.java:fireEvent(216)) - No event handler registered for event TypedEvent{payloadType=DatanodeDetails, name='Datanode_Command_Queue_Updated'}
2023-01-03 10:08:06,327 [c7e71a96-70a3-435a-a6b2-b0df4fa5b7cd@group-CB312A0A3989-FollowerState] INFO  impl.FollowerState (FollowerState.java:run(143)) - c7e71a96-70a3-435a-a6b2-b0df4fa5b7cd@group-CB312A0A3989-FollowerState: change to CANDIDATE, lastRpcElapsedTime:5195768508ns, electionTimeout:5194ms
2023-01-03 10:08:06,327 [c7e71a96-70a3-435a-a6b2-b0df4fa5b7cd@group-CB312A0A3989-FollowerState] INFO  impl.RoleInfo (RoleInfo.java:shutdownFollowerState(110)) - c7e71a96-70a3-435a-a6b2-b0df4fa5b7cd: shutdown c7e71a96-70a3-435a-a6b2-b0df4fa5b7cd@group-CB312A0A3989-FollowerState
2023-01-03 10:08:06,327 [c7e71a96-70a3-435a-a6b2-b0df4fa5b7cd@group-CB312A0A3989-FollowerState] INFO  server.RaftServer$Division (RaftServerImpl.java:setRole(321)) - c7e71a96-70a3-435a-a6b2-b0df4fa5b7cd@group-CB312A0A3989: changes role from  FOLLOWER to CANDIDATE at term 0 for changeToCandidate
2023-01-03 10:08:06,327 [c7e71a96-70a3-435a-a6b2-b0df4fa5b7cd@group-CB312A0A3989-FollowerState] INFO  server.RaftServerConfigKeys (ConfUtils.java:logGet(46)) - raft.server.leaderelection.pre-vote = false (custom)
2023-01-03 10:08:06,327 [c7e71a96-70a3-435a-a6b2-b0df4fa5b7cd@group-CB312A0A3989-FollowerState] INFO  impl.RoleInfo (RoleInfo.java:updateAndGet(139)) - c7e71a96-70a3-435a-a6b2-b0df4fa5b7cd: start c7e71a96-70a3-435a-a6b2-b0df4fa5b7cd@group-CB312A0A3989-LeaderElection26
2023-01-03 10:08:06,330 [c7e71a96-70a3-435a-a6b2-b0df4fa5b7cd@group-CB312A0A3989-LeaderElection26] INFO  impl.LeaderElection (LeaderElection.java:askForVotes(312)) - c7e71a96-70a3-435a-a6b2-b0df4fa5b7cd@group-CB312A0A3989-LeaderElection26 ELECTION round 0: submit vote requests at term 1 for -1: peers:[c7e71a96-70a3-435a-a6b2-b0df4fa5b7cd|rpc:10.1.0.13:35743|dataStream:10.1.0.13:37175|priority:1|startupRole:FOLLOWER]|listeners:[], old=null
2023-01-03 10:08:06,330 [c7e71a96-70a3-435a-a6b2-b0df4fa5b7cd@group-CB312A0A3989-LeaderElection26] INFO  impl.LeaderElection (LeaderElection.java:askForVotes(314)) - c7e71a96-70a3-435a-a6b2-b0df4fa5b7cd@group-CB312A0A3989-LeaderElection26 ELECTION round 0: result PASSED (term=1)
2023-01-03 10:08:06,330 [c7e71a96-70a3-435a-a6b2-b0df4fa5b7cd@group-CB312A0A3989-LeaderElection26] INFO  impl.RoleInfo (RoleInfo.java:shutdownLeaderElection(130)) - c7e71a96-70a3-435a-a6b2-b0df4fa5b7cd: shutdown c7e71a96-70a3-435a-a6b2-b0df4fa5b7cd@group-CB312A0A3989-LeaderElection26
2023-01-03 10:08:06,330 [c7e71a96-70a3-435a-a6b2-b0df4fa5b7cd@group-CB312A0A3989-LeaderElection26] INFO  server.RaftServer$Division (RaftServerImpl.java:setRole(321)) - c7e71a96-70a3-435a-a6b2-b0df4fa5b7cd@group-CB312A0A3989: changes role from CANDIDATE to LEADER at term 1 for changeToLeader
2023-01-03 10:08:06,330 [c7e71a96-70a3-435a-a6b2-b0df4fa5b7cd@group-CB312A0A3989-LeaderElection26] INFO  ratis.XceiverServerRatis (XceiverServerRatis.java:handleLeaderChangedNotification(904)) - Leader change notification received for group: group-CB312A0A3989 with new leaderId: c7e71a96-70a3-435a-a6b2-b0df4fa5b7cd
2023-01-03 10:08:06,330 [c7e71a96-70a3-435a-a6b2-b0df4fa5b7cd@group-CB312A0A3989-LeaderElection26] INFO  server.RaftServer$Division (ServerState.java:setLeader(313)) - c7e71a96-70a3-435a-a6b2-b0df4fa5b7cd@group-CB312A0A3989: change Leader from null to c7e71a96-70a3-435a-a6b2-b0df4fa5b7cd at term 1 for becomeLeader, leader elected after 5263ms
2023-01-03 10:08:06,330 [c7e71a96-70a3-435a-a6b2-b0df4fa5b7cd@group-CB312A0A3989-LeaderElection26] INFO  server.RaftServerConfigKeys (ConfUtils.java:logGet(46)) - raft.server.staging.catchup.gap = 1000 (default)
2023-01-03 10:08:06,330 [c7e71a96-70a3-435a-a6b2-b0df4fa5b7cd@group-CB312A0A3989-LeaderElection26] INFO  server.RaftServerConfigKeys (ConfUtils.java:logGet(46)) - raft.server.write.element-limit = 1024 (custom)
2023-01-03 10:08:06,331 [c7e71a96-70a3-435a-a6b2-b0df4fa5b7cd@group-CB312A0A3989-LeaderElection26] INFO  server.RaftServerConfigKeys (ConfUtils.java:logGet(46)) - raft.server.write.byte-limit = 1024 M (=1073741824) (custom)
2023-01-03 10:08:06,331 [c7e71a96-70a3-435a-a6b2-b0df4fa5b7cd@group-CB312A0A3989-LeaderElection26] INFO  server.RaftServerConfigKeys (ConfUtils.java:logGet(46)) - raft.server.watch.timeout = 180s (custom)
2023-01-03 10:08:06,331 [c7e71a96-70a3-435a-a6b2-b0df4fa5b7cd@group-CB312A0A3989-LeaderElection26] INFO  server.RaftServerConfigKeys (ConfUtils.java:logGet(46)) - raft.server.watch.timeout.denomination = 1s (default)
2023-01-03 10:08:06,331 [c7e71a96-70a3-435a-a6b2-b0df4fa5b7cd@group-CB312A0A3989-LeaderElection26] INFO  server.RaftServerConfigKeys (ConfUtils.java:logGet(46)) - raft.server.watch.element-limit = 65536 (default)
2023-01-03 10:08:06,331 [EventQueue-CommandQueueReportForCommandQueueReportHandler] WARN  events.EventQueue (EventQueue.java:fireEvent(216)) - No event handler registered for event TypedEvent{payloadType=DatanodeDetails, name='Datanode_Command_Queue_Updated'}
2023-01-03 10:08:06,331 [c7e71a96-70a3-435a-a6b2-b0df4fa5b7cd@group-CB312A0A3989-LeaderElection26] INFO  server.RaftServerConfigKeys (ConfUtils.java:logGet(46)) - raft.server.write.element-limit = 1024 (custom)
2023-01-03 10:08:06,331 [c7e71a96-70a3-435a-a6b2-b0df4fa5b7cd@group-CB312A0A3989-LeaderElection26] INFO  server.RaftServerConfigKeys (ConfUtils.java:logGet(46)) - raft.server.write.follower.gap.ratio.max = -1.0 (default)
2023-01-03 10:08:06,331 [EventQueue-OpenPipelineForHealthyPipelineSafeModeRule] INFO  safemode.SCMSafeModeManager (HealthyPipelineSafeModeRule.java:process(137)) - SCM in safe mode. Healthy pipelines reported count is 0, required healthy pipeline reported count is 1
2023-01-03 10:08:06,331 [c7e71a96-70a3-435a-a6b2-b0df4fa5b7cd@group-CB312A0A3989-LeaderElection26] INFO  impl.RoleInfo (RoleInfo.java:updateAndGet(139)) - c7e71a96-70a3-435a-a6b2-b0df4fa5b7cd: start c7e71a96-70a3-435a-a6b2-b0df4fa5b7cd@group-CB312A0A3989-LeaderStateImpl
2023-01-03 10:08:06,331 [c7e71a96-70a3-435a-a6b2-b0df4fa5b7cd@group-CB312A0A3989-LeaderElection26] INFO  segmented.SegmentedRaftLogWorker (SegmentedRaftLogWorker.java:startLogSegment(452)) - c7e71a96-70a3-435a-a6b2-b0df4fa5b7cd@group-CB312A0A3989-SegmentedRaftLogWorker: Starting segment from index:0
2023-01-03 10:08:06,332 [c7e71a96-70a3-435a-a6b2-b0df4fa5b7cd@group-CB312A0A3989-LeaderElection26] INFO  server.RaftServer$Division (ServerState.java:setRaftConf(430)) - c7e71a96-70a3-435a-a6b2-b0df4fa5b7cd@group-CB312A0A3989: set configuration 0: peers:[c7e71a96-70a3-435a-a6b2-b0df4fa5b7cd|rpc:10.1.0.13:35743|dataStream:10.1.0.13:37175|priority:1|startupRole:FOLLOWER]|listeners:[], old=null
2023-01-03 10:08:06,332 [c7e71a96-70a3-435a-a6b2-b0df4fa5b7cd@group-CB312A0A3989-SegmentedRaftLogWorker] INFO  segmented.SegmentedRaftLogWorker (SegmentedRaftLogWorker.java:execute(656)) - c7e71a96-70a3-435a-a6b2-b0df4fa5b7cd@group-CB312A0A3989-SegmentedRaftLogWorker: created new log segment /home/runner/work/ozone/ozone/hadoop-ozone/integration-test/target/test-dir/MiniOzoneClusterImpl-fa5f3e5f-d2ce-4aac-89a4-435e2b21547f/datanode-0/data/ratis/b98cbcd2-a322-40ea-b2e5-cb312a0a3989/current/log_inprogress_0
2023-01-03 10:08:06,389 [EventQueue-CommandQueueReportForCommandQueueReportHandler] WARN  events.EventQueue (EventQueue.java:fireEvent(216)) - No event handler registered for event TypedEvent{payloadType=DatanodeDetails, name='Datanode_Command_Queue_Updated'}
2023-01-03 10:08:06,519 [6197d2f5-af8d-4e13-93f4-b3dc0462d19d@group-68AA7DEFA024-FollowerState] INFO  impl.FollowerState (FollowerState.java:run(143)) - 6197d2f5-af8d-4e13-93f4-b3dc0462d19d@group-68AA7DEFA024-FollowerState: change to CANDIDATE, lastRpcElapsedTime:5125950086ns, electionTimeout:5125ms
2023-01-03 10:08:06,520 [6197d2f5-af8d-4e13-93f4-b3dc0462d19d@group-68AA7DEFA024-FollowerState] INFO  impl.RoleInfo (RoleInfo.java:shutdownFollowerState(110)) - 6197d2f5-af8d-4e13-93f4-b3dc0462d19d: shutdown 6197d2f5-af8d-4e13-93f4-b3dc0462d19d@group-68AA7DEFA024-FollowerState
2023-01-03 10:08:06,520 [6197d2f5-af8d-4e13-93f4-b3dc0462d19d@group-68AA7DEFA024-FollowerState] INFO  server.RaftServer$Division (RaftServerImpl.java:setRole(321)) - 6197d2f5-af8d-4e13-93f4-b3dc0462d19d@group-68AA7DEFA024: changes role from  FOLLOWER to CANDIDATE at term 0 for changeToCandidate
2023-01-03 10:08:06,520 [6197d2f5-af8d-4e13-93f4-b3dc0462d19d@group-68AA7DEFA024-FollowerState] INFO  server.RaftServerConfigKeys (ConfUtils.java:logGet(46)) - raft.server.leaderelection.pre-vote = false (custom)
2023-01-03 10:08:06,520 [6197d2f5-af8d-4e13-93f4-b3dc0462d19d@group-68AA7DEFA024-FollowerState] INFO  impl.RoleInfo (RoleInfo.java:updateAndGet(139)) - 6197d2f5-af8d-4e13-93f4-b3dc0462d19d: start 6197d2f5-af8d-4e13-93f4-b3dc0462d19d@group-68AA7DEFA024-LeaderElection27
2023-01-03 10:08:06,523 [6197d2f5-af8d-4e13-93f4-b3dc0462d19d@group-68AA7DEFA024-LeaderElection27] INFO  impl.LeaderElection (LeaderElection.java:askForVotes(312)) - 6197d2f5-af8d-4e13-93f4-b3dc0462d19d@group-68AA7DEFA024-LeaderElection27 ELECTION round 0: submit vote requests at term 1 for -1: peers:[6197d2f5-af8d-4e13-93f4-b3dc0462d19d|rpc:10.1.0.13:44689|dataStream:10.1.0.13:34149|priority:1|startupRole:FOLLOWER]|listeners:[], old=null
2023-01-03 10:08:06,523 [6197d2f5-af8d-4e13-93f4-b3dc0462d19d@group-68AA7DEFA024-LeaderElection27] INFO  impl.LeaderElection (LeaderElection.java:askForVotes(314)) - 6197d2f5-af8d-4e13-93f4-b3dc0462d19d@group-68AA7DEFA024-LeaderElection27 ELECTION round 0: result PASSED (term=1)
2023-01-03 10:08:06,523 [6197d2f5-af8d-4e13-93f4-b3dc0462d19d@group-68AA7DEFA024-LeaderElection27] INFO  impl.RoleInfo (RoleInfo.java:shutdownLeaderElection(130)) - 6197d2f5-af8d-4e13-93f4-b3dc0462d19d: shutdown 6197d2f5-af8d-4e13-93f4-b3dc0462d19d@group-68AA7DEFA024-LeaderElection27
2023-01-03 10:08:06,523 [6197d2f5-af8d-4e13-93f4-b3dc0462d19d@group-68AA7DEFA024-LeaderElection27] INFO  server.RaftServer$Division (RaftServerImpl.java:setRole(321)) - 6197d2f5-af8d-4e13-93f4-b3dc0462d19d@group-68AA7DEFA024: changes role from CANDIDATE to LEADER at term 1 for changeToLeader
2023-01-03 10:08:06,523 [6197d2f5-af8d-4e13-93f4-b3dc0462d19d@group-68AA7DEFA024-LeaderElection27] INFO  ratis.XceiverServerRatis (XceiverServerRatis.java:handleLeaderChangedNotification(904)) - Leader change notification received for group: group-68AA7DEFA024 with new leaderId: 6197d2f5-af8d-4e13-93f4-b3dc0462d19d
2023-01-03 10:08:06,523 [6197d2f5-af8d-4e13-93f4-b3dc0462d19d@group-68AA7DEFA024-LeaderElection27] INFO  server.RaftServer$Division (ServerState.java:setLeader(313)) - 6197d2f5-af8d-4e13-93f4-b3dc0462d19d@group-68AA7DEFA024: change Leader from null to 6197d2f5-af8d-4e13-93f4-b3dc0462d19d at term 1 for becomeLeader, leader elected after 5138ms
2023-01-03 10:08:06,523 [6197d2f5-af8d-4e13-93f4-b3dc0462d19d@group-68AA7DEFA024-LeaderElection27] INFO  server.RaftServerConfigKeys (ConfUtils.java:logGet(46)) - raft.server.staging.catchup.gap = 1000 (default)
2023-01-03 10:08:06,523 [6197d2f5-af8d-4e13-93f4-b3dc0462d19d@group-68AA7DEFA024-LeaderElection27] INFO  server.RaftServerConfigKeys (ConfUtils.java:logGet(46)) - raft.server.write.element-limit = 1024 (custom)
2023-01-03 10:08:06,523 [6197d2f5-af8d-4e13-93f4-b3dc0462d19d@group-68AA7DEFA024-LeaderElection27] INFO  server.RaftServerConfigKeys (ConfUtils.java:logGet(46)) - raft.server.write.byte-limit = 1024 M (=1073741824) (custom)
2023-01-03 10:08:06,524 [EventQueue-CommandQueueReportForCommandQueueReportHandler] WARN  events.EventQueue (EventQueue.java:fireEvent(216)) - No event handler registered for event TypedEvent{payloadType=DatanodeDetails, name='Datanode_Command_Queue_Updated'}
2023-01-03 10:08:06,524 [6197d2f5-af8d-4e13-93f4-b3dc0462d19d@group-68AA7DEFA024-LeaderElection27] INFO  server.RaftServerConfigKeys (ConfUtils.java:logGet(46)) - raft.server.watch.timeout = 180s (custom)
2023-01-03 10:08:06,524 [6197d2f5-af8d-4e13-93f4-b3dc0462d19d@group-68AA7DEFA024-LeaderElection27] INFO  server.RaftServerConfigKeys (ConfUtils.java:logGet(46)) - raft.server.watch.timeout.denomination = 1s (default)
2023-01-03 10:08:06,524 [EventQueue-OpenPipelineForHealthyPipelineSafeModeRule] INFO  safemode.SCMSafeModeManager (HealthyPipelineSafeModeRule.java:process(137)) - SCM in safe mode. Healthy pipelines reported count is 0, required healthy pipeline reported count is 1
2023-01-03 10:08:06,524 [6197d2f5-af8d-4e13-93f4-b3dc0462d19d@group-68AA7DEFA024-LeaderElection27] INFO  server.RaftServerConfigKeys (ConfUtils.java:logGet(46)) - raft.server.watch.element-limit = 65536 (default)
2023-01-03 10:08:06,524 [6197d2f5-af8d-4e13-93f4-b3dc0462d19d@group-68AA7DEFA024-LeaderElection27] INFO  server.RaftServerConfigKeys (ConfUtils.java:logGet(46)) - raft.server.write.element-limit = 1024 (custom)
2023-01-03 10:08:06,524 [6197d2f5-af8d-4e13-93f4-b3dc0462d19d@group-68AA7DEFA024-LeaderElection27] INFO  server.RaftServerConfigKeys (ConfUtils.java:logGet(46)) - raft.server.write.follower.gap.ratio.max = -1.0 (default)
2023-01-03 10:08:06,524 [6197d2f5-af8d-4e13-93f4-b3dc0462d19d@group-68AA7DEFA024-LeaderElection27] INFO  impl.RoleInfo (RoleInfo.java:updateAndGet(139)) - 6197d2f5-af8d-4e13-93f4-b3dc0462d19d: start 6197d2f5-af8d-4e13-93f4-b3dc0462d19d@group-68AA7DEFA024-LeaderStateImpl
2023-01-03 10:08:06,524 [6197d2f5-af8d-4e13-93f4-b3dc0462d19d@group-68AA7DEFA024-LeaderElection27] INFO  segmented.SegmentedRaftLogWorker (SegmentedRaftLogWorker.java:startLogSegment(452)) - 6197d2f5-af8d-4e13-93f4-b3dc0462d19d@group-68AA7DEFA024-SegmentedRaftLogWorker: Starting segment from index:0
2023-01-03 10:08:06,525 [6197d2f5-af8d-4e13-93f4-b3dc0462d19d@group-68AA7DEFA024-LeaderElection27] INFO  server.RaftServer$Division (ServerState.java:setRaftConf(430)) - 6197d2f5-af8d-4e13-93f4-b3dc0462d19d@group-68AA7DEFA024: set configuration 0: peers:[6197d2f5-af8d-4e13-93f4-b3dc0462d19d|rpc:10.1.0.13:44689|dataStream:10.1.0.13:34149|priority:1|startupRole:FOLLOWER]|listeners:[], old=null
2023-01-03 10:08:06,526 [6197d2f5-af8d-4e13-93f4-b3dc0462d19d@group-68AA7DEFA024-SegmentedRaftLogWorker] INFO  segmented.SegmentedRaftLogWorker (SegmentedRaftLogWorker.java:execute(656)) - 6197d2f5-af8d-4e13-93f4-b3dc0462d19d@group-68AA7DEFA024-SegmentedRaftLogWorker: created new log segment /home/runner/work/ozone/ozone/hadoop-ozone/integration-test/target/test-dir/MiniOzoneClusterImpl-fa5f3e5f-d2ce-4aac-89a4-435e2b21547f/datanode-1/data/ratis/2f23c0fa-30b8-4b0e-9b7f-68aa7defa024/current/log_inprogress_0
2023-01-03 10:08:06,728 [EventQueue-CommandQueueReportForCommandQueueReportHandler] WARN  events.EventQueue (EventQueue.java:fireEvent(216)) - No event handler registered for event TypedEvent{payloadType=DatanodeDetails, name='Datanode_Command_Queue_Updated'}
2023-01-03 10:08:06,840 [ceb62289-e61f-4ee7-8769-746790ce93a5@group-C8581A5E9AB4-FollowerState] INFO  impl.FollowerState (FollowerState.java:run(143)) - ceb62289-e61f-4ee7-8769-746790ce93a5@group-C8581A5E9AB4-FollowerState: change to CANDIDATE, lastRpcElapsedTime:5104498813ns, electionTimeout:5104ms
2023-01-03 10:08:06,841 [ceb62289-e61f-4ee7-8769-746790ce93a5@group-C8581A5E9AB4-FollowerState] INFO  impl.RoleInfo (RoleInfo.java:shutdownFollowerState(110)) - ceb62289-e61f-4ee7-8769-746790ce93a5: shutdown ceb62289-e61f-4ee7-8769-746790ce93a5@group-C8581A5E9AB4-FollowerState
2023-01-03 10:08:06,841 [ceb62289-e61f-4ee7-8769-746790ce93a5@group-C8581A5E9AB4-FollowerState] INFO  server.RaftServer$Division (RaftServerImpl.java:setRole(321)) - ceb62289-e61f-4ee7-8769-746790ce93a5@group-C8581A5E9AB4: changes role from  FOLLOWER to CANDIDATE at term 0 for changeToCandidate
2023-01-03 10:08:06,841 [ceb62289-e61f-4ee7-8769-746790ce93a5@group-C8581A5E9AB4-FollowerState] INFO  server.RaftServerConfigKeys (ConfUtils.java:logGet(46)) - raft.server.leaderelection.pre-vote = false (custom)
2023-01-03 10:08:06,841 [ceb62289-e61f-4ee7-8769-746790ce93a5@group-C8581A5E9AB4-FollowerState] INFO  impl.RoleInfo (RoleInfo.java:updateAndGet(139)) - ceb62289-e61f-4ee7-8769-746790ce93a5: start ceb62289-e61f-4ee7-8769-746790ce93a5@group-C8581A5E9AB4-LeaderElection28
2023-01-03 10:08:06,843 [ceb62289-e61f-4ee7-8769-746790ce93a5@group-C8581A5E9AB4-LeaderElection28] INFO  impl.LeaderElection (LeaderElection.java:askForVotes(312)) - ceb62289-e61f-4ee7-8769-746790ce93a5@group-C8581A5E9AB4-LeaderElection28 ELECTION round 0: submit vote requests at term 1 for -1: peers:[ceb62289-e61f-4ee7-8769-746790ce93a5|rpc:10.1.0.13:39919|dataStream:10.1.0.13:34319|priority:1|startupRole:FOLLOWER]|listeners:[], old=null
2023-01-03 10:08:06,843 [ceb62289-e61f-4ee7-8769-746790ce93a5@group-C8581A5E9AB4-LeaderElection28] INFO  impl.LeaderElection (LeaderElection.java:askForVotes(314)) - ceb62289-e61f-4ee7-8769-746790ce93a5@group-C8581A5E9AB4-LeaderElection28 ELECTION round 0: result PASSED (term=1)
2023-01-03 10:08:06,844 [ceb62289-e61f-4ee7-8769-746790ce93a5@group-C8581A5E9AB4-LeaderElection28] INFO  impl.RoleInfo (RoleInfo.java:shutdownLeaderElection(130)) - ceb62289-e61f-4ee7-8769-746790ce93a5: shutdown ceb62289-e61f-4ee7-8769-746790ce93a5@group-C8581A5E9AB4-LeaderElection28
2023-01-03 10:08:06,844 [ceb62289-e61f-4ee7-8769-746790ce93a5@group-C8581A5E9AB4-LeaderElection28] INFO  server.RaftServer$Division (RaftServerImpl.java:setRole(321)) - ceb62289-e61f-4ee7-8769-746790ce93a5@group-C8581A5E9AB4: changes role from CANDIDATE to LEADER at term 1 for changeToLeader
2023-01-03 10:08:06,844 [ceb62289-e61f-4ee7-8769-746790ce93a5@group-C8581A5E9AB4-LeaderElection28] INFO  ratis.XceiverServerRatis (XceiverServerRatis.java:handleLeaderChangedNotification(904)) - Leader change notification received for group: group-C8581A5E9AB4 with new leaderId: ceb62289-e61f-4ee7-8769-746790ce93a5
2023-01-03 10:08:06,844 [ceb62289-e61f-4ee7-8769-746790ce93a5@group-C8581A5E9AB4-LeaderElection28] INFO  server.RaftServer$Division (ServerState.java:setLeader(313)) - ceb62289-e61f-4ee7-8769-746790ce93a5@group-C8581A5E9AB4: change Leader from null to ceb62289-e61f-4ee7-8769-746790ce93a5 at term 1 for becomeLeader, leader elected after 5119ms
2023-01-03 10:08:06,844 [ceb62289-e61f-4ee7-8769-746790ce93a5@group-C8581A5E9AB4-LeaderElection28] INFO  server.RaftServerConfigKeys (ConfUtils.java:logGet(46)) - raft.server.staging.catchup.gap = 1000 (default)
2023-01-03 10:08:06,844 [ceb62289-e61f-4ee7-8769-746790ce93a5@group-C8581A5E9AB4-LeaderElection28] INFO  server.RaftServerConfigKeys (ConfUtils.java:logGet(46)) - raft.server.write.element-limit = 1024 (custom)
2023-01-03 10:08:06,844 [ceb62289-e61f-4ee7-8769-746790ce93a5@group-C8581A5E9AB4-LeaderElection28] INFO  server.RaftServerConfigKeys (ConfUtils.java:logGet(46)) - raft.server.write.byte-limit = 1024 M (=1073741824) (custom)
2023-01-03 10:08:06,844 [ceb62289-e61f-4ee7-8769-746790ce93a5@group-C8581A5E9AB4-LeaderElection28] INFO  server.RaftServerConfigKeys (ConfUtils.java:logGet(46)) - raft.server.watch.timeout = 180s (custom)
2023-01-03 10:08:06,844 [ceb62289-e61f-4ee7-8769-746790ce93a5@group-C8581A5E9AB4-LeaderElection28] INFO  server.RaftServerConfigKeys (ConfUtils.java:logGet(46)) - raft.server.watch.timeout.denomination = 1s (default)
2023-01-03 10:08:06,845 [EventQueue-OpenPipelineForHealthyPipelineSafeModeRule] INFO  safemode.SCMSafeModeManager (HealthyPipelineSafeModeRule.java:process(137)) - SCM in safe mode. Healthy pipelines reported count is 0, required healthy pipeline reported count is 1
2023-01-03 10:08:06,844 [EventQueue-CommandQueueReportForCommandQueueReportHandler] WARN  events.EventQueue (EventQueue.java:fireEvent(216)) - No event handler registered for event TypedEvent{payloadType=DatanodeDetails, name='Datanode_Command_Queue_Updated'}
2023-01-03 10:08:06,845 [ceb62289-e61f-4ee7-8769-746790ce93a5@group-C8581A5E9AB4-LeaderElection28] INFO  server.RaftServerConfigKeys (ConfUtils.java:logGet(46)) - raft.server.watch.element-limit = 65536 (default)
2023-01-03 10:08:06,847 [ceb62289-e61f-4ee7-8769-746790ce93a5@group-C8581A5E9AB4-LeaderElection28] INFO  server.RaftServerConfigKeys (ConfUtils.java:logGet(46)) - raft.server.write.element-limit = 1024 (custom)
2023-01-03 10:08:06,847 [ceb62289-e61f-4ee7-8769-746790ce93a5@group-C8581A5E9AB4-LeaderElection28] INFO  server.RaftServerConfigKeys (ConfUtils.java:logGet(46)) - raft.server.write.follower.gap.ratio.max = -1.0 (default)
2023-01-03 10:08:06,847 [ceb62289-e61f-4ee7-8769-746790ce93a5@group-C8581A5E9AB4-LeaderElection28] INFO  impl.RoleInfo (RoleInfo.java:updateAndGet(139)) - ceb62289-e61f-4ee7-8769-746790ce93a5: start ceb62289-e61f-4ee7-8769-746790ce93a5@group-C8581A5E9AB4-LeaderStateImpl
2023-01-03 10:08:06,847 [ceb62289-e61f-4ee7-8769-746790ce93a5@group-C8581A5E9AB4-LeaderElection28] INFO  segmented.SegmentedRaftLogWorker (SegmentedRaftLogWorker.java:startLogSegment(452)) - ceb62289-e61f-4ee7-8769-746790ce93a5@group-C8581A5E9AB4-SegmentedRaftLogWorker: Starting segment from index:0
2023-01-03 10:08:06,848 [ceb62289-e61f-4ee7-8769-746790ce93a5@group-C8581A5E9AB4-LeaderElection28] INFO  server.RaftServer$Division (ServerState.java:setRaftConf(430)) - ceb62289-e61f-4ee7-8769-746790ce93a5@group-C8581A5E9AB4: set configuration 0: peers:[ceb62289-e61f-4ee7-8769-746790ce93a5|rpc:10.1.0.13:39919|dataStream:10.1.0.13:34319|priority:1|startupRole:FOLLOWER]|listeners:[], old=null
2023-01-03 10:08:06,848 [ceb62289-e61f-4ee7-8769-746790ce93a5@group-C8581A5E9AB4-SegmentedRaftLogWorker] INFO  segmented.SegmentedRaftLogWorker (SegmentedRaftLogWorker.java:execute(656)) - ceb62289-e61f-4ee7-8769-746790ce93a5@group-C8581A5E9AB4-SegmentedRaftLogWorker: created new log segment /home/runner/work/ozone/ozone/hadoop-ozone/integration-test/target/test-dir/MiniOzoneClusterImpl-fa5f3e5f-d2ce-4aac-89a4-435e2b21547f/datanode-2/data/ratis/42b973d7-bc8d-4613-a093-c8581a5e9ab4/current/log_inprogress_0
2023-01-03 10:08:07,042 [EventQueue-CommandQueueReportForCommandQueueReportHandler] WARN  events.EventQueue (EventQueue.java:fireEvent(216)) - No event handler registered for event TypedEvent{payloadType=DatanodeDetails, name='Datanode_Command_Queue_Updated'}
2023-01-03 10:08:07,187 [92295612-f13b-4ff2-b823-10ec710f5439@group-D785938E0FCF-FollowerState] INFO  impl.FollowerState (FollowerState.java:run(143)) - 92295612-f13b-4ff2-b823-10ec710f5439@group-D785938E0FCF-FollowerState: change to CANDIDATE, lastRpcElapsedTime:5140421418ns, electionTimeout:5140ms
2023-01-03 10:08:07,187 [92295612-f13b-4ff2-b823-10ec710f5439@group-D785938E0FCF-FollowerState] INFO  impl.RoleInfo (RoleInfo.java:shutdownFollowerState(110)) - 92295612-f13b-4ff2-b823-10ec710f5439: shutdown 92295612-f13b-4ff2-b823-10ec710f5439@group-D785938E0FCF-FollowerState
2023-01-03 10:08:07,187 [92295612-f13b-4ff2-b823-10ec710f5439@group-D785938E0FCF-FollowerState] INFO  server.RaftServer$Division (RaftServerImpl.java:setRole(321)) - 92295612-f13b-4ff2-b823-10ec710f5439@group-D785938E0FCF: changes role from  FOLLOWER to CANDIDATE at term 0 for changeToCandidate
2023-01-03 10:08:07,187 [92295612-f13b-4ff2-b823-10ec710f5439@group-D785938E0FCF-FollowerState] INFO  server.RaftServerConfigKeys (ConfUtils.java:logGet(46)) - raft.server.leaderelection.pre-vote = false (custom)
2023-01-03 10:08:07,187 [92295612-f13b-4ff2-b823-10ec710f5439@group-D785938E0FCF-FollowerState] INFO  impl.RoleInfo (RoleInfo.java:updateAndGet(139)) - 92295612-f13b-4ff2-b823-10ec710f5439: start 92295612-f13b-4ff2-b823-10ec710f5439@group-D785938E0FCF-LeaderElection29
2023-01-03 10:08:07,189 [92295612-f13b-4ff2-b823-10ec710f5439@group-D785938E0FCF-LeaderElection29] INFO  impl.LeaderElection (LeaderElection.java:askForVotes(312)) - 92295612-f13b-4ff2-b823-10ec710f5439@group-D785938E0FCF-LeaderElection29 ELECTION round 0: submit vote requests at term 1 for -1: peers:[92295612-f13b-4ff2-b823-10ec710f5439|rpc:10.1.0.13:39873|dataStream:10.1.0.13:42237|priority:1|startupRole:FOLLOWER]|listeners:[], old=null
2023-01-03 10:08:07,189 [92295612-f13b-4ff2-b823-10ec710f5439@group-D785938E0FCF-LeaderElection29] INFO  impl.LeaderElection (LeaderElection.java:askForVotes(314)) - 92295612-f13b-4ff2-b823-10ec710f5439@group-D785938E0FCF-LeaderElection29 ELECTION round 0: result PASSED (term=1)
2023-01-03 10:08:07,190 [92295612-f13b-4ff2-b823-10ec710f5439@group-D785938E0FCF-LeaderElection29] INFO  impl.RoleInfo (RoleInfo.java:shutdownLeaderElection(130)) - 92295612-f13b-4ff2-b823-10ec710f5439: shutdown 92295612-f13b-4ff2-b823-10ec710f5439@group-D785938E0FCF-LeaderElection29
2023-01-03 10:08:07,190 [92295612-f13b-4ff2-b823-10ec710f5439@group-D785938E0FCF-LeaderElection29] INFO  server.RaftServer$Division (RaftServerImpl.java:setRole(321)) - 92295612-f13b-4ff2-b823-10ec710f5439@group-D785938E0FCF: changes role from CANDIDATE to LEADER at term 1 for changeToLeader
2023-01-03 10:08:07,190 [92295612-f13b-4ff2-b823-10ec710f5439@group-D785938E0FCF-LeaderElection29] INFO  ratis.XceiverServerRatis (XceiverServerRatis.java:handleLeaderChangedNotification(904)) - Leader change notification received for group: group-D785938E0FCF with new leaderId: 92295612-f13b-4ff2-b823-10ec710f5439
2023-01-03 10:08:07,190 [92295612-f13b-4ff2-b823-10ec710f5439@group-D785938E0FCF-LeaderElection29] INFO  server.RaftServer$Division (ServerState.java:setLeader(313)) - 92295612-f13b-4ff2-b823-10ec710f5439@group-D785938E0FCF: change Leader from null to 92295612-f13b-4ff2-b823-10ec710f5439 at term 1 for becomeLeader, leader elected after 5152ms
2023-01-03 10:08:07,190 [92295612-f13b-4ff2-b823-10ec710f5439@group-D785938E0FCF-LeaderElection29] INFO  server.RaftServerConfigKeys (ConfUtils.java:logGet(46)) - raft.server.staging.catchup.gap = 1000 (default)
2023-01-03 10:08:07,190 [92295612-f13b-4ff2-b823-10ec710f5439@group-D785938E0FCF-LeaderElection29] INFO  server.RaftServerConfigKeys (ConfUtils.java:logGet(46)) - raft.server.write.element-limit = 1024 (custom)
2023-01-03 10:08:07,191 [EventQueue-OpenPipelineForHealthyPipelineSafeModeRule] INFO  safemode.SCMSafeModeManager (HealthyPipelineSafeModeRule.java:process(137)) - SCM in safe mode. Healthy pipelines reported count is 0, required healthy pipeline reported count is 1
2023-01-03 10:08:07,190 [EventQueue-CommandQueueReportForCommandQueueReportHandler] WARN  events.EventQueue (EventQueue.java:fireEvent(216)) - No event handler registered for event TypedEvent{payloadType=DatanodeDetails, name='Datanode_Command_Queue_Updated'}
2023-01-03 10:08:07,192 [92295612-f13b-4ff2-b823-10ec710f5439@group-D785938E0FCF-LeaderElection29] INFO  server.RaftServerConfigKeys (ConfUtils.java:logGet(46)) - raft.server.write.byte-limit = 1024 M (=1073741824) (custom)
2023-01-03 10:08:07,192 [92295612-f13b-4ff2-b823-10ec710f5439@group-D785938E0FCF-LeaderElection29] INFO  server.RaftServerConfigKeys (ConfUtils.java:logGet(46)) - raft.server.watch.timeout = 180s (custom)
2023-01-03 10:08:07,192 [92295612-f13b-4ff2-b823-10ec710f5439@group-D785938E0FCF-LeaderElection29] INFO  server.RaftServerConfigKeys (ConfUtils.java:logGet(46)) - raft.server.watch.timeout.denomination = 1s (default)
2023-01-03 10:08:07,192 [92295612-f13b-4ff2-b823-10ec710f5439@group-D785938E0FCF-LeaderElection29] INFO  server.RaftServerConfigKeys (ConfUtils.java:logGet(46)) - raft.server.watch.element-limit = 65536 (default)
2023-01-03 10:08:07,192 [92295612-f13b-4ff2-b823-10ec710f5439@group-D785938E0FCF-LeaderElection29] INFO  server.RaftServerConfigKeys (ConfUtils.java:logGet(46)) - raft.server.write.element-limit = 1024 (custom)
2023-01-03 10:08:07,193 [92295612-f13b-4ff2-b823-10ec710f5439@group-D785938E0FCF-LeaderElection29] INFO  server.RaftServerConfigKeys (ConfUtils.java:logGet(46)) - raft.server.write.follower.gap.ratio.max = -1.0 (default)
2023-01-03 10:08:07,193 [92295612-f13b-4ff2-b823-10ec710f5439@group-D785938E0FCF-LeaderElection29] INFO  impl.RoleInfo (RoleInfo.java:updateAndGet(139)) - 92295612-f13b-4ff2-b823-10ec710f5439: start 92295612-f13b-4ff2-b823-10ec710f5439@group-D785938E0FCF-LeaderStateImpl
2023-01-03 10:08:07,193 [92295612-f13b-4ff2-b823-10ec710f5439@group-D785938E0FCF-LeaderElection29] INFO  segmented.SegmentedRaftLogWorker (SegmentedRaftLogWorker.java:startLogSegment(452)) - 92295612-f13b-4ff2-b823-10ec710f5439@group-D785938E0FCF-SegmentedRaftLogWorker: Starting segment from index:0
2023-01-03 10:08:07,198 [92295612-f13b-4ff2-b823-10ec710f5439@group-D785938E0FCF-LeaderElection29] INFO  server.RaftServer$Division (ServerState.java:setRaftConf(430)) - 92295612-f13b-4ff2-b823-10ec710f5439@group-D785938E0FCF: set configuration 0: peers:[92295612-f13b-4ff2-b823-10ec710f5439|rpc:10.1.0.13:39873|dataStream:10.1.0.13:42237|priority:1|startupRole:FOLLOWER]|listeners:[], old=null
2023-01-03 10:08:07,199 [92295612-f13b-4ff2-b823-10ec710f5439@group-D785938E0FCF-SegmentedRaftLogWorker] INFO  segmented.SegmentedRaftLogWorker (SegmentedRaftLogWorker.java:execute(656)) - 92295612-f13b-4ff2-b823-10ec710f5439@group-D785938E0FCF-SegmentedRaftLogWorker: created new log segment /home/runner/work/ozone/ozone/hadoop-ozone/integration-test/target/test-dir/MiniOzoneClusterImpl-fa5f3e5f-d2ce-4aac-89a4-435e2b21547f/datanode-3/data/ratis/025407b1-041f-4e77-81d4-d785938e0fcf/current/log_inprogress_0
2023-01-03 10:08:07,310 [Listener at 127.0.0.1/46431] INFO  ozone.MiniOzoneClusterImpl (MiniOzoneClusterImpl.java:lambda$waitForClusterToBeReady$0(217)) - Nodes are ready. Got 5 of 5 DN Heartbeats.
2023-01-03 10:08:07,310 [Listener at 127.0.0.1/46431] INFO  ozone.MiniOzoneClusterImpl (MiniOzoneClusterImpl.java:lambda$waitForClusterToBeReady$0(220)) - Waiting for cluster to exit safe mode
2023-01-03 10:08:07,311 [Listener at 127.0.0.1/46431] INFO  ozone.MiniOzoneClusterImpl (MiniOzoneClusterImpl.java:lambda$waitForClusterToBeReady$0(222)) - SCM became leader
2023-01-03 10:08:07,317 [EventQueue-CommandQueueReportForCommandQueueReportHandler] WARN  events.EventQueue (EventQueue.java:fireEvent(216)) - No event handler registered for event TypedEvent{payloadType=DatanodeDetails, name='Datanode_Command_Queue_Updated'}
2023-01-03 10:08:07,331 [EventQueue-CommandQueueReportForCommandQueueReportHandler] WARN  events.EventQueue (EventQueue.java:fireEvent(216)) - No event handler registered for event TypedEvent{payloadType=DatanodeDetails, name='Datanode_Command_Queue_Updated'}
2023-01-03 10:08:07,421 [786d16df-aea0-40f0-824b-581d62f1269e@group-31D7DC334A4C-FollowerState] INFO  impl.FollowerState (FollowerState.java:run(143)) - 786d16df-aea0-40f0-824b-581d62f1269e@group-31D7DC334A4C-FollowerState: change to CANDIDATE, lastRpcElapsedTime:5102010493ns, electionTimeout:5101ms
2023-01-03 10:08:07,421 [786d16df-aea0-40f0-824b-581d62f1269e@group-31D7DC334A4C-FollowerState] INFO  impl.RoleInfo (RoleInfo.java:shutdownFollowerState(110)) - 786d16df-aea0-40f0-824b-581d62f1269e: shutdown 786d16df-aea0-40f0-824b-581d62f1269e@group-31D7DC334A4C-FollowerState
2023-01-03 10:08:07,421 [786d16df-aea0-40f0-824b-581d62f1269e@group-31D7DC334A4C-FollowerState] INFO  server.RaftServer$Division (RaftServerImpl.java:setRole(321)) - 786d16df-aea0-40f0-824b-581d62f1269e@group-31D7DC334A4C: changes role from  FOLLOWER to CANDIDATE at term 0 for changeToCandidate
2023-01-03 10:08:07,421 [786d16df-aea0-40f0-824b-581d62f1269e@group-31D7DC334A4C-FollowerState] INFO  server.RaftServerConfigKeys (ConfUtils.java:logGet(46)) - raft.server.leaderelection.pre-vote = false (custom)
2023-01-03 10:08:07,421 [786d16df-aea0-40f0-824b-581d62f1269e@group-31D7DC334A4C-FollowerState] INFO  impl.RoleInfo (RoleInfo.java:updateAndGet(139)) - 786d16df-aea0-40f0-824b-581d62f1269e: start 786d16df-aea0-40f0-824b-581d62f1269e@group-31D7DC334A4C-LeaderElection30
2023-01-03 10:08:07,427 [786d16df-aea0-40f0-824b-581d62f1269e@group-31D7DC334A4C-LeaderElection30] INFO  impl.LeaderElection (LeaderElection.java:askForVotes(312)) - 786d16df-aea0-40f0-824b-581d62f1269e@group-31D7DC334A4C-LeaderElection30 ELECTION round 0: submit vote requests at term 1 for -1: peers:[786d16df-aea0-40f0-824b-581d62f1269e|rpc:10.1.0.13:45479|dataStream:10.1.0.13:40799|priority:1|startupRole:FOLLOWER]|listeners:[], old=null
2023-01-03 10:08:07,428 [786d16df-aea0-40f0-824b-581d62f1269e@group-31D7DC334A4C-LeaderElection30] INFO  impl.LeaderElection (LeaderElection.java:askForVotes(314)) - 786d16df-aea0-40f0-824b-581d62f1269e@group-31D7DC334A4C-LeaderElection30 ELECTION round 0: result PASSED (term=1)
2023-01-03 10:08:07,428 [786d16df-aea0-40f0-824b-581d62f1269e@group-31D7DC334A4C-LeaderElection30] INFO  impl.RoleInfo (RoleInfo.java:shutdownLeaderElection(130)) - 786d16df-aea0-40f0-824b-581d62f1269e: shutdown 786d16df-aea0-40f0-824b-581d62f1269e@group-31D7DC334A4C-LeaderElection30
2023-01-03 10:08:07,428 [786d16df-aea0-40f0-824b-581d62f1269e@group-31D7DC334A4C-LeaderElection30] INFO  server.RaftServer$Division (RaftServerImpl.java:setRole(321)) - 786d16df-aea0-40f0-824b-581d62f1269e@group-31D7DC334A4C: changes role from CANDIDATE to LEADER at term 1 for changeToLeader
2023-01-03 10:08:07,428 [786d16df-aea0-40f0-824b-581d62f1269e@group-31D7DC334A4C-LeaderElection30] INFO  ratis.XceiverServerRatis (XceiverServerRatis.java:handleLeaderChangedNotification(904)) - Leader change notification received for group: group-31D7DC334A4C with new leaderId: 786d16df-aea0-40f0-824b-581d62f1269e
2023-01-03 10:08:07,428 [786d16df-aea0-40f0-824b-581d62f1269e@group-31D7DC334A4C-LeaderElection30] INFO  server.RaftServer$Division (ServerState.java:setLeader(313)) - 786d16df-aea0-40f0-824b-581d62f1269e@group-31D7DC334A4C: change Leader from null to 786d16df-aea0-40f0-824b-581d62f1269e at term 1 for becomeLeader, leader elected after 5118ms
2023-01-03 10:08:07,428 [786d16df-aea0-40f0-824b-581d62f1269e@group-31D7DC334A4C-LeaderElection30] INFO  server.RaftServerConfigKeys (ConfUtils.java:logGet(46)) - raft.server.staging.catchup.gap = 1000 (default)
2023-01-03 10:08:07,428 [786d16df-aea0-40f0-824b-581d62f1269e@group-31D7DC334A4C-LeaderElection30] INFO  server.RaftServerConfigKeys (ConfUtils.java:logGet(46)) - raft.server.write.element-limit = 1024 (custom)
2023-01-03 10:08:07,428 [786d16df-aea0-40f0-824b-581d62f1269e@group-31D7DC334A4C-LeaderElection30] INFO  server.RaftServerConfigKeys (ConfUtils.java:logGet(46)) - raft.server.write.byte-limit = 1024 M (=1073741824) (custom)
2023-01-03 10:08:07,428 [786d16df-aea0-40f0-824b-581d62f1269e@group-31D7DC334A4C-LeaderElection30] INFO  server.RaftServerConfigKeys (ConfUtils.java:logGet(46)) - raft.server.watch.timeout = 180s (custom)
2023-01-03 10:08:07,428 [EventQueue-CommandQueueReportForCommandQueueReportHandler] WARN  events.EventQueue (EventQueue.java:fireEvent(216)) - No event handler registered for event TypedEvent{payloadType=DatanodeDetails, name='Datanode_Command_Queue_Updated'}
2023-01-03 10:08:07,428 [786d16df-aea0-40f0-824b-581d62f1269e@group-31D7DC334A4C-LeaderElection30] INFO  server.RaftServerConfigKeys (ConfUtils.java:logGet(46)) - raft.server.watch.timeout.denomination = 1s (default)
2023-01-03 10:08:07,429 [786d16df-aea0-40f0-824b-581d62f1269e@group-31D7DC334A4C-LeaderElection30] INFO  server.RaftServerConfigKeys (ConfUtils.java:logGet(46)) - raft.server.watch.element-limit = 65536 (default)
2023-01-03 10:08:07,429 [EventQueue-OpenPipelineForHealthyPipelineSafeModeRule] INFO  safemode.SCMSafeModeManager (HealthyPipelineSafeModeRule.java:process(137)) - SCM in safe mode. Healthy pipelines reported count is 0, required healthy pipeline reported count is 1
2023-01-03 10:08:07,429 [786d16df-aea0-40f0-824b-581d62f1269e@group-31D7DC334A4C-LeaderElection30] INFO  server.RaftServerConfigKeys (ConfUtils.java:logGet(46)) - raft.server.write.element-limit = 1024 (custom)
2023-01-03 10:08:07,429 [786d16df-aea0-40f0-824b-581d62f1269e@group-31D7DC334A4C-LeaderElection30] INFO  server.RaftServerConfigKeys (ConfUtils.java:logGet(46)) - raft.server.write.follower.gap.ratio.max = -1.0 (default)
2023-01-03 10:08:07,429 [786d16df-aea0-40f0-824b-581d62f1269e@group-31D7DC334A4C-LeaderElection30] INFO  impl.RoleInfo (RoleInfo.java:updateAndGet(139)) - 786d16df-aea0-40f0-824b-581d62f1269e: start 786d16df-aea0-40f0-824b-581d62f1269e@group-31D7DC334A4C-LeaderStateImpl
2023-01-03 10:08:07,429 [786d16df-aea0-40f0-824b-581d62f1269e@group-31D7DC334A4C-LeaderElection30] INFO  segmented.SegmentedRaftLogWorker (SegmentedRaftLogWorker.java:startLogSegment(452)) - 786d16df-aea0-40f0-824b-581d62f1269e@group-31D7DC334A4C-SegmentedRaftLogWorker: Starting segment from index:0
2023-01-03 10:08:07,434 [786d16df-aea0-40f0-824b-581d62f1269e@group-31D7DC334A4C-SegmentedRaftLogWorker] INFO  segmented.SegmentedRaftLogWorker (SegmentedRaftLogWorker.java:execute(656)) - 786d16df-aea0-40f0-824b-581d62f1269e@group-31D7DC334A4C-SegmentedRaftLogWorker: created new log segment /home/runner/work/ozone/ozone/hadoop-ozone/integration-test/target/test-dir/MiniOzoneClusterImpl-fa5f3e5f-d2ce-4aac-89a4-435e2b21547f/datanode-4/data/ratis/d34354f2-6ae6-49d6-a889-31d7dc334a4c/current/log_inprogress_0
2023-01-03 10:08:07,434 [786d16df-aea0-40f0-824b-581d62f1269e@group-31D7DC334A4C-LeaderElection30] INFO  server.RaftServer$Division (ServerState.java:setRaftConf(430)) - 786d16df-aea0-40f0-824b-581d62f1269e@group-31D7DC334A4C: set configuration 0: peers:[786d16df-aea0-40f0-824b-581d62f1269e|rpc:10.1.0.13:45479|dataStream:10.1.0.13:40799|priority:1|startupRole:FOLLOWER]|listeners:[], old=null
2023-01-03 10:08:07,524 [EventQueue-CommandQueueReportForCommandQueueReportHandler] WARN  events.EventQueue (EventQueue.java:fireEvent(216)) - No event handler registered for event TypedEvent{payloadType=DatanodeDetails, name='Datanode_Command_Queue_Updated'}
2023-01-03 10:08:07,844 [EventQueue-CommandQueueReportForCommandQueueReportHandler] WARN  events.EventQueue (EventQueue.java:fireEvent(216)) - No event handler registered for event TypedEvent{payloadType=DatanodeDetails, name='Datanode_Command_Queue_Updated'}
2023-01-03 10:08:08,190 [EventQueue-CommandQueueReportForCommandQueueReportHandler] WARN  events.EventQueue (EventQueue.java:fireEvent(216)) - No event handler registered for event TypedEvent{payloadType=DatanodeDetails, name='Datanode_Command_Queue_Updated'}
2023-01-03 10:08:08,311 [Listener at 127.0.0.1/46431] INFO  ozone.MiniOzoneClusterImpl (MiniOzoneClusterImpl.java:lambda$waitForClusterToBeReady$0(217)) - Nodes are ready. Got 5 of 5 DN Heartbeats.
2023-01-03 10:08:08,311 [Listener at 127.0.0.1/46431] INFO  ozone.MiniOzoneClusterImpl (MiniOzoneClusterImpl.java:lambda$waitForClusterToBeReady$0(220)) - Waiting for cluster to exit safe mode
2023-01-03 10:08:08,311 [Listener at 127.0.0.1/46431] INFO  ozone.MiniOzoneClusterImpl (MiniOzoneClusterImpl.java:lambda$waitForClusterToBeReady$0(222)) - SCM became leader
2023-01-03 10:08:08,330 [EventQueue-CommandQueueReportForCommandQueueReportHandler] WARN  events.EventQueue (EventQueue.java:fireEvent(216)) - No event handler registered for event TypedEvent{payloadType=DatanodeDetails, name='Datanode_Command_Queue_Updated'}
2023-01-03 10:08:08,428 [EventQueue-CommandQueueReportForCommandQueueReportHandler] WARN  events.EventQueue (EventQueue.java:fireEvent(216)) - No event handler registered for event TypedEvent{payloadType=DatanodeDetails, name='Datanode_Command_Queue_Updated'}
2023-01-03 10:08:08,523 [EventQueue-CommandQueueReportForCommandQueueReportHandler] WARN  events.EventQueue (EventQueue.java:fireEvent(216)) - No event handler registered for event TypedEvent{payloadType=DatanodeDetails, name='Datanode_Command_Queue_Updated'}
2023-01-03 10:08:08,845 [EventQueue-CommandQueueReportForCommandQueueReportHandler] WARN  events.EventQueue (EventQueue.java:fireEvent(216)) - No event handler registered for event TypedEvent{payloadType=DatanodeDetails, name='Datanode_Command_Queue_Updated'}
2023-01-03 10:08:09,190 [EventQueue-CommandQueueReportForCommandQueueReportHandler] WARN  events.EventQueue (EventQueue.java:fireEvent(216)) - No event handler registered for event TypedEvent{payloadType=DatanodeDetails, name='Datanode_Command_Queue_Updated'}
2023-01-03 10:08:09,311 [Listener at 127.0.0.1/46431] INFO  ozone.MiniOzoneClusterImpl (MiniOzoneClusterImpl.java:lambda$waitForClusterToBeReady$0(217)) - Nodes are ready. Got 5 of 5 DN Heartbeats.
2023-01-03 10:08:09,311 [Listener at 127.0.0.1/46431] INFO  ozone.MiniOzoneClusterImpl (MiniOzoneClusterImpl.java:lambda$waitForClusterToBeReady$0(220)) - Waiting for cluster to exit safe mode
2023-01-03 10:08:09,311 [Listener at 127.0.0.1/46431] INFO  ozone.MiniOzoneClusterImpl (MiniOzoneClusterImpl.java:lambda$waitForClusterToBeReady$0(222)) - SCM became leader
2023-01-03 10:08:09,330 [EventQueue-CommandQueueReportForCommandQueueReportHandler] WARN  events.EventQueue (EventQueue.java:fireEvent(216)) - No event handler registered for event TypedEvent{payloadType=DatanodeDetails, name='Datanode_Command_Queue_Updated'}
2023-01-03 10:08:09,428 [EventQueue-CommandQueueReportForCommandQueueReportHandler] WARN  events.EventQueue (EventQueue.java:fireEvent(216)) - No event handler registered for event TypedEvent{payloadType=DatanodeDetails, name='Datanode_Command_Queue_Updated'}
2023-01-03 10:08:09,524 [EventQueue-CommandQueueReportForCommandQueueReportHandler] WARN  events.EventQueue (EventQueue.java:fireEvent(216)) - No event handler registered for event TypedEvent{payloadType=DatanodeDetails, name='Datanode_Command_Queue_Updated'}
2023-01-03 10:08:09,845 [EventQueue-CommandQueueReportForCommandQueueReportHandler] WARN  events.EventQueue (EventQueue.java:fireEvent(216)) - No event handler registered for event TypedEvent{payloadType=DatanodeDetails, name='Datanode_Command_Queue_Updated'}
2023-01-03 10:08:10,190 [EventQueue-CommandQueueReportForCommandQueueReportHandler] WARN  events.EventQueue (EventQueue.java:fireEvent(216)) - No event handler registered for event TypedEvent{payloadType=DatanodeDetails, name='Datanode_Command_Queue_Updated'}
2023-01-03 10:08:10,312 [Listener at 127.0.0.1/46431] INFO  ozone.MiniOzoneClusterImpl (MiniOzoneClusterImpl.java:lambda$waitForClusterToBeReady$0(217)) - Nodes are ready. Got 5 of 5 DN Heartbeats.
2023-01-03 10:08:10,312 [Listener at 127.0.0.1/46431] INFO  ozone.MiniOzoneClusterImpl (MiniOzoneClusterImpl.java:lambda$waitForClusterToBeReady$0(220)) - Waiting for cluster to exit safe mode
2023-01-03 10:08:10,312 [Listener at 127.0.0.1/46431] INFO  ozone.MiniOzoneClusterImpl (MiniOzoneClusterImpl.java:lambda$waitForClusterToBeReady$0(222)) - SCM became leader
2023-01-03 10:08:10,331 [EventQueue-CommandQueueReportForCommandQueueReportHandler] WARN  events.EventQueue (EventQueue.java:fireEvent(216)) - No event handler registered for event TypedEvent{payloadType=DatanodeDetails, name='Datanode_Command_Queue_Updated'}
2023-01-03 10:08:10,429 [EventQueue-CommandQueueReportForCommandQueueReportHandler] WARN  events.EventQueue (EventQueue.java:fireEvent(216)) - No event handler registered for event TypedEvent{payloadType=DatanodeDetails, name='Datanode_Command_Queue_Updated'}
2023-01-03 10:08:10,523 [EventQueue-CommandQueueReportForCommandQueueReportHandler] WARN  events.EventQueue (EventQueue.java:fireEvent(216)) - No event handler registered for event TypedEvent{payloadType=DatanodeDetails, name='Datanode_Command_Queue_Updated'}
2023-01-03 10:08:10,845 [EventQueue-CommandQueueReportForCommandQueueReportHandler] WARN  events.EventQueue (EventQueue.java:fireEvent(216)) - No event handler registered for event TypedEvent{payloadType=DatanodeDetails, name='Datanode_Command_Queue_Updated'}
2023-01-03 10:08:11,191 [EventQueue-CommandQueueReportForCommandQueueReportHandler] WARN  events.EventQueue (EventQueue.java:fireEvent(216)) - No event handler registered for event TypedEvent{payloadType=DatanodeDetails, name='Datanode_Command_Queue_Updated'}
2023-01-03 10:08:11,300 [c7e71a96-70a3-435a-a6b2-b0df4fa5b7cd@group-BADC9E495150-FollowerState] INFO  server.RaftServerConfigKeys (ConfUtils.java:logFallback(53)) - raft.server.rpc.first-election.timeout.min = 5s (fallback to raft.server.rpc.timeout.min)
2023-01-03 10:08:11,300 [c7e71a96-70a3-435a-a6b2-b0df4fa5b7cd@group-BADC9E495150-FollowerState] INFO  server.RaftServerConfigKeys (ConfUtils.java:logFallback(53)) - raft.server.rpc.first-election.timeout.max = 5200ms (fallback to raft.server.rpc.timeout.max)
2023-01-03 10:08:11,312 [Listener at 127.0.0.1/46431] INFO  ozone.MiniOzoneClusterImpl (MiniOzoneClusterImpl.java:lambda$waitForClusterToBeReady$0(217)) - Nodes are ready. Got 5 of 5 DN Heartbeats.
2023-01-03 10:08:11,312 [Listener at 127.0.0.1/46431] INFO  ozone.MiniOzoneClusterImpl (MiniOzoneClusterImpl.java:lambda$waitForClusterToBeReady$0(220)) - Waiting for cluster to exit safe mode
2023-01-03 10:08:11,312 [Listener at 127.0.0.1/46431] INFO  ozone.MiniOzoneClusterImpl (MiniOzoneClusterImpl.java:lambda$waitForClusterToBeReady$0(222)) - SCM became leader
2023-01-03 10:08:11,332 [EventQueue-CommandQueueReportForCommandQueueReportHandler] WARN  events.EventQueue (EventQueue.java:fireEvent(216)) - No event handler registered for event TypedEvent{payloadType=DatanodeDetails, name='Datanode_Command_Queue_Updated'}
2023-01-03 10:08:11,364 [6197d2f5-af8d-4e13-93f4-b3dc0462d19d@group-B9BE0C5944DA-FollowerState] INFO  impl.FollowerState (FollowerState.java:run(143)) - 6197d2f5-af8d-4e13-93f4-b3dc0462d19d@group-B9BE0C5944DA-FollowerState: change to CANDIDATE, lastRpcElapsedTime:5083249114ns, electionTimeout:5082ms
2023-01-03 10:08:11,364 [6197d2f5-af8d-4e13-93f4-b3dc0462d19d@group-B9BE0C5944DA-FollowerState] INFO  impl.RoleInfo (RoleInfo.java:shutdownFollowerState(110)) - 6197d2f5-af8d-4e13-93f4-b3dc0462d19d: shutdown 6197d2f5-af8d-4e13-93f4-b3dc0462d19d@group-B9BE0C5944DA-FollowerState
2023-01-03 10:08:11,364 [6197d2f5-af8d-4e13-93f4-b3dc0462d19d@group-B9BE0C5944DA-FollowerState] INFO  server.RaftServer$Division (RaftServerImpl.java:setRole(321)) - 6197d2f5-af8d-4e13-93f4-b3dc0462d19d@group-B9BE0C5944DA: changes role from  FOLLOWER to CANDIDATE at term 1 for changeToCandidate
2023-01-03 10:08:11,364 [6197d2f5-af8d-4e13-93f4-b3dc0462d19d@group-B9BE0C5944DA-FollowerState] INFO  server.RaftServerConfigKeys (ConfUtils.java:logGet(46)) - raft.server.leaderelection.pre-vote = false (custom)
2023-01-03 10:08:11,365 [6197d2f5-af8d-4e13-93f4-b3dc0462d19d@group-B9BE0C5944DA-FollowerState] INFO  impl.RoleInfo (RoleInfo.java:updateAndGet(139)) - 6197d2f5-af8d-4e13-93f4-b3dc0462d19d: start 6197d2f5-af8d-4e13-93f4-b3dc0462d19d@group-B9BE0C5944DA-LeaderElection31
2023-01-03 10:08:11,367 [6197d2f5-af8d-4e13-93f4-b3dc0462d19d@group-B9BE0C5944DA-LeaderElection31] INFO  impl.LeaderElection (LeaderElection.java:askForVotes(312)) - 6197d2f5-af8d-4e13-93f4-b3dc0462d19d@group-B9BE0C5944DA-LeaderElection31 ELECTION round 0: submit vote requests at term 2 for -1: peers:[c7e71a96-70a3-435a-a6b2-b0df4fa5b7cd|rpc:10.1.0.13:35743|dataStream:10.1.0.13:37175|priority:0|startupRole:FOLLOWER, ceb62289-e61f-4ee7-8769-746790ce93a5|rpc:10.1.0.13:39919|dataStream:10.1.0.13:34319|priority:0|startupRole:FOLLOWER, 6197d2f5-af8d-4e13-93f4-b3dc0462d19d|rpc:10.1.0.13:44689|dataStream:10.1.0.13:34149|priority:1|startupRole:FOLLOWER]|listeners:[], old=null
2023-01-03 10:08:11,367 [6197d2f5-af8d-4e13-93f4-b3dc0462d19d@group-B9BE0C5944DA-LeaderElection31] INFO  server.RaftServerConfigKeys (ConfUtils.java:logFallback(53)) - raft.server.rpc.first-election.timeout.min = 5s (fallback to raft.server.rpc.timeout.min)
2023-01-03 10:08:11,367 [6197d2f5-af8d-4e13-93f4-b3dc0462d19d@group-B9BE0C5944DA-LeaderElection31] INFO  server.RaftServerConfigKeys (ConfUtils.java:logFallback(53)) - raft.server.rpc.first-election.timeout.max = 5200ms (fallback to raft.server.rpc.timeout.max)
2023-01-03 10:08:11,370 [grpc-default-executor-11] INFO  server.RaftServer$Division (RaftServerImpl.java:requestVote(1218)) - ceb62289-e61f-4ee7-8769-746790ce93a5@group-B9BE0C5944DA: receive requestVote(ELECTION, 6197d2f5-af8d-4e13-93f4-b3dc0462d19d, group-B9BE0C5944DA, 2, (t:0, i:0))
2023-01-03 10:08:11,370 [grpc-default-executor-11] INFO  impl.VoteContext (VoteContext.java:log(49)) - ceb62289-e61f-4ee7-8769-746790ce93a5@group-B9BE0C5944DA-FOLLOWER: accept ELECTION from 6197d2f5-af8d-4e13-93f4-b3dc0462d19d: our priority 0 <= candidate's priority 1
2023-01-03 10:08:11,370 [grpc-default-executor-11] INFO  server.RaftServer$Division (RaftServerImpl.java:setRole(321)) - ceb62289-e61f-4ee7-8769-746790ce93a5@group-B9BE0C5944DA: changes role from  FOLLOWER to FOLLOWER at term 2 for candidate:6197d2f5-af8d-4e13-93f4-b3dc0462d19d
2023-01-03 10:08:11,370 [grpc-default-executor-11] INFO  impl.RoleInfo (RoleInfo.java:shutdownFollowerState(110)) - ceb62289-e61f-4ee7-8769-746790ce93a5: shutdown ceb62289-e61f-4ee7-8769-746790ce93a5@group-B9BE0C5944DA-FollowerState
2023-01-03 10:08:11,370 [grpc-default-executor-11] INFO  impl.RoleInfo (RoleInfo.java:updateAndGet(139)) - ceb62289-e61f-4ee7-8769-746790ce93a5: start ceb62289-e61f-4ee7-8769-746790ce93a5@group-B9BE0C5944DA-FollowerState
2023-01-03 10:08:11,370 [ceb62289-e61f-4ee7-8769-746790ce93a5@group-B9BE0C5944DA-FollowerState] INFO  impl.FollowerState (FollowerState.java:run(152)) - ceb62289-e61f-4ee7-8769-746790ce93a5@group-B9BE0C5944DA-FollowerState was interrupted
2023-01-03 10:08:11,372 [ceb62289-e61f-4ee7-8769-746790ce93a5@group-B9BE0C5944DA-FollowerState] INFO  server.RaftServerConfigKeys (ConfUtils.java:logFallback(53)) - raft.server.rpc.first-election.timeout.min = 5s (fallback to raft.server.rpc.timeout.min)
2023-01-03 10:08:11,372 [ceb62289-e61f-4ee7-8769-746790ce93a5@group-B9BE0C5944DA-FollowerState] INFO  server.RaftServerConfigKeys (ConfUtils.java:logFallback(53)) - raft.server.rpc.first-election.timeout.max = 5200ms (fallback to raft.server.rpc.timeout.max)
2023-01-03 10:08:11,373 [grpc-default-executor-11] INFO  server.RaftServer$Division (RaftServerImpl.java:requestVote(1251)) - ceb62289-e61f-4ee7-8769-746790ce93a5@group-B9BE0C5944DA replies to ELECTION vote request: 6197d2f5-af8d-4e13-93f4-b3dc0462d19d<-ceb62289-e61f-4ee7-8769-746790ce93a5#0:OK-t2. Peer's state: ceb62289-e61f-4ee7-8769-746790ce93a5@group-B9BE0C5944DA:t2, leader=null, voted=6197d2f5-af8d-4e13-93f4-b3dc0462d19d, raftlog=Memoized:ceb62289-e61f-4ee7-8769-746790ce93a5@group-B9BE0C5944DA-SegmentedRaftLog:OPENED:c-1, conf=-1: peers:[c7e71a96-70a3-435a-a6b2-b0df4fa5b7cd|rpc:10.1.0.13:35743|dataStream:10.1.0.13:37175|priority:0|startupRole:FOLLOWER, ceb62289-e61f-4ee7-8769-746790ce93a5|rpc:10.1.0.13:39919|dataStream:10.1.0.13:34319|priority:0|startupRole:FOLLOWER, 6197d2f5-af8d-4e13-93f4-b3dc0462d19d|rpc:10.1.0.13:44689|dataStream:10.1.0.13:34149|priority:1|startupRole:FOLLOWER]|listeners:[], old=null
2023-01-03 10:08:11,374 [6197d2f5-af8d-4e13-93f4-b3dc0462d19d@group-B9BE0C5944DA-LeaderElection31] INFO  impl.LeaderElection (LeaderElection.java:logAndReturn(90)) - 6197d2f5-af8d-4e13-93f4-b3dc0462d19d@group-B9BE0C5944DA-LeaderElection31: ELECTION PASSED received 1 response(s) and 0 exception(s):
2023-01-03 10:08:11,374 [6197d2f5-af8d-4e13-93f4-b3dc0462d19d@group-B9BE0C5944DA-LeaderElection31] INFO  impl.LeaderElection (LeaderElection.java:logAndReturn(94)) -   Response 0: 6197d2f5-af8d-4e13-93f4-b3dc0462d19d<-ceb62289-e61f-4ee7-8769-746790ce93a5#0:OK-t2
2023-01-03 10:08:11,374 [6197d2f5-af8d-4e13-93f4-b3dc0462d19d@group-B9BE0C5944DA-LeaderElection31] INFO  impl.LeaderElection (LeaderElection.java:askForVotes(314)) - 6197d2f5-af8d-4e13-93f4-b3dc0462d19d@group-B9BE0C5944DA-LeaderElection31 ELECTION round 0: result PASSED
2023-01-03 10:08:11,374 [6197d2f5-af8d-4e13-93f4-b3dc0462d19d@group-B9BE0C5944DA-LeaderElection31] INFO  impl.RoleInfo (RoleInfo.java:shutdownLeaderElection(130)) - 6197d2f5-af8d-4e13-93f4-b3dc0462d19d: shutdown 6197d2f5-af8d-4e13-93f4-b3dc0462d19d@group-B9BE0C5944DA-LeaderElection31
2023-01-03 10:08:11,374 [6197d2f5-af8d-4e13-93f4-b3dc0462d19d@group-B9BE0C5944DA-LeaderElection31] INFO  server.RaftServer$Division (RaftServerImpl.java:setRole(321)) - 6197d2f5-af8d-4e13-93f4-b3dc0462d19d@group-B9BE0C5944DA: changes role from CANDIDATE to LEADER at term 2 for changeToLeader
2023-01-03 10:08:11,374 [6197d2f5-af8d-4e13-93f4-b3dc0462d19d@group-B9BE0C5944DA-LeaderElection31] INFO  ratis.XceiverServerRatis (XceiverServerRatis.java:handleLeaderChangedNotification(904)) - Leader change notification received for group: group-B9BE0C5944DA with new leaderId: 6197d2f5-af8d-4e13-93f4-b3dc0462d19d
2023-01-03 10:08:11,374 [6197d2f5-af8d-4e13-93f4-b3dc0462d19d@group-B9BE0C5944DA-LeaderElection31] INFO  server.RaftServer$Division (ServerState.java:setLeader(313)) - 6197d2f5-af8d-4e13-93f4-b3dc0462d19d@group-B9BE0C5944DA: change Leader from null to 6197d2f5-af8d-4e13-93f4-b3dc0462d19d at term 2 for becomeLeader, leader elected after 10130ms
2023-01-03 10:08:11,374 [6197d2f5-af8d-4e13-93f4-b3dc0462d19d@group-B9BE0C5944DA-LeaderElection31] INFO  server.RaftServerConfigKeys (ConfUtils.java:logGet(46)) - raft.server.staging.catchup.gap = 1000 (default)
2023-01-03 10:08:11,374 [6197d2f5-af8d-4e13-93f4-b3dc0462d19d@group-B9BE0C5944DA-LeaderElection31] INFO  server.RaftServerConfigKeys (ConfUtils.java:logGet(46)) - raft.server.write.element-limit = 1024 (custom)
2023-01-03 10:08:11,374 [6197d2f5-af8d-4e13-93f4-b3dc0462d19d@group-B9BE0C5944DA-LeaderElection31] INFO  server.RaftServerConfigKeys (ConfUtils.java:logGet(46)) - raft.server.write.byte-limit = 1024 M (=1073741824) (custom)
2023-01-03 10:08:11,374 [6197d2f5-af8d-4e13-93f4-b3dc0462d19d@group-B9BE0C5944DA-LeaderElection31] INFO  server.RaftServerConfigKeys (ConfUtils.java:logGet(46)) - raft.server.watch.timeout = 180s (custom)
2023-01-03 10:08:11,374 [6197d2f5-af8d-4e13-93f4-b3dc0462d19d@group-B9BE0C5944DA-LeaderElection31] INFO  server.RaftServerConfigKeys (ConfUtils.java:logGet(46)) - raft.server.watch.timeout.denomination = 1s (default)
2023-01-03 10:08:11,374 [6197d2f5-af8d-4e13-93f4-b3dc0462d19d@group-B9BE0C5944DA-LeaderElection31] INFO  server.RaftServerConfigKeys (ConfUtils.java:logGet(46)) - raft.server.watch.element-limit = 65536 (default)
2023-01-03 10:08:11,374 [6197d2f5-af8d-4e13-93f4-b3dc0462d19d@group-B9BE0C5944DA-LeaderElection31] INFO  server.RaftServerConfigKeys (ConfUtils.java:logGet(46)) - raft.server.write.element-limit = 1024 (custom)
2023-01-03 10:08:11,374 [6197d2f5-af8d-4e13-93f4-b3dc0462d19d@group-B9BE0C5944DA-LeaderElection31] INFO  server.RaftServerConfigKeys (ConfUtils.java:logGet(46)) - raft.server.write.follower.gap.ratio.max = -1.0 (default)
2023-01-03 10:08:11,375 [6197d2f5-af8d-4e13-93f4-b3dc0462d19d@group-B9BE0C5944DA-LeaderElection31] INFO  server.RaftServerConfigKeys (ConfUtils.java:logGet(46)) - raft.server.log.appender.snapshot.chunk.size.max = 16MB (=16777216) (default)
2023-01-03 10:08:11,375 [6197d2f5-af8d-4e13-93f4-b3dc0462d19d@group-B9BE0C5944DA-LeaderElection31] INFO  server.RaftServerConfigKeys (ConfUtils.java:logGet(46)) - raft.server.log.appender.buffer.byte-limit = 33554432 (custom)
2023-01-03 10:08:11,375 [6197d2f5-af8d-4e13-93f4-b3dc0462d19d@group-B9BE0C5944DA-LeaderElection31] INFO  server.RaftServerConfigKeys (ConfUtils.java:logGet(46)) - raft.server.log.appender.buffer.element-limit = 1 (custom)
2023-01-03 10:08:11,375 [6197d2f5-af8d-4e13-93f4-b3dc0462d19d@group-B9BE0C5944DA-LeaderElection31] INFO  grpc.GrpcConfigKeys (ConfUtils.java:logGet(46)) - raft.grpc.server.leader.outstanding.appends.max = 128 (default)
2023-01-03 10:08:11,375 [6197d2f5-af8d-4e13-93f4-b3dc0462d19d@group-B9BE0C5944DA-LeaderElection31] INFO  server.RaftServerConfigKeys (ConfUtils.java:logGet(46)) - raft.server.rpc.request.timeout = 60s (custom)
2023-01-03 10:08:11,375 [6197d2f5-af8d-4e13-93f4-b3dc0462d19d@group-B9BE0C5944DA-LeaderElection31] INFO  server.RaftServerConfigKeys (ConfUtils.java:logGet(46)) - raft.server.log.appender.install.snapshot.enabled = false (custom)
2023-01-03 10:08:11,375 [6197d2f5-af8d-4e13-93f4-b3dc0462d19d@group-B9BE0C5944DA-LeaderElection31] INFO  grpc.GrpcConfigKeys (ConfUtils.java:logGet(46)) - raft.grpc.server.heartbeat.channel = true (default)
2023-01-03 10:08:11,375 [6197d2f5-af8d-4e13-93f4-b3dc0462d19d@group-B9BE0C5944DA-LeaderElection31] INFO  server.RaftServerConfigKeys (ConfUtils.java:logGet(46)) - raft.server.log.appender.wait-time.min = 10ms (default)
2023-01-03 10:08:11,375 [6197d2f5-af8d-4e13-93f4-b3dc0462d19d@group-B9BE0C5944DA-LeaderElection31] INFO  server.RaftServerConfigKeys (ConfUtils.java:logGet(46)) - raft.server.log.appender.snapshot.chunk.size.max = 16MB (=16777216) (default)
2023-01-03 10:08:11,375 [6197d2f5-af8d-4e13-93f4-b3dc0462d19d@group-B9BE0C5944DA-LeaderElection31] INFO  server.RaftServerConfigKeys (ConfUtils.java:logGet(46)) - raft.server.log.appender.buffer.byte-limit = 33554432 (custom)
2023-01-03 10:08:11,375 [6197d2f5-af8d-4e13-93f4-b3dc0462d19d@group-B9BE0C5944DA-LeaderElection31] INFO  server.RaftServerConfigKeys (ConfUtils.java:logGet(46)) - raft.server.log.appender.buffer.element-limit = 1 (custom)
2023-01-03 10:08:11,376 [6197d2f5-af8d-4e13-93f4-b3dc0462d19d@group-B9BE0C5944DA-LeaderElection31] INFO  grpc.GrpcConfigKeys (ConfUtils.java:logGet(46)) - raft.grpc.server.leader.outstanding.appends.max = 128 (default)
2023-01-03 10:08:11,376 [6197d2f5-af8d-4e13-93f4-b3dc0462d19d@group-B9BE0C5944DA-LeaderElection31] INFO  server.RaftServerConfigKeys (ConfUtils.java:logGet(46)) - raft.server.rpc.request.timeout = 60s (custom)
2023-01-03 10:08:11,376 [6197d2f5-af8d-4e13-93f4-b3dc0462d19d@group-B9BE0C5944DA-LeaderElection31] INFO  server.RaftServerConfigKeys (ConfUtils.java:logGet(46)) - raft.server.log.appender.install.snapshot.enabled = false (custom)
2023-01-03 10:08:11,376 [6197d2f5-af8d-4e13-93f4-b3dc0462d19d@group-B9BE0C5944DA-LeaderElection31] INFO  grpc.GrpcConfigKeys (ConfUtils.java:logGet(46)) - raft.grpc.server.heartbeat.channel = true (default)
2023-01-03 10:08:11,376 [6197d2f5-af8d-4e13-93f4-b3dc0462d19d@group-B9BE0C5944DA-LeaderElection31] INFO  server.RaftServerConfigKeys (ConfUtils.java:logGet(46)) - raft.server.log.appender.wait-time.min = 10ms (default)
2023-01-03 10:08:11,376 [6197d2f5-af8d-4e13-93f4-b3dc0462d19d@group-B9BE0C5944DA-LeaderElection31] INFO  impl.RoleInfo (RoleInfo.java:updateAndGet(139)) - 6197d2f5-af8d-4e13-93f4-b3dc0462d19d: start 6197d2f5-af8d-4e13-93f4-b3dc0462d19d@group-B9BE0C5944DA-LeaderStateImpl
2023-01-03 10:08:11,376 [6197d2f5-af8d-4e13-93f4-b3dc0462d19d@group-B9BE0C5944DA-LeaderElection31] INFO  segmented.SegmentedRaftLogWorker (SegmentedRaftLogWorker.java:startLogSegment(452)) - 6197d2f5-af8d-4e13-93f4-b3dc0462d19d@group-B9BE0C5944DA-SegmentedRaftLogWorker: Starting segment from index:0
2023-01-03 10:08:11,376 [EventQueue-CommandQueueReportForCommandQueueReportHandler] WARN  events.EventQueue (EventQueue.java:fireEvent(216)) - No event handler registered for event TypedEvent{payloadType=DatanodeDetails, name='Datanode_Command_Queue_Updated'}
2023-01-03 10:08:11,377 [6197d2f5-af8d-4e13-93f4-b3dc0462d19d@group-B9BE0C5944DA-SegmentedRaftLogWorker] INFO  segmented.SegmentedRaftLogWorker (SegmentedRaftLogWorker.java:execute(656)) - 6197d2f5-af8d-4e13-93f4-b3dc0462d19d@group-B9BE0C5944DA-SegmentedRaftLogWorker: created new log segment /home/runner/work/ozone/ozone/hadoop-ozone/integration-test/target/test-dir/MiniOzoneClusterImpl-fa5f3e5f-d2ce-4aac-89a4-435e2b21547f/datanode-1/data/ratis/c969914e-d65d-488b-b7dd-b9be0c5944da/current/log_inprogress_0
2023-01-03 10:08:11,377 [EventQueue-PipelineReportForPipelineReportHandler] INFO  pipeline.PipelineManagerImpl (PipelineManagerImpl.java:openPipeline(367)) - Pipeline Pipeline[ Id: c969914e-d65d-488b-b7dd-b9be0c5944da, Nodes: 6197d2f5-af8d-4e13-93f4-b3dc0462d19d{ip: 10.1.0.13, host: fv-az292-374.tqgtyn10aqxuxoi0mkfbldi5vh.jx.internal.cloudapp.net, ports: [REPLICATION=42573, RATIS=44689, RATIS_ADMIN=44689, RATIS_SERVER=44689, RATIS_DATASTREAM=34149, STANDALONE=35683], networkLocation: /default-rack, certSerialId: null, persistedOpState: IN_SERVICE, persistedOpStateExpiryEpochSec: 0}c7e71a96-70a3-435a-a6b2-b0df4fa5b7cd{ip: 10.1.0.13, host: fv-az292-374.tqgtyn10aqxuxoi0mkfbldi5vh.jx.internal.cloudapp.net, ports: [REPLICATION=41193, RATIS=35743, RATIS_ADMIN=35743, RATIS_SERVER=35743, RATIS_DATASTREAM=37175, STANDALONE=42781], networkLocation: /default-rack, certSerialId: null, persistedOpState: IN_SERVICE, persistedOpStateExpiryEpochSec: 0}ceb62289-e61f-4ee7-8769-746790ce93a5{ip: 10.1.0.13, host: fv-az292-374.tqgtyn10aqxuxoi0mkfbldi5vh.jx.internal.cloudapp.net, ports: [REPLICATION=43181, RATIS=39919, RATIS_ADMIN=39919, RATIS_SERVER=39919, RATIS_DATASTREAM=34319, STANDALONE=45987], networkLocation: /default-rack, certSerialId: null, persistedOpState: IN_SERVICE, persistedOpStateExpiryEpochSec: 0}, ReplicationConfig: RATIS/THREE, State:ALLOCATED, leaderId:6197d2f5-af8d-4e13-93f4-b3dc0462d19d, CreationTimestamp2023-01-03T10:07:58.727Z[Etc/UTC]] moved to OPEN state
2023-01-03 10:08:11,377 [EventQueue-OpenPipelineForHealthyPipelineSafeModeRule] INFO  safemode.SCMSafeModeManager (HealthyPipelineSafeModeRule.java:process(137)) - SCM in safe mode. Healthy pipelines reported count is 1, required healthy pipeline reported count is 1
2023-01-03 10:08:11,377 [EventQueue-OpenPipelineForHealthyPipelineSafeModeRule] INFO  safemode.SCMSafeModeManager (SCMSafeModeManager.java:validateSafeModeExitRules(200)) - HealthyPipelineSafeModeRule rule is successfully validated
2023-01-03 10:08:11,377 [EventQueue-OpenPipelineForHealthyPipelineSafeModeRule] INFO  safemode.SCMSafeModeManager (SCMSafeModeManager.java:validateSafeModeExitRules(215)) - ScmSafeModeManager, all rules are successfully validated
2023-01-03 10:08:11,377 [EventQueue-OpenPipelineForHealthyPipelineSafeModeRule] INFO  safemode.SCMSafeModeManager (SCMSafeModeManager.java:exitSafeMode(244)) - SCM exiting safe mode.
2023-01-03 10:08:11,377 [EventQueue-OpenPipelineForHealthyPipelineSafeModeRule] INFO  ha.SCMContext (SCMContext.java:updateSafeModeStatus(228)) - Update SafeModeStatus from SafeModeStatus{safeModeStatus=true, preCheckPassed=true} to SafeModeStatus{safeModeStatus=false, preCheckPassed=true}.
2023-01-03 10:08:11,377 [EventQueue-OpenPipelineForHealthyPipelineSafeModeRule] INFO  pipeline.BackgroundPipelineCreator (BackgroundPipelineCreator.java:notifyStatusChanged(254)) - Service BackgroundPipelineCreator transitions to RUNNING.
2023-01-03 10:08:11,377 [EventQueue-OpenPipelineForHealthyPipelineSafeModeRule] INFO  BackgroundPipelineScrubber (BackgroundSCMService.java:notifyStatusChanged(82)) - Service BackgroundPipelineScrubber transitions to RUNNING.
2023-01-03 10:08:11,377 [EventQueue-OpenPipelineForHealthyPipelineSafeModeRule] INFO  ExpiredContainerReplicaOpScrubber (BackgroundSCMService.java:notifyStatusChanged(82)) - Service ExpiredContainerReplicaOpScrubber transitions to RUNNING.
2023-01-03 10:08:11,377 [EventQueue-OpenPipelineForHealthyPipelineSafeModeRule] INFO  replication.ReplicationManager (ReplicationManager.java:notifyStatusChanged(918)) - Service ReplicationManager transitions to RUNNING.
2023-01-03 10:08:11,378 [EventQueue-OpenPipelineForHealthyPipelineSafeModeRule] WARN  balancer.ContainerBalancer (ContainerBalancer.java:shouldRun(131)) - Could not find persisted configuration for ContainerBalancer when checking if ContainerBalancer should run. ContainerBalancer should not run now.
2023-01-03 10:08:11,379 [6197d2f5-af8d-4e13-93f4-b3dc0462d19d@group-BADC9E495150-FollowerState] INFO  impl.FollowerState (FollowerState.java:run(143)) - 6197d2f5-af8d-4e13-93f4-b3dc0462d19d@group-BADC9E495150-FollowerState: change to CANDIDATE, lastRpcElapsedTime:5108830794ns, electionTimeout:5106ms
2023-01-03 10:08:11,379 [6197d2f5-af8d-4e13-93f4-b3dc0462d19d@group-BADC9E495150-FollowerState] INFO  impl.RoleInfo (RoleInfo.java:shutdownFollowerState(110)) - 6197d2f5-af8d-4e13-93f4-b3dc0462d19d: shutdown 6197d2f5-af8d-4e13-93f4-b3dc0462d19d@group-BADC9E495150-FollowerState
2023-01-03 10:08:11,379 [6197d2f5-af8d-4e13-93f4-b3dc0462d19d@group-BADC9E495150-FollowerState] INFO  server.RaftServer$Division (RaftServerImpl.java:setRole(321)) - 6197d2f5-af8d-4e13-93f4-b3dc0462d19d@group-BADC9E495150: changes role from  FOLLOWER to CANDIDATE at term 1 for changeToCandidate
2023-01-03 10:08:11,382 [grpc-default-executor-13] INFO  server.RaftServer$Division (RaftServerImpl.java:requestVote(1218)) - c7e71a96-70a3-435a-a6b2-b0df4fa5b7cd@group-B9BE0C5944DA: receive requestVote(ELECTION, 6197d2f5-af8d-4e13-93f4-b3dc0462d19d, group-B9BE0C5944DA, 2, (t:0, i:0))
2023-01-03 10:08:11,382 [grpc-default-executor-13] INFO  impl.VoteContext (VoteContext.java:log(49)) - c7e71a96-70a3-435a-a6b2-b0df4fa5b7cd@group-B9BE0C5944DA-FOLLOWER: accept ELECTION from 6197d2f5-af8d-4e13-93f4-b3dc0462d19d: our priority 0 <= candidate's priority 1
2023-01-03 10:08:11,382 [grpc-default-executor-13] INFO  server.RaftServer$Division (RaftServerImpl.java:setRole(321)) - c7e71a96-70a3-435a-a6b2-b0df4fa5b7cd@group-B9BE0C5944DA: changes role from  FOLLOWER to FOLLOWER at term 2 for candidate:6197d2f5-af8d-4e13-93f4-b3dc0462d19d
2023-01-03 10:08:11,382 [grpc-default-executor-13] INFO  impl.RoleInfo (RoleInfo.java:shutdownFollowerState(110)) - c7e71a96-70a3-435a-a6b2-b0df4fa5b7cd: shutdown c7e71a96-70a3-435a-a6b2-b0df4fa5b7cd@group-B9BE0C5944DA-FollowerState
2023-01-03 10:08:11,382 [grpc-default-executor-13] INFO  impl.RoleInfo (RoleInfo.java:updateAndGet(139)) - c7e71a96-70a3-435a-a6b2-b0df4fa5b7cd: start c7e71a96-70a3-435a-a6b2-b0df4fa5b7cd@group-B9BE0C5944DA-FollowerState
2023-01-03 10:08:11,382 [c7e71a96-70a3-435a-a6b2-b0df4fa5b7cd@group-B9BE0C5944DA-FollowerState] INFO  impl.FollowerState (FollowerState.java:run(152)) - c7e71a96-70a3-435a-a6b2-b0df4fa5b7cd@group-B9BE0C5944DA-FollowerState was interrupted
2023-01-03 10:08:11,382 [6197d2f5-af8d-4e13-93f4-b3dc0462d19d@group-B9BE0C5944DA-LeaderElection31] INFO  server.RaftServer$Division (ServerState.java:setRaftConf(430)) - 6197d2f5-af8d-4e13-93f4-b3dc0462d19d@group-B9BE0C5944DA: set configuration 0: peers:[c7e71a96-70a3-435a-a6b2-b0df4fa5b7cd|rpc:10.1.0.13:35743|dataStream:10.1.0.13:37175|priority:0|startupRole:FOLLOWER, ceb62289-e61f-4ee7-8769-746790ce93a5|rpc:10.1.0.13:39919|dataStream:10.1.0.13:34319|priority:0|startupRole:FOLLOWER, 6197d2f5-af8d-4e13-93f4-b3dc0462d19d|rpc:10.1.0.13:44689|dataStream:10.1.0.13:34149|priority:1|startupRole:FOLLOWER]|listeners:[], old=null
2023-01-03 10:08:11,383 [c7e71a96-70a3-435a-a6b2-b0df4fa5b7cd@group-B9BE0C5944DA-FollowerState] INFO  server.RaftServerConfigKeys (ConfUtils.java:logFallback(53)) - raft.server.rpc.first-election.timeout.min = 5s (fallback to raft.server.rpc.timeout.min)
2023-01-03 10:08:11,383 [c7e71a96-70a3-435a-a6b2-b0df4fa5b7cd@group-B9BE0C5944DA-FollowerState] INFO  server.RaftServerConfigKeys (ConfUtils.java:logFallback(53)) - raft.server.rpc.first-election.timeout.max = 5200ms (fallback to raft.server.rpc.timeout.max)
2023-01-03 10:08:11,384 [6197d2f5-af8d-4e13-93f4-b3dc0462d19d@group-BADC9E495150-FollowerState] INFO  server.RaftServerConfigKeys (ConfUtils.java:logGet(46)) - raft.server.leaderelection.pre-vote = false (custom)
2023-01-03 10:08:11,384 [grpc-default-executor-13] INFO  server.RaftServer$Division (RaftServerImpl.java:requestVote(1251)) - c7e71a96-70a3-435a-a6b2-b0df4fa5b7cd@group-B9BE0C5944DA replies to ELECTION vote request: 6197d2f5-af8d-4e13-93f4-b3dc0462d19d<-c7e71a96-70a3-435a-a6b2-b0df4fa5b7cd#0:OK-t2. Peer's state: c7e71a96-70a3-435a-a6b2-b0df4fa5b7cd@group-B9BE0C5944DA:t2, leader=null, voted=6197d2f5-af8d-4e13-93f4-b3dc0462d19d, raftlog=Memoized:c7e71a96-70a3-435a-a6b2-b0df4fa5b7cd@group-B9BE0C5944DA-SegmentedRaftLog:OPENED:c-1, conf=-1: peers:[c7e71a96-70a3-435a-a6b2-b0df4fa5b7cd|rpc:10.1.0.13:35743|dataStream:10.1.0.13:37175|priority:0|startupRole:FOLLOWER, ceb62289-e61f-4ee7-8769-746790ce93a5|rpc:10.1.0.13:39919|dataStream:10.1.0.13:34319|priority:0|startupRole:FOLLOWER, 6197d2f5-af8d-4e13-93f4-b3dc0462d19d|rpc:10.1.0.13:44689|dataStream:10.1.0.13:34149|priority:1|startupRole:FOLLOWER]|listeners:[], old=null
2023-01-03 10:08:11,384 [6197d2f5-af8d-4e13-93f4-b3dc0462d19d@group-BADC9E495150-FollowerState] INFO  impl.RoleInfo (RoleInfo.java:updateAndGet(139)) - 6197d2f5-af8d-4e13-93f4-b3dc0462d19d: start 6197d2f5-af8d-4e13-93f4-b3dc0462d19d@group-BADC9E495150-LeaderElection32
2023-01-03 10:08:11,398 [c7e71a96-70a3-435a-a6b2-b0df4fa5b7cd-server-thread1] INFO  ratis.XceiverServerRatis (XceiverServerRatis.java:handleLeaderChangedNotification(904)) - Leader change notification received for group: group-B9BE0C5944DA with new leaderId: 6197d2f5-af8d-4e13-93f4-b3dc0462d19d
2023-01-03 10:08:11,398 [c7e71a96-70a3-435a-a6b2-b0df4fa5b7cd-server-thread1] INFO  server.RaftServer$Division (ServerState.java:setLeader(313)) - c7e71a96-70a3-435a-a6b2-b0df4fa5b7cd@group-B9BE0C5944DA: change Leader from null to 6197d2f5-af8d-4e13-93f4-b3dc0462d19d at term 2 for appendEntries, leader elected after 10177ms
2023-01-03 10:08:11,402 [c7e71a96-70a3-435a-a6b2-b0df4fa5b7cd-server-thread1] INFO  server.RaftServer$Division (ServerState.java:setRaftConf(430)) - c7e71a96-70a3-435a-a6b2-b0df4fa5b7cd@group-B9BE0C5944DA: set configuration 0: peers:[c7e71a96-70a3-435a-a6b2-b0df4fa5b7cd|rpc:10.1.0.13:35743|dataStream:10.1.0.13:37175|priority:0|startupRole:FOLLOWER, ceb62289-e61f-4ee7-8769-746790ce93a5|rpc:10.1.0.13:39919|dataStream:10.1.0.13:34319|priority:0|startupRole:FOLLOWER, 6197d2f5-af8d-4e13-93f4-b3dc0462d19d|rpc:10.1.0.13:44689|dataStream:10.1.0.13:34149|priority:1|startupRole:FOLLOWER]|listeners:[], old=null
2023-01-03 10:08:11,402 [c7e71a96-70a3-435a-a6b2-b0df4fa5b7cd-server-thread1] INFO  segmented.SegmentedRaftLogWorker (SegmentedRaftLogWorker.java:startLogSegment(452)) - c7e71a96-70a3-435a-a6b2-b0df4fa5b7cd@group-B9BE0C5944DA-SegmentedRaftLogWorker: Starting segment from index:0
2023-01-03 10:08:11,406 [c7e71a96-70a3-435a-a6b2-b0df4fa5b7cd@group-B9BE0C5944DA-SegmentedRaftLogWorker] INFO  segmented.SegmentedRaftLogWorker (SegmentedRaftLogWorker.java:execute(656)) - c7e71a96-70a3-435a-a6b2-b0df4fa5b7cd@group-B9BE0C5944DA-SegmentedRaftLogWorker: created new log segment /home/runner/work/ozone/ozone/hadoop-ozone/integration-test/target/test-dir/MiniOzoneClusterImpl-fa5f3e5f-d2ce-4aac-89a4-435e2b21547f/datanode-0/data/ratis/c969914e-d65d-488b-b7dd-b9be0c5944da/current/log_inprogress_0
2023-01-03 10:08:11,410 [6197d2f5-af8d-4e13-93f4-b3dc0462d19d@group-BADC9E495150-LeaderElection32] INFO  impl.LeaderElection (LeaderElection.java:askForVotes(312)) - 6197d2f5-af8d-4e13-93f4-b3dc0462d19d@group-BADC9E495150-LeaderElection32 ELECTION round 0: submit vote requests at term 2 for -1: peers:[c7e71a96-70a3-435a-a6b2-b0df4fa5b7cd|rpc:10.1.0.13:35743|dataStream:10.1.0.13:37175|priority:0|startupRole:FOLLOWER, ceb62289-e61f-4ee7-8769-746790ce93a5|rpc:10.1.0.13:39919|dataStream:10.1.0.13:34319|priority:1|startupRole:FOLLOWER, 6197d2f5-af8d-4e13-93f4-b3dc0462d19d|rpc:10.1.0.13:44689|dataStream:10.1.0.13:34149|priority:0|startupRole:FOLLOWER]|listeners:[], old=null
2023-01-03 10:08:11,414 [6197d2f5-af8d-4e13-93f4-b3dc0462d19d@group-BADC9E495150-LeaderElection32] INFO  server.RaftServerConfigKeys (ConfUtils.java:logFallback(53)) - raft.server.rpc.first-election.timeout.min = 5s (fallback to raft.server.rpc.timeout.min)
2023-01-03 10:08:11,414 [6197d2f5-af8d-4e13-93f4-b3dc0462d19d@group-BADC9E495150-LeaderElection32] INFO  server.RaftServerConfigKeys (ConfUtils.java:logFallback(53)) - raft.server.rpc.first-election.timeout.max = 5200ms (fallback to raft.server.rpc.timeout.max)
2023-01-03 10:08:11,419 [ceb62289-e61f-4ee7-8769-746790ce93a5-server-thread1] INFO  ratis.XceiverServerRatis (XceiverServerRatis.java:handleLeaderChangedNotification(904)) - Leader change notification received for group: group-B9BE0C5944DA with new leaderId: 6197d2f5-af8d-4e13-93f4-b3dc0462d19d
2023-01-03 10:08:11,419 [ceb62289-e61f-4ee7-8769-746790ce93a5-server-thread1] INFO  server.RaftServer$Division (ServerState.java:setLeader(313)) - ceb62289-e61f-4ee7-8769-746790ce93a5@group-B9BE0C5944DA: change Leader from null to 6197d2f5-af8d-4e13-93f4-b3dc0462d19d at term 2 for appendEntries, leader elected after 10150ms
2023-01-03 10:08:11,423 [grpc-default-executor-7] INFO  server.RaftServer$Division (RaftServerImpl.java:requestVote(1218)) - ceb62289-e61f-4ee7-8769-746790ce93a5@group-BADC9E495150: receive requestVote(ELECTION, 6197d2f5-af8d-4e13-93f4-b3dc0462d19d, group-BADC9E495150, 2, (t:0, i:0))
2023-01-03 10:08:11,424 [grpc-default-executor-7] INFO  impl.VoteContext (VoteContext.java:log(49)) - ceb62289-e61f-4ee7-8769-746790ce93a5@group-BADC9E495150-FOLLOWER: reject ELECTION from 6197d2f5-af8d-4e13-93f4-b3dc0462d19d: our priority 1 > candidate's priority 0
2023-01-03 10:08:11,424 [grpc-default-executor-7] INFO  server.RaftServer$Division (RaftServerImpl.java:setRole(321)) - ceb62289-e61f-4ee7-8769-746790ce93a5@group-BADC9E495150: changes role from  FOLLOWER to FOLLOWER at term 2 for candidate:6197d2f5-af8d-4e13-93f4-b3dc0462d19d
2023-01-03 10:08:11,424 [grpc-default-executor-7] INFO  impl.RoleInfo (RoleInfo.java:shutdownFollowerState(110)) - ceb62289-e61f-4ee7-8769-746790ce93a5: shutdown ceb62289-e61f-4ee7-8769-746790ce93a5@group-BADC9E495150-FollowerState
2023-01-03 10:08:11,424 [grpc-default-executor-7] INFO  impl.RoleInfo (RoleInfo.java:updateAndGet(139)) - ceb62289-e61f-4ee7-8769-746790ce93a5: start ceb62289-e61f-4ee7-8769-746790ce93a5@group-BADC9E495150-FollowerState
2023-01-03 10:08:11,424 [ceb62289-e61f-4ee7-8769-746790ce93a5@group-BADC9E495150-FollowerState] INFO  impl.FollowerState (FollowerState.java:run(152)) - ceb62289-e61f-4ee7-8769-746790ce93a5@group-BADC9E495150-FollowerState was interrupted
2023-01-03 10:08:11,424 [ceb62289-e61f-4ee7-8769-746790ce93a5@group-BADC9E495150-FollowerState] INFO  server.RaftServerConfigKeys (ConfUtils.java:logFallback(53)) - raft.server.rpc.first-election.timeout.min = 5s (fallback to raft.server.rpc.timeout.min)
2023-01-03 10:08:11,424 [ceb62289-e61f-4ee7-8769-746790ce93a5@group-BADC9E495150-FollowerState] INFO  server.RaftServerConfigKeys (ConfUtils.java:logFallback(53)) - raft.server.rpc.first-election.timeout.max = 5200ms (fallback to raft.server.rpc.timeout.max)
2023-01-03 10:08:11,425 [grpc-default-executor-7] INFO  server.RaftServer$Division (RaftServerImpl.java:requestVote(1251)) - ceb62289-e61f-4ee7-8769-746790ce93a5@group-BADC9E495150 replies to ELECTION vote request: 6197d2f5-af8d-4e13-93f4-b3dc0462d19d<-ceb62289-e61f-4ee7-8769-746790ce93a5#0:FAIL-t2. Peer's state: ceb62289-e61f-4ee7-8769-746790ce93a5@group-BADC9E495150:t2, leader=null, voted=null, raftlog=Memoized:ceb62289-e61f-4ee7-8769-746790ce93a5@group-BADC9E495150-SegmentedRaftLog:OPENED:c-1, conf=-1: peers:[c7e71a96-70a3-435a-a6b2-b0df4fa5b7cd|rpc:10.1.0.13:35743|dataStream:10.1.0.13:37175|priority:0|startupRole:FOLLOWER, ceb62289-e61f-4ee7-8769-746790ce93a5|rpc:10.1.0.13:39919|dataStream:10.1.0.13:34319|priority:1|startupRole:FOLLOWER, 6197d2f5-af8d-4e13-93f4-b3dc0462d19d|rpc:10.1.0.13:44689|dataStream:10.1.0.13:34149|priority:0|startupRole:FOLLOWER]|listeners:[], old=null
2023-01-03 10:08:11,433 [ceb62289-e61f-4ee7-8769-746790ce93a5-server-thread1] INFO  server.RaftServer$Division (ServerState.java:setRaftConf(430)) - ceb62289-e61f-4ee7-8769-746790ce93a5@group-B9BE0C5944DA: set configuration 0: peers:[c7e71a96-70a3-435a-a6b2-b0df4fa5b7cd|rpc:10.1.0.13:35743|dataStream:10.1.0.13:37175|priority:0|startupRole:FOLLOWER, ceb62289-e61f-4ee7-8769-746790ce93a5|rpc:10.1.0.13:39919|dataStream:10.1.0.13:34319|priority:0|startupRole:FOLLOWER, 6197d2f5-af8d-4e13-93f4-b3dc0462d19d|rpc:10.1.0.13:44689|dataStream:10.1.0.13:34149|priority:1|startupRole:FOLLOWER]|listeners:[], old=null
2023-01-03 10:08:11,434 [ceb62289-e61f-4ee7-8769-746790ce93a5-server-thread1] INFO  segmented.SegmentedRaftLogWorker (SegmentedRaftLogWorker.java:startLogSegment(452)) - ceb62289-e61f-4ee7-8769-746790ce93a5@group-B9BE0C5944DA-SegmentedRaftLogWorker: Starting segment from index:0
2023-01-03 10:08:11,435 [6197d2f5-af8d-4e13-93f4-b3dc0462d19d@group-BADC9E495150-LeaderElection32] INFO  impl.LeaderElection (LeaderElection.java:logAndReturn(90)) - 6197d2f5-af8d-4e13-93f4-b3dc0462d19d@group-BADC9E495150-LeaderElection32: ELECTION REJECTED received 1 response(s) and 0 exception(s):
2023-01-03 10:08:11,435 [6197d2f5-af8d-4e13-93f4-b3dc0462d19d@group-BADC9E495150-LeaderElection32] INFO  impl.LeaderElection (LeaderElection.java:logAndReturn(94)) -   Response 0: 6197d2f5-af8d-4e13-93f4-b3dc0462d19d<-ceb62289-e61f-4ee7-8769-746790ce93a5#0:FAIL-t2
2023-01-03 10:08:11,435 [6197d2f5-af8d-4e13-93f4-b3dc0462d19d@group-BADC9E495150-LeaderElection32] INFO  impl.LeaderElection (LeaderElection.java:askForVotes(314)) - 6197d2f5-af8d-4e13-93f4-b3dc0462d19d@group-BADC9E495150-LeaderElection32 ELECTION round 0: result REJECTED
2023-01-03 10:08:11,435 [6197d2f5-af8d-4e13-93f4-b3dc0462d19d@group-BADC9E495150-LeaderElection32] INFO  server.RaftServer$Division (RaftServerImpl.java:setRole(321)) - 6197d2f5-af8d-4e13-93f4-b3dc0462d19d@group-BADC9E495150: changes role from CANDIDATE to FOLLOWER at term 2 for REJECTED
2023-01-03 10:08:11,435 [6197d2f5-af8d-4e13-93f4-b3dc0462d19d@group-BADC9E495150-LeaderElection32] INFO  impl.RoleInfo (RoleInfo.java:shutdownLeaderElection(130)) - 6197d2f5-af8d-4e13-93f4-b3dc0462d19d: shutdown 6197d2f5-af8d-4e13-93f4-b3dc0462d19d@group-BADC9E495150-LeaderElection32
2023-01-03 10:08:11,435 [6197d2f5-af8d-4e13-93f4-b3dc0462d19d@group-BADC9E495150-LeaderElection32] INFO  impl.RoleInfo (RoleInfo.java:updateAndGet(139)) - 6197d2f5-af8d-4e13-93f4-b3dc0462d19d: start 6197d2f5-af8d-4e13-93f4-b3dc0462d19d@group-BADC9E495150-FollowerState
2023-01-03 10:08:11,435 [ceb62289-e61f-4ee7-8769-746790ce93a5@group-B9BE0C5944DA-SegmentedRaftLogWorker] INFO  segmented.SegmentedRaftLogWorker (SegmentedRaftLogWorker.java:execute(656)) - ceb62289-e61f-4ee7-8769-746790ce93a5@group-B9BE0C5944DA-SegmentedRaftLogWorker: created new log segment /home/runner/work/ozone/ozone/hadoop-ozone/integration-test/target/test-dir/MiniOzoneClusterImpl-fa5f3e5f-d2ce-4aac-89a4-435e2b21547f/datanode-2/data/ratis/c969914e-d65d-488b-b7dd-b9be0c5944da/current/log_inprogress_0
2023-01-03 10:08:11,436 [EventQueue-CommandQueueReportForCommandQueueReportHandler] WARN  events.EventQueue (EventQueue.java:fireEvent(216)) - No event handler registered for event TypedEvent{payloadType=DatanodeDetails, name='Datanode_Command_Queue_Updated'}
2023-01-03 10:08:11,438 [grpc-default-executor-7] INFO  server.RaftServer$Division (RaftServerImpl.java:requestVote(1218)) - c7e71a96-70a3-435a-a6b2-b0df4fa5b7cd@group-BADC9E495150: receive requestVote(ELECTION, 6197d2f5-af8d-4e13-93f4-b3dc0462d19d, group-BADC9E495150, 2, (t:0, i:0))
2023-01-03 10:08:11,438 [grpc-default-executor-7] INFO  impl.VoteContext (VoteContext.java:log(49)) - c7e71a96-70a3-435a-a6b2-b0df4fa5b7cd@group-BADC9E495150-FOLLOWER: accept ELECTION from 6197d2f5-af8d-4e13-93f4-b3dc0462d19d: our priority 0 <= candidate's priority 0
2023-01-03 10:08:11,438 [grpc-default-executor-7] INFO  server.RaftServer$Division (RaftServerImpl.java:setRole(321)) - c7e71a96-70a3-435a-a6b2-b0df4fa5b7cd@group-BADC9E495150: changes role from  FOLLOWER to FOLLOWER at term 2 for candidate:6197d2f5-af8d-4e13-93f4-b3dc0462d19d
2023-01-03 10:08:11,438 [grpc-default-executor-7] INFO  impl.RoleInfo (RoleInfo.java:shutdownFollowerState(110)) - c7e71a96-70a3-435a-a6b2-b0df4fa5b7cd: shutdown c7e71a96-70a3-435a-a6b2-b0df4fa5b7cd@group-BADC9E495150-FollowerState
2023-01-03 10:08:11,438 [grpc-default-executor-7] INFO  impl.RoleInfo (RoleInfo.java:updateAndGet(139)) - c7e71a96-70a3-435a-a6b2-b0df4fa5b7cd: start c7e71a96-70a3-435a-a6b2-b0df4fa5b7cd@group-BADC9E495150-FollowerState
2023-01-03 10:08:11,438 [c7e71a96-70a3-435a-a6b2-b0df4fa5b7cd@group-BADC9E495150-FollowerState] INFO  impl.FollowerState (FollowerState.java:run(152)) - c7e71a96-70a3-435a-a6b2-b0df4fa5b7cd@group-BADC9E495150-FollowerState was interrupted
2023-01-03 10:08:11,439 [c7e71a96-70a3-435a-a6b2-b0df4fa5b7cd@group-BADC9E495150-FollowerState] INFO  server.RaftServerConfigKeys (ConfUtils.java:logFallback(53)) - raft.server.rpc.first-election.timeout.min = 5s (fallback to raft.server.rpc.timeout.min)
2023-01-03 10:08:11,439 [c7e71a96-70a3-435a-a6b2-b0df4fa5b7cd@group-BADC9E495150-FollowerState] INFO  server.RaftServerConfigKeys (ConfUtils.java:logFallback(53)) - raft.server.rpc.first-election.timeout.max = 5200ms (fallback to raft.server.rpc.timeout.max)
2023-01-03 10:08:11,439 [grpc-default-executor-7] INFO  server.RaftServer$Division (RaftServerImpl.java:requestVote(1251)) - c7e71a96-70a3-435a-a6b2-b0df4fa5b7cd@group-BADC9E495150 replies to ELECTION vote request: 6197d2f5-af8d-4e13-93f4-b3dc0462d19d<-c7e71a96-70a3-435a-a6b2-b0df4fa5b7cd#0:OK-t2. Peer's state: c7e71a96-70a3-435a-a6b2-b0df4fa5b7cd@group-BADC9E495150:t2, leader=null, voted=6197d2f5-af8d-4e13-93f4-b3dc0462d19d, raftlog=Memoized:c7e71a96-70a3-435a-a6b2-b0df4fa5b7cd@group-BADC9E495150-SegmentedRaftLog:OPENED:c-1, conf=-1: peers:[c7e71a96-70a3-435a-a6b2-b0df4fa5b7cd|rpc:10.1.0.13:35743|dataStream:10.1.0.13:37175|priority:0|startupRole:FOLLOWER, ceb62289-e61f-4ee7-8769-746790ce93a5|rpc:10.1.0.13:39919|dataStream:10.1.0.13:34319|priority:1|startupRole:FOLLOWER, 6197d2f5-af8d-4e13-93f4-b3dc0462d19d|rpc:10.1.0.13:44689|dataStream:10.1.0.13:34149|priority:0|startupRole:FOLLOWER]|listeners:[], old=null
2023-01-03 10:08:11,442 [6197d2f5-af8d-4e13-93f4-b3dc0462d19d@group-BADC9E495150-FollowerState] INFO  server.RaftServerConfigKeys (ConfUtils.java:logFallback(53)) - raft.server.rpc.first-election.timeout.min = 5s (fallback to raft.server.rpc.timeout.min)
2023-01-03 10:08:11,442 [6197d2f5-af8d-4e13-93f4-b3dc0462d19d@group-BADC9E495150-FollowerState] INFO  server.RaftServerConfigKeys (ConfUtils.java:logFallback(53)) - raft.server.rpc.first-election.timeout.max = 5200ms (fallback to raft.server.rpc.timeout.max)
2023-01-03 10:08:11,845 [EventQueue-CommandQueueReportForCommandQueueReportHandler] WARN  events.EventQueue (EventQueue.java:fireEvent(216)) - No event handler registered for event TypedEvent{payloadType=DatanodeDetails, name='Datanode_Command_Queue_Updated'}
2023-01-03 10:08:12,192 [EventQueue-CommandQueueReportForCommandQueueReportHandler] WARN  events.EventQueue (EventQueue.java:fireEvent(216)) - No event handler registered for event TypedEvent{payloadType=DatanodeDetails, name='Datanode_Command_Queue_Updated'}
2023-01-03 10:08:12,312 [Listener at 127.0.0.1/46431] INFO  ozone.MiniOzoneClusterImpl (MiniOzoneClusterImpl.java:lambda$waitForClusterToBeReady$0(217)) - Nodes are ready. Got 5 of 5 DN Heartbeats.
2023-01-03 10:08:12,313 [Listener at 127.0.0.1/46431] INFO  ozone.MiniOzoneClusterImpl (MiniOzoneClusterImpl.java:lambda$waitForClusterToBeReady$0(220)) - Cluster exits safe mode
2023-01-03 10:08:12,313 [Listener at 127.0.0.1/46431] INFO  ozone.MiniOzoneClusterImpl (MiniOzoneClusterImpl.java:lambda$waitForClusterToBeReady$0(222)) - SCM became leader
2023-01-03 10:08:12,332 [Listener at 127.0.0.1/46431] INFO  rpc.RpcClient (RpcClient.java:createVolume(474)) - Creating Volume: volume30750, with user15745 as owner and space quota set to -1 bytes, counts quota set to -1
2023-01-03 10:08:12,335 [EventQueue-CommandQueueReportForCommandQueueReportHandler] WARN  events.EventQueue (EventQueue.java:fireEvent(216)) - No event handler registered for event TypedEvent{payloadType=DatanodeDetails, name='Datanode_Command_Queue_Updated'}
2023-01-03 10:08:12,335 [OM StateMachine ApplyTransaction Thread - 0] INFO  volume.OMVolumeCreateRequest (OMVolumeCreateRequest.java:validateAndUpdateCache(195)) - created volume:volume30750 for user:user15745
2023-01-03 10:08:12,339 [Listener at 127.0.0.1/46431] INFO  rpc.RpcClient (RpcClient.java:createBucket(693)) - Creating Bucket: volume30750/bucket79142, with bucket layout LEGACY, runner as owner, Versioning false, Storage Type set to DISK and Encryption set to false 
2023-01-03 10:08:12,340 [OM StateMachine ApplyTransaction Thread - 0] INFO  bucket.OMBucketCreateRequest (OMBucketCreateRequest.java:validateAndUpdateCache(260)) - created bucket: bucket79142 of layout LEGACY in volume: volume30750
]]></system-out>
  </testcase>
  <testcase name="testGetTrashRoot" classname="TestOzoneFileSystem" time="25.881">
    <system-out><![CDATA[2023-01-03 10:08:39,733 [Listener at 127.0.0.1/46431] INFO  ozone.MiniOzoneClusterImpl (MiniOzoneClusterImpl.java:shutdown(449)) - Shutting down the Mini Ozone Cluster
2023-01-03 10:08:39,734 [Listener at 127.0.0.1/46431] INFO  ozone.MiniOzoneClusterImpl (MiniOzoneClusterImpl.java:stop(464)) - Stopping the Mini Ozone Cluster
2023-01-03 10:08:39,734 [Listener at 127.0.0.1/46431] INFO  ozone.MiniOzoneClusterImpl (MiniOzoneClusterImpl.java:stopOM(546)) - Stopping the OzoneManager
2023-01-03 10:08:39,734 [Listener at 127.0.0.1/46431] INFO  om.OzoneManager (OzoneManager.java:stop(2038)) - om1[localhost:0]: Stopping Ozone Manager
2023-01-03 10:08:39,734 [Listener at 127.0.0.1/46431] INFO  ipc.Server (Server.java:stop(3428)) - Stopping server on 46431
2023-01-03 10:08:39,739 [IPC Server listener on 0] INFO  ipc.Server (Server.java:run(1384)) - Stopping IPC Server listener on 0
2023-01-03 10:08:39,739 [IPC Server Responder] INFO  ipc.Server (Server.java:run(1517)) - Stopping IPC Server Responder
2023-01-03 10:08:39,739 [Listener at 127.0.0.1/46431] INFO  server.RaftServer (RaftServerProxy.java:lambda$close$6(409)) - om1: close
2023-01-03 10:08:39,739 [Listener at 127.0.0.1/46431] INFO  server.GrpcService (GrpcService.java:closeImpl(271)) - om1: shutdown server GrpcServerProtocolService now
2023-01-03 10:08:39,740 [om1-impl-thread1] INFO  server.RaftServer$Division (RaftServerImpl.java:lambda$close$4(458)) - om1@group-C5BA1605619E: shutdown
2023-01-03 10:08:39,740 [om1-impl-thread1] INFO  util.JmxRegister (JmxRegister.java:unregister(73)) - Successfully un-registered JMX Bean with object name Ratis:service=RaftServer,group=group-C5BA1605619E,id=om1
2023-01-03 10:08:39,740 [om1-impl-thread1] INFO  impl.RoleInfo (RoleInfo.java:shutdownLeaderState(93)) - om1: shutdown om1@group-C5BA1605619E-LeaderStateImpl
2023-01-03 10:08:39,740 [om1-impl-thread1] INFO  impl.PendingRequests (PendingRequests.java:sendNotLeaderResponses(282)) - om1@group-C5BA1605619E-PendingRequests: sendNotLeaderResponses
2023-01-03 10:08:39,740 [Listener at 127.0.0.1/46431] INFO  server.GrpcService (GrpcService.java:closeImpl(280)) - om1: shutdown server GrpcServerProtocolService successfully
2023-01-03 10:08:39,740 [om1-NettyServerStreamRpc-bossGroup--thread1] INFO  logging.LoggingHandler (AbstractInternalLogger.java:log(148)) - [id: 0x016cdde5, L:/0:0:0:0:0:0:0:0:46369] CLOSE
2023-01-03 10:08:39,740 [om1-NettyServerStreamRpc-bossGroup--thread1] INFO  logging.LoggingHandler (AbstractInternalLogger.java:log(148)) - [id: 0x016cdde5, L:/0:0:0:0:0:0:0:0:46369] INACTIVE
2023-01-03 10:08:39,740 [om1-NettyServerStreamRpc-bossGroup--thread1] INFO  logging.LoggingHandler (AbstractInternalLogger.java:log(148)) - [id: 0x016cdde5, L:/0:0:0:0:0:0:0:0:46369] UNREGISTERED
2023-01-03 10:08:39,747 [om1-impl-thread1] INFO  impl.StateMachineUpdater (StateMachineUpdater.java:stopAndJoin(153)) - om1@group-C5BA1605619E-StateMachineUpdater: set stopIndex = 37006
2023-01-03 10:08:39,747 [om1@group-C5BA1605619E-StateMachineUpdater] INFO  ratis.OzoneManagerStateMachine (OzoneManagerStateMachine.java:takeSnapshot(445)) - Current Snapshot Index (t:1, i:37006)
2023-01-03 10:08:39,747 [om1@group-C5BA1605619E-StateMachineUpdater] INFO  impl.StateMachineUpdater (StateMachineUpdater.java:takeSnapshot(287)) - om1@group-C5BA1605619E-StateMachineUpdater: Took a snapshot at index 37006
2023-01-03 10:08:39,747 [om1@group-C5BA1605619E-StateMachineUpdater] INFO  impl.StateMachineUpdater (StateMachineUpdater.java:lambda$new$0(92)) - om1@group-C5BA1605619E-StateMachineUpdater: snapshotIndex: updateIncreasingly -1 -> 37006
2023-01-03 10:08:39,747 [om1@group-C5BA1605619E-StateMachineUpdater] INFO  ratis.OzoneManagerStateMachine (OzoneManagerStateMachine.java:close(499)) - StateMachine has shutdown. Shutdown OzoneManager if not already shutdown.
2023-01-03 10:08:39,747 [om1@group-C5BA1605619E-StateMachineUpdater] INFO  ratis.OzoneManagerDoubleBuffer (OzoneManagerDoubleBuffer.java:stop(466)) - Stopping OMDoubleBuffer flush thread
2023-01-03 10:08:39,747 [OMDoubleBufferFlushThread] INFO  ratis.OzoneManagerDoubleBuffer (OzoneManagerDoubleBuffer.java:flushTransactions(385)) - OMDoubleBuffer flush thread OMDoubleBufferFlushThread is interrupted and will exit.
2023-01-03 10:08:39,752 [om1-impl-thread1] INFO  server.RaftServer$Division (ServerState.java:close(466)) - om1@group-C5BA1605619E: closes. applyIndex: 37006
2023-01-03 10:08:39,755 [om1@group-C5BA1605619E-SegmentedRaftLogWorker] INFO  segmented.SegmentedRaftLogWorker (SegmentedRaftLogWorker.java:run(347)) - om1@group-C5BA1605619E-SegmentedRaftLogWorker was interrupted, exiting. There are 0 tasks remaining in the queue.
2023-01-03 10:08:39,774 [om1-impl-thread1] INFO  segmented.SegmentedRaftLogWorker (SegmentedRaftLogWorker.java:close(257)) - om1@group-C5BA1605619E-SegmentedRaftLogWorker close()
2023-01-03 10:08:39,775 [JvmPauseMonitor11] INFO  util.JvmPauseMonitor (JvmPauseMonitor.java:run(111)) - JvmPauseMonitor-om1: Stopped
2023-01-03 10:08:39,775 [Listener at 127.0.0.1/46431] INFO  ratis.OzoneManagerStateMachine (OzoneManagerStateMachine.java:close(499)) - StateMachine has shutdown. Shutdown OzoneManager if not already shutdown.
2023-01-03 10:08:39,775 [Listener at 127.0.0.1/46431] INFO  ratis.OzoneManagerDoubleBuffer (OzoneManagerDoubleBuffer.java:stop(478)) - OMDoubleBuffer flush thread is not running.
2023-01-03 10:08:39,775 [Listener at 127.0.0.1/46431] INFO  utils.BackgroundService (BackgroundService.java:shutdown(141)) - Shutting down service KeyDeletingService
2023-01-03 10:08:39,776 [Listener at 127.0.0.1/46431] INFO  utils.BackgroundService (BackgroundService.java:shutdown(141)) - Shutting down service DirectoryDeletingService
2023-01-03 10:08:39,776 [Listener at 127.0.0.1/46431] INFO  utils.BackgroundService (BackgroundService.java:shutdown(141)) - Shutting down service OpenKeyCleanupService
2023-01-03 10:08:39,776 [Listener at 127.0.0.1/46431] INFO  handler.ContextHandler (ContextHandler.java:doStop(1159)) - Stopped o.e.j.w.WebAppContext@1a630ad6{ozoneManager,/,null,STOPPED}{file:/home/runner/work/ozone/ozone/hadoop-ozone/integration-test/target/test-classes/webapps/ozoneManager}
2023-01-03 10:08:39,777 [Listener at 127.0.0.1/46431] INFO  server.AbstractConnector (AbstractConnector.java:doStop(383)) - Stopped ServerConnector@443b1e8c{HTTP/1.1, (http/1.1)}{0.0.0.0:0}
2023-01-03 10:08:39,778 [Listener at 127.0.0.1/46431] INFO  server.session (HouseKeeper.java:stopScavenging(149)) - node0 Stopped scavenging
2023-01-03 10:08:39,778 [Listener at 127.0.0.1/46431] INFO  handler.ContextHandler (ContextHandler.java:doStop(1159)) - Stopped o.e.j.s.ServletContextHandler@1fa3dd3{static,/static,file:///home/runner/work/ozone/ozone/hadoop-ozone/integration-test/target/test-classes/webapps/static,STOPPED}
2023-01-03 10:08:39,778 [Listener at 127.0.0.1/46431] INFO  handler.ContextHandler (ContextHandler.java:doStop(1159)) - Stopped o.e.j.s.ServletContextHandler@8d52268{logs,/logs,file:///home/runner/work/ozone/ozone/hadoop-ozone/integration-test/target/log,STOPPED}
2023-01-03 10:08:39,779 [Trash Emptier] ERROR om.TrashPolicyOzone (TrashPolicyOzone.java:run(348)) - Error attempting to shutdown
java.lang.InterruptedException
	at java.util.concurrent.locks.AbstractQueuedSynchronizer$ConditionObject.awaitNanos(AbstractQueuedSynchronizer.java:2067)
	at java.util.concurrent.ThreadPoolExecutor.awaitTermination(ThreadPoolExecutor.java:1475)
	at org.apache.hadoop.ozone.om.TrashPolicyOzone$Emptier.run(TrashPolicyOzone.java:346)
	at java.lang.Thread.run(Thread.java:750)
2023-01-03 10:08:39,782 [Listener at 127.0.0.1/46431] INFO  ozone.MiniOzoneClusterImpl (MiniOzoneClusterImpl.java:stopDatanodes(523)) - Stopping the HddsDatanodes
2023-01-03 10:08:39,787 [Listener at 127.0.0.1/46431] INFO  ozoneimpl.OzoneContainer (OzoneContainer.java:stop(417)) - Attempting to stop container services.
2023-01-03 10:08:39,789 [Listener at 127.0.0.1/46431] INFO  server.RaftServer (RaftServerProxy.java:lambda$close$6(409)) - ceb62289-e61f-4ee7-8769-746790ce93a5: close
2023-01-03 10:08:39,789 [ceb62289-e61f-4ee7-8769-746790ce93a5-impl-thread1] INFO  server.RaftServer$Division (RaftServerImpl.java:lambda$close$4(458)) - ceb62289-e61f-4ee7-8769-746790ce93a5@group-BADC9E495150: shutdown
2023-01-03 10:08:39,789 [ceb62289-e61f-4ee7-8769-746790ce93a5-impl-thread1] INFO  util.JmxRegister (JmxRegister.java:unregister(73)) - Successfully un-registered JMX Bean with object name Ratis:service=RaftServer,group=group-BADC9E495150,id=ceb62289-e61f-4ee7-8769-746790ce93a5
2023-01-03 10:08:39,789 [ceb62289-e61f-4ee7-8769-746790ce93a5-impl-thread1] INFO  impl.RoleInfo (RoleInfo.java:shutdownLeaderState(93)) - ceb62289-e61f-4ee7-8769-746790ce93a5: shutdown ceb62289-e61f-4ee7-8769-746790ce93a5@group-BADC9E495150-LeaderStateImpl
2023-01-03 10:08:39,790 [ceb62289-e61f-4ee7-8769-746790ce93a5@group-BADC9E495150->6197d2f5-af8d-4e13-93f4-b3dc0462d19d-GrpcLogAppender-LogAppenderDaemon] WARN  server.GrpcLogAppender (GrpcLogAppender.java:mayWait(200)) - ceb62289-e61f-4ee7-8769-746790ce93a5@group-BADC9E495150->6197d2f5-af8d-4e13-93f4-b3dc0462d19d-GrpcLogAppender: Wait interrupted by java.lang.InterruptedException
2023-01-03 10:08:39,790 [ceb62289-e61f-4ee7-8769-746790ce93a5@group-BADC9E495150->c7e71a96-70a3-435a-a6b2-b0df4fa5b7cd-GrpcLogAppender-LogAppenderDaemon] WARN  server.GrpcLogAppender (GrpcLogAppender.java:mayWait(200)) - ceb62289-e61f-4ee7-8769-746790ce93a5@group-BADC9E495150->c7e71a96-70a3-435a-a6b2-b0df4fa5b7cd-GrpcLogAppender: Wait interrupted by java.lang.InterruptedException
2023-01-03 10:08:39,790 [ceb62289-e61f-4ee7-8769-746790ce93a5-impl-thread1] INFO  impl.PendingRequests (PendingRequests.java:sendNotLeaderResponses(282)) - ceb62289-e61f-4ee7-8769-746790ce93a5@group-BADC9E495150-PendingRequests: sendNotLeaderResponses
2023-01-03 10:08:39,790 [ceb62289-e61f-4ee7-8769-746790ce93a5-impl-thread1] INFO  impl.StateMachineUpdater (StateMachineUpdater.java:stopAndJoin(153)) - ceb62289-e61f-4ee7-8769-746790ce93a5@group-BADC9E495150-StateMachineUpdater: set stopIndex = 0
2023-01-03 10:08:39,790 [ceb62289-e61f-4ee7-8769-746790ce93a5@group-BADC9E495150-StateMachineUpdater] INFO  ratis.ContainerStateMachine (ContainerStateMachine.java:takeSnapshot(308)) - group-BADC9E495150: Taking a snapshot at:(t:3, i:0) file /home/runner/work/ozone/ozone/hadoop-ozone/integration-test/target/test-dir/MiniOzoneClusterImpl-fa5f3e5f-d2ce-4aac-89a4-435e2b21547f/datanode-2/data/ratis/14730fae-f2c5-4a16-abbb-badc9e495150/sm/snapshot.3_0
2023-01-03 10:08:39,791 [ceb62289-e61f-4ee7-8769-746790ce93a5@group-BADC9E495150-StateMachineUpdater] INFO  ratis.ContainerStateMachine (ContainerStateMachine.java:takeSnapshot(319)) - group-BADC9E495150: Finished taking a snapshot at:(t:3, i:0) file:/home/runner/work/ozone/ozone/hadoop-ozone/integration-test/target/test-dir/MiniOzoneClusterImpl-fa5f3e5f-d2ce-4aac-89a4-435e2b21547f/datanode-2/data/ratis/14730fae-f2c5-4a16-abbb-badc9e495150/sm/snapshot.3_0 took: 1 ms
2023-01-03 10:08:39,791 [grpc-default-executor-9] INFO  server.GrpcServerProtocolService (GrpcServerProtocolService.java:onCompleted(143)) - 6197d2f5-af8d-4e13-93f4-b3dc0462d19d: Completed APPEND_ENTRIES, lastRequest: ceb62289-e61f-4ee7-8769-746790ce93a5->6197d2f5-af8d-4e13-93f4-b3dc0462d19d#1-t3,previous=(t:0, i:0),leaderCommit=0,initializing? true,entries: size=1, first=(t:3, i:0), CONFIGURATIONENTRY(current:id: "c7e71a96-70a3-435a-a6b2-b0df4fa5b7cd"
address: "10.1.0.13:35743"
dataStreamAddress: "10.1.0.13:37175"
clientAddress: "10.1.0.13:35743"
adminAddress: "10.1.0.13:35743"
startupRole: FOLLOWER
,id: "ceb62289-e61f-4ee7-8769-746790ce93a5"
address: "10.1.0.13:39919"
priority: 1
dataStreamAddress: "10.1.0.13:34319"
clientAddress: "10.1.0.13:39919"
adminAddress: "10.1.0.13:39919"
startupRole: FOLLOWER
,id: "6197d2f5-af8d-4e13-93f4-b3dc0462d19d"
address: "10.1.0.13:44689"
dataStreamAddress: "10.1.0.13:34149"
clientAddress: "10.1.0.13:44689"
adminAddress: "10.1.0.13:44689"
startupRole: FOLLOWER
, old:)
2023-01-03 10:08:39,791 [ceb62289-e61f-4ee7-8769-746790ce93a5@group-BADC9E495150-StateMachineUpdater] INFO  impl.StateMachineUpdater (StateMachineUpdater.java:takeSnapshot(287)) - ceb62289-e61f-4ee7-8769-746790ce93a5@group-BADC9E495150-StateMachineUpdater: Took a snapshot at index 0
2023-01-03 10:08:39,791 [ceb62289-e61f-4ee7-8769-746790ce93a5@group-BADC9E495150-StateMachineUpdater] INFO  impl.StateMachineUpdater (StateMachineUpdater.java:lambda$new$0(92)) - ceb62289-e61f-4ee7-8769-746790ce93a5@group-BADC9E495150-StateMachineUpdater: snapshotIndex: updateIncreasingly -1 -> 0
2023-01-03 10:08:39,791 [grpc-default-executor-7] INFO  server.GrpcServerProtocolService (GrpcServerProtocolService.java:onCompleted(143)) - 6197d2f5-af8d-4e13-93f4-b3dc0462d19d: Completed APPEND_ENTRIES, lastRequest: null
2023-01-03 10:08:39,791 [ceb62289-e61f-4ee7-8769-746790ce93a5-impl-thread1] INFO  server.RaftServer$Division (ServerState.java:close(466)) - ceb62289-e61f-4ee7-8769-746790ce93a5@group-BADC9E495150: closes. applyIndex: 0
2023-01-03 10:08:39,792 [grpc-default-executor-11] INFO  server.GrpcServerProtocolService (GrpcServerProtocolService.java:onCompleted(143)) - c7e71a96-70a3-435a-a6b2-b0df4fa5b7cd: Completed APPEND_ENTRIES, lastRequest: ceb62289-e61f-4ee7-8769-746790ce93a5->c7e71a96-70a3-435a-a6b2-b0df4fa5b7cd#1-t3,previous=(t:0, i:0),leaderCommit=0,initializing? true,entries: size=1, first=(t:3, i:0), CONFIGURATIONENTRY(current:id: "c7e71a96-70a3-435a-a6b2-b0df4fa5b7cd"
address: "10.1.0.13:35743"
dataStreamAddress: "10.1.0.13:37175"
clientAddress: "10.1.0.13:35743"
adminAddress: "10.1.0.13:35743"
startupRole: FOLLOWER
,id: "ceb62289-e61f-4ee7-8769-746790ce93a5"
address: "10.1.0.13:39919"
priority: 1
dataStreamAddress: "10.1.0.13:34319"
clientAddress: "10.1.0.13:39919"
adminAddress: "10.1.0.13:39919"
startupRole: FOLLOWER
,id: "6197d2f5-af8d-4e13-93f4-b3dc0462d19d"
address: "10.1.0.13:44689"
dataStreamAddress: "10.1.0.13:34149"
clientAddress: "10.1.0.13:44689"
adminAddress: "10.1.0.13:44689"
startupRole: FOLLOWER
, old:)
2023-01-03 10:08:39,792 [ceb62289-e61f-4ee7-8769-746790ce93a5@group-BADC9E495150-SegmentedRaftLogWorker] INFO  segmented.SegmentedRaftLogWorker (SegmentedRaftLogWorker.java:run(347)) - ceb62289-e61f-4ee7-8769-746790ce93a5@group-BADC9E495150-SegmentedRaftLogWorker was interrupted, exiting. There are 0 tasks remaining in the queue.
2023-01-03 10:08:39,792 [grpc-default-executor-11] INFO  server.GrpcServerProtocolService (GrpcServerProtocolService.java:onCompleted(143)) - c7e71a96-70a3-435a-a6b2-b0df4fa5b7cd: Completed APPEND_ENTRIES, lastRequest: null
2023-01-03 10:08:39,793 [grpc-default-executor-13] INFO  server.GrpcLogAppender (GrpcLogAppender.java:onCompleted(415)) - ceb62289-e61f-4ee7-8769-746790ce93a5@group-BADC9E495150->c7e71a96-70a3-435a-a6b2-b0df4fa5b7cd-AppendLogResponseHandler: follower responses appendEntries COMPLETED
2023-01-03 10:08:39,793 [grpc-default-executor-13] INFO  leader.FollowerInfo (FollowerInfoImpl.java:lambda$new$0(48)) - ceb62289-e61f-4ee7-8769-746790ce93a5@group-BADC9E495150->c7e71a96-70a3-435a-a6b2-b0df4fa5b7cd: nextIndex: updateUnconditionally 1 -> 0
2023-01-03 10:08:39,793 [grpc-default-executor-7] INFO  server.GrpcLogAppender (GrpcLogAppender.java:onCompleted(415)) - ceb62289-e61f-4ee7-8769-746790ce93a5@group-BADC9E495150->6197d2f5-af8d-4e13-93f4-b3dc0462d19d-AppendLogResponseHandler: follower responses appendEntries COMPLETED
2023-01-03 10:08:39,794 [grpc-default-executor-7] INFO  leader.FollowerInfo (FollowerInfoImpl.java:lambda$new$0(48)) - ceb62289-e61f-4ee7-8769-746790ce93a5@group-BADC9E495150->6197d2f5-af8d-4e13-93f4-b3dc0462d19d: nextIndex: updateUnconditionally 1 -> 0
2023-01-03 10:08:39,794 [ceb62289-e61f-4ee7-8769-746790ce93a5-impl-thread2] INFO  server.RaftServer$Division (RaftServerImpl.java:lambda$close$4(458)) - ceb62289-e61f-4ee7-8769-746790ce93a5@group-B9BE0C5944DA: shutdown
2023-01-03 10:08:39,794 [grpc-default-executor-7] INFO  server.GrpcLogAppender (GrpcLogAppender.java:onCompleted(415)) - ceb62289-e61f-4ee7-8769-746790ce93a5@group-BADC9E495150->c7e71a96-70a3-435a-a6b2-b0df4fa5b7cd-AppendLogResponseHandler: follower responses appendEntries COMPLETED
2023-01-03 10:08:39,794 [ceb62289-e61f-4ee7-8769-746790ce93a5-impl-thread2] INFO  util.JmxRegister (JmxRegister.java:unregister(73)) - Successfully un-registered JMX Bean with object name Ratis:service=RaftServer,group=group-B9BE0C5944DA,id=ceb62289-e61f-4ee7-8769-746790ce93a5
2023-01-03 10:08:39,794 [grpc-default-executor-7] INFO  leader.FollowerInfo (FollowerInfoImpl.java:lambda$new$0(48)) - ceb62289-e61f-4ee7-8769-746790ce93a5@group-BADC9E495150->c7e71a96-70a3-435a-a6b2-b0df4fa5b7cd: nextIndex: updateUnconditionally 0 -> 0
2023-01-03 10:08:39,794 [ceb62289-e61f-4ee7-8769-746790ce93a5-impl-thread2] INFO  impl.RoleInfo (RoleInfo.java:shutdownFollowerState(110)) - ceb62289-e61f-4ee7-8769-746790ce93a5: shutdown ceb62289-e61f-4ee7-8769-746790ce93a5@group-B9BE0C5944DA-FollowerState
2023-01-03 10:08:39,797 [Listener at 127.0.0.1/46431] INFO  server.GrpcService (GrpcService.java:closeImpl(271)) - ceb62289-e61f-4ee7-8769-746790ce93a5: shutdown server GrpcServerProtocolService now
2023-01-03 10:08:39,806 [ceb62289-e61f-4ee7-8769-746790ce93a5@group-B9BE0C5944DA-FollowerState] INFO  impl.FollowerState (FollowerState.java:run(152)) - ceb62289-e61f-4ee7-8769-746790ce93a5@group-B9BE0C5944DA-FollowerState was interrupted
2023-01-03 10:08:39,806 [ForkJoinPool.commonPool-worker-0] INFO  ozoneimpl.OzoneContainer (OzoneContainer.java:stop(417)) - Attempting to stop container services.
2023-01-03 10:08:39,807 [ceb62289-e61f-4ee7-8769-746790ce93a5@group-B9BE0C5944DA-StateMachineUpdater] INFO  ratis.ContainerStateMachine (ContainerStateMachine.java:takeSnapshot(308)) - group-B9BE0C5944DA: Taking a snapshot at:(t:2, i:30) file /home/runner/work/ozone/ozone/hadoop-ozone/integration-test/target/test-dir/MiniOzoneClusterImpl-fa5f3e5f-d2ce-4aac-89a4-435e2b21547f/datanode-2/data/ratis/c969914e-d65d-488b-b7dd-b9be0c5944da/sm/snapshot.2_30
2023-01-03 10:08:39,808 [ceb62289-e61f-4ee7-8769-746790ce93a5-impl-thread2] INFO  impl.StateMachineUpdater (StateMachineUpdater.java:stopAndJoin(153)) - ceb62289-e61f-4ee7-8769-746790ce93a5@group-B9BE0C5944DA-StateMachineUpdater: set stopIndex = 30
2023-01-03 10:08:39,808 [ceb62289-e61f-4ee7-8769-746790ce93a5-impl-thread3] INFO  server.RaftServer$Division (RaftServerImpl.java:lambda$close$4(458)) - ceb62289-e61f-4ee7-8769-746790ce93a5@group-C8581A5E9AB4: shutdown
2023-01-03 10:08:39,808 [ceb62289-e61f-4ee7-8769-746790ce93a5-impl-thread3] INFO  util.JmxRegister (JmxRegister.java:unregister(73)) - Successfully un-registered JMX Bean with object name Ratis:service=RaftServer,group=group-C8581A5E9AB4,id=ceb62289-e61f-4ee7-8769-746790ce93a5
2023-01-03 10:08:39,808 [ceb62289-e61f-4ee7-8769-746790ce93a5-impl-thread3] INFO  impl.RoleInfo (RoleInfo.java:shutdownLeaderState(93)) - ceb62289-e61f-4ee7-8769-746790ce93a5: shutdown ceb62289-e61f-4ee7-8769-746790ce93a5@group-C8581A5E9AB4-LeaderStateImpl
2023-01-03 10:08:39,808 [ceb62289-e61f-4ee7-8769-746790ce93a5@group-B9BE0C5944DA-StateMachineUpdater] INFO  ratis.ContainerStateMachine (ContainerStateMachine.java:takeSnapshot(319)) - group-B9BE0C5944DA: Finished taking a snapshot at:(t:2, i:30) file:/home/runner/work/ozone/ozone/hadoop-ozone/integration-test/target/test-dir/MiniOzoneClusterImpl-fa5f3e5f-d2ce-4aac-89a4-435e2b21547f/datanode-2/data/ratis/c969914e-d65d-488b-b7dd-b9be0c5944da/sm/snapshot.2_30 took: 2 ms
2023-01-03 10:08:39,808 [ceb62289-e61f-4ee7-8769-746790ce93a5@group-B9BE0C5944DA-StateMachineUpdater] INFO  impl.StateMachineUpdater (StateMachineUpdater.java:takeSnapshot(287)) - ceb62289-e61f-4ee7-8769-746790ce93a5@group-B9BE0C5944DA-StateMachineUpdater: Took a snapshot at index 30
2023-01-03 10:08:39,808 [ceb62289-e61f-4ee7-8769-746790ce93a5@group-B9BE0C5944DA-StateMachineUpdater] INFO  impl.StateMachineUpdater (StateMachineUpdater.java:lambda$new$0(92)) - ceb62289-e61f-4ee7-8769-746790ce93a5@group-B9BE0C5944DA-StateMachineUpdater: snapshotIndex: updateIncreasingly -1 -> 30
2023-01-03 10:08:39,809 [ceb62289-e61f-4ee7-8769-746790ce93a5-impl-thread3] INFO  impl.PendingRequests (PendingRequests.java:sendNotLeaderResponses(282)) - ceb62289-e61f-4ee7-8769-746790ce93a5@group-C8581A5E9AB4-PendingRequests: sendNotLeaderResponses
2023-01-03 10:08:39,809 [ceb62289-e61f-4ee7-8769-746790ce93a5-impl-thread2] INFO  server.RaftServer$Division (ServerState.java:close(466)) - ceb62289-e61f-4ee7-8769-746790ce93a5@group-B9BE0C5944DA: closes. applyIndex: 30
2023-01-03 10:08:39,809 [ceb62289-e61f-4ee7-8769-746790ce93a5@group-B9BE0C5944DA-SegmentedRaftLogWorker] INFO  segmented.SegmentedRaftLogWorker (SegmentedRaftLogWorker.java:run(347)) - ceb62289-e61f-4ee7-8769-746790ce93a5@group-B9BE0C5944DA-SegmentedRaftLogWorker was interrupted, exiting. There are 0 tasks remaining in the queue.
2023-01-03 10:08:39,809 [ceb62289-e61f-4ee7-8769-746790ce93a5@group-C8581A5E9AB4-StateMachineUpdater] INFO  ratis.ContainerStateMachine (ContainerStateMachine.java:takeSnapshot(308)) - group-C8581A5E9AB4: Taking a snapshot at:(t:1, i:0) file /home/runner/work/ozone/ozone/hadoop-ozone/integration-test/target/test-dir/MiniOzoneClusterImpl-fa5f3e5f-d2ce-4aac-89a4-435e2b21547f/datanode-2/data/ratis/42b973d7-bc8d-4613-a093-c8581a5e9ab4/sm/snapshot.1_0
2023-01-03 10:08:39,810 [ceb62289-e61f-4ee7-8769-746790ce93a5-impl-thread3] INFO  impl.StateMachineUpdater (StateMachineUpdater.java:stopAndJoin(153)) - ceb62289-e61f-4ee7-8769-746790ce93a5@group-C8581A5E9AB4-StateMachineUpdater: set stopIndex = 0
2023-01-03 10:08:39,812 [ceb62289-e61f-4ee7-8769-746790ce93a5@group-C8581A5E9AB4-StateMachineUpdater] INFO  ratis.ContainerStateMachine (ContainerStateMachine.java:takeSnapshot(319)) - group-C8581A5E9AB4: Finished taking a snapshot at:(t:1, i:0) file:/home/runner/work/ozone/ozone/hadoop-ozone/integration-test/target/test-dir/MiniOzoneClusterImpl-fa5f3e5f-d2ce-4aac-89a4-435e2b21547f/datanode-2/data/ratis/42b973d7-bc8d-4613-a093-c8581a5e9ab4/sm/snapshot.1_0 took: 3 ms
2023-01-03 10:08:39,812 [ceb62289-e61f-4ee7-8769-746790ce93a5@group-C8581A5E9AB4-StateMachineUpdater] INFO  impl.StateMachineUpdater (StateMachineUpdater.java:takeSnapshot(287)) - ceb62289-e61f-4ee7-8769-746790ce93a5@group-C8581A5E9AB4-StateMachineUpdater: Took a snapshot at index 0
2023-01-03 10:08:39,812 [ceb62289-e61f-4ee7-8769-746790ce93a5@group-C8581A5E9AB4-StateMachineUpdater] INFO  impl.StateMachineUpdater (StateMachineUpdater.java:lambda$new$0(92)) - ceb62289-e61f-4ee7-8769-746790ce93a5@group-C8581A5E9AB4-StateMachineUpdater: snapshotIndex: updateIncreasingly -1 -> 0
2023-01-03 10:08:39,812 [grpc-default-executor-13] INFO  server.GrpcLogAppender (GrpcLogAppender.java:onCompleted(415)) - ceb62289-e61f-4ee7-8769-746790ce93a5@group-BADC9E495150->6197d2f5-af8d-4e13-93f4-b3dc0462d19d-AppendLogResponseHandler: follower responses appendEntries COMPLETED
2023-01-03 10:08:39,812 [ceb62289-e61f-4ee7-8769-746790ce93a5-impl-thread3] INFO  server.RaftServer$Division (ServerState.java:close(466)) - ceb62289-e61f-4ee7-8769-746790ce93a5@group-C8581A5E9AB4: closes. applyIndex: 0
2023-01-03 10:08:39,812 [grpc-default-executor-13] INFO  leader.FollowerInfo (FollowerInfoImpl.java:lambda$new$0(48)) - ceb62289-e61f-4ee7-8769-746790ce93a5@group-BADC9E495150->6197d2f5-af8d-4e13-93f4-b3dc0462d19d: nextIndex: updateUnconditionally 0 -> 0
2023-01-03 10:08:39,812 [ceb62289-e61f-4ee7-8769-746790ce93a5-impl-thread1] INFO  segmented.SegmentedRaftLogWorker (SegmentedRaftLogWorker.java:close(257)) - ceb62289-e61f-4ee7-8769-746790ce93a5@group-BADC9E495150-SegmentedRaftLogWorker close()
2023-01-03 10:08:39,812 [ceb62289-e61f-4ee7-8769-746790ce93a5@group-C8581A5E9AB4-SegmentedRaftLogWorker] INFO  segmented.SegmentedRaftLogWorker (SegmentedRaftLogWorker.java:run(347)) - ceb62289-e61f-4ee7-8769-746790ce93a5@group-C8581A5E9AB4-SegmentedRaftLogWorker was interrupted, exiting. There are 0 tasks remaining in the queue.
2023-01-03 10:08:39,812 [Listener at 127.0.0.1/46431] INFO  server.GrpcServerProtocolClient (GrpcServerProtocolClient.java:close(101)) - c7e71a96-70a3-435a-a6b2-b0df4fa5b7cd Close channels
2023-01-03 10:08:39,813 [ceb62289-e61f-4ee7-8769-746790ce93a5-impl-thread2] INFO  segmented.SegmentedRaftLogWorker (SegmentedRaftLogWorker.java:close(257)) - ceb62289-e61f-4ee7-8769-746790ce93a5@group-B9BE0C5944DA-SegmentedRaftLogWorker close()
2023-01-03 10:08:39,813 [grpc-default-executor-11] WARN  server.GrpcServerProtocolService (LogUtils.java:warn(122)) - ceb62289-e61f-4ee7-8769-746790ce93a5: installSnapshot onError, lastRequest: null: org.apache.ratis.thirdparty.io.grpc.StatusRuntimeException: CANCELLED: client cancelled
2023-01-03 10:08:39,813 [ceb62289-e61f-4ee7-8769-746790ce93a5-impl-thread3] INFO  segmented.SegmentedRaftLogWorker (SegmentedRaftLogWorker.java:close(257)) - ceb62289-e61f-4ee7-8769-746790ce93a5@group-C8581A5E9AB4-SegmentedRaftLogWorker close()
2023-01-03 10:08:39,816 [grpc-default-executor-13] WARN  server.GrpcLogAppender (LogUtils.java:warn(122)) - 6197d2f5-af8d-4e13-93f4-b3dc0462d19d@group-B9BE0C5944DA->ceb62289-e61f-4ee7-8769-746790ce93a5-AppendLogResponseHandler: Failed appendEntries: org.apache.ratis.thirdparty.io.grpc.StatusRuntimeException: CANCELLED: RST_STREAM closed stream. HTTP/2 error code: CANCEL
2023-01-03 10:08:39,815 [ForkJoinPool.commonPool-worker-0] INFO  server.RaftServer (RaftServerProxy.java:lambda$close$6(409)) - 6197d2f5-af8d-4e13-93f4-b3dc0462d19d: close
2023-01-03 10:08:39,816 [grpc-default-executor-13] INFO  leader.FollowerInfo (FollowerInfoImpl.java:lambda$new$0(48)) - 6197d2f5-af8d-4e13-93f4-b3dc0462d19d@group-B9BE0C5944DA->ceb62289-e61f-4ee7-8769-746790ce93a5: nextIndex: updateUnconditionally 31 -> 30
2023-01-03 10:08:39,816 [grpc-default-executor-7] WARN  server.GrpcServerProtocolService (LogUtils.java:warn(122)) - ceb62289-e61f-4ee7-8769-746790ce93a5: installSnapshot onError, lastRequest: 6197d2f5-af8d-4e13-93f4-b3dc0462d19d->ceb62289-e61f-4ee7-8769-746790ce93a5#339-t2,previous=(t:2, i:29),leaderCommit=29,initializing? true,entries: size=1, first=(t:2, i:30), METADATAENTRY(c:29): org.apache.ratis.thirdparty.io.grpc.StatusRuntimeException: CANCELLED: client cancelled
2023-01-03 10:08:39,816 [6197d2f5-af8d-4e13-93f4-b3dc0462d19d-impl-thread1] INFO  server.RaftServer$Division (RaftServerImpl.java:lambda$close$4(458)) - 6197d2f5-af8d-4e13-93f4-b3dc0462d19d@group-BADC9E495150: shutdown
2023-01-03 10:08:39,817 [6197d2f5-af8d-4e13-93f4-b3dc0462d19d-impl-thread1] INFO  util.JmxRegister (JmxRegister.java:unregister(73)) - Successfully un-registered JMX Bean with object name Ratis:service=RaftServer,group=group-BADC9E495150,id=6197d2f5-af8d-4e13-93f4-b3dc0462d19d
2023-01-03 10:08:39,817 [6197d2f5-af8d-4e13-93f4-b3dc0462d19d-impl-thread1] INFO  impl.RoleInfo (RoleInfo.java:shutdownFollowerState(110)) - 6197d2f5-af8d-4e13-93f4-b3dc0462d19d: shutdown 6197d2f5-af8d-4e13-93f4-b3dc0462d19d@group-BADC9E495150-FollowerState
2023-01-03 10:08:39,821 [6197d2f5-af8d-4e13-93f4-b3dc0462d19d-impl-thread2] INFO  server.RaftServer$Division (RaftServerImpl.java:lambda$close$4(458)) - 6197d2f5-af8d-4e13-93f4-b3dc0462d19d@group-B9BE0C5944DA: shutdown
2023-01-03 10:08:39,821 [6197d2f5-af8d-4e13-93f4-b3dc0462d19d-impl-thread2] INFO  util.JmxRegister (JmxRegister.java:unregister(73)) - Successfully un-registered JMX Bean with object name Ratis:service=RaftServer,group=group-B9BE0C5944DA,id=6197d2f5-af8d-4e13-93f4-b3dc0462d19d
2023-01-03 10:08:39,822 [6197d2f5-af8d-4e13-93f4-b3dc0462d19d-impl-thread2] INFO  impl.RoleInfo (RoleInfo.java:shutdownLeaderState(93)) - 6197d2f5-af8d-4e13-93f4-b3dc0462d19d: shutdown 6197d2f5-af8d-4e13-93f4-b3dc0462d19d@group-B9BE0C5944DA-LeaderStateImpl
2023-01-03 10:08:39,824 [ForkJoinPool.commonPool-worker-0] INFO  server.GrpcService (GrpcService.java:closeImpl(271)) - 6197d2f5-af8d-4e13-93f4-b3dc0462d19d: shutdown server GrpcServerProtocolService now
2023-01-03 10:08:39,826 [6197d2f5-af8d-4e13-93f4-b3dc0462d19d-impl-thread1] INFO  impl.StateMachineUpdater (StateMachineUpdater.java:stopAndJoin(153)) - 6197d2f5-af8d-4e13-93f4-b3dc0462d19d@group-BADC9E495150-StateMachineUpdater: set stopIndex = 0
2023-01-03 10:08:39,826 [6197d2f5-af8d-4e13-93f4-b3dc0462d19d@group-BADC9E495150-FollowerState] INFO  impl.FollowerState (FollowerState.java:run(152)) - 6197d2f5-af8d-4e13-93f4-b3dc0462d19d@group-BADC9E495150-FollowerState was interrupted
2023-01-03 10:08:39,827 [6197d2f5-af8d-4e13-93f4-b3dc0462d19d@group-BADC9E495150-StateMachineUpdater] INFO  ratis.ContainerStateMachine (ContainerStateMachine.java:takeSnapshot(308)) - group-BADC9E495150: Taking a snapshot at:(t:3, i:0) file /home/runner/work/ozone/ozone/hadoop-ozone/integration-test/target/test-dir/MiniOzoneClusterImpl-fa5f3e5f-d2ce-4aac-89a4-435e2b21547f/datanode-1/data/ratis/14730fae-f2c5-4a16-abbb-badc9e495150/sm/snapshot.3_0
2023-01-03 10:08:39,827 [6197d2f5-af8d-4e13-93f4-b3dc0462d19d-impl-thread3] INFO  server.RaftServer$Division (RaftServerImpl.java:lambda$close$4(458)) - 6197d2f5-af8d-4e13-93f4-b3dc0462d19d@group-68AA7DEFA024: shutdown
2023-01-03 10:08:39,827 [6197d2f5-af8d-4e13-93f4-b3dc0462d19d-impl-thread3] INFO  util.JmxRegister (JmxRegister.java:unregister(73)) - Successfully un-registered JMX Bean with object name Ratis:service=RaftServer,group=group-68AA7DEFA024,id=6197d2f5-af8d-4e13-93f4-b3dc0462d19d
2023-01-03 10:08:39,828 [6197d2f5-af8d-4e13-93f4-b3dc0462d19d-impl-thread3] INFO  impl.RoleInfo (RoleInfo.java:shutdownLeaderState(93)) - 6197d2f5-af8d-4e13-93f4-b3dc0462d19d: shutdown 6197d2f5-af8d-4e13-93f4-b3dc0462d19d@group-68AA7DEFA024-LeaderStateImpl
2023-01-03 10:08:39,828 [6197d2f5-af8d-4e13-93f4-b3dc0462d19d-impl-thread3] INFO  impl.PendingRequests (PendingRequests.java:sendNotLeaderResponses(282)) - 6197d2f5-af8d-4e13-93f4-b3dc0462d19d@group-68AA7DEFA024-PendingRequests: sendNotLeaderResponses
2023-01-03 10:08:39,827 [6197d2f5-af8d-4e13-93f4-b3dc0462d19d-impl-thread2] INFO  impl.PendingRequests (PendingRequests.java:sendNotLeaderResponses(282)) - 6197d2f5-af8d-4e13-93f4-b3dc0462d19d@group-B9BE0C5944DA-PendingRequests: sendNotLeaderResponses
2023-01-03 10:08:39,827 [6197d2f5-af8d-4e13-93f4-b3dc0462d19d@group-B9BE0C5944DA->ceb62289-e61f-4ee7-8769-746790ce93a5-GrpcLogAppender-LogAppenderDaemon] WARN  server.GrpcLogAppender (GrpcLogAppender.java:mayWait(200)) - 6197d2f5-af8d-4e13-93f4-b3dc0462d19d@group-B9BE0C5944DA->ceb62289-e61f-4ee7-8769-746790ce93a5-GrpcLogAppender: Wait interrupted by java.lang.InterruptedException
2023-01-03 10:08:39,827 [6197d2f5-af8d-4e13-93f4-b3dc0462d19d@group-BADC9E495150-StateMachineUpdater] INFO  ratis.ContainerStateMachine (ContainerStateMachine.java:takeSnapshot(319)) - group-BADC9E495150: Finished taking a snapshot at:(t:3, i:0) file:/home/runner/work/ozone/ozone/hadoop-ozone/integration-test/target/test-dir/MiniOzoneClusterImpl-fa5f3e5f-d2ce-4aac-89a4-435e2b21547f/datanode-1/data/ratis/14730fae-f2c5-4a16-abbb-badc9e495150/sm/snapshot.3_0 took: 0 ms
2023-01-03 10:08:39,828 [6197d2f5-af8d-4e13-93f4-b3dc0462d19d@group-BADC9E495150-StateMachineUpdater] INFO  impl.StateMachineUpdater (StateMachineUpdater.java:takeSnapshot(287)) - 6197d2f5-af8d-4e13-93f4-b3dc0462d19d@group-BADC9E495150-StateMachineUpdater: Took a snapshot at index 0
2023-01-03 10:08:39,828 [6197d2f5-af8d-4e13-93f4-b3dc0462d19d@group-BADC9E495150-StateMachineUpdater] INFO  impl.StateMachineUpdater (StateMachineUpdater.java:lambda$new$0(92)) - 6197d2f5-af8d-4e13-93f4-b3dc0462d19d@group-BADC9E495150-StateMachineUpdater: snapshotIndex: updateIncreasingly -1 -> 0
2023-01-03 10:08:39,828 [6197d2f5-af8d-4e13-93f4-b3dc0462d19d-impl-thread1] INFO  server.RaftServer$Division (ServerState.java:close(466)) - 6197d2f5-af8d-4e13-93f4-b3dc0462d19d@group-BADC9E495150: closes. applyIndex: 0
2023-01-03 10:08:39,827 [ForkJoinPool.commonPool-worker-0] INFO  server.GrpcServerProtocolClient (GrpcServerProtocolClient.java:close(101)) - c7e71a96-70a3-435a-a6b2-b0df4fa5b7cd Close channels
2023-01-03 10:08:39,828 [6197d2f5-af8d-4e13-93f4-b3dc0462d19d@group-BADC9E495150-SegmentedRaftLogWorker] INFO  segmented.SegmentedRaftLogWorker (SegmentedRaftLogWorker.java:run(347)) - 6197d2f5-af8d-4e13-93f4-b3dc0462d19d@group-BADC9E495150-SegmentedRaftLogWorker was interrupted, exiting. There are 0 tasks remaining in the queue.
2023-01-03 10:08:39,829 [6197d2f5-af8d-4e13-93f4-b3dc0462d19d@group-68AA7DEFA024-StateMachineUpdater] INFO  ratis.ContainerStateMachine (ContainerStateMachine.java:takeSnapshot(308)) - group-68AA7DEFA024: Taking a snapshot at:(t:1, i:0) file /home/runner/work/ozone/ozone/hadoop-ozone/integration-test/target/test-dir/MiniOzoneClusterImpl-fa5f3e5f-d2ce-4aac-89a4-435e2b21547f/datanode-1/data/ratis/2f23c0fa-30b8-4b0e-9b7f-68aa7defa024/sm/snapshot.1_0
2023-01-03 10:08:39,829 [6197d2f5-af8d-4e13-93f4-b3dc0462d19d-impl-thread3] INFO  impl.StateMachineUpdater (StateMachineUpdater.java:stopAndJoin(153)) - 6197d2f5-af8d-4e13-93f4-b3dc0462d19d@group-68AA7DEFA024-StateMachineUpdater: set stopIndex = 0
2023-01-03 10:08:39,830 [6197d2f5-af8d-4e13-93f4-b3dc0462d19d@group-68AA7DEFA024-StateMachineUpdater] INFO  ratis.ContainerStateMachine (ContainerStateMachine.java:takeSnapshot(319)) - group-68AA7DEFA024: Finished taking a snapshot at:(t:1, i:0) file:/home/runner/work/ozone/ozone/hadoop-ozone/integration-test/target/test-dir/MiniOzoneClusterImpl-fa5f3e5f-d2ce-4aac-89a4-435e2b21547f/datanode-1/data/ratis/2f23c0fa-30b8-4b0e-9b7f-68aa7defa024/sm/snapshot.1_0 took: 0 ms
2023-01-03 10:08:39,830 [6197d2f5-af8d-4e13-93f4-b3dc0462d19d@group-68AA7DEFA024-StateMachineUpdater] INFO  impl.StateMachineUpdater (StateMachineUpdater.java:takeSnapshot(287)) - 6197d2f5-af8d-4e13-93f4-b3dc0462d19d@group-68AA7DEFA024-StateMachineUpdater: Took a snapshot at index 0
2023-01-03 10:08:39,830 [6197d2f5-af8d-4e13-93f4-b3dc0462d19d@group-68AA7DEFA024-StateMachineUpdater] INFO  impl.StateMachineUpdater (StateMachineUpdater.java:lambda$new$0(92)) - 6197d2f5-af8d-4e13-93f4-b3dc0462d19d@group-68AA7DEFA024-StateMachineUpdater: snapshotIndex: updateIncreasingly -1 -> 0
2023-01-03 10:08:39,830 [6197d2f5-af8d-4e13-93f4-b3dc0462d19d-impl-thread3] INFO  server.RaftServer$Division (ServerState.java:close(466)) - 6197d2f5-af8d-4e13-93f4-b3dc0462d19d@group-68AA7DEFA024: closes. applyIndex: 0
2023-01-03 10:08:39,831 [6197d2f5-af8d-4e13-93f4-b3dc0462d19d@group-68AA7DEFA024-SegmentedRaftLogWorker] INFO  segmented.SegmentedRaftLogWorker (SegmentedRaftLogWorker.java:run(347)) - 6197d2f5-af8d-4e13-93f4-b3dc0462d19d@group-68AA7DEFA024-SegmentedRaftLogWorker was interrupted, exiting. There are 0 tasks remaining in the queue.
2023-01-03 10:08:39,831 [grpc-default-executor-8] WARN  server.GrpcClientProtocolService (LogUtils.java:warn(122)) - 2-OrderedRequestStreamObserver2: onError: org.apache.ratis.thirdparty.io.grpc.StatusRuntimeException: CANCELLED: client cancelled
2023-01-03 10:08:39,832 [grpc-default-executor-9] INFO  server.GrpcLogAppender (GrpcLogAppender.java:onError(404)) - 6197d2f5-af8d-4e13-93f4-b3dc0462d19d@group-B9BE0C5944DA->ceb62289-e61f-4ee7-8769-746790ce93a5-GrpcLogAppender is already stopped
2023-01-03 10:08:39,833 [grpc-default-executor-9] INFO  server.GrpcServerProtocolService (GrpcServerProtocolService.java:onCompleted(143)) - c7e71a96-70a3-435a-a6b2-b0df4fa5b7cd: Completed APPEND_ENTRIES, lastRequest: null
2023-01-03 10:08:39,840 [6197d2f5-af8d-4e13-93f4-b3dc0462d19d@group-B9BE0C5944DA-StateMachineUpdater] INFO  ratis.ContainerStateMachine (ContainerStateMachine.java:takeSnapshot(308)) - group-B9BE0C5944DA: Taking a snapshot at:(t:2, i:30) file /home/runner/work/ozone/ozone/hadoop-ozone/integration-test/target/test-dir/MiniOzoneClusterImpl-fa5f3e5f-d2ce-4aac-89a4-435e2b21547f/datanode-1/data/ratis/c969914e-d65d-488b-b7dd-b9be0c5944da/sm/snapshot.2_30
2023-01-03 10:08:39,840 [6197d2f5-af8d-4e13-93f4-b3dc0462d19d-impl-thread2] INFO  impl.StateMachineUpdater (StateMachineUpdater.java:stopAndJoin(153)) - 6197d2f5-af8d-4e13-93f4-b3dc0462d19d@group-B9BE0C5944DA-StateMachineUpdater: set stopIndex = 30
2023-01-03 10:08:39,840 [grpc-default-executor-8] INFO  server.GrpcLogAppender (GrpcLogAppender.java:onError(404)) - 6197d2f5-af8d-4e13-93f4-b3dc0462d19d@group-B9BE0C5944DA->ceb62289-e61f-4ee7-8769-746790ce93a5-GrpcLogAppender is already stopped
2023-01-03 10:08:39,840 [6197d2f5-af8d-4e13-93f4-b3dc0462d19d-impl-thread1] INFO  segmented.SegmentedRaftLogWorker (SegmentedRaftLogWorker.java:close(257)) - 6197d2f5-af8d-4e13-93f4-b3dc0462d19d@group-BADC9E495150-SegmentedRaftLogWorker close()
2023-01-03 10:08:39,840 [6197d2f5-af8d-4e13-93f4-b3dc0462d19d-impl-thread3] INFO  segmented.SegmentedRaftLogWorker (SegmentedRaftLogWorker.java:close(257)) - 6197d2f5-af8d-4e13-93f4-b3dc0462d19d@group-68AA7DEFA024-SegmentedRaftLogWorker close()
2023-01-03 10:08:39,840 [6197d2f5-af8d-4e13-93f4-b3dc0462d19d@group-B9BE0C5944DA-StateMachineUpdater] INFO  ratis.ContainerStateMachine (ContainerStateMachine.java:takeSnapshot(319)) - group-B9BE0C5944DA: Finished taking a snapshot at:(t:2, i:30) file:/home/runner/work/ozone/ozone/hadoop-ozone/integration-test/target/test-dir/MiniOzoneClusterImpl-fa5f3e5f-d2ce-4aac-89a4-435e2b21547f/datanode-1/data/ratis/c969914e-d65d-488b-b7dd-b9be0c5944da/sm/snapshot.2_30 took: 1 ms
2023-01-03 10:08:39,840 [6197d2f5-af8d-4e13-93f4-b3dc0462d19d@group-B9BE0C5944DA-StateMachineUpdater] INFO  impl.StateMachineUpdater (StateMachineUpdater.java:takeSnapshot(287)) - 6197d2f5-af8d-4e13-93f4-b3dc0462d19d@group-B9BE0C5944DA-StateMachineUpdater: Took a snapshot at index 30
2023-01-03 10:08:39,840 [6197d2f5-af8d-4e13-93f4-b3dc0462d19d@group-B9BE0C5944DA-StateMachineUpdater] INFO  impl.StateMachineUpdater (StateMachineUpdater.java:lambda$new$0(92)) - 6197d2f5-af8d-4e13-93f4-b3dc0462d19d@group-B9BE0C5944DA-StateMachineUpdater: snapshotIndex: updateIncreasingly -1 -> 30
2023-01-03 10:08:39,841 [grpc-default-executor-1] INFO  server.GrpcServerProtocolService (GrpcServerProtocolService.java:onCompleted(143)) - c7e71a96-70a3-435a-a6b2-b0df4fa5b7cd: Completed APPEND_ENTRIES, lastRequest: 6197d2f5-af8d-4e13-93f4-b3dc0462d19d->c7e71a96-70a3-435a-a6b2-b0df4fa5b7cd#332-t2,previous=(t:2, i:29),leaderCommit=29,initializing? true,entries: size=1, first=(t:2, i:30), METADATAENTRY(c:29)
2023-01-03 10:08:39,841 [6197d2f5-af8d-4e13-93f4-b3dc0462d19d-impl-thread2] INFO  server.RaftServer$Division (ServerState.java:close(466)) - 6197d2f5-af8d-4e13-93f4-b3dc0462d19d@group-B9BE0C5944DA: closes. applyIndex: 30
2023-01-03 10:08:39,841 [6197d2f5-af8d-4e13-93f4-b3dc0462d19d@group-B9BE0C5944DA-SegmentedRaftLogWorker] INFO  segmented.SegmentedRaftLogWorker (SegmentedRaftLogWorker.java:run(347)) - 6197d2f5-af8d-4e13-93f4-b3dc0462d19d@group-B9BE0C5944DA-SegmentedRaftLogWorker was interrupted, exiting. There are 0 tasks remaining in the queue.
2023-01-03 10:08:39,841 [Listener at 127.0.0.1/46431] INFO  server.GrpcServerProtocolClient (GrpcServerProtocolClient.java:close(101)) - 6197d2f5-af8d-4e13-93f4-b3dc0462d19d Close channels
2023-01-03 10:08:39,842 [Listener at 127.0.0.1/46431] INFO  server.GrpcService (GrpcService.java:closeImpl(280)) - ceb62289-e61f-4ee7-8769-746790ce93a5: shutdown server GrpcServerProtocolService successfully
2023-01-03 10:08:39,842 [ceb62289-e61f-4ee7-8769-746790ce93a5-NettyServerStreamRpc-bossGroup--thread1] INFO  logging.LoggingHandler (AbstractInternalLogger.java:log(148)) - [id: 0xce63f7ba, L:/0:0:0:0:0:0:0:0:34319] CLOSE
2023-01-03 10:08:39,842 [ceb62289-e61f-4ee7-8769-746790ce93a5-NettyServerStreamRpc-bossGroup--thread1] INFO  logging.LoggingHandler (AbstractInternalLogger.java:log(148)) - [id: 0xce63f7ba, L:/0:0:0:0:0:0:0:0:34319] INACTIVE
2023-01-03 10:08:39,842 [ceb62289-e61f-4ee7-8769-746790ce93a5-NettyServerStreamRpc-bossGroup--thread1] INFO  logging.LoggingHandler (AbstractInternalLogger.java:log(148)) - [id: 0xce63f7ba, L:/0:0:0:0:0:0:0:0:34319] UNREGISTERED
2023-01-03 10:08:39,842 [grpc-default-executor-1] INFO  server.GrpcLogAppender (GrpcLogAppender.java:onCompleted(415)) - 6197d2f5-af8d-4e13-93f4-b3dc0462d19d@group-B9BE0C5944DA->c7e71a96-70a3-435a-a6b2-b0df4fa5b7cd-AppendLogResponseHandler: follower responses appendEntries COMPLETED
2023-01-03 10:08:39,842 [grpc-default-executor-9] INFO  server.GrpcLogAppender (GrpcLogAppender.java:onCompleted(415)) - 6197d2f5-af8d-4e13-93f4-b3dc0462d19d@group-B9BE0C5944DA->c7e71a96-70a3-435a-a6b2-b0df4fa5b7cd-AppendLogResponseHandler: follower responses appendEntries COMPLETED
2023-01-03 10:08:39,842 [ForkJoinPool.commonPool-worker-0] INFO  server.GrpcServerProtocolClient (GrpcServerProtocolClient.java:close(101)) - ceb62289-e61f-4ee7-8769-746790ce93a5 Close channels
2023-01-03 10:08:39,842 [ForkJoinPool.commonPool-worker-0] INFO  server.GrpcService (GrpcService.java:closeImpl(280)) - 6197d2f5-af8d-4e13-93f4-b3dc0462d19d: shutdown server GrpcServerProtocolService successfully
2023-01-03 10:08:39,843 [6197d2f5-af8d-4e13-93f4-b3dc0462d19d-NettyServerStreamRpc-bossGroup--thread1] INFO  logging.LoggingHandler (AbstractInternalLogger.java:log(148)) - [id: 0x3623556e, L:/0:0:0:0:0:0:0:0:34149] CLOSE
2023-01-03 10:08:39,843 [6197d2f5-af8d-4e13-93f4-b3dc0462d19d-NettyServerStreamRpc-bossGroup--thread1] INFO  logging.LoggingHandler (AbstractInternalLogger.java:log(148)) - [id: 0x3623556e, L:/0:0:0:0:0:0:0:0:34149] INACTIVE
2023-01-03 10:08:39,843 [6197d2f5-af8d-4e13-93f4-b3dc0462d19d-NettyServerStreamRpc-bossGroup--thread1] INFO  logging.LoggingHandler (AbstractInternalLogger.java:log(148)) - [id: 0x3623556e, L:/0:0:0:0:0:0:0:0:34149] UNREGISTERED
2023-01-03 10:08:39,853 [grpc-default-executor-1] WARN  server.GrpcLogAppender (GrpcLogAppender.java:resetClient(137)) - 6197d2f5-af8d-4e13-93f4-b3dc0462d19d@group-B9BE0C5944DA->c7e71a96-70a3-435a-a6b2-b0df4fa5b7cd-GrpcLogAppender: Failed to getClient for c7e71a96-70a3-435a-a6b2-b0df4fa5b7cd
org.apache.ratis.protocol.exceptions.AlreadyClosedException: 6197d2f5-af8d-4e13-93f4-b3dc0462d19d is already CLOSED
	at org.apache.ratis.util.PeerProxyMap$PeerAndProxy.getProxy(PeerProxyMap.java:61)
	at org.apache.ratis.util.PeerProxyMap.getProxy(PeerProxyMap.java:115)
	at org.apache.ratis.grpc.server.GrpcLogAppender.getClient(GrpcLogAppender.java:116)
	at org.apache.ratis.grpc.server.GrpcLogAppender.resetClient(GrpcLogAppender.java:121)
	at org.apache.ratis.grpc.server.GrpcLogAppender.access$500(GrpcLogAppender.java:58)
	at org.apache.ratis.grpc.server.GrpcLogAppender$AppendLogResponseHandler.onCompleted(GrpcLogAppender.java:416)
	at org.apache.ratis.thirdparty.io.grpc.stub.ClientCalls$StreamObserverToCallListenerAdapter.onClose(ClientCalls.java:485)
	at org.apache.ratis.thirdparty.io.grpc.internal.ClientCallImpl.closeObserver(ClientCallImpl.java:562)
	at org.apache.ratis.thirdparty.io.grpc.internal.ClientCallImpl.access$300(ClientCallImpl.java:70)
	at org.apache.ratis.thirdparty.io.grpc.internal.ClientCallImpl$ClientStreamListenerImpl$1StreamClosed.runInternal(ClientCallImpl.java:743)
	at org.apache.ratis.thirdparty.io.grpc.internal.ClientCallImpl$ClientStreamListenerImpl$1StreamClosed.runInContext(ClientCallImpl.java:722)
	at org.apache.ratis.thirdparty.io.grpc.internal.ContextRunnable.run(ContextRunnable.java:37)
	at org.apache.ratis.thirdparty.io.grpc.internal.SerializingExecutor.run(SerializingExecutor.java:133)
	at java.util.concurrent.ThreadPoolExecutor.runWorker(ThreadPoolExecutor.java:1149)
	at java.util.concurrent.ThreadPoolExecutor$Worker.run(ThreadPoolExecutor.java:624)
	at java.lang.Thread.run(Thread.java:750)
2023-01-03 10:08:39,853 [grpc-default-executor-9] WARN  server.GrpcLogAppender (GrpcLogAppender.java:resetClient(137)) - 6197d2f5-af8d-4e13-93f4-b3dc0462d19d@group-B9BE0C5944DA->c7e71a96-70a3-435a-a6b2-b0df4fa5b7cd-GrpcLogAppender: Failed to getClient for c7e71a96-70a3-435a-a6b2-b0df4fa5b7cd
org.apache.ratis.protocol.exceptions.AlreadyClosedException: 6197d2f5-af8d-4e13-93f4-b3dc0462d19d is already CLOSED
	at org.apache.ratis.util.PeerProxyMap$PeerAndProxy.getProxy(PeerProxyMap.java:61)
	at org.apache.ratis.util.PeerProxyMap.getProxy(PeerProxyMap.java:115)
	at org.apache.ratis.grpc.server.GrpcLogAppender.getClient(GrpcLogAppender.java:116)
	at org.apache.ratis.grpc.server.GrpcLogAppender.resetClient(GrpcLogAppender.java:121)
	at org.apache.ratis.grpc.server.GrpcLogAppender.access$500(GrpcLogAppender.java:58)
	at org.apache.ratis.grpc.server.GrpcLogAppender$AppendLogResponseHandler.onCompleted(GrpcLogAppender.java:416)
	at org.apache.ratis.thirdparty.io.grpc.stub.ClientCalls$StreamObserverToCallListenerAdapter.onClose(ClientCalls.java:485)
	at org.apache.ratis.thirdparty.io.grpc.internal.ClientCallImpl.closeObserver(ClientCallImpl.java:562)
	at org.apache.ratis.thirdparty.io.grpc.internal.ClientCallImpl.access$300(ClientCallImpl.java:70)
	at org.apache.ratis.thirdparty.io.grpc.internal.ClientCallImpl$ClientStreamListenerImpl$1StreamClosed.runInternal(ClientCallImpl.java:743)
	at org.apache.ratis.thirdparty.io.grpc.internal.ClientCallImpl$ClientStreamListenerImpl$1StreamClosed.runInContext(ClientCallImpl.java:722)
	at org.apache.ratis.thirdparty.io.grpc.internal.ContextRunnable.run(ContextRunnable.java:37)
	at org.apache.ratis.thirdparty.io.grpc.internal.SerializingExecutor.run(SerializingExecutor.java:133)
	at java.util.concurrent.ThreadPoolExecutor.runWorker(ThreadPoolExecutor.java:1149)
	at java.util.concurrent.ThreadPoolExecutor$Worker.run(ThreadPoolExecutor.java:624)
	at java.lang.Thread.run(Thread.java:750)
2023-01-03 10:08:39,853 [6197d2f5-af8d-4e13-93f4-b3dc0462d19d-impl-thread2] INFO  segmented.SegmentedRaftLogWorker (SegmentedRaftLogWorker.java:close(257)) - 6197d2f5-af8d-4e13-93f4-b3dc0462d19d@group-B9BE0C5944DA-SegmentedRaftLogWorker close()
2023-01-03 10:08:39,855 [grpc-default-executor-1] INFO  server.GrpcLogAppender (GrpcLogAppender.java:onError(404)) - 6197d2f5-af8d-4e13-93f4-b3dc0462d19d@group-B9BE0C5944DA->ceb62289-e61f-4ee7-8769-746790ce93a5-GrpcLogAppender is already stopped
2023-01-03 10:08:39,875 [JvmPauseMonitor14] INFO  util.JvmPauseMonitor (JvmPauseMonitor.java:run(111)) - JvmPauseMonitor-ceb62289-e61f-4ee7-8769-746790ce93a5: Stopped
2023-01-03 10:08:39,879 [JvmPauseMonitor13] INFO  util.JvmPauseMonitor (JvmPauseMonitor.java:run(111)) - JvmPauseMonitor-6197d2f5-af8d-4e13-93f4-b3dc0462d19d: Stopped
2023-01-03 10:08:40,315 [EventQueue-CommandQueueReportForCommandQueueReportHandler] WARN  events.EventQueue (EventQueue.java:fireEvent(216)) - No event handler registered for event TypedEvent{payloadType=DatanodeDetails, name='Datanode_Command_Queue_Updated'}
2023-01-03 10:08:40,440 [EventQueue-CommandQueueReportForCommandQueueReportHandler] WARN  events.EventQueue (EventQueue.java:fireEvent(216)) - No event handler registered for event TypedEvent{payloadType=DatanodeDetails, name='Datanode_Command_Queue_Updated'}
2023-01-03 10:08:40,533 [EventQueue-CommandQueueReportForCommandQueueReportHandler] WARN  events.EventQueue (EventQueue.java:fireEvent(216)) - No event handler registered for event TypedEvent{payloadType=DatanodeDetails, name='Datanode_Command_Queue_Updated'}
2023-01-03 10:08:41,315 [EventQueue-CommandQueueReportForCommandQueueReportHandler] WARN  events.EventQueue (EventQueue.java:fireEvent(216)) - No event handler registered for event TypedEvent{payloadType=DatanodeDetails, name='Datanode_Command_Queue_Updated'}
2023-01-03 10:08:41,440 [EventQueue-CommandQueueReportForCommandQueueReportHandler] WARN  events.EventQueue (EventQueue.java:fireEvent(216)) - No event handler registered for event TypedEvent{payloadType=DatanodeDetails, name='Datanode_Command_Queue_Updated'}
2023-01-03 10:08:41,534 [EventQueue-CommandQueueReportForCommandQueueReportHandler] WARN  events.EventQueue (EventQueue.java:fireEvent(216)) - No event handler registered for event TypedEvent{payloadType=DatanodeDetails, name='Datanode_Command_Queue_Updated'}
2023-01-03 10:08:41,884 [Listener at 127.0.0.1/46431] INFO  volume.HddsVolume (HddsVolume.java:closeDbStore(338)) - SchemaV3 db is stopped at /home/runner/work/ozone/ozone/hadoop-ozone/integration-test/target/test-dir/MiniOzoneClusterImpl-fa5f3e5f-d2ce-4aac-89a4-435e2b21547f/datanode-2/data-0/containers/hdds/fa5f3e5f-d2ce-4aac-89a4-435e2b21547f/DS-86c5dee7-f343-417b-927d-26ac49551a52/container.db for volume DS-86c5dee7-f343-417b-927d-26ac49551a52
2023-01-03 10:08:41,884 [Listener at 127.0.0.1/46431] INFO  utils.BackgroundService (BackgroundService.java:shutdown(141)) - Shutting down service BlockDeletingService
2023-01-03 10:08:41,885 [Listener at 127.0.0.1/46431] INFO  utils.BackgroundService (BackgroundService.java:shutdown(141)) - Shutting down service StaleRecoveringContainerScrubbingService
2023-01-03 10:08:41,886 [ForkJoinPool.commonPool-worker-0] INFO  volume.HddsVolume (HddsVolume.java:closeDbStore(338)) - SchemaV3 db is stopped at /home/runner/work/ozone/ozone/hadoop-ozone/integration-test/target/test-dir/MiniOzoneClusterImpl-fa5f3e5f-d2ce-4aac-89a4-435e2b21547f/datanode-1/data-0/containers/hdds/fa5f3e5f-d2ce-4aac-89a4-435e2b21547f/DS-b5e44891-8831-4b0f-a904-14cb77658e4a/container.db for volume DS-b5e44891-8831-4b0f-a904-14cb77658e4a
2023-01-03 10:08:41,887 [ForkJoinPool.commonPool-worker-0] INFO  utils.BackgroundService (BackgroundService.java:shutdown(141)) - Shutting down service BlockDeletingService
2023-01-03 10:08:41,888 [ForkJoinPool.commonPool-worker-0] INFO  utils.BackgroundService (BackgroundService.java:shutdown(141)) - Shutting down service StaleRecoveringContainerScrubbingService
2023-01-03 10:08:41,889 [Listener at 127.0.0.1/46431] INFO  statemachine.DatanodeStateMachine (DatanodeStateMachine.java:stopDaemon(596)) - Ozone container server stopped.
2023-01-03 10:08:41,892 [ForkJoinPool.commonPool-worker-0] INFO  statemachine.DatanodeStateMachine (DatanodeStateMachine.java:stopDaemon(596)) - Ozone container server stopped.
2023-01-03 10:08:41,900 [Listener at 127.0.0.1/46431] INFO  handler.ContextHandler (ContextHandler.java:doStop(1159)) - Stopped o.e.j.w.WebAppContext@3ca38e3d{hddsDatanode,/,null,STOPPED}{jar:file:/home/runner/.m2/repository/org/apache/ozone/hdds-container-service/1.4.0-SNAPSHOT/hdds-container-service-1.4.0-SNAPSHOT.jar!/webapps/hddsDatanode}
2023-01-03 10:08:41,900 [Listener at 127.0.0.1/46431] INFO  server.AbstractConnector (AbstractConnector.java:doStop(383)) - Stopped ServerConnector@5419a078{HTTP/1.1, (http/1.1)}{0.0.0.0:0}
2023-01-03 10:08:41,900 [Listener at 127.0.0.1/46431] INFO  server.session (HouseKeeper.java:stopScavenging(149)) - node0 Stopped scavenging
2023-01-03 10:08:41,900 [Listener at 127.0.0.1/46431] INFO  handler.ContextHandler (ContextHandler.java:doStop(1159)) - Stopped o.e.j.s.ServletContextHandler@3f086baa{static,/static,jar:file:/home/runner/.m2/repository/org/apache/ozone/hdds-container-service/1.4.0-SNAPSHOT/hdds-container-service-1.4.0-SNAPSHOT.jar!/webapps/static,STOPPED}
2023-01-03 10:08:41,901 [Listener at 127.0.0.1/46431] INFO  handler.ContextHandler (ContextHandler.java:doStop(1159)) - Stopped o.e.j.s.ServletContextHandler@2fed309e{logs,/logs,file:///home/runner/work/ozone/ozone/hadoop-ozone/integration-test/target/log,STOPPED}
2023-01-03 10:08:41,903 [ForkJoinPool.commonPool-worker-0] INFO  handler.ContextHandler (ContextHandler.java:doStop(1159)) - Stopped o.e.j.w.WebAppContext@4fc523e4{hddsDatanode,/,null,STOPPED}{jar:file:/home/runner/.m2/repository/org/apache/ozone/hdds-container-service/1.4.0-SNAPSHOT/hdds-container-service-1.4.0-SNAPSHOT.jar!/webapps/hddsDatanode}
2023-01-03 10:08:41,904 [Listener at 127.0.0.1/46431] INFO  ozoneimpl.OzoneContainer (OzoneContainer.java:stop(417)) - Attempting to stop container services.
2023-01-03 10:08:41,904 [ForkJoinPool.commonPool-worker-0] INFO  server.AbstractConnector (AbstractConnector.java:doStop(383)) - Stopped ServerConnector@62a795a8{HTTP/1.1, (http/1.1)}{0.0.0.0:0}
2023-01-03 10:08:41,904 [ForkJoinPool.commonPool-worker-0] INFO  server.session (HouseKeeper.java:stopScavenging(149)) - node0 Stopped scavenging
2023-01-03 10:08:41,905 [ForkJoinPool.commonPool-worker-0] INFO  handler.ContextHandler (ContextHandler.java:doStop(1159)) - Stopped o.e.j.s.ServletContextHandler@168bf170{static,/static,jar:file:/home/runner/.m2/repository/org/apache/ozone/hdds-container-service/1.4.0-SNAPSHOT/hdds-container-service-1.4.0-SNAPSHOT.jar!/webapps/static,STOPPED}
2023-01-03 10:08:41,905 [Listener at 127.0.0.1/46431] INFO  server.RaftServer (RaftServerProxy.java:lambda$close$6(409)) - 786d16df-aea0-40f0-824b-581d62f1269e: close
2023-01-03 10:08:41,905 [ForkJoinPool.commonPool-worker-0] INFO  handler.ContextHandler (ContextHandler.java:doStop(1159)) - Stopped o.e.j.s.ServletContextHandler@2117f5e5{logs,/logs,file:///home/runner/work/ozone/ozone/hadoop-ozone/integration-test/target/log,STOPPED}
2023-01-03 10:08:41,906 [Listener at 127.0.0.1/46431] INFO  server.GrpcService (GrpcService.java:closeImpl(271)) - 786d16df-aea0-40f0-824b-581d62f1269e: shutdown server GrpcServerProtocolService now
2023-01-03 10:08:41,906 [786d16df-aea0-40f0-824b-581d62f1269e-impl-thread1] INFO  server.RaftServer$Division (RaftServerImpl.java:lambda$close$4(458)) - 786d16df-aea0-40f0-824b-581d62f1269e@group-31D7DC334A4C: shutdown
2023-01-03 10:08:41,906 [786d16df-aea0-40f0-824b-581d62f1269e-impl-thread1] INFO  util.JmxRegister (JmxRegister.java:unregister(73)) - Successfully un-registered JMX Bean with object name Ratis:service=RaftServer,group=group-31D7DC334A4C,id=786d16df-aea0-40f0-824b-581d62f1269e
2023-01-03 10:08:41,906 [786d16df-aea0-40f0-824b-581d62f1269e-impl-thread1] INFO  impl.RoleInfo (RoleInfo.java:shutdownLeaderState(93)) - 786d16df-aea0-40f0-824b-581d62f1269e: shutdown 786d16df-aea0-40f0-824b-581d62f1269e@group-31D7DC334A4C-LeaderStateImpl
2023-01-03 10:08:41,906 [786d16df-aea0-40f0-824b-581d62f1269e-impl-thread1] INFO  impl.PendingRequests (PendingRequests.java:sendNotLeaderResponses(282)) - 786d16df-aea0-40f0-824b-581d62f1269e@group-31D7DC334A4C-PendingRequests: sendNotLeaderResponses
2023-01-03 10:08:41,906 [786d16df-aea0-40f0-824b-581d62f1269e-impl-thread1] INFO  impl.StateMachineUpdater (StateMachineUpdater.java:stopAndJoin(153)) - 786d16df-aea0-40f0-824b-581d62f1269e@group-31D7DC334A4C-StateMachineUpdater: set stopIndex = 0
2023-01-03 10:08:41,906 [786d16df-aea0-40f0-824b-581d62f1269e@group-31D7DC334A4C-StateMachineUpdater] INFO  ratis.ContainerStateMachine (ContainerStateMachine.java:takeSnapshot(308)) - group-31D7DC334A4C: Taking a snapshot at:(t:1, i:0) file /home/runner/work/ozone/ozone/hadoop-ozone/integration-test/target/test-dir/MiniOzoneClusterImpl-fa5f3e5f-d2ce-4aac-89a4-435e2b21547f/datanode-4/data/ratis/d34354f2-6ae6-49d6-a889-31d7dc334a4c/sm/snapshot.1_0
2023-01-03 10:08:41,907 [Listener at 127.0.0.1/46431] INFO  server.GrpcService (GrpcService.java:closeImpl(280)) - 786d16df-aea0-40f0-824b-581d62f1269e: shutdown server GrpcServerProtocolService successfully
2023-01-03 10:08:41,907 [786d16df-aea0-40f0-824b-581d62f1269e-NettyServerStreamRpc-bossGroup--thread1] INFO  logging.LoggingHandler (AbstractInternalLogger.java:log(148)) - [id: 0xf497a8e0, L:/0:0:0:0:0:0:0:0:40799] CLOSE
2023-01-03 10:08:41,907 [786d16df-aea0-40f0-824b-581d62f1269e-NettyServerStreamRpc-bossGroup--thread1] INFO  logging.LoggingHandler (AbstractInternalLogger.java:log(148)) - [id: 0xf497a8e0, L:/0:0:0:0:0:0:0:0:40799] INACTIVE
2023-01-03 10:08:41,907 [786d16df-aea0-40f0-824b-581d62f1269e-NettyServerStreamRpc-bossGroup--thread1] INFO  logging.LoggingHandler (AbstractInternalLogger.java:log(148)) - [id: 0xf497a8e0, L:/0:0:0:0:0:0:0:0:40799] UNREGISTERED
2023-01-03 10:08:41,909 [786d16df-aea0-40f0-824b-581d62f1269e@group-31D7DC334A4C-StateMachineUpdater] INFO  ratis.ContainerStateMachine (ContainerStateMachine.java:takeSnapshot(319)) - group-31D7DC334A4C: Finished taking a snapshot at:(t:1, i:0) file:/home/runner/work/ozone/ozone/hadoop-ozone/integration-test/target/test-dir/MiniOzoneClusterImpl-fa5f3e5f-d2ce-4aac-89a4-435e2b21547f/datanode-4/data/ratis/d34354f2-6ae6-49d6-a889-31d7dc334a4c/sm/snapshot.1_0 took: 3 ms
2023-01-03 10:08:41,909 [786d16df-aea0-40f0-824b-581d62f1269e@group-31D7DC334A4C-StateMachineUpdater] INFO  impl.StateMachineUpdater (StateMachineUpdater.java:takeSnapshot(287)) - 786d16df-aea0-40f0-824b-581d62f1269e@group-31D7DC334A4C-StateMachineUpdater: Took a snapshot at index 0
2023-01-03 10:08:41,909 [786d16df-aea0-40f0-824b-581d62f1269e@group-31D7DC334A4C-StateMachineUpdater] INFO  impl.StateMachineUpdater (StateMachineUpdater.java:lambda$new$0(92)) - 786d16df-aea0-40f0-824b-581d62f1269e@group-31D7DC334A4C-StateMachineUpdater: snapshotIndex: updateIncreasingly -1 -> 0
2023-01-03 10:08:41,909 [786d16df-aea0-40f0-824b-581d62f1269e-impl-thread1] INFO  server.RaftServer$Division (ServerState.java:close(466)) - 786d16df-aea0-40f0-824b-581d62f1269e@group-31D7DC334A4C: closes. applyIndex: 0
2023-01-03 10:08:41,910 [786d16df-aea0-40f0-824b-581d62f1269e@group-31D7DC334A4C-SegmentedRaftLogWorker] INFO  segmented.SegmentedRaftLogWorker (SegmentedRaftLogWorker.java:run(347)) - 786d16df-aea0-40f0-824b-581d62f1269e@group-31D7DC334A4C-SegmentedRaftLogWorker was interrupted, exiting. There are 0 tasks remaining in the queue.
2023-01-03 10:08:41,914 [786d16df-aea0-40f0-824b-581d62f1269e-impl-thread1] INFO  segmented.SegmentedRaftLogWorker (SegmentedRaftLogWorker.java:close(257)) - 786d16df-aea0-40f0-824b-581d62f1269e@group-31D7DC334A4C-SegmentedRaftLogWorker close()
2023-01-03 10:08:41,922 [JvmPauseMonitor16] INFO  util.JvmPauseMonitor (JvmPauseMonitor.java:run(111)) - JvmPauseMonitor-786d16df-aea0-40f0-824b-581d62f1269e: Stopped
2023-01-03 10:08:41,923 [ForkJoinPool.commonPool-worker-0] INFO  ozoneimpl.OzoneContainer (OzoneContainer.java:stop(417)) - Attempting to stop container services.
2023-01-03 10:08:41,925 [ForkJoinPool.commonPool-worker-0] INFO  server.RaftServer (RaftServerProxy.java:lambda$close$6(409)) - c7e71a96-70a3-435a-a6b2-b0df4fa5b7cd: close
2023-01-03 10:08:41,925 [c7e71a96-70a3-435a-a6b2-b0df4fa5b7cd-impl-thread1] INFO  server.RaftServer$Division (RaftServerImpl.java:lambda$close$4(458)) - c7e71a96-70a3-435a-a6b2-b0df4fa5b7cd@group-BADC9E495150: shutdown
2023-01-03 10:08:41,925 [c7e71a96-70a3-435a-a6b2-b0df4fa5b7cd-impl-thread1] INFO  util.JmxRegister (JmxRegister.java:unregister(73)) - Successfully un-registered JMX Bean with object name Ratis:service=RaftServer,group=group-BADC9E495150,id=c7e71a96-70a3-435a-a6b2-b0df4fa5b7cd
2023-01-03 10:08:41,925 [c7e71a96-70a3-435a-a6b2-b0df4fa5b7cd-impl-thread1] INFO  impl.RoleInfo (RoleInfo.java:shutdownFollowerState(110)) - c7e71a96-70a3-435a-a6b2-b0df4fa5b7cd: shutdown c7e71a96-70a3-435a-a6b2-b0df4fa5b7cd@group-BADC9E495150-FollowerState
2023-01-03 10:08:41,925 [c7e71a96-70a3-435a-a6b2-b0df4fa5b7cd-impl-thread1] INFO  impl.StateMachineUpdater (StateMachineUpdater.java:stopAndJoin(153)) - c7e71a96-70a3-435a-a6b2-b0df4fa5b7cd@group-BADC9E495150-StateMachineUpdater: set stopIndex = 0
2023-01-03 10:08:41,925 [c7e71a96-70a3-435a-a6b2-b0df4fa5b7cd@group-BADC9E495150-FollowerState] INFO  impl.FollowerState (FollowerState.java:run(152)) - c7e71a96-70a3-435a-a6b2-b0df4fa5b7cd@group-BADC9E495150-FollowerState was interrupted
2023-01-03 10:08:41,925 [c7e71a96-70a3-435a-a6b2-b0df4fa5b7cd@group-BADC9E495150-StateMachineUpdater] INFO  ratis.ContainerStateMachine (ContainerStateMachine.java:takeSnapshot(308)) - group-BADC9E495150: Taking a snapshot at:(t:3, i:0) file /home/runner/work/ozone/ozone/hadoop-ozone/integration-test/target/test-dir/MiniOzoneClusterImpl-fa5f3e5f-d2ce-4aac-89a4-435e2b21547f/datanode-0/data/ratis/14730fae-f2c5-4a16-abbb-badc9e495150/sm/snapshot.3_0
2023-01-03 10:08:41,925 [c7e71a96-70a3-435a-a6b2-b0df4fa5b7cd-impl-thread2] INFO  server.RaftServer$Division (RaftServerImpl.java:lambda$close$4(458)) - c7e71a96-70a3-435a-a6b2-b0df4fa5b7cd@group-CB312A0A3989: shutdown
2023-01-03 10:08:41,926 [c7e71a96-70a3-435a-a6b2-b0df4fa5b7cd-impl-thread2] INFO  util.JmxRegister (JmxRegister.java:unregister(73)) - Successfully un-registered JMX Bean with object name Ratis:service=RaftServer,group=group-CB312A0A3989,id=c7e71a96-70a3-435a-a6b2-b0df4fa5b7cd
2023-01-03 10:08:41,926 [c7e71a96-70a3-435a-a6b2-b0df4fa5b7cd-impl-thread2] INFO  impl.RoleInfo (RoleInfo.java:shutdownLeaderState(93)) - c7e71a96-70a3-435a-a6b2-b0df4fa5b7cd: shutdown c7e71a96-70a3-435a-a6b2-b0df4fa5b7cd@group-CB312A0A3989-LeaderStateImpl
2023-01-03 10:08:41,926 [c7e71a96-70a3-435a-a6b2-b0df4fa5b7cd-impl-thread2] INFO  impl.PendingRequests (PendingRequests.java:sendNotLeaderResponses(282)) - c7e71a96-70a3-435a-a6b2-b0df4fa5b7cd@group-CB312A0A3989-PendingRequests: sendNotLeaderResponses
2023-01-03 10:08:41,926 [c7e71a96-70a3-435a-a6b2-b0df4fa5b7cd-impl-thread2] INFO  impl.StateMachineUpdater (StateMachineUpdater.java:stopAndJoin(153)) - c7e71a96-70a3-435a-a6b2-b0df4fa5b7cd@group-CB312A0A3989-StateMachineUpdater: set stopIndex = 0
2023-01-03 10:08:41,926 [c7e71a96-70a3-435a-a6b2-b0df4fa5b7cd@group-BADC9E495150-StateMachineUpdater] INFO  ratis.ContainerStateMachine (ContainerStateMachine.java:takeSnapshot(319)) - group-BADC9E495150: Finished taking a snapshot at:(t:3, i:0) file:/home/runner/work/ozone/ozone/hadoop-ozone/integration-test/target/test-dir/MiniOzoneClusterImpl-fa5f3e5f-d2ce-4aac-89a4-435e2b21547f/datanode-0/data/ratis/14730fae-f2c5-4a16-abbb-badc9e495150/sm/snapshot.3_0 took: 1 ms
2023-01-03 10:08:41,926 [c7e71a96-70a3-435a-a6b2-b0df4fa5b7cd@group-BADC9E495150-StateMachineUpdater] INFO  impl.StateMachineUpdater (StateMachineUpdater.java:takeSnapshot(287)) - c7e71a96-70a3-435a-a6b2-b0df4fa5b7cd@group-BADC9E495150-StateMachineUpdater: Took a snapshot at index 0
2023-01-03 10:08:41,926 [c7e71a96-70a3-435a-a6b2-b0df4fa5b7cd@group-BADC9E495150-StateMachineUpdater] INFO  impl.StateMachineUpdater (StateMachineUpdater.java:lambda$new$0(92)) - c7e71a96-70a3-435a-a6b2-b0df4fa5b7cd@group-BADC9E495150-StateMachineUpdater: snapshotIndex: updateIncreasingly -1 -> 0
2023-01-03 10:08:41,926 [c7e71a96-70a3-435a-a6b2-b0df4fa5b7cd-impl-thread1] INFO  server.RaftServer$Division (ServerState.java:close(466)) - c7e71a96-70a3-435a-a6b2-b0df4fa5b7cd@group-BADC9E495150: closes. applyIndex: 0
2023-01-03 10:08:41,927 [c7e71a96-70a3-435a-a6b2-b0df4fa5b7cd@group-CB312A0A3989-StateMachineUpdater] INFO  ratis.ContainerStateMachine (ContainerStateMachine.java:takeSnapshot(308)) - group-CB312A0A3989: Taking a snapshot at:(t:1, i:0) file /home/runner/work/ozone/ozone/hadoop-ozone/integration-test/target/test-dir/MiniOzoneClusterImpl-fa5f3e5f-d2ce-4aac-89a4-435e2b21547f/datanode-0/data/ratis/b98cbcd2-a322-40ea-b2e5-cb312a0a3989/sm/snapshot.1_0
2023-01-03 10:08:41,927 [c7e71a96-70a3-435a-a6b2-b0df4fa5b7cd@group-CB312A0A3989-StateMachineUpdater] INFO  ratis.ContainerStateMachine (ContainerStateMachine.java:takeSnapshot(319)) - group-CB312A0A3989: Finished taking a snapshot at:(t:1, i:0) file:/home/runner/work/ozone/ozone/hadoop-ozone/integration-test/target/test-dir/MiniOzoneClusterImpl-fa5f3e5f-d2ce-4aac-89a4-435e2b21547f/datanode-0/data/ratis/b98cbcd2-a322-40ea-b2e5-cb312a0a3989/sm/snapshot.1_0 took: 1 ms
2023-01-03 10:08:41,927 [c7e71a96-70a3-435a-a6b2-b0df4fa5b7cd@group-CB312A0A3989-StateMachineUpdater] INFO  impl.StateMachineUpdater (StateMachineUpdater.java:takeSnapshot(287)) - c7e71a96-70a3-435a-a6b2-b0df4fa5b7cd@group-CB312A0A3989-StateMachineUpdater: Took a snapshot at index 0
2023-01-03 10:08:41,927 [c7e71a96-70a3-435a-a6b2-b0df4fa5b7cd@group-CB312A0A3989-StateMachineUpdater] INFO  impl.StateMachineUpdater (StateMachineUpdater.java:lambda$new$0(92)) - c7e71a96-70a3-435a-a6b2-b0df4fa5b7cd@group-CB312A0A3989-StateMachineUpdater: snapshotIndex: updateIncreasingly -1 -> 0
2023-01-03 10:08:41,927 [c7e71a96-70a3-435a-a6b2-b0df4fa5b7cd-impl-thread2] INFO  server.RaftServer$Division (ServerState.java:close(466)) - c7e71a96-70a3-435a-a6b2-b0df4fa5b7cd@group-CB312A0A3989: closes. applyIndex: 0
2023-01-03 10:08:41,929 [ForkJoinPool.commonPool-worker-0] INFO  server.GrpcService (GrpcService.java:closeImpl(271)) - c7e71a96-70a3-435a-a6b2-b0df4fa5b7cd: shutdown server GrpcServerProtocolService now
2023-01-03 10:08:41,929 [c7e71a96-70a3-435a-a6b2-b0df4fa5b7cd@group-CB312A0A3989-SegmentedRaftLogWorker] INFO  segmented.SegmentedRaftLogWorker (SegmentedRaftLogWorker.java:run(347)) - c7e71a96-70a3-435a-a6b2-b0df4fa5b7cd@group-CB312A0A3989-SegmentedRaftLogWorker was interrupted, exiting. There are 0 tasks remaining in the queue.
2023-01-03 10:08:41,930 [c7e71a96-70a3-435a-a6b2-b0df4fa5b7cd@group-BADC9E495150-SegmentedRaftLogWorker] INFO  segmented.SegmentedRaftLogWorker (SegmentedRaftLogWorker.java:run(347)) - c7e71a96-70a3-435a-a6b2-b0df4fa5b7cd@group-BADC9E495150-SegmentedRaftLogWorker was interrupted, exiting. There are 0 tasks remaining in the queue.
2023-01-03 10:08:41,934 [c7e71a96-70a3-435a-a6b2-b0df4fa5b7cd-impl-thread1] INFO  segmented.SegmentedRaftLogWorker (SegmentedRaftLogWorker.java:close(257)) - c7e71a96-70a3-435a-a6b2-b0df4fa5b7cd@group-BADC9E495150-SegmentedRaftLogWorker close()
2023-01-03 10:08:41,935 [c7e71a96-70a3-435a-a6b2-b0df4fa5b7cd-impl-thread2] INFO  segmented.SegmentedRaftLogWorker (SegmentedRaftLogWorker.java:close(257)) - c7e71a96-70a3-435a-a6b2-b0df4fa5b7cd@group-CB312A0A3989-SegmentedRaftLogWorker close()
2023-01-03 10:08:41,935 [ForkJoinPool.commonPool-worker-0] INFO  server.GrpcServerProtocolClient (GrpcServerProtocolClient.java:close(101)) - ceb62289-e61f-4ee7-8769-746790ce93a5 Close channels
2023-01-03 10:08:41,935 [c7e71a96-70a3-435a-a6b2-b0df4fa5b7cd-impl-thread3] INFO  server.RaftServer$Division (RaftServerImpl.java:lambda$close$4(458)) - c7e71a96-70a3-435a-a6b2-b0df4fa5b7cd@group-B9BE0C5944DA: shutdown
2023-01-03 10:08:41,935 [c7e71a96-70a3-435a-a6b2-b0df4fa5b7cd-impl-thread3] INFO  util.JmxRegister (JmxRegister.java:unregister(73)) - Successfully un-registered JMX Bean with object name Ratis:service=RaftServer,group=group-B9BE0C5944DA,id=c7e71a96-70a3-435a-a6b2-b0df4fa5b7cd
2023-01-03 10:08:41,935 [c7e71a96-70a3-435a-a6b2-b0df4fa5b7cd-impl-thread3] INFO  impl.RoleInfo (RoleInfo.java:shutdownFollowerState(110)) - c7e71a96-70a3-435a-a6b2-b0df4fa5b7cd: shutdown c7e71a96-70a3-435a-a6b2-b0df4fa5b7cd@group-B9BE0C5944DA-FollowerState
2023-01-03 10:08:41,935 [c7e71a96-70a3-435a-a6b2-b0df4fa5b7cd-impl-thread3] INFO  impl.StateMachineUpdater (StateMachineUpdater.java:stopAndJoin(153)) - c7e71a96-70a3-435a-a6b2-b0df4fa5b7cd@group-B9BE0C5944DA-StateMachineUpdater: set stopIndex = 30
2023-01-03 10:08:41,935 [c7e71a96-70a3-435a-a6b2-b0df4fa5b7cd@group-B9BE0C5944DA-FollowerState] INFO  impl.FollowerState (FollowerState.java:run(152)) - c7e71a96-70a3-435a-a6b2-b0df4fa5b7cd@group-B9BE0C5944DA-FollowerState was interrupted
2023-01-03 10:08:41,935 [c7e71a96-70a3-435a-a6b2-b0df4fa5b7cd@group-B9BE0C5944DA-StateMachineUpdater] INFO  ratis.ContainerStateMachine (ContainerStateMachine.java:takeSnapshot(308)) - group-B9BE0C5944DA: Taking a snapshot at:(t:2, i:30) file /home/runner/work/ozone/ozone/hadoop-ozone/integration-test/target/test-dir/MiniOzoneClusterImpl-fa5f3e5f-d2ce-4aac-89a4-435e2b21547f/datanode-0/data/ratis/c969914e-d65d-488b-b7dd-b9be0c5944da/sm/snapshot.2_30
2023-01-03 10:08:41,936 [c7e71a96-70a3-435a-a6b2-b0df4fa5b7cd@group-B9BE0C5944DA-StateMachineUpdater] INFO  ratis.ContainerStateMachine (ContainerStateMachine.java:takeSnapshot(319)) - group-B9BE0C5944DA: Finished taking a snapshot at:(t:2, i:30) file:/home/runner/work/ozone/ozone/hadoop-ozone/integration-test/target/test-dir/MiniOzoneClusterImpl-fa5f3e5f-d2ce-4aac-89a4-435e2b21547f/datanode-0/data/ratis/c969914e-d65d-488b-b7dd-b9be0c5944da/sm/snapshot.2_30 took: 1 ms
2023-01-03 10:08:41,936 [c7e71a96-70a3-435a-a6b2-b0df4fa5b7cd@group-B9BE0C5944DA-StateMachineUpdater] INFO  impl.StateMachineUpdater (StateMachineUpdater.java:takeSnapshot(287)) - c7e71a96-70a3-435a-a6b2-b0df4fa5b7cd@group-B9BE0C5944DA-StateMachineUpdater: Took a snapshot at index 30
2023-01-03 10:08:41,936 [c7e71a96-70a3-435a-a6b2-b0df4fa5b7cd@group-B9BE0C5944DA-StateMachineUpdater] INFO  impl.StateMachineUpdater (StateMachineUpdater.java:lambda$new$0(92)) - c7e71a96-70a3-435a-a6b2-b0df4fa5b7cd@group-B9BE0C5944DA-StateMachineUpdater: snapshotIndex: updateIncreasingly -1 -> 30
2023-01-03 10:08:41,939 [ForkJoinPool.commonPool-worker-0] INFO  server.GrpcServerProtocolClient (GrpcServerProtocolClient.java:close(101)) - 6197d2f5-af8d-4e13-93f4-b3dc0462d19d Close channels
2023-01-03 10:08:41,939 [ForkJoinPool.commonPool-worker-0] INFO  server.GrpcService (GrpcService.java:closeImpl(280)) - c7e71a96-70a3-435a-a6b2-b0df4fa5b7cd: shutdown server GrpcServerProtocolService successfully
2023-01-03 10:08:41,939 [c7e71a96-70a3-435a-a6b2-b0df4fa5b7cd-NettyServerStreamRpc-bossGroup--thread1] INFO  logging.LoggingHandler (AbstractInternalLogger.java:log(148)) - [id: 0xe43e1d3b, L:/0:0:0:0:0:0:0:0:37175] CLOSE
2023-01-03 10:08:41,939 [c7e71a96-70a3-435a-a6b2-b0df4fa5b7cd-NettyServerStreamRpc-bossGroup--thread1] INFO  logging.LoggingHandler (AbstractInternalLogger.java:log(148)) - [id: 0xe43e1d3b, L:/0:0:0:0:0:0:0:0:37175] INACTIVE
2023-01-03 10:08:41,940 [c7e71a96-70a3-435a-a6b2-b0df4fa5b7cd-NettyServerStreamRpc-bossGroup--thread1] INFO  logging.LoggingHandler (AbstractInternalLogger.java:log(148)) - [id: 0xe43e1d3b, L:/0:0:0:0:0:0:0:0:37175] UNREGISTERED
2023-01-03 10:08:41,941 [c7e71a96-70a3-435a-a6b2-b0df4fa5b7cd-impl-thread3] INFO  server.RaftServer$Division (ServerState.java:close(466)) - c7e71a96-70a3-435a-a6b2-b0df4fa5b7cd@group-B9BE0C5944DA: closes. applyIndex: 30
2023-01-03 10:08:41,941 [c7e71a96-70a3-435a-a6b2-b0df4fa5b7cd@group-B9BE0C5944DA-SegmentedRaftLogWorker] INFO  segmented.SegmentedRaftLogWorker (SegmentedRaftLogWorker.java:run(347)) - c7e71a96-70a3-435a-a6b2-b0df4fa5b7cd@group-B9BE0C5944DA-SegmentedRaftLogWorker was interrupted, exiting. There are 0 tasks remaining in the queue.
2023-01-03 10:08:41,942 [c7e71a96-70a3-435a-a6b2-b0df4fa5b7cd-impl-thread3] INFO  segmented.SegmentedRaftLogWorker (SegmentedRaftLogWorker.java:close(257)) - c7e71a96-70a3-435a-a6b2-b0df4fa5b7cd@group-B9BE0C5944DA-SegmentedRaftLogWorker close()
2023-01-03 10:08:41,944 [JvmPauseMonitor12] INFO  util.JvmPauseMonitor (JvmPauseMonitor.java:run(111)) - JvmPauseMonitor-c7e71a96-70a3-435a-a6b2-b0df4fa5b7cd: Stopped
2023-01-03 10:08:42,315 [EventQueue-CommandQueueReportForCommandQueueReportHandler] WARN  events.EventQueue (EventQueue.java:fireEvent(216)) - No event handler registered for event TypedEvent{payloadType=DatanodeDetails, name='Datanode_Command_Queue_Updated'}
2023-01-03 10:08:43,315 [EventQueue-CommandQueueReportForCommandQueueReportHandler] WARN  events.EventQueue (EventQueue.java:fireEvent(216)) - No event handler registered for event TypedEvent{payloadType=DatanodeDetails, name='Datanode_Command_Queue_Updated'}
2023-01-03 10:08:43,927 [Listener at 127.0.0.1/46431] INFO  volume.HddsVolume (HddsVolume.java:closeDbStore(338)) - SchemaV3 db is stopped at /home/runner/work/ozone/ozone/hadoop-ozone/integration-test/target/test-dir/MiniOzoneClusterImpl-fa5f3e5f-d2ce-4aac-89a4-435e2b21547f/datanode-4/data-0/containers/hdds/fa5f3e5f-d2ce-4aac-89a4-435e2b21547f/DS-775cf588-b6ab-4766-a031-b450243a8fe6/container.db for volume DS-775cf588-b6ab-4766-a031-b450243a8fe6
2023-01-03 10:08:43,927 [Listener at 127.0.0.1/46431] INFO  utils.BackgroundService (BackgroundService.java:shutdown(141)) - Shutting down service BlockDeletingService
2023-01-03 10:08:43,928 [Listener at 127.0.0.1/46431] INFO  utils.BackgroundService (BackgroundService.java:shutdown(141)) - Shutting down service StaleRecoveringContainerScrubbingService
2023-01-03 10:08:43,929 [Listener at 127.0.0.1/46431] INFO  statemachine.DatanodeStateMachine (DatanodeStateMachine.java:stopDaemon(596)) - Ozone container server stopped.
2023-01-03 10:08:43,937 [Listener at 127.0.0.1/46431] INFO  handler.ContextHandler (ContextHandler.java:doStop(1159)) - Stopped o.e.j.w.WebAppContext@4ea8fcb8{hddsDatanode,/,null,STOPPED}{jar:file:/home/runner/.m2/repository/org/apache/ozone/hdds-container-service/1.4.0-SNAPSHOT/hdds-container-service-1.4.0-SNAPSHOT.jar!/webapps/hddsDatanode}
2023-01-03 10:08:43,937 [Listener at 127.0.0.1/46431] INFO  server.AbstractConnector (AbstractConnector.java:doStop(383)) - Stopped ServerConnector@426f9f7e{HTTP/1.1, (http/1.1)}{0.0.0.0:0}
2023-01-03 10:08:43,937 [Listener at 127.0.0.1/46431] INFO  server.session (HouseKeeper.java:stopScavenging(149)) - node0 Stopped scavenging
2023-01-03 10:08:43,938 [Listener at 127.0.0.1/46431] INFO  handler.ContextHandler (ContextHandler.java:doStop(1159)) - Stopped o.e.j.s.ServletContextHandler@6d14f6d8{static,/static,jar:file:/home/runner/.m2/repository/org/apache/ozone/hdds-container-service/1.4.0-SNAPSHOT/hdds-container-service-1.4.0-SNAPSHOT.jar!/webapps/static,STOPPED}
2023-01-03 10:08:43,938 [Listener at 127.0.0.1/46431] INFO  handler.ContextHandler (ContextHandler.java:doStop(1159)) - Stopped o.e.j.s.ServletContextHandler@6548432d{logs,/logs,file:///home/runner/work/ozone/ozone/hadoop-ozone/integration-test/target/log,STOPPED}
2023-01-03 10:08:43,939 [Listener at 127.0.0.1/46431] INFO  ozoneimpl.OzoneContainer (OzoneContainer.java:stop(417)) - Attempting to stop container services.
2023-01-03 10:08:43,940 [Listener at 127.0.0.1/46431] INFO  server.RaftServer (RaftServerProxy.java:lambda$close$6(409)) - 92295612-f13b-4ff2-b823-10ec710f5439: close
2023-01-03 10:08:43,940 [Listener at 127.0.0.1/46431] INFO  server.GrpcService (GrpcService.java:closeImpl(271)) - 92295612-f13b-4ff2-b823-10ec710f5439: shutdown server GrpcServerProtocolService now
2023-01-03 10:08:43,940 [92295612-f13b-4ff2-b823-10ec710f5439-impl-thread1] INFO  server.RaftServer$Division (RaftServerImpl.java:lambda$close$4(458)) - 92295612-f13b-4ff2-b823-10ec710f5439@group-D785938E0FCF: shutdown
2023-01-03 10:08:43,940 [92295612-f13b-4ff2-b823-10ec710f5439-impl-thread1] INFO  util.JmxRegister (JmxRegister.java:unregister(73)) - Successfully un-registered JMX Bean with object name Ratis:service=RaftServer,group=group-D785938E0FCF,id=92295612-f13b-4ff2-b823-10ec710f5439
2023-01-03 10:08:43,940 [92295612-f13b-4ff2-b823-10ec710f5439-impl-thread1] INFO  impl.RoleInfo (RoleInfo.java:shutdownLeaderState(93)) - 92295612-f13b-4ff2-b823-10ec710f5439: shutdown 92295612-f13b-4ff2-b823-10ec710f5439@group-D785938E0FCF-LeaderStateImpl
2023-01-03 10:08:43,940 [92295612-f13b-4ff2-b823-10ec710f5439-impl-thread1] INFO  impl.PendingRequests (PendingRequests.java:sendNotLeaderResponses(282)) - 92295612-f13b-4ff2-b823-10ec710f5439@group-D785938E0FCF-PendingRequests: sendNotLeaderResponses
2023-01-03 10:08:43,941 [92295612-f13b-4ff2-b823-10ec710f5439-impl-thread1] INFO  impl.StateMachineUpdater (StateMachineUpdater.java:stopAndJoin(153)) - 92295612-f13b-4ff2-b823-10ec710f5439@group-D785938E0FCF-StateMachineUpdater: set stopIndex = 0
2023-01-03 10:08:43,941 [92295612-f13b-4ff2-b823-10ec710f5439@group-D785938E0FCF-StateMachineUpdater] INFO  ratis.ContainerStateMachine (ContainerStateMachine.java:takeSnapshot(308)) - group-D785938E0FCF: Taking a snapshot at:(t:1, i:0) file /home/runner/work/ozone/ozone/hadoop-ozone/integration-test/target/test-dir/MiniOzoneClusterImpl-fa5f3e5f-d2ce-4aac-89a4-435e2b21547f/datanode-3/data/ratis/025407b1-041f-4e77-81d4-d785938e0fcf/sm/snapshot.1_0
2023-01-03 10:08:43,941 [Listener at 127.0.0.1/46431] INFO  server.GrpcService (GrpcService.java:closeImpl(280)) - 92295612-f13b-4ff2-b823-10ec710f5439: shutdown server GrpcServerProtocolService successfully
2023-01-03 10:08:43,941 [92295612-f13b-4ff2-b823-10ec710f5439-NettyServerStreamRpc-bossGroup--thread1] INFO  logging.LoggingHandler (AbstractInternalLogger.java:log(148)) - [id: 0x24dfadca, L:/0:0:0:0:0:0:0:0:42237] CLOSE
2023-01-03 10:08:43,941 [92295612-f13b-4ff2-b823-10ec710f5439-NettyServerStreamRpc-bossGroup--thread1] INFO  logging.LoggingHandler (AbstractInternalLogger.java:log(148)) - [id: 0x24dfadca, L:/0:0:0:0:0:0:0:0:42237] INACTIVE
2023-01-03 10:08:43,941 [92295612-f13b-4ff2-b823-10ec710f5439-NettyServerStreamRpc-bossGroup--thread1] INFO  logging.LoggingHandler (AbstractInternalLogger.java:log(148)) - [id: 0x24dfadca, L:/0:0:0:0:0:0:0:0:42237] UNREGISTERED
2023-01-03 10:08:43,943 [92295612-f13b-4ff2-b823-10ec710f5439@group-D785938E0FCF-StateMachineUpdater] INFO  ratis.ContainerStateMachine (ContainerStateMachine.java:takeSnapshot(319)) - group-D785938E0FCF: Finished taking a snapshot at:(t:1, i:0) file:/home/runner/work/ozone/ozone/hadoop-ozone/integration-test/target/test-dir/MiniOzoneClusterImpl-fa5f3e5f-d2ce-4aac-89a4-435e2b21547f/datanode-3/data/ratis/025407b1-041f-4e77-81d4-d785938e0fcf/sm/snapshot.1_0 took: 1 ms
2023-01-03 10:08:43,943 [92295612-f13b-4ff2-b823-10ec710f5439@group-D785938E0FCF-StateMachineUpdater] INFO  impl.StateMachineUpdater (StateMachineUpdater.java:takeSnapshot(287)) - 92295612-f13b-4ff2-b823-10ec710f5439@group-D785938E0FCF-StateMachineUpdater: Took a snapshot at index 0
2023-01-03 10:08:43,943 [92295612-f13b-4ff2-b823-10ec710f5439@group-D785938E0FCF-StateMachineUpdater] INFO  impl.StateMachineUpdater (StateMachineUpdater.java:lambda$new$0(92)) - 92295612-f13b-4ff2-b823-10ec710f5439@group-D785938E0FCF-StateMachineUpdater: snapshotIndex: updateIncreasingly -1 -> 0
2023-01-03 10:08:43,943 [92295612-f13b-4ff2-b823-10ec710f5439-impl-thread1] INFO  server.RaftServer$Division (ServerState.java:close(466)) - 92295612-f13b-4ff2-b823-10ec710f5439@group-D785938E0FCF: closes. applyIndex: 0
2023-01-03 10:08:43,943 [92295612-f13b-4ff2-b823-10ec710f5439@group-D785938E0FCF-SegmentedRaftLogWorker] INFO  segmented.SegmentedRaftLogWorker (SegmentedRaftLogWorker.java:run(347)) - 92295612-f13b-4ff2-b823-10ec710f5439@group-D785938E0FCF-SegmentedRaftLogWorker was interrupted, exiting. There are 0 tasks remaining in the queue.
2023-01-03 10:08:43,944 [92295612-f13b-4ff2-b823-10ec710f5439-impl-thread1] INFO  segmented.SegmentedRaftLogWorker (SegmentedRaftLogWorker.java:close(257)) - 92295612-f13b-4ff2-b823-10ec710f5439@group-D785938E0FCF-SegmentedRaftLogWorker close()
2023-01-03 10:08:43,945 [JvmPauseMonitor15] INFO  util.JvmPauseMonitor (JvmPauseMonitor.java:run(111)) - JvmPauseMonitor-92295612-f13b-4ff2-b823-10ec710f5439: Stopped
2023-01-03 10:08:43,948 [ForkJoinPool.commonPool-worker-0] INFO  volume.HddsVolume (HddsVolume.java:closeDbStore(338)) - SchemaV3 db is stopped at /home/runner/work/ozone/ozone/hadoop-ozone/integration-test/target/test-dir/MiniOzoneClusterImpl-fa5f3e5f-d2ce-4aac-89a4-435e2b21547f/datanode-0/data-0/containers/hdds/fa5f3e5f-d2ce-4aac-89a4-435e2b21547f/DS-2aabe0bf-ac92-4085-84af-fa32dc897351/container.db for volume DS-2aabe0bf-ac92-4085-84af-fa32dc897351
2023-01-03 10:08:43,948 [ForkJoinPool.commonPool-worker-0] INFO  utils.BackgroundService (BackgroundService.java:shutdown(141)) - Shutting down service BlockDeletingService
2023-01-03 10:08:43,948 [ForkJoinPool.commonPool-worker-0] INFO  utils.BackgroundService (BackgroundService.java:shutdown(141)) - Shutting down service StaleRecoveringContainerScrubbingService
2023-01-03 10:08:43,950 [ForkJoinPool.commonPool-worker-0] INFO  statemachine.DatanodeStateMachine (DatanodeStateMachine.java:stopDaemon(596)) - Ozone container server stopped.
2023-01-03 10:08:43,959 [ForkJoinPool.commonPool-worker-0] INFO  handler.ContextHandler (ContextHandler.java:doStop(1159)) - Stopped o.e.j.w.WebAppContext@46dd1382{hddsDatanode,/,null,STOPPED}{jar:file:/home/runner/.m2/repository/org/apache/ozone/hdds-container-service/1.4.0-SNAPSHOT/hdds-container-service-1.4.0-SNAPSHOT.jar!/webapps/hddsDatanode}
2023-01-03 10:08:43,959 [ForkJoinPool.commonPool-worker-0] INFO  server.AbstractConnector (AbstractConnector.java:doStop(383)) - Stopped ServerConnector@3d4542d7{HTTP/1.1, (http/1.1)}{0.0.0.0:0}
2023-01-03 10:08:43,959 [ForkJoinPool.commonPool-worker-0] INFO  server.session (HouseKeeper.java:stopScavenging(149)) - node0 Stopped scavenging
2023-01-03 10:08:43,960 [ForkJoinPool.commonPool-worker-0] INFO  handler.ContextHandler (ContextHandler.java:doStop(1159)) - Stopped o.e.j.s.ServletContextHandler@2a5f86c2{static,/static,jar:file:/home/runner/.m2/repository/org/apache/ozone/hdds-container-service/1.4.0-SNAPSHOT/hdds-container-service-1.4.0-SNAPSHOT.jar!/webapps/static,STOPPED}
2023-01-03 10:08:43,960 [ForkJoinPool.commonPool-worker-0] INFO  handler.ContextHandler (ContextHandler.java:doStop(1159)) - Stopped o.e.j.s.ServletContextHandler@db442be{logs,/logs,file:///home/runner/work/ozone/ozone/hadoop-ozone/integration-test/target/log,STOPPED}
2023-01-03 10:08:45,948 [Listener at 127.0.0.1/46431] INFO  volume.HddsVolume (HddsVolume.java:closeDbStore(338)) - SchemaV3 db is stopped at /home/runner/work/ozone/ozone/hadoop-ozone/integration-test/target/test-dir/MiniOzoneClusterImpl-fa5f3e5f-d2ce-4aac-89a4-435e2b21547f/datanode-3/data-0/containers/hdds/fa5f3e5f-d2ce-4aac-89a4-435e2b21547f/DS-b3cc8f31-838b-4ae1-89e8-182a23f2c3ea/container.db for volume DS-b3cc8f31-838b-4ae1-89e8-182a23f2c3ea
2023-01-03 10:08:45,948 [Listener at 127.0.0.1/46431] INFO  utils.BackgroundService (BackgroundService.java:shutdown(141)) - Shutting down service BlockDeletingService
2023-01-03 10:08:45,948 [Listener at 127.0.0.1/46431] INFO  utils.BackgroundService (BackgroundService.java:shutdown(141)) - Shutting down service StaleRecoveringContainerScrubbingService
2023-01-03 10:08:45,951 [Listener at 127.0.0.1/46431] INFO  statemachine.DatanodeStateMachine (DatanodeStateMachine.java:stopDaemon(596)) - Ozone container server stopped.
2023-01-03 10:08:45,959 [Listener at 127.0.0.1/46431] INFO  handler.ContextHandler (ContextHandler.java:doStop(1159)) - Stopped o.e.j.w.WebAppContext@7b99f5{hddsDatanode,/,null,STOPPED}{jar:file:/home/runner/.m2/repository/org/apache/ozone/hdds-container-service/1.4.0-SNAPSHOT/hdds-container-service-1.4.0-SNAPSHOT.jar!/webapps/hddsDatanode}
2023-01-03 10:08:45,959 [Listener at 127.0.0.1/46431] INFO  server.AbstractConnector (AbstractConnector.java:doStop(383)) - Stopped ServerConnector@4f8e00a0{HTTP/1.1, (http/1.1)}{0.0.0.0:0}
2023-01-03 10:08:45,959 [Listener at 127.0.0.1/46431] INFO  server.session (HouseKeeper.java:stopScavenging(149)) - node0 Stopped scavenging
2023-01-03 10:08:45,959 [Listener at 127.0.0.1/46431] INFO  handler.ContextHandler (ContextHandler.java:doStop(1159)) - Stopped o.e.j.s.ServletContextHandler@68c0fe1e{static,/static,jar:file:/home/runner/.m2/repository/org/apache/ozone/hdds-container-service/1.4.0-SNAPSHOT/hdds-container-service-1.4.0-SNAPSHOT.jar!/webapps/static,STOPPED}
2023-01-03 10:08:45,960 [Listener at 127.0.0.1/46431] INFO  handler.ContextHandler (ContextHandler.java:doStop(1159)) - Stopped o.e.j.s.ServletContextHandler@5a22fc6e{logs,/logs,file:///home/runner/work/ozone/ozone/hadoop-ozone/integration-test/target/log,STOPPED}
2023-01-03 10:08:45,962 [Listener at 127.0.0.1/46431] INFO  ozone.MiniOzoneClusterImpl (MiniOzoneClusterImpl.java:stopSCM(538)) - Stopping the StorageContainerManager
2023-01-03 10:08:45,962 [Listener at 127.0.0.1/46431] INFO  server.StorageContainerManager (StorageContainerManager.java:stop(1518)) - Container Balancer is not running.
2023-01-03 10:08:45,962 [Listener at 127.0.0.1/46431] INFO  server.StorageContainerManager (StorageContainerManager.java:stop(1525)) - Stopping Replication Manager Service.
2023-01-03 10:08:45,963 [Listener at 127.0.0.1/46431] INFO  replication.ReplicationManager (ReplicationManager.java:stop(296)) - Stopping Replication Monitor Thread.
2023-01-03 10:08:45,963 [Listener at 127.0.0.1/46431] INFO  server.StorageContainerManager (StorageContainerManager.java:stop(1532)) - Stopping the Datanode Admin Monitor.
2023-01-03 10:08:45,963 [Over Replicated Processor] WARN  replication.UnhealthyReplicationProcessor (UnhealthyReplicationProcessor.java:run(141)) - Over Replicated Processor interrupted. Exiting...
2023-01-03 10:08:45,963 [ReplicationMonitor] INFO  replication.ReplicationManager (ReplicationManager.java:run(666)) - Replication Monitor Thread is stopped
2023-01-03 10:08:45,963 [Listener at 127.0.0.1/46431] INFO  server.StorageContainerManager (StorageContainerManager.java:stop(1539)) - Stopping datanode service RPC server
2023-01-03 10:08:45,963 [Under Replicated Processor] WARN  replication.UnhealthyReplicationProcessor (UnhealthyReplicationProcessor.java:run(141)) - Under Replicated Processor interrupted. Exiting...
2023-01-03 10:08:45,963 [Listener at 127.0.0.1/46431] INFO  server.SCMDatanodeProtocolServer (SCMDatanodeProtocolServer.java:stop(441)) - Stopping the RPC server for DataNodes
2023-01-03 10:08:45,965 [Listener at 127.0.0.1/46431] INFO  ipc.Server (Server.java:stop(3428)) - Stopping server on 33051
2023-01-03 10:08:45,967 [IPC Server Responder] INFO  ipc.Server (Server.java:run(1517)) - Stopping IPC Server Responder
2023-01-03 10:08:45,968 [IPC Server listener on 0] INFO  ipc.Server (Server.java:run(1384)) - Stopping IPC Server listener on 0
2023-01-03 10:08:46,041 [SCM Heartbeat Processing Thread - 0] WARN  node.NodeStateManager (NodeStateManager.java:scheduleNextHealthCheck(870)) - Current Thread is interrupted, shutting down HB processing thread for Node Manager.
2023-01-03 10:08:46,041 [Listener at 127.0.0.1/46431] INFO  server.StorageContainerManager (StorageContainerManager.java:stop(1547)) - Stopping block service RPC server
2023-01-03 10:08:46,044 [Listener at 127.0.0.1/46431] INFO  server.SCMBlockProtocolServer (SCMBlockProtocolServer.java:stop(161)) - Stopping the RPC server for Block Protocol
2023-01-03 10:08:46,044 [Listener at 127.0.0.1/46431] INFO  ipc.Server (Server.java:stop(3428)) - Stopping server on 39587
2023-01-03 10:08:46,044 [IPC Server listener on 0] INFO  ipc.Server (Server.java:run(1384)) - Stopping IPC Server listener on 0
2023-01-03 10:08:46,046 [IPC Server Responder] INFO  ipc.Server (Server.java:run(1517)) - Stopping IPC Server Responder
2023-01-03 10:08:46,046 [Listener at 127.0.0.1/46431] INFO  server.StorageContainerManager (StorageContainerManager.java:stop(1554)) - Stopping the StorageContainerLocationProtocol RPC server
2023-01-03 10:08:46,046 [Listener at 127.0.0.1/46431] INFO  server.SCMClientProtocolServer (SCMClientProtocolServer.java:stop(179)) - Stopping the RPC server for Client Protocol
2023-01-03 10:08:46,046 [Listener at 127.0.0.1/46431] INFO  ipc.Server (Server.java:stop(3428)) - Stopping server on 45685
2023-01-03 10:08:46,048 [IPC Server listener on 0] INFO  ipc.Server (Server.java:run(1384)) - Stopping IPC Server listener on 0
2023-01-03 10:08:46,050 [IPC Server Responder] INFO  ipc.Server (Server.java:run(1517)) - Stopping IPC Server Responder
2023-01-03 10:08:46,050 [Listener at 127.0.0.1/46431] INFO  server.StorageContainerManager (StorageContainerManager.java:stop(1561)) - Stopping Storage Container Manager HTTP server.
2023-01-03 10:08:46,051 [Listener at 127.0.0.1/46431] INFO  handler.ContextHandler (ContextHandler.java:doStop(1159)) - Stopped o.e.j.w.WebAppContext@5119e907{scm,/,null,STOPPED}{file:/home/runner/work/ozone/ozone/hadoop-ozone/integration-test/target/test-classes/webapps/scm}
2023-01-03 10:08:46,051 [Listener at 127.0.0.1/46431] INFO  server.AbstractConnector (AbstractConnector.java:doStop(383)) - Stopped ServerConnector@5fd66298{HTTP/1.1, (http/1.1)}{0.0.0.0:0}
2023-01-03 10:08:46,051 [Listener at 127.0.0.1/46431] INFO  server.session (HouseKeeper.java:stopScavenging(149)) - node0 Stopped scavenging
2023-01-03 10:08:46,051 [Listener at 127.0.0.1/46431] INFO  handler.ContextHandler (ContextHandler.java:doStop(1159)) - Stopped o.e.j.s.ServletContextHandler@5bb0bacb{static,/static,file:///home/runner/work/ozone/ozone/hadoop-ozone/integration-test/target/test-classes/webapps/static,STOPPED}
2023-01-03 10:08:46,051 [Listener at 127.0.0.1/46431] INFO  handler.ContextHandler (ContextHandler.java:doStop(1159)) - Stopped o.e.j.s.ServletContextHandler@f8ff413{logs,/logs,file:///home/runner/work/ozone/ozone/hadoop-ozone/integration-test/target/log,STOPPED}
2023-01-03 10:08:46,052 [Listener at 127.0.0.1/46431] INFO  server.StorageContainerManager (StorageContainerManager.java:stop(1567)) - Stopping SCM LayoutVersionManager Service.
2023-01-03 10:08:46,052 [Listener at 127.0.0.1/46431] INFO  server.StorageContainerManager (StorageContainerManager.java:stop(1575)) - Stopping Block Manager Service.
2023-01-03 10:08:46,052 [Listener at 127.0.0.1/46431] INFO  utils.BackgroundService (BackgroundService.java:shutdown(141)) - Shutting down service SCMBlockDeletingService
2023-01-03 10:08:46,052 [Listener at 127.0.0.1/46431] INFO  utils.BackgroundService (BackgroundService.java:shutdown(141)) - Shutting down service SCMBlockDeletingService
2023-01-03 10:08:46,052 [Listener at 127.0.0.1/46431] INFO  server.StorageContainerManager (StorageContainerManager.java:stop(1597)) - Stopping SCM Event Queue.
2023-01-03 10:08:46,056 [Listener at 127.0.0.1/46431] INFO  server.StorageContainerManager (StorageContainerManager.java:stop(1608)) - Stopping SCM HA services.
2023-01-03 10:08:46,056 [Listener at 127.0.0.1/46431] INFO  pipeline.BackgroundPipelineCreator (BackgroundPipelineCreator.java:stop(149)) - Stopping RatisPipelineUtilsThread.
2023-01-03 10:08:46,056 [RatisPipelineUtilsThread - 0] WARN  pipeline.BackgroundPipelineCreator (BackgroundPipelineCreator.java:run(180)) - RatisPipelineUtilsThread is interrupted.
2023-01-03 10:08:46,056 [BackgroundPipelineScrubberThread] WARN  BackgroundPipelineScrubber (BackgroundSCMService.java:run(115)) - BackgroundPipelineScrubber is interrupted, exit
2023-01-03 10:08:46,056 [Listener at 127.0.0.1/46431] INFO  BackgroundPipelineScrubber (BackgroundSCMService.java:stop(131)) - Stopping BackgroundPipelineScrubber Service.
2023-01-03 10:08:46,056 [Listener at 127.0.0.1/46431] INFO  impl.MetricsSystemImpl (MetricsSystemImpl.java:stop(210)) - Stopping HddsDatanode metrics system...
2023-01-03 10:08:46,070 [prometheus] INFO  impl.MetricsSinkAdapter (MetricsSinkAdapter.java:publishMetricsFromQueue(141)) - prometheus thread interrupted.
2023-01-03 10:08:46,070 [Listener at 127.0.0.1/46431] INFO  impl.MetricsSystemImpl (MetricsSystemImpl.java:stop(216)) - HddsDatanode metrics system stopped.
2023-01-03 10:08:46,070 [Listener at 127.0.0.1/46431] WARN  pipeline.BackgroundPipelineCreator (BackgroundPipelineCreator.java:stop(145)) - RatisPipelineUtilsThread is not running, just ignore.
2023-01-03 10:08:46,070 [Listener at 127.0.0.1/46431] INFO  BackgroundPipelineScrubber (BackgroundSCMService.java:stop(126)) - BackgroundPipelineScrubber Service is not running, skip stop.
2023-01-03 10:08:46,070 [Listener at 127.0.0.1/46431] INFO  ExpiredContainerReplicaOpScrubber (BackgroundSCMService.java:stop(131)) - Stopping ExpiredContainerReplicaOpScrubber Service.
2023-01-03 10:08:46,070 [ExpiredContainerReplicaOpScrubberThread] WARN  ExpiredContainerReplicaOpScrubber (BackgroundSCMService.java:run(115)) - ExpiredContainerReplicaOpScrubber is interrupted, exit
2023-01-03 10:08:46,070 [Listener at 127.0.0.1/46431] INFO  utils.BackgroundService (BackgroundService.java:shutdown(141)) - Shutting down service SCMBlockDeletingService
2023-01-03 10:08:46,071 [Listener at 127.0.0.1/46431] INFO  replication.ReplicationManager (ReplicationManager.java:stop(304)) - Replication Monitor Thread is not running.
2023-01-03 10:08:46,071 [Listener at 127.0.0.1/46431] WARN  balancer.ContainerBalancer (ContainerBalancer.java:stop(322)) - Cannot stop Container Balancer because it's not running or stopping
2023-01-03 10:08:46,071 [Listener at 127.0.0.1/46431] INFO  server.StorageContainerManager (StorageContainerManager.java:stop(1626)) - Stopping SCM MetadataStore.
2023-01-03 10:08:46,116 [Listener at 127.0.0.1/46431] WARN  server.ServerUtils (ServerUtils.java:getScmDbDir(148)) - ozone.scm.db.dirs is not configured. We recommend adding this setting. Falling back to ozone.metadata.dirs instead.
2023-01-03 10:08:46,120 [Listener at 127.0.0.1/46431] WARN  server.ServerUtils (ServerUtils.java:getScmDbDir(148)) - ozone.scm.db.dirs is not configured. We recommend adding this setting. Falling back to ozone.metadata.dirs instead.
2023-01-03 10:08:46,121 [Listener at 127.0.0.1/46431] INFO  ha.SCMHANodeDetails (SCMHANodeDetails.java:loadSCMHAConfig(209)) - ServiceID for StorageContainerManager is null
2023-01-03 10:08:46,121 [Listener at 127.0.0.1/46431] INFO  ha.SCMHANodeDetails (SCMHANodeDetails.java:loadSCMHAConfig(214)) - ozone.scm.default.service.id is not defined, falling back to ozone.scm.service.ids to find serviceID for StorageContainerManager if it is HA enabled cluster
2023-01-03 10:08:46,121 [Listener at 127.0.0.1/46431] WARN  utils.HAUtils (HAUtils.java:getMetaDir(342)) - ozone.scm.db.dirs is not configured. We recommend adding this setting. Falling back to ozone.metadata.dirs instead.
2023-01-03 10:08:46,121 [Listener at 127.0.0.1/46431] WARN  db.DBStoreBuilder (DBStoreBuilder.java:applyDBDefinition(144)) - ozone.scm.db.dirs is not configured. We recommend adding this setting. Falling back to ozone.metadata.dirs instead.
2023-01-03 10:08:46,211 [Listener at 127.0.0.1/46431] INFO  net.NodeSchemaLoader (NodeSchemaLoader.java:loadSchemaFromFile(129)) - Loading schema from [jar:file:/home/runner/.m2/repository/org/apache/ozone/hdds-common/1.4.0-SNAPSHOT/hdds-common-1.4.0-SNAPSHOT.jar!/network-topology-default.xml]
2023-01-03 10:08:46,212 [Listener at 127.0.0.1/46431] INFO  net.NodeSchemaLoader (NodeSchemaLoader.java:loadSchema(176)) - Loading network topology layer schema file
2023-01-03 10:08:46,216 [Listener at 127.0.0.1/46431] INFO  upgrade.AbstractLayoutVersionManager (AbstractLayoutVersionManager.java:init(83)) - Initializing Layout version manager with metadata layout = DATANODE_SCHEMA_V3 (version = 4), software layout = DATANODE_SCHEMA_V3 (version = 4)
2023-01-03 10:08:46,258 [Listener at 127.0.0.1/46431] INFO  reflections.Reflections (Reflections.java:scan(232)) - Reflections took 41 ms to scan 7 urls, producing 146 keys and 350 values 
2023-01-03 10:08:46,261 [Listener at 127.0.0.1/46431] INFO  ha.SequenceIdGenerator (SequenceIdGenerator.java:upgradeToSequenceId(349)) - upgrade localId to 111677748019200000
2023-01-03 10:08:46,261 [Listener at 127.0.0.1/46431] INFO  ha.SequenceIdGenerator (SequenceIdGenerator.java:upgradeToSequenceId(359)) - upgrade delTxnId to 0
2023-01-03 10:08:46,261 [Listener at 127.0.0.1/46431] INFO  ha.SequenceIdGenerator (SequenceIdGenerator.java:upgradeToSequenceId(376)) - upgrade containerId to 0
2023-01-03 10:08:46,261 [Listener at 127.0.0.1/46431] INFO  ha.SequenceIdGenerator (SequenceIdGenerator.java:<init>(220)) - Init the HA SequenceIdGenerator.
2023-01-03 10:08:46,262 [Listener at 127.0.0.1/46431] WARN  server.ServerUtils (ServerUtils.java:sanitizeUserArgs(73)) - ozone.scm.stale.node.interval value = 300000 is larger than max = 100000 based on the key value of ozone.scm.heartbeat.thread.interval, reset to the max value 100000.
2023-01-03 10:08:46,262 [Listener at 127.0.0.1/46431] WARN  server.ServerUtils (ServerUtils.java:sanitizeUserArgs(73)) - ozone.scm.stale.node.interval value = 300000 is larger than max = 100000 based on the key value of ozone.scm.heartbeat.thread.interval, reset to the max value 100000.
2023-01-03 10:08:46,265 [Listener at 127.0.0.1/46431] INFO  node.SCMNodeManager (SCMNodeManager.java:<init>(149)) - Entering startup safe mode.
2023-01-03 10:08:46,266 [Listener at 127.0.0.1/46431] INFO  algorithms.ContainerPlacementPolicyFactory (ContainerPlacementPolicyFactory.java:getPolicyInternal(86)) - Create container placement policy of type org.apache.hadoop.hdds.scm.container.placement.algorithms.SCMContainerPlacementRandom
2023-01-03 10:08:46,266 [Listener at 127.0.0.1/46431] INFO  algorithms.ContainerPlacementPolicyFactory (ContainerPlacementPolicyFactory.java:getPolicyInternal(86)) - Create container placement policy of type org.apache.hadoop.hdds.scm.container.placement.algorithms.SCMContainerPlacementRackScatter
2023-01-03 10:08:46,266 [Listener at 127.0.0.1/46431] INFO  pipeline.PipelineStateManagerImpl (PipelineStateManagerImpl.java:initialize(78)) - No pipeline exists in current db
2023-01-03 10:08:46,266 [Listener at 127.0.0.1/46431] INFO  algorithms.LeaderChoosePolicyFactory (LeaderChoosePolicyFactory.java:getPolicy(57)) - Create leader choose policy of type org.apache.hadoop.hdds.scm.pipeline.leader.choose.algorithms.MinLeaderCountChoosePolicy
2023-01-03 10:08:46,267 [Listener at 127.0.0.1/46431] INFO  algorithms.ContainerPlacementPolicyFactory (ContainerPlacementPolicyFactory.java:getPolicyInternal(86)) - Create container placement policy of type org.apache.hadoop.hdds.scm.container.placement.algorithms.SCMContainerPlacementRackScatter
2023-01-03 10:08:46,267 [Listener at 127.0.0.1/46431] INFO  ha.SCMServiceManager (SCMServiceManager.java:register(42)) - Registering service BackgroundPipelineCreator.
2023-01-03 10:08:46,267 [Listener at 127.0.0.1/46431] INFO  pipeline.BackgroundPipelineCreator (BackgroundPipelineCreator.java:start(124)) - Starting RatisPipelineUtilsThread.
2023-01-03 10:08:46,269 [Listener at 127.0.0.1/46431] INFO  BackgroundPipelineScrubber (BackgroundSCMService.java:start(68)) - Starting BackgroundPipelineScrubber Service.
2023-01-03 10:08:46,270 [Listener at 127.0.0.1/46431] INFO  ha.SCMServiceManager (SCMServiceManager.java:register(42)) - Registering service BackgroundPipelineScrubber.
2023-01-03 10:08:46,270 [Listener at 127.0.0.1/46431] INFO  ExpiredContainerReplicaOpScrubber (BackgroundSCMService.java:start(68)) - Starting ExpiredContainerReplicaOpScrubber Service.
2023-01-03 10:08:46,270 [Listener at 127.0.0.1/46431] INFO  ha.SCMServiceManager (SCMServiceManager.java:register(42)) - Registering service ExpiredContainerReplicaOpScrubber.
2023-01-03 10:08:46,271 [Listener at 127.0.0.1/46431] INFO  algorithms.PipelineChoosePolicyFactory (PipelineChoosePolicyFactory.java:createPipelineChoosePolicyFromClass(73)) - Create pipeline choose policy of type org.apache.hadoop.hdds.scm.pipeline.choose.algorithms.RandomPipelineChoosePolicy
2023-01-03 10:08:46,271 [Listener at 127.0.0.1/46431] INFO  ha.SCMServiceManager (SCMServiceManager.java:register(42)) - Registering service SCMBlockDeletingService.
2023-01-03 10:08:46,271 [Listener at 127.0.0.1/46431] INFO  replication.ReplicationManager (ReplicationManager.java:start(261)) - Starting Replication Monitor Thread.
2023-01-03 10:08:46,273 [Listener at 127.0.0.1/46431] INFO  ha.SCMServiceManager (SCMServiceManager.java:register(42)) - Registering service ReplicationManager.
2023-01-03 10:08:46,273 [Listener at 127.0.0.1/46431] INFO  safemode.ContainerSafeModeRule (ContainerSafeModeRule.java:<init>(89)) - containers with one replica threshold count 0
2023-01-03 10:08:46,273 [Listener at 127.0.0.1/46431] INFO  safemode.HealthyPipelineSafeModeRule (HealthyPipelineSafeModeRule.java:initializeRule(169)) - Total pipeline count is 0, healthy pipeline threshold count is 1
2023-01-03 10:08:46,274 [Listener at 127.0.0.1/46431] INFO  safemode.OneReplicaPipelineSafeModeRule (OneReplicaPipelineSafeModeRule.java:initializeRule(180)) - Total pipeline count is 0, pipeline's with at least one datanode reported threshold count is 0
2023-01-03 10:08:46,273 [ReplicationMonitor] INFO  replication.ReplicationManager (ReplicationManager.java:processAll(330)) - Replication Manager is not ready to run until 3000ms after safemode exit
2023-01-03 10:08:46,274 [Listener at 127.0.0.1/46431] INFO  ipc.CallQueueManager (CallQueueManager.java:<init>(90)) - Using callQueue: class java.util.concurrent.LinkedBlockingQueue, queueCapacity: 2000, scheduler: class org.apache.hadoop.ipc.DefaultRpcScheduler, ipcBackoff: false.
2023-01-03 10:08:46,275 [Socket Reader #1 for port 0] INFO  ipc.Server (Server.java:run(1273)) - Starting Socket Reader #1 for port 0
2023-01-03 10:08:46,275 [Listener at 0.0.0.0/40787] INFO  ipc.CallQueueManager (CallQueueManager.java:<init>(90)) - Using callQueue: class java.util.concurrent.LinkedBlockingQueue, queueCapacity: 2000, scheduler: class org.apache.hadoop.ipc.DefaultRpcScheduler, ipcBackoff: false.
2023-01-03 10:08:46,276 [Socket Reader #1 for port 0] INFO  ipc.Server (Server.java:run(1273)) - Starting Socket Reader #1 for port 0
2023-01-03 10:08:46,276 [Listener at 0.0.0.0/39719] INFO  ipc.CallQueueManager (CallQueueManager.java:<init>(90)) - Using callQueue: class java.util.concurrent.LinkedBlockingQueue, queueCapacity: 2000, scheduler: class org.apache.hadoop.ipc.DefaultRpcScheduler, ipcBackoff: false.
2023-01-03 10:08:46,277 [Socket Reader #1 for port 0] INFO  ipc.Server (Server.java:run(1273)) - Starting Socket Reader #1 for port 0
2023-01-03 10:08:46,291 [Listener at 0.0.0.0/34337] INFO  ha.SCMServiceManager (SCMServiceManager.java:register(42)) - Registering service ContainerBalancer.
2023-01-03 10:08:46,291 [Listener at 0.0.0.0/34337] INFO  server.StorageContainerManager (StorageContainerManager.java:<init>(398)) - 
Container Balancer status:
Key                            Value
Running                        true
Container Balancer Configuration values:
Key                                                Value
Threshold                                          10
Max Datanodes to Involve per Iteration(percent)    20
Max Size to Move per Iteration                     500GB
Max Size Entering Target per Iteration             26GB
Max Size Leaving Source per Iteration              26GB

2023-01-03 10:08:46,291 [Listener at 0.0.0.0/34337] INFO  ha.SCMContext (SCMContext.java:updateSafeModeStatus(228)) - Update SafeModeStatus from SafeModeStatus{safeModeStatus=true, preCheckPassed=false} to SafeModeStatus{safeModeStatus=true, preCheckPassed=false}.
2023-01-03 10:08:46,291 [Listener at 0.0.0.0/34337] INFO  server.StorageContainerManager (StorageContainerManager.java:start(1423)) - StorageContainerLocationProtocol RPC server is listening at /0.0.0.0:34337
2023-01-03 10:08:46,293 [Listener at 0.0.0.0/34337] WARN  impl.MetricsConfig (MetricsConfig.java:loadFirst(136)) - Cannot locate configuration: tried hadoop-metrics2-storagecontainermanager.properties,hadoop-metrics2.properties
2023-01-03 10:08:46,293 [Listener at 0.0.0.0/34337] INFO  impl.MetricsSystemImpl (MetricsSystemImpl.java:startTimer(378)) - Scheduled Metric snapshot period at 10 second(s).
2023-01-03 10:08:46,293 [Listener at 0.0.0.0/34337] INFO  impl.MetricsSystemImpl (MetricsSystemImpl.java:start(191)) - StorageContainerManager metrics system started
2023-01-03 10:08:46,299 [Listener at 0.0.0.0/34337] INFO  impl.MetricsSinkAdapter (MetricsSinkAdapter.java:start(204)) - Sink prometheus started
2023-01-03 10:08:46,299 [Listener at 0.0.0.0/34337] INFO  impl.MetricsSystemImpl (MetricsSystemImpl.java:registerSink(305)) - Registered sink prometheus
2023-01-03 10:08:46,319 [Listener at 0.0.0.0/34337] INFO  server.SCMClientProtocolServer (SCMClientProtocolServer.java:start(170)) - RPC server for Client  is listening at /0.0.0.0:34337
2023-01-03 10:08:46,319 [IPC Server Responder] INFO  ipc.Server (Server.java:run(1512)) - IPC Server Responder: starting
2023-01-03 10:08:46,319 [IPC Server listener on 0] INFO  ipc.Server (Server.java:run(1352)) - IPC Server listener on 0: starting
2023-01-03 10:08:46,321 [Listener at 0.0.0.0/34337] INFO  server.StorageContainerManager (StorageContainerManager.java:start(1437)) - ScmBlockLocationProtocol RPC server is listening at /0.0.0.0:39719
2023-01-03 10:08:46,322 [Listener at 0.0.0.0/34337] INFO  server.SCMBlockProtocolServer (SCMBlockProtocolServer.java:start(152)) - RPC server for Block Protocol is listening at /0.0.0.0:39719
2023-01-03 10:08:46,322 [IPC Server Responder] INFO  ipc.Server (Server.java:run(1512)) - IPC Server Responder: starting
2023-01-03 10:08:46,322 [IPC Server listener on 0] INFO  ipc.Server (Server.java:run(1352)) - IPC Server listener on 0: starting
2023-01-03 10:08:46,324 [Listener at 0.0.0.0/34337] INFO  server.SCMDatanodeProtocolServer (SCMDatanodeProtocolServer.java:start(194)) - ScmDatanodeProtocol RPC server for DataNodes is listening at /0.0.0.0:40787
2023-01-03 10:08:46,324 [IPC Server Responder] INFO  ipc.Server (Server.java:run(1512)) - IPC Server Responder: starting
2023-01-03 10:08:46,324 [IPC Server listener on 0] INFO  ipc.Server (Server.java:run(1352)) - IPC Server listener on 0: starting
2023-01-03 10:08:46,332 [Listener at 0.0.0.0/34337] INFO  http.BaseHttpServer (BaseHttpServer.java:newHttpServer2BuilderForOzone(213)) - Starting Web-server for scm at: http://0.0.0.0:0
2023-01-03 10:08:46,332 [Listener at 0.0.0.0/34337] INFO  http.BaseHttpServer (BaseHttpServer.java:<init>(108)) - Hadoop Security Enabled: false Ozone Security Enabled: false Ozone HTTP Security Enabled: false 
2023-01-03 10:08:46,333 [Listener at 0.0.0.0/34337] WARN  server.AuthenticationFilter (AuthenticationFilter.java:constructSecretProvider(240)) - Unable to initialize FileSignerSecretProvider, falling back to use random secrets. Reason: Could not read signature secret file: /home/runner/hadoop-http-auth-signature-secret
2023-01-03 10:08:46,333 [org.apache.hadoop.util.JvmPauseMonitor$Monitor@32040e99] INFO  util.JvmPauseMonitor (JvmPauseMonitor.java:run(188)) - Starting JVM pause monitor
2023-01-03 10:08:46,334 [Listener at 0.0.0.0/34337] WARN  http.HttpRequestLog (HttpRequestLog.java:getRequestLog(103)) - Jetty request log can only be enabled using Log4j
2023-01-03 10:08:46,335 [Listener at 0.0.0.0/34337] INFO  http.HttpServer2 (HttpServer2.java:addGlobalFilter(1031)) - Added global filter 'safety' (class=org.apache.hadoop.hdds.server.http.HttpServer2$QuotingInputFilter)
2023-01-03 10:08:46,335 [Listener at 0.0.0.0/34337] INFO  http.HttpServer2 (HttpServer2.java:addFilter(1007)) - Added filter static_user_filter (class=org.apache.hadoop.http.lib.StaticUserWebFilter$StaticUserFilter) to context scm
2023-01-03 10:08:46,335 [Listener at 0.0.0.0/34337] INFO  http.HttpServer2 (HttpServer2.java:addFilter(1015)) - Added filter static_user_filter (class=org.apache.hadoop.http.lib.StaticUserWebFilter$StaticUserFilter) to context logs
2023-01-03 10:08:46,335 [Listener at 0.0.0.0/34337] INFO  http.HttpServer2 (HttpServer2.java:addFilter(1015)) - Added filter static_user_filter (class=org.apache.hadoop.http.lib.StaticUserWebFilter$StaticUserFilter) to context static
2023-01-03 10:08:46,336 [Listener at 0.0.0.0/34337] INFO  http.HttpServer2 (HttpServer2.java:bindListener(1250)) - Jetty bound to port 39695
2023-01-03 10:08:46,336 [Listener at 0.0.0.0/34337] INFO  server.Server (Server.java:doStart(375)) - jetty-9.4.49.v20220914; built: 2022-09-14T01:07:36.601Z; git: 4231a3b2e4cb8548a412a789936d640a97b1aa0a; jvm 1.8.0_352-b08
2023-01-03 10:08:46,337 [Listener at 0.0.0.0/34337] INFO  server.session (DefaultSessionIdManager.java:doStart(334)) - DefaultSessionIdManager workerName=node0
2023-01-03 10:08:46,337 [Listener at 0.0.0.0/34337] INFO  server.session (DefaultSessionIdManager.java:doStart(339)) - No SessionScavenger set, using defaults
2023-01-03 10:08:46,338 [Listener at 0.0.0.0/34337] INFO  server.session (HouseKeeper.java:startScavenging(132)) - node0 Scavenging every 660000ms
2023-01-03 10:08:46,338 [Listener at 0.0.0.0/34337] INFO  handler.ContextHandler (ContextHandler.java:doStart(921)) - Started o.e.j.s.ServletContextHandler@e2acc49{logs,/logs,file:///home/runner/work/ozone/ozone/hadoop-ozone/integration-test/target/log,AVAILABLE}
2023-01-03 10:08:46,339 [Listener at 0.0.0.0/34337] INFO  handler.ContextHandler (ContextHandler.java:doStart(921)) - Started o.e.j.s.ServletContextHandler@7eb16482{static,/static,file:///home/runner/work/ozone/ozone/hadoop-ozone/integration-test/target/test-classes/webapps/static,AVAILABLE}
2023-01-03 10:08:46,341 [Listener at 0.0.0.0/34337] INFO  handler.ContextHandler (ContextHandler.java:doStart(921)) - Started o.e.j.w.WebAppContext@8257a56{scm,/,file:///home/runner/work/ozone/ozone/hadoop-ozone/integration-test/target/test-classes/webapps/scm/,AVAILABLE}{file:/home/runner/work/ozone/ozone/hadoop-ozone/integration-test/target/test-classes/webapps/scm}
2023-01-03 10:08:46,347 [Listener at 0.0.0.0/34337] INFO  server.AbstractConnector (AbstractConnector.java:doStart(333)) - Started ServerConnector@3dd00ebc{HTTP/1.1, (http/1.1)}{0.0.0.0:39695}
2023-01-03 10:08:46,347 [Listener at 0.0.0.0/34337] INFO  server.Server (Server.java:doStart(415)) - Started @167137ms
2023-01-03 10:08:46,347 [Listener at 0.0.0.0/34337] WARN  impl.MetricsSystemImpl (MetricsSystemImpl.java:register(279)) - Sink prometheus already exists!
2023-01-03 10:08:46,347 [Listener at 0.0.0.0/34337] INFO  http.BaseHttpServer (BaseHttpServer.java:updateConnectorAddress(333)) - HTTP server of scm listening at http://0.0.0.0:39695
2023-01-03 10:08:46,348 [Listener at 0.0.0.0/34337] WARN  server.ServerUtils (ServerUtils.java:getDBPath(225)) - ozone.om.db.dirs is not configured. We recommend adding this setting. Falling back to ozone.metadata.dirs instead.
2023-01-03 10:08:46,349 [Listener at 0.0.0.0/34337] INFO  ha.OMHANodeDetails (OMHANodeDetails.java:loadOMHAConfig(115)) - ozone.om.internal.service.id is not defined, falling back to ozone.om.service.ids to find serviceID for OzoneManager if it is HA enabled cluster
2023-01-03 10:08:46,349 [Listener at 0.0.0.0/34337] INFO  ha.OMHANodeDetails (OMHANodeDetails.java:loadOMHAConfig(226)) - Configuration does not have ozone.om.address set. Falling back to the default OM address /127.0.0.1:0
2023-01-03 10:08:46,349 [Listener at 0.0.0.0/34337] INFO  ha.OMHANodeDetails (OMHANodeDetails.java:getOMNodeDetailsForNonHA(254)) - OM Service ID is not set. Setting it to the default ID: omServiceIdDefault
2023-01-03 10:08:46,349 [Listener at 0.0.0.0/34337] INFO  ha.OMHANodeDetails (OMHANodeDetails.java:getOMNodeDetailsForNonHA(261)) - OM Node ID is not set. Setting it to the default ID: om1
2023-01-03 10:08:46,349 [Listener at 0.0.0.0/34337] WARN  server.ServerUtils (ServerUtils.java:getDBPath(225)) - ozone.om.db.dirs is not configured. We recommend adding this setting. Falling back to ozone.metadata.dirs instead.
2023-01-03 10:08:46,350 [Listener at 0.0.0.0/34337] INFO  upgrade.AbstractLayoutVersionManager (AbstractLayoutVersionManager.java:init(83)) - Initializing Layout version manager with metadata layout = MULTITENANCY_SCHEMA (version = 3), software layout = MULTITENANCY_SCHEMA (version = 3)
2023-01-03 10:08:46,447 [Listener at 0.0.0.0/34337] INFO  reflections.Reflections (Reflections.java:scan(232)) - Reflections took 97 ms to scan 2 urls, producing 154 keys and 428 values [using 2 cores]
2023-01-03 10:08:46,448 [Listener at 0.0.0.0/34337] INFO  upgrade.OMLayoutVersionManager (OMLayoutVersionManager.java:lambda$0(115)) - Skipping Upgrade Action MockOmUpgradeAction since it has been finalized.
2023-01-03 10:08:46,448 [Listener at 0.0.0.0/34337] WARN  server.ServerUtils (ServerUtils.java:getDBPath(225)) - ozone.om.db.dirs is not configured. We recommend adding this setting. Falling back to ozone.metadata.dirs instead.
2023-01-03 10:08:46,448 [Listener at 0.0.0.0/34337] INFO  proxy.SCMBlockLocationFailoverProxyProvider (SCMBlockLocationFailoverProxyProvider.java:<init>(114)) - Created block location fail-over proxy with 1 nodes: [nodeId=scmNodeId,nodeAddress=/0.0.0.0:39719]
2023-01-03 10:08:46,451 [Listener at 0.0.0.0/34337] INFO  proxy.SCMBlockLocationFailoverProxyProvider (SCMBlockLocationFailoverProxyProvider.java:<init>(114)) - Created block location fail-over proxy with 1 nodes: [nodeId=scmNodeId,nodeAddress=/0.0.0.0:39719]
2023-01-03 10:08:46,457 [Listener at 0.0.0.0/34337] WARN  server.ServerUtils (ServerUtils.java:getDBPath(225)) - ozone.om.db.dirs is not configured. We recommend adding this setting. Falling back to ozone.metadata.dirs instead.
2023-01-03 10:08:46,458 [Listener at 0.0.0.0/34337] INFO  codec.OmKeyInfoCodec (OmKeyInfoCodec.java:<init>(49)) - OmKeyInfoCodec ignorePipeline = true
2023-01-03 10:08:46,458 [Listener at 0.0.0.0/34337] INFO  codec.RepeatedOmKeyInfoCodec (RepeatedOmKeyInfoCodec.java:<init>(41)) - RepeatedOmKeyInfoCodec ignorePipeline = true
2023-01-03 10:08:46,584 [Listener at 0.0.0.0/34337] INFO  om.OzoneManager (OzoneManager.java:instantiateServices(717)) - S3 Multi-Tenancy is disabled
2023-01-03 10:08:46,585 [Listener at 0.0.0.0/34337] INFO  om.OzoneManager (OzoneManager.java:addS3GVolumeToDB(4402)) - Created Volume s3v With Owner runner required for S3Gateway operations.
2023-01-03 10:08:46,586 [Listener at 0.0.0.0/34337] INFO  om.OzoneManager (OzoneManager.java:getRpcServer(1106)) - Creating RPC Server
2023-01-03 10:08:46,927 [Listener at 0.0.0.0/34337] INFO  reflections.Reflections (Reflections.java:scan(232)) - Reflections took 339 ms to scan 19 urls, producing 67 keys and 4516 values [using 2 cores]
2023-01-03 10:08:46,928 [Listener at 0.0.0.0/34337] INFO  ipc.CallQueueManager (CallQueueManager.java:<init>(90)) - Using callQueue: class java.util.concurrent.LinkedBlockingQueue, queueCapacity: 2000, scheduler: class org.apache.hadoop.ipc.DefaultRpcScheduler, ipcBackoff: false.
2023-01-03 10:08:46,930 [Socket Reader #1 for port 0] INFO  ipc.Server (Server.java:run(1273)) - Starting Socket Reader #1 for port 0
2023-01-03 10:08:46,952 [Listener at 127.0.0.1/33423] INFO  impl.MetricsSystemImpl (MetricsSystemImpl.java:init(158)) - OzoneManager metrics system started (again)
2023-01-03 10:08:46,962 [Listener at 127.0.0.1/33423] INFO  om.OzoneManager (OzoneManager.java:start(1486)) - OzoneManager RPC server is listening at localhost/127.0.0.1:33423
2023-01-03 10:08:46,963 [Listener at 127.0.0.1/33423] INFO  om.OzoneManager (OzoneManager.java:start(1502)) - Version File has different layout version (3) than OM DB (null). That is expected if this OM has never been finalized to a newer layout version.
2023-01-03 10:08:46,966 [Listener at 127.0.0.1/33423] INFO  http.BaseHttpServer (BaseHttpServer.java:newHttpServer2BuilderForOzone(213)) - Starting Web-server for ozoneManager at: http://0.0.0.0:0
2023-01-03 10:08:46,966 [Listener at 127.0.0.1/33423] INFO  http.BaseHttpServer (BaseHttpServer.java:<init>(108)) - Hadoop Security Enabled: false Ozone Security Enabled: false Ozone HTTP Security Enabled: false 
2023-01-03 10:08:46,966 [Listener at 127.0.0.1/33423] WARN  server.AuthenticationFilter (AuthenticationFilter.java:constructSecretProvider(240)) - Unable to initialize FileSignerSecretProvider, falling back to use random secrets. Reason: Could not read signature secret file: /home/runner/hadoop-http-auth-signature-secret
2023-01-03 10:08:46,967 [Listener at 127.0.0.1/33423] WARN  http.HttpRequestLog (HttpRequestLog.java:getRequestLog(103)) - Jetty request log can only be enabled using Log4j
2023-01-03 10:08:46,968 [Listener at 127.0.0.1/33423] INFO  http.HttpServer2 (HttpServer2.java:addGlobalFilter(1031)) - Added global filter 'safety' (class=org.apache.hadoop.hdds.server.http.HttpServer2$QuotingInputFilter)
2023-01-03 10:08:46,968 [Listener at 127.0.0.1/33423] INFO  http.HttpServer2 (HttpServer2.java:addFilter(1007)) - Added filter static_user_filter (class=org.apache.hadoop.http.lib.StaticUserWebFilter$StaticUserFilter) to context ozoneManager
2023-01-03 10:08:46,968 [Listener at 127.0.0.1/33423] INFO  http.HttpServer2 (HttpServer2.java:addFilter(1015)) - Added filter static_user_filter (class=org.apache.hadoop.http.lib.StaticUserWebFilter$StaticUserFilter) to context static
2023-01-03 10:08:46,969 [Listener at 127.0.0.1/33423] INFO  http.HttpServer2 (HttpServer2.java:addFilter(1015)) - Added filter static_user_filter (class=org.apache.hadoop.http.lib.StaticUserWebFilter$StaticUserFilter) to context logs
2023-01-03 10:08:46,969 [Listener at 127.0.0.1/33423] INFO  http.HttpServer2 (HttpServer2.java:bindListener(1250)) - Jetty bound to port 41231
2023-01-03 10:08:46,969 [Listener at 127.0.0.1/33423] INFO  server.Server (Server.java:doStart(375)) - jetty-9.4.49.v20220914; built: 2022-09-14T01:07:36.601Z; git: 4231a3b2e4cb8548a412a789936d640a97b1aa0a; jvm 1.8.0_352-b08
2023-01-03 10:08:46,971 [Listener at 127.0.0.1/33423] INFO  server.session (DefaultSessionIdManager.java:doStart(334)) - DefaultSessionIdManager workerName=node0
2023-01-03 10:08:46,971 [Listener at 127.0.0.1/33423] INFO  server.session (DefaultSessionIdManager.java:doStart(339)) - No SessionScavenger set, using defaults
2023-01-03 10:08:46,971 [Listener at 127.0.0.1/33423] INFO  server.session (HouseKeeper.java:startScavenging(132)) - node0 Scavenging every 600000ms
2023-01-03 10:08:46,971 [Listener at 127.0.0.1/33423] INFO  handler.ContextHandler (ContextHandler.java:doStart(921)) - Started o.e.j.s.ServletContextHandler@1c4ba8a0{logs,/logs,file:///home/runner/work/ozone/ozone/hadoop-ozone/integration-test/target/log,AVAILABLE}
2023-01-03 10:08:46,972 [Listener at 127.0.0.1/33423] INFO  handler.ContextHandler (ContextHandler.java:doStart(921)) - Started o.e.j.s.ServletContextHandler@742cddf8{static,/static,file:///home/runner/work/ozone/ozone/hadoop-ozone/integration-test/target/test-classes/webapps/static,AVAILABLE}
2023-01-03 10:08:46,975 [Listener at 127.0.0.1/33423] INFO  handler.ContextHandler (ContextHandler.java:doStart(921)) - Started o.e.j.w.WebAppContext@7a8639bf{ozoneManager,/,file:///home/runner/work/ozone/ozone/hadoop-ozone/integration-test/target/test-classes/webapps/ozoneManager/,AVAILABLE}{file:/home/runner/work/ozone/ozone/hadoop-ozone/integration-test/target/test-classes/webapps/ozoneManager}
2023-01-03 10:08:46,980 [Listener at 127.0.0.1/33423] INFO  server.AbstractConnector (AbstractConnector.java:doStart(333)) - Started ServerConnector@1e5b9e4e{HTTP/1.1, (http/1.1)}{0.0.0.0:41231}
2023-01-03 10:08:46,980 [Listener at 127.0.0.1/33423] INFO  server.Server (Server.java:doStart(415)) - Started @167770ms
2023-01-03 10:08:46,980 [Listener at 127.0.0.1/33423] WARN  impl.MetricsSystemImpl (MetricsSystemImpl.java:register(279)) - Sink prometheus already exists!
2023-01-03 10:08:46,981 [Listener at 127.0.0.1/33423] INFO  http.BaseHttpServer (BaseHttpServer.java:updateConnectorAddress(333)) - HTTP server of ozoneManager listening at http://0.0.0.0:41231
2023-01-03 10:08:46,981 [IPC Server Responder] INFO  ipc.Server (Server.java:run(1512)) - IPC Server Responder: starting
2023-01-03 10:08:46,985 [IPC Server listener on 0] INFO  ipc.Server (Server.java:run(1352)) - IPC Server listener on 0: starting
2023-01-03 10:08:47,007 [Listener at 127.0.0.1/33423] INFO  om.TrashPolicyOzone (TrashPolicyOzone.java:<init>(275)) - Ozone Manager trash configuration: Deletion interval = 0 minutes, Emptier interval = 0 minutes.
2023-01-03 10:08:47,016 [org.apache.hadoop.util.JvmPauseMonitor$Monitor@4170c279] INFO  util.JvmPauseMonitor (JvmPauseMonitor.java:run(188)) - Starting JVM pause monitor
2023-01-03 10:08:47,033 [Listener at 127.0.0.1/33423] INFO  impl.MetricsSystemImpl (MetricsSystemImpl.java:init(158)) - HddsDatanode metrics system started (again)
2023-01-03 10:08:47,044 [Listener at 127.0.0.1/33423] INFO  ozone.HddsDatanodeService (HddsDatanodeService.java:start(237)) - HddsDatanodeService host:fv-az292-374.tqgtyn10aqxuxoi0mkfbldi5vh.jx.internal.cloudapp.net ip:10.1.0.13
2023-01-03 10:08:47,061 [Listener at 127.0.0.1/33423] INFO  upgrade.AbstractLayoutVersionManager (AbstractLayoutVersionManager.java:init(83)) - Initializing Layout version manager with metadata layout = DATANODE_SCHEMA_V3 (version = 4), software layout = DATANODE_SCHEMA_V3 (version = 4)
2023-01-03 10:08:47,107 [Listener at 127.0.0.1/33423] INFO  reflections.Reflections (Reflections.java:scan(232)) - Reflections took 45 ms to scan 7 urls, producing 146 keys and 350 values 
2023-01-03 10:08:47,108 [Listener at 127.0.0.1/33423] INFO  statemachine.DatanodeStateMachine (DatanodeStateMachine.java:getEndPointTaskThreadPoolSize(248)) - Datanode State Machine Task Thread Pool size 2
2023-01-03 10:08:47,109 [Listener at 127.0.0.1/33423] INFO  volume.HddsVolume (HddsVolume.java:<init>(117)) - Creating HddsVolume: /home/runner/work/ozone/ozone/hadoop-ozone/integration-test/target/test-dir/MiniOzoneClusterImpl-1bcd6b1f-11f6-453e-b314-ff0bb9fde82c/datanode-0/data-0/containers/hdds of storage type : DISK capacity : 9223372036854775807
2023-01-03 10:08:47,110 [Listener at 127.0.0.1/33423] INFO  volume.MutableVolumeSet (MutableVolumeSet.java:initializeVolumeSet(174)) - Added Volume : /home/runner/work/ozone/ozone/hadoop-ozone/integration-test/target/test-dir/MiniOzoneClusterImpl-1bcd6b1f-11f6-453e-b314-ff0bb9fde82c/datanode-0/data-0/containers/hdds to VolumeSet
2023-01-03 10:08:47,110 [Listener at 127.0.0.1/33423] INFO  volume.ThrottledAsyncChecker (ThrottledAsyncChecker.java:schedule(141)) - Scheduling a check for /home/runner/work/ozone/ozone/hadoop-ozone/integration-test/target/test-dir/MiniOzoneClusterImpl-1bcd6b1f-11f6-453e-b314-ff0bb9fde82c/datanode-0/data-0/containers/hdds
2023-01-03 10:08:47,112 [Listener at 127.0.0.1/33423] INFO  volume.StorageVolumeChecker (StorageVolumeChecker.java:checkAllVolumes(202)) - Scheduled health check for volume /home/runner/work/ozone/ozone/hadoop-ozone/integration-test/target/test-dir/MiniOzoneClusterImpl-1bcd6b1f-11f6-453e-b314-ff0bb9fde82c/datanode-0/data-0/containers/hdds
2023-01-03 10:08:47,123 [Listener at 127.0.0.1/33423] INFO  volume.MutableVolumeSet (MutableVolumeSet.java:initializeVolumeSet(174)) - Added Volume : /home/runner/work/ozone/ozone/hadoop-ozone/integration-test/target/test-dir/MiniOzoneClusterImpl-1bcd6b1f-11f6-453e-b314-ff0bb9fde82c/datanode-0/data/ratis to VolumeSet
2023-01-03 10:08:47,123 [Listener at 127.0.0.1/33423] INFO  volume.ThrottledAsyncChecker (ThrottledAsyncChecker.java:schedule(141)) - Scheduling a check for /home/runner/work/ozone/ozone/hadoop-ozone/integration-test/target/test-dir/MiniOzoneClusterImpl-1bcd6b1f-11f6-453e-b314-ff0bb9fde82c/datanode-0/data/ratis
2023-01-03 10:08:47,123 [Listener at 127.0.0.1/33423] INFO  volume.StorageVolumeChecker (StorageVolumeChecker.java:checkAllVolumes(202)) - Scheduled health check for volume /home/runner/work/ozone/ozone/hadoop-ozone/integration-test/target/test-dir/MiniOzoneClusterImpl-1bcd6b1f-11f6-453e-b314-ff0bb9fde82c/datanode-0/data/ratis
2023-01-03 10:08:47,134 [Thread-1278] INFO  ozoneimpl.ContainerReader (ContainerReader.java:readVolume(175)) - Finish verifying containers on volume /home/runner/work/ozone/ozone/hadoop-ozone/integration-test/target/test-dir/MiniOzoneClusterImpl-1bcd6b1f-11f6-453e-b314-ff0bb9fde82c/datanode-0/data-0/containers/hdds
2023-01-03 10:08:47,134 [Listener at 127.0.0.1/33423] INFO  ozoneimpl.OzoneContainer (OzoneContainer.java:buildContainerSet(301)) - Build ContainerSet costs 0s
2023-01-03 10:08:47,136 [Listener at 127.0.0.1/33423] INFO  server.RaftServer (ConfUtils.java:logGet(46)) - raft.rpc.type = GRPC (default)
2023-01-03 10:08:47,136 [Listener at 127.0.0.1/33423] INFO  grpc.GrpcConfigKeys (ConfUtils.java:logFallback(53)) - raft.grpc.admin.host = null (fallback to raft.grpc.server.host)
2023-01-03 10:08:47,136 [Listener at 127.0.0.1/33423] INFO  grpc.GrpcConfigKeys (ConfUtils.java:logGet(46)) - raft.grpc.admin.port = 0 (custom)
2023-01-03 10:08:47,136 [Listener at 127.0.0.1/33423] INFO  grpc.GrpcConfigKeys (ConfUtils.java:logFallback(53)) - raft.grpc.client.host = null (fallback to raft.grpc.server.host)
2023-01-03 10:08:47,136 [Listener at 127.0.0.1/33423] INFO  grpc.GrpcConfigKeys (ConfUtils.java:logGet(46)) - raft.grpc.client.port = 0 (custom)
2023-01-03 10:08:47,136 [Listener at 127.0.0.1/33423] INFO  grpc.GrpcConfigKeys (ConfUtils.java:logGet(46)) - raft.grpc.server.host = null (default)
2023-01-03 10:08:47,136 [Listener at 127.0.0.1/33423] INFO  grpc.GrpcConfigKeys (ConfUtils.java:logGet(46)) - raft.grpc.server.port = 0 (default)
2023-01-03 10:08:47,136 [Listener at 127.0.0.1/33423] INFO  server.GrpcService (ConfUtils.java:logGet(46)) - raft.grpc.message.size.max = 32MB (=33554432) (custom)
2023-01-03 10:08:47,136 [Listener at 127.0.0.1/33423] INFO  server.RaftServerConfigKeys (ConfUtils.java:logGet(46)) - raft.server.log.appender.buffer.byte-limit = 33554432 (custom)
2023-01-03 10:08:47,137 [Listener at 127.0.0.1/33423] INFO  server.GrpcService (ConfUtils.java:logGet(46)) - raft.grpc.flow.control.window = 5MB (=5242880) (custom)
2023-01-03 10:08:47,137 [Listener at 127.0.0.1/33423] INFO  server.RaftServerConfigKeys (ConfUtils.java:logGet(46)) - raft.server.rpc.request.timeout = 60s (custom)
2023-01-03 10:08:47,137 [Listener at 127.0.0.1/33423] INFO  grpc.GrpcConfigKeys (ConfUtils.java:logGet(46)) - raft.grpc.server.heartbeat.channel = true (default)
2023-01-03 10:08:47,137 [Listener at 127.0.0.1/33423] INFO  grpc.GrpcConfigKeys (ConfUtils.java:logGet(46)) - raft.grpc.server.async.request.thread.pool.cached = true (default)
2023-01-03 10:08:47,137 [Listener at 127.0.0.1/33423] INFO  grpc.GrpcConfigKeys (ConfUtils.java:logGet(46)) - raft.grpc.server.async.request.thread.pool.size = 32 (default)
2023-01-03 10:08:47,138 [Listener at 127.0.0.1/33423] INFO  impl.DataStreamServerImpl (ConfUtils.java:logGet(46)) - raft.datastream.type = NETTY (custom)
2023-01-03 10:08:47,138 [Listener at 127.0.0.1/33423] INFO  server.RaftServerConfigKeys (ConfUtils.java:logGet(46)) - raft.server.data-stream.async.request.thread.pool.cached = false (default)
2023-01-03 10:08:47,138 [Listener at 127.0.0.1/33423] INFO  server.RaftServerConfigKeys (ConfUtils.java:logGet(46)) - raft.server.data-stream.async.request.thread.pool.size = 20 (custom)
2023-01-03 10:08:47,138 [Listener at 127.0.0.1/33423] INFO  server.RaftServerConfigKeys (ConfUtils.java:logGet(46)) - raft.server.data-stream.async.write.thread.pool.size = 16 (default)
2023-01-03 10:08:47,138 [Listener at 127.0.0.1/33423] INFO  server.RaftServerConfigKeys (ConfUtils.java:logGet(46)) - raft.server.data-stream.client.pool.size = 10 (default)
2023-01-03 10:08:47,139 [Listener at 127.0.0.1/33423] INFO  netty.NettyConfigKeys$DataStream (ConfUtils.java:logGet(46)) - raft.netty.dataStream.server.use-epoll = false (default)
2023-01-03 10:08:47,139 [Listener at 127.0.0.1/33423] INFO  netty.NettyConfigKeys$DataStream (ConfUtils.java:logGet(46)) - raft.netty.dataStream.server.boss-group.size = 0 (default)
2023-01-03 10:08:47,139 [Listener at 127.0.0.1/33423] INFO  netty.NettyConfigKeys$DataStream (ConfUtils.java:logGet(46)) - raft.netty.dataStream.server.worker-group.size = 0 (default)
2023-01-03 10:08:47,139 [Listener at 127.0.0.1/33423] INFO  netty.NettyConfigKeys$DataStream (ConfUtils.java:logGet(46)) - raft.netty.dataStream.server.tls.conf = null (default)
2023-01-03 10:08:47,139 [Listener at 127.0.0.1/33423] INFO  netty.NettyConfigKeys$DataStream (ConfUtils.java:logGet(46)) - raft.netty.dataStream.host = null (default)
2023-01-03 10:08:47,139 [Listener at 127.0.0.1/33423] INFO  netty.NettyConfigKeys$DataStream (ConfUtils.java:logGet(46)) - raft.netty.dataStream.port = 0 (default)
2023-01-03 10:08:47,140 [Listener at 127.0.0.1/33423] INFO  server.RaftServerConfigKeys (ConfUtils.java:logGet(46)) - raft.server.threadpool.proxy.cached = true (default)
2023-01-03 10:08:47,140 [Listener at 127.0.0.1/33423] INFO  server.RaftServerConfigKeys (ConfUtils.java:logGet(46)) - raft.server.threadpool.proxy.size = 0 (default)
2023-01-03 10:08:47,140 [Listener at 127.0.0.1/33423] INFO  server.RaftServerConfigKeys (ConfUtils.java:logGet(46)) - raft.server.rpc.slowness.timeout = 300s (custom)
2023-01-03 10:08:47,140 [Listener at 127.0.0.1/33423] INFO  server.RaftServerConfigKeys (ConfUtils.java:logGet(46)) - raft.server.leaderelection.leader.step-down.wait-time = 10s (default)
2023-01-03 10:08:47,140 [2b04a8b1-164a-4310-98e7-450bb9581035-NettyServerStreamRpc-bossGroup--thread1] INFO  logging.LoggingHandler (AbstractInternalLogger.java:log(148)) - [id: 0x1fb0e456] REGISTERED
2023-01-03 10:08:47,140 [Listener at 127.0.0.1/33423] INFO  server.RaftServerConfigKeys (ConfUtils.java:logGet(46)) - raft.server.storage.dir = [/home/runner/work/ozone/ozone/hadoop-ozone/integration-test/target/test-dir/MiniOzoneClusterImpl-1bcd6b1f-11f6-453e-b314-ff0bb9fde82c/datanode-0/data/ratis] (custom)
2023-01-03 10:08:47,140 [2b04a8b1-164a-4310-98e7-450bb9581035-NettyServerStreamRpc-bossGroup--thread1] INFO  logging.LoggingHandler (AbstractInternalLogger.java:log(148)) - [id: 0x1fb0e456] BIND: 0.0.0.0/0.0.0.0:0
2023-01-03 10:08:47,140 [2b04a8b1-164a-4310-98e7-450bb9581035-NettyServerStreamRpc-bossGroup--thread1] INFO  logging.LoggingHandler (AbstractInternalLogger.java:log(148)) - [id: 0x1fb0e456, L:/0:0:0:0:0:0:0:0:40255] ACTIVE
2023-01-03 10:08:47,141 [Listener at 127.0.0.1/33423] INFO  server.XceiverServerGrpc (XceiverServerGrpc.java:<init>(132)) - GrpcServer channel type EpollServerSocketChannel
2023-01-03 10:08:47,145 [Listener at 127.0.0.1/33423] INFO  http.BaseHttpServer (BaseHttpServer.java:newHttpServer2BuilderForOzone(213)) - Starting Web-server for hddsDatanode at: http://0.0.0.0:0
2023-01-03 10:08:47,145 [Listener at 127.0.0.1/33423] INFO  http.BaseHttpServer (BaseHttpServer.java:<init>(108)) - Hadoop Security Enabled: false Ozone Security Enabled: false Ozone HTTP Security Enabled: false 
2023-01-03 10:08:47,146 [Listener at 127.0.0.1/33423] WARN  server.AuthenticationFilter (AuthenticationFilter.java:constructSecretProvider(240)) - Unable to initialize FileSignerSecretProvider, falling back to use random secrets. Reason: Could not read signature secret file: /home/runner/hadoop-http-auth-signature-secret
2023-01-03 10:08:47,146 [Listener at 127.0.0.1/33423] WARN  http.HttpRequestLog (HttpRequestLog.java:getRequestLog(103)) - Jetty request log can only be enabled using Log4j
2023-01-03 10:08:47,147 [Listener at 127.0.0.1/33423] INFO  http.HttpServer2 (HttpServer2.java:addGlobalFilter(1031)) - Added global filter 'safety' (class=org.apache.hadoop.hdds.server.http.HttpServer2$QuotingInputFilter)
2023-01-03 10:08:47,148 [Listener at 127.0.0.1/33423] INFO  http.HttpServer2 (HttpServer2.java:addFilter(1007)) - Added filter static_user_filter (class=org.apache.hadoop.http.lib.StaticUserWebFilter$StaticUserFilter) to context hddsDatanode
2023-01-03 10:08:47,148 [Listener at 127.0.0.1/33423] INFO  http.HttpServer2 (HttpServer2.java:addFilter(1015)) - Added filter static_user_filter (class=org.apache.hadoop.http.lib.StaticUserWebFilter$StaticUserFilter) to context logs
2023-01-03 10:08:47,148 [Listener at 127.0.0.1/33423] INFO  http.HttpServer2 (HttpServer2.java:addFilter(1015)) - Added filter static_user_filter (class=org.apache.hadoop.http.lib.StaticUserWebFilter$StaticUserFilter) to context static
2023-01-03 10:08:47,148 [Listener at 127.0.0.1/33423] INFO  http.HttpServer2 (HttpServer2.java:bindListener(1250)) - Jetty bound to port 36599
2023-01-03 10:08:47,148 [Listener at 127.0.0.1/33423] INFO  server.Server (Server.java:doStart(375)) - jetty-9.4.49.v20220914; built: 2022-09-14T01:07:36.601Z; git: 4231a3b2e4cb8548a412a789936d640a97b1aa0a; jvm 1.8.0_352-b08
2023-01-03 10:08:47,149 [Listener at 127.0.0.1/33423] INFO  server.session (DefaultSessionIdManager.java:doStart(334)) - DefaultSessionIdManager workerName=node0
2023-01-03 10:08:47,149 [Listener at 127.0.0.1/33423] INFO  server.session (DefaultSessionIdManager.java:doStart(339)) - No SessionScavenger set, using defaults
2023-01-03 10:08:47,149 [Listener at 127.0.0.1/33423] INFO  server.session (HouseKeeper.java:startScavenging(132)) - node0 Scavenging every 600000ms
2023-01-03 10:08:47,150 [Listener at 127.0.0.1/33423] INFO  handler.ContextHandler (ContextHandler.java:doStart(921)) - Started o.e.j.s.ServletContextHandler@5c779eb0{logs,/logs,file:///home/runner/work/ozone/ozone/hadoop-ozone/integration-test/target/log,AVAILABLE}
2023-01-03 10:08:47,150 [Listener at 127.0.0.1/33423] INFO  handler.ContextHandler (ContextHandler.java:doStart(921)) - Started o.e.j.s.ServletContextHandler@4e05911c{static,/static,jar:file:/home/runner/.m2/repository/org/apache/ozone/hdds-container-service/1.4.0-SNAPSHOT/hdds-container-service-1.4.0-SNAPSHOT.jar!/webapps/static,AVAILABLE}
2023-01-03 10:08:47,321 [Listener at 127.0.0.1/33423] INFO  handler.ContextHandler (ContextHandler.java:doStart(921)) - Started o.e.j.w.WebAppContext@cbcba73{hddsDatanode,/,file:///tmp/jetty-0_0_0_0-36599-hdds-container-service-1_4_0-SNAPSHOT_jar-_-any-5333663585245350786/webapp/,AVAILABLE}{jar:file:/home/runner/.m2/repository/org/apache/ozone/hdds-container-service/1.4.0-SNAPSHOT/hdds-container-service-1.4.0-SNAPSHOT.jar!/webapps/hddsDatanode}
2023-01-03 10:08:47,322 [Listener at 127.0.0.1/33423] INFO  server.AbstractConnector (AbstractConnector.java:doStart(333)) - Started ServerConnector@4b8d200f{HTTP/1.1, (http/1.1)}{0.0.0.0:36599}
2023-01-03 10:08:47,322 [Listener at 127.0.0.1/33423] INFO  server.Server (Server.java:doStart(415)) - Started @168112ms
2023-01-03 10:08:47,322 [Listener at 127.0.0.1/33423] WARN  impl.MetricsSystemImpl (MetricsSystemImpl.java:register(279)) - Sink prometheus already exists!
2023-01-03 10:08:47,323 [Listener at 127.0.0.1/33423] INFO  http.BaseHttpServer (BaseHttpServer.java:updateConnectorAddress(333)) - HTTP server of hddsDatanode listening at http://0.0.0.0:36599
2023-01-03 10:08:47,323 [Listener at 127.0.0.1/33423] WARN  impl.MetricRegistriesImpl (MetricRegistriesImpl.java:addReporterRegistration(111)) - New reporters are added after registries were created. Some metrics will be missing from the reporter. Please add reporter before adding any new registry.
2023-01-03 10:08:47,323 [Listener at 127.0.0.1/33423] WARN  impl.MetricRegistriesImpl (MetricRegistriesImpl.java:addReporterRegistration(111)) - New reporters are added after registries were created. Some metrics will be missing from the reporter. Please add reporter before adding any new registry.
2023-01-03 10:08:47,323 [Listener at 127.0.0.1/33423] INFO  impl.MetricsSystemImpl (MetricsSystemImpl.java:init(158)) - HddsDatanode metrics system started (again)
2023-01-03 10:08:47,323 [Datanode State Machine Daemon Thread] INFO  statemachine.DatanodeStateMachine (DatanodeStateMachine.java:lambda$startDaemon$0(508)) - Ozone container server started.
2023-01-03 10:08:47,341 [org.apache.hadoop.util.JvmPauseMonitor$Monitor@6c341bc] INFO  util.JvmPauseMonitor (JvmPauseMonitor.java:run(188)) - Starting JVM pause monitor
2023-01-03 10:08:47,345 [Datanode State Machine Task Thread - 0] INFO  datanode.InitDatanodeState (InitDatanodeState.java:persistContainerDatanodeDetails(138)) - DatanodeDetails is persisted to /home/runner/work/ozone/ozone/hadoop-ozone/integration-test/target/test-dir/MiniOzoneClusterImpl-1bcd6b1f-11f6-453e-b314-ff0bb9fde82c/datanode-0/meta/datanode.id
2023-01-03 10:08:47,346 [Listener at 127.0.0.1/33423] INFO  ozone.HddsDatanodeService (HddsDatanodeService.java:start(237)) - HddsDatanodeService host:fv-az292-374.tqgtyn10aqxuxoi0mkfbldi5vh.jx.internal.cloudapp.net ip:10.1.0.13
2023-01-03 10:08:47,364 [Listener at 127.0.0.1/33423] INFO  upgrade.AbstractLayoutVersionManager (AbstractLayoutVersionManager.java:init(83)) - Initializing Layout version manager with metadata layout = DATANODE_SCHEMA_V3 (version = 4), software layout = DATANODE_SCHEMA_V3 (version = 4)
2023-01-03 10:08:47,411 [Listener at 127.0.0.1/33423] INFO  reflections.Reflections (Reflections.java:scan(232)) - Reflections took 46 ms to scan 7 urls, producing 146 keys and 350 values 
2023-01-03 10:08:47,412 [Listener at 127.0.0.1/33423] INFO  statemachine.DatanodeStateMachine (DatanodeStateMachine.java:getEndPointTaskThreadPoolSize(248)) - Datanode State Machine Task Thread Pool size 2
2023-01-03 10:08:47,414 [Listener at 127.0.0.1/33423] INFO  volume.HddsVolume (HddsVolume.java:<init>(117)) - Creating HddsVolume: /home/runner/work/ozone/ozone/hadoop-ozone/integration-test/target/test-dir/MiniOzoneClusterImpl-1bcd6b1f-11f6-453e-b314-ff0bb9fde82c/datanode-1/data-0/containers/hdds of storage type : DISK capacity : 9223372036854775807
2023-01-03 10:08:47,414 [Listener at 127.0.0.1/33423] INFO  volume.MutableVolumeSet (MutableVolumeSet.java:initializeVolumeSet(174)) - Added Volume : /home/runner/work/ozone/ozone/hadoop-ozone/integration-test/target/test-dir/MiniOzoneClusterImpl-1bcd6b1f-11f6-453e-b314-ff0bb9fde82c/datanode-1/data-0/containers/hdds to VolumeSet
2023-01-03 10:08:47,414 [Listener at 127.0.0.1/33423] INFO  volume.ThrottledAsyncChecker (ThrottledAsyncChecker.java:schedule(141)) - Scheduling a check for /home/runner/work/ozone/ozone/hadoop-ozone/integration-test/target/test-dir/MiniOzoneClusterImpl-1bcd6b1f-11f6-453e-b314-ff0bb9fde82c/datanode-1/data-0/containers/hdds
2023-01-03 10:08:47,417 [Listener at 127.0.0.1/33423] INFO  volume.StorageVolumeChecker (StorageVolumeChecker.java:checkAllVolumes(202)) - Scheduled health check for volume /home/runner/work/ozone/ozone/hadoop-ozone/integration-test/target/test-dir/MiniOzoneClusterImpl-1bcd6b1f-11f6-453e-b314-ff0bb9fde82c/datanode-1/data-0/containers/hdds
2023-01-03 10:08:47,428 [Listener at 127.0.0.1/33423] INFO  volume.MutableVolumeSet (MutableVolumeSet.java:initializeVolumeSet(174)) - Added Volume : /home/runner/work/ozone/ozone/hadoop-ozone/integration-test/target/test-dir/MiniOzoneClusterImpl-1bcd6b1f-11f6-453e-b314-ff0bb9fde82c/datanode-1/data/ratis to VolumeSet
2023-01-03 10:08:47,428 [Listener at 127.0.0.1/33423] INFO  volume.ThrottledAsyncChecker (ThrottledAsyncChecker.java:schedule(141)) - Scheduling a check for /home/runner/work/ozone/ozone/hadoop-ozone/integration-test/target/test-dir/MiniOzoneClusterImpl-1bcd6b1f-11f6-453e-b314-ff0bb9fde82c/datanode-1/data/ratis
2023-01-03 10:08:47,428 [Listener at 127.0.0.1/33423] INFO  volume.StorageVolumeChecker (StorageVolumeChecker.java:checkAllVolumes(202)) - Scheduled health check for volume /home/runner/work/ozone/ozone/hadoop-ozone/integration-test/target/test-dir/MiniOzoneClusterImpl-1bcd6b1f-11f6-453e-b314-ff0bb9fde82c/datanode-1/data/ratis
2023-01-03 10:08:47,441 [Thread-1292] INFO  ozoneimpl.ContainerReader (ContainerReader.java:readVolume(175)) - Finish verifying containers on volume /home/runner/work/ozone/ozone/hadoop-ozone/integration-test/target/test-dir/MiniOzoneClusterImpl-1bcd6b1f-11f6-453e-b314-ff0bb9fde82c/datanode-1/data-0/containers/hdds
2023-01-03 10:08:47,441 [Listener at 127.0.0.1/33423] INFO  ozoneimpl.OzoneContainer (OzoneContainer.java:buildContainerSet(301)) - Build ContainerSet costs 0s
2023-01-03 10:08:47,444 [Listener at 127.0.0.1/33423] INFO  server.RaftServer (ConfUtils.java:logGet(46)) - raft.rpc.type = GRPC (default)
2023-01-03 10:08:47,444 [Listener at 127.0.0.1/33423] INFO  grpc.GrpcConfigKeys (ConfUtils.java:logFallback(53)) - raft.grpc.admin.host = null (fallback to raft.grpc.server.host)
2023-01-03 10:08:47,444 [Listener at 127.0.0.1/33423] INFO  grpc.GrpcConfigKeys (ConfUtils.java:logGet(46)) - raft.grpc.admin.port = 0 (custom)
2023-01-03 10:08:47,444 [Listener at 127.0.0.1/33423] INFO  grpc.GrpcConfigKeys (ConfUtils.java:logFallback(53)) - raft.grpc.client.host = null (fallback to raft.grpc.server.host)
2023-01-03 10:08:47,444 [Listener at 127.0.0.1/33423] INFO  grpc.GrpcConfigKeys (ConfUtils.java:logGet(46)) - raft.grpc.client.port = 0 (custom)
2023-01-03 10:08:47,444 [Listener at 127.0.0.1/33423] INFO  grpc.GrpcConfigKeys (ConfUtils.java:logGet(46)) - raft.grpc.server.host = null (default)
2023-01-03 10:08:47,444 [Listener at 127.0.0.1/33423] INFO  grpc.GrpcConfigKeys (ConfUtils.java:logGet(46)) - raft.grpc.server.port = 0 (default)
2023-01-03 10:08:47,445 [Listener at 127.0.0.1/33423] INFO  server.GrpcService (ConfUtils.java:logGet(46)) - raft.grpc.message.size.max = 32MB (=33554432) (custom)
2023-01-03 10:08:47,445 [Listener at 127.0.0.1/33423] INFO  server.RaftServerConfigKeys (ConfUtils.java:logGet(46)) - raft.server.log.appender.buffer.byte-limit = 33554432 (custom)
2023-01-03 10:08:47,445 [Listener at 127.0.0.1/33423] INFO  server.GrpcService (ConfUtils.java:logGet(46)) - raft.grpc.flow.control.window = 5MB (=5242880) (custom)
2023-01-03 10:08:47,445 [Listener at 127.0.0.1/33423] INFO  server.RaftServerConfigKeys (ConfUtils.java:logGet(46)) - raft.server.rpc.request.timeout = 60s (custom)
2023-01-03 10:08:47,445 [Listener at 127.0.0.1/33423] INFO  grpc.GrpcConfigKeys (ConfUtils.java:logGet(46)) - raft.grpc.server.heartbeat.channel = true (default)
2023-01-03 10:08:47,445 [Listener at 127.0.0.1/33423] INFO  grpc.GrpcConfigKeys (ConfUtils.java:logGet(46)) - raft.grpc.server.async.request.thread.pool.cached = true (default)
2023-01-03 10:08:47,445 [Listener at 127.0.0.1/33423] INFO  grpc.GrpcConfigKeys (ConfUtils.java:logGet(46)) - raft.grpc.server.async.request.thread.pool.size = 32 (default)
2023-01-03 10:08:47,446 [Listener at 127.0.0.1/33423] INFO  impl.DataStreamServerImpl (ConfUtils.java:logGet(46)) - raft.datastream.type = NETTY (custom)
2023-01-03 10:08:47,446 [Listener at 127.0.0.1/33423] INFO  server.RaftServerConfigKeys (ConfUtils.java:logGet(46)) - raft.server.data-stream.async.request.thread.pool.cached = false (default)
2023-01-03 10:08:47,446 [Listener at 127.0.0.1/33423] INFO  server.RaftServerConfigKeys (ConfUtils.java:logGet(46)) - raft.server.data-stream.async.request.thread.pool.size = 20 (custom)
2023-01-03 10:08:47,446 [Listener at 127.0.0.1/33423] INFO  server.RaftServerConfigKeys (ConfUtils.java:logGet(46)) - raft.server.data-stream.async.write.thread.pool.size = 16 (default)
2023-01-03 10:08:47,446 [Listener at 127.0.0.1/33423] INFO  server.RaftServerConfigKeys (ConfUtils.java:logGet(46)) - raft.server.data-stream.client.pool.size = 10 (default)
2023-01-03 10:08:47,446 [Listener at 127.0.0.1/33423] INFO  netty.NettyConfigKeys$DataStream (ConfUtils.java:logGet(46)) - raft.netty.dataStream.server.use-epoll = false (default)
2023-01-03 10:08:47,447 [Listener at 127.0.0.1/33423] INFO  netty.NettyConfigKeys$DataStream (ConfUtils.java:logGet(46)) - raft.netty.dataStream.server.boss-group.size = 0 (default)
2023-01-03 10:08:47,447 [Listener at 127.0.0.1/33423] INFO  netty.NettyConfigKeys$DataStream (ConfUtils.java:logGet(46)) - raft.netty.dataStream.server.worker-group.size = 0 (default)
2023-01-03 10:08:47,447 [Listener at 127.0.0.1/33423] INFO  netty.NettyConfigKeys$DataStream (ConfUtils.java:logGet(46)) - raft.netty.dataStream.server.tls.conf = null (default)
2023-01-03 10:08:47,447 [Listener at 127.0.0.1/33423] INFO  netty.NettyConfigKeys$DataStream (ConfUtils.java:logGet(46)) - raft.netty.dataStream.host = null (default)
2023-01-03 10:08:47,447 [Listener at 127.0.0.1/33423] INFO  netty.NettyConfigKeys$DataStream (ConfUtils.java:logGet(46)) - raft.netty.dataStream.port = 0 (default)
2023-01-03 10:08:47,448 [Listener at 127.0.0.1/33423] INFO  server.RaftServerConfigKeys (ConfUtils.java:logGet(46)) - raft.server.threadpool.proxy.cached = true (default)
2023-01-03 10:08:47,448 [Listener at 127.0.0.1/33423] INFO  server.RaftServerConfigKeys (ConfUtils.java:logGet(46)) - raft.server.threadpool.proxy.size = 0 (default)
2023-01-03 10:08:47,448 [Listener at 127.0.0.1/33423] INFO  server.RaftServerConfigKeys (ConfUtils.java:logGet(46)) - raft.server.rpc.slowness.timeout = 300s (custom)
2023-01-03 10:08:47,448 [Listener at 127.0.0.1/33423] INFO  server.RaftServerConfigKeys (ConfUtils.java:logGet(46)) - raft.server.leaderelection.leader.step-down.wait-time = 10s (default)
2023-01-03 10:08:47,448 [Listener at 127.0.0.1/33423] INFO  server.RaftServerConfigKeys (ConfUtils.java:logGet(46)) - raft.server.storage.dir = [/home/runner/work/ozone/ozone/hadoop-ozone/integration-test/target/test-dir/MiniOzoneClusterImpl-1bcd6b1f-11f6-453e-b314-ff0bb9fde82c/datanode-1/data/ratis] (custom)
2023-01-03 10:08:47,448 [79f3458c-2c66-4b3a-be39-3ff7abbb9f16-NettyServerStreamRpc-bossGroup--thread1] INFO  logging.LoggingHandler (AbstractInternalLogger.java:log(148)) - [id: 0x1a0b84ae] REGISTERED
2023-01-03 10:08:47,448 [79f3458c-2c66-4b3a-be39-3ff7abbb9f16-NettyServerStreamRpc-bossGroup--thread1] INFO  logging.LoggingHandler (AbstractInternalLogger.java:log(148)) - [id: 0x1a0b84ae] BIND: 0.0.0.0/0.0.0.0:0
2023-01-03 10:08:47,449 [79f3458c-2c66-4b3a-be39-3ff7abbb9f16-NettyServerStreamRpc-bossGroup--thread1] INFO  logging.LoggingHandler (AbstractInternalLogger.java:log(148)) - [id: 0x1a0b84ae, L:/0:0:0:0:0:0:0:0:36199] ACTIVE
2023-01-03 10:08:47,450 [Listener at 127.0.0.1/33423] INFO  server.XceiverServerGrpc (XceiverServerGrpc.java:<init>(132)) - GrpcServer channel type EpollServerSocketChannel
2023-01-03 10:08:47,453 [Listener at 127.0.0.1/33423] INFO  http.BaseHttpServer (BaseHttpServer.java:newHttpServer2BuilderForOzone(213)) - Starting Web-server for hddsDatanode at: http://0.0.0.0:0
2023-01-03 10:08:47,453 [Listener at 127.0.0.1/33423] INFO  http.BaseHttpServer (BaseHttpServer.java:<init>(108)) - Hadoop Security Enabled: false Ozone Security Enabled: false Ozone HTTP Security Enabled: false 
2023-01-03 10:08:47,454 [Listener at 127.0.0.1/33423] WARN  server.AuthenticationFilter (AuthenticationFilter.java:constructSecretProvider(240)) - Unable to initialize FileSignerSecretProvider, falling back to use random secrets. Reason: Could not read signature secret file: /home/runner/hadoop-http-auth-signature-secret
2023-01-03 10:08:47,456 [Listener at 127.0.0.1/33423] WARN  http.HttpRequestLog (HttpRequestLog.java:getRequestLog(103)) - Jetty request log can only be enabled using Log4j
2023-01-03 10:08:47,457 [Listener at 127.0.0.1/33423] INFO  http.HttpServer2 (HttpServer2.java:addGlobalFilter(1031)) - Added global filter 'safety' (class=org.apache.hadoop.hdds.server.http.HttpServer2$QuotingInputFilter)
2023-01-03 10:08:47,457 [Listener at 127.0.0.1/33423] INFO  http.HttpServer2 (HttpServer2.java:addFilter(1007)) - Added filter static_user_filter (class=org.apache.hadoop.http.lib.StaticUserWebFilter$StaticUserFilter) to context hddsDatanode
2023-01-03 10:08:47,457 [Listener at 127.0.0.1/33423] INFO  http.HttpServer2 (HttpServer2.java:addFilter(1015)) - Added filter static_user_filter (class=org.apache.hadoop.http.lib.StaticUserWebFilter$StaticUserFilter) to context logs
2023-01-03 10:08:47,457 [Listener at 127.0.0.1/33423] INFO  http.HttpServer2 (HttpServer2.java:addFilter(1015)) - Added filter static_user_filter (class=org.apache.hadoop.http.lib.StaticUserWebFilter$StaticUserFilter) to context static
2023-01-03 10:08:47,459 [Listener at 127.0.0.1/33423] INFO  http.HttpServer2 (HttpServer2.java:bindListener(1250)) - Jetty bound to port 45509
2023-01-03 10:08:47,459 [Listener at 127.0.0.1/33423] INFO  server.Server (Server.java:doStart(375)) - jetty-9.4.49.v20220914; built: 2022-09-14T01:07:36.601Z; git: 4231a3b2e4cb8548a412a789936d640a97b1aa0a; jvm 1.8.0_352-b08
2023-01-03 10:08:47,460 [Listener at 127.0.0.1/33423] INFO  server.session (DefaultSessionIdManager.java:doStart(334)) - DefaultSessionIdManager workerName=node0
2023-01-03 10:08:47,460 [Listener at 127.0.0.1/33423] INFO  server.session (DefaultSessionIdManager.java:doStart(339)) - No SessionScavenger set, using defaults
2023-01-03 10:08:47,460 [Listener at 127.0.0.1/33423] INFO  server.session (HouseKeeper.java:startScavenging(132)) - node0 Scavenging every 660000ms
2023-01-03 10:08:47,461 [Listener at 127.0.0.1/33423] INFO  handler.ContextHandler (ContextHandler.java:doStart(921)) - Started o.e.j.s.ServletContextHandler@50d519a1{logs,/logs,file:///home/runner/work/ozone/ozone/hadoop-ozone/integration-test/target/log,AVAILABLE}
2023-01-03 10:08:47,461 [Listener at 127.0.0.1/33423] INFO  handler.ContextHandler (ContextHandler.java:doStart(921)) - Started o.e.j.s.ServletContextHandler@66d1d247{static,/static,jar:file:/home/runner/.m2/repository/org/apache/ozone/hdds-container-service/1.4.0-SNAPSHOT/hdds-container-service-1.4.0-SNAPSHOT.jar!/webapps/static,AVAILABLE}
2023-01-03 10:08:47,636 [Listener at 127.0.0.1/33423] INFO  handler.ContextHandler (ContextHandler.java:doStart(921)) - Started o.e.j.w.WebAppContext@3bf09692{hddsDatanode,/,file:///tmp/jetty-0_0_0_0-45509-hdds-container-service-1_4_0-SNAPSHOT_jar-_-any-6241616182339225186/webapp/,AVAILABLE}{jar:file:/home/runner/.m2/repository/org/apache/ozone/hdds-container-service/1.4.0-SNAPSHOT/hdds-container-service-1.4.0-SNAPSHOT.jar!/webapps/hddsDatanode}
2023-01-03 10:08:47,637 [Listener at 127.0.0.1/33423] INFO  server.AbstractConnector (AbstractConnector.java:doStart(333)) - Started ServerConnector@14770cdc{HTTP/1.1, (http/1.1)}{0.0.0.0:45509}
2023-01-03 10:08:47,637 [Listener at 127.0.0.1/33423] INFO  server.Server (Server.java:doStart(415)) - Started @168427ms
2023-01-03 10:08:47,637 [Listener at 127.0.0.1/33423] WARN  impl.MetricsSystemImpl (MetricsSystemImpl.java:register(279)) - Sink prometheus already exists!
2023-01-03 10:08:47,638 [Listener at 127.0.0.1/33423] INFO  http.BaseHttpServer (BaseHttpServer.java:updateConnectorAddress(333)) - HTTP server of hddsDatanode listening at http://0.0.0.0:45509
2023-01-03 10:08:47,638 [Listener at 127.0.0.1/33423] WARN  impl.MetricRegistriesImpl (MetricRegistriesImpl.java:addReporterRegistration(111)) - New reporters are added after registries were created. Some metrics will be missing from the reporter. Please add reporter before adding any new registry.
2023-01-03 10:08:47,638 [Listener at 127.0.0.1/33423] WARN  impl.MetricRegistriesImpl (MetricRegistriesImpl.java:addReporterRegistration(111)) - New reporters are added after registries were created. Some metrics will be missing from the reporter. Please add reporter before adding any new registry.
2023-01-03 10:08:47,639 [Listener at 127.0.0.1/33423] INFO  impl.MetricsSystemImpl (MetricsSystemImpl.java:init(158)) - HddsDatanode metrics system started (again)
2023-01-03 10:08:47,645 [Datanode State Machine Daemon Thread] INFO  statemachine.DatanodeStateMachine (DatanodeStateMachine.java:lambda$startDaemon$0(508)) - Ozone container server started.
2023-01-03 10:08:47,653 [org.apache.hadoop.util.JvmPauseMonitor$Monitor@3e9c0ee] INFO  util.JvmPauseMonitor (JvmPauseMonitor.java:run(188)) - Starting JVM pause monitor
2023-01-03 10:08:47,657 [Datanode State Machine Task Thread - 0] INFO  datanode.InitDatanodeState (InitDatanodeState.java:persistContainerDatanodeDetails(138)) - DatanodeDetails is persisted to /home/runner/work/ozone/ozone/hadoop-ozone/integration-test/target/test-dir/MiniOzoneClusterImpl-1bcd6b1f-11f6-453e-b314-ff0bb9fde82c/datanode-1/meta/datanode.id
2023-01-03 10:08:47,658 [Listener at 127.0.0.1/33423] INFO  ozone.HddsDatanodeService (HddsDatanodeService.java:start(237)) - HddsDatanodeService host:fv-az292-374.tqgtyn10aqxuxoi0mkfbldi5vh.jx.internal.cloudapp.net ip:10.1.0.13
2023-01-03 10:08:47,677 [Listener at 127.0.0.1/33423] INFO  upgrade.AbstractLayoutVersionManager (AbstractLayoutVersionManager.java:init(83)) - Initializing Layout version manager with metadata layout = DATANODE_SCHEMA_V3 (version = 4), software layout = DATANODE_SCHEMA_V3 (version = 4)
2023-01-03 10:08:47,722 [Listener at 127.0.0.1/33423] INFO  reflections.Reflections (Reflections.java:scan(232)) - Reflections took 44 ms to scan 7 urls, producing 146 keys and 350 values 
2023-01-03 10:08:47,724 [Listener at 127.0.0.1/33423] INFO  statemachine.DatanodeStateMachine (DatanodeStateMachine.java:getEndPointTaskThreadPoolSize(248)) - Datanode State Machine Task Thread Pool size 2
2023-01-03 10:08:47,725 [Listener at 127.0.0.1/33423] INFO  volume.HddsVolume (HddsVolume.java:<init>(117)) - Creating HddsVolume: /home/runner/work/ozone/ozone/hadoop-ozone/integration-test/target/test-dir/MiniOzoneClusterImpl-1bcd6b1f-11f6-453e-b314-ff0bb9fde82c/datanode-2/data-0/containers/hdds of storage type : DISK capacity : 9223372036854775807
2023-01-03 10:08:47,725 [Listener at 127.0.0.1/33423] INFO  volume.MutableVolumeSet (MutableVolumeSet.java:initializeVolumeSet(174)) - Added Volume : /home/runner/work/ozone/ozone/hadoop-ozone/integration-test/target/test-dir/MiniOzoneClusterImpl-1bcd6b1f-11f6-453e-b314-ff0bb9fde82c/datanode-2/data-0/containers/hdds to VolumeSet
2023-01-03 10:08:47,725 [Listener at 127.0.0.1/33423] INFO  volume.ThrottledAsyncChecker (ThrottledAsyncChecker.java:schedule(141)) - Scheduling a check for /home/runner/work/ozone/ozone/hadoop-ozone/integration-test/target/test-dir/MiniOzoneClusterImpl-1bcd6b1f-11f6-453e-b314-ff0bb9fde82c/datanode-2/data-0/containers/hdds
2023-01-03 10:08:47,726 [Listener at 127.0.0.1/33423] INFO  volume.StorageVolumeChecker (StorageVolumeChecker.java:checkAllVolumes(202)) - Scheduled health check for volume /home/runner/work/ozone/ozone/hadoop-ozone/integration-test/target/test-dir/MiniOzoneClusterImpl-1bcd6b1f-11f6-453e-b314-ff0bb9fde82c/datanode-2/data-0/containers/hdds
2023-01-03 10:08:47,736 [Listener at 127.0.0.1/33423] INFO  volume.MutableVolumeSet (MutableVolumeSet.java:initializeVolumeSet(174)) - Added Volume : /home/runner/work/ozone/ozone/hadoop-ozone/integration-test/target/test-dir/MiniOzoneClusterImpl-1bcd6b1f-11f6-453e-b314-ff0bb9fde82c/datanode-2/data/ratis to VolumeSet
2023-01-03 10:08:47,736 [Listener at 127.0.0.1/33423] INFO  volume.ThrottledAsyncChecker (ThrottledAsyncChecker.java:schedule(141)) - Scheduling a check for /home/runner/work/ozone/ozone/hadoop-ozone/integration-test/target/test-dir/MiniOzoneClusterImpl-1bcd6b1f-11f6-453e-b314-ff0bb9fde82c/datanode-2/data/ratis
2023-01-03 10:08:47,736 [Listener at 127.0.0.1/33423] INFO  volume.StorageVolumeChecker (StorageVolumeChecker.java:checkAllVolumes(202)) - Scheduled health check for volume /home/runner/work/ozone/ozone/hadoop-ozone/integration-test/target/test-dir/MiniOzoneClusterImpl-1bcd6b1f-11f6-453e-b314-ff0bb9fde82c/datanode-2/data/ratis
2023-01-03 10:08:47,746 [Thread-1306] INFO  ozoneimpl.ContainerReader (ContainerReader.java:readVolume(175)) - Finish verifying containers on volume /home/runner/work/ozone/ozone/hadoop-ozone/integration-test/target/test-dir/MiniOzoneClusterImpl-1bcd6b1f-11f6-453e-b314-ff0bb9fde82c/datanode-2/data-0/containers/hdds
2023-01-03 10:08:47,746 [Listener at 127.0.0.1/33423] INFO  ozoneimpl.OzoneContainer (OzoneContainer.java:buildContainerSet(301)) - Build ContainerSet costs 0s
2023-01-03 10:08:47,748 [Listener at 127.0.0.1/33423] INFO  server.RaftServer (ConfUtils.java:logGet(46)) - raft.rpc.type = GRPC (default)
2023-01-03 10:08:47,748 [Listener at 127.0.0.1/33423] INFO  grpc.GrpcConfigKeys (ConfUtils.java:logFallback(53)) - raft.grpc.admin.host = null (fallback to raft.grpc.server.host)
2023-01-03 10:08:47,749 [Listener at 127.0.0.1/33423] INFO  grpc.GrpcConfigKeys (ConfUtils.java:logGet(46)) - raft.grpc.admin.port = 0 (custom)
2023-01-03 10:08:47,749 [Listener at 127.0.0.1/33423] INFO  grpc.GrpcConfigKeys (ConfUtils.java:logFallback(53)) - raft.grpc.client.host = null (fallback to raft.grpc.server.host)
2023-01-03 10:08:47,749 [Listener at 127.0.0.1/33423] INFO  grpc.GrpcConfigKeys (ConfUtils.java:logGet(46)) - raft.grpc.client.port = 0 (custom)
2023-01-03 10:08:47,749 [Listener at 127.0.0.1/33423] INFO  grpc.GrpcConfigKeys (ConfUtils.java:logGet(46)) - raft.grpc.server.host = null (default)
2023-01-03 10:08:47,749 [Listener at 127.0.0.1/33423] INFO  grpc.GrpcConfigKeys (ConfUtils.java:logGet(46)) - raft.grpc.server.port = 0 (default)
2023-01-03 10:08:47,749 [Listener at 127.0.0.1/33423] INFO  server.GrpcService (ConfUtils.java:logGet(46)) - raft.grpc.message.size.max = 32MB (=33554432) (custom)
2023-01-03 10:08:47,749 [Listener at 127.0.0.1/33423] INFO  server.RaftServerConfigKeys (ConfUtils.java:logGet(46)) - raft.server.log.appender.buffer.byte-limit = 33554432 (custom)
2023-01-03 10:08:47,749 [Listener at 127.0.0.1/33423] INFO  server.GrpcService (ConfUtils.java:logGet(46)) - raft.grpc.flow.control.window = 5MB (=5242880) (custom)
2023-01-03 10:08:47,749 [Listener at 127.0.0.1/33423] INFO  server.RaftServerConfigKeys (ConfUtils.java:logGet(46)) - raft.server.rpc.request.timeout = 60s (custom)
2023-01-03 10:08:47,749 [Listener at 127.0.0.1/33423] INFO  grpc.GrpcConfigKeys (ConfUtils.java:logGet(46)) - raft.grpc.server.heartbeat.channel = true (default)
2023-01-03 10:08:47,749 [Listener at 127.0.0.1/33423] INFO  grpc.GrpcConfigKeys (ConfUtils.java:logGet(46)) - raft.grpc.server.async.request.thread.pool.cached = true (default)
2023-01-03 10:08:47,750 [Listener at 127.0.0.1/33423] INFO  grpc.GrpcConfigKeys (ConfUtils.java:logGet(46)) - raft.grpc.server.async.request.thread.pool.size = 32 (default)
2023-01-03 10:08:47,750 [Listener at 127.0.0.1/33423] INFO  impl.DataStreamServerImpl (ConfUtils.java:logGet(46)) - raft.datastream.type = NETTY (custom)
2023-01-03 10:08:47,750 [Listener at 127.0.0.1/33423] INFO  server.RaftServerConfigKeys (ConfUtils.java:logGet(46)) - raft.server.data-stream.async.request.thread.pool.cached = false (default)
2023-01-03 10:08:47,751 [Listener at 127.0.0.1/33423] INFO  server.RaftServerConfigKeys (ConfUtils.java:logGet(46)) - raft.server.data-stream.async.request.thread.pool.size = 20 (custom)
2023-01-03 10:08:47,751 [Listener at 127.0.0.1/33423] INFO  server.RaftServerConfigKeys (ConfUtils.java:logGet(46)) - raft.server.data-stream.async.write.thread.pool.size = 16 (default)
2023-01-03 10:08:47,751 [Listener at 127.0.0.1/33423] INFO  server.RaftServerConfigKeys (ConfUtils.java:logGet(46)) - raft.server.data-stream.client.pool.size = 10 (default)
2023-01-03 10:08:47,751 [Listener at 127.0.0.1/33423] INFO  netty.NettyConfigKeys$DataStream (ConfUtils.java:logGet(46)) - raft.netty.dataStream.server.use-epoll = false (default)
2023-01-03 10:08:47,751 [Listener at 127.0.0.1/33423] INFO  netty.NettyConfigKeys$DataStream (ConfUtils.java:logGet(46)) - raft.netty.dataStream.server.boss-group.size = 0 (default)
2023-01-03 10:08:47,751 [Listener at 127.0.0.1/33423] INFO  netty.NettyConfigKeys$DataStream (ConfUtils.java:logGet(46)) - raft.netty.dataStream.server.worker-group.size = 0 (default)
2023-01-03 10:08:47,752 [Listener at 127.0.0.1/33423] INFO  netty.NettyConfigKeys$DataStream (ConfUtils.java:logGet(46)) - raft.netty.dataStream.server.tls.conf = null (default)
2023-01-03 10:08:47,752 [Listener at 127.0.0.1/33423] INFO  netty.NettyConfigKeys$DataStream (ConfUtils.java:logGet(46)) - raft.netty.dataStream.host = null (default)
2023-01-03 10:08:47,752 [Listener at 127.0.0.1/33423] INFO  netty.NettyConfigKeys$DataStream (ConfUtils.java:logGet(46)) - raft.netty.dataStream.port = 0 (default)
2023-01-03 10:08:47,753 [Listener at 127.0.0.1/33423] INFO  server.RaftServerConfigKeys (ConfUtils.java:logGet(46)) - raft.server.threadpool.proxy.cached = true (default)
2023-01-03 10:08:47,753 [Listener at 127.0.0.1/33423] INFO  server.RaftServerConfigKeys (ConfUtils.java:logGet(46)) - raft.server.threadpool.proxy.size = 0 (default)
2023-01-03 10:08:47,753 [Listener at 127.0.0.1/33423] INFO  server.RaftServerConfigKeys (ConfUtils.java:logGet(46)) - raft.server.rpc.slowness.timeout = 300s (custom)
2023-01-03 10:08:47,754 [Listener at 127.0.0.1/33423] INFO  server.RaftServerConfigKeys (ConfUtils.java:logGet(46)) - raft.server.leaderelection.leader.step-down.wait-time = 10s (default)
2023-01-03 10:08:47,754 [Listener at 127.0.0.1/33423] INFO  server.RaftServerConfigKeys (ConfUtils.java:logGet(46)) - raft.server.storage.dir = [/home/runner/work/ozone/ozone/hadoop-ozone/integration-test/target/test-dir/MiniOzoneClusterImpl-1bcd6b1f-11f6-453e-b314-ff0bb9fde82c/datanode-2/data/ratis] (custom)
2023-01-03 10:08:47,754 [5f4e8170-34f9-42fb-8ea2-3b8d58ff5808-NettyServerStreamRpc-bossGroup--thread1] INFO  logging.LoggingHandler (AbstractInternalLogger.java:log(148)) - [id: 0x8241e336] REGISTERED
2023-01-03 10:08:47,754 [5f4e8170-34f9-42fb-8ea2-3b8d58ff5808-NettyServerStreamRpc-bossGroup--thread1] INFO  logging.LoggingHandler (AbstractInternalLogger.java:log(148)) - [id: 0x8241e336] BIND: 0.0.0.0/0.0.0.0:0
2023-01-03 10:08:47,754 [5f4e8170-34f9-42fb-8ea2-3b8d58ff5808-NettyServerStreamRpc-bossGroup--thread1] INFO  logging.LoggingHandler (AbstractInternalLogger.java:log(148)) - [id: 0x8241e336, L:/0:0:0:0:0:0:0:0:42261] ACTIVE
2023-01-03 10:08:47,758 [Listener at 127.0.0.1/33423] INFO  server.XceiverServerGrpc (XceiverServerGrpc.java:<init>(132)) - GrpcServer channel type EpollServerSocketChannel
2023-01-03 10:08:47,762 [Listener at 127.0.0.1/33423] INFO  http.BaseHttpServer (BaseHttpServer.java:newHttpServer2BuilderForOzone(213)) - Starting Web-server for hddsDatanode at: http://0.0.0.0:0
2023-01-03 10:08:47,762 [Listener at 127.0.0.1/33423] INFO  http.BaseHttpServer (BaseHttpServer.java:<init>(108)) - Hadoop Security Enabled: false Ozone Security Enabled: false Ozone HTTP Security Enabled: false 
2023-01-03 10:08:47,763 [Listener at 127.0.0.1/33423] WARN  server.AuthenticationFilter (AuthenticationFilter.java:constructSecretProvider(240)) - Unable to initialize FileSignerSecretProvider, falling back to use random secrets. Reason: Could not read signature secret file: /home/runner/hadoop-http-auth-signature-secret
2023-01-03 10:08:47,764 [Listener at 127.0.0.1/33423] WARN  http.HttpRequestLog (HttpRequestLog.java:getRequestLog(103)) - Jetty request log can only be enabled using Log4j
2023-01-03 10:08:47,764 [Listener at 127.0.0.1/33423] INFO  http.HttpServer2 (HttpServer2.java:addGlobalFilter(1031)) - Added global filter 'safety' (class=org.apache.hadoop.hdds.server.http.HttpServer2$QuotingInputFilter)
2023-01-03 10:08:47,765 [Listener at 127.0.0.1/33423] INFO  http.HttpServer2 (HttpServer2.java:addFilter(1007)) - Added filter static_user_filter (class=org.apache.hadoop.http.lib.StaticUserWebFilter$StaticUserFilter) to context hddsDatanode
2023-01-03 10:08:47,765 [Listener at 127.0.0.1/33423] INFO  http.HttpServer2 (HttpServer2.java:addFilter(1015)) - Added filter static_user_filter (class=org.apache.hadoop.http.lib.StaticUserWebFilter$StaticUserFilter) to context logs
2023-01-03 10:08:47,765 [Listener at 127.0.0.1/33423] INFO  http.HttpServer2 (HttpServer2.java:addFilter(1015)) - Added filter static_user_filter (class=org.apache.hadoop.http.lib.StaticUserWebFilter$StaticUserFilter) to context static
2023-01-03 10:08:47,765 [Listener at 127.0.0.1/33423] INFO  http.HttpServer2 (HttpServer2.java:bindListener(1250)) - Jetty bound to port 39651
2023-01-03 10:08:47,766 [Listener at 127.0.0.1/33423] INFO  server.Server (Server.java:doStart(375)) - jetty-9.4.49.v20220914; built: 2022-09-14T01:07:36.601Z; git: 4231a3b2e4cb8548a412a789936d640a97b1aa0a; jvm 1.8.0_352-b08
2023-01-03 10:08:47,769 [Listener at 127.0.0.1/33423] INFO  server.session (DefaultSessionIdManager.java:doStart(334)) - DefaultSessionIdManager workerName=node0
2023-01-03 10:08:47,769 [Listener at 127.0.0.1/33423] INFO  server.session (DefaultSessionIdManager.java:doStart(339)) - No SessionScavenger set, using defaults
2023-01-03 10:08:47,769 [Listener at 127.0.0.1/33423] INFO  server.session (HouseKeeper.java:startScavenging(132)) - node0 Scavenging every 600000ms
2023-01-03 10:08:47,770 [Listener at 127.0.0.1/33423] INFO  handler.ContextHandler (ContextHandler.java:doStart(921)) - Started o.e.j.s.ServletContextHandler@1868b01{logs,/logs,file:///home/runner/work/ozone/ozone/hadoop-ozone/integration-test/target/log,AVAILABLE}
2023-01-03 10:08:47,770 [Listener at 127.0.0.1/33423] INFO  handler.ContextHandler (ContextHandler.java:doStart(921)) - Started o.e.j.s.ServletContextHandler@5434c32a{static,/static,jar:file:/home/runner/.m2/repository/org/apache/ozone/hdds-container-service/1.4.0-SNAPSHOT/hdds-container-service-1.4.0-SNAPSHOT.jar!/webapps/static,AVAILABLE}
2023-01-03 10:08:47,940 [Listener at 127.0.0.1/33423] INFO  handler.ContextHandler (ContextHandler.java:doStart(921)) - Started o.e.j.w.WebAppContext@60262f0b{hddsDatanode,/,file:///tmp/jetty-0_0_0_0-39651-hdds-container-service-1_4_0-SNAPSHOT_jar-_-any-2891898238299471258/webapp/,AVAILABLE}{jar:file:/home/runner/.m2/repository/org/apache/ozone/hdds-container-service/1.4.0-SNAPSHOT/hdds-container-service-1.4.0-SNAPSHOT.jar!/webapps/hddsDatanode}
2023-01-03 10:08:47,941 [Listener at 127.0.0.1/33423] INFO  server.AbstractConnector (AbstractConnector.java:doStart(333)) - Started ServerConnector@12055ede{HTTP/1.1, (http/1.1)}{0.0.0.0:39651}
2023-01-03 10:08:47,942 [Listener at 127.0.0.1/33423] INFO  server.Server (Server.java:doStart(415)) - Started @168731ms
2023-01-03 10:08:47,942 [Listener at 127.0.0.1/33423] WARN  impl.MetricsSystemImpl (MetricsSystemImpl.java:register(279)) - Sink prometheus already exists!
2023-01-03 10:08:47,942 [Listener at 127.0.0.1/33423] INFO  http.BaseHttpServer (BaseHttpServer.java:updateConnectorAddress(333)) - HTTP server of hddsDatanode listening at http://0.0.0.0:39651
2023-01-03 10:08:47,942 [Datanode State Machine Daemon Thread] INFO  statemachine.DatanodeStateMachine (DatanodeStateMachine.java:lambda$startDaemon$0(508)) - Ozone container server started.
2023-01-03 10:08:47,942 [Listener at 127.0.0.1/33423] WARN  impl.MetricRegistriesImpl (MetricRegistriesImpl.java:addReporterRegistration(111)) - New reporters are added after registries were created. Some metrics will be missing from the reporter. Please add reporter before adding any new registry.
2023-01-03 10:08:47,943 [Listener at 127.0.0.1/33423] WARN  impl.MetricRegistriesImpl (MetricRegistriesImpl.java:addReporterRegistration(111)) - New reporters are added after registries were created. Some metrics will be missing from the reporter. Please add reporter before adding any new registry.
2023-01-03 10:08:47,943 [Listener at 127.0.0.1/33423] INFO  impl.MetricsSystemImpl (MetricsSystemImpl.java:init(158)) - HddsDatanode metrics system started (again)
2023-01-03 10:08:47,963 [org.apache.hadoop.util.JvmPauseMonitor$Monitor@457c498] INFO  util.JvmPauseMonitor (JvmPauseMonitor.java:run(188)) - Starting JVM pause monitor
2023-01-03 10:08:47,964 [Datanode State Machine Task Thread - 0] INFO  datanode.InitDatanodeState (InitDatanodeState.java:persistContainerDatanodeDetails(138)) - DatanodeDetails is persisted to /home/runner/work/ozone/ozone/hadoop-ozone/integration-test/target/test-dir/MiniOzoneClusterImpl-1bcd6b1f-11f6-453e-b314-ff0bb9fde82c/datanode-2/meta/datanode.id
2023-01-03 10:08:47,965 [Listener at 127.0.0.1/33423] INFO  ozone.HddsDatanodeService (HddsDatanodeService.java:start(237)) - HddsDatanodeService host:fv-az292-374.tqgtyn10aqxuxoi0mkfbldi5vh.jx.internal.cloudapp.net ip:10.1.0.13
2023-01-03 10:08:47,988 [Listener at 127.0.0.1/33423] INFO  upgrade.AbstractLayoutVersionManager (AbstractLayoutVersionManager.java:init(83)) - Initializing Layout version manager with metadata layout = DATANODE_SCHEMA_V3 (version = 4), software layout = DATANODE_SCHEMA_V3 (version = 4)
2023-01-03 10:08:48,031 [Listener at 127.0.0.1/33423] INFO  reflections.Reflections (Reflections.java:scan(232)) - Reflections took 42 ms to scan 7 urls, producing 146 keys and 350 values 
2023-01-03 10:08:48,036 [Listener at 127.0.0.1/33423] INFO  statemachine.DatanodeStateMachine (DatanodeStateMachine.java:getEndPointTaskThreadPoolSize(248)) - Datanode State Machine Task Thread Pool size 2
2023-01-03 10:08:48,039 [Listener at 127.0.0.1/33423] INFO  volume.HddsVolume (HddsVolume.java:<init>(117)) - Creating HddsVolume: /home/runner/work/ozone/ozone/hadoop-ozone/integration-test/target/test-dir/MiniOzoneClusterImpl-1bcd6b1f-11f6-453e-b314-ff0bb9fde82c/datanode-3/data-0/containers/hdds of storage type : DISK capacity : 9223372036854775807
2023-01-03 10:08:48,039 [Listener at 127.0.0.1/33423] INFO  volume.MutableVolumeSet (MutableVolumeSet.java:initializeVolumeSet(174)) - Added Volume : /home/runner/work/ozone/ozone/hadoop-ozone/integration-test/target/test-dir/MiniOzoneClusterImpl-1bcd6b1f-11f6-453e-b314-ff0bb9fde82c/datanode-3/data-0/containers/hdds to VolumeSet
2023-01-03 10:08:48,039 [Listener at 127.0.0.1/33423] INFO  volume.ThrottledAsyncChecker (ThrottledAsyncChecker.java:schedule(141)) - Scheduling a check for /home/runner/work/ozone/ozone/hadoop-ozone/integration-test/target/test-dir/MiniOzoneClusterImpl-1bcd6b1f-11f6-453e-b314-ff0bb9fde82c/datanode-3/data-0/containers/hdds
2023-01-03 10:08:48,039 [Listener at 127.0.0.1/33423] INFO  volume.StorageVolumeChecker (StorageVolumeChecker.java:checkAllVolumes(202)) - Scheduled health check for volume /home/runner/work/ozone/ozone/hadoop-ozone/integration-test/target/test-dir/MiniOzoneClusterImpl-1bcd6b1f-11f6-453e-b314-ff0bb9fde82c/datanode-3/data-0/containers/hdds
2023-01-03 10:08:48,051 [Listener at 127.0.0.1/33423] INFO  volume.MutableVolumeSet (MutableVolumeSet.java:initializeVolumeSet(174)) - Added Volume : /home/runner/work/ozone/ozone/hadoop-ozone/integration-test/target/test-dir/MiniOzoneClusterImpl-1bcd6b1f-11f6-453e-b314-ff0bb9fde82c/datanode-3/data/ratis to VolumeSet
2023-01-03 10:08:48,052 [Listener at 127.0.0.1/33423] INFO  volume.ThrottledAsyncChecker (ThrottledAsyncChecker.java:schedule(141)) - Scheduling a check for /home/runner/work/ozone/ozone/hadoop-ozone/integration-test/target/test-dir/MiniOzoneClusterImpl-1bcd6b1f-11f6-453e-b314-ff0bb9fde82c/datanode-3/data/ratis
2023-01-03 10:08:48,052 [Listener at 127.0.0.1/33423] INFO  volume.StorageVolumeChecker (StorageVolumeChecker.java:checkAllVolumes(202)) - Scheduled health check for volume /home/runner/work/ozone/ozone/hadoop-ozone/integration-test/target/test-dir/MiniOzoneClusterImpl-1bcd6b1f-11f6-453e-b314-ff0bb9fde82c/datanode-3/data/ratis
2023-01-03 10:08:48,063 [Thread-1320] INFO  ozoneimpl.ContainerReader (ContainerReader.java:readVolume(175)) - Finish verifying containers on volume /home/runner/work/ozone/ozone/hadoop-ozone/integration-test/target/test-dir/MiniOzoneClusterImpl-1bcd6b1f-11f6-453e-b314-ff0bb9fde82c/datanode-3/data-0/containers/hdds
2023-01-03 10:08:48,064 [Listener at 127.0.0.1/33423] INFO  ozoneimpl.OzoneContainer (OzoneContainer.java:buildContainerSet(301)) - Build ContainerSet costs 0s
2023-01-03 10:08:48,068 [Listener at 127.0.0.1/33423] INFO  server.RaftServer (ConfUtils.java:logGet(46)) - raft.rpc.type = GRPC (default)
2023-01-03 10:08:48,068 [Listener at 127.0.0.1/33423] INFO  grpc.GrpcConfigKeys (ConfUtils.java:logFallback(53)) - raft.grpc.admin.host = null (fallback to raft.grpc.server.host)
2023-01-03 10:08:48,068 [Listener at 127.0.0.1/33423] INFO  grpc.GrpcConfigKeys (ConfUtils.java:logGet(46)) - raft.grpc.admin.port = 0 (custom)
2023-01-03 10:08:48,068 [Listener at 127.0.0.1/33423] INFO  grpc.GrpcConfigKeys (ConfUtils.java:logFallback(53)) - raft.grpc.client.host = null (fallback to raft.grpc.server.host)
2023-01-03 10:08:48,068 [Listener at 127.0.0.1/33423] INFO  grpc.GrpcConfigKeys (ConfUtils.java:logGet(46)) - raft.grpc.client.port = 0 (custom)
2023-01-03 10:08:48,069 [Listener at 127.0.0.1/33423] INFO  grpc.GrpcConfigKeys (ConfUtils.java:logGet(46)) - raft.grpc.server.host = null (default)
2023-01-03 10:08:48,069 [Listener at 127.0.0.1/33423] INFO  grpc.GrpcConfigKeys (ConfUtils.java:logGet(46)) - raft.grpc.server.port = 0 (default)
2023-01-03 10:08:48,069 [Listener at 127.0.0.1/33423] INFO  server.GrpcService (ConfUtils.java:logGet(46)) - raft.grpc.message.size.max = 32MB (=33554432) (custom)
2023-01-03 10:08:48,069 [Listener at 127.0.0.1/33423] INFO  server.RaftServerConfigKeys (ConfUtils.java:logGet(46)) - raft.server.log.appender.buffer.byte-limit = 33554432 (custom)
2023-01-03 10:08:48,069 [Listener at 127.0.0.1/33423] INFO  server.GrpcService (ConfUtils.java:logGet(46)) - raft.grpc.flow.control.window = 5MB (=5242880) (custom)
2023-01-03 10:08:48,069 [Listener at 127.0.0.1/33423] INFO  server.RaftServerConfigKeys (ConfUtils.java:logGet(46)) - raft.server.rpc.request.timeout = 60s (custom)
2023-01-03 10:08:48,069 [Listener at 127.0.0.1/33423] INFO  grpc.GrpcConfigKeys (ConfUtils.java:logGet(46)) - raft.grpc.server.heartbeat.channel = true (default)
2023-01-03 10:08:48,069 [Listener at 127.0.0.1/33423] INFO  grpc.GrpcConfigKeys (ConfUtils.java:logGet(46)) - raft.grpc.server.async.request.thread.pool.cached = true (default)
2023-01-03 10:08:48,069 [Listener at 127.0.0.1/33423] INFO  grpc.GrpcConfigKeys (ConfUtils.java:logGet(46)) - raft.grpc.server.async.request.thread.pool.size = 32 (default)
2023-01-03 10:08:48,070 [Listener at 127.0.0.1/33423] INFO  impl.DataStreamServerImpl (ConfUtils.java:logGet(46)) - raft.datastream.type = NETTY (custom)
2023-01-03 10:08:48,070 [Listener at 127.0.0.1/33423] INFO  server.RaftServerConfigKeys (ConfUtils.java:logGet(46)) - raft.server.data-stream.async.request.thread.pool.cached = false (default)
2023-01-03 10:08:48,071 [Listener at 127.0.0.1/33423] INFO  server.RaftServerConfigKeys (ConfUtils.java:logGet(46)) - raft.server.data-stream.async.request.thread.pool.size = 20 (custom)
2023-01-03 10:08:48,071 [Listener at 127.0.0.1/33423] INFO  server.RaftServerConfigKeys (ConfUtils.java:logGet(46)) - raft.server.data-stream.async.write.thread.pool.size = 16 (default)
2023-01-03 10:08:48,071 [Listener at 127.0.0.1/33423] INFO  server.RaftServerConfigKeys (ConfUtils.java:logGet(46)) - raft.server.data-stream.client.pool.size = 10 (default)
2023-01-03 10:08:48,071 [Listener at 127.0.0.1/33423] INFO  netty.NettyConfigKeys$DataStream (ConfUtils.java:logGet(46)) - raft.netty.dataStream.server.use-epoll = false (default)
2023-01-03 10:08:48,071 [Listener at 127.0.0.1/33423] INFO  netty.NettyConfigKeys$DataStream (ConfUtils.java:logGet(46)) - raft.netty.dataStream.server.boss-group.size = 0 (default)
2023-01-03 10:08:48,071 [Listener at 127.0.0.1/33423] INFO  netty.NettyConfigKeys$DataStream (ConfUtils.java:logGet(46)) - raft.netty.dataStream.server.worker-group.size = 0 (default)
2023-01-03 10:08:48,073 [Listener at 127.0.0.1/33423] INFO  netty.NettyConfigKeys$DataStream (ConfUtils.java:logGet(46)) - raft.netty.dataStream.server.tls.conf = null (default)
2023-01-03 10:08:48,073 [Listener at 127.0.0.1/33423] INFO  netty.NettyConfigKeys$DataStream (ConfUtils.java:logGet(46)) - raft.netty.dataStream.host = null (default)
2023-01-03 10:08:48,073 [Listener at 127.0.0.1/33423] INFO  netty.NettyConfigKeys$DataStream (ConfUtils.java:logGet(46)) - raft.netty.dataStream.port = 0 (default)
2023-01-03 10:08:48,073 [Listener at 127.0.0.1/33423] INFO  server.RaftServerConfigKeys (ConfUtils.java:logGet(46)) - raft.server.threadpool.proxy.cached = true (default)
2023-01-03 10:08:48,073 [Listener at 127.0.0.1/33423] INFO  server.RaftServerConfigKeys (ConfUtils.java:logGet(46)) - raft.server.threadpool.proxy.size = 0 (default)
2023-01-03 10:08:48,075 [Listener at 127.0.0.1/33423] INFO  server.RaftServerConfigKeys (ConfUtils.java:logGet(46)) - raft.server.rpc.slowness.timeout = 300s (custom)
2023-01-03 10:08:48,075 [Listener at 127.0.0.1/33423] INFO  server.RaftServerConfigKeys (ConfUtils.java:logGet(46)) - raft.server.leaderelection.leader.step-down.wait-time = 10s (default)
2023-01-03 10:08:48,075 [Listener at 127.0.0.1/33423] INFO  server.RaftServerConfigKeys (ConfUtils.java:logGet(46)) - raft.server.storage.dir = [/home/runner/work/ozone/ozone/hadoop-ozone/integration-test/target/test-dir/MiniOzoneClusterImpl-1bcd6b1f-11f6-453e-b314-ff0bb9fde82c/datanode-3/data/ratis] (custom)
2023-01-03 10:08:48,074 [d48ece42-6afd-4397-aae1-ec0ffb2cc7c4-NettyServerStreamRpc-bossGroup--thread1] INFO  logging.LoggingHandler (AbstractInternalLogger.java:log(148)) - [id: 0x1bda8c59] REGISTERED
2023-01-03 10:08:48,075 [d48ece42-6afd-4397-aae1-ec0ffb2cc7c4-NettyServerStreamRpc-bossGroup--thread1] INFO  logging.LoggingHandler (AbstractInternalLogger.java:log(148)) - [id: 0x1bda8c59] BIND: 0.0.0.0/0.0.0.0:0
2023-01-03 10:08:48,076 [d48ece42-6afd-4397-aae1-ec0ffb2cc7c4-NettyServerStreamRpc-bossGroup--thread1] INFO  logging.LoggingHandler (AbstractInternalLogger.java:log(148)) - [id: 0x1bda8c59, L:/0:0:0:0:0:0:0:0:37501] ACTIVE
2023-01-03 10:08:48,077 [Listener at 127.0.0.1/33423] INFO  server.XceiverServerGrpc (XceiverServerGrpc.java:<init>(132)) - GrpcServer channel type EpollServerSocketChannel
2023-01-03 10:08:48,083 [Listener at 127.0.0.1/33423] INFO  http.BaseHttpServer (BaseHttpServer.java:newHttpServer2BuilderForOzone(213)) - Starting Web-server for hddsDatanode at: http://0.0.0.0:0
2023-01-03 10:08:48,083 [Listener at 127.0.0.1/33423] INFO  http.BaseHttpServer (BaseHttpServer.java:<init>(108)) - Hadoop Security Enabled: false Ozone Security Enabled: false Ozone HTTP Security Enabled: false 
2023-01-03 10:08:48,084 [Listener at 127.0.0.1/33423] WARN  server.AuthenticationFilter (AuthenticationFilter.java:constructSecretProvider(240)) - Unable to initialize FileSignerSecretProvider, falling back to use random secrets. Reason: Could not read signature secret file: /home/runner/hadoop-http-auth-signature-secret
2023-01-03 10:08:48,084 [Listener at 127.0.0.1/33423] WARN  http.HttpRequestLog (HttpRequestLog.java:getRequestLog(103)) - Jetty request log can only be enabled using Log4j
2023-01-03 10:08:48,085 [Listener at 127.0.0.1/33423] INFO  http.HttpServer2 (HttpServer2.java:addGlobalFilter(1031)) - Added global filter 'safety' (class=org.apache.hadoop.hdds.server.http.HttpServer2$QuotingInputFilter)
2023-01-03 10:08:48,086 [Listener at 127.0.0.1/33423] INFO  http.HttpServer2 (HttpServer2.java:addFilter(1007)) - Added filter static_user_filter (class=org.apache.hadoop.http.lib.StaticUserWebFilter$StaticUserFilter) to context hddsDatanode
2023-01-03 10:08:48,086 [Listener at 127.0.0.1/33423] INFO  http.HttpServer2 (HttpServer2.java:addFilter(1015)) - Added filter static_user_filter (class=org.apache.hadoop.http.lib.StaticUserWebFilter$StaticUserFilter) to context static
2023-01-03 10:08:48,086 [Listener at 127.0.0.1/33423] INFO  http.HttpServer2 (HttpServer2.java:addFilter(1015)) - Added filter static_user_filter (class=org.apache.hadoop.http.lib.StaticUserWebFilter$StaticUserFilter) to context logs
2023-01-03 10:08:48,086 [Listener at 127.0.0.1/33423] INFO  http.HttpServer2 (HttpServer2.java:bindListener(1250)) - Jetty bound to port 38365
2023-01-03 10:08:48,086 [Listener at 127.0.0.1/33423] INFO  server.Server (Server.java:doStart(375)) - jetty-9.4.49.v20220914; built: 2022-09-14T01:07:36.601Z; git: 4231a3b2e4cb8548a412a789936d640a97b1aa0a; jvm 1.8.0_352-b08
2023-01-03 10:08:48,087 [Listener at 127.0.0.1/33423] INFO  server.session (DefaultSessionIdManager.java:doStart(334)) - DefaultSessionIdManager workerName=node0
2023-01-03 10:08:48,088 [Listener at 127.0.0.1/33423] INFO  server.session (DefaultSessionIdManager.java:doStart(339)) - No SessionScavenger set, using defaults
2023-01-03 10:08:48,088 [Listener at 127.0.0.1/33423] INFO  server.session (HouseKeeper.java:startScavenging(132)) - node0 Scavenging every 660000ms
2023-01-03 10:08:48,088 [Listener at 127.0.0.1/33423] INFO  handler.ContextHandler (ContextHandler.java:doStart(921)) - Started o.e.j.s.ServletContextHandler@5ffb815c{logs,/logs,file:///home/runner/work/ozone/ozone/hadoop-ozone/integration-test/target/log,AVAILABLE}
2023-01-03 10:08:48,088 [Listener at 127.0.0.1/33423] INFO  handler.ContextHandler (ContextHandler.java:doStart(921)) - Started o.e.j.s.ServletContextHandler@d24d910{static,/static,jar:file:/home/runner/.m2/repository/org/apache/ozone/hdds-container-service/1.4.0-SNAPSHOT/hdds-container-service-1.4.0-SNAPSHOT.jar!/webapps/static,AVAILABLE}
2023-01-03 10:08:48,265 [Listener at 127.0.0.1/33423] INFO  handler.ContextHandler (ContextHandler.java:doStart(921)) - Started o.e.j.w.WebAppContext@420b87f5{hddsDatanode,/,file:///tmp/jetty-0_0_0_0-38365-hdds-container-service-1_4_0-SNAPSHOT_jar-_-any-8171863390840600357/webapp/,AVAILABLE}{jar:file:/home/runner/.m2/repository/org/apache/ozone/hdds-container-service/1.4.0-SNAPSHOT/hdds-container-service-1.4.0-SNAPSHOT.jar!/webapps/hddsDatanode}
2023-01-03 10:08:48,266 [Listener at 127.0.0.1/33423] INFO  server.AbstractConnector (AbstractConnector.java:doStart(333)) - Started ServerConnector@1882d510{HTTP/1.1, (http/1.1)}{0.0.0.0:38365}
2023-01-03 10:08:48,266 [Listener at 127.0.0.1/33423] INFO  server.Server (Server.java:doStart(415)) - Started @169056ms
2023-01-03 10:08:48,267 [Listener at 127.0.0.1/33423] WARN  impl.MetricsSystemImpl (MetricsSystemImpl.java:register(279)) - Sink prometheus already exists!
2023-01-03 10:08:48,267 [Listener at 127.0.0.1/33423] INFO  http.BaseHttpServer (BaseHttpServer.java:updateConnectorAddress(333)) - HTTP server of hddsDatanode listening at http://0.0.0.0:38365
2023-01-03 10:08:48,267 [Listener at 127.0.0.1/33423] WARN  impl.MetricRegistriesImpl (MetricRegistriesImpl.java:addReporterRegistration(111)) - New reporters are added after registries were created. Some metrics will be missing from the reporter. Please add reporter before adding any new registry.
2023-01-03 10:08:48,267 [Listener at 127.0.0.1/33423] WARN  impl.MetricRegistriesImpl (MetricRegistriesImpl.java:addReporterRegistration(111)) - New reporters are added after registries were created. Some metrics will be missing from the reporter. Please add reporter before adding any new registry.
2023-01-03 10:08:48,268 [Listener at 127.0.0.1/33423] INFO  impl.MetricsSystemImpl (MetricsSystemImpl.java:init(158)) - HddsDatanode metrics system started (again)
2023-01-03 10:08:48,274 [Datanode State Machine Daemon Thread] INFO  statemachine.DatanodeStateMachine (DatanodeStateMachine.java:lambda$startDaemon$0(508)) - Ozone container server started.
2023-01-03 10:08:48,281 [org.apache.hadoop.util.JvmPauseMonitor$Monitor@46f0f2c7] INFO  util.JvmPauseMonitor (JvmPauseMonitor.java:run(188)) - Starting JVM pause monitor
2023-01-03 10:08:48,285 [Listener at 127.0.0.1/33423] INFO  ozone.HddsDatanodeService (HddsDatanodeService.java:start(237)) - HddsDatanodeService host:fv-az292-374.tqgtyn10aqxuxoi0mkfbldi5vh.jx.internal.cloudapp.net ip:10.1.0.13
2023-01-03 10:08:48,288 [Datanode State Machine Task Thread - 0] INFO  datanode.InitDatanodeState (InitDatanodeState.java:persistContainerDatanodeDetails(138)) - DatanodeDetails is persisted to /home/runner/work/ozone/ozone/hadoop-ozone/integration-test/target/test-dir/MiniOzoneClusterImpl-1bcd6b1f-11f6-453e-b314-ff0bb9fde82c/datanode-3/meta/datanode.id
2023-01-03 10:08:48,299 [Listener at 127.0.0.1/33423] INFO  upgrade.AbstractLayoutVersionManager (AbstractLayoutVersionManager.java:init(83)) - Initializing Layout version manager with metadata layout = DATANODE_SCHEMA_V3 (version = 4), software layout = DATANODE_SCHEMA_V3 (version = 4)
2023-01-03 10:08:48,341 [Listener at 127.0.0.1/33423] INFO  reflections.Reflections (Reflections.java:scan(232)) - Reflections took 41 ms to scan 7 urls, producing 146 keys and 350 values 
2023-01-03 10:08:48,342 [Listener at 127.0.0.1/33423] INFO  statemachine.DatanodeStateMachine (DatanodeStateMachine.java:getEndPointTaskThreadPoolSize(248)) - Datanode State Machine Task Thread Pool size 2
2023-01-03 10:08:48,343 [Listener at 127.0.0.1/33423] INFO  volume.HddsVolume (HddsVolume.java:<init>(117)) - Creating HddsVolume: /home/runner/work/ozone/ozone/hadoop-ozone/integration-test/target/test-dir/MiniOzoneClusterImpl-1bcd6b1f-11f6-453e-b314-ff0bb9fde82c/datanode-4/data-0/containers/hdds of storage type : DISK capacity : 9223372036854775807
2023-01-03 10:08:48,344 [Listener at 127.0.0.1/33423] INFO  volume.MutableVolumeSet (MutableVolumeSet.java:initializeVolumeSet(174)) - Added Volume : /home/runner/work/ozone/ozone/hadoop-ozone/integration-test/target/test-dir/MiniOzoneClusterImpl-1bcd6b1f-11f6-453e-b314-ff0bb9fde82c/datanode-4/data-0/containers/hdds to VolumeSet
2023-01-03 10:08:48,344 [Listener at 127.0.0.1/33423] INFO  volume.ThrottledAsyncChecker (ThrottledAsyncChecker.java:schedule(141)) - Scheduling a check for /home/runner/work/ozone/ozone/hadoop-ozone/integration-test/target/test-dir/MiniOzoneClusterImpl-1bcd6b1f-11f6-453e-b314-ff0bb9fde82c/datanode-4/data-0/containers/hdds
2023-01-03 10:08:48,349 [Listener at 127.0.0.1/33423] INFO  volume.StorageVolumeChecker (StorageVolumeChecker.java:checkAllVolumes(202)) - Scheduled health check for volume /home/runner/work/ozone/ozone/hadoop-ozone/integration-test/target/test-dir/MiniOzoneClusterImpl-1bcd6b1f-11f6-453e-b314-ff0bb9fde82c/datanode-4/data-0/containers/hdds
2023-01-03 10:08:48,360 [Listener at 127.0.0.1/33423] INFO  volume.MutableVolumeSet (MutableVolumeSet.java:initializeVolumeSet(174)) - Added Volume : /home/runner/work/ozone/ozone/hadoop-ozone/integration-test/target/test-dir/MiniOzoneClusterImpl-1bcd6b1f-11f6-453e-b314-ff0bb9fde82c/datanode-4/data/ratis to VolumeSet
2023-01-03 10:08:48,360 [Listener at 127.0.0.1/33423] INFO  volume.ThrottledAsyncChecker (ThrottledAsyncChecker.java:schedule(141)) - Scheduling a check for /home/runner/work/ozone/ozone/hadoop-ozone/integration-test/target/test-dir/MiniOzoneClusterImpl-1bcd6b1f-11f6-453e-b314-ff0bb9fde82c/datanode-4/data/ratis
2023-01-03 10:08:48,360 [Listener at 127.0.0.1/33423] INFO  volume.StorageVolumeChecker (StorageVolumeChecker.java:checkAllVolumes(202)) - Scheduled health check for volume /home/runner/work/ozone/ozone/hadoop-ozone/integration-test/target/test-dir/MiniOzoneClusterImpl-1bcd6b1f-11f6-453e-b314-ff0bb9fde82c/datanode-4/data/ratis
2023-01-03 10:08:48,371 [Thread-1334] INFO  ozoneimpl.ContainerReader (ContainerReader.java:readVolume(175)) - Finish verifying containers on volume /home/runner/work/ozone/ozone/hadoop-ozone/integration-test/target/test-dir/MiniOzoneClusterImpl-1bcd6b1f-11f6-453e-b314-ff0bb9fde82c/datanode-4/data-0/containers/hdds
2023-01-03 10:08:48,371 [Listener at 127.0.0.1/33423] INFO  ozoneimpl.OzoneContainer (OzoneContainer.java:buildContainerSet(301)) - Build ContainerSet costs 0s
2023-01-03 10:08:48,373 [Listener at 127.0.0.1/33423] INFO  server.RaftServer (ConfUtils.java:logGet(46)) - raft.rpc.type = GRPC (default)
2023-01-03 10:08:48,373 [Listener at 127.0.0.1/33423] INFO  grpc.GrpcConfigKeys (ConfUtils.java:logFallback(53)) - raft.grpc.admin.host = null (fallback to raft.grpc.server.host)
2023-01-03 10:08:48,373 [Listener at 127.0.0.1/33423] INFO  grpc.GrpcConfigKeys (ConfUtils.java:logGet(46)) - raft.grpc.admin.port = 0 (custom)
2023-01-03 10:08:48,373 [Listener at 127.0.0.1/33423] INFO  grpc.GrpcConfigKeys (ConfUtils.java:logFallback(53)) - raft.grpc.client.host = null (fallback to raft.grpc.server.host)
2023-01-03 10:08:48,373 [Listener at 127.0.0.1/33423] INFO  grpc.GrpcConfigKeys (ConfUtils.java:logGet(46)) - raft.grpc.client.port = 0 (custom)
2023-01-03 10:08:48,373 [Listener at 127.0.0.1/33423] INFO  grpc.GrpcConfigKeys (ConfUtils.java:logGet(46)) - raft.grpc.server.host = null (default)
2023-01-03 10:08:48,373 [Listener at 127.0.0.1/33423] INFO  grpc.GrpcConfigKeys (ConfUtils.java:logGet(46)) - raft.grpc.server.port = 0 (default)
2023-01-03 10:08:48,373 [Listener at 127.0.0.1/33423] INFO  server.GrpcService (ConfUtils.java:logGet(46)) - raft.grpc.message.size.max = 32MB (=33554432) (custom)
2023-01-03 10:08:48,373 [Listener at 127.0.0.1/33423] INFO  server.RaftServerConfigKeys (ConfUtils.java:logGet(46)) - raft.server.log.appender.buffer.byte-limit = 33554432 (custom)
2023-01-03 10:08:48,374 [Listener at 127.0.0.1/33423] INFO  server.GrpcService (ConfUtils.java:logGet(46)) - raft.grpc.flow.control.window = 5MB (=5242880) (custom)
2023-01-03 10:08:48,374 [Listener at 127.0.0.1/33423] INFO  server.RaftServerConfigKeys (ConfUtils.java:logGet(46)) - raft.server.rpc.request.timeout = 60s (custom)
2023-01-03 10:08:48,374 [Listener at 127.0.0.1/33423] INFO  grpc.GrpcConfigKeys (ConfUtils.java:logGet(46)) - raft.grpc.server.heartbeat.channel = true (default)
2023-01-03 10:08:48,374 [Listener at 127.0.0.1/33423] INFO  grpc.GrpcConfigKeys (ConfUtils.java:logGet(46)) - raft.grpc.server.async.request.thread.pool.cached = true (default)
2023-01-03 10:08:48,374 [Listener at 127.0.0.1/33423] INFO  grpc.GrpcConfigKeys (ConfUtils.java:logGet(46)) - raft.grpc.server.async.request.thread.pool.size = 32 (default)
2023-01-03 10:08:48,375 [Listener at 127.0.0.1/33423] INFO  impl.DataStreamServerImpl (ConfUtils.java:logGet(46)) - raft.datastream.type = NETTY (custom)
2023-01-03 10:08:48,375 [Listener at 127.0.0.1/33423] INFO  server.RaftServerConfigKeys (ConfUtils.java:logGet(46)) - raft.server.data-stream.async.request.thread.pool.cached = false (default)
2023-01-03 10:08:48,375 [Listener at 127.0.0.1/33423] INFO  server.RaftServerConfigKeys (ConfUtils.java:logGet(46)) - raft.server.data-stream.async.request.thread.pool.size = 20 (custom)
2023-01-03 10:08:48,375 [Listener at 127.0.0.1/33423] INFO  server.RaftServerConfigKeys (ConfUtils.java:logGet(46)) - raft.server.data-stream.async.write.thread.pool.size = 16 (default)
2023-01-03 10:08:48,375 [Listener at 127.0.0.1/33423] INFO  server.RaftServerConfigKeys (ConfUtils.java:logGet(46)) - raft.server.data-stream.client.pool.size = 10 (default)
2023-01-03 10:08:48,375 [Listener at 127.0.0.1/33423] INFO  netty.NettyConfigKeys$DataStream (ConfUtils.java:logGet(46)) - raft.netty.dataStream.server.use-epoll = false (default)
2023-01-03 10:08:48,375 [Listener at 127.0.0.1/33423] INFO  netty.NettyConfigKeys$DataStream (ConfUtils.java:logGet(46)) - raft.netty.dataStream.server.boss-group.size = 0 (default)
2023-01-03 10:08:48,376 [Listener at 127.0.0.1/33423] INFO  netty.NettyConfigKeys$DataStream (ConfUtils.java:logGet(46)) - raft.netty.dataStream.server.worker-group.size = 0 (default)
2023-01-03 10:08:48,376 [Listener at 127.0.0.1/33423] INFO  netty.NettyConfigKeys$DataStream (ConfUtils.java:logGet(46)) - raft.netty.dataStream.server.tls.conf = null (default)
2023-01-03 10:08:48,376 [Listener at 127.0.0.1/33423] INFO  netty.NettyConfigKeys$DataStream (ConfUtils.java:logGet(46)) - raft.netty.dataStream.host = null (default)
2023-01-03 10:08:48,376 [Listener at 127.0.0.1/33423] INFO  netty.NettyConfigKeys$DataStream (ConfUtils.java:logGet(46)) - raft.netty.dataStream.port = 0 (default)
2023-01-03 10:08:48,377 [Listener at 127.0.0.1/33423] INFO  server.RaftServerConfigKeys (ConfUtils.java:logGet(46)) - raft.server.threadpool.proxy.cached = true (default)
2023-01-03 10:08:48,377 [Listener at 127.0.0.1/33423] INFO  server.RaftServerConfigKeys (ConfUtils.java:logGet(46)) - raft.server.threadpool.proxy.size = 0 (default)
2023-01-03 10:08:48,377 [Listener at 127.0.0.1/33423] INFO  server.RaftServerConfigKeys (ConfUtils.java:logGet(46)) - raft.server.rpc.slowness.timeout = 300s (custom)
2023-01-03 10:08:48,377 [Listener at 127.0.0.1/33423] INFO  server.RaftServerConfigKeys (ConfUtils.java:logGet(46)) - raft.server.leaderelection.leader.step-down.wait-time = 10s (default)
2023-01-03 10:08:48,377 [Listener at 127.0.0.1/33423] INFO  server.RaftServerConfigKeys (ConfUtils.java:logGet(46)) - raft.server.storage.dir = [/home/runner/work/ozone/ozone/hadoop-ozone/integration-test/target/test-dir/MiniOzoneClusterImpl-1bcd6b1f-11f6-453e-b314-ff0bb9fde82c/datanode-4/data/ratis] (custom)
2023-01-03 10:08:48,378 [650ee283-e4bb-452b-a208-1b125254dcf6-NettyServerStreamRpc-bossGroup--thread1] INFO  logging.LoggingHandler (AbstractInternalLogger.java:log(148)) - [id: 0xd5b56b1c] REGISTERED
2023-01-03 10:08:48,378 [650ee283-e4bb-452b-a208-1b125254dcf6-NettyServerStreamRpc-bossGroup--thread1] INFO  logging.LoggingHandler (AbstractInternalLogger.java:log(148)) - [id: 0xd5b56b1c] BIND: 0.0.0.0/0.0.0.0:0
2023-01-03 10:08:48,379 [650ee283-e4bb-452b-a208-1b125254dcf6-NettyServerStreamRpc-bossGroup--thread1] INFO  logging.LoggingHandler (AbstractInternalLogger.java:log(148)) - [id: 0xd5b56b1c, L:/0:0:0:0:0:0:0:0:40065] ACTIVE
2023-01-03 10:08:48,380 [Listener at 127.0.0.1/33423] INFO  server.XceiverServerGrpc (XceiverServerGrpc.java:<init>(132)) - GrpcServer channel type EpollServerSocketChannel
2023-01-03 10:08:48,382 [Listener at 127.0.0.1/33423] INFO  http.BaseHttpServer (BaseHttpServer.java:newHttpServer2BuilderForOzone(213)) - Starting Web-server for hddsDatanode at: http://0.0.0.0:0
2023-01-03 10:08:48,383 [Listener at 127.0.0.1/33423] INFO  http.BaseHttpServer (BaseHttpServer.java:<init>(108)) - Hadoop Security Enabled: false Ozone Security Enabled: false Ozone HTTP Security Enabled: false 
2023-01-03 10:08:48,383 [Listener at 127.0.0.1/33423] WARN  server.AuthenticationFilter (AuthenticationFilter.java:constructSecretProvider(240)) - Unable to initialize FileSignerSecretProvider, falling back to use random secrets. Reason: Could not read signature secret file: /home/runner/hadoop-http-auth-signature-secret
2023-01-03 10:08:48,384 [Listener at 127.0.0.1/33423] WARN  http.HttpRequestLog (HttpRequestLog.java:getRequestLog(103)) - Jetty request log can only be enabled using Log4j
2023-01-03 10:08:48,385 [Listener at 127.0.0.1/33423] INFO  http.HttpServer2 (HttpServer2.java:addGlobalFilter(1031)) - Added global filter 'safety' (class=org.apache.hadoop.hdds.server.http.HttpServer2$QuotingInputFilter)
2023-01-03 10:08:48,386 [Listener at 127.0.0.1/33423] INFO  http.HttpServer2 (HttpServer2.java:addFilter(1007)) - Added filter static_user_filter (class=org.apache.hadoop.http.lib.StaticUserWebFilter$StaticUserFilter) to context hddsDatanode
2023-01-03 10:08:48,386 [Listener at 127.0.0.1/33423] INFO  http.HttpServer2 (HttpServer2.java:addFilter(1015)) - Added filter static_user_filter (class=org.apache.hadoop.http.lib.StaticUserWebFilter$StaticUserFilter) to context logs
2023-01-03 10:08:48,386 [Listener at 127.0.0.1/33423] INFO  http.HttpServer2 (HttpServer2.java:addFilter(1015)) - Added filter static_user_filter (class=org.apache.hadoop.http.lib.StaticUserWebFilter$StaticUserFilter) to context static
2023-01-03 10:08:48,386 [Listener at 127.0.0.1/33423] INFO  http.HttpServer2 (HttpServer2.java:bindListener(1250)) - Jetty bound to port 34431
2023-01-03 10:08:48,386 [Listener at 127.0.0.1/33423] INFO  server.Server (Server.java:doStart(375)) - jetty-9.4.49.v20220914; built: 2022-09-14T01:07:36.601Z; git: 4231a3b2e4cb8548a412a789936d640a97b1aa0a; jvm 1.8.0_352-b08
2023-01-03 10:08:48,387 [Listener at 127.0.0.1/33423] INFO  server.session (DefaultSessionIdManager.java:doStart(334)) - DefaultSessionIdManager workerName=node0
2023-01-03 10:08:48,388 [Listener at 127.0.0.1/33423] INFO  server.session (DefaultSessionIdManager.java:doStart(339)) - No SessionScavenger set, using defaults
2023-01-03 10:08:48,388 [Listener at 127.0.0.1/33423] INFO  server.session (HouseKeeper.java:startScavenging(132)) - node0 Scavenging every 660000ms
2023-01-03 10:08:48,388 [Listener at 127.0.0.1/33423] INFO  handler.ContextHandler (ContextHandler.java:doStart(921)) - Started o.e.j.s.ServletContextHandler@1e1fe67b{logs,/logs,file:///home/runner/work/ozone/ozone/hadoop-ozone/integration-test/target/log,AVAILABLE}
2023-01-03 10:08:48,388 [Listener at 127.0.0.1/33423] INFO  handler.ContextHandler (ContextHandler.java:doStart(921)) - Started o.e.j.s.ServletContextHandler@d73450c{static,/static,jar:file:/home/runner/.m2/repository/org/apache/ozone/hdds-container-service/1.4.0-SNAPSHOT/hdds-container-service-1.4.0-SNAPSHOT.jar!/webapps/static,AVAILABLE}
2023-01-03 10:08:48,564 [Listener at 127.0.0.1/33423] INFO  handler.ContextHandler (ContextHandler.java:doStart(921)) - Started o.e.j.w.WebAppContext@17f5d781{hddsDatanode,/,file:///tmp/jetty-0_0_0_0-34431-hdds-container-service-1_4_0-SNAPSHOT_jar-_-any-1313868828971629564/webapp/,AVAILABLE}{jar:file:/home/runner/.m2/repository/org/apache/ozone/hdds-container-service/1.4.0-SNAPSHOT/hdds-container-service-1.4.0-SNAPSHOT.jar!/webapps/hddsDatanode}
2023-01-03 10:08:48,565 [Listener at 127.0.0.1/33423] INFO  server.AbstractConnector (AbstractConnector.java:doStart(333)) - Started ServerConnector@3a2f7dcd{HTTP/1.1, (http/1.1)}{0.0.0.0:34431}
2023-01-03 10:08:48,566 [Listener at 127.0.0.1/33423] INFO  server.Server (Server.java:doStart(415)) - Started @169356ms
2023-01-03 10:08:48,566 [Listener at 127.0.0.1/33423] WARN  impl.MetricsSystemImpl (MetricsSystemImpl.java:register(279)) - Sink prometheus already exists!
2023-01-03 10:08:48,566 [Listener at 127.0.0.1/33423] INFO  http.BaseHttpServer (BaseHttpServer.java:updateConnectorAddress(333)) - HTTP server of hddsDatanode listening at http://0.0.0.0:34431
2023-01-03 10:08:48,566 [Datanode State Machine Daemon Thread] INFO  statemachine.DatanodeStateMachine (DatanodeStateMachine.java:lambda$startDaemon$0(508)) - Ozone container server started.
2023-01-03 10:08:48,566 [Listener at 127.0.0.1/33423] INFO  ozone.MiniOzoneClusterImpl (MiniOzoneClusterImpl.java:lambda$waitForClusterToBeReady$0(217)) - Waiting for nodes to be ready. Got 0 of 5 DN Heartbeats.
2023-01-03 10:08:48,568 [Listener at 127.0.0.1/33423] INFO  ozone.MiniOzoneClusterImpl (MiniOzoneClusterImpl.java:lambda$waitForClusterToBeReady$0(220)) - Waiting for cluster to exit safe mode
2023-01-03 10:08:48,568 [Listener at 127.0.0.1/33423] INFO  ozone.MiniOzoneClusterImpl (MiniOzoneClusterImpl.java:lambda$waitForClusterToBeReady$0(222)) - SCM became leader
2023-01-03 10:08:48,570 [org.apache.hadoop.util.JvmPauseMonitor$Monitor@53fd6e89] INFO  util.JvmPauseMonitor (JvmPauseMonitor.java:run(188)) - Starting JVM pause monitor
2023-01-03 10:08:48,571 [Datanode State Machine Task Thread - 0] INFO  datanode.InitDatanodeState (InitDatanodeState.java:persistContainerDatanodeDetails(138)) - DatanodeDetails is persisted to /home/runner/work/ozone/ozone/hadoop-ozone/integration-test/target/test-dir/MiniOzoneClusterImpl-1bcd6b1f-11f6-453e-b314-ff0bb9fde82c/datanode-4/meta/datanode.id
2023-01-03 10:08:49,368 [EndpointStateMachine task thread for /0.0.0.0:40787 - 0 ] INFO  utils.DatanodeStoreCache (DatanodeStoreCache.java:addDB(58)) - Added db /home/runner/work/ozone/ozone/hadoop-ozone/integration-test/target/test-dir/MiniOzoneClusterImpl-1bcd6b1f-11f6-453e-b314-ff0bb9fde82c/datanode-0/data-0/containers/hdds/1bcd6b1f-11f6-453e-b314-ff0bb9fde82c/DS-9e614b97-211e-4308-8bec-e6b63b98f5b7/container.db to cache
2023-01-03 10:08:49,368 [EndpointStateMachine task thread for /0.0.0.0:40787 - 0 ] INFO  volume.HddsVolume (HddsVolume.java:createDbStore(307)) - SchemaV3 db is created and loaded at /home/runner/work/ozone/ozone/hadoop-ozone/integration-test/target/test-dir/MiniOzoneClusterImpl-1bcd6b1f-11f6-453e-b314-ff0bb9fde82c/datanode-0/data-0/containers/hdds/1bcd6b1f-11f6-453e-b314-ff0bb9fde82c/DS-9e614b97-211e-4308-8bec-e6b63b98f5b7/container.db for volume DS-9e614b97-211e-4308-8bec-e6b63b98f5b7
2023-01-03 10:08:49,368 [EndpointStateMachine task thread for /0.0.0.0:40787 - 0 ] INFO  ozoneimpl.OzoneContainer (OzoneContainer.java:start(395)) - Attempting to start container services.
2023-01-03 10:08:49,369 [EndpointStateMachine task thread for /0.0.0.0:40787 - 0 ] INFO  ozoneimpl.OzoneContainer (OzoneContainer.java:startContainerScrub(312)) - Scheduled background container scanners and the on-demand container scanner have been disabled.
2023-01-03 10:08:49,371 [EndpointStateMachine task thread for /0.0.0.0:40787 - 0 ] INFO  replication.ReplicationServer (ReplicationServer.java:start(106)) - ReplicationServer is started using port 39627
2023-01-03 10:08:49,372 [EndpointStateMachine task thread for /0.0.0.0:40787 - 0 ] INFO  ratis.XceiverServerRatis (XceiverServerRatis.java:start(517)) - Starting XceiverServerRatis 2b04a8b1-164a-4310-98e7-450bb9581035
2023-01-03 10:08:49,372 [EndpointStateMachine task thread for /0.0.0.0:40787 - 0 ] INFO  server.RaftServer (RaftServerProxy.java:startImpl(393)) - 2b04a8b1-164a-4310-98e7-450bb9581035: start RPC server
2023-01-03 10:08:49,374 [EndpointStateMachine task thread for /0.0.0.0:40787 - 0 ] INFO  server.GrpcService (GrpcService.java:startImpl(262)) - 2b04a8b1-164a-4310-98e7-450bb9581035: GrpcService started, listening on 40297
2023-01-03 10:08:49,375 [EndpointStateMachine task thread for /0.0.0.0:40787 - 0 ] INFO  ratis.XceiverServerRatis (XceiverServerRatis.java:getRealPort(543)) - XceiverServerRatis 2b04a8b1-164a-4310-98e7-450bb9581035 is started using port 40297 for RATIS
2023-01-03 10:08:49,375 [EndpointStateMachine task thread for /0.0.0.0:40787 - 0 ] INFO  ratis.XceiverServerRatis (XceiverServerRatis.java:getRealPort(543)) - XceiverServerRatis 2b04a8b1-164a-4310-98e7-450bb9581035 is started using port 40297 for RATIS_ADMIN
2023-01-03 10:08:49,375 [EndpointStateMachine task thread for /0.0.0.0:40787 - 0 ] INFO  ratis.XceiverServerRatis (XceiverServerRatis.java:getRealPort(543)) - XceiverServerRatis 2b04a8b1-164a-4310-98e7-450bb9581035 is started using port 40297 for RATIS_SERVER
2023-01-03 10:08:49,375 [EndpointStateMachine task thread for /0.0.0.0:40787 - 0 ] INFO  ratis.XceiverServerRatis (XceiverServerRatis.java:getRealPort(543)) - XceiverServerRatis 2b04a8b1-164a-4310-98e7-450bb9581035 is started using port 40255 for RATIS_DATASTREAM
2023-01-03 10:08:49,375 [JvmPauseMonitor17] INFO  util.JvmPauseMonitor (JvmPauseMonitor.java:run(105)) - JvmPauseMonitor-2b04a8b1-164a-4310-98e7-450bb9581035: Started
2023-01-03 10:08:49,377 [EndpointStateMachine task thread for /0.0.0.0:40787 - 0 ] INFO  server.XceiverServerGrpc (XceiverServerGrpc.java:start(180)) - XceiverServerGrpc 2b04a8b1-164a-4310-98e7-450bb9581035 is started using port 33985
2023-01-03 10:08:49,568 [Listener at 127.0.0.1/33423] INFO  ozone.MiniOzoneClusterImpl (MiniOzoneClusterImpl.java:lambda$waitForClusterToBeReady$0(217)) - Waiting for nodes to be ready. Got 0 of 5 DN Heartbeats.
2023-01-03 10:08:49,568 [Listener at 127.0.0.1/33423] INFO  ozone.MiniOzoneClusterImpl (MiniOzoneClusterImpl.java:lambda$waitForClusterToBeReady$0(220)) - Waiting for cluster to exit safe mode
2023-01-03 10:08:49,568 [Listener at 127.0.0.1/33423] INFO  ozone.MiniOzoneClusterImpl (MiniOzoneClusterImpl.java:lambda$waitForClusterToBeReady$0(222)) - SCM became leader
2023-01-03 10:08:49,678 [EndpointStateMachine task thread for /0.0.0.0:40787 - 0 ] INFO  utils.DatanodeStoreCache (DatanodeStoreCache.java:addDB(58)) - Added db /home/runner/work/ozone/ozone/hadoop-ozone/integration-test/target/test-dir/MiniOzoneClusterImpl-1bcd6b1f-11f6-453e-b314-ff0bb9fde82c/datanode-1/data-0/containers/hdds/1bcd6b1f-11f6-453e-b314-ff0bb9fde82c/DS-3261608c-e085-4339-aabd-25f91fecf9f8/container.db to cache
2023-01-03 10:08:49,678 [EndpointStateMachine task thread for /0.0.0.0:40787 - 0 ] INFO  volume.HddsVolume (HddsVolume.java:createDbStore(307)) - SchemaV3 db is created and loaded at /home/runner/work/ozone/ozone/hadoop-ozone/integration-test/target/test-dir/MiniOzoneClusterImpl-1bcd6b1f-11f6-453e-b314-ff0bb9fde82c/datanode-1/data-0/containers/hdds/1bcd6b1f-11f6-453e-b314-ff0bb9fde82c/DS-3261608c-e085-4339-aabd-25f91fecf9f8/container.db for volume DS-3261608c-e085-4339-aabd-25f91fecf9f8
2023-01-03 10:08:49,678 [EndpointStateMachine task thread for /0.0.0.0:40787 - 0 ] INFO  ozoneimpl.OzoneContainer (OzoneContainer.java:start(395)) - Attempting to start container services.
2023-01-03 10:08:49,678 [EndpointStateMachine task thread for /0.0.0.0:40787 - 0 ] INFO  ozoneimpl.OzoneContainer (OzoneContainer.java:startContainerScrub(312)) - Scheduled background container scanners and the on-demand container scanner have been disabled.
2023-01-03 10:08:49,680 [EndpointStateMachine task thread for /0.0.0.0:40787 - 0 ] INFO  replication.ReplicationServer (ReplicationServer.java:start(106)) - ReplicationServer is started using port 45677
2023-01-03 10:08:49,681 [EndpointStateMachine task thread for /0.0.0.0:40787 - 0 ] INFO  ratis.XceiverServerRatis (XceiverServerRatis.java:start(517)) - Starting XceiverServerRatis 79f3458c-2c66-4b3a-be39-3ff7abbb9f16
2023-01-03 10:08:49,686 [EndpointStateMachine task thread for /0.0.0.0:40787 - 0 ] INFO  server.RaftServer (RaftServerProxy.java:startImpl(393)) - 79f3458c-2c66-4b3a-be39-3ff7abbb9f16: start RPC server
2023-01-03 10:08:49,691 [EndpointStateMachine task thread for /0.0.0.0:40787 - 0 ] INFO  server.GrpcService (GrpcService.java:startImpl(262)) - 79f3458c-2c66-4b3a-be39-3ff7abbb9f16: GrpcService started, listening on 36965
2023-01-03 10:08:49,692 [EndpointStateMachine task thread for /0.0.0.0:40787 - 0 ] INFO  ratis.XceiverServerRatis (XceiverServerRatis.java:getRealPort(543)) - XceiverServerRatis 79f3458c-2c66-4b3a-be39-3ff7abbb9f16 is started using port 36965 for RATIS
2023-01-03 10:08:49,692 [JvmPauseMonitor18] INFO  util.JvmPauseMonitor (JvmPauseMonitor.java:run(105)) - JvmPauseMonitor-79f3458c-2c66-4b3a-be39-3ff7abbb9f16: Started
2023-01-03 10:08:49,692 [EndpointStateMachine task thread for /0.0.0.0:40787 - 0 ] INFO  ratis.XceiverServerRatis (XceiverServerRatis.java:getRealPort(543)) - XceiverServerRatis 79f3458c-2c66-4b3a-be39-3ff7abbb9f16 is started using port 36965 for RATIS_ADMIN
2023-01-03 10:08:49,692 [EndpointStateMachine task thread for /0.0.0.0:40787 - 0 ] INFO  ratis.XceiverServerRatis (XceiverServerRatis.java:getRealPort(543)) - XceiverServerRatis 79f3458c-2c66-4b3a-be39-3ff7abbb9f16 is started using port 36965 for RATIS_SERVER
2023-01-03 10:08:49,692 [EndpointStateMachine task thread for /0.0.0.0:40787 - 0 ] INFO  ratis.XceiverServerRatis (XceiverServerRatis.java:getRealPort(543)) - XceiverServerRatis 79f3458c-2c66-4b3a-be39-3ff7abbb9f16 is started using port 36199 for RATIS_DATASTREAM
2023-01-03 10:08:49,700 [EndpointStateMachine task thread for /0.0.0.0:40787 - 0 ] INFO  server.XceiverServerGrpc (XceiverServerGrpc.java:start(180)) - XceiverServerGrpc 79f3458c-2c66-4b3a-be39-3ff7abbb9f16 is started using port 36935
2023-01-03 10:08:49,988 [EndpointStateMachine task thread for /0.0.0.0:40787 - 0 ] INFO  utils.DatanodeStoreCache (DatanodeStoreCache.java:addDB(58)) - Added db /home/runner/work/ozone/ozone/hadoop-ozone/integration-test/target/test-dir/MiniOzoneClusterImpl-1bcd6b1f-11f6-453e-b314-ff0bb9fde82c/datanode-2/data-0/containers/hdds/1bcd6b1f-11f6-453e-b314-ff0bb9fde82c/DS-178a0903-9a45-461e-a73e-7d6272bd451a/container.db to cache
2023-01-03 10:08:49,988 [EndpointStateMachine task thread for /0.0.0.0:40787 - 0 ] INFO  volume.HddsVolume (HddsVolume.java:createDbStore(307)) - SchemaV3 db is created and loaded at /home/runner/work/ozone/ozone/hadoop-ozone/integration-test/target/test-dir/MiniOzoneClusterImpl-1bcd6b1f-11f6-453e-b314-ff0bb9fde82c/datanode-2/data-0/containers/hdds/1bcd6b1f-11f6-453e-b314-ff0bb9fde82c/DS-178a0903-9a45-461e-a73e-7d6272bd451a/container.db for volume DS-178a0903-9a45-461e-a73e-7d6272bd451a
2023-01-03 10:08:49,988 [EndpointStateMachine task thread for /0.0.0.0:40787 - 0 ] INFO  ozoneimpl.OzoneContainer (OzoneContainer.java:start(395)) - Attempting to start container services.
2023-01-03 10:08:49,988 [EndpointStateMachine task thread for /0.0.0.0:40787 - 0 ] INFO  ozoneimpl.OzoneContainer (OzoneContainer.java:startContainerScrub(312)) - Scheduled background container scanners and the on-demand container scanner have been disabled.
2023-01-03 10:08:49,992 [EndpointStateMachine task thread for /0.0.0.0:40787 - 0 ] INFO  replication.ReplicationServer (ReplicationServer.java:start(106)) - ReplicationServer is started using port 37739
2023-01-03 10:08:49,993 [EndpointStateMachine task thread for /0.0.0.0:40787 - 0 ] INFO  ratis.XceiverServerRatis (XceiverServerRatis.java:start(517)) - Starting XceiverServerRatis 5f4e8170-34f9-42fb-8ea2-3b8d58ff5808
2023-01-03 10:08:49,993 [EndpointStateMachine task thread for /0.0.0.0:40787 - 0 ] INFO  server.RaftServer (RaftServerProxy.java:startImpl(393)) - 5f4e8170-34f9-42fb-8ea2-3b8d58ff5808: start RPC server
2023-01-03 10:08:50,000 [EndpointStateMachine task thread for /0.0.0.0:40787 - 0 ] INFO  server.GrpcService (GrpcService.java:startImpl(262)) - 5f4e8170-34f9-42fb-8ea2-3b8d58ff5808: GrpcService started, listening on 43165
2023-01-03 10:08:50,001 [EndpointStateMachine task thread for /0.0.0.0:40787 - 0 ] INFO  ratis.XceiverServerRatis (XceiverServerRatis.java:getRealPort(543)) - XceiverServerRatis 5f4e8170-34f9-42fb-8ea2-3b8d58ff5808 is started using port 43165 for RATIS
2023-01-03 10:08:50,001 [EndpointStateMachine task thread for /0.0.0.0:40787 - 0 ] INFO  ratis.XceiverServerRatis (XceiverServerRatis.java:getRealPort(543)) - XceiverServerRatis 5f4e8170-34f9-42fb-8ea2-3b8d58ff5808 is started using port 43165 for RATIS_ADMIN
2023-01-03 10:08:50,001 [EndpointStateMachine task thread for /0.0.0.0:40787 - 0 ] INFO  ratis.XceiverServerRatis (XceiverServerRatis.java:getRealPort(543)) - XceiverServerRatis 5f4e8170-34f9-42fb-8ea2-3b8d58ff5808 is started using port 43165 for RATIS_SERVER
2023-01-03 10:08:50,001 [EndpointStateMachine task thread for /0.0.0.0:40787 - 0 ] INFO  ratis.XceiverServerRatis (XceiverServerRatis.java:getRealPort(543)) - XceiverServerRatis 5f4e8170-34f9-42fb-8ea2-3b8d58ff5808 is started using port 42261 for RATIS_DATASTREAM
2023-01-03 10:08:50,002 [JvmPauseMonitor19] INFO  util.JvmPauseMonitor (JvmPauseMonitor.java:run(105)) - JvmPauseMonitor-5f4e8170-34f9-42fb-8ea2-3b8d58ff5808: Started
2023-01-03 10:08:50,003 [EndpointStateMachine task thread for /0.0.0.0:40787 - 0 ] INFO  server.XceiverServerGrpc (XceiverServerGrpc.java:start(180)) - XceiverServerGrpc 5f4e8170-34f9-42fb-8ea2-3b8d58ff5808 is started using port 46235
2023-01-03 10:08:50,304 [EndpointStateMachine task thread for /0.0.0.0:40787 - 0 ] INFO  utils.DatanodeStoreCache (DatanodeStoreCache.java:addDB(58)) - Added db /home/runner/work/ozone/ozone/hadoop-ozone/integration-test/target/test-dir/MiniOzoneClusterImpl-1bcd6b1f-11f6-453e-b314-ff0bb9fde82c/datanode-3/data-0/containers/hdds/1bcd6b1f-11f6-453e-b314-ff0bb9fde82c/DS-094f8b85-97a1-419d-9f56-ba3293631081/container.db to cache
2023-01-03 10:08:50,304 [EndpointStateMachine task thread for /0.0.0.0:40787 - 0 ] INFO  volume.HddsVolume (HddsVolume.java:createDbStore(307)) - SchemaV3 db is created and loaded at /home/runner/work/ozone/ozone/hadoop-ozone/integration-test/target/test-dir/MiniOzoneClusterImpl-1bcd6b1f-11f6-453e-b314-ff0bb9fde82c/datanode-3/data-0/containers/hdds/1bcd6b1f-11f6-453e-b314-ff0bb9fde82c/DS-094f8b85-97a1-419d-9f56-ba3293631081/container.db for volume DS-094f8b85-97a1-419d-9f56-ba3293631081
2023-01-03 10:08:50,304 [EndpointStateMachine task thread for /0.0.0.0:40787 - 0 ] INFO  ozoneimpl.OzoneContainer (OzoneContainer.java:start(395)) - Attempting to start container services.
2023-01-03 10:08:50,304 [EndpointStateMachine task thread for /0.0.0.0:40787 - 0 ] INFO  ozoneimpl.OzoneContainer (OzoneContainer.java:startContainerScrub(312)) - Scheduled background container scanners and the on-demand container scanner have been disabled.
2023-01-03 10:08:50,308 [EndpointStateMachine task thread for /0.0.0.0:40787 - 0 ] INFO  replication.ReplicationServer (ReplicationServer.java:start(106)) - ReplicationServer is started using port 36375
2023-01-03 10:08:50,308 [EndpointStateMachine task thread for /0.0.0.0:40787 - 0 ] INFO  ratis.XceiverServerRatis (XceiverServerRatis.java:start(517)) - Starting XceiverServerRatis d48ece42-6afd-4397-aae1-ec0ffb2cc7c4
2023-01-03 10:08:50,309 [EndpointStateMachine task thread for /0.0.0.0:40787 - 0 ] INFO  server.RaftServer (RaftServerProxy.java:startImpl(393)) - d48ece42-6afd-4397-aae1-ec0ffb2cc7c4: start RPC server
2023-01-03 10:08:50,312 [EndpointStateMachine task thread for /0.0.0.0:40787 - 0 ] INFO  server.GrpcService (GrpcService.java:startImpl(262)) - d48ece42-6afd-4397-aae1-ec0ffb2cc7c4: GrpcService started, listening on 34711
2023-01-03 10:08:50,312 [EndpointStateMachine task thread for /0.0.0.0:40787 - 0 ] INFO  ratis.XceiverServerRatis (XceiverServerRatis.java:getRealPort(543)) - XceiverServerRatis d48ece42-6afd-4397-aae1-ec0ffb2cc7c4 is started using port 34711 for RATIS
2023-01-03 10:08:50,312 [EndpointStateMachine task thread for /0.0.0.0:40787 - 0 ] INFO  ratis.XceiverServerRatis (XceiverServerRatis.java:getRealPort(543)) - XceiverServerRatis d48ece42-6afd-4397-aae1-ec0ffb2cc7c4 is started using port 34711 for RATIS_ADMIN
2023-01-03 10:08:50,312 [JvmPauseMonitor20] INFO  util.JvmPauseMonitor (JvmPauseMonitor.java:run(105)) - JvmPauseMonitor-d48ece42-6afd-4397-aae1-ec0ffb2cc7c4: Started
2023-01-03 10:08:50,312 [EndpointStateMachine task thread for /0.0.0.0:40787 - 0 ] INFO  ratis.XceiverServerRatis (XceiverServerRatis.java:getRealPort(543)) - XceiverServerRatis d48ece42-6afd-4397-aae1-ec0ffb2cc7c4 is started using port 34711 for RATIS_SERVER
2023-01-03 10:08:50,312 [EndpointStateMachine task thread for /0.0.0.0:40787 - 0 ] INFO  ratis.XceiverServerRatis (XceiverServerRatis.java:getRealPort(543)) - XceiverServerRatis d48ece42-6afd-4397-aae1-ec0ffb2cc7c4 is started using port 37501 for RATIS_DATASTREAM
2023-01-03 10:08:50,314 [EndpointStateMachine task thread for /0.0.0.0:40787 - 0 ] INFO  server.XceiverServerGrpc (XceiverServerGrpc.java:start(180)) - XceiverServerGrpc d48ece42-6afd-4397-aae1-ec0ffb2cc7c4 is started using port 43325
2023-01-03 10:08:50,568 [Listener at 127.0.0.1/33423] INFO  ozone.MiniOzoneClusterImpl (MiniOzoneClusterImpl.java:lambda$waitForClusterToBeReady$0(217)) - Waiting for nodes to be ready. Got 0 of 5 DN Heartbeats.
2023-01-03 10:08:50,568 [Listener at 127.0.0.1/33423] INFO  ozone.MiniOzoneClusterImpl (MiniOzoneClusterImpl.java:lambda$waitForClusterToBeReady$0(220)) - Waiting for cluster to exit safe mode
2023-01-03 10:08:50,568 [Listener at 127.0.0.1/33423] INFO  ozone.MiniOzoneClusterImpl (MiniOzoneClusterImpl.java:lambda$waitForClusterToBeReady$0(222)) - SCM became leader
2023-01-03 10:08:50,594 [EndpointStateMachine task thread for /0.0.0.0:40787 - 0 ] INFO  utils.DatanodeStoreCache (DatanodeStoreCache.java:addDB(58)) - Added db /home/runner/work/ozone/ozone/hadoop-ozone/integration-test/target/test-dir/MiniOzoneClusterImpl-1bcd6b1f-11f6-453e-b314-ff0bb9fde82c/datanode-4/data-0/containers/hdds/1bcd6b1f-11f6-453e-b314-ff0bb9fde82c/DS-b62a02d6-6159-4d7b-9867-377235094739/container.db to cache
2023-01-03 10:08:50,594 [EndpointStateMachine task thread for /0.0.0.0:40787 - 0 ] INFO  volume.HddsVolume (HddsVolume.java:createDbStore(307)) - SchemaV3 db is created and loaded at /home/runner/work/ozone/ozone/hadoop-ozone/integration-test/target/test-dir/MiniOzoneClusterImpl-1bcd6b1f-11f6-453e-b314-ff0bb9fde82c/datanode-4/data-0/containers/hdds/1bcd6b1f-11f6-453e-b314-ff0bb9fde82c/DS-b62a02d6-6159-4d7b-9867-377235094739/container.db for volume DS-b62a02d6-6159-4d7b-9867-377235094739
2023-01-03 10:08:50,594 [EndpointStateMachine task thread for /0.0.0.0:40787 - 0 ] INFO  ozoneimpl.OzoneContainer (OzoneContainer.java:start(395)) - Attempting to start container services.
2023-01-03 10:08:50,594 [EndpointStateMachine task thread for /0.0.0.0:40787 - 0 ] INFO  ozoneimpl.OzoneContainer (OzoneContainer.java:startContainerScrub(312)) - Scheduled background container scanners and the on-demand container scanner have been disabled.
2023-01-03 10:08:50,596 [EndpointStateMachine task thread for /0.0.0.0:40787 - 0 ] INFO  replication.ReplicationServer (ReplicationServer.java:start(106)) - ReplicationServer is started using port 37411
2023-01-03 10:08:50,599 [EndpointStateMachine task thread for /0.0.0.0:40787 - 0 ] INFO  ratis.XceiverServerRatis (XceiverServerRatis.java:start(517)) - Starting XceiverServerRatis 650ee283-e4bb-452b-a208-1b125254dcf6
2023-01-03 10:08:50,600 [EndpointStateMachine task thread for /0.0.0.0:40787 - 0 ] INFO  server.RaftServer (RaftServerProxy.java:startImpl(393)) - 650ee283-e4bb-452b-a208-1b125254dcf6: start RPC server
2023-01-03 10:08:50,601 [EndpointStateMachine task thread for /0.0.0.0:40787 - 0 ] INFO  server.GrpcService (GrpcService.java:startImpl(262)) - 650ee283-e4bb-452b-a208-1b125254dcf6: GrpcService started, listening on 35579
2023-01-03 10:08:50,602 [EndpointStateMachine task thread for /0.0.0.0:40787 - 0 ] INFO  ratis.XceiverServerRatis (XceiverServerRatis.java:getRealPort(543)) - XceiverServerRatis 650ee283-e4bb-452b-a208-1b125254dcf6 is started using port 35579 for RATIS
2023-01-03 10:08:50,603 [EndpointStateMachine task thread for /0.0.0.0:40787 - 0 ] INFO  ratis.XceiverServerRatis (XceiverServerRatis.java:getRealPort(543)) - XceiverServerRatis 650ee283-e4bb-452b-a208-1b125254dcf6 is started using port 35579 for RATIS_ADMIN
2023-01-03 10:08:50,603 [JvmPauseMonitor21] INFO  util.JvmPauseMonitor (JvmPauseMonitor.java:run(105)) - JvmPauseMonitor-650ee283-e4bb-452b-a208-1b125254dcf6: Started
2023-01-03 10:08:50,603 [EndpointStateMachine task thread for /0.0.0.0:40787 - 0 ] INFO  ratis.XceiverServerRatis (XceiverServerRatis.java:getRealPort(543)) - XceiverServerRatis 650ee283-e4bb-452b-a208-1b125254dcf6 is started using port 35579 for RATIS_SERVER
2023-01-03 10:08:50,603 [EndpointStateMachine task thread for /0.0.0.0:40787 - 0 ] INFO  ratis.XceiverServerRatis (XceiverServerRatis.java:getRealPort(543)) - XceiverServerRatis 650ee283-e4bb-452b-a208-1b125254dcf6 is started using port 40065 for RATIS_DATASTREAM
2023-01-03 10:08:50,604 [EndpointStateMachine task thread for /0.0.0.0:40787 - 0 ] INFO  server.XceiverServerGrpc (XceiverServerGrpc.java:start(180)) - XceiverServerGrpc 650ee283-e4bb-452b-a208-1b125254dcf6 is started using port 40619
2023-01-03 10:08:51,342 [IPC Server handler 18 on default port 40787] INFO  net.NetworkTopologyImpl (NetworkTopologyImpl.java:add(112)) - Added a new node: /default-rack/2b04a8b1-164a-4310-98e7-450bb9581035
2023-01-03 10:08:51,343 [IPC Server handler 18 on default port 40787] INFO  node.SCMNodeManager (SCMNodeManager.java:register(397)) - Registered Data node : 2b04a8b1-164a-4310-98e7-450bb9581035{ip: 10.1.0.13, host: fv-az292-374.tqgtyn10aqxuxoi0mkfbldi5vh.jx.internal.cloudapp.net, ports: [REPLICATION=39627, RATIS=40297, RATIS_ADMIN=40297, RATIS_SERVER=40297, RATIS_DATASTREAM=40255, STANDALONE=33985], networkLocation: /default-rack, certSerialId: null, persistedOpState: null, persistedOpStateExpiryEpochSec: 0}
2023-01-03 10:08:51,345 [EventQueue-NodeRegistrationContainerReportForContainerSafeModeRule] INFO  safemode.SCMSafeModeManager (SCMSafeModeManager.java:validateSafeModeExitRules(200)) - ContainerSafeModeRule rule is successfully validated
2023-01-03 10:08:51,345 [EventQueue-NodeRegistrationContainerReportForDataNodeSafeModeRule] INFO  safemode.SCMSafeModeManager (DataNodeSafeModeRule.java:process(71)) - SCM in safe mode. 1 DataNodes registered, 3 required.
2023-01-03 10:08:51,346 [EventQueue-NewNodeForNewNodeHandler] INFO  pipeline.BackgroundPipelineCreator (BackgroundPipelineCreator.java:notifyEventTriggered(276)) - trigger a one-shot run on RatisPipelineUtilsThread.
2023-01-03 10:08:51,346 [EventQueue-PipelineReportForOneReplicaPipelineSafeModeRule] INFO  safemode.SCMSafeModeManager (SCMSafeModeManager.java:validateSafeModeExitRules(200)) - AtleastOneDatanodeReportedRule rule is successfully validated
2023-01-03 10:08:51,346 [RatisPipelineUtilsThread - 0] INFO  pipeline.RatisPipelineProvider (RatisPipelineProvider.java:lambda$create$0(206)) - Sending CreatePipelineCommand for pipeline:PipelineID=8b9567be-c115-4542-87c7-fd948da1788a to datanode:2b04a8b1-164a-4310-98e7-450bb9581035
2023-01-03 10:08:51,346 [RatisPipelineUtilsThread - 0] INFO  pipeline.PipelineStateManagerImpl (PipelineStateManagerImpl.java:addPipeline(103)) - Created pipeline Pipeline[ Id: 8b9567be-c115-4542-87c7-fd948da1788a, Nodes: 2b04a8b1-164a-4310-98e7-450bb9581035{ip: 10.1.0.13, host: fv-az292-374.tqgtyn10aqxuxoi0mkfbldi5vh.jx.internal.cloudapp.net, ports: [REPLICATION=39627, RATIS=40297, RATIS_ADMIN=40297, RATIS_SERVER=40297, RATIS_DATASTREAM=40255, STANDALONE=33985], networkLocation: /default-rack, certSerialId: null, persistedOpState: IN_SERVICE, persistedOpStateExpiryEpochSec: 0}, ReplicationConfig: RATIS/ONE, State:ALLOCATED, leaderId:, CreationTimestamp2023-01-03T10:08:51.346Z[Etc/UTC]].
2023-01-03 10:08:51,569 [Listener at 127.0.0.1/33423] INFO  ozone.MiniOzoneClusterImpl (MiniOzoneClusterImpl.java:lambda$waitForClusterToBeReady$0(217)) - Waiting for nodes to be ready. Got 1 of 5 DN Heartbeats.
2023-01-03 10:08:51,569 [Listener at 127.0.0.1/33423] INFO  ozone.MiniOzoneClusterImpl (MiniOzoneClusterImpl.java:lambda$waitForClusterToBeReady$0(220)) - Waiting for cluster to exit safe mode
2023-01-03 10:08:51,569 [Listener at 127.0.0.1/33423] INFO  ozone.MiniOzoneClusterImpl (MiniOzoneClusterImpl.java:lambda$waitForClusterToBeReady$0(222)) - SCM became leader
2023-01-03 10:08:51,654 [IPC Server handler 17 on default port 40787] INFO  net.NetworkTopologyImpl (NetworkTopologyImpl.java:add(112)) - Added a new node: /default-rack/79f3458c-2c66-4b3a-be39-3ff7abbb9f16
2023-01-03 10:08:51,654 [IPC Server handler 17 on default port 40787] INFO  node.SCMNodeManager (SCMNodeManager.java:register(397)) - Registered Data node : 79f3458c-2c66-4b3a-be39-3ff7abbb9f16{ip: 10.1.0.13, host: fv-az292-374.tqgtyn10aqxuxoi0mkfbldi5vh.jx.internal.cloudapp.net, ports: [REPLICATION=45677, RATIS=36965, RATIS_ADMIN=36965, RATIS_SERVER=36965, RATIS_DATASTREAM=36199, STANDALONE=36935], networkLocation: /default-rack, certSerialId: null, persistedOpState: null, persistedOpStateExpiryEpochSec: 0}
2023-01-03 10:08:51,655 [EventQueue-NewNodeForNewNodeHandler] INFO  pipeline.BackgroundPipelineCreator (BackgroundPipelineCreator.java:notifyEventTriggered(276)) - trigger a one-shot run on RatisPipelineUtilsThread.
2023-01-03 10:08:51,655 [EventQueue-NodeRegistrationContainerReportForDataNodeSafeModeRule] INFO  safemode.SCMSafeModeManager (DataNodeSafeModeRule.java:process(71)) - SCM in safe mode. 2 DataNodes registered, 3 required.
2023-01-03 10:08:51,656 [RatisPipelineUtilsThread - 0] INFO  pipeline.RatisPipelineProvider (RatisPipelineProvider.java:lambda$create$0(206)) - Sending CreatePipelineCommand for pipeline:PipelineID=103835c5-9812-442d-9bb0-621b032d82eb to datanode:79f3458c-2c66-4b3a-be39-3ff7abbb9f16
2023-01-03 10:08:51,656 [RatisPipelineUtilsThread - 0] INFO  pipeline.PipelineStateManagerImpl (PipelineStateManagerImpl.java:addPipeline(103)) - Created pipeline Pipeline[ Id: 103835c5-9812-442d-9bb0-621b032d82eb, Nodes: 79f3458c-2c66-4b3a-be39-3ff7abbb9f16{ip: 10.1.0.13, host: fv-az292-374.tqgtyn10aqxuxoi0mkfbldi5vh.jx.internal.cloudapp.net, ports: [REPLICATION=45677, RATIS=36965, RATIS_ADMIN=36965, RATIS_SERVER=36965, RATIS_DATASTREAM=36199, STANDALONE=36935], networkLocation: /default-rack, certSerialId: null, persistedOpState: IN_SERVICE, persistedOpStateExpiryEpochSec: 0}, ReplicationConfig: RATIS/ONE, State:ALLOCATED, leaderId:, CreationTimestamp2023-01-03T10:08:51.656Z[Etc/UTC]].
2023-01-03 10:08:51,964 [IPC Server handler 16 on default port 40787] INFO  net.NetworkTopologyImpl (NetworkTopologyImpl.java:add(112)) - Added a new node: /default-rack/5f4e8170-34f9-42fb-8ea2-3b8d58ff5808
2023-01-03 10:08:51,964 [IPC Server handler 16 on default port 40787] INFO  node.SCMNodeManager (SCMNodeManager.java:register(397)) - Registered Data node : 5f4e8170-34f9-42fb-8ea2-3b8d58ff5808{ip: 10.1.0.13, host: fv-az292-374.tqgtyn10aqxuxoi0mkfbldi5vh.jx.internal.cloudapp.net, ports: [REPLICATION=37739, RATIS=43165, RATIS_ADMIN=43165, RATIS_SERVER=43165, RATIS_DATASTREAM=42261, STANDALONE=46235], networkLocation: /default-rack, certSerialId: null, persistedOpState: null, persistedOpStateExpiryEpochSec: 0}
2023-01-03 10:08:51,965 [EventQueue-NewNodeForNewNodeHandler] INFO  pipeline.BackgroundPipelineCreator (BackgroundPipelineCreator.java:notifyEventTriggered(276)) - trigger a one-shot run on RatisPipelineUtilsThread.
2023-01-03 10:08:51,965 [EventQueue-NodeRegistrationContainerReportForDataNodeSafeModeRule] INFO  safemode.SCMSafeModeManager (DataNodeSafeModeRule.java:process(71)) - SCM in safe mode. 3 DataNodes registered, 3 required.
2023-01-03 10:08:51,965 [RatisPipelineUtilsThread - 0] INFO  pipeline.RatisPipelineProvider (RatisPipelineProvider.java:lambda$create$0(206)) - Sending CreatePipelineCommand for pipeline:PipelineID=b1a02c10-5c9c-4ed5-8a11-83d7eae2bc9f to datanode:5f4e8170-34f9-42fb-8ea2-3b8d58ff5808
2023-01-03 10:08:51,965 [EventQueue-NodeRegistrationContainerReportForDataNodeSafeModeRule] INFO  safemode.SCMSafeModeManager (SCMSafeModeManager.java:validateSafeModeExitRules(200)) - DataNodeSafeModeRule rule is successfully validated
2023-01-03 10:08:51,966 [EventQueue-NodeRegistrationContainerReportForDataNodeSafeModeRule] INFO  safemode.SCMSafeModeManager (SCMSafeModeManager.java:completePreCheck(229)) - All SCM safe mode pre check rules have passed
2023-01-03 10:08:51,966 [EventQueue-NodeRegistrationContainerReportForDataNodeSafeModeRule] INFO  ha.SCMContext (SCMContext.java:updateSafeModeStatus(228)) - Update SafeModeStatus from SafeModeStatus{safeModeStatus=true, preCheckPassed=false} to SafeModeStatus{safeModeStatus=true, preCheckPassed=true}.
2023-01-03 10:08:51,966 [EventQueue-NodeRegistrationContainerReportForDataNodeSafeModeRule] INFO  pipeline.BackgroundPipelineCreator (BackgroundPipelineCreator.java:notifyEventTriggered(276)) - trigger a one-shot run on RatisPipelineUtilsThread.
2023-01-03 10:08:51,966 [RatisPipelineUtilsThread - 0] INFO  pipeline.PipelineStateManagerImpl (PipelineStateManagerImpl.java:addPipeline(103)) - Created pipeline Pipeline[ Id: b1a02c10-5c9c-4ed5-8a11-83d7eae2bc9f, Nodes: 5f4e8170-34f9-42fb-8ea2-3b8d58ff5808{ip: 10.1.0.13, host: fv-az292-374.tqgtyn10aqxuxoi0mkfbldi5vh.jx.internal.cloudapp.net, ports: [REPLICATION=37739, RATIS=43165, RATIS_ADMIN=43165, RATIS_SERVER=43165, RATIS_DATASTREAM=42261, STANDALONE=46235], networkLocation: /default-rack, certSerialId: null, persistedOpState: IN_SERVICE, persistedOpStateExpiryEpochSec: 0}, ReplicationConfig: RATIS/ONE, State:ALLOCATED, leaderId:, CreationTimestamp2023-01-03T10:08:51.965Z[Etc/UTC]].
2023-01-03 10:08:51,966 [RatisPipelineUtilsThread - 0] INFO  pipeline.RatisPipelineProvider (RatisPipelineProvider.java:lambda$create$0(206)) - Sending CreatePipelineCommand for pipeline:PipelineID=50c77487-7da9-455f-8830-8e8dd5c4c90a to datanode:2b04a8b1-164a-4310-98e7-450bb9581035
2023-01-03 10:08:51,966 [RatisPipelineUtilsThread - 0] INFO  pipeline.RatisPipelineProvider (RatisPipelineProvider.java:lambda$create$0(206)) - Sending CreatePipelineCommand for pipeline:PipelineID=50c77487-7da9-455f-8830-8e8dd5c4c90a to datanode:79f3458c-2c66-4b3a-be39-3ff7abbb9f16
2023-01-03 10:08:51,966 [RatisPipelineUtilsThread - 0] INFO  pipeline.RatisPipelineProvider (RatisPipelineProvider.java:lambda$create$0(206)) - Sending CreatePipelineCommand for pipeline:PipelineID=50c77487-7da9-455f-8830-8e8dd5c4c90a to datanode:5f4e8170-34f9-42fb-8ea2-3b8d58ff5808
2023-01-03 10:08:51,966 [RatisPipelineUtilsThread - 0] INFO  pipeline.PipelineStateManagerImpl (PipelineStateManagerImpl.java:addPipeline(103)) - Created pipeline Pipeline[ Id: 50c77487-7da9-455f-8830-8e8dd5c4c90a, Nodes: 2b04a8b1-164a-4310-98e7-450bb9581035{ip: 10.1.0.13, host: fv-az292-374.tqgtyn10aqxuxoi0mkfbldi5vh.jx.internal.cloudapp.net, ports: [REPLICATION=39627, RATIS=40297, RATIS_ADMIN=40297, RATIS_SERVER=40297, RATIS_DATASTREAM=40255, STANDALONE=33985], networkLocation: /default-rack, certSerialId: null, persistedOpState: IN_SERVICE, persistedOpStateExpiryEpochSec: 0}79f3458c-2c66-4b3a-be39-3ff7abbb9f16{ip: 10.1.0.13, host: fv-az292-374.tqgtyn10aqxuxoi0mkfbldi5vh.jx.internal.cloudapp.net, ports: [REPLICATION=45677, RATIS=36965, RATIS_ADMIN=36965, RATIS_SERVER=36965, RATIS_DATASTREAM=36199, STANDALONE=36935], networkLocation: /default-rack, certSerialId: null, persistedOpState: IN_SERVICE, persistedOpStateExpiryEpochSec: 0}5f4e8170-34f9-42fb-8ea2-3b8d58ff5808{ip: 10.1.0.13, host: fv-az292-374.tqgtyn10aqxuxoi0mkfbldi5vh.jx.internal.cloudapp.net, ports: [REPLICATION=37739, RATIS=43165, RATIS_ADMIN=43165, RATIS_SERVER=43165, RATIS_DATASTREAM=42261, STANDALONE=46235], networkLocation: /default-rack, certSerialId: null, persistedOpState: IN_SERVICE, persistedOpStateExpiryEpochSec: 0}, ReplicationConfig: RATIS/THREE, State:ALLOCATED, leaderId:, CreationTimestamp2023-01-03T10:08:51.966Z[Etc/UTC]].
2023-01-03 10:08:51,967 [RatisPipelineUtilsThread - 0] INFO  pipeline.RatisPipelineProvider (RatisPipelineProvider.java:lambda$create$0(206)) - Sending CreatePipelineCommand for pipeline:PipelineID=a8033612-cbfe-412f-bfd8-5e2e418421ad to datanode:2b04a8b1-164a-4310-98e7-450bb9581035
2023-01-03 10:08:51,967 [RatisPipelineUtilsThread - 0] INFO  pipeline.RatisPipelineProvider (RatisPipelineProvider.java:lambda$create$0(206)) - Sending CreatePipelineCommand for pipeline:PipelineID=a8033612-cbfe-412f-bfd8-5e2e418421ad to datanode:79f3458c-2c66-4b3a-be39-3ff7abbb9f16
2023-01-03 10:08:51,967 [RatisPipelineUtilsThread - 0] INFO  pipeline.RatisPipelineProvider (RatisPipelineProvider.java:lambda$create$0(206)) - Sending CreatePipelineCommand for pipeline:PipelineID=a8033612-cbfe-412f-bfd8-5e2e418421ad to datanode:5f4e8170-34f9-42fb-8ea2-3b8d58ff5808
2023-01-03 10:08:51,967 [RatisPipelineUtilsThread - 0] INFO  pipeline.PipelineStateManagerImpl (PipelineStateManagerImpl.java:addPipeline(103)) - Created pipeline Pipeline[ Id: a8033612-cbfe-412f-bfd8-5e2e418421ad, Nodes: 2b04a8b1-164a-4310-98e7-450bb9581035{ip: 10.1.0.13, host: fv-az292-374.tqgtyn10aqxuxoi0mkfbldi5vh.jx.internal.cloudapp.net, ports: [REPLICATION=39627, RATIS=40297, RATIS_ADMIN=40297, RATIS_SERVER=40297, RATIS_DATASTREAM=40255, STANDALONE=33985], networkLocation: /default-rack, certSerialId: null, persistedOpState: IN_SERVICE, persistedOpStateExpiryEpochSec: 0}79f3458c-2c66-4b3a-be39-3ff7abbb9f16{ip: 10.1.0.13, host: fv-az292-374.tqgtyn10aqxuxoi0mkfbldi5vh.jx.internal.cloudapp.net, ports: [REPLICATION=45677, RATIS=36965, RATIS_ADMIN=36965, RATIS_SERVER=36965, RATIS_DATASTREAM=36199, STANDALONE=36935], networkLocation: /default-rack, certSerialId: null, persistedOpState: IN_SERVICE, persistedOpStateExpiryEpochSec: 0}5f4e8170-34f9-42fb-8ea2-3b8d58ff5808{ip: 10.1.0.13, host: fv-az292-374.tqgtyn10aqxuxoi0mkfbldi5vh.jx.internal.cloudapp.net, ports: [REPLICATION=37739, RATIS=43165, RATIS_ADMIN=43165, RATIS_SERVER=43165, RATIS_DATASTREAM=42261, STANDALONE=46235], networkLocation: /default-rack, certSerialId: null, persistedOpState: IN_SERVICE, persistedOpStateExpiryEpochSec: 0}, ReplicationConfig: RATIS/THREE, State:ALLOCATED, leaderId:, CreationTimestamp2023-01-03T10:08:51.967Z[Etc/UTC]].
2023-01-03 10:08:51,967 [RatisPipelineUtilsThread - 0] INFO  pipeline.PipelineManagerImpl (PipelineManagerImpl.java:recordMetricsForPipeline(826)) - Pipeline: PipelineID=a8033612-cbfe-412f-bfd8-5e2e418421ad contains same datanodes as previous pipelines: PipelineID=50c77487-7da9-455f-8830-8e8dd5c4c90a nodeIds: 2b04a8b1-164a-4310-98e7-450bb9581035, 79f3458c-2c66-4b3a-be39-3ff7abbb9f16, 5f4e8170-34f9-42fb-8ea2-3b8d58ff5808
2023-01-03 10:08:51,967 [RatisPipelineUtilsThread - 0] WARN  pipeline.PipelinePlacementPolicy (PipelinePlacementPolicy.java:filterViableNodes(158)) - Pipeline creation failed due to no sufficient healthy datanodes. Required 3. Found 0.
2023-01-03 10:08:51,968 [RatisPipelineUtilsThread - 0] WARN  pipeline.PipelinePlacementPolicy (PipelinePlacementPolicy.java:filterViableNodes(158)) - Pipeline creation failed due to no sufficient healthy datanodes. Required 3. Found 0.
2023-01-03 10:08:52,282 [IPC Server handler 14 on default port 40787] INFO  net.NetworkTopologyImpl (NetworkTopologyImpl.java:add(112)) - Added a new node: /default-rack/d48ece42-6afd-4397-aae1-ec0ffb2cc7c4
2023-01-03 10:08:52,282 [IPC Server handler 14 on default port 40787] INFO  node.SCMNodeManager (SCMNodeManager.java:register(397)) - Registered Data node : d48ece42-6afd-4397-aae1-ec0ffb2cc7c4{ip: 10.1.0.13, host: fv-az292-374.tqgtyn10aqxuxoi0mkfbldi5vh.jx.internal.cloudapp.net, ports: [REPLICATION=36375, RATIS=34711, RATIS_ADMIN=34711, RATIS_SERVER=34711, RATIS_DATASTREAM=37501, STANDALONE=43325], networkLocation: /default-rack, certSerialId: null, persistedOpState: null, persistedOpStateExpiryEpochSec: 0}
2023-01-03 10:08:52,282 [EventQueue-NewNodeForNewNodeHandler] INFO  pipeline.BackgroundPipelineCreator (BackgroundPipelineCreator.java:notifyEventTriggered(276)) - trigger a one-shot run on RatisPipelineUtilsThread.
2023-01-03 10:08:52,283 [RatisPipelineUtilsThread - 0] INFO  pipeline.RatisPipelineProvider (RatisPipelineProvider.java:lambda$create$0(206)) - Sending CreatePipelineCommand for pipeline:PipelineID=e4577e56-a5b1-4088-a3cb-038177daeb9e to datanode:d48ece42-6afd-4397-aae1-ec0ffb2cc7c4
2023-01-03 10:08:52,283 [RatisPipelineUtilsThread - 0] INFO  pipeline.PipelineStateManagerImpl (PipelineStateManagerImpl.java:addPipeline(103)) - Created pipeline Pipeline[ Id: e4577e56-a5b1-4088-a3cb-038177daeb9e, Nodes: d48ece42-6afd-4397-aae1-ec0ffb2cc7c4{ip: 10.1.0.13, host: fv-az292-374.tqgtyn10aqxuxoi0mkfbldi5vh.jx.internal.cloudapp.net, ports: [REPLICATION=36375, RATIS=34711, RATIS_ADMIN=34711, RATIS_SERVER=34711, RATIS_DATASTREAM=37501, STANDALONE=43325], networkLocation: /default-rack, certSerialId: null, persistedOpState: IN_SERVICE, persistedOpStateExpiryEpochSec: 0}, ReplicationConfig: RATIS/ONE, State:ALLOCATED, leaderId:, CreationTimestamp2023-01-03T10:08:52.283Z[Etc/UTC]].
2023-01-03 10:08:52,283 [RatisPipelineUtilsThread - 0] WARN  pipeline.PipelinePlacementPolicy (PipelinePlacementPolicy.java:filterViableNodes(158)) - Pipeline creation failed due to no sufficient healthy datanodes. Required 3. Found 1.
2023-01-03 10:08:52,569 [Listener at 127.0.0.1/33423] INFO  ozone.MiniOzoneClusterImpl (MiniOzoneClusterImpl.java:lambda$waitForClusterToBeReady$0(217)) - Waiting for nodes to be ready. Got 4 of 5 DN Heartbeats.
2023-01-03 10:08:52,569 [Listener at 127.0.0.1/33423] INFO  ozone.MiniOzoneClusterImpl (MiniOzoneClusterImpl.java:lambda$waitForClusterToBeReady$0(220)) - Waiting for cluster to exit safe mode
2023-01-03 10:08:52,569 [Listener at 127.0.0.1/33423] INFO  ozone.MiniOzoneClusterImpl (MiniOzoneClusterImpl.java:lambda$waitForClusterToBeReady$0(222)) - SCM became leader
2023-01-03 10:08:52,571 [IPC Server handler 19 on default port 40787] INFO  net.NetworkTopologyImpl (NetworkTopologyImpl.java:add(112)) - Added a new node: /default-rack/650ee283-e4bb-452b-a208-1b125254dcf6
2023-01-03 10:08:52,571 [IPC Server handler 19 on default port 40787] INFO  node.SCMNodeManager (SCMNodeManager.java:register(397)) - Registered Data node : 650ee283-e4bb-452b-a208-1b125254dcf6{ip: 10.1.0.13, host: fv-az292-374.tqgtyn10aqxuxoi0mkfbldi5vh.jx.internal.cloudapp.net, ports: [REPLICATION=37411, RATIS=35579, RATIS_ADMIN=35579, RATIS_SERVER=35579, RATIS_DATASTREAM=40065, STANDALONE=40619], networkLocation: /default-rack, certSerialId: null, persistedOpState: null, persistedOpStateExpiryEpochSec: 0}
2023-01-03 10:08:52,571 [EventQueue-NewNodeForNewNodeHandler] INFO  pipeline.BackgroundPipelineCreator (BackgroundPipelineCreator.java:notifyEventTriggered(276)) - trigger a one-shot run on RatisPipelineUtilsThread.
2023-01-03 10:08:52,571 [RatisPipelineUtilsThread - 0] INFO  pipeline.RatisPipelineProvider (RatisPipelineProvider.java:lambda$create$0(206)) - Sending CreatePipelineCommand for pipeline:PipelineID=3013a338-cbb6-42ce-8736-dc02a87ad900 to datanode:650ee283-e4bb-452b-a208-1b125254dcf6
2023-01-03 10:08:52,572 [RatisPipelineUtilsThread - 0] INFO  pipeline.PipelineStateManagerImpl (PipelineStateManagerImpl.java:addPipeline(103)) - Created pipeline Pipeline[ Id: 3013a338-cbb6-42ce-8736-dc02a87ad900, Nodes: 650ee283-e4bb-452b-a208-1b125254dcf6{ip: 10.1.0.13, host: fv-az292-374.tqgtyn10aqxuxoi0mkfbldi5vh.jx.internal.cloudapp.net, ports: [REPLICATION=37411, RATIS=35579, RATIS_ADMIN=35579, RATIS_SERVER=35579, RATIS_DATASTREAM=40065, STANDALONE=40619], networkLocation: /default-rack, certSerialId: null, persistedOpState: IN_SERVICE, persistedOpStateExpiryEpochSec: 0}, ReplicationConfig: RATIS/ONE, State:ALLOCATED, leaderId:, CreationTimestamp2023-01-03T10:08:52.571Z[Etc/UTC]].
2023-01-03 10:08:52,572 [RatisPipelineUtilsThread - 0] WARN  pipeline.PipelinePlacementPolicy (PipelinePlacementPolicy.java:filterViableNodes(158)) - Pipeline creation failed due to no sufficient healthy datanodes. Required 3. Found 2.
2023-01-03 10:08:53,343 [EventQueue-CommandQueueReportForCommandQueueReportHandler] WARN  events.EventQueue (EventQueue.java:fireEvent(216)) - No event handler registered for event TypedEvent{payloadType=DatanodeDetails, name='Datanode_Command_Queue_Updated'}
2023-01-03 10:08:53,570 [Listener at 127.0.0.1/33423] INFO  ozone.MiniOzoneClusterImpl (MiniOzoneClusterImpl.java:lambda$waitForClusterToBeReady$0(217)) - Nodes are ready. Got 5 of 5 DN Heartbeats.
2023-01-03 10:08:53,570 [Listener at 127.0.0.1/33423] INFO  ozone.MiniOzoneClusterImpl (MiniOzoneClusterImpl.java:lambda$waitForClusterToBeReady$0(220)) - Waiting for cluster to exit safe mode
2023-01-03 10:08:53,570 [Listener at 127.0.0.1/33423] INFO  ozone.MiniOzoneClusterImpl (MiniOzoneClusterImpl.java:lambda$waitForClusterToBeReady$0(222)) - SCM became leader
2023-01-03 10:08:53,653 [EventQueue-CommandQueueReportForCommandQueueReportHandler] WARN  events.EventQueue (EventQueue.java:fireEvent(216)) - No event handler registered for event TypedEvent{payloadType=DatanodeDetails, name='Datanode_Command_Queue_Updated'}
2023-01-03 10:08:53,964 [EventQueue-CommandQueueReportForCommandQueueReportHandler] WARN  events.EventQueue (EventQueue.java:fireEvent(216)) - No event handler registered for event TypedEvent{payloadType=DatanodeDetails, name='Datanode_Command_Queue_Updated'}
2023-01-03 10:08:54,282 [EventQueue-CommandQueueReportForCommandQueueReportHandler] WARN  events.EventQueue (EventQueue.java:fireEvent(216)) - No event handler registered for event TypedEvent{payloadType=DatanodeDetails, name='Datanode_Command_Queue_Updated'}
2023-01-03 10:08:54,343 [Command processor thread] INFO  server.RaftServer (RaftServerProxy.java:addNew(96)) - 2b04a8b1-164a-4310-98e7-450bb9581035: addNew group-FD948DA1788A:[2b04a8b1-164a-4310-98e7-450bb9581035|rpc:10.1.0.13:40297|dataStream:10.1.0.13:40255|priority:1|startupRole:FOLLOWER] returns group-FD948DA1788A:java.util.concurrent.CompletableFuture@10263349[Not completed]
2023-01-03 10:08:54,344 [EventQueue-CommandQueueReportForCommandQueueReportHandler] WARN  events.EventQueue (EventQueue.java:fireEvent(216)) - No event handler registered for event TypedEvent{payloadType=DatanodeDetails, name='Datanode_Command_Queue_Updated'}
2023-01-03 10:08:54,344 [pool-687-thread-1] INFO  server.RaftServer$Division (RaftServerImpl.java:<init>(195)) - 2b04a8b1-164a-4310-98e7-450bb9581035: new RaftServerImpl for group-FD948DA1788A:[2b04a8b1-164a-4310-98e7-450bb9581035|rpc:10.1.0.13:40297|dataStream:10.1.0.13:40255|priority:1|startupRole:FOLLOWER] with ContainerStateMachine:uninitialized
2023-01-03 10:08:54,344 [pool-687-thread-1] INFO  server.RaftServerConfigKeys (ConfUtils.java:logGet(46)) - raft.server.rpc.timeout.min = 5s (custom)
2023-01-03 10:08:54,344 [pool-687-thread-1] INFO  server.RaftServerConfigKeys (ConfUtils.java:logGet(46)) - raft.server.rpc.timeout.max = 5200ms (custom)
2023-01-03 10:08:54,344 [pool-687-thread-1] INFO  server.RaftServerConfigKeys (ConfUtils.java:logGet(46)) - raft.server.rpc.sleep.time = 25ms (default)
2023-01-03 10:08:54,344 [pool-687-thread-1] INFO  server.RaftServerConfigKeys (ConfUtils.java:logGet(46)) - raft.server.rpc.slowness.timeout = 300s (custom)
2023-01-03 10:08:54,344 [pool-687-thread-1] INFO  server.RaftServerConfigKeys (ConfUtils.java:logGet(46)) - raft.server.leaderelection.leader.step-down.wait-time = 10s (default)
2023-01-03 10:08:54,344 [pool-687-thread-1] INFO  server.RaftServerConfigKeys (ConfUtils.java:logGet(46)) - raft.server.sleep.deviation.threshold = 300ms (default)
2023-01-03 10:08:54,344 [pool-687-thread-1] INFO  server.RaftServer$Division (ServerState.java:<init>(118)) - 2b04a8b1-164a-4310-98e7-450bb9581035@group-FD948DA1788A: ConfigurationManager, init=-1: peers:[2b04a8b1-164a-4310-98e7-450bb9581035|rpc:10.1.0.13:40297|dataStream:10.1.0.13:40255|priority:1|startupRole:FOLLOWER]|listeners:[], old=null, confs=<EMPTY_MAP>
2023-01-03 10:08:54,345 [pool-687-thread-1] INFO  server.RaftServerConfigKeys (ConfUtils.java:logGet(46)) - raft.server.storage.dir = [/home/runner/work/ozone/ozone/hadoop-ozone/integration-test/target/test-dir/MiniOzoneClusterImpl-1bcd6b1f-11f6-453e-b314-ff0bb9fde82c/datanode-0/data/ratis] (custom)
2023-01-03 10:08:54,345 [pool-687-thread-1] INFO  server.RaftServerConfigKeys (ConfUtils.java:logGet(46)) - raft.server.log.corruption.policy = EXCEPTION (default)
2023-01-03 10:08:54,345 [pool-687-thread-1] INFO  server.RaftServerConfigKeys (ConfUtils.java:logGet(46)) - raft.server.storage.free-space.min = 0MB (=0) (default)
2023-01-03 10:08:54,345 [pool-687-thread-1] INFO  server.RaftServerConfigKeys (ConfUtils.java:logGet(46)) - raft.server.notification.no-leader.timeout = 300s (custom)
2023-01-03 10:08:54,345 [pool-687-thread-1] INFO  server.RaftServerConfigKeys (ConfUtils.java:logGet(46)) - raft.server.retrycache.expirytime = 600000ms (custom)
2023-01-03 10:08:54,345 [pool-687-thread-1] INFO  server.RaftServerConfigKeys (ConfUtils.java:logGet(46)) - raft.server.retrycache.statistics.expirytime = 100μs (default)
2023-01-03 10:08:54,345 [pool-687-thread-1] INFO  server.RaftServerConfigKeys (ConfUtils.java:logGet(46)) - raft.server.log.appender.install.snapshot.enabled = false (custom)
2023-01-03 10:08:54,345 [pool-687-thread-1] INFO  server.RaftServerConfigKeys (ConfUtils.java:logGet(46)) - raft.server.threadpool.server.cached = true (default)
2023-01-03 10:08:54,345 [pool-687-thread-1] INFO  server.RaftServerConfigKeys (ConfUtils.java:logGet(46)) - raft.server.threadpool.server.size = 0 (default)
2023-01-03 10:08:54,345 [pool-687-thread-1] INFO  server.RaftServerConfigKeys (ConfUtils.java:logGet(46)) - raft.server.threadpool.client.cached = true (default)
2023-01-03 10:08:54,345 [pool-687-thread-1] INFO  server.RaftServerConfigKeys (ConfUtils.java:logGet(46)) - raft.server.threadpool.client.size = 0 (default)
2023-01-03 10:08:54,346 [pool-687-thread-1] INFO  storage.RaftStorageDirectory (RaftStorageDirectoryImpl.java:analyzeStorage(137)) - The storage directory /home/runner/work/ozone/ozone/hadoop-ozone/integration-test/target/test-dir/MiniOzoneClusterImpl-1bcd6b1f-11f6-453e-b314-ff0bb9fde82c/datanode-0/data/ratis/8b9567be-c115-4542-87c7-fd948da1788a does not exist. Creating ...
2023-01-03 10:08:54,346 [pool-687-thread-1] INFO  storage.RaftStorageDirectory (RaftStorageDirectoryImpl.java:tryLock(231)) - Lock on /home/runner/work/ozone/ozone/hadoop-ozone/integration-test/target/test-dir/MiniOzoneClusterImpl-1bcd6b1f-11f6-453e-b314-ff0bb9fde82c/datanode-0/data/ratis/8b9567be-c115-4542-87c7-fd948da1788a/in_use.lock acquired by nodename 9440@fv-az292-374
2023-01-03 10:08:54,348 [pool-687-thread-1] INFO  storage.RaftStorage (RaftStorageImpl.java:format(96)) - Storage directory /home/runner/work/ozone/ozone/hadoop-ozone/integration-test/target/test-dir/MiniOzoneClusterImpl-1bcd6b1f-11f6-453e-b314-ff0bb9fde82c/datanode-0/data/ratis/8b9567be-c115-4542-87c7-fd948da1788a has been successfully formatted.
2023-01-03 10:08:54,348 [pool-687-thread-1] INFO  ratis.ContainerStateMachine (ContainerStateMachine.java:loadSnapshot(240)) - group-FD948DA1788A: The snapshot info is null. Setting the last applied indexto:(t:0, i:~)
2023-01-03 10:08:54,349 [pool-687-thread-1] INFO  server.RaftServerConfigKeys (ConfUtils.java:logGet(46)) - raft.server.log.use.memory = false (default)
2023-01-03 10:08:54,349 [pool-687-thread-1] INFO  server.RaftServerConfigKeys (ConfUtils.java:logGet(46)) - raft.server.log.purge.gap = 1000000 (custom)
2023-01-03 10:08:54,349 [pool-687-thread-1] INFO  server.RaftServerConfigKeys (ConfUtils.java:logGet(46)) - raft.server.log.appender.buffer.byte-limit = 33554432 (custom)
2023-01-03 10:08:54,349 [pool-687-thread-1] INFO  server.RaftServerConfigKeys (ConfUtils.java:logGet(46)) - raft.server.log.statemachine.data.read.timeout = 1000ms (default)
2023-01-03 10:08:54,349 [pool-687-thread-1] INFO  server.RaftServerConfigKeys (ConfUtils.java:logGet(46)) - raft.server.log.purge.preservation.log.num = 0 (default)
2023-01-03 10:08:54,349 [pool-687-thread-1] INFO  server.RaftServerConfigKeys (ConfUtils.java:logGet(46)) - raft.server.log.segment.size.max = 1048576 (custom)
2023-01-03 10:08:54,349 [pool-687-thread-1] INFO  server.RaftServerConfigKeys (ConfUtils.java:logGet(46)) - raft.server.log.segment.cache.num.max = 2 (custom)
2023-01-03 10:08:54,349 [pool-687-thread-1] INFO  server.RaftServerConfigKeys (ConfUtils.java:logGet(46)) - raft.server.log.segment.cache.size.max = 200MB (=209715200) (default)
2023-01-03 10:08:54,349 [pool-687-thread-1] INFO  segmented.SegmentedRaftLogWorker (SegmentedRaftLogWorker.java:<init>(189)) - new 2b04a8b1-164a-4310-98e7-450bb9581035@group-FD948DA1788A-SegmentedRaftLogWorker for RaftStorageImpl:Storage Directory /home/runner/work/ozone/ozone/hadoop-ozone/integration-test/target/test-dir/MiniOzoneClusterImpl-1bcd6b1f-11f6-453e-b314-ff0bb9fde82c/datanode-0/data/ratis/8b9567be-c115-4542-87c7-fd948da1788a
2023-01-03 10:08:54,349 [pool-687-thread-1] INFO  server.RaftServerConfigKeys (ConfUtils.java:logGet(46)) - raft.server.log.queue.byte-limit = 4294967296 (custom)
2023-01-03 10:08:54,349 [pool-687-thread-1] INFO  server.RaftServerConfigKeys (ConfUtils.java:logGet(46)) - raft.server.log.queue.element-limit = 1024 (custom)
2023-01-03 10:08:54,349 [pool-687-thread-1] INFO  server.RaftServerConfigKeys (ConfUtils.java:logGet(46)) - raft.server.log.segment.size.max = 1048576 (custom)
2023-01-03 10:08:54,349 [pool-687-thread-1] INFO  server.RaftServerConfigKeys (ConfUtils.java:logGet(46)) - raft.server.log.preallocated.size = 16384 (custom)
2023-01-03 10:08:54,349 [pool-687-thread-1] INFO  server.RaftServerConfigKeys (ConfUtils.java:logGet(46)) - raft.server.log.force.sync.num = 128 (default)
2023-01-03 10:08:54,349 [pool-687-thread-1] INFO  server.RaftServerConfigKeys (ConfUtils.java:logGet(46)) - raft.server.log.statemachine.data.sync = true (default)
2023-01-03 10:08:54,349 [pool-687-thread-1] INFO  server.RaftServerConfigKeys (ConfUtils.java:logGet(46)) - raft.server.log.statemachine.data.sync.timeout = 10s (default)
2023-01-03 10:08:54,349 [pool-687-thread-1] INFO  server.RaftServerConfigKeys (ConfUtils.java:logGet(46)) - raft.server.log.statemachine.data.sync.timeout.retry = -1 (default)
2023-01-03 10:08:54,350 [pool-687-thread-1] INFO  server.RaftServerConfigKeys (ConfUtils.java:logGet(46)) - raft.server.log.write.buffer.size = 1048576 (custom)
2023-01-03 10:08:54,350 [EventQueue-CommandQueueReportForCommandQueueReportHandler] WARN  events.EventQueue (EventQueue.java:fireEvent(216)) - No event handler registered for event TypedEvent{payloadType=DatanodeDetails, name='Datanode_Command_Queue_Updated'}
2023-01-03 10:08:54,350 [EventQueue-PipelineReportForPipelineReportHandler] INFO  pipeline.PipelineManagerImpl (PipelineManagerImpl.java:openPipeline(367)) - Pipeline Pipeline[ Id: 8b9567be-c115-4542-87c7-fd948da1788a, Nodes: 2b04a8b1-164a-4310-98e7-450bb9581035{ip: 10.1.0.13, host: fv-az292-374.tqgtyn10aqxuxoi0mkfbldi5vh.jx.internal.cloudapp.net, ports: [REPLICATION=39627, RATIS=40297, RATIS_ADMIN=40297, RATIS_SERVER=40297, RATIS_DATASTREAM=40255, STANDALONE=33985], networkLocation: /default-rack, certSerialId: null, persistedOpState: IN_SERVICE, persistedOpStateExpiryEpochSec: 0}, ReplicationConfig: RATIS/ONE, State:ALLOCATED, leaderId:2b04a8b1-164a-4310-98e7-450bb9581035, CreationTimestamp2023-01-03T10:08:51.346Z[Etc/UTC]] moved to OPEN state
2023-01-03 10:08:54,350 [pool-687-thread-1] INFO  server.RaftServerConfigKeys (ConfUtils.java:logGet(46)) - raft.server.log.appender.buffer.byte-limit = 33554432 (custom)
2023-01-03 10:08:54,353 [pool-687-thread-1] INFO  server.RaftServerConfigKeys (ConfUtils.java:logGet(46)) - raft.server.log.unsafe-flush.enabled = false (default)
2023-01-03 10:08:54,353 [pool-687-thread-1] INFO  server.RaftServerConfigKeys (ConfUtils.java:logGet(46)) - raft.server.log.async-flush.enabled = false (default)
2023-01-03 10:08:54,353 [pool-687-thread-1] INFO  server.RaftServerConfigKeys (ConfUtils.java:logGet(46)) - raft.server.log.statemachine.data.caching.enabled = true (custom)
2023-01-03 10:08:54,354 [pool-687-thread-1] INFO  segmented.SegmentedRaftLogWorker (SegmentedRaftLogWorker.java:lambda$new$0(135)) - 2b04a8b1-164a-4310-98e7-450bb9581035@group-FD948DA1788A-SegmentedRaftLogWorker: flushIndex: setUnconditionally 0 -> -1
2023-01-03 10:08:54,354 [pool-687-thread-1] INFO  segmented.SegmentedRaftLogWorker (SegmentedRaftLogWorker.java:lambda$new$0(135)) - 2b04a8b1-164a-4310-98e7-450bb9581035@group-FD948DA1788A-SegmentedRaftLogWorker: safeCacheEvictIndex: setUnconditionally 0 -> -1
2023-01-03 10:08:54,354 [pool-687-thread-1] INFO  server.RaftServer$Division (RaftServerImpl.java:start(334)) - 2b04a8b1-164a-4310-98e7-450bb9581035@group-FD948DA1788A: start as a follower, conf=-1: peers:[2b04a8b1-164a-4310-98e7-450bb9581035|rpc:10.1.0.13:40297|dataStream:10.1.0.13:40255|priority:1|startupRole:FOLLOWER]|listeners:[], old=null
2023-01-03 10:08:54,354 [pool-687-thread-1] INFO  server.RaftServer$Division (RaftServerImpl.java:setRole(321)) - 2b04a8b1-164a-4310-98e7-450bb9581035@group-FD948DA1788A: changes role from      null to FOLLOWER at term 0 for startAsFollower
2023-01-03 10:08:54,354 [pool-687-thread-1] INFO  impl.RoleInfo (RoleInfo.java:updateAndGet(139)) - 2b04a8b1-164a-4310-98e7-450bb9581035: start 2b04a8b1-164a-4310-98e7-450bb9581035@group-FD948DA1788A-FollowerState
2023-01-03 10:08:54,354 [pool-687-thread-1] INFO  util.JmxRegister (JmxRegister.java:tryRegister(44)) - Successfully registered JMX Bean with object name Ratis:service=RaftServer,group=group-FD948DA1788A,id=2b04a8b1-164a-4310-98e7-450bb9581035
2023-01-03 10:08:54,354 [2b04a8b1-164a-4310-98e7-450bb9581035@group-FD948DA1788A-FollowerState] INFO  server.RaftServerConfigKeys (ConfUtils.java:logFallback(53)) - raft.server.rpc.first-election.timeout.min = 5s (fallback to raft.server.rpc.timeout.min)
2023-01-03 10:08:54,354 [pool-687-thread-1] INFO  server.RaftServerConfigKeys (ConfUtils.java:logGet(46)) - raft.server.snapshot.auto.trigger.enabled = true (custom)
2023-01-03 10:08:54,354 [pool-687-thread-1] INFO  server.RaftServerConfigKeys (ConfUtils.java:logGet(46)) - raft.server.snapshot.auto.trigger.threshold = 10000 (custom)
2023-01-03 10:08:54,354 [pool-687-thread-1] INFO  server.RaftServerConfigKeys (ConfUtils.java:logGet(46)) - raft.server.snapshot.retention.file.num = 5 (custom)
2023-01-03 10:08:54,354 [pool-687-thread-1] INFO  server.RaftServerConfigKeys (ConfUtils.java:logGet(46)) - raft.server.log.purge.upto.snapshot.index = false (default)
2023-01-03 10:08:54,354 [2b04a8b1-164a-4310-98e7-450bb9581035@group-FD948DA1788A-FollowerState] INFO  server.RaftServerConfigKeys (ConfUtils.java:logFallback(53)) - raft.server.rpc.first-election.timeout.max = 5200ms (fallback to raft.server.rpc.timeout.max)
2023-01-03 10:08:54,356 [Command processor thread] INFO  ratis.XceiverServerRatis (XceiverServerRatis.java:addGroup(806)) - Created group PipelineID=8b9567be-c115-4542-87c7-fd948da1788a
2023-01-03 10:08:54,356 [Command processor thread] INFO  commandhandler.CreatePipelineCommandHandler (CreatePipelineCommandHandler.java:handle(113)) - Created Pipeline RATIS ONE PipelineID=8b9567be-c115-4542-87c7-fd948da1788a.
2023-01-03 10:08:54,356 [Command processor thread] INFO  server.RaftServer (RaftServerProxy.java:addNew(96)) - 2b04a8b1-164a-4310-98e7-450bb9581035: addNew group-8E8DD5C4C90A:[2b04a8b1-164a-4310-98e7-450bb9581035|rpc:10.1.0.13:40297|dataStream:10.1.0.13:40255|priority:0|startupRole:FOLLOWER, 79f3458c-2c66-4b3a-be39-3ff7abbb9f16|rpc:10.1.0.13:36965|dataStream:10.1.0.13:36199|priority:1|startupRole:FOLLOWER, 5f4e8170-34f9-42fb-8ea2-3b8d58ff5808|rpc:10.1.0.13:43165|dataStream:10.1.0.13:42261|priority:0|startupRole:FOLLOWER] returns group-8E8DD5C4C90A:java.util.concurrent.CompletableFuture@1419a595[Not completed]
2023-01-03 10:08:54,358 [pool-687-thread-1] INFO  server.RaftServer$Division (RaftServerImpl.java:<init>(195)) - 2b04a8b1-164a-4310-98e7-450bb9581035: new RaftServerImpl for group-8E8DD5C4C90A:[2b04a8b1-164a-4310-98e7-450bb9581035|rpc:10.1.0.13:40297|dataStream:10.1.0.13:40255|priority:0|startupRole:FOLLOWER, 79f3458c-2c66-4b3a-be39-3ff7abbb9f16|rpc:10.1.0.13:36965|dataStream:10.1.0.13:36199|priority:1|startupRole:FOLLOWER, 5f4e8170-34f9-42fb-8ea2-3b8d58ff5808|rpc:10.1.0.13:43165|dataStream:10.1.0.13:42261|priority:0|startupRole:FOLLOWER] with ContainerStateMachine:uninitialized
2023-01-03 10:08:54,358 [pool-687-thread-1] INFO  server.RaftServerConfigKeys (ConfUtils.java:logGet(46)) - raft.server.rpc.timeout.min = 5s (custom)
2023-01-03 10:08:54,358 [pool-687-thread-1] INFO  server.RaftServerConfigKeys (ConfUtils.java:logGet(46)) - raft.server.rpc.timeout.max = 5200ms (custom)
2023-01-03 10:08:54,358 [pool-687-thread-1] INFO  server.RaftServerConfigKeys (ConfUtils.java:logGet(46)) - raft.server.rpc.sleep.time = 25ms (default)
2023-01-03 10:08:54,358 [pool-687-thread-1] INFO  server.RaftServerConfigKeys (ConfUtils.java:logGet(46)) - raft.server.rpc.slowness.timeout = 300s (custom)
2023-01-03 10:08:54,358 [pool-687-thread-1] INFO  server.RaftServerConfigKeys (ConfUtils.java:logGet(46)) - raft.server.leaderelection.leader.step-down.wait-time = 10s (default)
2023-01-03 10:08:54,358 [pool-687-thread-1] INFO  server.RaftServerConfigKeys (ConfUtils.java:logGet(46)) - raft.server.sleep.deviation.threshold = 300ms (default)
2023-01-03 10:08:54,358 [pool-687-thread-1] INFO  server.RaftServer$Division (ServerState.java:<init>(118)) - 2b04a8b1-164a-4310-98e7-450bb9581035@group-8E8DD5C4C90A: ConfigurationManager, init=-1: peers:[2b04a8b1-164a-4310-98e7-450bb9581035|rpc:10.1.0.13:40297|dataStream:10.1.0.13:40255|priority:0|startupRole:FOLLOWER, 79f3458c-2c66-4b3a-be39-3ff7abbb9f16|rpc:10.1.0.13:36965|dataStream:10.1.0.13:36199|priority:1|startupRole:FOLLOWER, 5f4e8170-34f9-42fb-8ea2-3b8d58ff5808|rpc:10.1.0.13:43165|dataStream:10.1.0.13:42261|priority:0|startupRole:FOLLOWER]|listeners:[], old=null, confs=<EMPTY_MAP>
2023-01-03 10:08:54,358 [pool-687-thread-1] INFO  server.RaftServerConfigKeys (ConfUtils.java:logGet(46)) - raft.server.storage.dir = [/home/runner/work/ozone/ozone/hadoop-ozone/integration-test/target/test-dir/MiniOzoneClusterImpl-1bcd6b1f-11f6-453e-b314-ff0bb9fde82c/datanode-0/data/ratis] (custom)
2023-01-03 10:08:54,358 [pool-687-thread-1] INFO  server.RaftServerConfigKeys (ConfUtils.java:logGet(46)) - raft.server.log.corruption.policy = EXCEPTION (default)
2023-01-03 10:08:54,358 [pool-687-thread-1] INFO  server.RaftServerConfigKeys (ConfUtils.java:logGet(46)) - raft.server.storage.free-space.min = 0MB (=0) (default)
2023-01-03 10:08:54,358 [pool-687-thread-1] INFO  server.RaftServerConfigKeys (ConfUtils.java:logGet(46)) - raft.server.notification.no-leader.timeout = 300s (custom)
2023-01-03 10:08:54,358 [pool-687-thread-1] INFO  server.RaftServerConfigKeys (ConfUtils.java:logGet(46)) - raft.server.retrycache.expirytime = 600000ms (custom)
2023-01-03 10:08:54,358 [pool-687-thread-1] INFO  server.RaftServerConfigKeys (ConfUtils.java:logGet(46)) - raft.server.retrycache.statistics.expirytime = 100μs (default)
2023-01-03 10:08:54,359 [pool-687-thread-1] INFO  server.RaftServerConfigKeys (ConfUtils.java:logGet(46)) - raft.server.log.appender.install.snapshot.enabled = false (custom)
2023-01-03 10:08:54,359 [pool-687-thread-1] INFO  server.RaftServerConfigKeys (ConfUtils.java:logGet(46)) - raft.server.threadpool.server.cached = true (default)
2023-01-03 10:08:54,359 [pool-687-thread-1] INFO  server.RaftServerConfigKeys (ConfUtils.java:logGet(46)) - raft.server.threadpool.server.size = 0 (default)
2023-01-03 10:08:54,359 [pool-687-thread-1] INFO  server.RaftServerConfigKeys (ConfUtils.java:logGet(46)) - raft.server.threadpool.client.cached = true (default)
2023-01-03 10:08:54,359 [pool-687-thread-1] INFO  server.RaftServerConfigKeys (ConfUtils.java:logGet(46)) - raft.server.threadpool.client.size = 0 (default)
2023-01-03 10:08:54,359 [pool-687-thread-1] INFO  storage.RaftStorageDirectory (RaftStorageDirectoryImpl.java:analyzeStorage(137)) - The storage directory /home/runner/work/ozone/ozone/hadoop-ozone/integration-test/target/test-dir/MiniOzoneClusterImpl-1bcd6b1f-11f6-453e-b314-ff0bb9fde82c/datanode-0/data/ratis/50c77487-7da9-455f-8830-8e8dd5c4c90a does not exist. Creating ...
2023-01-03 10:08:54,360 [EventQueue-OpenPipelineForHealthyPipelineSafeModeRule] INFO  safemode.SCMSafeModeManager (HealthyPipelineSafeModeRule.java:process(137)) - SCM in safe mode. Healthy pipelines reported count is 0, required healthy pipeline reported count is 1
2023-01-03 10:08:54,361 [pool-687-thread-1] INFO  storage.RaftStorageDirectory (RaftStorageDirectoryImpl.java:tryLock(231)) - Lock on /home/runner/work/ozone/ozone/hadoop-ozone/integration-test/target/test-dir/MiniOzoneClusterImpl-1bcd6b1f-11f6-453e-b314-ff0bb9fde82c/datanode-0/data/ratis/50c77487-7da9-455f-8830-8e8dd5c4c90a/in_use.lock acquired by nodename 9440@fv-az292-374
2023-01-03 10:08:54,362 [pool-687-thread-1] INFO  storage.RaftStorage (RaftStorageImpl.java:format(96)) - Storage directory /home/runner/work/ozone/ozone/hadoop-ozone/integration-test/target/test-dir/MiniOzoneClusterImpl-1bcd6b1f-11f6-453e-b314-ff0bb9fde82c/datanode-0/data/ratis/50c77487-7da9-455f-8830-8e8dd5c4c90a has been successfully formatted.
2023-01-03 10:08:54,363 [pool-687-thread-1] INFO  ratis.ContainerStateMachine (ContainerStateMachine.java:loadSnapshot(240)) - group-8E8DD5C4C90A: The snapshot info is null. Setting the last applied indexto:(t:0, i:~)
2023-01-03 10:08:54,363 [pool-687-thread-1] INFO  server.RaftServerConfigKeys (ConfUtils.java:logGet(46)) - raft.server.log.use.memory = false (default)
2023-01-03 10:08:54,363 [pool-687-thread-1] INFO  server.RaftServerConfigKeys (ConfUtils.java:logGet(46)) - raft.server.log.purge.gap = 1000000 (custom)
2023-01-03 10:08:54,363 [pool-687-thread-1] INFO  server.RaftServerConfigKeys (ConfUtils.java:logGet(46)) - raft.server.log.appender.buffer.byte-limit = 33554432 (custom)
2023-01-03 10:08:54,363 [EventQueue-CommandQueueReportForCommandQueueReportHandler] WARN  events.EventQueue (EventQueue.java:fireEvent(216)) - No event handler registered for event TypedEvent{payloadType=DatanodeDetails, name='Datanode_Command_Queue_Updated'}
2023-01-03 10:08:54,363 [pool-687-thread-1] INFO  server.RaftServerConfigKeys (ConfUtils.java:logGet(46)) - raft.server.log.statemachine.data.read.timeout = 1000ms (default)
2023-01-03 10:08:54,363 [pool-687-thread-1] INFO  server.RaftServerConfigKeys (ConfUtils.java:logGet(46)) - raft.server.log.purge.preservation.log.num = 0 (default)
2023-01-03 10:08:54,363 [pool-687-thread-1] INFO  server.RaftServerConfigKeys (ConfUtils.java:logGet(46)) - raft.server.log.segment.size.max = 1048576 (custom)
2023-01-03 10:08:54,363 [pool-687-thread-1] INFO  server.RaftServerConfigKeys (ConfUtils.java:logGet(46)) - raft.server.log.segment.cache.num.max = 2 (custom)
2023-01-03 10:08:54,363 [pool-687-thread-1] INFO  server.RaftServerConfigKeys (ConfUtils.java:logGet(46)) - raft.server.log.segment.cache.size.max = 200MB (=209715200) (default)
2023-01-03 10:08:54,363 [pool-687-thread-1] INFO  segmented.SegmentedRaftLogWorker (SegmentedRaftLogWorker.java:<init>(189)) - new 2b04a8b1-164a-4310-98e7-450bb9581035@group-8E8DD5C4C90A-SegmentedRaftLogWorker for RaftStorageImpl:Storage Directory /home/runner/work/ozone/ozone/hadoop-ozone/integration-test/target/test-dir/MiniOzoneClusterImpl-1bcd6b1f-11f6-453e-b314-ff0bb9fde82c/datanode-0/data/ratis/50c77487-7da9-455f-8830-8e8dd5c4c90a
2023-01-03 10:08:54,363 [pool-687-thread-1] INFO  server.RaftServerConfigKeys (ConfUtils.java:logGet(46)) - raft.server.log.queue.byte-limit = 4294967296 (custom)
2023-01-03 10:08:54,364 [pool-687-thread-1] INFO  server.RaftServerConfigKeys (ConfUtils.java:logGet(46)) - raft.server.log.queue.element-limit = 1024 (custom)
2023-01-03 10:08:54,364 [pool-687-thread-1] INFO  server.RaftServerConfigKeys (ConfUtils.java:logGet(46)) - raft.server.log.segment.size.max = 1048576 (custom)
2023-01-03 10:08:54,364 [pool-687-thread-1] INFO  server.RaftServerConfigKeys (ConfUtils.java:logGet(46)) - raft.server.log.preallocated.size = 16384 (custom)
2023-01-03 10:08:54,364 [pool-687-thread-1] INFO  server.RaftServerConfigKeys (ConfUtils.java:logGet(46)) - raft.server.log.force.sync.num = 128 (default)
2023-01-03 10:08:54,364 [pool-687-thread-1] INFO  server.RaftServerConfigKeys (ConfUtils.java:logGet(46)) - raft.server.log.statemachine.data.sync = true (default)
2023-01-03 10:08:54,364 [pool-687-thread-1] INFO  server.RaftServerConfigKeys (ConfUtils.java:logGet(46)) - raft.server.log.statemachine.data.sync.timeout = 10s (default)
2023-01-03 10:08:54,364 [pool-687-thread-1] INFO  server.RaftServerConfigKeys (ConfUtils.java:logGet(46)) - raft.server.log.statemachine.data.sync.timeout.retry = -1 (default)
2023-01-03 10:08:54,364 [pool-687-thread-1] INFO  server.RaftServerConfigKeys (ConfUtils.java:logGet(46)) - raft.server.log.write.buffer.size = 1048576 (custom)
2023-01-03 10:08:54,364 [pool-687-thread-1] INFO  server.RaftServerConfigKeys (ConfUtils.java:logGet(46)) - raft.server.log.appender.buffer.byte-limit = 33554432 (custom)
2023-01-03 10:08:54,366 [EventQueue-OpenPipelineForHealthyPipelineSafeModeRule] INFO  safemode.SCMSafeModeManager (HealthyPipelineSafeModeRule.java:process(137)) - SCM in safe mode. Healthy pipelines reported count is 0, required healthy pipeline reported count is 1
2023-01-03 10:08:54,367 [pool-687-thread-1] INFO  server.RaftServerConfigKeys (ConfUtils.java:logGet(46)) - raft.server.log.unsafe-flush.enabled = false (default)
2023-01-03 10:08:54,367 [pool-687-thread-1] INFO  server.RaftServerConfigKeys (ConfUtils.java:logGet(46)) - raft.server.log.async-flush.enabled = false (default)
2023-01-03 10:08:54,367 [pool-687-thread-1] INFO  server.RaftServerConfigKeys (ConfUtils.java:logGet(46)) - raft.server.log.statemachine.data.caching.enabled = true (custom)
2023-01-03 10:08:54,367 [pool-687-thread-1] INFO  segmented.SegmentedRaftLogWorker (SegmentedRaftLogWorker.java:lambda$new$0(135)) - 2b04a8b1-164a-4310-98e7-450bb9581035@group-8E8DD5C4C90A-SegmentedRaftLogWorker: flushIndex: setUnconditionally 0 -> -1
2023-01-03 10:08:54,367 [pool-687-thread-1] INFO  segmented.SegmentedRaftLogWorker (SegmentedRaftLogWorker.java:lambda$new$0(135)) - 2b04a8b1-164a-4310-98e7-450bb9581035@group-8E8DD5C4C90A-SegmentedRaftLogWorker: safeCacheEvictIndex: setUnconditionally 0 -> -1
2023-01-03 10:08:54,367 [pool-687-thread-1] INFO  server.RaftServer$Division (RaftServerImpl.java:start(334)) - 2b04a8b1-164a-4310-98e7-450bb9581035@group-8E8DD5C4C90A: start as a follower, conf=-1: peers:[2b04a8b1-164a-4310-98e7-450bb9581035|rpc:10.1.0.13:40297|dataStream:10.1.0.13:40255|priority:0|startupRole:FOLLOWER, 79f3458c-2c66-4b3a-be39-3ff7abbb9f16|rpc:10.1.0.13:36965|dataStream:10.1.0.13:36199|priority:1|startupRole:FOLLOWER, 5f4e8170-34f9-42fb-8ea2-3b8d58ff5808|rpc:10.1.0.13:43165|dataStream:10.1.0.13:42261|priority:0|startupRole:FOLLOWER]|listeners:[], old=null
2023-01-03 10:08:54,367 [pool-687-thread-1] INFO  server.RaftServer$Division (RaftServerImpl.java:setRole(321)) - 2b04a8b1-164a-4310-98e7-450bb9581035@group-8E8DD5C4C90A: changes role from      null to FOLLOWER at term 0 for startAsFollower
2023-01-03 10:08:54,368 [pool-687-thread-1] INFO  impl.RoleInfo (RoleInfo.java:updateAndGet(139)) - 2b04a8b1-164a-4310-98e7-450bb9581035: start 2b04a8b1-164a-4310-98e7-450bb9581035@group-8E8DD5C4C90A-FollowerState
2023-01-03 10:08:54,368 [pool-687-thread-1] INFO  util.JmxRegister (JmxRegister.java:tryRegister(44)) - Successfully registered JMX Bean with object name Ratis:service=RaftServer,group=group-8E8DD5C4C90A,id=2b04a8b1-164a-4310-98e7-450bb9581035
2023-01-03 10:08:54,368 [2b04a8b1-164a-4310-98e7-450bb9581035@group-8E8DD5C4C90A-FollowerState] INFO  server.RaftServerConfigKeys (ConfUtils.java:logFallback(53)) - raft.server.rpc.first-election.timeout.min = 5s (fallback to raft.server.rpc.timeout.min)
2023-01-03 10:08:54,368 [pool-687-thread-1] INFO  server.RaftServerConfigKeys (ConfUtils.java:logGet(46)) - raft.server.snapshot.auto.trigger.enabled = true (custom)
2023-01-03 10:08:54,368 [2b04a8b1-164a-4310-98e7-450bb9581035@group-8E8DD5C4C90A-FollowerState] INFO  server.RaftServerConfigKeys (ConfUtils.java:logFallback(53)) - raft.server.rpc.first-election.timeout.max = 5200ms (fallback to raft.server.rpc.timeout.max)
2023-01-03 10:08:54,368 [pool-687-thread-1] INFO  server.RaftServerConfigKeys (ConfUtils.java:logGet(46)) - raft.server.snapshot.auto.trigger.threshold = 10000 (custom)
2023-01-03 10:08:54,368 [pool-687-thread-1] INFO  server.RaftServerConfigKeys (ConfUtils.java:logGet(46)) - raft.server.snapshot.retention.file.num = 5 (custom)
2023-01-03 10:08:54,368 [pool-687-thread-1] INFO  server.RaftServerConfigKeys (ConfUtils.java:logGet(46)) - raft.server.log.purge.upto.snapshot.index = false (default)
2023-01-03 10:08:54,368 [Command processor thread] INFO  ratis.XceiverServerRatis (XceiverServerRatis.java:addGroup(806)) - Created group PipelineID=50c77487-7da9-455f-8830-8e8dd5c4c90a
2023-01-03 10:08:54,377 [grpc-default-executor-0] INFO  server.RaftServer (RaftServerProxy.java:addNew(96)) - 79f3458c-2c66-4b3a-be39-3ff7abbb9f16: addNew group-8E8DD5C4C90A:[2b04a8b1-164a-4310-98e7-450bb9581035|rpc:10.1.0.13:40297|dataStream:10.1.0.13:40255|priority:0|startupRole:FOLLOWER, 79f3458c-2c66-4b3a-be39-3ff7abbb9f16|rpc:10.1.0.13:36965|dataStream:10.1.0.13:36199|priority:1|startupRole:FOLLOWER, 5f4e8170-34f9-42fb-8ea2-3b8d58ff5808|rpc:10.1.0.13:43165|dataStream:10.1.0.13:42261|priority:0|startupRole:FOLLOWER] returns group-8E8DD5C4C90A:java.util.concurrent.CompletableFuture@6c7d524e[Not completed]
2023-01-03 10:08:54,378 [pool-710-thread-1] INFO  server.RaftServer$Division (RaftServerImpl.java:<init>(195)) - 79f3458c-2c66-4b3a-be39-3ff7abbb9f16: new RaftServerImpl for group-8E8DD5C4C90A:[2b04a8b1-164a-4310-98e7-450bb9581035|rpc:10.1.0.13:40297|dataStream:10.1.0.13:40255|priority:0|startupRole:FOLLOWER, 79f3458c-2c66-4b3a-be39-3ff7abbb9f16|rpc:10.1.0.13:36965|dataStream:10.1.0.13:36199|priority:1|startupRole:FOLLOWER, 5f4e8170-34f9-42fb-8ea2-3b8d58ff5808|rpc:10.1.0.13:43165|dataStream:10.1.0.13:42261|priority:0|startupRole:FOLLOWER] with ContainerStateMachine:uninitialized
2023-01-03 10:08:54,378 [pool-710-thread-1] INFO  server.RaftServerConfigKeys (ConfUtils.java:logGet(46)) - raft.server.rpc.timeout.min = 5s (custom)
2023-01-03 10:08:54,378 [pool-710-thread-1] INFO  server.RaftServerConfigKeys (ConfUtils.java:logGet(46)) - raft.server.rpc.timeout.max = 5200ms (custom)
2023-01-03 10:08:54,378 [pool-710-thread-1] INFO  server.RaftServerConfigKeys (ConfUtils.java:logGet(46)) - raft.server.rpc.sleep.time = 25ms (default)
2023-01-03 10:08:54,378 [pool-710-thread-1] INFO  server.RaftServerConfigKeys (ConfUtils.java:logGet(46)) - raft.server.rpc.slowness.timeout = 300s (custom)
2023-01-03 10:08:54,378 [pool-710-thread-1] INFO  server.RaftServerConfigKeys (ConfUtils.java:logGet(46)) - raft.server.leaderelection.leader.step-down.wait-time = 10s (default)
2023-01-03 10:08:54,378 [pool-710-thread-1] INFO  server.RaftServerConfigKeys (ConfUtils.java:logGet(46)) - raft.server.sleep.deviation.threshold = 300ms (default)
2023-01-03 10:08:54,378 [pool-710-thread-1] INFO  server.RaftServer$Division (ServerState.java:<init>(118)) - 79f3458c-2c66-4b3a-be39-3ff7abbb9f16@group-8E8DD5C4C90A: ConfigurationManager, init=-1: peers:[2b04a8b1-164a-4310-98e7-450bb9581035|rpc:10.1.0.13:40297|dataStream:10.1.0.13:40255|priority:0|startupRole:FOLLOWER, 79f3458c-2c66-4b3a-be39-3ff7abbb9f16|rpc:10.1.0.13:36965|dataStream:10.1.0.13:36199|priority:1|startupRole:FOLLOWER, 5f4e8170-34f9-42fb-8ea2-3b8d58ff5808|rpc:10.1.0.13:43165|dataStream:10.1.0.13:42261|priority:0|startupRole:FOLLOWER]|listeners:[], old=null, confs=<EMPTY_MAP>
2023-01-03 10:08:54,378 [pool-710-thread-1] INFO  server.RaftServerConfigKeys (ConfUtils.java:logGet(46)) - raft.server.storage.dir = [/home/runner/work/ozone/ozone/hadoop-ozone/integration-test/target/test-dir/MiniOzoneClusterImpl-1bcd6b1f-11f6-453e-b314-ff0bb9fde82c/datanode-1/data/ratis] (custom)
2023-01-03 10:08:54,379 [pool-710-thread-1] INFO  server.RaftServerConfigKeys (ConfUtils.java:logGet(46)) - raft.server.log.corruption.policy = EXCEPTION (default)
2023-01-03 10:08:54,379 [pool-710-thread-1] INFO  server.RaftServerConfigKeys (ConfUtils.java:logGet(46)) - raft.server.storage.free-space.min = 0MB (=0) (default)
2023-01-03 10:08:54,379 [pool-710-thread-1] INFO  server.RaftServerConfigKeys (ConfUtils.java:logGet(46)) - raft.server.notification.no-leader.timeout = 300s (custom)
2023-01-03 10:08:54,379 [pool-710-thread-1] INFO  server.RaftServerConfigKeys (ConfUtils.java:logGet(46)) - raft.server.retrycache.expirytime = 600000ms (custom)
2023-01-03 10:08:54,379 [pool-710-thread-1] INFO  server.RaftServerConfigKeys (ConfUtils.java:logGet(46)) - raft.server.retrycache.statistics.expirytime = 100μs (default)
2023-01-03 10:08:54,379 [pool-710-thread-1] INFO  server.RaftServerConfigKeys (ConfUtils.java:logGet(46)) - raft.server.log.appender.install.snapshot.enabled = false (custom)
2023-01-03 10:08:54,379 [pool-710-thread-1] INFO  server.RaftServerConfigKeys (ConfUtils.java:logGet(46)) - raft.server.threadpool.server.cached = true (default)
2023-01-03 10:08:54,379 [pool-710-thread-1] INFO  server.RaftServerConfigKeys (ConfUtils.java:logGet(46)) - raft.server.threadpool.server.size = 0 (default)
2023-01-03 10:08:54,379 [pool-710-thread-1] INFO  server.RaftServerConfigKeys (ConfUtils.java:logGet(46)) - raft.server.threadpool.client.cached = true (default)
2023-01-03 10:08:54,379 [pool-710-thread-1] INFO  server.RaftServerConfigKeys (ConfUtils.java:logGet(46)) - raft.server.threadpool.client.size = 0 (default)
2023-01-03 10:08:54,379 [pool-710-thread-1] INFO  storage.RaftStorageDirectory (RaftStorageDirectoryImpl.java:analyzeStorage(137)) - The storage directory /home/runner/work/ozone/ozone/hadoop-ozone/integration-test/target/test-dir/MiniOzoneClusterImpl-1bcd6b1f-11f6-453e-b314-ff0bb9fde82c/datanode-1/data/ratis/50c77487-7da9-455f-8830-8e8dd5c4c90a does not exist. Creating ...
2023-01-03 10:08:54,380 [pool-710-thread-1] INFO  storage.RaftStorageDirectory (RaftStorageDirectoryImpl.java:tryLock(231)) - Lock on /home/runner/work/ozone/ozone/hadoop-ozone/integration-test/target/test-dir/MiniOzoneClusterImpl-1bcd6b1f-11f6-453e-b314-ff0bb9fde82c/datanode-1/data/ratis/50c77487-7da9-455f-8830-8e8dd5c4c90a/in_use.lock acquired by nodename 9440@fv-az292-374
2023-01-03 10:08:54,381 [pool-710-thread-1] INFO  storage.RaftStorage (RaftStorageImpl.java:format(96)) - Storage directory /home/runner/work/ozone/ozone/hadoop-ozone/integration-test/target/test-dir/MiniOzoneClusterImpl-1bcd6b1f-11f6-453e-b314-ff0bb9fde82c/datanode-1/data/ratis/50c77487-7da9-455f-8830-8e8dd5c4c90a has been successfully formatted.
2023-01-03 10:08:54,382 [pool-710-thread-1] INFO  ratis.ContainerStateMachine (ContainerStateMachine.java:loadSnapshot(240)) - group-8E8DD5C4C90A: The snapshot info is null. Setting the last applied indexto:(t:0, i:~)
2023-01-03 10:08:54,382 [pool-710-thread-1] INFO  server.RaftServerConfigKeys (ConfUtils.java:logGet(46)) - raft.server.log.use.memory = false (default)
2023-01-03 10:08:54,382 [pool-710-thread-1] INFO  server.RaftServerConfigKeys (ConfUtils.java:logGet(46)) - raft.server.log.purge.gap = 1000000 (custom)
2023-01-03 10:08:54,382 [pool-710-thread-1] INFO  server.RaftServerConfigKeys (ConfUtils.java:logGet(46)) - raft.server.log.appender.buffer.byte-limit = 33554432 (custom)
2023-01-03 10:08:54,382 [pool-710-thread-1] INFO  server.RaftServerConfigKeys (ConfUtils.java:logGet(46)) - raft.server.log.statemachine.data.read.timeout = 1000ms (default)
2023-01-03 10:08:54,382 [pool-710-thread-1] INFO  server.RaftServerConfigKeys (ConfUtils.java:logGet(46)) - raft.server.log.purge.preservation.log.num = 0 (default)
2023-01-03 10:08:54,382 [pool-710-thread-1] INFO  server.RaftServerConfigKeys (ConfUtils.java:logGet(46)) - raft.server.log.segment.size.max = 1048576 (custom)
2023-01-03 10:08:54,382 [EventQueue-CommandQueueReportForCommandQueueReportHandler] WARN  events.EventQueue (EventQueue.java:fireEvent(216)) - No event handler registered for event TypedEvent{payloadType=DatanodeDetails, name='Datanode_Command_Queue_Updated'}
2023-01-03 10:08:54,383 [pool-710-thread-1] INFO  server.RaftServerConfigKeys (ConfUtils.java:logGet(46)) - raft.server.log.segment.cache.num.max = 2 (custom)
2023-01-03 10:08:54,383 [pool-710-thread-1] INFO  server.RaftServerConfigKeys (ConfUtils.java:logGet(46)) - raft.server.log.segment.cache.size.max = 200MB (=209715200) (default)
2023-01-03 10:08:54,383 [pool-710-thread-1] INFO  segmented.SegmentedRaftLogWorker (SegmentedRaftLogWorker.java:<init>(189)) - new 79f3458c-2c66-4b3a-be39-3ff7abbb9f16@group-8E8DD5C4C90A-SegmentedRaftLogWorker for RaftStorageImpl:Storage Directory /home/runner/work/ozone/ozone/hadoop-ozone/integration-test/target/test-dir/MiniOzoneClusterImpl-1bcd6b1f-11f6-453e-b314-ff0bb9fde82c/datanode-1/data/ratis/50c77487-7da9-455f-8830-8e8dd5c4c90a
2023-01-03 10:08:54,383 [pool-710-thread-1] INFO  server.RaftServerConfigKeys (ConfUtils.java:logGet(46)) - raft.server.log.queue.byte-limit = 4294967296 (custom)
2023-01-03 10:08:54,383 [pool-710-thread-1] INFO  server.RaftServerConfigKeys (ConfUtils.java:logGet(46)) - raft.server.log.queue.element-limit = 1024 (custom)
2023-01-03 10:08:54,383 [pool-710-thread-1] INFO  server.RaftServerConfigKeys (ConfUtils.java:logGet(46)) - raft.server.log.segment.size.max = 1048576 (custom)
2023-01-03 10:08:54,383 [pool-710-thread-1] INFO  server.RaftServerConfigKeys (ConfUtils.java:logGet(46)) - raft.server.log.preallocated.size = 16384 (custom)
2023-01-03 10:08:54,383 [pool-710-thread-1] INFO  server.RaftServerConfigKeys (ConfUtils.java:logGet(46)) - raft.server.log.force.sync.num = 128 (default)
2023-01-03 10:08:54,383 [pool-710-thread-1] INFO  server.RaftServerConfigKeys (ConfUtils.java:logGet(46)) - raft.server.log.statemachine.data.sync = true (default)
2023-01-03 10:08:54,383 [pool-710-thread-1] INFO  server.RaftServerConfigKeys (ConfUtils.java:logGet(46)) - raft.server.log.statemachine.data.sync.timeout = 10s (default)
2023-01-03 10:08:54,383 [pool-710-thread-1] INFO  server.RaftServerConfigKeys (ConfUtils.java:logGet(46)) - raft.server.log.statemachine.data.sync.timeout.retry = -1 (default)
2023-01-03 10:08:54,383 [pool-710-thread-1] INFO  server.RaftServerConfigKeys (ConfUtils.java:logGet(46)) - raft.server.log.write.buffer.size = 1048576 (custom)
2023-01-03 10:08:54,384 [pool-710-thread-1] INFO  server.RaftServerConfigKeys (ConfUtils.java:logGet(46)) - raft.server.log.appender.buffer.byte-limit = 33554432 (custom)
2023-01-03 10:08:54,438 [pool-710-thread-1] INFO  server.RaftServerConfigKeys (ConfUtils.java:logGet(46)) - raft.server.log.unsafe-flush.enabled = false (default)
2023-01-03 10:08:54,438 [pool-710-thread-1] INFO  server.RaftServerConfigKeys (ConfUtils.java:logGet(46)) - raft.server.log.async-flush.enabled = false (default)
2023-01-03 10:08:54,438 [pool-710-thread-1] INFO  server.RaftServerConfigKeys (ConfUtils.java:logGet(46)) - raft.server.log.statemachine.data.caching.enabled = true (custom)
2023-01-03 10:08:54,438 [pool-710-thread-1] INFO  segmented.SegmentedRaftLogWorker (SegmentedRaftLogWorker.java:lambda$new$0(135)) - 79f3458c-2c66-4b3a-be39-3ff7abbb9f16@group-8E8DD5C4C90A-SegmentedRaftLogWorker: flushIndex: setUnconditionally 0 -> -1
2023-01-03 10:08:54,438 [pool-710-thread-1] INFO  segmented.SegmentedRaftLogWorker (SegmentedRaftLogWorker.java:lambda$new$0(135)) - 79f3458c-2c66-4b3a-be39-3ff7abbb9f16@group-8E8DD5C4C90A-SegmentedRaftLogWorker: safeCacheEvictIndex: setUnconditionally 0 -> -1
2023-01-03 10:08:54,439 [pool-710-thread-1] INFO  server.RaftServer$Division (RaftServerImpl.java:start(334)) - 79f3458c-2c66-4b3a-be39-3ff7abbb9f16@group-8E8DD5C4C90A: start as a follower, conf=-1: peers:[2b04a8b1-164a-4310-98e7-450bb9581035|rpc:10.1.0.13:40297|dataStream:10.1.0.13:40255|priority:0|startupRole:FOLLOWER, 79f3458c-2c66-4b3a-be39-3ff7abbb9f16|rpc:10.1.0.13:36965|dataStream:10.1.0.13:36199|priority:1|startupRole:FOLLOWER, 5f4e8170-34f9-42fb-8ea2-3b8d58ff5808|rpc:10.1.0.13:43165|dataStream:10.1.0.13:42261|priority:0|startupRole:FOLLOWER]|listeners:[], old=null
2023-01-03 10:08:54,439 [pool-710-thread-1] INFO  server.RaftServer$Division (RaftServerImpl.java:setRole(321)) - 79f3458c-2c66-4b3a-be39-3ff7abbb9f16@group-8E8DD5C4C90A: changes role from      null to FOLLOWER at term 0 for startAsFollower
2023-01-03 10:08:54,439 [pool-710-thread-1] INFO  impl.RoleInfo (RoleInfo.java:updateAndGet(139)) - 79f3458c-2c66-4b3a-be39-3ff7abbb9f16: start 79f3458c-2c66-4b3a-be39-3ff7abbb9f16@group-8E8DD5C4C90A-FollowerState
2023-01-03 10:08:54,439 [pool-710-thread-1] INFO  util.JmxRegister (JmxRegister.java:tryRegister(44)) - Successfully registered JMX Bean with object name Ratis:service=RaftServer,group=group-8E8DD5C4C90A,id=79f3458c-2c66-4b3a-be39-3ff7abbb9f16
2023-01-03 10:08:54,439 [pool-710-thread-1] INFO  server.RaftServerConfigKeys (ConfUtils.java:logGet(46)) - raft.server.snapshot.auto.trigger.enabled = true (custom)
2023-01-03 10:08:54,439 [pool-710-thread-1] INFO  server.RaftServerConfigKeys (ConfUtils.java:logGet(46)) - raft.server.snapshot.auto.trigger.threshold = 10000 (custom)
2023-01-03 10:08:54,439 [pool-710-thread-1] INFO  server.RaftServerConfigKeys (ConfUtils.java:logGet(46)) - raft.server.snapshot.retention.file.num = 5 (custom)
2023-01-03 10:08:54,439 [pool-710-thread-1] INFO  server.RaftServerConfigKeys (ConfUtils.java:logGet(46)) - raft.server.log.purge.upto.snapshot.index = false (default)
2023-01-03 10:08:54,440 [79f3458c-2c66-4b3a-be39-3ff7abbb9f16@group-8E8DD5C4C90A-FollowerState] INFO  server.RaftServerConfigKeys (ConfUtils.java:logFallback(53)) - raft.server.rpc.first-election.timeout.min = 5s (fallback to raft.server.rpc.timeout.min)
2023-01-03 10:08:54,440 [79f3458c-2c66-4b3a-be39-3ff7abbb9f16@group-8E8DD5C4C90A-FollowerState] INFO  server.RaftServerConfigKeys (ConfUtils.java:logFallback(53)) - raft.server.rpc.first-election.timeout.max = 5200ms (fallback to raft.server.rpc.timeout.max)
2023-01-03 10:08:54,459 [grpc-default-executor-0] INFO  server.RaftServer (RaftServerProxy.java:addNew(96)) - 5f4e8170-34f9-42fb-8ea2-3b8d58ff5808: addNew group-8E8DD5C4C90A:[2b04a8b1-164a-4310-98e7-450bb9581035|rpc:10.1.0.13:40297|dataStream:10.1.0.13:40255|priority:0|startupRole:FOLLOWER, 79f3458c-2c66-4b3a-be39-3ff7abbb9f16|rpc:10.1.0.13:36965|dataStream:10.1.0.13:36199|priority:1|startupRole:FOLLOWER, 5f4e8170-34f9-42fb-8ea2-3b8d58ff5808|rpc:10.1.0.13:43165|dataStream:10.1.0.13:42261|priority:0|startupRole:FOLLOWER] returns group-8E8DD5C4C90A:java.util.concurrent.CompletableFuture@6039c817[Not completed]
2023-01-03 10:08:54,460 [pool-733-thread-1] INFO  server.RaftServer$Division (RaftServerImpl.java:<init>(195)) - 5f4e8170-34f9-42fb-8ea2-3b8d58ff5808: new RaftServerImpl for group-8E8DD5C4C90A:[2b04a8b1-164a-4310-98e7-450bb9581035|rpc:10.1.0.13:40297|dataStream:10.1.0.13:40255|priority:0|startupRole:FOLLOWER, 79f3458c-2c66-4b3a-be39-3ff7abbb9f16|rpc:10.1.0.13:36965|dataStream:10.1.0.13:36199|priority:1|startupRole:FOLLOWER, 5f4e8170-34f9-42fb-8ea2-3b8d58ff5808|rpc:10.1.0.13:43165|dataStream:10.1.0.13:42261|priority:0|startupRole:FOLLOWER] with ContainerStateMachine:uninitialized
2023-01-03 10:08:54,460 [pool-733-thread-1] INFO  server.RaftServerConfigKeys (ConfUtils.java:logGet(46)) - raft.server.rpc.timeout.min = 5s (custom)
2023-01-03 10:08:54,461 [pool-733-thread-1] INFO  server.RaftServerConfigKeys (ConfUtils.java:logGet(46)) - raft.server.rpc.timeout.max = 5200ms (custom)
2023-01-03 10:08:54,461 [pool-733-thread-1] INFO  server.RaftServerConfigKeys (ConfUtils.java:logGet(46)) - raft.server.rpc.sleep.time = 25ms (default)
2023-01-03 10:08:54,461 [pool-733-thread-1] INFO  server.RaftServerConfigKeys (ConfUtils.java:logGet(46)) - raft.server.rpc.slowness.timeout = 300s (custom)
2023-01-03 10:08:54,461 [pool-733-thread-1] INFO  server.RaftServerConfigKeys (ConfUtils.java:logGet(46)) - raft.server.leaderelection.leader.step-down.wait-time = 10s (default)
2023-01-03 10:08:54,461 [pool-733-thread-1] INFO  server.RaftServerConfigKeys (ConfUtils.java:logGet(46)) - raft.server.sleep.deviation.threshold = 300ms (default)
2023-01-03 10:08:54,461 [pool-733-thread-1] INFO  server.RaftServer$Division (ServerState.java:<init>(118)) - 5f4e8170-34f9-42fb-8ea2-3b8d58ff5808@group-8E8DD5C4C90A: ConfigurationManager, init=-1: peers:[2b04a8b1-164a-4310-98e7-450bb9581035|rpc:10.1.0.13:40297|dataStream:10.1.0.13:40255|priority:0|startupRole:FOLLOWER, 79f3458c-2c66-4b3a-be39-3ff7abbb9f16|rpc:10.1.0.13:36965|dataStream:10.1.0.13:36199|priority:1|startupRole:FOLLOWER, 5f4e8170-34f9-42fb-8ea2-3b8d58ff5808|rpc:10.1.0.13:43165|dataStream:10.1.0.13:42261|priority:0|startupRole:FOLLOWER]|listeners:[], old=null, confs=<EMPTY_MAP>
2023-01-03 10:08:54,462 [pool-733-thread-1] INFO  server.RaftServerConfigKeys (ConfUtils.java:logGet(46)) - raft.server.storage.dir = [/home/runner/work/ozone/ozone/hadoop-ozone/integration-test/target/test-dir/MiniOzoneClusterImpl-1bcd6b1f-11f6-453e-b314-ff0bb9fde82c/datanode-2/data/ratis] (custom)
2023-01-03 10:08:54,462 [pool-733-thread-1] INFO  server.RaftServerConfigKeys (ConfUtils.java:logGet(46)) - raft.server.log.corruption.policy = EXCEPTION (default)
2023-01-03 10:08:54,463 [pool-733-thread-1] INFO  server.RaftServerConfigKeys (ConfUtils.java:logGet(46)) - raft.server.storage.free-space.min = 0MB (=0) (default)
2023-01-03 10:08:54,463 [pool-733-thread-1] INFO  server.RaftServerConfigKeys (ConfUtils.java:logGet(46)) - raft.server.notification.no-leader.timeout = 300s (custom)
2023-01-03 10:08:54,463 [pool-733-thread-1] INFO  server.RaftServerConfigKeys (ConfUtils.java:logGet(46)) - raft.server.retrycache.expirytime = 600000ms (custom)
2023-01-03 10:08:54,463 [pool-733-thread-1] INFO  server.RaftServerConfigKeys (ConfUtils.java:logGet(46)) - raft.server.retrycache.statistics.expirytime = 100μs (default)
2023-01-03 10:08:54,463 [pool-733-thread-1] INFO  server.RaftServerConfigKeys (ConfUtils.java:logGet(46)) - raft.server.log.appender.install.snapshot.enabled = false (custom)
2023-01-03 10:08:54,463 [pool-733-thread-1] INFO  server.RaftServerConfigKeys (ConfUtils.java:logGet(46)) - raft.server.threadpool.server.cached = true (default)
2023-01-03 10:08:54,463 [pool-733-thread-1] INFO  server.RaftServerConfigKeys (ConfUtils.java:logGet(46)) - raft.server.threadpool.server.size = 0 (default)
2023-01-03 10:08:54,463 [pool-733-thread-1] INFO  server.RaftServerConfigKeys (ConfUtils.java:logGet(46)) - raft.server.threadpool.client.cached = true (default)
2023-01-03 10:08:54,463 [pool-733-thread-1] INFO  server.RaftServerConfigKeys (ConfUtils.java:logGet(46)) - raft.server.threadpool.client.size = 0 (default)
2023-01-03 10:08:54,463 [pool-733-thread-1] INFO  storage.RaftStorageDirectory (RaftStorageDirectoryImpl.java:analyzeStorage(137)) - The storage directory /home/runner/work/ozone/ozone/hadoop-ozone/integration-test/target/test-dir/MiniOzoneClusterImpl-1bcd6b1f-11f6-453e-b314-ff0bb9fde82c/datanode-2/data/ratis/50c77487-7da9-455f-8830-8e8dd5c4c90a does not exist. Creating ...
2023-01-03 10:08:54,464 [pool-733-thread-1] INFO  storage.RaftStorageDirectory (RaftStorageDirectoryImpl.java:tryLock(231)) - Lock on /home/runner/work/ozone/ozone/hadoop-ozone/integration-test/target/test-dir/MiniOzoneClusterImpl-1bcd6b1f-11f6-453e-b314-ff0bb9fde82c/datanode-2/data/ratis/50c77487-7da9-455f-8830-8e8dd5c4c90a/in_use.lock acquired by nodename 9440@fv-az292-374
2023-01-03 10:08:54,465 [pool-733-thread-1] INFO  storage.RaftStorage (RaftStorageImpl.java:format(96)) - Storage directory /home/runner/work/ozone/ozone/hadoop-ozone/integration-test/target/test-dir/MiniOzoneClusterImpl-1bcd6b1f-11f6-453e-b314-ff0bb9fde82c/datanode-2/data/ratis/50c77487-7da9-455f-8830-8e8dd5c4c90a has been successfully formatted.
2023-01-03 10:08:54,466 [pool-733-thread-1] INFO  ratis.ContainerStateMachine (ContainerStateMachine.java:loadSnapshot(240)) - group-8E8DD5C4C90A: The snapshot info is null. Setting the last applied indexto:(t:0, i:~)
2023-01-03 10:08:54,466 [pool-733-thread-1] INFO  server.RaftServerConfigKeys (ConfUtils.java:logGet(46)) - raft.server.log.use.memory = false (default)
2023-01-03 10:08:54,466 [pool-733-thread-1] INFO  server.RaftServerConfigKeys (ConfUtils.java:logGet(46)) - raft.server.log.purge.gap = 1000000 (custom)
2023-01-03 10:08:54,466 [EventQueue-CommandQueueReportForCommandQueueReportHandler] WARN  events.EventQueue (EventQueue.java:fireEvent(216)) - No event handler registered for event TypedEvent{payloadType=DatanodeDetails, name='Datanode_Command_Queue_Updated'}
2023-01-03 10:08:54,467 [pool-733-thread-1] INFO  server.RaftServerConfigKeys (ConfUtils.java:logGet(46)) - raft.server.log.appender.buffer.byte-limit = 33554432 (custom)
2023-01-03 10:08:54,467 [pool-733-thread-1] INFO  server.RaftServerConfigKeys (ConfUtils.java:logGet(46)) - raft.server.log.statemachine.data.read.timeout = 1000ms (default)
2023-01-03 10:08:54,467 [pool-733-thread-1] INFO  server.RaftServerConfigKeys (ConfUtils.java:logGet(46)) - raft.server.log.purge.preservation.log.num = 0 (default)
2023-01-03 10:08:54,467 [pool-733-thread-1] INFO  server.RaftServerConfigKeys (ConfUtils.java:logGet(46)) - raft.server.log.segment.size.max = 1048576 (custom)
2023-01-03 10:08:54,467 [pool-733-thread-1] INFO  server.RaftServerConfigKeys (ConfUtils.java:logGet(46)) - raft.server.log.segment.cache.num.max = 2 (custom)
2023-01-03 10:08:54,467 [pool-733-thread-1] INFO  server.RaftServerConfigKeys (ConfUtils.java:logGet(46)) - raft.server.log.segment.cache.size.max = 200MB (=209715200) (default)
2023-01-03 10:08:54,467 [pool-733-thread-1] INFO  segmented.SegmentedRaftLogWorker (SegmentedRaftLogWorker.java:<init>(189)) - new 5f4e8170-34f9-42fb-8ea2-3b8d58ff5808@group-8E8DD5C4C90A-SegmentedRaftLogWorker for RaftStorageImpl:Storage Directory /home/runner/work/ozone/ozone/hadoop-ozone/integration-test/target/test-dir/MiniOzoneClusterImpl-1bcd6b1f-11f6-453e-b314-ff0bb9fde82c/datanode-2/data/ratis/50c77487-7da9-455f-8830-8e8dd5c4c90a
2023-01-03 10:08:54,467 [pool-733-thread-1] INFO  server.RaftServerConfigKeys (ConfUtils.java:logGet(46)) - raft.server.log.queue.byte-limit = 4294967296 (custom)
2023-01-03 10:08:54,467 [pool-733-thread-1] INFO  server.RaftServerConfigKeys (ConfUtils.java:logGet(46)) - raft.server.log.queue.element-limit = 1024 (custom)
2023-01-03 10:08:54,467 [pool-733-thread-1] INFO  server.RaftServerConfigKeys (ConfUtils.java:logGet(46)) - raft.server.log.segment.size.max = 1048576 (custom)
2023-01-03 10:08:54,467 [pool-733-thread-1] INFO  server.RaftServerConfigKeys (ConfUtils.java:logGet(46)) - raft.server.log.preallocated.size = 16384 (custom)
2023-01-03 10:08:54,467 [pool-733-thread-1] INFO  server.RaftServerConfigKeys (ConfUtils.java:logGet(46)) - raft.server.log.force.sync.num = 128 (default)
2023-01-03 10:08:54,467 [pool-733-thread-1] INFO  server.RaftServerConfigKeys (ConfUtils.java:logGet(46)) - raft.server.log.statemachine.data.sync = true (default)
2023-01-03 10:08:54,467 [pool-733-thread-1] INFO  server.RaftServerConfigKeys (ConfUtils.java:logGet(46)) - raft.server.log.statemachine.data.sync.timeout = 10s (default)
2023-01-03 10:08:54,467 [pool-733-thread-1] INFO  server.RaftServerConfigKeys (ConfUtils.java:logGet(46)) - raft.server.log.statemachine.data.sync.timeout.retry = -1 (default)
2023-01-03 10:08:54,468 [pool-733-thread-1] INFO  server.RaftServerConfigKeys (ConfUtils.java:logGet(46)) - raft.server.log.write.buffer.size = 1048576 (custom)
2023-01-03 10:08:54,468 [pool-733-thread-1] INFO  server.RaftServerConfigKeys (ConfUtils.java:logGet(46)) - raft.server.log.appender.buffer.byte-limit = 33554432 (custom)
2023-01-03 10:08:54,471 [pool-733-thread-1] INFO  server.RaftServerConfigKeys (ConfUtils.java:logGet(46)) - raft.server.log.unsafe-flush.enabled = false (default)
2023-01-03 10:08:54,471 [pool-733-thread-1] INFO  server.RaftServerConfigKeys (ConfUtils.java:logGet(46)) - raft.server.log.async-flush.enabled = false (default)
2023-01-03 10:08:54,471 [pool-733-thread-1] INFO  server.RaftServerConfigKeys (ConfUtils.java:logGet(46)) - raft.server.log.statemachine.data.caching.enabled = true (custom)
2023-01-03 10:08:54,471 [pool-733-thread-1] INFO  segmented.SegmentedRaftLogWorker (SegmentedRaftLogWorker.java:lambda$new$0(135)) - 5f4e8170-34f9-42fb-8ea2-3b8d58ff5808@group-8E8DD5C4C90A-SegmentedRaftLogWorker: flushIndex: setUnconditionally 0 -> -1
2023-01-03 10:08:54,471 [pool-733-thread-1] INFO  segmented.SegmentedRaftLogWorker (SegmentedRaftLogWorker.java:lambda$new$0(135)) - 5f4e8170-34f9-42fb-8ea2-3b8d58ff5808@group-8E8DD5C4C90A-SegmentedRaftLogWorker: safeCacheEvictIndex: setUnconditionally 0 -> -1
2023-01-03 10:08:54,471 [pool-733-thread-1] INFO  server.RaftServer$Division (RaftServerImpl.java:start(334)) - 5f4e8170-34f9-42fb-8ea2-3b8d58ff5808@group-8E8DD5C4C90A: start as a follower, conf=-1: peers:[2b04a8b1-164a-4310-98e7-450bb9581035|rpc:10.1.0.13:40297|dataStream:10.1.0.13:40255|priority:0|startupRole:FOLLOWER, 79f3458c-2c66-4b3a-be39-3ff7abbb9f16|rpc:10.1.0.13:36965|dataStream:10.1.0.13:36199|priority:1|startupRole:FOLLOWER, 5f4e8170-34f9-42fb-8ea2-3b8d58ff5808|rpc:10.1.0.13:43165|dataStream:10.1.0.13:42261|priority:0|startupRole:FOLLOWER]|listeners:[], old=null
2023-01-03 10:08:54,471 [pool-733-thread-1] INFO  server.RaftServer$Division (RaftServerImpl.java:setRole(321)) - 5f4e8170-34f9-42fb-8ea2-3b8d58ff5808@group-8E8DD5C4C90A: changes role from      null to FOLLOWER at term 0 for startAsFollower
2023-01-03 10:08:54,472 [pool-733-thread-1] INFO  impl.RoleInfo (RoleInfo.java:updateAndGet(139)) - 5f4e8170-34f9-42fb-8ea2-3b8d58ff5808: start 5f4e8170-34f9-42fb-8ea2-3b8d58ff5808@group-8E8DD5C4C90A-FollowerState
2023-01-03 10:08:54,472 [pool-733-thread-1] INFO  util.JmxRegister (JmxRegister.java:tryRegister(44)) - Successfully registered JMX Bean with object name Ratis:service=RaftServer,group=group-8E8DD5C4C90A,id=5f4e8170-34f9-42fb-8ea2-3b8d58ff5808
2023-01-03 10:08:54,472 [pool-733-thread-1] INFO  server.RaftServerConfigKeys (ConfUtils.java:logGet(46)) - raft.server.snapshot.auto.trigger.enabled = true (custom)
2023-01-03 10:08:54,472 [5f4e8170-34f9-42fb-8ea2-3b8d58ff5808@group-8E8DD5C4C90A-FollowerState] INFO  server.RaftServerConfigKeys (ConfUtils.java:logFallback(53)) - raft.server.rpc.first-election.timeout.min = 5s (fallback to raft.server.rpc.timeout.min)
2023-01-03 10:08:54,472 [pool-733-thread-1] INFO  server.RaftServerConfigKeys (ConfUtils.java:logGet(46)) - raft.server.snapshot.auto.trigger.threshold = 10000 (custom)
2023-01-03 10:08:54,472 [5f4e8170-34f9-42fb-8ea2-3b8d58ff5808@group-8E8DD5C4C90A-FollowerState] INFO  server.RaftServerConfigKeys (ConfUtils.java:logFallback(53)) - raft.server.rpc.first-election.timeout.max = 5200ms (fallback to raft.server.rpc.timeout.max)
2023-01-03 10:08:54,472 [pool-733-thread-1] INFO  server.RaftServerConfigKeys (ConfUtils.java:logGet(46)) - raft.server.snapshot.retention.file.num = 5 (custom)
2023-01-03 10:08:54,472 [pool-733-thread-1] INFO  server.RaftServerConfigKeys (ConfUtils.java:logGet(46)) - raft.server.log.purge.upto.snapshot.index = false (default)
2023-01-03 10:08:54,478 [Command processor thread] INFO  commandhandler.CreatePipelineCommandHandler (CreatePipelineCommandHandler.java:handle(113)) - Created Pipeline RATIS THREE PipelineID=50c77487-7da9-455f-8830-8e8dd5c4c90a.
2023-01-03 10:08:54,479 [Command processor thread] INFO  server.RaftServer (RaftServerProxy.java:addNew(96)) - 2b04a8b1-164a-4310-98e7-450bb9581035: addNew group-5E2E418421AD:[2b04a8b1-164a-4310-98e7-450bb9581035|rpc:10.1.0.13:40297|dataStream:10.1.0.13:40255|priority:0|startupRole:FOLLOWER, 79f3458c-2c66-4b3a-be39-3ff7abbb9f16|rpc:10.1.0.13:36965|dataStream:10.1.0.13:36199|priority:0|startupRole:FOLLOWER, 5f4e8170-34f9-42fb-8ea2-3b8d58ff5808|rpc:10.1.0.13:43165|dataStream:10.1.0.13:42261|priority:1|startupRole:FOLLOWER] returns group-5E2E418421AD:java.util.concurrent.CompletableFuture@1eca76cf[Not completed]
2023-01-03 10:08:54,479 [pool-687-thread-1] INFO  server.RaftServer$Division (RaftServerImpl.java:<init>(195)) - 2b04a8b1-164a-4310-98e7-450bb9581035: new RaftServerImpl for group-5E2E418421AD:[2b04a8b1-164a-4310-98e7-450bb9581035|rpc:10.1.0.13:40297|dataStream:10.1.0.13:40255|priority:0|startupRole:FOLLOWER, 79f3458c-2c66-4b3a-be39-3ff7abbb9f16|rpc:10.1.0.13:36965|dataStream:10.1.0.13:36199|priority:0|startupRole:FOLLOWER, 5f4e8170-34f9-42fb-8ea2-3b8d58ff5808|rpc:10.1.0.13:43165|dataStream:10.1.0.13:42261|priority:1|startupRole:FOLLOWER] with ContainerStateMachine:uninitialized
2023-01-03 10:08:54,479 [pool-687-thread-1] INFO  server.RaftServerConfigKeys (ConfUtils.java:logGet(46)) - raft.server.rpc.timeout.min = 5s (custom)
2023-01-03 10:08:54,479 [pool-687-thread-1] INFO  server.RaftServerConfigKeys (ConfUtils.java:logGet(46)) - raft.server.rpc.timeout.max = 5200ms (custom)
2023-01-03 10:08:54,479 [pool-687-thread-1] INFO  server.RaftServerConfigKeys (ConfUtils.java:logGet(46)) - raft.server.rpc.sleep.time = 25ms (default)
2023-01-03 10:08:54,479 [pool-687-thread-1] INFO  server.RaftServerConfigKeys (ConfUtils.java:logGet(46)) - raft.server.rpc.slowness.timeout = 300s (custom)
2023-01-03 10:08:54,479 [pool-687-thread-1] INFO  server.RaftServerConfigKeys (ConfUtils.java:logGet(46)) - raft.server.leaderelection.leader.step-down.wait-time = 10s (default)
2023-01-03 10:08:54,479 [pool-687-thread-1] INFO  server.RaftServerConfigKeys (ConfUtils.java:logGet(46)) - raft.server.sleep.deviation.threshold = 300ms (default)
2023-01-03 10:08:54,480 [pool-687-thread-1] INFO  server.RaftServer$Division (ServerState.java:<init>(118)) - 2b04a8b1-164a-4310-98e7-450bb9581035@group-5E2E418421AD: ConfigurationManager, init=-1: peers:[2b04a8b1-164a-4310-98e7-450bb9581035|rpc:10.1.0.13:40297|dataStream:10.1.0.13:40255|priority:0|startupRole:FOLLOWER, 79f3458c-2c66-4b3a-be39-3ff7abbb9f16|rpc:10.1.0.13:36965|dataStream:10.1.0.13:36199|priority:0|startupRole:FOLLOWER, 5f4e8170-34f9-42fb-8ea2-3b8d58ff5808|rpc:10.1.0.13:43165|dataStream:10.1.0.13:42261|priority:1|startupRole:FOLLOWER]|listeners:[], old=null, confs=<EMPTY_MAP>
2023-01-03 10:08:54,480 [pool-687-thread-1] INFO  server.RaftServerConfigKeys (ConfUtils.java:logGet(46)) - raft.server.storage.dir = [/home/runner/work/ozone/ozone/hadoop-ozone/integration-test/target/test-dir/MiniOzoneClusterImpl-1bcd6b1f-11f6-453e-b314-ff0bb9fde82c/datanode-0/data/ratis] (custom)
2023-01-03 10:08:54,480 [pool-687-thread-1] INFO  server.RaftServerConfigKeys (ConfUtils.java:logGet(46)) - raft.server.log.corruption.policy = EXCEPTION (default)
2023-01-03 10:08:54,480 [pool-687-thread-1] INFO  server.RaftServerConfigKeys (ConfUtils.java:logGet(46)) - raft.server.storage.free-space.min = 0MB (=0) (default)
2023-01-03 10:08:54,480 [pool-687-thread-1] INFO  server.RaftServerConfigKeys (ConfUtils.java:logGet(46)) - raft.server.notification.no-leader.timeout = 300s (custom)
2023-01-03 10:08:54,480 [pool-687-thread-1] INFO  server.RaftServerConfigKeys (ConfUtils.java:logGet(46)) - raft.server.retrycache.expirytime = 600000ms (custom)
2023-01-03 10:08:54,480 [pool-687-thread-1] INFO  server.RaftServerConfigKeys (ConfUtils.java:logGet(46)) - raft.server.retrycache.statistics.expirytime = 100μs (default)
2023-01-03 10:08:54,480 [pool-687-thread-1] INFO  server.RaftServerConfigKeys (ConfUtils.java:logGet(46)) - raft.server.log.appender.install.snapshot.enabled = false (custom)
2023-01-03 10:08:54,480 [pool-687-thread-1] INFO  server.RaftServerConfigKeys (ConfUtils.java:logGet(46)) - raft.server.threadpool.server.cached = true (default)
2023-01-03 10:08:54,480 [pool-687-thread-1] INFO  server.RaftServerConfigKeys (ConfUtils.java:logGet(46)) - raft.server.threadpool.server.size = 0 (default)
2023-01-03 10:08:54,480 [pool-687-thread-1] INFO  server.RaftServerConfigKeys (ConfUtils.java:logGet(46)) - raft.server.threadpool.client.cached = true (default)
2023-01-03 10:08:54,480 [pool-687-thread-1] INFO  server.RaftServerConfigKeys (ConfUtils.java:logGet(46)) - raft.server.threadpool.client.size = 0 (default)
2023-01-03 10:08:54,480 [pool-687-thread-1] INFO  storage.RaftStorageDirectory (RaftStorageDirectoryImpl.java:analyzeStorage(137)) - The storage directory /home/runner/work/ozone/ozone/hadoop-ozone/integration-test/target/test-dir/MiniOzoneClusterImpl-1bcd6b1f-11f6-453e-b314-ff0bb9fde82c/datanode-0/data/ratis/a8033612-cbfe-412f-bfd8-5e2e418421ad does not exist. Creating ...
2023-01-03 10:08:54,481 [pool-687-thread-1] INFO  storage.RaftStorageDirectory (RaftStorageDirectoryImpl.java:tryLock(231)) - Lock on /home/runner/work/ozone/ozone/hadoop-ozone/integration-test/target/test-dir/MiniOzoneClusterImpl-1bcd6b1f-11f6-453e-b314-ff0bb9fde82c/datanode-0/data/ratis/a8033612-cbfe-412f-bfd8-5e2e418421ad/in_use.lock acquired by nodename 9440@fv-az292-374
2023-01-03 10:08:54,482 [pool-687-thread-1] INFO  storage.RaftStorage (RaftStorageImpl.java:format(96)) - Storage directory /home/runner/work/ozone/ozone/hadoop-ozone/integration-test/target/test-dir/MiniOzoneClusterImpl-1bcd6b1f-11f6-453e-b314-ff0bb9fde82c/datanode-0/data/ratis/a8033612-cbfe-412f-bfd8-5e2e418421ad has been successfully formatted.
2023-01-03 10:08:54,483 [pool-687-thread-1] INFO  ratis.ContainerStateMachine (ContainerStateMachine.java:loadSnapshot(240)) - group-5E2E418421AD: The snapshot info is null. Setting the last applied indexto:(t:0, i:~)
2023-01-03 10:08:54,483 [pool-687-thread-1] INFO  server.RaftServerConfigKeys (ConfUtils.java:logGet(46)) - raft.server.log.use.memory = false (default)
2023-01-03 10:08:54,483 [pool-687-thread-1] INFO  server.RaftServerConfigKeys (ConfUtils.java:logGet(46)) - raft.server.log.purge.gap = 1000000 (custom)
2023-01-03 10:08:54,483 [pool-687-thread-1] INFO  server.RaftServerConfigKeys (ConfUtils.java:logGet(46)) - raft.server.log.appender.buffer.byte-limit = 33554432 (custom)
2023-01-03 10:08:54,483 [pool-687-thread-1] INFO  server.RaftServerConfigKeys (ConfUtils.java:logGet(46)) - raft.server.log.statemachine.data.read.timeout = 1000ms (default)
2023-01-03 10:08:54,483 [pool-687-thread-1] INFO  server.RaftServerConfigKeys (ConfUtils.java:logGet(46)) - raft.server.log.purge.preservation.log.num = 0 (default)
2023-01-03 10:08:54,483 [EventQueue-CommandQueueReportForCommandQueueReportHandler] WARN  events.EventQueue (EventQueue.java:fireEvent(216)) - No event handler registered for event TypedEvent{payloadType=DatanodeDetails, name='Datanode_Command_Queue_Updated'}
2023-01-03 10:08:54,483 [EventQueue-OpenPipelineForHealthyPipelineSafeModeRule] INFO  safemode.SCMSafeModeManager (HealthyPipelineSafeModeRule.java:process(137)) - SCM in safe mode. Healthy pipelines reported count is 0, required healthy pipeline reported count is 1
2023-01-03 10:08:54,483 [pool-687-thread-1] INFO  server.RaftServerConfigKeys (ConfUtils.java:logGet(46)) - raft.server.log.segment.size.max = 1048576 (custom)
2023-01-03 10:08:54,483 [pool-687-thread-1] INFO  server.RaftServerConfigKeys (ConfUtils.java:logGet(46)) - raft.server.log.segment.cache.num.max = 2 (custom)
2023-01-03 10:08:54,483 [pool-687-thread-1] INFO  server.RaftServerConfigKeys (ConfUtils.java:logGet(46)) - raft.server.log.segment.cache.size.max = 200MB (=209715200) (default)
2023-01-03 10:08:54,483 [pool-687-thread-1] INFO  segmented.SegmentedRaftLogWorker (SegmentedRaftLogWorker.java:<init>(189)) - new 2b04a8b1-164a-4310-98e7-450bb9581035@group-5E2E418421AD-SegmentedRaftLogWorker for RaftStorageImpl:Storage Directory /home/runner/work/ozone/ozone/hadoop-ozone/integration-test/target/test-dir/MiniOzoneClusterImpl-1bcd6b1f-11f6-453e-b314-ff0bb9fde82c/datanode-0/data/ratis/a8033612-cbfe-412f-bfd8-5e2e418421ad
2023-01-03 10:08:54,483 [pool-687-thread-1] INFO  server.RaftServerConfigKeys (ConfUtils.java:logGet(46)) - raft.server.log.queue.byte-limit = 4294967296 (custom)
2023-01-03 10:08:54,483 [pool-687-thread-1] INFO  server.RaftServerConfigKeys (ConfUtils.java:logGet(46)) - raft.server.log.queue.element-limit = 1024 (custom)
2023-01-03 10:08:54,483 [pool-687-thread-1] INFO  server.RaftServerConfigKeys (ConfUtils.java:logGet(46)) - raft.server.log.segment.size.max = 1048576 (custom)
2023-01-03 10:08:54,483 [pool-687-thread-1] INFO  server.RaftServerConfigKeys (ConfUtils.java:logGet(46)) - raft.server.log.preallocated.size = 16384 (custom)
2023-01-03 10:08:54,484 [pool-687-thread-1] INFO  server.RaftServerConfigKeys (ConfUtils.java:logGet(46)) - raft.server.log.force.sync.num = 128 (default)
2023-01-03 10:08:54,484 [pool-687-thread-1] INFO  server.RaftServerConfigKeys (ConfUtils.java:logGet(46)) - raft.server.log.statemachine.data.sync = true (default)
2023-01-03 10:08:54,484 [pool-687-thread-1] INFO  server.RaftServerConfigKeys (ConfUtils.java:logGet(46)) - raft.server.log.statemachine.data.sync.timeout = 10s (default)
2023-01-03 10:08:54,484 [pool-687-thread-1] INFO  server.RaftServerConfigKeys (ConfUtils.java:logGet(46)) - raft.server.log.statemachine.data.sync.timeout.retry = -1 (default)
2023-01-03 10:08:54,484 [pool-687-thread-1] INFO  server.RaftServerConfigKeys (ConfUtils.java:logGet(46)) - raft.server.log.write.buffer.size = 1048576 (custom)
2023-01-03 10:08:54,484 [pool-687-thread-1] INFO  server.RaftServerConfigKeys (ConfUtils.java:logGet(46)) - raft.server.log.appender.buffer.byte-limit = 33554432 (custom)
2023-01-03 10:08:54,487 [pool-687-thread-1] INFO  server.RaftServerConfigKeys (ConfUtils.java:logGet(46)) - raft.server.log.unsafe-flush.enabled = false (default)
2023-01-03 10:08:54,487 [pool-687-thread-1] INFO  server.RaftServerConfigKeys (ConfUtils.java:logGet(46)) - raft.server.log.async-flush.enabled = false (default)
2023-01-03 10:08:54,487 [pool-687-thread-1] INFO  server.RaftServerConfigKeys (ConfUtils.java:logGet(46)) - raft.server.log.statemachine.data.caching.enabled = true (custom)
2023-01-03 10:08:54,487 [pool-687-thread-1] INFO  segmented.SegmentedRaftLogWorker (SegmentedRaftLogWorker.java:lambda$new$0(135)) - 2b04a8b1-164a-4310-98e7-450bb9581035@group-5E2E418421AD-SegmentedRaftLogWorker: flushIndex: setUnconditionally 0 -> -1
2023-01-03 10:08:54,487 [pool-687-thread-1] INFO  segmented.SegmentedRaftLogWorker (SegmentedRaftLogWorker.java:lambda$new$0(135)) - 2b04a8b1-164a-4310-98e7-450bb9581035@group-5E2E418421AD-SegmentedRaftLogWorker: safeCacheEvictIndex: setUnconditionally 0 -> -1
2023-01-03 10:08:54,487 [pool-687-thread-1] INFO  server.RaftServer$Division (RaftServerImpl.java:start(334)) - 2b04a8b1-164a-4310-98e7-450bb9581035@group-5E2E418421AD: start as a follower, conf=-1: peers:[2b04a8b1-164a-4310-98e7-450bb9581035|rpc:10.1.0.13:40297|dataStream:10.1.0.13:40255|priority:0|startupRole:FOLLOWER, 79f3458c-2c66-4b3a-be39-3ff7abbb9f16|rpc:10.1.0.13:36965|dataStream:10.1.0.13:36199|priority:0|startupRole:FOLLOWER, 5f4e8170-34f9-42fb-8ea2-3b8d58ff5808|rpc:10.1.0.13:43165|dataStream:10.1.0.13:42261|priority:1|startupRole:FOLLOWER]|listeners:[], old=null
2023-01-03 10:08:54,487 [pool-687-thread-1] INFO  server.RaftServer$Division (RaftServerImpl.java:setRole(321)) - 2b04a8b1-164a-4310-98e7-450bb9581035@group-5E2E418421AD: changes role from      null to FOLLOWER at term 0 for startAsFollower
2023-01-03 10:08:54,487 [pool-687-thread-1] INFO  impl.RoleInfo (RoleInfo.java:updateAndGet(139)) - 2b04a8b1-164a-4310-98e7-450bb9581035: start 2b04a8b1-164a-4310-98e7-450bb9581035@group-5E2E418421AD-FollowerState
2023-01-03 10:08:54,488 [pool-687-thread-1] INFO  util.JmxRegister (JmxRegister.java:tryRegister(44)) - Successfully registered JMX Bean with object name Ratis:service=RaftServer,group=group-5E2E418421AD,id=2b04a8b1-164a-4310-98e7-450bb9581035
2023-01-03 10:08:54,488 [2b04a8b1-164a-4310-98e7-450bb9581035@group-5E2E418421AD-FollowerState] INFO  server.RaftServerConfigKeys (ConfUtils.java:logFallback(53)) - raft.server.rpc.first-election.timeout.min = 5s (fallback to raft.server.rpc.timeout.min)
2023-01-03 10:08:54,488 [pool-687-thread-1] INFO  server.RaftServerConfigKeys (ConfUtils.java:logGet(46)) - raft.server.snapshot.auto.trigger.enabled = true (custom)
2023-01-03 10:08:54,488 [2b04a8b1-164a-4310-98e7-450bb9581035@group-5E2E418421AD-FollowerState] INFO  server.RaftServerConfigKeys (ConfUtils.java:logFallback(53)) - raft.server.rpc.first-election.timeout.max = 5200ms (fallback to raft.server.rpc.timeout.max)
2023-01-03 10:08:54,488 [pool-687-thread-1] INFO  server.RaftServerConfigKeys (ConfUtils.java:logGet(46)) - raft.server.snapshot.auto.trigger.threshold = 10000 (custom)
2023-01-03 10:08:54,488 [pool-687-thread-1] INFO  server.RaftServerConfigKeys (ConfUtils.java:logGet(46)) - raft.server.snapshot.retention.file.num = 5 (custom)
2023-01-03 10:08:54,488 [pool-687-thread-1] INFO  server.RaftServerConfigKeys (ConfUtils.java:logGet(46)) - raft.server.log.purge.upto.snapshot.index = false (default)
2023-01-03 10:08:54,488 [Command processor thread] INFO  ratis.XceiverServerRatis (XceiverServerRatis.java:addGroup(806)) - Created group PipelineID=a8033612-cbfe-412f-bfd8-5e2e418421ad
2023-01-03 10:08:54,494 [grpc-default-executor-0] INFO  server.RaftServer (RaftServerProxy.java:addNew(96)) - 79f3458c-2c66-4b3a-be39-3ff7abbb9f16: addNew group-5E2E418421AD:[2b04a8b1-164a-4310-98e7-450bb9581035|rpc:10.1.0.13:40297|dataStream:10.1.0.13:40255|priority:0|startupRole:FOLLOWER, 79f3458c-2c66-4b3a-be39-3ff7abbb9f16|rpc:10.1.0.13:36965|dataStream:10.1.0.13:36199|priority:0|startupRole:FOLLOWER, 5f4e8170-34f9-42fb-8ea2-3b8d58ff5808|rpc:10.1.0.13:43165|dataStream:10.1.0.13:42261|priority:1|startupRole:FOLLOWER] returns group-5E2E418421AD:java.util.concurrent.CompletableFuture@66bcb466[Not completed]
2023-01-03 10:08:54,494 [pool-710-thread-1] INFO  server.RaftServer$Division (RaftServerImpl.java:<init>(195)) - 79f3458c-2c66-4b3a-be39-3ff7abbb9f16: new RaftServerImpl for group-5E2E418421AD:[2b04a8b1-164a-4310-98e7-450bb9581035|rpc:10.1.0.13:40297|dataStream:10.1.0.13:40255|priority:0|startupRole:FOLLOWER, 79f3458c-2c66-4b3a-be39-3ff7abbb9f16|rpc:10.1.0.13:36965|dataStream:10.1.0.13:36199|priority:0|startupRole:FOLLOWER, 5f4e8170-34f9-42fb-8ea2-3b8d58ff5808|rpc:10.1.0.13:43165|dataStream:10.1.0.13:42261|priority:1|startupRole:FOLLOWER] with ContainerStateMachine:uninitialized
2023-01-03 10:08:54,494 [pool-710-thread-1] INFO  server.RaftServerConfigKeys (ConfUtils.java:logGet(46)) - raft.server.rpc.timeout.min = 5s (custom)
2023-01-03 10:08:54,494 [pool-710-thread-1] INFO  server.RaftServerConfigKeys (ConfUtils.java:logGet(46)) - raft.server.rpc.timeout.max = 5200ms (custom)
2023-01-03 10:08:54,494 [pool-710-thread-1] INFO  server.RaftServerConfigKeys (ConfUtils.java:logGet(46)) - raft.server.rpc.sleep.time = 25ms (default)
2023-01-03 10:08:54,494 [pool-710-thread-1] INFO  server.RaftServerConfigKeys (ConfUtils.java:logGet(46)) - raft.server.rpc.slowness.timeout = 300s (custom)
2023-01-03 10:08:54,495 [pool-710-thread-1] INFO  server.RaftServerConfigKeys (ConfUtils.java:logGet(46)) - raft.server.leaderelection.leader.step-down.wait-time = 10s (default)
2023-01-03 10:08:54,495 [pool-710-thread-1] INFO  server.RaftServerConfigKeys (ConfUtils.java:logGet(46)) - raft.server.sleep.deviation.threshold = 300ms (default)
2023-01-03 10:08:54,495 [pool-710-thread-1] INFO  server.RaftServer$Division (ServerState.java:<init>(118)) - 79f3458c-2c66-4b3a-be39-3ff7abbb9f16@group-5E2E418421AD: ConfigurationManager, init=-1: peers:[2b04a8b1-164a-4310-98e7-450bb9581035|rpc:10.1.0.13:40297|dataStream:10.1.0.13:40255|priority:0|startupRole:FOLLOWER, 79f3458c-2c66-4b3a-be39-3ff7abbb9f16|rpc:10.1.0.13:36965|dataStream:10.1.0.13:36199|priority:0|startupRole:FOLLOWER, 5f4e8170-34f9-42fb-8ea2-3b8d58ff5808|rpc:10.1.0.13:43165|dataStream:10.1.0.13:42261|priority:1|startupRole:FOLLOWER]|listeners:[], old=null, confs=<EMPTY_MAP>
2023-01-03 10:08:54,495 [pool-710-thread-1] INFO  server.RaftServerConfigKeys (ConfUtils.java:logGet(46)) - raft.server.storage.dir = [/home/runner/work/ozone/ozone/hadoop-ozone/integration-test/target/test-dir/MiniOzoneClusterImpl-1bcd6b1f-11f6-453e-b314-ff0bb9fde82c/datanode-1/data/ratis] (custom)
2023-01-03 10:08:54,497 [pool-710-thread-1] INFO  server.RaftServerConfigKeys (ConfUtils.java:logGet(46)) - raft.server.log.corruption.policy = EXCEPTION (default)
2023-01-03 10:08:54,497 [pool-710-thread-1] INFO  server.RaftServerConfigKeys (ConfUtils.java:logGet(46)) - raft.server.storage.free-space.min = 0MB (=0) (default)
2023-01-03 10:08:54,497 [pool-710-thread-1] INFO  server.RaftServerConfigKeys (ConfUtils.java:logGet(46)) - raft.server.notification.no-leader.timeout = 300s (custom)
2023-01-03 10:08:54,497 [pool-710-thread-1] INFO  server.RaftServerConfigKeys (ConfUtils.java:logGet(46)) - raft.server.retrycache.expirytime = 600000ms (custom)
2023-01-03 10:08:54,497 [pool-710-thread-1] INFO  server.RaftServerConfigKeys (ConfUtils.java:logGet(46)) - raft.server.retrycache.statistics.expirytime = 100μs (default)
2023-01-03 10:08:54,498 [pool-710-thread-1] INFO  server.RaftServerConfigKeys (ConfUtils.java:logGet(46)) - raft.server.log.appender.install.snapshot.enabled = false (custom)
2023-01-03 10:08:54,498 [pool-710-thread-1] INFO  server.RaftServerConfigKeys (ConfUtils.java:logGet(46)) - raft.server.threadpool.server.cached = true (default)
2023-01-03 10:08:54,498 [pool-710-thread-1] INFO  server.RaftServerConfigKeys (ConfUtils.java:logGet(46)) - raft.server.threadpool.server.size = 0 (default)
2023-01-03 10:08:54,498 [pool-710-thread-1] INFO  server.RaftServerConfigKeys (ConfUtils.java:logGet(46)) - raft.server.threadpool.client.cached = true (default)
2023-01-03 10:08:54,498 [pool-710-thread-1] INFO  server.RaftServerConfigKeys (ConfUtils.java:logGet(46)) - raft.server.threadpool.client.size = 0 (default)
2023-01-03 10:08:54,498 [pool-710-thread-1] INFO  storage.RaftStorageDirectory (RaftStorageDirectoryImpl.java:analyzeStorage(137)) - The storage directory /home/runner/work/ozone/ozone/hadoop-ozone/integration-test/target/test-dir/MiniOzoneClusterImpl-1bcd6b1f-11f6-453e-b314-ff0bb9fde82c/datanode-1/data/ratis/a8033612-cbfe-412f-bfd8-5e2e418421ad does not exist. Creating ...
2023-01-03 10:08:54,498 [pool-710-thread-1] INFO  storage.RaftStorageDirectory (RaftStorageDirectoryImpl.java:tryLock(231)) - Lock on /home/runner/work/ozone/ozone/hadoop-ozone/integration-test/target/test-dir/MiniOzoneClusterImpl-1bcd6b1f-11f6-453e-b314-ff0bb9fde82c/datanode-1/data/ratis/a8033612-cbfe-412f-bfd8-5e2e418421ad/in_use.lock acquired by nodename 9440@fv-az292-374
2023-01-03 10:08:54,499 [pool-710-thread-1] INFO  storage.RaftStorage (RaftStorageImpl.java:format(96)) - Storage directory /home/runner/work/ozone/ozone/hadoop-ozone/integration-test/target/test-dir/MiniOzoneClusterImpl-1bcd6b1f-11f6-453e-b314-ff0bb9fde82c/datanode-1/data/ratis/a8033612-cbfe-412f-bfd8-5e2e418421ad has been successfully formatted.
2023-01-03 10:08:54,499 [pool-710-thread-1] INFO  ratis.ContainerStateMachine (ContainerStateMachine.java:loadSnapshot(240)) - group-5E2E418421AD: The snapshot info is null. Setting the last applied indexto:(t:0, i:~)
2023-01-03 10:08:54,500 [pool-710-thread-1] INFO  server.RaftServerConfigKeys (ConfUtils.java:logGet(46)) - raft.server.log.use.memory = false (default)
2023-01-03 10:08:54,500 [pool-710-thread-1] INFO  server.RaftServerConfigKeys (ConfUtils.java:logGet(46)) - raft.server.log.purge.gap = 1000000 (custom)
2023-01-03 10:08:54,500 [pool-710-thread-1] INFO  server.RaftServerConfigKeys (ConfUtils.java:logGet(46)) - raft.server.log.appender.buffer.byte-limit = 33554432 (custom)
2023-01-03 10:08:54,500 [pool-710-thread-1] INFO  server.RaftServerConfigKeys (ConfUtils.java:logGet(46)) - raft.server.log.statemachine.data.read.timeout = 1000ms (default)
2023-01-03 10:08:54,500 [pool-710-thread-1] INFO  server.RaftServerConfigKeys (ConfUtils.java:logGet(46)) - raft.server.log.purge.preservation.log.num = 0 (default)
2023-01-03 10:08:54,500 [pool-710-thread-1] INFO  server.RaftServerConfigKeys (ConfUtils.java:logGet(46)) - raft.server.log.segment.size.max = 1048576 (custom)
2023-01-03 10:08:54,500 [EventQueue-CommandQueueReportForCommandQueueReportHandler] WARN  events.EventQueue (EventQueue.java:fireEvent(216)) - No event handler registered for event TypedEvent{payloadType=DatanodeDetails, name='Datanode_Command_Queue_Updated'}
2023-01-03 10:08:54,500 [pool-710-thread-1] INFO  server.RaftServerConfigKeys (ConfUtils.java:logGet(46)) - raft.server.log.segment.cache.num.max = 2 (custom)
2023-01-03 10:08:54,500 [pool-710-thread-1] INFO  server.RaftServerConfigKeys (ConfUtils.java:logGet(46)) - raft.server.log.segment.cache.size.max = 200MB (=209715200) (default)
2023-01-03 10:08:54,500 [pool-710-thread-1] INFO  segmented.SegmentedRaftLogWorker (SegmentedRaftLogWorker.java:<init>(189)) - new 79f3458c-2c66-4b3a-be39-3ff7abbb9f16@group-5E2E418421AD-SegmentedRaftLogWorker for RaftStorageImpl:Storage Directory /home/runner/work/ozone/ozone/hadoop-ozone/integration-test/target/test-dir/MiniOzoneClusterImpl-1bcd6b1f-11f6-453e-b314-ff0bb9fde82c/datanode-1/data/ratis/a8033612-cbfe-412f-bfd8-5e2e418421ad
2023-01-03 10:08:54,500 [pool-710-thread-1] INFO  server.RaftServerConfigKeys (ConfUtils.java:logGet(46)) - raft.server.log.queue.byte-limit = 4294967296 (custom)
2023-01-03 10:08:54,500 [pool-710-thread-1] INFO  server.RaftServerConfigKeys (ConfUtils.java:logGet(46)) - raft.server.log.queue.element-limit = 1024 (custom)
2023-01-03 10:08:54,500 [pool-710-thread-1] INFO  server.RaftServerConfigKeys (ConfUtils.java:logGet(46)) - raft.server.log.segment.size.max = 1048576 (custom)
2023-01-03 10:08:54,500 [pool-710-thread-1] INFO  server.RaftServerConfigKeys (ConfUtils.java:logGet(46)) - raft.server.log.preallocated.size = 16384 (custom)
2023-01-03 10:08:54,501 [pool-710-thread-1] INFO  server.RaftServerConfigKeys (ConfUtils.java:logGet(46)) - raft.server.log.force.sync.num = 128 (default)
2023-01-03 10:08:54,501 [pool-710-thread-1] INFO  server.RaftServerConfigKeys (ConfUtils.java:logGet(46)) - raft.server.log.statemachine.data.sync = true (default)
2023-01-03 10:08:54,501 [pool-710-thread-1] INFO  server.RaftServerConfigKeys (ConfUtils.java:logGet(46)) - raft.server.log.statemachine.data.sync.timeout = 10s (default)
2023-01-03 10:08:54,501 [pool-710-thread-1] INFO  server.RaftServerConfigKeys (ConfUtils.java:logGet(46)) - raft.server.log.statemachine.data.sync.timeout.retry = -1 (default)
2023-01-03 10:08:54,501 [pool-710-thread-1] INFO  server.RaftServerConfigKeys (ConfUtils.java:logGet(46)) - raft.server.log.write.buffer.size = 1048576 (custom)
2023-01-03 10:08:54,501 [pool-710-thread-1] INFO  server.RaftServerConfigKeys (ConfUtils.java:logGet(46)) - raft.server.log.appender.buffer.byte-limit = 33554432 (custom)
2023-01-03 10:08:54,504 [pool-710-thread-1] INFO  server.RaftServerConfigKeys (ConfUtils.java:logGet(46)) - raft.server.log.unsafe-flush.enabled = false (default)
2023-01-03 10:08:54,504 [pool-710-thread-1] INFO  server.RaftServerConfigKeys (ConfUtils.java:logGet(46)) - raft.server.log.async-flush.enabled = false (default)
2023-01-03 10:08:54,504 [pool-710-thread-1] INFO  server.RaftServerConfigKeys (ConfUtils.java:logGet(46)) - raft.server.log.statemachine.data.caching.enabled = true (custom)
2023-01-03 10:08:54,505 [pool-710-thread-1] INFO  segmented.SegmentedRaftLogWorker (SegmentedRaftLogWorker.java:lambda$new$0(135)) - 79f3458c-2c66-4b3a-be39-3ff7abbb9f16@group-5E2E418421AD-SegmentedRaftLogWorker: flushIndex: setUnconditionally 0 -> -1
2023-01-03 10:08:54,505 [pool-710-thread-1] INFO  segmented.SegmentedRaftLogWorker (SegmentedRaftLogWorker.java:lambda$new$0(135)) - 79f3458c-2c66-4b3a-be39-3ff7abbb9f16@group-5E2E418421AD-SegmentedRaftLogWorker: safeCacheEvictIndex: setUnconditionally 0 -> -1
2023-01-03 10:08:54,505 [pool-710-thread-1] INFO  server.RaftServer$Division (RaftServerImpl.java:start(334)) - 79f3458c-2c66-4b3a-be39-3ff7abbb9f16@group-5E2E418421AD: start as a follower, conf=-1: peers:[2b04a8b1-164a-4310-98e7-450bb9581035|rpc:10.1.0.13:40297|dataStream:10.1.0.13:40255|priority:0|startupRole:FOLLOWER, 79f3458c-2c66-4b3a-be39-3ff7abbb9f16|rpc:10.1.0.13:36965|dataStream:10.1.0.13:36199|priority:0|startupRole:FOLLOWER, 5f4e8170-34f9-42fb-8ea2-3b8d58ff5808|rpc:10.1.0.13:43165|dataStream:10.1.0.13:42261|priority:1|startupRole:FOLLOWER]|listeners:[], old=null
2023-01-03 10:08:54,505 [pool-710-thread-1] INFO  server.RaftServer$Division (RaftServerImpl.java:setRole(321)) - 79f3458c-2c66-4b3a-be39-3ff7abbb9f16@group-5E2E418421AD: changes role from      null to FOLLOWER at term 0 for startAsFollower
2023-01-03 10:08:54,505 [pool-710-thread-1] INFO  impl.RoleInfo (RoleInfo.java:updateAndGet(139)) - 79f3458c-2c66-4b3a-be39-3ff7abbb9f16: start 79f3458c-2c66-4b3a-be39-3ff7abbb9f16@group-5E2E418421AD-FollowerState
2023-01-03 10:08:54,505 [pool-710-thread-1] INFO  util.JmxRegister (JmxRegister.java:tryRegister(44)) - Successfully registered JMX Bean with object name Ratis:service=RaftServer,group=group-5E2E418421AD,id=79f3458c-2c66-4b3a-be39-3ff7abbb9f16
2023-01-03 10:08:54,505 [pool-710-thread-1] INFO  server.RaftServerConfigKeys (ConfUtils.java:logGet(46)) - raft.server.snapshot.auto.trigger.enabled = true (custom)
2023-01-03 10:08:54,505 [pool-710-thread-1] INFO  server.RaftServerConfigKeys (ConfUtils.java:logGet(46)) - raft.server.snapshot.auto.trigger.threshold = 10000 (custom)
2023-01-03 10:08:54,505 [pool-710-thread-1] INFO  server.RaftServerConfigKeys (ConfUtils.java:logGet(46)) - raft.server.snapshot.retention.file.num = 5 (custom)
2023-01-03 10:08:54,505 [pool-710-thread-1] INFO  server.RaftServerConfigKeys (ConfUtils.java:logGet(46)) - raft.server.log.purge.upto.snapshot.index = false (default)
2023-01-03 10:08:54,506 [79f3458c-2c66-4b3a-be39-3ff7abbb9f16@group-5E2E418421AD-FollowerState] INFO  server.RaftServerConfigKeys (ConfUtils.java:logFallback(53)) - raft.server.rpc.first-election.timeout.min = 5s (fallback to raft.server.rpc.timeout.min)
2023-01-03 10:08:54,506 [79f3458c-2c66-4b3a-be39-3ff7abbb9f16@group-5E2E418421AD-FollowerState] INFO  server.RaftServerConfigKeys (ConfUtils.java:logFallback(53)) - raft.server.rpc.first-election.timeout.max = 5200ms (fallback to raft.server.rpc.timeout.max)
2023-01-03 10:08:54,520 [grpc-default-executor-0] INFO  server.RaftServer (RaftServerProxy.java:addNew(96)) - 5f4e8170-34f9-42fb-8ea2-3b8d58ff5808: addNew group-5E2E418421AD:[2b04a8b1-164a-4310-98e7-450bb9581035|rpc:10.1.0.13:40297|dataStream:10.1.0.13:40255|priority:0|startupRole:FOLLOWER, 79f3458c-2c66-4b3a-be39-3ff7abbb9f16|rpc:10.1.0.13:36965|dataStream:10.1.0.13:36199|priority:0|startupRole:FOLLOWER, 5f4e8170-34f9-42fb-8ea2-3b8d58ff5808|rpc:10.1.0.13:43165|dataStream:10.1.0.13:42261|priority:1|startupRole:FOLLOWER] returns group-5E2E418421AD:java.util.concurrent.CompletableFuture@491d73f5[Not completed]
2023-01-03 10:08:54,520 [pool-733-thread-1] INFO  server.RaftServer$Division (RaftServerImpl.java:<init>(195)) - 5f4e8170-34f9-42fb-8ea2-3b8d58ff5808: new RaftServerImpl for group-5E2E418421AD:[2b04a8b1-164a-4310-98e7-450bb9581035|rpc:10.1.0.13:40297|dataStream:10.1.0.13:40255|priority:0|startupRole:FOLLOWER, 79f3458c-2c66-4b3a-be39-3ff7abbb9f16|rpc:10.1.0.13:36965|dataStream:10.1.0.13:36199|priority:0|startupRole:FOLLOWER, 5f4e8170-34f9-42fb-8ea2-3b8d58ff5808|rpc:10.1.0.13:43165|dataStream:10.1.0.13:42261|priority:1|startupRole:FOLLOWER] with ContainerStateMachine:uninitialized
2023-01-03 10:08:54,521 [pool-733-thread-1] INFO  server.RaftServerConfigKeys (ConfUtils.java:logGet(46)) - raft.server.rpc.timeout.min = 5s (custom)
2023-01-03 10:08:54,521 [pool-733-thread-1] INFO  server.RaftServerConfigKeys (ConfUtils.java:logGet(46)) - raft.server.rpc.timeout.max = 5200ms (custom)
2023-01-03 10:08:54,521 [pool-733-thread-1] INFO  server.RaftServerConfigKeys (ConfUtils.java:logGet(46)) - raft.server.rpc.sleep.time = 25ms (default)
2023-01-03 10:08:54,521 [pool-733-thread-1] INFO  server.RaftServerConfigKeys (ConfUtils.java:logGet(46)) - raft.server.rpc.slowness.timeout = 300s (custom)
2023-01-03 10:08:54,521 [pool-733-thread-1] INFO  server.RaftServerConfigKeys (ConfUtils.java:logGet(46)) - raft.server.leaderelection.leader.step-down.wait-time = 10s (default)
2023-01-03 10:08:54,521 [pool-733-thread-1] INFO  server.RaftServerConfigKeys (ConfUtils.java:logGet(46)) - raft.server.sleep.deviation.threshold = 300ms (default)
2023-01-03 10:08:54,521 [pool-733-thread-1] INFO  server.RaftServer$Division (ServerState.java:<init>(118)) - 5f4e8170-34f9-42fb-8ea2-3b8d58ff5808@group-5E2E418421AD: ConfigurationManager, init=-1: peers:[2b04a8b1-164a-4310-98e7-450bb9581035|rpc:10.1.0.13:40297|dataStream:10.1.0.13:40255|priority:0|startupRole:FOLLOWER, 79f3458c-2c66-4b3a-be39-3ff7abbb9f16|rpc:10.1.0.13:36965|dataStream:10.1.0.13:36199|priority:0|startupRole:FOLLOWER, 5f4e8170-34f9-42fb-8ea2-3b8d58ff5808|rpc:10.1.0.13:43165|dataStream:10.1.0.13:42261|priority:1|startupRole:FOLLOWER]|listeners:[], old=null, confs=<EMPTY_MAP>
2023-01-03 10:08:54,521 [pool-733-thread-1] INFO  server.RaftServerConfigKeys (ConfUtils.java:logGet(46)) - raft.server.storage.dir = [/home/runner/work/ozone/ozone/hadoop-ozone/integration-test/target/test-dir/MiniOzoneClusterImpl-1bcd6b1f-11f6-453e-b314-ff0bb9fde82c/datanode-2/data/ratis] (custom)
2023-01-03 10:08:54,521 [pool-733-thread-1] INFO  server.RaftServerConfigKeys (ConfUtils.java:logGet(46)) - raft.server.log.corruption.policy = EXCEPTION (default)
2023-01-03 10:08:54,521 [pool-733-thread-1] INFO  server.RaftServerConfigKeys (ConfUtils.java:logGet(46)) - raft.server.storage.free-space.min = 0MB (=0) (default)
2023-01-03 10:08:54,521 [pool-733-thread-1] INFO  server.RaftServerConfigKeys (ConfUtils.java:logGet(46)) - raft.server.notification.no-leader.timeout = 300s (custom)
2023-01-03 10:08:54,521 [pool-733-thread-1] INFO  server.RaftServerConfigKeys (ConfUtils.java:logGet(46)) - raft.server.retrycache.expirytime = 600000ms (custom)
2023-01-03 10:08:54,521 [pool-733-thread-1] INFO  server.RaftServerConfigKeys (ConfUtils.java:logGet(46)) - raft.server.retrycache.statistics.expirytime = 100μs (default)
2023-01-03 10:08:54,522 [pool-733-thread-1] INFO  server.RaftServerConfigKeys (ConfUtils.java:logGet(46)) - raft.server.log.appender.install.snapshot.enabled = false (custom)
2023-01-03 10:08:54,522 [pool-733-thread-1] INFO  server.RaftServerConfigKeys (ConfUtils.java:logGet(46)) - raft.server.threadpool.server.cached = true (default)
2023-01-03 10:08:54,522 [pool-733-thread-1] INFO  server.RaftServerConfigKeys (ConfUtils.java:logGet(46)) - raft.server.threadpool.server.size = 0 (default)
2023-01-03 10:08:54,522 [pool-733-thread-1] INFO  server.RaftServerConfigKeys (ConfUtils.java:logGet(46)) - raft.server.threadpool.client.cached = true (default)
2023-01-03 10:08:54,522 [pool-733-thread-1] INFO  server.RaftServerConfigKeys (ConfUtils.java:logGet(46)) - raft.server.threadpool.client.size = 0 (default)
2023-01-03 10:08:54,522 [pool-733-thread-1] INFO  storage.RaftStorageDirectory (RaftStorageDirectoryImpl.java:analyzeStorage(137)) - The storage directory /home/runner/work/ozone/ozone/hadoop-ozone/integration-test/target/test-dir/MiniOzoneClusterImpl-1bcd6b1f-11f6-453e-b314-ff0bb9fde82c/datanode-2/data/ratis/a8033612-cbfe-412f-bfd8-5e2e418421ad does not exist. Creating ...
2023-01-03 10:08:54,523 [pool-733-thread-1] INFO  storage.RaftStorageDirectory (RaftStorageDirectoryImpl.java:tryLock(231)) - Lock on /home/runner/work/ozone/ozone/hadoop-ozone/integration-test/target/test-dir/MiniOzoneClusterImpl-1bcd6b1f-11f6-453e-b314-ff0bb9fde82c/datanode-2/data/ratis/a8033612-cbfe-412f-bfd8-5e2e418421ad/in_use.lock acquired by nodename 9440@fv-az292-374
2023-01-03 10:08:54,524 [pool-733-thread-1] INFO  storage.RaftStorage (RaftStorageImpl.java:format(96)) - Storage directory /home/runner/work/ozone/ozone/hadoop-ozone/integration-test/target/test-dir/MiniOzoneClusterImpl-1bcd6b1f-11f6-453e-b314-ff0bb9fde82c/datanode-2/data/ratis/a8033612-cbfe-412f-bfd8-5e2e418421ad has been successfully formatted.
2023-01-03 10:08:54,524 [pool-733-thread-1] INFO  ratis.ContainerStateMachine (ContainerStateMachine.java:loadSnapshot(240)) - group-5E2E418421AD: The snapshot info is null. Setting the last applied indexto:(t:0, i:~)
2023-01-03 10:08:54,524 [pool-733-thread-1] INFO  server.RaftServerConfigKeys (ConfUtils.java:logGet(46)) - raft.server.log.use.memory = false (default)
2023-01-03 10:08:54,524 [pool-733-thread-1] INFO  server.RaftServerConfigKeys (ConfUtils.java:logGet(46)) - raft.server.log.purge.gap = 1000000 (custom)
2023-01-03 10:08:54,525 [pool-733-thread-1] INFO  server.RaftServerConfigKeys (ConfUtils.java:logGet(46)) - raft.server.log.appender.buffer.byte-limit = 33554432 (custom)
2023-01-03 10:08:54,525 [pool-733-thread-1] INFO  server.RaftServerConfigKeys (ConfUtils.java:logGet(46)) - raft.server.log.statemachine.data.read.timeout = 1000ms (default)
2023-01-03 10:08:54,525 [pool-733-thread-1] INFO  server.RaftServerConfigKeys (ConfUtils.java:logGet(46)) - raft.server.log.purge.preservation.log.num = 0 (default)
2023-01-03 10:08:54,525 [pool-733-thread-1] INFO  server.RaftServerConfigKeys (ConfUtils.java:logGet(46)) - raft.server.log.segment.size.max = 1048576 (custom)
2023-01-03 10:08:54,525 [pool-733-thread-1] INFO  server.RaftServerConfigKeys (ConfUtils.java:logGet(46)) - raft.server.log.segment.cache.num.max = 2 (custom)
2023-01-03 10:08:54,525 [pool-733-thread-1] INFO  server.RaftServerConfigKeys (ConfUtils.java:logGet(46)) - raft.server.log.segment.cache.size.max = 200MB (=209715200) (default)
2023-01-03 10:08:54,525 [pool-733-thread-1] INFO  segmented.SegmentedRaftLogWorker (SegmentedRaftLogWorker.java:<init>(189)) - new 5f4e8170-34f9-42fb-8ea2-3b8d58ff5808@group-5E2E418421AD-SegmentedRaftLogWorker for RaftStorageImpl:Storage Directory /home/runner/work/ozone/ozone/hadoop-ozone/integration-test/target/test-dir/MiniOzoneClusterImpl-1bcd6b1f-11f6-453e-b314-ff0bb9fde82c/datanode-2/data/ratis/a8033612-cbfe-412f-bfd8-5e2e418421ad
2023-01-03 10:08:54,525 [pool-733-thread-1] INFO  server.RaftServerConfigKeys (ConfUtils.java:logGet(46)) - raft.server.log.queue.byte-limit = 4294967296 (custom)
2023-01-03 10:08:54,525 [pool-733-thread-1] INFO  server.RaftServerConfigKeys (ConfUtils.java:logGet(46)) - raft.server.log.queue.element-limit = 1024 (custom)
2023-01-03 10:08:54,525 [EventQueue-CommandQueueReportForCommandQueueReportHandler] WARN  events.EventQueue (EventQueue.java:fireEvent(216)) - No event handler registered for event TypedEvent{payloadType=DatanodeDetails, name='Datanode_Command_Queue_Updated'}
2023-01-03 10:08:54,525 [pool-733-thread-1] INFO  server.RaftServerConfigKeys (ConfUtils.java:logGet(46)) - raft.server.log.segment.size.max = 1048576 (custom)
2023-01-03 10:08:54,525 [pool-733-thread-1] INFO  server.RaftServerConfigKeys (ConfUtils.java:logGet(46)) - raft.server.log.preallocated.size = 16384 (custom)
2023-01-03 10:08:54,525 [pool-733-thread-1] INFO  server.RaftServerConfigKeys (ConfUtils.java:logGet(46)) - raft.server.log.force.sync.num = 128 (default)
2023-01-03 10:08:54,525 [pool-733-thread-1] INFO  server.RaftServerConfigKeys (ConfUtils.java:logGet(46)) - raft.server.log.statemachine.data.sync = true (default)
2023-01-03 10:08:54,525 [pool-733-thread-1] INFO  server.RaftServerConfigKeys (ConfUtils.java:logGet(46)) - raft.server.log.statemachine.data.sync.timeout = 10s (default)
2023-01-03 10:08:54,525 [pool-733-thread-1] INFO  server.RaftServerConfigKeys (ConfUtils.java:logGet(46)) - raft.server.log.statemachine.data.sync.timeout.retry = -1 (default)
2023-01-03 10:08:54,526 [pool-733-thread-1] INFO  server.RaftServerConfigKeys (ConfUtils.java:logGet(46)) - raft.server.log.write.buffer.size = 1048576 (custom)
2023-01-03 10:08:54,526 [pool-733-thread-1] INFO  server.RaftServerConfigKeys (ConfUtils.java:logGet(46)) - raft.server.log.appender.buffer.byte-limit = 33554432 (custom)
2023-01-03 10:08:54,529 [pool-733-thread-1] INFO  server.RaftServerConfigKeys (ConfUtils.java:logGet(46)) - raft.server.log.unsafe-flush.enabled = false (default)
2023-01-03 10:08:54,529 [pool-733-thread-1] INFO  server.RaftServerConfigKeys (ConfUtils.java:logGet(46)) - raft.server.log.async-flush.enabled = false (default)
2023-01-03 10:08:54,529 [pool-733-thread-1] INFO  server.RaftServerConfigKeys (ConfUtils.java:logGet(46)) - raft.server.log.statemachine.data.caching.enabled = true (custom)
2023-01-03 10:08:54,529 [pool-733-thread-1] INFO  segmented.SegmentedRaftLogWorker (SegmentedRaftLogWorker.java:lambda$new$0(135)) - 5f4e8170-34f9-42fb-8ea2-3b8d58ff5808@group-5E2E418421AD-SegmentedRaftLogWorker: flushIndex: setUnconditionally 0 -> -1
2023-01-03 10:08:54,529 [pool-733-thread-1] INFO  segmented.SegmentedRaftLogWorker (SegmentedRaftLogWorker.java:lambda$new$0(135)) - 5f4e8170-34f9-42fb-8ea2-3b8d58ff5808@group-5E2E418421AD-SegmentedRaftLogWorker: safeCacheEvictIndex: setUnconditionally 0 -> -1
2023-01-03 10:08:54,529 [pool-733-thread-1] INFO  server.RaftServer$Division (RaftServerImpl.java:start(334)) - 5f4e8170-34f9-42fb-8ea2-3b8d58ff5808@group-5E2E418421AD: start as a follower, conf=-1: peers:[2b04a8b1-164a-4310-98e7-450bb9581035|rpc:10.1.0.13:40297|dataStream:10.1.0.13:40255|priority:0|startupRole:FOLLOWER, 79f3458c-2c66-4b3a-be39-3ff7abbb9f16|rpc:10.1.0.13:36965|dataStream:10.1.0.13:36199|priority:0|startupRole:FOLLOWER, 5f4e8170-34f9-42fb-8ea2-3b8d58ff5808|rpc:10.1.0.13:43165|dataStream:10.1.0.13:42261|priority:1|startupRole:FOLLOWER]|listeners:[], old=null
2023-01-03 10:08:54,529 [pool-733-thread-1] INFO  server.RaftServer$Division (RaftServerImpl.java:setRole(321)) - 5f4e8170-34f9-42fb-8ea2-3b8d58ff5808@group-5E2E418421AD: changes role from      null to FOLLOWER at term 0 for startAsFollower
2023-01-03 10:08:54,529 [pool-733-thread-1] INFO  impl.RoleInfo (RoleInfo.java:updateAndGet(139)) - 5f4e8170-34f9-42fb-8ea2-3b8d58ff5808: start 5f4e8170-34f9-42fb-8ea2-3b8d58ff5808@group-5E2E418421AD-FollowerState
2023-01-03 10:08:54,530 [pool-733-thread-1] INFO  util.JmxRegister (JmxRegister.java:tryRegister(44)) - Successfully registered JMX Bean with object name Ratis:service=RaftServer,group=group-5E2E418421AD,id=5f4e8170-34f9-42fb-8ea2-3b8d58ff5808
2023-01-03 10:08:54,530 [pool-733-thread-1] INFO  server.RaftServerConfigKeys (ConfUtils.java:logGet(46)) - raft.server.snapshot.auto.trigger.enabled = true (custom)
2023-01-03 10:08:54,530 [pool-733-thread-1] INFO  server.RaftServerConfigKeys (ConfUtils.java:logGet(46)) - raft.server.snapshot.auto.trigger.threshold = 10000 (custom)
2023-01-03 10:08:54,530 [pool-733-thread-1] INFO  server.RaftServerConfigKeys (ConfUtils.java:logGet(46)) - raft.server.snapshot.retention.file.num = 5 (custom)
2023-01-03 10:08:54,530 [pool-733-thread-1] INFO  server.RaftServerConfigKeys (ConfUtils.java:logGet(46)) - raft.server.log.purge.upto.snapshot.index = false (default)
2023-01-03 10:08:54,530 [5f4e8170-34f9-42fb-8ea2-3b8d58ff5808@group-5E2E418421AD-FollowerState] INFO  server.RaftServerConfigKeys (ConfUtils.java:logFallback(53)) - raft.server.rpc.first-election.timeout.min = 5s (fallback to raft.server.rpc.timeout.min)
2023-01-03 10:08:54,530 [5f4e8170-34f9-42fb-8ea2-3b8d58ff5808@group-5E2E418421AD-FollowerState] INFO  server.RaftServerConfigKeys (ConfUtils.java:logFallback(53)) - raft.server.rpc.first-election.timeout.max = 5200ms (fallback to raft.server.rpc.timeout.max)
2023-01-03 10:08:54,536 [Command processor thread] INFO  commandhandler.CreatePipelineCommandHandler (CreatePipelineCommandHandler.java:handle(113)) - Created Pipeline RATIS THREE PipelineID=a8033612-cbfe-412f-bfd8-5e2e418421ad.
2023-01-03 10:08:54,570 [Listener at 127.0.0.1/33423] INFO  ozone.MiniOzoneClusterImpl (MiniOzoneClusterImpl.java:lambda$waitForClusterToBeReady$0(217)) - Nodes are ready. Got 5 of 5 DN Heartbeats.
2023-01-03 10:08:54,570 [Listener at 127.0.0.1/33423] INFO  ozone.MiniOzoneClusterImpl (MiniOzoneClusterImpl.java:lambda$waitForClusterToBeReady$0(220)) - Waiting for cluster to exit safe mode
2023-01-03 10:08:54,570 [Listener at 127.0.0.1/33423] INFO  ozone.MiniOzoneClusterImpl (MiniOzoneClusterImpl.java:lambda$waitForClusterToBeReady$0(222)) - SCM became leader
2023-01-03 10:08:54,571 [EventQueue-CommandQueueReportForCommandQueueReportHandler] WARN  events.EventQueue (EventQueue.java:fireEvent(216)) - No event handler registered for event TypedEvent{payloadType=DatanodeDetails, name='Datanode_Command_Queue_Updated'}
2023-01-03 10:08:54,654 [Command processor thread] INFO  server.RaftServer (RaftServerProxy.java:addNew(96)) - 79f3458c-2c66-4b3a-be39-3ff7abbb9f16: addNew group-621B032D82EB:[79f3458c-2c66-4b3a-be39-3ff7abbb9f16|rpc:10.1.0.13:36965|dataStream:10.1.0.13:36199|priority:1|startupRole:FOLLOWER] returns group-621B032D82EB:java.util.concurrent.CompletableFuture@f1e813b[Not completed]
2023-01-03 10:08:54,654 [pool-710-thread-1] INFO  server.RaftServer$Division (RaftServerImpl.java:<init>(195)) - 79f3458c-2c66-4b3a-be39-3ff7abbb9f16: new RaftServerImpl for group-621B032D82EB:[79f3458c-2c66-4b3a-be39-3ff7abbb9f16|rpc:10.1.0.13:36965|dataStream:10.1.0.13:36199|priority:1|startupRole:FOLLOWER] with ContainerStateMachine:uninitialized
2023-01-03 10:08:54,654 [pool-710-thread-1] INFO  server.RaftServerConfigKeys (ConfUtils.java:logGet(46)) - raft.server.rpc.timeout.min = 5s (custom)
2023-01-03 10:08:54,654 [pool-710-thread-1] INFO  server.RaftServerConfigKeys (ConfUtils.java:logGet(46)) - raft.server.rpc.timeout.max = 5200ms (custom)
2023-01-03 10:08:54,654 [pool-710-thread-1] INFO  server.RaftServerConfigKeys (ConfUtils.java:logGet(46)) - raft.server.rpc.sleep.time = 25ms (default)
2023-01-03 10:08:54,654 [pool-710-thread-1] INFO  server.RaftServerConfigKeys (ConfUtils.java:logGet(46)) - raft.server.rpc.slowness.timeout = 300s (custom)
2023-01-03 10:08:54,654 [pool-710-thread-1] INFO  server.RaftServerConfigKeys (ConfUtils.java:logGet(46)) - raft.server.leaderelection.leader.step-down.wait-time = 10s (default)
2023-01-03 10:08:54,654 [pool-710-thread-1] INFO  server.RaftServerConfigKeys (ConfUtils.java:logGet(46)) - raft.server.sleep.deviation.threshold = 300ms (default)
2023-01-03 10:08:54,654 [pool-710-thread-1] INFO  server.RaftServer$Division (ServerState.java:<init>(118)) - 79f3458c-2c66-4b3a-be39-3ff7abbb9f16@group-621B032D82EB: ConfigurationManager, init=-1: peers:[79f3458c-2c66-4b3a-be39-3ff7abbb9f16|rpc:10.1.0.13:36965|dataStream:10.1.0.13:36199|priority:1|startupRole:FOLLOWER]|listeners:[], old=null, confs=<EMPTY_MAP>
2023-01-03 10:08:54,655 [pool-710-thread-1] INFO  server.RaftServerConfigKeys (ConfUtils.java:logGet(46)) - raft.server.storage.dir = [/home/runner/work/ozone/ozone/hadoop-ozone/integration-test/target/test-dir/MiniOzoneClusterImpl-1bcd6b1f-11f6-453e-b314-ff0bb9fde82c/datanode-1/data/ratis] (custom)
2023-01-03 10:08:54,655 [pool-710-thread-1] INFO  server.RaftServerConfigKeys (ConfUtils.java:logGet(46)) - raft.server.log.corruption.policy = EXCEPTION (default)
2023-01-03 10:08:54,655 [pool-710-thread-1] INFO  server.RaftServerConfigKeys (ConfUtils.java:logGet(46)) - raft.server.storage.free-space.min = 0MB (=0) (default)
2023-01-03 10:08:54,655 [pool-710-thread-1] INFO  server.RaftServerConfigKeys (ConfUtils.java:logGet(46)) - raft.server.notification.no-leader.timeout = 300s (custom)
2023-01-03 10:08:54,655 [pool-710-thread-1] INFO  server.RaftServerConfigKeys (ConfUtils.java:logGet(46)) - raft.server.retrycache.expirytime = 600000ms (custom)
2023-01-03 10:08:54,655 [pool-710-thread-1] INFO  server.RaftServerConfigKeys (ConfUtils.java:logGet(46)) - raft.server.retrycache.statistics.expirytime = 100μs (default)
2023-01-03 10:08:54,655 [pool-710-thread-1] INFO  server.RaftServerConfigKeys (ConfUtils.java:logGet(46)) - raft.server.log.appender.install.snapshot.enabled = false (custom)
2023-01-03 10:08:54,655 [pool-710-thread-1] INFO  server.RaftServerConfigKeys (ConfUtils.java:logGet(46)) - raft.server.threadpool.server.cached = true (default)
2023-01-03 10:08:54,655 [pool-710-thread-1] INFO  server.RaftServerConfigKeys (ConfUtils.java:logGet(46)) - raft.server.threadpool.server.size = 0 (default)
2023-01-03 10:08:54,655 [pool-710-thread-1] INFO  server.RaftServerConfigKeys (ConfUtils.java:logGet(46)) - raft.server.threadpool.client.cached = true (default)
2023-01-03 10:08:54,655 [pool-710-thread-1] INFO  server.RaftServerConfigKeys (ConfUtils.java:logGet(46)) - raft.server.threadpool.client.size = 0 (default)
2023-01-03 10:08:54,656 [pool-710-thread-1] INFO  storage.RaftStorageDirectory (RaftStorageDirectoryImpl.java:analyzeStorage(137)) - The storage directory /home/runner/work/ozone/ozone/hadoop-ozone/integration-test/target/test-dir/MiniOzoneClusterImpl-1bcd6b1f-11f6-453e-b314-ff0bb9fde82c/datanode-1/data/ratis/103835c5-9812-442d-9bb0-621b032d82eb does not exist. Creating ...
2023-01-03 10:08:54,656 [pool-710-thread-1] INFO  storage.RaftStorageDirectory (RaftStorageDirectoryImpl.java:tryLock(231)) - Lock on /home/runner/work/ozone/ozone/hadoop-ozone/integration-test/target/test-dir/MiniOzoneClusterImpl-1bcd6b1f-11f6-453e-b314-ff0bb9fde82c/datanode-1/data/ratis/103835c5-9812-442d-9bb0-621b032d82eb/in_use.lock acquired by nodename 9440@fv-az292-374
2023-01-03 10:08:54,657 [pool-710-thread-1] INFO  storage.RaftStorage (RaftStorageImpl.java:format(96)) - Storage directory /home/runner/work/ozone/ozone/hadoop-ozone/integration-test/target/test-dir/MiniOzoneClusterImpl-1bcd6b1f-11f6-453e-b314-ff0bb9fde82c/datanode-1/data/ratis/103835c5-9812-442d-9bb0-621b032d82eb has been successfully formatted.
2023-01-03 10:08:54,657 [pool-710-thread-1] INFO  ratis.ContainerStateMachine (ContainerStateMachine.java:loadSnapshot(240)) - group-621B032D82EB: The snapshot info is null. Setting the last applied indexto:(t:0, i:~)
2023-01-03 10:08:54,658 [pool-710-thread-1] INFO  server.RaftServerConfigKeys (ConfUtils.java:logGet(46)) - raft.server.log.use.memory = false (default)
2023-01-03 10:08:54,658 [pool-710-thread-1] INFO  server.RaftServerConfigKeys (ConfUtils.java:logGet(46)) - raft.server.log.purge.gap = 1000000 (custom)
2023-01-03 10:08:54,658 [pool-710-thread-1] INFO  server.RaftServerConfigKeys (ConfUtils.java:logGet(46)) - raft.server.log.appender.buffer.byte-limit = 33554432 (custom)
2023-01-03 10:08:54,658 [pool-710-thread-1] INFO  server.RaftServerConfigKeys (ConfUtils.java:logGet(46)) - raft.server.log.statemachine.data.read.timeout = 1000ms (default)
2023-01-03 10:08:54,658 [pool-710-thread-1] INFO  server.RaftServerConfigKeys (ConfUtils.java:logGet(46)) - raft.server.log.purge.preservation.log.num = 0 (default)
2023-01-03 10:08:54,658 [pool-710-thread-1] INFO  server.RaftServerConfigKeys (ConfUtils.java:logGet(46)) - raft.server.log.segment.size.max = 1048576 (custom)
2023-01-03 10:08:54,658 [EventQueue-PipelineReportForPipelineReportHandler] INFO  pipeline.PipelineManagerImpl (PipelineManagerImpl.java:openPipeline(367)) - Pipeline Pipeline[ Id: 103835c5-9812-442d-9bb0-621b032d82eb, Nodes: 79f3458c-2c66-4b3a-be39-3ff7abbb9f16{ip: 10.1.0.13, host: fv-az292-374.tqgtyn10aqxuxoi0mkfbldi5vh.jx.internal.cloudapp.net, ports: [REPLICATION=45677, RATIS=36965, RATIS_ADMIN=36965, RATIS_SERVER=36965, RATIS_DATASTREAM=36199, STANDALONE=36935], networkLocation: /default-rack, certSerialId: null, persistedOpState: IN_SERVICE, persistedOpStateExpiryEpochSec: 0}, ReplicationConfig: RATIS/ONE, State:ALLOCATED, leaderId:79f3458c-2c66-4b3a-be39-3ff7abbb9f16, CreationTimestamp2023-01-03T10:08:51.656Z[Etc/UTC]] moved to OPEN state
2023-01-03 10:08:54,658 [EventQueue-CommandQueueReportForCommandQueueReportHandler] WARN  events.EventQueue (EventQueue.java:fireEvent(216)) - No event handler registered for event TypedEvent{payloadType=DatanodeDetails, name='Datanode_Command_Queue_Updated'}
2023-01-03 10:08:54,658 [EventQueue-OpenPipelineForHealthyPipelineSafeModeRule] INFO  safemode.SCMSafeModeManager (HealthyPipelineSafeModeRule.java:process(137)) - SCM in safe mode. Healthy pipelines reported count is 0, required healthy pipeline reported count is 1
2023-01-03 10:08:54,658 [pool-710-thread-1] INFO  server.RaftServerConfigKeys (ConfUtils.java:logGet(46)) - raft.server.log.segment.cache.num.max = 2 (custom)
2023-01-03 10:08:54,659 [pool-710-thread-1] INFO  server.RaftServerConfigKeys (ConfUtils.java:logGet(46)) - raft.server.log.segment.cache.size.max = 200MB (=209715200) (default)
2023-01-03 10:08:54,659 [pool-710-thread-1] INFO  segmented.SegmentedRaftLogWorker (SegmentedRaftLogWorker.java:<init>(189)) - new 79f3458c-2c66-4b3a-be39-3ff7abbb9f16@group-621B032D82EB-SegmentedRaftLogWorker for RaftStorageImpl:Storage Directory /home/runner/work/ozone/ozone/hadoop-ozone/integration-test/target/test-dir/MiniOzoneClusterImpl-1bcd6b1f-11f6-453e-b314-ff0bb9fde82c/datanode-1/data/ratis/103835c5-9812-442d-9bb0-621b032d82eb
2023-01-03 10:08:54,659 [pool-710-thread-1] INFO  server.RaftServerConfigKeys (ConfUtils.java:logGet(46)) - raft.server.log.queue.byte-limit = 4294967296 (custom)
2023-01-03 10:08:54,659 [pool-710-thread-1] INFO  server.RaftServerConfigKeys (ConfUtils.java:logGet(46)) - raft.server.log.queue.element-limit = 1024 (custom)
2023-01-03 10:08:54,659 [pool-710-thread-1] INFO  server.RaftServerConfigKeys (ConfUtils.java:logGet(46)) - raft.server.log.segment.size.max = 1048576 (custom)
2023-01-03 10:08:54,659 [pool-710-thread-1] INFO  server.RaftServerConfigKeys (ConfUtils.java:logGet(46)) - raft.server.log.preallocated.size = 16384 (custom)
2023-01-03 10:08:54,659 [pool-710-thread-1] INFO  server.RaftServerConfigKeys (ConfUtils.java:logGet(46)) - raft.server.log.force.sync.num = 128 (default)
2023-01-03 10:08:54,659 [pool-710-thread-1] INFO  server.RaftServerConfigKeys (ConfUtils.java:logGet(46)) - raft.server.log.statemachine.data.sync = true (default)
2023-01-03 10:08:54,659 [pool-710-thread-1] INFO  server.RaftServerConfigKeys (ConfUtils.java:logGet(46)) - raft.server.log.statemachine.data.sync.timeout = 10s (default)
2023-01-03 10:08:54,659 [pool-710-thread-1] INFO  server.RaftServerConfigKeys (ConfUtils.java:logGet(46)) - raft.server.log.statemachine.data.sync.timeout.retry = -1 (default)
2023-01-03 10:08:54,659 [pool-710-thread-1] INFO  server.RaftServerConfigKeys (ConfUtils.java:logGet(46)) - raft.server.log.write.buffer.size = 1048576 (custom)
2023-01-03 10:08:54,660 [pool-710-thread-1] INFO  server.RaftServerConfigKeys (ConfUtils.java:logGet(46)) - raft.server.log.appender.buffer.byte-limit = 33554432 (custom)
2023-01-03 10:08:54,664 [pool-710-thread-1] INFO  server.RaftServerConfigKeys (ConfUtils.java:logGet(46)) - raft.server.log.unsafe-flush.enabled = false (default)
2023-01-03 10:08:54,664 [pool-710-thread-1] INFO  server.RaftServerConfigKeys (ConfUtils.java:logGet(46)) - raft.server.log.async-flush.enabled = false (default)
2023-01-03 10:08:54,664 [pool-710-thread-1] INFO  server.RaftServerConfigKeys (ConfUtils.java:logGet(46)) - raft.server.log.statemachine.data.caching.enabled = true (custom)
2023-01-03 10:08:54,665 [pool-710-thread-1] INFO  segmented.SegmentedRaftLogWorker (SegmentedRaftLogWorker.java:lambda$new$0(135)) - 79f3458c-2c66-4b3a-be39-3ff7abbb9f16@group-621B032D82EB-SegmentedRaftLogWorker: flushIndex: setUnconditionally 0 -> -1
2023-01-03 10:08:54,665 [pool-710-thread-1] INFO  segmented.SegmentedRaftLogWorker (SegmentedRaftLogWorker.java:lambda$new$0(135)) - 79f3458c-2c66-4b3a-be39-3ff7abbb9f16@group-621B032D82EB-SegmentedRaftLogWorker: safeCacheEvictIndex: setUnconditionally 0 -> -1
2023-01-03 10:08:54,665 [pool-710-thread-1] INFO  server.RaftServer$Division (RaftServerImpl.java:start(334)) - 79f3458c-2c66-4b3a-be39-3ff7abbb9f16@group-621B032D82EB: start as a follower, conf=-1: peers:[79f3458c-2c66-4b3a-be39-3ff7abbb9f16|rpc:10.1.0.13:36965|dataStream:10.1.0.13:36199|priority:1|startupRole:FOLLOWER]|listeners:[], old=null
2023-01-03 10:08:54,665 [pool-710-thread-1] INFO  server.RaftServer$Division (RaftServerImpl.java:setRole(321)) - 79f3458c-2c66-4b3a-be39-3ff7abbb9f16@group-621B032D82EB: changes role from      null to FOLLOWER at term 0 for startAsFollower
2023-01-03 10:08:54,665 [pool-710-thread-1] INFO  impl.RoleInfo (RoleInfo.java:updateAndGet(139)) - 79f3458c-2c66-4b3a-be39-3ff7abbb9f16: start 79f3458c-2c66-4b3a-be39-3ff7abbb9f16@group-621B032D82EB-FollowerState
2023-01-03 10:08:54,674 [pool-710-thread-1] INFO  util.JmxRegister (JmxRegister.java:tryRegister(44)) - Successfully registered JMX Bean with object name Ratis:service=RaftServer,group=group-621B032D82EB,id=79f3458c-2c66-4b3a-be39-3ff7abbb9f16
2023-01-03 10:08:54,674 [pool-710-thread-1] INFO  server.RaftServerConfigKeys (ConfUtils.java:logGet(46)) - raft.server.snapshot.auto.trigger.enabled = true (custom)
2023-01-03 10:08:54,675 [pool-710-thread-1] INFO  server.RaftServerConfigKeys (ConfUtils.java:logGet(46)) - raft.server.snapshot.auto.trigger.threshold = 10000 (custom)
2023-01-03 10:08:54,675 [pool-710-thread-1] INFO  server.RaftServerConfigKeys (ConfUtils.java:logGet(46)) - raft.server.snapshot.retention.file.num = 5 (custom)
2023-01-03 10:08:54,675 [pool-710-thread-1] INFO  server.RaftServerConfigKeys (ConfUtils.java:logGet(46)) - raft.server.log.purge.upto.snapshot.index = false (default)
2023-01-03 10:08:54,675 [Command processor thread] INFO  ratis.XceiverServerRatis (XceiverServerRatis.java:addGroup(806)) - Created group PipelineID=103835c5-9812-442d-9bb0-621b032d82eb
2023-01-03 10:08:54,675 [Command processor thread] INFO  commandhandler.CreatePipelineCommandHandler (CreatePipelineCommandHandler.java:handle(113)) - Created Pipeline RATIS ONE PipelineID=103835c5-9812-442d-9bb0-621b032d82eb.
2023-01-03 10:08:54,675 [79f3458c-2c66-4b3a-be39-3ff7abbb9f16@group-621B032D82EB-FollowerState] INFO  server.RaftServerConfigKeys (ConfUtils.java:logFallback(53)) - raft.server.rpc.first-election.timeout.min = 5s (fallback to raft.server.rpc.timeout.min)
2023-01-03 10:08:54,675 [79f3458c-2c66-4b3a-be39-3ff7abbb9f16@group-621B032D82EB-FollowerState] INFO  server.RaftServerConfigKeys (ConfUtils.java:logFallback(53)) - raft.server.rpc.first-election.timeout.max = 5200ms (fallback to raft.server.rpc.timeout.max)
2023-01-03 10:08:54,963 [Command processor thread] INFO  server.RaftServer (RaftServerProxy.java:addNew(96)) - 5f4e8170-34f9-42fb-8ea2-3b8d58ff5808: addNew group-83D7EAE2BC9F:[5f4e8170-34f9-42fb-8ea2-3b8d58ff5808|rpc:10.1.0.13:43165|dataStream:10.1.0.13:42261|priority:1|startupRole:FOLLOWER] returns group-83D7EAE2BC9F:java.util.concurrent.CompletableFuture@6f1ed4fa[Not completed]
2023-01-03 10:08:54,964 [pool-733-thread-1] INFO  server.RaftServer$Division (RaftServerImpl.java:<init>(195)) - 5f4e8170-34f9-42fb-8ea2-3b8d58ff5808: new RaftServerImpl for group-83D7EAE2BC9F:[5f4e8170-34f9-42fb-8ea2-3b8d58ff5808|rpc:10.1.0.13:43165|dataStream:10.1.0.13:42261|priority:1|startupRole:FOLLOWER] with ContainerStateMachine:uninitialized
2023-01-03 10:08:54,964 [pool-733-thread-1] INFO  server.RaftServerConfigKeys (ConfUtils.java:logGet(46)) - raft.server.rpc.timeout.min = 5s (custom)
2023-01-03 10:08:54,964 [pool-733-thread-1] INFO  server.RaftServerConfigKeys (ConfUtils.java:logGet(46)) - raft.server.rpc.timeout.max = 5200ms (custom)
2023-01-03 10:08:54,964 [pool-733-thread-1] INFO  server.RaftServerConfigKeys (ConfUtils.java:logGet(46)) - raft.server.rpc.sleep.time = 25ms (default)
2023-01-03 10:08:54,964 [pool-733-thread-1] INFO  server.RaftServerConfigKeys (ConfUtils.java:logGet(46)) - raft.server.rpc.slowness.timeout = 300s (custom)
2023-01-03 10:08:54,964 [pool-733-thread-1] INFO  server.RaftServerConfigKeys (ConfUtils.java:logGet(46)) - raft.server.leaderelection.leader.step-down.wait-time = 10s (default)
2023-01-03 10:08:54,964 [pool-733-thread-1] INFO  server.RaftServerConfigKeys (ConfUtils.java:logGet(46)) - raft.server.sleep.deviation.threshold = 300ms (default)
2023-01-03 10:08:54,964 [pool-733-thread-1] INFO  server.RaftServer$Division (ServerState.java:<init>(118)) - 5f4e8170-34f9-42fb-8ea2-3b8d58ff5808@group-83D7EAE2BC9F: ConfigurationManager, init=-1: peers:[5f4e8170-34f9-42fb-8ea2-3b8d58ff5808|rpc:10.1.0.13:43165|dataStream:10.1.0.13:42261|priority:1|startupRole:FOLLOWER]|listeners:[], old=null, confs=<EMPTY_MAP>
2023-01-03 10:08:54,964 [pool-733-thread-1] INFO  server.RaftServerConfigKeys (ConfUtils.java:logGet(46)) - raft.server.storage.dir = [/home/runner/work/ozone/ozone/hadoop-ozone/integration-test/target/test-dir/MiniOzoneClusterImpl-1bcd6b1f-11f6-453e-b314-ff0bb9fde82c/datanode-2/data/ratis] (custom)
2023-01-03 10:08:54,964 [pool-733-thread-1] INFO  server.RaftServerConfigKeys (ConfUtils.java:logGet(46)) - raft.server.log.corruption.policy = EXCEPTION (default)
2023-01-03 10:08:54,964 [pool-733-thread-1] INFO  server.RaftServerConfigKeys (ConfUtils.java:logGet(46)) - raft.server.storage.free-space.min = 0MB (=0) (default)
2023-01-03 10:08:54,965 [pool-733-thread-1] INFO  server.RaftServerConfigKeys (ConfUtils.java:logGet(46)) - raft.server.notification.no-leader.timeout = 300s (custom)
2023-01-03 10:08:54,965 [pool-733-thread-1] INFO  server.RaftServerConfigKeys (ConfUtils.java:logGet(46)) - raft.server.retrycache.expirytime = 600000ms (custom)
2023-01-03 10:08:54,965 [pool-733-thread-1] INFO  server.RaftServerConfigKeys (ConfUtils.java:logGet(46)) - raft.server.retrycache.statistics.expirytime = 100μs (default)
2023-01-03 10:08:54,965 [pool-733-thread-1] INFO  server.RaftServerConfigKeys (ConfUtils.java:logGet(46)) - raft.server.log.appender.install.snapshot.enabled = false (custom)
2023-01-03 10:08:54,965 [pool-733-thread-1] INFO  server.RaftServerConfigKeys (ConfUtils.java:logGet(46)) - raft.server.threadpool.server.cached = true (default)
2023-01-03 10:08:54,965 [pool-733-thread-1] INFO  server.RaftServerConfigKeys (ConfUtils.java:logGet(46)) - raft.server.threadpool.server.size = 0 (default)
2023-01-03 10:08:54,965 [pool-733-thread-1] INFO  server.RaftServerConfigKeys (ConfUtils.java:logGet(46)) - raft.server.threadpool.client.cached = true (default)
2023-01-03 10:08:54,965 [pool-733-thread-1] INFO  server.RaftServerConfigKeys (ConfUtils.java:logGet(46)) - raft.server.threadpool.client.size = 0 (default)
2023-01-03 10:08:54,965 [pool-733-thread-1] INFO  storage.RaftStorageDirectory (RaftStorageDirectoryImpl.java:analyzeStorage(137)) - The storage directory /home/runner/work/ozone/ozone/hadoop-ozone/integration-test/target/test-dir/MiniOzoneClusterImpl-1bcd6b1f-11f6-453e-b314-ff0bb9fde82c/datanode-2/data/ratis/b1a02c10-5c9c-4ed5-8a11-83d7eae2bc9f does not exist. Creating ...
2023-01-03 10:08:54,966 [pool-733-thread-1] INFO  storage.RaftStorageDirectory (RaftStorageDirectoryImpl.java:tryLock(231)) - Lock on /home/runner/work/ozone/ozone/hadoop-ozone/integration-test/target/test-dir/MiniOzoneClusterImpl-1bcd6b1f-11f6-453e-b314-ff0bb9fde82c/datanode-2/data/ratis/b1a02c10-5c9c-4ed5-8a11-83d7eae2bc9f/in_use.lock acquired by nodename 9440@fv-az292-374
2023-01-03 10:08:54,967 [pool-733-thread-1] INFO  storage.RaftStorage (RaftStorageImpl.java:format(96)) - Storage directory /home/runner/work/ozone/ozone/hadoop-ozone/integration-test/target/test-dir/MiniOzoneClusterImpl-1bcd6b1f-11f6-453e-b314-ff0bb9fde82c/datanode-2/data/ratis/b1a02c10-5c9c-4ed5-8a11-83d7eae2bc9f has been successfully formatted.
2023-01-03 10:08:54,967 [pool-733-thread-1] INFO  ratis.ContainerStateMachine (ContainerStateMachine.java:loadSnapshot(240)) - group-83D7EAE2BC9F: The snapshot info is null. Setting the last applied indexto:(t:0, i:~)
2023-01-03 10:08:54,967 [pool-733-thread-1] INFO  server.RaftServerConfigKeys (ConfUtils.java:logGet(46)) - raft.server.log.use.memory = false (default)
2023-01-03 10:08:54,967 [pool-733-thread-1] INFO  server.RaftServerConfigKeys (ConfUtils.java:logGet(46)) - raft.server.log.purge.gap = 1000000 (custom)
2023-01-03 10:08:54,967 [pool-733-thread-1] INFO  server.RaftServerConfigKeys (ConfUtils.java:logGet(46)) - raft.server.log.appender.buffer.byte-limit = 33554432 (custom)
2023-01-03 10:08:54,967 [pool-733-thread-1] INFO  server.RaftServerConfigKeys (ConfUtils.java:logGet(46)) - raft.server.log.statemachine.data.read.timeout = 1000ms (default)
2023-01-03 10:08:54,967 [pool-733-thread-1] INFO  server.RaftServerConfigKeys (ConfUtils.java:logGet(46)) - raft.server.log.purge.preservation.log.num = 0 (default)
2023-01-03 10:08:54,967 [pool-733-thread-1] INFO  server.RaftServerConfigKeys (ConfUtils.java:logGet(46)) - raft.server.log.segment.size.max = 1048576 (custom)
2023-01-03 10:08:54,968 [EventQueue-CommandQueueReportForCommandQueueReportHandler] WARN  events.EventQueue (EventQueue.java:fireEvent(216)) - No event handler registered for event TypedEvent{payloadType=DatanodeDetails, name='Datanode_Command_Queue_Updated'}
2023-01-03 10:08:54,968 [EventQueue-PipelineReportForPipelineReportHandler] INFO  pipeline.PipelineManagerImpl (PipelineManagerImpl.java:openPipeline(367)) - Pipeline Pipeline[ Id: b1a02c10-5c9c-4ed5-8a11-83d7eae2bc9f, Nodes: 5f4e8170-34f9-42fb-8ea2-3b8d58ff5808{ip: 10.1.0.13, host: fv-az292-374.tqgtyn10aqxuxoi0mkfbldi5vh.jx.internal.cloudapp.net, ports: [REPLICATION=37739, RATIS=43165, RATIS_ADMIN=43165, RATIS_SERVER=43165, RATIS_DATASTREAM=42261, STANDALONE=46235], networkLocation: /default-rack, certSerialId: null, persistedOpState: IN_SERVICE, persistedOpStateExpiryEpochSec: 0}, ReplicationConfig: RATIS/ONE, State:ALLOCATED, leaderId:5f4e8170-34f9-42fb-8ea2-3b8d58ff5808, CreationTimestamp2023-01-03T10:08:51.965Z[Etc/UTC]] moved to OPEN state
2023-01-03 10:08:54,968 [EventQueue-OpenPipelineForHealthyPipelineSafeModeRule] INFO  safemode.SCMSafeModeManager (HealthyPipelineSafeModeRule.java:process(137)) - SCM in safe mode. Healthy pipelines reported count is 0, required healthy pipeline reported count is 1
2023-01-03 10:08:54,968 [pool-733-thread-1] INFO  server.RaftServerConfigKeys (ConfUtils.java:logGet(46)) - raft.server.log.segment.cache.num.max = 2 (custom)
2023-01-03 10:08:54,969 [pool-733-thread-1] INFO  server.RaftServerConfigKeys (ConfUtils.java:logGet(46)) - raft.server.log.segment.cache.size.max = 200MB (=209715200) (default)
2023-01-03 10:08:54,969 [pool-733-thread-1] INFO  segmented.SegmentedRaftLogWorker (SegmentedRaftLogWorker.java:<init>(189)) - new 5f4e8170-34f9-42fb-8ea2-3b8d58ff5808@group-83D7EAE2BC9F-SegmentedRaftLogWorker for RaftStorageImpl:Storage Directory /home/runner/work/ozone/ozone/hadoop-ozone/integration-test/target/test-dir/MiniOzoneClusterImpl-1bcd6b1f-11f6-453e-b314-ff0bb9fde82c/datanode-2/data/ratis/b1a02c10-5c9c-4ed5-8a11-83d7eae2bc9f
2023-01-03 10:08:54,969 [pool-733-thread-1] INFO  server.RaftServerConfigKeys (ConfUtils.java:logGet(46)) - raft.server.log.queue.byte-limit = 4294967296 (custom)
2023-01-03 10:08:54,969 [pool-733-thread-1] INFO  server.RaftServerConfigKeys (ConfUtils.java:logGet(46)) - raft.server.log.queue.element-limit = 1024 (custom)
2023-01-03 10:08:54,969 [pool-733-thread-1] INFO  server.RaftServerConfigKeys (ConfUtils.java:logGet(46)) - raft.server.log.segment.size.max = 1048576 (custom)
2023-01-03 10:08:54,969 [pool-733-thread-1] INFO  server.RaftServerConfigKeys (ConfUtils.java:logGet(46)) - raft.server.log.preallocated.size = 16384 (custom)
2023-01-03 10:08:54,969 [pool-733-thread-1] INFO  server.RaftServerConfigKeys (ConfUtils.java:logGet(46)) - raft.server.log.force.sync.num = 128 (default)
2023-01-03 10:08:54,969 [pool-733-thread-1] INFO  server.RaftServerConfigKeys (ConfUtils.java:logGet(46)) - raft.server.log.statemachine.data.sync = true (default)
2023-01-03 10:08:54,969 [pool-733-thread-1] INFO  server.RaftServerConfigKeys (ConfUtils.java:logGet(46)) - raft.server.log.statemachine.data.sync.timeout = 10s (default)
2023-01-03 10:08:54,969 [pool-733-thread-1] INFO  server.RaftServerConfigKeys (ConfUtils.java:logGet(46)) - raft.server.log.statemachine.data.sync.timeout.retry = -1 (default)
2023-01-03 10:08:54,969 [pool-733-thread-1] INFO  server.RaftServerConfigKeys (ConfUtils.java:logGet(46)) - raft.server.log.write.buffer.size = 1048576 (custom)
2023-01-03 10:08:54,970 [pool-733-thread-1] INFO  server.RaftServerConfigKeys (ConfUtils.java:logGet(46)) - raft.server.log.appender.buffer.byte-limit = 33554432 (custom)
2023-01-03 10:08:54,972 [pool-733-thread-1] INFO  server.RaftServerConfigKeys (ConfUtils.java:logGet(46)) - raft.server.log.unsafe-flush.enabled = false (default)
2023-01-03 10:08:54,972 [pool-733-thread-1] INFO  server.RaftServerConfigKeys (ConfUtils.java:logGet(46)) - raft.server.log.async-flush.enabled = false (default)
2023-01-03 10:08:54,972 [pool-733-thread-1] INFO  server.RaftServerConfigKeys (ConfUtils.java:logGet(46)) - raft.server.log.statemachine.data.caching.enabled = true (custom)
2023-01-03 10:08:54,972 [pool-733-thread-1] INFO  segmented.SegmentedRaftLogWorker (SegmentedRaftLogWorker.java:lambda$new$0(135)) - 5f4e8170-34f9-42fb-8ea2-3b8d58ff5808@group-83D7EAE2BC9F-SegmentedRaftLogWorker: flushIndex: setUnconditionally 0 -> -1
2023-01-03 10:08:54,973 [pool-733-thread-1] INFO  segmented.SegmentedRaftLogWorker (SegmentedRaftLogWorker.java:lambda$new$0(135)) - 5f4e8170-34f9-42fb-8ea2-3b8d58ff5808@group-83D7EAE2BC9F-SegmentedRaftLogWorker: safeCacheEvictIndex: setUnconditionally 0 -> -1
2023-01-03 10:08:54,973 [pool-733-thread-1] INFO  server.RaftServer$Division (RaftServerImpl.java:start(334)) - 5f4e8170-34f9-42fb-8ea2-3b8d58ff5808@group-83D7EAE2BC9F: start as a follower, conf=-1: peers:[5f4e8170-34f9-42fb-8ea2-3b8d58ff5808|rpc:10.1.0.13:43165|dataStream:10.1.0.13:42261|priority:1|startupRole:FOLLOWER]|listeners:[], old=null
2023-01-03 10:08:54,973 [pool-733-thread-1] INFO  server.RaftServer$Division (RaftServerImpl.java:setRole(321)) - 5f4e8170-34f9-42fb-8ea2-3b8d58ff5808@group-83D7EAE2BC9F: changes role from      null to FOLLOWER at term 0 for startAsFollower
2023-01-03 10:08:54,973 [pool-733-thread-1] INFO  impl.RoleInfo (RoleInfo.java:updateAndGet(139)) - 5f4e8170-34f9-42fb-8ea2-3b8d58ff5808: start 5f4e8170-34f9-42fb-8ea2-3b8d58ff5808@group-83D7EAE2BC9F-FollowerState
2023-01-03 10:08:54,973 [pool-733-thread-1] INFO  util.JmxRegister (JmxRegister.java:tryRegister(44)) - Successfully registered JMX Bean with object name Ratis:service=RaftServer,group=group-83D7EAE2BC9F,id=5f4e8170-34f9-42fb-8ea2-3b8d58ff5808
2023-01-03 10:08:54,973 [5f4e8170-34f9-42fb-8ea2-3b8d58ff5808@group-83D7EAE2BC9F-FollowerState] INFO  server.RaftServerConfigKeys (ConfUtils.java:logFallback(53)) - raft.server.rpc.first-election.timeout.min = 5s (fallback to raft.server.rpc.timeout.min)
2023-01-03 10:08:54,973 [pool-733-thread-1] INFO  server.RaftServerConfigKeys (ConfUtils.java:logGet(46)) - raft.server.snapshot.auto.trigger.enabled = true (custom)
2023-01-03 10:08:54,973 [5f4e8170-34f9-42fb-8ea2-3b8d58ff5808@group-83D7EAE2BC9F-FollowerState] INFO  server.RaftServerConfigKeys (ConfUtils.java:logFallback(53)) - raft.server.rpc.first-election.timeout.max = 5200ms (fallback to raft.server.rpc.timeout.max)
2023-01-03 10:08:54,973 [pool-733-thread-1] INFO  server.RaftServerConfigKeys (ConfUtils.java:logGet(46)) - raft.server.snapshot.auto.trigger.threshold = 10000 (custom)
2023-01-03 10:08:54,973 [pool-733-thread-1] INFO  server.RaftServerConfigKeys (ConfUtils.java:logGet(46)) - raft.server.snapshot.retention.file.num = 5 (custom)
2023-01-03 10:08:54,973 [pool-733-thread-1] INFO  server.RaftServerConfigKeys (ConfUtils.java:logGet(46)) - raft.server.log.purge.upto.snapshot.index = false (default)
2023-01-03 10:08:54,973 [Command processor thread] INFO  ratis.XceiverServerRatis (XceiverServerRatis.java:addGroup(806)) - Created group PipelineID=b1a02c10-5c9c-4ed5-8a11-83d7eae2bc9f
2023-01-03 10:08:54,974 [Command processor thread] INFO  commandhandler.CreatePipelineCommandHandler (CreatePipelineCommandHandler.java:handle(113)) - Created Pipeline RATIS ONE PipelineID=b1a02c10-5c9c-4ed5-8a11-83d7eae2bc9f.
2023-01-03 10:08:55,282 [Command processor thread] INFO  server.RaftServer (RaftServerProxy.java:addNew(96)) - d48ece42-6afd-4397-aae1-ec0ffb2cc7c4: addNew group-038177DAEB9E:[d48ece42-6afd-4397-aae1-ec0ffb2cc7c4|rpc:10.1.0.13:34711|dataStream:10.1.0.13:37501|priority:1|startupRole:FOLLOWER] returns group-038177DAEB9E:java.util.concurrent.CompletableFuture@5616ca21[Not completed]
2023-01-03 10:08:55,283 [EventQueue-CommandQueueReportForCommandQueueReportHandler] WARN  events.EventQueue (EventQueue.java:fireEvent(216)) - No event handler registered for event TypedEvent{payloadType=DatanodeDetails, name='Datanode_Command_Queue_Updated'}
2023-01-03 10:08:55,283 [pool-756-thread-1] INFO  server.RaftServer$Division (RaftServerImpl.java:<init>(195)) - d48ece42-6afd-4397-aae1-ec0ffb2cc7c4: new RaftServerImpl for group-038177DAEB9E:[d48ece42-6afd-4397-aae1-ec0ffb2cc7c4|rpc:10.1.0.13:34711|dataStream:10.1.0.13:37501|priority:1|startupRole:FOLLOWER] with ContainerStateMachine:uninitialized
2023-01-03 10:08:55,283 [pool-756-thread-1] INFO  server.RaftServerConfigKeys (ConfUtils.java:logGet(46)) - raft.server.rpc.timeout.min = 5s (custom)
2023-01-03 10:08:55,283 [pool-756-thread-1] INFO  server.RaftServerConfigKeys (ConfUtils.java:logGet(46)) - raft.server.rpc.timeout.max = 5200ms (custom)
2023-01-03 10:08:55,283 [pool-756-thread-1] INFO  server.RaftServerConfigKeys (ConfUtils.java:logGet(46)) - raft.server.rpc.sleep.time = 25ms (default)
2023-01-03 10:08:55,283 [pool-756-thread-1] INFO  server.RaftServerConfigKeys (ConfUtils.java:logGet(46)) - raft.server.rpc.slowness.timeout = 300s (custom)
2023-01-03 10:08:55,283 [pool-756-thread-1] INFO  server.RaftServerConfigKeys (ConfUtils.java:logGet(46)) - raft.server.leaderelection.leader.step-down.wait-time = 10s (default)
2023-01-03 10:08:55,283 [pool-756-thread-1] INFO  server.RaftServerConfigKeys (ConfUtils.java:logGet(46)) - raft.server.sleep.deviation.threshold = 300ms (default)
2023-01-03 10:08:55,283 [pool-756-thread-1] INFO  server.RaftServer$Division (ServerState.java:<init>(118)) - d48ece42-6afd-4397-aae1-ec0ffb2cc7c4@group-038177DAEB9E: ConfigurationManager, init=-1: peers:[d48ece42-6afd-4397-aae1-ec0ffb2cc7c4|rpc:10.1.0.13:34711|dataStream:10.1.0.13:37501|priority:1|startupRole:FOLLOWER]|listeners:[], old=null, confs=<EMPTY_MAP>
2023-01-03 10:08:55,283 [pool-756-thread-1] INFO  server.RaftServerConfigKeys (ConfUtils.java:logGet(46)) - raft.server.storage.dir = [/home/runner/work/ozone/ozone/hadoop-ozone/integration-test/target/test-dir/MiniOzoneClusterImpl-1bcd6b1f-11f6-453e-b314-ff0bb9fde82c/datanode-3/data/ratis] (custom)
2023-01-03 10:08:55,284 [pool-756-thread-1] INFO  server.RaftServerConfigKeys (ConfUtils.java:logGet(46)) - raft.server.log.corruption.policy = EXCEPTION (default)
2023-01-03 10:08:55,284 [pool-756-thread-1] INFO  server.RaftServerConfigKeys (ConfUtils.java:logGet(46)) - raft.server.storage.free-space.min = 0MB (=0) (default)
2023-01-03 10:08:55,284 [pool-756-thread-1] INFO  server.RaftServerConfigKeys (ConfUtils.java:logGet(46)) - raft.server.notification.no-leader.timeout = 300s (custom)
2023-01-03 10:08:55,284 [pool-756-thread-1] INFO  server.RaftServerConfigKeys (ConfUtils.java:logGet(46)) - raft.server.retrycache.expirytime = 600000ms (custom)
2023-01-03 10:08:55,284 [pool-756-thread-1] INFO  server.RaftServerConfigKeys (ConfUtils.java:logGet(46)) - raft.server.retrycache.statistics.expirytime = 100μs (default)
2023-01-03 10:08:55,284 [pool-756-thread-1] INFO  server.RaftServerConfigKeys (ConfUtils.java:logGet(46)) - raft.server.log.appender.install.snapshot.enabled = false (custom)
2023-01-03 10:08:55,284 [pool-756-thread-1] INFO  server.RaftServerConfigKeys (ConfUtils.java:logGet(46)) - raft.server.threadpool.server.cached = true (default)
2023-01-03 10:08:55,284 [pool-756-thread-1] INFO  server.RaftServerConfigKeys (ConfUtils.java:logGet(46)) - raft.server.threadpool.server.size = 0 (default)
2023-01-03 10:08:55,284 [pool-756-thread-1] INFO  server.RaftServerConfigKeys (ConfUtils.java:logGet(46)) - raft.server.threadpool.client.cached = true (default)
2023-01-03 10:08:55,284 [pool-756-thread-1] INFO  server.RaftServerConfigKeys (ConfUtils.java:logGet(46)) - raft.server.threadpool.client.size = 0 (default)
2023-01-03 10:08:55,284 [pool-756-thread-1] INFO  storage.RaftStorageDirectory (RaftStorageDirectoryImpl.java:analyzeStorage(137)) - The storage directory /home/runner/work/ozone/ozone/hadoop-ozone/integration-test/target/test-dir/MiniOzoneClusterImpl-1bcd6b1f-11f6-453e-b314-ff0bb9fde82c/datanode-3/data/ratis/e4577e56-a5b1-4088-a3cb-038177daeb9e does not exist. Creating ...
2023-01-03 10:08:55,285 [pool-756-thread-1] INFO  storage.RaftStorageDirectory (RaftStorageDirectoryImpl.java:tryLock(231)) - Lock on /home/runner/work/ozone/ozone/hadoop-ozone/integration-test/target/test-dir/MiniOzoneClusterImpl-1bcd6b1f-11f6-453e-b314-ff0bb9fde82c/datanode-3/data/ratis/e4577e56-a5b1-4088-a3cb-038177daeb9e/in_use.lock acquired by nodename 9440@fv-az292-374
2023-01-03 10:08:55,286 [pool-756-thread-1] INFO  storage.RaftStorage (RaftStorageImpl.java:format(96)) - Storage directory /home/runner/work/ozone/ozone/hadoop-ozone/integration-test/target/test-dir/MiniOzoneClusterImpl-1bcd6b1f-11f6-453e-b314-ff0bb9fde82c/datanode-3/data/ratis/e4577e56-a5b1-4088-a3cb-038177daeb9e has been successfully formatted.
2023-01-03 10:08:55,287 [pool-756-thread-1] INFO  ratis.ContainerStateMachine (ContainerStateMachine.java:loadSnapshot(240)) - group-038177DAEB9E: The snapshot info is null. Setting the last applied indexto:(t:0, i:~)
2023-01-03 10:08:55,287 [pool-756-thread-1] INFO  server.RaftServerConfigKeys (ConfUtils.java:logGet(46)) - raft.server.log.use.memory = false (default)
2023-01-03 10:08:55,287 [pool-756-thread-1] INFO  server.RaftServerConfigKeys (ConfUtils.java:logGet(46)) - raft.server.log.purge.gap = 1000000 (custom)
2023-01-03 10:08:55,287 [pool-756-thread-1] INFO  server.RaftServerConfigKeys (ConfUtils.java:logGet(46)) - raft.server.log.appender.buffer.byte-limit = 33554432 (custom)
2023-01-03 10:08:55,287 [pool-756-thread-1] INFO  server.RaftServerConfigKeys (ConfUtils.java:logGet(46)) - raft.server.log.statemachine.data.read.timeout = 1000ms (default)
2023-01-03 10:08:55,288 [EventQueue-CommandQueueReportForCommandQueueReportHandler] WARN  events.EventQueue (EventQueue.java:fireEvent(216)) - No event handler registered for event TypedEvent{payloadType=DatanodeDetails, name='Datanode_Command_Queue_Updated'}
2023-01-03 10:08:55,288 [EventQueue-PipelineReportForPipelineReportHandler] INFO  pipeline.PipelineManagerImpl (PipelineManagerImpl.java:openPipeline(367)) - Pipeline Pipeline[ Id: e4577e56-a5b1-4088-a3cb-038177daeb9e, Nodes: d48ece42-6afd-4397-aae1-ec0ffb2cc7c4{ip: 10.1.0.13, host: fv-az292-374.tqgtyn10aqxuxoi0mkfbldi5vh.jx.internal.cloudapp.net, ports: [REPLICATION=36375, RATIS=34711, RATIS_ADMIN=34711, RATIS_SERVER=34711, RATIS_DATASTREAM=37501, STANDALONE=43325], networkLocation: /default-rack, certSerialId: null, persistedOpState: IN_SERVICE, persistedOpStateExpiryEpochSec: 0}, ReplicationConfig: RATIS/ONE, State:ALLOCATED, leaderId:d48ece42-6afd-4397-aae1-ec0ffb2cc7c4, CreationTimestamp2023-01-03T10:08:52.283Z[Etc/UTC]] moved to OPEN state
2023-01-03 10:08:55,288 [pool-756-thread-1] INFO  server.RaftServerConfigKeys (ConfUtils.java:logGet(46)) - raft.server.log.purge.preservation.log.num = 0 (default)
2023-01-03 10:08:55,288 [EventQueue-OpenPipelineForHealthyPipelineSafeModeRule] INFO  safemode.SCMSafeModeManager (HealthyPipelineSafeModeRule.java:process(137)) - SCM in safe mode. Healthy pipelines reported count is 0, required healthy pipeline reported count is 1
2023-01-03 10:08:55,288 [pool-756-thread-1] INFO  server.RaftServerConfigKeys (ConfUtils.java:logGet(46)) - raft.server.log.segment.size.max = 1048576 (custom)
2023-01-03 10:08:55,288 [pool-756-thread-1] INFO  server.RaftServerConfigKeys (ConfUtils.java:logGet(46)) - raft.server.log.segment.cache.num.max = 2 (custom)
2023-01-03 10:08:55,288 [pool-756-thread-1] INFO  server.RaftServerConfigKeys (ConfUtils.java:logGet(46)) - raft.server.log.segment.cache.size.max = 200MB (=209715200) (default)
2023-01-03 10:08:55,288 [pool-756-thread-1] INFO  segmented.SegmentedRaftLogWorker (SegmentedRaftLogWorker.java:<init>(189)) - new d48ece42-6afd-4397-aae1-ec0ffb2cc7c4@group-038177DAEB9E-SegmentedRaftLogWorker for RaftStorageImpl:Storage Directory /home/runner/work/ozone/ozone/hadoop-ozone/integration-test/target/test-dir/MiniOzoneClusterImpl-1bcd6b1f-11f6-453e-b314-ff0bb9fde82c/datanode-3/data/ratis/e4577e56-a5b1-4088-a3cb-038177daeb9e
2023-01-03 10:08:55,288 [pool-756-thread-1] INFO  server.RaftServerConfigKeys (ConfUtils.java:logGet(46)) - raft.server.log.queue.byte-limit = 4294967296 (custom)
2023-01-03 10:08:55,288 [pool-756-thread-1] INFO  server.RaftServerConfigKeys (ConfUtils.java:logGet(46)) - raft.server.log.queue.element-limit = 1024 (custom)
2023-01-03 10:08:55,288 [pool-756-thread-1] INFO  server.RaftServerConfigKeys (ConfUtils.java:logGet(46)) - raft.server.log.segment.size.max = 1048576 (custom)
2023-01-03 10:08:55,289 [pool-756-thread-1] INFO  server.RaftServerConfigKeys (ConfUtils.java:logGet(46)) - raft.server.log.preallocated.size = 16384 (custom)
2023-01-03 10:08:55,289 [pool-756-thread-1] INFO  server.RaftServerConfigKeys (ConfUtils.java:logGet(46)) - raft.server.log.force.sync.num = 128 (default)
2023-01-03 10:08:55,289 [pool-756-thread-1] INFO  server.RaftServerConfigKeys (ConfUtils.java:logGet(46)) - raft.server.log.statemachine.data.sync = true (default)
2023-01-03 10:08:55,289 [pool-756-thread-1] INFO  server.RaftServerConfigKeys (ConfUtils.java:logGet(46)) - raft.server.log.statemachine.data.sync.timeout = 10s (default)
2023-01-03 10:08:55,289 [pool-756-thread-1] INFO  server.RaftServerConfigKeys (ConfUtils.java:logGet(46)) - raft.server.log.statemachine.data.sync.timeout.retry = -1 (default)
2023-01-03 10:08:55,289 [pool-756-thread-1] INFO  server.RaftServerConfigKeys (ConfUtils.java:logGet(46)) - raft.server.log.write.buffer.size = 1048576 (custom)
2023-01-03 10:08:55,289 [pool-756-thread-1] INFO  server.RaftServerConfigKeys (ConfUtils.java:logGet(46)) - raft.server.log.appender.buffer.byte-limit = 33554432 (custom)
2023-01-03 10:08:55,292 [pool-756-thread-1] INFO  server.RaftServerConfigKeys (ConfUtils.java:logGet(46)) - raft.server.log.unsafe-flush.enabled = false (default)
2023-01-03 10:08:55,292 [pool-756-thread-1] INFO  server.RaftServerConfigKeys (ConfUtils.java:logGet(46)) - raft.server.log.async-flush.enabled = false (default)
2023-01-03 10:08:55,292 [pool-756-thread-1] INFO  server.RaftServerConfigKeys (ConfUtils.java:logGet(46)) - raft.server.log.statemachine.data.caching.enabled = true (custom)
2023-01-03 10:08:55,292 [pool-756-thread-1] INFO  segmented.SegmentedRaftLogWorker (SegmentedRaftLogWorker.java:lambda$new$0(135)) - d48ece42-6afd-4397-aae1-ec0ffb2cc7c4@group-038177DAEB9E-SegmentedRaftLogWorker: flushIndex: setUnconditionally 0 -> -1
2023-01-03 10:08:55,292 [pool-756-thread-1] INFO  segmented.SegmentedRaftLogWorker (SegmentedRaftLogWorker.java:lambda$new$0(135)) - d48ece42-6afd-4397-aae1-ec0ffb2cc7c4@group-038177DAEB9E-SegmentedRaftLogWorker: safeCacheEvictIndex: setUnconditionally 0 -> -1
2023-01-03 10:08:55,292 [pool-756-thread-1] INFO  server.RaftServer$Division (RaftServerImpl.java:start(334)) - d48ece42-6afd-4397-aae1-ec0ffb2cc7c4@group-038177DAEB9E: start as a follower, conf=-1: peers:[d48ece42-6afd-4397-aae1-ec0ffb2cc7c4|rpc:10.1.0.13:34711|dataStream:10.1.0.13:37501|priority:1|startupRole:FOLLOWER]|listeners:[], old=null
2023-01-03 10:08:55,292 [pool-756-thread-1] INFO  server.RaftServer$Division (RaftServerImpl.java:setRole(321)) - d48ece42-6afd-4397-aae1-ec0ffb2cc7c4@group-038177DAEB9E: changes role from      null to FOLLOWER at term 0 for startAsFollower
2023-01-03 10:08:55,292 [pool-756-thread-1] INFO  impl.RoleInfo (RoleInfo.java:updateAndGet(139)) - d48ece42-6afd-4397-aae1-ec0ffb2cc7c4: start d48ece42-6afd-4397-aae1-ec0ffb2cc7c4@group-038177DAEB9E-FollowerState
2023-01-03 10:08:55,292 [pool-756-thread-1] INFO  util.JmxRegister (JmxRegister.java:tryRegister(44)) - Successfully registered JMX Bean with object name Ratis:service=RaftServer,group=group-038177DAEB9E,id=d48ece42-6afd-4397-aae1-ec0ffb2cc7c4
2023-01-03 10:08:55,292 [d48ece42-6afd-4397-aae1-ec0ffb2cc7c4@group-038177DAEB9E-FollowerState] INFO  server.RaftServerConfigKeys (ConfUtils.java:logFallback(53)) - raft.server.rpc.first-election.timeout.min = 5s (fallback to raft.server.rpc.timeout.min)
2023-01-03 10:08:55,292 [pool-756-thread-1] INFO  server.RaftServerConfigKeys (ConfUtils.java:logGet(46)) - raft.server.snapshot.auto.trigger.enabled = true (custom)
2023-01-03 10:08:55,293 [d48ece42-6afd-4397-aae1-ec0ffb2cc7c4@group-038177DAEB9E-FollowerState] INFO  server.RaftServerConfigKeys (ConfUtils.java:logFallback(53)) - raft.server.rpc.first-election.timeout.max = 5200ms (fallback to raft.server.rpc.timeout.max)
2023-01-03 10:08:55,293 [pool-756-thread-1] INFO  server.RaftServerConfigKeys (ConfUtils.java:logGet(46)) - raft.server.snapshot.auto.trigger.threshold = 10000 (custom)
2023-01-03 10:08:55,293 [pool-756-thread-1] INFO  server.RaftServerConfigKeys (ConfUtils.java:logGet(46)) - raft.server.snapshot.retention.file.num = 5 (custom)
2023-01-03 10:08:55,293 [pool-756-thread-1] INFO  server.RaftServerConfigKeys (ConfUtils.java:logGet(46)) - raft.server.log.purge.upto.snapshot.index = false (default)
2023-01-03 10:08:55,293 [Command processor thread] INFO  ratis.XceiverServerRatis (XceiverServerRatis.java:addGroup(806)) - Created group PipelineID=e4577e56-a5b1-4088-a3cb-038177daeb9e
2023-01-03 10:08:55,293 [Command processor thread] INFO  commandhandler.CreatePipelineCommandHandler (CreatePipelineCommandHandler.java:handle(113)) - Created Pipeline RATIS ONE PipelineID=e4577e56-a5b1-4088-a3cb-038177daeb9e.
2023-01-03 10:08:55,483 [EventQueue-CommandQueueReportForCommandQueueReportHandler] WARN  events.EventQueue (EventQueue.java:fireEvent(216)) - No event handler registered for event TypedEvent{payloadType=DatanodeDetails, name='Datanode_Command_Queue_Updated'}
2023-01-03 10:08:55,570 [Listener at 127.0.0.1/33423] INFO  ozone.MiniOzoneClusterImpl (MiniOzoneClusterImpl.java:lambda$waitForClusterToBeReady$0(217)) - Nodes are ready. Got 5 of 5 DN Heartbeats.
2023-01-03 10:08:55,573 [Listener at 127.0.0.1/33423] INFO  ozone.MiniOzoneClusterImpl (MiniOzoneClusterImpl.java:lambda$waitForClusterToBeReady$0(220)) - Waiting for cluster to exit safe mode
2023-01-03 10:08:55,573 [Listener at 127.0.0.1/33423] INFO  ozone.MiniOzoneClusterImpl (MiniOzoneClusterImpl.java:lambda$waitForClusterToBeReady$0(222)) - SCM became leader
2023-01-03 10:08:55,573 [Command processor thread] INFO  server.RaftServer (RaftServerProxy.java:addNew(96)) - 650ee283-e4bb-452b-a208-1b125254dcf6: addNew group-DC02A87AD900:[650ee283-e4bb-452b-a208-1b125254dcf6|rpc:10.1.0.13:35579|dataStream:10.1.0.13:40065|priority:1|startupRole:FOLLOWER] returns group-DC02A87AD900:java.util.concurrent.CompletableFuture@2f5b2df8[Not completed]
2023-01-03 10:08:55,573 [EventQueue-CommandQueueReportForCommandQueueReportHandler] WARN  events.EventQueue (EventQueue.java:fireEvent(216)) - No event handler registered for event TypedEvent{payloadType=DatanodeDetails, name='Datanode_Command_Queue_Updated'}
2023-01-03 10:08:55,574 [pool-779-thread-1] INFO  server.RaftServer$Division (RaftServerImpl.java:<init>(195)) - 650ee283-e4bb-452b-a208-1b125254dcf6: new RaftServerImpl for group-DC02A87AD900:[650ee283-e4bb-452b-a208-1b125254dcf6|rpc:10.1.0.13:35579|dataStream:10.1.0.13:40065|priority:1|startupRole:FOLLOWER] with ContainerStateMachine:uninitialized
2023-01-03 10:08:55,574 [pool-779-thread-1] INFO  server.RaftServerConfigKeys (ConfUtils.java:logGet(46)) - raft.server.rpc.timeout.min = 5s (custom)
2023-01-03 10:08:55,574 [pool-779-thread-1] INFO  server.RaftServerConfigKeys (ConfUtils.java:logGet(46)) - raft.server.rpc.timeout.max = 5200ms (custom)
2023-01-03 10:08:55,574 [pool-779-thread-1] INFO  server.RaftServerConfigKeys (ConfUtils.java:logGet(46)) - raft.server.rpc.sleep.time = 25ms (default)
2023-01-03 10:08:55,574 [pool-779-thread-1] INFO  server.RaftServerConfigKeys (ConfUtils.java:logGet(46)) - raft.server.rpc.slowness.timeout = 300s (custom)
2023-01-03 10:08:55,574 [pool-779-thread-1] INFO  server.RaftServerConfigKeys (ConfUtils.java:logGet(46)) - raft.server.leaderelection.leader.step-down.wait-time = 10s (default)
2023-01-03 10:08:55,574 [pool-779-thread-1] INFO  server.RaftServerConfigKeys (ConfUtils.java:logGet(46)) - raft.server.sleep.deviation.threshold = 300ms (default)
2023-01-03 10:08:55,574 [pool-779-thread-1] INFO  server.RaftServer$Division (ServerState.java:<init>(118)) - 650ee283-e4bb-452b-a208-1b125254dcf6@group-DC02A87AD900: ConfigurationManager, init=-1: peers:[650ee283-e4bb-452b-a208-1b125254dcf6|rpc:10.1.0.13:35579|dataStream:10.1.0.13:40065|priority:1|startupRole:FOLLOWER]|listeners:[], old=null, confs=<EMPTY_MAP>
2023-01-03 10:08:55,574 [pool-779-thread-1] INFO  server.RaftServerConfigKeys (ConfUtils.java:logGet(46)) - raft.server.storage.dir = [/home/runner/work/ozone/ozone/hadoop-ozone/integration-test/target/test-dir/MiniOzoneClusterImpl-1bcd6b1f-11f6-453e-b314-ff0bb9fde82c/datanode-4/data/ratis] (custom)
2023-01-03 10:08:55,574 [pool-779-thread-1] INFO  server.RaftServerConfigKeys (ConfUtils.java:logGet(46)) - raft.server.log.corruption.policy = EXCEPTION (default)
2023-01-03 10:08:55,574 [pool-779-thread-1] INFO  server.RaftServerConfigKeys (ConfUtils.java:logGet(46)) - raft.server.storage.free-space.min = 0MB (=0) (default)
2023-01-03 10:08:55,574 [pool-779-thread-1] INFO  server.RaftServerConfigKeys (ConfUtils.java:logGet(46)) - raft.server.notification.no-leader.timeout = 300s (custom)
2023-01-03 10:08:55,574 [pool-779-thread-1] INFO  server.RaftServerConfigKeys (ConfUtils.java:logGet(46)) - raft.server.retrycache.expirytime = 600000ms (custom)
2023-01-03 10:08:55,574 [pool-779-thread-1] INFO  server.RaftServerConfigKeys (ConfUtils.java:logGet(46)) - raft.server.retrycache.statistics.expirytime = 100μs (default)
2023-01-03 10:08:55,575 [pool-779-thread-1] INFO  server.RaftServerConfigKeys (ConfUtils.java:logGet(46)) - raft.server.log.appender.install.snapshot.enabled = false (custom)
2023-01-03 10:08:55,575 [pool-779-thread-1] INFO  server.RaftServerConfigKeys (ConfUtils.java:logGet(46)) - raft.server.threadpool.server.cached = true (default)
2023-01-03 10:08:55,575 [pool-779-thread-1] INFO  server.RaftServerConfigKeys (ConfUtils.java:logGet(46)) - raft.server.threadpool.server.size = 0 (default)
2023-01-03 10:08:55,575 [pool-779-thread-1] INFO  server.RaftServerConfigKeys (ConfUtils.java:logGet(46)) - raft.server.threadpool.client.cached = true (default)
2023-01-03 10:08:55,575 [pool-779-thread-1] INFO  server.RaftServerConfigKeys (ConfUtils.java:logGet(46)) - raft.server.threadpool.client.size = 0 (default)
2023-01-03 10:08:55,575 [pool-779-thread-1] INFO  storage.RaftStorageDirectory (RaftStorageDirectoryImpl.java:analyzeStorage(137)) - The storage directory /home/runner/work/ozone/ozone/hadoop-ozone/integration-test/target/test-dir/MiniOzoneClusterImpl-1bcd6b1f-11f6-453e-b314-ff0bb9fde82c/datanode-4/data/ratis/3013a338-cbb6-42ce-8736-dc02a87ad900 does not exist. Creating ...
2023-01-03 10:08:55,576 [pool-779-thread-1] INFO  storage.RaftStorageDirectory (RaftStorageDirectoryImpl.java:tryLock(231)) - Lock on /home/runner/work/ozone/ozone/hadoop-ozone/integration-test/target/test-dir/MiniOzoneClusterImpl-1bcd6b1f-11f6-453e-b314-ff0bb9fde82c/datanode-4/data/ratis/3013a338-cbb6-42ce-8736-dc02a87ad900/in_use.lock acquired by nodename 9440@fv-az292-374
2023-01-03 10:08:55,577 [pool-779-thread-1] INFO  storage.RaftStorage (RaftStorageImpl.java:format(96)) - Storage directory /home/runner/work/ozone/ozone/hadoop-ozone/integration-test/target/test-dir/MiniOzoneClusterImpl-1bcd6b1f-11f6-453e-b314-ff0bb9fde82c/datanode-4/data/ratis/3013a338-cbb6-42ce-8736-dc02a87ad900 has been successfully formatted.
2023-01-03 10:08:55,579 [pool-779-thread-1] INFO  ratis.ContainerStateMachine (ContainerStateMachine.java:loadSnapshot(240)) - group-DC02A87AD900: The snapshot info is null. Setting the last applied indexto:(t:0, i:~)
2023-01-03 10:08:55,580 [pool-779-thread-1] INFO  server.RaftServerConfigKeys (ConfUtils.java:logGet(46)) - raft.server.log.use.memory = false (default)
2023-01-03 10:08:55,580 [pool-779-thread-1] INFO  server.RaftServerConfigKeys (ConfUtils.java:logGet(46)) - raft.server.log.purge.gap = 1000000 (custom)
2023-01-03 10:08:55,580 [pool-779-thread-1] INFO  server.RaftServerConfigKeys (ConfUtils.java:logGet(46)) - raft.server.log.appender.buffer.byte-limit = 33554432 (custom)
2023-01-03 10:08:55,580 [EventQueue-PipelineReportForPipelineReportHandler] INFO  pipeline.PipelineManagerImpl (PipelineManagerImpl.java:openPipeline(367)) - Pipeline Pipeline[ Id: 3013a338-cbb6-42ce-8736-dc02a87ad900, Nodes: 650ee283-e4bb-452b-a208-1b125254dcf6{ip: 10.1.0.13, host: fv-az292-374.tqgtyn10aqxuxoi0mkfbldi5vh.jx.internal.cloudapp.net, ports: [REPLICATION=37411, RATIS=35579, RATIS_ADMIN=35579, RATIS_SERVER=35579, RATIS_DATASTREAM=40065, STANDALONE=40619], networkLocation: /default-rack, certSerialId: null, persistedOpState: IN_SERVICE, persistedOpStateExpiryEpochSec: 0}, ReplicationConfig: RATIS/ONE, State:ALLOCATED, leaderId:650ee283-e4bb-452b-a208-1b125254dcf6, CreationTimestamp2023-01-03T10:08:52.571Z[Etc/UTC]] moved to OPEN state
2023-01-03 10:08:55,580 [EventQueue-CommandQueueReportForCommandQueueReportHandler] WARN  events.EventQueue (EventQueue.java:fireEvent(216)) - No event handler registered for event TypedEvent{payloadType=DatanodeDetails, name='Datanode_Command_Queue_Updated'}
2023-01-03 10:08:55,580 [pool-779-thread-1] INFO  server.RaftServerConfigKeys (ConfUtils.java:logGet(46)) - raft.server.log.statemachine.data.read.timeout = 1000ms (default)
2023-01-03 10:08:55,581 [pool-779-thread-1] INFO  server.RaftServerConfigKeys (ConfUtils.java:logGet(46)) - raft.server.log.purge.preservation.log.num = 0 (default)
2023-01-03 10:08:55,581 [pool-779-thread-1] INFO  server.RaftServerConfigKeys (ConfUtils.java:logGet(46)) - raft.server.log.segment.size.max = 1048576 (custom)
2023-01-03 10:08:55,581 [EventQueue-OpenPipelineForHealthyPipelineSafeModeRule] INFO  safemode.SCMSafeModeManager (HealthyPipelineSafeModeRule.java:process(137)) - SCM in safe mode. Healthy pipelines reported count is 0, required healthy pipeline reported count is 1
2023-01-03 10:08:55,581 [pool-779-thread-1] INFO  server.RaftServerConfigKeys (ConfUtils.java:logGet(46)) - raft.server.log.segment.cache.num.max = 2 (custom)
2023-01-03 10:08:55,581 [pool-779-thread-1] INFO  server.RaftServerConfigKeys (ConfUtils.java:logGet(46)) - raft.server.log.segment.cache.size.max = 200MB (=209715200) (default)
2023-01-03 10:08:55,581 [pool-779-thread-1] INFO  segmented.SegmentedRaftLogWorker (SegmentedRaftLogWorker.java:<init>(189)) - new 650ee283-e4bb-452b-a208-1b125254dcf6@group-DC02A87AD900-SegmentedRaftLogWorker for RaftStorageImpl:Storage Directory /home/runner/work/ozone/ozone/hadoop-ozone/integration-test/target/test-dir/MiniOzoneClusterImpl-1bcd6b1f-11f6-453e-b314-ff0bb9fde82c/datanode-4/data/ratis/3013a338-cbb6-42ce-8736-dc02a87ad900
2023-01-03 10:08:55,581 [pool-779-thread-1] INFO  server.RaftServerConfigKeys (ConfUtils.java:logGet(46)) - raft.server.log.queue.byte-limit = 4294967296 (custom)
2023-01-03 10:08:55,581 [pool-779-thread-1] INFO  server.RaftServerConfigKeys (ConfUtils.java:logGet(46)) - raft.server.log.queue.element-limit = 1024 (custom)
2023-01-03 10:08:55,581 [pool-779-thread-1] INFO  server.RaftServerConfigKeys (ConfUtils.java:logGet(46)) - raft.server.log.segment.size.max = 1048576 (custom)
2023-01-03 10:08:55,581 [pool-779-thread-1] INFO  server.RaftServerConfigKeys (ConfUtils.java:logGet(46)) - raft.server.log.preallocated.size = 16384 (custom)
2023-01-03 10:08:55,581 [pool-779-thread-1] INFO  server.RaftServerConfigKeys (ConfUtils.java:logGet(46)) - raft.server.log.force.sync.num = 128 (default)
2023-01-03 10:08:55,581 [pool-779-thread-1] INFO  server.RaftServerConfigKeys (ConfUtils.java:logGet(46)) - raft.server.log.statemachine.data.sync = true (default)
2023-01-03 10:08:55,581 [pool-779-thread-1] INFO  server.RaftServerConfigKeys (ConfUtils.java:logGet(46)) - raft.server.log.statemachine.data.sync.timeout = 10s (default)
2023-01-03 10:08:55,581 [pool-779-thread-1] INFO  server.RaftServerConfigKeys (ConfUtils.java:logGet(46)) - raft.server.log.statemachine.data.sync.timeout.retry = -1 (default)
2023-01-03 10:08:55,582 [pool-779-thread-1] INFO  server.RaftServerConfigKeys (ConfUtils.java:logGet(46)) - raft.server.log.write.buffer.size = 1048576 (custom)
2023-01-03 10:08:55,582 [pool-779-thread-1] INFO  server.RaftServerConfigKeys (ConfUtils.java:logGet(46)) - raft.server.log.appender.buffer.byte-limit = 33554432 (custom)
2023-01-03 10:08:55,584 [pool-779-thread-1] INFO  server.RaftServerConfigKeys (ConfUtils.java:logGet(46)) - raft.server.log.unsafe-flush.enabled = false (default)
2023-01-03 10:08:55,584 [pool-779-thread-1] INFO  server.RaftServerConfigKeys (ConfUtils.java:logGet(46)) - raft.server.log.async-flush.enabled = false (default)
2023-01-03 10:08:55,585 [pool-779-thread-1] INFO  server.RaftServerConfigKeys (ConfUtils.java:logGet(46)) - raft.server.log.statemachine.data.caching.enabled = true (custom)
2023-01-03 10:08:55,585 [pool-779-thread-1] INFO  segmented.SegmentedRaftLogWorker (SegmentedRaftLogWorker.java:lambda$new$0(135)) - 650ee283-e4bb-452b-a208-1b125254dcf6@group-DC02A87AD900-SegmentedRaftLogWorker: flushIndex: setUnconditionally 0 -> -1
2023-01-03 10:08:55,585 [pool-779-thread-1] INFO  segmented.SegmentedRaftLogWorker (SegmentedRaftLogWorker.java:lambda$new$0(135)) - 650ee283-e4bb-452b-a208-1b125254dcf6@group-DC02A87AD900-SegmentedRaftLogWorker: safeCacheEvictIndex: setUnconditionally 0 -> -1
2023-01-03 10:08:55,585 [pool-779-thread-1] INFO  server.RaftServer$Division (RaftServerImpl.java:start(334)) - 650ee283-e4bb-452b-a208-1b125254dcf6@group-DC02A87AD900: start as a follower, conf=-1: peers:[650ee283-e4bb-452b-a208-1b125254dcf6|rpc:10.1.0.13:35579|dataStream:10.1.0.13:40065|priority:1|startupRole:FOLLOWER]|listeners:[], old=null
2023-01-03 10:08:55,585 [pool-779-thread-1] INFO  server.RaftServer$Division (RaftServerImpl.java:setRole(321)) - 650ee283-e4bb-452b-a208-1b125254dcf6@group-DC02A87AD900: changes role from      null to FOLLOWER at term 0 for startAsFollower
2023-01-03 10:08:55,585 [pool-779-thread-1] INFO  impl.RoleInfo (RoleInfo.java:updateAndGet(139)) - 650ee283-e4bb-452b-a208-1b125254dcf6: start 650ee283-e4bb-452b-a208-1b125254dcf6@group-DC02A87AD900-FollowerState
2023-01-03 10:08:55,585 [pool-779-thread-1] INFO  util.JmxRegister (JmxRegister.java:tryRegister(44)) - Successfully registered JMX Bean with object name Ratis:service=RaftServer,group=group-DC02A87AD900,id=650ee283-e4bb-452b-a208-1b125254dcf6
2023-01-03 10:08:55,585 [pool-779-thread-1] INFO  server.RaftServerConfigKeys (ConfUtils.java:logGet(46)) - raft.server.snapshot.auto.trigger.enabled = true (custom)
2023-01-03 10:08:55,585 [650ee283-e4bb-452b-a208-1b125254dcf6@group-DC02A87AD900-FollowerState] INFO  server.RaftServerConfigKeys (ConfUtils.java:logFallback(53)) - raft.server.rpc.first-election.timeout.min = 5s (fallback to raft.server.rpc.timeout.min)
2023-01-03 10:08:55,585 [pool-779-thread-1] INFO  server.RaftServerConfigKeys (ConfUtils.java:logGet(46)) - raft.server.snapshot.auto.trigger.threshold = 10000 (custom)
2023-01-03 10:08:55,585 [650ee283-e4bb-452b-a208-1b125254dcf6@group-DC02A87AD900-FollowerState] INFO  server.RaftServerConfigKeys (ConfUtils.java:logFallback(53)) - raft.server.rpc.first-election.timeout.max = 5200ms (fallback to raft.server.rpc.timeout.max)
2023-01-03 10:08:55,585 [pool-779-thread-1] INFO  server.RaftServerConfigKeys (ConfUtils.java:logGet(46)) - raft.server.snapshot.retention.file.num = 5 (custom)
2023-01-03 10:08:55,585 [pool-779-thread-1] INFO  server.RaftServerConfigKeys (ConfUtils.java:logGet(46)) - raft.server.log.purge.upto.snapshot.index = false (default)
2023-01-03 10:08:55,586 [Command processor thread] INFO  ratis.XceiverServerRatis (XceiverServerRatis.java:addGroup(806)) - Created group PipelineID=3013a338-cbb6-42ce-8736-dc02a87ad900
2023-01-03 10:08:55,586 [Command processor thread] INFO  commandhandler.CreatePipelineCommandHandler (CreatePipelineCommandHandler.java:handle(113)) - Created Pipeline RATIS ONE PipelineID=3013a338-cbb6-42ce-8736-dc02a87ad900.
2023-01-03 10:08:55,658 [EventQueue-CommandQueueReportForCommandQueueReportHandler] WARN  events.EventQueue (EventQueue.java:fireEvent(216)) - No event handler registered for event TypedEvent{payloadType=DatanodeDetails, name='Datanode_Command_Queue_Updated'}
2023-01-03 10:08:55,968 [EventQueue-CommandQueueReportForCommandQueueReportHandler] WARN  events.EventQueue (EventQueue.java:fireEvent(216)) - No event handler registered for event TypedEvent{payloadType=DatanodeDetails, name='Datanode_Command_Queue_Updated'}
2023-01-03 10:08:56,287 [EventQueue-CommandQueueReportForCommandQueueReportHandler] WARN  events.EventQueue (EventQueue.java:fireEvent(216)) - No event handler registered for event TypedEvent{payloadType=DatanodeDetails, name='Datanode_Command_Queue_Updated'}
2023-01-03 10:08:56,482 [EventQueue-CommandQueueReportForCommandQueueReportHandler] WARN  events.EventQueue (EventQueue.java:fireEvent(216)) - No event handler registered for event TypedEvent{payloadType=DatanodeDetails, name='Datanode_Command_Queue_Updated'}
2023-01-03 10:08:56,573 [Listener at 127.0.0.1/33423] INFO  ozone.MiniOzoneClusterImpl (MiniOzoneClusterImpl.java:lambda$waitForClusterToBeReady$0(217)) - Nodes are ready. Got 5 of 5 DN Heartbeats.
2023-01-03 10:08:56,573 [Listener at 127.0.0.1/33423] INFO  ozone.MiniOzoneClusterImpl (MiniOzoneClusterImpl.java:lambda$waitForClusterToBeReady$0(220)) - Waiting for cluster to exit safe mode
2023-01-03 10:08:56,573 [Listener at 127.0.0.1/33423] INFO  ozone.MiniOzoneClusterImpl (MiniOzoneClusterImpl.java:lambda$waitForClusterToBeReady$0(222)) - SCM became leader
2023-01-03 10:08:56,579 [EventQueue-CommandQueueReportForCommandQueueReportHandler] WARN  events.EventQueue (EventQueue.java:fireEvent(216)) - No event handler registered for event TypedEvent{payloadType=DatanodeDetails, name='Datanode_Command_Queue_Updated'}
2023-01-03 10:08:56,658 [EventQueue-CommandQueueReportForCommandQueueReportHandler] WARN  events.EventQueue (EventQueue.java:fireEvent(216)) - No event handler registered for event TypedEvent{payloadType=DatanodeDetails, name='Datanode_Command_Queue_Updated'}
2023-01-03 10:08:56,967 [EventQueue-CommandQueueReportForCommandQueueReportHandler] WARN  events.EventQueue (EventQueue.java:fireEvent(216)) - No event handler registered for event TypedEvent{payloadType=DatanodeDetails, name='Datanode_Command_Queue_Updated'}
2023-01-03 10:08:57,288 [EventQueue-CommandQueueReportForCommandQueueReportHandler] WARN  events.EventQueue (EventQueue.java:fireEvent(216)) - No event handler registered for event TypedEvent{payloadType=DatanodeDetails, name='Datanode_Command_Queue_Updated'}
2023-01-03 10:08:57,483 [EventQueue-CommandQueueReportForCommandQueueReportHandler] WARN  events.EventQueue (EventQueue.java:fireEvent(216)) - No event handler registered for event TypedEvent{payloadType=DatanodeDetails, name='Datanode_Command_Queue_Updated'}
2023-01-03 10:08:57,573 [Listener at 127.0.0.1/33423] INFO  ozone.MiniOzoneClusterImpl (MiniOzoneClusterImpl.java:lambda$waitForClusterToBeReady$0(217)) - Nodes are ready. Got 5 of 5 DN Heartbeats.
2023-01-03 10:08:57,574 [Listener at 127.0.0.1/33423] INFO  ozone.MiniOzoneClusterImpl (MiniOzoneClusterImpl.java:lambda$waitForClusterToBeReady$0(220)) - Waiting for cluster to exit safe mode
2023-01-03 10:08:57,574 [Listener at 127.0.0.1/33423] INFO  ozone.MiniOzoneClusterImpl (MiniOzoneClusterImpl.java:lambda$waitForClusterToBeReady$0(222)) - SCM became leader
2023-01-03 10:08:57,580 [EventQueue-CommandQueueReportForCommandQueueReportHandler] WARN  events.EventQueue (EventQueue.java:fireEvent(216)) - No event handler registered for event TypedEvent{payloadType=DatanodeDetails, name='Datanode_Command_Queue_Updated'}
2023-01-03 10:08:57,657 [EventQueue-CommandQueueReportForCommandQueueReportHandler] WARN  events.EventQueue (EventQueue.java:fireEvent(216)) - No event handler registered for event TypedEvent{payloadType=DatanodeDetails, name='Datanode_Command_Queue_Updated'}
2023-01-03 10:08:57,968 [EventQueue-CommandQueueReportForCommandQueueReportHandler] WARN  events.EventQueue (EventQueue.java:fireEvent(216)) - No event handler registered for event TypedEvent{payloadType=DatanodeDetails, name='Datanode_Command_Queue_Updated'}
2023-01-03 10:08:58,288 [EventQueue-CommandQueueReportForCommandQueueReportHandler] WARN  events.EventQueue (EventQueue.java:fireEvent(216)) - No event handler registered for event TypedEvent{payloadType=DatanodeDetails, name='Datanode_Command_Queue_Updated'}
2023-01-03 10:08:58,483 [EventQueue-CommandQueueReportForCommandQueueReportHandler] WARN  events.EventQueue (EventQueue.java:fireEvent(216)) - No event handler registered for event TypedEvent{payloadType=DatanodeDetails, name='Datanode_Command_Queue_Updated'}
2023-01-03 10:08:58,574 [Listener at 127.0.0.1/33423] INFO  ozone.MiniOzoneClusterImpl (MiniOzoneClusterImpl.java:lambda$waitForClusterToBeReady$0(217)) - Nodes are ready. Got 5 of 5 DN Heartbeats.
2023-01-03 10:08:58,574 [Listener at 127.0.0.1/33423] INFO  ozone.MiniOzoneClusterImpl (MiniOzoneClusterImpl.java:lambda$waitForClusterToBeReady$0(220)) - Waiting for cluster to exit safe mode
2023-01-03 10:08:58,574 [Listener at 127.0.0.1/33423] INFO  ozone.MiniOzoneClusterImpl (MiniOzoneClusterImpl.java:lambda$waitForClusterToBeReady$0(222)) - SCM became leader
2023-01-03 10:08:58,581 [EventQueue-CommandQueueReportForCommandQueueReportHandler] WARN  events.EventQueue (EventQueue.java:fireEvent(216)) - No event handler registered for event TypedEvent{payloadType=DatanodeDetails, name='Datanode_Command_Queue_Updated'}
2023-01-03 10:08:58,658 [EventQueue-CommandQueueReportForCommandQueueReportHandler] WARN  events.EventQueue (EventQueue.java:fireEvent(216)) - No event handler registered for event TypedEvent{payloadType=DatanodeDetails, name='Datanode_Command_Queue_Updated'}
2023-01-03 10:08:58,969 [EventQueue-CommandQueueReportForCommandQueueReportHandler] WARN  events.EventQueue (EventQueue.java:fireEvent(216)) - No event handler registered for event TypedEvent{payloadType=DatanodeDetails, name='Datanode_Command_Queue_Updated'}
2023-01-03 10:08:59,288 [EventQueue-CommandQueueReportForCommandQueueReportHandler] WARN  events.EventQueue (EventQueue.java:fireEvent(216)) - No event handler registered for event TypedEvent{payloadType=DatanodeDetails, name='Datanode_Command_Queue_Updated'}
2023-01-03 10:08:59,469 [2b04a8b1-164a-4310-98e7-450bb9581035@group-FD948DA1788A-FollowerState] INFO  impl.FollowerState (FollowerState.java:run(143)) - 2b04a8b1-164a-4310-98e7-450bb9581035@group-FD948DA1788A-FollowerState: change to CANDIDATE, lastRpcElapsedTime:5115059070ns, electionTimeout:5113ms
2023-01-03 10:08:59,469 [2b04a8b1-164a-4310-98e7-450bb9581035@group-FD948DA1788A-FollowerState] INFO  impl.RoleInfo (RoleInfo.java:shutdownFollowerState(110)) - 2b04a8b1-164a-4310-98e7-450bb9581035: shutdown 2b04a8b1-164a-4310-98e7-450bb9581035@group-FD948DA1788A-FollowerState
2023-01-03 10:08:59,469 [2b04a8b1-164a-4310-98e7-450bb9581035@group-FD948DA1788A-FollowerState] INFO  server.RaftServer$Division (RaftServerImpl.java:setRole(321)) - 2b04a8b1-164a-4310-98e7-450bb9581035@group-FD948DA1788A: changes role from  FOLLOWER to CANDIDATE at term 0 for changeToCandidate
2023-01-03 10:08:59,469 [2b04a8b1-164a-4310-98e7-450bb9581035@group-FD948DA1788A-FollowerState] INFO  server.RaftServerConfigKeys (ConfUtils.java:logGet(46)) - raft.server.leaderelection.pre-vote = false (custom)
2023-01-03 10:08:59,469 [2b04a8b1-164a-4310-98e7-450bb9581035@group-FD948DA1788A-FollowerState] INFO  impl.RoleInfo (RoleInfo.java:updateAndGet(139)) - 2b04a8b1-164a-4310-98e7-450bb9581035: start 2b04a8b1-164a-4310-98e7-450bb9581035@group-FD948DA1788A-LeaderElection34
2023-01-03 10:08:59,475 [2b04a8b1-164a-4310-98e7-450bb9581035@group-FD948DA1788A-LeaderElection34] INFO  impl.LeaderElection (LeaderElection.java:askForVotes(312)) - 2b04a8b1-164a-4310-98e7-450bb9581035@group-FD948DA1788A-LeaderElection34 ELECTION round 0: submit vote requests at term 1 for -1: peers:[2b04a8b1-164a-4310-98e7-450bb9581035|rpc:10.1.0.13:40297|dataStream:10.1.0.13:40255|priority:1|startupRole:FOLLOWER]|listeners:[], old=null
2023-01-03 10:08:59,475 [2b04a8b1-164a-4310-98e7-450bb9581035@group-FD948DA1788A-LeaderElection34] INFO  impl.LeaderElection (LeaderElection.java:askForVotes(314)) - 2b04a8b1-164a-4310-98e7-450bb9581035@group-FD948DA1788A-LeaderElection34 ELECTION round 0: result PASSED (term=1)
2023-01-03 10:08:59,475 [2b04a8b1-164a-4310-98e7-450bb9581035@group-FD948DA1788A-LeaderElection34] INFO  impl.RoleInfo (RoleInfo.java:shutdownLeaderElection(130)) - 2b04a8b1-164a-4310-98e7-450bb9581035: shutdown 2b04a8b1-164a-4310-98e7-450bb9581035@group-FD948DA1788A-LeaderElection34
2023-01-03 10:08:59,475 [2b04a8b1-164a-4310-98e7-450bb9581035@group-FD948DA1788A-LeaderElection34] INFO  server.RaftServer$Division (RaftServerImpl.java:setRole(321)) - 2b04a8b1-164a-4310-98e7-450bb9581035@group-FD948DA1788A: changes role from CANDIDATE to LEADER at term 1 for changeToLeader
2023-01-03 10:08:59,475 [2b04a8b1-164a-4310-98e7-450bb9581035@group-FD948DA1788A-LeaderElection34] INFO  ratis.XceiverServerRatis (XceiverServerRatis.java:handleLeaderChangedNotification(904)) - Leader change notification received for group: group-FD948DA1788A with new leaderId: 2b04a8b1-164a-4310-98e7-450bb9581035
2023-01-03 10:08:59,475 [2b04a8b1-164a-4310-98e7-450bb9581035@group-FD948DA1788A-LeaderElection34] INFO  server.RaftServer$Division (ServerState.java:setLeader(313)) - 2b04a8b1-164a-4310-98e7-450bb9581035@group-FD948DA1788A: change Leader from null to 2b04a8b1-164a-4310-98e7-450bb9581035 at term 1 for becomeLeader, leader elected after 5130ms
2023-01-03 10:08:59,475 [2b04a8b1-164a-4310-98e7-450bb9581035@group-FD948DA1788A-LeaderElection34] INFO  server.RaftServerConfigKeys (ConfUtils.java:logGet(46)) - raft.server.staging.catchup.gap = 1000 (default)
2023-01-03 10:08:59,475 [2b04a8b1-164a-4310-98e7-450bb9581035@group-FD948DA1788A-LeaderElection34] INFO  server.RaftServerConfigKeys (ConfUtils.java:logGet(46)) - raft.server.write.element-limit = 1024 (custom)
2023-01-03 10:08:59,476 [2b04a8b1-164a-4310-98e7-450bb9581035@group-FD948DA1788A-LeaderElection34] INFO  server.RaftServerConfigKeys (ConfUtils.java:logGet(46)) - raft.server.write.byte-limit = 1024 M (=1073741824) (custom)
2023-01-03 10:08:59,476 [EventQueue-CommandQueueReportForCommandQueueReportHandler] WARN  events.EventQueue (EventQueue.java:fireEvent(216)) - No event handler registered for event TypedEvent{payloadType=DatanodeDetails, name='Datanode_Command_Queue_Updated'}
2023-01-03 10:08:59,476 [2b04a8b1-164a-4310-98e7-450bb9581035@group-FD948DA1788A-LeaderElection34] INFO  server.RaftServerConfigKeys (ConfUtils.java:logGet(46)) - raft.server.watch.timeout = 180s (custom)
2023-01-03 10:08:59,476 [EventQueue-OpenPipelineForHealthyPipelineSafeModeRule] INFO  safemode.SCMSafeModeManager (HealthyPipelineSafeModeRule.java:process(137)) - SCM in safe mode. Healthy pipelines reported count is 0, required healthy pipeline reported count is 1
2023-01-03 10:08:59,476 [2b04a8b1-164a-4310-98e7-450bb9581035@group-FD948DA1788A-LeaderElection34] INFO  server.RaftServerConfigKeys (ConfUtils.java:logGet(46)) - raft.server.watch.timeout.denomination = 1s (default)
2023-01-03 10:08:59,476 [2b04a8b1-164a-4310-98e7-450bb9581035@group-FD948DA1788A-LeaderElection34] INFO  server.RaftServerConfigKeys (ConfUtils.java:logGet(46)) - raft.server.watch.element-limit = 65536 (default)
2023-01-03 10:08:59,476 [2b04a8b1-164a-4310-98e7-450bb9581035@group-FD948DA1788A-LeaderElection34] INFO  server.RaftServerConfigKeys (ConfUtils.java:logGet(46)) - raft.server.write.element-limit = 1024 (custom)
2023-01-03 10:08:59,476 [2b04a8b1-164a-4310-98e7-450bb9581035@group-FD948DA1788A-LeaderElection34] INFO  server.RaftServerConfigKeys (ConfUtils.java:logGet(46)) - raft.server.write.follower.gap.ratio.max = -1.0 (default)
2023-01-03 10:08:59,476 [2b04a8b1-164a-4310-98e7-450bb9581035@group-FD948DA1788A-LeaderElection34] INFO  impl.RoleInfo (RoleInfo.java:updateAndGet(139)) - 2b04a8b1-164a-4310-98e7-450bb9581035: start 2b04a8b1-164a-4310-98e7-450bb9581035@group-FD948DA1788A-LeaderStateImpl
2023-01-03 10:08:59,476 [2b04a8b1-164a-4310-98e7-450bb9581035@group-FD948DA1788A-LeaderElection34] INFO  segmented.SegmentedRaftLogWorker (SegmentedRaftLogWorker.java:startLogSegment(452)) - 2b04a8b1-164a-4310-98e7-450bb9581035@group-FD948DA1788A-SegmentedRaftLogWorker: Starting segment from index:0
2023-01-03 10:08:59,482 [2b04a8b1-164a-4310-98e7-450bb9581035@group-FD948DA1788A-LeaderElection34] INFO  server.RaftServer$Division (ServerState.java:setRaftConf(430)) - 2b04a8b1-164a-4310-98e7-450bb9581035@group-FD948DA1788A: set configuration 0: peers:[2b04a8b1-164a-4310-98e7-450bb9581035|rpc:10.1.0.13:40297|dataStream:10.1.0.13:40255|priority:1|startupRole:FOLLOWER]|listeners:[], old=null
2023-01-03 10:08:59,483 [2b04a8b1-164a-4310-98e7-450bb9581035@group-FD948DA1788A-SegmentedRaftLogWorker] INFO  segmented.SegmentedRaftLogWorker (SegmentedRaftLogWorker.java:execute(656)) - 2b04a8b1-164a-4310-98e7-450bb9581035@group-FD948DA1788A-SegmentedRaftLogWorker: created new log segment /home/runner/work/ozone/ozone/hadoop-ozone/integration-test/target/test-dir/MiniOzoneClusterImpl-1bcd6b1f-11f6-453e-b314-ff0bb9fde82c/datanode-0/data/ratis/8b9567be-c115-4542-87c7-fd948da1788a/current/log_inprogress_0
2023-01-03 10:08:59,518 [2b04a8b1-164a-4310-98e7-450bb9581035@group-8E8DD5C4C90A-FollowerState] INFO  impl.FollowerState (FollowerState.java:run(143)) - 2b04a8b1-164a-4310-98e7-450bb9581035@group-8E8DD5C4C90A-FollowerState: change to CANDIDATE, lastRpcElapsedTime:5150379778ns, electionTimeout:5150ms
2023-01-03 10:08:59,518 [2b04a8b1-164a-4310-98e7-450bb9581035@group-8E8DD5C4C90A-FollowerState] INFO  impl.RoleInfo (RoleInfo.java:shutdownFollowerState(110)) - 2b04a8b1-164a-4310-98e7-450bb9581035: shutdown 2b04a8b1-164a-4310-98e7-450bb9581035@group-8E8DD5C4C90A-FollowerState
2023-01-03 10:08:59,518 [2b04a8b1-164a-4310-98e7-450bb9581035@group-8E8DD5C4C90A-FollowerState] INFO  server.RaftServer$Division (RaftServerImpl.java:setRole(321)) - 2b04a8b1-164a-4310-98e7-450bb9581035@group-8E8DD5C4C90A: changes role from  FOLLOWER to CANDIDATE at term 0 for changeToCandidate
2023-01-03 10:08:59,518 [2b04a8b1-164a-4310-98e7-450bb9581035@group-8E8DD5C4C90A-FollowerState] INFO  server.RaftServerConfigKeys (ConfUtils.java:logGet(46)) - raft.server.leaderelection.pre-vote = false (custom)
2023-01-03 10:08:59,518 [2b04a8b1-164a-4310-98e7-450bb9581035@group-8E8DD5C4C90A-FollowerState] INFO  impl.RoleInfo (RoleInfo.java:updateAndGet(139)) - 2b04a8b1-164a-4310-98e7-450bb9581035: start 2b04a8b1-164a-4310-98e7-450bb9581035@group-8E8DD5C4C90A-LeaderElection35
2023-01-03 10:08:59,522 [2b04a8b1-164a-4310-98e7-450bb9581035@group-8E8DD5C4C90A-LeaderElection35] INFO  impl.LeaderElection (LeaderElection.java:askForVotes(312)) - 2b04a8b1-164a-4310-98e7-450bb9581035@group-8E8DD5C4C90A-LeaderElection35 ELECTION round 0: submit vote requests at term 1 for -1: peers:[2b04a8b1-164a-4310-98e7-450bb9581035|rpc:10.1.0.13:40297|dataStream:10.1.0.13:40255|priority:0|startupRole:FOLLOWER, 79f3458c-2c66-4b3a-be39-3ff7abbb9f16|rpc:10.1.0.13:36965|dataStream:10.1.0.13:36199|priority:1|startupRole:FOLLOWER, 5f4e8170-34f9-42fb-8ea2-3b8d58ff5808|rpc:10.1.0.13:43165|dataStream:10.1.0.13:42261|priority:0|startupRole:FOLLOWER]|listeners:[], old=null
2023-01-03 10:08:59,522 [2b04a8b1-164a-4310-98e7-450bb9581035@group-8E8DD5C4C90A-LeaderElection35] INFO  server.RaftServerConfigKeys (ConfUtils.java:logFallback(53)) - raft.server.rpc.first-election.timeout.min = 5s (fallback to raft.server.rpc.timeout.min)
2023-01-03 10:08:59,522 [2b04a8b1-164a-4310-98e7-450bb9581035@group-8E8DD5C4C90A-LeaderElection35-1] INFO  server.GrpcServerProtocolClient (GrpcServerProtocolClient.java:<init>(63)) - Build channel for 79f3458c-2c66-4b3a-be39-3ff7abbb9f16
2023-01-03 10:08:59,522 [2b04a8b1-164a-4310-98e7-450bb9581035@group-8E8DD5C4C90A-LeaderElection35] INFO  server.RaftServerConfigKeys (ConfUtils.java:logFallback(53)) - raft.server.rpc.first-election.timeout.max = 5200ms (fallback to raft.server.rpc.timeout.max)
2023-01-03 10:08:59,522 [2b04a8b1-164a-4310-98e7-450bb9581035@group-8E8DD5C4C90A-LeaderElection35-2] INFO  server.GrpcServerProtocolClient (GrpcServerProtocolClient.java:<init>(63)) - Build channel for 5f4e8170-34f9-42fb-8ea2-3b8d58ff5808
2023-01-03 10:08:59,535 [grpc-default-executor-1] INFO  server.RaftServer$Division (RaftServerImpl.java:requestVote(1218)) - 5f4e8170-34f9-42fb-8ea2-3b8d58ff5808@group-8E8DD5C4C90A: receive requestVote(ELECTION, 2b04a8b1-164a-4310-98e7-450bb9581035, group-8E8DD5C4C90A, 1, (t:0, i:0))
2023-01-03 10:08:59,535 [grpc-default-executor-1] INFO  impl.VoteContext (VoteContext.java:log(49)) - 5f4e8170-34f9-42fb-8ea2-3b8d58ff5808@group-8E8DD5C4C90A-FOLLOWER: accept ELECTION from 2b04a8b1-164a-4310-98e7-450bb9581035: our priority 0 <= candidate's priority 0
2023-01-03 10:08:59,535 [grpc-default-executor-1] INFO  server.RaftServer$Division (RaftServerImpl.java:setRole(321)) - 5f4e8170-34f9-42fb-8ea2-3b8d58ff5808@group-8E8DD5C4C90A: changes role from  FOLLOWER to FOLLOWER at term 1 for candidate:2b04a8b1-164a-4310-98e7-450bb9581035
2023-01-03 10:08:59,535 [grpc-default-executor-1] INFO  impl.RoleInfo (RoleInfo.java:shutdownFollowerState(110)) - 5f4e8170-34f9-42fb-8ea2-3b8d58ff5808: shutdown 5f4e8170-34f9-42fb-8ea2-3b8d58ff5808@group-8E8DD5C4C90A-FollowerState
2023-01-03 10:08:59,535 [5f4e8170-34f9-42fb-8ea2-3b8d58ff5808@group-8E8DD5C4C90A-FollowerState] INFO  impl.FollowerState (FollowerState.java:run(152)) - 5f4e8170-34f9-42fb-8ea2-3b8d58ff5808@group-8E8DD5C4C90A-FollowerState was interrupted
2023-01-03 10:08:59,536 [grpc-default-executor-0] INFO  server.RaftServer$Division (RaftServerImpl.java:requestVote(1218)) - 79f3458c-2c66-4b3a-be39-3ff7abbb9f16@group-8E8DD5C4C90A: receive requestVote(ELECTION, 2b04a8b1-164a-4310-98e7-450bb9581035, group-8E8DD5C4C90A, 1, (t:0, i:0))
2023-01-03 10:08:59,536 [grpc-default-executor-1] INFO  impl.RoleInfo (RoleInfo.java:updateAndGet(139)) - 5f4e8170-34f9-42fb-8ea2-3b8d58ff5808: start 5f4e8170-34f9-42fb-8ea2-3b8d58ff5808@group-8E8DD5C4C90A-FollowerState
2023-01-03 10:08:59,536 [grpc-default-executor-0] INFO  impl.VoteContext (VoteContext.java:log(49)) - 79f3458c-2c66-4b3a-be39-3ff7abbb9f16@group-8E8DD5C4C90A-FOLLOWER: reject ELECTION from 2b04a8b1-164a-4310-98e7-450bb9581035: our priority 1 > candidate's priority 0
2023-01-03 10:08:59,536 [grpc-default-executor-0] INFO  server.RaftServer$Division (RaftServerImpl.java:setRole(321)) - 79f3458c-2c66-4b3a-be39-3ff7abbb9f16@group-8E8DD5C4C90A: changes role from  FOLLOWER to FOLLOWER at term 1 for candidate:2b04a8b1-164a-4310-98e7-450bb9581035
2023-01-03 10:08:59,536 [grpc-default-executor-0] INFO  impl.RoleInfo (RoleInfo.java:shutdownFollowerState(110)) - 79f3458c-2c66-4b3a-be39-3ff7abbb9f16: shutdown 79f3458c-2c66-4b3a-be39-3ff7abbb9f16@group-8E8DD5C4C90A-FollowerState
2023-01-03 10:08:59,537 [grpc-default-executor-0] INFO  impl.RoleInfo (RoleInfo.java:updateAndGet(139)) - 79f3458c-2c66-4b3a-be39-3ff7abbb9f16: start 79f3458c-2c66-4b3a-be39-3ff7abbb9f16@group-8E8DD5C4C90A-FollowerState
2023-01-03 10:08:59,537 [79f3458c-2c66-4b3a-be39-3ff7abbb9f16@group-8E8DD5C4C90A-FollowerState] INFO  impl.FollowerState (FollowerState.java:run(152)) - 79f3458c-2c66-4b3a-be39-3ff7abbb9f16@group-8E8DD5C4C90A-FollowerState was interrupted
2023-01-03 10:08:59,537 [5f4e8170-34f9-42fb-8ea2-3b8d58ff5808@group-8E8DD5C4C90A-FollowerState] INFO  server.RaftServerConfigKeys (ConfUtils.java:logFallback(53)) - raft.server.rpc.first-election.timeout.min = 5s (fallback to raft.server.rpc.timeout.min)
2023-01-03 10:08:59,537 [5f4e8170-34f9-42fb-8ea2-3b8d58ff5808@group-8E8DD5C4C90A-FollowerState] INFO  server.RaftServerConfigKeys (ConfUtils.java:logFallback(53)) - raft.server.rpc.first-election.timeout.max = 5200ms (fallback to raft.server.rpc.timeout.max)
2023-01-03 10:08:59,539 [grpc-default-executor-1] INFO  server.RaftServer$Division (RaftServerImpl.java:requestVote(1251)) - 5f4e8170-34f9-42fb-8ea2-3b8d58ff5808@group-8E8DD5C4C90A replies to ELECTION vote request: 2b04a8b1-164a-4310-98e7-450bb9581035<-5f4e8170-34f9-42fb-8ea2-3b8d58ff5808#0:OK-t1. Peer's state: 5f4e8170-34f9-42fb-8ea2-3b8d58ff5808@group-8E8DD5C4C90A:t1, leader=null, voted=2b04a8b1-164a-4310-98e7-450bb9581035, raftlog=Memoized:5f4e8170-34f9-42fb-8ea2-3b8d58ff5808@group-8E8DD5C4C90A-SegmentedRaftLog:OPENED:c-1, conf=-1: peers:[2b04a8b1-164a-4310-98e7-450bb9581035|rpc:10.1.0.13:40297|dataStream:10.1.0.13:40255|priority:0|startupRole:FOLLOWER, 79f3458c-2c66-4b3a-be39-3ff7abbb9f16|rpc:10.1.0.13:36965|dataStream:10.1.0.13:36199|priority:1|startupRole:FOLLOWER, 5f4e8170-34f9-42fb-8ea2-3b8d58ff5808|rpc:10.1.0.13:43165|dataStream:10.1.0.13:42261|priority:0|startupRole:FOLLOWER]|listeners:[], old=null
2023-01-03 10:08:59,540 [79f3458c-2c66-4b3a-be39-3ff7abbb9f16@group-8E8DD5C4C90A-FollowerState] INFO  server.RaftServerConfigKeys (ConfUtils.java:logFallback(53)) - raft.server.rpc.first-election.timeout.min = 5s (fallback to raft.server.rpc.timeout.min)
2023-01-03 10:08:59,540 [79f3458c-2c66-4b3a-be39-3ff7abbb9f16@group-8E8DD5C4C90A-FollowerState] INFO  server.RaftServerConfigKeys (ConfUtils.java:logFallback(53)) - raft.server.rpc.first-election.timeout.max = 5200ms (fallback to raft.server.rpc.timeout.max)
2023-01-03 10:08:59,542 [grpc-default-executor-0] INFO  server.RaftServer$Division (RaftServerImpl.java:requestVote(1251)) - 79f3458c-2c66-4b3a-be39-3ff7abbb9f16@group-8E8DD5C4C90A replies to ELECTION vote request: 2b04a8b1-164a-4310-98e7-450bb9581035<-79f3458c-2c66-4b3a-be39-3ff7abbb9f16#0:FAIL-t1. Peer's state: 79f3458c-2c66-4b3a-be39-3ff7abbb9f16@group-8E8DD5C4C90A:t1, leader=null, voted=null, raftlog=Memoized:79f3458c-2c66-4b3a-be39-3ff7abbb9f16@group-8E8DD5C4C90A-SegmentedRaftLog:OPENED:c-1, conf=-1: peers:[2b04a8b1-164a-4310-98e7-450bb9581035|rpc:10.1.0.13:40297|dataStream:10.1.0.13:40255|priority:0|startupRole:FOLLOWER, 79f3458c-2c66-4b3a-be39-3ff7abbb9f16|rpc:10.1.0.13:36965|dataStream:10.1.0.13:36199|priority:1|startupRole:FOLLOWER, 5f4e8170-34f9-42fb-8ea2-3b8d58ff5808|rpc:10.1.0.13:43165|dataStream:10.1.0.13:42261|priority:0|startupRole:FOLLOWER]|listeners:[], old=null
2023-01-03 10:08:59,542 [2b04a8b1-164a-4310-98e7-450bb9581035@group-8E8DD5C4C90A-LeaderElection35] INFO  impl.LeaderElection (LeaderElection.java:logAndReturn(90)) - 2b04a8b1-164a-4310-98e7-450bb9581035@group-8E8DD5C4C90A-LeaderElection35: ELECTION REJECTED received 2 response(s) and 0 exception(s):
2023-01-03 10:08:59,542 [2b04a8b1-164a-4310-98e7-450bb9581035@group-8E8DD5C4C90A-LeaderElection35] INFO  impl.LeaderElection (LeaderElection.java:logAndReturn(94)) -   Response 0: 2b04a8b1-164a-4310-98e7-450bb9581035<-79f3458c-2c66-4b3a-be39-3ff7abbb9f16#0:FAIL-t1
2023-01-03 10:08:59,542 [2b04a8b1-164a-4310-98e7-450bb9581035@group-8E8DD5C4C90A-LeaderElection35] INFO  impl.LeaderElection (LeaderElection.java:logAndReturn(94)) -   Response 1: 2b04a8b1-164a-4310-98e7-450bb9581035<-5f4e8170-34f9-42fb-8ea2-3b8d58ff5808#0:OK-t1
2023-01-03 10:08:59,542 [2b04a8b1-164a-4310-98e7-450bb9581035@group-8E8DD5C4C90A-LeaderElection35] INFO  impl.LeaderElection (LeaderElection.java:askForVotes(314)) - 2b04a8b1-164a-4310-98e7-450bb9581035@group-8E8DD5C4C90A-LeaderElection35 ELECTION round 0: result REJECTED
2023-01-03 10:08:59,542 [2b04a8b1-164a-4310-98e7-450bb9581035@group-8E8DD5C4C90A-LeaderElection35] INFO  server.RaftServer$Division (RaftServerImpl.java:setRole(321)) - 2b04a8b1-164a-4310-98e7-450bb9581035@group-8E8DD5C4C90A: changes role from CANDIDATE to FOLLOWER at term 1 for REJECTED
2023-01-03 10:08:59,542 [2b04a8b1-164a-4310-98e7-450bb9581035@group-8E8DD5C4C90A-LeaderElection35] INFO  impl.RoleInfo (RoleInfo.java:shutdownLeaderElection(130)) - 2b04a8b1-164a-4310-98e7-450bb9581035: shutdown 2b04a8b1-164a-4310-98e7-450bb9581035@group-8E8DD5C4C90A-LeaderElection35
2023-01-03 10:08:59,542 [2b04a8b1-164a-4310-98e7-450bb9581035@group-8E8DD5C4C90A-LeaderElection35] INFO  impl.RoleInfo (RoleInfo.java:updateAndGet(139)) - 2b04a8b1-164a-4310-98e7-450bb9581035: start 2b04a8b1-164a-4310-98e7-450bb9581035@group-8E8DD5C4C90A-FollowerState
2023-01-03 10:08:59,546 [2b04a8b1-164a-4310-98e7-450bb9581035@group-8E8DD5C4C90A-FollowerState] INFO  server.RaftServerConfigKeys (ConfUtils.java:logFallback(53)) - raft.server.rpc.first-election.timeout.min = 5s (fallback to raft.server.rpc.timeout.min)
2023-01-03 10:08:59,547 [2b04a8b1-164a-4310-98e7-450bb9581035@group-8E8DD5C4C90A-FollowerState] INFO  server.RaftServerConfigKeys (ConfUtils.java:logFallback(53)) - raft.server.rpc.first-election.timeout.max = 5200ms (fallback to raft.server.rpc.timeout.max)
2023-01-03 10:08:59,574 [Listener at 127.0.0.1/33423] INFO  ozone.MiniOzoneClusterImpl (MiniOzoneClusterImpl.java:lambda$waitForClusterToBeReady$0(217)) - Nodes are ready. Got 5 of 5 DN Heartbeats.
2023-01-03 10:08:59,574 [Listener at 127.0.0.1/33423] INFO  ozone.MiniOzoneClusterImpl (MiniOzoneClusterImpl.java:lambda$waitForClusterToBeReady$0(220)) - Waiting for cluster to exit safe mode
2023-01-03 10:08:59,574 [Listener at 127.0.0.1/33423] INFO  ozone.MiniOzoneClusterImpl (MiniOzoneClusterImpl.java:lambda$waitForClusterToBeReady$0(222)) - SCM became leader
2023-01-03 10:08:59,580 [EventQueue-CommandQueueReportForCommandQueueReportHandler] WARN  events.EventQueue (EventQueue.java:fireEvent(216)) - No event handler registered for event TypedEvent{payloadType=DatanodeDetails, name='Datanode_Command_Queue_Updated'}
2023-01-03 10:08:59,590 [2b04a8b1-164a-4310-98e7-450bb9581035@group-5E2E418421AD-FollowerState] INFO  impl.FollowerState (FollowerState.java:run(143)) - 2b04a8b1-164a-4310-98e7-450bb9581035@group-5E2E418421AD-FollowerState: change to CANDIDATE, lastRpcElapsedTime:5102368327ns, electionTimeout:5102ms
2023-01-03 10:08:59,590 [2b04a8b1-164a-4310-98e7-450bb9581035@group-5E2E418421AD-FollowerState] INFO  impl.RoleInfo (RoleInfo.java:shutdownFollowerState(110)) - 2b04a8b1-164a-4310-98e7-450bb9581035: shutdown 2b04a8b1-164a-4310-98e7-450bb9581035@group-5E2E418421AD-FollowerState
2023-01-03 10:08:59,590 [2b04a8b1-164a-4310-98e7-450bb9581035@group-5E2E418421AD-FollowerState] INFO  server.RaftServer$Division (RaftServerImpl.java:setRole(321)) - 2b04a8b1-164a-4310-98e7-450bb9581035@group-5E2E418421AD: changes role from  FOLLOWER to CANDIDATE at term 0 for changeToCandidate
2023-01-03 10:08:59,590 [2b04a8b1-164a-4310-98e7-450bb9581035@group-5E2E418421AD-FollowerState] INFO  server.RaftServerConfigKeys (ConfUtils.java:logGet(46)) - raft.server.leaderelection.pre-vote = false (custom)
2023-01-03 10:08:59,590 [2b04a8b1-164a-4310-98e7-450bb9581035@group-5E2E418421AD-FollowerState] INFO  impl.RoleInfo (RoleInfo.java:updateAndGet(139)) - 2b04a8b1-164a-4310-98e7-450bb9581035: start 2b04a8b1-164a-4310-98e7-450bb9581035@group-5E2E418421AD-LeaderElection36
2023-01-03 10:08:59,595 [2b04a8b1-164a-4310-98e7-450bb9581035@group-5E2E418421AD-LeaderElection36] INFO  impl.LeaderElection (LeaderElection.java:askForVotes(312)) - 2b04a8b1-164a-4310-98e7-450bb9581035@group-5E2E418421AD-LeaderElection36 ELECTION round 0: submit vote requests at term 1 for -1: peers:[2b04a8b1-164a-4310-98e7-450bb9581035|rpc:10.1.0.13:40297|dataStream:10.1.0.13:40255|priority:0|startupRole:FOLLOWER, 79f3458c-2c66-4b3a-be39-3ff7abbb9f16|rpc:10.1.0.13:36965|dataStream:10.1.0.13:36199|priority:0|startupRole:FOLLOWER, 5f4e8170-34f9-42fb-8ea2-3b8d58ff5808|rpc:10.1.0.13:43165|dataStream:10.1.0.13:42261|priority:1|startupRole:FOLLOWER]|listeners:[], old=null
2023-01-03 10:08:59,596 [2b04a8b1-164a-4310-98e7-450bb9581035@group-5E2E418421AD-LeaderElection36] INFO  server.RaftServerConfigKeys (ConfUtils.java:logFallback(53)) - raft.server.rpc.first-election.timeout.min = 5s (fallback to raft.server.rpc.timeout.min)
2023-01-03 10:08:59,596 [2b04a8b1-164a-4310-98e7-450bb9581035@group-5E2E418421AD-LeaderElection36] INFO  server.RaftServerConfigKeys (ConfUtils.java:logFallback(53)) - raft.server.rpc.first-election.timeout.max = 5200ms (fallback to raft.server.rpc.timeout.max)
2023-01-03 10:08:59,598 [grpc-default-executor-0] INFO  server.RaftServer$Division (RaftServerImpl.java:requestVote(1218)) - 79f3458c-2c66-4b3a-be39-3ff7abbb9f16@group-5E2E418421AD: receive requestVote(ELECTION, 2b04a8b1-164a-4310-98e7-450bb9581035, group-5E2E418421AD, 1, (t:0, i:0))
2023-01-03 10:08:59,598 [grpc-default-executor-0] INFO  impl.VoteContext (VoteContext.java:log(49)) - 79f3458c-2c66-4b3a-be39-3ff7abbb9f16@group-5E2E418421AD-FOLLOWER: accept ELECTION from 2b04a8b1-164a-4310-98e7-450bb9581035: our priority 0 <= candidate's priority 0
2023-01-03 10:08:59,598 [grpc-default-executor-0] INFO  server.RaftServer$Division (RaftServerImpl.java:setRole(321)) - 79f3458c-2c66-4b3a-be39-3ff7abbb9f16@group-5E2E418421AD: changes role from  FOLLOWER to FOLLOWER at term 1 for candidate:2b04a8b1-164a-4310-98e7-450bb9581035
2023-01-03 10:08:59,598 [grpc-default-executor-0] INFO  impl.RoleInfo (RoleInfo.java:shutdownFollowerState(110)) - 79f3458c-2c66-4b3a-be39-3ff7abbb9f16: shutdown 79f3458c-2c66-4b3a-be39-3ff7abbb9f16@group-5E2E418421AD-FollowerState
2023-01-03 10:08:59,598 [grpc-default-executor-0] INFO  impl.RoleInfo (RoleInfo.java:updateAndGet(139)) - 79f3458c-2c66-4b3a-be39-3ff7abbb9f16: start 79f3458c-2c66-4b3a-be39-3ff7abbb9f16@group-5E2E418421AD-FollowerState
2023-01-03 10:08:59,598 [79f3458c-2c66-4b3a-be39-3ff7abbb9f16@group-5E2E418421AD-FollowerState] INFO  impl.FollowerState (FollowerState.java:run(152)) - 79f3458c-2c66-4b3a-be39-3ff7abbb9f16@group-5E2E418421AD-FollowerState was interrupted
2023-01-03 10:08:59,598 [79f3458c-2c66-4b3a-be39-3ff7abbb9f16@group-5E2E418421AD-FollowerState] INFO  server.RaftServerConfigKeys (ConfUtils.java:logFallback(53)) - raft.server.rpc.first-election.timeout.min = 5s (fallback to raft.server.rpc.timeout.min)
2023-01-03 10:08:59,598 [79f3458c-2c66-4b3a-be39-3ff7abbb9f16@group-5E2E418421AD-FollowerState] INFO  server.RaftServerConfigKeys (ConfUtils.java:logFallback(53)) - raft.server.rpc.first-election.timeout.max = 5200ms (fallback to raft.server.rpc.timeout.max)
2023-01-03 10:08:59,599 [grpc-default-executor-0] INFO  server.RaftServer$Division (RaftServerImpl.java:requestVote(1251)) - 79f3458c-2c66-4b3a-be39-3ff7abbb9f16@group-5E2E418421AD replies to ELECTION vote request: 2b04a8b1-164a-4310-98e7-450bb9581035<-79f3458c-2c66-4b3a-be39-3ff7abbb9f16#0:OK-t1. Peer's state: 79f3458c-2c66-4b3a-be39-3ff7abbb9f16@group-5E2E418421AD:t1, leader=null, voted=2b04a8b1-164a-4310-98e7-450bb9581035, raftlog=Memoized:79f3458c-2c66-4b3a-be39-3ff7abbb9f16@group-5E2E418421AD-SegmentedRaftLog:OPENED:c-1, conf=-1: peers:[2b04a8b1-164a-4310-98e7-450bb9581035|rpc:10.1.0.13:40297|dataStream:10.1.0.13:40255|priority:0|startupRole:FOLLOWER, 79f3458c-2c66-4b3a-be39-3ff7abbb9f16|rpc:10.1.0.13:36965|dataStream:10.1.0.13:36199|priority:0|startupRole:FOLLOWER, 5f4e8170-34f9-42fb-8ea2-3b8d58ff5808|rpc:10.1.0.13:43165|dataStream:10.1.0.13:42261|priority:1|startupRole:FOLLOWER]|listeners:[], old=null
2023-01-03 10:08:59,601 [grpc-default-executor-0] INFO  server.RaftServer$Division (RaftServerImpl.java:requestVote(1218)) - 5f4e8170-34f9-42fb-8ea2-3b8d58ff5808@group-5E2E418421AD: receive requestVote(ELECTION, 2b04a8b1-164a-4310-98e7-450bb9581035, group-5E2E418421AD, 1, (t:0, i:0))
2023-01-03 10:08:59,601 [grpc-default-executor-0] INFO  impl.VoteContext (VoteContext.java:log(49)) - 5f4e8170-34f9-42fb-8ea2-3b8d58ff5808@group-5E2E418421AD-FOLLOWER: reject ELECTION from 2b04a8b1-164a-4310-98e7-450bb9581035: our priority 1 > candidate's priority 0
2023-01-03 10:08:59,601 [grpc-default-executor-0] INFO  server.RaftServer$Division (RaftServerImpl.java:setRole(321)) - 5f4e8170-34f9-42fb-8ea2-3b8d58ff5808@group-5E2E418421AD: changes role from  FOLLOWER to FOLLOWER at term 1 for candidate:2b04a8b1-164a-4310-98e7-450bb9581035
2023-01-03 10:08:59,601 [grpc-default-executor-0] INFO  impl.RoleInfo (RoleInfo.java:shutdownFollowerState(110)) - 5f4e8170-34f9-42fb-8ea2-3b8d58ff5808: shutdown 5f4e8170-34f9-42fb-8ea2-3b8d58ff5808@group-5E2E418421AD-FollowerState
2023-01-03 10:08:59,601 [grpc-default-executor-0] INFO  impl.RoleInfo (RoleInfo.java:updateAndGet(139)) - 5f4e8170-34f9-42fb-8ea2-3b8d58ff5808: start 5f4e8170-34f9-42fb-8ea2-3b8d58ff5808@group-5E2E418421AD-FollowerState
2023-01-03 10:08:59,601 [5f4e8170-34f9-42fb-8ea2-3b8d58ff5808@group-5E2E418421AD-FollowerState] INFO  impl.FollowerState (FollowerState.java:run(152)) - 5f4e8170-34f9-42fb-8ea2-3b8d58ff5808@group-5E2E418421AD-FollowerState was interrupted
2023-01-03 10:08:59,601 [5f4e8170-34f9-42fb-8ea2-3b8d58ff5808@group-5E2E418421AD-FollowerState] INFO  server.RaftServerConfigKeys (ConfUtils.java:logFallback(53)) - raft.server.rpc.first-election.timeout.min = 5s (fallback to raft.server.rpc.timeout.min)
2023-01-03 10:08:59,601 [5f4e8170-34f9-42fb-8ea2-3b8d58ff5808@group-5E2E418421AD-FollowerState] INFO  server.RaftServerConfigKeys (ConfUtils.java:logFallback(53)) - raft.server.rpc.first-election.timeout.max = 5200ms (fallback to raft.server.rpc.timeout.max)
2023-01-03 10:08:59,602 [grpc-default-executor-0] INFO  server.RaftServer$Division (RaftServerImpl.java:requestVote(1251)) - 5f4e8170-34f9-42fb-8ea2-3b8d58ff5808@group-5E2E418421AD replies to ELECTION vote request: 2b04a8b1-164a-4310-98e7-450bb9581035<-5f4e8170-34f9-42fb-8ea2-3b8d58ff5808#0:FAIL-t1. Peer's state: 5f4e8170-34f9-42fb-8ea2-3b8d58ff5808@group-5E2E418421AD:t1, leader=null, voted=null, raftlog=Memoized:5f4e8170-34f9-42fb-8ea2-3b8d58ff5808@group-5E2E418421AD-SegmentedRaftLog:OPENED:c-1, conf=-1: peers:[2b04a8b1-164a-4310-98e7-450bb9581035|rpc:10.1.0.13:40297|dataStream:10.1.0.13:40255|priority:0|startupRole:FOLLOWER, 79f3458c-2c66-4b3a-be39-3ff7abbb9f16|rpc:10.1.0.13:36965|dataStream:10.1.0.13:36199|priority:0|startupRole:FOLLOWER, 5f4e8170-34f9-42fb-8ea2-3b8d58ff5808|rpc:10.1.0.13:43165|dataStream:10.1.0.13:42261|priority:1|startupRole:FOLLOWER]|listeners:[], old=null
2023-01-03 10:08:59,603 [2b04a8b1-164a-4310-98e7-450bb9581035@group-5E2E418421AD-LeaderElection36] INFO  impl.LeaderElection (LeaderElection.java:logAndReturn(90)) - 2b04a8b1-164a-4310-98e7-450bb9581035@group-5E2E418421AD-LeaderElection36: ELECTION REJECTED received 2 response(s) and 0 exception(s):
2023-01-03 10:08:59,603 [2b04a8b1-164a-4310-98e7-450bb9581035@group-5E2E418421AD-LeaderElection36] INFO  impl.LeaderElection (LeaderElection.java:logAndReturn(94)) -   Response 0: 2b04a8b1-164a-4310-98e7-450bb9581035<-79f3458c-2c66-4b3a-be39-3ff7abbb9f16#0:OK-t1
2023-01-03 10:08:59,604 [2b04a8b1-164a-4310-98e7-450bb9581035@group-5E2E418421AD-LeaderElection36] INFO  impl.LeaderElection (LeaderElection.java:logAndReturn(94)) -   Response 1: 2b04a8b1-164a-4310-98e7-450bb9581035<-5f4e8170-34f9-42fb-8ea2-3b8d58ff5808#0:FAIL-t1
2023-01-03 10:08:59,604 [2b04a8b1-164a-4310-98e7-450bb9581035@group-5E2E418421AD-LeaderElection36] INFO  impl.LeaderElection (LeaderElection.java:askForVotes(314)) - 2b04a8b1-164a-4310-98e7-450bb9581035@group-5E2E418421AD-LeaderElection36 ELECTION round 0: result REJECTED
2023-01-03 10:08:59,604 [2b04a8b1-164a-4310-98e7-450bb9581035@group-5E2E418421AD-LeaderElection36] INFO  server.RaftServer$Division (RaftServerImpl.java:setRole(321)) - 2b04a8b1-164a-4310-98e7-450bb9581035@group-5E2E418421AD: changes role from CANDIDATE to FOLLOWER at term 1 for REJECTED
2023-01-03 10:08:59,604 [2b04a8b1-164a-4310-98e7-450bb9581035@group-5E2E418421AD-LeaderElection36] INFO  impl.RoleInfo (RoleInfo.java:shutdownLeaderElection(130)) - 2b04a8b1-164a-4310-98e7-450bb9581035: shutdown 2b04a8b1-164a-4310-98e7-450bb9581035@group-5E2E418421AD-LeaderElection36
2023-01-03 10:08:59,604 [2b04a8b1-164a-4310-98e7-450bb9581035@group-5E2E418421AD-LeaderElection36] INFO  impl.RoleInfo (RoleInfo.java:updateAndGet(139)) - 2b04a8b1-164a-4310-98e7-450bb9581035: start 2b04a8b1-164a-4310-98e7-450bb9581035@group-5E2E418421AD-FollowerState
2023-01-03 10:08:59,604 [2b04a8b1-164a-4310-98e7-450bb9581035@group-5E2E418421AD-FollowerState] INFO  server.RaftServerConfigKeys (ConfUtils.java:logFallback(53)) - raft.server.rpc.first-election.timeout.min = 5s (fallback to raft.server.rpc.timeout.min)
2023-01-03 10:08:59,604 [2b04a8b1-164a-4310-98e7-450bb9581035@group-5E2E418421AD-FollowerState] INFO  server.RaftServerConfigKeys (ConfUtils.java:logFallback(53)) - raft.server.rpc.first-election.timeout.max = 5200ms (fallback to raft.server.rpc.timeout.max)
2023-01-03 10:08:59,658 [EventQueue-CommandQueueReportForCommandQueueReportHandler] WARN  events.EventQueue (EventQueue.java:fireEvent(216)) - No event handler registered for event TypedEvent{payloadType=DatanodeDetails, name='Datanode_Command_Queue_Updated'}
2023-01-03 10:08:59,704 [79f3458c-2c66-4b3a-be39-3ff7abbb9f16@group-621B032D82EB-FollowerState] INFO  impl.FollowerState (FollowerState.java:run(143)) - 79f3458c-2c66-4b3a-be39-3ff7abbb9f16@group-621B032D82EB-FollowerState: change to CANDIDATE, lastRpcElapsedTime:5039450627ns, electionTimeout:5029ms
2023-01-03 10:08:59,704 [79f3458c-2c66-4b3a-be39-3ff7abbb9f16@group-621B032D82EB-FollowerState] INFO  impl.RoleInfo (RoleInfo.java:shutdownFollowerState(110)) - 79f3458c-2c66-4b3a-be39-3ff7abbb9f16: shutdown 79f3458c-2c66-4b3a-be39-3ff7abbb9f16@group-621B032D82EB-FollowerState
2023-01-03 10:08:59,705 [79f3458c-2c66-4b3a-be39-3ff7abbb9f16@group-621B032D82EB-FollowerState] INFO  server.RaftServer$Division (RaftServerImpl.java:setRole(321)) - 79f3458c-2c66-4b3a-be39-3ff7abbb9f16@group-621B032D82EB: changes role from  FOLLOWER to CANDIDATE at term 0 for changeToCandidate
2023-01-03 10:08:59,705 [79f3458c-2c66-4b3a-be39-3ff7abbb9f16@group-621B032D82EB-FollowerState] INFO  server.RaftServerConfigKeys (ConfUtils.java:logGet(46)) - raft.server.leaderelection.pre-vote = false (custom)
2023-01-03 10:08:59,705 [79f3458c-2c66-4b3a-be39-3ff7abbb9f16@group-621B032D82EB-FollowerState] INFO  impl.RoleInfo (RoleInfo.java:updateAndGet(139)) - 79f3458c-2c66-4b3a-be39-3ff7abbb9f16: start 79f3458c-2c66-4b3a-be39-3ff7abbb9f16@group-621B032D82EB-LeaderElection37
2023-01-03 10:08:59,708 [79f3458c-2c66-4b3a-be39-3ff7abbb9f16@group-621B032D82EB-LeaderElection37] INFO  impl.LeaderElection (LeaderElection.java:askForVotes(312)) - 79f3458c-2c66-4b3a-be39-3ff7abbb9f16@group-621B032D82EB-LeaderElection37 ELECTION round 0: submit vote requests at term 1 for -1: peers:[79f3458c-2c66-4b3a-be39-3ff7abbb9f16|rpc:10.1.0.13:36965|dataStream:10.1.0.13:36199|priority:1|startupRole:FOLLOWER]|listeners:[], old=null
2023-01-03 10:08:59,708 [79f3458c-2c66-4b3a-be39-3ff7abbb9f16@group-621B032D82EB-LeaderElection37] INFO  impl.LeaderElection (LeaderElection.java:askForVotes(314)) - 79f3458c-2c66-4b3a-be39-3ff7abbb9f16@group-621B032D82EB-LeaderElection37 ELECTION round 0: result PASSED (term=1)
2023-01-03 10:08:59,708 [79f3458c-2c66-4b3a-be39-3ff7abbb9f16@group-621B032D82EB-LeaderElection37] INFO  impl.RoleInfo (RoleInfo.java:shutdownLeaderElection(130)) - 79f3458c-2c66-4b3a-be39-3ff7abbb9f16: shutdown 79f3458c-2c66-4b3a-be39-3ff7abbb9f16@group-621B032D82EB-LeaderElection37
2023-01-03 10:08:59,708 [79f3458c-2c66-4b3a-be39-3ff7abbb9f16@group-621B032D82EB-LeaderElection37] INFO  server.RaftServer$Division (RaftServerImpl.java:setRole(321)) - 79f3458c-2c66-4b3a-be39-3ff7abbb9f16@group-621B032D82EB: changes role from CANDIDATE to LEADER at term 1 for changeToLeader
2023-01-03 10:08:59,708 [79f3458c-2c66-4b3a-be39-3ff7abbb9f16@group-621B032D82EB-LeaderElection37] INFO  ratis.XceiverServerRatis (XceiverServerRatis.java:handleLeaderChangedNotification(904)) - Leader change notification received for group: group-621B032D82EB with new leaderId: 79f3458c-2c66-4b3a-be39-3ff7abbb9f16
2023-01-03 10:08:59,708 [79f3458c-2c66-4b3a-be39-3ff7abbb9f16@group-621B032D82EB-LeaderElection37] INFO  server.RaftServer$Division (ServerState.java:setLeader(313)) - 79f3458c-2c66-4b3a-be39-3ff7abbb9f16@group-621B032D82EB: change Leader from null to 79f3458c-2c66-4b3a-be39-3ff7abbb9f16 at term 1 for becomeLeader, leader elected after 5053ms
2023-01-03 10:08:59,708 [79f3458c-2c66-4b3a-be39-3ff7abbb9f16@group-621B032D82EB-LeaderElection37] INFO  server.RaftServerConfigKeys (ConfUtils.java:logGet(46)) - raft.server.staging.catchup.gap = 1000 (default)
2023-01-03 10:08:59,709 [EventQueue-CommandQueueReportForCommandQueueReportHandler] WARN  events.EventQueue (EventQueue.java:fireEvent(216)) - No event handler registered for event TypedEvent{payloadType=DatanodeDetails, name='Datanode_Command_Queue_Updated'}
2023-01-03 10:08:59,710 [79f3458c-2c66-4b3a-be39-3ff7abbb9f16@group-621B032D82EB-LeaderElection37] INFO  server.RaftServerConfigKeys (ConfUtils.java:logGet(46)) - raft.server.write.element-limit = 1024 (custom)
2023-01-03 10:08:59,710 [EventQueue-OpenPipelineForHealthyPipelineSafeModeRule] INFO  safemode.SCMSafeModeManager (HealthyPipelineSafeModeRule.java:process(137)) - SCM in safe mode. Healthy pipelines reported count is 0, required healthy pipeline reported count is 1
2023-01-03 10:08:59,710 [79f3458c-2c66-4b3a-be39-3ff7abbb9f16@group-621B032D82EB-LeaderElection37] INFO  server.RaftServerConfigKeys (ConfUtils.java:logGet(46)) - raft.server.write.byte-limit = 1024 M (=1073741824) (custom)
2023-01-03 10:08:59,710 [79f3458c-2c66-4b3a-be39-3ff7abbb9f16@group-621B032D82EB-LeaderElection37] INFO  server.RaftServerConfigKeys (ConfUtils.java:logGet(46)) - raft.server.watch.timeout = 180s (custom)
2023-01-03 10:08:59,710 [79f3458c-2c66-4b3a-be39-3ff7abbb9f16@group-621B032D82EB-LeaderElection37] INFO  server.RaftServerConfigKeys (ConfUtils.java:logGet(46)) - raft.server.watch.timeout.denomination = 1s (default)
2023-01-03 10:08:59,710 [79f3458c-2c66-4b3a-be39-3ff7abbb9f16@group-621B032D82EB-LeaderElection37] INFO  server.RaftServerConfigKeys (ConfUtils.java:logGet(46)) - raft.server.watch.element-limit = 65536 (default)
2023-01-03 10:08:59,710 [79f3458c-2c66-4b3a-be39-3ff7abbb9f16@group-621B032D82EB-LeaderElection37] INFO  server.RaftServerConfigKeys (ConfUtils.java:logGet(46)) - raft.server.write.element-limit = 1024 (custom)
2023-01-03 10:08:59,710 [79f3458c-2c66-4b3a-be39-3ff7abbb9f16@group-621B032D82EB-LeaderElection37] INFO  server.RaftServerConfigKeys (ConfUtils.java:logGet(46)) - raft.server.write.follower.gap.ratio.max = -1.0 (default)
2023-01-03 10:08:59,710 [79f3458c-2c66-4b3a-be39-3ff7abbb9f16@group-621B032D82EB-LeaderElection37] INFO  impl.RoleInfo (RoleInfo.java:updateAndGet(139)) - 79f3458c-2c66-4b3a-be39-3ff7abbb9f16: start 79f3458c-2c66-4b3a-be39-3ff7abbb9f16@group-621B032D82EB-LeaderStateImpl
2023-01-03 10:08:59,710 [79f3458c-2c66-4b3a-be39-3ff7abbb9f16@group-621B032D82EB-LeaderElection37] INFO  segmented.SegmentedRaftLogWorker (SegmentedRaftLogWorker.java:startLogSegment(452)) - 79f3458c-2c66-4b3a-be39-3ff7abbb9f16@group-621B032D82EB-SegmentedRaftLogWorker: Starting segment from index:0
2023-01-03 10:08:59,711 [79f3458c-2c66-4b3a-be39-3ff7abbb9f16@group-621B032D82EB-SegmentedRaftLogWorker] INFO  segmented.SegmentedRaftLogWorker (SegmentedRaftLogWorker.java:execute(656)) - 79f3458c-2c66-4b3a-be39-3ff7abbb9f16@group-621B032D82EB-SegmentedRaftLogWorker: created new log segment /home/runner/work/ozone/ozone/hadoop-ozone/integration-test/target/test-dir/MiniOzoneClusterImpl-1bcd6b1f-11f6-453e-b314-ff0bb9fde82c/datanode-1/data/ratis/103835c5-9812-442d-9bb0-621b032d82eb/current/log_inprogress_0
2023-01-03 10:08:59,712 [79f3458c-2c66-4b3a-be39-3ff7abbb9f16@group-621B032D82EB-LeaderElection37] INFO  server.RaftServer$Division (ServerState.java:setRaftConf(430)) - 79f3458c-2c66-4b3a-be39-3ff7abbb9f16@group-621B032D82EB: set configuration 0: peers:[79f3458c-2c66-4b3a-be39-3ff7abbb9f16|rpc:10.1.0.13:36965|dataStream:10.1.0.13:36199|priority:1|startupRole:FOLLOWER]|listeners:[], old=null
2023-01-03 10:08:59,968 [EventQueue-CommandQueueReportForCommandQueueReportHandler] WARN  events.EventQueue (EventQueue.java:fireEvent(216)) - No event handler registered for event TypedEvent{payloadType=DatanodeDetails, name='Datanode_Command_Queue_Updated'}
2023-01-03 10:09:00,111 [5f4e8170-34f9-42fb-8ea2-3b8d58ff5808@group-83D7EAE2BC9F-FollowerState] INFO  impl.FollowerState (FollowerState.java:run(143)) - 5f4e8170-34f9-42fb-8ea2-3b8d58ff5808@group-83D7EAE2BC9F-FollowerState: change to CANDIDATE, lastRpcElapsedTime:5138399325ns, electionTimeout:5138ms
2023-01-03 10:09:00,111 [5f4e8170-34f9-42fb-8ea2-3b8d58ff5808@group-83D7EAE2BC9F-FollowerState] INFO  impl.RoleInfo (RoleInfo.java:shutdownFollowerState(110)) - 5f4e8170-34f9-42fb-8ea2-3b8d58ff5808: shutdown 5f4e8170-34f9-42fb-8ea2-3b8d58ff5808@group-83D7EAE2BC9F-FollowerState
2023-01-03 10:09:00,111 [5f4e8170-34f9-42fb-8ea2-3b8d58ff5808@group-83D7EAE2BC9F-FollowerState] INFO  server.RaftServer$Division (RaftServerImpl.java:setRole(321)) - 5f4e8170-34f9-42fb-8ea2-3b8d58ff5808@group-83D7EAE2BC9F: changes role from  FOLLOWER to CANDIDATE at term 0 for changeToCandidate
2023-01-03 10:09:00,112 [5f4e8170-34f9-42fb-8ea2-3b8d58ff5808@group-83D7EAE2BC9F-FollowerState] INFO  server.RaftServerConfigKeys (ConfUtils.java:logGet(46)) - raft.server.leaderelection.pre-vote = false (custom)
2023-01-03 10:09:00,112 [5f4e8170-34f9-42fb-8ea2-3b8d58ff5808@group-83D7EAE2BC9F-FollowerState] INFO  impl.RoleInfo (RoleInfo.java:updateAndGet(139)) - 5f4e8170-34f9-42fb-8ea2-3b8d58ff5808: start 5f4e8170-34f9-42fb-8ea2-3b8d58ff5808@group-83D7EAE2BC9F-LeaderElection38
2023-01-03 10:09:00,122 [5f4e8170-34f9-42fb-8ea2-3b8d58ff5808@group-83D7EAE2BC9F-LeaderElection38] INFO  impl.LeaderElection (LeaderElection.java:askForVotes(312)) - 5f4e8170-34f9-42fb-8ea2-3b8d58ff5808@group-83D7EAE2BC9F-LeaderElection38 ELECTION round 0: submit vote requests at term 1 for -1: peers:[5f4e8170-34f9-42fb-8ea2-3b8d58ff5808|rpc:10.1.0.13:43165|dataStream:10.1.0.13:42261|priority:1|startupRole:FOLLOWER]|listeners:[], old=null
2023-01-03 10:09:00,122 [5f4e8170-34f9-42fb-8ea2-3b8d58ff5808@group-83D7EAE2BC9F-LeaderElection38] INFO  impl.LeaderElection (LeaderElection.java:askForVotes(314)) - 5f4e8170-34f9-42fb-8ea2-3b8d58ff5808@group-83D7EAE2BC9F-LeaderElection38 ELECTION round 0: result PASSED (term=1)
2023-01-03 10:09:00,122 [5f4e8170-34f9-42fb-8ea2-3b8d58ff5808@group-83D7EAE2BC9F-LeaderElection38] INFO  impl.RoleInfo (RoleInfo.java:shutdownLeaderElection(130)) - 5f4e8170-34f9-42fb-8ea2-3b8d58ff5808: shutdown 5f4e8170-34f9-42fb-8ea2-3b8d58ff5808@group-83D7EAE2BC9F-LeaderElection38
2023-01-03 10:09:00,122 [5f4e8170-34f9-42fb-8ea2-3b8d58ff5808@group-83D7EAE2BC9F-LeaderElection38] INFO  server.RaftServer$Division (RaftServerImpl.java:setRole(321)) - 5f4e8170-34f9-42fb-8ea2-3b8d58ff5808@group-83D7EAE2BC9F: changes role from CANDIDATE to LEADER at term 1 for changeToLeader
2023-01-03 10:09:00,122 [5f4e8170-34f9-42fb-8ea2-3b8d58ff5808@group-83D7EAE2BC9F-LeaderElection38] INFO  ratis.XceiverServerRatis (XceiverServerRatis.java:handleLeaderChangedNotification(904)) - Leader change notification received for group: group-83D7EAE2BC9F with new leaderId: 5f4e8170-34f9-42fb-8ea2-3b8d58ff5808
2023-01-03 10:09:00,122 [5f4e8170-34f9-42fb-8ea2-3b8d58ff5808@group-83D7EAE2BC9F-LeaderElection38] INFO  server.RaftServer$Division (ServerState.java:setLeader(313)) - 5f4e8170-34f9-42fb-8ea2-3b8d58ff5808@group-83D7EAE2BC9F: change Leader from null to 5f4e8170-34f9-42fb-8ea2-3b8d58ff5808 at term 1 for becomeLeader, leader elected after 5157ms
2023-01-03 10:09:00,122 [5f4e8170-34f9-42fb-8ea2-3b8d58ff5808@group-83D7EAE2BC9F-LeaderElection38] INFO  server.RaftServerConfigKeys (ConfUtils.java:logGet(46)) - raft.server.staging.catchup.gap = 1000 (default)
2023-01-03 10:09:00,123 [5f4e8170-34f9-42fb-8ea2-3b8d58ff5808@group-83D7EAE2BC9F-LeaderElection38] INFO  server.RaftServerConfigKeys (ConfUtils.java:logGet(46)) - raft.server.write.element-limit = 1024 (custom)
2023-01-03 10:09:00,123 [5f4e8170-34f9-42fb-8ea2-3b8d58ff5808@group-83D7EAE2BC9F-LeaderElection38] INFO  server.RaftServerConfigKeys (ConfUtils.java:logGet(46)) - raft.server.write.byte-limit = 1024 M (=1073741824) (custom)
2023-01-03 10:09:00,123 [5f4e8170-34f9-42fb-8ea2-3b8d58ff5808@group-83D7EAE2BC9F-LeaderElection38] INFO  server.RaftServerConfigKeys (ConfUtils.java:logGet(46)) - raft.server.watch.timeout = 180s (custom)
2023-01-03 10:09:00,123 [5f4e8170-34f9-42fb-8ea2-3b8d58ff5808@group-83D7EAE2BC9F-LeaderElection38] INFO  server.RaftServerConfigKeys (ConfUtils.java:logGet(46)) - raft.server.watch.timeout.denomination = 1s (default)
2023-01-03 10:09:00,123 [5f4e8170-34f9-42fb-8ea2-3b8d58ff5808@group-83D7EAE2BC9F-LeaderElection38] INFO  server.RaftServerConfigKeys (ConfUtils.java:logGet(46)) - raft.server.watch.element-limit = 65536 (default)
2023-01-03 10:09:00,123 [5f4e8170-34f9-42fb-8ea2-3b8d58ff5808@group-83D7EAE2BC9F-LeaderElection38] INFO  server.RaftServerConfigKeys (ConfUtils.java:logGet(46)) - raft.server.write.element-limit = 1024 (custom)
2023-01-03 10:09:00,123 [5f4e8170-34f9-42fb-8ea2-3b8d58ff5808@group-83D7EAE2BC9F-LeaderElection38] INFO  server.RaftServerConfigKeys (ConfUtils.java:logGet(46)) - raft.server.write.follower.gap.ratio.max = -1.0 (default)
2023-01-03 10:09:00,123 [5f4e8170-34f9-42fb-8ea2-3b8d58ff5808@group-83D7EAE2BC9F-LeaderElection38] INFO  impl.RoleInfo (RoleInfo.java:updateAndGet(139)) - 5f4e8170-34f9-42fb-8ea2-3b8d58ff5808: start 5f4e8170-34f9-42fb-8ea2-3b8d58ff5808@group-83D7EAE2BC9F-LeaderStateImpl
2023-01-03 10:09:00,123 [EventQueue-CommandQueueReportForCommandQueueReportHandler] WARN  events.EventQueue (EventQueue.java:fireEvent(216)) - No event handler registered for event TypedEvent{payloadType=DatanodeDetails, name='Datanode_Command_Queue_Updated'}
2023-01-03 10:09:00,123 [5f4e8170-34f9-42fb-8ea2-3b8d58ff5808@group-83D7EAE2BC9F-LeaderElection38] INFO  segmented.SegmentedRaftLogWorker (SegmentedRaftLogWorker.java:startLogSegment(452)) - 5f4e8170-34f9-42fb-8ea2-3b8d58ff5808@group-83D7EAE2BC9F-SegmentedRaftLogWorker: Starting segment from index:0
2023-01-03 10:09:00,123 [EventQueue-OpenPipelineForHealthyPipelineSafeModeRule] INFO  safemode.SCMSafeModeManager (HealthyPipelineSafeModeRule.java:process(137)) - SCM in safe mode. Healthy pipelines reported count is 0, required healthy pipeline reported count is 1
2023-01-03 10:09:00,124 [5f4e8170-34f9-42fb-8ea2-3b8d58ff5808@group-83D7EAE2BC9F-SegmentedRaftLogWorker] INFO  segmented.SegmentedRaftLogWorker (SegmentedRaftLogWorker.java:execute(656)) - 5f4e8170-34f9-42fb-8ea2-3b8d58ff5808@group-83D7EAE2BC9F-SegmentedRaftLogWorker: created new log segment /home/runner/work/ozone/ozone/hadoop-ozone/integration-test/target/test-dir/MiniOzoneClusterImpl-1bcd6b1f-11f6-453e-b314-ff0bb9fde82c/datanode-2/data/ratis/b1a02c10-5c9c-4ed5-8a11-83d7eae2bc9f/current/log_inprogress_0
2023-01-03 10:09:00,126 [5f4e8170-34f9-42fb-8ea2-3b8d58ff5808@group-83D7EAE2BC9F-LeaderElection38] INFO  server.RaftServer$Division (ServerState.java:setRaftConf(430)) - 5f4e8170-34f9-42fb-8ea2-3b8d58ff5808@group-83D7EAE2BC9F: set configuration 0: peers:[5f4e8170-34f9-42fb-8ea2-3b8d58ff5808|rpc:10.1.0.13:43165|dataStream:10.1.0.13:42261|priority:1|startupRole:FOLLOWER]|listeners:[], old=null
2023-01-03 10:09:00,288 [EventQueue-CommandQueueReportForCommandQueueReportHandler] WARN  events.EventQueue (EventQueue.java:fireEvent(216)) - No event handler registered for event TypedEvent{payloadType=DatanodeDetails, name='Datanode_Command_Queue_Updated'}
2023-01-03 10:09:00,400 [d48ece42-6afd-4397-aae1-ec0ffb2cc7c4@group-038177DAEB9E-FollowerState] INFO  impl.FollowerState (FollowerState.java:run(143)) - d48ece42-6afd-4397-aae1-ec0ffb2cc7c4@group-038177DAEB9E-FollowerState: change to CANDIDATE, lastRpcElapsedTime:5107412021ns, electionTimeout:5107ms
2023-01-03 10:09:00,400 [d48ece42-6afd-4397-aae1-ec0ffb2cc7c4@group-038177DAEB9E-FollowerState] INFO  impl.RoleInfo (RoleInfo.java:shutdownFollowerState(110)) - d48ece42-6afd-4397-aae1-ec0ffb2cc7c4: shutdown d48ece42-6afd-4397-aae1-ec0ffb2cc7c4@group-038177DAEB9E-FollowerState
2023-01-03 10:09:00,400 [d48ece42-6afd-4397-aae1-ec0ffb2cc7c4@group-038177DAEB9E-FollowerState] INFO  server.RaftServer$Division (RaftServerImpl.java:setRole(321)) - d48ece42-6afd-4397-aae1-ec0ffb2cc7c4@group-038177DAEB9E: changes role from  FOLLOWER to CANDIDATE at term 0 for changeToCandidate
2023-01-03 10:09:00,400 [d48ece42-6afd-4397-aae1-ec0ffb2cc7c4@group-038177DAEB9E-FollowerState] INFO  server.RaftServerConfigKeys (ConfUtils.java:logGet(46)) - raft.server.leaderelection.pre-vote = false (custom)
2023-01-03 10:09:00,400 [d48ece42-6afd-4397-aae1-ec0ffb2cc7c4@group-038177DAEB9E-FollowerState] INFO  impl.RoleInfo (RoleInfo.java:updateAndGet(139)) - d48ece42-6afd-4397-aae1-ec0ffb2cc7c4: start d48ece42-6afd-4397-aae1-ec0ffb2cc7c4@group-038177DAEB9E-LeaderElection39
2023-01-03 10:09:00,411 [d48ece42-6afd-4397-aae1-ec0ffb2cc7c4@group-038177DAEB9E-LeaderElection39] INFO  impl.LeaderElection (LeaderElection.java:askForVotes(312)) - d48ece42-6afd-4397-aae1-ec0ffb2cc7c4@group-038177DAEB9E-LeaderElection39 ELECTION round 0: submit vote requests at term 1 for -1: peers:[d48ece42-6afd-4397-aae1-ec0ffb2cc7c4|rpc:10.1.0.13:34711|dataStream:10.1.0.13:37501|priority:1|startupRole:FOLLOWER]|listeners:[], old=null
2023-01-03 10:09:00,411 [d48ece42-6afd-4397-aae1-ec0ffb2cc7c4@group-038177DAEB9E-LeaderElection39] INFO  impl.LeaderElection (LeaderElection.java:askForVotes(314)) - d48ece42-6afd-4397-aae1-ec0ffb2cc7c4@group-038177DAEB9E-LeaderElection39 ELECTION round 0: result PASSED (term=1)
2023-01-03 10:09:00,411 [d48ece42-6afd-4397-aae1-ec0ffb2cc7c4@group-038177DAEB9E-LeaderElection39] INFO  impl.RoleInfo (RoleInfo.java:shutdownLeaderElection(130)) - d48ece42-6afd-4397-aae1-ec0ffb2cc7c4: shutdown d48ece42-6afd-4397-aae1-ec0ffb2cc7c4@group-038177DAEB9E-LeaderElection39
2023-01-03 10:09:00,411 [d48ece42-6afd-4397-aae1-ec0ffb2cc7c4@group-038177DAEB9E-LeaderElection39] INFO  server.RaftServer$Division (RaftServerImpl.java:setRole(321)) - d48ece42-6afd-4397-aae1-ec0ffb2cc7c4@group-038177DAEB9E: changes role from CANDIDATE to LEADER at term 1 for changeToLeader
2023-01-03 10:09:00,411 [d48ece42-6afd-4397-aae1-ec0ffb2cc7c4@group-038177DAEB9E-LeaderElection39] INFO  ratis.XceiverServerRatis (XceiverServerRatis.java:handleLeaderChangedNotification(904)) - Leader change notification received for group: group-038177DAEB9E with new leaderId: d48ece42-6afd-4397-aae1-ec0ffb2cc7c4
2023-01-03 10:09:00,411 [d48ece42-6afd-4397-aae1-ec0ffb2cc7c4@group-038177DAEB9E-LeaderElection39] INFO  server.RaftServer$Division (ServerState.java:setLeader(313)) - d48ece42-6afd-4397-aae1-ec0ffb2cc7c4@group-038177DAEB9E: change Leader from null to d48ece42-6afd-4397-aae1-ec0ffb2cc7c4 at term 1 for becomeLeader, leader elected after 5127ms
2023-01-03 10:09:00,411 [d48ece42-6afd-4397-aae1-ec0ffb2cc7c4@group-038177DAEB9E-LeaderElection39] INFO  server.RaftServerConfigKeys (ConfUtils.java:logGet(46)) - raft.server.staging.catchup.gap = 1000 (default)
2023-01-03 10:09:00,411 [d48ece42-6afd-4397-aae1-ec0ffb2cc7c4@group-038177DAEB9E-LeaderElection39] INFO  server.RaftServerConfigKeys (ConfUtils.java:logGet(46)) - raft.server.write.element-limit = 1024 (custom)
2023-01-03 10:09:00,412 [d48ece42-6afd-4397-aae1-ec0ffb2cc7c4@group-038177DAEB9E-LeaderElection39] INFO  server.RaftServerConfigKeys (ConfUtils.java:logGet(46)) - raft.server.write.byte-limit = 1024 M (=1073741824) (custom)
2023-01-03 10:09:00,412 [d48ece42-6afd-4397-aae1-ec0ffb2cc7c4@group-038177DAEB9E-LeaderElection39] INFO  server.RaftServerConfigKeys (ConfUtils.java:logGet(46)) - raft.server.watch.timeout = 180s (custom)
2023-01-03 10:09:00,412 [d48ece42-6afd-4397-aae1-ec0ffb2cc7c4@group-038177DAEB9E-LeaderElection39] INFO  server.RaftServerConfigKeys (ConfUtils.java:logGet(46)) - raft.server.watch.timeout.denomination = 1s (default)
2023-01-03 10:09:00,412 [d48ece42-6afd-4397-aae1-ec0ffb2cc7c4@group-038177DAEB9E-LeaderElection39] INFO  server.RaftServerConfigKeys (ConfUtils.java:logGet(46)) - raft.server.watch.element-limit = 65536 (default)
2023-01-03 10:09:00,412 [d48ece42-6afd-4397-aae1-ec0ffb2cc7c4@group-038177DAEB9E-LeaderElection39] INFO  server.RaftServerConfigKeys (ConfUtils.java:logGet(46)) - raft.server.write.element-limit = 1024 (custom)
2023-01-03 10:09:00,412 [d48ece42-6afd-4397-aae1-ec0ffb2cc7c4@group-038177DAEB9E-LeaderElection39] INFO  server.RaftServerConfigKeys (ConfUtils.java:logGet(46)) - raft.server.write.follower.gap.ratio.max = -1.0 (default)
2023-01-03 10:09:00,412 [d48ece42-6afd-4397-aae1-ec0ffb2cc7c4@group-038177DAEB9E-LeaderElection39] INFO  impl.RoleInfo (RoleInfo.java:updateAndGet(139)) - d48ece42-6afd-4397-aae1-ec0ffb2cc7c4: start d48ece42-6afd-4397-aae1-ec0ffb2cc7c4@group-038177DAEB9E-LeaderStateImpl
2023-01-03 10:09:00,412 [d48ece42-6afd-4397-aae1-ec0ffb2cc7c4@group-038177DAEB9E-LeaderElection39] INFO  segmented.SegmentedRaftLogWorker (SegmentedRaftLogWorker.java:startLogSegment(452)) - d48ece42-6afd-4397-aae1-ec0ffb2cc7c4@group-038177DAEB9E-SegmentedRaftLogWorker: Starting segment from index:0
2023-01-03 10:09:00,416 [d48ece42-6afd-4397-aae1-ec0ffb2cc7c4@group-038177DAEB9E-SegmentedRaftLogWorker] INFO  segmented.SegmentedRaftLogWorker (SegmentedRaftLogWorker.java:execute(656)) - d48ece42-6afd-4397-aae1-ec0ffb2cc7c4@group-038177DAEB9E-SegmentedRaftLogWorker: created new log segment /home/runner/work/ozone/ozone/hadoop-ozone/integration-test/target/test-dir/MiniOzoneClusterImpl-1bcd6b1f-11f6-453e-b314-ff0bb9fde82c/datanode-3/data/ratis/e4577e56-a5b1-4088-a3cb-038177daeb9e/current/log_inprogress_0
2023-01-03 10:09:00,418 [EventQueue-OpenPipelineForHealthyPipelineSafeModeRule] INFO  safemode.SCMSafeModeManager (HealthyPipelineSafeModeRule.java:process(137)) - SCM in safe mode. Healthy pipelines reported count is 0, required healthy pipeline reported count is 1
2023-01-03 10:09:00,418 [d48ece42-6afd-4397-aae1-ec0ffb2cc7c4@group-038177DAEB9E-LeaderElection39] INFO  server.RaftServer$Division (ServerState.java:setRaftConf(430)) - d48ece42-6afd-4397-aae1-ec0ffb2cc7c4@group-038177DAEB9E: set configuration 0: peers:[d48ece42-6afd-4397-aae1-ec0ffb2cc7c4|rpc:10.1.0.13:34711|dataStream:10.1.0.13:37501|priority:1|startupRole:FOLLOWER]|listeners:[], old=null
2023-01-03 10:09:00,418 [EventQueue-CommandQueueReportForCommandQueueReportHandler] WARN  events.EventQueue (EventQueue.java:fireEvent(216)) - No event handler registered for event TypedEvent{payloadType=DatanodeDetails, name='Datanode_Command_Queue_Updated'}
2023-01-03 10:09:00,476 [EventQueue-CommandQueueReportForCommandQueueReportHandler] WARN  events.EventQueue (EventQueue.java:fireEvent(216)) - No event handler registered for event TypedEvent{payloadType=DatanodeDetails, name='Datanode_Command_Queue_Updated'}
2023-01-03 10:09:00,575 [Listener at 127.0.0.1/33423] INFO  ozone.MiniOzoneClusterImpl (MiniOzoneClusterImpl.java:lambda$waitForClusterToBeReady$0(217)) - Nodes are ready. Got 5 of 5 DN Heartbeats.
2023-01-03 10:09:00,575 [Listener at 127.0.0.1/33423] INFO  ozone.MiniOzoneClusterImpl (MiniOzoneClusterImpl.java:lambda$waitForClusterToBeReady$0(220)) - Waiting for cluster to exit safe mode
2023-01-03 10:09:00,575 [Listener at 127.0.0.1/33423] INFO  ozone.MiniOzoneClusterImpl (MiniOzoneClusterImpl.java:lambda$waitForClusterToBeReady$0(222)) - SCM became leader
2023-01-03 10:09:00,580 [EventQueue-CommandQueueReportForCommandQueueReportHandler] WARN  events.EventQueue (EventQueue.java:fireEvent(216)) - No event handler registered for event TypedEvent{payloadType=DatanodeDetails, name='Datanode_Command_Queue_Updated'}
2023-01-03 10:09:00,625 [650ee283-e4bb-452b-a208-1b125254dcf6@group-DC02A87AD900-FollowerState] INFO  impl.FollowerState (FollowerState.java:run(143)) - 650ee283-e4bb-452b-a208-1b125254dcf6@group-DC02A87AD900-FollowerState: change to CANDIDATE, lastRpcElapsedTime:5040479506ns, electionTimeout:5040ms
2023-01-03 10:09:00,626 [650ee283-e4bb-452b-a208-1b125254dcf6@group-DC02A87AD900-FollowerState] INFO  impl.RoleInfo (RoleInfo.java:shutdownFollowerState(110)) - 650ee283-e4bb-452b-a208-1b125254dcf6: shutdown 650ee283-e4bb-452b-a208-1b125254dcf6@group-DC02A87AD900-FollowerState
2023-01-03 10:09:00,626 [650ee283-e4bb-452b-a208-1b125254dcf6@group-DC02A87AD900-FollowerState] INFO  server.RaftServer$Division (RaftServerImpl.java:setRole(321)) - 650ee283-e4bb-452b-a208-1b125254dcf6@group-DC02A87AD900: changes role from  FOLLOWER to CANDIDATE at term 0 for changeToCandidate
2023-01-03 10:09:00,626 [650ee283-e4bb-452b-a208-1b125254dcf6@group-DC02A87AD900-FollowerState] INFO  server.RaftServerConfigKeys (ConfUtils.java:logGet(46)) - raft.server.leaderelection.pre-vote = false (custom)
2023-01-03 10:09:00,626 [650ee283-e4bb-452b-a208-1b125254dcf6@group-DC02A87AD900-FollowerState] INFO  impl.RoleInfo (RoleInfo.java:updateAndGet(139)) - 650ee283-e4bb-452b-a208-1b125254dcf6: start 650ee283-e4bb-452b-a208-1b125254dcf6@group-DC02A87AD900-LeaderElection40
2023-01-03 10:09:00,629 [650ee283-e4bb-452b-a208-1b125254dcf6@group-DC02A87AD900-LeaderElection40] INFO  impl.LeaderElection (LeaderElection.java:askForVotes(312)) - 650ee283-e4bb-452b-a208-1b125254dcf6@group-DC02A87AD900-LeaderElection40 ELECTION round 0: submit vote requests at term 1 for -1: peers:[650ee283-e4bb-452b-a208-1b125254dcf6|rpc:10.1.0.13:35579|dataStream:10.1.0.13:40065|priority:1|startupRole:FOLLOWER]|listeners:[], old=null
2023-01-03 10:09:00,629 [650ee283-e4bb-452b-a208-1b125254dcf6@group-DC02A87AD900-LeaderElection40] INFO  impl.LeaderElection (LeaderElection.java:askForVotes(314)) - 650ee283-e4bb-452b-a208-1b125254dcf6@group-DC02A87AD900-LeaderElection40 ELECTION round 0: result PASSED (term=1)
2023-01-03 10:09:00,629 [650ee283-e4bb-452b-a208-1b125254dcf6@group-DC02A87AD900-LeaderElection40] INFO  impl.RoleInfo (RoleInfo.java:shutdownLeaderElection(130)) - 650ee283-e4bb-452b-a208-1b125254dcf6: shutdown 650ee283-e4bb-452b-a208-1b125254dcf6@group-DC02A87AD900-LeaderElection40
2023-01-03 10:09:00,629 [650ee283-e4bb-452b-a208-1b125254dcf6@group-DC02A87AD900-LeaderElection40] INFO  server.RaftServer$Division (RaftServerImpl.java:setRole(321)) - 650ee283-e4bb-452b-a208-1b125254dcf6@group-DC02A87AD900: changes role from CANDIDATE to LEADER at term 1 for changeToLeader
2023-01-03 10:09:00,629 [650ee283-e4bb-452b-a208-1b125254dcf6@group-DC02A87AD900-LeaderElection40] INFO  ratis.XceiverServerRatis (XceiverServerRatis.java:handleLeaderChangedNotification(904)) - Leader change notification received for group: group-DC02A87AD900 with new leaderId: 650ee283-e4bb-452b-a208-1b125254dcf6
2023-01-03 10:09:00,629 [650ee283-e4bb-452b-a208-1b125254dcf6@group-DC02A87AD900-LeaderElection40] INFO  server.RaftServer$Division (ServerState.java:setLeader(313)) - 650ee283-e4bb-452b-a208-1b125254dcf6@group-DC02A87AD900: change Leader from null to 650ee283-e4bb-452b-a208-1b125254dcf6 at term 1 for becomeLeader, leader elected after 5054ms
2023-01-03 10:09:00,629 [650ee283-e4bb-452b-a208-1b125254dcf6@group-DC02A87AD900-LeaderElection40] INFO  server.RaftServerConfigKeys (ConfUtils.java:logGet(46)) - raft.server.staging.catchup.gap = 1000 (default)
2023-01-03 10:09:00,629 [650ee283-e4bb-452b-a208-1b125254dcf6@group-DC02A87AD900-LeaderElection40] INFO  server.RaftServerConfigKeys (ConfUtils.java:logGet(46)) - raft.server.write.element-limit = 1024 (custom)
2023-01-03 10:09:00,629 [650ee283-e4bb-452b-a208-1b125254dcf6@group-DC02A87AD900-LeaderElection40] INFO  server.RaftServerConfigKeys (ConfUtils.java:logGet(46)) - raft.server.write.byte-limit = 1024 M (=1073741824) (custom)
2023-01-03 10:09:00,630 [EventQueue-CommandQueueReportForCommandQueueReportHandler] WARN  events.EventQueue (EventQueue.java:fireEvent(216)) - No event handler registered for event TypedEvent{payloadType=DatanodeDetails, name='Datanode_Command_Queue_Updated'}
2023-01-03 10:09:00,630 [EventQueue-OpenPipelineForHealthyPipelineSafeModeRule] INFO  safemode.SCMSafeModeManager (HealthyPipelineSafeModeRule.java:process(137)) - SCM in safe mode. Healthy pipelines reported count is 0, required healthy pipeline reported count is 1
2023-01-03 10:09:00,630 [650ee283-e4bb-452b-a208-1b125254dcf6@group-DC02A87AD900-LeaderElection40] INFO  server.RaftServerConfigKeys (ConfUtils.java:logGet(46)) - raft.server.watch.timeout = 180s (custom)
2023-01-03 10:09:00,630 [650ee283-e4bb-452b-a208-1b125254dcf6@group-DC02A87AD900-LeaderElection40] INFO  server.RaftServerConfigKeys (ConfUtils.java:logGet(46)) - raft.server.watch.timeout.denomination = 1s (default)
2023-01-03 10:09:00,630 [650ee283-e4bb-452b-a208-1b125254dcf6@group-DC02A87AD900-LeaderElection40] INFO  server.RaftServerConfigKeys (ConfUtils.java:logGet(46)) - raft.server.watch.element-limit = 65536 (default)
2023-01-03 10:09:00,630 [650ee283-e4bb-452b-a208-1b125254dcf6@group-DC02A87AD900-LeaderElection40] INFO  server.RaftServerConfigKeys (ConfUtils.java:logGet(46)) - raft.server.write.element-limit = 1024 (custom)
2023-01-03 10:09:00,630 [650ee283-e4bb-452b-a208-1b125254dcf6@group-DC02A87AD900-LeaderElection40] INFO  server.RaftServerConfigKeys (ConfUtils.java:logGet(46)) - raft.server.write.follower.gap.ratio.max = -1.0 (default)
2023-01-03 10:09:00,630 [650ee283-e4bb-452b-a208-1b125254dcf6@group-DC02A87AD900-LeaderElection40] INFO  impl.RoleInfo (RoleInfo.java:updateAndGet(139)) - 650ee283-e4bb-452b-a208-1b125254dcf6: start 650ee283-e4bb-452b-a208-1b125254dcf6@group-DC02A87AD900-LeaderStateImpl
2023-01-03 10:09:00,630 [650ee283-e4bb-452b-a208-1b125254dcf6@group-DC02A87AD900-LeaderElection40] INFO  segmented.SegmentedRaftLogWorker (SegmentedRaftLogWorker.java:startLogSegment(452)) - 650ee283-e4bb-452b-a208-1b125254dcf6@group-DC02A87AD900-SegmentedRaftLogWorker: Starting segment from index:0
2023-01-03 10:09:00,642 [650ee283-e4bb-452b-a208-1b125254dcf6@group-DC02A87AD900-LeaderElection40] INFO  server.RaftServer$Division (ServerState.java:setRaftConf(430)) - 650ee283-e4bb-452b-a208-1b125254dcf6@group-DC02A87AD900: set configuration 0: peers:[650ee283-e4bb-452b-a208-1b125254dcf6|rpc:10.1.0.13:35579|dataStream:10.1.0.13:40065|priority:1|startupRole:FOLLOWER]|listeners:[], old=null
2023-01-03 10:09:00,643 [650ee283-e4bb-452b-a208-1b125254dcf6@group-DC02A87AD900-SegmentedRaftLogWorker] INFO  segmented.SegmentedRaftLogWorker (SegmentedRaftLogWorker.java:execute(656)) - 650ee283-e4bb-452b-a208-1b125254dcf6@group-DC02A87AD900-SegmentedRaftLogWorker: created new log segment /home/runner/work/ozone/ozone/hadoop-ozone/integration-test/target/test-dir/MiniOzoneClusterImpl-1bcd6b1f-11f6-453e-b314-ff0bb9fde82c/datanode-4/data/ratis/3013a338-cbb6-42ce-8736-dc02a87ad900/current/log_inprogress_0
2023-01-03 10:09:00,709 [EventQueue-CommandQueueReportForCommandQueueReportHandler] WARN  events.EventQueue (EventQueue.java:fireEvent(216)) - No event handler registered for event TypedEvent{payloadType=DatanodeDetails, name='Datanode_Command_Queue_Updated'}
2023-01-03 10:09:01,123 [EventQueue-CommandQueueReportForCommandQueueReportHandler] WARN  events.EventQueue (EventQueue.java:fireEvent(216)) - No event handler registered for event TypedEvent{payloadType=DatanodeDetails, name='Datanode_Command_Queue_Updated'}
2023-01-03 10:09:01,412 [EventQueue-CommandQueueReportForCommandQueueReportHandler] WARN  events.EventQueue (EventQueue.java:fireEvent(216)) - No event handler registered for event TypedEvent{payloadType=DatanodeDetails, name='Datanode_Command_Queue_Updated'}
2023-01-03 10:09:01,475 [EventQueue-CommandQueueReportForCommandQueueReportHandler] WARN  events.EventQueue (EventQueue.java:fireEvent(216)) - No event handler registered for event TypedEvent{payloadType=DatanodeDetails, name='Datanode_Command_Queue_Updated'}
2023-01-03 10:09:01,575 [Listener at 127.0.0.1/33423] INFO  ozone.MiniOzoneClusterImpl (MiniOzoneClusterImpl.java:lambda$waitForClusterToBeReady$0(217)) - Nodes are ready. Got 5 of 5 DN Heartbeats.
2023-01-03 10:09:01,575 [Listener at 127.0.0.1/33423] INFO  ozone.MiniOzoneClusterImpl (MiniOzoneClusterImpl.java:lambda$waitForClusterToBeReady$0(220)) - Waiting for cluster to exit safe mode
2023-01-03 10:09:01,575 [Listener at 127.0.0.1/33423] INFO  ozone.MiniOzoneClusterImpl (MiniOzoneClusterImpl.java:lambda$waitForClusterToBeReady$0(222)) - SCM became leader
2023-01-03 10:09:01,629 [EventQueue-CommandQueueReportForCommandQueueReportHandler] WARN  events.EventQueue (EventQueue.java:fireEvent(216)) - No event handler registered for event TypedEvent{payloadType=DatanodeDetails, name='Datanode_Command_Queue_Updated'}
2023-01-03 10:09:01,709 [EventQueue-CommandQueueReportForCommandQueueReportHandler] WARN  events.EventQueue (EventQueue.java:fireEvent(216)) - No event handler registered for event TypedEvent{payloadType=DatanodeDetails, name='Datanode_Command_Queue_Updated'}
2023-01-03 10:09:02,124 [EventQueue-CommandQueueReportForCommandQueueReportHandler] WARN  events.EventQueue (EventQueue.java:fireEvent(216)) - No event handler registered for event TypedEvent{payloadType=DatanodeDetails, name='Datanode_Command_Queue_Updated'}
2023-01-03 10:09:02,411 [EventQueue-CommandQueueReportForCommandQueueReportHandler] WARN  events.EventQueue (EventQueue.java:fireEvent(216)) - No event handler registered for event TypedEvent{payloadType=DatanodeDetails, name='Datanode_Command_Queue_Updated'}
2023-01-03 10:09:02,476 [EventQueue-CommandQueueReportForCommandQueueReportHandler] WARN  events.EventQueue (EventQueue.java:fireEvent(216)) - No event handler registered for event TypedEvent{payloadType=DatanodeDetails, name='Datanode_Command_Queue_Updated'}
2023-01-03 10:09:02,576 [Listener at 127.0.0.1/33423] INFO  ozone.MiniOzoneClusterImpl (MiniOzoneClusterImpl.java:lambda$waitForClusterToBeReady$0(217)) - Nodes are ready. Got 5 of 5 DN Heartbeats.
2023-01-03 10:09:02,576 [Listener at 127.0.0.1/33423] INFO  ozone.MiniOzoneClusterImpl (MiniOzoneClusterImpl.java:lambda$waitForClusterToBeReady$0(220)) - Waiting for cluster to exit safe mode
2023-01-03 10:09:02,576 [Listener at 127.0.0.1/33423] INFO  ozone.MiniOzoneClusterImpl (MiniOzoneClusterImpl.java:lambda$waitForClusterToBeReady$0(222)) - SCM became leader
2023-01-03 10:09:02,629 [EventQueue-CommandQueueReportForCommandQueueReportHandler] WARN  events.EventQueue (EventQueue.java:fireEvent(216)) - No event handler registered for event TypedEvent{payloadType=DatanodeDetails, name='Datanode_Command_Queue_Updated'}
2023-01-03 10:09:02,709 [EventQueue-CommandQueueReportForCommandQueueReportHandler] WARN  events.EventQueue (EventQueue.java:fireEvent(216)) - No event handler registered for event TypedEvent{payloadType=DatanodeDetails, name='Datanode_Command_Queue_Updated'}
2023-01-03 10:09:03,124 [EventQueue-CommandQueueReportForCommandQueueReportHandler] WARN  events.EventQueue (EventQueue.java:fireEvent(216)) - No event handler registered for event TypedEvent{payloadType=DatanodeDetails, name='Datanode_Command_Queue_Updated'}
2023-01-03 10:09:03,412 [EventQueue-CommandQueueReportForCommandQueueReportHandler] WARN  events.EventQueue (EventQueue.java:fireEvent(216)) - No event handler registered for event TypedEvent{payloadType=DatanodeDetails, name='Datanode_Command_Queue_Updated'}
2023-01-03 10:09:03,477 [EventQueue-CommandQueueReportForCommandQueueReportHandler] WARN  events.EventQueue (EventQueue.java:fireEvent(216)) - No event handler registered for event TypedEvent{payloadType=DatanodeDetails, name='Datanode_Command_Queue_Updated'}
2023-01-03 10:09:03,576 [Listener at 127.0.0.1/33423] INFO  ozone.MiniOzoneClusterImpl (MiniOzoneClusterImpl.java:lambda$waitForClusterToBeReady$0(217)) - Nodes are ready. Got 5 of 5 DN Heartbeats.
2023-01-03 10:09:03,576 [Listener at 127.0.0.1/33423] INFO  ozone.MiniOzoneClusterImpl (MiniOzoneClusterImpl.java:lambda$waitForClusterToBeReady$0(220)) - Waiting for cluster to exit safe mode
2023-01-03 10:09:03,576 [Listener at 127.0.0.1/33423] INFO  ozone.MiniOzoneClusterImpl (MiniOzoneClusterImpl.java:lambda$waitForClusterToBeReady$0(222)) - SCM became leader
2023-01-03 10:09:03,630 [EventQueue-CommandQueueReportForCommandQueueReportHandler] WARN  events.EventQueue (EventQueue.java:fireEvent(216)) - No event handler registered for event TypedEvent{payloadType=DatanodeDetails, name='Datanode_Command_Queue_Updated'}
2023-01-03 10:09:03,708 [EventQueue-CommandQueueReportForCommandQueueReportHandler] WARN  events.EventQueue (EventQueue.java:fireEvent(216)) - No event handler registered for event TypedEvent{payloadType=DatanodeDetails, name='Datanode_Command_Queue_Updated'}
2023-01-03 10:09:04,124 [EventQueue-CommandQueueReportForCommandQueueReportHandler] WARN  events.EventQueue (EventQueue.java:fireEvent(216)) - No event handler registered for event TypedEvent{payloadType=DatanodeDetails, name='Datanode_Command_Queue_Updated'}
2023-01-03 10:09:04,413 [EventQueue-CommandQueueReportForCommandQueueReportHandler] WARN  events.EventQueue (EventQueue.java:fireEvent(216)) - No event handler registered for event TypedEvent{payloadType=DatanodeDetails, name='Datanode_Command_Queue_Updated'}
2023-01-03 10:09:04,476 [EventQueue-CommandQueueReportForCommandQueueReportHandler] WARN  events.EventQueue (EventQueue.java:fireEvent(216)) - No event handler registered for event TypedEvent{payloadType=DatanodeDetails, name='Datanode_Command_Queue_Updated'}
2023-01-03 10:09:04,576 [Listener at 127.0.0.1/33423] INFO  ozone.MiniOzoneClusterImpl (MiniOzoneClusterImpl.java:lambda$waitForClusterToBeReady$0(217)) - Nodes are ready. Got 5 of 5 DN Heartbeats.
2023-01-03 10:09:04,577 [Listener at 127.0.0.1/33423] INFO  ozone.MiniOzoneClusterImpl (MiniOzoneClusterImpl.java:lambda$waitForClusterToBeReady$0(220)) - Waiting for cluster to exit safe mode
2023-01-03 10:09:04,577 [Listener at 127.0.0.1/33423] INFO  ozone.MiniOzoneClusterImpl (MiniOzoneClusterImpl.java:lambda$waitForClusterToBeReady$0(222)) - SCM became leader
2023-01-03 10:09:04,602 [5f4e8170-34f9-42fb-8ea2-3b8d58ff5808@group-8E8DD5C4C90A-FollowerState] INFO  impl.FollowerState (FollowerState.java:run(143)) - 5f4e8170-34f9-42fb-8ea2-3b8d58ff5808@group-8E8DD5C4C90A-FollowerState: change to CANDIDATE, lastRpcElapsedTime:5062108171ns, electionTimeout:5062ms
2023-01-03 10:09:04,602 [5f4e8170-34f9-42fb-8ea2-3b8d58ff5808@group-8E8DD5C4C90A-FollowerState] INFO  impl.RoleInfo (RoleInfo.java:shutdownFollowerState(110)) - 5f4e8170-34f9-42fb-8ea2-3b8d58ff5808: shutdown 5f4e8170-34f9-42fb-8ea2-3b8d58ff5808@group-8E8DD5C4C90A-FollowerState
2023-01-03 10:09:04,602 [5f4e8170-34f9-42fb-8ea2-3b8d58ff5808@group-8E8DD5C4C90A-FollowerState] INFO  server.RaftServer$Division (RaftServerImpl.java:setRole(321)) - 5f4e8170-34f9-42fb-8ea2-3b8d58ff5808@group-8E8DD5C4C90A: changes role from  FOLLOWER to CANDIDATE at term 1 for changeToCandidate
2023-01-03 10:09:04,602 [5f4e8170-34f9-42fb-8ea2-3b8d58ff5808@group-8E8DD5C4C90A-FollowerState] INFO  server.RaftServerConfigKeys (ConfUtils.java:logGet(46)) - raft.server.leaderelection.pre-vote = false (custom)
2023-01-03 10:09:04,602 [5f4e8170-34f9-42fb-8ea2-3b8d58ff5808@group-8E8DD5C4C90A-FollowerState] INFO  impl.RoleInfo (RoleInfo.java:updateAndGet(139)) - 5f4e8170-34f9-42fb-8ea2-3b8d58ff5808: start 5f4e8170-34f9-42fb-8ea2-3b8d58ff5808@group-8E8DD5C4C90A-LeaderElection41
2023-01-03 10:09:04,605 [5f4e8170-34f9-42fb-8ea2-3b8d58ff5808@group-8E8DD5C4C90A-LeaderElection41] INFO  impl.LeaderElection (LeaderElection.java:askForVotes(312)) - 5f4e8170-34f9-42fb-8ea2-3b8d58ff5808@group-8E8DD5C4C90A-LeaderElection41 ELECTION round 0: submit vote requests at term 2 for -1: peers:[2b04a8b1-164a-4310-98e7-450bb9581035|rpc:10.1.0.13:40297|dataStream:10.1.0.13:40255|priority:0|startupRole:FOLLOWER, 79f3458c-2c66-4b3a-be39-3ff7abbb9f16|rpc:10.1.0.13:36965|dataStream:10.1.0.13:36199|priority:1|startupRole:FOLLOWER, 5f4e8170-34f9-42fb-8ea2-3b8d58ff5808|rpc:10.1.0.13:43165|dataStream:10.1.0.13:42261|priority:0|startupRole:FOLLOWER]|listeners:[], old=null
2023-01-03 10:09:04,605 [5f4e8170-34f9-42fb-8ea2-3b8d58ff5808@group-8E8DD5C4C90A-LeaderElection41] INFO  server.RaftServerConfigKeys (ConfUtils.java:logFallback(53)) - raft.server.rpc.first-election.timeout.min = 5s (fallback to raft.server.rpc.timeout.min)
2023-01-03 10:09:04,605 [5f4e8170-34f9-42fb-8ea2-3b8d58ff5808@group-8E8DD5C4C90A-LeaderElection41-1] INFO  server.GrpcServerProtocolClient (GrpcServerProtocolClient.java:<init>(63)) - Build channel for 2b04a8b1-164a-4310-98e7-450bb9581035
2023-01-03 10:09:04,605 [5f4e8170-34f9-42fb-8ea2-3b8d58ff5808@group-8E8DD5C4C90A-LeaderElection41-2] INFO  server.GrpcServerProtocolClient (GrpcServerProtocolClient.java:<init>(63)) - Build channel for 79f3458c-2c66-4b3a-be39-3ff7abbb9f16
2023-01-03 10:09:04,605 [5f4e8170-34f9-42fb-8ea2-3b8d58ff5808@group-8E8DD5C4C90A-LeaderElection41] INFO  server.RaftServerConfigKeys (ConfUtils.java:logFallback(53)) - raft.server.rpc.first-election.timeout.max = 5200ms (fallback to raft.server.rpc.timeout.max)
2023-01-03 10:09:04,613 [grpc-default-executor-0] INFO  server.RaftServer$Division (RaftServerImpl.java:requestVote(1218)) - 2b04a8b1-164a-4310-98e7-450bb9581035@group-8E8DD5C4C90A: receive requestVote(ELECTION, 5f4e8170-34f9-42fb-8ea2-3b8d58ff5808, group-8E8DD5C4C90A, 2, (t:0, i:0))
2023-01-03 10:09:04,613 [grpc-default-executor-0] INFO  impl.VoteContext (VoteContext.java:log(49)) - 2b04a8b1-164a-4310-98e7-450bb9581035@group-8E8DD5C4C90A-FOLLOWER: accept ELECTION from 5f4e8170-34f9-42fb-8ea2-3b8d58ff5808: our priority 0 <= candidate's priority 0
2023-01-03 10:09:04,613 [grpc-default-executor-0] INFO  server.RaftServer$Division (RaftServerImpl.java:setRole(321)) - 2b04a8b1-164a-4310-98e7-450bb9581035@group-8E8DD5C4C90A: changes role from  FOLLOWER to FOLLOWER at term 2 for candidate:5f4e8170-34f9-42fb-8ea2-3b8d58ff5808
2023-01-03 10:09:04,613 [grpc-default-executor-0] INFO  impl.RoleInfo (RoleInfo.java:shutdownFollowerState(110)) - 2b04a8b1-164a-4310-98e7-450bb9581035: shutdown 2b04a8b1-164a-4310-98e7-450bb9581035@group-8E8DD5C4C90A-FollowerState
2023-01-03 10:09:04,613 [grpc-default-executor-0] INFO  impl.RoleInfo (RoleInfo.java:updateAndGet(139)) - 2b04a8b1-164a-4310-98e7-450bb9581035: start 2b04a8b1-164a-4310-98e7-450bb9581035@group-8E8DD5C4C90A-FollowerState
2023-01-03 10:09:04,613 [2b04a8b1-164a-4310-98e7-450bb9581035@group-8E8DD5C4C90A-FollowerState] INFO  impl.FollowerState (FollowerState.java:run(152)) - 2b04a8b1-164a-4310-98e7-450bb9581035@group-8E8DD5C4C90A-FollowerState was interrupted
2023-01-03 10:09:04,614 [2b04a8b1-164a-4310-98e7-450bb9581035@group-8E8DD5C4C90A-FollowerState] INFO  server.RaftServerConfigKeys (ConfUtils.java:logFallback(53)) - raft.server.rpc.first-election.timeout.min = 5s (fallback to raft.server.rpc.timeout.min)
2023-01-03 10:09:04,614 [2b04a8b1-164a-4310-98e7-450bb9581035@group-8E8DD5C4C90A-FollowerState] INFO  server.RaftServerConfigKeys (ConfUtils.java:logFallback(53)) - raft.server.rpc.first-election.timeout.max = 5200ms (fallback to raft.server.rpc.timeout.max)
2023-01-03 10:09:04,615 [grpc-default-executor-1] INFO  server.RaftServer$Division (RaftServerImpl.java:requestVote(1218)) - 79f3458c-2c66-4b3a-be39-3ff7abbb9f16@group-8E8DD5C4C90A: receive requestVote(ELECTION, 5f4e8170-34f9-42fb-8ea2-3b8d58ff5808, group-8E8DD5C4C90A, 2, (t:0, i:0))
2023-01-03 10:09:04,615 [grpc-default-executor-0] INFO  server.RaftServer$Division (RaftServerImpl.java:requestVote(1251)) - 2b04a8b1-164a-4310-98e7-450bb9581035@group-8E8DD5C4C90A replies to ELECTION vote request: 5f4e8170-34f9-42fb-8ea2-3b8d58ff5808<-2b04a8b1-164a-4310-98e7-450bb9581035#0:OK-t2. Peer's state: 2b04a8b1-164a-4310-98e7-450bb9581035@group-8E8DD5C4C90A:t2, leader=null, voted=5f4e8170-34f9-42fb-8ea2-3b8d58ff5808, raftlog=Memoized:2b04a8b1-164a-4310-98e7-450bb9581035@group-8E8DD5C4C90A-SegmentedRaftLog:OPENED:c-1, conf=-1: peers:[2b04a8b1-164a-4310-98e7-450bb9581035|rpc:10.1.0.13:40297|dataStream:10.1.0.13:40255|priority:0|startupRole:FOLLOWER, 79f3458c-2c66-4b3a-be39-3ff7abbb9f16|rpc:10.1.0.13:36965|dataStream:10.1.0.13:36199|priority:1|startupRole:FOLLOWER, 5f4e8170-34f9-42fb-8ea2-3b8d58ff5808|rpc:10.1.0.13:43165|dataStream:10.1.0.13:42261|priority:0|startupRole:FOLLOWER]|listeners:[], old=null
2023-01-03 10:09:04,615 [grpc-default-executor-1] INFO  impl.VoteContext (VoteContext.java:log(49)) - 79f3458c-2c66-4b3a-be39-3ff7abbb9f16@group-8E8DD5C4C90A-FOLLOWER: reject ELECTION from 5f4e8170-34f9-42fb-8ea2-3b8d58ff5808: our priority 1 > candidate's priority 0
2023-01-03 10:09:04,616 [grpc-default-executor-1] INFO  server.RaftServer$Division (RaftServerImpl.java:setRole(321)) - 79f3458c-2c66-4b3a-be39-3ff7abbb9f16@group-8E8DD5C4C90A: changes role from  FOLLOWER to FOLLOWER at term 2 for candidate:5f4e8170-34f9-42fb-8ea2-3b8d58ff5808
2023-01-03 10:09:04,616 [grpc-default-executor-1] INFO  impl.RoleInfo (RoleInfo.java:shutdownFollowerState(110)) - 79f3458c-2c66-4b3a-be39-3ff7abbb9f16: shutdown 79f3458c-2c66-4b3a-be39-3ff7abbb9f16@group-8E8DD5C4C90A-FollowerState
2023-01-03 10:09:04,616 [grpc-default-executor-1] INFO  impl.RoleInfo (RoleInfo.java:updateAndGet(139)) - 79f3458c-2c66-4b3a-be39-3ff7abbb9f16: start 79f3458c-2c66-4b3a-be39-3ff7abbb9f16@group-8E8DD5C4C90A-FollowerState
2023-01-03 10:09:04,616 [79f3458c-2c66-4b3a-be39-3ff7abbb9f16@group-8E8DD5C4C90A-FollowerState] INFO  impl.FollowerState (FollowerState.java:run(152)) - 79f3458c-2c66-4b3a-be39-3ff7abbb9f16@group-8E8DD5C4C90A-FollowerState was interrupted
2023-01-03 10:09:04,617 [79f3458c-2c66-4b3a-be39-3ff7abbb9f16@group-8E8DD5C4C90A-FollowerState] INFO  server.RaftServerConfigKeys (ConfUtils.java:logFallback(53)) - raft.server.rpc.first-election.timeout.min = 5s (fallback to raft.server.rpc.timeout.min)
2023-01-03 10:09:04,617 [79f3458c-2c66-4b3a-be39-3ff7abbb9f16@group-8E8DD5C4C90A-FollowerState] INFO  server.RaftServerConfigKeys (ConfUtils.java:logFallback(53)) - raft.server.rpc.first-election.timeout.max = 5200ms (fallback to raft.server.rpc.timeout.max)
2023-01-03 10:09:04,617 [grpc-default-executor-1] INFO  server.RaftServer$Division (RaftServerImpl.java:requestVote(1251)) - 79f3458c-2c66-4b3a-be39-3ff7abbb9f16@group-8E8DD5C4C90A replies to ELECTION vote request: 5f4e8170-34f9-42fb-8ea2-3b8d58ff5808<-79f3458c-2c66-4b3a-be39-3ff7abbb9f16#0:FAIL-t2. Peer's state: 79f3458c-2c66-4b3a-be39-3ff7abbb9f16@group-8E8DD5C4C90A:t2, leader=null, voted=null, raftlog=Memoized:79f3458c-2c66-4b3a-be39-3ff7abbb9f16@group-8E8DD5C4C90A-SegmentedRaftLog:OPENED:c-1, conf=-1: peers:[2b04a8b1-164a-4310-98e7-450bb9581035|rpc:10.1.0.13:40297|dataStream:10.1.0.13:40255|priority:0|startupRole:FOLLOWER, 79f3458c-2c66-4b3a-be39-3ff7abbb9f16|rpc:10.1.0.13:36965|dataStream:10.1.0.13:36199|priority:1|startupRole:FOLLOWER, 5f4e8170-34f9-42fb-8ea2-3b8d58ff5808|rpc:10.1.0.13:43165|dataStream:10.1.0.13:42261|priority:0|startupRole:FOLLOWER]|listeners:[], old=null
2023-01-03 10:09:04,618 [5f4e8170-34f9-42fb-8ea2-3b8d58ff5808@group-8E8DD5C4C90A-LeaderElection41] INFO  impl.LeaderElection (LeaderElection.java:logAndReturn(90)) - 5f4e8170-34f9-42fb-8ea2-3b8d58ff5808@group-8E8DD5C4C90A-LeaderElection41: ELECTION REJECTED received 2 response(s) and 0 exception(s):
2023-01-03 10:09:04,618 [5f4e8170-34f9-42fb-8ea2-3b8d58ff5808@group-8E8DD5C4C90A-LeaderElection41] INFO  impl.LeaderElection (LeaderElection.java:logAndReturn(94)) -   Response 0: 5f4e8170-34f9-42fb-8ea2-3b8d58ff5808<-2b04a8b1-164a-4310-98e7-450bb9581035#0:OK-t2
2023-01-03 10:09:04,618 [5f4e8170-34f9-42fb-8ea2-3b8d58ff5808@group-8E8DD5C4C90A-LeaderElection41] INFO  impl.LeaderElection (LeaderElection.java:logAndReturn(94)) -   Response 1: 5f4e8170-34f9-42fb-8ea2-3b8d58ff5808<-79f3458c-2c66-4b3a-be39-3ff7abbb9f16#0:FAIL-t2
2023-01-03 10:09:04,618 [5f4e8170-34f9-42fb-8ea2-3b8d58ff5808@group-8E8DD5C4C90A-LeaderElection41] INFO  impl.LeaderElection (LeaderElection.java:askForVotes(314)) - 5f4e8170-34f9-42fb-8ea2-3b8d58ff5808@group-8E8DD5C4C90A-LeaderElection41 ELECTION round 0: result REJECTED
2023-01-03 10:09:04,618 [5f4e8170-34f9-42fb-8ea2-3b8d58ff5808@group-8E8DD5C4C90A-LeaderElection41] INFO  server.RaftServer$Division (RaftServerImpl.java:setRole(321)) - 5f4e8170-34f9-42fb-8ea2-3b8d58ff5808@group-8E8DD5C4C90A: changes role from CANDIDATE to FOLLOWER at term 2 for REJECTED
2023-01-03 10:09:04,618 [5f4e8170-34f9-42fb-8ea2-3b8d58ff5808@group-8E8DD5C4C90A-LeaderElection41] INFO  impl.RoleInfo (RoleInfo.java:shutdownLeaderElection(130)) - 5f4e8170-34f9-42fb-8ea2-3b8d58ff5808: shutdown 5f4e8170-34f9-42fb-8ea2-3b8d58ff5808@group-8E8DD5C4C90A-LeaderElection41
2023-01-03 10:09:04,619 [5f4e8170-34f9-42fb-8ea2-3b8d58ff5808@group-8E8DD5C4C90A-LeaderElection41] INFO  impl.RoleInfo (RoleInfo.java:updateAndGet(139)) - 5f4e8170-34f9-42fb-8ea2-3b8d58ff5808: start 5f4e8170-34f9-42fb-8ea2-3b8d58ff5808@group-8E8DD5C4C90A-FollowerState
2023-01-03 10:09:04,622 [5f4e8170-34f9-42fb-8ea2-3b8d58ff5808@group-8E8DD5C4C90A-FollowerState] INFO  server.RaftServerConfigKeys (ConfUtils.java:logFallback(53)) - raft.server.rpc.first-election.timeout.min = 5s (fallback to raft.server.rpc.timeout.min)
2023-01-03 10:09:04,622 [5f4e8170-34f9-42fb-8ea2-3b8d58ff5808@group-8E8DD5C4C90A-FollowerState] INFO  server.RaftServerConfigKeys (ConfUtils.java:logFallback(53)) - raft.server.rpc.first-election.timeout.max = 5200ms (fallback to raft.server.rpc.timeout.max)
2023-01-03 10:09:04,629 [79f3458c-2c66-4b3a-be39-3ff7abbb9f16@group-5E2E418421AD-FollowerState] INFO  impl.FollowerState (FollowerState.java:run(143)) - 79f3458c-2c66-4b3a-be39-3ff7abbb9f16@group-5E2E418421AD-FollowerState: change to CANDIDATE, lastRpcElapsedTime:5029614571ns, electionTimeout:5029ms
2023-01-03 10:09:04,629 [79f3458c-2c66-4b3a-be39-3ff7abbb9f16@group-5E2E418421AD-FollowerState] INFO  impl.RoleInfo (RoleInfo.java:shutdownFollowerState(110)) - 79f3458c-2c66-4b3a-be39-3ff7abbb9f16: shutdown 79f3458c-2c66-4b3a-be39-3ff7abbb9f16@group-5E2E418421AD-FollowerState
2023-01-03 10:09:04,629 [79f3458c-2c66-4b3a-be39-3ff7abbb9f16@group-5E2E418421AD-FollowerState] INFO  server.RaftServer$Division (RaftServerImpl.java:setRole(321)) - 79f3458c-2c66-4b3a-be39-3ff7abbb9f16@group-5E2E418421AD: changes role from  FOLLOWER to CANDIDATE at term 1 for changeToCandidate
2023-01-03 10:09:04,629 [79f3458c-2c66-4b3a-be39-3ff7abbb9f16@group-5E2E418421AD-FollowerState] INFO  server.RaftServerConfigKeys (ConfUtils.java:logGet(46)) - raft.server.leaderelection.pre-vote = false (custom)
2023-01-03 10:09:04,629 [79f3458c-2c66-4b3a-be39-3ff7abbb9f16@group-5E2E418421AD-FollowerState] INFO  impl.RoleInfo (RoleInfo.java:updateAndGet(139)) - 79f3458c-2c66-4b3a-be39-3ff7abbb9f16: start 79f3458c-2c66-4b3a-be39-3ff7abbb9f16@group-5E2E418421AD-LeaderElection42
2023-01-03 10:09:04,634 [5f4e8170-34f9-42fb-8ea2-3b8d58ff5808@group-5E2E418421AD-FollowerState] INFO  impl.FollowerState (FollowerState.java:run(143)) - 5f4e8170-34f9-42fb-8ea2-3b8d58ff5808@group-5E2E418421AD-FollowerState: change to CANDIDATE, lastRpcElapsedTime:5032905581ns, electionTimeout:5030ms
2023-01-03 10:09:04,634 [5f4e8170-34f9-42fb-8ea2-3b8d58ff5808@group-5E2E418421AD-FollowerState] INFO  impl.RoleInfo (RoleInfo.java:shutdownFollowerState(110)) - 5f4e8170-34f9-42fb-8ea2-3b8d58ff5808: shutdown 5f4e8170-34f9-42fb-8ea2-3b8d58ff5808@group-5E2E418421AD-FollowerState
2023-01-03 10:09:04,634 [5f4e8170-34f9-42fb-8ea2-3b8d58ff5808@group-5E2E418421AD-FollowerState] INFO  server.RaftServer$Division (RaftServerImpl.java:setRole(321)) - 5f4e8170-34f9-42fb-8ea2-3b8d58ff5808@group-5E2E418421AD: changes role from  FOLLOWER to CANDIDATE at term 1 for changeToCandidate
2023-01-03 10:09:04,634 [5f4e8170-34f9-42fb-8ea2-3b8d58ff5808@group-5E2E418421AD-FollowerState] INFO  server.RaftServerConfigKeys (ConfUtils.java:logGet(46)) - raft.server.leaderelection.pre-vote = false (custom)
2023-01-03 10:09:04,634 [5f4e8170-34f9-42fb-8ea2-3b8d58ff5808@group-5E2E418421AD-FollowerState] INFO  impl.RoleInfo (RoleInfo.java:updateAndGet(139)) - 5f4e8170-34f9-42fb-8ea2-3b8d58ff5808: start 5f4e8170-34f9-42fb-8ea2-3b8d58ff5808@group-5E2E418421AD-LeaderElection43
2023-01-03 10:09:04,642 [EventQueue-CommandQueueReportForCommandQueueReportHandler] WARN  events.EventQueue (EventQueue.java:fireEvent(216)) - No event handler registered for event TypedEvent{payloadType=DatanodeDetails, name='Datanode_Command_Queue_Updated'}
2023-01-03 10:09:04,643 [5f4e8170-34f9-42fb-8ea2-3b8d58ff5808@group-5E2E418421AD-LeaderElection43] INFO  impl.LeaderElection (LeaderElection.java:askForVotes(312)) - 5f4e8170-34f9-42fb-8ea2-3b8d58ff5808@group-5E2E418421AD-LeaderElection43 ELECTION round 0: submit vote requests at term 2 for -1: peers:[2b04a8b1-164a-4310-98e7-450bb9581035|rpc:10.1.0.13:40297|dataStream:10.1.0.13:40255|priority:0|startupRole:FOLLOWER, 79f3458c-2c66-4b3a-be39-3ff7abbb9f16|rpc:10.1.0.13:36965|dataStream:10.1.0.13:36199|priority:0|startupRole:FOLLOWER, 5f4e8170-34f9-42fb-8ea2-3b8d58ff5808|rpc:10.1.0.13:43165|dataStream:10.1.0.13:42261|priority:1|startupRole:FOLLOWER]|listeners:[], old=null
2023-01-03 10:09:04,643 [79f3458c-2c66-4b3a-be39-3ff7abbb9f16@group-5E2E418421AD-LeaderElection42] INFO  impl.LeaderElection (LeaderElection.java:askForVotes(312)) - 79f3458c-2c66-4b3a-be39-3ff7abbb9f16@group-5E2E418421AD-LeaderElection42 ELECTION round 0: submit vote requests at term 2 for -1: peers:[2b04a8b1-164a-4310-98e7-450bb9581035|rpc:10.1.0.13:40297|dataStream:10.1.0.13:40255|priority:0|startupRole:FOLLOWER, 79f3458c-2c66-4b3a-be39-3ff7abbb9f16|rpc:10.1.0.13:36965|dataStream:10.1.0.13:36199|priority:0|startupRole:FOLLOWER, 5f4e8170-34f9-42fb-8ea2-3b8d58ff5808|rpc:10.1.0.13:43165|dataStream:10.1.0.13:42261|priority:1|startupRole:FOLLOWER]|listeners:[], old=null
2023-01-03 10:09:04,644 [5f4e8170-34f9-42fb-8ea2-3b8d58ff5808@group-5E2E418421AD-LeaderElection43] INFO  server.RaftServerConfigKeys (ConfUtils.java:logFallback(53)) - raft.server.rpc.first-election.timeout.min = 5s (fallback to raft.server.rpc.timeout.min)
2023-01-03 10:09:04,644 [5f4e8170-34f9-42fb-8ea2-3b8d58ff5808@group-5E2E418421AD-LeaderElection43] INFO  server.RaftServerConfigKeys (ConfUtils.java:logFallback(53)) - raft.server.rpc.first-election.timeout.max = 5200ms (fallback to raft.server.rpc.timeout.max)
2023-01-03 10:09:04,644 [79f3458c-2c66-4b3a-be39-3ff7abbb9f16@group-5E2E418421AD-LeaderElection42-1] INFO  server.GrpcServerProtocolClient (GrpcServerProtocolClient.java:<init>(63)) - Build channel for 2b04a8b1-164a-4310-98e7-450bb9581035
2023-01-03 10:09:04,649 [79f3458c-2c66-4b3a-be39-3ff7abbb9f16@group-5E2E418421AD-LeaderElection42] INFO  server.RaftServerConfigKeys (ConfUtils.java:logFallback(53)) - raft.server.rpc.first-election.timeout.min = 5s (fallback to raft.server.rpc.timeout.min)
2023-01-03 10:09:04,649 [79f3458c-2c66-4b3a-be39-3ff7abbb9f16@group-5E2E418421AD-LeaderElection42] INFO  server.RaftServerConfigKeys (ConfUtils.java:logFallback(53)) - raft.server.rpc.first-election.timeout.max = 5200ms (fallback to raft.server.rpc.timeout.max)
2023-01-03 10:09:04,654 [grpc-default-executor-1] INFO  server.RaftServer$Division (RaftServerImpl.java:requestVote(1218)) - 2b04a8b1-164a-4310-98e7-450bb9581035@group-5E2E418421AD: receive requestVote(ELECTION, 5f4e8170-34f9-42fb-8ea2-3b8d58ff5808, group-5E2E418421AD, 2, (t:0, i:0))
2023-01-03 10:09:04,654 [grpc-default-executor-0] INFO  server.RaftServer$Division (RaftServerImpl.java:requestVote(1218)) - 79f3458c-2c66-4b3a-be39-3ff7abbb9f16@group-5E2E418421AD: receive requestVote(ELECTION, 5f4e8170-34f9-42fb-8ea2-3b8d58ff5808, group-5E2E418421AD, 2, (t:0, i:0))
2023-01-03 10:09:04,654 [grpc-default-executor-1] INFO  impl.VoteContext (VoteContext.java:log(49)) - 2b04a8b1-164a-4310-98e7-450bb9581035@group-5E2E418421AD-FOLLOWER: accept ELECTION from 5f4e8170-34f9-42fb-8ea2-3b8d58ff5808: our priority 0 <= candidate's priority 1
2023-01-03 10:09:04,654 [grpc-default-executor-0] INFO  impl.VoteContext (VoteContext.java:log(49)) - 79f3458c-2c66-4b3a-be39-3ff7abbb9f16@group-5E2E418421AD-CANDIDATE: reject ELECTION from 5f4e8170-34f9-42fb-8ea2-3b8d58ff5808: already has voted for 79f3458c-2c66-4b3a-be39-3ff7abbb9f16 at current term 2
2023-01-03 10:09:04,654 [grpc-default-executor-1] INFO  server.RaftServer$Division (RaftServerImpl.java:setRole(321)) - 2b04a8b1-164a-4310-98e7-450bb9581035@group-5E2E418421AD: changes role from  FOLLOWER to FOLLOWER at term 2 for candidate:5f4e8170-34f9-42fb-8ea2-3b8d58ff5808
2023-01-03 10:09:04,654 [grpc-default-executor-1] INFO  impl.RoleInfo (RoleInfo.java:shutdownFollowerState(110)) - 2b04a8b1-164a-4310-98e7-450bb9581035: shutdown 2b04a8b1-164a-4310-98e7-450bb9581035@group-5E2E418421AD-FollowerState
2023-01-03 10:09:04,654 [grpc-default-executor-0] INFO  server.RaftServer$Division (RaftServerImpl.java:requestVote(1251)) - 79f3458c-2c66-4b3a-be39-3ff7abbb9f16@group-5E2E418421AD replies to ELECTION vote request: 5f4e8170-34f9-42fb-8ea2-3b8d58ff5808<-79f3458c-2c66-4b3a-be39-3ff7abbb9f16#0:FAIL-t2. Peer's state: 79f3458c-2c66-4b3a-be39-3ff7abbb9f16@group-5E2E418421AD:t2, leader=null, voted=79f3458c-2c66-4b3a-be39-3ff7abbb9f16, raftlog=Memoized:79f3458c-2c66-4b3a-be39-3ff7abbb9f16@group-5E2E418421AD-SegmentedRaftLog:OPENED:c-1, conf=-1: peers:[2b04a8b1-164a-4310-98e7-450bb9581035|rpc:10.1.0.13:40297|dataStream:10.1.0.13:40255|priority:0|startupRole:FOLLOWER, 79f3458c-2c66-4b3a-be39-3ff7abbb9f16|rpc:10.1.0.13:36965|dataStream:10.1.0.13:36199|priority:0|startupRole:FOLLOWER, 5f4e8170-34f9-42fb-8ea2-3b8d58ff5808|rpc:10.1.0.13:43165|dataStream:10.1.0.13:42261|priority:1|startupRole:FOLLOWER]|listeners:[], old=null
2023-01-03 10:09:04,654 [grpc-default-executor-1] INFO  impl.RoleInfo (RoleInfo.java:updateAndGet(139)) - 2b04a8b1-164a-4310-98e7-450bb9581035: start 2b04a8b1-164a-4310-98e7-450bb9581035@group-5E2E418421AD-FollowerState
2023-01-03 10:09:04,654 [2b04a8b1-164a-4310-98e7-450bb9581035@group-5E2E418421AD-FollowerState] INFO  impl.FollowerState (FollowerState.java:run(152)) - 2b04a8b1-164a-4310-98e7-450bb9581035@group-5E2E418421AD-FollowerState was interrupted
2023-01-03 10:09:04,657 [79f3458c-2c66-4b3a-be39-3ff7abbb9f16@group-5E2E418421AD-LeaderElection42-2] INFO  server.GrpcServerProtocolClient (GrpcServerProtocolClient.java:<init>(63)) - Build channel for 5f4e8170-34f9-42fb-8ea2-3b8d58ff5808
2023-01-03 10:09:04,663 [grpc-default-executor-1] INFO  server.RaftServer$Division (RaftServerImpl.java:requestVote(1251)) - 2b04a8b1-164a-4310-98e7-450bb9581035@group-5E2E418421AD replies to ELECTION vote request: 5f4e8170-34f9-42fb-8ea2-3b8d58ff5808<-2b04a8b1-164a-4310-98e7-450bb9581035#0:OK-t2. Peer's state: 2b04a8b1-164a-4310-98e7-450bb9581035@group-5E2E418421AD:t2, leader=null, voted=5f4e8170-34f9-42fb-8ea2-3b8d58ff5808, raftlog=Memoized:2b04a8b1-164a-4310-98e7-450bb9581035@group-5E2E418421AD-SegmentedRaftLog:OPENED:c-1, conf=-1: peers:[2b04a8b1-164a-4310-98e7-450bb9581035|rpc:10.1.0.13:40297|dataStream:10.1.0.13:40255|priority:0|startupRole:FOLLOWER, 79f3458c-2c66-4b3a-be39-3ff7abbb9f16|rpc:10.1.0.13:36965|dataStream:10.1.0.13:36199|priority:0|startupRole:FOLLOWER, 5f4e8170-34f9-42fb-8ea2-3b8d58ff5808|rpc:10.1.0.13:43165|dataStream:10.1.0.13:42261|priority:1|startupRole:FOLLOWER]|listeners:[], old=null
2023-01-03 10:09:04,666 [grpc-default-executor-0] INFO  server.RaftServer$Division (RaftServerImpl.java:requestVote(1218)) - 2b04a8b1-164a-4310-98e7-450bb9581035@group-5E2E418421AD: receive requestVote(ELECTION, 79f3458c-2c66-4b3a-be39-3ff7abbb9f16, group-5E2E418421AD, 2, (t:0, i:0))
2023-01-03 10:09:04,666 [grpc-default-executor-0] INFO  impl.VoteContext (VoteContext.java:log(49)) - 2b04a8b1-164a-4310-98e7-450bb9581035@group-5E2E418421AD-FOLLOWER: reject ELECTION from 79f3458c-2c66-4b3a-be39-3ff7abbb9f16: already has voted for 5f4e8170-34f9-42fb-8ea2-3b8d58ff5808 at current term 2
2023-01-03 10:09:04,666 [grpc-default-executor-0] INFO  server.RaftServer$Division (RaftServerImpl.java:requestVote(1251)) - 2b04a8b1-164a-4310-98e7-450bb9581035@group-5E2E418421AD replies to ELECTION vote request: 79f3458c-2c66-4b3a-be39-3ff7abbb9f16<-2b04a8b1-164a-4310-98e7-450bb9581035#0:FAIL-t2. Peer's state: 2b04a8b1-164a-4310-98e7-450bb9581035@group-5E2E418421AD:t2, leader=null, voted=5f4e8170-34f9-42fb-8ea2-3b8d58ff5808, raftlog=Memoized:2b04a8b1-164a-4310-98e7-450bb9581035@group-5E2E418421AD-SegmentedRaftLog:OPENED:c-1, conf=-1: peers:[2b04a8b1-164a-4310-98e7-450bb9581035|rpc:10.1.0.13:40297|dataStream:10.1.0.13:40255|priority:0|startupRole:FOLLOWER, 79f3458c-2c66-4b3a-be39-3ff7abbb9f16|rpc:10.1.0.13:36965|dataStream:10.1.0.13:36199|priority:0|startupRole:FOLLOWER, 5f4e8170-34f9-42fb-8ea2-3b8d58ff5808|rpc:10.1.0.13:43165|dataStream:10.1.0.13:42261|priority:1|startupRole:FOLLOWER]|listeners:[], old=null
2023-01-03 10:09:04,667 [2b04a8b1-164a-4310-98e7-450bb9581035@group-5E2E418421AD-FollowerState] INFO  server.RaftServerConfigKeys (ConfUtils.java:logFallback(53)) - raft.server.rpc.first-election.timeout.min = 5s (fallback to raft.server.rpc.timeout.min)
2023-01-03 10:09:04,669 [5f4e8170-34f9-42fb-8ea2-3b8d58ff5808@group-5E2E418421AD-LeaderElection43] INFO  impl.LeaderElection (LeaderElection.java:logAndReturn(90)) - 5f4e8170-34f9-42fb-8ea2-3b8d58ff5808@group-5E2E418421AD-LeaderElection43: ELECTION PASSED received 2 response(s) and 0 exception(s):
2023-01-03 10:09:04,669 [grpc-default-executor-1] INFO  server.RaftServer$Division (RaftServerImpl.java:requestVote(1218)) - 5f4e8170-34f9-42fb-8ea2-3b8d58ff5808@group-5E2E418421AD: receive requestVote(ELECTION, 79f3458c-2c66-4b3a-be39-3ff7abbb9f16, group-5E2E418421AD, 2, (t:0, i:0))
2023-01-03 10:09:04,670 [2b04a8b1-164a-4310-98e7-450bb9581035@group-5E2E418421AD-FollowerState] INFO  server.RaftServerConfigKeys (ConfUtils.java:logFallback(53)) - raft.server.rpc.first-election.timeout.max = 5200ms (fallback to raft.server.rpc.timeout.max)
2023-01-03 10:09:04,670 [grpc-default-executor-1] INFO  impl.VoteContext (VoteContext.java:log(49)) - 5f4e8170-34f9-42fb-8ea2-3b8d58ff5808@group-5E2E418421AD-CANDIDATE: reject ELECTION from 79f3458c-2c66-4b3a-be39-3ff7abbb9f16: already has voted for 5f4e8170-34f9-42fb-8ea2-3b8d58ff5808 at current term 2
2023-01-03 10:09:04,670 [grpc-default-executor-1] INFO  server.RaftServer$Division (RaftServerImpl.java:requestVote(1251)) - 5f4e8170-34f9-42fb-8ea2-3b8d58ff5808@group-5E2E418421AD replies to ELECTION vote request: 79f3458c-2c66-4b3a-be39-3ff7abbb9f16<-5f4e8170-34f9-42fb-8ea2-3b8d58ff5808#0:FAIL-t2. Peer's state: 5f4e8170-34f9-42fb-8ea2-3b8d58ff5808@group-5E2E418421AD:t2, leader=null, voted=5f4e8170-34f9-42fb-8ea2-3b8d58ff5808, raftlog=Memoized:5f4e8170-34f9-42fb-8ea2-3b8d58ff5808@group-5E2E418421AD-SegmentedRaftLog:OPENED:c-1, conf=-1: peers:[2b04a8b1-164a-4310-98e7-450bb9581035|rpc:10.1.0.13:40297|dataStream:10.1.0.13:40255|priority:0|startupRole:FOLLOWER, 79f3458c-2c66-4b3a-be39-3ff7abbb9f16|rpc:10.1.0.13:36965|dataStream:10.1.0.13:36199|priority:0|startupRole:FOLLOWER, 5f4e8170-34f9-42fb-8ea2-3b8d58ff5808|rpc:10.1.0.13:43165|dataStream:10.1.0.13:42261|priority:1|startupRole:FOLLOWER]|listeners:[], old=null
2023-01-03 10:09:04,670 [5f4e8170-34f9-42fb-8ea2-3b8d58ff5808@group-5E2E418421AD-LeaderElection43] INFO  impl.LeaderElection (LeaderElection.java:logAndReturn(94)) -   Response 0: 5f4e8170-34f9-42fb-8ea2-3b8d58ff5808<-2b04a8b1-164a-4310-98e7-450bb9581035#0:OK-t2
2023-01-03 10:09:04,670 [5f4e8170-34f9-42fb-8ea2-3b8d58ff5808@group-5E2E418421AD-LeaderElection43] INFO  impl.LeaderElection (LeaderElection.java:logAndReturn(94)) -   Response 1: 5f4e8170-34f9-42fb-8ea2-3b8d58ff5808<-79f3458c-2c66-4b3a-be39-3ff7abbb9f16#0:FAIL-t2
2023-01-03 10:09:04,670 [5f4e8170-34f9-42fb-8ea2-3b8d58ff5808@group-5E2E418421AD-LeaderElection43] INFO  impl.LeaderElection (LeaderElection.java:askForVotes(314)) - 5f4e8170-34f9-42fb-8ea2-3b8d58ff5808@group-5E2E418421AD-LeaderElection43 ELECTION round 0: result PASSED
2023-01-03 10:09:04,670 [5f4e8170-34f9-42fb-8ea2-3b8d58ff5808@group-5E2E418421AD-LeaderElection43] INFO  impl.RoleInfo (RoleInfo.java:shutdownLeaderElection(130)) - 5f4e8170-34f9-42fb-8ea2-3b8d58ff5808: shutdown 5f4e8170-34f9-42fb-8ea2-3b8d58ff5808@group-5E2E418421AD-LeaderElection43
2023-01-03 10:09:04,670 [5f4e8170-34f9-42fb-8ea2-3b8d58ff5808@group-5E2E418421AD-LeaderElection43] INFO  server.RaftServer$Division (RaftServerImpl.java:setRole(321)) - 5f4e8170-34f9-42fb-8ea2-3b8d58ff5808@group-5E2E418421AD: changes role from CANDIDATE to LEADER at term 2 for changeToLeader
2023-01-03 10:09:04,671 [5f4e8170-34f9-42fb-8ea2-3b8d58ff5808@group-5E2E418421AD-LeaderElection43] INFO  ratis.XceiverServerRatis (XceiverServerRatis.java:handleLeaderChangedNotification(904)) - Leader change notification received for group: group-5E2E418421AD with new leaderId: 5f4e8170-34f9-42fb-8ea2-3b8d58ff5808
2023-01-03 10:09:04,671 [5f4e8170-34f9-42fb-8ea2-3b8d58ff5808@group-5E2E418421AD-LeaderElection43] INFO  server.RaftServer$Division (ServerState.java:setLeader(313)) - 5f4e8170-34f9-42fb-8ea2-3b8d58ff5808@group-5E2E418421AD: change Leader from null to 5f4e8170-34f9-42fb-8ea2-3b8d58ff5808 at term 2 for becomeLeader, leader elected after 10149ms
2023-01-03 10:09:04,671 [5f4e8170-34f9-42fb-8ea2-3b8d58ff5808@group-5E2E418421AD-LeaderElection43] INFO  server.RaftServerConfigKeys (ConfUtils.java:logGet(46)) - raft.server.staging.catchup.gap = 1000 (default)
2023-01-03 10:09:04,671 [5f4e8170-34f9-42fb-8ea2-3b8d58ff5808@group-5E2E418421AD-LeaderElection43] INFO  server.RaftServerConfigKeys (ConfUtils.java:logGet(46)) - raft.server.write.element-limit = 1024 (custom)
2023-01-03 10:09:04,672 [EventQueue-OpenPipelineForHealthyPipelineSafeModeRule] INFO  safemode.SCMSafeModeManager (HealthyPipelineSafeModeRule.java:process(137)) - SCM in safe mode. Healthy pipelines reported count is 0, required healthy pipeline reported count is 1
2023-01-03 10:09:04,671 [EventQueue-PipelineReportForPipelineReportHandler] INFO  pipeline.PipelineManagerImpl (PipelineManagerImpl.java:openPipeline(367)) - Pipeline Pipeline[ Id: a8033612-cbfe-412f-bfd8-5e2e418421ad, Nodes: 2b04a8b1-164a-4310-98e7-450bb9581035{ip: 10.1.0.13, host: fv-az292-374.tqgtyn10aqxuxoi0mkfbldi5vh.jx.internal.cloudapp.net, ports: [REPLICATION=39627, RATIS=40297, RATIS_ADMIN=40297, RATIS_SERVER=40297, RATIS_DATASTREAM=40255, STANDALONE=33985], networkLocation: /default-rack, certSerialId: null, persistedOpState: IN_SERVICE, persistedOpStateExpiryEpochSec: 0}79f3458c-2c66-4b3a-be39-3ff7abbb9f16{ip: 10.1.0.13, host: fv-az292-374.tqgtyn10aqxuxoi0mkfbldi5vh.jx.internal.cloudapp.net, ports: [REPLICATION=45677, RATIS=36965, RATIS_ADMIN=36965, RATIS_SERVER=36965, RATIS_DATASTREAM=36199, STANDALONE=36935], networkLocation: /default-rack, certSerialId: null, persistedOpState: IN_SERVICE, persistedOpStateExpiryEpochSec: 0}5f4e8170-34f9-42fb-8ea2-3b8d58ff5808{ip: 10.1.0.13, host: fv-az292-374.tqgtyn10aqxuxoi0mkfbldi5vh.jx.internal.cloudapp.net, ports: [REPLICATION=37739, RATIS=43165, RATIS_ADMIN=43165, RATIS_SERVER=43165, RATIS_DATASTREAM=42261, STANDALONE=46235], networkLocation: /default-rack, certSerialId: null, persistedOpState: IN_SERVICE, persistedOpStateExpiryEpochSec: 0}, ReplicationConfig: RATIS/THREE, State:ALLOCATED, leaderId:5f4e8170-34f9-42fb-8ea2-3b8d58ff5808, CreationTimestamp2023-01-03T10:08:51.967Z[Etc/UTC]] moved to OPEN state
2023-01-03 10:09:04,671 [EventQueue-CommandQueueReportForCommandQueueReportHandler] WARN  events.EventQueue (EventQueue.java:fireEvent(216)) - No event handler registered for event TypedEvent{payloadType=DatanodeDetails, name='Datanode_Command_Queue_Updated'}
2023-01-03 10:09:04,672 [EventQueue-OpenPipelineForHealthyPipelineSafeModeRule] INFO  safemode.SCMSafeModeManager (HealthyPipelineSafeModeRule.java:process(137)) - SCM in safe mode. Healthy pipelines reported count is 1, required healthy pipeline reported count is 1
2023-01-03 10:09:04,672 [EventQueue-OpenPipelineForHealthyPipelineSafeModeRule] INFO  safemode.SCMSafeModeManager (SCMSafeModeManager.java:validateSafeModeExitRules(200)) - HealthyPipelineSafeModeRule rule is successfully validated
2023-01-03 10:09:04,672 [EventQueue-OpenPipelineForHealthyPipelineSafeModeRule] INFO  safemode.SCMSafeModeManager (SCMSafeModeManager.java:validateSafeModeExitRules(215)) - ScmSafeModeManager, all rules are successfully validated
2023-01-03 10:09:04,672 [EventQueue-OpenPipelineForHealthyPipelineSafeModeRule] INFO  safemode.SCMSafeModeManager (SCMSafeModeManager.java:exitSafeMode(244)) - SCM exiting safe mode.
2023-01-03 10:09:04,672 [EventQueue-OpenPipelineForHealthyPipelineSafeModeRule] INFO  ha.SCMContext (SCMContext.java:updateSafeModeStatus(228)) - Update SafeModeStatus from SafeModeStatus{safeModeStatus=true, preCheckPassed=true} to SafeModeStatus{safeModeStatus=false, preCheckPassed=true}.
2023-01-03 10:09:04,672 [EventQueue-OpenPipelineForHealthyPipelineSafeModeRule] INFO  pipeline.BackgroundPipelineCreator (BackgroundPipelineCreator.java:notifyStatusChanged(254)) - Service BackgroundPipelineCreator transitions to RUNNING.
2023-01-03 10:09:04,672 [EventQueue-OpenPipelineForHealthyPipelineSafeModeRule] INFO  BackgroundPipelineScrubber (BackgroundSCMService.java:notifyStatusChanged(82)) - Service BackgroundPipelineScrubber transitions to RUNNING.
2023-01-03 10:09:04,672 [EventQueue-OpenPipelineForHealthyPipelineSafeModeRule] INFO  ExpiredContainerReplicaOpScrubber (BackgroundSCMService.java:notifyStatusChanged(82)) - Service ExpiredContainerReplicaOpScrubber transitions to RUNNING.
2023-01-03 10:09:04,672 [EventQueue-OpenPipelineForHealthyPipelineSafeModeRule] INFO  replication.ReplicationManager (ReplicationManager.java:notifyStatusChanged(918)) - Service ReplicationManager transitions to RUNNING.
2023-01-03 10:09:04,672 [EventQueue-OpenPipelineForHealthyPipelineSafeModeRule] WARN  balancer.ContainerBalancer (ContainerBalancer.java:shouldRun(131)) - Could not find persisted configuration for ContainerBalancer when checking if ContainerBalancer should run. ContainerBalancer should not run now.
2023-01-03 10:09:04,672 [5f4e8170-34f9-42fb-8ea2-3b8d58ff5808@group-5E2E418421AD-LeaderElection43] INFO  server.RaftServerConfigKeys (ConfUtils.java:logGet(46)) - raft.server.write.byte-limit = 1024 M (=1073741824) (custom)
2023-01-03 10:09:04,673 [5f4e8170-34f9-42fb-8ea2-3b8d58ff5808@group-5E2E418421AD-LeaderElection43] INFO  server.RaftServerConfigKeys (ConfUtils.java:logGet(46)) - raft.server.watch.timeout = 180s (custom)
2023-01-03 10:09:04,673 [5f4e8170-34f9-42fb-8ea2-3b8d58ff5808@group-5E2E418421AD-LeaderElection43] INFO  server.RaftServerConfigKeys (ConfUtils.java:logGet(46)) - raft.server.watch.timeout.denomination = 1s (default)
2023-01-03 10:09:04,673 [5f4e8170-34f9-42fb-8ea2-3b8d58ff5808@group-5E2E418421AD-LeaderElection43] INFO  server.RaftServerConfigKeys (ConfUtils.java:logGet(46)) - raft.server.watch.element-limit = 65536 (default)
2023-01-03 10:09:04,673 [5f4e8170-34f9-42fb-8ea2-3b8d58ff5808@group-5E2E418421AD-LeaderElection43] INFO  server.RaftServerConfigKeys (ConfUtils.java:logGet(46)) - raft.server.write.element-limit = 1024 (custom)
2023-01-03 10:09:04,673 [5f4e8170-34f9-42fb-8ea2-3b8d58ff5808@group-5E2E418421AD-LeaderElection43] INFO  server.RaftServerConfigKeys (ConfUtils.java:logGet(46)) - raft.server.write.follower.gap.ratio.max = -1.0 (default)
2023-01-03 10:09:04,673 [5f4e8170-34f9-42fb-8ea2-3b8d58ff5808@group-5E2E418421AD-LeaderElection43] INFO  server.RaftServerConfigKeys (ConfUtils.java:logGet(46)) - raft.server.log.appender.snapshot.chunk.size.max = 16MB (=16777216) (default)
2023-01-03 10:09:04,673 [5f4e8170-34f9-42fb-8ea2-3b8d58ff5808@group-5E2E418421AD-LeaderElection43] INFO  server.RaftServerConfigKeys (ConfUtils.java:logGet(46)) - raft.server.log.appender.buffer.byte-limit = 33554432 (custom)
2023-01-03 10:09:04,673 [5f4e8170-34f9-42fb-8ea2-3b8d58ff5808@group-5E2E418421AD-LeaderElection43] INFO  server.RaftServerConfigKeys (ConfUtils.java:logGet(46)) - raft.server.log.appender.buffer.element-limit = 1 (custom)
2023-01-03 10:09:04,673 [5f4e8170-34f9-42fb-8ea2-3b8d58ff5808@group-5E2E418421AD-LeaderElection43] INFO  grpc.GrpcConfigKeys (ConfUtils.java:logGet(46)) - raft.grpc.server.leader.outstanding.appends.max = 128 (default)
2023-01-03 10:09:04,673 [5f4e8170-34f9-42fb-8ea2-3b8d58ff5808@group-5E2E418421AD-LeaderElection43] INFO  server.RaftServerConfigKeys (ConfUtils.java:logGet(46)) - raft.server.rpc.request.timeout = 60s (custom)
2023-01-03 10:09:04,673 [5f4e8170-34f9-42fb-8ea2-3b8d58ff5808@group-5E2E418421AD-LeaderElection43] INFO  server.RaftServerConfigKeys (ConfUtils.java:logGet(46)) - raft.server.log.appender.install.snapshot.enabled = false (custom)
2023-01-03 10:09:04,673 [5f4e8170-34f9-42fb-8ea2-3b8d58ff5808@group-5E2E418421AD-LeaderElection43] INFO  grpc.GrpcConfigKeys (ConfUtils.java:logGet(46)) - raft.grpc.server.heartbeat.channel = true (default)
2023-01-03 10:09:04,673 [5f4e8170-34f9-42fb-8ea2-3b8d58ff5808@group-5E2E418421AD-LeaderElection43] INFO  server.RaftServerConfigKeys (ConfUtils.java:logGet(46)) - raft.server.log.appender.wait-time.min = 10ms (default)
2023-01-03 10:09:04,674 [5f4e8170-34f9-42fb-8ea2-3b8d58ff5808@group-5E2E418421AD-LeaderElection43] INFO  server.RaftServerConfigKeys (ConfUtils.java:logGet(46)) - raft.server.log.appender.snapshot.chunk.size.max = 16MB (=16777216) (default)
2023-01-03 10:09:04,674 [5f4e8170-34f9-42fb-8ea2-3b8d58ff5808@group-5E2E418421AD-LeaderElection43] INFO  server.RaftServerConfigKeys (ConfUtils.java:logGet(46)) - raft.server.log.appender.buffer.byte-limit = 33554432 (custom)
2023-01-03 10:09:04,674 [5f4e8170-34f9-42fb-8ea2-3b8d58ff5808@group-5E2E418421AD-LeaderElection43] INFO  server.RaftServerConfigKeys (ConfUtils.java:logGet(46)) - raft.server.log.appender.buffer.element-limit = 1 (custom)
2023-01-03 10:09:04,674 [5f4e8170-34f9-42fb-8ea2-3b8d58ff5808@group-5E2E418421AD-LeaderElection43] INFO  grpc.GrpcConfigKeys (ConfUtils.java:logGet(46)) - raft.grpc.server.leader.outstanding.appends.max = 128 (default)
2023-01-03 10:09:04,674 [5f4e8170-34f9-42fb-8ea2-3b8d58ff5808@group-5E2E418421AD-LeaderElection43] INFO  server.RaftServerConfigKeys (ConfUtils.java:logGet(46)) - raft.server.rpc.request.timeout = 60s (custom)
2023-01-03 10:09:04,674 [5f4e8170-34f9-42fb-8ea2-3b8d58ff5808@group-5E2E418421AD-LeaderElection43] INFO  server.RaftServerConfigKeys (ConfUtils.java:logGet(46)) - raft.server.log.appender.install.snapshot.enabled = false (custom)
2023-01-03 10:09:04,674 [5f4e8170-34f9-42fb-8ea2-3b8d58ff5808@group-5E2E418421AD-LeaderElection43] INFO  grpc.GrpcConfigKeys (ConfUtils.java:logGet(46)) - raft.grpc.server.heartbeat.channel = true (default)
2023-01-03 10:09:04,674 [5f4e8170-34f9-42fb-8ea2-3b8d58ff5808@group-5E2E418421AD-LeaderElection43] INFO  server.RaftServerConfigKeys (ConfUtils.java:logGet(46)) - raft.server.log.appender.wait-time.min = 10ms (default)
2023-01-03 10:09:04,674 [5f4e8170-34f9-42fb-8ea2-3b8d58ff5808@group-5E2E418421AD-LeaderElection43] INFO  impl.RoleInfo (RoleInfo.java:updateAndGet(139)) - 5f4e8170-34f9-42fb-8ea2-3b8d58ff5808: start 5f4e8170-34f9-42fb-8ea2-3b8d58ff5808@group-5E2E418421AD-LeaderStateImpl
2023-01-03 10:09:04,674 [5f4e8170-34f9-42fb-8ea2-3b8d58ff5808@group-5E2E418421AD-LeaderElection43] INFO  segmented.SegmentedRaftLogWorker (SegmentedRaftLogWorker.java:startLogSegment(452)) - 5f4e8170-34f9-42fb-8ea2-3b8d58ff5808@group-5E2E418421AD-SegmentedRaftLogWorker: Starting segment from index:0
2023-01-03 10:09:04,675 [5f4e8170-34f9-42fb-8ea2-3b8d58ff5808@group-5E2E418421AD-SegmentedRaftLogWorker] INFO  segmented.SegmentedRaftLogWorker (SegmentedRaftLogWorker.java:execute(656)) - 5f4e8170-34f9-42fb-8ea2-3b8d58ff5808@group-5E2E418421AD-SegmentedRaftLogWorker: created new log segment /home/runner/work/ozone/ozone/hadoop-ozone/integration-test/target/test-dir/MiniOzoneClusterImpl-1bcd6b1f-11f6-453e-b314-ff0bb9fde82c/datanode-2/data/ratis/a8033612-cbfe-412f-bfd8-5e2e418421ad/current/log_inprogress_0
2023-01-03 10:09:04,679 [5f4e8170-34f9-42fb-8ea2-3b8d58ff5808@group-5E2E418421AD-LeaderElection43] INFO  server.RaftServer$Division (ServerState.java:setRaftConf(430)) - 5f4e8170-34f9-42fb-8ea2-3b8d58ff5808@group-5E2E418421AD: set configuration 0: peers:[2b04a8b1-164a-4310-98e7-450bb9581035|rpc:10.1.0.13:40297|dataStream:10.1.0.13:40255|priority:0|startupRole:FOLLOWER, 79f3458c-2c66-4b3a-be39-3ff7abbb9f16|rpc:10.1.0.13:36965|dataStream:10.1.0.13:36199|priority:0|startupRole:FOLLOWER, 5f4e8170-34f9-42fb-8ea2-3b8d58ff5808|rpc:10.1.0.13:43165|dataStream:10.1.0.13:42261|priority:1|startupRole:FOLLOWER]|listeners:[], old=null
2023-01-03 10:09:04,681 [79f3458c-2c66-4b3a-be39-3ff7abbb9f16@group-5E2E418421AD-LeaderElection42] INFO  impl.LeaderElection (LeaderElection.java:logAndReturn(90)) - 79f3458c-2c66-4b3a-be39-3ff7abbb9f16@group-5E2E418421AD-LeaderElection42: ELECTION REJECTED received 2 response(s) and 0 exception(s):
2023-01-03 10:09:04,681 [79f3458c-2c66-4b3a-be39-3ff7abbb9f16@group-5E2E418421AD-LeaderElection42] INFO  impl.LeaderElection (LeaderElection.java:logAndReturn(94)) -   Response 0: 79f3458c-2c66-4b3a-be39-3ff7abbb9f16<-2b04a8b1-164a-4310-98e7-450bb9581035#0:FAIL-t2
2023-01-03 10:09:04,681 [79f3458c-2c66-4b3a-be39-3ff7abbb9f16@group-5E2E418421AD-LeaderElection42] INFO  impl.LeaderElection (LeaderElection.java:logAndReturn(94)) -   Response 1: 79f3458c-2c66-4b3a-be39-3ff7abbb9f16<-5f4e8170-34f9-42fb-8ea2-3b8d58ff5808#0:FAIL-t2
2023-01-03 10:09:04,681 [79f3458c-2c66-4b3a-be39-3ff7abbb9f16@group-5E2E418421AD-LeaderElection42] INFO  impl.LeaderElection (LeaderElection.java:askForVotes(314)) - 79f3458c-2c66-4b3a-be39-3ff7abbb9f16@group-5E2E418421AD-LeaderElection42 ELECTION round 0: result REJECTED
2023-01-03 10:09:04,681 [79f3458c-2c66-4b3a-be39-3ff7abbb9f16@group-5E2E418421AD-LeaderElection42] INFO  server.RaftServer$Division (RaftServerImpl.java:setRole(321)) - 79f3458c-2c66-4b3a-be39-3ff7abbb9f16@group-5E2E418421AD: changes role from CANDIDATE to FOLLOWER at term 2 for REJECTED
2023-01-03 10:09:04,681 [79f3458c-2c66-4b3a-be39-3ff7abbb9f16@group-5E2E418421AD-LeaderElection42] INFO  impl.RoleInfo (RoleInfo.java:shutdownLeaderElection(130)) - 79f3458c-2c66-4b3a-be39-3ff7abbb9f16: shutdown 79f3458c-2c66-4b3a-be39-3ff7abbb9f16@group-5E2E418421AD-LeaderElection42
2023-01-03 10:09:04,681 [79f3458c-2c66-4b3a-be39-3ff7abbb9f16@group-5E2E418421AD-LeaderElection42] INFO  impl.RoleInfo (RoleInfo.java:updateAndGet(139)) - 79f3458c-2c66-4b3a-be39-3ff7abbb9f16: start 79f3458c-2c66-4b3a-be39-3ff7abbb9f16@group-5E2E418421AD-FollowerState
2023-01-03 10:09:04,682 [79f3458c-2c66-4b3a-be39-3ff7abbb9f16@group-5E2E418421AD-FollowerState] INFO  server.RaftServerConfigKeys (ConfUtils.java:logFallback(53)) - raft.server.rpc.first-election.timeout.min = 5s (fallback to raft.server.rpc.timeout.min)
2023-01-03 10:09:04,682 [79f3458c-2c66-4b3a-be39-3ff7abbb9f16@group-5E2E418421AD-FollowerState] INFO  server.RaftServerConfigKeys (ConfUtils.java:logFallback(53)) - raft.server.rpc.first-election.timeout.max = 5200ms (fallback to raft.server.rpc.timeout.max)
2023-01-03 10:09:04,691 [79f3458c-2c66-4b3a-be39-3ff7abbb9f16-server-thread1] INFO  ratis.XceiverServerRatis (XceiverServerRatis.java:handleLeaderChangedNotification(904)) - Leader change notification received for group: group-5E2E418421AD with new leaderId: 5f4e8170-34f9-42fb-8ea2-3b8d58ff5808
2023-01-03 10:09:04,691 [79f3458c-2c66-4b3a-be39-3ff7abbb9f16-server-thread1] INFO  server.RaftServer$Division (ServerState.java:setLeader(313)) - 79f3458c-2c66-4b3a-be39-3ff7abbb9f16@group-5E2E418421AD: change Leader from null to 5f4e8170-34f9-42fb-8ea2-3b8d58ff5808 at term 2 for appendEntries, leader elected after 10193ms
2023-01-03 10:09:04,692 [79f3458c-2c66-4b3a-be39-3ff7abbb9f16-server-thread2] INFO  server.RaftServer$Division (ServerState.java:setRaftConf(430)) - 79f3458c-2c66-4b3a-be39-3ff7abbb9f16@group-5E2E418421AD: set configuration 0: peers:[2b04a8b1-164a-4310-98e7-450bb9581035|rpc:10.1.0.13:40297|dataStream:10.1.0.13:40255|priority:0|startupRole:FOLLOWER, 79f3458c-2c66-4b3a-be39-3ff7abbb9f16|rpc:10.1.0.13:36965|dataStream:10.1.0.13:36199|priority:0|startupRole:FOLLOWER, 5f4e8170-34f9-42fb-8ea2-3b8d58ff5808|rpc:10.1.0.13:43165|dataStream:10.1.0.13:42261|priority:1|startupRole:FOLLOWER]|listeners:[], old=null
2023-01-03 10:09:04,693 [79f3458c-2c66-4b3a-be39-3ff7abbb9f16-server-thread2] INFO  segmented.SegmentedRaftLogWorker (SegmentedRaftLogWorker.java:startLogSegment(452)) - 79f3458c-2c66-4b3a-be39-3ff7abbb9f16@group-5E2E418421AD-SegmentedRaftLogWorker: Starting segment from index:0
2023-01-03 10:09:04,693 [2b04a8b1-164a-4310-98e7-450bb9581035-server-thread1] INFO  ratis.XceiverServerRatis (XceiverServerRatis.java:handleLeaderChangedNotification(904)) - Leader change notification received for group: group-5E2E418421AD with new leaderId: 5f4e8170-34f9-42fb-8ea2-3b8d58ff5808
2023-01-03 10:09:04,693 [2b04a8b1-164a-4310-98e7-450bb9581035-server-thread1] INFO  server.RaftServer$Division (ServerState.java:setLeader(313)) - 2b04a8b1-164a-4310-98e7-450bb9581035@group-5E2E418421AD: change Leader from null to 5f4e8170-34f9-42fb-8ea2-3b8d58ff5808 at term 2 for appendEntries, leader elected after 10213ms
2023-01-03 10:09:04,694 [79f3458c-2c66-4b3a-be39-3ff7abbb9f16@group-5E2E418421AD-SegmentedRaftLogWorker] INFO  segmented.SegmentedRaftLogWorker (SegmentedRaftLogWorker.java:execute(656)) - 79f3458c-2c66-4b3a-be39-3ff7abbb9f16@group-5E2E418421AD-SegmentedRaftLogWorker: created new log segment /home/runner/work/ozone/ozone/hadoop-ozone/integration-test/target/test-dir/MiniOzoneClusterImpl-1bcd6b1f-11f6-453e-b314-ff0bb9fde82c/datanode-1/data/ratis/a8033612-cbfe-412f-bfd8-5e2e418421ad/current/log_inprogress_0
2023-01-03 10:09:04,699 [2b04a8b1-164a-4310-98e7-450bb9581035-server-thread1] INFO  server.RaftServer$Division (ServerState.java:setRaftConf(430)) - 2b04a8b1-164a-4310-98e7-450bb9581035@group-5E2E418421AD: set configuration 0: peers:[2b04a8b1-164a-4310-98e7-450bb9581035|rpc:10.1.0.13:40297|dataStream:10.1.0.13:40255|priority:0|startupRole:FOLLOWER, 79f3458c-2c66-4b3a-be39-3ff7abbb9f16|rpc:10.1.0.13:36965|dataStream:10.1.0.13:36199|priority:0|startupRole:FOLLOWER, 5f4e8170-34f9-42fb-8ea2-3b8d58ff5808|rpc:10.1.0.13:43165|dataStream:10.1.0.13:42261|priority:1|startupRole:FOLLOWER]|listeners:[], old=null
2023-01-03 10:09:04,699 [2b04a8b1-164a-4310-98e7-450bb9581035-server-thread1] INFO  segmented.SegmentedRaftLogWorker (SegmentedRaftLogWorker.java:startLogSegment(452)) - 2b04a8b1-164a-4310-98e7-450bb9581035@group-5E2E418421AD-SegmentedRaftLogWorker: Starting segment from index:0
2023-01-03 10:09:04,700 [2b04a8b1-164a-4310-98e7-450bb9581035@group-5E2E418421AD-SegmentedRaftLogWorker] INFO  segmented.SegmentedRaftLogWorker (SegmentedRaftLogWorker.java:execute(656)) - 2b04a8b1-164a-4310-98e7-450bb9581035@group-5E2E418421AD-SegmentedRaftLogWorker: created new log segment /home/runner/work/ozone/ozone/hadoop-ozone/integration-test/target/test-dir/MiniOzoneClusterImpl-1bcd6b1f-11f6-453e-b314-ff0bb9fde82c/datanode-0/data/ratis/a8033612-cbfe-412f-bfd8-5e2e418421ad/current/log_inprogress_0
2023-01-03 10:09:04,709 [EventQueue-CommandQueueReportForCommandQueueReportHandler] WARN  events.EventQueue (EventQueue.java:fireEvent(216)) - No event handler registered for event TypedEvent{payloadType=DatanodeDetails, name='Datanode_Command_Queue_Updated'}
2023-01-03 10:09:05,413 [EventQueue-CommandQueueReportForCommandQueueReportHandler] WARN  events.EventQueue (EventQueue.java:fireEvent(216)) - No event handler registered for event TypedEvent{payloadType=DatanodeDetails, name='Datanode_Command_Queue_Updated'}
2023-01-03 10:09:05,476 [EventQueue-CommandQueueReportForCommandQueueReportHandler] WARN  events.EventQueue (EventQueue.java:fireEvent(216)) - No event handler registered for event TypedEvent{payloadType=DatanodeDetails, name='Datanode_Command_Queue_Updated'}
2023-01-03 10:09:05,577 [Listener at 127.0.0.1/33423] INFO  ozone.MiniOzoneClusterImpl (MiniOzoneClusterImpl.java:lambda$waitForClusterToBeReady$0(217)) - Nodes are ready. Got 5 of 5 DN Heartbeats.
2023-01-03 10:09:05,577 [Listener at 127.0.0.1/33423] INFO  ozone.MiniOzoneClusterImpl (MiniOzoneClusterImpl.java:lambda$waitForClusterToBeReady$0(220)) - Cluster exits safe mode
2023-01-03 10:09:05,577 [Listener at 127.0.0.1/33423] INFO  ozone.MiniOzoneClusterImpl (MiniOzoneClusterImpl.java:lambda$waitForClusterToBeReady$0(222)) - SCM became leader
2023-01-03 10:09:05,595 [Listener at 127.0.0.1/33423] INFO  rpc.RpcClient (RpcClient.java:createVolume(474)) - Creating Volume: volume03607, with user09021 as owner and space quota set to -1 bytes, counts quota set to -1
2023-01-03 10:09:05,595 [IPC Server handler 3 on default port 33423] INFO  volume.OMVolumeCreateRequest (OMVolumeCreateRequest.java:validateAndUpdateCache(195)) - created volume:volume03607 for user:user09021
2023-01-03 10:09:05,599 [Listener at 127.0.0.1/33423] INFO  rpc.RpcClient (RpcClient.java:createBucket(693)) - Creating Bucket: volume03607/bucket70088, with bucket layout LEGACY, runner as owner, Versioning false, Storage Type set to DISK and Encryption set to false 
2023-01-03 10:09:05,600 [IPC Server handler 4 on default port 33423] INFO  bucket.OMBucketCreateRequest (OMBucketCreateRequest.java:validateAndUpdateCache(260)) - created bucket: bucket70088 of layout LEGACY in volume: volume03607
]]></system-out>
  </testcase>
  <testcase name="testSeekOnFileLength" classname="TestOzoneFileSystem" time="0.705">
    <system-out><![CDATA[2023-01-03 10:06:21,419 [IPC Server handler 6 on default port 34199] INFO  ha.SequenceIdGenerator (SequenceIdGenerator.java:getNextId(128)) - Allocate a batch for containerId, change lastId from 0 to 1000.
2023-01-03 10:06:21,428 [IPC Server handler 6 on default port 34199] WARN  ha.SequenceIdGenerator (SequenceIdGenerator.java:allocateBatch(237)) - Failed to allocate a batch for localId, expected lastId is 0, actual lastId is 111677748019200000.
2023-01-03 10:06:21,428 [IPC Server handler 6 on default port 34199] INFO  ha.SequenceIdGenerator (SequenceIdGenerator.java:getNextId(128)) - Allocate a batch for localId, change lastId from 111677748019200000 to 111677748019201000.
2023-01-03 10:06:21,495 [Time-limited test] INFO  impl.MetricsSystemImpl (MetricsSystemImpl.java:init(158)) - XceiverClientMetrics metrics system started (again)
2023-01-03 10:06:21,574 [EventQueue-CommandQueueReportForCommandQueueReportHandler] WARN  events.EventQueue (EventQueue.java:fireEvent(216)) - No event handler registered for event TypedEvent{payloadType=DatanodeDetails, name='Datanode_Command_Queue_Updated'}
2023-01-03 10:06:21,688 [EventQueue-CommandQueueReportForCommandQueueReportHandler] WARN  events.EventQueue (EventQueue.java:fireEvent(216)) - No event handler registered for event TypedEvent{payloadType=DatanodeDetails, name='Datanode_Command_Queue_Updated'}
2023-01-03 10:06:21,747 [EventQueue-CommandQueueReportForCommandQueueReportHandler] WARN  events.EventQueue (EventQueue.java:fireEvent(216)) - No event handler registered for event TypedEvent{payloadType=DatanodeDetails, name='Datanode_Command_Queue_Updated'}
2023-01-03 10:06:21,750 [EventQueue-CommandQueueReportForCommandQueueReportHandler] WARN  events.EventQueue (EventQueue.java:fireEvent(216)) - No event handler registered for event TypedEvent{payloadType=DatanodeDetails, name='Datanode_Command_Queue_Updated'}
2023-01-03 10:06:21,754 [EventQueue-CommandQueueReportForCommandQueueReportHandler] WARN  events.EventQueue (EventQueue.java:fireEvent(216)) - No event handler registered for event TypedEvent{payloadType=DatanodeDetails, name='Datanode_Command_Queue_Updated'}
10:06:22.045 [IPC Server handler 14 on default port 41175] ERROR OMAudit - user=runner | ip=127.0.0.1 | op=READ_KEY {volume=volume17571, bucket=bucket85979, key=file_notexist, dataSize=0, replicationConfig=null} | ret=FAILURE
org.apache.hadoop.ozone.om.exceptions.OMException: Key:file_notexist not found
	at org.apache.hadoop.ozone.om.KeyManagerImpl.readKeyInfo(KeyManagerImpl.java:391) ~[ozone-manager-1.4.0-SNAPSHOT.jar:?]
	at org.apache.hadoop.ozone.om.KeyManagerImpl.lambda$9(KeyManagerImpl.java:2010) ~[ozone-manager-1.4.0-SNAPSHOT.jar:?]
	at org.apache.hadoop.util.MetricUtil.captureLatencyNs(MetricUtil.java:36) ~[hdds-common-1.4.0-SNAPSHOT.jar:?]
	at org.apache.hadoop.ozone.om.KeyManagerImpl.getKeyInfo(KeyManagerImpl.java:2008) ~[ozone-manager-1.4.0-SNAPSHOT.jar:?]
	at org.apache.hadoop.ozone.om.OzoneManager.getKeyInfo(OzoneManager.java:2900) ~[ozone-manager-1.4.0-SNAPSHOT.jar:?]
	at org.apache.hadoop.ozone.protocolPB.OzoneManagerRequestHandler.getKeyInfo(OzoneManagerRequestHandler.java:522) ~[ozone-manager-1.4.0-SNAPSHOT.jar:?]
	at org.apache.hadoop.ozone.protocolPB.OzoneManagerRequestHandler.handleReadRequest(OzoneManagerRequestHandler.java:285) ~[ozone-manager-1.4.0-SNAPSHOT.jar:?]
	at org.apache.hadoop.ozone.protocolPB.OzoneManagerProtocolServerSideTranslatorPB.submitReadRequestToOM(OzoneManagerProtocolServerSideTranslatorPB.java:226) ~[ozone-manager-1.4.0-SNAPSHOT.jar:?]
	at org.apache.hadoop.ozone.protocolPB.OzoneManagerProtocolServerSideTranslatorPB.processRequest(OzoneManagerProtocolServerSideTranslatorPB.java:175) ~[ozone-manager-1.4.0-SNAPSHOT.jar:?]
	at org.apache.hadoop.hdds.server.OzoneProtocolMessageDispatcher.processRequest(OzoneProtocolMessageDispatcher.java:87) [hdds-server-framework-1.4.0-SNAPSHOT.jar:?]
	at org.apache.hadoop.ozone.protocolPB.OzoneManagerProtocolServerSideTranslatorPB.submitRequest(OzoneManagerProtocolServerSideTranslatorPB.java:147) [ozone-manager-1.4.0-SNAPSHOT.jar:?]
	at org.apache.hadoop.ozone.protocol.proto.OzoneManagerProtocolProtos$OzoneManagerService$2.callBlockingMethod(OzoneManagerProtocolProtos.java) [ozone-interface-client-1.4.0-SNAPSHOT.jar:?]
	at org.apache.hadoop.ipc.ProtobufRpcEngine$Server.processCall(ProtobufRpcEngine.java:465) [hadoop-common-3.3.4.jar:?]
	at org.apache.hadoop.ipc.ProtobufRpcEngine2$Server$ProtoBufRpcInvoker.call(ProtobufRpcEngine2.java:578) [hadoop-common-3.3.4.jar:?]
	at org.apache.hadoop.ipc.ProtobufRpcEngine2$Server$ProtoBufRpcInvoker.call(ProtobufRpcEngine2.java:556) [hadoop-common-3.3.4.jar:?]
	at org.apache.hadoop.ipc.RPC$Server.call(RPC.java:1093) [hadoop-common-3.3.4.jar:?]
	at org.apache.hadoop.ipc.Server$RpcCall.run(Server.java:1043) [hadoop-common-3.3.4.jar:?]
	at org.apache.hadoop.ipc.Server$RpcCall.run(Server.java:971) [hadoop-common-3.3.4.jar:?]
	at java.security.AccessController.doPrivileged(Native Method) ~[?:1.8.0_352]
	at javax.security.auth.Subject.doAs(Subject.java:422) [?:1.8.0_352]
	at org.apache.hadoop.security.UserGroupInformation.doAs(UserGroupInformation.java:1878) [hadoop-common-3.3.4.jar:?]
	at org.apache.hadoop.ipc.Server$Handler.run(Server.java:2976) [hadoop-common-3.3.4.jar:?]
]]></system-out>
  </testcase>
  <testcase name="testSeekOnFileLength" classname="TestOzoneFileSystem" time="0.098">
    <system-out><![CDATA[2023-01-03 10:07:22,146 [IPC Server handler 0 on default port 38917] INFO  ha.SequenceIdGenerator (SequenceIdGenerator.java:getNextId(128)) - Allocate a batch for containerId, change lastId from 0 to 1000.
2023-01-03 10:07:22,147 [IPC Server handler 0 on default port 38917] WARN  ha.SequenceIdGenerator (SequenceIdGenerator.java:allocateBatch(237)) - Failed to allocate a batch for localId, expected lastId is 0, actual lastId is 111677748019200000.
2023-01-03 10:07:22,147 [IPC Server handler 0 on default port 38917] INFO  ha.SequenceIdGenerator (SequenceIdGenerator.java:getNextId(128)) - Allocate a batch for localId, change lastId from 111677748019200000 to 111677748019201000.
2023-01-03 10:07:22,174 [EventQueue-CommandQueueReportForCommandQueueReportHandler] WARN  events.EventQueue (EventQueue.java:fireEvent(216)) - No event handler registered for event TypedEvent{payloadType=DatanodeDetails, name='Datanode_Command_Queue_Updated'}
2023-01-03 10:07:22,180 [EventQueue-CommandQueueReportForCommandQueueReportHandler] WARN  events.EventQueue (EventQueue.java:fireEvent(216)) - No event handler registered for event TypedEvent{payloadType=DatanodeDetails, name='Datanode_Command_Queue_Updated'}
2023-01-03 10:07:22,180 [EventQueue-CommandQueueReportForCommandQueueReportHandler] WARN  events.EventQueue (EventQueue.java:fireEvent(216)) - No event handler registered for event TypedEvent{payloadType=DatanodeDetails, name='Datanode_Command_Queue_Updated'}
10:07:22.232 [IPC Server handler 14 on default port 46801] ERROR OMAudit - user=runner | ip=127.0.0.1 | op=READ_KEY {volume=volume72509, bucket=bucket24043, key=file_notexist, dataSize=0, replicationConfig=null} | ret=FAILURE
org.apache.hadoop.ozone.om.exceptions.OMException: Key:file_notexist not found
	at org.apache.hadoop.ozone.om.KeyManagerImpl.readKeyInfo(KeyManagerImpl.java:391) ~[ozone-manager-1.4.0-SNAPSHOT.jar:?]
	at org.apache.hadoop.ozone.om.KeyManagerImpl.lambda$9(KeyManagerImpl.java:2010) ~[ozone-manager-1.4.0-SNAPSHOT.jar:?]
	at org.apache.hadoop.util.MetricUtil.captureLatencyNs(MetricUtil.java:36) ~[hdds-common-1.4.0-SNAPSHOT.jar:?]
	at org.apache.hadoop.ozone.om.KeyManagerImpl.getKeyInfo(KeyManagerImpl.java:2008) ~[ozone-manager-1.4.0-SNAPSHOT.jar:?]
	at org.apache.hadoop.ozone.om.OzoneManager.getKeyInfo(OzoneManager.java:2900) ~[ozone-manager-1.4.0-SNAPSHOT.jar:?]
	at org.apache.hadoop.ozone.protocolPB.OzoneManagerRequestHandler.getKeyInfo(OzoneManagerRequestHandler.java:522) ~[ozone-manager-1.4.0-SNAPSHOT.jar:?]
	at org.apache.hadoop.ozone.protocolPB.OzoneManagerRequestHandler.handleReadRequest(OzoneManagerRequestHandler.java:285) ~[ozone-manager-1.4.0-SNAPSHOT.jar:?]
	at org.apache.hadoop.ozone.protocolPB.OzoneManagerProtocolServerSideTranslatorPB.submitRequestDirectlyToOM(OzoneManagerProtocolServerSideTranslatorPB.java:276) ~[ozone-manager-1.4.0-SNAPSHOT.jar:?]
	at org.apache.hadoop.ozone.protocolPB.OzoneManagerProtocolServerSideTranslatorPB.processRequest(OzoneManagerProtocolServerSideTranslatorPB.java:205) ~[ozone-manager-1.4.0-SNAPSHOT.jar:?]
	at org.apache.hadoop.hdds.server.OzoneProtocolMessageDispatcher.processRequest(OzoneProtocolMessageDispatcher.java:87) [hdds-server-framework-1.4.0-SNAPSHOT.jar:?]
	at org.apache.hadoop.ozone.protocolPB.OzoneManagerProtocolServerSideTranslatorPB.submitRequest(OzoneManagerProtocolServerSideTranslatorPB.java:147) [ozone-manager-1.4.0-SNAPSHOT.jar:?]
	at org.apache.hadoop.ozone.protocol.proto.OzoneManagerProtocolProtos$OzoneManagerService$2.callBlockingMethod(OzoneManagerProtocolProtos.java) [ozone-interface-client-1.4.0-SNAPSHOT.jar:?]
	at org.apache.hadoop.ipc.ProtobufRpcEngine$Server.processCall(ProtobufRpcEngine.java:465) [hadoop-common-3.3.4.jar:?]
	at org.apache.hadoop.ipc.ProtobufRpcEngine2$Server$ProtoBufRpcInvoker.call(ProtobufRpcEngine2.java:578) [hadoop-common-3.3.4.jar:?]
	at org.apache.hadoop.ipc.ProtobufRpcEngine2$Server$ProtoBufRpcInvoker.call(ProtobufRpcEngine2.java:556) [hadoop-common-3.3.4.jar:?]
	at org.apache.hadoop.ipc.RPC$Server.call(RPC.java:1093) [hadoop-common-3.3.4.jar:?]
	at org.apache.hadoop.ipc.Server$RpcCall.run(Server.java:1043) [hadoop-common-3.3.4.jar:?]
	at org.apache.hadoop.ipc.Server$RpcCall.run(Server.java:971) [hadoop-common-3.3.4.jar:?]
	at java.security.AccessController.doPrivileged(Native Method) ~[?:1.8.0_352]
	at javax.security.auth.Subject.doAs(Subject.java:422) [?:1.8.0_352]
	at org.apache.hadoop.security.UserGroupInformation.doAs(UserGroupInformation.java:1878) [hadoop-common-3.3.4.jar:?]
	at org.apache.hadoop.ipc.Server$Handler.run(Server.java:2976) [hadoop-common-3.3.4.jar:?]
]]></system-out>
  </testcase>
  <testcase name="testSeekOnFileLength" classname="TestOzoneFileSystem" time="0.095">
    <system-out><![CDATA[2023-01-03 10:08:12,363 [IPC Server handler 13 on default port 39587] INFO  ha.SequenceIdGenerator (SequenceIdGenerator.java:getNextId(128)) - Allocate a batch for containerId, change lastId from 0 to 1000.
2023-01-03 10:08:12,364 [IPC Server handler 13 on default port 39587] WARN  ha.SequenceIdGenerator (SequenceIdGenerator.java:allocateBatch(237)) - Failed to allocate a batch for localId, expected lastId is 0, actual lastId is 111677748019200000.
2023-01-03 10:08:12,364 [IPC Server handler 13 on default port 39587] INFO  ha.SequenceIdGenerator (SequenceIdGenerator.java:getNextId(128)) - Allocate a batch for localId, change lastId from 111677748019200000 to 111677748019201000.
2023-01-03 10:08:12,376 [EventQueue-CommandQueueReportForCommandQueueReportHandler] WARN  events.EventQueue (EventQueue.java:fireEvent(216)) - No event handler registered for event TypedEvent{payloadType=DatanodeDetails, name='Datanode_Command_Queue_Updated'}
2023-01-03 10:08:12,396 [EventQueue-CommandQueueReportForCommandQueueReportHandler] WARN  events.EventQueue (EventQueue.java:fireEvent(216)) - No event handler registered for event TypedEvent{payloadType=DatanodeDetails, name='Datanode_Command_Queue_Updated'}
2023-01-03 10:08:12,398 [EventQueue-CommandQueueReportForCommandQueueReportHandler] WARN  events.EventQueue (EventQueue.java:fireEvent(216)) - No event handler registered for event TypedEvent{payloadType=DatanodeDetails, name='Datanode_Command_Queue_Updated'}
2023-01-03 10:08:12,398 [EventQueue-CommandQueueReportForCommandQueueReportHandler] WARN  events.EventQueue (EventQueue.java:fireEvent(216)) - No event handler registered for event TypedEvent{payloadType=DatanodeDetails, name='Datanode_Command_Queue_Updated'}
2023-01-03 10:08:12,439 [EventQueue-CommandQueueReportForCommandQueueReportHandler] WARN  events.EventQueue (EventQueue.java:fireEvent(216)) - No event handler registered for event TypedEvent{payloadType=DatanodeDetails, name='Datanode_Command_Queue_Updated'}
10:08:12.449 [IPC Server handler 15 on default port 46431] ERROR OMAudit - user=runner | ip=127.0.0.1 | op=READ_KEY {volume=volume30750, bucket=bucket79142, key=file_notexist, dataSize=0, replicationConfig=null} | ret=FAILURE
org.apache.hadoop.ozone.om.exceptions.OMException: Key:file_notexist not found
	at org.apache.hadoop.ozone.om.KeyManagerImpl.readKeyInfo(KeyManagerImpl.java:391) ~[ozone-manager-1.4.0-SNAPSHOT.jar:?]
	at org.apache.hadoop.ozone.om.KeyManagerImpl.lambda$9(KeyManagerImpl.java:2010) ~[ozone-manager-1.4.0-SNAPSHOT.jar:?]
	at org.apache.hadoop.util.MetricUtil.captureLatencyNs(MetricUtil.java:36) ~[hdds-common-1.4.0-SNAPSHOT.jar:?]
	at org.apache.hadoop.ozone.om.KeyManagerImpl.getKeyInfo(KeyManagerImpl.java:2008) ~[ozone-manager-1.4.0-SNAPSHOT.jar:?]
	at org.apache.hadoop.ozone.om.OzoneManager.getKeyInfo(OzoneManager.java:2900) ~[ozone-manager-1.4.0-SNAPSHOT.jar:?]
	at org.apache.hadoop.ozone.protocolPB.OzoneManagerRequestHandler.getKeyInfo(OzoneManagerRequestHandler.java:522) ~[ozone-manager-1.4.0-SNAPSHOT.jar:?]
	at org.apache.hadoop.ozone.protocolPB.OzoneManagerRequestHandler.handleReadRequest(OzoneManagerRequestHandler.java:285) ~[ozone-manager-1.4.0-SNAPSHOT.jar:?]
	at org.apache.hadoop.ozone.protocolPB.OzoneManagerProtocolServerSideTranslatorPB.submitReadRequestToOM(OzoneManagerProtocolServerSideTranslatorPB.java:226) ~[ozone-manager-1.4.0-SNAPSHOT.jar:?]
	at org.apache.hadoop.ozone.protocolPB.OzoneManagerProtocolServerSideTranslatorPB.processRequest(OzoneManagerProtocolServerSideTranslatorPB.java:175) ~[ozone-manager-1.4.0-SNAPSHOT.jar:?]
	at org.apache.hadoop.hdds.server.OzoneProtocolMessageDispatcher.processRequest(OzoneProtocolMessageDispatcher.java:87) [hdds-server-framework-1.4.0-SNAPSHOT.jar:?]
	at org.apache.hadoop.ozone.protocolPB.OzoneManagerProtocolServerSideTranslatorPB.submitRequest(OzoneManagerProtocolServerSideTranslatorPB.java:147) [ozone-manager-1.4.0-SNAPSHOT.jar:?]
	at org.apache.hadoop.ozone.protocol.proto.OzoneManagerProtocolProtos$OzoneManagerService$2.callBlockingMethod(OzoneManagerProtocolProtos.java) [ozone-interface-client-1.4.0-SNAPSHOT.jar:?]
	at org.apache.hadoop.ipc.ProtobufRpcEngine$Server.processCall(ProtobufRpcEngine.java:465) [hadoop-common-3.3.4.jar:?]
	at org.apache.hadoop.ipc.ProtobufRpcEngine2$Server$ProtoBufRpcInvoker.call(ProtobufRpcEngine2.java:578) [hadoop-common-3.3.4.jar:?]
	at org.apache.hadoop.ipc.ProtobufRpcEngine2$Server$ProtoBufRpcInvoker.call(ProtobufRpcEngine2.java:556) [hadoop-common-3.3.4.jar:?]
	at org.apache.hadoop.ipc.RPC$Server.call(RPC.java:1093) [hadoop-common-3.3.4.jar:?]
	at org.apache.hadoop.ipc.Server$RpcCall.run(Server.java:1043) [hadoop-common-3.3.4.jar:?]
	at org.apache.hadoop.ipc.Server$RpcCall.run(Server.java:971) [hadoop-common-3.3.4.jar:?]
	at java.security.AccessController.doPrivileged(Native Method) ~[?:1.8.0_352]
	at javax.security.auth.Subject.doAs(Subject.java:422) [?:1.8.0_352]
	at org.apache.hadoop.security.UserGroupInformation.doAs(UserGroupInformation.java:1878) [hadoop-common-3.3.4.jar:?]
	at org.apache.hadoop.ipc.Server$Handler.run(Server.java:2976) [hadoop-common-3.3.4.jar:?]
]]></system-out>
  </testcase>
  <testcase name="testSeekOnFileLength" classname="TestOzoneFileSystem" time="0.11">
    <system-out><![CDATA[2023-01-03 10:09:05,622 [IPC Server handler 2 on default port 39719] INFO  ha.SequenceIdGenerator (SequenceIdGenerator.java:getNextId(128)) - Allocate a batch for containerId, change lastId from 0 to 1000.
2023-01-03 10:09:05,623 [IPC Server handler 2 on default port 39719] WARN  ha.SequenceIdGenerator (SequenceIdGenerator.java:allocateBatch(237)) - Failed to allocate a batch for localId, expected lastId is 0, actual lastId is 111677748019200000.
2023-01-03 10:09:05,623 [IPC Server handler 2 on default port 39719] INFO  ha.SequenceIdGenerator (SequenceIdGenerator.java:getNextId(128)) - Allocate a batch for localId, change lastId from 111677748019200000 to 111677748019201000.
2023-01-03 10:09:05,644 [EventQueue-CommandQueueReportForCommandQueueReportHandler] WARN  events.EventQueue (EventQueue.java:fireEvent(216)) - No event handler registered for event TypedEvent{payloadType=DatanodeDetails, name='Datanode_Command_Queue_Updated'}
2023-01-03 10:09:05,653 [EventQueue-CommandQueueReportForCommandQueueReportHandler] WARN  events.EventQueue (EventQueue.java:fireEvent(216)) - No event handler registered for event TypedEvent{payloadType=DatanodeDetails, name='Datanode_Command_Queue_Updated'}
2023-01-03 10:09:05,666 [EventQueue-CommandQueueReportForCommandQueueReportHandler] WARN  events.EventQueue (EventQueue.java:fireEvent(216)) - No event handler registered for event TypedEvent{payloadType=DatanodeDetails, name='Datanode_Command_Queue_Updated'}
2023-01-03 10:09:05,675 [EventQueue-CommandQueueReportForCommandQueueReportHandler] WARN  events.EventQueue (EventQueue.java:fireEvent(216)) - No event handler registered for event TypedEvent{payloadType=DatanodeDetails, name='Datanode_Command_Queue_Updated'}
10:09:05.721 [IPC Server handler 14 on default port 33423] ERROR OMAudit - user=runner | ip=127.0.0.1 | op=READ_KEY {volume=volume03607, bucket=bucket70088, key=file_notexist, dataSize=0, replicationConfig=null} | ret=FAILURE
org.apache.hadoop.ozone.om.exceptions.OMException: Key:file_notexist not found
	at org.apache.hadoop.ozone.om.KeyManagerImpl.readKeyInfo(KeyManagerImpl.java:391) ~[ozone-manager-1.4.0-SNAPSHOT.jar:?]
	at org.apache.hadoop.ozone.om.KeyManagerImpl.lambda$9(KeyManagerImpl.java:2010) ~[ozone-manager-1.4.0-SNAPSHOT.jar:?]
	at org.apache.hadoop.util.MetricUtil.captureLatencyNs(MetricUtil.java:36) ~[hdds-common-1.4.0-SNAPSHOT.jar:?]
	at org.apache.hadoop.ozone.om.KeyManagerImpl.getKeyInfo(KeyManagerImpl.java:2008) ~[ozone-manager-1.4.0-SNAPSHOT.jar:?]
	at org.apache.hadoop.ozone.om.OzoneManager.getKeyInfo(OzoneManager.java:2900) ~[ozone-manager-1.4.0-SNAPSHOT.jar:?]
	at org.apache.hadoop.ozone.protocolPB.OzoneManagerRequestHandler.getKeyInfo(OzoneManagerRequestHandler.java:522) ~[ozone-manager-1.4.0-SNAPSHOT.jar:?]
	at org.apache.hadoop.ozone.protocolPB.OzoneManagerRequestHandler.handleReadRequest(OzoneManagerRequestHandler.java:285) ~[ozone-manager-1.4.0-SNAPSHOT.jar:?]
	at org.apache.hadoop.ozone.protocolPB.OzoneManagerProtocolServerSideTranslatorPB.submitRequestDirectlyToOM(OzoneManagerProtocolServerSideTranslatorPB.java:276) ~[ozone-manager-1.4.0-SNAPSHOT.jar:?]
	at org.apache.hadoop.ozone.protocolPB.OzoneManagerProtocolServerSideTranslatorPB.processRequest(OzoneManagerProtocolServerSideTranslatorPB.java:205) ~[ozone-manager-1.4.0-SNAPSHOT.jar:?]
	at org.apache.hadoop.hdds.server.OzoneProtocolMessageDispatcher.processRequest(OzoneProtocolMessageDispatcher.java:87) [hdds-server-framework-1.4.0-SNAPSHOT.jar:?]
	at org.apache.hadoop.ozone.protocolPB.OzoneManagerProtocolServerSideTranslatorPB.submitRequest(OzoneManagerProtocolServerSideTranslatorPB.java:147) [ozone-manager-1.4.0-SNAPSHOT.jar:?]
	at org.apache.hadoop.ozone.protocol.proto.OzoneManagerProtocolProtos$OzoneManagerService$2.callBlockingMethod(OzoneManagerProtocolProtos.java) [ozone-interface-client-1.4.0-SNAPSHOT.jar:?]
	at org.apache.hadoop.ipc.ProtobufRpcEngine$Server.processCall(ProtobufRpcEngine.java:465) [hadoop-common-3.3.4.jar:?]
	at org.apache.hadoop.ipc.ProtobufRpcEngine2$Server$ProtoBufRpcInvoker.call(ProtobufRpcEngine2.java:578) [hadoop-common-3.3.4.jar:?]
	at org.apache.hadoop.ipc.ProtobufRpcEngine2$Server$ProtoBufRpcInvoker.call(ProtobufRpcEngine2.java:556) [hadoop-common-3.3.4.jar:?]
	at org.apache.hadoop.ipc.RPC$Server.call(RPC.java:1093) [hadoop-common-3.3.4.jar:?]
	at org.apache.hadoop.ipc.Server$RpcCall.run(Server.java:1043) [hadoop-common-3.3.4.jar:?]
	at org.apache.hadoop.ipc.Server$RpcCall.run(Server.java:971) [hadoop-common-3.3.4.jar:?]
	at java.security.AccessController.doPrivileged(Native Method) ~[?:1.8.0_352]
	at javax.security.auth.Subject.doAs(Subject.java:422) [?:1.8.0_352]
	at org.apache.hadoop.security.UserGroupInformation.doAs(UserGroupInformation.java:1878) [hadoop-common-3.3.4.jar:?]
	at org.apache.hadoop.ipc.Server$Handler.run(Server.java:2976) [hadoop-common-3.3.4.jar:?]
]]></system-out>
  </testcase>
  <testcase name="testRenameFile" classname="TestOzoneFileSystem" time="0.102">
    <system-out><![CDATA[2023-01-03 10:06:22,098 [OM StateMachine ApplyTransaction Thread - 0] INFO  key.OMKeyRequest (OMKeyRequest.java:wrapUncommittedBlocksAsPseudoKey(835)) - Detect allocated but uncommitted blocks [{blockID={containerID=2, localID=111677748019200002}, length=4194304, offset=0, token=null, pipeline=null, createVersion=0, partNumber=0}] in key root/file1_Copy.
10:06:22.104 [IPC Server handler 6 on default port 41175] ERROR OMAudit - user=runner | ip=127.0.0.1 | op=GET_FILE_STATUS {volume=volume17571, bucket=bucket85979, key=root/file1, dataSize=0, replicationConfig=null} | ret=FAILURE
org.apache.hadoop.ozone.om.exceptions.OMException: Unable to get file status: volume: volume17571 bucket: bucket85979 key: root/file1
	at org.apache.hadoop.ozone.om.KeyManagerImpl.getOzoneFileStatus(KeyManagerImpl.java:1301) ~[ozone-manager-1.4.0-SNAPSHOT.jar:?]
	at org.apache.hadoop.ozone.om.KeyManagerImpl.getFileStatus(KeyManagerImpl.java:1219) ~[ozone-manager-1.4.0-SNAPSHOT.jar:?]
	at org.apache.hadoop.ozone.om.OzoneManager.getFileStatus(OzoneManager.java:3578) ~[ozone-manager-1.4.0-SNAPSHOT.jar:?]
	at org.apache.hadoop.ozone.protocolPB.OzoneManagerRequestHandler.getOzoneFileStatus(OzoneManagerRequestHandler.java:907) ~[ozone-manager-1.4.0-SNAPSHOT.jar:?]
	at org.apache.hadoop.ozone.protocolPB.OzoneManagerRequestHandler.handleReadRequest(OzoneManagerRequestHandler.java:231) ~[ozone-manager-1.4.0-SNAPSHOT.jar:?]
	at org.apache.hadoop.ozone.protocolPB.OzoneManagerProtocolServerSideTranslatorPB.submitReadRequestToOM(OzoneManagerProtocolServerSideTranslatorPB.java:226) ~[ozone-manager-1.4.0-SNAPSHOT.jar:?]
	at org.apache.hadoop.ozone.protocolPB.OzoneManagerProtocolServerSideTranslatorPB.processRequest(OzoneManagerProtocolServerSideTranslatorPB.java:175) ~[ozone-manager-1.4.0-SNAPSHOT.jar:?]
	at org.apache.hadoop.hdds.server.OzoneProtocolMessageDispatcher.processRequest(OzoneProtocolMessageDispatcher.java:87) [hdds-server-framework-1.4.0-SNAPSHOT.jar:?]
	at org.apache.hadoop.ozone.protocolPB.OzoneManagerProtocolServerSideTranslatorPB.submitRequest(OzoneManagerProtocolServerSideTranslatorPB.java:147) [ozone-manager-1.4.0-SNAPSHOT.jar:?]
	at org.apache.hadoop.ozone.protocol.proto.OzoneManagerProtocolProtos$OzoneManagerService$2.callBlockingMethod(OzoneManagerProtocolProtos.java) [ozone-interface-client-1.4.0-SNAPSHOT.jar:?]
	at org.apache.hadoop.ipc.ProtobufRpcEngine$Server.processCall(ProtobufRpcEngine.java:465) [hadoop-common-3.3.4.jar:?]
	at org.apache.hadoop.ipc.ProtobufRpcEngine2$Server$ProtoBufRpcInvoker.call(ProtobufRpcEngine2.java:578) [hadoop-common-3.3.4.jar:?]
	at org.apache.hadoop.ipc.ProtobufRpcEngine2$Server$ProtoBufRpcInvoker.call(ProtobufRpcEngine2.java:556) [hadoop-common-3.3.4.jar:?]
	at org.apache.hadoop.ipc.RPC$Server.call(RPC.java:1093) [hadoop-common-3.3.4.jar:?]
	at org.apache.hadoop.ipc.Server$RpcCall.run(Server.java:1043) [hadoop-common-3.3.4.jar:?]
	at org.apache.hadoop.ipc.Server$RpcCall.run(Server.java:971) [hadoop-common-3.3.4.jar:?]
	at java.security.AccessController.doPrivileged(Native Method) ~[?:1.8.0_352]
	at javax.security.auth.Subject.doAs(Subject.java:422) [?:1.8.0_352]
	at org.apache.hadoop.security.UserGroupInformation.doAs(UserGroupInformation.java:1878) [hadoop-common-3.3.4.jar:?]
	at org.apache.hadoop.ipc.Server$Handler.run(Server.java:2976) [hadoop-common-3.3.4.jar:?]
]]></system-out>
  </testcase>
  <testcase name="testRenameFile" classname="TestOzoneFileSystem" time="0.022">
    <system-out><![CDATA[2023-01-03 10:07:22,247 [IPC Server handler 0 on default port 46801] INFO  key.OMKeyRequest (OMKeyRequest.java:wrapUncommittedBlocksAsPseudoKey(835)) - Detect allocated but uncommitted blocks [{blockID={containerID=2, localID=111677748019200002}, length=4194304, offset=0, token=null, pipeline=null, createVersion=0, partNumber=0}] in key root/file1_Copy.
10:07:22.249 [IPC Server handler 2 on default port 46801] ERROR OMAudit - user=runner | ip=127.0.0.1 | op=GET_FILE_STATUS {volume=volume72509, bucket=bucket24043, key=root/file1, dataSize=0, replicationConfig=null} | ret=FAILURE
org.apache.hadoop.ozone.om.exceptions.OMException: Unable to get file status: volume: volume72509 bucket: bucket24043 key: root/file1
	at org.apache.hadoop.ozone.om.KeyManagerImpl.getOzoneFileStatus(KeyManagerImpl.java:1301) ~[ozone-manager-1.4.0-SNAPSHOT.jar:?]
	at org.apache.hadoop.ozone.om.KeyManagerImpl.getFileStatus(KeyManagerImpl.java:1219) ~[ozone-manager-1.4.0-SNAPSHOT.jar:?]
	at org.apache.hadoop.ozone.om.OzoneManager.getFileStatus(OzoneManager.java:3578) ~[ozone-manager-1.4.0-SNAPSHOT.jar:?]
	at org.apache.hadoop.ozone.protocolPB.OzoneManagerRequestHandler.getOzoneFileStatus(OzoneManagerRequestHandler.java:907) ~[ozone-manager-1.4.0-SNAPSHOT.jar:?]
	at org.apache.hadoop.ozone.protocolPB.OzoneManagerRequestHandler.handleReadRequest(OzoneManagerRequestHandler.java:231) ~[ozone-manager-1.4.0-SNAPSHOT.jar:?]
	at org.apache.hadoop.ozone.protocolPB.OzoneManagerProtocolServerSideTranslatorPB.submitRequestDirectlyToOM(OzoneManagerProtocolServerSideTranslatorPB.java:276) ~[ozone-manager-1.4.0-SNAPSHOT.jar:?]
	at org.apache.hadoop.ozone.protocolPB.OzoneManagerProtocolServerSideTranslatorPB.processRequest(OzoneManagerProtocolServerSideTranslatorPB.java:205) ~[ozone-manager-1.4.0-SNAPSHOT.jar:?]
	at org.apache.hadoop.hdds.server.OzoneProtocolMessageDispatcher.processRequest(OzoneProtocolMessageDispatcher.java:87) [hdds-server-framework-1.4.0-SNAPSHOT.jar:?]
	at org.apache.hadoop.ozone.protocolPB.OzoneManagerProtocolServerSideTranslatorPB.submitRequest(OzoneManagerProtocolServerSideTranslatorPB.java:147) [ozone-manager-1.4.0-SNAPSHOT.jar:?]
	at org.apache.hadoop.ozone.protocol.proto.OzoneManagerProtocolProtos$OzoneManagerService$2.callBlockingMethod(OzoneManagerProtocolProtos.java) [ozone-interface-client-1.4.0-SNAPSHOT.jar:?]
	at org.apache.hadoop.ipc.ProtobufRpcEngine$Server.processCall(ProtobufRpcEngine.java:465) [hadoop-common-3.3.4.jar:?]
	at org.apache.hadoop.ipc.ProtobufRpcEngine2$Server$ProtoBufRpcInvoker.call(ProtobufRpcEngine2.java:578) [hadoop-common-3.3.4.jar:?]
	at org.apache.hadoop.ipc.ProtobufRpcEngine2$Server$ProtoBufRpcInvoker.call(ProtobufRpcEngine2.java:556) [hadoop-common-3.3.4.jar:?]
	at org.apache.hadoop.ipc.RPC$Server.call(RPC.java:1093) [hadoop-common-3.3.4.jar:?]
	at org.apache.hadoop.ipc.Server$RpcCall.run(Server.java:1043) [hadoop-common-3.3.4.jar:?]
	at org.apache.hadoop.ipc.Server$RpcCall.run(Server.java:971) [hadoop-common-3.3.4.jar:?]
	at java.security.AccessController.doPrivileged(Native Method) ~[?:1.8.0_352]
	at javax.security.auth.Subject.doAs(Subject.java:422) [?:1.8.0_352]
	at org.apache.hadoop.security.UserGroupInformation.doAs(UserGroupInformation.java:1878) [hadoop-common-3.3.4.jar:?]
	at org.apache.hadoop.ipc.Server$Handler.run(Server.java:2976) [hadoop-common-3.3.4.jar:?]
]]></system-out>
  </testcase>
  <testcase name="testRenameFile" classname="TestOzoneFileSystem" time="0.02">
    <system-out><![CDATA[2023-01-03 10:08:12,463 [OM StateMachine ApplyTransaction Thread - 0] INFO  key.OMKeyRequest (OMKeyRequest.java:wrapUncommittedBlocksAsPseudoKey(835)) - Detect allocated but uncommitted blocks [{blockID={containerID=2, localID=111677748019200002}, length=4194304, offset=0, token=null, pipeline=null, createVersion=0, partNumber=0}] in key root/file1_Copy.
10:08:12.464 [IPC Server handler 4 on default port 46431] ERROR OMAudit - user=runner | ip=127.0.0.1 | op=GET_FILE_STATUS {volume=volume30750, bucket=bucket79142, key=root/file1, dataSize=0, replicationConfig=null} | ret=FAILURE
org.apache.hadoop.ozone.om.exceptions.OMException: Unable to get file status: volume: volume30750 bucket: bucket79142 key: root/file1
	at org.apache.hadoop.ozone.om.KeyManagerImpl.getOzoneFileStatus(KeyManagerImpl.java:1301) ~[ozone-manager-1.4.0-SNAPSHOT.jar:?]
	at org.apache.hadoop.ozone.om.KeyManagerImpl.getFileStatus(KeyManagerImpl.java:1219) ~[ozone-manager-1.4.0-SNAPSHOT.jar:?]
	at org.apache.hadoop.ozone.om.OzoneManager.getFileStatus(OzoneManager.java:3578) ~[ozone-manager-1.4.0-SNAPSHOT.jar:?]
	at org.apache.hadoop.ozone.protocolPB.OzoneManagerRequestHandler.getOzoneFileStatus(OzoneManagerRequestHandler.java:907) ~[ozone-manager-1.4.0-SNAPSHOT.jar:?]
	at org.apache.hadoop.ozone.protocolPB.OzoneManagerRequestHandler.handleReadRequest(OzoneManagerRequestHandler.java:231) ~[ozone-manager-1.4.0-SNAPSHOT.jar:?]
	at org.apache.hadoop.ozone.protocolPB.OzoneManagerProtocolServerSideTranslatorPB.submitReadRequestToOM(OzoneManagerProtocolServerSideTranslatorPB.java:226) ~[ozone-manager-1.4.0-SNAPSHOT.jar:?]
	at org.apache.hadoop.ozone.protocolPB.OzoneManagerProtocolServerSideTranslatorPB.processRequest(OzoneManagerProtocolServerSideTranslatorPB.java:175) ~[ozone-manager-1.4.0-SNAPSHOT.jar:?]
	at org.apache.hadoop.hdds.server.OzoneProtocolMessageDispatcher.processRequest(OzoneProtocolMessageDispatcher.java:87) [hdds-server-framework-1.4.0-SNAPSHOT.jar:?]
	at org.apache.hadoop.ozone.protocolPB.OzoneManagerProtocolServerSideTranslatorPB.submitRequest(OzoneManagerProtocolServerSideTranslatorPB.java:147) [ozone-manager-1.4.0-SNAPSHOT.jar:?]
	at org.apache.hadoop.ozone.protocol.proto.OzoneManagerProtocolProtos$OzoneManagerService$2.callBlockingMethod(OzoneManagerProtocolProtos.java) [ozone-interface-client-1.4.0-SNAPSHOT.jar:?]
	at org.apache.hadoop.ipc.ProtobufRpcEngine$Server.processCall(ProtobufRpcEngine.java:465) [hadoop-common-3.3.4.jar:?]
	at org.apache.hadoop.ipc.ProtobufRpcEngine2$Server$ProtoBufRpcInvoker.call(ProtobufRpcEngine2.java:578) [hadoop-common-3.3.4.jar:?]
	at org.apache.hadoop.ipc.ProtobufRpcEngine2$Server$ProtoBufRpcInvoker.call(ProtobufRpcEngine2.java:556) [hadoop-common-3.3.4.jar:?]
	at org.apache.hadoop.ipc.RPC$Server.call(RPC.java:1093) [hadoop-common-3.3.4.jar:?]
	at org.apache.hadoop.ipc.Server$RpcCall.run(Server.java:1043) [hadoop-common-3.3.4.jar:?]
	at org.apache.hadoop.ipc.Server$RpcCall.run(Server.java:971) [hadoop-common-3.3.4.jar:?]
	at java.security.AccessController.doPrivileged(Native Method) ~[?:1.8.0_352]
	at javax.security.auth.Subject.doAs(Subject.java:422) [?:1.8.0_352]
	at org.apache.hadoop.security.UserGroupInformation.doAs(UserGroupInformation.java:1878) [hadoop-common-3.3.4.jar:?]
	at org.apache.hadoop.ipc.Server$Handler.run(Server.java:2976) [hadoop-common-3.3.4.jar:?]
]]></system-out>
  </testcase>
  <testcase name="testRenameFile" classname="TestOzoneFileSystem" time="0.018">
    <system-out><![CDATA[2023-01-03 10:09:05,733 [IPC Server handler 1 on default port 33423] INFO  key.OMKeyRequest (OMKeyRequest.java:wrapUncommittedBlocksAsPseudoKey(835)) - Detect allocated but uncommitted blocks [{blockID={containerID=2, localID=111677748019200002}, length=4194304, offset=0, token=null, pipeline=null, createVersion=0, partNumber=0}] in key root/file1_Copy.
10:09:05.734 [IPC Server handler 3 on default port 33423] ERROR OMAudit - user=runner | ip=127.0.0.1 | op=GET_FILE_STATUS {volume=volume03607, bucket=bucket70088, key=root/file1, dataSize=0, replicationConfig=null} | ret=FAILURE
org.apache.hadoop.ozone.om.exceptions.OMException: Unable to get file status: volume: volume03607 bucket: bucket70088 key: root/file1
	at org.apache.hadoop.ozone.om.KeyManagerImpl.getOzoneFileStatus(KeyManagerImpl.java:1301) ~[ozone-manager-1.4.0-SNAPSHOT.jar:?]
	at org.apache.hadoop.ozone.om.KeyManagerImpl.getFileStatus(KeyManagerImpl.java:1219) ~[ozone-manager-1.4.0-SNAPSHOT.jar:?]
	at org.apache.hadoop.ozone.om.OzoneManager.getFileStatus(OzoneManager.java:3578) ~[ozone-manager-1.4.0-SNAPSHOT.jar:?]
	at org.apache.hadoop.ozone.protocolPB.OzoneManagerRequestHandler.getOzoneFileStatus(OzoneManagerRequestHandler.java:907) ~[ozone-manager-1.4.0-SNAPSHOT.jar:?]
	at org.apache.hadoop.ozone.protocolPB.OzoneManagerRequestHandler.handleReadRequest(OzoneManagerRequestHandler.java:231) ~[ozone-manager-1.4.0-SNAPSHOT.jar:?]
	at org.apache.hadoop.ozone.protocolPB.OzoneManagerProtocolServerSideTranslatorPB.submitRequestDirectlyToOM(OzoneManagerProtocolServerSideTranslatorPB.java:276) ~[ozone-manager-1.4.0-SNAPSHOT.jar:?]
	at org.apache.hadoop.ozone.protocolPB.OzoneManagerProtocolServerSideTranslatorPB.processRequest(OzoneManagerProtocolServerSideTranslatorPB.java:205) ~[ozone-manager-1.4.0-SNAPSHOT.jar:?]
	at org.apache.hadoop.hdds.server.OzoneProtocolMessageDispatcher.processRequest(OzoneProtocolMessageDispatcher.java:87) [hdds-server-framework-1.4.0-SNAPSHOT.jar:?]
	at org.apache.hadoop.ozone.protocolPB.OzoneManagerProtocolServerSideTranslatorPB.submitRequest(OzoneManagerProtocolServerSideTranslatorPB.java:147) [ozone-manager-1.4.0-SNAPSHOT.jar:?]
	at org.apache.hadoop.ozone.protocol.proto.OzoneManagerProtocolProtos$OzoneManagerService$2.callBlockingMethod(OzoneManagerProtocolProtos.java) [ozone-interface-client-1.4.0-SNAPSHOT.jar:?]
	at org.apache.hadoop.ipc.ProtobufRpcEngine$Server.processCall(ProtobufRpcEngine.java:465) [hadoop-common-3.3.4.jar:?]
	at org.apache.hadoop.ipc.ProtobufRpcEngine2$Server$ProtoBufRpcInvoker.call(ProtobufRpcEngine2.java:578) [hadoop-common-3.3.4.jar:?]
	at org.apache.hadoop.ipc.ProtobufRpcEngine2$Server$ProtoBufRpcInvoker.call(ProtobufRpcEngine2.java:556) [hadoop-common-3.3.4.jar:?]
	at org.apache.hadoop.ipc.RPC$Server.call(RPC.java:1093) [hadoop-common-3.3.4.jar:?]
	at org.apache.hadoop.ipc.Server$RpcCall.run(Server.java:1043) [hadoop-common-3.3.4.jar:?]
	at org.apache.hadoop.ipc.Server$RpcCall.run(Server.java:971) [hadoop-common-3.3.4.jar:?]
	at java.security.AccessController.doPrivileged(Native Method) ~[?:1.8.0_352]
	at javax.security.auth.Subject.doAs(Subject.java:422) [?:1.8.0_352]
	at org.apache.hadoop.security.UserGroupInformation.doAs(UserGroupInformation.java:1878) [hadoop-common-3.3.4.jar:?]
	at org.apache.hadoop.ipc.Server$Handler.run(Server.java:2976) [hadoop-common-3.3.4.jar:?]
]]></system-out>
  </testcase>
  <testcase name="testRenameDir" classname="TestOzoneFileSystem" time="0.05">
    <system-out><![CDATA[2023-01-03 10:06:22,187 [Time-limited test] INFO  ozone.TestOzoneFileSystem (TestOzoneFileSystem.java:testRenameDir(1426)) - Created dir o3fs://bucket85979.volume17571/root_dir/dir1/sub_dir1
2023-01-03 10:06:22,187 [Time-limited test] INFO  ozone.TestOzoneFileSystem (TestOzoneFileSystem.java:testRenameDir(1427)) - Will move o3fs://bucket85979.volume17571/root_dir/dir1 to o3fs://bucket85979.volume17571/root_dir/dir1.renamed
10:06:22.190 [IPC Server handler 10 on default port 41175] ERROR OMAudit - user=runner | ip=127.0.0.1 | op=GET_FILE_STATUS {volume=volume17571, bucket=bucket85979, key=root_dir/dir1.renamed, dataSize=0, replicationConfig=null} | ret=FAILURE
org.apache.hadoop.ozone.om.exceptions.OMException: Unable to get file status: volume: volume17571 bucket: bucket85979 key: root_dir/dir1.renamed
	at org.apache.hadoop.ozone.om.KeyManagerImpl.getOzoneFileStatus(KeyManagerImpl.java:1301) ~[ozone-manager-1.4.0-SNAPSHOT.jar:?]
	at org.apache.hadoop.ozone.om.KeyManagerImpl.getFileStatus(KeyManagerImpl.java:1219) ~[ozone-manager-1.4.0-SNAPSHOT.jar:?]
	at org.apache.hadoop.ozone.om.OzoneManager.getFileStatus(OzoneManager.java:3578) ~[ozone-manager-1.4.0-SNAPSHOT.jar:?]
	at org.apache.hadoop.ozone.protocolPB.OzoneManagerRequestHandler.getOzoneFileStatus(OzoneManagerRequestHandler.java:907) ~[ozone-manager-1.4.0-SNAPSHOT.jar:?]
	at org.apache.hadoop.ozone.protocolPB.OzoneManagerRequestHandler.handleReadRequest(OzoneManagerRequestHandler.java:231) ~[ozone-manager-1.4.0-SNAPSHOT.jar:?]
	at org.apache.hadoop.ozone.protocolPB.OzoneManagerProtocolServerSideTranslatorPB.submitReadRequestToOM(OzoneManagerProtocolServerSideTranslatorPB.java:226) ~[ozone-manager-1.4.0-SNAPSHOT.jar:?]
	at org.apache.hadoop.ozone.protocolPB.OzoneManagerProtocolServerSideTranslatorPB.processRequest(OzoneManagerProtocolServerSideTranslatorPB.java:175) ~[ozone-manager-1.4.0-SNAPSHOT.jar:?]
	at org.apache.hadoop.hdds.server.OzoneProtocolMessageDispatcher.processRequest(OzoneProtocolMessageDispatcher.java:87) [hdds-server-framework-1.4.0-SNAPSHOT.jar:?]
	at org.apache.hadoop.ozone.protocolPB.OzoneManagerProtocolServerSideTranslatorPB.submitRequest(OzoneManagerProtocolServerSideTranslatorPB.java:147) [ozone-manager-1.4.0-SNAPSHOT.jar:?]
	at org.apache.hadoop.ozone.protocol.proto.OzoneManagerProtocolProtos$OzoneManagerService$2.callBlockingMethod(OzoneManagerProtocolProtos.java) [ozone-interface-client-1.4.0-SNAPSHOT.jar:?]
	at org.apache.hadoop.ipc.ProtobufRpcEngine$Server.processCall(ProtobufRpcEngine.java:465) [hadoop-common-3.3.4.jar:?]
	at org.apache.hadoop.ipc.ProtobufRpcEngine2$Server$ProtoBufRpcInvoker.call(ProtobufRpcEngine2.java:578) [hadoop-common-3.3.4.jar:?]
	at org.apache.hadoop.ipc.ProtobufRpcEngine2$Server$ProtoBufRpcInvoker.call(ProtobufRpcEngine2.java:556) [hadoop-common-3.3.4.jar:?]
	at org.apache.hadoop.ipc.RPC$Server.call(RPC.java:1093) [hadoop-common-3.3.4.jar:?]
	at org.apache.hadoop.ipc.Server$RpcCall.run(Server.java:1043) [hadoop-common-3.3.4.jar:?]
	at org.apache.hadoop.ipc.Server$RpcCall.run(Server.java:971) [hadoop-common-3.3.4.jar:?]
	at java.security.AccessController.doPrivileged(Native Method) ~[?:1.8.0_352]
	at javax.security.auth.Subject.doAs(Subject.java:422) [?:1.8.0_352]
	at org.apache.hadoop.security.UserGroupInformation.doAs(UserGroupInformation.java:1878) [hadoop-common-3.3.4.jar:?]
	at org.apache.hadoop.ipc.Server$Handler.run(Server.java:2976) [hadoop-common-3.3.4.jar:?]
]]></system-out>
  </testcase>
  <testcase name="testRenameDir" classname="TestOzoneFileSystem" time="0.017">
    <system-out><![CDATA[2023-01-03 10:07:22,262 [Time-limited test] INFO  ozone.TestOzoneFileSystem (TestOzoneFileSystem.java:testRenameDir(1426)) - Created dir o3fs://bucket24043.volume72509/root_dir/dir1/sub_dir1
2023-01-03 10:07:22,262 [Time-limited test] INFO  ozone.TestOzoneFileSystem (TestOzoneFileSystem.java:testRenameDir(1427)) - Will move o3fs://bucket24043.volume72509/root_dir/dir1 to o3fs://bucket24043.volume72509/root_dir/dir1.renamed
10:07:22.262 [IPC Server handler 7 on default port 46801] ERROR OMAudit - user=runner | ip=127.0.0.1 | op=GET_FILE_STATUS {volume=volume72509, bucket=bucket24043, key=root_dir/dir1.renamed, dataSize=0, replicationConfig=null} | ret=FAILURE
org.apache.hadoop.ozone.om.exceptions.OMException: Unable to get file status: volume: volume72509 bucket: bucket24043 key: root_dir/dir1.renamed
	at org.apache.hadoop.ozone.om.KeyManagerImpl.getOzoneFileStatus(KeyManagerImpl.java:1301) ~[ozone-manager-1.4.0-SNAPSHOT.jar:?]
	at org.apache.hadoop.ozone.om.KeyManagerImpl.getFileStatus(KeyManagerImpl.java:1219) ~[ozone-manager-1.4.0-SNAPSHOT.jar:?]
	at org.apache.hadoop.ozone.om.OzoneManager.getFileStatus(OzoneManager.java:3578) ~[ozone-manager-1.4.0-SNAPSHOT.jar:?]
	at org.apache.hadoop.ozone.protocolPB.OzoneManagerRequestHandler.getOzoneFileStatus(OzoneManagerRequestHandler.java:907) ~[ozone-manager-1.4.0-SNAPSHOT.jar:?]
	at org.apache.hadoop.ozone.protocolPB.OzoneManagerRequestHandler.handleReadRequest(OzoneManagerRequestHandler.java:231) ~[ozone-manager-1.4.0-SNAPSHOT.jar:?]
	at org.apache.hadoop.ozone.protocolPB.OzoneManagerProtocolServerSideTranslatorPB.submitRequestDirectlyToOM(OzoneManagerProtocolServerSideTranslatorPB.java:276) ~[ozone-manager-1.4.0-SNAPSHOT.jar:?]
	at org.apache.hadoop.ozone.protocolPB.OzoneManagerProtocolServerSideTranslatorPB.processRequest(OzoneManagerProtocolServerSideTranslatorPB.java:205) ~[ozone-manager-1.4.0-SNAPSHOT.jar:?]
	at org.apache.hadoop.hdds.server.OzoneProtocolMessageDispatcher.processRequest(OzoneProtocolMessageDispatcher.java:87) [hdds-server-framework-1.4.0-SNAPSHOT.jar:?]
	at org.apache.hadoop.ozone.protocolPB.OzoneManagerProtocolServerSideTranslatorPB.submitRequest(OzoneManagerProtocolServerSideTranslatorPB.java:147) [ozone-manager-1.4.0-SNAPSHOT.jar:?]
	at org.apache.hadoop.ozone.protocol.proto.OzoneManagerProtocolProtos$OzoneManagerService$2.callBlockingMethod(OzoneManagerProtocolProtos.java) [ozone-interface-client-1.4.0-SNAPSHOT.jar:?]
	at org.apache.hadoop.ipc.ProtobufRpcEngine$Server.processCall(ProtobufRpcEngine.java:465) [hadoop-common-3.3.4.jar:?]
	at org.apache.hadoop.ipc.ProtobufRpcEngine2$Server$ProtoBufRpcInvoker.call(ProtobufRpcEngine2.java:578) [hadoop-common-3.3.4.jar:?]
	at org.apache.hadoop.ipc.ProtobufRpcEngine2$Server$ProtoBufRpcInvoker.call(ProtobufRpcEngine2.java:556) [hadoop-common-3.3.4.jar:?]
	at org.apache.hadoop.ipc.RPC$Server.call(RPC.java:1093) [hadoop-common-3.3.4.jar:?]
	at org.apache.hadoop.ipc.Server$RpcCall.run(Server.java:1043) [hadoop-common-3.3.4.jar:?]
	at org.apache.hadoop.ipc.Server$RpcCall.run(Server.java:971) [hadoop-common-3.3.4.jar:?]
	at java.security.AccessController.doPrivileged(Native Method) ~[?:1.8.0_352]
	at javax.security.auth.Subject.doAs(Subject.java:422) [?:1.8.0_352]
	at org.apache.hadoop.security.UserGroupInformation.doAs(UserGroupInformation.java:1878) [hadoop-common-3.3.4.jar:?]
	at org.apache.hadoop.ipc.Server$Handler.run(Server.java:2976) [hadoop-common-3.3.4.jar:?]
2023-01-03 10:07:22,273 [cf16c65b-18c5-4246-b401-9967cdd5b427@group-1EE77A0A3A49-FollowerState] INFO  impl.FollowerState (FollowerState.java:run(143)) - cf16c65b-18c5-4246-b401-9967cdd5b427@group-1EE77A0A3A49-FollowerState: change to CANDIDATE, lastRpcElapsedTime:5178888619ns, electionTimeout:5175ms
2023-01-03 10:07:22,274 [cf16c65b-18c5-4246-b401-9967cdd5b427@group-1EE77A0A3A49-FollowerState] INFO  impl.RoleInfo (RoleInfo.java:shutdownFollowerState(110)) - cf16c65b-18c5-4246-b401-9967cdd5b427: shutdown cf16c65b-18c5-4246-b401-9967cdd5b427@group-1EE77A0A3A49-FollowerState
2023-01-03 10:07:22,274 [cf16c65b-18c5-4246-b401-9967cdd5b427@group-1EE77A0A3A49-FollowerState] INFO  server.RaftServer$Division (RaftServerImpl.java:setRole(321)) - cf16c65b-18c5-4246-b401-9967cdd5b427@group-1EE77A0A3A49: changes role from  FOLLOWER to CANDIDATE at term 0 for changeToCandidate
2023-01-03 10:07:22,274 [cf16c65b-18c5-4246-b401-9967cdd5b427@group-1EE77A0A3A49-FollowerState] INFO  server.RaftServerConfigKeys (ConfUtils.java:logGet(46)) - raft.server.leaderelection.pre-vote = false (custom)
2023-01-03 10:07:22,274 [cf16c65b-18c5-4246-b401-9967cdd5b427@group-1EE77A0A3A49-FollowerState] INFO  impl.RoleInfo (RoleInfo.java:updateAndGet(139)) - cf16c65b-18c5-4246-b401-9967cdd5b427: start cf16c65b-18c5-4246-b401-9967cdd5b427@group-1EE77A0A3A49-LeaderElection21
]]></system-out>
  </testcase>
  <testcase name="testRenameDir" classname="TestOzoneFileSystem" time="0.012">
    <system-out><![CDATA[2023-01-03 10:08:12,479 [Time-limited test] INFO  ozone.TestOzoneFileSystem (TestOzoneFileSystem.java:testRenameDir(1426)) - Created dir o3fs://bucket79142.volume30750/root_dir/dir1/sub_dir1
2023-01-03 10:08:12,479 [Time-limited test] INFO  ozone.TestOzoneFileSystem (TestOzoneFileSystem.java:testRenameDir(1427)) - Will move o3fs://bucket79142.volume30750/root_dir/dir1 to o3fs://bucket79142.volume30750/root_dir/dir1.renamed
10:08:12.480 [IPC Server handler 8 on default port 46431] ERROR OMAudit - user=runner | ip=127.0.0.1 | op=GET_FILE_STATUS {volume=volume30750, bucket=bucket79142, key=root_dir/dir1.renamed, dataSize=0, replicationConfig=null} | ret=FAILURE
org.apache.hadoop.ozone.om.exceptions.OMException: Unable to get file status: volume: volume30750 bucket: bucket79142 key: root_dir/dir1.renamed
	at org.apache.hadoop.ozone.om.KeyManagerImpl.getOzoneFileStatus(KeyManagerImpl.java:1301) ~[ozone-manager-1.4.0-SNAPSHOT.jar:?]
	at org.apache.hadoop.ozone.om.KeyManagerImpl.getFileStatus(KeyManagerImpl.java:1219) ~[ozone-manager-1.4.0-SNAPSHOT.jar:?]
	at org.apache.hadoop.ozone.om.OzoneManager.getFileStatus(OzoneManager.java:3578) ~[ozone-manager-1.4.0-SNAPSHOT.jar:?]
	at org.apache.hadoop.ozone.protocolPB.OzoneManagerRequestHandler.getOzoneFileStatus(OzoneManagerRequestHandler.java:907) ~[ozone-manager-1.4.0-SNAPSHOT.jar:?]
	at org.apache.hadoop.ozone.protocolPB.OzoneManagerRequestHandler.handleReadRequest(OzoneManagerRequestHandler.java:231) ~[ozone-manager-1.4.0-SNAPSHOT.jar:?]
	at org.apache.hadoop.ozone.protocolPB.OzoneManagerProtocolServerSideTranslatorPB.submitReadRequestToOM(OzoneManagerProtocolServerSideTranslatorPB.java:226) ~[ozone-manager-1.4.0-SNAPSHOT.jar:?]
	at org.apache.hadoop.ozone.protocolPB.OzoneManagerProtocolServerSideTranslatorPB.processRequest(OzoneManagerProtocolServerSideTranslatorPB.java:175) ~[ozone-manager-1.4.0-SNAPSHOT.jar:?]
	at org.apache.hadoop.hdds.server.OzoneProtocolMessageDispatcher.processRequest(OzoneProtocolMessageDispatcher.java:87) [hdds-server-framework-1.4.0-SNAPSHOT.jar:?]
	at org.apache.hadoop.ozone.protocolPB.OzoneManagerProtocolServerSideTranslatorPB.submitRequest(OzoneManagerProtocolServerSideTranslatorPB.java:147) [ozone-manager-1.4.0-SNAPSHOT.jar:?]
	at org.apache.hadoop.ozone.protocol.proto.OzoneManagerProtocolProtos$OzoneManagerService$2.callBlockingMethod(OzoneManagerProtocolProtos.java) [ozone-interface-client-1.4.0-SNAPSHOT.jar:?]
	at org.apache.hadoop.ipc.ProtobufRpcEngine$Server.processCall(ProtobufRpcEngine.java:465) [hadoop-common-3.3.4.jar:?]
	at org.apache.hadoop.ipc.ProtobufRpcEngine2$Server$ProtoBufRpcInvoker.call(ProtobufRpcEngine2.java:578) [hadoop-common-3.3.4.jar:?]
	at org.apache.hadoop.ipc.ProtobufRpcEngine2$Server$ProtoBufRpcInvoker.call(ProtobufRpcEngine2.java:556) [hadoop-common-3.3.4.jar:?]
	at org.apache.hadoop.ipc.RPC$Server.call(RPC.java:1093) [hadoop-common-3.3.4.jar:?]
	at org.apache.hadoop.ipc.Server$RpcCall.run(Server.java:1043) [hadoop-common-3.3.4.jar:?]
	at org.apache.hadoop.ipc.Server$RpcCall.run(Server.java:971) [hadoop-common-3.3.4.jar:?]
	at java.security.AccessController.doPrivileged(Native Method) ~[?:1.8.0_352]
	at javax.security.auth.Subject.doAs(Subject.java:422) [?:1.8.0_352]
	at org.apache.hadoop.security.UserGroupInformation.doAs(UserGroupInformation.java:1878) [hadoop-common-3.3.4.jar:?]
	at org.apache.hadoop.ipc.Server$Handler.run(Server.java:2976) [hadoop-common-3.3.4.jar:?]
]]></system-out>
  </testcase>
  <testcase name="testRenameDir" classname="TestOzoneFileSystem" time="0.011">
    <system-out><![CDATA[2023-01-03 10:09:05,747 [Time-limited test] INFO  ozone.TestOzoneFileSystem (TestOzoneFileSystem.java:testRenameDir(1426)) - Created dir o3fs://bucket70088.volume03607/root_dir/dir1/sub_dir1
2023-01-03 10:09:05,747 [Time-limited test] INFO  ozone.TestOzoneFileSystem (TestOzoneFileSystem.java:testRenameDir(1427)) - Will move o3fs://bucket70088.volume03607/root_dir/dir1 to o3fs://bucket70088.volume03607/root_dir/dir1.renamed
10:09:05.748 [IPC Server handler 7 on default port 33423] ERROR OMAudit - user=runner | ip=127.0.0.1 | op=GET_FILE_STATUS {volume=volume03607, bucket=bucket70088, key=root_dir/dir1.renamed, dataSize=0, replicationConfig=null} | ret=FAILURE
org.apache.hadoop.ozone.om.exceptions.OMException: Unable to get file status: volume: volume03607 bucket: bucket70088 key: root_dir/dir1.renamed
	at org.apache.hadoop.ozone.om.KeyManagerImpl.getOzoneFileStatus(KeyManagerImpl.java:1301) ~[ozone-manager-1.4.0-SNAPSHOT.jar:?]
	at org.apache.hadoop.ozone.om.KeyManagerImpl.getFileStatus(KeyManagerImpl.java:1219) ~[ozone-manager-1.4.0-SNAPSHOT.jar:?]
	at org.apache.hadoop.ozone.om.OzoneManager.getFileStatus(OzoneManager.java:3578) ~[ozone-manager-1.4.0-SNAPSHOT.jar:?]
	at org.apache.hadoop.ozone.protocolPB.OzoneManagerRequestHandler.getOzoneFileStatus(OzoneManagerRequestHandler.java:907) ~[ozone-manager-1.4.0-SNAPSHOT.jar:?]
	at org.apache.hadoop.ozone.protocolPB.OzoneManagerRequestHandler.handleReadRequest(OzoneManagerRequestHandler.java:231) ~[ozone-manager-1.4.0-SNAPSHOT.jar:?]
	at org.apache.hadoop.ozone.protocolPB.OzoneManagerProtocolServerSideTranslatorPB.submitRequestDirectlyToOM(OzoneManagerProtocolServerSideTranslatorPB.java:276) ~[ozone-manager-1.4.0-SNAPSHOT.jar:?]
	at org.apache.hadoop.ozone.protocolPB.OzoneManagerProtocolServerSideTranslatorPB.processRequest(OzoneManagerProtocolServerSideTranslatorPB.java:205) ~[ozone-manager-1.4.0-SNAPSHOT.jar:?]
	at org.apache.hadoop.hdds.server.OzoneProtocolMessageDispatcher.processRequest(OzoneProtocolMessageDispatcher.java:87) [hdds-server-framework-1.4.0-SNAPSHOT.jar:?]
	at org.apache.hadoop.ozone.protocolPB.OzoneManagerProtocolServerSideTranslatorPB.submitRequest(OzoneManagerProtocolServerSideTranslatorPB.java:147) [ozone-manager-1.4.0-SNAPSHOT.jar:?]
	at org.apache.hadoop.ozone.protocol.proto.OzoneManagerProtocolProtos$OzoneManagerService$2.callBlockingMethod(OzoneManagerProtocolProtos.java) [ozone-interface-client-1.4.0-SNAPSHOT.jar:?]
	at org.apache.hadoop.ipc.ProtobufRpcEngine$Server.processCall(ProtobufRpcEngine.java:465) [hadoop-common-3.3.4.jar:?]
	at org.apache.hadoop.ipc.ProtobufRpcEngine2$Server$ProtoBufRpcInvoker.call(ProtobufRpcEngine2.java:578) [hadoop-common-3.3.4.jar:?]
	at org.apache.hadoop.ipc.ProtobufRpcEngine2$Server$ProtoBufRpcInvoker.call(ProtobufRpcEngine2.java:556) [hadoop-common-3.3.4.jar:?]
	at org.apache.hadoop.ipc.RPC$Server.call(RPC.java:1093) [hadoop-common-3.3.4.jar:?]
	at org.apache.hadoop.ipc.Server$RpcCall.run(Server.java:1043) [hadoop-common-3.3.4.jar:?]
	at org.apache.hadoop.ipc.Server$RpcCall.run(Server.java:971) [hadoop-common-3.3.4.jar:?]
	at java.security.AccessController.doPrivileged(Native Method) ~[?:1.8.0_352]
	at javax.security.auth.Subject.doAs(Subject.java:422) [?:1.8.0_352]
	at org.apache.hadoop.security.UserGroupInformation.doAs(UserGroupInformation.java:1878) [hadoop-common-3.3.4.jar:?]
	at org.apache.hadoop.ipc.Server$Handler.run(Server.java:2976) [hadoop-common-3.3.4.jar:?]
]]></system-out>
  </testcase>
  <testcase name="testListStatusIteratorOnSubDirs" classname="TestOzoneFileSystem" time="0.048">
    <system-out><![CDATA[2023-01-03 10:06:22,248 [OM StateMachine ApplyTransaction Thread - 0] INFO  key.OMKeyRequest (OMKeyRequest.java:wrapUncommittedBlocksAsPseudoKey(835)) - Detect allocated but uncommitted blocks [{blockID={containerID=1, localID=111677748019200003}, length=4194304, offset=0, token=null, pipeline=null, createVersion=0, partNumber=0}] in key dir1/dir12/file121.
]]></system-out>
  </testcase>
  <testcase name="testListStatusIteratorOnSubDirs" classname="TestOzoneFileSystem" time="0.017">
    <system-out><![CDATA[2023-01-03 10:07:22,278 [cf16c65b-18c5-4246-b401-9967cdd5b427@group-1EE77A0A3A49-LeaderElection21] INFO  impl.LeaderElection (LeaderElection.java:askForVotes(312)) - cf16c65b-18c5-4246-b401-9967cdd5b427@group-1EE77A0A3A49-LeaderElection21 ELECTION round 0: submit vote requests at term 1 for -1: peers:[cf16c65b-18c5-4246-b401-9967cdd5b427|rpc:10.1.0.13:45509|dataStream:10.1.0.13:37175|priority:1|startupRole:FOLLOWER]|listeners:[], old=null
2023-01-03 10:07:22,279 [cf16c65b-18c5-4246-b401-9967cdd5b427@group-1EE77A0A3A49-LeaderElection21] INFO  impl.LeaderElection (LeaderElection.java:askForVotes(314)) - cf16c65b-18c5-4246-b401-9967cdd5b427@group-1EE77A0A3A49-LeaderElection21 ELECTION round 0: result PASSED (term=1)
2023-01-03 10:07:22,279 [cf16c65b-18c5-4246-b401-9967cdd5b427@group-1EE77A0A3A49-LeaderElection21] INFO  impl.RoleInfo (RoleInfo.java:shutdownLeaderElection(130)) - cf16c65b-18c5-4246-b401-9967cdd5b427: shutdown cf16c65b-18c5-4246-b401-9967cdd5b427@group-1EE77A0A3A49-LeaderElection21
2023-01-03 10:07:22,279 [cf16c65b-18c5-4246-b401-9967cdd5b427@group-1EE77A0A3A49-LeaderElection21] INFO  server.RaftServer$Division (RaftServerImpl.java:setRole(321)) - cf16c65b-18c5-4246-b401-9967cdd5b427@group-1EE77A0A3A49: changes role from CANDIDATE to LEADER at term 1 for changeToLeader
2023-01-03 10:07:22,279 [cf16c65b-18c5-4246-b401-9967cdd5b427@group-1EE77A0A3A49-LeaderElection21] INFO  ratis.XceiverServerRatis (XceiverServerRatis.java:handleLeaderChangedNotification(904)) - Leader change notification received for group: group-1EE77A0A3A49 with new leaderId: cf16c65b-18c5-4246-b401-9967cdd5b427
2023-01-03 10:07:22,280 [EventQueue-CommandQueueReportForCommandQueueReportHandler] WARN  events.EventQueue (EventQueue.java:fireEvent(216)) - No event handler registered for event TypedEvent{payloadType=DatanodeDetails, name='Datanode_Command_Queue_Updated'}
2023-01-03 10:07:22,281 [cf16c65b-18c5-4246-b401-9967cdd5b427@group-1EE77A0A3A49-LeaderElection21] INFO  server.RaftServer$Division (ServerState.java:setLeader(313)) - cf16c65b-18c5-4246-b401-9967cdd5b427@group-1EE77A0A3A49: change Leader from null to cf16c65b-18c5-4246-b401-9967cdd5b427 at term 1 for becomeLeader, leader elected after 5194ms
2023-01-03 10:07:22,281 [cf16c65b-18c5-4246-b401-9967cdd5b427@group-1EE77A0A3A49-LeaderElection21] INFO  server.RaftServerConfigKeys (ConfUtils.java:logGet(46)) - raft.server.staging.catchup.gap = 1000 (default)
2023-01-03 10:07:22,281 [cf16c65b-18c5-4246-b401-9967cdd5b427@group-1EE77A0A3A49-LeaderElection21] INFO  server.RaftServerConfigKeys (ConfUtils.java:logGet(46)) - raft.server.write.element-limit = 1024 (custom)
2023-01-03 10:07:22,282 [cf16c65b-18c5-4246-b401-9967cdd5b427@group-1EE77A0A3A49-LeaderElection21] INFO  server.RaftServerConfigKeys (ConfUtils.java:logGet(46)) - raft.server.write.byte-limit = 1024 M (=1073741824) (custom)
2023-01-03 10:07:22,282 [cf16c65b-18c5-4246-b401-9967cdd5b427@group-1EE77A0A3A49-LeaderElection21] INFO  server.RaftServerConfigKeys (ConfUtils.java:logGet(46)) - raft.server.watch.timeout = 180s (custom)
2023-01-03 10:07:22,282 [cf16c65b-18c5-4246-b401-9967cdd5b427@group-1EE77A0A3A49-LeaderElection21] INFO  server.RaftServerConfigKeys (ConfUtils.java:logGet(46)) - raft.server.watch.timeout.denomination = 1s (default)
2023-01-03 10:07:22,282 [cf16c65b-18c5-4246-b401-9967cdd5b427@group-1EE77A0A3A49-LeaderElection21] INFO  server.RaftServerConfigKeys (ConfUtils.java:logGet(46)) - raft.server.watch.element-limit = 65536 (default)
2023-01-03 10:07:22,282 [cf16c65b-18c5-4246-b401-9967cdd5b427@group-1EE77A0A3A49-LeaderElection21] INFO  server.RaftServerConfigKeys (ConfUtils.java:logGet(46)) - raft.server.write.element-limit = 1024 (custom)
2023-01-03 10:07:22,282 [cf16c65b-18c5-4246-b401-9967cdd5b427@group-1EE77A0A3A49-LeaderElection21] INFO  server.RaftServerConfigKeys (ConfUtils.java:logGet(46)) - raft.server.write.follower.gap.ratio.max = -1.0 (default)
2023-01-03 10:07:22,282 [cf16c65b-18c5-4246-b401-9967cdd5b427@group-1EE77A0A3A49-LeaderElection21] INFO  impl.RoleInfo (RoleInfo.java:updateAndGet(139)) - cf16c65b-18c5-4246-b401-9967cdd5b427: start cf16c65b-18c5-4246-b401-9967cdd5b427@group-1EE77A0A3A49-LeaderStateImpl
2023-01-03 10:07:22,282 [cf16c65b-18c5-4246-b401-9967cdd5b427@group-1EE77A0A3A49-LeaderElection21] INFO  segmented.SegmentedRaftLogWorker (SegmentedRaftLogWorker.java:startLogSegment(452)) - cf16c65b-18c5-4246-b401-9967cdd5b427@group-1EE77A0A3A49-SegmentedRaftLogWorker: Starting segment from index:0
2023-01-03 10:07:22,283 [cf16c65b-18c5-4246-b401-9967cdd5b427@group-1EE77A0A3A49-SegmentedRaftLogWorker] INFO  segmented.SegmentedRaftLogWorker (SegmentedRaftLogWorker.java:execute(656)) - cf16c65b-18c5-4246-b401-9967cdd5b427@group-1EE77A0A3A49-SegmentedRaftLogWorker: created new log segment /home/runner/work/ozone/ozone/hadoop-ozone/integration-test/target/test-dir/MiniOzoneClusterImpl-9af64d9f-ce66-432d-b755-d0db545afb98/datanode-4/data/ratis/1fe06da7-df87-412a-97d3-1ee77a0a3a49/current/log_inprogress_0
2023-01-03 10:07:22,284 [IPC Server handler 6 on default port 46801] INFO  key.OMKeyRequest (OMKeyRequest.java:wrapUncommittedBlocksAsPseudoKey(835)) - Detect allocated but uncommitted blocks [{blockID={containerID=1, localID=111677748019200003}, length=4194304, offset=0, token=null, pipeline=null, createVersion=0, partNumber=0}] in key dir1/dir12/file121.
2023-01-03 10:07:22,287 [cf16c65b-18c5-4246-b401-9967cdd5b427@group-1EE77A0A3A49-LeaderElection21] INFO  server.RaftServer$Division (ServerState.java:setRaftConf(430)) - cf16c65b-18c5-4246-b401-9967cdd5b427@group-1EE77A0A3A49: set configuration 0: peers:[cf16c65b-18c5-4246-b401-9967cdd5b427|rpc:10.1.0.13:45509|dataStream:10.1.0.13:37175|priority:1|startupRole:FOLLOWER]|listeners:[], old=null
]]></system-out>
  </testcase>
  <testcase name="testListStatusIteratorOnSubDirs" classname="TestOzoneFileSystem" time="0.013">
    <system-out><![CDATA[2023-01-03 10:08:12,494 [OM StateMachine ApplyTransaction Thread - 0] INFO  key.OMKeyRequest (OMKeyRequest.java:wrapUncommittedBlocksAsPseudoKey(835)) - Detect allocated but uncommitted blocks [{blockID={containerID=1, localID=111677748019200003}, length=4194304, offset=0, token=null, pipeline=null, createVersion=0, partNumber=0}] in key dir1/dir12/file121.
]]></system-out>
  </testcase>
  <testcase name="testListStatusIteratorOnSubDirs" classname="TestOzoneFileSystem" time="0.012">
    <system-out><![CDATA[2023-01-03 10:09:05,761 [IPC Server handler 6 on default port 33423] INFO  key.OMKeyRequest (OMKeyRequest.java:wrapUncommittedBlocksAsPseudoKey(835)) - Detect allocated but uncommitted blocks [{blockID={containerID=1, localID=111677748019200003}, length=4194304, offset=0, token=null, pipeline=null, createVersion=0, partNumber=0}] in key dir1/dir12/file121.
]]></system-out>
  </testcase>
  <testcase name="testAllocateMoreThanOneBlock" classname="TestOzoneFileSystem" time="0.402">
    <system-out><![CDATA[2023-01-03 10:06:22,332 [EventQueue-CommandQueueReportForCommandQueueReportHandler] WARN  events.EventQueue (EventQueue.java:fireEvent(216)) - No event handler registered for event TypedEvent{payloadType=DatanodeDetails, name='Datanode_Command_Queue_Updated'}
2023-01-03 10:06:22,342 [EventQueue-CommandQueueReportForCommandQueueReportHandler] WARN  events.EventQueue (EventQueue.java:fireEvent(216)) - No event handler registered for event TypedEvent{payloadType=DatanodeDetails, name='Datanode_Command_Queue_Updated'}
2023-01-03 10:06:22,357 [EventQueue-CommandQueueReportForCommandQueueReportHandler] WARN  events.EventQueue (EventQueue.java:fireEvent(216)) - No event handler registered for event TypedEvent{payloadType=DatanodeDetails, name='Datanode_Command_Queue_Updated'}
2023-01-03 10:06:22,395 [EventQueue-CommandQueueReportForCommandQueueReportHandler] WARN  events.EventQueue (EventQueue.java:fireEvent(216)) - No event handler registered for event TypedEvent{payloadType=DatanodeDetails, name='Datanode_Command_Queue_Updated'}
2023-01-03 10:06:22,546 [EventQueue-CommandQueueReportForCommandQueueReportHandler] WARN  events.EventQueue (EventQueue.java:fireEvent(216)) - No event handler registered for event TypedEvent{payloadType=DatanodeDetails, name='Datanode_Command_Queue_Updated'}
]]></system-out>
  </testcase>
  <testcase name="testAllocateMoreThanOneBlock" classname="TestOzoneFileSystem" time="0.262">
    <system-out><![CDATA[2023-01-03 10:07:22,341 [EventQueue-CommandQueueReportForCommandQueueReportHandler] WARN  events.EventQueue (EventQueue.java:fireEvent(216)) - No event handler registered for event TypedEvent{payloadType=DatanodeDetails, name='Datanode_Command_Queue_Updated'}
2023-01-03 10:07:22,342 [EventQueue-CommandQueueReportForCommandQueueReportHandler] WARN  events.EventQueue (EventQueue.java:fireEvent(216)) - No event handler registered for event TypedEvent{payloadType=DatanodeDetails, name='Datanode_Command_Queue_Updated'}
2023-01-03 10:07:22,356 [EventQueue-CommandQueueReportForCommandQueueReportHandler] WARN  events.EventQueue (EventQueue.java:fireEvent(216)) - No event handler registered for event TypedEvent{payloadType=DatanodeDetails, name='Datanode_Command_Queue_Updated'}
]]></system-out>
  </testcase>
  <testcase name="testAllocateMoreThanOneBlock" classname="TestOzoneFileSystem" time="0.23">
    <system-out><![CDATA[2023-01-03 10:08:12,518 [EventQueue-CommandQueueReportForCommandQueueReportHandler] WARN  events.EventQueue (EventQueue.java:fireEvent(216)) - No event handler registered for event TypedEvent{payloadType=DatanodeDetails, name='Datanode_Command_Queue_Updated'}
2023-01-03 10:08:12,522 [EventQueue-CommandQueueReportForCommandQueueReportHandler] WARN  events.EventQueue (EventQueue.java:fireEvent(216)) - No event handler registered for event TypedEvent{payloadType=DatanodeDetails, name='Datanode_Command_Queue_Updated'}
2023-01-03 10:08:12,525 [EventQueue-CommandQueueReportForCommandQueueReportHandler] WARN  events.EventQueue (EventQueue.java:fireEvent(216)) - No event handler registered for event TypedEvent{payloadType=DatanodeDetails, name='Datanode_Command_Queue_Updated'}
]]></system-out>
  </testcase>
  <testcase name="testAllocateMoreThanOneBlock" classname="TestOzoneFileSystem" time="0.225">
    <system-out><![CDATA[2023-01-03 10:09:05,783 [EventQueue-CommandQueueReportForCommandQueueReportHandler] WARN  events.EventQueue (EventQueue.java:fireEvent(216)) - No event handler registered for event TypedEvent{payloadType=DatanodeDetails, name='Datanode_Command_Queue_Updated'}
2023-01-03 10:09:05,792 [EventQueue-CommandQueueReportForCommandQueueReportHandler] WARN  events.EventQueue (EventQueue.java:fireEvent(216)) - No event handler registered for event TypedEvent{payloadType=DatanodeDetails, name='Datanode_Command_Queue_Updated'}
2023-01-03 10:09:05,797 [EventQueue-CommandQueueReportForCommandQueueReportHandler] WARN  events.EventQueue (EventQueue.java:fireEvent(216)) - No event handler registered for event TypedEvent{payloadType=DatanodeDetails, name='Datanode_Command_Queue_Updated'}
]]></system-out>
  </testcase>
  <testcase name="testRenameToExistingDir" classname="TestOzoneFileSystem" time="0.047">
    <system-out><![CDATA[10:06:22.699 [IPC Server handler 16 on default port 41175] ERROR OMAudit - user=runner | ip=127.0.0.1 | op=LIST_STATUS {volume=volume17571, bucket=bucket85979, key=b/a, dataSize=0, replicationConfig=null} | ret=FAILURE
org.apache.hadoop.ozone.om.exceptions.OMException: Unable to get file status: volume: volume17571 bucket: bucket85979 key: b/a
	at org.apache.hadoop.ozone.om.KeyManagerImpl.getOzoneFileStatus(KeyManagerImpl.java:1301) ~[ozone-manager-1.4.0-SNAPSHOT.jar:?]
	at org.apache.hadoop.ozone.om.KeyManagerImpl.getFileStatus(KeyManagerImpl.java:1219) ~[ozone-manager-1.4.0-SNAPSHOT.jar:?]
	at org.apache.hadoop.ozone.om.KeyManagerImpl.listStatus(KeyManagerImpl.java:1585) ~[ozone-manager-1.4.0-SNAPSHOT.jar:?]
	at org.apache.hadoop.ozone.om.OzoneManager.listStatus(OzoneManager.java:3662) ~[ozone-manager-1.4.0-SNAPSHOT.jar:?]
	at org.apache.hadoop.ozone.protocolPB.OzoneManagerRequestHandler.listStatus(OzoneManagerRequestHandler.java:1095) ~[ozone-manager-1.4.0-SNAPSHOT.jar:?]
	at org.apache.hadoop.ozone.protocolPB.OzoneManagerRequestHandler.handleReadRequest(OzoneManagerRequestHandler.java:242) ~[ozone-manager-1.4.0-SNAPSHOT.jar:?]
	at org.apache.hadoop.ozone.protocolPB.OzoneManagerProtocolServerSideTranslatorPB.submitReadRequestToOM(OzoneManagerProtocolServerSideTranslatorPB.java:226) ~[ozone-manager-1.4.0-SNAPSHOT.jar:?]
	at org.apache.hadoop.ozone.protocolPB.OzoneManagerProtocolServerSideTranslatorPB.processRequest(OzoneManagerProtocolServerSideTranslatorPB.java:175) ~[ozone-manager-1.4.0-SNAPSHOT.jar:?]
	at org.apache.hadoop.hdds.server.OzoneProtocolMessageDispatcher.processRequest(OzoneProtocolMessageDispatcher.java:87) [hdds-server-framework-1.4.0-SNAPSHOT.jar:?]
	at org.apache.hadoop.ozone.protocolPB.OzoneManagerProtocolServerSideTranslatorPB.submitRequest(OzoneManagerProtocolServerSideTranslatorPB.java:147) [ozone-manager-1.4.0-SNAPSHOT.jar:?]
	at org.apache.hadoop.ozone.protocol.proto.OzoneManagerProtocolProtos$OzoneManagerService$2.callBlockingMethod(OzoneManagerProtocolProtos.java) [ozone-interface-client-1.4.0-SNAPSHOT.jar:?]
	at org.apache.hadoop.ipc.ProtobufRpcEngine$Server.processCall(ProtobufRpcEngine.java:465) [hadoop-common-3.3.4.jar:?]
	at org.apache.hadoop.ipc.ProtobufRpcEngine2$Server$ProtoBufRpcInvoker.call(ProtobufRpcEngine2.java:578) [hadoop-common-3.3.4.jar:?]
	at org.apache.hadoop.ipc.ProtobufRpcEngine2$Server$ProtoBufRpcInvoker.call(ProtobufRpcEngine2.java:556) [hadoop-common-3.3.4.jar:?]
	at org.apache.hadoop.ipc.RPC$Server.call(RPC.java:1093) [hadoop-common-3.3.4.jar:?]
	at org.apache.hadoop.ipc.Server$RpcCall.run(Server.java:1043) [hadoop-common-3.3.4.jar:?]
	at org.apache.hadoop.ipc.Server$RpcCall.run(Server.java:971) [hadoop-common-3.3.4.jar:?]
	at java.security.AccessController.doPrivileged(Native Method) ~[?:1.8.0_352]
	at javax.security.auth.Subject.doAs(Subject.java:422) [?:1.8.0_352]
	at org.apache.hadoop.security.UserGroupInformation.doAs(UserGroupInformation.java:1878) [hadoop-common-3.3.4.jar:?]
	at org.apache.hadoop.ipc.Server$Handler.run(Server.java:2976) [hadoop-common-3.3.4.jar:?]
]]></system-out>
  </testcase>
  <testcase name="testRenameToExistingDir" classname="TestOzoneFileSystem" time="0.013">
    <system-out><![CDATA[10:07:22.562 [IPC Server handler 13 on default port 46801] ERROR OMAudit - user=runner | ip=127.0.0.1 | op=LIST_STATUS {volume=volume72509, bucket=bucket24043, key=b/a, dataSize=0, replicationConfig=null} | ret=FAILURE
org.apache.hadoop.ozone.om.exceptions.OMException: Unable to get file status: volume: volume72509 bucket: bucket24043 key: b/a
	at org.apache.hadoop.ozone.om.KeyManagerImpl.getOzoneFileStatus(KeyManagerImpl.java:1301) ~[ozone-manager-1.4.0-SNAPSHOT.jar:?]
	at org.apache.hadoop.ozone.om.KeyManagerImpl.getFileStatus(KeyManagerImpl.java:1219) ~[ozone-manager-1.4.0-SNAPSHOT.jar:?]
	at org.apache.hadoop.ozone.om.KeyManagerImpl.listStatus(KeyManagerImpl.java:1585) ~[ozone-manager-1.4.0-SNAPSHOT.jar:?]
	at org.apache.hadoop.ozone.om.OzoneManager.listStatus(OzoneManager.java:3662) ~[ozone-manager-1.4.0-SNAPSHOT.jar:?]
	at org.apache.hadoop.ozone.protocolPB.OzoneManagerRequestHandler.listStatus(OzoneManagerRequestHandler.java:1095) ~[ozone-manager-1.4.0-SNAPSHOT.jar:?]
	at org.apache.hadoop.ozone.protocolPB.OzoneManagerRequestHandler.handleReadRequest(OzoneManagerRequestHandler.java:242) ~[ozone-manager-1.4.0-SNAPSHOT.jar:?]
	at org.apache.hadoop.ozone.protocolPB.OzoneManagerProtocolServerSideTranslatorPB.submitRequestDirectlyToOM(OzoneManagerProtocolServerSideTranslatorPB.java:276) ~[ozone-manager-1.4.0-SNAPSHOT.jar:?]
	at org.apache.hadoop.ozone.protocolPB.OzoneManagerProtocolServerSideTranslatorPB.processRequest(OzoneManagerProtocolServerSideTranslatorPB.java:205) ~[ozone-manager-1.4.0-SNAPSHOT.jar:?]
	at org.apache.hadoop.hdds.server.OzoneProtocolMessageDispatcher.processRequest(OzoneProtocolMessageDispatcher.java:87) [hdds-server-framework-1.4.0-SNAPSHOT.jar:?]
	at org.apache.hadoop.ozone.protocolPB.OzoneManagerProtocolServerSideTranslatorPB.submitRequest(OzoneManagerProtocolServerSideTranslatorPB.java:147) [ozone-manager-1.4.0-SNAPSHOT.jar:?]
	at org.apache.hadoop.ozone.protocol.proto.OzoneManagerProtocolProtos$OzoneManagerService$2.callBlockingMethod(OzoneManagerProtocolProtos.java) [ozone-interface-client-1.4.0-SNAPSHOT.jar:?]
	at org.apache.hadoop.ipc.ProtobufRpcEngine$Server.processCall(ProtobufRpcEngine.java:465) [hadoop-common-3.3.4.jar:?]
	at org.apache.hadoop.ipc.ProtobufRpcEngine2$Server$ProtoBufRpcInvoker.call(ProtobufRpcEngine2.java:578) [hadoop-common-3.3.4.jar:?]
	at org.apache.hadoop.ipc.ProtobufRpcEngine2$Server$ProtoBufRpcInvoker.call(ProtobufRpcEngine2.java:556) [hadoop-common-3.3.4.jar:?]
	at org.apache.hadoop.ipc.RPC$Server.call(RPC.java:1093) [hadoop-common-3.3.4.jar:?]
	at org.apache.hadoop.ipc.Server$RpcCall.run(Server.java:1043) [hadoop-common-3.3.4.jar:?]
	at org.apache.hadoop.ipc.Server$RpcCall.run(Server.java:971) [hadoop-common-3.3.4.jar:?]
	at java.security.AccessController.doPrivileged(Native Method) ~[?:1.8.0_352]
	at javax.security.auth.Subject.doAs(Subject.java:422) [?:1.8.0_352]
	at org.apache.hadoop.security.UserGroupInformation.doAs(UserGroupInformation.java:1878) [hadoop-common-3.3.4.jar:?]
	at org.apache.hadoop.ipc.Server$Handler.run(Server.java:2976) [hadoop-common-3.3.4.jar:?]
]]></system-out>
  </testcase>
  <testcase name="testRenameToExistingDir" classname="TestOzoneFileSystem" time="0.014">
    <system-out><![CDATA[10:08:12.735 [IPC Server handler 14 on default port 46431] ERROR OMAudit - user=runner | ip=127.0.0.1 | op=LIST_STATUS {volume=volume30750, bucket=bucket79142, key=b/a, dataSize=0, replicationConfig=null} | ret=FAILURE
org.apache.hadoop.ozone.om.exceptions.OMException: Unable to get file status: volume: volume30750 bucket: bucket79142 key: b/a
	at org.apache.hadoop.ozone.om.KeyManagerImpl.getOzoneFileStatus(KeyManagerImpl.java:1301) ~[ozone-manager-1.4.0-SNAPSHOT.jar:?]
	at org.apache.hadoop.ozone.om.KeyManagerImpl.getFileStatus(KeyManagerImpl.java:1219) ~[ozone-manager-1.4.0-SNAPSHOT.jar:?]
	at org.apache.hadoop.ozone.om.KeyManagerImpl.listStatus(KeyManagerImpl.java:1585) ~[ozone-manager-1.4.0-SNAPSHOT.jar:?]
	at org.apache.hadoop.ozone.om.OzoneManager.listStatus(OzoneManager.java:3662) ~[ozone-manager-1.4.0-SNAPSHOT.jar:?]
	at org.apache.hadoop.ozone.protocolPB.OzoneManagerRequestHandler.listStatus(OzoneManagerRequestHandler.java:1095) ~[ozone-manager-1.4.0-SNAPSHOT.jar:?]
	at org.apache.hadoop.ozone.protocolPB.OzoneManagerRequestHandler.handleReadRequest(OzoneManagerRequestHandler.java:242) ~[ozone-manager-1.4.0-SNAPSHOT.jar:?]
	at org.apache.hadoop.ozone.protocolPB.OzoneManagerProtocolServerSideTranslatorPB.submitReadRequestToOM(OzoneManagerProtocolServerSideTranslatorPB.java:226) ~[ozone-manager-1.4.0-SNAPSHOT.jar:?]
	at org.apache.hadoop.ozone.protocolPB.OzoneManagerProtocolServerSideTranslatorPB.processRequest(OzoneManagerProtocolServerSideTranslatorPB.java:175) ~[ozone-manager-1.4.0-SNAPSHOT.jar:?]
	at org.apache.hadoop.hdds.server.OzoneProtocolMessageDispatcher.processRequest(OzoneProtocolMessageDispatcher.java:87) [hdds-server-framework-1.4.0-SNAPSHOT.jar:?]
	at org.apache.hadoop.ozone.protocolPB.OzoneManagerProtocolServerSideTranslatorPB.submitRequest(OzoneManagerProtocolServerSideTranslatorPB.java:147) [ozone-manager-1.4.0-SNAPSHOT.jar:?]
	at org.apache.hadoop.ozone.protocol.proto.OzoneManagerProtocolProtos$OzoneManagerService$2.callBlockingMethod(OzoneManagerProtocolProtos.java) [ozone-interface-client-1.4.0-SNAPSHOT.jar:?]
	at org.apache.hadoop.ipc.ProtobufRpcEngine$Server.processCall(ProtobufRpcEngine.java:465) [hadoop-common-3.3.4.jar:?]
	at org.apache.hadoop.ipc.ProtobufRpcEngine2$Server$ProtoBufRpcInvoker.call(ProtobufRpcEngine2.java:578) [hadoop-common-3.3.4.jar:?]
	at org.apache.hadoop.ipc.ProtobufRpcEngine2$Server$ProtoBufRpcInvoker.call(ProtobufRpcEngine2.java:556) [hadoop-common-3.3.4.jar:?]
	at org.apache.hadoop.ipc.RPC$Server.call(RPC.java:1093) [hadoop-common-3.3.4.jar:?]
	at org.apache.hadoop.ipc.Server$RpcCall.run(Server.java:1043) [hadoop-common-3.3.4.jar:?]
	at org.apache.hadoop.ipc.Server$RpcCall.run(Server.java:971) [hadoop-common-3.3.4.jar:?]
	at java.security.AccessController.doPrivileged(Native Method) ~[?:1.8.0_352]
	at javax.security.auth.Subject.doAs(Subject.java:422) [?:1.8.0_352]
	at org.apache.hadoop.security.UserGroupInformation.doAs(UserGroupInformation.java:1878) [hadoop-common-3.3.4.jar:?]
	at org.apache.hadoop.ipc.Server$Handler.run(Server.java:2976) [hadoop-common-3.3.4.jar:?]
]]></system-out>
  </testcase>
  <testcase name="testRenameToExistingDir" classname="TestOzoneFileSystem" time="0.012">
    <system-out><![CDATA[10:09:05.997 [IPC Server handler 13 on default port 33423] ERROR OMAudit - user=runner | ip=127.0.0.1 | op=LIST_STATUS {volume=volume03607, bucket=bucket70088, key=b/a, dataSize=0, replicationConfig=null} | ret=FAILURE
org.apache.hadoop.ozone.om.exceptions.OMException: Unable to get file status: volume: volume03607 bucket: bucket70088 key: b/a
	at org.apache.hadoop.ozone.om.KeyManagerImpl.getOzoneFileStatus(KeyManagerImpl.java:1301) ~[ozone-manager-1.4.0-SNAPSHOT.jar:?]
	at org.apache.hadoop.ozone.om.KeyManagerImpl.getFileStatus(KeyManagerImpl.java:1219) ~[ozone-manager-1.4.0-SNAPSHOT.jar:?]
	at org.apache.hadoop.ozone.om.KeyManagerImpl.listStatus(KeyManagerImpl.java:1585) ~[ozone-manager-1.4.0-SNAPSHOT.jar:?]
	at org.apache.hadoop.ozone.om.OzoneManager.listStatus(OzoneManager.java:3662) ~[ozone-manager-1.4.0-SNAPSHOT.jar:?]
	at org.apache.hadoop.ozone.protocolPB.OzoneManagerRequestHandler.listStatus(OzoneManagerRequestHandler.java:1095) ~[ozone-manager-1.4.0-SNAPSHOT.jar:?]
	at org.apache.hadoop.ozone.protocolPB.OzoneManagerRequestHandler.handleReadRequest(OzoneManagerRequestHandler.java:242) ~[ozone-manager-1.4.0-SNAPSHOT.jar:?]
	at org.apache.hadoop.ozone.protocolPB.OzoneManagerProtocolServerSideTranslatorPB.submitRequestDirectlyToOM(OzoneManagerProtocolServerSideTranslatorPB.java:276) ~[ozone-manager-1.4.0-SNAPSHOT.jar:?]
	at org.apache.hadoop.ozone.protocolPB.OzoneManagerProtocolServerSideTranslatorPB.processRequest(OzoneManagerProtocolServerSideTranslatorPB.java:205) ~[ozone-manager-1.4.0-SNAPSHOT.jar:?]
	at org.apache.hadoop.hdds.server.OzoneProtocolMessageDispatcher.processRequest(OzoneProtocolMessageDispatcher.java:87) [hdds-server-framework-1.4.0-SNAPSHOT.jar:?]
	at org.apache.hadoop.ozone.protocolPB.OzoneManagerProtocolServerSideTranslatorPB.submitRequest(OzoneManagerProtocolServerSideTranslatorPB.java:147) [ozone-manager-1.4.0-SNAPSHOT.jar:?]
	at org.apache.hadoop.ozone.protocol.proto.OzoneManagerProtocolProtos$OzoneManagerService$2.callBlockingMethod(OzoneManagerProtocolProtos.java) [ozone-interface-client-1.4.0-SNAPSHOT.jar:?]
	at org.apache.hadoop.ipc.ProtobufRpcEngine$Server.processCall(ProtobufRpcEngine.java:465) [hadoop-common-3.3.4.jar:?]
	at org.apache.hadoop.ipc.ProtobufRpcEngine2$Server$ProtoBufRpcInvoker.call(ProtobufRpcEngine2.java:578) [hadoop-common-3.3.4.jar:?]
	at org.apache.hadoop.ipc.ProtobufRpcEngine2$Server$ProtoBufRpcInvoker.call(ProtobufRpcEngine2.java:556) [hadoop-common-3.3.4.jar:?]
	at org.apache.hadoop.ipc.RPC$Server.call(RPC.java:1093) [hadoop-common-3.3.4.jar:?]
	at org.apache.hadoop.ipc.Server$RpcCall.run(Server.java:1043) [hadoop-common-3.3.4.jar:?]
	at org.apache.hadoop.ipc.Server$RpcCall.run(Server.java:971) [hadoop-common-3.3.4.jar:?]
	at java.security.AccessController.doPrivileged(Native Method) ~[?:1.8.0_352]
	at javax.security.auth.Subject.doAs(Subject.java:422) [?:1.8.0_352]
	at org.apache.hadoop.security.UserGroupInformation.doAs(UserGroupInformation.java:1878) [hadoop-common-3.3.4.jar:?]
	at org.apache.hadoop.ipc.Server$Handler.run(Server.java:2976) [hadoop-common-3.3.4.jar:?]
]]></system-out>
  </testcase>
  <testcase name="testRenameDirToItsOwnSubDir" classname="TestOzoneFileSystem" time="0.021">
    <system-out><![CDATA[2023-01-03 10:06:22,734 [Time-limited test] INFO  ozone.TestOzoneFileSystem (TestOzoneFileSystem.java:testRenameDirToItsOwnSubDir(1165)) - Created dir1 o3fs://bucket85979.volume17571/root/dir1/sub_dir1
2023-01-03 10:06:22,734 [Time-limited test] INFO  ozone.TestOzoneFileSystem (TestOzoneFileSystem.java:testRenameDirToItsOwnSubDir(1168)) - Rename op-> source:o3fs://bucket85979.volume17571/root to destin:o3fs://bucket85979.volume17571/root/dir1/sub_dir1
]]></system-out>
  </testcase>
  <testcase name="testRenameDirToItsOwnSubDir" classname="TestOzoneFileSystem" time="0.006">
    <system-out><![CDATA[2023-01-03 10:07:22,572 [Time-limited test] INFO  ozone.TestOzoneFileSystem (TestOzoneFileSystem.java:testRenameDirToItsOwnSubDir(1165)) - Created dir1 o3fs://bucket24043.volume72509/root/dir1/sub_dir1
2023-01-03 10:07:22,573 [Time-limited test] INFO  ozone.TestOzoneFileSystem (TestOzoneFileSystem.java:testRenameDirToItsOwnSubDir(1168)) - Rename op-> source:o3fs://bucket24043.volume72509/root to destin:o3fs://bucket24043.volume72509/root/dir1/sub_dir1
]]></system-out>
  </testcase>
  <testcase name="testRenameDirToItsOwnSubDir" classname="TestOzoneFileSystem" time="0.005">
    <system-out><![CDATA[2023-01-03 10:08:12,744 [Time-limited test] INFO  ozone.TestOzoneFileSystem (TestOzoneFileSystem.java:testRenameDirToItsOwnSubDir(1165)) - Created dir1 o3fs://bucket79142.volume30750/root/dir1/sub_dir1
2023-01-03 10:08:12,744 [Time-limited test] INFO  ozone.TestOzoneFileSystem (TestOzoneFileSystem.java:testRenameDirToItsOwnSubDir(1168)) - Rename op-> source:o3fs://bucket79142.volume30750/root to destin:o3fs://bucket79142.volume30750/root/dir1/sub_dir1
]]></system-out>
  </testcase>
  <testcase name="testRenameDirToItsOwnSubDir" classname="TestOzoneFileSystem" time="0.003">
    <system-out><![CDATA[2023-01-03 10:09:06,003 [Time-limited test] INFO  ozone.TestOzoneFileSystem (TestOzoneFileSystem.java:testRenameDirToItsOwnSubDir(1165)) - Created dir1 o3fs://bucket70088.volume03607/root/dir1/sub_dir1
2023-01-03 10:09:06,003 [Time-limited test] INFO  ozone.TestOzoneFileSystem (TestOzoneFileSystem.java:testRenameDirToItsOwnSubDir(1168)) - Rename op-> source:o3fs://bucket70088.volume03607/root to destin:o3fs://bucket70088.volume03607/root/dir1/sub_dir1
]]></system-out>
  </testcase>
  <testcase name="testGetDirectoryModificationTime" classname="TestOzoneFileSystem" time="0.17"/>
  <testcase name="testGetDirectoryModificationTime" classname="TestOzoneFileSystem" time="0.117"/>
  <testcase name="testGetDirectoryModificationTime" classname="TestOzoneFileSystem" time="0.112"/>
  <testcase name="testGetDirectoryModificationTime" classname="TestOzoneFileSystem" time="0.109"/>
  <testcase name="testOzoneFsServiceLoader" classname="TestOzoneFileSystem" time="0.005"/>
  <testcase name="testOzoneFsServiceLoader" classname="TestOzoneFileSystem" time="0.004"/>
  <testcase name="testOzoneFsServiceLoader" classname="TestOzoneFileSystem" time="0.001"/>
  <testcase name="testOzoneFsServiceLoader" classname="TestOzoneFileSystem" time="0.001"/>
  <testcase name="testTrash" classname="TestOzoneFileSystem" time="5.073">
    <system-out><![CDATA[2023-01-03 10:06:22,938 [OM StateMachine ApplyTransaction Thread - 0] INFO  key.OMKeyRequest (OMKeyRequest.java:wrapUncommittedBlocksAsPseudoKey(835)) - Detect allocated but uncommitted blocks [{blockID={containerID=2, localID=111677748019200006}, length=4194304, offset=0, token=null, pipeline=null, createVersion=0, partNumber=0}] in key testKey2.
10:06:22.946 [IPC Server handler 1 on default port 41175] ERROR OMAudit - user=runner | ip=127.0.0.1 | op=GET_FILE_STATUS {volume=volume17571, bucket=bucket85979, key=.Trash/runner/Current/testKey2, dataSize=0, replicationConfig=null} | ret=FAILURE
org.apache.hadoop.ozone.om.exceptions.OMException: Unable to get file status: volume: volume17571 bucket: bucket85979 key: .Trash/runner/Current/testKey2
	at org.apache.hadoop.ozone.om.KeyManagerImpl.getOzoneFileStatus(KeyManagerImpl.java:1301) ~[ozone-manager-1.4.0-SNAPSHOT.jar:?]
	at org.apache.hadoop.ozone.om.KeyManagerImpl.getFileStatus(KeyManagerImpl.java:1219) ~[ozone-manager-1.4.0-SNAPSHOT.jar:?]
	at org.apache.hadoop.ozone.om.OzoneManager.getFileStatus(OzoneManager.java:3578) ~[ozone-manager-1.4.0-SNAPSHOT.jar:?]
	at org.apache.hadoop.ozone.protocolPB.OzoneManagerRequestHandler.getOzoneFileStatus(OzoneManagerRequestHandler.java:907) ~[ozone-manager-1.4.0-SNAPSHOT.jar:?]
	at org.apache.hadoop.ozone.protocolPB.OzoneManagerRequestHandler.handleReadRequest(OzoneManagerRequestHandler.java:231) ~[ozone-manager-1.4.0-SNAPSHOT.jar:?]
	at org.apache.hadoop.ozone.protocolPB.OzoneManagerProtocolServerSideTranslatorPB.submitReadRequestToOM(OzoneManagerProtocolServerSideTranslatorPB.java:226) ~[ozone-manager-1.4.0-SNAPSHOT.jar:?]
	at org.apache.hadoop.ozone.protocolPB.OzoneManagerProtocolServerSideTranslatorPB.processRequest(OzoneManagerProtocolServerSideTranslatorPB.java:175) ~[ozone-manager-1.4.0-SNAPSHOT.jar:?]
	at org.apache.hadoop.hdds.server.OzoneProtocolMessageDispatcher.processRequest(OzoneProtocolMessageDispatcher.java:87) [hdds-server-framework-1.4.0-SNAPSHOT.jar:?]
	at org.apache.hadoop.ozone.protocolPB.OzoneManagerProtocolServerSideTranslatorPB.submitRequest(OzoneManagerProtocolServerSideTranslatorPB.java:147) [ozone-manager-1.4.0-SNAPSHOT.jar:?]
	at org.apache.hadoop.ozone.protocol.proto.OzoneManagerProtocolProtos$OzoneManagerService$2.callBlockingMethod(OzoneManagerProtocolProtos.java) [ozone-interface-client-1.4.0-SNAPSHOT.jar:?]
	at org.apache.hadoop.ipc.ProtobufRpcEngine$Server.processCall(ProtobufRpcEngine.java:465) [hadoop-common-3.3.4.jar:?]
	at org.apache.hadoop.ipc.ProtobufRpcEngine2$Server$ProtoBufRpcInvoker.call(ProtobufRpcEngine2.java:578) [hadoop-common-3.3.4.jar:?]
	at org.apache.hadoop.ipc.ProtobufRpcEngine2$Server$ProtoBufRpcInvoker.call(ProtobufRpcEngine2.java:556) [hadoop-common-3.3.4.jar:?]
	at org.apache.hadoop.ipc.RPC$Server.call(RPC.java:1093) [hadoop-common-3.3.4.jar:?]
	at org.apache.hadoop.ipc.Server$RpcCall.run(Server.java:1043) [hadoop-common-3.3.4.jar:?]
	at org.apache.hadoop.ipc.Server$RpcCall.run(Server.java:971) [hadoop-common-3.3.4.jar:?]
	at java.security.AccessController.doPrivileged(Native Method) ~[?:1.8.0_352]
	at javax.security.auth.Subject.doAs(Subject.java:422) [?:1.8.0_352]
	at org.apache.hadoop.security.UserGroupInformation.doAs(UserGroupInformation.java:1878) [hadoop-common-3.3.4.jar:?]
	at org.apache.hadoop.ipc.Server$Handler.run(Server.java:2976) [hadoop-common-3.3.4.jar:?]
10:06:22.955 [IPC Server handler 19 on default port 41175] ERROR OMAudit - user=runner | ip=127.0.0.1 | op=GET_FILE_STATUS {volume=volume17571, bucket=bucket85979, key=.Trash/runner/Current/testKey2, dataSize=0, replicationConfig=null} | ret=FAILURE
org.apache.hadoop.ozone.om.exceptions.OMException: Unable to get file status: volume: volume17571 bucket: bucket85979 key: .Trash/runner/Current/testKey2
	at org.apache.hadoop.ozone.om.KeyManagerImpl.getOzoneFileStatus(KeyManagerImpl.java:1301) ~[ozone-manager-1.4.0-SNAPSHOT.jar:?]
	at org.apache.hadoop.ozone.om.KeyManagerImpl.getFileStatus(KeyManagerImpl.java:1219) ~[ozone-manager-1.4.0-SNAPSHOT.jar:?]
	at org.apache.hadoop.ozone.om.OzoneManager.getFileStatus(OzoneManager.java:3578) ~[ozone-manager-1.4.0-SNAPSHOT.jar:?]
	at org.apache.hadoop.ozone.protocolPB.OzoneManagerRequestHandler.getOzoneFileStatus(OzoneManagerRequestHandler.java:907) ~[ozone-manager-1.4.0-SNAPSHOT.jar:?]
	at org.apache.hadoop.ozone.protocolPB.OzoneManagerRequestHandler.handleReadRequest(OzoneManagerRequestHandler.java:231) ~[ozone-manager-1.4.0-SNAPSHOT.jar:?]
	at org.apache.hadoop.ozone.protocolPB.OzoneManagerProtocolServerSideTranslatorPB.submitReadRequestToOM(OzoneManagerProtocolServerSideTranslatorPB.java:226) ~[ozone-manager-1.4.0-SNAPSHOT.jar:?]
	at org.apache.hadoop.ozone.protocolPB.OzoneManagerProtocolServerSideTranslatorPB.processRequest(OzoneManagerProtocolServerSideTranslatorPB.java:175) ~[ozone-manager-1.4.0-SNAPSHOT.jar:?]
	at org.apache.hadoop.hdds.server.OzoneProtocolMessageDispatcher.processRequest(OzoneProtocolMessageDispatcher.java:87) [hdds-server-framework-1.4.0-SNAPSHOT.jar:?]
	at org.apache.hadoop.ozone.protocolPB.OzoneManagerProtocolServerSideTranslatorPB.submitRequest(OzoneManagerProtocolServerSideTranslatorPB.java:147) [ozone-manager-1.4.0-SNAPSHOT.jar:?]
	at org.apache.hadoop.ozone.protocol.proto.OzoneManagerProtocolProtos$OzoneManagerService$2.callBlockingMethod(OzoneManagerProtocolProtos.java) [ozone-interface-client-1.4.0-SNAPSHOT.jar:?]
	at org.apache.hadoop.ipc.ProtobufRpcEngine$Server.processCall(ProtobufRpcEngine.java:465) [hadoop-common-3.3.4.jar:?]
	at org.apache.hadoop.ipc.ProtobufRpcEngine2$Server$ProtoBufRpcInvoker.call(ProtobufRpcEngine2.java:578) [hadoop-common-3.3.4.jar:?]
	at org.apache.hadoop.ipc.ProtobufRpcEngine2$Server$ProtoBufRpcInvoker.call(ProtobufRpcEngine2.java:556) [hadoop-common-3.3.4.jar:?]
	at org.apache.hadoop.ipc.RPC$Server.call(RPC.java:1093) [hadoop-common-3.3.4.jar:?]
	at org.apache.hadoop.ipc.Server$RpcCall.run(Server.java:1043) [hadoop-common-3.3.4.jar:?]
	at org.apache.hadoop.ipc.Server$RpcCall.run(Server.java:971) [hadoop-common-3.3.4.jar:?]
	at java.security.AccessController.doPrivileged(Native Method) ~[?:1.8.0_352]
	at javax.security.auth.Subject.doAs(Subject.java:422) [?:1.8.0_352]
	at org.apache.hadoop.security.UserGroupInformation.doAs(UserGroupInformation.java:1878) [hadoop-common-3.3.4.jar:?]
	at org.apache.hadoop.ipc.Server$Handler.run(Server.java:2976) [hadoop-common-3.3.4.jar:?]
2023-01-03 10:06:22,966 [Time-limited test] INFO  om.TrashPolicyOzone (TrashPolicyOzone.java:moveToTrash(208)) - Moved: '/testKey2' to trash at: /.Trash/runner/Current/testKey2
2023-01-03 10:06:23,332 [EventQueue-CommandQueueReportForCommandQueueReportHandler] WARN  events.EventQueue (EventQueue.java:fireEvent(216)) - No event handler registered for event TypedEvent{payloadType=DatanodeDetails, name='Datanode_Command_Queue_Updated'}
2023-01-03 10:06:23,342 [EventQueue-CommandQueueReportForCommandQueueReportHandler] WARN  events.EventQueue (EventQueue.java:fireEvent(216)) - No event handler registered for event TypedEvent{payloadType=DatanodeDetails, name='Datanode_Command_Queue_Updated'}
2023-01-03 10:06:23,357 [EventQueue-CommandQueueReportForCommandQueueReportHandler] WARN  events.EventQueue (EventQueue.java:fireEvent(216)) - No event handler registered for event TypedEvent{payloadType=DatanodeDetails, name='Datanode_Command_Queue_Updated'}
2023-01-03 10:06:23,393 [EventQueue-CommandQueueReportForCommandQueueReportHandler] WARN  events.EventQueue (EventQueue.java:fireEvent(216)) - No event handler registered for event TypedEvent{payloadType=DatanodeDetails, name='Datanode_Command_Queue_Updated'}
2023-01-03 10:06:23,546 [EventQueue-CommandQueueReportForCommandQueueReportHandler] WARN  events.EventQueue (EventQueue.java:fireEvent(216)) - No event handler registered for event TypedEvent{payloadType=DatanodeDetails, name='Datanode_Command_Queue_Updated'}
2023-01-03 10:06:24,334 [EventQueue-CommandQueueReportForCommandQueueReportHandler] WARN  events.EventQueue (EventQueue.java:fireEvent(216)) - No event handler registered for event TypedEvent{payloadType=DatanodeDetails, name='Datanode_Command_Queue_Updated'}
2023-01-03 10:06:24,342 [EventQueue-CommandQueueReportForCommandQueueReportHandler] WARN  events.EventQueue (EventQueue.java:fireEvent(216)) - No event handler registered for event TypedEvent{payloadType=DatanodeDetails, name='Datanode_Command_Queue_Updated'}
2023-01-03 10:06:24,354 [f16244a9-e060-48f3-8727-dfe3ed85a294@group-108C4B708AA8-FollowerState] INFO  server.RaftServerConfigKeys (ConfUtils.java:logFallback(53)) - raft.server.rpc.first-election.timeout.min = 5s (fallback to raft.server.rpc.timeout.min)
2023-01-03 10:06:24,354 [f16244a9-e060-48f3-8727-dfe3ed85a294@group-108C4B708AA8-FollowerState] INFO  server.RaftServerConfigKeys (ConfUtils.java:logFallback(53)) - raft.server.rpc.first-election.timeout.max = 5200ms (fallback to raft.server.rpc.timeout.max)
2023-01-03 10:06:24,357 [EventQueue-CommandQueueReportForCommandQueueReportHandler] WARN  events.EventQueue (EventQueue.java:fireEvent(216)) - No event handler registered for event TypedEvent{payloadType=DatanodeDetails, name='Datanode_Command_Queue_Updated'}
2023-01-03 10:06:24,394 [EventQueue-CommandQueueReportForCommandQueueReportHandler] WARN  events.EventQueue (EventQueue.java:fireEvent(216)) - No event handler registered for event TypedEvent{payloadType=DatanodeDetails, name='Datanode_Command_Queue_Updated'}
2023-01-03 10:06:24,440 [1e90a81f-431a-478a-9b2e-dbda4ffaca44@group-108C4B708AA8-FollowerState] INFO  impl.FollowerState (FollowerState.java:run(143)) - 1e90a81f-431a-478a-9b2e-dbda4ffaca44@group-108C4B708AA8-FollowerState: change to CANDIDATE, lastRpcElapsedTime:5166427605ns, electionTimeout:5153ms
2023-01-03 10:06:24,440 [1e90a81f-431a-478a-9b2e-dbda4ffaca44@group-108C4B708AA8-FollowerState] INFO  impl.RoleInfo (RoleInfo.java:shutdownFollowerState(110)) - 1e90a81f-431a-478a-9b2e-dbda4ffaca44: shutdown 1e90a81f-431a-478a-9b2e-dbda4ffaca44@group-108C4B708AA8-FollowerState
2023-01-03 10:06:24,440 [1e90a81f-431a-478a-9b2e-dbda4ffaca44@group-108C4B708AA8-FollowerState] INFO  server.RaftServer$Division (RaftServerImpl.java:setRole(321)) - 1e90a81f-431a-478a-9b2e-dbda4ffaca44@group-108C4B708AA8: changes role from  FOLLOWER to CANDIDATE at term 1 for changeToCandidate
2023-01-03 10:06:24,440 [1e90a81f-431a-478a-9b2e-dbda4ffaca44@group-108C4B708AA8-FollowerState] INFO  server.RaftServerConfigKeys (ConfUtils.java:logGet(46)) - raft.server.leaderelection.pre-vote = false (custom)
2023-01-03 10:06:24,440 [1e90a81f-431a-478a-9b2e-dbda4ffaca44@group-108C4B708AA8-FollowerState] INFO  impl.RoleInfo (RoleInfo.java:updateAndGet(139)) - 1e90a81f-431a-478a-9b2e-dbda4ffaca44: start 1e90a81f-431a-478a-9b2e-dbda4ffaca44@group-108C4B708AA8-LeaderElection10
2023-01-03 10:06:24,441 [e60c2466-e581-4a2a-a391-12b730c6e057@group-108C4B708AA8-FollowerState] INFO  impl.FollowerState (FollowerState.java:run(143)) - e60c2466-e581-4a2a-a391-12b730c6e057@group-108C4B708AA8-FollowerState: change to CANDIDATE, lastRpcElapsedTime:5152258561ns, electionTimeout:5143ms
2023-01-03 10:06:24,441 [e60c2466-e581-4a2a-a391-12b730c6e057@group-108C4B708AA8-FollowerState] INFO  impl.RoleInfo (RoleInfo.java:shutdownFollowerState(110)) - e60c2466-e581-4a2a-a391-12b730c6e057: shutdown e60c2466-e581-4a2a-a391-12b730c6e057@group-108C4B708AA8-FollowerState
2023-01-03 10:06:24,441 [e60c2466-e581-4a2a-a391-12b730c6e057@group-108C4B708AA8-FollowerState] INFO  server.RaftServer$Division (RaftServerImpl.java:setRole(321)) - e60c2466-e581-4a2a-a391-12b730c6e057@group-108C4B708AA8: changes role from  FOLLOWER to CANDIDATE at term 1 for changeToCandidate
2023-01-03 10:06:24,441 [e60c2466-e581-4a2a-a391-12b730c6e057@group-108C4B708AA8-FollowerState] INFO  server.RaftServerConfigKeys (ConfUtils.java:logGet(46)) - raft.server.leaderelection.pre-vote = false (custom)
2023-01-03 10:06:24,441 [e60c2466-e581-4a2a-a391-12b730c6e057@group-108C4B708AA8-FollowerState] INFO  impl.RoleInfo (RoleInfo.java:updateAndGet(139)) - e60c2466-e581-4a2a-a391-12b730c6e057: start e60c2466-e581-4a2a-a391-12b730c6e057@group-108C4B708AA8-LeaderElection11
2023-01-03 10:06:24,443 [1e90a81f-431a-478a-9b2e-dbda4ffaca44@group-108C4B708AA8-LeaderElection10] INFO  impl.LeaderElection (LeaderElection.java:askForVotes(312)) - 1e90a81f-431a-478a-9b2e-dbda4ffaca44@group-108C4B708AA8-LeaderElection10 ELECTION round 0: submit vote requests at term 2 for -1: peers:[e60c2466-e581-4a2a-a391-12b730c6e057|rpc:10.1.0.13:43713|dataStream:10.1.0.13:34563|priority:0|startupRole:FOLLOWER, 1e90a81f-431a-478a-9b2e-dbda4ffaca44|rpc:10.1.0.13:44185|dataStream:10.1.0.13:44723|priority:1|startupRole:FOLLOWER, f16244a9-e060-48f3-8727-dfe3ed85a294|rpc:10.1.0.13:45615|dataStream:10.1.0.13:38733|priority:0|startupRole:FOLLOWER]|listeners:[], old=null
2023-01-03 10:06:24,444 [1e90a81f-431a-478a-9b2e-dbda4ffaca44@group-108C4B708AA8-LeaderElection10] INFO  server.RaftServerConfigKeys (ConfUtils.java:logFallback(53)) - raft.server.rpc.first-election.timeout.min = 5s (fallback to raft.server.rpc.timeout.min)
2023-01-03 10:06:24,444 [1e90a81f-431a-478a-9b2e-dbda4ffaca44@group-108C4B708AA8-LeaderElection10-1] INFO  server.GrpcServerProtocolClient (GrpcServerProtocolClient.java:<init>(63)) - Build channel for e60c2466-e581-4a2a-a391-12b730c6e057
2023-01-03 10:06:24,444 [e60c2466-e581-4a2a-a391-12b730c6e057@group-108C4B708AA8-LeaderElection11] INFO  impl.LeaderElection (LeaderElection.java:askForVotes(312)) - e60c2466-e581-4a2a-a391-12b730c6e057@group-108C4B708AA8-LeaderElection11 ELECTION round 0: submit vote requests at term 2 for -1: peers:[e60c2466-e581-4a2a-a391-12b730c6e057|rpc:10.1.0.13:43713|dataStream:10.1.0.13:34563|priority:0|startupRole:FOLLOWER, 1e90a81f-431a-478a-9b2e-dbda4ffaca44|rpc:10.1.0.13:44185|dataStream:10.1.0.13:44723|priority:1|startupRole:FOLLOWER, f16244a9-e060-48f3-8727-dfe3ed85a294|rpc:10.1.0.13:45615|dataStream:10.1.0.13:38733|priority:0|startupRole:FOLLOWER]|listeners:[], old=null
2023-01-03 10:06:24,444 [1e90a81f-431a-478a-9b2e-dbda4ffaca44@group-108C4B708AA8-LeaderElection10] INFO  server.RaftServerConfigKeys (ConfUtils.java:logFallback(53)) - raft.server.rpc.first-election.timeout.max = 5200ms (fallback to raft.server.rpc.timeout.max)
2023-01-03 10:06:24,448 [e60c2466-e581-4a2a-a391-12b730c6e057@group-108C4B708AA8-LeaderElection11] INFO  server.RaftServerConfigKeys (ConfUtils.java:logFallback(53)) - raft.server.rpc.first-election.timeout.min = 5s (fallback to raft.server.rpc.timeout.min)
2023-01-03 10:06:24,457 [e60c2466-e581-4a2a-a391-12b730c6e057@group-108C4B708AA8-LeaderElection11] INFO  server.RaftServerConfigKeys (ConfUtils.java:logFallback(53)) - raft.server.rpc.first-election.timeout.max = 5200ms (fallback to raft.server.rpc.timeout.max)
2023-01-03 10:06:24,456 [1e90a81f-431a-478a-9b2e-dbda4ffaca44@group-108C4B708AA8-LeaderElection10-2] INFO  server.GrpcServerProtocolClient (GrpcServerProtocolClient.java:<init>(63)) - Build channel for f16244a9-e060-48f3-8727-dfe3ed85a294
2023-01-03 10:06:24,457 [grpc-default-executor-3] INFO  server.RaftServer$Division (RaftServerImpl.java:requestVote(1218)) - 1e90a81f-431a-478a-9b2e-dbda4ffaca44@group-108C4B708AA8: receive requestVote(ELECTION, e60c2466-e581-4a2a-a391-12b730c6e057, group-108C4B708AA8, 2, (t:0, i:0))
2023-01-03 10:06:24,459 [grpc-default-executor-3] INFO  impl.VoteContext (VoteContext.java:log(49)) - 1e90a81f-431a-478a-9b2e-dbda4ffaca44@group-108C4B708AA8-CANDIDATE: reject ELECTION from e60c2466-e581-4a2a-a391-12b730c6e057: already has voted for 1e90a81f-431a-478a-9b2e-dbda4ffaca44 at current term 2
2023-01-03 10:06:24,459 [grpc-default-executor-3] INFO  server.RaftServer$Division (RaftServerImpl.java:requestVote(1251)) - 1e90a81f-431a-478a-9b2e-dbda4ffaca44@group-108C4B708AA8 replies to ELECTION vote request: e60c2466-e581-4a2a-a391-12b730c6e057<-1e90a81f-431a-478a-9b2e-dbda4ffaca44#0:FAIL-t2. Peer's state: 1e90a81f-431a-478a-9b2e-dbda4ffaca44@group-108C4B708AA8:t2, leader=null, voted=1e90a81f-431a-478a-9b2e-dbda4ffaca44, raftlog=Memoized:1e90a81f-431a-478a-9b2e-dbda4ffaca44@group-108C4B708AA8-SegmentedRaftLog:OPENED:c-1, conf=-1: peers:[e60c2466-e581-4a2a-a391-12b730c6e057|rpc:10.1.0.13:43713|dataStream:10.1.0.13:34563|priority:0|startupRole:FOLLOWER, 1e90a81f-431a-478a-9b2e-dbda4ffaca44|rpc:10.1.0.13:44185|dataStream:10.1.0.13:44723|priority:1|startupRole:FOLLOWER, f16244a9-e060-48f3-8727-dfe3ed85a294|rpc:10.1.0.13:45615|dataStream:10.1.0.13:38733|priority:0|startupRole:FOLLOWER]|listeners:[], old=null
2023-01-03 10:06:24,462 [e60c2466-e581-4a2a-a391-12b730c6e057@group-108C4B708AA8-LeaderElection11] INFO  impl.LeaderElection (LeaderElection.java:logAndReturn(90)) - e60c2466-e581-4a2a-a391-12b730c6e057@group-108C4B708AA8-LeaderElection11: ELECTION REJECTED received 1 response(s) and 0 exception(s):
2023-01-03 10:06:24,462 [e60c2466-e581-4a2a-a391-12b730c6e057@group-108C4B708AA8-LeaderElection11] INFO  impl.LeaderElection (LeaderElection.java:logAndReturn(94)) -   Response 0: e60c2466-e581-4a2a-a391-12b730c6e057<-1e90a81f-431a-478a-9b2e-dbda4ffaca44#0:FAIL-t2
2023-01-03 10:06:24,462 [e60c2466-e581-4a2a-a391-12b730c6e057@group-108C4B708AA8-LeaderElection11] INFO  impl.LeaderElection (LeaderElection.java:askForVotes(314)) - e60c2466-e581-4a2a-a391-12b730c6e057@group-108C4B708AA8-LeaderElection11 ELECTION round 0: result REJECTED
2023-01-03 10:06:24,462 [e60c2466-e581-4a2a-a391-12b730c6e057@group-108C4B708AA8-LeaderElection11] INFO  server.RaftServer$Division (RaftServerImpl.java:setRole(321)) - e60c2466-e581-4a2a-a391-12b730c6e057@group-108C4B708AA8: changes role from CANDIDATE to FOLLOWER at term 2 for REJECTED
2023-01-03 10:06:24,462 [e60c2466-e581-4a2a-a391-12b730c6e057@group-108C4B708AA8-LeaderElection11] INFO  impl.RoleInfo (RoleInfo.java:shutdownLeaderElection(130)) - e60c2466-e581-4a2a-a391-12b730c6e057: shutdown e60c2466-e581-4a2a-a391-12b730c6e057@group-108C4B708AA8-LeaderElection11
2023-01-03 10:06:24,462 [e60c2466-e581-4a2a-a391-12b730c6e057@group-108C4B708AA8-LeaderElection11] INFO  impl.RoleInfo (RoleInfo.java:updateAndGet(139)) - e60c2466-e581-4a2a-a391-12b730c6e057: start e60c2466-e581-4a2a-a391-12b730c6e057@group-108C4B708AA8-FollowerState
2023-01-03 10:06:24,469 [grpc-default-executor-1] INFO  server.RaftServer$Division (RaftServerImpl.java:requestVote(1218)) - f16244a9-e060-48f3-8727-dfe3ed85a294@group-108C4B708AA8: receive requestVote(ELECTION, e60c2466-e581-4a2a-a391-12b730c6e057, group-108C4B708AA8, 2, (t:0, i:0))
2023-01-03 10:06:24,469 [grpc-default-executor-1] INFO  impl.VoteContext (VoteContext.java:log(49)) - f16244a9-e060-48f3-8727-dfe3ed85a294@group-108C4B708AA8-FOLLOWER: accept ELECTION from e60c2466-e581-4a2a-a391-12b730c6e057: our priority 0 <= candidate's priority 0
2023-01-03 10:06:24,469 [grpc-default-executor-1] INFO  server.RaftServer$Division (RaftServerImpl.java:setRole(321)) - f16244a9-e060-48f3-8727-dfe3ed85a294@group-108C4B708AA8: changes role from  FOLLOWER to FOLLOWER at term 2 for candidate:e60c2466-e581-4a2a-a391-12b730c6e057
2023-01-03 10:06:24,469 [grpc-default-executor-1] INFO  impl.RoleInfo (RoleInfo.java:shutdownFollowerState(110)) - f16244a9-e060-48f3-8727-dfe3ed85a294: shutdown f16244a9-e060-48f3-8727-dfe3ed85a294@group-108C4B708AA8-FollowerState
2023-01-03 10:06:24,469 [grpc-default-executor-1] INFO  impl.RoleInfo (RoleInfo.java:updateAndGet(139)) - f16244a9-e060-48f3-8727-dfe3ed85a294: start f16244a9-e060-48f3-8727-dfe3ed85a294@group-108C4B708AA8-FollowerState
2023-01-03 10:06:24,469 [f16244a9-e060-48f3-8727-dfe3ed85a294@group-108C4B708AA8-FollowerState] INFO  impl.FollowerState (FollowerState.java:run(152)) - f16244a9-e060-48f3-8727-dfe3ed85a294@group-108C4B708AA8-FollowerState was interrupted
2023-01-03 10:06:24,469 [grpc-default-executor-3] INFO  server.RaftServer$Division (RaftServerImpl.java:requestVote(1218)) - e60c2466-e581-4a2a-a391-12b730c6e057@group-108C4B708AA8: receive requestVote(ELECTION, 1e90a81f-431a-478a-9b2e-dbda4ffaca44, group-108C4B708AA8, 2, (t:0, i:0))
2023-01-03 10:06:24,470 [grpc-default-executor-3] INFO  impl.VoteContext (VoteContext.java:log(49)) - e60c2466-e581-4a2a-a391-12b730c6e057@group-108C4B708AA8-FOLLOWER: reject ELECTION from 1e90a81f-431a-478a-9b2e-dbda4ffaca44: already has voted for e60c2466-e581-4a2a-a391-12b730c6e057 at current term 2
2023-01-03 10:06:24,470 [grpc-default-executor-3] INFO  server.RaftServer$Division (RaftServerImpl.java:requestVote(1251)) - e60c2466-e581-4a2a-a391-12b730c6e057@group-108C4B708AA8 replies to ELECTION vote request: 1e90a81f-431a-478a-9b2e-dbda4ffaca44<-e60c2466-e581-4a2a-a391-12b730c6e057#0:FAIL-t2. Peer's state: e60c2466-e581-4a2a-a391-12b730c6e057@group-108C4B708AA8:t2, leader=null, voted=e60c2466-e581-4a2a-a391-12b730c6e057, raftlog=Memoized:e60c2466-e581-4a2a-a391-12b730c6e057@group-108C4B708AA8-SegmentedRaftLog:OPENED:c-1, conf=-1: peers:[e60c2466-e581-4a2a-a391-12b730c6e057|rpc:10.1.0.13:43713|dataStream:10.1.0.13:34563|priority:0|startupRole:FOLLOWER, 1e90a81f-431a-478a-9b2e-dbda4ffaca44|rpc:10.1.0.13:44185|dataStream:10.1.0.13:44723|priority:1|startupRole:FOLLOWER, f16244a9-e060-48f3-8727-dfe3ed85a294|rpc:10.1.0.13:45615|dataStream:10.1.0.13:38733|priority:0|startupRole:FOLLOWER]|listeners:[], old=null
2023-01-03 10:06:24,469 [e60c2466-e581-4a2a-a391-12b730c6e057@group-108C4B708AA8-FollowerState] INFO  server.RaftServerConfigKeys (ConfUtils.java:logFallback(53)) - raft.server.rpc.first-election.timeout.min = 5s (fallback to raft.server.rpc.timeout.min)
2023-01-03 10:06:24,476 [grpc-default-executor-3] INFO  server.RaftServer$Division (RaftServerImpl.java:requestVote(1218)) - f16244a9-e060-48f3-8727-dfe3ed85a294@group-108C4B708AA8: receive requestVote(ELECTION, 1e90a81f-431a-478a-9b2e-dbda4ffaca44, group-108C4B708AA8, 2, (t:0, i:0))
2023-01-03 10:06:24,474 [grpc-default-executor-1] INFO  server.RaftServer$Division (RaftServerImpl.java:requestVote(1251)) - f16244a9-e060-48f3-8727-dfe3ed85a294@group-108C4B708AA8 replies to ELECTION vote request: e60c2466-e581-4a2a-a391-12b730c6e057<-f16244a9-e060-48f3-8727-dfe3ed85a294#0:OK-t2. Peer's state: f16244a9-e060-48f3-8727-dfe3ed85a294@group-108C4B708AA8:t2, leader=null, voted=e60c2466-e581-4a2a-a391-12b730c6e057, raftlog=Memoized:f16244a9-e060-48f3-8727-dfe3ed85a294@group-108C4B708AA8-SegmentedRaftLog:OPENED:c-1, conf=-1: peers:[e60c2466-e581-4a2a-a391-12b730c6e057|rpc:10.1.0.13:43713|dataStream:10.1.0.13:34563|priority:0|startupRole:FOLLOWER, 1e90a81f-431a-478a-9b2e-dbda4ffaca44|rpc:10.1.0.13:44185|dataStream:10.1.0.13:44723|priority:1|startupRole:FOLLOWER, f16244a9-e060-48f3-8727-dfe3ed85a294|rpc:10.1.0.13:45615|dataStream:10.1.0.13:38733|priority:0|startupRole:FOLLOWER]|listeners:[], old=null
2023-01-03 10:06:24,477 [e60c2466-e581-4a2a-a391-12b730c6e057@group-108C4B708AA8-FollowerState] INFO  server.RaftServerConfigKeys (ConfUtils.java:logFallback(53)) - raft.server.rpc.first-election.timeout.max = 5200ms (fallback to raft.server.rpc.timeout.max)
2023-01-03 10:06:24,478 [f16244a9-e060-48f3-8727-dfe3ed85a294@group-108C4B708AA8-FollowerState] INFO  server.RaftServerConfigKeys (ConfUtils.java:logFallback(53)) - raft.server.rpc.first-election.timeout.min = 5s (fallback to raft.server.rpc.timeout.min)
2023-01-03 10:06:24,478 [f16244a9-e060-48f3-8727-dfe3ed85a294@group-108C4B708AA8-FollowerState] INFO  server.RaftServerConfigKeys (ConfUtils.java:logFallback(53)) - raft.server.rpc.first-election.timeout.max = 5200ms (fallback to raft.server.rpc.timeout.max)
2023-01-03 10:06:24,479 [grpc-default-executor-3] INFO  impl.VoteContext (VoteContext.java:log(49)) - f16244a9-e060-48f3-8727-dfe3ed85a294@group-108C4B708AA8-FOLLOWER: reject ELECTION from 1e90a81f-431a-478a-9b2e-dbda4ffaca44: already has voted for e60c2466-e581-4a2a-a391-12b730c6e057 at current term 2
2023-01-03 10:06:24,480 [grpc-default-executor-3] INFO  server.RaftServer$Division (RaftServerImpl.java:requestVote(1251)) - f16244a9-e060-48f3-8727-dfe3ed85a294@group-108C4B708AA8 replies to ELECTION vote request: 1e90a81f-431a-478a-9b2e-dbda4ffaca44<-f16244a9-e060-48f3-8727-dfe3ed85a294#0:FAIL-t2. Peer's state: f16244a9-e060-48f3-8727-dfe3ed85a294@group-108C4B708AA8:t2, leader=null, voted=e60c2466-e581-4a2a-a391-12b730c6e057, raftlog=Memoized:f16244a9-e060-48f3-8727-dfe3ed85a294@group-108C4B708AA8-SegmentedRaftLog:OPENED:c-1, conf=-1: peers:[e60c2466-e581-4a2a-a391-12b730c6e057|rpc:10.1.0.13:43713|dataStream:10.1.0.13:34563|priority:0|startupRole:FOLLOWER, 1e90a81f-431a-478a-9b2e-dbda4ffaca44|rpc:10.1.0.13:44185|dataStream:10.1.0.13:44723|priority:1|startupRole:FOLLOWER, f16244a9-e060-48f3-8727-dfe3ed85a294|rpc:10.1.0.13:45615|dataStream:10.1.0.13:38733|priority:0|startupRole:FOLLOWER]|listeners:[], old=null
2023-01-03 10:06:24,481 [1e90a81f-431a-478a-9b2e-dbda4ffaca44@group-108C4B708AA8-LeaderElection10] INFO  impl.LeaderElection (LeaderElection.java:logAndReturn(90)) - 1e90a81f-431a-478a-9b2e-dbda4ffaca44@group-108C4B708AA8-LeaderElection10: ELECTION REJECTED received 2 response(s) and 0 exception(s):
2023-01-03 10:06:24,481 [1e90a81f-431a-478a-9b2e-dbda4ffaca44@group-108C4B708AA8-LeaderElection10] INFO  impl.LeaderElection (LeaderElection.java:logAndReturn(94)) -   Response 0: 1e90a81f-431a-478a-9b2e-dbda4ffaca44<-e60c2466-e581-4a2a-a391-12b730c6e057#0:FAIL-t2
2023-01-03 10:06:24,481 [1e90a81f-431a-478a-9b2e-dbda4ffaca44@group-108C4B708AA8-LeaderElection10] INFO  impl.LeaderElection (LeaderElection.java:logAndReturn(94)) -   Response 1: 1e90a81f-431a-478a-9b2e-dbda4ffaca44<-f16244a9-e060-48f3-8727-dfe3ed85a294#0:FAIL-t2
2023-01-03 10:06:24,481 [1e90a81f-431a-478a-9b2e-dbda4ffaca44@group-108C4B708AA8-LeaderElection10] INFO  impl.LeaderElection (LeaderElection.java:askForVotes(314)) - 1e90a81f-431a-478a-9b2e-dbda4ffaca44@group-108C4B708AA8-LeaderElection10 ELECTION round 0: result REJECTED
2023-01-03 10:06:24,481 [1e90a81f-431a-478a-9b2e-dbda4ffaca44@group-108C4B708AA8-LeaderElection10] INFO  server.RaftServer$Division (RaftServerImpl.java:setRole(321)) - 1e90a81f-431a-478a-9b2e-dbda4ffaca44@group-108C4B708AA8: changes role from CANDIDATE to FOLLOWER at term 2 for REJECTED
2023-01-03 10:06:24,481 [1e90a81f-431a-478a-9b2e-dbda4ffaca44@group-108C4B708AA8-LeaderElection10] INFO  impl.RoleInfo (RoleInfo.java:shutdownLeaderElection(130)) - 1e90a81f-431a-478a-9b2e-dbda4ffaca44: shutdown 1e90a81f-431a-478a-9b2e-dbda4ffaca44@group-108C4B708AA8-LeaderElection10
2023-01-03 10:06:24,481 [1e90a81f-431a-478a-9b2e-dbda4ffaca44@group-108C4B708AA8-LeaderElection10] INFO  impl.RoleInfo (RoleInfo.java:updateAndGet(139)) - 1e90a81f-431a-478a-9b2e-dbda4ffaca44: start 1e90a81f-431a-478a-9b2e-dbda4ffaca44@group-108C4B708AA8-FollowerState
2023-01-03 10:06:24,484 [1e90a81f-431a-478a-9b2e-dbda4ffaca44@group-108C4B708AA8-FollowerState] INFO  server.RaftServerConfigKeys (ConfUtils.java:logFallback(53)) - raft.server.rpc.first-election.timeout.min = 5s (fallback to raft.server.rpc.timeout.min)
2023-01-03 10:06:24,485 [1e90a81f-431a-478a-9b2e-dbda4ffaca44@group-108C4B708AA8-FollowerState] INFO  server.RaftServerConfigKeys (ConfUtils.java:logFallback(53)) - raft.server.rpc.first-election.timeout.max = 5200ms (fallback to raft.server.rpc.timeout.max)
2023-01-03 10:06:24,547 [EventQueue-CommandQueueReportForCommandQueueReportHandler] WARN  events.EventQueue (EventQueue.java:fireEvent(216)) - No event handler registered for event TypedEvent{payloadType=DatanodeDetails, name='Datanode_Command_Queue_Updated'}
10:06:24.972 [IPC Server handler 7 on default port 41175] ERROR OMAudit - user=runner | ip=127.0.0.1 | op=GET_FILE_STATUS {volume=volume17571, bucket=bucket85979, key=.Trash/runner/Current/testKey2, dataSize=0, replicationConfig=null} | ret=FAILURE
org.apache.hadoop.ozone.om.exceptions.OMException: Unable to get file status: volume: volume17571 bucket: bucket85979 key: .Trash/runner/Current/testKey2
	at org.apache.hadoop.ozone.om.KeyManagerImpl.getOzoneFileStatus(KeyManagerImpl.java:1301) ~[ozone-manager-1.4.0-SNAPSHOT.jar:?]
	at org.apache.hadoop.ozone.om.KeyManagerImpl.getFileStatus(KeyManagerImpl.java:1219) ~[ozone-manager-1.4.0-SNAPSHOT.jar:?]
	at org.apache.hadoop.ozone.om.OzoneManager.getFileStatus(OzoneManager.java:3578) ~[ozone-manager-1.4.0-SNAPSHOT.jar:?]
	at org.apache.hadoop.ozone.protocolPB.OzoneManagerRequestHandler.getOzoneFileStatus(OzoneManagerRequestHandler.java:907) ~[ozone-manager-1.4.0-SNAPSHOT.jar:?]
	at org.apache.hadoop.ozone.protocolPB.OzoneManagerRequestHandler.handleReadRequest(OzoneManagerRequestHandler.java:231) ~[ozone-manager-1.4.0-SNAPSHOT.jar:?]
	at org.apache.hadoop.ozone.protocolPB.OzoneManagerProtocolServerSideTranslatorPB.submitReadRequestToOM(OzoneManagerProtocolServerSideTranslatorPB.java:226) ~[ozone-manager-1.4.0-SNAPSHOT.jar:?]
	at org.apache.hadoop.ozone.protocolPB.OzoneManagerProtocolServerSideTranslatorPB.processRequest(OzoneManagerProtocolServerSideTranslatorPB.java:175) ~[ozone-manager-1.4.0-SNAPSHOT.jar:?]
	at org.apache.hadoop.hdds.server.OzoneProtocolMessageDispatcher.processRequest(OzoneProtocolMessageDispatcher.java:87) [hdds-server-framework-1.4.0-SNAPSHOT.jar:?]
	at org.apache.hadoop.ozone.protocolPB.OzoneManagerProtocolServerSideTranslatorPB.submitRequest(OzoneManagerProtocolServerSideTranslatorPB.java:147) [ozone-manager-1.4.0-SNAPSHOT.jar:?]
	at org.apache.hadoop.ozone.protocol.proto.OzoneManagerProtocolProtos$OzoneManagerService$2.callBlockingMethod(OzoneManagerProtocolProtos.java) [ozone-interface-client-1.4.0-SNAPSHOT.jar:?]
	at org.apache.hadoop.ipc.ProtobufRpcEngine$Server.processCall(ProtobufRpcEngine.java:465) [hadoop-common-3.3.4.jar:?]
	at org.apache.hadoop.ipc.ProtobufRpcEngine2$Server$ProtoBufRpcInvoker.call(ProtobufRpcEngine2.java:578) [hadoop-common-3.3.4.jar:?]
	at org.apache.hadoop.ipc.ProtobufRpcEngine2$Server$ProtoBufRpcInvoker.call(ProtobufRpcEngine2.java:556) [hadoop-common-3.3.4.jar:?]
	at org.apache.hadoop.ipc.RPC$Server.call(RPC.java:1093) [hadoop-common-3.3.4.jar:?]
	at org.apache.hadoop.ipc.Server$RpcCall.run(Server.java:1043) [hadoop-common-3.3.4.jar:?]
	at org.apache.hadoop.ipc.Server$RpcCall.run(Server.java:971) [hadoop-common-3.3.4.jar:?]
	at java.security.AccessController.doPrivileged(Native Method) ~[?:1.8.0_352]
	at javax.security.auth.Subject.doAs(Subject.java:422) [?:1.8.0_352]
	at org.apache.hadoop.security.UserGroupInformation.doAs(UserGroupInformation.java:1878) [hadoop-common-3.3.4.jar:?]
	at org.apache.hadoop.ipc.Server$Handler.run(Server.java:2976) [hadoop-common-3.3.4.jar:?]
2023-01-03 10:06:25,331 [EventQueue-CommandQueueReportForCommandQueueReportHandler] WARN  events.EventQueue (EventQueue.java:fireEvent(216)) - No event handler registered for event TypedEvent{payloadType=DatanodeDetails, name='Datanode_Command_Queue_Updated'}
2023-01-03 10:06:25,342 [EventQueue-CommandQueueReportForCommandQueueReportHandler] WARN  events.EventQueue (EventQueue.java:fireEvent(216)) - No event handler registered for event TypedEvent{payloadType=DatanodeDetails, name='Datanode_Command_Queue_Updated'}
2023-01-03 10:06:25,357 [EventQueue-CommandQueueReportForCommandQueueReportHandler] WARN  events.EventQueue (EventQueue.java:fireEvent(216)) - No event handler registered for event TypedEvent{payloadType=DatanodeDetails, name='Datanode_Command_Queue_Updated'}
2023-01-03 10:06:25,394 [EventQueue-CommandQueueReportForCommandQueueReportHandler] WARN  events.EventQueue (EventQueue.java:fireEvent(216)) - No event handler registered for event TypedEvent{payloadType=DatanodeDetails, name='Datanode_Command_Queue_Updated'}
2023-01-03 10:06:25,546 [EventQueue-CommandQueueReportForCommandQueueReportHandler] WARN  events.EventQueue (EventQueue.java:fireEvent(216)) - No event handler registered for event TypedEvent{payloadType=DatanodeDetails, name='Datanode_Command_Queue_Updated'}
2023-01-03 10:06:26,334 [EventQueue-CommandQueueReportForCommandQueueReportHandler] WARN  events.EventQueue (EventQueue.java:fireEvent(216)) - No event handler registered for event TypedEvent{payloadType=DatanodeDetails, name='Datanode_Command_Queue_Updated'}
2023-01-03 10:06:26,342 [EventQueue-CommandQueueReportForCommandQueueReportHandler] WARN  events.EventQueue (EventQueue.java:fireEvent(216)) - No event handler registered for event TypedEvent{payloadType=DatanodeDetails, name='Datanode_Command_Queue_Updated'}
2023-01-03 10:06:26,357 [EventQueue-CommandQueueReportForCommandQueueReportHandler] WARN  events.EventQueue (EventQueue.java:fireEvent(216)) - No event handler registered for event TypedEvent{payloadType=DatanodeDetails, name='Datanode_Command_Queue_Updated'}
2023-01-03 10:06:26,394 [EventQueue-CommandQueueReportForCommandQueueReportHandler] WARN  events.EventQueue (EventQueue.java:fireEvent(216)) - No event handler registered for event TypedEvent{payloadType=DatanodeDetails, name='Datanode_Command_Queue_Updated'}
2023-01-03 10:06:26,547 [EventQueue-CommandQueueReportForCommandQueueReportHandler] WARN  events.EventQueue (EventQueue.java:fireEvent(216)) - No event handler registered for event TypedEvent{payloadType=DatanodeDetails, name='Datanode_Command_Queue_Updated'}
2023-01-03 10:06:27,332 [EventQueue-CommandQueueReportForCommandQueueReportHandler] WARN  events.EventQueue (EventQueue.java:fireEvent(216)) - No event handler registered for event TypedEvent{payloadType=DatanodeDetails, name='Datanode_Command_Queue_Updated'}
2023-01-03 10:06:27,343 [EventQueue-CommandQueueReportForCommandQueueReportHandler] WARN  events.EventQueue (EventQueue.java:fireEvent(216)) - No event handler registered for event TypedEvent{payloadType=DatanodeDetails, name='Datanode_Command_Queue_Updated'}
2023-01-03 10:06:27,357 [EventQueue-CommandQueueReportForCommandQueueReportHandler] WARN  events.EventQueue (EventQueue.java:fireEvent(216)) - No event handler registered for event TypedEvent{payloadType=DatanodeDetails, name='Datanode_Command_Queue_Updated'}
2023-01-03 10:06:27,394 [EventQueue-CommandQueueReportForCommandQueueReportHandler] WARN  events.EventQueue (EventQueue.java:fireEvent(216)) - No event handler registered for event TypedEvent{payloadType=DatanodeDetails, name='Datanode_Command_Queue_Updated'}
2023-01-03 10:06:27,547 [EventQueue-CommandQueueReportForCommandQueueReportHandler] WARN  events.EventQueue (EventQueue.java:fireEvent(216)) - No event handler registered for event TypedEvent{payloadType=DatanodeDetails, name='Datanode_Command_Queue_Updated'}
]]></system-out>
  </testcase>
  <testcase name="testTrash" classname="TestOzoneFileSystem" time="5.021">
    <system-out><![CDATA[2023-01-03 10:07:22,704 [IPC Server handler 17 on default port 46801] INFO  key.OMKeyRequest (OMKeyRequest.java:wrapUncommittedBlocksAsPseudoKey(835)) - Detect allocated but uncommitted blocks [{blockID={containerID=2, localID=111677748019200006}, length=4194304, offset=0, token=null, pipeline=null, createVersion=0, partNumber=0}] in key testKey2.
10:07:22.706 [IPC Server handler 19 on default port 46801] ERROR OMAudit - user=runner | ip=127.0.0.1 | op=GET_FILE_STATUS {volume=volume72509, bucket=bucket24043, key=.Trash/runner/Current/testKey2, dataSize=0, replicationConfig=null} | ret=FAILURE
org.apache.hadoop.ozone.om.exceptions.OMException: Unable to get file status: volume: volume72509 bucket: bucket24043 key: .Trash/runner/Current/testKey2
	at org.apache.hadoop.ozone.om.KeyManagerImpl.getOzoneFileStatus(KeyManagerImpl.java:1301) ~[ozone-manager-1.4.0-SNAPSHOT.jar:?]
	at org.apache.hadoop.ozone.om.KeyManagerImpl.getFileStatus(KeyManagerImpl.java:1219) ~[ozone-manager-1.4.0-SNAPSHOT.jar:?]
	at org.apache.hadoop.ozone.om.OzoneManager.getFileStatus(OzoneManager.java:3578) ~[ozone-manager-1.4.0-SNAPSHOT.jar:?]
	at org.apache.hadoop.ozone.protocolPB.OzoneManagerRequestHandler.getOzoneFileStatus(OzoneManagerRequestHandler.java:907) ~[ozone-manager-1.4.0-SNAPSHOT.jar:?]
	at org.apache.hadoop.ozone.protocolPB.OzoneManagerRequestHandler.handleReadRequest(OzoneManagerRequestHandler.java:231) ~[ozone-manager-1.4.0-SNAPSHOT.jar:?]
	at org.apache.hadoop.ozone.protocolPB.OzoneManagerProtocolServerSideTranslatorPB.submitRequestDirectlyToOM(OzoneManagerProtocolServerSideTranslatorPB.java:276) ~[ozone-manager-1.4.0-SNAPSHOT.jar:?]
	at org.apache.hadoop.ozone.protocolPB.OzoneManagerProtocolServerSideTranslatorPB.processRequest(OzoneManagerProtocolServerSideTranslatorPB.java:205) ~[ozone-manager-1.4.0-SNAPSHOT.jar:?]
	at org.apache.hadoop.hdds.server.OzoneProtocolMessageDispatcher.processRequest(OzoneProtocolMessageDispatcher.java:87) [hdds-server-framework-1.4.0-SNAPSHOT.jar:?]
	at org.apache.hadoop.ozone.protocolPB.OzoneManagerProtocolServerSideTranslatorPB.submitRequest(OzoneManagerProtocolServerSideTranslatorPB.java:147) [ozone-manager-1.4.0-SNAPSHOT.jar:?]
	at org.apache.hadoop.ozone.protocol.proto.OzoneManagerProtocolProtos$OzoneManagerService$2.callBlockingMethod(OzoneManagerProtocolProtos.java) [ozone-interface-client-1.4.0-SNAPSHOT.jar:?]
	at org.apache.hadoop.ipc.ProtobufRpcEngine$Server.processCall(ProtobufRpcEngine.java:465) [hadoop-common-3.3.4.jar:?]
	at org.apache.hadoop.ipc.ProtobufRpcEngine2$Server$ProtoBufRpcInvoker.call(ProtobufRpcEngine2.java:578) [hadoop-common-3.3.4.jar:?]
	at org.apache.hadoop.ipc.ProtobufRpcEngine2$Server$ProtoBufRpcInvoker.call(ProtobufRpcEngine2.java:556) [hadoop-common-3.3.4.jar:?]
	at org.apache.hadoop.ipc.RPC$Server.call(RPC.java:1093) [hadoop-common-3.3.4.jar:?]
	at org.apache.hadoop.ipc.Server$RpcCall.run(Server.java:1043) [hadoop-common-3.3.4.jar:?]
	at org.apache.hadoop.ipc.Server$RpcCall.run(Server.java:971) [hadoop-common-3.3.4.jar:?]
	at java.security.AccessController.doPrivileged(Native Method) ~[?:1.8.0_352]
	at javax.security.auth.Subject.doAs(Subject.java:422) [?:1.8.0_352]
	at org.apache.hadoop.security.UserGroupInformation.doAs(UserGroupInformation.java:1878) [hadoop-common-3.3.4.jar:?]
	at org.apache.hadoop.ipc.Server$Handler.run(Server.java:2976) [hadoop-common-3.3.4.jar:?]
10:07:22.707 [IPC Server handler 1 on default port 46801] ERROR OMAudit - user=runner | ip=127.0.0.1 | op=GET_FILE_STATUS {volume=volume72509, bucket=bucket24043, key=.Trash/runner/Current/testKey2, dataSize=0, replicationConfig=null} | ret=FAILURE
org.apache.hadoop.ozone.om.exceptions.OMException: Unable to get file status: volume: volume72509 bucket: bucket24043 key: .Trash/runner/Current/testKey2
	at org.apache.hadoop.ozone.om.KeyManagerImpl.getOzoneFileStatus(KeyManagerImpl.java:1301) ~[ozone-manager-1.4.0-SNAPSHOT.jar:?]
	at org.apache.hadoop.ozone.om.KeyManagerImpl.getFileStatus(KeyManagerImpl.java:1219) ~[ozone-manager-1.4.0-SNAPSHOT.jar:?]
	at org.apache.hadoop.ozone.om.OzoneManager.getFileStatus(OzoneManager.java:3578) ~[ozone-manager-1.4.0-SNAPSHOT.jar:?]
	at org.apache.hadoop.ozone.protocolPB.OzoneManagerRequestHandler.getOzoneFileStatus(OzoneManagerRequestHandler.java:907) ~[ozone-manager-1.4.0-SNAPSHOT.jar:?]
	at org.apache.hadoop.ozone.protocolPB.OzoneManagerRequestHandler.handleReadRequest(OzoneManagerRequestHandler.java:231) ~[ozone-manager-1.4.0-SNAPSHOT.jar:?]
	at org.apache.hadoop.ozone.protocolPB.OzoneManagerProtocolServerSideTranslatorPB.submitRequestDirectlyToOM(OzoneManagerProtocolServerSideTranslatorPB.java:276) ~[ozone-manager-1.4.0-SNAPSHOT.jar:?]
	at org.apache.hadoop.ozone.protocolPB.OzoneManagerProtocolServerSideTranslatorPB.processRequest(OzoneManagerProtocolServerSideTranslatorPB.java:205) ~[ozone-manager-1.4.0-SNAPSHOT.jar:?]
	at org.apache.hadoop.hdds.server.OzoneProtocolMessageDispatcher.processRequest(OzoneProtocolMessageDispatcher.java:87) [hdds-server-framework-1.4.0-SNAPSHOT.jar:?]
	at org.apache.hadoop.ozone.protocolPB.OzoneManagerProtocolServerSideTranslatorPB.submitRequest(OzoneManagerProtocolServerSideTranslatorPB.java:147) [ozone-manager-1.4.0-SNAPSHOT.jar:?]
	at org.apache.hadoop.ozone.protocol.proto.OzoneManagerProtocolProtos$OzoneManagerService$2.callBlockingMethod(OzoneManagerProtocolProtos.java) [ozone-interface-client-1.4.0-SNAPSHOT.jar:?]
	at org.apache.hadoop.ipc.ProtobufRpcEngine$Server.processCall(ProtobufRpcEngine.java:465) [hadoop-common-3.3.4.jar:?]
	at org.apache.hadoop.ipc.ProtobufRpcEngine2$Server$ProtoBufRpcInvoker.call(ProtobufRpcEngine2.java:578) [hadoop-common-3.3.4.jar:?]
	at org.apache.hadoop.ipc.ProtobufRpcEngine2$Server$ProtoBufRpcInvoker.call(ProtobufRpcEngine2.java:556) [hadoop-common-3.3.4.jar:?]
	at org.apache.hadoop.ipc.RPC$Server.call(RPC.java:1093) [hadoop-common-3.3.4.jar:?]
	at org.apache.hadoop.ipc.Server$RpcCall.run(Server.java:1043) [hadoop-common-3.3.4.jar:?]
	at org.apache.hadoop.ipc.Server$RpcCall.run(Server.java:971) [hadoop-common-3.3.4.jar:?]
	at java.security.AccessController.doPrivileged(Native Method) ~[?:1.8.0_352]
	at javax.security.auth.Subject.doAs(Subject.java:422) [?:1.8.0_352]
	at org.apache.hadoop.security.UserGroupInformation.doAs(UserGroupInformation.java:1878) [hadoop-common-3.3.4.jar:?]
	at org.apache.hadoop.ipc.Server$Handler.run(Server.java:2976) [hadoop-common-3.3.4.jar:?]
2023-01-03 10:07:22,710 [Time-limited test] INFO  om.TrashPolicyOzone (TrashPolicyOzone.java:moveToTrash(208)) - Moved: '/testKey2' to trash at: /.Trash/runner/Current/testKey2
2023-01-03 10:07:23,027 [EventQueue-CommandQueueReportForCommandQueueReportHandler] WARN  events.EventQueue (EventQueue.java:fireEvent(216)) - No event handler registered for event TypedEvent{payloadType=DatanodeDetails, name='Datanode_Command_Queue_Updated'}
2023-01-03 10:07:23,280 [EventQueue-CommandQueueReportForCommandQueueReportHandler] WARN  events.EventQueue (EventQueue.java:fireEvent(216)) - No event handler registered for event TypedEvent{payloadType=DatanodeDetails, name='Datanode_Command_Queue_Updated'}
2023-01-03 10:07:23,338 [EventQueue-CommandQueueReportForCommandQueueReportHandler] WARN  events.EventQueue (EventQueue.java:fireEvent(216)) - No event handler registered for event TypedEvent{payloadType=DatanodeDetails, name='Datanode_Command_Queue_Updated'}
2023-01-03 10:07:23,342 [EventQueue-CommandQueueReportForCommandQueueReportHandler] WARN  events.EventQueue (EventQueue.java:fireEvent(216)) - No event handler registered for event TypedEvent{payloadType=DatanodeDetails, name='Datanode_Command_Queue_Updated'}
2023-01-03 10:07:23,356 [EventQueue-CommandQueueReportForCommandQueueReportHandler] WARN  events.EventQueue (EventQueue.java:fireEvent(216)) - No event handler registered for event TypedEvent{payloadType=DatanodeDetails, name='Datanode_Command_Queue_Updated'}
2023-01-03 10:07:24,030 [EventQueue-CommandQueueReportForCommandQueueReportHandler] WARN  events.EventQueue (EventQueue.java:fireEvent(216)) - No event handler registered for event TypedEvent{payloadType=DatanodeDetails, name='Datanode_Command_Queue_Updated'}
2023-01-03 10:07:24,280 [EventQueue-CommandQueueReportForCommandQueueReportHandler] WARN  events.EventQueue (EventQueue.java:fireEvent(216)) - No event handler registered for event TypedEvent{payloadType=DatanodeDetails, name='Datanode_Command_Queue_Updated'}
2023-01-03 10:07:24,338 [EventQueue-CommandQueueReportForCommandQueueReportHandler] WARN  events.EventQueue (EventQueue.java:fireEvent(216)) - No event handler registered for event TypedEvent{payloadType=DatanodeDetails, name='Datanode_Command_Queue_Updated'}
2023-01-03 10:07:24,342 [EventQueue-CommandQueueReportForCommandQueueReportHandler] WARN  events.EventQueue (EventQueue.java:fireEvent(216)) - No event handler registered for event TypedEvent{payloadType=DatanodeDetails, name='Datanode_Command_Queue_Updated'}
2023-01-03 10:07:24,355 [EventQueue-CommandQueueReportForCommandQueueReportHandler] WARN  events.EventQueue (EventQueue.java:fireEvent(216)) - No event handler registered for event TypedEvent{payloadType=DatanodeDetails, name='Datanode_Command_Queue_Updated'}
10:07:24.712 [IPC Server handler 8 on default port 46801] ERROR OMAudit - user=runner | ip=127.0.0.1 | op=GET_FILE_STATUS {volume=volume72509, bucket=bucket24043, key=.Trash/runner/Current/testKey2, dataSize=0, replicationConfig=null} | ret=FAILURE
org.apache.hadoop.ozone.om.exceptions.OMException: Unable to get file status: volume: volume72509 bucket: bucket24043 key: .Trash/runner/Current/testKey2
	at org.apache.hadoop.ozone.om.KeyManagerImpl.getOzoneFileStatus(KeyManagerImpl.java:1301) ~[ozone-manager-1.4.0-SNAPSHOT.jar:?]
	at org.apache.hadoop.ozone.om.KeyManagerImpl.getFileStatus(KeyManagerImpl.java:1219) ~[ozone-manager-1.4.0-SNAPSHOT.jar:?]
	at org.apache.hadoop.ozone.om.OzoneManager.getFileStatus(OzoneManager.java:3578) ~[ozone-manager-1.4.0-SNAPSHOT.jar:?]
	at org.apache.hadoop.ozone.protocolPB.OzoneManagerRequestHandler.getOzoneFileStatus(OzoneManagerRequestHandler.java:907) ~[ozone-manager-1.4.0-SNAPSHOT.jar:?]
	at org.apache.hadoop.ozone.protocolPB.OzoneManagerRequestHandler.handleReadRequest(OzoneManagerRequestHandler.java:231) ~[ozone-manager-1.4.0-SNAPSHOT.jar:?]
	at org.apache.hadoop.ozone.protocolPB.OzoneManagerProtocolServerSideTranslatorPB.submitRequestDirectlyToOM(OzoneManagerProtocolServerSideTranslatorPB.java:276) ~[ozone-manager-1.4.0-SNAPSHOT.jar:?]
	at org.apache.hadoop.ozone.protocolPB.OzoneManagerProtocolServerSideTranslatorPB.processRequest(OzoneManagerProtocolServerSideTranslatorPB.java:205) ~[ozone-manager-1.4.0-SNAPSHOT.jar:?]
	at org.apache.hadoop.hdds.server.OzoneProtocolMessageDispatcher.processRequest(OzoneProtocolMessageDispatcher.java:87) [hdds-server-framework-1.4.0-SNAPSHOT.jar:?]
	at org.apache.hadoop.ozone.protocolPB.OzoneManagerProtocolServerSideTranslatorPB.submitRequest(OzoneManagerProtocolServerSideTranslatorPB.java:147) [ozone-manager-1.4.0-SNAPSHOT.jar:?]
	at org.apache.hadoop.ozone.protocol.proto.OzoneManagerProtocolProtos$OzoneManagerService$2.callBlockingMethod(OzoneManagerProtocolProtos.java) [ozone-interface-client-1.4.0-SNAPSHOT.jar:?]
	at org.apache.hadoop.ipc.ProtobufRpcEngine$Server.processCall(ProtobufRpcEngine.java:465) [hadoop-common-3.3.4.jar:?]
	at org.apache.hadoop.ipc.ProtobufRpcEngine2$Server$ProtoBufRpcInvoker.call(ProtobufRpcEngine2.java:578) [hadoop-common-3.3.4.jar:?]
	at org.apache.hadoop.ipc.ProtobufRpcEngine2$Server$ProtoBufRpcInvoker.call(ProtobufRpcEngine2.java:556) [hadoop-common-3.3.4.jar:?]
	at org.apache.hadoop.ipc.RPC$Server.call(RPC.java:1093) [hadoop-common-3.3.4.jar:?]
	at org.apache.hadoop.ipc.Server$RpcCall.run(Server.java:1043) [hadoop-common-3.3.4.jar:?]
	at org.apache.hadoop.ipc.Server$RpcCall.run(Server.java:971) [hadoop-common-3.3.4.jar:?]
	at java.security.AccessController.doPrivileged(Native Method) ~[?:1.8.0_352]
	at javax.security.auth.Subject.doAs(Subject.java:422) [?:1.8.0_352]
	at org.apache.hadoop.security.UserGroupInformation.doAs(UserGroupInformation.java:1878) [hadoop-common-3.3.4.jar:?]
	at org.apache.hadoop.ipc.Server$Handler.run(Server.java:2976) [hadoop-common-3.3.4.jar:?]
2023-01-03 10:07:25,030 [EventQueue-CommandQueueReportForCommandQueueReportHandler] WARN  events.EventQueue (EventQueue.java:fireEvent(216)) - No event handler registered for event TypedEvent{payloadType=DatanodeDetails, name='Datanode_Command_Queue_Updated'}
2023-01-03 10:07:25,280 [EventQueue-CommandQueueReportForCommandQueueReportHandler] WARN  events.EventQueue (EventQueue.java:fireEvent(216)) - No event handler registered for event TypedEvent{payloadType=DatanodeDetails, name='Datanode_Command_Queue_Updated'}
2023-01-03 10:07:25,338 [EventQueue-CommandQueueReportForCommandQueueReportHandler] WARN  events.EventQueue (EventQueue.java:fireEvent(216)) - No event handler registered for event TypedEvent{payloadType=DatanodeDetails, name='Datanode_Command_Queue_Updated'}
2023-01-03 10:07:25,341 [EventQueue-CommandQueueReportForCommandQueueReportHandler] WARN  events.EventQueue (EventQueue.java:fireEvent(216)) - No event handler registered for event TypedEvent{payloadType=DatanodeDetails, name='Datanode_Command_Queue_Updated'}
2023-01-03 10:07:25,356 [EventQueue-CommandQueueReportForCommandQueueReportHandler] WARN  events.EventQueue (EventQueue.java:fireEvent(216)) - No event handler registered for event TypedEvent{payloadType=DatanodeDetails, name='Datanode_Command_Queue_Updated'}
2023-01-03 10:07:26,030 [EventQueue-CommandQueueReportForCommandQueueReportHandler] WARN  events.EventQueue (EventQueue.java:fireEvent(216)) - No event handler registered for event TypedEvent{payloadType=DatanodeDetails, name='Datanode_Command_Queue_Updated'}
2023-01-03 10:07:26,034 [2c63000f-a9ba-4116-8021-1fc7d553c7a4@group-581C63CE7A5F-FollowerState] INFO  impl.FollowerState (FollowerState.java:run(143)) - 2c63000f-a9ba-4116-8021-1fc7d553c7a4@group-581C63CE7A5F-FollowerState: change to CANDIDATE, lastRpcElapsedTime:5024199481ns, electionTimeout:5022ms
2023-01-03 10:07:26,034 [2c63000f-a9ba-4116-8021-1fc7d553c7a4@group-581C63CE7A5F-FollowerState] INFO  impl.RoleInfo (RoleInfo.java:shutdownFollowerState(110)) - 2c63000f-a9ba-4116-8021-1fc7d553c7a4: shutdown 2c63000f-a9ba-4116-8021-1fc7d553c7a4@group-581C63CE7A5F-FollowerState
2023-01-03 10:07:26,034 [2c63000f-a9ba-4116-8021-1fc7d553c7a4@group-581C63CE7A5F-FollowerState] INFO  server.RaftServer$Division (RaftServerImpl.java:setRole(321)) - 2c63000f-a9ba-4116-8021-1fc7d553c7a4@group-581C63CE7A5F: changes role from  FOLLOWER to CANDIDATE at term 1 for changeToCandidate
2023-01-03 10:07:26,034 [2c63000f-a9ba-4116-8021-1fc7d553c7a4@group-581C63CE7A5F-FollowerState] INFO  server.RaftServerConfigKeys (ConfUtils.java:logGet(46)) - raft.server.leaderelection.pre-vote = false (custom)
2023-01-03 10:07:26,035 [2c63000f-a9ba-4116-8021-1fc7d553c7a4@group-581C63CE7A5F-FollowerState] INFO  impl.RoleInfo (RoleInfo.java:updateAndGet(139)) - 2c63000f-a9ba-4116-8021-1fc7d553c7a4: start 2c63000f-a9ba-4116-8021-1fc7d553c7a4@group-581C63CE7A5F-LeaderElection22
2023-01-03 10:07:26,038 [2c63000f-a9ba-4116-8021-1fc7d553c7a4@group-581C63CE7A5F-LeaderElection22] INFO  impl.LeaderElection (LeaderElection.java:askForVotes(312)) - 2c63000f-a9ba-4116-8021-1fc7d553c7a4@group-581C63CE7A5F-LeaderElection22 ELECTION round 0: submit vote requests at term 2 for -1: peers:[2c63000f-a9ba-4116-8021-1fc7d553c7a4|rpc:10.1.0.13:44077|dataStream:10.1.0.13:33143|priority:1|startupRole:FOLLOWER, ad81db47-82b5-4afb-987d-b3e16962a519|rpc:10.1.0.13:42981|dataStream:10.1.0.13:39737|priority:0|startupRole:FOLLOWER, 5c8f94db-7806-4776-a4fa-2f4c620ca121|rpc:10.1.0.13:34413|dataStream:10.1.0.13:42515|priority:0|startupRole:FOLLOWER]|listeners:[], old=null
2023-01-03 10:07:26,038 [2c63000f-a9ba-4116-8021-1fc7d553c7a4@group-581C63CE7A5F-LeaderElection22] INFO  server.RaftServerConfigKeys (ConfUtils.java:logFallback(53)) - raft.server.rpc.first-election.timeout.min = 5s (fallback to raft.server.rpc.timeout.min)
2023-01-03 10:07:26,038 [2c63000f-a9ba-4116-8021-1fc7d553c7a4@group-581C63CE7A5F-LeaderElection22-1] INFO  server.GrpcServerProtocolClient (GrpcServerProtocolClient.java:<init>(63)) - Build channel for ad81db47-82b5-4afb-987d-b3e16962a519
2023-01-03 10:07:26,038 [2c63000f-a9ba-4116-8021-1fc7d553c7a4@group-581C63CE7A5F-LeaderElection22] INFO  server.RaftServerConfigKeys (ConfUtils.java:logFallback(53)) - raft.server.rpc.first-election.timeout.max = 5200ms (fallback to raft.server.rpc.timeout.max)
2023-01-03 10:07:26,038 [2c63000f-a9ba-4116-8021-1fc7d553c7a4@group-581C63CE7A5F-LeaderElection22-2] INFO  server.GrpcServerProtocolClient (GrpcServerProtocolClient.java:<init>(63)) - Build channel for 5c8f94db-7806-4776-a4fa-2f4c620ca121
2023-01-03 10:07:26,048 [grpc-default-executor-5] INFO  server.RaftServer$Division (RaftServerImpl.java:requestVote(1218)) - 5c8f94db-7806-4776-a4fa-2f4c620ca121@group-581C63CE7A5F: receive requestVote(ELECTION, 2c63000f-a9ba-4116-8021-1fc7d553c7a4, group-581C63CE7A5F, 2, (t:0, i:0))
2023-01-03 10:07:26,048 [grpc-default-executor-5] INFO  impl.VoteContext (VoteContext.java:log(49)) - 5c8f94db-7806-4776-a4fa-2f4c620ca121@group-581C63CE7A5F-FOLLOWER: accept ELECTION from 2c63000f-a9ba-4116-8021-1fc7d553c7a4: our priority 0 <= candidate's priority 1
2023-01-03 10:07:26,048 [grpc-default-executor-5] INFO  server.RaftServer$Division (RaftServerImpl.java:setRole(321)) - 5c8f94db-7806-4776-a4fa-2f4c620ca121@group-581C63CE7A5F: changes role from  FOLLOWER to FOLLOWER at term 2 for candidate:2c63000f-a9ba-4116-8021-1fc7d553c7a4
2023-01-03 10:07:26,048 [grpc-default-executor-5] INFO  impl.RoleInfo (RoleInfo.java:shutdownFollowerState(110)) - 5c8f94db-7806-4776-a4fa-2f4c620ca121: shutdown 5c8f94db-7806-4776-a4fa-2f4c620ca121@group-581C63CE7A5F-FollowerState
2023-01-03 10:07:26,048 [grpc-default-executor-5] INFO  impl.RoleInfo (RoleInfo.java:updateAndGet(139)) - 5c8f94db-7806-4776-a4fa-2f4c620ca121: start 5c8f94db-7806-4776-a4fa-2f4c620ca121@group-581C63CE7A5F-FollowerState
2023-01-03 10:07:26,048 [5c8f94db-7806-4776-a4fa-2f4c620ca121@group-581C63CE7A5F-FollowerState] INFO  impl.FollowerState (FollowerState.java:run(152)) - 5c8f94db-7806-4776-a4fa-2f4c620ca121@group-581C63CE7A5F-FollowerState was interrupted
2023-01-03 10:07:26,057 [5c8f94db-7806-4776-a4fa-2f4c620ca121@group-581C63CE7A5F-FollowerState] INFO  server.RaftServerConfigKeys (ConfUtils.java:logFallback(53)) - raft.server.rpc.first-election.timeout.min = 5s (fallback to raft.server.rpc.timeout.min)
2023-01-03 10:07:26,057 [5c8f94db-7806-4776-a4fa-2f4c620ca121@group-581C63CE7A5F-FollowerState] INFO  server.RaftServerConfigKeys (ConfUtils.java:logFallback(53)) - raft.server.rpc.first-election.timeout.max = 5200ms (fallback to raft.server.rpc.timeout.max)
2023-01-03 10:07:26,059 [grpc-default-executor-5] INFO  server.RaftServer$Division (RaftServerImpl.java:requestVote(1251)) - 5c8f94db-7806-4776-a4fa-2f4c620ca121@group-581C63CE7A5F replies to ELECTION vote request: 2c63000f-a9ba-4116-8021-1fc7d553c7a4<-5c8f94db-7806-4776-a4fa-2f4c620ca121#0:OK-t2. Peer's state: 5c8f94db-7806-4776-a4fa-2f4c620ca121@group-581C63CE7A5F:t2, leader=null, voted=2c63000f-a9ba-4116-8021-1fc7d553c7a4, raftlog=Memoized:5c8f94db-7806-4776-a4fa-2f4c620ca121@group-581C63CE7A5F-SegmentedRaftLog:OPENED:c-1, conf=-1: peers:[2c63000f-a9ba-4116-8021-1fc7d553c7a4|rpc:10.1.0.13:44077|dataStream:10.1.0.13:33143|priority:1|startupRole:FOLLOWER, ad81db47-82b5-4afb-987d-b3e16962a519|rpc:10.1.0.13:42981|dataStream:10.1.0.13:39737|priority:0|startupRole:FOLLOWER, 5c8f94db-7806-4776-a4fa-2f4c620ca121|rpc:10.1.0.13:34413|dataStream:10.1.0.13:42515|priority:0|startupRole:FOLLOWER]|listeners:[], old=null
2023-01-03 10:07:26,060 [2c63000f-a9ba-4116-8021-1fc7d553c7a4@group-581C63CE7A5F-LeaderElection22] INFO  impl.LeaderElection (LeaderElection.java:logAndReturn(90)) - 2c63000f-a9ba-4116-8021-1fc7d553c7a4@group-581C63CE7A5F-LeaderElection22: ELECTION PASSED received 1 response(s) and 0 exception(s):
2023-01-03 10:07:26,060 [2c63000f-a9ba-4116-8021-1fc7d553c7a4@group-581C63CE7A5F-LeaderElection22] INFO  impl.LeaderElection (LeaderElection.java:logAndReturn(94)) -   Response 0: 2c63000f-a9ba-4116-8021-1fc7d553c7a4<-5c8f94db-7806-4776-a4fa-2f4c620ca121#0:OK-t2
2023-01-03 10:07:26,060 [2c63000f-a9ba-4116-8021-1fc7d553c7a4@group-581C63CE7A5F-LeaderElection22] INFO  impl.LeaderElection (LeaderElection.java:askForVotes(314)) - 2c63000f-a9ba-4116-8021-1fc7d553c7a4@group-581C63CE7A5F-LeaderElection22 ELECTION round 0: result PASSED
2023-01-03 10:07:26,060 [grpc-default-executor-1] INFO  server.RaftServer$Division (RaftServerImpl.java:requestVote(1218)) - ad81db47-82b5-4afb-987d-b3e16962a519@group-581C63CE7A5F: receive requestVote(ELECTION, 2c63000f-a9ba-4116-8021-1fc7d553c7a4, group-581C63CE7A5F, 2, (t:0, i:0))
2023-01-03 10:07:26,060 [2c63000f-a9ba-4116-8021-1fc7d553c7a4@group-581C63CE7A5F-LeaderElection22] INFO  impl.RoleInfo (RoleInfo.java:shutdownLeaderElection(130)) - 2c63000f-a9ba-4116-8021-1fc7d553c7a4: shutdown 2c63000f-a9ba-4116-8021-1fc7d553c7a4@group-581C63CE7A5F-LeaderElection22
2023-01-03 10:07:26,060 [grpc-default-executor-1] INFO  impl.VoteContext (VoteContext.java:log(49)) - ad81db47-82b5-4afb-987d-b3e16962a519@group-581C63CE7A5F-FOLLOWER: accept ELECTION from 2c63000f-a9ba-4116-8021-1fc7d553c7a4: our priority 0 <= candidate's priority 1
2023-01-03 10:07:26,060 [2c63000f-a9ba-4116-8021-1fc7d553c7a4@group-581C63CE7A5F-LeaderElection22] INFO  server.RaftServer$Division (RaftServerImpl.java:setRole(321)) - 2c63000f-a9ba-4116-8021-1fc7d553c7a4@group-581C63CE7A5F: changes role from CANDIDATE to LEADER at term 2 for changeToLeader
2023-01-03 10:07:26,060 [grpc-default-executor-1] INFO  server.RaftServer$Division (RaftServerImpl.java:setRole(321)) - ad81db47-82b5-4afb-987d-b3e16962a519@group-581C63CE7A5F: changes role from  FOLLOWER to FOLLOWER at term 2 for candidate:2c63000f-a9ba-4116-8021-1fc7d553c7a4
2023-01-03 10:07:26,060 [2c63000f-a9ba-4116-8021-1fc7d553c7a4@group-581C63CE7A5F-LeaderElection22] INFO  ratis.XceiverServerRatis (XceiverServerRatis.java:handleLeaderChangedNotification(904)) - Leader change notification received for group: group-581C63CE7A5F with new leaderId: 2c63000f-a9ba-4116-8021-1fc7d553c7a4
2023-01-03 10:07:26,060 [grpc-default-executor-1] INFO  impl.RoleInfo (RoleInfo.java:shutdownFollowerState(110)) - ad81db47-82b5-4afb-987d-b3e16962a519: shutdown ad81db47-82b5-4afb-987d-b3e16962a519@group-581C63CE7A5F-FollowerState
2023-01-03 10:07:26,060 [grpc-default-executor-1] INFO  impl.RoleInfo (RoleInfo.java:updateAndGet(139)) - ad81db47-82b5-4afb-987d-b3e16962a519: start ad81db47-82b5-4afb-987d-b3e16962a519@group-581C63CE7A5F-FollowerState
2023-01-03 10:07:26,060 [ad81db47-82b5-4afb-987d-b3e16962a519@group-581C63CE7A5F-FollowerState] INFO  impl.FollowerState (FollowerState.java:run(152)) - ad81db47-82b5-4afb-987d-b3e16962a519@group-581C63CE7A5F-FollowerState was interrupted
2023-01-03 10:07:26,063 [grpc-default-executor-1] INFO  server.RaftServer$Division (RaftServerImpl.java:requestVote(1251)) - ad81db47-82b5-4afb-987d-b3e16962a519@group-581C63CE7A5F replies to ELECTION vote request: 2c63000f-a9ba-4116-8021-1fc7d553c7a4<-ad81db47-82b5-4afb-987d-b3e16962a519#0:OK-t2. Peer's state: ad81db47-82b5-4afb-987d-b3e16962a519@group-581C63CE7A5F:t2, leader=null, voted=2c63000f-a9ba-4116-8021-1fc7d553c7a4, raftlog=Memoized:ad81db47-82b5-4afb-987d-b3e16962a519@group-581C63CE7A5F-SegmentedRaftLog:OPENED:c-1, conf=-1: peers:[2c63000f-a9ba-4116-8021-1fc7d553c7a4|rpc:10.1.0.13:44077|dataStream:10.1.0.13:33143|priority:1|startupRole:FOLLOWER, ad81db47-82b5-4afb-987d-b3e16962a519|rpc:10.1.0.13:42981|dataStream:10.1.0.13:39737|priority:0|startupRole:FOLLOWER, 5c8f94db-7806-4776-a4fa-2f4c620ca121|rpc:10.1.0.13:34413|dataStream:10.1.0.13:42515|priority:0|startupRole:FOLLOWER]|listeners:[], old=null
2023-01-03 10:07:26,065 [2c63000f-a9ba-4116-8021-1fc7d553c7a4@group-581C63CE7A5F-LeaderElection22] INFO  server.RaftServer$Division (ServerState.java:setLeader(313)) - 2c63000f-a9ba-4116-8021-1fc7d553c7a4@group-581C63CE7A5F: change Leader from null to 2c63000f-a9ba-4116-8021-1fc7d553c7a4 at term 2 for becomeLeader, leader elected after 10082ms
2023-01-03 10:07:26,065 [2c63000f-a9ba-4116-8021-1fc7d553c7a4@group-581C63CE7A5F-LeaderElection22] INFO  server.RaftServerConfigKeys (ConfUtils.java:logGet(46)) - raft.server.staging.catchup.gap = 1000 (default)
2023-01-03 10:07:26,066 [2c63000f-a9ba-4116-8021-1fc7d553c7a4@group-581C63CE7A5F-LeaderElection22] INFO  server.RaftServerConfigKeys (ConfUtils.java:logGet(46)) - raft.server.write.element-limit = 1024 (custom)
2023-01-03 10:07:26,066 [2c63000f-a9ba-4116-8021-1fc7d553c7a4@group-581C63CE7A5F-LeaderElection22] INFO  server.RaftServerConfigKeys (ConfUtils.java:logGet(46)) - raft.server.write.byte-limit = 1024 M (=1073741824) (custom)
2023-01-03 10:07:26,066 [ad81db47-82b5-4afb-987d-b3e16962a519@group-581C63CE7A5F-FollowerState] INFO  server.RaftServerConfigKeys (ConfUtils.java:logFallback(53)) - raft.server.rpc.first-election.timeout.min = 5s (fallback to raft.server.rpc.timeout.min)
2023-01-03 10:07:26,066 [2c63000f-a9ba-4116-8021-1fc7d553c7a4@group-581C63CE7A5F-LeaderElection22] INFO  server.RaftServerConfigKeys (ConfUtils.java:logGet(46)) - raft.server.watch.timeout = 180s (custom)
2023-01-03 10:07:26,066 [ad81db47-82b5-4afb-987d-b3e16962a519@group-581C63CE7A5F-FollowerState] INFO  server.RaftServerConfigKeys (ConfUtils.java:logFallback(53)) - raft.server.rpc.first-election.timeout.max = 5200ms (fallback to raft.server.rpc.timeout.max)
2023-01-03 10:07:26,066 [2c63000f-a9ba-4116-8021-1fc7d553c7a4@group-581C63CE7A5F-LeaderElection22] INFO  server.RaftServerConfigKeys (ConfUtils.java:logGet(46)) - raft.server.watch.timeout.denomination = 1s (default)
2023-01-03 10:07:26,066 [2c63000f-a9ba-4116-8021-1fc7d553c7a4@group-581C63CE7A5F-LeaderElection22] INFO  server.RaftServerConfigKeys (ConfUtils.java:logGet(46)) - raft.server.watch.element-limit = 65536 (default)
2023-01-03 10:07:26,066 [2c63000f-a9ba-4116-8021-1fc7d553c7a4@group-581C63CE7A5F-LeaderElection22] INFO  server.RaftServerConfigKeys (ConfUtils.java:logGet(46)) - raft.server.write.element-limit = 1024 (custom)
2023-01-03 10:07:26,066 [2c63000f-a9ba-4116-8021-1fc7d553c7a4@group-581C63CE7A5F-LeaderElection22] INFO  server.RaftServerConfigKeys (ConfUtils.java:logGet(46)) - raft.server.write.follower.gap.ratio.max = -1.0 (default)
2023-01-03 10:07:26,066 [2c63000f-a9ba-4116-8021-1fc7d553c7a4@group-581C63CE7A5F-LeaderElection22] INFO  server.RaftServerConfigKeys (ConfUtils.java:logGet(46)) - raft.server.log.appender.snapshot.chunk.size.max = 16MB (=16777216) (default)
2023-01-03 10:07:26,066 [2c63000f-a9ba-4116-8021-1fc7d553c7a4@group-581C63CE7A5F-LeaderElection22] INFO  server.RaftServerConfigKeys (ConfUtils.java:logGet(46)) - raft.server.log.appender.buffer.byte-limit = 33554432 (custom)
2023-01-03 10:07:26,066 [2c63000f-a9ba-4116-8021-1fc7d553c7a4@group-581C63CE7A5F-LeaderElection22] INFO  server.RaftServerConfigKeys (ConfUtils.java:logGet(46)) - raft.server.log.appender.buffer.element-limit = 1 (custom)
2023-01-03 10:07:26,066 [2c63000f-a9ba-4116-8021-1fc7d553c7a4@group-581C63CE7A5F-LeaderElection22] INFO  grpc.GrpcConfigKeys (ConfUtils.java:logGet(46)) - raft.grpc.server.leader.outstanding.appends.max = 128 (default)
2023-01-03 10:07:26,066 [2c63000f-a9ba-4116-8021-1fc7d553c7a4@group-581C63CE7A5F-LeaderElection22] INFO  server.RaftServerConfigKeys (ConfUtils.java:logGet(46)) - raft.server.rpc.request.timeout = 60s (custom)
2023-01-03 10:07:26,067 [2c63000f-a9ba-4116-8021-1fc7d553c7a4@group-581C63CE7A5F-LeaderElection22] INFO  server.RaftServerConfigKeys (ConfUtils.java:logGet(46)) - raft.server.log.appender.install.snapshot.enabled = false (custom)
2023-01-03 10:07:26,067 [2c63000f-a9ba-4116-8021-1fc7d553c7a4@group-581C63CE7A5F-LeaderElection22] INFO  grpc.GrpcConfigKeys (ConfUtils.java:logGet(46)) - raft.grpc.server.heartbeat.channel = true (default)
2023-01-03 10:07:26,067 [2c63000f-a9ba-4116-8021-1fc7d553c7a4@group-581C63CE7A5F-LeaderElection22] INFO  server.RaftServerConfigKeys (ConfUtils.java:logGet(46)) - raft.server.log.appender.wait-time.min = 10ms (default)
2023-01-03 10:07:26,067 [2c63000f-a9ba-4116-8021-1fc7d553c7a4@group-581C63CE7A5F-LeaderElection22] INFO  server.RaftServerConfigKeys (ConfUtils.java:logGet(46)) - raft.server.log.appender.snapshot.chunk.size.max = 16MB (=16777216) (default)
2023-01-03 10:07:26,067 [2c63000f-a9ba-4116-8021-1fc7d553c7a4@group-581C63CE7A5F-LeaderElection22] INFO  server.RaftServerConfigKeys (ConfUtils.java:logGet(46)) - raft.server.log.appender.buffer.byte-limit = 33554432 (custom)
2023-01-03 10:07:26,067 [2c63000f-a9ba-4116-8021-1fc7d553c7a4@group-581C63CE7A5F-LeaderElection22] INFO  server.RaftServerConfigKeys (ConfUtils.java:logGet(46)) - raft.server.log.appender.buffer.element-limit = 1 (custom)
2023-01-03 10:07:26,067 [2c63000f-a9ba-4116-8021-1fc7d553c7a4@group-581C63CE7A5F-LeaderElection22] INFO  grpc.GrpcConfigKeys (ConfUtils.java:logGet(46)) - raft.grpc.server.leader.outstanding.appends.max = 128 (default)
2023-01-03 10:07:26,067 [2c63000f-a9ba-4116-8021-1fc7d553c7a4@group-581C63CE7A5F-LeaderElection22] INFO  server.RaftServerConfigKeys (ConfUtils.java:logGet(46)) - raft.server.rpc.request.timeout = 60s (custom)
2023-01-03 10:07:26,067 [2c63000f-a9ba-4116-8021-1fc7d553c7a4@group-581C63CE7A5F-LeaderElection22] INFO  server.RaftServerConfigKeys (ConfUtils.java:logGet(46)) - raft.server.log.appender.install.snapshot.enabled = false (custom)
2023-01-03 10:07:26,067 [2c63000f-a9ba-4116-8021-1fc7d553c7a4@group-581C63CE7A5F-LeaderElection22] INFO  grpc.GrpcConfigKeys (ConfUtils.java:logGet(46)) - raft.grpc.server.heartbeat.channel = true (default)
2023-01-03 10:07:26,067 [2c63000f-a9ba-4116-8021-1fc7d553c7a4@group-581C63CE7A5F-LeaderElection22] INFO  server.RaftServerConfigKeys (ConfUtils.java:logGet(46)) - raft.server.log.appender.wait-time.min = 10ms (default)
2023-01-03 10:07:26,067 [2c63000f-a9ba-4116-8021-1fc7d553c7a4@group-581C63CE7A5F-LeaderElection22] INFO  impl.RoleInfo (RoleInfo.java:updateAndGet(139)) - 2c63000f-a9ba-4116-8021-1fc7d553c7a4: start 2c63000f-a9ba-4116-8021-1fc7d553c7a4@group-581C63CE7A5F-LeaderStateImpl
2023-01-03 10:07:26,068 [2c63000f-a9ba-4116-8021-1fc7d553c7a4@group-581C63CE7A5F-LeaderElection22] INFO  segmented.SegmentedRaftLogWorker (SegmentedRaftLogWorker.java:startLogSegment(452)) - 2c63000f-a9ba-4116-8021-1fc7d553c7a4@group-581C63CE7A5F-SegmentedRaftLogWorker: Starting segment from index:0
2023-01-03 10:07:26,068 [EventQueue-CommandQueueReportForCommandQueueReportHandler] WARN  events.EventQueue (EventQueue.java:fireEvent(216)) - No event handler registered for event TypedEvent{payloadType=DatanodeDetails, name='Datanode_Command_Queue_Updated'}
2023-01-03 10:07:26,068 [EventQueue-PipelineReportForPipelineReportHandler] INFO  pipeline.PipelineManagerImpl (PipelineManagerImpl.java:openPipeline(367)) - Pipeline Pipeline[ Id: 45523f61-354c-4a86-9b7d-581c63ce7a5f, Nodes: ad81db47-82b5-4afb-987d-b3e16962a519{ip: 10.1.0.13, host: fv-az292-374.tqgtyn10aqxuxoi0mkfbldi5vh.jx.internal.cloudapp.net, ports: [REPLICATION=40711, RATIS=42981, RATIS_ADMIN=42981, RATIS_SERVER=42981, RATIS_DATASTREAM=39737, STANDALONE=33553], networkLocation: /default-rack, certSerialId: null, persistedOpState: IN_SERVICE, persistedOpStateExpiryEpochSec: 0}2c63000f-a9ba-4116-8021-1fc7d553c7a4{ip: 10.1.0.13, host: fv-az292-374.tqgtyn10aqxuxoi0mkfbldi5vh.jx.internal.cloudapp.net, ports: [REPLICATION=34129, RATIS=44077, RATIS_ADMIN=44077, RATIS_SERVER=44077, RATIS_DATASTREAM=33143, STANDALONE=44913], networkLocation: /default-rack, certSerialId: null, persistedOpState: IN_SERVICE, persistedOpStateExpiryEpochSec: 0}5c8f94db-7806-4776-a4fa-2f4c620ca121{ip: 10.1.0.13, host: fv-az292-374.tqgtyn10aqxuxoi0mkfbldi5vh.jx.internal.cloudapp.net, ports: [REPLICATION=36621, RATIS=34413, RATIS_ADMIN=34413, RATIS_SERVER=34413, RATIS_DATASTREAM=42515, STANDALONE=36307], networkLocation: /default-rack, certSerialId: null, persistedOpState: IN_SERVICE, persistedOpStateExpiryEpochSec: 0}, ReplicationConfig: RATIS/THREE, State:ALLOCATED, leaderId:2c63000f-a9ba-4116-8021-1fc7d553c7a4, CreationTimestamp2023-01-03T10:07:13.498Z[Etc/UTC]] moved to OPEN state
2023-01-03 10:07:26,069 [2c63000f-a9ba-4116-8021-1fc7d553c7a4@group-581C63CE7A5F-SegmentedRaftLogWorker] INFO  segmented.SegmentedRaftLogWorker (SegmentedRaftLogWorker.java:execute(656)) - 2c63000f-a9ba-4116-8021-1fc7d553c7a4@group-581C63CE7A5F-SegmentedRaftLogWorker: created new log segment /home/runner/work/ozone/ozone/hadoop-ozone/integration-test/target/test-dir/MiniOzoneClusterImpl-9af64d9f-ce66-432d-b755-d0db545afb98/datanode-2/data/ratis/45523f61-354c-4a86-9b7d-581c63ce7a5f/current/log_inprogress_0
2023-01-03 10:07:26,076 [2c63000f-a9ba-4116-8021-1fc7d553c7a4@group-581C63CE7A5F-LeaderElection22] INFO  server.RaftServer$Division (ServerState.java:setRaftConf(430)) - 2c63000f-a9ba-4116-8021-1fc7d553c7a4@group-581C63CE7A5F: set configuration 0: peers:[2c63000f-a9ba-4116-8021-1fc7d553c7a4|rpc:10.1.0.13:44077|dataStream:10.1.0.13:33143|priority:1|startupRole:FOLLOWER, ad81db47-82b5-4afb-987d-b3e16962a519|rpc:10.1.0.13:42981|dataStream:10.1.0.13:39737|priority:0|startupRole:FOLLOWER, 5c8f94db-7806-4776-a4fa-2f4c620ca121|rpc:10.1.0.13:34413|dataStream:10.1.0.13:42515|priority:0|startupRole:FOLLOWER]|listeners:[], old=null
2023-01-03 10:07:26,102 [ad81db47-82b5-4afb-987d-b3e16962a519-server-thread1] INFO  ratis.XceiverServerRatis (XceiverServerRatis.java:handleLeaderChangedNotification(904)) - Leader change notification received for group: group-581C63CE7A5F with new leaderId: 2c63000f-a9ba-4116-8021-1fc7d553c7a4
2023-01-03 10:07:26,102 [ad81db47-82b5-4afb-987d-b3e16962a519-server-thread1] INFO  server.RaftServer$Division (ServerState.java:setLeader(313)) - ad81db47-82b5-4afb-987d-b3e16962a519@group-581C63CE7A5F: change Leader from null to 2c63000f-a9ba-4116-8021-1fc7d553c7a4 at term 2 for appendEntries, leader elected after 10156ms
2023-01-03 10:07:26,102 [ad81db47-82b5-4afb-987d-b3e16962a519-server-thread1] INFO  server.RaftServer$Division (ServerState.java:setRaftConf(430)) - ad81db47-82b5-4afb-987d-b3e16962a519@group-581C63CE7A5F: set configuration 0: peers:[2c63000f-a9ba-4116-8021-1fc7d553c7a4|rpc:10.1.0.13:44077|dataStream:10.1.0.13:33143|priority:1|startupRole:FOLLOWER, ad81db47-82b5-4afb-987d-b3e16962a519|rpc:10.1.0.13:42981|dataStream:10.1.0.13:39737|priority:0|startupRole:FOLLOWER, 5c8f94db-7806-4776-a4fa-2f4c620ca121|rpc:10.1.0.13:34413|dataStream:10.1.0.13:42515|priority:0|startupRole:FOLLOWER]|listeners:[], old=null
2023-01-03 10:07:26,106 [ad81db47-82b5-4afb-987d-b3e16962a519-server-thread1] INFO  segmented.SegmentedRaftLogWorker (SegmentedRaftLogWorker.java:startLogSegment(452)) - ad81db47-82b5-4afb-987d-b3e16962a519@group-581C63CE7A5F-SegmentedRaftLogWorker: Starting segment from index:0
2023-01-03 10:07:26,106 [5c8f94db-7806-4776-a4fa-2f4c620ca121-server-thread1] INFO  ratis.XceiverServerRatis (XceiverServerRatis.java:handleLeaderChangedNotification(904)) - Leader change notification received for group: group-581C63CE7A5F with new leaderId: 2c63000f-a9ba-4116-8021-1fc7d553c7a4
2023-01-03 10:07:26,106 [5c8f94db-7806-4776-a4fa-2f4c620ca121-server-thread1] INFO  server.RaftServer$Division (ServerState.java:setLeader(313)) - 5c8f94db-7806-4776-a4fa-2f4c620ca121@group-581C63CE7A5F: change Leader from null to 2c63000f-a9ba-4116-8021-1fc7d553c7a4 at term 2 for appendEntries, leader elected after 10199ms
2023-01-03 10:07:26,107 [5c8f94db-7806-4776-a4fa-2f4c620ca121-server-thread2] INFO  server.RaftServer$Division (ServerState.java:setRaftConf(430)) - 5c8f94db-7806-4776-a4fa-2f4c620ca121@group-581C63CE7A5F: set configuration 0: peers:[2c63000f-a9ba-4116-8021-1fc7d553c7a4|rpc:10.1.0.13:44077|dataStream:10.1.0.13:33143|priority:1|startupRole:FOLLOWER, ad81db47-82b5-4afb-987d-b3e16962a519|rpc:10.1.0.13:42981|dataStream:10.1.0.13:39737|priority:0|startupRole:FOLLOWER, 5c8f94db-7806-4776-a4fa-2f4c620ca121|rpc:10.1.0.13:34413|dataStream:10.1.0.13:42515|priority:0|startupRole:FOLLOWER]|listeners:[], old=null
2023-01-03 10:07:26,107 [5c8f94db-7806-4776-a4fa-2f4c620ca121-server-thread2] INFO  segmented.SegmentedRaftLogWorker (SegmentedRaftLogWorker.java:startLogSegment(452)) - 5c8f94db-7806-4776-a4fa-2f4c620ca121@group-581C63CE7A5F-SegmentedRaftLogWorker: Starting segment from index:0
2023-01-03 10:07:26,110 [5c8f94db-7806-4776-a4fa-2f4c620ca121@group-581C63CE7A5F-SegmentedRaftLogWorker] INFO  segmented.SegmentedRaftLogWorker (SegmentedRaftLogWorker.java:execute(656)) - 5c8f94db-7806-4776-a4fa-2f4c620ca121@group-581C63CE7A5F-SegmentedRaftLogWorker: created new log segment /home/runner/work/ozone/ozone/hadoop-ozone/integration-test/target/test-dir/MiniOzoneClusterImpl-9af64d9f-ce66-432d-b755-d0db545afb98/datanode-0/data/ratis/45523f61-354c-4a86-9b7d-581c63ce7a5f/current/log_inprogress_0
2023-01-03 10:07:26,111 [ad81db47-82b5-4afb-987d-b3e16962a519@group-581C63CE7A5F-SegmentedRaftLogWorker] INFO  segmented.SegmentedRaftLogWorker (SegmentedRaftLogWorker.java:execute(656)) - ad81db47-82b5-4afb-987d-b3e16962a519@group-581C63CE7A5F-SegmentedRaftLogWorker: created new log segment /home/runner/work/ozone/ozone/hadoop-ozone/integration-test/target/test-dir/MiniOzoneClusterImpl-9af64d9f-ce66-432d-b755-d0db545afb98/datanode-1/data/ratis/45523f61-354c-4a86-9b7d-581c63ce7a5f/current/log_inprogress_0
2023-01-03 10:07:26,280 [EventQueue-CommandQueueReportForCommandQueueReportHandler] WARN  events.EventQueue (EventQueue.java:fireEvent(216)) - No event handler registered for event TypedEvent{payloadType=DatanodeDetails, name='Datanode_Command_Queue_Updated'}
2023-01-03 10:07:26,339 [EventQueue-CommandQueueReportForCommandQueueReportHandler] WARN  events.EventQueue (EventQueue.java:fireEvent(216)) - No event handler registered for event TypedEvent{payloadType=DatanodeDetails, name='Datanode_Command_Queue_Updated'}
2023-01-03 10:07:26,357 [EventQueue-CommandQueueReportForCommandQueueReportHandler] WARN  events.EventQueue (EventQueue.java:fireEvent(216)) - No event handler registered for event TypedEvent{payloadType=DatanodeDetails, name='Datanode_Command_Queue_Updated'}
2023-01-03 10:07:27,030 [EventQueue-CommandQueueReportForCommandQueueReportHandler] WARN  events.EventQueue (EventQueue.java:fireEvent(216)) - No event handler registered for event TypedEvent{payloadType=DatanodeDetails, name='Datanode_Command_Queue_Updated'}
2023-01-03 10:07:27,065 [EventQueue-CommandQueueReportForCommandQueueReportHandler] WARN  events.EventQueue (EventQueue.java:fireEvent(216)) - No event handler registered for event TypedEvent{payloadType=DatanodeDetails, name='Datanode_Command_Queue_Updated'}
2023-01-03 10:07:27,280 [EventQueue-CommandQueueReportForCommandQueueReportHandler] WARN  events.EventQueue (EventQueue.java:fireEvent(216)) - No event handler registered for event TypedEvent{payloadType=DatanodeDetails, name='Datanode_Command_Queue_Updated'}
2023-01-03 10:07:27,340 [EventQueue-CommandQueueReportForCommandQueueReportHandler] WARN  events.EventQueue (EventQueue.java:fireEvent(216)) - No event handler registered for event TypedEvent{payloadType=DatanodeDetails, name='Datanode_Command_Queue_Updated'}
2023-01-03 10:07:27,356 [EventQueue-CommandQueueReportForCommandQueueReportHandler] WARN  events.EventQueue (EventQueue.java:fireEvent(216)) - No event handler registered for event TypedEvent{payloadType=DatanodeDetails, name='Datanode_Command_Queue_Updated'}
]]></system-out>
  </testcase>
  <testcase name="testTrash" classname="TestOzoneFileSystem" time="4.023">
    <system-out><![CDATA[2023-01-03 10:08:12,871 [OM StateMachine ApplyTransaction Thread - 0] INFO  key.OMKeyRequest (OMKeyRequest.java:wrapUncommittedBlocksAsPseudoKey(835)) - Detect allocated but uncommitted blocks [{blockID={containerID=2, localID=111677748019200006}, length=4194304, offset=0, token=null, pipeline=null, createVersion=0, partNumber=0}] in key testKey2.
10:08:12.874 [IPC Server handler 0 on default port 46431] ERROR OMAudit - user=runner | ip=127.0.0.1 | op=GET_FILE_STATUS {volume=volume30750, bucket=bucket79142, key=.Trash/runner/Current/testKey2, dataSize=0, replicationConfig=null} | ret=FAILURE
org.apache.hadoop.ozone.om.exceptions.OMException: Unable to get file status: volume: volume30750 bucket: bucket79142 key: .Trash/runner/Current/testKey2
	at org.apache.hadoop.ozone.om.KeyManagerImpl.getOzoneFileStatus(KeyManagerImpl.java:1301) ~[ozone-manager-1.4.0-SNAPSHOT.jar:?]
	at org.apache.hadoop.ozone.om.KeyManagerImpl.getFileStatus(KeyManagerImpl.java:1219) ~[ozone-manager-1.4.0-SNAPSHOT.jar:?]
	at org.apache.hadoop.ozone.om.OzoneManager.getFileStatus(OzoneManager.java:3578) ~[ozone-manager-1.4.0-SNAPSHOT.jar:?]
	at org.apache.hadoop.ozone.protocolPB.OzoneManagerRequestHandler.getOzoneFileStatus(OzoneManagerRequestHandler.java:907) ~[ozone-manager-1.4.0-SNAPSHOT.jar:?]
	at org.apache.hadoop.ozone.protocolPB.OzoneManagerRequestHandler.handleReadRequest(OzoneManagerRequestHandler.java:231) ~[ozone-manager-1.4.0-SNAPSHOT.jar:?]
	at org.apache.hadoop.ozone.protocolPB.OzoneManagerProtocolServerSideTranslatorPB.submitReadRequestToOM(OzoneManagerProtocolServerSideTranslatorPB.java:226) ~[ozone-manager-1.4.0-SNAPSHOT.jar:?]
	at org.apache.hadoop.ozone.protocolPB.OzoneManagerProtocolServerSideTranslatorPB.processRequest(OzoneManagerProtocolServerSideTranslatorPB.java:175) ~[ozone-manager-1.4.0-SNAPSHOT.jar:?]
	at org.apache.hadoop.hdds.server.OzoneProtocolMessageDispatcher.processRequest(OzoneProtocolMessageDispatcher.java:87) [hdds-server-framework-1.4.0-SNAPSHOT.jar:?]
	at org.apache.hadoop.ozone.protocolPB.OzoneManagerProtocolServerSideTranslatorPB.submitRequest(OzoneManagerProtocolServerSideTranslatorPB.java:147) [ozone-manager-1.4.0-SNAPSHOT.jar:?]
	at org.apache.hadoop.ozone.protocol.proto.OzoneManagerProtocolProtos$OzoneManagerService$2.callBlockingMethod(OzoneManagerProtocolProtos.java) [ozone-interface-client-1.4.0-SNAPSHOT.jar:?]
	at org.apache.hadoop.ipc.ProtobufRpcEngine$Server.processCall(ProtobufRpcEngine.java:465) [hadoop-common-3.3.4.jar:?]
	at org.apache.hadoop.ipc.ProtobufRpcEngine2$Server$ProtoBufRpcInvoker.call(ProtobufRpcEngine2.java:578) [hadoop-common-3.3.4.jar:?]
	at org.apache.hadoop.ipc.ProtobufRpcEngine2$Server$ProtoBufRpcInvoker.call(ProtobufRpcEngine2.java:556) [hadoop-common-3.3.4.jar:?]
	at org.apache.hadoop.ipc.RPC$Server.call(RPC.java:1093) [hadoop-common-3.3.4.jar:?]
	at org.apache.hadoop.ipc.Server$RpcCall.run(Server.java:1043) [hadoop-common-3.3.4.jar:?]
	at org.apache.hadoop.ipc.Server$RpcCall.run(Server.java:971) [hadoop-common-3.3.4.jar:?]
	at java.security.AccessController.doPrivileged(Native Method) ~[?:1.8.0_352]
	at javax.security.auth.Subject.doAs(Subject.java:422) [?:1.8.0_352]
	at org.apache.hadoop.security.UserGroupInformation.doAs(UserGroupInformation.java:1878) [hadoop-common-3.3.4.jar:?]
	at org.apache.hadoop.ipc.Server$Handler.run(Server.java:2976) [hadoop-common-3.3.4.jar:?]
10:08:12.875 [IPC Server handler 1 on default port 46431] ERROR OMAudit - user=runner | ip=127.0.0.1 | op=GET_FILE_STATUS {volume=volume30750, bucket=bucket79142, key=.Trash/runner/Current/testKey2, dataSize=0, replicationConfig=null} | ret=FAILURE
org.apache.hadoop.ozone.om.exceptions.OMException: Unable to get file status: volume: volume30750 bucket: bucket79142 key: .Trash/runner/Current/testKey2
	at org.apache.hadoop.ozone.om.KeyManagerImpl.getOzoneFileStatus(KeyManagerImpl.java:1301) ~[ozone-manager-1.4.0-SNAPSHOT.jar:?]
	at org.apache.hadoop.ozone.om.KeyManagerImpl.getFileStatus(KeyManagerImpl.java:1219) ~[ozone-manager-1.4.0-SNAPSHOT.jar:?]
	at org.apache.hadoop.ozone.om.OzoneManager.getFileStatus(OzoneManager.java:3578) ~[ozone-manager-1.4.0-SNAPSHOT.jar:?]
	at org.apache.hadoop.ozone.protocolPB.OzoneManagerRequestHandler.getOzoneFileStatus(OzoneManagerRequestHandler.java:907) ~[ozone-manager-1.4.0-SNAPSHOT.jar:?]
	at org.apache.hadoop.ozone.protocolPB.OzoneManagerRequestHandler.handleReadRequest(OzoneManagerRequestHandler.java:231) ~[ozone-manager-1.4.0-SNAPSHOT.jar:?]
	at org.apache.hadoop.ozone.protocolPB.OzoneManagerProtocolServerSideTranslatorPB.submitReadRequestToOM(OzoneManagerProtocolServerSideTranslatorPB.java:226) ~[ozone-manager-1.4.0-SNAPSHOT.jar:?]
	at org.apache.hadoop.ozone.protocolPB.OzoneManagerProtocolServerSideTranslatorPB.processRequest(OzoneManagerProtocolServerSideTranslatorPB.java:175) ~[ozone-manager-1.4.0-SNAPSHOT.jar:?]
	at org.apache.hadoop.hdds.server.OzoneProtocolMessageDispatcher.processRequest(OzoneProtocolMessageDispatcher.java:87) [hdds-server-framework-1.4.0-SNAPSHOT.jar:?]
	at org.apache.hadoop.ozone.protocolPB.OzoneManagerProtocolServerSideTranslatorPB.submitRequest(OzoneManagerProtocolServerSideTranslatorPB.java:147) [ozone-manager-1.4.0-SNAPSHOT.jar:?]
	at org.apache.hadoop.ozone.protocol.proto.OzoneManagerProtocolProtos$OzoneManagerService$2.callBlockingMethod(OzoneManagerProtocolProtos.java) [ozone-interface-client-1.4.0-SNAPSHOT.jar:?]
	at org.apache.hadoop.ipc.ProtobufRpcEngine$Server.processCall(ProtobufRpcEngine.java:465) [hadoop-common-3.3.4.jar:?]
	at org.apache.hadoop.ipc.ProtobufRpcEngine2$Server$ProtoBufRpcInvoker.call(ProtobufRpcEngine2.java:578) [hadoop-common-3.3.4.jar:?]
	at org.apache.hadoop.ipc.ProtobufRpcEngine2$Server$ProtoBufRpcInvoker.call(ProtobufRpcEngine2.java:556) [hadoop-common-3.3.4.jar:?]
	at org.apache.hadoop.ipc.RPC$Server.call(RPC.java:1093) [hadoop-common-3.3.4.jar:?]
	at org.apache.hadoop.ipc.Server$RpcCall.run(Server.java:1043) [hadoop-common-3.3.4.jar:?]
	at org.apache.hadoop.ipc.Server$RpcCall.run(Server.java:971) [hadoop-common-3.3.4.jar:?]
	at java.security.AccessController.doPrivileged(Native Method) ~[?:1.8.0_352]
	at javax.security.auth.Subject.doAs(Subject.java:422) [?:1.8.0_352]
	at org.apache.hadoop.security.UserGroupInformation.doAs(UserGroupInformation.java:1878) [hadoop-common-3.3.4.jar:?]
	at org.apache.hadoop.ipc.Server$Handler.run(Server.java:2976) [hadoop-common-3.3.4.jar:?]
2023-01-03 10:08:12,877 [Time-limited test] INFO  om.TrashPolicyOzone (TrashPolicyOzone.java:moveToTrash(208)) - Moved: '/testKey2' to trash at: /.Trash/runner/Current/testKey2
2023-01-03 10:08:13,192 [EventQueue-CommandQueueReportForCommandQueueReportHandler] WARN  events.EventQueue (EventQueue.java:fireEvent(216)) - No event handler registered for event TypedEvent{payloadType=DatanodeDetails, name='Datanode_Command_Queue_Updated'}
2023-01-03 10:08:13,436 [EventQueue-CommandQueueReportForCommandQueueReportHandler] WARN  events.EventQueue (EventQueue.java:fireEvent(216)) - No event handler registered for event TypedEvent{payloadType=DatanodeDetails, name='Datanode_Command_Queue_Updated'}
2023-01-03 10:08:13,519 [EventQueue-CommandQueueReportForCommandQueueReportHandler] WARN  events.EventQueue (EventQueue.java:fireEvent(216)) - No event handler registered for event TypedEvent{payloadType=DatanodeDetails, name='Datanode_Command_Queue_Updated'}
2023-01-03 10:08:13,522 [EventQueue-CommandQueueReportForCommandQueueReportHandler] WARN  events.EventQueue (EventQueue.java:fireEvent(216)) - No event handler registered for event TypedEvent{payloadType=DatanodeDetails, name='Datanode_Command_Queue_Updated'}
2023-01-03 10:08:13,525 [EventQueue-CommandQueueReportForCommandQueueReportHandler] WARN  events.EventQueue (EventQueue.java:fireEvent(216)) - No event handler registered for event TypedEvent{payloadType=DatanodeDetails, name='Datanode_Command_Queue_Updated'}
10:08:13.878 [IPC Server handler 8 on default port 46431] ERROR OMAudit - user=runner | ip=127.0.0.1 | op=GET_FILE_STATUS {volume=volume30750, bucket=bucket79142, key=.Trash/runner/Current/testKey2, dataSize=0, replicationConfig=null} | ret=FAILURE
org.apache.hadoop.ozone.om.exceptions.OMException: Unable to get file status: volume: volume30750 bucket: bucket79142 key: .Trash/runner/Current/testKey2
	at org.apache.hadoop.ozone.om.KeyManagerImpl.getOzoneFileStatus(KeyManagerImpl.java:1301) ~[ozone-manager-1.4.0-SNAPSHOT.jar:?]
	at org.apache.hadoop.ozone.om.KeyManagerImpl.getFileStatus(KeyManagerImpl.java:1219) ~[ozone-manager-1.4.0-SNAPSHOT.jar:?]
	at org.apache.hadoop.ozone.om.OzoneManager.getFileStatus(OzoneManager.java:3578) ~[ozone-manager-1.4.0-SNAPSHOT.jar:?]
	at org.apache.hadoop.ozone.protocolPB.OzoneManagerRequestHandler.getOzoneFileStatus(OzoneManagerRequestHandler.java:907) ~[ozone-manager-1.4.0-SNAPSHOT.jar:?]
	at org.apache.hadoop.ozone.protocolPB.OzoneManagerRequestHandler.handleReadRequest(OzoneManagerRequestHandler.java:231) ~[ozone-manager-1.4.0-SNAPSHOT.jar:?]
	at org.apache.hadoop.ozone.protocolPB.OzoneManagerProtocolServerSideTranslatorPB.submitReadRequestToOM(OzoneManagerProtocolServerSideTranslatorPB.java:226) ~[ozone-manager-1.4.0-SNAPSHOT.jar:?]
	at org.apache.hadoop.ozone.protocolPB.OzoneManagerProtocolServerSideTranslatorPB.processRequest(OzoneManagerProtocolServerSideTranslatorPB.java:175) ~[ozone-manager-1.4.0-SNAPSHOT.jar:?]
	at org.apache.hadoop.hdds.server.OzoneProtocolMessageDispatcher.processRequest(OzoneProtocolMessageDispatcher.java:87) [hdds-server-framework-1.4.0-SNAPSHOT.jar:?]
	at org.apache.hadoop.ozone.protocolPB.OzoneManagerProtocolServerSideTranslatorPB.submitRequest(OzoneManagerProtocolServerSideTranslatorPB.java:147) [ozone-manager-1.4.0-SNAPSHOT.jar:?]
	at org.apache.hadoop.ozone.protocol.proto.OzoneManagerProtocolProtos$OzoneManagerService$2.callBlockingMethod(OzoneManagerProtocolProtos.java) [ozone-interface-client-1.4.0-SNAPSHOT.jar:?]
	at org.apache.hadoop.ipc.ProtobufRpcEngine$Server.processCall(ProtobufRpcEngine.java:465) [hadoop-common-3.3.4.jar:?]
	at org.apache.hadoop.ipc.ProtobufRpcEngine2$Server$ProtoBufRpcInvoker.call(ProtobufRpcEngine2.java:578) [hadoop-common-3.3.4.jar:?]
	at org.apache.hadoop.ipc.ProtobufRpcEngine2$Server$ProtoBufRpcInvoker.call(ProtobufRpcEngine2.java:556) [hadoop-common-3.3.4.jar:?]
	at org.apache.hadoop.ipc.RPC$Server.call(RPC.java:1093) [hadoop-common-3.3.4.jar:?]
	at org.apache.hadoop.ipc.Server$RpcCall.run(Server.java:1043) [hadoop-common-3.3.4.jar:?]
	at org.apache.hadoop.ipc.Server$RpcCall.run(Server.java:971) [hadoop-common-3.3.4.jar:?]
	at java.security.AccessController.doPrivileged(Native Method) ~[?:1.8.0_352]
	at javax.security.auth.Subject.doAs(Subject.java:422) [?:1.8.0_352]
	at org.apache.hadoop.security.UserGroupInformation.doAs(UserGroupInformation.java:1878) [hadoop-common-3.3.4.jar:?]
	at org.apache.hadoop.ipc.Server$Handler.run(Server.java:2976) [hadoop-common-3.3.4.jar:?]
2023-01-03 10:08:14,192 [EventQueue-CommandQueueReportForCommandQueueReportHandler] WARN  events.EventQueue (EventQueue.java:fireEvent(216)) - No event handler registered for event TypedEvent{payloadType=DatanodeDetails, name='Datanode_Command_Queue_Updated'}
2023-01-03 10:08:14,436 [EventQueue-CommandQueueReportForCommandQueueReportHandler] WARN  events.EventQueue (EventQueue.java:fireEvent(216)) - No event handler registered for event TypedEvent{payloadType=DatanodeDetails, name='Datanode_Command_Queue_Updated'}
2023-01-03 10:08:14,520 [EventQueue-CommandQueueReportForCommandQueueReportHandler] WARN  events.EventQueue (EventQueue.java:fireEvent(216)) - No event handler registered for event TypedEvent{payloadType=DatanodeDetails, name='Datanode_Command_Queue_Updated'}
2023-01-03 10:08:14,521 [EventQueue-CommandQueueReportForCommandQueueReportHandler] WARN  events.EventQueue (EventQueue.java:fireEvent(216)) - No event handler registered for event TypedEvent{payloadType=DatanodeDetails, name='Datanode_Command_Queue_Updated'}
2023-01-03 10:08:14,524 [EventQueue-CommandQueueReportForCommandQueueReportHandler] WARN  events.EventQueue (EventQueue.java:fireEvent(216)) - No event handler registered for event TypedEvent{payloadType=DatanodeDetails, name='Datanode_Command_Queue_Updated'}
2023-01-03 10:08:15,191 [EventQueue-CommandQueueReportForCommandQueueReportHandler] WARN  events.EventQueue (EventQueue.java:fireEvent(216)) - No event handler registered for event TypedEvent{payloadType=DatanodeDetails, name='Datanode_Command_Queue_Updated'}
2023-01-03 10:08:15,437 [EventQueue-CommandQueueReportForCommandQueueReportHandler] WARN  events.EventQueue (EventQueue.java:fireEvent(216)) - No event handler registered for event TypedEvent{payloadType=DatanodeDetails, name='Datanode_Command_Queue_Updated'}
2023-01-03 10:08:15,520 [EventQueue-CommandQueueReportForCommandQueueReportHandler] WARN  events.EventQueue (EventQueue.java:fireEvent(216)) - No event handler registered for event TypedEvent{payloadType=DatanodeDetails, name='Datanode_Command_Queue_Updated'}
2023-01-03 10:08:15,522 [EventQueue-CommandQueueReportForCommandQueueReportHandler] WARN  events.EventQueue (EventQueue.java:fireEvent(216)) - No event handler registered for event TypedEvent{payloadType=DatanodeDetails, name='Datanode_Command_Queue_Updated'}
2023-01-03 10:08:15,525 [EventQueue-CommandQueueReportForCommandQueueReportHandler] WARN  events.EventQueue (EventQueue.java:fireEvent(216)) - No event handler registered for event TypedEvent{payloadType=DatanodeDetails, name='Datanode_Command_Queue_Updated'}
2023-01-03 10:08:16,191 [EventQueue-CommandQueueReportForCommandQueueReportHandler] WARN  events.EventQueue (EventQueue.java:fireEvent(216)) - No event handler registered for event TypedEvent{payloadType=DatanodeDetails, name='Datanode_Command_Queue_Updated'}
2023-01-03 10:08:16,437 [EventQueue-CommandQueueReportForCommandQueueReportHandler] WARN  events.EventQueue (EventQueue.java:fireEvent(216)) - No event handler registered for event TypedEvent{payloadType=DatanodeDetails, name='Datanode_Command_Queue_Updated'}
2023-01-03 10:08:16,455 [ceb62289-e61f-4ee7-8769-746790ce93a5@group-BADC9E495150-FollowerState] INFO  impl.FollowerState (FollowerState.java:run(143)) - ceb62289-e61f-4ee7-8769-746790ce93a5@group-BADC9E495150-FollowerState: change to CANDIDATE, lastRpcElapsedTime:5030412352ns, electionTimeout:5030ms
2023-01-03 10:08:16,455 [ceb62289-e61f-4ee7-8769-746790ce93a5@group-BADC9E495150-FollowerState] INFO  impl.RoleInfo (RoleInfo.java:shutdownFollowerState(110)) - ceb62289-e61f-4ee7-8769-746790ce93a5: shutdown ceb62289-e61f-4ee7-8769-746790ce93a5@group-BADC9E495150-FollowerState
2023-01-03 10:08:16,455 [ceb62289-e61f-4ee7-8769-746790ce93a5@group-BADC9E495150-FollowerState] INFO  server.RaftServer$Division (RaftServerImpl.java:setRole(321)) - ceb62289-e61f-4ee7-8769-746790ce93a5@group-BADC9E495150: changes role from  FOLLOWER to CANDIDATE at term 2 for changeToCandidate
2023-01-03 10:08:16,455 [ceb62289-e61f-4ee7-8769-746790ce93a5@group-BADC9E495150-FollowerState] INFO  server.RaftServerConfigKeys (ConfUtils.java:logGet(46)) - raft.server.leaderelection.pre-vote = false (custom)
2023-01-03 10:08:16,455 [ceb62289-e61f-4ee7-8769-746790ce93a5@group-BADC9E495150-FollowerState] INFO  impl.RoleInfo (RoleInfo.java:updateAndGet(139)) - ceb62289-e61f-4ee7-8769-746790ce93a5: start ceb62289-e61f-4ee7-8769-746790ce93a5@group-BADC9E495150-LeaderElection33
2023-01-03 10:08:16,457 [ceb62289-e61f-4ee7-8769-746790ce93a5@group-BADC9E495150-LeaderElection33] INFO  impl.LeaderElection (LeaderElection.java:askForVotes(312)) - ceb62289-e61f-4ee7-8769-746790ce93a5@group-BADC9E495150-LeaderElection33 ELECTION round 0: submit vote requests at term 3 for -1: peers:[c7e71a96-70a3-435a-a6b2-b0df4fa5b7cd|rpc:10.1.0.13:35743|dataStream:10.1.0.13:37175|priority:0|startupRole:FOLLOWER, ceb62289-e61f-4ee7-8769-746790ce93a5|rpc:10.1.0.13:39919|dataStream:10.1.0.13:34319|priority:1|startupRole:FOLLOWER, 6197d2f5-af8d-4e13-93f4-b3dc0462d19d|rpc:10.1.0.13:44689|dataStream:10.1.0.13:34149|priority:0|startupRole:FOLLOWER]|listeners:[], old=null
2023-01-03 10:08:16,458 [ceb62289-e61f-4ee7-8769-746790ce93a5@group-BADC9E495150-LeaderElection33] INFO  server.RaftServerConfigKeys (ConfUtils.java:logFallback(53)) - raft.server.rpc.first-election.timeout.min = 5s (fallback to raft.server.rpc.timeout.min)
2023-01-03 10:08:16,458 [ceb62289-e61f-4ee7-8769-746790ce93a5@group-BADC9E495150-LeaderElection33-1] INFO  server.GrpcServerProtocolClient (GrpcServerProtocolClient.java:<init>(63)) - Build channel for c7e71a96-70a3-435a-a6b2-b0df4fa5b7cd
2023-01-03 10:08:16,458 [ceb62289-e61f-4ee7-8769-746790ce93a5@group-BADC9E495150-LeaderElection33] INFO  server.RaftServerConfigKeys (ConfUtils.java:logFallback(53)) - raft.server.rpc.first-election.timeout.max = 5200ms (fallback to raft.server.rpc.timeout.max)
2023-01-03 10:08:16,458 [ceb62289-e61f-4ee7-8769-746790ce93a5@group-BADC9E495150-LeaderElection33-2] INFO  server.GrpcServerProtocolClient (GrpcServerProtocolClient.java:<init>(63)) - Build channel for 6197d2f5-af8d-4e13-93f4-b3dc0462d19d
2023-01-03 10:08:16,466 [grpc-default-executor-9] INFO  server.RaftServer$Division (RaftServerImpl.java:requestVote(1218)) - 6197d2f5-af8d-4e13-93f4-b3dc0462d19d@group-BADC9E495150: receive requestVote(ELECTION, ceb62289-e61f-4ee7-8769-746790ce93a5, group-BADC9E495150, 3, (t:0, i:0))
2023-01-03 10:08:16,466 [grpc-default-executor-9] INFO  impl.VoteContext (VoteContext.java:log(49)) - 6197d2f5-af8d-4e13-93f4-b3dc0462d19d@group-BADC9E495150-FOLLOWER: accept ELECTION from ceb62289-e61f-4ee7-8769-746790ce93a5: our priority 0 <= candidate's priority 1
2023-01-03 10:08:16,466 [grpc-default-executor-9] INFO  server.RaftServer$Division (RaftServerImpl.java:setRole(321)) - 6197d2f5-af8d-4e13-93f4-b3dc0462d19d@group-BADC9E495150: changes role from  FOLLOWER to FOLLOWER at term 3 for candidate:ceb62289-e61f-4ee7-8769-746790ce93a5
2023-01-03 10:08:16,466 [grpc-default-executor-9] INFO  impl.RoleInfo (RoleInfo.java:shutdownFollowerState(110)) - 6197d2f5-af8d-4e13-93f4-b3dc0462d19d: shutdown 6197d2f5-af8d-4e13-93f4-b3dc0462d19d@group-BADC9E495150-FollowerState
2023-01-03 10:08:16,466 [grpc-default-executor-9] INFO  impl.RoleInfo (RoleInfo.java:updateAndGet(139)) - 6197d2f5-af8d-4e13-93f4-b3dc0462d19d: start 6197d2f5-af8d-4e13-93f4-b3dc0462d19d@group-BADC9E495150-FollowerState
2023-01-03 10:08:16,466 [6197d2f5-af8d-4e13-93f4-b3dc0462d19d@group-BADC9E495150-FollowerState] INFO  impl.FollowerState (FollowerState.java:run(152)) - 6197d2f5-af8d-4e13-93f4-b3dc0462d19d@group-BADC9E495150-FollowerState was interrupted
2023-01-03 10:08:16,471 [6197d2f5-af8d-4e13-93f4-b3dc0462d19d@group-BADC9E495150-FollowerState] INFO  server.RaftServerConfigKeys (ConfUtils.java:logFallback(53)) - raft.server.rpc.first-election.timeout.min = 5s (fallback to raft.server.rpc.timeout.min)
2023-01-03 10:08:16,471 [6197d2f5-af8d-4e13-93f4-b3dc0462d19d@group-BADC9E495150-FollowerState] INFO  server.RaftServerConfigKeys (ConfUtils.java:logFallback(53)) - raft.server.rpc.first-election.timeout.max = 5200ms (fallback to raft.server.rpc.timeout.max)
2023-01-03 10:08:16,471 [grpc-default-executor-9] INFO  server.RaftServer$Division (RaftServerImpl.java:requestVote(1251)) - 6197d2f5-af8d-4e13-93f4-b3dc0462d19d@group-BADC9E495150 replies to ELECTION vote request: ceb62289-e61f-4ee7-8769-746790ce93a5<-6197d2f5-af8d-4e13-93f4-b3dc0462d19d#0:OK-t3. Peer's state: 6197d2f5-af8d-4e13-93f4-b3dc0462d19d@group-BADC9E495150:t3, leader=null, voted=ceb62289-e61f-4ee7-8769-746790ce93a5, raftlog=Memoized:6197d2f5-af8d-4e13-93f4-b3dc0462d19d@group-BADC9E495150-SegmentedRaftLog:OPENED:c-1, conf=-1: peers:[c7e71a96-70a3-435a-a6b2-b0df4fa5b7cd|rpc:10.1.0.13:35743|dataStream:10.1.0.13:37175|priority:0|startupRole:FOLLOWER, ceb62289-e61f-4ee7-8769-746790ce93a5|rpc:10.1.0.13:39919|dataStream:10.1.0.13:34319|priority:1|startupRole:FOLLOWER, 6197d2f5-af8d-4e13-93f4-b3dc0462d19d|rpc:10.1.0.13:44689|dataStream:10.1.0.13:34149|priority:0|startupRole:FOLLOWER]|listeners:[], old=null
2023-01-03 10:08:16,473 [ceb62289-e61f-4ee7-8769-746790ce93a5@group-BADC9E495150-LeaderElection33] INFO  impl.LeaderElection (LeaderElection.java:logAndReturn(90)) - ceb62289-e61f-4ee7-8769-746790ce93a5@group-BADC9E495150-LeaderElection33: ELECTION PASSED received 1 response(s) and 0 exception(s):
2023-01-03 10:08:16,473 [ceb62289-e61f-4ee7-8769-746790ce93a5@group-BADC9E495150-LeaderElection33] INFO  impl.LeaderElection (LeaderElection.java:logAndReturn(94)) -   Response 0: ceb62289-e61f-4ee7-8769-746790ce93a5<-6197d2f5-af8d-4e13-93f4-b3dc0462d19d#0:OK-t3
2023-01-03 10:08:16,473 [ceb62289-e61f-4ee7-8769-746790ce93a5@group-BADC9E495150-LeaderElection33] INFO  impl.LeaderElection (LeaderElection.java:askForVotes(314)) - ceb62289-e61f-4ee7-8769-746790ce93a5@group-BADC9E495150-LeaderElection33 ELECTION round 0: result PASSED
2023-01-03 10:08:16,473 [ceb62289-e61f-4ee7-8769-746790ce93a5@group-BADC9E495150-LeaderElection33] INFO  impl.RoleInfo (RoleInfo.java:shutdownLeaderElection(130)) - ceb62289-e61f-4ee7-8769-746790ce93a5: shutdown ceb62289-e61f-4ee7-8769-746790ce93a5@group-BADC9E495150-LeaderElection33
2023-01-03 10:08:16,473 [ceb62289-e61f-4ee7-8769-746790ce93a5@group-BADC9E495150-LeaderElection33] INFO  server.RaftServer$Division (RaftServerImpl.java:setRole(321)) - ceb62289-e61f-4ee7-8769-746790ce93a5@group-BADC9E495150: changes role from CANDIDATE to LEADER at term 3 for changeToLeader
2023-01-03 10:08:16,473 [ceb62289-e61f-4ee7-8769-746790ce93a5@group-BADC9E495150-LeaderElection33] INFO  ratis.XceiverServerRatis (XceiverServerRatis.java:handleLeaderChangedNotification(904)) - Leader change notification received for group: group-BADC9E495150 with new leaderId: ceb62289-e61f-4ee7-8769-746790ce93a5
2023-01-03 10:08:16,474 [ceb62289-e61f-4ee7-8769-746790ce93a5@group-BADC9E495150-LeaderElection33] INFO  server.RaftServer$Division (ServerState.java:setLeader(313)) - ceb62289-e61f-4ee7-8769-746790ce93a5@group-BADC9E495150: change Leader from null to ceb62289-e61f-4ee7-8769-746790ce93a5 at term 3 for becomeLeader, leader elected after 15274ms
2023-01-03 10:08:16,474 [ceb62289-e61f-4ee7-8769-746790ce93a5@group-BADC9E495150-LeaderElection33] INFO  server.RaftServerConfigKeys (ConfUtils.java:logGet(46)) - raft.server.staging.catchup.gap = 1000 (default)
2023-01-03 10:08:16,474 [ceb62289-e61f-4ee7-8769-746790ce93a5@group-BADC9E495150-LeaderElection33] INFO  server.RaftServerConfigKeys (ConfUtils.java:logGet(46)) - raft.server.write.element-limit = 1024 (custom)
2023-01-03 10:08:16,474 [ceb62289-e61f-4ee7-8769-746790ce93a5@group-BADC9E495150-LeaderElection33] INFO  server.RaftServerConfigKeys (ConfUtils.java:logGet(46)) - raft.server.write.byte-limit = 1024 M (=1073741824) (custom)
2023-01-03 10:08:16,475 [ceb62289-e61f-4ee7-8769-746790ce93a5@group-BADC9E495150-LeaderElection33] INFO  server.RaftServerConfigKeys (ConfUtils.java:logGet(46)) - raft.server.watch.timeout = 180s (custom)
2023-01-03 10:08:16,475 [ceb62289-e61f-4ee7-8769-746790ce93a5@group-BADC9E495150-LeaderElection33] INFO  server.RaftServerConfigKeys (ConfUtils.java:logGet(46)) - raft.server.watch.timeout.denomination = 1s (default)
2023-01-03 10:08:16,475 [ceb62289-e61f-4ee7-8769-746790ce93a5@group-BADC9E495150-LeaderElection33] INFO  server.RaftServerConfigKeys (ConfUtils.java:logGet(46)) - raft.server.watch.element-limit = 65536 (default)
2023-01-03 10:08:16,475 [ceb62289-e61f-4ee7-8769-746790ce93a5@group-BADC9E495150-LeaderElection33] INFO  server.RaftServerConfigKeys (ConfUtils.java:logGet(46)) - raft.server.write.element-limit = 1024 (custom)
2023-01-03 10:08:16,475 [ceb62289-e61f-4ee7-8769-746790ce93a5@group-BADC9E495150-LeaderElection33] INFO  server.RaftServerConfigKeys (ConfUtils.java:logGet(46)) - raft.server.write.follower.gap.ratio.max = -1.0 (default)
2023-01-03 10:08:16,475 [ceb62289-e61f-4ee7-8769-746790ce93a5@group-BADC9E495150-LeaderElection33] INFO  server.RaftServerConfigKeys (ConfUtils.java:logGet(46)) - raft.server.log.appender.snapshot.chunk.size.max = 16MB (=16777216) (default)
2023-01-03 10:08:16,475 [ceb62289-e61f-4ee7-8769-746790ce93a5@group-BADC9E495150-LeaderElection33] INFO  server.RaftServerConfigKeys (ConfUtils.java:logGet(46)) - raft.server.log.appender.buffer.byte-limit = 33554432 (custom)
2023-01-03 10:08:16,475 [ceb62289-e61f-4ee7-8769-746790ce93a5@group-BADC9E495150-LeaderElection33] INFO  server.RaftServerConfigKeys (ConfUtils.java:logGet(46)) - raft.server.log.appender.buffer.element-limit = 1 (custom)
2023-01-03 10:08:16,475 [ceb62289-e61f-4ee7-8769-746790ce93a5@group-BADC9E495150-LeaderElection33] INFO  grpc.GrpcConfigKeys (ConfUtils.java:logGet(46)) - raft.grpc.server.leader.outstanding.appends.max = 128 (default)
2023-01-03 10:08:16,475 [ceb62289-e61f-4ee7-8769-746790ce93a5@group-BADC9E495150-LeaderElection33] INFO  server.RaftServerConfigKeys (ConfUtils.java:logGet(46)) - raft.server.rpc.request.timeout = 60s (custom)
2023-01-03 10:08:16,475 [ceb62289-e61f-4ee7-8769-746790ce93a5@group-BADC9E495150-LeaderElection33] INFO  server.RaftServerConfigKeys (ConfUtils.java:logGet(46)) - raft.server.log.appender.install.snapshot.enabled = false (custom)
2023-01-03 10:08:16,475 [ceb62289-e61f-4ee7-8769-746790ce93a5@group-BADC9E495150-LeaderElection33] INFO  grpc.GrpcConfigKeys (ConfUtils.java:logGet(46)) - raft.grpc.server.heartbeat.channel = true (default)
2023-01-03 10:08:16,475 [ceb62289-e61f-4ee7-8769-746790ce93a5@group-BADC9E495150-LeaderElection33] INFO  server.RaftServerConfigKeys (ConfUtils.java:logGet(46)) - raft.server.log.appender.wait-time.min = 10ms (default)
2023-01-03 10:08:16,476 [ceb62289-e61f-4ee7-8769-746790ce93a5@group-BADC9E495150-LeaderElection33] INFO  server.RaftServerConfigKeys (ConfUtils.java:logGet(46)) - raft.server.log.appender.snapshot.chunk.size.max = 16MB (=16777216) (default)
2023-01-03 10:08:16,476 [ceb62289-e61f-4ee7-8769-746790ce93a5@group-BADC9E495150-LeaderElection33] INFO  server.RaftServerConfigKeys (ConfUtils.java:logGet(46)) - raft.server.log.appender.buffer.byte-limit = 33554432 (custom)
2023-01-03 10:08:16,476 [ceb62289-e61f-4ee7-8769-746790ce93a5@group-BADC9E495150-LeaderElection33] INFO  server.RaftServerConfigKeys (ConfUtils.java:logGet(46)) - raft.server.log.appender.buffer.element-limit = 1 (custom)
2023-01-03 10:08:16,476 [ceb62289-e61f-4ee7-8769-746790ce93a5@group-BADC9E495150-LeaderElection33] INFO  grpc.GrpcConfigKeys (ConfUtils.java:logGet(46)) - raft.grpc.server.leader.outstanding.appends.max = 128 (default)
2023-01-03 10:08:16,476 [ceb62289-e61f-4ee7-8769-746790ce93a5@group-BADC9E495150-LeaderElection33] INFO  server.RaftServerConfigKeys (ConfUtils.java:logGet(46)) - raft.server.rpc.request.timeout = 60s (custom)
2023-01-03 10:08:16,476 [ceb62289-e61f-4ee7-8769-746790ce93a5@group-BADC9E495150-LeaderElection33] INFO  server.RaftServerConfigKeys (ConfUtils.java:logGet(46)) - raft.server.log.appender.install.snapshot.enabled = false (custom)
2023-01-03 10:08:16,476 [ceb62289-e61f-4ee7-8769-746790ce93a5@group-BADC9E495150-LeaderElection33] INFO  grpc.GrpcConfigKeys (ConfUtils.java:logGet(46)) - raft.grpc.server.heartbeat.channel = true (default)
2023-01-03 10:08:16,476 [ceb62289-e61f-4ee7-8769-746790ce93a5@group-BADC9E495150-LeaderElection33] INFO  server.RaftServerConfigKeys (ConfUtils.java:logGet(46)) - raft.server.log.appender.wait-time.min = 10ms (default)
2023-01-03 10:08:16,476 [ceb62289-e61f-4ee7-8769-746790ce93a5@group-BADC9E495150-LeaderElection33] INFO  impl.RoleInfo (RoleInfo.java:updateAndGet(139)) - ceb62289-e61f-4ee7-8769-746790ce93a5: start ceb62289-e61f-4ee7-8769-746790ce93a5@group-BADC9E495150-LeaderStateImpl
2023-01-03 10:08:16,476 [ceb62289-e61f-4ee7-8769-746790ce93a5@group-BADC9E495150-LeaderElection33] INFO  segmented.SegmentedRaftLogWorker (SegmentedRaftLogWorker.java:startLogSegment(452)) - ceb62289-e61f-4ee7-8769-746790ce93a5@group-BADC9E495150-SegmentedRaftLogWorker: Starting segment from index:0
2023-01-03 10:08:16,477 [EventQueue-CommandQueueReportForCommandQueueReportHandler] WARN  events.EventQueue (EventQueue.java:fireEvent(216)) - No event handler registered for event TypedEvent{payloadType=DatanodeDetails, name='Datanode_Command_Queue_Updated'}
2023-01-03 10:08:16,477 [ceb62289-e61f-4ee7-8769-746790ce93a5@group-BADC9E495150-SegmentedRaftLogWorker] INFO  segmented.SegmentedRaftLogWorker (SegmentedRaftLogWorker.java:execute(656)) - ceb62289-e61f-4ee7-8769-746790ce93a5@group-BADC9E495150-SegmentedRaftLogWorker: created new log segment /home/runner/work/ozone/ozone/hadoop-ozone/integration-test/target/test-dir/MiniOzoneClusterImpl-fa5f3e5f-d2ce-4aac-89a4-435e2b21547f/datanode-2/data/ratis/14730fae-f2c5-4a16-abbb-badc9e495150/current/log_inprogress_0
2023-01-03 10:08:16,477 [EventQueue-PipelineReportForPipelineReportHandler] INFO  pipeline.PipelineManagerImpl (PipelineManagerImpl.java:openPipeline(367)) - Pipeline Pipeline[ Id: 14730fae-f2c5-4a16-abbb-badc9e495150, Nodes: c7e71a96-70a3-435a-a6b2-b0df4fa5b7cd{ip: 10.1.0.13, host: fv-az292-374.tqgtyn10aqxuxoi0mkfbldi5vh.jx.internal.cloudapp.net, ports: [REPLICATION=41193, RATIS=35743, RATIS_ADMIN=35743, RATIS_SERVER=35743, RATIS_DATASTREAM=37175, STANDALONE=42781], networkLocation: /default-rack, certSerialId: null, persistedOpState: IN_SERVICE, persistedOpStateExpiryEpochSec: 0}6197d2f5-af8d-4e13-93f4-b3dc0462d19d{ip: 10.1.0.13, host: fv-az292-374.tqgtyn10aqxuxoi0mkfbldi5vh.jx.internal.cloudapp.net, ports: [REPLICATION=42573, RATIS=44689, RATIS_ADMIN=44689, RATIS_SERVER=44689, RATIS_DATASTREAM=34149, STANDALONE=35683], networkLocation: /default-rack, certSerialId: null, persistedOpState: IN_SERVICE, persistedOpStateExpiryEpochSec: 0}ceb62289-e61f-4ee7-8769-746790ce93a5{ip: 10.1.0.13, host: fv-az292-374.tqgtyn10aqxuxoi0mkfbldi5vh.jx.internal.cloudapp.net, ports: [REPLICATION=43181, RATIS=39919, RATIS_ADMIN=39919, RATIS_SERVER=39919, RATIS_DATASTREAM=34319, STANDALONE=45987], networkLocation: /default-rack, certSerialId: null, persistedOpState: IN_SERVICE, persistedOpStateExpiryEpochSec: 0}, ReplicationConfig: RATIS/THREE, State:ALLOCATED, leaderId:ceb62289-e61f-4ee7-8769-746790ce93a5, CreationTimestamp2023-01-03T10:07:58.726Z[Etc/UTC]] moved to OPEN state
2023-01-03 10:08:16,490 [grpc-default-executor-9] INFO  server.RaftServer$Division (RaftServerImpl.java:requestVote(1218)) - c7e71a96-70a3-435a-a6b2-b0df4fa5b7cd@group-BADC9E495150: receive requestVote(ELECTION, ceb62289-e61f-4ee7-8769-746790ce93a5, group-BADC9E495150, 3, (t:0, i:0))
2023-01-03 10:08:16,490 [grpc-default-executor-9] INFO  impl.VoteContext (VoteContext.java:log(49)) - c7e71a96-70a3-435a-a6b2-b0df4fa5b7cd@group-BADC9E495150-FOLLOWER: accept ELECTION from ceb62289-e61f-4ee7-8769-746790ce93a5: our priority 0 <= candidate's priority 1
2023-01-03 10:08:16,490 [grpc-default-executor-9] INFO  server.RaftServer$Division (RaftServerImpl.java:setRole(321)) - c7e71a96-70a3-435a-a6b2-b0df4fa5b7cd@group-BADC9E495150: changes role from  FOLLOWER to FOLLOWER at term 3 for candidate:ceb62289-e61f-4ee7-8769-746790ce93a5
2023-01-03 10:08:16,490 [grpc-default-executor-9] INFO  impl.RoleInfo (RoleInfo.java:shutdownFollowerState(110)) - c7e71a96-70a3-435a-a6b2-b0df4fa5b7cd: shutdown c7e71a96-70a3-435a-a6b2-b0df4fa5b7cd@group-BADC9E495150-FollowerState
2023-01-03 10:08:16,490 [grpc-default-executor-9] INFO  impl.RoleInfo (RoleInfo.java:updateAndGet(139)) - c7e71a96-70a3-435a-a6b2-b0df4fa5b7cd: start c7e71a96-70a3-435a-a6b2-b0df4fa5b7cd@group-BADC9E495150-FollowerState
2023-01-03 10:08:16,490 [c7e71a96-70a3-435a-a6b2-b0df4fa5b7cd@group-BADC9E495150-FollowerState] INFO  impl.FollowerState (FollowerState.java:run(152)) - c7e71a96-70a3-435a-a6b2-b0df4fa5b7cd@group-BADC9E495150-FollowerState was interrupted
2023-01-03 10:08:16,491 [ceb62289-e61f-4ee7-8769-746790ce93a5@group-BADC9E495150-LeaderElection33] INFO  server.RaftServer$Division (ServerState.java:setRaftConf(430)) - ceb62289-e61f-4ee7-8769-746790ce93a5@group-BADC9E495150: set configuration 0: peers:[c7e71a96-70a3-435a-a6b2-b0df4fa5b7cd|rpc:10.1.0.13:35743|dataStream:10.1.0.13:37175|priority:0|startupRole:FOLLOWER, ceb62289-e61f-4ee7-8769-746790ce93a5|rpc:10.1.0.13:39919|dataStream:10.1.0.13:34319|priority:1|startupRole:FOLLOWER, 6197d2f5-af8d-4e13-93f4-b3dc0462d19d|rpc:10.1.0.13:44689|dataStream:10.1.0.13:34149|priority:0|startupRole:FOLLOWER]|listeners:[], old=null
2023-01-03 10:08:16,491 [c7e71a96-70a3-435a-a6b2-b0df4fa5b7cd@group-BADC9E495150-FollowerState] INFO  server.RaftServerConfigKeys (ConfUtils.java:logFallback(53)) - raft.server.rpc.first-election.timeout.min = 5s (fallback to raft.server.rpc.timeout.min)
2023-01-03 10:08:16,491 [c7e71a96-70a3-435a-a6b2-b0df4fa5b7cd@group-BADC9E495150-FollowerState] INFO  server.RaftServerConfigKeys (ConfUtils.java:logFallback(53)) - raft.server.rpc.first-election.timeout.max = 5200ms (fallback to raft.server.rpc.timeout.max)
2023-01-03 10:08:16,493 [grpc-default-executor-9] INFO  server.RaftServer$Division (RaftServerImpl.java:requestVote(1251)) - c7e71a96-70a3-435a-a6b2-b0df4fa5b7cd@group-BADC9E495150 replies to ELECTION vote request: ceb62289-e61f-4ee7-8769-746790ce93a5<-c7e71a96-70a3-435a-a6b2-b0df4fa5b7cd#0:OK-t3. Peer's state: c7e71a96-70a3-435a-a6b2-b0df4fa5b7cd@group-BADC9E495150:t3, leader=null, voted=ceb62289-e61f-4ee7-8769-746790ce93a5, raftlog=Memoized:c7e71a96-70a3-435a-a6b2-b0df4fa5b7cd@group-BADC9E495150-SegmentedRaftLog:OPENED:c-1, conf=-1: peers:[c7e71a96-70a3-435a-a6b2-b0df4fa5b7cd|rpc:10.1.0.13:35743|dataStream:10.1.0.13:37175|priority:0|startupRole:FOLLOWER, ceb62289-e61f-4ee7-8769-746790ce93a5|rpc:10.1.0.13:39919|dataStream:10.1.0.13:34319|priority:1|startupRole:FOLLOWER, 6197d2f5-af8d-4e13-93f4-b3dc0462d19d|rpc:10.1.0.13:44689|dataStream:10.1.0.13:34149|priority:0|startupRole:FOLLOWER]|listeners:[], old=null
2023-01-03 10:08:16,493 [c7e71a96-70a3-435a-a6b2-b0df4fa5b7cd-server-thread1] INFO  ratis.XceiverServerRatis (XceiverServerRatis.java:handleLeaderChangedNotification(904)) - Leader change notification received for group: group-BADC9E495150 with new leaderId: ceb62289-e61f-4ee7-8769-746790ce93a5
2023-01-03 10:08:16,493 [c7e71a96-70a3-435a-a6b2-b0df4fa5b7cd-server-thread1] INFO  server.RaftServer$Division (ServerState.java:setLeader(313)) - c7e71a96-70a3-435a-a6b2-b0df4fa5b7cd@group-BADC9E495150: change Leader from null to ceb62289-e61f-4ee7-8769-746790ce93a5 at term 3 for appendEntries, leader elected after 15355ms
2023-01-03 10:08:16,506 [c7e71a96-70a3-435a-a6b2-b0df4fa5b7cd-server-thread2] INFO  server.RaftServer$Division (ServerState.java:setRaftConf(430)) - c7e71a96-70a3-435a-a6b2-b0df4fa5b7cd@group-BADC9E495150: set configuration 0: peers:[c7e71a96-70a3-435a-a6b2-b0df4fa5b7cd|rpc:10.1.0.13:35743|dataStream:10.1.0.13:37175|priority:0|startupRole:FOLLOWER, ceb62289-e61f-4ee7-8769-746790ce93a5|rpc:10.1.0.13:39919|dataStream:10.1.0.13:34319|priority:1|startupRole:FOLLOWER, 6197d2f5-af8d-4e13-93f4-b3dc0462d19d|rpc:10.1.0.13:44689|dataStream:10.1.0.13:34149|priority:0|startupRole:FOLLOWER]|listeners:[], old=null
2023-01-03 10:08:16,509 [6197d2f5-af8d-4e13-93f4-b3dc0462d19d-server-thread1] INFO  ratis.XceiverServerRatis (XceiverServerRatis.java:handleLeaderChangedNotification(904)) - Leader change notification received for group: group-BADC9E495150 with new leaderId: ceb62289-e61f-4ee7-8769-746790ce93a5
2023-01-03 10:08:16,509 [6197d2f5-af8d-4e13-93f4-b3dc0462d19d-server-thread1] INFO  server.RaftServer$Division (ServerState.java:setLeader(313)) - 6197d2f5-af8d-4e13-93f4-b3dc0462d19d@group-BADC9E495150: change Leader from null to ceb62289-e61f-4ee7-8769-746790ce93a5 at term 3 for appendEntries, leader elected after 15337ms
2023-01-03 10:08:16,510 [c7e71a96-70a3-435a-a6b2-b0df4fa5b7cd-server-thread2] INFO  segmented.SegmentedRaftLogWorker (SegmentedRaftLogWorker.java:startLogSegment(452)) - c7e71a96-70a3-435a-a6b2-b0df4fa5b7cd@group-BADC9E495150-SegmentedRaftLogWorker: Starting segment from index:0
2023-01-03 10:08:16,520 [EventQueue-CommandQueueReportForCommandQueueReportHandler] WARN  events.EventQueue (EventQueue.java:fireEvent(216)) - No event handler registered for event TypedEvent{payloadType=DatanodeDetails, name='Datanode_Command_Queue_Updated'}
2023-01-03 10:08:16,520 [c7e71a96-70a3-435a-a6b2-b0df4fa5b7cd@group-BADC9E495150-SegmentedRaftLogWorker] INFO  segmented.SegmentedRaftLogWorker (SegmentedRaftLogWorker.java:execute(656)) - c7e71a96-70a3-435a-a6b2-b0df4fa5b7cd@group-BADC9E495150-SegmentedRaftLogWorker: created new log segment /home/runner/work/ozone/ozone/hadoop-ozone/integration-test/target/test-dir/MiniOzoneClusterImpl-fa5f3e5f-d2ce-4aac-89a4-435e2b21547f/datanode-0/data/ratis/14730fae-f2c5-4a16-abbb-badc9e495150/current/log_inprogress_0
2023-01-03 10:08:16,521 [6197d2f5-af8d-4e13-93f4-b3dc0462d19d-server-thread2] INFO  server.RaftServer$Division (ServerState.java:setRaftConf(430)) - 6197d2f5-af8d-4e13-93f4-b3dc0462d19d@group-BADC9E495150: set configuration 0: peers:[c7e71a96-70a3-435a-a6b2-b0df4fa5b7cd|rpc:10.1.0.13:35743|dataStream:10.1.0.13:37175|priority:0|startupRole:FOLLOWER, ceb62289-e61f-4ee7-8769-746790ce93a5|rpc:10.1.0.13:39919|dataStream:10.1.0.13:34319|priority:1|startupRole:FOLLOWER, 6197d2f5-af8d-4e13-93f4-b3dc0462d19d|rpc:10.1.0.13:44689|dataStream:10.1.0.13:34149|priority:0|startupRole:FOLLOWER]|listeners:[], old=null
2023-01-03 10:08:16,522 [EventQueue-CommandQueueReportForCommandQueueReportHandler] WARN  events.EventQueue (EventQueue.java:fireEvent(216)) - No event handler registered for event TypedEvent{payloadType=DatanodeDetails, name='Datanode_Command_Queue_Updated'}
2023-01-03 10:08:16,524 [6197d2f5-af8d-4e13-93f4-b3dc0462d19d-server-thread2] INFO  segmented.SegmentedRaftLogWorker (SegmentedRaftLogWorker.java:startLogSegment(452)) - 6197d2f5-af8d-4e13-93f4-b3dc0462d19d@group-BADC9E495150-SegmentedRaftLogWorker: Starting segment from index:0
2023-01-03 10:08:16,526 [6197d2f5-af8d-4e13-93f4-b3dc0462d19d@group-BADC9E495150-SegmentedRaftLogWorker] INFO  segmented.SegmentedRaftLogWorker (SegmentedRaftLogWorker.java:execute(656)) - 6197d2f5-af8d-4e13-93f4-b3dc0462d19d@group-BADC9E495150-SegmentedRaftLogWorker: created new log segment /home/runner/work/ozone/ozone/hadoop-ozone/integration-test/target/test-dir/MiniOzoneClusterImpl-fa5f3e5f-d2ce-4aac-89a4-435e2b21547f/datanode-1/data/ratis/14730fae-f2c5-4a16-abbb-badc9e495150/current/log_inprogress_0
]]></system-out>
  </testcase>
  <testcase name="testTrash" classname="TestOzoneFileSystem" time="5.014">
    <system-out><![CDATA[2023-01-03 10:09:06,118 [IPC Server handler 16 on default port 33423] INFO  key.OMKeyRequest (OMKeyRequest.java:wrapUncommittedBlocksAsPseudoKey(835)) - Detect allocated but uncommitted blocks [{blockID={containerID=2, localID=111677748019200006}, length=4194304, offset=0, token=null, pipeline=null, createVersion=0, partNumber=0}] in key testKey2.
10:09:06.120 [IPC Server handler 19 on default port 33423] ERROR OMAudit - user=runner | ip=127.0.0.1 | op=GET_FILE_STATUS {volume=volume03607, bucket=bucket70088, key=.Trash/runner/Current/testKey2, dataSize=0, replicationConfig=null} | ret=FAILURE
org.apache.hadoop.ozone.om.exceptions.OMException: Unable to get file status: volume: volume03607 bucket: bucket70088 key: .Trash/runner/Current/testKey2
	at org.apache.hadoop.ozone.om.KeyManagerImpl.getOzoneFileStatus(KeyManagerImpl.java:1301) ~[ozone-manager-1.4.0-SNAPSHOT.jar:?]
	at org.apache.hadoop.ozone.om.KeyManagerImpl.getFileStatus(KeyManagerImpl.java:1219) ~[ozone-manager-1.4.0-SNAPSHOT.jar:?]
	at org.apache.hadoop.ozone.om.OzoneManager.getFileStatus(OzoneManager.java:3578) ~[ozone-manager-1.4.0-SNAPSHOT.jar:?]
	at org.apache.hadoop.ozone.protocolPB.OzoneManagerRequestHandler.getOzoneFileStatus(OzoneManagerRequestHandler.java:907) ~[ozone-manager-1.4.0-SNAPSHOT.jar:?]
	at org.apache.hadoop.ozone.protocolPB.OzoneManagerRequestHandler.handleReadRequest(OzoneManagerRequestHandler.java:231) ~[ozone-manager-1.4.0-SNAPSHOT.jar:?]
	at org.apache.hadoop.ozone.protocolPB.OzoneManagerProtocolServerSideTranslatorPB.submitRequestDirectlyToOM(OzoneManagerProtocolServerSideTranslatorPB.java:276) ~[ozone-manager-1.4.0-SNAPSHOT.jar:?]
	at org.apache.hadoop.ozone.protocolPB.OzoneManagerProtocolServerSideTranslatorPB.processRequest(OzoneManagerProtocolServerSideTranslatorPB.java:205) ~[ozone-manager-1.4.0-SNAPSHOT.jar:?]
	at org.apache.hadoop.hdds.server.OzoneProtocolMessageDispatcher.processRequest(OzoneProtocolMessageDispatcher.java:87) [hdds-server-framework-1.4.0-SNAPSHOT.jar:?]
	at org.apache.hadoop.ozone.protocolPB.OzoneManagerProtocolServerSideTranslatorPB.submitRequest(OzoneManagerProtocolServerSideTranslatorPB.java:147) [ozone-manager-1.4.0-SNAPSHOT.jar:?]
	at org.apache.hadoop.ozone.protocol.proto.OzoneManagerProtocolProtos$OzoneManagerService$2.callBlockingMethod(OzoneManagerProtocolProtos.java) [ozone-interface-client-1.4.0-SNAPSHOT.jar:?]
	at org.apache.hadoop.ipc.ProtobufRpcEngine$Server.processCall(ProtobufRpcEngine.java:465) [hadoop-common-3.3.4.jar:?]
	at org.apache.hadoop.ipc.ProtobufRpcEngine2$Server$ProtoBufRpcInvoker.call(ProtobufRpcEngine2.java:578) [hadoop-common-3.3.4.jar:?]
	at org.apache.hadoop.ipc.ProtobufRpcEngine2$Server$ProtoBufRpcInvoker.call(ProtobufRpcEngine2.java:556) [hadoop-common-3.3.4.jar:?]
	at org.apache.hadoop.ipc.RPC$Server.call(RPC.java:1093) [hadoop-common-3.3.4.jar:?]
	at org.apache.hadoop.ipc.Server$RpcCall.run(Server.java:1043) [hadoop-common-3.3.4.jar:?]
	at org.apache.hadoop.ipc.Server$RpcCall.run(Server.java:971) [hadoop-common-3.3.4.jar:?]
	at java.security.AccessController.doPrivileged(Native Method) ~[?:1.8.0_352]
	at javax.security.auth.Subject.doAs(Subject.java:422) [?:1.8.0_352]
	at org.apache.hadoop.security.UserGroupInformation.doAs(UserGroupInformation.java:1878) [hadoop-common-3.3.4.jar:?]
	at org.apache.hadoop.ipc.Server$Handler.run(Server.java:2976) [hadoop-common-3.3.4.jar:?]
10:09:06.121 [IPC Server handler 0 on default port 33423] ERROR OMAudit - user=runner | ip=127.0.0.1 | op=GET_FILE_STATUS {volume=volume03607, bucket=bucket70088, key=.Trash/runner/Current/testKey2, dataSize=0, replicationConfig=null} | ret=FAILURE
org.apache.hadoop.ozone.om.exceptions.OMException: Unable to get file status: volume: volume03607 bucket: bucket70088 key: .Trash/runner/Current/testKey2
	at org.apache.hadoop.ozone.om.KeyManagerImpl.getOzoneFileStatus(KeyManagerImpl.java:1301) ~[ozone-manager-1.4.0-SNAPSHOT.jar:?]
	at org.apache.hadoop.ozone.om.KeyManagerImpl.getFileStatus(KeyManagerImpl.java:1219) ~[ozone-manager-1.4.0-SNAPSHOT.jar:?]
	at org.apache.hadoop.ozone.om.OzoneManager.getFileStatus(OzoneManager.java:3578) ~[ozone-manager-1.4.0-SNAPSHOT.jar:?]
	at org.apache.hadoop.ozone.protocolPB.OzoneManagerRequestHandler.getOzoneFileStatus(OzoneManagerRequestHandler.java:907) ~[ozone-manager-1.4.0-SNAPSHOT.jar:?]
	at org.apache.hadoop.ozone.protocolPB.OzoneManagerRequestHandler.handleReadRequest(OzoneManagerRequestHandler.java:231) ~[ozone-manager-1.4.0-SNAPSHOT.jar:?]
	at org.apache.hadoop.ozone.protocolPB.OzoneManagerProtocolServerSideTranslatorPB.submitRequestDirectlyToOM(OzoneManagerProtocolServerSideTranslatorPB.java:276) ~[ozone-manager-1.4.0-SNAPSHOT.jar:?]
	at org.apache.hadoop.ozone.protocolPB.OzoneManagerProtocolServerSideTranslatorPB.processRequest(OzoneManagerProtocolServerSideTranslatorPB.java:205) ~[ozone-manager-1.4.0-SNAPSHOT.jar:?]
	at org.apache.hadoop.hdds.server.OzoneProtocolMessageDispatcher.processRequest(OzoneProtocolMessageDispatcher.java:87) [hdds-server-framework-1.4.0-SNAPSHOT.jar:?]
	at org.apache.hadoop.ozone.protocolPB.OzoneManagerProtocolServerSideTranslatorPB.submitRequest(OzoneManagerProtocolServerSideTranslatorPB.java:147) [ozone-manager-1.4.0-SNAPSHOT.jar:?]
	at org.apache.hadoop.ozone.protocol.proto.OzoneManagerProtocolProtos$OzoneManagerService$2.callBlockingMethod(OzoneManagerProtocolProtos.java) [ozone-interface-client-1.4.0-SNAPSHOT.jar:?]
	at org.apache.hadoop.ipc.ProtobufRpcEngine$Server.processCall(ProtobufRpcEngine.java:465) [hadoop-common-3.3.4.jar:?]
	at org.apache.hadoop.ipc.ProtobufRpcEngine2$Server$ProtoBufRpcInvoker.call(ProtobufRpcEngine2.java:578) [hadoop-common-3.3.4.jar:?]
	at org.apache.hadoop.ipc.ProtobufRpcEngine2$Server$ProtoBufRpcInvoker.call(ProtobufRpcEngine2.java:556) [hadoop-common-3.3.4.jar:?]
	at org.apache.hadoop.ipc.RPC$Server.call(RPC.java:1093) [hadoop-common-3.3.4.jar:?]
	at org.apache.hadoop.ipc.Server$RpcCall.run(Server.java:1043) [hadoop-common-3.3.4.jar:?]
	at org.apache.hadoop.ipc.Server$RpcCall.run(Server.java:971) [hadoop-common-3.3.4.jar:?]
	at java.security.AccessController.doPrivileged(Native Method) ~[?:1.8.0_352]
	at javax.security.auth.Subject.doAs(Subject.java:422) [?:1.8.0_352]
	at org.apache.hadoop.security.UserGroupInformation.doAs(UserGroupInformation.java:1878) [hadoop-common-3.3.4.jar:?]
	at org.apache.hadoop.ipc.Server$Handler.run(Server.java:2976) [hadoop-common-3.3.4.jar:?]
2023-01-03 10:09:06,122 [Time-limited test] INFO  om.TrashPolicyOzone (TrashPolicyOzone.java:moveToTrash(208)) - Moved: '/testKey2' to trash at: /.Trash/runner/Current/testKey2
2023-01-03 10:09:06,412 [EventQueue-CommandQueueReportForCommandQueueReportHandler] WARN  events.EventQueue (EventQueue.java:fireEvent(216)) - No event handler registered for event TypedEvent{payloadType=DatanodeDetails, name='Datanode_Command_Queue_Updated'}
2023-01-03 10:09:06,642 [EventQueue-CommandQueueReportForCommandQueueReportHandler] WARN  events.EventQueue (EventQueue.java:fireEvent(216)) - No event handler registered for event TypedEvent{payloadType=DatanodeDetails, name='Datanode_Command_Queue_Updated'}
2023-01-03 10:09:06,782 [EventQueue-CommandQueueReportForCommandQueueReportHandler] WARN  events.EventQueue (EventQueue.java:fireEvent(216)) - No event handler registered for event TypedEvent{payloadType=DatanodeDetails, name='Datanode_Command_Queue_Updated'}
2023-01-03 10:09:06,790 [EventQueue-CommandQueueReportForCommandQueueReportHandler] WARN  events.EventQueue (EventQueue.java:fireEvent(216)) - No event handler registered for event TypedEvent{payloadType=DatanodeDetails, name='Datanode_Command_Queue_Updated'}
2023-01-03 10:09:06,791 [EventQueue-CommandQueueReportForCommandQueueReportHandler] WARN  events.EventQueue (EventQueue.java:fireEvent(216)) - No event handler registered for event TypedEvent{payloadType=DatanodeDetails, name='Datanode_Command_Queue_Updated'}
2023-01-03 10:09:07,413 [EventQueue-CommandQueueReportForCommandQueueReportHandler] WARN  events.EventQueue (EventQueue.java:fireEvent(216)) - No event handler registered for event TypedEvent{payloadType=DatanodeDetails, name='Datanode_Command_Queue_Updated'}
2023-01-03 10:09:07,642 [EventQueue-CommandQueueReportForCommandQueueReportHandler] WARN  events.EventQueue (EventQueue.java:fireEvent(216)) - No event handler registered for event TypedEvent{payloadType=DatanodeDetails, name='Datanode_Command_Queue_Updated'}
2023-01-03 10:09:07,783 [EventQueue-CommandQueueReportForCommandQueueReportHandler] WARN  events.EventQueue (EventQueue.java:fireEvent(216)) - No event handler registered for event TypedEvent{payloadType=DatanodeDetails, name='Datanode_Command_Queue_Updated'}
2023-01-03 10:09:07,790 [EventQueue-CommandQueueReportForCommandQueueReportHandler] WARN  events.EventQueue (EventQueue.java:fireEvent(216)) - No event handler registered for event TypedEvent{payloadType=DatanodeDetails, name='Datanode_Command_Queue_Updated'}
2023-01-03 10:09:07,791 [EventQueue-CommandQueueReportForCommandQueueReportHandler] WARN  events.EventQueue (EventQueue.java:fireEvent(216)) - No event handler registered for event TypedEvent{payloadType=DatanodeDetails, name='Datanode_Command_Queue_Updated'}
10:09:08.124 [IPC Server handler 8 on default port 33423] ERROR OMAudit - user=runner | ip=127.0.0.1 | op=GET_FILE_STATUS {volume=volume03607, bucket=bucket70088, key=.Trash/runner/Current/testKey2, dataSize=0, replicationConfig=null} | ret=FAILURE
org.apache.hadoop.ozone.om.exceptions.OMException: Unable to get file status: volume: volume03607 bucket: bucket70088 key: .Trash/runner/Current/testKey2
	at org.apache.hadoop.ozone.om.KeyManagerImpl.getOzoneFileStatus(KeyManagerImpl.java:1301) ~[ozone-manager-1.4.0-SNAPSHOT.jar:?]
	at org.apache.hadoop.ozone.om.KeyManagerImpl.getFileStatus(KeyManagerImpl.java:1219) ~[ozone-manager-1.4.0-SNAPSHOT.jar:?]
	at org.apache.hadoop.ozone.om.OzoneManager.getFileStatus(OzoneManager.java:3578) ~[ozone-manager-1.4.0-SNAPSHOT.jar:?]
	at org.apache.hadoop.ozone.protocolPB.OzoneManagerRequestHandler.getOzoneFileStatus(OzoneManagerRequestHandler.java:907) ~[ozone-manager-1.4.0-SNAPSHOT.jar:?]
	at org.apache.hadoop.ozone.protocolPB.OzoneManagerRequestHandler.handleReadRequest(OzoneManagerRequestHandler.java:231) ~[ozone-manager-1.4.0-SNAPSHOT.jar:?]
	at org.apache.hadoop.ozone.protocolPB.OzoneManagerProtocolServerSideTranslatorPB.submitRequestDirectlyToOM(OzoneManagerProtocolServerSideTranslatorPB.java:276) ~[ozone-manager-1.4.0-SNAPSHOT.jar:?]
	at org.apache.hadoop.ozone.protocolPB.OzoneManagerProtocolServerSideTranslatorPB.processRequest(OzoneManagerProtocolServerSideTranslatorPB.java:205) ~[ozone-manager-1.4.0-SNAPSHOT.jar:?]
	at org.apache.hadoop.hdds.server.OzoneProtocolMessageDispatcher.processRequest(OzoneProtocolMessageDispatcher.java:87) [hdds-server-framework-1.4.0-SNAPSHOT.jar:?]
	at org.apache.hadoop.ozone.protocolPB.OzoneManagerProtocolServerSideTranslatorPB.submitRequest(OzoneManagerProtocolServerSideTranslatorPB.java:147) [ozone-manager-1.4.0-SNAPSHOT.jar:?]
	at org.apache.hadoop.ozone.protocol.proto.OzoneManagerProtocolProtos$OzoneManagerService$2.callBlockingMethod(OzoneManagerProtocolProtos.java) [ozone-interface-client-1.4.0-SNAPSHOT.jar:?]
	at org.apache.hadoop.ipc.ProtobufRpcEngine$Server.processCall(ProtobufRpcEngine.java:465) [hadoop-common-3.3.4.jar:?]
	at org.apache.hadoop.ipc.ProtobufRpcEngine2$Server$ProtoBufRpcInvoker.call(ProtobufRpcEngine2.java:578) [hadoop-common-3.3.4.jar:?]
	at org.apache.hadoop.ipc.ProtobufRpcEngine2$Server$ProtoBufRpcInvoker.call(ProtobufRpcEngine2.java:556) [hadoop-common-3.3.4.jar:?]
	at org.apache.hadoop.ipc.RPC$Server.call(RPC.java:1093) [hadoop-common-3.3.4.jar:?]
	at org.apache.hadoop.ipc.Server$RpcCall.run(Server.java:1043) [hadoop-common-3.3.4.jar:?]
	at org.apache.hadoop.ipc.Server$RpcCall.run(Server.java:971) [hadoop-common-3.3.4.jar:?]
	at java.security.AccessController.doPrivileged(Native Method) ~[?:1.8.0_352]
	at javax.security.auth.Subject.doAs(Subject.java:422) [?:1.8.0_352]
	at org.apache.hadoop.security.UserGroupInformation.doAs(UserGroupInformation.java:1878) [hadoop-common-3.3.4.jar:?]
	at org.apache.hadoop.ipc.Server$Handler.run(Server.java:2976) [hadoop-common-3.3.4.jar:?]
2023-01-03 10:09:08,414 [EventQueue-CommandQueueReportForCommandQueueReportHandler] WARN  events.EventQueue (EventQueue.java:fireEvent(216)) - No event handler registered for event TypedEvent{payloadType=DatanodeDetails, name='Datanode_Command_Queue_Updated'}
2023-01-03 10:09:08,643 [EventQueue-CommandQueueReportForCommandQueueReportHandler] WARN  events.EventQueue (EventQueue.java:fireEvent(216)) - No event handler registered for event TypedEvent{payloadType=DatanodeDetails, name='Datanode_Command_Queue_Updated'}
2023-01-03 10:09:08,784 [EventQueue-CommandQueueReportForCommandQueueReportHandler] WARN  events.EventQueue (EventQueue.java:fireEvent(216)) - No event handler registered for event TypedEvent{payloadType=DatanodeDetails, name='Datanode_Command_Queue_Updated'}
2023-01-03 10:09:08,790 [EventQueue-CommandQueueReportForCommandQueueReportHandler] WARN  events.EventQueue (EventQueue.java:fireEvent(216)) - No event handler registered for event TypedEvent{payloadType=DatanodeDetails, name='Datanode_Command_Queue_Updated'}
2023-01-03 10:09:08,791 [EventQueue-CommandQueueReportForCommandQueueReportHandler] WARN  events.EventQueue (EventQueue.java:fireEvent(216)) - No event handler registered for event TypedEvent{payloadType=DatanodeDetails, name='Datanode_Command_Queue_Updated'}
2023-01-03 10:09:09,414 [EventQueue-CommandQueueReportForCommandQueueReportHandler] WARN  events.EventQueue (EventQueue.java:fireEvent(216)) - No event handler registered for event TypedEvent{payloadType=DatanodeDetails, name='Datanode_Command_Queue_Updated'}
2023-01-03 10:09:09,643 [EventQueue-CommandQueueReportForCommandQueueReportHandler] WARN  events.EventQueue (EventQueue.java:fireEvent(216)) - No event handler registered for event TypedEvent{payloadType=DatanodeDetails, name='Datanode_Command_Queue_Updated'}
2023-01-03 10:09:09,690 [2b04a8b1-164a-4310-98e7-450bb9581035@group-8E8DD5C4C90A-FollowerState] INFO  server.RaftServerConfigKeys (ConfUtils.java:logFallback(53)) - raft.server.rpc.first-election.timeout.min = 5s (fallback to raft.server.rpc.timeout.min)
2023-01-03 10:09:09,690 [2b04a8b1-164a-4310-98e7-450bb9581035@group-8E8DD5C4C90A-FollowerState] INFO  server.RaftServerConfigKeys (ConfUtils.java:logFallback(53)) - raft.server.rpc.first-election.timeout.max = 5200ms (fallback to raft.server.rpc.timeout.max)
2023-01-03 10:09:09,784 [EventQueue-CommandQueueReportForCommandQueueReportHandler] WARN  events.EventQueue (EventQueue.java:fireEvent(216)) - No event handler registered for event TypedEvent{payloadType=DatanodeDetails, name='Datanode_Command_Queue_Updated'}
2023-01-03 10:09:09,790 [EventQueue-CommandQueueReportForCommandQueueReportHandler] WARN  events.EventQueue (EventQueue.java:fireEvent(216)) - No event handler registered for event TypedEvent{payloadType=DatanodeDetails, name='Datanode_Command_Queue_Updated'}
2023-01-03 10:09:09,790 [EventQueue-CommandQueueReportForCommandQueueReportHandler] WARN  events.EventQueue (EventQueue.java:fireEvent(216)) - No event handler registered for event TypedEvent{payloadType=DatanodeDetails, name='Datanode_Command_Queue_Updated'}
2023-01-03 10:09:09,808 [5f4e8170-34f9-42fb-8ea2-3b8d58ff5808@group-8E8DD5C4C90A-FollowerState] INFO  impl.FollowerState (FollowerState.java:run(143)) - 5f4e8170-34f9-42fb-8ea2-3b8d58ff5808@group-8E8DD5C4C90A-FollowerState: change to CANDIDATE, lastRpcElapsedTime:5189284152ns, electionTimeout:5186ms
2023-01-03 10:09:09,808 [5f4e8170-34f9-42fb-8ea2-3b8d58ff5808@group-8E8DD5C4C90A-FollowerState] INFO  impl.RoleInfo (RoleInfo.java:shutdownFollowerState(110)) - 5f4e8170-34f9-42fb-8ea2-3b8d58ff5808: shutdown 5f4e8170-34f9-42fb-8ea2-3b8d58ff5808@group-8E8DD5C4C90A-FollowerState
2023-01-03 10:09:09,808 [5f4e8170-34f9-42fb-8ea2-3b8d58ff5808@group-8E8DD5C4C90A-FollowerState] INFO  server.RaftServer$Division (RaftServerImpl.java:setRole(321)) - 5f4e8170-34f9-42fb-8ea2-3b8d58ff5808@group-8E8DD5C4C90A: changes role from  FOLLOWER to CANDIDATE at term 2 for changeToCandidate
2023-01-03 10:09:09,808 [5f4e8170-34f9-42fb-8ea2-3b8d58ff5808@group-8E8DD5C4C90A-FollowerState] INFO  server.RaftServerConfigKeys (ConfUtils.java:logGet(46)) - raft.server.leaderelection.pre-vote = false (custom)
2023-01-03 10:09:09,808 [5f4e8170-34f9-42fb-8ea2-3b8d58ff5808@group-8E8DD5C4C90A-FollowerState] INFO  impl.RoleInfo (RoleInfo.java:updateAndGet(139)) - 5f4e8170-34f9-42fb-8ea2-3b8d58ff5808: start 5f4e8170-34f9-42fb-8ea2-3b8d58ff5808@group-8E8DD5C4C90A-LeaderElection44
2023-01-03 10:09:09,812 [5f4e8170-34f9-42fb-8ea2-3b8d58ff5808@group-8E8DD5C4C90A-LeaderElection44] INFO  impl.LeaderElection (LeaderElection.java:askForVotes(312)) - 5f4e8170-34f9-42fb-8ea2-3b8d58ff5808@group-8E8DD5C4C90A-LeaderElection44 ELECTION round 0: submit vote requests at term 3 for -1: peers:[2b04a8b1-164a-4310-98e7-450bb9581035|rpc:10.1.0.13:40297|dataStream:10.1.0.13:40255|priority:0|startupRole:FOLLOWER, 79f3458c-2c66-4b3a-be39-3ff7abbb9f16|rpc:10.1.0.13:36965|dataStream:10.1.0.13:36199|priority:1|startupRole:FOLLOWER, 5f4e8170-34f9-42fb-8ea2-3b8d58ff5808|rpc:10.1.0.13:43165|dataStream:10.1.0.13:42261|priority:0|startupRole:FOLLOWER]|listeners:[], old=null
2023-01-03 10:09:09,812 [5f4e8170-34f9-42fb-8ea2-3b8d58ff5808@group-8E8DD5C4C90A-LeaderElection44] INFO  server.RaftServerConfigKeys (ConfUtils.java:logFallback(53)) - raft.server.rpc.first-election.timeout.min = 5s (fallback to raft.server.rpc.timeout.min)
2023-01-03 10:09:09,812 [5f4e8170-34f9-42fb-8ea2-3b8d58ff5808@group-8E8DD5C4C90A-LeaderElection44] INFO  server.RaftServerConfigKeys (ConfUtils.java:logFallback(53)) - raft.server.rpc.first-election.timeout.max = 5200ms (fallback to raft.server.rpc.timeout.max)
2023-01-03 10:09:09,818 [grpc-default-executor-7] INFO  server.RaftServer$Division (RaftServerImpl.java:requestVote(1218)) - 2b04a8b1-164a-4310-98e7-450bb9581035@group-8E8DD5C4C90A: receive requestVote(ELECTION, 5f4e8170-34f9-42fb-8ea2-3b8d58ff5808, group-8E8DD5C4C90A, 3, (t:0, i:0))
2023-01-03 10:09:09,818 [grpc-default-executor-7] INFO  impl.VoteContext (VoteContext.java:log(49)) - 2b04a8b1-164a-4310-98e7-450bb9581035@group-8E8DD5C4C90A-FOLLOWER: accept ELECTION from 5f4e8170-34f9-42fb-8ea2-3b8d58ff5808: our priority 0 <= candidate's priority 0
2023-01-03 10:09:09,818 [grpc-default-executor-7] INFO  server.RaftServer$Division (RaftServerImpl.java:setRole(321)) - 2b04a8b1-164a-4310-98e7-450bb9581035@group-8E8DD5C4C90A: changes role from  FOLLOWER to FOLLOWER at term 3 for candidate:5f4e8170-34f9-42fb-8ea2-3b8d58ff5808
2023-01-03 10:09:09,818 [79f3458c-2c66-4b3a-be39-3ff7abbb9f16@group-8E8DD5C4C90A-FollowerState] INFO  impl.FollowerState (FollowerState.java:run(143)) - 79f3458c-2c66-4b3a-be39-3ff7abbb9f16@group-8E8DD5C4C90A-FollowerState: change to CANDIDATE, lastRpcElapsedTime:5202441494ns, electionTimeout:5196ms
2023-01-03 10:09:09,818 [grpc-default-executor-7] INFO  impl.RoleInfo (RoleInfo.java:shutdownFollowerState(110)) - 2b04a8b1-164a-4310-98e7-450bb9581035: shutdown 2b04a8b1-164a-4310-98e7-450bb9581035@group-8E8DD5C4C90A-FollowerState
2023-01-03 10:09:09,818 [grpc-default-executor-7] INFO  impl.RoleInfo (RoleInfo.java:updateAndGet(139)) - 2b04a8b1-164a-4310-98e7-450bb9581035: start 2b04a8b1-164a-4310-98e7-450bb9581035@group-8E8DD5C4C90A-FollowerState
2023-01-03 10:09:09,818 [2b04a8b1-164a-4310-98e7-450bb9581035@group-8E8DD5C4C90A-FollowerState] INFO  impl.FollowerState (FollowerState.java:run(152)) - 2b04a8b1-164a-4310-98e7-450bb9581035@group-8E8DD5C4C90A-FollowerState was interrupted
2023-01-03 10:09:09,819 [2b04a8b1-164a-4310-98e7-450bb9581035@group-8E8DD5C4C90A-FollowerState] INFO  server.RaftServerConfigKeys (ConfUtils.java:logFallback(53)) - raft.server.rpc.first-election.timeout.min = 5s (fallback to raft.server.rpc.timeout.min)
2023-01-03 10:09:09,819 [2b04a8b1-164a-4310-98e7-450bb9581035@group-8E8DD5C4C90A-FollowerState] INFO  server.RaftServerConfigKeys (ConfUtils.java:logFallback(53)) - raft.server.rpc.first-election.timeout.max = 5200ms (fallback to raft.server.rpc.timeout.max)
2023-01-03 10:09:09,819 [79f3458c-2c66-4b3a-be39-3ff7abbb9f16@group-8E8DD5C4C90A-FollowerState] INFO  impl.RoleInfo (RoleInfo.java:shutdownFollowerState(110)) - 79f3458c-2c66-4b3a-be39-3ff7abbb9f16: shutdown 79f3458c-2c66-4b3a-be39-3ff7abbb9f16@group-8E8DD5C4C90A-FollowerState
2023-01-03 10:09:09,819 [79f3458c-2c66-4b3a-be39-3ff7abbb9f16@group-8E8DD5C4C90A-FollowerState] INFO  server.RaftServer$Division (RaftServerImpl.java:setRole(321)) - 79f3458c-2c66-4b3a-be39-3ff7abbb9f16@group-8E8DD5C4C90A: changes role from  FOLLOWER to CANDIDATE at term 2 for changeToCandidate
2023-01-03 10:09:09,819 [79f3458c-2c66-4b3a-be39-3ff7abbb9f16@group-8E8DD5C4C90A-FollowerState] INFO  server.RaftServerConfigKeys (ConfUtils.java:logGet(46)) - raft.server.leaderelection.pre-vote = false (custom)
2023-01-03 10:09:09,819 [79f3458c-2c66-4b3a-be39-3ff7abbb9f16@group-8E8DD5C4C90A-FollowerState] INFO  impl.RoleInfo (RoleInfo.java:updateAndGet(139)) - 79f3458c-2c66-4b3a-be39-3ff7abbb9f16: start 79f3458c-2c66-4b3a-be39-3ff7abbb9f16@group-8E8DD5C4C90A-LeaderElection45
2023-01-03 10:09:09,822 [grpc-default-executor-6] INFO  server.RaftServer$Division (RaftServerImpl.java:requestVote(1218)) - 79f3458c-2c66-4b3a-be39-3ff7abbb9f16@group-8E8DD5C4C90A: receive requestVote(ELECTION, 5f4e8170-34f9-42fb-8ea2-3b8d58ff5808, group-8E8DD5C4C90A, 3, (t:0, i:0))
2023-01-03 10:09:09,822 [grpc-default-executor-6] INFO  impl.VoteContext (VoteContext.java:log(49)) - 79f3458c-2c66-4b3a-be39-3ff7abbb9f16@group-8E8DD5C4C90A-CANDIDATE: reject ELECTION from 5f4e8170-34f9-42fb-8ea2-3b8d58ff5808: our priority 1 > candidate's priority 0
2023-01-03 10:09:09,822 [grpc-default-executor-6] INFO  server.RaftServer$Division (RaftServerImpl.java:setRole(321)) - 79f3458c-2c66-4b3a-be39-3ff7abbb9f16@group-8E8DD5C4C90A: changes role from CANDIDATE to FOLLOWER at term 3 for candidate:5f4e8170-34f9-42fb-8ea2-3b8d58ff5808
2023-01-03 10:09:09,822 [grpc-default-executor-6] INFO  impl.RoleInfo (RoleInfo.java:shutdownLeaderElection(130)) - 79f3458c-2c66-4b3a-be39-3ff7abbb9f16: shutdown 79f3458c-2c66-4b3a-be39-3ff7abbb9f16@group-8E8DD5C4C90A-LeaderElection45
2023-01-03 10:09:09,822 [grpc-default-executor-6] INFO  impl.RoleInfo (RoleInfo.java:updateAndGet(139)) - 79f3458c-2c66-4b3a-be39-3ff7abbb9f16: start 79f3458c-2c66-4b3a-be39-3ff7abbb9f16@group-8E8DD5C4C90A-FollowerState
2023-01-03 10:09:09,822 [79f3458c-2c66-4b3a-be39-3ff7abbb9f16@group-8E8DD5C4C90A-FollowerState] INFO  server.RaftServerConfigKeys (ConfUtils.java:logFallback(53)) - raft.server.rpc.first-election.timeout.min = 5s (fallback to raft.server.rpc.timeout.min)
2023-01-03 10:09:09,822 [79f3458c-2c66-4b3a-be39-3ff7abbb9f16@group-8E8DD5C4C90A-FollowerState] INFO  server.RaftServerConfigKeys (ConfUtils.java:logFallback(53)) - raft.server.rpc.first-election.timeout.max = 5200ms (fallback to raft.server.rpc.timeout.max)
2023-01-03 10:09:09,822 [grpc-default-executor-7] INFO  server.RaftServer$Division (RaftServerImpl.java:requestVote(1251)) - 2b04a8b1-164a-4310-98e7-450bb9581035@group-8E8DD5C4C90A replies to ELECTION vote request: 5f4e8170-34f9-42fb-8ea2-3b8d58ff5808<-2b04a8b1-164a-4310-98e7-450bb9581035#0:OK-t3. Peer's state: 2b04a8b1-164a-4310-98e7-450bb9581035@group-8E8DD5C4C90A:t3, leader=null, voted=5f4e8170-34f9-42fb-8ea2-3b8d58ff5808, raftlog=Memoized:2b04a8b1-164a-4310-98e7-450bb9581035@group-8E8DD5C4C90A-SegmentedRaftLog:OPENED:c-1, conf=-1: peers:[2b04a8b1-164a-4310-98e7-450bb9581035|rpc:10.1.0.13:40297|dataStream:10.1.0.13:40255|priority:0|startupRole:FOLLOWER, 79f3458c-2c66-4b3a-be39-3ff7abbb9f16|rpc:10.1.0.13:36965|dataStream:10.1.0.13:36199|priority:1|startupRole:FOLLOWER, 5f4e8170-34f9-42fb-8ea2-3b8d58ff5808|rpc:10.1.0.13:43165|dataStream:10.1.0.13:42261|priority:0|startupRole:FOLLOWER]|listeners:[], old=null
2023-01-03 10:09:09,825 [grpc-default-executor-6] INFO  server.RaftServer$Division (RaftServerImpl.java:requestVote(1251)) - 79f3458c-2c66-4b3a-be39-3ff7abbb9f16@group-8E8DD5C4C90A replies to ELECTION vote request: 5f4e8170-34f9-42fb-8ea2-3b8d58ff5808<-79f3458c-2c66-4b3a-be39-3ff7abbb9f16#0:FAIL-t3. Peer's state: 79f3458c-2c66-4b3a-be39-3ff7abbb9f16@group-8E8DD5C4C90A:t3, leader=null, voted=null, raftlog=Memoized:79f3458c-2c66-4b3a-be39-3ff7abbb9f16@group-8E8DD5C4C90A-SegmentedRaftLog:OPENED:c-1, conf=-1: peers:[2b04a8b1-164a-4310-98e7-450bb9581035|rpc:10.1.0.13:40297|dataStream:10.1.0.13:40255|priority:0|startupRole:FOLLOWER, 79f3458c-2c66-4b3a-be39-3ff7abbb9f16|rpc:10.1.0.13:36965|dataStream:10.1.0.13:36199|priority:1|startupRole:FOLLOWER, 5f4e8170-34f9-42fb-8ea2-3b8d58ff5808|rpc:10.1.0.13:43165|dataStream:10.1.0.13:42261|priority:0|startupRole:FOLLOWER]|listeners:[], old=null
2023-01-03 10:09:09,826 [5f4e8170-34f9-42fb-8ea2-3b8d58ff5808@group-8E8DD5C4C90A-LeaderElection44] INFO  impl.LeaderElection (LeaderElection.java:logAndReturn(90)) - 5f4e8170-34f9-42fb-8ea2-3b8d58ff5808@group-8E8DD5C4C90A-LeaderElection44: ELECTION REJECTED received 2 response(s) and 0 exception(s):
2023-01-03 10:09:09,826 [5f4e8170-34f9-42fb-8ea2-3b8d58ff5808@group-8E8DD5C4C90A-LeaderElection44] INFO  impl.LeaderElection (LeaderElection.java:logAndReturn(94)) -   Response 0: 5f4e8170-34f9-42fb-8ea2-3b8d58ff5808<-2b04a8b1-164a-4310-98e7-450bb9581035#0:OK-t3
2023-01-03 10:09:09,826 [5f4e8170-34f9-42fb-8ea2-3b8d58ff5808@group-8E8DD5C4C90A-LeaderElection44] INFO  impl.LeaderElection (LeaderElection.java:logAndReturn(94)) -   Response 1: 5f4e8170-34f9-42fb-8ea2-3b8d58ff5808<-79f3458c-2c66-4b3a-be39-3ff7abbb9f16#0:FAIL-t3
2023-01-03 10:09:09,826 [5f4e8170-34f9-42fb-8ea2-3b8d58ff5808@group-8E8DD5C4C90A-LeaderElection44] INFO  impl.LeaderElection (LeaderElection.java:askForVotes(314)) - 5f4e8170-34f9-42fb-8ea2-3b8d58ff5808@group-8E8DD5C4C90A-LeaderElection44 ELECTION round 0: result REJECTED
2023-01-03 10:09:09,826 [5f4e8170-34f9-42fb-8ea2-3b8d58ff5808@group-8E8DD5C4C90A-LeaderElection44] INFO  server.RaftServer$Division (RaftServerImpl.java:setRole(321)) - 5f4e8170-34f9-42fb-8ea2-3b8d58ff5808@group-8E8DD5C4C90A: changes role from CANDIDATE to FOLLOWER at term 3 for REJECTED
2023-01-03 10:09:09,826 [5f4e8170-34f9-42fb-8ea2-3b8d58ff5808@group-8E8DD5C4C90A-LeaderElection44] INFO  impl.RoleInfo (RoleInfo.java:shutdownLeaderElection(130)) - 5f4e8170-34f9-42fb-8ea2-3b8d58ff5808: shutdown 5f4e8170-34f9-42fb-8ea2-3b8d58ff5808@group-8E8DD5C4C90A-LeaderElection44
2023-01-03 10:09:09,826 [5f4e8170-34f9-42fb-8ea2-3b8d58ff5808@group-8E8DD5C4C90A-LeaderElection44] INFO  impl.RoleInfo (RoleInfo.java:updateAndGet(139)) - 5f4e8170-34f9-42fb-8ea2-3b8d58ff5808: start 5f4e8170-34f9-42fb-8ea2-3b8d58ff5808@group-8E8DD5C4C90A-FollowerState
2023-01-03 10:09:09,832 [5f4e8170-34f9-42fb-8ea2-3b8d58ff5808@group-8E8DD5C4C90A-FollowerState] INFO  server.RaftServerConfigKeys (ConfUtils.java:logFallback(53)) - raft.server.rpc.first-election.timeout.min = 5s (fallback to raft.server.rpc.timeout.min)
2023-01-03 10:09:09,832 [5f4e8170-34f9-42fb-8ea2-3b8d58ff5808@group-8E8DD5C4C90A-FollowerState] INFO  server.RaftServerConfigKeys (ConfUtils.java:logFallback(53)) - raft.server.rpc.first-election.timeout.max = 5200ms (fallback to raft.server.rpc.timeout.max)
2023-01-03 10:09:10,413 [EventQueue-CommandQueueReportForCommandQueueReportHandler] WARN  events.EventQueue (EventQueue.java:fireEvent(216)) - No event handler registered for event TypedEvent{payloadType=DatanodeDetails, name='Datanode_Command_Queue_Updated'}
2023-01-03 10:09:10,643 [EventQueue-CommandQueueReportForCommandQueueReportHandler] WARN  events.EventQueue (EventQueue.java:fireEvent(216)) - No event handler registered for event TypedEvent{payloadType=DatanodeDetails, name='Datanode_Command_Queue_Updated'}
2023-01-03 10:09:10,783 [EventQueue-CommandQueueReportForCommandQueueReportHandler] WARN  events.EventQueue (EventQueue.java:fireEvent(216)) - No event handler registered for event TypedEvent{payloadType=DatanodeDetails, name='Datanode_Command_Queue_Updated'}
2023-01-03 10:09:10,791 [EventQueue-CommandQueueReportForCommandQueueReportHandler] WARN  events.EventQueue (EventQueue.java:fireEvent(216)) - No event handler registered for event TypedEvent{payloadType=DatanodeDetails, name='Datanode_Command_Queue_Updated'}
2023-01-03 10:09:10,791 [EventQueue-CommandQueueReportForCommandQueueReportHandler] WARN  events.EventQueue (EventQueue.java:fireEvent(216)) - No event handler registered for event TypedEvent{payloadType=DatanodeDetails, name='Datanode_Command_Queue_Updated'}
]]></system-out>
  </testcase>
  <testcase name="testRenameDestinationParentDoesntExist" classname="TestOzoneFileSystem" time="0.037">
    <system-out><![CDATA[10:06:28.009 [IPC Server handler 6 on default port 41175] ERROR OMAudit - user=runner | ip=127.0.0.1 | op=GET_FILE_STATUS {volume=volume17571, bucket=bucket85979, key=root_dir/b/c, dataSize=0, replicationConfig=null} | ret=FAILURE
org.apache.hadoop.ozone.om.exceptions.OMException: Unable to get file status: volume: volume17571 bucket: bucket85979 key: root_dir/b/c
	at org.apache.hadoop.ozone.om.KeyManagerImpl.getOzoneFileStatus(KeyManagerImpl.java:1301) ~[ozone-manager-1.4.0-SNAPSHOT.jar:?]
	at org.apache.hadoop.ozone.om.KeyManagerImpl.getFileStatus(KeyManagerImpl.java:1219) ~[ozone-manager-1.4.0-SNAPSHOT.jar:?]
	at org.apache.hadoop.ozone.om.OzoneManager.getFileStatus(OzoneManager.java:3578) ~[ozone-manager-1.4.0-SNAPSHOT.jar:?]
	at org.apache.hadoop.ozone.protocolPB.OzoneManagerRequestHandler.getOzoneFileStatus(OzoneManagerRequestHandler.java:907) ~[ozone-manager-1.4.0-SNAPSHOT.jar:?]
	at org.apache.hadoop.ozone.protocolPB.OzoneManagerRequestHandler.handleReadRequest(OzoneManagerRequestHandler.java:231) ~[ozone-manager-1.4.0-SNAPSHOT.jar:?]
	at org.apache.hadoop.ozone.protocolPB.OzoneManagerProtocolServerSideTranslatorPB.submitReadRequestToOM(OzoneManagerProtocolServerSideTranslatorPB.java:226) ~[ozone-manager-1.4.0-SNAPSHOT.jar:?]
	at org.apache.hadoop.ozone.protocolPB.OzoneManagerProtocolServerSideTranslatorPB.processRequest(OzoneManagerProtocolServerSideTranslatorPB.java:175) ~[ozone-manager-1.4.0-SNAPSHOT.jar:?]
	at org.apache.hadoop.hdds.server.OzoneProtocolMessageDispatcher.processRequest(OzoneProtocolMessageDispatcher.java:87) [hdds-server-framework-1.4.0-SNAPSHOT.jar:?]
	at org.apache.hadoop.ozone.protocolPB.OzoneManagerProtocolServerSideTranslatorPB.submitRequest(OzoneManagerProtocolServerSideTranslatorPB.java:147) [ozone-manager-1.4.0-SNAPSHOT.jar:?]
	at org.apache.hadoop.ozone.protocol.proto.OzoneManagerProtocolProtos$OzoneManagerService$2.callBlockingMethod(OzoneManagerProtocolProtos.java) [ozone-interface-client-1.4.0-SNAPSHOT.jar:?]
	at org.apache.hadoop.ipc.ProtobufRpcEngine$Server.processCall(ProtobufRpcEngine.java:465) [hadoop-common-3.3.4.jar:?]
	at org.apache.hadoop.ipc.ProtobufRpcEngine2$Server$ProtoBufRpcInvoker.call(ProtobufRpcEngine2.java:578) [hadoop-common-3.3.4.jar:?]
	at org.apache.hadoop.ipc.ProtobufRpcEngine2$Server$ProtoBufRpcInvoker.call(ProtobufRpcEngine2.java:556) [hadoop-common-3.3.4.jar:?]
	at org.apache.hadoop.ipc.RPC$Server.call(RPC.java:1093) [hadoop-common-3.3.4.jar:?]
	at org.apache.hadoop.ipc.Server$RpcCall.run(Server.java:1043) [hadoop-common-3.3.4.jar:?]
	at org.apache.hadoop.ipc.Server$RpcCall.run(Server.java:971) [hadoop-common-3.3.4.jar:?]
	at java.security.AccessController.doPrivileged(Native Method) ~[?:1.8.0_352]
	at javax.security.auth.Subject.doAs(Subject.java:422) [?:1.8.0_352]
	at org.apache.hadoop.security.UserGroupInformation.doAs(UserGroupInformation.java:1878) [hadoop-common-3.3.4.jar:?]
	at org.apache.hadoop.ipc.Server$Handler.run(Server.java:2976) [hadoop-common-3.3.4.jar:?]
10:06:28.011 [IPC Server handler 13 on default port 41175] ERROR OMAudit - user=runner | ip=127.0.0.1 | op=GET_FILE_STATUS {volume=volume17571, bucket=bucket85979, key=root_dir/b, dataSize=0, replicationConfig=null} | ret=FAILURE
org.apache.hadoop.ozone.om.exceptions.OMException: Unable to get file status: volume: volume17571 bucket: bucket85979 key: root_dir/b
	at org.apache.hadoop.ozone.om.KeyManagerImpl.getOzoneFileStatus(KeyManagerImpl.java:1301) ~[ozone-manager-1.4.0-SNAPSHOT.jar:?]
	at org.apache.hadoop.ozone.om.KeyManagerImpl.getFileStatus(KeyManagerImpl.java:1219) ~[ozone-manager-1.4.0-SNAPSHOT.jar:?]
	at org.apache.hadoop.ozone.om.OzoneManager.getFileStatus(OzoneManager.java:3578) ~[ozone-manager-1.4.0-SNAPSHOT.jar:?]
	at org.apache.hadoop.ozone.protocolPB.OzoneManagerRequestHandler.getOzoneFileStatus(OzoneManagerRequestHandler.java:907) ~[ozone-manager-1.4.0-SNAPSHOT.jar:?]
	at org.apache.hadoop.ozone.protocolPB.OzoneManagerRequestHandler.handleReadRequest(OzoneManagerRequestHandler.java:231) ~[ozone-manager-1.4.0-SNAPSHOT.jar:?]
	at org.apache.hadoop.ozone.protocolPB.OzoneManagerProtocolServerSideTranslatorPB.submitReadRequestToOM(OzoneManagerProtocolServerSideTranslatorPB.java:226) ~[ozone-manager-1.4.0-SNAPSHOT.jar:?]
	at org.apache.hadoop.ozone.protocolPB.OzoneManagerProtocolServerSideTranslatorPB.processRequest(OzoneManagerProtocolServerSideTranslatorPB.java:175) ~[ozone-manager-1.4.0-SNAPSHOT.jar:?]
	at org.apache.hadoop.hdds.server.OzoneProtocolMessageDispatcher.processRequest(OzoneProtocolMessageDispatcher.java:87) [hdds-server-framework-1.4.0-SNAPSHOT.jar:?]
	at org.apache.hadoop.ozone.protocolPB.OzoneManagerProtocolServerSideTranslatorPB.submitRequest(OzoneManagerProtocolServerSideTranslatorPB.java:147) [ozone-manager-1.4.0-SNAPSHOT.jar:?]
	at org.apache.hadoop.ozone.protocol.proto.OzoneManagerProtocolProtos$OzoneManagerService$2.callBlockingMethod(OzoneManagerProtocolProtos.java) [ozone-interface-client-1.4.0-SNAPSHOT.jar:?]
	at org.apache.hadoop.ipc.ProtobufRpcEngine$Server.processCall(ProtobufRpcEngine.java:465) [hadoop-common-3.3.4.jar:?]
	at org.apache.hadoop.ipc.ProtobufRpcEngine2$Server$ProtoBufRpcInvoker.call(ProtobufRpcEngine2.java:578) [hadoop-common-3.3.4.jar:?]
	at org.apache.hadoop.ipc.ProtobufRpcEngine2$Server$ProtoBufRpcInvoker.call(ProtobufRpcEngine2.java:556) [hadoop-common-3.3.4.jar:?]
	at org.apache.hadoop.ipc.RPC$Server.call(RPC.java:1093) [hadoop-common-3.3.4.jar:?]
	at org.apache.hadoop.ipc.Server$RpcCall.run(Server.java:1043) [hadoop-common-3.3.4.jar:?]
	at org.apache.hadoop.ipc.Server$RpcCall.run(Server.java:971) [hadoop-common-3.3.4.jar:?]
	at java.security.AccessController.doPrivileged(Native Method) ~[?:1.8.0_352]
	at javax.security.auth.Subject.doAs(Subject.java:422) [?:1.8.0_352]
	at org.apache.hadoop.security.UserGroupInformation.doAs(UserGroupInformation.java:1878) [hadoop-common-3.3.4.jar:?]
	at org.apache.hadoop.ipc.Server$Handler.run(Server.java:2976) [hadoop-common-3.3.4.jar:?]
2023-01-03 10:06:28,020 [OM StateMachine ApplyTransaction Thread - 0] INFO  key.OMKeyRequest (OMKeyRequest.java:wrapUncommittedBlocksAsPseudoKey(835)) - Detect allocated but uncommitted blocks [{blockID={containerID=1, localID=111677748019200007}, length=4194304, offset=0, token=null, pipeline=null, createVersion=0, partNumber=0}] in key root_dir/file1.
10:06:28.023 [IPC Server handler 10 on default port 41175] ERROR OMAudit - user=runner | ip=127.0.0.1 | op=GET_FILE_STATUS {volume=volume17571, bucket=bucket85979, key=root_dir/file1/c, dataSize=0, replicationConfig=null} | ret=FAILURE
org.apache.hadoop.ozone.om.exceptions.OMException: Unable to get file status: volume: volume17571 bucket: bucket85979 key: root_dir/file1/c
	at org.apache.hadoop.ozone.om.KeyManagerImpl.getOzoneFileStatus(KeyManagerImpl.java:1301) ~[ozone-manager-1.4.0-SNAPSHOT.jar:?]
	at org.apache.hadoop.ozone.om.KeyManagerImpl.getFileStatus(KeyManagerImpl.java:1219) ~[ozone-manager-1.4.0-SNAPSHOT.jar:?]
	at org.apache.hadoop.ozone.om.OzoneManager.getFileStatus(OzoneManager.java:3578) ~[ozone-manager-1.4.0-SNAPSHOT.jar:?]
	at org.apache.hadoop.ozone.protocolPB.OzoneManagerRequestHandler.getOzoneFileStatus(OzoneManagerRequestHandler.java:907) ~[ozone-manager-1.4.0-SNAPSHOT.jar:?]
	at org.apache.hadoop.ozone.protocolPB.OzoneManagerRequestHandler.handleReadRequest(OzoneManagerRequestHandler.java:231) ~[ozone-manager-1.4.0-SNAPSHOT.jar:?]
	at org.apache.hadoop.ozone.protocolPB.OzoneManagerProtocolServerSideTranslatorPB.submitReadRequestToOM(OzoneManagerProtocolServerSideTranslatorPB.java:226) ~[ozone-manager-1.4.0-SNAPSHOT.jar:?]
	at org.apache.hadoop.ozone.protocolPB.OzoneManagerProtocolServerSideTranslatorPB.processRequest(OzoneManagerProtocolServerSideTranslatorPB.java:175) ~[ozone-manager-1.4.0-SNAPSHOT.jar:?]
	at org.apache.hadoop.hdds.server.OzoneProtocolMessageDispatcher.processRequest(OzoneProtocolMessageDispatcher.java:87) [hdds-server-framework-1.4.0-SNAPSHOT.jar:?]
	at org.apache.hadoop.ozone.protocolPB.OzoneManagerProtocolServerSideTranslatorPB.submitRequest(OzoneManagerProtocolServerSideTranslatorPB.java:147) [ozone-manager-1.4.0-SNAPSHOT.jar:?]
	at org.apache.hadoop.ozone.protocol.proto.OzoneManagerProtocolProtos$OzoneManagerService$2.callBlockingMethod(OzoneManagerProtocolProtos.java) [ozone-interface-client-1.4.0-SNAPSHOT.jar:?]
	at org.apache.hadoop.ipc.ProtobufRpcEngine$Server.processCall(ProtobufRpcEngine.java:465) [hadoop-common-3.3.4.jar:?]
	at org.apache.hadoop.ipc.ProtobufRpcEngine2$Server$ProtoBufRpcInvoker.call(ProtobufRpcEngine2.java:578) [hadoop-common-3.3.4.jar:?]
	at org.apache.hadoop.ipc.ProtobufRpcEngine2$Server$ProtoBufRpcInvoker.call(ProtobufRpcEngine2.java:556) [hadoop-common-3.3.4.jar:?]
	at org.apache.hadoop.ipc.RPC$Server.call(RPC.java:1093) [hadoop-common-3.3.4.jar:?]
	at org.apache.hadoop.ipc.Server$RpcCall.run(Server.java:1043) [hadoop-common-3.3.4.jar:?]
	at org.apache.hadoop.ipc.Server$RpcCall.run(Server.java:971) [hadoop-common-3.3.4.jar:?]
	at java.security.AccessController.doPrivileged(Native Method) ~[?:1.8.0_352]
	at javax.security.auth.Subject.doAs(Subject.java:422) [?:1.8.0_352]
	at org.apache.hadoop.security.UserGroupInformation.doAs(UserGroupInformation.java:1878) [hadoop-common-3.3.4.jar:?]
	at org.apache.hadoop.ipc.Server$Handler.run(Server.java:2976) [hadoop-common-3.3.4.jar:?]
]]></system-out>
  </testcase>
  <testcase name="testRenameDestinationParentDoesntExist" classname="TestOzoneFileSystem" time="0.015">
    <system-out><![CDATA[10:07:27.724 [IPC Server handler 2 on default port 46801] ERROR OMAudit - user=runner | ip=127.0.0.1 | op=GET_FILE_STATUS {volume=volume72509, bucket=bucket24043, key=root_dir/b/c, dataSize=0, replicationConfig=null} | ret=FAILURE
org.apache.hadoop.ozone.om.exceptions.OMException: Unable to get file status: volume: volume72509 bucket: bucket24043 key: root_dir/b/c
	at org.apache.hadoop.ozone.om.KeyManagerImpl.getOzoneFileStatus(KeyManagerImpl.java:1301) ~[ozone-manager-1.4.0-SNAPSHOT.jar:?]
	at org.apache.hadoop.ozone.om.KeyManagerImpl.getFileStatus(KeyManagerImpl.java:1219) ~[ozone-manager-1.4.0-SNAPSHOT.jar:?]
	at org.apache.hadoop.ozone.om.OzoneManager.getFileStatus(OzoneManager.java:3578) ~[ozone-manager-1.4.0-SNAPSHOT.jar:?]
	at org.apache.hadoop.ozone.protocolPB.OzoneManagerRequestHandler.getOzoneFileStatus(OzoneManagerRequestHandler.java:907) ~[ozone-manager-1.4.0-SNAPSHOT.jar:?]
	at org.apache.hadoop.ozone.protocolPB.OzoneManagerRequestHandler.handleReadRequest(OzoneManagerRequestHandler.java:231) ~[ozone-manager-1.4.0-SNAPSHOT.jar:?]
	at org.apache.hadoop.ozone.protocolPB.OzoneManagerProtocolServerSideTranslatorPB.submitRequestDirectlyToOM(OzoneManagerProtocolServerSideTranslatorPB.java:276) ~[ozone-manager-1.4.0-SNAPSHOT.jar:?]
	at org.apache.hadoop.ozone.protocolPB.OzoneManagerProtocolServerSideTranslatorPB.processRequest(OzoneManagerProtocolServerSideTranslatorPB.java:205) ~[ozone-manager-1.4.0-SNAPSHOT.jar:?]
	at org.apache.hadoop.hdds.server.OzoneProtocolMessageDispatcher.processRequest(OzoneProtocolMessageDispatcher.java:87) [hdds-server-framework-1.4.0-SNAPSHOT.jar:?]
	at org.apache.hadoop.ozone.protocolPB.OzoneManagerProtocolServerSideTranslatorPB.submitRequest(OzoneManagerProtocolServerSideTranslatorPB.java:147) [ozone-manager-1.4.0-SNAPSHOT.jar:?]
	at org.apache.hadoop.ozone.protocol.proto.OzoneManagerProtocolProtos$OzoneManagerService$2.callBlockingMethod(OzoneManagerProtocolProtos.java) [ozone-interface-client-1.4.0-SNAPSHOT.jar:?]
	at org.apache.hadoop.ipc.ProtobufRpcEngine$Server.processCall(ProtobufRpcEngine.java:465) [hadoop-common-3.3.4.jar:?]
	at org.apache.hadoop.ipc.ProtobufRpcEngine2$Server$ProtoBufRpcInvoker.call(ProtobufRpcEngine2.java:578) [hadoop-common-3.3.4.jar:?]
	at org.apache.hadoop.ipc.ProtobufRpcEngine2$Server$ProtoBufRpcInvoker.call(ProtobufRpcEngine2.java:556) [hadoop-common-3.3.4.jar:?]
	at org.apache.hadoop.ipc.RPC$Server.call(RPC.java:1093) [hadoop-common-3.3.4.jar:?]
	at org.apache.hadoop.ipc.Server$RpcCall.run(Server.java:1043) [hadoop-common-3.3.4.jar:?]
	at org.apache.hadoop.ipc.Server$RpcCall.run(Server.java:971) [hadoop-common-3.3.4.jar:?]
	at java.security.AccessController.doPrivileged(Native Method) ~[?:1.8.0_352]
	at javax.security.auth.Subject.doAs(Subject.java:422) [?:1.8.0_352]
	at org.apache.hadoop.security.UserGroupInformation.doAs(UserGroupInformation.java:1878) [hadoop-common-3.3.4.jar:?]
	at org.apache.hadoop.ipc.Server$Handler.run(Server.java:2976) [hadoop-common-3.3.4.jar:?]
10:07:27.725 [IPC Server handler 3 on default port 46801] ERROR OMAudit - user=runner | ip=127.0.0.1 | op=GET_FILE_STATUS {volume=volume72509, bucket=bucket24043, key=root_dir/b, dataSize=0, replicationConfig=null} | ret=FAILURE
org.apache.hadoop.ozone.om.exceptions.OMException: Unable to get file status: volume: volume72509 bucket: bucket24043 key: root_dir/b
	at org.apache.hadoop.ozone.om.KeyManagerImpl.getOzoneFileStatus(KeyManagerImpl.java:1301) ~[ozone-manager-1.4.0-SNAPSHOT.jar:?]
	at org.apache.hadoop.ozone.om.KeyManagerImpl.getFileStatus(KeyManagerImpl.java:1219) ~[ozone-manager-1.4.0-SNAPSHOT.jar:?]
	at org.apache.hadoop.ozone.om.OzoneManager.getFileStatus(OzoneManager.java:3578) ~[ozone-manager-1.4.0-SNAPSHOT.jar:?]
	at org.apache.hadoop.ozone.protocolPB.OzoneManagerRequestHandler.getOzoneFileStatus(OzoneManagerRequestHandler.java:907) ~[ozone-manager-1.4.0-SNAPSHOT.jar:?]
	at org.apache.hadoop.ozone.protocolPB.OzoneManagerRequestHandler.handleReadRequest(OzoneManagerRequestHandler.java:231) ~[ozone-manager-1.4.0-SNAPSHOT.jar:?]
	at org.apache.hadoop.ozone.protocolPB.OzoneManagerProtocolServerSideTranslatorPB.submitRequestDirectlyToOM(OzoneManagerProtocolServerSideTranslatorPB.java:276) ~[ozone-manager-1.4.0-SNAPSHOT.jar:?]
	at org.apache.hadoop.ozone.protocolPB.OzoneManagerProtocolServerSideTranslatorPB.processRequest(OzoneManagerProtocolServerSideTranslatorPB.java:205) ~[ozone-manager-1.4.0-SNAPSHOT.jar:?]
	at org.apache.hadoop.hdds.server.OzoneProtocolMessageDispatcher.processRequest(OzoneProtocolMessageDispatcher.java:87) [hdds-server-framework-1.4.0-SNAPSHOT.jar:?]
	at org.apache.hadoop.ozone.protocolPB.OzoneManagerProtocolServerSideTranslatorPB.submitRequest(OzoneManagerProtocolServerSideTranslatorPB.java:147) [ozone-manager-1.4.0-SNAPSHOT.jar:?]
	at org.apache.hadoop.ozone.protocol.proto.OzoneManagerProtocolProtos$OzoneManagerService$2.callBlockingMethod(OzoneManagerProtocolProtos.java) [ozone-interface-client-1.4.0-SNAPSHOT.jar:?]
	at org.apache.hadoop.ipc.ProtobufRpcEngine$Server.processCall(ProtobufRpcEngine.java:465) [hadoop-common-3.3.4.jar:?]
	at org.apache.hadoop.ipc.ProtobufRpcEngine2$Server$ProtoBufRpcInvoker.call(ProtobufRpcEngine2.java:578) [hadoop-common-3.3.4.jar:?]
	at org.apache.hadoop.ipc.ProtobufRpcEngine2$Server$ProtoBufRpcInvoker.call(ProtobufRpcEngine2.java:556) [hadoop-common-3.3.4.jar:?]
	at org.apache.hadoop.ipc.RPC$Server.call(RPC.java:1093) [hadoop-common-3.3.4.jar:?]
	at org.apache.hadoop.ipc.Server$RpcCall.run(Server.java:1043) [hadoop-common-3.3.4.jar:?]
	at org.apache.hadoop.ipc.Server$RpcCall.run(Server.java:971) [hadoop-common-3.3.4.jar:?]
	at java.security.AccessController.doPrivileged(Native Method) ~[?:1.8.0_352]
	at javax.security.auth.Subject.doAs(Subject.java:422) [?:1.8.0_352]
	at org.apache.hadoop.security.UserGroupInformation.doAs(UserGroupInformation.java:1878) [hadoop-common-3.3.4.jar:?]
	at org.apache.hadoop.ipc.Server$Handler.run(Server.java:2976) [hadoop-common-3.3.4.jar:?]
2023-01-03 10:07:27,730 [IPC Server handler 5 on default port 46801] INFO  key.OMKeyRequest (OMKeyRequest.java:wrapUncommittedBlocksAsPseudoKey(835)) - Detect allocated but uncommitted blocks [{blockID={containerID=1, localID=111677748019200007}, length=4194304, offset=0, token=null, pipeline=null, createVersion=0, partNumber=0}] in key root_dir/file1.
10:07:27.731 [IPC Server handler 7 on default port 46801] ERROR OMAudit - user=runner | ip=127.0.0.1 | op=GET_FILE_STATUS {volume=volume72509, bucket=bucket24043, key=root_dir/file1/c, dataSize=0, replicationConfig=null} | ret=FAILURE
org.apache.hadoop.ozone.om.exceptions.OMException: Unable to get file status: volume: volume72509 bucket: bucket24043 key: root_dir/file1/c
	at org.apache.hadoop.ozone.om.KeyManagerImpl.getOzoneFileStatus(KeyManagerImpl.java:1301) ~[ozone-manager-1.4.0-SNAPSHOT.jar:?]
	at org.apache.hadoop.ozone.om.KeyManagerImpl.getFileStatus(KeyManagerImpl.java:1219) ~[ozone-manager-1.4.0-SNAPSHOT.jar:?]
	at org.apache.hadoop.ozone.om.OzoneManager.getFileStatus(OzoneManager.java:3578) ~[ozone-manager-1.4.0-SNAPSHOT.jar:?]
	at org.apache.hadoop.ozone.protocolPB.OzoneManagerRequestHandler.getOzoneFileStatus(OzoneManagerRequestHandler.java:907) ~[ozone-manager-1.4.0-SNAPSHOT.jar:?]
	at org.apache.hadoop.ozone.protocolPB.OzoneManagerRequestHandler.handleReadRequest(OzoneManagerRequestHandler.java:231) ~[ozone-manager-1.4.0-SNAPSHOT.jar:?]
	at org.apache.hadoop.ozone.protocolPB.OzoneManagerProtocolServerSideTranslatorPB.submitRequestDirectlyToOM(OzoneManagerProtocolServerSideTranslatorPB.java:276) ~[ozone-manager-1.4.0-SNAPSHOT.jar:?]
	at org.apache.hadoop.ozone.protocolPB.OzoneManagerProtocolServerSideTranslatorPB.processRequest(OzoneManagerProtocolServerSideTranslatorPB.java:205) ~[ozone-manager-1.4.0-SNAPSHOT.jar:?]
	at org.apache.hadoop.hdds.server.OzoneProtocolMessageDispatcher.processRequest(OzoneProtocolMessageDispatcher.java:87) [hdds-server-framework-1.4.0-SNAPSHOT.jar:?]
	at org.apache.hadoop.ozone.protocolPB.OzoneManagerProtocolServerSideTranslatorPB.submitRequest(OzoneManagerProtocolServerSideTranslatorPB.java:147) [ozone-manager-1.4.0-SNAPSHOT.jar:?]
	at org.apache.hadoop.ozone.protocol.proto.OzoneManagerProtocolProtos$OzoneManagerService$2.callBlockingMethod(OzoneManagerProtocolProtos.java) [ozone-interface-client-1.4.0-SNAPSHOT.jar:?]
	at org.apache.hadoop.ipc.ProtobufRpcEngine$Server.processCall(ProtobufRpcEngine.java:465) [hadoop-common-3.3.4.jar:?]
	at org.apache.hadoop.ipc.ProtobufRpcEngine2$Server$ProtoBufRpcInvoker.call(ProtobufRpcEngine2.java:578) [hadoop-common-3.3.4.jar:?]
	at org.apache.hadoop.ipc.ProtobufRpcEngine2$Server$ProtoBufRpcInvoker.call(ProtobufRpcEngine2.java:556) [hadoop-common-3.3.4.jar:?]
	at org.apache.hadoop.ipc.RPC$Server.call(RPC.java:1093) [hadoop-common-3.3.4.jar:?]
	at org.apache.hadoop.ipc.Server$RpcCall.run(Server.java:1043) [hadoop-common-3.3.4.jar:?]
	at org.apache.hadoop.ipc.Server$RpcCall.run(Server.java:971) [hadoop-common-3.3.4.jar:?]
	at java.security.AccessController.doPrivileged(Native Method) ~[?:1.8.0_352]
	at javax.security.auth.Subject.doAs(Subject.java:422) [?:1.8.0_352]
	at org.apache.hadoop.security.UserGroupInformation.doAs(UserGroupInformation.java:1878) [hadoop-common-3.3.4.jar:?]
	at org.apache.hadoop.ipc.Server$Handler.run(Server.java:2976) [hadoop-common-3.3.4.jar:?]
]]></system-out>
  </testcase>
  <testcase name="testRenameDestinationParentDoesntExist" classname="TestOzoneFileSystem" time="0.015">
    <system-out><![CDATA[10:08:16.890 [IPC Server handler 1 on default port 46431] ERROR OMAudit - user=runner | ip=127.0.0.1 | op=GET_FILE_STATUS {volume=volume30750, bucket=bucket79142, key=root_dir/b/c, dataSize=0, replicationConfig=null} | ret=FAILURE
org.apache.hadoop.ozone.om.exceptions.OMException: Unable to get file status: volume: volume30750 bucket: bucket79142 key: root_dir/b/c
	at org.apache.hadoop.ozone.om.KeyManagerImpl.getOzoneFileStatus(KeyManagerImpl.java:1301) ~[ozone-manager-1.4.0-SNAPSHOT.jar:?]
	at org.apache.hadoop.ozone.om.KeyManagerImpl.getFileStatus(KeyManagerImpl.java:1219) ~[ozone-manager-1.4.0-SNAPSHOT.jar:?]
	at org.apache.hadoop.ozone.om.OzoneManager.getFileStatus(OzoneManager.java:3578) ~[ozone-manager-1.4.0-SNAPSHOT.jar:?]
	at org.apache.hadoop.ozone.protocolPB.OzoneManagerRequestHandler.getOzoneFileStatus(OzoneManagerRequestHandler.java:907) ~[ozone-manager-1.4.0-SNAPSHOT.jar:?]
	at org.apache.hadoop.ozone.protocolPB.OzoneManagerRequestHandler.handleReadRequest(OzoneManagerRequestHandler.java:231) ~[ozone-manager-1.4.0-SNAPSHOT.jar:?]
	at org.apache.hadoop.ozone.protocolPB.OzoneManagerProtocolServerSideTranslatorPB.submitReadRequestToOM(OzoneManagerProtocolServerSideTranslatorPB.java:226) ~[ozone-manager-1.4.0-SNAPSHOT.jar:?]
	at org.apache.hadoop.ozone.protocolPB.OzoneManagerProtocolServerSideTranslatorPB.processRequest(OzoneManagerProtocolServerSideTranslatorPB.java:175) ~[ozone-manager-1.4.0-SNAPSHOT.jar:?]
	at org.apache.hadoop.hdds.server.OzoneProtocolMessageDispatcher.processRequest(OzoneProtocolMessageDispatcher.java:87) [hdds-server-framework-1.4.0-SNAPSHOT.jar:?]
	at org.apache.hadoop.ozone.protocolPB.OzoneManagerProtocolServerSideTranslatorPB.submitRequest(OzoneManagerProtocolServerSideTranslatorPB.java:147) [ozone-manager-1.4.0-SNAPSHOT.jar:?]
	at org.apache.hadoop.ozone.protocol.proto.OzoneManagerProtocolProtos$OzoneManagerService$2.callBlockingMethod(OzoneManagerProtocolProtos.java) [ozone-interface-client-1.4.0-SNAPSHOT.jar:?]
	at org.apache.hadoop.ipc.ProtobufRpcEngine$Server.processCall(ProtobufRpcEngine.java:465) [hadoop-common-3.3.4.jar:?]
	at org.apache.hadoop.ipc.ProtobufRpcEngine2$Server$ProtoBufRpcInvoker.call(ProtobufRpcEngine2.java:578) [hadoop-common-3.3.4.jar:?]
	at org.apache.hadoop.ipc.ProtobufRpcEngine2$Server$ProtoBufRpcInvoker.call(ProtobufRpcEngine2.java:556) [hadoop-common-3.3.4.jar:?]
	at org.apache.hadoop.ipc.RPC$Server.call(RPC.java:1093) [hadoop-common-3.3.4.jar:?]
	at org.apache.hadoop.ipc.Server$RpcCall.run(Server.java:1043) [hadoop-common-3.3.4.jar:?]
	at org.apache.hadoop.ipc.Server$RpcCall.run(Server.java:971) [hadoop-common-3.3.4.jar:?]
	at java.security.AccessController.doPrivileged(Native Method) ~[?:1.8.0_352]
	at javax.security.auth.Subject.doAs(Subject.java:422) [?:1.8.0_352]
	at org.apache.hadoop.security.UserGroupInformation.doAs(UserGroupInformation.java:1878) [hadoop-common-3.3.4.jar:?]
	at org.apache.hadoop.ipc.Server$Handler.run(Server.java:2976) [hadoop-common-3.3.4.jar:?]
10:08:16.891 [IPC Server handler 4 on default port 46431] ERROR OMAudit - user=runner | ip=127.0.0.1 | op=GET_FILE_STATUS {volume=volume30750, bucket=bucket79142, key=root_dir/b, dataSize=0, replicationConfig=null} | ret=FAILURE
org.apache.hadoop.ozone.om.exceptions.OMException: Unable to get file status: volume: volume30750 bucket: bucket79142 key: root_dir/b
	at org.apache.hadoop.ozone.om.KeyManagerImpl.getOzoneFileStatus(KeyManagerImpl.java:1301) ~[ozone-manager-1.4.0-SNAPSHOT.jar:?]
	at org.apache.hadoop.ozone.om.KeyManagerImpl.getFileStatus(KeyManagerImpl.java:1219) ~[ozone-manager-1.4.0-SNAPSHOT.jar:?]
	at org.apache.hadoop.ozone.om.OzoneManager.getFileStatus(OzoneManager.java:3578) ~[ozone-manager-1.4.0-SNAPSHOT.jar:?]
	at org.apache.hadoop.ozone.protocolPB.OzoneManagerRequestHandler.getOzoneFileStatus(OzoneManagerRequestHandler.java:907) ~[ozone-manager-1.4.0-SNAPSHOT.jar:?]
	at org.apache.hadoop.ozone.protocolPB.OzoneManagerRequestHandler.handleReadRequest(OzoneManagerRequestHandler.java:231) ~[ozone-manager-1.4.0-SNAPSHOT.jar:?]
	at org.apache.hadoop.ozone.protocolPB.OzoneManagerProtocolServerSideTranslatorPB.submitReadRequestToOM(OzoneManagerProtocolServerSideTranslatorPB.java:226) ~[ozone-manager-1.4.0-SNAPSHOT.jar:?]
	at org.apache.hadoop.ozone.protocolPB.OzoneManagerProtocolServerSideTranslatorPB.processRequest(OzoneManagerProtocolServerSideTranslatorPB.java:175) ~[ozone-manager-1.4.0-SNAPSHOT.jar:?]
	at org.apache.hadoop.hdds.server.OzoneProtocolMessageDispatcher.processRequest(OzoneProtocolMessageDispatcher.java:87) [hdds-server-framework-1.4.0-SNAPSHOT.jar:?]
	at org.apache.hadoop.ozone.protocolPB.OzoneManagerProtocolServerSideTranslatorPB.submitRequest(OzoneManagerProtocolServerSideTranslatorPB.java:147) [ozone-manager-1.4.0-SNAPSHOT.jar:?]
	at org.apache.hadoop.ozone.protocol.proto.OzoneManagerProtocolProtos$OzoneManagerService$2.callBlockingMethod(OzoneManagerProtocolProtos.java) [ozone-interface-client-1.4.0-SNAPSHOT.jar:?]
	at org.apache.hadoop.ipc.ProtobufRpcEngine$Server.processCall(ProtobufRpcEngine.java:465) [hadoop-common-3.3.4.jar:?]
	at org.apache.hadoop.ipc.ProtobufRpcEngine2$Server$ProtoBufRpcInvoker.call(ProtobufRpcEngine2.java:578) [hadoop-common-3.3.4.jar:?]
	at org.apache.hadoop.ipc.ProtobufRpcEngine2$Server$ProtoBufRpcInvoker.call(ProtobufRpcEngine2.java:556) [hadoop-common-3.3.4.jar:?]
	at org.apache.hadoop.ipc.RPC$Server.call(RPC.java:1093) [hadoop-common-3.3.4.jar:?]
	at org.apache.hadoop.ipc.Server$RpcCall.run(Server.java:1043) [hadoop-common-3.3.4.jar:?]
	at org.apache.hadoop.ipc.Server$RpcCall.run(Server.java:971) [hadoop-common-3.3.4.jar:?]
	at java.security.AccessController.doPrivileged(Native Method) ~[?:1.8.0_352]
	at javax.security.auth.Subject.doAs(Subject.java:422) [?:1.8.0_352]
	at org.apache.hadoop.security.UserGroupInformation.doAs(UserGroupInformation.java:1878) [hadoop-common-3.3.4.jar:?]
	at org.apache.hadoop.ipc.Server$Handler.run(Server.java:2976) [hadoop-common-3.3.4.jar:?]
2023-01-03 10:08:16,896 [OM StateMachine ApplyTransaction Thread - 0] INFO  key.OMKeyRequest (OMKeyRequest.java:wrapUncommittedBlocksAsPseudoKey(835)) - Detect allocated but uncommitted blocks [{blockID={containerID=1, localID=111677748019200007}, length=4194304, offset=0, token=null, pipeline=null, createVersion=0, partNumber=0}] in key root_dir/file1.
10:08:16.897 [IPC Server handler 7 on default port 46431] ERROR OMAudit - user=runner | ip=127.0.0.1 | op=GET_FILE_STATUS {volume=volume30750, bucket=bucket79142, key=root_dir/file1/c, dataSize=0, replicationConfig=null} | ret=FAILURE
org.apache.hadoop.ozone.om.exceptions.OMException: Unable to get file status: volume: volume30750 bucket: bucket79142 key: root_dir/file1/c
	at org.apache.hadoop.ozone.om.KeyManagerImpl.getOzoneFileStatus(KeyManagerImpl.java:1301) ~[ozone-manager-1.4.0-SNAPSHOT.jar:?]
	at org.apache.hadoop.ozone.om.KeyManagerImpl.getFileStatus(KeyManagerImpl.java:1219) ~[ozone-manager-1.4.0-SNAPSHOT.jar:?]
	at org.apache.hadoop.ozone.om.OzoneManager.getFileStatus(OzoneManager.java:3578) ~[ozone-manager-1.4.0-SNAPSHOT.jar:?]
	at org.apache.hadoop.ozone.protocolPB.OzoneManagerRequestHandler.getOzoneFileStatus(OzoneManagerRequestHandler.java:907) ~[ozone-manager-1.4.0-SNAPSHOT.jar:?]
	at org.apache.hadoop.ozone.protocolPB.OzoneManagerRequestHandler.handleReadRequest(OzoneManagerRequestHandler.java:231) ~[ozone-manager-1.4.0-SNAPSHOT.jar:?]
	at org.apache.hadoop.ozone.protocolPB.OzoneManagerProtocolServerSideTranslatorPB.submitReadRequestToOM(OzoneManagerProtocolServerSideTranslatorPB.java:226) ~[ozone-manager-1.4.0-SNAPSHOT.jar:?]
	at org.apache.hadoop.ozone.protocolPB.OzoneManagerProtocolServerSideTranslatorPB.processRequest(OzoneManagerProtocolServerSideTranslatorPB.java:175) ~[ozone-manager-1.4.0-SNAPSHOT.jar:?]
	at org.apache.hadoop.hdds.server.OzoneProtocolMessageDispatcher.processRequest(OzoneProtocolMessageDispatcher.java:87) [hdds-server-framework-1.4.0-SNAPSHOT.jar:?]
	at org.apache.hadoop.ozone.protocolPB.OzoneManagerProtocolServerSideTranslatorPB.submitRequest(OzoneManagerProtocolServerSideTranslatorPB.java:147) [ozone-manager-1.4.0-SNAPSHOT.jar:?]
	at org.apache.hadoop.ozone.protocol.proto.OzoneManagerProtocolProtos$OzoneManagerService$2.callBlockingMethod(OzoneManagerProtocolProtos.java) [ozone-interface-client-1.4.0-SNAPSHOT.jar:?]
	at org.apache.hadoop.ipc.ProtobufRpcEngine$Server.processCall(ProtobufRpcEngine.java:465) [hadoop-common-3.3.4.jar:?]
	at org.apache.hadoop.ipc.ProtobufRpcEngine2$Server$ProtoBufRpcInvoker.call(ProtobufRpcEngine2.java:578) [hadoop-common-3.3.4.jar:?]
	at org.apache.hadoop.ipc.ProtobufRpcEngine2$Server$ProtoBufRpcInvoker.call(ProtobufRpcEngine2.java:556) [hadoop-common-3.3.4.jar:?]
	at org.apache.hadoop.ipc.RPC$Server.call(RPC.java:1093) [hadoop-common-3.3.4.jar:?]
	at org.apache.hadoop.ipc.Server$RpcCall.run(Server.java:1043) [hadoop-common-3.3.4.jar:?]
	at org.apache.hadoop.ipc.Server$RpcCall.run(Server.java:971) [hadoop-common-3.3.4.jar:?]
	at java.security.AccessController.doPrivileged(Native Method) ~[?:1.8.0_352]
	at javax.security.auth.Subject.doAs(Subject.java:422) [?:1.8.0_352]
	at org.apache.hadoop.security.UserGroupInformation.doAs(UserGroupInformation.java:1878) [hadoop-common-3.3.4.jar:?]
	at org.apache.hadoop.ipc.Server$Handler.run(Server.java:2976) [hadoop-common-3.3.4.jar:?]
]]></system-out>
  </testcase>
  <testcase name="testRenameDestinationParentDoesntExist" classname="TestOzoneFileSystem" time="0.011">
    <system-out><![CDATA[10:09:11.131 [IPC Server handler 3 on default port 33423] ERROR OMAudit - user=runner | ip=127.0.0.1 | op=GET_FILE_STATUS {volume=volume03607, bucket=bucket70088, key=root_dir/b/c, dataSize=0, replicationConfig=null} | ret=FAILURE
org.apache.hadoop.ozone.om.exceptions.OMException: Unable to get file status: volume: volume03607 bucket: bucket70088 key: root_dir/b/c
	at org.apache.hadoop.ozone.om.KeyManagerImpl.getOzoneFileStatus(KeyManagerImpl.java:1301) ~[ozone-manager-1.4.0-SNAPSHOT.jar:?]
	at org.apache.hadoop.ozone.om.KeyManagerImpl.getFileStatus(KeyManagerImpl.java:1219) ~[ozone-manager-1.4.0-SNAPSHOT.jar:?]
	at org.apache.hadoop.ozone.om.OzoneManager.getFileStatus(OzoneManager.java:3578) ~[ozone-manager-1.4.0-SNAPSHOT.jar:?]
	at org.apache.hadoop.ozone.protocolPB.OzoneManagerRequestHandler.getOzoneFileStatus(OzoneManagerRequestHandler.java:907) ~[ozone-manager-1.4.0-SNAPSHOT.jar:?]
	at org.apache.hadoop.ozone.protocolPB.OzoneManagerRequestHandler.handleReadRequest(OzoneManagerRequestHandler.java:231) ~[ozone-manager-1.4.0-SNAPSHOT.jar:?]
	at org.apache.hadoop.ozone.protocolPB.OzoneManagerProtocolServerSideTranslatorPB.submitRequestDirectlyToOM(OzoneManagerProtocolServerSideTranslatorPB.java:276) ~[ozone-manager-1.4.0-SNAPSHOT.jar:?]
	at org.apache.hadoop.ozone.protocolPB.OzoneManagerProtocolServerSideTranslatorPB.processRequest(OzoneManagerProtocolServerSideTranslatorPB.java:205) ~[ozone-manager-1.4.0-SNAPSHOT.jar:?]
	at org.apache.hadoop.hdds.server.OzoneProtocolMessageDispatcher.processRequest(OzoneProtocolMessageDispatcher.java:87) [hdds-server-framework-1.4.0-SNAPSHOT.jar:?]
	at org.apache.hadoop.ozone.protocolPB.OzoneManagerProtocolServerSideTranslatorPB.submitRequest(OzoneManagerProtocolServerSideTranslatorPB.java:147) [ozone-manager-1.4.0-SNAPSHOT.jar:?]
	at org.apache.hadoop.ozone.protocol.proto.OzoneManagerProtocolProtos$OzoneManagerService$2.callBlockingMethod(OzoneManagerProtocolProtos.java) [ozone-interface-client-1.4.0-SNAPSHOT.jar:?]
	at org.apache.hadoop.ipc.ProtobufRpcEngine$Server.processCall(ProtobufRpcEngine.java:465) [hadoop-common-3.3.4.jar:?]
	at org.apache.hadoop.ipc.ProtobufRpcEngine2$Server$ProtoBufRpcInvoker.call(ProtobufRpcEngine2.java:578) [hadoop-common-3.3.4.jar:?]
	at org.apache.hadoop.ipc.ProtobufRpcEngine2$Server$ProtoBufRpcInvoker.call(ProtobufRpcEngine2.java:556) [hadoop-common-3.3.4.jar:?]
	at org.apache.hadoop.ipc.RPC$Server.call(RPC.java:1093) [hadoop-common-3.3.4.jar:?]
	at org.apache.hadoop.ipc.Server$RpcCall.run(Server.java:1043) [hadoop-common-3.3.4.jar:?]
	at org.apache.hadoop.ipc.Server$RpcCall.run(Server.java:971) [hadoop-common-3.3.4.jar:?]
	at java.security.AccessController.doPrivileged(Native Method) ~[?:1.8.0_352]
	at javax.security.auth.Subject.doAs(Subject.java:422) [?:1.8.0_352]
	at org.apache.hadoop.security.UserGroupInformation.doAs(UserGroupInformation.java:1878) [hadoop-common-3.3.4.jar:?]
	at org.apache.hadoop.ipc.Server$Handler.run(Server.java:2976) [hadoop-common-3.3.4.jar:?]
10:09:11.132 [IPC Server handler 2 on default port 33423] ERROR OMAudit - user=runner | ip=127.0.0.1 | op=GET_FILE_STATUS {volume=volume03607, bucket=bucket70088, key=root_dir/b, dataSize=0, replicationConfig=null} | ret=FAILURE
org.apache.hadoop.ozone.om.exceptions.OMException: Unable to get file status: volume: volume03607 bucket: bucket70088 key: root_dir/b
	at org.apache.hadoop.ozone.om.KeyManagerImpl.getOzoneFileStatus(KeyManagerImpl.java:1301) ~[ozone-manager-1.4.0-SNAPSHOT.jar:?]
	at org.apache.hadoop.ozone.om.KeyManagerImpl.getFileStatus(KeyManagerImpl.java:1219) ~[ozone-manager-1.4.0-SNAPSHOT.jar:?]
	at org.apache.hadoop.ozone.om.OzoneManager.getFileStatus(OzoneManager.java:3578) ~[ozone-manager-1.4.0-SNAPSHOT.jar:?]
	at org.apache.hadoop.ozone.protocolPB.OzoneManagerRequestHandler.getOzoneFileStatus(OzoneManagerRequestHandler.java:907) ~[ozone-manager-1.4.0-SNAPSHOT.jar:?]
	at org.apache.hadoop.ozone.protocolPB.OzoneManagerRequestHandler.handleReadRequest(OzoneManagerRequestHandler.java:231) ~[ozone-manager-1.4.0-SNAPSHOT.jar:?]
	at org.apache.hadoop.ozone.protocolPB.OzoneManagerProtocolServerSideTranslatorPB.submitRequestDirectlyToOM(OzoneManagerProtocolServerSideTranslatorPB.java:276) ~[ozone-manager-1.4.0-SNAPSHOT.jar:?]
	at org.apache.hadoop.ozone.protocolPB.OzoneManagerProtocolServerSideTranslatorPB.processRequest(OzoneManagerProtocolServerSideTranslatorPB.java:205) ~[ozone-manager-1.4.0-SNAPSHOT.jar:?]
	at org.apache.hadoop.hdds.server.OzoneProtocolMessageDispatcher.processRequest(OzoneProtocolMessageDispatcher.java:87) [hdds-server-framework-1.4.0-SNAPSHOT.jar:?]
	at org.apache.hadoop.ozone.protocolPB.OzoneManagerProtocolServerSideTranslatorPB.submitRequest(OzoneManagerProtocolServerSideTranslatorPB.java:147) [ozone-manager-1.4.0-SNAPSHOT.jar:?]
	at org.apache.hadoop.ozone.protocol.proto.OzoneManagerProtocolProtos$OzoneManagerService$2.callBlockingMethod(OzoneManagerProtocolProtos.java) [ozone-interface-client-1.4.0-SNAPSHOT.jar:?]
	at org.apache.hadoop.ipc.ProtobufRpcEngine$Server.processCall(ProtobufRpcEngine.java:465) [hadoop-common-3.3.4.jar:?]
	at org.apache.hadoop.ipc.ProtobufRpcEngine2$Server$ProtoBufRpcInvoker.call(ProtobufRpcEngine2.java:578) [hadoop-common-3.3.4.jar:?]
	at org.apache.hadoop.ipc.ProtobufRpcEngine2$Server$ProtoBufRpcInvoker.call(ProtobufRpcEngine2.java:556) [hadoop-common-3.3.4.jar:?]
	at org.apache.hadoop.ipc.RPC$Server.call(RPC.java:1093) [hadoop-common-3.3.4.jar:?]
	at org.apache.hadoop.ipc.Server$RpcCall.run(Server.java:1043) [hadoop-common-3.3.4.jar:?]
	at org.apache.hadoop.ipc.Server$RpcCall.run(Server.java:971) [hadoop-common-3.3.4.jar:?]
	at java.security.AccessController.doPrivileged(Native Method) ~[?:1.8.0_352]
	at javax.security.auth.Subject.doAs(Subject.java:422) [?:1.8.0_352]
	at org.apache.hadoop.security.UserGroupInformation.doAs(UserGroupInformation.java:1878) [hadoop-common-3.3.4.jar:?]
	at org.apache.hadoop.ipc.Server$Handler.run(Server.java:2976) [hadoop-common-3.3.4.jar:?]
2023-01-03 10:09:11,136 [IPC Server handler 5 on default port 33423] INFO  key.OMKeyRequest (OMKeyRequest.java:wrapUncommittedBlocksAsPseudoKey(835)) - Detect allocated but uncommitted blocks [{blockID={containerID=1, localID=111677748019200007}, length=4194304, offset=0, token=null, pipeline=null, createVersion=0, partNumber=0}] in key root_dir/file1.
10:09:11.137 [IPC Server handler 7 on default port 33423] ERROR OMAudit - user=runner | ip=127.0.0.1 | op=GET_FILE_STATUS {volume=volume03607, bucket=bucket70088, key=root_dir/file1/c, dataSize=0, replicationConfig=null} | ret=FAILURE
org.apache.hadoop.ozone.om.exceptions.OMException: Unable to get file status: volume: volume03607 bucket: bucket70088 key: root_dir/file1/c
	at org.apache.hadoop.ozone.om.KeyManagerImpl.getOzoneFileStatus(KeyManagerImpl.java:1301) ~[ozone-manager-1.4.0-SNAPSHOT.jar:?]
	at org.apache.hadoop.ozone.om.KeyManagerImpl.getFileStatus(KeyManagerImpl.java:1219) ~[ozone-manager-1.4.0-SNAPSHOT.jar:?]
	at org.apache.hadoop.ozone.om.OzoneManager.getFileStatus(OzoneManager.java:3578) ~[ozone-manager-1.4.0-SNAPSHOT.jar:?]
	at org.apache.hadoop.ozone.protocolPB.OzoneManagerRequestHandler.getOzoneFileStatus(OzoneManagerRequestHandler.java:907) ~[ozone-manager-1.4.0-SNAPSHOT.jar:?]
	at org.apache.hadoop.ozone.protocolPB.OzoneManagerRequestHandler.handleReadRequest(OzoneManagerRequestHandler.java:231) ~[ozone-manager-1.4.0-SNAPSHOT.jar:?]
	at org.apache.hadoop.ozone.protocolPB.OzoneManagerProtocolServerSideTranslatorPB.submitRequestDirectlyToOM(OzoneManagerProtocolServerSideTranslatorPB.java:276) ~[ozone-manager-1.4.0-SNAPSHOT.jar:?]
	at org.apache.hadoop.ozone.protocolPB.OzoneManagerProtocolServerSideTranslatorPB.processRequest(OzoneManagerProtocolServerSideTranslatorPB.java:205) ~[ozone-manager-1.4.0-SNAPSHOT.jar:?]
	at org.apache.hadoop.hdds.server.OzoneProtocolMessageDispatcher.processRequest(OzoneProtocolMessageDispatcher.java:87) [hdds-server-framework-1.4.0-SNAPSHOT.jar:?]
	at org.apache.hadoop.ozone.protocolPB.OzoneManagerProtocolServerSideTranslatorPB.submitRequest(OzoneManagerProtocolServerSideTranslatorPB.java:147) [ozone-manager-1.4.0-SNAPSHOT.jar:?]
	at org.apache.hadoop.ozone.protocol.proto.OzoneManagerProtocolProtos$OzoneManagerService$2.callBlockingMethod(OzoneManagerProtocolProtos.java) [ozone-interface-client-1.4.0-SNAPSHOT.jar:?]
	at org.apache.hadoop.ipc.ProtobufRpcEngine$Server.processCall(ProtobufRpcEngine.java:465) [hadoop-common-3.3.4.jar:?]
	at org.apache.hadoop.ipc.ProtobufRpcEngine2$Server$ProtoBufRpcInvoker.call(ProtobufRpcEngine2.java:578) [hadoop-common-3.3.4.jar:?]
	at org.apache.hadoop.ipc.ProtobufRpcEngine2$Server$ProtoBufRpcInvoker.call(ProtobufRpcEngine2.java:556) [hadoop-common-3.3.4.jar:?]
	at org.apache.hadoop.ipc.RPC$Server.call(RPC.java:1093) [hadoop-common-3.3.4.jar:?]
	at org.apache.hadoop.ipc.Server$RpcCall.run(Server.java:1043) [hadoop-common-3.3.4.jar:?]
	at org.apache.hadoop.ipc.Server$RpcCall.run(Server.java:971) [hadoop-common-3.3.4.jar:?]
	at java.security.AccessController.doPrivileged(Native Method) ~[?:1.8.0_352]
	at javax.security.auth.Subject.doAs(Subject.java:422) [?:1.8.0_352]
	at org.apache.hadoop.security.UserGroupInformation.doAs(UserGroupInformation.java:1878) [hadoop-common-3.3.4.jar:?]
	at org.apache.hadoop.ipc.Server$Handler.run(Server.java:2976) [hadoop-common-3.3.4.jar:?]
]]></system-out>
  </testcase>
  <testcase name="testCreateWithInvalidPaths" classname="TestOzoneFileSystem" time="0.009"/>
  <testcase name="testCreateWithInvalidPaths" classname="TestOzoneFileSystem" time="0.007"/>
  <testcase name="testCreateWithInvalidPaths" classname="TestOzoneFileSystem" time="0.002"/>
  <testcase name="testCreateWithInvalidPaths" classname="TestOzoneFileSystem" time="0.001"/>
  <testcase name="testListStatusOnRoot" classname="TestOzoneFileSystem" time="0.03"/>
  <testcase name="testListStatusOnRoot" classname="TestOzoneFileSystem" time="0.015"/>
  <testcase name="testListStatusOnRoot" classname="TestOzoneFileSystem" time="0.007"/>
  <testcase name="testListStatusOnRoot" classname="TestOzoneFileSystem" time="0.004"/>
  <testcase name="testRenameWithNonExistentSource" classname="TestOzoneFileSystem" time="0.022">
    <system-out><![CDATA[2023-01-03 10:06:28,084 [Time-limited test] INFO  ozone.TestOzoneFileSystem (TestOzoneFileSystem.java:testRenameWithNonExistentSource(1147)) - Created destin dir: o3fs://bucket85979.volume17571/root/dir2
2023-01-03 10:06:28,085 [Time-limited test] INFO  ozone.TestOzoneFileSystem (TestOzoneFileSystem.java:testRenameWithNonExistentSource(1149)) - Rename op-> source:o3fs://bucket85979.volume17571/root/dir1 to destin:o3fs://bucket85979.volume17571/root/dir2}
10:06:28.086 [IPC Server handler 8 on default port 41175] ERROR OMAudit - user=runner | ip=127.0.0.1 | op=GET_FILE_STATUS {volume=volume17571, bucket=bucket85979, key=root/dir1, dataSize=0, replicationConfig=null} | ret=FAILURE
org.apache.hadoop.ozone.om.exceptions.OMException: Unable to get file status: volume: volume17571 bucket: bucket85979 key: root/dir1
	at org.apache.hadoop.ozone.om.KeyManagerImpl.getOzoneFileStatus(KeyManagerImpl.java:1301) ~[ozone-manager-1.4.0-SNAPSHOT.jar:?]
	at org.apache.hadoop.ozone.om.KeyManagerImpl.getFileStatus(KeyManagerImpl.java:1219) ~[ozone-manager-1.4.0-SNAPSHOT.jar:?]
	at org.apache.hadoop.ozone.om.OzoneManager.getFileStatus(OzoneManager.java:3578) ~[ozone-manager-1.4.0-SNAPSHOT.jar:?]
	at org.apache.hadoop.ozone.protocolPB.OzoneManagerRequestHandler.getOzoneFileStatus(OzoneManagerRequestHandler.java:907) ~[ozone-manager-1.4.0-SNAPSHOT.jar:?]
	at org.apache.hadoop.ozone.protocolPB.OzoneManagerRequestHandler.handleReadRequest(OzoneManagerRequestHandler.java:231) ~[ozone-manager-1.4.0-SNAPSHOT.jar:?]
	at org.apache.hadoop.ozone.protocolPB.OzoneManagerProtocolServerSideTranslatorPB.submitReadRequestToOM(OzoneManagerProtocolServerSideTranslatorPB.java:226) ~[ozone-manager-1.4.0-SNAPSHOT.jar:?]
	at org.apache.hadoop.ozone.protocolPB.OzoneManagerProtocolServerSideTranslatorPB.processRequest(OzoneManagerProtocolServerSideTranslatorPB.java:175) ~[ozone-manager-1.4.0-SNAPSHOT.jar:?]
	at org.apache.hadoop.hdds.server.OzoneProtocolMessageDispatcher.processRequest(OzoneProtocolMessageDispatcher.java:87) [hdds-server-framework-1.4.0-SNAPSHOT.jar:?]
	at org.apache.hadoop.ozone.protocolPB.OzoneManagerProtocolServerSideTranslatorPB.submitRequest(OzoneManagerProtocolServerSideTranslatorPB.java:147) [ozone-manager-1.4.0-SNAPSHOT.jar:?]
	at org.apache.hadoop.ozone.protocol.proto.OzoneManagerProtocolProtos$OzoneManagerService$2.callBlockingMethod(OzoneManagerProtocolProtos.java) [ozone-interface-client-1.4.0-SNAPSHOT.jar:?]
	at org.apache.hadoop.ipc.ProtobufRpcEngine$Server.processCall(ProtobufRpcEngine.java:465) [hadoop-common-3.3.4.jar:?]
	at org.apache.hadoop.ipc.ProtobufRpcEngine2$Server$ProtoBufRpcInvoker.call(ProtobufRpcEngine2.java:578) [hadoop-common-3.3.4.jar:?]
	at org.apache.hadoop.ipc.ProtobufRpcEngine2$Server$ProtoBufRpcInvoker.call(ProtobufRpcEngine2.java:556) [hadoop-common-3.3.4.jar:?]
	at org.apache.hadoop.ipc.RPC$Server.call(RPC.java:1093) [hadoop-common-3.3.4.jar:?]
	at org.apache.hadoop.ipc.Server$RpcCall.run(Server.java:1043) [hadoop-common-3.3.4.jar:?]
	at org.apache.hadoop.ipc.Server$RpcCall.run(Server.java:971) [hadoop-common-3.3.4.jar:?]
	at java.security.AccessController.doPrivileged(Native Method) ~[?:1.8.0_352]
	at javax.security.auth.Subject.doAs(Subject.java:422) [?:1.8.0_352]
	at org.apache.hadoop.security.UserGroupInformation.doAs(UserGroupInformation.java:1878) [hadoop-common-3.3.4.jar:?]
	at org.apache.hadoop.ipc.Server$Handler.run(Server.java:2976) [hadoop-common-3.3.4.jar:?]
]]></system-out>
  </testcase>
  <testcase name="testRenameWithNonExistentSource" classname="TestOzoneFileSystem" time="0.004">
    <system-out><![CDATA[2023-01-03 10:07:27,759 [Time-limited test] INFO  ozone.TestOzoneFileSystem (TestOzoneFileSystem.java:testRenameWithNonExistentSource(1147)) - Created destin dir: o3fs://bucket24043.volume72509/root/dir2
2023-01-03 10:07:27,759 [Time-limited test] INFO  ozone.TestOzoneFileSystem (TestOzoneFileSystem.java:testRenameWithNonExistentSource(1149)) - Rename op-> source:o3fs://bucket24043.volume72509/root/dir1 to destin:o3fs://bucket24043.volume72509/root/dir2}
10:07:27.759 [IPC Server handler 11 on default port 46801] ERROR OMAudit - user=runner | ip=127.0.0.1 | op=GET_FILE_STATUS {volume=volume72509, bucket=bucket24043, key=root/dir1, dataSize=0, replicationConfig=null} | ret=FAILURE
org.apache.hadoop.ozone.om.exceptions.OMException: Unable to get file status: volume: volume72509 bucket: bucket24043 key: root/dir1
	at org.apache.hadoop.ozone.om.KeyManagerImpl.getOzoneFileStatus(KeyManagerImpl.java:1301) ~[ozone-manager-1.4.0-SNAPSHOT.jar:?]
	at org.apache.hadoop.ozone.om.KeyManagerImpl.getFileStatus(KeyManagerImpl.java:1219) ~[ozone-manager-1.4.0-SNAPSHOT.jar:?]
	at org.apache.hadoop.ozone.om.OzoneManager.getFileStatus(OzoneManager.java:3578) ~[ozone-manager-1.4.0-SNAPSHOT.jar:?]
	at org.apache.hadoop.ozone.protocolPB.OzoneManagerRequestHandler.getOzoneFileStatus(OzoneManagerRequestHandler.java:907) ~[ozone-manager-1.4.0-SNAPSHOT.jar:?]
	at org.apache.hadoop.ozone.protocolPB.OzoneManagerRequestHandler.handleReadRequest(OzoneManagerRequestHandler.java:231) ~[ozone-manager-1.4.0-SNAPSHOT.jar:?]
	at org.apache.hadoop.ozone.protocolPB.OzoneManagerProtocolServerSideTranslatorPB.submitRequestDirectlyToOM(OzoneManagerProtocolServerSideTranslatorPB.java:276) ~[ozone-manager-1.4.0-SNAPSHOT.jar:?]
	at org.apache.hadoop.ozone.protocolPB.OzoneManagerProtocolServerSideTranslatorPB.processRequest(OzoneManagerProtocolServerSideTranslatorPB.java:205) ~[ozone-manager-1.4.0-SNAPSHOT.jar:?]
	at org.apache.hadoop.hdds.server.OzoneProtocolMessageDispatcher.processRequest(OzoneProtocolMessageDispatcher.java:87) [hdds-server-framework-1.4.0-SNAPSHOT.jar:?]
	at org.apache.hadoop.ozone.protocolPB.OzoneManagerProtocolServerSideTranslatorPB.submitRequest(OzoneManagerProtocolServerSideTranslatorPB.java:147) [ozone-manager-1.4.0-SNAPSHOT.jar:?]
	at org.apache.hadoop.ozone.protocol.proto.OzoneManagerProtocolProtos$OzoneManagerService$2.callBlockingMethod(OzoneManagerProtocolProtos.java) [ozone-interface-client-1.4.0-SNAPSHOT.jar:?]
	at org.apache.hadoop.ipc.ProtobufRpcEngine$Server.processCall(ProtobufRpcEngine.java:465) [hadoop-common-3.3.4.jar:?]
	at org.apache.hadoop.ipc.ProtobufRpcEngine2$Server$ProtoBufRpcInvoker.call(ProtobufRpcEngine2.java:578) [hadoop-common-3.3.4.jar:?]
	at org.apache.hadoop.ipc.ProtobufRpcEngine2$Server$ProtoBufRpcInvoker.call(ProtobufRpcEngine2.java:556) [hadoop-common-3.3.4.jar:?]
	at org.apache.hadoop.ipc.RPC$Server.call(RPC.java:1093) [hadoop-common-3.3.4.jar:?]
	at org.apache.hadoop.ipc.Server$RpcCall.run(Server.java:1043) [hadoop-common-3.3.4.jar:?]
	at org.apache.hadoop.ipc.Server$RpcCall.run(Server.java:971) [hadoop-common-3.3.4.jar:?]
	at java.security.AccessController.doPrivileged(Native Method) ~[?:1.8.0_352]
	at javax.security.auth.Subject.doAs(Subject.java:422) [?:1.8.0_352]
	at org.apache.hadoop.security.UserGroupInformation.doAs(UserGroupInformation.java:1878) [hadoop-common-3.3.4.jar:?]
	at org.apache.hadoop.ipc.Server$Handler.run(Server.java:2976) [hadoop-common-3.3.4.jar:?]
]]></system-out>
  </testcase>
  <testcase name="testRenameWithNonExistentSource" classname="TestOzoneFileSystem" time="0.005">
    <system-out><![CDATA[2023-01-03 10:08:16,911 [Time-limited test] INFO  ozone.TestOzoneFileSystem (TestOzoneFileSystem.java:testRenameWithNonExistentSource(1147)) - Created destin dir: o3fs://bucket79142.volume30750/root/dir2
2023-01-03 10:08:16,911 [Time-limited test] INFO  ozone.TestOzoneFileSystem (TestOzoneFileSystem.java:testRenameWithNonExistentSource(1149)) - Rename op-> source:o3fs://bucket79142.volume30750/root/dir1 to destin:o3fs://bucket79142.volume30750/root/dir2}
10:08:16.912 [IPC Server handler 11 on default port 46431] ERROR OMAudit - user=runner | ip=127.0.0.1 | op=GET_FILE_STATUS {volume=volume30750, bucket=bucket79142, key=root/dir1, dataSize=0, replicationConfig=null} | ret=FAILURE
org.apache.hadoop.ozone.om.exceptions.OMException: Unable to get file status: volume: volume30750 bucket: bucket79142 key: root/dir1
	at org.apache.hadoop.ozone.om.KeyManagerImpl.getOzoneFileStatus(KeyManagerImpl.java:1301) ~[ozone-manager-1.4.0-SNAPSHOT.jar:?]
	at org.apache.hadoop.ozone.om.KeyManagerImpl.getFileStatus(KeyManagerImpl.java:1219) ~[ozone-manager-1.4.0-SNAPSHOT.jar:?]
	at org.apache.hadoop.ozone.om.OzoneManager.getFileStatus(OzoneManager.java:3578) ~[ozone-manager-1.4.0-SNAPSHOT.jar:?]
	at org.apache.hadoop.ozone.protocolPB.OzoneManagerRequestHandler.getOzoneFileStatus(OzoneManagerRequestHandler.java:907) ~[ozone-manager-1.4.0-SNAPSHOT.jar:?]
	at org.apache.hadoop.ozone.protocolPB.OzoneManagerRequestHandler.handleReadRequest(OzoneManagerRequestHandler.java:231) ~[ozone-manager-1.4.0-SNAPSHOT.jar:?]
	at org.apache.hadoop.ozone.protocolPB.OzoneManagerProtocolServerSideTranslatorPB.submitReadRequestToOM(OzoneManagerProtocolServerSideTranslatorPB.java:226) ~[ozone-manager-1.4.0-SNAPSHOT.jar:?]
	at org.apache.hadoop.ozone.protocolPB.OzoneManagerProtocolServerSideTranslatorPB.processRequest(OzoneManagerProtocolServerSideTranslatorPB.java:175) ~[ozone-manager-1.4.0-SNAPSHOT.jar:?]
	at org.apache.hadoop.hdds.server.OzoneProtocolMessageDispatcher.processRequest(OzoneProtocolMessageDispatcher.java:87) [hdds-server-framework-1.4.0-SNAPSHOT.jar:?]
	at org.apache.hadoop.ozone.protocolPB.OzoneManagerProtocolServerSideTranslatorPB.submitRequest(OzoneManagerProtocolServerSideTranslatorPB.java:147) [ozone-manager-1.4.0-SNAPSHOT.jar:?]
	at org.apache.hadoop.ozone.protocol.proto.OzoneManagerProtocolProtos$OzoneManagerService$2.callBlockingMethod(OzoneManagerProtocolProtos.java) [ozone-interface-client-1.4.0-SNAPSHOT.jar:?]
	at org.apache.hadoop.ipc.ProtobufRpcEngine$Server.processCall(ProtobufRpcEngine.java:465) [hadoop-common-3.3.4.jar:?]
	at org.apache.hadoop.ipc.ProtobufRpcEngine2$Server$ProtoBufRpcInvoker.call(ProtobufRpcEngine2.java:578) [hadoop-common-3.3.4.jar:?]
	at org.apache.hadoop.ipc.ProtobufRpcEngine2$Server$ProtoBufRpcInvoker.call(ProtobufRpcEngine2.java:556) [hadoop-common-3.3.4.jar:?]
	at org.apache.hadoop.ipc.RPC$Server.call(RPC.java:1093) [hadoop-common-3.3.4.jar:?]
	at org.apache.hadoop.ipc.Server$RpcCall.run(Server.java:1043) [hadoop-common-3.3.4.jar:?]
	at org.apache.hadoop.ipc.Server$RpcCall.run(Server.java:971) [hadoop-common-3.3.4.jar:?]
	at java.security.AccessController.doPrivileged(Native Method) ~[?:1.8.0_352]
	at javax.security.auth.Subject.doAs(Subject.java:422) [?:1.8.0_352]
	at org.apache.hadoop.security.UserGroupInformation.doAs(UserGroupInformation.java:1878) [hadoop-common-3.3.4.jar:?]
	at org.apache.hadoop.ipc.Server$Handler.run(Server.java:2976) [hadoop-common-3.3.4.jar:?]
]]></system-out>
  </testcase>
  <testcase name="testRenameWithNonExistentSource" classname="TestOzoneFileSystem" time="0.003">
    <system-out><![CDATA[2023-01-03 10:09:11,146 [Time-limited test] INFO  ozone.TestOzoneFileSystem (TestOzoneFileSystem.java:testRenameWithNonExistentSource(1147)) - Created destin dir: o3fs://bucket70088.volume03607/root/dir2
2023-01-03 10:09:11,146 [Time-limited test] INFO  ozone.TestOzoneFileSystem (TestOzoneFileSystem.java:testRenameWithNonExistentSource(1149)) - Rename op-> source:o3fs://bucket70088.volume03607/root/dir1 to destin:o3fs://bucket70088.volume03607/root/dir2}
10:09:11.146 [IPC Server handler 11 on default port 33423] ERROR OMAudit - user=runner | ip=127.0.0.1 | op=GET_FILE_STATUS {volume=volume03607, bucket=bucket70088, key=root/dir1, dataSize=0, replicationConfig=null} | ret=FAILURE
org.apache.hadoop.ozone.om.exceptions.OMException: Unable to get file status: volume: volume03607 bucket: bucket70088 key: root/dir1
	at org.apache.hadoop.ozone.om.KeyManagerImpl.getOzoneFileStatus(KeyManagerImpl.java:1301) ~[ozone-manager-1.4.0-SNAPSHOT.jar:?]
	at org.apache.hadoop.ozone.om.KeyManagerImpl.getFileStatus(KeyManagerImpl.java:1219) ~[ozone-manager-1.4.0-SNAPSHOT.jar:?]
	at org.apache.hadoop.ozone.om.OzoneManager.getFileStatus(OzoneManager.java:3578) ~[ozone-manager-1.4.0-SNAPSHOT.jar:?]
	at org.apache.hadoop.ozone.protocolPB.OzoneManagerRequestHandler.getOzoneFileStatus(OzoneManagerRequestHandler.java:907) ~[ozone-manager-1.4.0-SNAPSHOT.jar:?]
	at org.apache.hadoop.ozone.protocolPB.OzoneManagerRequestHandler.handleReadRequest(OzoneManagerRequestHandler.java:231) ~[ozone-manager-1.4.0-SNAPSHOT.jar:?]
	at org.apache.hadoop.ozone.protocolPB.OzoneManagerProtocolServerSideTranslatorPB.submitRequestDirectlyToOM(OzoneManagerProtocolServerSideTranslatorPB.java:276) ~[ozone-manager-1.4.0-SNAPSHOT.jar:?]
	at org.apache.hadoop.ozone.protocolPB.OzoneManagerProtocolServerSideTranslatorPB.processRequest(OzoneManagerProtocolServerSideTranslatorPB.java:205) ~[ozone-manager-1.4.0-SNAPSHOT.jar:?]
	at org.apache.hadoop.hdds.server.OzoneProtocolMessageDispatcher.processRequest(OzoneProtocolMessageDispatcher.java:87) [hdds-server-framework-1.4.0-SNAPSHOT.jar:?]
	at org.apache.hadoop.ozone.protocolPB.OzoneManagerProtocolServerSideTranslatorPB.submitRequest(OzoneManagerProtocolServerSideTranslatorPB.java:147) [ozone-manager-1.4.0-SNAPSHOT.jar:?]
	at org.apache.hadoop.ozone.protocol.proto.OzoneManagerProtocolProtos$OzoneManagerService$2.callBlockingMethod(OzoneManagerProtocolProtos.java) [ozone-interface-client-1.4.0-SNAPSHOT.jar:?]
	at org.apache.hadoop.ipc.ProtobufRpcEngine$Server.processCall(ProtobufRpcEngine.java:465) [hadoop-common-3.3.4.jar:?]
	at org.apache.hadoop.ipc.ProtobufRpcEngine2$Server$ProtoBufRpcInvoker.call(ProtobufRpcEngine2.java:578) [hadoop-common-3.3.4.jar:?]
	at org.apache.hadoop.ipc.ProtobufRpcEngine2$Server$ProtoBufRpcInvoker.call(ProtobufRpcEngine2.java:556) [hadoop-common-3.3.4.jar:?]
	at org.apache.hadoop.ipc.RPC$Server.call(RPC.java:1093) [hadoop-common-3.3.4.jar:?]
	at org.apache.hadoop.ipc.Server$RpcCall.run(Server.java:1043) [hadoop-common-3.3.4.jar:?]
	at org.apache.hadoop.ipc.Server$RpcCall.run(Server.java:971) [hadoop-common-3.3.4.jar:?]
	at java.security.AccessController.doPrivileged(Native Method) ~[?:1.8.0_352]
	at javax.security.auth.Subject.doAs(Subject.java:422) [?:1.8.0_352]
	at org.apache.hadoop.security.UserGroupInformation.doAs(UserGroupInformation.java:1878) [hadoop-common-3.3.4.jar:?]
	at org.apache.hadoop.ipc.Server$Handler.run(Server.java:2976) [hadoop-common-3.3.4.jar:?]
]]></system-out>
  </testcase>
  <testcase name="testRenameToParentDir" classname="TestOzoneFileSystem" time="0.052">
    <system-out><![CDATA[2023-01-03 10:06:28,114 [OM StateMachine ApplyTransaction Thread - 0] INFO  key.OMKeyRequest (OMKeyRequest.java:wrapUncommittedBlocksAsPseudoKey(835)) - Detect allocated but uncommitted blocks [{blockID={containerID=2, localID=111677748019200008}, length=4194304, offset=0, token=null, pipeline=null, createVersion=0, partNumber=0}] in key root_dir/dir1/file2.
10:06:28.118 [IPC Server handler 13 on default port 41175] ERROR OMAudit - user=runner | ip=127.0.0.1 | op=LIST_STATUS {volume=volume17571, bucket=bucket85979, key=root_dir/dir2, dataSize=0, replicationConfig=null} | ret=FAILURE
org.apache.hadoop.ozone.om.exceptions.OMException: Unable to get file status: volume: volume17571 bucket: bucket85979 key: root_dir/dir2
	at org.apache.hadoop.ozone.om.KeyManagerImpl.getOzoneFileStatus(KeyManagerImpl.java:1301) ~[ozone-manager-1.4.0-SNAPSHOT.jar:?]
	at org.apache.hadoop.ozone.om.KeyManagerImpl.getFileStatus(KeyManagerImpl.java:1219) ~[ozone-manager-1.4.0-SNAPSHOT.jar:?]
	at org.apache.hadoop.ozone.om.KeyManagerImpl.listStatus(KeyManagerImpl.java:1585) ~[ozone-manager-1.4.0-SNAPSHOT.jar:?]
	at org.apache.hadoop.ozone.om.OzoneManager.listStatus(OzoneManager.java:3662) ~[ozone-manager-1.4.0-SNAPSHOT.jar:?]
	at org.apache.hadoop.ozone.protocolPB.OzoneManagerRequestHandler.listStatus(OzoneManagerRequestHandler.java:1095) ~[ozone-manager-1.4.0-SNAPSHOT.jar:?]
	at org.apache.hadoop.ozone.protocolPB.OzoneManagerRequestHandler.handleReadRequest(OzoneManagerRequestHandler.java:242) ~[ozone-manager-1.4.0-SNAPSHOT.jar:?]
	at org.apache.hadoop.ozone.protocolPB.OzoneManagerProtocolServerSideTranslatorPB.submitReadRequestToOM(OzoneManagerProtocolServerSideTranslatorPB.java:226) ~[ozone-manager-1.4.0-SNAPSHOT.jar:?]
	at org.apache.hadoop.ozone.protocolPB.OzoneManagerProtocolServerSideTranslatorPB.processRequest(OzoneManagerProtocolServerSideTranslatorPB.java:175) ~[ozone-manager-1.4.0-SNAPSHOT.jar:?]
	at org.apache.hadoop.hdds.server.OzoneProtocolMessageDispatcher.processRequest(OzoneProtocolMessageDispatcher.java:87) [hdds-server-framework-1.4.0-SNAPSHOT.jar:?]
	at org.apache.hadoop.ozone.protocolPB.OzoneManagerProtocolServerSideTranslatorPB.submitRequest(OzoneManagerProtocolServerSideTranslatorPB.java:147) [ozone-manager-1.4.0-SNAPSHOT.jar:?]
	at org.apache.hadoop.ozone.protocol.proto.OzoneManagerProtocolProtos$OzoneManagerService$2.callBlockingMethod(OzoneManagerProtocolProtos.java) [ozone-interface-client-1.4.0-SNAPSHOT.jar:?]
	at org.apache.hadoop.ipc.ProtobufRpcEngine$Server.processCall(ProtobufRpcEngine.java:465) [hadoop-common-3.3.4.jar:?]
	at org.apache.hadoop.ipc.ProtobufRpcEngine2$Server$ProtoBufRpcInvoker.call(ProtobufRpcEngine2.java:578) [hadoop-common-3.3.4.jar:?]
	at org.apache.hadoop.ipc.ProtobufRpcEngine2$Server$ProtoBufRpcInvoker.call(ProtobufRpcEngine2.java:556) [hadoop-common-3.3.4.jar:?]
	at org.apache.hadoop.ipc.RPC$Server.call(RPC.java:1093) [hadoop-common-3.3.4.jar:?]
	at org.apache.hadoop.ipc.Server$RpcCall.run(Server.java:1043) [hadoop-common-3.3.4.jar:?]
	at org.apache.hadoop.ipc.Server$RpcCall.run(Server.java:971) [hadoop-common-3.3.4.jar:?]
	at java.security.AccessController.doPrivileged(Native Method) ~[?:1.8.0_352]
	at javax.security.auth.Subject.doAs(Subject.java:422) [?:1.8.0_352]
	at org.apache.hadoop.security.UserGroupInformation.doAs(UserGroupInformation.java:1878) [hadoop-common-3.3.4.jar:?]
	at org.apache.hadoop.ipc.Server$Handler.run(Server.java:2976) [hadoop-common-3.3.4.jar:?]
10:06:28.131 [IPC Server handler 11 on default port 41175] ERROR OMAudit - user=runner | ip=127.0.0.1 | op=LIST_STATUS {volume=volume17571, bucket=bucket85979, key=root_dir/file2, dataSize=0, replicationConfig=null} | ret=FAILURE
org.apache.hadoop.ozone.om.exceptions.OMException: Unable to get file status: volume: volume17571 bucket: bucket85979 key: root_dir/file2
	at org.apache.hadoop.ozone.om.KeyManagerImpl.getOzoneFileStatus(KeyManagerImpl.java:1301) ~[ozone-manager-1.4.0-SNAPSHOT.jar:?]
	at org.apache.hadoop.ozone.om.KeyManagerImpl.getFileStatus(KeyManagerImpl.java:1219) ~[ozone-manager-1.4.0-SNAPSHOT.jar:?]
	at org.apache.hadoop.ozone.om.KeyManagerImpl.listStatus(KeyManagerImpl.java:1585) ~[ozone-manager-1.4.0-SNAPSHOT.jar:?]
	at org.apache.hadoop.ozone.om.OzoneManager.listStatus(OzoneManager.java:3662) ~[ozone-manager-1.4.0-SNAPSHOT.jar:?]
	at org.apache.hadoop.ozone.protocolPB.OzoneManagerRequestHandler.listStatus(OzoneManagerRequestHandler.java:1095) ~[ozone-manager-1.4.0-SNAPSHOT.jar:?]
	at org.apache.hadoop.ozone.protocolPB.OzoneManagerRequestHandler.handleReadRequest(OzoneManagerRequestHandler.java:242) ~[ozone-manager-1.4.0-SNAPSHOT.jar:?]
	at org.apache.hadoop.ozone.protocolPB.OzoneManagerProtocolServerSideTranslatorPB.submitReadRequestToOM(OzoneManagerProtocolServerSideTranslatorPB.java:226) ~[ozone-manager-1.4.0-SNAPSHOT.jar:?]
	at org.apache.hadoop.ozone.protocolPB.OzoneManagerProtocolServerSideTranslatorPB.processRequest(OzoneManagerProtocolServerSideTranslatorPB.java:175) ~[ozone-manager-1.4.0-SNAPSHOT.jar:?]
	at org.apache.hadoop.hdds.server.OzoneProtocolMessageDispatcher.processRequest(OzoneProtocolMessageDispatcher.java:87) [hdds-server-framework-1.4.0-SNAPSHOT.jar:?]
	at org.apache.hadoop.ozone.protocolPB.OzoneManagerProtocolServerSideTranslatorPB.submitRequest(OzoneManagerProtocolServerSideTranslatorPB.java:147) [ozone-manager-1.4.0-SNAPSHOT.jar:?]
	at org.apache.hadoop.ozone.protocol.proto.OzoneManagerProtocolProtos$OzoneManagerService$2.callBlockingMethod(OzoneManagerProtocolProtos.java) [ozone-interface-client-1.4.0-SNAPSHOT.jar:?]
	at org.apache.hadoop.ipc.ProtobufRpcEngine$Server.processCall(ProtobufRpcEngine.java:465) [hadoop-common-3.3.4.jar:?]
	at org.apache.hadoop.ipc.ProtobufRpcEngine2$Server$ProtoBufRpcInvoker.call(ProtobufRpcEngine2.java:578) [hadoop-common-3.3.4.jar:?]
	at org.apache.hadoop.ipc.ProtobufRpcEngine2$Server$ProtoBufRpcInvoker.call(ProtobufRpcEngine2.java:556) [hadoop-common-3.3.4.jar:?]
	at org.apache.hadoop.ipc.RPC$Server.call(RPC.java:1093) [hadoop-common-3.3.4.jar:?]
	at org.apache.hadoop.ipc.Server$RpcCall.run(Server.java:1043) [hadoop-common-3.3.4.jar:?]
	at org.apache.hadoop.ipc.Server$RpcCall.run(Server.java:971) [hadoop-common-3.3.4.jar:?]
	at java.security.AccessController.doPrivileged(Native Method) ~[?:1.8.0_352]
	at javax.security.auth.Subject.doAs(Subject.java:422) [?:1.8.0_352]
	at org.apache.hadoop.security.UserGroupInformation.doAs(UserGroupInformation.java:1878) [hadoop-common-3.3.4.jar:?]
	at org.apache.hadoop.ipc.Server$Handler.run(Server.java:2976) [hadoop-common-3.3.4.jar:?]
]]></system-out>
  </testcase>
  <testcase name="testRenameToParentDir" classname="TestOzoneFileSystem" time="0.021">
    <system-out><![CDATA[2023-01-03 10:07:27,767 [IPC Server handler 0 on default port 46801] INFO  key.OMKeyRequest (OMKeyRequest.java:wrapUncommittedBlocksAsPseudoKey(835)) - Detect allocated but uncommitted blocks [{blockID={containerID=2, localID=111677748019200008}, length=4194304, offset=0, token=null, pipeline=null, createVersion=0, partNumber=0}] in key root_dir/dir1/file2.
10:07:27.770 [IPC Server handler 3 on default port 46801] ERROR OMAudit - user=runner | ip=127.0.0.1 | op=LIST_STATUS {volume=volume72509, bucket=bucket24043, key=root_dir/dir2, dataSize=0, replicationConfig=null} | ret=FAILURE
org.apache.hadoop.ozone.om.exceptions.OMException: Unable to get file status: volume: volume72509 bucket: bucket24043 key: root_dir/dir2
	at org.apache.hadoop.ozone.om.KeyManagerImpl.getOzoneFileStatus(KeyManagerImpl.java:1301) ~[ozone-manager-1.4.0-SNAPSHOT.jar:?]
	at org.apache.hadoop.ozone.om.KeyManagerImpl.getFileStatus(KeyManagerImpl.java:1219) ~[ozone-manager-1.4.0-SNAPSHOT.jar:?]
	at org.apache.hadoop.ozone.om.KeyManagerImpl.listStatus(KeyManagerImpl.java:1585) ~[ozone-manager-1.4.0-SNAPSHOT.jar:?]
	at org.apache.hadoop.ozone.om.OzoneManager.listStatus(OzoneManager.java:3662) ~[ozone-manager-1.4.0-SNAPSHOT.jar:?]
	at org.apache.hadoop.ozone.protocolPB.OzoneManagerRequestHandler.listStatus(OzoneManagerRequestHandler.java:1095) ~[ozone-manager-1.4.0-SNAPSHOT.jar:?]
	at org.apache.hadoop.ozone.protocolPB.OzoneManagerRequestHandler.handleReadRequest(OzoneManagerRequestHandler.java:242) ~[ozone-manager-1.4.0-SNAPSHOT.jar:?]
	at org.apache.hadoop.ozone.protocolPB.OzoneManagerProtocolServerSideTranslatorPB.submitRequestDirectlyToOM(OzoneManagerProtocolServerSideTranslatorPB.java:276) ~[ozone-manager-1.4.0-SNAPSHOT.jar:?]
	at org.apache.hadoop.ozone.protocolPB.OzoneManagerProtocolServerSideTranslatorPB.processRequest(OzoneManagerProtocolServerSideTranslatorPB.java:205) ~[ozone-manager-1.4.0-SNAPSHOT.jar:?]
	at org.apache.hadoop.hdds.server.OzoneProtocolMessageDispatcher.processRequest(OzoneProtocolMessageDispatcher.java:87) [hdds-server-framework-1.4.0-SNAPSHOT.jar:?]
	at org.apache.hadoop.ozone.protocolPB.OzoneManagerProtocolServerSideTranslatorPB.submitRequest(OzoneManagerProtocolServerSideTranslatorPB.java:147) [ozone-manager-1.4.0-SNAPSHOT.jar:?]
	at org.apache.hadoop.ozone.protocol.proto.OzoneManagerProtocolProtos$OzoneManagerService$2.callBlockingMethod(OzoneManagerProtocolProtos.java) [ozone-interface-client-1.4.0-SNAPSHOT.jar:?]
	at org.apache.hadoop.ipc.ProtobufRpcEngine$Server.processCall(ProtobufRpcEngine.java:465) [hadoop-common-3.3.4.jar:?]
	at org.apache.hadoop.ipc.ProtobufRpcEngine2$Server$ProtoBufRpcInvoker.call(ProtobufRpcEngine2.java:578) [hadoop-common-3.3.4.jar:?]
	at org.apache.hadoop.ipc.ProtobufRpcEngine2$Server$ProtoBufRpcInvoker.call(ProtobufRpcEngine2.java:556) [hadoop-common-3.3.4.jar:?]
	at org.apache.hadoop.ipc.RPC$Server.call(RPC.java:1093) [hadoop-common-3.3.4.jar:?]
	at org.apache.hadoop.ipc.Server$RpcCall.run(Server.java:1043) [hadoop-common-3.3.4.jar:?]
	at org.apache.hadoop.ipc.Server$RpcCall.run(Server.java:971) [hadoop-common-3.3.4.jar:?]
	at java.security.AccessController.doPrivileged(Native Method) ~[?:1.8.0_352]
	at javax.security.auth.Subject.doAs(Subject.java:422) [?:1.8.0_352]
	at org.apache.hadoop.security.UserGroupInformation.doAs(UserGroupInformation.java:1878) [hadoop-common-3.3.4.jar:?]
	at org.apache.hadoop.ipc.Server$Handler.run(Server.java:2976) [hadoop-common-3.3.4.jar:?]
10:07:27.773 [IPC Server handler 12 on default port 46801] ERROR OMAudit - user=runner | ip=127.0.0.1 | op=LIST_STATUS {volume=volume72509, bucket=bucket24043, key=root_dir/file2, dataSize=0, replicationConfig=null} | ret=FAILURE
org.apache.hadoop.ozone.om.exceptions.OMException: Unable to get file status: volume: volume72509 bucket: bucket24043 key: root_dir/file2
	at org.apache.hadoop.ozone.om.KeyManagerImpl.getOzoneFileStatus(KeyManagerImpl.java:1301) ~[ozone-manager-1.4.0-SNAPSHOT.jar:?]
	at org.apache.hadoop.ozone.om.KeyManagerImpl.getFileStatus(KeyManagerImpl.java:1219) ~[ozone-manager-1.4.0-SNAPSHOT.jar:?]
	at org.apache.hadoop.ozone.om.KeyManagerImpl.listStatus(KeyManagerImpl.java:1585) ~[ozone-manager-1.4.0-SNAPSHOT.jar:?]
	at org.apache.hadoop.ozone.om.OzoneManager.listStatus(OzoneManager.java:3662) ~[ozone-manager-1.4.0-SNAPSHOT.jar:?]
	at org.apache.hadoop.ozone.protocolPB.OzoneManagerRequestHandler.listStatus(OzoneManagerRequestHandler.java:1095) ~[ozone-manager-1.4.0-SNAPSHOT.jar:?]
	at org.apache.hadoop.ozone.protocolPB.OzoneManagerRequestHandler.handleReadRequest(OzoneManagerRequestHandler.java:242) ~[ozone-manager-1.4.0-SNAPSHOT.jar:?]
	at org.apache.hadoop.ozone.protocolPB.OzoneManagerProtocolServerSideTranslatorPB.submitRequestDirectlyToOM(OzoneManagerProtocolServerSideTranslatorPB.java:276) ~[ozone-manager-1.4.0-SNAPSHOT.jar:?]
	at org.apache.hadoop.ozone.protocolPB.OzoneManagerProtocolServerSideTranslatorPB.processRequest(OzoneManagerProtocolServerSideTranslatorPB.java:205) ~[ozone-manager-1.4.0-SNAPSHOT.jar:?]
	at org.apache.hadoop.hdds.server.OzoneProtocolMessageDispatcher.processRequest(OzoneProtocolMessageDispatcher.java:87) [hdds-server-framework-1.4.0-SNAPSHOT.jar:?]
	at org.apache.hadoop.ozone.protocolPB.OzoneManagerProtocolServerSideTranslatorPB.submitRequest(OzoneManagerProtocolServerSideTranslatorPB.java:147) [ozone-manager-1.4.0-SNAPSHOT.jar:?]
	at org.apache.hadoop.ozone.protocol.proto.OzoneManagerProtocolProtos$OzoneManagerService$2.callBlockingMethod(OzoneManagerProtocolProtos.java) [ozone-interface-client-1.4.0-SNAPSHOT.jar:?]
	at org.apache.hadoop.ipc.ProtobufRpcEngine$Server.processCall(ProtobufRpcEngine.java:465) [hadoop-common-3.3.4.jar:?]
	at org.apache.hadoop.ipc.ProtobufRpcEngine2$Server$ProtoBufRpcInvoker.call(ProtobufRpcEngine2.java:578) [hadoop-common-3.3.4.jar:?]
	at org.apache.hadoop.ipc.ProtobufRpcEngine2$Server$ProtoBufRpcInvoker.call(ProtobufRpcEngine2.java:556) [hadoop-common-3.3.4.jar:?]
	at org.apache.hadoop.ipc.RPC$Server.call(RPC.java:1093) [hadoop-common-3.3.4.jar:?]
	at org.apache.hadoop.ipc.Server$RpcCall.run(Server.java:1043) [hadoop-common-3.3.4.jar:?]
	at org.apache.hadoop.ipc.Server$RpcCall.run(Server.java:971) [hadoop-common-3.3.4.jar:?]
	at java.security.AccessController.doPrivileged(Native Method) ~[?:1.8.0_352]
	at javax.security.auth.Subject.doAs(Subject.java:422) [?:1.8.0_352]
	at org.apache.hadoop.security.UserGroupInformation.doAs(UserGroupInformation.java:1878) [hadoop-common-3.3.4.jar:?]
	at org.apache.hadoop.ipc.Server$Handler.run(Server.java:2976) [hadoop-common-3.3.4.jar:?]
]]></system-out>
  </testcase>
  <testcase name="testRenameToParentDir" classname="TestOzoneFileSystem" time="0.017">
    <system-out><![CDATA[2023-01-03 10:08:16,921 [OM StateMachine ApplyTransaction Thread - 0] INFO  key.OMKeyRequest (OMKeyRequest.java:wrapUncommittedBlocksAsPseudoKey(835)) - Detect allocated but uncommitted blocks [{blockID={containerID=3, localID=111677748019200008}, length=4194304, offset=0, token=null, pipeline=null, createVersion=0, partNumber=0}] in key root_dir/dir1/file2.
10:08:16.923 [IPC Server handler 4 on default port 46431] ERROR OMAudit - user=runner | ip=127.0.0.1 | op=LIST_STATUS {volume=volume30750, bucket=bucket79142, key=root_dir/dir2, dataSize=0, replicationConfig=null} | ret=FAILURE
org.apache.hadoop.ozone.om.exceptions.OMException: Unable to get file status: volume: volume30750 bucket: bucket79142 key: root_dir/dir2
	at org.apache.hadoop.ozone.om.KeyManagerImpl.getOzoneFileStatus(KeyManagerImpl.java:1301) ~[ozone-manager-1.4.0-SNAPSHOT.jar:?]
	at org.apache.hadoop.ozone.om.KeyManagerImpl.getFileStatus(KeyManagerImpl.java:1219) ~[ozone-manager-1.4.0-SNAPSHOT.jar:?]
	at org.apache.hadoop.ozone.om.KeyManagerImpl.listStatus(KeyManagerImpl.java:1585) ~[ozone-manager-1.4.0-SNAPSHOT.jar:?]
	at org.apache.hadoop.ozone.om.OzoneManager.listStatus(OzoneManager.java:3662) ~[ozone-manager-1.4.0-SNAPSHOT.jar:?]
	at org.apache.hadoop.ozone.protocolPB.OzoneManagerRequestHandler.listStatus(OzoneManagerRequestHandler.java:1095) ~[ozone-manager-1.4.0-SNAPSHOT.jar:?]
	at org.apache.hadoop.ozone.protocolPB.OzoneManagerRequestHandler.handleReadRequest(OzoneManagerRequestHandler.java:242) ~[ozone-manager-1.4.0-SNAPSHOT.jar:?]
	at org.apache.hadoop.ozone.protocolPB.OzoneManagerProtocolServerSideTranslatorPB.submitReadRequestToOM(OzoneManagerProtocolServerSideTranslatorPB.java:226) ~[ozone-manager-1.4.0-SNAPSHOT.jar:?]
	at org.apache.hadoop.ozone.protocolPB.OzoneManagerProtocolServerSideTranslatorPB.processRequest(OzoneManagerProtocolServerSideTranslatorPB.java:175) ~[ozone-manager-1.4.0-SNAPSHOT.jar:?]
	at org.apache.hadoop.hdds.server.OzoneProtocolMessageDispatcher.processRequest(OzoneProtocolMessageDispatcher.java:87) [hdds-server-framework-1.4.0-SNAPSHOT.jar:?]
	at org.apache.hadoop.ozone.protocolPB.OzoneManagerProtocolServerSideTranslatorPB.submitRequest(OzoneManagerProtocolServerSideTranslatorPB.java:147) [ozone-manager-1.4.0-SNAPSHOT.jar:?]
	at org.apache.hadoop.ozone.protocol.proto.OzoneManagerProtocolProtos$OzoneManagerService$2.callBlockingMethod(OzoneManagerProtocolProtos.java) [ozone-interface-client-1.4.0-SNAPSHOT.jar:?]
	at org.apache.hadoop.ipc.ProtobufRpcEngine$Server.processCall(ProtobufRpcEngine.java:465) [hadoop-common-3.3.4.jar:?]
	at org.apache.hadoop.ipc.ProtobufRpcEngine2$Server$ProtoBufRpcInvoker.call(ProtobufRpcEngine2.java:578) [hadoop-common-3.3.4.jar:?]
	at org.apache.hadoop.ipc.ProtobufRpcEngine2$Server$ProtoBufRpcInvoker.call(ProtobufRpcEngine2.java:556) [hadoop-common-3.3.4.jar:?]
	at org.apache.hadoop.ipc.RPC$Server.call(RPC.java:1093) [hadoop-common-3.3.4.jar:?]
	at org.apache.hadoop.ipc.Server$RpcCall.run(Server.java:1043) [hadoop-common-3.3.4.jar:?]
	at org.apache.hadoop.ipc.Server$RpcCall.run(Server.java:971) [hadoop-common-3.3.4.jar:?]
	at java.security.AccessController.doPrivileged(Native Method) ~[?:1.8.0_352]
	at javax.security.auth.Subject.doAs(Subject.java:422) [?:1.8.0_352]
	at org.apache.hadoop.security.UserGroupInformation.doAs(UserGroupInformation.java:1878) [hadoop-common-3.3.4.jar:?]
	at org.apache.hadoop.ipc.Server$Handler.run(Server.java:2976) [hadoop-common-3.3.4.jar:?]
10:08:16.927 [IPC Server handler 12 on default port 46431] ERROR OMAudit - user=runner | ip=127.0.0.1 | op=LIST_STATUS {volume=volume30750, bucket=bucket79142, key=root_dir/file2, dataSize=0, replicationConfig=null} | ret=FAILURE
org.apache.hadoop.ozone.om.exceptions.OMException: Unable to get file status: volume: volume30750 bucket: bucket79142 key: root_dir/file2
	at org.apache.hadoop.ozone.om.KeyManagerImpl.getOzoneFileStatus(KeyManagerImpl.java:1301) ~[ozone-manager-1.4.0-SNAPSHOT.jar:?]
	at org.apache.hadoop.ozone.om.KeyManagerImpl.getFileStatus(KeyManagerImpl.java:1219) ~[ozone-manager-1.4.0-SNAPSHOT.jar:?]
	at org.apache.hadoop.ozone.om.KeyManagerImpl.listStatus(KeyManagerImpl.java:1585) ~[ozone-manager-1.4.0-SNAPSHOT.jar:?]
	at org.apache.hadoop.ozone.om.OzoneManager.listStatus(OzoneManager.java:3662) ~[ozone-manager-1.4.0-SNAPSHOT.jar:?]
	at org.apache.hadoop.ozone.protocolPB.OzoneManagerRequestHandler.listStatus(OzoneManagerRequestHandler.java:1095) ~[ozone-manager-1.4.0-SNAPSHOT.jar:?]
	at org.apache.hadoop.ozone.protocolPB.OzoneManagerRequestHandler.handleReadRequest(OzoneManagerRequestHandler.java:242) ~[ozone-manager-1.4.0-SNAPSHOT.jar:?]
	at org.apache.hadoop.ozone.protocolPB.OzoneManagerProtocolServerSideTranslatorPB.submitReadRequestToOM(OzoneManagerProtocolServerSideTranslatorPB.java:226) ~[ozone-manager-1.4.0-SNAPSHOT.jar:?]
	at org.apache.hadoop.ozone.protocolPB.OzoneManagerProtocolServerSideTranslatorPB.processRequest(OzoneManagerProtocolServerSideTranslatorPB.java:175) ~[ozone-manager-1.4.0-SNAPSHOT.jar:?]
	at org.apache.hadoop.hdds.server.OzoneProtocolMessageDispatcher.processRequest(OzoneProtocolMessageDispatcher.java:87) [hdds-server-framework-1.4.0-SNAPSHOT.jar:?]
	at org.apache.hadoop.ozone.protocolPB.OzoneManagerProtocolServerSideTranslatorPB.submitRequest(OzoneManagerProtocolServerSideTranslatorPB.java:147) [ozone-manager-1.4.0-SNAPSHOT.jar:?]
	at org.apache.hadoop.ozone.protocol.proto.OzoneManagerProtocolProtos$OzoneManagerService$2.callBlockingMethod(OzoneManagerProtocolProtos.java) [ozone-interface-client-1.4.0-SNAPSHOT.jar:?]
	at org.apache.hadoop.ipc.ProtobufRpcEngine$Server.processCall(ProtobufRpcEngine.java:465) [hadoop-common-3.3.4.jar:?]
	at org.apache.hadoop.ipc.ProtobufRpcEngine2$Server$ProtoBufRpcInvoker.call(ProtobufRpcEngine2.java:578) [hadoop-common-3.3.4.jar:?]
	at org.apache.hadoop.ipc.ProtobufRpcEngine2$Server$ProtoBufRpcInvoker.call(ProtobufRpcEngine2.java:556) [hadoop-common-3.3.4.jar:?]
	at org.apache.hadoop.ipc.RPC$Server.call(RPC.java:1093) [hadoop-common-3.3.4.jar:?]
	at org.apache.hadoop.ipc.Server$RpcCall.run(Server.java:1043) [hadoop-common-3.3.4.jar:?]
	at org.apache.hadoop.ipc.Server$RpcCall.run(Server.java:971) [hadoop-common-3.3.4.jar:?]
	at java.security.AccessController.doPrivileged(Native Method) ~[?:1.8.0_352]
	at javax.security.auth.Subject.doAs(Subject.java:422) [?:1.8.0_352]
	at org.apache.hadoop.security.UserGroupInformation.doAs(UserGroupInformation.java:1878) [hadoop-common-3.3.4.jar:?]
	at org.apache.hadoop.ipc.Server$Handler.run(Server.java:2976) [hadoop-common-3.3.4.jar:?]
]]></system-out>
  </testcase>
  <testcase name="testRenameToParentDir" classname="TestOzoneFileSystem" time="0.011">
    <system-out><![CDATA[2023-01-03 10:09:11,151 [IPC Server handler 1 on default port 33423] INFO  key.OMKeyRequest (OMKeyRequest.java:wrapUncommittedBlocksAsPseudoKey(835)) - Detect allocated but uncommitted blocks [{blockID={containerID=2, localID=111677748019200008}, length=4194304, offset=0, token=null, pipeline=null, createVersion=0, partNumber=0}] in key root_dir/dir1/file2.
10:09:11.152 [IPC Server handler 2 on default port 33423] ERROR OMAudit - user=runner | ip=127.0.0.1 | op=LIST_STATUS {volume=volume03607, bucket=bucket70088, key=root_dir/dir2, dataSize=0, replicationConfig=null} | ret=FAILURE
org.apache.hadoop.ozone.om.exceptions.OMException: Unable to get file status: volume: volume03607 bucket: bucket70088 key: root_dir/dir2
	at org.apache.hadoop.ozone.om.KeyManagerImpl.getOzoneFileStatus(KeyManagerImpl.java:1301) ~[ozone-manager-1.4.0-SNAPSHOT.jar:?]
	at org.apache.hadoop.ozone.om.KeyManagerImpl.getFileStatus(KeyManagerImpl.java:1219) ~[ozone-manager-1.4.0-SNAPSHOT.jar:?]
	at org.apache.hadoop.ozone.om.KeyManagerImpl.listStatus(KeyManagerImpl.java:1585) ~[ozone-manager-1.4.0-SNAPSHOT.jar:?]
	at org.apache.hadoop.ozone.om.OzoneManager.listStatus(OzoneManager.java:3662) ~[ozone-manager-1.4.0-SNAPSHOT.jar:?]
	at org.apache.hadoop.ozone.protocolPB.OzoneManagerRequestHandler.listStatus(OzoneManagerRequestHandler.java:1095) ~[ozone-manager-1.4.0-SNAPSHOT.jar:?]
	at org.apache.hadoop.ozone.protocolPB.OzoneManagerRequestHandler.handleReadRequest(OzoneManagerRequestHandler.java:242) ~[ozone-manager-1.4.0-SNAPSHOT.jar:?]
	at org.apache.hadoop.ozone.protocolPB.OzoneManagerProtocolServerSideTranslatorPB.submitRequestDirectlyToOM(OzoneManagerProtocolServerSideTranslatorPB.java:276) ~[ozone-manager-1.4.0-SNAPSHOT.jar:?]
	at org.apache.hadoop.ozone.protocolPB.OzoneManagerProtocolServerSideTranslatorPB.processRequest(OzoneManagerProtocolServerSideTranslatorPB.java:205) ~[ozone-manager-1.4.0-SNAPSHOT.jar:?]
	at org.apache.hadoop.hdds.server.OzoneProtocolMessageDispatcher.processRequest(OzoneProtocolMessageDispatcher.java:87) [hdds-server-framework-1.4.0-SNAPSHOT.jar:?]
	at org.apache.hadoop.ozone.protocolPB.OzoneManagerProtocolServerSideTranslatorPB.submitRequest(OzoneManagerProtocolServerSideTranslatorPB.java:147) [ozone-manager-1.4.0-SNAPSHOT.jar:?]
	at org.apache.hadoop.ozone.protocol.proto.OzoneManagerProtocolProtos$OzoneManagerService$2.callBlockingMethod(OzoneManagerProtocolProtos.java) [ozone-interface-client-1.4.0-SNAPSHOT.jar:?]
	at org.apache.hadoop.ipc.ProtobufRpcEngine$Server.processCall(ProtobufRpcEngine.java:465) [hadoop-common-3.3.4.jar:?]
	at org.apache.hadoop.ipc.ProtobufRpcEngine2$Server$ProtoBufRpcInvoker.call(ProtobufRpcEngine2.java:578) [hadoop-common-3.3.4.jar:?]
	at org.apache.hadoop.ipc.ProtobufRpcEngine2$Server$ProtoBufRpcInvoker.call(ProtobufRpcEngine2.java:556) [hadoop-common-3.3.4.jar:?]
	at org.apache.hadoop.ipc.RPC$Server.call(RPC.java:1093) [hadoop-common-3.3.4.jar:?]
	at org.apache.hadoop.ipc.Server$RpcCall.run(Server.java:1043) [hadoop-common-3.3.4.jar:?]
	at org.apache.hadoop.ipc.Server$RpcCall.run(Server.java:971) [hadoop-common-3.3.4.jar:?]
	at java.security.AccessController.doPrivileged(Native Method) ~[?:1.8.0_352]
	at javax.security.auth.Subject.doAs(Subject.java:422) [?:1.8.0_352]
	at org.apache.hadoop.security.UserGroupInformation.doAs(UserGroupInformation.java:1878) [hadoop-common-3.3.4.jar:?]
	at org.apache.hadoop.ipc.Server$Handler.run(Server.java:2976) [hadoop-common-3.3.4.jar:?]
10:09:11.155 [IPC Server handler 12 on default port 33423] ERROR OMAudit - user=runner | ip=127.0.0.1 | op=LIST_STATUS {volume=volume03607, bucket=bucket70088, key=root_dir/file2, dataSize=0, replicationConfig=null} | ret=FAILURE
org.apache.hadoop.ozone.om.exceptions.OMException: Unable to get file status: volume: volume03607 bucket: bucket70088 key: root_dir/file2
	at org.apache.hadoop.ozone.om.KeyManagerImpl.getOzoneFileStatus(KeyManagerImpl.java:1301) ~[ozone-manager-1.4.0-SNAPSHOT.jar:?]
	at org.apache.hadoop.ozone.om.KeyManagerImpl.getFileStatus(KeyManagerImpl.java:1219) ~[ozone-manager-1.4.0-SNAPSHOT.jar:?]
	at org.apache.hadoop.ozone.om.KeyManagerImpl.listStatus(KeyManagerImpl.java:1585) ~[ozone-manager-1.4.0-SNAPSHOT.jar:?]
	at org.apache.hadoop.ozone.om.OzoneManager.listStatus(OzoneManager.java:3662) ~[ozone-manager-1.4.0-SNAPSHOT.jar:?]
	at org.apache.hadoop.ozone.protocolPB.OzoneManagerRequestHandler.listStatus(OzoneManagerRequestHandler.java:1095) ~[ozone-manager-1.4.0-SNAPSHOT.jar:?]
	at org.apache.hadoop.ozone.protocolPB.OzoneManagerRequestHandler.handleReadRequest(OzoneManagerRequestHandler.java:242) ~[ozone-manager-1.4.0-SNAPSHOT.jar:?]
	at org.apache.hadoop.ozone.protocolPB.OzoneManagerProtocolServerSideTranslatorPB.submitRequestDirectlyToOM(OzoneManagerProtocolServerSideTranslatorPB.java:276) ~[ozone-manager-1.4.0-SNAPSHOT.jar:?]
	at org.apache.hadoop.ozone.protocolPB.OzoneManagerProtocolServerSideTranslatorPB.processRequest(OzoneManagerProtocolServerSideTranslatorPB.java:205) ~[ozone-manager-1.4.0-SNAPSHOT.jar:?]
	at org.apache.hadoop.hdds.server.OzoneProtocolMessageDispatcher.processRequest(OzoneProtocolMessageDispatcher.java:87) [hdds-server-framework-1.4.0-SNAPSHOT.jar:?]
	at org.apache.hadoop.ozone.protocolPB.OzoneManagerProtocolServerSideTranslatorPB.submitRequest(OzoneManagerProtocolServerSideTranslatorPB.java:147) [ozone-manager-1.4.0-SNAPSHOT.jar:?]
	at org.apache.hadoop.ozone.protocol.proto.OzoneManagerProtocolProtos$OzoneManagerService$2.callBlockingMethod(OzoneManagerProtocolProtos.java) [ozone-interface-client-1.4.0-SNAPSHOT.jar:?]
	at org.apache.hadoop.ipc.ProtobufRpcEngine$Server.processCall(ProtobufRpcEngine.java:465) [hadoop-common-3.3.4.jar:?]
	at org.apache.hadoop.ipc.ProtobufRpcEngine2$Server$ProtoBufRpcInvoker.call(ProtobufRpcEngine2.java:578) [hadoop-common-3.3.4.jar:?]
	at org.apache.hadoop.ipc.ProtobufRpcEngine2$Server$ProtoBufRpcInvoker.call(ProtobufRpcEngine2.java:556) [hadoop-common-3.3.4.jar:?]
	at org.apache.hadoop.ipc.RPC$Server.call(RPC.java:1093) [hadoop-common-3.3.4.jar:?]
	at org.apache.hadoop.ipc.Server$RpcCall.run(Server.java:1043) [hadoop-common-3.3.4.jar:?]
	at org.apache.hadoop.ipc.Server$RpcCall.run(Server.java:971) [hadoop-common-3.3.4.jar:?]
	at java.security.AccessController.doPrivileged(Native Method) ~[?:1.8.0_352]
	at javax.security.auth.Subject.doAs(Subject.java:422) [?:1.8.0_352]
	at org.apache.hadoop.security.UserGroupInformation.doAs(UserGroupInformation.java:1878) [hadoop-common-3.3.4.jar:?]
	at org.apache.hadoop.ipc.Server$Handler.run(Server.java:2976) [hadoop-common-3.3.4.jar:?]
]]></system-out>
  </testcase>
  <testcase name="testListStatusOnSubDirs" classname="TestOzoneFileSystem" time="0.046">
    <system-out><![CDATA[2023-01-03 10:06:28,173 [OM StateMachine ApplyTransaction Thread - 0] INFO  key.OMKeyRequest (OMKeyRequest.java:wrapUncommittedBlocksAsPseudoKey(835)) - Detect allocated but uncommitted blocks [{blockID={containerID=1, localID=111677748019200009}, length=4194304, offset=0, token=null, pipeline=null, createVersion=0, partNumber=0}] in key dir1/dir12/file121.
]]></system-out>
  </testcase>
  <testcase name="testListStatusOnSubDirs" classname="TestOzoneFileSystem" time="0.013">
    <system-out><![CDATA[2023-01-03 10:07:27,790 [IPC Server handler 7 on default port 46801] INFO  key.OMKeyRequest (OMKeyRequest.java:wrapUncommittedBlocksAsPseudoKey(835)) - Detect allocated but uncommitted blocks [{blockID={containerID=1, localID=111677748019200009}, length=4194304, offset=0, token=null, pipeline=null, createVersion=0, partNumber=0}] in key dir1/dir12/file121.
]]></system-out>
  </testcase>
  <testcase name="testListStatusOnSubDirs" classname="TestOzoneFileSystem" time="0.014">
    <system-out><![CDATA[2023-01-03 10:08:16,940 [OM StateMachine ApplyTransaction Thread - 0] INFO  key.OMKeyRequest (OMKeyRequest.java:wrapUncommittedBlocksAsPseudoKey(835)) - Detect allocated but uncommitted blocks [{blockID={containerID=4, localID=111677748019200009}, length=4194304, offset=0, token=null, pipeline=null, createVersion=0, partNumber=0}] in key dir1/dir12/file121.
]]></system-out>
  </testcase>
  <testcase name="testListStatusOnSubDirs" classname="TestOzoneFileSystem" time="0.009">
    <system-out><![CDATA[2023-01-03 10:09:11,164 [IPC Server handler 7 on default port 33423] INFO  key.OMKeyRequest (OMKeyRequest.java:wrapUncommittedBlocksAsPseudoKey(835)) - Detect allocated but uncommitted blocks [{blockID={containerID=1, localID=111677748019200009}, length=4194304, offset=0, token=null, pipeline=null, createVersion=0, partNumber=0}] in key dir1/dir12/file121.
]]></system-out>
  </testcase>
  <testcase name="testListStatus" classname="TestOzoneFileSystem" time="0.059">
    <system-out><![CDATA[2023-01-03 10:06:28,210 [OM StateMachine ApplyTransaction Thread - 0] INFO  key.OMKeyRequest (OMKeyRequest.java:wrapUncommittedBlocksAsPseudoKey(835)) - Detect allocated but uncommitted blocks [{blockID={containerID=2, localID=111677748019200010}, length=4194304, offset=0, token=null, pipeline=null, createVersion=0, partNumber=0}] in key testListStatus/key1.
2023-01-03 10:06:28,219 [OM StateMachine ApplyTransaction Thread - 0] INFO  key.OMKeyRequest (OMKeyRequest.java:wrapUncommittedBlocksAsPseudoKey(835)) - Detect allocated but uncommitted blocks [{blockID={containerID=1, localID=111677748019200011}, length=4194304, offset=0, token=null, pipeline=null, createVersion=0, partNumber=0}] in key testListStatus/key2.
2023-01-03 10:06:28,231 [OM StateMachine ApplyTransaction Thread - 0] INFO  key.OMKeyRequest (OMKeyRequest.java:wrapUncommittedBlocksAsPseudoKey(835)) - Detect allocated but uncommitted blocks [{blockID={containerID=2, localID=111677748019200012}, length=4194304, offset=0, token=null, pipeline=null, createVersion=0, partNumber=0}] in key testListStatus/dir1/key3.
2023-01-03 10:06:28,240 [OM StateMachine ApplyTransaction Thread - 0] INFO  key.OMKeyRequest (OMKeyRequest.java:wrapUncommittedBlocksAsPseudoKey(835)) - Detect allocated but uncommitted blocks [{blockID={containerID=1, localID=111677748019200013}, length=4194304, offset=0, token=null, pipeline=null, createVersion=0, partNumber=0}] in key testListStatus/dir1/key4.
]]></system-out>
  </testcase>
  <testcase name="testListStatus" classname="TestOzoneFileSystem" time="0.025">
    <system-out><![CDATA[2023-01-03 10:07:27,805 [IPC Server handler 3 on default port 46801] INFO  key.OMKeyRequest (OMKeyRequest.java:wrapUncommittedBlocksAsPseudoKey(835)) - Detect allocated but uncommitted blocks [{blockID={containerID=3, localID=111677748019200010}, length=4194304, offset=0, token=null, pipeline=null, createVersion=0, partNumber=0}] in key testListStatus/key1.
2023-01-03 10:07:27,809 [IPC Server handler 5 on default port 46801] INFO  key.OMKeyRequest (OMKeyRequest.java:wrapUncommittedBlocksAsPseudoKey(835)) - Detect allocated but uncommitted blocks [{blockID={containerID=4, localID=111677748019200011}, length=4194304, offset=0, token=null, pipeline=null, createVersion=0, partNumber=0}] in key testListStatus/key2.
2023-01-03 10:07:27,813 [IPC Server handler 9 on default port 46801] INFO  key.OMKeyRequest (OMKeyRequest.java:wrapUncommittedBlocksAsPseudoKey(835)) - Detect allocated but uncommitted blocks [{blockID={containerID=2, localID=111677748019200012}, length=4194304, offset=0, token=null, pipeline=null, createVersion=0, partNumber=0}] in key testListStatus/dir1/key3.
2023-01-03 10:07:27,817 [IPC Server handler 11 on default port 46801] INFO  key.OMKeyRequest (OMKeyRequest.java:wrapUncommittedBlocksAsPseudoKey(835)) - Detect allocated but uncommitted blocks [{blockID={containerID=3, localID=111677748019200013}, length=4194304, offset=0, token=null, pipeline=null, createVersion=0, partNumber=0}] in key testListStatus/dir1/key4.
]]></system-out>
  </testcase>
  <testcase name="testListStatus" classname="TestOzoneFileSystem" time="0.027">
    <system-out><![CDATA[2023-01-03 10:08:16,951 [OM StateMachine ApplyTransaction Thread - 0] INFO  key.OMKeyRequest (OMKeyRequest.java:wrapUncommittedBlocksAsPseudoKey(835)) - Detect allocated but uncommitted blocks [{blockID={containerID=3, localID=111677748019200010}, length=4194304, offset=0, token=null, pipeline=null, createVersion=0, partNumber=0}] in key testListStatus/key1.
2023-01-03 10:08:16,955 [OM StateMachine ApplyTransaction Thread - 0] INFO  key.OMKeyRequest (OMKeyRequest.java:wrapUncommittedBlocksAsPseudoKey(835)) - Detect allocated but uncommitted blocks [{blockID={containerID=2, localID=111677748019200011}, length=4194304, offset=0, token=null, pipeline=null, createVersion=0, partNumber=0}] in key testListStatus/key2.
2023-01-03 10:08:16,966 [OM StateMachine ApplyTransaction Thread - 0] INFO  key.OMKeyRequest (OMKeyRequest.java:wrapUncommittedBlocksAsPseudoKey(835)) - Detect allocated but uncommitted blocks [{blockID={containerID=1, localID=111677748019200012}, length=4194304, offset=0, token=null, pipeline=null, createVersion=0, partNumber=0}] in key testListStatus/dir1/key3.
2023-01-03 10:08:16,969 [OM StateMachine ApplyTransaction Thread - 0] INFO  key.OMKeyRequest (OMKeyRequest.java:wrapUncommittedBlocksAsPseudoKey(835)) - Detect allocated but uncommitted blocks [{blockID={containerID=2, localID=111677748019200013}, length=4194304, offset=0, token=null, pipeline=null, createVersion=0, partNumber=0}] in key testListStatus/dir1/key4.
]]></system-out>
  </testcase>
  <testcase name="testListStatus" classname="TestOzoneFileSystem" time="0.015">
    <system-out><![CDATA[2023-01-03 10:09:11,171 [IPC Server handler 2 on default port 33423] INFO  key.OMKeyRequest (OMKeyRequest.java:wrapUncommittedBlocksAsPseudoKey(835)) - Detect allocated but uncommitted blocks [{blockID={containerID=2, localID=111677748019200010}, length=4194304, offset=0, token=null, pipeline=null, createVersion=0, partNumber=0}] in key testListStatus/key1.
2023-01-03 10:09:11,173 [IPC Server handler 5 on default port 33423] INFO  key.OMKeyRequest (OMKeyRequest.java:wrapUncommittedBlocksAsPseudoKey(835)) - Detect allocated but uncommitted blocks [{blockID={containerID=1, localID=111677748019200011}, length=4194304, offset=0, token=null, pipeline=null, createVersion=0, partNumber=0}] in key testListStatus/key2.
2023-01-03 10:09:11,177 [IPC Server handler 9 on default port 33423] INFO  key.OMKeyRequest (OMKeyRequest.java:wrapUncommittedBlocksAsPseudoKey(835)) - Detect allocated but uncommitted blocks [{blockID={containerID=2, localID=111677748019200012}, length=4194304, offset=0, token=null, pipeline=null, createVersion=0, partNumber=0}] in key testListStatus/dir1/key3.
2023-01-03 10:09:11,179 [IPC Server handler 11 on default port 33423] INFO  key.OMKeyRequest (OMKeyRequest.java:wrapUncommittedBlocksAsPseudoKey(835)) - Detect allocated but uncommitted blocks [{blockID={containerID=1, localID=111677748019200013}, length=4194304, offset=0, token=null, pipeline=null, createVersion=0, partNumber=0}] in key testListStatus/dir1/key4.
]]></system-out>
  </testcase>
  <testcase name="testRecursiveDelete" classname="TestOzoneFileSystem" time="0.303">
    <system-out><![CDATA[2023-01-03 10:06:28,264 [OM StateMachine ApplyTransaction Thread - 0] INFO  key.OMKeyRequest (OMKeyRequest.java:wrapUncommittedBlocksAsPseudoKey(835)) - Detect allocated but uncommitted blocks [{blockID={containerID=2, localID=111677748019200014}, length=4194304, offset=0, token=null, pipeline=null, createVersion=0, partNumber=0}] in key gdir1/pdir1/child.
2023-01-03 10:06:28,273 [OM StateMachine ApplyTransaction Thread - 0] INFO  key.OMKeyRequest (OMKeyRequest.java:wrapUncommittedBlocksAsPseudoKey(835)) - Detect allocated but uncommitted blocks [{blockID={containerID=1, localID=111677748019200015}, length=4194304, offset=0, token=null, pipeline=null, createVersion=0, partNumber=0}] in key gdir1/pdir2/child.
2023-01-03 10:06:28,282 [OM StateMachine ApplyTransaction Thread - 0] INFO  key.OMKeyRequest (OMKeyRequest.java:wrapUncommittedBlocksAsPseudoKey(835)) - Detect allocated but uncommitted blocks [{blockID={containerID=2, localID=111677748019200016}, length=4194304, offset=0, token=null, pipeline=null, createVersion=0, partNumber=0}] in key gdir1/pdir3/child.
2023-01-03 10:06:28,291 [OM StateMachine ApplyTransaction Thread - 0] INFO  key.OMKeyRequest (OMKeyRequest.java:wrapUncommittedBlocksAsPseudoKey(835)) - Detect allocated but uncommitted blocks [{blockID={containerID=1, localID=111677748019200017}, length=4194304, offset=0, token=null, pipeline=null, createVersion=0, partNumber=0}] in key gdir1/pdir4/child.
2023-01-03 10:06:28,299 [OM StateMachine ApplyTransaction Thread - 0] INFO  key.OMKeyRequest (OMKeyRequest.java:wrapUncommittedBlocksAsPseudoKey(835)) - Detect allocated but uncommitted blocks [{blockID={containerID=2, localID=111677748019200018}, length=4194304, offset=0, token=null, pipeline=null, createVersion=0, partNumber=0}] in key gdir1/pdir5/child.
2023-01-03 10:06:28,307 [OM StateMachine ApplyTransaction Thread - 0] INFO  key.OMKeyRequest (OMKeyRequest.java:wrapUncommittedBlocksAsPseudoKey(835)) - Detect allocated but uncommitted blocks [{blockID={containerID=1, localID=111677748019200019}, length=4194304, offset=0, token=null, pipeline=null, createVersion=0, partNumber=0}] in key gdir1/pdir6/child.
2023-01-03 10:06:28,315 [OM StateMachine ApplyTransaction Thread - 0] INFO  key.OMKeyRequest (OMKeyRequest.java:wrapUncommittedBlocksAsPseudoKey(835)) - Detect allocated but uncommitted blocks [{blockID={containerID=2, localID=111677748019200020}, length=4194304, offset=0, token=null, pipeline=null, createVersion=0, partNumber=0}] in key gdir1/pdir7/child.
2023-01-03 10:06:28,323 [OM StateMachine ApplyTransaction Thread - 0] INFO  key.OMKeyRequest (OMKeyRequest.java:wrapUncommittedBlocksAsPseudoKey(835)) - Detect allocated but uncommitted blocks [{blockID={containerID=1, localID=111677748019200021}, length=4194304, offset=0, token=null, pipeline=null, createVersion=0, partNumber=0}] in key gdir1/pdir8/child.
2023-01-03 10:06:28,331 [OM StateMachine ApplyTransaction Thread - 0] INFO  key.OMKeyRequest (OMKeyRequest.java:wrapUncommittedBlocksAsPseudoKey(835)) - Detect allocated but uncommitted blocks [{blockID={containerID=2, localID=111677748019200022}, length=4194304, offset=0, token=null, pipeline=null, createVersion=0, partNumber=0}] in key gdir1/pdir9/child.
2023-01-03 10:06:28,331 [EventQueue-CommandQueueReportForCommandQueueReportHandler] WARN  events.EventQueue (EventQueue.java:fireEvent(216)) - No event handler registered for event TypedEvent{payloadType=DatanodeDetails, name='Datanode_Command_Queue_Updated'}
2023-01-03 10:06:28,339 [OM StateMachine ApplyTransaction Thread - 0] INFO  key.OMKeyRequest (OMKeyRequest.java:wrapUncommittedBlocksAsPseudoKey(835)) - Detect allocated but uncommitted blocks [{blockID={containerID=1, localID=111677748019200023}, length=4194304, offset=0, token=null, pipeline=null, createVersion=0, partNumber=0}] in key gdir1/pdir10/child.
2023-01-03 10:06:28,346 [EventQueue-CommandQueueReportForCommandQueueReportHandler] WARN  events.EventQueue (EventQueue.java:fireEvent(216)) - No event handler registered for event TypedEvent{payloadType=DatanodeDetails, name='Datanode_Command_Queue_Updated'}
2023-01-03 10:06:28,358 [EventQueue-CommandQueueReportForCommandQueueReportHandler] WARN  events.EventQueue (EventQueue.java:fireEvent(216)) - No event handler registered for event TypedEvent{payloadType=DatanodeDetails, name='Datanode_Command_Queue_Updated'}
10:06:28.386 [IPC Server handler 2 on default port 41175] ERROR OMAudit - user=runner | ip=127.0.0.1 | op=GET_FILE_STATUS {volume=volume17571, bucket=bucket85979, key=gdir1, dataSize=0, replicationConfig=null} | ret=FAILURE
org.apache.hadoop.ozone.om.exceptions.OMException: Unable to get file status: volume: volume17571 bucket: bucket85979 key: gdir1
	at org.apache.hadoop.ozone.om.KeyManagerImpl.getOzoneFileStatus(KeyManagerImpl.java:1301) ~[ozone-manager-1.4.0-SNAPSHOT.jar:?]
	at org.apache.hadoop.ozone.om.KeyManagerImpl.getFileStatus(KeyManagerImpl.java:1219) ~[ozone-manager-1.4.0-SNAPSHOT.jar:?]
	at org.apache.hadoop.ozone.om.OzoneManager.getFileStatus(OzoneManager.java:3578) ~[ozone-manager-1.4.0-SNAPSHOT.jar:?]
	at org.apache.hadoop.ozone.protocolPB.OzoneManagerRequestHandler.getOzoneFileStatus(OzoneManagerRequestHandler.java:907) ~[ozone-manager-1.4.0-SNAPSHOT.jar:?]
	at org.apache.hadoop.ozone.protocolPB.OzoneManagerRequestHandler.handleReadRequest(OzoneManagerRequestHandler.java:231) ~[ozone-manager-1.4.0-SNAPSHOT.jar:?]
	at org.apache.hadoop.ozone.protocolPB.OzoneManagerProtocolServerSideTranslatorPB.submitReadRequestToOM(OzoneManagerProtocolServerSideTranslatorPB.java:226) ~[ozone-manager-1.4.0-SNAPSHOT.jar:?]
	at org.apache.hadoop.ozone.protocolPB.OzoneManagerProtocolServerSideTranslatorPB.processRequest(OzoneManagerProtocolServerSideTranslatorPB.java:175) ~[ozone-manager-1.4.0-SNAPSHOT.jar:?]
	at org.apache.hadoop.hdds.server.OzoneProtocolMessageDispatcher.processRequest(OzoneProtocolMessageDispatcher.java:87) [hdds-server-framework-1.4.0-SNAPSHOT.jar:?]
	at org.apache.hadoop.ozone.protocolPB.OzoneManagerProtocolServerSideTranslatorPB.submitRequest(OzoneManagerProtocolServerSideTranslatorPB.java:147) [ozone-manager-1.4.0-SNAPSHOT.jar:?]
	at org.apache.hadoop.ozone.protocol.proto.OzoneManagerProtocolProtos$OzoneManagerService$2.callBlockingMethod(OzoneManagerProtocolProtos.java) [ozone-interface-client-1.4.0-SNAPSHOT.jar:?]
	at org.apache.hadoop.ipc.ProtobufRpcEngine$Server.processCall(ProtobufRpcEngine.java:465) [hadoop-common-3.3.4.jar:?]
	at org.apache.hadoop.ipc.ProtobufRpcEngine2$Server$ProtoBufRpcInvoker.call(ProtobufRpcEngine2.java:578) [hadoop-common-3.3.4.jar:?]
	at org.apache.hadoop.ipc.ProtobufRpcEngine2$Server$ProtoBufRpcInvoker.call(ProtobufRpcEngine2.java:556) [hadoop-common-3.3.4.jar:?]
	at org.apache.hadoop.ipc.RPC$Server.call(RPC.java:1093) [hadoop-common-3.3.4.jar:?]
	at org.apache.hadoop.ipc.Server$RpcCall.run(Server.java:1043) [hadoop-common-3.3.4.jar:?]
	at org.apache.hadoop.ipc.Server$RpcCall.run(Server.java:971) [hadoop-common-3.3.4.jar:?]
	at java.security.AccessController.doPrivileged(Native Method) ~[?:1.8.0_352]
	at javax.security.auth.Subject.doAs(Subject.java:422) [?:1.8.0_352]
	at org.apache.hadoop.security.UserGroupInformation.doAs(UserGroupInformation.java:1878) [hadoop-common-3.3.4.jar:?]
	at org.apache.hadoop.ipc.Server$Handler.run(Server.java:2976) [hadoop-common-3.3.4.jar:?]
10:06:28.387 [IPC Server handler 1 on default port 41175] ERROR OMAudit - user=runner | ip=127.0.0.1 | op=GET_FILE_STATUS {volume=volume17571, bucket=bucket85979, key=gdir1/dir1, dataSize=0, replicationConfig=null} | ret=FAILURE
org.apache.hadoop.ozone.om.exceptions.OMException: Unable to get file status: volume: volume17571 bucket: bucket85979 key: gdir1/dir1
	at org.apache.hadoop.ozone.om.KeyManagerImpl.getOzoneFileStatus(KeyManagerImpl.java:1301) ~[ozone-manager-1.4.0-SNAPSHOT.jar:?]
	at org.apache.hadoop.ozone.om.KeyManagerImpl.getFileStatus(KeyManagerImpl.java:1219) ~[ozone-manager-1.4.0-SNAPSHOT.jar:?]
	at org.apache.hadoop.ozone.om.OzoneManager.getFileStatus(OzoneManager.java:3578) ~[ozone-manager-1.4.0-SNAPSHOT.jar:?]
	at org.apache.hadoop.ozone.protocolPB.OzoneManagerRequestHandler.getOzoneFileStatus(OzoneManagerRequestHandler.java:907) ~[ozone-manager-1.4.0-SNAPSHOT.jar:?]
	at org.apache.hadoop.ozone.protocolPB.OzoneManagerRequestHandler.handleReadRequest(OzoneManagerRequestHandler.java:231) ~[ozone-manager-1.4.0-SNAPSHOT.jar:?]
	at org.apache.hadoop.ozone.protocolPB.OzoneManagerProtocolServerSideTranslatorPB.submitReadRequestToOM(OzoneManagerProtocolServerSideTranslatorPB.java:226) ~[ozone-manager-1.4.0-SNAPSHOT.jar:?]
	at org.apache.hadoop.ozone.protocolPB.OzoneManagerProtocolServerSideTranslatorPB.processRequest(OzoneManagerProtocolServerSideTranslatorPB.java:175) ~[ozone-manager-1.4.0-SNAPSHOT.jar:?]
	at org.apache.hadoop.hdds.server.OzoneProtocolMessageDispatcher.processRequest(OzoneProtocolMessageDispatcher.java:87) [hdds-server-framework-1.4.0-SNAPSHOT.jar:?]
	at org.apache.hadoop.ozone.protocolPB.OzoneManagerProtocolServerSideTranslatorPB.submitRequest(OzoneManagerProtocolServerSideTranslatorPB.java:147) [ozone-manager-1.4.0-SNAPSHOT.jar:?]
	at org.apache.hadoop.ozone.protocol.proto.OzoneManagerProtocolProtos$OzoneManagerService$2.callBlockingMethod(OzoneManagerProtocolProtos.java) [ozone-interface-client-1.4.0-SNAPSHOT.jar:?]
	at org.apache.hadoop.ipc.ProtobufRpcEngine$Server.processCall(ProtobufRpcEngine.java:465) [hadoop-common-3.3.4.jar:?]
	at org.apache.hadoop.ipc.ProtobufRpcEngine2$Server$ProtoBufRpcInvoker.call(ProtobufRpcEngine2.java:578) [hadoop-common-3.3.4.jar:?]
	at org.apache.hadoop.ipc.ProtobufRpcEngine2$Server$ProtoBufRpcInvoker.call(ProtobufRpcEngine2.java:556) [hadoop-common-3.3.4.jar:?]
	at org.apache.hadoop.ipc.RPC$Server.call(RPC.java:1093) [hadoop-common-3.3.4.jar:?]
	at org.apache.hadoop.ipc.Server$RpcCall.run(Server.java:1043) [hadoop-common-3.3.4.jar:?]
	at org.apache.hadoop.ipc.Server$RpcCall.run(Server.java:971) [hadoop-common-3.3.4.jar:?]
	at java.security.AccessController.doPrivileged(Native Method) ~[?:1.8.0_352]
	at javax.security.auth.Subject.doAs(Subject.java:422) [?:1.8.0_352]
	at org.apache.hadoop.security.UserGroupInformation.doAs(UserGroupInformation.java:1878) [hadoop-common-3.3.4.jar:?]
	at org.apache.hadoop.ipc.Server$Handler.run(Server.java:2976) [hadoop-common-3.3.4.jar:?]
10:06:28.389 [IPC Server handler 0 on default port 41175] ERROR OMAudit - user=runner | ip=127.0.0.1 | op=GET_FILE_STATUS {volume=volume17571, bucket=bucket85979, key=gdir1/dir1/child, dataSize=0, replicationConfig=null} | ret=FAILURE
org.apache.hadoop.ozone.om.exceptions.OMException: Unable to get file status: volume: volume17571 bucket: bucket85979 key: gdir1/dir1/child
	at org.apache.hadoop.ozone.om.KeyManagerImpl.getOzoneFileStatus(KeyManagerImpl.java:1301) ~[ozone-manager-1.4.0-SNAPSHOT.jar:?]
	at org.apache.hadoop.ozone.om.KeyManagerImpl.getFileStatus(KeyManagerImpl.java:1219) ~[ozone-manager-1.4.0-SNAPSHOT.jar:?]
	at org.apache.hadoop.ozone.om.OzoneManager.getFileStatus(OzoneManager.java:3578) ~[ozone-manager-1.4.0-SNAPSHOT.jar:?]
	at org.apache.hadoop.ozone.protocolPB.OzoneManagerRequestHandler.getOzoneFileStatus(OzoneManagerRequestHandler.java:907) ~[ozone-manager-1.4.0-SNAPSHOT.jar:?]
	at org.apache.hadoop.ozone.protocolPB.OzoneManagerRequestHandler.handleReadRequest(OzoneManagerRequestHandler.java:231) ~[ozone-manager-1.4.0-SNAPSHOT.jar:?]
	at org.apache.hadoop.ozone.protocolPB.OzoneManagerProtocolServerSideTranslatorPB.submitReadRequestToOM(OzoneManagerProtocolServerSideTranslatorPB.java:226) ~[ozone-manager-1.4.0-SNAPSHOT.jar:?]
	at org.apache.hadoop.ozone.protocolPB.OzoneManagerProtocolServerSideTranslatorPB.processRequest(OzoneManagerProtocolServerSideTranslatorPB.java:175) ~[ozone-manager-1.4.0-SNAPSHOT.jar:?]
	at org.apache.hadoop.hdds.server.OzoneProtocolMessageDispatcher.processRequest(OzoneProtocolMessageDispatcher.java:87) [hdds-server-framework-1.4.0-SNAPSHOT.jar:?]
	at org.apache.hadoop.ozone.protocolPB.OzoneManagerProtocolServerSideTranslatorPB.submitRequest(OzoneManagerProtocolServerSideTranslatorPB.java:147) [ozone-manager-1.4.0-SNAPSHOT.jar:?]
	at org.apache.hadoop.ozone.protocol.proto.OzoneManagerProtocolProtos$OzoneManagerService$2.callBlockingMethod(OzoneManagerProtocolProtos.java) [ozone-interface-client-1.4.0-SNAPSHOT.jar:?]
	at org.apache.hadoop.ipc.ProtobufRpcEngine$Server.processCall(ProtobufRpcEngine.java:465) [hadoop-common-3.3.4.jar:?]
	at org.apache.hadoop.ipc.ProtobufRpcEngine2$Server$ProtoBufRpcInvoker.call(ProtobufRpcEngine2.java:578) [hadoop-common-3.3.4.jar:?]
	at org.apache.hadoop.ipc.ProtobufRpcEngine2$Server$ProtoBufRpcInvoker.call(ProtobufRpcEngine2.java:556) [hadoop-common-3.3.4.jar:?]
	at org.apache.hadoop.ipc.RPC$Server.call(RPC.java:1093) [hadoop-common-3.3.4.jar:?]
	at org.apache.hadoop.ipc.Server$RpcCall.run(Server.java:1043) [hadoop-common-3.3.4.jar:?]
	at org.apache.hadoop.ipc.Server$RpcCall.run(Server.java:971) [hadoop-common-3.3.4.jar:?]
	at java.security.AccessController.doPrivileged(Native Method) ~[?:1.8.0_352]
	at javax.security.auth.Subject.doAs(Subject.java:422) [?:1.8.0_352]
	at org.apache.hadoop.security.UserGroupInformation.doAs(UserGroupInformation.java:1878) [hadoop-common-3.3.4.jar:?]
	at org.apache.hadoop.ipc.Server$Handler.run(Server.java:2976) [hadoop-common-3.3.4.jar:?]
10:06:28.390 [IPC Server handler 19 on default port 41175] ERROR OMAudit - user=runner | ip=127.0.0.1 | op=GET_FILE_STATUS {volume=volume17571, bucket=bucket85979, key=gdir1/dir2, dataSize=0, replicationConfig=null} | ret=FAILURE
org.apache.hadoop.ozone.om.exceptions.OMException: Unable to get file status: volume: volume17571 bucket: bucket85979 key: gdir1/dir2
	at org.apache.hadoop.ozone.om.KeyManagerImpl.getOzoneFileStatus(KeyManagerImpl.java:1301) ~[ozone-manager-1.4.0-SNAPSHOT.jar:?]
	at org.apache.hadoop.ozone.om.KeyManagerImpl.getFileStatus(KeyManagerImpl.java:1219) ~[ozone-manager-1.4.0-SNAPSHOT.jar:?]
	at org.apache.hadoop.ozone.om.OzoneManager.getFileStatus(OzoneManager.java:3578) ~[ozone-manager-1.4.0-SNAPSHOT.jar:?]
	at org.apache.hadoop.ozone.protocolPB.OzoneManagerRequestHandler.getOzoneFileStatus(OzoneManagerRequestHandler.java:907) ~[ozone-manager-1.4.0-SNAPSHOT.jar:?]
	at org.apache.hadoop.ozone.protocolPB.OzoneManagerRequestHandler.handleReadRequest(OzoneManagerRequestHandler.java:231) ~[ozone-manager-1.4.0-SNAPSHOT.jar:?]
	at org.apache.hadoop.ozone.protocolPB.OzoneManagerProtocolServerSideTranslatorPB.submitReadRequestToOM(OzoneManagerProtocolServerSideTranslatorPB.java:226) ~[ozone-manager-1.4.0-SNAPSHOT.jar:?]
	at org.apache.hadoop.ozone.protocolPB.OzoneManagerProtocolServerSideTranslatorPB.processRequest(OzoneManagerProtocolServerSideTranslatorPB.java:175) ~[ozone-manager-1.4.0-SNAPSHOT.jar:?]
	at org.apache.hadoop.hdds.server.OzoneProtocolMessageDispatcher.processRequest(OzoneProtocolMessageDispatcher.java:87) [hdds-server-framework-1.4.0-SNAPSHOT.jar:?]
	at org.apache.hadoop.ozone.protocolPB.OzoneManagerProtocolServerSideTranslatorPB.submitRequest(OzoneManagerProtocolServerSideTranslatorPB.java:147) [ozone-manager-1.4.0-SNAPSHOT.jar:?]
	at org.apache.hadoop.ozone.protocol.proto.OzoneManagerProtocolProtos$OzoneManagerService$2.callBlockingMethod(OzoneManagerProtocolProtos.java) [ozone-interface-client-1.4.0-SNAPSHOT.jar:?]
	at org.apache.hadoop.ipc.ProtobufRpcEngine$Server.processCall(ProtobufRpcEngine.java:465) [hadoop-common-3.3.4.jar:?]
	at org.apache.hadoop.ipc.ProtobufRpcEngine2$Server$ProtoBufRpcInvoker.call(ProtobufRpcEngine2.java:578) [hadoop-common-3.3.4.jar:?]
	at org.apache.hadoop.ipc.ProtobufRpcEngine2$Server$ProtoBufRpcInvoker.call(ProtobufRpcEngine2.java:556) [hadoop-common-3.3.4.jar:?]
	at org.apache.hadoop.ipc.RPC$Server.call(RPC.java:1093) [hadoop-common-3.3.4.jar:?]
	at org.apache.hadoop.ipc.Server$RpcCall.run(Server.java:1043) [hadoop-common-3.3.4.jar:?]
	at org.apache.hadoop.ipc.Server$RpcCall.run(Server.java:971) [hadoop-common-3.3.4.jar:?]
	at java.security.AccessController.doPrivileged(Native Method) ~[?:1.8.0_352]
	at javax.security.auth.Subject.doAs(Subject.java:422) [?:1.8.0_352]
	at org.apache.hadoop.security.UserGroupInformation.doAs(UserGroupInformation.java:1878) [hadoop-common-3.3.4.jar:?]
	at org.apache.hadoop.ipc.Server$Handler.run(Server.java:2976) [hadoop-common-3.3.4.jar:?]
10:06:28.391 [IPC Server handler 6 on default port 41175] ERROR OMAudit - user=runner | ip=127.0.0.1 | op=GET_FILE_STATUS {volume=volume17571, bucket=bucket85979, key=gdir1/dir2/child, dataSize=0, replicationConfig=null} | ret=FAILURE
org.apache.hadoop.ozone.om.exceptions.OMException: Unable to get file status: volume: volume17571 bucket: bucket85979 key: gdir1/dir2/child
	at org.apache.hadoop.ozone.om.KeyManagerImpl.getOzoneFileStatus(KeyManagerImpl.java:1301) ~[ozone-manager-1.4.0-SNAPSHOT.jar:?]
	at org.apache.hadoop.ozone.om.KeyManagerImpl.getFileStatus(KeyManagerImpl.java:1219) ~[ozone-manager-1.4.0-SNAPSHOT.jar:?]
	at org.apache.hadoop.ozone.om.OzoneManager.getFileStatus(OzoneManager.java:3578) ~[ozone-manager-1.4.0-SNAPSHOT.jar:?]
	at org.apache.hadoop.ozone.protocolPB.OzoneManagerRequestHandler.getOzoneFileStatus(OzoneManagerRequestHandler.java:907) ~[ozone-manager-1.4.0-SNAPSHOT.jar:?]
	at org.apache.hadoop.ozone.protocolPB.OzoneManagerRequestHandler.handleReadRequest(OzoneManagerRequestHandler.java:231) ~[ozone-manager-1.4.0-SNAPSHOT.jar:?]
	at org.apache.hadoop.ozone.protocolPB.OzoneManagerProtocolServerSideTranslatorPB.submitReadRequestToOM(OzoneManagerProtocolServerSideTranslatorPB.java:226) ~[ozone-manager-1.4.0-SNAPSHOT.jar:?]
	at org.apache.hadoop.ozone.protocolPB.OzoneManagerProtocolServerSideTranslatorPB.processRequest(OzoneManagerProtocolServerSideTranslatorPB.java:175) ~[ozone-manager-1.4.0-SNAPSHOT.jar:?]
	at org.apache.hadoop.hdds.server.OzoneProtocolMessageDispatcher.processRequest(OzoneProtocolMessageDispatcher.java:87) [hdds-server-framework-1.4.0-SNAPSHOT.jar:?]
	at org.apache.hadoop.ozone.protocolPB.OzoneManagerProtocolServerSideTranslatorPB.submitRequest(OzoneManagerProtocolServerSideTranslatorPB.java:147) [ozone-manager-1.4.0-SNAPSHOT.jar:?]
	at org.apache.hadoop.ozone.protocol.proto.OzoneManagerProtocolProtos$OzoneManagerService$2.callBlockingMethod(OzoneManagerProtocolProtos.java) [ozone-interface-client-1.4.0-SNAPSHOT.jar:?]
	at org.apache.hadoop.ipc.ProtobufRpcEngine$Server.processCall(ProtobufRpcEngine.java:465) [hadoop-common-3.3.4.jar:?]
	at org.apache.hadoop.ipc.ProtobufRpcEngine2$Server$ProtoBufRpcInvoker.call(ProtobufRpcEngine2.java:578) [hadoop-common-3.3.4.jar:?]
	at org.apache.hadoop.ipc.ProtobufRpcEngine2$Server$ProtoBufRpcInvoker.call(ProtobufRpcEngine2.java:556) [hadoop-common-3.3.4.jar:?]
	at org.apache.hadoop.ipc.RPC$Server.call(RPC.java:1093) [hadoop-common-3.3.4.jar:?]
	at org.apache.hadoop.ipc.Server$RpcCall.run(Server.java:1043) [hadoop-common-3.3.4.jar:?]
	at org.apache.hadoop.ipc.Server$RpcCall.run(Server.java:971) [hadoop-common-3.3.4.jar:?]
	at java.security.AccessController.doPrivileged(Native Method) ~[?:1.8.0_352]
	at javax.security.auth.Subject.doAs(Subject.java:422) [?:1.8.0_352]
	at org.apache.hadoop.security.UserGroupInformation.doAs(UserGroupInformation.java:1878) [hadoop-common-3.3.4.jar:?]
	at org.apache.hadoop.ipc.Server$Handler.run(Server.java:2976) [hadoop-common-3.3.4.jar:?]
10:06:28.392 [IPC Server handler 13 on default port 41175] ERROR OMAudit - user=runner | ip=127.0.0.1 | op=GET_FILE_STATUS {volume=volume17571, bucket=bucket85979, key=gdir1/dir3, dataSize=0, replicationConfig=null} | ret=FAILURE
org.apache.hadoop.ozone.om.exceptions.OMException: Unable to get file status: volume: volume17571 bucket: bucket85979 key: gdir1/dir3
	at org.apache.hadoop.ozone.om.KeyManagerImpl.getOzoneFileStatus(KeyManagerImpl.java:1301) ~[ozone-manager-1.4.0-SNAPSHOT.jar:?]
	at org.apache.hadoop.ozone.om.KeyManagerImpl.getFileStatus(KeyManagerImpl.java:1219) ~[ozone-manager-1.4.0-SNAPSHOT.jar:?]
	at org.apache.hadoop.ozone.om.OzoneManager.getFileStatus(OzoneManager.java:3578) ~[ozone-manager-1.4.0-SNAPSHOT.jar:?]
	at org.apache.hadoop.ozone.protocolPB.OzoneManagerRequestHandler.getOzoneFileStatus(OzoneManagerRequestHandler.java:907) ~[ozone-manager-1.4.0-SNAPSHOT.jar:?]
	at org.apache.hadoop.ozone.protocolPB.OzoneManagerRequestHandler.handleReadRequest(OzoneManagerRequestHandler.java:231) ~[ozone-manager-1.4.0-SNAPSHOT.jar:?]
	at org.apache.hadoop.ozone.protocolPB.OzoneManagerProtocolServerSideTranslatorPB.submitReadRequestToOM(OzoneManagerProtocolServerSideTranslatorPB.java:226) ~[ozone-manager-1.4.0-SNAPSHOT.jar:?]
	at org.apache.hadoop.ozone.protocolPB.OzoneManagerProtocolServerSideTranslatorPB.processRequest(OzoneManagerProtocolServerSideTranslatorPB.java:175) ~[ozone-manager-1.4.0-SNAPSHOT.jar:?]
	at org.apache.hadoop.hdds.server.OzoneProtocolMessageDispatcher.processRequest(OzoneProtocolMessageDispatcher.java:87) [hdds-server-framework-1.4.0-SNAPSHOT.jar:?]
	at org.apache.hadoop.ozone.protocolPB.OzoneManagerProtocolServerSideTranslatorPB.submitRequest(OzoneManagerProtocolServerSideTranslatorPB.java:147) [ozone-manager-1.4.0-SNAPSHOT.jar:?]
	at org.apache.hadoop.ozone.protocol.proto.OzoneManagerProtocolProtos$OzoneManagerService$2.callBlockingMethod(OzoneManagerProtocolProtos.java) [ozone-interface-client-1.4.0-SNAPSHOT.jar:?]
	at org.apache.hadoop.ipc.ProtobufRpcEngine$Server.processCall(ProtobufRpcEngine.java:465) [hadoop-common-3.3.4.jar:?]
	at org.apache.hadoop.ipc.ProtobufRpcEngine2$Server$ProtoBufRpcInvoker.call(ProtobufRpcEngine2.java:578) [hadoop-common-3.3.4.jar:?]
	at org.apache.hadoop.ipc.ProtobufRpcEngine2$Server$ProtoBufRpcInvoker.call(ProtobufRpcEngine2.java:556) [hadoop-common-3.3.4.jar:?]
	at org.apache.hadoop.ipc.RPC$Server.call(RPC.java:1093) [hadoop-common-3.3.4.jar:?]
	at org.apache.hadoop.ipc.Server$RpcCall.run(Server.java:1043) [hadoop-common-3.3.4.jar:?]
	at org.apache.hadoop.ipc.Server$RpcCall.run(Server.java:971) [hadoop-common-3.3.4.jar:?]
	at java.security.AccessController.doPrivileged(Native Method) ~[?:1.8.0_352]
	at javax.security.auth.Subject.doAs(Subject.java:422) [?:1.8.0_352]
	at org.apache.hadoop.security.UserGroupInformation.doAs(UserGroupInformation.java:1878) [hadoop-common-3.3.4.jar:?]
	at org.apache.hadoop.ipc.Server$Handler.run(Server.java:2976) [hadoop-common-3.3.4.jar:?]
10:06:28.394 [IPC Server handler 18 on default port 41175] ERROR OMAudit - user=runner | ip=127.0.0.1 | op=GET_FILE_STATUS {volume=volume17571, bucket=bucket85979, key=gdir1/dir3/child, dataSize=0, replicationConfig=null} | ret=FAILURE
org.apache.hadoop.ozone.om.exceptions.OMException: Unable to get file status: volume: volume17571 bucket: bucket85979 key: gdir1/dir3/child
	at org.apache.hadoop.ozone.om.KeyManagerImpl.getOzoneFileStatus(KeyManagerImpl.java:1301) ~[ozone-manager-1.4.0-SNAPSHOT.jar:?]
	at org.apache.hadoop.ozone.om.KeyManagerImpl.getFileStatus(KeyManagerImpl.java:1219) ~[ozone-manager-1.4.0-SNAPSHOT.jar:?]
	at org.apache.hadoop.ozone.om.OzoneManager.getFileStatus(OzoneManager.java:3578) ~[ozone-manager-1.4.0-SNAPSHOT.jar:?]
	at org.apache.hadoop.ozone.protocolPB.OzoneManagerRequestHandler.getOzoneFileStatus(OzoneManagerRequestHandler.java:907) ~[ozone-manager-1.4.0-SNAPSHOT.jar:?]
	at org.apache.hadoop.ozone.protocolPB.OzoneManagerRequestHandler.handleReadRequest(OzoneManagerRequestHandler.java:231) ~[ozone-manager-1.4.0-SNAPSHOT.jar:?]
	at org.apache.hadoop.ozone.protocolPB.OzoneManagerProtocolServerSideTranslatorPB.submitReadRequestToOM(OzoneManagerProtocolServerSideTranslatorPB.java:226) ~[ozone-manager-1.4.0-SNAPSHOT.jar:?]
	at org.apache.hadoop.ozone.protocolPB.OzoneManagerProtocolServerSideTranslatorPB.processRequest(OzoneManagerProtocolServerSideTranslatorPB.java:175) ~[ozone-manager-1.4.0-SNAPSHOT.jar:?]
	at org.apache.hadoop.hdds.server.OzoneProtocolMessageDispatcher.processRequest(OzoneProtocolMessageDispatcher.java:87) [hdds-server-framework-1.4.0-SNAPSHOT.jar:?]
	at org.apache.hadoop.ozone.protocolPB.OzoneManagerProtocolServerSideTranslatorPB.submitRequest(OzoneManagerProtocolServerSideTranslatorPB.java:147) [ozone-manager-1.4.0-SNAPSHOT.jar:?]
	at org.apache.hadoop.ozone.protocol.proto.OzoneManagerProtocolProtos$OzoneManagerService$2.callBlockingMethod(OzoneManagerProtocolProtos.java) [ozone-interface-client-1.4.0-SNAPSHOT.jar:?]
	at org.apache.hadoop.ipc.ProtobufRpcEngine$Server.processCall(ProtobufRpcEngine.java:465) [hadoop-common-3.3.4.jar:?]
	at org.apache.hadoop.ipc.ProtobufRpcEngine2$Server$ProtoBufRpcInvoker.call(ProtobufRpcEngine2.java:578) [hadoop-common-3.3.4.jar:?]
	at org.apache.hadoop.ipc.ProtobufRpcEngine2$Server$ProtoBufRpcInvoker.call(ProtobufRpcEngine2.java:556) [hadoop-common-3.3.4.jar:?]
	at org.apache.hadoop.ipc.RPC$Server.call(RPC.java:1093) [hadoop-common-3.3.4.jar:?]
	at org.apache.hadoop.ipc.Server$RpcCall.run(Server.java:1043) [hadoop-common-3.3.4.jar:?]
	at org.apache.hadoop.ipc.Server$RpcCall.run(Server.java:971) [hadoop-common-3.3.4.jar:?]
	at java.security.AccessController.doPrivileged(Native Method) ~[?:1.8.0_352]
	at javax.security.auth.Subject.doAs(Subject.java:422) [?:1.8.0_352]
	at org.apache.hadoop.security.UserGroupInformation.doAs(UserGroupInformation.java:1878) [hadoop-common-3.3.4.jar:?]
	at org.apache.hadoop.ipc.Server$Handler.run(Server.java:2976) [hadoop-common-3.3.4.jar:?]
10:06:28.395 [IPC Server handler 9 on default port 41175] ERROR OMAudit - user=runner | ip=127.0.0.1 | op=GET_FILE_STATUS {volume=volume17571, bucket=bucket85979, key=gdir1/dir4, dataSize=0, replicationConfig=null} | ret=FAILURE
org.apache.hadoop.ozone.om.exceptions.OMException: Unable to get file status: volume: volume17571 bucket: bucket85979 key: gdir1/dir4
	at org.apache.hadoop.ozone.om.KeyManagerImpl.getOzoneFileStatus(KeyManagerImpl.java:1301) ~[ozone-manager-1.4.0-SNAPSHOT.jar:?]
	at org.apache.hadoop.ozone.om.KeyManagerImpl.getFileStatus(KeyManagerImpl.java:1219) ~[ozone-manager-1.4.0-SNAPSHOT.jar:?]
	at org.apache.hadoop.ozone.om.OzoneManager.getFileStatus(OzoneManager.java:3578) ~[ozone-manager-1.4.0-SNAPSHOT.jar:?]
	at org.apache.hadoop.ozone.protocolPB.OzoneManagerRequestHandler.getOzoneFileStatus(OzoneManagerRequestHandler.java:907) ~[ozone-manager-1.4.0-SNAPSHOT.jar:?]
	at org.apache.hadoop.ozone.protocolPB.OzoneManagerRequestHandler.handleReadRequest(OzoneManagerRequestHandler.java:231) ~[ozone-manager-1.4.0-SNAPSHOT.jar:?]
	at org.apache.hadoop.ozone.protocolPB.OzoneManagerProtocolServerSideTranslatorPB.submitReadRequestToOM(OzoneManagerProtocolServerSideTranslatorPB.java:226) ~[ozone-manager-1.4.0-SNAPSHOT.jar:?]
	at org.apache.hadoop.ozone.protocolPB.OzoneManagerProtocolServerSideTranslatorPB.processRequest(OzoneManagerProtocolServerSideTranslatorPB.java:175) ~[ozone-manager-1.4.0-SNAPSHOT.jar:?]
	at org.apache.hadoop.hdds.server.OzoneProtocolMessageDispatcher.processRequest(OzoneProtocolMessageDispatcher.java:87) [hdds-server-framework-1.4.0-SNAPSHOT.jar:?]
	at org.apache.hadoop.ozone.protocolPB.OzoneManagerProtocolServerSideTranslatorPB.submitRequest(OzoneManagerProtocolServerSideTranslatorPB.java:147) [ozone-manager-1.4.0-SNAPSHOT.jar:?]
	at org.apache.hadoop.ozone.protocol.proto.OzoneManagerProtocolProtos$OzoneManagerService$2.callBlockingMethod(OzoneManagerProtocolProtos.java) [ozone-interface-client-1.4.0-SNAPSHOT.jar:?]
	at org.apache.hadoop.ipc.ProtobufRpcEngine$Server.processCall(ProtobufRpcEngine.java:465) [hadoop-common-3.3.4.jar:?]
	at org.apache.hadoop.ipc.ProtobufRpcEngine2$Server$ProtoBufRpcInvoker.call(ProtobufRpcEngine2.java:578) [hadoop-common-3.3.4.jar:?]
	at org.apache.hadoop.ipc.ProtobufRpcEngine2$Server$ProtoBufRpcInvoker.call(ProtobufRpcEngine2.java:556) [hadoop-common-3.3.4.jar:?]
	at org.apache.hadoop.ipc.RPC$Server.call(RPC.java:1093) [hadoop-common-3.3.4.jar:?]
	at org.apache.hadoop.ipc.Server$RpcCall.run(Server.java:1043) [hadoop-common-3.3.4.jar:?]
	at org.apache.hadoop.ipc.Server$RpcCall.run(Server.java:971) [hadoop-common-3.3.4.jar:?]
	at java.security.AccessController.doPrivileged(Native Method) ~[?:1.8.0_352]
	at javax.security.auth.Subject.doAs(Subject.java:422) [?:1.8.0_352]
	at org.apache.hadoop.security.UserGroupInformation.doAs(UserGroupInformation.java:1878) [hadoop-common-3.3.4.jar:?]
	at org.apache.hadoop.ipc.Server$Handler.run(Server.java:2976) [hadoop-common-3.3.4.jar:?]
10:06:28.398 [IPC Server handler 12 on default port 41175] ERROR OMAudit - user=runner | ip=127.0.0.1 | op=GET_FILE_STATUS {volume=volume17571, bucket=bucket85979, key=gdir1/dir4/child, dataSize=0, replicationConfig=null} | ret=FAILURE
org.apache.hadoop.ozone.om.exceptions.OMException: Unable to get file status: volume: volume17571 bucket: bucket85979 key: gdir1/dir4/child
	at org.apache.hadoop.ozone.om.KeyManagerImpl.getOzoneFileStatus(KeyManagerImpl.java:1301) ~[ozone-manager-1.4.0-SNAPSHOT.jar:?]
	at org.apache.hadoop.ozone.om.KeyManagerImpl.getFileStatus(KeyManagerImpl.java:1219) ~[ozone-manager-1.4.0-SNAPSHOT.jar:?]
	at org.apache.hadoop.ozone.om.OzoneManager.getFileStatus(OzoneManager.java:3578) ~[ozone-manager-1.4.0-SNAPSHOT.jar:?]
	at org.apache.hadoop.ozone.protocolPB.OzoneManagerRequestHandler.getOzoneFileStatus(OzoneManagerRequestHandler.java:907) ~[ozone-manager-1.4.0-SNAPSHOT.jar:?]
	at org.apache.hadoop.ozone.protocolPB.OzoneManagerRequestHandler.handleReadRequest(OzoneManagerRequestHandler.java:231) ~[ozone-manager-1.4.0-SNAPSHOT.jar:?]
	at org.apache.hadoop.ozone.protocolPB.OzoneManagerProtocolServerSideTranslatorPB.submitReadRequestToOM(OzoneManagerProtocolServerSideTranslatorPB.java:226) ~[ozone-manager-1.4.0-SNAPSHOT.jar:?]
	at org.apache.hadoop.ozone.protocolPB.OzoneManagerProtocolServerSideTranslatorPB.processRequest(OzoneManagerProtocolServerSideTranslatorPB.java:175) ~[ozone-manager-1.4.0-SNAPSHOT.jar:?]
	at org.apache.hadoop.hdds.server.OzoneProtocolMessageDispatcher.processRequest(OzoneProtocolMessageDispatcher.java:87) [hdds-server-framework-1.4.0-SNAPSHOT.jar:?]
	at org.apache.hadoop.ozone.protocolPB.OzoneManagerProtocolServerSideTranslatorPB.submitRequest(OzoneManagerProtocolServerSideTranslatorPB.java:147) [ozone-manager-1.4.0-SNAPSHOT.jar:?]
	at org.apache.hadoop.ozone.protocol.proto.OzoneManagerProtocolProtos$OzoneManagerService$2.callBlockingMethod(OzoneManagerProtocolProtos.java) [ozone-interface-client-1.4.0-SNAPSHOT.jar:?]
	at org.apache.hadoop.ipc.ProtobufRpcEngine$Server.processCall(ProtobufRpcEngine.java:465) [hadoop-common-3.3.4.jar:?]
	at org.apache.hadoop.ipc.ProtobufRpcEngine2$Server$ProtoBufRpcInvoker.call(ProtobufRpcEngine2.java:578) [hadoop-common-3.3.4.jar:?]
	at org.apache.hadoop.ipc.ProtobufRpcEngine2$Server$ProtoBufRpcInvoker.call(ProtobufRpcEngine2.java:556) [hadoop-common-3.3.4.jar:?]
	at org.apache.hadoop.ipc.RPC$Server.call(RPC.java:1093) [hadoop-common-3.3.4.jar:?]
	at org.apache.hadoop.ipc.Server$RpcCall.run(Server.java:1043) [hadoop-common-3.3.4.jar:?]
	at org.apache.hadoop.ipc.Server$RpcCall.run(Server.java:971) [hadoop-common-3.3.4.jar:?]
	at java.security.AccessController.doPrivileged(Native Method) ~[?:1.8.0_352]
	at javax.security.auth.Subject.doAs(Subject.java:422) [?:1.8.0_352]
	at org.apache.hadoop.security.UserGroupInformation.doAs(UserGroupInformation.java:1878) [hadoop-common-3.3.4.jar:?]
	at org.apache.hadoop.ipc.Server$Handler.run(Server.java:2976) [hadoop-common-3.3.4.jar:?]
2023-01-03 10:06:28,399 [EventQueue-CommandQueueReportForCommandQueueReportHandler] WARN  events.EventQueue (EventQueue.java:fireEvent(216)) - No event handler registered for event TypedEvent{payloadType=DatanodeDetails, name='Datanode_Command_Queue_Updated'}
10:06:28.399 [IPC Server handler 10 on default port 41175] ERROR OMAudit - user=runner | ip=127.0.0.1 | op=GET_FILE_STATUS {volume=volume17571, bucket=bucket85979, key=gdir1/dir5, dataSize=0, replicationConfig=null} | ret=FAILURE
org.apache.hadoop.ozone.om.exceptions.OMException: Unable to get file status: volume: volume17571 bucket: bucket85979 key: gdir1/dir5
	at org.apache.hadoop.ozone.om.KeyManagerImpl.getOzoneFileStatus(KeyManagerImpl.java:1301) ~[ozone-manager-1.4.0-SNAPSHOT.jar:?]
	at org.apache.hadoop.ozone.om.KeyManagerImpl.getFileStatus(KeyManagerImpl.java:1219) ~[ozone-manager-1.4.0-SNAPSHOT.jar:?]
	at org.apache.hadoop.ozone.om.OzoneManager.getFileStatus(OzoneManager.java:3578) ~[ozone-manager-1.4.0-SNAPSHOT.jar:?]
	at org.apache.hadoop.ozone.protocolPB.OzoneManagerRequestHandler.getOzoneFileStatus(OzoneManagerRequestHandler.java:907) ~[ozone-manager-1.4.0-SNAPSHOT.jar:?]
	at org.apache.hadoop.ozone.protocolPB.OzoneManagerRequestHandler.handleReadRequest(OzoneManagerRequestHandler.java:231) ~[ozone-manager-1.4.0-SNAPSHOT.jar:?]
	at org.apache.hadoop.ozone.protocolPB.OzoneManagerProtocolServerSideTranslatorPB.submitReadRequestToOM(OzoneManagerProtocolServerSideTranslatorPB.java:226) ~[ozone-manager-1.4.0-SNAPSHOT.jar:?]
	at org.apache.hadoop.ozone.protocolPB.OzoneManagerProtocolServerSideTranslatorPB.processRequest(OzoneManagerProtocolServerSideTranslatorPB.java:175) ~[ozone-manager-1.4.0-SNAPSHOT.jar:?]
	at org.apache.hadoop.hdds.server.OzoneProtocolMessageDispatcher.processRequest(OzoneProtocolMessageDispatcher.java:87) [hdds-server-framework-1.4.0-SNAPSHOT.jar:?]
	at org.apache.hadoop.ozone.protocolPB.OzoneManagerProtocolServerSideTranslatorPB.submitRequest(OzoneManagerProtocolServerSideTranslatorPB.java:147) [ozone-manager-1.4.0-SNAPSHOT.jar:?]
	at org.apache.hadoop.ozone.protocol.proto.OzoneManagerProtocolProtos$OzoneManagerService$2.callBlockingMethod(OzoneManagerProtocolProtos.java) [ozone-interface-client-1.4.0-SNAPSHOT.jar:?]
	at org.apache.hadoop.ipc.ProtobufRpcEngine$Server.processCall(ProtobufRpcEngine.java:465) [hadoop-common-3.3.4.jar:?]
	at org.apache.hadoop.ipc.ProtobufRpcEngine2$Server$ProtoBufRpcInvoker.call(ProtobufRpcEngine2.java:578) [hadoop-common-3.3.4.jar:?]
	at org.apache.hadoop.ipc.ProtobufRpcEngine2$Server$ProtoBufRpcInvoker.call(ProtobufRpcEngine2.java:556) [hadoop-common-3.3.4.jar:?]
	at org.apache.hadoop.ipc.RPC$Server.call(RPC.java:1093) [hadoop-common-3.3.4.jar:?]
	at org.apache.hadoop.ipc.Server$RpcCall.run(Server.java:1043) [hadoop-common-3.3.4.jar:?]
	at org.apache.hadoop.ipc.Server$RpcCall.run(Server.java:971) [hadoop-common-3.3.4.jar:?]
	at java.security.AccessController.doPrivileged(Native Method) ~[?:1.8.0_352]
	at javax.security.auth.Subject.doAs(Subject.java:422) [?:1.8.0_352]
	at org.apache.hadoop.security.UserGroupInformation.doAs(UserGroupInformation.java:1878) [hadoop-common-3.3.4.jar:?]
	at org.apache.hadoop.ipc.Server$Handler.run(Server.java:2976) [hadoop-common-3.3.4.jar:?]
10:06:28.401 [IPC Server handler 7 on default port 41175] ERROR OMAudit - user=runner | ip=127.0.0.1 | op=GET_FILE_STATUS {volume=volume17571, bucket=bucket85979, key=gdir1/dir5/child, dataSize=0, replicationConfig=null} | ret=FAILURE
org.apache.hadoop.ozone.om.exceptions.OMException: Unable to get file status: volume: volume17571 bucket: bucket85979 key: gdir1/dir5/child
	at org.apache.hadoop.ozone.om.KeyManagerImpl.getOzoneFileStatus(KeyManagerImpl.java:1301) ~[ozone-manager-1.4.0-SNAPSHOT.jar:?]
	at org.apache.hadoop.ozone.om.KeyManagerImpl.getFileStatus(KeyManagerImpl.java:1219) ~[ozone-manager-1.4.0-SNAPSHOT.jar:?]
	at org.apache.hadoop.ozone.om.OzoneManager.getFileStatus(OzoneManager.java:3578) ~[ozone-manager-1.4.0-SNAPSHOT.jar:?]
	at org.apache.hadoop.ozone.protocolPB.OzoneManagerRequestHandler.getOzoneFileStatus(OzoneManagerRequestHandler.java:907) ~[ozone-manager-1.4.0-SNAPSHOT.jar:?]
	at org.apache.hadoop.ozone.protocolPB.OzoneManagerRequestHandler.handleReadRequest(OzoneManagerRequestHandler.java:231) ~[ozone-manager-1.4.0-SNAPSHOT.jar:?]
	at org.apache.hadoop.ozone.protocolPB.OzoneManagerProtocolServerSideTranslatorPB.submitReadRequestToOM(OzoneManagerProtocolServerSideTranslatorPB.java:226) ~[ozone-manager-1.4.0-SNAPSHOT.jar:?]
	at org.apache.hadoop.ozone.protocolPB.OzoneManagerProtocolServerSideTranslatorPB.processRequest(OzoneManagerProtocolServerSideTranslatorPB.java:175) ~[ozone-manager-1.4.0-SNAPSHOT.jar:?]
	at org.apache.hadoop.hdds.server.OzoneProtocolMessageDispatcher.processRequest(OzoneProtocolMessageDispatcher.java:87) [hdds-server-framework-1.4.0-SNAPSHOT.jar:?]
	at org.apache.hadoop.ozone.protocolPB.OzoneManagerProtocolServerSideTranslatorPB.submitRequest(OzoneManagerProtocolServerSideTranslatorPB.java:147) [ozone-manager-1.4.0-SNAPSHOT.jar:?]
	at org.apache.hadoop.ozone.protocol.proto.OzoneManagerProtocolProtos$OzoneManagerService$2.callBlockingMethod(OzoneManagerProtocolProtos.java) [ozone-interface-client-1.4.0-SNAPSHOT.jar:?]
	at org.apache.hadoop.ipc.ProtobufRpcEngine$Server.processCall(ProtobufRpcEngine.java:465) [hadoop-common-3.3.4.jar:?]
	at org.apache.hadoop.ipc.ProtobufRpcEngine2$Server$ProtoBufRpcInvoker.call(ProtobufRpcEngine2.java:578) [hadoop-common-3.3.4.jar:?]
	at org.apache.hadoop.ipc.ProtobufRpcEngine2$Server$ProtoBufRpcInvoker.call(ProtobufRpcEngine2.java:556) [hadoop-common-3.3.4.jar:?]
	at org.apache.hadoop.ipc.RPC$Server.call(RPC.java:1093) [hadoop-common-3.3.4.jar:?]
	at org.apache.hadoop.ipc.Server$RpcCall.run(Server.java:1043) [hadoop-common-3.3.4.jar:?]
	at org.apache.hadoop.ipc.Server$RpcCall.run(Server.java:971) [hadoop-common-3.3.4.jar:?]
	at java.security.AccessController.doPrivileged(Native Method) ~[?:1.8.0_352]
	at javax.security.auth.Subject.doAs(Subject.java:422) [?:1.8.0_352]
	at org.apache.hadoop.security.UserGroupInformation.doAs(UserGroupInformation.java:1878) [hadoop-common-3.3.4.jar:?]
	at org.apache.hadoop.ipc.Server$Handler.run(Server.java:2976) [hadoop-common-3.3.4.jar:?]
10:06:28.402 [IPC Server handler 15 on default port 41175] ERROR OMAudit - user=runner | ip=127.0.0.1 | op=GET_FILE_STATUS {volume=volume17571, bucket=bucket85979, key=gdir1/dir6, dataSize=0, replicationConfig=null} | ret=FAILURE
org.apache.hadoop.ozone.om.exceptions.OMException: Unable to get file status: volume: volume17571 bucket: bucket85979 key: gdir1/dir6
	at org.apache.hadoop.ozone.om.KeyManagerImpl.getOzoneFileStatus(KeyManagerImpl.java:1301) ~[ozone-manager-1.4.0-SNAPSHOT.jar:?]
	at org.apache.hadoop.ozone.om.KeyManagerImpl.getFileStatus(KeyManagerImpl.java:1219) ~[ozone-manager-1.4.0-SNAPSHOT.jar:?]
	at org.apache.hadoop.ozone.om.OzoneManager.getFileStatus(OzoneManager.java:3578) ~[ozone-manager-1.4.0-SNAPSHOT.jar:?]
	at org.apache.hadoop.ozone.protocolPB.OzoneManagerRequestHandler.getOzoneFileStatus(OzoneManagerRequestHandler.java:907) ~[ozone-manager-1.4.0-SNAPSHOT.jar:?]
	at org.apache.hadoop.ozone.protocolPB.OzoneManagerRequestHandler.handleReadRequest(OzoneManagerRequestHandler.java:231) ~[ozone-manager-1.4.0-SNAPSHOT.jar:?]
	at org.apache.hadoop.ozone.protocolPB.OzoneManagerProtocolServerSideTranslatorPB.submitReadRequestToOM(OzoneManagerProtocolServerSideTranslatorPB.java:226) ~[ozone-manager-1.4.0-SNAPSHOT.jar:?]
	at org.apache.hadoop.ozone.protocolPB.OzoneManagerProtocolServerSideTranslatorPB.processRequest(OzoneManagerProtocolServerSideTranslatorPB.java:175) ~[ozone-manager-1.4.0-SNAPSHOT.jar:?]
	at org.apache.hadoop.hdds.server.OzoneProtocolMessageDispatcher.processRequest(OzoneProtocolMessageDispatcher.java:87) [hdds-server-framework-1.4.0-SNAPSHOT.jar:?]
	at org.apache.hadoop.ozone.protocolPB.OzoneManagerProtocolServerSideTranslatorPB.submitRequest(OzoneManagerProtocolServerSideTranslatorPB.java:147) [ozone-manager-1.4.0-SNAPSHOT.jar:?]
	at org.apache.hadoop.ozone.protocol.proto.OzoneManagerProtocolProtos$OzoneManagerService$2.callBlockingMethod(OzoneManagerProtocolProtos.java) [ozone-interface-client-1.4.0-SNAPSHOT.jar:?]
	at org.apache.hadoop.ipc.ProtobufRpcEngine$Server.processCall(ProtobufRpcEngine.java:465) [hadoop-common-3.3.4.jar:?]
	at org.apache.hadoop.ipc.ProtobufRpcEngine2$Server$ProtoBufRpcInvoker.call(ProtobufRpcEngine2.java:578) [hadoop-common-3.3.4.jar:?]
	at org.apache.hadoop.ipc.ProtobufRpcEngine2$Server$ProtoBufRpcInvoker.call(ProtobufRpcEngine2.java:556) [hadoop-common-3.3.4.jar:?]
	at org.apache.hadoop.ipc.RPC$Server.call(RPC.java:1093) [hadoop-common-3.3.4.jar:?]
	at org.apache.hadoop.ipc.Server$RpcCall.run(Server.java:1043) [hadoop-common-3.3.4.jar:?]
	at org.apache.hadoop.ipc.Server$RpcCall.run(Server.java:971) [hadoop-common-3.3.4.jar:?]
	at java.security.AccessController.doPrivileged(Native Method) ~[?:1.8.0_352]
	at javax.security.auth.Subject.doAs(Subject.java:422) [?:1.8.0_352]
	at org.apache.hadoop.security.UserGroupInformation.doAs(UserGroupInformation.java:1878) [hadoop-common-3.3.4.jar:?]
	at org.apache.hadoop.ipc.Server$Handler.run(Server.java:2976) [hadoop-common-3.3.4.jar:?]
10:06:28.403 [IPC Server handler 17 on default port 41175] ERROR OMAudit - user=runner | ip=127.0.0.1 | op=GET_FILE_STATUS {volume=volume17571, bucket=bucket85979, key=gdir1/dir6/child, dataSize=0, replicationConfig=null} | ret=FAILURE
org.apache.hadoop.ozone.om.exceptions.OMException: Unable to get file status: volume: volume17571 bucket: bucket85979 key: gdir1/dir6/child
	at org.apache.hadoop.ozone.om.KeyManagerImpl.getOzoneFileStatus(KeyManagerImpl.java:1301) ~[ozone-manager-1.4.0-SNAPSHOT.jar:?]
	at org.apache.hadoop.ozone.om.KeyManagerImpl.getFileStatus(KeyManagerImpl.java:1219) ~[ozone-manager-1.4.0-SNAPSHOT.jar:?]
	at org.apache.hadoop.ozone.om.OzoneManager.getFileStatus(OzoneManager.java:3578) ~[ozone-manager-1.4.0-SNAPSHOT.jar:?]
	at org.apache.hadoop.ozone.protocolPB.OzoneManagerRequestHandler.getOzoneFileStatus(OzoneManagerRequestHandler.java:907) ~[ozone-manager-1.4.0-SNAPSHOT.jar:?]
	at org.apache.hadoop.ozone.protocolPB.OzoneManagerRequestHandler.handleReadRequest(OzoneManagerRequestHandler.java:231) ~[ozone-manager-1.4.0-SNAPSHOT.jar:?]
	at org.apache.hadoop.ozone.protocolPB.OzoneManagerProtocolServerSideTranslatorPB.submitReadRequestToOM(OzoneManagerProtocolServerSideTranslatorPB.java:226) ~[ozone-manager-1.4.0-SNAPSHOT.jar:?]
	at org.apache.hadoop.ozone.protocolPB.OzoneManagerProtocolServerSideTranslatorPB.processRequest(OzoneManagerProtocolServerSideTranslatorPB.java:175) ~[ozone-manager-1.4.0-SNAPSHOT.jar:?]
	at org.apache.hadoop.hdds.server.OzoneProtocolMessageDispatcher.processRequest(OzoneProtocolMessageDispatcher.java:87) [hdds-server-framework-1.4.0-SNAPSHOT.jar:?]
	at org.apache.hadoop.ozone.protocolPB.OzoneManagerProtocolServerSideTranslatorPB.submitRequest(OzoneManagerProtocolServerSideTranslatorPB.java:147) [ozone-manager-1.4.0-SNAPSHOT.jar:?]
	at org.apache.hadoop.ozone.protocol.proto.OzoneManagerProtocolProtos$OzoneManagerService$2.callBlockingMethod(OzoneManagerProtocolProtos.java) [ozone-interface-client-1.4.0-SNAPSHOT.jar:?]
	at org.apache.hadoop.ipc.ProtobufRpcEngine$Server.processCall(ProtobufRpcEngine.java:465) [hadoop-common-3.3.4.jar:?]
	at org.apache.hadoop.ipc.ProtobufRpcEngine2$Server$ProtoBufRpcInvoker.call(ProtobufRpcEngine2.java:578) [hadoop-common-3.3.4.jar:?]
	at org.apache.hadoop.ipc.ProtobufRpcEngine2$Server$ProtoBufRpcInvoker.call(ProtobufRpcEngine2.java:556) [hadoop-common-3.3.4.jar:?]
	at org.apache.hadoop.ipc.RPC$Server.call(RPC.java:1093) [hadoop-common-3.3.4.jar:?]
	at org.apache.hadoop.ipc.Server$RpcCall.run(Server.java:1043) [hadoop-common-3.3.4.jar:?]
	at org.apache.hadoop.ipc.Server$RpcCall.run(Server.java:971) [hadoop-common-3.3.4.jar:?]
	at java.security.AccessController.doPrivileged(Native Method) ~[?:1.8.0_352]
	at javax.security.auth.Subject.doAs(Subject.java:422) [?:1.8.0_352]
	at org.apache.hadoop.security.UserGroupInformation.doAs(UserGroupInformation.java:1878) [hadoop-common-3.3.4.jar:?]
	at org.apache.hadoop.ipc.Server$Handler.run(Server.java:2976) [hadoop-common-3.3.4.jar:?]
10:06:28.404 [IPC Server handler 8 on default port 41175] ERROR OMAudit - user=runner | ip=127.0.0.1 | op=GET_FILE_STATUS {volume=volume17571, bucket=bucket85979, key=gdir1/dir7, dataSize=0, replicationConfig=null} | ret=FAILURE
org.apache.hadoop.ozone.om.exceptions.OMException: Unable to get file status: volume: volume17571 bucket: bucket85979 key: gdir1/dir7
	at org.apache.hadoop.ozone.om.KeyManagerImpl.getOzoneFileStatus(KeyManagerImpl.java:1301) ~[ozone-manager-1.4.0-SNAPSHOT.jar:?]
	at org.apache.hadoop.ozone.om.KeyManagerImpl.getFileStatus(KeyManagerImpl.java:1219) ~[ozone-manager-1.4.0-SNAPSHOT.jar:?]
	at org.apache.hadoop.ozone.om.OzoneManager.getFileStatus(OzoneManager.java:3578) ~[ozone-manager-1.4.0-SNAPSHOT.jar:?]
	at org.apache.hadoop.ozone.protocolPB.OzoneManagerRequestHandler.getOzoneFileStatus(OzoneManagerRequestHandler.java:907) ~[ozone-manager-1.4.0-SNAPSHOT.jar:?]
	at org.apache.hadoop.ozone.protocolPB.OzoneManagerRequestHandler.handleReadRequest(OzoneManagerRequestHandler.java:231) ~[ozone-manager-1.4.0-SNAPSHOT.jar:?]
	at org.apache.hadoop.ozone.protocolPB.OzoneManagerProtocolServerSideTranslatorPB.submitReadRequestToOM(OzoneManagerProtocolServerSideTranslatorPB.java:226) ~[ozone-manager-1.4.0-SNAPSHOT.jar:?]
	at org.apache.hadoop.ozone.protocolPB.OzoneManagerProtocolServerSideTranslatorPB.processRequest(OzoneManagerProtocolServerSideTranslatorPB.java:175) ~[ozone-manager-1.4.0-SNAPSHOT.jar:?]
	at org.apache.hadoop.hdds.server.OzoneProtocolMessageDispatcher.processRequest(OzoneProtocolMessageDispatcher.java:87) [hdds-server-framework-1.4.0-SNAPSHOT.jar:?]
	at org.apache.hadoop.ozone.protocolPB.OzoneManagerProtocolServerSideTranslatorPB.submitRequest(OzoneManagerProtocolServerSideTranslatorPB.java:147) [ozone-manager-1.4.0-SNAPSHOT.jar:?]
	at org.apache.hadoop.ozone.protocol.proto.OzoneManagerProtocolProtos$OzoneManagerService$2.callBlockingMethod(OzoneManagerProtocolProtos.java) [ozone-interface-client-1.4.0-SNAPSHOT.jar:?]
	at org.apache.hadoop.ipc.ProtobufRpcEngine$Server.processCall(ProtobufRpcEngine.java:465) [hadoop-common-3.3.4.jar:?]
	at org.apache.hadoop.ipc.ProtobufRpcEngine2$Server$ProtoBufRpcInvoker.call(ProtobufRpcEngine2.java:578) [hadoop-common-3.3.4.jar:?]
	at org.apache.hadoop.ipc.ProtobufRpcEngine2$Server$ProtoBufRpcInvoker.call(ProtobufRpcEngine2.java:556) [hadoop-common-3.3.4.jar:?]
	at org.apache.hadoop.ipc.RPC$Server.call(RPC.java:1093) [hadoop-common-3.3.4.jar:?]
	at org.apache.hadoop.ipc.Server$RpcCall.run(Server.java:1043) [hadoop-common-3.3.4.jar:?]
	at org.apache.hadoop.ipc.Server$RpcCall.run(Server.java:971) [hadoop-common-3.3.4.jar:?]
	at java.security.AccessController.doPrivileged(Native Method) ~[?:1.8.0_352]
	at javax.security.auth.Subject.doAs(Subject.java:422) [?:1.8.0_352]
	at org.apache.hadoop.security.UserGroupInformation.doAs(UserGroupInformation.java:1878) [hadoop-common-3.3.4.jar:?]
	at org.apache.hadoop.ipc.Server$Handler.run(Server.java:2976) [hadoop-common-3.3.4.jar:?]
10:06:28.405 [IPC Server handler 11 on default port 41175] ERROR OMAudit - user=runner | ip=127.0.0.1 | op=GET_FILE_STATUS {volume=volume17571, bucket=bucket85979, key=gdir1/dir7/child, dataSize=0, replicationConfig=null} | ret=FAILURE
org.apache.hadoop.ozone.om.exceptions.OMException: Unable to get file status: volume: volume17571 bucket: bucket85979 key: gdir1/dir7/child
	at org.apache.hadoop.ozone.om.KeyManagerImpl.getOzoneFileStatus(KeyManagerImpl.java:1301) ~[ozone-manager-1.4.0-SNAPSHOT.jar:?]
	at org.apache.hadoop.ozone.om.KeyManagerImpl.getFileStatus(KeyManagerImpl.java:1219) ~[ozone-manager-1.4.0-SNAPSHOT.jar:?]
	at org.apache.hadoop.ozone.om.OzoneManager.getFileStatus(OzoneManager.java:3578) ~[ozone-manager-1.4.0-SNAPSHOT.jar:?]
	at org.apache.hadoop.ozone.protocolPB.OzoneManagerRequestHandler.getOzoneFileStatus(OzoneManagerRequestHandler.java:907) ~[ozone-manager-1.4.0-SNAPSHOT.jar:?]
	at org.apache.hadoop.ozone.protocolPB.OzoneManagerRequestHandler.handleReadRequest(OzoneManagerRequestHandler.java:231) ~[ozone-manager-1.4.0-SNAPSHOT.jar:?]
	at org.apache.hadoop.ozone.protocolPB.OzoneManagerProtocolServerSideTranslatorPB.submitReadRequestToOM(OzoneManagerProtocolServerSideTranslatorPB.java:226) ~[ozone-manager-1.4.0-SNAPSHOT.jar:?]
	at org.apache.hadoop.ozone.protocolPB.OzoneManagerProtocolServerSideTranslatorPB.processRequest(OzoneManagerProtocolServerSideTranslatorPB.java:175) ~[ozone-manager-1.4.0-SNAPSHOT.jar:?]
	at org.apache.hadoop.hdds.server.OzoneProtocolMessageDispatcher.processRequest(OzoneProtocolMessageDispatcher.java:87) [hdds-server-framework-1.4.0-SNAPSHOT.jar:?]
	at org.apache.hadoop.ozone.protocolPB.OzoneManagerProtocolServerSideTranslatorPB.submitRequest(OzoneManagerProtocolServerSideTranslatorPB.java:147) [ozone-manager-1.4.0-SNAPSHOT.jar:?]
	at org.apache.hadoop.ozone.protocol.proto.OzoneManagerProtocolProtos$OzoneManagerService$2.callBlockingMethod(OzoneManagerProtocolProtos.java) [ozone-interface-client-1.4.0-SNAPSHOT.jar:?]
	at org.apache.hadoop.ipc.ProtobufRpcEngine$Server.processCall(ProtobufRpcEngine.java:465) [hadoop-common-3.3.4.jar:?]
	at org.apache.hadoop.ipc.ProtobufRpcEngine2$Server$ProtoBufRpcInvoker.call(ProtobufRpcEngine2.java:578) [hadoop-common-3.3.4.jar:?]
	at org.apache.hadoop.ipc.ProtobufRpcEngine2$Server$ProtoBufRpcInvoker.call(ProtobufRpcEngine2.java:556) [hadoop-common-3.3.4.jar:?]
	at org.apache.hadoop.ipc.RPC$Server.call(RPC.java:1093) [hadoop-common-3.3.4.jar:?]
	at org.apache.hadoop.ipc.Server$RpcCall.run(Server.java:1043) [hadoop-common-3.3.4.jar:?]
	at org.apache.hadoop.ipc.Server$RpcCall.run(Server.java:971) [hadoop-common-3.3.4.jar:?]
	at java.security.AccessController.doPrivileged(Native Method) ~[?:1.8.0_352]
	at javax.security.auth.Subject.doAs(Subject.java:422) [?:1.8.0_352]
	at org.apache.hadoop.security.UserGroupInformation.doAs(UserGroupInformation.java:1878) [hadoop-common-3.3.4.jar:?]
	at org.apache.hadoop.ipc.Server$Handler.run(Server.java:2976) [hadoop-common-3.3.4.jar:?]
10:06:28.409 [IPC Server handler 16 on default port 41175] ERROR OMAudit - user=runner | ip=127.0.0.1 | op=GET_FILE_STATUS {volume=volume17571, bucket=bucket85979, key=gdir1/dir8, dataSize=0, replicationConfig=null} | ret=FAILURE
org.apache.hadoop.ozone.om.exceptions.OMException: Unable to get file status: volume: volume17571 bucket: bucket85979 key: gdir1/dir8
	at org.apache.hadoop.ozone.om.KeyManagerImpl.getOzoneFileStatus(KeyManagerImpl.java:1301) ~[ozone-manager-1.4.0-SNAPSHOT.jar:?]
	at org.apache.hadoop.ozone.om.KeyManagerImpl.getFileStatus(KeyManagerImpl.java:1219) ~[ozone-manager-1.4.0-SNAPSHOT.jar:?]
	at org.apache.hadoop.ozone.om.OzoneManager.getFileStatus(OzoneManager.java:3578) ~[ozone-manager-1.4.0-SNAPSHOT.jar:?]
	at org.apache.hadoop.ozone.protocolPB.OzoneManagerRequestHandler.getOzoneFileStatus(OzoneManagerRequestHandler.java:907) ~[ozone-manager-1.4.0-SNAPSHOT.jar:?]
	at org.apache.hadoop.ozone.protocolPB.OzoneManagerRequestHandler.handleReadRequest(OzoneManagerRequestHandler.java:231) ~[ozone-manager-1.4.0-SNAPSHOT.jar:?]
	at org.apache.hadoop.ozone.protocolPB.OzoneManagerProtocolServerSideTranslatorPB.submitReadRequestToOM(OzoneManagerProtocolServerSideTranslatorPB.java:226) ~[ozone-manager-1.4.0-SNAPSHOT.jar:?]
	at org.apache.hadoop.ozone.protocolPB.OzoneManagerProtocolServerSideTranslatorPB.processRequest(OzoneManagerProtocolServerSideTranslatorPB.java:175) ~[ozone-manager-1.4.0-SNAPSHOT.jar:?]
	at org.apache.hadoop.hdds.server.OzoneProtocolMessageDispatcher.processRequest(OzoneProtocolMessageDispatcher.java:87) [hdds-server-framework-1.4.0-SNAPSHOT.jar:?]
	at org.apache.hadoop.ozone.protocolPB.OzoneManagerProtocolServerSideTranslatorPB.submitRequest(OzoneManagerProtocolServerSideTranslatorPB.java:147) [ozone-manager-1.4.0-SNAPSHOT.jar:?]
	at org.apache.hadoop.ozone.protocol.proto.OzoneManagerProtocolProtos$OzoneManagerService$2.callBlockingMethod(OzoneManagerProtocolProtos.java) [ozone-interface-client-1.4.0-SNAPSHOT.jar:?]
	at org.apache.hadoop.ipc.ProtobufRpcEngine$Server.processCall(ProtobufRpcEngine.java:465) [hadoop-common-3.3.4.jar:?]
	at org.apache.hadoop.ipc.ProtobufRpcEngine2$Server$ProtoBufRpcInvoker.call(ProtobufRpcEngine2.java:578) [hadoop-common-3.3.4.jar:?]
	at org.apache.hadoop.ipc.ProtobufRpcEngine2$Server$ProtoBufRpcInvoker.call(ProtobufRpcEngine2.java:556) [hadoop-common-3.3.4.jar:?]
	at org.apache.hadoop.ipc.RPC$Server.call(RPC.java:1093) [hadoop-common-3.3.4.jar:?]
	at org.apache.hadoop.ipc.Server$RpcCall.run(Server.java:1043) [hadoop-common-3.3.4.jar:?]
	at org.apache.hadoop.ipc.Server$RpcCall.run(Server.java:971) [hadoop-common-3.3.4.jar:?]
	at java.security.AccessController.doPrivileged(Native Method) ~[?:1.8.0_352]
	at javax.security.auth.Subject.doAs(Subject.java:422) [?:1.8.0_352]
	at org.apache.hadoop.security.UserGroupInformation.doAs(UserGroupInformation.java:1878) [hadoop-common-3.3.4.jar:?]
	at org.apache.hadoop.ipc.Server$Handler.run(Server.java:2976) [hadoop-common-3.3.4.jar:?]
10:06:28.411 [IPC Server handler 14 on default port 41175] ERROR OMAudit - user=runner | ip=127.0.0.1 | op=GET_FILE_STATUS {volume=volume17571, bucket=bucket85979, key=gdir1/dir8/child, dataSize=0, replicationConfig=null} | ret=FAILURE
org.apache.hadoop.ozone.om.exceptions.OMException: Unable to get file status: volume: volume17571 bucket: bucket85979 key: gdir1/dir8/child
	at org.apache.hadoop.ozone.om.KeyManagerImpl.getOzoneFileStatus(KeyManagerImpl.java:1301) ~[ozone-manager-1.4.0-SNAPSHOT.jar:?]
	at org.apache.hadoop.ozone.om.KeyManagerImpl.getFileStatus(KeyManagerImpl.java:1219) ~[ozone-manager-1.4.0-SNAPSHOT.jar:?]
	at org.apache.hadoop.ozone.om.OzoneManager.getFileStatus(OzoneManager.java:3578) ~[ozone-manager-1.4.0-SNAPSHOT.jar:?]
	at org.apache.hadoop.ozone.protocolPB.OzoneManagerRequestHandler.getOzoneFileStatus(OzoneManagerRequestHandler.java:907) ~[ozone-manager-1.4.0-SNAPSHOT.jar:?]
	at org.apache.hadoop.ozone.protocolPB.OzoneManagerRequestHandler.handleReadRequest(OzoneManagerRequestHandler.java:231) ~[ozone-manager-1.4.0-SNAPSHOT.jar:?]
	at org.apache.hadoop.ozone.protocolPB.OzoneManagerProtocolServerSideTranslatorPB.submitReadRequestToOM(OzoneManagerProtocolServerSideTranslatorPB.java:226) ~[ozone-manager-1.4.0-SNAPSHOT.jar:?]
	at org.apache.hadoop.ozone.protocolPB.OzoneManagerProtocolServerSideTranslatorPB.processRequest(OzoneManagerProtocolServerSideTranslatorPB.java:175) ~[ozone-manager-1.4.0-SNAPSHOT.jar:?]
	at org.apache.hadoop.hdds.server.OzoneProtocolMessageDispatcher.processRequest(OzoneProtocolMessageDispatcher.java:87) [hdds-server-framework-1.4.0-SNAPSHOT.jar:?]
	at org.apache.hadoop.ozone.protocolPB.OzoneManagerProtocolServerSideTranslatorPB.submitRequest(OzoneManagerProtocolServerSideTranslatorPB.java:147) [ozone-manager-1.4.0-SNAPSHOT.jar:?]
	at org.apache.hadoop.ozone.protocol.proto.OzoneManagerProtocolProtos$OzoneManagerService$2.callBlockingMethod(OzoneManagerProtocolProtos.java) [ozone-interface-client-1.4.0-SNAPSHOT.jar:?]
	at org.apache.hadoop.ipc.ProtobufRpcEngine$Server.processCall(ProtobufRpcEngine.java:465) [hadoop-common-3.3.4.jar:?]
	at org.apache.hadoop.ipc.ProtobufRpcEngine2$Server$ProtoBufRpcInvoker.call(ProtobufRpcEngine2.java:578) [hadoop-common-3.3.4.jar:?]
	at org.apache.hadoop.ipc.ProtobufRpcEngine2$Server$ProtoBufRpcInvoker.call(ProtobufRpcEngine2.java:556) [hadoop-common-3.3.4.jar:?]
	at org.apache.hadoop.ipc.RPC$Server.call(RPC.java:1093) [hadoop-common-3.3.4.jar:?]
	at org.apache.hadoop.ipc.Server$RpcCall.run(Server.java:1043) [hadoop-common-3.3.4.jar:?]
	at org.apache.hadoop.ipc.Server$RpcCall.run(Server.java:971) [hadoop-common-3.3.4.jar:?]
	at java.security.AccessController.doPrivileged(Native Method) ~[?:1.8.0_352]
	at javax.security.auth.Subject.doAs(Subject.java:422) [?:1.8.0_352]
	at org.apache.hadoop.security.UserGroupInformation.doAs(UserGroupInformation.java:1878) [hadoop-common-3.3.4.jar:?]
	at org.apache.hadoop.ipc.Server$Handler.run(Server.java:2976) [hadoop-common-3.3.4.jar:?]
10:06:28.412 [IPC Server handler 5 on default port 41175] ERROR OMAudit - user=runner | ip=127.0.0.1 | op=GET_FILE_STATUS {volume=volume17571, bucket=bucket85979, key=gdir1/dir9, dataSize=0, replicationConfig=null} | ret=FAILURE
org.apache.hadoop.ozone.om.exceptions.OMException: Unable to get file status: volume: volume17571 bucket: bucket85979 key: gdir1/dir9
	at org.apache.hadoop.ozone.om.KeyManagerImpl.getOzoneFileStatus(KeyManagerImpl.java:1301) ~[ozone-manager-1.4.0-SNAPSHOT.jar:?]
	at org.apache.hadoop.ozone.om.KeyManagerImpl.getFileStatus(KeyManagerImpl.java:1219) ~[ozone-manager-1.4.0-SNAPSHOT.jar:?]
	at org.apache.hadoop.ozone.om.OzoneManager.getFileStatus(OzoneManager.java:3578) ~[ozone-manager-1.4.0-SNAPSHOT.jar:?]
	at org.apache.hadoop.ozone.protocolPB.OzoneManagerRequestHandler.getOzoneFileStatus(OzoneManagerRequestHandler.java:907) ~[ozone-manager-1.4.0-SNAPSHOT.jar:?]
	at org.apache.hadoop.ozone.protocolPB.OzoneManagerRequestHandler.handleReadRequest(OzoneManagerRequestHandler.java:231) ~[ozone-manager-1.4.0-SNAPSHOT.jar:?]
	at org.apache.hadoop.ozone.protocolPB.OzoneManagerProtocolServerSideTranslatorPB.submitReadRequestToOM(OzoneManagerProtocolServerSideTranslatorPB.java:226) ~[ozone-manager-1.4.0-SNAPSHOT.jar:?]
	at org.apache.hadoop.ozone.protocolPB.OzoneManagerProtocolServerSideTranslatorPB.processRequest(OzoneManagerProtocolServerSideTranslatorPB.java:175) ~[ozone-manager-1.4.0-SNAPSHOT.jar:?]
	at org.apache.hadoop.hdds.server.OzoneProtocolMessageDispatcher.processRequest(OzoneProtocolMessageDispatcher.java:87) [hdds-server-framework-1.4.0-SNAPSHOT.jar:?]
	at org.apache.hadoop.ozone.protocolPB.OzoneManagerProtocolServerSideTranslatorPB.submitRequest(OzoneManagerProtocolServerSideTranslatorPB.java:147) [ozone-manager-1.4.0-SNAPSHOT.jar:?]
	at org.apache.hadoop.ozone.protocol.proto.OzoneManagerProtocolProtos$OzoneManagerService$2.callBlockingMethod(OzoneManagerProtocolProtos.java) [ozone-interface-client-1.4.0-SNAPSHOT.jar:?]
	at org.apache.hadoop.ipc.ProtobufRpcEngine$Server.processCall(ProtobufRpcEngine.java:465) [hadoop-common-3.3.4.jar:?]
	at org.apache.hadoop.ipc.ProtobufRpcEngine2$Server$ProtoBufRpcInvoker.call(ProtobufRpcEngine2.java:578) [hadoop-common-3.3.4.jar:?]
	at org.apache.hadoop.ipc.ProtobufRpcEngine2$Server$ProtoBufRpcInvoker.call(ProtobufRpcEngine2.java:556) [hadoop-common-3.3.4.jar:?]
	at org.apache.hadoop.ipc.RPC$Server.call(RPC.java:1093) [hadoop-common-3.3.4.jar:?]
	at org.apache.hadoop.ipc.Server$RpcCall.run(Server.java:1043) [hadoop-common-3.3.4.jar:?]
	at org.apache.hadoop.ipc.Server$RpcCall.run(Server.java:971) [hadoop-common-3.3.4.jar:?]
	at java.security.AccessController.doPrivileged(Native Method) ~[?:1.8.0_352]
	at javax.security.auth.Subject.doAs(Subject.java:422) [?:1.8.0_352]
	at org.apache.hadoop.security.UserGroupInformation.doAs(UserGroupInformation.java:1878) [hadoop-common-3.3.4.jar:?]
	at org.apache.hadoop.ipc.Server$Handler.run(Server.java:2976) [hadoop-common-3.3.4.jar:?]
10:06:28.413 [IPC Server handler 4 on default port 41175] ERROR OMAudit - user=runner | ip=127.0.0.1 | op=GET_FILE_STATUS {volume=volume17571, bucket=bucket85979, key=gdir1/dir9/child, dataSize=0, replicationConfig=null} | ret=FAILURE
org.apache.hadoop.ozone.om.exceptions.OMException: Unable to get file status: volume: volume17571 bucket: bucket85979 key: gdir1/dir9/child
	at org.apache.hadoop.ozone.om.KeyManagerImpl.getOzoneFileStatus(KeyManagerImpl.java:1301) ~[ozone-manager-1.4.0-SNAPSHOT.jar:?]
	at org.apache.hadoop.ozone.om.KeyManagerImpl.getFileStatus(KeyManagerImpl.java:1219) ~[ozone-manager-1.4.0-SNAPSHOT.jar:?]
	at org.apache.hadoop.ozone.om.OzoneManager.getFileStatus(OzoneManager.java:3578) ~[ozone-manager-1.4.0-SNAPSHOT.jar:?]
	at org.apache.hadoop.ozone.protocolPB.OzoneManagerRequestHandler.getOzoneFileStatus(OzoneManagerRequestHandler.java:907) ~[ozone-manager-1.4.0-SNAPSHOT.jar:?]
	at org.apache.hadoop.ozone.protocolPB.OzoneManagerRequestHandler.handleReadRequest(OzoneManagerRequestHandler.java:231) ~[ozone-manager-1.4.0-SNAPSHOT.jar:?]
	at org.apache.hadoop.ozone.protocolPB.OzoneManagerProtocolServerSideTranslatorPB.submitReadRequestToOM(OzoneManagerProtocolServerSideTranslatorPB.java:226) ~[ozone-manager-1.4.0-SNAPSHOT.jar:?]
	at org.apache.hadoop.ozone.protocolPB.OzoneManagerProtocolServerSideTranslatorPB.processRequest(OzoneManagerProtocolServerSideTranslatorPB.java:175) ~[ozone-manager-1.4.0-SNAPSHOT.jar:?]
	at org.apache.hadoop.hdds.server.OzoneProtocolMessageDispatcher.processRequest(OzoneProtocolMessageDispatcher.java:87) [hdds-server-framework-1.4.0-SNAPSHOT.jar:?]
	at org.apache.hadoop.ozone.protocolPB.OzoneManagerProtocolServerSideTranslatorPB.submitRequest(OzoneManagerProtocolServerSideTranslatorPB.java:147) [ozone-manager-1.4.0-SNAPSHOT.jar:?]
	at org.apache.hadoop.ozone.protocol.proto.OzoneManagerProtocolProtos$OzoneManagerService$2.callBlockingMethod(OzoneManagerProtocolProtos.java) [ozone-interface-client-1.4.0-SNAPSHOT.jar:?]
	at org.apache.hadoop.ipc.ProtobufRpcEngine$Server.processCall(ProtobufRpcEngine.java:465) [hadoop-common-3.3.4.jar:?]
	at org.apache.hadoop.ipc.ProtobufRpcEngine2$Server$ProtoBufRpcInvoker.call(ProtobufRpcEngine2.java:578) [hadoop-common-3.3.4.jar:?]
	at org.apache.hadoop.ipc.ProtobufRpcEngine2$Server$ProtoBufRpcInvoker.call(ProtobufRpcEngine2.java:556) [hadoop-common-3.3.4.jar:?]
	at org.apache.hadoop.ipc.RPC$Server.call(RPC.java:1093) [hadoop-common-3.3.4.jar:?]
	at org.apache.hadoop.ipc.Server$RpcCall.run(Server.java:1043) [hadoop-common-3.3.4.jar:?]
	at org.apache.hadoop.ipc.Server$RpcCall.run(Server.java:971) [hadoop-common-3.3.4.jar:?]
	at java.security.AccessController.doPrivileged(Native Method) ~[?:1.8.0_352]
	at javax.security.auth.Subject.doAs(Subject.java:422) [?:1.8.0_352]
	at org.apache.hadoop.security.UserGroupInformation.doAs(UserGroupInformation.java:1878) [hadoop-common-3.3.4.jar:?]
	at org.apache.hadoop.ipc.Server$Handler.run(Server.java:2976) [hadoop-common-3.3.4.jar:?]
10:06:28.414 [IPC Server handler 3 on default port 41175] ERROR OMAudit - user=runner | ip=127.0.0.1 | op=GET_FILE_STATUS {volume=volume17571, bucket=bucket85979, key=gdir1/dir10, dataSize=0, replicationConfig=null} | ret=FAILURE
org.apache.hadoop.ozone.om.exceptions.OMException: Unable to get file status: volume: volume17571 bucket: bucket85979 key: gdir1/dir10
	at org.apache.hadoop.ozone.om.KeyManagerImpl.getOzoneFileStatus(KeyManagerImpl.java:1301) ~[ozone-manager-1.4.0-SNAPSHOT.jar:?]
	at org.apache.hadoop.ozone.om.KeyManagerImpl.getFileStatus(KeyManagerImpl.java:1219) ~[ozone-manager-1.4.0-SNAPSHOT.jar:?]
	at org.apache.hadoop.ozone.om.OzoneManager.getFileStatus(OzoneManager.java:3578) ~[ozone-manager-1.4.0-SNAPSHOT.jar:?]
	at org.apache.hadoop.ozone.protocolPB.OzoneManagerRequestHandler.getOzoneFileStatus(OzoneManagerRequestHandler.java:907) ~[ozone-manager-1.4.0-SNAPSHOT.jar:?]
	at org.apache.hadoop.ozone.protocolPB.OzoneManagerRequestHandler.handleReadRequest(OzoneManagerRequestHandler.java:231) ~[ozone-manager-1.4.0-SNAPSHOT.jar:?]
	at org.apache.hadoop.ozone.protocolPB.OzoneManagerProtocolServerSideTranslatorPB.submitReadRequestToOM(OzoneManagerProtocolServerSideTranslatorPB.java:226) ~[ozone-manager-1.4.0-SNAPSHOT.jar:?]
	at org.apache.hadoop.ozone.protocolPB.OzoneManagerProtocolServerSideTranslatorPB.processRequest(OzoneManagerProtocolServerSideTranslatorPB.java:175) ~[ozone-manager-1.4.0-SNAPSHOT.jar:?]
	at org.apache.hadoop.hdds.server.OzoneProtocolMessageDispatcher.processRequest(OzoneProtocolMessageDispatcher.java:87) [hdds-server-framework-1.4.0-SNAPSHOT.jar:?]
	at org.apache.hadoop.ozone.protocolPB.OzoneManagerProtocolServerSideTranslatorPB.submitRequest(OzoneManagerProtocolServerSideTranslatorPB.java:147) [ozone-manager-1.4.0-SNAPSHOT.jar:?]
	at org.apache.hadoop.ozone.protocol.proto.OzoneManagerProtocolProtos$OzoneManagerService$2.callBlockingMethod(OzoneManagerProtocolProtos.java) [ozone-interface-client-1.4.0-SNAPSHOT.jar:?]
	at org.apache.hadoop.ipc.ProtobufRpcEngine$Server.processCall(ProtobufRpcEngine.java:465) [hadoop-common-3.3.4.jar:?]
	at org.apache.hadoop.ipc.ProtobufRpcEngine2$Server$ProtoBufRpcInvoker.call(ProtobufRpcEngine2.java:578) [hadoop-common-3.3.4.jar:?]
	at org.apache.hadoop.ipc.ProtobufRpcEngine2$Server$ProtoBufRpcInvoker.call(ProtobufRpcEngine2.java:556) [hadoop-common-3.3.4.jar:?]
	at org.apache.hadoop.ipc.RPC$Server.call(RPC.java:1093) [hadoop-common-3.3.4.jar:?]
	at org.apache.hadoop.ipc.Server$RpcCall.run(Server.java:1043) [hadoop-common-3.3.4.jar:?]
	at org.apache.hadoop.ipc.Server$RpcCall.run(Server.java:971) [hadoop-common-3.3.4.jar:?]
	at java.security.AccessController.doPrivileged(Native Method) ~[?:1.8.0_352]
	at javax.security.auth.Subject.doAs(Subject.java:422) [?:1.8.0_352]
	at org.apache.hadoop.security.UserGroupInformation.doAs(UserGroupInformation.java:1878) [hadoop-common-3.3.4.jar:?]
	at org.apache.hadoop.ipc.Server$Handler.run(Server.java:2976) [hadoop-common-3.3.4.jar:?]
10:06:28.416 [IPC Server handler 2 on default port 41175] ERROR OMAudit - user=runner | ip=127.0.0.1 | op=GET_FILE_STATUS {volume=volume17571, bucket=bucket85979, key=gdir1/dir10/child, dataSize=0, replicationConfig=null} | ret=FAILURE
org.apache.hadoop.ozone.om.exceptions.OMException: Unable to get file status: volume: volume17571 bucket: bucket85979 key: gdir1/dir10/child
	at org.apache.hadoop.ozone.om.KeyManagerImpl.getOzoneFileStatus(KeyManagerImpl.java:1301) ~[ozone-manager-1.4.0-SNAPSHOT.jar:?]
	at org.apache.hadoop.ozone.om.KeyManagerImpl.getFileStatus(KeyManagerImpl.java:1219) ~[ozone-manager-1.4.0-SNAPSHOT.jar:?]
	at org.apache.hadoop.ozone.om.OzoneManager.getFileStatus(OzoneManager.java:3578) ~[ozone-manager-1.4.0-SNAPSHOT.jar:?]
	at org.apache.hadoop.ozone.protocolPB.OzoneManagerRequestHandler.getOzoneFileStatus(OzoneManagerRequestHandler.java:907) ~[ozone-manager-1.4.0-SNAPSHOT.jar:?]
	at org.apache.hadoop.ozone.protocolPB.OzoneManagerRequestHandler.handleReadRequest(OzoneManagerRequestHandler.java:231) ~[ozone-manager-1.4.0-SNAPSHOT.jar:?]
	at org.apache.hadoop.ozone.protocolPB.OzoneManagerProtocolServerSideTranslatorPB.submitReadRequestToOM(OzoneManagerProtocolServerSideTranslatorPB.java:226) ~[ozone-manager-1.4.0-SNAPSHOT.jar:?]
	at org.apache.hadoop.ozone.protocolPB.OzoneManagerProtocolServerSideTranslatorPB.processRequest(OzoneManagerProtocolServerSideTranslatorPB.java:175) ~[ozone-manager-1.4.0-SNAPSHOT.jar:?]
	at org.apache.hadoop.hdds.server.OzoneProtocolMessageDispatcher.processRequest(OzoneProtocolMessageDispatcher.java:87) [hdds-server-framework-1.4.0-SNAPSHOT.jar:?]
	at org.apache.hadoop.ozone.protocolPB.OzoneManagerProtocolServerSideTranslatorPB.submitRequest(OzoneManagerProtocolServerSideTranslatorPB.java:147) [ozone-manager-1.4.0-SNAPSHOT.jar:?]
	at org.apache.hadoop.ozone.protocol.proto.OzoneManagerProtocolProtos$OzoneManagerService$2.callBlockingMethod(OzoneManagerProtocolProtos.java) [ozone-interface-client-1.4.0-SNAPSHOT.jar:?]
	at org.apache.hadoop.ipc.ProtobufRpcEngine$Server.processCall(ProtobufRpcEngine.java:465) [hadoop-common-3.3.4.jar:?]
	at org.apache.hadoop.ipc.ProtobufRpcEngine2$Server$ProtoBufRpcInvoker.call(ProtobufRpcEngine2.java:578) [hadoop-common-3.3.4.jar:?]
	at org.apache.hadoop.ipc.ProtobufRpcEngine2$Server$ProtoBufRpcInvoker.call(ProtobufRpcEngine2.java:556) [hadoop-common-3.3.4.jar:?]
	at org.apache.hadoop.ipc.RPC$Server.call(RPC.java:1093) [hadoop-common-3.3.4.jar:?]
	at org.apache.hadoop.ipc.Server$RpcCall.run(Server.java:1043) [hadoop-common-3.3.4.jar:?]
	at org.apache.hadoop.ipc.Server$RpcCall.run(Server.java:971) [hadoop-common-3.3.4.jar:?]
	at java.security.AccessController.doPrivileged(Native Method) ~[?:1.8.0_352]
	at javax.security.auth.Subject.doAs(Subject.java:422) [?:1.8.0_352]
	at org.apache.hadoop.security.UserGroupInformation.doAs(UserGroupInformation.java:1878) [hadoop-common-3.3.4.jar:?]
	at org.apache.hadoop.ipc.Server$Handler.run(Server.java:2976) [hadoop-common-3.3.4.jar:?]
2023-01-03 10:06:28,425 [OM StateMachine ApplyTransaction Thread - 0] INFO  key.OMKeyRequest (OMKeyRequest.java:wrapUncommittedBlocksAsPseudoKey(835)) - Detect allocated but uncommitted blocks [{blockID={containerID=2, localID=111677748019200024}, length=4194304, offset=0, token=null, pipeline=null, createVersion=0, partNumber=0}] in key level0/level1/file1.
2023-01-03 10:06:28,437 [OM StateMachine ApplyTransaction Thread - 0] INFO  key.OMKeyRequest (OMKeyRequest.java:wrapUncommittedBlocksAsPseudoKey(835)) - Detect allocated but uncommitted blocks [{blockID={containerID=1, localID=111677748019200025}, length=4194304, offset=0, token=null, pipeline=null, createVersion=0, partNumber=0}] in key level0/level1/level1/file1.
2023-01-03 10:06:28,445 [OM StateMachine ApplyTransaction Thread - 0] INFO  key.OMKeyRequest (OMKeyRequest.java:wrapUncommittedBlocksAsPseudoKey(835)) - Detect allocated but uncommitted blocks [{blockID={containerID=2, localID=111677748019200026}, length=4194304, offset=0, token=null, pipeline=null, createVersion=0, partNumber=0}] in key level0/level2/file1.
2023-01-03 10:06:28,453 [OM StateMachine ApplyTransaction Thread - 0] INFO  key.OMKeyRequest (OMKeyRequest.java:wrapUncommittedBlocksAsPseudoKey(835)) - Detect allocated but uncommitted blocks [{blockID={containerID=1, localID=111677748019200027}, length=4194304, offset=0, token=null, pipeline=null, createVersion=0, partNumber=0}] in key level0/level2/level2/file1.
2023-01-03 10:06:28,461 [OM StateMachine ApplyTransaction Thread - 0] INFO  key.OMKeyRequest (OMKeyRequest.java:wrapUncommittedBlocksAsPseudoKey(835)) - Detect allocated but uncommitted blocks [{blockID={containerID=2, localID=111677748019200028}, length=4194304, offset=0, token=null, pipeline=null, createVersion=0, partNumber=0}] in key level0/level3/file1.
2023-01-03 10:06:28,468 [OM StateMachine ApplyTransaction Thread - 0] INFO  key.OMKeyRequest (OMKeyRequest.java:wrapUncommittedBlocksAsPseudoKey(835)) - Detect allocated but uncommitted blocks [{blockID={containerID=1, localID=111677748019200029}, length=4194304, offset=0, token=null, pipeline=null, createVersion=0, partNumber=0}] in key level0/level3/level3/file1.
10:06:28.539 [IPC Server handler 11 on default port 41175] ERROR OMAudit - user=runner | ip=127.0.0.1 | op=GET_FILE_STATUS {volume=volume17571, bucket=bucket85979, key=level0, dataSize=0, replicationConfig=null} | ret=FAILURE
org.apache.hadoop.ozone.om.exceptions.OMException: Unable to get file status: volume: volume17571 bucket: bucket85979 key: level0
	at org.apache.hadoop.ozone.om.KeyManagerImpl.getOzoneFileStatus(KeyManagerImpl.java:1301) ~[ozone-manager-1.4.0-SNAPSHOT.jar:?]
	at org.apache.hadoop.ozone.om.KeyManagerImpl.getFileStatus(KeyManagerImpl.java:1219) ~[ozone-manager-1.4.0-SNAPSHOT.jar:?]
	at org.apache.hadoop.ozone.om.OzoneManager.getFileStatus(OzoneManager.java:3578) ~[ozone-manager-1.4.0-SNAPSHOT.jar:?]
	at org.apache.hadoop.ozone.protocolPB.OzoneManagerRequestHandler.getOzoneFileStatus(OzoneManagerRequestHandler.java:907) ~[ozone-manager-1.4.0-SNAPSHOT.jar:?]
	at org.apache.hadoop.ozone.protocolPB.OzoneManagerRequestHandler.handleReadRequest(OzoneManagerRequestHandler.java:231) ~[ozone-manager-1.4.0-SNAPSHOT.jar:?]
	at org.apache.hadoop.ozone.protocolPB.OzoneManagerProtocolServerSideTranslatorPB.submitReadRequestToOM(OzoneManagerProtocolServerSideTranslatorPB.java:226) ~[ozone-manager-1.4.0-SNAPSHOT.jar:?]
	at org.apache.hadoop.ozone.protocolPB.OzoneManagerProtocolServerSideTranslatorPB.processRequest(OzoneManagerProtocolServerSideTranslatorPB.java:175) ~[ozone-manager-1.4.0-SNAPSHOT.jar:?]
	at org.apache.hadoop.hdds.server.OzoneProtocolMessageDispatcher.processRequest(OzoneProtocolMessageDispatcher.java:87) [hdds-server-framework-1.4.0-SNAPSHOT.jar:?]
	at org.apache.hadoop.ozone.protocolPB.OzoneManagerProtocolServerSideTranslatorPB.submitRequest(OzoneManagerProtocolServerSideTranslatorPB.java:147) [ozone-manager-1.4.0-SNAPSHOT.jar:?]
	at org.apache.hadoop.ozone.protocol.proto.OzoneManagerProtocolProtos$OzoneManagerService$2.callBlockingMethod(OzoneManagerProtocolProtos.java) [ozone-interface-client-1.4.0-SNAPSHOT.jar:?]
	at org.apache.hadoop.ipc.ProtobufRpcEngine$Server.processCall(ProtobufRpcEngine.java:465) [hadoop-common-3.3.4.jar:?]
	at org.apache.hadoop.ipc.ProtobufRpcEngine2$Server$ProtoBufRpcInvoker.call(ProtobufRpcEngine2.java:578) [hadoop-common-3.3.4.jar:?]
	at org.apache.hadoop.ipc.ProtobufRpcEngine2$Server$ProtoBufRpcInvoker.call(ProtobufRpcEngine2.java:556) [hadoop-common-3.3.4.jar:?]
	at org.apache.hadoop.ipc.RPC$Server.call(RPC.java:1093) [hadoop-common-3.3.4.jar:?]
	at org.apache.hadoop.ipc.Server$RpcCall.run(Server.java:1043) [hadoop-common-3.3.4.jar:?]
	at org.apache.hadoop.ipc.Server$RpcCall.run(Server.java:971) [hadoop-common-3.3.4.jar:?]
	at java.security.AccessController.doPrivileged(Native Method) ~[?:1.8.0_352]
	at javax.security.auth.Subject.doAs(Subject.java:422) [?:1.8.0_352]
	at org.apache.hadoop.security.UserGroupInformation.doAs(UserGroupInformation.java:1878) [hadoop-common-3.3.4.jar:?]
	at org.apache.hadoop.ipc.Server$Handler.run(Server.java:2976) [hadoop-common-3.3.4.jar:?]
10:06:28.541 [IPC Server handler 16 on default port 41175] ERROR OMAudit - user=runner | ip=127.0.0.1 | op=GET_FILE_STATUS {volume=volume17571, bucket=bucket85979, key=level0/level1, dataSize=0, replicationConfig=null} | ret=FAILURE
org.apache.hadoop.ozone.om.exceptions.OMException: Unable to get file status: volume: volume17571 bucket: bucket85979 key: level0/level1
	at org.apache.hadoop.ozone.om.KeyManagerImpl.getOzoneFileStatus(KeyManagerImpl.java:1301) ~[ozone-manager-1.4.0-SNAPSHOT.jar:?]
	at org.apache.hadoop.ozone.om.KeyManagerImpl.getFileStatus(KeyManagerImpl.java:1219) ~[ozone-manager-1.4.0-SNAPSHOT.jar:?]
	at org.apache.hadoop.ozone.om.OzoneManager.getFileStatus(OzoneManager.java:3578) ~[ozone-manager-1.4.0-SNAPSHOT.jar:?]
	at org.apache.hadoop.ozone.protocolPB.OzoneManagerRequestHandler.getOzoneFileStatus(OzoneManagerRequestHandler.java:907) ~[ozone-manager-1.4.0-SNAPSHOT.jar:?]
	at org.apache.hadoop.ozone.protocolPB.OzoneManagerRequestHandler.handleReadRequest(OzoneManagerRequestHandler.java:231) ~[ozone-manager-1.4.0-SNAPSHOT.jar:?]
	at org.apache.hadoop.ozone.protocolPB.OzoneManagerProtocolServerSideTranslatorPB.submitReadRequestToOM(OzoneManagerProtocolServerSideTranslatorPB.java:226) ~[ozone-manager-1.4.0-SNAPSHOT.jar:?]
	at org.apache.hadoop.ozone.protocolPB.OzoneManagerProtocolServerSideTranslatorPB.processRequest(OzoneManagerProtocolServerSideTranslatorPB.java:175) ~[ozone-manager-1.4.0-SNAPSHOT.jar:?]
	at org.apache.hadoop.hdds.server.OzoneProtocolMessageDispatcher.processRequest(OzoneProtocolMessageDispatcher.java:87) [hdds-server-framework-1.4.0-SNAPSHOT.jar:?]
	at org.apache.hadoop.ozone.protocolPB.OzoneManagerProtocolServerSideTranslatorPB.submitRequest(OzoneManagerProtocolServerSideTranslatorPB.java:147) [ozone-manager-1.4.0-SNAPSHOT.jar:?]
	at org.apache.hadoop.ozone.protocol.proto.OzoneManagerProtocolProtos$OzoneManagerService$2.callBlockingMethod(OzoneManagerProtocolProtos.java) [ozone-interface-client-1.4.0-SNAPSHOT.jar:?]
	at org.apache.hadoop.ipc.ProtobufRpcEngine$Server.processCall(ProtobufRpcEngine.java:465) [hadoop-common-3.3.4.jar:?]
	at org.apache.hadoop.ipc.ProtobufRpcEngine2$Server$ProtoBufRpcInvoker.call(ProtobufRpcEngine2.java:578) [hadoop-common-3.3.4.jar:?]
	at org.apache.hadoop.ipc.ProtobufRpcEngine2$Server$ProtoBufRpcInvoker.call(ProtobufRpcEngine2.java:556) [hadoop-common-3.3.4.jar:?]
	at org.apache.hadoop.ipc.RPC$Server.call(RPC.java:1093) [hadoop-common-3.3.4.jar:?]
	at org.apache.hadoop.ipc.Server$RpcCall.run(Server.java:1043) [hadoop-common-3.3.4.jar:?]
	at org.apache.hadoop.ipc.Server$RpcCall.run(Server.java:971) [hadoop-common-3.3.4.jar:?]
	at java.security.AccessController.doPrivileged(Native Method) ~[?:1.8.0_352]
	at javax.security.auth.Subject.doAs(Subject.java:422) [?:1.8.0_352]
	at org.apache.hadoop.security.UserGroupInformation.doAs(UserGroupInformation.java:1878) [hadoop-common-3.3.4.jar:?]
	at org.apache.hadoop.ipc.Server$Handler.run(Server.java:2976) [hadoop-common-3.3.4.jar:?]
10:06:28.542 [IPC Server handler 14 on default port 41175] ERROR OMAudit - user=runner | ip=127.0.0.1 | op=GET_FILE_STATUS {volume=volume17571, bucket=bucket85979, key=level0/level1/level1, dataSize=0, replicationConfig=null} | ret=FAILURE
org.apache.hadoop.ozone.om.exceptions.OMException: Unable to get file status: volume: volume17571 bucket: bucket85979 key: level0/level1/level1
	at org.apache.hadoop.ozone.om.KeyManagerImpl.getOzoneFileStatus(KeyManagerImpl.java:1301) ~[ozone-manager-1.4.0-SNAPSHOT.jar:?]
	at org.apache.hadoop.ozone.om.KeyManagerImpl.getFileStatus(KeyManagerImpl.java:1219) ~[ozone-manager-1.4.0-SNAPSHOT.jar:?]
	at org.apache.hadoop.ozone.om.OzoneManager.getFileStatus(OzoneManager.java:3578) ~[ozone-manager-1.4.0-SNAPSHOT.jar:?]
	at org.apache.hadoop.ozone.protocolPB.OzoneManagerRequestHandler.getOzoneFileStatus(OzoneManagerRequestHandler.java:907) ~[ozone-manager-1.4.0-SNAPSHOT.jar:?]
	at org.apache.hadoop.ozone.protocolPB.OzoneManagerRequestHandler.handleReadRequest(OzoneManagerRequestHandler.java:231) ~[ozone-manager-1.4.0-SNAPSHOT.jar:?]
	at org.apache.hadoop.ozone.protocolPB.OzoneManagerProtocolServerSideTranslatorPB.submitReadRequestToOM(OzoneManagerProtocolServerSideTranslatorPB.java:226) ~[ozone-manager-1.4.0-SNAPSHOT.jar:?]
	at org.apache.hadoop.ozone.protocolPB.OzoneManagerProtocolServerSideTranslatorPB.processRequest(OzoneManagerProtocolServerSideTranslatorPB.java:175) ~[ozone-manager-1.4.0-SNAPSHOT.jar:?]
	at org.apache.hadoop.hdds.server.OzoneProtocolMessageDispatcher.processRequest(OzoneProtocolMessageDispatcher.java:87) [hdds-server-framework-1.4.0-SNAPSHOT.jar:?]
	at org.apache.hadoop.ozone.protocolPB.OzoneManagerProtocolServerSideTranslatorPB.submitRequest(OzoneManagerProtocolServerSideTranslatorPB.java:147) [ozone-manager-1.4.0-SNAPSHOT.jar:?]
	at org.apache.hadoop.ozone.protocol.proto.OzoneManagerProtocolProtos$OzoneManagerService$2.callBlockingMethod(OzoneManagerProtocolProtos.java) [ozone-interface-client-1.4.0-SNAPSHOT.jar:?]
	at org.apache.hadoop.ipc.ProtobufRpcEngine$Server.processCall(ProtobufRpcEngine.java:465) [hadoop-common-3.3.4.jar:?]
	at org.apache.hadoop.ipc.ProtobufRpcEngine2$Server$ProtoBufRpcInvoker.call(ProtobufRpcEngine2.java:578) [hadoop-common-3.3.4.jar:?]
	at org.apache.hadoop.ipc.ProtobufRpcEngine2$Server$ProtoBufRpcInvoker.call(ProtobufRpcEngine2.java:556) [hadoop-common-3.3.4.jar:?]
	at org.apache.hadoop.ipc.RPC$Server.call(RPC.java:1093) [hadoop-common-3.3.4.jar:?]
	at org.apache.hadoop.ipc.Server$RpcCall.run(Server.java:1043) [hadoop-common-3.3.4.jar:?]
	at org.apache.hadoop.ipc.Server$RpcCall.run(Server.java:971) [hadoop-common-3.3.4.jar:?]
	at java.security.AccessController.doPrivileged(Native Method) ~[?:1.8.0_352]
	at javax.security.auth.Subject.doAs(Subject.java:422) [?:1.8.0_352]
	at org.apache.hadoop.security.UserGroupInformation.doAs(UserGroupInformation.java:1878) [hadoop-common-3.3.4.jar:?]
	at org.apache.hadoop.ipc.Server$Handler.run(Server.java:2976) [hadoop-common-3.3.4.jar:?]
10:06:28.543 [IPC Server handler 5 on default port 41175] ERROR OMAudit - user=runner | ip=127.0.0.1 | op=GET_FILE_STATUS {volume=volume17571, bucket=bucket85979, key=level0/level1/file1, dataSize=0, replicationConfig=null} | ret=FAILURE
org.apache.hadoop.ozone.om.exceptions.OMException: Unable to get file status: volume: volume17571 bucket: bucket85979 key: level0/level1/file1
	at org.apache.hadoop.ozone.om.KeyManagerImpl.getOzoneFileStatus(KeyManagerImpl.java:1301) ~[ozone-manager-1.4.0-SNAPSHOT.jar:?]
	at org.apache.hadoop.ozone.om.KeyManagerImpl.getFileStatus(KeyManagerImpl.java:1219) ~[ozone-manager-1.4.0-SNAPSHOT.jar:?]
	at org.apache.hadoop.ozone.om.OzoneManager.getFileStatus(OzoneManager.java:3578) ~[ozone-manager-1.4.0-SNAPSHOT.jar:?]
	at org.apache.hadoop.ozone.protocolPB.OzoneManagerRequestHandler.getOzoneFileStatus(OzoneManagerRequestHandler.java:907) ~[ozone-manager-1.4.0-SNAPSHOT.jar:?]
	at org.apache.hadoop.ozone.protocolPB.OzoneManagerRequestHandler.handleReadRequest(OzoneManagerRequestHandler.java:231) ~[ozone-manager-1.4.0-SNAPSHOT.jar:?]
	at org.apache.hadoop.ozone.protocolPB.OzoneManagerProtocolServerSideTranslatorPB.submitReadRequestToOM(OzoneManagerProtocolServerSideTranslatorPB.java:226) ~[ozone-manager-1.4.0-SNAPSHOT.jar:?]
	at org.apache.hadoop.ozone.protocolPB.OzoneManagerProtocolServerSideTranslatorPB.processRequest(OzoneManagerProtocolServerSideTranslatorPB.java:175) ~[ozone-manager-1.4.0-SNAPSHOT.jar:?]
	at org.apache.hadoop.hdds.server.OzoneProtocolMessageDispatcher.processRequest(OzoneProtocolMessageDispatcher.java:87) [hdds-server-framework-1.4.0-SNAPSHOT.jar:?]
	at org.apache.hadoop.ozone.protocolPB.OzoneManagerProtocolServerSideTranslatorPB.submitRequest(OzoneManagerProtocolServerSideTranslatorPB.java:147) [ozone-manager-1.4.0-SNAPSHOT.jar:?]
	at org.apache.hadoop.ozone.protocol.proto.OzoneManagerProtocolProtos$OzoneManagerService$2.callBlockingMethod(OzoneManagerProtocolProtos.java) [ozone-interface-client-1.4.0-SNAPSHOT.jar:?]
	at org.apache.hadoop.ipc.ProtobufRpcEngine$Server.processCall(ProtobufRpcEngine.java:465) [hadoop-common-3.3.4.jar:?]
	at org.apache.hadoop.ipc.ProtobufRpcEngine2$Server$ProtoBufRpcInvoker.call(ProtobufRpcEngine2.java:578) [hadoop-common-3.3.4.jar:?]
	at org.apache.hadoop.ipc.ProtobufRpcEngine2$Server$ProtoBufRpcInvoker.call(ProtobufRpcEngine2.java:556) [hadoop-common-3.3.4.jar:?]
	at org.apache.hadoop.ipc.RPC$Server.call(RPC.java:1093) [hadoop-common-3.3.4.jar:?]
	at org.apache.hadoop.ipc.Server$RpcCall.run(Server.java:1043) [hadoop-common-3.3.4.jar:?]
	at org.apache.hadoop.ipc.Server$RpcCall.run(Server.java:971) [hadoop-common-3.3.4.jar:?]
	at java.security.AccessController.doPrivileged(Native Method) ~[?:1.8.0_352]
	at javax.security.auth.Subject.doAs(Subject.java:422) [?:1.8.0_352]
	at org.apache.hadoop.security.UserGroupInformation.doAs(UserGroupInformation.java:1878) [hadoop-common-3.3.4.jar:?]
	at org.apache.hadoop.ipc.Server$Handler.run(Server.java:2976) [hadoop-common-3.3.4.jar:?]
10:06:28.545 [IPC Server handler 4 on default port 41175] ERROR OMAudit - user=runner | ip=127.0.0.1 | op=GET_FILE_STATUS {volume=volume17571, bucket=bucket85979, key=level0/level1/level1/file1, dataSize=0, replicationConfig=null} | ret=FAILURE
org.apache.hadoop.ozone.om.exceptions.OMException: Unable to get file status: volume: volume17571 bucket: bucket85979 key: level0/level1/level1/file1
	at org.apache.hadoop.ozone.om.KeyManagerImpl.getOzoneFileStatus(KeyManagerImpl.java:1301) ~[ozone-manager-1.4.0-SNAPSHOT.jar:?]
	at org.apache.hadoop.ozone.om.KeyManagerImpl.getFileStatus(KeyManagerImpl.java:1219) ~[ozone-manager-1.4.0-SNAPSHOT.jar:?]
	at org.apache.hadoop.ozone.om.OzoneManager.getFileStatus(OzoneManager.java:3578) ~[ozone-manager-1.4.0-SNAPSHOT.jar:?]
	at org.apache.hadoop.ozone.protocolPB.OzoneManagerRequestHandler.getOzoneFileStatus(OzoneManagerRequestHandler.java:907) ~[ozone-manager-1.4.0-SNAPSHOT.jar:?]
	at org.apache.hadoop.ozone.protocolPB.OzoneManagerRequestHandler.handleReadRequest(OzoneManagerRequestHandler.java:231) ~[ozone-manager-1.4.0-SNAPSHOT.jar:?]
	at org.apache.hadoop.ozone.protocolPB.OzoneManagerProtocolServerSideTranslatorPB.submitReadRequestToOM(OzoneManagerProtocolServerSideTranslatorPB.java:226) ~[ozone-manager-1.4.0-SNAPSHOT.jar:?]
	at org.apache.hadoop.ozone.protocolPB.OzoneManagerProtocolServerSideTranslatorPB.processRequest(OzoneManagerProtocolServerSideTranslatorPB.java:175) ~[ozone-manager-1.4.0-SNAPSHOT.jar:?]
	at org.apache.hadoop.hdds.server.OzoneProtocolMessageDispatcher.processRequest(OzoneProtocolMessageDispatcher.java:87) [hdds-server-framework-1.4.0-SNAPSHOT.jar:?]
	at org.apache.hadoop.ozone.protocolPB.OzoneManagerProtocolServerSideTranslatorPB.submitRequest(OzoneManagerProtocolServerSideTranslatorPB.java:147) [ozone-manager-1.4.0-SNAPSHOT.jar:?]
	at org.apache.hadoop.ozone.protocol.proto.OzoneManagerProtocolProtos$OzoneManagerService$2.callBlockingMethod(OzoneManagerProtocolProtos.java) [ozone-interface-client-1.4.0-SNAPSHOT.jar:?]
	at org.apache.hadoop.ipc.ProtobufRpcEngine$Server.processCall(ProtobufRpcEngine.java:465) [hadoop-common-3.3.4.jar:?]
	at org.apache.hadoop.ipc.ProtobufRpcEngine2$Server$ProtoBufRpcInvoker.call(ProtobufRpcEngine2.java:578) [hadoop-common-3.3.4.jar:?]
	at org.apache.hadoop.ipc.ProtobufRpcEngine2$Server$ProtoBufRpcInvoker.call(ProtobufRpcEngine2.java:556) [hadoop-common-3.3.4.jar:?]
	at org.apache.hadoop.ipc.RPC$Server.call(RPC.java:1093) [hadoop-common-3.3.4.jar:?]
	at org.apache.hadoop.ipc.Server$RpcCall.run(Server.java:1043) [hadoop-common-3.3.4.jar:?]
	at org.apache.hadoop.ipc.Server$RpcCall.run(Server.java:971) [hadoop-common-3.3.4.jar:?]
	at java.security.AccessController.doPrivileged(Native Method) ~[?:1.8.0_352]
	at javax.security.auth.Subject.doAs(Subject.java:422) [?:1.8.0_352]
	at org.apache.hadoop.security.UserGroupInformation.doAs(UserGroupInformation.java:1878) [hadoop-common-3.3.4.jar:?]
	at org.apache.hadoop.ipc.Server$Handler.run(Server.java:2976) [hadoop-common-3.3.4.jar:?]
10:06:28.546 [IPC Server handler 3 on default port 41175] ERROR OMAudit - user=runner | ip=127.0.0.1 | op=GET_FILE_STATUS {volume=volume17571, bucket=bucket85979, key=level0/level2, dataSize=0, replicationConfig=null} | ret=FAILURE
org.apache.hadoop.ozone.om.exceptions.OMException: Unable to get file status: volume: volume17571 bucket: bucket85979 key: level0/level2
	at org.apache.hadoop.ozone.om.KeyManagerImpl.getOzoneFileStatus(KeyManagerImpl.java:1301) ~[ozone-manager-1.4.0-SNAPSHOT.jar:?]
	at org.apache.hadoop.ozone.om.KeyManagerImpl.getFileStatus(KeyManagerImpl.java:1219) ~[ozone-manager-1.4.0-SNAPSHOT.jar:?]
	at org.apache.hadoop.ozone.om.OzoneManager.getFileStatus(OzoneManager.java:3578) ~[ozone-manager-1.4.0-SNAPSHOT.jar:?]
	at org.apache.hadoop.ozone.protocolPB.OzoneManagerRequestHandler.getOzoneFileStatus(OzoneManagerRequestHandler.java:907) ~[ozone-manager-1.4.0-SNAPSHOT.jar:?]
	at org.apache.hadoop.ozone.protocolPB.OzoneManagerRequestHandler.handleReadRequest(OzoneManagerRequestHandler.java:231) ~[ozone-manager-1.4.0-SNAPSHOT.jar:?]
	at org.apache.hadoop.ozone.protocolPB.OzoneManagerProtocolServerSideTranslatorPB.submitReadRequestToOM(OzoneManagerProtocolServerSideTranslatorPB.java:226) ~[ozone-manager-1.4.0-SNAPSHOT.jar:?]
	at org.apache.hadoop.ozone.protocolPB.OzoneManagerProtocolServerSideTranslatorPB.processRequest(OzoneManagerProtocolServerSideTranslatorPB.java:175) ~[ozone-manager-1.4.0-SNAPSHOT.jar:?]
	at org.apache.hadoop.hdds.server.OzoneProtocolMessageDispatcher.processRequest(OzoneProtocolMessageDispatcher.java:87) [hdds-server-framework-1.4.0-SNAPSHOT.jar:?]
	at org.apache.hadoop.ozone.protocolPB.OzoneManagerProtocolServerSideTranslatorPB.submitRequest(OzoneManagerProtocolServerSideTranslatorPB.java:147) [ozone-manager-1.4.0-SNAPSHOT.jar:?]
	at org.apache.hadoop.ozone.protocol.proto.OzoneManagerProtocolProtos$OzoneManagerService$2.callBlockingMethod(OzoneManagerProtocolProtos.java) [ozone-interface-client-1.4.0-SNAPSHOT.jar:?]
	at org.apache.hadoop.ipc.ProtobufRpcEngine$Server.processCall(ProtobufRpcEngine.java:465) [hadoop-common-3.3.4.jar:?]
	at org.apache.hadoop.ipc.ProtobufRpcEngine2$Server$ProtoBufRpcInvoker.call(ProtobufRpcEngine2.java:578) [hadoop-common-3.3.4.jar:?]
	at org.apache.hadoop.ipc.ProtobufRpcEngine2$Server$ProtoBufRpcInvoker.call(ProtobufRpcEngine2.java:556) [hadoop-common-3.3.4.jar:?]
	at org.apache.hadoop.ipc.RPC$Server.call(RPC.java:1093) [hadoop-common-3.3.4.jar:?]
	at org.apache.hadoop.ipc.Server$RpcCall.run(Server.java:1043) [hadoop-common-3.3.4.jar:?]
	at org.apache.hadoop.ipc.Server$RpcCall.run(Server.java:971) [hadoop-common-3.3.4.jar:?]
	at java.security.AccessController.doPrivileged(Native Method) ~[?:1.8.0_352]
	at javax.security.auth.Subject.doAs(Subject.java:422) [?:1.8.0_352]
	at org.apache.hadoop.security.UserGroupInformation.doAs(UserGroupInformation.java:1878) [hadoop-common-3.3.4.jar:?]
	at org.apache.hadoop.ipc.Server$Handler.run(Server.java:2976) [hadoop-common-3.3.4.jar:?]
10:06:28.548 [IPC Server handler 2 on default port 41175] ERROR OMAudit - user=runner | ip=127.0.0.1 | op=GET_FILE_STATUS {volume=volume17571, bucket=bucket85979, key=level0/level2/level2, dataSize=0, replicationConfig=null} | ret=FAILURE
org.apache.hadoop.ozone.om.exceptions.OMException: Unable to get file status: volume: volume17571 bucket: bucket85979 key: level0/level2/level2
	at org.apache.hadoop.ozone.om.KeyManagerImpl.getOzoneFileStatus(KeyManagerImpl.java:1301) ~[ozone-manager-1.4.0-SNAPSHOT.jar:?]
	at org.apache.hadoop.ozone.om.KeyManagerImpl.getFileStatus(KeyManagerImpl.java:1219) ~[ozone-manager-1.4.0-SNAPSHOT.jar:?]
	at org.apache.hadoop.ozone.om.OzoneManager.getFileStatus(OzoneManager.java:3578) ~[ozone-manager-1.4.0-SNAPSHOT.jar:?]
	at org.apache.hadoop.ozone.protocolPB.OzoneManagerRequestHandler.getOzoneFileStatus(OzoneManagerRequestHandler.java:907) ~[ozone-manager-1.4.0-SNAPSHOT.jar:?]
	at org.apache.hadoop.ozone.protocolPB.OzoneManagerRequestHandler.handleReadRequest(OzoneManagerRequestHandler.java:231) ~[ozone-manager-1.4.0-SNAPSHOT.jar:?]
	at org.apache.hadoop.ozone.protocolPB.OzoneManagerProtocolServerSideTranslatorPB.submitReadRequestToOM(OzoneManagerProtocolServerSideTranslatorPB.java:226) ~[ozone-manager-1.4.0-SNAPSHOT.jar:?]
	at org.apache.hadoop.ozone.protocolPB.OzoneManagerProtocolServerSideTranslatorPB.processRequest(OzoneManagerProtocolServerSideTranslatorPB.java:175) ~[ozone-manager-1.4.0-SNAPSHOT.jar:?]
	at org.apache.hadoop.hdds.server.OzoneProtocolMessageDispatcher.processRequest(OzoneProtocolMessageDispatcher.java:87) [hdds-server-framework-1.4.0-SNAPSHOT.jar:?]
	at org.apache.hadoop.ozone.protocolPB.OzoneManagerProtocolServerSideTranslatorPB.submitRequest(OzoneManagerProtocolServerSideTranslatorPB.java:147) [ozone-manager-1.4.0-SNAPSHOT.jar:?]
	at org.apache.hadoop.ozone.protocol.proto.OzoneManagerProtocolProtos$OzoneManagerService$2.callBlockingMethod(OzoneManagerProtocolProtos.java) [ozone-interface-client-1.4.0-SNAPSHOT.jar:?]
	at org.apache.hadoop.ipc.ProtobufRpcEngine$Server.processCall(ProtobufRpcEngine.java:465) [hadoop-common-3.3.4.jar:?]
	at org.apache.hadoop.ipc.ProtobufRpcEngine2$Server$ProtoBufRpcInvoker.call(ProtobufRpcEngine2.java:578) [hadoop-common-3.3.4.jar:?]
	at org.apache.hadoop.ipc.ProtobufRpcEngine2$Server$ProtoBufRpcInvoker.call(ProtobufRpcEngine2.java:556) [hadoop-common-3.3.4.jar:?]
	at org.apache.hadoop.ipc.RPC$Server.call(RPC.java:1093) [hadoop-common-3.3.4.jar:?]
	at org.apache.hadoop.ipc.Server$RpcCall.run(Server.java:1043) [hadoop-common-3.3.4.jar:?]
	at org.apache.hadoop.ipc.Server$RpcCall.run(Server.java:971) [hadoop-common-3.3.4.jar:?]
	at java.security.AccessController.doPrivileged(Native Method) ~[?:1.8.0_352]
	at javax.security.auth.Subject.doAs(Subject.java:422) [?:1.8.0_352]
	at org.apache.hadoop.security.UserGroupInformation.doAs(UserGroupInformation.java:1878) [hadoop-common-3.3.4.jar:?]
	at org.apache.hadoop.ipc.Server$Handler.run(Server.java:2976) [hadoop-common-3.3.4.jar:?]
10:06:28.549 [IPC Server handler 1 on default port 41175] ERROR OMAudit - user=runner | ip=127.0.0.1 | op=GET_FILE_STATUS {volume=volume17571, bucket=bucket85979, key=level0/level2/file1, dataSize=0, replicationConfig=null} | ret=FAILURE
org.apache.hadoop.ozone.om.exceptions.OMException: Unable to get file status: volume: volume17571 bucket: bucket85979 key: level0/level2/file1
	at org.apache.hadoop.ozone.om.KeyManagerImpl.getOzoneFileStatus(KeyManagerImpl.java:1301) ~[ozone-manager-1.4.0-SNAPSHOT.jar:?]
	at org.apache.hadoop.ozone.om.KeyManagerImpl.getFileStatus(KeyManagerImpl.java:1219) ~[ozone-manager-1.4.0-SNAPSHOT.jar:?]
	at org.apache.hadoop.ozone.om.OzoneManager.getFileStatus(OzoneManager.java:3578) ~[ozone-manager-1.4.0-SNAPSHOT.jar:?]
	at org.apache.hadoop.ozone.protocolPB.OzoneManagerRequestHandler.getOzoneFileStatus(OzoneManagerRequestHandler.java:907) ~[ozone-manager-1.4.0-SNAPSHOT.jar:?]
	at org.apache.hadoop.ozone.protocolPB.OzoneManagerRequestHandler.handleReadRequest(OzoneManagerRequestHandler.java:231) ~[ozone-manager-1.4.0-SNAPSHOT.jar:?]
	at org.apache.hadoop.ozone.protocolPB.OzoneManagerProtocolServerSideTranslatorPB.submitReadRequestToOM(OzoneManagerProtocolServerSideTranslatorPB.java:226) ~[ozone-manager-1.4.0-SNAPSHOT.jar:?]
	at org.apache.hadoop.ozone.protocolPB.OzoneManagerProtocolServerSideTranslatorPB.processRequest(OzoneManagerProtocolServerSideTranslatorPB.java:175) ~[ozone-manager-1.4.0-SNAPSHOT.jar:?]
	at org.apache.hadoop.hdds.server.OzoneProtocolMessageDispatcher.processRequest(OzoneProtocolMessageDispatcher.java:87) [hdds-server-framework-1.4.0-SNAPSHOT.jar:?]
	at org.apache.hadoop.ozone.protocolPB.OzoneManagerProtocolServerSideTranslatorPB.submitRequest(OzoneManagerProtocolServerSideTranslatorPB.java:147) [ozone-manager-1.4.0-SNAPSHOT.jar:?]
	at org.apache.hadoop.ozone.protocol.proto.OzoneManagerProtocolProtos$OzoneManagerService$2.callBlockingMethod(OzoneManagerProtocolProtos.java) [ozone-interface-client-1.4.0-SNAPSHOT.jar:?]
	at org.apache.hadoop.ipc.ProtobufRpcEngine$Server.processCall(ProtobufRpcEngine.java:465) [hadoop-common-3.3.4.jar:?]
	at org.apache.hadoop.ipc.ProtobufRpcEngine2$Server$ProtoBufRpcInvoker.call(ProtobufRpcEngine2.java:578) [hadoop-common-3.3.4.jar:?]
	at org.apache.hadoop.ipc.ProtobufRpcEngine2$Server$ProtoBufRpcInvoker.call(ProtobufRpcEngine2.java:556) [hadoop-common-3.3.4.jar:?]
	at org.apache.hadoop.ipc.RPC$Server.call(RPC.java:1093) [hadoop-common-3.3.4.jar:?]
	at org.apache.hadoop.ipc.Server$RpcCall.run(Server.java:1043) [hadoop-common-3.3.4.jar:?]
	at org.apache.hadoop.ipc.Server$RpcCall.run(Server.java:971) [hadoop-common-3.3.4.jar:?]
	at java.security.AccessController.doPrivileged(Native Method) ~[?:1.8.0_352]
	at javax.security.auth.Subject.doAs(Subject.java:422) [?:1.8.0_352]
	at org.apache.hadoop.security.UserGroupInformation.doAs(UserGroupInformation.java:1878) [hadoop-common-3.3.4.jar:?]
	at org.apache.hadoop.ipc.Server$Handler.run(Server.java:2976) [hadoop-common-3.3.4.jar:?]
2023-01-03 10:06:28,550 [EventQueue-CommandQueueReportForCommandQueueReportHandler] WARN  events.EventQueue (EventQueue.java:fireEvent(216)) - No event handler registered for event TypedEvent{payloadType=DatanodeDetails, name='Datanode_Command_Queue_Updated'}
10:06:28.550 [IPC Server handler 0 on default port 41175] ERROR OMAudit - user=runner | ip=127.0.0.1 | op=GET_FILE_STATUS {volume=volume17571, bucket=bucket85979, key=level0/level2/level2/file1, dataSize=0, replicationConfig=null} | ret=FAILURE
org.apache.hadoop.ozone.om.exceptions.OMException: Unable to get file status: volume: volume17571 bucket: bucket85979 key: level0/level2/level2/file1
	at org.apache.hadoop.ozone.om.KeyManagerImpl.getOzoneFileStatus(KeyManagerImpl.java:1301) ~[ozone-manager-1.4.0-SNAPSHOT.jar:?]
	at org.apache.hadoop.ozone.om.KeyManagerImpl.getFileStatus(KeyManagerImpl.java:1219) ~[ozone-manager-1.4.0-SNAPSHOT.jar:?]
	at org.apache.hadoop.ozone.om.OzoneManager.getFileStatus(OzoneManager.java:3578) ~[ozone-manager-1.4.0-SNAPSHOT.jar:?]
	at org.apache.hadoop.ozone.protocolPB.OzoneManagerRequestHandler.getOzoneFileStatus(OzoneManagerRequestHandler.java:907) ~[ozone-manager-1.4.0-SNAPSHOT.jar:?]
	at org.apache.hadoop.ozone.protocolPB.OzoneManagerRequestHandler.handleReadRequest(OzoneManagerRequestHandler.java:231) ~[ozone-manager-1.4.0-SNAPSHOT.jar:?]
	at org.apache.hadoop.ozone.protocolPB.OzoneManagerProtocolServerSideTranslatorPB.submitReadRequestToOM(OzoneManagerProtocolServerSideTranslatorPB.java:226) ~[ozone-manager-1.4.0-SNAPSHOT.jar:?]
	at org.apache.hadoop.ozone.protocolPB.OzoneManagerProtocolServerSideTranslatorPB.processRequest(OzoneManagerProtocolServerSideTranslatorPB.java:175) ~[ozone-manager-1.4.0-SNAPSHOT.jar:?]
	at org.apache.hadoop.hdds.server.OzoneProtocolMessageDispatcher.processRequest(OzoneProtocolMessageDispatcher.java:87) [hdds-server-framework-1.4.0-SNAPSHOT.jar:?]
	at org.apache.hadoop.ozone.protocolPB.OzoneManagerProtocolServerSideTranslatorPB.submitRequest(OzoneManagerProtocolServerSideTranslatorPB.java:147) [ozone-manager-1.4.0-SNAPSHOT.jar:?]
	at org.apache.hadoop.ozone.protocol.proto.OzoneManagerProtocolProtos$OzoneManagerService$2.callBlockingMethod(OzoneManagerProtocolProtos.java) [ozone-interface-client-1.4.0-SNAPSHOT.jar:?]
	at org.apache.hadoop.ipc.ProtobufRpcEngine$Server.processCall(ProtobufRpcEngine.java:465) [hadoop-common-3.3.4.jar:?]
	at org.apache.hadoop.ipc.ProtobufRpcEngine2$Server$ProtoBufRpcInvoker.call(ProtobufRpcEngine2.java:578) [hadoop-common-3.3.4.jar:?]
	at org.apache.hadoop.ipc.ProtobufRpcEngine2$Server$ProtoBufRpcInvoker.call(ProtobufRpcEngine2.java:556) [hadoop-common-3.3.4.jar:?]
	at org.apache.hadoop.ipc.RPC$Server.call(RPC.java:1093) [hadoop-common-3.3.4.jar:?]
	at org.apache.hadoop.ipc.Server$RpcCall.run(Server.java:1043) [hadoop-common-3.3.4.jar:?]
	at org.apache.hadoop.ipc.Server$RpcCall.run(Server.java:971) [hadoop-common-3.3.4.jar:?]
	at java.security.AccessController.doPrivileged(Native Method) ~[?:1.8.0_352]
	at javax.security.auth.Subject.doAs(Subject.java:422) [?:1.8.0_352]
	at org.apache.hadoop.security.UserGroupInformation.doAs(UserGroupInformation.java:1878) [hadoop-common-3.3.4.jar:?]
	at org.apache.hadoop.ipc.Server$Handler.run(Server.java:2976) [hadoop-common-3.3.4.jar:?]
10:06:28.552 [IPC Server handler 19 on default port 41175] ERROR OMAudit - user=runner | ip=127.0.0.1 | op=GET_FILE_STATUS {volume=volume17571, bucket=bucket85979, key=level0/level3, dataSize=0, replicationConfig=null} | ret=FAILURE
org.apache.hadoop.ozone.om.exceptions.OMException: Unable to get file status: volume: volume17571 bucket: bucket85979 key: level0/level3
	at org.apache.hadoop.ozone.om.KeyManagerImpl.getOzoneFileStatus(KeyManagerImpl.java:1301) ~[ozone-manager-1.4.0-SNAPSHOT.jar:?]
	at org.apache.hadoop.ozone.om.KeyManagerImpl.getFileStatus(KeyManagerImpl.java:1219) ~[ozone-manager-1.4.0-SNAPSHOT.jar:?]
	at org.apache.hadoop.ozone.om.OzoneManager.getFileStatus(OzoneManager.java:3578) ~[ozone-manager-1.4.0-SNAPSHOT.jar:?]
	at org.apache.hadoop.ozone.protocolPB.OzoneManagerRequestHandler.getOzoneFileStatus(OzoneManagerRequestHandler.java:907) ~[ozone-manager-1.4.0-SNAPSHOT.jar:?]
	at org.apache.hadoop.ozone.protocolPB.OzoneManagerRequestHandler.handleReadRequest(OzoneManagerRequestHandler.java:231) ~[ozone-manager-1.4.0-SNAPSHOT.jar:?]
	at org.apache.hadoop.ozone.protocolPB.OzoneManagerProtocolServerSideTranslatorPB.submitReadRequestToOM(OzoneManagerProtocolServerSideTranslatorPB.java:226) ~[ozone-manager-1.4.0-SNAPSHOT.jar:?]
	at org.apache.hadoop.ozone.protocolPB.OzoneManagerProtocolServerSideTranslatorPB.processRequest(OzoneManagerProtocolServerSideTranslatorPB.java:175) ~[ozone-manager-1.4.0-SNAPSHOT.jar:?]
	at org.apache.hadoop.hdds.server.OzoneProtocolMessageDispatcher.processRequest(OzoneProtocolMessageDispatcher.java:87) [hdds-server-framework-1.4.0-SNAPSHOT.jar:?]
	at org.apache.hadoop.ozone.protocolPB.OzoneManagerProtocolServerSideTranslatorPB.submitRequest(OzoneManagerProtocolServerSideTranslatorPB.java:147) [ozone-manager-1.4.0-SNAPSHOT.jar:?]
	at org.apache.hadoop.ozone.protocol.proto.OzoneManagerProtocolProtos$OzoneManagerService$2.callBlockingMethod(OzoneManagerProtocolProtos.java) [ozone-interface-client-1.4.0-SNAPSHOT.jar:?]
	at org.apache.hadoop.ipc.ProtobufRpcEngine$Server.processCall(ProtobufRpcEngine.java:465) [hadoop-common-3.3.4.jar:?]
	at org.apache.hadoop.ipc.ProtobufRpcEngine2$Server$ProtoBufRpcInvoker.call(ProtobufRpcEngine2.java:578) [hadoop-common-3.3.4.jar:?]
	at org.apache.hadoop.ipc.ProtobufRpcEngine2$Server$ProtoBufRpcInvoker.call(ProtobufRpcEngine2.java:556) [hadoop-common-3.3.4.jar:?]
	at org.apache.hadoop.ipc.RPC$Server.call(RPC.java:1093) [hadoop-common-3.3.4.jar:?]
	at org.apache.hadoop.ipc.Server$RpcCall.run(Server.java:1043) [hadoop-common-3.3.4.jar:?]
	at org.apache.hadoop.ipc.Server$RpcCall.run(Server.java:971) [hadoop-common-3.3.4.jar:?]
	at java.security.AccessController.doPrivileged(Native Method) ~[?:1.8.0_352]
	at javax.security.auth.Subject.doAs(Subject.java:422) [?:1.8.0_352]
	at org.apache.hadoop.security.UserGroupInformation.doAs(UserGroupInformation.java:1878) [hadoop-common-3.3.4.jar:?]
	at org.apache.hadoop.ipc.Server$Handler.run(Server.java:2976) [hadoop-common-3.3.4.jar:?]
10:06:28.554 [IPC Server handler 6 on default port 41175] ERROR OMAudit - user=runner | ip=127.0.0.1 | op=GET_FILE_STATUS {volume=volume17571, bucket=bucket85979, key=level0/level3/level3, dataSize=0, replicationConfig=null} | ret=FAILURE
org.apache.hadoop.ozone.om.exceptions.OMException: Unable to get file status: volume: volume17571 bucket: bucket85979 key: level0/level3/level3
	at org.apache.hadoop.ozone.om.KeyManagerImpl.getOzoneFileStatus(KeyManagerImpl.java:1301) ~[ozone-manager-1.4.0-SNAPSHOT.jar:?]
	at org.apache.hadoop.ozone.om.KeyManagerImpl.getFileStatus(KeyManagerImpl.java:1219) ~[ozone-manager-1.4.0-SNAPSHOT.jar:?]
	at org.apache.hadoop.ozone.om.OzoneManager.getFileStatus(OzoneManager.java:3578) ~[ozone-manager-1.4.0-SNAPSHOT.jar:?]
	at org.apache.hadoop.ozone.protocolPB.OzoneManagerRequestHandler.getOzoneFileStatus(OzoneManagerRequestHandler.java:907) ~[ozone-manager-1.4.0-SNAPSHOT.jar:?]
	at org.apache.hadoop.ozone.protocolPB.OzoneManagerRequestHandler.handleReadRequest(OzoneManagerRequestHandler.java:231) ~[ozone-manager-1.4.0-SNAPSHOT.jar:?]
	at org.apache.hadoop.ozone.protocolPB.OzoneManagerProtocolServerSideTranslatorPB.submitReadRequestToOM(OzoneManagerProtocolServerSideTranslatorPB.java:226) ~[ozone-manager-1.4.0-SNAPSHOT.jar:?]
	at org.apache.hadoop.ozone.protocolPB.OzoneManagerProtocolServerSideTranslatorPB.processRequest(OzoneManagerProtocolServerSideTranslatorPB.java:175) ~[ozone-manager-1.4.0-SNAPSHOT.jar:?]
	at org.apache.hadoop.hdds.server.OzoneProtocolMessageDispatcher.processRequest(OzoneProtocolMessageDispatcher.java:87) [hdds-server-framework-1.4.0-SNAPSHOT.jar:?]
	at org.apache.hadoop.ozone.protocolPB.OzoneManagerProtocolServerSideTranslatorPB.submitRequest(OzoneManagerProtocolServerSideTranslatorPB.java:147) [ozone-manager-1.4.0-SNAPSHOT.jar:?]
	at org.apache.hadoop.ozone.protocol.proto.OzoneManagerProtocolProtos$OzoneManagerService$2.callBlockingMethod(OzoneManagerProtocolProtos.java) [ozone-interface-client-1.4.0-SNAPSHOT.jar:?]
	at org.apache.hadoop.ipc.ProtobufRpcEngine$Server.processCall(ProtobufRpcEngine.java:465) [hadoop-common-3.3.4.jar:?]
	at org.apache.hadoop.ipc.ProtobufRpcEngine2$Server$ProtoBufRpcInvoker.call(ProtobufRpcEngine2.java:578) [hadoop-common-3.3.4.jar:?]
	at org.apache.hadoop.ipc.ProtobufRpcEngine2$Server$ProtoBufRpcInvoker.call(ProtobufRpcEngine2.java:556) [hadoop-common-3.3.4.jar:?]
	at org.apache.hadoop.ipc.RPC$Server.call(RPC.java:1093) [hadoop-common-3.3.4.jar:?]
	at org.apache.hadoop.ipc.Server$RpcCall.run(Server.java:1043) [hadoop-common-3.3.4.jar:?]
	at org.apache.hadoop.ipc.Server$RpcCall.run(Server.java:971) [hadoop-common-3.3.4.jar:?]
	at java.security.AccessController.doPrivileged(Native Method) ~[?:1.8.0_352]
	at javax.security.auth.Subject.doAs(Subject.java:422) [?:1.8.0_352]
	at org.apache.hadoop.security.UserGroupInformation.doAs(UserGroupInformation.java:1878) [hadoop-common-3.3.4.jar:?]
	at org.apache.hadoop.ipc.Server$Handler.run(Server.java:2976) [hadoop-common-3.3.4.jar:?]
10:06:28.555 [IPC Server handler 13 on default port 41175] ERROR OMAudit - user=runner | ip=127.0.0.1 | op=GET_FILE_STATUS {volume=volume17571, bucket=bucket85979, key=level0/level3/file1, dataSize=0, replicationConfig=null} | ret=FAILURE
org.apache.hadoop.ozone.om.exceptions.OMException: Unable to get file status: volume: volume17571 bucket: bucket85979 key: level0/level3/file1
	at org.apache.hadoop.ozone.om.KeyManagerImpl.getOzoneFileStatus(KeyManagerImpl.java:1301) ~[ozone-manager-1.4.0-SNAPSHOT.jar:?]
	at org.apache.hadoop.ozone.om.KeyManagerImpl.getFileStatus(KeyManagerImpl.java:1219) ~[ozone-manager-1.4.0-SNAPSHOT.jar:?]
	at org.apache.hadoop.ozone.om.OzoneManager.getFileStatus(OzoneManager.java:3578) ~[ozone-manager-1.4.0-SNAPSHOT.jar:?]
	at org.apache.hadoop.ozone.protocolPB.OzoneManagerRequestHandler.getOzoneFileStatus(OzoneManagerRequestHandler.java:907) ~[ozone-manager-1.4.0-SNAPSHOT.jar:?]
	at org.apache.hadoop.ozone.protocolPB.OzoneManagerRequestHandler.handleReadRequest(OzoneManagerRequestHandler.java:231) ~[ozone-manager-1.4.0-SNAPSHOT.jar:?]
	at org.apache.hadoop.ozone.protocolPB.OzoneManagerProtocolServerSideTranslatorPB.submitReadRequestToOM(OzoneManagerProtocolServerSideTranslatorPB.java:226) ~[ozone-manager-1.4.0-SNAPSHOT.jar:?]
	at org.apache.hadoop.ozone.protocolPB.OzoneManagerProtocolServerSideTranslatorPB.processRequest(OzoneManagerProtocolServerSideTranslatorPB.java:175) ~[ozone-manager-1.4.0-SNAPSHOT.jar:?]
	at org.apache.hadoop.hdds.server.OzoneProtocolMessageDispatcher.processRequest(OzoneProtocolMessageDispatcher.java:87) [hdds-server-framework-1.4.0-SNAPSHOT.jar:?]
	at org.apache.hadoop.ozone.protocolPB.OzoneManagerProtocolServerSideTranslatorPB.submitRequest(OzoneManagerProtocolServerSideTranslatorPB.java:147) [ozone-manager-1.4.0-SNAPSHOT.jar:?]
	at org.apache.hadoop.ozone.protocol.proto.OzoneManagerProtocolProtos$OzoneManagerService$2.callBlockingMethod(OzoneManagerProtocolProtos.java) [ozone-interface-client-1.4.0-SNAPSHOT.jar:?]
	at org.apache.hadoop.ipc.ProtobufRpcEngine$Server.processCall(ProtobufRpcEngine.java:465) [hadoop-common-3.3.4.jar:?]
	at org.apache.hadoop.ipc.ProtobufRpcEngine2$Server$ProtoBufRpcInvoker.call(ProtobufRpcEngine2.java:578) [hadoop-common-3.3.4.jar:?]
	at org.apache.hadoop.ipc.ProtobufRpcEngine2$Server$ProtoBufRpcInvoker.call(ProtobufRpcEngine2.java:556) [hadoop-common-3.3.4.jar:?]
	at org.apache.hadoop.ipc.RPC$Server.call(RPC.java:1093) [hadoop-common-3.3.4.jar:?]
	at org.apache.hadoop.ipc.Server$RpcCall.run(Server.java:1043) [hadoop-common-3.3.4.jar:?]
	at org.apache.hadoop.ipc.Server$RpcCall.run(Server.java:971) [hadoop-common-3.3.4.jar:?]
	at java.security.AccessController.doPrivileged(Native Method) ~[?:1.8.0_352]
	at javax.security.auth.Subject.doAs(Subject.java:422) [?:1.8.0_352]
	at org.apache.hadoop.security.UserGroupInformation.doAs(UserGroupInformation.java:1878) [hadoop-common-3.3.4.jar:?]
	at org.apache.hadoop.ipc.Server$Handler.run(Server.java:2976) [hadoop-common-3.3.4.jar:?]
10:06:28.556 [IPC Server handler 18 on default port 41175] ERROR OMAudit - user=runner | ip=127.0.0.1 | op=GET_FILE_STATUS {volume=volume17571, bucket=bucket85979, key=level0/level3/level3/file1, dataSize=0, replicationConfig=null} | ret=FAILURE
org.apache.hadoop.ozone.om.exceptions.OMException: Unable to get file status: volume: volume17571 bucket: bucket85979 key: level0/level3/level3/file1
	at org.apache.hadoop.ozone.om.KeyManagerImpl.getOzoneFileStatus(KeyManagerImpl.java:1301) ~[ozone-manager-1.4.0-SNAPSHOT.jar:?]
	at org.apache.hadoop.ozone.om.KeyManagerImpl.getFileStatus(KeyManagerImpl.java:1219) ~[ozone-manager-1.4.0-SNAPSHOT.jar:?]
	at org.apache.hadoop.ozone.om.OzoneManager.getFileStatus(OzoneManager.java:3578) ~[ozone-manager-1.4.0-SNAPSHOT.jar:?]
	at org.apache.hadoop.ozone.protocolPB.OzoneManagerRequestHandler.getOzoneFileStatus(OzoneManagerRequestHandler.java:907) ~[ozone-manager-1.4.0-SNAPSHOT.jar:?]
	at org.apache.hadoop.ozone.protocolPB.OzoneManagerRequestHandler.handleReadRequest(OzoneManagerRequestHandler.java:231) ~[ozone-manager-1.4.0-SNAPSHOT.jar:?]
	at org.apache.hadoop.ozone.protocolPB.OzoneManagerProtocolServerSideTranslatorPB.submitReadRequestToOM(OzoneManagerProtocolServerSideTranslatorPB.java:226) ~[ozone-manager-1.4.0-SNAPSHOT.jar:?]
	at org.apache.hadoop.ozone.protocolPB.OzoneManagerProtocolServerSideTranslatorPB.processRequest(OzoneManagerProtocolServerSideTranslatorPB.java:175) ~[ozone-manager-1.4.0-SNAPSHOT.jar:?]
	at org.apache.hadoop.hdds.server.OzoneProtocolMessageDispatcher.processRequest(OzoneProtocolMessageDispatcher.java:87) [hdds-server-framework-1.4.0-SNAPSHOT.jar:?]
	at org.apache.hadoop.ozone.protocolPB.OzoneManagerProtocolServerSideTranslatorPB.submitRequest(OzoneManagerProtocolServerSideTranslatorPB.java:147) [ozone-manager-1.4.0-SNAPSHOT.jar:?]
	at org.apache.hadoop.ozone.protocol.proto.OzoneManagerProtocolProtos$OzoneManagerService$2.callBlockingMethod(OzoneManagerProtocolProtos.java) [ozone-interface-client-1.4.0-SNAPSHOT.jar:?]
	at org.apache.hadoop.ipc.ProtobufRpcEngine$Server.processCall(ProtobufRpcEngine.java:465) [hadoop-common-3.3.4.jar:?]
	at org.apache.hadoop.ipc.ProtobufRpcEngine2$Server$ProtoBufRpcInvoker.call(ProtobufRpcEngine2.java:578) [hadoop-common-3.3.4.jar:?]
	at org.apache.hadoop.ipc.ProtobufRpcEngine2$Server$ProtoBufRpcInvoker.call(ProtobufRpcEngine2.java:556) [hadoop-common-3.3.4.jar:?]
	at org.apache.hadoop.ipc.RPC$Server.call(RPC.java:1093) [hadoop-common-3.3.4.jar:?]
	at org.apache.hadoop.ipc.Server$RpcCall.run(Server.java:1043) [hadoop-common-3.3.4.jar:?]
	at org.apache.hadoop.ipc.Server$RpcCall.run(Server.java:971) [hadoop-common-3.3.4.jar:?]
	at java.security.AccessController.doPrivileged(Native Method) ~[?:1.8.0_352]
	at javax.security.auth.Subject.doAs(Subject.java:422) [?:1.8.0_352]
	at org.apache.hadoop.security.UserGroupInformation.doAs(UserGroupInformation.java:1878) [hadoop-common-3.3.4.jar:?]
	at org.apache.hadoop.ipc.Server$Handler.run(Server.java:2976) [hadoop-common-3.3.4.jar:?]
]]></system-out>
  </testcase>
  <testcase name="testRecursiveDelete" classname="TestOzoneFileSystem" time="0.096">
    <system-out><![CDATA[2023-01-03 10:07:27,829 [IPC Server handler 1 on default port 46801] INFO  key.OMKeyRequest (OMKeyRequest.java:wrapUncommittedBlocksAsPseudoKey(835)) - Detect allocated but uncommitted blocks [{blockID={containerID=1, localID=111677748019200014}, length=4194304, offset=0, token=null, pipeline=null, createVersion=0, partNumber=0}] in key gdir1/pdir1/child.
2023-01-03 10:07:27,832 [IPC Server handler 3 on default port 46801] INFO  key.OMKeyRequest (OMKeyRequest.java:wrapUncommittedBlocksAsPseudoKey(835)) - Detect allocated but uncommitted blocks [{blockID={containerID=2, localID=111677748019200015}, length=4194304, offset=0, token=null, pipeline=null, createVersion=0, partNumber=0}] in key gdir1/pdir2/child.
2023-01-03 10:07:27,834 [IPC Server handler 5 on default port 46801] INFO  key.OMKeyRequest (OMKeyRequest.java:wrapUncommittedBlocksAsPseudoKey(835)) - Detect allocated but uncommitted blocks [{blockID={containerID=4, localID=111677748019200016}, length=4194304, offset=0, token=null, pipeline=null, createVersion=0, partNumber=0}] in key gdir1/pdir3/child.
2023-01-03 10:07:27,837 [IPC Server handler 7 on default port 46801] INFO  key.OMKeyRequest (OMKeyRequest.java:wrapUncommittedBlocksAsPseudoKey(835)) - Detect allocated but uncommitted blocks [{blockID={containerID=1, localID=111677748019200017}, length=4194304, offset=0, token=null, pipeline=null, createVersion=0, partNumber=0}] in key gdir1/pdir4/child.
2023-01-03 10:07:27,840 [IPC Server handler 9 on default port 46801] INFO  key.OMKeyRequest (OMKeyRequest.java:wrapUncommittedBlocksAsPseudoKey(835)) - Detect allocated but uncommitted blocks [{blockID={containerID=2, localID=111677748019200018}, length=4194304, offset=0, token=null, pipeline=null, createVersion=0, partNumber=0}] in key gdir1/pdir5/child.
2023-01-03 10:07:27,845 [IPC Server handler 11 on default port 46801] INFO  key.OMKeyRequest (OMKeyRequest.java:wrapUncommittedBlocksAsPseudoKey(835)) - Detect allocated but uncommitted blocks [{blockID={containerID=1, localID=111677748019200019}, length=4194304, offset=0, token=null, pipeline=null, createVersion=0, partNumber=0}] in key gdir1/pdir6/child.
2023-01-03 10:07:27,847 [IPC Server handler 13 on default port 46801] INFO  key.OMKeyRequest (OMKeyRequest.java:wrapUncommittedBlocksAsPseudoKey(835)) - Detect allocated but uncommitted blocks [{blockID={containerID=3, localID=111677748019200020}, length=4194304, offset=0, token=null, pipeline=null, createVersion=0, partNumber=0}] in key gdir1/pdir7/child.
2023-01-03 10:07:27,850 [IPC Server handler 15 on default port 46801] INFO  key.OMKeyRequest (OMKeyRequest.java:wrapUncommittedBlocksAsPseudoKey(835)) - Detect allocated but uncommitted blocks [{blockID={containerID=2, localID=111677748019200021}, length=4194304, offset=0, token=null, pipeline=null, createVersion=0, partNumber=0}] in key gdir1/pdir8/child.
2023-01-03 10:07:27,853 [IPC Server handler 16 on default port 46801] INFO  key.OMKeyRequest (OMKeyRequest.java:wrapUncommittedBlocksAsPseudoKey(835)) - Detect allocated but uncommitted blocks [{blockID={containerID=4, localID=111677748019200022}, length=4194304, offset=0, token=null, pipeline=null, createVersion=0, partNumber=0}] in key gdir1/pdir9/child.
2023-01-03 10:07:27,855 [IPC Server handler 19 on default port 46801] INFO  key.OMKeyRequest (OMKeyRequest.java:wrapUncommittedBlocksAsPseudoKey(835)) - Detect allocated but uncommitted blocks [{blockID={containerID=1, localID=111677748019200023}, length=4194304, offset=0, token=null, pipeline=null, createVersion=0, partNumber=0}] in key gdir1/pdir10/child.
10:07:27.865 [IPC Server handler 18 on default port 46801] ERROR OMAudit - user=runner | ip=127.0.0.1 | op=GET_FILE_STATUS {volume=volume72509, bucket=bucket24043, key=gdir1, dataSize=0, replicationConfig=null} | ret=FAILURE
org.apache.hadoop.ozone.om.exceptions.OMException: Unable to get file status: volume: volume72509 bucket: bucket24043 key: gdir1
	at org.apache.hadoop.ozone.om.KeyManagerImpl.getOzoneFileStatus(KeyManagerImpl.java:1301) ~[ozone-manager-1.4.0-SNAPSHOT.jar:?]
	at org.apache.hadoop.ozone.om.KeyManagerImpl.getFileStatus(KeyManagerImpl.java:1219) ~[ozone-manager-1.4.0-SNAPSHOT.jar:?]
	at org.apache.hadoop.ozone.om.OzoneManager.getFileStatus(OzoneManager.java:3578) ~[ozone-manager-1.4.0-SNAPSHOT.jar:?]
	at org.apache.hadoop.ozone.protocolPB.OzoneManagerRequestHandler.getOzoneFileStatus(OzoneManagerRequestHandler.java:907) ~[ozone-manager-1.4.0-SNAPSHOT.jar:?]
	at org.apache.hadoop.ozone.protocolPB.OzoneManagerRequestHandler.handleReadRequest(OzoneManagerRequestHandler.java:231) ~[ozone-manager-1.4.0-SNAPSHOT.jar:?]
	at org.apache.hadoop.ozone.protocolPB.OzoneManagerProtocolServerSideTranslatorPB.submitRequestDirectlyToOM(OzoneManagerProtocolServerSideTranslatorPB.java:276) ~[ozone-manager-1.4.0-SNAPSHOT.jar:?]
	at org.apache.hadoop.ozone.protocolPB.OzoneManagerProtocolServerSideTranslatorPB.processRequest(OzoneManagerProtocolServerSideTranslatorPB.java:205) ~[ozone-manager-1.4.0-SNAPSHOT.jar:?]
	at org.apache.hadoop.hdds.server.OzoneProtocolMessageDispatcher.processRequest(OzoneProtocolMessageDispatcher.java:87) [hdds-server-framework-1.4.0-SNAPSHOT.jar:?]
	at org.apache.hadoop.ozone.protocolPB.OzoneManagerProtocolServerSideTranslatorPB.submitRequest(OzoneManagerProtocolServerSideTranslatorPB.java:147) [ozone-manager-1.4.0-SNAPSHOT.jar:?]
	at org.apache.hadoop.ozone.protocol.proto.OzoneManagerProtocolProtos$OzoneManagerService$2.callBlockingMethod(OzoneManagerProtocolProtos.java) [ozone-interface-client-1.4.0-SNAPSHOT.jar:?]
	at org.apache.hadoop.ipc.ProtobufRpcEngine$Server.processCall(ProtobufRpcEngine.java:465) [hadoop-common-3.3.4.jar:?]
	at org.apache.hadoop.ipc.ProtobufRpcEngine2$Server$ProtoBufRpcInvoker.call(ProtobufRpcEngine2.java:578) [hadoop-common-3.3.4.jar:?]
	at org.apache.hadoop.ipc.ProtobufRpcEngine2$Server$ProtoBufRpcInvoker.call(ProtobufRpcEngine2.java:556) [hadoop-common-3.3.4.jar:?]
	at org.apache.hadoop.ipc.RPC$Server.call(RPC.java:1093) [hadoop-common-3.3.4.jar:?]
	at org.apache.hadoop.ipc.Server$RpcCall.run(Server.java:1043) [hadoop-common-3.3.4.jar:?]
	at org.apache.hadoop.ipc.Server$RpcCall.run(Server.java:971) [hadoop-common-3.3.4.jar:?]
	at java.security.AccessController.doPrivileged(Native Method) ~[?:1.8.0_352]
	at javax.security.auth.Subject.doAs(Subject.java:422) [?:1.8.0_352]
	at org.apache.hadoop.security.UserGroupInformation.doAs(UserGroupInformation.java:1878) [hadoop-common-3.3.4.jar:?]
	at org.apache.hadoop.ipc.Server$Handler.run(Server.java:2976) [hadoop-common-3.3.4.jar:?]
10:07:27.865 [IPC Server handler 19 on default port 46801] ERROR OMAudit - user=runner | ip=127.0.0.1 | op=GET_FILE_STATUS {volume=volume72509, bucket=bucket24043, key=gdir1/dir1, dataSize=0, replicationConfig=null} | ret=FAILURE
org.apache.hadoop.ozone.om.exceptions.OMException: Unable to get file status: volume: volume72509 bucket: bucket24043 key: gdir1/dir1
	at org.apache.hadoop.ozone.om.KeyManagerImpl.getOzoneFileStatus(KeyManagerImpl.java:1301) ~[ozone-manager-1.4.0-SNAPSHOT.jar:?]
	at org.apache.hadoop.ozone.om.KeyManagerImpl.getFileStatus(KeyManagerImpl.java:1219) ~[ozone-manager-1.4.0-SNAPSHOT.jar:?]
	at org.apache.hadoop.ozone.om.OzoneManager.getFileStatus(OzoneManager.java:3578) ~[ozone-manager-1.4.0-SNAPSHOT.jar:?]
	at org.apache.hadoop.ozone.protocolPB.OzoneManagerRequestHandler.getOzoneFileStatus(OzoneManagerRequestHandler.java:907) ~[ozone-manager-1.4.0-SNAPSHOT.jar:?]
	at org.apache.hadoop.ozone.protocolPB.OzoneManagerRequestHandler.handleReadRequest(OzoneManagerRequestHandler.java:231) ~[ozone-manager-1.4.0-SNAPSHOT.jar:?]
	at org.apache.hadoop.ozone.protocolPB.OzoneManagerProtocolServerSideTranslatorPB.submitRequestDirectlyToOM(OzoneManagerProtocolServerSideTranslatorPB.java:276) ~[ozone-manager-1.4.0-SNAPSHOT.jar:?]
	at org.apache.hadoop.ozone.protocolPB.OzoneManagerProtocolServerSideTranslatorPB.processRequest(OzoneManagerProtocolServerSideTranslatorPB.java:205) ~[ozone-manager-1.4.0-SNAPSHOT.jar:?]
	at org.apache.hadoop.hdds.server.OzoneProtocolMessageDispatcher.processRequest(OzoneProtocolMessageDispatcher.java:87) [hdds-server-framework-1.4.0-SNAPSHOT.jar:?]
	at org.apache.hadoop.ozone.protocolPB.OzoneManagerProtocolServerSideTranslatorPB.submitRequest(OzoneManagerProtocolServerSideTranslatorPB.java:147) [ozone-manager-1.4.0-SNAPSHOT.jar:?]
	at org.apache.hadoop.ozone.protocol.proto.OzoneManagerProtocolProtos$OzoneManagerService$2.callBlockingMethod(OzoneManagerProtocolProtos.java) [ozone-interface-client-1.4.0-SNAPSHOT.jar:?]
	at org.apache.hadoop.ipc.ProtobufRpcEngine$Server.processCall(ProtobufRpcEngine.java:465) [hadoop-common-3.3.4.jar:?]
	at org.apache.hadoop.ipc.ProtobufRpcEngine2$Server$ProtoBufRpcInvoker.call(ProtobufRpcEngine2.java:578) [hadoop-common-3.3.4.jar:?]
	at org.apache.hadoop.ipc.ProtobufRpcEngine2$Server$ProtoBufRpcInvoker.call(ProtobufRpcEngine2.java:556) [hadoop-common-3.3.4.jar:?]
	at org.apache.hadoop.ipc.RPC$Server.call(RPC.java:1093) [hadoop-common-3.3.4.jar:?]
	at org.apache.hadoop.ipc.Server$RpcCall.run(Server.java:1043) [hadoop-common-3.3.4.jar:?]
	at org.apache.hadoop.ipc.Server$RpcCall.run(Server.java:971) [hadoop-common-3.3.4.jar:?]
	at java.security.AccessController.doPrivileged(Native Method) ~[?:1.8.0_352]
	at javax.security.auth.Subject.doAs(Subject.java:422) [?:1.8.0_352]
	at org.apache.hadoop.security.UserGroupInformation.doAs(UserGroupInformation.java:1878) [hadoop-common-3.3.4.jar:?]
	at org.apache.hadoop.ipc.Server$Handler.run(Server.java:2976) [hadoop-common-3.3.4.jar:?]
10:07:27.866 [IPC Server handler 0 on default port 46801] ERROR OMAudit - user=runner | ip=127.0.0.1 | op=GET_FILE_STATUS {volume=volume72509, bucket=bucket24043, key=gdir1/dir1/child, dataSize=0, replicationConfig=null} | ret=FAILURE
org.apache.hadoop.ozone.om.exceptions.OMException: Unable to get file status: volume: volume72509 bucket: bucket24043 key: gdir1/dir1/child
	at org.apache.hadoop.ozone.om.KeyManagerImpl.getOzoneFileStatus(KeyManagerImpl.java:1301) ~[ozone-manager-1.4.0-SNAPSHOT.jar:?]
	at org.apache.hadoop.ozone.om.KeyManagerImpl.getFileStatus(KeyManagerImpl.java:1219) ~[ozone-manager-1.4.0-SNAPSHOT.jar:?]
	at org.apache.hadoop.ozone.om.OzoneManager.getFileStatus(OzoneManager.java:3578) ~[ozone-manager-1.4.0-SNAPSHOT.jar:?]
	at org.apache.hadoop.ozone.protocolPB.OzoneManagerRequestHandler.getOzoneFileStatus(OzoneManagerRequestHandler.java:907) ~[ozone-manager-1.4.0-SNAPSHOT.jar:?]
	at org.apache.hadoop.ozone.protocolPB.OzoneManagerRequestHandler.handleReadRequest(OzoneManagerRequestHandler.java:231) ~[ozone-manager-1.4.0-SNAPSHOT.jar:?]
	at org.apache.hadoop.ozone.protocolPB.OzoneManagerProtocolServerSideTranslatorPB.submitRequestDirectlyToOM(OzoneManagerProtocolServerSideTranslatorPB.java:276) ~[ozone-manager-1.4.0-SNAPSHOT.jar:?]
	at org.apache.hadoop.ozone.protocolPB.OzoneManagerProtocolServerSideTranslatorPB.processRequest(OzoneManagerProtocolServerSideTranslatorPB.java:205) ~[ozone-manager-1.4.0-SNAPSHOT.jar:?]
	at org.apache.hadoop.hdds.server.OzoneProtocolMessageDispatcher.processRequest(OzoneProtocolMessageDispatcher.java:87) [hdds-server-framework-1.4.0-SNAPSHOT.jar:?]
	at org.apache.hadoop.ozone.protocolPB.OzoneManagerProtocolServerSideTranslatorPB.submitRequest(OzoneManagerProtocolServerSideTranslatorPB.java:147) [ozone-manager-1.4.0-SNAPSHOT.jar:?]
	at org.apache.hadoop.ozone.protocol.proto.OzoneManagerProtocolProtos$OzoneManagerService$2.callBlockingMethod(OzoneManagerProtocolProtos.java) [ozone-interface-client-1.4.0-SNAPSHOT.jar:?]
	at org.apache.hadoop.ipc.ProtobufRpcEngine$Server.processCall(ProtobufRpcEngine.java:465) [hadoop-common-3.3.4.jar:?]
	at org.apache.hadoop.ipc.ProtobufRpcEngine2$Server$ProtoBufRpcInvoker.call(ProtobufRpcEngine2.java:578) [hadoop-common-3.3.4.jar:?]
	at org.apache.hadoop.ipc.ProtobufRpcEngine2$Server$ProtoBufRpcInvoker.call(ProtobufRpcEngine2.java:556) [hadoop-common-3.3.4.jar:?]
	at org.apache.hadoop.ipc.RPC$Server.call(RPC.java:1093) [hadoop-common-3.3.4.jar:?]
	at org.apache.hadoop.ipc.Server$RpcCall.run(Server.java:1043) [hadoop-common-3.3.4.jar:?]
	at org.apache.hadoop.ipc.Server$RpcCall.run(Server.java:971) [hadoop-common-3.3.4.jar:?]
	at java.security.AccessController.doPrivileged(Native Method) ~[?:1.8.0_352]
	at javax.security.auth.Subject.doAs(Subject.java:422) [?:1.8.0_352]
	at org.apache.hadoop.security.UserGroupInformation.doAs(UserGroupInformation.java:1878) [hadoop-common-3.3.4.jar:?]
	at org.apache.hadoop.ipc.Server$Handler.run(Server.java:2976) [hadoop-common-3.3.4.jar:?]
10:07:27.867 [IPC Server handler 1 on default port 46801] ERROR OMAudit - user=runner | ip=127.0.0.1 | op=GET_FILE_STATUS {volume=volume72509, bucket=bucket24043, key=gdir1/dir2, dataSize=0, replicationConfig=null} | ret=FAILURE
org.apache.hadoop.ozone.om.exceptions.OMException: Unable to get file status: volume: volume72509 bucket: bucket24043 key: gdir1/dir2
	at org.apache.hadoop.ozone.om.KeyManagerImpl.getOzoneFileStatus(KeyManagerImpl.java:1301) ~[ozone-manager-1.4.0-SNAPSHOT.jar:?]
	at org.apache.hadoop.ozone.om.KeyManagerImpl.getFileStatus(KeyManagerImpl.java:1219) ~[ozone-manager-1.4.0-SNAPSHOT.jar:?]
	at org.apache.hadoop.ozone.om.OzoneManager.getFileStatus(OzoneManager.java:3578) ~[ozone-manager-1.4.0-SNAPSHOT.jar:?]
	at org.apache.hadoop.ozone.protocolPB.OzoneManagerRequestHandler.getOzoneFileStatus(OzoneManagerRequestHandler.java:907) ~[ozone-manager-1.4.0-SNAPSHOT.jar:?]
	at org.apache.hadoop.ozone.protocolPB.OzoneManagerRequestHandler.handleReadRequest(OzoneManagerRequestHandler.java:231) ~[ozone-manager-1.4.0-SNAPSHOT.jar:?]
	at org.apache.hadoop.ozone.protocolPB.OzoneManagerProtocolServerSideTranslatorPB.submitRequestDirectlyToOM(OzoneManagerProtocolServerSideTranslatorPB.java:276) ~[ozone-manager-1.4.0-SNAPSHOT.jar:?]
	at org.apache.hadoop.ozone.protocolPB.OzoneManagerProtocolServerSideTranslatorPB.processRequest(OzoneManagerProtocolServerSideTranslatorPB.java:205) ~[ozone-manager-1.4.0-SNAPSHOT.jar:?]
	at org.apache.hadoop.hdds.server.OzoneProtocolMessageDispatcher.processRequest(OzoneProtocolMessageDispatcher.java:87) [hdds-server-framework-1.4.0-SNAPSHOT.jar:?]
	at org.apache.hadoop.ozone.protocolPB.OzoneManagerProtocolServerSideTranslatorPB.submitRequest(OzoneManagerProtocolServerSideTranslatorPB.java:147) [ozone-manager-1.4.0-SNAPSHOT.jar:?]
	at org.apache.hadoop.ozone.protocol.proto.OzoneManagerProtocolProtos$OzoneManagerService$2.callBlockingMethod(OzoneManagerProtocolProtos.java) [ozone-interface-client-1.4.0-SNAPSHOT.jar:?]
	at org.apache.hadoop.ipc.ProtobufRpcEngine$Server.processCall(ProtobufRpcEngine.java:465) [hadoop-common-3.3.4.jar:?]
	at org.apache.hadoop.ipc.ProtobufRpcEngine2$Server$ProtoBufRpcInvoker.call(ProtobufRpcEngine2.java:578) [hadoop-common-3.3.4.jar:?]
	at org.apache.hadoop.ipc.ProtobufRpcEngine2$Server$ProtoBufRpcInvoker.call(ProtobufRpcEngine2.java:556) [hadoop-common-3.3.4.jar:?]
	at org.apache.hadoop.ipc.RPC$Server.call(RPC.java:1093) [hadoop-common-3.3.4.jar:?]
	at org.apache.hadoop.ipc.Server$RpcCall.run(Server.java:1043) [hadoop-common-3.3.4.jar:?]
	at org.apache.hadoop.ipc.Server$RpcCall.run(Server.java:971) [hadoop-common-3.3.4.jar:?]
	at java.security.AccessController.doPrivileged(Native Method) ~[?:1.8.0_352]
	at javax.security.auth.Subject.doAs(Subject.java:422) [?:1.8.0_352]
	at org.apache.hadoop.security.UserGroupInformation.doAs(UserGroupInformation.java:1878) [hadoop-common-3.3.4.jar:?]
	at org.apache.hadoop.ipc.Server$Handler.run(Server.java:2976) [hadoop-common-3.3.4.jar:?]
10:07:27.867 [IPC Server handler 2 on default port 46801] ERROR OMAudit - user=runner | ip=127.0.0.1 | op=GET_FILE_STATUS {volume=volume72509, bucket=bucket24043, key=gdir1/dir2/child, dataSize=0, replicationConfig=null} | ret=FAILURE
org.apache.hadoop.ozone.om.exceptions.OMException: Unable to get file status: volume: volume72509 bucket: bucket24043 key: gdir1/dir2/child
	at org.apache.hadoop.ozone.om.KeyManagerImpl.getOzoneFileStatus(KeyManagerImpl.java:1301) ~[ozone-manager-1.4.0-SNAPSHOT.jar:?]
	at org.apache.hadoop.ozone.om.KeyManagerImpl.getFileStatus(KeyManagerImpl.java:1219) ~[ozone-manager-1.4.0-SNAPSHOT.jar:?]
	at org.apache.hadoop.ozone.om.OzoneManager.getFileStatus(OzoneManager.java:3578) ~[ozone-manager-1.4.0-SNAPSHOT.jar:?]
	at org.apache.hadoop.ozone.protocolPB.OzoneManagerRequestHandler.getOzoneFileStatus(OzoneManagerRequestHandler.java:907) ~[ozone-manager-1.4.0-SNAPSHOT.jar:?]
	at org.apache.hadoop.ozone.protocolPB.OzoneManagerRequestHandler.handleReadRequest(OzoneManagerRequestHandler.java:231) ~[ozone-manager-1.4.0-SNAPSHOT.jar:?]
	at org.apache.hadoop.ozone.protocolPB.OzoneManagerProtocolServerSideTranslatorPB.submitRequestDirectlyToOM(OzoneManagerProtocolServerSideTranslatorPB.java:276) ~[ozone-manager-1.4.0-SNAPSHOT.jar:?]
	at org.apache.hadoop.ozone.protocolPB.OzoneManagerProtocolServerSideTranslatorPB.processRequest(OzoneManagerProtocolServerSideTranslatorPB.java:205) ~[ozone-manager-1.4.0-SNAPSHOT.jar:?]
	at org.apache.hadoop.hdds.server.OzoneProtocolMessageDispatcher.processRequest(OzoneProtocolMessageDispatcher.java:87) [hdds-server-framework-1.4.0-SNAPSHOT.jar:?]
	at org.apache.hadoop.ozone.protocolPB.OzoneManagerProtocolServerSideTranslatorPB.submitRequest(OzoneManagerProtocolServerSideTranslatorPB.java:147) [ozone-manager-1.4.0-SNAPSHOT.jar:?]
	at org.apache.hadoop.ozone.protocol.proto.OzoneManagerProtocolProtos$OzoneManagerService$2.callBlockingMethod(OzoneManagerProtocolProtos.java) [ozone-interface-client-1.4.0-SNAPSHOT.jar:?]
	at org.apache.hadoop.ipc.ProtobufRpcEngine$Server.processCall(ProtobufRpcEngine.java:465) [hadoop-common-3.3.4.jar:?]
	at org.apache.hadoop.ipc.ProtobufRpcEngine2$Server$ProtoBufRpcInvoker.call(ProtobufRpcEngine2.java:578) [hadoop-common-3.3.4.jar:?]
	at org.apache.hadoop.ipc.ProtobufRpcEngine2$Server$ProtoBufRpcInvoker.call(ProtobufRpcEngine2.java:556) [hadoop-common-3.3.4.jar:?]
	at org.apache.hadoop.ipc.RPC$Server.call(RPC.java:1093) [hadoop-common-3.3.4.jar:?]
	at org.apache.hadoop.ipc.Server$RpcCall.run(Server.java:1043) [hadoop-common-3.3.4.jar:?]
	at org.apache.hadoop.ipc.Server$RpcCall.run(Server.java:971) [hadoop-common-3.3.4.jar:?]
	at java.security.AccessController.doPrivileged(Native Method) ~[?:1.8.0_352]
	at javax.security.auth.Subject.doAs(Subject.java:422) [?:1.8.0_352]
	at org.apache.hadoop.security.UserGroupInformation.doAs(UserGroupInformation.java:1878) [hadoop-common-3.3.4.jar:?]
	at org.apache.hadoop.ipc.Server$Handler.run(Server.java:2976) [hadoop-common-3.3.4.jar:?]
10:07:27.868 [IPC Server handler 3 on default port 46801] ERROR OMAudit - user=runner | ip=127.0.0.1 | op=GET_FILE_STATUS {volume=volume72509, bucket=bucket24043, key=gdir1/dir3, dataSize=0, replicationConfig=null} | ret=FAILURE
org.apache.hadoop.ozone.om.exceptions.OMException: Unable to get file status: volume: volume72509 bucket: bucket24043 key: gdir1/dir3
	at org.apache.hadoop.ozone.om.KeyManagerImpl.getOzoneFileStatus(KeyManagerImpl.java:1301) ~[ozone-manager-1.4.0-SNAPSHOT.jar:?]
	at org.apache.hadoop.ozone.om.KeyManagerImpl.getFileStatus(KeyManagerImpl.java:1219) ~[ozone-manager-1.4.0-SNAPSHOT.jar:?]
	at org.apache.hadoop.ozone.om.OzoneManager.getFileStatus(OzoneManager.java:3578) ~[ozone-manager-1.4.0-SNAPSHOT.jar:?]
	at org.apache.hadoop.ozone.protocolPB.OzoneManagerRequestHandler.getOzoneFileStatus(OzoneManagerRequestHandler.java:907) ~[ozone-manager-1.4.0-SNAPSHOT.jar:?]
	at org.apache.hadoop.ozone.protocolPB.OzoneManagerRequestHandler.handleReadRequest(OzoneManagerRequestHandler.java:231) ~[ozone-manager-1.4.0-SNAPSHOT.jar:?]
	at org.apache.hadoop.ozone.protocolPB.OzoneManagerProtocolServerSideTranslatorPB.submitRequestDirectlyToOM(OzoneManagerProtocolServerSideTranslatorPB.java:276) ~[ozone-manager-1.4.0-SNAPSHOT.jar:?]
	at org.apache.hadoop.ozone.protocolPB.OzoneManagerProtocolServerSideTranslatorPB.processRequest(OzoneManagerProtocolServerSideTranslatorPB.java:205) ~[ozone-manager-1.4.0-SNAPSHOT.jar:?]
	at org.apache.hadoop.hdds.server.OzoneProtocolMessageDispatcher.processRequest(OzoneProtocolMessageDispatcher.java:87) [hdds-server-framework-1.4.0-SNAPSHOT.jar:?]
	at org.apache.hadoop.ozone.protocolPB.OzoneManagerProtocolServerSideTranslatorPB.submitRequest(OzoneManagerProtocolServerSideTranslatorPB.java:147) [ozone-manager-1.4.0-SNAPSHOT.jar:?]
	at org.apache.hadoop.ozone.protocol.proto.OzoneManagerProtocolProtos$OzoneManagerService$2.callBlockingMethod(OzoneManagerProtocolProtos.java) [ozone-interface-client-1.4.0-SNAPSHOT.jar:?]
	at org.apache.hadoop.ipc.ProtobufRpcEngine$Server.processCall(ProtobufRpcEngine.java:465) [hadoop-common-3.3.4.jar:?]
	at org.apache.hadoop.ipc.ProtobufRpcEngine2$Server$ProtoBufRpcInvoker.call(ProtobufRpcEngine2.java:578) [hadoop-common-3.3.4.jar:?]
	at org.apache.hadoop.ipc.ProtobufRpcEngine2$Server$ProtoBufRpcInvoker.call(ProtobufRpcEngine2.java:556) [hadoop-common-3.3.4.jar:?]
	at org.apache.hadoop.ipc.RPC$Server.call(RPC.java:1093) [hadoop-common-3.3.4.jar:?]
	at org.apache.hadoop.ipc.Server$RpcCall.run(Server.java:1043) [hadoop-common-3.3.4.jar:?]
	at org.apache.hadoop.ipc.Server$RpcCall.run(Server.java:971) [hadoop-common-3.3.4.jar:?]
	at java.security.AccessController.doPrivileged(Native Method) ~[?:1.8.0_352]
	at javax.security.auth.Subject.doAs(Subject.java:422) [?:1.8.0_352]
	at org.apache.hadoop.security.UserGroupInformation.doAs(UserGroupInformation.java:1878) [hadoop-common-3.3.4.jar:?]
	at org.apache.hadoop.ipc.Server$Handler.run(Server.java:2976) [hadoop-common-3.3.4.jar:?]
10:07:27.868 [IPC Server handler 4 on default port 46801] ERROR OMAudit - user=runner | ip=127.0.0.1 | op=GET_FILE_STATUS {volume=volume72509, bucket=bucket24043, key=gdir1/dir3/child, dataSize=0, replicationConfig=null} | ret=FAILURE
org.apache.hadoop.ozone.om.exceptions.OMException: Unable to get file status: volume: volume72509 bucket: bucket24043 key: gdir1/dir3/child
	at org.apache.hadoop.ozone.om.KeyManagerImpl.getOzoneFileStatus(KeyManagerImpl.java:1301) ~[ozone-manager-1.4.0-SNAPSHOT.jar:?]
	at org.apache.hadoop.ozone.om.KeyManagerImpl.getFileStatus(KeyManagerImpl.java:1219) ~[ozone-manager-1.4.0-SNAPSHOT.jar:?]
	at org.apache.hadoop.ozone.om.OzoneManager.getFileStatus(OzoneManager.java:3578) ~[ozone-manager-1.4.0-SNAPSHOT.jar:?]
	at org.apache.hadoop.ozone.protocolPB.OzoneManagerRequestHandler.getOzoneFileStatus(OzoneManagerRequestHandler.java:907) ~[ozone-manager-1.4.0-SNAPSHOT.jar:?]
	at org.apache.hadoop.ozone.protocolPB.OzoneManagerRequestHandler.handleReadRequest(OzoneManagerRequestHandler.java:231) ~[ozone-manager-1.4.0-SNAPSHOT.jar:?]
	at org.apache.hadoop.ozone.protocolPB.OzoneManagerProtocolServerSideTranslatorPB.submitRequestDirectlyToOM(OzoneManagerProtocolServerSideTranslatorPB.java:276) ~[ozone-manager-1.4.0-SNAPSHOT.jar:?]
	at org.apache.hadoop.ozone.protocolPB.OzoneManagerProtocolServerSideTranslatorPB.processRequest(OzoneManagerProtocolServerSideTranslatorPB.java:205) ~[ozone-manager-1.4.0-SNAPSHOT.jar:?]
	at org.apache.hadoop.hdds.server.OzoneProtocolMessageDispatcher.processRequest(OzoneProtocolMessageDispatcher.java:87) [hdds-server-framework-1.4.0-SNAPSHOT.jar:?]
	at org.apache.hadoop.ozone.protocolPB.OzoneManagerProtocolServerSideTranslatorPB.submitRequest(OzoneManagerProtocolServerSideTranslatorPB.java:147) [ozone-manager-1.4.0-SNAPSHOT.jar:?]
	at org.apache.hadoop.ozone.protocol.proto.OzoneManagerProtocolProtos$OzoneManagerService$2.callBlockingMethod(OzoneManagerProtocolProtos.java) [ozone-interface-client-1.4.0-SNAPSHOT.jar:?]
	at org.apache.hadoop.ipc.ProtobufRpcEngine$Server.processCall(ProtobufRpcEngine.java:465) [hadoop-common-3.3.4.jar:?]
	at org.apache.hadoop.ipc.ProtobufRpcEngine2$Server$ProtoBufRpcInvoker.call(ProtobufRpcEngine2.java:578) [hadoop-common-3.3.4.jar:?]
	at org.apache.hadoop.ipc.ProtobufRpcEngine2$Server$ProtoBufRpcInvoker.call(ProtobufRpcEngine2.java:556) [hadoop-common-3.3.4.jar:?]
	at org.apache.hadoop.ipc.RPC$Server.call(RPC.java:1093) [hadoop-common-3.3.4.jar:?]
	at org.apache.hadoop.ipc.Server$RpcCall.run(Server.java:1043) [hadoop-common-3.3.4.jar:?]
	at org.apache.hadoop.ipc.Server$RpcCall.run(Server.java:971) [hadoop-common-3.3.4.jar:?]
	at java.security.AccessController.doPrivileged(Native Method) ~[?:1.8.0_352]
	at javax.security.auth.Subject.doAs(Subject.java:422) [?:1.8.0_352]
	at org.apache.hadoop.security.UserGroupInformation.doAs(UserGroupInformation.java:1878) [hadoop-common-3.3.4.jar:?]
	at org.apache.hadoop.ipc.Server$Handler.run(Server.java:2976) [hadoop-common-3.3.4.jar:?]
10:07:27.869 [IPC Server handler 5 on default port 46801] ERROR OMAudit - user=runner | ip=127.0.0.1 | op=GET_FILE_STATUS {volume=volume72509, bucket=bucket24043, key=gdir1/dir4, dataSize=0, replicationConfig=null} | ret=FAILURE
org.apache.hadoop.ozone.om.exceptions.OMException: Unable to get file status: volume: volume72509 bucket: bucket24043 key: gdir1/dir4
	at org.apache.hadoop.ozone.om.KeyManagerImpl.getOzoneFileStatus(KeyManagerImpl.java:1301) ~[ozone-manager-1.4.0-SNAPSHOT.jar:?]
	at org.apache.hadoop.ozone.om.KeyManagerImpl.getFileStatus(KeyManagerImpl.java:1219) ~[ozone-manager-1.4.0-SNAPSHOT.jar:?]
	at org.apache.hadoop.ozone.om.OzoneManager.getFileStatus(OzoneManager.java:3578) ~[ozone-manager-1.4.0-SNAPSHOT.jar:?]
	at org.apache.hadoop.ozone.protocolPB.OzoneManagerRequestHandler.getOzoneFileStatus(OzoneManagerRequestHandler.java:907) ~[ozone-manager-1.4.0-SNAPSHOT.jar:?]
	at org.apache.hadoop.ozone.protocolPB.OzoneManagerRequestHandler.handleReadRequest(OzoneManagerRequestHandler.java:231) ~[ozone-manager-1.4.0-SNAPSHOT.jar:?]
	at org.apache.hadoop.ozone.protocolPB.OzoneManagerProtocolServerSideTranslatorPB.submitRequestDirectlyToOM(OzoneManagerProtocolServerSideTranslatorPB.java:276) ~[ozone-manager-1.4.0-SNAPSHOT.jar:?]
	at org.apache.hadoop.ozone.protocolPB.OzoneManagerProtocolServerSideTranslatorPB.processRequest(OzoneManagerProtocolServerSideTranslatorPB.java:205) ~[ozone-manager-1.4.0-SNAPSHOT.jar:?]
	at org.apache.hadoop.hdds.server.OzoneProtocolMessageDispatcher.processRequest(OzoneProtocolMessageDispatcher.java:87) [hdds-server-framework-1.4.0-SNAPSHOT.jar:?]
	at org.apache.hadoop.ozone.protocolPB.OzoneManagerProtocolServerSideTranslatorPB.submitRequest(OzoneManagerProtocolServerSideTranslatorPB.java:147) [ozone-manager-1.4.0-SNAPSHOT.jar:?]
	at org.apache.hadoop.ozone.protocol.proto.OzoneManagerProtocolProtos$OzoneManagerService$2.callBlockingMethod(OzoneManagerProtocolProtos.java) [ozone-interface-client-1.4.0-SNAPSHOT.jar:?]
	at org.apache.hadoop.ipc.ProtobufRpcEngine$Server.processCall(ProtobufRpcEngine.java:465) [hadoop-common-3.3.4.jar:?]
	at org.apache.hadoop.ipc.ProtobufRpcEngine2$Server$ProtoBufRpcInvoker.call(ProtobufRpcEngine2.java:578) [hadoop-common-3.3.4.jar:?]
	at org.apache.hadoop.ipc.ProtobufRpcEngine2$Server$ProtoBufRpcInvoker.call(ProtobufRpcEngine2.java:556) [hadoop-common-3.3.4.jar:?]
	at org.apache.hadoop.ipc.RPC$Server.call(RPC.java:1093) [hadoop-common-3.3.4.jar:?]
	at org.apache.hadoop.ipc.Server$RpcCall.run(Server.java:1043) [hadoop-common-3.3.4.jar:?]
	at org.apache.hadoop.ipc.Server$RpcCall.run(Server.java:971) [hadoop-common-3.3.4.jar:?]
	at java.security.AccessController.doPrivileged(Native Method) ~[?:1.8.0_352]
	at javax.security.auth.Subject.doAs(Subject.java:422) [?:1.8.0_352]
	at org.apache.hadoop.security.UserGroupInformation.doAs(UserGroupInformation.java:1878) [hadoop-common-3.3.4.jar:?]
	at org.apache.hadoop.ipc.Server$Handler.run(Server.java:2976) [hadoop-common-3.3.4.jar:?]
10:07:27.870 [IPC Server handler 6 on default port 46801] ERROR OMAudit - user=runner | ip=127.0.0.1 | op=GET_FILE_STATUS {volume=volume72509, bucket=bucket24043, key=gdir1/dir4/child, dataSize=0, replicationConfig=null} | ret=FAILURE
org.apache.hadoop.ozone.om.exceptions.OMException: Unable to get file status: volume: volume72509 bucket: bucket24043 key: gdir1/dir4/child
	at org.apache.hadoop.ozone.om.KeyManagerImpl.getOzoneFileStatus(KeyManagerImpl.java:1301) ~[ozone-manager-1.4.0-SNAPSHOT.jar:?]
	at org.apache.hadoop.ozone.om.KeyManagerImpl.getFileStatus(KeyManagerImpl.java:1219) ~[ozone-manager-1.4.0-SNAPSHOT.jar:?]
	at org.apache.hadoop.ozone.om.OzoneManager.getFileStatus(OzoneManager.java:3578) ~[ozone-manager-1.4.0-SNAPSHOT.jar:?]
	at org.apache.hadoop.ozone.protocolPB.OzoneManagerRequestHandler.getOzoneFileStatus(OzoneManagerRequestHandler.java:907) ~[ozone-manager-1.4.0-SNAPSHOT.jar:?]
	at org.apache.hadoop.ozone.protocolPB.OzoneManagerRequestHandler.handleReadRequest(OzoneManagerRequestHandler.java:231) ~[ozone-manager-1.4.0-SNAPSHOT.jar:?]
	at org.apache.hadoop.ozone.protocolPB.OzoneManagerProtocolServerSideTranslatorPB.submitRequestDirectlyToOM(OzoneManagerProtocolServerSideTranslatorPB.java:276) ~[ozone-manager-1.4.0-SNAPSHOT.jar:?]
	at org.apache.hadoop.ozone.protocolPB.OzoneManagerProtocolServerSideTranslatorPB.processRequest(OzoneManagerProtocolServerSideTranslatorPB.java:205) ~[ozone-manager-1.4.0-SNAPSHOT.jar:?]
	at org.apache.hadoop.hdds.server.OzoneProtocolMessageDispatcher.processRequest(OzoneProtocolMessageDispatcher.java:87) [hdds-server-framework-1.4.0-SNAPSHOT.jar:?]
	at org.apache.hadoop.ozone.protocolPB.OzoneManagerProtocolServerSideTranslatorPB.submitRequest(OzoneManagerProtocolServerSideTranslatorPB.java:147) [ozone-manager-1.4.0-SNAPSHOT.jar:?]
	at org.apache.hadoop.ozone.protocol.proto.OzoneManagerProtocolProtos$OzoneManagerService$2.callBlockingMethod(OzoneManagerProtocolProtos.java) [ozone-interface-client-1.4.0-SNAPSHOT.jar:?]
	at org.apache.hadoop.ipc.ProtobufRpcEngine$Server.processCall(ProtobufRpcEngine.java:465) [hadoop-common-3.3.4.jar:?]
	at org.apache.hadoop.ipc.ProtobufRpcEngine2$Server$ProtoBufRpcInvoker.call(ProtobufRpcEngine2.java:578) [hadoop-common-3.3.4.jar:?]
	at org.apache.hadoop.ipc.ProtobufRpcEngine2$Server$ProtoBufRpcInvoker.call(ProtobufRpcEngine2.java:556) [hadoop-common-3.3.4.jar:?]
	at org.apache.hadoop.ipc.RPC$Server.call(RPC.java:1093) [hadoop-common-3.3.4.jar:?]
	at org.apache.hadoop.ipc.Server$RpcCall.run(Server.java:1043) [hadoop-common-3.3.4.jar:?]
	at org.apache.hadoop.ipc.Server$RpcCall.run(Server.java:971) [hadoop-common-3.3.4.jar:?]
	at java.security.AccessController.doPrivileged(Native Method) ~[?:1.8.0_352]
	at javax.security.auth.Subject.doAs(Subject.java:422) [?:1.8.0_352]
	at org.apache.hadoop.security.UserGroupInformation.doAs(UserGroupInformation.java:1878) [hadoop-common-3.3.4.jar:?]
	at org.apache.hadoop.ipc.Server$Handler.run(Server.java:2976) [hadoop-common-3.3.4.jar:?]
10:07:27.870 [IPC Server handler 7 on default port 46801] ERROR OMAudit - user=runner | ip=127.0.0.1 | op=GET_FILE_STATUS {volume=volume72509, bucket=bucket24043, key=gdir1/dir5, dataSize=0, replicationConfig=null} | ret=FAILURE
org.apache.hadoop.ozone.om.exceptions.OMException: Unable to get file status: volume: volume72509 bucket: bucket24043 key: gdir1/dir5
	at org.apache.hadoop.ozone.om.KeyManagerImpl.getOzoneFileStatus(KeyManagerImpl.java:1301) ~[ozone-manager-1.4.0-SNAPSHOT.jar:?]
	at org.apache.hadoop.ozone.om.KeyManagerImpl.getFileStatus(KeyManagerImpl.java:1219) ~[ozone-manager-1.4.0-SNAPSHOT.jar:?]
	at org.apache.hadoop.ozone.om.OzoneManager.getFileStatus(OzoneManager.java:3578) ~[ozone-manager-1.4.0-SNAPSHOT.jar:?]
	at org.apache.hadoop.ozone.protocolPB.OzoneManagerRequestHandler.getOzoneFileStatus(OzoneManagerRequestHandler.java:907) ~[ozone-manager-1.4.0-SNAPSHOT.jar:?]
	at org.apache.hadoop.ozone.protocolPB.OzoneManagerRequestHandler.handleReadRequest(OzoneManagerRequestHandler.java:231) ~[ozone-manager-1.4.0-SNAPSHOT.jar:?]
	at org.apache.hadoop.ozone.protocolPB.OzoneManagerProtocolServerSideTranslatorPB.submitRequestDirectlyToOM(OzoneManagerProtocolServerSideTranslatorPB.java:276) ~[ozone-manager-1.4.0-SNAPSHOT.jar:?]
	at org.apache.hadoop.ozone.protocolPB.OzoneManagerProtocolServerSideTranslatorPB.processRequest(OzoneManagerProtocolServerSideTranslatorPB.java:205) ~[ozone-manager-1.4.0-SNAPSHOT.jar:?]
	at org.apache.hadoop.hdds.server.OzoneProtocolMessageDispatcher.processRequest(OzoneProtocolMessageDispatcher.java:87) [hdds-server-framework-1.4.0-SNAPSHOT.jar:?]
	at org.apache.hadoop.ozone.protocolPB.OzoneManagerProtocolServerSideTranslatorPB.submitRequest(OzoneManagerProtocolServerSideTranslatorPB.java:147) [ozone-manager-1.4.0-SNAPSHOT.jar:?]
	at org.apache.hadoop.ozone.protocol.proto.OzoneManagerProtocolProtos$OzoneManagerService$2.callBlockingMethod(OzoneManagerProtocolProtos.java) [ozone-interface-client-1.4.0-SNAPSHOT.jar:?]
	at org.apache.hadoop.ipc.ProtobufRpcEngine$Server.processCall(ProtobufRpcEngine.java:465) [hadoop-common-3.3.4.jar:?]
	at org.apache.hadoop.ipc.ProtobufRpcEngine2$Server$ProtoBufRpcInvoker.call(ProtobufRpcEngine2.java:578) [hadoop-common-3.3.4.jar:?]
	at org.apache.hadoop.ipc.ProtobufRpcEngine2$Server$ProtoBufRpcInvoker.call(ProtobufRpcEngine2.java:556) [hadoop-common-3.3.4.jar:?]
	at org.apache.hadoop.ipc.RPC$Server.call(RPC.java:1093) [hadoop-common-3.3.4.jar:?]
	at org.apache.hadoop.ipc.Server$RpcCall.run(Server.java:1043) [hadoop-common-3.3.4.jar:?]
	at org.apache.hadoop.ipc.Server$RpcCall.run(Server.java:971) [hadoop-common-3.3.4.jar:?]
	at java.security.AccessController.doPrivileged(Native Method) ~[?:1.8.0_352]
	at javax.security.auth.Subject.doAs(Subject.java:422) [?:1.8.0_352]
	at org.apache.hadoop.security.UserGroupInformation.doAs(UserGroupInformation.java:1878) [hadoop-common-3.3.4.jar:?]
	at org.apache.hadoop.ipc.Server$Handler.run(Server.java:2976) [hadoop-common-3.3.4.jar:?]
10:07:27.871 [IPC Server handler 8 on default port 46801] ERROR OMAudit - user=runner | ip=127.0.0.1 | op=GET_FILE_STATUS {volume=volume72509, bucket=bucket24043, key=gdir1/dir5/child, dataSize=0, replicationConfig=null} | ret=FAILURE
org.apache.hadoop.ozone.om.exceptions.OMException: Unable to get file status: volume: volume72509 bucket: bucket24043 key: gdir1/dir5/child
	at org.apache.hadoop.ozone.om.KeyManagerImpl.getOzoneFileStatus(KeyManagerImpl.java:1301) ~[ozone-manager-1.4.0-SNAPSHOT.jar:?]
	at org.apache.hadoop.ozone.om.KeyManagerImpl.getFileStatus(KeyManagerImpl.java:1219) ~[ozone-manager-1.4.0-SNAPSHOT.jar:?]
	at org.apache.hadoop.ozone.om.OzoneManager.getFileStatus(OzoneManager.java:3578) ~[ozone-manager-1.4.0-SNAPSHOT.jar:?]
	at org.apache.hadoop.ozone.protocolPB.OzoneManagerRequestHandler.getOzoneFileStatus(OzoneManagerRequestHandler.java:907) ~[ozone-manager-1.4.0-SNAPSHOT.jar:?]
	at org.apache.hadoop.ozone.protocolPB.OzoneManagerRequestHandler.handleReadRequest(OzoneManagerRequestHandler.java:231) ~[ozone-manager-1.4.0-SNAPSHOT.jar:?]
	at org.apache.hadoop.ozone.protocolPB.OzoneManagerProtocolServerSideTranslatorPB.submitRequestDirectlyToOM(OzoneManagerProtocolServerSideTranslatorPB.java:276) ~[ozone-manager-1.4.0-SNAPSHOT.jar:?]
	at org.apache.hadoop.ozone.protocolPB.OzoneManagerProtocolServerSideTranslatorPB.processRequest(OzoneManagerProtocolServerSideTranslatorPB.java:205) ~[ozone-manager-1.4.0-SNAPSHOT.jar:?]
	at org.apache.hadoop.hdds.server.OzoneProtocolMessageDispatcher.processRequest(OzoneProtocolMessageDispatcher.java:87) [hdds-server-framework-1.4.0-SNAPSHOT.jar:?]
	at org.apache.hadoop.ozone.protocolPB.OzoneManagerProtocolServerSideTranslatorPB.submitRequest(OzoneManagerProtocolServerSideTranslatorPB.java:147) [ozone-manager-1.4.0-SNAPSHOT.jar:?]
	at org.apache.hadoop.ozone.protocol.proto.OzoneManagerProtocolProtos$OzoneManagerService$2.callBlockingMethod(OzoneManagerProtocolProtos.java) [ozone-interface-client-1.4.0-SNAPSHOT.jar:?]
	at org.apache.hadoop.ipc.ProtobufRpcEngine$Server.processCall(ProtobufRpcEngine.java:465) [hadoop-common-3.3.4.jar:?]
	at org.apache.hadoop.ipc.ProtobufRpcEngine2$Server$ProtoBufRpcInvoker.call(ProtobufRpcEngine2.java:578) [hadoop-common-3.3.4.jar:?]
	at org.apache.hadoop.ipc.ProtobufRpcEngine2$Server$ProtoBufRpcInvoker.call(ProtobufRpcEngine2.java:556) [hadoop-common-3.3.4.jar:?]
	at org.apache.hadoop.ipc.RPC$Server.call(RPC.java:1093) [hadoop-common-3.3.4.jar:?]
	at org.apache.hadoop.ipc.Server$RpcCall.run(Server.java:1043) [hadoop-common-3.3.4.jar:?]
	at org.apache.hadoop.ipc.Server$RpcCall.run(Server.java:971) [hadoop-common-3.3.4.jar:?]
	at java.security.AccessController.doPrivileged(Native Method) ~[?:1.8.0_352]
	at javax.security.auth.Subject.doAs(Subject.java:422) [?:1.8.0_352]
	at org.apache.hadoop.security.UserGroupInformation.doAs(UserGroupInformation.java:1878) [hadoop-common-3.3.4.jar:?]
	at org.apache.hadoop.ipc.Server$Handler.run(Server.java:2976) [hadoop-common-3.3.4.jar:?]
10:07:27.871 [IPC Server handler 9 on default port 46801] ERROR OMAudit - user=runner | ip=127.0.0.1 | op=GET_FILE_STATUS {volume=volume72509, bucket=bucket24043, key=gdir1/dir6, dataSize=0, replicationConfig=null} | ret=FAILURE
org.apache.hadoop.ozone.om.exceptions.OMException: Unable to get file status: volume: volume72509 bucket: bucket24043 key: gdir1/dir6
	at org.apache.hadoop.ozone.om.KeyManagerImpl.getOzoneFileStatus(KeyManagerImpl.java:1301) ~[ozone-manager-1.4.0-SNAPSHOT.jar:?]
	at org.apache.hadoop.ozone.om.KeyManagerImpl.getFileStatus(KeyManagerImpl.java:1219) ~[ozone-manager-1.4.0-SNAPSHOT.jar:?]
	at org.apache.hadoop.ozone.om.OzoneManager.getFileStatus(OzoneManager.java:3578) ~[ozone-manager-1.4.0-SNAPSHOT.jar:?]
	at org.apache.hadoop.ozone.protocolPB.OzoneManagerRequestHandler.getOzoneFileStatus(OzoneManagerRequestHandler.java:907) ~[ozone-manager-1.4.0-SNAPSHOT.jar:?]
	at org.apache.hadoop.ozone.protocolPB.OzoneManagerRequestHandler.handleReadRequest(OzoneManagerRequestHandler.java:231) ~[ozone-manager-1.4.0-SNAPSHOT.jar:?]
	at org.apache.hadoop.ozone.protocolPB.OzoneManagerProtocolServerSideTranslatorPB.submitRequestDirectlyToOM(OzoneManagerProtocolServerSideTranslatorPB.java:276) ~[ozone-manager-1.4.0-SNAPSHOT.jar:?]
	at org.apache.hadoop.ozone.protocolPB.OzoneManagerProtocolServerSideTranslatorPB.processRequest(OzoneManagerProtocolServerSideTranslatorPB.java:205) ~[ozone-manager-1.4.0-SNAPSHOT.jar:?]
	at org.apache.hadoop.hdds.server.OzoneProtocolMessageDispatcher.processRequest(OzoneProtocolMessageDispatcher.java:87) [hdds-server-framework-1.4.0-SNAPSHOT.jar:?]
	at org.apache.hadoop.ozone.protocolPB.OzoneManagerProtocolServerSideTranslatorPB.submitRequest(OzoneManagerProtocolServerSideTranslatorPB.java:147) [ozone-manager-1.4.0-SNAPSHOT.jar:?]
	at org.apache.hadoop.ozone.protocol.proto.OzoneManagerProtocolProtos$OzoneManagerService$2.callBlockingMethod(OzoneManagerProtocolProtos.java) [ozone-interface-client-1.4.0-SNAPSHOT.jar:?]
	at org.apache.hadoop.ipc.ProtobufRpcEngine$Server.processCall(ProtobufRpcEngine.java:465) [hadoop-common-3.3.4.jar:?]
	at org.apache.hadoop.ipc.ProtobufRpcEngine2$Server$ProtoBufRpcInvoker.call(ProtobufRpcEngine2.java:578) [hadoop-common-3.3.4.jar:?]
	at org.apache.hadoop.ipc.ProtobufRpcEngine2$Server$ProtoBufRpcInvoker.call(ProtobufRpcEngine2.java:556) [hadoop-common-3.3.4.jar:?]
	at org.apache.hadoop.ipc.RPC$Server.call(RPC.java:1093) [hadoop-common-3.3.4.jar:?]
	at org.apache.hadoop.ipc.Server$RpcCall.run(Server.java:1043) [hadoop-common-3.3.4.jar:?]
	at org.apache.hadoop.ipc.Server$RpcCall.run(Server.java:971) [hadoop-common-3.3.4.jar:?]
	at java.security.AccessController.doPrivileged(Native Method) ~[?:1.8.0_352]
	at javax.security.auth.Subject.doAs(Subject.java:422) [?:1.8.0_352]
	at org.apache.hadoop.security.UserGroupInformation.doAs(UserGroupInformation.java:1878) [hadoop-common-3.3.4.jar:?]
	at org.apache.hadoop.ipc.Server$Handler.run(Server.java:2976) [hadoop-common-3.3.4.jar:?]
10:07:27.872 [IPC Server handler 10 on default port 46801] ERROR OMAudit - user=runner | ip=127.0.0.1 | op=GET_FILE_STATUS {volume=volume72509, bucket=bucket24043, key=gdir1/dir6/child, dataSize=0, replicationConfig=null} | ret=FAILURE
org.apache.hadoop.ozone.om.exceptions.OMException: Unable to get file status: volume: volume72509 bucket: bucket24043 key: gdir1/dir6/child
	at org.apache.hadoop.ozone.om.KeyManagerImpl.getOzoneFileStatus(KeyManagerImpl.java:1301) ~[ozone-manager-1.4.0-SNAPSHOT.jar:?]
	at org.apache.hadoop.ozone.om.KeyManagerImpl.getFileStatus(KeyManagerImpl.java:1219) ~[ozone-manager-1.4.0-SNAPSHOT.jar:?]
	at org.apache.hadoop.ozone.om.OzoneManager.getFileStatus(OzoneManager.java:3578) ~[ozone-manager-1.4.0-SNAPSHOT.jar:?]
	at org.apache.hadoop.ozone.protocolPB.OzoneManagerRequestHandler.getOzoneFileStatus(OzoneManagerRequestHandler.java:907) ~[ozone-manager-1.4.0-SNAPSHOT.jar:?]
	at org.apache.hadoop.ozone.protocolPB.OzoneManagerRequestHandler.handleReadRequest(OzoneManagerRequestHandler.java:231) ~[ozone-manager-1.4.0-SNAPSHOT.jar:?]
	at org.apache.hadoop.ozone.protocolPB.OzoneManagerProtocolServerSideTranslatorPB.submitRequestDirectlyToOM(OzoneManagerProtocolServerSideTranslatorPB.java:276) ~[ozone-manager-1.4.0-SNAPSHOT.jar:?]
	at org.apache.hadoop.ozone.protocolPB.OzoneManagerProtocolServerSideTranslatorPB.processRequest(OzoneManagerProtocolServerSideTranslatorPB.java:205) ~[ozone-manager-1.4.0-SNAPSHOT.jar:?]
	at org.apache.hadoop.hdds.server.OzoneProtocolMessageDispatcher.processRequest(OzoneProtocolMessageDispatcher.java:87) [hdds-server-framework-1.4.0-SNAPSHOT.jar:?]
	at org.apache.hadoop.ozone.protocolPB.OzoneManagerProtocolServerSideTranslatorPB.submitRequest(OzoneManagerProtocolServerSideTranslatorPB.java:147) [ozone-manager-1.4.0-SNAPSHOT.jar:?]
	at org.apache.hadoop.ozone.protocol.proto.OzoneManagerProtocolProtos$OzoneManagerService$2.callBlockingMethod(OzoneManagerProtocolProtos.java) [ozone-interface-client-1.4.0-SNAPSHOT.jar:?]
	at org.apache.hadoop.ipc.ProtobufRpcEngine$Server.processCall(ProtobufRpcEngine.java:465) [hadoop-common-3.3.4.jar:?]
	at org.apache.hadoop.ipc.ProtobufRpcEngine2$Server$ProtoBufRpcInvoker.call(ProtobufRpcEngine2.java:578) [hadoop-common-3.3.4.jar:?]
	at org.apache.hadoop.ipc.ProtobufRpcEngine2$Server$ProtoBufRpcInvoker.call(ProtobufRpcEngine2.java:556) [hadoop-common-3.3.4.jar:?]
	at org.apache.hadoop.ipc.RPC$Server.call(RPC.java:1093) [hadoop-common-3.3.4.jar:?]
	at org.apache.hadoop.ipc.Server$RpcCall.run(Server.java:1043) [hadoop-common-3.3.4.jar:?]
	at org.apache.hadoop.ipc.Server$RpcCall.run(Server.java:971) [hadoop-common-3.3.4.jar:?]
	at java.security.AccessController.doPrivileged(Native Method) ~[?:1.8.0_352]
	at javax.security.auth.Subject.doAs(Subject.java:422) [?:1.8.0_352]
	at org.apache.hadoop.security.UserGroupInformation.doAs(UserGroupInformation.java:1878) [hadoop-common-3.3.4.jar:?]
	at org.apache.hadoop.ipc.Server$Handler.run(Server.java:2976) [hadoop-common-3.3.4.jar:?]
10:07:27.873 [IPC Server handler 11 on default port 46801] ERROR OMAudit - user=runner | ip=127.0.0.1 | op=GET_FILE_STATUS {volume=volume72509, bucket=bucket24043, key=gdir1/dir7, dataSize=0, replicationConfig=null} | ret=FAILURE
org.apache.hadoop.ozone.om.exceptions.OMException: Unable to get file status: volume: volume72509 bucket: bucket24043 key: gdir1/dir7
	at org.apache.hadoop.ozone.om.KeyManagerImpl.getOzoneFileStatus(KeyManagerImpl.java:1301) ~[ozone-manager-1.4.0-SNAPSHOT.jar:?]
	at org.apache.hadoop.ozone.om.KeyManagerImpl.getFileStatus(KeyManagerImpl.java:1219) ~[ozone-manager-1.4.0-SNAPSHOT.jar:?]
	at org.apache.hadoop.ozone.om.OzoneManager.getFileStatus(OzoneManager.java:3578) ~[ozone-manager-1.4.0-SNAPSHOT.jar:?]
	at org.apache.hadoop.ozone.protocolPB.OzoneManagerRequestHandler.getOzoneFileStatus(OzoneManagerRequestHandler.java:907) ~[ozone-manager-1.4.0-SNAPSHOT.jar:?]
	at org.apache.hadoop.ozone.protocolPB.OzoneManagerRequestHandler.handleReadRequest(OzoneManagerRequestHandler.java:231) ~[ozone-manager-1.4.0-SNAPSHOT.jar:?]
	at org.apache.hadoop.ozone.protocolPB.OzoneManagerProtocolServerSideTranslatorPB.submitRequestDirectlyToOM(OzoneManagerProtocolServerSideTranslatorPB.java:276) ~[ozone-manager-1.4.0-SNAPSHOT.jar:?]
	at org.apache.hadoop.ozone.protocolPB.OzoneManagerProtocolServerSideTranslatorPB.processRequest(OzoneManagerProtocolServerSideTranslatorPB.java:205) ~[ozone-manager-1.4.0-SNAPSHOT.jar:?]
	at org.apache.hadoop.hdds.server.OzoneProtocolMessageDispatcher.processRequest(OzoneProtocolMessageDispatcher.java:87) [hdds-server-framework-1.4.0-SNAPSHOT.jar:?]
	at org.apache.hadoop.ozone.protocolPB.OzoneManagerProtocolServerSideTranslatorPB.submitRequest(OzoneManagerProtocolServerSideTranslatorPB.java:147) [ozone-manager-1.4.0-SNAPSHOT.jar:?]
	at org.apache.hadoop.ozone.protocol.proto.OzoneManagerProtocolProtos$OzoneManagerService$2.callBlockingMethod(OzoneManagerProtocolProtos.java) [ozone-interface-client-1.4.0-SNAPSHOT.jar:?]
	at org.apache.hadoop.ipc.ProtobufRpcEngine$Server.processCall(ProtobufRpcEngine.java:465) [hadoop-common-3.3.4.jar:?]
	at org.apache.hadoop.ipc.ProtobufRpcEngine2$Server$ProtoBufRpcInvoker.call(ProtobufRpcEngine2.java:578) [hadoop-common-3.3.4.jar:?]
	at org.apache.hadoop.ipc.ProtobufRpcEngine2$Server$ProtoBufRpcInvoker.call(ProtobufRpcEngine2.java:556) [hadoop-common-3.3.4.jar:?]
	at org.apache.hadoop.ipc.RPC$Server.call(RPC.java:1093) [hadoop-common-3.3.4.jar:?]
	at org.apache.hadoop.ipc.Server$RpcCall.run(Server.java:1043) [hadoop-common-3.3.4.jar:?]
	at org.apache.hadoop.ipc.Server$RpcCall.run(Server.java:971) [hadoop-common-3.3.4.jar:?]
	at java.security.AccessController.doPrivileged(Native Method) ~[?:1.8.0_352]
	at javax.security.auth.Subject.doAs(Subject.java:422) [?:1.8.0_352]
	at org.apache.hadoop.security.UserGroupInformation.doAs(UserGroupInformation.java:1878) [hadoop-common-3.3.4.jar:?]
	at org.apache.hadoop.ipc.Server$Handler.run(Server.java:2976) [hadoop-common-3.3.4.jar:?]
10:07:27.873 [IPC Server handler 12 on default port 46801] ERROR OMAudit - user=runner | ip=127.0.0.1 | op=GET_FILE_STATUS {volume=volume72509, bucket=bucket24043, key=gdir1/dir7/child, dataSize=0, replicationConfig=null} | ret=FAILURE
org.apache.hadoop.ozone.om.exceptions.OMException: Unable to get file status: volume: volume72509 bucket: bucket24043 key: gdir1/dir7/child
	at org.apache.hadoop.ozone.om.KeyManagerImpl.getOzoneFileStatus(KeyManagerImpl.java:1301) ~[ozone-manager-1.4.0-SNAPSHOT.jar:?]
	at org.apache.hadoop.ozone.om.KeyManagerImpl.getFileStatus(KeyManagerImpl.java:1219) ~[ozone-manager-1.4.0-SNAPSHOT.jar:?]
	at org.apache.hadoop.ozone.om.OzoneManager.getFileStatus(OzoneManager.java:3578) ~[ozone-manager-1.4.0-SNAPSHOT.jar:?]
	at org.apache.hadoop.ozone.protocolPB.OzoneManagerRequestHandler.getOzoneFileStatus(OzoneManagerRequestHandler.java:907) ~[ozone-manager-1.4.0-SNAPSHOT.jar:?]
	at org.apache.hadoop.ozone.protocolPB.OzoneManagerRequestHandler.handleReadRequest(OzoneManagerRequestHandler.java:231) ~[ozone-manager-1.4.0-SNAPSHOT.jar:?]
	at org.apache.hadoop.ozone.protocolPB.OzoneManagerProtocolServerSideTranslatorPB.submitRequestDirectlyToOM(OzoneManagerProtocolServerSideTranslatorPB.java:276) ~[ozone-manager-1.4.0-SNAPSHOT.jar:?]
	at org.apache.hadoop.ozone.protocolPB.OzoneManagerProtocolServerSideTranslatorPB.processRequest(OzoneManagerProtocolServerSideTranslatorPB.java:205) ~[ozone-manager-1.4.0-SNAPSHOT.jar:?]
	at org.apache.hadoop.hdds.server.OzoneProtocolMessageDispatcher.processRequest(OzoneProtocolMessageDispatcher.java:87) [hdds-server-framework-1.4.0-SNAPSHOT.jar:?]
	at org.apache.hadoop.ozone.protocolPB.OzoneManagerProtocolServerSideTranslatorPB.submitRequest(OzoneManagerProtocolServerSideTranslatorPB.java:147) [ozone-manager-1.4.0-SNAPSHOT.jar:?]
	at org.apache.hadoop.ozone.protocol.proto.OzoneManagerProtocolProtos$OzoneManagerService$2.callBlockingMethod(OzoneManagerProtocolProtos.java) [ozone-interface-client-1.4.0-SNAPSHOT.jar:?]
	at org.apache.hadoop.ipc.ProtobufRpcEngine$Server.processCall(ProtobufRpcEngine.java:465) [hadoop-common-3.3.4.jar:?]
	at org.apache.hadoop.ipc.ProtobufRpcEngine2$Server$ProtoBufRpcInvoker.call(ProtobufRpcEngine2.java:578) [hadoop-common-3.3.4.jar:?]
	at org.apache.hadoop.ipc.ProtobufRpcEngine2$Server$ProtoBufRpcInvoker.call(ProtobufRpcEngine2.java:556) [hadoop-common-3.3.4.jar:?]
	at org.apache.hadoop.ipc.RPC$Server.call(RPC.java:1093) [hadoop-common-3.3.4.jar:?]
	at org.apache.hadoop.ipc.Server$RpcCall.run(Server.java:1043) [hadoop-common-3.3.4.jar:?]
	at org.apache.hadoop.ipc.Server$RpcCall.run(Server.java:971) [hadoop-common-3.3.4.jar:?]
	at java.security.AccessController.doPrivileged(Native Method) ~[?:1.8.0_352]
	at javax.security.auth.Subject.doAs(Subject.java:422) [?:1.8.0_352]
	at org.apache.hadoop.security.UserGroupInformation.doAs(UserGroupInformation.java:1878) [hadoop-common-3.3.4.jar:?]
	at org.apache.hadoop.ipc.Server$Handler.run(Server.java:2976) [hadoop-common-3.3.4.jar:?]
10:07:27.874 [IPC Server handler 13 on default port 46801] ERROR OMAudit - user=runner | ip=127.0.0.1 | op=GET_FILE_STATUS {volume=volume72509, bucket=bucket24043, key=gdir1/dir8, dataSize=0, replicationConfig=null} | ret=FAILURE
org.apache.hadoop.ozone.om.exceptions.OMException: Unable to get file status: volume: volume72509 bucket: bucket24043 key: gdir1/dir8
	at org.apache.hadoop.ozone.om.KeyManagerImpl.getOzoneFileStatus(KeyManagerImpl.java:1301) ~[ozone-manager-1.4.0-SNAPSHOT.jar:?]
	at org.apache.hadoop.ozone.om.KeyManagerImpl.getFileStatus(KeyManagerImpl.java:1219) ~[ozone-manager-1.4.0-SNAPSHOT.jar:?]
	at org.apache.hadoop.ozone.om.OzoneManager.getFileStatus(OzoneManager.java:3578) ~[ozone-manager-1.4.0-SNAPSHOT.jar:?]
	at org.apache.hadoop.ozone.protocolPB.OzoneManagerRequestHandler.getOzoneFileStatus(OzoneManagerRequestHandler.java:907) ~[ozone-manager-1.4.0-SNAPSHOT.jar:?]
	at org.apache.hadoop.ozone.protocolPB.OzoneManagerRequestHandler.handleReadRequest(OzoneManagerRequestHandler.java:231) ~[ozone-manager-1.4.0-SNAPSHOT.jar:?]
	at org.apache.hadoop.ozone.protocolPB.OzoneManagerProtocolServerSideTranslatorPB.submitRequestDirectlyToOM(OzoneManagerProtocolServerSideTranslatorPB.java:276) ~[ozone-manager-1.4.0-SNAPSHOT.jar:?]
	at org.apache.hadoop.ozone.protocolPB.OzoneManagerProtocolServerSideTranslatorPB.processRequest(OzoneManagerProtocolServerSideTranslatorPB.java:205) ~[ozone-manager-1.4.0-SNAPSHOT.jar:?]
	at org.apache.hadoop.hdds.server.OzoneProtocolMessageDispatcher.processRequest(OzoneProtocolMessageDispatcher.java:87) [hdds-server-framework-1.4.0-SNAPSHOT.jar:?]
	at org.apache.hadoop.ozone.protocolPB.OzoneManagerProtocolServerSideTranslatorPB.submitRequest(OzoneManagerProtocolServerSideTranslatorPB.java:147) [ozone-manager-1.4.0-SNAPSHOT.jar:?]
	at org.apache.hadoop.ozone.protocol.proto.OzoneManagerProtocolProtos$OzoneManagerService$2.callBlockingMethod(OzoneManagerProtocolProtos.java) [ozone-interface-client-1.4.0-SNAPSHOT.jar:?]
	at org.apache.hadoop.ipc.ProtobufRpcEngine$Server.processCall(ProtobufRpcEngine.java:465) [hadoop-common-3.3.4.jar:?]
	at org.apache.hadoop.ipc.ProtobufRpcEngine2$Server$ProtoBufRpcInvoker.call(ProtobufRpcEngine2.java:578) [hadoop-common-3.3.4.jar:?]
	at org.apache.hadoop.ipc.ProtobufRpcEngine2$Server$ProtoBufRpcInvoker.call(ProtobufRpcEngine2.java:556) [hadoop-common-3.3.4.jar:?]
	at org.apache.hadoop.ipc.RPC$Server.call(RPC.java:1093) [hadoop-common-3.3.4.jar:?]
	at org.apache.hadoop.ipc.Server$RpcCall.run(Server.java:1043) [hadoop-common-3.3.4.jar:?]
	at org.apache.hadoop.ipc.Server$RpcCall.run(Server.java:971) [hadoop-common-3.3.4.jar:?]
	at java.security.AccessController.doPrivileged(Native Method) ~[?:1.8.0_352]
	at javax.security.auth.Subject.doAs(Subject.java:422) [?:1.8.0_352]
	at org.apache.hadoop.security.UserGroupInformation.doAs(UserGroupInformation.java:1878) [hadoop-common-3.3.4.jar:?]
	at org.apache.hadoop.ipc.Server$Handler.run(Server.java:2976) [hadoop-common-3.3.4.jar:?]
10:07:27.874 [IPC Server handler 14 on default port 46801] ERROR OMAudit - user=runner | ip=127.0.0.1 | op=GET_FILE_STATUS {volume=volume72509, bucket=bucket24043, key=gdir1/dir8/child, dataSize=0, replicationConfig=null} | ret=FAILURE
org.apache.hadoop.ozone.om.exceptions.OMException: Unable to get file status: volume: volume72509 bucket: bucket24043 key: gdir1/dir8/child
	at org.apache.hadoop.ozone.om.KeyManagerImpl.getOzoneFileStatus(KeyManagerImpl.java:1301) ~[ozone-manager-1.4.0-SNAPSHOT.jar:?]
	at org.apache.hadoop.ozone.om.KeyManagerImpl.getFileStatus(KeyManagerImpl.java:1219) ~[ozone-manager-1.4.0-SNAPSHOT.jar:?]
	at org.apache.hadoop.ozone.om.OzoneManager.getFileStatus(OzoneManager.java:3578) ~[ozone-manager-1.4.0-SNAPSHOT.jar:?]
	at org.apache.hadoop.ozone.protocolPB.OzoneManagerRequestHandler.getOzoneFileStatus(OzoneManagerRequestHandler.java:907) ~[ozone-manager-1.4.0-SNAPSHOT.jar:?]
	at org.apache.hadoop.ozone.protocolPB.OzoneManagerRequestHandler.handleReadRequest(OzoneManagerRequestHandler.java:231) ~[ozone-manager-1.4.0-SNAPSHOT.jar:?]
	at org.apache.hadoop.ozone.protocolPB.OzoneManagerProtocolServerSideTranslatorPB.submitRequestDirectlyToOM(OzoneManagerProtocolServerSideTranslatorPB.java:276) ~[ozone-manager-1.4.0-SNAPSHOT.jar:?]
	at org.apache.hadoop.ozone.protocolPB.OzoneManagerProtocolServerSideTranslatorPB.processRequest(OzoneManagerProtocolServerSideTranslatorPB.java:205) ~[ozone-manager-1.4.0-SNAPSHOT.jar:?]
	at org.apache.hadoop.hdds.server.OzoneProtocolMessageDispatcher.processRequest(OzoneProtocolMessageDispatcher.java:87) [hdds-server-framework-1.4.0-SNAPSHOT.jar:?]
	at org.apache.hadoop.ozone.protocolPB.OzoneManagerProtocolServerSideTranslatorPB.submitRequest(OzoneManagerProtocolServerSideTranslatorPB.java:147) [ozone-manager-1.4.0-SNAPSHOT.jar:?]
	at org.apache.hadoop.ozone.protocol.proto.OzoneManagerProtocolProtos$OzoneManagerService$2.callBlockingMethod(OzoneManagerProtocolProtos.java) [ozone-interface-client-1.4.0-SNAPSHOT.jar:?]
	at org.apache.hadoop.ipc.ProtobufRpcEngine$Server.processCall(ProtobufRpcEngine.java:465) [hadoop-common-3.3.4.jar:?]
	at org.apache.hadoop.ipc.ProtobufRpcEngine2$Server$ProtoBufRpcInvoker.call(ProtobufRpcEngine2.java:578) [hadoop-common-3.3.4.jar:?]
	at org.apache.hadoop.ipc.ProtobufRpcEngine2$Server$ProtoBufRpcInvoker.call(ProtobufRpcEngine2.java:556) [hadoop-common-3.3.4.jar:?]
	at org.apache.hadoop.ipc.RPC$Server.call(RPC.java:1093) [hadoop-common-3.3.4.jar:?]
	at org.apache.hadoop.ipc.Server$RpcCall.run(Server.java:1043) [hadoop-common-3.3.4.jar:?]
	at org.apache.hadoop.ipc.Server$RpcCall.run(Server.java:971) [hadoop-common-3.3.4.jar:?]
	at java.security.AccessController.doPrivileged(Native Method) ~[?:1.8.0_352]
	at javax.security.auth.Subject.doAs(Subject.java:422) [?:1.8.0_352]
	at org.apache.hadoop.security.UserGroupInformation.doAs(UserGroupInformation.java:1878) [hadoop-common-3.3.4.jar:?]
	at org.apache.hadoop.ipc.Server$Handler.run(Server.java:2976) [hadoop-common-3.3.4.jar:?]
10:07:27.875 [IPC Server handler 15 on default port 46801] ERROR OMAudit - user=runner | ip=127.0.0.1 | op=GET_FILE_STATUS {volume=volume72509, bucket=bucket24043, key=gdir1/dir9, dataSize=0, replicationConfig=null} | ret=FAILURE
org.apache.hadoop.ozone.om.exceptions.OMException: Unable to get file status: volume: volume72509 bucket: bucket24043 key: gdir1/dir9
	at org.apache.hadoop.ozone.om.KeyManagerImpl.getOzoneFileStatus(KeyManagerImpl.java:1301) ~[ozone-manager-1.4.0-SNAPSHOT.jar:?]
	at org.apache.hadoop.ozone.om.KeyManagerImpl.getFileStatus(KeyManagerImpl.java:1219) ~[ozone-manager-1.4.0-SNAPSHOT.jar:?]
	at org.apache.hadoop.ozone.om.OzoneManager.getFileStatus(OzoneManager.java:3578) ~[ozone-manager-1.4.0-SNAPSHOT.jar:?]
	at org.apache.hadoop.ozone.protocolPB.OzoneManagerRequestHandler.getOzoneFileStatus(OzoneManagerRequestHandler.java:907) ~[ozone-manager-1.4.0-SNAPSHOT.jar:?]
	at org.apache.hadoop.ozone.protocolPB.OzoneManagerRequestHandler.handleReadRequest(OzoneManagerRequestHandler.java:231) ~[ozone-manager-1.4.0-SNAPSHOT.jar:?]
	at org.apache.hadoop.ozone.protocolPB.OzoneManagerProtocolServerSideTranslatorPB.submitRequestDirectlyToOM(OzoneManagerProtocolServerSideTranslatorPB.java:276) ~[ozone-manager-1.4.0-SNAPSHOT.jar:?]
	at org.apache.hadoop.ozone.protocolPB.OzoneManagerProtocolServerSideTranslatorPB.processRequest(OzoneManagerProtocolServerSideTranslatorPB.java:205) ~[ozone-manager-1.4.0-SNAPSHOT.jar:?]
	at org.apache.hadoop.hdds.server.OzoneProtocolMessageDispatcher.processRequest(OzoneProtocolMessageDispatcher.java:87) [hdds-server-framework-1.4.0-SNAPSHOT.jar:?]
	at org.apache.hadoop.ozone.protocolPB.OzoneManagerProtocolServerSideTranslatorPB.submitRequest(OzoneManagerProtocolServerSideTranslatorPB.java:147) [ozone-manager-1.4.0-SNAPSHOT.jar:?]
	at org.apache.hadoop.ozone.protocol.proto.OzoneManagerProtocolProtos$OzoneManagerService$2.callBlockingMethod(OzoneManagerProtocolProtos.java) [ozone-interface-client-1.4.0-SNAPSHOT.jar:?]
	at org.apache.hadoop.ipc.ProtobufRpcEngine$Server.processCall(ProtobufRpcEngine.java:465) [hadoop-common-3.3.4.jar:?]
	at org.apache.hadoop.ipc.ProtobufRpcEngine2$Server$ProtoBufRpcInvoker.call(ProtobufRpcEngine2.java:578) [hadoop-common-3.3.4.jar:?]
	at org.apache.hadoop.ipc.ProtobufRpcEngine2$Server$ProtoBufRpcInvoker.call(ProtobufRpcEngine2.java:556) [hadoop-common-3.3.4.jar:?]
	at org.apache.hadoop.ipc.RPC$Server.call(RPC.java:1093) [hadoop-common-3.3.4.jar:?]
	at org.apache.hadoop.ipc.Server$RpcCall.run(Server.java:1043) [hadoop-common-3.3.4.jar:?]
	at org.apache.hadoop.ipc.Server$RpcCall.run(Server.java:971) [hadoop-common-3.3.4.jar:?]
	at java.security.AccessController.doPrivileged(Native Method) ~[?:1.8.0_352]
	at javax.security.auth.Subject.doAs(Subject.java:422) [?:1.8.0_352]
	at org.apache.hadoop.security.UserGroupInformation.doAs(UserGroupInformation.java:1878) [hadoop-common-3.3.4.jar:?]
	at org.apache.hadoop.ipc.Server$Handler.run(Server.java:2976) [hadoop-common-3.3.4.jar:?]
10:07:27.875 [IPC Server handler 17 on default port 46801] ERROR OMAudit - user=runner | ip=127.0.0.1 | op=GET_FILE_STATUS {volume=volume72509, bucket=bucket24043, key=gdir1/dir9/child, dataSize=0, replicationConfig=null} | ret=FAILURE
org.apache.hadoop.ozone.om.exceptions.OMException: Unable to get file status: volume: volume72509 bucket: bucket24043 key: gdir1/dir9/child
	at org.apache.hadoop.ozone.om.KeyManagerImpl.getOzoneFileStatus(KeyManagerImpl.java:1301) ~[ozone-manager-1.4.0-SNAPSHOT.jar:?]
	at org.apache.hadoop.ozone.om.KeyManagerImpl.getFileStatus(KeyManagerImpl.java:1219) ~[ozone-manager-1.4.0-SNAPSHOT.jar:?]
	at org.apache.hadoop.ozone.om.OzoneManager.getFileStatus(OzoneManager.java:3578) ~[ozone-manager-1.4.0-SNAPSHOT.jar:?]
	at org.apache.hadoop.ozone.protocolPB.OzoneManagerRequestHandler.getOzoneFileStatus(OzoneManagerRequestHandler.java:907) ~[ozone-manager-1.4.0-SNAPSHOT.jar:?]
	at org.apache.hadoop.ozone.protocolPB.OzoneManagerRequestHandler.handleReadRequest(OzoneManagerRequestHandler.java:231) ~[ozone-manager-1.4.0-SNAPSHOT.jar:?]
	at org.apache.hadoop.ozone.protocolPB.OzoneManagerProtocolServerSideTranslatorPB.submitRequestDirectlyToOM(OzoneManagerProtocolServerSideTranslatorPB.java:276) ~[ozone-manager-1.4.0-SNAPSHOT.jar:?]
	at org.apache.hadoop.ozone.protocolPB.OzoneManagerProtocolServerSideTranslatorPB.processRequest(OzoneManagerProtocolServerSideTranslatorPB.java:205) ~[ozone-manager-1.4.0-SNAPSHOT.jar:?]
	at org.apache.hadoop.hdds.server.OzoneProtocolMessageDispatcher.processRequest(OzoneProtocolMessageDispatcher.java:87) [hdds-server-framework-1.4.0-SNAPSHOT.jar:?]
	at org.apache.hadoop.ozone.protocolPB.OzoneManagerProtocolServerSideTranslatorPB.submitRequest(OzoneManagerProtocolServerSideTranslatorPB.java:147) [ozone-manager-1.4.0-SNAPSHOT.jar:?]
	at org.apache.hadoop.ozone.protocol.proto.OzoneManagerProtocolProtos$OzoneManagerService$2.callBlockingMethod(OzoneManagerProtocolProtos.java) [ozone-interface-client-1.4.0-SNAPSHOT.jar:?]
	at org.apache.hadoop.ipc.ProtobufRpcEngine$Server.processCall(ProtobufRpcEngine.java:465) [hadoop-common-3.3.4.jar:?]
	at org.apache.hadoop.ipc.ProtobufRpcEngine2$Server$ProtoBufRpcInvoker.call(ProtobufRpcEngine2.java:578) [hadoop-common-3.3.4.jar:?]
	at org.apache.hadoop.ipc.ProtobufRpcEngine2$Server$ProtoBufRpcInvoker.call(ProtobufRpcEngine2.java:556) [hadoop-common-3.3.4.jar:?]
	at org.apache.hadoop.ipc.RPC$Server.call(RPC.java:1093) [hadoop-common-3.3.4.jar:?]
	at org.apache.hadoop.ipc.Server$RpcCall.run(Server.java:1043) [hadoop-common-3.3.4.jar:?]
	at org.apache.hadoop.ipc.Server$RpcCall.run(Server.java:971) [hadoop-common-3.3.4.jar:?]
	at java.security.AccessController.doPrivileged(Native Method) ~[?:1.8.0_352]
	at javax.security.auth.Subject.doAs(Subject.java:422) [?:1.8.0_352]
	at org.apache.hadoop.security.UserGroupInformation.doAs(UserGroupInformation.java:1878) [hadoop-common-3.3.4.jar:?]
	at org.apache.hadoop.ipc.Server$Handler.run(Server.java:2976) [hadoop-common-3.3.4.jar:?]
10:07:27.876 [IPC Server handler 16 on default port 46801] ERROR OMAudit - user=runner | ip=127.0.0.1 | op=GET_FILE_STATUS {volume=volume72509, bucket=bucket24043, key=gdir1/dir10, dataSize=0, replicationConfig=null} | ret=FAILURE
org.apache.hadoop.ozone.om.exceptions.OMException: Unable to get file status: volume: volume72509 bucket: bucket24043 key: gdir1/dir10
	at org.apache.hadoop.ozone.om.KeyManagerImpl.getOzoneFileStatus(KeyManagerImpl.java:1301) ~[ozone-manager-1.4.0-SNAPSHOT.jar:?]
	at org.apache.hadoop.ozone.om.KeyManagerImpl.getFileStatus(KeyManagerImpl.java:1219) ~[ozone-manager-1.4.0-SNAPSHOT.jar:?]
	at org.apache.hadoop.ozone.om.OzoneManager.getFileStatus(OzoneManager.java:3578) ~[ozone-manager-1.4.0-SNAPSHOT.jar:?]
	at org.apache.hadoop.ozone.protocolPB.OzoneManagerRequestHandler.getOzoneFileStatus(OzoneManagerRequestHandler.java:907) ~[ozone-manager-1.4.0-SNAPSHOT.jar:?]
	at org.apache.hadoop.ozone.protocolPB.OzoneManagerRequestHandler.handleReadRequest(OzoneManagerRequestHandler.java:231) ~[ozone-manager-1.4.0-SNAPSHOT.jar:?]
	at org.apache.hadoop.ozone.protocolPB.OzoneManagerProtocolServerSideTranslatorPB.submitRequestDirectlyToOM(OzoneManagerProtocolServerSideTranslatorPB.java:276) ~[ozone-manager-1.4.0-SNAPSHOT.jar:?]
	at org.apache.hadoop.ozone.protocolPB.OzoneManagerProtocolServerSideTranslatorPB.processRequest(OzoneManagerProtocolServerSideTranslatorPB.java:205) ~[ozone-manager-1.4.0-SNAPSHOT.jar:?]
	at org.apache.hadoop.hdds.server.OzoneProtocolMessageDispatcher.processRequest(OzoneProtocolMessageDispatcher.java:87) [hdds-server-framework-1.4.0-SNAPSHOT.jar:?]
	at org.apache.hadoop.ozone.protocolPB.OzoneManagerProtocolServerSideTranslatorPB.submitRequest(OzoneManagerProtocolServerSideTranslatorPB.java:147) [ozone-manager-1.4.0-SNAPSHOT.jar:?]
	at org.apache.hadoop.ozone.protocol.proto.OzoneManagerProtocolProtos$OzoneManagerService$2.callBlockingMethod(OzoneManagerProtocolProtos.java) [ozone-interface-client-1.4.0-SNAPSHOT.jar:?]
	at org.apache.hadoop.ipc.ProtobufRpcEngine$Server.processCall(ProtobufRpcEngine.java:465) [hadoop-common-3.3.4.jar:?]
	at org.apache.hadoop.ipc.ProtobufRpcEngine2$Server$ProtoBufRpcInvoker.call(ProtobufRpcEngine2.java:578) [hadoop-common-3.3.4.jar:?]
	at org.apache.hadoop.ipc.ProtobufRpcEngine2$Server$ProtoBufRpcInvoker.call(ProtobufRpcEngine2.java:556) [hadoop-common-3.3.4.jar:?]
	at org.apache.hadoop.ipc.RPC$Server.call(RPC.java:1093) [hadoop-common-3.3.4.jar:?]
	at org.apache.hadoop.ipc.Server$RpcCall.run(Server.java:1043) [hadoop-common-3.3.4.jar:?]
	at org.apache.hadoop.ipc.Server$RpcCall.run(Server.java:971) [hadoop-common-3.3.4.jar:?]
	at java.security.AccessController.doPrivileged(Native Method) ~[?:1.8.0_352]
	at javax.security.auth.Subject.doAs(Subject.java:422) [?:1.8.0_352]
	at org.apache.hadoop.security.UserGroupInformation.doAs(UserGroupInformation.java:1878) [hadoop-common-3.3.4.jar:?]
	at org.apache.hadoop.ipc.Server$Handler.run(Server.java:2976) [hadoop-common-3.3.4.jar:?]
10:07:27.877 [IPC Server handler 18 on default port 46801] ERROR OMAudit - user=runner | ip=127.0.0.1 | op=GET_FILE_STATUS {volume=volume72509, bucket=bucket24043, key=gdir1/dir10/child, dataSize=0, replicationConfig=null} | ret=FAILURE
org.apache.hadoop.ozone.om.exceptions.OMException: Unable to get file status: volume: volume72509 bucket: bucket24043 key: gdir1/dir10/child
	at org.apache.hadoop.ozone.om.KeyManagerImpl.getOzoneFileStatus(KeyManagerImpl.java:1301) ~[ozone-manager-1.4.0-SNAPSHOT.jar:?]
	at org.apache.hadoop.ozone.om.KeyManagerImpl.getFileStatus(KeyManagerImpl.java:1219) ~[ozone-manager-1.4.0-SNAPSHOT.jar:?]
	at org.apache.hadoop.ozone.om.OzoneManager.getFileStatus(OzoneManager.java:3578) ~[ozone-manager-1.4.0-SNAPSHOT.jar:?]
	at org.apache.hadoop.ozone.protocolPB.OzoneManagerRequestHandler.getOzoneFileStatus(OzoneManagerRequestHandler.java:907) ~[ozone-manager-1.4.0-SNAPSHOT.jar:?]
	at org.apache.hadoop.ozone.protocolPB.OzoneManagerRequestHandler.handleReadRequest(OzoneManagerRequestHandler.java:231) ~[ozone-manager-1.4.0-SNAPSHOT.jar:?]
	at org.apache.hadoop.ozone.protocolPB.OzoneManagerProtocolServerSideTranslatorPB.submitRequestDirectlyToOM(OzoneManagerProtocolServerSideTranslatorPB.java:276) ~[ozone-manager-1.4.0-SNAPSHOT.jar:?]
	at org.apache.hadoop.ozone.protocolPB.OzoneManagerProtocolServerSideTranslatorPB.processRequest(OzoneManagerProtocolServerSideTranslatorPB.java:205) ~[ozone-manager-1.4.0-SNAPSHOT.jar:?]
	at org.apache.hadoop.hdds.server.OzoneProtocolMessageDispatcher.processRequest(OzoneProtocolMessageDispatcher.java:87) [hdds-server-framework-1.4.0-SNAPSHOT.jar:?]
	at org.apache.hadoop.ozone.protocolPB.OzoneManagerProtocolServerSideTranslatorPB.submitRequest(OzoneManagerProtocolServerSideTranslatorPB.java:147) [ozone-manager-1.4.0-SNAPSHOT.jar:?]
	at org.apache.hadoop.ozone.protocol.proto.OzoneManagerProtocolProtos$OzoneManagerService$2.callBlockingMethod(OzoneManagerProtocolProtos.java) [ozone-interface-client-1.4.0-SNAPSHOT.jar:?]
	at org.apache.hadoop.ipc.ProtobufRpcEngine$Server.processCall(ProtobufRpcEngine.java:465) [hadoop-common-3.3.4.jar:?]
	at org.apache.hadoop.ipc.ProtobufRpcEngine2$Server$ProtoBufRpcInvoker.call(ProtobufRpcEngine2.java:578) [hadoop-common-3.3.4.jar:?]
	at org.apache.hadoop.ipc.ProtobufRpcEngine2$Server$ProtoBufRpcInvoker.call(ProtobufRpcEngine2.java:556) [hadoop-common-3.3.4.jar:?]
	at org.apache.hadoop.ipc.RPC$Server.call(RPC.java:1093) [hadoop-common-3.3.4.jar:?]
	at org.apache.hadoop.ipc.Server$RpcCall.run(Server.java:1043) [hadoop-common-3.3.4.jar:?]
	at org.apache.hadoop.ipc.Server$RpcCall.run(Server.java:971) [hadoop-common-3.3.4.jar:?]
	at java.security.AccessController.doPrivileged(Native Method) ~[?:1.8.0_352]
	at javax.security.auth.Subject.doAs(Subject.java:422) [?:1.8.0_352]
	at org.apache.hadoop.security.UserGroupInformation.doAs(UserGroupInformation.java:1878) [hadoop-common-3.3.4.jar:?]
	at org.apache.hadoop.ipc.Server$Handler.run(Server.java:2976) [hadoop-common-3.3.4.jar:?]
2023-01-03 10:07:27,879 [IPC Server handler 0 on default port 46801] INFO  key.OMKeyRequest (OMKeyRequest.java:wrapUncommittedBlocksAsPseudoKey(835)) - Detect allocated but uncommitted blocks [{blockID={containerID=3, localID=111677748019200024}, length=4194304, offset=0, token=null, pipeline=null, createVersion=0, partNumber=0}] in key level0/level1/file1.
2023-01-03 10:07:27,882 [IPC Server handler 2 on default port 46801] INFO  key.OMKeyRequest (OMKeyRequest.java:wrapUncommittedBlocksAsPseudoKey(835)) - Detect allocated but uncommitted blocks [{blockID={containerID=2, localID=111677748019200025}, length=4194304, offset=0, token=null, pipeline=null, createVersion=0, partNumber=0}] in key level0/level1/level1/file1.
2023-01-03 10:07:27,885 [IPC Server handler 4 on default port 46801] INFO  key.OMKeyRequest (OMKeyRequest.java:wrapUncommittedBlocksAsPseudoKey(835)) - Detect allocated but uncommitted blocks [{blockID={containerID=1, localID=111677748019200026}, length=4194304, offset=0, token=null, pipeline=null, createVersion=0, partNumber=0}] in key level0/level2/file1.
2023-01-03 10:07:27,888 [IPC Server handler 6 on default port 46801] INFO  key.OMKeyRequest (OMKeyRequest.java:wrapUncommittedBlocksAsPseudoKey(835)) - Detect allocated but uncommitted blocks [{blockID={containerID=4, localID=111677748019200027}, length=4194304, offset=0, token=null, pipeline=null, createVersion=0, partNumber=0}] in key level0/level2/level2/file1.
2023-01-03 10:07:27,891 [IPC Server handler 8 on default port 46801] INFO  key.OMKeyRequest (OMKeyRequest.java:wrapUncommittedBlocksAsPseudoKey(835)) - Detect allocated but uncommitted blocks [{blockID={containerID=2, localID=111677748019200028}, length=4194304, offset=0, token=null, pipeline=null, createVersion=0, partNumber=0}] in key level0/level3/file1.
2023-01-03 10:07:27,893 [IPC Server handler 10 on default port 46801] INFO  key.OMKeyRequest (OMKeyRequest.java:wrapUncommittedBlocksAsPseudoKey(835)) - Detect allocated but uncommitted blocks [{blockID={containerID=1, localID=111677748019200029}, length=4194304, offset=0, token=null, pipeline=null, createVersion=0, partNumber=0}] in key level0/level3/level3/file1.
10:07:27.908 [IPC Server handler 12 on default port 46801] ERROR OMAudit - user=runner | ip=127.0.0.1 | op=GET_FILE_STATUS {volume=volume72509, bucket=bucket24043, key=level0, dataSize=0, replicationConfig=null} | ret=FAILURE
org.apache.hadoop.ozone.om.exceptions.OMException: Unable to get file status: volume: volume72509 bucket: bucket24043 key: level0
	at org.apache.hadoop.ozone.om.KeyManagerImpl.getOzoneFileStatus(KeyManagerImpl.java:1301) ~[ozone-manager-1.4.0-SNAPSHOT.jar:?]
	at org.apache.hadoop.ozone.om.KeyManagerImpl.getFileStatus(KeyManagerImpl.java:1219) ~[ozone-manager-1.4.0-SNAPSHOT.jar:?]
	at org.apache.hadoop.ozone.om.OzoneManager.getFileStatus(OzoneManager.java:3578) ~[ozone-manager-1.4.0-SNAPSHOT.jar:?]
	at org.apache.hadoop.ozone.protocolPB.OzoneManagerRequestHandler.getOzoneFileStatus(OzoneManagerRequestHandler.java:907) ~[ozone-manager-1.4.0-SNAPSHOT.jar:?]
	at org.apache.hadoop.ozone.protocolPB.OzoneManagerRequestHandler.handleReadRequest(OzoneManagerRequestHandler.java:231) ~[ozone-manager-1.4.0-SNAPSHOT.jar:?]
	at org.apache.hadoop.ozone.protocolPB.OzoneManagerProtocolServerSideTranslatorPB.submitRequestDirectlyToOM(OzoneManagerProtocolServerSideTranslatorPB.java:276) ~[ozone-manager-1.4.0-SNAPSHOT.jar:?]
	at org.apache.hadoop.ozone.protocolPB.OzoneManagerProtocolServerSideTranslatorPB.processRequest(OzoneManagerProtocolServerSideTranslatorPB.java:205) ~[ozone-manager-1.4.0-SNAPSHOT.jar:?]
	at org.apache.hadoop.hdds.server.OzoneProtocolMessageDispatcher.processRequest(OzoneProtocolMessageDispatcher.java:87) [hdds-server-framework-1.4.0-SNAPSHOT.jar:?]
	at org.apache.hadoop.ozone.protocolPB.OzoneManagerProtocolServerSideTranslatorPB.submitRequest(OzoneManagerProtocolServerSideTranslatorPB.java:147) [ozone-manager-1.4.0-SNAPSHOT.jar:?]
	at org.apache.hadoop.ozone.protocol.proto.OzoneManagerProtocolProtos$OzoneManagerService$2.callBlockingMethod(OzoneManagerProtocolProtos.java) [ozone-interface-client-1.4.0-SNAPSHOT.jar:?]
	at org.apache.hadoop.ipc.ProtobufRpcEngine$Server.processCall(ProtobufRpcEngine.java:465) [hadoop-common-3.3.4.jar:?]
	at org.apache.hadoop.ipc.ProtobufRpcEngine2$Server$ProtoBufRpcInvoker.call(ProtobufRpcEngine2.java:578) [hadoop-common-3.3.4.jar:?]
	at org.apache.hadoop.ipc.ProtobufRpcEngine2$Server$ProtoBufRpcInvoker.call(ProtobufRpcEngine2.java:556) [hadoop-common-3.3.4.jar:?]
	at org.apache.hadoop.ipc.RPC$Server.call(RPC.java:1093) [hadoop-common-3.3.4.jar:?]
	at org.apache.hadoop.ipc.Server$RpcCall.run(Server.java:1043) [hadoop-common-3.3.4.jar:?]
	at org.apache.hadoop.ipc.Server$RpcCall.run(Server.java:971) [hadoop-common-3.3.4.jar:?]
	at java.security.AccessController.doPrivileged(Native Method) ~[?:1.8.0_352]
	at javax.security.auth.Subject.doAs(Subject.java:422) [?:1.8.0_352]
	at org.apache.hadoop.security.UserGroupInformation.doAs(UserGroupInformation.java:1878) [hadoop-common-3.3.4.jar:?]
	at org.apache.hadoop.ipc.Server$Handler.run(Server.java:2976) [hadoop-common-3.3.4.jar:?]
10:07:27.909 [IPC Server handler 13 on default port 46801] ERROR OMAudit - user=runner | ip=127.0.0.1 | op=GET_FILE_STATUS {volume=volume72509, bucket=bucket24043, key=level0/level1, dataSize=0, replicationConfig=null} | ret=FAILURE
org.apache.hadoop.ozone.om.exceptions.OMException: Unable to get file status: volume: volume72509 bucket: bucket24043 key: level0/level1
	at org.apache.hadoop.ozone.om.KeyManagerImpl.getOzoneFileStatus(KeyManagerImpl.java:1301) ~[ozone-manager-1.4.0-SNAPSHOT.jar:?]
	at org.apache.hadoop.ozone.om.KeyManagerImpl.getFileStatus(KeyManagerImpl.java:1219) ~[ozone-manager-1.4.0-SNAPSHOT.jar:?]
	at org.apache.hadoop.ozone.om.OzoneManager.getFileStatus(OzoneManager.java:3578) ~[ozone-manager-1.4.0-SNAPSHOT.jar:?]
	at org.apache.hadoop.ozone.protocolPB.OzoneManagerRequestHandler.getOzoneFileStatus(OzoneManagerRequestHandler.java:907) ~[ozone-manager-1.4.0-SNAPSHOT.jar:?]
	at org.apache.hadoop.ozone.protocolPB.OzoneManagerRequestHandler.handleReadRequest(OzoneManagerRequestHandler.java:231) ~[ozone-manager-1.4.0-SNAPSHOT.jar:?]
	at org.apache.hadoop.ozone.protocolPB.OzoneManagerProtocolServerSideTranslatorPB.submitRequestDirectlyToOM(OzoneManagerProtocolServerSideTranslatorPB.java:276) ~[ozone-manager-1.4.0-SNAPSHOT.jar:?]
	at org.apache.hadoop.ozone.protocolPB.OzoneManagerProtocolServerSideTranslatorPB.processRequest(OzoneManagerProtocolServerSideTranslatorPB.java:205) ~[ozone-manager-1.4.0-SNAPSHOT.jar:?]
	at org.apache.hadoop.hdds.server.OzoneProtocolMessageDispatcher.processRequest(OzoneProtocolMessageDispatcher.java:87) [hdds-server-framework-1.4.0-SNAPSHOT.jar:?]
	at org.apache.hadoop.ozone.protocolPB.OzoneManagerProtocolServerSideTranslatorPB.submitRequest(OzoneManagerProtocolServerSideTranslatorPB.java:147) [ozone-manager-1.4.0-SNAPSHOT.jar:?]
	at org.apache.hadoop.ozone.protocol.proto.OzoneManagerProtocolProtos$OzoneManagerService$2.callBlockingMethod(OzoneManagerProtocolProtos.java) [ozone-interface-client-1.4.0-SNAPSHOT.jar:?]
	at org.apache.hadoop.ipc.ProtobufRpcEngine$Server.processCall(ProtobufRpcEngine.java:465) [hadoop-common-3.3.4.jar:?]
	at org.apache.hadoop.ipc.ProtobufRpcEngine2$Server$ProtoBufRpcInvoker.call(ProtobufRpcEngine2.java:578) [hadoop-common-3.3.4.jar:?]
	at org.apache.hadoop.ipc.ProtobufRpcEngine2$Server$ProtoBufRpcInvoker.call(ProtobufRpcEngine2.java:556) [hadoop-common-3.3.4.jar:?]
	at org.apache.hadoop.ipc.RPC$Server.call(RPC.java:1093) [hadoop-common-3.3.4.jar:?]
	at org.apache.hadoop.ipc.Server$RpcCall.run(Server.java:1043) [hadoop-common-3.3.4.jar:?]
	at org.apache.hadoop.ipc.Server$RpcCall.run(Server.java:971) [hadoop-common-3.3.4.jar:?]
	at java.security.AccessController.doPrivileged(Native Method) ~[?:1.8.0_352]
	at javax.security.auth.Subject.doAs(Subject.java:422) [?:1.8.0_352]
	at org.apache.hadoop.security.UserGroupInformation.doAs(UserGroupInformation.java:1878) [hadoop-common-3.3.4.jar:?]
	at org.apache.hadoop.ipc.Server$Handler.run(Server.java:2976) [hadoop-common-3.3.4.jar:?]
10:07:27.910 [IPC Server handler 14 on default port 46801] ERROR OMAudit - user=runner | ip=127.0.0.1 | op=GET_FILE_STATUS {volume=volume72509, bucket=bucket24043, key=level0/level1/level1, dataSize=0, replicationConfig=null} | ret=FAILURE
org.apache.hadoop.ozone.om.exceptions.OMException: Unable to get file status: volume: volume72509 bucket: bucket24043 key: level0/level1/level1
	at org.apache.hadoop.ozone.om.KeyManagerImpl.getOzoneFileStatus(KeyManagerImpl.java:1301) ~[ozone-manager-1.4.0-SNAPSHOT.jar:?]
	at org.apache.hadoop.ozone.om.KeyManagerImpl.getFileStatus(KeyManagerImpl.java:1219) ~[ozone-manager-1.4.0-SNAPSHOT.jar:?]
	at org.apache.hadoop.ozone.om.OzoneManager.getFileStatus(OzoneManager.java:3578) ~[ozone-manager-1.4.0-SNAPSHOT.jar:?]
	at org.apache.hadoop.ozone.protocolPB.OzoneManagerRequestHandler.getOzoneFileStatus(OzoneManagerRequestHandler.java:907) ~[ozone-manager-1.4.0-SNAPSHOT.jar:?]
	at org.apache.hadoop.ozone.protocolPB.OzoneManagerRequestHandler.handleReadRequest(OzoneManagerRequestHandler.java:231) ~[ozone-manager-1.4.0-SNAPSHOT.jar:?]
	at org.apache.hadoop.ozone.protocolPB.OzoneManagerProtocolServerSideTranslatorPB.submitRequestDirectlyToOM(OzoneManagerProtocolServerSideTranslatorPB.java:276) ~[ozone-manager-1.4.0-SNAPSHOT.jar:?]
	at org.apache.hadoop.ozone.protocolPB.OzoneManagerProtocolServerSideTranslatorPB.processRequest(OzoneManagerProtocolServerSideTranslatorPB.java:205) ~[ozone-manager-1.4.0-SNAPSHOT.jar:?]
	at org.apache.hadoop.hdds.server.OzoneProtocolMessageDispatcher.processRequest(OzoneProtocolMessageDispatcher.java:87) [hdds-server-framework-1.4.0-SNAPSHOT.jar:?]
	at org.apache.hadoop.ozone.protocolPB.OzoneManagerProtocolServerSideTranslatorPB.submitRequest(OzoneManagerProtocolServerSideTranslatorPB.java:147) [ozone-manager-1.4.0-SNAPSHOT.jar:?]
	at org.apache.hadoop.ozone.protocol.proto.OzoneManagerProtocolProtos$OzoneManagerService$2.callBlockingMethod(OzoneManagerProtocolProtos.java) [ozone-interface-client-1.4.0-SNAPSHOT.jar:?]
	at org.apache.hadoop.ipc.ProtobufRpcEngine$Server.processCall(ProtobufRpcEngine.java:465) [hadoop-common-3.3.4.jar:?]
	at org.apache.hadoop.ipc.ProtobufRpcEngine2$Server$ProtoBufRpcInvoker.call(ProtobufRpcEngine2.java:578) [hadoop-common-3.3.4.jar:?]
	at org.apache.hadoop.ipc.ProtobufRpcEngine2$Server$ProtoBufRpcInvoker.call(ProtobufRpcEngine2.java:556) [hadoop-common-3.3.4.jar:?]
	at org.apache.hadoop.ipc.RPC$Server.call(RPC.java:1093) [hadoop-common-3.3.4.jar:?]
	at org.apache.hadoop.ipc.Server$RpcCall.run(Server.java:1043) [hadoop-common-3.3.4.jar:?]
	at org.apache.hadoop.ipc.Server$RpcCall.run(Server.java:971) [hadoop-common-3.3.4.jar:?]
	at java.security.AccessController.doPrivileged(Native Method) ~[?:1.8.0_352]
	at javax.security.auth.Subject.doAs(Subject.java:422) [?:1.8.0_352]
	at org.apache.hadoop.security.UserGroupInformation.doAs(UserGroupInformation.java:1878) [hadoop-common-3.3.4.jar:?]
	at org.apache.hadoop.ipc.Server$Handler.run(Server.java:2976) [hadoop-common-3.3.4.jar:?]
10:07:27.910 [IPC Server handler 15 on default port 46801] ERROR OMAudit - user=runner | ip=127.0.0.1 | op=GET_FILE_STATUS {volume=volume72509, bucket=bucket24043, key=level0/level1/file1, dataSize=0, replicationConfig=null} | ret=FAILURE
org.apache.hadoop.ozone.om.exceptions.OMException: Unable to get file status: volume: volume72509 bucket: bucket24043 key: level0/level1/file1
	at org.apache.hadoop.ozone.om.KeyManagerImpl.getOzoneFileStatus(KeyManagerImpl.java:1301) ~[ozone-manager-1.4.0-SNAPSHOT.jar:?]
	at org.apache.hadoop.ozone.om.KeyManagerImpl.getFileStatus(KeyManagerImpl.java:1219) ~[ozone-manager-1.4.0-SNAPSHOT.jar:?]
	at org.apache.hadoop.ozone.om.OzoneManager.getFileStatus(OzoneManager.java:3578) ~[ozone-manager-1.4.0-SNAPSHOT.jar:?]
	at org.apache.hadoop.ozone.protocolPB.OzoneManagerRequestHandler.getOzoneFileStatus(OzoneManagerRequestHandler.java:907) ~[ozone-manager-1.4.0-SNAPSHOT.jar:?]
	at org.apache.hadoop.ozone.protocolPB.OzoneManagerRequestHandler.handleReadRequest(OzoneManagerRequestHandler.java:231) ~[ozone-manager-1.4.0-SNAPSHOT.jar:?]
	at org.apache.hadoop.ozone.protocolPB.OzoneManagerProtocolServerSideTranslatorPB.submitRequestDirectlyToOM(OzoneManagerProtocolServerSideTranslatorPB.java:276) ~[ozone-manager-1.4.0-SNAPSHOT.jar:?]
	at org.apache.hadoop.ozone.protocolPB.OzoneManagerProtocolServerSideTranslatorPB.processRequest(OzoneManagerProtocolServerSideTranslatorPB.java:205) ~[ozone-manager-1.4.0-SNAPSHOT.jar:?]
	at org.apache.hadoop.hdds.server.OzoneProtocolMessageDispatcher.processRequest(OzoneProtocolMessageDispatcher.java:87) [hdds-server-framework-1.4.0-SNAPSHOT.jar:?]
	at org.apache.hadoop.ozone.protocolPB.OzoneManagerProtocolServerSideTranslatorPB.submitRequest(OzoneManagerProtocolServerSideTranslatorPB.java:147) [ozone-manager-1.4.0-SNAPSHOT.jar:?]
	at org.apache.hadoop.ozone.protocol.proto.OzoneManagerProtocolProtos$OzoneManagerService$2.callBlockingMethod(OzoneManagerProtocolProtos.java) [ozone-interface-client-1.4.0-SNAPSHOT.jar:?]
	at org.apache.hadoop.ipc.ProtobufRpcEngine$Server.processCall(ProtobufRpcEngine.java:465) [hadoop-common-3.3.4.jar:?]
	at org.apache.hadoop.ipc.ProtobufRpcEngine2$Server$ProtoBufRpcInvoker.call(ProtobufRpcEngine2.java:578) [hadoop-common-3.3.4.jar:?]
	at org.apache.hadoop.ipc.ProtobufRpcEngine2$Server$ProtoBufRpcInvoker.call(ProtobufRpcEngine2.java:556) [hadoop-common-3.3.4.jar:?]
	at org.apache.hadoop.ipc.RPC$Server.call(RPC.java:1093) [hadoop-common-3.3.4.jar:?]
	at org.apache.hadoop.ipc.Server$RpcCall.run(Server.java:1043) [hadoop-common-3.3.4.jar:?]
	at org.apache.hadoop.ipc.Server$RpcCall.run(Server.java:971) [hadoop-common-3.3.4.jar:?]
	at java.security.AccessController.doPrivileged(Native Method) ~[?:1.8.0_352]
	at javax.security.auth.Subject.doAs(Subject.java:422) [?:1.8.0_352]
	at org.apache.hadoop.security.UserGroupInformation.doAs(UserGroupInformation.java:1878) [hadoop-common-3.3.4.jar:?]
	at org.apache.hadoop.ipc.Server$Handler.run(Server.java:2976) [hadoop-common-3.3.4.jar:?]
10:07:27.911 [IPC Server handler 17 on default port 46801] ERROR OMAudit - user=runner | ip=127.0.0.1 | op=GET_FILE_STATUS {volume=volume72509, bucket=bucket24043, key=level0/level1/level1/file1, dataSize=0, replicationConfig=null} | ret=FAILURE
org.apache.hadoop.ozone.om.exceptions.OMException: Unable to get file status: volume: volume72509 bucket: bucket24043 key: level0/level1/level1/file1
	at org.apache.hadoop.ozone.om.KeyManagerImpl.getOzoneFileStatus(KeyManagerImpl.java:1301) ~[ozone-manager-1.4.0-SNAPSHOT.jar:?]
	at org.apache.hadoop.ozone.om.KeyManagerImpl.getFileStatus(KeyManagerImpl.java:1219) ~[ozone-manager-1.4.0-SNAPSHOT.jar:?]
	at org.apache.hadoop.ozone.om.OzoneManager.getFileStatus(OzoneManager.java:3578) ~[ozone-manager-1.4.0-SNAPSHOT.jar:?]
	at org.apache.hadoop.ozone.protocolPB.OzoneManagerRequestHandler.getOzoneFileStatus(OzoneManagerRequestHandler.java:907) ~[ozone-manager-1.4.0-SNAPSHOT.jar:?]
	at org.apache.hadoop.ozone.protocolPB.OzoneManagerRequestHandler.handleReadRequest(OzoneManagerRequestHandler.java:231) ~[ozone-manager-1.4.0-SNAPSHOT.jar:?]
	at org.apache.hadoop.ozone.protocolPB.OzoneManagerProtocolServerSideTranslatorPB.submitRequestDirectlyToOM(OzoneManagerProtocolServerSideTranslatorPB.java:276) ~[ozone-manager-1.4.0-SNAPSHOT.jar:?]
	at org.apache.hadoop.ozone.protocolPB.OzoneManagerProtocolServerSideTranslatorPB.processRequest(OzoneManagerProtocolServerSideTranslatorPB.java:205) ~[ozone-manager-1.4.0-SNAPSHOT.jar:?]
	at org.apache.hadoop.hdds.server.OzoneProtocolMessageDispatcher.processRequest(OzoneProtocolMessageDispatcher.java:87) [hdds-server-framework-1.4.0-SNAPSHOT.jar:?]
	at org.apache.hadoop.ozone.protocolPB.OzoneManagerProtocolServerSideTranslatorPB.submitRequest(OzoneManagerProtocolServerSideTranslatorPB.java:147) [ozone-manager-1.4.0-SNAPSHOT.jar:?]
	at org.apache.hadoop.ozone.protocol.proto.OzoneManagerProtocolProtos$OzoneManagerService$2.callBlockingMethod(OzoneManagerProtocolProtos.java) [ozone-interface-client-1.4.0-SNAPSHOT.jar:?]
	at org.apache.hadoop.ipc.ProtobufRpcEngine$Server.processCall(ProtobufRpcEngine.java:465) [hadoop-common-3.3.4.jar:?]
	at org.apache.hadoop.ipc.ProtobufRpcEngine2$Server$ProtoBufRpcInvoker.call(ProtobufRpcEngine2.java:578) [hadoop-common-3.3.4.jar:?]
	at org.apache.hadoop.ipc.ProtobufRpcEngine2$Server$ProtoBufRpcInvoker.call(ProtobufRpcEngine2.java:556) [hadoop-common-3.3.4.jar:?]
	at org.apache.hadoop.ipc.RPC$Server.call(RPC.java:1093) [hadoop-common-3.3.4.jar:?]
	at org.apache.hadoop.ipc.Server$RpcCall.run(Server.java:1043) [hadoop-common-3.3.4.jar:?]
	at org.apache.hadoop.ipc.Server$RpcCall.run(Server.java:971) [hadoop-common-3.3.4.jar:?]
	at java.security.AccessController.doPrivileged(Native Method) ~[?:1.8.0_352]
	at javax.security.auth.Subject.doAs(Subject.java:422) [?:1.8.0_352]
	at org.apache.hadoop.security.UserGroupInformation.doAs(UserGroupInformation.java:1878) [hadoop-common-3.3.4.jar:?]
	at org.apache.hadoop.ipc.Server$Handler.run(Server.java:2976) [hadoop-common-3.3.4.jar:?]
10:07:27.911 [IPC Server handler 16 on default port 46801] ERROR OMAudit - user=runner | ip=127.0.0.1 | op=GET_FILE_STATUS {volume=volume72509, bucket=bucket24043, key=level0/level2, dataSize=0, replicationConfig=null} | ret=FAILURE
org.apache.hadoop.ozone.om.exceptions.OMException: Unable to get file status: volume: volume72509 bucket: bucket24043 key: level0/level2
	at org.apache.hadoop.ozone.om.KeyManagerImpl.getOzoneFileStatus(KeyManagerImpl.java:1301) ~[ozone-manager-1.4.0-SNAPSHOT.jar:?]
	at org.apache.hadoop.ozone.om.KeyManagerImpl.getFileStatus(KeyManagerImpl.java:1219) ~[ozone-manager-1.4.0-SNAPSHOT.jar:?]
	at org.apache.hadoop.ozone.om.OzoneManager.getFileStatus(OzoneManager.java:3578) ~[ozone-manager-1.4.0-SNAPSHOT.jar:?]
	at org.apache.hadoop.ozone.protocolPB.OzoneManagerRequestHandler.getOzoneFileStatus(OzoneManagerRequestHandler.java:907) ~[ozone-manager-1.4.0-SNAPSHOT.jar:?]
	at org.apache.hadoop.ozone.protocolPB.OzoneManagerRequestHandler.handleReadRequest(OzoneManagerRequestHandler.java:231) ~[ozone-manager-1.4.0-SNAPSHOT.jar:?]
	at org.apache.hadoop.ozone.protocolPB.OzoneManagerProtocolServerSideTranslatorPB.submitRequestDirectlyToOM(OzoneManagerProtocolServerSideTranslatorPB.java:276) ~[ozone-manager-1.4.0-SNAPSHOT.jar:?]
	at org.apache.hadoop.ozone.protocolPB.OzoneManagerProtocolServerSideTranslatorPB.processRequest(OzoneManagerProtocolServerSideTranslatorPB.java:205) ~[ozone-manager-1.4.0-SNAPSHOT.jar:?]
	at org.apache.hadoop.hdds.server.OzoneProtocolMessageDispatcher.processRequest(OzoneProtocolMessageDispatcher.java:87) [hdds-server-framework-1.4.0-SNAPSHOT.jar:?]
	at org.apache.hadoop.ozone.protocolPB.OzoneManagerProtocolServerSideTranslatorPB.submitRequest(OzoneManagerProtocolServerSideTranslatorPB.java:147) [ozone-manager-1.4.0-SNAPSHOT.jar:?]
	at org.apache.hadoop.ozone.protocol.proto.OzoneManagerProtocolProtos$OzoneManagerService$2.callBlockingMethod(OzoneManagerProtocolProtos.java) [ozone-interface-client-1.4.0-SNAPSHOT.jar:?]
	at org.apache.hadoop.ipc.ProtobufRpcEngine$Server.processCall(ProtobufRpcEngine.java:465) [hadoop-common-3.3.4.jar:?]
	at org.apache.hadoop.ipc.ProtobufRpcEngine2$Server$ProtoBufRpcInvoker.call(ProtobufRpcEngine2.java:578) [hadoop-common-3.3.4.jar:?]
	at org.apache.hadoop.ipc.ProtobufRpcEngine2$Server$ProtoBufRpcInvoker.call(ProtobufRpcEngine2.java:556) [hadoop-common-3.3.4.jar:?]
	at org.apache.hadoop.ipc.RPC$Server.call(RPC.java:1093) [hadoop-common-3.3.4.jar:?]
	at org.apache.hadoop.ipc.Server$RpcCall.run(Server.java:1043) [hadoop-common-3.3.4.jar:?]
	at org.apache.hadoop.ipc.Server$RpcCall.run(Server.java:971) [hadoop-common-3.3.4.jar:?]
	at java.security.AccessController.doPrivileged(Native Method) ~[?:1.8.0_352]
	at javax.security.auth.Subject.doAs(Subject.java:422) [?:1.8.0_352]
	at org.apache.hadoop.security.UserGroupInformation.doAs(UserGroupInformation.java:1878) [hadoop-common-3.3.4.jar:?]
	at org.apache.hadoop.ipc.Server$Handler.run(Server.java:2976) [hadoop-common-3.3.4.jar:?]
10:07:27.912 [IPC Server handler 18 on default port 46801] ERROR OMAudit - user=runner | ip=127.0.0.1 | op=GET_FILE_STATUS {volume=volume72509, bucket=bucket24043, key=level0/level2/level2, dataSize=0, replicationConfig=null} | ret=FAILURE
org.apache.hadoop.ozone.om.exceptions.OMException: Unable to get file status: volume: volume72509 bucket: bucket24043 key: level0/level2/level2
	at org.apache.hadoop.ozone.om.KeyManagerImpl.getOzoneFileStatus(KeyManagerImpl.java:1301) ~[ozone-manager-1.4.0-SNAPSHOT.jar:?]
	at org.apache.hadoop.ozone.om.KeyManagerImpl.getFileStatus(KeyManagerImpl.java:1219) ~[ozone-manager-1.4.0-SNAPSHOT.jar:?]
	at org.apache.hadoop.ozone.om.OzoneManager.getFileStatus(OzoneManager.java:3578) ~[ozone-manager-1.4.0-SNAPSHOT.jar:?]
	at org.apache.hadoop.ozone.protocolPB.OzoneManagerRequestHandler.getOzoneFileStatus(OzoneManagerRequestHandler.java:907) ~[ozone-manager-1.4.0-SNAPSHOT.jar:?]
	at org.apache.hadoop.ozone.protocolPB.OzoneManagerRequestHandler.handleReadRequest(OzoneManagerRequestHandler.java:231) ~[ozone-manager-1.4.0-SNAPSHOT.jar:?]
	at org.apache.hadoop.ozone.protocolPB.OzoneManagerProtocolServerSideTranslatorPB.submitRequestDirectlyToOM(OzoneManagerProtocolServerSideTranslatorPB.java:276) ~[ozone-manager-1.4.0-SNAPSHOT.jar:?]
	at org.apache.hadoop.ozone.protocolPB.OzoneManagerProtocolServerSideTranslatorPB.processRequest(OzoneManagerProtocolServerSideTranslatorPB.java:205) ~[ozone-manager-1.4.0-SNAPSHOT.jar:?]
	at org.apache.hadoop.hdds.server.OzoneProtocolMessageDispatcher.processRequest(OzoneProtocolMessageDispatcher.java:87) [hdds-server-framework-1.4.0-SNAPSHOT.jar:?]
	at org.apache.hadoop.ozone.protocolPB.OzoneManagerProtocolServerSideTranslatorPB.submitRequest(OzoneManagerProtocolServerSideTranslatorPB.java:147) [ozone-manager-1.4.0-SNAPSHOT.jar:?]
	at org.apache.hadoop.ozone.protocol.proto.OzoneManagerProtocolProtos$OzoneManagerService$2.callBlockingMethod(OzoneManagerProtocolProtos.java) [ozone-interface-client-1.4.0-SNAPSHOT.jar:?]
	at org.apache.hadoop.ipc.ProtobufRpcEngine$Server.processCall(ProtobufRpcEngine.java:465) [hadoop-common-3.3.4.jar:?]
	at org.apache.hadoop.ipc.ProtobufRpcEngine2$Server$ProtoBufRpcInvoker.call(ProtobufRpcEngine2.java:578) [hadoop-common-3.3.4.jar:?]
	at org.apache.hadoop.ipc.ProtobufRpcEngine2$Server$ProtoBufRpcInvoker.call(ProtobufRpcEngine2.java:556) [hadoop-common-3.3.4.jar:?]
	at org.apache.hadoop.ipc.RPC$Server.call(RPC.java:1093) [hadoop-common-3.3.4.jar:?]
	at org.apache.hadoop.ipc.Server$RpcCall.run(Server.java:1043) [hadoop-common-3.3.4.jar:?]
	at org.apache.hadoop.ipc.Server$RpcCall.run(Server.java:971) [hadoop-common-3.3.4.jar:?]
	at java.security.AccessController.doPrivileged(Native Method) ~[?:1.8.0_352]
	at javax.security.auth.Subject.doAs(Subject.java:422) [?:1.8.0_352]
	at org.apache.hadoop.security.UserGroupInformation.doAs(UserGroupInformation.java:1878) [hadoop-common-3.3.4.jar:?]
	at org.apache.hadoop.ipc.Server$Handler.run(Server.java:2976) [hadoop-common-3.3.4.jar:?]
10:07:27.912 [IPC Server handler 19 on default port 46801] ERROR OMAudit - user=runner | ip=127.0.0.1 | op=GET_FILE_STATUS {volume=volume72509, bucket=bucket24043, key=level0/level2/file1, dataSize=0, replicationConfig=null} | ret=FAILURE
org.apache.hadoop.ozone.om.exceptions.OMException: Unable to get file status: volume: volume72509 bucket: bucket24043 key: level0/level2/file1
	at org.apache.hadoop.ozone.om.KeyManagerImpl.getOzoneFileStatus(KeyManagerImpl.java:1301) ~[ozone-manager-1.4.0-SNAPSHOT.jar:?]
	at org.apache.hadoop.ozone.om.KeyManagerImpl.getFileStatus(KeyManagerImpl.java:1219) ~[ozone-manager-1.4.0-SNAPSHOT.jar:?]
	at org.apache.hadoop.ozone.om.OzoneManager.getFileStatus(OzoneManager.java:3578) ~[ozone-manager-1.4.0-SNAPSHOT.jar:?]
	at org.apache.hadoop.ozone.protocolPB.OzoneManagerRequestHandler.getOzoneFileStatus(OzoneManagerRequestHandler.java:907) ~[ozone-manager-1.4.0-SNAPSHOT.jar:?]
	at org.apache.hadoop.ozone.protocolPB.OzoneManagerRequestHandler.handleReadRequest(OzoneManagerRequestHandler.java:231) ~[ozone-manager-1.4.0-SNAPSHOT.jar:?]
	at org.apache.hadoop.ozone.protocolPB.OzoneManagerProtocolServerSideTranslatorPB.submitRequestDirectlyToOM(OzoneManagerProtocolServerSideTranslatorPB.java:276) ~[ozone-manager-1.4.0-SNAPSHOT.jar:?]
	at org.apache.hadoop.ozone.protocolPB.OzoneManagerProtocolServerSideTranslatorPB.processRequest(OzoneManagerProtocolServerSideTranslatorPB.java:205) ~[ozone-manager-1.4.0-SNAPSHOT.jar:?]
	at org.apache.hadoop.hdds.server.OzoneProtocolMessageDispatcher.processRequest(OzoneProtocolMessageDispatcher.java:87) [hdds-server-framework-1.4.0-SNAPSHOT.jar:?]
	at org.apache.hadoop.ozone.protocolPB.OzoneManagerProtocolServerSideTranslatorPB.submitRequest(OzoneManagerProtocolServerSideTranslatorPB.java:147) [ozone-manager-1.4.0-SNAPSHOT.jar:?]
	at org.apache.hadoop.ozone.protocol.proto.OzoneManagerProtocolProtos$OzoneManagerService$2.callBlockingMethod(OzoneManagerProtocolProtos.java) [ozone-interface-client-1.4.0-SNAPSHOT.jar:?]
	at org.apache.hadoop.ipc.ProtobufRpcEngine$Server.processCall(ProtobufRpcEngine.java:465) [hadoop-common-3.3.4.jar:?]
	at org.apache.hadoop.ipc.ProtobufRpcEngine2$Server$ProtoBufRpcInvoker.call(ProtobufRpcEngine2.java:578) [hadoop-common-3.3.4.jar:?]
	at org.apache.hadoop.ipc.ProtobufRpcEngine2$Server$ProtoBufRpcInvoker.call(ProtobufRpcEngine2.java:556) [hadoop-common-3.3.4.jar:?]
	at org.apache.hadoop.ipc.RPC$Server.call(RPC.java:1093) [hadoop-common-3.3.4.jar:?]
	at org.apache.hadoop.ipc.Server$RpcCall.run(Server.java:1043) [hadoop-common-3.3.4.jar:?]
	at org.apache.hadoop.ipc.Server$RpcCall.run(Server.java:971) [hadoop-common-3.3.4.jar:?]
	at java.security.AccessController.doPrivileged(Native Method) ~[?:1.8.0_352]
	at javax.security.auth.Subject.doAs(Subject.java:422) [?:1.8.0_352]
	at org.apache.hadoop.security.UserGroupInformation.doAs(UserGroupInformation.java:1878) [hadoop-common-3.3.4.jar:?]
	at org.apache.hadoop.ipc.Server$Handler.run(Server.java:2976) [hadoop-common-3.3.4.jar:?]
10:07:27.913 [IPC Server handler 0 on default port 46801] ERROR OMAudit - user=runner | ip=127.0.0.1 | op=GET_FILE_STATUS {volume=volume72509, bucket=bucket24043, key=level0/level2/level2/file1, dataSize=0, replicationConfig=null} | ret=FAILURE
org.apache.hadoop.ozone.om.exceptions.OMException: Unable to get file status: volume: volume72509 bucket: bucket24043 key: level0/level2/level2/file1
	at org.apache.hadoop.ozone.om.KeyManagerImpl.getOzoneFileStatus(KeyManagerImpl.java:1301) ~[ozone-manager-1.4.0-SNAPSHOT.jar:?]
	at org.apache.hadoop.ozone.om.KeyManagerImpl.getFileStatus(KeyManagerImpl.java:1219) ~[ozone-manager-1.4.0-SNAPSHOT.jar:?]
	at org.apache.hadoop.ozone.om.OzoneManager.getFileStatus(OzoneManager.java:3578) ~[ozone-manager-1.4.0-SNAPSHOT.jar:?]
	at org.apache.hadoop.ozone.protocolPB.OzoneManagerRequestHandler.getOzoneFileStatus(OzoneManagerRequestHandler.java:907) ~[ozone-manager-1.4.0-SNAPSHOT.jar:?]
	at org.apache.hadoop.ozone.protocolPB.OzoneManagerRequestHandler.handleReadRequest(OzoneManagerRequestHandler.java:231) ~[ozone-manager-1.4.0-SNAPSHOT.jar:?]
	at org.apache.hadoop.ozone.protocolPB.OzoneManagerProtocolServerSideTranslatorPB.submitRequestDirectlyToOM(OzoneManagerProtocolServerSideTranslatorPB.java:276) ~[ozone-manager-1.4.0-SNAPSHOT.jar:?]
	at org.apache.hadoop.ozone.protocolPB.OzoneManagerProtocolServerSideTranslatorPB.processRequest(OzoneManagerProtocolServerSideTranslatorPB.java:205) ~[ozone-manager-1.4.0-SNAPSHOT.jar:?]
	at org.apache.hadoop.hdds.server.OzoneProtocolMessageDispatcher.processRequest(OzoneProtocolMessageDispatcher.java:87) [hdds-server-framework-1.4.0-SNAPSHOT.jar:?]
	at org.apache.hadoop.ozone.protocolPB.OzoneManagerProtocolServerSideTranslatorPB.submitRequest(OzoneManagerProtocolServerSideTranslatorPB.java:147) [ozone-manager-1.4.0-SNAPSHOT.jar:?]
	at org.apache.hadoop.ozone.protocol.proto.OzoneManagerProtocolProtos$OzoneManagerService$2.callBlockingMethod(OzoneManagerProtocolProtos.java) [ozone-interface-client-1.4.0-SNAPSHOT.jar:?]
	at org.apache.hadoop.ipc.ProtobufRpcEngine$Server.processCall(ProtobufRpcEngine.java:465) [hadoop-common-3.3.4.jar:?]
	at org.apache.hadoop.ipc.ProtobufRpcEngine2$Server$ProtoBufRpcInvoker.call(ProtobufRpcEngine2.java:578) [hadoop-common-3.3.4.jar:?]
	at org.apache.hadoop.ipc.ProtobufRpcEngine2$Server$ProtoBufRpcInvoker.call(ProtobufRpcEngine2.java:556) [hadoop-common-3.3.4.jar:?]
	at org.apache.hadoop.ipc.RPC$Server.call(RPC.java:1093) [hadoop-common-3.3.4.jar:?]
	at org.apache.hadoop.ipc.Server$RpcCall.run(Server.java:1043) [hadoop-common-3.3.4.jar:?]
	at org.apache.hadoop.ipc.Server$RpcCall.run(Server.java:971) [hadoop-common-3.3.4.jar:?]
	at java.security.AccessController.doPrivileged(Native Method) ~[?:1.8.0_352]
	at javax.security.auth.Subject.doAs(Subject.java:422) [?:1.8.0_352]
	at org.apache.hadoop.security.UserGroupInformation.doAs(UserGroupInformation.java:1878) [hadoop-common-3.3.4.jar:?]
	at org.apache.hadoop.ipc.Server$Handler.run(Server.java:2976) [hadoop-common-3.3.4.jar:?]
10:07:27.914 [IPC Server handler 1 on default port 46801] ERROR OMAudit - user=runner | ip=127.0.0.1 | op=GET_FILE_STATUS {volume=volume72509, bucket=bucket24043, key=level0/level3, dataSize=0, replicationConfig=null} | ret=FAILURE
org.apache.hadoop.ozone.om.exceptions.OMException: Unable to get file status: volume: volume72509 bucket: bucket24043 key: level0/level3
	at org.apache.hadoop.ozone.om.KeyManagerImpl.getOzoneFileStatus(KeyManagerImpl.java:1301) ~[ozone-manager-1.4.0-SNAPSHOT.jar:?]
	at org.apache.hadoop.ozone.om.KeyManagerImpl.getFileStatus(KeyManagerImpl.java:1219) ~[ozone-manager-1.4.0-SNAPSHOT.jar:?]
	at org.apache.hadoop.ozone.om.OzoneManager.getFileStatus(OzoneManager.java:3578) ~[ozone-manager-1.4.0-SNAPSHOT.jar:?]
	at org.apache.hadoop.ozone.protocolPB.OzoneManagerRequestHandler.getOzoneFileStatus(OzoneManagerRequestHandler.java:907) ~[ozone-manager-1.4.0-SNAPSHOT.jar:?]
	at org.apache.hadoop.ozone.protocolPB.OzoneManagerRequestHandler.handleReadRequest(OzoneManagerRequestHandler.java:231) ~[ozone-manager-1.4.0-SNAPSHOT.jar:?]
	at org.apache.hadoop.ozone.protocolPB.OzoneManagerProtocolServerSideTranslatorPB.submitRequestDirectlyToOM(OzoneManagerProtocolServerSideTranslatorPB.java:276) ~[ozone-manager-1.4.0-SNAPSHOT.jar:?]
	at org.apache.hadoop.ozone.protocolPB.OzoneManagerProtocolServerSideTranslatorPB.processRequest(OzoneManagerProtocolServerSideTranslatorPB.java:205) ~[ozone-manager-1.4.0-SNAPSHOT.jar:?]
	at org.apache.hadoop.hdds.server.OzoneProtocolMessageDispatcher.processRequest(OzoneProtocolMessageDispatcher.java:87) [hdds-server-framework-1.4.0-SNAPSHOT.jar:?]
	at org.apache.hadoop.ozone.protocolPB.OzoneManagerProtocolServerSideTranslatorPB.submitRequest(OzoneManagerProtocolServerSideTranslatorPB.java:147) [ozone-manager-1.4.0-SNAPSHOT.jar:?]
	at org.apache.hadoop.ozone.protocol.proto.OzoneManagerProtocolProtos$OzoneManagerService$2.callBlockingMethod(OzoneManagerProtocolProtos.java) [ozone-interface-client-1.4.0-SNAPSHOT.jar:?]
	at org.apache.hadoop.ipc.ProtobufRpcEngine$Server.processCall(ProtobufRpcEngine.java:465) [hadoop-common-3.3.4.jar:?]
	at org.apache.hadoop.ipc.ProtobufRpcEngine2$Server$ProtoBufRpcInvoker.call(ProtobufRpcEngine2.java:578) [hadoop-common-3.3.4.jar:?]
	at org.apache.hadoop.ipc.ProtobufRpcEngine2$Server$ProtoBufRpcInvoker.call(ProtobufRpcEngine2.java:556) [hadoop-common-3.3.4.jar:?]
	at org.apache.hadoop.ipc.RPC$Server.call(RPC.java:1093) [hadoop-common-3.3.4.jar:?]
	at org.apache.hadoop.ipc.Server$RpcCall.run(Server.java:1043) [hadoop-common-3.3.4.jar:?]
	at org.apache.hadoop.ipc.Server$RpcCall.run(Server.java:971) [hadoop-common-3.3.4.jar:?]
	at java.security.AccessController.doPrivileged(Native Method) ~[?:1.8.0_352]
	at javax.security.auth.Subject.doAs(Subject.java:422) [?:1.8.0_352]
	at org.apache.hadoop.security.UserGroupInformation.doAs(UserGroupInformation.java:1878) [hadoop-common-3.3.4.jar:?]
	at org.apache.hadoop.ipc.Server$Handler.run(Server.java:2976) [hadoop-common-3.3.4.jar:?]
10:07:27.915 [IPC Server handler 2 on default port 46801] ERROR OMAudit - user=runner | ip=127.0.0.1 | op=GET_FILE_STATUS {volume=volume72509, bucket=bucket24043, key=level0/level3/level3, dataSize=0, replicationConfig=null} | ret=FAILURE
org.apache.hadoop.ozone.om.exceptions.OMException: Unable to get file status: volume: volume72509 bucket: bucket24043 key: level0/level3/level3
	at org.apache.hadoop.ozone.om.KeyManagerImpl.getOzoneFileStatus(KeyManagerImpl.java:1301) ~[ozone-manager-1.4.0-SNAPSHOT.jar:?]
	at org.apache.hadoop.ozone.om.KeyManagerImpl.getFileStatus(KeyManagerImpl.java:1219) ~[ozone-manager-1.4.0-SNAPSHOT.jar:?]
	at org.apache.hadoop.ozone.om.OzoneManager.getFileStatus(OzoneManager.java:3578) ~[ozone-manager-1.4.0-SNAPSHOT.jar:?]
	at org.apache.hadoop.ozone.protocolPB.OzoneManagerRequestHandler.getOzoneFileStatus(OzoneManagerRequestHandler.java:907) ~[ozone-manager-1.4.0-SNAPSHOT.jar:?]
	at org.apache.hadoop.ozone.protocolPB.OzoneManagerRequestHandler.handleReadRequest(OzoneManagerRequestHandler.java:231) ~[ozone-manager-1.4.0-SNAPSHOT.jar:?]
	at org.apache.hadoop.ozone.protocolPB.OzoneManagerProtocolServerSideTranslatorPB.submitRequestDirectlyToOM(OzoneManagerProtocolServerSideTranslatorPB.java:276) ~[ozone-manager-1.4.0-SNAPSHOT.jar:?]
	at org.apache.hadoop.ozone.protocolPB.OzoneManagerProtocolServerSideTranslatorPB.processRequest(OzoneManagerProtocolServerSideTranslatorPB.java:205) ~[ozone-manager-1.4.0-SNAPSHOT.jar:?]
	at org.apache.hadoop.hdds.server.OzoneProtocolMessageDispatcher.processRequest(OzoneProtocolMessageDispatcher.java:87) [hdds-server-framework-1.4.0-SNAPSHOT.jar:?]
	at org.apache.hadoop.ozone.protocolPB.OzoneManagerProtocolServerSideTranslatorPB.submitRequest(OzoneManagerProtocolServerSideTranslatorPB.java:147) [ozone-manager-1.4.0-SNAPSHOT.jar:?]
	at org.apache.hadoop.ozone.protocol.proto.OzoneManagerProtocolProtos$OzoneManagerService$2.callBlockingMethod(OzoneManagerProtocolProtos.java) [ozone-interface-client-1.4.0-SNAPSHOT.jar:?]
	at org.apache.hadoop.ipc.ProtobufRpcEngine$Server.processCall(ProtobufRpcEngine.java:465) [hadoop-common-3.3.4.jar:?]
	at org.apache.hadoop.ipc.ProtobufRpcEngine2$Server$ProtoBufRpcInvoker.call(ProtobufRpcEngine2.java:578) [hadoop-common-3.3.4.jar:?]
	at org.apache.hadoop.ipc.ProtobufRpcEngine2$Server$ProtoBufRpcInvoker.call(ProtobufRpcEngine2.java:556) [hadoop-common-3.3.4.jar:?]
	at org.apache.hadoop.ipc.RPC$Server.call(RPC.java:1093) [hadoop-common-3.3.4.jar:?]
	at org.apache.hadoop.ipc.Server$RpcCall.run(Server.java:1043) [hadoop-common-3.3.4.jar:?]
	at org.apache.hadoop.ipc.Server$RpcCall.run(Server.java:971) [hadoop-common-3.3.4.jar:?]
	at java.security.AccessController.doPrivileged(Native Method) ~[?:1.8.0_352]
	at javax.security.auth.Subject.doAs(Subject.java:422) [?:1.8.0_352]
	at org.apache.hadoop.security.UserGroupInformation.doAs(UserGroupInformation.java:1878) [hadoop-common-3.3.4.jar:?]
	at org.apache.hadoop.ipc.Server$Handler.run(Server.java:2976) [hadoop-common-3.3.4.jar:?]
10:07:27.915 [IPC Server handler 3 on default port 46801] ERROR OMAudit - user=runner | ip=127.0.0.1 | op=GET_FILE_STATUS {volume=volume72509, bucket=bucket24043, key=level0/level3/file1, dataSize=0, replicationConfig=null} | ret=FAILURE
org.apache.hadoop.ozone.om.exceptions.OMException: Unable to get file status: volume: volume72509 bucket: bucket24043 key: level0/level3/file1
	at org.apache.hadoop.ozone.om.KeyManagerImpl.getOzoneFileStatus(KeyManagerImpl.java:1301) ~[ozone-manager-1.4.0-SNAPSHOT.jar:?]
	at org.apache.hadoop.ozone.om.KeyManagerImpl.getFileStatus(KeyManagerImpl.java:1219) ~[ozone-manager-1.4.0-SNAPSHOT.jar:?]
	at org.apache.hadoop.ozone.om.OzoneManager.getFileStatus(OzoneManager.java:3578) ~[ozone-manager-1.4.0-SNAPSHOT.jar:?]
	at org.apache.hadoop.ozone.protocolPB.OzoneManagerRequestHandler.getOzoneFileStatus(OzoneManagerRequestHandler.java:907) ~[ozone-manager-1.4.0-SNAPSHOT.jar:?]
	at org.apache.hadoop.ozone.protocolPB.OzoneManagerRequestHandler.handleReadRequest(OzoneManagerRequestHandler.java:231) ~[ozone-manager-1.4.0-SNAPSHOT.jar:?]
	at org.apache.hadoop.ozone.protocolPB.OzoneManagerProtocolServerSideTranslatorPB.submitRequestDirectlyToOM(OzoneManagerProtocolServerSideTranslatorPB.java:276) ~[ozone-manager-1.4.0-SNAPSHOT.jar:?]
	at org.apache.hadoop.ozone.protocolPB.OzoneManagerProtocolServerSideTranslatorPB.processRequest(OzoneManagerProtocolServerSideTranslatorPB.java:205) ~[ozone-manager-1.4.0-SNAPSHOT.jar:?]
	at org.apache.hadoop.hdds.server.OzoneProtocolMessageDispatcher.processRequest(OzoneProtocolMessageDispatcher.java:87) [hdds-server-framework-1.4.0-SNAPSHOT.jar:?]
	at org.apache.hadoop.ozone.protocolPB.OzoneManagerProtocolServerSideTranslatorPB.submitRequest(OzoneManagerProtocolServerSideTranslatorPB.java:147) [ozone-manager-1.4.0-SNAPSHOT.jar:?]
	at org.apache.hadoop.ozone.protocol.proto.OzoneManagerProtocolProtos$OzoneManagerService$2.callBlockingMethod(OzoneManagerProtocolProtos.java) [ozone-interface-client-1.4.0-SNAPSHOT.jar:?]
	at org.apache.hadoop.ipc.ProtobufRpcEngine$Server.processCall(ProtobufRpcEngine.java:465) [hadoop-common-3.3.4.jar:?]
	at org.apache.hadoop.ipc.ProtobufRpcEngine2$Server$ProtoBufRpcInvoker.call(ProtobufRpcEngine2.java:578) [hadoop-common-3.3.4.jar:?]
	at org.apache.hadoop.ipc.ProtobufRpcEngine2$Server$ProtoBufRpcInvoker.call(ProtobufRpcEngine2.java:556) [hadoop-common-3.3.4.jar:?]
	at org.apache.hadoop.ipc.RPC$Server.call(RPC.java:1093) [hadoop-common-3.3.4.jar:?]
	at org.apache.hadoop.ipc.Server$RpcCall.run(Server.java:1043) [hadoop-common-3.3.4.jar:?]
	at org.apache.hadoop.ipc.Server$RpcCall.run(Server.java:971) [hadoop-common-3.3.4.jar:?]
	at java.security.AccessController.doPrivileged(Native Method) ~[?:1.8.0_352]
	at javax.security.auth.Subject.doAs(Subject.java:422) [?:1.8.0_352]
	at org.apache.hadoop.security.UserGroupInformation.doAs(UserGroupInformation.java:1878) [hadoop-common-3.3.4.jar:?]
	at org.apache.hadoop.ipc.Server$Handler.run(Server.java:2976) [hadoop-common-3.3.4.jar:?]
10:07:27.916 [IPC Server handler 4 on default port 46801] ERROR OMAudit - user=runner | ip=127.0.0.1 | op=GET_FILE_STATUS {volume=volume72509, bucket=bucket24043, key=level0/level3/level3/file1, dataSize=0, replicationConfig=null} | ret=FAILURE
org.apache.hadoop.ozone.om.exceptions.OMException: Unable to get file status: volume: volume72509 bucket: bucket24043 key: level0/level3/level3/file1
	at org.apache.hadoop.ozone.om.KeyManagerImpl.getOzoneFileStatus(KeyManagerImpl.java:1301) ~[ozone-manager-1.4.0-SNAPSHOT.jar:?]
	at org.apache.hadoop.ozone.om.KeyManagerImpl.getFileStatus(KeyManagerImpl.java:1219) ~[ozone-manager-1.4.0-SNAPSHOT.jar:?]
	at org.apache.hadoop.ozone.om.OzoneManager.getFileStatus(OzoneManager.java:3578) ~[ozone-manager-1.4.0-SNAPSHOT.jar:?]
	at org.apache.hadoop.ozone.protocolPB.OzoneManagerRequestHandler.getOzoneFileStatus(OzoneManagerRequestHandler.java:907) ~[ozone-manager-1.4.0-SNAPSHOT.jar:?]
	at org.apache.hadoop.ozone.protocolPB.OzoneManagerRequestHandler.handleReadRequest(OzoneManagerRequestHandler.java:231) ~[ozone-manager-1.4.0-SNAPSHOT.jar:?]
	at org.apache.hadoop.ozone.protocolPB.OzoneManagerProtocolServerSideTranslatorPB.submitRequestDirectlyToOM(OzoneManagerProtocolServerSideTranslatorPB.java:276) ~[ozone-manager-1.4.0-SNAPSHOT.jar:?]
	at org.apache.hadoop.ozone.protocolPB.OzoneManagerProtocolServerSideTranslatorPB.processRequest(OzoneManagerProtocolServerSideTranslatorPB.java:205) ~[ozone-manager-1.4.0-SNAPSHOT.jar:?]
	at org.apache.hadoop.hdds.server.OzoneProtocolMessageDispatcher.processRequest(OzoneProtocolMessageDispatcher.java:87) [hdds-server-framework-1.4.0-SNAPSHOT.jar:?]
	at org.apache.hadoop.ozone.protocolPB.OzoneManagerProtocolServerSideTranslatorPB.submitRequest(OzoneManagerProtocolServerSideTranslatorPB.java:147) [ozone-manager-1.4.0-SNAPSHOT.jar:?]
	at org.apache.hadoop.ozone.protocol.proto.OzoneManagerProtocolProtos$OzoneManagerService$2.callBlockingMethod(OzoneManagerProtocolProtos.java) [ozone-interface-client-1.4.0-SNAPSHOT.jar:?]
	at org.apache.hadoop.ipc.ProtobufRpcEngine$Server.processCall(ProtobufRpcEngine.java:465) [hadoop-common-3.3.4.jar:?]
	at org.apache.hadoop.ipc.ProtobufRpcEngine2$Server$ProtoBufRpcInvoker.call(ProtobufRpcEngine2.java:578) [hadoop-common-3.3.4.jar:?]
	at org.apache.hadoop.ipc.ProtobufRpcEngine2$Server$ProtoBufRpcInvoker.call(ProtobufRpcEngine2.java:556) [hadoop-common-3.3.4.jar:?]
	at org.apache.hadoop.ipc.RPC$Server.call(RPC.java:1093) [hadoop-common-3.3.4.jar:?]
	at org.apache.hadoop.ipc.Server$RpcCall.run(Server.java:1043) [hadoop-common-3.3.4.jar:?]
	at org.apache.hadoop.ipc.Server$RpcCall.run(Server.java:971) [hadoop-common-3.3.4.jar:?]
	at java.security.AccessController.doPrivileged(Native Method) ~[?:1.8.0_352]
	at javax.security.auth.Subject.doAs(Subject.java:422) [?:1.8.0_352]
	at org.apache.hadoop.security.UserGroupInformation.doAs(UserGroupInformation.java:1878) [hadoop-common-3.3.4.jar:?]
	at org.apache.hadoop.ipc.Server$Handler.run(Server.java:2976) [hadoop-common-3.3.4.jar:?]
]]></system-out>
  </testcase>
  <testcase name="testRecursiveDelete" classname="TestOzoneFileSystem" time="0.101">
    <system-out><![CDATA[2023-01-03 10:08:16,982 [OM StateMachine ApplyTransaction Thread - 0] INFO  key.OMKeyRequest (OMKeyRequest.java:wrapUncommittedBlocksAsPseudoKey(835)) - Detect allocated but uncommitted blocks [{blockID={containerID=4, localID=111677748019200014}, length=4194304, offset=0, token=null, pipeline=null, createVersion=0, partNumber=0}] in key gdir1/pdir1/child.
2023-01-03 10:08:16,987 [OM StateMachine ApplyTransaction Thread - 0] INFO  key.OMKeyRequest (OMKeyRequest.java:wrapUncommittedBlocksAsPseudoKey(835)) - Detect allocated but uncommitted blocks [{blockID={containerID=1, localID=111677748019200015}, length=4194304, offset=0, token=null, pipeline=null, createVersion=0, partNumber=0}] in key gdir1/pdir2/child.
2023-01-03 10:08:16,990 [OM StateMachine ApplyTransaction Thread - 0] INFO  key.OMKeyRequest (OMKeyRequest.java:wrapUncommittedBlocksAsPseudoKey(835)) - Detect allocated but uncommitted blocks [{blockID={containerID=3, localID=111677748019200016}, length=4194304, offset=0, token=null, pipeline=null, createVersion=0, partNumber=0}] in key gdir1/pdir3/child.
2023-01-03 10:08:16,993 [OM StateMachine ApplyTransaction Thread - 0] INFO  key.OMKeyRequest (OMKeyRequest.java:wrapUncommittedBlocksAsPseudoKey(835)) - Detect allocated but uncommitted blocks [{blockID={containerID=4, localID=111677748019200017}, length=4194304, offset=0, token=null, pipeline=null, createVersion=0, partNumber=0}] in key gdir1/pdir4/child.
2023-01-03 10:08:16,997 [OM StateMachine ApplyTransaction Thread - 0] INFO  key.OMKeyRequest (OMKeyRequest.java:wrapUncommittedBlocksAsPseudoKey(835)) - Detect allocated but uncommitted blocks [{blockID={containerID=3, localID=111677748019200018}, length=4194304, offset=0, token=null, pipeline=null, createVersion=0, partNumber=0}] in key gdir1/pdir5/child.
2023-01-03 10:08:17,000 [OM StateMachine ApplyTransaction Thread - 0] INFO  key.OMKeyRequest (OMKeyRequest.java:wrapUncommittedBlocksAsPseudoKey(835)) - Detect allocated but uncommitted blocks [{blockID={containerID=4, localID=111677748019200019}, length=4194304, offset=0, token=null, pipeline=null, createVersion=0, partNumber=0}] in key gdir1/pdir6/child.
2023-01-03 10:08:17,003 [OM StateMachine ApplyTransaction Thread - 0] INFO  key.OMKeyRequest (OMKeyRequest.java:wrapUncommittedBlocksAsPseudoKey(835)) - Detect allocated but uncommitted blocks [{blockID={containerID=3, localID=111677748019200020}, length=4194304, offset=0, token=null, pipeline=null, createVersion=0, partNumber=0}] in key gdir1/pdir7/child.
2023-01-03 10:08:17,005 [OM StateMachine ApplyTransaction Thread - 0] INFO  key.OMKeyRequest (OMKeyRequest.java:wrapUncommittedBlocksAsPseudoKey(835)) - Detect allocated but uncommitted blocks [{blockID={containerID=4, localID=111677748019200021}, length=4194304, offset=0, token=null, pipeline=null, createVersion=0, partNumber=0}] in key gdir1/pdir8/child.
2023-01-03 10:08:17,008 [OM StateMachine ApplyTransaction Thread - 0] INFO  key.OMKeyRequest (OMKeyRequest.java:wrapUncommittedBlocksAsPseudoKey(835)) - Detect allocated but uncommitted blocks [{blockID={containerID=3, localID=111677748019200022}, length=4194304, offset=0, token=null, pipeline=null, createVersion=0, partNumber=0}] in key gdir1/pdir9/child.
2023-01-03 10:08:17,011 [OM StateMachine ApplyTransaction Thread - 0] INFO  key.OMKeyRequest (OMKeyRequest.java:wrapUncommittedBlocksAsPseudoKey(835)) - Detect allocated but uncommitted blocks [{blockID={containerID=2, localID=111677748019200023}, length=4194304, offset=0, token=null, pipeline=null, createVersion=0, partNumber=0}] in key gdir1/pdir10/child.
10:08:17.021 [IPC Server handler 18 on default port 46431] ERROR OMAudit - user=runner | ip=127.0.0.1 | op=GET_FILE_STATUS {volume=volume30750, bucket=bucket79142, key=gdir1, dataSize=0, replicationConfig=null} | ret=FAILURE
org.apache.hadoop.ozone.om.exceptions.OMException: Unable to get file status: volume: volume30750 bucket: bucket79142 key: gdir1
	at org.apache.hadoop.ozone.om.KeyManagerImpl.getOzoneFileStatus(KeyManagerImpl.java:1301) ~[ozone-manager-1.4.0-SNAPSHOT.jar:?]
	at org.apache.hadoop.ozone.om.KeyManagerImpl.getFileStatus(KeyManagerImpl.java:1219) ~[ozone-manager-1.4.0-SNAPSHOT.jar:?]
	at org.apache.hadoop.ozone.om.OzoneManager.getFileStatus(OzoneManager.java:3578) ~[ozone-manager-1.4.0-SNAPSHOT.jar:?]
	at org.apache.hadoop.ozone.protocolPB.OzoneManagerRequestHandler.getOzoneFileStatus(OzoneManagerRequestHandler.java:907) ~[ozone-manager-1.4.0-SNAPSHOT.jar:?]
	at org.apache.hadoop.ozone.protocolPB.OzoneManagerRequestHandler.handleReadRequest(OzoneManagerRequestHandler.java:231) ~[ozone-manager-1.4.0-SNAPSHOT.jar:?]
	at org.apache.hadoop.ozone.protocolPB.OzoneManagerProtocolServerSideTranslatorPB.submitReadRequestToOM(OzoneManagerProtocolServerSideTranslatorPB.java:226) ~[ozone-manager-1.4.0-SNAPSHOT.jar:?]
	at org.apache.hadoop.ozone.protocolPB.OzoneManagerProtocolServerSideTranslatorPB.processRequest(OzoneManagerProtocolServerSideTranslatorPB.java:175) ~[ozone-manager-1.4.0-SNAPSHOT.jar:?]
	at org.apache.hadoop.hdds.server.OzoneProtocolMessageDispatcher.processRequest(OzoneProtocolMessageDispatcher.java:87) [hdds-server-framework-1.4.0-SNAPSHOT.jar:?]
	at org.apache.hadoop.ozone.protocolPB.OzoneManagerProtocolServerSideTranslatorPB.submitRequest(OzoneManagerProtocolServerSideTranslatorPB.java:147) [ozone-manager-1.4.0-SNAPSHOT.jar:?]
	at org.apache.hadoop.ozone.protocol.proto.OzoneManagerProtocolProtos$OzoneManagerService$2.callBlockingMethod(OzoneManagerProtocolProtos.java) [ozone-interface-client-1.4.0-SNAPSHOT.jar:?]
	at org.apache.hadoop.ipc.ProtobufRpcEngine$Server.processCall(ProtobufRpcEngine.java:465) [hadoop-common-3.3.4.jar:?]
	at org.apache.hadoop.ipc.ProtobufRpcEngine2$Server$ProtoBufRpcInvoker.call(ProtobufRpcEngine2.java:578) [hadoop-common-3.3.4.jar:?]
	at org.apache.hadoop.ipc.ProtobufRpcEngine2$Server$ProtoBufRpcInvoker.call(ProtobufRpcEngine2.java:556) [hadoop-common-3.3.4.jar:?]
	at org.apache.hadoop.ipc.RPC$Server.call(RPC.java:1093) [hadoop-common-3.3.4.jar:?]
	at org.apache.hadoop.ipc.Server$RpcCall.run(Server.java:1043) [hadoop-common-3.3.4.jar:?]
	at org.apache.hadoop.ipc.Server$RpcCall.run(Server.java:971) [hadoop-common-3.3.4.jar:?]
	at java.security.AccessController.doPrivileged(Native Method) ~[?:1.8.0_352]
	at javax.security.auth.Subject.doAs(Subject.java:422) [?:1.8.0_352]
	at org.apache.hadoop.security.UserGroupInformation.doAs(UserGroupInformation.java:1878) [hadoop-common-3.3.4.jar:?]
	at org.apache.hadoop.ipc.Server$Handler.run(Server.java:2976) [hadoop-common-3.3.4.jar:?]
10:08:17.022 [IPC Server handler 19 on default port 46431] ERROR OMAudit - user=runner | ip=127.0.0.1 | op=GET_FILE_STATUS {volume=volume30750, bucket=bucket79142, key=gdir1/dir1, dataSize=0, replicationConfig=null} | ret=FAILURE
org.apache.hadoop.ozone.om.exceptions.OMException: Unable to get file status: volume: volume30750 bucket: bucket79142 key: gdir1/dir1
	at org.apache.hadoop.ozone.om.KeyManagerImpl.getOzoneFileStatus(KeyManagerImpl.java:1301) ~[ozone-manager-1.4.0-SNAPSHOT.jar:?]
	at org.apache.hadoop.ozone.om.KeyManagerImpl.getFileStatus(KeyManagerImpl.java:1219) ~[ozone-manager-1.4.0-SNAPSHOT.jar:?]
	at org.apache.hadoop.ozone.om.OzoneManager.getFileStatus(OzoneManager.java:3578) ~[ozone-manager-1.4.0-SNAPSHOT.jar:?]
	at org.apache.hadoop.ozone.protocolPB.OzoneManagerRequestHandler.getOzoneFileStatus(OzoneManagerRequestHandler.java:907) ~[ozone-manager-1.4.0-SNAPSHOT.jar:?]
	at org.apache.hadoop.ozone.protocolPB.OzoneManagerRequestHandler.handleReadRequest(OzoneManagerRequestHandler.java:231) ~[ozone-manager-1.4.0-SNAPSHOT.jar:?]
	at org.apache.hadoop.ozone.protocolPB.OzoneManagerProtocolServerSideTranslatorPB.submitReadRequestToOM(OzoneManagerProtocolServerSideTranslatorPB.java:226) ~[ozone-manager-1.4.0-SNAPSHOT.jar:?]
	at org.apache.hadoop.ozone.protocolPB.OzoneManagerProtocolServerSideTranslatorPB.processRequest(OzoneManagerProtocolServerSideTranslatorPB.java:175) ~[ozone-manager-1.4.0-SNAPSHOT.jar:?]
	at org.apache.hadoop.hdds.server.OzoneProtocolMessageDispatcher.processRequest(OzoneProtocolMessageDispatcher.java:87) [hdds-server-framework-1.4.0-SNAPSHOT.jar:?]
	at org.apache.hadoop.ozone.protocolPB.OzoneManagerProtocolServerSideTranslatorPB.submitRequest(OzoneManagerProtocolServerSideTranslatorPB.java:147) [ozone-manager-1.4.0-SNAPSHOT.jar:?]
	at org.apache.hadoop.ozone.protocol.proto.OzoneManagerProtocolProtos$OzoneManagerService$2.callBlockingMethod(OzoneManagerProtocolProtos.java) [ozone-interface-client-1.4.0-SNAPSHOT.jar:?]
	at org.apache.hadoop.ipc.ProtobufRpcEngine$Server.processCall(ProtobufRpcEngine.java:465) [hadoop-common-3.3.4.jar:?]
	at org.apache.hadoop.ipc.ProtobufRpcEngine2$Server$ProtoBufRpcInvoker.call(ProtobufRpcEngine2.java:578) [hadoop-common-3.3.4.jar:?]
	at org.apache.hadoop.ipc.ProtobufRpcEngine2$Server$ProtoBufRpcInvoker.call(ProtobufRpcEngine2.java:556) [hadoop-common-3.3.4.jar:?]
	at org.apache.hadoop.ipc.RPC$Server.call(RPC.java:1093) [hadoop-common-3.3.4.jar:?]
	at org.apache.hadoop.ipc.Server$RpcCall.run(Server.java:1043) [hadoop-common-3.3.4.jar:?]
	at org.apache.hadoop.ipc.Server$RpcCall.run(Server.java:971) [hadoop-common-3.3.4.jar:?]
	at java.security.AccessController.doPrivileged(Native Method) ~[?:1.8.0_352]
	at javax.security.auth.Subject.doAs(Subject.java:422) [?:1.8.0_352]
	at org.apache.hadoop.security.UserGroupInformation.doAs(UserGroupInformation.java:1878) [hadoop-common-3.3.4.jar:?]
	at org.apache.hadoop.ipc.Server$Handler.run(Server.java:2976) [hadoop-common-3.3.4.jar:?]
10:08:17.022 [IPC Server handler 0 on default port 46431] ERROR OMAudit - user=runner | ip=127.0.0.1 | op=GET_FILE_STATUS {volume=volume30750, bucket=bucket79142, key=gdir1/dir1/child, dataSize=0, replicationConfig=null} | ret=FAILURE
org.apache.hadoop.ozone.om.exceptions.OMException: Unable to get file status: volume: volume30750 bucket: bucket79142 key: gdir1/dir1/child
	at org.apache.hadoop.ozone.om.KeyManagerImpl.getOzoneFileStatus(KeyManagerImpl.java:1301) ~[ozone-manager-1.4.0-SNAPSHOT.jar:?]
	at org.apache.hadoop.ozone.om.KeyManagerImpl.getFileStatus(KeyManagerImpl.java:1219) ~[ozone-manager-1.4.0-SNAPSHOT.jar:?]
	at org.apache.hadoop.ozone.om.OzoneManager.getFileStatus(OzoneManager.java:3578) ~[ozone-manager-1.4.0-SNAPSHOT.jar:?]
	at org.apache.hadoop.ozone.protocolPB.OzoneManagerRequestHandler.getOzoneFileStatus(OzoneManagerRequestHandler.java:907) ~[ozone-manager-1.4.0-SNAPSHOT.jar:?]
	at org.apache.hadoop.ozone.protocolPB.OzoneManagerRequestHandler.handleReadRequest(OzoneManagerRequestHandler.java:231) ~[ozone-manager-1.4.0-SNAPSHOT.jar:?]
	at org.apache.hadoop.ozone.protocolPB.OzoneManagerProtocolServerSideTranslatorPB.submitReadRequestToOM(OzoneManagerProtocolServerSideTranslatorPB.java:226) ~[ozone-manager-1.4.0-SNAPSHOT.jar:?]
	at org.apache.hadoop.ozone.protocolPB.OzoneManagerProtocolServerSideTranslatorPB.processRequest(OzoneManagerProtocolServerSideTranslatorPB.java:175) ~[ozone-manager-1.4.0-SNAPSHOT.jar:?]
	at org.apache.hadoop.hdds.server.OzoneProtocolMessageDispatcher.processRequest(OzoneProtocolMessageDispatcher.java:87) [hdds-server-framework-1.4.0-SNAPSHOT.jar:?]
	at org.apache.hadoop.ozone.protocolPB.OzoneManagerProtocolServerSideTranslatorPB.submitRequest(OzoneManagerProtocolServerSideTranslatorPB.java:147) [ozone-manager-1.4.0-SNAPSHOT.jar:?]
	at org.apache.hadoop.ozone.protocol.proto.OzoneManagerProtocolProtos$OzoneManagerService$2.callBlockingMethod(OzoneManagerProtocolProtos.java) [ozone-interface-client-1.4.0-SNAPSHOT.jar:?]
	at org.apache.hadoop.ipc.ProtobufRpcEngine$Server.processCall(ProtobufRpcEngine.java:465) [hadoop-common-3.3.4.jar:?]
	at org.apache.hadoop.ipc.ProtobufRpcEngine2$Server$ProtoBufRpcInvoker.call(ProtobufRpcEngine2.java:578) [hadoop-common-3.3.4.jar:?]
	at org.apache.hadoop.ipc.ProtobufRpcEngine2$Server$ProtoBufRpcInvoker.call(ProtobufRpcEngine2.java:556) [hadoop-common-3.3.4.jar:?]
	at org.apache.hadoop.ipc.RPC$Server.call(RPC.java:1093) [hadoop-common-3.3.4.jar:?]
	at org.apache.hadoop.ipc.Server$RpcCall.run(Server.java:1043) [hadoop-common-3.3.4.jar:?]
	at org.apache.hadoop.ipc.Server$RpcCall.run(Server.java:971) [hadoop-common-3.3.4.jar:?]
	at java.security.AccessController.doPrivileged(Native Method) ~[?:1.8.0_352]
	at javax.security.auth.Subject.doAs(Subject.java:422) [?:1.8.0_352]
	at org.apache.hadoop.security.UserGroupInformation.doAs(UserGroupInformation.java:1878) [hadoop-common-3.3.4.jar:?]
	at org.apache.hadoop.ipc.Server$Handler.run(Server.java:2976) [hadoop-common-3.3.4.jar:?]
10:08:17.023 [IPC Server handler 3 on default port 46431] ERROR OMAudit - user=runner | ip=127.0.0.1 | op=GET_FILE_STATUS {volume=volume30750, bucket=bucket79142, key=gdir1/dir2, dataSize=0, replicationConfig=null} | ret=FAILURE
org.apache.hadoop.ozone.om.exceptions.OMException: Unable to get file status: volume: volume30750 bucket: bucket79142 key: gdir1/dir2
	at org.apache.hadoop.ozone.om.KeyManagerImpl.getOzoneFileStatus(KeyManagerImpl.java:1301) ~[ozone-manager-1.4.0-SNAPSHOT.jar:?]
	at org.apache.hadoop.ozone.om.KeyManagerImpl.getFileStatus(KeyManagerImpl.java:1219) ~[ozone-manager-1.4.0-SNAPSHOT.jar:?]
	at org.apache.hadoop.ozone.om.OzoneManager.getFileStatus(OzoneManager.java:3578) ~[ozone-manager-1.4.0-SNAPSHOT.jar:?]
	at org.apache.hadoop.ozone.protocolPB.OzoneManagerRequestHandler.getOzoneFileStatus(OzoneManagerRequestHandler.java:907) ~[ozone-manager-1.4.0-SNAPSHOT.jar:?]
	at org.apache.hadoop.ozone.protocolPB.OzoneManagerRequestHandler.handleReadRequest(OzoneManagerRequestHandler.java:231) ~[ozone-manager-1.4.0-SNAPSHOT.jar:?]
	at org.apache.hadoop.ozone.protocolPB.OzoneManagerProtocolServerSideTranslatorPB.submitReadRequestToOM(OzoneManagerProtocolServerSideTranslatorPB.java:226) ~[ozone-manager-1.4.0-SNAPSHOT.jar:?]
	at org.apache.hadoop.ozone.protocolPB.OzoneManagerProtocolServerSideTranslatorPB.processRequest(OzoneManagerProtocolServerSideTranslatorPB.java:175) ~[ozone-manager-1.4.0-SNAPSHOT.jar:?]
	at org.apache.hadoop.hdds.server.OzoneProtocolMessageDispatcher.processRequest(OzoneProtocolMessageDispatcher.java:87) [hdds-server-framework-1.4.0-SNAPSHOT.jar:?]
	at org.apache.hadoop.ozone.protocolPB.OzoneManagerProtocolServerSideTranslatorPB.submitRequest(OzoneManagerProtocolServerSideTranslatorPB.java:147) [ozone-manager-1.4.0-SNAPSHOT.jar:?]
	at org.apache.hadoop.ozone.protocol.proto.OzoneManagerProtocolProtos$OzoneManagerService$2.callBlockingMethod(OzoneManagerProtocolProtos.java) [ozone-interface-client-1.4.0-SNAPSHOT.jar:?]
	at org.apache.hadoop.ipc.ProtobufRpcEngine$Server.processCall(ProtobufRpcEngine.java:465) [hadoop-common-3.3.4.jar:?]
	at org.apache.hadoop.ipc.ProtobufRpcEngine2$Server$ProtoBufRpcInvoker.call(ProtobufRpcEngine2.java:578) [hadoop-common-3.3.4.jar:?]
	at org.apache.hadoop.ipc.ProtobufRpcEngine2$Server$ProtoBufRpcInvoker.call(ProtobufRpcEngine2.java:556) [hadoop-common-3.3.4.jar:?]
	at org.apache.hadoop.ipc.RPC$Server.call(RPC.java:1093) [hadoop-common-3.3.4.jar:?]
	at org.apache.hadoop.ipc.Server$RpcCall.run(Server.java:1043) [hadoop-common-3.3.4.jar:?]
	at org.apache.hadoop.ipc.Server$RpcCall.run(Server.java:971) [hadoop-common-3.3.4.jar:?]
	at java.security.AccessController.doPrivileged(Native Method) ~[?:1.8.0_352]
	at javax.security.auth.Subject.doAs(Subject.java:422) [?:1.8.0_352]
	at org.apache.hadoop.security.UserGroupInformation.doAs(UserGroupInformation.java:1878) [hadoop-common-3.3.4.jar:?]
	at org.apache.hadoop.ipc.Server$Handler.run(Server.java:2976) [hadoop-common-3.3.4.jar:?]
10:08:17.023 [IPC Server handler 1 on default port 46431] ERROR OMAudit - user=runner | ip=127.0.0.1 | op=GET_FILE_STATUS {volume=volume30750, bucket=bucket79142, key=gdir1/dir2/child, dataSize=0, replicationConfig=null} | ret=FAILURE
org.apache.hadoop.ozone.om.exceptions.OMException: Unable to get file status: volume: volume30750 bucket: bucket79142 key: gdir1/dir2/child
	at org.apache.hadoop.ozone.om.KeyManagerImpl.getOzoneFileStatus(KeyManagerImpl.java:1301) ~[ozone-manager-1.4.0-SNAPSHOT.jar:?]
	at org.apache.hadoop.ozone.om.KeyManagerImpl.getFileStatus(KeyManagerImpl.java:1219) ~[ozone-manager-1.4.0-SNAPSHOT.jar:?]
	at org.apache.hadoop.ozone.om.OzoneManager.getFileStatus(OzoneManager.java:3578) ~[ozone-manager-1.4.0-SNAPSHOT.jar:?]
	at org.apache.hadoop.ozone.protocolPB.OzoneManagerRequestHandler.getOzoneFileStatus(OzoneManagerRequestHandler.java:907) ~[ozone-manager-1.4.0-SNAPSHOT.jar:?]
	at org.apache.hadoop.ozone.protocolPB.OzoneManagerRequestHandler.handleReadRequest(OzoneManagerRequestHandler.java:231) ~[ozone-manager-1.4.0-SNAPSHOT.jar:?]
	at org.apache.hadoop.ozone.protocolPB.OzoneManagerProtocolServerSideTranslatorPB.submitReadRequestToOM(OzoneManagerProtocolServerSideTranslatorPB.java:226) ~[ozone-manager-1.4.0-SNAPSHOT.jar:?]
	at org.apache.hadoop.ozone.protocolPB.OzoneManagerProtocolServerSideTranslatorPB.processRequest(OzoneManagerProtocolServerSideTranslatorPB.java:175) ~[ozone-manager-1.4.0-SNAPSHOT.jar:?]
	at org.apache.hadoop.hdds.server.OzoneProtocolMessageDispatcher.processRequest(OzoneProtocolMessageDispatcher.java:87) [hdds-server-framework-1.4.0-SNAPSHOT.jar:?]
	at org.apache.hadoop.ozone.protocolPB.OzoneManagerProtocolServerSideTranslatorPB.submitRequest(OzoneManagerProtocolServerSideTranslatorPB.java:147) [ozone-manager-1.4.0-SNAPSHOT.jar:?]
	at org.apache.hadoop.ozone.protocol.proto.OzoneManagerProtocolProtos$OzoneManagerService$2.callBlockingMethod(OzoneManagerProtocolProtos.java) [ozone-interface-client-1.4.0-SNAPSHOT.jar:?]
	at org.apache.hadoop.ipc.ProtobufRpcEngine$Server.processCall(ProtobufRpcEngine.java:465) [hadoop-common-3.3.4.jar:?]
	at org.apache.hadoop.ipc.ProtobufRpcEngine2$Server$ProtoBufRpcInvoker.call(ProtobufRpcEngine2.java:578) [hadoop-common-3.3.4.jar:?]
	at org.apache.hadoop.ipc.ProtobufRpcEngine2$Server$ProtoBufRpcInvoker.call(ProtobufRpcEngine2.java:556) [hadoop-common-3.3.4.jar:?]
	at org.apache.hadoop.ipc.RPC$Server.call(RPC.java:1093) [hadoop-common-3.3.4.jar:?]
	at org.apache.hadoop.ipc.Server$RpcCall.run(Server.java:1043) [hadoop-common-3.3.4.jar:?]
	at org.apache.hadoop.ipc.Server$RpcCall.run(Server.java:971) [hadoop-common-3.3.4.jar:?]
	at java.security.AccessController.doPrivileged(Native Method) ~[?:1.8.0_352]
	at javax.security.auth.Subject.doAs(Subject.java:422) [?:1.8.0_352]
	at org.apache.hadoop.security.UserGroupInformation.doAs(UserGroupInformation.java:1878) [hadoop-common-3.3.4.jar:?]
	at org.apache.hadoop.ipc.Server$Handler.run(Server.java:2976) [hadoop-common-3.3.4.jar:?]
10:08:17.024 [IPC Server handler 4 on default port 46431] ERROR OMAudit - user=runner | ip=127.0.0.1 | op=GET_FILE_STATUS {volume=volume30750, bucket=bucket79142, key=gdir1/dir3, dataSize=0, replicationConfig=null} | ret=FAILURE
org.apache.hadoop.ozone.om.exceptions.OMException: Unable to get file status: volume: volume30750 bucket: bucket79142 key: gdir1/dir3
	at org.apache.hadoop.ozone.om.KeyManagerImpl.getOzoneFileStatus(KeyManagerImpl.java:1301) ~[ozone-manager-1.4.0-SNAPSHOT.jar:?]
	at org.apache.hadoop.ozone.om.KeyManagerImpl.getFileStatus(KeyManagerImpl.java:1219) ~[ozone-manager-1.4.0-SNAPSHOT.jar:?]
	at org.apache.hadoop.ozone.om.OzoneManager.getFileStatus(OzoneManager.java:3578) ~[ozone-manager-1.4.0-SNAPSHOT.jar:?]
	at org.apache.hadoop.ozone.protocolPB.OzoneManagerRequestHandler.getOzoneFileStatus(OzoneManagerRequestHandler.java:907) ~[ozone-manager-1.4.0-SNAPSHOT.jar:?]
	at org.apache.hadoop.ozone.protocolPB.OzoneManagerRequestHandler.handleReadRequest(OzoneManagerRequestHandler.java:231) ~[ozone-manager-1.4.0-SNAPSHOT.jar:?]
	at org.apache.hadoop.ozone.protocolPB.OzoneManagerProtocolServerSideTranslatorPB.submitReadRequestToOM(OzoneManagerProtocolServerSideTranslatorPB.java:226) ~[ozone-manager-1.4.0-SNAPSHOT.jar:?]
	at org.apache.hadoop.ozone.protocolPB.OzoneManagerProtocolServerSideTranslatorPB.processRequest(OzoneManagerProtocolServerSideTranslatorPB.java:175) ~[ozone-manager-1.4.0-SNAPSHOT.jar:?]
	at org.apache.hadoop.hdds.server.OzoneProtocolMessageDispatcher.processRequest(OzoneProtocolMessageDispatcher.java:87) [hdds-server-framework-1.4.0-SNAPSHOT.jar:?]
	at org.apache.hadoop.ozone.protocolPB.OzoneManagerProtocolServerSideTranslatorPB.submitRequest(OzoneManagerProtocolServerSideTranslatorPB.java:147) [ozone-manager-1.4.0-SNAPSHOT.jar:?]
	at org.apache.hadoop.ozone.protocol.proto.OzoneManagerProtocolProtos$OzoneManagerService$2.callBlockingMethod(OzoneManagerProtocolProtos.java) [ozone-interface-client-1.4.0-SNAPSHOT.jar:?]
	at org.apache.hadoop.ipc.ProtobufRpcEngine$Server.processCall(ProtobufRpcEngine.java:465) [hadoop-common-3.3.4.jar:?]
	at org.apache.hadoop.ipc.ProtobufRpcEngine2$Server$ProtoBufRpcInvoker.call(ProtobufRpcEngine2.java:578) [hadoop-common-3.3.4.jar:?]
	at org.apache.hadoop.ipc.ProtobufRpcEngine2$Server$ProtoBufRpcInvoker.call(ProtobufRpcEngine2.java:556) [hadoop-common-3.3.4.jar:?]
	at org.apache.hadoop.ipc.RPC$Server.call(RPC.java:1093) [hadoop-common-3.3.4.jar:?]
	at org.apache.hadoop.ipc.Server$RpcCall.run(Server.java:1043) [hadoop-common-3.3.4.jar:?]
	at org.apache.hadoop.ipc.Server$RpcCall.run(Server.java:971) [hadoop-common-3.3.4.jar:?]
	at java.security.AccessController.doPrivileged(Native Method) ~[?:1.8.0_352]
	at javax.security.auth.Subject.doAs(Subject.java:422) [?:1.8.0_352]
	at org.apache.hadoop.security.UserGroupInformation.doAs(UserGroupInformation.java:1878) [hadoop-common-3.3.4.jar:?]
	at org.apache.hadoop.ipc.Server$Handler.run(Server.java:2976) [hadoop-common-3.3.4.jar:?]
10:08:17.024 [IPC Server handler 5 on default port 46431] ERROR OMAudit - user=runner | ip=127.0.0.1 | op=GET_FILE_STATUS {volume=volume30750, bucket=bucket79142, key=gdir1/dir3/child, dataSize=0, replicationConfig=null} | ret=FAILURE
org.apache.hadoop.ozone.om.exceptions.OMException: Unable to get file status: volume: volume30750 bucket: bucket79142 key: gdir1/dir3/child
	at org.apache.hadoop.ozone.om.KeyManagerImpl.getOzoneFileStatus(KeyManagerImpl.java:1301) ~[ozone-manager-1.4.0-SNAPSHOT.jar:?]
	at org.apache.hadoop.ozone.om.KeyManagerImpl.getFileStatus(KeyManagerImpl.java:1219) ~[ozone-manager-1.4.0-SNAPSHOT.jar:?]
	at org.apache.hadoop.ozone.om.OzoneManager.getFileStatus(OzoneManager.java:3578) ~[ozone-manager-1.4.0-SNAPSHOT.jar:?]
	at org.apache.hadoop.ozone.protocolPB.OzoneManagerRequestHandler.getOzoneFileStatus(OzoneManagerRequestHandler.java:907) ~[ozone-manager-1.4.0-SNAPSHOT.jar:?]
	at org.apache.hadoop.ozone.protocolPB.OzoneManagerRequestHandler.handleReadRequest(OzoneManagerRequestHandler.java:231) ~[ozone-manager-1.4.0-SNAPSHOT.jar:?]
	at org.apache.hadoop.ozone.protocolPB.OzoneManagerProtocolServerSideTranslatorPB.submitReadRequestToOM(OzoneManagerProtocolServerSideTranslatorPB.java:226) ~[ozone-manager-1.4.0-SNAPSHOT.jar:?]
	at org.apache.hadoop.ozone.protocolPB.OzoneManagerProtocolServerSideTranslatorPB.processRequest(OzoneManagerProtocolServerSideTranslatorPB.java:175) ~[ozone-manager-1.4.0-SNAPSHOT.jar:?]
	at org.apache.hadoop.hdds.server.OzoneProtocolMessageDispatcher.processRequest(OzoneProtocolMessageDispatcher.java:87) [hdds-server-framework-1.4.0-SNAPSHOT.jar:?]
	at org.apache.hadoop.ozone.protocolPB.OzoneManagerProtocolServerSideTranslatorPB.submitRequest(OzoneManagerProtocolServerSideTranslatorPB.java:147) [ozone-manager-1.4.0-SNAPSHOT.jar:?]
	at org.apache.hadoop.ozone.protocol.proto.OzoneManagerProtocolProtos$OzoneManagerService$2.callBlockingMethod(OzoneManagerProtocolProtos.java) [ozone-interface-client-1.4.0-SNAPSHOT.jar:?]
	at org.apache.hadoop.ipc.ProtobufRpcEngine$Server.processCall(ProtobufRpcEngine.java:465) [hadoop-common-3.3.4.jar:?]
	at org.apache.hadoop.ipc.ProtobufRpcEngine2$Server$ProtoBufRpcInvoker.call(ProtobufRpcEngine2.java:578) [hadoop-common-3.3.4.jar:?]
	at org.apache.hadoop.ipc.ProtobufRpcEngine2$Server$ProtoBufRpcInvoker.call(ProtobufRpcEngine2.java:556) [hadoop-common-3.3.4.jar:?]
	at org.apache.hadoop.ipc.RPC$Server.call(RPC.java:1093) [hadoop-common-3.3.4.jar:?]
	at org.apache.hadoop.ipc.Server$RpcCall.run(Server.java:1043) [hadoop-common-3.3.4.jar:?]
	at org.apache.hadoop.ipc.Server$RpcCall.run(Server.java:971) [hadoop-common-3.3.4.jar:?]
	at java.security.AccessController.doPrivileged(Native Method) ~[?:1.8.0_352]
	at javax.security.auth.Subject.doAs(Subject.java:422) [?:1.8.0_352]
	at org.apache.hadoop.security.UserGroupInformation.doAs(UserGroupInformation.java:1878) [hadoop-common-3.3.4.jar:?]
	at org.apache.hadoop.ipc.Server$Handler.run(Server.java:2976) [hadoop-common-3.3.4.jar:?]
10:08:17.025 [IPC Server handler 2 on default port 46431] ERROR OMAudit - user=runner | ip=127.0.0.1 | op=GET_FILE_STATUS {volume=volume30750, bucket=bucket79142, key=gdir1/dir4, dataSize=0, replicationConfig=null} | ret=FAILURE
org.apache.hadoop.ozone.om.exceptions.OMException: Unable to get file status: volume: volume30750 bucket: bucket79142 key: gdir1/dir4
	at org.apache.hadoop.ozone.om.KeyManagerImpl.getOzoneFileStatus(KeyManagerImpl.java:1301) ~[ozone-manager-1.4.0-SNAPSHOT.jar:?]
	at org.apache.hadoop.ozone.om.KeyManagerImpl.getFileStatus(KeyManagerImpl.java:1219) ~[ozone-manager-1.4.0-SNAPSHOT.jar:?]
	at org.apache.hadoop.ozone.om.OzoneManager.getFileStatus(OzoneManager.java:3578) ~[ozone-manager-1.4.0-SNAPSHOT.jar:?]
	at org.apache.hadoop.ozone.protocolPB.OzoneManagerRequestHandler.getOzoneFileStatus(OzoneManagerRequestHandler.java:907) ~[ozone-manager-1.4.0-SNAPSHOT.jar:?]
	at org.apache.hadoop.ozone.protocolPB.OzoneManagerRequestHandler.handleReadRequest(OzoneManagerRequestHandler.java:231) ~[ozone-manager-1.4.0-SNAPSHOT.jar:?]
	at org.apache.hadoop.ozone.protocolPB.OzoneManagerProtocolServerSideTranslatorPB.submitReadRequestToOM(OzoneManagerProtocolServerSideTranslatorPB.java:226) ~[ozone-manager-1.4.0-SNAPSHOT.jar:?]
	at org.apache.hadoop.ozone.protocolPB.OzoneManagerProtocolServerSideTranslatorPB.processRequest(OzoneManagerProtocolServerSideTranslatorPB.java:175) ~[ozone-manager-1.4.0-SNAPSHOT.jar:?]
	at org.apache.hadoop.hdds.server.OzoneProtocolMessageDispatcher.processRequest(OzoneProtocolMessageDispatcher.java:87) [hdds-server-framework-1.4.0-SNAPSHOT.jar:?]
	at org.apache.hadoop.ozone.protocolPB.OzoneManagerProtocolServerSideTranslatorPB.submitRequest(OzoneManagerProtocolServerSideTranslatorPB.java:147) [ozone-manager-1.4.0-SNAPSHOT.jar:?]
	at org.apache.hadoop.ozone.protocol.proto.OzoneManagerProtocolProtos$OzoneManagerService$2.callBlockingMethod(OzoneManagerProtocolProtos.java) [ozone-interface-client-1.4.0-SNAPSHOT.jar:?]
	at org.apache.hadoop.ipc.ProtobufRpcEngine$Server.processCall(ProtobufRpcEngine.java:465) [hadoop-common-3.3.4.jar:?]
	at org.apache.hadoop.ipc.ProtobufRpcEngine2$Server$ProtoBufRpcInvoker.call(ProtobufRpcEngine2.java:578) [hadoop-common-3.3.4.jar:?]
	at org.apache.hadoop.ipc.ProtobufRpcEngine2$Server$ProtoBufRpcInvoker.call(ProtobufRpcEngine2.java:556) [hadoop-common-3.3.4.jar:?]
	at org.apache.hadoop.ipc.RPC$Server.call(RPC.java:1093) [hadoop-common-3.3.4.jar:?]
	at org.apache.hadoop.ipc.Server$RpcCall.run(Server.java:1043) [hadoop-common-3.3.4.jar:?]
	at org.apache.hadoop.ipc.Server$RpcCall.run(Server.java:971) [hadoop-common-3.3.4.jar:?]
	at java.security.AccessController.doPrivileged(Native Method) ~[?:1.8.0_352]
	at javax.security.auth.Subject.doAs(Subject.java:422) [?:1.8.0_352]
	at org.apache.hadoop.security.UserGroupInformation.doAs(UserGroupInformation.java:1878) [hadoop-common-3.3.4.jar:?]
	at org.apache.hadoop.ipc.Server$Handler.run(Server.java:2976) [hadoop-common-3.3.4.jar:?]
10:08:17.026 [IPC Server handler 6 on default port 46431] ERROR OMAudit - user=runner | ip=127.0.0.1 | op=GET_FILE_STATUS {volume=volume30750, bucket=bucket79142, key=gdir1/dir4/child, dataSize=0, replicationConfig=null} | ret=FAILURE
org.apache.hadoop.ozone.om.exceptions.OMException: Unable to get file status: volume: volume30750 bucket: bucket79142 key: gdir1/dir4/child
	at org.apache.hadoop.ozone.om.KeyManagerImpl.getOzoneFileStatus(KeyManagerImpl.java:1301) ~[ozone-manager-1.4.0-SNAPSHOT.jar:?]
	at org.apache.hadoop.ozone.om.KeyManagerImpl.getFileStatus(KeyManagerImpl.java:1219) ~[ozone-manager-1.4.0-SNAPSHOT.jar:?]
	at org.apache.hadoop.ozone.om.OzoneManager.getFileStatus(OzoneManager.java:3578) ~[ozone-manager-1.4.0-SNAPSHOT.jar:?]
	at org.apache.hadoop.ozone.protocolPB.OzoneManagerRequestHandler.getOzoneFileStatus(OzoneManagerRequestHandler.java:907) ~[ozone-manager-1.4.0-SNAPSHOT.jar:?]
	at org.apache.hadoop.ozone.protocolPB.OzoneManagerRequestHandler.handleReadRequest(OzoneManagerRequestHandler.java:231) ~[ozone-manager-1.4.0-SNAPSHOT.jar:?]
	at org.apache.hadoop.ozone.protocolPB.OzoneManagerProtocolServerSideTranslatorPB.submitReadRequestToOM(OzoneManagerProtocolServerSideTranslatorPB.java:226) ~[ozone-manager-1.4.0-SNAPSHOT.jar:?]
	at org.apache.hadoop.ozone.protocolPB.OzoneManagerProtocolServerSideTranslatorPB.processRequest(OzoneManagerProtocolServerSideTranslatorPB.java:175) ~[ozone-manager-1.4.0-SNAPSHOT.jar:?]
	at org.apache.hadoop.hdds.server.OzoneProtocolMessageDispatcher.processRequest(OzoneProtocolMessageDispatcher.java:87) [hdds-server-framework-1.4.0-SNAPSHOT.jar:?]
	at org.apache.hadoop.ozone.protocolPB.OzoneManagerProtocolServerSideTranslatorPB.submitRequest(OzoneManagerProtocolServerSideTranslatorPB.java:147) [ozone-manager-1.4.0-SNAPSHOT.jar:?]
	at org.apache.hadoop.ozone.protocol.proto.OzoneManagerProtocolProtos$OzoneManagerService$2.callBlockingMethod(OzoneManagerProtocolProtos.java) [ozone-interface-client-1.4.0-SNAPSHOT.jar:?]
	at org.apache.hadoop.ipc.ProtobufRpcEngine$Server.processCall(ProtobufRpcEngine.java:465) [hadoop-common-3.3.4.jar:?]
	at org.apache.hadoop.ipc.ProtobufRpcEngine2$Server$ProtoBufRpcInvoker.call(ProtobufRpcEngine2.java:578) [hadoop-common-3.3.4.jar:?]
	at org.apache.hadoop.ipc.ProtobufRpcEngine2$Server$ProtoBufRpcInvoker.call(ProtobufRpcEngine2.java:556) [hadoop-common-3.3.4.jar:?]
	at org.apache.hadoop.ipc.RPC$Server.call(RPC.java:1093) [hadoop-common-3.3.4.jar:?]
	at org.apache.hadoop.ipc.Server$RpcCall.run(Server.java:1043) [hadoop-common-3.3.4.jar:?]
	at org.apache.hadoop.ipc.Server$RpcCall.run(Server.java:971) [hadoop-common-3.3.4.jar:?]
	at java.security.AccessController.doPrivileged(Native Method) ~[?:1.8.0_352]
	at javax.security.auth.Subject.doAs(Subject.java:422) [?:1.8.0_352]
	at org.apache.hadoop.security.UserGroupInformation.doAs(UserGroupInformation.java:1878) [hadoop-common-3.3.4.jar:?]
	at org.apache.hadoop.ipc.Server$Handler.run(Server.java:2976) [hadoop-common-3.3.4.jar:?]
10:08:17.026 [IPC Server handler 7 on default port 46431] ERROR OMAudit - user=runner | ip=127.0.0.1 | op=GET_FILE_STATUS {volume=volume30750, bucket=bucket79142, key=gdir1/dir5, dataSize=0, replicationConfig=null} | ret=FAILURE
org.apache.hadoop.ozone.om.exceptions.OMException: Unable to get file status: volume: volume30750 bucket: bucket79142 key: gdir1/dir5
	at org.apache.hadoop.ozone.om.KeyManagerImpl.getOzoneFileStatus(KeyManagerImpl.java:1301) ~[ozone-manager-1.4.0-SNAPSHOT.jar:?]
	at org.apache.hadoop.ozone.om.KeyManagerImpl.getFileStatus(KeyManagerImpl.java:1219) ~[ozone-manager-1.4.0-SNAPSHOT.jar:?]
	at org.apache.hadoop.ozone.om.OzoneManager.getFileStatus(OzoneManager.java:3578) ~[ozone-manager-1.4.0-SNAPSHOT.jar:?]
	at org.apache.hadoop.ozone.protocolPB.OzoneManagerRequestHandler.getOzoneFileStatus(OzoneManagerRequestHandler.java:907) ~[ozone-manager-1.4.0-SNAPSHOT.jar:?]
	at org.apache.hadoop.ozone.protocolPB.OzoneManagerRequestHandler.handleReadRequest(OzoneManagerRequestHandler.java:231) ~[ozone-manager-1.4.0-SNAPSHOT.jar:?]
	at org.apache.hadoop.ozone.protocolPB.OzoneManagerProtocolServerSideTranslatorPB.submitReadRequestToOM(OzoneManagerProtocolServerSideTranslatorPB.java:226) ~[ozone-manager-1.4.0-SNAPSHOT.jar:?]
	at org.apache.hadoop.ozone.protocolPB.OzoneManagerProtocolServerSideTranslatorPB.processRequest(OzoneManagerProtocolServerSideTranslatorPB.java:175) ~[ozone-manager-1.4.0-SNAPSHOT.jar:?]
	at org.apache.hadoop.hdds.server.OzoneProtocolMessageDispatcher.processRequest(OzoneProtocolMessageDispatcher.java:87) [hdds-server-framework-1.4.0-SNAPSHOT.jar:?]
	at org.apache.hadoop.ozone.protocolPB.OzoneManagerProtocolServerSideTranslatorPB.submitRequest(OzoneManagerProtocolServerSideTranslatorPB.java:147) [ozone-manager-1.4.0-SNAPSHOT.jar:?]
	at org.apache.hadoop.ozone.protocol.proto.OzoneManagerProtocolProtos$OzoneManagerService$2.callBlockingMethod(OzoneManagerProtocolProtos.java) [ozone-interface-client-1.4.0-SNAPSHOT.jar:?]
	at org.apache.hadoop.ipc.ProtobufRpcEngine$Server.processCall(ProtobufRpcEngine.java:465) [hadoop-common-3.3.4.jar:?]
	at org.apache.hadoop.ipc.ProtobufRpcEngine2$Server$ProtoBufRpcInvoker.call(ProtobufRpcEngine2.java:578) [hadoop-common-3.3.4.jar:?]
	at org.apache.hadoop.ipc.ProtobufRpcEngine2$Server$ProtoBufRpcInvoker.call(ProtobufRpcEngine2.java:556) [hadoop-common-3.3.4.jar:?]
	at org.apache.hadoop.ipc.RPC$Server.call(RPC.java:1093) [hadoop-common-3.3.4.jar:?]
	at org.apache.hadoop.ipc.Server$RpcCall.run(Server.java:1043) [hadoop-common-3.3.4.jar:?]
	at org.apache.hadoop.ipc.Server$RpcCall.run(Server.java:971) [hadoop-common-3.3.4.jar:?]
	at java.security.AccessController.doPrivileged(Native Method) ~[?:1.8.0_352]
	at javax.security.auth.Subject.doAs(Subject.java:422) [?:1.8.0_352]
	at org.apache.hadoop.security.UserGroupInformation.doAs(UserGroupInformation.java:1878) [hadoop-common-3.3.4.jar:?]
	at org.apache.hadoop.ipc.Server$Handler.run(Server.java:2976) [hadoop-common-3.3.4.jar:?]
10:08:17.027 [IPC Server handler 8 on default port 46431] ERROR OMAudit - user=runner | ip=127.0.0.1 | op=GET_FILE_STATUS {volume=volume30750, bucket=bucket79142, key=gdir1/dir5/child, dataSize=0, replicationConfig=null} | ret=FAILURE
org.apache.hadoop.ozone.om.exceptions.OMException: Unable to get file status: volume: volume30750 bucket: bucket79142 key: gdir1/dir5/child
	at org.apache.hadoop.ozone.om.KeyManagerImpl.getOzoneFileStatus(KeyManagerImpl.java:1301) ~[ozone-manager-1.4.0-SNAPSHOT.jar:?]
	at org.apache.hadoop.ozone.om.KeyManagerImpl.getFileStatus(KeyManagerImpl.java:1219) ~[ozone-manager-1.4.0-SNAPSHOT.jar:?]
	at org.apache.hadoop.ozone.om.OzoneManager.getFileStatus(OzoneManager.java:3578) ~[ozone-manager-1.4.0-SNAPSHOT.jar:?]
	at org.apache.hadoop.ozone.protocolPB.OzoneManagerRequestHandler.getOzoneFileStatus(OzoneManagerRequestHandler.java:907) ~[ozone-manager-1.4.0-SNAPSHOT.jar:?]
	at org.apache.hadoop.ozone.protocolPB.OzoneManagerRequestHandler.handleReadRequest(OzoneManagerRequestHandler.java:231) ~[ozone-manager-1.4.0-SNAPSHOT.jar:?]
	at org.apache.hadoop.ozone.protocolPB.OzoneManagerProtocolServerSideTranslatorPB.submitReadRequestToOM(OzoneManagerProtocolServerSideTranslatorPB.java:226) ~[ozone-manager-1.4.0-SNAPSHOT.jar:?]
	at org.apache.hadoop.ozone.protocolPB.OzoneManagerProtocolServerSideTranslatorPB.processRequest(OzoneManagerProtocolServerSideTranslatorPB.java:175) ~[ozone-manager-1.4.0-SNAPSHOT.jar:?]
	at org.apache.hadoop.hdds.server.OzoneProtocolMessageDispatcher.processRequest(OzoneProtocolMessageDispatcher.java:87) [hdds-server-framework-1.4.0-SNAPSHOT.jar:?]
	at org.apache.hadoop.ozone.protocolPB.OzoneManagerProtocolServerSideTranslatorPB.submitRequest(OzoneManagerProtocolServerSideTranslatorPB.java:147) [ozone-manager-1.4.0-SNAPSHOT.jar:?]
	at org.apache.hadoop.ozone.protocol.proto.OzoneManagerProtocolProtos$OzoneManagerService$2.callBlockingMethod(OzoneManagerProtocolProtos.java) [ozone-interface-client-1.4.0-SNAPSHOT.jar:?]
	at org.apache.hadoop.ipc.ProtobufRpcEngine$Server.processCall(ProtobufRpcEngine.java:465) [hadoop-common-3.3.4.jar:?]
	at org.apache.hadoop.ipc.ProtobufRpcEngine2$Server$ProtoBufRpcInvoker.call(ProtobufRpcEngine2.java:578) [hadoop-common-3.3.4.jar:?]
	at org.apache.hadoop.ipc.ProtobufRpcEngine2$Server$ProtoBufRpcInvoker.call(ProtobufRpcEngine2.java:556) [hadoop-common-3.3.4.jar:?]
	at org.apache.hadoop.ipc.RPC$Server.call(RPC.java:1093) [hadoop-common-3.3.4.jar:?]
	at org.apache.hadoop.ipc.Server$RpcCall.run(Server.java:1043) [hadoop-common-3.3.4.jar:?]
	at org.apache.hadoop.ipc.Server$RpcCall.run(Server.java:971) [hadoop-common-3.3.4.jar:?]
	at java.security.AccessController.doPrivileged(Native Method) ~[?:1.8.0_352]
	at javax.security.auth.Subject.doAs(Subject.java:422) [?:1.8.0_352]
	at org.apache.hadoop.security.UserGroupInformation.doAs(UserGroupInformation.java:1878) [hadoop-common-3.3.4.jar:?]
	at org.apache.hadoop.ipc.Server$Handler.run(Server.java:2976) [hadoop-common-3.3.4.jar:?]
10:08:17.027 [IPC Server handler 9 on default port 46431] ERROR OMAudit - user=runner | ip=127.0.0.1 | op=GET_FILE_STATUS {volume=volume30750, bucket=bucket79142, key=gdir1/dir6, dataSize=0, replicationConfig=null} | ret=FAILURE
org.apache.hadoop.ozone.om.exceptions.OMException: Unable to get file status: volume: volume30750 bucket: bucket79142 key: gdir1/dir6
	at org.apache.hadoop.ozone.om.KeyManagerImpl.getOzoneFileStatus(KeyManagerImpl.java:1301) ~[ozone-manager-1.4.0-SNAPSHOT.jar:?]
	at org.apache.hadoop.ozone.om.KeyManagerImpl.getFileStatus(KeyManagerImpl.java:1219) ~[ozone-manager-1.4.0-SNAPSHOT.jar:?]
	at org.apache.hadoop.ozone.om.OzoneManager.getFileStatus(OzoneManager.java:3578) ~[ozone-manager-1.4.0-SNAPSHOT.jar:?]
	at org.apache.hadoop.ozone.protocolPB.OzoneManagerRequestHandler.getOzoneFileStatus(OzoneManagerRequestHandler.java:907) ~[ozone-manager-1.4.0-SNAPSHOT.jar:?]
	at org.apache.hadoop.ozone.protocolPB.OzoneManagerRequestHandler.handleReadRequest(OzoneManagerRequestHandler.java:231) ~[ozone-manager-1.4.0-SNAPSHOT.jar:?]
	at org.apache.hadoop.ozone.protocolPB.OzoneManagerProtocolServerSideTranslatorPB.submitReadRequestToOM(OzoneManagerProtocolServerSideTranslatorPB.java:226) ~[ozone-manager-1.4.0-SNAPSHOT.jar:?]
	at org.apache.hadoop.ozone.protocolPB.OzoneManagerProtocolServerSideTranslatorPB.processRequest(OzoneManagerProtocolServerSideTranslatorPB.java:175) ~[ozone-manager-1.4.0-SNAPSHOT.jar:?]
	at org.apache.hadoop.hdds.server.OzoneProtocolMessageDispatcher.processRequest(OzoneProtocolMessageDispatcher.java:87) [hdds-server-framework-1.4.0-SNAPSHOT.jar:?]
	at org.apache.hadoop.ozone.protocolPB.OzoneManagerProtocolServerSideTranslatorPB.submitRequest(OzoneManagerProtocolServerSideTranslatorPB.java:147) [ozone-manager-1.4.0-SNAPSHOT.jar:?]
	at org.apache.hadoop.ozone.protocol.proto.OzoneManagerProtocolProtos$OzoneManagerService$2.callBlockingMethod(OzoneManagerProtocolProtos.java) [ozone-interface-client-1.4.0-SNAPSHOT.jar:?]
	at org.apache.hadoop.ipc.ProtobufRpcEngine$Server.processCall(ProtobufRpcEngine.java:465) [hadoop-common-3.3.4.jar:?]
	at org.apache.hadoop.ipc.ProtobufRpcEngine2$Server$ProtoBufRpcInvoker.call(ProtobufRpcEngine2.java:578) [hadoop-common-3.3.4.jar:?]
	at org.apache.hadoop.ipc.ProtobufRpcEngine2$Server$ProtoBufRpcInvoker.call(ProtobufRpcEngine2.java:556) [hadoop-common-3.3.4.jar:?]
	at org.apache.hadoop.ipc.RPC$Server.call(RPC.java:1093) [hadoop-common-3.3.4.jar:?]
	at org.apache.hadoop.ipc.Server$RpcCall.run(Server.java:1043) [hadoop-common-3.3.4.jar:?]
	at org.apache.hadoop.ipc.Server$RpcCall.run(Server.java:971) [hadoop-common-3.3.4.jar:?]
	at java.security.AccessController.doPrivileged(Native Method) ~[?:1.8.0_352]
	at javax.security.auth.Subject.doAs(Subject.java:422) [?:1.8.0_352]
	at org.apache.hadoop.security.UserGroupInformation.doAs(UserGroupInformation.java:1878) [hadoop-common-3.3.4.jar:?]
	at org.apache.hadoop.ipc.Server$Handler.run(Server.java:2976) [hadoop-common-3.3.4.jar:?]
10:08:17.028 [IPC Server handler 10 on default port 46431] ERROR OMAudit - user=runner | ip=127.0.0.1 | op=GET_FILE_STATUS {volume=volume30750, bucket=bucket79142, key=gdir1/dir6/child, dataSize=0, replicationConfig=null} | ret=FAILURE
org.apache.hadoop.ozone.om.exceptions.OMException: Unable to get file status: volume: volume30750 bucket: bucket79142 key: gdir1/dir6/child
	at org.apache.hadoop.ozone.om.KeyManagerImpl.getOzoneFileStatus(KeyManagerImpl.java:1301) ~[ozone-manager-1.4.0-SNAPSHOT.jar:?]
	at org.apache.hadoop.ozone.om.KeyManagerImpl.getFileStatus(KeyManagerImpl.java:1219) ~[ozone-manager-1.4.0-SNAPSHOT.jar:?]
	at org.apache.hadoop.ozone.om.OzoneManager.getFileStatus(OzoneManager.java:3578) ~[ozone-manager-1.4.0-SNAPSHOT.jar:?]
	at org.apache.hadoop.ozone.protocolPB.OzoneManagerRequestHandler.getOzoneFileStatus(OzoneManagerRequestHandler.java:907) ~[ozone-manager-1.4.0-SNAPSHOT.jar:?]
	at org.apache.hadoop.ozone.protocolPB.OzoneManagerRequestHandler.handleReadRequest(OzoneManagerRequestHandler.java:231) ~[ozone-manager-1.4.0-SNAPSHOT.jar:?]
	at org.apache.hadoop.ozone.protocolPB.OzoneManagerProtocolServerSideTranslatorPB.submitReadRequestToOM(OzoneManagerProtocolServerSideTranslatorPB.java:226) ~[ozone-manager-1.4.0-SNAPSHOT.jar:?]
	at org.apache.hadoop.ozone.protocolPB.OzoneManagerProtocolServerSideTranslatorPB.processRequest(OzoneManagerProtocolServerSideTranslatorPB.java:175) ~[ozone-manager-1.4.0-SNAPSHOT.jar:?]
	at org.apache.hadoop.hdds.server.OzoneProtocolMessageDispatcher.processRequest(OzoneProtocolMessageDispatcher.java:87) [hdds-server-framework-1.4.0-SNAPSHOT.jar:?]
	at org.apache.hadoop.ozone.protocolPB.OzoneManagerProtocolServerSideTranslatorPB.submitRequest(OzoneManagerProtocolServerSideTranslatorPB.java:147) [ozone-manager-1.4.0-SNAPSHOT.jar:?]
	at org.apache.hadoop.ozone.protocol.proto.OzoneManagerProtocolProtos$OzoneManagerService$2.callBlockingMethod(OzoneManagerProtocolProtos.java) [ozone-interface-client-1.4.0-SNAPSHOT.jar:?]
	at org.apache.hadoop.ipc.ProtobufRpcEngine$Server.processCall(ProtobufRpcEngine.java:465) [hadoop-common-3.3.4.jar:?]
	at org.apache.hadoop.ipc.ProtobufRpcEngine2$Server$ProtoBufRpcInvoker.call(ProtobufRpcEngine2.java:578) [hadoop-common-3.3.4.jar:?]
	at org.apache.hadoop.ipc.ProtobufRpcEngine2$Server$ProtoBufRpcInvoker.call(ProtobufRpcEngine2.java:556) [hadoop-common-3.3.4.jar:?]
	at org.apache.hadoop.ipc.RPC$Server.call(RPC.java:1093) [hadoop-common-3.3.4.jar:?]
	at org.apache.hadoop.ipc.Server$RpcCall.run(Server.java:1043) [hadoop-common-3.3.4.jar:?]
	at org.apache.hadoop.ipc.Server$RpcCall.run(Server.java:971) [hadoop-common-3.3.4.jar:?]
	at java.security.AccessController.doPrivileged(Native Method) ~[?:1.8.0_352]
	at javax.security.auth.Subject.doAs(Subject.java:422) [?:1.8.0_352]
	at org.apache.hadoop.security.UserGroupInformation.doAs(UserGroupInformation.java:1878) [hadoop-common-3.3.4.jar:?]
	at org.apache.hadoop.ipc.Server$Handler.run(Server.java:2976) [hadoop-common-3.3.4.jar:?]
10:08:17.028 [IPC Server handler 11 on default port 46431] ERROR OMAudit - user=runner | ip=127.0.0.1 | op=GET_FILE_STATUS {volume=volume30750, bucket=bucket79142, key=gdir1/dir7, dataSize=0, replicationConfig=null} | ret=FAILURE
org.apache.hadoop.ozone.om.exceptions.OMException: Unable to get file status: volume: volume30750 bucket: bucket79142 key: gdir1/dir7
	at org.apache.hadoop.ozone.om.KeyManagerImpl.getOzoneFileStatus(KeyManagerImpl.java:1301) ~[ozone-manager-1.4.0-SNAPSHOT.jar:?]
	at org.apache.hadoop.ozone.om.KeyManagerImpl.getFileStatus(KeyManagerImpl.java:1219) ~[ozone-manager-1.4.0-SNAPSHOT.jar:?]
	at org.apache.hadoop.ozone.om.OzoneManager.getFileStatus(OzoneManager.java:3578) ~[ozone-manager-1.4.0-SNAPSHOT.jar:?]
	at org.apache.hadoop.ozone.protocolPB.OzoneManagerRequestHandler.getOzoneFileStatus(OzoneManagerRequestHandler.java:907) ~[ozone-manager-1.4.0-SNAPSHOT.jar:?]
	at org.apache.hadoop.ozone.protocolPB.OzoneManagerRequestHandler.handleReadRequest(OzoneManagerRequestHandler.java:231) ~[ozone-manager-1.4.0-SNAPSHOT.jar:?]
	at org.apache.hadoop.ozone.protocolPB.OzoneManagerProtocolServerSideTranslatorPB.submitReadRequestToOM(OzoneManagerProtocolServerSideTranslatorPB.java:226) ~[ozone-manager-1.4.0-SNAPSHOT.jar:?]
	at org.apache.hadoop.ozone.protocolPB.OzoneManagerProtocolServerSideTranslatorPB.processRequest(OzoneManagerProtocolServerSideTranslatorPB.java:175) ~[ozone-manager-1.4.0-SNAPSHOT.jar:?]
	at org.apache.hadoop.hdds.server.OzoneProtocolMessageDispatcher.processRequest(OzoneProtocolMessageDispatcher.java:87) [hdds-server-framework-1.4.0-SNAPSHOT.jar:?]
	at org.apache.hadoop.ozone.protocolPB.OzoneManagerProtocolServerSideTranslatorPB.submitRequest(OzoneManagerProtocolServerSideTranslatorPB.java:147) [ozone-manager-1.4.0-SNAPSHOT.jar:?]
	at org.apache.hadoop.ozone.protocol.proto.OzoneManagerProtocolProtos$OzoneManagerService$2.callBlockingMethod(OzoneManagerProtocolProtos.java) [ozone-interface-client-1.4.0-SNAPSHOT.jar:?]
	at org.apache.hadoop.ipc.ProtobufRpcEngine$Server.processCall(ProtobufRpcEngine.java:465) [hadoop-common-3.3.4.jar:?]
	at org.apache.hadoop.ipc.ProtobufRpcEngine2$Server$ProtoBufRpcInvoker.call(ProtobufRpcEngine2.java:578) [hadoop-common-3.3.4.jar:?]
	at org.apache.hadoop.ipc.ProtobufRpcEngine2$Server$ProtoBufRpcInvoker.call(ProtobufRpcEngine2.java:556) [hadoop-common-3.3.4.jar:?]
	at org.apache.hadoop.ipc.RPC$Server.call(RPC.java:1093) [hadoop-common-3.3.4.jar:?]
	at org.apache.hadoop.ipc.Server$RpcCall.run(Server.java:1043) [hadoop-common-3.3.4.jar:?]
	at org.apache.hadoop.ipc.Server$RpcCall.run(Server.java:971) [hadoop-common-3.3.4.jar:?]
	at java.security.AccessController.doPrivileged(Native Method) ~[?:1.8.0_352]
	at javax.security.auth.Subject.doAs(Subject.java:422) [?:1.8.0_352]
	at org.apache.hadoop.security.UserGroupInformation.doAs(UserGroupInformation.java:1878) [hadoop-common-3.3.4.jar:?]
	at org.apache.hadoop.ipc.Server$Handler.run(Server.java:2976) [hadoop-common-3.3.4.jar:?]
10:08:17.029 [IPC Server handler 12 on default port 46431] ERROR OMAudit - user=runner | ip=127.0.0.1 | op=GET_FILE_STATUS {volume=volume30750, bucket=bucket79142, key=gdir1/dir7/child, dataSize=0, replicationConfig=null} | ret=FAILURE
org.apache.hadoop.ozone.om.exceptions.OMException: Unable to get file status: volume: volume30750 bucket: bucket79142 key: gdir1/dir7/child
	at org.apache.hadoop.ozone.om.KeyManagerImpl.getOzoneFileStatus(KeyManagerImpl.java:1301) ~[ozone-manager-1.4.0-SNAPSHOT.jar:?]
	at org.apache.hadoop.ozone.om.KeyManagerImpl.getFileStatus(KeyManagerImpl.java:1219) ~[ozone-manager-1.4.0-SNAPSHOT.jar:?]
	at org.apache.hadoop.ozone.om.OzoneManager.getFileStatus(OzoneManager.java:3578) ~[ozone-manager-1.4.0-SNAPSHOT.jar:?]
	at org.apache.hadoop.ozone.protocolPB.OzoneManagerRequestHandler.getOzoneFileStatus(OzoneManagerRequestHandler.java:907) ~[ozone-manager-1.4.0-SNAPSHOT.jar:?]
	at org.apache.hadoop.ozone.protocolPB.OzoneManagerRequestHandler.handleReadRequest(OzoneManagerRequestHandler.java:231) ~[ozone-manager-1.4.0-SNAPSHOT.jar:?]
	at org.apache.hadoop.ozone.protocolPB.OzoneManagerProtocolServerSideTranslatorPB.submitReadRequestToOM(OzoneManagerProtocolServerSideTranslatorPB.java:226) ~[ozone-manager-1.4.0-SNAPSHOT.jar:?]
	at org.apache.hadoop.ozone.protocolPB.OzoneManagerProtocolServerSideTranslatorPB.processRequest(OzoneManagerProtocolServerSideTranslatorPB.java:175) ~[ozone-manager-1.4.0-SNAPSHOT.jar:?]
	at org.apache.hadoop.hdds.server.OzoneProtocolMessageDispatcher.processRequest(OzoneProtocolMessageDispatcher.java:87) [hdds-server-framework-1.4.0-SNAPSHOT.jar:?]
	at org.apache.hadoop.ozone.protocolPB.OzoneManagerProtocolServerSideTranslatorPB.submitRequest(OzoneManagerProtocolServerSideTranslatorPB.java:147) [ozone-manager-1.4.0-SNAPSHOT.jar:?]
	at org.apache.hadoop.ozone.protocol.proto.OzoneManagerProtocolProtos$OzoneManagerService$2.callBlockingMethod(OzoneManagerProtocolProtos.java) [ozone-interface-client-1.4.0-SNAPSHOT.jar:?]
	at org.apache.hadoop.ipc.ProtobufRpcEngine$Server.processCall(ProtobufRpcEngine.java:465) [hadoop-common-3.3.4.jar:?]
	at org.apache.hadoop.ipc.ProtobufRpcEngine2$Server$ProtoBufRpcInvoker.call(ProtobufRpcEngine2.java:578) [hadoop-common-3.3.4.jar:?]
	at org.apache.hadoop.ipc.ProtobufRpcEngine2$Server$ProtoBufRpcInvoker.call(ProtobufRpcEngine2.java:556) [hadoop-common-3.3.4.jar:?]
	at org.apache.hadoop.ipc.RPC$Server.call(RPC.java:1093) [hadoop-common-3.3.4.jar:?]
	at org.apache.hadoop.ipc.Server$RpcCall.run(Server.java:1043) [hadoop-common-3.3.4.jar:?]
	at org.apache.hadoop.ipc.Server$RpcCall.run(Server.java:971) [hadoop-common-3.3.4.jar:?]
	at java.security.AccessController.doPrivileged(Native Method) ~[?:1.8.0_352]
	at javax.security.auth.Subject.doAs(Subject.java:422) [?:1.8.0_352]
	at org.apache.hadoop.security.UserGroupInformation.doAs(UserGroupInformation.java:1878) [hadoop-common-3.3.4.jar:?]
	at org.apache.hadoop.ipc.Server$Handler.run(Server.java:2976) [hadoop-common-3.3.4.jar:?]
10:08:17.030 [IPC Server handler 13 on default port 46431] ERROR OMAudit - user=runner | ip=127.0.0.1 | op=GET_FILE_STATUS {volume=volume30750, bucket=bucket79142, key=gdir1/dir8, dataSize=0, replicationConfig=null} | ret=FAILURE
org.apache.hadoop.ozone.om.exceptions.OMException: Unable to get file status: volume: volume30750 bucket: bucket79142 key: gdir1/dir8
	at org.apache.hadoop.ozone.om.KeyManagerImpl.getOzoneFileStatus(KeyManagerImpl.java:1301) ~[ozone-manager-1.4.0-SNAPSHOT.jar:?]
	at org.apache.hadoop.ozone.om.KeyManagerImpl.getFileStatus(KeyManagerImpl.java:1219) ~[ozone-manager-1.4.0-SNAPSHOT.jar:?]
	at org.apache.hadoop.ozone.om.OzoneManager.getFileStatus(OzoneManager.java:3578) ~[ozone-manager-1.4.0-SNAPSHOT.jar:?]
	at org.apache.hadoop.ozone.protocolPB.OzoneManagerRequestHandler.getOzoneFileStatus(OzoneManagerRequestHandler.java:907) ~[ozone-manager-1.4.0-SNAPSHOT.jar:?]
	at org.apache.hadoop.ozone.protocolPB.OzoneManagerRequestHandler.handleReadRequest(OzoneManagerRequestHandler.java:231) ~[ozone-manager-1.4.0-SNAPSHOT.jar:?]
	at org.apache.hadoop.ozone.protocolPB.OzoneManagerProtocolServerSideTranslatorPB.submitReadRequestToOM(OzoneManagerProtocolServerSideTranslatorPB.java:226) ~[ozone-manager-1.4.0-SNAPSHOT.jar:?]
	at org.apache.hadoop.ozone.protocolPB.OzoneManagerProtocolServerSideTranslatorPB.processRequest(OzoneManagerProtocolServerSideTranslatorPB.java:175) ~[ozone-manager-1.4.0-SNAPSHOT.jar:?]
	at org.apache.hadoop.hdds.server.OzoneProtocolMessageDispatcher.processRequest(OzoneProtocolMessageDispatcher.java:87) [hdds-server-framework-1.4.0-SNAPSHOT.jar:?]
	at org.apache.hadoop.ozone.protocolPB.OzoneManagerProtocolServerSideTranslatorPB.submitRequest(OzoneManagerProtocolServerSideTranslatorPB.java:147) [ozone-manager-1.4.0-SNAPSHOT.jar:?]
	at org.apache.hadoop.ozone.protocol.proto.OzoneManagerProtocolProtos$OzoneManagerService$2.callBlockingMethod(OzoneManagerProtocolProtos.java) [ozone-interface-client-1.4.0-SNAPSHOT.jar:?]
	at org.apache.hadoop.ipc.ProtobufRpcEngine$Server.processCall(ProtobufRpcEngine.java:465) [hadoop-common-3.3.4.jar:?]
	at org.apache.hadoop.ipc.ProtobufRpcEngine2$Server$ProtoBufRpcInvoker.call(ProtobufRpcEngine2.java:578) [hadoop-common-3.3.4.jar:?]
	at org.apache.hadoop.ipc.ProtobufRpcEngine2$Server$ProtoBufRpcInvoker.call(ProtobufRpcEngine2.java:556) [hadoop-common-3.3.4.jar:?]
	at org.apache.hadoop.ipc.RPC$Server.call(RPC.java:1093) [hadoop-common-3.3.4.jar:?]
	at org.apache.hadoop.ipc.Server$RpcCall.run(Server.java:1043) [hadoop-common-3.3.4.jar:?]
	at org.apache.hadoop.ipc.Server$RpcCall.run(Server.java:971) [hadoop-common-3.3.4.jar:?]
	at java.security.AccessController.doPrivileged(Native Method) ~[?:1.8.0_352]
	at javax.security.auth.Subject.doAs(Subject.java:422) [?:1.8.0_352]
	at org.apache.hadoop.security.UserGroupInformation.doAs(UserGroupInformation.java:1878) [hadoop-common-3.3.4.jar:?]
	at org.apache.hadoop.ipc.Server$Handler.run(Server.java:2976) [hadoop-common-3.3.4.jar:?]
10:08:17.031 [IPC Server handler 14 on default port 46431] ERROR OMAudit - user=runner | ip=127.0.0.1 | op=GET_FILE_STATUS {volume=volume30750, bucket=bucket79142, key=gdir1/dir8/child, dataSize=0, replicationConfig=null} | ret=FAILURE
org.apache.hadoop.ozone.om.exceptions.OMException: Unable to get file status: volume: volume30750 bucket: bucket79142 key: gdir1/dir8/child
	at org.apache.hadoop.ozone.om.KeyManagerImpl.getOzoneFileStatus(KeyManagerImpl.java:1301) ~[ozone-manager-1.4.0-SNAPSHOT.jar:?]
	at org.apache.hadoop.ozone.om.KeyManagerImpl.getFileStatus(KeyManagerImpl.java:1219) ~[ozone-manager-1.4.0-SNAPSHOT.jar:?]
	at org.apache.hadoop.ozone.om.OzoneManager.getFileStatus(OzoneManager.java:3578) ~[ozone-manager-1.4.0-SNAPSHOT.jar:?]
	at org.apache.hadoop.ozone.protocolPB.OzoneManagerRequestHandler.getOzoneFileStatus(OzoneManagerRequestHandler.java:907) ~[ozone-manager-1.4.0-SNAPSHOT.jar:?]
	at org.apache.hadoop.ozone.protocolPB.OzoneManagerRequestHandler.handleReadRequest(OzoneManagerRequestHandler.java:231) ~[ozone-manager-1.4.0-SNAPSHOT.jar:?]
	at org.apache.hadoop.ozone.protocolPB.OzoneManagerProtocolServerSideTranslatorPB.submitReadRequestToOM(OzoneManagerProtocolServerSideTranslatorPB.java:226) ~[ozone-manager-1.4.0-SNAPSHOT.jar:?]
	at org.apache.hadoop.ozone.protocolPB.OzoneManagerProtocolServerSideTranslatorPB.processRequest(OzoneManagerProtocolServerSideTranslatorPB.java:175) ~[ozone-manager-1.4.0-SNAPSHOT.jar:?]
	at org.apache.hadoop.hdds.server.OzoneProtocolMessageDispatcher.processRequest(OzoneProtocolMessageDispatcher.java:87) [hdds-server-framework-1.4.0-SNAPSHOT.jar:?]
	at org.apache.hadoop.ozone.protocolPB.OzoneManagerProtocolServerSideTranslatorPB.submitRequest(OzoneManagerProtocolServerSideTranslatorPB.java:147) [ozone-manager-1.4.0-SNAPSHOT.jar:?]
	at org.apache.hadoop.ozone.protocol.proto.OzoneManagerProtocolProtos$OzoneManagerService$2.callBlockingMethod(OzoneManagerProtocolProtos.java) [ozone-interface-client-1.4.0-SNAPSHOT.jar:?]
	at org.apache.hadoop.ipc.ProtobufRpcEngine$Server.processCall(ProtobufRpcEngine.java:465) [hadoop-common-3.3.4.jar:?]
	at org.apache.hadoop.ipc.ProtobufRpcEngine2$Server$ProtoBufRpcInvoker.call(ProtobufRpcEngine2.java:578) [hadoop-common-3.3.4.jar:?]
	at org.apache.hadoop.ipc.ProtobufRpcEngine2$Server$ProtoBufRpcInvoker.call(ProtobufRpcEngine2.java:556) [hadoop-common-3.3.4.jar:?]
	at org.apache.hadoop.ipc.RPC$Server.call(RPC.java:1093) [hadoop-common-3.3.4.jar:?]
	at org.apache.hadoop.ipc.Server$RpcCall.run(Server.java:1043) [hadoop-common-3.3.4.jar:?]
	at org.apache.hadoop.ipc.Server$RpcCall.run(Server.java:971) [hadoop-common-3.3.4.jar:?]
	at java.security.AccessController.doPrivileged(Native Method) ~[?:1.8.0_352]
	at javax.security.auth.Subject.doAs(Subject.java:422) [?:1.8.0_352]
	at org.apache.hadoop.security.UserGroupInformation.doAs(UserGroupInformation.java:1878) [hadoop-common-3.3.4.jar:?]
	at org.apache.hadoop.ipc.Server$Handler.run(Server.java:2976) [hadoop-common-3.3.4.jar:?]
10:08:17.031 [IPC Server handler 15 on default port 46431] ERROR OMAudit - user=runner | ip=127.0.0.1 | op=GET_FILE_STATUS {volume=volume30750, bucket=bucket79142, key=gdir1/dir9, dataSize=0, replicationConfig=null} | ret=FAILURE
org.apache.hadoop.ozone.om.exceptions.OMException: Unable to get file status: volume: volume30750 bucket: bucket79142 key: gdir1/dir9
	at org.apache.hadoop.ozone.om.KeyManagerImpl.getOzoneFileStatus(KeyManagerImpl.java:1301) ~[ozone-manager-1.4.0-SNAPSHOT.jar:?]
	at org.apache.hadoop.ozone.om.KeyManagerImpl.getFileStatus(KeyManagerImpl.java:1219) ~[ozone-manager-1.4.0-SNAPSHOT.jar:?]
	at org.apache.hadoop.ozone.om.OzoneManager.getFileStatus(OzoneManager.java:3578) ~[ozone-manager-1.4.0-SNAPSHOT.jar:?]
	at org.apache.hadoop.ozone.protocolPB.OzoneManagerRequestHandler.getOzoneFileStatus(OzoneManagerRequestHandler.java:907) ~[ozone-manager-1.4.0-SNAPSHOT.jar:?]
	at org.apache.hadoop.ozone.protocolPB.OzoneManagerRequestHandler.handleReadRequest(OzoneManagerRequestHandler.java:231) ~[ozone-manager-1.4.0-SNAPSHOT.jar:?]
	at org.apache.hadoop.ozone.protocolPB.OzoneManagerProtocolServerSideTranslatorPB.submitReadRequestToOM(OzoneManagerProtocolServerSideTranslatorPB.java:226) ~[ozone-manager-1.4.0-SNAPSHOT.jar:?]
	at org.apache.hadoop.ozone.protocolPB.OzoneManagerProtocolServerSideTranslatorPB.processRequest(OzoneManagerProtocolServerSideTranslatorPB.java:175) ~[ozone-manager-1.4.0-SNAPSHOT.jar:?]
	at org.apache.hadoop.hdds.server.OzoneProtocolMessageDispatcher.processRequest(OzoneProtocolMessageDispatcher.java:87) [hdds-server-framework-1.4.0-SNAPSHOT.jar:?]
	at org.apache.hadoop.ozone.protocolPB.OzoneManagerProtocolServerSideTranslatorPB.submitRequest(OzoneManagerProtocolServerSideTranslatorPB.java:147) [ozone-manager-1.4.0-SNAPSHOT.jar:?]
	at org.apache.hadoop.ozone.protocol.proto.OzoneManagerProtocolProtos$OzoneManagerService$2.callBlockingMethod(OzoneManagerProtocolProtos.java) [ozone-interface-client-1.4.0-SNAPSHOT.jar:?]
	at org.apache.hadoop.ipc.ProtobufRpcEngine$Server.processCall(ProtobufRpcEngine.java:465) [hadoop-common-3.3.4.jar:?]
	at org.apache.hadoop.ipc.ProtobufRpcEngine2$Server$ProtoBufRpcInvoker.call(ProtobufRpcEngine2.java:578) [hadoop-common-3.3.4.jar:?]
	at org.apache.hadoop.ipc.ProtobufRpcEngine2$Server$ProtoBufRpcInvoker.call(ProtobufRpcEngine2.java:556) [hadoop-common-3.3.4.jar:?]
	at org.apache.hadoop.ipc.RPC$Server.call(RPC.java:1093) [hadoop-common-3.3.4.jar:?]
	at org.apache.hadoop.ipc.Server$RpcCall.run(Server.java:1043) [hadoop-common-3.3.4.jar:?]
	at org.apache.hadoop.ipc.Server$RpcCall.run(Server.java:971) [hadoop-common-3.3.4.jar:?]
	at java.security.AccessController.doPrivileged(Native Method) ~[?:1.8.0_352]
	at javax.security.auth.Subject.doAs(Subject.java:422) [?:1.8.0_352]
	at org.apache.hadoop.security.UserGroupInformation.doAs(UserGroupInformation.java:1878) [hadoop-common-3.3.4.jar:?]
	at org.apache.hadoop.ipc.Server$Handler.run(Server.java:2976) [hadoop-common-3.3.4.jar:?]
10:08:17.032 [IPC Server handler 16 on default port 46431] ERROR OMAudit - user=runner | ip=127.0.0.1 | op=GET_FILE_STATUS {volume=volume30750, bucket=bucket79142, key=gdir1/dir9/child, dataSize=0, replicationConfig=null} | ret=FAILURE
org.apache.hadoop.ozone.om.exceptions.OMException: Unable to get file status: volume: volume30750 bucket: bucket79142 key: gdir1/dir9/child
	at org.apache.hadoop.ozone.om.KeyManagerImpl.getOzoneFileStatus(KeyManagerImpl.java:1301) ~[ozone-manager-1.4.0-SNAPSHOT.jar:?]
	at org.apache.hadoop.ozone.om.KeyManagerImpl.getFileStatus(KeyManagerImpl.java:1219) ~[ozone-manager-1.4.0-SNAPSHOT.jar:?]
	at org.apache.hadoop.ozone.om.OzoneManager.getFileStatus(OzoneManager.java:3578) ~[ozone-manager-1.4.0-SNAPSHOT.jar:?]
	at org.apache.hadoop.ozone.protocolPB.OzoneManagerRequestHandler.getOzoneFileStatus(OzoneManagerRequestHandler.java:907) ~[ozone-manager-1.4.0-SNAPSHOT.jar:?]
	at org.apache.hadoop.ozone.protocolPB.OzoneManagerRequestHandler.handleReadRequest(OzoneManagerRequestHandler.java:231) ~[ozone-manager-1.4.0-SNAPSHOT.jar:?]
	at org.apache.hadoop.ozone.protocolPB.OzoneManagerProtocolServerSideTranslatorPB.submitReadRequestToOM(OzoneManagerProtocolServerSideTranslatorPB.java:226) ~[ozone-manager-1.4.0-SNAPSHOT.jar:?]
	at org.apache.hadoop.ozone.protocolPB.OzoneManagerProtocolServerSideTranslatorPB.processRequest(OzoneManagerProtocolServerSideTranslatorPB.java:175) ~[ozone-manager-1.4.0-SNAPSHOT.jar:?]
	at org.apache.hadoop.hdds.server.OzoneProtocolMessageDispatcher.processRequest(OzoneProtocolMessageDispatcher.java:87) [hdds-server-framework-1.4.0-SNAPSHOT.jar:?]
	at org.apache.hadoop.ozone.protocolPB.OzoneManagerProtocolServerSideTranslatorPB.submitRequest(OzoneManagerProtocolServerSideTranslatorPB.java:147) [ozone-manager-1.4.0-SNAPSHOT.jar:?]
	at org.apache.hadoop.ozone.protocol.proto.OzoneManagerProtocolProtos$OzoneManagerService$2.callBlockingMethod(OzoneManagerProtocolProtos.java) [ozone-interface-client-1.4.0-SNAPSHOT.jar:?]
	at org.apache.hadoop.ipc.ProtobufRpcEngine$Server.processCall(ProtobufRpcEngine.java:465) [hadoop-common-3.3.4.jar:?]
	at org.apache.hadoop.ipc.ProtobufRpcEngine2$Server$ProtoBufRpcInvoker.call(ProtobufRpcEngine2.java:578) [hadoop-common-3.3.4.jar:?]
	at org.apache.hadoop.ipc.ProtobufRpcEngine2$Server$ProtoBufRpcInvoker.call(ProtobufRpcEngine2.java:556) [hadoop-common-3.3.4.jar:?]
	at org.apache.hadoop.ipc.RPC$Server.call(RPC.java:1093) [hadoop-common-3.3.4.jar:?]
	at org.apache.hadoop.ipc.Server$RpcCall.run(Server.java:1043) [hadoop-common-3.3.4.jar:?]
	at org.apache.hadoop.ipc.Server$RpcCall.run(Server.java:971) [hadoop-common-3.3.4.jar:?]
	at java.security.AccessController.doPrivileged(Native Method) ~[?:1.8.0_352]
	at javax.security.auth.Subject.doAs(Subject.java:422) [?:1.8.0_352]
	at org.apache.hadoop.security.UserGroupInformation.doAs(UserGroupInformation.java:1878) [hadoop-common-3.3.4.jar:?]
	at org.apache.hadoop.ipc.Server$Handler.run(Server.java:2976) [hadoop-common-3.3.4.jar:?]
10:08:17.032 [IPC Server handler 17 on default port 46431] ERROR OMAudit - user=runner | ip=127.0.0.1 | op=GET_FILE_STATUS {volume=volume30750, bucket=bucket79142, key=gdir1/dir10, dataSize=0, replicationConfig=null} | ret=FAILURE
org.apache.hadoop.ozone.om.exceptions.OMException: Unable to get file status: volume: volume30750 bucket: bucket79142 key: gdir1/dir10
	at org.apache.hadoop.ozone.om.KeyManagerImpl.getOzoneFileStatus(KeyManagerImpl.java:1301) ~[ozone-manager-1.4.0-SNAPSHOT.jar:?]
	at org.apache.hadoop.ozone.om.KeyManagerImpl.getFileStatus(KeyManagerImpl.java:1219) ~[ozone-manager-1.4.0-SNAPSHOT.jar:?]
	at org.apache.hadoop.ozone.om.OzoneManager.getFileStatus(OzoneManager.java:3578) ~[ozone-manager-1.4.0-SNAPSHOT.jar:?]
	at org.apache.hadoop.ozone.protocolPB.OzoneManagerRequestHandler.getOzoneFileStatus(OzoneManagerRequestHandler.java:907) ~[ozone-manager-1.4.0-SNAPSHOT.jar:?]
	at org.apache.hadoop.ozone.protocolPB.OzoneManagerRequestHandler.handleReadRequest(OzoneManagerRequestHandler.java:231) ~[ozone-manager-1.4.0-SNAPSHOT.jar:?]
	at org.apache.hadoop.ozone.protocolPB.OzoneManagerProtocolServerSideTranslatorPB.submitReadRequestToOM(OzoneManagerProtocolServerSideTranslatorPB.java:226) ~[ozone-manager-1.4.0-SNAPSHOT.jar:?]
	at org.apache.hadoop.ozone.protocolPB.OzoneManagerProtocolServerSideTranslatorPB.processRequest(OzoneManagerProtocolServerSideTranslatorPB.java:175) ~[ozone-manager-1.4.0-SNAPSHOT.jar:?]
	at org.apache.hadoop.hdds.server.OzoneProtocolMessageDispatcher.processRequest(OzoneProtocolMessageDispatcher.java:87) [hdds-server-framework-1.4.0-SNAPSHOT.jar:?]
	at org.apache.hadoop.ozone.protocolPB.OzoneManagerProtocolServerSideTranslatorPB.submitRequest(OzoneManagerProtocolServerSideTranslatorPB.java:147) [ozone-manager-1.4.0-SNAPSHOT.jar:?]
	at org.apache.hadoop.ozone.protocol.proto.OzoneManagerProtocolProtos$OzoneManagerService$2.callBlockingMethod(OzoneManagerProtocolProtos.java) [ozone-interface-client-1.4.0-SNAPSHOT.jar:?]
	at org.apache.hadoop.ipc.ProtobufRpcEngine$Server.processCall(ProtobufRpcEngine.java:465) [hadoop-common-3.3.4.jar:?]
	at org.apache.hadoop.ipc.ProtobufRpcEngine2$Server$ProtoBufRpcInvoker.call(ProtobufRpcEngine2.java:578) [hadoop-common-3.3.4.jar:?]
	at org.apache.hadoop.ipc.ProtobufRpcEngine2$Server$ProtoBufRpcInvoker.call(ProtobufRpcEngine2.java:556) [hadoop-common-3.3.4.jar:?]
	at org.apache.hadoop.ipc.RPC$Server.call(RPC.java:1093) [hadoop-common-3.3.4.jar:?]
	at org.apache.hadoop.ipc.Server$RpcCall.run(Server.java:1043) [hadoop-common-3.3.4.jar:?]
	at org.apache.hadoop.ipc.Server$RpcCall.run(Server.java:971) [hadoop-common-3.3.4.jar:?]
	at java.security.AccessController.doPrivileged(Native Method) ~[?:1.8.0_352]
	at javax.security.auth.Subject.doAs(Subject.java:422) [?:1.8.0_352]
	at org.apache.hadoop.security.UserGroupInformation.doAs(UserGroupInformation.java:1878) [hadoop-common-3.3.4.jar:?]
	at org.apache.hadoop.ipc.Server$Handler.run(Server.java:2976) [hadoop-common-3.3.4.jar:?]
10:08:17.033 [IPC Server handler 18 on default port 46431] ERROR OMAudit - user=runner | ip=127.0.0.1 | op=GET_FILE_STATUS {volume=volume30750, bucket=bucket79142, key=gdir1/dir10/child, dataSize=0, replicationConfig=null} | ret=FAILURE
org.apache.hadoop.ozone.om.exceptions.OMException: Unable to get file status: volume: volume30750 bucket: bucket79142 key: gdir1/dir10/child
	at org.apache.hadoop.ozone.om.KeyManagerImpl.getOzoneFileStatus(KeyManagerImpl.java:1301) ~[ozone-manager-1.4.0-SNAPSHOT.jar:?]
	at org.apache.hadoop.ozone.om.KeyManagerImpl.getFileStatus(KeyManagerImpl.java:1219) ~[ozone-manager-1.4.0-SNAPSHOT.jar:?]
	at org.apache.hadoop.ozone.om.OzoneManager.getFileStatus(OzoneManager.java:3578) ~[ozone-manager-1.4.0-SNAPSHOT.jar:?]
	at org.apache.hadoop.ozone.protocolPB.OzoneManagerRequestHandler.getOzoneFileStatus(OzoneManagerRequestHandler.java:907) ~[ozone-manager-1.4.0-SNAPSHOT.jar:?]
	at org.apache.hadoop.ozone.protocolPB.OzoneManagerRequestHandler.handleReadRequest(OzoneManagerRequestHandler.java:231) ~[ozone-manager-1.4.0-SNAPSHOT.jar:?]
	at org.apache.hadoop.ozone.protocolPB.OzoneManagerProtocolServerSideTranslatorPB.submitReadRequestToOM(OzoneManagerProtocolServerSideTranslatorPB.java:226) ~[ozone-manager-1.4.0-SNAPSHOT.jar:?]
	at org.apache.hadoop.ozone.protocolPB.OzoneManagerProtocolServerSideTranslatorPB.processRequest(OzoneManagerProtocolServerSideTranslatorPB.java:175) ~[ozone-manager-1.4.0-SNAPSHOT.jar:?]
	at org.apache.hadoop.hdds.server.OzoneProtocolMessageDispatcher.processRequest(OzoneProtocolMessageDispatcher.java:87) [hdds-server-framework-1.4.0-SNAPSHOT.jar:?]
	at org.apache.hadoop.ozone.protocolPB.OzoneManagerProtocolServerSideTranslatorPB.submitRequest(OzoneManagerProtocolServerSideTranslatorPB.java:147) [ozone-manager-1.4.0-SNAPSHOT.jar:?]
	at org.apache.hadoop.ozone.protocol.proto.OzoneManagerProtocolProtos$OzoneManagerService$2.callBlockingMethod(OzoneManagerProtocolProtos.java) [ozone-interface-client-1.4.0-SNAPSHOT.jar:?]
	at org.apache.hadoop.ipc.ProtobufRpcEngine$Server.processCall(ProtobufRpcEngine.java:465) [hadoop-common-3.3.4.jar:?]
	at org.apache.hadoop.ipc.ProtobufRpcEngine2$Server$ProtoBufRpcInvoker.call(ProtobufRpcEngine2.java:578) [hadoop-common-3.3.4.jar:?]
	at org.apache.hadoop.ipc.ProtobufRpcEngine2$Server$ProtoBufRpcInvoker.call(ProtobufRpcEngine2.java:556) [hadoop-common-3.3.4.jar:?]
	at org.apache.hadoop.ipc.RPC$Server.call(RPC.java:1093) [hadoop-common-3.3.4.jar:?]
	at org.apache.hadoop.ipc.Server$RpcCall.run(Server.java:1043) [hadoop-common-3.3.4.jar:?]
	at org.apache.hadoop.ipc.Server$RpcCall.run(Server.java:971) [hadoop-common-3.3.4.jar:?]
	at java.security.AccessController.doPrivileged(Native Method) ~[?:1.8.0_352]
	at javax.security.auth.Subject.doAs(Subject.java:422) [?:1.8.0_352]
	at org.apache.hadoop.security.UserGroupInformation.doAs(UserGroupInformation.java:1878) [hadoop-common-3.3.4.jar:?]
	at org.apache.hadoop.ipc.Server$Handler.run(Server.java:2976) [hadoop-common-3.3.4.jar:?]
2023-01-03 10:08:17,037 [OM StateMachine ApplyTransaction Thread - 0] INFO  key.OMKeyRequest (OMKeyRequest.java:wrapUncommittedBlocksAsPseudoKey(835)) - Detect allocated but uncommitted blocks [{blockID={containerID=1, localID=111677748019200024}, length=4194304, offset=0, token=null, pipeline=null, createVersion=0, partNumber=0}] in key level0/level1/file1.
2023-01-03 10:08:17,040 [OM StateMachine ApplyTransaction Thread - 0] INFO  key.OMKeyRequest (OMKeyRequest.java:wrapUncommittedBlocksAsPseudoKey(835)) - Detect allocated but uncommitted blocks [{blockID={containerID=2, localID=111677748019200025}, length=4194304, offset=0, token=null, pipeline=null, createVersion=0, partNumber=0}] in key level0/level1/level1/file1.
2023-01-03 10:08:17,043 [OM StateMachine ApplyTransaction Thread - 0] INFO  key.OMKeyRequest (OMKeyRequest.java:wrapUncommittedBlocksAsPseudoKey(835)) - Detect allocated but uncommitted blocks [{blockID={containerID=1, localID=111677748019200026}, length=4194304, offset=0, token=null, pipeline=null, createVersion=0, partNumber=0}] in key level0/level2/file1.
2023-01-03 10:08:17,046 [OM StateMachine ApplyTransaction Thread - 0] INFO  key.OMKeyRequest (OMKeyRequest.java:wrapUncommittedBlocksAsPseudoKey(835)) - Detect allocated but uncommitted blocks [{blockID={containerID=4, localID=111677748019200027}, length=4194304, offset=0, token=null, pipeline=null, createVersion=0, partNumber=0}] in key level0/level2/level2/file1.
2023-01-03 10:08:17,049 [OM StateMachine ApplyTransaction Thread - 0] INFO  key.OMKeyRequest (OMKeyRequest.java:wrapUncommittedBlocksAsPseudoKey(835)) - Detect allocated but uncommitted blocks [{blockID={containerID=3, localID=111677748019200028}, length=4194304, offset=0, token=null, pipeline=null, createVersion=0, partNumber=0}] in key level0/level3/file1.
2023-01-03 10:08:17,052 [OM StateMachine ApplyTransaction Thread - 0] INFO  key.OMKeyRequest (OMKeyRequest.java:wrapUncommittedBlocksAsPseudoKey(835)) - Detect allocated but uncommitted blocks [{blockID={containerID=2, localID=111677748019200029}, length=4194304, offset=0, token=null, pipeline=null, createVersion=0, partNumber=0}] in key level0/level3/level3/file1.
10:08:17.067 [IPC Server handler 12 on default port 46431] ERROR OMAudit - user=runner | ip=127.0.0.1 | op=GET_FILE_STATUS {volume=volume30750, bucket=bucket79142, key=level0, dataSize=0, replicationConfig=null} | ret=FAILURE
org.apache.hadoop.ozone.om.exceptions.OMException: Unable to get file status: volume: volume30750 bucket: bucket79142 key: level0
	at org.apache.hadoop.ozone.om.KeyManagerImpl.getOzoneFileStatus(KeyManagerImpl.java:1301) ~[ozone-manager-1.4.0-SNAPSHOT.jar:?]
	at org.apache.hadoop.ozone.om.KeyManagerImpl.getFileStatus(KeyManagerImpl.java:1219) ~[ozone-manager-1.4.0-SNAPSHOT.jar:?]
	at org.apache.hadoop.ozone.om.OzoneManager.getFileStatus(OzoneManager.java:3578) ~[ozone-manager-1.4.0-SNAPSHOT.jar:?]
	at org.apache.hadoop.ozone.protocolPB.OzoneManagerRequestHandler.getOzoneFileStatus(OzoneManagerRequestHandler.java:907) ~[ozone-manager-1.4.0-SNAPSHOT.jar:?]
	at org.apache.hadoop.ozone.protocolPB.OzoneManagerRequestHandler.handleReadRequest(OzoneManagerRequestHandler.java:231) ~[ozone-manager-1.4.0-SNAPSHOT.jar:?]
	at org.apache.hadoop.ozone.protocolPB.OzoneManagerProtocolServerSideTranslatorPB.submitReadRequestToOM(OzoneManagerProtocolServerSideTranslatorPB.java:226) ~[ozone-manager-1.4.0-SNAPSHOT.jar:?]
	at org.apache.hadoop.ozone.protocolPB.OzoneManagerProtocolServerSideTranslatorPB.processRequest(OzoneManagerProtocolServerSideTranslatorPB.java:175) ~[ozone-manager-1.4.0-SNAPSHOT.jar:?]
	at org.apache.hadoop.hdds.server.OzoneProtocolMessageDispatcher.processRequest(OzoneProtocolMessageDispatcher.java:87) [hdds-server-framework-1.4.0-SNAPSHOT.jar:?]
	at org.apache.hadoop.ozone.protocolPB.OzoneManagerProtocolServerSideTranslatorPB.submitRequest(OzoneManagerProtocolServerSideTranslatorPB.java:147) [ozone-manager-1.4.0-SNAPSHOT.jar:?]
	at org.apache.hadoop.ozone.protocol.proto.OzoneManagerProtocolProtos$OzoneManagerService$2.callBlockingMethod(OzoneManagerProtocolProtos.java) [ozone-interface-client-1.4.0-SNAPSHOT.jar:?]
	at org.apache.hadoop.ipc.ProtobufRpcEngine$Server.processCall(ProtobufRpcEngine.java:465) [hadoop-common-3.3.4.jar:?]
	at org.apache.hadoop.ipc.ProtobufRpcEngine2$Server$ProtoBufRpcInvoker.call(ProtobufRpcEngine2.java:578) [hadoop-common-3.3.4.jar:?]
	at org.apache.hadoop.ipc.ProtobufRpcEngine2$Server$ProtoBufRpcInvoker.call(ProtobufRpcEngine2.java:556) [hadoop-common-3.3.4.jar:?]
	at org.apache.hadoop.ipc.RPC$Server.call(RPC.java:1093) [hadoop-common-3.3.4.jar:?]
	at org.apache.hadoop.ipc.Server$RpcCall.run(Server.java:1043) [hadoop-common-3.3.4.jar:?]
	at org.apache.hadoop.ipc.Server$RpcCall.run(Server.java:971) [hadoop-common-3.3.4.jar:?]
	at java.security.AccessController.doPrivileged(Native Method) ~[?:1.8.0_352]
	at javax.security.auth.Subject.doAs(Subject.java:422) [?:1.8.0_352]
	at org.apache.hadoop.security.UserGroupInformation.doAs(UserGroupInformation.java:1878) [hadoop-common-3.3.4.jar:?]
	at org.apache.hadoop.ipc.Server$Handler.run(Server.java:2976) [hadoop-common-3.3.4.jar:?]
10:08:17.068 [IPC Server handler 13 on default port 46431] ERROR OMAudit - user=runner | ip=127.0.0.1 | op=GET_FILE_STATUS {volume=volume30750, bucket=bucket79142, key=level0/level1, dataSize=0, replicationConfig=null} | ret=FAILURE
org.apache.hadoop.ozone.om.exceptions.OMException: Unable to get file status: volume: volume30750 bucket: bucket79142 key: level0/level1
	at org.apache.hadoop.ozone.om.KeyManagerImpl.getOzoneFileStatus(KeyManagerImpl.java:1301) ~[ozone-manager-1.4.0-SNAPSHOT.jar:?]
	at org.apache.hadoop.ozone.om.KeyManagerImpl.getFileStatus(KeyManagerImpl.java:1219) ~[ozone-manager-1.4.0-SNAPSHOT.jar:?]
	at org.apache.hadoop.ozone.om.OzoneManager.getFileStatus(OzoneManager.java:3578) ~[ozone-manager-1.4.0-SNAPSHOT.jar:?]
	at org.apache.hadoop.ozone.protocolPB.OzoneManagerRequestHandler.getOzoneFileStatus(OzoneManagerRequestHandler.java:907) ~[ozone-manager-1.4.0-SNAPSHOT.jar:?]
	at org.apache.hadoop.ozone.protocolPB.OzoneManagerRequestHandler.handleReadRequest(OzoneManagerRequestHandler.java:231) ~[ozone-manager-1.4.0-SNAPSHOT.jar:?]
	at org.apache.hadoop.ozone.protocolPB.OzoneManagerProtocolServerSideTranslatorPB.submitReadRequestToOM(OzoneManagerProtocolServerSideTranslatorPB.java:226) ~[ozone-manager-1.4.0-SNAPSHOT.jar:?]
	at org.apache.hadoop.ozone.protocolPB.OzoneManagerProtocolServerSideTranslatorPB.processRequest(OzoneManagerProtocolServerSideTranslatorPB.java:175) ~[ozone-manager-1.4.0-SNAPSHOT.jar:?]
	at org.apache.hadoop.hdds.server.OzoneProtocolMessageDispatcher.processRequest(OzoneProtocolMessageDispatcher.java:87) [hdds-server-framework-1.4.0-SNAPSHOT.jar:?]
	at org.apache.hadoop.ozone.protocolPB.OzoneManagerProtocolServerSideTranslatorPB.submitRequest(OzoneManagerProtocolServerSideTranslatorPB.java:147) [ozone-manager-1.4.0-SNAPSHOT.jar:?]
	at org.apache.hadoop.ozone.protocol.proto.OzoneManagerProtocolProtos$OzoneManagerService$2.callBlockingMethod(OzoneManagerProtocolProtos.java) [ozone-interface-client-1.4.0-SNAPSHOT.jar:?]
	at org.apache.hadoop.ipc.ProtobufRpcEngine$Server.processCall(ProtobufRpcEngine.java:465) [hadoop-common-3.3.4.jar:?]
	at org.apache.hadoop.ipc.ProtobufRpcEngine2$Server$ProtoBufRpcInvoker.call(ProtobufRpcEngine2.java:578) [hadoop-common-3.3.4.jar:?]
	at org.apache.hadoop.ipc.ProtobufRpcEngine2$Server$ProtoBufRpcInvoker.call(ProtobufRpcEngine2.java:556) [hadoop-common-3.3.4.jar:?]
	at org.apache.hadoop.ipc.RPC$Server.call(RPC.java:1093) [hadoop-common-3.3.4.jar:?]
	at org.apache.hadoop.ipc.Server$RpcCall.run(Server.java:1043) [hadoop-common-3.3.4.jar:?]
	at org.apache.hadoop.ipc.Server$RpcCall.run(Server.java:971) [hadoop-common-3.3.4.jar:?]
	at java.security.AccessController.doPrivileged(Native Method) ~[?:1.8.0_352]
	at javax.security.auth.Subject.doAs(Subject.java:422) [?:1.8.0_352]
	at org.apache.hadoop.security.UserGroupInformation.doAs(UserGroupInformation.java:1878) [hadoop-common-3.3.4.jar:?]
	at org.apache.hadoop.ipc.Server$Handler.run(Server.java:2976) [hadoop-common-3.3.4.jar:?]
10:08:17.068 [IPC Server handler 14 on default port 46431] ERROR OMAudit - user=runner | ip=127.0.0.1 | op=GET_FILE_STATUS {volume=volume30750, bucket=bucket79142, key=level0/level1/level1, dataSize=0, replicationConfig=null} | ret=FAILURE
org.apache.hadoop.ozone.om.exceptions.OMException: Unable to get file status: volume: volume30750 bucket: bucket79142 key: level0/level1/level1
	at org.apache.hadoop.ozone.om.KeyManagerImpl.getOzoneFileStatus(KeyManagerImpl.java:1301) ~[ozone-manager-1.4.0-SNAPSHOT.jar:?]
	at org.apache.hadoop.ozone.om.KeyManagerImpl.getFileStatus(KeyManagerImpl.java:1219) ~[ozone-manager-1.4.0-SNAPSHOT.jar:?]
	at org.apache.hadoop.ozone.om.OzoneManager.getFileStatus(OzoneManager.java:3578) ~[ozone-manager-1.4.0-SNAPSHOT.jar:?]
	at org.apache.hadoop.ozone.protocolPB.OzoneManagerRequestHandler.getOzoneFileStatus(OzoneManagerRequestHandler.java:907) ~[ozone-manager-1.4.0-SNAPSHOT.jar:?]
	at org.apache.hadoop.ozone.protocolPB.OzoneManagerRequestHandler.handleReadRequest(OzoneManagerRequestHandler.java:231) ~[ozone-manager-1.4.0-SNAPSHOT.jar:?]
	at org.apache.hadoop.ozone.protocolPB.OzoneManagerProtocolServerSideTranslatorPB.submitReadRequestToOM(OzoneManagerProtocolServerSideTranslatorPB.java:226) ~[ozone-manager-1.4.0-SNAPSHOT.jar:?]
	at org.apache.hadoop.ozone.protocolPB.OzoneManagerProtocolServerSideTranslatorPB.processRequest(OzoneManagerProtocolServerSideTranslatorPB.java:175) ~[ozone-manager-1.4.0-SNAPSHOT.jar:?]
	at org.apache.hadoop.hdds.server.OzoneProtocolMessageDispatcher.processRequest(OzoneProtocolMessageDispatcher.java:87) [hdds-server-framework-1.4.0-SNAPSHOT.jar:?]
	at org.apache.hadoop.ozone.protocolPB.OzoneManagerProtocolServerSideTranslatorPB.submitRequest(OzoneManagerProtocolServerSideTranslatorPB.java:147) [ozone-manager-1.4.0-SNAPSHOT.jar:?]
	at org.apache.hadoop.ozone.protocol.proto.OzoneManagerProtocolProtos$OzoneManagerService$2.callBlockingMethod(OzoneManagerProtocolProtos.java) [ozone-interface-client-1.4.0-SNAPSHOT.jar:?]
	at org.apache.hadoop.ipc.ProtobufRpcEngine$Server.processCall(ProtobufRpcEngine.java:465) [hadoop-common-3.3.4.jar:?]
	at org.apache.hadoop.ipc.ProtobufRpcEngine2$Server$ProtoBufRpcInvoker.call(ProtobufRpcEngine2.java:578) [hadoop-common-3.3.4.jar:?]
	at org.apache.hadoop.ipc.ProtobufRpcEngine2$Server$ProtoBufRpcInvoker.call(ProtobufRpcEngine2.java:556) [hadoop-common-3.3.4.jar:?]
	at org.apache.hadoop.ipc.RPC$Server.call(RPC.java:1093) [hadoop-common-3.3.4.jar:?]
	at org.apache.hadoop.ipc.Server$RpcCall.run(Server.java:1043) [hadoop-common-3.3.4.jar:?]
	at org.apache.hadoop.ipc.Server$RpcCall.run(Server.java:971) [hadoop-common-3.3.4.jar:?]
	at java.security.AccessController.doPrivileged(Native Method) ~[?:1.8.0_352]
	at javax.security.auth.Subject.doAs(Subject.java:422) [?:1.8.0_352]
	at org.apache.hadoop.security.UserGroupInformation.doAs(UserGroupInformation.java:1878) [hadoop-common-3.3.4.jar:?]
	at org.apache.hadoop.ipc.Server$Handler.run(Server.java:2976) [hadoop-common-3.3.4.jar:?]
10:08:17.069 [IPC Server handler 15 on default port 46431] ERROR OMAudit - user=runner | ip=127.0.0.1 | op=GET_FILE_STATUS {volume=volume30750, bucket=bucket79142, key=level0/level1/file1, dataSize=0, replicationConfig=null} | ret=FAILURE
org.apache.hadoop.ozone.om.exceptions.OMException: Unable to get file status: volume: volume30750 bucket: bucket79142 key: level0/level1/file1
	at org.apache.hadoop.ozone.om.KeyManagerImpl.getOzoneFileStatus(KeyManagerImpl.java:1301) ~[ozone-manager-1.4.0-SNAPSHOT.jar:?]
	at org.apache.hadoop.ozone.om.KeyManagerImpl.getFileStatus(KeyManagerImpl.java:1219) ~[ozone-manager-1.4.0-SNAPSHOT.jar:?]
	at org.apache.hadoop.ozone.om.OzoneManager.getFileStatus(OzoneManager.java:3578) ~[ozone-manager-1.4.0-SNAPSHOT.jar:?]
	at org.apache.hadoop.ozone.protocolPB.OzoneManagerRequestHandler.getOzoneFileStatus(OzoneManagerRequestHandler.java:907) ~[ozone-manager-1.4.0-SNAPSHOT.jar:?]
	at org.apache.hadoop.ozone.protocolPB.OzoneManagerRequestHandler.handleReadRequest(OzoneManagerRequestHandler.java:231) ~[ozone-manager-1.4.0-SNAPSHOT.jar:?]
	at org.apache.hadoop.ozone.protocolPB.OzoneManagerProtocolServerSideTranslatorPB.submitReadRequestToOM(OzoneManagerProtocolServerSideTranslatorPB.java:226) ~[ozone-manager-1.4.0-SNAPSHOT.jar:?]
	at org.apache.hadoop.ozone.protocolPB.OzoneManagerProtocolServerSideTranslatorPB.processRequest(OzoneManagerProtocolServerSideTranslatorPB.java:175) ~[ozone-manager-1.4.0-SNAPSHOT.jar:?]
	at org.apache.hadoop.hdds.server.OzoneProtocolMessageDispatcher.processRequest(OzoneProtocolMessageDispatcher.java:87) [hdds-server-framework-1.4.0-SNAPSHOT.jar:?]
	at org.apache.hadoop.ozone.protocolPB.OzoneManagerProtocolServerSideTranslatorPB.submitRequest(OzoneManagerProtocolServerSideTranslatorPB.java:147) [ozone-manager-1.4.0-SNAPSHOT.jar:?]
	at org.apache.hadoop.ozone.protocol.proto.OzoneManagerProtocolProtos$OzoneManagerService$2.callBlockingMethod(OzoneManagerProtocolProtos.java) [ozone-interface-client-1.4.0-SNAPSHOT.jar:?]
	at org.apache.hadoop.ipc.ProtobufRpcEngine$Server.processCall(ProtobufRpcEngine.java:465) [hadoop-common-3.3.4.jar:?]
	at org.apache.hadoop.ipc.ProtobufRpcEngine2$Server$ProtoBufRpcInvoker.call(ProtobufRpcEngine2.java:578) [hadoop-common-3.3.4.jar:?]
	at org.apache.hadoop.ipc.ProtobufRpcEngine2$Server$ProtoBufRpcInvoker.call(ProtobufRpcEngine2.java:556) [hadoop-common-3.3.4.jar:?]
	at org.apache.hadoop.ipc.RPC$Server.call(RPC.java:1093) [hadoop-common-3.3.4.jar:?]
	at org.apache.hadoop.ipc.Server$RpcCall.run(Server.java:1043) [hadoop-common-3.3.4.jar:?]
	at org.apache.hadoop.ipc.Server$RpcCall.run(Server.java:971) [hadoop-common-3.3.4.jar:?]
	at java.security.AccessController.doPrivileged(Native Method) ~[?:1.8.0_352]
	at javax.security.auth.Subject.doAs(Subject.java:422) [?:1.8.0_352]
	at org.apache.hadoop.security.UserGroupInformation.doAs(UserGroupInformation.java:1878) [hadoop-common-3.3.4.jar:?]
	at org.apache.hadoop.ipc.Server$Handler.run(Server.java:2976) [hadoop-common-3.3.4.jar:?]
10:08:17.070 [IPC Server handler 16 on default port 46431] ERROR OMAudit - user=runner | ip=127.0.0.1 | op=GET_FILE_STATUS {volume=volume30750, bucket=bucket79142, key=level0/level1/level1/file1, dataSize=0, replicationConfig=null} | ret=FAILURE
org.apache.hadoop.ozone.om.exceptions.OMException: Unable to get file status: volume: volume30750 bucket: bucket79142 key: level0/level1/level1/file1
	at org.apache.hadoop.ozone.om.KeyManagerImpl.getOzoneFileStatus(KeyManagerImpl.java:1301) ~[ozone-manager-1.4.0-SNAPSHOT.jar:?]
	at org.apache.hadoop.ozone.om.KeyManagerImpl.getFileStatus(KeyManagerImpl.java:1219) ~[ozone-manager-1.4.0-SNAPSHOT.jar:?]
	at org.apache.hadoop.ozone.om.OzoneManager.getFileStatus(OzoneManager.java:3578) ~[ozone-manager-1.4.0-SNAPSHOT.jar:?]
	at org.apache.hadoop.ozone.protocolPB.OzoneManagerRequestHandler.getOzoneFileStatus(OzoneManagerRequestHandler.java:907) ~[ozone-manager-1.4.0-SNAPSHOT.jar:?]
	at org.apache.hadoop.ozone.protocolPB.OzoneManagerRequestHandler.handleReadRequest(OzoneManagerRequestHandler.java:231) ~[ozone-manager-1.4.0-SNAPSHOT.jar:?]
	at org.apache.hadoop.ozone.protocolPB.OzoneManagerProtocolServerSideTranslatorPB.submitReadRequestToOM(OzoneManagerProtocolServerSideTranslatorPB.java:226) ~[ozone-manager-1.4.0-SNAPSHOT.jar:?]
	at org.apache.hadoop.ozone.protocolPB.OzoneManagerProtocolServerSideTranslatorPB.processRequest(OzoneManagerProtocolServerSideTranslatorPB.java:175) ~[ozone-manager-1.4.0-SNAPSHOT.jar:?]
	at org.apache.hadoop.hdds.server.OzoneProtocolMessageDispatcher.processRequest(OzoneProtocolMessageDispatcher.java:87) [hdds-server-framework-1.4.0-SNAPSHOT.jar:?]
	at org.apache.hadoop.ozone.protocolPB.OzoneManagerProtocolServerSideTranslatorPB.submitRequest(OzoneManagerProtocolServerSideTranslatorPB.java:147) [ozone-manager-1.4.0-SNAPSHOT.jar:?]
	at org.apache.hadoop.ozone.protocol.proto.OzoneManagerProtocolProtos$OzoneManagerService$2.callBlockingMethod(OzoneManagerProtocolProtos.java) [ozone-interface-client-1.4.0-SNAPSHOT.jar:?]
	at org.apache.hadoop.ipc.ProtobufRpcEngine$Server.processCall(ProtobufRpcEngine.java:465) [hadoop-common-3.3.4.jar:?]
	at org.apache.hadoop.ipc.ProtobufRpcEngine2$Server$ProtoBufRpcInvoker.call(ProtobufRpcEngine2.java:578) [hadoop-common-3.3.4.jar:?]
	at org.apache.hadoop.ipc.ProtobufRpcEngine2$Server$ProtoBufRpcInvoker.call(ProtobufRpcEngine2.java:556) [hadoop-common-3.3.4.jar:?]
	at org.apache.hadoop.ipc.RPC$Server.call(RPC.java:1093) [hadoop-common-3.3.4.jar:?]
	at org.apache.hadoop.ipc.Server$RpcCall.run(Server.java:1043) [hadoop-common-3.3.4.jar:?]
	at org.apache.hadoop.ipc.Server$RpcCall.run(Server.java:971) [hadoop-common-3.3.4.jar:?]
	at java.security.AccessController.doPrivileged(Native Method) ~[?:1.8.0_352]
	at javax.security.auth.Subject.doAs(Subject.java:422) [?:1.8.0_352]
	at org.apache.hadoop.security.UserGroupInformation.doAs(UserGroupInformation.java:1878) [hadoop-common-3.3.4.jar:?]
	at org.apache.hadoop.ipc.Server$Handler.run(Server.java:2976) [hadoop-common-3.3.4.jar:?]
10:08:17.070 [IPC Server handler 17 on default port 46431] ERROR OMAudit - user=runner | ip=127.0.0.1 | op=GET_FILE_STATUS {volume=volume30750, bucket=bucket79142, key=level0/level2, dataSize=0, replicationConfig=null} | ret=FAILURE
org.apache.hadoop.ozone.om.exceptions.OMException: Unable to get file status: volume: volume30750 bucket: bucket79142 key: level0/level2
	at org.apache.hadoop.ozone.om.KeyManagerImpl.getOzoneFileStatus(KeyManagerImpl.java:1301) ~[ozone-manager-1.4.0-SNAPSHOT.jar:?]
	at org.apache.hadoop.ozone.om.KeyManagerImpl.getFileStatus(KeyManagerImpl.java:1219) ~[ozone-manager-1.4.0-SNAPSHOT.jar:?]
	at org.apache.hadoop.ozone.om.OzoneManager.getFileStatus(OzoneManager.java:3578) ~[ozone-manager-1.4.0-SNAPSHOT.jar:?]
	at org.apache.hadoop.ozone.protocolPB.OzoneManagerRequestHandler.getOzoneFileStatus(OzoneManagerRequestHandler.java:907) ~[ozone-manager-1.4.0-SNAPSHOT.jar:?]
	at org.apache.hadoop.ozone.protocolPB.OzoneManagerRequestHandler.handleReadRequest(OzoneManagerRequestHandler.java:231) ~[ozone-manager-1.4.0-SNAPSHOT.jar:?]
	at org.apache.hadoop.ozone.protocolPB.OzoneManagerProtocolServerSideTranslatorPB.submitReadRequestToOM(OzoneManagerProtocolServerSideTranslatorPB.java:226) ~[ozone-manager-1.4.0-SNAPSHOT.jar:?]
	at org.apache.hadoop.ozone.protocolPB.OzoneManagerProtocolServerSideTranslatorPB.processRequest(OzoneManagerProtocolServerSideTranslatorPB.java:175) ~[ozone-manager-1.4.0-SNAPSHOT.jar:?]
	at org.apache.hadoop.hdds.server.OzoneProtocolMessageDispatcher.processRequest(OzoneProtocolMessageDispatcher.java:87) [hdds-server-framework-1.4.0-SNAPSHOT.jar:?]
	at org.apache.hadoop.ozone.protocolPB.OzoneManagerProtocolServerSideTranslatorPB.submitRequest(OzoneManagerProtocolServerSideTranslatorPB.java:147) [ozone-manager-1.4.0-SNAPSHOT.jar:?]
	at org.apache.hadoop.ozone.protocol.proto.OzoneManagerProtocolProtos$OzoneManagerService$2.callBlockingMethod(OzoneManagerProtocolProtos.java) [ozone-interface-client-1.4.0-SNAPSHOT.jar:?]
	at org.apache.hadoop.ipc.ProtobufRpcEngine$Server.processCall(ProtobufRpcEngine.java:465) [hadoop-common-3.3.4.jar:?]
	at org.apache.hadoop.ipc.ProtobufRpcEngine2$Server$ProtoBufRpcInvoker.call(ProtobufRpcEngine2.java:578) [hadoop-common-3.3.4.jar:?]
	at org.apache.hadoop.ipc.ProtobufRpcEngine2$Server$ProtoBufRpcInvoker.call(ProtobufRpcEngine2.java:556) [hadoop-common-3.3.4.jar:?]
	at org.apache.hadoop.ipc.RPC$Server.call(RPC.java:1093) [hadoop-common-3.3.4.jar:?]
	at org.apache.hadoop.ipc.Server$RpcCall.run(Server.java:1043) [hadoop-common-3.3.4.jar:?]
	at org.apache.hadoop.ipc.Server$RpcCall.run(Server.java:971) [hadoop-common-3.3.4.jar:?]
	at java.security.AccessController.doPrivileged(Native Method) ~[?:1.8.0_352]
	at javax.security.auth.Subject.doAs(Subject.java:422) [?:1.8.0_352]
	at org.apache.hadoop.security.UserGroupInformation.doAs(UserGroupInformation.java:1878) [hadoop-common-3.3.4.jar:?]
	at org.apache.hadoop.ipc.Server$Handler.run(Server.java:2976) [hadoop-common-3.3.4.jar:?]
10:08:17.071 [IPC Server handler 18 on default port 46431] ERROR OMAudit - user=runner | ip=127.0.0.1 | op=GET_FILE_STATUS {volume=volume30750, bucket=bucket79142, key=level0/level2/level2, dataSize=0, replicationConfig=null} | ret=FAILURE
org.apache.hadoop.ozone.om.exceptions.OMException: Unable to get file status: volume: volume30750 bucket: bucket79142 key: level0/level2/level2
	at org.apache.hadoop.ozone.om.KeyManagerImpl.getOzoneFileStatus(KeyManagerImpl.java:1301) ~[ozone-manager-1.4.0-SNAPSHOT.jar:?]
	at org.apache.hadoop.ozone.om.KeyManagerImpl.getFileStatus(KeyManagerImpl.java:1219) ~[ozone-manager-1.4.0-SNAPSHOT.jar:?]
	at org.apache.hadoop.ozone.om.OzoneManager.getFileStatus(OzoneManager.java:3578) ~[ozone-manager-1.4.0-SNAPSHOT.jar:?]
	at org.apache.hadoop.ozone.protocolPB.OzoneManagerRequestHandler.getOzoneFileStatus(OzoneManagerRequestHandler.java:907) ~[ozone-manager-1.4.0-SNAPSHOT.jar:?]
	at org.apache.hadoop.ozone.protocolPB.OzoneManagerRequestHandler.handleReadRequest(OzoneManagerRequestHandler.java:231) ~[ozone-manager-1.4.0-SNAPSHOT.jar:?]
	at org.apache.hadoop.ozone.protocolPB.OzoneManagerProtocolServerSideTranslatorPB.submitReadRequestToOM(OzoneManagerProtocolServerSideTranslatorPB.java:226) ~[ozone-manager-1.4.0-SNAPSHOT.jar:?]
	at org.apache.hadoop.ozone.protocolPB.OzoneManagerProtocolServerSideTranslatorPB.processRequest(OzoneManagerProtocolServerSideTranslatorPB.java:175) ~[ozone-manager-1.4.0-SNAPSHOT.jar:?]
	at org.apache.hadoop.hdds.server.OzoneProtocolMessageDispatcher.processRequest(OzoneProtocolMessageDispatcher.java:87) [hdds-server-framework-1.4.0-SNAPSHOT.jar:?]
	at org.apache.hadoop.ozone.protocolPB.OzoneManagerProtocolServerSideTranslatorPB.submitRequest(OzoneManagerProtocolServerSideTranslatorPB.java:147) [ozone-manager-1.4.0-SNAPSHOT.jar:?]
	at org.apache.hadoop.ozone.protocol.proto.OzoneManagerProtocolProtos$OzoneManagerService$2.callBlockingMethod(OzoneManagerProtocolProtos.java) [ozone-interface-client-1.4.0-SNAPSHOT.jar:?]
	at org.apache.hadoop.ipc.ProtobufRpcEngine$Server.processCall(ProtobufRpcEngine.java:465) [hadoop-common-3.3.4.jar:?]
	at org.apache.hadoop.ipc.ProtobufRpcEngine2$Server$ProtoBufRpcInvoker.call(ProtobufRpcEngine2.java:578) [hadoop-common-3.3.4.jar:?]
	at org.apache.hadoop.ipc.ProtobufRpcEngine2$Server$ProtoBufRpcInvoker.call(ProtobufRpcEngine2.java:556) [hadoop-common-3.3.4.jar:?]
	at org.apache.hadoop.ipc.RPC$Server.call(RPC.java:1093) [hadoop-common-3.3.4.jar:?]
	at org.apache.hadoop.ipc.Server$RpcCall.run(Server.java:1043) [hadoop-common-3.3.4.jar:?]
	at org.apache.hadoop.ipc.Server$RpcCall.run(Server.java:971) [hadoop-common-3.3.4.jar:?]
	at java.security.AccessController.doPrivileged(Native Method) ~[?:1.8.0_352]
	at javax.security.auth.Subject.doAs(Subject.java:422) [?:1.8.0_352]
	at org.apache.hadoop.security.UserGroupInformation.doAs(UserGroupInformation.java:1878) [hadoop-common-3.3.4.jar:?]
	at org.apache.hadoop.ipc.Server$Handler.run(Server.java:2976) [hadoop-common-3.3.4.jar:?]
10:08:17.071 [IPC Server handler 19 on default port 46431] ERROR OMAudit - user=runner | ip=127.0.0.1 | op=GET_FILE_STATUS {volume=volume30750, bucket=bucket79142, key=level0/level2/file1, dataSize=0, replicationConfig=null} | ret=FAILURE
org.apache.hadoop.ozone.om.exceptions.OMException: Unable to get file status: volume: volume30750 bucket: bucket79142 key: level0/level2/file1
	at org.apache.hadoop.ozone.om.KeyManagerImpl.getOzoneFileStatus(KeyManagerImpl.java:1301) ~[ozone-manager-1.4.0-SNAPSHOT.jar:?]
	at org.apache.hadoop.ozone.om.KeyManagerImpl.getFileStatus(KeyManagerImpl.java:1219) ~[ozone-manager-1.4.0-SNAPSHOT.jar:?]
	at org.apache.hadoop.ozone.om.OzoneManager.getFileStatus(OzoneManager.java:3578) ~[ozone-manager-1.4.0-SNAPSHOT.jar:?]
	at org.apache.hadoop.ozone.protocolPB.OzoneManagerRequestHandler.getOzoneFileStatus(OzoneManagerRequestHandler.java:907) ~[ozone-manager-1.4.0-SNAPSHOT.jar:?]
	at org.apache.hadoop.ozone.protocolPB.OzoneManagerRequestHandler.handleReadRequest(OzoneManagerRequestHandler.java:231) ~[ozone-manager-1.4.0-SNAPSHOT.jar:?]
	at org.apache.hadoop.ozone.protocolPB.OzoneManagerProtocolServerSideTranslatorPB.submitReadRequestToOM(OzoneManagerProtocolServerSideTranslatorPB.java:226) ~[ozone-manager-1.4.0-SNAPSHOT.jar:?]
	at org.apache.hadoop.ozone.protocolPB.OzoneManagerProtocolServerSideTranslatorPB.processRequest(OzoneManagerProtocolServerSideTranslatorPB.java:175) ~[ozone-manager-1.4.0-SNAPSHOT.jar:?]
	at org.apache.hadoop.hdds.server.OzoneProtocolMessageDispatcher.processRequest(OzoneProtocolMessageDispatcher.java:87) [hdds-server-framework-1.4.0-SNAPSHOT.jar:?]
	at org.apache.hadoop.ozone.protocolPB.OzoneManagerProtocolServerSideTranslatorPB.submitRequest(OzoneManagerProtocolServerSideTranslatorPB.java:147) [ozone-manager-1.4.0-SNAPSHOT.jar:?]
	at org.apache.hadoop.ozone.protocol.proto.OzoneManagerProtocolProtos$OzoneManagerService$2.callBlockingMethod(OzoneManagerProtocolProtos.java) [ozone-interface-client-1.4.0-SNAPSHOT.jar:?]
	at org.apache.hadoop.ipc.ProtobufRpcEngine$Server.processCall(ProtobufRpcEngine.java:465) [hadoop-common-3.3.4.jar:?]
	at org.apache.hadoop.ipc.ProtobufRpcEngine2$Server$ProtoBufRpcInvoker.call(ProtobufRpcEngine2.java:578) [hadoop-common-3.3.4.jar:?]
	at org.apache.hadoop.ipc.ProtobufRpcEngine2$Server$ProtoBufRpcInvoker.call(ProtobufRpcEngine2.java:556) [hadoop-common-3.3.4.jar:?]
	at org.apache.hadoop.ipc.RPC$Server.call(RPC.java:1093) [hadoop-common-3.3.4.jar:?]
	at org.apache.hadoop.ipc.Server$RpcCall.run(Server.java:1043) [hadoop-common-3.3.4.jar:?]
	at org.apache.hadoop.ipc.Server$RpcCall.run(Server.java:971) [hadoop-common-3.3.4.jar:?]
	at java.security.AccessController.doPrivileged(Native Method) ~[?:1.8.0_352]
	at javax.security.auth.Subject.doAs(Subject.java:422) [?:1.8.0_352]
	at org.apache.hadoop.security.UserGroupInformation.doAs(UserGroupInformation.java:1878) [hadoop-common-3.3.4.jar:?]
	at org.apache.hadoop.ipc.Server$Handler.run(Server.java:2976) [hadoop-common-3.3.4.jar:?]
10:08:17.072 [IPC Server handler 0 on default port 46431] ERROR OMAudit - user=runner | ip=127.0.0.1 | op=GET_FILE_STATUS {volume=volume30750, bucket=bucket79142, key=level0/level2/level2/file1, dataSize=0, replicationConfig=null} | ret=FAILURE
org.apache.hadoop.ozone.om.exceptions.OMException: Unable to get file status: volume: volume30750 bucket: bucket79142 key: level0/level2/level2/file1
	at org.apache.hadoop.ozone.om.KeyManagerImpl.getOzoneFileStatus(KeyManagerImpl.java:1301) ~[ozone-manager-1.4.0-SNAPSHOT.jar:?]
	at org.apache.hadoop.ozone.om.KeyManagerImpl.getFileStatus(KeyManagerImpl.java:1219) ~[ozone-manager-1.4.0-SNAPSHOT.jar:?]
	at org.apache.hadoop.ozone.om.OzoneManager.getFileStatus(OzoneManager.java:3578) ~[ozone-manager-1.4.0-SNAPSHOT.jar:?]
	at org.apache.hadoop.ozone.protocolPB.OzoneManagerRequestHandler.getOzoneFileStatus(OzoneManagerRequestHandler.java:907) ~[ozone-manager-1.4.0-SNAPSHOT.jar:?]
	at org.apache.hadoop.ozone.protocolPB.OzoneManagerRequestHandler.handleReadRequest(OzoneManagerRequestHandler.java:231) ~[ozone-manager-1.4.0-SNAPSHOT.jar:?]
	at org.apache.hadoop.ozone.protocolPB.OzoneManagerProtocolServerSideTranslatorPB.submitReadRequestToOM(OzoneManagerProtocolServerSideTranslatorPB.java:226) ~[ozone-manager-1.4.0-SNAPSHOT.jar:?]
	at org.apache.hadoop.ozone.protocolPB.OzoneManagerProtocolServerSideTranslatorPB.processRequest(OzoneManagerProtocolServerSideTranslatorPB.java:175) ~[ozone-manager-1.4.0-SNAPSHOT.jar:?]
	at org.apache.hadoop.hdds.server.OzoneProtocolMessageDispatcher.processRequest(OzoneProtocolMessageDispatcher.java:87) [hdds-server-framework-1.4.0-SNAPSHOT.jar:?]
	at org.apache.hadoop.ozone.protocolPB.OzoneManagerProtocolServerSideTranslatorPB.submitRequest(OzoneManagerProtocolServerSideTranslatorPB.java:147) [ozone-manager-1.4.0-SNAPSHOT.jar:?]
	at org.apache.hadoop.ozone.protocol.proto.OzoneManagerProtocolProtos$OzoneManagerService$2.callBlockingMethod(OzoneManagerProtocolProtos.java) [ozone-interface-client-1.4.0-SNAPSHOT.jar:?]
	at org.apache.hadoop.ipc.ProtobufRpcEngine$Server.processCall(ProtobufRpcEngine.java:465) [hadoop-common-3.3.4.jar:?]
	at org.apache.hadoop.ipc.ProtobufRpcEngine2$Server$ProtoBufRpcInvoker.call(ProtobufRpcEngine2.java:578) [hadoop-common-3.3.4.jar:?]
	at org.apache.hadoop.ipc.ProtobufRpcEngine2$Server$ProtoBufRpcInvoker.call(ProtobufRpcEngine2.java:556) [hadoop-common-3.3.4.jar:?]
	at org.apache.hadoop.ipc.RPC$Server.call(RPC.java:1093) [hadoop-common-3.3.4.jar:?]
	at org.apache.hadoop.ipc.Server$RpcCall.run(Server.java:1043) [hadoop-common-3.3.4.jar:?]
	at org.apache.hadoop.ipc.Server$RpcCall.run(Server.java:971) [hadoop-common-3.3.4.jar:?]
	at java.security.AccessController.doPrivileged(Native Method) ~[?:1.8.0_352]
	at javax.security.auth.Subject.doAs(Subject.java:422) [?:1.8.0_352]
	at org.apache.hadoop.security.UserGroupInformation.doAs(UserGroupInformation.java:1878) [hadoop-common-3.3.4.jar:?]
	at org.apache.hadoop.ipc.Server$Handler.run(Server.java:2976) [hadoop-common-3.3.4.jar:?]
10:08:17.072 [IPC Server handler 3 on default port 46431] ERROR OMAudit - user=runner | ip=127.0.0.1 | op=GET_FILE_STATUS {volume=volume30750, bucket=bucket79142, key=level0/level3, dataSize=0, replicationConfig=null} | ret=FAILURE
org.apache.hadoop.ozone.om.exceptions.OMException: Unable to get file status: volume: volume30750 bucket: bucket79142 key: level0/level3
	at org.apache.hadoop.ozone.om.KeyManagerImpl.getOzoneFileStatus(KeyManagerImpl.java:1301) ~[ozone-manager-1.4.0-SNAPSHOT.jar:?]
	at org.apache.hadoop.ozone.om.KeyManagerImpl.getFileStatus(KeyManagerImpl.java:1219) ~[ozone-manager-1.4.0-SNAPSHOT.jar:?]
	at org.apache.hadoop.ozone.om.OzoneManager.getFileStatus(OzoneManager.java:3578) ~[ozone-manager-1.4.0-SNAPSHOT.jar:?]
	at org.apache.hadoop.ozone.protocolPB.OzoneManagerRequestHandler.getOzoneFileStatus(OzoneManagerRequestHandler.java:907) ~[ozone-manager-1.4.0-SNAPSHOT.jar:?]
	at org.apache.hadoop.ozone.protocolPB.OzoneManagerRequestHandler.handleReadRequest(OzoneManagerRequestHandler.java:231) ~[ozone-manager-1.4.0-SNAPSHOT.jar:?]
	at org.apache.hadoop.ozone.protocolPB.OzoneManagerProtocolServerSideTranslatorPB.submitReadRequestToOM(OzoneManagerProtocolServerSideTranslatorPB.java:226) ~[ozone-manager-1.4.0-SNAPSHOT.jar:?]
	at org.apache.hadoop.ozone.protocolPB.OzoneManagerProtocolServerSideTranslatorPB.processRequest(OzoneManagerProtocolServerSideTranslatorPB.java:175) ~[ozone-manager-1.4.0-SNAPSHOT.jar:?]
	at org.apache.hadoop.hdds.server.OzoneProtocolMessageDispatcher.processRequest(OzoneProtocolMessageDispatcher.java:87) [hdds-server-framework-1.4.0-SNAPSHOT.jar:?]
	at org.apache.hadoop.ozone.protocolPB.OzoneManagerProtocolServerSideTranslatorPB.submitRequest(OzoneManagerProtocolServerSideTranslatorPB.java:147) [ozone-manager-1.4.0-SNAPSHOT.jar:?]
	at org.apache.hadoop.ozone.protocol.proto.OzoneManagerProtocolProtos$OzoneManagerService$2.callBlockingMethod(OzoneManagerProtocolProtos.java) [ozone-interface-client-1.4.0-SNAPSHOT.jar:?]
	at org.apache.hadoop.ipc.ProtobufRpcEngine$Server.processCall(ProtobufRpcEngine.java:465) [hadoop-common-3.3.4.jar:?]
	at org.apache.hadoop.ipc.ProtobufRpcEngine2$Server$ProtoBufRpcInvoker.call(ProtobufRpcEngine2.java:578) [hadoop-common-3.3.4.jar:?]
	at org.apache.hadoop.ipc.ProtobufRpcEngine2$Server$ProtoBufRpcInvoker.call(ProtobufRpcEngine2.java:556) [hadoop-common-3.3.4.jar:?]
	at org.apache.hadoop.ipc.RPC$Server.call(RPC.java:1093) [hadoop-common-3.3.4.jar:?]
	at org.apache.hadoop.ipc.Server$RpcCall.run(Server.java:1043) [hadoop-common-3.3.4.jar:?]
	at org.apache.hadoop.ipc.Server$RpcCall.run(Server.java:971) [hadoop-common-3.3.4.jar:?]
	at java.security.AccessController.doPrivileged(Native Method) ~[?:1.8.0_352]
	at javax.security.auth.Subject.doAs(Subject.java:422) [?:1.8.0_352]
	at org.apache.hadoop.security.UserGroupInformation.doAs(UserGroupInformation.java:1878) [hadoop-common-3.3.4.jar:?]
	at org.apache.hadoop.ipc.Server$Handler.run(Server.java:2976) [hadoop-common-3.3.4.jar:?]
10:08:17.073 [IPC Server handler 1 on default port 46431] ERROR OMAudit - user=runner | ip=127.0.0.1 | op=GET_FILE_STATUS {volume=volume30750, bucket=bucket79142, key=level0/level3/level3, dataSize=0, replicationConfig=null} | ret=FAILURE
org.apache.hadoop.ozone.om.exceptions.OMException: Unable to get file status: volume: volume30750 bucket: bucket79142 key: level0/level3/level3
	at org.apache.hadoop.ozone.om.KeyManagerImpl.getOzoneFileStatus(KeyManagerImpl.java:1301) ~[ozone-manager-1.4.0-SNAPSHOT.jar:?]
	at org.apache.hadoop.ozone.om.KeyManagerImpl.getFileStatus(KeyManagerImpl.java:1219) ~[ozone-manager-1.4.0-SNAPSHOT.jar:?]
	at org.apache.hadoop.ozone.om.OzoneManager.getFileStatus(OzoneManager.java:3578) ~[ozone-manager-1.4.0-SNAPSHOT.jar:?]
	at org.apache.hadoop.ozone.protocolPB.OzoneManagerRequestHandler.getOzoneFileStatus(OzoneManagerRequestHandler.java:907) ~[ozone-manager-1.4.0-SNAPSHOT.jar:?]
	at org.apache.hadoop.ozone.protocolPB.OzoneManagerRequestHandler.handleReadRequest(OzoneManagerRequestHandler.java:231) ~[ozone-manager-1.4.0-SNAPSHOT.jar:?]
	at org.apache.hadoop.ozone.protocolPB.OzoneManagerProtocolServerSideTranslatorPB.submitReadRequestToOM(OzoneManagerProtocolServerSideTranslatorPB.java:226) ~[ozone-manager-1.4.0-SNAPSHOT.jar:?]
	at org.apache.hadoop.ozone.protocolPB.OzoneManagerProtocolServerSideTranslatorPB.processRequest(OzoneManagerProtocolServerSideTranslatorPB.java:175) ~[ozone-manager-1.4.0-SNAPSHOT.jar:?]
	at org.apache.hadoop.hdds.server.OzoneProtocolMessageDispatcher.processRequest(OzoneProtocolMessageDispatcher.java:87) [hdds-server-framework-1.4.0-SNAPSHOT.jar:?]
	at org.apache.hadoop.ozone.protocolPB.OzoneManagerProtocolServerSideTranslatorPB.submitRequest(OzoneManagerProtocolServerSideTranslatorPB.java:147) [ozone-manager-1.4.0-SNAPSHOT.jar:?]
	at org.apache.hadoop.ozone.protocol.proto.OzoneManagerProtocolProtos$OzoneManagerService$2.callBlockingMethod(OzoneManagerProtocolProtos.java) [ozone-interface-client-1.4.0-SNAPSHOT.jar:?]
	at org.apache.hadoop.ipc.ProtobufRpcEngine$Server.processCall(ProtobufRpcEngine.java:465) [hadoop-common-3.3.4.jar:?]
	at org.apache.hadoop.ipc.ProtobufRpcEngine2$Server$ProtoBufRpcInvoker.call(ProtobufRpcEngine2.java:578) [hadoop-common-3.3.4.jar:?]
	at org.apache.hadoop.ipc.ProtobufRpcEngine2$Server$ProtoBufRpcInvoker.call(ProtobufRpcEngine2.java:556) [hadoop-common-3.3.4.jar:?]
	at org.apache.hadoop.ipc.RPC$Server.call(RPC.java:1093) [hadoop-common-3.3.4.jar:?]
	at org.apache.hadoop.ipc.Server$RpcCall.run(Server.java:1043) [hadoop-common-3.3.4.jar:?]
	at org.apache.hadoop.ipc.Server$RpcCall.run(Server.java:971) [hadoop-common-3.3.4.jar:?]
	at java.security.AccessController.doPrivileged(Native Method) ~[?:1.8.0_352]
	at javax.security.auth.Subject.doAs(Subject.java:422) [?:1.8.0_352]
	at org.apache.hadoop.security.UserGroupInformation.doAs(UserGroupInformation.java:1878) [hadoop-common-3.3.4.jar:?]
	at org.apache.hadoop.ipc.Server$Handler.run(Server.java:2976) [hadoop-common-3.3.4.jar:?]
10:08:17.074 [IPC Server handler 4 on default port 46431] ERROR OMAudit - user=runner | ip=127.0.0.1 | op=GET_FILE_STATUS {volume=volume30750, bucket=bucket79142, key=level0/level3/file1, dataSize=0, replicationConfig=null} | ret=FAILURE
org.apache.hadoop.ozone.om.exceptions.OMException: Unable to get file status: volume: volume30750 bucket: bucket79142 key: level0/level3/file1
	at org.apache.hadoop.ozone.om.KeyManagerImpl.getOzoneFileStatus(KeyManagerImpl.java:1301) ~[ozone-manager-1.4.0-SNAPSHOT.jar:?]
	at org.apache.hadoop.ozone.om.KeyManagerImpl.getFileStatus(KeyManagerImpl.java:1219) ~[ozone-manager-1.4.0-SNAPSHOT.jar:?]
	at org.apache.hadoop.ozone.om.OzoneManager.getFileStatus(OzoneManager.java:3578) ~[ozone-manager-1.4.0-SNAPSHOT.jar:?]
	at org.apache.hadoop.ozone.protocolPB.OzoneManagerRequestHandler.getOzoneFileStatus(OzoneManagerRequestHandler.java:907) ~[ozone-manager-1.4.0-SNAPSHOT.jar:?]
	at org.apache.hadoop.ozone.protocolPB.OzoneManagerRequestHandler.handleReadRequest(OzoneManagerRequestHandler.java:231) ~[ozone-manager-1.4.0-SNAPSHOT.jar:?]
	at org.apache.hadoop.ozone.protocolPB.OzoneManagerProtocolServerSideTranslatorPB.submitReadRequestToOM(OzoneManagerProtocolServerSideTranslatorPB.java:226) ~[ozone-manager-1.4.0-SNAPSHOT.jar:?]
	at org.apache.hadoop.ozone.protocolPB.OzoneManagerProtocolServerSideTranslatorPB.processRequest(OzoneManagerProtocolServerSideTranslatorPB.java:175) ~[ozone-manager-1.4.0-SNAPSHOT.jar:?]
	at org.apache.hadoop.hdds.server.OzoneProtocolMessageDispatcher.processRequest(OzoneProtocolMessageDispatcher.java:87) [hdds-server-framework-1.4.0-SNAPSHOT.jar:?]
	at org.apache.hadoop.ozone.protocolPB.OzoneManagerProtocolServerSideTranslatorPB.submitRequest(OzoneManagerProtocolServerSideTranslatorPB.java:147) [ozone-manager-1.4.0-SNAPSHOT.jar:?]
	at org.apache.hadoop.ozone.protocol.proto.OzoneManagerProtocolProtos$OzoneManagerService$2.callBlockingMethod(OzoneManagerProtocolProtos.java) [ozone-interface-client-1.4.0-SNAPSHOT.jar:?]
	at org.apache.hadoop.ipc.ProtobufRpcEngine$Server.processCall(ProtobufRpcEngine.java:465) [hadoop-common-3.3.4.jar:?]
	at org.apache.hadoop.ipc.ProtobufRpcEngine2$Server$ProtoBufRpcInvoker.call(ProtobufRpcEngine2.java:578) [hadoop-common-3.3.4.jar:?]
	at org.apache.hadoop.ipc.ProtobufRpcEngine2$Server$ProtoBufRpcInvoker.call(ProtobufRpcEngine2.java:556) [hadoop-common-3.3.4.jar:?]
	at org.apache.hadoop.ipc.RPC$Server.call(RPC.java:1093) [hadoop-common-3.3.4.jar:?]
	at org.apache.hadoop.ipc.Server$RpcCall.run(Server.java:1043) [hadoop-common-3.3.4.jar:?]
	at org.apache.hadoop.ipc.Server$RpcCall.run(Server.java:971) [hadoop-common-3.3.4.jar:?]
	at java.security.AccessController.doPrivileged(Native Method) ~[?:1.8.0_352]
	at javax.security.auth.Subject.doAs(Subject.java:422) [?:1.8.0_352]
	at org.apache.hadoop.security.UserGroupInformation.doAs(UserGroupInformation.java:1878) [hadoop-common-3.3.4.jar:?]
	at org.apache.hadoop.ipc.Server$Handler.run(Server.java:2976) [hadoop-common-3.3.4.jar:?]
10:08:17.074 [IPC Server handler 5 on default port 46431] ERROR OMAudit - user=runner | ip=127.0.0.1 | op=GET_FILE_STATUS {volume=volume30750, bucket=bucket79142, key=level0/level3/level3/file1, dataSize=0, replicationConfig=null} | ret=FAILURE
org.apache.hadoop.ozone.om.exceptions.OMException: Unable to get file status: volume: volume30750 bucket: bucket79142 key: level0/level3/level3/file1
	at org.apache.hadoop.ozone.om.KeyManagerImpl.getOzoneFileStatus(KeyManagerImpl.java:1301) ~[ozone-manager-1.4.0-SNAPSHOT.jar:?]
	at org.apache.hadoop.ozone.om.KeyManagerImpl.getFileStatus(KeyManagerImpl.java:1219) ~[ozone-manager-1.4.0-SNAPSHOT.jar:?]
	at org.apache.hadoop.ozone.om.OzoneManager.getFileStatus(OzoneManager.java:3578) ~[ozone-manager-1.4.0-SNAPSHOT.jar:?]
	at org.apache.hadoop.ozone.protocolPB.OzoneManagerRequestHandler.getOzoneFileStatus(OzoneManagerRequestHandler.java:907) ~[ozone-manager-1.4.0-SNAPSHOT.jar:?]
	at org.apache.hadoop.ozone.protocolPB.OzoneManagerRequestHandler.handleReadRequest(OzoneManagerRequestHandler.java:231) ~[ozone-manager-1.4.0-SNAPSHOT.jar:?]
	at org.apache.hadoop.ozone.protocolPB.OzoneManagerProtocolServerSideTranslatorPB.submitReadRequestToOM(OzoneManagerProtocolServerSideTranslatorPB.java:226) ~[ozone-manager-1.4.0-SNAPSHOT.jar:?]
	at org.apache.hadoop.ozone.protocolPB.OzoneManagerProtocolServerSideTranslatorPB.processRequest(OzoneManagerProtocolServerSideTranslatorPB.java:175) ~[ozone-manager-1.4.0-SNAPSHOT.jar:?]
	at org.apache.hadoop.hdds.server.OzoneProtocolMessageDispatcher.processRequest(OzoneProtocolMessageDispatcher.java:87) [hdds-server-framework-1.4.0-SNAPSHOT.jar:?]
	at org.apache.hadoop.ozone.protocolPB.OzoneManagerProtocolServerSideTranslatorPB.submitRequest(OzoneManagerProtocolServerSideTranslatorPB.java:147) [ozone-manager-1.4.0-SNAPSHOT.jar:?]
	at org.apache.hadoop.ozone.protocol.proto.OzoneManagerProtocolProtos$OzoneManagerService$2.callBlockingMethod(OzoneManagerProtocolProtos.java) [ozone-interface-client-1.4.0-SNAPSHOT.jar:?]
	at org.apache.hadoop.ipc.ProtobufRpcEngine$Server.processCall(ProtobufRpcEngine.java:465) [hadoop-common-3.3.4.jar:?]
	at org.apache.hadoop.ipc.ProtobufRpcEngine2$Server$ProtoBufRpcInvoker.call(ProtobufRpcEngine2.java:578) [hadoop-common-3.3.4.jar:?]
	at org.apache.hadoop.ipc.ProtobufRpcEngine2$Server$ProtoBufRpcInvoker.call(ProtobufRpcEngine2.java:556) [hadoop-common-3.3.4.jar:?]
	at org.apache.hadoop.ipc.RPC$Server.call(RPC.java:1093) [hadoop-common-3.3.4.jar:?]
	at org.apache.hadoop.ipc.Server$RpcCall.run(Server.java:1043) [hadoop-common-3.3.4.jar:?]
	at org.apache.hadoop.ipc.Server$RpcCall.run(Server.java:971) [hadoop-common-3.3.4.jar:?]
	at java.security.AccessController.doPrivileged(Native Method) ~[?:1.8.0_352]
	at javax.security.auth.Subject.doAs(Subject.java:422) [?:1.8.0_352]
	at org.apache.hadoop.security.UserGroupInformation.doAs(UserGroupInformation.java:1878) [hadoop-common-3.3.4.jar:?]
	at org.apache.hadoop.ipc.Server$Handler.run(Server.java:2976) [hadoop-common-3.3.4.jar:?]
]]></system-out>
  </testcase>
  <testcase name="testRecursiveDelete" classname="TestOzoneFileSystem" time="0.084">
    <system-out><![CDATA[2023-01-03 10:09:11,185 [IPC Server handler 0 on default port 33423] INFO  key.OMKeyRequest (OMKeyRequest.java:wrapUncommittedBlocksAsPseudoKey(835)) - Detect allocated but uncommitted blocks [{blockID={containerID=2, localID=111677748019200014}, length=4194304, offset=0, token=null, pipeline=null, createVersion=0, partNumber=0}] in key gdir1/pdir1/child.
2023-01-03 10:09:11,187 [IPC Server handler 2 on default port 33423] INFO  key.OMKeyRequest (OMKeyRequest.java:wrapUncommittedBlocksAsPseudoKey(835)) - Detect allocated but uncommitted blocks [{blockID={containerID=1, localID=111677748019200015}, length=4194304, offset=0, token=null, pipeline=null, createVersion=0, partNumber=0}] in key gdir1/pdir2/child.
2023-01-03 10:09:11,190 [IPC Server handler 5 on default port 33423] INFO  key.OMKeyRequest (OMKeyRequest.java:wrapUncommittedBlocksAsPseudoKey(835)) - Detect allocated but uncommitted blocks [{blockID={containerID=2, localID=111677748019200016}, length=4194304, offset=0, token=null, pipeline=null, createVersion=0, partNumber=0}] in key gdir1/pdir3/child.
2023-01-03 10:09:11,193 [IPC Server handler 7 on default port 33423] INFO  key.OMKeyRequest (OMKeyRequest.java:wrapUncommittedBlocksAsPseudoKey(835)) - Detect allocated but uncommitted blocks [{blockID={containerID=1, localID=111677748019200017}, length=4194304, offset=0, token=null, pipeline=null, createVersion=0, partNumber=0}] in key gdir1/pdir4/child.
2023-01-03 10:09:11,196 [IPC Server handler 9 on default port 33423] INFO  key.OMKeyRequest (OMKeyRequest.java:wrapUncommittedBlocksAsPseudoKey(835)) - Detect allocated but uncommitted blocks [{blockID={containerID=2, localID=111677748019200018}, length=4194304, offset=0, token=null, pipeline=null, createVersion=0, partNumber=0}] in key gdir1/pdir5/child.
2023-01-03 10:09:11,198 [IPC Server handler 11 on default port 33423] INFO  key.OMKeyRequest (OMKeyRequest.java:wrapUncommittedBlocksAsPseudoKey(835)) - Detect allocated but uncommitted blocks [{blockID={containerID=1, localID=111677748019200019}, length=4194304, offset=0, token=null, pipeline=null, createVersion=0, partNumber=0}] in key gdir1/pdir6/child.
2023-01-03 10:09:11,200 [IPC Server handler 13 on default port 33423] INFO  key.OMKeyRequest (OMKeyRequest.java:wrapUncommittedBlocksAsPseudoKey(835)) - Detect allocated but uncommitted blocks [{blockID={containerID=2, localID=111677748019200020}, length=4194304, offset=0, token=null, pipeline=null, createVersion=0, partNumber=0}] in key gdir1/pdir7/child.
2023-01-03 10:09:11,202 [IPC Server handler 15 on default port 33423] INFO  key.OMKeyRequest (OMKeyRequest.java:wrapUncommittedBlocksAsPseudoKey(835)) - Detect allocated but uncommitted blocks [{blockID={containerID=1, localID=111677748019200021}, length=4194304, offset=0, token=null, pipeline=null, createVersion=0, partNumber=0}] in key gdir1/pdir8/child.
2023-01-03 10:09:11,204 [IPC Server handler 17 on default port 33423] INFO  key.OMKeyRequest (OMKeyRequest.java:wrapUncommittedBlocksAsPseudoKey(835)) - Detect allocated but uncommitted blocks [{blockID={containerID=2, localID=111677748019200022}, length=4194304, offset=0, token=null, pipeline=null, createVersion=0, partNumber=0}] in key gdir1/pdir9/child.
2023-01-03 10:09:11,206 [IPC Server handler 19 on default port 33423] INFO  key.OMKeyRequest (OMKeyRequest.java:wrapUncommittedBlocksAsPseudoKey(835)) - Detect allocated but uncommitted blocks [{blockID={containerID=1, localID=111677748019200023}, length=4194304, offset=0, token=null, pipeline=null, createVersion=0, partNumber=0}] in key gdir1/pdir10/child.
10:09:11.212 [IPC Server handler 18 on default port 33423] ERROR OMAudit - user=runner | ip=127.0.0.1 | op=GET_FILE_STATUS {volume=volume03607, bucket=bucket70088, key=gdir1, dataSize=0, replicationConfig=null} | ret=FAILURE
org.apache.hadoop.ozone.om.exceptions.OMException: Unable to get file status: volume: volume03607 bucket: bucket70088 key: gdir1
	at org.apache.hadoop.ozone.om.KeyManagerImpl.getOzoneFileStatus(KeyManagerImpl.java:1301) ~[ozone-manager-1.4.0-SNAPSHOT.jar:?]
	at org.apache.hadoop.ozone.om.KeyManagerImpl.getFileStatus(KeyManagerImpl.java:1219) ~[ozone-manager-1.4.0-SNAPSHOT.jar:?]
	at org.apache.hadoop.ozone.om.OzoneManager.getFileStatus(OzoneManager.java:3578) ~[ozone-manager-1.4.0-SNAPSHOT.jar:?]
	at org.apache.hadoop.ozone.protocolPB.OzoneManagerRequestHandler.getOzoneFileStatus(OzoneManagerRequestHandler.java:907) ~[ozone-manager-1.4.0-SNAPSHOT.jar:?]
	at org.apache.hadoop.ozone.protocolPB.OzoneManagerRequestHandler.handleReadRequest(OzoneManagerRequestHandler.java:231) ~[ozone-manager-1.4.0-SNAPSHOT.jar:?]
	at org.apache.hadoop.ozone.protocolPB.OzoneManagerProtocolServerSideTranslatorPB.submitRequestDirectlyToOM(OzoneManagerProtocolServerSideTranslatorPB.java:276) ~[ozone-manager-1.4.0-SNAPSHOT.jar:?]
	at org.apache.hadoop.ozone.protocolPB.OzoneManagerProtocolServerSideTranslatorPB.processRequest(OzoneManagerProtocolServerSideTranslatorPB.java:205) ~[ozone-manager-1.4.0-SNAPSHOT.jar:?]
	at org.apache.hadoop.hdds.server.OzoneProtocolMessageDispatcher.processRequest(OzoneProtocolMessageDispatcher.java:87) [hdds-server-framework-1.4.0-SNAPSHOT.jar:?]
	at org.apache.hadoop.ozone.protocolPB.OzoneManagerProtocolServerSideTranslatorPB.submitRequest(OzoneManagerProtocolServerSideTranslatorPB.java:147) [ozone-manager-1.4.0-SNAPSHOT.jar:?]
	at org.apache.hadoop.ozone.protocol.proto.OzoneManagerProtocolProtos$OzoneManagerService$2.callBlockingMethod(OzoneManagerProtocolProtos.java) [ozone-interface-client-1.4.0-SNAPSHOT.jar:?]
	at org.apache.hadoop.ipc.ProtobufRpcEngine$Server.processCall(ProtobufRpcEngine.java:465) [hadoop-common-3.3.4.jar:?]
	at org.apache.hadoop.ipc.ProtobufRpcEngine2$Server$ProtoBufRpcInvoker.call(ProtobufRpcEngine2.java:578) [hadoop-common-3.3.4.jar:?]
	at org.apache.hadoop.ipc.ProtobufRpcEngine2$Server$ProtoBufRpcInvoker.call(ProtobufRpcEngine2.java:556) [hadoop-common-3.3.4.jar:?]
	at org.apache.hadoop.ipc.RPC$Server.call(RPC.java:1093) [hadoop-common-3.3.4.jar:?]
	at org.apache.hadoop.ipc.Server$RpcCall.run(Server.java:1043) [hadoop-common-3.3.4.jar:?]
	at org.apache.hadoop.ipc.Server$RpcCall.run(Server.java:971) [hadoop-common-3.3.4.jar:?]
	at java.security.AccessController.doPrivileged(Native Method) ~[?:1.8.0_352]
	at javax.security.auth.Subject.doAs(Subject.java:422) [?:1.8.0_352]
	at org.apache.hadoop.security.UserGroupInformation.doAs(UserGroupInformation.java:1878) [hadoop-common-3.3.4.jar:?]
	at org.apache.hadoop.ipc.Server$Handler.run(Server.java:2976) [hadoop-common-3.3.4.jar:?]
10:09:11.214 [IPC Server handler 19 on default port 33423] ERROR OMAudit - user=runner | ip=127.0.0.1 | op=GET_FILE_STATUS {volume=volume03607, bucket=bucket70088, key=gdir1/dir1, dataSize=0, replicationConfig=null} | ret=FAILURE
org.apache.hadoop.ozone.om.exceptions.OMException: Unable to get file status: volume: volume03607 bucket: bucket70088 key: gdir1/dir1
	at org.apache.hadoop.ozone.om.KeyManagerImpl.getOzoneFileStatus(KeyManagerImpl.java:1301) ~[ozone-manager-1.4.0-SNAPSHOT.jar:?]
	at org.apache.hadoop.ozone.om.KeyManagerImpl.getFileStatus(KeyManagerImpl.java:1219) ~[ozone-manager-1.4.0-SNAPSHOT.jar:?]
	at org.apache.hadoop.ozone.om.OzoneManager.getFileStatus(OzoneManager.java:3578) ~[ozone-manager-1.4.0-SNAPSHOT.jar:?]
	at org.apache.hadoop.ozone.protocolPB.OzoneManagerRequestHandler.getOzoneFileStatus(OzoneManagerRequestHandler.java:907) ~[ozone-manager-1.4.0-SNAPSHOT.jar:?]
	at org.apache.hadoop.ozone.protocolPB.OzoneManagerRequestHandler.handleReadRequest(OzoneManagerRequestHandler.java:231) ~[ozone-manager-1.4.0-SNAPSHOT.jar:?]
	at org.apache.hadoop.ozone.protocolPB.OzoneManagerProtocolServerSideTranslatorPB.submitRequestDirectlyToOM(OzoneManagerProtocolServerSideTranslatorPB.java:276) ~[ozone-manager-1.4.0-SNAPSHOT.jar:?]
	at org.apache.hadoop.ozone.protocolPB.OzoneManagerProtocolServerSideTranslatorPB.processRequest(OzoneManagerProtocolServerSideTranslatorPB.java:205) ~[ozone-manager-1.4.0-SNAPSHOT.jar:?]
	at org.apache.hadoop.hdds.server.OzoneProtocolMessageDispatcher.processRequest(OzoneProtocolMessageDispatcher.java:87) [hdds-server-framework-1.4.0-SNAPSHOT.jar:?]
	at org.apache.hadoop.ozone.protocolPB.OzoneManagerProtocolServerSideTranslatorPB.submitRequest(OzoneManagerProtocolServerSideTranslatorPB.java:147) [ozone-manager-1.4.0-SNAPSHOT.jar:?]
	at org.apache.hadoop.ozone.protocol.proto.OzoneManagerProtocolProtos$OzoneManagerService$2.callBlockingMethod(OzoneManagerProtocolProtos.java) [ozone-interface-client-1.4.0-SNAPSHOT.jar:?]
	at org.apache.hadoop.ipc.ProtobufRpcEngine$Server.processCall(ProtobufRpcEngine.java:465) [hadoop-common-3.3.4.jar:?]
	at org.apache.hadoop.ipc.ProtobufRpcEngine2$Server$ProtoBufRpcInvoker.call(ProtobufRpcEngine2.java:578) [hadoop-common-3.3.4.jar:?]
	at org.apache.hadoop.ipc.ProtobufRpcEngine2$Server$ProtoBufRpcInvoker.call(ProtobufRpcEngine2.java:556) [hadoop-common-3.3.4.jar:?]
	at org.apache.hadoop.ipc.RPC$Server.call(RPC.java:1093) [hadoop-common-3.3.4.jar:?]
	at org.apache.hadoop.ipc.Server$RpcCall.run(Server.java:1043) [hadoop-common-3.3.4.jar:?]
	at org.apache.hadoop.ipc.Server$RpcCall.run(Server.java:971) [hadoop-common-3.3.4.jar:?]
	at java.security.AccessController.doPrivileged(Native Method) ~[?:1.8.0_352]
	at javax.security.auth.Subject.doAs(Subject.java:422) [?:1.8.0_352]
	at org.apache.hadoop.security.UserGroupInformation.doAs(UserGroupInformation.java:1878) [hadoop-common-3.3.4.jar:?]
	at org.apache.hadoop.ipc.Server$Handler.run(Server.java:2976) [hadoop-common-3.3.4.jar:?]
10:09:11.214 [IPC Server handler 1 on default port 33423] ERROR OMAudit - user=runner | ip=127.0.0.1 | op=GET_FILE_STATUS {volume=volume03607, bucket=bucket70088, key=gdir1/dir1/child, dataSize=0, replicationConfig=null} | ret=FAILURE
org.apache.hadoop.ozone.om.exceptions.OMException: Unable to get file status: volume: volume03607 bucket: bucket70088 key: gdir1/dir1/child
	at org.apache.hadoop.ozone.om.KeyManagerImpl.getOzoneFileStatus(KeyManagerImpl.java:1301) ~[ozone-manager-1.4.0-SNAPSHOT.jar:?]
	at org.apache.hadoop.ozone.om.KeyManagerImpl.getFileStatus(KeyManagerImpl.java:1219) ~[ozone-manager-1.4.0-SNAPSHOT.jar:?]
	at org.apache.hadoop.ozone.om.OzoneManager.getFileStatus(OzoneManager.java:3578) ~[ozone-manager-1.4.0-SNAPSHOT.jar:?]
	at org.apache.hadoop.ozone.protocolPB.OzoneManagerRequestHandler.getOzoneFileStatus(OzoneManagerRequestHandler.java:907) ~[ozone-manager-1.4.0-SNAPSHOT.jar:?]
	at org.apache.hadoop.ozone.protocolPB.OzoneManagerRequestHandler.handleReadRequest(OzoneManagerRequestHandler.java:231) ~[ozone-manager-1.4.0-SNAPSHOT.jar:?]
	at org.apache.hadoop.ozone.protocolPB.OzoneManagerProtocolServerSideTranslatorPB.submitRequestDirectlyToOM(OzoneManagerProtocolServerSideTranslatorPB.java:276) ~[ozone-manager-1.4.0-SNAPSHOT.jar:?]
	at org.apache.hadoop.ozone.protocolPB.OzoneManagerProtocolServerSideTranslatorPB.processRequest(OzoneManagerProtocolServerSideTranslatorPB.java:205) ~[ozone-manager-1.4.0-SNAPSHOT.jar:?]
	at org.apache.hadoop.hdds.server.OzoneProtocolMessageDispatcher.processRequest(OzoneProtocolMessageDispatcher.java:87) [hdds-server-framework-1.4.0-SNAPSHOT.jar:?]
	at org.apache.hadoop.ozone.protocolPB.OzoneManagerProtocolServerSideTranslatorPB.submitRequest(OzoneManagerProtocolServerSideTranslatorPB.java:147) [ozone-manager-1.4.0-SNAPSHOT.jar:?]
	at org.apache.hadoop.ozone.protocol.proto.OzoneManagerProtocolProtos$OzoneManagerService$2.callBlockingMethod(OzoneManagerProtocolProtos.java) [ozone-interface-client-1.4.0-SNAPSHOT.jar:?]
	at org.apache.hadoop.ipc.ProtobufRpcEngine$Server.processCall(ProtobufRpcEngine.java:465) [hadoop-common-3.3.4.jar:?]
	at org.apache.hadoop.ipc.ProtobufRpcEngine2$Server$ProtoBufRpcInvoker.call(ProtobufRpcEngine2.java:578) [hadoop-common-3.3.4.jar:?]
	at org.apache.hadoop.ipc.ProtobufRpcEngine2$Server$ProtoBufRpcInvoker.call(ProtobufRpcEngine2.java:556) [hadoop-common-3.3.4.jar:?]
	at org.apache.hadoop.ipc.RPC$Server.call(RPC.java:1093) [hadoop-common-3.3.4.jar:?]
	at org.apache.hadoop.ipc.Server$RpcCall.run(Server.java:1043) [hadoop-common-3.3.4.jar:?]
	at org.apache.hadoop.ipc.Server$RpcCall.run(Server.java:971) [hadoop-common-3.3.4.jar:?]
	at java.security.AccessController.doPrivileged(Native Method) ~[?:1.8.0_352]
	at javax.security.auth.Subject.doAs(Subject.java:422) [?:1.8.0_352]
	at org.apache.hadoop.security.UserGroupInformation.doAs(UserGroupInformation.java:1878) [hadoop-common-3.3.4.jar:?]
	at org.apache.hadoop.ipc.Server$Handler.run(Server.java:2976) [hadoop-common-3.3.4.jar:?]
10:09:11.215 [IPC Server handler 0 on default port 33423] ERROR OMAudit - user=runner | ip=127.0.0.1 | op=GET_FILE_STATUS {volume=volume03607, bucket=bucket70088, key=gdir1/dir2, dataSize=0, replicationConfig=null} | ret=FAILURE
org.apache.hadoop.ozone.om.exceptions.OMException: Unable to get file status: volume: volume03607 bucket: bucket70088 key: gdir1/dir2
	at org.apache.hadoop.ozone.om.KeyManagerImpl.getOzoneFileStatus(KeyManagerImpl.java:1301) ~[ozone-manager-1.4.0-SNAPSHOT.jar:?]
	at org.apache.hadoop.ozone.om.KeyManagerImpl.getFileStatus(KeyManagerImpl.java:1219) ~[ozone-manager-1.4.0-SNAPSHOT.jar:?]
	at org.apache.hadoop.ozone.om.OzoneManager.getFileStatus(OzoneManager.java:3578) ~[ozone-manager-1.4.0-SNAPSHOT.jar:?]
	at org.apache.hadoop.ozone.protocolPB.OzoneManagerRequestHandler.getOzoneFileStatus(OzoneManagerRequestHandler.java:907) ~[ozone-manager-1.4.0-SNAPSHOT.jar:?]
	at org.apache.hadoop.ozone.protocolPB.OzoneManagerRequestHandler.handleReadRequest(OzoneManagerRequestHandler.java:231) ~[ozone-manager-1.4.0-SNAPSHOT.jar:?]
	at org.apache.hadoop.ozone.protocolPB.OzoneManagerProtocolServerSideTranslatorPB.submitRequestDirectlyToOM(OzoneManagerProtocolServerSideTranslatorPB.java:276) ~[ozone-manager-1.4.0-SNAPSHOT.jar:?]
	at org.apache.hadoop.ozone.protocolPB.OzoneManagerProtocolServerSideTranslatorPB.processRequest(OzoneManagerProtocolServerSideTranslatorPB.java:205) ~[ozone-manager-1.4.0-SNAPSHOT.jar:?]
	at org.apache.hadoop.hdds.server.OzoneProtocolMessageDispatcher.processRequest(OzoneProtocolMessageDispatcher.java:87) [hdds-server-framework-1.4.0-SNAPSHOT.jar:?]
	at org.apache.hadoop.ozone.protocolPB.OzoneManagerProtocolServerSideTranslatorPB.submitRequest(OzoneManagerProtocolServerSideTranslatorPB.java:147) [ozone-manager-1.4.0-SNAPSHOT.jar:?]
	at org.apache.hadoop.ozone.protocol.proto.OzoneManagerProtocolProtos$OzoneManagerService$2.callBlockingMethod(OzoneManagerProtocolProtos.java) [ozone-interface-client-1.4.0-SNAPSHOT.jar:?]
	at org.apache.hadoop.ipc.ProtobufRpcEngine$Server.processCall(ProtobufRpcEngine.java:465) [hadoop-common-3.3.4.jar:?]
	at org.apache.hadoop.ipc.ProtobufRpcEngine2$Server$ProtoBufRpcInvoker.call(ProtobufRpcEngine2.java:578) [hadoop-common-3.3.4.jar:?]
	at org.apache.hadoop.ipc.ProtobufRpcEngine2$Server$ProtoBufRpcInvoker.call(ProtobufRpcEngine2.java:556) [hadoop-common-3.3.4.jar:?]
	at org.apache.hadoop.ipc.RPC$Server.call(RPC.java:1093) [hadoop-common-3.3.4.jar:?]
	at org.apache.hadoop.ipc.Server$RpcCall.run(Server.java:1043) [hadoop-common-3.3.4.jar:?]
	at org.apache.hadoop.ipc.Server$RpcCall.run(Server.java:971) [hadoop-common-3.3.4.jar:?]
	at java.security.AccessController.doPrivileged(Native Method) ~[?:1.8.0_352]
	at javax.security.auth.Subject.doAs(Subject.java:422) [?:1.8.0_352]
	at org.apache.hadoop.security.UserGroupInformation.doAs(UserGroupInformation.java:1878) [hadoop-common-3.3.4.jar:?]
	at org.apache.hadoop.ipc.Server$Handler.run(Server.java:2976) [hadoop-common-3.3.4.jar:?]
10:09:11.215 [IPC Server handler 3 on default port 33423] ERROR OMAudit - user=runner | ip=127.0.0.1 | op=GET_FILE_STATUS {volume=volume03607, bucket=bucket70088, key=gdir1/dir2/child, dataSize=0, replicationConfig=null} | ret=FAILURE
org.apache.hadoop.ozone.om.exceptions.OMException: Unable to get file status: volume: volume03607 bucket: bucket70088 key: gdir1/dir2/child
	at org.apache.hadoop.ozone.om.KeyManagerImpl.getOzoneFileStatus(KeyManagerImpl.java:1301) ~[ozone-manager-1.4.0-SNAPSHOT.jar:?]
	at org.apache.hadoop.ozone.om.KeyManagerImpl.getFileStatus(KeyManagerImpl.java:1219) ~[ozone-manager-1.4.0-SNAPSHOT.jar:?]
	at org.apache.hadoop.ozone.om.OzoneManager.getFileStatus(OzoneManager.java:3578) ~[ozone-manager-1.4.0-SNAPSHOT.jar:?]
	at org.apache.hadoop.ozone.protocolPB.OzoneManagerRequestHandler.getOzoneFileStatus(OzoneManagerRequestHandler.java:907) ~[ozone-manager-1.4.0-SNAPSHOT.jar:?]
	at org.apache.hadoop.ozone.protocolPB.OzoneManagerRequestHandler.handleReadRequest(OzoneManagerRequestHandler.java:231) ~[ozone-manager-1.4.0-SNAPSHOT.jar:?]
	at org.apache.hadoop.ozone.protocolPB.OzoneManagerProtocolServerSideTranslatorPB.submitRequestDirectlyToOM(OzoneManagerProtocolServerSideTranslatorPB.java:276) ~[ozone-manager-1.4.0-SNAPSHOT.jar:?]
	at org.apache.hadoop.ozone.protocolPB.OzoneManagerProtocolServerSideTranslatorPB.processRequest(OzoneManagerProtocolServerSideTranslatorPB.java:205) ~[ozone-manager-1.4.0-SNAPSHOT.jar:?]
	at org.apache.hadoop.hdds.server.OzoneProtocolMessageDispatcher.processRequest(OzoneProtocolMessageDispatcher.java:87) [hdds-server-framework-1.4.0-SNAPSHOT.jar:?]
	at org.apache.hadoop.ozone.protocolPB.OzoneManagerProtocolServerSideTranslatorPB.submitRequest(OzoneManagerProtocolServerSideTranslatorPB.java:147) [ozone-manager-1.4.0-SNAPSHOT.jar:?]
	at org.apache.hadoop.ozone.protocol.proto.OzoneManagerProtocolProtos$OzoneManagerService$2.callBlockingMethod(OzoneManagerProtocolProtos.java) [ozone-interface-client-1.4.0-SNAPSHOT.jar:?]
	at org.apache.hadoop.ipc.ProtobufRpcEngine$Server.processCall(ProtobufRpcEngine.java:465) [hadoop-common-3.3.4.jar:?]
	at org.apache.hadoop.ipc.ProtobufRpcEngine2$Server$ProtoBufRpcInvoker.call(ProtobufRpcEngine2.java:578) [hadoop-common-3.3.4.jar:?]
	at org.apache.hadoop.ipc.ProtobufRpcEngine2$Server$ProtoBufRpcInvoker.call(ProtobufRpcEngine2.java:556) [hadoop-common-3.3.4.jar:?]
	at org.apache.hadoop.ipc.RPC$Server.call(RPC.java:1093) [hadoop-common-3.3.4.jar:?]
	at org.apache.hadoop.ipc.Server$RpcCall.run(Server.java:1043) [hadoop-common-3.3.4.jar:?]
	at org.apache.hadoop.ipc.Server$RpcCall.run(Server.java:971) [hadoop-common-3.3.4.jar:?]
	at java.security.AccessController.doPrivileged(Native Method) ~[?:1.8.0_352]
	at javax.security.auth.Subject.doAs(Subject.java:422) [?:1.8.0_352]
	at org.apache.hadoop.security.UserGroupInformation.doAs(UserGroupInformation.java:1878) [hadoop-common-3.3.4.jar:?]
	at org.apache.hadoop.ipc.Server$Handler.run(Server.java:2976) [hadoop-common-3.3.4.jar:?]
10:09:11.216 [IPC Server handler 2 on default port 33423] ERROR OMAudit - user=runner | ip=127.0.0.1 | op=GET_FILE_STATUS {volume=volume03607, bucket=bucket70088, key=gdir1/dir3, dataSize=0, replicationConfig=null} | ret=FAILURE
org.apache.hadoop.ozone.om.exceptions.OMException: Unable to get file status: volume: volume03607 bucket: bucket70088 key: gdir1/dir3
	at org.apache.hadoop.ozone.om.KeyManagerImpl.getOzoneFileStatus(KeyManagerImpl.java:1301) ~[ozone-manager-1.4.0-SNAPSHOT.jar:?]
	at org.apache.hadoop.ozone.om.KeyManagerImpl.getFileStatus(KeyManagerImpl.java:1219) ~[ozone-manager-1.4.0-SNAPSHOT.jar:?]
	at org.apache.hadoop.ozone.om.OzoneManager.getFileStatus(OzoneManager.java:3578) ~[ozone-manager-1.4.0-SNAPSHOT.jar:?]
	at org.apache.hadoop.ozone.protocolPB.OzoneManagerRequestHandler.getOzoneFileStatus(OzoneManagerRequestHandler.java:907) ~[ozone-manager-1.4.0-SNAPSHOT.jar:?]
	at org.apache.hadoop.ozone.protocolPB.OzoneManagerRequestHandler.handleReadRequest(OzoneManagerRequestHandler.java:231) ~[ozone-manager-1.4.0-SNAPSHOT.jar:?]
	at org.apache.hadoop.ozone.protocolPB.OzoneManagerProtocolServerSideTranslatorPB.submitRequestDirectlyToOM(OzoneManagerProtocolServerSideTranslatorPB.java:276) ~[ozone-manager-1.4.0-SNAPSHOT.jar:?]
	at org.apache.hadoop.ozone.protocolPB.OzoneManagerProtocolServerSideTranslatorPB.processRequest(OzoneManagerProtocolServerSideTranslatorPB.java:205) ~[ozone-manager-1.4.0-SNAPSHOT.jar:?]
	at org.apache.hadoop.hdds.server.OzoneProtocolMessageDispatcher.processRequest(OzoneProtocolMessageDispatcher.java:87) [hdds-server-framework-1.4.0-SNAPSHOT.jar:?]
	at org.apache.hadoop.ozone.protocolPB.OzoneManagerProtocolServerSideTranslatorPB.submitRequest(OzoneManagerProtocolServerSideTranslatorPB.java:147) [ozone-manager-1.4.0-SNAPSHOT.jar:?]
	at org.apache.hadoop.ozone.protocol.proto.OzoneManagerProtocolProtos$OzoneManagerService$2.callBlockingMethod(OzoneManagerProtocolProtos.java) [ozone-interface-client-1.4.0-SNAPSHOT.jar:?]
	at org.apache.hadoop.ipc.ProtobufRpcEngine$Server.processCall(ProtobufRpcEngine.java:465) [hadoop-common-3.3.4.jar:?]
	at org.apache.hadoop.ipc.ProtobufRpcEngine2$Server$ProtoBufRpcInvoker.call(ProtobufRpcEngine2.java:578) [hadoop-common-3.3.4.jar:?]
	at org.apache.hadoop.ipc.ProtobufRpcEngine2$Server$ProtoBufRpcInvoker.call(ProtobufRpcEngine2.java:556) [hadoop-common-3.3.4.jar:?]
	at org.apache.hadoop.ipc.RPC$Server.call(RPC.java:1093) [hadoop-common-3.3.4.jar:?]
	at org.apache.hadoop.ipc.Server$RpcCall.run(Server.java:1043) [hadoop-common-3.3.4.jar:?]
	at org.apache.hadoop.ipc.Server$RpcCall.run(Server.java:971) [hadoop-common-3.3.4.jar:?]
	at java.security.AccessController.doPrivileged(Native Method) ~[?:1.8.0_352]
	at javax.security.auth.Subject.doAs(Subject.java:422) [?:1.8.0_352]
	at org.apache.hadoop.security.UserGroupInformation.doAs(UserGroupInformation.java:1878) [hadoop-common-3.3.4.jar:?]
	at org.apache.hadoop.ipc.Server$Handler.run(Server.java:2976) [hadoop-common-3.3.4.jar:?]
10:09:11.216 [IPC Server handler 4 on default port 33423] ERROR OMAudit - user=runner | ip=127.0.0.1 | op=GET_FILE_STATUS {volume=volume03607, bucket=bucket70088, key=gdir1/dir3/child, dataSize=0, replicationConfig=null} | ret=FAILURE
org.apache.hadoop.ozone.om.exceptions.OMException: Unable to get file status: volume: volume03607 bucket: bucket70088 key: gdir1/dir3/child
	at org.apache.hadoop.ozone.om.KeyManagerImpl.getOzoneFileStatus(KeyManagerImpl.java:1301) ~[ozone-manager-1.4.0-SNAPSHOT.jar:?]
	at org.apache.hadoop.ozone.om.KeyManagerImpl.getFileStatus(KeyManagerImpl.java:1219) ~[ozone-manager-1.4.0-SNAPSHOT.jar:?]
	at org.apache.hadoop.ozone.om.OzoneManager.getFileStatus(OzoneManager.java:3578) ~[ozone-manager-1.4.0-SNAPSHOT.jar:?]
	at org.apache.hadoop.ozone.protocolPB.OzoneManagerRequestHandler.getOzoneFileStatus(OzoneManagerRequestHandler.java:907) ~[ozone-manager-1.4.0-SNAPSHOT.jar:?]
	at org.apache.hadoop.ozone.protocolPB.OzoneManagerRequestHandler.handleReadRequest(OzoneManagerRequestHandler.java:231) ~[ozone-manager-1.4.0-SNAPSHOT.jar:?]
	at org.apache.hadoop.ozone.protocolPB.OzoneManagerProtocolServerSideTranslatorPB.submitRequestDirectlyToOM(OzoneManagerProtocolServerSideTranslatorPB.java:276) ~[ozone-manager-1.4.0-SNAPSHOT.jar:?]
	at org.apache.hadoop.ozone.protocolPB.OzoneManagerProtocolServerSideTranslatorPB.processRequest(OzoneManagerProtocolServerSideTranslatorPB.java:205) ~[ozone-manager-1.4.0-SNAPSHOT.jar:?]
	at org.apache.hadoop.hdds.server.OzoneProtocolMessageDispatcher.processRequest(OzoneProtocolMessageDispatcher.java:87) [hdds-server-framework-1.4.0-SNAPSHOT.jar:?]
	at org.apache.hadoop.ozone.protocolPB.OzoneManagerProtocolServerSideTranslatorPB.submitRequest(OzoneManagerProtocolServerSideTranslatorPB.java:147) [ozone-manager-1.4.0-SNAPSHOT.jar:?]
	at org.apache.hadoop.ozone.protocol.proto.OzoneManagerProtocolProtos$OzoneManagerService$2.callBlockingMethod(OzoneManagerProtocolProtos.java) [ozone-interface-client-1.4.0-SNAPSHOT.jar:?]
	at org.apache.hadoop.ipc.ProtobufRpcEngine$Server.processCall(ProtobufRpcEngine.java:465) [hadoop-common-3.3.4.jar:?]
	at org.apache.hadoop.ipc.ProtobufRpcEngine2$Server$ProtoBufRpcInvoker.call(ProtobufRpcEngine2.java:578) [hadoop-common-3.3.4.jar:?]
	at org.apache.hadoop.ipc.ProtobufRpcEngine2$Server$ProtoBufRpcInvoker.call(ProtobufRpcEngine2.java:556) [hadoop-common-3.3.4.jar:?]
	at org.apache.hadoop.ipc.RPC$Server.call(RPC.java:1093) [hadoop-common-3.3.4.jar:?]
	at org.apache.hadoop.ipc.Server$RpcCall.run(Server.java:1043) [hadoop-common-3.3.4.jar:?]
	at org.apache.hadoop.ipc.Server$RpcCall.run(Server.java:971) [hadoop-common-3.3.4.jar:?]
	at java.security.AccessController.doPrivileged(Native Method) ~[?:1.8.0_352]
	at javax.security.auth.Subject.doAs(Subject.java:422) [?:1.8.0_352]
	at org.apache.hadoop.security.UserGroupInformation.doAs(UserGroupInformation.java:1878) [hadoop-common-3.3.4.jar:?]
	at org.apache.hadoop.ipc.Server$Handler.run(Server.java:2976) [hadoop-common-3.3.4.jar:?]
10:09:11.217 [IPC Server handler 5 on default port 33423] ERROR OMAudit - user=runner | ip=127.0.0.1 | op=GET_FILE_STATUS {volume=volume03607, bucket=bucket70088, key=gdir1/dir4, dataSize=0, replicationConfig=null} | ret=FAILURE
org.apache.hadoop.ozone.om.exceptions.OMException: Unable to get file status: volume: volume03607 bucket: bucket70088 key: gdir1/dir4
	at org.apache.hadoop.ozone.om.KeyManagerImpl.getOzoneFileStatus(KeyManagerImpl.java:1301) ~[ozone-manager-1.4.0-SNAPSHOT.jar:?]
	at org.apache.hadoop.ozone.om.KeyManagerImpl.getFileStatus(KeyManagerImpl.java:1219) ~[ozone-manager-1.4.0-SNAPSHOT.jar:?]
	at org.apache.hadoop.ozone.om.OzoneManager.getFileStatus(OzoneManager.java:3578) ~[ozone-manager-1.4.0-SNAPSHOT.jar:?]
	at org.apache.hadoop.ozone.protocolPB.OzoneManagerRequestHandler.getOzoneFileStatus(OzoneManagerRequestHandler.java:907) ~[ozone-manager-1.4.0-SNAPSHOT.jar:?]
	at org.apache.hadoop.ozone.protocolPB.OzoneManagerRequestHandler.handleReadRequest(OzoneManagerRequestHandler.java:231) ~[ozone-manager-1.4.0-SNAPSHOT.jar:?]
	at org.apache.hadoop.ozone.protocolPB.OzoneManagerProtocolServerSideTranslatorPB.submitRequestDirectlyToOM(OzoneManagerProtocolServerSideTranslatorPB.java:276) ~[ozone-manager-1.4.0-SNAPSHOT.jar:?]
	at org.apache.hadoop.ozone.protocolPB.OzoneManagerProtocolServerSideTranslatorPB.processRequest(OzoneManagerProtocolServerSideTranslatorPB.java:205) ~[ozone-manager-1.4.0-SNAPSHOT.jar:?]
	at org.apache.hadoop.hdds.server.OzoneProtocolMessageDispatcher.processRequest(OzoneProtocolMessageDispatcher.java:87) [hdds-server-framework-1.4.0-SNAPSHOT.jar:?]
	at org.apache.hadoop.ozone.protocolPB.OzoneManagerProtocolServerSideTranslatorPB.submitRequest(OzoneManagerProtocolServerSideTranslatorPB.java:147) [ozone-manager-1.4.0-SNAPSHOT.jar:?]
	at org.apache.hadoop.ozone.protocol.proto.OzoneManagerProtocolProtos$OzoneManagerService$2.callBlockingMethod(OzoneManagerProtocolProtos.java) [ozone-interface-client-1.4.0-SNAPSHOT.jar:?]
	at org.apache.hadoop.ipc.ProtobufRpcEngine$Server.processCall(ProtobufRpcEngine.java:465) [hadoop-common-3.3.4.jar:?]
	at org.apache.hadoop.ipc.ProtobufRpcEngine2$Server$ProtoBufRpcInvoker.call(ProtobufRpcEngine2.java:578) [hadoop-common-3.3.4.jar:?]
	at org.apache.hadoop.ipc.ProtobufRpcEngine2$Server$ProtoBufRpcInvoker.call(ProtobufRpcEngine2.java:556) [hadoop-common-3.3.4.jar:?]
	at org.apache.hadoop.ipc.RPC$Server.call(RPC.java:1093) [hadoop-common-3.3.4.jar:?]
	at org.apache.hadoop.ipc.Server$RpcCall.run(Server.java:1043) [hadoop-common-3.3.4.jar:?]
	at org.apache.hadoop.ipc.Server$RpcCall.run(Server.java:971) [hadoop-common-3.3.4.jar:?]
	at java.security.AccessController.doPrivileged(Native Method) ~[?:1.8.0_352]
	at javax.security.auth.Subject.doAs(Subject.java:422) [?:1.8.0_352]
	at org.apache.hadoop.security.UserGroupInformation.doAs(UserGroupInformation.java:1878) [hadoop-common-3.3.4.jar:?]
	at org.apache.hadoop.ipc.Server$Handler.run(Server.java:2976) [hadoop-common-3.3.4.jar:?]
10:09:11.217 [IPC Server handler 6 on default port 33423] ERROR OMAudit - user=runner | ip=127.0.0.1 | op=GET_FILE_STATUS {volume=volume03607, bucket=bucket70088, key=gdir1/dir4/child, dataSize=0, replicationConfig=null} | ret=FAILURE
org.apache.hadoop.ozone.om.exceptions.OMException: Unable to get file status: volume: volume03607 bucket: bucket70088 key: gdir1/dir4/child
	at org.apache.hadoop.ozone.om.KeyManagerImpl.getOzoneFileStatus(KeyManagerImpl.java:1301) ~[ozone-manager-1.4.0-SNAPSHOT.jar:?]
	at org.apache.hadoop.ozone.om.KeyManagerImpl.getFileStatus(KeyManagerImpl.java:1219) ~[ozone-manager-1.4.0-SNAPSHOT.jar:?]
	at org.apache.hadoop.ozone.om.OzoneManager.getFileStatus(OzoneManager.java:3578) ~[ozone-manager-1.4.0-SNAPSHOT.jar:?]
	at org.apache.hadoop.ozone.protocolPB.OzoneManagerRequestHandler.getOzoneFileStatus(OzoneManagerRequestHandler.java:907) ~[ozone-manager-1.4.0-SNAPSHOT.jar:?]
	at org.apache.hadoop.ozone.protocolPB.OzoneManagerRequestHandler.handleReadRequest(OzoneManagerRequestHandler.java:231) ~[ozone-manager-1.4.0-SNAPSHOT.jar:?]
	at org.apache.hadoop.ozone.protocolPB.OzoneManagerProtocolServerSideTranslatorPB.submitRequestDirectlyToOM(OzoneManagerProtocolServerSideTranslatorPB.java:276) ~[ozone-manager-1.4.0-SNAPSHOT.jar:?]
	at org.apache.hadoop.ozone.protocolPB.OzoneManagerProtocolServerSideTranslatorPB.processRequest(OzoneManagerProtocolServerSideTranslatorPB.java:205) ~[ozone-manager-1.4.0-SNAPSHOT.jar:?]
	at org.apache.hadoop.hdds.server.OzoneProtocolMessageDispatcher.processRequest(OzoneProtocolMessageDispatcher.java:87) [hdds-server-framework-1.4.0-SNAPSHOT.jar:?]
	at org.apache.hadoop.ozone.protocolPB.OzoneManagerProtocolServerSideTranslatorPB.submitRequest(OzoneManagerProtocolServerSideTranslatorPB.java:147) [ozone-manager-1.4.0-SNAPSHOT.jar:?]
	at org.apache.hadoop.ozone.protocol.proto.OzoneManagerProtocolProtos$OzoneManagerService$2.callBlockingMethod(OzoneManagerProtocolProtos.java) [ozone-interface-client-1.4.0-SNAPSHOT.jar:?]
	at org.apache.hadoop.ipc.ProtobufRpcEngine$Server.processCall(ProtobufRpcEngine.java:465) [hadoop-common-3.3.4.jar:?]
	at org.apache.hadoop.ipc.ProtobufRpcEngine2$Server$ProtoBufRpcInvoker.call(ProtobufRpcEngine2.java:578) [hadoop-common-3.3.4.jar:?]
	at org.apache.hadoop.ipc.ProtobufRpcEngine2$Server$ProtoBufRpcInvoker.call(ProtobufRpcEngine2.java:556) [hadoop-common-3.3.4.jar:?]
	at org.apache.hadoop.ipc.RPC$Server.call(RPC.java:1093) [hadoop-common-3.3.4.jar:?]
	at org.apache.hadoop.ipc.Server$RpcCall.run(Server.java:1043) [hadoop-common-3.3.4.jar:?]
	at org.apache.hadoop.ipc.Server$RpcCall.run(Server.java:971) [hadoop-common-3.3.4.jar:?]
	at java.security.AccessController.doPrivileged(Native Method) ~[?:1.8.0_352]
	at javax.security.auth.Subject.doAs(Subject.java:422) [?:1.8.0_352]
	at org.apache.hadoop.security.UserGroupInformation.doAs(UserGroupInformation.java:1878) [hadoop-common-3.3.4.jar:?]
	at org.apache.hadoop.ipc.Server$Handler.run(Server.java:2976) [hadoop-common-3.3.4.jar:?]
10:09:11.218 [IPC Server handler 7 on default port 33423] ERROR OMAudit - user=runner | ip=127.0.0.1 | op=GET_FILE_STATUS {volume=volume03607, bucket=bucket70088, key=gdir1/dir5, dataSize=0, replicationConfig=null} | ret=FAILURE
org.apache.hadoop.ozone.om.exceptions.OMException: Unable to get file status: volume: volume03607 bucket: bucket70088 key: gdir1/dir5
	at org.apache.hadoop.ozone.om.KeyManagerImpl.getOzoneFileStatus(KeyManagerImpl.java:1301) ~[ozone-manager-1.4.0-SNAPSHOT.jar:?]
	at org.apache.hadoop.ozone.om.KeyManagerImpl.getFileStatus(KeyManagerImpl.java:1219) ~[ozone-manager-1.4.0-SNAPSHOT.jar:?]
	at org.apache.hadoop.ozone.om.OzoneManager.getFileStatus(OzoneManager.java:3578) ~[ozone-manager-1.4.0-SNAPSHOT.jar:?]
	at org.apache.hadoop.ozone.protocolPB.OzoneManagerRequestHandler.getOzoneFileStatus(OzoneManagerRequestHandler.java:907) ~[ozone-manager-1.4.0-SNAPSHOT.jar:?]
	at org.apache.hadoop.ozone.protocolPB.OzoneManagerRequestHandler.handleReadRequest(OzoneManagerRequestHandler.java:231) ~[ozone-manager-1.4.0-SNAPSHOT.jar:?]
	at org.apache.hadoop.ozone.protocolPB.OzoneManagerProtocolServerSideTranslatorPB.submitRequestDirectlyToOM(OzoneManagerProtocolServerSideTranslatorPB.java:276) ~[ozone-manager-1.4.0-SNAPSHOT.jar:?]
	at org.apache.hadoop.ozone.protocolPB.OzoneManagerProtocolServerSideTranslatorPB.processRequest(OzoneManagerProtocolServerSideTranslatorPB.java:205) ~[ozone-manager-1.4.0-SNAPSHOT.jar:?]
	at org.apache.hadoop.hdds.server.OzoneProtocolMessageDispatcher.processRequest(OzoneProtocolMessageDispatcher.java:87) [hdds-server-framework-1.4.0-SNAPSHOT.jar:?]
	at org.apache.hadoop.ozone.protocolPB.OzoneManagerProtocolServerSideTranslatorPB.submitRequest(OzoneManagerProtocolServerSideTranslatorPB.java:147) [ozone-manager-1.4.0-SNAPSHOT.jar:?]
	at org.apache.hadoop.ozone.protocol.proto.OzoneManagerProtocolProtos$OzoneManagerService$2.callBlockingMethod(OzoneManagerProtocolProtos.java) [ozone-interface-client-1.4.0-SNAPSHOT.jar:?]
	at org.apache.hadoop.ipc.ProtobufRpcEngine$Server.processCall(ProtobufRpcEngine.java:465) [hadoop-common-3.3.4.jar:?]
	at org.apache.hadoop.ipc.ProtobufRpcEngine2$Server$ProtoBufRpcInvoker.call(ProtobufRpcEngine2.java:578) [hadoop-common-3.3.4.jar:?]
	at org.apache.hadoop.ipc.ProtobufRpcEngine2$Server$ProtoBufRpcInvoker.call(ProtobufRpcEngine2.java:556) [hadoop-common-3.3.4.jar:?]
	at org.apache.hadoop.ipc.RPC$Server.call(RPC.java:1093) [hadoop-common-3.3.4.jar:?]
	at org.apache.hadoop.ipc.Server$RpcCall.run(Server.java:1043) [hadoop-common-3.3.4.jar:?]
	at org.apache.hadoop.ipc.Server$RpcCall.run(Server.java:971) [hadoop-common-3.3.4.jar:?]
	at java.security.AccessController.doPrivileged(Native Method) ~[?:1.8.0_352]
	at javax.security.auth.Subject.doAs(Subject.java:422) [?:1.8.0_352]
	at org.apache.hadoop.security.UserGroupInformation.doAs(UserGroupInformation.java:1878) [hadoop-common-3.3.4.jar:?]
	at org.apache.hadoop.ipc.Server$Handler.run(Server.java:2976) [hadoop-common-3.3.4.jar:?]
10:09:11.218 [IPC Server handler 8 on default port 33423] ERROR OMAudit - user=runner | ip=127.0.0.1 | op=GET_FILE_STATUS {volume=volume03607, bucket=bucket70088, key=gdir1/dir5/child, dataSize=0, replicationConfig=null} | ret=FAILURE
org.apache.hadoop.ozone.om.exceptions.OMException: Unable to get file status: volume: volume03607 bucket: bucket70088 key: gdir1/dir5/child
	at org.apache.hadoop.ozone.om.KeyManagerImpl.getOzoneFileStatus(KeyManagerImpl.java:1301) ~[ozone-manager-1.4.0-SNAPSHOT.jar:?]
	at org.apache.hadoop.ozone.om.KeyManagerImpl.getFileStatus(KeyManagerImpl.java:1219) ~[ozone-manager-1.4.0-SNAPSHOT.jar:?]
	at org.apache.hadoop.ozone.om.OzoneManager.getFileStatus(OzoneManager.java:3578) ~[ozone-manager-1.4.0-SNAPSHOT.jar:?]
	at org.apache.hadoop.ozone.protocolPB.OzoneManagerRequestHandler.getOzoneFileStatus(OzoneManagerRequestHandler.java:907) ~[ozone-manager-1.4.0-SNAPSHOT.jar:?]
	at org.apache.hadoop.ozone.protocolPB.OzoneManagerRequestHandler.handleReadRequest(OzoneManagerRequestHandler.java:231) ~[ozone-manager-1.4.0-SNAPSHOT.jar:?]
	at org.apache.hadoop.ozone.protocolPB.OzoneManagerProtocolServerSideTranslatorPB.submitRequestDirectlyToOM(OzoneManagerProtocolServerSideTranslatorPB.java:276) ~[ozone-manager-1.4.0-SNAPSHOT.jar:?]
	at org.apache.hadoop.ozone.protocolPB.OzoneManagerProtocolServerSideTranslatorPB.processRequest(OzoneManagerProtocolServerSideTranslatorPB.java:205) ~[ozone-manager-1.4.0-SNAPSHOT.jar:?]
	at org.apache.hadoop.hdds.server.OzoneProtocolMessageDispatcher.processRequest(OzoneProtocolMessageDispatcher.java:87) [hdds-server-framework-1.4.0-SNAPSHOT.jar:?]
	at org.apache.hadoop.ozone.protocolPB.OzoneManagerProtocolServerSideTranslatorPB.submitRequest(OzoneManagerProtocolServerSideTranslatorPB.java:147) [ozone-manager-1.4.0-SNAPSHOT.jar:?]
	at org.apache.hadoop.ozone.protocol.proto.OzoneManagerProtocolProtos$OzoneManagerService$2.callBlockingMethod(OzoneManagerProtocolProtos.java) [ozone-interface-client-1.4.0-SNAPSHOT.jar:?]
	at org.apache.hadoop.ipc.ProtobufRpcEngine$Server.processCall(ProtobufRpcEngine.java:465) [hadoop-common-3.3.4.jar:?]
	at org.apache.hadoop.ipc.ProtobufRpcEngine2$Server$ProtoBufRpcInvoker.call(ProtobufRpcEngine2.java:578) [hadoop-common-3.3.4.jar:?]
	at org.apache.hadoop.ipc.ProtobufRpcEngine2$Server$ProtoBufRpcInvoker.call(ProtobufRpcEngine2.java:556) [hadoop-common-3.3.4.jar:?]
	at org.apache.hadoop.ipc.RPC$Server.call(RPC.java:1093) [hadoop-common-3.3.4.jar:?]
	at org.apache.hadoop.ipc.Server$RpcCall.run(Server.java:1043) [hadoop-common-3.3.4.jar:?]
	at org.apache.hadoop.ipc.Server$RpcCall.run(Server.java:971) [hadoop-common-3.3.4.jar:?]
	at java.security.AccessController.doPrivileged(Native Method) ~[?:1.8.0_352]
	at javax.security.auth.Subject.doAs(Subject.java:422) [?:1.8.0_352]
	at org.apache.hadoop.security.UserGroupInformation.doAs(UserGroupInformation.java:1878) [hadoop-common-3.3.4.jar:?]
	at org.apache.hadoop.ipc.Server$Handler.run(Server.java:2976) [hadoop-common-3.3.4.jar:?]
10:09:11.219 [IPC Server handler 9 on default port 33423] ERROR OMAudit - user=runner | ip=127.0.0.1 | op=GET_FILE_STATUS {volume=volume03607, bucket=bucket70088, key=gdir1/dir6, dataSize=0, replicationConfig=null} | ret=FAILURE
org.apache.hadoop.ozone.om.exceptions.OMException: Unable to get file status: volume: volume03607 bucket: bucket70088 key: gdir1/dir6
	at org.apache.hadoop.ozone.om.KeyManagerImpl.getOzoneFileStatus(KeyManagerImpl.java:1301) ~[ozone-manager-1.4.0-SNAPSHOT.jar:?]
	at org.apache.hadoop.ozone.om.KeyManagerImpl.getFileStatus(KeyManagerImpl.java:1219) ~[ozone-manager-1.4.0-SNAPSHOT.jar:?]
	at org.apache.hadoop.ozone.om.OzoneManager.getFileStatus(OzoneManager.java:3578) ~[ozone-manager-1.4.0-SNAPSHOT.jar:?]
	at org.apache.hadoop.ozone.protocolPB.OzoneManagerRequestHandler.getOzoneFileStatus(OzoneManagerRequestHandler.java:907) ~[ozone-manager-1.4.0-SNAPSHOT.jar:?]
	at org.apache.hadoop.ozone.protocolPB.OzoneManagerRequestHandler.handleReadRequest(OzoneManagerRequestHandler.java:231) ~[ozone-manager-1.4.0-SNAPSHOT.jar:?]
	at org.apache.hadoop.ozone.protocolPB.OzoneManagerProtocolServerSideTranslatorPB.submitRequestDirectlyToOM(OzoneManagerProtocolServerSideTranslatorPB.java:276) ~[ozone-manager-1.4.0-SNAPSHOT.jar:?]
	at org.apache.hadoop.ozone.protocolPB.OzoneManagerProtocolServerSideTranslatorPB.processRequest(OzoneManagerProtocolServerSideTranslatorPB.java:205) ~[ozone-manager-1.4.0-SNAPSHOT.jar:?]
	at org.apache.hadoop.hdds.server.OzoneProtocolMessageDispatcher.processRequest(OzoneProtocolMessageDispatcher.java:87) [hdds-server-framework-1.4.0-SNAPSHOT.jar:?]
	at org.apache.hadoop.ozone.protocolPB.OzoneManagerProtocolServerSideTranslatorPB.submitRequest(OzoneManagerProtocolServerSideTranslatorPB.java:147) [ozone-manager-1.4.0-SNAPSHOT.jar:?]
	at org.apache.hadoop.ozone.protocol.proto.OzoneManagerProtocolProtos$OzoneManagerService$2.callBlockingMethod(OzoneManagerProtocolProtos.java) [ozone-interface-client-1.4.0-SNAPSHOT.jar:?]
	at org.apache.hadoop.ipc.ProtobufRpcEngine$Server.processCall(ProtobufRpcEngine.java:465) [hadoop-common-3.3.4.jar:?]
	at org.apache.hadoop.ipc.ProtobufRpcEngine2$Server$ProtoBufRpcInvoker.call(ProtobufRpcEngine2.java:578) [hadoop-common-3.3.4.jar:?]
	at org.apache.hadoop.ipc.ProtobufRpcEngine2$Server$ProtoBufRpcInvoker.call(ProtobufRpcEngine2.java:556) [hadoop-common-3.3.4.jar:?]
	at org.apache.hadoop.ipc.RPC$Server.call(RPC.java:1093) [hadoop-common-3.3.4.jar:?]
	at org.apache.hadoop.ipc.Server$RpcCall.run(Server.java:1043) [hadoop-common-3.3.4.jar:?]
	at org.apache.hadoop.ipc.Server$RpcCall.run(Server.java:971) [hadoop-common-3.3.4.jar:?]
	at java.security.AccessController.doPrivileged(Native Method) ~[?:1.8.0_352]
	at javax.security.auth.Subject.doAs(Subject.java:422) [?:1.8.0_352]
	at org.apache.hadoop.security.UserGroupInformation.doAs(UserGroupInformation.java:1878) [hadoop-common-3.3.4.jar:?]
	at org.apache.hadoop.ipc.Server$Handler.run(Server.java:2976) [hadoop-common-3.3.4.jar:?]
10:09:11.219 [IPC Server handler 10 on default port 33423] ERROR OMAudit - user=runner | ip=127.0.0.1 | op=GET_FILE_STATUS {volume=volume03607, bucket=bucket70088, key=gdir1/dir6/child, dataSize=0, replicationConfig=null} | ret=FAILURE
org.apache.hadoop.ozone.om.exceptions.OMException: Unable to get file status: volume: volume03607 bucket: bucket70088 key: gdir1/dir6/child
	at org.apache.hadoop.ozone.om.KeyManagerImpl.getOzoneFileStatus(KeyManagerImpl.java:1301) ~[ozone-manager-1.4.0-SNAPSHOT.jar:?]
	at org.apache.hadoop.ozone.om.KeyManagerImpl.getFileStatus(KeyManagerImpl.java:1219) ~[ozone-manager-1.4.0-SNAPSHOT.jar:?]
	at org.apache.hadoop.ozone.om.OzoneManager.getFileStatus(OzoneManager.java:3578) ~[ozone-manager-1.4.0-SNAPSHOT.jar:?]
	at org.apache.hadoop.ozone.protocolPB.OzoneManagerRequestHandler.getOzoneFileStatus(OzoneManagerRequestHandler.java:907) ~[ozone-manager-1.4.0-SNAPSHOT.jar:?]
	at org.apache.hadoop.ozone.protocolPB.OzoneManagerRequestHandler.handleReadRequest(OzoneManagerRequestHandler.java:231) ~[ozone-manager-1.4.0-SNAPSHOT.jar:?]
	at org.apache.hadoop.ozone.protocolPB.OzoneManagerProtocolServerSideTranslatorPB.submitRequestDirectlyToOM(OzoneManagerProtocolServerSideTranslatorPB.java:276) ~[ozone-manager-1.4.0-SNAPSHOT.jar:?]
	at org.apache.hadoop.ozone.protocolPB.OzoneManagerProtocolServerSideTranslatorPB.processRequest(OzoneManagerProtocolServerSideTranslatorPB.java:205) ~[ozone-manager-1.4.0-SNAPSHOT.jar:?]
	at org.apache.hadoop.hdds.server.OzoneProtocolMessageDispatcher.processRequest(OzoneProtocolMessageDispatcher.java:87) [hdds-server-framework-1.4.0-SNAPSHOT.jar:?]
	at org.apache.hadoop.ozone.protocolPB.OzoneManagerProtocolServerSideTranslatorPB.submitRequest(OzoneManagerProtocolServerSideTranslatorPB.java:147) [ozone-manager-1.4.0-SNAPSHOT.jar:?]
	at org.apache.hadoop.ozone.protocol.proto.OzoneManagerProtocolProtos$OzoneManagerService$2.callBlockingMethod(OzoneManagerProtocolProtos.java) [ozone-interface-client-1.4.0-SNAPSHOT.jar:?]
	at org.apache.hadoop.ipc.ProtobufRpcEngine$Server.processCall(ProtobufRpcEngine.java:465) [hadoop-common-3.3.4.jar:?]
	at org.apache.hadoop.ipc.ProtobufRpcEngine2$Server$ProtoBufRpcInvoker.call(ProtobufRpcEngine2.java:578) [hadoop-common-3.3.4.jar:?]
	at org.apache.hadoop.ipc.ProtobufRpcEngine2$Server$ProtoBufRpcInvoker.call(ProtobufRpcEngine2.java:556) [hadoop-common-3.3.4.jar:?]
	at org.apache.hadoop.ipc.RPC$Server.call(RPC.java:1093) [hadoop-common-3.3.4.jar:?]
	at org.apache.hadoop.ipc.Server$RpcCall.run(Server.java:1043) [hadoop-common-3.3.4.jar:?]
	at org.apache.hadoop.ipc.Server$RpcCall.run(Server.java:971) [hadoop-common-3.3.4.jar:?]
	at java.security.AccessController.doPrivileged(Native Method) ~[?:1.8.0_352]
	at javax.security.auth.Subject.doAs(Subject.java:422) [?:1.8.0_352]
	at org.apache.hadoop.security.UserGroupInformation.doAs(UserGroupInformation.java:1878) [hadoop-common-3.3.4.jar:?]
	at org.apache.hadoop.ipc.Server$Handler.run(Server.java:2976) [hadoop-common-3.3.4.jar:?]
10:09:11.220 [IPC Server handler 11 on default port 33423] ERROR OMAudit - user=runner | ip=127.0.0.1 | op=GET_FILE_STATUS {volume=volume03607, bucket=bucket70088, key=gdir1/dir7, dataSize=0, replicationConfig=null} | ret=FAILURE
org.apache.hadoop.ozone.om.exceptions.OMException: Unable to get file status: volume: volume03607 bucket: bucket70088 key: gdir1/dir7
	at org.apache.hadoop.ozone.om.KeyManagerImpl.getOzoneFileStatus(KeyManagerImpl.java:1301) ~[ozone-manager-1.4.0-SNAPSHOT.jar:?]
	at org.apache.hadoop.ozone.om.KeyManagerImpl.getFileStatus(KeyManagerImpl.java:1219) ~[ozone-manager-1.4.0-SNAPSHOT.jar:?]
	at org.apache.hadoop.ozone.om.OzoneManager.getFileStatus(OzoneManager.java:3578) ~[ozone-manager-1.4.0-SNAPSHOT.jar:?]
	at org.apache.hadoop.ozone.protocolPB.OzoneManagerRequestHandler.getOzoneFileStatus(OzoneManagerRequestHandler.java:907) ~[ozone-manager-1.4.0-SNAPSHOT.jar:?]
	at org.apache.hadoop.ozone.protocolPB.OzoneManagerRequestHandler.handleReadRequest(OzoneManagerRequestHandler.java:231) ~[ozone-manager-1.4.0-SNAPSHOT.jar:?]
	at org.apache.hadoop.ozone.protocolPB.OzoneManagerProtocolServerSideTranslatorPB.submitRequestDirectlyToOM(OzoneManagerProtocolServerSideTranslatorPB.java:276) ~[ozone-manager-1.4.0-SNAPSHOT.jar:?]
	at org.apache.hadoop.ozone.protocolPB.OzoneManagerProtocolServerSideTranslatorPB.processRequest(OzoneManagerProtocolServerSideTranslatorPB.java:205) ~[ozone-manager-1.4.0-SNAPSHOT.jar:?]
	at org.apache.hadoop.hdds.server.OzoneProtocolMessageDispatcher.processRequest(OzoneProtocolMessageDispatcher.java:87) [hdds-server-framework-1.4.0-SNAPSHOT.jar:?]
	at org.apache.hadoop.ozone.protocolPB.OzoneManagerProtocolServerSideTranslatorPB.submitRequest(OzoneManagerProtocolServerSideTranslatorPB.java:147) [ozone-manager-1.4.0-SNAPSHOT.jar:?]
	at org.apache.hadoop.ozone.protocol.proto.OzoneManagerProtocolProtos$OzoneManagerService$2.callBlockingMethod(OzoneManagerProtocolProtos.java) [ozone-interface-client-1.4.0-SNAPSHOT.jar:?]
	at org.apache.hadoop.ipc.ProtobufRpcEngine$Server.processCall(ProtobufRpcEngine.java:465) [hadoop-common-3.3.4.jar:?]
	at org.apache.hadoop.ipc.ProtobufRpcEngine2$Server$ProtoBufRpcInvoker.call(ProtobufRpcEngine2.java:578) [hadoop-common-3.3.4.jar:?]
	at org.apache.hadoop.ipc.ProtobufRpcEngine2$Server$ProtoBufRpcInvoker.call(ProtobufRpcEngine2.java:556) [hadoop-common-3.3.4.jar:?]
	at org.apache.hadoop.ipc.RPC$Server.call(RPC.java:1093) [hadoop-common-3.3.4.jar:?]
	at org.apache.hadoop.ipc.Server$RpcCall.run(Server.java:1043) [hadoop-common-3.3.4.jar:?]
	at org.apache.hadoop.ipc.Server$RpcCall.run(Server.java:971) [hadoop-common-3.3.4.jar:?]
	at java.security.AccessController.doPrivileged(Native Method) ~[?:1.8.0_352]
	at javax.security.auth.Subject.doAs(Subject.java:422) [?:1.8.0_352]
	at org.apache.hadoop.security.UserGroupInformation.doAs(UserGroupInformation.java:1878) [hadoop-common-3.3.4.jar:?]
	at org.apache.hadoop.ipc.Server$Handler.run(Server.java:2976) [hadoop-common-3.3.4.jar:?]
10:09:11.220 [IPC Server handler 12 on default port 33423] ERROR OMAudit - user=runner | ip=127.0.0.1 | op=GET_FILE_STATUS {volume=volume03607, bucket=bucket70088, key=gdir1/dir7/child, dataSize=0, replicationConfig=null} | ret=FAILURE
org.apache.hadoop.ozone.om.exceptions.OMException: Unable to get file status: volume: volume03607 bucket: bucket70088 key: gdir1/dir7/child
	at org.apache.hadoop.ozone.om.KeyManagerImpl.getOzoneFileStatus(KeyManagerImpl.java:1301) ~[ozone-manager-1.4.0-SNAPSHOT.jar:?]
	at org.apache.hadoop.ozone.om.KeyManagerImpl.getFileStatus(KeyManagerImpl.java:1219) ~[ozone-manager-1.4.0-SNAPSHOT.jar:?]
	at org.apache.hadoop.ozone.om.OzoneManager.getFileStatus(OzoneManager.java:3578) ~[ozone-manager-1.4.0-SNAPSHOT.jar:?]
	at org.apache.hadoop.ozone.protocolPB.OzoneManagerRequestHandler.getOzoneFileStatus(OzoneManagerRequestHandler.java:907) ~[ozone-manager-1.4.0-SNAPSHOT.jar:?]
	at org.apache.hadoop.ozone.protocolPB.OzoneManagerRequestHandler.handleReadRequest(OzoneManagerRequestHandler.java:231) ~[ozone-manager-1.4.0-SNAPSHOT.jar:?]
	at org.apache.hadoop.ozone.protocolPB.OzoneManagerProtocolServerSideTranslatorPB.submitRequestDirectlyToOM(OzoneManagerProtocolServerSideTranslatorPB.java:276) ~[ozone-manager-1.4.0-SNAPSHOT.jar:?]
	at org.apache.hadoop.ozone.protocolPB.OzoneManagerProtocolServerSideTranslatorPB.processRequest(OzoneManagerProtocolServerSideTranslatorPB.java:205) ~[ozone-manager-1.4.0-SNAPSHOT.jar:?]
	at org.apache.hadoop.hdds.server.OzoneProtocolMessageDispatcher.processRequest(OzoneProtocolMessageDispatcher.java:87) [hdds-server-framework-1.4.0-SNAPSHOT.jar:?]
	at org.apache.hadoop.ozone.protocolPB.OzoneManagerProtocolServerSideTranslatorPB.submitRequest(OzoneManagerProtocolServerSideTranslatorPB.java:147) [ozone-manager-1.4.0-SNAPSHOT.jar:?]
	at org.apache.hadoop.ozone.protocol.proto.OzoneManagerProtocolProtos$OzoneManagerService$2.callBlockingMethod(OzoneManagerProtocolProtos.java) [ozone-interface-client-1.4.0-SNAPSHOT.jar:?]
	at org.apache.hadoop.ipc.ProtobufRpcEngine$Server.processCall(ProtobufRpcEngine.java:465) [hadoop-common-3.3.4.jar:?]
	at org.apache.hadoop.ipc.ProtobufRpcEngine2$Server$ProtoBufRpcInvoker.call(ProtobufRpcEngine2.java:578) [hadoop-common-3.3.4.jar:?]
	at org.apache.hadoop.ipc.ProtobufRpcEngine2$Server$ProtoBufRpcInvoker.call(ProtobufRpcEngine2.java:556) [hadoop-common-3.3.4.jar:?]
	at org.apache.hadoop.ipc.RPC$Server.call(RPC.java:1093) [hadoop-common-3.3.4.jar:?]
	at org.apache.hadoop.ipc.Server$RpcCall.run(Server.java:1043) [hadoop-common-3.3.4.jar:?]
	at org.apache.hadoop.ipc.Server$RpcCall.run(Server.java:971) [hadoop-common-3.3.4.jar:?]
	at java.security.AccessController.doPrivileged(Native Method) ~[?:1.8.0_352]
	at javax.security.auth.Subject.doAs(Subject.java:422) [?:1.8.0_352]
	at org.apache.hadoop.security.UserGroupInformation.doAs(UserGroupInformation.java:1878) [hadoop-common-3.3.4.jar:?]
	at org.apache.hadoop.ipc.Server$Handler.run(Server.java:2976) [hadoop-common-3.3.4.jar:?]
10:09:11.222 [IPC Server handler 13 on default port 33423] ERROR OMAudit - user=runner | ip=127.0.0.1 | op=GET_FILE_STATUS {volume=volume03607, bucket=bucket70088, key=gdir1/dir8, dataSize=0, replicationConfig=null} | ret=FAILURE
org.apache.hadoop.ozone.om.exceptions.OMException: Unable to get file status: volume: volume03607 bucket: bucket70088 key: gdir1/dir8
	at org.apache.hadoop.ozone.om.KeyManagerImpl.getOzoneFileStatus(KeyManagerImpl.java:1301) ~[ozone-manager-1.4.0-SNAPSHOT.jar:?]
	at org.apache.hadoop.ozone.om.KeyManagerImpl.getFileStatus(KeyManagerImpl.java:1219) ~[ozone-manager-1.4.0-SNAPSHOT.jar:?]
	at org.apache.hadoop.ozone.om.OzoneManager.getFileStatus(OzoneManager.java:3578) ~[ozone-manager-1.4.0-SNAPSHOT.jar:?]
	at org.apache.hadoop.ozone.protocolPB.OzoneManagerRequestHandler.getOzoneFileStatus(OzoneManagerRequestHandler.java:907) ~[ozone-manager-1.4.0-SNAPSHOT.jar:?]
	at org.apache.hadoop.ozone.protocolPB.OzoneManagerRequestHandler.handleReadRequest(OzoneManagerRequestHandler.java:231) ~[ozone-manager-1.4.0-SNAPSHOT.jar:?]
	at org.apache.hadoop.ozone.protocolPB.OzoneManagerProtocolServerSideTranslatorPB.submitRequestDirectlyToOM(OzoneManagerProtocolServerSideTranslatorPB.java:276) ~[ozone-manager-1.4.0-SNAPSHOT.jar:?]
	at org.apache.hadoop.ozone.protocolPB.OzoneManagerProtocolServerSideTranslatorPB.processRequest(OzoneManagerProtocolServerSideTranslatorPB.java:205) ~[ozone-manager-1.4.0-SNAPSHOT.jar:?]
	at org.apache.hadoop.hdds.server.OzoneProtocolMessageDispatcher.processRequest(OzoneProtocolMessageDispatcher.java:87) [hdds-server-framework-1.4.0-SNAPSHOT.jar:?]
	at org.apache.hadoop.ozone.protocolPB.OzoneManagerProtocolServerSideTranslatorPB.submitRequest(OzoneManagerProtocolServerSideTranslatorPB.java:147) [ozone-manager-1.4.0-SNAPSHOT.jar:?]
	at org.apache.hadoop.ozone.protocol.proto.OzoneManagerProtocolProtos$OzoneManagerService$2.callBlockingMethod(OzoneManagerProtocolProtos.java) [ozone-interface-client-1.4.0-SNAPSHOT.jar:?]
	at org.apache.hadoop.ipc.ProtobufRpcEngine$Server.processCall(ProtobufRpcEngine.java:465) [hadoop-common-3.3.4.jar:?]
	at org.apache.hadoop.ipc.ProtobufRpcEngine2$Server$ProtoBufRpcInvoker.call(ProtobufRpcEngine2.java:578) [hadoop-common-3.3.4.jar:?]
	at org.apache.hadoop.ipc.ProtobufRpcEngine2$Server$ProtoBufRpcInvoker.call(ProtobufRpcEngine2.java:556) [hadoop-common-3.3.4.jar:?]
	at org.apache.hadoop.ipc.RPC$Server.call(RPC.java:1093) [hadoop-common-3.3.4.jar:?]
	at org.apache.hadoop.ipc.Server$RpcCall.run(Server.java:1043) [hadoop-common-3.3.4.jar:?]
	at org.apache.hadoop.ipc.Server$RpcCall.run(Server.java:971) [hadoop-common-3.3.4.jar:?]
	at java.security.AccessController.doPrivileged(Native Method) ~[?:1.8.0_352]
	at javax.security.auth.Subject.doAs(Subject.java:422) [?:1.8.0_352]
	at org.apache.hadoop.security.UserGroupInformation.doAs(UserGroupInformation.java:1878) [hadoop-common-3.3.4.jar:?]
	at org.apache.hadoop.ipc.Server$Handler.run(Server.java:2976) [hadoop-common-3.3.4.jar:?]
10:09:11.223 [IPC Server handler 14 on default port 33423] ERROR OMAudit - user=runner | ip=127.0.0.1 | op=GET_FILE_STATUS {volume=volume03607, bucket=bucket70088, key=gdir1/dir8/child, dataSize=0, replicationConfig=null} | ret=FAILURE
org.apache.hadoop.ozone.om.exceptions.OMException: Unable to get file status: volume: volume03607 bucket: bucket70088 key: gdir1/dir8/child
	at org.apache.hadoop.ozone.om.KeyManagerImpl.getOzoneFileStatus(KeyManagerImpl.java:1301) ~[ozone-manager-1.4.0-SNAPSHOT.jar:?]
	at org.apache.hadoop.ozone.om.KeyManagerImpl.getFileStatus(KeyManagerImpl.java:1219) ~[ozone-manager-1.4.0-SNAPSHOT.jar:?]
	at org.apache.hadoop.ozone.om.OzoneManager.getFileStatus(OzoneManager.java:3578) ~[ozone-manager-1.4.0-SNAPSHOT.jar:?]
	at org.apache.hadoop.ozone.protocolPB.OzoneManagerRequestHandler.getOzoneFileStatus(OzoneManagerRequestHandler.java:907) ~[ozone-manager-1.4.0-SNAPSHOT.jar:?]
	at org.apache.hadoop.ozone.protocolPB.OzoneManagerRequestHandler.handleReadRequest(OzoneManagerRequestHandler.java:231) ~[ozone-manager-1.4.0-SNAPSHOT.jar:?]
	at org.apache.hadoop.ozone.protocolPB.OzoneManagerProtocolServerSideTranslatorPB.submitRequestDirectlyToOM(OzoneManagerProtocolServerSideTranslatorPB.java:276) ~[ozone-manager-1.4.0-SNAPSHOT.jar:?]
	at org.apache.hadoop.ozone.protocolPB.OzoneManagerProtocolServerSideTranslatorPB.processRequest(OzoneManagerProtocolServerSideTranslatorPB.java:205) ~[ozone-manager-1.4.0-SNAPSHOT.jar:?]
	at org.apache.hadoop.hdds.server.OzoneProtocolMessageDispatcher.processRequest(OzoneProtocolMessageDispatcher.java:87) [hdds-server-framework-1.4.0-SNAPSHOT.jar:?]
	at org.apache.hadoop.ozone.protocolPB.OzoneManagerProtocolServerSideTranslatorPB.submitRequest(OzoneManagerProtocolServerSideTranslatorPB.java:147) [ozone-manager-1.4.0-SNAPSHOT.jar:?]
	at org.apache.hadoop.ozone.protocol.proto.OzoneManagerProtocolProtos$OzoneManagerService$2.callBlockingMethod(OzoneManagerProtocolProtos.java) [ozone-interface-client-1.4.0-SNAPSHOT.jar:?]
	at org.apache.hadoop.ipc.ProtobufRpcEngine$Server.processCall(ProtobufRpcEngine.java:465) [hadoop-common-3.3.4.jar:?]
	at org.apache.hadoop.ipc.ProtobufRpcEngine2$Server$ProtoBufRpcInvoker.call(ProtobufRpcEngine2.java:578) [hadoop-common-3.3.4.jar:?]
	at org.apache.hadoop.ipc.ProtobufRpcEngine2$Server$ProtoBufRpcInvoker.call(ProtobufRpcEngine2.java:556) [hadoop-common-3.3.4.jar:?]
	at org.apache.hadoop.ipc.RPC$Server.call(RPC.java:1093) [hadoop-common-3.3.4.jar:?]
	at org.apache.hadoop.ipc.Server$RpcCall.run(Server.java:1043) [hadoop-common-3.3.4.jar:?]
	at org.apache.hadoop.ipc.Server$RpcCall.run(Server.java:971) [hadoop-common-3.3.4.jar:?]
	at java.security.AccessController.doPrivileged(Native Method) ~[?:1.8.0_352]
	at javax.security.auth.Subject.doAs(Subject.java:422) [?:1.8.0_352]
	at org.apache.hadoop.security.UserGroupInformation.doAs(UserGroupInformation.java:1878) [hadoop-common-3.3.4.jar:?]
	at org.apache.hadoop.ipc.Server$Handler.run(Server.java:2976) [hadoop-common-3.3.4.jar:?]
10:09:11.224 [IPC Server handler 15 on default port 33423] ERROR OMAudit - user=runner | ip=127.0.0.1 | op=GET_FILE_STATUS {volume=volume03607, bucket=bucket70088, key=gdir1/dir9, dataSize=0, replicationConfig=null} | ret=FAILURE
org.apache.hadoop.ozone.om.exceptions.OMException: Unable to get file status: volume: volume03607 bucket: bucket70088 key: gdir1/dir9
	at org.apache.hadoop.ozone.om.KeyManagerImpl.getOzoneFileStatus(KeyManagerImpl.java:1301) ~[ozone-manager-1.4.0-SNAPSHOT.jar:?]
	at org.apache.hadoop.ozone.om.KeyManagerImpl.getFileStatus(KeyManagerImpl.java:1219) ~[ozone-manager-1.4.0-SNAPSHOT.jar:?]
	at org.apache.hadoop.ozone.om.OzoneManager.getFileStatus(OzoneManager.java:3578) ~[ozone-manager-1.4.0-SNAPSHOT.jar:?]
	at org.apache.hadoop.ozone.protocolPB.OzoneManagerRequestHandler.getOzoneFileStatus(OzoneManagerRequestHandler.java:907) ~[ozone-manager-1.4.0-SNAPSHOT.jar:?]
	at org.apache.hadoop.ozone.protocolPB.OzoneManagerRequestHandler.handleReadRequest(OzoneManagerRequestHandler.java:231) ~[ozone-manager-1.4.0-SNAPSHOT.jar:?]
	at org.apache.hadoop.ozone.protocolPB.OzoneManagerProtocolServerSideTranslatorPB.submitRequestDirectlyToOM(OzoneManagerProtocolServerSideTranslatorPB.java:276) ~[ozone-manager-1.4.0-SNAPSHOT.jar:?]
	at org.apache.hadoop.ozone.protocolPB.OzoneManagerProtocolServerSideTranslatorPB.processRequest(OzoneManagerProtocolServerSideTranslatorPB.java:205) ~[ozone-manager-1.4.0-SNAPSHOT.jar:?]
	at org.apache.hadoop.hdds.server.OzoneProtocolMessageDispatcher.processRequest(OzoneProtocolMessageDispatcher.java:87) [hdds-server-framework-1.4.0-SNAPSHOT.jar:?]
	at org.apache.hadoop.ozone.protocolPB.OzoneManagerProtocolServerSideTranslatorPB.submitRequest(OzoneManagerProtocolServerSideTranslatorPB.java:147) [ozone-manager-1.4.0-SNAPSHOT.jar:?]
	at org.apache.hadoop.ozone.protocol.proto.OzoneManagerProtocolProtos$OzoneManagerService$2.callBlockingMethod(OzoneManagerProtocolProtos.java) [ozone-interface-client-1.4.0-SNAPSHOT.jar:?]
	at org.apache.hadoop.ipc.ProtobufRpcEngine$Server.processCall(ProtobufRpcEngine.java:465) [hadoop-common-3.3.4.jar:?]
	at org.apache.hadoop.ipc.ProtobufRpcEngine2$Server$ProtoBufRpcInvoker.call(ProtobufRpcEngine2.java:578) [hadoop-common-3.3.4.jar:?]
	at org.apache.hadoop.ipc.ProtobufRpcEngine2$Server$ProtoBufRpcInvoker.call(ProtobufRpcEngine2.java:556) [hadoop-common-3.3.4.jar:?]
	at org.apache.hadoop.ipc.RPC$Server.call(RPC.java:1093) [hadoop-common-3.3.4.jar:?]
	at org.apache.hadoop.ipc.Server$RpcCall.run(Server.java:1043) [hadoop-common-3.3.4.jar:?]
	at org.apache.hadoop.ipc.Server$RpcCall.run(Server.java:971) [hadoop-common-3.3.4.jar:?]
	at java.security.AccessController.doPrivileged(Native Method) ~[?:1.8.0_352]
	at javax.security.auth.Subject.doAs(Subject.java:422) [?:1.8.0_352]
	at org.apache.hadoop.security.UserGroupInformation.doAs(UserGroupInformation.java:1878) [hadoop-common-3.3.4.jar:?]
	at org.apache.hadoop.ipc.Server$Handler.run(Server.java:2976) [hadoop-common-3.3.4.jar:?]
10:09:11.224 [IPC Server handler 16 on default port 33423] ERROR OMAudit - user=runner | ip=127.0.0.1 | op=GET_FILE_STATUS {volume=volume03607, bucket=bucket70088, key=gdir1/dir9/child, dataSize=0, replicationConfig=null} | ret=FAILURE
org.apache.hadoop.ozone.om.exceptions.OMException: Unable to get file status: volume: volume03607 bucket: bucket70088 key: gdir1/dir9/child
	at org.apache.hadoop.ozone.om.KeyManagerImpl.getOzoneFileStatus(KeyManagerImpl.java:1301) ~[ozone-manager-1.4.0-SNAPSHOT.jar:?]
	at org.apache.hadoop.ozone.om.KeyManagerImpl.getFileStatus(KeyManagerImpl.java:1219) ~[ozone-manager-1.4.0-SNAPSHOT.jar:?]
	at org.apache.hadoop.ozone.om.OzoneManager.getFileStatus(OzoneManager.java:3578) ~[ozone-manager-1.4.0-SNAPSHOT.jar:?]
	at org.apache.hadoop.ozone.protocolPB.OzoneManagerRequestHandler.getOzoneFileStatus(OzoneManagerRequestHandler.java:907) ~[ozone-manager-1.4.0-SNAPSHOT.jar:?]
	at org.apache.hadoop.ozone.protocolPB.OzoneManagerRequestHandler.handleReadRequest(OzoneManagerRequestHandler.java:231) ~[ozone-manager-1.4.0-SNAPSHOT.jar:?]
	at org.apache.hadoop.ozone.protocolPB.OzoneManagerProtocolServerSideTranslatorPB.submitRequestDirectlyToOM(OzoneManagerProtocolServerSideTranslatorPB.java:276) ~[ozone-manager-1.4.0-SNAPSHOT.jar:?]
	at org.apache.hadoop.ozone.protocolPB.OzoneManagerProtocolServerSideTranslatorPB.processRequest(OzoneManagerProtocolServerSideTranslatorPB.java:205) ~[ozone-manager-1.4.0-SNAPSHOT.jar:?]
	at org.apache.hadoop.hdds.server.OzoneProtocolMessageDispatcher.processRequest(OzoneProtocolMessageDispatcher.java:87) [hdds-server-framework-1.4.0-SNAPSHOT.jar:?]
	at org.apache.hadoop.ozone.protocolPB.OzoneManagerProtocolServerSideTranslatorPB.submitRequest(OzoneManagerProtocolServerSideTranslatorPB.java:147) [ozone-manager-1.4.0-SNAPSHOT.jar:?]
	at org.apache.hadoop.ozone.protocol.proto.OzoneManagerProtocolProtos$OzoneManagerService$2.callBlockingMethod(OzoneManagerProtocolProtos.java) [ozone-interface-client-1.4.0-SNAPSHOT.jar:?]
	at org.apache.hadoop.ipc.ProtobufRpcEngine$Server.processCall(ProtobufRpcEngine.java:465) [hadoop-common-3.3.4.jar:?]
	at org.apache.hadoop.ipc.ProtobufRpcEngine2$Server$ProtoBufRpcInvoker.call(ProtobufRpcEngine2.java:578) [hadoop-common-3.3.4.jar:?]
	at org.apache.hadoop.ipc.ProtobufRpcEngine2$Server$ProtoBufRpcInvoker.call(ProtobufRpcEngine2.java:556) [hadoop-common-3.3.4.jar:?]
	at org.apache.hadoop.ipc.RPC$Server.call(RPC.java:1093) [hadoop-common-3.3.4.jar:?]
	at org.apache.hadoop.ipc.Server$RpcCall.run(Server.java:1043) [hadoop-common-3.3.4.jar:?]
	at org.apache.hadoop.ipc.Server$RpcCall.run(Server.java:971) [hadoop-common-3.3.4.jar:?]
	at java.security.AccessController.doPrivileged(Native Method) ~[?:1.8.0_352]
	at javax.security.auth.Subject.doAs(Subject.java:422) [?:1.8.0_352]
	at org.apache.hadoop.security.UserGroupInformation.doAs(UserGroupInformation.java:1878) [hadoop-common-3.3.4.jar:?]
	at org.apache.hadoop.ipc.Server$Handler.run(Server.java:2976) [hadoop-common-3.3.4.jar:?]
10:09:11.225 [IPC Server handler 17 on default port 33423] ERROR OMAudit - user=runner | ip=127.0.0.1 | op=GET_FILE_STATUS {volume=volume03607, bucket=bucket70088, key=gdir1/dir10, dataSize=0, replicationConfig=null} | ret=FAILURE
org.apache.hadoop.ozone.om.exceptions.OMException: Unable to get file status: volume: volume03607 bucket: bucket70088 key: gdir1/dir10
	at org.apache.hadoop.ozone.om.KeyManagerImpl.getOzoneFileStatus(KeyManagerImpl.java:1301) ~[ozone-manager-1.4.0-SNAPSHOT.jar:?]
	at org.apache.hadoop.ozone.om.KeyManagerImpl.getFileStatus(KeyManagerImpl.java:1219) ~[ozone-manager-1.4.0-SNAPSHOT.jar:?]
	at org.apache.hadoop.ozone.om.OzoneManager.getFileStatus(OzoneManager.java:3578) ~[ozone-manager-1.4.0-SNAPSHOT.jar:?]
	at org.apache.hadoop.ozone.protocolPB.OzoneManagerRequestHandler.getOzoneFileStatus(OzoneManagerRequestHandler.java:907) ~[ozone-manager-1.4.0-SNAPSHOT.jar:?]
	at org.apache.hadoop.ozone.protocolPB.OzoneManagerRequestHandler.handleReadRequest(OzoneManagerRequestHandler.java:231) ~[ozone-manager-1.4.0-SNAPSHOT.jar:?]
	at org.apache.hadoop.ozone.protocolPB.OzoneManagerProtocolServerSideTranslatorPB.submitRequestDirectlyToOM(OzoneManagerProtocolServerSideTranslatorPB.java:276) ~[ozone-manager-1.4.0-SNAPSHOT.jar:?]
	at org.apache.hadoop.ozone.protocolPB.OzoneManagerProtocolServerSideTranslatorPB.processRequest(OzoneManagerProtocolServerSideTranslatorPB.java:205) ~[ozone-manager-1.4.0-SNAPSHOT.jar:?]
	at org.apache.hadoop.hdds.server.OzoneProtocolMessageDispatcher.processRequest(OzoneProtocolMessageDispatcher.java:87) [hdds-server-framework-1.4.0-SNAPSHOT.jar:?]
	at org.apache.hadoop.ozone.protocolPB.OzoneManagerProtocolServerSideTranslatorPB.submitRequest(OzoneManagerProtocolServerSideTranslatorPB.java:147) [ozone-manager-1.4.0-SNAPSHOT.jar:?]
	at org.apache.hadoop.ozone.protocol.proto.OzoneManagerProtocolProtos$OzoneManagerService$2.callBlockingMethod(OzoneManagerProtocolProtos.java) [ozone-interface-client-1.4.0-SNAPSHOT.jar:?]
	at org.apache.hadoop.ipc.ProtobufRpcEngine$Server.processCall(ProtobufRpcEngine.java:465) [hadoop-common-3.3.4.jar:?]
	at org.apache.hadoop.ipc.ProtobufRpcEngine2$Server$ProtoBufRpcInvoker.call(ProtobufRpcEngine2.java:578) [hadoop-common-3.3.4.jar:?]
	at org.apache.hadoop.ipc.ProtobufRpcEngine2$Server$ProtoBufRpcInvoker.call(ProtobufRpcEngine2.java:556) [hadoop-common-3.3.4.jar:?]
	at org.apache.hadoop.ipc.RPC$Server.call(RPC.java:1093) [hadoop-common-3.3.4.jar:?]
	at org.apache.hadoop.ipc.Server$RpcCall.run(Server.java:1043) [hadoop-common-3.3.4.jar:?]
	at org.apache.hadoop.ipc.Server$RpcCall.run(Server.java:971) [hadoop-common-3.3.4.jar:?]
	at java.security.AccessController.doPrivileged(Native Method) ~[?:1.8.0_352]
	at javax.security.auth.Subject.doAs(Subject.java:422) [?:1.8.0_352]
	at org.apache.hadoop.security.UserGroupInformation.doAs(UserGroupInformation.java:1878) [hadoop-common-3.3.4.jar:?]
	at org.apache.hadoop.ipc.Server$Handler.run(Server.java:2976) [hadoop-common-3.3.4.jar:?]
10:09:11.225 [IPC Server handler 18 on default port 33423] ERROR OMAudit - user=runner | ip=127.0.0.1 | op=GET_FILE_STATUS {volume=volume03607, bucket=bucket70088, key=gdir1/dir10/child, dataSize=0, replicationConfig=null} | ret=FAILURE
org.apache.hadoop.ozone.om.exceptions.OMException: Unable to get file status: volume: volume03607 bucket: bucket70088 key: gdir1/dir10/child
	at org.apache.hadoop.ozone.om.KeyManagerImpl.getOzoneFileStatus(KeyManagerImpl.java:1301) ~[ozone-manager-1.4.0-SNAPSHOT.jar:?]
	at org.apache.hadoop.ozone.om.KeyManagerImpl.getFileStatus(KeyManagerImpl.java:1219) ~[ozone-manager-1.4.0-SNAPSHOT.jar:?]
	at org.apache.hadoop.ozone.om.OzoneManager.getFileStatus(OzoneManager.java:3578) ~[ozone-manager-1.4.0-SNAPSHOT.jar:?]
	at org.apache.hadoop.ozone.protocolPB.OzoneManagerRequestHandler.getOzoneFileStatus(OzoneManagerRequestHandler.java:907) ~[ozone-manager-1.4.0-SNAPSHOT.jar:?]
	at org.apache.hadoop.ozone.protocolPB.OzoneManagerRequestHandler.handleReadRequest(OzoneManagerRequestHandler.java:231) ~[ozone-manager-1.4.0-SNAPSHOT.jar:?]
	at org.apache.hadoop.ozone.protocolPB.OzoneManagerProtocolServerSideTranslatorPB.submitRequestDirectlyToOM(OzoneManagerProtocolServerSideTranslatorPB.java:276) ~[ozone-manager-1.4.0-SNAPSHOT.jar:?]
	at org.apache.hadoop.ozone.protocolPB.OzoneManagerProtocolServerSideTranslatorPB.processRequest(OzoneManagerProtocolServerSideTranslatorPB.java:205) ~[ozone-manager-1.4.0-SNAPSHOT.jar:?]
	at org.apache.hadoop.hdds.server.OzoneProtocolMessageDispatcher.processRequest(OzoneProtocolMessageDispatcher.java:87) [hdds-server-framework-1.4.0-SNAPSHOT.jar:?]
	at org.apache.hadoop.ozone.protocolPB.OzoneManagerProtocolServerSideTranslatorPB.submitRequest(OzoneManagerProtocolServerSideTranslatorPB.java:147) [ozone-manager-1.4.0-SNAPSHOT.jar:?]
	at org.apache.hadoop.ozone.protocol.proto.OzoneManagerProtocolProtos$OzoneManagerService$2.callBlockingMethod(OzoneManagerProtocolProtos.java) [ozone-interface-client-1.4.0-SNAPSHOT.jar:?]
	at org.apache.hadoop.ipc.ProtobufRpcEngine$Server.processCall(ProtobufRpcEngine.java:465) [hadoop-common-3.3.4.jar:?]
	at org.apache.hadoop.ipc.ProtobufRpcEngine2$Server$ProtoBufRpcInvoker.call(ProtobufRpcEngine2.java:578) [hadoop-common-3.3.4.jar:?]
	at org.apache.hadoop.ipc.ProtobufRpcEngine2$Server$ProtoBufRpcInvoker.call(ProtobufRpcEngine2.java:556) [hadoop-common-3.3.4.jar:?]
	at org.apache.hadoop.ipc.RPC$Server.call(RPC.java:1093) [hadoop-common-3.3.4.jar:?]
	at org.apache.hadoop.ipc.Server$RpcCall.run(Server.java:1043) [hadoop-common-3.3.4.jar:?]
	at org.apache.hadoop.ipc.Server$RpcCall.run(Server.java:971) [hadoop-common-3.3.4.jar:?]
	at java.security.AccessController.doPrivileged(Native Method) ~[?:1.8.0_352]
	at javax.security.auth.Subject.doAs(Subject.java:422) [?:1.8.0_352]
	at org.apache.hadoop.security.UserGroupInformation.doAs(UserGroupInformation.java:1878) [hadoop-common-3.3.4.jar:?]
	at org.apache.hadoop.ipc.Server$Handler.run(Server.java:2976) [hadoop-common-3.3.4.jar:?]
2023-01-03 10:09:11,227 [IPC Server handler 1 on default port 33423] INFO  key.OMKeyRequest (OMKeyRequest.java:wrapUncommittedBlocksAsPseudoKey(835)) - Detect allocated but uncommitted blocks [{blockID={containerID=2, localID=111677748019200024}, length=4194304, offset=0, token=null, pipeline=null, createVersion=0, partNumber=0}] in key level0/level1/file1.
2023-01-03 10:09:11,229 [IPC Server handler 3 on default port 33423] INFO  key.OMKeyRequest (OMKeyRequest.java:wrapUncommittedBlocksAsPseudoKey(835)) - Detect allocated but uncommitted blocks [{blockID={containerID=1, localID=111677748019200025}, length=4194304, offset=0, token=null, pipeline=null, createVersion=0, partNumber=0}] in key level0/level1/level1/file1.
2023-01-03 10:09:11,231 [IPC Server handler 4 on default port 33423] INFO  key.OMKeyRequest (OMKeyRequest.java:wrapUncommittedBlocksAsPseudoKey(835)) - Detect allocated but uncommitted blocks [{blockID={containerID=2, localID=111677748019200026}, length=4194304, offset=0, token=null, pipeline=null, createVersion=0, partNumber=0}] in key level0/level2/file1.
2023-01-03 10:09:11,235 [IPC Server handler 6 on default port 33423] INFO  key.OMKeyRequest (OMKeyRequest.java:wrapUncommittedBlocksAsPseudoKey(835)) - Detect allocated but uncommitted blocks [{blockID={containerID=1, localID=111677748019200027}, length=4194304, offset=0, token=null, pipeline=null, createVersion=0, partNumber=0}] in key level0/level2/level2/file1.
2023-01-03 10:09:11,237 [IPC Server handler 8 on default port 33423] INFO  key.OMKeyRequest (OMKeyRequest.java:wrapUncommittedBlocksAsPseudoKey(835)) - Detect allocated but uncommitted blocks [{blockID={containerID=2, localID=111677748019200028}, length=4194304, offset=0, token=null, pipeline=null, createVersion=0, partNumber=0}] in key level0/level3/file1.
2023-01-03 10:09:11,239 [IPC Server handler 10 on default port 33423] INFO  key.OMKeyRequest (OMKeyRequest.java:wrapUncommittedBlocksAsPseudoKey(835)) - Detect allocated but uncommitted blocks [{blockID={containerID=1, localID=111677748019200029}, length=4194304, offset=0, token=null, pipeline=null, createVersion=0, partNumber=0}] in key level0/level3/level3/file1.
10:09:11.250 [IPC Server handler 12 on default port 33423] ERROR OMAudit - user=runner | ip=127.0.0.1 | op=GET_FILE_STATUS {volume=volume03607, bucket=bucket70088, key=level0, dataSize=0, replicationConfig=null} | ret=FAILURE
org.apache.hadoop.ozone.om.exceptions.OMException: Unable to get file status: volume: volume03607 bucket: bucket70088 key: level0
	at org.apache.hadoop.ozone.om.KeyManagerImpl.getOzoneFileStatus(KeyManagerImpl.java:1301) ~[ozone-manager-1.4.0-SNAPSHOT.jar:?]
	at org.apache.hadoop.ozone.om.KeyManagerImpl.getFileStatus(KeyManagerImpl.java:1219) ~[ozone-manager-1.4.0-SNAPSHOT.jar:?]
	at org.apache.hadoop.ozone.om.OzoneManager.getFileStatus(OzoneManager.java:3578) ~[ozone-manager-1.4.0-SNAPSHOT.jar:?]
	at org.apache.hadoop.ozone.protocolPB.OzoneManagerRequestHandler.getOzoneFileStatus(OzoneManagerRequestHandler.java:907) ~[ozone-manager-1.4.0-SNAPSHOT.jar:?]
	at org.apache.hadoop.ozone.protocolPB.OzoneManagerRequestHandler.handleReadRequest(OzoneManagerRequestHandler.java:231) ~[ozone-manager-1.4.0-SNAPSHOT.jar:?]
	at org.apache.hadoop.ozone.protocolPB.OzoneManagerProtocolServerSideTranslatorPB.submitRequestDirectlyToOM(OzoneManagerProtocolServerSideTranslatorPB.java:276) ~[ozone-manager-1.4.0-SNAPSHOT.jar:?]
	at org.apache.hadoop.ozone.protocolPB.OzoneManagerProtocolServerSideTranslatorPB.processRequest(OzoneManagerProtocolServerSideTranslatorPB.java:205) ~[ozone-manager-1.4.0-SNAPSHOT.jar:?]
	at org.apache.hadoop.hdds.server.OzoneProtocolMessageDispatcher.processRequest(OzoneProtocolMessageDispatcher.java:87) [hdds-server-framework-1.4.0-SNAPSHOT.jar:?]
	at org.apache.hadoop.ozone.protocolPB.OzoneManagerProtocolServerSideTranslatorPB.submitRequest(OzoneManagerProtocolServerSideTranslatorPB.java:147) [ozone-manager-1.4.0-SNAPSHOT.jar:?]
	at org.apache.hadoop.ozone.protocol.proto.OzoneManagerProtocolProtos$OzoneManagerService$2.callBlockingMethod(OzoneManagerProtocolProtos.java) [ozone-interface-client-1.4.0-SNAPSHOT.jar:?]
	at org.apache.hadoop.ipc.ProtobufRpcEngine$Server.processCall(ProtobufRpcEngine.java:465) [hadoop-common-3.3.4.jar:?]
	at org.apache.hadoop.ipc.ProtobufRpcEngine2$Server$ProtoBufRpcInvoker.call(ProtobufRpcEngine2.java:578) [hadoop-common-3.3.4.jar:?]
	at org.apache.hadoop.ipc.ProtobufRpcEngine2$Server$ProtoBufRpcInvoker.call(ProtobufRpcEngine2.java:556) [hadoop-common-3.3.4.jar:?]
	at org.apache.hadoop.ipc.RPC$Server.call(RPC.java:1093) [hadoop-common-3.3.4.jar:?]
	at org.apache.hadoop.ipc.Server$RpcCall.run(Server.java:1043) [hadoop-common-3.3.4.jar:?]
	at org.apache.hadoop.ipc.Server$RpcCall.run(Server.java:971) [hadoop-common-3.3.4.jar:?]
	at java.security.AccessController.doPrivileged(Native Method) ~[?:1.8.0_352]
	at javax.security.auth.Subject.doAs(Subject.java:422) [?:1.8.0_352]
	at org.apache.hadoop.security.UserGroupInformation.doAs(UserGroupInformation.java:1878) [hadoop-common-3.3.4.jar:?]
	at org.apache.hadoop.ipc.Server$Handler.run(Server.java:2976) [hadoop-common-3.3.4.jar:?]
10:09:11.250 [IPC Server handler 13 on default port 33423] ERROR OMAudit - user=runner | ip=127.0.0.1 | op=GET_FILE_STATUS {volume=volume03607, bucket=bucket70088, key=level0/level1, dataSize=0, replicationConfig=null} | ret=FAILURE
org.apache.hadoop.ozone.om.exceptions.OMException: Unable to get file status: volume: volume03607 bucket: bucket70088 key: level0/level1
	at org.apache.hadoop.ozone.om.KeyManagerImpl.getOzoneFileStatus(KeyManagerImpl.java:1301) ~[ozone-manager-1.4.0-SNAPSHOT.jar:?]
	at org.apache.hadoop.ozone.om.KeyManagerImpl.getFileStatus(KeyManagerImpl.java:1219) ~[ozone-manager-1.4.0-SNAPSHOT.jar:?]
	at org.apache.hadoop.ozone.om.OzoneManager.getFileStatus(OzoneManager.java:3578) ~[ozone-manager-1.4.0-SNAPSHOT.jar:?]
	at org.apache.hadoop.ozone.protocolPB.OzoneManagerRequestHandler.getOzoneFileStatus(OzoneManagerRequestHandler.java:907) ~[ozone-manager-1.4.0-SNAPSHOT.jar:?]
	at org.apache.hadoop.ozone.protocolPB.OzoneManagerRequestHandler.handleReadRequest(OzoneManagerRequestHandler.java:231) ~[ozone-manager-1.4.0-SNAPSHOT.jar:?]
	at org.apache.hadoop.ozone.protocolPB.OzoneManagerProtocolServerSideTranslatorPB.submitRequestDirectlyToOM(OzoneManagerProtocolServerSideTranslatorPB.java:276) ~[ozone-manager-1.4.0-SNAPSHOT.jar:?]
	at org.apache.hadoop.ozone.protocolPB.OzoneManagerProtocolServerSideTranslatorPB.processRequest(OzoneManagerProtocolServerSideTranslatorPB.java:205) ~[ozone-manager-1.4.0-SNAPSHOT.jar:?]
	at org.apache.hadoop.hdds.server.OzoneProtocolMessageDispatcher.processRequest(OzoneProtocolMessageDispatcher.java:87) [hdds-server-framework-1.4.0-SNAPSHOT.jar:?]
	at org.apache.hadoop.ozone.protocolPB.OzoneManagerProtocolServerSideTranslatorPB.submitRequest(OzoneManagerProtocolServerSideTranslatorPB.java:147) [ozone-manager-1.4.0-SNAPSHOT.jar:?]
	at org.apache.hadoop.ozone.protocol.proto.OzoneManagerProtocolProtos$OzoneManagerService$2.callBlockingMethod(OzoneManagerProtocolProtos.java) [ozone-interface-client-1.4.0-SNAPSHOT.jar:?]
	at org.apache.hadoop.ipc.ProtobufRpcEngine$Server.processCall(ProtobufRpcEngine.java:465) [hadoop-common-3.3.4.jar:?]
	at org.apache.hadoop.ipc.ProtobufRpcEngine2$Server$ProtoBufRpcInvoker.call(ProtobufRpcEngine2.java:578) [hadoop-common-3.3.4.jar:?]
	at org.apache.hadoop.ipc.ProtobufRpcEngine2$Server$ProtoBufRpcInvoker.call(ProtobufRpcEngine2.java:556) [hadoop-common-3.3.4.jar:?]
	at org.apache.hadoop.ipc.RPC$Server.call(RPC.java:1093) [hadoop-common-3.3.4.jar:?]
	at org.apache.hadoop.ipc.Server$RpcCall.run(Server.java:1043) [hadoop-common-3.3.4.jar:?]
	at org.apache.hadoop.ipc.Server$RpcCall.run(Server.java:971) [hadoop-common-3.3.4.jar:?]
	at java.security.AccessController.doPrivileged(Native Method) ~[?:1.8.0_352]
	at javax.security.auth.Subject.doAs(Subject.java:422) [?:1.8.0_352]
	at org.apache.hadoop.security.UserGroupInformation.doAs(UserGroupInformation.java:1878) [hadoop-common-3.3.4.jar:?]
	at org.apache.hadoop.ipc.Server$Handler.run(Server.java:2976) [hadoop-common-3.3.4.jar:?]
10:09:11.251 [IPC Server handler 14 on default port 33423] ERROR OMAudit - user=runner | ip=127.0.0.1 | op=GET_FILE_STATUS {volume=volume03607, bucket=bucket70088, key=level0/level1/level1, dataSize=0, replicationConfig=null} | ret=FAILURE
org.apache.hadoop.ozone.om.exceptions.OMException: Unable to get file status: volume: volume03607 bucket: bucket70088 key: level0/level1/level1
	at org.apache.hadoop.ozone.om.KeyManagerImpl.getOzoneFileStatus(KeyManagerImpl.java:1301) ~[ozone-manager-1.4.0-SNAPSHOT.jar:?]
	at org.apache.hadoop.ozone.om.KeyManagerImpl.getFileStatus(KeyManagerImpl.java:1219) ~[ozone-manager-1.4.0-SNAPSHOT.jar:?]
	at org.apache.hadoop.ozone.om.OzoneManager.getFileStatus(OzoneManager.java:3578) ~[ozone-manager-1.4.0-SNAPSHOT.jar:?]
	at org.apache.hadoop.ozone.protocolPB.OzoneManagerRequestHandler.getOzoneFileStatus(OzoneManagerRequestHandler.java:907) ~[ozone-manager-1.4.0-SNAPSHOT.jar:?]
	at org.apache.hadoop.ozone.protocolPB.OzoneManagerRequestHandler.handleReadRequest(OzoneManagerRequestHandler.java:231) ~[ozone-manager-1.4.0-SNAPSHOT.jar:?]
	at org.apache.hadoop.ozone.protocolPB.OzoneManagerProtocolServerSideTranslatorPB.submitRequestDirectlyToOM(OzoneManagerProtocolServerSideTranslatorPB.java:276) ~[ozone-manager-1.4.0-SNAPSHOT.jar:?]
	at org.apache.hadoop.ozone.protocolPB.OzoneManagerProtocolServerSideTranslatorPB.processRequest(OzoneManagerProtocolServerSideTranslatorPB.java:205) ~[ozone-manager-1.4.0-SNAPSHOT.jar:?]
	at org.apache.hadoop.hdds.server.OzoneProtocolMessageDispatcher.processRequest(OzoneProtocolMessageDispatcher.java:87) [hdds-server-framework-1.4.0-SNAPSHOT.jar:?]
	at org.apache.hadoop.ozone.protocolPB.OzoneManagerProtocolServerSideTranslatorPB.submitRequest(OzoneManagerProtocolServerSideTranslatorPB.java:147) [ozone-manager-1.4.0-SNAPSHOT.jar:?]
	at org.apache.hadoop.ozone.protocol.proto.OzoneManagerProtocolProtos$OzoneManagerService$2.callBlockingMethod(OzoneManagerProtocolProtos.java) [ozone-interface-client-1.4.0-SNAPSHOT.jar:?]
	at org.apache.hadoop.ipc.ProtobufRpcEngine$Server.processCall(ProtobufRpcEngine.java:465) [hadoop-common-3.3.4.jar:?]
	at org.apache.hadoop.ipc.ProtobufRpcEngine2$Server$ProtoBufRpcInvoker.call(ProtobufRpcEngine2.java:578) [hadoop-common-3.3.4.jar:?]
	at org.apache.hadoop.ipc.ProtobufRpcEngine2$Server$ProtoBufRpcInvoker.call(ProtobufRpcEngine2.java:556) [hadoop-common-3.3.4.jar:?]
	at org.apache.hadoop.ipc.RPC$Server.call(RPC.java:1093) [hadoop-common-3.3.4.jar:?]
	at org.apache.hadoop.ipc.Server$RpcCall.run(Server.java:1043) [hadoop-common-3.3.4.jar:?]
	at org.apache.hadoop.ipc.Server$RpcCall.run(Server.java:971) [hadoop-common-3.3.4.jar:?]
	at java.security.AccessController.doPrivileged(Native Method) ~[?:1.8.0_352]
	at javax.security.auth.Subject.doAs(Subject.java:422) [?:1.8.0_352]
	at org.apache.hadoop.security.UserGroupInformation.doAs(UserGroupInformation.java:1878) [hadoop-common-3.3.4.jar:?]
	at org.apache.hadoop.ipc.Server$Handler.run(Server.java:2976) [hadoop-common-3.3.4.jar:?]
10:09:11.251 [IPC Server handler 15 on default port 33423] ERROR OMAudit - user=runner | ip=127.0.0.1 | op=GET_FILE_STATUS {volume=volume03607, bucket=bucket70088, key=level0/level1/file1, dataSize=0, replicationConfig=null} | ret=FAILURE
org.apache.hadoop.ozone.om.exceptions.OMException: Unable to get file status: volume: volume03607 bucket: bucket70088 key: level0/level1/file1
	at org.apache.hadoop.ozone.om.KeyManagerImpl.getOzoneFileStatus(KeyManagerImpl.java:1301) ~[ozone-manager-1.4.0-SNAPSHOT.jar:?]
	at org.apache.hadoop.ozone.om.KeyManagerImpl.getFileStatus(KeyManagerImpl.java:1219) ~[ozone-manager-1.4.0-SNAPSHOT.jar:?]
	at org.apache.hadoop.ozone.om.OzoneManager.getFileStatus(OzoneManager.java:3578) ~[ozone-manager-1.4.0-SNAPSHOT.jar:?]
	at org.apache.hadoop.ozone.protocolPB.OzoneManagerRequestHandler.getOzoneFileStatus(OzoneManagerRequestHandler.java:907) ~[ozone-manager-1.4.0-SNAPSHOT.jar:?]
	at org.apache.hadoop.ozone.protocolPB.OzoneManagerRequestHandler.handleReadRequest(OzoneManagerRequestHandler.java:231) ~[ozone-manager-1.4.0-SNAPSHOT.jar:?]
	at org.apache.hadoop.ozone.protocolPB.OzoneManagerProtocolServerSideTranslatorPB.submitRequestDirectlyToOM(OzoneManagerProtocolServerSideTranslatorPB.java:276) ~[ozone-manager-1.4.0-SNAPSHOT.jar:?]
	at org.apache.hadoop.ozone.protocolPB.OzoneManagerProtocolServerSideTranslatorPB.processRequest(OzoneManagerProtocolServerSideTranslatorPB.java:205) ~[ozone-manager-1.4.0-SNAPSHOT.jar:?]
	at org.apache.hadoop.hdds.server.OzoneProtocolMessageDispatcher.processRequest(OzoneProtocolMessageDispatcher.java:87) [hdds-server-framework-1.4.0-SNAPSHOT.jar:?]
	at org.apache.hadoop.ozone.protocolPB.OzoneManagerProtocolServerSideTranslatorPB.submitRequest(OzoneManagerProtocolServerSideTranslatorPB.java:147) [ozone-manager-1.4.0-SNAPSHOT.jar:?]
	at org.apache.hadoop.ozone.protocol.proto.OzoneManagerProtocolProtos$OzoneManagerService$2.callBlockingMethod(OzoneManagerProtocolProtos.java) [ozone-interface-client-1.4.0-SNAPSHOT.jar:?]
	at org.apache.hadoop.ipc.ProtobufRpcEngine$Server.processCall(ProtobufRpcEngine.java:465) [hadoop-common-3.3.4.jar:?]
	at org.apache.hadoop.ipc.ProtobufRpcEngine2$Server$ProtoBufRpcInvoker.call(ProtobufRpcEngine2.java:578) [hadoop-common-3.3.4.jar:?]
	at org.apache.hadoop.ipc.ProtobufRpcEngine2$Server$ProtoBufRpcInvoker.call(ProtobufRpcEngine2.java:556) [hadoop-common-3.3.4.jar:?]
	at org.apache.hadoop.ipc.RPC$Server.call(RPC.java:1093) [hadoop-common-3.3.4.jar:?]
	at org.apache.hadoop.ipc.Server$RpcCall.run(Server.java:1043) [hadoop-common-3.3.4.jar:?]
	at org.apache.hadoop.ipc.Server$RpcCall.run(Server.java:971) [hadoop-common-3.3.4.jar:?]
	at java.security.AccessController.doPrivileged(Native Method) ~[?:1.8.0_352]
	at javax.security.auth.Subject.doAs(Subject.java:422) [?:1.8.0_352]
	at org.apache.hadoop.security.UserGroupInformation.doAs(UserGroupInformation.java:1878) [hadoop-common-3.3.4.jar:?]
	at org.apache.hadoop.ipc.Server$Handler.run(Server.java:2976) [hadoop-common-3.3.4.jar:?]
10:09:11.252 [IPC Server handler 16 on default port 33423] ERROR OMAudit - user=runner | ip=127.0.0.1 | op=GET_FILE_STATUS {volume=volume03607, bucket=bucket70088, key=level0/level1/level1/file1, dataSize=0, replicationConfig=null} | ret=FAILURE
org.apache.hadoop.ozone.om.exceptions.OMException: Unable to get file status: volume: volume03607 bucket: bucket70088 key: level0/level1/level1/file1
	at org.apache.hadoop.ozone.om.KeyManagerImpl.getOzoneFileStatus(KeyManagerImpl.java:1301) ~[ozone-manager-1.4.0-SNAPSHOT.jar:?]
	at org.apache.hadoop.ozone.om.KeyManagerImpl.getFileStatus(KeyManagerImpl.java:1219) ~[ozone-manager-1.4.0-SNAPSHOT.jar:?]
	at org.apache.hadoop.ozone.om.OzoneManager.getFileStatus(OzoneManager.java:3578) ~[ozone-manager-1.4.0-SNAPSHOT.jar:?]
	at org.apache.hadoop.ozone.protocolPB.OzoneManagerRequestHandler.getOzoneFileStatus(OzoneManagerRequestHandler.java:907) ~[ozone-manager-1.4.0-SNAPSHOT.jar:?]
	at org.apache.hadoop.ozone.protocolPB.OzoneManagerRequestHandler.handleReadRequest(OzoneManagerRequestHandler.java:231) ~[ozone-manager-1.4.0-SNAPSHOT.jar:?]
	at org.apache.hadoop.ozone.protocolPB.OzoneManagerProtocolServerSideTranslatorPB.submitRequestDirectlyToOM(OzoneManagerProtocolServerSideTranslatorPB.java:276) ~[ozone-manager-1.4.0-SNAPSHOT.jar:?]
	at org.apache.hadoop.ozone.protocolPB.OzoneManagerProtocolServerSideTranslatorPB.processRequest(OzoneManagerProtocolServerSideTranslatorPB.java:205) ~[ozone-manager-1.4.0-SNAPSHOT.jar:?]
	at org.apache.hadoop.hdds.server.OzoneProtocolMessageDispatcher.processRequest(OzoneProtocolMessageDispatcher.java:87) [hdds-server-framework-1.4.0-SNAPSHOT.jar:?]
	at org.apache.hadoop.ozone.protocolPB.OzoneManagerProtocolServerSideTranslatorPB.submitRequest(OzoneManagerProtocolServerSideTranslatorPB.java:147) [ozone-manager-1.4.0-SNAPSHOT.jar:?]
	at org.apache.hadoop.ozone.protocol.proto.OzoneManagerProtocolProtos$OzoneManagerService$2.callBlockingMethod(OzoneManagerProtocolProtos.java) [ozone-interface-client-1.4.0-SNAPSHOT.jar:?]
	at org.apache.hadoop.ipc.ProtobufRpcEngine$Server.processCall(ProtobufRpcEngine.java:465) [hadoop-common-3.3.4.jar:?]
	at org.apache.hadoop.ipc.ProtobufRpcEngine2$Server$ProtoBufRpcInvoker.call(ProtobufRpcEngine2.java:578) [hadoop-common-3.3.4.jar:?]
	at org.apache.hadoop.ipc.ProtobufRpcEngine2$Server$ProtoBufRpcInvoker.call(ProtobufRpcEngine2.java:556) [hadoop-common-3.3.4.jar:?]
	at org.apache.hadoop.ipc.RPC$Server.call(RPC.java:1093) [hadoop-common-3.3.4.jar:?]
	at org.apache.hadoop.ipc.Server$RpcCall.run(Server.java:1043) [hadoop-common-3.3.4.jar:?]
	at org.apache.hadoop.ipc.Server$RpcCall.run(Server.java:971) [hadoop-common-3.3.4.jar:?]
	at java.security.AccessController.doPrivileged(Native Method) ~[?:1.8.0_352]
	at javax.security.auth.Subject.doAs(Subject.java:422) [?:1.8.0_352]
	at org.apache.hadoop.security.UserGroupInformation.doAs(UserGroupInformation.java:1878) [hadoop-common-3.3.4.jar:?]
	at org.apache.hadoop.ipc.Server$Handler.run(Server.java:2976) [hadoop-common-3.3.4.jar:?]
10:09:11.252 [IPC Server handler 17 on default port 33423] ERROR OMAudit - user=runner | ip=127.0.0.1 | op=GET_FILE_STATUS {volume=volume03607, bucket=bucket70088, key=level0/level2, dataSize=0, replicationConfig=null} | ret=FAILURE
org.apache.hadoop.ozone.om.exceptions.OMException: Unable to get file status: volume: volume03607 bucket: bucket70088 key: level0/level2
	at org.apache.hadoop.ozone.om.KeyManagerImpl.getOzoneFileStatus(KeyManagerImpl.java:1301) ~[ozone-manager-1.4.0-SNAPSHOT.jar:?]
	at org.apache.hadoop.ozone.om.KeyManagerImpl.getFileStatus(KeyManagerImpl.java:1219) ~[ozone-manager-1.4.0-SNAPSHOT.jar:?]
	at org.apache.hadoop.ozone.om.OzoneManager.getFileStatus(OzoneManager.java:3578) ~[ozone-manager-1.4.0-SNAPSHOT.jar:?]
	at org.apache.hadoop.ozone.protocolPB.OzoneManagerRequestHandler.getOzoneFileStatus(OzoneManagerRequestHandler.java:907) ~[ozone-manager-1.4.0-SNAPSHOT.jar:?]
	at org.apache.hadoop.ozone.protocolPB.OzoneManagerRequestHandler.handleReadRequest(OzoneManagerRequestHandler.java:231) ~[ozone-manager-1.4.0-SNAPSHOT.jar:?]
	at org.apache.hadoop.ozone.protocolPB.OzoneManagerProtocolServerSideTranslatorPB.submitRequestDirectlyToOM(OzoneManagerProtocolServerSideTranslatorPB.java:276) ~[ozone-manager-1.4.0-SNAPSHOT.jar:?]
	at org.apache.hadoop.ozone.protocolPB.OzoneManagerProtocolServerSideTranslatorPB.processRequest(OzoneManagerProtocolServerSideTranslatorPB.java:205) ~[ozone-manager-1.4.0-SNAPSHOT.jar:?]
	at org.apache.hadoop.hdds.server.OzoneProtocolMessageDispatcher.processRequest(OzoneProtocolMessageDispatcher.java:87) [hdds-server-framework-1.4.0-SNAPSHOT.jar:?]
	at org.apache.hadoop.ozone.protocolPB.OzoneManagerProtocolServerSideTranslatorPB.submitRequest(OzoneManagerProtocolServerSideTranslatorPB.java:147) [ozone-manager-1.4.0-SNAPSHOT.jar:?]
	at org.apache.hadoop.ozone.protocol.proto.OzoneManagerProtocolProtos$OzoneManagerService$2.callBlockingMethod(OzoneManagerProtocolProtos.java) [ozone-interface-client-1.4.0-SNAPSHOT.jar:?]
	at org.apache.hadoop.ipc.ProtobufRpcEngine$Server.processCall(ProtobufRpcEngine.java:465) [hadoop-common-3.3.4.jar:?]
	at org.apache.hadoop.ipc.ProtobufRpcEngine2$Server$ProtoBufRpcInvoker.call(ProtobufRpcEngine2.java:578) [hadoop-common-3.3.4.jar:?]
	at org.apache.hadoop.ipc.ProtobufRpcEngine2$Server$ProtoBufRpcInvoker.call(ProtobufRpcEngine2.java:556) [hadoop-common-3.3.4.jar:?]
	at org.apache.hadoop.ipc.RPC$Server.call(RPC.java:1093) [hadoop-common-3.3.4.jar:?]
	at org.apache.hadoop.ipc.Server$RpcCall.run(Server.java:1043) [hadoop-common-3.3.4.jar:?]
	at org.apache.hadoop.ipc.Server$RpcCall.run(Server.java:971) [hadoop-common-3.3.4.jar:?]
	at java.security.AccessController.doPrivileged(Native Method) ~[?:1.8.0_352]
	at javax.security.auth.Subject.doAs(Subject.java:422) [?:1.8.0_352]
	at org.apache.hadoop.security.UserGroupInformation.doAs(UserGroupInformation.java:1878) [hadoop-common-3.3.4.jar:?]
	at org.apache.hadoop.ipc.Server$Handler.run(Server.java:2976) [hadoop-common-3.3.4.jar:?]
10:09:11.252 [IPC Server handler 18 on default port 33423] ERROR OMAudit - user=runner | ip=127.0.0.1 | op=GET_FILE_STATUS {volume=volume03607, bucket=bucket70088, key=level0/level2/level2, dataSize=0, replicationConfig=null} | ret=FAILURE
org.apache.hadoop.ozone.om.exceptions.OMException: Unable to get file status: volume: volume03607 bucket: bucket70088 key: level0/level2/level2
	at org.apache.hadoop.ozone.om.KeyManagerImpl.getOzoneFileStatus(KeyManagerImpl.java:1301) ~[ozone-manager-1.4.0-SNAPSHOT.jar:?]
	at org.apache.hadoop.ozone.om.KeyManagerImpl.getFileStatus(KeyManagerImpl.java:1219) ~[ozone-manager-1.4.0-SNAPSHOT.jar:?]
	at org.apache.hadoop.ozone.om.OzoneManager.getFileStatus(OzoneManager.java:3578) ~[ozone-manager-1.4.0-SNAPSHOT.jar:?]
	at org.apache.hadoop.ozone.protocolPB.OzoneManagerRequestHandler.getOzoneFileStatus(OzoneManagerRequestHandler.java:907) ~[ozone-manager-1.4.0-SNAPSHOT.jar:?]
	at org.apache.hadoop.ozone.protocolPB.OzoneManagerRequestHandler.handleReadRequest(OzoneManagerRequestHandler.java:231) ~[ozone-manager-1.4.0-SNAPSHOT.jar:?]
	at org.apache.hadoop.ozone.protocolPB.OzoneManagerProtocolServerSideTranslatorPB.submitRequestDirectlyToOM(OzoneManagerProtocolServerSideTranslatorPB.java:276) ~[ozone-manager-1.4.0-SNAPSHOT.jar:?]
	at org.apache.hadoop.ozone.protocolPB.OzoneManagerProtocolServerSideTranslatorPB.processRequest(OzoneManagerProtocolServerSideTranslatorPB.java:205) ~[ozone-manager-1.4.0-SNAPSHOT.jar:?]
	at org.apache.hadoop.hdds.server.OzoneProtocolMessageDispatcher.processRequest(OzoneProtocolMessageDispatcher.java:87) [hdds-server-framework-1.4.0-SNAPSHOT.jar:?]
	at org.apache.hadoop.ozone.protocolPB.OzoneManagerProtocolServerSideTranslatorPB.submitRequest(OzoneManagerProtocolServerSideTranslatorPB.java:147) [ozone-manager-1.4.0-SNAPSHOT.jar:?]
	at org.apache.hadoop.ozone.protocol.proto.OzoneManagerProtocolProtos$OzoneManagerService$2.callBlockingMethod(OzoneManagerProtocolProtos.java) [ozone-interface-client-1.4.0-SNAPSHOT.jar:?]
	at org.apache.hadoop.ipc.ProtobufRpcEngine$Server.processCall(ProtobufRpcEngine.java:465) [hadoop-common-3.3.4.jar:?]
	at org.apache.hadoop.ipc.ProtobufRpcEngine2$Server$ProtoBufRpcInvoker.call(ProtobufRpcEngine2.java:578) [hadoop-common-3.3.4.jar:?]
	at org.apache.hadoop.ipc.ProtobufRpcEngine2$Server$ProtoBufRpcInvoker.call(ProtobufRpcEngine2.java:556) [hadoop-common-3.3.4.jar:?]
	at org.apache.hadoop.ipc.RPC$Server.call(RPC.java:1093) [hadoop-common-3.3.4.jar:?]
	at org.apache.hadoop.ipc.Server$RpcCall.run(Server.java:1043) [hadoop-common-3.3.4.jar:?]
	at org.apache.hadoop.ipc.Server$RpcCall.run(Server.java:971) [hadoop-common-3.3.4.jar:?]
	at java.security.AccessController.doPrivileged(Native Method) ~[?:1.8.0_352]
	at javax.security.auth.Subject.doAs(Subject.java:422) [?:1.8.0_352]
	at org.apache.hadoop.security.UserGroupInformation.doAs(UserGroupInformation.java:1878) [hadoop-common-3.3.4.jar:?]
	at org.apache.hadoop.ipc.Server$Handler.run(Server.java:2976) [hadoop-common-3.3.4.jar:?]
10:09:11.253 [IPC Server handler 19 on default port 33423] ERROR OMAudit - user=runner | ip=127.0.0.1 | op=GET_FILE_STATUS {volume=volume03607, bucket=bucket70088, key=level0/level2/file1, dataSize=0, replicationConfig=null} | ret=FAILURE
org.apache.hadoop.ozone.om.exceptions.OMException: Unable to get file status: volume: volume03607 bucket: bucket70088 key: level0/level2/file1
	at org.apache.hadoop.ozone.om.KeyManagerImpl.getOzoneFileStatus(KeyManagerImpl.java:1301) ~[ozone-manager-1.4.0-SNAPSHOT.jar:?]
	at org.apache.hadoop.ozone.om.KeyManagerImpl.getFileStatus(KeyManagerImpl.java:1219) ~[ozone-manager-1.4.0-SNAPSHOT.jar:?]
	at org.apache.hadoop.ozone.om.OzoneManager.getFileStatus(OzoneManager.java:3578) ~[ozone-manager-1.4.0-SNAPSHOT.jar:?]
	at org.apache.hadoop.ozone.protocolPB.OzoneManagerRequestHandler.getOzoneFileStatus(OzoneManagerRequestHandler.java:907) ~[ozone-manager-1.4.0-SNAPSHOT.jar:?]
	at org.apache.hadoop.ozone.protocolPB.OzoneManagerRequestHandler.handleReadRequest(OzoneManagerRequestHandler.java:231) ~[ozone-manager-1.4.0-SNAPSHOT.jar:?]
	at org.apache.hadoop.ozone.protocolPB.OzoneManagerProtocolServerSideTranslatorPB.submitRequestDirectlyToOM(OzoneManagerProtocolServerSideTranslatorPB.java:276) ~[ozone-manager-1.4.0-SNAPSHOT.jar:?]
	at org.apache.hadoop.ozone.protocolPB.OzoneManagerProtocolServerSideTranslatorPB.processRequest(OzoneManagerProtocolServerSideTranslatorPB.java:205) ~[ozone-manager-1.4.0-SNAPSHOT.jar:?]
	at org.apache.hadoop.hdds.server.OzoneProtocolMessageDispatcher.processRequest(OzoneProtocolMessageDispatcher.java:87) [hdds-server-framework-1.4.0-SNAPSHOT.jar:?]
	at org.apache.hadoop.ozone.protocolPB.OzoneManagerProtocolServerSideTranslatorPB.submitRequest(OzoneManagerProtocolServerSideTranslatorPB.java:147) [ozone-manager-1.4.0-SNAPSHOT.jar:?]
	at org.apache.hadoop.ozone.protocol.proto.OzoneManagerProtocolProtos$OzoneManagerService$2.callBlockingMethod(OzoneManagerProtocolProtos.java) [ozone-interface-client-1.4.0-SNAPSHOT.jar:?]
	at org.apache.hadoop.ipc.ProtobufRpcEngine$Server.processCall(ProtobufRpcEngine.java:465) [hadoop-common-3.3.4.jar:?]
	at org.apache.hadoop.ipc.ProtobufRpcEngine2$Server$ProtoBufRpcInvoker.call(ProtobufRpcEngine2.java:578) [hadoop-common-3.3.4.jar:?]
	at org.apache.hadoop.ipc.ProtobufRpcEngine2$Server$ProtoBufRpcInvoker.call(ProtobufRpcEngine2.java:556) [hadoop-common-3.3.4.jar:?]
	at org.apache.hadoop.ipc.RPC$Server.call(RPC.java:1093) [hadoop-common-3.3.4.jar:?]
	at org.apache.hadoop.ipc.Server$RpcCall.run(Server.java:1043) [hadoop-common-3.3.4.jar:?]
	at org.apache.hadoop.ipc.Server$RpcCall.run(Server.java:971) [hadoop-common-3.3.4.jar:?]
	at java.security.AccessController.doPrivileged(Native Method) ~[?:1.8.0_352]
	at javax.security.auth.Subject.doAs(Subject.java:422) [?:1.8.0_352]
	at org.apache.hadoop.security.UserGroupInformation.doAs(UserGroupInformation.java:1878) [hadoop-common-3.3.4.jar:?]
	at org.apache.hadoop.ipc.Server$Handler.run(Server.java:2976) [hadoop-common-3.3.4.jar:?]
10:09:11.253 [IPC Server handler 1 on default port 33423] ERROR OMAudit - user=runner | ip=127.0.0.1 | op=GET_FILE_STATUS {volume=volume03607, bucket=bucket70088, key=level0/level2/level2/file1, dataSize=0, replicationConfig=null} | ret=FAILURE
org.apache.hadoop.ozone.om.exceptions.OMException: Unable to get file status: volume: volume03607 bucket: bucket70088 key: level0/level2/level2/file1
	at org.apache.hadoop.ozone.om.KeyManagerImpl.getOzoneFileStatus(KeyManagerImpl.java:1301) ~[ozone-manager-1.4.0-SNAPSHOT.jar:?]
	at org.apache.hadoop.ozone.om.KeyManagerImpl.getFileStatus(KeyManagerImpl.java:1219) ~[ozone-manager-1.4.0-SNAPSHOT.jar:?]
	at org.apache.hadoop.ozone.om.OzoneManager.getFileStatus(OzoneManager.java:3578) ~[ozone-manager-1.4.0-SNAPSHOT.jar:?]
	at org.apache.hadoop.ozone.protocolPB.OzoneManagerRequestHandler.getOzoneFileStatus(OzoneManagerRequestHandler.java:907) ~[ozone-manager-1.4.0-SNAPSHOT.jar:?]
	at org.apache.hadoop.ozone.protocolPB.OzoneManagerRequestHandler.handleReadRequest(OzoneManagerRequestHandler.java:231) ~[ozone-manager-1.4.0-SNAPSHOT.jar:?]
	at org.apache.hadoop.ozone.protocolPB.OzoneManagerProtocolServerSideTranslatorPB.submitRequestDirectlyToOM(OzoneManagerProtocolServerSideTranslatorPB.java:276) ~[ozone-manager-1.4.0-SNAPSHOT.jar:?]
	at org.apache.hadoop.ozone.protocolPB.OzoneManagerProtocolServerSideTranslatorPB.processRequest(OzoneManagerProtocolServerSideTranslatorPB.java:205) ~[ozone-manager-1.4.0-SNAPSHOT.jar:?]
	at org.apache.hadoop.hdds.server.OzoneProtocolMessageDispatcher.processRequest(OzoneProtocolMessageDispatcher.java:87) [hdds-server-framework-1.4.0-SNAPSHOT.jar:?]
	at org.apache.hadoop.ozone.protocolPB.OzoneManagerProtocolServerSideTranslatorPB.submitRequest(OzoneManagerProtocolServerSideTranslatorPB.java:147) [ozone-manager-1.4.0-SNAPSHOT.jar:?]
	at org.apache.hadoop.ozone.protocol.proto.OzoneManagerProtocolProtos$OzoneManagerService$2.callBlockingMethod(OzoneManagerProtocolProtos.java) [ozone-interface-client-1.4.0-SNAPSHOT.jar:?]
	at org.apache.hadoop.ipc.ProtobufRpcEngine$Server.processCall(ProtobufRpcEngine.java:465) [hadoop-common-3.3.4.jar:?]
	at org.apache.hadoop.ipc.ProtobufRpcEngine2$Server$ProtoBufRpcInvoker.call(ProtobufRpcEngine2.java:578) [hadoop-common-3.3.4.jar:?]
	at org.apache.hadoop.ipc.ProtobufRpcEngine2$Server$ProtoBufRpcInvoker.call(ProtobufRpcEngine2.java:556) [hadoop-common-3.3.4.jar:?]
	at org.apache.hadoop.ipc.RPC$Server.call(RPC.java:1093) [hadoop-common-3.3.4.jar:?]
	at org.apache.hadoop.ipc.Server$RpcCall.run(Server.java:1043) [hadoop-common-3.3.4.jar:?]
	at org.apache.hadoop.ipc.Server$RpcCall.run(Server.java:971) [hadoop-common-3.3.4.jar:?]
	at java.security.AccessController.doPrivileged(Native Method) ~[?:1.8.0_352]
	at javax.security.auth.Subject.doAs(Subject.java:422) [?:1.8.0_352]
	at org.apache.hadoop.security.UserGroupInformation.doAs(UserGroupInformation.java:1878) [hadoop-common-3.3.4.jar:?]
	at org.apache.hadoop.ipc.Server$Handler.run(Server.java:2976) [hadoop-common-3.3.4.jar:?]
10:09:11.255 [IPC Server handler 0 on default port 33423] ERROR OMAudit - user=runner | ip=127.0.0.1 | op=GET_FILE_STATUS {volume=volume03607, bucket=bucket70088, key=level0/level3, dataSize=0, replicationConfig=null} | ret=FAILURE
org.apache.hadoop.ozone.om.exceptions.OMException: Unable to get file status: volume: volume03607 bucket: bucket70088 key: level0/level3
	at org.apache.hadoop.ozone.om.KeyManagerImpl.getOzoneFileStatus(KeyManagerImpl.java:1301) ~[ozone-manager-1.4.0-SNAPSHOT.jar:?]
	at org.apache.hadoop.ozone.om.KeyManagerImpl.getFileStatus(KeyManagerImpl.java:1219) ~[ozone-manager-1.4.0-SNAPSHOT.jar:?]
	at org.apache.hadoop.ozone.om.OzoneManager.getFileStatus(OzoneManager.java:3578) ~[ozone-manager-1.4.0-SNAPSHOT.jar:?]
	at org.apache.hadoop.ozone.protocolPB.OzoneManagerRequestHandler.getOzoneFileStatus(OzoneManagerRequestHandler.java:907) ~[ozone-manager-1.4.0-SNAPSHOT.jar:?]
	at org.apache.hadoop.ozone.protocolPB.OzoneManagerRequestHandler.handleReadRequest(OzoneManagerRequestHandler.java:231) ~[ozone-manager-1.4.0-SNAPSHOT.jar:?]
	at org.apache.hadoop.ozone.protocolPB.OzoneManagerProtocolServerSideTranslatorPB.submitRequestDirectlyToOM(OzoneManagerProtocolServerSideTranslatorPB.java:276) ~[ozone-manager-1.4.0-SNAPSHOT.jar:?]
	at org.apache.hadoop.ozone.protocolPB.OzoneManagerProtocolServerSideTranslatorPB.processRequest(OzoneManagerProtocolServerSideTranslatorPB.java:205) ~[ozone-manager-1.4.0-SNAPSHOT.jar:?]
	at org.apache.hadoop.hdds.server.OzoneProtocolMessageDispatcher.processRequest(OzoneProtocolMessageDispatcher.java:87) [hdds-server-framework-1.4.0-SNAPSHOT.jar:?]
	at org.apache.hadoop.ozone.protocolPB.OzoneManagerProtocolServerSideTranslatorPB.submitRequest(OzoneManagerProtocolServerSideTranslatorPB.java:147) [ozone-manager-1.4.0-SNAPSHOT.jar:?]
	at org.apache.hadoop.ozone.protocol.proto.OzoneManagerProtocolProtos$OzoneManagerService$2.callBlockingMethod(OzoneManagerProtocolProtos.java) [ozone-interface-client-1.4.0-SNAPSHOT.jar:?]
	at org.apache.hadoop.ipc.ProtobufRpcEngine$Server.processCall(ProtobufRpcEngine.java:465) [hadoop-common-3.3.4.jar:?]
	at org.apache.hadoop.ipc.ProtobufRpcEngine2$Server$ProtoBufRpcInvoker.call(ProtobufRpcEngine2.java:578) [hadoop-common-3.3.4.jar:?]
	at org.apache.hadoop.ipc.ProtobufRpcEngine2$Server$ProtoBufRpcInvoker.call(ProtobufRpcEngine2.java:556) [hadoop-common-3.3.4.jar:?]
	at org.apache.hadoop.ipc.RPC$Server.call(RPC.java:1093) [hadoop-common-3.3.4.jar:?]
	at org.apache.hadoop.ipc.Server$RpcCall.run(Server.java:1043) [hadoop-common-3.3.4.jar:?]
	at org.apache.hadoop.ipc.Server$RpcCall.run(Server.java:971) [hadoop-common-3.3.4.jar:?]
	at java.security.AccessController.doPrivileged(Native Method) ~[?:1.8.0_352]
	at javax.security.auth.Subject.doAs(Subject.java:422) [?:1.8.0_352]
	at org.apache.hadoop.security.UserGroupInformation.doAs(UserGroupInformation.java:1878) [hadoop-common-3.3.4.jar:?]
	at org.apache.hadoop.ipc.Server$Handler.run(Server.java:2976) [hadoop-common-3.3.4.jar:?]
10:09:11.256 [IPC Server handler 3 on default port 33423] ERROR OMAudit - user=runner | ip=127.0.0.1 | op=GET_FILE_STATUS {volume=volume03607, bucket=bucket70088, key=level0/level3/level3, dataSize=0, replicationConfig=null} | ret=FAILURE
org.apache.hadoop.ozone.om.exceptions.OMException: Unable to get file status: volume: volume03607 bucket: bucket70088 key: level0/level3/level3
	at org.apache.hadoop.ozone.om.KeyManagerImpl.getOzoneFileStatus(KeyManagerImpl.java:1301) ~[ozone-manager-1.4.0-SNAPSHOT.jar:?]
	at org.apache.hadoop.ozone.om.KeyManagerImpl.getFileStatus(KeyManagerImpl.java:1219) ~[ozone-manager-1.4.0-SNAPSHOT.jar:?]
	at org.apache.hadoop.ozone.om.OzoneManager.getFileStatus(OzoneManager.java:3578) ~[ozone-manager-1.4.0-SNAPSHOT.jar:?]
	at org.apache.hadoop.ozone.protocolPB.OzoneManagerRequestHandler.getOzoneFileStatus(OzoneManagerRequestHandler.java:907) ~[ozone-manager-1.4.0-SNAPSHOT.jar:?]
	at org.apache.hadoop.ozone.protocolPB.OzoneManagerRequestHandler.handleReadRequest(OzoneManagerRequestHandler.java:231) ~[ozone-manager-1.4.0-SNAPSHOT.jar:?]
	at org.apache.hadoop.ozone.protocolPB.OzoneManagerProtocolServerSideTranslatorPB.submitRequestDirectlyToOM(OzoneManagerProtocolServerSideTranslatorPB.java:276) ~[ozone-manager-1.4.0-SNAPSHOT.jar:?]
	at org.apache.hadoop.ozone.protocolPB.OzoneManagerProtocolServerSideTranslatorPB.processRequest(OzoneManagerProtocolServerSideTranslatorPB.java:205) ~[ozone-manager-1.4.0-SNAPSHOT.jar:?]
	at org.apache.hadoop.hdds.server.OzoneProtocolMessageDispatcher.processRequest(OzoneProtocolMessageDispatcher.java:87) [hdds-server-framework-1.4.0-SNAPSHOT.jar:?]
	at org.apache.hadoop.ozone.protocolPB.OzoneManagerProtocolServerSideTranslatorPB.submitRequest(OzoneManagerProtocolServerSideTranslatorPB.java:147) [ozone-manager-1.4.0-SNAPSHOT.jar:?]
	at org.apache.hadoop.ozone.protocol.proto.OzoneManagerProtocolProtos$OzoneManagerService$2.callBlockingMethod(OzoneManagerProtocolProtos.java) [ozone-interface-client-1.4.0-SNAPSHOT.jar:?]
	at org.apache.hadoop.ipc.ProtobufRpcEngine$Server.processCall(ProtobufRpcEngine.java:465) [hadoop-common-3.3.4.jar:?]
	at org.apache.hadoop.ipc.ProtobufRpcEngine2$Server$ProtoBufRpcInvoker.call(ProtobufRpcEngine2.java:578) [hadoop-common-3.3.4.jar:?]
	at org.apache.hadoop.ipc.ProtobufRpcEngine2$Server$ProtoBufRpcInvoker.call(ProtobufRpcEngine2.java:556) [hadoop-common-3.3.4.jar:?]
	at org.apache.hadoop.ipc.RPC$Server.call(RPC.java:1093) [hadoop-common-3.3.4.jar:?]
	at org.apache.hadoop.ipc.Server$RpcCall.run(Server.java:1043) [hadoop-common-3.3.4.jar:?]
	at org.apache.hadoop.ipc.Server$RpcCall.run(Server.java:971) [hadoop-common-3.3.4.jar:?]
	at java.security.AccessController.doPrivileged(Native Method) ~[?:1.8.0_352]
	at javax.security.auth.Subject.doAs(Subject.java:422) [?:1.8.0_352]
	at org.apache.hadoop.security.UserGroupInformation.doAs(UserGroupInformation.java:1878) [hadoop-common-3.3.4.jar:?]
	at org.apache.hadoop.ipc.Server$Handler.run(Server.java:2976) [hadoop-common-3.3.4.jar:?]
10:09:11.265 [IPC Server handler 2 on default port 33423] ERROR OMAudit - user=runner | ip=127.0.0.1 | op=GET_FILE_STATUS {volume=volume03607, bucket=bucket70088, key=level0/level3/file1, dataSize=0, replicationConfig=null} | ret=FAILURE
org.apache.hadoop.ozone.om.exceptions.OMException: Unable to get file status: volume: volume03607 bucket: bucket70088 key: level0/level3/file1
	at org.apache.hadoop.ozone.om.KeyManagerImpl.getOzoneFileStatus(KeyManagerImpl.java:1301) ~[ozone-manager-1.4.0-SNAPSHOT.jar:?]
	at org.apache.hadoop.ozone.om.KeyManagerImpl.getFileStatus(KeyManagerImpl.java:1219) ~[ozone-manager-1.4.0-SNAPSHOT.jar:?]
	at org.apache.hadoop.ozone.om.OzoneManager.getFileStatus(OzoneManager.java:3578) ~[ozone-manager-1.4.0-SNAPSHOT.jar:?]
	at org.apache.hadoop.ozone.protocolPB.OzoneManagerRequestHandler.getOzoneFileStatus(OzoneManagerRequestHandler.java:907) ~[ozone-manager-1.4.0-SNAPSHOT.jar:?]
	at org.apache.hadoop.ozone.protocolPB.OzoneManagerRequestHandler.handleReadRequest(OzoneManagerRequestHandler.java:231) ~[ozone-manager-1.4.0-SNAPSHOT.jar:?]
	at org.apache.hadoop.ozone.protocolPB.OzoneManagerProtocolServerSideTranslatorPB.submitRequestDirectlyToOM(OzoneManagerProtocolServerSideTranslatorPB.java:276) ~[ozone-manager-1.4.0-SNAPSHOT.jar:?]
	at org.apache.hadoop.ozone.protocolPB.OzoneManagerProtocolServerSideTranslatorPB.processRequest(OzoneManagerProtocolServerSideTranslatorPB.java:205) ~[ozone-manager-1.4.0-SNAPSHOT.jar:?]
	at org.apache.hadoop.hdds.server.OzoneProtocolMessageDispatcher.processRequest(OzoneProtocolMessageDispatcher.java:87) [hdds-server-framework-1.4.0-SNAPSHOT.jar:?]
	at org.apache.hadoop.ozone.protocolPB.OzoneManagerProtocolServerSideTranslatorPB.submitRequest(OzoneManagerProtocolServerSideTranslatorPB.java:147) [ozone-manager-1.4.0-SNAPSHOT.jar:?]
	at org.apache.hadoop.ozone.protocol.proto.OzoneManagerProtocolProtos$OzoneManagerService$2.callBlockingMethod(OzoneManagerProtocolProtos.java) [ozone-interface-client-1.4.0-SNAPSHOT.jar:?]
	at org.apache.hadoop.ipc.ProtobufRpcEngine$Server.processCall(ProtobufRpcEngine.java:465) [hadoop-common-3.3.4.jar:?]
	at org.apache.hadoop.ipc.ProtobufRpcEngine2$Server$ProtoBufRpcInvoker.call(ProtobufRpcEngine2.java:578) [hadoop-common-3.3.4.jar:?]
	at org.apache.hadoop.ipc.ProtobufRpcEngine2$Server$ProtoBufRpcInvoker.call(ProtobufRpcEngine2.java:556) [hadoop-common-3.3.4.jar:?]
	at org.apache.hadoop.ipc.RPC$Server.call(RPC.java:1093) [hadoop-common-3.3.4.jar:?]
	at org.apache.hadoop.ipc.Server$RpcCall.run(Server.java:1043) [hadoop-common-3.3.4.jar:?]
	at org.apache.hadoop.ipc.Server$RpcCall.run(Server.java:971) [hadoop-common-3.3.4.jar:?]
	at java.security.AccessController.doPrivileged(Native Method) ~[?:1.8.0_352]
	at javax.security.auth.Subject.doAs(Subject.java:422) [?:1.8.0_352]
	at org.apache.hadoop.security.UserGroupInformation.doAs(UserGroupInformation.java:1878) [hadoop-common-3.3.4.jar:?]
	at org.apache.hadoop.ipc.Server$Handler.run(Server.java:2976) [hadoop-common-3.3.4.jar:?]
10:09:11.266 [IPC Server handler 4 on default port 33423] ERROR OMAudit - user=runner | ip=127.0.0.1 | op=GET_FILE_STATUS {volume=volume03607, bucket=bucket70088, key=level0/level3/level3/file1, dataSize=0, replicationConfig=null} | ret=FAILURE
org.apache.hadoop.ozone.om.exceptions.OMException: Unable to get file status: volume: volume03607 bucket: bucket70088 key: level0/level3/level3/file1
	at org.apache.hadoop.ozone.om.KeyManagerImpl.getOzoneFileStatus(KeyManagerImpl.java:1301) ~[ozone-manager-1.4.0-SNAPSHOT.jar:?]
	at org.apache.hadoop.ozone.om.KeyManagerImpl.getFileStatus(KeyManagerImpl.java:1219) ~[ozone-manager-1.4.0-SNAPSHOT.jar:?]
	at org.apache.hadoop.ozone.om.OzoneManager.getFileStatus(OzoneManager.java:3578) ~[ozone-manager-1.4.0-SNAPSHOT.jar:?]
	at org.apache.hadoop.ozone.protocolPB.OzoneManagerRequestHandler.getOzoneFileStatus(OzoneManagerRequestHandler.java:907) ~[ozone-manager-1.4.0-SNAPSHOT.jar:?]
	at org.apache.hadoop.ozone.protocolPB.OzoneManagerRequestHandler.handleReadRequest(OzoneManagerRequestHandler.java:231) ~[ozone-manager-1.4.0-SNAPSHOT.jar:?]
	at org.apache.hadoop.ozone.protocolPB.OzoneManagerProtocolServerSideTranslatorPB.submitRequestDirectlyToOM(OzoneManagerProtocolServerSideTranslatorPB.java:276) ~[ozone-manager-1.4.0-SNAPSHOT.jar:?]
	at org.apache.hadoop.ozone.protocolPB.OzoneManagerProtocolServerSideTranslatorPB.processRequest(OzoneManagerProtocolServerSideTranslatorPB.java:205) ~[ozone-manager-1.4.0-SNAPSHOT.jar:?]
	at org.apache.hadoop.hdds.server.OzoneProtocolMessageDispatcher.processRequest(OzoneProtocolMessageDispatcher.java:87) [hdds-server-framework-1.4.0-SNAPSHOT.jar:?]
	at org.apache.hadoop.ozone.protocolPB.OzoneManagerProtocolServerSideTranslatorPB.submitRequest(OzoneManagerProtocolServerSideTranslatorPB.java:147) [ozone-manager-1.4.0-SNAPSHOT.jar:?]
	at org.apache.hadoop.ozone.protocol.proto.OzoneManagerProtocolProtos$OzoneManagerService$2.callBlockingMethod(OzoneManagerProtocolProtos.java) [ozone-interface-client-1.4.0-SNAPSHOT.jar:?]
	at org.apache.hadoop.ipc.ProtobufRpcEngine$Server.processCall(ProtobufRpcEngine.java:465) [hadoop-common-3.3.4.jar:?]
	at org.apache.hadoop.ipc.ProtobufRpcEngine2$Server$ProtoBufRpcInvoker.call(ProtobufRpcEngine2.java:578) [hadoop-common-3.3.4.jar:?]
	at org.apache.hadoop.ipc.ProtobufRpcEngine2$Server$ProtoBufRpcInvoker.call(ProtobufRpcEngine2.java:556) [hadoop-common-3.3.4.jar:?]
	at org.apache.hadoop.ipc.RPC$Server.call(RPC.java:1093) [hadoop-common-3.3.4.jar:?]
	at org.apache.hadoop.ipc.Server$RpcCall.run(Server.java:1043) [hadoop-common-3.3.4.jar:?]
	at org.apache.hadoop.ipc.Server$RpcCall.run(Server.java:971) [hadoop-common-3.3.4.jar:?]
	at java.security.AccessController.doPrivileged(Native Method) ~[?:1.8.0_352]
	at javax.security.auth.Subject.doAs(Subject.java:422) [?:1.8.0_352]
	at org.apache.hadoop.security.UserGroupInformation.doAs(UserGroupInformation.java:1878) [hadoop-common-3.3.4.jar:?]
	at org.apache.hadoop.ipc.Server$Handler.run(Server.java:2976) [hadoop-common-3.3.4.jar:?]
]]></system-out>
  </testcase>
  <testcase name="testGetTrashRoots" classname="TestOzoneFileSystem" time="0.049">
    <system-out><![CDATA[10:06:28.560 [IPC Server handler 12 on default port 41175] ERROR OMAudit - user=runner | ip=127.0.0.1 | op=GET_FILE_STATUS {volume=volume17571, bucket=bucket85979, key=.Trash/runner, dataSize=0, replicationConfig=null} | ret=FAILURE
org.apache.hadoop.ozone.om.exceptions.OMException: Unable to get file status: volume: volume17571 bucket: bucket85979 key: .Trash/runner
	at org.apache.hadoop.ozone.om.KeyManagerImpl.getOzoneFileStatus(KeyManagerImpl.java:1301) ~[ozone-manager-1.4.0-SNAPSHOT.jar:?]
	at org.apache.hadoop.ozone.om.KeyManagerImpl.getFileStatus(KeyManagerImpl.java:1219) ~[ozone-manager-1.4.0-SNAPSHOT.jar:?]
	at org.apache.hadoop.ozone.om.OzoneManager.getFileStatus(OzoneManager.java:3578) ~[ozone-manager-1.4.0-SNAPSHOT.jar:?]
	at org.apache.hadoop.ozone.protocolPB.OzoneManagerRequestHandler.getOzoneFileStatus(OzoneManagerRequestHandler.java:907) ~[ozone-manager-1.4.0-SNAPSHOT.jar:?]
	at org.apache.hadoop.ozone.protocolPB.OzoneManagerRequestHandler.handleReadRequest(OzoneManagerRequestHandler.java:231) ~[ozone-manager-1.4.0-SNAPSHOT.jar:?]
	at org.apache.hadoop.ozone.protocolPB.OzoneManagerProtocolServerSideTranslatorPB.submitReadRequestToOM(OzoneManagerProtocolServerSideTranslatorPB.java:226) ~[ozone-manager-1.4.0-SNAPSHOT.jar:?]
	at org.apache.hadoop.ozone.protocolPB.OzoneManagerProtocolServerSideTranslatorPB.processRequest(OzoneManagerProtocolServerSideTranslatorPB.java:175) ~[ozone-manager-1.4.0-SNAPSHOT.jar:?]
	at org.apache.hadoop.hdds.server.OzoneProtocolMessageDispatcher.processRequest(OzoneProtocolMessageDispatcher.java:87) [hdds-server-framework-1.4.0-SNAPSHOT.jar:?]
	at org.apache.hadoop.ozone.protocolPB.OzoneManagerProtocolServerSideTranslatorPB.submitRequest(OzoneManagerProtocolServerSideTranslatorPB.java:147) [ozone-manager-1.4.0-SNAPSHOT.jar:?]
	at org.apache.hadoop.ozone.protocol.proto.OzoneManagerProtocolProtos$OzoneManagerService$2.callBlockingMethod(OzoneManagerProtocolProtos.java) [ozone-interface-client-1.4.0-SNAPSHOT.jar:?]
	at org.apache.hadoop.ipc.ProtobufRpcEngine$Server.processCall(ProtobufRpcEngine.java:465) [hadoop-common-3.3.4.jar:?]
	at org.apache.hadoop.ipc.ProtobufRpcEngine2$Server$ProtoBufRpcInvoker.call(ProtobufRpcEngine2.java:578) [hadoop-common-3.3.4.jar:?]
	at org.apache.hadoop.ipc.ProtobufRpcEngine2$Server$ProtoBufRpcInvoker.call(ProtobufRpcEngine2.java:556) [hadoop-common-3.3.4.jar:?]
	at org.apache.hadoop.ipc.RPC$Server.call(RPC.java:1093) [hadoop-common-3.3.4.jar:?]
	at org.apache.hadoop.ipc.Server$RpcCall.run(Server.java:1043) [hadoop-common-3.3.4.jar:?]
	at org.apache.hadoop.ipc.Server$RpcCall.run(Server.java:971) [hadoop-common-3.3.4.jar:?]
	at java.security.AccessController.doPrivileged(Native Method) ~[?:1.8.0_352]
	at javax.security.auth.Subject.doAs(Subject.java:422) [?:1.8.0_352]
	at org.apache.hadoop.security.UserGroupInformation.doAs(UserGroupInformation.java:1878) [hadoop-common-3.3.4.jar:?]
	at org.apache.hadoop.ipc.Server$Handler.run(Server.java:2976) [hadoop-common-3.3.4.jar:?]
]]></system-out>
  </testcase>
  <testcase name="testGetTrashRoots" classname="TestOzoneFileSystem" time="0.02">
    <system-out><![CDATA[10:07:27.922 [IPC Server handler 6 on default port 46801] ERROR OMAudit - user=runner | ip=127.0.0.1 | op=GET_FILE_STATUS {volume=volume72509, bucket=bucket24043, key=.Trash/runner, dataSize=0, replicationConfig=null} | ret=FAILURE
org.apache.hadoop.ozone.om.exceptions.OMException: Unable to get file status: volume: volume72509 bucket: bucket24043 key: .Trash/runner
	at org.apache.hadoop.ozone.om.KeyManagerImpl.getOzoneFileStatus(KeyManagerImpl.java:1301) ~[ozone-manager-1.4.0-SNAPSHOT.jar:?]
	at org.apache.hadoop.ozone.om.KeyManagerImpl.getFileStatus(KeyManagerImpl.java:1219) ~[ozone-manager-1.4.0-SNAPSHOT.jar:?]
	at org.apache.hadoop.ozone.om.OzoneManager.getFileStatus(OzoneManager.java:3578) ~[ozone-manager-1.4.0-SNAPSHOT.jar:?]
	at org.apache.hadoop.ozone.protocolPB.OzoneManagerRequestHandler.getOzoneFileStatus(OzoneManagerRequestHandler.java:907) ~[ozone-manager-1.4.0-SNAPSHOT.jar:?]
	at org.apache.hadoop.ozone.protocolPB.OzoneManagerRequestHandler.handleReadRequest(OzoneManagerRequestHandler.java:231) ~[ozone-manager-1.4.0-SNAPSHOT.jar:?]
	at org.apache.hadoop.ozone.protocolPB.OzoneManagerProtocolServerSideTranslatorPB.submitRequestDirectlyToOM(OzoneManagerProtocolServerSideTranslatorPB.java:276) ~[ozone-manager-1.4.0-SNAPSHOT.jar:?]
	at org.apache.hadoop.ozone.protocolPB.OzoneManagerProtocolServerSideTranslatorPB.processRequest(OzoneManagerProtocolServerSideTranslatorPB.java:205) ~[ozone-manager-1.4.0-SNAPSHOT.jar:?]
	at org.apache.hadoop.hdds.server.OzoneProtocolMessageDispatcher.processRequest(OzoneProtocolMessageDispatcher.java:87) [hdds-server-framework-1.4.0-SNAPSHOT.jar:?]
	at org.apache.hadoop.ozone.protocolPB.OzoneManagerProtocolServerSideTranslatorPB.submitRequest(OzoneManagerProtocolServerSideTranslatorPB.java:147) [ozone-manager-1.4.0-SNAPSHOT.jar:?]
	at org.apache.hadoop.ozone.protocol.proto.OzoneManagerProtocolProtos$OzoneManagerService$2.callBlockingMethod(OzoneManagerProtocolProtos.java) [ozone-interface-client-1.4.0-SNAPSHOT.jar:?]
	at org.apache.hadoop.ipc.ProtobufRpcEngine$Server.processCall(ProtobufRpcEngine.java:465) [hadoop-common-3.3.4.jar:?]
	at org.apache.hadoop.ipc.ProtobufRpcEngine2$Server$ProtoBufRpcInvoker.call(ProtobufRpcEngine2.java:578) [hadoop-common-3.3.4.jar:?]
	at org.apache.hadoop.ipc.ProtobufRpcEngine2$Server$ProtoBufRpcInvoker.call(ProtobufRpcEngine2.java:556) [hadoop-common-3.3.4.jar:?]
	at org.apache.hadoop.ipc.RPC$Server.call(RPC.java:1093) [hadoop-common-3.3.4.jar:?]
	at org.apache.hadoop.ipc.Server$RpcCall.run(Server.java:1043) [hadoop-common-3.3.4.jar:?]
	at org.apache.hadoop.ipc.Server$RpcCall.run(Server.java:971) [hadoop-common-3.3.4.jar:?]
	at java.security.AccessController.doPrivileged(Native Method) ~[?:1.8.0_352]
	at javax.security.auth.Subject.doAs(Subject.java:422) [?:1.8.0_352]
	at org.apache.hadoop.security.UserGroupInformation.doAs(UserGroupInformation.java:1878) [hadoop-common-3.3.4.jar:?]
	at org.apache.hadoop.ipc.Server$Handler.run(Server.java:2976) [hadoop-common-3.3.4.jar:?]
]]></system-out>
  </testcase>
  <testcase name="testGetTrashRoots" classname="TestOzoneFileSystem" time="0.018">
    <system-out><![CDATA[10:08:17.077 [IPC Server handler 6 on default port 46431] ERROR OMAudit - user=runner | ip=127.0.0.1 | op=GET_FILE_STATUS {volume=volume30750, bucket=bucket79142, key=.Trash/runner, dataSize=0, replicationConfig=null} | ret=FAILURE
org.apache.hadoop.ozone.om.exceptions.OMException: Unable to get file status: volume: volume30750 bucket: bucket79142 key: .Trash/runner
	at org.apache.hadoop.ozone.om.KeyManagerImpl.getOzoneFileStatus(KeyManagerImpl.java:1301) ~[ozone-manager-1.4.0-SNAPSHOT.jar:?]
	at org.apache.hadoop.ozone.om.KeyManagerImpl.getFileStatus(KeyManagerImpl.java:1219) ~[ozone-manager-1.4.0-SNAPSHOT.jar:?]
	at org.apache.hadoop.ozone.om.OzoneManager.getFileStatus(OzoneManager.java:3578) ~[ozone-manager-1.4.0-SNAPSHOT.jar:?]
	at org.apache.hadoop.ozone.protocolPB.OzoneManagerRequestHandler.getOzoneFileStatus(OzoneManagerRequestHandler.java:907) ~[ozone-manager-1.4.0-SNAPSHOT.jar:?]
	at org.apache.hadoop.ozone.protocolPB.OzoneManagerRequestHandler.handleReadRequest(OzoneManagerRequestHandler.java:231) ~[ozone-manager-1.4.0-SNAPSHOT.jar:?]
	at org.apache.hadoop.ozone.protocolPB.OzoneManagerProtocolServerSideTranslatorPB.submitReadRequestToOM(OzoneManagerProtocolServerSideTranslatorPB.java:226) ~[ozone-manager-1.4.0-SNAPSHOT.jar:?]
	at org.apache.hadoop.ozone.protocolPB.OzoneManagerProtocolServerSideTranslatorPB.processRequest(OzoneManagerProtocolServerSideTranslatorPB.java:175) ~[ozone-manager-1.4.0-SNAPSHOT.jar:?]
	at org.apache.hadoop.hdds.server.OzoneProtocolMessageDispatcher.processRequest(OzoneProtocolMessageDispatcher.java:87) [hdds-server-framework-1.4.0-SNAPSHOT.jar:?]
	at org.apache.hadoop.ozone.protocolPB.OzoneManagerProtocolServerSideTranslatorPB.submitRequest(OzoneManagerProtocolServerSideTranslatorPB.java:147) [ozone-manager-1.4.0-SNAPSHOT.jar:?]
	at org.apache.hadoop.ozone.protocol.proto.OzoneManagerProtocolProtos$OzoneManagerService$2.callBlockingMethod(OzoneManagerProtocolProtos.java) [ozone-interface-client-1.4.0-SNAPSHOT.jar:?]
	at org.apache.hadoop.ipc.ProtobufRpcEngine$Server.processCall(ProtobufRpcEngine.java:465) [hadoop-common-3.3.4.jar:?]
	at org.apache.hadoop.ipc.ProtobufRpcEngine2$Server$ProtoBufRpcInvoker.call(ProtobufRpcEngine2.java:578) [hadoop-common-3.3.4.jar:?]
	at org.apache.hadoop.ipc.ProtobufRpcEngine2$Server$ProtoBufRpcInvoker.call(ProtobufRpcEngine2.java:556) [hadoop-common-3.3.4.jar:?]
	at org.apache.hadoop.ipc.RPC$Server.call(RPC.java:1093) [hadoop-common-3.3.4.jar:?]
	at org.apache.hadoop.ipc.Server$RpcCall.run(Server.java:1043) [hadoop-common-3.3.4.jar:?]
	at org.apache.hadoop.ipc.Server$RpcCall.run(Server.java:971) [hadoop-common-3.3.4.jar:?]
	at java.security.AccessController.doPrivileged(Native Method) ~[?:1.8.0_352]
	at javax.security.auth.Subject.doAs(Subject.java:422) [?:1.8.0_352]
	at org.apache.hadoop.security.UserGroupInformation.doAs(UserGroupInformation.java:1878) [hadoop-common-3.3.4.jar:?]
	at org.apache.hadoop.ipc.Server$Handler.run(Server.java:2976) [hadoop-common-3.3.4.jar:?]
]]></system-out>
  </testcase>
  <testcase name="testGetTrashRoots" classname="TestOzoneFileSystem" time="0.013">
    <system-out><![CDATA[10:09:11.270 [IPC Server handler 6 on default port 33423] ERROR OMAudit - user=runner | ip=127.0.0.1 | op=GET_FILE_STATUS {volume=volume03607, bucket=bucket70088, key=.Trash/runner, dataSize=0, replicationConfig=null} | ret=FAILURE
org.apache.hadoop.ozone.om.exceptions.OMException: Unable to get file status: volume: volume03607 bucket: bucket70088 key: .Trash/runner
	at org.apache.hadoop.ozone.om.KeyManagerImpl.getOzoneFileStatus(KeyManagerImpl.java:1301) ~[ozone-manager-1.4.0-SNAPSHOT.jar:?]
	at org.apache.hadoop.ozone.om.KeyManagerImpl.getFileStatus(KeyManagerImpl.java:1219) ~[ozone-manager-1.4.0-SNAPSHOT.jar:?]
	at org.apache.hadoop.ozone.om.OzoneManager.getFileStatus(OzoneManager.java:3578) ~[ozone-manager-1.4.0-SNAPSHOT.jar:?]
	at org.apache.hadoop.ozone.protocolPB.OzoneManagerRequestHandler.getOzoneFileStatus(OzoneManagerRequestHandler.java:907) ~[ozone-manager-1.4.0-SNAPSHOT.jar:?]
	at org.apache.hadoop.ozone.protocolPB.OzoneManagerRequestHandler.handleReadRequest(OzoneManagerRequestHandler.java:231) ~[ozone-manager-1.4.0-SNAPSHOT.jar:?]
	at org.apache.hadoop.ozone.protocolPB.OzoneManagerProtocolServerSideTranslatorPB.submitRequestDirectlyToOM(OzoneManagerProtocolServerSideTranslatorPB.java:276) ~[ozone-manager-1.4.0-SNAPSHOT.jar:?]
	at org.apache.hadoop.ozone.protocolPB.OzoneManagerProtocolServerSideTranslatorPB.processRequest(OzoneManagerProtocolServerSideTranslatorPB.java:205) ~[ozone-manager-1.4.0-SNAPSHOT.jar:?]
	at org.apache.hadoop.hdds.server.OzoneProtocolMessageDispatcher.processRequest(OzoneProtocolMessageDispatcher.java:87) [hdds-server-framework-1.4.0-SNAPSHOT.jar:?]
	at org.apache.hadoop.ozone.protocolPB.OzoneManagerProtocolServerSideTranslatorPB.submitRequest(OzoneManagerProtocolServerSideTranslatorPB.java:147) [ozone-manager-1.4.0-SNAPSHOT.jar:?]
	at org.apache.hadoop.ozone.protocol.proto.OzoneManagerProtocolProtos$OzoneManagerService$2.callBlockingMethod(OzoneManagerProtocolProtos.java) [ozone-interface-client-1.4.0-SNAPSHOT.jar:?]
	at org.apache.hadoop.ipc.ProtobufRpcEngine$Server.processCall(ProtobufRpcEngine.java:465) [hadoop-common-3.3.4.jar:?]
	at org.apache.hadoop.ipc.ProtobufRpcEngine2$Server$ProtoBufRpcInvoker.call(ProtobufRpcEngine2.java:578) [hadoop-common-3.3.4.jar:?]
	at org.apache.hadoop.ipc.ProtobufRpcEngine2$Server$ProtoBufRpcInvoker.call(ProtobufRpcEngine2.java:556) [hadoop-common-3.3.4.jar:?]
	at org.apache.hadoop.ipc.RPC$Server.call(RPC.java:1093) [hadoop-common-3.3.4.jar:?]
	at org.apache.hadoop.ipc.Server$RpcCall.run(Server.java:1043) [hadoop-common-3.3.4.jar:?]
	at org.apache.hadoop.ipc.Server$RpcCall.run(Server.java:971) [hadoop-common-3.3.4.jar:?]
	at java.security.AccessController.doPrivileged(Native Method) ~[?:1.8.0_352]
	at javax.security.auth.Subject.doAs(Subject.java:422) [?:1.8.0_352]
	at org.apache.hadoop.security.UserGroupInformation.doAs(UserGroupInformation.java:1878) [hadoop-common-3.3.4.jar:?]
	at org.apache.hadoop.ipc.Server$Handler.run(Server.java:2976) [hadoop-common-3.3.4.jar:?]
]]></system-out>
  </testcase>
  <testcase name="testCreateDoesNotAddParentDirKeys" classname="TestOzoneFileSystem" time="0.04">
    <system-out><![CDATA[2023-01-03 10:06:28,615 [OM StateMachine ApplyTransaction Thread - 0] INFO  key.OMKeyRequest (OMKeyRequest.java:wrapUncommittedBlocksAsPseudoKey(835)) - Detect allocated but uncommitted blocks [{blockID={containerID=1, localID=111677748019200031}, length=4194304, offset=0, token=null, pipeline=null, createVersion=0, partNumber=0}] in key testCreateDoesNotAddParentDirKeys/parent/child.
]]></system-out>
  </testcase>
  <testcase name="testCreateDoesNotAddParentDirKeys" classname="TestOzoneFileSystem" time="0.031">
    <system-out><![CDATA[2023-01-03 10:07:27,945 [IPC Server handler 12 on default port 46801] INFO  key.OMKeyRequest (OMKeyRequest.java:wrapUncommittedBlocksAsPseudoKey(835)) - Detect allocated but uncommitted blocks [{blockID={containerID=4, localID=111677748019200031}, length=4194304, offset=0, token=null, pipeline=null, createVersion=0, partNumber=0}] in key testCreateDoesNotAddParentDirKeys/parent/child.
]]></system-out>
  </testcase>
  <testcase name="testCreateDoesNotAddParentDirKeys" classname="TestOzoneFileSystem" time="0.019">
    <system-out><![CDATA[2023-01-03 10:08:17,097 [OM StateMachine ApplyTransaction Thread - 0] INFO  key.OMKeyRequest (OMKeyRequest.java:wrapUncommittedBlocksAsPseudoKey(835)) - Detect allocated but uncommitted blocks [{blockID={containerID=1, localID=111677748019200031}, length=4194304, offset=0, token=null, pipeline=null, createVersion=0, partNumber=0}] in key testCreateDoesNotAddParentDirKeys/parent/child.
]]></system-out>
  </testcase>
  <testcase name="testCreateDoesNotAddParentDirKeys" classname="TestOzoneFileSystem" time="0.044">
    <system-out><![CDATA[2023-01-03 10:09:11,284 [IPC Server handler 12 on default port 33423] INFO  key.OMKeyRequest (OMKeyRequest.java:wrapUncommittedBlocksAsPseudoKey(835)) - Detect allocated but uncommitted blocks [{blockID={containerID=1, localID=111677748019200031}, length=4194304, offset=0, token=null, pipeline=null, createVersion=0, partNumber=0}] in key testCreateDoesNotAddParentDirKeys/parent/child.
]]></system-out>
  </testcase>
  <testcase name="testDeleteCreatesFakeParentDir" classname="TestOzoneFileSystem" time="0.042">
    <system-out><![CDATA[2023-01-03 10:06:28,662 [OM StateMachine ApplyTransaction Thread - 0] INFO  key.OMKeyRequest (OMKeyRequest.java:wrapUncommittedBlocksAsPseudoKey(835)) - Detect allocated but uncommitted blocks [{blockID={containerID=2, localID=111677748019200032}, length=4194304, offset=0, token=null, pipeline=null, createVersion=0, partNumber=0}] in key testDeleteCreatesFakeParentDir/parent/child.
]]></system-out>
  </testcase>
  <testcase name="testDeleteCreatesFakeParentDir" classname="TestOzoneFileSystem" time="0.028">
    <system-out><![CDATA[2023-01-03 10:07:27,975 [IPC Server handler 10 on default port 46801] INFO  key.OMKeyRequest (OMKeyRequest.java:wrapUncommittedBlocksAsPseudoKey(835)) - Detect allocated but uncommitted blocks [{blockID={containerID=2, localID=111677748019200032}, length=4194304, offset=0, token=null, pipeline=null, createVersion=0, partNumber=0}] in key testDeleteCreatesFakeParentDir/parent/child.
]]></system-out>
  </testcase>
  <testcase name="testDeleteCreatesFakeParentDir" classname="TestOzoneFileSystem" time="0.012">
    <system-out><![CDATA[2023-01-03 10:08:17,116 [OM StateMachine ApplyTransaction Thread - 0] INFO  key.OMKeyRequest (OMKeyRequest.java:wrapUncommittedBlocksAsPseudoKey(835)) - Detect allocated but uncommitted blocks [{blockID={containerID=2, localID=111677748019200032}, length=4194304, offset=0, token=null, pipeline=null, createVersion=0, partNumber=0}] in key testDeleteCreatesFakeParentDir/parent/child.
]]></system-out>
  </testcase>
  <testcase name="testDeleteCreatesFakeParentDir" classname="TestOzoneFileSystem" time="0.027">
    <system-out><![CDATA[2023-01-03 10:09:11,327 [IPC Server handler 10 on default port 33423] INFO  key.OMKeyRequest (OMKeyRequest.java:wrapUncommittedBlocksAsPseudoKey(835)) - Detect allocated but uncommitted blocks [{blockID={containerID=2, localID=111677748019200032}, length=4194304, offset=0, token=null, pipeline=null, createVersion=0, partNumber=0}] in key testDeleteCreatesFakeParentDir/parent/child.
]]></system-out>
  </testcase>
  <testcase name="testListStatusOnKeyNameContainDelimiter" classname="TestOzoneFileSystem" time="0.036">
    <system-out><![CDATA[2023-01-03 10:06:28,712 [OM StateMachine ApplyTransaction Thread - 0] INFO  key.OMKeyRequest (OMKeyRequest.java:wrapUncommittedBlocksAsPseudoKey(835)) - Detect allocated but uncommitted blocks [{blockID={containerID=3, localID=111677748019200033}, length=4194304, offset=0, token=null, pipeline=null, createVersion=0, partNumber=0}] in key dir1/dir2/key1.
]]></system-out>
  </testcase>
  <testcase name="testListStatusOnKeyNameContainDelimiter" classname="TestOzoneFileSystem" time="0.018">
    <system-out><![CDATA[2023-01-03 10:07:28,009 [IPC Server handler 6 on default port 46801] INFO  key.OMKeyRequest (OMKeyRequest.java:wrapUncommittedBlocksAsPseudoKey(835)) - Detect allocated but uncommitted blocks [{blockID={containerID=5, localID=111677748019200033}, length=4194304, offset=0, token=null, pipeline=null, createVersion=0, partNumber=0}] in key dir1/dir2/key1.
]]></system-out>
  </testcase>
  <testcase name="testListStatusOnKeyNameContainDelimiter" classname="TestOzoneFileSystem" time="0.01">
    <system-out><![CDATA[2023-01-03 10:08:17,130 [OM StateMachine ApplyTransaction Thread - 0] INFO  key.OMKeyRequest (OMKeyRequest.java:wrapUncommittedBlocksAsPseudoKey(835)) - Detect allocated but uncommitted blocks [{blockID={containerID=5, localID=111677748019200033}, length=4194304, offset=0, token=null, pipeline=null, createVersion=0, partNumber=0}] in key dir1/dir2/key1.
]]></system-out>
  </testcase>
  <testcase name="testListStatusOnKeyNameContainDelimiter" classname="TestOzoneFileSystem" time="0.014">
    <system-out><![CDATA[2023-01-03 10:09:11,361 [IPC Server handler 6 on default port 33423] INFO  key.OMKeyRequest (OMKeyRequest.java:wrapUncommittedBlocksAsPseudoKey(835)) - Detect allocated but uncommitted blocks [{blockID={containerID=3, localID=111677748019200033}, length=4194304, offset=0, token=null, pipeline=null, createVersion=0, partNumber=0}] in key dir1/dir2/key1.
]]></system-out>
  </testcase>
  <testcase name="testNonExplicitlyCreatedPathExistsAfterItsLeafsWereRemoved" classname="TestOzoneFileSystem" time="0.037">
    <system-out><![CDATA[10:06:28.738 [IPC Server handler 0 on default port 41175] ERROR OMAudit - user=runner | ip=127.0.0.1 | op=GET_FILE_STATUS {volume=volume17571, bucket=bucket85979, key=target/leaf, dataSize=0, replicationConfig=null} | ret=FAILURE
org.apache.hadoop.ozone.om.exceptions.OMException: Unable to get file status: volume: volume17571 bucket: bucket85979 key: target/leaf
	at org.apache.hadoop.ozone.om.KeyManagerImpl.getOzoneFileStatus(KeyManagerImpl.java:1301) ~[ozone-manager-1.4.0-SNAPSHOT.jar:?]
	at org.apache.hadoop.ozone.om.KeyManagerImpl.getFileStatus(KeyManagerImpl.java:1219) ~[ozone-manager-1.4.0-SNAPSHOT.jar:?]
	at org.apache.hadoop.ozone.om.OzoneManager.getFileStatus(OzoneManager.java:3578) ~[ozone-manager-1.4.0-SNAPSHOT.jar:?]
	at org.apache.hadoop.ozone.protocolPB.OzoneManagerRequestHandler.getOzoneFileStatus(OzoneManagerRequestHandler.java:907) ~[ozone-manager-1.4.0-SNAPSHOT.jar:?]
	at org.apache.hadoop.ozone.protocolPB.OzoneManagerRequestHandler.handleReadRequest(OzoneManagerRequestHandler.java:231) ~[ozone-manager-1.4.0-SNAPSHOT.jar:?]
	at org.apache.hadoop.ozone.protocolPB.OzoneManagerProtocolServerSideTranslatorPB.submitReadRequestToOM(OzoneManagerProtocolServerSideTranslatorPB.java:226) ~[ozone-manager-1.4.0-SNAPSHOT.jar:?]
	at org.apache.hadoop.ozone.protocolPB.OzoneManagerProtocolServerSideTranslatorPB.processRequest(OzoneManagerProtocolServerSideTranslatorPB.java:175) ~[ozone-manager-1.4.0-SNAPSHOT.jar:?]
	at org.apache.hadoop.hdds.server.OzoneProtocolMessageDispatcher.processRequest(OzoneProtocolMessageDispatcher.java:87) [hdds-server-framework-1.4.0-SNAPSHOT.jar:?]
	at org.apache.hadoop.ozone.protocolPB.OzoneManagerProtocolServerSideTranslatorPB.submitRequest(OzoneManagerProtocolServerSideTranslatorPB.java:147) [ozone-manager-1.4.0-SNAPSHOT.jar:?]
	at org.apache.hadoop.ozone.protocol.proto.OzoneManagerProtocolProtos$OzoneManagerService$2.callBlockingMethod(OzoneManagerProtocolProtos.java) [ozone-interface-client-1.4.0-SNAPSHOT.jar:?]
	at org.apache.hadoop.ipc.ProtobufRpcEngine$Server.processCall(ProtobufRpcEngine.java:465) [hadoop-common-3.3.4.jar:?]
	at org.apache.hadoop.ipc.ProtobufRpcEngine2$Server$ProtoBufRpcInvoker.call(ProtobufRpcEngine2.java:578) [hadoop-common-3.3.4.jar:?]
	at org.apache.hadoop.ipc.ProtobufRpcEngine2$Server$ProtoBufRpcInvoker.call(ProtobufRpcEngine2.java:556) [hadoop-common-3.3.4.jar:?]
	at org.apache.hadoop.ipc.RPC$Server.call(RPC.java:1093) [hadoop-common-3.3.4.jar:?]
	at org.apache.hadoop.ipc.Server$RpcCall.run(Server.java:1043) [hadoop-common-3.3.4.jar:?]
	at org.apache.hadoop.ipc.Server$RpcCall.run(Server.java:971) [hadoop-common-3.3.4.jar:?]
	at java.security.AccessController.doPrivileged(Native Method) ~[?:1.8.0_352]
	at javax.security.auth.Subject.doAs(Subject.java:422) [?:1.8.0_352]
	at org.apache.hadoop.security.UserGroupInformation.doAs(UserGroupInformation.java:1878) [hadoop-common-3.3.4.jar:?]
	at org.apache.hadoop.ipc.Server$Handler.run(Server.java:2976) [hadoop-common-3.3.4.jar:?]
]]></system-out>
  </testcase>
  <testcase name="testNonExplicitlyCreatedPathExistsAfterItsLeafsWereRemoved" classname="TestOzoneFileSystem" time="0.013">
    <system-out><![CDATA[10:07:28.019 [IPC Server handler 0 on default port 46801] ERROR OMAudit - user=runner | ip=127.0.0.1 | op=GET_FILE_STATUS {volume=volume72509, bucket=bucket24043, key=target/leaf, dataSize=0, replicationConfig=null} | ret=FAILURE
org.apache.hadoop.ozone.om.exceptions.OMException: Unable to get file status: volume: volume72509 bucket: bucket24043 key: target/leaf
	at org.apache.hadoop.ozone.om.KeyManagerImpl.getOzoneFileStatus(KeyManagerImpl.java:1301) ~[ozone-manager-1.4.0-SNAPSHOT.jar:?]
	at org.apache.hadoop.ozone.om.KeyManagerImpl.getFileStatus(KeyManagerImpl.java:1219) ~[ozone-manager-1.4.0-SNAPSHOT.jar:?]
	at org.apache.hadoop.ozone.om.OzoneManager.getFileStatus(OzoneManager.java:3578) ~[ozone-manager-1.4.0-SNAPSHOT.jar:?]
	at org.apache.hadoop.ozone.protocolPB.OzoneManagerRequestHandler.getOzoneFileStatus(OzoneManagerRequestHandler.java:907) ~[ozone-manager-1.4.0-SNAPSHOT.jar:?]
	at org.apache.hadoop.ozone.protocolPB.OzoneManagerRequestHandler.handleReadRequest(OzoneManagerRequestHandler.java:231) ~[ozone-manager-1.4.0-SNAPSHOT.jar:?]
	at org.apache.hadoop.ozone.protocolPB.OzoneManagerProtocolServerSideTranslatorPB.submitRequestDirectlyToOM(OzoneManagerProtocolServerSideTranslatorPB.java:276) ~[ozone-manager-1.4.0-SNAPSHOT.jar:?]
	at org.apache.hadoop.ozone.protocolPB.OzoneManagerProtocolServerSideTranslatorPB.processRequest(OzoneManagerProtocolServerSideTranslatorPB.java:205) ~[ozone-manager-1.4.0-SNAPSHOT.jar:?]
	at org.apache.hadoop.hdds.server.OzoneProtocolMessageDispatcher.processRequest(OzoneProtocolMessageDispatcher.java:87) [hdds-server-framework-1.4.0-SNAPSHOT.jar:?]
	at org.apache.hadoop.ozone.protocolPB.OzoneManagerProtocolServerSideTranslatorPB.submitRequest(OzoneManagerProtocolServerSideTranslatorPB.java:147) [ozone-manager-1.4.0-SNAPSHOT.jar:?]
	at org.apache.hadoop.ozone.protocol.proto.OzoneManagerProtocolProtos$OzoneManagerService$2.callBlockingMethod(OzoneManagerProtocolProtos.java) [ozone-interface-client-1.4.0-SNAPSHOT.jar:?]
	at org.apache.hadoop.ipc.ProtobufRpcEngine$Server.processCall(ProtobufRpcEngine.java:465) [hadoop-common-3.3.4.jar:?]
	at org.apache.hadoop.ipc.ProtobufRpcEngine2$Server$ProtoBufRpcInvoker.call(ProtobufRpcEngine2.java:578) [hadoop-common-3.3.4.jar:?]
	at org.apache.hadoop.ipc.ProtobufRpcEngine2$Server$ProtoBufRpcInvoker.call(ProtobufRpcEngine2.java:556) [hadoop-common-3.3.4.jar:?]
	at org.apache.hadoop.ipc.RPC$Server.call(RPC.java:1093) [hadoop-common-3.3.4.jar:?]
	at org.apache.hadoop.ipc.Server$RpcCall.run(Server.java:1043) [hadoop-common-3.3.4.jar:?]
	at org.apache.hadoop.ipc.Server$RpcCall.run(Server.java:971) [hadoop-common-3.3.4.jar:?]
	at java.security.AccessController.doPrivileged(Native Method) ~[?:1.8.0_352]
	at javax.security.auth.Subject.doAs(Subject.java:422) [?:1.8.0_352]
	at org.apache.hadoop.security.UserGroupInformation.doAs(UserGroupInformation.java:1878) [hadoop-common-3.3.4.jar:?]
	at org.apache.hadoop.ipc.Server$Handler.run(Server.java:2976) [hadoop-common-3.3.4.jar:?]
]]></system-out>
  </testcase>
  <testcase name="testNonExplicitlyCreatedPathExistsAfterItsLeafsWereRemoved" classname="TestOzoneFileSystem" time="0.012">
    <system-out><![CDATA[10:08:17.139 [IPC Server handler 0 on default port 46431] ERROR OMAudit - user=runner | ip=127.0.0.1 | op=GET_FILE_STATUS {volume=volume30750, bucket=bucket79142, key=target/leaf, dataSize=0, replicationConfig=null} | ret=FAILURE
org.apache.hadoop.ozone.om.exceptions.OMException: Unable to get file status: volume: volume30750 bucket: bucket79142 key: target/leaf
	at org.apache.hadoop.ozone.om.KeyManagerImpl.getOzoneFileStatus(KeyManagerImpl.java:1301) ~[ozone-manager-1.4.0-SNAPSHOT.jar:?]
	at org.apache.hadoop.ozone.om.KeyManagerImpl.getFileStatus(KeyManagerImpl.java:1219) ~[ozone-manager-1.4.0-SNAPSHOT.jar:?]
	at org.apache.hadoop.ozone.om.OzoneManager.getFileStatus(OzoneManager.java:3578) ~[ozone-manager-1.4.0-SNAPSHOT.jar:?]
	at org.apache.hadoop.ozone.protocolPB.OzoneManagerRequestHandler.getOzoneFileStatus(OzoneManagerRequestHandler.java:907) ~[ozone-manager-1.4.0-SNAPSHOT.jar:?]
	at org.apache.hadoop.ozone.protocolPB.OzoneManagerRequestHandler.handleReadRequest(OzoneManagerRequestHandler.java:231) ~[ozone-manager-1.4.0-SNAPSHOT.jar:?]
	at org.apache.hadoop.ozone.protocolPB.OzoneManagerProtocolServerSideTranslatorPB.submitReadRequestToOM(OzoneManagerProtocolServerSideTranslatorPB.java:226) ~[ozone-manager-1.4.0-SNAPSHOT.jar:?]
	at org.apache.hadoop.ozone.protocolPB.OzoneManagerProtocolServerSideTranslatorPB.processRequest(OzoneManagerProtocolServerSideTranslatorPB.java:175) ~[ozone-manager-1.4.0-SNAPSHOT.jar:?]
	at org.apache.hadoop.hdds.server.OzoneProtocolMessageDispatcher.processRequest(OzoneProtocolMessageDispatcher.java:87) [hdds-server-framework-1.4.0-SNAPSHOT.jar:?]
	at org.apache.hadoop.ozone.protocolPB.OzoneManagerProtocolServerSideTranslatorPB.submitRequest(OzoneManagerProtocolServerSideTranslatorPB.java:147) [ozone-manager-1.4.0-SNAPSHOT.jar:?]
	at org.apache.hadoop.ozone.protocol.proto.OzoneManagerProtocolProtos$OzoneManagerService$2.callBlockingMethod(OzoneManagerProtocolProtos.java) [ozone-interface-client-1.4.0-SNAPSHOT.jar:?]
	at org.apache.hadoop.ipc.ProtobufRpcEngine$Server.processCall(ProtobufRpcEngine.java:465) [hadoop-common-3.3.4.jar:?]
	at org.apache.hadoop.ipc.ProtobufRpcEngine2$Server$ProtoBufRpcInvoker.call(ProtobufRpcEngine2.java:578) [hadoop-common-3.3.4.jar:?]
	at org.apache.hadoop.ipc.ProtobufRpcEngine2$Server$ProtoBufRpcInvoker.call(ProtobufRpcEngine2.java:556) [hadoop-common-3.3.4.jar:?]
	at org.apache.hadoop.ipc.RPC$Server.call(RPC.java:1093) [hadoop-common-3.3.4.jar:?]
	at org.apache.hadoop.ipc.Server$RpcCall.run(Server.java:1043) [hadoop-common-3.3.4.jar:?]
	at org.apache.hadoop.ipc.Server$RpcCall.run(Server.java:971) [hadoop-common-3.3.4.jar:?]
	at java.security.AccessController.doPrivileged(Native Method) ~[?:1.8.0_352]
	at javax.security.auth.Subject.doAs(Subject.java:422) [?:1.8.0_352]
	at org.apache.hadoop.security.UserGroupInformation.doAs(UserGroupInformation.java:1878) [hadoop-common-3.3.4.jar:?]
	at org.apache.hadoop.ipc.Server$Handler.run(Server.java:2976) [hadoop-common-3.3.4.jar:?]
]]></system-out>
  </testcase>
  <testcase name="testNonExplicitlyCreatedPathExistsAfterItsLeafsWereRemoved" classname="TestOzoneFileSystem" time="0.012">
    <system-out><![CDATA[10:09:11.371 [IPC Server handler 1 on default port 33423] ERROR OMAudit - user=runner | ip=127.0.0.1 | op=GET_FILE_STATUS {volume=volume03607, bucket=bucket70088, key=target/leaf, dataSize=0, replicationConfig=null} | ret=FAILURE
org.apache.hadoop.ozone.om.exceptions.OMException: Unable to get file status: volume: volume03607 bucket: bucket70088 key: target/leaf
	at org.apache.hadoop.ozone.om.KeyManagerImpl.getOzoneFileStatus(KeyManagerImpl.java:1301) ~[ozone-manager-1.4.0-SNAPSHOT.jar:?]
	at org.apache.hadoop.ozone.om.KeyManagerImpl.getFileStatus(KeyManagerImpl.java:1219) ~[ozone-manager-1.4.0-SNAPSHOT.jar:?]
	at org.apache.hadoop.ozone.om.OzoneManager.getFileStatus(OzoneManager.java:3578) ~[ozone-manager-1.4.0-SNAPSHOT.jar:?]
	at org.apache.hadoop.ozone.protocolPB.OzoneManagerRequestHandler.getOzoneFileStatus(OzoneManagerRequestHandler.java:907) ~[ozone-manager-1.4.0-SNAPSHOT.jar:?]
	at org.apache.hadoop.ozone.protocolPB.OzoneManagerRequestHandler.handleReadRequest(OzoneManagerRequestHandler.java:231) ~[ozone-manager-1.4.0-SNAPSHOT.jar:?]
	at org.apache.hadoop.ozone.protocolPB.OzoneManagerProtocolServerSideTranslatorPB.submitRequestDirectlyToOM(OzoneManagerProtocolServerSideTranslatorPB.java:276) ~[ozone-manager-1.4.0-SNAPSHOT.jar:?]
	at org.apache.hadoop.ozone.protocolPB.OzoneManagerProtocolServerSideTranslatorPB.processRequest(OzoneManagerProtocolServerSideTranslatorPB.java:205) ~[ozone-manager-1.4.0-SNAPSHOT.jar:?]
	at org.apache.hadoop.hdds.server.OzoneProtocolMessageDispatcher.processRequest(OzoneProtocolMessageDispatcher.java:87) [hdds-server-framework-1.4.0-SNAPSHOT.jar:?]
	at org.apache.hadoop.ozone.protocolPB.OzoneManagerProtocolServerSideTranslatorPB.submitRequest(OzoneManagerProtocolServerSideTranslatorPB.java:147) [ozone-manager-1.4.0-SNAPSHOT.jar:?]
	at org.apache.hadoop.ozone.protocol.proto.OzoneManagerProtocolProtos$OzoneManagerService$2.callBlockingMethod(OzoneManagerProtocolProtos.java) [ozone-interface-client-1.4.0-SNAPSHOT.jar:?]
	at org.apache.hadoop.ipc.ProtobufRpcEngine$Server.processCall(ProtobufRpcEngine.java:465) [hadoop-common-3.3.4.jar:?]
	at org.apache.hadoop.ipc.ProtobufRpcEngine2$Server$ProtoBufRpcInvoker.call(ProtobufRpcEngine2.java:578) [hadoop-common-3.3.4.jar:?]
	at org.apache.hadoop.ipc.ProtobufRpcEngine2$Server$ProtoBufRpcInvoker.call(ProtobufRpcEngine2.java:556) [hadoop-common-3.3.4.jar:?]
	at org.apache.hadoop.ipc.RPC$Server.call(RPC.java:1093) [hadoop-common-3.3.4.jar:?]
	at org.apache.hadoop.ipc.Server$RpcCall.run(Server.java:1043) [hadoop-common-3.3.4.jar:?]
	at org.apache.hadoop.ipc.Server$RpcCall.run(Server.java:971) [hadoop-common-3.3.4.jar:?]
	at java.security.AccessController.doPrivileged(Native Method) ~[?:1.8.0_352]
	at javax.security.auth.Subject.doAs(Subject.java:422) [?:1.8.0_352]
	at org.apache.hadoop.security.UserGroupInformation.doAs(UserGroupInformation.java:1878) [hadoop-common-3.3.4.jar:?]
	at org.apache.hadoop.ipc.Server$Handler.run(Server.java:2976) [hadoop-common-3.3.4.jar:?]
]]></system-out>
  </testcase>
  <testcase name="testCreateFileShouldCheckExistenceOfDirWithSameName" classname="TestOzoneFileSystem" time="0.049">
    <system-out><![CDATA[2023-01-03 10:06:28,775 [OM StateMachine ApplyTransaction Thread - 0] INFO  key.OMKeyRequest (OMKeyRequest.java:wrapUncommittedBlocksAsPseudoKey(835)) - Detect allocated but uncommitted blocks [{blockID={containerID=1, localID=111677748019200034}, length=4194304, offset=0, token=null, pipeline=null, createVersion=0, partNumber=0}] in key d1/d2/d3/d4/key1.
10:06:28.783 [OM StateMachine ApplyTransaction Thread - 0] ERROR OMAudit - user=runner | ip=127.0.0.1 | op=CREATE_FILE {volume=volume17571, bucket=bucket85979, key=d1/d2/d3/d4/key2, dataSize=4194304, replicationType=RATIS, replicationFactor=THREE} | ret=FAILURE
org.apache.hadoop.ozone.om.exceptions.OMException: Can not write to directory: d1/d2/d3/d4/key2
	at org.apache.hadoop.ozone.om.request.file.OMFileCreateRequest.checkDirectoryResult(OMFileCreateRequest.java:366) ~[ozone-manager-1.4.0-SNAPSHOT.jar:?]
	at org.apache.hadoop.ozone.om.request.file.OMFileCreateRequest.validateAndUpdateCache(OMFileCreateRequest.java:241) ~[ozone-manager-1.4.0-SNAPSHOT.jar:?]
	at org.apache.hadoop.ozone.protocolPB.OzoneManagerRequestHandler.handleWriteRequest(OzoneManagerRequestHandler.java:311) ~[ozone-manager-1.4.0-SNAPSHOT.jar:?]
	at org.apache.hadoop.ozone.om.ratis.OzoneManagerStateMachine.runCommand(OzoneManagerStateMachine.java:533) ~[ozone-manager-1.4.0-SNAPSHOT.jar:?]
	at org.apache.hadoop.ozone.om.ratis.OzoneManagerStateMachine.lambda$1(OzoneManagerStateMachine.java:324) ~[ozone-manager-1.4.0-SNAPSHOT.jar:?]
	at java.util.concurrent.CompletableFuture$AsyncSupply.run(CompletableFuture.java:1604) [?:1.8.0_352]
	at java.util.concurrent.ThreadPoolExecutor.runWorker(ThreadPoolExecutor.java:1149) [?:1.8.0_352]
	at java.util.concurrent.ThreadPoolExecutor$Worker.run(ThreadPoolExecutor.java:624) [?:1.8.0_352]
	at java.lang.Thread.run(Thread.java:750) [?:1.8.0_352]
2023-01-03 10:06:28,783 [OM StateMachine ApplyTransaction Thread - 0] ERROR file.OMFileCreateRequest (OMFileCreateRequest.java:validateAndUpdateCache(339)) - File create failed. Volume:volume17571, Bucket:bucket85979, Keyd1/d2/d3/d4/key2.
NOT_A_FILE org.apache.hadoop.ozone.om.exceptions.OMException: Can not write to directory: d1/d2/d3/d4/key2
	at org.apache.hadoop.ozone.om.request.file.OMFileCreateRequest.checkDirectoryResult(OMFileCreateRequest.java:366)
	at org.apache.hadoop.ozone.om.request.file.OMFileCreateRequest.validateAndUpdateCache(OMFileCreateRequest.java:241)
	at org.apache.hadoop.ozone.protocolPB.OzoneManagerRequestHandler.handleWriteRequest(OzoneManagerRequestHandler.java:311)
	at org.apache.hadoop.ozone.om.ratis.OzoneManagerStateMachine.runCommand(OzoneManagerStateMachine.java:533)
	at org.apache.hadoop.ozone.om.ratis.OzoneManagerStateMachine.lambda$1(OzoneManagerStateMachine.java:324)
	at java.util.concurrent.CompletableFuture$AsyncSupply.run(CompletableFuture.java:1604)
	at java.util.concurrent.ThreadPoolExecutor.runWorker(ThreadPoolExecutor.java:1149)
	at java.util.concurrent.ThreadPoolExecutor$Worker.run(ThreadPoolExecutor.java:624)
	at java.lang.Thread.run(Thread.java:750)
2023-01-03 10:06:28,791 [OM StateMachine ApplyTransaction Thread - 0] INFO  key.OMKeyRequest (OMKeyRequest.java:wrapUncommittedBlocksAsPseudoKey(835)) - Detect allocated but uncommitted blocks [{blockID={containerID=1, localID=111677748019200036}, length=4194304, offset=0, token=null, pipeline=null, createVersion=0, partNumber=0}] in key d1/d2/d3/d4/key3.
10:06:28.794 [OM StateMachine ApplyTransaction Thread - 0] ERROR OMAudit - user=runner | ip=127.0.0.1 | op=CREATE_DIRECTORY {volume=volume17571, bucket=bucket85979, key=d1/d2/d3/d4/key3, dataSize=0, replicationType=NONE, replicationFactor=ZERO} | ret=FAILURE
org.apache.hadoop.ozone.om.exceptions.OMException: Unable to create directory: d1/d2/d3/d4/key3 in volume/bucket: volume17571/bucket85979
	at org.apache.hadoop.ozone.om.request.file.OMDirectoryCreateRequest.validateAndUpdateCache(OMDirectoryCreateRequest.java:199) ~[ozone-manager-1.4.0-SNAPSHOT.jar:?]
	at org.apache.hadoop.ozone.protocolPB.OzoneManagerRequestHandler.handleWriteRequest(OzoneManagerRequestHandler.java:311) ~[ozone-manager-1.4.0-SNAPSHOT.jar:?]
	at org.apache.hadoop.ozone.om.ratis.OzoneManagerStateMachine.runCommand(OzoneManagerStateMachine.java:533) ~[ozone-manager-1.4.0-SNAPSHOT.jar:?]
	at org.apache.hadoop.ozone.om.ratis.OzoneManagerStateMachine.lambda$1(OzoneManagerStateMachine.java:324) ~[ozone-manager-1.4.0-SNAPSHOT.jar:?]
	at java.util.concurrent.CompletableFuture$AsyncSupply.run(CompletableFuture.java:1604) [?:1.8.0_352]
	at java.util.concurrent.ThreadPoolExecutor.runWorker(ThreadPoolExecutor.java:1149) [?:1.8.0_352]
	at java.util.concurrent.ThreadPoolExecutor$Worker.run(ThreadPoolExecutor.java:624) [?:1.8.0_352]
	at java.lang.Thread.run(Thread.java:750) [?:1.8.0_352]
2023-01-03 10:06:28,794 [OM StateMachine ApplyTransaction Thread - 0] ERROR file.OMDirectoryCreateRequest (OMDirectoryCreateRequest.java:logResult(339)) - Directory creation failed. Volume:volume17571, Bucket:bucket85979, Keyd1/d2/d3/d4/key3. Exception:{}
FILE_ALREADY_EXISTS org.apache.hadoop.ozone.om.exceptions.OMException: Unable to create directory: d1/d2/d3/d4/key3 in volume/bucket: volume17571/bucket85979
	at org.apache.hadoop.ozone.om.request.file.OMDirectoryCreateRequest.validateAndUpdateCache(OMDirectoryCreateRequest.java:199)
	at org.apache.hadoop.ozone.protocolPB.OzoneManagerRequestHandler.handleWriteRequest(OzoneManagerRequestHandler.java:311)
	at org.apache.hadoop.ozone.om.ratis.OzoneManagerStateMachine.runCommand(OzoneManagerStateMachine.java:533)
	at org.apache.hadoop.ozone.om.ratis.OzoneManagerStateMachine.lambda$1(OzoneManagerStateMachine.java:324)
	at java.util.concurrent.CompletableFuture$AsyncSupply.run(CompletableFuture.java:1604)
	at java.util.concurrent.ThreadPoolExecutor.runWorker(ThreadPoolExecutor.java:1149)
	at java.util.concurrent.ThreadPoolExecutor$Worker.run(ThreadPoolExecutor.java:624)
	at java.lang.Thread.run(Thread.java:750)
10:06:28.798 [OM StateMachine ApplyTransaction Thread - 0] ERROR OMAudit - user=runner | ip=127.0.0.1 | op=CREATE_FILE {volume=volume17571, bucket=bucket85979, key=d1/d2/d3, dataSize=4194304, replicationType=RATIS, replicationFactor=THREE} | ret=FAILURE
org.apache.hadoop.ozone.om.exceptions.OMException: Can not write to directory: d1/d2/d3
	at org.apache.hadoop.ozone.om.request.file.OMFileCreateRequest.checkDirectoryResult(OMFileCreateRequest.java:366) ~[ozone-manager-1.4.0-SNAPSHOT.jar:?]
	at org.apache.hadoop.ozone.om.request.file.OMFileCreateRequest.validateAndUpdateCache(OMFileCreateRequest.java:241) ~[ozone-manager-1.4.0-SNAPSHOT.jar:?]
	at org.apache.hadoop.ozone.protocolPB.OzoneManagerRequestHandler.handleWriteRequest(OzoneManagerRequestHandler.java:311) ~[ozone-manager-1.4.0-SNAPSHOT.jar:?]
	at org.apache.hadoop.ozone.om.ratis.OzoneManagerStateMachine.runCommand(OzoneManagerStateMachine.java:533) ~[ozone-manager-1.4.0-SNAPSHOT.jar:?]
	at org.apache.hadoop.ozone.om.ratis.OzoneManagerStateMachine.lambda$1(OzoneManagerStateMachine.java:324) ~[ozone-manager-1.4.0-SNAPSHOT.jar:?]
	at java.util.concurrent.CompletableFuture$AsyncSupply.run(CompletableFuture.java:1604) [?:1.8.0_352]
	at java.util.concurrent.ThreadPoolExecutor.runWorker(ThreadPoolExecutor.java:1149) [?:1.8.0_352]
	at java.util.concurrent.ThreadPoolExecutor$Worker.run(ThreadPoolExecutor.java:624) [?:1.8.0_352]
	at java.lang.Thread.run(Thread.java:750) [?:1.8.0_352]
2023-01-03 10:06:28,798 [OM StateMachine ApplyTransaction Thread - 0] ERROR file.OMFileCreateRequest (OMFileCreateRequest.java:validateAndUpdateCache(339)) - File create failed. Volume:volume17571, Bucket:bucket85979, Keyd1/d2/d3.
NOT_A_FILE org.apache.hadoop.ozone.om.exceptions.OMException: Can not write to directory: d1/d2/d3
	at org.apache.hadoop.ozone.om.request.file.OMFileCreateRequest.checkDirectoryResult(OMFileCreateRequest.java:366)
	at org.apache.hadoop.ozone.om.request.file.OMFileCreateRequest.validateAndUpdateCache(OMFileCreateRequest.java:241)
	at org.apache.hadoop.ozone.protocolPB.OzoneManagerRequestHandler.handleWriteRequest(OzoneManagerRequestHandler.java:311)
	at org.apache.hadoop.ozone.om.ratis.OzoneManagerStateMachine.runCommand(OzoneManagerStateMachine.java:533)
	at org.apache.hadoop.ozone.om.ratis.OzoneManagerStateMachine.lambda$1(OzoneManagerStateMachine.java:324)
	at java.util.concurrent.CompletableFuture$AsyncSupply.run(CompletableFuture.java:1604)
	at java.util.concurrent.ThreadPoolExecutor.runWorker(ThreadPoolExecutor.java:1149)
	at java.util.concurrent.ThreadPoolExecutor$Worker.run(ThreadPoolExecutor.java:624)
	at java.lang.Thread.run(Thread.java:750)
10:06:28.800 [IPC Server handler 15 on default port 41175] ERROR OMAudit - user=runner | ip=127.0.0.1 | op=GET_FILE_STATUS {volume=volume17571, bucket=bucket85979, key=d1/d2/d3/d4/key3/invalid, dataSize=0, replicationConfig=null} | ret=FAILURE
org.apache.hadoop.ozone.om.exceptions.OMException: Unable to get file status: volume: volume17571 bucket: bucket85979 key: d1/d2/d3/d4/key3/invalid
	at org.apache.hadoop.ozone.om.KeyManagerImpl.getOzoneFileStatus(KeyManagerImpl.java:1301) ~[ozone-manager-1.4.0-SNAPSHOT.jar:?]
	at org.apache.hadoop.ozone.om.KeyManagerImpl.getFileStatus(KeyManagerImpl.java:1219) ~[ozone-manager-1.4.0-SNAPSHOT.jar:?]
	at org.apache.hadoop.ozone.om.OzoneManager.getFileStatus(OzoneManager.java:3578) ~[ozone-manager-1.4.0-SNAPSHOT.jar:?]
	at org.apache.hadoop.ozone.protocolPB.OzoneManagerRequestHandler.getOzoneFileStatus(OzoneManagerRequestHandler.java:907) ~[ozone-manager-1.4.0-SNAPSHOT.jar:?]
	at org.apache.hadoop.ozone.protocolPB.OzoneManagerRequestHandler.handleReadRequest(OzoneManagerRequestHandler.java:231) ~[ozone-manager-1.4.0-SNAPSHOT.jar:?]
	at org.apache.hadoop.ozone.protocolPB.OzoneManagerProtocolServerSideTranslatorPB.submitReadRequestToOM(OzoneManagerProtocolServerSideTranslatorPB.java:226) ~[ozone-manager-1.4.0-SNAPSHOT.jar:?]
	at org.apache.hadoop.ozone.protocolPB.OzoneManagerProtocolServerSideTranslatorPB.processRequest(OzoneManagerProtocolServerSideTranslatorPB.java:175) ~[ozone-manager-1.4.0-SNAPSHOT.jar:?]
	at org.apache.hadoop.hdds.server.OzoneProtocolMessageDispatcher.processRequest(OzoneProtocolMessageDispatcher.java:87) [hdds-server-framework-1.4.0-SNAPSHOT.jar:?]
	at org.apache.hadoop.ozone.protocolPB.OzoneManagerProtocolServerSideTranslatorPB.submitRequest(OzoneManagerProtocolServerSideTranslatorPB.java:147) [ozone-manager-1.4.0-SNAPSHOT.jar:?]
	at org.apache.hadoop.ozone.protocol.proto.OzoneManagerProtocolProtos$OzoneManagerService$2.callBlockingMethod(OzoneManagerProtocolProtos.java) [ozone-interface-client-1.4.0-SNAPSHOT.jar:?]
	at org.apache.hadoop.ipc.ProtobufRpcEngine$Server.processCall(ProtobufRpcEngine.java:465) [hadoop-common-3.3.4.jar:?]
	at org.apache.hadoop.ipc.ProtobufRpcEngine2$Server$ProtoBufRpcInvoker.call(ProtobufRpcEngine2.java:578) [hadoop-common-3.3.4.jar:?]
	at org.apache.hadoop.ipc.ProtobufRpcEngine2$Server$ProtoBufRpcInvoker.call(ProtobufRpcEngine2.java:556) [hadoop-common-3.3.4.jar:?]
	at org.apache.hadoop.ipc.RPC$Server.call(RPC.java:1093) [hadoop-common-3.3.4.jar:?]
	at org.apache.hadoop.ipc.Server$RpcCall.run(Server.java:1043) [hadoop-common-3.3.4.jar:?]
	at org.apache.hadoop.ipc.Server$RpcCall.run(Server.java:971) [hadoop-common-3.3.4.jar:?]
	at java.security.AccessController.doPrivileged(Native Method) ~[?:1.8.0_352]
	at javax.security.auth.Subject.doAs(Subject.java:422) [?:1.8.0_352]
	at org.apache.hadoop.security.UserGroupInformation.doAs(UserGroupInformation.java:1878) [hadoop-common-3.3.4.jar:?]
	at org.apache.hadoop.ipc.Server$Handler.run(Server.java:2976) [hadoop-common-3.3.4.jar:?]
10:06:28.802 [IPC Server handler 17 on default port 41175] ERROR OMAudit - user=runner | ip=127.0.0.1 | op=GET_FILE_STATUS {volume=volume17571, bucket=bucket85979, key=d1/d2/d3/d4/invalidkey, dataSize=0, replicationConfig=null} | ret=FAILURE
org.apache.hadoop.ozone.om.exceptions.OMException: Unable to get file status: volume: volume17571 bucket: bucket85979 key: d1/d2/d3/d4/invalidkey
	at org.apache.hadoop.ozone.om.KeyManagerImpl.getOzoneFileStatus(KeyManagerImpl.java:1301) ~[ozone-manager-1.4.0-SNAPSHOT.jar:?]
	at org.apache.hadoop.ozone.om.KeyManagerImpl.getFileStatus(KeyManagerImpl.java:1219) ~[ozone-manager-1.4.0-SNAPSHOT.jar:?]
	at org.apache.hadoop.ozone.om.OzoneManager.getFileStatus(OzoneManager.java:3578) ~[ozone-manager-1.4.0-SNAPSHOT.jar:?]
	at org.apache.hadoop.ozone.protocolPB.OzoneManagerRequestHandler.getOzoneFileStatus(OzoneManagerRequestHandler.java:907) ~[ozone-manager-1.4.0-SNAPSHOT.jar:?]
	at org.apache.hadoop.ozone.protocolPB.OzoneManagerRequestHandler.handleReadRequest(OzoneManagerRequestHandler.java:231) ~[ozone-manager-1.4.0-SNAPSHOT.jar:?]
	at org.apache.hadoop.ozone.protocolPB.OzoneManagerProtocolServerSideTranslatorPB.submitReadRequestToOM(OzoneManagerProtocolServerSideTranslatorPB.java:226) ~[ozone-manager-1.4.0-SNAPSHOT.jar:?]
	at org.apache.hadoop.ozone.protocolPB.OzoneManagerProtocolServerSideTranslatorPB.processRequest(OzoneManagerProtocolServerSideTranslatorPB.java:175) ~[ozone-manager-1.4.0-SNAPSHOT.jar:?]
	at org.apache.hadoop.hdds.server.OzoneProtocolMessageDispatcher.processRequest(OzoneProtocolMessageDispatcher.java:87) [hdds-server-framework-1.4.0-SNAPSHOT.jar:?]
	at org.apache.hadoop.ozone.protocolPB.OzoneManagerProtocolServerSideTranslatorPB.submitRequest(OzoneManagerProtocolServerSideTranslatorPB.java:147) [ozone-manager-1.4.0-SNAPSHOT.jar:?]
	at org.apache.hadoop.ozone.protocol.proto.OzoneManagerProtocolProtos$OzoneManagerService$2.callBlockingMethod(OzoneManagerProtocolProtos.java) [ozone-interface-client-1.4.0-SNAPSHOT.jar:?]
	at org.apache.hadoop.ipc.ProtobufRpcEngine$Server.processCall(ProtobufRpcEngine.java:465) [hadoop-common-3.3.4.jar:?]
	at org.apache.hadoop.ipc.ProtobufRpcEngine2$Server$ProtoBufRpcInvoker.call(ProtobufRpcEngine2.java:578) [hadoop-common-3.3.4.jar:?]
	at org.apache.hadoop.ipc.ProtobufRpcEngine2$Server$ProtoBufRpcInvoker.call(ProtobufRpcEngine2.java:556) [hadoop-common-3.3.4.jar:?]
	at org.apache.hadoop.ipc.RPC$Server.call(RPC.java:1093) [hadoop-common-3.3.4.jar:?]
	at org.apache.hadoop.ipc.Server$RpcCall.run(Server.java:1043) [hadoop-common-3.3.4.jar:?]
	at org.apache.hadoop.ipc.Server$RpcCall.run(Server.java:971) [hadoop-common-3.3.4.jar:?]
	at java.security.AccessController.doPrivileged(Native Method) ~[?:1.8.0_352]
	at javax.security.auth.Subject.doAs(Subject.java:422) [?:1.8.0_352]
	at org.apache.hadoop.security.UserGroupInformation.doAs(UserGroupInformation.java:1878) [hadoop-common-3.3.4.jar:?]
	at org.apache.hadoop.ipc.Server$Handler.run(Server.java:2976) [hadoop-common-3.3.4.jar:?]
]]></system-out>
  </testcase>
  <testcase name="testCreateFileShouldCheckExistenceOfDirWithSameName" classname="TestOzoneFileSystem" time="0.026">
    <system-out><![CDATA[2023-01-03 10:07:28,030 [EventQueue-CommandQueueReportForCommandQueueReportHandler] WARN  events.EventQueue (EventQueue.java:fireEvent(216)) - No event handler registered for event TypedEvent{payloadType=DatanodeDetails, name='Datanode_Command_Queue_Updated'}
2023-01-03 10:07:28,036 [IPC Server handler 1 on default port 46801] INFO  key.OMKeyRequest (OMKeyRequest.java:wrapUncommittedBlocksAsPseudoKey(835)) - Detect allocated but uncommitted blocks [{blockID={containerID=3, localID=111677748019200034}, length=4194304, offset=0, token=null, pipeline=null, createVersion=0, partNumber=0}] in key d1/d2/d3/d4/key1.
10:07:28.039 [IPC Server handler 3 on default port 46801] ERROR OMAudit - user=runner | ip=127.0.0.1 | op=CREATE_FILE {volume=volume72509, bucket=bucket24043, key=d1/d2/d3/d4/key2, dataSize=4194304, replicationType=RATIS, replicationFactor=THREE} | ret=FAILURE
org.apache.hadoop.ozone.om.exceptions.OMException: Can not write to directory: d1/d2/d3/d4/key2
	at org.apache.hadoop.ozone.om.request.file.OMFileCreateRequest.checkDirectoryResult(OMFileCreateRequest.java:366) ~[ozone-manager-1.4.0-SNAPSHOT.jar:?]
	at org.apache.hadoop.ozone.om.request.file.OMFileCreateRequest.validateAndUpdateCache(OMFileCreateRequest.java:241) ~[ozone-manager-1.4.0-SNAPSHOT.jar:?]
	at org.apache.hadoop.ozone.protocolPB.OzoneManagerRequestHandler.handleWriteRequest(OzoneManagerRequestHandler.java:311) ~[ozone-manager-1.4.0-SNAPSHOT.jar:?]
	at org.apache.hadoop.ozone.protocolPB.OzoneManagerProtocolServerSideTranslatorPB.submitRequestDirectlyToOM(OzoneManagerProtocolServerSideTranslatorPB.java:282) ~[ozone-manager-1.4.0-SNAPSHOT.jar:?]
	at org.apache.hadoop.ozone.protocolPB.OzoneManagerProtocolServerSideTranslatorPB.processRequest(OzoneManagerProtocolServerSideTranslatorPB.java:205) ~[ozone-manager-1.4.0-SNAPSHOT.jar:?]
	at org.apache.hadoop.hdds.server.OzoneProtocolMessageDispatcher.processRequest(OzoneProtocolMessageDispatcher.java:87) [hdds-server-framework-1.4.0-SNAPSHOT.jar:?]
	at org.apache.hadoop.ozone.protocolPB.OzoneManagerProtocolServerSideTranslatorPB.submitRequest(OzoneManagerProtocolServerSideTranslatorPB.java:147) [ozone-manager-1.4.0-SNAPSHOT.jar:?]
	at org.apache.hadoop.ozone.protocol.proto.OzoneManagerProtocolProtos$OzoneManagerService$2.callBlockingMethod(OzoneManagerProtocolProtos.java) [ozone-interface-client-1.4.0-SNAPSHOT.jar:?]
	at org.apache.hadoop.ipc.ProtobufRpcEngine$Server.processCall(ProtobufRpcEngine.java:465) [hadoop-common-3.3.4.jar:?]
	at org.apache.hadoop.ipc.ProtobufRpcEngine2$Server$ProtoBufRpcInvoker.call(ProtobufRpcEngine2.java:578) [hadoop-common-3.3.4.jar:?]
	at org.apache.hadoop.ipc.ProtobufRpcEngine2$Server$ProtoBufRpcInvoker.call(ProtobufRpcEngine2.java:556) [hadoop-common-3.3.4.jar:?]
	at org.apache.hadoop.ipc.RPC$Server.call(RPC.java:1093) [hadoop-common-3.3.4.jar:?]
	at org.apache.hadoop.ipc.Server$RpcCall.run(Server.java:1043) [hadoop-common-3.3.4.jar:?]
	at org.apache.hadoop.ipc.Server$RpcCall.run(Server.java:971) [hadoop-common-3.3.4.jar:?]
	at java.security.AccessController.doPrivileged(Native Method) ~[?:1.8.0_352]
	at javax.security.auth.Subject.doAs(Subject.java:422) [?:1.8.0_352]
	at org.apache.hadoop.security.UserGroupInformation.doAs(UserGroupInformation.java:1878) [hadoop-common-3.3.4.jar:?]
	at org.apache.hadoop.ipc.Server$Handler.run(Server.java:2976) [hadoop-common-3.3.4.jar:?]
2023-01-03 10:07:28,039 [IPC Server handler 3 on default port 46801] ERROR file.OMFileCreateRequest (OMFileCreateRequest.java:validateAndUpdateCache(339)) - File create failed. Volume:volume72509, Bucket:bucket24043, Keyd1/d2/d3/d4/key2.
NOT_A_FILE org.apache.hadoop.ozone.om.exceptions.OMException: Can not write to directory: d1/d2/d3/d4/key2
	at org.apache.hadoop.ozone.om.request.file.OMFileCreateRequest.checkDirectoryResult(OMFileCreateRequest.java:366)
	at org.apache.hadoop.ozone.om.request.file.OMFileCreateRequest.validateAndUpdateCache(OMFileCreateRequest.java:241)
	at org.apache.hadoop.ozone.protocolPB.OzoneManagerRequestHandler.handleWriteRequest(OzoneManagerRequestHandler.java:311)
	at org.apache.hadoop.ozone.protocolPB.OzoneManagerProtocolServerSideTranslatorPB.submitRequestDirectlyToOM(OzoneManagerProtocolServerSideTranslatorPB.java:282)
	at org.apache.hadoop.ozone.protocolPB.OzoneManagerProtocolServerSideTranslatorPB.processRequest(OzoneManagerProtocolServerSideTranslatorPB.java:205)
	at org.apache.hadoop.hdds.server.OzoneProtocolMessageDispatcher.processRequest(OzoneProtocolMessageDispatcher.java:87)
	at org.apache.hadoop.ozone.protocolPB.OzoneManagerProtocolServerSideTranslatorPB.submitRequest(OzoneManagerProtocolServerSideTranslatorPB.java:147)
	at org.apache.hadoop.ozone.protocol.proto.OzoneManagerProtocolProtos$OzoneManagerService$2.callBlockingMethod(OzoneManagerProtocolProtos.java)
	at org.apache.hadoop.ipc.ProtobufRpcEngine$Server.processCall(ProtobufRpcEngine.java:465)
	at org.apache.hadoop.ipc.ProtobufRpcEngine2$Server$ProtoBufRpcInvoker.call(ProtobufRpcEngine2.java:578)
	at org.apache.hadoop.ipc.ProtobufRpcEngine2$Server$ProtoBufRpcInvoker.call(ProtobufRpcEngine2.java:556)
	at org.apache.hadoop.ipc.RPC$Server.call(RPC.java:1093)
	at org.apache.hadoop.ipc.Server$RpcCall.run(Server.java:1043)
	at org.apache.hadoop.ipc.Server$RpcCall.run(Server.java:971)
	at java.security.AccessController.doPrivileged(Native Method)
	at javax.security.auth.Subject.doAs(Subject.java:422)
	at org.apache.hadoop.security.UserGroupInformation.doAs(UserGroupInformation.java:1878)
	at org.apache.hadoop.ipc.Server$Handler.run(Server.java:2976)
2023-01-03 10:07:28,043 [IPC Server handler 5 on default port 46801] INFO  key.OMKeyRequest (OMKeyRequest.java:wrapUncommittedBlocksAsPseudoKey(835)) - Detect allocated but uncommitted blocks [{blockID={containerID=4, localID=111677748019200036}, length=4194304, offset=0, token=null, pipeline=null, createVersion=0, partNumber=0}] in key d1/d2/d3/d4/key3.
10:07:28.044 [IPC Server handler 6 on default port 46801] ERROR OMAudit - user=runner | ip=127.0.0.1 | op=CREATE_DIRECTORY {volume=volume72509, bucket=bucket24043, key=d1/d2/d3/d4/key3, dataSize=0, replicationType=NONE, replicationFactor=ZERO} | ret=FAILURE
org.apache.hadoop.ozone.om.exceptions.OMException: Unable to create directory: d1/d2/d3/d4/key3 in volume/bucket: volume72509/bucket24043
	at org.apache.hadoop.ozone.om.request.file.OMDirectoryCreateRequest.validateAndUpdateCache(OMDirectoryCreateRequest.java:199) ~[ozone-manager-1.4.0-SNAPSHOT.jar:?]
	at org.apache.hadoop.ozone.protocolPB.OzoneManagerRequestHandler.handleWriteRequest(OzoneManagerRequestHandler.java:311) ~[ozone-manager-1.4.0-SNAPSHOT.jar:?]
	at org.apache.hadoop.ozone.protocolPB.OzoneManagerProtocolServerSideTranslatorPB.submitRequestDirectlyToOM(OzoneManagerProtocolServerSideTranslatorPB.java:282) ~[ozone-manager-1.4.0-SNAPSHOT.jar:?]
	at org.apache.hadoop.ozone.protocolPB.OzoneManagerProtocolServerSideTranslatorPB.processRequest(OzoneManagerProtocolServerSideTranslatorPB.java:205) ~[ozone-manager-1.4.0-SNAPSHOT.jar:?]
	at org.apache.hadoop.hdds.server.OzoneProtocolMessageDispatcher.processRequest(OzoneProtocolMessageDispatcher.java:87) [hdds-server-framework-1.4.0-SNAPSHOT.jar:?]
	at org.apache.hadoop.ozone.protocolPB.OzoneManagerProtocolServerSideTranslatorPB.submitRequest(OzoneManagerProtocolServerSideTranslatorPB.java:147) [ozone-manager-1.4.0-SNAPSHOT.jar:?]
	at org.apache.hadoop.ozone.protocol.proto.OzoneManagerProtocolProtos$OzoneManagerService$2.callBlockingMethod(OzoneManagerProtocolProtos.java) [ozone-interface-client-1.4.0-SNAPSHOT.jar:?]
	at org.apache.hadoop.ipc.ProtobufRpcEngine$Server.processCall(ProtobufRpcEngine.java:465) [hadoop-common-3.3.4.jar:?]
	at org.apache.hadoop.ipc.ProtobufRpcEngine2$Server$ProtoBufRpcInvoker.call(ProtobufRpcEngine2.java:578) [hadoop-common-3.3.4.jar:?]
	at org.apache.hadoop.ipc.ProtobufRpcEngine2$Server$ProtoBufRpcInvoker.call(ProtobufRpcEngine2.java:556) [hadoop-common-3.3.4.jar:?]
	at org.apache.hadoop.ipc.RPC$Server.call(RPC.java:1093) [hadoop-common-3.3.4.jar:?]
	at org.apache.hadoop.ipc.Server$RpcCall.run(Server.java:1043) [hadoop-common-3.3.4.jar:?]
	at org.apache.hadoop.ipc.Server$RpcCall.run(Server.java:971) [hadoop-common-3.3.4.jar:?]
	at java.security.AccessController.doPrivileged(Native Method) ~[?:1.8.0_352]
	at javax.security.auth.Subject.doAs(Subject.java:422) [?:1.8.0_352]
	at org.apache.hadoop.security.UserGroupInformation.doAs(UserGroupInformation.java:1878) [hadoop-common-3.3.4.jar:?]
	at org.apache.hadoop.ipc.Server$Handler.run(Server.java:2976) [hadoop-common-3.3.4.jar:?]
2023-01-03 10:07:28,044 [IPC Server handler 6 on default port 46801] ERROR file.OMDirectoryCreateRequest (OMDirectoryCreateRequest.java:logResult(339)) - Directory creation failed. Volume:volume72509, Bucket:bucket24043, Keyd1/d2/d3/d4/key3. Exception:{}
FILE_ALREADY_EXISTS org.apache.hadoop.ozone.om.exceptions.OMException: Unable to create directory: d1/d2/d3/d4/key3 in volume/bucket: volume72509/bucket24043
	at org.apache.hadoop.ozone.om.request.file.OMDirectoryCreateRequest.validateAndUpdateCache(OMDirectoryCreateRequest.java:199)
	at org.apache.hadoop.ozone.protocolPB.OzoneManagerRequestHandler.handleWriteRequest(OzoneManagerRequestHandler.java:311)
	at org.apache.hadoop.ozone.protocolPB.OzoneManagerProtocolServerSideTranslatorPB.submitRequestDirectlyToOM(OzoneManagerProtocolServerSideTranslatorPB.java:282)
	at org.apache.hadoop.ozone.protocolPB.OzoneManagerProtocolServerSideTranslatorPB.processRequest(OzoneManagerProtocolServerSideTranslatorPB.java:205)
	at org.apache.hadoop.hdds.server.OzoneProtocolMessageDispatcher.processRequest(OzoneProtocolMessageDispatcher.java:87)
	at org.apache.hadoop.ozone.protocolPB.OzoneManagerProtocolServerSideTranslatorPB.submitRequest(OzoneManagerProtocolServerSideTranslatorPB.java:147)
	at org.apache.hadoop.ozone.protocol.proto.OzoneManagerProtocolProtos$OzoneManagerService$2.callBlockingMethod(OzoneManagerProtocolProtos.java)
	at org.apache.hadoop.ipc.ProtobufRpcEngine$Server.processCall(ProtobufRpcEngine.java:465)
	at org.apache.hadoop.ipc.ProtobufRpcEngine2$Server$ProtoBufRpcInvoker.call(ProtobufRpcEngine2.java:578)
	at org.apache.hadoop.ipc.ProtobufRpcEngine2$Server$ProtoBufRpcInvoker.call(ProtobufRpcEngine2.java:556)
	at org.apache.hadoop.ipc.RPC$Server.call(RPC.java:1093)
	at org.apache.hadoop.ipc.Server$RpcCall.run(Server.java:1043)
	at org.apache.hadoop.ipc.Server$RpcCall.run(Server.java:971)
	at java.security.AccessController.doPrivileged(Native Method)
	at javax.security.auth.Subject.doAs(Subject.java:422)
	at org.apache.hadoop.security.UserGroupInformation.doAs(UserGroupInformation.java:1878)
	at org.apache.hadoop.ipc.Server$Handler.run(Server.java:2976)
10:07:28.047 [IPC Server handler 7 on default port 46801] ERROR OMAudit - user=runner | ip=127.0.0.1 | op=CREATE_FILE {volume=volume72509, bucket=bucket24043, key=d1/d2/d3, dataSize=4194304, replicationType=RATIS, replicationFactor=THREE} | ret=FAILURE
org.apache.hadoop.ozone.om.exceptions.OMException: Can not write to directory: d1/d2/d3
	at org.apache.hadoop.ozone.om.request.file.OMFileCreateRequest.checkDirectoryResult(OMFileCreateRequest.java:366) ~[ozone-manager-1.4.0-SNAPSHOT.jar:?]
	at org.apache.hadoop.ozone.om.request.file.OMFileCreateRequest.validateAndUpdateCache(OMFileCreateRequest.java:241) ~[ozone-manager-1.4.0-SNAPSHOT.jar:?]
	at org.apache.hadoop.ozone.protocolPB.OzoneManagerRequestHandler.handleWriteRequest(OzoneManagerRequestHandler.java:311) ~[ozone-manager-1.4.0-SNAPSHOT.jar:?]
	at org.apache.hadoop.ozone.protocolPB.OzoneManagerProtocolServerSideTranslatorPB.submitRequestDirectlyToOM(OzoneManagerProtocolServerSideTranslatorPB.java:282) ~[ozone-manager-1.4.0-SNAPSHOT.jar:?]
	at org.apache.hadoop.ozone.protocolPB.OzoneManagerProtocolServerSideTranslatorPB.processRequest(OzoneManagerProtocolServerSideTranslatorPB.java:205) ~[ozone-manager-1.4.0-SNAPSHOT.jar:?]
	at org.apache.hadoop.hdds.server.OzoneProtocolMessageDispatcher.processRequest(OzoneProtocolMessageDispatcher.java:87) [hdds-server-framework-1.4.0-SNAPSHOT.jar:?]
	at org.apache.hadoop.ozone.protocolPB.OzoneManagerProtocolServerSideTranslatorPB.submitRequest(OzoneManagerProtocolServerSideTranslatorPB.java:147) [ozone-manager-1.4.0-SNAPSHOT.jar:?]
	at org.apache.hadoop.ozone.protocol.proto.OzoneManagerProtocolProtos$OzoneManagerService$2.callBlockingMethod(OzoneManagerProtocolProtos.java) [ozone-interface-client-1.4.0-SNAPSHOT.jar:?]
	at org.apache.hadoop.ipc.ProtobufRpcEngine$Server.processCall(ProtobufRpcEngine.java:465) [hadoop-common-3.3.4.jar:?]
	at org.apache.hadoop.ipc.ProtobufRpcEngine2$Server$ProtoBufRpcInvoker.call(ProtobufRpcEngine2.java:578) [hadoop-common-3.3.4.jar:?]
	at org.apache.hadoop.ipc.ProtobufRpcEngine2$Server$ProtoBufRpcInvoker.call(ProtobufRpcEngine2.java:556) [hadoop-common-3.3.4.jar:?]
	at org.apache.hadoop.ipc.RPC$Server.call(RPC.java:1093) [hadoop-common-3.3.4.jar:?]
	at org.apache.hadoop.ipc.Server$RpcCall.run(Server.java:1043) [hadoop-common-3.3.4.jar:?]
	at org.apache.hadoop.ipc.Server$RpcCall.run(Server.java:971) [hadoop-common-3.3.4.jar:?]
	at java.security.AccessController.doPrivileged(Native Method) ~[?:1.8.0_352]
	at javax.security.auth.Subject.doAs(Subject.java:422) [?:1.8.0_352]
	at org.apache.hadoop.security.UserGroupInformation.doAs(UserGroupInformation.java:1878) [hadoop-common-3.3.4.jar:?]
	at org.apache.hadoop.ipc.Server$Handler.run(Server.java:2976) [hadoop-common-3.3.4.jar:?]
2023-01-03 10:07:28,047 [IPC Server handler 7 on default port 46801] ERROR file.OMFileCreateRequest (OMFileCreateRequest.java:validateAndUpdateCache(339)) - File create failed. Volume:volume72509, Bucket:bucket24043, Keyd1/d2/d3.
NOT_A_FILE org.apache.hadoop.ozone.om.exceptions.OMException: Can not write to directory: d1/d2/d3
	at org.apache.hadoop.ozone.om.request.file.OMFileCreateRequest.checkDirectoryResult(OMFileCreateRequest.java:366)
	at org.apache.hadoop.ozone.om.request.file.OMFileCreateRequest.validateAndUpdateCache(OMFileCreateRequest.java:241)
	at org.apache.hadoop.ozone.protocolPB.OzoneManagerRequestHandler.handleWriteRequest(OzoneManagerRequestHandler.java:311)
	at org.apache.hadoop.ozone.protocolPB.OzoneManagerProtocolServerSideTranslatorPB.submitRequestDirectlyToOM(OzoneManagerProtocolServerSideTranslatorPB.java:282)
	at org.apache.hadoop.ozone.protocolPB.OzoneManagerProtocolServerSideTranslatorPB.processRequest(OzoneManagerProtocolServerSideTranslatorPB.java:205)
	at org.apache.hadoop.hdds.server.OzoneProtocolMessageDispatcher.processRequest(OzoneProtocolMessageDispatcher.java:87)
	at org.apache.hadoop.ozone.protocolPB.OzoneManagerProtocolServerSideTranslatorPB.submitRequest(OzoneManagerProtocolServerSideTranslatorPB.java:147)
	at org.apache.hadoop.ozone.protocol.proto.OzoneManagerProtocolProtos$OzoneManagerService$2.callBlockingMethod(OzoneManagerProtocolProtos.java)
	at org.apache.hadoop.ipc.ProtobufRpcEngine$Server.processCall(ProtobufRpcEngine.java:465)
	at org.apache.hadoop.ipc.ProtobufRpcEngine2$Server$ProtoBufRpcInvoker.call(ProtobufRpcEngine2.java:578)
	at org.apache.hadoop.ipc.ProtobufRpcEngine2$Server$ProtoBufRpcInvoker.call(ProtobufRpcEngine2.java:556)
	at org.apache.hadoop.ipc.RPC$Server.call(RPC.java:1093)
	at org.apache.hadoop.ipc.Server$RpcCall.run(Server.java:1043)
	at org.apache.hadoop.ipc.Server$RpcCall.run(Server.java:971)
	at java.security.AccessController.doPrivileged(Native Method)
	at javax.security.auth.Subject.doAs(Subject.java:422)
	at org.apache.hadoop.security.UserGroupInformation.doAs(UserGroupInformation.java:1878)
	at org.apache.hadoop.ipc.Server$Handler.run(Server.java:2976)
10:07:28.048 [IPC Server handler 9 on default port 46801] ERROR OMAudit - user=runner | ip=127.0.0.1 | op=GET_FILE_STATUS {volume=volume72509, bucket=bucket24043, key=d1/d2/d3/d4/key3/invalid, dataSize=0, replicationConfig=null} | ret=FAILURE
org.apache.hadoop.ozone.om.exceptions.OMException: Unable to get file status: volume: volume72509 bucket: bucket24043 key: d1/d2/d3/d4/key3/invalid
	at org.apache.hadoop.ozone.om.KeyManagerImpl.getOzoneFileStatus(KeyManagerImpl.java:1301) ~[ozone-manager-1.4.0-SNAPSHOT.jar:?]
	at org.apache.hadoop.ozone.om.KeyManagerImpl.getFileStatus(KeyManagerImpl.java:1219) ~[ozone-manager-1.4.0-SNAPSHOT.jar:?]
	at org.apache.hadoop.ozone.om.OzoneManager.getFileStatus(OzoneManager.java:3578) ~[ozone-manager-1.4.0-SNAPSHOT.jar:?]
	at org.apache.hadoop.ozone.protocolPB.OzoneManagerRequestHandler.getOzoneFileStatus(OzoneManagerRequestHandler.java:907) ~[ozone-manager-1.4.0-SNAPSHOT.jar:?]
	at org.apache.hadoop.ozone.protocolPB.OzoneManagerRequestHandler.handleReadRequest(OzoneManagerRequestHandler.java:231) ~[ozone-manager-1.4.0-SNAPSHOT.jar:?]
	at org.apache.hadoop.ozone.protocolPB.OzoneManagerProtocolServerSideTranslatorPB.submitRequestDirectlyToOM(OzoneManagerProtocolServerSideTranslatorPB.java:276) ~[ozone-manager-1.4.0-SNAPSHOT.jar:?]
	at org.apache.hadoop.ozone.protocolPB.OzoneManagerProtocolServerSideTranslatorPB.processRequest(OzoneManagerProtocolServerSideTranslatorPB.java:205) ~[ozone-manager-1.4.0-SNAPSHOT.jar:?]
	at org.apache.hadoop.hdds.server.OzoneProtocolMessageDispatcher.processRequest(OzoneProtocolMessageDispatcher.java:87) [hdds-server-framework-1.4.0-SNAPSHOT.jar:?]
	at org.apache.hadoop.ozone.protocolPB.OzoneManagerProtocolServerSideTranslatorPB.submitRequest(OzoneManagerProtocolServerSideTranslatorPB.java:147) [ozone-manager-1.4.0-SNAPSHOT.jar:?]
	at org.apache.hadoop.ozone.protocol.proto.OzoneManagerProtocolProtos$OzoneManagerService$2.callBlockingMethod(OzoneManagerProtocolProtos.java) [ozone-interface-client-1.4.0-SNAPSHOT.jar:?]
	at org.apache.hadoop.ipc.ProtobufRpcEngine$Server.processCall(ProtobufRpcEngine.java:465) [hadoop-common-3.3.4.jar:?]
	at org.apache.hadoop.ipc.ProtobufRpcEngine2$Server$ProtoBufRpcInvoker.call(ProtobufRpcEngine2.java:578) [hadoop-common-3.3.4.jar:?]
	at org.apache.hadoop.ipc.ProtobufRpcEngine2$Server$ProtoBufRpcInvoker.call(ProtobufRpcEngine2.java:556) [hadoop-common-3.3.4.jar:?]
	at org.apache.hadoop.ipc.RPC$Server.call(RPC.java:1093) [hadoop-common-3.3.4.jar:?]
	at org.apache.hadoop.ipc.Server$RpcCall.run(Server.java:1043) [hadoop-common-3.3.4.jar:?]
	at org.apache.hadoop.ipc.Server$RpcCall.run(Server.java:971) [hadoop-common-3.3.4.jar:?]
	at java.security.AccessController.doPrivileged(Native Method) ~[?:1.8.0_352]
	at javax.security.auth.Subject.doAs(Subject.java:422) [?:1.8.0_352]
	at org.apache.hadoop.security.UserGroupInformation.doAs(UserGroupInformation.java:1878) [hadoop-common-3.3.4.jar:?]
	at org.apache.hadoop.ipc.Server$Handler.run(Server.java:2976) [hadoop-common-3.3.4.jar:?]
10:07:28.049 [IPC Server handler 10 on default port 46801] ERROR OMAudit - user=runner | ip=127.0.0.1 | op=GET_FILE_STATUS {volume=volume72509, bucket=bucket24043, key=d1/d2/d3/d4/invalidkey, dataSize=0, replicationConfig=null} | ret=FAILURE
org.apache.hadoop.ozone.om.exceptions.OMException: Unable to get file status: volume: volume72509 bucket: bucket24043 key: d1/d2/d3/d4/invalidkey
	at org.apache.hadoop.ozone.om.KeyManagerImpl.getOzoneFileStatus(KeyManagerImpl.java:1301) ~[ozone-manager-1.4.0-SNAPSHOT.jar:?]
	at org.apache.hadoop.ozone.om.KeyManagerImpl.getFileStatus(KeyManagerImpl.java:1219) ~[ozone-manager-1.4.0-SNAPSHOT.jar:?]
	at org.apache.hadoop.ozone.om.OzoneManager.getFileStatus(OzoneManager.java:3578) ~[ozone-manager-1.4.0-SNAPSHOT.jar:?]
	at org.apache.hadoop.ozone.protocolPB.OzoneManagerRequestHandler.getOzoneFileStatus(OzoneManagerRequestHandler.java:907) ~[ozone-manager-1.4.0-SNAPSHOT.jar:?]
	at org.apache.hadoop.ozone.protocolPB.OzoneManagerRequestHandler.handleReadRequest(OzoneManagerRequestHandler.java:231) ~[ozone-manager-1.4.0-SNAPSHOT.jar:?]
	at org.apache.hadoop.ozone.protocolPB.OzoneManagerProtocolServerSideTranslatorPB.submitRequestDirectlyToOM(OzoneManagerProtocolServerSideTranslatorPB.java:276) ~[ozone-manager-1.4.0-SNAPSHOT.jar:?]
	at org.apache.hadoop.ozone.protocolPB.OzoneManagerProtocolServerSideTranslatorPB.processRequest(OzoneManagerProtocolServerSideTranslatorPB.java:205) ~[ozone-manager-1.4.0-SNAPSHOT.jar:?]
	at org.apache.hadoop.hdds.server.OzoneProtocolMessageDispatcher.processRequest(OzoneProtocolMessageDispatcher.java:87) [hdds-server-framework-1.4.0-SNAPSHOT.jar:?]
	at org.apache.hadoop.ozone.protocolPB.OzoneManagerProtocolServerSideTranslatorPB.submitRequest(OzoneManagerProtocolServerSideTranslatorPB.java:147) [ozone-manager-1.4.0-SNAPSHOT.jar:?]
	at org.apache.hadoop.ozone.protocol.proto.OzoneManagerProtocolProtos$OzoneManagerService$2.callBlockingMethod(OzoneManagerProtocolProtos.java) [ozone-interface-client-1.4.0-SNAPSHOT.jar:?]
	at org.apache.hadoop.ipc.ProtobufRpcEngine$Server.processCall(ProtobufRpcEngine.java:465) [hadoop-common-3.3.4.jar:?]
	at org.apache.hadoop.ipc.ProtobufRpcEngine2$Server$ProtoBufRpcInvoker.call(ProtobufRpcEngine2.java:578) [hadoop-common-3.3.4.jar:?]
	at org.apache.hadoop.ipc.ProtobufRpcEngine2$Server$ProtoBufRpcInvoker.call(ProtobufRpcEngine2.java:556) [hadoop-common-3.3.4.jar:?]
	at org.apache.hadoop.ipc.RPC$Server.call(RPC.java:1093) [hadoop-common-3.3.4.jar:?]
	at org.apache.hadoop.ipc.Server$RpcCall.run(Server.java:1043) [hadoop-common-3.3.4.jar:?]
	at org.apache.hadoop.ipc.Server$RpcCall.run(Server.java:971) [hadoop-common-3.3.4.jar:?]
	at java.security.AccessController.doPrivileged(Native Method) ~[?:1.8.0_352]
	at javax.security.auth.Subject.doAs(Subject.java:422) [?:1.8.0_352]
	at org.apache.hadoop.security.UserGroupInformation.doAs(UserGroupInformation.java:1878) [hadoop-common-3.3.4.jar:?]
	at org.apache.hadoop.ipc.Server$Handler.run(Server.java:2976) [hadoop-common-3.3.4.jar:?]
]]></system-out>
  </testcase>
  <testcase name="testCreateFileShouldCheckExistenceOfDirWithSameName" classname="TestOzoneFileSystem" time="0.024">
    <system-out><![CDATA[2023-01-03 10:08:17,150 [OM StateMachine ApplyTransaction Thread - 0] INFO  key.OMKeyRequest (OMKeyRequest.java:wrapUncommittedBlocksAsPseudoKey(835)) - Detect allocated but uncommitted blocks [{blockID={containerID=1, localID=111677748019200034}, length=4194304, offset=0, token=null, pipeline=null, createVersion=0, partNumber=0}] in key d1/d2/d3/d4/key1.
10:08:17.153 [OM StateMachine ApplyTransaction Thread - 0] ERROR OMAudit - user=runner | ip=127.0.0.1 | op=CREATE_FILE {volume=volume30750, bucket=bucket79142, key=d1/d2/d3/d4/key2, dataSize=4194304, replicationType=RATIS, replicationFactor=THREE} | ret=FAILURE
org.apache.hadoop.ozone.om.exceptions.OMException: Can not write to directory: d1/d2/d3/d4/key2
	at org.apache.hadoop.ozone.om.request.file.OMFileCreateRequest.checkDirectoryResult(OMFileCreateRequest.java:366) ~[ozone-manager-1.4.0-SNAPSHOT.jar:?]
	at org.apache.hadoop.ozone.om.request.file.OMFileCreateRequest.validateAndUpdateCache(OMFileCreateRequest.java:241) ~[ozone-manager-1.4.0-SNAPSHOT.jar:?]
	at org.apache.hadoop.ozone.protocolPB.OzoneManagerRequestHandler.handleWriteRequest(OzoneManagerRequestHandler.java:311) ~[ozone-manager-1.4.0-SNAPSHOT.jar:?]
	at org.apache.hadoop.ozone.om.ratis.OzoneManagerStateMachine.runCommand(OzoneManagerStateMachine.java:533) ~[ozone-manager-1.4.0-SNAPSHOT.jar:?]
	at org.apache.hadoop.ozone.om.ratis.OzoneManagerStateMachine.lambda$1(OzoneManagerStateMachine.java:324) ~[ozone-manager-1.4.0-SNAPSHOT.jar:?]
	at java.util.concurrent.CompletableFuture$AsyncSupply.run(CompletableFuture.java:1604) [?:1.8.0_352]
	at java.util.concurrent.ThreadPoolExecutor.runWorker(ThreadPoolExecutor.java:1149) [?:1.8.0_352]
	at java.util.concurrent.ThreadPoolExecutor$Worker.run(ThreadPoolExecutor.java:624) [?:1.8.0_352]
	at java.lang.Thread.run(Thread.java:750) [?:1.8.0_352]
2023-01-03 10:08:17,154 [OM StateMachine ApplyTransaction Thread - 0] ERROR file.OMFileCreateRequest (OMFileCreateRequest.java:validateAndUpdateCache(339)) - File create failed. Volume:volume30750, Bucket:bucket79142, Keyd1/d2/d3/d4/key2.
NOT_A_FILE org.apache.hadoop.ozone.om.exceptions.OMException: Can not write to directory: d1/d2/d3/d4/key2
	at org.apache.hadoop.ozone.om.request.file.OMFileCreateRequest.checkDirectoryResult(OMFileCreateRequest.java:366)
	at org.apache.hadoop.ozone.om.request.file.OMFileCreateRequest.validateAndUpdateCache(OMFileCreateRequest.java:241)
	at org.apache.hadoop.ozone.protocolPB.OzoneManagerRequestHandler.handleWriteRequest(OzoneManagerRequestHandler.java:311)
	at org.apache.hadoop.ozone.om.ratis.OzoneManagerStateMachine.runCommand(OzoneManagerStateMachine.java:533)
	at org.apache.hadoop.ozone.om.ratis.OzoneManagerStateMachine.lambda$1(OzoneManagerStateMachine.java:324)
	at java.util.concurrent.CompletableFuture$AsyncSupply.run(CompletableFuture.java:1604)
	at java.util.concurrent.ThreadPoolExecutor.runWorker(ThreadPoolExecutor.java:1149)
	at java.util.concurrent.ThreadPoolExecutor$Worker.run(ThreadPoolExecutor.java:624)
	at java.lang.Thread.run(Thread.java:750)
2023-01-03 10:08:17,161 [OM StateMachine ApplyTransaction Thread - 0] INFO  key.OMKeyRequest (OMKeyRequest.java:wrapUncommittedBlocksAsPseudoKey(835)) - Detect allocated but uncommitted blocks [{blockID={containerID=2, localID=111677748019200036}, length=4194304, offset=0, token=null, pipeline=null, createVersion=0, partNumber=0}] in key d1/d2/d3/d4/key3.
10:08:17.163 [OM StateMachine ApplyTransaction Thread - 0] ERROR OMAudit - user=runner | ip=127.0.0.1 | op=CREATE_DIRECTORY {volume=volume30750, bucket=bucket79142, key=d1/d2/d3/d4/key3, dataSize=0, replicationType=NONE, replicationFactor=ZERO} | ret=FAILURE
org.apache.hadoop.ozone.om.exceptions.OMException: Unable to create directory: d1/d2/d3/d4/key3 in volume/bucket: volume30750/bucket79142
	at org.apache.hadoop.ozone.om.request.file.OMDirectoryCreateRequest.validateAndUpdateCache(OMDirectoryCreateRequest.java:199) ~[ozone-manager-1.4.0-SNAPSHOT.jar:?]
	at org.apache.hadoop.ozone.protocolPB.OzoneManagerRequestHandler.handleWriteRequest(OzoneManagerRequestHandler.java:311) ~[ozone-manager-1.4.0-SNAPSHOT.jar:?]
	at org.apache.hadoop.ozone.om.ratis.OzoneManagerStateMachine.runCommand(OzoneManagerStateMachine.java:533) ~[ozone-manager-1.4.0-SNAPSHOT.jar:?]
	at org.apache.hadoop.ozone.om.ratis.OzoneManagerStateMachine.lambda$1(OzoneManagerStateMachine.java:324) ~[ozone-manager-1.4.0-SNAPSHOT.jar:?]
	at java.util.concurrent.CompletableFuture$AsyncSupply.run(CompletableFuture.java:1604) [?:1.8.0_352]
	at java.util.concurrent.ThreadPoolExecutor.runWorker(ThreadPoolExecutor.java:1149) [?:1.8.0_352]
	at java.util.concurrent.ThreadPoolExecutor$Worker.run(ThreadPoolExecutor.java:624) [?:1.8.0_352]
	at java.lang.Thread.run(Thread.java:750) [?:1.8.0_352]
2023-01-03 10:08:17,163 [OM StateMachine ApplyTransaction Thread - 0] ERROR file.OMDirectoryCreateRequest (OMDirectoryCreateRequest.java:logResult(339)) - Directory creation failed. Volume:volume30750, Bucket:bucket79142, Keyd1/d2/d3/d4/key3. Exception:{}
FILE_ALREADY_EXISTS org.apache.hadoop.ozone.om.exceptions.OMException: Unable to create directory: d1/d2/d3/d4/key3 in volume/bucket: volume30750/bucket79142
	at org.apache.hadoop.ozone.om.request.file.OMDirectoryCreateRequest.validateAndUpdateCache(OMDirectoryCreateRequest.java:199)
	at org.apache.hadoop.ozone.protocolPB.OzoneManagerRequestHandler.handleWriteRequest(OzoneManagerRequestHandler.java:311)
	at org.apache.hadoop.ozone.om.ratis.OzoneManagerStateMachine.runCommand(OzoneManagerStateMachine.java:533)
	at org.apache.hadoop.ozone.om.ratis.OzoneManagerStateMachine.lambda$1(OzoneManagerStateMachine.java:324)
	at java.util.concurrent.CompletableFuture$AsyncSupply.run(CompletableFuture.java:1604)
	at java.util.concurrent.ThreadPoolExecutor.runWorker(ThreadPoolExecutor.java:1149)
	at java.util.concurrent.ThreadPoolExecutor$Worker.run(ThreadPoolExecutor.java:624)
	at java.lang.Thread.run(Thread.java:750)
10:08:17.165 [OM StateMachine ApplyTransaction Thread - 0] ERROR OMAudit - user=runner | ip=127.0.0.1 | op=CREATE_FILE {volume=volume30750, bucket=bucket79142, key=d1/d2/d3, dataSize=4194304, replicationType=RATIS, replicationFactor=THREE} | ret=FAILURE
org.apache.hadoop.ozone.om.exceptions.OMException: Can not write to directory: d1/d2/d3
	at org.apache.hadoop.ozone.om.request.file.OMFileCreateRequest.checkDirectoryResult(OMFileCreateRequest.java:366) ~[ozone-manager-1.4.0-SNAPSHOT.jar:?]
	at org.apache.hadoop.ozone.om.request.file.OMFileCreateRequest.validateAndUpdateCache(OMFileCreateRequest.java:241) ~[ozone-manager-1.4.0-SNAPSHOT.jar:?]
	at org.apache.hadoop.ozone.protocolPB.OzoneManagerRequestHandler.handleWriteRequest(OzoneManagerRequestHandler.java:311) ~[ozone-manager-1.4.0-SNAPSHOT.jar:?]
	at org.apache.hadoop.ozone.om.ratis.OzoneManagerStateMachine.runCommand(OzoneManagerStateMachine.java:533) ~[ozone-manager-1.4.0-SNAPSHOT.jar:?]
	at org.apache.hadoop.ozone.om.ratis.OzoneManagerStateMachine.lambda$1(OzoneManagerStateMachine.java:324) ~[ozone-manager-1.4.0-SNAPSHOT.jar:?]
	at java.util.concurrent.CompletableFuture$AsyncSupply.run(CompletableFuture.java:1604) [?:1.8.0_352]
	at java.util.concurrent.ThreadPoolExecutor.runWorker(ThreadPoolExecutor.java:1149) [?:1.8.0_352]
	at java.util.concurrent.ThreadPoolExecutor$Worker.run(ThreadPoolExecutor.java:624) [?:1.8.0_352]
	at java.lang.Thread.run(Thread.java:750) [?:1.8.0_352]
2023-01-03 10:08:17,165 [OM StateMachine ApplyTransaction Thread - 0] ERROR file.OMFileCreateRequest (OMFileCreateRequest.java:validateAndUpdateCache(339)) - File create failed. Volume:volume30750, Bucket:bucket79142, Keyd1/d2/d3.
NOT_A_FILE org.apache.hadoop.ozone.om.exceptions.OMException: Can not write to directory: d1/d2/d3
	at org.apache.hadoop.ozone.om.request.file.OMFileCreateRequest.checkDirectoryResult(OMFileCreateRequest.java:366)
	at org.apache.hadoop.ozone.om.request.file.OMFileCreateRequest.validateAndUpdateCache(OMFileCreateRequest.java:241)
	at org.apache.hadoop.ozone.protocolPB.OzoneManagerRequestHandler.handleWriteRequest(OzoneManagerRequestHandler.java:311)
	at org.apache.hadoop.ozone.om.ratis.OzoneManagerStateMachine.runCommand(OzoneManagerStateMachine.java:533)
	at org.apache.hadoop.ozone.om.ratis.OzoneManagerStateMachine.lambda$1(OzoneManagerStateMachine.java:324)
	at java.util.concurrent.CompletableFuture$AsyncSupply.run(CompletableFuture.java:1604)
	at java.util.concurrent.ThreadPoolExecutor.runWorker(ThreadPoolExecutor.java:1149)
	at java.util.concurrent.ThreadPoolExecutor$Worker.run(ThreadPoolExecutor.java:624)
	at java.lang.Thread.run(Thread.java:750)
10:08:17.166 [IPC Server handler 9 on default port 46431] ERROR OMAudit - user=runner | ip=127.0.0.1 | op=GET_FILE_STATUS {volume=volume30750, bucket=bucket79142, key=d1/d2/d3/d4/key3/invalid, dataSize=0, replicationConfig=null} | ret=FAILURE
org.apache.hadoop.ozone.om.exceptions.OMException: Unable to get file status: volume: volume30750 bucket: bucket79142 key: d1/d2/d3/d4/key3/invalid
	at org.apache.hadoop.ozone.om.KeyManagerImpl.getOzoneFileStatus(KeyManagerImpl.java:1301) ~[ozone-manager-1.4.0-SNAPSHOT.jar:?]
	at org.apache.hadoop.ozone.om.KeyManagerImpl.getFileStatus(KeyManagerImpl.java:1219) ~[ozone-manager-1.4.0-SNAPSHOT.jar:?]
	at org.apache.hadoop.ozone.om.OzoneManager.getFileStatus(OzoneManager.java:3578) ~[ozone-manager-1.4.0-SNAPSHOT.jar:?]
	at org.apache.hadoop.ozone.protocolPB.OzoneManagerRequestHandler.getOzoneFileStatus(OzoneManagerRequestHandler.java:907) ~[ozone-manager-1.4.0-SNAPSHOT.jar:?]
	at org.apache.hadoop.ozone.protocolPB.OzoneManagerRequestHandler.handleReadRequest(OzoneManagerRequestHandler.java:231) ~[ozone-manager-1.4.0-SNAPSHOT.jar:?]
	at org.apache.hadoop.ozone.protocolPB.OzoneManagerProtocolServerSideTranslatorPB.submitReadRequestToOM(OzoneManagerProtocolServerSideTranslatorPB.java:226) ~[ozone-manager-1.4.0-SNAPSHOT.jar:?]
	at org.apache.hadoop.ozone.protocolPB.OzoneManagerProtocolServerSideTranslatorPB.processRequest(OzoneManagerProtocolServerSideTranslatorPB.java:175) ~[ozone-manager-1.4.0-SNAPSHOT.jar:?]
	at org.apache.hadoop.hdds.server.OzoneProtocolMessageDispatcher.processRequest(OzoneProtocolMessageDispatcher.java:87) [hdds-server-framework-1.4.0-SNAPSHOT.jar:?]
	at org.apache.hadoop.ozone.protocolPB.OzoneManagerProtocolServerSideTranslatorPB.submitRequest(OzoneManagerProtocolServerSideTranslatorPB.java:147) [ozone-manager-1.4.0-SNAPSHOT.jar:?]
	at org.apache.hadoop.ozone.protocol.proto.OzoneManagerProtocolProtos$OzoneManagerService$2.callBlockingMethod(OzoneManagerProtocolProtos.java) [ozone-interface-client-1.4.0-SNAPSHOT.jar:?]
	at org.apache.hadoop.ipc.ProtobufRpcEngine$Server.processCall(ProtobufRpcEngine.java:465) [hadoop-common-3.3.4.jar:?]
	at org.apache.hadoop.ipc.ProtobufRpcEngine2$Server$ProtoBufRpcInvoker.call(ProtobufRpcEngine2.java:578) [hadoop-common-3.3.4.jar:?]
	at org.apache.hadoop.ipc.ProtobufRpcEngine2$Server$ProtoBufRpcInvoker.call(ProtobufRpcEngine2.java:556) [hadoop-common-3.3.4.jar:?]
	at org.apache.hadoop.ipc.RPC$Server.call(RPC.java:1093) [hadoop-common-3.3.4.jar:?]
	at org.apache.hadoop.ipc.Server$RpcCall.run(Server.java:1043) [hadoop-common-3.3.4.jar:?]
	at org.apache.hadoop.ipc.Server$RpcCall.run(Server.java:971) [hadoop-common-3.3.4.jar:?]
	at java.security.AccessController.doPrivileged(Native Method) ~[?:1.8.0_352]
	at javax.security.auth.Subject.doAs(Subject.java:422) [?:1.8.0_352]
	at org.apache.hadoop.security.UserGroupInformation.doAs(UserGroupInformation.java:1878) [hadoop-common-3.3.4.jar:?]
	at org.apache.hadoop.ipc.Server$Handler.run(Server.java:2976) [hadoop-common-3.3.4.jar:?]
10:08:17.166 [IPC Server handler 10 on default port 46431] ERROR OMAudit - user=runner | ip=127.0.0.1 | op=GET_FILE_STATUS {volume=volume30750, bucket=bucket79142, key=d1/d2/d3/d4/invalidkey, dataSize=0, replicationConfig=null} | ret=FAILURE
org.apache.hadoop.ozone.om.exceptions.OMException: Unable to get file status: volume: volume30750 bucket: bucket79142 key: d1/d2/d3/d4/invalidkey
	at org.apache.hadoop.ozone.om.KeyManagerImpl.getOzoneFileStatus(KeyManagerImpl.java:1301) ~[ozone-manager-1.4.0-SNAPSHOT.jar:?]
	at org.apache.hadoop.ozone.om.KeyManagerImpl.getFileStatus(KeyManagerImpl.java:1219) ~[ozone-manager-1.4.0-SNAPSHOT.jar:?]
	at org.apache.hadoop.ozone.om.OzoneManager.getFileStatus(OzoneManager.java:3578) ~[ozone-manager-1.4.0-SNAPSHOT.jar:?]
	at org.apache.hadoop.ozone.protocolPB.OzoneManagerRequestHandler.getOzoneFileStatus(OzoneManagerRequestHandler.java:907) ~[ozone-manager-1.4.0-SNAPSHOT.jar:?]
	at org.apache.hadoop.ozone.protocolPB.OzoneManagerRequestHandler.handleReadRequest(OzoneManagerRequestHandler.java:231) ~[ozone-manager-1.4.0-SNAPSHOT.jar:?]
	at org.apache.hadoop.ozone.protocolPB.OzoneManagerProtocolServerSideTranslatorPB.submitReadRequestToOM(OzoneManagerProtocolServerSideTranslatorPB.java:226) ~[ozone-manager-1.4.0-SNAPSHOT.jar:?]
	at org.apache.hadoop.ozone.protocolPB.OzoneManagerProtocolServerSideTranslatorPB.processRequest(OzoneManagerProtocolServerSideTranslatorPB.java:175) ~[ozone-manager-1.4.0-SNAPSHOT.jar:?]
	at org.apache.hadoop.hdds.server.OzoneProtocolMessageDispatcher.processRequest(OzoneProtocolMessageDispatcher.java:87) [hdds-server-framework-1.4.0-SNAPSHOT.jar:?]
	at org.apache.hadoop.ozone.protocolPB.OzoneManagerProtocolServerSideTranslatorPB.submitRequest(OzoneManagerProtocolServerSideTranslatorPB.java:147) [ozone-manager-1.4.0-SNAPSHOT.jar:?]
	at org.apache.hadoop.ozone.protocol.proto.OzoneManagerProtocolProtos$OzoneManagerService$2.callBlockingMethod(OzoneManagerProtocolProtos.java) [ozone-interface-client-1.4.0-SNAPSHOT.jar:?]
	at org.apache.hadoop.ipc.ProtobufRpcEngine$Server.processCall(ProtobufRpcEngine.java:465) [hadoop-common-3.3.4.jar:?]
	at org.apache.hadoop.ipc.ProtobufRpcEngine2$Server$ProtoBufRpcInvoker.call(ProtobufRpcEngine2.java:578) [hadoop-common-3.3.4.jar:?]
	at org.apache.hadoop.ipc.ProtobufRpcEngine2$Server$ProtoBufRpcInvoker.call(ProtobufRpcEngine2.java:556) [hadoop-common-3.3.4.jar:?]
	at org.apache.hadoop.ipc.RPC$Server.call(RPC.java:1093) [hadoop-common-3.3.4.jar:?]
	at org.apache.hadoop.ipc.Server$RpcCall.run(Server.java:1043) [hadoop-common-3.3.4.jar:?]
	at org.apache.hadoop.ipc.Server$RpcCall.run(Server.java:971) [hadoop-common-3.3.4.jar:?]
	at java.security.AccessController.doPrivileged(Native Method) ~[?:1.8.0_352]
	at javax.security.auth.Subject.doAs(Subject.java:422) [?:1.8.0_352]
	at org.apache.hadoop.security.UserGroupInformation.doAs(UserGroupInformation.java:1878) [hadoop-common-3.3.4.jar:?]
	at org.apache.hadoop.ipc.Server$Handler.run(Server.java:2976) [hadoop-common-3.3.4.jar:?]
]]></system-out>
  </testcase>
  <testcase name="testCreateFileShouldCheckExistenceOfDirWithSameName" classname="TestOzoneFileSystem" time="0.021">
    <system-out><![CDATA[2023-01-03 10:09:11,384 [IPC Server handler 0 on default port 33423] INFO  key.OMKeyRequest (OMKeyRequest.java:wrapUncommittedBlocksAsPseudoKey(835)) - Detect allocated but uncommitted blocks [{blockID={containerID=1, localID=111677748019200034}, length=4194304, offset=0, token=null, pipeline=null, createVersion=0, partNumber=0}] in key d1/d2/d3/d4/key1.
10:09:11.385 [IPC Server handler 2 on default port 33423] ERROR OMAudit - user=runner | ip=127.0.0.1 | op=CREATE_FILE {volume=volume03607, bucket=bucket70088, key=d1/d2/d3/d4/key2, dataSize=4194304, replicationType=RATIS, replicationFactor=THREE} | ret=FAILURE
org.apache.hadoop.ozone.om.exceptions.OMException: Can not write to directory: d1/d2/d3/d4/key2
	at org.apache.hadoop.ozone.om.request.file.OMFileCreateRequest.checkDirectoryResult(OMFileCreateRequest.java:366) ~[ozone-manager-1.4.0-SNAPSHOT.jar:?]
	at org.apache.hadoop.ozone.om.request.file.OMFileCreateRequest.validateAndUpdateCache(OMFileCreateRequest.java:241) ~[ozone-manager-1.4.0-SNAPSHOT.jar:?]
	at org.apache.hadoop.ozone.protocolPB.OzoneManagerRequestHandler.handleWriteRequest(OzoneManagerRequestHandler.java:311) ~[ozone-manager-1.4.0-SNAPSHOT.jar:?]
	at org.apache.hadoop.ozone.protocolPB.OzoneManagerProtocolServerSideTranslatorPB.submitRequestDirectlyToOM(OzoneManagerProtocolServerSideTranslatorPB.java:282) ~[ozone-manager-1.4.0-SNAPSHOT.jar:?]
	at org.apache.hadoop.ozone.protocolPB.OzoneManagerProtocolServerSideTranslatorPB.processRequest(OzoneManagerProtocolServerSideTranslatorPB.java:205) ~[ozone-manager-1.4.0-SNAPSHOT.jar:?]
	at org.apache.hadoop.hdds.server.OzoneProtocolMessageDispatcher.processRequest(OzoneProtocolMessageDispatcher.java:87) [hdds-server-framework-1.4.0-SNAPSHOT.jar:?]
	at org.apache.hadoop.ozone.protocolPB.OzoneManagerProtocolServerSideTranslatorPB.submitRequest(OzoneManagerProtocolServerSideTranslatorPB.java:147) [ozone-manager-1.4.0-SNAPSHOT.jar:?]
	at org.apache.hadoop.ozone.protocol.proto.OzoneManagerProtocolProtos$OzoneManagerService$2.callBlockingMethod(OzoneManagerProtocolProtos.java) [ozone-interface-client-1.4.0-SNAPSHOT.jar:?]
	at org.apache.hadoop.ipc.ProtobufRpcEngine$Server.processCall(ProtobufRpcEngine.java:465) [hadoop-common-3.3.4.jar:?]
	at org.apache.hadoop.ipc.ProtobufRpcEngine2$Server$ProtoBufRpcInvoker.call(ProtobufRpcEngine2.java:578) [hadoop-common-3.3.4.jar:?]
	at org.apache.hadoop.ipc.ProtobufRpcEngine2$Server$ProtoBufRpcInvoker.call(ProtobufRpcEngine2.java:556) [hadoop-common-3.3.4.jar:?]
	at org.apache.hadoop.ipc.RPC$Server.call(RPC.java:1093) [hadoop-common-3.3.4.jar:?]
	at org.apache.hadoop.ipc.Server$RpcCall.run(Server.java:1043) [hadoop-common-3.3.4.jar:?]
	at org.apache.hadoop.ipc.Server$RpcCall.run(Server.java:971) [hadoop-common-3.3.4.jar:?]
	at java.security.AccessController.doPrivileged(Native Method) ~[?:1.8.0_352]
	at javax.security.auth.Subject.doAs(Subject.java:422) [?:1.8.0_352]
	at org.apache.hadoop.security.UserGroupInformation.doAs(UserGroupInformation.java:1878) [hadoop-common-3.3.4.jar:?]
	at org.apache.hadoop.ipc.Server$Handler.run(Server.java:2976) [hadoop-common-3.3.4.jar:?]
2023-01-03 10:09:11,386 [IPC Server handler 2 on default port 33423] ERROR file.OMFileCreateRequest (OMFileCreateRequest.java:validateAndUpdateCache(339)) - File create failed. Volume:volume03607, Bucket:bucket70088, Keyd1/d2/d3/d4/key2.
NOT_A_FILE org.apache.hadoop.ozone.om.exceptions.OMException: Can not write to directory: d1/d2/d3/d4/key2
	at org.apache.hadoop.ozone.om.request.file.OMFileCreateRequest.checkDirectoryResult(OMFileCreateRequest.java:366)
	at org.apache.hadoop.ozone.om.request.file.OMFileCreateRequest.validateAndUpdateCache(OMFileCreateRequest.java:241)
	at org.apache.hadoop.ozone.protocolPB.OzoneManagerRequestHandler.handleWriteRequest(OzoneManagerRequestHandler.java:311)
	at org.apache.hadoop.ozone.protocolPB.OzoneManagerProtocolServerSideTranslatorPB.submitRequestDirectlyToOM(OzoneManagerProtocolServerSideTranslatorPB.java:282)
	at org.apache.hadoop.ozone.protocolPB.OzoneManagerProtocolServerSideTranslatorPB.processRequest(OzoneManagerProtocolServerSideTranslatorPB.java:205)
	at org.apache.hadoop.hdds.server.OzoneProtocolMessageDispatcher.processRequest(OzoneProtocolMessageDispatcher.java:87)
	at org.apache.hadoop.ozone.protocolPB.OzoneManagerProtocolServerSideTranslatorPB.submitRequest(OzoneManagerProtocolServerSideTranslatorPB.java:147)
	at org.apache.hadoop.ozone.protocol.proto.OzoneManagerProtocolProtos$OzoneManagerService$2.callBlockingMethod(OzoneManagerProtocolProtos.java)
	at org.apache.hadoop.ipc.ProtobufRpcEngine$Server.processCall(ProtobufRpcEngine.java:465)
	at org.apache.hadoop.ipc.ProtobufRpcEngine2$Server$ProtoBufRpcInvoker.call(ProtobufRpcEngine2.java:578)
	at org.apache.hadoop.ipc.ProtobufRpcEngine2$Server$ProtoBufRpcInvoker.call(ProtobufRpcEngine2.java:556)
	at org.apache.hadoop.ipc.RPC$Server.call(RPC.java:1093)
	at org.apache.hadoop.ipc.Server$RpcCall.run(Server.java:1043)
	at org.apache.hadoop.ipc.Server$RpcCall.run(Server.java:971)
	at java.security.AccessController.doPrivileged(Native Method)
	at javax.security.auth.Subject.doAs(Subject.java:422)
	at org.apache.hadoop.security.UserGroupInformation.doAs(UserGroupInformation.java:1878)
	at org.apache.hadoop.ipc.Server$Handler.run(Server.java:2976)
2023-01-03 10:09:11,390 [IPC Server handler 5 on default port 33423] INFO  key.OMKeyRequest (OMKeyRequest.java:wrapUncommittedBlocksAsPseudoKey(835)) - Detect allocated but uncommitted blocks [{blockID={containerID=1, localID=111677748019200036}, length=4194304, offset=0, token=null, pipeline=null, createVersion=0, partNumber=0}] in key d1/d2/d3/d4/key3.
10:09:11.390 [IPC Server handler 6 on default port 33423] ERROR OMAudit - user=runner | ip=127.0.0.1 | op=CREATE_DIRECTORY {volume=volume03607, bucket=bucket70088, key=d1/d2/d3/d4/key3, dataSize=0, replicationType=NONE, replicationFactor=ZERO} | ret=FAILURE
org.apache.hadoop.ozone.om.exceptions.OMException: Unable to create directory: d1/d2/d3/d4/key3 in volume/bucket: volume03607/bucket70088
	at org.apache.hadoop.ozone.om.request.file.OMDirectoryCreateRequest.validateAndUpdateCache(OMDirectoryCreateRequest.java:199) ~[ozone-manager-1.4.0-SNAPSHOT.jar:?]
	at org.apache.hadoop.ozone.protocolPB.OzoneManagerRequestHandler.handleWriteRequest(OzoneManagerRequestHandler.java:311) ~[ozone-manager-1.4.0-SNAPSHOT.jar:?]
	at org.apache.hadoop.ozone.protocolPB.OzoneManagerProtocolServerSideTranslatorPB.submitRequestDirectlyToOM(OzoneManagerProtocolServerSideTranslatorPB.java:282) ~[ozone-manager-1.4.0-SNAPSHOT.jar:?]
	at org.apache.hadoop.ozone.protocolPB.OzoneManagerProtocolServerSideTranslatorPB.processRequest(OzoneManagerProtocolServerSideTranslatorPB.java:205) ~[ozone-manager-1.4.0-SNAPSHOT.jar:?]
	at org.apache.hadoop.hdds.server.OzoneProtocolMessageDispatcher.processRequest(OzoneProtocolMessageDispatcher.java:87) [hdds-server-framework-1.4.0-SNAPSHOT.jar:?]
	at org.apache.hadoop.ozone.protocolPB.OzoneManagerProtocolServerSideTranslatorPB.submitRequest(OzoneManagerProtocolServerSideTranslatorPB.java:147) [ozone-manager-1.4.0-SNAPSHOT.jar:?]
	at org.apache.hadoop.ozone.protocol.proto.OzoneManagerProtocolProtos$OzoneManagerService$2.callBlockingMethod(OzoneManagerProtocolProtos.java) [ozone-interface-client-1.4.0-SNAPSHOT.jar:?]
	at org.apache.hadoop.ipc.ProtobufRpcEngine$Server.processCall(ProtobufRpcEngine.java:465) [hadoop-common-3.3.4.jar:?]
	at org.apache.hadoop.ipc.ProtobufRpcEngine2$Server$ProtoBufRpcInvoker.call(ProtobufRpcEngine2.java:578) [hadoop-common-3.3.4.jar:?]
	at org.apache.hadoop.ipc.ProtobufRpcEngine2$Server$ProtoBufRpcInvoker.call(ProtobufRpcEngine2.java:556) [hadoop-common-3.3.4.jar:?]
	at org.apache.hadoop.ipc.RPC$Server.call(RPC.java:1093) [hadoop-common-3.3.4.jar:?]
	at org.apache.hadoop.ipc.Server$RpcCall.run(Server.java:1043) [hadoop-common-3.3.4.jar:?]
	at org.apache.hadoop.ipc.Server$RpcCall.run(Server.java:971) [hadoop-common-3.3.4.jar:?]
	at java.security.AccessController.doPrivileged(Native Method) ~[?:1.8.0_352]
	at javax.security.auth.Subject.doAs(Subject.java:422) [?:1.8.0_352]
	at org.apache.hadoop.security.UserGroupInformation.doAs(UserGroupInformation.java:1878) [hadoop-common-3.3.4.jar:?]
	at org.apache.hadoop.ipc.Server$Handler.run(Server.java:2976) [hadoop-common-3.3.4.jar:?]
2023-01-03 10:09:11,391 [IPC Server handler 6 on default port 33423] ERROR file.OMDirectoryCreateRequest (OMDirectoryCreateRequest.java:logResult(339)) - Directory creation failed. Volume:volume03607, Bucket:bucket70088, Keyd1/d2/d3/d4/key3. Exception:{}
FILE_ALREADY_EXISTS org.apache.hadoop.ozone.om.exceptions.OMException: Unable to create directory: d1/d2/d3/d4/key3 in volume/bucket: volume03607/bucket70088
	at org.apache.hadoop.ozone.om.request.file.OMDirectoryCreateRequest.validateAndUpdateCache(OMDirectoryCreateRequest.java:199)
	at org.apache.hadoop.ozone.protocolPB.OzoneManagerRequestHandler.handleWriteRequest(OzoneManagerRequestHandler.java:311)
	at org.apache.hadoop.ozone.protocolPB.OzoneManagerProtocolServerSideTranslatorPB.submitRequestDirectlyToOM(OzoneManagerProtocolServerSideTranslatorPB.java:282)
	at org.apache.hadoop.ozone.protocolPB.OzoneManagerProtocolServerSideTranslatorPB.processRequest(OzoneManagerProtocolServerSideTranslatorPB.java:205)
	at org.apache.hadoop.hdds.server.OzoneProtocolMessageDispatcher.processRequest(OzoneProtocolMessageDispatcher.java:87)
	at org.apache.hadoop.ozone.protocolPB.OzoneManagerProtocolServerSideTranslatorPB.submitRequest(OzoneManagerProtocolServerSideTranslatorPB.java:147)
	at org.apache.hadoop.ozone.protocol.proto.OzoneManagerProtocolProtos$OzoneManagerService$2.callBlockingMethod(OzoneManagerProtocolProtos.java)
	at org.apache.hadoop.ipc.ProtobufRpcEngine$Server.processCall(ProtobufRpcEngine.java:465)
	at org.apache.hadoop.ipc.ProtobufRpcEngine2$Server$ProtoBufRpcInvoker.call(ProtobufRpcEngine2.java:578)
	at org.apache.hadoop.ipc.ProtobufRpcEngine2$Server$ProtoBufRpcInvoker.call(ProtobufRpcEngine2.java:556)
	at org.apache.hadoop.ipc.RPC$Server.call(RPC.java:1093)
	at org.apache.hadoop.ipc.Server$RpcCall.run(Server.java:1043)
	at org.apache.hadoop.ipc.Server$RpcCall.run(Server.java:971)
	at java.security.AccessController.doPrivileged(Native Method)
	at javax.security.auth.Subject.doAs(Subject.java:422)
	at org.apache.hadoop.security.UserGroupInformation.doAs(UserGroupInformation.java:1878)
	at org.apache.hadoop.ipc.Server$Handler.run(Server.java:2976)
10:09:11.392 [IPC Server handler 7 on default port 33423] ERROR OMAudit - user=runner | ip=127.0.0.1 | op=CREATE_FILE {volume=volume03607, bucket=bucket70088, key=d1/d2/d3, dataSize=4194304, replicationType=RATIS, replicationFactor=THREE} | ret=FAILURE
org.apache.hadoop.ozone.om.exceptions.OMException: Can not write to directory: d1/d2/d3
	at org.apache.hadoop.ozone.om.request.file.OMFileCreateRequest.checkDirectoryResult(OMFileCreateRequest.java:366) ~[ozone-manager-1.4.0-SNAPSHOT.jar:?]
	at org.apache.hadoop.ozone.om.request.file.OMFileCreateRequest.validateAndUpdateCache(OMFileCreateRequest.java:241) ~[ozone-manager-1.4.0-SNAPSHOT.jar:?]
	at org.apache.hadoop.ozone.protocolPB.OzoneManagerRequestHandler.handleWriteRequest(OzoneManagerRequestHandler.java:311) ~[ozone-manager-1.4.0-SNAPSHOT.jar:?]
	at org.apache.hadoop.ozone.protocolPB.OzoneManagerProtocolServerSideTranslatorPB.submitRequestDirectlyToOM(OzoneManagerProtocolServerSideTranslatorPB.java:282) ~[ozone-manager-1.4.0-SNAPSHOT.jar:?]
	at org.apache.hadoop.ozone.protocolPB.OzoneManagerProtocolServerSideTranslatorPB.processRequest(OzoneManagerProtocolServerSideTranslatorPB.java:205) ~[ozone-manager-1.4.0-SNAPSHOT.jar:?]
	at org.apache.hadoop.hdds.server.OzoneProtocolMessageDispatcher.processRequest(OzoneProtocolMessageDispatcher.java:87) [hdds-server-framework-1.4.0-SNAPSHOT.jar:?]
	at org.apache.hadoop.ozone.protocolPB.OzoneManagerProtocolServerSideTranslatorPB.submitRequest(OzoneManagerProtocolServerSideTranslatorPB.java:147) [ozone-manager-1.4.0-SNAPSHOT.jar:?]
	at org.apache.hadoop.ozone.protocol.proto.OzoneManagerProtocolProtos$OzoneManagerService$2.callBlockingMethod(OzoneManagerProtocolProtos.java) [ozone-interface-client-1.4.0-SNAPSHOT.jar:?]
	at org.apache.hadoop.ipc.ProtobufRpcEngine$Server.processCall(ProtobufRpcEngine.java:465) [hadoop-common-3.3.4.jar:?]
	at org.apache.hadoop.ipc.ProtobufRpcEngine2$Server$ProtoBufRpcInvoker.call(ProtobufRpcEngine2.java:578) [hadoop-common-3.3.4.jar:?]
	at org.apache.hadoop.ipc.ProtobufRpcEngine2$Server$ProtoBufRpcInvoker.call(ProtobufRpcEngine2.java:556) [hadoop-common-3.3.4.jar:?]
	at org.apache.hadoop.ipc.RPC$Server.call(RPC.java:1093) [hadoop-common-3.3.4.jar:?]
	at org.apache.hadoop.ipc.Server$RpcCall.run(Server.java:1043) [hadoop-common-3.3.4.jar:?]
	at org.apache.hadoop.ipc.Server$RpcCall.run(Server.java:971) [hadoop-common-3.3.4.jar:?]
	at java.security.AccessController.doPrivileged(Native Method) ~[?:1.8.0_352]
	at javax.security.auth.Subject.doAs(Subject.java:422) [?:1.8.0_352]
	at org.apache.hadoop.security.UserGroupInformation.doAs(UserGroupInformation.java:1878) [hadoop-common-3.3.4.jar:?]
	at org.apache.hadoop.ipc.Server$Handler.run(Server.java:2976) [hadoop-common-3.3.4.jar:?]
2023-01-03 10:09:11,392 [IPC Server handler 7 on default port 33423] ERROR file.OMFileCreateRequest (OMFileCreateRequest.java:validateAndUpdateCache(339)) - File create failed. Volume:volume03607, Bucket:bucket70088, Keyd1/d2/d3.
NOT_A_FILE org.apache.hadoop.ozone.om.exceptions.OMException: Can not write to directory: d1/d2/d3
	at org.apache.hadoop.ozone.om.request.file.OMFileCreateRequest.checkDirectoryResult(OMFileCreateRequest.java:366)
	at org.apache.hadoop.ozone.om.request.file.OMFileCreateRequest.validateAndUpdateCache(OMFileCreateRequest.java:241)
	at org.apache.hadoop.ozone.protocolPB.OzoneManagerRequestHandler.handleWriteRequest(OzoneManagerRequestHandler.java:311)
	at org.apache.hadoop.ozone.protocolPB.OzoneManagerProtocolServerSideTranslatorPB.submitRequestDirectlyToOM(OzoneManagerProtocolServerSideTranslatorPB.java:282)
	at org.apache.hadoop.ozone.protocolPB.OzoneManagerProtocolServerSideTranslatorPB.processRequest(OzoneManagerProtocolServerSideTranslatorPB.java:205)
	at org.apache.hadoop.hdds.server.OzoneProtocolMessageDispatcher.processRequest(OzoneProtocolMessageDispatcher.java:87)
	at org.apache.hadoop.ozone.protocolPB.OzoneManagerProtocolServerSideTranslatorPB.submitRequest(OzoneManagerProtocolServerSideTranslatorPB.java:147)
	at org.apache.hadoop.ozone.protocol.proto.OzoneManagerProtocolProtos$OzoneManagerService$2.callBlockingMethod(OzoneManagerProtocolProtos.java)
	at org.apache.hadoop.ipc.ProtobufRpcEngine$Server.processCall(ProtobufRpcEngine.java:465)
	at org.apache.hadoop.ipc.ProtobufRpcEngine2$Server$ProtoBufRpcInvoker.call(ProtobufRpcEngine2.java:578)
	at org.apache.hadoop.ipc.ProtobufRpcEngine2$Server$ProtoBufRpcInvoker.call(ProtobufRpcEngine2.java:556)
	at org.apache.hadoop.ipc.RPC$Server.call(RPC.java:1093)
	at org.apache.hadoop.ipc.Server$RpcCall.run(Server.java:1043)
	at org.apache.hadoop.ipc.Server$RpcCall.run(Server.java:971)
	at java.security.AccessController.doPrivileged(Native Method)
	at javax.security.auth.Subject.doAs(Subject.java:422)
	at org.apache.hadoop.security.UserGroupInformation.doAs(UserGroupInformation.java:1878)
	at org.apache.hadoop.ipc.Server$Handler.run(Server.java:2976)
10:09:11.395 [IPC Server handler 9 on default port 33423] ERROR OMAudit - user=runner | ip=127.0.0.1 | op=GET_FILE_STATUS {volume=volume03607, bucket=bucket70088, key=d1/d2/d3/d4/key3/invalid, dataSize=0, replicationConfig=null} | ret=FAILURE
org.apache.hadoop.ozone.om.exceptions.OMException: Unable to get file status: volume: volume03607 bucket: bucket70088 key: d1/d2/d3/d4/key3/invalid
	at org.apache.hadoop.ozone.om.KeyManagerImpl.getOzoneFileStatus(KeyManagerImpl.java:1301) ~[ozone-manager-1.4.0-SNAPSHOT.jar:?]
	at org.apache.hadoop.ozone.om.KeyManagerImpl.getFileStatus(KeyManagerImpl.java:1219) ~[ozone-manager-1.4.0-SNAPSHOT.jar:?]
	at org.apache.hadoop.ozone.om.OzoneManager.getFileStatus(OzoneManager.java:3578) ~[ozone-manager-1.4.0-SNAPSHOT.jar:?]
	at org.apache.hadoop.ozone.protocolPB.OzoneManagerRequestHandler.getOzoneFileStatus(OzoneManagerRequestHandler.java:907) ~[ozone-manager-1.4.0-SNAPSHOT.jar:?]
	at org.apache.hadoop.ozone.protocolPB.OzoneManagerRequestHandler.handleReadRequest(OzoneManagerRequestHandler.java:231) ~[ozone-manager-1.4.0-SNAPSHOT.jar:?]
	at org.apache.hadoop.ozone.protocolPB.OzoneManagerProtocolServerSideTranslatorPB.submitRequestDirectlyToOM(OzoneManagerProtocolServerSideTranslatorPB.java:276) ~[ozone-manager-1.4.0-SNAPSHOT.jar:?]
	at org.apache.hadoop.ozone.protocolPB.OzoneManagerProtocolServerSideTranslatorPB.processRequest(OzoneManagerProtocolServerSideTranslatorPB.java:205) ~[ozone-manager-1.4.0-SNAPSHOT.jar:?]
	at org.apache.hadoop.hdds.server.OzoneProtocolMessageDispatcher.processRequest(OzoneProtocolMessageDispatcher.java:87) [hdds-server-framework-1.4.0-SNAPSHOT.jar:?]
	at org.apache.hadoop.ozone.protocolPB.OzoneManagerProtocolServerSideTranslatorPB.submitRequest(OzoneManagerProtocolServerSideTranslatorPB.java:147) [ozone-manager-1.4.0-SNAPSHOT.jar:?]
	at org.apache.hadoop.ozone.protocol.proto.OzoneManagerProtocolProtos$OzoneManagerService$2.callBlockingMethod(OzoneManagerProtocolProtos.java) [ozone-interface-client-1.4.0-SNAPSHOT.jar:?]
	at org.apache.hadoop.ipc.ProtobufRpcEngine$Server.processCall(ProtobufRpcEngine.java:465) [hadoop-common-3.3.4.jar:?]
	at org.apache.hadoop.ipc.ProtobufRpcEngine2$Server$ProtoBufRpcInvoker.call(ProtobufRpcEngine2.java:578) [hadoop-common-3.3.4.jar:?]
	at org.apache.hadoop.ipc.ProtobufRpcEngine2$Server$ProtoBufRpcInvoker.call(ProtobufRpcEngine2.java:556) [hadoop-common-3.3.4.jar:?]
	at org.apache.hadoop.ipc.RPC$Server.call(RPC.java:1093) [hadoop-common-3.3.4.jar:?]
	at org.apache.hadoop.ipc.Server$RpcCall.run(Server.java:1043) [hadoop-common-3.3.4.jar:?]
	at org.apache.hadoop.ipc.Server$RpcCall.run(Server.java:971) [hadoop-common-3.3.4.jar:?]
	at java.security.AccessController.doPrivileged(Native Method) ~[?:1.8.0_352]
	at javax.security.auth.Subject.doAs(Subject.java:422) [?:1.8.0_352]
	at org.apache.hadoop.security.UserGroupInformation.doAs(UserGroupInformation.java:1878) [hadoop-common-3.3.4.jar:?]
	at org.apache.hadoop.ipc.Server$Handler.run(Server.java:2976) [hadoop-common-3.3.4.jar:?]
10:09:11.395 [IPC Server handler 10 on default port 33423] ERROR OMAudit - user=runner | ip=127.0.0.1 | op=GET_FILE_STATUS {volume=volume03607, bucket=bucket70088, key=d1/d2/d3/d4/invalidkey, dataSize=0, replicationConfig=null} | ret=FAILURE
org.apache.hadoop.ozone.om.exceptions.OMException: Unable to get file status: volume: volume03607 bucket: bucket70088 key: d1/d2/d3/d4/invalidkey
	at org.apache.hadoop.ozone.om.KeyManagerImpl.getOzoneFileStatus(KeyManagerImpl.java:1301) ~[ozone-manager-1.4.0-SNAPSHOT.jar:?]
	at org.apache.hadoop.ozone.om.KeyManagerImpl.getFileStatus(KeyManagerImpl.java:1219) ~[ozone-manager-1.4.0-SNAPSHOT.jar:?]
	at org.apache.hadoop.ozone.om.OzoneManager.getFileStatus(OzoneManager.java:3578) ~[ozone-manager-1.4.0-SNAPSHOT.jar:?]
	at org.apache.hadoop.ozone.protocolPB.OzoneManagerRequestHandler.getOzoneFileStatus(OzoneManagerRequestHandler.java:907) ~[ozone-manager-1.4.0-SNAPSHOT.jar:?]
	at org.apache.hadoop.ozone.protocolPB.OzoneManagerRequestHandler.handleReadRequest(OzoneManagerRequestHandler.java:231) ~[ozone-manager-1.4.0-SNAPSHOT.jar:?]
	at org.apache.hadoop.ozone.protocolPB.OzoneManagerProtocolServerSideTranslatorPB.submitRequestDirectlyToOM(OzoneManagerProtocolServerSideTranslatorPB.java:276) ~[ozone-manager-1.4.0-SNAPSHOT.jar:?]
	at org.apache.hadoop.ozone.protocolPB.OzoneManagerProtocolServerSideTranslatorPB.processRequest(OzoneManagerProtocolServerSideTranslatorPB.java:205) ~[ozone-manager-1.4.0-SNAPSHOT.jar:?]
	at org.apache.hadoop.hdds.server.OzoneProtocolMessageDispatcher.processRequest(OzoneProtocolMessageDispatcher.java:87) [hdds-server-framework-1.4.0-SNAPSHOT.jar:?]
	at org.apache.hadoop.ozone.protocolPB.OzoneManagerProtocolServerSideTranslatorPB.submitRequest(OzoneManagerProtocolServerSideTranslatorPB.java:147) [ozone-manager-1.4.0-SNAPSHOT.jar:?]
	at org.apache.hadoop.ozone.protocol.proto.OzoneManagerProtocolProtos$OzoneManagerService$2.callBlockingMethod(OzoneManagerProtocolProtos.java) [ozone-interface-client-1.4.0-SNAPSHOT.jar:?]
	at org.apache.hadoop.ipc.ProtobufRpcEngine$Server.processCall(ProtobufRpcEngine.java:465) [hadoop-common-3.3.4.jar:?]
	at org.apache.hadoop.ipc.ProtobufRpcEngine2$Server$ProtoBufRpcInvoker.call(ProtobufRpcEngine2.java:578) [hadoop-common-3.3.4.jar:?]
	at org.apache.hadoop.ipc.ProtobufRpcEngine2$Server$ProtoBufRpcInvoker.call(ProtobufRpcEngine2.java:556) [hadoop-common-3.3.4.jar:?]
	at org.apache.hadoop.ipc.RPC$Server.call(RPC.java:1093) [hadoop-common-3.3.4.jar:?]
	at org.apache.hadoop.ipc.Server$RpcCall.run(Server.java:1043) [hadoop-common-3.3.4.jar:?]
	at org.apache.hadoop.ipc.Server$RpcCall.run(Server.java:971) [hadoop-common-3.3.4.jar:?]
	at java.security.AccessController.doPrivileged(Native Method) ~[?:1.8.0_352]
	at javax.security.auth.Subject.doAs(Subject.java:422) [?:1.8.0_352]
	at org.apache.hadoop.security.UserGroupInformation.doAs(UserGroupInformation.java:1878) [hadoop-common-3.3.4.jar:?]
	at org.apache.hadoop.ipc.Server$Handler.run(Server.java:2976) [hadoop-common-3.3.4.jar:?]
]]></system-out>
  </testcase>
  <testcase name="testRenameContainDelimiterFile" classname="TestOzoneFileSystem" time="0.034">
    <system-out><![CDATA[2023-01-03 10:06:28,825 [OM StateMachine ApplyTransaction Thread - 0] INFO  key.OMKeyRequest (OMKeyRequest.java:wrapUncommittedBlocksAsPseudoKey(835)) - Detect allocated but uncommitted blocks [{blockID={containerID=4, localID=111677748019200038}, length=4194304, offset=0, token=null, pipeline=null, createVersion=0, partNumber=0}] in key dir1/dir2/key1.
10:06:28.827 [IPC Server handler 19 on default port 41175] ERROR OMAudit - user=runner | ip=127.0.0.1 | op=GET_FILE_STATUS {volume=volume17571, bucket=bucket85979, key=dir1/dir2/key2, dataSize=0, replicationConfig=null} | ret=FAILURE
org.apache.hadoop.ozone.om.exceptions.OMException: Unable to get file status: volume: volume17571 bucket: bucket85979 key: dir1/dir2/key2
	at org.apache.hadoop.ozone.om.KeyManagerImpl.getOzoneFileStatus(KeyManagerImpl.java:1301) ~[ozone-manager-1.4.0-SNAPSHOT.jar:?]
	at org.apache.hadoop.ozone.om.KeyManagerImpl.getFileStatus(KeyManagerImpl.java:1219) ~[ozone-manager-1.4.0-SNAPSHOT.jar:?]
	at org.apache.hadoop.ozone.om.OzoneManager.getFileStatus(OzoneManager.java:3578) ~[ozone-manager-1.4.0-SNAPSHOT.jar:?]
	at org.apache.hadoop.ozone.protocolPB.OzoneManagerRequestHandler.getOzoneFileStatus(OzoneManagerRequestHandler.java:907) ~[ozone-manager-1.4.0-SNAPSHOT.jar:?]
	at org.apache.hadoop.ozone.protocolPB.OzoneManagerRequestHandler.handleReadRequest(OzoneManagerRequestHandler.java:231) ~[ozone-manager-1.4.0-SNAPSHOT.jar:?]
	at org.apache.hadoop.ozone.protocolPB.OzoneManagerProtocolServerSideTranslatorPB.submitReadRequestToOM(OzoneManagerProtocolServerSideTranslatorPB.java:226) ~[ozone-manager-1.4.0-SNAPSHOT.jar:?]
	at org.apache.hadoop.ozone.protocolPB.OzoneManagerProtocolServerSideTranslatorPB.processRequest(OzoneManagerProtocolServerSideTranslatorPB.java:175) ~[ozone-manager-1.4.0-SNAPSHOT.jar:?]
	at org.apache.hadoop.hdds.server.OzoneProtocolMessageDispatcher.processRequest(OzoneProtocolMessageDispatcher.java:87) [hdds-server-framework-1.4.0-SNAPSHOT.jar:?]
	at org.apache.hadoop.ozone.protocolPB.OzoneManagerProtocolServerSideTranslatorPB.submitRequest(OzoneManagerProtocolServerSideTranslatorPB.java:147) [ozone-manager-1.4.0-SNAPSHOT.jar:?]
	at org.apache.hadoop.ozone.protocol.proto.OzoneManagerProtocolProtos$OzoneManagerService$2.callBlockingMethod(OzoneManagerProtocolProtos.java) [ozone-interface-client-1.4.0-SNAPSHOT.jar:?]
	at org.apache.hadoop.ipc.ProtobufRpcEngine$Server.processCall(ProtobufRpcEngine.java:465) [hadoop-common-3.3.4.jar:?]
	at org.apache.hadoop.ipc.ProtobufRpcEngine2$Server$ProtoBufRpcInvoker.call(ProtobufRpcEngine2.java:578) [hadoop-common-3.3.4.jar:?]
	at org.apache.hadoop.ipc.ProtobufRpcEngine2$Server$ProtoBufRpcInvoker.call(ProtobufRpcEngine2.java:556) [hadoop-common-3.3.4.jar:?]
	at org.apache.hadoop.ipc.RPC$Server.call(RPC.java:1093) [hadoop-common-3.3.4.jar:?]
	at org.apache.hadoop.ipc.Server$RpcCall.run(Server.java:1043) [hadoop-common-3.3.4.jar:?]
	at org.apache.hadoop.ipc.Server$RpcCall.run(Server.java:971) [hadoop-common-3.3.4.jar:?]
	at java.security.AccessController.doPrivileged(Native Method) ~[?:1.8.0_352]
	at javax.security.auth.Subject.doAs(Subject.java:422) [?:1.8.0_352]
	at org.apache.hadoop.security.UserGroupInformation.doAs(UserGroupInformation.java:1878) [hadoop-common-3.3.4.jar:?]
	at org.apache.hadoop.ipc.Server$Handler.run(Server.java:2976) [hadoop-common-3.3.4.jar:?]
10:06:28.835 [IPC Server handler 10 on default port 41175] ERROR OMAudit - user=runner | ip=127.0.0.1 | op=GET_FILE_STATUS {volume=volume17571, bucket=bucket85979, key=dir1/dir2/key1, dataSize=0, replicationConfig=null} | ret=FAILURE
org.apache.hadoop.ozone.om.exceptions.OMException: Unable to get file status: volume: volume17571 bucket: bucket85979 key: dir1/dir2/key1
	at org.apache.hadoop.ozone.om.KeyManagerImpl.getOzoneFileStatus(KeyManagerImpl.java:1301) ~[ozone-manager-1.4.0-SNAPSHOT.jar:?]
	at org.apache.hadoop.ozone.om.KeyManagerImpl.getFileStatus(KeyManagerImpl.java:1219) ~[ozone-manager-1.4.0-SNAPSHOT.jar:?]
	at org.apache.hadoop.ozone.om.OzoneManager.getFileStatus(OzoneManager.java:3578) ~[ozone-manager-1.4.0-SNAPSHOT.jar:?]
	at org.apache.hadoop.ozone.protocolPB.OzoneManagerRequestHandler.getOzoneFileStatus(OzoneManagerRequestHandler.java:907) ~[ozone-manager-1.4.0-SNAPSHOT.jar:?]
	at org.apache.hadoop.ozone.protocolPB.OzoneManagerRequestHandler.handleReadRequest(OzoneManagerRequestHandler.java:231) ~[ozone-manager-1.4.0-SNAPSHOT.jar:?]
	at org.apache.hadoop.ozone.protocolPB.OzoneManagerProtocolServerSideTranslatorPB.submitReadRequestToOM(OzoneManagerProtocolServerSideTranslatorPB.java:226) ~[ozone-manager-1.4.0-SNAPSHOT.jar:?]
	at org.apache.hadoop.ozone.protocolPB.OzoneManagerProtocolServerSideTranslatorPB.processRequest(OzoneManagerProtocolServerSideTranslatorPB.java:175) ~[ozone-manager-1.4.0-SNAPSHOT.jar:?]
	at org.apache.hadoop.hdds.server.OzoneProtocolMessageDispatcher.processRequest(OzoneProtocolMessageDispatcher.java:87) [hdds-server-framework-1.4.0-SNAPSHOT.jar:?]
	at org.apache.hadoop.ozone.protocolPB.OzoneManagerProtocolServerSideTranslatorPB.submitRequest(OzoneManagerProtocolServerSideTranslatorPB.java:147) [ozone-manager-1.4.0-SNAPSHOT.jar:?]
	at org.apache.hadoop.ozone.protocol.proto.OzoneManagerProtocolProtos$OzoneManagerService$2.callBlockingMethod(OzoneManagerProtocolProtos.java) [ozone-interface-client-1.4.0-SNAPSHOT.jar:?]
	at org.apache.hadoop.ipc.ProtobufRpcEngine$Server.processCall(ProtobufRpcEngine.java:465) [hadoop-common-3.3.4.jar:?]
	at org.apache.hadoop.ipc.ProtobufRpcEngine2$Server$ProtoBufRpcInvoker.call(ProtobufRpcEngine2.java:578) [hadoop-common-3.3.4.jar:?]
	at org.apache.hadoop.ipc.ProtobufRpcEngine2$Server$ProtoBufRpcInvoker.call(ProtobufRpcEngine2.java:556) [hadoop-common-3.3.4.jar:?]
	at org.apache.hadoop.ipc.RPC$Server.call(RPC.java:1093) [hadoop-common-3.3.4.jar:?]
	at org.apache.hadoop.ipc.Server$RpcCall.run(Server.java:1043) [hadoop-common-3.3.4.jar:?]
	at org.apache.hadoop.ipc.Server$RpcCall.run(Server.java:971) [hadoop-common-3.3.4.jar:?]
	at java.security.AccessController.doPrivileged(Native Method) ~[?:1.8.0_352]
	at javax.security.auth.Subject.doAs(Subject.java:422) [?:1.8.0_352]
	at org.apache.hadoop.security.UserGroupInformation.doAs(UserGroupInformation.java:1878) [hadoop-common-3.3.4.jar:?]
	at org.apache.hadoop.ipc.Server$Handler.run(Server.java:2976) [hadoop-common-3.3.4.jar:?]
10:06:28.836 [IPC Server handler 15 on default port 41175] ERROR OMAudit - user=runner | ip=127.0.0.1 | op=GET_FILE_STATUS {volume=volume17571, bucket=bucket85979, key=user/runner/dir1, dataSize=0, replicationConfig=null} | ret=FAILURE
org.apache.hadoop.ozone.om.exceptions.OMException: Unable to get file status: volume: volume17571 bucket: bucket85979 key: user/runner/dir1
	at org.apache.hadoop.ozone.om.KeyManagerImpl.getOzoneFileStatus(KeyManagerImpl.java:1301) ~[ozone-manager-1.4.0-SNAPSHOT.jar:?]
	at org.apache.hadoop.ozone.om.KeyManagerImpl.getFileStatus(KeyManagerImpl.java:1219) ~[ozone-manager-1.4.0-SNAPSHOT.jar:?]
	at org.apache.hadoop.ozone.om.OzoneManager.getFileStatus(OzoneManager.java:3578) ~[ozone-manager-1.4.0-SNAPSHOT.jar:?]
	at org.apache.hadoop.ozone.protocolPB.OzoneManagerRequestHandler.getOzoneFileStatus(OzoneManagerRequestHandler.java:907) ~[ozone-manager-1.4.0-SNAPSHOT.jar:?]
	at org.apache.hadoop.ozone.protocolPB.OzoneManagerRequestHandler.handleReadRequest(OzoneManagerRequestHandler.java:231) ~[ozone-manager-1.4.0-SNAPSHOT.jar:?]
	at org.apache.hadoop.ozone.protocolPB.OzoneManagerProtocolServerSideTranslatorPB.submitReadRequestToOM(OzoneManagerProtocolServerSideTranslatorPB.java:226) ~[ozone-manager-1.4.0-SNAPSHOT.jar:?]
	at org.apache.hadoop.ozone.protocolPB.OzoneManagerProtocolServerSideTranslatorPB.processRequest(OzoneManagerProtocolServerSideTranslatorPB.java:175) ~[ozone-manager-1.4.0-SNAPSHOT.jar:?]
	at org.apache.hadoop.hdds.server.OzoneProtocolMessageDispatcher.processRequest(OzoneProtocolMessageDispatcher.java:87) [hdds-server-framework-1.4.0-SNAPSHOT.jar:?]
	at org.apache.hadoop.ozone.protocolPB.OzoneManagerProtocolServerSideTranslatorPB.submitRequest(OzoneManagerProtocolServerSideTranslatorPB.java:147) [ozone-manager-1.4.0-SNAPSHOT.jar:?]
	at org.apache.hadoop.ozone.protocol.proto.OzoneManagerProtocolProtos$OzoneManagerService$2.callBlockingMethod(OzoneManagerProtocolProtos.java) [ozone-interface-client-1.4.0-SNAPSHOT.jar:?]
	at org.apache.hadoop.ipc.ProtobufRpcEngine$Server.processCall(ProtobufRpcEngine.java:465) [hadoop-common-3.3.4.jar:?]
	at org.apache.hadoop.ipc.ProtobufRpcEngine2$Server$ProtoBufRpcInvoker.call(ProtobufRpcEngine2.java:578) [hadoop-common-3.3.4.jar:?]
	at org.apache.hadoop.ipc.ProtobufRpcEngine2$Server$ProtoBufRpcInvoker.call(ProtobufRpcEngine2.java:556) [hadoop-common-3.3.4.jar:?]
	at org.apache.hadoop.ipc.RPC$Server.call(RPC.java:1093) [hadoop-common-3.3.4.jar:?]
	at org.apache.hadoop.ipc.Server$RpcCall.run(Server.java:1043) [hadoop-common-3.3.4.jar:?]
	at org.apache.hadoop.ipc.Server$RpcCall.run(Server.java:971) [hadoop-common-3.3.4.jar:?]
	at java.security.AccessController.doPrivileged(Native Method) ~[?:1.8.0_352]
	at javax.security.auth.Subject.doAs(Subject.java:422) [?:1.8.0_352]
	at org.apache.hadoop.security.UserGroupInformation.doAs(UserGroupInformation.java:1878) [hadoop-common-3.3.4.jar:?]
	at org.apache.hadoop.ipc.Server$Handler.run(Server.java:2976) [hadoop-common-3.3.4.jar:?]
10:06:28.839 [IPC Server handler 17 on default port 41175] ERROR OMAudit - user=runner | ip=127.0.0.1 | op=GET_FILE_STATUS {volume=volume17571, bucket=bucket85979, key=user/runner/dir1/dir2, dataSize=0, replicationConfig=null} | ret=FAILURE
org.apache.hadoop.ozone.om.exceptions.OMException: Unable to get file status: volume: volume17571 bucket: bucket85979 key: user/runner/dir1/dir2
	at org.apache.hadoop.ozone.om.KeyManagerImpl.getOzoneFileStatus(KeyManagerImpl.java:1301) ~[ozone-manager-1.4.0-SNAPSHOT.jar:?]
	at org.apache.hadoop.ozone.om.KeyManagerImpl.getFileStatus(KeyManagerImpl.java:1219) ~[ozone-manager-1.4.0-SNAPSHOT.jar:?]
	at org.apache.hadoop.ozone.om.OzoneManager.getFileStatus(OzoneManager.java:3578) ~[ozone-manager-1.4.0-SNAPSHOT.jar:?]
	at org.apache.hadoop.ozone.protocolPB.OzoneManagerRequestHandler.getOzoneFileStatus(OzoneManagerRequestHandler.java:907) ~[ozone-manager-1.4.0-SNAPSHOT.jar:?]
	at org.apache.hadoop.ozone.protocolPB.OzoneManagerRequestHandler.handleReadRequest(OzoneManagerRequestHandler.java:231) ~[ozone-manager-1.4.0-SNAPSHOT.jar:?]
	at org.apache.hadoop.ozone.protocolPB.OzoneManagerProtocolServerSideTranslatorPB.submitReadRequestToOM(OzoneManagerProtocolServerSideTranslatorPB.java:226) ~[ozone-manager-1.4.0-SNAPSHOT.jar:?]
	at org.apache.hadoop.ozone.protocolPB.OzoneManagerProtocolServerSideTranslatorPB.processRequest(OzoneManagerProtocolServerSideTranslatorPB.java:175) ~[ozone-manager-1.4.0-SNAPSHOT.jar:?]
	at org.apache.hadoop.hdds.server.OzoneProtocolMessageDispatcher.processRequest(OzoneProtocolMessageDispatcher.java:87) [hdds-server-framework-1.4.0-SNAPSHOT.jar:?]
	at org.apache.hadoop.ozone.protocolPB.OzoneManagerProtocolServerSideTranslatorPB.submitRequest(OzoneManagerProtocolServerSideTranslatorPB.java:147) [ozone-manager-1.4.0-SNAPSHOT.jar:?]
	at org.apache.hadoop.ozone.protocol.proto.OzoneManagerProtocolProtos$OzoneManagerService$2.callBlockingMethod(OzoneManagerProtocolProtos.java) [ozone-interface-client-1.4.0-SNAPSHOT.jar:?]
	at org.apache.hadoop.ipc.ProtobufRpcEngine$Server.processCall(ProtobufRpcEngine.java:465) [hadoop-common-3.3.4.jar:?]
	at org.apache.hadoop.ipc.ProtobufRpcEngine2$Server$ProtoBufRpcInvoker.call(ProtobufRpcEngine2.java:578) [hadoop-common-3.3.4.jar:?]
	at org.apache.hadoop.ipc.ProtobufRpcEngine2$Server$ProtoBufRpcInvoker.call(ProtobufRpcEngine2.java:556) [hadoop-common-3.3.4.jar:?]
	at org.apache.hadoop.ipc.RPC$Server.call(RPC.java:1093) [hadoop-common-3.3.4.jar:?]
	at org.apache.hadoop.ipc.Server$RpcCall.run(Server.java:1043) [hadoop-common-3.3.4.jar:?]
	at org.apache.hadoop.ipc.Server$RpcCall.run(Server.java:971) [hadoop-common-3.3.4.jar:?]
	at java.security.AccessController.doPrivileged(Native Method) ~[?:1.8.0_352]
	at javax.security.auth.Subject.doAs(Subject.java:422) [?:1.8.0_352]
	at org.apache.hadoop.security.UserGroupInformation.doAs(UserGroupInformation.java:1878) [hadoop-common-3.3.4.jar:?]
	at org.apache.hadoop.ipc.Server$Handler.run(Server.java:2976) [hadoop-common-3.3.4.jar:?]
]]></system-out>
  </testcase>
  <testcase name="testRenameContainDelimiterFile" classname="TestOzoneFileSystem" time="0.017">
    <system-out><![CDATA[2023-01-03 10:07:28,058 [IPC Server handler 19 on default port 46801] INFO  key.OMKeyRequest (OMKeyRequest.java:wrapUncommittedBlocksAsPseudoKey(835)) - Detect allocated but uncommitted blocks [{blockID={containerID=6, localID=111677748019200038}, length=4194304, offset=0, token=null, pipeline=null, createVersion=0, partNumber=0}] in key dir1/dir2/key1.
10:07:28.060 [IPC Server handler 1 on default port 46801] ERROR OMAudit - user=runner | ip=127.0.0.1 | op=GET_FILE_STATUS {volume=volume72509, bucket=bucket24043, key=dir1/dir2/key2, dataSize=0, replicationConfig=null} | ret=FAILURE
org.apache.hadoop.ozone.om.exceptions.OMException: Unable to get file status: volume: volume72509 bucket: bucket24043 key: dir1/dir2/key2
	at org.apache.hadoop.ozone.om.KeyManagerImpl.getOzoneFileStatus(KeyManagerImpl.java:1301) ~[ozone-manager-1.4.0-SNAPSHOT.jar:?]
	at org.apache.hadoop.ozone.om.KeyManagerImpl.getFileStatus(KeyManagerImpl.java:1219) ~[ozone-manager-1.4.0-SNAPSHOT.jar:?]
	at org.apache.hadoop.ozone.om.OzoneManager.getFileStatus(OzoneManager.java:3578) ~[ozone-manager-1.4.0-SNAPSHOT.jar:?]
	at org.apache.hadoop.ozone.protocolPB.OzoneManagerRequestHandler.getOzoneFileStatus(OzoneManagerRequestHandler.java:907) ~[ozone-manager-1.4.0-SNAPSHOT.jar:?]
	at org.apache.hadoop.ozone.protocolPB.OzoneManagerRequestHandler.handleReadRequest(OzoneManagerRequestHandler.java:231) ~[ozone-manager-1.4.0-SNAPSHOT.jar:?]
	at org.apache.hadoop.ozone.protocolPB.OzoneManagerProtocolServerSideTranslatorPB.submitRequestDirectlyToOM(OzoneManagerProtocolServerSideTranslatorPB.java:276) ~[ozone-manager-1.4.0-SNAPSHOT.jar:?]
	at org.apache.hadoop.ozone.protocolPB.OzoneManagerProtocolServerSideTranslatorPB.processRequest(OzoneManagerProtocolServerSideTranslatorPB.java:205) ~[ozone-manager-1.4.0-SNAPSHOT.jar:?]
	at org.apache.hadoop.hdds.server.OzoneProtocolMessageDispatcher.processRequest(OzoneProtocolMessageDispatcher.java:87) [hdds-server-framework-1.4.0-SNAPSHOT.jar:?]
	at org.apache.hadoop.ozone.protocolPB.OzoneManagerProtocolServerSideTranslatorPB.submitRequest(OzoneManagerProtocolServerSideTranslatorPB.java:147) [ozone-manager-1.4.0-SNAPSHOT.jar:?]
	at org.apache.hadoop.ozone.protocol.proto.OzoneManagerProtocolProtos$OzoneManagerService$2.callBlockingMethod(OzoneManagerProtocolProtos.java) [ozone-interface-client-1.4.0-SNAPSHOT.jar:?]
	at org.apache.hadoop.ipc.ProtobufRpcEngine$Server.processCall(ProtobufRpcEngine.java:465) [hadoop-common-3.3.4.jar:?]
	at org.apache.hadoop.ipc.ProtobufRpcEngine2$Server$ProtoBufRpcInvoker.call(ProtobufRpcEngine2.java:578) [hadoop-common-3.3.4.jar:?]
	at org.apache.hadoop.ipc.ProtobufRpcEngine2$Server$ProtoBufRpcInvoker.call(ProtobufRpcEngine2.java:556) [hadoop-common-3.3.4.jar:?]
	at org.apache.hadoop.ipc.RPC$Server.call(RPC.java:1093) [hadoop-common-3.3.4.jar:?]
	at org.apache.hadoop.ipc.Server$RpcCall.run(Server.java:1043) [hadoop-common-3.3.4.jar:?]
	at org.apache.hadoop.ipc.Server$RpcCall.run(Server.java:971) [hadoop-common-3.3.4.jar:?]
	at java.security.AccessController.doPrivileged(Native Method) ~[?:1.8.0_352]
	at javax.security.auth.Subject.doAs(Subject.java:422) [?:1.8.0_352]
	at org.apache.hadoop.security.UserGroupInformation.doAs(UserGroupInformation.java:1878) [hadoop-common-3.3.4.jar:?]
	at org.apache.hadoop.ipc.Server$Handler.run(Server.java:2976) [hadoop-common-3.3.4.jar:?]
10:07:28.063 [IPC Server handler 7 on default port 46801] ERROR OMAudit - user=runner | ip=127.0.0.1 | op=GET_FILE_STATUS {volume=volume72509, bucket=bucket24043, key=dir1/dir2/key1, dataSize=0, replicationConfig=null} | ret=FAILURE
org.apache.hadoop.ozone.om.exceptions.OMException: Unable to get file status: volume: volume72509 bucket: bucket24043 key: dir1/dir2/key1
	at org.apache.hadoop.ozone.om.KeyManagerImpl.getOzoneFileStatus(KeyManagerImpl.java:1301) ~[ozone-manager-1.4.0-SNAPSHOT.jar:?]
	at org.apache.hadoop.ozone.om.KeyManagerImpl.getFileStatus(KeyManagerImpl.java:1219) ~[ozone-manager-1.4.0-SNAPSHOT.jar:?]
	at org.apache.hadoop.ozone.om.OzoneManager.getFileStatus(OzoneManager.java:3578) ~[ozone-manager-1.4.0-SNAPSHOT.jar:?]
	at org.apache.hadoop.ozone.protocolPB.OzoneManagerRequestHandler.getOzoneFileStatus(OzoneManagerRequestHandler.java:907) ~[ozone-manager-1.4.0-SNAPSHOT.jar:?]
	at org.apache.hadoop.ozone.protocolPB.OzoneManagerRequestHandler.handleReadRequest(OzoneManagerRequestHandler.java:231) ~[ozone-manager-1.4.0-SNAPSHOT.jar:?]
	at org.apache.hadoop.ozone.protocolPB.OzoneManagerProtocolServerSideTranslatorPB.submitRequestDirectlyToOM(OzoneManagerProtocolServerSideTranslatorPB.java:276) ~[ozone-manager-1.4.0-SNAPSHOT.jar:?]
	at org.apache.hadoop.ozone.protocolPB.OzoneManagerProtocolServerSideTranslatorPB.processRequest(OzoneManagerProtocolServerSideTranslatorPB.java:205) ~[ozone-manager-1.4.0-SNAPSHOT.jar:?]
	at org.apache.hadoop.hdds.server.OzoneProtocolMessageDispatcher.processRequest(OzoneProtocolMessageDispatcher.java:87) [hdds-server-framework-1.4.0-SNAPSHOT.jar:?]
	at org.apache.hadoop.ozone.protocolPB.OzoneManagerProtocolServerSideTranslatorPB.submitRequest(OzoneManagerProtocolServerSideTranslatorPB.java:147) [ozone-manager-1.4.0-SNAPSHOT.jar:?]
	at org.apache.hadoop.ozone.protocol.proto.OzoneManagerProtocolProtos$OzoneManagerService$2.callBlockingMethod(OzoneManagerProtocolProtos.java) [ozone-interface-client-1.4.0-SNAPSHOT.jar:?]
	at org.apache.hadoop.ipc.ProtobufRpcEngine$Server.processCall(ProtobufRpcEngine.java:465) [hadoop-common-3.3.4.jar:?]
	at org.apache.hadoop.ipc.ProtobufRpcEngine2$Server$ProtoBufRpcInvoker.call(ProtobufRpcEngine2.java:578) [hadoop-common-3.3.4.jar:?]
	at org.apache.hadoop.ipc.ProtobufRpcEngine2$Server$ProtoBufRpcInvoker.call(ProtobufRpcEngine2.java:556) [hadoop-common-3.3.4.jar:?]
	at org.apache.hadoop.ipc.RPC$Server.call(RPC.java:1093) [hadoop-common-3.3.4.jar:?]
	at org.apache.hadoop.ipc.Server$RpcCall.run(Server.java:1043) [hadoop-common-3.3.4.jar:?]
	at org.apache.hadoop.ipc.Server$RpcCall.run(Server.java:971) [hadoop-common-3.3.4.jar:?]
	at java.security.AccessController.doPrivileged(Native Method) ~[?:1.8.0_352]
	at javax.security.auth.Subject.doAs(Subject.java:422) [?:1.8.0_352]
	at org.apache.hadoop.security.UserGroupInformation.doAs(UserGroupInformation.java:1878) [hadoop-common-3.3.4.jar:?]
	at org.apache.hadoop.ipc.Server$Handler.run(Server.java:2976) [hadoop-common-3.3.4.jar:?]
10:07:28.064 [IPC Server handler 9 on default port 46801] ERROR OMAudit - user=runner | ip=127.0.0.1 | op=GET_FILE_STATUS {volume=volume72509, bucket=bucket24043, key=user/runner/dir1, dataSize=0, replicationConfig=null} | ret=FAILURE
org.apache.hadoop.ozone.om.exceptions.OMException: Unable to get file status: volume: volume72509 bucket: bucket24043 key: user/runner/dir1
	at org.apache.hadoop.ozone.om.KeyManagerImpl.getOzoneFileStatus(KeyManagerImpl.java:1301) ~[ozone-manager-1.4.0-SNAPSHOT.jar:?]
	at org.apache.hadoop.ozone.om.KeyManagerImpl.getFileStatus(KeyManagerImpl.java:1219) ~[ozone-manager-1.4.0-SNAPSHOT.jar:?]
	at org.apache.hadoop.ozone.om.OzoneManager.getFileStatus(OzoneManager.java:3578) ~[ozone-manager-1.4.0-SNAPSHOT.jar:?]
	at org.apache.hadoop.ozone.protocolPB.OzoneManagerRequestHandler.getOzoneFileStatus(OzoneManagerRequestHandler.java:907) ~[ozone-manager-1.4.0-SNAPSHOT.jar:?]
	at org.apache.hadoop.ozone.protocolPB.OzoneManagerRequestHandler.handleReadRequest(OzoneManagerRequestHandler.java:231) ~[ozone-manager-1.4.0-SNAPSHOT.jar:?]
	at org.apache.hadoop.ozone.protocolPB.OzoneManagerProtocolServerSideTranslatorPB.submitRequestDirectlyToOM(OzoneManagerProtocolServerSideTranslatorPB.java:276) ~[ozone-manager-1.4.0-SNAPSHOT.jar:?]
	at org.apache.hadoop.ozone.protocolPB.OzoneManagerProtocolServerSideTranslatorPB.processRequest(OzoneManagerProtocolServerSideTranslatorPB.java:205) ~[ozone-manager-1.4.0-SNAPSHOT.jar:?]
	at org.apache.hadoop.hdds.server.OzoneProtocolMessageDispatcher.processRequest(OzoneProtocolMessageDispatcher.java:87) [hdds-server-framework-1.4.0-SNAPSHOT.jar:?]
	at org.apache.hadoop.ozone.protocolPB.OzoneManagerProtocolServerSideTranslatorPB.submitRequest(OzoneManagerProtocolServerSideTranslatorPB.java:147) [ozone-manager-1.4.0-SNAPSHOT.jar:?]
	at org.apache.hadoop.ozone.protocol.proto.OzoneManagerProtocolProtos$OzoneManagerService$2.callBlockingMethod(OzoneManagerProtocolProtos.java) [ozone-interface-client-1.4.0-SNAPSHOT.jar:?]
	at org.apache.hadoop.ipc.ProtobufRpcEngine$Server.processCall(ProtobufRpcEngine.java:465) [hadoop-common-3.3.4.jar:?]
	at org.apache.hadoop.ipc.ProtobufRpcEngine2$Server$ProtoBufRpcInvoker.call(ProtobufRpcEngine2.java:578) [hadoop-common-3.3.4.jar:?]
	at org.apache.hadoop.ipc.ProtobufRpcEngine2$Server$ProtoBufRpcInvoker.call(ProtobufRpcEngine2.java:556) [hadoop-common-3.3.4.jar:?]
	at org.apache.hadoop.ipc.RPC$Server.call(RPC.java:1093) [hadoop-common-3.3.4.jar:?]
	at org.apache.hadoop.ipc.Server$RpcCall.run(Server.java:1043) [hadoop-common-3.3.4.jar:?]
	at org.apache.hadoop.ipc.Server$RpcCall.run(Server.java:971) [hadoop-common-3.3.4.jar:?]
	at java.security.AccessController.doPrivileged(Native Method) ~[?:1.8.0_352]
	at javax.security.auth.Subject.doAs(Subject.java:422) [?:1.8.0_352]
	at org.apache.hadoop.security.UserGroupInformation.doAs(UserGroupInformation.java:1878) [hadoop-common-3.3.4.jar:?]
	at org.apache.hadoop.ipc.Server$Handler.run(Server.java:2976) [hadoop-common-3.3.4.jar:?]
10:07:28.065 [IPC Server handler 10 on default port 46801] ERROR OMAudit - user=runner | ip=127.0.0.1 | op=GET_FILE_STATUS {volume=volume72509, bucket=bucket24043, key=user/runner/dir1/dir2, dataSize=0, replicationConfig=null} | ret=FAILURE
org.apache.hadoop.ozone.om.exceptions.OMException: Unable to get file status: volume: volume72509 bucket: bucket24043 key: user/runner/dir1/dir2
	at org.apache.hadoop.ozone.om.KeyManagerImpl.getOzoneFileStatus(KeyManagerImpl.java:1301) ~[ozone-manager-1.4.0-SNAPSHOT.jar:?]
	at org.apache.hadoop.ozone.om.KeyManagerImpl.getFileStatus(KeyManagerImpl.java:1219) ~[ozone-manager-1.4.0-SNAPSHOT.jar:?]
	at org.apache.hadoop.ozone.om.OzoneManager.getFileStatus(OzoneManager.java:3578) ~[ozone-manager-1.4.0-SNAPSHOT.jar:?]
	at org.apache.hadoop.ozone.protocolPB.OzoneManagerRequestHandler.getOzoneFileStatus(OzoneManagerRequestHandler.java:907) ~[ozone-manager-1.4.0-SNAPSHOT.jar:?]
	at org.apache.hadoop.ozone.protocolPB.OzoneManagerRequestHandler.handleReadRequest(OzoneManagerRequestHandler.java:231) ~[ozone-manager-1.4.0-SNAPSHOT.jar:?]
	at org.apache.hadoop.ozone.protocolPB.OzoneManagerProtocolServerSideTranslatorPB.submitRequestDirectlyToOM(OzoneManagerProtocolServerSideTranslatorPB.java:276) ~[ozone-manager-1.4.0-SNAPSHOT.jar:?]
	at org.apache.hadoop.ozone.protocolPB.OzoneManagerProtocolServerSideTranslatorPB.processRequest(OzoneManagerProtocolServerSideTranslatorPB.java:205) ~[ozone-manager-1.4.0-SNAPSHOT.jar:?]
	at org.apache.hadoop.hdds.server.OzoneProtocolMessageDispatcher.processRequest(OzoneProtocolMessageDispatcher.java:87) [hdds-server-framework-1.4.0-SNAPSHOT.jar:?]
	at org.apache.hadoop.ozone.protocolPB.OzoneManagerProtocolServerSideTranslatorPB.submitRequest(OzoneManagerProtocolServerSideTranslatorPB.java:147) [ozone-manager-1.4.0-SNAPSHOT.jar:?]
	at org.apache.hadoop.ozone.protocol.proto.OzoneManagerProtocolProtos$OzoneManagerService$2.callBlockingMethod(OzoneManagerProtocolProtos.java) [ozone-interface-client-1.4.0-SNAPSHOT.jar:?]
	at org.apache.hadoop.ipc.ProtobufRpcEngine$Server.processCall(ProtobufRpcEngine.java:465) [hadoop-common-3.3.4.jar:?]
	at org.apache.hadoop.ipc.ProtobufRpcEngine2$Server$ProtoBufRpcInvoker.call(ProtobufRpcEngine2.java:578) [hadoop-common-3.3.4.jar:?]
	at org.apache.hadoop.ipc.ProtobufRpcEngine2$Server$ProtoBufRpcInvoker.call(ProtobufRpcEngine2.java:556) [hadoop-common-3.3.4.jar:?]
	at org.apache.hadoop.ipc.RPC$Server.call(RPC.java:1093) [hadoop-common-3.3.4.jar:?]
	at org.apache.hadoop.ipc.Server$RpcCall.run(Server.java:1043) [hadoop-common-3.3.4.jar:?]
	at org.apache.hadoop.ipc.Server$RpcCall.run(Server.java:971) [hadoop-common-3.3.4.jar:?]
	at java.security.AccessController.doPrivileged(Native Method) ~[?:1.8.0_352]
	at javax.security.auth.Subject.doAs(Subject.java:422) [?:1.8.0_352]
	at org.apache.hadoop.security.UserGroupInformation.doAs(UserGroupInformation.java:1878) [hadoop-common-3.3.4.jar:?]
	at org.apache.hadoop.ipc.Server$Handler.run(Server.java:2976) [hadoop-common-3.3.4.jar:?]
2023-01-03 10:07:28,066 [EventQueue-CommandQueueReportForCommandQueueReportHandler] WARN  events.EventQueue (EventQueue.java:fireEvent(216)) - No event handler registered for event TypedEvent{payloadType=DatanodeDetails, name='Datanode_Command_Queue_Updated'}
]]></system-out>
  </testcase>
  <testcase name="testRenameContainDelimiterFile" classname="TestOzoneFileSystem" time="0.013">
    <system-out><![CDATA[2023-01-03 10:08:17,177 [OM StateMachine ApplyTransaction Thread - 0] INFO  key.OMKeyRequest (OMKeyRequest.java:wrapUncommittedBlocksAsPseudoKey(835)) - Detect allocated but uncommitted blocks [{blockID={containerID=6, localID=111677748019200038}, length=4194304, offset=0, token=null, pipeline=null, createVersion=0, partNumber=0}] in key dir1/dir2/key1.
10:08:17.178 [IPC Server handler 3 on default port 46431] ERROR OMAudit - user=runner | ip=127.0.0.1 | op=GET_FILE_STATUS {volume=volume30750, bucket=bucket79142, key=dir1/dir2/key2, dataSize=0, replicationConfig=null} | ret=FAILURE
org.apache.hadoop.ozone.om.exceptions.OMException: Unable to get file status: volume: volume30750 bucket: bucket79142 key: dir1/dir2/key2
	at org.apache.hadoop.ozone.om.KeyManagerImpl.getOzoneFileStatus(KeyManagerImpl.java:1301) ~[ozone-manager-1.4.0-SNAPSHOT.jar:?]
	at org.apache.hadoop.ozone.om.KeyManagerImpl.getFileStatus(KeyManagerImpl.java:1219) ~[ozone-manager-1.4.0-SNAPSHOT.jar:?]
	at org.apache.hadoop.ozone.om.OzoneManager.getFileStatus(OzoneManager.java:3578) ~[ozone-manager-1.4.0-SNAPSHOT.jar:?]
	at org.apache.hadoop.ozone.protocolPB.OzoneManagerRequestHandler.getOzoneFileStatus(OzoneManagerRequestHandler.java:907) ~[ozone-manager-1.4.0-SNAPSHOT.jar:?]
	at org.apache.hadoop.ozone.protocolPB.OzoneManagerRequestHandler.handleReadRequest(OzoneManagerRequestHandler.java:231) ~[ozone-manager-1.4.0-SNAPSHOT.jar:?]
	at org.apache.hadoop.ozone.protocolPB.OzoneManagerProtocolServerSideTranslatorPB.submitReadRequestToOM(OzoneManagerProtocolServerSideTranslatorPB.java:226) ~[ozone-manager-1.4.0-SNAPSHOT.jar:?]
	at org.apache.hadoop.ozone.protocolPB.OzoneManagerProtocolServerSideTranslatorPB.processRequest(OzoneManagerProtocolServerSideTranslatorPB.java:175) ~[ozone-manager-1.4.0-SNAPSHOT.jar:?]
	at org.apache.hadoop.hdds.server.OzoneProtocolMessageDispatcher.processRequest(OzoneProtocolMessageDispatcher.java:87) [hdds-server-framework-1.4.0-SNAPSHOT.jar:?]
	at org.apache.hadoop.ozone.protocolPB.OzoneManagerProtocolServerSideTranslatorPB.submitRequest(OzoneManagerProtocolServerSideTranslatorPB.java:147) [ozone-manager-1.4.0-SNAPSHOT.jar:?]
	at org.apache.hadoop.ozone.protocol.proto.OzoneManagerProtocolProtos$OzoneManagerService$2.callBlockingMethod(OzoneManagerProtocolProtos.java) [ozone-interface-client-1.4.0-SNAPSHOT.jar:?]
	at org.apache.hadoop.ipc.ProtobufRpcEngine$Server.processCall(ProtobufRpcEngine.java:465) [hadoop-common-3.3.4.jar:?]
	at org.apache.hadoop.ipc.ProtobufRpcEngine2$Server$ProtoBufRpcInvoker.call(ProtobufRpcEngine2.java:578) [hadoop-common-3.3.4.jar:?]
	at org.apache.hadoop.ipc.ProtobufRpcEngine2$Server$ProtoBufRpcInvoker.call(ProtobufRpcEngine2.java:556) [hadoop-common-3.3.4.jar:?]
	at org.apache.hadoop.ipc.RPC$Server.call(RPC.java:1093) [hadoop-common-3.3.4.jar:?]
	at org.apache.hadoop.ipc.Server$RpcCall.run(Server.java:1043) [hadoop-common-3.3.4.jar:?]
	at org.apache.hadoop.ipc.Server$RpcCall.run(Server.java:971) [hadoop-common-3.3.4.jar:?]
	at java.security.AccessController.doPrivileged(Native Method) ~[?:1.8.0_352]
	at javax.security.auth.Subject.doAs(Subject.java:422) [?:1.8.0_352]
	at org.apache.hadoop.security.UserGroupInformation.doAs(UserGroupInformation.java:1878) [hadoop-common-3.3.4.jar:?]
	at org.apache.hadoop.ipc.Server$Handler.run(Server.java:2976) [hadoop-common-3.3.4.jar:?]
10:08:17.181 [IPC Server handler 7 on default port 46431] ERROR OMAudit - user=runner | ip=127.0.0.1 | op=GET_FILE_STATUS {volume=volume30750, bucket=bucket79142, key=dir1/dir2/key1, dataSize=0, replicationConfig=null} | ret=FAILURE
org.apache.hadoop.ozone.om.exceptions.OMException: Unable to get file status: volume: volume30750 bucket: bucket79142 key: dir1/dir2/key1
	at org.apache.hadoop.ozone.om.KeyManagerImpl.getOzoneFileStatus(KeyManagerImpl.java:1301) ~[ozone-manager-1.4.0-SNAPSHOT.jar:?]
	at org.apache.hadoop.ozone.om.KeyManagerImpl.getFileStatus(KeyManagerImpl.java:1219) ~[ozone-manager-1.4.0-SNAPSHOT.jar:?]
	at org.apache.hadoop.ozone.om.OzoneManager.getFileStatus(OzoneManager.java:3578) ~[ozone-manager-1.4.0-SNAPSHOT.jar:?]
	at org.apache.hadoop.ozone.protocolPB.OzoneManagerRequestHandler.getOzoneFileStatus(OzoneManagerRequestHandler.java:907) ~[ozone-manager-1.4.0-SNAPSHOT.jar:?]
	at org.apache.hadoop.ozone.protocolPB.OzoneManagerRequestHandler.handleReadRequest(OzoneManagerRequestHandler.java:231) ~[ozone-manager-1.4.0-SNAPSHOT.jar:?]
	at org.apache.hadoop.ozone.protocolPB.OzoneManagerProtocolServerSideTranslatorPB.submitReadRequestToOM(OzoneManagerProtocolServerSideTranslatorPB.java:226) ~[ozone-manager-1.4.0-SNAPSHOT.jar:?]
	at org.apache.hadoop.ozone.protocolPB.OzoneManagerProtocolServerSideTranslatorPB.processRequest(OzoneManagerProtocolServerSideTranslatorPB.java:175) ~[ozone-manager-1.4.0-SNAPSHOT.jar:?]
	at org.apache.hadoop.hdds.server.OzoneProtocolMessageDispatcher.processRequest(OzoneProtocolMessageDispatcher.java:87) [hdds-server-framework-1.4.0-SNAPSHOT.jar:?]
	at org.apache.hadoop.ozone.protocolPB.OzoneManagerProtocolServerSideTranslatorPB.submitRequest(OzoneManagerProtocolServerSideTranslatorPB.java:147) [ozone-manager-1.4.0-SNAPSHOT.jar:?]
	at org.apache.hadoop.ozone.protocol.proto.OzoneManagerProtocolProtos$OzoneManagerService$2.callBlockingMethod(OzoneManagerProtocolProtos.java) [ozone-interface-client-1.4.0-SNAPSHOT.jar:?]
	at org.apache.hadoop.ipc.ProtobufRpcEngine$Server.processCall(ProtobufRpcEngine.java:465) [hadoop-common-3.3.4.jar:?]
	at org.apache.hadoop.ipc.ProtobufRpcEngine2$Server$ProtoBufRpcInvoker.call(ProtobufRpcEngine2.java:578) [hadoop-common-3.3.4.jar:?]
	at org.apache.hadoop.ipc.ProtobufRpcEngine2$Server$ProtoBufRpcInvoker.call(ProtobufRpcEngine2.java:556) [hadoop-common-3.3.4.jar:?]
	at org.apache.hadoop.ipc.RPC$Server.call(RPC.java:1093) [hadoop-common-3.3.4.jar:?]
	at org.apache.hadoop.ipc.Server$RpcCall.run(Server.java:1043) [hadoop-common-3.3.4.jar:?]
	at org.apache.hadoop.ipc.Server$RpcCall.run(Server.java:971) [hadoop-common-3.3.4.jar:?]
	at java.security.AccessController.doPrivileged(Native Method) ~[?:1.8.0_352]
	at javax.security.auth.Subject.doAs(Subject.java:422) [?:1.8.0_352]
	at org.apache.hadoop.security.UserGroupInformation.doAs(UserGroupInformation.java:1878) [hadoop-common-3.3.4.jar:?]
	at org.apache.hadoop.ipc.Server$Handler.run(Server.java:2976) [hadoop-common-3.3.4.jar:?]
10:08:17.181 [IPC Server handler 9 on default port 46431] ERROR OMAudit - user=runner | ip=127.0.0.1 | op=GET_FILE_STATUS {volume=volume30750, bucket=bucket79142, key=user/runner/dir1, dataSize=0, replicationConfig=null} | ret=FAILURE
org.apache.hadoop.ozone.om.exceptions.OMException: Unable to get file status: volume: volume30750 bucket: bucket79142 key: user/runner/dir1
	at org.apache.hadoop.ozone.om.KeyManagerImpl.getOzoneFileStatus(KeyManagerImpl.java:1301) ~[ozone-manager-1.4.0-SNAPSHOT.jar:?]
	at org.apache.hadoop.ozone.om.KeyManagerImpl.getFileStatus(KeyManagerImpl.java:1219) ~[ozone-manager-1.4.0-SNAPSHOT.jar:?]
	at org.apache.hadoop.ozone.om.OzoneManager.getFileStatus(OzoneManager.java:3578) ~[ozone-manager-1.4.0-SNAPSHOT.jar:?]
	at org.apache.hadoop.ozone.protocolPB.OzoneManagerRequestHandler.getOzoneFileStatus(OzoneManagerRequestHandler.java:907) ~[ozone-manager-1.4.0-SNAPSHOT.jar:?]
	at org.apache.hadoop.ozone.protocolPB.OzoneManagerRequestHandler.handleReadRequest(OzoneManagerRequestHandler.java:231) ~[ozone-manager-1.4.0-SNAPSHOT.jar:?]
	at org.apache.hadoop.ozone.protocolPB.OzoneManagerProtocolServerSideTranslatorPB.submitReadRequestToOM(OzoneManagerProtocolServerSideTranslatorPB.java:226) ~[ozone-manager-1.4.0-SNAPSHOT.jar:?]
	at org.apache.hadoop.ozone.protocolPB.OzoneManagerProtocolServerSideTranslatorPB.processRequest(OzoneManagerProtocolServerSideTranslatorPB.java:175) ~[ozone-manager-1.4.0-SNAPSHOT.jar:?]
	at org.apache.hadoop.hdds.server.OzoneProtocolMessageDispatcher.processRequest(OzoneProtocolMessageDispatcher.java:87) [hdds-server-framework-1.4.0-SNAPSHOT.jar:?]
	at org.apache.hadoop.ozone.protocolPB.OzoneManagerProtocolServerSideTranslatorPB.submitRequest(OzoneManagerProtocolServerSideTranslatorPB.java:147) [ozone-manager-1.4.0-SNAPSHOT.jar:?]
	at org.apache.hadoop.ozone.protocol.proto.OzoneManagerProtocolProtos$OzoneManagerService$2.callBlockingMethod(OzoneManagerProtocolProtos.java) [ozone-interface-client-1.4.0-SNAPSHOT.jar:?]
	at org.apache.hadoop.ipc.ProtobufRpcEngine$Server.processCall(ProtobufRpcEngine.java:465) [hadoop-common-3.3.4.jar:?]
	at org.apache.hadoop.ipc.ProtobufRpcEngine2$Server$ProtoBufRpcInvoker.call(ProtobufRpcEngine2.java:578) [hadoop-common-3.3.4.jar:?]
	at org.apache.hadoop.ipc.ProtobufRpcEngine2$Server$ProtoBufRpcInvoker.call(ProtobufRpcEngine2.java:556) [hadoop-common-3.3.4.jar:?]
	at org.apache.hadoop.ipc.RPC$Server.call(RPC.java:1093) [hadoop-common-3.3.4.jar:?]
	at org.apache.hadoop.ipc.Server$RpcCall.run(Server.java:1043) [hadoop-common-3.3.4.jar:?]
	at org.apache.hadoop.ipc.Server$RpcCall.run(Server.java:971) [hadoop-common-3.3.4.jar:?]
	at java.security.AccessController.doPrivileged(Native Method) ~[?:1.8.0_352]
	at javax.security.auth.Subject.doAs(Subject.java:422) [?:1.8.0_352]
	at org.apache.hadoop.security.UserGroupInformation.doAs(UserGroupInformation.java:1878) [hadoop-common-3.3.4.jar:?]
	at org.apache.hadoop.ipc.Server$Handler.run(Server.java:2976) [hadoop-common-3.3.4.jar:?]
10:08:17.182 [IPC Server handler 10 on default port 46431] ERROR OMAudit - user=runner | ip=127.0.0.1 | op=GET_FILE_STATUS {volume=volume30750, bucket=bucket79142, key=user/runner/dir1/dir2, dataSize=0, replicationConfig=null} | ret=FAILURE
org.apache.hadoop.ozone.om.exceptions.OMException: Unable to get file status: volume: volume30750 bucket: bucket79142 key: user/runner/dir1/dir2
	at org.apache.hadoop.ozone.om.KeyManagerImpl.getOzoneFileStatus(KeyManagerImpl.java:1301) ~[ozone-manager-1.4.0-SNAPSHOT.jar:?]
	at org.apache.hadoop.ozone.om.KeyManagerImpl.getFileStatus(KeyManagerImpl.java:1219) ~[ozone-manager-1.4.0-SNAPSHOT.jar:?]
	at org.apache.hadoop.ozone.om.OzoneManager.getFileStatus(OzoneManager.java:3578) ~[ozone-manager-1.4.0-SNAPSHOT.jar:?]
	at org.apache.hadoop.ozone.protocolPB.OzoneManagerRequestHandler.getOzoneFileStatus(OzoneManagerRequestHandler.java:907) ~[ozone-manager-1.4.0-SNAPSHOT.jar:?]
	at org.apache.hadoop.ozone.protocolPB.OzoneManagerRequestHandler.handleReadRequest(OzoneManagerRequestHandler.java:231) ~[ozone-manager-1.4.0-SNAPSHOT.jar:?]
	at org.apache.hadoop.ozone.protocolPB.OzoneManagerProtocolServerSideTranslatorPB.submitReadRequestToOM(OzoneManagerProtocolServerSideTranslatorPB.java:226) ~[ozone-manager-1.4.0-SNAPSHOT.jar:?]
	at org.apache.hadoop.ozone.protocolPB.OzoneManagerProtocolServerSideTranslatorPB.processRequest(OzoneManagerProtocolServerSideTranslatorPB.java:175) ~[ozone-manager-1.4.0-SNAPSHOT.jar:?]
	at org.apache.hadoop.hdds.server.OzoneProtocolMessageDispatcher.processRequest(OzoneProtocolMessageDispatcher.java:87) [hdds-server-framework-1.4.0-SNAPSHOT.jar:?]
	at org.apache.hadoop.ozone.protocolPB.OzoneManagerProtocolServerSideTranslatorPB.submitRequest(OzoneManagerProtocolServerSideTranslatorPB.java:147) [ozone-manager-1.4.0-SNAPSHOT.jar:?]
	at org.apache.hadoop.ozone.protocol.proto.OzoneManagerProtocolProtos$OzoneManagerService$2.callBlockingMethod(OzoneManagerProtocolProtos.java) [ozone-interface-client-1.4.0-SNAPSHOT.jar:?]
	at org.apache.hadoop.ipc.ProtobufRpcEngine$Server.processCall(ProtobufRpcEngine.java:465) [hadoop-common-3.3.4.jar:?]
	at org.apache.hadoop.ipc.ProtobufRpcEngine2$Server$ProtoBufRpcInvoker.call(ProtobufRpcEngine2.java:578) [hadoop-common-3.3.4.jar:?]
	at org.apache.hadoop.ipc.ProtobufRpcEngine2$Server$ProtoBufRpcInvoker.call(ProtobufRpcEngine2.java:556) [hadoop-common-3.3.4.jar:?]
	at org.apache.hadoop.ipc.RPC$Server.call(RPC.java:1093) [hadoop-common-3.3.4.jar:?]
	at org.apache.hadoop.ipc.Server$RpcCall.run(Server.java:1043) [hadoop-common-3.3.4.jar:?]
	at org.apache.hadoop.ipc.Server$RpcCall.run(Server.java:971) [hadoop-common-3.3.4.jar:?]
	at java.security.AccessController.doPrivileged(Native Method) ~[?:1.8.0_352]
	at javax.security.auth.Subject.doAs(Subject.java:422) [?:1.8.0_352]
	at org.apache.hadoop.security.UserGroupInformation.doAs(UserGroupInformation.java:1878) [hadoop-common-3.3.4.jar:?]
	at org.apache.hadoop.ipc.Server$Handler.run(Server.java:2976) [hadoop-common-3.3.4.jar:?]
]]></system-out>
  </testcase>
  <testcase name="testRenameContainDelimiterFile" classname="TestOzoneFileSystem" time="0.011">
    <system-out><![CDATA[2023-01-03 10:09:11,403 [IPC Server handler 19 on default port 33423] INFO  key.OMKeyRequest (OMKeyRequest.java:wrapUncommittedBlocksAsPseudoKey(835)) - Detect allocated but uncommitted blocks [{blockID={containerID=4, localID=111677748019200038}, length=4194304, offset=0, token=null, pipeline=null, createVersion=0, partNumber=0}] in key dir1/dir2/key1.
10:09:11.404 [IPC Server handler 0 on default port 33423] ERROR OMAudit - user=runner | ip=127.0.0.1 | op=GET_FILE_STATUS {volume=volume03607, bucket=bucket70088, key=dir1/dir2/key2, dataSize=0, replicationConfig=null} | ret=FAILURE
org.apache.hadoop.ozone.om.exceptions.OMException: Unable to get file status: volume: volume03607 bucket: bucket70088 key: dir1/dir2/key2
	at org.apache.hadoop.ozone.om.KeyManagerImpl.getOzoneFileStatus(KeyManagerImpl.java:1301) ~[ozone-manager-1.4.0-SNAPSHOT.jar:?]
	at org.apache.hadoop.ozone.om.KeyManagerImpl.getFileStatus(KeyManagerImpl.java:1219) ~[ozone-manager-1.4.0-SNAPSHOT.jar:?]
	at org.apache.hadoop.ozone.om.OzoneManager.getFileStatus(OzoneManager.java:3578) ~[ozone-manager-1.4.0-SNAPSHOT.jar:?]
	at org.apache.hadoop.ozone.protocolPB.OzoneManagerRequestHandler.getOzoneFileStatus(OzoneManagerRequestHandler.java:907) ~[ozone-manager-1.4.0-SNAPSHOT.jar:?]
	at org.apache.hadoop.ozone.protocolPB.OzoneManagerRequestHandler.handleReadRequest(OzoneManagerRequestHandler.java:231) ~[ozone-manager-1.4.0-SNAPSHOT.jar:?]
	at org.apache.hadoop.ozone.protocolPB.OzoneManagerProtocolServerSideTranslatorPB.submitRequestDirectlyToOM(OzoneManagerProtocolServerSideTranslatorPB.java:276) ~[ozone-manager-1.4.0-SNAPSHOT.jar:?]
	at org.apache.hadoop.ozone.protocolPB.OzoneManagerProtocolServerSideTranslatorPB.processRequest(OzoneManagerProtocolServerSideTranslatorPB.java:205) ~[ozone-manager-1.4.0-SNAPSHOT.jar:?]
	at org.apache.hadoop.hdds.server.OzoneProtocolMessageDispatcher.processRequest(OzoneProtocolMessageDispatcher.java:87) [hdds-server-framework-1.4.0-SNAPSHOT.jar:?]
	at org.apache.hadoop.ozone.protocolPB.OzoneManagerProtocolServerSideTranslatorPB.submitRequest(OzoneManagerProtocolServerSideTranslatorPB.java:147) [ozone-manager-1.4.0-SNAPSHOT.jar:?]
	at org.apache.hadoop.ozone.protocol.proto.OzoneManagerProtocolProtos$OzoneManagerService$2.callBlockingMethod(OzoneManagerProtocolProtos.java) [ozone-interface-client-1.4.0-SNAPSHOT.jar:?]
	at org.apache.hadoop.ipc.ProtobufRpcEngine$Server.processCall(ProtobufRpcEngine.java:465) [hadoop-common-3.3.4.jar:?]
	at org.apache.hadoop.ipc.ProtobufRpcEngine2$Server$ProtoBufRpcInvoker.call(ProtobufRpcEngine2.java:578) [hadoop-common-3.3.4.jar:?]
	at org.apache.hadoop.ipc.ProtobufRpcEngine2$Server$ProtoBufRpcInvoker.call(ProtobufRpcEngine2.java:556) [hadoop-common-3.3.4.jar:?]
	at org.apache.hadoop.ipc.RPC$Server.call(RPC.java:1093) [hadoop-common-3.3.4.jar:?]
	at org.apache.hadoop.ipc.Server$RpcCall.run(Server.java:1043) [hadoop-common-3.3.4.jar:?]
	at org.apache.hadoop.ipc.Server$RpcCall.run(Server.java:971) [hadoop-common-3.3.4.jar:?]
	at java.security.AccessController.doPrivileged(Native Method) ~[?:1.8.0_352]
	at javax.security.auth.Subject.doAs(Subject.java:422) [?:1.8.0_352]
	at org.apache.hadoop.security.UserGroupInformation.doAs(UserGroupInformation.java:1878) [hadoop-common-3.3.4.jar:?]
	at org.apache.hadoop.ipc.Server$Handler.run(Server.java:2976) [hadoop-common-3.3.4.jar:?]
10:09:11.406 [IPC Server handler 7 on default port 33423] ERROR OMAudit - user=runner | ip=127.0.0.1 | op=GET_FILE_STATUS {volume=volume03607, bucket=bucket70088, key=dir1/dir2/key1, dataSize=0, replicationConfig=null} | ret=FAILURE
org.apache.hadoop.ozone.om.exceptions.OMException: Unable to get file status: volume: volume03607 bucket: bucket70088 key: dir1/dir2/key1
	at org.apache.hadoop.ozone.om.KeyManagerImpl.getOzoneFileStatus(KeyManagerImpl.java:1301) ~[ozone-manager-1.4.0-SNAPSHOT.jar:?]
	at org.apache.hadoop.ozone.om.KeyManagerImpl.getFileStatus(KeyManagerImpl.java:1219) ~[ozone-manager-1.4.0-SNAPSHOT.jar:?]
	at org.apache.hadoop.ozone.om.OzoneManager.getFileStatus(OzoneManager.java:3578) ~[ozone-manager-1.4.0-SNAPSHOT.jar:?]
	at org.apache.hadoop.ozone.protocolPB.OzoneManagerRequestHandler.getOzoneFileStatus(OzoneManagerRequestHandler.java:907) ~[ozone-manager-1.4.0-SNAPSHOT.jar:?]
	at org.apache.hadoop.ozone.protocolPB.OzoneManagerRequestHandler.handleReadRequest(OzoneManagerRequestHandler.java:231) ~[ozone-manager-1.4.0-SNAPSHOT.jar:?]
	at org.apache.hadoop.ozone.protocolPB.OzoneManagerProtocolServerSideTranslatorPB.submitRequestDirectlyToOM(OzoneManagerProtocolServerSideTranslatorPB.java:276) ~[ozone-manager-1.4.0-SNAPSHOT.jar:?]
	at org.apache.hadoop.ozone.protocolPB.OzoneManagerProtocolServerSideTranslatorPB.processRequest(OzoneManagerProtocolServerSideTranslatorPB.java:205) ~[ozone-manager-1.4.0-SNAPSHOT.jar:?]
	at org.apache.hadoop.hdds.server.OzoneProtocolMessageDispatcher.processRequest(OzoneProtocolMessageDispatcher.java:87) [hdds-server-framework-1.4.0-SNAPSHOT.jar:?]
	at org.apache.hadoop.ozone.protocolPB.OzoneManagerProtocolServerSideTranslatorPB.submitRequest(OzoneManagerProtocolServerSideTranslatorPB.java:147) [ozone-manager-1.4.0-SNAPSHOT.jar:?]
	at org.apache.hadoop.ozone.protocol.proto.OzoneManagerProtocolProtos$OzoneManagerService$2.callBlockingMethod(OzoneManagerProtocolProtos.java) [ozone-interface-client-1.4.0-SNAPSHOT.jar:?]
	at org.apache.hadoop.ipc.ProtobufRpcEngine$Server.processCall(ProtobufRpcEngine.java:465) [hadoop-common-3.3.4.jar:?]
	at org.apache.hadoop.ipc.ProtobufRpcEngine2$Server$ProtoBufRpcInvoker.call(ProtobufRpcEngine2.java:578) [hadoop-common-3.3.4.jar:?]
	at org.apache.hadoop.ipc.ProtobufRpcEngine2$Server$ProtoBufRpcInvoker.call(ProtobufRpcEngine2.java:556) [hadoop-common-3.3.4.jar:?]
	at org.apache.hadoop.ipc.RPC$Server.call(RPC.java:1093) [hadoop-common-3.3.4.jar:?]
	at org.apache.hadoop.ipc.Server$RpcCall.run(Server.java:1043) [hadoop-common-3.3.4.jar:?]
	at org.apache.hadoop.ipc.Server$RpcCall.run(Server.java:971) [hadoop-common-3.3.4.jar:?]
	at java.security.AccessController.doPrivileged(Native Method) ~[?:1.8.0_352]
	at javax.security.auth.Subject.doAs(Subject.java:422) [?:1.8.0_352]
	at org.apache.hadoop.security.UserGroupInformation.doAs(UserGroupInformation.java:1878) [hadoop-common-3.3.4.jar:?]
	at org.apache.hadoop.ipc.Server$Handler.run(Server.java:2976) [hadoop-common-3.3.4.jar:?]
10:09:11.407 [IPC Server handler 9 on default port 33423] ERROR OMAudit - user=runner | ip=127.0.0.1 | op=GET_FILE_STATUS {volume=volume03607, bucket=bucket70088, key=user/runner/dir1, dataSize=0, replicationConfig=null} | ret=FAILURE
org.apache.hadoop.ozone.om.exceptions.OMException: Unable to get file status: volume: volume03607 bucket: bucket70088 key: user/runner/dir1
	at org.apache.hadoop.ozone.om.KeyManagerImpl.getOzoneFileStatus(KeyManagerImpl.java:1301) ~[ozone-manager-1.4.0-SNAPSHOT.jar:?]
	at org.apache.hadoop.ozone.om.KeyManagerImpl.getFileStatus(KeyManagerImpl.java:1219) ~[ozone-manager-1.4.0-SNAPSHOT.jar:?]
	at org.apache.hadoop.ozone.om.OzoneManager.getFileStatus(OzoneManager.java:3578) ~[ozone-manager-1.4.0-SNAPSHOT.jar:?]
	at org.apache.hadoop.ozone.protocolPB.OzoneManagerRequestHandler.getOzoneFileStatus(OzoneManagerRequestHandler.java:907) ~[ozone-manager-1.4.0-SNAPSHOT.jar:?]
	at org.apache.hadoop.ozone.protocolPB.OzoneManagerRequestHandler.handleReadRequest(OzoneManagerRequestHandler.java:231) ~[ozone-manager-1.4.0-SNAPSHOT.jar:?]
	at org.apache.hadoop.ozone.protocolPB.OzoneManagerProtocolServerSideTranslatorPB.submitRequestDirectlyToOM(OzoneManagerProtocolServerSideTranslatorPB.java:276) ~[ozone-manager-1.4.0-SNAPSHOT.jar:?]
	at org.apache.hadoop.ozone.protocolPB.OzoneManagerProtocolServerSideTranslatorPB.processRequest(OzoneManagerProtocolServerSideTranslatorPB.java:205) ~[ozone-manager-1.4.0-SNAPSHOT.jar:?]
	at org.apache.hadoop.hdds.server.OzoneProtocolMessageDispatcher.processRequest(OzoneProtocolMessageDispatcher.java:87) [hdds-server-framework-1.4.0-SNAPSHOT.jar:?]
	at org.apache.hadoop.ozone.protocolPB.OzoneManagerProtocolServerSideTranslatorPB.submitRequest(OzoneManagerProtocolServerSideTranslatorPB.java:147) [ozone-manager-1.4.0-SNAPSHOT.jar:?]
	at org.apache.hadoop.ozone.protocol.proto.OzoneManagerProtocolProtos$OzoneManagerService$2.callBlockingMethod(OzoneManagerProtocolProtos.java) [ozone-interface-client-1.4.0-SNAPSHOT.jar:?]
	at org.apache.hadoop.ipc.ProtobufRpcEngine$Server.processCall(ProtobufRpcEngine.java:465) [hadoop-common-3.3.4.jar:?]
	at org.apache.hadoop.ipc.ProtobufRpcEngine2$Server$ProtoBufRpcInvoker.call(ProtobufRpcEngine2.java:578) [hadoop-common-3.3.4.jar:?]
	at org.apache.hadoop.ipc.ProtobufRpcEngine2$Server$ProtoBufRpcInvoker.call(ProtobufRpcEngine2.java:556) [hadoop-common-3.3.4.jar:?]
	at org.apache.hadoop.ipc.RPC$Server.call(RPC.java:1093) [hadoop-common-3.3.4.jar:?]
	at org.apache.hadoop.ipc.Server$RpcCall.run(Server.java:1043) [hadoop-common-3.3.4.jar:?]
	at org.apache.hadoop.ipc.Server$RpcCall.run(Server.java:971) [hadoop-common-3.3.4.jar:?]
	at java.security.AccessController.doPrivileged(Native Method) ~[?:1.8.0_352]
	at javax.security.auth.Subject.doAs(Subject.java:422) [?:1.8.0_352]
	at org.apache.hadoop.security.UserGroupInformation.doAs(UserGroupInformation.java:1878) [hadoop-common-3.3.4.jar:?]
	at org.apache.hadoop.ipc.Server$Handler.run(Server.java:2976) [hadoop-common-3.3.4.jar:?]
10:09:11.407 [IPC Server handler 10 on default port 33423] ERROR OMAudit - user=runner | ip=127.0.0.1 | op=GET_FILE_STATUS {volume=volume03607, bucket=bucket70088, key=user/runner/dir1/dir2, dataSize=0, replicationConfig=null} | ret=FAILURE
org.apache.hadoop.ozone.om.exceptions.OMException: Unable to get file status: volume: volume03607 bucket: bucket70088 key: user/runner/dir1/dir2
	at org.apache.hadoop.ozone.om.KeyManagerImpl.getOzoneFileStatus(KeyManagerImpl.java:1301) ~[ozone-manager-1.4.0-SNAPSHOT.jar:?]
	at org.apache.hadoop.ozone.om.KeyManagerImpl.getFileStatus(KeyManagerImpl.java:1219) ~[ozone-manager-1.4.0-SNAPSHOT.jar:?]
	at org.apache.hadoop.ozone.om.OzoneManager.getFileStatus(OzoneManager.java:3578) ~[ozone-manager-1.4.0-SNAPSHOT.jar:?]
	at org.apache.hadoop.ozone.protocolPB.OzoneManagerRequestHandler.getOzoneFileStatus(OzoneManagerRequestHandler.java:907) ~[ozone-manager-1.4.0-SNAPSHOT.jar:?]
	at org.apache.hadoop.ozone.protocolPB.OzoneManagerRequestHandler.handleReadRequest(OzoneManagerRequestHandler.java:231) ~[ozone-manager-1.4.0-SNAPSHOT.jar:?]
	at org.apache.hadoop.ozone.protocolPB.OzoneManagerProtocolServerSideTranslatorPB.submitRequestDirectlyToOM(OzoneManagerProtocolServerSideTranslatorPB.java:276) ~[ozone-manager-1.4.0-SNAPSHOT.jar:?]
	at org.apache.hadoop.ozone.protocolPB.OzoneManagerProtocolServerSideTranslatorPB.processRequest(OzoneManagerProtocolServerSideTranslatorPB.java:205) ~[ozone-manager-1.4.0-SNAPSHOT.jar:?]
	at org.apache.hadoop.hdds.server.OzoneProtocolMessageDispatcher.processRequest(OzoneProtocolMessageDispatcher.java:87) [hdds-server-framework-1.4.0-SNAPSHOT.jar:?]
	at org.apache.hadoop.ozone.protocolPB.OzoneManagerProtocolServerSideTranslatorPB.submitRequest(OzoneManagerProtocolServerSideTranslatorPB.java:147) [ozone-manager-1.4.0-SNAPSHOT.jar:?]
	at org.apache.hadoop.ozone.protocol.proto.OzoneManagerProtocolProtos$OzoneManagerService$2.callBlockingMethod(OzoneManagerProtocolProtos.java) [ozone-interface-client-1.4.0-SNAPSHOT.jar:?]
	at org.apache.hadoop.ipc.ProtobufRpcEngine$Server.processCall(ProtobufRpcEngine.java:465) [hadoop-common-3.3.4.jar:?]
	at org.apache.hadoop.ipc.ProtobufRpcEngine2$Server$ProtoBufRpcInvoker.call(ProtobufRpcEngine2.java:578) [hadoop-common-3.3.4.jar:?]
	at org.apache.hadoop.ipc.ProtobufRpcEngine2$Server$ProtoBufRpcInvoker.call(ProtobufRpcEngine2.java:556) [hadoop-common-3.3.4.jar:?]
	at org.apache.hadoop.ipc.RPC$Server.call(RPC.java:1093) [hadoop-common-3.3.4.jar:?]
	at org.apache.hadoop.ipc.Server$RpcCall.run(Server.java:1043) [hadoop-common-3.3.4.jar:?]
	at org.apache.hadoop.ipc.Server$RpcCall.run(Server.java:971) [hadoop-common-3.3.4.jar:?]
	at java.security.AccessController.doPrivileged(Native Method) ~[?:1.8.0_352]
	at javax.security.auth.Subject.doAs(Subject.java:422) [?:1.8.0_352]
	at org.apache.hadoop.security.UserGroupInformation.doAs(UserGroupInformation.java:1878) [hadoop-common-3.3.4.jar:?]
	at org.apache.hadoop.ipc.Server$Handler.run(Server.java:2976) [hadoop-common-3.3.4.jar:?]
]]></system-out>
  </testcase>
  <testcase name="testMakeDirsWithAnFakeDirectory" classname="TestOzoneFileSystem" time="0.028">
    <system-out><![CDATA[2023-01-03 10:06:28,854 [OM StateMachine ApplyTransaction Thread - 0] INFO  key.OMKeyRequest (OMKeyRequest.java:wrapUncommittedBlocksAsPseudoKey(835)) - Detect allocated but uncommitted blocks [{blockID={containerID=5, localID=111677748019200039}, length=4194304, offset=0, token=null, pipeline=null, createVersion=0, partNumber=0}] in key dir1/dir2/key1.
10:06:28.856 [IPC Server handler 1 on default port 41175] ERROR OMAudit - user=runner | ip=127.0.0.1 | op=GET_FILE_STATUS {volume=volume17571, bucket=bucket85979, key=user/runner/dir1/dir2, dataSize=0, replicationConfig=null} | ret=FAILURE
org.apache.hadoop.ozone.om.exceptions.OMException: Unable to get file status: volume: volume17571 bucket: bucket85979 key: user/runner/dir1/dir2
	at org.apache.hadoop.ozone.om.KeyManagerImpl.getOzoneFileStatus(KeyManagerImpl.java:1301) ~[ozone-manager-1.4.0-SNAPSHOT.jar:?]
	at org.apache.hadoop.ozone.om.KeyManagerImpl.getFileStatus(KeyManagerImpl.java:1219) ~[ozone-manager-1.4.0-SNAPSHOT.jar:?]
	at org.apache.hadoop.ozone.om.OzoneManager.getFileStatus(OzoneManager.java:3578) ~[ozone-manager-1.4.0-SNAPSHOT.jar:?]
	at org.apache.hadoop.ozone.protocolPB.OzoneManagerRequestHandler.getOzoneFileStatus(OzoneManagerRequestHandler.java:907) ~[ozone-manager-1.4.0-SNAPSHOT.jar:?]
	at org.apache.hadoop.ozone.protocolPB.OzoneManagerRequestHandler.handleReadRequest(OzoneManagerRequestHandler.java:231) ~[ozone-manager-1.4.0-SNAPSHOT.jar:?]
	at org.apache.hadoop.ozone.protocolPB.OzoneManagerProtocolServerSideTranslatorPB.submitReadRequestToOM(OzoneManagerProtocolServerSideTranslatorPB.java:226) ~[ozone-manager-1.4.0-SNAPSHOT.jar:?]
	at org.apache.hadoop.ozone.protocolPB.OzoneManagerProtocolServerSideTranslatorPB.processRequest(OzoneManagerProtocolServerSideTranslatorPB.java:175) ~[ozone-manager-1.4.0-SNAPSHOT.jar:?]
	at org.apache.hadoop.hdds.server.OzoneProtocolMessageDispatcher.processRequest(OzoneProtocolMessageDispatcher.java:87) [hdds-server-framework-1.4.0-SNAPSHOT.jar:?]
	at org.apache.hadoop.ozone.protocolPB.OzoneManagerProtocolServerSideTranslatorPB.submitRequest(OzoneManagerProtocolServerSideTranslatorPB.java:147) [ozone-manager-1.4.0-SNAPSHOT.jar:?]
	at org.apache.hadoop.ozone.protocol.proto.OzoneManagerProtocolProtos$OzoneManagerService$2.callBlockingMethod(OzoneManagerProtocolProtos.java) [ozone-interface-client-1.4.0-SNAPSHOT.jar:?]
	at org.apache.hadoop.ipc.ProtobufRpcEngine$Server.processCall(ProtobufRpcEngine.java:465) [hadoop-common-3.3.4.jar:?]
	at org.apache.hadoop.ipc.ProtobufRpcEngine2$Server$ProtoBufRpcInvoker.call(ProtobufRpcEngine2.java:578) [hadoop-common-3.3.4.jar:?]
	at org.apache.hadoop.ipc.ProtobufRpcEngine2$Server$ProtoBufRpcInvoker.call(ProtobufRpcEngine2.java:556) [hadoop-common-3.3.4.jar:?]
	at org.apache.hadoop.ipc.RPC$Server.call(RPC.java:1093) [hadoop-common-3.3.4.jar:?]
	at org.apache.hadoop.ipc.Server$RpcCall.run(Server.java:1043) [hadoop-common-3.3.4.jar:?]
	at org.apache.hadoop.ipc.Server$RpcCall.run(Server.java:971) [hadoop-common-3.3.4.jar:?]
	at java.security.AccessController.doPrivileged(Native Method) ~[?:1.8.0_352]
	at javax.security.auth.Subject.doAs(Subject.java:422) [?:1.8.0_352]
	at org.apache.hadoop.security.UserGroupInformation.doAs(UserGroupInformation.java:1878) [hadoop-common-3.3.4.jar:?]
	at org.apache.hadoop.ipc.Server$Handler.run(Server.java:2976) [hadoop-common-3.3.4.jar:?]
]]></system-out>
  </testcase>
  <testcase name="testMakeDirsWithAnFakeDirectory" classname="TestOzoneFileSystem" time="0.013">
    <system-out><![CDATA[2023-01-03 10:07:28,076 [IPC Server handler 18 on default port 46801] INFO  key.OMKeyRequest (OMKeyRequest.java:wrapUncommittedBlocksAsPseudoKey(835)) - Detect allocated but uncommitted blocks [{blockID={containerID=7, localID=111677748019200039}, length=4194304, offset=0, token=null, pipeline=null, createVersion=0, partNumber=0}] in key dir1/dir2/key1.
10:07:28.076 [IPC Server handler 19 on default port 46801] ERROR OMAudit - user=runner | ip=127.0.0.1 | op=GET_FILE_STATUS {volume=volume72509, bucket=bucket24043, key=user/runner/dir1/dir2, dataSize=0, replicationConfig=null} | ret=FAILURE
org.apache.hadoop.ozone.om.exceptions.OMException: Unable to get file status: volume: volume72509 bucket: bucket24043 key: user/runner/dir1/dir2
	at org.apache.hadoop.ozone.om.KeyManagerImpl.getOzoneFileStatus(KeyManagerImpl.java:1301) ~[ozone-manager-1.4.0-SNAPSHOT.jar:?]
	at org.apache.hadoop.ozone.om.KeyManagerImpl.getFileStatus(KeyManagerImpl.java:1219) ~[ozone-manager-1.4.0-SNAPSHOT.jar:?]
	at org.apache.hadoop.ozone.om.OzoneManager.getFileStatus(OzoneManager.java:3578) ~[ozone-manager-1.4.0-SNAPSHOT.jar:?]
	at org.apache.hadoop.ozone.protocolPB.OzoneManagerRequestHandler.getOzoneFileStatus(OzoneManagerRequestHandler.java:907) ~[ozone-manager-1.4.0-SNAPSHOT.jar:?]
	at org.apache.hadoop.ozone.protocolPB.OzoneManagerRequestHandler.handleReadRequest(OzoneManagerRequestHandler.java:231) ~[ozone-manager-1.4.0-SNAPSHOT.jar:?]
	at org.apache.hadoop.ozone.protocolPB.OzoneManagerProtocolServerSideTranslatorPB.submitRequestDirectlyToOM(OzoneManagerProtocolServerSideTranslatorPB.java:276) ~[ozone-manager-1.4.0-SNAPSHOT.jar:?]
	at org.apache.hadoop.ozone.protocolPB.OzoneManagerProtocolServerSideTranslatorPB.processRequest(OzoneManagerProtocolServerSideTranslatorPB.java:205) ~[ozone-manager-1.4.0-SNAPSHOT.jar:?]
	at org.apache.hadoop.hdds.server.OzoneProtocolMessageDispatcher.processRequest(OzoneProtocolMessageDispatcher.java:87) [hdds-server-framework-1.4.0-SNAPSHOT.jar:?]
	at org.apache.hadoop.ozone.protocolPB.OzoneManagerProtocolServerSideTranslatorPB.submitRequest(OzoneManagerProtocolServerSideTranslatorPB.java:147) [ozone-manager-1.4.0-SNAPSHOT.jar:?]
	at org.apache.hadoop.ozone.protocol.proto.OzoneManagerProtocolProtos$OzoneManagerService$2.callBlockingMethod(OzoneManagerProtocolProtos.java) [ozone-interface-client-1.4.0-SNAPSHOT.jar:?]
	at org.apache.hadoop.ipc.ProtobufRpcEngine$Server.processCall(ProtobufRpcEngine.java:465) [hadoop-common-3.3.4.jar:?]
	at org.apache.hadoop.ipc.ProtobufRpcEngine2$Server$ProtoBufRpcInvoker.call(ProtobufRpcEngine2.java:578) [hadoop-common-3.3.4.jar:?]
	at org.apache.hadoop.ipc.ProtobufRpcEngine2$Server$ProtoBufRpcInvoker.call(ProtobufRpcEngine2.java:556) [hadoop-common-3.3.4.jar:?]
	at org.apache.hadoop.ipc.RPC$Server.call(RPC.java:1093) [hadoop-common-3.3.4.jar:?]
	at org.apache.hadoop.ipc.Server$RpcCall.run(Server.java:1043) [hadoop-common-3.3.4.jar:?]
	at org.apache.hadoop.ipc.Server$RpcCall.run(Server.java:971) [hadoop-common-3.3.4.jar:?]
	at java.security.AccessController.doPrivileged(Native Method) ~[?:1.8.0_352]
	at javax.security.auth.Subject.doAs(Subject.java:422) [?:1.8.0_352]
	at org.apache.hadoop.security.UserGroupInformation.doAs(UserGroupInformation.java:1878) [hadoop-common-3.3.4.jar:?]
	at org.apache.hadoop.ipc.Server$Handler.run(Server.java:2976) [hadoop-common-3.3.4.jar:?]
]]></system-out>
  </testcase>
  <testcase name="testMakeDirsWithAnFakeDirectory" classname="TestOzoneFileSystem" time="0.014">
    <system-out><![CDATA[2023-01-03 10:08:17,192 [EventQueue-CommandQueueReportForCommandQueueReportHandler] WARN  events.EventQueue (EventQueue.java:fireEvent(216)) - No event handler registered for event TypedEvent{payloadType=DatanodeDetails, name='Datanode_Command_Queue_Updated'}
2023-01-03 10:08:17,192 [OM StateMachine ApplyTransaction Thread - 0] INFO  key.OMKeyRequest (OMKeyRequest.java:wrapUncommittedBlocksAsPseudoKey(835)) - Detect allocated but uncommitted blocks [{blockID={containerID=7, localID=111677748019200039}, length=4194304, offset=0, token=null, pipeline=null, createVersion=0, partNumber=0}] in key dir1/dir2/key1.
10:08:17.193 [IPC Server handler 19 on default port 46431] ERROR OMAudit - user=runner | ip=127.0.0.1 | op=GET_FILE_STATUS {volume=volume30750, bucket=bucket79142, key=user/runner/dir1/dir2, dataSize=0, replicationConfig=null} | ret=FAILURE
org.apache.hadoop.ozone.om.exceptions.OMException: Unable to get file status: volume: volume30750 bucket: bucket79142 key: user/runner/dir1/dir2
	at org.apache.hadoop.ozone.om.KeyManagerImpl.getOzoneFileStatus(KeyManagerImpl.java:1301) ~[ozone-manager-1.4.0-SNAPSHOT.jar:?]
	at org.apache.hadoop.ozone.om.KeyManagerImpl.getFileStatus(KeyManagerImpl.java:1219) ~[ozone-manager-1.4.0-SNAPSHOT.jar:?]
	at org.apache.hadoop.ozone.om.OzoneManager.getFileStatus(OzoneManager.java:3578) ~[ozone-manager-1.4.0-SNAPSHOT.jar:?]
	at org.apache.hadoop.ozone.protocolPB.OzoneManagerRequestHandler.getOzoneFileStatus(OzoneManagerRequestHandler.java:907) ~[ozone-manager-1.4.0-SNAPSHOT.jar:?]
	at org.apache.hadoop.ozone.protocolPB.OzoneManagerRequestHandler.handleReadRequest(OzoneManagerRequestHandler.java:231) ~[ozone-manager-1.4.0-SNAPSHOT.jar:?]
	at org.apache.hadoop.ozone.protocolPB.OzoneManagerProtocolServerSideTranslatorPB.submitReadRequestToOM(OzoneManagerProtocolServerSideTranslatorPB.java:226) ~[ozone-manager-1.4.0-SNAPSHOT.jar:?]
	at org.apache.hadoop.ozone.protocolPB.OzoneManagerProtocolServerSideTranslatorPB.processRequest(OzoneManagerProtocolServerSideTranslatorPB.java:175) ~[ozone-manager-1.4.0-SNAPSHOT.jar:?]
	at org.apache.hadoop.hdds.server.OzoneProtocolMessageDispatcher.processRequest(OzoneProtocolMessageDispatcher.java:87) [hdds-server-framework-1.4.0-SNAPSHOT.jar:?]
	at org.apache.hadoop.ozone.protocolPB.OzoneManagerProtocolServerSideTranslatorPB.submitRequest(OzoneManagerProtocolServerSideTranslatorPB.java:147) [ozone-manager-1.4.0-SNAPSHOT.jar:?]
	at org.apache.hadoop.ozone.protocol.proto.OzoneManagerProtocolProtos$OzoneManagerService$2.callBlockingMethod(OzoneManagerProtocolProtos.java) [ozone-interface-client-1.4.0-SNAPSHOT.jar:?]
	at org.apache.hadoop.ipc.ProtobufRpcEngine$Server.processCall(ProtobufRpcEngine.java:465) [hadoop-common-3.3.4.jar:?]
	at org.apache.hadoop.ipc.ProtobufRpcEngine2$Server$ProtoBufRpcInvoker.call(ProtobufRpcEngine2.java:578) [hadoop-common-3.3.4.jar:?]
	at org.apache.hadoop.ipc.ProtobufRpcEngine2$Server$ProtoBufRpcInvoker.call(ProtobufRpcEngine2.java:556) [hadoop-common-3.3.4.jar:?]
	at org.apache.hadoop.ipc.RPC$Server.call(RPC.java:1093) [hadoop-common-3.3.4.jar:?]
	at org.apache.hadoop.ipc.Server$RpcCall.run(Server.java:1043) [hadoop-common-3.3.4.jar:?]
	at org.apache.hadoop.ipc.Server$RpcCall.run(Server.java:971) [hadoop-common-3.3.4.jar:?]
	at java.security.AccessController.doPrivileged(Native Method) ~[?:1.8.0_352]
	at javax.security.auth.Subject.doAs(Subject.java:422) [?:1.8.0_352]
	at org.apache.hadoop.security.UserGroupInformation.doAs(UserGroupInformation.java:1878) [hadoop-common-3.3.4.jar:?]
	at org.apache.hadoop.ipc.Server$Handler.run(Server.java:2976) [hadoop-common-3.3.4.jar:?]
]]></system-out>
  </testcase>
  <testcase name="testMakeDirsWithAnFakeDirectory" classname="TestOzoneFileSystem" time="0.013">
    <system-out><![CDATA[2023-01-03 10:09:11,413 [EventQueue-CommandQueueReportForCommandQueueReportHandler] WARN  events.EventQueue (EventQueue.java:fireEvent(216)) - No event handler registered for event TypedEvent{payloadType=DatanodeDetails, name='Datanode_Command_Queue_Updated'}
2023-01-03 10:09:11,416 [IPC Server handler 18 on default port 33423] INFO  key.OMKeyRequest (OMKeyRequest.java:wrapUncommittedBlocksAsPseudoKey(835)) - Detect allocated but uncommitted blocks [{blockID={containerID=5, localID=111677748019200039}, length=4194304, offset=0, token=null, pipeline=null, createVersion=0, partNumber=0}] in key dir1/dir2/key1.
10:09:11.417 [IPC Server handler 19 on default port 33423] ERROR OMAudit - user=runner | ip=127.0.0.1 | op=GET_FILE_STATUS {volume=volume03607, bucket=bucket70088, key=user/runner/dir1/dir2, dataSize=0, replicationConfig=null} | ret=FAILURE
org.apache.hadoop.ozone.om.exceptions.OMException: Unable to get file status: volume: volume03607 bucket: bucket70088 key: user/runner/dir1/dir2
	at org.apache.hadoop.ozone.om.KeyManagerImpl.getOzoneFileStatus(KeyManagerImpl.java:1301) ~[ozone-manager-1.4.0-SNAPSHOT.jar:?]
	at org.apache.hadoop.ozone.om.KeyManagerImpl.getFileStatus(KeyManagerImpl.java:1219) ~[ozone-manager-1.4.0-SNAPSHOT.jar:?]
	at org.apache.hadoop.ozone.om.OzoneManager.getFileStatus(OzoneManager.java:3578) ~[ozone-manager-1.4.0-SNAPSHOT.jar:?]
	at org.apache.hadoop.ozone.protocolPB.OzoneManagerRequestHandler.getOzoneFileStatus(OzoneManagerRequestHandler.java:907) ~[ozone-manager-1.4.0-SNAPSHOT.jar:?]
	at org.apache.hadoop.ozone.protocolPB.OzoneManagerRequestHandler.handleReadRequest(OzoneManagerRequestHandler.java:231) ~[ozone-manager-1.4.0-SNAPSHOT.jar:?]
	at org.apache.hadoop.ozone.protocolPB.OzoneManagerProtocolServerSideTranslatorPB.submitRequestDirectlyToOM(OzoneManagerProtocolServerSideTranslatorPB.java:276) ~[ozone-manager-1.4.0-SNAPSHOT.jar:?]
	at org.apache.hadoop.ozone.protocolPB.OzoneManagerProtocolServerSideTranslatorPB.processRequest(OzoneManagerProtocolServerSideTranslatorPB.java:205) ~[ozone-manager-1.4.0-SNAPSHOT.jar:?]
	at org.apache.hadoop.hdds.server.OzoneProtocolMessageDispatcher.processRequest(OzoneProtocolMessageDispatcher.java:87) [hdds-server-framework-1.4.0-SNAPSHOT.jar:?]
	at org.apache.hadoop.ozone.protocolPB.OzoneManagerProtocolServerSideTranslatorPB.submitRequest(OzoneManagerProtocolServerSideTranslatorPB.java:147) [ozone-manager-1.4.0-SNAPSHOT.jar:?]
	at org.apache.hadoop.ozone.protocol.proto.OzoneManagerProtocolProtos$OzoneManagerService$2.callBlockingMethod(OzoneManagerProtocolProtos.java) [ozone-interface-client-1.4.0-SNAPSHOT.jar:?]
	at org.apache.hadoop.ipc.ProtobufRpcEngine$Server.processCall(ProtobufRpcEngine.java:465) [hadoop-common-3.3.4.jar:?]
	at org.apache.hadoop.ipc.ProtobufRpcEngine2$Server$ProtoBufRpcInvoker.call(ProtobufRpcEngine2.java:578) [hadoop-common-3.3.4.jar:?]
	at org.apache.hadoop.ipc.ProtobufRpcEngine2$Server$ProtoBufRpcInvoker.call(ProtobufRpcEngine2.java:556) [hadoop-common-3.3.4.jar:?]
	at org.apache.hadoop.ipc.RPC$Server.call(RPC.java:1093) [hadoop-common-3.3.4.jar:?]
	at org.apache.hadoop.ipc.Server$RpcCall.run(Server.java:1043) [hadoop-common-3.3.4.jar:?]
	at org.apache.hadoop.ipc.Server$RpcCall.run(Server.java:971) [hadoop-common-3.3.4.jar:?]
	at java.security.AccessController.doPrivileged(Native Method) ~[?:1.8.0_352]
	at javax.security.auth.Subject.doAs(Subject.java:422) [?:1.8.0_352]
	at org.apache.hadoop.security.UserGroupInformation.doAs(UserGroupInformation.java:1878) [hadoop-common-3.3.4.jar:?]
	at org.apache.hadoop.ipc.Server$Handler.run(Server.java:2976) [hadoop-common-3.3.4.jar:?]
]]></system-out>
  </testcase>
  <testcase name="testFileDelete" classname="TestOzoneFileSystem" time="0.156">
    <system-out><![CDATA[2023-01-03 10:06:28,883 [OM StateMachine ApplyTransaction Thread - 0] INFO  key.OMKeyRequest (OMKeyRequest.java:wrapUncommittedBlocksAsPseudoKey(835)) - Detect allocated but uncommitted blocks [{blockID={containerID=1, localID=111677748019200040}, length=4194304, offset=0, token=null, pipeline=null, createVersion=0, partNumber=0}] in key testBatchDelete/parent/child0.
2023-01-03 10:06:28,891 [OM StateMachine ApplyTransaction Thread - 0] INFO  key.OMKeyRequest (OMKeyRequest.java:wrapUncommittedBlocksAsPseudoKey(835)) - Detect allocated but uncommitted blocks [{blockID={containerID=2, localID=111677748019200041}, length=4194304, offset=0, token=null, pipeline=null, createVersion=0, partNumber=0}] in key testBatchDelete/parent/childFolder/child0.
2023-01-03 10:06:28,898 [OM StateMachine ApplyTransaction Thread - 0] INFO  key.OMKeyRequest (OMKeyRequest.java:wrapUncommittedBlocksAsPseudoKey(835)) - Detect allocated but uncommitted blocks [{blockID={containerID=1, localID=111677748019200042}, length=4194304, offset=0, token=null, pipeline=null, createVersion=0, partNumber=0}] in key testBatchDelete/parent/child1.
2023-01-03 10:06:28,905 [OM StateMachine ApplyTransaction Thread - 0] INFO  key.OMKeyRequest (OMKeyRequest.java:wrapUncommittedBlocksAsPseudoKey(835)) - Detect allocated but uncommitted blocks [{blockID={containerID=2, localID=111677748019200043}, length=4194304, offset=0, token=null, pipeline=null, createVersion=0, partNumber=0}] in key testBatchDelete/parent/childFolder/child1.
2023-01-03 10:06:28,913 [OM StateMachine ApplyTransaction Thread - 0] INFO  key.OMKeyRequest (OMKeyRequest.java:wrapUncommittedBlocksAsPseudoKey(835)) - Detect allocated but uncommitted blocks [{blockID={containerID=1, localID=111677748019200044}, length=4194304, offset=0, token=null, pipeline=null, createVersion=0, partNumber=0}] in key testBatchDelete/parent/child2.
2023-01-03 10:06:28,919 [OM StateMachine ApplyTransaction Thread - 0] INFO  key.OMKeyRequest (OMKeyRequest.java:wrapUncommittedBlocksAsPseudoKey(835)) - Detect allocated but uncommitted blocks [{blockID={containerID=2, localID=111677748019200045}, length=4194304, offset=0, token=null, pipeline=null, createVersion=0, partNumber=0}] in key testBatchDelete/parent/childFolder/child2.
2023-01-03 10:06:28,926 [OM StateMachine ApplyTransaction Thread - 0] INFO  key.OMKeyRequest (OMKeyRequest.java:wrapUncommittedBlocksAsPseudoKey(835)) - Detect allocated but uncommitted blocks [{blockID={containerID=1, localID=111677748019200046}, length=4194304, offset=0, token=null, pipeline=null, createVersion=0, partNumber=0}] in key testBatchDelete/parent/child3.
2023-01-03 10:06:28,933 [OM StateMachine ApplyTransaction Thread - 0] INFO  key.OMKeyRequest (OMKeyRequest.java:wrapUncommittedBlocksAsPseudoKey(835)) - Detect allocated but uncommitted blocks [{blockID={containerID=2, localID=111677748019200047}, length=4194304, offset=0, token=null, pipeline=null, createVersion=0, partNumber=0}] in key testBatchDelete/parent/childFolder/child3.
2023-01-03 10:06:28,940 [OM StateMachine ApplyTransaction Thread - 0] INFO  key.OMKeyRequest (OMKeyRequest.java:wrapUncommittedBlocksAsPseudoKey(835)) - Detect allocated but uncommitted blocks [{blockID={containerID=1, localID=111677748019200048}, length=4194304, offset=0, token=null, pipeline=null, createVersion=0, partNumber=0}] in key testBatchDelete/parent/child4.
2023-01-03 10:06:28,947 [OM StateMachine ApplyTransaction Thread - 0] INFO  key.OMKeyRequest (OMKeyRequest.java:wrapUncommittedBlocksAsPseudoKey(835)) - Detect allocated but uncommitted blocks [{blockID={containerID=2, localID=111677748019200049}, length=4194304, offset=0, token=null, pipeline=null, createVersion=0, partNumber=0}] in key testBatchDelete/parent/childFolder/child4.
2023-01-03 10:06:28,954 [OM StateMachine ApplyTransaction Thread - 0] INFO  key.OMKeyRequest (OMKeyRequest.java:wrapUncommittedBlocksAsPseudoKey(835)) - Detect allocated but uncommitted blocks [{blockID={containerID=1, localID=111677748019200050}, length=4194304, offset=0, token=null, pipeline=null, createVersion=0, partNumber=0}] in key testBatchDelete/parent/child5.
2023-01-03 10:06:28,961 [OM StateMachine ApplyTransaction Thread - 0] INFO  key.OMKeyRequest (OMKeyRequest.java:wrapUncommittedBlocksAsPseudoKey(835)) - Detect allocated but uncommitted blocks [{blockID={containerID=2, localID=111677748019200051}, length=4194304, offset=0, token=null, pipeline=null, createVersion=0, partNumber=0}] in key testBatchDelete/parent/childFolder/child5.
2023-01-03 10:06:28,969 [OM StateMachine ApplyTransaction Thread - 0] INFO  key.OMKeyRequest (OMKeyRequest.java:wrapUncommittedBlocksAsPseudoKey(835)) - Detect allocated but uncommitted blocks [{blockID={containerID=1, localID=111677748019200052}, length=4194304, offset=0, token=null, pipeline=null, createVersion=0, partNumber=0}] in key testBatchDelete/parent/child6.
2023-01-03 10:06:28,976 [OM StateMachine ApplyTransaction Thread - 0] INFO  key.OMKeyRequest (OMKeyRequest.java:wrapUncommittedBlocksAsPseudoKey(835)) - Detect allocated but uncommitted blocks [{blockID={containerID=2, localID=111677748019200053}, length=4194304, offset=0, token=null, pipeline=null, createVersion=0, partNumber=0}] in key testBatchDelete/parent/childFolder/child6.
2023-01-03 10:06:28,982 [OM StateMachine ApplyTransaction Thread - 0] INFO  key.OMKeyRequest (OMKeyRequest.java:wrapUncommittedBlocksAsPseudoKey(835)) - Detect allocated but uncommitted blocks [{blockID={containerID=1, localID=111677748019200054}, length=4194304, offset=0, token=null, pipeline=null, createVersion=0, partNumber=0}] in key testBatchDelete/parent/child7.
2023-01-03 10:06:28,989 [OM StateMachine ApplyTransaction Thread - 0] INFO  key.OMKeyRequest (OMKeyRequest.java:wrapUncommittedBlocksAsPseudoKey(835)) - Detect allocated but uncommitted blocks [{blockID={containerID=2, localID=111677748019200055}, length=4194304, offset=0, token=null, pipeline=null, createVersion=0, partNumber=0}] in key testBatchDelete/parent/childFolder/child7.
10:06:29.009 [IPC Server handler 3 on default port 41175] ERROR OMAudit - user=runner | ip=127.0.0.1 | op=GET_FILE_STATUS {volume=volume17571, bucket=bucket85979, key=testBatchDelete, dataSize=0, replicationConfig=null} | ret=FAILURE
org.apache.hadoop.ozone.om.exceptions.OMException: Unable to get file status: volume: volume17571 bucket: bucket85979 key: testBatchDelete
	at org.apache.hadoop.ozone.om.KeyManagerImpl.getOzoneFileStatus(KeyManagerImpl.java:1301) ~[ozone-manager-1.4.0-SNAPSHOT.jar:?]
	at org.apache.hadoop.ozone.om.KeyManagerImpl.getFileStatus(KeyManagerImpl.java:1219) ~[ozone-manager-1.4.0-SNAPSHOT.jar:?]
	at org.apache.hadoop.ozone.om.OzoneManager.getFileStatus(OzoneManager.java:3578) ~[ozone-manager-1.4.0-SNAPSHOT.jar:?]
	at org.apache.hadoop.ozone.protocolPB.OzoneManagerRequestHandler.getOzoneFileStatus(OzoneManagerRequestHandler.java:907) ~[ozone-manager-1.4.0-SNAPSHOT.jar:?]
	at org.apache.hadoop.ozone.protocolPB.OzoneManagerRequestHandler.handleReadRequest(OzoneManagerRequestHandler.java:231) ~[ozone-manager-1.4.0-SNAPSHOT.jar:?]
	at org.apache.hadoop.ozone.protocolPB.OzoneManagerProtocolServerSideTranslatorPB.submitReadRequestToOM(OzoneManagerProtocolServerSideTranslatorPB.java:226) ~[ozone-manager-1.4.0-SNAPSHOT.jar:?]
	at org.apache.hadoop.ozone.protocolPB.OzoneManagerProtocolServerSideTranslatorPB.processRequest(OzoneManagerProtocolServerSideTranslatorPB.java:175) ~[ozone-manager-1.4.0-SNAPSHOT.jar:?]
	at org.apache.hadoop.hdds.server.OzoneProtocolMessageDispatcher.processRequest(OzoneProtocolMessageDispatcher.java:87) [hdds-server-framework-1.4.0-SNAPSHOT.jar:?]
	at org.apache.hadoop.ozone.protocolPB.OzoneManagerProtocolServerSideTranslatorPB.submitRequest(OzoneManagerProtocolServerSideTranslatorPB.java:147) [ozone-manager-1.4.0-SNAPSHOT.jar:?]
	at org.apache.hadoop.ozone.protocol.proto.OzoneManagerProtocolProtos$OzoneManagerService$2.callBlockingMethod(OzoneManagerProtocolProtos.java) [ozone-interface-client-1.4.0-SNAPSHOT.jar:?]
	at org.apache.hadoop.ipc.ProtobufRpcEngine$Server.processCall(ProtobufRpcEngine.java:465) [hadoop-common-3.3.4.jar:?]
	at org.apache.hadoop.ipc.ProtobufRpcEngine2$Server$ProtoBufRpcInvoker.call(ProtobufRpcEngine2.java:578) [hadoop-common-3.3.4.jar:?]
	at org.apache.hadoop.ipc.ProtobufRpcEngine2$Server$ProtoBufRpcInvoker.call(ProtobufRpcEngine2.java:556) [hadoop-common-3.3.4.jar:?]
	at org.apache.hadoop.ipc.RPC$Server.call(RPC.java:1093) [hadoop-common-3.3.4.jar:?]
	at org.apache.hadoop.ipc.Server$RpcCall.run(Server.java:1043) [hadoop-common-3.3.4.jar:?]
	at org.apache.hadoop.ipc.Server$RpcCall.run(Server.java:971) [hadoop-common-3.3.4.jar:?]
	at java.security.AccessController.doPrivileged(Native Method) ~[?:1.8.0_352]
	at javax.security.auth.Subject.doAs(Subject.java:422) [?:1.8.0_352]
	at org.apache.hadoop.security.UserGroupInformation.doAs(UserGroupInformation.java:1878) [hadoop-common-3.3.4.jar:?]
	at org.apache.hadoop.ipc.Server$Handler.run(Server.java:2976) [hadoop-common-3.3.4.jar:?]
10:06:29.011 [IPC Server handler 2 on default port 41175] ERROR OMAudit - user=runner | ip=127.0.0.1 | op=GET_FILE_STATUS {volume=volume17571, bucket=bucket85979, key=testBatchDelete/parent/child0, dataSize=0, replicationConfig=null} | ret=FAILURE
org.apache.hadoop.ozone.om.exceptions.OMException: Unable to get file status: volume: volume17571 bucket: bucket85979 key: testBatchDelete/parent/child0
	at org.apache.hadoop.ozone.om.KeyManagerImpl.getOzoneFileStatus(KeyManagerImpl.java:1301) ~[ozone-manager-1.4.0-SNAPSHOT.jar:?]
	at org.apache.hadoop.ozone.om.KeyManagerImpl.getFileStatus(KeyManagerImpl.java:1219) ~[ozone-manager-1.4.0-SNAPSHOT.jar:?]
	at org.apache.hadoop.ozone.om.OzoneManager.getFileStatus(OzoneManager.java:3578) ~[ozone-manager-1.4.0-SNAPSHOT.jar:?]
	at org.apache.hadoop.ozone.protocolPB.OzoneManagerRequestHandler.getOzoneFileStatus(OzoneManagerRequestHandler.java:907) ~[ozone-manager-1.4.0-SNAPSHOT.jar:?]
	at org.apache.hadoop.ozone.protocolPB.OzoneManagerRequestHandler.handleReadRequest(OzoneManagerRequestHandler.java:231) ~[ozone-manager-1.4.0-SNAPSHOT.jar:?]
	at org.apache.hadoop.ozone.protocolPB.OzoneManagerProtocolServerSideTranslatorPB.submitReadRequestToOM(OzoneManagerProtocolServerSideTranslatorPB.java:226) ~[ozone-manager-1.4.0-SNAPSHOT.jar:?]
	at org.apache.hadoop.ozone.protocolPB.OzoneManagerProtocolServerSideTranslatorPB.processRequest(OzoneManagerProtocolServerSideTranslatorPB.java:175) ~[ozone-manager-1.4.0-SNAPSHOT.jar:?]
	at org.apache.hadoop.hdds.server.OzoneProtocolMessageDispatcher.processRequest(OzoneProtocolMessageDispatcher.java:87) [hdds-server-framework-1.4.0-SNAPSHOT.jar:?]
	at org.apache.hadoop.ozone.protocolPB.OzoneManagerProtocolServerSideTranslatorPB.submitRequest(OzoneManagerProtocolServerSideTranslatorPB.java:147) [ozone-manager-1.4.0-SNAPSHOT.jar:?]
	at org.apache.hadoop.ozone.protocol.proto.OzoneManagerProtocolProtos$OzoneManagerService$2.callBlockingMethod(OzoneManagerProtocolProtos.java) [ozone-interface-client-1.4.0-SNAPSHOT.jar:?]
	at org.apache.hadoop.ipc.ProtobufRpcEngine$Server.processCall(ProtobufRpcEngine.java:465) [hadoop-common-3.3.4.jar:?]
	at org.apache.hadoop.ipc.ProtobufRpcEngine2$Server$ProtoBufRpcInvoker.call(ProtobufRpcEngine2.java:578) [hadoop-common-3.3.4.jar:?]
	at org.apache.hadoop.ipc.ProtobufRpcEngine2$Server$ProtoBufRpcInvoker.call(ProtobufRpcEngine2.java:556) [hadoop-common-3.3.4.jar:?]
	at org.apache.hadoop.ipc.RPC$Server.call(RPC.java:1093) [hadoop-common-3.3.4.jar:?]
	at org.apache.hadoop.ipc.Server$RpcCall.run(Server.java:1043) [hadoop-common-3.3.4.jar:?]
	at org.apache.hadoop.ipc.Server$RpcCall.run(Server.java:971) [hadoop-common-3.3.4.jar:?]
	at java.security.AccessController.doPrivileged(Native Method) ~[?:1.8.0_352]
	at javax.security.auth.Subject.doAs(Subject.java:422) [?:1.8.0_352]
	at org.apache.hadoop.security.UserGroupInformation.doAs(UserGroupInformation.java:1878) [hadoop-common-3.3.4.jar:?]
	at org.apache.hadoop.ipc.Server$Handler.run(Server.java:2976) [hadoop-common-3.3.4.jar:?]
10:06:29.012 [IPC Server handler 1 on default port 41175] ERROR OMAudit - user=runner | ip=127.0.0.1 | op=GET_FILE_STATUS {volume=volume17571, bucket=bucket85979, key=testBatchDelete/parent/childFolder/child0, dataSize=0, replicationConfig=null} | ret=FAILURE
org.apache.hadoop.ozone.om.exceptions.OMException: Unable to get file status: volume: volume17571 bucket: bucket85979 key: testBatchDelete/parent/childFolder/child0
	at org.apache.hadoop.ozone.om.KeyManagerImpl.getOzoneFileStatus(KeyManagerImpl.java:1301) ~[ozone-manager-1.4.0-SNAPSHOT.jar:?]
	at org.apache.hadoop.ozone.om.KeyManagerImpl.getFileStatus(KeyManagerImpl.java:1219) ~[ozone-manager-1.4.0-SNAPSHOT.jar:?]
	at org.apache.hadoop.ozone.om.OzoneManager.getFileStatus(OzoneManager.java:3578) ~[ozone-manager-1.4.0-SNAPSHOT.jar:?]
	at org.apache.hadoop.ozone.protocolPB.OzoneManagerRequestHandler.getOzoneFileStatus(OzoneManagerRequestHandler.java:907) ~[ozone-manager-1.4.0-SNAPSHOT.jar:?]
	at org.apache.hadoop.ozone.protocolPB.OzoneManagerRequestHandler.handleReadRequest(OzoneManagerRequestHandler.java:231) ~[ozone-manager-1.4.0-SNAPSHOT.jar:?]
	at org.apache.hadoop.ozone.protocolPB.OzoneManagerProtocolServerSideTranslatorPB.submitReadRequestToOM(OzoneManagerProtocolServerSideTranslatorPB.java:226) ~[ozone-manager-1.4.0-SNAPSHOT.jar:?]
	at org.apache.hadoop.ozone.protocolPB.OzoneManagerProtocolServerSideTranslatorPB.processRequest(OzoneManagerProtocolServerSideTranslatorPB.java:175) ~[ozone-manager-1.4.0-SNAPSHOT.jar:?]
	at org.apache.hadoop.hdds.server.OzoneProtocolMessageDispatcher.processRequest(OzoneProtocolMessageDispatcher.java:87) [hdds-server-framework-1.4.0-SNAPSHOT.jar:?]
	at org.apache.hadoop.ozone.protocolPB.OzoneManagerProtocolServerSideTranslatorPB.submitRequest(OzoneManagerProtocolServerSideTranslatorPB.java:147) [ozone-manager-1.4.0-SNAPSHOT.jar:?]
	at org.apache.hadoop.ozone.protocol.proto.OzoneManagerProtocolProtos$OzoneManagerService$2.callBlockingMethod(OzoneManagerProtocolProtos.java) [ozone-interface-client-1.4.0-SNAPSHOT.jar:?]
	at org.apache.hadoop.ipc.ProtobufRpcEngine$Server.processCall(ProtobufRpcEngine.java:465) [hadoop-common-3.3.4.jar:?]
	at org.apache.hadoop.ipc.ProtobufRpcEngine2$Server$ProtoBufRpcInvoker.call(ProtobufRpcEngine2.java:578) [hadoop-common-3.3.4.jar:?]
	at org.apache.hadoop.ipc.ProtobufRpcEngine2$Server$ProtoBufRpcInvoker.call(ProtobufRpcEngine2.java:556) [hadoop-common-3.3.4.jar:?]
	at org.apache.hadoop.ipc.RPC$Server.call(RPC.java:1093) [hadoop-common-3.3.4.jar:?]
	at org.apache.hadoop.ipc.Server$RpcCall.run(Server.java:1043) [hadoop-common-3.3.4.jar:?]
	at org.apache.hadoop.ipc.Server$RpcCall.run(Server.java:971) [hadoop-common-3.3.4.jar:?]
	at java.security.AccessController.doPrivileged(Native Method) ~[?:1.8.0_352]
	at javax.security.auth.Subject.doAs(Subject.java:422) [?:1.8.0_352]
	at org.apache.hadoop.security.UserGroupInformation.doAs(UserGroupInformation.java:1878) [hadoop-common-3.3.4.jar:?]
	at org.apache.hadoop.ipc.Server$Handler.run(Server.java:2976) [hadoop-common-3.3.4.jar:?]
10:06:29.013 [IPC Server handler 0 on default port 41175] ERROR OMAudit - user=runner | ip=127.0.0.1 | op=GET_FILE_STATUS {volume=volume17571, bucket=bucket85979, key=testBatchDelete/parent/child1, dataSize=0, replicationConfig=null} | ret=FAILURE
org.apache.hadoop.ozone.om.exceptions.OMException: Unable to get file status: volume: volume17571 bucket: bucket85979 key: testBatchDelete/parent/child1
	at org.apache.hadoop.ozone.om.KeyManagerImpl.getOzoneFileStatus(KeyManagerImpl.java:1301) ~[ozone-manager-1.4.0-SNAPSHOT.jar:?]
	at org.apache.hadoop.ozone.om.KeyManagerImpl.getFileStatus(KeyManagerImpl.java:1219) ~[ozone-manager-1.4.0-SNAPSHOT.jar:?]
	at org.apache.hadoop.ozone.om.OzoneManager.getFileStatus(OzoneManager.java:3578) ~[ozone-manager-1.4.0-SNAPSHOT.jar:?]
	at org.apache.hadoop.ozone.protocolPB.OzoneManagerRequestHandler.getOzoneFileStatus(OzoneManagerRequestHandler.java:907) ~[ozone-manager-1.4.0-SNAPSHOT.jar:?]
	at org.apache.hadoop.ozone.protocolPB.OzoneManagerRequestHandler.handleReadRequest(OzoneManagerRequestHandler.java:231) ~[ozone-manager-1.4.0-SNAPSHOT.jar:?]
	at org.apache.hadoop.ozone.protocolPB.OzoneManagerProtocolServerSideTranslatorPB.submitReadRequestToOM(OzoneManagerProtocolServerSideTranslatorPB.java:226) ~[ozone-manager-1.4.0-SNAPSHOT.jar:?]
	at org.apache.hadoop.ozone.protocolPB.OzoneManagerProtocolServerSideTranslatorPB.processRequest(OzoneManagerProtocolServerSideTranslatorPB.java:175) ~[ozone-manager-1.4.0-SNAPSHOT.jar:?]
	at org.apache.hadoop.hdds.server.OzoneProtocolMessageDispatcher.processRequest(OzoneProtocolMessageDispatcher.java:87) [hdds-server-framework-1.4.0-SNAPSHOT.jar:?]
	at org.apache.hadoop.ozone.protocolPB.OzoneManagerProtocolServerSideTranslatorPB.submitRequest(OzoneManagerProtocolServerSideTranslatorPB.java:147) [ozone-manager-1.4.0-SNAPSHOT.jar:?]
	at org.apache.hadoop.ozone.protocol.proto.OzoneManagerProtocolProtos$OzoneManagerService$2.callBlockingMethod(OzoneManagerProtocolProtos.java) [ozone-interface-client-1.4.0-SNAPSHOT.jar:?]
	at org.apache.hadoop.ipc.ProtobufRpcEngine$Server.processCall(ProtobufRpcEngine.java:465) [hadoop-common-3.3.4.jar:?]
	at org.apache.hadoop.ipc.ProtobufRpcEngine2$Server$ProtoBufRpcInvoker.call(ProtobufRpcEngine2.java:578) [hadoop-common-3.3.4.jar:?]
	at org.apache.hadoop.ipc.ProtobufRpcEngine2$Server$ProtoBufRpcInvoker.call(ProtobufRpcEngine2.java:556) [hadoop-common-3.3.4.jar:?]
	at org.apache.hadoop.ipc.RPC$Server.call(RPC.java:1093) [hadoop-common-3.3.4.jar:?]
	at org.apache.hadoop.ipc.Server$RpcCall.run(Server.java:1043) [hadoop-common-3.3.4.jar:?]
	at org.apache.hadoop.ipc.Server$RpcCall.run(Server.java:971) [hadoop-common-3.3.4.jar:?]
	at java.security.AccessController.doPrivileged(Native Method) ~[?:1.8.0_352]
	at javax.security.auth.Subject.doAs(Subject.java:422) [?:1.8.0_352]
	at org.apache.hadoop.security.UserGroupInformation.doAs(UserGroupInformation.java:1878) [hadoop-common-3.3.4.jar:?]
	at org.apache.hadoop.ipc.Server$Handler.run(Server.java:2976) [hadoop-common-3.3.4.jar:?]
10:06:29.014 [IPC Server handler 19 on default port 41175] ERROR OMAudit - user=runner | ip=127.0.0.1 | op=GET_FILE_STATUS {volume=volume17571, bucket=bucket85979, key=testBatchDelete/parent/childFolder/child1, dataSize=0, replicationConfig=null} | ret=FAILURE
org.apache.hadoop.ozone.om.exceptions.OMException: Unable to get file status: volume: volume17571 bucket: bucket85979 key: testBatchDelete/parent/childFolder/child1
	at org.apache.hadoop.ozone.om.KeyManagerImpl.getOzoneFileStatus(KeyManagerImpl.java:1301) ~[ozone-manager-1.4.0-SNAPSHOT.jar:?]
	at org.apache.hadoop.ozone.om.KeyManagerImpl.getFileStatus(KeyManagerImpl.java:1219) ~[ozone-manager-1.4.0-SNAPSHOT.jar:?]
	at org.apache.hadoop.ozone.om.OzoneManager.getFileStatus(OzoneManager.java:3578) ~[ozone-manager-1.4.0-SNAPSHOT.jar:?]
	at org.apache.hadoop.ozone.protocolPB.OzoneManagerRequestHandler.getOzoneFileStatus(OzoneManagerRequestHandler.java:907) ~[ozone-manager-1.4.0-SNAPSHOT.jar:?]
	at org.apache.hadoop.ozone.protocolPB.OzoneManagerRequestHandler.handleReadRequest(OzoneManagerRequestHandler.java:231) ~[ozone-manager-1.4.0-SNAPSHOT.jar:?]
	at org.apache.hadoop.ozone.protocolPB.OzoneManagerProtocolServerSideTranslatorPB.submitReadRequestToOM(OzoneManagerProtocolServerSideTranslatorPB.java:226) ~[ozone-manager-1.4.0-SNAPSHOT.jar:?]
	at org.apache.hadoop.ozone.protocolPB.OzoneManagerProtocolServerSideTranslatorPB.processRequest(OzoneManagerProtocolServerSideTranslatorPB.java:175) ~[ozone-manager-1.4.0-SNAPSHOT.jar:?]
	at org.apache.hadoop.hdds.server.OzoneProtocolMessageDispatcher.processRequest(OzoneProtocolMessageDispatcher.java:87) [hdds-server-framework-1.4.0-SNAPSHOT.jar:?]
	at org.apache.hadoop.ozone.protocolPB.OzoneManagerProtocolServerSideTranslatorPB.submitRequest(OzoneManagerProtocolServerSideTranslatorPB.java:147) [ozone-manager-1.4.0-SNAPSHOT.jar:?]
	at org.apache.hadoop.ozone.protocol.proto.OzoneManagerProtocolProtos$OzoneManagerService$2.callBlockingMethod(OzoneManagerProtocolProtos.java) [ozone-interface-client-1.4.0-SNAPSHOT.jar:?]
	at org.apache.hadoop.ipc.ProtobufRpcEngine$Server.processCall(ProtobufRpcEngine.java:465) [hadoop-common-3.3.4.jar:?]
	at org.apache.hadoop.ipc.ProtobufRpcEngine2$Server$ProtoBufRpcInvoker.call(ProtobufRpcEngine2.java:578) [hadoop-common-3.3.4.jar:?]
	at org.apache.hadoop.ipc.ProtobufRpcEngine2$Server$ProtoBufRpcInvoker.call(ProtobufRpcEngine2.java:556) [hadoop-common-3.3.4.jar:?]
	at org.apache.hadoop.ipc.RPC$Server.call(RPC.java:1093) [hadoop-common-3.3.4.jar:?]
	at org.apache.hadoop.ipc.Server$RpcCall.run(Server.java:1043) [hadoop-common-3.3.4.jar:?]
	at org.apache.hadoop.ipc.Server$RpcCall.run(Server.java:971) [hadoop-common-3.3.4.jar:?]
	at java.security.AccessController.doPrivileged(Native Method) ~[?:1.8.0_352]
	at javax.security.auth.Subject.doAs(Subject.java:422) [?:1.8.0_352]
	at org.apache.hadoop.security.UserGroupInformation.doAs(UserGroupInformation.java:1878) [hadoop-common-3.3.4.jar:?]
	at org.apache.hadoop.ipc.Server$Handler.run(Server.java:2976) [hadoop-common-3.3.4.jar:?]
10:06:29.016 [IPC Server handler 6 on default port 41175] ERROR OMAudit - user=runner | ip=127.0.0.1 | op=GET_FILE_STATUS {volume=volume17571, bucket=bucket85979, key=testBatchDelete/parent/child2, dataSize=0, replicationConfig=null} | ret=FAILURE
org.apache.hadoop.ozone.om.exceptions.OMException: Unable to get file status: volume: volume17571 bucket: bucket85979 key: testBatchDelete/parent/child2
	at org.apache.hadoop.ozone.om.KeyManagerImpl.getOzoneFileStatus(KeyManagerImpl.java:1301) ~[ozone-manager-1.4.0-SNAPSHOT.jar:?]
	at org.apache.hadoop.ozone.om.KeyManagerImpl.getFileStatus(KeyManagerImpl.java:1219) ~[ozone-manager-1.4.0-SNAPSHOT.jar:?]
	at org.apache.hadoop.ozone.om.OzoneManager.getFileStatus(OzoneManager.java:3578) ~[ozone-manager-1.4.0-SNAPSHOT.jar:?]
	at org.apache.hadoop.ozone.protocolPB.OzoneManagerRequestHandler.getOzoneFileStatus(OzoneManagerRequestHandler.java:907) ~[ozone-manager-1.4.0-SNAPSHOT.jar:?]
	at org.apache.hadoop.ozone.protocolPB.OzoneManagerRequestHandler.handleReadRequest(OzoneManagerRequestHandler.java:231) ~[ozone-manager-1.4.0-SNAPSHOT.jar:?]
	at org.apache.hadoop.ozone.protocolPB.OzoneManagerProtocolServerSideTranslatorPB.submitReadRequestToOM(OzoneManagerProtocolServerSideTranslatorPB.java:226) ~[ozone-manager-1.4.0-SNAPSHOT.jar:?]
	at org.apache.hadoop.ozone.protocolPB.OzoneManagerProtocolServerSideTranslatorPB.processRequest(OzoneManagerProtocolServerSideTranslatorPB.java:175) ~[ozone-manager-1.4.0-SNAPSHOT.jar:?]
	at org.apache.hadoop.hdds.server.OzoneProtocolMessageDispatcher.processRequest(OzoneProtocolMessageDispatcher.java:87) [hdds-server-framework-1.4.0-SNAPSHOT.jar:?]
	at org.apache.hadoop.ozone.protocolPB.OzoneManagerProtocolServerSideTranslatorPB.submitRequest(OzoneManagerProtocolServerSideTranslatorPB.java:147) [ozone-manager-1.4.0-SNAPSHOT.jar:?]
	at org.apache.hadoop.ozone.protocol.proto.OzoneManagerProtocolProtos$OzoneManagerService$2.callBlockingMethod(OzoneManagerProtocolProtos.java) [ozone-interface-client-1.4.0-SNAPSHOT.jar:?]
	at org.apache.hadoop.ipc.ProtobufRpcEngine$Server.processCall(ProtobufRpcEngine.java:465) [hadoop-common-3.3.4.jar:?]
	at org.apache.hadoop.ipc.ProtobufRpcEngine2$Server$ProtoBufRpcInvoker.call(ProtobufRpcEngine2.java:578) [hadoop-common-3.3.4.jar:?]
	at org.apache.hadoop.ipc.ProtobufRpcEngine2$Server$ProtoBufRpcInvoker.call(ProtobufRpcEngine2.java:556) [hadoop-common-3.3.4.jar:?]
	at org.apache.hadoop.ipc.RPC$Server.call(RPC.java:1093) [hadoop-common-3.3.4.jar:?]
	at org.apache.hadoop.ipc.Server$RpcCall.run(Server.java:1043) [hadoop-common-3.3.4.jar:?]
	at org.apache.hadoop.ipc.Server$RpcCall.run(Server.java:971) [hadoop-common-3.3.4.jar:?]
	at java.security.AccessController.doPrivileged(Native Method) ~[?:1.8.0_352]
	at javax.security.auth.Subject.doAs(Subject.java:422) [?:1.8.0_352]
	at org.apache.hadoop.security.UserGroupInformation.doAs(UserGroupInformation.java:1878) [hadoop-common-3.3.4.jar:?]
	at org.apache.hadoop.ipc.Server$Handler.run(Server.java:2976) [hadoop-common-3.3.4.jar:?]
10:06:29.017 [IPC Server handler 13 on default port 41175] ERROR OMAudit - user=runner | ip=127.0.0.1 | op=GET_FILE_STATUS {volume=volume17571, bucket=bucket85979, key=testBatchDelete/parent/childFolder/child2, dataSize=0, replicationConfig=null} | ret=FAILURE
org.apache.hadoop.ozone.om.exceptions.OMException: Unable to get file status: volume: volume17571 bucket: bucket85979 key: testBatchDelete/parent/childFolder/child2
	at org.apache.hadoop.ozone.om.KeyManagerImpl.getOzoneFileStatus(KeyManagerImpl.java:1301) ~[ozone-manager-1.4.0-SNAPSHOT.jar:?]
	at org.apache.hadoop.ozone.om.KeyManagerImpl.getFileStatus(KeyManagerImpl.java:1219) ~[ozone-manager-1.4.0-SNAPSHOT.jar:?]
	at org.apache.hadoop.ozone.om.OzoneManager.getFileStatus(OzoneManager.java:3578) ~[ozone-manager-1.4.0-SNAPSHOT.jar:?]
	at org.apache.hadoop.ozone.protocolPB.OzoneManagerRequestHandler.getOzoneFileStatus(OzoneManagerRequestHandler.java:907) ~[ozone-manager-1.4.0-SNAPSHOT.jar:?]
	at org.apache.hadoop.ozone.protocolPB.OzoneManagerRequestHandler.handleReadRequest(OzoneManagerRequestHandler.java:231) ~[ozone-manager-1.4.0-SNAPSHOT.jar:?]
	at org.apache.hadoop.ozone.protocolPB.OzoneManagerProtocolServerSideTranslatorPB.submitReadRequestToOM(OzoneManagerProtocolServerSideTranslatorPB.java:226) ~[ozone-manager-1.4.0-SNAPSHOT.jar:?]
	at org.apache.hadoop.ozone.protocolPB.OzoneManagerProtocolServerSideTranslatorPB.processRequest(OzoneManagerProtocolServerSideTranslatorPB.java:175) ~[ozone-manager-1.4.0-SNAPSHOT.jar:?]
	at org.apache.hadoop.hdds.server.OzoneProtocolMessageDispatcher.processRequest(OzoneProtocolMessageDispatcher.java:87) [hdds-server-framework-1.4.0-SNAPSHOT.jar:?]
	at org.apache.hadoop.ozone.protocolPB.OzoneManagerProtocolServerSideTranslatorPB.submitRequest(OzoneManagerProtocolServerSideTranslatorPB.java:147) [ozone-manager-1.4.0-SNAPSHOT.jar:?]
	at org.apache.hadoop.ozone.protocol.proto.OzoneManagerProtocolProtos$OzoneManagerService$2.callBlockingMethod(OzoneManagerProtocolProtos.java) [ozone-interface-client-1.4.0-SNAPSHOT.jar:?]
	at org.apache.hadoop.ipc.ProtobufRpcEngine$Server.processCall(ProtobufRpcEngine.java:465) [hadoop-common-3.3.4.jar:?]
	at org.apache.hadoop.ipc.ProtobufRpcEngine2$Server$ProtoBufRpcInvoker.call(ProtobufRpcEngine2.java:578) [hadoop-common-3.3.4.jar:?]
	at org.apache.hadoop.ipc.ProtobufRpcEngine2$Server$ProtoBufRpcInvoker.call(ProtobufRpcEngine2.java:556) [hadoop-common-3.3.4.jar:?]
	at org.apache.hadoop.ipc.RPC$Server.call(RPC.java:1093) [hadoop-common-3.3.4.jar:?]
	at org.apache.hadoop.ipc.Server$RpcCall.run(Server.java:1043) [hadoop-common-3.3.4.jar:?]
	at org.apache.hadoop.ipc.Server$RpcCall.run(Server.java:971) [hadoop-common-3.3.4.jar:?]
	at java.security.AccessController.doPrivileged(Native Method) ~[?:1.8.0_352]
	at javax.security.auth.Subject.doAs(Subject.java:422) [?:1.8.0_352]
	at org.apache.hadoop.security.UserGroupInformation.doAs(UserGroupInformation.java:1878) [hadoop-common-3.3.4.jar:?]
	at org.apache.hadoop.ipc.Server$Handler.run(Server.java:2976) [hadoop-common-3.3.4.jar:?]
10:06:29.018 [IPC Server handler 18 on default port 41175] ERROR OMAudit - user=runner | ip=127.0.0.1 | op=GET_FILE_STATUS {volume=volume17571, bucket=bucket85979, key=testBatchDelete/parent/child3, dataSize=0, replicationConfig=null} | ret=FAILURE
org.apache.hadoop.ozone.om.exceptions.OMException: Unable to get file status: volume: volume17571 bucket: bucket85979 key: testBatchDelete/parent/child3
	at org.apache.hadoop.ozone.om.KeyManagerImpl.getOzoneFileStatus(KeyManagerImpl.java:1301) ~[ozone-manager-1.4.0-SNAPSHOT.jar:?]
	at org.apache.hadoop.ozone.om.KeyManagerImpl.getFileStatus(KeyManagerImpl.java:1219) ~[ozone-manager-1.4.0-SNAPSHOT.jar:?]
	at org.apache.hadoop.ozone.om.OzoneManager.getFileStatus(OzoneManager.java:3578) ~[ozone-manager-1.4.0-SNAPSHOT.jar:?]
	at org.apache.hadoop.ozone.protocolPB.OzoneManagerRequestHandler.getOzoneFileStatus(OzoneManagerRequestHandler.java:907) ~[ozone-manager-1.4.0-SNAPSHOT.jar:?]
	at org.apache.hadoop.ozone.protocolPB.OzoneManagerRequestHandler.handleReadRequest(OzoneManagerRequestHandler.java:231) ~[ozone-manager-1.4.0-SNAPSHOT.jar:?]
	at org.apache.hadoop.ozone.protocolPB.OzoneManagerProtocolServerSideTranslatorPB.submitReadRequestToOM(OzoneManagerProtocolServerSideTranslatorPB.java:226) ~[ozone-manager-1.4.0-SNAPSHOT.jar:?]
	at org.apache.hadoop.ozone.protocolPB.OzoneManagerProtocolServerSideTranslatorPB.processRequest(OzoneManagerProtocolServerSideTranslatorPB.java:175) ~[ozone-manager-1.4.0-SNAPSHOT.jar:?]
	at org.apache.hadoop.hdds.server.OzoneProtocolMessageDispatcher.processRequest(OzoneProtocolMessageDispatcher.java:87) [hdds-server-framework-1.4.0-SNAPSHOT.jar:?]
	at org.apache.hadoop.ozone.protocolPB.OzoneManagerProtocolServerSideTranslatorPB.submitRequest(OzoneManagerProtocolServerSideTranslatorPB.java:147) [ozone-manager-1.4.0-SNAPSHOT.jar:?]
	at org.apache.hadoop.ozone.protocol.proto.OzoneManagerProtocolProtos$OzoneManagerService$2.callBlockingMethod(OzoneManagerProtocolProtos.java) [ozone-interface-client-1.4.0-SNAPSHOT.jar:?]
	at org.apache.hadoop.ipc.ProtobufRpcEngine$Server.processCall(ProtobufRpcEngine.java:465) [hadoop-common-3.3.4.jar:?]
	at org.apache.hadoop.ipc.ProtobufRpcEngine2$Server$ProtoBufRpcInvoker.call(ProtobufRpcEngine2.java:578) [hadoop-common-3.3.4.jar:?]
	at org.apache.hadoop.ipc.ProtobufRpcEngine2$Server$ProtoBufRpcInvoker.call(ProtobufRpcEngine2.java:556) [hadoop-common-3.3.4.jar:?]
	at org.apache.hadoop.ipc.RPC$Server.call(RPC.java:1093) [hadoop-common-3.3.4.jar:?]
	at org.apache.hadoop.ipc.Server$RpcCall.run(Server.java:1043) [hadoop-common-3.3.4.jar:?]
	at org.apache.hadoop.ipc.Server$RpcCall.run(Server.java:971) [hadoop-common-3.3.4.jar:?]
	at java.security.AccessController.doPrivileged(Native Method) ~[?:1.8.0_352]
	at javax.security.auth.Subject.doAs(Subject.java:422) [?:1.8.0_352]
	at org.apache.hadoop.security.UserGroupInformation.doAs(UserGroupInformation.java:1878) [hadoop-common-3.3.4.jar:?]
	at org.apache.hadoop.ipc.Server$Handler.run(Server.java:2976) [hadoop-common-3.3.4.jar:?]
10:06:29.019 [IPC Server handler 9 on default port 41175] ERROR OMAudit - user=runner | ip=127.0.0.1 | op=GET_FILE_STATUS {volume=volume17571, bucket=bucket85979, key=testBatchDelete/parent/childFolder/child3, dataSize=0, replicationConfig=null} | ret=FAILURE
org.apache.hadoop.ozone.om.exceptions.OMException: Unable to get file status: volume: volume17571 bucket: bucket85979 key: testBatchDelete/parent/childFolder/child3
	at org.apache.hadoop.ozone.om.KeyManagerImpl.getOzoneFileStatus(KeyManagerImpl.java:1301) ~[ozone-manager-1.4.0-SNAPSHOT.jar:?]
	at org.apache.hadoop.ozone.om.KeyManagerImpl.getFileStatus(KeyManagerImpl.java:1219) ~[ozone-manager-1.4.0-SNAPSHOT.jar:?]
	at org.apache.hadoop.ozone.om.OzoneManager.getFileStatus(OzoneManager.java:3578) ~[ozone-manager-1.4.0-SNAPSHOT.jar:?]
	at org.apache.hadoop.ozone.protocolPB.OzoneManagerRequestHandler.getOzoneFileStatus(OzoneManagerRequestHandler.java:907) ~[ozone-manager-1.4.0-SNAPSHOT.jar:?]
	at org.apache.hadoop.ozone.protocolPB.OzoneManagerRequestHandler.handleReadRequest(OzoneManagerRequestHandler.java:231) ~[ozone-manager-1.4.0-SNAPSHOT.jar:?]
	at org.apache.hadoop.ozone.protocolPB.OzoneManagerProtocolServerSideTranslatorPB.submitReadRequestToOM(OzoneManagerProtocolServerSideTranslatorPB.java:226) ~[ozone-manager-1.4.0-SNAPSHOT.jar:?]
	at org.apache.hadoop.ozone.protocolPB.OzoneManagerProtocolServerSideTranslatorPB.processRequest(OzoneManagerProtocolServerSideTranslatorPB.java:175) ~[ozone-manager-1.4.0-SNAPSHOT.jar:?]
	at org.apache.hadoop.hdds.server.OzoneProtocolMessageDispatcher.processRequest(OzoneProtocolMessageDispatcher.java:87) [hdds-server-framework-1.4.0-SNAPSHOT.jar:?]
	at org.apache.hadoop.ozone.protocolPB.OzoneManagerProtocolServerSideTranslatorPB.submitRequest(OzoneManagerProtocolServerSideTranslatorPB.java:147) [ozone-manager-1.4.0-SNAPSHOT.jar:?]
	at org.apache.hadoop.ozone.protocol.proto.OzoneManagerProtocolProtos$OzoneManagerService$2.callBlockingMethod(OzoneManagerProtocolProtos.java) [ozone-interface-client-1.4.0-SNAPSHOT.jar:?]
	at org.apache.hadoop.ipc.ProtobufRpcEngine$Server.processCall(ProtobufRpcEngine.java:465) [hadoop-common-3.3.4.jar:?]
	at org.apache.hadoop.ipc.ProtobufRpcEngine2$Server$ProtoBufRpcInvoker.call(ProtobufRpcEngine2.java:578) [hadoop-common-3.3.4.jar:?]
	at org.apache.hadoop.ipc.ProtobufRpcEngine2$Server$ProtoBufRpcInvoker.call(ProtobufRpcEngine2.java:556) [hadoop-common-3.3.4.jar:?]
	at org.apache.hadoop.ipc.RPC$Server.call(RPC.java:1093) [hadoop-common-3.3.4.jar:?]
	at org.apache.hadoop.ipc.Server$RpcCall.run(Server.java:1043) [hadoop-common-3.3.4.jar:?]
	at org.apache.hadoop.ipc.Server$RpcCall.run(Server.java:971) [hadoop-common-3.3.4.jar:?]
	at java.security.AccessController.doPrivileged(Native Method) ~[?:1.8.0_352]
	at javax.security.auth.Subject.doAs(Subject.java:422) [?:1.8.0_352]
	at org.apache.hadoop.security.UserGroupInformation.doAs(UserGroupInformation.java:1878) [hadoop-common-3.3.4.jar:?]
	at org.apache.hadoop.ipc.Server$Handler.run(Server.java:2976) [hadoop-common-3.3.4.jar:?]
10:06:29.020 [IPC Server handler 12 on default port 41175] ERROR OMAudit - user=runner | ip=127.0.0.1 | op=GET_FILE_STATUS {volume=volume17571, bucket=bucket85979, key=testBatchDelete/parent/child4, dataSize=0, replicationConfig=null} | ret=FAILURE
org.apache.hadoop.ozone.om.exceptions.OMException: Unable to get file status: volume: volume17571 bucket: bucket85979 key: testBatchDelete/parent/child4
	at org.apache.hadoop.ozone.om.KeyManagerImpl.getOzoneFileStatus(KeyManagerImpl.java:1301) ~[ozone-manager-1.4.0-SNAPSHOT.jar:?]
	at org.apache.hadoop.ozone.om.KeyManagerImpl.getFileStatus(KeyManagerImpl.java:1219) ~[ozone-manager-1.4.0-SNAPSHOT.jar:?]
	at org.apache.hadoop.ozone.om.OzoneManager.getFileStatus(OzoneManager.java:3578) ~[ozone-manager-1.4.0-SNAPSHOT.jar:?]
	at org.apache.hadoop.ozone.protocolPB.OzoneManagerRequestHandler.getOzoneFileStatus(OzoneManagerRequestHandler.java:907) ~[ozone-manager-1.4.0-SNAPSHOT.jar:?]
	at org.apache.hadoop.ozone.protocolPB.OzoneManagerRequestHandler.handleReadRequest(OzoneManagerRequestHandler.java:231) ~[ozone-manager-1.4.0-SNAPSHOT.jar:?]
	at org.apache.hadoop.ozone.protocolPB.OzoneManagerProtocolServerSideTranslatorPB.submitReadRequestToOM(OzoneManagerProtocolServerSideTranslatorPB.java:226) ~[ozone-manager-1.4.0-SNAPSHOT.jar:?]
	at org.apache.hadoop.ozone.protocolPB.OzoneManagerProtocolServerSideTranslatorPB.processRequest(OzoneManagerProtocolServerSideTranslatorPB.java:175) ~[ozone-manager-1.4.0-SNAPSHOT.jar:?]
	at org.apache.hadoop.hdds.server.OzoneProtocolMessageDispatcher.processRequest(OzoneProtocolMessageDispatcher.java:87) [hdds-server-framework-1.4.0-SNAPSHOT.jar:?]
	at org.apache.hadoop.ozone.protocolPB.OzoneManagerProtocolServerSideTranslatorPB.submitRequest(OzoneManagerProtocolServerSideTranslatorPB.java:147) [ozone-manager-1.4.0-SNAPSHOT.jar:?]
	at org.apache.hadoop.ozone.protocol.proto.OzoneManagerProtocolProtos$OzoneManagerService$2.callBlockingMethod(OzoneManagerProtocolProtos.java) [ozone-interface-client-1.4.0-SNAPSHOT.jar:?]
	at org.apache.hadoop.ipc.ProtobufRpcEngine$Server.processCall(ProtobufRpcEngine.java:465) [hadoop-common-3.3.4.jar:?]
	at org.apache.hadoop.ipc.ProtobufRpcEngine2$Server$ProtoBufRpcInvoker.call(ProtobufRpcEngine2.java:578) [hadoop-common-3.3.4.jar:?]
	at org.apache.hadoop.ipc.ProtobufRpcEngine2$Server$ProtoBufRpcInvoker.call(ProtobufRpcEngine2.java:556) [hadoop-common-3.3.4.jar:?]
	at org.apache.hadoop.ipc.RPC$Server.call(RPC.java:1093) [hadoop-common-3.3.4.jar:?]
	at org.apache.hadoop.ipc.Server$RpcCall.run(Server.java:1043) [hadoop-common-3.3.4.jar:?]
	at org.apache.hadoop.ipc.Server$RpcCall.run(Server.java:971) [hadoop-common-3.3.4.jar:?]
	at java.security.AccessController.doPrivileged(Native Method) ~[?:1.8.0_352]
	at javax.security.auth.Subject.doAs(Subject.java:422) [?:1.8.0_352]
	at org.apache.hadoop.security.UserGroupInformation.doAs(UserGroupInformation.java:1878) [hadoop-common-3.3.4.jar:?]
	at org.apache.hadoop.ipc.Server$Handler.run(Server.java:2976) [hadoop-common-3.3.4.jar:?]
10:06:29.021 [IPC Server handler 10 on default port 41175] ERROR OMAudit - user=runner | ip=127.0.0.1 | op=GET_FILE_STATUS {volume=volume17571, bucket=bucket85979, key=testBatchDelete/parent/childFolder/child4, dataSize=0, replicationConfig=null} | ret=FAILURE
org.apache.hadoop.ozone.om.exceptions.OMException: Unable to get file status: volume: volume17571 bucket: bucket85979 key: testBatchDelete/parent/childFolder/child4
	at org.apache.hadoop.ozone.om.KeyManagerImpl.getOzoneFileStatus(KeyManagerImpl.java:1301) ~[ozone-manager-1.4.0-SNAPSHOT.jar:?]
	at org.apache.hadoop.ozone.om.KeyManagerImpl.getFileStatus(KeyManagerImpl.java:1219) ~[ozone-manager-1.4.0-SNAPSHOT.jar:?]
	at org.apache.hadoop.ozone.om.OzoneManager.getFileStatus(OzoneManager.java:3578) ~[ozone-manager-1.4.0-SNAPSHOT.jar:?]
	at org.apache.hadoop.ozone.protocolPB.OzoneManagerRequestHandler.getOzoneFileStatus(OzoneManagerRequestHandler.java:907) ~[ozone-manager-1.4.0-SNAPSHOT.jar:?]
	at org.apache.hadoop.ozone.protocolPB.OzoneManagerRequestHandler.handleReadRequest(OzoneManagerRequestHandler.java:231) ~[ozone-manager-1.4.0-SNAPSHOT.jar:?]
	at org.apache.hadoop.ozone.protocolPB.OzoneManagerProtocolServerSideTranslatorPB.submitReadRequestToOM(OzoneManagerProtocolServerSideTranslatorPB.java:226) ~[ozone-manager-1.4.0-SNAPSHOT.jar:?]
	at org.apache.hadoop.ozone.protocolPB.OzoneManagerProtocolServerSideTranslatorPB.processRequest(OzoneManagerProtocolServerSideTranslatorPB.java:175) ~[ozone-manager-1.4.0-SNAPSHOT.jar:?]
	at org.apache.hadoop.hdds.server.OzoneProtocolMessageDispatcher.processRequest(OzoneProtocolMessageDispatcher.java:87) [hdds-server-framework-1.4.0-SNAPSHOT.jar:?]
	at org.apache.hadoop.ozone.protocolPB.OzoneManagerProtocolServerSideTranslatorPB.submitRequest(OzoneManagerProtocolServerSideTranslatorPB.java:147) [ozone-manager-1.4.0-SNAPSHOT.jar:?]
	at org.apache.hadoop.ozone.protocol.proto.OzoneManagerProtocolProtos$OzoneManagerService$2.callBlockingMethod(OzoneManagerProtocolProtos.java) [ozone-interface-client-1.4.0-SNAPSHOT.jar:?]
	at org.apache.hadoop.ipc.ProtobufRpcEngine$Server.processCall(ProtobufRpcEngine.java:465) [hadoop-common-3.3.4.jar:?]
	at org.apache.hadoop.ipc.ProtobufRpcEngine2$Server$ProtoBufRpcInvoker.call(ProtobufRpcEngine2.java:578) [hadoop-common-3.3.4.jar:?]
	at org.apache.hadoop.ipc.ProtobufRpcEngine2$Server$ProtoBufRpcInvoker.call(ProtobufRpcEngine2.java:556) [hadoop-common-3.3.4.jar:?]
	at org.apache.hadoop.ipc.RPC$Server.call(RPC.java:1093) [hadoop-common-3.3.4.jar:?]
	at org.apache.hadoop.ipc.Server$RpcCall.run(Server.java:1043) [hadoop-common-3.3.4.jar:?]
	at org.apache.hadoop.ipc.Server$RpcCall.run(Server.java:971) [hadoop-common-3.3.4.jar:?]
	at java.security.AccessController.doPrivileged(Native Method) ~[?:1.8.0_352]
	at javax.security.auth.Subject.doAs(Subject.java:422) [?:1.8.0_352]
	at org.apache.hadoop.security.UserGroupInformation.doAs(UserGroupInformation.java:1878) [hadoop-common-3.3.4.jar:?]
	at org.apache.hadoop.ipc.Server$Handler.run(Server.java:2976) [hadoop-common-3.3.4.jar:?]
10:06:29.022 [IPC Server handler 7 on default port 41175] ERROR OMAudit - user=runner | ip=127.0.0.1 | op=GET_FILE_STATUS {volume=volume17571, bucket=bucket85979, key=testBatchDelete/parent/child5, dataSize=0, replicationConfig=null} | ret=FAILURE
org.apache.hadoop.ozone.om.exceptions.OMException: Unable to get file status: volume: volume17571 bucket: bucket85979 key: testBatchDelete/parent/child5
	at org.apache.hadoop.ozone.om.KeyManagerImpl.getOzoneFileStatus(KeyManagerImpl.java:1301) ~[ozone-manager-1.4.0-SNAPSHOT.jar:?]
	at org.apache.hadoop.ozone.om.KeyManagerImpl.getFileStatus(KeyManagerImpl.java:1219) ~[ozone-manager-1.4.0-SNAPSHOT.jar:?]
	at org.apache.hadoop.ozone.om.OzoneManager.getFileStatus(OzoneManager.java:3578) ~[ozone-manager-1.4.0-SNAPSHOT.jar:?]
	at org.apache.hadoop.ozone.protocolPB.OzoneManagerRequestHandler.getOzoneFileStatus(OzoneManagerRequestHandler.java:907) ~[ozone-manager-1.4.0-SNAPSHOT.jar:?]
	at org.apache.hadoop.ozone.protocolPB.OzoneManagerRequestHandler.handleReadRequest(OzoneManagerRequestHandler.java:231) ~[ozone-manager-1.4.0-SNAPSHOT.jar:?]
	at org.apache.hadoop.ozone.protocolPB.OzoneManagerProtocolServerSideTranslatorPB.submitReadRequestToOM(OzoneManagerProtocolServerSideTranslatorPB.java:226) ~[ozone-manager-1.4.0-SNAPSHOT.jar:?]
	at org.apache.hadoop.ozone.protocolPB.OzoneManagerProtocolServerSideTranslatorPB.processRequest(OzoneManagerProtocolServerSideTranslatorPB.java:175) ~[ozone-manager-1.4.0-SNAPSHOT.jar:?]
	at org.apache.hadoop.hdds.server.OzoneProtocolMessageDispatcher.processRequest(OzoneProtocolMessageDispatcher.java:87) [hdds-server-framework-1.4.0-SNAPSHOT.jar:?]
	at org.apache.hadoop.ozone.protocolPB.OzoneManagerProtocolServerSideTranslatorPB.submitRequest(OzoneManagerProtocolServerSideTranslatorPB.java:147) [ozone-manager-1.4.0-SNAPSHOT.jar:?]
	at org.apache.hadoop.ozone.protocol.proto.OzoneManagerProtocolProtos$OzoneManagerService$2.callBlockingMethod(OzoneManagerProtocolProtos.java) [ozone-interface-client-1.4.0-SNAPSHOT.jar:?]
	at org.apache.hadoop.ipc.ProtobufRpcEngine$Server.processCall(ProtobufRpcEngine.java:465) [hadoop-common-3.3.4.jar:?]
	at org.apache.hadoop.ipc.ProtobufRpcEngine2$Server$ProtoBufRpcInvoker.call(ProtobufRpcEngine2.java:578) [hadoop-common-3.3.4.jar:?]
	at org.apache.hadoop.ipc.ProtobufRpcEngine2$Server$ProtoBufRpcInvoker.call(ProtobufRpcEngine2.java:556) [hadoop-common-3.3.4.jar:?]
	at org.apache.hadoop.ipc.RPC$Server.call(RPC.java:1093) [hadoop-common-3.3.4.jar:?]
	at org.apache.hadoop.ipc.Server$RpcCall.run(Server.java:1043) [hadoop-common-3.3.4.jar:?]
	at org.apache.hadoop.ipc.Server$RpcCall.run(Server.java:971) [hadoop-common-3.3.4.jar:?]
	at java.security.AccessController.doPrivileged(Native Method) ~[?:1.8.0_352]
	at javax.security.auth.Subject.doAs(Subject.java:422) [?:1.8.0_352]
	at org.apache.hadoop.security.UserGroupInformation.doAs(UserGroupInformation.java:1878) [hadoop-common-3.3.4.jar:?]
	at org.apache.hadoop.ipc.Server$Handler.run(Server.java:2976) [hadoop-common-3.3.4.jar:?]
10:06:29.024 [IPC Server handler 15 on default port 41175] ERROR OMAudit - user=runner | ip=127.0.0.1 | op=GET_FILE_STATUS {volume=volume17571, bucket=bucket85979, key=testBatchDelete/parent/childFolder/child5, dataSize=0, replicationConfig=null} | ret=FAILURE
org.apache.hadoop.ozone.om.exceptions.OMException: Unable to get file status: volume: volume17571 bucket: bucket85979 key: testBatchDelete/parent/childFolder/child5
	at org.apache.hadoop.ozone.om.KeyManagerImpl.getOzoneFileStatus(KeyManagerImpl.java:1301) ~[ozone-manager-1.4.0-SNAPSHOT.jar:?]
	at org.apache.hadoop.ozone.om.KeyManagerImpl.getFileStatus(KeyManagerImpl.java:1219) ~[ozone-manager-1.4.0-SNAPSHOT.jar:?]
	at org.apache.hadoop.ozone.om.OzoneManager.getFileStatus(OzoneManager.java:3578) ~[ozone-manager-1.4.0-SNAPSHOT.jar:?]
	at org.apache.hadoop.ozone.protocolPB.OzoneManagerRequestHandler.getOzoneFileStatus(OzoneManagerRequestHandler.java:907) ~[ozone-manager-1.4.0-SNAPSHOT.jar:?]
	at org.apache.hadoop.ozone.protocolPB.OzoneManagerRequestHandler.handleReadRequest(OzoneManagerRequestHandler.java:231) ~[ozone-manager-1.4.0-SNAPSHOT.jar:?]
	at org.apache.hadoop.ozone.protocolPB.OzoneManagerProtocolServerSideTranslatorPB.submitReadRequestToOM(OzoneManagerProtocolServerSideTranslatorPB.java:226) ~[ozone-manager-1.4.0-SNAPSHOT.jar:?]
	at org.apache.hadoop.ozone.protocolPB.OzoneManagerProtocolServerSideTranslatorPB.processRequest(OzoneManagerProtocolServerSideTranslatorPB.java:175) ~[ozone-manager-1.4.0-SNAPSHOT.jar:?]
	at org.apache.hadoop.hdds.server.OzoneProtocolMessageDispatcher.processRequest(OzoneProtocolMessageDispatcher.java:87) [hdds-server-framework-1.4.0-SNAPSHOT.jar:?]
	at org.apache.hadoop.ozone.protocolPB.OzoneManagerProtocolServerSideTranslatorPB.submitRequest(OzoneManagerProtocolServerSideTranslatorPB.java:147) [ozone-manager-1.4.0-SNAPSHOT.jar:?]
	at org.apache.hadoop.ozone.protocol.proto.OzoneManagerProtocolProtos$OzoneManagerService$2.callBlockingMethod(OzoneManagerProtocolProtos.java) [ozone-interface-client-1.4.0-SNAPSHOT.jar:?]
	at org.apache.hadoop.ipc.ProtobufRpcEngine$Server.processCall(ProtobufRpcEngine.java:465) [hadoop-common-3.3.4.jar:?]
	at org.apache.hadoop.ipc.ProtobufRpcEngine2$Server$ProtoBufRpcInvoker.call(ProtobufRpcEngine2.java:578) [hadoop-common-3.3.4.jar:?]
	at org.apache.hadoop.ipc.ProtobufRpcEngine2$Server$ProtoBufRpcInvoker.call(ProtobufRpcEngine2.java:556) [hadoop-common-3.3.4.jar:?]
	at org.apache.hadoop.ipc.RPC$Server.call(RPC.java:1093) [hadoop-common-3.3.4.jar:?]
	at org.apache.hadoop.ipc.Server$RpcCall.run(Server.java:1043) [hadoop-common-3.3.4.jar:?]
	at org.apache.hadoop.ipc.Server$RpcCall.run(Server.java:971) [hadoop-common-3.3.4.jar:?]
	at java.security.AccessController.doPrivileged(Native Method) ~[?:1.8.0_352]
	at javax.security.auth.Subject.doAs(Subject.java:422) [?:1.8.0_352]
	at org.apache.hadoop.security.UserGroupInformation.doAs(UserGroupInformation.java:1878) [hadoop-common-3.3.4.jar:?]
	at org.apache.hadoop.ipc.Server$Handler.run(Server.java:2976) [hadoop-common-3.3.4.jar:?]
10:06:29.025 [IPC Server handler 17 on default port 41175] ERROR OMAudit - user=runner | ip=127.0.0.1 | op=GET_FILE_STATUS {volume=volume17571, bucket=bucket85979, key=testBatchDelete/parent/child6, dataSize=0, replicationConfig=null} | ret=FAILURE
org.apache.hadoop.ozone.om.exceptions.OMException: Unable to get file status: volume: volume17571 bucket: bucket85979 key: testBatchDelete/parent/child6
	at org.apache.hadoop.ozone.om.KeyManagerImpl.getOzoneFileStatus(KeyManagerImpl.java:1301) ~[ozone-manager-1.4.0-SNAPSHOT.jar:?]
	at org.apache.hadoop.ozone.om.KeyManagerImpl.getFileStatus(KeyManagerImpl.java:1219) ~[ozone-manager-1.4.0-SNAPSHOT.jar:?]
	at org.apache.hadoop.ozone.om.OzoneManager.getFileStatus(OzoneManager.java:3578) ~[ozone-manager-1.4.0-SNAPSHOT.jar:?]
	at org.apache.hadoop.ozone.protocolPB.OzoneManagerRequestHandler.getOzoneFileStatus(OzoneManagerRequestHandler.java:907) ~[ozone-manager-1.4.0-SNAPSHOT.jar:?]
	at org.apache.hadoop.ozone.protocolPB.OzoneManagerRequestHandler.handleReadRequest(OzoneManagerRequestHandler.java:231) ~[ozone-manager-1.4.0-SNAPSHOT.jar:?]
	at org.apache.hadoop.ozone.protocolPB.OzoneManagerProtocolServerSideTranslatorPB.submitReadRequestToOM(OzoneManagerProtocolServerSideTranslatorPB.java:226) ~[ozone-manager-1.4.0-SNAPSHOT.jar:?]
	at org.apache.hadoop.ozone.protocolPB.OzoneManagerProtocolServerSideTranslatorPB.processRequest(OzoneManagerProtocolServerSideTranslatorPB.java:175) ~[ozone-manager-1.4.0-SNAPSHOT.jar:?]
	at org.apache.hadoop.hdds.server.OzoneProtocolMessageDispatcher.processRequest(OzoneProtocolMessageDispatcher.java:87) [hdds-server-framework-1.4.0-SNAPSHOT.jar:?]
	at org.apache.hadoop.ozone.protocolPB.OzoneManagerProtocolServerSideTranslatorPB.submitRequest(OzoneManagerProtocolServerSideTranslatorPB.java:147) [ozone-manager-1.4.0-SNAPSHOT.jar:?]
	at org.apache.hadoop.ozone.protocol.proto.OzoneManagerProtocolProtos$OzoneManagerService$2.callBlockingMethod(OzoneManagerProtocolProtos.java) [ozone-interface-client-1.4.0-SNAPSHOT.jar:?]
	at org.apache.hadoop.ipc.ProtobufRpcEngine$Server.processCall(ProtobufRpcEngine.java:465) [hadoop-common-3.3.4.jar:?]
	at org.apache.hadoop.ipc.ProtobufRpcEngine2$Server$ProtoBufRpcInvoker.call(ProtobufRpcEngine2.java:578) [hadoop-common-3.3.4.jar:?]
	at org.apache.hadoop.ipc.ProtobufRpcEngine2$Server$ProtoBufRpcInvoker.call(ProtobufRpcEngine2.java:556) [hadoop-common-3.3.4.jar:?]
	at org.apache.hadoop.ipc.RPC$Server.call(RPC.java:1093) [hadoop-common-3.3.4.jar:?]
	at org.apache.hadoop.ipc.Server$RpcCall.run(Server.java:1043) [hadoop-common-3.3.4.jar:?]
	at org.apache.hadoop.ipc.Server$RpcCall.run(Server.java:971) [hadoop-common-3.3.4.jar:?]
	at java.security.AccessController.doPrivileged(Native Method) ~[?:1.8.0_352]
	at javax.security.auth.Subject.doAs(Subject.java:422) [?:1.8.0_352]
	at org.apache.hadoop.security.UserGroupInformation.doAs(UserGroupInformation.java:1878) [hadoop-common-3.3.4.jar:?]
	at org.apache.hadoop.ipc.Server$Handler.run(Server.java:2976) [hadoop-common-3.3.4.jar:?]
10:06:29.027 [IPC Server handler 8 on default port 41175] ERROR OMAudit - user=runner | ip=127.0.0.1 | op=GET_FILE_STATUS {volume=volume17571, bucket=bucket85979, key=testBatchDelete/parent/childFolder/child6, dataSize=0, replicationConfig=null} | ret=FAILURE
org.apache.hadoop.ozone.om.exceptions.OMException: Unable to get file status: volume: volume17571 bucket: bucket85979 key: testBatchDelete/parent/childFolder/child6
	at org.apache.hadoop.ozone.om.KeyManagerImpl.getOzoneFileStatus(KeyManagerImpl.java:1301) ~[ozone-manager-1.4.0-SNAPSHOT.jar:?]
	at org.apache.hadoop.ozone.om.KeyManagerImpl.getFileStatus(KeyManagerImpl.java:1219) ~[ozone-manager-1.4.0-SNAPSHOT.jar:?]
	at org.apache.hadoop.ozone.om.OzoneManager.getFileStatus(OzoneManager.java:3578) ~[ozone-manager-1.4.0-SNAPSHOT.jar:?]
	at org.apache.hadoop.ozone.protocolPB.OzoneManagerRequestHandler.getOzoneFileStatus(OzoneManagerRequestHandler.java:907) ~[ozone-manager-1.4.0-SNAPSHOT.jar:?]
	at org.apache.hadoop.ozone.protocolPB.OzoneManagerRequestHandler.handleReadRequest(OzoneManagerRequestHandler.java:231) ~[ozone-manager-1.4.0-SNAPSHOT.jar:?]
	at org.apache.hadoop.ozone.protocolPB.OzoneManagerProtocolServerSideTranslatorPB.submitReadRequestToOM(OzoneManagerProtocolServerSideTranslatorPB.java:226) ~[ozone-manager-1.4.0-SNAPSHOT.jar:?]
	at org.apache.hadoop.ozone.protocolPB.OzoneManagerProtocolServerSideTranslatorPB.processRequest(OzoneManagerProtocolServerSideTranslatorPB.java:175) ~[ozone-manager-1.4.0-SNAPSHOT.jar:?]
	at org.apache.hadoop.hdds.server.OzoneProtocolMessageDispatcher.processRequest(OzoneProtocolMessageDispatcher.java:87) [hdds-server-framework-1.4.0-SNAPSHOT.jar:?]
	at org.apache.hadoop.ozone.protocolPB.OzoneManagerProtocolServerSideTranslatorPB.submitRequest(OzoneManagerProtocolServerSideTranslatorPB.java:147) [ozone-manager-1.4.0-SNAPSHOT.jar:?]
	at org.apache.hadoop.ozone.protocol.proto.OzoneManagerProtocolProtos$OzoneManagerService$2.callBlockingMethod(OzoneManagerProtocolProtos.java) [ozone-interface-client-1.4.0-SNAPSHOT.jar:?]
	at org.apache.hadoop.ipc.ProtobufRpcEngine$Server.processCall(ProtobufRpcEngine.java:465) [hadoop-common-3.3.4.jar:?]
	at org.apache.hadoop.ipc.ProtobufRpcEngine2$Server$ProtoBufRpcInvoker.call(ProtobufRpcEngine2.java:578) [hadoop-common-3.3.4.jar:?]
	at org.apache.hadoop.ipc.ProtobufRpcEngine2$Server$ProtoBufRpcInvoker.call(ProtobufRpcEngine2.java:556) [hadoop-common-3.3.4.jar:?]
	at org.apache.hadoop.ipc.RPC$Server.call(RPC.java:1093) [hadoop-common-3.3.4.jar:?]
	at org.apache.hadoop.ipc.Server$RpcCall.run(Server.java:1043) [hadoop-common-3.3.4.jar:?]
	at org.apache.hadoop.ipc.Server$RpcCall.run(Server.java:971) [hadoop-common-3.3.4.jar:?]
	at java.security.AccessController.doPrivileged(Native Method) ~[?:1.8.0_352]
	at javax.security.auth.Subject.doAs(Subject.java:422) [?:1.8.0_352]
	at org.apache.hadoop.security.UserGroupInformation.doAs(UserGroupInformation.java:1878) [hadoop-common-3.3.4.jar:?]
	at org.apache.hadoop.ipc.Server$Handler.run(Server.java:2976) [hadoop-common-3.3.4.jar:?]
10:06:29.028 [IPC Server handler 11 on default port 41175] ERROR OMAudit - user=runner | ip=127.0.0.1 | op=GET_FILE_STATUS {volume=volume17571, bucket=bucket85979, key=testBatchDelete/parent/child7, dataSize=0, replicationConfig=null} | ret=FAILURE
org.apache.hadoop.ozone.om.exceptions.OMException: Unable to get file status: volume: volume17571 bucket: bucket85979 key: testBatchDelete/parent/child7
	at org.apache.hadoop.ozone.om.KeyManagerImpl.getOzoneFileStatus(KeyManagerImpl.java:1301) ~[ozone-manager-1.4.0-SNAPSHOT.jar:?]
	at org.apache.hadoop.ozone.om.KeyManagerImpl.getFileStatus(KeyManagerImpl.java:1219) ~[ozone-manager-1.4.0-SNAPSHOT.jar:?]
	at org.apache.hadoop.ozone.om.OzoneManager.getFileStatus(OzoneManager.java:3578) ~[ozone-manager-1.4.0-SNAPSHOT.jar:?]
	at org.apache.hadoop.ozone.protocolPB.OzoneManagerRequestHandler.getOzoneFileStatus(OzoneManagerRequestHandler.java:907) ~[ozone-manager-1.4.0-SNAPSHOT.jar:?]
	at org.apache.hadoop.ozone.protocolPB.OzoneManagerRequestHandler.handleReadRequest(OzoneManagerRequestHandler.java:231) ~[ozone-manager-1.4.0-SNAPSHOT.jar:?]
	at org.apache.hadoop.ozone.protocolPB.OzoneManagerProtocolServerSideTranslatorPB.submitReadRequestToOM(OzoneManagerProtocolServerSideTranslatorPB.java:226) ~[ozone-manager-1.4.0-SNAPSHOT.jar:?]
	at org.apache.hadoop.ozone.protocolPB.OzoneManagerProtocolServerSideTranslatorPB.processRequest(OzoneManagerProtocolServerSideTranslatorPB.java:175) ~[ozone-manager-1.4.0-SNAPSHOT.jar:?]
	at org.apache.hadoop.hdds.server.OzoneProtocolMessageDispatcher.processRequest(OzoneProtocolMessageDispatcher.java:87) [hdds-server-framework-1.4.0-SNAPSHOT.jar:?]
	at org.apache.hadoop.ozone.protocolPB.OzoneManagerProtocolServerSideTranslatorPB.submitRequest(OzoneManagerProtocolServerSideTranslatorPB.java:147) [ozone-manager-1.4.0-SNAPSHOT.jar:?]
	at org.apache.hadoop.ozone.protocol.proto.OzoneManagerProtocolProtos$OzoneManagerService$2.callBlockingMethod(OzoneManagerProtocolProtos.java) [ozone-interface-client-1.4.0-SNAPSHOT.jar:?]
	at org.apache.hadoop.ipc.ProtobufRpcEngine$Server.processCall(ProtobufRpcEngine.java:465) [hadoop-common-3.3.4.jar:?]
	at org.apache.hadoop.ipc.ProtobufRpcEngine2$Server$ProtoBufRpcInvoker.call(ProtobufRpcEngine2.java:578) [hadoop-common-3.3.4.jar:?]
	at org.apache.hadoop.ipc.ProtobufRpcEngine2$Server$ProtoBufRpcInvoker.call(ProtobufRpcEngine2.java:556) [hadoop-common-3.3.4.jar:?]
	at org.apache.hadoop.ipc.RPC$Server.call(RPC.java:1093) [hadoop-common-3.3.4.jar:?]
	at org.apache.hadoop.ipc.Server$RpcCall.run(Server.java:1043) [hadoop-common-3.3.4.jar:?]
	at org.apache.hadoop.ipc.Server$RpcCall.run(Server.java:971) [hadoop-common-3.3.4.jar:?]
	at java.security.AccessController.doPrivileged(Native Method) ~[?:1.8.0_352]
	at javax.security.auth.Subject.doAs(Subject.java:422) [?:1.8.0_352]
	at org.apache.hadoop.security.UserGroupInformation.doAs(UserGroupInformation.java:1878) [hadoop-common-3.3.4.jar:?]
	at org.apache.hadoop.ipc.Server$Handler.run(Server.java:2976) [hadoop-common-3.3.4.jar:?]
10:06:29.029 [IPC Server handler 16 on default port 41175] ERROR OMAudit - user=runner | ip=127.0.0.1 | op=GET_FILE_STATUS {volume=volume17571, bucket=bucket85979, key=testBatchDelete/parent/childFolder/child7, dataSize=0, replicationConfig=null} | ret=FAILURE
org.apache.hadoop.ozone.om.exceptions.OMException: Unable to get file status: volume: volume17571 bucket: bucket85979 key: testBatchDelete/parent/childFolder/child7
	at org.apache.hadoop.ozone.om.KeyManagerImpl.getOzoneFileStatus(KeyManagerImpl.java:1301) ~[ozone-manager-1.4.0-SNAPSHOT.jar:?]
	at org.apache.hadoop.ozone.om.KeyManagerImpl.getFileStatus(KeyManagerImpl.java:1219) ~[ozone-manager-1.4.0-SNAPSHOT.jar:?]
	at org.apache.hadoop.ozone.om.OzoneManager.getFileStatus(OzoneManager.java:3578) ~[ozone-manager-1.4.0-SNAPSHOT.jar:?]
	at org.apache.hadoop.ozone.protocolPB.OzoneManagerRequestHandler.getOzoneFileStatus(OzoneManagerRequestHandler.java:907) ~[ozone-manager-1.4.0-SNAPSHOT.jar:?]
	at org.apache.hadoop.ozone.protocolPB.OzoneManagerRequestHandler.handleReadRequest(OzoneManagerRequestHandler.java:231) ~[ozone-manager-1.4.0-SNAPSHOT.jar:?]
	at org.apache.hadoop.ozone.protocolPB.OzoneManagerProtocolServerSideTranslatorPB.submitReadRequestToOM(OzoneManagerProtocolServerSideTranslatorPB.java:226) ~[ozone-manager-1.4.0-SNAPSHOT.jar:?]
	at org.apache.hadoop.ozone.protocolPB.OzoneManagerProtocolServerSideTranslatorPB.processRequest(OzoneManagerProtocolServerSideTranslatorPB.java:175) ~[ozone-manager-1.4.0-SNAPSHOT.jar:?]
	at org.apache.hadoop.hdds.server.OzoneProtocolMessageDispatcher.processRequest(OzoneProtocolMessageDispatcher.java:87) [hdds-server-framework-1.4.0-SNAPSHOT.jar:?]
	at org.apache.hadoop.ozone.protocolPB.OzoneManagerProtocolServerSideTranslatorPB.submitRequest(OzoneManagerProtocolServerSideTranslatorPB.java:147) [ozone-manager-1.4.0-SNAPSHOT.jar:?]
	at org.apache.hadoop.ozone.protocol.proto.OzoneManagerProtocolProtos$OzoneManagerService$2.callBlockingMethod(OzoneManagerProtocolProtos.java) [ozone-interface-client-1.4.0-SNAPSHOT.jar:?]
	at org.apache.hadoop.ipc.ProtobufRpcEngine$Server.processCall(ProtobufRpcEngine.java:465) [hadoop-common-3.3.4.jar:?]
	at org.apache.hadoop.ipc.ProtobufRpcEngine2$Server$ProtoBufRpcInvoker.call(ProtobufRpcEngine2.java:578) [hadoop-common-3.3.4.jar:?]
	at org.apache.hadoop.ipc.ProtobufRpcEngine2$Server$ProtoBufRpcInvoker.call(ProtobufRpcEngine2.java:556) [hadoop-common-3.3.4.jar:?]
	at org.apache.hadoop.ipc.RPC$Server.call(RPC.java:1093) [hadoop-common-3.3.4.jar:?]
	at org.apache.hadoop.ipc.Server$RpcCall.run(Server.java:1043) [hadoop-common-3.3.4.jar:?]
	at org.apache.hadoop.ipc.Server$RpcCall.run(Server.java:971) [hadoop-common-3.3.4.jar:?]
	at java.security.AccessController.doPrivileged(Native Method) ~[?:1.8.0_352]
	at javax.security.auth.Subject.doAs(Subject.java:422) [?:1.8.0_352]
	at org.apache.hadoop.security.UserGroupInformation.doAs(UserGroupInformation.java:1878) [hadoop-common-3.3.4.jar:?]
	at org.apache.hadoop.ipc.Server$Handler.run(Server.java:2976) [hadoop-common-3.3.4.jar:?]
10:06:29.030 [IPC Server handler 14 on default port 41175] ERROR OMAudit - user=runner | ip=127.0.0.1 | op=GET_FILE_STATUS {volume=volume17571, bucket=bucket85979, key=testBatchDelete/parent, dataSize=0, replicationConfig=null} | ret=FAILURE
org.apache.hadoop.ozone.om.exceptions.OMException: Unable to get file status: volume: volume17571 bucket: bucket85979 key: testBatchDelete/parent
	at org.apache.hadoop.ozone.om.KeyManagerImpl.getOzoneFileStatus(KeyManagerImpl.java:1301) ~[ozone-manager-1.4.0-SNAPSHOT.jar:?]
	at org.apache.hadoop.ozone.om.KeyManagerImpl.getFileStatus(KeyManagerImpl.java:1219) ~[ozone-manager-1.4.0-SNAPSHOT.jar:?]
	at org.apache.hadoop.ozone.om.OzoneManager.getFileStatus(OzoneManager.java:3578) ~[ozone-manager-1.4.0-SNAPSHOT.jar:?]
	at org.apache.hadoop.ozone.protocolPB.OzoneManagerRequestHandler.getOzoneFileStatus(OzoneManagerRequestHandler.java:907) ~[ozone-manager-1.4.0-SNAPSHOT.jar:?]
	at org.apache.hadoop.ozone.protocolPB.OzoneManagerRequestHandler.handleReadRequest(OzoneManagerRequestHandler.java:231) ~[ozone-manager-1.4.0-SNAPSHOT.jar:?]
	at org.apache.hadoop.ozone.protocolPB.OzoneManagerProtocolServerSideTranslatorPB.submitReadRequestToOM(OzoneManagerProtocolServerSideTranslatorPB.java:226) ~[ozone-manager-1.4.0-SNAPSHOT.jar:?]
	at org.apache.hadoop.ozone.protocolPB.OzoneManagerProtocolServerSideTranslatorPB.processRequest(OzoneManagerProtocolServerSideTranslatorPB.java:175) ~[ozone-manager-1.4.0-SNAPSHOT.jar:?]
	at org.apache.hadoop.hdds.server.OzoneProtocolMessageDispatcher.processRequest(OzoneProtocolMessageDispatcher.java:87) [hdds-server-framework-1.4.0-SNAPSHOT.jar:?]
	at org.apache.hadoop.ozone.protocolPB.OzoneManagerProtocolServerSideTranslatorPB.submitRequest(OzoneManagerProtocolServerSideTranslatorPB.java:147) [ozone-manager-1.4.0-SNAPSHOT.jar:?]
	at org.apache.hadoop.ozone.protocol.proto.OzoneManagerProtocolProtos$OzoneManagerService$2.callBlockingMethod(OzoneManagerProtocolProtos.java) [ozone-interface-client-1.4.0-SNAPSHOT.jar:?]
	at org.apache.hadoop.ipc.ProtobufRpcEngine$Server.processCall(ProtobufRpcEngine.java:465) [hadoop-common-3.3.4.jar:?]
	at org.apache.hadoop.ipc.ProtobufRpcEngine2$Server$ProtoBufRpcInvoker.call(ProtobufRpcEngine2.java:578) [hadoop-common-3.3.4.jar:?]
	at org.apache.hadoop.ipc.ProtobufRpcEngine2$Server$ProtoBufRpcInvoker.call(ProtobufRpcEngine2.java:556) [hadoop-common-3.3.4.jar:?]
	at org.apache.hadoop.ipc.RPC$Server.call(RPC.java:1093) [hadoop-common-3.3.4.jar:?]
	at org.apache.hadoop.ipc.Server$RpcCall.run(Server.java:1043) [hadoop-common-3.3.4.jar:?]
	at org.apache.hadoop.ipc.Server$RpcCall.run(Server.java:971) [hadoop-common-3.3.4.jar:?]
	at java.security.AccessController.doPrivileged(Native Method) ~[?:1.8.0_352]
	at javax.security.auth.Subject.doAs(Subject.java:422) [?:1.8.0_352]
	at org.apache.hadoop.security.UserGroupInformation.doAs(UserGroupInformation.java:1878) [hadoop-common-3.3.4.jar:?]
	at org.apache.hadoop.ipc.Server$Handler.run(Server.java:2976) [hadoop-common-3.3.4.jar:?]
2023-01-03 10:06:29,030 [Time-limited test] WARN  ozone.BasicOzoneFileSystem (BasicOzoneFileSystem.java:delete(551)) - delete: Path does not exist: /testBatchDelete/parent
]]></system-out>
  </testcase>
  <testcase name="testFileDelete" classname="TestOzoneFileSystem" time="0.067">
    <system-out><![CDATA[2023-01-03 10:07:28,087 [IPC Server handler 15 on default port 46801] INFO  key.OMKeyRequest (OMKeyRequest.java:wrapUncommittedBlocksAsPseudoKey(835)) - Detect allocated but uncommitted blocks [{blockID={containerID=3, localID=111677748019200040}, length=4194304, offset=0, token=null, pipeline=null, createVersion=0, partNumber=0}] in key testBatchDelete/parent/child0.
2023-01-03 10:07:28,090 [IPC Server handler 16 on default port 46801] INFO  key.OMKeyRequest (OMKeyRequest.java:wrapUncommittedBlocksAsPseudoKey(835)) - Detect allocated but uncommitted blocks [{blockID={containerID=4, localID=111677748019200041}, length=4194304, offset=0, token=null, pipeline=null, createVersion=0, partNumber=0}] in key testBatchDelete/parent/childFolder/child0.
2023-01-03 10:07:28,093 [IPC Server handler 19 on default port 46801] INFO  key.OMKeyRequest (OMKeyRequest.java:wrapUncommittedBlocksAsPseudoKey(835)) - Detect allocated but uncommitted blocks [{blockID={containerID=1, localID=111677748019200042}, length=4194304, offset=0, token=null, pipeline=null, createVersion=0, partNumber=0}] in key testBatchDelete/parent/child1.
2023-01-03 10:07:28,100 [IPC Server handler 1 on default port 46801] INFO  key.OMKeyRequest (OMKeyRequest.java:wrapUncommittedBlocksAsPseudoKey(835)) - Detect allocated but uncommitted blocks [{blockID={containerID=2, localID=111677748019200043}, length=4194304, offset=0, token=null, pipeline=null, createVersion=0, partNumber=0}] in key testBatchDelete/parent/childFolder/child1.
2023-01-03 10:07:28,103 [IPC Server handler 3 on default port 46801] INFO  key.OMKeyRequest (OMKeyRequest.java:wrapUncommittedBlocksAsPseudoKey(835)) - Detect allocated but uncommitted blocks [{blockID={containerID=3, localID=111677748019200044}, length=4194304, offset=0, token=null, pipeline=null, createVersion=0, partNumber=0}] in key testBatchDelete/parent/child2.
2023-01-03 10:07:28,105 [IPC Server handler 5 on default port 46801] INFO  key.OMKeyRequest (OMKeyRequest.java:wrapUncommittedBlocksAsPseudoKey(835)) - Detect allocated but uncommitted blocks [{blockID={containerID=4, localID=111677748019200045}, length=4194304, offset=0, token=null, pipeline=null, createVersion=0, partNumber=0}] in key testBatchDelete/parent/childFolder/child2.
2023-01-03 10:07:28,108 [IPC Server handler 7 on default port 46801] INFO  key.OMKeyRequest (OMKeyRequest.java:wrapUncommittedBlocksAsPseudoKey(835)) - Detect allocated but uncommitted blocks [{blockID={containerID=1, localID=111677748019200046}, length=4194304, offset=0, token=null, pipeline=null, createVersion=0, partNumber=0}] in key testBatchDelete/parent/child3.
2023-01-03 10:07:28,111 [IPC Server handler 9 on default port 46801] INFO  key.OMKeyRequest (OMKeyRequest.java:wrapUncommittedBlocksAsPseudoKey(835)) - Detect allocated but uncommitted blocks [{blockID={containerID=2, localID=111677748019200047}, length=4194304, offset=0, token=null, pipeline=null, createVersion=0, partNumber=0}] in key testBatchDelete/parent/childFolder/child3.
2023-01-03 10:07:28,113 [IPC Server handler 11 on default port 46801] INFO  key.OMKeyRequest (OMKeyRequest.java:wrapUncommittedBlocksAsPseudoKey(835)) - Detect allocated but uncommitted blocks [{blockID={containerID=1, localID=111677748019200048}, length=4194304, offset=0, token=null, pipeline=null, createVersion=0, partNumber=0}] in key testBatchDelete/parent/child4.
2023-01-03 10:07:28,116 [IPC Server handler 13 on default port 46801] INFO  key.OMKeyRequest (OMKeyRequest.java:wrapUncommittedBlocksAsPseudoKey(835)) - Detect allocated but uncommitted blocks [{blockID={containerID=3, localID=111677748019200049}, length=4194304, offset=0, token=null, pipeline=null, createVersion=0, partNumber=0}] in key testBatchDelete/parent/childFolder/child4.
2023-01-03 10:07:28,118 [IPC Server handler 15 on default port 46801] INFO  key.OMKeyRequest (OMKeyRequest.java:wrapUncommittedBlocksAsPseudoKey(835)) - Detect allocated but uncommitted blocks [{blockID={containerID=4, localID=111677748019200050}, length=4194304, offset=0, token=null, pipeline=null, createVersion=0, partNumber=0}] in key testBatchDelete/parent/child5.
2023-01-03 10:07:28,121 [IPC Server handler 16 on default port 46801] INFO  key.OMKeyRequest (OMKeyRequest.java:wrapUncommittedBlocksAsPseudoKey(835)) - Detect allocated but uncommitted blocks [{blockID={containerID=2, localID=111677748019200051}, length=4194304, offset=0, token=null, pipeline=null, createVersion=0, partNumber=0}] in key testBatchDelete/parent/childFolder/child5.
2023-01-03 10:07:28,123 [IPC Server handler 19 on default port 46801] INFO  key.OMKeyRequest (OMKeyRequest.java:wrapUncommittedBlocksAsPseudoKey(835)) - Detect allocated but uncommitted blocks [{blockID={containerID=1, localID=111677748019200052}, length=4194304, offset=0, token=null, pipeline=null, createVersion=0, partNumber=0}] in key testBatchDelete/parent/child6.
2023-01-03 10:07:28,126 [IPC Server handler 1 on default port 46801] INFO  key.OMKeyRequest (OMKeyRequest.java:wrapUncommittedBlocksAsPseudoKey(835)) - Detect allocated but uncommitted blocks [{blockID={containerID=2, localID=111677748019200053}, length=4194304, offset=0, token=null, pipeline=null, createVersion=0, partNumber=0}] in key testBatchDelete/parent/childFolder/child6.
2023-01-03 10:07:28,129 [IPC Server handler 3 on default port 46801] INFO  key.OMKeyRequest (OMKeyRequest.java:wrapUncommittedBlocksAsPseudoKey(835)) - Detect allocated but uncommitted blocks [{blockID={containerID=3, localID=111677748019200054}, length=4194304, offset=0, token=null, pipeline=null, createVersion=0, partNumber=0}] in key testBatchDelete/parent/child7.
2023-01-03 10:07:28,131 [IPC Server handler 5 on default port 46801] INFO  key.OMKeyRequest (OMKeyRequest.java:wrapUncommittedBlocksAsPseudoKey(835)) - Detect allocated but uncommitted blocks [{blockID={containerID=1, localID=111677748019200055}, length=4194304, offset=0, token=null, pipeline=null, createVersion=0, partNumber=0}] in key testBatchDelete/parent/childFolder/child7.
10:07:28.138 [IPC Server handler 16 on default port 46801] ERROR OMAudit - user=runner | ip=127.0.0.1 | op=GET_FILE_STATUS {volume=volume72509, bucket=bucket24043, key=testBatchDelete, dataSize=0, replicationConfig=null} | ret=FAILURE
org.apache.hadoop.ozone.om.exceptions.OMException: Unable to get file status: volume: volume72509 bucket: bucket24043 key: testBatchDelete
	at org.apache.hadoop.ozone.om.KeyManagerImpl.getOzoneFileStatus(KeyManagerImpl.java:1301) ~[ozone-manager-1.4.0-SNAPSHOT.jar:?]
	at org.apache.hadoop.ozone.om.KeyManagerImpl.getFileStatus(KeyManagerImpl.java:1219) ~[ozone-manager-1.4.0-SNAPSHOT.jar:?]
	at org.apache.hadoop.ozone.om.OzoneManager.getFileStatus(OzoneManager.java:3578) ~[ozone-manager-1.4.0-SNAPSHOT.jar:?]
	at org.apache.hadoop.ozone.protocolPB.OzoneManagerRequestHandler.getOzoneFileStatus(OzoneManagerRequestHandler.java:907) ~[ozone-manager-1.4.0-SNAPSHOT.jar:?]
	at org.apache.hadoop.ozone.protocolPB.OzoneManagerRequestHandler.handleReadRequest(OzoneManagerRequestHandler.java:231) ~[ozone-manager-1.4.0-SNAPSHOT.jar:?]
	at org.apache.hadoop.ozone.protocolPB.OzoneManagerProtocolServerSideTranslatorPB.submitRequestDirectlyToOM(OzoneManagerProtocolServerSideTranslatorPB.java:276) ~[ozone-manager-1.4.0-SNAPSHOT.jar:?]
	at org.apache.hadoop.ozone.protocolPB.OzoneManagerProtocolServerSideTranslatorPB.processRequest(OzoneManagerProtocolServerSideTranslatorPB.java:205) ~[ozone-manager-1.4.0-SNAPSHOT.jar:?]
	at org.apache.hadoop.hdds.server.OzoneProtocolMessageDispatcher.processRequest(OzoneProtocolMessageDispatcher.java:87) [hdds-server-framework-1.4.0-SNAPSHOT.jar:?]
	at org.apache.hadoop.ozone.protocolPB.OzoneManagerProtocolServerSideTranslatorPB.submitRequest(OzoneManagerProtocolServerSideTranslatorPB.java:147) [ozone-manager-1.4.0-SNAPSHOT.jar:?]
	at org.apache.hadoop.ozone.protocol.proto.OzoneManagerProtocolProtos$OzoneManagerService$2.callBlockingMethod(OzoneManagerProtocolProtos.java) [ozone-interface-client-1.4.0-SNAPSHOT.jar:?]
	at org.apache.hadoop.ipc.ProtobufRpcEngine$Server.processCall(ProtobufRpcEngine.java:465) [hadoop-common-3.3.4.jar:?]
	at org.apache.hadoop.ipc.ProtobufRpcEngine2$Server$ProtoBufRpcInvoker.call(ProtobufRpcEngine2.java:578) [hadoop-common-3.3.4.jar:?]
	at org.apache.hadoop.ipc.ProtobufRpcEngine2$Server$ProtoBufRpcInvoker.call(ProtobufRpcEngine2.java:556) [hadoop-common-3.3.4.jar:?]
	at org.apache.hadoop.ipc.RPC$Server.call(RPC.java:1093) [hadoop-common-3.3.4.jar:?]
	at org.apache.hadoop.ipc.Server$RpcCall.run(Server.java:1043) [hadoop-common-3.3.4.jar:?]
	at org.apache.hadoop.ipc.Server$RpcCall.run(Server.java:971) [hadoop-common-3.3.4.jar:?]
	at java.security.AccessController.doPrivileged(Native Method) ~[?:1.8.0_352]
	at javax.security.auth.Subject.doAs(Subject.java:422) [?:1.8.0_352]
	at org.apache.hadoop.security.UserGroupInformation.doAs(UserGroupInformation.java:1878) [hadoop-common-3.3.4.jar:?]
	at org.apache.hadoop.ipc.Server$Handler.run(Server.java:2976) [hadoop-common-3.3.4.jar:?]
10:07:28.139 [IPC Server handler 18 on default port 46801] ERROR OMAudit - user=runner | ip=127.0.0.1 | op=GET_FILE_STATUS {volume=volume72509, bucket=bucket24043, key=testBatchDelete/parent/child0, dataSize=0, replicationConfig=null} | ret=FAILURE
org.apache.hadoop.ozone.om.exceptions.OMException: Unable to get file status: volume: volume72509 bucket: bucket24043 key: testBatchDelete/parent/child0
	at org.apache.hadoop.ozone.om.KeyManagerImpl.getOzoneFileStatus(KeyManagerImpl.java:1301) ~[ozone-manager-1.4.0-SNAPSHOT.jar:?]
	at org.apache.hadoop.ozone.om.KeyManagerImpl.getFileStatus(KeyManagerImpl.java:1219) ~[ozone-manager-1.4.0-SNAPSHOT.jar:?]
	at org.apache.hadoop.ozone.om.OzoneManager.getFileStatus(OzoneManager.java:3578) ~[ozone-manager-1.4.0-SNAPSHOT.jar:?]
	at org.apache.hadoop.ozone.protocolPB.OzoneManagerRequestHandler.getOzoneFileStatus(OzoneManagerRequestHandler.java:907) ~[ozone-manager-1.4.0-SNAPSHOT.jar:?]
	at org.apache.hadoop.ozone.protocolPB.OzoneManagerRequestHandler.handleReadRequest(OzoneManagerRequestHandler.java:231) ~[ozone-manager-1.4.0-SNAPSHOT.jar:?]
	at org.apache.hadoop.ozone.protocolPB.OzoneManagerProtocolServerSideTranslatorPB.submitRequestDirectlyToOM(OzoneManagerProtocolServerSideTranslatorPB.java:276) ~[ozone-manager-1.4.0-SNAPSHOT.jar:?]
	at org.apache.hadoop.ozone.protocolPB.OzoneManagerProtocolServerSideTranslatorPB.processRequest(OzoneManagerProtocolServerSideTranslatorPB.java:205) ~[ozone-manager-1.4.0-SNAPSHOT.jar:?]
	at org.apache.hadoop.hdds.server.OzoneProtocolMessageDispatcher.processRequest(OzoneProtocolMessageDispatcher.java:87) [hdds-server-framework-1.4.0-SNAPSHOT.jar:?]
	at org.apache.hadoop.ozone.protocolPB.OzoneManagerProtocolServerSideTranslatorPB.submitRequest(OzoneManagerProtocolServerSideTranslatorPB.java:147) [ozone-manager-1.4.0-SNAPSHOT.jar:?]
	at org.apache.hadoop.ozone.protocol.proto.OzoneManagerProtocolProtos$OzoneManagerService$2.callBlockingMethod(OzoneManagerProtocolProtos.java) [ozone-interface-client-1.4.0-SNAPSHOT.jar:?]
	at org.apache.hadoop.ipc.ProtobufRpcEngine$Server.processCall(ProtobufRpcEngine.java:465) [hadoop-common-3.3.4.jar:?]
	at org.apache.hadoop.ipc.ProtobufRpcEngine2$Server$ProtoBufRpcInvoker.call(ProtobufRpcEngine2.java:578) [hadoop-common-3.3.4.jar:?]
	at org.apache.hadoop.ipc.ProtobufRpcEngine2$Server$ProtoBufRpcInvoker.call(ProtobufRpcEngine2.java:556) [hadoop-common-3.3.4.jar:?]
	at org.apache.hadoop.ipc.RPC$Server.call(RPC.java:1093) [hadoop-common-3.3.4.jar:?]
	at org.apache.hadoop.ipc.Server$RpcCall.run(Server.java:1043) [hadoop-common-3.3.4.jar:?]
	at org.apache.hadoop.ipc.Server$RpcCall.run(Server.java:971) [hadoop-common-3.3.4.jar:?]
	at java.security.AccessController.doPrivileged(Native Method) ~[?:1.8.0_352]
	at javax.security.auth.Subject.doAs(Subject.java:422) [?:1.8.0_352]
	at org.apache.hadoop.security.UserGroupInformation.doAs(UserGroupInformation.java:1878) [hadoop-common-3.3.4.jar:?]
	at org.apache.hadoop.ipc.Server$Handler.run(Server.java:2976) [hadoop-common-3.3.4.jar:?]
10:07:28.139 [IPC Server handler 19 on default port 46801] ERROR OMAudit - user=runner | ip=127.0.0.1 | op=GET_FILE_STATUS {volume=volume72509, bucket=bucket24043, key=testBatchDelete/parent/childFolder/child0, dataSize=0, replicationConfig=null} | ret=FAILURE
org.apache.hadoop.ozone.om.exceptions.OMException: Unable to get file status: volume: volume72509 bucket: bucket24043 key: testBatchDelete/parent/childFolder/child0
	at org.apache.hadoop.ozone.om.KeyManagerImpl.getOzoneFileStatus(KeyManagerImpl.java:1301) ~[ozone-manager-1.4.0-SNAPSHOT.jar:?]
	at org.apache.hadoop.ozone.om.KeyManagerImpl.getFileStatus(KeyManagerImpl.java:1219) ~[ozone-manager-1.4.0-SNAPSHOT.jar:?]
	at org.apache.hadoop.ozone.om.OzoneManager.getFileStatus(OzoneManager.java:3578) ~[ozone-manager-1.4.0-SNAPSHOT.jar:?]
	at org.apache.hadoop.ozone.protocolPB.OzoneManagerRequestHandler.getOzoneFileStatus(OzoneManagerRequestHandler.java:907) ~[ozone-manager-1.4.0-SNAPSHOT.jar:?]
	at org.apache.hadoop.ozone.protocolPB.OzoneManagerRequestHandler.handleReadRequest(OzoneManagerRequestHandler.java:231) ~[ozone-manager-1.4.0-SNAPSHOT.jar:?]
	at org.apache.hadoop.ozone.protocolPB.OzoneManagerProtocolServerSideTranslatorPB.submitRequestDirectlyToOM(OzoneManagerProtocolServerSideTranslatorPB.java:276) ~[ozone-manager-1.4.0-SNAPSHOT.jar:?]
	at org.apache.hadoop.ozone.protocolPB.OzoneManagerProtocolServerSideTranslatorPB.processRequest(OzoneManagerProtocolServerSideTranslatorPB.java:205) ~[ozone-manager-1.4.0-SNAPSHOT.jar:?]
	at org.apache.hadoop.hdds.server.OzoneProtocolMessageDispatcher.processRequest(OzoneProtocolMessageDispatcher.java:87) [hdds-server-framework-1.4.0-SNAPSHOT.jar:?]
	at org.apache.hadoop.ozone.protocolPB.OzoneManagerProtocolServerSideTranslatorPB.submitRequest(OzoneManagerProtocolServerSideTranslatorPB.java:147) [ozone-manager-1.4.0-SNAPSHOT.jar:?]
	at org.apache.hadoop.ozone.protocol.proto.OzoneManagerProtocolProtos$OzoneManagerService$2.callBlockingMethod(OzoneManagerProtocolProtos.java) [ozone-interface-client-1.4.0-SNAPSHOT.jar:?]
	at org.apache.hadoop.ipc.ProtobufRpcEngine$Server.processCall(ProtobufRpcEngine.java:465) [hadoop-common-3.3.4.jar:?]
	at org.apache.hadoop.ipc.ProtobufRpcEngine2$Server$ProtoBufRpcInvoker.call(ProtobufRpcEngine2.java:578) [hadoop-common-3.3.4.jar:?]
	at org.apache.hadoop.ipc.ProtobufRpcEngine2$Server$ProtoBufRpcInvoker.call(ProtobufRpcEngine2.java:556) [hadoop-common-3.3.4.jar:?]
	at org.apache.hadoop.ipc.RPC$Server.call(RPC.java:1093) [hadoop-common-3.3.4.jar:?]
	at org.apache.hadoop.ipc.Server$RpcCall.run(Server.java:1043) [hadoop-common-3.3.4.jar:?]
	at org.apache.hadoop.ipc.Server$RpcCall.run(Server.java:971) [hadoop-common-3.3.4.jar:?]
	at java.security.AccessController.doPrivileged(Native Method) ~[?:1.8.0_352]
	at javax.security.auth.Subject.doAs(Subject.java:422) [?:1.8.0_352]
	at org.apache.hadoop.security.UserGroupInformation.doAs(UserGroupInformation.java:1878) [hadoop-common-3.3.4.jar:?]
	at org.apache.hadoop.ipc.Server$Handler.run(Server.java:2976) [hadoop-common-3.3.4.jar:?]
10:07:28.140 [IPC Server handler 0 on default port 46801] ERROR OMAudit - user=runner | ip=127.0.0.1 | op=GET_FILE_STATUS {volume=volume72509, bucket=bucket24043, key=testBatchDelete/parent/child1, dataSize=0, replicationConfig=null} | ret=FAILURE
org.apache.hadoop.ozone.om.exceptions.OMException: Unable to get file status: volume: volume72509 bucket: bucket24043 key: testBatchDelete/parent/child1
	at org.apache.hadoop.ozone.om.KeyManagerImpl.getOzoneFileStatus(KeyManagerImpl.java:1301) ~[ozone-manager-1.4.0-SNAPSHOT.jar:?]
	at org.apache.hadoop.ozone.om.KeyManagerImpl.getFileStatus(KeyManagerImpl.java:1219) ~[ozone-manager-1.4.0-SNAPSHOT.jar:?]
	at org.apache.hadoop.ozone.om.OzoneManager.getFileStatus(OzoneManager.java:3578) ~[ozone-manager-1.4.0-SNAPSHOT.jar:?]
	at org.apache.hadoop.ozone.protocolPB.OzoneManagerRequestHandler.getOzoneFileStatus(OzoneManagerRequestHandler.java:907) ~[ozone-manager-1.4.0-SNAPSHOT.jar:?]
	at org.apache.hadoop.ozone.protocolPB.OzoneManagerRequestHandler.handleReadRequest(OzoneManagerRequestHandler.java:231) ~[ozone-manager-1.4.0-SNAPSHOT.jar:?]
	at org.apache.hadoop.ozone.protocolPB.OzoneManagerProtocolServerSideTranslatorPB.submitRequestDirectlyToOM(OzoneManagerProtocolServerSideTranslatorPB.java:276) ~[ozone-manager-1.4.0-SNAPSHOT.jar:?]
	at org.apache.hadoop.ozone.protocolPB.OzoneManagerProtocolServerSideTranslatorPB.processRequest(OzoneManagerProtocolServerSideTranslatorPB.java:205) ~[ozone-manager-1.4.0-SNAPSHOT.jar:?]
	at org.apache.hadoop.hdds.server.OzoneProtocolMessageDispatcher.processRequest(OzoneProtocolMessageDispatcher.java:87) [hdds-server-framework-1.4.0-SNAPSHOT.jar:?]
	at org.apache.hadoop.ozone.protocolPB.OzoneManagerProtocolServerSideTranslatorPB.submitRequest(OzoneManagerProtocolServerSideTranslatorPB.java:147) [ozone-manager-1.4.0-SNAPSHOT.jar:?]
	at org.apache.hadoop.ozone.protocol.proto.OzoneManagerProtocolProtos$OzoneManagerService$2.callBlockingMethod(OzoneManagerProtocolProtos.java) [ozone-interface-client-1.4.0-SNAPSHOT.jar:?]
	at org.apache.hadoop.ipc.ProtobufRpcEngine$Server.processCall(ProtobufRpcEngine.java:465) [hadoop-common-3.3.4.jar:?]
	at org.apache.hadoop.ipc.ProtobufRpcEngine2$Server$ProtoBufRpcInvoker.call(ProtobufRpcEngine2.java:578) [hadoop-common-3.3.4.jar:?]
	at org.apache.hadoop.ipc.ProtobufRpcEngine2$Server$ProtoBufRpcInvoker.call(ProtobufRpcEngine2.java:556) [hadoop-common-3.3.4.jar:?]
	at org.apache.hadoop.ipc.RPC$Server.call(RPC.java:1093) [hadoop-common-3.3.4.jar:?]
	at org.apache.hadoop.ipc.Server$RpcCall.run(Server.java:1043) [hadoop-common-3.3.4.jar:?]
	at org.apache.hadoop.ipc.Server$RpcCall.run(Server.java:971) [hadoop-common-3.3.4.jar:?]
	at java.security.AccessController.doPrivileged(Native Method) ~[?:1.8.0_352]
	at javax.security.auth.Subject.doAs(Subject.java:422) [?:1.8.0_352]
	at org.apache.hadoop.security.UserGroupInformation.doAs(UserGroupInformation.java:1878) [hadoop-common-3.3.4.jar:?]
	at org.apache.hadoop.ipc.Server$Handler.run(Server.java:2976) [hadoop-common-3.3.4.jar:?]
10:07:28.141 [IPC Server handler 1 on default port 46801] ERROR OMAudit - user=runner | ip=127.0.0.1 | op=GET_FILE_STATUS {volume=volume72509, bucket=bucket24043, key=testBatchDelete/parent/childFolder/child1, dataSize=0, replicationConfig=null} | ret=FAILURE
org.apache.hadoop.ozone.om.exceptions.OMException: Unable to get file status: volume: volume72509 bucket: bucket24043 key: testBatchDelete/parent/childFolder/child1
	at org.apache.hadoop.ozone.om.KeyManagerImpl.getOzoneFileStatus(KeyManagerImpl.java:1301) ~[ozone-manager-1.4.0-SNAPSHOT.jar:?]
	at org.apache.hadoop.ozone.om.KeyManagerImpl.getFileStatus(KeyManagerImpl.java:1219) ~[ozone-manager-1.4.0-SNAPSHOT.jar:?]
	at org.apache.hadoop.ozone.om.OzoneManager.getFileStatus(OzoneManager.java:3578) ~[ozone-manager-1.4.0-SNAPSHOT.jar:?]
	at org.apache.hadoop.ozone.protocolPB.OzoneManagerRequestHandler.getOzoneFileStatus(OzoneManagerRequestHandler.java:907) ~[ozone-manager-1.4.0-SNAPSHOT.jar:?]
	at org.apache.hadoop.ozone.protocolPB.OzoneManagerRequestHandler.handleReadRequest(OzoneManagerRequestHandler.java:231) ~[ozone-manager-1.4.0-SNAPSHOT.jar:?]
	at org.apache.hadoop.ozone.protocolPB.OzoneManagerProtocolServerSideTranslatorPB.submitRequestDirectlyToOM(OzoneManagerProtocolServerSideTranslatorPB.java:276) ~[ozone-manager-1.4.0-SNAPSHOT.jar:?]
	at org.apache.hadoop.ozone.protocolPB.OzoneManagerProtocolServerSideTranslatorPB.processRequest(OzoneManagerProtocolServerSideTranslatorPB.java:205) ~[ozone-manager-1.4.0-SNAPSHOT.jar:?]
	at org.apache.hadoop.hdds.server.OzoneProtocolMessageDispatcher.processRequest(OzoneProtocolMessageDispatcher.java:87) [hdds-server-framework-1.4.0-SNAPSHOT.jar:?]
	at org.apache.hadoop.ozone.protocolPB.OzoneManagerProtocolServerSideTranslatorPB.submitRequest(OzoneManagerProtocolServerSideTranslatorPB.java:147) [ozone-manager-1.4.0-SNAPSHOT.jar:?]
	at org.apache.hadoop.ozone.protocol.proto.OzoneManagerProtocolProtos$OzoneManagerService$2.callBlockingMethod(OzoneManagerProtocolProtos.java) [ozone-interface-client-1.4.0-SNAPSHOT.jar:?]
	at org.apache.hadoop.ipc.ProtobufRpcEngine$Server.processCall(ProtobufRpcEngine.java:465) [hadoop-common-3.3.4.jar:?]
	at org.apache.hadoop.ipc.ProtobufRpcEngine2$Server$ProtoBufRpcInvoker.call(ProtobufRpcEngine2.java:578) [hadoop-common-3.3.4.jar:?]
	at org.apache.hadoop.ipc.ProtobufRpcEngine2$Server$ProtoBufRpcInvoker.call(ProtobufRpcEngine2.java:556) [hadoop-common-3.3.4.jar:?]
	at org.apache.hadoop.ipc.RPC$Server.call(RPC.java:1093) [hadoop-common-3.3.4.jar:?]
	at org.apache.hadoop.ipc.Server$RpcCall.run(Server.java:1043) [hadoop-common-3.3.4.jar:?]
	at org.apache.hadoop.ipc.Server$RpcCall.run(Server.java:971) [hadoop-common-3.3.4.jar:?]
	at java.security.AccessController.doPrivileged(Native Method) ~[?:1.8.0_352]
	at javax.security.auth.Subject.doAs(Subject.java:422) [?:1.8.0_352]
	at org.apache.hadoop.security.UserGroupInformation.doAs(UserGroupInformation.java:1878) [hadoop-common-3.3.4.jar:?]
	at org.apache.hadoop.ipc.Server$Handler.run(Server.java:2976) [hadoop-common-3.3.4.jar:?]
10:07:28.141 [IPC Server handler 2 on default port 46801] ERROR OMAudit - user=runner | ip=127.0.0.1 | op=GET_FILE_STATUS {volume=volume72509, bucket=bucket24043, key=testBatchDelete/parent/child2, dataSize=0, replicationConfig=null} | ret=FAILURE
org.apache.hadoop.ozone.om.exceptions.OMException: Unable to get file status: volume: volume72509 bucket: bucket24043 key: testBatchDelete/parent/child2
	at org.apache.hadoop.ozone.om.KeyManagerImpl.getOzoneFileStatus(KeyManagerImpl.java:1301) ~[ozone-manager-1.4.0-SNAPSHOT.jar:?]
	at org.apache.hadoop.ozone.om.KeyManagerImpl.getFileStatus(KeyManagerImpl.java:1219) ~[ozone-manager-1.4.0-SNAPSHOT.jar:?]
	at org.apache.hadoop.ozone.om.OzoneManager.getFileStatus(OzoneManager.java:3578) ~[ozone-manager-1.4.0-SNAPSHOT.jar:?]
	at org.apache.hadoop.ozone.protocolPB.OzoneManagerRequestHandler.getOzoneFileStatus(OzoneManagerRequestHandler.java:907) ~[ozone-manager-1.4.0-SNAPSHOT.jar:?]
	at org.apache.hadoop.ozone.protocolPB.OzoneManagerRequestHandler.handleReadRequest(OzoneManagerRequestHandler.java:231) ~[ozone-manager-1.4.0-SNAPSHOT.jar:?]
	at org.apache.hadoop.ozone.protocolPB.OzoneManagerProtocolServerSideTranslatorPB.submitRequestDirectlyToOM(OzoneManagerProtocolServerSideTranslatorPB.java:276) ~[ozone-manager-1.4.0-SNAPSHOT.jar:?]
	at org.apache.hadoop.ozone.protocolPB.OzoneManagerProtocolServerSideTranslatorPB.processRequest(OzoneManagerProtocolServerSideTranslatorPB.java:205) ~[ozone-manager-1.4.0-SNAPSHOT.jar:?]
	at org.apache.hadoop.hdds.server.OzoneProtocolMessageDispatcher.processRequest(OzoneProtocolMessageDispatcher.java:87) [hdds-server-framework-1.4.0-SNAPSHOT.jar:?]
	at org.apache.hadoop.ozone.protocolPB.OzoneManagerProtocolServerSideTranslatorPB.submitRequest(OzoneManagerProtocolServerSideTranslatorPB.java:147) [ozone-manager-1.4.0-SNAPSHOT.jar:?]
	at org.apache.hadoop.ozone.protocol.proto.OzoneManagerProtocolProtos$OzoneManagerService$2.callBlockingMethod(OzoneManagerProtocolProtos.java) [ozone-interface-client-1.4.0-SNAPSHOT.jar:?]
	at org.apache.hadoop.ipc.ProtobufRpcEngine$Server.processCall(ProtobufRpcEngine.java:465) [hadoop-common-3.3.4.jar:?]
	at org.apache.hadoop.ipc.ProtobufRpcEngine2$Server$ProtoBufRpcInvoker.call(ProtobufRpcEngine2.java:578) [hadoop-common-3.3.4.jar:?]
	at org.apache.hadoop.ipc.ProtobufRpcEngine2$Server$ProtoBufRpcInvoker.call(ProtobufRpcEngine2.java:556) [hadoop-common-3.3.4.jar:?]
	at org.apache.hadoop.ipc.RPC$Server.call(RPC.java:1093) [hadoop-common-3.3.4.jar:?]
	at org.apache.hadoop.ipc.Server$RpcCall.run(Server.java:1043) [hadoop-common-3.3.4.jar:?]
	at org.apache.hadoop.ipc.Server$RpcCall.run(Server.java:971) [hadoop-common-3.3.4.jar:?]
	at java.security.AccessController.doPrivileged(Native Method) ~[?:1.8.0_352]
	at javax.security.auth.Subject.doAs(Subject.java:422) [?:1.8.0_352]
	at org.apache.hadoop.security.UserGroupInformation.doAs(UserGroupInformation.java:1878) [hadoop-common-3.3.4.jar:?]
	at org.apache.hadoop.ipc.Server$Handler.run(Server.java:2976) [hadoop-common-3.3.4.jar:?]
10:07:28.142 [IPC Server handler 3 on default port 46801] ERROR OMAudit - user=runner | ip=127.0.0.1 | op=GET_FILE_STATUS {volume=volume72509, bucket=bucket24043, key=testBatchDelete/parent/childFolder/child2, dataSize=0, replicationConfig=null} | ret=FAILURE
org.apache.hadoop.ozone.om.exceptions.OMException: Unable to get file status: volume: volume72509 bucket: bucket24043 key: testBatchDelete/parent/childFolder/child2
	at org.apache.hadoop.ozone.om.KeyManagerImpl.getOzoneFileStatus(KeyManagerImpl.java:1301) ~[ozone-manager-1.4.0-SNAPSHOT.jar:?]
	at org.apache.hadoop.ozone.om.KeyManagerImpl.getFileStatus(KeyManagerImpl.java:1219) ~[ozone-manager-1.4.0-SNAPSHOT.jar:?]
	at org.apache.hadoop.ozone.om.OzoneManager.getFileStatus(OzoneManager.java:3578) ~[ozone-manager-1.4.0-SNAPSHOT.jar:?]
	at org.apache.hadoop.ozone.protocolPB.OzoneManagerRequestHandler.getOzoneFileStatus(OzoneManagerRequestHandler.java:907) ~[ozone-manager-1.4.0-SNAPSHOT.jar:?]
	at org.apache.hadoop.ozone.protocolPB.OzoneManagerRequestHandler.handleReadRequest(OzoneManagerRequestHandler.java:231) ~[ozone-manager-1.4.0-SNAPSHOT.jar:?]
	at org.apache.hadoop.ozone.protocolPB.OzoneManagerProtocolServerSideTranslatorPB.submitRequestDirectlyToOM(OzoneManagerProtocolServerSideTranslatorPB.java:276) ~[ozone-manager-1.4.0-SNAPSHOT.jar:?]
	at org.apache.hadoop.ozone.protocolPB.OzoneManagerProtocolServerSideTranslatorPB.processRequest(OzoneManagerProtocolServerSideTranslatorPB.java:205) ~[ozone-manager-1.4.0-SNAPSHOT.jar:?]
	at org.apache.hadoop.hdds.server.OzoneProtocolMessageDispatcher.processRequest(OzoneProtocolMessageDispatcher.java:87) [hdds-server-framework-1.4.0-SNAPSHOT.jar:?]
	at org.apache.hadoop.ozone.protocolPB.OzoneManagerProtocolServerSideTranslatorPB.submitRequest(OzoneManagerProtocolServerSideTranslatorPB.java:147) [ozone-manager-1.4.0-SNAPSHOT.jar:?]
	at org.apache.hadoop.ozone.protocol.proto.OzoneManagerProtocolProtos$OzoneManagerService$2.callBlockingMethod(OzoneManagerProtocolProtos.java) [ozone-interface-client-1.4.0-SNAPSHOT.jar:?]
	at org.apache.hadoop.ipc.ProtobufRpcEngine$Server.processCall(ProtobufRpcEngine.java:465) [hadoop-common-3.3.4.jar:?]
	at org.apache.hadoop.ipc.ProtobufRpcEngine2$Server$ProtoBufRpcInvoker.call(ProtobufRpcEngine2.java:578) [hadoop-common-3.3.4.jar:?]
	at org.apache.hadoop.ipc.ProtobufRpcEngine2$Server$ProtoBufRpcInvoker.call(ProtobufRpcEngine2.java:556) [hadoop-common-3.3.4.jar:?]
	at org.apache.hadoop.ipc.RPC$Server.call(RPC.java:1093) [hadoop-common-3.3.4.jar:?]
	at org.apache.hadoop.ipc.Server$RpcCall.run(Server.java:1043) [hadoop-common-3.3.4.jar:?]
	at org.apache.hadoop.ipc.Server$RpcCall.run(Server.java:971) [hadoop-common-3.3.4.jar:?]
	at java.security.AccessController.doPrivileged(Native Method) ~[?:1.8.0_352]
	at javax.security.auth.Subject.doAs(Subject.java:422) [?:1.8.0_352]
	at org.apache.hadoop.security.UserGroupInformation.doAs(UserGroupInformation.java:1878) [hadoop-common-3.3.4.jar:?]
	at org.apache.hadoop.ipc.Server$Handler.run(Server.java:2976) [hadoop-common-3.3.4.jar:?]
10:07:28.142 [IPC Server handler 4 on default port 46801] ERROR OMAudit - user=runner | ip=127.0.0.1 | op=GET_FILE_STATUS {volume=volume72509, bucket=bucket24043, key=testBatchDelete/parent/child3, dataSize=0, replicationConfig=null} | ret=FAILURE
org.apache.hadoop.ozone.om.exceptions.OMException: Unable to get file status: volume: volume72509 bucket: bucket24043 key: testBatchDelete/parent/child3
	at org.apache.hadoop.ozone.om.KeyManagerImpl.getOzoneFileStatus(KeyManagerImpl.java:1301) ~[ozone-manager-1.4.0-SNAPSHOT.jar:?]
	at org.apache.hadoop.ozone.om.KeyManagerImpl.getFileStatus(KeyManagerImpl.java:1219) ~[ozone-manager-1.4.0-SNAPSHOT.jar:?]
	at org.apache.hadoop.ozone.om.OzoneManager.getFileStatus(OzoneManager.java:3578) ~[ozone-manager-1.4.0-SNAPSHOT.jar:?]
	at org.apache.hadoop.ozone.protocolPB.OzoneManagerRequestHandler.getOzoneFileStatus(OzoneManagerRequestHandler.java:907) ~[ozone-manager-1.4.0-SNAPSHOT.jar:?]
	at org.apache.hadoop.ozone.protocolPB.OzoneManagerRequestHandler.handleReadRequest(OzoneManagerRequestHandler.java:231) ~[ozone-manager-1.4.0-SNAPSHOT.jar:?]
	at org.apache.hadoop.ozone.protocolPB.OzoneManagerProtocolServerSideTranslatorPB.submitRequestDirectlyToOM(OzoneManagerProtocolServerSideTranslatorPB.java:276) ~[ozone-manager-1.4.0-SNAPSHOT.jar:?]
	at org.apache.hadoop.ozone.protocolPB.OzoneManagerProtocolServerSideTranslatorPB.processRequest(OzoneManagerProtocolServerSideTranslatorPB.java:205) ~[ozone-manager-1.4.0-SNAPSHOT.jar:?]
	at org.apache.hadoop.hdds.server.OzoneProtocolMessageDispatcher.processRequest(OzoneProtocolMessageDispatcher.java:87) [hdds-server-framework-1.4.0-SNAPSHOT.jar:?]
	at org.apache.hadoop.ozone.protocolPB.OzoneManagerProtocolServerSideTranslatorPB.submitRequest(OzoneManagerProtocolServerSideTranslatorPB.java:147) [ozone-manager-1.4.0-SNAPSHOT.jar:?]
	at org.apache.hadoop.ozone.protocol.proto.OzoneManagerProtocolProtos$OzoneManagerService$2.callBlockingMethod(OzoneManagerProtocolProtos.java) [ozone-interface-client-1.4.0-SNAPSHOT.jar:?]
	at org.apache.hadoop.ipc.ProtobufRpcEngine$Server.processCall(ProtobufRpcEngine.java:465) [hadoop-common-3.3.4.jar:?]
	at org.apache.hadoop.ipc.ProtobufRpcEngine2$Server$ProtoBufRpcInvoker.call(ProtobufRpcEngine2.java:578) [hadoop-common-3.3.4.jar:?]
	at org.apache.hadoop.ipc.ProtobufRpcEngine2$Server$ProtoBufRpcInvoker.call(ProtobufRpcEngine2.java:556) [hadoop-common-3.3.4.jar:?]
	at org.apache.hadoop.ipc.RPC$Server.call(RPC.java:1093) [hadoop-common-3.3.4.jar:?]
	at org.apache.hadoop.ipc.Server$RpcCall.run(Server.java:1043) [hadoop-common-3.3.4.jar:?]
	at org.apache.hadoop.ipc.Server$RpcCall.run(Server.java:971) [hadoop-common-3.3.4.jar:?]
	at java.security.AccessController.doPrivileged(Native Method) ~[?:1.8.0_352]
	at javax.security.auth.Subject.doAs(Subject.java:422) [?:1.8.0_352]
	at org.apache.hadoop.security.UserGroupInformation.doAs(UserGroupInformation.java:1878) [hadoop-common-3.3.4.jar:?]
	at org.apache.hadoop.ipc.Server$Handler.run(Server.java:2976) [hadoop-common-3.3.4.jar:?]
10:07:28.143 [IPC Server handler 5 on default port 46801] ERROR OMAudit - user=runner | ip=127.0.0.1 | op=GET_FILE_STATUS {volume=volume72509, bucket=bucket24043, key=testBatchDelete/parent/childFolder/child3, dataSize=0, replicationConfig=null} | ret=FAILURE
org.apache.hadoop.ozone.om.exceptions.OMException: Unable to get file status: volume: volume72509 bucket: bucket24043 key: testBatchDelete/parent/childFolder/child3
	at org.apache.hadoop.ozone.om.KeyManagerImpl.getOzoneFileStatus(KeyManagerImpl.java:1301) ~[ozone-manager-1.4.0-SNAPSHOT.jar:?]
	at org.apache.hadoop.ozone.om.KeyManagerImpl.getFileStatus(KeyManagerImpl.java:1219) ~[ozone-manager-1.4.0-SNAPSHOT.jar:?]
	at org.apache.hadoop.ozone.om.OzoneManager.getFileStatus(OzoneManager.java:3578) ~[ozone-manager-1.4.0-SNAPSHOT.jar:?]
	at org.apache.hadoop.ozone.protocolPB.OzoneManagerRequestHandler.getOzoneFileStatus(OzoneManagerRequestHandler.java:907) ~[ozone-manager-1.4.0-SNAPSHOT.jar:?]
	at org.apache.hadoop.ozone.protocolPB.OzoneManagerRequestHandler.handleReadRequest(OzoneManagerRequestHandler.java:231) ~[ozone-manager-1.4.0-SNAPSHOT.jar:?]
	at org.apache.hadoop.ozone.protocolPB.OzoneManagerProtocolServerSideTranslatorPB.submitRequestDirectlyToOM(OzoneManagerProtocolServerSideTranslatorPB.java:276) ~[ozone-manager-1.4.0-SNAPSHOT.jar:?]
	at org.apache.hadoop.ozone.protocolPB.OzoneManagerProtocolServerSideTranslatorPB.processRequest(OzoneManagerProtocolServerSideTranslatorPB.java:205) ~[ozone-manager-1.4.0-SNAPSHOT.jar:?]
	at org.apache.hadoop.hdds.server.OzoneProtocolMessageDispatcher.processRequest(OzoneProtocolMessageDispatcher.java:87) [hdds-server-framework-1.4.0-SNAPSHOT.jar:?]
	at org.apache.hadoop.ozone.protocolPB.OzoneManagerProtocolServerSideTranslatorPB.submitRequest(OzoneManagerProtocolServerSideTranslatorPB.java:147) [ozone-manager-1.4.0-SNAPSHOT.jar:?]
	at org.apache.hadoop.ozone.protocol.proto.OzoneManagerProtocolProtos$OzoneManagerService$2.callBlockingMethod(OzoneManagerProtocolProtos.java) [ozone-interface-client-1.4.0-SNAPSHOT.jar:?]
	at org.apache.hadoop.ipc.ProtobufRpcEngine$Server.processCall(ProtobufRpcEngine.java:465) [hadoop-common-3.3.4.jar:?]
	at org.apache.hadoop.ipc.ProtobufRpcEngine2$Server$ProtoBufRpcInvoker.call(ProtobufRpcEngine2.java:578) [hadoop-common-3.3.4.jar:?]
	at org.apache.hadoop.ipc.ProtobufRpcEngine2$Server$ProtoBufRpcInvoker.call(ProtobufRpcEngine2.java:556) [hadoop-common-3.3.4.jar:?]
	at org.apache.hadoop.ipc.RPC$Server.call(RPC.java:1093) [hadoop-common-3.3.4.jar:?]
	at org.apache.hadoop.ipc.Server$RpcCall.run(Server.java:1043) [hadoop-common-3.3.4.jar:?]
	at org.apache.hadoop.ipc.Server$RpcCall.run(Server.java:971) [hadoop-common-3.3.4.jar:?]
	at java.security.AccessController.doPrivileged(Native Method) ~[?:1.8.0_352]
	at javax.security.auth.Subject.doAs(Subject.java:422) [?:1.8.0_352]
	at org.apache.hadoop.security.UserGroupInformation.doAs(UserGroupInformation.java:1878) [hadoop-common-3.3.4.jar:?]
	at org.apache.hadoop.ipc.Server$Handler.run(Server.java:2976) [hadoop-common-3.3.4.jar:?]
10:07:28.144 [IPC Server handler 6 on default port 46801] ERROR OMAudit - user=runner | ip=127.0.0.1 | op=GET_FILE_STATUS {volume=volume72509, bucket=bucket24043, key=testBatchDelete/parent/child4, dataSize=0, replicationConfig=null} | ret=FAILURE
org.apache.hadoop.ozone.om.exceptions.OMException: Unable to get file status: volume: volume72509 bucket: bucket24043 key: testBatchDelete/parent/child4
	at org.apache.hadoop.ozone.om.KeyManagerImpl.getOzoneFileStatus(KeyManagerImpl.java:1301) ~[ozone-manager-1.4.0-SNAPSHOT.jar:?]
	at org.apache.hadoop.ozone.om.KeyManagerImpl.getFileStatus(KeyManagerImpl.java:1219) ~[ozone-manager-1.4.0-SNAPSHOT.jar:?]
	at org.apache.hadoop.ozone.om.OzoneManager.getFileStatus(OzoneManager.java:3578) ~[ozone-manager-1.4.0-SNAPSHOT.jar:?]
	at org.apache.hadoop.ozone.protocolPB.OzoneManagerRequestHandler.getOzoneFileStatus(OzoneManagerRequestHandler.java:907) ~[ozone-manager-1.4.0-SNAPSHOT.jar:?]
	at org.apache.hadoop.ozone.protocolPB.OzoneManagerRequestHandler.handleReadRequest(OzoneManagerRequestHandler.java:231) ~[ozone-manager-1.4.0-SNAPSHOT.jar:?]
	at org.apache.hadoop.ozone.protocolPB.OzoneManagerProtocolServerSideTranslatorPB.submitRequestDirectlyToOM(OzoneManagerProtocolServerSideTranslatorPB.java:276) ~[ozone-manager-1.4.0-SNAPSHOT.jar:?]
	at org.apache.hadoop.ozone.protocolPB.OzoneManagerProtocolServerSideTranslatorPB.processRequest(OzoneManagerProtocolServerSideTranslatorPB.java:205) ~[ozone-manager-1.4.0-SNAPSHOT.jar:?]
	at org.apache.hadoop.hdds.server.OzoneProtocolMessageDispatcher.processRequest(OzoneProtocolMessageDispatcher.java:87) [hdds-server-framework-1.4.0-SNAPSHOT.jar:?]
	at org.apache.hadoop.ozone.protocolPB.OzoneManagerProtocolServerSideTranslatorPB.submitRequest(OzoneManagerProtocolServerSideTranslatorPB.java:147) [ozone-manager-1.4.0-SNAPSHOT.jar:?]
	at org.apache.hadoop.ozone.protocol.proto.OzoneManagerProtocolProtos$OzoneManagerService$2.callBlockingMethod(OzoneManagerProtocolProtos.java) [ozone-interface-client-1.4.0-SNAPSHOT.jar:?]
	at org.apache.hadoop.ipc.ProtobufRpcEngine$Server.processCall(ProtobufRpcEngine.java:465) [hadoop-common-3.3.4.jar:?]
	at org.apache.hadoop.ipc.ProtobufRpcEngine2$Server$ProtoBufRpcInvoker.call(ProtobufRpcEngine2.java:578) [hadoop-common-3.3.4.jar:?]
	at org.apache.hadoop.ipc.ProtobufRpcEngine2$Server$ProtoBufRpcInvoker.call(ProtobufRpcEngine2.java:556) [hadoop-common-3.3.4.jar:?]
	at org.apache.hadoop.ipc.RPC$Server.call(RPC.java:1093) [hadoop-common-3.3.4.jar:?]
	at org.apache.hadoop.ipc.Server$RpcCall.run(Server.java:1043) [hadoop-common-3.3.4.jar:?]
	at org.apache.hadoop.ipc.Server$RpcCall.run(Server.java:971) [hadoop-common-3.3.4.jar:?]
	at java.security.AccessController.doPrivileged(Native Method) ~[?:1.8.0_352]
	at javax.security.auth.Subject.doAs(Subject.java:422) [?:1.8.0_352]
	at org.apache.hadoop.security.UserGroupInformation.doAs(UserGroupInformation.java:1878) [hadoop-common-3.3.4.jar:?]
	at org.apache.hadoop.ipc.Server$Handler.run(Server.java:2976) [hadoop-common-3.3.4.jar:?]
10:07:28.144 [IPC Server handler 7 on default port 46801] ERROR OMAudit - user=runner | ip=127.0.0.1 | op=GET_FILE_STATUS {volume=volume72509, bucket=bucket24043, key=testBatchDelete/parent/childFolder/child4, dataSize=0, replicationConfig=null} | ret=FAILURE
org.apache.hadoop.ozone.om.exceptions.OMException: Unable to get file status: volume: volume72509 bucket: bucket24043 key: testBatchDelete/parent/childFolder/child4
	at org.apache.hadoop.ozone.om.KeyManagerImpl.getOzoneFileStatus(KeyManagerImpl.java:1301) ~[ozone-manager-1.4.0-SNAPSHOT.jar:?]
	at org.apache.hadoop.ozone.om.KeyManagerImpl.getFileStatus(KeyManagerImpl.java:1219) ~[ozone-manager-1.4.0-SNAPSHOT.jar:?]
	at org.apache.hadoop.ozone.om.OzoneManager.getFileStatus(OzoneManager.java:3578) ~[ozone-manager-1.4.0-SNAPSHOT.jar:?]
	at org.apache.hadoop.ozone.protocolPB.OzoneManagerRequestHandler.getOzoneFileStatus(OzoneManagerRequestHandler.java:907) ~[ozone-manager-1.4.0-SNAPSHOT.jar:?]
	at org.apache.hadoop.ozone.protocolPB.OzoneManagerRequestHandler.handleReadRequest(OzoneManagerRequestHandler.java:231) ~[ozone-manager-1.4.0-SNAPSHOT.jar:?]
	at org.apache.hadoop.ozone.protocolPB.OzoneManagerProtocolServerSideTranslatorPB.submitRequestDirectlyToOM(OzoneManagerProtocolServerSideTranslatorPB.java:276) ~[ozone-manager-1.4.0-SNAPSHOT.jar:?]
	at org.apache.hadoop.ozone.protocolPB.OzoneManagerProtocolServerSideTranslatorPB.processRequest(OzoneManagerProtocolServerSideTranslatorPB.java:205) ~[ozone-manager-1.4.0-SNAPSHOT.jar:?]
	at org.apache.hadoop.hdds.server.OzoneProtocolMessageDispatcher.processRequest(OzoneProtocolMessageDispatcher.java:87) [hdds-server-framework-1.4.0-SNAPSHOT.jar:?]
	at org.apache.hadoop.ozone.protocolPB.OzoneManagerProtocolServerSideTranslatorPB.submitRequest(OzoneManagerProtocolServerSideTranslatorPB.java:147) [ozone-manager-1.4.0-SNAPSHOT.jar:?]
	at org.apache.hadoop.ozone.protocol.proto.OzoneManagerProtocolProtos$OzoneManagerService$2.callBlockingMethod(OzoneManagerProtocolProtos.java) [ozone-interface-client-1.4.0-SNAPSHOT.jar:?]
	at org.apache.hadoop.ipc.ProtobufRpcEngine$Server.processCall(ProtobufRpcEngine.java:465) [hadoop-common-3.3.4.jar:?]
	at org.apache.hadoop.ipc.ProtobufRpcEngine2$Server$ProtoBufRpcInvoker.call(ProtobufRpcEngine2.java:578) [hadoop-common-3.3.4.jar:?]
	at org.apache.hadoop.ipc.ProtobufRpcEngine2$Server$ProtoBufRpcInvoker.call(ProtobufRpcEngine2.java:556) [hadoop-common-3.3.4.jar:?]
	at org.apache.hadoop.ipc.RPC$Server.call(RPC.java:1093) [hadoop-common-3.3.4.jar:?]
	at org.apache.hadoop.ipc.Server$RpcCall.run(Server.java:1043) [hadoop-common-3.3.4.jar:?]
	at org.apache.hadoop.ipc.Server$RpcCall.run(Server.java:971) [hadoop-common-3.3.4.jar:?]
	at java.security.AccessController.doPrivileged(Native Method) ~[?:1.8.0_352]
	at javax.security.auth.Subject.doAs(Subject.java:422) [?:1.8.0_352]
	at org.apache.hadoop.security.UserGroupInformation.doAs(UserGroupInformation.java:1878) [hadoop-common-3.3.4.jar:?]
	at org.apache.hadoop.ipc.Server$Handler.run(Server.java:2976) [hadoop-common-3.3.4.jar:?]
10:07:28.145 [IPC Server handler 8 on default port 46801] ERROR OMAudit - user=runner | ip=127.0.0.1 | op=GET_FILE_STATUS {volume=volume72509, bucket=bucket24043, key=testBatchDelete/parent/child5, dataSize=0, replicationConfig=null} | ret=FAILURE
org.apache.hadoop.ozone.om.exceptions.OMException: Unable to get file status: volume: volume72509 bucket: bucket24043 key: testBatchDelete/parent/child5
	at org.apache.hadoop.ozone.om.KeyManagerImpl.getOzoneFileStatus(KeyManagerImpl.java:1301) ~[ozone-manager-1.4.0-SNAPSHOT.jar:?]
	at org.apache.hadoop.ozone.om.KeyManagerImpl.getFileStatus(KeyManagerImpl.java:1219) ~[ozone-manager-1.4.0-SNAPSHOT.jar:?]
	at org.apache.hadoop.ozone.om.OzoneManager.getFileStatus(OzoneManager.java:3578) ~[ozone-manager-1.4.0-SNAPSHOT.jar:?]
	at org.apache.hadoop.ozone.protocolPB.OzoneManagerRequestHandler.getOzoneFileStatus(OzoneManagerRequestHandler.java:907) ~[ozone-manager-1.4.0-SNAPSHOT.jar:?]
	at org.apache.hadoop.ozone.protocolPB.OzoneManagerRequestHandler.handleReadRequest(OzoneManagerRequestHandler.java:231) ~[ozone-manager-1.4.0-SNAPSHOT.jar:?]
	at org.apache.hadoop.ozone.protocolPB.OzoneManagerProtocolServerSideTranslatorPB.submitRequestDirectlyToOM(OzoneManagerProtocolServerSideTranslatorPB.java:276) ~[ozone-manager-1.4.0-SNAPSHOT.jar:?]
	at org.apache.hadoop.ozone.protocolPB.OzoneManagerProtocolServerSideTranslatorPB.processRequest(OzoneManagerProtocolServerSideTranslatorPB.java:205) ~[ozone-manager-1.4.0-SNAPSHOT.jar:?]
	at org.apache.hadoop.hdds.server.OzoneProtocolMessageDispatcher.processRequest(OzoneProtocolMessageDispatcher.java:87) [hdds-server-framework-1.4.0-SNAPSHOT.jar:?]
	at org.apache.hadoop.ozone.protocolPB.OzoneManagerProtocolServerSideTranslatorPB.submitRequest(OzoneManagerProtocolServerSideTranslatorPB.java:147) [ozone-manager-1.4.0-SNAPSHOT.jar:?]
	at org.apache.hadoop.ozone.protocol.proto.OzoneManagerProtocolProtos$OzoneManagerService$2.callBlockingMethod(OzoneManagerProtocolProtos.java) [ozone-interface-client-1.4.0-SNAPSHOT.jar:?]
	at org.apache.hadoop.ipc.ProtobufRpcEngine$Server.processCall(ProtobufRpcEngine.java:465) [hadoop-common-3.3.4.jar:?]
	at org.apache.hadoop.ipc.ProtobufRpcEngine2$Server$ProtoBufRpcInvoker.call(ProtobufRpcEngine2.java:578) [hadoop-common-3.3.4.jar:?]
	at org.apache.hadoop.ipc.ProtobufRpcEngine2$Server$ProtoBufRpcInvoker.call(ProtobufRpcEngine2.java:556) [hadoop-common-3.3.4.jar:?]
	at org.apache.hadoop.ipc.RPC$Server.call(RPC.java:1093) [hadoop-common-3.3.4.jar:?]
	at org.apache.hadoop.ipc.Server$RpcCall.run(Server.java:1043) [hadoop-common-3.3.4.jar:?]
	at org.apache.hadoop.ipc.Server$RpcCall.run(Server.java:971) [hadoop-common-3.3.4.jar:?]
	at java.security.AccessController.doPrivileged(Native Method) ~[?:1.8.0_352]
	at javax.security.auth.Subject.doAs(Subject.java:422) [?:1.8.0_352]
	at org.apache.hadoop.security.UserGroupInformation.doAs(UserGroupInformation.java:1878) [hadoop-common-3.3.4.jar:?]
	at org.apache.hadoop.ipc.Server$Handler.run(Server.java:2976) [hadoop-common-3.3.4.jar:?]
10:07:28.145 [IPC Server handler 9 on default port 46801] ERROR OMAudit - user=runner | ip=127.0.0.1 | op=GET_FILE_STATUS {volume=volume72509, bucket=bucket24043, key=testBatchDelete/parent/childFolder/child5, dataSize=0, replicationConfig=null} | ret=FAILURE
org.apache.hadoop.ozone.om.exceptions.OMException: Unable to get file status: volume: volume72509 bucket: bucket24043 key: testBatchDelete/parent/childFolder/child5
	at org.apache.hadoop.ozone.om.KeyManagerImpl.getOzoneFileStatus(KeyManagerImpl.java:1301) ~[ozone-manager-1.4.0-SNAPSHOT.jar:?]
	at org.apache.hadoop.ozone.om.KeyManagerImpl.getFileStatus(KeyManagerImpl.java:1219) ~[ozone-manager-1.4.0-SNAPSHOT.jar:?]
	at org.apache.hadoop.ozone.om.OzoneManager.getFileStatus(OzoneManager.java:3578) ~[ozone-manager-1.4.0-SNAPSHOT.jar:?]
	at org.apache.hadoop.ozone.protocolPB.OzoneManagerRequestHandler.getOzoneFileStatus(OzoneManagerRequestHandler.java:907) ~[ozone-manager-1.4.0-SNAPSHOT.jar:?]
	at org.apache.hadoop.ozone.protocolPB.OzoneManagerRequestHandler.handleReadRequest(OzoneManagerRequestHandler.java:231) ~[ozone-manager-1.4.0-SNAPSHOT.jar:?]
	at org.apache.hadoop.ozone.protocolPB.OzoneManagerProtocolServerSideTranslatorPB.submitRequestDirectlyToOM(OzoneManagerProtocolServerSideTranslatorPB.java:276) ~[ozone-manager-1.4.0-SNAPSHOT.jar:?]
	at org.apache.hadoop.ozone.protocolPB.OzoneManagerProtocolServerSideTranslatorPB.processRequest(OzoneManagerProtocolServerSideTranslatorPB.java:205) ~[ozone-manager-1.4.0-SNAPSHOT.jar:?]
	at org.apache.hadoop.hdds.server.OzoneProtocolMessageDispatcher.processRequest(OzoneProtocolMessageDispatcher.java:87) [hdds-server-framework-1.4.0-SNAPSHOT.jar:?]
	at org.apache.hadoop.ozone.protocolPB.OzoneManagerProtocolServerSideTranslatorPB.submitRequest(OzoneManagerProtocolServerSideTranslatorPB.java:147) [ozone-manager-1.4.0-SNAPSHOT.jar:?]
	at org.apache.hadoop.ozone.protocol.proto.OzoneManagerProtocolProtos$OzoneManagerService$2.callBlockingMethod(OzoneManagerProtocolProtos.java) [ozone-interface-client-1.4.0-SNAPSHOT.jar:?]
	at org.apache.hadoop.ipc.ProtobufRpcEngine$Server.processCall(ProtobufRpcEngine.java:465) [hadoop-common-3.3.4.jar:?]
	at org.apache.hadoop.ipc.ProtobufRpcEngine2$Server$ProtoBufRpcInvoker.call(ProtobufRpcEngine2.java:578) [hadoop-common-3.3.4.jar:?]
	at org.apache.hadoop.ipc.ProtobufRpcEngine2$Server$ProtoBufRpcInvoker.call(ProtobufRpcEngine2.java:556) [hadoop-common-3.3.4.jar:?]
	at org.apache.hadoop.ipc.RPC$Server.call(RPC.java:1093) [hadoop-common-3.3.4.jar:?]
	at org.apache.hadoop.ipc.Server$RpcCall.run(Server.java:1043) [hadoop-common-3.3.4.jar:?]
	at org.apache.hadoop.ipc.Server$RpcCall.run(Server.java:971) [hadoop-common-3.3.4.jar:?]
	at java.security.AccessController.doPrivileged(Native Method) ~[?:1.8.0_352]
	at javax.security.auth.Subject.doAs(Subject.java:422) [?:1.8.0_352]
	at org.apache.hadoop.security.UserGroupInformation.doAs(UserGroupInformation.java:1878) [hadoop-common-3.3.4.jar:?]
	at org.apache.hadoop.ipc.Server$Handler.run(Server.java:2976) [hadoop-common-3.3.4.jar:?]
10:07:28.146 [IPC Server handler 10 on default port 46801] ERROR OMAudit - user=runner | ip=127.0.0.1 | op=GET_FILE_STATUS {volume=volume72509, bucket=bucket24043, key=testBatchDelete/parent/child6, dataSize=0, replicationConfig=null} | ret=FAILURE
org.apache.hadoop.ozone.om.exceptions.OMException: Unable to get file status: volume: volume72509 bucket: bucket24043 key: testBatchDelete/parent/child6
	at org.apache.hadoop.ozone.om.KeyManagerImpl.getOzoneFileStatus(KeyManagerImpl.java:1301) ~[ozone-manager-1.4.0-SNAPSHOT.jar:?]
	at org.apache.hadoop.ozone.om.KeyManagerImpl.getFileStatus(KeyManagerImpl.java:1219) ~[ozone-manager-1.4.0-SNAPSHOT.jar:?]
	at org.apache.hadoop.ozone.om.OzoneManager.getFileStatus(OzoneManager.java:3578) ~[ozone-manager-1.4.0-SNAPSHOT.jar:?]
	at org.apache.hadoop.ozone.protocolPB.OzoneManagerRequestHandler.getOzoneFileStatus(OzoneManagerRequestHandler.java:907) ~[ozone-manager-1.4.0-SNAPSHOT.jar:?]
	at org.apache.hadoop.ozone.protocolPB.OzoneManagerRequestHandler.handleReadRequest(OzoneManagerRequestHandler.java:231) ~[ozone-manager-1.4.0-SNAPSHOT.jar:?]
	at org.apache.hadoop.ozone.protocolPB.OzoneManagerProtocolServerSideTranslatorPB.submitRequestDirectlyToOM(OzoneManagerProtocolServerSideTranslatorPB.java:276) ~[ozone-manager-1.4.0-SNAPSHOT.jar:?]
	at org.apache.hadoop.ozone.protocolPB.OzoneManagerProtocolServerSideTranslatorPB.processRequest(OzoneManagerProtocolServerSideTranslatorPB.java:205) ~[ozone-manager-1.4.0-SNAPSHOT.jar:?]
	at org.apache.hadoop.hdds.server.OzoneProtocolMessageDispatcher.processRequest(OzoneProtocolMessageDispatcher.java:87) [hdds-server-framework-1.4.0-SNAPSHOT.jar:?]
	at org.apache.hadoop.ozone.protocolPB.OzoneManagerProtocolServerSideTranslatorPB.submitRequest(OzoneManagerProtocolServerSideTranslatorPB.java:147) [ozone-manager-1.4.0-SNAPSHOT.jar:?]
	at org.apache.hadoop.ozone.protocol.proto.OzoneManagerProtocolProtos$OzoneManagerService$2.callBlockingMethod(OzoneManagerProtocolProtos.java) [ozone-interface-client-1.4.0-SNAPSHOT.jar:?]
	at org.apache.hadoop.ipc.ProtobufRpcEngine$Server.processCall(ProtobufRpcEngine.java:465) [hadoop-common-3.3.4.jar:?]
	at org.apache.hadoop.ipc.ProtobufRpcEngine2$Server$ProtoBufRpcInvoker.call(ProtobufRpcEngine2.java:578) [hadoop-common-3.3.4.jar:?]
	at org.apache.hadoop.ipc.ProtobufRpcEngine2$Server$ProtoBufRpcInvoker.call(ProtobufRpcEngine2.java:556) [hadoop-common-3.3.4.jar:?]
	at org.apache.hadoop.ipc.RPC$Server.call(RPC.java:1093) [hadoop-common-3.3.4.jar:?]
	at org.apache.hadoop.ipc.Server$RpcCall.run(Server.java:1043) [hadoop-common-3.3.4.jar:?]
	at org.apache.hadoop.ipc.Server$RpcCall.run(Server.java:971) [hadoop-common-3.3.4.jar:?]
	at java.security.AccessController.doPrivileged(Native Method) ~[?:1.8.0_352]
	at javax.security.auth.Subject.doAs(Subject.java:422) [?:1.8.0_352]
	at org.apache.hadoop.security.UserGroupInformation.doAs(UserGroupInformation.java:1878) [hadoop-common-3.3.4.jar:?]
	at org.apache.hadoop.ipc.Server$Handler.run(Server.java:2976) [hadoop-common-3.3.4.jar:?]
10:07:28.148 [IPC Server handler 11 on default port 46801] ERROR OMAudit - user=runner | ip=127.0.0.1 | op=GET_FILE_STATUS {volume=volume72509, bucket=bucket24043, key=testBatchDelete/parent/childFolder/child6, dataSize=0, replicationConfig=null} | ret=FAILURE
org.apache.hadoop.ozone.om.exceptions.OMException: Unable to get file status: volume: volume72509 bucket: bucket24043 key: testBatchDelete/parent/childFolder/child6
	at org.apache.hadoop.ozone.om.KeyManagerImpl.getOzoneFileStatus(KeyManagerImpl.java:1301) ~[ozone-manager-1.4.0-SNAPSHOT.jar:?]
	at org.apache.hadoop.ozone.om.KeyManagerImpl.getFileStatus(KeyManagerImpl.java:1219) ~[ozone-manager-1.4.0-SNAPSHOT.jar:?]
	at org.apache.hadoop.ozone.om.OzoneManager.getFileStatus(OzoneManager.java:3578) ~[ozone-manager-1.4.0-SNAPSHOT.jar:?]
	at org.apache.hadoop.ozone.protocolPB.OzoneManagerRequestHandler.getOzoneFileStatus(OzoneManagerRequestHandler.java:907) ~[ozone-manager-1.4.0-SNAPSHOT.jar:?]
	at org.apache.hadoop.ozone.protocolPB.OzoneManagerRequestHandler.handleReadRequest(OzoneManagerRequestHandler.java:231) ~[ozone-manager-1.4.0-SNAPSHOT.jar:?]
	at org.apache.hadoop.ozone.protocolPB.OzoneManagerProtocolServerSideTranslatorPB.submitRequestDirectlyToOM(OzoneManagerProtocolServerSideTranslatorPB.java:276) ~[ozone-manager-1.4.0-SNAPSHOT.jar:?]
	at org.apache.hadoop.ozone.protocolPB.OzoneManagerProtocolServerSideTranslatorPB.processRequest(OzoneManagerProtocolServerSideTranslatorPB.java:205) ~[ozone-manager-1.4.0-SNAPSHOT.jar:?]
	at org.apache.hadoop.hdds.server.OzoneProtocolMessageDispatcher.processRequest(OzoneProtocolMessageDispatcher.java:87) [hdds-server-framework-1.4.0-SNAPSHOT.jar:?]
	at org.apache.hadoop.ozone.protocolPB.OzoneManagerProtocolServerSideTranslatorPB.submitRequest(OzoneManagerProtocolServerSideTranslatorPB.java:147) [ozone-manager-1.4.0-SNAPSHOT.jar:?]
	at org.apache.hadoop.ozone.protocol.proto.OzoneManagerProtocolProtos$OzoneManagerService$2.callBlockingMethod(OzoneManagerProtocolProtos.java) [ozone-interface-client-1.4.0-SNAPSHOT.jar:?]
	at org.apache.hadoop.ipc.ProtobufRpcEngine$Server.processCall(ProtobufRpcEngine.java:465) [hadoop-common-3.3.4.jar:?]
	at org.apache.hadoop.ipc.ProtobufRpcEngine2$Server$ProtoBufRpcInvoker.call(ProtobufRpcEngine2.java:578) [hadoop-common-3.3.4.jar:?]
	at org.apache.hadoop.ipc.ProtobufRpcEngine2$Server$ProtoBufRpcInvoker.call(ProtobufRpcEngine2.java:556) [hadoop-common-3.3.4.jar:?]
	at org.apache.hadoop.ipc.RPC$Server.call(RPC.java:1093) [hadoop-common-3.3.4.jar:?]
	at org.apache.hadoop.ipc.Server$RpcCall.run(Server.java:1043) [hadoop-common-3.3.4.jar:?]
	at org.apache.hadoop.ipc.Server$RpcCall.run(Server.java:971) [hadoop-common-3.3.4.jar:?]
	at java.security.AccessController.doPrivileged(Native Method) ~[?:1.8.0_352]
	at javax.security.auth.Subject.doAs(Subject.java:422) [?:1.8.0_352]
	at org.apache.hadoop.security.UserGroupInformation.doAs(UserGroupInformation.java:1878) [hadoop-common-3.3.4.jar:?]
	at org.apache.hadoop.ipc.Server$Handler.run(Server.java:2976) [hadoop-common-3.3.4.jar:?]
10:07:28.148 [IPC Server handler 12 on default port 46801] ERROR OMAudit - user=runner | ip=127.0.0.1 | op=GET_FILE_STATUS {volume=volume72509, bucket=bucket24043, key=testBatchDelete/parent/child7, dataSize=0, replicationConfig=null} | ret=FAILURE
org.apache.hadoop.ozone.om.exceptions.OMException: Unable to get file status: volume: volume72509 bucket: bucket24043 key: testBatchDelete/parent/child7
	at org.apache.hadoop.ozone.om.KeyManagerImpl.getOzoneFileStatus(KeyManagerImpl.java:1301) ~[ozone-manager-1.4.0-SNAPSHOT.jar:?]
	at org.apache.hadoop.ozone.om.KeyManagerImpl.getFileStatus(KeyManagerImpl.java:1219) ~[ozone-manager-1.4.0-SNAPSHOT.jar:?]
	at org.apache.hadoop.ozone.om.OzoneManager.getFileStatus(OzoneManager.java:3578) ~[ozone-manager-1.4.0-SNAPSHOT.jar:?]
	at org.apache.hadoop.ozone.protocolPB.OzoneManagerRequestHandler.getOzoneFileStatus(OzoneManagerRequestHandler.java:907) ~[ozone-manager-1.4.0-SNAPSHOT.jar:?]
	at org.apache.hadoop.ozone.protocolPB.OzoneManagerRequestHandler.handleReadRequest(OzoneManagerRequestHandler.java:231) ~[ozone-manager-1.4.0-SNAPSHOT.jar:?]
	at org.apache.hadoop.ozone.protocolPB.OzoneManagerProtocolServerSideTranslatorPB.submitRequestDirectlyToOM(OzoneManagerProtocolServerSideTranslatorPB.java:276) ~[ozone-manager-1.4.0-SNAPSHOT.jar:?]
	at org.apache.hadoop.ozone.protocolPB.OzoneManagerProtocolServerSideTranslatorPB.processRequest(OzoneManagerProtocolServerSideTranslatorPB.java:205) ~[ozone-manager-1.4.0-SNAPSHOT.jar:?]
	at org.apache.hadoop.hdds.server.OzoneProtocolMessageDispatcher.processRequest(OzoneProtocolMessageDispatcher.java:87) [hdds-server-framework-1.4.0-SNAPSHOT.jar:?]
	at org.apache.hadoop.ozone.protocolPB.OzoneManagerProtocolServerSideTranslatorPB.submitRequest(OzoneManagerProtocolServerSideTranslatorPB.java:147) [ozone-manager-1.4.0-SNAPSHOT.jar:?]
	at org.apache.hadoop.ozone.protocol.proto.OzoneManagerProtocolProtos$OzoneManagerService$2.callBlockingMethod(OzoneManagerProtocolProtos.java) [ozone-interface-client-1.4.0-SNAPSHOT.jar:?]
	at org.apache.hadoop.ipc.ProtobufRpcEngine$Server.processCall(ProtobufRpcEngine.java:465) [hadoop-common-3.3.4.jar:?]
	at org.apache.hadoop.ipc.ProtobufRpcEngine2$Server$ProtoBufRpcInvoker.call(ProtobufRpcEngine2.java:578) [hadoop-common-3.3.4.jar:?]
	at org.apache.hadoop.ipc.ProtobufRpcEngine2$Server$ProtoBufRpcInvoker.call(ProtobufRpcEngine2.java:556) [hadoop-common-3.3.4.jar:?]
	at org.apache.hadoop.ipc.RPC$Server.call(RPC.java:1093) [hadoop-common-3.3.4.jar:?]
	at org.apache.hadoop.ipc.Server$RpcCall.run(Server.java:1043) [hadoop-common-3.3.4.jar:?]
	at org.apache.hadoop.ipc.Server$RpcCall.run(Server.java:971) [hadoop-common-3.3.4.jar:?]
	at java.security.AccessController.doPrivileged(Native Method) ~[?:1.8.0_352]
	at javax.security.auth.Subject.doAs(Subject.java:422) [?:1.8.0_352]
	at org.apache.hadoop.security.UserGroupInformation.doAs(UserGroupInformation.java:1878) [hadoop-common-3.3.4.jar:?]
	at org.apache.hadoop.ipc.Server$Handler.run(Server.java:2976) [hadoop-common-3.3.4.jar:?]
10:07:28.149 [IPC Server handler 13 on default port 46801] ERROR OMAudit - user=runner | ip=127.0.0.1 | op=GET_FILE_STATUS {volume=volume72509, bucket=bucket24043, key=testBatchDelete/parent/childFolder/child7, dataSize=0, replicationConfig=null} | ret=FAILURE
org.apache.hadoop.ozone.om.exceptions.OMException: Unable to get file status: volume: volume72509 bucket: bucket24043 key: testBatchDelete/parent/childFolder/child7
	at org.apache.hadoop.ozone.om.KeyManagerImpl.getOzoneFileStatus(KeyManagerImpl.java:1301) ~[ozone-manager-1.4.0-SNAPSHOT.jar:?]
	at org.apache.hadoop.ozone.om.KeyManagerImpl.getFileStatus(KeyManagerImpl.java:1219) ~[ozone-manager-1.4.0-SNAPSHOT.jar:?]
	at org.apache.hadoop.ozone.om.OzoneManager.getFileStatus(OzoneManager.java:3578) ~[ozone-manager-1.4.0-SNAPSHOT.jar:?]
	at org.apache.hadoop.ozone.protocolPB.OzoneManagerRequestHandler.getOzoneFileStatus(OzoneManagerRequestHandler.java:907) ~[ozone-manager-1.4.0-SNAPSHOT.jar:?]
	at org.apache.hadoop.ozone.protocolPB.OzoneManagerRequestHandler.handleReadRequest(OzoneManagerRequestHandler.java:231) ~[ozone-manager-1.4.0-SNAPSHOT.jar:?]
	at org.apache.hadoop.ozone.protocolPB.OzoneManagerProtocolServerSideTranslatorPB.submitRequestDirectlyToOM(OzoneManagerProtocolServerSideTranslatorPB.java:276) ~[ozone-manager-1.4.0-SNAPSHOT.jar:?]
	at org.apache.hadoop.ozone.protocolPB.OzoneManagerProtocolServerSideTranslatorPB.processRequest(OzoneManagerProtocolServerSideTranslatorPB.java:205) ~[ozone-manager-1.4.0-SNAPSHOT.jar:?]
	at org.apache.hadoop.hdds.server.OzoneProtocolMessageDispatcher.processRequest(OzoneProtocolMessageDispatcher.java:87) [hdds-server-framework-1.4.0-SNAPSHOT.jar:?]
	at org.apache.hadoop.ozone.protocolPB.OzoneManagerProtocolServerSideTranslatorPB.submitRequest(OzoneManagerProtocolServerSideTranslatorPB.java:147) [ozone-manager-1.4.0-SNAPSHOT.jar:?]
	at org.apache.hadoop.ozone.protocol.proto.OzoneManagerProtocolProtos$OzoneManagerService$2.callBlockingMethod(OzoneManagerProtocolProtos.java) [ozone-interface-client-1.4.0-SNAPSHOT.jar:?]
	at org.apache.hadoop.ipc.ProtobufRpcEngine$Server.processCall(ProtobufRpcEngine.java:465) [hadoop-common-3.3.4.jar:?]
	at org.apache.hadoop.ipc.ProtobufRpcEngine2$Server$ProtoBufRpcInvoker.call(ProtobufRpcEngine2.java:578) [hadoop-common-3.3.4.jar:?]
	at org.apache.hadoop.ipc.ProtobufRpcEngine2$Server$ProtoBufRpcInvoker.call(ProtobufRpcEngine2.java:556) [hadoop-common-3.3.4.jar:?]
	at org.apache.hadoop.ipc.RPC$Server.call(RPC.java:1093) [hadoop-common-3.3.4.jar:?]
	at org.apache.hadoop.ipc.Server$RpcCall.run(Server.java:1043) [hadoop-common-3.3.4.jar:?]
	at org.apache.hadoop.ipc.Server$RpcCall.run(Server.java:971) [hadoop-common-3.3.4.jar:?]
	at java.security.AccessController.doPrivileged(Native Method) ~[?:1.8.0_352]
	at javax.security.auth.Subject.doAs(Subject.java:422) [?:1.8.0_352]
	at org.apache.hadoop.security.UserGroupInformation.doAs(UserGroupInformation.java:1878) [hadoop-common-3.3.4.jar:?]
	at org.apache.hadoop.ipc.Server$Handler.run(Server.java:2976) [hadoop-common-3.3.4.jar:?]
10:07:28.149 [IPC Server handler 14 on default port 46801] ERROR OMAudit - user=runner | ip=127.0.0.1 | op=GET_FILE_STATUS {volume=volume72509, bucket=bucket24043, key=testBatchDelete/parent, dataSize=0, replicationConfig=null} | ret=FAILURE
org.apache.hadoop.ozone.om.exceptions.OMException: Unable to get file status: volume: volume72509 bucket: bucket24043 key: testBatchDelete/parent
	at org.apache.hadoop.ozone.om.KeyManagerImpl.getOzoneFileStatus(KeyManagerImpl.java:1301) ~[ozone-manager-1.4.0-SNAPSHOT.jar:?]
	at org.apache.hadoop.ozone.om.KeyManagerImpl.getFileStatus(KeyManagerImpl.java:1219) ~[ozone-manager-1.4.0-SNAPSHOT.jar:?]
	at org.apache.hadoop.ozone.om.OzoneManager.getFileStatus(OzoneManager.java:3578) ~[ozone-manager-1.4.0-SNAPSHOT.jar:?]
	at org.apache.hadoop.ozone.protocolPB.OzoneManagerRequestHandler.getOzoneFileStatus(OzoneManagerRequestHandler.java:907) ~[ozone-manager-1.4.0-SNAPSHOT.jar:?]
	at org.apache.hadoop.ozone.protocolPB.OzoneManagerRequestHandler.handleReadRequest(OzoneManagerRequestHandler.java:231) ~[ozone-manager-1.4.0-SNAPSHOT.jar:?]
	at org.apache.hadoop.ozone.protocolPB.OzoneManagerProtocolServerSideTranslatorPB.submitRequestDirectlyToOM(OzoneManagerProtocolServerSideTranslatorPB.java:276) ~[ozone-manager-1.4.0-SNAPSHOT.jar:?]
	at org.apache.hadoop.ozone.protocolPB.OzoneManagerProtocolServerSideTranslatorPB.processRequest(OzoneManagerProtocolServerSideTranslatorPB.java:205) ~[ozone-manager-1.4.0-SNAPSHOT.jar:?]
	at org.apache.hadoop.hdds.server.OzoneProtocolMessageDispatcher.processRequest(OzoneProtocolMessageDispatcher.java:87) [hdds-server-framework-1.4.0-SNAPSHOT.jar:?]
	at org.apache.hadoop.ozone.protocolPB.OzoneManagerProtocolServerSideTranslatorPB.submitRequest(OzoneManagerProtocolServerSideTranslatorPB.java:147) [ozone-manager-1.4.0-SNAPSHOT.jar:?]
	at org.apache.hadoop.ozone.protocol.proto.OzoneManagerProtocolProtos$OzoneManagerService$2.callBlockingMethod(OzoneManagerProtocolProtos.java) [ozone-interface-client-1.4.0-SNAPSHOT.jar:?]
	at org.apache.hadoop.ipc.ProtobufRpcEngine$Server.processCall(ProtobufRpcEngine.java:465) [hadoop-common-3.3.4.jar:?]
	at org.apache.hadoop.ipc.ProtobufRpcEngine2$Server$ProtoBufRpcInvoker.call(ProtobufRpcEngine2.java:578) [hadoop-common-3.3.4.jar:?]
	at org.apache.hadoop.ipc.ProtobufRpcEngine2$Server$ProtoBufRpcInvoker.call(ProtobufRpcEngine2.java:556) [hadoop-common-3.3.4.jar:?]
	at org.apache.hadoop.ipc.RPC$Server.call(RPC.java:1093) [hadoop-common-3.3.4.jar:?]
	at org.apache.hadoop.ipc.Server$RpcCall.run(Server.java:1043) [hadoop-common-3.3.4.jar:?]
	at org.apache.hadoop.ipc.Server$RpcCall.run(Server.java:971) [hadoop-common-3.3.4.jar:?]
	at java.security.AccessController.doPrivileged(Native Method) ~[?:1.8.0_352]
	at javax.security.auth.Subject.doAs(Subject.java:422) [?:1.8.0_352]
	at org.apache.hadoop.security.UserGroupInformation.doAs(UserGroupInformation.java:1878) [hadoop-common-3.3.4.jar:?]
	at org.apache.hadoop.ipc.Server$Handler.run(Server.java:2976) [hadoop-common-3.3.4.jar:?]
2023-01-03 10:07:28,150 [Time-limited test] WARN  ozone.BasicOzoneFileSystem (BasicOzoneFileSystem.java:delete(551)) - delete: Path does not exist: /testBatchDelete/parent
]]></system-out>
  </testcase>
  <testcase name="testFileDelete" classname="TestOzoneFileSystem" time="0.07">
    <system-out><![CDATA[2023-01-03 10:08:17,204 [OM StateMachine ApplyTransaction Thread - 0] INFO  key.OMKeyRequest (OMKeyRequest.java:wrapUncommittedBlocksAsPseudoKey(835)) - Detect allocated but uncommitted blocks [{blockID={containerID=4, localID=111677748019200040}, length=4194304, offset=0, token=null, pipeline=null, createVersion=0, partNumber=0}] in key testBatchDelete/parent/child0.
2023-01-03 10:08:17,209 [OM StateMachine ApplyTransaction Thread - 0] INFO  key.OMKeyRequest (OMKeyRequest.java:wrapUncommittedBlocksAsPseudoKey(835)) - Detect allocated but uncommitted blocks [{blockID={containerID=3, localID=111677748019200041}, length=4194304, offset=0, token=null, pipeline=null, createVersion=0, partNumber=0}] in key testBatchDelete/parent/childFolder/child0.
2023-01-03 10:08:17,212 [OM StateMachine ApplyTransaction Thread - 0] INFO  key.OMKeyRequest (OMKeyRequest.java:wrapUncommittedBlocksAsPseudoKey(835)) - Detect allocated but uncommitted blocks [{blockID={containerID=2, localID=111677748019200042}, length=4194304, offset=0, token=null, pipeline=null, createVersion=0, partNumber=0}] in key testBatchDelete/parent/child1.
2023-01-03 10:08:17,215 [OM StateMachine ApplyTransaction Thread - 0] INFO  key.OMKeyRequest (OMKeyRequest.java:wrapUncommittedBlocksAsPseudoKey(835)) - Detect allocated but uncommitted blocks [{blockID={containerID=1, localID=111677748019200043}, length=4194304, offset=0, token=null, pipeline=null, createVersion=0, partNumber=0}] in key testBatchDelete/parent/childFolder/child1.
2023-01-03 10:08:17,218 [OM StateMachine ApplyTransaction Thread - 0] INFO  key.OMKeyRequest (OMKeyRequest.java:wrapUncommittedBlocksAsPseudoKey(835)) - Detect allocated but uncommitted blocks [{blockID={containerID=2, localID=111677748019200044}, length=4194304, offset=0, token=null, pipeline=null, createVersion=0, partNumber=0}] in key testBatchDelete/parent/child2.
2023-01-03 10:08:17,221 [OM StateMachine ApplyTransaction Thread - 0] INFO  key.OMKeyRequest (OMKeyRequest.java:wrapUncommittedBlocksAsPseudoKey(835)) - Detect allocated but uncommitted blocks [{blockID={containerID=1, localID=111677748019200045}, length=4194304, offset=0, token=null, pipeline=null, createVersion=0, partNumber=0}] in key testBatchDelete/parent/childFolder/child2.
2023-01-03 10:08:17,224 [OM StateMachine ApplyTransaction Thread - 0] INFO  key.OMKeyRequest (OMKeyRequest.java:wrapUncommittedBlocksAsPseudoKey(835)) - Detect allocated but uncommitted blocks [{blockID={containerID=4, localID=111677748019200046}, length=4194304, offset=0, token=null, pipeline=null, createVersion=0, partNumber=0}] in key testBatchDelete/parent/child3.
2023-01-03 10:08:17,228 [OM StateMachine ApplyTransaction Thread - 0] INFO  key.OMKeyRequest (OMKeyRequest.java:wrapUncommittedBlocksAsPseudoKey(835)) - Detect allocated but uncommitted blocks [{blockID={containerID=2, localID=111677748019200047}, length=4194304, offset=0, token=null, pipeline=null, createVersion=0, partNumber=0}] in key testBatchDelete/parent/childFolder/child3.
2023-01-03 10:08:17,230 [OM StateMachine ApplyTransaction Thread - 0] INFO  key.OMKeyRequest (OMKeyRequest.java:wrapUncommittedBlocksAsPseudoKey(835)) - Detect allocated but uncommitted blocks [{blockID={containerID=1, localID=111677748019200048}, length=4194304, offset=0, token=null, pipeline=null, createVersion=0, partNumber=0}] in key testBatchDelete/parent/child4.
2023-01-03 10:08:17,233 [OM StateMachine ApplyTransaction Thread - 0] INFO  key.OMKeyRequest (OMKeyRequest.java:wrapUncommittedBlocksAsPseudoKey(835)) - Detect allocated but uncommitted blocks [{blockID={containerID=2, localID=111677748019200049}, length=4194304, offset=0, token=null, pipeline=null, createVersion=0, partNumber=0}] in key testBatchDelete/parent/childFolder/child4.
2023-01-03 10:08:17,236 [OM StateMachine ApplyTransaction Thread - 0] INFO  key.OMKeyRequest (OMKeyRequest.java:wrapUncommittedBlocksAsPseudoKey(835)) - Detect allocated but uncommitted blocks [{blockID={containerID=1, localID=111677748019200050}, length=4194304, offset=0, token=null, pipeline=null, createVersion=0, partNumber=0}] in key testBatchDelete/parent/child5.
2023-01-03 10:08:17,239 [OM StateMachine ApplyTransaction Thread - 0] INFO  key.OMKeyRequest (OMKeyRequest.java:wrapUncommittedBlocksAsPseudoKey(835)) - Detect allocated but uncommitted blocks [{blockID={containerID=3, localID=111677748019200051}, length=4194304, offset=0, token=null, pipeline=null, createVersion=0, partNumber=0}] in key testBatchDelete/parent/childFolder/child5.
2023-01-03 10:08:17,242 [OM StateMachine ApplyTransaction Thread - 0] INFO  key.OMKeyRequest (OMKeyRequest.java:wrapUncommittedBlocksAsPseudoKey(835)) - Detect allocated but uncommitted blocks [{blockID={containerID=2, localID=111677748019200052}, length=4194304, offset=0, token=null, pipeline=null, createVersion=0, partNumber=0}] in key testBatchDelete/parent/child6.
2023-01-03 10:08:17,245 [OM StateMachine ApplyTransaction Thread - 0] INFO  key.OMKeyRequest (OMKeyRequest.java:wrapUncommittedBlocksAsPseudoKey(835)) - Detect allocated but uncommitted blocks [{blockID={containerID=1, localID=111677748019200053}, length=4194304, offset=0, token=null, pipeline=null, createVersion=0, partNumber=0}] in key testBatchDelete/parent/childFolder/child6.
2023-01-03 10:08:17,248 [OM StateMachine ApplyTransaction Thread - 0] INFO  key.OMKeyRequest (OMKeyRequest.java:wrapUncommittedBlocksAsPseudoKey(835)) - Detect allocated but uncommitted blocks [{blockID={containerID=2, localID=111677748019200054}, length=4194304, offset=0, token=null, pipeline=null, createVersion=0, partNumber=0}] in key testBatchDelete/parent/child7.
2023-01-03 10:08:17,251 [OM StateMachine ApplyTransaction Thread - 0] INFO  key.OMKeyRequest (OMKeyRequest.java:wrapUncommittedBlocksAsPseudoKey(835)) - Detect allocated but uncommitted blocks [{blockID={containerID=4, localID=111677748019200055}, length=4194304, offset=0, token=null, pipeline=null, createVersion=0, partNumber=0}] in key testBatchDelete/parent/childFolder/child7.
10:08:17.258 [IPC Server handler 17 on default port 46431] ERROR OMAudit - user=runner | ip=127.0.0.1 | op=GET_FILE_STATUS {volume=volume30750, bucket=bucket79142, key=testBatchDelete, dataSize=0, replicationConfig=null} | ret=FAILURE
org.apache.hadoop.ozone.om.exceptions.OMException: Unable to get file status: volume: volume30750 bucket: bucket79142 key: testBatchDelete
	at org.apache.hadoop.ozone.om.KeyManagerImpl.getOzoneFileStatus(KeyManagerImpl.java:1301) ~[ozone-manager-1.4.0-SNAPSHOT.jar:?]
	at org.apache.hadoop.ozone.om.KeyManagerImpl.getFileStatus(KeyManagerImpl.java:1219) ~[ozone-manager-1.4.0-SNAPSHOT.jar:?]
	at org.apache.hadoop.ozone.om.OzoneManager.getFileStatus(OzoneManager.java:3578) ~[ozone-manager-1.4.0-SNAPSHOT.jar:?]
	at org.apache.hadoop.ozone.protocolPB.OzoneManagerRequestHandler.getOzoneFileStatus(OzoneManagerRequestHandler.java:907) ~[ozone-manager-1.4.0-SNAPSHOT.jar:?]
	at org.apache.hadoop.ozone.protocolPB.OzoneManagerRequestHandler.handleReadRequest(OzoneManagerRequestHandler.java:231) ~[ozone-manager-1.4.0-SNAPSHOT.jar:?]
	at org.apache.hadoop.ozone.protocolPB.OzoneManagerProtocolServerSideTranslatorPB.submitReadRequestToOM(OzoneManagerProtocolServerSideTranslatorPB.java:226) ~[ozone-manager-1.4.0-SNAPSHOT.jar:?]
	at org.apache.hadoop.ozone.protocolPB.OzoneManagerProtocolServerSideTranslatorPB.processRequest(OzoneManagerProtocolServerSideTranslatorPB.java:175) ~[ozone-manager-1.4.0-SNAPSHOT.jar:?]
	at org.apache.hadoop.hdds.server.OzoneProtocolMessageDispatcher.processRequest(OzoneProtocolMessageDispatcher.java:87) [hdds-server-framework-1.4.0-SNAPSHOT.jar:?]
	at org.apache.hadoop.ozone.protocolPB.OzoneManagerProtocolServerSideTranslatorPB.submitRequest(OzoneManagerProtocolServerSideTranslatorPB.java:147) [ozone-manager-1.4.0-SNAPSHOT.jar:?]
	at org.apache.hadoop.ozone.protocol.proto.OzoneManagerProtocolProtos$OzoneManagerService$2.callBlockingMethod(OzoneManagerProtocolProtos.java) [ozone-interface-client-1.4.0-SNAPSHOT.jar:?]
	at org.apache.hadoop.ipc.ProtobufRpcEngine$Server.processCall(ProtobufRpcEngine.java:465) [hadoop-common-3.3.4.jar:?]
	at org.apache.hadoop.ipc.ProtobufRpcEngine2$Server$ProtoBufRpcInvoker.call(ProtobufRpcEngine2.java:578) [hadoop-common-3.3.4.jar:?]
	at org.apache.hadoop.ipc.ProtobufRpcEngine2$Server$ProtoBufRpcInvoker.call(ProtobufRpcEngine2.java:556) [hadoop-common-3.3.4.jar:?]
	at org.apache.hadoop.ipc.RPC$Server.call(RPC.java:1093) [hadoop-common-3.3.4.jar:?]
	at org.apache.hadoop.ipc.Server$RpcCall.run(Server.java:1043) [hadoop-common-3.3.4.jar:?]
	at org.apache.hadoop.ipc.Server$RpcCall.run(Server.java:971) [hadoop-common-3.3.4.jar:?]
	at java.security.AccessController.doPrivileged(Native Method) ~[?:1.8.0_352]
	at javax.security.auth.Subject.doAs(Subject.java:422) [?:1.8.0_352]
	at org.apache.hadoop.security.UserGroupInformation.doAs(UserGroupInformation.java:1878) [hadoop-common-3.3.4.jar:?]
	at org.apache.hadoop.ipc.Server$Handler.run(Server.java:2976) [hadoop-common-3.3.4.jar:?]
10:08:17.259 [IPC Server handler 18 on default port 46431] ERROR OMAudit - user=runner | ip=127.0.0.1 | op=GET_FILE_STATUS {volume=volume30750, bucket=bucket79142, key=testBatchDelete/parent/child0, dataSize=0, replicationConfig=null} | ret=FAILURE
org.apache.hadoop.ozone.om.exceptions.OMException: Unable to get file status: volume: volume30750 bucket: bucket79142 key: testBatchDelete/parent/child0
	at org.apache.hadoop.ozone.om.KeyManagerImpl.getOzoneFileStatus(KeyManagerImpl.java:1301) ~[ozone-manager-1.4.0-SNAPSHOT.jar:?]
	at org.apache.hadoop.ozone.om.KeyManagerImpl.getFileStatus(KeyManagerImpl.java:1219) ~[ozone-manager-1.4.0-SNAPSHOT.jar:?]
	at org.apache.hadoop.ozone.om.OzoneManager.getFileStatus(OzoneManager.java:3578) ~[ozone-manager-1.4.0-SNAPSHOT.jar:?]
	at org.apache.hadoop.ozone.protocolPB.OzoneManagerRequestHandler.getOzoneFileStatus(OzoneManagerRequestHandler.java:907) ~[ozone-manager-1.4.0-SNAPSHOT.jar:?]
	at org.apache.hadoop.ozone.protocolPB.OzoneManagerRequestHandler.handleReadRequest(OzoneManagerRequestHandler.java:231) ~[ozone-manager-1.4.0-SNAPSHOT.jar:?]
	at org.apache.hadoop.ozone.protocolPB.OzoneManagerProtocolServerSideTranslatorPB.submitReadRequestToOM(OzoneManagerProtocolServerSideTranslatorPB.java:226) ~[ozone-manager-1.4.0-SNAPSHOT.jar:?]
	at org.apache.hadoop.ozone.protocolPB.OzoneManagerProtocolServerSideTranslatorPB.processRequest(OzoneManagerProtocolServerSideTranslatorPB.java:175) ~[ozone-manager-1.4.0-SNAPSHOT.jar:?]
	at org.apache.hadoop.hdds.server.OzoneProtocolMessageDispatcher.processRequest(OzoneProtocolMessageDispatcher.java:87) [hdds-server-framework-1.4.0-SNAPSHOT.jar:?]
	at org.apache.hadoop.ozone.protocolPB.OzoneManagerProtocolServerSideTranslatorPB.submitRequest(OzoneManagerProtocolServerSideTranslatorPB.java:147) [ozone-manager-1.4.0-SNAPSHOT.jar:?]
	at org.apache.hadoop.ozone.protocol.proto.OzoneManagerProtocolProtos$OzoneManagerService$2.callBlockingMethod(OzoneManagerProtocolProtos.java) [ozone-interface-client-1.4.0-SNAPSHOT.jar:?]
	at org.apache.hadoop.ipc.ProtobufRpcEngine$Server.processCall(ProtobufRpcEngine.java:465) [hadoop-common-3.3.4.jar:?]
	at org.apache.hadoop.ipc.ProtobufRpcEngine2$Server$ProtoBufRpcInvoker.call(ProtobufRpcEngine2.java:578) [hadoop-common-3.3.4.jar:?]
	at org.apache.hadoop.ipc.ProtobufRpcEngine2$Server$ProtoBufRpcInvoker.call(ProtobufRpcEngine2.java:556) [hadoop-common-3.3.4.jar:?]
	at org.apache.hadoop.ipc.RPC$Server.call(RPC.java:1093) [hadoop-common-3.3.4.jar:?]
	at org.apache.hadoop.ipc.Server$RpcCall.run(Server.java:1043) [hadoop-common-3.3.4.jar:?]
	at org.apache.hadoop.ipc.Server$RpcCall.run(Server.java:971) [hadoop-common-3.3.4.jar:?]
	at java.security.AccessController.doPrivileged(Native Method) ~[?:1.8.0_352]
	at javax.security.auth.Subject.doAs(Subject.java:422) [?:1.8.0_352]
	at org.apache.hadoop.security.UserGroupInformation.doAs(UserGroupInformation.java:1878) [hadoop-common-3.3.4.jar:?]
	at org.apache.hadoop.ipc.Server$Handler.run(Server.java:2976) [hadoop-common-3.3.4.jar:?]
10:08:17.259 [IPC Server handler 19 on default port 46431] ERROR OMAudit - user=runner | ip=127.0.0.1 | op=GET_FILE_STATUS {volume=volume30750, bucket=bucket79142, key=testBatchDelete/parent/childFolder/child0, dataSize=0, replicationConfig=null} | ret=FAILURE
org.apache.hadoop.ozone.om.exceptions.OMException: Unable to get file status: volume: volume30750 bucket: bucket79142 key: testBatchDelete/parent/childFolder/child0
	at org.apache.hadoop.ozone.om.KeyManagerImpl.getOzoneFileStatus(KeyManagerImpl.java:1301) ~[ozone-manager-1.4.0-SNAPSHOT.jar:?]
	at org.apache.hadoop.ozone.om.KeyManagerImpl.getFileStatus(KeyManagerImpl.java:1219) ~[ozone-manager-1.4.0-SNAPSHOT.jar:?]
	at org.apache.hadoop.ozone.om.OzoneManager.getFileStatus(OzoneManager.java:3578) ~[ozone-manager-1.4.0-SNAPSHOT.jar:?]
	at org.apache.hadoop.ozone.protocolPB.OzoneManagerRequestHandler.getOzoneFileStatus(OzoneManagerRequestHandler.java:907) ~[ozone-manager-1.4.0-SNAPSHOT.jar:?]
	at org.apache.hadoop.ozone.protocolPB.OzoneManagerRequestHandler.handleReadRequest(OzoneManagerRequestHandler.java:231) ~[ozone-manager-1.4.0-SNAPSHOT.jar:?]
	at org.apache.hadoop.ozone.protocolPB.OzoneManagerProtocolServerSideTranslatorPB.submitReadRequestToOM(OzoneManagerProtocolServerSideTranslatorPB.java:226) ~[ozone-manager-1.4.0-SNAPSHOT.jar:?]
	at org.apache.hadoop.ozone.protocolPB.OzoneManagerProtocolServerSideTranslatorPB.processRequest(OzoneManagerProtocolServerSideTranslatorPB.java:175) ~[ozone-manager-1.4.0-SNAPSHOT.jar:?]
	at org.apache.hadoop.hdds.server.OzoneProtocolMessageDispatcher.processRequest(OzoneProtocolMessageDispatcher.java:87) [hdds-server-framework-1.4.0-SNAPSHOT.jar:?]
	at org.apache.hadoop.ozone.protocolPB.OzoneManagerProtocolServerSideTranslatorPB.submitRequest(OzoneManagerProtocolServerSideTranslatorPB.java:147) [ozone-manager-1.4.0-SNAPSHOT.jar:?]
	at org.apache.hadoop.ozone.protocol.proto.OzoneManagerProtocolProtos$OzoneManagerService$2.callBlockingMethod(OzoneManagerProtocolProtos.java) [ozone-interface-client-1.4.0-SNAPSHOT.jar:?]
	at org.apache.hadoop.ipc.ProtobufRpcEngine$Server.processCall(ProtobufRpcEngine.java:465) [hadoop-common-3.3.4.jar:?]
	at org.apache.hadoop.ipc.ProtobufRpcEngine2$Server$ProtoBufRpcInvoker.call(ProtobufRpcEngine2.java:578) [hadoop-common-3.3.4.jar:?]
	at org.apache.hadoop.ipc.ProtobufRpcEngine2$Server$ProtoBufRpcInvoker.call(ProtobufRpcEngine2.java:556) [hadoop-common-3.3.4.jar:?]
	at org.apache.hadoop.ipc.RPC$Server.call(RPC.java:1093) [hadoop-common-3.3.4.jar:?]
	at org.apache.hadoop.ipc.Server$RpcCall.run(Server.java:1043) [hadoop-common-3.3.4.jar:?]
	at org.apache.hadoop.ipc.Server$RpcCall.run(Server.java:971) [hadoop-common-3.3.4.jar:?]
	at java.security.AccessController.doPrivileged(Native Method) ~[?:1.8.0_352]
	at javax.security.auth.Subject.doAs(Subject.java:422) [?:1.8.0_352]
	at org.apache.hadoop.security.UserGroupInformation.doAs(UserGroupInformation.java:1878) [hadoop-common-3.3.4.jar:?]
	at org.apache.hadoop.ipc.Server$Handler.run(Server.java:2976) [hadoop-common-3.3.4.jar:?]
10:08:17.260 [IPC Server handler 0 on default port 46431] ERROR OMAudit - user=runner | ip=127.0.0.1 | op=GET_FILE_STATUS {volume=volume30750, bucket=bucket79142, key=testBatchDelete/parent/child1, dataSize=0, replicationConfig=null} | ret=FAILURE
org.apache.hadoop.ozone.om.exceptions.OMException: Unable to get file status: volume: volume30750 bucket: bucket79142 key: testBatchDelete/parent/child1
	at org.apache.hadoop.ozone.om.KeyManagerImpl.getOzoneFileStatus(KeyManagerImpl.java:1301) ~[ozone-manager-1.4.0-SNAPSHOT.jar:?]
	at org.apache.hadoop.ozone.om.KeyManagerImpl.getFileStatus(KeyManagerImpl.java:1219) ~[ozone-manager-1.4.0-SNAPSHOT.jar:?]
	at org.apache.hadoop.ozone.om.OzoneManager.getFileStatus(OzoneManager.java:3578) ~[ozone-manager-1.4.0-SNAPSHOT.jar:?]
	at org.apache.hadoop.ozone.protocolPB.OzoneManagerRequestHandler.getOzoneFileStatus(OzoneManagerRequestHandler.java:907) ~[ozone-manager-1.4.0-SNAPSHOT.jar:?]
	at org.apache.hadoop.ozone.protocolPB.OzoneManagerRequestHandler.handleReadRequest(OzoneManagerRequestHandler.java:231) ~[ozone-manager-1.4.0-SNAPSHOT.jar:?]
	at org.apache.hadoop.ozone.protocolPB.OzoneManagerProtocolServerSideTranslatorPB.submitReadRequestToOM(OzoneManagerProtocolServerSideTranslatorPB.java:226) ~[ozone-manager-1.4.0-SNAPSHOT.jar:?]
	at org.apache.hadoop.ozone.protocolPB.OzoneManagerProtocolServerSideTranslatorPB.processRequest(OzoneManagerProtocolServerSideTranslatorPB.java:175) ~[ozone-manager-1.4.0-SNAPSHOT.jar:?]
	at org.apache.hadoop.hdds.server.OzoneProtocolMessageDispatcher.processRequest(OzoneProtocolMessageDispatcher.java:87) [hdds-server-framework-1.4.0-SNAPSHOT.jar:?]
	at org.apache.hadoop.ozone.protocolPB.OzoneManagerProtocolServerSideTranslatorPB.submitRequest(OzoneManagerProtocolServerSideTranslatorPB.java:147) [ozone-manager-1.4.0-SNAPSHOT.jar:?]
	at org.apache.hadoop.ozone.protocol.proto.OzoneManagerProtocolProtos$OzoneManagerService$2.callBlockingMethod(OzoneManagerProtocolProtos.java) [ozone-interface-client-1.4.0-SNAPSHOT.jar:?]
	at org.apache.hadoop.ipc.ProtobufRpcEngine$Server.processCall(ProtobufRpcEngine.java:465) [hadoop-common-3.3.4.jar:?]
	at org.apache.hadoop.ipc.ProtobufRpcEngine2$Server$ProtoBufRpcInvoker.call(ProtobufRpcEngine2.java:578) [hadoop-common-3.3.4.jar:?]
	at org.apache.hadoop.ipc.ProtobufRpcEngine2$Server$ProtoBufRpcInvoker.call(ProtobufRpcEngine2.java:556) [hadoop-common-3.3.4.jar:?]
	at org.apache.hadoop.ipc.RPC$Server.call(RPC.java:1093) [hadoop-common-3.3.4.jar:?]
	at org.apache.hadoop.ipc.Server$RpcCall.run(Server.java:1043) [hadoop-common-3.3.4.jar:?]
	at org.apache.hadoop.ipc.Server$RpcCall.run(Server.java:971) [hadoop-common-3.3.4.jar:?]
	at java.security.AccessController.doPrivileged(Native Method) ~[?:1.8.0_352]
	at javax.security.auth.Subject.doAs(Subject.java:422) [?:1.8.0_352]
	at org.apache.hadoop.security.UserGroupInformation.doAs(UserGroupInformation.java:1878) [hadoop-common-3.3.4.jar:?]
	at org.apache.hadoop.ipc.Server$Handler.run(Server.java:2976) [hadoop-common-3.3.4.jar:?]
10:08:17.260 [IPC Server handler 3 on default port 46431] ERROR OMAudit - user=runner | ip=127.0.0.1 | op=GET_FILE_STATUS {volume=volume30750, bucket=bucket79142, key=testBatchDelete/parent/childFolder/child1, dataSize=0, replicationConfig=null} | ret=FAILURE
org.apache.hadoop.ozone.om.exceptions.OMException: Unable to get file status: volume: volume30750 bucket: bucket79142 key: testBatchDelete/parent/childFolder/child1
	at org.apache.hadoop.ozone.om.KeyManagerImpl.getOzoneFileStatus(KeyManagerImpl.java:1301) ~[ozone-manager-1.4.0-SNAPSHOT.jar:?]
	at org.apache.hadoop.ozone.om.KeyManagerImpl.getFileStatus(KeyManagerImpl.java:1219) ~[ozone-manager-1.4.0-SNAPSHOT.jar:?]
	at org.apache.hadoop.ozone.om.OzoneManager.getFileStatus(OzoneManager.java:3578) ~[ozone-manager-1.4.0-SNAPSHOT.jar:?]
	at org.apache.hadoop.ozone.protocolPB.OzoneManagerRequestHandler.getOzoneFileStatus(OzoneManagerRequestHandler.java:907) ~[ozone-manager-1.4.0-SNAPSHOT.jar:?]
	at org.apache.hadoop.ozone.protocolPB.OzoneManagerRequestHandler.handleReadRequest(OzoneManagerRequestHandler.java:231) ~[ozone-manager-1.4.0-SNAPSHOT.jar:?]
	at org.apache.hadoop.ozone.protocolPB.OzoneManagerProtocolServerSideTranslatorPB.submitReadRequestToOM(OzoneManagerProtocolServerSideTranslatorPB.java:226) ~[ozone-manager-1.4.0-SNAPSHOT.jar:?]
	at org.apache.hadoop.ozone.protocolPB.OzoneManagerProtocolServerSideTranslatorPB.processRequest(OzoneManagerProtocolServerSideTranslatorPB.java:175) ~[ozone-manager-1.4.0-SNAPSHOT.jar:?]
	at org.apache.hadoop.hdds.server.OzoneProtocolMessageDispatcher.processRequest(OzoneProtocolMessageDispatcher.java:87) [hdds-server-framework-1.4.0-SNAPSHOT.jar:?]
	at org.apache.hadoop.ozone.protocolPB.OzoneManagerProtocolServerSideTranslatorPB.submitRequest(OzoneManagerProtocolServerSideTranslatorPB.java:147) [ozone-manager-1.4.0-SNAPSHOT.jar:?]
	at org.apache.hadoop.ozone.protocol.proto.OzoneManagerProtocolProtos$OzoneManagerService$2.callBlockingMethod(OzoneManagerProtocolProtos.java) [ozone-interface-client-1.4.0-SNAPSHOT.jar:?]
	at org.apache.hadoop.ipc.ProtobufRpcEngine$Server.processCall(ProtobufRpcEngine.java:465) [hadoop-common-3.3.4.jar:?]
	at org.apache.hadoop.ipc.ProtobufRpcEngine2$Server$ProtoBufRpcInvoker.call(ProtobufRpcEngine2.java:578) [hadoop-common-3.3.4.jar:?]
	at org.apache.hadoop.ipc.ProtobufRpcEngine2$Server$ProtoBufRpcInvoker.call(ProtobufRpcEngine2.java:556) [hadoop-common-3.3.4.jar:?]
	at org.apache.hadoop.ipc.RPC$Server.call(RPC.java:1093) [hadoop-common-3.3.4.jar:?]
	at org.apache.hadoop.ipc.Server$RpcCall.run(Server.java:1043) [hadoop-common-3.3.4.jar:?]
	at org.apache.hadoop.ipc.Server$RpcCall.run(Server.java:971) [hadoop-common-3.3.4.jar:?]
	at java.security.AccessController.doPrivileged(Native Method) ~[?:1.8.0_352]
	at javax.security.auth.Subject.doAs(Subject.java:422) [?:1.8.0_352]
	at org.apache.hadoop.security.UserGroupInformation.doAs(UserGroupInformation.java:1878) [hadoop-common-3.3.4.jar:?]
	at org.apache.hadoop.ipc.Server$Handler.run(Server.java:2976) [hadoop-common-3.3.4.jar:?]
10:08:17.261 [IPC Server handler 1 on default port 46431] ERROR OMAudit - user=runner | ip=127.0.0.1 | op=GET_FILE_STATUS {volume=volume30750, bucket=bucket79142, key=testBatchDelete/parent/child2, dataSize=0, replicationConfig=null} | ret=FAILURE
org.apache.hadoop.ozone.om.exceptions.OMException: Unable to get file status: volume: volume30750 bucket: bucket79142 key: testBatchDelete/parent/child2
	at org.apache.hadoop.ozone.om.KeyManagerImpl.getOzoneFileStatus(KeyManagerImpl.java:1301) ~[ozone-manager-1.4.0-SNAPSHOT.jar:?]
	at org.apache.hadoop.ozone.om.KeyManagerImpl.getFileStatus(KeyManagerImpl.java:1219) ~[ozone-manager-1.4.0-SNAPSHOT.jar:?]
	at org.apache.hadoop.ozone.om.OzoneManager.getFileStatus(OzoneManager.java:3578) ~[ozone-manager-1.4.0-SNAPSHOT.jar:?]
	at org.apache.hadoop.ozone.protocolPB.OzoneManagerRequestHandler.getOzoneFileStatus(OzoneManagerRequestHandler.java:907) ~[ozone-manager-1.4.0-SNAPSHOT.jar:?]
	at org.apache.hadoop.ozone.protocolPB.OzoneManagerRequestHandler.handleReadRequest(OzoneManagerRequestHandler.java:231) ~[ozone-manager-1.4.0-SNAPSHOT.jar:?]
	at org.apache.hadoop.ozone.protocolPB.OzoneManagerProtocolServerSideTranslatorPB.submitReadRequestToOM(OzoneManagerProtocolServerSideTranslatorPB.java:226) ~[ozone-manager-1.4.0-SNAPSHOT.jar:?]
	at org.apache.hadoop.ozone.protocolPB.OzoneManagerProtocolServerSideTranslatorPB.processRequest(OzoneManagerProtocolServerSideTranslatorPB.java:175) ~[ozone-manager-1.4.0-SNAPSHOT.jar:?]
	at org.apache.hadoop.hdds.server.OzoneProtocolMessageDispatcher.processRequest(OzoneProtocolMessageDispatcher.java:87) [hdds-server-framework-1.4.0-SNAPSHOT.jar:?]
	at org.apache.hadoop.ozone.protocolPB.OzoneManagerProtocolServerSideTranslatorPB.submitRequest(OzoneManagerProtocolServerSideTranslatorPB.java:147) [ozone-manager-1.4.0-SNAPSHOT.jar:?]
	at org.apache.hadoop.ozone.protocol.proto.OzoneManagerProtocolProtos$OzoneManagerService$2.callBlockingMethod(OzoneManagerProtocolProtos.java) [ozone-interface-client-1.4.0-SNAPSHOT.jar:?]
	at org.apache.hadoop.ipc.ProtobufRpcEngine$Server.processCall(ProtobufRpcEngine.java:465) [hadoop-common-3.3.4.jar:?]
	at org.apache.hadoop.ipc.ProtobufRpcEngine2$Server$ProtoBufRpcInvoker.call(ProtobufRpcEngine2.java:578) [hadoop-common-3.3.4.jar:?]
	at org.apache.hadoop.ipc.ProtobufRpcEngine2$Server$ProtoBufRpcInvoker.call(ProtobufRpcEngine2.java:556) [hadoop-common-3.3.4.jar:?]
	at org.apache.hadoop.ipc.RPC$Server.call(RPC.java:1093) [hadoop-common-3.3.4.jar:?]
	at org.apache.hadoop.ipc.Server$RpcCall.run(Server.java:1043) [hadoop-common-3.3.4.jar:?]
	at org.apache.hadoop.ipc.Server$RpcCall.run(Server.java:971) [hadoop-common-3.3.4.jar:?]
	at java.security.AccessController.doPrivileged(Native Method) ~[?:1.8.0_352]
	at javax.security.auth.Subject.doAs(Subject.java:422) [?:1.8.0_352]
	at org.apache.hadoop.security.UserGroupInformation.doAs(UserGroupInformation.java:1878) [hadoop-common-3.3.4.jar:?]
	at org.apache.hadoop.ipc.Server$Handler.run(Server.java:2976) [hadoop-common-3.3.4.jar:?]
10:08:17.262 [IPC Server handler 4 on default port 46431] ERROR OMAudit - user=runner | ip=127.0.0.1 | op=GET_FILE_STATUS {volume=volume30750, bucket=bucket79142, key=testBatchDelete/parent/childFolder/child2, dataSize=0, replicationConfig=null} | ret=FAILURE
org.apache.hadoop.ozone.om.exceptions.OMException: Unable to get file status: volume: volume30750 bucket: bucket79142 key: testBatchDelete/parent/childFolder/child2
	at org.apache.hadoop.ozone.om.KeyManagerImpl.getOzoneFileStatus(KeyManagerImpl.java:1301) ~[ozone-manager-1.4.0-SNAPSHOT.jar:?]
	at org.apache.hadoop.ozone.om.KeyManagerImpl.getFileStatus(KeyManagerImpl.java:1219) ~[ozone-manager-1.4.0-SNAPSHOT.jar:?]
	at org.apache.hadoop.ozone.om.OzoneManager.getFileStatus(OzoneManager.java:3578) ~[ozone-manager-1.4.0-SNAPSHOT.jar:?]
	at org.apache.hadoop.ozone.protocolPB.OzoneManagerRequestHandler.getOzoneFileStatus(OzoneManagerRequestHandler.java:907) ~[ozone-manager-1.4.0-SNAPSHOT.jar:?]
	at org.apache.hadoop.ozone.protocolPB.OzoneManagerRequestHandler.handleReadRequest(OzoneManagerRequestHandler.java:231) ~[ozone-manager-1.4.0-SNAPSHOT.jar:?]
	at org.apache.hadoop.ozone.protocolPB.OzoneManagerProtocolServerSideTranslatorPB.submitReadRequestToOM(OzoneManagerProtocolServerSideTranslatorPB.java:226) ~[ozone-manager-1.4.0-SNAPSHOT.jar:?]
	at org.apache.hadoop.ozone.protocolPB.OzoneManagerProtocolServerSideTranslatorPB.processRequest(OzoneManagerProtocolServerSideTranslatorPB.java:175) ~[ozone-manager-1.4.0-SNAPSHOT.jar:?]
	at org.apache.hadoop.hdds.server.OzoneProtocolMessageDispatcher.processRequest(OzoneProtocolMessageDispatcher.java:87) [hdds-server-framework-1.4.0-SNAPSHOT.jar:?]
	at org.apache.hadoop.ozone.protocolPB.OzoneManagerProtocolServerSideTranslatorPB.submitRequest(OzoneManagerProtocolServerSideTranslatorPB.java:147) [ozone-manager-1.4.0-SNAPSHOT.jar:?]
	at org.apache.hadoop.ozone.protocol.proto.OzoneManagerProtocolProtos$OzoneManagerService$2.callBlockingMethod(OzoneManagerProtocolProtos.java) [ozone-interface-client-1.4.0-SNAPSHOT.jar:?]
	at org.apache.hadoop.ipc.ProtobufRpcEngine$Server.processCall(ProtobufRpcEngine.java:465) [hadoop-common-3.3.4.jar:?]
	at org.apache.hadoop.ipc.ProtobufRpcEngine2$Server$ProtoBufRpcInvoker.call(ProtobufRpcEngine2.java:578) [hadoop-common-3.3.4.jar:?]
	at org.apache.hadoop.ipc.ProtobufRpcEngine2$Server$ProtoBufRpcInvoker.call(ProtobufRpcEngine2.java:556) [hadoop-common-3.3.4.jar:?]
	at org.apache.hadoop.ipc.RPC$Server.call(RPC.java:1093) [hadoop-common-3.3.4.jar:?]
	at org.apache.hadoop.ipc.Server$RpcCall.run(Server.java:1043) [hadoop-common-3.3.4.jar:?]
	at org.apache.hadoop.ipc.Server$RpcCall.run(Server.java:971) [hadoop-common-3.3.4.jar:?]
	at java.security.AccessController.doPrivileged(Native Method) ~[?:1.8.0_352]
	at javax.security.auth.Subject.doAs(Subject.java:422) [?:1.8.0_352]
	at org.apache.hadoop.security.UserGroupInformation.doAs(UserGroupInformation.java:1878) [hadoop-common-3.3.4.jar:?]
	at org.apache.hadoop.ipc.Server$Handler.run(Server.java:2976) [hadoop-common-3.3.4.jar:?]
10:08:17.262 [IPC Server handler 5 on default port 46431] ERROR OMAudit - user=runner | ip=127.0.0.1 | op=GET_FILE_STATUS {volume=volume30750, bucket=bucket79142, key=testBatchDelete/parent/child3, dataSize=0, replicationConfig=null} | ret=FAILURE
org.apache.hadoop.ozone.om.exceptions.OMException: Unable to get file status: volume: volume30750 bucket: bucket79142 key: testBatchDelete/parent/child3
	at org.apache.hadoop.ozone.om.KeyManagerImpl.getOzoneFileStatus(KeyManagerImpl.java:1301) ~[ozone-manager-1.4.0-SNAPSHOT.jar:?]
	at org.apache.hadoop.ozone.om.KeyManagerImpl.getFileStatus(KeyManagerImpl.java:1219) ~[ozone-manager-1.4.0-SNAPSHOT.jar:?]
	at org.apache.hadoop.ozone.om.OzoneManager.getFileStatus(OzoneManager.java:3578) ~[ozone-manager-1.4.0-SNAPSHOT.jar:?]
	at org.apache.hadoop.ozone.protocolPB.OzoneManagerRequestHandler.getOzoneFileStatus(OzoneManagerRequestHandler.java:907) ~[ozone-manager-1.4.0-SNAPSHOT.jar:?]
	at org.apache.hadoop.ozone.protocolPB.OzoneManagerRequestHandler.handleReadRequest(OzoneManagerRequestHandler.java:231) ~[ozone-manager-1.4.0-SNAPSHOT.jar:?]
	at org.apache.hadoop.ozone.protocolPB.OzoneManagerProtocolServerSideTranslatorPB.submitReadRequestToOM(OzoneManagerProtocolServerSideTranslatorPB.java:226) ~[ozone-manager-1.4.0-SNAPSHOT.jar:?]
	at org.apache.hadoop.ozone.protocolPB.OzoneManagerProtocolServerSideTranslatorPB.processRequest(OzoneManagerProtocolServerSideTranslatorPB.java:175) ~[ozone-manager-1.4.0-SNAPSHOT.jar:?]
	at org.apache.hadoop.hdds.server.OzoneProtocolMessageDispatcher.processRequest(OzoneProtocolMessageDispatcher.java:87) [hdds-server-framework-1.4.0-SNAPSHOT.jar:?]
	at org.apache.hadoop.ozone.protocolPB.OzoneManagerProtocolServerSideTranslatorPB.submitRequest(OzoneManagerProtocolServerSideTranslatorPB.java:147) [ozone-manager-1.4.0-SNAPSHOT.jar:?]
	at org.apache.hadoop.ozone.protocol.proto.OzoneManagerProtocolProtos$OzoneManagerService$2.callBlockingMethod(OzoneManagerProtocolProtos.java) [ozone-interface-client-1.4.0-SNAPSHOT.jar:?]
	at org.apache.hadoop.ipc.ProtobufRpcEngine$Server.processCall(ProtobufRpcEngine.java:465) [hadoop-common-3.3.4.jar:?]
	at org.apache.hadoop.ipc.ProtobufRpcEngine2$Server$ProtoBufRpcInvoker.call(ProtobufRpcEngine2.java:578) [hadoop-common-3.3.4.jar:?]
	at org.apache.hadoop.ipc.ProtobufRpcEngine2$Server$ProtoBufRpcInvoker.call(ProtobufRpcEngine2.java:556) [hadoop-common-3.3.4.jar:?]
	at org.apache.hadoop.ipc.RPC$Server.call(RPC.java:1093) [hadoop-common-3.3.4.jar:?]
	at org.apache.hadoop.ipc.Server$RpcCall.run(Server.java:1043) [hadoop-common-3.3.4.jar:?]
	at org.apache.hadoop.ipc.Server$RpcCall.run(Server.java:971) [hadoop-common-3.3.4.jar:?]
	at java.security.AccessController.doPrivileged(Native Method) ~[?:1.8.0_352]
	at javax.security.auth.Subject.doAs(Subject.java:422) [?:1.8.0_352]
	at org.apache.hadoop.security.UserGroupInformation.doAs(UserGroupInformation.java:1878) [hadoop-common-3.3.4.jar:?]
	at org.apache.hadoop.ipc.Server$Handler.run(Server.java:2976) [hadoop-common-3.3.4.jar:?]
10:08:17.263 [IPC Server handler 2 on default port 46431] ERROR OMAudit - user=runner | ip=127.0.0.1 | op=GET_FILE_STATUS {volume=volume30750, bucket=bucket79142, key=testBatchDelete/parent/childFolder/child3, dataSize=0, replicationConfig=null} | ret=FAILURE
org.apache.hadoop.ozone.om.exceptions.OMException: Unable to get file status: volume: volume30750 bucket: bucket79142 key: testBatchDelete/parent/childFolder/child3
	at org.apache.hadoop.ozone.om.KeyManagerImpl.getOzoneFileStatus(KeyManagerImpl.java:1301) ~[ozone-manager-1.4.0-SNAPSHOT.jar:?]
	at org.apache.hadoop.ozone.om.KeyManagerImpl.getFileStatus(KeyManagerImpl.java:1219) ~[ozone-manager-1.4.0-SNAPSHOT.jar:?]
	at org.apache.hadoop.ozone.om.OzoneManager.getFileStatus(OzoneManager.java:3578) ~[ozone-manager-1.4.0-SNAPSHOT.jar:?]
	at org.apache.hadoop.ozone.protocolPB.OzoneManagerRequestHandler.getOzoneFileStatus(OzoneManagerRequestHandler.java:907) ~[ozone-manager-1.4.0-SNAPSHOT.jar:?]
	at org.apache.hadoop.ozone.protocolPB.OzoneManagerRequestHandler.handleReadRequest(OzoneManagerRequestHandler.java:231) ~[ozone-manager-1.4.0-SNAPSHOT.jar:?]
	at org.apache.hadoop.ozone.protocolPB.OzoneManagerProtocolServerSideTranslatorPB.submitReadRequestToOM(OzoneManagerProtocolServerSideTranslatorPB.java:226) ~[ozone-manager-1.4.0-SNAPSHOT.jar:?]
	at org.apache.hadoop.ozone.protocolPB.OzoneManagerProtocolServerSideTranslatorPB.processRequest(OzoneManagerProtocolServerSideTranslatorPB.java:175) ~[ozone-manager-1.4.0-SNAPSHOT.jar:?]
	at org.apache.hadoop.hdds.server.OzoneProtocolMessageDispatcher.processRequest(OzoneProtocolMessageDispatcher.java:87) [hdds-server-framework-1.4.0-SNAPSHOT.jar:?]
	at org.apache.hadoop.ozone.protocolPB.OzoneManagerProtocolServerSideTranslatorPB.submitRequest(OzoneManagerProtocolServerSideTranslatorPB.java:147) [ozone-manager-1.4.0-SNAPSHOT.jar:?]
	at org.apache.hadoop.ozone.protocol.proto.OzoneManagerProtocolProtos$OzoneManagerService$2.callBlockingMethod(OzoneManagerProtocolProtos.java) [ozone-interface-client-1.4.0-SNAPSHOT.jar:?]
	at org.apache.hadoop.ipc.ProtobufRpcEngine$Server.processCall(ProtobufRpcEngine.java:465) [hadoop-common-3.3.4.jar:?]
	at org.apache.hadoop.ipc.ProtobufRpcEngine2$Server$ProtoBufRpcInvoker.call(ProtobufRpcEngine2.java:578) [hadoop-common-3.3.4.jar:?]
	at org.apache.hadoop.ipc.ProtobufRpcEngine2$Server$ProtoBufRpcInvoker.call(ProtobufRpcEngine2.java:556) [hadoop-common-3.3.4.jar:?]
	at org.apache.hadoop.ipc.RPC$Server.call(RPC.java:1093) [hadoop-common-3.3.4.jar:?]
	at org.apache.hadoop.ipc.Server$RpcCall.run(Server.java:1043) [hadoop-common-3.3.4.jar:?]
	at org.apache.hadoop.ipc.Server$RpcCall.run(Server.java:971) [hadoop-common-3.3.4.jar:?]
	at java.security.AccessController.doPrivileged(Native Method) ~[?:1.8.0_352]
	at javax.security.auth.Subject.doAs(Subject.java:422) [?:1.8.0_352]
	at org.apache.hadoop.security.UserGroupInformation.doAs(UserGroupInformation.java:1878) [hadoop-common-3.3.4.jar:?]
	at org.apache.hadoop.ipc.Server$Handler.run(Server.java:2976) [hadoop-common-3.3.4.jar:?]
10:08:17.263 [IPC Server handler 6 on default port 46431] ERROR OMAudit - user=runner | ip=127.0.0.1 | op=GET_FILE_STATUS {volume=volume30750, bucket=bucket79142, key=testBatchDelete/parent/child4, dataSize=0, replicationConfig=null} | ret=FAILURE
org.apache.hadoop.ozone.om.exceptions.OMException: Unable to get file status: volume: volume30750 bucket: bucket79142 key: testBatchDelete/parent/child4
	at org.apache.hadoop.ozone.om.KeyManagerImpl.getOzoneFileStatus(KeyManagerImpl.java:1301) ~[ozone-manager-1.4.0-SNAPSHOT.jar:?]
	at org.apache.hadoop.ozone.om.KeyManagerImpl.getFileStatus(KeyManagerImpl.java:1219) ~[ozone-manager-1.4.0-SNAPSHOT.jar:?]
	at org.apache.hadoop.ozone.om.OzoneManager.getFileStatus(OzoneManager.java:3578) ~[ozone-manager-1.4.0-SNAPSHOT.jar:?]
	at org.apache.hadoop.ozone.protocolPB.OzoneManagerRequestHandler.getOzoneFileStatus(OzoneManagerRequestHandler.java:907) ~[ozone-manager-1.4.0-SNAPSHOT.jar:?]
	at org.apache.hadoop.ozone.protocolPB.OzoneManagerRequestHandler.handleReadRequest(OzoneManagerRequestHandler.java:231) ~[ozone-manager-1.4.0-SNAPSHOT.jar:?]
	at org.apache.hadoop.ozone.protocolPB.OzoneManagerProtocolServerSideTranslatorPB.submitReadRequestToOM(OzoneManagerProtocolServerSideTranslatorPB.java:226) ~[ozone-manager-1.4.0-SNAPSHOT.jar:?]
	at org.apache.hadoop.ozone.protocolPB.OzoneManagerProtocolServerSideTranslatorPB.processRequest(OzoneManagerProtocolServerSideTranslatorPB.java:175) ~[ozone-manager-1.4.0-SNAPSHOT.jar:?]
	at org.apache.hadoop.hdds.server.OzoneProtocolMessageDispatcher.processRequest(OzoneProtocolMessageDispatcher.java:87) [hdds-server-framework-1.4.0-SNAPSHOT.jar:?]
	at org.apache.hadoop.ozone.protocolPB.OzoneManagerProtocolServerSideTranslatorPB.submitRequest(OzoneManagerProtocolServerSideTranslatorPB.java:147) [ozone-manager-1.4.0-SNAPSHOT.jar:?]
	at org.apache.hadoop.ozone.protocol.proto.OzoneManagerProtocolProtos$OzoneManagerService$2.callBlockingMethod(OzoneManagerProtocolProtos.java) [ozone-interface-client-1.4.0-SNAPSHOT.jar:?]
	at org.apache.hadoop.ipc.ProtobufRpcEngine$Server.processCall(ProtobufRpcEngine.java:465) [hadoop-common-3.3.4.jar:?]
	at org.apache.hadoop.ipc.ProtobufRpcEngine2$Server$ProtoBufRpcInvoker.call(ProtobufRpcEngine2.java:578) [hadoop-common-3.3.4.jar:?]
	at org.apache.hadoop.ipc.ProtobufRpcEngine2$Server$ProtoBufRpcInvoker.call(ProtobufRpcEngine2.java:556) [hadoop-common-3.3.4.jar:?]
	at org.apache.hadoop.ipc.RPC$Server.call(RPC.java:1093) [hadoop-common-3.3.4.jar:?]
	at org.apache.hadoop.ipc.Server$RpcCall.run(Server.java:1043) [hadoop-common-3.3.4.jar:?]
	at org.apache.hadoop.ipc.Server$RpcCall.run(Server.java:971) [hadoop-common-3.3.4.jar:?]
	at java.security.AccessController.doPrivileged(Native Method) ~[?:1.8.0_352]
	at javax.security.auth.Subject.doAs(Subject.java:422) [?:1.8.0_352]
	at org.apache.hadoop.security.UserGroupInformation.doAs(UserGroupInformation.java:1878) [hadoop-common-3.3.4.jar:?]
	at org.apache.hadoop.ipc.Server$Handler.run(Server.java:2976) [hadoop-common-3.3.4.jar:?]
10:08:17.264 [IPC Server handler 7 on default port 46431] ERROR OMAudit - user=runner | ip=127.0.0.1 | op=GET_FILE_STATUS {volume=volume30750, bucket=bucket79142, key=testBatchDelete/parent/childFolder/child4, dataSize=0, replicationConfig=null} | ret=FAILURE
org.apache.hadoop.ozone.om.exceptions.OMException: Unable to get file status: volume: volume30750 bucket: bucket79142 key: testBatchDelete/parent/childFolder/child4
	at org.apache.hadoop.ozone.om.KeyManagerImpl.getOzoneFileStatus(KeyManagerImpl.java:1301) ~[ozone-manager-1.4.0-SNAPSHOT.jar:?]
	at org.apache.hadoop.ozone.om.KeyManagerImpl.getFileStatus(KeyManagerImpl.java:1219) ~[ozone-manager-1.4.0-SNAPSHOT.jar:?]
	at org.apache.hadoop.ozone.om.OzoneManager.getFileStatus(OzoneManager.java:3578) ~[ozone-manager-1.4.0-SNAPSHOT.jar:?]
	at org.apache.hadoop.ozone.protocolPB.OzoneManagerRequestHandler.getOzoneFileStatus(OzoneManagerRequestHandler.java:907) ~[ozone-manager-1.4.0-SNAPSHOT.jar:?]
	at org.apache.hadoop.ozone.protocolPB.OzoneManagerRequestHandler.handleReadRequest(OzoneManagerRequestHandler.java:231) ~[ozone-manager-1.4.0-SNAPSHOT.jar:?]
	at org.apache.hadoop.ozone.protocolPB.OzoneManagerProtocolServerSideTranslatorPB.submitReadRequestToOM(OzoneManagerProtocolServerSideTranslatorPB.java:226) ~[ozone-manager-1.4.0-SNAPSHOT.jar:?]
	at org.apache.hadoop.ozone.protocolPB.OzoneManagerProtocolServerSideTranslatorPB.processRequest(OzoneManagerProtocolServerSideTranslatorPB.java:175) ~[ozone-manager-1.4.0-SNAPSHOT.jar:?]
	at org.apache.hadoop.hdds.server.OzoneProtocolMessageDispatcher.processRequest(OzoneProtocolMessageDispatcher.java:87) [hdds-server-framework-1.4.0-SNAPSHOT.jar:?]
	at org.apache.hadoop.ozone.protocolPB.OzoneManagerProtocolServerSideTranslatorPB.submitRequest(OzoneManagerProtocolServerSideTranslatorPB.java:147) [ozone-manager-1.4.0-SNAPSHOT.jar:?]
	at org.apache.hadoop.ozone.protocol.proto.OzoneManagerProtocolProtos$OzoneManagerService$2.callBlockingMethod(OzoneManagerProtocolProtos.java) [ozone-interface-client-1.4.0-SNAPSHOT.jar:?]
	at org.apache.hadoop.ipc.ProtobufRpcEngine$Server.processCall(ProtobufRpcEngine.java:465) [hadoop-common-3.3.4.jar:?]
	at org.apache.hadoop.ipc.ProtobufRpcEngine2$Server$ProtoBufRpcInvoker.call(ProtobufRpcEngine2.java:578) [hadoop-common-3.3.4.jar:?]
	at org.apache.hadoop.ipc.ProtobufRpcEngine2$Server$ProtoBufRpcInvoker.call(ProtobufRpcEngine2.java:556) [hadoop-common-3.3.4.jar:?]
	at org.apache.hadoop.ipc.RPC$Server.call(RPC.java:1093) [hadoop-common-3.3.4.jar:?]
	at org.apache.hadoop.ipc.Server$RpcCall.run(Server.java:1043) [hadoop-common-3.3.4.jar:?]
	at org.apache.hadoop.ipc.Server$RpcCall.run(Server.java:971) [hadoop-common-3.3.4.jar:?]
	at java.security.AccessController.doPrivileged(Native Method) ~[?:1.8.0_352]
	at javax.security.auth.Subject.doAs(Subject.java:422) [?:1.8.0_352]
	at org.apache.hadoop.security.UserGroupInformation.doAs(UserGroupInformation.java:1878) [hadoop-common-3.3.4.jar:?]
	at org.apache.hadoop.ipc.Server$Handler.run(Server.java:2976) [hadoop-common-3.3.4.jar:?]
10:08:17.264 [IPC Server handler 8 on default port 46431] ERROR OMAudit - user=runner | ip=127.0.0.1 | op=GET_FILE_STATUS {volume=volume30750, bucket=bucket79142, key=testBatchDelete/parent/child5, dataSize=0, replicationConfig=null} | ret=FAILURE
org.apache.hadoop.ozone.om.exceptions.OMException: Unable to get file status: volume: volume30750 bucket: bucket79142 key: testBatchDelete/parent/child5
	at org.apache.hadoop.ozone.om.KeyManagerImpl.getOzoneFileStatus(KeyManagerImpl.java:1301) ~[ozone-manager-1.4.0-SNAPSHOT.jar:?]
	at org.apache.hadoop.ozone.om.KeyManagerImpl.getFileStatus(KeyManagerImpl.java:1219) ~[ozone-manager-1.4.0-SNAPSHOT.jar:?]
	at org.apache.hadoop.ozone.om.OzoneManager.getFileStatus(OzoneManager.java:3578) ~[ozone-manager-1.4.0-SNAPSHOT.jar:?]
	at org.apache.hadoop.ozone.protocolPB.OzoneManagerRequestHandler.getOzoneFileStatus(OzoneManagerRequestHandler.java:907) ~[ozone-manager-1.4.0-SNAPSHOT.jar:?]
	at org.apache.hadoop.ozone.protocolPB.OzoneManagerRequestHandler.handleReadRequest(OzoneManagerRequestHandler.java:231) ~[ozone-manager-1.4.0-SNAPSHOT.jar:?]
	at org.apache.hadoop.ozone.protocolPB.OzoneManagerProtocolServerSideTranslatorPB.submitReadRequestToOM(OzoneManagerProtocolServerSideTranslatorPB.java:226) ~[ozone-manager-1.4.0-SNAPSHOT.jar:?]
	at org.apache.hadoop.ozone.protocolPB.OzoneManagerProtocolServerSideTranslatorPB.processRequest(OzoneManagerProtocolServerSideTranslatorPB.java:175) ~[ozone-manager-1.4.0-SNAPSHOT.jar:?]
	at org.apache.hadoop.hdds.server.OzoneProtocolMessageDispatcher.processRequest(OzoneProtocolMessageDispatcher.java:87) [hdds-server-framework-1.4.0-SNAPSHOT.jar:?]
	at org.apache.hadoop.ozone.protocolPB.OzoneManagerProtocolServerSideTranslatorPB.submitRequest(OzoneManagerProtocolServerSideTranslatorPB.java:147) [ozone-manager-1.4.0-SNAPSHOT.jar:?]
	at org.apache.hadoop.ozone.protocol.proto.OzoneManagerProtocolProtos$OzoneManagerService$2.callBlockingMethod(OzoneManagerProtocolProtos.java) [ozone-interface-client-1.4.0-SNAPSHOT.jar:?]
	at org.apache.hadoop.ipc.ProtobufRpcEngine$Server.processCall(ProtobufRpcEngine.java:465) [hadoop-common-3.3.4.jar:?]
	at org.apache.hadoop.ipc.ProtobufRpcEngine2$Server$ProtoBufRpcInvoker.call(ProtobufRpcEngine2.java:578) [hadoop-common-3.3.4.jar:?]
	at org.apache.hadoop.ipc.ProtobufRpcEngine2$Server$ProtoBufRpcInvoker.call(ProtobufRpcEngine2.java:556) [hadoop-common-3.3.4.jar:?]
	at org.apache.hadoop.ipc.RPC$Server.call(RPC.java:1093) [hadoop-common-3.3.4.jar:?]
	at org.apache.hadoop.ipc.Server$RpcCall.run(Server.java:1043) [hadoop-common-3.3.4.jar:?]
	at org.apache.hadoop.ipc.Server$RpcCall.run(Server.java:971) [hadoop-common-3.3.4.jar:?]
	at java.security.AccessController.doPrivileged(Native Method) ~[?:1.8.0_352]
	at javax.security.auth.Subject.doAs(Subject.java:422) [?:1.8.0_352]
	at org.apache.hadoop.security.UserGroupInformation.doAs(UserGroupInformation.java:1878) [hadoop-common-3.3.4.jar:?]
	at org.apache.hadoop.ipc.Server$Handler.run(Server.java:2976) [hadoop-common-3.3.4.jar:?]
10:08:17.265 [IPC Server handler 9 on default port 46431] ERROR OMAudit - user=runner | ip=127.0.0.1 | op=GET_FILE_STATUS {volume=volume30750, bucket=bucket79142, key=testBatchDelete/parent/childFolder/child5, dataSize=0, replicationConfig=null} | ret=FAILURE
org.apache.hadoop.ozone.om.exceptions.OMException: Unable to get file status: volume: volume30750 bucket: bucket79142 key: testBatchDelete/parent/childFolder/child5
	at org.apache.hadoop.ozone.om.KeyManagerImpl.getOzoneFileStatus(KeyManagerImpl.java:1301) ~[ozone-manager-1.4.0-SNAPSHOT.jar:?]
	at org.apache.hadoop.ozone.om.KeyManagerImpl.getFileStatus(KeyManagerImpl.java:1219) ~[ozone-manager-1.4.0-SNAPSHOT.jar:?]
	at org.apache.hadoop.ozone.om.OzoneManager.getFileStatus(OzoneManager.java:3578) ~[ozone-manager-1.4.0-SNAPSHOT.jar:?]
	at org.apache.hadoop.ozone.protocolPB.OzoneManagerRequestHandler.getOzoneFileStatus(OzoneManagerRequestHandler.java:907) ~[ozone-manager-1.4.0-SNAPSHOT.jar:?]
	at org.apache.hadoop.ozone.protocolPB.OzoneManagerRequestHandler.handleReadRequest(OzoneManagerRequestHandler.java:231) ~[ozone-manager-1.4.0-SNAPSHOT.jar:?]
	at org.apache.hadoop.ozone.protocolPB.OzoneManagerProtocolServerSideTranslatorPB.submitReadRequestToOM(OzoneManagerProtocolServerSideTranslatorPB.java:226) ~[ozone-manager-1.4.0-SNAPSHOT.jar:?]
	at org.apache.hadoop.ozone.protocolPB.OzoneManagerProtocolServerSideTranslatorPB.processRequest(OzoneManagerProtocolServerSideTranslatorPB.java:175) ~[ozone-manager-1.4.0-SNAPSHOT.jar:?]
	at org.apache.hadoop.hdds.server.OzoneProtocolMessageDispatcher.processRequest(OzoneProtocolMessageDispatcher.java:87) [hdds-server-framework-1.4.0-SNAPSHOT.jar:?]
	at org.apache.hadoop.ozone.protocolPB.OzoneManagerProtocolServerSideTranslatorPB.submitRequest(OzoneManagerProtocolServerSideTranslatorPB.java:147) [ozone-manager-1.4.0-SNAPSHOT.jar:?]
	at org.apache.hadoop.ozone.protocol.proto.OzoneManagerProtocolProtos$OzoneManagerService$2.callBlockingMethod(OzoneManagerProtocolProtos.java) [ozone-interface-client-1.4.0-SNAPSHOT.jar:?]
	at org.apache.hadoop.ipc.ProtobufRpcEngine$Server.processCall(ProtobufRpcEngine.java:465) [hadoop-common-3.3.4.jar:?]
	at org.apache.hadoop.ipc.ProtobufRpcEngine2$Server$ProtoBufRpcInvoker.call(ProtobufRpcEngine2.java:578) [hadoop-common-3.3.4.jar:?]
	at org.apache.hadoop.ipc.ProtobufRpcEngine2$Server$ProtoBufRpcInvoker.call(ProtobufRpcEngine2.java:556) [hadoop-common-3.3.4.jar:?]
	at org.apache.hadoop.ipc.RPC$Server.call(RPC.java:1093) [hadoop-common-3.3.4.jar:?]
	at org.apache.hadoop.ipc.Server$RpcCall.run(Server.java:1043) [hadoop-common-3.3.4.jar:?]
	at org.apache.hadoop.ipc.Server$RpcCall.run(Server.java:971) [hadoop-common-3.3.4.jar:?]
	at java.security.AccessController.doPrivileged(Native Method) ~[?:1.8.0_352]
	at javax.security.auth.Subject.doAs(Subject.java:422) [?:1.8.0_352]
	at org.apache.hadoop.security.UserGroupInformation.doAs(UserGroupInformation.java:1878) [hadoop-common-3.3.4.jar:?]
	at org.apache.hadoop.ipc.Server$Handler.run(Server.java:2976) [hadoop-common-3.3.4.jar:?]
10:08:17.265 [IPC Server handler 10 on default port 46431] ERROR OMAudit - user=runner | ip=127.0.0.1 | op=GET_FILE_STATUS {volume=volume30750, bucket=bucket79142, key=testBatchDelete/parent/child6, dataSize=0, replicationConfig=null} | ret=FAILURE
org.apache.hadoop.ozone.om.exceptions.OMException: Unable to get file status: volume: volume30750 bucket: bucket79142 key: testBatchDelete/parent/child6
	at org.apache.hadoop.ozone.om.KeyManagerImpl.getOzoneFileStatus(KeyManagerImpl.java:1301) ~[ozone-manager-1.4.0-SNAPSHOT.jar:?]
	at org.apache.hadoop.ozone.om.KeyManagerImpl.getFileStatus(KeyManagerImpl.java:1219) ~[ozone-manager-1.4.0-SNAPSHOT.jar:?]
	at org.apache.hadoop.ozone.om.OzoneManager.getFileStatus(OzoneManager.java:3578) ~[ozone-manager-1.4.0-SNAPSHOT.jar:?]
	at org.apache.hadoop.ozone.protocolPB.OzoneManagerRequestHandler.getOzoneFileStatus(OzoneManagerRequestHandler.java:907) ~[ozone-manager-1.4.0-SNAPSHOT.jar:?]
	at org.apache.hadoop.ozone.protocolPB.OzoneManagerRequestHandler.handleReadRequest(OzoneManagerRequestHandler.java:231) ~[ozone-manager-1.4.0-SNAPSHOT.jar:?]
	at org.apache.hadoop.ozone.protocolPB.OzoneManagerProtocolServerSideTranslatorPB.submitReadRequestToOM(OzoneManagerProtocolServerSideTranslatorPB.java:226) ~[ozone-manager-1.4.0-SNAPSHOT.jar:?]
	at org.apache.hadoop.ozone.protocolPB.OzoneManagerProtocolServerSideTranslatorPB.processRequest(OzoneManagerProtocolServerSideTranslatorPB.java:175) ~[ozone-manager-1.4.0-SNAPSHOT.jar:?]
	at org.apache.hadoop.hdds.server.OzoneProtocolMessageDispatcher.processRequest(OzoneProtocolMessageDispatcher.java:87) [hdds-server-framework-1.4.0-SNAPSHOT.jar:?]
	at org.apache.hadoop.ozone.protocolPB.OzoneManagerProtocolServerSideTranslatorPB.submitRequest(OzoneManagerProtocolServerSideTranslatorPB.java:147) [ozone-manager-1.4.0-SNAPSHOT.jar:?]
	at org.apache.hadoop.ozone.protocol.proto.OzoneManagerProtocolProtos$OzoneManagerService$2.callBlockingMethod(OzoneManagerProtocolProtos.java) [ozone-interface-client-1.4.0-SNAPSHOT.jar:?]
	at org.apache.hadoop.ipc.ProtobufRpcEngine$Server.processCall(ProtobufRpcEngine.java:465) [hadoop-common-3.3.4.jar:?]
	at org.apache.hadoop.ipc.ProtobufRpcEngine2$Server$ProtoBufRpcInvoker.call(ProtobufRpcEngine2.java:578) [hadoop-common-3.3.4.jar:?]
	at org.apache.hadoop.ipc.ProtobufRpcEngine2$Server$ProtoBufRpcInvoker.call(ProtobufRpcEngine2.java:556) [hadoop-common-3.3.4.jar:?]
	at org.apache.hadoop.ipc.RPC$Server.call(RPC.java:1093) [hadoop-common-3.3.4.jar:?]
	at org.apache.hadoop.ipc.Server$RpcCall.run(Server.java:1043) [hadoop-common-3.3.4.jar:?]
	at org.apache.hadoop.ipc.Server$RpcCall.run(Server.java:971) [hadoop-common-3.3.4.jar:?]
	at java.security.AccessController.doPrivileged(Native Method) ~[?:1.8.0_352]
	at javax.security.auth.Subject.doAs(Subject.java:422) [?:1.8.0_352]
	at org.apache.hadoop.security.UserGroupInformation.doAs(UserGroupInformation.java:1878) [hadoop-common-3.3.4.jar:?]
	at org.apache.hadoop.ipc.Server$Handler.run(Server.java:2976) [hadoop-common-3.3.4.jar:?]
10:08:17.267 [IPC Server handler 11 on default port 46431] ERROR OMAudit - user=runner | ip=127.0.0.1 | op=GET_FILE_STATUS {volume=volume30750, bucket=bucket79142, key=testBatchDelete/parent/childFolder/child6, dataSize=0, replicationConfig=null} | ret=FAILURE
org.apache.hadoop.ozone.om.exceptions.OMException: Unable to get file status: volume: volume30750 bucket: bucket79142 key: testBatchDelete/parent/childFolder/child6
	at org.apache.hadoop.ozone.om.KeyManagerImpl.getOzoneFileStatus(KeyManagerImpl.java:1301) ~[ozone-manager-1.4.0-SNAPSHOT.jar:?]
	at org.apache.hadoop.ozone.om.KeyManagerImpl.getFileStatus(KeyManagerImpl.java:1219) ~[ozone-manager-1.4.0-SNAPSHOT.jar:?]
	at org.apache.hadoop.ozone.om.OzoneManager.getFileStatus(OzoneManager.java:3578) ~[ozone-manager-1.4.0-SNAPSHOT.jar:?]
	at org.apache.hadoop.ozone.protocolPB.OzoneManagerRequestHandler.getOzoneFileStatus(OzoneManagerRequestHandler.java:907) ~[ozone-manager-1.4.0-SNAPSHOT.jar:?]
	at org.apache.hadoop.ozone.protocolPB.OzoneManagerRequestHandler.handleReadRequest(OzoneManagerRequestHandler.java:231) ~[ozone-manager-1.4.0-SNAPSHOT.jar:?]
	at org.apache.hadoop.ozone.protocolPB.OzoneManagerProtocolServerSideTranslatorPB.submitReadRequestToOM(OzoneManagerProtocolServerSideTranslatorPB.java:226) ~[ozone-manager-1.4.0-SNAPSHOT.jar:?]
	at org.apache.hadoop.ozone.protocolPB.OzoneManagerProtocolServerSideTranslatorPB.processRequest(OzoneManagerProtocolServerSideTranslatorPB.java:175) ~[ozone-manager-1.4.0-SNAPSHOT.jar:?]
	at org.apache.hadoop.hdds.server.OzoneProtocolMessageDispatcher.processRequest(OzoneProtocolMessageDispatcher.java:87) [hdds-server-framework-1.4.0-SNAPSHOT.jar:?]
	at org.apache.hadoop.ozone.protocolPB.OzoneManagerProtocolServerSideTranslatorPB.submitRequest(OzoneManagerProtocolServerSideTranslatorPB.java:147) [ozone-manager-1.4.0-SNAPSHOT.jar:?]
	at org.apache.hadoop.ozone.protocol.proto.OzoneManagerProtocolProtos$OzoneManagerService$2.callBlockingMethod(OzoneManagerProtocolProtos.java) [ozone-interface-client-1.4.0-SNAPSHOT.jar:?]
	at org.apache.hadoop.ipc.ProtobufRpcEngine$Server.processCall(ProtobufRpcEngine.java:465) [hadoop-common-3.3.4.jar:?]
	at org.apache.hadoop.ipc.ProtobufRpcEngine2$Server$ProtoBufRpcInvoker.call(ProtobufRpcEngine2.java:578) [hadoop-common-3.3.4.jar:?]
	at org.apache.hadoop.ipc.ProtobufRpcEngine2$Server$ProtoBufRpcInvoker.call(ProtobufRpcEngine2.java:556) [hadoop-common-3.3.4.jar:?]
	at org.apache.hadoop.ipc.RPC$Server.call(RPC.java:1093) [hadoop-common-3.3.4.jar:?]
	at org.apache.hadoop.ipc.Server$RpcCall.run(Server.java:1043) [hadoop-common-3.3.4.jar:?]
	at org.apache.hadoop.ipc.Server$RpcCall.run(Server.java:971) [hadoop-common-3.3.4.jar:?]
	at java.security.AccessController.doPrivileged(Native Method) ~[?:1.8.0_352]
	at javax.security.auth.Subject.doAs(Subject.java:422) [?:1.8.0_352]
	at org.apache.hadoop.security.UserGroupInformation.doAs(UserGroupInformation.java:1878) [hadoop-common-3.3.4.jar:?]
	at org.apache.hadoop.ipc.Server$Handler.run(Server.java:2976) [hadoop-common-3.3.4.jar:?]
10:08:17.268 [IPC Server handler 12 on default port 46431] ERROR OMAudit - user=runner | ip=127.0.0.1 | op=GET_FILE_STATUS {volume=volume30750, bucket=bucket79142, key=testBatchDelete/parent/child7, dataSize=0, replicationConfig=null} | ret=FAILURE
org.apache.hadoop.ozone.om.exceptions.OMException: Unable to get file status: volume: volume30750 bucket: bucket79142 key: testBatchDelete/parent/child7
	at org.apache.hadoop.ozone.om.KeyManagerImpl.getOzoneFileStatus(KeyManagerImpl.java:1301) ~[ozone-manager-1.4.0-SNAPSHOT.jar:?]
	at org.apache.hadoop.ozone.om.KeyManagerImpl.getFileStatus(KeyManagerImpl.java:1219) ~[ozone-manager-1.4.0-SNAPSHOT.jar:?]
	at org.apache.hadoop.ozone.om.OzoneManager.getFileStatus(OzoneManager.java:3578) ~[ozone-manager-1.4.0-SNAPSHOT.jar:?]
	at org.apache.hadoop.ozone.protocolPB.OzoneManagerRequestHandler.getOzoneFileStatus(OzoneManagerRequestHandler.java:907) ~[ozone-manager-1.4.0-SNAPSHOT.jar:?]
	at org.apache.hadoop.ozone.protocolPB.OzoneManagerRequestHandler.handleReadRequest(OzoneManagerRequestHandler.java:231) ~[ozone-manager-1.4.0-SNAPSHOT.jar:?]
	at org.apache.hadoop.ozone.protocolPB.OzoneManagerProtocolServerSideTranslatorPB.submitReadRequestToOM(OzoneManagerProtocolServerSideTranslatorPB.java:226) ~[ozone-manager-1.4.0-SNAPSHOT.jar:?]
	at org.apache.hadoop.ozone.protocolPB.OzoneManagerProtocolServerSideTranslatorPB.processRequest(OzoneManagerProtocolServerSideTranslatorPB.java:175) ~[ozone-manager-1.4.0-SNAPSHOT.jar:?]
	at org.apache.hadoop.hdds.server.OzoneProtocolMessageDispatcher.processRequest(OzoneProtocolMessageDispatcher.java:87) [hdds-server-framework-1.4.0-SNAPSHOT.jar:?]
	at org.apache.hadoop.ozone.protocolPB.OzoneManagerProtocolServerSideTranslatorPB.submitRequest(OzoneManagerProtocolServerSideTranslatorPB.java:147) [ozone-manager-1.4.0-SNAPSHOT.jar:?]
	at org.apache.hadoop.ozone.protocol.proto.OzoneManagerProtocolProtos$OzoneManagerService$2.callBlockingMethod(OzoneManagerProtocolProtos.java) [ozone-interface-client-1.4.0-SNAPSHOT.jar:?]
	at org.apache.hadoop.ipc.ProtobufRpcEngine$Server.processCall(ProtobufRpcEngine.java:465) [hadoop-common-3.3.4.jar:?]
	at org.apache.hadoop.ipc.ProtobufRpcEngine2$Server$ProtoBufRpcInvoker.call(ProtobufRpcEngine2.java:578) [hadoop-common-3.3.4.jar:?]
	at org.apache.hadoop.ipc.ProtobufRpcEngine2$Server$ProtoBufRpcInvoker.call(ProtobufRpcEngine2.java:556) [hadoop-common-3.3.4.jar:?]
	at org.apache.hadoop.ipc.RPC$Server.call(RPC.java:1093) [hadoop-common-3.3.4.jar:?]
	at org.apache.hadoop.ipc.Server$RpcCall.run(Server.java:1043) [hadoop-common-3.3.4.jar:?]
	at org.apache.hadoop.ipc.Server$RpcCall.run(Server.java:971) [hadoop-common-3.3.4.jar:?]
	at java.security.AccessController.doPrivileged(Native Method) ~[?:1.8.0_352]
	at javax.security.auth.Subject.doAs(Subject.java:422) [?:1.8.0_352]
	at org.apache.hadoop.security.UserGroupInformation.doAs(UserGroupInformation.java:1878) [hadoop-common-3.3.4.jar:?]
	at org.apache.hadoop.ipc.Server$Handler.run(Server.java:2976) [hadoop-common-3.3.4.jar:?]
10:08:17.268 [IPC Server handler 13 on default port 46431] ERROR OMAudit - user=runner | ip=127.0.0.1 | op=GET_FILE_STATUS {volume=volume30750, bucket=bucket79142, key=testBatchDelete/parent/childFolder/child7, dataSize=0, replicationConfig=null} | ret=FAILURE
org.apache.hadoop.ozone.om.exceptions.OMException: Unable to get file status: volume: volume30750 bucket: bucket79142 key: testBatchDelete/parent/childFolder/child7
	at org.apache.hadoop.ozone.om.KeyManagerImpl.getOzoneFileStatus(KeyManagerImpl.java:1301) ~[ozone-manager-1.4.0-SNAPSHOT.jar:?]
	at org.apache.hadoop.ozone.om.KeyManagerImpl.getFileStatus(KeyManagerImpl.java:1219) ~[ozone-manager-1.4.0-SNAPSHOT.jar:?]
	at org.apache.hadoop.ozone.om.OzoneManager.getFileStatus(OzoneManager.java:3578) ~[ozone-manager-1.4.0-SNAPSHOT.jar:?]
	at org.apache.hadoop.ozone.protocolPB.OzoneManagerRequestHandler.getOzoneFileStatus(OzoneManagerRequestHandler.java:907) ~[ozone-manager-1.4.0-SNAPSHOT.jar:?]
	at org.apache.hadoop.ozone.protocolPB.OzoneManagerRequestHandler.handleReadRequest(OzoneManagerRequestHandler.java:231) ~[ozone-manager-1.4.0-SNAPSHOT.jar:?]
	at org.apache.hadoop.ozone.protocolPB.OzoneManagerProtocolServerSideTranslatorPB.submitReadRequestToOM(OzoneManagerProtocolServerSideTranslatorPB.java:226) ~[ozone-manager-1.4.0-SNAPSHOT.jar:?]
	at org.apache.hadoop.ozone.protocolPB.OzoneManagerProtocolServerSideTranslatorPB.processRequest(OzoneManagerProtocolServerSideTranslatorPB.java:175) ~[ozone-manager-1.4.0-SNAPSHOT.jar:?]
	at org.apache.hadoop.hdds.server.OzoneProtocolMessageDispatcher.processRequest(OzoneProtocolMessageDispatcher.java:87) [hdds-server-framework-1.4.0-SNAPSHOT.jar:?]
	at org.apache.hadoop.ozone.protocolPB.OzoneManagerProtocolServerSideTranslatorPB.submitRequest(OzoneManagerProtocolServerSideTranslatorPB.java:147) [ozone-manager-1.4.0-SNAPSHOT.jar:?]
	at org.apache.hadoop.ozone.protocol.proto.OzoneManagerProtocolProtos$OzoneManagerService$2.callBlockingMethod(OzoneManagerProtocolProtos.java) [ozone-interface-client-1.4.0-SNAPSHOT.jar:?]
	at org.apache.hadoop.ipc.ProtobufRpcEngine$Server.processCall(ProtobufRpcEngine.java:465) [hadoop-common-3.3.4.jar:?]
	at org.apache.hadoop.ipc.ProtobufRpcEngine2$Server$ProtoBufRpcInvoker.call(ProtobufRpcEngine2.java:578) [hadoop-common-3.3.4.jar:?]
	at org.apache.hadoop.ipc.ProtobufRpcEngine2$Server$ProtoBufRpcInvoker.call(ProtobufRpcEngine2.java:556) [hadoop-common-3.3.4.jar:?]
	at org.apache.hadoop.ipc.RPC$Server.call(RPC.java:1093) [hadoop-common-3.3.4.jar:?]
	at org.apache.hadoop.ipc.Server$RpcCall.run(Server.java:1043) [hadoop-common-3.3.4.jar:?]
	at org.apache.hadoop.ipc.Server$RpcCall.run(Server.java:971) [hadoop-common-3.3.4.jar:?]
	at java.security.AccessController.doPrivileged(Native Method) ~[?:1.8.0_352]
	at javax.security.auth.Subject.doAs(Subject.java:422) [?:1.8.0_352]
	at org.apache.hadoop.security.UserGroupInformation.doAs(UserGroupInformation.java:1878) [hadoop-common-3.3.4.jar:?]
	at org.apache.hadoop.ipc.Server$Handler.run(Server.java:2976) [hadoop-common-3.3.4.jar:?]
10:08:17.269 [IPC Server handler 14 on default port 46431] ERROR OMAudit - user=runner | ip=127.0.0.1 | op=GET_FILE_STATUS {volume=volume30750, bucket=bucket79142, key=testBatchDelete/parent, dataSize=0, replicationConfig=null} | ret=FAILURE
org.apache.hadoop.ozone.om.exceptions.OMException: Unable to get file status: volume: volume30750 bucket: bucket79142 key: testBatchDelete/parent
	at org.apache.hadoop.ozone.om.KeyManagerImpl.getOzoneFileStatus(KeyManagerImpl.java:1301) ~[ozone-manager-1.4.0-SNAPSHOT.jar:?]
	at org.apache.hadoop.ozone.om.KeyManagerImpl.getFileStatus(KeyManagerImpl.java:1219) ~[ozone-manager-1.4.0-SNAPSHOT.jar:?]
	at org.apache.hadoop.ozone.om.OzoneManager.getFileStatus(OzoneManager.java:3578) ~[ozone-manager-1.4.0-SNAPSHOT.jar:?]
	at org.apache.hadoop.ozone.protocolPB.OzoneManagerRequestHandler.getOzoneFileStatus(OzoneManagerRequestHandler.java:907) ~[ozone-manager-1.4.0-SNAPSHOT.jar:?]
	at org.apache.hadoop.ozone.protocolPB.OzoneManagerRequestHandler.handleReadRequest(OzoneManagerRequestHandler.java:231) ~[ozone-manager-1.4.0-SNAPSHOT.jar:?]
	at org.apache.hadoop.ozone.protocolPB.OzoneManagerProtocolServerSideTranslatorPB.submitReadRequestToOM(OzoneManagerProtocolServerSideTranslatorPB.java:226) ~[ozone-manager-1.4.0-SNAPSHOT.jar:?]
	at org.apache.hadoop.ozone.protocolPB.OzoneManagerProtocolServerSideTranslatorPB.processRequest(OzoneManagerProtocolServerSideTranslatorPB.java:175) ~[ozone-manager-1.4.0-SNAPSHOT.jar:?]
	at org.apache.hadoop.hdds.server.OzoneProtocolMessageDispatcher.processRequest(OzoneProtocolMessageDispatcher.java:87) [hdds-server-framework-1.4.0-SNAPSHOT.jar:?]
	at org.apache.hadoop.ozone.protocolPB.OzoneManagerProtocolServerSideTranslatorPB.submitRequest(OzoneManagerProtocolServerSideTranslatorPB.java:147) [ozone-manager-1.4.0-SNAPSHOT.jar:?]
	at org.apache.hadoop.ozone.protocol.proto.OzoneManagerProtocolProtos$OzoneManagerService$2.callBlockingMethod(OzoneManagerProtocolProtos.java) [ozone-interface-client-1.4.0-SNAPSHOT.jar:?]
	at org.apache.hadoop.ipc.ProtobufRpcEngine$Server.processCall(ProtobufRpcEngine.java:465) [hadoop-common-3.3.4.jar:?]
	at org.apache.hadoop.ipc.ProtobufRpcEngine2$Server$ProtoBufRpcInvoker.call(ProtobufRpcEngine2.java:578) [hadoop-common-3.3.4.jar:?]
	at org.apache.hadoop.ipc.ProtobufRpcEngine2$Server$ProtoBufRpcInvoker.call(ProtobufRpcEngine2.java:556) [hadoop-common-3.3.4.jar:?]
	at org.apache.hadoop.ipc.RPC$Server.call(RPC.java:1093) [hadoop-common-3.3.4.jar:?]
	at org.apache.hadoop.ipc.Server$RpcCall.run(Server.java:1043) [hadoop-common-3.3.4.jar:?]
	at org.apache.hadoop.ipc.Server$RpcCall.run(Server.java:971) [hadoop-common-3.3.4.jar:?]
	at java.security.AccessController.doPrivileged(Native Method) ~[?:1.8.0_352]
	at javax.security.auth.Subject.doAs(Subject.java:422) [?:1.8.0_352]
	at org.apache.hadoop.security.UserGroupInformation.doAs(UserGroupInformation.java:1878) [hadoop-common-3.3.4.jar:?]
	at org.apache.hadoop.ipc.Server$Handler.run(Server.java:2976) [hadoop-common-3.3.4.jar:?]
2023-01-03 10:08:17,269 [Time-limited test] WARN  ozone.BasicOzoneFileSystem (BasicOzoneFileSystem.java:delete(551)) - delete: Path does not exist: /testBatchDelete/parent
]]></system-out>
  </testcase>
  <testcase name="testFileDelete" classname="TestOzoneFileSystem" time="0.057">
    <system-out><![CDATA[2023-01-03 10:09:11,424 [IPC Server handler 15 on default port 33423] INFO  key.OMKeyRequest (OMKeyRequest.java:wrapUncommittedBlocksAsPseudoKey(835)) - Detect allocated but uncommitted blocks [{blockID={containerID=1, localID=111677748019200040}, length=4194304, offset=0, token=null, pipeline=null, createVersion=0, partNumber=0}] in key testBatchDelete/parent/child0.
2023-01-03 10:09:11,427 [IPC Server handler 17 on default port 33423] INFO  key.OMKeyRequest (OMKeyRequest.java:wrapUncommittedBlocksAsPseudoKey(835)) - Detect allocated but uncommitted blocks [{blockID={containerID=2, localID=111677748019200041}, length=4194304, offset=0, token=null, pipeline=null, createVersion=0, partNumber=0}] in key testBatchDelete/parent/childFolder/child0.
2023-01-03 10:09:11,432 [IPC Server handler 19 on default port 33423] INFO  key.OMKeyRequest (OMKeyRequest.java:wrapUncommittedBlocksAsPseudoKey(835)) - Detect allocated but uncommitted blocks [{blockID={containerID=1, localID=111677748019200042}, length=4194304, offset=0, token=null, pipeline=null, createVersion=0, partNumber=0}] in key testBatchDelete/parent/child1.
2023-01-03 10:09:11,434 [IPC Server handler 0 on default port 33423] INFO  key.OMKeyRequest (OMKeyRequest.java:wrapUncommittedBlocksAsPseudoKey(835)) - Detect allocated but uncommitted blocks [{blockID={containerID=2, localID=111677748019200043}, length=4194304, offset=0, token=null, pipeline=null, createVersion=0, partNumber=0}] in key testBatchDelete/parent/childFolder/child1.
2023-01-03 10:09:11,436 [IPC Server handler 2 on default port 33423] INFO  key.OMKeyRequest (OMKeyRequest.java:wrapUncommittedBlocksAsPseudoKey(835)) - Detect allocated but uncommitted blocks [{blockID={containerID=1, localID=111677748019200044}, length=4194304, offset=0, token=null, pipeline=null, createVersion=0, partNumber=0}] in key testBatchDelete/parent/child2.
2023-01-03 10:09:11,438 [IPC Server handler 5 on default port 33423] INFO  key.OMKeyRequest (OMKeyRequest.java:wrapUncommittedBlocksAsPseudoKey(835)) - Detect allocated but uncommitted blocks [{blockID={containerID=2, localID=111677748019200045}, length=4194304, offset=0, token=null, pipeline=null, createVersion=0, partNumber=0}] in key testBatchDelete/parent/childFolder/child2.
2023-01-03 10:09:11,440 [IPC Server handler 7 on default port 33423] INFO  key.OMKeyRequest (OMKeyRequest.java:wrapUncommittedBlocksAsPseudoKey(835)) - Detect allocated but uncommitted blocks [{blockID={containerID=1, localID=111677748019200046}, length=4194304, offset=0, token=null, pipeline=null, createVersion=0, partNumber=0}] in key testBatchDelete/parent/child3.
2023-01-03 10:09:11,442 [IPC Server handler 9 on default port 33423] INFO  key.OMKeyRequest (OMKeyRequest.java:wrapUncommittedBlocksAsPseudoKey(835)) - Detect allocated but uncommitted blocks [{blockID={containerID=2, localID=111677748019200047}, length=4194304, offset=0, token=null, pipeline=null, createVersion=0, partNumber=0}] in key testBatchDelete/parent/childFolder/child3.
2023-01-03 10:09:11,450 [IPC Server handler 11 on default port 33423] INFO  key.OMKeyRequest (OMKeyRequest.java:wrapUncommittedBlocksAsPseudoKey(835)) - Detect allocated but uncommitted blocks [{blockID={containerID=1, localID=111677748019200048}, length=4194304, offset=0, token=null, pipeline=null, createVersion=0, partNumber=0}] in key testBatchDelete/parent/child4.
2023-01-03 10:09:11,452 [IPC Server handler 13 on default port 33423] INFO  key.OMKeyRequest (OMKeyRequest.java:wrapUncommittedBlocksAsPseudoKey(835)) - Detect allocated but uncommitted blocks [{blockID={containerID=2, localID=111677748019200049}, length=4194304, offset=0, token=null, pipeline=null, createVersion=0, partNumber=0}] in key testBatchDelete/parent/childFolder/child4.
2023-01-03 10:09:11,454 [IPC Server handler 15 on default port 33423] INFO  key.OMKeyRequest (OMKeyRequest.java:wrapUncommittedBlocksAsPseudoKey(835)) - Detect allocated but uncommitted blocks [{blockID={containerID=1, localID=111677748019200050}, length=4194304, offset=0, token=null, pipeline=null, createVersion=0, partNumber=0}] in key testBatchDelete/parent/child5.
2023-01-03 10:09:11,456 [IPC Server handler 17 on default port 33423] INFO  key.OMKeyRequest (OMKeyRequest.java:wrapUncommittedBlocksAsPseudoKey(835)) - Detect allocated but uncommitted blocks [{blockID={containerID=2, localID=111677748019200051}, length=4194304, offset=0, token=null, pipeline=null, createVersion=0, partNumber=0}] in key testBatchDelete/parent/childFolder/child5.
2023-01-03 10:09:11,458 [IPC Server handler 19 on default port 33423] INFO  key.OMKeyRequest (OMKeyRequest.java:wrapUncommittedBlocksAsPseudoKey(835)) - Detect allocated but uncommitted blocks [{blockID={containerID=1, localID=111677748019200052}, length=4194304, offset=0, token=null, pipeline=null, createVersion=0, partNumber=0}] in key testBatchDelete/parent/child6.
2023-01-03 10:09:11,461 [IPC Server handler 0 on default port 33423] INFO  key.OMKeyRequest (OMKeyRequest.java:wrapUncommittedBlocksAsPseudoKey(835)) - Detect allocated but uncommitted blocks [{blockID={containerID=2, localID=111677748019200053}, length=4194304, offset=0, token=null, pipeline=null, createVersion=0, partNumber=0}] in key testBatchDelete/parent/childFolder/child6.
2023-01-03 10:09:11,463 [IPC Server handler 2 on default port 33423] INFO  key.OMKeyRequest (OMKeyRequest.java:wrapUncommittedBlocksAsPseudoKey(835)) - Detect allocated but uncommitted blocks [{blockID={containerID=1, localID=111677748019200054}, length=4194304, offset=0, token=null, pipeline=null, createVersion=0, partNumber=0}] in key testBatchDelete/parent/child7.
2023-01-03 10:09:11,465 [IPC Server handler 5 on default port 33423] INFO  key.OMKeyRequest (OMKeyRequest.java:wrapUncommittedBlocksAsPseudoKey(835)) - Detect allocated but uncommitted blocks [{blockID={containerID=2, localID=111677748019200055}, length=4194304, offset=0, token=null, pipeline=null, createVersion=0, partNumber=0}] in key testBatchDelete/parent/childFolder/child7.
10:09:11.469 [IPC Server handler 17 on default port 33423] ERROR OMAudit - user=runner | ip=127.0.0.1 | op=GET_FILE_STATUS {volume=volume03607, bucket=bucket70088, key=testBatchDelete, dataSize=0, replicationConfig=null} | ret=FAILURE
org.apache.hadoop.ozone.om.exceptions.OMException: Unable to get file status: volume: volume03607 bucket: bucket70088 key: testBatchDelete
	at org.apache.hadoop.ozone.om.KeyManagerImpl.getOzoneFileStatus(KeyManagerImpl.java:1301) ~[ozone-manager-1.4.0-SNAPSHOT.jar:?]
	at org.apache.hadoop.ozone.om.KeyManagerImpl.getFileStatus(KeyManagerImpl.java:1219) ~[ozone-manager-1.4.0-SNAPSHOT.jar:?]
	at org.apache.hadoop.ozone.om.OzoneManager.getFileStatus(OzoneManager.java:3578) ~[ozone-manager-1.4.0-SNAPSHOT.jar:?]
	at org.apache.hadoop.ozone.protocolPB.OzoneManagerRequestHandler.getOzoneFileStatus(OzoneManagerRequestHandler.java:907) ~[ozone-manager-1.4.0-SNAPSHOT.jar:?]
	at org.apache.hadoop.ozone.protocolPB.OzoneManagerRequestHandler.handleReadRequest(OzoneManagerRequestHandler.java:231) ~[ozone-manager-1.4.0-SNAPSHOT.jar:?]
	at org.apache.hadoop.ozone.protocolPB.OzoneManagerProtocolServerSideTranslatorPB.submitRequestDirectlyToOM(OzoneManagerProtocolServerSideTranslatorPB.java:276) ~[ozone-manager-1.4.0-SNAPSHOT.jar:?]
	at org.apache.hadoop.ozone.protocolPB.OzoneManagerProtocolServerSideTranslatorPB.processRequest(OzoneManagerProtocolServerSideTranslatorPB.java:205) ~[ozone-manager-1.4.0-SNAPSHOT.jar:?]
	at org.apache.hadoop.hdds.server.OzoneProtocolMessageDispatcher.processRequest(OzoneProtocolMessageDispatcher.java:87) [hdds-server-framework-1.4.0-SNAPSHOT.jar:?]
	at org.apache.hadoop.ozone.protocolPB.OzoneManagerProtocolServerSideTranslatorPB.submitRequest(OzoneManagerProtocolServerSideTranslatorPB.java:147) [ozone-manager-1.4.0-SNAPSHOT.jar:?]
	at org.apache.hadoop.ozone.protocol.proto.OzoneManagerProtocolProtos$OzoneManagerService$2.callBlockingMethod(OzoneManagerProtocolProtos.java) [ozone-interface-client-1.4.0-SNAPSHOT.jar:?]
	at org.apache.hadoop.ipc.ProtobufRpcEngine$Server.processCall(ProtobufRpcEngine.java:465) [hadoop-common-3.3.4.jar:?]
	at org.apache.hadoop.ipc.ProtobufRpcEngine2$Server$ProtoBufRpcInvoker.call(ProtobufRpcEngine2.java:578) [hadoop-common-3.3.4.jar:?]
	at org.apache.hadoop.ipc.ProtobufRpcEngine2$Server$ProtoBufRpcInvoker.call(ProtobufRpcEngine2.java:556) [hadoop-common-3.3.4.jar:?]
	at org.apache.hadoop.ipc.RPC$Server.call(RPC.java:1093) [hadoop-common-3.3.4.jar:?]
	at org.apache.hadoop.ipc.Server$RpcCall.run(Server.java:1043) [hadoop-common-3.3.4.jar:?]
	at org.apache.hadoop.ipc.Server$RpcCall.run(Server.java:971) [hadoop-common-3.3.4.jar:?]
	at java.security.AccessController.doPrivileged(Native Method) ~[?:1.8.0_352]
	at javax.security.auth.Subject.doAs(Subject.java:422) [?:1.8.0_352]
	at org.apache.hadoop.security.UserGroupInformation.doAs(UserGroupInformation.java:1878) [hadoop-common-3.3.4.jar:?]
	at org.apache.hadoop.ipc.Server$Handler.run(Server.java:2976) [hadoop-common-3.3.4.jar:?]
10:09:11.470 [IPC Server handler 18 on default port 33423] ERROR OMAudit - user=runner | ip=127.0.0.1 | op=GET_FILE_STATUS {volume=volume03607, bucket=bucket70088, key=testBatchDelete/parent/child0, dataSize=0, replicationConfig=null} | ret=FAILURE
org.apache.hadoop.ozone.om.exceptions.OMException: Unable to get file status: volume: volume03607 bucket: bucket70088 key: testBatchDelete/parent/child0
	at org.apache.hadoop.ozone.om.KeyManagerImpl.getOzoneFileStatus(KeyManagerImpl.java:1301) ~[ozone-manager-1.4.0-SNAPSHOT.jar:?]
	at org.apache.hadoop.ozone.om.KeyManagerImpl.getFileStatus(KeyManagerImpl.java:1219) ~[ozone-manager-1.4.0-SNAPSHOT.jar:?]
	at org.apache.hadoop.ozone.om.OzoneManager.getFileStatus(OzoneManager.java:3578) ~[ozone-manager-1.4.0-SNAPSHOT.jar:?]
	at org.apache.hadoop.ozone.protocolPB.OzoneManagerRequestHandler.getOzoneFileStatus(OzoneManagerRequestHandler.java:907) ~[ozone-manager-1.4.0-SNAPSHOT.jar:?]
	at org.apache.hadoop.ozone.protocolPB.OzoneManagerRequestHandler.handleReadRequest(OzoneManagerRequestHandler.java:231) ~[ozone-manager-1.4.0-SNAPSHOT.jar:?]
	at org.apache.hadoop.ozone.protocolPB.OzoneManagerProtocolServerSideTranslatorPB.submitRequestDirectlyToOM(OzoneManagerProtocolServerSideTranslatorPB.java:276) ~[ozone-manager-1.4.0-SNAPSHOT.jar:?]
	at org.apache.hadoop.ozone.protocolPB.OzoneManagerProtocolServerSideTranslatorPB.processRequest(OzoneManagerProtocolServerSideTranslatorPB.java:205) ~[ozone-manager-1.4.0-SNAPSHOT.jar:?]
	at org.apache.hadoop.hdds.server.OzoneProtocolMessageDispatcher.processRequest(OzoneProtocolMessageDispatcher.java:87) [hdds-server-framework-1.4.0-SNAPSHOT.jar:?]
	at org.apache.hadoop.ozone.protocolPB.OzoneManagerProtocolServerSideTranslatorPB.submitRequest(OzoneManagerProtocolServerSideTranslatorPB.java:147) [ozone-manager-1.4.0-SNAPSHOT.jar:?]
	at org.apache.hadoop.ozone.protocol.proto.OzoneManagerProtocolProtos$OzoneManagerService$2.callBlockingMethod(OzoneManagerProtocolProtos.java) [ozone-interface-client-1.4.0-SNAPSHOT.jar:?]
	at org.apache.hadoop.ipc.ProtobufRpcEngine$Server.processCall(ProtobufRpcEngine.java:465) [hadoop-common-3.3.4.jar:?]
	at org.apache.hadoop.ipc.ProtobufRpcEngine2$Server$ProtoBufRpcInvoker.call(ProtobufRpcEngine2.java:578) [hadoop-common-3.3.4.jar:?]
	at org.apache.hadoop.ipc.ProtobufRpcEngine2$Server$ProtoBufRpcInvoker.call(ProtobufRpcEngine2.java:556) [hadoop-common-3.3.4.jar:?]
	at org.apache.hadoop.ipc.RPC$Server.call(RPC.java:1093) [hadoop-common-3.3.4.jar:?]
	at org.apache.hadoop.ipc.Server$RpcCall.run(Server.java:1043) [hadoop-common-3.3.4.jar:?]
	at org.apache.hadoop.ipc.Server$RpcCall.run(Server.java:971) [hadoop-common-3.3.4.jar:?]
	at java.security.AccessController.doPrivileged(Native Method) ~[?:1.8.0_352]
	at javax.security.auth.Subject.doAs(Subject.java:422) [?:1.8.0_352]
	at org.apache.hadoop.security.UserGroupInformation.doAs(UserGroupInformation.java:1878) [hadoop-common-3.3.4.jar:?]
	at org.apache.hadoop.ipc.Server$Handler.run(Server.java:2976) [hadoop-common-3.3.4.jar:?]
10:09:11.470 [IPC Server handler 19 on default port 33423] ERROR OMAudit - user=runner | ip=127.0.0.1 | op=GET_FILE_STATUS {volume=volume03607, bucket=bucket70088, key=testBatchDelete/parent/childFolder/child0, dataSize=0, replicationConfig=null} | ret=FAILURE
org.apache.hadoop.ozone.om.exceptions.OMException: Unable to get file status: volume: volume03607 bucket: bucket70088 key: testBatchDelete/parent/childFolder/child0
	at org.apache.hadoop.ozone.om.KeyManagerImpl.getOzoneFileStatus(KeyManagerImpl.java:1301) ~[ozone-manager-1.4.0-SNAPSHOT.jar:?]
	at org.apache.hadoop.ozone.om.KeyManagerImpl.getFileStatus(KeyManagerImpl.java:1219) ~[ozone-manager-1.4.0-SNAPSHOT.jar:?]
	at org.apache.hadoop.ozone.om.OzoneManager.getFileStatus(OzoneManager.java:3578) ~[ozone-manager-1.4.0-SNAPSHOT.jar:?]
	at org.apache.hadoop.ozone.protocolPB.OzoneManagerRequestHandler.getOzoneFileStatus(OzoneManagerRequestHandler.java:907) ~[ozone-manager-1.4.0-SNAPSHOT.jar:?]
	at org.apache.hadoop.ozone.protocolPB.OzoneManagerRequestHandler.handleReadRequest(OzoneManagerRequestHandler.java:231) ~[ozone-manager-1.4.0-SNAPSHOT.jar:?]
	at org.apache.hadoop.ozone.protocolPB.OzoneManagerProtocolServerSideTranslatorPB.submitRequestDirectlyToOM(OzoneManagerProtocolServerSideTranslatorPB.java:276) ~[ozone-manager-1.4.0-SNAPSHOT.jar:?]
	at org.apache.hadoop.ozone.protocolPB.OzoneManagerProtocolServerSideTranslatorPB.processRequest(OzoneManagerProtocolServerSideTranslatorPB.java:205) ~[ozone-manager-1.4.0-SNAPSHOT.jar:?]
	at org.apache.hadoop.hdds.server.OzoneProtocolMessageDispatcher.processRequest(OzoneProtocolMessageDispatcher.java:87) [hdds-server-framework-1.4.0-SNAPSHOT.jar:?]
	at org.apache.hadoop.ozone.protocolPB.OzoneManagerProtocolServerSideTranslatorPB.submitRequest(OzoneManagerProtocolServerSideTranslatorPB.java:147) [ozone-manager-1.4.0-SNAPSHOT.jar:?]
	at org.apache.hadoop.ozone.protocol.proto.OzoneManagerProtocolProtos$OzoneManagerService$2.callBlockingMethod(OzoneManagerProtocolProtos.java) [ozone-interface-client-1.4.0-SNAPSHOT.jar:?]
	at org.apache.hadoop.ipc.ProtobufRpcEngine$Server.processCall(ProtobufRpcEngine.java:465) [hadoop-common-3.3.4.jar:?]
	at org.apache.hadoop.ipc.ProtobufRpcEngine2$Server$ProtoBufRpcInvoker.call(ProtobufRpcEngine2.java:578) [hadoop-common-3.3.4.jar:?]
	at org.apache.hadoop.ipc.ProtobufRpcEngine2$Server$ProtoBufRpcInvoker.call(ProtobufRpcEngine2.java:556) [hadoop-common-3.3.4.jar:?]
	at org.apache.hadoop.ipc.RPC$Server.call(RPC.java:1093) [hadoop-common-3.3.4.jar:?]
	at org.apache.hadoop.ipc.Server$RpcCall.run(Server.java:1043) [hadoop-common-3.3.4.jar:?]
	at org.apache.hadoop.ipc.Server$RpcCall.run(Server.java:971) [hadoop-common-3.3.4.jar:?]
	at java.security.AccessController.doPrivileged(Native Method) ~[?:1.8.0_352]
	at javax.security.auth.Subject.doAs(Subject.java:422) [?:1.8.0_352]
	at org.apache.hadoop.security.UserGroupInformation.doAs(UserGroupInformation.java:1878) [hadoop-common-3.3.4.jar:?]
	at org.apache.hadoop.ipc.Server$Handler.run(Server.java:2976) [hadoop-common-3.3.4.jar:?]
10:09:11.471 [IPC Server handler 1 on default port 33423] ERROR OMAudit - user=runner | ip=127.0.0.1 | op=GET_FILE_STATUS {volume=volume03607, bucket=bucket70088, key=testBatchDelete/parent/child1, dataSize=0, replicationConfig=null} | ret=FAILURE
org.apache.hadoop.ozone.om.exceptions.OMException: Unable to get file status: volume: volume03607 bucket: bucket70088 key: testBatchDelete/parent/child1
	at org.apache.hadoop.ozone.om.KeyManagerImpl.getOzoneFileStatus(KeyManagerImpl.java:1301) ~[ozone-manager-1.4.0-SNAPSHOT.jar:?]
	at org.apache.hadoop.ozone.om.KeyManagerImpl.getFileStatus(KeyManagerImpl.java:1219) ~[ozone-manager-1.4.0-SNAPSHOT.jar:?]
	at org.apache.hadoop.ozone.om.OzoneManager.getFileStatus(OzoneManager.java:3578) ~[ozone-manager-1.4.0-SNAPSHOT.jar:?]
	at org.apache.hadoop.ozone.protocolPB.OzoneManagerRequestHandler.getOzoneFileStatus(OzoneManagerRequestHandler.java:907) ~[ozone-manager-1.4.0-SNAPSHOT.jar:?]
	at org.apache.hadoop.ozone.protocolPB.OzoneManagerRequestHandler.handleReadRequest(OzoneManagerRequestHandler.java:231) ~[ozone-manager-1.4.0-SNAPSHOT.jar:?]
	at org.apache.hadoop.ozone.protocolPB.OzoneManagerProtocolServerSideTranslatorPB.submitRequestDirectlyToOM(OzoneManagerProtocolServerSideTranslatorPB.java:276) ~[ozone-manager-1.4.0-SNAPSHOT.jar:?]
	at org.apache.hadoop.ozone.protocolPB.OzoneManagerProtocolServerSideTranslatorPB.processRequest(OzoneManagerProtocolServerSideTranslatorPB.java:205) ~[ozone-manager-1.4.0-SNAPSHOT.jar:?]
	at org.apache.hadoop.hdds.server.OzoneProtocolMessageDispatcher.processRequest(OzoneProtocolMessageDispatcher.java:87) [hdds-server-framework-1.4.0-SNAPSHOT.jar:?]
	at org.apache.hadoop.ozone.protocolPB.OzoneManagerProtocolServerSideTranslatorPB.submitRequest(OzoneManagerProtocolServerSideTranslatorPB.java:147) [ozone-manager-1.4.0-SNAPSHOT.jar:?]
	at org.apache.hadoop.ozone.protocol.proto.OzoneManagerProtocolProtos$OzoneManagerService$2.callBlockingMethod(OzoneManagerProtocolProtos.java) [ozone-interface-client-1.4.0-SNAPSHOT.jar:?]
	at org.apache.hadoop.ipc.ProtobufRpcEngine$Server.processCall(ProtobufRpcEngine.java:465) [hadoop-common-3.3.4.jar:?]
	at org.apache.hadoop.ipc.ProtobufRpcEngine2$Server$ProtoBufRpcInvoker.call(ProtobufRpcEngine2.java:578) [hadoop-common-3.3.4.jar:?]
	at org.apache.hadoop.ipc.ProtobufRpcEngine2$Server$ProtoBufRpcInvoker.call(ProtobufRpcEngine2.java:556) [hadoop-common-3.3.4.jar:?]
	at org.apache.hadoop.ipc.RPC$Server.call(RPC.java:1093) [hadoop-common-3.3.4.jar:?]
	at org.apache.hadoop.ipc.Server$RpcCall.run(Server.java:1043) [hadoop-common-3.3.4.jar:?]
	at org.apache.hadoop.ipc.Server$RpcCall.run(Server.java:971) [hadoop-common-3.3.4.jar:?]
	at java.security.AccessController.doPrivileged(Native Method) ~[?:1.8.0_352]
	at javax.security.auth.Subject.doAs(Subject.java:422) [?:1.8.0_352]
	at org.apache.hadoop.security.UserGroupInformation.doAs(UserGroupInformation.java:1878) [hadoop-common-3.3.4.jar:?]
	at org.apache.hadoop.ipc.Server$Handler.run(Server.java:2976) [hadoop-common-3.3.4.jar:?]
10:09:11.471 [IPC Server handler 0 on default port 33423] ERROR OMAudit - user=runner | ip=127.0.0.1 | op=GET_FILE_STATUS {volume=volume03607, bucket=bucket70088, key=testBatchDelete/parent/childFolder/child1, dataSize=0, replicationConfig=null} | ret=FAILURE
org.apache.hadoop.ozone.om.exceptions.OMException: Unable to get file status: volume: volume03607 bucket: bucket70088 key: testBatchDelete/parent/childFolder/child1
	at org.apache.hadoop.ozone.om.KeyManagerImpl.getOzoneFileStatus(KeyManagerImpl.java:1301) ~[ozone-manager-1.4.0-SNAPSHOT.jar:?]
	at org.apache.hadoop.ozone.om.KeyManagerImpl.getFileStatus(KeyManagerImpl.java:1219) ~[ozone-manager-1.4.0-SNAPSHOT.jar:?]
	at org.apache.hadoop.ozone.om.OzoneManager.getFileStatus(OzoneManager.java:3578) ~[ozone-manager-1.4.0-SNAPSHOT.jar:?]
	at org.apache.hadoop.ozone.protocolPB.OzoneManagerRequestHandler.getOzoneFileStatus(OzoneManagerRequestHandler.java:907) ~[ozone-manager-1.4.0-SNAPSHOT.jar:?]
	at org.apache.hadoop.ozone.protocolPB.OzoneManagerRequestHandler.handleReadRequest(OzoneManagerRequestHandler.java:231) ~[ozone-manager-1.4.0-SNAPSHOT.jar:?]
	at org.apache.hadoop.ozone.protocolPB.OzoneManagerProtocolServerSideTranslatorPB.submitRequestDirectlyToOM(OzoneManagerProtocolServerSideTranslatorPB.java:276) ~[ozone-manager-1.4.0-SNAPSHOT.jar:?]
	at org.apache.hadoop.ozone.protocolPB.OzoneManagerProtocolServerSideTranslatorPB.processRequest(OzoneManagerProtocolServerSideTranslatorPB.java:205) ~[ozone-manager-1.4.0-SNAPSHOT.jar:?]
	at org.apache.hadoop.hdds.server.OzoneProtocolMessageDispatcher.processRequest(OzoneProtocolMessageDispatcher.java:87) [hdds-server-framework-1.4.0-SNAPSHOT.jar:?]
	at org.apache.hadoop.ozone.protocolPB.OzoneManagerProtocolServerSideTranslatorPB.submitRequest(OzoneManagerProtocolServerSideTranslatorPB.java:147) [ozone-manager-1.4.0-SNAPSHOT.jar:?]
	at org.apache.hadoop.ozone.protocol.proto.OzoneManagerProtocolProtos$OzoneManagerService$2.callBlockingMethod(OzoneManagerProtocolProtos.java) [ozone-interface-client-1.4.0-SNAPSHOT.jar:?]
	at org.apache.hadoop.ipc.ProtobufRpcEngine$Server.processCall(ProtobufRpcEngine.java:465) [hadoop-common-3.3.4.jar:?]
	at org.apache.hadoop.ipc.ProtobufRpcEngine2$Server$ProtoBufRpcInvoker.call(ProtobufRpcEngine2.java:578) [hadoop-common-3.3.4.jar:?]
	at org.apache.hadoop.ipc.ProtobufRpcEngine2$Server$ProtoBufRpcInvoker.call(ProtobufRpcEngine2.java:556) [hadoop-common-3.3.4.jar:?]
	at org.apache.hadoop.ipc.RPC$Server.call(RPC.java:1093) [hadoop-common-3.3.4.jar:?]
	at org.apache.hadoop.ipc.Server$RpcCall.run(Server.java:1043) [hadoop-common-3.3.4.jar:?]
	at org.apache.hadoop.ipc.Server$RpcCall.run(Server.java:971) [hadoop-common-3.3.4.jar:?]
	at java.security.AccessController.doPrivileged(Native Method) ~[?:1.8.0_352]
	at javax.security.auth.Subject.doAs(Subject.java:422) [?:1.8.0_352]
	at org.apache.hadoop.security.UserGroupInformation.doAs(UserGroupInformation.java:1878) [hadoop-common-3.3.4.jar:?]
	at org.apache.hadoop.ipc.Server$Handler.run(Server.java:2976) [hadoop-common-3.3.4.jar:?]
10:09:11.472 [IPC Server handler 3 on default port 33423] ERROR OMAudit - user=runner | ip=127.0.0.1 | op=GET_FILE_STATUS {volume=volume03607, bucket=bucket70088, key=testBatchDelete/parent/child2, dataSize=0, replicationConfig=null} | ret=FAILURE
org.apache.hadoop.ozone.om.exceptions.OMException: Unable to get file status: volume: volume03607 bucket: bucket70088 key: testBatchDelete/parent/child2
	at org.apache.hadoop.ozone.om.KeyManagerImpl.getOzoneFileStatus(KeyManagerImpl.java:1301) ~[ozone-manager-1.4.0-SNAPSHOT.jar:?]
	at org.apache.hadoop.ozone.om.KeyManagerImpl.getFileStatus(KeyManagerImpl.java:1219) ~[ozone-manager-1.4.0-SNAPSHOT.jar:?]
	at org.apache.hadoop.ozone.om.OzoneManager.getFileStatus(OzoneManager.java:3578) ~[ozone-manager-1.4.0-SNAPSHOT.jar:?]
	at org.apache.hadoop.ozone.protocolPB.OzoneManagerRequestHandler.getOzoneFileStatus(OzoneManagerRequestHandler.java:907) ~[ozone-manager-1.4.0-SNAPSHOT.jar:?]
	at org.apache.hadoop.ozone.protocolPB.OzoneManagerRequestHandler.handleReadRequest(OzoneManagerRequestHandler.java:231) ~[ozone-manager-1.4.0-SNAPSHOT.jar:?]
	at org.apache.hadoop.ozone.protocolPB.OzoneManagerProtocolServerSideTranslatorPB.submitRequestDirectlyToOM(OzoneManagerProtocolServerSideTranslatorPB.java:276) ~[ozone-manager-1.4.0-SNAPSHOT.jar:?]
	at org.apache.hadoop.ozone.protocolPB.OzoneManagerProtocolServerSideTranslatorPB.processRequest(OzoneManagerProtocolServerSideTranslatorPB.java:205) ~[ozone-manager-1.4.0-SNAPSHOT.jar:?]
	at org.apache.hadoop.hdds.server.OzoneProtocolMessageDispatcher.processRequest(OzoneProtocolMessageDispatcher.java:87) [hdds-server-framework-1.4.0-SNAPSHOT.jar:?]
	at org.apache.hadoop.ozone.protocolPB.OzoneManagerProtocolServerSideTranslatorPB.submitRequest(OzoneManagerProtocolServerSideTranslatorPB.java:147) [ozone-manager-1.4.0-SNAPSHOT.jar:?]
	at org.apache.hadoop.ozone.protocol.proto.OzoneManagerProtocolProtos$OzoneManagerService$2.callBlockingMethod(OzoneManagerProtocolProtos.java) [ozone-interface-client-1.4.0-SNAPSHOT.jar:?]
	at org.apache.hadoop.ipc.ProtobufRpcEngine$Server.processCall(ProtobufRpcEngine.java:465) [hadoop-common-3.3.4.jar:?]
	at org.apache.hadoop.ipc.ProtobufRpcEngine2$Server$ProtoBufRpcInvoker.call(ProtobufRpcEngine2.java:578) [hadoop-common-3.3.4.jar:?]
	at org.apache.hadoop.ipc.ProtobufRpcEngine2$Server$ProtoBufRpcInvoker.call(ProtobufRpcEngine2.java:556) [hadoop-common-3.3.4.jar:?]
	at org.apache.hadoop.ipc.RPC$Server.call(RPC.java:1093) [hadoop-common-3.3.4.jar:?]
	at org.apache.hadoop.ipc.Server$RpcCall.run(Server.java:1043) [hadoop-common-3.3.4.jar:?]
	at org.apache.hadoop.ipc.Server$RpcCall.run(Server.java:971) [hadoop-common-3.3.4.jar:?]
	at java.security.AccessController.doPrivileged(Native Method) ~[?:1.8.0_352]
	at javax.security.auth.Subject.doAs(Subject.java:422) [?:1.8.0_352]
	at org.apache.hadoop.security.UserGroupInformation.doAs(UserGroupInformation.java:1878) [hadoop-common-3.3.4.jar:?]
	at org.apache.hadoop.ipc.Server$Handler.run(Server.java:2976) [hadoop-common-3.3.4.jar:?]
10:09:11.472 [IPC Server handler 2 on default port 33423] ERROR OMAudit - user=runner | ip=127.0.0.1 | op=GET_FILE_STATUS {volume=volume03607, bucket=bucket70088, key=testBatchDelete/parent/childFolder/child2, dataSize=0, replicationConfig=null} | ret=FAILURE
org.apache.hadoop.ozone.om.exceptions.OMException: Unable to get file status: volume: volume03607 bucket: bucket70088 key: testBatchDelete/parent/childFolder/child2
	at org.apache.hadoop.ozone.om.KeyManagerImpl.getOzoneFileStatus(KeyManagerImpl.java:1301) ~[ozone-manager-1.4.0-SNAPSHOT.jar:?]
	at org.apache.hadoop.ozone.om.KeyManagerImpl.getFileStatus(KeyManagerImpl.java:1219) ~[ozone-manager-1.4.0-SNAPSHOT.jar:?]
	at org.apache.hadoop.ozone.om.OzoneManager.getFileStatus(OzoneManager.java:3578) ~[ozone-manager-1.4.0-SNAPSHOT.jar:?]
	at org.apache.hadoop.ozone.protocolPB.OzoneManagerRequestHandler.getOzoneFileStatus(OzoneManagerRequestHandler.java:907) ~[ozone-manager-1.4.0-SNAPSHOT.jar:?]
	at org.apache.hadoop.ozone.protocolPB.OzoneManagerRequestHandler.handleReadRequest(OzoneManagerRequestHandler.java:231) ~[ozone-manager-1.4.0-SNAPSHOT.jar:?]
	at org.apache.hadoop.ozone.protocolPB.OzoneManagerProtocolServerSideTranslatorPB.submitRequestDirectlyToOM(OzoneManagerProtocolServerSideTranslatorPB.java:276) ~[ozone-manager-1.4.0-SNAPSHOT.jar:?]
	at org.apache.hadoop.ozone.protocolPB.OzoneManagerProtocolServerSideTranslatorPB.processRequest(OzoneManagerProtocolServerSideTranslatorPB.java:205) ~[ozone-manager-1.4.0-SNAPSHOT.jar:?]
	at org.apache.hadoop.hdds.server.OzoneProtocolMessageDispatcher.processRequest(OzoneProtocolMessageDispatcher.java:87) [hdds-server-framework-1.4.0-SNAPSHOT.jar:?]
	at org.apache.hadoop.ozone.protocolPB.OzoneManagerProtocolServerSideTranslatorPB.submitRequest(OzoneManagerProtocolServerSideTranslatorPB.java:147) [ozone-manager-1.4.0-SNAPSHOT.jar:?]
	at org.apache.hadoop.ozone.protocol.proto.OzoneManagerProtocolProtos$OzoneManagerService$2.callBlockingMethod(OzoneManagerProtocolProtos.java) [ozone-interface-client-1.4.0-SNAPSHOT.jar:?]
	at org.apache.hadoop.ipc.ProtobufRpcEngine$Server.processCall(ProtobufRpcEngine.java:465) [hadoop-common-3.3.4.jar:?]
	at org.apache.hadoop.ipc.ProtobufRpcEngine2$Server$ProtoBufRpcInvoker.call(ProtobufRpcEngine2.java:578) [hadoop-common-3.3.4.jar:?]
	at org.apache.hadoop.ipc.ProtobufRpcEngine2$Server$ProtoBufRpcInvoker.call(ProtobufRpcEngine2.java:556) [hadoop-common-3.3.4.jar:?]
	at org.apache.hadoop.ipc.RPC$Server.call(RPC.java:1093) [hadoop-common-3.3.4.jar:?]
	at org.apache.hadoop.ipc.Server$RpcCall.run(Server.java:1043) [hadoop-common-3.3.4.jar:?]
	at org.apache.hadoop.ipc.Server$RpcCall.run(Server.java:971) [hadoop-common-3.3.4.jar:?]
	at java.security.AccessController.doPrivileged(Native Method) ~[?:1.8.0_352]
	at javax.security.auth.Subject.doAs(Subject.java:422) [?:1.8.0_352]
	at org.apache.hadoop.security.UserGroupInformation.doAs(UserGroupInformation.java:1878) [hadoop-common-3.3.4.jar:?]
	at org.apache.hadoop.ipc.Server$Handler.run(Server.java:2976) [hadoop-common-3.3.4.jar:?]
10:09:11.472 [IPC Server handler 4 on default port 33423] ERROR OMAudit - user=runner | ip=127.0.0.1 | op=GET_FILE_STATUS {volume=volume03607, bucket=bucket70088, key=testBatchDelete/parent/child3, dataSize=0, replicationConfig=null} | ret=FAILURE
org.apache.hadoop.ozone.om.exceptions.OMException: Unable to get file status: volume: volume03607 bucket: bucket70088 key: testBatchDelete/parent/child3
	at org.apache.hadoop.ozone.om.KeyManagerImpl.getOzoneFileStatus(KeyManagerImpl.java:1301) ~[ozone-manager-1.4.0-SNAPSHOT.jar:?]
	at org.apache.hadoop.ozone.om.KeyManagerImpl.getFileStatus(KeyManagerImpl.java:1219) ~[ozone-manager-1.4.0-SNAPSHOT.jar:?]
	at org.apache.hadoop.ozone.om.OzoneManager.getFileStatus(OzoneManager.java:3578) ~[ozone-manager-1.4.0-SNAPSHOT.jar:?]
	at org.apache.hadoop.ozone.protocolPB.OzoneManagerRequestHandler.getOzoneFileStatus(OzoneManagerRequestHandler.java:907) ~[ozone-manager-1.4.0-SNAPSHOT.jar:?]
	at org.apache.hadoop.ozone.protocolPB.OzoneManagerRequestHandler.handleReadRequest(OzoneManagerRequestHandler.java:231) ~[ozone-manager-1.4.0-SNAPSHOT.jar:?]
	at org.apache.hadoop.ozone.protocolPB.OzoneManagerProtocolServerSideTranslatorPB.submitRequestDirectlyToOM(OzoneManagerProtocolServerSideTranslatorPB.java:276) ~[ozone-manager-1.4.0-SNAPSHOT.jar:?]
	at org.apache.hadoop.ozone.protocolPB.OzoneManagerProtocolServerSideTranslatorPB.processRequest(OzoneManagerProtocolServerSideTranslatorPB.java:205) ~[ozone-manager-1.4.0-SNAPSHOT.jar:?]
	at org.apache.hadoop.hdds.server.OzoneProtocolMessageDispatcher.processRequest(OzoneProtocolMessageDispatcher.java:87) [hdds-server-framework-1.4.0-SNAPSHOT.jar:?]
	at org.apache.hadoop.ozone.protocolPB.OzoneManagerProtocolServerSideTranslatorPB.submitRequest(OzoneManagerProtocolServerSideTranslatorPB.java:147) [ozone-manager-1.4.0-SNAPSHOT.jar:?]
	at org.apache.hadoop.ozone.protocol.proto.OzoneManagerProtocolProtos$OzoneManagerService$2.callBlockingMethod(OzoneManagerProtocolProtos.java) [ozone-interface-client-1.4.0-SNAPSHOT.jar:?]
	at org.apache.hadoop.ipc.ProtobufRpcEngine$Server.processCall(ProtobufRpcEngine.java:465) [hadoop-common-3.3.4.jar:?]
	at org.apache.hadoop.ipc.ProtobufRpcEngine2$Server$ProtoBufRpcInvoker.call(ProtobufRpcEngine2.java:578) [hadoop-common-3.3.4.jar:?]
	at org.apache.hadoop.ipc.ProtobufRpcEngine2$Server$ProtoBufRpcInvoker.call(ProtobufRpcEngine2.java:556) [hadoop-common-3.3.4.jar:?]
	at org.apache.hadoop.ipc.RPC$Server.call(RPC.java:1093) [hadoop-common-3.3.4.jar:?]
	at org.apache.hadoop.ipc.Server$RpcCall.run(Server.java:1043) [hadoop-common-3.3.4.jar:?]
	at org.apache.hadoop.ipc.Server$RpcCall.run(Server.java:971) [hadoop-common-3.3.4.jar:?]
	at java.security.AccessController.doPrivileged(Native Method) ~[?:1.8.0_352]
	at javax.security.auth.Subject.doAs(Subject.java:422) [?:1.8.0_352]
	at org.apache.hadoop.security.UserGroupInformation.doAs(UserGroupInformation.java:1878) [hadoop-common-3.3.4.jar:?]
	at org.apache.hadoop.ipc.Server$Handler.run(Server.java:2976) [hadoop-common-3.3.4.jar:?]
10:09:11.473 [IPC Server handler 5 on default port 33423] ERROR OMAudit - user=runner | ip=127.0.0.1 | op=GET_FILE_STATUS {volume=volume03607, bucket=bucket70088, key=testBatchDelete/parent/childFolder/child3, dataSize=0, replicationConfig=null} | ret=FAILURE
org.apache.hadoop.ozone.om.exceptions.OMException: Unable to get file status: volume: volume03607 bucket: bucket70088 key: testBatchDelete/parent/childFolder/child3
	at org.apache.hadoop.ozone.om.KeyManagerImpl.getOzoneFileStatus(KeyManagerImpl.java:1301) ~[ozone-manager-1.4.0-SNAPSHOT.jar:?]
	at org.apache.hadoop.ozone.om.KeyManagerImpl.getFileStatus(KeyManagerImpl.java:1219) ~[ozone-manager-1.4.0-SNAPSHOT.jar:?]
	at org.apache.hadoop.ozone.om.OzoneManager.getFileStatus(OzoneManager.java:3578) ~[ozone-manager-1.4.0-SNAPSHOT.jar:?]
	at org.apache.hadoop.ozone.protocolPB.OzoneManagerRequestHandler.getOzoneFileStatus(OzoneManagerRequestHandler.java:907) ~[ozone-manager-1.4.0-SNAPSHOT.jar:?]
	at org.apache.hadoop.ozone.protocolPB.OzoneManagerRequestHandler.handleReadRequest(OzoneManagerRequestHandler.java:231) ~[ozone-manager-1.4.0-SNAPSHOT.jar:?]
	at org.apache.hadoop.ozone.protocolPB.OzoneManagerProtocolServerSideTranslatorPB.submitRequestDirectlyToOM(OzoneManagerProtocolServerSideTranslatorPB.java:276) ~[ozone-manager-1.4.0-SNAPSHOT.jar:?]
	at org.apache.hadoop.ozone.protocolPB.OzoneManagerProtocolServerSideTranslatorPB.processRequest(OzoneManagerProtocolServerSideTranslatorPB.java:205) ~[ozone-manager-1.4.0-SNAPSHOT.jar:?]
	at org.apache.hadoop.hdds.server.OzoneProtocolMessageDispatcher.processRequest(OzoneProtocolMessageDispatcher.java:87) [hdds-server-framework-1.4.0-SNAPSHOT.jar:?]
	at org.apache.hadoop.ozone.protocolPB.OzoneManagerProtocolServerSideTranslatorPB.submitRequest(OzoneManagerProtocolServerSideTranslatorPB.java:147) [ozone-manager-1.4.0-SNAPSHOT.jar:?]
	at org.apache.hadoop.ozone.protocol.proto.OzoneManagerProtocolProtos$OzoneManagerService$2.callBlockingMethod(OzoneManagerProtocolProtos.java) [ozone-interface-client-1.4.0-SNAPSHOT.jar:?]
	at org.apache.hadoop.ipc.ProtobufRpcEngine$Server.processCall(ProtobufRpcEngine.java:465) [hadoop-common-3.3.4.jar:?]
	at org.apache.hadoop.ipc.ProtobufRpcEngine2$Server$ProtoBufRpcInvoker.call(ProtobufRpcEngine2.java:578) [hadoop-common-3.3.4.jar:?]
	at org.apache.hadoop.ipc.ProtobufRpcEngine2$Server$ProtoBufRpcInvoker.call(ProtobufRpcEngine2.java:556) [hadoop-common-3.3.4.jar:?]
	at org.apache.hadoop.ipc.RPC$Server.call(RPC.java:1093) [hadoop-common-3.3.4.jar:?]
	at org.apache.hadoop.ipc.Server$RpcCall.run(Server.java:1043) [hadoop-common-3.3.4.jar:?]
	at org.apache.hadoop.ipc.Server$RpcCall.run(Server.java:971) [hadoop-common-3.3.4.jar:?]
	at java.security.AccessController.doPrivileged(Native Method) ~[?:1.8.0_352]
	at javax.security.auth.Subject.doAs(Subject.java:422) [?:1.8.0_352]
	at org.apache.hadoop.security.UserGroupInformation.doAs(UserGroupInformation.java:1878) [hadoop-common-3.3.4.jar:?]
	at org.apache.hadoop.ipc.Server$Handler.run(Server.java:2976) [hadoop-common-3.3.4.jar:?]
10:09:11.473 [IPC Server handler 6 on default port 33423] ERROR OMAudit - user=runner | ip=127.0.0.1 | op=GET_FILE_STATUS {volume=volume03607, bucket=bucket70088, key=testBatchDelete/parent/child4, dataSize=0, replicationConfig=null} | ret=FAILURE
org.apache.hadoop.ozone.om.exceptions.OMException: Unable to get file status: volume: volume03607 bucket: bucket70088 key: testBatchDelete/parent/child4
	at org.apache.hadoop.ozone.om.KeyManagerImpl.getOzoneFileStatus(KeyManagerImpl.java:1301) ~[ozone-manager-1.4.0-SNAPSHOT.jar:?]
	at org.apache.hadoop.ozone.om.KeyManagerImpl.getFileStatus(KeyManagerImpl.java:1219) ~[ozone-manager-1.4.0-SNAPSHOT.jar:?]
	at org.apache.hadoop.ozone.om.OzoneManager.getFileStatus(OzoneManager.java:3578) ~[ozone-manager-1.4.0-SNAPSHOT.jar:?]
	at org.apache.hadoop.ozone.protocolPB.OzoneManagerRequestHandler.getOzoneFileStatus(OzoneManagerRequestHandler.java:907) ~[ozone-manager-1.4.0-SNAPSHOT.jar:?]
	at org.apache.hadoop.ozone.protocolPB.OzoneManagerRequestHandler.handleReadRequest(OzoneManagerRequestHandler.java:231) ~[ozone-manager-1.4.0-SNAPSHOT.jar:?]
	at org.apache.hadoop.ozone.protocolPB.OzoneManagerProtocolServerSideTranslatorPB.submitRequestDirectlyToOM(OzoneManagerProtocolServerSideTranslatorPB.java:276) ~[ozone-manager-1.4.0-SNAPSHOT.jar:?]
	at org.apache.hadoop.ozone.protocolPB.OzoneManagerProtocolServerSideTranslatorPB.processRequest(OzoneManagerProtocolServerSideTranslatorPB.java:205) ~[ozone-manager-1.4.0-SNAPSHOT.jar:?]
	at org.apache.hadoop.hdds.server.OzoneProtocolMessageDispatcher.processRequest(OzoneProtocolMessageDispatcher.java:87) [hdds-server-framework-1.4.0-SNAPSHOT.jar:?]
	at org.apache.hadoop.ozone.protocolPB.OzoneManagerProtocolServerSideTranslatorPB.submitRequest(OzoneManagerProtocolServerSideTranslatorPB.java:147) [ozone-manager-1.4.0-SNAPSHOT.jar:?]
	at org.apache.hadoop.ozone.protocol.proto.OzoneManagerProtocolProtos$OzoneManagerService$2.callBlockingMethod(OzoneManagerProtocolProtos.java) [ozone-interface-client-1.4.0-SNAPSHOT.jar:?]
	at org.apache.hadoop.ipc.ProtobufRpcEngine$Server.processCall(ProtobufRpcEngine.java:465) [hadoop-common-3.3.4.jar:?]
	at org.apache.hadoop.ipc.ProtobufRpcEngine2$Server$ProtoBufRpcInvoker.call(ProtobufRpcEngine2.java:578) [hadoop-common-3.3.4.jar:?]
	at org.apache.hadoop.ipc.ProtobufRpcEngine2$Server$ProtoBufRpcInvoker.call(ProtobufRpcEngine2.java:556) [hadoop-common-3.3.4.jar:?]
	at org.apache.hadoop.ipc.RPC$Server.call(RPC.java:1093) [hadoop-common-3.3.4.jar:?]
	at org.apache.hadoop.ipc.Server$RpcCall.run(Server.java:1043) [hadoop-common-3.3.4.jar:?]
	at org.apache.hadoop.ipc.Server$RpcCall.run(Server.java:971) [hadoop-common-3.3.4.jar:?]
	at java.security.AccessController.doPrivileged(Native Method) ~[?:1.8.0_352]
	at javax.security.auth.Subject.doAs(Subject.java:422) [?:1.8.0_352]
	at org.apache.hadoop.security.UserGroupInformation.doAs(UserGroupInformation.java:1878) [hadoop-common-3.3.4.jar:?]
	at org.apache.hadoop.ipc.Server$Handler.run(Server.java:2976) [hadoop-common-3.3.4.jar:?]
10:09:11.474 [IPC Server handler 7 on default port 33423] ERROR OMAudit - user=runner | ip=127.0.0.1 | op=GET_FILE_STATUS {volume=volume03607, bucket=bucket70088, key=testBatchDelete/parent/childFolder/child4, dataSize=0, replicationConfig=null} | ret=FAILURE
org.apache.hadoop.ozone.om.exceptions.OMException: Unable to get file status: volume: volume03607 bucket: bucket70088 key: testBatchDelete/parent/childFolder/child4
	at org.apache.hadoop.ozone.om.KeyManagerImpl.getOzoneFileStatus(KeyManagerImpl.java:1301) ~[ozone-manager-1.4.0-SNAPSHOT.jar:?]
	at org.apache.hadoop.ozone.om.KeyManagerImpl.getFileStatus(KeyManagerImpl.java:1219) ~[ozone-manager-1.4.0-SNAPSHOT.jar:?]
	at org.apache.hadoop.ozone.om.OzoneManager.getFileStatus(OzoneManager.java:3578) ~[ozone-manager-1.4.0-SNAPSHOT.jar:?]
	at org.apache.hadoop.ozone.protocolPB.OzoneManagerRequestHandler.getOzoneFileStatus(OzoneManagerRequestHandler.java:907) ~[ozone-manager-1.4.0-SNAPSHOT.jar:?]
	at org.apache.hadoop.ozone.protocolPB.OzoneManagerRequestHandler.handleReadRequest(OzoneManagerRequestHandler.java:231) ~[ozone-manager-1.4.0-SNAPSHOT.jar:?]
	at org.apache.hadoop.ozone.protocolPB.OzoneManagerProtocolServerSideTranslatorPB.submitRequestDirectlyToOM(OzoneManagerProtocolServerSideTranslatorPB.java:276) ~[ozone-manager-1.4.0-SNAPSHOT.jar:?]
	at org.apache.hadoop.ozone.protocolPB.OzoneManagerProtocolServerSideTranslatorPB.processRequest(OzoneManagerProtocolServerSideTranslatorPB.java:205) ~[ozone-manager-1.4.0-SNAPSHOT.jar:?]
	at org.apache.hadoop.hdds.server.OzoneProtocolMessageDispatcher.processRequest(OzoneProtocolMessageDispatcher.java:87) [hdds-server-framework-1.4.0-SNAPSHOT.jar:?]
	at org.apache.hadoop.ozone.protocolPB.OzoneManagerProtocolServerSideTranslatorPB.submitRequest(OzoneManagerProtocolServerSideTranslatorPB.java:147) [ozone-manager-1.4.0-SNAPSHOT.jar:?]
	at org.apache.hadoop.ozone.protocol.proto.OzoneManagerProtocolProtos$OzoneManagerService$2.callBlockingMethod(OzoneManagerProtocolProtos.java) [ozone-interface-client-1.4.0-SNAPSHOT.jar:?]
	at org.apache.hadoop.ipc.ProtobufRpcEngine$Server.processCall(ProtobufRpcEngine.java:465) [hadoop-common-3.3.4.jar:?]
	at org.apache.hadoop.ipc.ProtobufRpcEngine2$Server$ProtoBufRpcInvoker.call(ProtobufRpcEngine2.java:578) [hadoop-common-3.3.4.jar:?]
	at org.apache.hadoop.ipc.ProtobufRpcEngine2$Server$ProtoBufRpcInvoker.call(ProtobufRpcEngine2.java:556) [hadoop-common-3.3.4.jar:?]
	at org.apache.hadoop.ipc.RPC$Server.call(RPC.java:1093) [hadoop-common-3.3.4.jar:?]
	at org.apache.hadoop.ipc.Server$RpcCall.run(Server.java:1043) [hadoop-common-3.3.4.jar:?]
	at org.apache.hadoop.ipc.Server$RpcCall.run(Server.java:971) [hadoop-common-3.3.4.jar:?]
	at java.security.AccessController.doPrivileged(Native Method) ~[?:1.8.0_352]
	at javax.security.auth.Subject.doAs(Subject.java:422) [?:1.8.0_352]
	at org.apache.hadoop.security.UserGroupInformation.doAs(UserGroupInformation.java:1878) [hadoop-common-3.3.4.jar:?]
	at org.apache.hadoop.ipc.Server$Handler.run(Server.java:2976) [hadoop-common-3.3.4.jar:?]
10:09:11.474 [IPC Server handler 8 on default port 33423] ERROR OMAudit - user=runner | ip=127.0.0.1 | op=GET_FILE_STATUS {volume=volume03607, bucket=bucket70088, key=testBatchDelete/parent/child5, dataSize=0, replicationConfig=null} | ret=FAILURE
org.apache.hadoop.ozone.om.exceptions.OMException: Unable to get file status: volume: volume03607 bucket: bucket70088 key: testBatchDelete/parent/child5
	at org.apache.hadoop.ozone.om.KeyManagerImpl.getOzoneFileStatus(KeyManagerImpl.java:1301) ~[ozone-manager-1.4.0-SNAPSHOT.jar:?]
	at org.apache.hadoop.ozone.om.KeyManagerImpl.getFileStatus(KeyManagerImpl.java:1219) ~[ozone-manager-1.4.0-SNAPSHOT.jar:?]
	at org.apache.hadoop.ozone.om.OzoneManager.getFileStatus(OzoneManager.java:3578) ~[ozone-manager-1.4.0-SNAPSHOT.jar:?]
	at org.apache.hadoop.ozone.protocolPB.OzoneManagerRequestHandler.getOzoneFileStatus(OzoneManagerRequestHandler.java:907) ~[ozone-manager-1.4.0-SNAPSHOT.jar:?]
	at org.apache.hadoop.ozone.protocolPB.OzoneManagerRequestHandler.handleReadRequest(OzoneManagerRequestHandler.java:231) ~[ozone-manager-1.4.0-SNAPSHOT.jar:?]
	at org.apache.hadoop.ozone.protocolPB.OzoneManagerProtocolServerSideTranslatorPB.submitRequestDirectlyToOM(OzoneManagerProtocolServerSideTranslatorPB.java:276) ~[ozone-manager-1.4.0-SNAPSHOT.jar:?]
	at org.apache.hadoop.ozone.protocolPB.OzoneManagerProtocolServerSideTranslatorPB.processRequest(OzoneManagerProtocolServerSideTranslatorPB.java:205) ~[ozone-manager-1.4.0-SNAPSHOT.jar:?]
	at org.apache.hadoop.hdds.server.OzoneProtocolMessageDispatcher.processRequest(OzoneProtocolMessageDispatcher.java:87) [hdds-server-framework-1.4.0-SNAPSHOT.jar:?]
	at org.apache.hadoop.ozone.protocolPB.OzoneManagerProtocolServerSideTranslatorPB.submitRequest(OzoneManagerProtocolServerSideTranslatorPB.java:147) [ozone-manager-1.4.0-SNAPSHOT.jar:?]
	at org.apache.hadoop.ozone.protocol.proto.OzoneManagerProtocolProtos$OzoneManagerService$2.callBlockingMethod(OzoneManagerProtocolProtos.java) [ozone-interface-client-1.4.0-SNAPSHOT.jar:?]
	at org.apache.hadoop.ipc.ProtobufRpcEngine$Server.processCall(ProtobufRpcEngine.java:465) [hadoop-common-3.3.4.jar:?]
	at org.apache.hadoop.ipc.ProtobufRpcEngine2$Server$ProtoBufRpcInvoker.call(ProtobufRpcEngine2.java:578) [hadoop-common-3.3.4.jar:?]
	at org.apache.hadoop.ipc.ProtobufRpcEngine2$Server$ProtoBufRpcInvoker.call(ProtobufRpcEngine2.java:556) [hadoop-common-3.3.4.jar:?]
	at org.apache.hadoop.ipc.RPC$Server.call(RPC.java:1093) [hadoop-common-3.3.4.jar:?]
	at org.apache.hadoop.ipc.Server$RpcCall.run(Server.java:1043) [hadoop-common-3.3.4.jar:?]
	at org.apache.hadoop.ipc.Server$RpcCall.run(Server.java:971) [hadoop-common-3.3.4.jar:?]
	at java.security.AccessController.doPrivileged(Native Method) ~[?:1.8.0_352]
	at javax.security.auth.Subject.doAs(Subject.java:422) [?:1.8.0_352]
	at org.apache.hadoop.security.UserGroupInformation.doAs(UserGroupInformation.java:1878) [hadoop-common-3.3.4.jar:?]
	at org.apache.hadoop.ipc.Server$Handler.run(Server.java:2976) [hadoop-common-3.3.4.jar:?]
10:09:11.475 [IPC Server handler 9 on default port 33423] ERROR OMAudit - user=runner | ip=127.0.0.1 | op=GET_FILE_STATUS {volume=volume03607, bucket=bucket70088, key=testBatchDelete/parent/childFolder/child5, dataSize=0, replicationConfig=null} | ret=FAILURE
org.apache.hadoop.ozone.om.exceptions.OMException: Unable to get file status: volume: volume03607 bucket: bucket70088 key: testBatchDelete/parent/childFolder/child5
	at org.apache.hadoop.ozone.om.KeyManagerImpl.getOzoneFileStatus(KeyManagerImpl.java:1301) ~[ozone-manager-1.4.0-SNAPSHOT.jar:?]
	at org.apache.hadoop.ozone.om.KeyManagerImpl.getFileStatus(KeyManagerImpl.java:1219) ~[ozone-manager-1.4.0-SNAPSHOT.jar:?]
	at org.apache.hadoop.ozone.om.OzoneManager.getFileStatus(OzoneManager.java:3578) ~[ozone-manager-1.4.0-SNAPSHOT.jar:?]
	at org.apache.hadoop.ozone.protocolPB.OzoneManagerRequestHandler.getOzoneFileStatus(OzoneManagerRequestHandler.java:907) ~[ozone-manager-1.4.0-SNAPSHOT.jar:?]
	at org.apache.hadoop.ozone.protocolPB.OzoneManagerRequestHandler.handleReadRequest(OzoneManagerRequestHandler.java:231) ~[ozone-manager-1.4.0-SNAPSHOT.jar:?]
	at org.apache.hadoop.ozone.protocolPB.OzoneManagerProtocolServerSideTranslatorPB.submitRequestDirectlyToOM(OzoneManagerProtocolServerSideTranslatorPB.java:276) ~[ozone-manager-1.4.0-SNAPSHOT.jar:?]
	at org.apache.hadoop.ozone.protocolPB.OzoneManagerProtocolServerSideTranslatorPB.processRequest(OzoneManagerProtocolServerSideTranslatorPB.java:205) ~[ozone-manager-1.4.0-SNAPSHOT.jar:?]
	at org.apache.hadoop.hdds.server.OzoneProtocolMessageDispatcher.processRequest(OzoneProtocolMessageDispatcher.java:87) [hdds-server-framework-1.4.0-SNAPSHOT.jar:?]
	at org.apache.hadoop.ozone.protocolPB.OzoneManagerProtocolServerSideTranslatorPB.submitRequest(OzoneManagerProtocolServerSideTranslatorPB.java:147) [ozone-manager-1.4.0-SNAPSHOT.jar:?]
	at org.apache.hadoop.ozone.protocol.proto.OzoneManagerProtocolProtos$OzoneManagerService$2.callBlockingMethod(OzoneManagerProtocolProtos.java) [ozone-interface-client-1.4.0-SNAPSHOT.jar:?]
	at org.apache.hadoop.ipc.ProtobufRpcEngine$Server.processCall(ProtobufRpcEngine.java:465) [hadoop-common-3.3.4.jar:?]
	at org.apache.hadoop.ipc.ProtobufRpcEngine2$Server$ProtoBufRpcInvoker.call(ProtobufRpcEngine2.java:578) [hadoop-common-3.3.4.jar:?]
	at org.apache.hadoop.ipc.ProtobufRpcEngine2$Server$ProtoBufRpcInvoker.call(ProtobufRpcEngine2.java:556) [hadoop-common-3.3.4.jar:?]
	at org.apache.hadoop.ipc.RPC$Server.call(RPC.java:1093) [hadoop-common-3.3.4.jar:?]
	at org.apache.hadoop.ipc.Server$RpcCall.run(Server.java:1043) [hadoop-common-3.3.4.jar:?]
	at org.apache.hadoop.ipc.Server$RpcCall.run(Server.java:971) [hadoop-common-3.3.4.jar:?]
	at java.security.AccessController.doPrivileged(Native Method) ~[?:1.8.0_352]
	at javax.security.auth.Subject.doAs(Subject.java:422) [?:1.8.0_352]
	at org.apache.hadoop.security.UserGroupInformation.doAs(UserGroupInformation.java:1878) [hadoop-common-3.3.4.jar:?]
	at org.apache.hadoop.ipc.Server$Handler.run(Server.java:2976) [hadoop-common-3.3.4.jar:?]
10:09:11.475 [IPC Server handler 10 on default port 33423] ERROR OMAudit - user=runner | ip=127.0.0.1 | op=GET_FILE_STATUS {volume=volume03607, bucket=bucket70088, key=testBatchDelete/parent/child6, dataSize=0, replicationConfig=null} | ret=FAILURE
org.apache.hadoop.ozone.om.exceptions.OMException: Unable to get file status: volume: volume03607 bucket: bucket70088 key: testBatchDelete/parent/child6
	at org.apache.hadoop.ozone.om.KeyManagerImpl.getOzoneFileStatus(KeyManagerImpl.java:1301) ~[ozone-manager-1.4.0-SNAPSHOT.jar:?]
	at org.apache.hadoop.ozone.om.KeyManagerImpl.getFileStatus(KeyManagerImpl.java:1219) ~[ozone-manager-1.4.0-SNAPSHOT.jar:?]
	at org.apache.hadoop.ozone.om.OzoneManager.getFileStatus(OzoneManager.java:3578) ~[ozone-manager-1.4.0-SNAPSHOT.jar:?]
	at org.apache.hadoop.ozone.protocolPB.OzoneManagerRequestHandler.getOzoneFileStatus(OzoneManagerRequestHandler.java:907) ~[ozone-manager-1.4.0-SNAPSHOT.jar:?]
	at org.apache.hadoop.ozone.protocolPB.OzoneManagerRequestHandler.handleReadRequest(OzoneManagerRequestHandler.java:231) ~[ozone-manager-1.4.0-SNAPSHOT.jar:?]
	at org.apache.hadoop.ozone.protocolPB.OzoneManagerProtocolServerSideTranslatorPB.submitRequestDirectlyToOM(OzoneManagerProtocolServerSideTranslatorPB.java:276) ~[ozone-manager-1.4.0-SNAPSHOT.jar:?]
	at org.apache.hadoop.ozone.protocolPB.OzoneManagerProtocolServerSideTranslatorPB.processRequest(OzoneManagerProtocolServerSideTranslatorPB.java:205) ~[ozone-manager-1.4.0-SNAPSHOT.jar:?]
	at org.apache.hadoop.hdds.server.OzoneProtocolMessageDispatcher.processRequest(OzoneProtocolMessageDispatcher.java:87) [hdds-server-framework-1.4.0-SNAPSHOT.jar:?]
	at org.apache.hadoop.ozone.protocolPB.OzoneManagerProtocolServerSideTranslatorPB.submitRequest(OzoneManagerProtocolServerSideTranslatorPB.java:147) [ozone-manager-1.4.0-SNAPSHOT.jar:?]
	at org.apache.hadoop.ozone.protocol.proto.OzoneManagerProtocolProtos$OzoneManagerService$2.callBlockingMethod(OzoneManagerProtocolProtos.java) [ozone-interface-client-1.4.0-SNAPSHOT.jar:?]
	at org.apache.hadoop.ipc.ProtobufRpcEngine$Server.processCall(ProtobufRpcEngine.java:465) [hadoop-common-3.3.4.jar:?]
	at org.apache.hadoop.ipc.ProtobufRpcEngine2$Server$ProtoBufRpcInvoker.call(ProtobufRpcEngine2.java:578) [hadoop-common-3.3.4.jar:?]
	at org.apache.hadoop.ipc.ProtobufRpcEngine2$Server$ProtoBufRpcInvoker.call(ProtobufRpcEngine2.java:556) [hadoop-common-3.3.4.jar:?]
	at org.apache.hadoop.ipc.RPC$Server.call(RPC.java:1093) [hadoop-common-3.3.4.jar:?]
	at org.apache.hadoop.ipc.Server$RpcCall.run(Server.java:1043) [hadoop-common-3.3.4.jar:?]
	at org.apache.hadoop.ipc.Server$RpcCall.run(Server.java:971) [hadoop-common-3.3.4.jar:?]
	at java.security.AccessController.doPrivileged(Native Method) ~[?:1.8.0_352]
	at javax.security.auth.Subject.doAs(Subject.java:422) [?:1.8.0_352]
	at org.apache.hadoop.security.UserGroupInformation.doAs(UserGroupInformation.java:1878) [hadoop-common-3.3.4.jar:?]
	at org.apache.hadoop.ipc.Server$Handler.run(Server.java:2976) [hadoop-common-3.3.4.jar:?]
10:09:11.477 [IPC Server handler 11 on default port 33423] ERROR OMAudit - user=runner | ip=127.0.0.1 | op=GET_FILE_STATUS {volume=volume03607, bucket=bucket70088, key=testBatchDelete/parent/childFolder/child6, dataSize=0, replicationConfig=null} | ret=FAILURE
org.apache.hadoop.ozone.om.exceptions.OMException: Unable to get file status: volume: volume03607 bucket: bucket70088 key: testBatchDelete/parent/childFolder/child6
	at org.apache.hadoop.ozone.om.KeyManagerImpl.getOzoneFileStatus(KeyManagerImpl.java:1301) ~[ozone-manager-1.4.0-SNAPSHOT.jar:?]
	at org.apache.hadoop.ozone.om.KeyManagerImpl.getFileStatus(KeyManagerImpl.java:1219) ~[ozone-manager-1.4.0-SNAPSHOT.jar:?]
	at org.apache.hadoop.ozone.om.OzoneManager.getFileStatus(OzoneManager.java:3578) ~[ozone-manager-1.4.0-SNAPSHOT.jar:?]
	at org.apache.hadoop.ozone.protocolPB.OzoneManagerRequestHandler.getOzoneFileStatus(OzoneManagerRequestHandler.java:907) ~[ozone-manager-1.4.0-SNAPSHOT.jar:?]
	at org.apache.hadoop.ozone.protocolPB.OzoneManagerRequestHandler.handleReadRequest(OzoneManagerRequestHandler.java:231) ~[ozone-manager-1.4.0-SNAPSHOT.jar:?]
	at org.apache.hadoop.ozone.protocolPB.OzoneManagerProtocolServerSideTranslatorPB.submitRequestDirectlyToOM(OzoneManagerProtocolServerSideTranslatorPB.java:276) ~[ozone-manager-1.4.0-SNAPSHOT.jar:?]
	at org.apache.hadoop.ozone.protocolPB.OzoneManagerProtocolServerSideTranslatorPB.processRequest(OzoneManagerProtocolServerSideTranslatorPB.java:205) ~[ozone-manager-1.4.0-SNAPSHOT.jar:?]
	at org.apache.hadoop.hdds.server.OzoneProtocolMessageDispatcher.processRequest(OzoneProtocolMessageDispatcher.java:87) [hdds-server-framework-1.4.0-SNAPSHOT.jar:?]
	at org.apache.hadoop.ozone.protocolPB.OzoneManagerProtocolServerSideTranslatorPB.submitRequest(OzoneManagerProtocolServerSideTranslatorPB.java:147) [ozone-manager-1.4.0-SNAPSHOT.jar:?]
	at org.apache.hadoop.ozone.protocol.proto.OzoneManagerProtocolProtos$OzoneManagerService$2.callBlockingMethod(OzoneManagerProtocolProtos.java) [ozone-interface-client-1.4.0-SNAPSHOT.jar:?]
	at org.apache.hadoop.ipc.ProtobufRpcEngine$Server.processCall(ProtobufRpcEngine.java:465) [hadoop-common-3.3.4.jar:?]
	at org.apache.hadoop.ipc.ProtobufRpcEngine2$Server$ProtoBufRpcInvoker.call(ProtobufRpcEngine2.java:578) [hadoop-common-3.3.4.jar:?]
	at org.apache.hadoop.ipc.ProtobufRpcEngine2$Server$ProtoBufRpcInvoker.call(ProtobufRpcEngine2.java:556) [hadoop-common-3.3.4.jar:?]
	at org.apache.hadoop.ipc.RPC$Server.call(RPC.java:1093) [hadoop-common-3.3.4.jar:?]
	at org.apache.hadoop.ipc.Server$RpcCall.run(Server.java:1043) [hadoop-common-3.3.4.jar:?]
	at org.apache.hadoop.ipc.Server$RpcCall.run(Server.java:971) [hadoop-common-3.3.4.jar:?]
	at java.security.AccessController.doPrivileged(Native Method) ~[?:1.8.0_352]
	at javax.security.auth.Subject.doAs(Subject.java:422) [?:1.8.0_352]
	at org.apache.hadoop.security.UserGroupInformation.doAs(UserGroupInformation.java:1878) [hadoop-common-3.3.4.jar:?]
	at org.apache.hadoop.ipc.Server$Handler.run(Server.java:2976) [hadoop-common-3.3.4.jar:?]
10:09:11.477 [IPC Server handler 12 on default port 33423] ERROR OMAudit - user=runner | ip=127.0.0.1 | op=GET_FILE_STATUS {volume=volume03607, bucket=bucket70088, key=testBatchDelete/parent/child7, dataSize=0, replicationConfig=null} | ret=FAILURE
org.apache.hadoop.ozone.om.exceptions.OMException: Unable to get file status: volume: volume03607 bucket: bucket70088 key: testBatchDelete/parent/child7
	at org.apache.hadoop.ozone.om.KeyManagerImpl.getOzoneFileStatus(KeyManagerImpl.java:1301) ~[ozone-manager-1.4.0-SNAPSHOT.jar:?]
	at org.apache.hadoop.ozone.om.KeyManagerImpl.getFileStatus(KeyManagerImpl.java:1219) ~[ozone-manager-1.4.0-SNAPSHOT.jar:?]
	at org.apache.hadoop.ozone.om.OzoneManager.getFileStatus(OzoneManager.java:3578) ~[ozone-manager-1.4.0-SNAPSHOT.jar:?]
	at org.apache.hadoop.ozone.protocolPB.OzoneManagerRequestHandler.getOzoneFileStatus(OzoneManagerRequestHandler.java:907) ~[ozone-manager-1.4.0-SNAPSHOT.jar:?]
	at org.apache.hadoop.ozone.protocolPB.OzoneManagerRequestHandler.handleReadRequest(OzoneManagerRequestHandler.java:231) ~[ozone-manager-1.4.0-SNAPSHOT.jar:?]
	at org.apache.hadoop.ozone.protocolPB.OzoneManagerProtocolServerSideTranslatorPB.submitRequestDirectlyToOM(OzoneManagerProtocolServerSideTranslatorPB.java:276) ~[ozone-manager-1.4.0-SNAPSHOT.jar:?]
	at org.apache.hadoop.ozone.protocolPB.OzoneManagerProtocolServerSideTranslatorPB.processRequest(OzoneManagerProtocolServerSideTranslatorPB.java:205) ~[ozone-manager-1.4.0-SNAPSHOT.jar:?]
	at org.apache.hadoop.hdds.server.OzoneProtocolMessageDispatcher.processRequest(OzoneProtocolMessageDispatcher.java:87) [hdds-server-framework-1.4.0-SNAPSHOT.jar:?]
	at org.apache.hadoop.ozone.protocolPB.OzoneManagerProtocolServerSideTranslatorPB.submitRequest(OzoneManagerProtocolServerSideTranslatorPB.java:147) [ozone-manager-1.4.0-SNAPSHOT.jar:?]
	at org.apache.hadoop.ozone.protocol.proto.OzoneManagerProtocolProtos$OzoneManagerService$2.callBlockingMethod(OzoneManagerProtocolProtos.java) [ozone-interface-client-1.4.0-SNAPSHOT.jar:?]
	at org.apache.hadoop.ipc.ProtobufRpcEngine$Server.processCall(ProtobufRpcEngine.java:465) [hadoop-common-3.3.4.jar:?]
	at org.apache.hadoop.ipc.ProtobufRpcEngine2$Server$ProtoBufRpcInvoker.call(ProtobufRpcEngine2.java:578) [hadoop-common-3.3.4.jar:?]
	at org.apache.hadoop.ipc.ProtobufRpcEngine2$Server$ProtoBufRpcInvoker.call(ProtobufRpcEngine2.java:556) [hadoop-common-3.3.4.jar:?]
	at org.apache.hadoop.ipc.RPC$Server.call(RPC.java:1093) [hadoop-common-3.3.4.jar:?]
	at org.apache.hadoop.ipc.Server$RpcCall.run(Server.java:1043) [hadoop-common-3.3.4.jar:?]
	at org.apache.hadoop.ipc.Server$RpcCall.run(Server.java:971) [hadoop-common-3.3.4.jar:?]
	at java.security.AccessController.doPrivileged(Native Method) ~[?:1.8.0_352]
	at javax.security.auth.Subject.doAs(Subject.java:422) [?:1.8.0_352]
	at org.apache.hadoop.security.UserGroupInformation.doAs(UserGroupInformation.java:1878) [hadoop-common-3.3.4.jar:?]
	at org.apache.hadoop.ipc.Server$Handler.run(Server.java:2976) [hadoop-common-3.3.4.jar:?]
10:09:11.478 [IPC Server handler 13 on default port 33423] ERROR OMAudit - user=runner | ip=127.0.0.1 | op=GET_FILE_STATUS {volume=volume03607, bucket=bucket70088, key=testBatchDelete/parent/childFolder/child7, dataSize=0, replicationConfig=null} | ret=FAILURE
org.apache.hadoop.ozone.om.exceptions.OMException: Unable to get file status: volume: volume03607 bucket: bucket70088 key: testBatchDelete/parent/childFolder/child7
	at org.apache.hadoop.ozone.om.KeyManagerImpl.getOzoneFileStatus(KeyManagerImpl.java:1301) ~[ozone-manager-1.4.0-SNAPSHOT.jar:?]
	at org.apache.hadoop.ozone.om.KeyManagerImpl.getFileStatus(KeyManagerImpl.java:1219) ~[ozone-manager-1.4.0-SNAPSHOT.jar:?]
	at org.apache.hadoop.ozone.om.OzoneManager.getFileStatus(OzoneManager.java:3578) ~[ozone-manager-1.4.0-SNAPSHOT.jar:?]
	at org.apache.hadoop.ozone.protocolPB.OzoneManagerRequestHandler.getOzoneFileStatus(OzoneManagerRequestHandler.java:907) ~[ozone-manager-1.4.0-SNAPSHOT.jar:?]
	at org.apache.hadoop.ozone.protocolPB.OzoneManagerRequestHandler.handleReadRequest(OzoneManagerRequestHandler.java:231) ~[ozone-manager-1.4.0-SNAPSHOT.jar:?]
	at org.apache.hadoop.ozone.protocolPB.OzoneManagerProtocolServerSideTranslatorPB.submitRequestDirectlyToOM(OzoneManagerProtocolServerSideTranslatorPB.java:276) ~[ozone-manager-1.4.0-SNAPSHOT.jar:?]
	at org.apache.hadoop.ozone.protocolPB.OzoneManagerProtocolServerSideTranslatorPB.processRequest(OzoneManagerProtocolServerSideTranslatorPB.java:205) ~[ozone-manager-1.4.0-SNAPSHOT.jar:?]
	at org.apache.hadoop.hdds.server.OzoneProtocolMessageDispatcher.processRequest(OzoneProtocolMessageDispatcher.java:87) [hdds-server-framework-1.4.0-SNAPSHOT.jar:?]
	at org.apache.hadoop.ozone.protocolPB.OzoneManagerProtocolServerSideTranslatorPB.submitRequest(OzoneManagerProtocolServerSideTranslatorPB.java:147) [ozone-manager-1.4.0-SNAPSHOT.jar:?]
	at org.apache.hadoop.ozone.protocol.proto.OzoneManagerProtocolProtos$OzoneManagerService$2.callBlockingMethod(OzoneManagerProtocolProtos.java) [ozone-interface-client-1.4.0-SNAPSHOT.jar:?]
	at org.apache.hadoop.ipc.ProtobufRpcEngine$Server.processCall(ProtobufRpcEngine.java:465) [hadoop-common-3.3.4.jar:?]
	at org.apache.hadoop.ipc.ProtobufRpcEngine2$Server$ProtoBufRpcInvoker.call(ProtobufRpcEngine2.java:578) [hadoop-common-3.3.4.jar:?]
	at org.apache.hadoop.ipc.ProtobufRpcEngine2$Server$ProtoBufRpcInvoker.call(ProtobufRpcEngine2.java:556) [hadoop-common-3.3.4.jar:?]
	at org.apache.hadoop.ipc.RPC$Server.call(RPC.java:1093) [hadoop-common-3.3.4.jar:?]
	at org.apache.hadoop.ipc.Server$RpcCall.run(Server.java:1043) [hadoop-common-3.3.4.jar:?]
	at org.apache.hadoop.ipc.Server$RpcCall.run(Server.java:971) [hadoop-common-3.3.4.jar:?]
	at java.security.AccessController.doPrivileged(Native Method) ~[?:1.8.0_352]
	at javax.security.auth.Subject.doAs(Subject.java:422) [?:1.8.0_352]
	at org.apache.hadoop.security.UserGroupInformation.doAs(UserGroupInformation.java:1878) [hadoop-common-3.3.4.jar:?]
	at org.apache.hadoop.ipc.Server$Handler.run(Server.java:2976) [hadoop-common-3.3.4.jar:?]
10:09:11.478 [IPC Server handler 14 on default port 33423] ERROR OMAudit - user=runner | ip=127.0.0.1 | op=GET_FILE_STATUS {volume=volume03607, bucket=bucket70088, key=testBatchDelete/parent, dataSize=0, replicationConfig=null} | ret=FAILURE
org.apache.hadoop.ozone.om.exceptions.OMException: Unable to get file status: volume: volume03607 bucket: bucket70088 key: testBatchDelete/parent
	at org.apache.hadoop.ozone.om.KeyManagerImpl.getOzoneFileStatus(KeyManagerImpl.java:1301) ~[ozone-manager-1.4.0-SNAPSHOT.jar:?]
	at org.apache.hadoop.ozone.om.KeyManagerImpl.getFileStatus(KeyManagerImpl.java:1219) ~[ozone-manager-1.4.0-SNAPSHOT.jar:?]
	at org.apache.hadoop.ozone.om.OzoneManager.getFileStatus(OzoneManager.java:3578) ~[ozone-manager-1.4.0-SNAPSHOT.jar:?]
	at org.apache.hadoop.ozone.protocolPB.OzoneManagerRequestHandler.getOzoneFileStatus(OzoneManagerRequestHandler.java:907) ~[ozone-manager-1.4.0-SNAPSHOT.jar:?]
	at org.apache.hadoop.ozone.protocolPB.OzoneManagerRequestHandler.handleReadRequest(OzoneManagerRequestHandler.java:231) ~[ozone-manager-1.4.0-SNAPSHOT.jar:?]
	at org.apache.hadoop.ozone.protocolPB.OzoneManagerProtocolServerSideTranslatorPB.submitRequestDirectlyToOM(OzoneManagerProtocolServerSideTranslatorPB.java:276) ~[ozone-manager-1.4.0-SNAPSHOT.jar:?]
	at org.apache.hadoop.ozone.protocolPB.OzoneManagerProtocolServerSideTranslatorPB.processRequest(OzoneManagerProtocolServerSideTranslatorPB.java:205) ~[ozone-manager-1.4.0-SNAPSHOT.jar:?]
	at org.apache.hadoop.hdds.server.OzoneProtocolMessageDispatcher.processRequest(OzoneProtocolMessageDispatcher.java:87) [hdds-server-framework-1.4.0-SNAPSHOT.jar:?]
	at org.apache.hadoop.ozone.protocolPB.OzoneManagerProtocolServerSideTranslatorPB.submitRequest(OzoneManagerProtocolServerSideTranslatorPB.java:147) [ozone-manager-1.4.0-SNAPSHOT.jar:?]
	at org.apache.hadoop.ozone.protocol.proto.OzoneManagerProtocolProtos$OzoneManagerService$2.callBlockingMethod(OzoneManagerProtocolProtos.java) [ozone-interface-client-1.4.0-SNAPSHOT.jar:?]
	at org.apache.hadoop.ipc.ProtobufRpcEngine$Server.processCall(ProtobufRpcEngine.java:465) [hadoop-common-3.3.4.jar:?]
	at org.apache.hadoop.ipc.ProtobufRpcEngine2$Server$ProtoBufRpcInvoker.call(ProtobufRpcEngine2.java:578) [hadoop-common-3.3.4.jar:?]
	at org.apache.hadoop.ipc.ProtobufRpcEngine2$Server$ProtoBufRpcInvoker.call(ProtobufRpcEngine2.java:556) [hadoop-common-3.3.4.jar:?]
	at org.apache.hadoop.ipc.RPC$Server.call(RPC.java:1093) [hadoop-common-3.3.4.jar:?]
	at org.apache.hadoop.ipc.Server$RpcCall.run(Server.java:1043) [hadoop-common-3.3.4.jar:?]
	at org.apache.hadoop.ipc.Server$RpcCall.run(Server.java:971) [hadoop-common-3.3.4.jar:?]
	at java.security.AccessController.doPrivileged(Native Method) ~[?:1.8.0_352]
	at javax.security.auth.Subject.doAs(Subject.java:422) [?:1.8.0_352]
	at org.apache.hadoop.security.UserGroupInformation.doAs(UserGroupInformation.java:1878) [hadoop-common-3.3.4.jar:?]
	at org.apache.hadoop.ipc.Server$Handler.run(Server.java:2976) [hadoop-common-3.3.4.jar:?]
2023-01-03 10:09:11,478 [Time-limited test] WARN  ozone.BasicOzoneFileSystem (BasicOzoneFileSystem.java:delete(551)) - delete: Path does not exist: /testBatchDelete/parent
]]></system-out>
  </testcase>
  <testcase name="testListStatusIteratorOnPageSize" classname="TestOzoneFileSystem" time="24.822">
    <system-out><![CDATA[2023-01-03 10:06:29,331 [EventQueue-CommandQueueReportForCommandQueueReportHandler] WARN  events.EventQueue (EventQueue.java:fireEvent(216)) - No event handler registered for event TypedEvent{payloadType=DatanodeDetails, name='Datanode_Command_Queue_Updated'}
2023-01-03 10:06:29,347 [EventQueue-CommandQueueReportForCommandQueueReportHandler] WARN  events.EventQueue (EventQueue.java:fireEvent(216)) - No event handler registered for event TypedEvent{payloadType=DatanodeDetails, name='Datanode_Command_Queue_Updated'}
2023-01-03 10:06:29,358 [EventQueue-CommandQueueReportForCommandQueueReportHandler] WARN  events.EventQueue (EventQueue.java:fireEvent(216)) - No event handler registered for event TypedEvent{payloadType=DatanodeDetails, name='Datanode_Command_Queue_Updated'}
2023-01-03 10:06:29,398 [EventQueue-CommandQueueReportForCommandQueueReportHandler] WARN  events.EventQueue (EventQueue.java:fireEvent(216)) - No event handler registered for event TypedEvent{payloadType=DatanodeDetails, name='Datanode_Command_Queue_Updated'}
2023-01-03 10:06:29,543 [1e90a81f-431a-478a-9b2e-dbda4ffaca44@group-108C4B708AA8-FollowerState] INFO  impl.FollowerState (FollowerState.java:run(143)) - 1e90a81f-431a-478a-9b2e-dbda4ffaca44@group-108C4B708AA8-FollowerState: change to CANDIDATE, lastRpcElapsedTime:5062257267ns, electionTimeout:5058ms
2023-01-03 10:06:29,543 [1e90a81f-431a-478a-9b2e-dbda4ffaca44@group-108C4B708AA8-FollowerState] INFO  impl.RoleInfo (RoleInfo.java:shutdownFollowerState(110)) - 1e90a81f-431a-478a-9b2e-dbda4ffaca44: shutdown 1e90a81f-431a-478a-9b2e-dbda4ffaca44@group-108C4B708AA8-FollowerState
2023-01-03 10:06:29,544 [1e90a81f-431a-478a-9b2e-dbda4ffaca44@group-108C4B708AA8-FollowerState] INFO  server.RaftServer$Division (RaftServerImpl.java:setRole(321)) - 1e90a81f-431a-478a-9b2e-dbda4ffaca44@group-108C4B708AA8: changes role from  FOLLOWER to CANDIDATE at term 2 for changeToCandidate
2023-01-03 10:06:29,544 [1e90a81f-431a-478a-9b2e-dbda4ffaca44@group-108C4B708AA8-FollowerState] INFO  server.RaftServerConfigKeys (ConfUtils.java:logGet(46)) - raft.server.leaderelection.pre-vote = false (custom)
2023-01-03 10:06:29,544 [1e90a81f-431a-478a-9b2e-dbda4ffaca44@group-108C4B708AA8-FollowerState] INFO  impl.RoleInfo (RoleInfo.java:updateAndGet(139)) - 1e90a81f-431a-478a-9b2e-dbda4ffaca44: start 1e90a81f-431a-478a-9b2e-dbda4ffaca44@group-108C4B708AA8-LeaderElection12
2023-01-03 10:06:29,548 [EventQueue-CommandQueueReportForCommandQueueReportHandler] WARN  events.EventQueue (EventQueue.java:fireEvent(216)) - No event handler registered for event TypedEvent{payloadType=DatanodeDetails, name='Datanode_Command_Queue_Updated'}
2023-01-03 10:06:29,553 [1e90a81f-431a-478a-9b2e-dbda4ffaca44@group-108C4B708AA8-LeaderElection12] INFO  impl.LeaderElection (LeaderElection.java:askForVotes(312)) - 1e90a81f-431a-478a-9b2e-dbda4ffaca44@group-108C4B708AA8-LeaderElection12 ELECTION round 0: submit vote requests at term 3 for -1: peers:[e60c2466-e581-4a2a-a391-12b730c6e057|rpc:10.1.0.13:43713|dataStream:10.1.0.13:34563|priority:0|startupRole:FOLLOWER, 1e90a81f-431a-478a-9b2e-dbda4ffaca44|rpc:10.1.0.13:44185|dataStream:10.1.0.13:44723|priority:1|startupRole:FOLLOWER, f16244a9-e060-48f3-8727-dfe3ed85a294|rpc:10.1.0.13:45615|dataStream:10.1.0.13:38733|priority:0|startupRole:FOLLOWER]|listeners:[], old=null
2023-01-03 10:06:29,565 [1e90a81f-431a-478a-9b2e-dbda4ffaca44@group-108C4B708AA8-LeaderElection12] INFO  server.RaftServerConfigKeys (ConfUtils.java:logFallback(53)) - raft.server.rpc.first-election.timeout.min = 5s (fallback to raft.server.rpc.timeout.min)
2023-01-03 10:06:29,565 [1e90a81f-431a-478a-9b2e-dbda4ffaca44@group-108C4B708AA8-LeaderElection12] INFO  server.RaftServerConfigKeys (ConfUtils.java:logFallback(53)) - raft.server.rpc.first-election.timeout.max = 5200ms (fallback to raft.server.rpc.timeout.max)
2023-01-03 10:06:29,575 [grpc-default-executor-3] INFO  server.RaftServer$Division (RaftServerImpl.java:requestVote(1218)) - e60c2466-e581-4a2a-a391-12b730c6e057@group-108C4B708AA8: receive requestVote(ELECTION, 1e90a81f-431a-478a-9b2e-dbda4ffaca44, group-108C4B708AA8, 3, (t:0, i:0))
2023-01-03 10:06:29,576 [grpc-default-executor-3] INFO  impl.VoteContext (VoteContext.java:log(49)) - e60c2466-e581-4a2a-a391-12b730c6e057@group-108C4B708AA8-FOLLOWER: accept ELECTION from 1e90a81f-431a-478a-9b2e-dbda4ffaca44: our priority 0 <= candidate's priority 1
2023-01-03 10:06:29,576 [grpc-default-executor-3] INFO  server.RaftServer$Division (RaftServerImpl.java:setRole(321)) - e60c2466-e581-4a2a-a391-12b730c6e057@group-108C4B708AA8: changes role from  FOLLOWER to FOLLOWER at term 3 for candidate:1e90a81f-431a-478a-9b2e-dbda4ffaca44
2023-01-03 10:06:29,576 [grpc-default-executor-3] INFO  impl.RoleInfo (RoleInfo.java:shutdownFollowerState(110)) - e60c2466-e581-4a2a-a391-12b730c6e057: shutdown e60c2466-e581-4a2a-a391-12b730c6e057@group-108C4B708AA8-FollowerState
2023-01-03 10:06:29,576 [grpc-default-executor-3] INFO  impl.RoleInfo (RoleInfo.java:updateAndGet(139)) - e60c2466-e581-4a2a-a391-12b730c6e057: start e60c2466-e581-4a2a-a391-12b730c6e057@group-108C4B708AA8-FollowerState
2023-01-03 10:06:29,577 [e60c2466-e581-4a2a-a391-12b730c6e057@group-108C4B708AA8-FollowerState] INFO  impl.FollowerState (FollowerState.java:run(152)) - e60c2466-e581-4a2a-a391-12b730c6e057@group-108C4B708AA8-FollowerState was interrupted
2023-01-03 10:06:29,577 [e60c2466-e581-4a2a-a391-12b730c6e057@group-108C4B708AA8-FollowerState] INFO  server.RaftServerConfigKeys (ConfUtils.java:logFallback(53)) - raft.server.rpc.first-election.timeout.min = 5s (fallback to raft.server.rpc.timeout.min)
2023-01-03 10:06:29,577 [e60c2466-e581-4a2a-a391-12b730c6e057@group-108C4B708AA8-FollowerState] INFO  server.RaftServerConfigKeys (ConfUtils.java:logFallback(53)) - raft.server.rpc.first-election.timeout.max = 5200ms (fallback to raft.server.rpc.timeout.max)
2023-01-03 10:06:29,578 [grpc-default-executor-3] INFO  server.RaftServer$Division (RaftServerImpl.java:requestVote(1251)) - e60c2466-e581-4a2a-a391-12b730c6e057@group-108C4B708AA8 replies to ELECTION vote request: 1e90a81f-431a-478a-9b2e-dbda4ffaca44<-e60c2466-e581-4a2a-a391-12b730c6e057#0:OK-t3. Peer's state: e60c2466-e581-4a2a-a391-12b730c6e057@group-108C4B708AA8:t3, leader=null, voted=1e90a81f-431a-478a-9b2e-dbda4ffaca44, raftlog=Memoized:e60c2466-e581-4a2a-a391-12b730c6e057@group-108C4B708AA8-SegmentedRaftLog:OPENED:c-1, conf=-1: peers:[e60c2466-e581-4a2a-a391-12b730c6e057|rpc:10.1.0.13:43713|dataStream:10.1.0.13:34563|priority:0|startupRole:FOLLOWER, 1e90a81f-431a-478a-9b2e-dbda4ffaca44|rpc:10.1.0.13:44185|dataStream:10.1.0.13:44723|priority:1|startupRole:FOLLOWER, f16244a9-e060-48f3-8727-dfe3ed85a294|rpc:10.1.0.13:45615|dataStream:10.1.0.13:38733|priority:0|startupRole:FOLLOWER]|listeners:[], old=null
2023-01-03 10:06:29,579 [f16244a9-e060-48f3-8727-dfe3ed85a294@group-108C4B708AA8-FollowerState] INFO  impl.FollowerState (FollowerState.java:run(143)) - f16244a9-e060-48f3-8727-dfe3ed85a294@group-108C4B708AA8-FollowerState: change to CANDIDATE, lastRpcElapsedTime:5105205600ns, electionTimeout:5101ms
2023-01-03 10:06:29,579 [f16244a9-e060-48f3-8727-dfe3ed85a294@group-108C4B708AA8-FollowerState] INFO  impl.RoleInfo (RoleInfo.java:shutdownFollowerState(110)) - f16244a9-e060-48f3-8727-dfe3ed85a294: shutdown f16244a9-e060-48f3-8727-dfe3ed85a294@group-108C4B708AA8-FollowerState
2023-01-03 10:06:29,579 [f16244a9-e060-48f3-8727-dfe3ed85a294@group-108C4B708AA8-FollowerState] INFO  server.RaftServer$Division (RaftServerImpl.java:setRole(321)) - f16244a9-e060-48f3-8727-dfe3ed85a294@group-108C4B708AA8: changes role from  FOLLOWER to CANDIDATE at term 2 for changeToCandidate
2023-01-03 10:06:29,579 [f16244a9-e060-48f3-8727-dfe3ed85a294@group-108C4B708AA8-FollowerState] INFO  server.RaftServerConfigKeys (ConfUtils.java:logGet(46)) - raft.server.leaderelection.pre-vote = false (custom)
2023-01-03 10:06:29,579 [f16244a9-e060-48f3-8727-dfe3ed85a294@group-108C4B708AA8-FollowerState] INFO  impl.RoleInfo (RoleInfo.java:updateAndGet(139)) - f16244a9-e060-48f3-8727-dfe3ed85a294: start f16244a9-e060-48f3-8727-dfe3ed85a294@group-108C4B708AA8-LeaderElection13
2023-01-03 10:06:29,598 [grpc-default-executor-1] INFO  server.RaftServer$Division (RaftServerImpl.java:requestVote(1218)) - f16244a9-e060-48f3-8727-dfe3ed85a294@group-108C4B708AA8: receive requestVote(ELECTION, 1e90a81f-431a-478a-9b2e-dbda4ffaca44, group-108C4B708AA8, 3, (t:0, i:0))
2023-01-03 10:06:29,598 [grpc-default-executor-1] INFO  impl.VoteContext (VoteContext.java:log(49)) - f16244a9-e060-48f3-8727-dfe3ed85a294@group-108C4B708AA8-CANDIDATE: accept ELECTION from 1e90a81f-431a-478a-9b2e-dbda4ffaca44: our priority 0 <= candidate's priority 1
2023-01-03 10:06:29,598 [grpc-default-executor-1] INFO  server.RaftServer$Division (RaftServerImpl.java:setRole(321)) - f16244a9-e060-48f3-8727-dfe3ed85a294@group-108C4B708AA8: changes role from CANDIDATE to FOLLOWER at term 3 for candidate:1e90a81f-431a-478a-9b2e-dbda4ffaca44
2023-01-03 10:06:29,598 [grpc-default-executor-1] INFO  impl.RoleInfo (RoleInfo.java:shutdownLeaderElection(130)) - f16244a9-e060-48f3-8727-dfe3ed85a294: shutdown f16244a9-e060-48f3-8727-dfe3ed85a294@group-108C4B708AA8-LeaderElection13
2023-01-03 10:06:29,598 [grpc-default-executor-1] INFO  impl.RoleInfo (RoleInfo.java:updateAndGet(139)) - f16244a9-e060-48f3-8727-dfe3ed85a294: start f16244a9-e060-48f3-8727-dfe3ed85a294@group-108C4B708AA8-FollowerState
2023-01-03 10:06:29,599 [f16244a9-e060-48f3-8727-dfe3ed85a294@group-108C4B708AA8-FollowerState] INFO  server.RaftServerConfigKeys (ConfUtils.java:logFallback(53)) - raft.server.rpc.first-election.timeout.min = 5s (fallback to raft.server.rpc.timeout.min)
2023-01-03 10:06:29,600 [grpc-default-executor-1] INFO  server.RaftServer$Division (RaftServerImpl.java:requestVote(1251)) - f16244a9-e060-48f3-8727-dfe3ed85a294@group-108C4B708AA8 replies to ELECTION vote request: 1e90a81f-431a-478a-9b2e-dbda4ffaca44<-f16244a9-e060-48f3-8727-dfe3ed85a294#0:OK-t3. Peer's state: f16244a9-e060-48f3-8727-dfe3ed85a294@group-108C4B708AA8:t3, leader=null, voted=1e90a81f-431a-478a-9b2e-dbda4ffaca44, raftlog=Memoized:f16244a9-e060-48f3-8727-dfe3ed85a294@group-108C4B708AA8-SegmentedRaftLog:OPENED:c-1, conf=-1: peers:[e60c2466-e581-4a2a-a391-12b730c6e057|rpc:10.1.0.13:43713|dataStream:10.1.0.13:34563|priority:0|startupRole:FOLLOWER, 1e90a81f-431a-478a-9b2e-dbda4ffaca44|rpc:10.1.0.13:44185|dataStream:10.1.0.13:44723|priority:1|startupRole:FOLLOWER, f16244a9-e060-48f3-8727-dfe3ed85a294|rpc:10.1.0.13:45615|dataStream:10.1.0.13:38733|priority:0|startupRole:FOLLOWER]|listeners:[], old=null
2023-01-03 10:06:29,601 [f16244a9-e060-48f3-8727-dfe3ed85a294@group-108C4B708AA8-LeaderElection13] INFO  impl.LeaderElection (LeaderElection.java:run(233)) - f16244a9-e060-48f3-8727-dfe3ed85a294@group-108C4B708AA8-LeaderElection13: skip running since this is already CLOSING
2023-01-03 10:06:29,603 [1e90a81f-431a-478a-9b2e-dbda4ffaca44@group-108C4B708AA8-LeaderElection12] INFO  impl.LeaderElection (LeaderElection.java:logAndReturn(90)) - 1e90a81f-431a-478a-9b2e-dbda4ffaca44@group-108C4B708AA8-LeaderElection12: ELECTION PASSED received 1 response(s) and 0 exception(s):
2023-01-03 10:06:29,603 [1e90a81f-431a-478a-9b2e-dbda4ffaca44@group-108C4B708AA8-LeaderElection12] INFO  impl.LeaderElection (LeaderElection.java:logAndReturn(94)) -   Response 0: 1e90a81f-431a-478a-9b2e-dbda4ffaca44<-e60c2466-e581-4a2a-a391-12b730c6e057#0:OK-t3
2023-01-03 10:06:29,603 [1e90a81f-431a-478a-9b2e-dbda4ffaca44@group-108C4B708AA8-LeaderElection12] INFO  impl.LeaderElection (LeaderElection.java:askForVotes(314)) - 1e90a81f-431a-478a-9b2e-dbda4ffaca44@group-108C4B708AA8-LeaderElection12 ELECTION round 0: result PASSED
2023-01-03 10:06:29,603 [1e90a81f-431a-478a-9b2e-dbda4ffaca44@group-108C4B708AA8-LeaderElection12] INFO  impl.RoleInfo (RoleInfo.java:shutdownLeaderElection(130)) - 1e90a81f-431a-478a-9b2e-dbda4ffaca44: shutdown 1e90a81f-431a-478a-9b2e-dbda4ffaca44@group-108C4B708AA8-LeaderElection12
2023-01-03 10:06:29,603 [1e90a81f-431a-478a-9b2e-dbda4ffaca44@group-108C4B708AA8-LeaderElection12] INFO  server.RaftServer$Division (RaftServerImpl.java:setRole(321)) - 1e90a81f-431a-478a-9b2e-dbda4ffaca44@group-108C4B708AA8: changes role from CANDIDATE to LEADER at term 3 for changeToLeader
2023-01-03 10:06:29,603 [1e90a81f-431a-478a-9b2e-dbda4ffaca44@group-108C4B708AA8-LeaderElection12] INFO  ratis.XceiverServerRatis (XceiverServerRatis.java:handleLeaderChangedNotification(904)) - Leader change notification received for group: group-108C4B708AA8 with new leaderId: 1e90a81f-431a-478a-9b2e-dbda4ffaca44
2023-01-03 10:06:29,604 [1e90a81f-431a-478a-9b2e-dbda4ffaca44@group-108C4B708AA8-LeaderElection12] INFO  server.RaftServer$Division (ServerState.java:setLeader(313)) - 1e90a81f-431a-478a-9b2e-dbda4ffaca44@group-108C4B708AA8: change Leader from null to 1e90a81f-431a-478a-9b2e-dbda4ffaca44 at term 3 for becomeLeader, leader elected after 15116ms
2023-01-03 10:06:29,604 [1e90a81f-431a-478a-9b2e-dbda4ffaca44@group-108C4B708AA8-LeaderElection12] INFO  server.RaftServerConfigKeys (ConfUtils.java:logGet(46)) - raft.server.staging.catchup.gap = 1000 (default)
2023-01-03 10:06:29,604 [1e90a81f-431a-478a-9b2e-dbda4ffaca44@group-108C4B708AA8-LeaderElection12] INFO  server.RaftServerConfigKeys (ConfUtils.java:logGet(46)) - raft.server.write.element-limit = 1024 (custom)
2023-01-03 10:06:29,604 [1e90a81f-431a-478a-9b2e-dbda4ffaca44@group-108C4B708AA8-LeaderElection12] INFO  server.RaftServerConfigKeys (ConfUtils.java:logGet(46)) - raft.server.write.byte-limit = 1024 M (=1073741824) (custom)
2023-01-03 10:06:29,604 [1e90a81f-431a-478a-9b2e-dbda4ffaca44@group-108C4B708AA8-LeaderElection12] INFO  server.RaftServerConfigKeys (ConfUtils.java:logGet(46)) - raft.server.watch.timeout = 180s (custom)
2023-01-03 10:06:29,604 [1e90a81f-431a-478a-9b2e-dbda4ffaca44@group-108C4B708AA8-LeaderElection12] INFO  server.RaftServerConfigKeys (ConfUtils.java:logGet(46)) - raft.server.watch.timeout.denomination = 1s (default)
2023-01-03 10:06:29,604 [1e90a81f-431a-478a-9b2e-dbda4ffaca44@group-108C4B708AA8-LeaderElection12] INFO  server.RaftServerConfigKeys (ConfUtils.java:logGet(46)) - raft.server.watch.element-limit = 65536 (default)
2023-01-03 10:06:29,604 [1e90a81f-431a-478a-9b2e-dbda4ffaca44@group-108C4B708AA8-LeaderElection12] INFO  server.RaftServerConfigKeys (ConfUtils.java:logGet(46)) - raft.server.write.element-limit = 1024 (custom)
2023-01-03 10:06:29,604 [1e90a81f-431a-478a-9b2e-dbda4ffaca44@group-108C4B708AA8-LeaderElection12] INFO  server.RaftServerConfigKeys (ConfUtils.java:logGet(46)) - raft.server.write.follower.gap.ratio.max = -1.0 (default)
2023-01-03 10:06:29,605 [EventQueue-CommandQueueReportForCommandQueueReportHandler] WARN  events.EventQueue (EventQueue.java:fireEvent(216)) - No event handler registered for event TypedEvent{payloadType=DatanodeDetails, name='Datanode_Command_Queue_Updated'}
2023-01-03 10:06:29,605 [1e90a81f-431a-478a-9b2e-dbda4ffaca44@group-108C4B708AA8-LeaderElection12] INFO  server.RaftServerConfigKeys (ConfUtils.java:logGet(46)) - raft.server.log.appender.snapshot.chunk.size.max = 16MB (=16777216) (default)
2023-01-03 10:06:29,605 [1e90a81f-431a-478a-9b2e-dbda4ffaca44@group-108C4B708AA8-LeaderElection12] INFO  server.RaftServerConfigKeys (ConfUtils.java:logGet(46)) - raft.server.log.appender.buffer.byte-limit = 33554432 (custom)
2023-01-03 10:06:29,605 [1e90a81f-431a-478a-9b2e-dbda4ffaca44@group-108C4B708AA8-LeaderElection12] INFO  server.RaftServerConfigKeys (ConfUtils.java:logGet(46)) - raft.server.log.appender.buffer.element-limit = 1 (custom)
2023-01-03 10:06:29,605 [EventQueue-PipelineReportForPipelineReportHandler] INFO  pipeline.PipelineManagerImpl (PipelineManagerImpl.java:openPipeline(367)) - Pipeline Pipeline[ Id: ec118c1c-3abc-4c50-81b9-108c4b708aa8, Nodes: 1e90a81f-431a-478a-9b2e-dbda4ffaca44{ip: 10.1.0.13, host: fv-az292-374.tqgtyn10aqxuxoi0mkfbldi5vh.jx.internal.cloudapp.net, ports: [REPLICATION=36629, RATIS=44185, RATIS_ADMIN=44185, RATIS_SERVER=44185, RATIS_DATASTREAM=44723, STANDALONE=41267], networkLocation: /default-rack, certSerialId: null, persistedOpState: IN_SERVICE, persistedOpStateExpiryEpochSec: 0}f16244a9-e060-48f3-8727-dfe3ed85a294{ip: 10.1.0.13, host: fv-az292-374.tqgtyn10aqxuxoi0mkfbldi5vh.jx.internal.cloudapp.net, ports: [REPLICATION=42295, RATIS=45615, RATIS_ADMIN=45615, RATIS_SERVER=45615, RATIS_DATASTREAM=38733, STANDALONE=41669], networkLocation: /default-rack, certSerialId: null, persistedOpState: IN_SERVICE, persistedOpStateExpiryEpochSec: 0}e60c2466-e581-4a2a-a391-12b730c6e057{ip: 10.1.0.13, host: fv-az292-374.tqgtyn10aqxuxoi0mkfbldi5vh.jx.internal.cloudapp.net, ports: [REPLICATION=43413, RATIS=43713, RATIS_ADMIN=43713, RATIS_SERVER=43713, RATIS_DATASTREAM=34563, STANDALONE=44941], networkLocation: /default-rack, certSerialId: null, persistedOpState: IN_SERVICE, persistedOpStateExpiryEpochSec: 0}, ReplicationConfig: RATIS/THREE, State:ALLOCATED, leaderId:1e90a81f-431a-478a-9b2e-dbda4ffaca44, CreationTimestamp2023-01-03T10:06:11.838Z[Etc/UTC]] moved to OPEN state
2023-01-03 10:06:29,605 [1e90a81f-431a-478a-9b2e-dbda4ffaca44@group-108C4B708AA8-LeaderElection12] INFO  grpc.GrpcConfigKeys (ConfUtils.java:logGet(46)) - raft.grpc.server.leader.outstanding.appends.max = 128 (default)
2023-01-03 10:06:29,607 [1e90a81f-431a-478a-9b2e-dbda4ffaca44@group-108C4B708AA8-LeaderElection12] INFO  server.RaftServerConfigKeys (ConfUtils.java:logGet(46)) - raft.server.rpc.request.timeout = 60s (custom)
2023-01-03 10:06:29,607 [1e90a81f-431a-478a-9b2e-dbda4ffaca44@group-108C4B708AA8-LeaderElection12] INFO  server.RaftServerConfigKeys (ConfUtils.java:logGet(46)) - raft.server.log.appender.install.snapshot.enabled = false (custom)
2023-01-03 10:06:29,607 [1e90a81f-431a-478a-9b2e-dbda4ffaca44@group-108C4B708AA8-LeaderElection12] INFO  grpc.GrpcConfigKeys (ConfUtils.java:logGet(46)) - raft.grpc.server.heartbeat.channel = true (default)
2023-01-03 10:06:29,607 [1e90a81f-431a-478a-9b2e-dbda4ffaca44@group-108C4B708AA8-LeaderElection12] INFO  server.RaftServerConfigKeys (ConfUtils.java:logGet(46)) - raft.server.log.appender.wait-time.min = 10ms (default)
2023-01-03 10:06:29,608 [1e90a81f-431a-478a-9b2e-dbda4ffaca44@group-108C4B708AA8-LeaderElection12] INFO  server.RaftServerConfigKeys (ConfUtils.java:logGet(46)) - raft.server.log.appender.snapshot.chunk.size.max = 16MB (=16777216) (default)
2023-01-03 10:06:29,608 [1e90a81f-431a-478a-9b2e-dbda4ffaca44@group-108C4B708AA8-LeaderElection12] INFO  server.RaftServerConfigKeys (ConfUtils.java:logGet(46)) - raft.server.log.appender.buffer.byte-limit = 33554432 (custom)
2023-01-03 10:06:29,608 [1e90a81f-431a-478a-9b2e-dbda4ffaca44@group-108C4B708AA8-LeaderElection12] INFO  server.RaftServerConfigKeys (ConfUtils.java:logGet(46)) - raft.server.log.appender.buffer.element-limit = 1 (custom)
2023-01-03 10:06:29,608 [1e90a81f-431a-478a-9b2e-dbda4ffaca44@group-108C4B708AA8-LeaderElection12] INFO  grpc.GrpcConfigKeys (ConfUtils.java:logGet(46)) - raft.grpc.server.leader.outstanding.appends.max = 128 (default)
2023-01-03 10:06:29,608 [1e90a81f-431a-478a-9b2e-dbda4ffaca44@group-108C4B708AA8-LeaderElection12] INFO  server.RaftServerConfigKeys (ConfUtils.java:logGet(46)) - raft.server.rpc.request.timeout = 60s (custom)
2023-01-03 10:06:29,608 [1e90a81f-431a-478a-9b2e-dbda4ffaca44@group-108C4B708AA8-LeaderElection12] INFO  server.RaftServerConfigKeys (ConfUtils.java:logGet(46)) - raft.server.log.appender.install.snapshot.enabled = false (custom)
2023-01-03 10:06:29,608 [1e90a81f-431a-478a-9b2e-dbda4ffaca44@group-108C4B708AA8-LeaderElection12] INFO  grpc.GrpcConfigKeys (ConfUtils.java:logGet(46)) - raft.grpc.server.heartbeat.channel = true (default)
2023-01-03 10:06:29,608 [1e90a81f-431a-478a-9b2e-dbda4ffaca44@group-108C4B708AA8-LeaderElection12] INFO  server.RaftServerConfigKeys (ConfUtils.java:logGet(46)) - raft.server.log.appender.wait-time.min = 10ms (default)
2023-01-03 10:06:29,609 [1e90a81f-431a-478a-9b2e-dbda4ffaca44@group-108C4B708AA8-LeaderElection12] INFO  impl.RoleInfo (RoleInfo.java:updateAndGet(139)) - 1e90a81f-431a-478a-9b2e-dbda4ffaca44: start 1e90a81f-431a-478a-9b2e-dbda4ffaca44@group-108C4B708AA8-LeaderStateImpl
2023-01-03 10:06:29,609 [1e90a81f-431a-478a-9b2e-dbda4ffaca44@group-108C4B708AA8-LeaderElection12] INFO  segmented.SegmentedRaftLogWorker (SegmentedRaftLogWorker.java:startLogSegment(452)) - 1e90a81f-431a-478a-9b2e-dbda4ffaca44@group-108C4B708AA8-SegmentedRaftLogWorker: Starting segment from index:0
2023-01-03 10:06:29,610 [f16244a9-e060-48f3-8727-dfe3ed85a294@group-108C4B708AA8-FollowerState] INFO  server.RaftServerConfigKeys (ConfUtils.java:logFallback(53)) - raft.server.rpc.first-election.timeout.max = 5200ms (fallback to raft.server.rpc.timeout.max)
2023-01-03 10:06:29,611 [1e90a81f-431a-478a-9b2e-dbda4ffaca44@group-108C4B708AA8-SegmentedRaftLogWorker] INFO  segmented.SegmentedRaftLogWorker (SegmentedRaftLogWorker.java:execute(656)) - 1e90a81f-431a-478a-9b2e-dbda4ffaca44@group-108C4B708AA8-SegmentedRaftLogWorker: created new log segment /home/runner/work/ozone/ozone/hadoop-ozone/integration-test/target/test-dir/MiniOzoneClusterImpl-70d28db6-796b-4d31-8f04-926db9b5570a/datanode-1/data/ratis/ec118c1c-3abc-4c50-81b9-108c4b708aa8/current/log_inprogress_0
2023-01-03 10:06:29,617 [1e90a81f-431a-478a-9b2e-dbda4ffaca44@group-108C4B708AA8-LeaderElection12] INFO  server.RaftServer$Division (ServerState.java:setRaftConf(430)) - 1e90a81f-431a-478a-9b2e-dbda4ffaca44@group-108C4B708AA8: set configuration 0: peers:[e60c2466-e581-4a2a-a391-12b730c6e057|rpc:10.1.0.13:43713|dataStream:10.1.0.13:34563|priority:0|startupRole:FOLLOWER, 1e90a81f-431a-478a-9b2e-dbda4ffaca44|rpc:10.1.0.13:44185|dataStream:10.1.0.13:44723|priority:1|startupRole:FOLLOWER, f16244a9-e060-48f3-8727-dfe3ed85a294|rpc:10.1.0.13:45615|dataStream:10.1.0.13:38733|priority:0|startupRole:FOLLOWER]|listeners:[], old=null
2023-01-03 10:06:29,683 [f16244a9-e060-48f3-8727-dfe3ed85a294-server-thread1] INFO  ratis.XceiverServerRatis (XceiverServerRatis.java:handleLeaderChangedNotification(904)) - Leader change notification received for group: group-108C4B708AA8 with new leaderId: 1e90a81f-431a-478a-9b2e-dbda4ffaca44
2023-01-03 10:06:29,683 [f16244a9-e060-48f3-8727-dfe3ed85a294-server-thread1] INFO  server.RaftServer$Division (ServerState.java:setLeader(313)) - f16244a9-e060-48f3-8727-dfe3ed85a294@group-108C4B708AA8: change Leader from null to 1e90a81f-431a-478a-9b2e-dbda4ffaca44 at term 3 for appendEntries, leader elected after 15125ms
2023-01-03 10:06:29,689 [e60c2466-e581-4a2a-a391-12b730c6e057-server-thread1] INFO  ratis.XceiverServerRatis (XceiverServerRatis.java:handleLeaderChangedNotification(904)) - Leader change notification received for group: group-108C4B708AA8 with new leaderId: 1e90a81f-431a-478a-9b2e-dbda4ffaca44
2023-01-03 10:06:29,690 [e60c2466-e581-4a2a-a391-12b730c6e057-server-thread1] INFO  server.RaftServer$Division (ServerState.java:setLeader(313)) - e60c2466-e581-4a2a-a391-12b730c6e057@group-108C4B708AA8: change Leader from null to 1e90a81f-431a-478a-9b2e-dbda4ffaca44 at term 3 for appendEntries, leader elected after 15680ms
2023-01-03 10:06:29,701 [e60c2466-e581-4a2a-a391-12b730c6e057-server-thread1] INFO  server.RaftServer$Division (ServerState.java:setRaftConf(430)) - e60c2466-e581-4a2a-a391-12b730c6e057@group-108C4B708AA8: set configuration 0: peers:[e60c2466-e581-4a2a-a391-12b730c6e057|rpc:10.1.0.13:43713|dataStream:10.1.0.13:34563|priority:0|startupRole:FOLLOWER, 1e90a81f-431a-478a-9b2e-dbda4ffaca44|rpc:10.1.0.13:44185|dataStream:10.1.0.13:44723|priority:1|startupRole:FOLLOWER, f16244a9-e060-48f3-8727-dfe3ed85a294|rpc:10.1.0.13:45615|dataStream:10.1.0.13:38733|priority:0|startupRole:FOLLOWER]|listeners:[], old=null
2023-01-03 10:06:29,701 [e60c2466-e581-4a2a-a391-12b730c6e057-server-thread1] INFO  segmented.SegmentedRaftLogWorker (SegmentedRaftLogWorker.java:startLogSegment(452)) - e60c2466-e581-4a2a-a391-12b730c6e057@group-108C4B708AA8-SegmentedRaftLogWorker: Starting segment from index:0
2023-01-03 10:06:29,703 [e60c2466-e581-4a2a-a391-12b730c6e057@group-108C4B708AA8-SegmentedRaftLogWorker] INFO  segmented.SegmentedRaftLogWorker (SegmentedRaftLogWorker.java:execute(656)) - e60c2466-e581-4a2a-a391-12b730c6e057@group-108C4B708AA8-SegmentedRaftLogWorker: created new log segment /home/runner/work/ozone/ozone/hadoop-ozone/integration-test/target/test-dir/MiniOzoneClusterImpl-70d28db6-796b-4d31-8f04-926db9b5570a/datanode-0/data/ratis/ec118c1c-3abc-4c50-81b9-108c4b708aa8/current/log_inprogress_0
2023-01-03 10:06:29,715 [f16244a9-e060-48f3-8727-dfe3ed85a294-server-thread3] INFO  server.RaftServer$Division (ServerState.java:setRaftConf(430)) - f16244a9-e060-48f3-8727-dfe3ed85a294@group-108C4B708AA8: set configuration 0: peers:[e60c2466-e581-4a2a-a391-12b730c6e057|rpc:10.1.0.13:43713|dataStream:10.1.0.13:34563|priority:0|startupRole:FOLLOWER, 1e90a81f-431a-478a-9b2e-dbda4ffaca44|rpc:10.1.0.13:44185|dataStream:10.1.0.13:44723|priority:1|startupRole:FOLLOWER, f16244a9-e060-48f3-8727-dfe3ed85a294|rpc:10.1.0.13:45615|dataStream:10.1.0.13:38733|priority:0|startupRole:FOLLOWER]|listeners:[], old=null
2023-01-03 10:06:29,715 [f16244a9-e060-48f3-8727-dfe3ed85a294-server-thread3] INFO  segmented.SegmentedRaftLogWorker (SegmentedRaftLogWorker.java:startLogSegment(452)) - f16244a9-e060-48f3-8727-dfe3ed85a294@group-108C4B708AA8-SegmentedRaftLogWorker: Starting segment from index:0
2023-01-03 10:06:29,716 [f16244a9-e060-48f3-8727-dfe3ed85a294@group-108C4B708AA8-SegmentedRaftLogWorker] INFO  segmented.SegmentedRaftLogWorker (SegmentedRaftLogWorker.java:execute(656)) - f16244a9-e060-48f3-8727-dfe3ed85a294@group-108C4B708AA8-SegmentedRaftLogWorker: created new log segment /home/runner/work/ozone/ozone/hadoop-ozone/integration-test/target/test-dir/MiniOzoneClusterImpl-70d28db6-796b-4d31-8f04-926db9b5570a/datanode-2/data/ratis/ec118c1c-3abc-4c50-81b9-108c4b708aa8/current/log_inprogress_0
2023-01-03 10:06:30,332 [EventQueue-CommandQueueReportForCommandQueueReportHandler] WARN  events.EventQueue (EventQueue.java:fireEvent(216)) - No event handler registered for event TypedEvent{payloadType=DatanodeDetails, name='Datanode_Command_Queue_Updated'}
2023-01-03 10:06:30,350 [EventQueue-CommandQueueReportForCommandQueueReportHandler] WARN  events.EventQueue (EventQueue.java:fireEvent(216)) - No event handler registered for event TypedEvent{payloadType=DatanodeDetails, name='Datanode_Command_Queue_Updated'}
2023-01-03 10:06:30,357 [EventQueue-CommandQueueReportForCommandQueueReportHandler] WARN  events.EventQueue (EventQueue.java:fireEvent(216)) - No event handler registered for event TypedEvent{payloadType=DatanodeDetails, name='Datanode_Command_Queue_Updated'}
2023-01-03 10:06:30,548 [EventQueue-CommandQueueReportForCommandQueueReportHandler] WARN  events.EventQueue (EventQueue.java:fireEvent(216)) - No event handler registered for event TypedEvent{payloadType=DatanodeDetails, name='Datanode_Command_Queue_Updated'}
2023-01-03 10:06:30,606 [EventQueue-CommandQueueReportForCommandQueueReportHandler] WARN  events.EventQueue (EventQueue.java:fireEvent(216)) - No event handler registered for event TypedEvent{payloadType=DatanodeDetails, name='Datanode_Command_Queue_Updated'}
2023-01-03 10:06:31,332 [EventQueue-CommandQueueReportForCommandQueueReportHandler] WARN  events.EventQueue (EventQueue.java:fireEvent(216)) - No event handler registered for event TypedEvent{payloadType=DatanodeDetails, name='Datanode_Command_Queue_Updated'}
2023-01-03 10:06:31,350 [EventQueue-CommandQueueReportForCommandQueueReportHandler] WARN  events.EventQueue (EventQueue.java:fireEvent(216)) - No event handler registered for event TypedEvent{payloadType=DatanodeDetails, name='Datanode_Command_Queue_Updated'}
2023-01-03 10:06:31,357 [EventQueue-CommandQueueReportForCommandQueueReportHandler] WARN  events.EventQueue (EventQueue.java:fireEvent(216)) - No event handler registered for event TypedEvent{payloadType=DatanodeDetails, name='Datanode_Command_Queue_Updated'}
2023-01-03 10:06:31,547 [EventQueue-CommandQueueReportForCommandQueueReportHandler] WARN  events.EventQueue (EventQueue.java:fireEvent(216)) - No event handler registered for event TypedEvent{payloadType=DatanodeDetails, name='Datanode_Command_Queue_Updated'}
2023-01-03 10:06:31,604 [EventQueue-CommandQueueReportForCommandQueueReportHandler] WARN  events.EventQueue (EventQueue.java:fireEvent(216)) - No event handler registered for event TypedEvent{payloadType=DatanodeDetails, name='Datanode_Command_Queue_Updated'}
2023-01-03 10:06:32,206 [Under Replicated Processor] INFO  replication.UnhealthyReplicationProcessor (UnhealthyReplicationProcessor.java:processAll(103)) - Processed 0 containers with health state counts {},failed processing 0
2023-01-03 10:06:32,220 [Over Replicated Processor] INFO  replication.UnhealthyReplicationProcessor (UnhealthyReplicationProcessor.java:processAll(103)) - Processed 0 containers with health state counts {},failed processing 0
2023-01-03 10:06:32,333 [EventQueue-CommandQueueReportForCommandQueueReportHandler] WARN  events.EventQueue (EventQueue.java:fireEvent(216)) - No event handler registered for event TypedEvent{payloadType=DatanodeDetails, name='Datanode_Command_Queue_Updated'}
2023-01-03 10:06:32,350 [EventQueue-CommandQueueReportForCommandQueueReportHandler] WARN  events.EventQueue (EventQueue.java:fireEvent(216)) - No event handler registered for event TypedEvent{payloadType=DatanodeDetails, name='Datanode_Command_Queue_Updated'}
2023-01-03 10:06:32,357 [EventQueue-CommandQueueReportForCommandQueueReportHandler] WARN  events.EventQueue (EventQueue.java:fireEvent(216)) - No event handler registered for event TypedEvent{payloadType=DatanodeDetails, name='Datanode_Command_Queue_Updated'}
2023-01-03 10:06:32,548 [EventQueue-CommandQueueReportForCommandQueueReportHandler] WARN  events.EventQueue (EventQueue.java:fireEvent(216)) - No event handler registered for event TypedEvent{payloadType=DatanodeDetails, name='Datanode_Command_Queue_Updated'}
2023-01-03 10:06:32,605 [EventQueue-CommandQueueReportForCommandQueueReportHandler] WARN  events.EventQueue (EventQueue.java:fireEvent(216)) - No event handler registered for event TypedEvent{payloadType=DatanodeDetails, name='Datanode_Command_Queue_Updated'}
2023-01-03 10:06:33,333 [EventQueue-CommandQueueReportForCommandQueueReportHandler] WARN  events.EventQueue (EventQueue.java:fireEvent(216)) - No event handler registered for event TypedEvent{payloadType=DatanodeDetails, name='Datanode_Command_Queue_Updated'}
2023-01-03 10:06:33,351 [EventQueue-CommandQueueReportForCommandQueueReportHandler] WARN  events.EventQueue (EventQueue.java:fireEvent(216)) - No event handler registered for event TypedEvent{payloadType=DatanodeDetails, name='Datanode_Command_Queue_Updated'}
2023-01-03 10:06:33,357 [EventQueue-CommandQueueReportForCommandQueueReportHandler] WARN  events.EventQueue (EventQueue.java:fireEvent(216)) - No event handler registered for event TypedEvent{payloadType=DatanodeDetails, name='Datanode_Command_Queue_Updated'}
2023-01-03 10:06:33,549 [EventQueue-CommandQueueReportForCommandQueueReportHandler] WARN  events.EventQueue (EventQueue.java:fireEvent(216)) - No event handler registered for event TypedEvent{payloadType=DatanodeDetails, name='Datanode_Command_Queue_Updated'}
2023-01-03 10:06:33,605 [EventQueue-CommandQueueReportForCommandQueueReportHandler] WARN  events.EventQueue (EventQueue.java:fireEvent(216)) - No event handler registered for event TypedEvent{payloadType=DatanodeDetails, name='Datanode_Command_Queue_Updated'}
2023-01-03 10:06:34,332 [EventQueue-CommandQueueReportForCommandQueueReportHandler] WARN  events.EventQueue (EventQueue.java:fireEvent(216)) - No event handler registered for event TypedEvent{payloadType=DatanodeDetails, name='Datanode_Command_Queue_Updated'}
2023-01-03 10:06:34,353 [EventQueue-CommandQueueReportForCommandQueueReportHandler] WARN  events.EventQueue (EventQueue.java:fireEvent(216)) - No event handler registered for event TypedEvent{payloadType=DatanodeDetails, name='Datanode_Command_Queue_Updated'}
2023-01-03 10:06:34,360 [EventQueue-CommandQueueReportForCommandQueueReportHandler] WARN  events.EventQueue (EventQueue.java:fireEvent(216)) - No event handler registered for event TypedEvent{payloadType=DatanodeDetails, name='Datanode_Command_Queue_Updated'}
2023-01-03 10:06:34,549 [EventQueue-CommandQueueReportForCommandQueueReportHandler] WARN  events.EventQueue (EventQueue.java:fireEvent(216)) - No event handler registered for event TypedEvent{payloadType=DatanodeDetails, name='Datanode_Command_Queue_Updated'}
2023-01-03 10:06:34,605 [EventQueue-CommandQueueReportForCommandQueueReportHandler] WARN  events.EventQueue (EventQueue.java:fireEvent(216)) - No event handler registered for event TypedEvent{payloadType=DatanodeDetails, name='Datanode_Command_Queue_Updated'}
2023-01-03 10:06:35,332 [EventQueue-CommandQueueReportForCommandQueueReportHandler] WARN  events.EventQueue (EventQueue.java:fireEvent(216)) - No event handler registered for event TypedEvent{payloadType=DatanodeDetails, name='Datanode_Command_Queue_Updated'}
2023-01-03 10:06:35,352 [EventQueue-CommandQueueReportForCommandQueueReportHandler] WARN  events.EventQueue (EventQueue.java:fireEvent(216)) - No event handler registered for event TypedEvent{payloadType=DatanodeDetails, name='Datanode_Command_Queue_Updated'}
2023-01-03 10:06:35,360 [EventQueue-CommandQueueReportForCommandQueueReportHandler] WARN  events.EventQueue (EventQueue.java:fireEvent(216)) - No event handler registered for event TypedEvent{payloadType=DatanodeDetails, name='Datanode_Command_Queue_Updated'}
2023-01-03 10:06:35,550 [EventQueue-CommandQueueReportForCommandQueueReportHandler] WARN  events.EventQueue (EventQueue.java:fireEvent(216)) - No event handler registered for event TypedEvent{payloadType=DatanodeDetails, name='Datanode_Command_Queue_Updated'}
2023-01-03 10:06:35,605 [EventQueue-CommandQueueReportForCommandQueueReportHandler] WARN  events.EventQueue (EventQueue.java:fireEvent(216)) - No event handler registered for event TypedEvent{payloadType=DatanodeDetails, name='Datanode_Command_Queue_Updated'}
2023-01-03 10:06:36,332 [EventQueue-CommandQueueReportForCommandQueueReportHandler] WARN  events.EventQueue (EventQueue.java:fireEvent(216)) - No event handler registered for event TypedEvent{payloadType=DatanodeDetails, name='Datanode_Command_Queue_Updated'}
2023-01-03 10:06:36,352 [EventQueue-CommandQueueReportForCommandQueueReportHandler] WARN  events.EventQueue (EventQueue.java:fireEvent(216)) - No event handler registered for event TypedEvent{payloadType=DatanodeDetails, name='Datanode_Command_Queue_Updated'}
2023-01-03 10:06:36,359 [EventQueue-CommandQueueReportForCommandQueueReportHandler] WARN  events.EventQueue (EventQueue.java:fireEvent(216)) - No event handler registered for event TypedEvent{payloadType=DatanodeDetails, name='Datanode_Command_Queue_Updated'}
2023-01-03 10:06:36,548 [EventQueue-CommandQueueReportForCommandQueueReportHandler] WARN  events.EventQueue (EventQueue.java:fireEvent(216)) - No event handler registered for event TypedEvent{payloadType=DatanodeDetails, name='Datanode_Command_Queue_Updated'}
2023-01-03 10:06:36,605 [EventQueue-CommandQueueReportForCommandQueueReportHandler] WARN  events.EventQueue (EventQueue.java:fireEvent(216)) - No event handler registered for event TypedEvent{payloadType=DatanodeDetails, name='Datanode_Command_Queue_Updated'}
2023-01-03 10:06:37,333 [EventQueue-CommandQueueReportForCommandQueueReportHandler] WARN  events.EventQueue (EventQueue.java:fireEvent(216)) - No event handler registered for event TypedEvent{payloadType=DatanodeDetails, name='Datanode_Command_Queue_Updated'}
2023-01-03 10:06:37,352 [EventQueue-CommandQueueReportForCommandQueueReportHandler] WARN  events.EventQueue (EventQueue.java:fireEvent(216)) - No event handler registered for event TypedEvent{payloadType=DatanodeDetails, name='Datanode_Command_Queue_Updated'}
2023-01-03 10:06:37,360 [EventQueue-CommandQueueReportForCommandQueueReportHandler] WARN  events.EventQueue (EventQueue.java:fireEvent(216)) - No event handler registered for event TypedEvent{payloadType=DatanodeDetails, name='Datanode_Command_Queue_Updated'}
2023-01-03 10:06:37,549 [EventQueue-CommandQueueReportForCommandQueueReportHandler] WARN  events.EventQueue (EventQueue.java:fireEvent(216)) - No event handler registered for event TypedEvent{payloadType=DatanodeDetails, name='Datanode_Command_Queue_Updated'}
2023-01-03 10:06:37,607 [EventQueue-CommandQueueReportForCommandQueueReportHandler] WARN  events.EventQueue (EventQueue.java:fireEvent(216)) - No event handler registered for event TypedEvent{payloadType=DatanodeDetails, name='Datanode_Command_Queue_Updated'}
2023-01-03 10:06:38,333 [EventQueue-CommandQueueReportForCommandQueueReportHandler] WARN  events.EventQueue (EventQueue.java:fireEvent(216)) - No event handler registered for event TypedEvent{payloadType=DatanodeDetails, name='Datanode_Command_Queue_Updated'}
2023-01-03 10:06:38,354 [EventQueue-CommandQueueReportForCommandQueueReportHandler] WARN  events.EventQueue (EventQueue.java:fireEvent(216)) - No event handler registered for event TypedEvent{payloadType=DatanodeDetails, name='Datanode_Command_Queue_Updated'}
2023-01-03 10:06:38,361 [EventQueue-CommandQueueReportForCommandQueueReportHandler] WARN  events.EventQueue (EventQueue.java:fireEvent(216)) - No event handler registered for event TypedEvent{payloadType=DatanodeDetails, name='Datanode_Command_Queue_Updated'}
2023-01-03 10:06:38,548 [EventQueue-CommandQueueReportForCommandQueueReportHandler] WARN  events.EventQueue (EventQueue.java:fireEvent(216)) - No event handler registered for event TypedEvent{payloadType=DatanodeDetails, name='Datanode_Command_Queue_Updated'}
2023-01-03 10:06:38,609 [EventQueue-CommandQueueReportForCommandQueueReportHandler] WARN  events.EventQueue (EventQueue.java:fireEvent(216)) - No event handler registered for event TypedEvent{payloadType=DatanodeDetails, name='Datanode_Command_Queue_Updated'}
2023-01-03 10:06:39,332 [EventQueue-CommandQueueReportForCommandQueueReportHandler] WARN  events.EventQueue (EventQueue.java:fireEvent(216)) - No event handler registered for event TypedEvent{payloadType=DatanodeDetails, name='Datanode_Command_Queue_Updated'}
2023-01-03 10:06:39,354 [EventQueue-CommandQueueReportForCommandQueueReportHandler] WARN  events.EventQueue (EventQueue.java:fireEvent(216)) - No event handler registered for event TypedEvent{payloadType=DatanodeDetails, name='Datanode_Command_Queue_Updated'}
2023-01-03 10:06:39,365 [EventQueue-CommandQueueReportForCommandQueueReportHandler] WARN  events.EventQueue (EventQueue.java:fireEvent(216)) - No event handler registered for event TypedEvent{payloadType=DatanodeDetails, name='Datanode_Command_Queue_Updated'}
2023-01-03 10:06:39,548 [EventQueue-CommandQueueReportForCommandQueueReportHandler] WARN  events.EventQueue (EventQueue.java:fireEvent(216)) - No event handler registered for event TypedEvent{payloadType=DatanodeDetails, name='Datanode_Command_Queue_Updated'}
2023-01-03 10:06:39,607 [EventQueue-CommandQueueReportForCommandQueueReportHandler] WARN  events.EventQueue (EventQueue.java:fireEvent(216)) - No event handler registered for event TypedEvent{payloadType=DatanodeDetails, name='Datanode_Command_Queue_Updated'}
2023-01-03 10:06:40,334 [EventQueue-CommandQueueReportForCommandQueueReportHandler] WARN  events.EventQueue (EventQueue.java:fireEvent(216)) - No event handler registered for event TypedEvent{payloadType=DatanodeDetails, name='Datanode_Command_Queue_Updated'}
2023-01-03 10:06:40,361 [EventQueue-CommandQueueReportForCommandQueueReportHandler] WARN  events.EventQueue (EventQueue.java:fireEvent(216)) - No event handler registered for event TypedEvent{payloadType=DatanodeDetails, name='Datanode_Command_Queue_Updated'}
2023-01-03 10:06:40,362 [EventQueue-CommandQueueReportForCommandQueueReportHandler] WARN  events.EventQueue (EventQueue.java:fireEvent(216)) - No event handler registered for event TypedEvent{payloadType=DatanodeDetails, name='Datanode_Command_Queue_Updated'}
2023-01-03 10:06:40,549 [EventQueue-CommandQueueReportForCommandQueueReportHandler] WARN  events.EventQueue (EventQueue.java:fireEvent(216)) - No event handler registered for event TypedEvent{payloadType=DatanodeDetails, name='Datanode_Command_Queue_Updated'}
2023-01-03 10:06:40,606 [EventQueue-CommandQueueReportForCommandQueueReportHandler] WARN  events.EventQueue (EventQueue.java:fireEvent(216)) - No event handler registered for event TypedEvent{payloadType=DatanodeDetails, name='Datanode_Command_Queue_Updated'}
2023-01-03 10:06:41,333 [EventQueue-CommandQueueReportForCommandQueueReportHandler] WARN  events.EventQueue (EventQueue.java:fireEvent(216)) - No event handler registered for event TypedEvent{payloadType=DatanodeDetails, name='Datanode_Command_Queue_Updated'}
2023-01-03 10:06:41,358 [EventQueue-CommandQueueReportForCommandQueueReportHandler] WARN  events.EventQueue (EventQueue.java:fireEvent(216)) - No event handler registered for event TypedEvent{payloadType=DatanodeDetails, name='Datanode_Command_Queue_Updated'}
2023-01-03 10:06:41,362 [EventQueue-CommandQueueReportForCommandQueueReportHandler] WARN  events.EventQueue (EventQueue.java:fireEvent(216)) - No event handler registered for event TypedEvent{payloadType=DatanodeDetails, name='Datanode_Command_Queue_Updated'}
2023-01-03 10:06:41,550 [EventQueue-CommandQueueReportForCommandQueueReportHandler] WARN  events.EventQueue (EventQueue.java:fireEvent(216)) - No event handler registered for event TypedEvent{payloadType=DatanodeDetails, name='Datanode_Command_Queue_Updated'}
2023-01-03 10:06:41,606 [EventQueue-CommandQueueReportForCommandQueueReportHandler] WARN  events.EventQueue (EventQueue.java:fireEvent(216)) - No event handler registered for event TypedEvent{payloadType=DatanodeDetails, name='Datanode_Command_Queue_Updated'}
2023-01-03 10:06:42,333 [EventQueue-CommandQueueReportForCommandQueueReportHandler] WARN  events.EventQueue (EventQueue.java:fireEvent(216)) - No event handler registered for event TypedEvent{payloadType=DatanodeDetails, name='Datanode_Command_Queue_Updated'}
2023-01-03 10:06:42,358 [EventQueue-CommandQueueReportForCommandQueueReportHandler] WARN  events.EventQueue (EventQueue.java:fireEvent(216)) - No event handler registered for event TypedEvent{payloadType=DatanodeDetails, name='Datanode_Command_Queue_Updated'}
2023-01-03 10:06:42,366 [EventQueue-CommandQueueReportForCommandQueueReportHandler] WARN  events.EventQueue (EventQueue.java:fireEvent(216)) - No event handler registered for event TypedEvent{payloadType=DatanodeDetails, name='Datanode_Command_Queue_Updated'}
2023-01-03 10:06:42,549 [EventQueue-CommandQueueReportForCommandQueueReportHandler] WARN  events.EventQueue (EventQueue.java:fireEvent(216)) - No event handler registered for event TypedEvent{payloadType=DatanodeDetails, name='Datanode_Command_Queue_Updated'}
2023-01-03 10:06:42,606 [EventQueue-CommandQueueReportForCommandQueueReportHandler] WARN  events.EventQueue (EventQueue.java:fireEvent(216)) - No event handler registered for event TypedEvent{payloadType=DatanodeDetails, name='Datanode_Command_Queue_Updated'}
2023-01-03 10:06:43,333 [EventQueue-CommandQueueReportForCommandQueueReportHandler] WARN  events.EventQueue (EventQueue.java:fireEvent(216)) - No event handler registered for event TypedEvent{payloadType=DatanodeDetails, name='Datanode_Command_Queue_Updated'}
2023-01-03 10:06:43,358 [EventQueue-CommandQueueReportForCommandQueueReportHandler] WARN  events.EventQueue (EventQueue.java:fireEvent(216)) - No event handler registered for event TypedEvent{payloadType=DatanodeDetails, name='Datanode_Command_Queue_Updated'}
2023-01-03 10:06:43,366 [EventQueue-CommandQueueReportForCommandQueueReportHandler] WARN  events.EventQueue (EventQueue.java:fireEvent(216)) - No event handler registered for event TypedEvent{payloadType=DatanodeDetails, name='Datanode_Command_Queue_Updated'}
2023-01-03 10:06:43,549 [EventQueue-CommandQueueReportForCommandQueueReportHandler] WARN  events.EventQueue (EventQueue.java:fireEvent(216)) - No event handler registered for event TypedEvent{payloadType=DatanodeDetails, name='Datanode_Command_Queue_Updated'}
2023-01-03 10:06:43,609 [EventQueue-CommandQueueReportForCommandQueueReportHandler] WARN  events.EventQueue (EventQueue.java:fireEvent(216)) - No event handler registered for event TypedEvent{payloadType=DatanodeDetails, name='Datanode_Command_Queue_Updated'}
2023-01-03 10:06:44,333 [EventQueue-CommandQueueReportForCommandQueueReportHandler] WARN  events.EventQueue (EventQueue.java:fireEvent(216)) - No event handler registered for event TypedEvent{payloadType=DatanodeDetails, name='Datanode_Command_Queue_Updated'}
2023-01-03 10:06:44,359 [EventQueue-CommandQueueReportForCommandQueueReportHandler] WARN  events.EventQueue (EventQueue.java:fireEvent(216)) - No event handler registered for event TypedEvent{payloadType=DatanodeDetails, name='Datanode_Command_Queue_Updated'}
2023-01-03 10:06:44,366 [EventQueue-CommandQueueReportForCommandQueueReportHandler] WARN  events.EventQueue (EventQueue.java:fireEvent(216)) - No event handler registered for event TypedEvent{payloadType=DatanodeDetails, name='Datanode_Command_Queue_Updated'}
2023-01-03 10:06:44,550 [EventQueue-CommandQueueReportForCommandQueueReportHandler] WARN  events.EventQueue (EventQueue.java:fireEvent(216)) - No event handler registered for event TypedEvent{payloadType=DatanodeDetails, name='Datanode_Command_Queue_Updated'}
2023-01-03 10:06:44,609 [EventQueue-CommandQueueReportForCommandQueueReportHandler] WARN  events.EventQueue (EventQueue.java:fireEvent(216)) - No event handler registered for event TypedEvent{payloadType=DatanodeDetails, name='Datanode_Command_Queue_Updated'}
2023-01-03 10:06:45,333 [EventQueue-CommandQueueReportForCommandQueueReportHandler] WARN  events.EventQueue (EventQueue.java:fireEvent(216)) - No event handler registered for event TypedEvent{payloadType=DatanodeDetails, name='Datanode_Command_Queue_Updated'}
2023-01-03 10:06:45,358 [EventQueue-CommandQueueReportForCommandQueueReportHandler] WARN  events.EventQueue (EventQueue.java:fireEvent(216)) - No event handler registered for event TypedEvent{payloadType=DatanodeDetails, name='Datanode_Command_Queue_Updated'}
2023-01-03 10:06:45,366 [EventQueue-CommandQueueReportForCommandQueueReportHandler] WARN  events.EventQueue (EventQueue.java:fireEvent(216)) - No event handler registered for event TypedEvent{payloadType=DatanodeDetails, name='Datanode_Command_Queue_Updated'}
2023-01-03 10:06:45,549 [EventQueue-CommandQueueReportForCommandQueueReportHandler] WARN  events.EventQueue (EventQueue.java:fireEvent(216)) - No event handler registered for event TypedEvent{payloadType=DatanodeDetails, name='Datanode_Command_Queue_Updated'}
2023-01-03 10:06:45,608 [EventQueue-CommandQueueReportForCommandQueueReportHandler] WARN  events.EventQueue (EventQueue.java:fireEvent(216)) - No event handler registered for event TypedEvent{payloadType=DatanodeDetails, name='Datanode_Command_Queue_Updated'}
2023-01-03 10:06:46,333 [EventQueue-CommandQueueReportForCommandQueueReportHandler] WARN  events.EventQueue (EventQueue.java:fireEvent(216)) - No event handler registered for event TypedEvent{payloadType=DatanodeDetails, name='Datanode_Command_Queue_Updated'}
2023-01-03 10:06:46,358 [EventQueue-CommandQueueReportForCommandQueueReportHandler] WARN  events.EventQueue (EventQueue.java:fireEvent(216)) - No event handler registered for event TypedEvent{payloadType=DatanodeDetails, name='Datanode_Command_Queue_Updated'}
2023-01-03 10:06:46,368 [EventQueue-CommandQueueReportForCommandQueueReportHandler] WARN  events.EventQueue (EventQueue.java:fireEvent(216)) - No event handler registered for event TypedEvent{payloadType=DatanodeDetails, name='Datanode_Command_Queue_Updated'}
2023-01-03 10:06:46,550 [EventQueue-CommandQueueReportForCommandQueueReportHandler] WARN  events.EventQueue (EventQueue.java:fireEvent(216)) - No event handler registered for event TypedEvent{payloadType=DatanodeDetails, name='Datanode_Command_Queue_Updated'}
2023-01-03 10:06:46,609 [EventQueue-CommandQueueReportForCommandQueueReportHandler] WARN  events.EventQueue (EventQueue.java:fireEvent(216)) - No event handler registered for event TypedEvent{payloadType=DatanodeDetails, name='Datanode_Command_Queue_Updated'}
2023-01-03 10:06:47,334 [EventQueue-CommandQueueReportForCommandQueueReportHandler] WARN  events.EventQueue (EventQueue.java:fireEvent(216)) - No event handler registered for event TypedEvent{payloadType=DatanodeDetails, name='Datanode_Command_Queue_Updated'}
2023-01-03 10:06:47,358 [EventQueue-CommandQueueReportForCommandQueueReportHandler] WARN  events.EventQueue (EventQueue.java:fireEvent(216)) - No event handler registered for event TypedEvent{payloadType=DatanodeDetails, name='Datanode_Command_Queue_Updated'}
2023-01-03 10:06:47,366 [EventQueue-CommandQueueReportForCommandQueueReportHandler] WARN  events.EventQueue (EventQueue.java:fireEvent(216)) - No event handler registered for event TypedEvent{payloadType=DatanodeDetails, name='Datanode_Command_Queue_Updated'}
2023-01-03 10:06:47,549 [EventQueue-CommandQueueReportForCommandQueueReportHandler] WARN  events.EventQueue (EventQueue.java:fireEvent(216)) - No event handler registered for event TypedEvent{payloadType=DatanodeDetails, name='Datanode_Command_Queue_Updated'}
2023-01-03 10:06:47,614 [EventQueue-CommandQueueReportForCommandQueueReportHandler] WARN  events.EventQueue (EventQueue.java:fireEvent(216)) - No event handler registered for event TypedEvent{payloadType=DatanodeDetails, name='Datanode_Command_Queue_Updated'}
2023-01-03 10:06:48,333 [EventQueue-CommandQueueReportForCommandQueueReportHandler] WARN  events.EventQueue (EventQueue.java:fireEvent(216)) - No event handler registered for event TypedEvent{payloadType=DatanodeDetails, name='Datanode_Command_Queue_Updated'}
2023-01-03 10:06:48,358 [EventQueue-CommandQueueReportForCommandQueueReportHandler] WARN  events.EventQueue (EventQueue.java:fireEvent(216)) - No event handler registered for event TypedEvent{payloadType=DatanodeDetails, name='Datanode_Command_Queue_Updated'}
2023-01-03 10:06:48,369 [EventQueue-CommandQueueReportForCommandQueueReportHandler] WARN  events.EventQueue (EventQueue.java:fireEvent(216)) - No event handler registered for event TypedEvent{payloadType=DatanodeDetails, name='Datanode_Command_Queue_Updated'}
2023-01-03 10:06:48,549 [EventQueue-CommandQueueReportForCommandQueueReportHandler] WARN  events.EventQueue (EventQueue.java:fireEvent(216)) - No event handler registered for event TypedEvent{payloadType=DatanodeDetails, name='Datanode_Command_Queue_Updated'}
2023-01-03 10:06:48,613 [EventQueue-CommandQueueReportForCommandQueueReportHandler] WARN  events.EventQueue (EventQueue.java:fireEvent(216)) - No event handler registered for event TypedEvent{payloadType=DatanodeDetails, name='Datanode_Command_Queue_Updated'}
2023-01-03 10:06:49,335 [EventQueue-CommandQueueReportForCommandQueueReportHandler] WARN  events.EventQueue (EventQueue.java:fireEvent(216)) - No event handler registered for event TypedEvent{payloadType=DatanodeDetails, name='Datanode_Command_Queue_Updated'}
2023-01-03 10:06:49,358 [EventQueue-CommandQueueReportForCommandQueueReportHandler] WARN  events.EventQueue (EventQueue.java:fireEvent(216)) - No event handler registered for event TypedEvent{payloadType=DatanodeDetails, name='Datanode_Command_Queue_Updated'}
2023-01-03 10:06:49,367 [EventQueue-CommandQueueReportForCommandQueueReportHandler] WARN  events.EventQueue (EventQueue.java:fireEvent(216)) - No event handler registered for event TypedEvent{payloadType=DatanodeDetails, name='Datanode_Command_Queue_Updated'}
2023-01-03 10:06:49,549 [EventQueue-CommandQueueReportForCommandQueueReportHandler] WARN  events.EventQueue (EventQueue.java:fireEvent(216)) - No event handler registered for event TypedEvent{payloadType=DatanodeDetails, name='Datanode_Command_Queue_Updated'}
2023-01-03 10:06:49,613 [EventQueue-CommandQueueReportForCommandQueueReportHandler] WARN  events.EventQueue (EventQueue.java:fireEvent(216)) - No event handler registered for event TypedEvent{payloadType=DatanodeDetails, name='Datanode_Command_Queue_Updated'}
2023-01-03 10:06:50,332 [EventQueue-CommandQueueReportForCommandQueueReportHandler] WARN  events.EventQueue (EventQueue.java:fireEvent(216)) - No event handler registered for event TypedEvent{payloadType=DatanodeDetails, name='Datanode_Command_Queue_Updated'}
2023-01-03 10:06:50,358 [EventQueue-CommandQueueReportForCommandQueueReportHandler] WARN  events.EventQueue (EventQueue.java:fireEvent(216)) - No event handler registered for event TypedEvent{payloadType=DatanodeDetails, name='Datanode_Command_Queue_Updated'}
2023-01-03 10:06:50,369 [EventQueue-CommandQueueReportForCommandQueueReportHandler] WARN  events.EventQueue (EventQueue.java:fireEvent(216)) - No event handler registered for event TypedEvent{payloadType=DatanodeDetails, name='Datanode_Command_Queue_Updated'}
2023-01-03 10:06:50,549 [EventQueue-CommandQueueReportForCommandQueueReportHandler] WARN  events.EventQueue (EventQueue.java:fireEvent(216)) - No event handler registered for event TypedEvent{payloadType=DatanodeDetails, name='Datanode_Command_Queue_Updated'}
2023-01-03 10:06:50,613 [EventQueue-CommandQueueReportForCommandQueueReportHandler] WARN  events.EventQueue (EventQueue.java:fireEvent(216)) - No event handler registered for event TypedEvent{payloadType=DatanodeDetails, name='Datanode_Command_Queue_Updated'}
2023-01-03 10:06:51,333 [EventQueue-CommandQueueReportForCommandQueueReportHandler] WARN  events.EventQueue (EventQueue.java:fireEvent(216)) - No event handler registered for event TypedEvent{payloadType=DatanodeDetails, name='Datanode_Command_Queue_Updated'}
2023-01-03 10:06:51,358 [EventQueue-CommandQueueReportForCommandQueueReportHandler] WARN  events.EventQueue (EventQueue.java:fireEvent(216)) - No event handler registered for event TypedEvent{payloadType=DatanodeDetails, name='Datanode_Command_Queue_Updated'}
2023-01-03 10:06:51,369 [EventQueue-CommandQueueReportForCommandQueueReportHandler] WARN  events.EventQueue (EventQueue.java:fireEvent(216)) - No event handler registered for event TypedEvent{payloadType=DatanodeDetails, name='Datanode_Command_Queue_Updated'}
2023-01-03 10:06:51,549 [EventQueue-CommandQueueReportForCommandQueueReportHandler] WARN  events.EventQueue (EventQueue.java:fireEvent(216)) - No event handler registered for event TypedEvent{payloadType=DatanodeDetails, name='Datanode_Command_Queue_Updated'}
2023-01-03 10:06:51,614 [EventQueue-CommandQueueReportForCommandQueueReportHandler] WARN  events.EventQueue (EventQueue.java:fireEvent(216)) - No event handler registered for event TypedEvent{payloadType=DatanodeDetails, name='Datanode_Command_Queue_Updated'}
2023-01-03 10:06:52,333 [EventQueue-CommandQueueReportForCommandQueueReportHandler] WARN  events.EventQueue (EventQueue.java:fireEvent(216)) - No event handler registered for event TypedEvent{payloadType=DatanodeDetails, name='Datanode_Command_Queue_Updated'}
2023-01-03 10:06:52,358 [EventQueue-CommandQueueReportForCommandQueueReportHandler] WARN  events.EventQueue (EventQueue.java:fireEvent(216)) - No event handler registered for event TypedEvent{payloadType=DatanodeDetails, name='Datanode_Command_Queue_Updated'}
2023-01-03 10:06:52,374 [EventQueue-CommandQueueReportForCommandQueueReportHandler] WARN  events.EventQueue (EventQueue.java:fireEvent(216)) - No event handler registered for event TypedEvent{payloadType=DatanodeDetails, name='Datanode_Command_Queue_Updated'}
2023-01-03 10:06:52,549 [EventQueue-CommandQueueReportForCommandQueueReportHandler] WARN  events.EventQueue (EventQueue.java:fireEvent(216)) - No event handler registered for event TypedEvent{payloadType=DatanodeDetails, name='Datanode_Command_Queue_Updated'}
2023-01-03 10:06:52,614 [EventQueue-CommandQueueReportForCommandQueueReportHandler] WARN  events.EventQueue (EventQueue.java:fireEvent(216)) - No event handler registered for event TypedEvent{payloadType=DatanodeDetails, name='Datanode_Command_Queue_Updated'}
2023-01-03 10:06:53,333 [EventQueue-CommandQueueReportForCommandQueueReportHandler] WARN  events.EventQueue (EventQueue.java:fireEvent(216)) - No event handler registered for event TypedEvent{payloadType=DatanodeDetails, name='Datanode_Command_Queue_Updated'}
2023-01-03 10:06:53,358 [EventQueue-CommandQueueReportForCommandQueueReportHandler] WARN  events.EventQueue (EventQueue.java:fireEvent(216)) - No event handler registered for event TypedEvent{payloadType=DatanodeDetails, name='Datanode_Command_Queue_Updated'}
2023-01-03 10:06:53,374 [EventQueue-CommandQueueReportForCommandQueueReportHandler] WARN  events.EventQueue (EventQueue.java:fireEvent(216)) - No event handler registered for event TypedEvent{payloadType=DatanodeDetails, name='Datanode_Command_Queue_Updated'}
2023-01-03 10:06:53,550 [EventQueue-CommandQueueReportForCommandQueueReportHandler] WARN  events.EventQueue (EventQueue.java:fireEvent(216)) - No event handler registered for event TypedEvent{payloadType=DatanodeDetails, name='Datanode_Command_Queue_Updated'}
2023-01-03 10:06:53,614 [EventQueue-CommandQueueReportForCommandQueueReportHandler] WARN  events.EventQueue (EventQueue.java:fireEvent(216)) - No event handler registered for event TypedEvent{payloadType=DatanodeDetails, name='Datanode_Command_Queue_Updated'}
]]></system-out>
  </testcase>
  <testcase name="testListStatusIteratorOnPageSize" classname="TestOzoneFileSystem" time="14.232">
    <system-out><![CDATA[2023-01-03 10:07:28,280 [EventQueue-CommandQueueReportForCommandQueueReportHandler] WARN  events.EventQueue (EventQueue.java:fireEvent(216)) - No event handler registered for event TypedEvent{payloadType=DatanodeDetails, name='Datanode_Command_Queue_Updated'}
2023-01-03 10:07:28,340 [EventQueue-CommandQueueReportForCommandQueueReportHandler] WARN  events.EventQueue (EventQueue.java:fireEvent(216)) - No event handler registered for event TypedEvent{payloadType=DatanodeDetails, name='Datanode_Command_Queue_Updated'}
2023-01-03 10:07:28,356 [EventQueue-CommandQueueReportForCommandQueueReportHandler] WARN  events.EventQueue (EventQueue.java:fireEvent(216)) - No event handler registered for event TypedEvent{payloadType=DatanodeDetails, name='Datanode_Command_Queue_Updated'}
2023-01-03 10:07:29,030 [EventQueue-CommandQueueReportForCommandQueueReportHandler] WARN  events.EventQueue (EventQueue.java:fireEvent(216)) - No event handler registered for event TypedEvent{payloadType=DatanodeDetails, name='Datanode_Command_Queue_Updated'}
2023-01-03 10:07:29,066 [EventQueue-CommandQueueReportForCommandQueueReportHandler] WARN  events.EventQueue (EventQueue.java:fireEvent(216)) - No event handler registered for event TypedEvent{payloadType=DatanodeDetails, name='Datanode_Command_Queue_Updated'}
2023-01-03 10:07:29,279 [EventQueue-CommandQueueReportForCommandQueueReportHandler] WARN  events.EventQueue (EventQueue.java:fireEvent(216)) - No event handler registered for event TypedEvent{payloadType=DatanodeDetails, name='Datanode_Command_Queue_Updated'}
2023-01-03 10:07:29,340 [EventQueue-CommandQueueReportForCommandQueueReportHandler] WARN  events.EventQueue (EventQueue.java:fireEvent(216)) - No event handler registered for event TypedEvent{payloadType=DatanodeDetails, name='Datanode_Command_Queue_Updated'}
2023-01-03 10:07:29,357 [EventQueue-CommandQueueReportForCommandQueueReportHandler] WARN  events.EventQueue (EventQueue.java:fireEvent(216)) - No event handler registered for event TypedEvent{payloadType=DatanodeDetails, name='Datanode_Command_Queue_Updated'}
2023-01-03 10:07:30,030 [EventQueue-CommandQueueReportForCommandQueueReportHandler] WARN  events.EventQueue (EventQueue.java:fireEvent(216)) - No event handler registered for event TypedEvent{payloadType=DatanodeDetails, name='Datanode_Command_Queue_Updated'}
2023-01-03 10:07:30,066 [EventQueue-CommandQueueReportForCommandQueueReportHandler] WARN  events.EventQueue (EventQueue.java:fireEvent(216)) - No event handler registered for event TypedEvent{payloadType=DatanodeDetails, name='Datanode_Command_Queue_Updated'}
2023-01-03 10:07:30,282 [EventQueue-CommandQueueReportForCommandQueueReportHandler] WARN  events.EventQueue (EventQueue.java:fireEvent(216)) - No event handler registered for event TypedEvent{payloadType=DatanodeDetails, name='Datanode_Command_Queue_Updated'}
2023-01-03 10:07:30,340 [EventQueue-CommandQueueReportForCommandQueueReportHandler] WARN  events.EventQueue (EventQueue.java:fireEvent(216)) - No event handler registered for event TypedEvent{payloadType=DatanodeDetails, name='Datanode_Command_Queue_Updated'}
2023-01-03 10:07:30,358 [EventQueue-CommandQueueReportForCommandQueueReportHandler] WARN  events.EventQueue (EventQueue.java:fireEvent(216)) - No event handler registered for event TypedEvent{payloadType=DatanodeDetails, name='Datanode_Command_Queue_Updated'}
2023-01-03 10:07:31,029 [EventQueue-CommandQueueReportForCommandQueueReportHandler] WARN  events.EventQueue (EventQueue.java:fireEvent(216)) - No event handler registered for event TypedEvent{payloadType=DatanodeDetails, name='Datanode_Command_Queue_Updated'}
2023-01-03 10:07:31,066 [EventQueue-CommandQueueReportForCommandQueueReportHandler] WARN  events.EventQueue (EventQueue.java:fireEvent(216)) - No event handler registered for event TypedEvent{payloadType=DatanodeDetails, name='Datanode_Command_Queue_Updated'}
2023-01-03 10:07:31,283 [EventQueue-CommandQueueReportForCommandQueueReportHandler] WARN  events.EventQueue (EventQueue.java:fireEvent(216)) - No event handler registered for event TypedEvent{payloadType=DatanodeDetails, name='Datanode_Command_Queue_Updated'}
2023-01-03 10:07:31,342 [EventQueue-CommandQueueReportForCommandQueueReportHandler] WARN  events.EventQueue (EventQueue.java:fireEvent(216)) - No event handler registered for event TypedEvent{payloadType=DatanodeDetails, name='Datanode_Command_Queue_Updated'}
2023-01-03 10:07:31,358 [EventQueue-CommandQueueReportForCommandQueueReportHandler] WARN  events.EventQueue (EventQueue.java:fireEvent(216)) - No event handler registered for event TypedEvent{payloadType=DatanodeDetails, name='Datanode_Command_Queue_Updated'}
2023-01-03 10:07:32,029 [EventQueue-CommandQueueReportForCommandQueueReportHandler] WARN  events.EventQueue (EventQueue.java:fireEvent(216)) - No event handler registered for event TypedEvent{payloadType=DatanodeDetails, name='Datanode_Command_Queue_Updated'}
2023-01-03 10:07:32,066 [EventQueue-CommandQueueReportForCommandQueueReportHandler] WARN  events.EventQueue (EventQueue.java:fireEvent(216)) - No event handler registered for event TypedEvent{payloadType=DatanodeDetails, name='Datanode_Command_Queue_Updated'}
2023-01-03 10:07:32,282 [EventQueue-CommandQueueReportForCommandQueueReportHandler] WARN  events.EventQueue (EventQueue.java:fireEvent(216)) - No event handler registered for event TypedEvent{payloadType=DatanodeDetails, name='Datanode_Command_Queue_Updated'}
2023-01-03 10:07:32,340 [EventQueue-CommandQueueReportForCommandQueueReportHandler] WARN  events.EventQueue (EventQueue.java:fireEvent(216)) - No event handler registered for event TypedEvent{payloadType=DatanodeDetails, name='Datanode_Command_Queue_Updated'}
2023-01-03 10:07:32,358 [EventQueue-CommandQueueReportForCommandQueueReportHandler] WARN  events.EventQueue (EventQueue.java:fireEvent(216)) - No event handler registered for event TypedEvent{payloadType=DatanodeDetails, name='Datanode_Command_Queue_Updated'}
2023-01-03 10:07:33,029 [EventQueue-CommandQueueReportForCommandQueueReportHandler] WARN  events.EventQueue (EventQueue.java:fireEvent(216)) - No event handler registered for event TypedEvent{payloadType=DatanodeDetails, name='Datanode_Command_Queue_Updated'}
2023-01-03 10:07:33,066 [EventQueue-CommandQueueReportForCommandQueueReportHandler] WARN  events.EventQueue (EventQueue.java:fireEvent(216)) - No event handler registered for event TypedEvent{payloadType=DatanodeDetails, name='Datanode_Command_Queue_Updated'}
2023-01-03 10:07:33,284 [EventQueue-CommandQueueReportForCommandQueueReportHandler] WARN  events.EventQueue (EventQueue.java:fireEvent(216)) - No event handler registered for event TypedEvent{payloadType=DatanodeDetails, name='Datanode_Command_Queue_Updated'}
2023-01-03 10:07:33,341 [EventQueue-CommandQueueReportForCommandQueueReportHandler] WARN  events.EventQueue (EventQueue.java:fireEvent(216)) - No event handler registered for event TypedEvent{payloadType=DatanodeDetails, name='Datanode_Command_Queue_Updated'}
2023-01-03 10:07:33,358 [EventQueue-CommandQueueReportForCommandQueueReportHandler] WARN  events.EventQueue (EventQueue.java:fireEvent(216)) - No event handler registered for event TypedEvent{payloadType=DatanodeDetails, name='Datanode_Command_Queue_Updated'}
2023-01-03 10:07:34,030 [EventQueue-CommandQueueReportForCommandQueueReportHandler] WARN  events.EventQueue (EventQueue.java:fireEvent(216)) - No event handler registered for event TypedEvent{payloadType=DatanodeDetails, name='Datanode_Command_Queue_Updated'}
2023-01-03 10:07:34,066 [EventQueue-CommandQueueReportForCommandQueueReportHandler] WARN  events.EventQueue (EventQueue.java:fireEvent(216)) - No event handler registered for event TypedEvent{payloadType=DatanodeDetails, name='Datanode_Command_Queue_Updated'}
2023-01-03 10:07:34,286 [EventQueue-CommandQueueReportForCommandQueueReportHandler] WARN  events.EventQueue (EventQueue.java:fireEvent(216)) - No event handler registered for event TypedEvent{payloadType=DatanodeDetails, name='Datanode_Command_Queue_Updated'}
2023-01-03 10:07:34,341 [EventQueue-CommandQueueReportForCommandQueueReportHandler] WARN  events.EventQueue (EventQueue.java:fireEvent(216)) - No event handler registered for event TypedEvent{payloadType=DatanodeDetails, name='Datanode_Command_Queue_Updated'}
2023-01-03 10:07:34,358 [EventQueue-CommandQueueReportForCommandQueueReportHandler] WARN  events.EventQueue (EventQueue.java:fireEvent(216)) - No event handler registered for event TypedEvent{payloadType=DatanodeDetails, name='Datanode_Command_Queue_Updated'}
2023-01-03 10:07:35,030 [EventQueue-CommandQueueReportForCommandQueueReportHandler] WARN  events.EventQueue (EventQueue.java:fireEvent(216)) - No event handler registered for event TypedEvent{payloadType=DatanodeDetails, name='Datanode_Command_Queue_Updated'}
2023-01-03 10:07:35,066 [EventQueue-CommandQueueReportForCommandQueueReportHandler] WARN  events.EventQueue (EventQueue.java:fireEvent(216)) - No event handler registered for event TypedEvent{payloadType=DatanodeDetails, name='Datanode_Command_Queue_Updated'}
2023-01-03 10:07:35,286 [EventQueue-CommandQueueReportForCommandQueueReportHandler] WARN  events.EventQueue (EventQueue.java:fireEvent(216)) - No event handler registered for event TypedEvent{payloadType=DatanodeDetails, name='Datanode_Command_Queue_Updated'}
2023-01-03 10:07:35,342 [EventQueue-CommandQueueReportForCommandQueueReportHandler] WARN  events.EventQueue (EventQueue.java:fireEvent(216)) - No event handler registered for event TypedEvent{payloadType=DatanodeDetails, name='Datanode_Command_Queue_Updated'}
2023-01-03 10:07:35,357 [EventQueue-CommandQueueReportForCommandQueueReportHandler] WARN  events.EventQueue (EventQueue.java:fireEvent(216)) - No event handler registered for event TypedEvent{payloadType=DatanodeDetails, name='Datanode_Command_Queue_Updated'}
2023-01-03 10:07:36,030 [EventQueue-CommandQueueReportForCommandQueueReportHandler] WARN  events.EventQueue (EventQueue.java:fireEvent(216)) - No event handler registered for event TypedEvent{payloadType=DatanodeDetails, name='Datanode_Command_Queue_Updated'}
2023-01-03 10:07:36,066 [EventQueue-CommandQueueReportForCommandQueueReportHandler] WARN  events.EventQueue (EventQueue.java:fireEvent(216)) - No event handler registered for event TypedEvent{payloadType=DatanodeDetails, name='Datanode_Command_Queue_Updated'}
2023-01-03 10:07:36,290 [EventQueue-CommandQueueReportForCommandQueueReportHandler] WARN  events.EventQueue (EventQueue.java:fireEvent(216)) - No event handler registered for event TypedEvent{payloadType=DatanodeDetails, name='Datanode_Command_Queue_Updated'}
2023-01-03 10:07:36,341 [EventQueue-CommandQueueReportForCommandQueueReportHandler] WARN  events.EventQueue (EventQueue.java:fireEvent(216)) - No event handler registered for event TypedEvent{payloadType=DatanodeDetails, name='Datanode_Command_Queue_Updated'}
2023-01-03 10:07:36,358 [EventQueue-CommandQueueReportForCommandQueueReportHandler] WARN  events.EventQueue (EventQueue.java:fireEvent(216)) - No event handler registered for event TypedEvent{payloadType=DatanodeDetails, name='Datanode_Command_Queue_Updated'}
2023-01-03 10:07:37,031 [EventQueue-CommandQueueReportForCommandQueueReportHandler] WARN  events.EventQueue (EventQueue.java:fireEvent(216)) - No event handler registered for event TypedEvent{payloadType=DatanodeDetails, name='Datanode_Command_Queue_Updated'}
2023-01-03 10:07:37,066 [EventQueue-CommandQueueReportForCommandQueueReportHandler] WARN  events.EventQueue (EventQueue.java:fireEvent(216)) - No event handler registered for event TypedEvent{payloadType=DatanodeDetails, name='Datanode_Command_Queue_Updated'}
2023-01-03 10:07:37,290 [EventQueue-CommandQueueReportForCommandQueueReportHandler] WARN  events.EventQueue (EventQueue.java:fireEvent(216)) - No event handler registered for event TypedEvent{payloadType=DatanodeDetails, name='Datanode_Command_Queue_Updated'}
2023-01-03 10:07:37,341 [EventQueue-CommandQueueReportForCommandQueueReportHandler] WARN  events.EventQueue (EventQueue.java:fireEvent(216)) - No event handler registered for event TypedEvent{payloadType=DatanodeDetails, name='Datanode_Command_Queue_Updated'}
2023-01-03 10:07:37,359 [EventQueue-CommandQueueReportForCommandQueueReportHandler] WARN  events.EventQueue (EventQueue.java:fireEvent(216)) - No event handler registered for event TypedEvent{payloadType=DatanodeDetails, name='Datanode_Command_Queue_Updated'}
2023-01-03 10:07:37,634 [Under Replicated Processor] INFO  replication.UnhealthyReplicationProcessor (UnhealthyReplicationProcessor.java:processAll(103)) - Processed 0 containers with health state counts {},failed processing 0
2023-01-03 10:07:37,639 [Over Replicated Processor] INFO  replication.UnhealthyReplicationProcessor (UnhealthyReplicationProcessor.java:processAll(103)) - Processed 0 containers with health state counts {},failed processing 0
2023-01-03 10:07:38,031 [EventQueue-CommandQueueReportForCommandQueueReportHandler] WARN  events.EventQueue (EventQueue.java:fireEvent(216)) - No event handler registered for event TypedEvent{payloadType=DatanodeDetails, name='Datanode_Command_Queue_Updated'}
2023-01-03 10:07:38,066 [EventQueue-CommandQueueReportForCommandQueueReportHandler] WARN  events.EventQueue (EventQueue.java:fireEvent(216)) - No event handler registered for event TypedEvent{payloadType=DatanodeDetails, name='Datanode_Command_Queue_Updated'}
2023-01-03 10:07:38,294 [EventQueue-CommandQueueReportForCommandQueueReportHandler] WARN  events.EventQueue (EventQueue.java:fireEvent(216)) - No event handler registered for event TypedEvent{payloadType=DatanodeDetails, name='Datanode_Command_Queue_Updated'}
2023-01-03 10:07:38,341 [EventQueue-CommandQueueReportForCommandQueueReportHandler] WARN  events.EventQueue (EventQueue.java:fireEvent(216)) - No event handler registered for event TypedEvent{payloadType=DatanodeDetails, name='Datanode_Command_Queue_Updated'}
2023-01-03 10:07:38,359 [EventQueue-CommandQueueReportForCommandQueueReportHandler] WARN  events.EventQueue (EventQueue.java:fireEvent(216)) - No event handler registered for event TypedEvent{payloadType=DatanodeDetails, name='Datanode_Command_Queue_Updated'}
2023-01-03 10:07:39,031 [EventQueue-CommandQueueReportForCommandQueueReportHandler] WARN  events.EventQueue (EventQueue.java:fireEvent(216)) - No event handler registered for event TypedEvent{payloadType=DatanodeDetails, name='Datanode_Command_Queue_Updated'}
2023-01-03 10:07:39,065 [EventQueue-CommandQueueReportForCommandQueueReportHandler] WARN  events.EventQueue (EventQueue.java:fireEvent(216)) - No event handler registered for event TypedEvent{payloadType=DatanodeDetails, name='Datanode_Command_Queue_Updated'}
2023-01-03 10:07:39,294 [EventQueue-CommandQueueReportForCommandQueueReportHandler] WARN  events.EventQueue (EventQueue.java:fireEvent(216)) - No event handler registered for event TypedEvent{payloadType=DatanodeDetails, name='Datanode_Command_Queue_Updated'}
2023-01-03 10:07:39,340 [EventQueue-CommandQueueReportForCommandQueueReportHandler] WARN  events.EventQueue (EventQueue.java:fireEvent(216)) - No event handler registered for event TypedEvent{payloadType=DatanodeDetails, name='Datanode_Command_Queue_Updated'}
2023-01-03 10:07:39,359 [EventQueue-CommandQueueReportForCommandQueueReportHandler] WARN  events.EventQueue (EventQueue.java:fireEvent(216)) - No event handler registered for event TypedEvent{payloadType=DatanodeDetails, name='Datanode_Command_Queue_Updated'}
2023-01-03 10:07:40,031 [EventQueue-CommandQueueReportForCommandQueueReportHandler] WARN  events.EventQueue (EventQueue.java:fireEvent(216)) - No event handler registered for event TypedEvent{payloadType=DatanodeDetails, name='Datanode_Command_Queue_Updated'}
2023-01-03 10:07:40,066 [EventQueue-CommandQueueReportForCommandQueueReportHandler] WARN  events.EventQueue (EventQueue.java:fireEvent(216)) - No event handler registered for event TypedEvent{payloadType=DatanodeDetails, name='Datanode_Command_Queue_Updated'}
2023-01-03 10:07:40,294 [EventQueue-CommandQueueReportForCommandQueueReportHandler] WARN  events.EventQueue (EventQueue.java:fireEvent(216)) - No event handler registered for event TypedEvent{payloadType=DatanodeDetails, name='Datanode_Command_Queue_Updated'}
2023-01-03 10:07:40,340 [EventQueue-CommandQueueReportForCommandQueueReportHandler] WARN  events.EventQueue (EventQueue.java:fireEvent(216)) - No event handler registered for event TypedEvent{payloadType=DatanodeDetails, name='Datanode_Command_Queue_Updated'}
2023-01-03 10:07:40,359 [EventQueue-CommandQueueReportForCommandQueueReportHandler] WARN  events.EventQueue (EventQueue.java:fireEvent(216)) - No event handler registered for event TypedEvent{payloadType=DatanodeDetails, name='Datanode_Command_Queue_Updated'}
2023-01-03 10:07:41,031 [EventQueue-CommandQueueReportForCommandQueueReportHandler] WARN  events.EventQueue (EventQueue.java:fireEvent(216)) - No event handler registered for event TypedEvent{payloadType=DatanodeDetails, name='Datanode_Command_Queue_Updated'}
2023-01-03 10:07:41,066 [EventQueue-CommandQueueReportForCommandQueueReportHandler] WARN  events.EventQueue (EventQueue.java:fireEvent(216)) - No event handler registered for event TypedEvent{payloadType=DatanodeDetails, name='Datanode_Command_Queue_Updated'}
2023-01-03 10:07:41,295 [EventQueue-CommandQueueReportForCommandQueueReportHandler] WARN  events.EventQueue (EventQueue.java:fireEvent(216)) - No event handler registered for event TypedEvent{payloadType=DatanodeDetails, name='Datanode_Command_Queue_Updated'}
2023-01-03 10:07:41,341 [EventQueue-CommandQueueReportForCommandQueueReportHandler] WARN  events.EventQueue (EventQueue.java:fireEvent(216)) - No event handler registered for event TypedEvent{payloadType=DatanodeDetails, name='Datanode_Command_Queue_Updated'}
2023-01-03 10:07:41,359 [EventQueue-CommandQueueReportForCommandQueueReportHandler] WARN  events.EventQueue (EventQueue.java:fireEvent(216)) - No event handler registered for event TypedEvent{payloadType=DatanodeDetails, name='Datanode_Command_Queue_Updated'}
2023-01-03 10:07:42,031 [EventQueue-CommandQueueReportForCommandQueueReportHandler] WARN  events.EventQueue (EventQueue.java:fireEvent(216)) - No event handler registered for event TypedEvent{payloadType=DatanodeDetails, name='Datanode_Command_Queue_Updated'}
2023-01-03 10:07:42,066 [EventQueue-CommandQueueReportForCommandQueueReportHandler] WARN  events.EventQueue (EventQueue.java:fireEvent(216)) - No event handler registered for event TypedEvent{payloadType=DatanodeDetails, name='Datanode_Command_Queue_Updated'}
2023-01-03 10:07:42,294 [EventQueue-CommandQueueReportForCommandQueueReportHandler] WARN  events.EventQueue (EventQueue.java:fireEvent(216)) - No event handler registered for event TypedEvent{payloadType=DatanodeDetails, name='Datanode_Command_Queue_Updated'}
2023-01-03 10:07:42,342 [EventQueue-CommandQueueReportForCommandQueueReportHandler] WARN  events.EventQueue (EventQueue.java:fireEvent(216)) - No event handler registered for event TypedEvent{payloadType=DatanodeDetails, name='Datanode_Command_Queue_Updated'}
2023-01-03 10:07:42,359 [EventQueue-CommandQueueReportForCommandQueueReportHandler] WARN  events.EventQueue (EventQueue.java:fireEvent(216)) - No event handler registered for event TypedEvent{payloadType=DatanodeDetails, name='Datanode_Command_Queue_Updated'}
]]></system-out>
  </testcase>
  <testcase name="testListStatusIteratorOnPageSize" classname="TestOzoneFileSystem" time="17.031">
    <system-out><![CDATA[2023-01-03 10:08:17,437 [EventQueue-CommandQueueReportForCommandQueueReportHandler] WARN  events.EventQueue (EventQueue.java:fireEvent(216)) - No event handler registered for event TypedEvent{payloadType=DatanodeDetails, name='Datanode_Command_Queue_Updated'}
2023-01-03 10:08:17,475 [EventQueue-CommandQueueReportForCommandQueueReportHandler] WARN  events.EventQueue (EventQueue.java:fireEvent(216)) - No event handler registered for event TypedEvent{payloadType=DatanodeDetails, name='Datanode_Command_Queue_Updated'}
2023-01-03 10:08:17,520 [EventQueue-CommandQueueReportForCommandQueueReportHandler] WARN  events.EventQueue (EventQueue.java:fireEvent(216)) - No event handler registered for event TypedEvent{payloadType=DatanodeDetails, name='Datanode_Command_Queue_Updated'}
2023-01-03 10:08:17,522 [EventQueue-CommandQueueReportForCommandQueueReportHandler] WARN  events.EventQueue (EventQueue.java:fireEvent(216)) - No event handler registered for event TypedEvent{payloadType=DatanodeDetails, name='Datanode_Command_Queue_Updated'}
2023-01-03 10:08:18,193 [EventQueue-CommandQueueReportForCommandQueueReportHandler] WARN  events.EventQueue (EventQueue.java:fireEvent(216)) - No event handler registered for event TypedEvent{payloadType=DatanodeDetails, name='Datanode_Command_Queue_Updated'}
2023-01-03 10:08:18,436 [EventQueue-CommandQueueReportForCommandQueueReportHandler] WARN  events.EventQueue (EventQueue.java:fireEvent(216)) - No event handler registered for event TypedEvent{payloadType=DatanodeDetails, name='Datanode_Command_Queue_Updated'}
2023-01-03 10:08:18,474 [EventQueue-CommandQueueReportForCommandQueueReportHandler] WARN  events.EventQueue (EventQueue.java:fireEvent(216)) - No event handler registered for event TypedEvent{payloadType=DatanodeDetails, name='Datanode_Command_Queue_Updated'}
2023-01-03 10:08:18,520 [EventQueue-CommandQueueReportForCommandQueueReportHandler] WARN  events.EventQueue (EventQueue.java:fireEvent(216)) - No event handler registered for event TypedEvent{payloadType=DatanodeDetails, name='Datanode_Command_Queue_Updated'}
2023-01-03 10:08:18,521 [EventQueue-CommandQueueReportForCommandQueueReportHandler] WARN  events.EventQueue (EventQueue.java:fireEvent(216)) - No event handler registered for event TypedEvent{payloadType=DatanodeDetails, name='Datanode_Command_Queue_Updated'}
2023-01-03 10:08:19,310 [JvmPauseMonitor11] WARN  util.JvmPauseMonitor (JvmPauseMonitor.java:detectPause(126)) - JvmPauseMonitor-om1: Detected pause in JVM or host machine (eg GC): pause of approximately 129879348ns.
GC pool 'PS MarkSweep' had collection(s): count=1 time=250ms
GC pool 'PS Scavenge' had collection(s): count=1 time=133ms
2023-01-03 10:08:19,310 [JvmPauseMonitor12] WARN  util.JvmPauseMonitor (JvmPauseMonitor.java:detectPause(126)) - JvmPauseMonitor-c7e71a96-70a3-435a-a6b2-b0df4fa5b7cd: Detected pause in JVM or host machine (eg GC): pause of approximately 175700889ns.
GC pool 'PS MarkSweep' had collection(s): count=1 time=250ms
GC pool 'PS Scavenge' had collection(s): count=1 time=133ms
2023-01-03 10:08:19,310 [EventQueue-CommandQueueReportForCommandQueueReportHandler] WARN  events.EventQueue (EventQueue.java:fireEvent(216)) - No event handler registered for event TypedEvent{payloadType=DatanodeDetails, name='Datanode_Command_Queue_Updated'}
2023-01-03 10:08:19,310 [JvmPauseMonitor15] WARN  util.JvmPauseMonitor (JvmPauseMonitor.java:detectPause(126)) - JvmPauseMonitor-92295612-f13b-4ff2-b823-10ec710f5439: Detected pause in JVM or host machine (eg GC): pause of approximately 242385796ns.
GC pool 'PS MarkSweep' had collection(s): count=1 time=250ms
GC pool 'PS Scavenge' had collection(s): count=1 time=133ms
2023-01-03 10:08:19,437 [EventQueue-CommandQueueReportForCommandQueueReportHandler] WARN  events.EventQueue (EventQueue.java:fireEvent(216)) - No event handler registered for event TypedEvent{payloadType=DatanodeDetails, name='Datanode_Command_Queue_Updated'}
2023-01-03 10:08:19,474 [EventQueue-CommandQueueReportForCommandQueueReportHandler] WARN  events.EventQueue (EventQueue.java:fireEvent(216)) - No event handler registered for event TypedEvent{payloadType=DatanodeDetails, name='Datanode_Command_Queue_Updated'}
2023-01-03 10:08:19,520 [EventQueue-CommandQueueReportForCommandQueueReportHandler] WARN  events.EventQueue (EventQueue.java:fireEvent(216)) - No event handler registered for event TypedEvent{payloadType=DatanodeDetails, name='Datanode_Command_Queue_Updated'}
2023-01-03 10:08:19,525 [EventQueue-CommandQueueReportForCommandQueueReportHandler] WARN  events.EventQueue (EventQueue.java:fireEvent(216)) - No event handler registered for event TypedEvent{payloadType=DatanodeDetails, name='Datanode_Command_Queue_Updated'}
2023-01-03 10:08:20,311 [EventQueue-CommandQueueReportForCommandQueueReportHandler] WARN  events.EventQueue (EventQueue.java:fireEvent(216)) - No event handler registered for event TypedEvent{payloadType=DatanodeDetails, name='Datanode_Command_Queue_Updated'}
2023-01-03 10:08:20,437 [EventQueue-CommandQueueReportForCommandQueueReportHandler] WARN  events.EventQueue (EventQueue.java:fireEvent(216)) - No event handler registered for event TypedEvent{payloadType=DatanodeDetails, name='Datanode_Command_Queue_Updated'}
2023-01-03 10:08:20,474 [EventQueue-CommandQueueReportForCommandQueueReportHandler] WARN  events.EventQueue (EventQueue.java:fireEvent(216)) - No event handler registered for event TypedEvent{payloadType=DatanodeDetails, name='Datanode_Command_Queue_Updated'}
2023-01-03 10:08:20,520 [EventQueue-CommandQueueReportForCommandQueueReportHandler] WARN  events.EventQueue (EventQueue.java:fireEvent(216)) - No event handler registered for event TypedEvent{payloadType=DatanodeDetails, name='Datanode_Command_Queue_Updated'}
2023-01-03 10:08:20,526 [EventQueue-CommandQueueReportForCommandQueueReportHandler] WARN  events.EventQueue (EventQueue.java:fireEvent(216)) - No event handler registered for event TypedEvent{payloadType=DatanodeDetails, name='Datanode_Command_Queue_Updated'}
2023-01-03 10:08:21,313 [EventQueue-CommandQueueReportForCommandQueueReportHandler] WARN  events.EventQueue (EventQueue.java:fireEvent(216)) - No event handler registered for event TypedEvent{payloadType=DatanodeDetails, name='Datanode_Command_Queue_Updated'}
2023-01-03 10:08:21,436 [EventQueue-CommandQueueReportForCommandQueueReportHandler] WARN  events.EventQueue (EventQueue.java:fireEvent(216)) - No event handler registered for event TypedEvent{payloadType=DatanodeDetails, name='Datanode_Command_Queue_Updated'}
2023-01-03 10:08:21,475 [EventQueue-CommandQueueReportForCommandQueueReportHandler] WARN  events.EventQueue (EventQueue.java:fireEvent(216)) - No event handler registered for event TypedEvent{payloadType=DatanodeDetails, name='Datanode_Command_Queue_Updated'}
2023-01-03 10:08:21,519 [EventQueue-CommandQueueReportForCommandQueueReportHandler] WARN  events.EventQueue (EventQueue.java:fireEvent(216)) - No event handler registered for event TypedEvent{payloadType=DatanodeDetails, name='Datanode_Command_Queue_Updated'}
2023-01-03 10:08:21,527 [EventQueue-CommandQueueReportForCommandQueueReportHandler] WARN  events.EventQueue (EventQueue.java:fireEvent(216)) - No event handler registered for event TypedEvent{payloadType=DatanodeDetails, name='Datanode_Command_Queue_Updated'}
2023-01-03 10:08:22,313 [EventQueue-CommandQueueReportForCommandQueueReportHandler] WARN  events.EventQueue (EventQueue.java:fireEvent(216)) - No event handler registered for event TypedEvent{payloadType=DatanodeDetails, name='Datanode_Command_Queue_Updated'}
2023-01-03 10:08:22,437 [EventQueue-CommandQueueReportForCommandQueueReportHandler] WARN  events.EventQueue (EventQueue.java:fireEvent(216)) - No event handler registered for event TypedEvent{payloadType=DatanodeDetails, name='Datanode_Command_Queue_Updated'}
2023-01-03 10:08:22,476 [EventQueue-CommandQueueReportForCommandQueueReportHandler] WARN  events.EventQueue (EventQueue.java:fireEvent(216)) - No event handler registered for event TypedEvent{payloadType=DatanodeDetails, name='Datanode_Command_Queue_Updated'}
2023-01-03 10:08:22,520 [EventQueue-CommandQueueReportForCommandQueueReportHandler] WARN  events.EventQueue (EventQueue.java:fireEvent(216)) - No event handler registered for event TypedEvent{payloadType=DatanodeDetails, name='Datanode_Command_Queue_Updated'}
2023-01-03 10:08:22,526 [EventQueue-CommandQueueReportForCommandQueueReportHandler] WARN  events.EventQueue (EventQueue.java:fireEvent(216)) - No event handler registered for event TypedEvent{payloadType=DatanodeDetails, name='Datanode_Command_Queue_Updated'}
2023-01-03 10:08:23,036 [Under Replicated Processor] INFO  replication.UnhealthyReplicationProcessor (UnhealthyReplicationProcessor.java:processAll(103)) - Processed 0 containers with health state counts {},failed processing 0
2023-01-03 10:08:23,049 [Over Replicated Processor] INFO  replication.UnhealthyReplicationProcessor (UnhealthyReplicationProcessor.java:processAll(103)) - Processed 0 containers with health state counts {},failed processing 0
2023-01-03 10:08:23,313 [EventQueue-CommandQueueReportForCommandQueueReportHandler] WARN  events.EventQueue (EventQueue.java:fireEvent(216)) - No event handler registered for event TypedEvent{payloadType=DatanodeDetails, name='Datanode_Command_Queue_Updated'}
2023-01-03 10:08:23,437 [EventQueue-CommandQueueReportForCommandQueueReportHandler] WARN  events.EventQueue (EventQueue.java:fireEvent(216)) - No event handler registered for event TypedEvent{payloadType=DatanodeDetails, name='Datanode_Command_Queue_Updated'}
2023-01-03 10:08:23,476 [EventQueue-CommandQueueReportForCommandQueueReportHandler] WARN  events.EventQueue (EventQueue.java:fireEvent(216)) - No event handler registered for event TypedEvent{payloadType=DatanodeDetails, name='Datanode_Command_Queue_Updated'}
2023-01-03 10:08:23,521 [EventQueue-CommandQueueReportForCommandQueueReportHandler] WARN  events.EventQueue (EventQueue.java:fireEvent(216)) - No event handler registered for event TypedEvent{payloadType=DatanodeDetails, name='Datanode_Command_Queue_Updated'}
2023-01-03 10:08:23,527 [EventQueue-CommandQueueReportForCommandQueueReportHandler] WARN  events.EventQueue (EventQueue.java:fireEvent(216)) - No event handler registered for event TypedEvent{payloadType=DatanodeDetails, name='Datanode_Command_Queue_Updated'}
2023-01-03 10:08:24,313 [EventQueue-CommandQueueReportForCommandQueueReportHandler] WARN  events.EventQueue (EventQueue.java:fireEvent(216)) - No event handler registered for event TypedEvent{payloadType=DatanodeDetails, name='Datanode_Command_Queue_Updated'}
2023-01-03 10:08:24,437 [EventQueue-CommandQueueReportForCommandQueueReportHandler] WARN  events.EventQueue (EventQueue.java:fireEvent(216)) - No event handler registered for event TypedEvent{payloadType=DatanodeDetails, name='Datanode_Command_Queue_Updated'}
2023-01-03 10:08:24,476 [EventQueue-CommandQueueReportForCommandQueueReportHandler] WARN  events.EventQueue (EventQueue.java:fireEvent(216)) - No event handler registered for event TypedEvent{payloadType=DatanodeDetails, name='Datanode_Command_Queue_Updated'}
2023-01-03 10:08:24,522 [EventQueue-CommandQueueReportForCommandQueueReportHandler] WARN  events.EventQueue (EventQueue.java:fireEvent(216)) - No event handler registered for event TypedEvent{payloadType=DatanodeDetails, name='Datanode_Command_Queue_Updated'}
2023-01-03 10:08:24,528 [EventQueue-CommandQueueReportForCommandQueueReportHandler] WARN  events.EventQueue (EventQueue.java:fireEvent(216)) - No event handler registered for event TypedEvent{payloadType=DatanodeDetails, name='Datanode_Command_Queue_Updated'}
2023-01-03 10:08:25,313 [EventQueue-CommandQueueReportForCommandQueueReportHandler] WARN  events.EventQueue (EventQueue.java:fireEvent(216)) - No event handler registered for event TypedEvent{payloadType=DatanodeDetails, name='Datanode_Command_Queue_Updated'}
2023-01-03 10:08:25,439 [EventQueue-CommandQueueReportForCommandQueueReportHandler] WARN  events.EventQueue (EventQueue.java:fireEvent(216)) - No event handler registered for event TypedEvent{payloadType=DatanodeDetails, name='Datanode_Command_Queue_Updated'}
2023-01-03 10:08:25,475 [EventQueue-CommandQueueReportForCommandQueueReportHandler] WARN  events.EventQueue (EventQueue.java:fireEvent(216)) - No event handler registered for event TypedEvent{payloadType=DatanodeDetails, name='Datanode_Command_Queue_Updated'}
2023-01-03 10:08:25,522 [EventQueue-CommandQueueReportForCommandQueueReportHandler] WARN  events.EventQueue (EventQueue.java:fireEvent(216)) - No event handler registered for event TypedEvent{payloadType=DatanodeDetails, name='Datanode_Command_Queue_Updated'}
2023-01-03 10:08:25,528 [EventQueue-CommandQueueReportForCommandQueueReportHandler] WARN  events.EventQueue (EventQueue.java:fireEvent(216)) - No event handler registered for event TypedEvent{payloadType=DatanodeDetails, name='Datanode_Command_Queue_Updated'}
2023-01-03 10:08:26,313 [EventQueue-CommandQueueReportForCommandQueueReportHandler] WARN  events.EventQueue (EventQueue.java:fireEvent(216)) - No event handler registered for event TypedEvent{payloadType=DatanodeDetails, name='Datanode_Command_Queue_Updated'}
2023-01-03 10:08:26,439 [EventQueue-CommandQueueReportForCommandQueueReportHandler] WARN  events.EventQueue (EventQueue.java:fireEvent(216)) - No event handler registered for event TypedEvent{payloadType=DatanodeDetails, name='Datanode_Command_Queue_Updated'}
2023-01-03 10:08:26,475 [EventQueue-CommandQueueReportForCommandQueueReportHandler] WARN  events.EventQueue (EventQueue.java:fireEvent(216)) - No event handler registered for event TypedEvent{payloadType=DatanodeDetails, name='Datanode_Command_Queue_Updated'}
2023-01-03 10:08:26,522 [EventQueue-CommandQueueReportForCommandQueueReportHandler] WARN  events.EventQueue (EventQueue.java:fireEvent(216)) - No event handler registered for event TypedEvent{payloadType=DatanodeDetails, name='Datanode_Command_Queue_Updated'}
2023-01-03 10:08:26,527 [EventQueue-CommandQueueReportForCommandQueueReportHandler] WARN  events.EventQueue (EventQueue.java:fireEvent(216)) - No event handler registered for event TypedEvent{payloadType=DatanodeDetails, name='Datanode_Command_Queue_Updated'}
2023-01-03 10:08:27,313 [EventQueue-CommandQueueReportForCommandQueueReportHandler] WARN  events.EventQueue (EventQueue.java:fireEvent(216)) - No event handler registered for event TypedEvent{payloadType=DatanodeDetails, name='Datanode_Command_Queue_Updated'}
2023-01-03 10:08:27,438 [EventQueue-CommandQueueReportForCommandQueueReportHandler] WARN  events.EventQueue (EventQueue.java:fireEvent(216)) - No event handler registered for event TypedEvent{payloadType=DatanodeDetails, name='Datanode_Command_Queue_Updated'}
2023-01-03 10:08:27,476 [EventQueue-CommandQueueReportForCommandQueueReportHandler] WARN  events.EventQueue (EventQueue.java:fireEvent(216)) - No event handler registered for event TypedEvent{payloadType=DatanodeDetails, name='Datanode_Command_Queue_Updated'}
2023-01-03 10:08:27,522 [EventQueue-CommandQueueReportForCommandQueueReportHandler] WARN  events.EventQueue (EventQueue.java:fireEvent(216)) - No event handler registered for event TypedEvent{payloadType=DatanodeDetails, name='Datanode_Command_Queue_Updated'}
2023-01-03 10:08:27,527 [EventQueue-CommandQueueReportForCommandQueueReportHandler] WARN  events.EventQueue (EventQueue.java:fireEvent(216)) - No event handler registered for event TypedEvent{payloadType=DatanodeDetails, name='Datanode_Command_Queue_Updated'}
2023-01-03 10:08:28,312 [EventQueue-CommandQueueReportForCommandQueueReportHandler] WARN  events.EventQueue (EventQueue.java:fireEvent(216)) - No event handler registered for event TypedEvent{payloadType=DatanodeDetails, name='Datanode_Command_Queue_Updated'}
2023-01-03 10:08:28,441 [EventQueue-CommandQueueReportForCommandQueueReportHandler] WARN  events.EventQueue (EventQueue.java:fireEvent(216)) - No event handler registered for event TypedEvent{payloadType=DatanodeDetails, name='Datanode_Command_Queue_Updated'}
2023-01-03 10:08:28,476 [EventQueue-CommandQueueReportForCommandQueueReportHandler] WARN  events.EventQueue (EventQueue.java:fireEvent(216)) - No event handler registered for event TypedEvent{payloadType=DatanodeDetails, name='Datanode_Command_Queue_Updated'}
2023-01-03 10:08:28,521 [EventQueue-CommandQueueReportForCommandQueueReportHandler] WARN  events.EventQueue (EventQueue.java:fireEvent(216)) - No event handler registered for event TypedEvent{payloadType=DatanodeDetails, name='Datanode_Command_Queue_Updated'}
2023-01-03 10:08:28,528 [EventQueue-CommandQueueReportForCommandQueueReportHandler] WARN  events.EventQueue (EventQueue.java:fireEvent(216)) - No event handler registered for event TypedEvent{payloadType=DatanodeDetails, name='Datanode_Command_Queue_Updated'}
2023-01-03 10:08:29,312 [EventQueue-CommandQueueReportForCommandQueueReportHandler] WARN  events.EventQueue (EventQueue.java:fireEvent(216)) - No event handler registered for event TypedEvent{payloadType=DatanodeDetails, name='Datanode_Command_Queue_Updated'}
2023-01-03 10:08:29,440 [EventQueue-CommandQueueReportForCommandQueueReportHandler] WARN  events.EventQueue (EventQueue.java:fireEvent(216)) - No event handler registered for event TypedEvent{payloadType=DatanodeDetails, name='Datanode_Command_Queue_Updated'}
2023-01-03 10:08:29,475 [EventQueue-CommandQueueReportForCommandQueueReportHandler] WARN  events.EventQueue (EventQueue.java:fireEvent(216)) - No event handler registered for event TypedEvent{payloadType=DatanodeDetails, name='Datanode_Command_Queue_Updated'}
2023-01-03 10:08:29,521 [EventQueue-CommandQueueReportForCommandQueueReportHandler] WARN  events.EventQueue (EventQueue.java:fireEvent(216)) - No event handler registered for event TypedEvent{payloadType=DatanodeDetails, name='Datanode_Command_Queue_Updated'}
2023-01-03 10:08:29,527 [EventQueue-CommandQueueReportForCommandQueueReportHandler] WARN  events.EventQueue (EventQueue.java:fireEvent(216)) - No event handler registered for event TypedEvent{payloadType=DatanodeDetails, name='Datanode_Command_Queue_Updated'}
2023-01-03 10:08:30,313 [EventQueue-CommandQueueReportForCommandQueueReportHandler] WARN  events.EventQueue (EventQueue.java:fireEvent(216)) - No event handler registered for event TypedEvent{payloadType=DatanodeDetails, name='Datanode_Command_Queue_Updated'}
2023-01-03 10:08:30,439 [EventQueue-CommandQueueReportForCommandQueueReportHandler] WARN  events.EventQueue (EventQueue.java:fireEvent(216)) - No event handler registered for event TypedEvent{payloadType=DatanodeDetails, name='Datanode_Command_Queue_Updated'}
2023-01-03 10:08:30,475 [EventQueue-CommandQueueReportForCommandQueueReportHandler] WARN  events.EventQueue (EventQueue.java:fireEvent(216)) - No event handler registered for event TypedEvent{payloadType=DatanodeDetails, name='Datanode_Command_Queue_Updated'}
2023-01-03 10:08:30,522 [EventQueue-CommandQueueReportForCommandQueueReportHandler] WARN  events.EventQueue (EventQueue.java:fireEvent(216)) - No event handler registered for event TypedEvent{payloadType=DatanodeDetails, name='Datanode_Command_Queue_Updated'}
2023-01-03 10:08:30,528 [EventQueue-CommandQueueReportForCommandQueueReportHandler] WARN  events.EventQueue (EventQueue.java:fireEvent(216)) - No event handler registered for event TypedEvent{payloadType=DatanodeDetails, name='Datanode_Command_Queue_Updated'}
2023-01-03 10:08:31,313 [EventQueue-CommandQueueReportForCommandQueueReportHandler] WARN  events.EventQueue (EventQueue.java:fireEvent(216)) - No event handler registered for event TypedEvent{payloadType=DatanodeDetails, name='Datanode_Command_Queue_Updated'}
2023-01-03 10:08:31,439 [EventQueue-CommandQueueReportForCommandQueueReportHandler] WARN  events.EventQueue (EventQueue.java:fireEvent(216)) - No event handler registered for event TypedEvent{payloadType=DatanodeDetails, name='Datanode_Command_Queue_Updated'}
2023-01-03 10:08:31,476 [EventQueue-CommandQueueReportForCommandQueueReportHandler] WARN  events.EventQueue (EventQueue.java:fireEvent(216)) - No event handler registered for event TypedEvent{payloadType=DatanodeDetails, name='Datanode_Command_Queue_Updated'}
2023-01-03 10:08:31,522 [EventQueue-CommandQueueReportForCommandQueueReportHandler] WARN  events.EventQueue (EventQueue.java:fireEvent(216)) - No event handler registered for event TypedEvent{payloadType=DatanodeDetails, name='Datanode_Command_Queue_Updated'}
2023-01-03 10:08:31,528 [EventQueue-CommandQueueReportForCommandQueueReportHandler] WARN  events.EventQueue (EventQueue.java:fireEvent(216)) - No event handler registered for event TypedEvent{payloadType=DatanodeDetails, name='Datanode_Command_Queue_Updated'}
2023-01-03 10:08:32,313 [EventQueue-CommandQueueReportForCommandQueueReportHandler] WARN  events.EventQueue (EventQueue.java:fireEvent(216)) - No event handler registered for event TypedEvent{payloadType=DatanodeDetails, name='Datanode_Command_Queue_Updated'}
2023-01-03 10:08:32,440 [EventQueue-CommandQueueReportForCommandQueueReportHandler] WARN  events.EventQueue (EventQueue.java:fireEvent(216)) - No event handler registered for event TypedEvent{payloadType=DatanodeDetails, name='Datanode_Command_Queue_Updated'}
2023-01-03 10:08:32,476 [EventQueue-CommandQueueReportForCommandQueueReportHandler] WARN  events.EventQueue (EventQueue.java:fireEvent(216)) - No event handler registered for event TypedEvent{payloadType=DatanodeDetails, name='Datanode_Command_Queue_Updated'}
2023-01-03 10:08:32,522 [EventQueue-CommandQueueReportForCommandQueueReportHandler] WARN  events.EventQueue (EventQueue.java:fireEvent(216)) - No event handler registered for event TypedEvent{payloadType=DatanodeDetails, name='Datanode_Command_Queue_Updated'}
2023-01-03 10:08:32,527 [EventQueue-CommandQueueReportForCommandQueueReportHandler] WARN  events.EventQueue (EventQueue.java:fireEvent(216)) - No event handler registered for event TypedEvent{payloadType=DatanodeDetails, name='Datanode_Command_Queue_Updated'}
2023-01-03 10:08:33,313 [EventQueue-CommandQueueReportForCommandQueueReportHandler] WARN  events.EventQueue (EventQueue.java:fireEvent(216)) - No event handler registered for event TypedEvent{payloadType=DatanodeDetails, name='Datanode_Command_Queue_Updated'}
2023-01-03 10:08:33,439 [EventQueue-CommandQueueReportForCommandQueueReportHandler] WARN  events.EventQueue (EventQueue.java:fireEvent(216)) - No event handler registered for event TypedEvent{payloadType=DatanodeDetails, name='Datanode_Command_Queue_Updated'}
2023-01-03 10:08:33,476 [EventQueue-CommandQueueReportForCommandQueueReportHandler] WARN  events.EventQueue (EventQueue.java:fireEvent(216)) - No event handler registered for event TypedEvent{payloadType=DatanodeDetails, name='Datanode_Command_Queue_Updated'}
2023-01-03 10:08:33,522 [EventQueue-CommandQueueReportForCommandQueueReportHandler] WARN  events.EventQueue (EventQueue.java:fireEvent(216)) - No event handler registered for event TypedEvent{payloadType=DatanodeDetails, name='Datanode_Command_Queue_Updated'}
2023-01-03 10:08:33,528 [EventQueue-CommandQueueReportForCommandQueueReportHandler] WARN  events.EventQueue (EventQueue.java:fireEvent(216)) - No event handler registered for event TypedEvent{payloadType=DatanodeDetails, name='Datanode_Command_Queue_Updated'}
]]></system-out>
  </testcase>
  <testcase name="testListStatusIteratorOnPageSize" classname="TestOzoneFileSystem" time="11.545">
    <system-out><![CDATA[2023-01-03 10:09:11,642 [EventQueue-CommandQueueReportForCommandQueueReportHandler] WARN  events.EventQueue (EventQueue.java:fireEvent(216)) - No event handler registered for event TypedEvent{payloadType=DatanodeDetails, name='Datanode_Command_Queue_Updated'}
2023-01-03 10:09:11,784 [EventQueue-CommandQueueReportForCommandQueueReportHandler] WARN  events.EventQueue (EventQueue.java:fireEvent(216)) - No event handler registered for event TypedEvent{payloadType=DatanodeDetails, name='Datanode_Command_Queue_Updated'}
2023-01-03 10:09:11,790 [EventQueue-CommandQueueReportForCommandQueueReportHandler] WARN  events.EventQueue (EventQueue.java:fireEvent(216)) - No event handler registered for event TypedEvent{payloadType=DatanodeDetails, name='Datanode_Command_Queue_Updated'}
2023-01-03 10:09:11,791 [EventQueue-CommandQueueReportForCommandQueueReportHandler] WARN  events.EventQueue (EventQueue.java:fireEvent(216)) - No event handler registered for event TypedEvent{payloadType=DatanodeDetails, name='Datanode_Command_Queue_Updated'}
2023-01-03 10:09:12,414 [EventQueue-CommandQueueReportForCommandQueueReportHandler] WARN  events.EventQueue (EventQueue.java:fireEvent(216)) - No event handler registered for event TypedEvent{payloadType=DatanodeDetails, name='Datanode_Command_Queue_Updated'}
2023-01-03 10:09:12,642 [EventQueue-CommandQueueReportForCommandQueueReportHandler] WARN  events.EventQueue (EventQueue.java:fireEvent(216)) - No event handler registered for event TypedEvent{payloadType=DatanodeDetails, name='Datanode_Command_Queue_Updated'}
2023-01-03 10:09:12,784 [EventQueue-CommandQueueReportForCommandQueueReportHandler] WARN  events.EventQueue (EventQueue.java:fireEvent(216)) - No event handler registered for event TypedEvent{payloadType=DatanodeDetails, name='Datanode_Command_Queue_Updated'}
2023-01-03 10:09:12,790 [EventQueue-CommandQueueReportForCommandQueueReportHandler] WARN  events.EventQueue (EventQueue.java:fireEvent(216)) - No event handler registered for event TypedEvent{payloadType=DatanodeDetails, name='Datanode_Command_Queue_Updated'}
2023-01-03 10:09:12,793 [EventQueue-CommandQueueReportForCommandQueueReportHandler] WARN  events.EventQueue (EventQueue.java:fireEvent(216)) - No event handler registered for event TypedEvent{payloadType=DatanodeDetails, name='Datanode_Command_Queue_Updated'}
2023-01-03 10:09:13,414 [EventQueue-CommandQueueReportForCommandQueueReportHandler] WARN  events.EventQueue (EventQueue.java:fireEvent(216)) - No event handler registered for event TypedEvent{payloadType=DatanodeDetails, name='Datanode_Command_Queue_Updated'}
2023-01-03 10:09:13,643 [EventQueue-CommandQueueReportForCommandQueueReportHandler] WARN  events.EventQueue (EventQueue.java:fireEvent(216)) - No event handler registered for event TypedEvent{payloadType=DatanodeDetails, name='Datanode_Command_Queue_Updated'}
2023-01-03 10:09:13,783 [EventQueue-CommandQueueReportForCommandQueueReportHandler] WARN  events.EventQueue (EventQueue.java:fireEvent(216)) - No event handler registered for event TypedEvent{payloadType=DatanodeDetails, name='Datanode_Command_Queue_Updated'}
2023-01-03 10:09:13,791 [EventQueue-CommandQueueReportForCommandQueueReportHandler] WARN  events.EventQueue (EventQueue.java:fireEvent(216)) - No event handler registered for event TypedEvent{payloadType=DatanodeDetails, name='Datanode_Command_Queue_Updated'}
2023-01-03 10:09:13,793 [EventQueue-CommandQueueReportForCommandQueueReportHandler] WARN  events.EventQueue (EventQueue.java:fireEvent(216)) - No event handler registered for event TypedEvent{payloadType=DatanodeDetails, name='Datanode_Command_Queue_Updated'}
2023-01-03 10:09:14,413 [EventQueue-CommandQueueReportForCommandQueueReportHandler] WARN  events.EventQueue (EventQueue.java:fireEvent(216)) - No event handler registered for event TypedEvent{payloadType=DatanodeDetails, name='Datanode_Command_Queue_Updated'}
2023-01-03 10:09:14,642 [EventQueue-CommandQueueReportForCommandQueueReportHandler] WARN  events.EventQueue (EventQueue.java:fireEvent(216)) - No event handler registered for event TypedEvent{payloadType=DatanodeDetails, name='Datanode_Command_Queue_Updated'}
2023-01-03 10:09:14,784 [EventQueue-CommandQueueReportForCommandQueueReportHandler] WARN  events.EventQueue (EventQueue.java:fireEvent(216)) - No event handler registered for event TypedEvent{payloadType=DatanodeDetails, name='Datanode_Command_Queue_Updated'}
2023-01-03 10:09:14,790 [EventQueue-CommandQueueReportForCommandQueueReportHandler] WARN  events.EventQueue (EventQueue.java:fireEvent(216)) - No event handler registered for event TypedEvent{payloadType=DatanodeDetails, name='Datanode_Command_Queue_Updated'}
2023-01-03 10:09:14,793 [EventQueue-CommandQueueReportForCommandQueueReportHandler] WARN  events.EventQueue (EventQueue.java:fireEvent(216)) - No event handler registered for event TypedEvent{payloadType=DatanodeDetails, name='Datanode_Command_Queue_Updated'}
2023-01-03 10:09:14,884 [5f4e8170-34f9-42fb-8ea2-3b8d58ff5808@group-8E8DD5C4C90A-FollowerState] INFO  impl.FollowerState (FollowerState.java:run(143)) - 5f4e8170-34f9-42fb-8ea2-3b8d58ff5808@group-8E8DD5C4C90A-FollowerState: change to CANDIDATE, lastRpcElapsedTime:5058068340ns, electionTimeout:5052ms
2023-01-03 10:09:14,885 [5f4e8170-34f9-42fb-8ea2-3b8d58ff5808@group-8E8DD5C4C90A-FollowerState] INFO  impl.RoleInfo (RoleInfo.java:shutdownFollowerState(110)) - 5f4e8170-34f9-42fb-8ea2-3b8d58ff5808: shutdown 5f4e8170-34f9-42fb-8ea2-3b8d58ff5808@group-8E8DD5C4C90A-FollowerState
2023-01-03 10:09:14,885 [5f4e8170-34f9-42fb-8ea2-3b8d58ff5808@group-8E8DD5C4C90A-FollowerState] INFO  server.RaftServer$Division (RaftServerImpl.java:setRole(321)) - 5f4e8170-34f9-42fb-8ea2-3b8d58ff5808@group-8E8DD5C4C90A: changes role from  FOLLOWER to CANDIDATE at term 3 for changeToCandidate
2023-01-03 10:09:14,885 [5f4e8170-34f9-42fb-8ea2-3b8d58ff5808@group-8E8DD5C4C90A-FollowerState] INFO  server.RaftServerConfigKeys (ConfUtils.java:logGet(46)) - raft.server.leaderelection.pre-vote = false (custom)
2023-01-03 10:09:14,885 [5f4e8170-34f9-42fb-8ea2-3b8d58ff5808@group-8E8DD5C4C90A-FollowerState] INFO  impl.RoleInfo (RoleInfo.java:updateAndGet(139)) - 5f4e8170-34f9-42fb-8ea2-3b8d58ff5808: start 5f4e8170-34f9-42fb-8ea2-3b8d58ff5808@group-8E8DD5C4C90A-LeaderElection46
2023-01-03 10:09:14,888 [5f4e8170-34f9-42fb-8ea2-3b8d58ff5808@group-8E8DD5C4C90A-LeaderElection46] INFO  impl.LeaderElection (LeaderElection.java:askForVotes(312)) - 5f4e8170-34f9-42fb-8ea2-3b8d58ff5808@group-8E8DD5C4C90A-LeaderElection46 ELECTION round 0: submit vote requests at term 4 for -1: peers:[2b04a8b1-164a-4310-98e7-450bb9581035|rpc:10.1.0.13:40297|dataStream:10.1.0.13:40255|priority:0|startupRole:FOLLOWER, 79f3458c-2c66-4b3a-be39-3ff7abbb9f16|rpc:10.1.0.13:36965|dataStream:10.1.0.13:36199|priority:1|startupRole:FOLLOWER, 5f4e8170-34f9-42fb-8ea2-3b8d58ff5808|rpc:10.1.0.13:43165|dataStream:10.1.0.13:42261|priority:0|startupRole:FOLLOWER]|listeners:[], old=null
2023-01-03 10:09:14,888 [5f4e8170-34f9-42fb-8ea2-3b8d58ff5808@group-8E8DD5C4C90A-LeaderElection46] INFO  server.RaftServerConfigKeys (ConfUtils.java:logFallback(53)) - raft.server.rpc.first-election.timeout.min = 5s (fallback to raft.server.rpc.timeout.min)
2023-01-03 10:09:14,888 [5f4e8170-34f9-42fb-8ea2-3b8d58ff5808@group-8E8DD5C4C90A-LeaderElection46] INFO  server.RaftServerConfigKeys (ConfUtils.java:logFallback(53)) - raft.server.rpc.first-election.timeout.max = 5200ms (fallback to raft.server.rpc.timeout.max)
2023-01-03 10:09:14,896 [grpc-default-executor-7] INFO  server.RaftServer$Division (RaftServerImpl.java:requestVote(1218)) - 79f3458c-2c66-4b3a-be39-3ff7abbb9f16@group-8E8DD5C4C90A: receive requestVote(ELECTION, 5f4e8170-34f9-42fb-8ea2-3b8d58ff5808, group-8E8DD5C4C90A, 4, (t:0, i:0))
2023-01-03 10:09:14,896 [grpc-default-executor-7] INFO  impl.VoteContext (VoteContext.java:log(49)) - 79f3458c-2c66-4b3a-be39-3ff7abbb9f16@group-8E8DD5C4C90A-FOLLOWER: reject ELECTION from 5f4e8170-34f9-42fb-8ea2-3b8d58ff5808: our priority 1 > candidate's priority 0
2023-01-03 10:09:14,896 [grpc-default-executor-7] INFO  server.RaftServer$Division (RaftServerImpl.java:setRole(321)) - 79f3458c-2c66-4b3a-be39-3ff7abbb9f16@group-8E8DD5C4C90A: changes role from  FOLLOWER to FOLLOWER at term 4 for candidate:5f4e8170-34f9-42fb-8ea2-3b8d58ff5808
2023-01-03 10:09:14,896 [grpc-default-executor-7] INFO  impl.RoleInfo (RoleInfo.java:shutdownFollowerState(110)) - 79f3458c-2c66-4b3a-be39-3ff7abbb9f16: shutdown 79f3458c-2c66-4b3a-be39-3ff7abbb9f16@group-8E8DD5C4C90A-FollowerState
2023-01-03 10:09:14,896 [grpc-default-executor-7] INFO  impl.RoleInfo (RoleInfo.java:updateAndGet(139)) - 79f3458c-2c66-4b3a-be39-3ff7abbb9f16: start 79f3458c-2c66-4b3a-be39-3ff7abbb9f16@group-8E8DD5C4C90A-FollowerState
2023-01-03 10:09:14,896 [79f3458c-2c66-4b3a-be39-3ff7abbb9f16@group-8E8DD5C4C90A-FollowerState] INFO  impl.FollowerState (FollowerState.java:run(152)) - 79f3458c-2c66-4b3a-be39-3ff7abbb9f16@group-8E8DD5C4C90A-FollowerState was interrupted
2023-01-03 10:09:14,902 [grpc-default-executor-6] INFO  server.RaftServer$Division (RaftServerImpl.java:requestVote(1218)) - 2b04a8b1-164a-4310-98e7-450bb9581035@group-8E8DD5C4C90A: receive requestVote(ELECTION, 5f4e8170-34f9-42fb-8ea2-3b8d58ff5808, group-8E8DD5C4C90A, 4, (t:0, i:0))
2023-01-03 10:09:14,902 [grpc-default-executor-6] INFO  impl.VoteContext (VoteContext.java:log(49)) - 2b04a8b1-164a-4310-98e7-450bb9581035@group-8E8DD5C4C90A-FOLLOWER: accept ELECTION from 5f4e8170-34f9-42fb-8ea2-3b8d58ff5808: our priority 0 <= candidate's priority 0
2023-01-03 10:09:14,902 [grpc-default-executor-6] INFO  server.RaftServer$Division (RaftServerImpl.java:setRole(321)) - 2b04a8b1-164a-4310-98e7-450bb9581035@group-8E8DD5C4C90A: changes role from  FOLLOWER to FOLLOWER at term 4 for candidate:5f4e8170-34f9-42fb-8ea2-3b8d58ff5808
2023-01-03 10:09:14,902 [grpc-default-executor-6] INFO  impl.RoleInfo (RoleInfo.java:shutdownFollowerState(110)) - 2b04a8b1-164a-4310-98e7-450bb9581035: shutdown 2b04a8b1-164a-4310-98e7-450bb9581035@group-8E8DD5C4C90A-FollowerState
2023-01-03 10:09:14,902 [grpc-default-executor-6] INFO  impl.RoleInfo (RoleInfo.java:updateAndGet(139)) - 2b04a8b1-164a-4310-98e7-450bb9581035: start 2b04a8b1-164a-4310-98e7-450bb9581035@group-8E8DD5C4C90A-FollowerState
2023-01-03 10:09:14,902 [2b04a8b1-164a-4310-98e7-450bb9581035@group-8E8DD5C4C90A-FollowerState] INFO  impl.FollowerState (FollowerState.java:run(152)) - 2b04a8b1-164a-4310-98e7-450bb9581035@group-8E8DD5C4C90A-FollowerState was interrupted
2023-01-03 10:09:14,902 [79f3458c-2c66-4b3a-be39-3ff7abbb9f16@group-8E8DD5C4C90A-FollowerState] INFO  server.RaftServerConfigKeys (ConfUtils.java:logFallback(53)) - raft.server.rpc.first-election.timeout.min = 5s (fallback to raft.server.rpc.timeout.min)
2023-01-03 10:09:14,902 [79f3458c-2c66-4b3a-be39-3ff7abbb9f16@group-8E8DD5C4C90A-FollowerState] INFO  server.RaftServerConfigKeys (ConfUtils.java:logFallback(53)) - raft.server.rpc.first-election.timeout.max = 5200ms (fallback to raft.server.rpc.timeout.max)
2023-01-03 10:09:14,903 [2b04a8b1-164a-4310-98e7-450bb9581035@group-8E8DD5C4C90A-FollowerState] INFO  server.RaftServerConfigKeys (ConfUtils.java:logFallback(53)) - raft.server.rpc.first-election.timeout.min = 5s (fallback to raft.server.rpc.timeout.min)
2023-01-03 10:09:14,903 [2b04a8b1-164a-4310-98e7-450bb9581035@group-8E8DD5C4C90A-FollowerState] INFO  server.RaftServerConfigKeys (ConfUtils.java:logFallback(53)) - raft.server.rpc.first-election.timeout.max = 5200ms (fallback to raft.server.rpc.timeout.max)
2023-01-03 10:09:14,903 [grpc-default-executor-6] INFO  server.RaftServer$Division (RaftServerImpl.java:requestVote(1251)) - 2b04a8b1-164a-4310-98e7-450bb9581035@group-8E8DD5C4C90A replies to ELECTION vote request: 5f4e8170-34f9-42fb-8ea2-3b8d58ff5808<-2b04a8b1-164a-4310-98e7-450bb9581035#0:OK-t4. Peer's state: 2b04a8b1-164a-4310-98e7-450bb9581035@group-8E8DD5C4C90A:t4, leader=null, voted=5f4e8170-34f9-42fb-8ea2-3b8d58ff5808, raftlog=Memoized:2b04a8b1-164a-4310-98e7-450bb9581035@group-8E8DD5C4C90A-SegmentedRaftLog:OPENED:c-1, conf=-1: peers:[2b04a8b1-164a-4310-98e7-450bb9581035|rpc:10.1.0.13:40297|dataStream:10.1.0.13:40255|priority:0|startupRole:FOLLOWER, 79f3458c-2c66-4b3a-be39-3ff7abbb9f16|rpc:10.1.0.13:36965|dataStream:10.1.0.13:36199|priority:1|startupRole:FOLLOWER, 5f4e8170-34f9-42fb-8ea2-3b8d58ff5808|rpc:10.1.0.13:43165|dataStream:10.1.0.13:42261|priority:0|startupRole:FOLLOWER]|listeners:[], old=null
2023-01-03 10:09:14,904 [grpc-default-executor-7] INFO  server.RaftServer$Division (RaftServerImpl.java:requestVote(1251)) - 79f3458c-2c66-4b3a-be39-3ff7abbb9f16@group-8E8DD5C4C90A replies to ELECTION vote request: 5f4e8170-34f9-42fb-8ea2-3b8d58ff5808<-79f3458c-2c66-4b3a-be39-3ff7abbb9f16#0:FAIL-t4. Peer's state: 79f3458c-2c66-4b3a-be39-3ff7abbb9f16@group-8E8DD5C4C90A:t4, leader=null, voted=null, raftlog=Memoized:79f3458c-2c66-4b3a-be39-3ff7abbb9f16@group-8E8DD5C4C90A-SegmentedRaftLog:OPENED:c-1, conf=-1: peers:[2b04a8b1-164a-4310-98e7-450bb9581035|rpc:10.1.0.13:40297|dataStream:10.1.0.13:40255|priority:0|startupRole:FOLLOWER, 79f3458c-2c66-4b3a-be39-3ff7abbb9f16|rpc:10.1.0.13:36965|dataStream:10.1.0.13:36199|priority:1|startupRole:FOLLOWER, 5f4e8170-34f9-42fb-8ea2-3b8d58ff5808|rpc:10.1.0.13:43165|dataStream:10.1.0.13:42261|priority:0|startupRole:FOLLOWER]|listeners:[], old=null
2023-01-03 10:09:14,906 [5f4e8170-34f9-42fb-8ea2-3b8d58ff5808@group-8E8DD5C4C90A-LeaderElection46] INFO  impl.LeaderElection (LeaderElection.java:logAndReturn(90)) - 5f4e8170-34f9-42fb-8ea2-3b8d58ff5808@group-8E8DD5C4C90A-LeaderElection46: ELECTION REJECTED received 1 response(s) and 0 exception(s):
2023-01-03 10:09:14,906 [5f4e8170-34f9-42fb-8ea2-3b8d58ff5808@group-8E8DD5C4C90A-LeaderElection46] INFO  impl.LeaderElection (LeaderElection.java:logAndReturn(94)) -   Response 0: 5f4e8170-34f9-42fb-8ea2-3b8d58ff5808<-79f3458c-2c66-4b3a-be39-3ff7abbb9f16#0:FAIL-t4
2023-01-03 10:09:14,906 [5f4e8170-34f9-42fb-8ea2-3b8d58ff5808@group-8E8DD5C4C90A-LeaderElection46] INFO  impl.LeaderElection (LeaderElection.java:askForVotes(314)) - 5f4e8170-34f9-42fb-8ea2-3b8d58ff5808@group-8E8DD5C4C90A-LeaderElection46 ELECTION round 0: result REJECTED
2023-01-03 10:09:14,906 [5f4e8170-34f9-42fb-8ea2-3b8d58ff5808@group-8E8DD5C4C90A-LeaderElection46] INFO  server.RaftServer$Division (RaftServerImpl.java:setRole(321)) - 5f4e8170-34f9-42fb-8ea2-3b8d58ff5808@group-8E8DD5C4C90A: changes role from CANDIDATE to FOLLOWER at term 4 for REJECTED
2023-01-03 10:09:14,906 [5f4e8170-34f9-42fb-8ea2-3b8d58ff5808@group-8E8DD5C4C90A-LeaderElection46] INFO  impl.RoleInfo (RoleInfo.java:shutdownLeaderElection(130)) - 5f4e8170-34f9-42fb-8ea2-3b8d58ff5808: shutdown 5f4e8170-34f9-42fb-8ea2-3b8d58ff5808@group-8E8DD5C4C90A-LeaderElection46
2023-01-03 10:09:14,906 [5f4e8170-34f9-42fb-8ea2-3b8d58ff5808@group-8E8DD5C4C90A-LeaderElection46] INFO  impl.RoleInfo (RoleInfo.java:updateAndGet(139)) - 5f4e8170-34f9-42fb-8ea2-3b8d58ff5808: start 5f4e8170-34f9-42fb-8ea2-3b8d58ff5808@group-8E8DD5C4C90A-FollowerState
2023-01-03 10:09:14,910 [5f4e8170-34f9-42fb-8ea2-3b8d58ff5808@group-8E8DD5C4C90A-FollowerState] INFO  server.RaftServerConfigKeys (ConfUtils.java:logFallback(53)) - raft.server.rpc.first-election.timeout.min = 5s (fallback to raft.server.rpc.timeout.min)
2023-01-03 10:09:14,910 [5f4e8170-34f9-42fb-8ea2-3b8d58ff5808@group-8E8DD5C4C90A-FollowerState] INFO  server.RaftServerConfigKeys (ConfUtils.java:logFallback(53)) - raft.server.rpc.first-election.timeout.max = 5200ms (fallback to raft.server.rpc.timeout.max)
2023-01-03 10:09:15,413 [EventQueue-CommandQueueReportForCommandQueueReportHandler] WARN  events.EventQueue (EventQueue.java:fireEvent(216)) - No event handler registered for event TypedEvent{payloadType=DatanodeDetails, name='Datanode_Command_Queue_Updated'}
2023-01-03 10:09:15,642 [EventQueue-CommandQueueReportForCommandQueueReportHandler] WARN  events.EventQueue (EventQueue.java:fireEvent(216)) - No event handler registered for event TypedEvent{payloadType=DatanodeDetails, name='Datanode_Command_Queue_Updated'}
2023-01-03 10:09:15,785 [EventQueue-CommandQueueReportForCommandQueueReportHandler] WARN  events.EventQueue (EventQueue.java:fireEvent(216)) - No event handler registered for event TypedEvent{payloadType=DatanodeDetails, name='Datanode_Command_Queue_Updated'}
2023-01-03 10:09:15,791 [EventQueue-CommandQueueReportForCommandQueueReportHandler] WARN  events.EventQueue (EventQueue.java:fireEvent(216)) - No event handler registered for event TypedEvent{payloadType=DatanodeDetails, name='Datanode_Command_Queue_Updated'}
2023-01-03 10:09:15,793 [EventQueue-CommandQueueReportForCommandQueueReportHandler] WARN  events.EventQueue (EventQueue.java:fireEvent(216)) - No event handler registered for event TypedEvent{payloadType=DatanodeDetails, name='Datanode_Command_Queue_Updated'}
2023-01-03 10:09:16,275 [Over Replicated Processor] INFO  replication.UnhealthyReplicationProcessor (UnhealthyReplicationProcessor.java:processAll(103)) - Processed 0 containers with health state counts {},failed processing 0
2023-01-03 10:09:16,281 [Under Replicated Processor] INFO  replication.UnhealthyReplicationProcessor (UnhealthyReplicationProcessor.java:processAll(103)) - Processed 0 containers with health state counts {},failed processing 0
2023-01-03 10:09:16,414 [EventQueue-CommandQueueReportForCommandQueueReportHandler] WARN  events.EventQueue (EventQueue.java:fireEvent(216)) - No event handler registered for event TypedEvent{payloadType=DatanodeDetails, name='Datanode_Command_Queue_Updated'}
2023-01-03 10:09:16,643 [EventQueue-CommandQueueReportForCommandQueueReportHandler] WARN  events.EventQueue (EventQueue.java:fireEvent(216)) - No event handler registered for event TypedEvent{payloadType=DatanodeDetails, name='Datanode_Command_Queue_Updated'}
2023-01-03 10:09:16,784 [EventQueue-CommandQueueReportForCommandQueueReportHandler] WARN  events.EventQueue (EventQueue.java:fireEvent(216)) - No event handler registered for event TypedEvent{payloadType=DatanodeDetails, name='Datanode_Command_Queue_Updated'}
2023-01-03 10:09:16,794 [EventQueue-CommandQueueReportForCommandQueueReportHandler] WARN  events.EventQueue (EventQueue.java:fireEvent(216)) - No event handler registered for event TypedEvent{payloadType=DatanodeDetails, name='Datanode_Command_Queue_Updated'}
2023-01-03 10:09:16,794 [EventQueue-CommandQueueReportForCommandQueueReportHandler] WARN  events.EventQueue (EventQueue.java:fireEvent(216)) - No event handler registered for event TypedEvent{payloadType=DatanodeDetails, name='Datanode_Command_Queue_Updated'}
2023-01-03 10:09:17,414 [EventQueue-CommandQueueReportForCommandQueueReportHandler] WARN  events.EventQueue (EventQueue.java:fireEvent(216)) - No event handler registered for event TypedEvent{payloadType=DatanodeDetails, name='Datanode_Command_Queue_Updated'}
2023-01-03 10:09:17,642 [EventQueue-CommandQueueReportForCommandQueueReportHandler] WARN  events.EventQueue (EventQueue.java:fireEvent(216)) - No event handler registered for event TypedEvent{payloadType=DatanodeDetails, name='Datanode_Command_Queue_Updated'}
2023-01-03 10:09:17,784 [EventQueue-CommandQueueReportForCommandQueueReportHandler] WARN  events.EventQueue (EventQueue.java:fireEvent(216)) - No event handler registered for event TypedEvent{payloadType=DatanodeDetails, name='Datanode_Command_Queue_Updated'}
2023-01-03 10:09:17,790 [EventQueue-CommandQueueReportForCommandQueueReportHandler] WARN  events.EventQueue (EventQueue.java:fireEvent(216)) - No event handler registered for event TypedEvent{payloadType=DatanodeDetails, name='Datanode_Command_Queue_Updated'}
2023-01-03 10:09:17,794 [EventQueue-CommandQueueReportForCommandQueueReportHandler] WARN  events.EventQueue (EventQueue.java:fireEvent(216)) - No event handler registered for event TypedEvent{payloadType=DatanodeDetails, name='Datanode_Command_Queue_Updated'}
2023-01-03 10:09:18,415 [EventQueue-CommandQueueReportForCommandQueueReportHandler] WARN  events.EventQueue (EventQueue.java:fireEvent(216)) - No event handler registered for event TypedEvent{payloadType=DatanodeDetails, name='Datanode_Command_Queue_Updated'}
2023-01-03 10:09:18,643 [EventQueue-CommandQueueReportForCommandQueueReportHandler] WARN  events.EventQueue (EventQueue.java:fireEvent(216)) - No event handler registered for event TypedEvent{payloadType=DatanodeDetails, name='Datanode_Command_Queue_Updated'}
2023-01-03 10:09:18,785 [EventQueue-CommandQueueReportForCommandQueueReportHandler] WARN  events.EventQueue (EventQueue.java:fireEvent(216)) - No event handler registered for event TypedEvent{payloadType=DatanodeDetails, name='Datanode_Command_Queue_Updated'}
2023-01-03 10:09:18,792 [EventQueue-CommandQueueReportForCommandQueueReportHandler] WARN  events.EventQueue (EventQueue.java:fireEvent(216)) - No event handler registered for event TypedEvent{payloadType=DatanodeDetails, name='Datanode_Command_Queue_Updated'}
2023-01-03 10:09:18,793 [EventQueue-CommandQueueReportForCommandQueueReportHandler] WARN  events.EventQueue (EventQueue.java:fireEvent(216)) - No event handler registered for event TypedEvent{payloadType=DatanodeDetails, name='Datanode_Command_Queue_Updated'}
2023-01-03 10:09:19,413 [EventQueue-CommandQueueReportForCommandQueueReportHandler] WARN  events.EventQueue (EventQueue.java:fireEvent(216)) - No event handler registered for event TypedEvent{payloadType=DatanodeDetails, name='Datanode_Command_Queue_Updated'}
2023-01-03 10:09:19,644 [EventQueue-CommandQueueReportForCommandQueueReportHandler] WARN  events.EventQueue (EventQueue.java:fireEvent(216)) - No event handler registered for event TypedEvent{payloadType=DatanodeDetails, name='Datanode_Command_Queue_Updated'}
2023-01-03 10:09:19,784 [EventQueue-CommandQueueReportForCommandQueueReportHandler] WARN  events.EventQueue (EventQueue.java:fireEvent(216)) - No event handler registered for event TypedEvent{payloadType=DatanodeDetails, name='Datanode_Command_Queue_Updated'}
2023-01-03 10:09:19,794 [EventQueue-CommandQueueReportForCommandQueueReportHandler] WARN  events.EventQueue (EventQueue.java:fireEvent(216)) - No event handler registered for event TypedEvent{payloadType=DatanodeDetails, name='Datanode_Command_Queue_Updated'}
2023-01-03 10:09:19,794 [EventQueue-CommandQueueReportForCommandQueueReportHandler] WARN  events.EventQueue (EventQueue.java:fireEvent(216)) - No event handler registered for event TypedEvent{payloadType=DatanodeDetails, name='Datanode_Command_Queue_Updated'}
2023-01-03 10:09:19,938 [79f3458c-2c66-4b3a-be39-3ff7abbb9f16@group-8E8DD5C4C90A-FollowerState] INFO  impl.FollowerState (FollowerState.java:run(143)) - 79f3458c-2c66-4b3a-be39-3ff7abbb9f16@group-8E8DD5C4C90A-FollowerState: change to CANDIDATE, lastRpcElapsedTime:5042204934ns, electionTimeout:5033ms
2023-01-03 10:09:19,938 [79f3458c-2c66-4b3a-be39-3ff7abbb9f16@group-8E8DD5C4C90A-FollowerState] INFO  impl.RoleInfo (RoleInfo.java:shutdownFollowerState(110)) - 79f3458c-2c66-4b3a-be39-3ff7abbb9f16: shutdown 79f3458c-2c66-4b3a-be39-3ff7abbb9f16@group-8E8DD5C4C90A-FollowerState
2023-01-03 10:09:19,939 [79f3458c-2c66-4b3a-be39-3ff7abbb9f16@group-8E8DD5C4C90A-FollowerState] INFO  server.RaftServer$Division (RaftServerImpl.java:setRole(321)) - 79f3458c-2c66-4b3a-be39-3ff7abbb9f16@group-8E8DD5C4C90A: changes role from  FOLLOWER to CANDIDATE at term 4 for changeToCandidate
2023-01-03 10:09:19,939 [79f3458c-2c66-4b3a-be39-3ff7abbb9f16@group-8E8DD5C4C90A-FollowerState] INFO  server.RaftServerConfigKeys (ConfUtils.java:logGet(46)) - raft.server.leaderelection.pre-vote = false (custom)
2023-01-03 10:09:19,939 [79f3458c-2c66-4b3a-be39-3ff7abbb9f16@group-8E8DD5C4C90A-FollowerState] INFO  impl.RoleInfo (RoleInfo.java:updateAndGet(139)) - 79f3458c-2c66-4b3a-be39-3ff7abbb9f16: start 79f3458c-2c66-4b3a-be39-3ff7abbb9f16@group-8E8DD5C4C90A-LeaderElection47
2023-01-03 10:09:19,947 [79f3458c-2c66-4b3a-be39-3ff7abbb9f16@group-8E8DD5C4C90A-LeaderElection47] INFO  impl.LeaderElection (LeaderElection.java:askForVotes(312)) - 79f3458c-2c66-4b3a-be39-3ff7abbb9f16@group-8E8DD5C4C90A-LeaderElection47 ELECTION round 0: submit vote requests at term 5 for -1: peers:[2b04a8b1-164a-4310-98e7-450bb9581035|rpc:10.1.0.13:40297|dataStream:10.1.0.13:40255|priority:0|startupRole:FOLLOWER, 79f3458c-2c66-4b3a-be39-3ff7abbb9f16|rpc:10.1.0.13:36965|dataStream:10.1.0.13:36199|priority:1|startupRole:FOLLOWER, 5f4e8170-34f9-42fb-8ea2-3b8d58ff5808|rpc:10.1.0.13:43165|dataStream:10.1.0.13:42261|priority:0|startupRole:FOLLOWER]|listeners:[], old=null
2023-01-03 10:09:19,948 [79f3458c-2c66-4b3a-be39-3ff7abbb9f16@group-8E8DD5C4C90A-LeaderElection47] INFO  server.RaftServerConfigKeys (ConfUtils.java:logFallback(53)) - raft.server.rpc.first-election.timeout.min = 5s (fallback to raft.server.rpc.timeout.min)
2023-01-03 10:09:19,948 [79f3458c-2c66-4b3a-be39-3ff7abbb9f16@group-8E8DD5C4C90A-LeaderElection47] INFO  server.RaftServerConfigKeys (ConfUtils.java:logFallback(53)) - raft.server.rpc.first-election.timeout.max = 5200ms (fallback to raft.server.rpc.timeout.max)
2023-01-03 10:09:19,951 [grpc-default-executor-6] INFO  server.RaftServer$Division (RaftServerImpl.java:requestVote(1218)) - 2b04a8b1-164a-4310-98e7-450bb9581035@group-8E8DD5C4C90A: receive requestVote(ELECTION, 79f3458c-2c66-4b3a-be39-3ff7abbb9f16, group-8E8DD5C4C90A, 5, (t:0, i:0))
2023-01-03 10:09:19,951 [grpc-default-executor-6] INFO  impl.VoteContext (VoteContext.java:log(49)) - 2b04a8b1-164a-4310-98e7-450bb9581035@group-8E8DD5C4C90A-FOLLOWER: accept ELECTION from 79f3458c-2c66-4b3a-be39-3ff7abbb9f16: our priority 0 <= candidate's priority 1
2023-01-03 10:09:19,951 [grpc-default-executor-6] INFO  server.RaftServer$Division (RaftServerImpl.java:setRole(321)) - 2b04a8b1-164a-4310-98e7-450bb9581035@group-8E8DD5C4C90A: changes role from  FOLLOWER to FOLLOWER at term 5 for candidate:79f3458c-2c66-4b3a-be39-3ff7abbb9f16
2023-01-03 10:09:19,951 [grpc-default-executor-6] INFO  impl.RoleInfo (RoleInfo.java:shutdownFollowerState(110)) - 2b04a8b1-164a-4310-98e7-450bb9581035: shutdown 2b04a8b1-164a-4310-98e7-450bb9581035@group-8E8DD5C4C90A-FollowerState
2023-01-03 10:09:19,951 [grpc-default-executor-6] INFO  impl.RoleInfo (RoleInfo.java:updateAndGet(139)) - 2b04a8b1-164a-4310-98e7-450bb9581035: start 2b04a8b1-164a-4310-98e7-450bb9581035@group-8E8DD5C4C90A-FollowerState
2023-01-03 10:09:19,951 [2b04a8b1-164a-4310-98e7-450bb9581035@group-8E8DD5C4C90A-FollowerState] INFO  impl.FollowerState (FollowerState.java:run(152)) - 2b04a8b1-164a-4310-98e7-450bb9581035@group-8E8DD5C4C90A-FollowerState was interrupted
2023-01-03 10:09:19,951 [grpc-default-executor-7] INFO  server.RaftServer$Division (RaftServerImpl.java:requestVote(1218)) - 5f4e8170-34f9-42fb-8ea2-3b8d58ff5808@group-8E8DD5C4C90A: receive requestVote(ELECTION, 79f3458c-2c66-4b3a-be39-3ff7abbb9f16, group-8E8DD5C4C90A, 5, (t:0, i:0))
2023-01-03 10:09:19,951 [grpc-default-executor-7] INFO  impl.VoteContext (VoteContext.java:log(49)) - 5f4e8170-34f9-42fb-8ea2-3b8d58ff5808@group-8E8DD5C4C90A-FOLLOWER: accept ELECTION from 79f3458c-2c66-4b3a-be39-3ff7abbb9f16: our priority 0 <= candidate's priority 1
2023-01-03 10:09:19,951 [grpc-default-executor-7] INFO  server.RaftServer$Division (RaftServerImpl.java:setRole(321)) - 5f4e8170-34f9-42fb-8ea2-3b8d58ff5808@group-8E8DD5C4C90A: changes role from  FOLLOWER to FOLLOWER at term 5 for candidate:79f3458c-2c66-4b3a-be39-3ff7abbb9f16
2023-01-03 10:09:19,951 [grpc-default-executor-7] INFO  impl.RoleInfo (RoleInfo.java:shutdownFollowerState(110)) - 5f4e8170-34f9-42fb-8ea2-3b8d58ff5808: shutdown 5f4e8170-34f9-42fb-8ea2-3b8d58ff5808@group-8E8DD5C4C90A-FollowerState
2023-01-03 10:09:19,951 [2b04a8b1-164a-4310-98e7-450bb9581035@group-8E8DD5C4C90A-FollowerState] INFO  server.RaftServerConfigKeys (ConfUtils.java:logFallback(53)) - raft.server.rpc.first-election.timeout.min = 5s (fallback to raft.server.rpc.timeout.min)
2023-01-03 10:09:19,951 [2b04a8b1-164a-4310-98e7-450bb9581035@group-8E8DD5C4C90A-FollowerState] INFO  server.RaftServerConfigKeys (ConfUtils.java:logFallback(53)) - raft.server.rpc.first-election.timeout.max = 5200ms (fallback to raft.server.rpc.timeout.max)
2023-01-03 10:09:19,952 [grpc-default-executor-7] INFO  impl.RoleInfo (RoleInfo.java:updateAndGet(139)) - 5f4e8170-34f9-42fb-8ea2-3b8d58ff5808: start 5f4e8170-34f9-42fb-8ea2-3b8d58ff5808@group-8E8DD5C4C90A-FollowerState
2023-01-03 10:09:19,952 [5f4e8170-34f9-42fb-8ea2-3b8d58ff5808@group-8E8DD5C4C90A-FollowerState] INFO  impl.FollowerState (FollowerState.java:run(152)) - 5f4e8170-34f9-42fb-8ea2-3b8d58ff5808@group-8E8DD5C4C90A-FollowerState was interrupted
2023-01-03 10:09:19,955 [grpc-default-executor-6] INFO  server.RaftServer$Division (RaftServerImpl.java:requestVote(1251)) - 2b04a8b1-164a-4310-98e7-450bb9581035@group-8E8DD5C4C90A replies to ELECTION vote request: 79f3458c-2c66-4b3a-be39-3ff7abbb9f16<-2b04a8b1-164a-4310-98e7-450bb9581035#0:OK-t5. Peer's state: 2b04a8b1-164a-4310-98e7-450bb9581035@group-8E8DD5C4C90A:t5, leader=null, voted=79f3458c-2c66-4b3a-be39-3ff7abbb9f16, raftlog=Memoized:2b04a8b1-164a-4310-98e7-450bb9581035@group-8E8DD5C4C90A-SegmentedRaftLog:OPENED:c-1, conf=-1: peers:[2b04a8b1-164a-4310-98e7-450bb9581035|rpc:10.1.0.13:40297|dataStream:10.1.0.13:40255|priority:0|startupRole:FOLLOWER, 79f3458c-2c66-4b3a-be39-3ff7abbb9f16|rpc:10.1.0.13:36965|dataStream:10.1.0.13:36199|priority:1|startupRole:FOLLOWER, 5f4e8170-34f9-42fb-8ea2-3b8d58ff5808|rpc:10.1.0.13:43165|dataStream:10.1.0.13:42261|priority:0|startupRole:FOLLOWER]|listeners:[], old=null
2023-01-03 10:09:19,955 [grpc-default-executor-7] INFO  server.RaftServer$Division (RaftServerImpl.java:requestVote(1251)) - 5f4e8170-34f9-42fb-8ea2-3b8d58ff5808@group-8E8DD5C4C90A replies to ELECTION vote request: 79f3458c-2c66-4b3a-be39-3ff7abbb9f16<-5f4e8170-34f9-42fb-8ea2-3b8d58ff5808#0:OK-t5. Peer's state: 5f4e8170-34f9-42fb-8ea2-3b8d58ff5808@group-8E8DD5C4C90A:t5, leader=null, voted=79f3458c-2c66-4b3a-be39-3ff7abbb9f16, raftlog=Memoized:5f4e8170-34f9-42fb-8ea2-3b8d58ff5808@group-8E8DD5C4C90A-SegmentedRaftLog:OPENED:c-1, conf=-1: peers:[2b04a8b1-164a-4310-98e7-450bb9581035|rpc:10.1.0.13:40297|dataStream:10.1.0.13:40255|priority:0|startupRole:FOLLOWER, 79f3458c-2c66-4b3a-be39-3ff7abbb9f16|rpc:10.1.0.13:36965|dataStream:10.1.0.13:36199|priority:1|startupRole:FOLLOWER, 5f4e8170-34f9-42fb-8ea2-3b8d58ff5808|rpc:10.1.0.13:43165|dataStream:10.1.0.13:42261|priority:0|startupRole:FOLLOWER]|listeners:[], old=null
2023-01-03 10:09:19,955 [5f4e8170-34f9-42fb-8ea2-3b8d58ff5808@group-8E8DD5C4C90A-FollowerState] INFO  server.RaftServerConfigKeys (ConfUtils.java:logFallback(53)) - raft.server.rpc.first-election.timeout.min = 5s (fallback to raft.server.rpc.timeout.min)
2023-01-03 10:09:19,955 [5f4e8170-34f9-42fb-8ea2-3b8d58ff5808@group-8E8DD5C4C90A-FollowerState] INFO  server.RaftServerConfigKeys (ConfUtils.java:logFallback(53)) - raft.server.rpc.first-election.timeout.max = 5200ms (fallback to raft.server.rpc.timeout.max)
2023-01-03 10:09:19,956 [79f3458c-2c66-4b3a-be39-3ff7abbb9f16@group-8E8DD5C4C90A-LeaderElection47] INFO  impl.LeaderElection (LeaderElection.java:logAndReturn(90)) - 79f3458c-2c66-4b3a-be39-3ff7abbb9f16@group-8E8DD5C4C90A-LeaderElection47: ELECTION PASSED received 1 response(s) and 0 exception(s):
2023-01-03 10:09:19,956 [79f3458c-2c66-4b3a-be39-3ff7abbb9f16@group-8E8DD5C4C90A-LeaderElection47] INFO  impl.LeaderElection (LeaderElection.java:logAndReturn(94)) -   Response 0: 79f3458c-2c66-4b3a-be39-3ff7abbb9f16<-5f4e8170-34f9-42fb-8ea2-3b8d58ff5808#0:OK-t5
2023-01-03 10:09:19,956 [79f3458c-2c66-4b3a-be39-3ff7abbb9f16@group-8E8DD5C4C90A-LeaderElection47] INFO  impl.LeaderElection (LeaderElection.java:askForVotes(314)) - 79f3458c-2c66-4b3a-be39-3ff7abbb9f16@group-8E8DD5C4C90A-LeaderElection47 ELECTION round 0: result PASSED
2023-01-03 10:09:19,956 [79f3458c-2c66-4b3a-be39-3ff7abbb9f16@group-8E8DD5C4C90A-LeaderElection47] INFO  impl.RoleInfo (RoleInfo.java:shutdownLeaderElection(130)) - 79f3458c-2c66-4b3a-be39-3ff7abbb9f16: shutdown 79f3458c-2c66-4b3a-be39-3ff7abbb9f16@group-8E8DD5C4C90A-LeaderElection47
2023-01-03 10:09:19,956 [79f3458c-2c66-4b3a-be39-3ff7abbb9f16@group-8E8DD5C4C90A-LeaderElection47] INFO  server.RaftServer$Division (RaftServerImpl.java:setRole(321)) - 79f3458c-2c66-4b3a-be39-3ff7abbb9f16@group-8E8DD5C4C90A: changes role from CANDIDATE to LEADER at term 5 for changeToLeader
2023-01-03 10:09:19,956 [79f3458c-2c66-4b3a-be39-3ff7abbb9f16@group-8E8DD5C4C90A-LeaderElection47] INFO  ratis.XceiverServerRatis (XceiverServerRatis.java:handleLeaderChangedNotification(904)) - Leader change notification received for group: group-8E8DD5C4C90A with new leaderId: 79f3458c-2c66-4b3a-be39-3ff7abbb9f16
2023-01-03 10:09:19,956 [79f3458c-2c66-4b3a-be39-3ff7abbb9f16@group-8E8DD5C4C90A-LeaderElection47] INFO  server.RaftServer$Division (ServerState.java:setLeader(313)) - 79f3458c-2c66-4b3a-be39-3ff7abbb9f16@group-8E8DD5C4C90A: change Leader from null to 79f3458c-2c66-4b3a-be39-3ff7abbb9f16 at term 5 for becomeLeader, leader elected after 25577ms
2023-01-03 10:09:19,956 [79f3458c-2c66-4b3a-be39-3ff7abbb9f16@group-8E8DD5C4C90A-LeaderElection47] INFO  server.RaftServerConfigKeys (ConfUtils.java:logGet(46)) - raft.server.staging.catchup.gap = 1000 (default)
2023-01-03 10:09:19,956 [79f3458c-2c66-4b3a-be39-3ff7abbb9f16@group-8E8DD5C4C90A-LeaderElection47] INFO  server.RaftServerConfigKeys (ConfUtils.java:logGet(46)) - raft.server.write.element-limit = 1024 (custom)
2023-01-03 10:09:19,956 [79f3458c-2c66-4b3a-be39-3ff7abbb9f16@group-8E8DD5C4C90A-LeaderElection47] INFO  server.RaftServerConfigKeys (ConfUtils.java:logGet(46)) - raft.server.write.byte-limit = 1024 M (=1073741824) (custom)
2023-01-03 10:09:19,957 [79f3458c-2c66-4b3a-be39-3ff7abbb9f16@group-8E8DD5C4C90A-LeaderElection47] INFO  server.RaftServerConfigKeys (ConfUtils.java:logGet(46)) - raft.server.watch.timeout = 180s (custom)
2023-01-03 10:09:19,957 [79f3458c-2c66-4b3a-be39-3ff7abbb9f16@group-8E8DD5C4C90A-LeaderElection47] INFO  server.RaftServerConfigKeys (ConfUtils.java:logGet(46)) - raft.server.watch.timeout.denomination = 1s (default)
2023-01-03 10:09:19,957 [79f3458c-2c66-4b3a-be39-3ff7abbb9f16@group-8E8DD5C4C90A-LeaderElection47] INFO  server.RaftServerConfigKeys (ConfUtils.java:logGet(46)) - raft.server.watch.element-limit = 65536 (default)
2023-01-03 10:09:19,957 [79f3458c-2c66-4b3a-be39-3ff7abbb9f16@group-8E8DD5C4C90A-LeaderElection47] INFO  server.RaftServerConfigKeys (ConfUtils.java:logGet(46)) - raft.server.write.element-limit = 1024 (custom)
2023-01-03 10:09:19,957 [79f3458c-2c66-4b3a-be39-3ff7abbb9f16@group-8E8DD5C4C90A-LeaderElection47] INFO  server.RaftServerConfigKeys (ConfUtils.java:logGet(46)) - raft.server.write.follower.gap.ratio.max = -1.0 (default)
2023-01-03 10:09:19,957 [79f3458c-2c66-4b3a-be39-3ff7abbb9f16@group-8E8DD5C4C90A-LeaderElection47] INFO  server.RaftServerConfigKeys (ConfUtils.java:logGet(46)) - raft.server.log.appender.snapshot.chunk.size.max = 16MB (=16777216) (default)
2023-01-03 10:09:19,957 [79f3458c-2c66-4b3a-be39-3ff7abbb9f16@group-8E8DD5C4C90A-LeaderElection47] INFO  server.RaftServerConfigKeys (ConfUtils.java:logGet(46)) - raft.server.log.appender.buffer.byte-limit = 33554432 (custom)
2023-01-03 10:09:19,957 [79f3458c-2c66-4b3a-be39-3ff7abbb9f16@group-8E8DD5C4C90A-LeaderElection47] INFO  server.RaftServerConfigKeys (ConfUtils.java:logGet(46)) - raft.server.log.appender.buffer.element-limit = 1 (custom)
2023-01-03 10:09:19,957 [79f3458c-2c66-4b3a-be39-3ff7abbb9f16@group-8E8DD5C4C90A-LeaderElection47] INFO  grpc.GrpcConfigKeys (ConfUtils.java:logGet(46)) - raft.grpc.server.leader.outstanding.appends.max = 128 (default)
2023-01-03 10:09:19,957 [79f3458c-2c66-4b3a-be39-3ff7abbb9f16@group-8E8DD5C4C90A-LeaderElection47] INFO  server.RaftServerConfigKeys (ConfUtils.java:logGet(46)) - raft.server.rpc.request.timeout = 60s (custom)
2023-01-03 10:09:19,957 [79f3458c-2c66-4b3a-be39-3ff7abbb9f16@group-8E8DD5C4C90A-LeaderElection47] INFO  server.RaftServerConfigKeys (ConfUtils.java:logGet(46)) - raft.server.log.appender.install.snapshot.enabled = false (custom)
2023-01-03 10:09:19,958 [79f3458c-2c66-4b3a-be39-3ff7abbb9f16@group-8E8DD5C4C90A-LeaderElection47] INFO  grpc.GrpcConfigKeys (ConfUtils.java:logGet(46)) - raft.grpc.server.heartbeat.channel = true (default)
2023-01-03 10:09:19,958 [79f3458c-2c66-4b3a-be39-3ff7abbb9f16@group-8E8DD5C4C90A-LeaderElection47] INFO  server.RaftServerConfigKeys (ConfUtils.java:logGet(46)) - raft.server.log.appender.wait-time.min = 10ms (default)
2023-01-03 10:09:19,958 [79f3458c-2c66-4b3a-be39-3ff7abbb9f16@group-8E8DD5C4C90A-LeaderElection47] INFO  server.RaftServerConfigKeys (ConfUtils.java:logGet(46)) - raft.server.log.appender.snapshot.chunk.size.max = 16MB (=16777216) (default)
2023-01-03 10:09:19,958 [79f3458c-2c66-4b3a-be39-3ff7abbb9f16@group-8E8DD5C4C90A-LeaderElection47] INFO  server.RaftServerConfigKeys (ConfUtils.java:logGet(46)) - raft.server.log.appender.buffer.byte-limit = 33554432 (custom)
2023-01-03 10:09:19,958 [79f3458c-2c66-4b3a-be39-3ff7abbb9f16@group-8E8DD5C4C90A-LeaderElection47] INFO  server.RaftServerConfigKeys (ConfUtils.java:logGet(46)) - raft.server.log.appender.buffer.element-limit = 1 (custom)
2023-01-03 10:09:19,958 [79f3458c-2c66-4b3a-be39-3ff7abbb9f16@group-8E8DD5C4C90A-LeaderElection47] INFO  grpc.GrpcConfigKeys (ConfUtils.java:logGet(46)) - raft.grpc.server.leader.outstanding.appends.max = 128 (default)
2023-01-03 10:09:19,958 [79f3458c-2c66-4b3a-be39-3ff7abbb9f16@group-8E8DD5C4C90A-LeaderElection47] INFO  server.RaftServerConfigKeys (ConfUtils.java:logGet(46)) - raft.server.rpc.request.timeout = 60s (custom)
2023-01-03 10:09:19,958 [79f3458c-2c66-4b3a-be39-3ff7abbb9f16@group-8E8DD5C4C90A-LeaderElection47] INFO  server.RaftServerConfigKeys (ConfUtils.java:logGet(46)) - raft.server.log.appender.install.snapshot.enabled = false (custom)
2023-01-03 10:09:19,958 [79f3458c-2c66-4b3a-be39-3ff7abbb9f16@group-8E8DD5C4C90A-LeaderElection47] INFO  grpc.GrpcConfigKeys (ConfUtils.java:logGet(46)) - raft.grpc.server.heartbeat.channel = true (default)
2023-01-03 10:09:19,958 [79f3458c-2c66-4b3a-be39-3ff7abbb9f16@group-8E8DD5C4C90A-LeaderElection47] INFO  server.RaftServerConfigKeys (ConfUtils.java:logGet(46)) - raft.server.log.appender.wait-time.min = 10ms (default)
2023-01-03 10:09:19,959 [EventQueue-PipelineReportForPipelineReportHandler] INFO  pipeline.PipelineManagerImpl (PipelineManagerImpl.java:openPipeline(367)) - Pipeline Pipeline[ Id: 50c77487-7da9-455f-8830-8e8dd5c4c90a, Nodes: 2b04a8b1-164a-4310-98e7-450bb9581035{ip: 10.1.0.13, host: fv-az292-374.tqgtyn10aqxuxoi0mkfbldi5vh.jx.internal.cloudapp.net, ports: [REPLICATION=39627, RATIS=40297, RATIS_ADMIN=40297, RATIS_SERVER=40297, RATIS_DATASTREAM=40255, STANDALONE=33985], networkLocation: /default-rack, certSerialId: null, persistedOpState: IN_SERVICE, persistedOpStateExpiryEpochSec: 0}79f3458c-2c66-4b3a-be39-3ff7abbb9f16{ip: 10.1.0.13, host: fv-az292-374.tqgtyn10aqxuxoi0mkfbldi5vh.jx.internal.cloudapp.net, ports: [REPLICATION=45677, RATIS=36965, RATIS_ADMIN=36965, RATIS_SERVER=36965, RATIS_DATASTREAM=36199, STANDALONE=36935], networkLocation: /default-rack, certSerialId: null, persistedOpState: IN_SERVICE, persistedOpStateExpiryEpochSec: 0}5f4e8170-34f9-42fb-8ea2-3b8d58ff5808{ip: 10.1.0.13, host: fv-az292-374.tqgtyn10aqxuxoi0mkfbldi5vh.jx.internal.cloudapp.net, ports: [REPLICATION=37739, RATIS=43165, RATIS_ADMIN=43165, RATIS_SERVER=43165, RATIS_DATASTREAM=42261, STANDALONE=46235], networkLocation: /default-rack, certSerialId: null, persistedOpState: IN_SERVICE, persistedOpStateExpiryEpochSec: 0}, ReplicationConfig: RATIS/THREE, State:ALLOCATED, leaderId:79f3458c-2c66-4b3a-be39-3ff7abbb9f16, CreationTimestamp2023-01-03T10:08:51.966Z[Etc/UTC]] moved to OPEN state
2023-01-03 10:09:19,958 [EventQueue-CommandQueueReportForCommandQueueReportHandler] WARN  events.EventQueue (EventQueue.java:fireEvent(216)) - No event handler registered for event TypedEvent{payloadType=DatanodeDetails, name='Datanode_Command_Queue_Updated'}
2023-01-03 10:09:19,959 [79f3458c-2c66-4b3a-be39-3ff7abbb9f16@group-8E8DD5C4C90A-LeaderElection47] INFO  impl.RoleInfo (RoleInfo.java:updateAndGet(139)) - 79f3458c-2c66-4b3a-be39-3ff7abbb9f16: start 79f3458c-2c66-4b3a-be39-3ff7abbb9f16@group-8E8DD5C4C90A-LeaderStateImpl
2023-01-03 10:09:19,960 [79f3458c-2c66-4b3a-be39-3ff7abbb9f16@group-8E8DD5C4C90A-LeaderElection47] INFO  segmented.SegmentedRaftLogWorker (SegmentedRaftLogWorker.java:startLogSegment(452)) - 79f3458c-2c66-4b3a-be39-3ff7abbb9f16@group-8E8DD5C4C90A-SegmentedRaftLogWorker: Starting segment from index:0
2023-01-03 10:09:19,962 [79f3458c-2c66-4b3a-be39-3ff7abbb9f16@group-8E8DD5C4C90A-LeaderElection47] INFO  server.RaftServer$Division (ServerState.java:setRaftConf(430)) - 79f3458c-2c66-4b3a-be39-3ff7abbb9f16@group-8E8DD5C4C90A: set configuration 0: peers:[2b04a8b1-164a-4310-98e7-450bb9581035|rpc:10.1.0.13:40297|dataStream:10.1.0.13:40255|priority:0|startupRole:FOLLOWER, 79f3458c-2c66-4b3a-be39-3ff7abbb9f16|rpc:10.1.0.13:36965|dataStream:10.1.0.13:36199|priority:1|startupRole:FOLLOWER, 5f4e8170-34f9-42fb-8ea2-3b8d58ff5808|rpc:10.1.0.13:43165|dataStream:10.1.0.13:42261|priority:0|startupRole:FOLLOWER]|listeners:[], old=null
2023-01-03 10:09:19,967 [79f3458c-2c66-4b3a-be39-3ff7abbb9f16@group-8E8DD5C4C90A-SegmentedRaftLogWorker] INFO  segmented.SegmentedRaftLogWorker (SegmentedRaftLogWorker.java:execute(656)) - 79f3458c-2c66-4b3a-be39-3ff7abbb9f16@group-8E8DD5C4C90A-SegmentedRaftLogWorker: created new log segment /home/runner/work/ozone/ozone/hadoop-ozone/integration-test/target/test-dir/MiniOzoneClusterImpl-1bcd6b1f-11f6-453e-b314-ff0bb9fde82c/datanode-1/data/ratis/50c77487-7da9-455f-8830-8e8dd5c4c90a/current/log_inprogress_0
2023-01-03 10:09:19,974 [5f4e8170-34f9-42fb-8ea2-3b8d58ff5808-server-thread1] INFO  ratis.XceiverServerRatis (XceiverServerRatis.java:handleLeaderChangedNotification(904)) - Leader change notification received for group: group-8E8DD5C4C90A with new leaderId: 79f3458c-2c66-4b3a-be39-3ff7abbb9f16
2023-01-03 10:09:19,974 [5f4e8170-34f9-42fb-8ea2-3b8d58ff5808-server-thread1] INFO  server.RaftServer$Division (ServerState.java:setLeader(313)) - 5f4e8170-34f9-42fb-8ea2-3b8d58ff5808@group-8E8DD5C4C90A: change Leader from null to 79f3458c-2c66-4b3a-be39-3ff7abbb9f16 at term 5 for appendEntries, leader elected after 25511ms
2023-01-03 10:09:19,978 [2b04a8b1-164a-4310-98e7-450bb9581035-server-thread1] INFO  ratis.XceiverServerRatis (XceiverServerRatis.java:handleLeaderChangedNotification(904)) - Leader change notification received for group: group-8E8DD5C4C90A with new leaderId: 79f3458c-2c66-4b3a-be39-3ff7abbb9f16
2023-01-03 10:09:19,978 [2b04a8b1-164a-4310-98e7-450bb9581035-server-thread1] INFO  server.RaftServer$Division (ServerState.java:setLeader(313)) - 2b04a8b1-164a-4310-98e7-450bb9581035@group-8E8DD5C4C90A: change Leader from null to 79f3458c-2c66-4b3a-be39-3ff7abbb9f16 at term 5 for appendEntries, leader elected after 25619ms
2023-01-03 10:09:20,032 [5f4e8170-34f9-42fb-8ea2-3b8d58ff5808-server-thread3] INFO  server.RaftServer$Division (ServerState.java:setRaftConf(430)) - 5f4e8170-34f9-42fb-8ea2-3b8d58ff5808@group-8E8DD5C4C90A: set configuration 0: peers:[2b04a8b1-164a-4310-98e7-450bb9581035|rpc:10.1.0.13:40297|dataStream:10.1.0.13:40255|priority:0|startupRole:FOLLOWER, 79f3458c-2c66-4b3a-be39-3ff7abbb9f16|rpc:10.1.0.13:36965|dataStream:10.1.0.13:36199|priority:1|startupRole:FOLLOWER, 5f4e8170-34f9-42fb-8ea2-3b8d58ff5808|rpc:10.1.0.13:43165|dataStream:10.1.0.13:42261|priority:0|startupRole:FOLLOWER]|listeners:[], old=null
2023-01-03 10:09:20,033 [2b04a8b1-164a-4310-98e7-450bb9581035-server-thread2] INFO  server.RaftServer$Division (ServerState.java:setRaftConf(430)) - 2b04a8b1-164a-4310-98e7-450bb9581035@group-8E8DD5C4C90A: set configuration 0: peers:[2b04a8b1-164a-4310-98e7-450bb9581035|rpc:10.1.0.13:40297|dataStream:10.1.0.13:40255|priority:0|startupRole:FOLLOWER, 79f3458c-2c66-4b3a-be39-3ff7abbb9f16|rpc:10.1.0.13:36965|dataStream:10.1.0.13:36199|priority:1|startupRole:FOLLOWER, 5f4e8170-34f9-42fb-8ea2-3b8d58ff5808|rpc:10.1.0.13:43165|dataStream:10.1.0.13:42261|priority:0|startupRole:FOLLOWER]|listeners:[], old=null
2023-01-03 10:09:20,036 [5f4e8170-34f9-42fb-8ea2-3b8d58ff5808-server-thread3] INFO  segmented.SegmentedRaftLogWorker (SegmentedRaftLogWorker.java:startLogSegment(452)) - 5f4e8170-34f9-42fb-8ea2-3b8d58ff5808@group-8E8DD5C4C90A-SegmentedRaftLogWorker: Starting segment from index:0
2023-01-03 10:09:20,038 [2b04a8b1-164a-4310-98e7-450bb9581035-server-thread2] INFO  segmented.SegmentedRaftLogWorker (SegmentedRaftLogWorker.java:startLogSegment(452)) - 2b04a8b1-164a-4310-98e7-450bb9581035@group-8E8DD5C4C90A-SegmentedRaftLogWorker: Starting segment from index:0
2023-01-03 10:09:20,040 [5f4e8170-34f9-42fb-8ea2-3b8d58ff5808@group-8E8DD5C4C90A-SegmentedRaftLogWorker] INFO  segmented.SegmentedRaftLogWorker (SegmentedRaftLogWorker.java:execute(656)) - 5f4e8170-34f9-42fb-8ea2-3b8d58ff5808@group-8E8DD5C4C90A-SegmentedRaftLogWorker: created new log segment /home/runner/work/ozone/ozone/hadoop-ozone/integration-test/target/test-dir/MiniOzoneClusterImpl-1bcd6b1f-11f6-453e-b314-ff0bb9fde82c/datanode-2/data/ratis/50c77487-7da9-455f-8830-8e8dd5c4c90a/current/log_inprogress_0
2023-01-03 10:09:20,040 [2b04a8b1-164a-4310-98e7-450bb9581035@group-8E8DD5C4C90A-SegmentedRaftLogWorker] INFO  segmented.SegmentedRaftLogWorker (SegmentedRaftLogWorker.java:execute(656)) - 2b04a8b1-164a-4310-98e7-450bb9581035@group-8E8DD5C4C90A-SegmentedRaftLogWorker: created new log segment /home/runner/work/ozone/ozone/hadoop-ozone/integration-test/target/test-dir/MiniOzoneClusterImpl-1bcd6b1f-11f6-453e-b314-ff0bb9fde82c/datanode-0/data/ratis/50c77487-7da9-455f-8830-8e8dd5c4c90a/current/log_inprogress_0
2023-01-03 10:09:20,414 [EventQueue-CommandQueueReportForCommandQueueReportHandler] WARN  events.EventQueue (EventQueue.java:fireEvent(216)) - No event handler registered for event TypedEvent{payloadType=DatanodeDetails, name='Datanode_Command_Queue_Updated'}
2023-01-03 10:09:20,643 [EventQueue-CommandQueueReportForCommandQueueReportHandler] WARN  events.EventQueue (EventQueue.java:fireEvent(216)) - No event handler registered for event TypedEvent{payloadType=DatanodeDetails, name='Datanode_Command_Queue_Updated'}
2023-01-03 10:09:20,784 [EventQueue-CommandQueueReportForCommandQueueReportHandler] WARN  events.EventQueue (EventQueue.java:fireEvent(216)) - No event handler registered for event TypedEvent{payloadType=DatanodeDetails, name='Datanode_Command_Queue_Updated'}
2023-01-03 10:09:20,793 [EventQueue-CommandQueueReportForCommandQueueReportHandler] WARN  events.EventQueue (EventQueue.java:fireEvent(216)) - No event handler registered for event TypedEvent{payloadType=DatanodeDetails, name='Datanode_Command_Queue_Updated'}
2023-01-03 10:09:20,957 [EventQueue-CommandQueueReportForCommandQueueReportHandler] WARN  events.EventQueue (EventQueue.java:fireEvent(216)) - No event handler registered for event TypedEvent{payloadType=DatanodeDetails, name='Datanode_Command_Queue_Updated'}
2023-01-03 10:09:21,414 [EventQueue-CommandQueueReportForCommandQueueReportHandler] WARN  events.EventQueue (EventQueue.java:fireEvent(216)) - No event handler registered for event TypedEvent{payloadType=DatanodeDetails, name='Datanode_Command_Queue_Updated'}
2023-01-03 10:09:21,643 [EventQueue-CommandQueueReportForCommandQueueReportHandler] WARN  events.EventQueue (EventQueue.java:fireEvent(216)) - No event handler registered for event TypedEvent{payloadType=DatanodeDetails, name='Datanode_Command_Queue_Updated'}
2023-01-03 10:09:21,785 [EventQueue-CommandQueueReportForCommandQueueReportHandler] WARN  events.EventQueue (EventQueue.java:fireEvent(216)) - No event handler registered for event TypedEvent{payloadType=DatanodeDetails, name='Datanode_Command_Queue_Updated'}
2023-01-03 10:09:21,793 [EventQueue-CommandQueueReportForCommandQueueReportHandler] WARN  events.EventQueue (EventQueue.java:fireEvent(216)) - No event handler registered for event TypedEvent{payloadType=DatanodeDetails, name='Datanode_Command_Queue_Updated'}
2023-01-03 10:09:21,958 [EventQueue-CommandQueueReportForCommandQueueReportHandler] WARN  events.EventQueue (EventQueue.java:fireEvent(216)) - No event handler registered for event TypedEvent{payloadType=DatanodeDetails, name='Datanode_Command_Queue_Updated'}
2023-01-03 10:09:22,413 [EventQueue-CommandQueueReportForCommandQueueReportHandler] WARN  events.EventQueue (EventQueue.java:fireEvent(216)) - No event handler registered for event TypedEvent{payloadType=DatanodeDetails, name='Datanode_Command_Queue_Updated'}
2023-01-03 10:09:22,646 [EventQueue-CommandQueueReportForCommandQueueReportHandler] WARN  events.EventQueue (EventQueue.java:fireEvent(216)) - No event handler registered for event TypedEvent{payloadType=DatanodeDetails, name='Datanode_Command_Queue_Updated'}
2023-01-03 10:09:22,784 [EventQueue-CommandQueueReportForCommandQueueReportHandler] WARN  events.EventQueue (EventQueue.java:fireEvent(216)) - No event handler registered for event TypedEvent{payloadType=DatanodeDetails, name='Datanode_Command_Queue_Updated'}
2023-01-03 10:09:22,793 [EventQueue-CommandQueueReportForCommandQueueReportHandler] WARN  events.EventQueue (EventQueue.java:fireEvent(216)) - No event handler registered for event TypedEvent{payloadType=DatanodeDetails, name='Datanode_Command_Queue_Updated'}
2023-01-03 10:09:22,959 [EventQueue-CommandQueueReportForCommandQueueReportHandler] WARN  events.EventQueue (EventQueue.java:fireEvent(216)) - No event handler registered for event TypedEvent{payloadType=DatanodeDetails, name='Datanode_Command_Queue_Updated'}
]]></system-out>
  </testcase>
  <testcase name="testRenameToTrashEnabled" classname="TestOzoneFileSystem" time="0.17">
    <system-out><![CDATA[2023-01-03 10:06:53,907 [EventQueue-CommandQueueReportForCommandQueueReportHandler] WARN  events.EventQueue (EventQueue.java:fireEvent(216)) - No event handler registered for event TypedEvent{payloadType=DatanodeDetails, name='Datanode_Command_Queue_Updated'}
2023-01-03 10:06:53,922 [EventQueue-CommandQueueReportForCommandQueueReportHandler] WARN  events.EventQueue (EventQueue.java:fireEvent(216)) - No event handler registered for event TypedEvent{payloadType=DatanodeDetails, name='Datanode_Command_Queue_Updated'}
2023-01-03 10:06:53,923 [EventQueue-CommandQueueReportForCommandQueueReportHandler] WARN  events.EventQueue (EventQueue.java:fireEvent(216)) - No event handler registered for event TypedEvent{payloadType=DatanodeDetails, name='Datanode_Command_Queue_Updated'}
10:06:53.995 [IPC Server handler 2 on default port 41175] ERROR OMAudit - user=runner | ip=127.0.0.1 | op=GET_FILE_STATUS {volume=volume17571, bucket=bucket85979, key=.Trash/runner/Current/testKey1, dataSize=0, replicationConfig=null} | ret=FAILURE
org.apache.hadoop.ozone.om.exceptions.OMException: Unable to get file status: volume: volume17571 bucket: bucket85979 key: .Trash/runner/Current/testKey1
	at org.apache.hadoop.ozone.om.KeyManagerImpl.getOzoneFileStatus(KeyManagerImpl.java:1301) ~[ozone-manager-1.4.0-SNAPSHOT.jar:?]
	at org.apache.hadoop.ozone.om.KeyManagerImpl.getFileStatus(KeyManagerImpl.java:1219) ~[ozone-manager-1.4.0-SNAPSHOT.jar:?]
	at org.apache.hadoop.ozone.om.OzoneManager.getFileStatus(OzoneManager.java:3578) ~[ozone-manager-1.4.0-SNAPSHOT.jar:?]
	at org.apache.hadoop.ozone.protocolPB.OzoneManagerRequestHandler.getOzoneFileStatus(OzoneManagerRequestHandler.java:907) ~[ozone-manager-1.4.0-SNAPSHOT.jar:?]
	at org.apache.hadoop.ozone.protocolPB.OzoneManagerRequestHandler.handleReadRequest(OzoneManagerRequestHandler.java:231) ~[ozone-manager-1.4.0-SNAPSHOT.jar:?]
	at org.apache.hadoop.ozone.protocolPB.OzoneManagerProtocolServerSideTranslatorPB.submitReadRequestToOM(OzoneManagerProtocolServerSideTranslatorPB.java:226) ~[ozone-manager-1.4.0-SNAPSHOT.jar:?]
	at org.apache.hadoop.ozone.protocolPB.OzoneManagerProtocolServerSideTranslatorPB.processRequest(OzoneManagerProtocolServerSideTranslatorPB.java:175) ~[ozone-manager-1.4.0-SNAPSHOT.jar:?]
	at org.apache.hadoop.hdds.server.OzoneProtocolMessageDispatcher.processRequest(OzoneProtocolMessageDispatcher.java:87) [hdds-server-framework-1.4.0-SNAPSHOT.jar:?]
	at org.apache.hadoop.ozone.protocolPB.OzoneManagerProtocolServerSideTranslatorPB.submitRequest(OzoneManagerProtocolServerSideTranslatorPB.java:147) [ozone-manager-1.4.0-SNAPSHOT.jar:?]
	at org.apache.hadoop.ozone.protocol.proto.OzoneManagerProtocolProtos$OzoneManagerService$2.callBlockingMethod(OzoneManagerProtocolProtos.java) [ozone-interface-client-1.4.0-SNAPSHOT.jar:?]
	at org.apache.hadoop.ipc.ProtobufRpcEngine$Server.processCall(ProtobufRpcEngine.java:465) [hadoop-common-3.3.4.jar:?]
	at org.apache.hadoop.ipc.ProtobufRpcEngine2$Server$ProtoBufRpcInvoker.call(ProtobufRpcEngine2.java:578) [hadoop-common-3.3.4.jar:?]
	at org.apache.hadoop.ipc.ProtobufRpcEngine2$Server$ProtoBufRpcInvoker.call(ProtobufRpcEngine2.java:556) [hadoop-common-3.3.4.jar:?]
	at org.apache.hadoop.ipc.RPC$Server.call(RPC.java:1093) [hadoop-common-3.3.4.jar:?]
	at org.apache.hadoop.ipc.Server$RpcCall.run(Server.java:1043) [hadoop-common-3.3.4.jar:?]
	at org.apache.hadoop.ipc.Server$RpcCall.run(Server.java:971) [hadoop-common-3.3.4.jar:?]
	at java.security.AccessController.doPrivileged(Native Method) ~[?:1.8.0_352]
	at javax.security.auth.Subject.doAs(Subject.java:422) [?:1.8.0_352]
	at org.apache.hadoop.security.UserGroupInformation.doAs(UserGroupInformation.java:1878) [hadoop-common-3.3.4.jar:?]
	at org.apache.hadoop.ipc.Server$Handler.run(Server.java:2976) [hadoop-common-3.3.4.jar:?]
10:06:54.003 [IPC Server handler 0 on default port 41175] ERROR OMAudit - user=runner | ip=127.0.0.1 | op=GET_FILE_STATUS {volume=volume17571, bucket=bucket85979, key=.Trash/runner/Current/testKey1, dataSize=0, replicationConfig=null} | ret=FAILURE
org.apache.hadoop.ozone.om.exceptions.OMException: Unable to get file status: volume: volume17571 bucket: bucket85979 key: .Trash/runner/Current/testKey1
	at org.apache.hadoop.ozone.om.KeyManagerImpl.getOzoneFileStatus(KeyManagerImpl.java:1301) ~[ozone-manager-1.4.0-SNAPSHOT.jar:?]
	at org.apache.hadoop.ozone.om.KeyManagerImpl.getFileStatus(KeyManagerImpl.java:1219) ~[ozone-manager-1.4.0-SNAPSHOT.jar:?]
	at org.apache.hadoop.ozone.om.OzoneManager.getFileStatus(OzoneManager.java:3578) ~[ozone-manager-1.4.0-SNAPSHOT.jar:?]
	at org.apache.hadoop.ozone.protocolPB.OzoneManagerRequestHandler.getOzoneFileStatus(OzoneManagerRequestHandler.java:907) ~[ozone-manager-1.4.0-SNAPSHOT.jar:?]
	at org.apache.hadoop.ozone.protocolPB.OzoneManagerRequestHandler.handleReadRequest(OzoneManagerRequestHandler.java:231) ~[ozone-manager-1.4.0-SNAPSHOT.jar:?]
	at org.apache.hadoop.ozone.protocolPB.OzoneManagerProtocolServerSideTranslatorPB.submitReadRequestToOM(OzoneManagerProtocolServerSideTranslatorPB.java:226) ~[ozone-manager-1.4.0-SNAPSHOT.jar:?]
	at org.apache.hadoop.ozone.protocolPB.OzoneManagerProtocolServerSideTranslatorPB.processRequest(OzoneManagerProtocolServerSideTranslatorPB.java:175) ~[ozone-manager-1.4.0-SNAPSHOT.jar:?]
	at org.apache.hadoop.hdds.server.OzoneProtocolMessageDispatcher.processRequest(OzoneProtocolMessageDispatcher.java:87) [hdds-server-framework-1.4.0-SNAPSHOT.jar:?]
	at org.apache.hadoop.ozone.protocolPB.OzoneManagerProtocolServerSideTranslatorPB.submitRequest(OzoneManagerProtocolServerSideTranslatorPB.java:147) [ozone-manager-1.4.0-SNAPSHOT.jar:?]
	at org.apache.hadoop.ozone.protocol.proto.OzoneManagerProtocolProtos$OzoneManagerService$2.callBlockingMethod(OzoneManagerProtocolProtos.java) [ozone-interface-client-1.4.0-SNAPSHOT.jar:?]
	at org.apache.hadoop.ipc.ProtobufRpcEngine$Server.processCall(ProtobufRpcEngine.java:465) [hadoop-common-3.3.4.jar:?]
	at org.apache.hadoop.ipc.ProtobufRpcEngine2$Server$ProtoBufRpcInvoker.call(ProtobufRpcEngine2.java:578) [hadoop-common-3.3.4.jar:?]
	at org.apache.hadoop.ipc.ProtobufRpcEngine2$Server$ProtoBufRpcInvoker.call(ProtobufRpcEngine2.java:556) [hadoop-common-3.3.4.jar:?]
	at org.apache.hadoop.ipc.RPC$Server.call(RPC.java:1093) [hadoop-common-3.3.4.jar:?]
	at org.apache.hadoop.ipc.Server$RpcCall.run(Server.java:1043) [hadoop-common-3.3.4.jar:?]
	at org.apache.hadoop.ipc.Server$RpcCall.run(Server.java:971) [hadoop-common-3.3.4.jar:?]
	at java.security.AccessController.doPrivileged(Native Method) ~[?:1.8.0_352]
	at javax.security.auth.Subject.doAs(Subject.java:422) [?:1.8.0_352]
	at org.apache.hadoop.security.UserGroupInformation.doAs(UserGroupInformation.java:1878) [hadoop-common-3.3.4.jar:?]
	at org.apache.hadoop.ipc.Server$Handler.run(Server.java:2976) [hadoop-common-3.3.4.jar:?]
2023-01-03 10:06:54,009 [Time-limited test] INFO  om.TrashPolicyOzone (TrashPolicyOzone.java:moveToTrash(208)) - Moved: '/testKey1' to trash at: /.Trash/runner/Current/testKey1
2023-01-03 10:06:54,023 [OM StateMachine ApplyTransaction Thread - 0] ERROR key.OMKeysDeleteRequest (OMKeysDeleteRequest.java:validateAndUpdateCache(146)) - Received a request to delete a Key does not exist /volume17571/bucket85979/.Trash/runner/Current/testKey1
2023-01-03 10:06:54,023 [Time-limited test] ERROR ozone.BasicOzoneClientAdapterImpl (BasicOzoneClientAdapterImpl.java:deleteObjects(377)) - delete key failed 
]]></system-out>
  </testcase>
  <testcase name="testRenameToTrashEnabled" classname="TestOzoneFileSystem" time="0.111">
    <system-out><![CDATA[2023-01-03 10:07:42,422 [EventQueue-CommandQueueReportForCommandQueueReportHandler] WARN  events.EventQueue (EventQueue.java:fireEvent(216)) - No event handler registered for event TypedEvent{payloadType=DatanodeDetails, name='Datanode_Command_Queue_Updated'}
2023-01-03 10:07:42,431 [EventQueue-CommandQueueReportForCommandQueueReportHandler] WARN  events.EventQueue (EventQueue.java:fireEvent(216)) - No event handler registered for event TypedEvent{payloadType=DatanodeDetails, name='Datanode_Command_Queue_Updated'}
2023-01-03 10:07:42,432 [EventQueue-CommandQueueReportForCommandQueueReportHandler] WARN  events.EventQueue (EventQueue.java:fireEvent(216)) - No event handler registered for event TypedEvent{payloadType=DatanodeDetails, name='Datanode_Command_Queue_Updated'}
10:07:42.477 [IPC Server handler 16 on default port 46801] ERROR OMAudit - user=runner | ip=127.0.0.1 | op=GET_FILE_STATUS {volume=volume72509, bucket=bucket24043, key=.Trash/runner/Current/testKey1, dataSize=0, replicationConfig=null} | ret=FAILURE
org.apache.hadoop.ozone.om.exceptions.OMException: Unable to get file status: volume: volume72509 bucket: bucket24043 key: .Trash/runner/Current/testKey1
	at org.apache.hadoop.ozone.om.KeyManagerImpl.getOzoneFileStatus(KeyManagerImpl.java:1301) ~[ozone-manager-1.4.0-SNAPSHOT.jar:?]
	at org.apache.hadoop.ozone.om.KeyManagerImpl.getFileStatus(KeyManagerImpl.java:1219) ~[ozone-manager-1.4.0-SNAPSHOT.jar:?]
	at org.apache.hadoop.ozone.om.OzoneManager.getFileStatus(OzoneManager.java:3578) ~[ozone-manager-1.4.0-SNAPSHOT.jar:?]
	at org.apache.hadoop.ozone.protocolPB.OzoneManagerRequestHandler.getOzoneFileStatus(OzoneManagerRequestHandler.java:907) ~[ozone-manager-1.4.0-SNAPSHOT.jar:?]
	at org.apache.hadoop.ozone.protocolPB.OzoneManagerRequestHandler.handleReadRequest(OzoneManagerRequestHandler.java:231) ~[ozone-manager-1.4.0-SNAPSHOT.jar:?]
	at org.apache.hadoop.ozone.protocolPB.OzoneManagerProtocolServerSideTranslatorPB.submitRequestDirectlyToOM(OzoneManagerProtocolServerSideTranslatorPB.java:276) ~[ozone-manager-1.4.0-SNAPSHOT.jar:?]
	at org.apache.hadoop.ozone.protocolPB.OzoneManagerProtocolServerSideTranslatorPB.processRequest(OzoneManagerProtocolServerSideTranslatorPB.java:205) ~[ozone-manager-1.4.0-SNAPSHOT.jar:?]
	at org.apache.hadoop.hdds.server.OzoneProtocolMessageDispatcher.processRequest(OzoneProtocolMessageDispatcher.java:87) [hdds-server-framework-1.4.0-SNAPSHOT.jar:?]
	at org.apache.hadoop.ozone.protocolPB.OzoneManagerProtocolServerSideTranslatorPB.submitRequest(OzoneManagerProtocolServerSideTranslatorPB.java:147) [ozone-manager-1.4.0-SNAPSHOT.jar:?]
	at org.apache.hadoop.ozone.protocol.proto.OzoneManagerProtocolProtos$OzoneManagerService$2.callBlockingMethod(OzoneManagerProtocolProtos.java) [ozone-interface-client-1.4.0-SNAPSHOT.jar:?]
	at org.apache.hadoop.ipc.ProtobufRpcEngine$Server.processCall(ProtobufRpcEngine.java:465) [hadoop-common-3.3.4.jar:?]
	at org.apache.hadoop.ipc.ProtobufRpcEngine2$Server$ProtoBufRpcInvoker.call(ProtobufRpcEngine2.java:578) [hadoop-common-3.3.4.jar:?]
	at org.apache.hadoop.ipc.ProtobufRpcEngine2$Server$ProtoBufRpcInvoker.call(ProtobufRpcEngine2.java:556) [hadoop-common-3.3.4.jar:?]
	at org.apache.hadoop.ipc.RPC$Server.call(RPC.java:1093) [hadoop-common-3.3.4.jar:?]
	at org.apache.hadoop.ipc.Server$RpcCall.run(Server.java:1043) [hadoop-common-3.3.4.jar:?]
	at org.apache.hadoop.ipc.Server$RpcCall.run(Server.java:971) [hadoop-common-3.3.4.jar:?]
	at java.security.AccessController.doPrivileged(Native Method) ~[?:1.8.0_352]
	at javax.security.auth.Subject.doAs(Subject.java:422) [?:1.8.0_352]
	at org.apache.hadoop.security.UserGroupInformation.doAs(UserGroupInformation.java:1878) [hadoop-common-3.3.4.jar:?]
	at org.apache.hadoop.ipc.Server$Handler.run(Server.java:2976) [hadoop-common-3.3.4.jar:?]
10:07:42.480 [IPC Server handler 19 on default port 46801] ERROR OMAudit - user=runner | ip=127.0.0.1 | op=GET_FILE_STATUS {volume=volume72509, bucket=bucket24043, key=.Trash/runner/Current/testKey1, dataSize=0, replicationConfig=null} | ret=FAILURE
org.apache.hadoop.ozone.om.exceptions.OMException: Unable to get file status: volume: volume72509 bucket: bucket24043 key: .Trash/runner/Current/testKey1
	at org.apache.hadoop.ozone.om.KeyManagerImpl.getOzoneFileStatus(KeyManagerImpl.java:1301) ~[ozone-manager-1.4.0-SNAPSHOT.jar:?]
	at org.apache.hadoop.ozone.om.KeyManagerImpl.getFileStatus(KeyManagerImpl.java:1219) ~[ozone-manager-1.4.0-SNAPSHOT.jar:?]
	at org.apache.hadoop.ozone.om.OzoneManager.getFileStatus(OzoneManager.java:3578) ~[ozone-manager-1.4.0-SNAPSHOT.jar:?]
	at org.apache.hadoop.ozone.protocolPB.OzoneManagerRequestHandler.getOzoneFileStatus(OzoneManagerRequestHandler.java:907) ~[ozone-manager-1.4.0-SNAPSHOT.jar:?]
	at org.apache.hadoop.ozone.protocolPB.OzoneManagerRequestHandler.handleReadRequest(OzoneManagerRequestHandler.java:231) ~[ozone-manager-1.4.0-SNAPSHOT.jar:?]
	at org.apache.hadoop.ozone.protocolPB.OzoneManagerProtocolServerSideTranslatorPB.submitRequestDirectlyToOM(OzoneManagerProtocolServerSideTranslatorPB.java:276) ~[ozone-manager-1.4.0-SNAPSHOT.jar:?]
	at org.apache.hadoop.ozone.protocolPB.OzoneManagerProtocolServerSideTranslatorPB.processRequest(OzoneManagerProtocolServerSideTranslatorPB.java:205) ~[ozone-manager-1.4.0-SNAPSHOT.jar:?]
	at org.apache.hadoop.hdds.server.OzoneProtocolMessageDispatcher.processRequest(OzoneProtocolMessageDispatcher.java:87) [hdds-server-framework-1.4.0-SNAPSHOT.jar:?]
	at org.apache.hadoop.ozone.protocolPB.OzoneManagerProtocolServerSideTranslatorPB.submitRequest(OzoneManagerProtocolServerSideTranslatorPB.java:147) [ozone-manager-1.4.0-SNAPSHOT.jar:?]
	at org.apache.hadoop.ozone.protocol.proto.OzoneManagerProtocolProtos$OzoneManagerService$2.callBlockingMethod(OzoneManagerProtocolProtos.java) [ozone-interface-client-1.4.0-SNAPSHOT.jar:?]
	at org.apache.hadoop.ipc.ProtobufRpcEngine$Server.processCall(ProtobufRpcEngine.java:465) [hadoop-common-3.3.4.jar:?]
	at org.apache.hadoop.ipc.ProtobufRpcEngine2$Server$ProtoBufRpcInvoker.call(ProtobufRpcEngine2.java:578) [hadoop-common-3.3.4.jar:?]
	at org.apache.hadoop.ipc.ProtobufRpcEngine2$Server$ProtoBufRpcInvoker.call(ProtobufRpcEngine2.java:556) [hadoop-common-3.3.4.jar:?]
	at org.apache.hadoop.ipc.RPC$Server.call(RPC.java:1093) [hadoop-common-3.3.4.jar:?]
	at org.apache.hadoop.ipc.Server$RpcCall.run(Server.java:1043) [hadoop-common-3.3.4.jar:?]
	at org.apache.hadoop.ipc.Server$RpcCall.run(Server.java:971) [hadoop-common-3.3.4.jar:?]
	at java.security.AccessController.doPrivileged(Native Method) ~[?:1.8.0_352]
	at javax.security.auth.Subject.doAs(Subject.java:422) [?:1.8.0_352]
	at org.apache.hadoop.security.UserGroupInformation.doAs(UserGroupInformation.java:1878) [hadoop-common-3.3.4.jar:?]
	at org.apache.hadoop.ipc.Server$Handler.run(Server.java:2976) [hadoop-common-3.3.4.jar:?]
2023-01-03 10:07:42,485 [Time-limited test] INFO  om.TrashPolicyOzone (TrashPolicyOzone.java:moveToTrash(208)) - Moved: '/testKey1' to trash at: /.Trash/runner/Current/testKey1
]]></system-out>
  </testcase>
  <testcase name="testRenameToTrashEnabled" classname="TestOzoneFileSystem" time="0.092">
    <system-out><![CDATA[2023-01-03 10:08:34,312 [EventQueue-CommandQueueReportForCommandQueueReportHandler] WARN  events.EventQueue (EventQueue.java:fireEvent(216)) - No event handler registered for event TypedEvent{payloadType=DatanodeDetails, name='Datanode_Command_Queue_Updated'}
10:08:34.374 [IPC Server handler 17 on default port 46431] ERROR OMAudit - user=runner | ip=127.0.0.1 | op=GET_FILE_STATUS {volume=volume30750, bucket=bucket79142, key=.Trash/runner/Current/testKey1, dataSize=0, replicationConfig=null} | ret=FAILURE
org.apache.hadoop.ozone.om.exceptions.OMException: Unable to get file status: volume: volume30750 bucket: bucket79142 key: .Trash/runner/Current/testKey1
	at org.apache.hadoop.ozone.om.KeyManagerImpl.getOzoneFileStatus(KeyManagerImpl.java:1301) ~[ozone-manager-1.4.0-SNAPSHOT.jar:?]
	at org.apache.hadoop.ozone.om.KeyManagerImpl.getFileStatus(KeyManagerImpl.java:1219) ~[ozone-manager-1.4.0-SNAPSHOT.jar:?]
	at org.apache.hadoop.ozone.om.OzoneManager.getFileStatus(OzoneManager.java:3578) ~[ozone-manager-1.4.0-SNAPSHOT.jar:?]
	at org.apache.hadoop.ozone.protocolPB.OzoneManagerRequestHandler.getOzoneFileStatus(OzoneManagerRequestHandler.java:907) ~[ozone-manager-1.4.0-SNAPSHOT.jar:?]
	at org.apache.hadoop.ozone.protocolPB.OzoneManagerRequestHandler.handleReadRequest(OzoneManagerRequestHandler.java:231) ~[ozone-manager-1.4.0-SNAPSHOT.jar:?]
	at org.apache.hadoop.ozone.protocolPB.OzoneManagerProtocolServerSideTranslatorPB.submitReadRequestToOM(OzoneManagerProtocolServerSideTranslatorPB.java:226) ~[ozone-manager-1.4.0-SNAPSHOT.jar:?]
	at org.apache.hadoop.ozone.protocolPB.OzoneManagerProtocolServerSideTranslatorPB.processRequest(OzoneManagerProtocolServerSideTranslatorPB.java:175) ~[ozone-manager-1.4.0-SNAPSHOT.jar:?]
	at org.apache.hadoop.hdds.server.OzoneProtocolMessageDispatcher.processRequest(OzoneProtocolMessageDispatcher.java:87) [hdds-server-framework-1.4.0-SNAPSHOT.jar:?]
	at org.apache.hadoop.ozone.protocolPB.OzoneManagerProtocolServerSideTranslatorPB.submitRequest(OzoneManagerProtocolServerSideTranslatorPB.java:147) [ozone-manager-1.4.0-SNAPSHOT.jar:?]
	at org.apache.hadoop.ozone.protocol.proto.OzoneManagerProtocolProtos$OzoneManagerService$2.callBlockingMethod(OzoneManagerProtocolProtos.java) [ozone-interface-client-1.4.0-SNAPSHOT.jar:?]
	at org.apache.hadoop.ipc.ProtobufRpcEngine$Server.processCall(ProtobufRpcEngine.java:465) [hadoop-common-3.3.4.jar:?]
	at org.apache.hadoop.ipc.ProtobufRpcEngine2$Server$ProtoBufRpcInvoker.call(ProtobufRpcEngine2.java:578) [hadoop-common-3.3.4.jar:?]
	at org.apache.hadoop.ipc.ProtobufRpcEngine2$Server$ProtoBufRpcInvoker.call(ProtobufRpcEngine2.java:556) [hadoop-common-3.3.4.jar:?]
	at org.apache.hadoop.ipc.RPC$Server.call(RPC.java:1093) [hadoop-common-3.3.4.jar:?]
	at org.apache.hadoop.ipc.Server$RpcCall.run(Server.java:1043) [hadoop-common-3.3.4.jar:?]
	at org.apache.hadoop.ipc.Server$RpcCall.run(Server.java:971) [hadoop-common-3.3.4.jar:?]
	at java.security.AccessController.doPrivileged(Native Method) ~[?:1.8.0_352]
	at javax.security.auth.Subject.doAs(Subject.java:422) [?:1.8.0_352]
	at org.apache.hadoop.security.UserGroupInformation.doAs(UserGroupInformation.java:1878) [hadoop-common-3.3.4.jar:?]
	at org.apache.hadoop.ipc.Server$Handler.run(Server.java:2976) [hadoop-common-3.3.4.jar:?]
10:08:34.379 [IPC Server handler 19 on default port 46431] ERROR OMAudit - user=runner | ip=127.0.0.1 | op=GET_FILE_STATUS {volume=volume30750, bucket=bucket79142, key=.Trash/runner/Current/testKey1, dataSize=0, replicationConfig=null} | ret=FAILURE
org.apache.hadoop.ozone.om.exceptions.OMException: Unable to get file status: volume: volume30750 bucket: bucket79142 key: .Trash/runner/Current/testKey1
	at org.apache.hadoop.ozone.om.KeyManagerImpl.getOzoneFileStatus(KeyManagerImpl.java:1301) ~[ozone-manager-1.4.0-SNAPSHOT.jar:?]
	at org.apache.hadoop.ozone.om.KeyManagerImpl.getFileStatus(KeyManagerImpl.java:1219) ~[ozone-manager-1.4.0-SNAPSHOT.jar:?]
	at org.apache.hadoop.ozone.om.OzoneManager.getFileStatus(OzoneManager.java:3578) ~[ozone-manager-1.4.0-SNAPSHOT.jar:?]
	at org.apache.hadoop.ozone.protocolPB.OzoneManagerRequestHandler.getOzoneFileStatus(OzoneManagerRequestHandler.java:907) ~[ozone-manager-1.4.0-SNAPSHOT.jar:?]
	at org.apache.hadoop.ozone.protocolPB.OzoneManagerRequestHandler.handleReadRequest(OzoneManagerRequestHandler.java:231) ~[ozone-manager-1.4.0-SNAPSHOT.jar:?]
	at org.apache.hadoop.ozone.protocolPB.OzoneManagerProtocolServerSideTranslatorPB.submitReadRequestToOM(OzoneManagerProtocolServerSideTranslatorPB.java:226) ~[ozone-manager-1.4.0-SNAPSHOT.jar:?]
	at org.apache.hadoop.ozone.protocolPB.OzoneManagerProtocolServerSideTranslatorPB.processRequest(OzoneManagerProtocolServerSideTranslatorPB.java:175) ~[ozone-manager-1.4.0-SNAPSHOT.jar:?]
	at org.apache.hadoop.hdds.server.OzoneProtocolMessageDispatcher.processRequest(OzoneProtocolMessageDispatcher.java:87) [hdds-server-framework-1.4.0-SNAPSHOT.jar:?]
	at org.apache.hadoop.ozone.protocolPB.OzoneManagerProtocolServerSideTranslatorPB.submitRequest(OzoneManagerProtocolServerSideTranslatorPB.java:147) [ozone-manager-1.4.0-SNAPSHOT.jar:?]
	at org.apache.hadoop.ozone.protocol.proto.OzoneManagerProtocolProtos$OzoneManagerService$2.callBlockingMethod(OzoneManagerProtocolProtos.java) [ozone-interface-client-1.4.0-SNAPSHOT.jar:?]
	at org.apache.hadoop.ipc.ProtobufRpcEngine$Server.processCall(ProtobufRpcEngine.java:465) [hadoop-common-3.3.4.jar:?]
	at org.apache.hadoop.ipc.ProtobufRpcEngine2$Server$ProtoBufRpcInvoker.call(ProtobufRpcEngine2.java:578) [hadoop-common-3.3.4.jar:?]
	at org.apache.hadoop.ipc.ProtobufRpcEngine2$Server$ProtoBufRpcInvoker.call(ProtobufRpcEngine2.java:556) [hadoop-common-3.3.4.jar:?]
	at org.apache.hadoop.ipc.RPC$Server.call(RPC.java:1093) [hadoop-common-3.3.4.jar:?]
	at org.apache.hadoop.ipc.Server$RpcCall.run(Server.java:1043) [hadoop-common-3.3.4.jar:?]
	at org.apache.hadoop.ipc.Server$RpcCall.run(Server.java:971) [hadoop-common-3.3.4.jar:?]
	at java.security.AccessController.doPrivileged(Native Method) ~[?:1.8.0_352]
	at javax.security.auth.Subject.doAs(Subject.java:422) [?:1.8.0_352]
	at org.apache.hadoop.security.UserGroupInformation.doAs(UserGroupInformation.java:1878) [hadoop-common-3.3.4.jar:?]
	at org.apache.hadoop.ipc.Server$Handler.run(Server.java:2976) [hadoop-common-3.3.4.jar:?]
2023-01-03 10:08:34,383 [Time-limited test] INFO  om.TrashPolicyOzone (TrashPolicyOzone.java:moveToTrash(208)) - Moved: '/testKey1' to trash at: /.Trash/runner/Current/testKey1
]]></system-out>
  </testcase>
  <testcase name="testRenameToTrashEnabled" classname="TestOzoneFileSystem" time="0.085">
    <system-out><![CDATA[2023-01-03 10:09:23,054 [EventQueue-CommandQueueReportForCommandQueueReportHandler] WARN  events.EventQueue (EventQueue.java:fireEvent(216)) - No event handler registered for event TypedEvent{payloadType=DatanodeDetails, name='Datanode_Command_Queue_Updated'}
2023-01-03 10:09:23,057 [EventQueue-CommandQueueReportForCommandQueueReportHandler] WARN  events.EventQueue (EventQueue.java:fireEvent(216)) - No event handler registered for event TypedEvent{payloadType=DatanodeDetails, name='Datanode_Command_Queue_Updated'}
2023-01-03 10:09:23,057 [EventQueue-CommandQueueReportForCommandQueueReportHandler] WARN  events.EventQueue (EventQueue.java:fireEvent(216)) - No event handler registered for event TypedEvent{payloadType=DatanodeDetails, name='Datanode_Command_Queue_Updated'}
10:09:23.094 [IPC Server handler 17 on default port 33423] ERROR OMAudit - user=runner | ip=127.0.0.1 | op=GET_FILE_STATUS {volume=volume03607, bucket=bucket70088, key=.Trash/runner/Current/testKey1, dataSize=0, replicationConfig=null} | ret=FAILURE
org.apache.hadoop.ozone.om.exceptions.OMException: Unable to get file status: volume: volume03607 bucket: bucket70088 key: .Trash/runner/Current/testKey1
	at org.apache.hadoop.ozone.om.KeyManagerImpl.getOzoneFileStatus(KeyManagerImpl.java:1301) ~[ozone-manager-1.4.0-SNAPSHOT.jar:?]
	at org.apache.hadoop.ozone.om.KeyManagerImpl.getFileStatus(KeyManagerImpl.java:1219) ~[ozone-manager-1.4.0-SNAPSHOT.jar:?]
	at org.apache.hadoop.ozone.om.OzoneManager.getFileStatus(OzoneManager.java:3578) ~[ozone-manager-1.4.0-SNAPSHOT.jar:?]
	at org.apache.hadoop.ozone.protocolPB.OzoneManagerRequestHandler.getOzoneFileStatus(OzoneManagerRequestHandler.java:907) ~[ozone-manager-1.4.0-SNAPSHOT.jar:?]
	at org.apache.hadoop.ozone.protocolPB.OzoneManagerRequestHandler.handleReadRequest(OzoneManagerRequestHandler.java:231) ~[ozone-manager-1.4.0-SNAPSHOT.jar:?]
	at org.apache.hadoop.ozone.protocolPB.OzoneManagerProtocolServerSideTranslatorPB.submitRequestDirectlyToOM(OzoneManagerProtocolServerSideTranslatorPB.java:276) ~[ozone-manager-1.4.0-SNAPSHOT.jar:?]
	at org.apache.hadoop.ozone.protocolPB.OzoneManagerProtocolServerSideTranslatorPB.processRequest(OzoneManagerProtocolServerSideTranslatorPB.java:205) ~[ozone-manager-1.4.0-SNAPSHOT.jar:?]
	at org.apache.hadoop.hdds.server.OzoneProtocolMessageDispatcher.processRequest(OzoneProtocolMessageDispatcher.java:87) [hdds-server-framework-1.4.0-SNAPSHOT.jar:?]
	at org.apache.hadoop.ozone.protocolPB.OzoneManagerProtocolServerSideTranslatorPB.submitRequest(OzoneManagerProtocolServerSideTranslatorPB.java:147) [ozone-manager-1.4.0-SNAPSHOT.jar:?]
	at org.apache.hadoop.ozone.protocol.proto.OzoneManagerProtocolProtos$OzoneManagerService$2.callBlockingMethod(OzoneManagerProtocolProtos.java) [ozone-interface-client-1.4.0-SNAPSHOT.jar:?]
	at org.apache.hadoop.ipc.ProtobufRpcEngine$Server.processCall(ProtobufRpcEngine.java:465) [hadoop-common-3.3.4.jar:?]
	at org.apache.hadoop.ipc.ProtobufRpcEngine2$Server$ProtoBufRpcInvoker.call(ProtobufRpcEngine2.java:578) [hadoop-common-3.3.4.jar:?]
	at org.apache.hadoop.ipc.ProtobufRpcEngine2$Server$ProtoBufRpcInvoker.call(ProtobufRpcEngine2.java:556) [hadoop-common-3.3.4.jar:?]
	at org.apache.hadoop.ipc.RPC$Server.call(RPC.java:1093) [hadoop-common-3.3.4.jar:?]
	at org.apache.hadoop.ipc.Server$RpcCall.run(Server.java:1043) [hadoop-common-3.3.4.jar:?]
	at org.apache.hadoop.ipc.Server$RpcCall.run(Server.java:971) [hadoop-common-3.3.4.jar:?]
	at java.security.AccessController.doPrivileged(Native Method) ~[?:1.8.0_352]
	at javax.security.auth.Subject.doAs(Subject.java:422) [?:1.8.0_352]
	at org.apache.hadoop.security.UserGroupInformation.doAs(UserGroupInformation.java:1878) [hadoop-common-3.3.4.jar:?]
	at org.apache.hadoop.ipc.Server$Handler.run(Server.java:2976) [hadoop-common-3.3.4.jar:?]
10:09:23.097 [IPC Server handler 19 on default port 33423] ERROR OMAudit - user=runner | ip=127.0.0.1 | op=GET_FILE_STATUS {volume=volume03607, bucket=bucket70088, key=.Trash/runner/Current/testKey1, dataSize=0, replicationConfig=null} | ret=FAILURE
org.apache.hadoop.ozone.om.exceptions.OMException: Unable to get file status: volume: volume03607 bucket: bucket70088 key: .Trash/runner/Current/testKey1
	at org.apache.hadoop.ozone.om.KeyManagerImpl.getOzoneFileStatus(KeyManagerImpl.java:1301) ~[ozone-manager-1.4.0-SNAPSHOT.jar:?]
	at org.apache.hadoop.ozone.om.KeyManagerImpl.getFileStatus(KeyManagerImpl.java:1219) ~[ozone-manager-1.4.0-SNAPSHOT.jar:?]
	at org.apache.hadoop.ozone.om.OzoneManager.getFileStatus(OzoneManager.java:3578) ~[ozone-manager-1.4.0-SNAPSHOT.jar:?]
	at org.apache.hadoop.ozone.protocolPB.OzoneManagerRequestHandler.getOzoneFileStatus(OzoneManagerRequestHandler.java:907) ~[ozone-manager-1.4.0-SNAPSHOT.jar:?]
	at org.apache.hadoop.ozone.protocolPB.OzoneManagerRequestHandler.handleReadRequest(OzoneManagerRequestHandler.java:231) ~[ozone-manager-1.4.0-SNAPSHOT.jar:?]
	at org.apache.hadoop.ozone.protocolPB.OzoneManagerProtocolServerSideTranslatorPB.submitRequestDirectlyToOM(OzoneManagerProtocolServerSideTranslatorPB.java:276) ~[ozone-manager-1.4.0-SNAPSHOT.jar:?]
	at org.apache.hadoop.ozone.protocolPB.OzoneManagerProtocolServerSideTranslatorPB.processRequest(OzoneManagerProtocolServerSideTranslatorPB.java:205) ~[ozone-manager-1.4.0-SNAPSHOT.jar:?]
	at org.apache.hadoop.hdds.server.OzoneProtocolMessageDispatcher.processRequest(OzoneProtocolMessageDispatcher.java:87) [hdds-server-framework-1.4.0-SNAPSHOT.jar:?]
	at org.apache.hadoop.ozone.protocolPB.OzoneManagerProtocolServerSideTranslatorPB.submitRequest(OzoneManagerProtocolServerSideTranslatorPB.java:147) [ozone-manager-1.4.0-SNAPSHOT.jar:?]
	at org.apache.hadoop.ozone.protocol.proto.OzoneManagerProtocolProtos$OzoneManagerService$2.callBlockingMethod(OzoneManagerProtocolProtos.java) [ozone-interface-client-1.4.0-SNAPSHOT.jar:?]
	at org.apache.hadoop.ipc.ProtobufRpcEngine$Server.processCall(ProtobufRpcEngine.java:465) [hadoop-common-3.3.4.jar:?]
	at org.apache.hadoop.ipc.ProtobufRpcEngine2$Server$ProtoBufRpcInvoker.call(ProtobufRpcEngine2.java:578) [hadoop-common-3.3.4.jar:?]
	at org.apache.hadoop.ipc.ProtobufRpcEngine2$Server$ProtoBufRpcInvoker.call(ProtobufRpcEngine2.java:556) [hadoop-common-3.3.4.jar:?]
	at org.apache.hadoop.ipc.RPC$Server.call(RPC.java:1093) [hadoop-common-3.3.4.jar:?]
	at org.apache.hadoop.ipc.Server$RpcCall.run(Server.java:1043) [hadoop-common-3.3.4.jar:?]
	at org.apache.hadoop.ipc.Server$RpcCall.run(Server.java:971) [hadoop-common-3.3.4.jar:?]
	at java.security.AccessController.doPrivileged(Native Method) ~[?:1.8.0_352]
	at javax.security.auth.Subject.doAs(Subject.java:422) [?:1.8.0_352]
	at org.apache.hadoop.security.UserGroupInformation.doAs(UserGroupInformation.java:1878) [hadoop-common-3.3.4.jar:?]
	at org.apache.hadoop.ipc.Server$Handler.run(Server.java:2976) [hadoop-common-3.3.4.jar:?]
2023-01-03 10:09:23,101 [Time-limited test] INFO  om.TrashPolicyOzone (TrashPolicyOzone.java:moveToTrash(208)) - Moved: '/testKey1' to trash at: /.Trash/runner/Current/testKey1
]]></system-out>
  </testcase>
  <testcase name="testListStatusWithIntermediateDir" classname="TestOzoneFileSystem" time="0.045">
    <failure type="java.lang.AssertionError"><![CDATA[java.lang.AssertionError: expected:<1> but was:<2>
	at org.junit.Assert.fail(Assert.java:89)
	at org.junit.Assert.failNotEquals(Assert.java:835)
	at org.junit.Assert.assertEquals(Assert.java:647)
	at org.junit.Assert.assertEquals(Assert.java:633)
	at org.apache.hadoop.fs.ozone.TestOzoneFileSystem.testListStatusWithIntermediateDir(TestOzoneFileSystem.java:638)
	at sun.reflect.NativeMethodAccessorImpl.invoke0(Native Method)
	at sun.reflect.NativeMethodAccessorImpl.invoke(NativeMethodAccessorImpl.java:62)
	at sun.reflect.DelegatingMethodAccessorImpl.invoke(DelegatingMethodAccessorImpl.java:43)
	at java.lang.reflect.Method.invoke(Method.java:498)
	at org.junit.runners.model.FrameworkMethod$1.runReflectiveCall(FrameworkMethod.java:59)
	at org.junit.internal.runners.model.ReflectiveCallable.run(ReflectiveCallable.java:12)
	at org.junit.runners.model.FrameworkMethod.invokeExplosively(FrameworkMethod.java:56)
	at org.junit.internal.runners.statements.InvokeMethod.evaluate(InvokeMethod.java:17)
	at org.junit.internal.runners.statements.RunAfters.evaluate(RunAfters.java:27)
	at org.junit.internal.runners.statements.FailOnTimeout$CallableStatement.call(FailOnTimeout.java:288)
	at org.junit.internal.runners.statements.FailOnTimeout$CallableStatement.call(FailOnTimeout.java:282)
	at java.util.concurrent.FutureTask.run(FutureTask.java:266)
	at java.lang.Thread.run(Thread.java:750)
]]></failure>
    <system-out><![CDATA[2023-01-03 10:06:54,043 [IPC Server handler 9 on default port 34199] INFO  pipeline.PipelineStateManagerImpl (PipelineStateManagerImpl.java:addPipeline(103)) - Created pipeline Pipeline[ Id: 805a072b-2e3a-40cd-8bfd-5a7275ca1bfe, Nodes: 265cde2e-5350-4bf8-a91b-58e7369f5fcb{ip: 10.1.0.13, host: fv-az292-374.tqgtyn10aqxuxoi0mkfbldi5vh.jx.internal.cloudapp.net, ports: [REPLICATION=36537, RATIS=40615, RATIS_ADMIN=40615, RATIS_SERVER=40615, RATIS_DATASTREAM=33331, STANDALONE=40301], networkLocation: /default-rack, certSerialId: null, persistedOpState: IN_SERVICE, persistedOpStateExpiryEpochSec: 0}, ReplicationConfig: STANDALONE/ONE, State:OPEN, leaderId:, CreationTimestamp2023-01-03T10:06:54.042Z[Etc/UTC]].
2023-01-03 10:06:54,049 [OM StateMachine ApplyTransaction Thread - 0] INFO  key.OMKeyRequest (OMKeyRequest.java:wrapUncommittedBlocksAsPseudoKey(835)) - Detect allocated but uncommitted blocks [{blockID={containerID=7, localID=111677748019200057}, length=4194304, offset=0, token=null, pipeline=null, createVersion=0, partNumber=0}] in key object-dir/object-name.
]]></system-out>
  </testcase>
  <testcase name="testListStatusWithIntermediateDir" classname="TestOzoneFileSystem" time="0.029">
    <system-out><![CDATA[2023-01-03 10:07:42,506 [IPC Server handler 6 on default port 38917] INFO  pipeline.PipelineStateManagerImpl (PipelineStateManagerImpl.java:addPipeline(103)) - Created pipeline Pipeline[ Id: 2c4000b7-03f1-4634-9a5a-58ca71cb3d96, Nodes: 2c63000f-a9ba-4116-8021-1fc7d553c7a4{ip: 10.1.0.13, host: fv-az292-374.tqgtyn10aqxuxoi0mkfbldi5vh.jx.internal.cloudapp.net, ports: [REPLICATION=34129, RATIS=44077, RATIS_ADMIN=44077, RATIS_SERVER=44077, RATIS_DATASTREAM=33143, STANDALONE=44913], networkLocation: /default-rack, certSerialId: null, persistedOpState: IN_SERVICE, persistedOpStateExpiryEpochSec: 0}, ReplicationConfig: STANDALONE/ONE, State:OPEN, leaderId:, CreationTimestamp2023-01-03T10:07:42.503Z[Etc/UTC]].
2023-01-03 10:07:42,509 [IPC Server handler 13 on default port 46801] INFO  key.OMKeyRequest (OMKeyRequest.java:wrapUncommittedBlocksAsPseudoKey(835)) - Detect allocated but uncommitted blocks [{blockID={containerID=8, localID=111677748019200057}, length=4194304, offset=0, token=null, pipeline=null, createVersion=0, partNumber=0}] in key object-dir/object-name.
]]></system-out>
  </testcase>
  <testcase name="testListStatusWithIntermediateDir" classname="TestOzoneFileSystem" time="0.043">
    <system-out><![CDATA[2023-01-03 10:08:34,416 [IPC Server handler 3 on default port 39587] INFO  pipeline.PipelineStateManagerImpl (PipelineStateManagerImpl.java:addPipeline(103)) - Created pipeline Pipeline[ Id: ece6c87d-179f-48e5-bbe1-d34dc4eea671, Nodes: ceb62289-e61f-4ee7-8769-746790ce93a5{ip: 10.1.0.13, host: fv-az292-374.tqgtyn10aqxuxoi0mkfbldi5vh.jx.internal.cloudapp.net, ports: [REPLICATION=43181, RATIS=39919, RATIS_ADMIN=39919, RATIS_SERVER=39919, RATIS_DATASTREAM=34319, STANDALONE=45987], networkLocation: /default-rack, certSerialId: null, persistedOpState: IN_SERVICE, persistedOpStateExpiryEpochSec: 0}, ReplicationConfig: STANDALONE/ONE, State:OPEN, leaderId:, CreationTimestamp2023-01-03T10:08:34.415Z[Etc/UTC]].
2023-01-03 10:08:34,421 [OM StateMachine ApplyTransaction Thread - 0] INFO  key.OMKeyRequest (OMKeyRequest.java:wrapUncommittedBlocksAsPseudoKey(835)) - Detect allocated but uncommitted blocks [{blockID={containerID=8, localID=111677748019200057}, length=4194304, offset=0, token=null, pipeline=null, createVersion=0, partNumber=0}] in key object-dir/object-name.
]]></system-out>
  </testcase>
  <testcase name="testListStatusWithIntermediateDir" classname="TestOzoneFileSystem" time="0.022">
    <system-out><![CDATA[2023-01-03 10:09:23,115 [IPC Server handler 18 on default port 39719] INFO  pipeline.PipelineStateManagerImpl (PipelineStateManagerImpl.java:addPipeline(103)) - Created pipeline Pipeline[ Id: 06e64d2b-c726-4ce9-85e7-a30449fc9d6c, Nodes: 79f3458c-2c66-4b3a-be39-3ff7abbb9f16{ip: 10.1.0.13, host: fv-az292-374.tqgtyn10aqxuxoi0mkfbldi5vh.jx.internal.cloudapp.net, ports: [REPLICATION=45677, RATIS=36965, RATIS_ADMIN=36965, RATIS_SERVER=36965, RATIS_DATASTREAM=36199, STANDALONE=36935], networkLocation: /default-rack, certSerialId: null, persistedOpState: IN_SERVICE, persistedOpStateExpiryEpochSec: 0}, ReplicationConfig: STANDALONE/ONE, State:OPEN, leaderId:, CreationTimestamp2023-01-03T10:09:23.114Z[Etc/UTC]].
2023-01-03 10:09:23,118 [IPC Server handler 14 on default port 33423] INFO  key.OMKeyRequest (OMKeyRequest.java:wrapUncommittedBlocksAsPseudoKey(835)) - Detect allocated but uncommitted blocks [{blockID={containerID=7, localID=111677748019200057}, length=4194304, offset=0, token=null, pipeline=null, createVersion=0, partNumber=0}] in key object-dir/object-name.
]]></system-out>
  </testcase>
  <testcase name="testRenameSourceAndDestinAreSame" classname="TestOzoneFileSystem" time="0.025">
    <system-out><![CDATA[2023-01-03 10:06:54,087 [OM StateMachine ApplyTransaction Thread - 0] INFO  key.OMKeyRequest (OMKeyRequest.java:wrapUncommittedBlocksAsPseudoKey(835)) - Detect allocated but uncommitted blocks [{blockID={containerID=1, localID=111677748019200058}, length=4194304, offset=0, token=null, pipeline=null, createVersion=0, partNumber=0}] in key root/dir1/dir2/file1.
]]></system-out>
  </testcase>
  <testcase name="testRenameSourceAndDestinAreSame" classname="TestOzoneFileSystem" time="0.016">
    <system-out><![CDATA[2023-01-03 10:07:42,531 [IPC Server handler 4 on default port 46801] INFO  key.OMKeyRequest (OMKeyRequest.java:wrapUncommittedBlocksAsPseudoKey(835)) - Detect allocated but uncommitted blocks [{blockID={containerID=3, localID=111677748019200058}, length=4194304, offset=0, token=null, pipeline=null, createVersion=0, partNumber=0}] in key root/dir1/dir2/file1.
]]></system-out>
  </testcase>
  <testcase name="testRenameSourceAndDestinAreSame" classname="TestOzoneFileSystem" time="0.021">
    <system-out><![CDATA[2023-01-03 10:08:34,440 [EventQueue-CommandQueueReportForCommandQueueReportHandler] WARN  events.EventQueue (EventQueue.java:fireEvent(216)) - No event handler registered for event TypedEvent{payloadType=DatanodeDetails, name='Datanode_Command_Queue_Updated'}
2023-01-03 10:08:34,449 [OM StateMachine ApplyTransaction Thread - 0] INFO  key.OMKeyRequest (OMKeyRequest.java:wrapUncommittedBlocksAsPseudoKey(835)) - Detect allocated but uncommitted blocks [{blockID={containerID=3, localID=111677748019200058}, length=4194304, offset=0, token=null, pipeline=null, createVersion=0, partNumber=0}] in key root/dir1/dir2/file1.
]]></system-out>
  </testcase>
  <testcase name="testRenameSourceAndDestinAreSame" classname="TestOzoneFileSystem" time="0.013">
    <system-out><![CDATA[2023-01-03 10:09:23,137 [IPC Server handler 1 on default port 33423] INFO  key.OMKeyRequest (OMKeyRequest.java:wrapUncommittedBlocksAsPseudoKey(835)) - Detect allocated but uncommitted blocks [{blockID={containerID=1, localID=111677748019200058}, length=4194304, offset=0, token=null, pipeline=null, createVersion=0, partNumber=0}] in key root/dir1/dir2/file1.
]]></system-out>
  </testcase>
  <testcase name="testListStatusIteratorWithDir" classname="TestOzoneFileSystem" time="0.048">
    <system-out><![CDATA[2023-01-03 10:06:54,112 [OM StateMachine ApplyTransaction Thread - 0] INFO  key.OMKeyRequest (OMKeyRequest.java:wrapUncommittedBlocksAsPseudoKey(835)) - Detect allocated but uncommitted blocks [{blockID={containerID=2, localID=111677748019200059}, length=4194304, offset=0, token=null, pipeline=null, createVersion=0, partNumber=0}] in key testListStatus/key1.
2023-01-03 10:06:54,118 [OM StateMachine ApplyTransaction Thread - 0] INFO  key.OMKeyRequest (OMKeyRequest.java:wrapUncommittedBlocksAsPseudoKey(835)) - Detect allocated but uncommitted blocks [{blockID={containerID=8, localID=111677748019200060}, length=4194304, offset=0, token=null, pipeline=null, createVersion=0, partNumber=0}] in key testListStatus/key2.
2023-01-03 10:06:54,128 [OM StateMachine ApplyTransaction Thread - 0] INFO  key.OMKeyRequest (OMKeyRequest.java:wrapUncommittedBlocksAsPseudoKey(835)) - Detect allocated but uncommitted blocks [{blockID={containerID=1, localID=111677748019200061}, length=4194304, offset=0, token=null, pipeline=null, createVersion=0, partNumber=0}] in key testListStatus/dir1/key3.
2023-01-03 10:06:54,132 [OM StateMachine ApplyTransaction Thread - 0] INFO  key.OMKeyRequest (OMKeyRequest.java:wrapUncommittedBlocksAsPseudoKey(835)) - Detect allocated but uncommitted blocks [{blockID={containerID=6, localID=111677748019200062}, length=4194304, offset=0, token=null, pipeline=null, createVersion=0, partNumber=0}] in key testListStatus/dir1/key4.
]]></system-out>
  </testcase>
  <testcase name="testListStatusIteratorWithDir" classname="TestOzoneFileSystem" time="0.039">
    <system-out><![CDATA[2023-01-03 10:07:42,549 [IPC Server handler 13 on default port 46801] INFO  key.OMKeyRequest (OMKeyRequest.java:wrapUncommittedBlocksAsPseudoKey(835)) - Detect allocated but uncommitted blocks [{blockID={containerID=4, localID=111677748019200059}, length=4194304, offset=0, token=null, pipeline=null, createVersion=0, partNumber=0}] in key testListStatus/key1.
2023-01-03 10:07:42,554 [IPC Server handler 15 on default port 46801] INFO  key.OMKeyRequest (OMKeyRequest.java:wrapUncommittedBlocksAsPseudoKey(835)) - Detect allocated but uncommitted blocks [{blockID={containerID=2, localID=111677748019200060}, length=4194304, offset=0, token=null, pipeline=null, createVersion=0, partNumber=0}] in key testListStatus/key2.
2023-01-03 10:07:42,563 [IPC Server handler 19 on default port 46801] INFO  key.OMKeyRequest (OMKeyRequest.java:wrapUncommittedBlocksAsPseudoKey(835)) - Detect allocated but uncommitted blocks [{blockID={containerID=3, localID=111677748019200061}, length=4194304, offset=0, token=null, pipeline=null, createVersion=0, partNumber=0}] in key testListStatus/dir1/key3.
2023-01-03 10:07:42,566 [IPC Server handler 1 on default port 46801] INFO  key.OMKeyRequest (OMKeyRequest.java:wrapUncommittedBlocksAsPseudoKey(835)) - Detect allocated but uncommitted blocks [{blockID={containerID=1, localID=111677748019200062}, length=4194304, offset=0, token=null, pipeline=null, createVersion=0, partNumber=0}] in key testListStatus/dir1/key4.
]]></system-out>
  </testcase>
  <testcase name="testListStatusIteratorWithDir" classname="TestOzoneFileSystem" time="0.038">
    <system-out><![CDATA[2023-01-03 10:08:34,467 [OM StateMachine ApplyTransaction Thread - 0] INFO  key.OMKeyRequest (OMKeyRequest.java:wrapUncommittedBlocksAsPseudoKey(835)) - Detect allocated but uncommitted blocks [{blockID={containerID=2, localID=111677748019200059}, length=4194304, offset=0, token=null, pipeline=null, createVersion=0, partNumber=0}] in key testListStatus/key1.
2023-01-03 10:08:34,471 [OM StateMachine ApplyTransaction Thread - 0] INFO  key.OMKeyRequest (OMKeyRequest.java:wrapUncommittedBlocksAsPseudoKey(835)) - Detect allocated but uncommitted blocks [{blockID={containerID=1, localID=111677748019200060}, length=4194304, offset=0, token=null, pipeline=null, createVersion=0, partNumber=0}] in key testListStatus/key2.
2023-01-03 10:08:34,477 [EventQueue-CommandQueueReportForCommandQueueReportHandler] WARN  events.EventQueue (EventQueue.java:fireEvent(216)) - No event handler registered for event TypedEvent{payloadType=DatanodeDetails, name='Datanode_Command_Queue_Updated'}
2023-01-03 10:08:34,479 [OM StateMachine ApplyTransaction Thread - 0] INFO  key.OMKeyRequest (OMKeyRequest.java:wrapUncommittedBlocksAsPseudoKey(835)) - Detect allocated but uncommitted blocks [{blockID={containerID=4, localID=111677748019200061}, length=4194304, offset=0, token=null, pipeline=null, createVersion=0, partNumber=0}] in key testListStatus/dir1/key3.
2023-01-03 10:08:34,482 [OM StateMachine ApplyTransaction Thread - 0] INFO  key.OMKeyRequest (OMKeyRequest.java:wrapUncommittedBlocksAsPseudoKey(835)) - Detect allocated but uncommitted blocks [{blockID={containerID=3, localID=111677748019200062}, length=4194304, offset=0, token=null, pipeline=null, createVersion=0, partNumber=0}] in key testListStatus/dir1/key4.
]]></system-out>
  </testcase>
  <testcase name="testListStatusIteratorWithDir" classname="TestOzoneFileSystem" time="0.03">
    <system-out><![CDATA[2023-01-03 10:09:23,151 [IPC Server handler 9 on default port 33423] INFO  key.OMKeyRequest (OMKeyRequest.java:wrapUncommittedBlocksAsPseudoKey(835)) - Detect allocated but uncommitted blocks [{blockID={containerID=2, localID=111677748019200059}, length=4194304, offset=0, token=null, pipeline=null, createVersion=0, partNumber=0}] in key testListStatus/key1.
2023-01-03 10:09:23,153 [IPC Server handler 11 on default port 33423] INFO  key.OMKeyRequest (OMKeyRequest.java:wrapUncommittedBlocksAsPseudoKey(835)) - Detect allocated but uncommitted blocks [{blockID={containerID=1, localID=111677748019200060}, length=4194304, offset=0, token=null, pipeline=null, createVersion=0, partNumber=0}] in key testListStatus/key2.
2023-01-03 10:09:23,161 [IPC Server handler 15 on default port 33423] INFO  key.OMKeyRequest (OMKeyRequest.java:wrapUncommittedBlocksAsPseudoKey(835)) - Detect allocated but uncommitted blocks [{blockID={containerID=8, localID=111677748019200061}, length=4194304, offset=0, token=null, pipeline=null, createVersion=0, partNumber=0}] in key testListStatus/dir1/key3.
2023-01-03 10:09:23,163 [IPC Server handler 17 on default port 33423] INFO  key.OMKeyRequest (OMKeyRequest.java:wrapUncommittedBlocksAsPseudoKey(835)) - Detect allocated but uncommitted blocks [{blockID={containerID=2, localID=111677748019200062}, length=4194304, offset=0, token=null, pipeline=null, createVersion=0, partNumber=0}] in key testListStatus/dir1/key4.
]]></system-out>
  </testcase>
  <testcase name="testListStatusOnLargeDirectory" classname="TestOzoneFileSystem" time="4.68">
    <system-out><![CDATA[2023-01-03 10:06:54,358 [EventQueue-CommandQueueReportForCommandQueueReportHandler] WARN  events.EventQueue (EventQueue.java:fireEvent(216)) - No event handler registered for event TypedEvent{payloadType=DatanodeDetails, name='Datanode_Command_Queue_Updated'}
2023-01-03 10:06:54,550 [EventQueue-CommandQueueReportForCommandQueueReportHandler] WARN  events.EventQueue (EventQueue.java:fireEvent(216)) - No event handler registered for event TypedEvent{payloadType=DatanodeDetails, name='Datanode_Command_Queue_Updated'}
2023-01-03 10:06:54,906 [EventQueue-CommandQueueReportForCommandQueueReportHandler] WARN  events.EventQueue (EventQueue.java:fireEvent(216)) - No event handler registered for event TypedEvent{payloadType=DatanodeDetails, name='Datanode_Command_Queue_Updated'}
2023-01-03 10:06:54,914 [EventQueue-CommandQueueReportForCommandQueueReportHandler] WARN  events.EventQueue (EventQueue.java:fireEvent(216)) - No event handler registered for event TypedEvent{payloadType=DatanodeDetails, name='Datanode_Command_Queue_Updated'}
2023-01-03 10:06:54,914 [EventQueue-CommandQueueReportForCommandQueueReportHandler] WARN  events.EventQueue (EventQueue.java:fireEvent(216)) - No event handler registered for event TypedEvent{payloadType=DatanodeDetails, name='Datanode_Command_Queue_Updated'}
2023-01-03 10:06:55,358 [EventQueue-CommandQueueReportForCommandQueueReportHandler] WARN  events.EventQueue (EventQueue.java:fireEvent(216)) - No event handler registered for event TypedEvent{payloadType=DatanodeDetails, name='Datanode_Command_Queue_Updated'}
2023-01-03 10:06:55,552 [EventQueue-CommandQueueReportForCommandQueueReportHandler] WARN  events.EventQueue (EventQueue.java:fireEvent(216)) - No event handler registered for event TypedEvent{payloadType=DatanodeDetails, name='Datanode_Command_Queue_Updated'}
2023-01-03 10:06:55,907 [EventQueue-CommandQueueReportForCommandQueueReportHandler] WARN  events.EventQueue (EventQueue.java:fireEvent(216)) - No event handler registered for event TypedEvent{payloadType=DatanodeDetails, name='Datanode_Command_Queue_Updated'}
2023-01-03 10:06:55,919 [EventQueue-CommandQueueReportForCommandQueueReportHandler] WARN  events.EventQueue (EventQueue.java:fireEvent(216)) - No event handler registered for event TypedEvent{payloadType=DatanodeDetails, name='Datanode_Command_Queue_Updated'}
2023-01-03 10:06:55,919 [EventQueue-CommandQueueReportForCommandQueueReportHandler] WARN  events.EventQueue (EventQueue.java:fireEvent(216)) - No event handler registered for event TypedEvent{payloadType=DatanodeDetails, name='Datanode_Command_Queue_Updated'}
2023-01-03 10:06:56,362 [EventQueue-CommandQueueReportForCommandQueueReportHandler] WARN  events.EventQueue (EventQueue.java:fireEvent(216)) - No event handler registered for event TypedEvent{payloadType=DatanodeDetails, name='Datanode_Command_Queue_Updated'}
2023-01-03 10:06:56,551 [EventQueue-CommandQueueReportForCommandQueueReportHandler] WARN  events.EventQueue (EventQueue.java:fireEvent(216)) - No event handler registered for event TypedEvent{payloadType=DatanodeDetails, name='Datanode_Command_Queue_Updated'}
2023-01-03 10:06:56,909 [EventQueue-CommandQueueReportForCommandQueueReportHandler] WARN  events.EventQueue (EventQueue.java:fireEvent(216)) - No event handler registered for event TypedEvent{payloadType=DatanodeDetails, name='Datanode_Command_Queue_Updated'}
2023-01-03 10:06:56,916 [EventQueue-CommandQueueReportForCommandQueueReportHandler] WARN  events.EventQueue (EventQueue.java:fireEvent(216)) - No event handler registered for event TypedEvent{payloadType=DatanodeDetails, name='Datanode_Command_Queue_Updated'}
2023-01-03 10:06:56,918 [EventQueue-CommandQueueReportForCommandQueueReportHandler] WARN  events.EventQueue (EventQueue.java:fireEvent(216)) - No event handler registered for event TypedEvent{payloadType=DatanodeDetails, name='Datanode_Command_Queue_Updated'}
2023-01-03 10:06:57,362 [EventQueue-CommandQueueReportForCommandQueueReportHandler] WARN  events.EventQueue (EventQueue.java:fireEvent(216)) - No event handler registered for event TypedEvent{payloadType=DatanodeDetails, name='Datanode_Command_Queue_Updated'}
2023-01-03 10:06:57,552 [EventQueue-CommandQueueReportForCommandQueueReportHandler] WARN  events.EventQueue (EventQueue.java:fireEvent(216)) - No event handler registered for event TypedEvent{payloadType=DatanodeDetails, name='Datanode_Command_Queue_Updated'}
2023-01-03 10:06:57,910 [EventQueue-CommandQueueReportForCommandQueueReportHandler] WARN  events.EventQueue (EventQueue.java:fireEvent(216)) - No event handler registered for event TypedEvent{payloadType=DatanodeDetails, name='Datanode_Command_Queue_Updated'}
2023-01-03 10:06:57,918 [EventQueue-CommandQueueReportForCommandQueueReportHandler] WARN  events.EventQueue (EventQueue.java:fireEvent(216)) - No event handler registered for event TypedEvent{payloadType=DatanodeDetails, name='Datanode_Command_Queue_Updated'}
2023-01-03 10:06:57,918 [EventQueue-CommandQueueReportForCommandQueueReportHandler] WARN  events.EventQueue (EventQueue.java:fireEvent(216)) - No event handler registered for event TypedEvent{payloadType=DatanodeDetails, name='Datanode_Command_Queue_Updated'}
2023-01-03 10:06:58,362 [EventQueue-CommandQueueReportForCommandQueueReportHandler] WARN  events.EventQueue (EventQueue.java:fireEvent(216)) - No event handler registered for event TypedEvent{payloadType=DatanodeDetails, name='Datanode_Command_Queue_Updated'}
2023-01-03 10:06:58,551 [EventQueue-CommandQueueReportForCommandQueueReportHandler] WARN  events.EventQueue (EventQueue.java:fireEvent(216)) - No event handler registered for event TypedEvent{payloadType=DatanodeDetails, name='Datanode_Command_Queue_Updated'}
]]></system-out>
  </testcase>
  <testcase name="testListStatusOnLargeDirectory" classname="TestOzoneFileSystem" time="2.879">
    <system-out><![CDATA[2023-01-03 10:07:43,031 [EventQueue-CommandQueueReportForCommandQueueReportHandler] WARN  events.EventQueue (EventQueue.java:fireEvent(216)) - No event handler registered for event TypedEvent{payloadType=DatanodeDetails, name='Datanode_Command_Queue_Updated'}
2023-01-03 10:07:43,294 [EventQueue-CommandQueueReportForCommandQueueReportHandler] WARN  events.EventQueue (EventQueue.java:fireEvent(216)) - No event handler registered for event TypedEvent{payloadType=DatanodeDetails, name='Datanode_Command_Queue_Updated'}
2023-01-03 10:07:43,420 [EventQueue-CommandQueueReportForCommandQueueReportHandler] WARN  events.EventQueue (EventQueue.java:fireEvent(216)) - No event handler registered for event TypedEvent{payloadType=DatanodeDetails, name='Datanode_Command_Queue_Updated'}
2023-01-03 10:07:43,423 [EventQueue-CommandQueueReportForCommandQueueReportHandler] WARN  events.EventQueue (EventQueue.java:fireEvent(216)) - No event handler registered for event TypedEvent{payloadType=DatanodeDetails, name='Datanode_Command_Queue_Updated'}
2023-01-03 10:07:43,424 [EventQueue-CommandQueueReportForCommandQueueReportHandler] WARN  events.EventQueue (EventQueue.java:fireEvent(216)) - No event handler registered for event TypedEvent{payloadType=DatanodeDetails, name='Datanode_Command_Queue_Updated'}
2023-01-03 10:07:44,030 [EventQueue-CommandQueueReportForCommandQueueReportHandler] WARN  events.EventQueue (EventQueue.java:fireEvent(216)) - No event handler registered for event TypedEvent{payloadType=DatanodeDetails, name='Datanode_Command_Queue_Updated'}
2023-01-03 10:07:44,293 [EventQueue-CommandQueueReportForCommandQueueReportHandler] WARN  events.EventQueue (EventQueue.java:fireEvent(216)) - No event handler registered for event TypedEvent{payloadType=DatanodeDetails, name='Datanode_Command_Queue_Updated'}
2023-01-03 10:07:44,420 [EventQueue-CommandQueueReportForCommandQueueReportHandler] WARN  events.EventQueue (EventQueue.java:fireEvent(216)) - No event handler registered for event TypedEvent{payloadType=DatanodeDetails, name='Datanode_Command_Queue_Updated'}
2023-01-03 10:07:44,422 [EventQueue-CommandQueueReportForCommandQueueReportHandler] WARN  events.EventQueue (EventQueue.java:fireEvent(216)) - No event handler registered for event TypedEvent{payloadType=DatanodeDetails, name='Datanode_Command_Queue_Updated'}
2023-01-03 10:07:44,423 [EventQueue-CommandQueueReportForCommandQueueReportHandler] WARN  events.EventQueue (EventQueue.java:fireEvent(216)) - No event handler registered for event TypedEvent{payloadType=DatanodeDetails, name='Datanode_Command_Queue_Updated'}
2023-01-03 10:07:45,030 [EventQueue-CommandQueueReportForCommandQueueReportHandler] WARN  events.EventQueue (EventQueue.java:fireEvent(216)) - No event handler registered for event TypedEvent{payloadType=DatanodeDetails, name='Datanode_Command_Queue_Updated'}
2023-01-03 10:07:45,293 [EventQueue-CommandQueueReportForCommandQueueReportHandler] WARN  events.EventQueue (EventQueue.java:fireEvent(216)) - No event handler registered for event TypedEvent{payloadType=DatanodeDetails, name='Datanode_Command_Queue_Updated'}
2023-01-03 10:07:45,420 [EventQueue-CommandQueueReportForCommandQueueReportHandler] WARN  events.EventQueue (EventQueue.java:fireEvent(216)) - No event handler registered for event TypedEvent{payloadType=DatanodeDetails, name='Datanode_Command_Queue_Updated'}
2023-01-03 10:07:45,426 [EventQueue-CommandQueueReportForCommandQueueReportHandler] WARN  events.EventQueue (EventQueue.java:fireEvent(216)) - No event handler registered for event TypedEvent{payloadType=DatanodeDetails, name='Datanode_Command_Queue_Updated'}
2023-01-03 10:07:45,426 [EventQueue-CommandQueueReportForCommandQueueReportHandler] WARN  events.EventQueue (EventQueue.java:fireEvent(216)) - No event handler registered for event TypedEvent{payloadType=DatanodeDetails, name='Datanode_Command_Queue_Updated'}
]]></system-out>
  </testcase>
  <testcase name="testListStatusOnLargeDirectory" classname="TestOzoneFileSystem" time="3.505">
    <system-out><![CDATA[2023-01-03 10:08:34,522 [EventQueue-CommandQueueReportForCommandQueueReportHandler] WARN  events.EventQueue (EventQueue.java:fireEvent(216)) - No event handler registered for event TypedEvent{payloadType=DatanodeDetails, name='Datanode_Command_Queue_Updated'}
2023-01-03 10:08:34,527 [EventQueue-CommandQueueReportForCommandQueueReportHandler] WARN  events.EventQueue (EventQueue.java:fireEvent(216)) - No event handler registered for event TypedEvent{payloadType=DatanodeDetails, name='Datanode_Command_Queue_Updated'}
2023-01-03 10:08:35,314 [EventQueue-CommandQueueReportForCommandQueueReportHandler] WARN  events.EventQueue (EventQueue.java:fireEvent(216)) - No event handler registered for event TypedEvent{payloadType=DatanodeDetails, name='Datanode_Command_Queue_Updated'}
2023-01-03 10:08:35,440 [EventQueue-CommandQueueReportForCommandQueueReportHandler] WARN  events.EventQueue (EventQueue.java:fireEvent(216)) - No event handler registered for event TypedEvent{payloadType=DatanodeDetails, name='Datanode_Command_Queue_Updated'}
2023-01-03 10:08:35,477 [EventQueue-CommandQueueReportForCommandQueueReportHandler] WARN  events.EventQueue (EventQueue.java:fireEvent(216)) - No event handler registered for event TypedEvent{payloadType=DatanodeDetails, name='Datanode_Command_Queue_Updated'}
2023-01-03 10:08:35,522 [EventQueue-CommandQueueReportForCommandQueueReportHandler] WARN  events.EventQueue (EventQueue.java:fireEvent(216)) - No event handler registered for event TypedEvent{payloadType=DatanodeDetails, name='Datanode_Command_Queue_Updated'}
2023-01-03 10:08:35,530 [EventQueue-CommandQueueReportForCommandQueueReportHandler] WARN  events.EventQueue (EventQueue.java:fireEvent(216)) - No event handler registered for event TypedEvent{payloadType=DatanodeDetails, name='Datanode_Command_Queue_Updated'}
2023-01-03 10:08:36,314 [EventQueue-CommandQueueReportForCommandQueueReportHandler] WARN  events.EventQueue (EventQueue.java:fireEvent(216)) - No event handler registered for event TypedEvent{payloadType=DatanodeDetails, name='Datanode_Command_Queue_Updated'}
2023-01-03 10:08:36,440 [EventQueue-CommandQueueReportForCommandQueueReportHandler] WARN  events.EventQueue (EventQueue.java:fireEvent(216)) - No event handler registered for event TypedEvent{payloadType=DatanodeDetails, name='Datanode_Command_Queue_Updated'}
2023-01-03 10:08:36,476 [EventQueue-CommandQueueReportForCommandQueueReportHandler] WARN  events.EventQueue (EventQueue.java:fireEvent(216)) - No event handler registered for event TypedEvent{payloadType=DatanodeDetails, name='Datanode_Command_Queue_Updated'}
2023-01-03 10:08:36,521 [EventQueue-CommandQueueReportForCommandQueueReportHandler] WARN  events.EventQueue (EventQueue.java:fireEvent(216)) - No event handler registered for event TypedEvent{payloadType=DatanodeDetails, name='Datanode_Command_Queue_Updated'}
2023-01-03 10:08:36,529 [EventQueue-CommandQueueReportForCommandQueueReportHandler] WARN  events.EventQueue (EventQueue.java:fireEvent(216)) - No event handler registered for event TypedEvent{payloadType=DatanodeDetails, name='Datanode_Command_Queue_Updated'}
2023-01-03 10:08:37,318 [EventQueue-CommandQueueReportForCommandQueueReportHandler] WARN  events.EventQueue (EventQueue.java:fireEvent(216)) - No event handler registered for event TypedEvent{payloadType=DatanodeDetails, name='Datanode_Command_Queue_Updated'}
2023-01-03 10:08:37,440 [EventQueue-CommandQueueReportForCommandQueueReportHandler] WARN  events.EventQueue (EventQueue.java:fireEvent(216)) - No event handler registered for event TypedEvent{payloadType=DatanodeDetails, name='Datanode_Command_Queue_Updated'}
2023-01-03 10:08:37,477 [EventQueue-CommandQueueReportForCommandQueueReportHandler] WARN  events.EventQueue (EventQueue.java:fireEvent(216)) - No event handler registered for event TypedEvent{payloadType=DatanodeDetails, name='Datanode_Command_Queue_Updated'}
2023-01-03 10:08:37,522 [EventQueue-CommandQueueReportForCommandQueueReportHandler] WARN  events.EventQueue (EventQueue.java:fireEvent(216)) - No event handler registered for event TypedEvent{payloadType=DatanodeDetails, name='Datanode_Command_Queue_Updated'}
2023-01-03 10:08:37,535 [EventQueue-CommandQueueReportForCommandQueueReportHandler] WARN  events.EventQueue (EventQueue.java:fireEvent(216)) - No event handler registered for event TypedEvent{payloadType=DatanodeDetails, name='Datanode_Command_Queue_Updated'}
]]></system-out>
  </testcase>
  <testcase name="testListStatusOnLargeDirectory" classname="TestOzoneFileSystem" time="2.577">
    <system-out><![CDATA[2023-01-03 10:09:23,413 [EventQueue-CommandQueueReportForCommandQueueReportHandler] WARN  events.EventQueue (EventQueue.java:fireEvent(216)) - No event handler registered for event TypedEvent{payloadType=DatanodeDetails, name='Datanode_Command_Queue_Updated'}
2023-01-03 10:09:23,646 [EventQueue-CommandQueueReportForCommandQueueReportHandler] WARN  events.EventQueue (EventQueue.java:fireEvent(216)) - No event handler registered for event TypedEvent{payloadType=DatanodeDetails, name='Datanode_Command_Queue_Updated'}
2023-01-03 10:09:24,048 [EventQueue-CommandQueueReportForCommandQueueReportHandler] WARN  events.EventQueue (EventQueue.java:fireEvent(216)) - No event handler registered for event TypedEvent{payloadType=DatanodeDetails, name='Datanode_Command_Queue_Updated'}
2023-01-03 10:09:24,053 [EventQueue-CommandQueueReportForCommandQueueReportHandler] WARN  events.EventQueue (EventQueue.java:fireEvent(216)) - No event handler registered for event TypedEvent{payloadType=DatanodeDetails, name='Datanode_Command_Queue_Updated'}
2023-01-03 10:09:24,054 [EventQueue-CommandQueueReportForCommandQueueReportHandler] WARN  events.EventQueue (EventQueue.java:fireEvent(216)) - No event handler registered for event TypedEvent{payloadType=DatanodeDetails, name='Datanode_Command_Queue_Updated'}
2023-01-03 10:09:24,413 [EventQueue-CommandQueueReportForCommandQueueReportHandler] WARN  events.EventQueue (EventQueue.java:fireEvent(216)) - No event handler registered for event TypedEvent{payloadType=DatanodeDetails, name='Datanode_Command_Queue_Updated'}
2023-01-03 10:09:24,645 [EventQueue-CommandQueueReportForCommandQueueReportHandler] WARN  events.EventQueue (EventQueue.java:fireEvent(216)) - No event handler registered for event TypedEvent{payloadType=DatanodeDetails, name='Datanode_Command_Queue_Updated'}
2023-01-03 10:09:25,049 [EventQueue-CommandQueueReportForCommandQueueReportHandler] WARN  events.EventQueue (EventQueue.java:fireEvent(216)) - No event handler registered for event TypedEvent{payloadType=DatanodeDetails, name='Datanode_Command_Queue_Updated'}
2023-01-03 10:09:25,057 [EventQueue-CommandQueueReportForCommandQueueReportHandler] WARN  events.EventQueue (EventQueue.java:fireEvent(216)) - No event handler registered for event TypedEvent{payloadType=DatanodeDetails, name='Datanode_Command_Queue_Updated'}
2023-01-03 10:09:25,058 [EventQueue-CommandQueueReportForCommandQueueReportHandler] WARN  events.EventQueue (EventQueue.java:fireEvent(216)) - No event handler registered for event TypedEvent{payloadType=DatanodeDetails, name='Datanode_Command_Queue_Updated'}
2023-01-03 10:09:25,414 [EventQueue-CommandQueueReportForCommandQueueReportHandler] WARN  events.EventQueue (EventQueue.java:fireEvent(216)) - No event handler registered for event TypedEvent{payloadType=DatanodeDetails, name='Datanode_Command_Queue_Updated'}
2023-01-03 10:09:25,646 [EventQueue-CommandQueueReportForCommandQueueReportHandler] WARN  events.EventQueue (EventQueue.java:fireEvent(216)) - No event handler registered for event TypedEvent{payloadType=DatanodeDetails, name='Datanode_Command_Queue_Updated'}
]]></system-out>
  </testcase>
  <testcase name="testCreateKeyShouldUseRefreshedBucketReplicationConfig" classname="TestOzoneFileSystem" time="0.333">
    <system-out><![CDATA[2023-01-03 10:06:58,864 [Time-limited test] INFO  rpc.RpcClient (RpcClient.java:createVolume(474)) - Creating Volume: volume00787, with user78230 as owner and space quota set to -1 bytes, counts quota set to -1
2023-01-03 10:06:58,866 [OM StateMachine ApplyTransaction Thread - 0] INFO  volume.OMVolumeCreateRequest (OMVolumeCreateRequest.java:validateAndUpdateCache(195)) - created volume:volume00787 for user:user78230
2023-01-03 10:06:58,869 [Time-limited test] INFO  rpc.RpcClient (RpcClient.java:createBucket(693)) - Creating Bucket: volume00787/bucket86254, with bucket layout LEGACY, runner as owner, Versioning false, Storage Type set to DISK and Encryption set to false 
2023-01-03 10:06:58,870 [OM StateMachine ApplyTransaction Thread - 0] INFO  bucket.OMBucketCreateRequest (OMBucketCreateRequest.java:validateAndUpdateCache(260)) - created bucket: bucket86254 of layout LEGACY in volume: volume00787
2023-01-03 10:06:58,898 [OM StateMachine ApplyTransaction Thread - 0] INFO  key.OMKeyRequest (OMKeyRequest.java:wrapUncommittedBlocksAsPseudoKey(835)) - Detect allocated but uncommitted blocks [{blockID={containerID=2, localID=111677748019200063}, length=4194304, offset=0, token=null, pipeline=null, createVersion=0, partNumber=0}] in key key.
2023-01-03 10:06:58,914 [EventQueue-CommandQueueReportForCommandQueueReportHandler] WARN  events.EventQueue (EventQueue.java:fireEvent(216)) - No event handler registered for event TypedEvent{payloadType=DatanodeDetails, name='Datanode_Command_Queue_Updated'}
2023-01-03 10:06:58,916 [EventQueue-CommandQueueReportForCommandQueueReportHandler] WARN  events.EventQueue (EventQueue.java:fireEvent(216)) - No event handler registered for event TypedEvent{payloadType=DatanodeDetails, name='Datanode_Command_Queue_Updated'}
2023-01-03 10:06:58,918 [EventQueue-CommandQueueReportForCommandQueueReportHandler] WARN  events.EventQueue (EventQueue.java:fireEvent(216)) - No event handler registered for event TypedEvent{payloadType=DatanodeDetails, name='Datanode_Command_Queue_Updated'}
2023-01-03 10:06:58,928 [OM StateMachine ApplyTransaction Thread - 0] INFO  key.OMKeyRequest (OMKeyRequest.java:wrapUncommittedBlocksAsPseudoKey(835)) - Detect allocated but uncommitted blocks [{blockID={containerID=1, localID=111677748019200064}, length=4194304, offset=0, token=null, pipeline=null, createVersion=0, partNumber=0}] in key key1.
2023-01-03 10:06:58,940 [IPC Server handler 17 on default port 34199] INFO  pipeline.PipelineStateManagerImpl (PipelineStateManagerImpl.java:addPipeline(103)) - Created pipeline Pipeline[ Id: 77f69b7f-cf0d-411c-9e0c-86703cc6b5b2, Nodes: 1e90a81f-431a-478a-9b2e-dbda4ffaca44{ip: 10.1.0.13, host: fv-az292-374.tqgtyn10aqxuxoi0mkfbldi5vh.jx.internal.cloudapp.net, ports: [REPLICATION=36629, RATIS=44185, RATIS_ADMIN=44185, RATIS_SERVER=44185, RATIS_DATASTREAM=44723, STANDALONE=41267], networkLocation: /default-rack, certSerialId: null, persistedOpState: null, persistedOpStateExpiryEpochSec: 0}f16244a9-e060-48f3-8727-dfe3ed85a294{ip: 10.1.0.13, host: fv-az292-374.tqgtyn10aqxuxoi0mkfbldi5vh.jx.internal.cloudapp.net, ports: [REPLICATION=42295, RATIS=45615, RATIS_ADMIN=45615, RATIS_SERVER=45615, RATIS_DATASTREAM=38733, STANDALONE=41669], networkLocation: /default-rack, certSerialId: null, persistedOpState: null, persistedOpStateExpiryEpochSec: 0}265cde2e-5350-4bf8-a91b-58e7369f5fcb{ip: 10.1.0.13, host: fv-az292-374.tqgtyn10aqxuxoi0mkfbldi5vh.jx.internal.cloudapp.net, ports: [REPLICATION=36537, RATIS=40615, RATIS_ADMIN=40615, RATIS_SERVER=40615, RATIS_DATASTREAM=33331, STANDALONE=40301], networkLocation: /default-rack, certSerialId: null, persistedOpState: null, persistedOpStateExpiryEpochSec: 0}ac21c7e9-4632-4894-bb8a-46dc1ad7aae6{ip: 10.1.0.13, host: fv-az292-374.tqgtyn10aqxuxoi0mkfbldi5vh.jx.internal.cloudapp.net, ports: [REPLICATION=39543, RATIS=45013, RATIS_ADMIN=45013, RATIS_SERVER=45013, RATIS_DATASTREAM=36409, STANDALONE=34293], networkLocation: /default-rack, certSerialId: null, persistedOpState: null, persistedOpStateExpiryEpochSec: 0}e60c2466-e581-4a2a-a391-12b730c6e057{ip: 10.1.0.13, host: fv-az292-374.tqgtyn10aqxuxoi0mkfbldi5vh.jx.internal.cloudapp.net, ports: [REPLICATION=43413, RATIS=43713, RATIS_ADMIN=43713, RATIS_SERVER=43713, RATIS_DATASTREAM=34563, STANDALONE=44941], networkLocation: /default-rack, certSerialId: null, persistedOpState: null, persistedOpStateExpiryEpochSec: 0}, ReplicationConfig: EC/ECReplicationConfig{data=3, parity=2, ecChunkSize=1048576, codec=rs}, State:ALLOCATED, leaderId:, CreationTimestamp2023-01-03T10:06:58.940Z[Etc/UTC]].
2023-01-03 10:06:58,941 [IPC Server handler 17 on default port 34199] INFO  pipeline.PipelineManagerImpl (PipelineManagerImpl.java:openPipeline(367)) - Pipeline Pipeline[ Id: 77f69b7f-cf0d-411c-9e0c-86703cc6b5b2, Nodes: 1e90a81f-431a-478a-9b2e-dbda4ffaca44{ip: 10.1.0.13, host: fv-az292-374.tqgtyn10aqxuxoi0mkfbldi5vh.jx.internal.cloudapp.net, ports: [REPLICATION=36629, RATIS=44185, RATIS_ADMIN=44185, RATIS_SERVER=44185, RATIS_DATASTREAM=44723, STANDALONE=41267], networkLocation: /default-rack, certSerialId: null, persistedOpState: null, persistedOpStateExpiryEpochSec: 0}f16244a9-e060-48f3-8727-dfe3ed85a294{ip: 10.1.0.13, host: fv-az292-374.tqgtyn10aqxuxoi0mkfbldi5vh.jx.internal.cloudapp.net, ports: [REPLICATION=42295, RATIS=45615, RATIS_ADMIN=45615, RATIS_SERVER=45615, RATIS_DATASTREAM=38733, STANDALONE=41669], networkLocation: /default-rack, certSerialId: null, persistedOpState: null, persistedOpStateExpiryEpochSec: 0}265cde2e-5350-4bf8-a91b-58e7369f5fcb{ip: 10.1.0.13, host: fv-az292-374.tqgtyn10aqxuxoi0mkfbldi5vh.jx.internal.cloudapp.net, ports: [REPLICATION=36537, RATIS=40615, RATIS_ADMIN=40615, RATIS_SERVER=40615, RATIS_DATASTREAM=33331, STANDALONE=40301], networkLocation: /default-rack, certSerialId: null, persistedOpState: null, persistedOpStateExpiryEpochSec: 0}ac21c7e9-4632-4894-bb8a-46dc1ad7aae6{ip: 10.1.0.13, host: fv-az292-374.tqgtyn10aqxuxoi0mkfbldi5vh.jx.internal.cloudapp.net, ports: [REPLICATION=39543, RATIS=45013, RATIS_ADMIN=45013, RATIS_SERVER=45013, RATIS_DATASTREAM=36409, STANDALONE=34293], networkLocation: /default-rack, certSerialId: null, persistedOpState: null, persistedOpStateExpiryEpochSec: 0}e60c2466-e581-4a2a-a391-12b730c6e057{ip: 10.1.0.13, host: fv-az292-374.tqgtyn10aqxuxoi0mkfbldi5vh.jx.internal.cloudapp.net, ports: [REPLICATION=43413, RATIS=43713, RATIS_ADMIN=43713, RATIS_SERVER=43713, RATIS_DATASTREAM=34563, STANDALONE=44941], networkLocation: /default-rack, certSerialId: null, persistedOpState: null, persistedOpStateExpiryEpochSec: 0}, ReplicationConfig: EC/ECReplicationConfig{data=3, parity=2, ecChunkSize=1048576, codec=rs}, State:ALLOCATED, leaderId:, CreationTimestamp2023-01-03T10:06:58.940Z[Etc/UTC]] moved to OPEN state
2023-01-03 10:06:58,998 [Time-limited test] WARN  erasurecode.ErasureCodeNative (ErasureCodeNative.java:<clinit>(55)) - ISA-L support is not available in your platform... using builtin-java codec where applicable
2023-01-03 10:06:59,101 [OM StateMachine ApplyTransaction Thread - 0] INFO  key.OMKeyRequest (OMKeyRequest.java:wrapUncommittedBlocksAsPseudoKey(835)) - Detect allocated but uncommitted blocks [{blockID={containerID=9, localID=111677748019200065}, length=4194304, offset=0, token=null, pipeline=null, createVersion=0, partNumber=0}] in key key2.
2023-01-03 10:06:59,111 [IPC Server handler 3 on default port 34199] INFO  pipeline.PipelineStateManagerImpl (PipelineStateManagerImpl.java:addPipeline(103)) - Created pipeline Pipeline[ Id: 3e318686-25a0-44c5-90b1-14c097e65dde, Nodes: e60c2466-e581-4a2a-a391-12b730c6e057{ip: 10.1.0.13, host: fv-az292-374.tqgtyn10aqxuxoi0mkfbldi5vh.jx.internal.cloudapp.net, ports: [REPLICATION=43413, RATIS=43713, RATIS_ADMIN=43713, RATIS_SERVER=43713, RATIS_DATASTREAM=34563, STANDALONE=44941], networkLocation: /default-rack, certSerialId: null, persistedOpState: null, persistedOpStateExpiryEpochSec: 0}1e90a81f-431a-478a-9b2e-dbda4ffaca44{ip: 10.1.0.13, host: fv-az292-374.tqgtyn10aqxuxoi0mkfbldi5vh.jx.internal.cloudapp.net, ports: [REPLICATION=36629, RATIS=44185, RATIS_ADMIN=44185, RATIS_SERVER=44185, RATIS_DATASTREAM=44723, STANDALONE=41267], networkLocation: /default-rack, certSerialId: null, persistedOpState: null, persistedOpStateExpiryEpochSec: 0}265cde2e-5350-4bf8-a91b-58e7369f5fcb{ip: 10.1.0.13, host: fv-az292-374.tqgtyn10aqxuxoi0mkfbldi5vh.jx.internal.cloudapp.net, ports: [REPLICATION=36537, RATIS=40615, RATIS_ADMIN=40615, RATIS_SERVER=40615, RATIS_DATASTREAM=33331, STANDALONE=40301], networkLocation: /default-rack, certSerialId: null, persistedOpState: null, persistedOpStateExpiryEpochSec: 0}ac21c7e9-4632-4894-bb8a-46dc1ad7aae6{ip: 10.1.0.13, host: fv-az292-374.tqgtyn10aqxuxoi0mkfbldi5vh.jx.internal.cloudapp.net, ports: [REPLICATION=39543, RATIS=45013, RATIS_ADMIN=45013, RATIS_SERVER=45013, RATIS_DATASTREAM=36409, STANDALONE=34293], networkLocation: /default-rack, certSerialId: null, persistedOpState: null, persistedOpStateExpiryEpochSec: 0}f16244a9-e060-48f3-8727-dfe3ed85a294{ip: 10.1.0.13, host: fv-az292-374.tqgtyn10aqxuxoi0mkfbldi5vh.jx.internal.cloudapp.net, ports: [REPLICATION=42295, RATIS=45615, RATIS_ADMIN=45615, RATIS_SERVER=45615, RATIS_DATASTREAM=38733, STANDALONE=41669], networkLocation: /default-rack, certSerialId: null, persistedOpState: null, persistedOpStateExpiryEpochSec: 0}, ReplicationConfig: EC/ECReplicationConfig{data=3, parity=2, ecChunkSize=1048576, codec=rs}, State:ALLOCATED, leaderId:, CreationTimestamp2023-01-03T10:06:59.111Z[Etc/UTC]].
2023-01-03 10:06:59,112 [IPC Server handler 3 on default port 34199] INFO  pipeline.PipelineManagerImpl (PipelineManagerImpl.java:openPipeline(367)) - Pipeline Pipeline[ Id: 3e318686-25a0-44c5-90b1-14c097e65dde, Nodes: e60c2466-e581-4a2a-a391-12b730c6e057{ip: 10.1.0.13, host: fv-az292-374.tqgtyn10aqxuxoi0mkfbldi5vh.jx.internal.cloudapp.net, ports: [REPLICATION=43413, RATIS=43713, RATIS_ADMIN=43713, RATIS_SERVER=43713, RATIS_DATASTREAM=34563, STANDALONE=44941], networkLocation: /default-rack, certSerialId: null, persistedOpState: null, persistedOpStateExpiryEpochSec: 0}1e90a81f-431a-478a-9b2e-dbda4ffaca44{ip: 10.1.0.13, host: fv-az292-374.tqgtyn10aqxuxoi0mkfbldi5vh.jx.internal.cloudapp.net, ports: [REPLICATION=36629, RATIS=44185, RATIS_ADMIN=44185, RATIS_SERVER=44185, RATIS_DATASTREAM=44723, STANDALONE=41267], networkLocation: /default-rack, certSerialId: null, persistedOpState: null, persistedOpStateExpiryEpochSec: 0}265cde2e-5350-4bf8-a91b-58e7369f5fcb{ip: 10.1.0.13, host: fv-az292-374.tqgtyn10aqxuxoi0mkfbldi5vh.jx.internal.cloudapp.net, ports: [REPLICATION=36537, RATIS=40615, RATIS_ADMIN=40615, RATIS_SERVER=40615, RATIS_DATASTREAM=33331, STANDALONE=40301], networkLocation: /default-rack, certSerialId: null, persistedOpState: null, persistedOpStateExpiryEpochSec: 0}ac21c7e9-4632-4894-bb8a-46dc1ad7aae6{ip: 10.1.0.13, host: fv-az292-374.tqgtyn10aqxuxoi0mkfbldi5vh.jx.internal.cloudapp.net, ports: [REPLICATION=39543, RATIS=45013, RATIS_ADMIN=45013, RATIS_SERVER=45013, RATIS_DATASTREAM=36409, STANDALONE=34293], networkLocation: /default-rack, certSerialId: null, persistedOpState: null, persistedOpStateExpiryEpochSec: 0}f16244a9-e060-48f3-8727-dfe3ed85a294{ip: 10.1.0.13, host: fv-az292-374.tqgtyn10aqxuxoi0mkfbldi5vh.jx.internal.cloudapp.net, ports: [REPLICATION=42295, RATIS=45615, RATIS_ADMIN=45615, RATIS_SERVER=45615, RATIS_DATASTREAM=38733, STANDALONE=41669], networkLocation: /default-rack, certSerialId: null, persistedOpState: null, persistedOpStateExpiryEpochSec: 0}, ReplicationConfig: EC/ECReplicationConfig{data=3, parity=2, ecChunkSize=1048576, codec=rs}, State:ALLOCATED, leaderId:, CreationTimestamp2023-01-03T10:06:59.111Z[Etc/UTC]] moved to OPEN state
2023-01-03 10:06:59,149 [OM StateMachine ApplyTransaction Thread - 0] INFO  key.OMKeyRequest (OMKeyRequest.java:wrapUncommittedBlocksAsPseudoKey(835)) - Detect allocated but uncommitted blocks [{blockID={containerID=10, localID=111677748019200066}, length=4194304, offset=0, token=null, pipeline=null, createVersion=0, partNumber=0}] in key key3.
2023-01-03 10:06:59,156 [OM StateMachine ApplyTransaction Thread - 0] INFO  key.OMKeyRequest (OMKeyRequest.java:wrapUncommittedBlocksAsPseudoKey(835)) - Detect allocated but uncommitted blocks [{blockID={containerID=2, localID=111677748019200067}, length=4194304, offset=0, token=null, pipeline=null, createVersion=0, partNumber=0}] in key key4.
]]></system-out>
  </testcase>
  <testcase name="testCreateKeyShouldUseRefreshedBucketReplicationConfig" classname="TestOzoneFileSystem" time="0.101">
    <system-out><![CDATA[2023-01-03 10:07:45,474 [Time-limited test] INFO  rpc.RpcClient (RpcClient.java:createVolume(474)) - Creating Volume: volume56062, with user91558 as owner and space quota set to -1 bytes, counts quota set to -1
2023-01-03 10:07:45,475 [IPC Server handler 13 on default port 46801] INFO  volume.OMVolumeCreateRequest (OMVolumeCreateRequest.java:validateAndUpdateCache(195)) - created volume:volume56062 for user:user91558
2023-01-03 10:07:45,476 [Time-limited test] INFO  rpc.RpcClient (RpcClient.java:createBucket(693)) - Creating Bucket: volume56062/bucket07961, with bucket layout LEGACY, runner as owner, Versioning false, Storage Type set to DISK and Encryption set to false 
2023-01-03 10:07:45,477 [IPC Server handler 15 on default port 46801] INFO  bucket.OMBucketCreateRequest (OMBucketCreateRequest.java:validateAndUpdateCache(260)) - created bucket: bucket07961 of layout LEGACY in volume: volume56062
2023-01-03 10:07:45,492 [IPC Server handler 1 on default port 46801] INFO  key.OMKeyRequest (OMKeyRequest.java:wrapUncommittedBlocksAsPseudoKey(835)) - Detect allocated but uncommitted blocks [{blockID={containerID=4, localID=111677748019200063}, length=4194304, offset=0, token=null, pipeline=null, createVersion=0, partNumber=0}] in key key.
2023-01-03 10:07:45,496 [IPC Server handler 5 on default port 46801] INFO  key.OMKeyRequest (OMKeyRequest.java:wrapUncommittedBlocksAsPseudoKey(835)) - Detect allocated but uncommitted blocks [{blockID={containerID=3, localID=111677748019200064}, length=4194304, offset=0, token=null, pipeline=null, createVersion=0, partNumber=0}] in key key1.
2023-01-03 10:07:45,499 [IPC Server handler 1 on default port 38917] INFO  pipeline.PipelineStateManagerImpl (PipelineStateManagerImpl.java:addPipeline(103)) - Created pipeline Pipeline[ Id: 3f385195-dcd2-4858-b68b-ba6abe950fb6, Nodes: 2c63000f-a9ba-4116-8021-1fc7d553c7a4{ip: 10.1.0.13, host: fv-az292-374.tqgtyn10aqxuxoi0mkfbldi5vh.jx.internal.cloudapp.net, ports: [REPLICATION=34129, RATIS=44077, RATIS_ADMIN=44077, RATIS_SERVER=44077, RATIS_DATASTREAM=33143, STANDALONE=44913], networkLocation: /default-rack, certSerialId: null, persistedOpState: null, persistedOpStateExpiryEpochSec: 0}ad81db47-82b5-4afb-987d-b3e16962a519{ip: 10.1.0.13, host: fv-az292-374.tqgtyn10aqxuxoi0mkfbldi5vh.jx.internal.cloudapp.net, ports: [REPLICATION=40711, RATIS=42981, RATIS_ADMIN=42981, RATIS_SERVER=42981, RATIS_DATASTREAM=39737, STANDALONE=33553], networkLocation: /default-rack, certSerialId: null, persistedOpState: null, persistedOpStateExpiryEpochSec: 0}01844fa3-4991-4a9b-b3ea-c862c2ab2093{ip: 10.1.0.13, host: fv-az292-374.tqgtyn10aqxuxoi0mkfbldi5vh.jx.internal.cloudapp.net, ports: [REPLICATION=45803, RATIS=37787, RATIS_ADMIN=37787, RATIS_SERVER=37787, RATIS_DATASTREAM=37099, STANDALONE=41089], networkLocation: /default-rack, certSerialId: null, persistedOpState: null, persistedOpStateExpiryEpochSec: 0}5c8f94db-7806-4776-a4fa-2f4c620ca121{ip: 10.1.0.13, host: fv-az292-374.tqgtyn10aqxuxoi0mkfbldi5vh.jx.internal.cloudapp.net, ports: [REPLICATION=36621, RATIS=34413, RATIS_ADMIN=34413, RATIS_SERVER=34413, RATIS_DATASTREAM=42515, STANDALONE=36307], networkLocation: /default-rack, certSerialId: null, persistedOpState: null, persistedOpStateExpiryEpochSec: 0}cf16c65b-18c5-4246-b401-9967cdd5b427{ip: 10.1.0.13, host: fv-az292-374.tqgtyn10aqxuxoi0mkfbldi5vh.jx.internal.cloudapp.net, ports: [REPLICATION=43947, RATIS=45509, RATIS_ADMIN=45509, RATIS_SERVER=45509, RATIS_DATASTREAM=37175, STANDALONE=35843], networkLocation: /default-rack, certSerialId: null, persistedOpState: null, persistedOpStateExpiryEpochSec: 0}, ReplicationConfig: EC/ECReplicationConfig{data=3, parity=2, ecChunkSize=1048576, codec=rs}, State:ALLOCATED, leaderId:, CreationTimestamp2023-01-03T10:07:45.499Z[Etc/UTC]].
2023-01-03 10:07:45,500 [IPC Server handler 1 on default port 38917] INFO  pipeline.PipelineManagerImpl (PipelineManagerImpl.java:openPipeline(367)) - Pipeline Pipeline[ Id: 3f385195-dcd2-4858-b68b-ba6abe950fb6, Nodes: 2c63000f-a9ba-4116-8021-1fc7d553c7a4{ip: 10.1.0.13, host: fv-az292-374.tqgtyn10aqxuxoi0mkfbldi5vh.jx.internal.cloudapp.net, ports: [REPLICATION=34129, RATIS=44077, RATIS_ADMIN=44077, RATIS_SERVER=44077, RATIS_DATASTREAM=33143, STANDALONE=44913], networkLocation: /default-rack, certSerialId: null, persistedOpState: null, persistedOpStateExpiryEpochSec: 0}ad81db47-82b5-4afb-987d-b3e16962a519{ip: 10.1.0.13, host: fv-az292-374.tqgtyn10aqxuxoi0mkfbldi5vh.jx.internal.cloudapp.net, ports: [REPLICATION=40711, RATIS=42981, RATIS_ADMIN=42981, RATIS_SERVER=42981, RATIS_DATASTREAM=39737, STANDALONE=33553], networkLocation: /default-rack, certSerialId: null, persistedOpState: null, persistedOpStateExpiryEpochSec: 0}01844fa3-4991-4a9b-b3ea-c862c2ab2093{ip: 10.1.0.13, host: fv-az292-374.tqgtyn10aqxuxoi0mkfbldi5vh.jx.internal.cloudapp.net, ports: [REPLICATION=45803, RATIS=37787, RATIS_ADMIN=37787, RATIS_SERVER=37787, RATIS_DATASTREAM=37099, STANDALONE=41089], networkLocation: /default-rack, certSerialId: null, persistedOpState: null, persistedOpStateExpiryEpochSec: 0}5c8f94db-7806-4776-a4fa-2f4c620ca121{ip: 10.1.0.13, host: fv-az292-374.tqgtyn10aqxuxoi0mkfbldi5vh.jx.internal.cloudapp.net, ports: [REPLICATION=36621, RATIS=34413, RATIS_ADMIN=34413, RATIS_SERVER=34413, RATIS_DATASTREAM=42515, STANDALONE=36307], networkLocation: /default-rack, certSerialId: null, persistedOpState: null, persistedOpStateExpiryEpochSec: 0}cf16c65b-18c5-4246-b401-9967cdd5b427{ip: 10.1.0.13, host: fv-az292-374.tqgtyn10aqxuxoi0mkfbldi5vh.jx.internal.cloudapp.net, ports: [REPLICATION=43947, RATIS=45509, RATIS_ADMIN=45509, RATIS_SERVER=45509, RATIS_DATASTREAM=37175, STANDALONE=35843], networkLocation: /default-rack, certSerialId: null, persistedOpState: null, persistedOpStateExpiryEpochSec: 0}, ReplicationConfig: EC/ECReplicationConfig{data=3, parity=2, ecChunkSize=1048576, codec=rs}, State:ALLOCATED, leaderId:, CreationTimestamp2023-01-03T10:07:45.499Z[Etc/UTC]] moved to OPEN state
2023-01-03 10:07:45,522 [IPC Server handler 9 on default port 46801] INFO  key.OMKeyRequest (OMKeyRequest.java:wrapUncommittedBlocksAsPseudoKey(835)) - Detect allocated but uncommitted blocks [{blockID={containerID=9, localID=111677748019200065}, length=4194304, offset=0, token=null, pipeline=null, createVersion=0, partNumber=0}] in key key2.
2023-01-03 10:07:45,528 [IPC Server handler 3 on default port 38917] INFO  pipeline.PipelineStateManagerImpl (PipelineStateManagerImpl.java:addPipeline(103)) - Created pipeline Pipeline[ Id: 9ae6d678-78a2-4fb9-8afd-94e196a050c0, Nodes: 5c8f94db-7806-4776-a4fa-2f4c620ca121{ip: 10.1.0.13, host: fv-az292-374.tqgtyn10aqxuxoi0mkfbldi5vh.jx.internal.cloudapp.net, ports: [REPLICATION=36621, RATIS=34413, RATIS_ADMIN=34413, RATIS_SERVER=34413, RATIS_DATASTREAM=42515, STANDALONE=36307], networkLocation: /default-rack, certSerialId: null, persistedOpState: null, persistedOpStateExpiryEpochSec: 0}cf16c65b-18c5-4246-b401-9967cdd5b427{ip: 10.1.0.13, host: fv-az292-374.tqgtyn10aqxuxoi0mkfbldi5vh.jx.internal.cloudapp.net, ports: [REPLICATION=43947, RATIS=45509, RATIS_ADMIN=45509, RATIS_SERVER=45509, RATIS_DATASTREAM=37175, STANDALONE=35843], networkLocation: /default-rack, certSerialId: null, persistedOpState: null, persistedOpStateExpiryEpochSec: 0}ad81db47-82b5-4afb-987d-b3e16962a519{ip: 10.1.0.13, host: fv-az292-374.tqgtyn10aqxuxoi0mkfbldi5vh.jx.internal.cloudapp.net, ports: [REPLICATION=40711, RATIS=42981, RATIS_ADMIN=42981, RATIS_SERVER=42981, RATIS_DATASTREAM=39737, STANDALONE=33553], networkLocation: /default-rack, certSerialId: null, persistedOpState: null, persistedOpStateExpiryEpochSec: 0}01844fa3-4991-4a9b-b3ea-c862c2ab2093{ip: 10.1.0.13, host: fv-az292-374.tqgtyn10aqxuxoi0mkfbldi5vh.jx.internal.cloudapp.net, ports: [REPLICATION=45803, RATIS=37787, RATIS_ADMIN=37787, RATIS_SERVER=37787, RATIS_DATASTREAM=37099, STANDALONE=41089], networkLocation: /default-rack, certSerialId: null, persistedOpState: null, persistedOpStateExpiryEpochSec: 0}2c63000f-a9ba-4116-8021-1fc7d553c7a4{ip: 10.1.0.13, host: fv-az292-374.tqgtyn10aqxuxoi0mkfbldi5vh.jx.internal.cloudapp.net, ports: [REPLICATION=34129, RATIS=44077, RATIS_ADMIN=44077, RATIS_SERVER=44077, RATIS_DATASTREAM=33143, STANDALONE=44913], networkLocation: /default-rack, certSerialId: null, persistedOpState: null, persistedOpStateExpiryEpochSec: 0}, ReplicationConfig: EC/ECReplicationConfig{data=3, parity=2, ecChunkSize=1048576, codec=rs}, State:ALLOCATED, leaderId:, CreationTimestamp2023-01-03T10:07:45.528Z[Etc/UTC]].
2023-01-03 10:07:45,529 [IPC Server handler 3 on default port 38917] INFO  pipeline.PipelineManagerImpl (PipelineManagerImpl.java:openPipeline(367)) - Pipeline Pipeline[ Id: 9ae6d678-78a2-4fb9-8afd-94e196a050c0, Nodes: 5c8f94db-7806-4776-a4fa-2f4c620ca121{ip: 10.1.0.13, host: fv-az292-374.tqgtyn10aqxuxoi0mkfbldi5vh.jx.internal.cloudapp.net, ports: [REPLICATION=36621, RATIS=34413, RATIS_ADMIN=34413, RATIS_SERVER=34413, RATIS_DATASTREAM=42515, STANDALONE=36307], networkLocation: /default-rack, certSerialId: null, persistedOpState: null, persistedOpStateExpiryEpochSec: 0}cf16c65b-18c5-4246-b401-9967cdd5b427{ip: 10.1.0.13, host: fv-az292-374.tqgtyn10aqxuxoi0mkfbldi5vh.jx.internal.cloudapp.net, ports: [REPLICATION=43947, RATIS=45509, RATIS_ADMIN=45509, RATIS_SERVER=45509, RATIS_DATASTREAM=37175, STANDALONE=35843], networkLocation: /default-rack, certSerialId: null, persistedOpState: null, persistedOpStateExpiryEpochSec: 0}ad81db47-82b5-4afb-987d-b3e16962a519{ip: 10.1.0.13, host: fv-az292-374.tqgtyn10aqxuxoi0mkfbldi5vh.jx.internal.cloudapp.net, ports: [REPLICATION=40711, RATIS=42981, RATIS_ADMIN=42981, RATIS_SERVER=42981, RATIS_DATASTREAM=39737, STANDALONE=33553], networkLocation: /default-rack, certSerialId: null, persistedOpState: null, persistedOpStateExpiryEpochSec: 0}01844fa3-4991-4a9b-b3ea-c862c2ab2093{ip: 10.1.0.13, host: fv-az292-374.tqgtyn10aqxuxoi0mkfbldi5vh.jx.internal.cloudapp.net, ports: [REPLICATION=45803, RATIS=37787, RATIS_ADMIN=37787, RATIS_SERVER=37787, RATIS_DATASTREAM=37099, STANDALONE=41089], networkLocation: /default-rack, certSerialId: null, persistedOpState: null, persistedOpStateExpiryEpochSec: 0}2c63000f-a9ba-4116-8021-1fc7d553c7a4{ip: 10.1.0.13, host: fv-az292-374.tqgtyn10aqxuxoi0mkfbldi5vh.jx.internal.cloudapp.net, ports: [REPLICATION=34129, RATIS=44077, RATIS_ADMIN=44077, RATIS_SERVER=44077, RATIS_DATASTREAM=33143, STANDALONE=44913], networkLocation: /default-rack, certSerialId: null, persistedOpState: null, persistedOpStateExpiryEpochSec: 0}, ReplicationConfig: EC/ECReplicationConfig{data=3, parity=2, ecChunkSize=1048576, codec=rs}, State:ALLOCATED, leaderId:, CreationTimestamp2023-01-03T10:07:45.528Z[Etc/UTC]] moved to OPEN state
2023-01-03 10:07:45,549 [IPC Server handler 13 on default port 46801] INFO  key.OMKeyRequest (OMKeyRequest.java:wrapUncommittedBlocksAsPseudoKey(835)) - Detect allocated but uncommitted blocks [{blockID={containerID=10, localID=111677748019200066}, length=4194304, offset=0, token=null, pipeline=null, createVersion=0, partNumber=0}] in key key3.
2023-01-03 10:07:45,554 [IPC Server handler 16 on default port 46801] INFO  key.OMKeyRequest (OMKeyRequest.java:wrapUncommittedBlocksAsPseudoKey(835)) - Detect allocated but uncommitted blocks [{blockID={containerID=4, localID=111677748019200067}, length=4194304, offset=0, token=null, pipeline=null, createVersion=0, partNumber=0}] in key key4.
]]></system-out>
  </testcase>
  <testcase name="testCreateKeyShouldUseRefreshedBucketReplicationConfig" classname="TestOzoneFileSystem" time="0.115">
    <system-out><![CDATA[2023-01-03 10:08:38,015 [Time-limited test] INFO  rpc.RpcClient (RpcClient.java:createVolume(474)) - Creating Volume: volume74261, with user83082 as owner and space quota set to -1 bytes, counts quota set to -1
2023-01-03 10:08:38,018 [OM StateMachine ApplyTransaction Thread - 0] INFO  volume.OMVolumeCreateRequest (OMVolumeCreateRequest.java:validateAndUpdateCache(195)) - created volume:volume74261 for user:user83082
2023-01-03 10:08:38,020 [Time-limited test] INFO  rpc.RpcClient (RpcClient.java:createBucket(693)) - Creating Bucket: volume74261/bucket28006, with bucket layout LEGACY, runner as owner, Versioning false, Storage Type set to DISK and Encryption set to false 
2023-01-03 10:08:38,021 [OM StateMachine ApplyTransaction Thread - 0] INFO  bucket.OMBucketCreateRequest (OMBucketCreateRequest.java:validateAndUpdateCache(260)) - created bucket: bucket28006 of layout LEGACY in volume: volume74261
2023-01-03 10:08:38,034 [OM StateMachine ApplyTransaction Thread - 0] INFO  key.OMKeyRequest (OMKeyRequest.java:wrapUncommittedBlocksAsPseudoKey(835)) - Detect allocated but uncommitted blocks [{blockID={containerID=4, localID=111677748019200063}, length=4194304, offset=0, token=null, pipeline=null, createVersion=0, partNumber=0}] in key key.
2023-01-03 10:08:38,041 [OM StateMachine ApplyTransaction Thread - 0] INFO  key.OMKeyRequest (OMKeyRequest.java:wrapUncommittedBlocksAsPseudoKey(835)) - Detect allocated but uncommitted blocks [{blockID={containerID=2, localID=111677748019200064}, length=4194304, offset=0, token=null, pipeline=null, createVersion=0, partNumber=0}] in key key1.
2023-01-03 10:08:38,044 [IPC Server handler 10 on default port 39587] INFO  pipeline.PipelineStateManagerImpl (PipelineStateManagerImpl.java:addPipeline(103)) - Created pipeline Pipeline[ Id: bd5d373f-a876-4cae-99d9-bad1ee6a4eaf, Nodes: 92295612-f13b-4ff2-b823-10ec710f5439{ip: 10.1.0.13, host: fv-az292-374.tqgtyn10aqxuxoi0mkfbldi5vh.jx.internal.cloudapp.net, ports: [REPLICATION=33973, RATIS=39873, RATIS_ADMIN=39873, RATIS_SERVER=39873, RATIS_DATASTREAM=42237, STANDALONE=42935], networkLocation: /default-rack, certSerialId: null, persistedOpState: null, persistedOpStateExpiryEpochSec: 0}c7e71a96-70a3-435a-a6b2-b0df4fa5b7cd{ip: 10.1.0.13, host: fv-az292-374.tqgtyn10aqxuxoi0mkfbldi5vh.jx.internal.cloudapp.net, ports: [REPLICATION=41193, RATIS=35743, RATIS_ADMIN=35743, RATIS_SERVER=35743, RATIS_DATASTREAM=37175, STANDALONE=42781], networkLocation: /default-rack, certSerialId: null, persistedOpState: null, persistedOpStateExpiryEpochSec: 0}ceb62289-e61f-4ee7-8769-746790ce93a5{ip: 10.1.0.13, host: fv-az292-374.tqgtyn10aqxuxoi0mkfbldi5vh.jx.internal.cloudapp.net, ports: [REPLICATION=43181, RATIS=39919, RATIS_ADMIN=39919, RATIS_SERVER=39919, RATIS_DATASTREAM=34319, STANDALONE=45987], networkLocation: /default-rack, certSerialId: null, persistedOpState: null, persistedOpStateExpiryEpochSec: 0}786d16df-aea0-40f0-824b-581d62f1269e{ip: 10.1.0.13, host: fv-az292-374.tqgtyn10aqxuxoi0mkfbldi5vh.jx.internal.cloudapp.net, ports: [REPLICATION=33031, RATIS=45479, RATIS_ADMIN=45479, RATIS_SERVER=45479, RATIS_DATASTREAM=40799, STANDALONE=40969], networkLocation: /default-rack, certSerialId: null, persistedOpState: null, persistedOpStateExpiryEpochSec: 0}6197d2f5-af8d-4e13-93f4-b3dc0462d19d{ip: 10.1.0.13, host: fv-az292-374.tqgtyn10aqxuxoi0mkfbldi5vh.jx.internal.cloudapp.net, ports: [REPLICATION=42573, RATIS=44689, RATIS_ADMIN=44689, RATIS_SERVER=44689, RATIS_DATASTREAM=34149, STANDALONE=35683], networkLocation: /default-rack, certSerialId: null, persistedOpState: null, persistedOpStateExpiryEpochSec: 0}, ReplicationConfig: EC/ECReplicationConfig{data=3, parity=2, ecChunkSize=1048576, codec=rs}, State:ALLOCATED, leaderId:, CreationTimestamp2023-01-03T10:08:38.044Z[Etc/UTC]].
2023-01-03 10:08:38,044 [IPC Server handler 10 on default port 39587] INFO  pipeline.PipelineManagerImpl (PipelineManagerImpl.java:openPipeline(367)) - Pipeline Pipeline[ Id: bd5d373f-a876-4cae-99d9-bad1ee6a4eaf, Nodes: 92295612-f13b-4ff2-b823-10ec710f5439{ip: 10.1.0.13, host: fv-az292-374.tqgtyn10aqxuxoi0mkfbldi5vh.jx.internal.cloudapp.net, ports: [REPLICATION=33973, RATIS=39873, RATIS_ADMIN=39873, RATIS_SERVER=39873, RATIS_DATASTREAM=42237, STANDALONE=42935], networkLocation: /default-rack, certSerialId: null, persistedOpState: null, persistedOpStateExpiryEpochSec: 0}c7e71a96-70a3-435a-a6b2-b0df4fa5b7cd{ip: 10.1.0.13, host: fv-az292-374.tqgtyn10aqxuxoi0mkfbldi5vh.jx.internal.cloudapp.net, ports: [REPLICATION=41193, RATIS=35743, RATIS_ADMIN=35743, RATIS_SERVER=35743, RATIS_DATASTREAM=37175, STANDALONE=42781], networkLocation: /default-rack, certSerialId: null, persistedOpState: null, persistedOpStateExpiryEpochSec: 0}ceb62289-e61f-4ee7-8769-746790ce93a5{ip: 10.1.0.13, host: fv-az292-374.tqgtyn10aqxuxoi0mkfbldi5vh.jx.internal.cloudapp.net, ports: [REPLICATION=43181, RATIS=39919, RATIS_ADMIN=39919, RATIS_SERVER=39919, RATIS_DATASTREAM=34319, STANDALONE=45987], networkLocation: /default-rack, certSerialId: null, persistedOpState: null, persistedOpStateExpiryEpochSec: 0}786d16df-aea0-40f0-824b-581d62f1269e{ip: 10.1.0.13, host: fv-az292-374.tqgtyn10aqxuxoi0mkfbldi5vh.jx.internal.cloudapp.net, ports: [REPLICATION=33031, RATIS=45479, RATIS_ADMIN=45479, RATIS_SERVER=45479, RATIS_DATASTREAM=40799, STANDALONE=40969], networkLocation: /default-rack, certSerialId: null, persistedOpState: null, persistedOpStateExpiryEpochSec: 0}6197d2f5-af8d-4e13-93f4-b3dc0462d19d{ip: 10.1.0.13, host: fv-az292-374.tqgtyn10aqxuxoi0mkfbldi5vh.jx.internal.cloudapp.net, ports: [REPLICATION=42573, RATIS=44689, RATIS_ADMIN=44689, RATIS_SERVER=44689, RATIS_DATASTREAM=34149, STANDALONE=35683], networkLocation: /default-rack, certSerialId: null, persistedOpState: null, persistedOpStateExpiryEpochSec: 0}, ReplicationConfig: EC/ECReplicationConfig{data=3, parity=2, ecChunkSize=1048576, codec=rs}, State:ALLOCATED, leaderId:, CreationTimestamp2023-01-03T10:08:38.044Z[Etc/UTC]] moved to OPEN state
2023-01-03 10:08:38,071 [OM StateMachine ApplyTransaction Thread - 0] INFO  key.OMKeyRequest (OMKeyRequest.java:wrapUncommittedBlocksAsPseudoKey(835)) - Detect allocated but uncommitted blocks [{blockID={containerID=9, localID=111677748019200065}, length=4194304, offset=0, token=null, pipeline=null, createVersion=0, partNumber=0}] in key key2.
2023-01-03 10:08:38,077 [IPC Server handler 12 on default port 39587] INFO  pipeline.PipelineStateManagerImpl (PipelineStateManagerImpl.java:addPipeline(103)) - Created pipeline Pipeline[ Id: 04f7d363-df58-46fa-a46f-913318f8cad9, Nodes: 6197d2f5-af8d-4e13-93f4-b3dc0462d19d{ip: 10.1.0.13, host: fv-az292-374.tqgtyn10aqxuxoi0mkfbldi5vh.jx.internal.cloudapp.net, ports: [REPLICATION=42573, RATIS=44689, RATIS_ADMIN=44689, RATIS_SERVER=44689, RATIS_DATASTREAM=34149, STANDALONE=35683], networkLocation: /default-rack, certSerialId: null, persistedOpState: null, persistedOpStateExpiryEpochSec: 0}ceb62289-e61f-4ee7-8769-746790ce93a5{ip: 10.1.0.13, host: fv-az292-374.tqgtyn10aqxuxoi0mkfbldi5vh.jx.internal.cloudapp.net, ports: [REPLICATION=43181, RATIS=39919, RATIS_ADMIN=39919, RATIS_SERVER=39919, RATIS_DATASTREAM=34319, STANDALONE=45987], networkLocation: /default-rack, certSerialId: null, persistedOpState: null, persistedOpStateExpiryEpochSec: 0}c7e71a96-70a3-435a-a6b2-b0df4fa5b7cd{ip: 10.1.0.13, host: fv-az292-374.tqgtyn10aqxuxoi0mkfbldi5vh.jx.internal.cloudapp.net, ports: [REPLICATION=41193, RATIS=35743, RATIS_ADMIN=35743, RATIS_SERVER=35743, RATIS_DATASTREAM=37175, STANDALONE=42781], networkLocation: /default-rack, certSerialId: null, persistedOpState: null, persistedOpStateExpiryEpochSec: 0}92295612-f13b-4ff2-b823-10ec710f5439{ip: 10.1.0.13, host: fv-az292-374.tqgtyn10aqxuxoi0mkfbldi5vh.jx.internal.cloudapp.net, ports: [REPLICATION=33973, RATIS=39873, RATIS_ADMIN=39873, RATIS_SERVER=39873, RATIS_DATASTREAM=42237, STANDALONE=42935], networkLocation: /default-rack, certSerialId: null, persistedOpState: null, persistedOpStateExpiryEpochSec: 0}786d16df-aea0-40f0-824b-581d62f1269e{ip: 10.1.0.13, host: fv-az292-374.tqgtyn10aqxuxoi0mkfbldi5vh.jx.internal.cloudapp.net, ports: [REPLICATION=33031, RATIS=45479, RATIS_ADMIN=45479, RATIS_SERVER=45479, RATIS_DATASTREAM=40799, STANDALONE=40969], networkLocation: /default-rack, certSerialId: null, persistedOpState: null, persistedOpStateExpiryEpochSec: 0}, ReplicationConfig: EC/ECReplicationConfig{data=3, parity=2, ecChunkSize=1048576, codec=rs}, State:ALLOCATED, leaderId:, CreationTimestamp2023-01-03T10:08:38.077Z[Etc/UTC]].
2023-01-03 10:08:38,077 [IPC Server handler 12 on default port 39587] INFO  pipeline.PipelineManagerImpl (PipelineManagerImpl.java:openPipeline(367)) - Pipeline Pipeline[ Id: 04f7d363-df58-46fa-a46f-913318f8cad9, Nodes: 6197d2f5-af8d-4e13-93f4-b3dc0462d19d{ip: 10.1.0.13, host: fv-az292-374.tqgtyn10aqxuxoi0mkfbldi5vh.jx.internal.cloudapp.net, ports: [REPLICATION=42573, RATIS=44689, RATIS_ADMIN=44689, RATIS_SERVER=44689, RATIS_DATASTREAM=34149, STANDALONE=35683], networkLocation: /default-rack, certSerialId: null, persistedOpState: null, persistedOpStateExpiryEpochSec: 0}ceb62289-e61f-4ee7-8769-746790ce93a5{ip: 10.1.0.13, host: fv-az292-374.tqgtyn10aqxuxoi0mkfbldi5vh.jx.internal.cloudapp.net, ports: [REPLICATION=43181, RATIS=39919, RATIS_ADMIN=39919, RATIS_SERVER=39919, RATIS_DATASTREAM=34319, STANDALONE=45987], networkLocation: /default-rack, certSerialId: null, persistedOpState: null, persistedOpStateExpiryEpochSec: 0}c7e71a96-70a3-435a-a6b2-b0df4fa5b7cd{ip: 10.1.0.13, host: fv-az292-374.tqgtyn10aqxuxoi0mkfbldi5vh.jx.internal.cloudapp.net, ports: [REPLICATION=41193, RATIS=35743, RATIS_ADMIN=35743, RATIS_SERVER=35743, RATIS_DATASTREAM=37175, STANDALONE=42781], networkLocation: /default-rack, certSerialId: null, persistedOpState: null, persistedOpStateExpiryEpochSec: 0}92295612-f13b-4ff2-b823-10ec710f5439{ip: 10.1.0.13, host: fv-az292-374.tqgtyn10aqxuxoi0mkfbldi5vh.jx.internal.cloudapp.net, ports: [REPLICATION=33973, RATIS=39873, RATIS_ADMIN=39873, RATIS_SERVER=39873, RATIS_DATASTREAM=42237, STANDALONE=42935], networkLocation: /default-rack, certSerialId: null, persistedOpState: null, persistedOpStateExpiryEpochSec: 0}786d16df-aea0-40f0-824b-581d62f1269e{ip: 10.1.0.13, host: fv-az292-374.tqgtyn10aqxuxoi0mkfbldi5vh.jx.internal.cloudapp.net, ports: [REPLICATION=33031, RATIS=45479, RATIS_ADMIN=45479, RATIS_SERVER=45479, RATIS_DATASTREAM=40799, STANDALONE=40969], networkLocation: /default-rack, certSerialId: null, persistedOpState: null, persistedOpStateExpiryEpochSec: 0}, ReplicationConfig: EC/ECReplicationConfig{data=3, parity=2, ecChunkSize=1048576, codec=rs}, State:ALLOCATED, leaderId:, CreationTimestamp2023-01-03T10:08:38.077Z[Etc/UTC]] moved to OPEN state
2023-01-03 10:08:38,103 [OM StateMachine ApplyTransaction Thread - 0] INFO  key.OMKeyRequest (OMKeyRequest.java:wrapUncommittedBlocksAsPseudoKey(835)) - Detect allocated but uncommitted blocks [{blockID={containerID=10, localID=111677748019200066}, length=4194304, offset=0, token=null, pipeline=null, createVersion=0, partNumber=0}] in key key3.
2023-01-03 10:08:38,109 [OM StateMachine ApplyTransaction Thread - 0] INFO  key.OMKeyRequest (OMKeyRequest.java:wrapUncommittedBlocksAsPseudoKey(835)) - Detect allocated but uncommitted blocks [{blockID={containerID=3, localID=111677748019200067}, length=4194304, offset=0, token=null, pipeline=null, createVersion=0, partNumber=0}] in key key4.
]]></system-out>
  </testcase>
  <testcase name="testCreateKeyShouldUseRefreshedBucketReplicationConfig" classname="TestOzoneFileSystem" time="0.096">
    <system-out><![CDATA[2023-01-03 10:09:25,776 [Time-limited test] INFO  rpc.RpcClient (RpcClient.java:createVolume(474)) - Creating Volume: volume88637, with user00330 as owner and space quota set to -1 bytes, counts quota set to -1
2023-01-03 10:09:25,778 [IPC Server handler 9 on default port 33423] INFO  volume.OMVolumeCreateRequest (OMVolumeCreateRequest.java:validateAndUpdateCache(195)) - created volume:volume88637 for user:user00330
2023-01-03 10:09:25,779 [Time-limited test] INFO  rpc.RpcClient (RpcClient.java:createBucket(693)) - Creating Bucket: volume88637/bucket88399, with bucket layout LEGACY, runner as owner, Versioning false, Storage Type set to DISK and Encryption set to false 
2023-01-03 10:09:25,780 [IPC Server handler 11 on default port 33423] INFO  bucket.OMBucketCreateRequest (OMBucketCreateRequest.java:validateAndUpdateCache(260)) - created bucket: bucket88399 of layout LEGACY in volume: volume88637
2023-01-03 10:09:25,793 [IPC Server handler 17 on default port 33423] INFO  key.OMKeyRequest (OMKeyRequest.java:wrapUncommittedBlocksAsPseudoKey(835)) - Detect allocated but uncommitted blocks [{blockID={containerID=6, localID=111677748019200063}, length=4194304, offset=0, token=null, pipeline=null, createVersion=0, partNumber=0}] in key key.
2023-01-03 10:09:25,796 [IPC Server handler 0 on default port 33423] INFO  key.OMKeyRequest (OMKeyRequest.java:wrapUncommittedBlocksAsPseudoKey(835)) - Detect allocated but uncommitted blocks [{blockID={containerID=8, localID=111677748019200064}, length=4194304, offset=0, token=null, pipeline=null, createVersion=0, partNumber=0}] in key key1.
2023-01-03 10:09:25,799 [IPC Server handler 17 on default port 39719] INFO  pipeline.PipelineStateManagerImpl (PipelineStateManagerImpl.java:addPipeline(103)) - Created pipeline Pipeline[ Id: 216d3793-0135-4009-b351-ba2ef558a615, Nodes: d48ece42-6afd-4397-aae1-ec0ffb2cc7c4{ip: 10.1.0.13, host: fv-az292-374.tqgtyn10aqxuxoi0mkfbldi5vh.jx.internal.cloudapp.net, ports: [REPLICATION=36375, RATIS=34711, RATIS_ADMIN=34711, RATIS_SERVER=34711, RATIS_DATASTREAM=37501, STANDALONE=43325], networkLocation: /default-rack, certSerialId: null, persistedOpState: null, persistedOpStateExpiryEpochSec: 0}2b04a8b1-164a-4310-98e7-450bb9581035{ip: 10.1.0.13, host: fv-az292-374.tqgtyn10aqxuxoi0mkfbldi5vh.jx.internal.cloudapp.net, ports: [REPLICATION=39627, RATIS=40297, RATIS_ADMIN=40297, RATIS_SERVER=40297, RATIS_DATASTREAM=40255, STANDALONE=33985], networkLocation: /default-rack, certSerialId: null, persistedOpState: null, persistedOpStateExpiryEpochSec: 0}5f4e8170-34f9-42fb-8ea2-3b8d58ff5808{ip: 10.1.0.13, host: fv-az292-374.tqgtyn10aqxuxoi0mkfbldi5vh.jx.internal.cloudapp.net, ports: [REPLICATION=37739, RATIS=43165, RATIS_ADMIN=43165, RATIS_SERVER=43165, RATIS_DATASTREAM=42261, STANDALONE=46235], networkLocation: /default-rack, certSerialId: null, persistedOpState: null, persistedOpStateExpiryEpochSec: 0}650ee283-e4bb-452b-a208-1b125254dcf6{ip: 10.1.0.13, host: fv-az292-374.tqgtyn10aqxuxoi0mkfbldi5vh.jx.internal.cloudapp.net, ports: [REPLICATION=37411, RATIS=35579, RATIS_ADMIN=35579, RATIS_SERVER=35579, RATIS_DATASTREAM=40065, STANDALONE=40619], networkLocation: /default-rack, certSerialId: null, persistedOpState: null, persistedOpStateExpiryEpochSec: 0}79f3458c-2c66-4b3a-be39-3ff7abbb9f16{ip: 10.1.0.13, host: fv-az292-374.tqgtyn10aqxuxoi0mkfbldi5vh.jx.internal.cloudapp.net, ports: [REPLICATION=45677, RATIS=36965, RATIS_ADMIN=36965, RATIS_SERVER=36965, RATIS_DATASTREAM=36199, STANDALONE=36935], networkLocation: /default-rack, certSerialId: null, persistedOpState: null, persistedOpStateExpiryEpochSec: 0}, ReplicationConfig: EC/ECReplicationConfig{data=3, parity=2, ecChunkSize=1048576, codec=rs}, State:ALLOCATED, leaderId:, CreationTimestamp2023-01-03T10:09:25.798Z[Etc/UTC]].
2023-01-03 10:09:25,799 [IPC Server handler 17 on default port 39719] INFO  pipeline.PipelineManagerImpl (PipelineManagerImpl.java:openPipeline(367)) - Pipeline Pipeline[ Id: 216d3793-0135-4009-b351-ba2ef558a615, Nodes: d48ece42-6afd-4397-aae1-ec0ffb2cc7c4{ip: 10.1.0.13, host: fv-az292-374.tqgtyn10aqxuxoi0mkfbldi5vh.jx.internal.cloudapp.net, ports: [REPLICATION=36375, RATIS=34711, RATIS_ADMIN=34711, RATIS_SERVER=34711, RATIS_DATASTREAM=37501, STANDALONE=43325], networkLocation: /default-rack, certSerialId: null, persistedOpState: null, persistedOpStateExpiryEpochSec: 0}2b04a8b1-164a-4310-98e7-450bb9581035{ip: 10.1.0.13, host: fv-az292-374.tqgtyn10aqxuxoi0mkfbldi5vh.jx.internal.cloudapp.net, ports: [REPLICATION=39627, RATIS=40297, RATIS_ADMIN=40297, RATIS_SERVER=40297, RATIS_DATASTREAM=40255, STANDALONE=33985], networkLocation: /default-rack, certSerialId: null, persistedOpState: null, persistedOpStateExpiryEpochSec: 0}5f4e8170-34f9-42fb-8ea2-3b8d58ff5808{ip: 10.1.0.13, host: fv-az292-374.tqgtyn10aqxuxoi0mkfbldi5vh.jx.internal.cloudapp.net, ports: [REPLICATION=37739, RATIS=43165, RATIS_ADMIN=43165, RATIS_SERVER=43165, RATIS_DATASTREAM=42261, STANDALONE=46235], networkLocation: /default-rack, certSerialId: null, persistedOpState: null, persistedOpStateExpiryEpochSec: 0}650ee283-e4bb-452b-a208-1b125254dcf6{ip: 10.1.0.13, host: fv-az292-374.tqgtyn10aqxuxoi0mkfbldi5vh.jx.internal.cloudapp.net, ports: [REPLICATION=37411, RATIS=35579, RATIS_ADMIN=35579, RATIS_SERVER=35579, RATIS_DATASTREAM=40065, STANDALONE=40619], networkLocation: /default-rack, certSerialId: null, persistedOpState: null, persistedOpStateExpiryEpochSec: 0}79f3458c-2c66-4b3a-be39-3ff7abbb9f16{ip: 10.1.0.13, host: fv-az292-374.tqgtyn10aqxuxoi0mkfbldi5vh.jx.internal.cloudapp.net, ports: [REPLICATION=45677, RATIS=36965, RATIS_ADMIN=36965, RATIS_SERVER=36965, RATIS_DATASTREAM=36199, STANDALONE=36935], networkLocation: /default-rack, certSerialId: null, persistedOpState: null, persistedOpStateExpiryEpochSec: 0}, ReplicationConfig: EC/ECReplicationConfig{data=3, parity=2, ecChunkSize=1048576, codec=rs}, State:ALLOCATED, leaderId:, CreationTimestamp2023-01-03T10:09:25.798Z[Etc/UTC]] moved to OPEN state
2023-01-03 10:09:25,817 [IPC Server handler 5 on default port 33423] INFO  key.OMKeyRequest (OMKeyRequest.java:wrapUncommittedBlocksAsPseudoKey(835)) - Detect allocated but uncommitted blocks [{blockID={containerID=9, localID=111677748019200065}, length=4194304, offset=0, token=null, pipeline=null, createVersion=0, partNumber=0}] in key key2.
2023-01-03 10:09:25,822 [IPC Server handler 16 on default port 39719] INFO  pipeline.PipelineStateManagerImpl (PipelineStateManagerImpl.java:addPipeline(103)) - Created pipeline Pipeline[ Id: 0b8057e2-cad2-4171-b51d-6dec89259448, Nodes: 2b04a8b1-164a-4310-98e7-450bb9581035{ip: 10.1.0.13, host: fv-az292-374.tqgtyn10aqxuxoi0mkfbldi5vh.jx.internal.cloudapp.net, ports: [REPLICATION=39627, RATIS=40297, RATIS_ADMIN=40297, RATIS_SERVER=40297, RATIS_DATASTREAM=40255, STANDALONE=33985], networkLocation: /default-rack, certSerialId: null, persistedOpState: null, persistedOpStateExpiryEpochSec: 0}5f4e8170-34f9-42fb-8ea2-3b8d58ff5808{ip: 10.1.0.13, host: fv-az292-374.tqgtyn10aqxuxoi0mkfbldi5vh.jx.internal.cloudapp.net, ports: [REPLICATION=37739, RATIS=43165, RATIS_ADMIN=43165, RATIS_SERVER=43165, RATIS_DATASTREAM=42261, STANDALONE=46235], networkLocation: /default-rack, certSerialId: null, persistedOpState: null, persistedOpStateExpiryEpochSec: 0}650ee283-e4bb-452b-a208-1b125254dcf6{ip: 10.1.0.13, host: fv-az292-374.tqgtyn10aqxuxoi0mkfbldi5vh.jx.internal.cloudapp.net, ports: [REPLICATION=37411, RATIS=35579, RATIS_ADMIN=35579, RATIS_SERVER=35579, RATIS_DATASTREAM=40065, STANDALONE=40619], networkLocation: /default-rack, certSerialId: null, persistedOpState: null, persistedOpStateExpiryEpochSec: 0}79f3458c-2c66-4b3a-be39-3ff7abbb9f16{ip: 10.1.0.13, host: fv-az292-374.tqgtyn10aqxuxoi0mkfbldi5vh.jx.internal.cloudapp.net, ports: [REPLICATION=45677, RATIS=36965, RATIS_ADMIN=36965, RATIS_SERVER=36965, RATIS_DATASTREAM=36199, STANDALONE=36935], networkLocation: /default-rack, certSerialId: null, persistedOpState: null, persistedOpStateExpiryEpochSec: 0}d48ece42-6afd-4397-aae1-ec0ffb2cc7c4{ip: 10.1.0.13, host: fv-az292-374.tqgtyn10aqxuxoi0mkfbldi5vh.jx.internal.cloudapp.net, ports: [REPLICATION=36375, RATIS=34711, RATIS_ADMIN=34711, RATIS_SERVER=34711, RATIS_DATASTREAM=37501, STANDALONE=43325], networkLocation: /default-rack, certSerialId: null, persistedOpState: null, persistedOpStateExpiryEpochSec: 0}, ReplicationConfig: EC/ECReplicationConfig{data=3, parity=2, ecChunkSize=1048576, codec=rs}, State:ALLOCATED, leaderId:, CreationTimestamp2023-01-03T10:09:25.822Z[Etc/UTC]].
2023-01-03 10:09:25,822 [IPC Server handler 16 on default port 39719] INFO  pipeline.PipelineManagerImpl (PipelineManagerImpl.java:openPipeline(367)) - Pipeline Pipeline[ Id: 0b8057e2-cad2-4171-b51d-6dec89259448, Nodes: 2b04a8b1-164a-4310-98e7-450bb9581035{ip: 10.1.0.13, host: fv-az292-374.tqgtyn10aqxuxoi0mkfbldi5vh.jx.internal.cloudapp.net, ports: [REPLICATION=39627, RATIS=40297, RATIS_ADMIN=40297, RATIS_SERVER=40297, RATIS_DATASTREAM=40255, STANDALONE=33985], networkLocation: /default-rack, certSerialId: null, persistedOpState: null, persistedOpStateExpiryEpochSec: 0}5f4e8170-34f9-42fb-8ea2-3b8d58ff5808{ip: 10.1.0.13, host: fv-az292-374.tqgtyn10aqxuxoi0mkfbldi5vh.jx.internal.cloudapp.net, ports: [REPLICATION=37739, RATIS=43165, RATIS_ADMIN=43165, RATIS_SERVER=43165, RATIS_DATASTREAM=42261, STANDALONE=46235], networkLocation: /default-rack, certSerialId: null, persistedOpState: null, persistedOpStateExpiryEpochSec: 0}650ee283-e4bb-452b-a208-1b125254dcf6{ip: 10.1.0.13, host: fv-az292-374.tqgtyn10aqxuxoi0mkfbldi5vh.jx.internal.cloudapp.net, ports: [REPLICATION=37411, RATIS=35579, RATIS_ADMIN=35579, RATIS_SERVER=35579, RATIS_DATASTREAM=40065, STANDALONE=40619], networkLocation: /default-rack, certSerialId: null, persistedOpState: null, persistedOpStateExpiryEpochSec: 0}79f3458c-2c66-4b3a-be39-3ff7abbb9f16{ip: 10.1.0.13, host: fv-az292-374.tqgtyn10aqxuxoi0mkfbldi5vh.jx.internal.cloudapp.net, ports: [REPLICATION=45677, RATIS=36965, RATIS_ADMIN=36965, RATIS_SERVER=36965, RATIS_DATASTREAM=36199, STANDALONE=36935], networkLocation: /default-rack, certSerialId: null, persistedOpState: null, persistedOpStateExpiryEpochSec: 0}d48ece42-6afd-4397-aae1-ec0ffb2cc7c4{ip: 10.1.0.13, host: fv-az292-374.tqgtyn10aqxuxoi0mkfbldi5vh.jx.internal.cloudapp.net, ports: [REPLICATION=36375, RATIS=34711, RATIS_ADMIN=34711, RATIS_SERVER=34711, RATIS_DATASTREAM=37501, STANDALONE=43325], networkLocation: /default-rack, certSerialId: null, persistedOpState: null, persistedOpStateExpiryEpochSec: 0}, ReplicationConfig: EC/ECReplicationConfig{data=3, parity=2, ecChunkSize=1048576, codec=rs}, State:ALLOCATED, leaderId:, CreationTimestamp2023-01-03T10:09:25.822Z[Etc/UTC]] moved to OPEN state
2023-01-03 10:09:25,839 [IPC Server handler 9 on default port 33423] INFO  key.OMKeyRequest (OMKeyRequest.java:wrapUncommittedBlocksAsPseudoKey(835)) - Detect allocated but uncommitted blocks [{blockID={containerID=10, localID=111677748019200066}, length=4194304, offset=0, token=null, pipeline=null, createVersion=0, partNumber=0}] in key key3.
2023-01-03 10:09:25,841 [IPC Server handler 14 on default port 33423] INFO  key.OMKeyRequest (OMKeyRequest.java:wrapUncommittedBlocksAsPseudoKey(835)) - Detect allocated but uncommitted blocks [{blockID={containerID=6, localID=111677748019200067}, length=4194304, offset=0, token=null, pipeline=null, createVersion=0, partNumber=0}] in key key4.
]]></system-out>
  </testcase>
  <testcase name="testListStatusIteratorOnRoot" classname="TestOzoneFileSystem" time="0.03"/>
  <testcase name="testListStatusIteratorOnRoot" classname="TestOzoneFileSystem" time="0.019"/>
  <testcase name="testListStatusIteratorOnRoot" classname="TestOzoneFileSystem" time="0.026"/>
  <testcase name="testListStatusIteratorOnRoot" classname="TestOzoneFileSystem" time="0.021"/>
  <testcase name="testRenameDirToFile" classname="TestOzoneFileSystem" time="0.024">
    <system-out><![CDATA[2023-01-03 10:06:59,199 [OM StateMachine ApplyTransaction Thread - 0] INFO  key.OMKeyRequest (OMKeyRequest.java:wrapUncommittedBlocksAsPseudoKey(835)) - Detect allocated but uncommitted blocks [{blockID={containerID=1, localID=111677748019200068}, length=4194304, offset=0, token=null, pipeline=null, createVersion=0, partNumber=0}] in key root/file1.
2023-01-03 10:06:59,202 [Time-limited test] WARN  ozone.BasicOzoneFileSystem (BasicOzoneFileSystem.java:rename(415)) - Failed to rename o3fs://bucket85979.volume17571/a/b/c to o3fs://bucket85979.volume17571/root/file1, file already exists!
]]></system-out>
  </testcase>
  <testcase name="testRenameDirToFile" classname="TestOzoneFileSystem" time="0.014">
    <system-out><![CDATA[2023-01-03 10:07:45,581 [IPC Server handler 17 on default port 46801] INFO  key.OMKeyRequest (OMKeyRequest.java:wrapUncommittedBlocksAsPseudoKey(835)) - Detect allocated but uncommitted blocks [{blockID={containerID=3, localID=111677748019200068}, length=4194304, offset=0, token=null, pipeline=null, createVersion=0, partNumber=0}] in key root/file1.
2023-01-03 10:07:45,582 [Time-limited test] WARN  ozone.BasicOzoneFileSystem (BasicOzoneFileSystem.java:rename(415)) - Failed to rename o3fs://bucket24043.volume72509/a/b/c to o3fs://bucket24043.volume72509/root/file1, file already exists!
]]></system-out>
  </testcase>
  <testcase name="testRenameDirToFile" classname="TestOzoneFileSystem" time="0.019">
    <system-out><![CDATA[2023-01-03 10:08:38,147 [OM StateMachine ApplyTransaction Thread - 0] INFO  key.OMKeyRequest (OMKeyRequest.java:wrapUncommittedBlocksAsPseudoKey(835)) - Detect allocated but uncommitted blocks [{blockID={containerID=1, localID=111677748019200068}, length=4194304, offset=0, token=null, pipeline=null, createVersion=0, partNumber=0}] in key root/file1.
2023-01-03 10:08:38,149 [Time-limited test] WARN  ozone.BasicOzoneFileSystem (BasicOzoneFileSystem.java:rename(415)) - Failed to rename o3fs://bucket79142.volume30750/a/b/c to o3fs://bucket79142.volume30750/root/file1, file already exists!
]]></system-out>
  </testcase>
  <testcase name="testRenameDirToFile" classname="TestOzoneFileSystem" time="0.014">
    <system-out><![CDATA[2023-01-03 10:09:25,871 [IPC Server handler 12 on default port 33423] INFO  key.OMKeyRequest (OMKeyRequest.java:wrapUncommittedBlocksAsPseudoKey(835)) - Detect allocated but uncommitted blocks [{blockID={containerID=8, localID=111677748019200068}, length=4194304, offset=0, token=null, pipeline=null, createVersion=0, partNumber=0}] in key root/file1.
2023-01-03 10:09:25,872 [Time-limited test] WARN  ozone.BasicOzoneFileSystem (BasicOzoneFileSystem.java:rename(415)) - Failed to rename o3fs://bucket70088.volume03607/a/b/c to o3fs://bucket70088.volume03607/root/file1, file already exists!
]]></system-out>
  </testcase>
  <testcase name="testRenameToNewSubDirShouldNotExist" classname="TestOzoneFileSystem" time="0.036">
    <system-out><![CDATA[2023-01-03 10:06:59,226 [Time-limited test] WARN  ozone.BasicOzoneFileSystem (BasicOzoneFileSystem.java:rename(409)) - Failed to rename o3fs://bucket85979.volume17571/a to o3fs://bucket85979.volume17571/b/a, file already exists or not empty!
2023-01-03 10:06:59,231 [OM StateMachine ApplyTransaction Thread - 0] INFO  key.OMKeyRequest (OMKeyRequest.java:wrapUncommittedBlocksAsPseudoKey(835)) - Detect allocated but uncommitted blocks [{blockID={containerID=8, localID=111677748019200069}, length=4194304, offset=0, token=null, pipeline=null, createVersion=0, partNumber=0}] in key file1.
2023-01-03 10:06:59,235 [OM StateMachine ApplyTransaction Thread - 0] INFO  key.OMKeyRequest (OMKeyRequest.java:wrapUncommittedBlocksAsPseudoKey(835)) - Detect allocated but uncommitted blocks [{blockID={containerID=2, localID=111677748019200070}, length=4194304, offset=0, token=null, pipeline=null, createVersion=0, partNumber=0}] in key a/file1.
2023-01-03 10:06:59,238 [Time-limited test] WARN  ozone.BasicOzoneFileSystem (BasicOzoneFileSystem.java:rename(409)) - Failed to rename o3fs://bucket85979.volume17571/file1 to o3fs://bucket85979.volume17571/a/file1, file already exists or not empty!
]]></system-out>
  </testcase>
  <testcase name="testRenameToNewSubDirShouldNotExist" classname="TestOzoneFileSystem" time="0.023">
    <system-out><![CDATA[2023-01-03 10:07:45,598 [Time-limited test] WARN  ozone.BasicOzoneFileSystem (BasicOzoneFileSystem.java:rename(409)) - Failed to rename o3fs://bucket24043.volume72509/a to o3fs://bucket24043.volume72509/b/a, file already exists or not empty!
2023-01-03 10:07:45,601 [IPC Server handler 19 on default port 46801] INFO  key.OMKeyRequest (OMKeyRequest.java:wrapUncommittedBlocksAsPseudoKey(835)) - Detect allocated but uncommitted blocks [{blockID={containerID=4, localID=111677748019200069}, length=4194304, offset=0, token=null, pipeline=null, createVersion=0, partNumber=0}] in key file1.
2023-01-03 10:07:45,604 [IPC Server handler 1 on default port 46801] INFO  key.OMKeyRequest (OMKeyRequest.java:wrapUncommittedBlocksAsPseudoKey(835)) - Detect allocated but uncommitted blocks [{blockID={containerID=2, localID=111677748019200070}, length=4194304, offset=0, token=null, pipeline=null, createVersion=0, partNumber=0}] in key a/file1.
2023-01-03 10:07:45,605 [Time-limited test] WARN  ozone.BasicOzoneFileSystem (BasicOzoneFileSystem.java:rename(409)) - Failed to rename o3fs://bucket24043.volume72509/file1 to o3fs://bucket24043.volume72509/a/file1, file already exists or not empty!
]]></system-out>
  </testcase>
  <testcase name="testRenameToNewSubDirShouldNotExist" classname="TestOzoneFileSystem" time="0.03">
    <system-out><![CDATA[2023-01-03 10:08:38,169 [Time-limited test] WARN  ozone.BasicOzoneFileSystem (BasicOzoneFileSystem.java:rename(409)) - Failed to rename o3fs://bucket79142.volume30750/a to o3fs://bucket79142.volume30750/b/a, file already exists or not empty!
2023-01-03 10:08:38,172 [OM StateMachine ApplyTransaction Thread - 0] INFO  key.OMKeyRequest (OMKeyRequest.java:wrapUncommittedBlocksAsPseudoKey(835)) - Detect allocated but uncommitted blocks [{blockID={containerID=2, localID=111677748019200069}, length=4194304, offset=0, token=null, pipeline=null, createVersion=0, partNumber=0}] in key file1.
2023-01-03 10:08:38,175 [OM StateMachine ApplyTransaction Thread - 0] INFO  key.OMKeyRequest (OMKeyRequest.java:wrapUncommittedBlocksAsPseudoKey(835)) - Detect allocated but uncommitted blocks [{blockID={containerID=4, localID=111677748019200070}, length=4194304, offset=0, token=null, pipeline=null, createVersion=0, partNumber=0}] in key a/file1.
2023-01-03 10:08:38,176 [Time-limited test] WARN  ozone.BasicOzoneFileSystem (BasicOzoneFileSystem.java:rename(409)) - Failed to rename o3fs://bucket79142.volume30750/file1 to o3fs://bucket79142.volume30750/a/file1, file already exists or not empty!
]]></system-out>
  </testcase>
  <testcase name="testRenameToNewSubDirShouldNotExist" classname="TestOzoneFileSystem" time="0.025">
    <system-out><![CDATA[2023-01-03 10:09:25,888 [Time-limited test] WARN  ozone.BasicOzoneFileSystem (BasicOzoneFileSystem.java:rename(409)) - Failed to rename o3fs://bucket70088.volume03607/a to o3fs://bucket70088.volume03607/b/a, file already exists or not empty!
2023-01-03 10:09:25,893 [IPC Server handler 15 on default port 33423] INFO  key.OMKeyRequest (OMKeyRequest.java:wrapUncommittedBlocksAsPseudoKey(835)) - Detect allocated but uncommitted blocks [{blockID={containerID=6, localID=111677748019200069}, length=4194304, offset=0, token=null, pipeline=null, createVersion=0, partNumber=0}] in key file1.
2023-01-03 10:09:25,896 [IPC Server handler 17 on default port 33423] INFO  key.OMKeyRequest (OMKeyRequest.java:wrapUncommittedBlocksAsPseudoKey(835)) - Detect allocated but uncommitted blocks [{blockID={containerID=8, localID=111677748019200070}, length=4194304, offset=0, token=null, pipeline=null, createVersion=0, partNumber=0}] in key a/file1.
2023-01-03 10:09:25,897 [Time-limited test] WARN  ozone.BasicOzoneFileSystem (BasicOzoneFileSystem.java:rename(409)) - Failed to rename o3fs://bucket70088.volume03607/file1 to o3fs://bucket70088.volume03607/a/file1, file already exists or not empty!
]]></system-out>
  </testcase>
  <testcase name="testListStatusOnLargeDirectoryForACLCheck" classname="TestOzoneFileSystem" time="1.7">
    <system-out><![CDATA[2023-01-03 10:06:59,362 [EventQueue-CommandQueueReportForCommandQueueReportHandler] WARN  events.EventQueue (EventQueue.java:fireEvent(216)) - No event handler registered for event TypedEvent{payloadType=DatanodeDetails, name='Datanode_Command_Queue_Updated'}
2023-01-03 10:06:59,551 [EventQueue-CommandQueueReportForCommandQueueReportHandler] WARN  events.EventQueue (EventQueue.java:fireEvent(216)) - No event handler registered for event TypedEvent{payloadType=DatanodeDetails, name='Datanode_Command_Queue_Updated'}
2023-01-03 10:06:59,915 [EventQueue-CommandQueueReportForCommandQueueReportHandler] WARN  events.EventQueue (EventQueue.java:fireEvent(216)) - No event handler registered for event TypedEvent{payloadType=DatanodeDetails, name='Datanode_Command_Queue_Updated'}
2023-01-03 10:06:59,917 [EventQueue-CommandQueueReportForCommandQueueReportHandler] WARN  events.EventQueue (EventQueue.java:fireEvent(216)) - No event handler registered for event TypedEvent{payloadType=DatanodeDetails, name='Datanode_Command_Queue_Updated'}
2023-01-03 10:06:59,917 [EventQueue-CommandQueueReportForCommandQueueReportHandler] WARN  events.EventQueue (EventQueue.java:fireEvent(216)) - No event handler registered for event TypedEvent{payloadType=DatanodeDetails, name='Datanode_Command_Queue_Updated'}
2023-01-03 10:07:00,362 [EventQueue-CommandQueueReportForCommandQueueReportHandler] WARN  events.EventQueue (EventQueue.java:fireEvent(216)) - No event handler registered for event TypedEvent{payloadType=DatanodeDetails, name='Datanode_Command_Queue_Updated'}
2023-01-03 10:07:00,551 [EventQueue-CommandQueueReportForCommandQueueReportHandler] WARN  events.EventQueue (EventQueue.java:fireEvent(216)) - No event handler registered for event TypedEvent{payloadType=DatanodeDetails, name='Datanode_Command_Queue_Updated'}
2023-01-03 10:07:00,900 [om1@group-C5BA1605619E-LeaderStateImpl] INFO  segmented.SegmentedRaftLogWorker (SegmentedRaftLogWorker.java:rollLogSegment(457)) - om1@group-C5BA1605619E-SegmentedRaftLogWorker: Rolling segment log-0_36905 to index:36905
2023-01-03 10:07:00,901 [om1@group-C5BA1605619E-SegmentedRaftLogWorker] INFO  segmented.SegmentedRaftLogWorker (SegmentedRaftLogWorker.java:execute(613)) - om1@group-C5BA1605619E-SegmentedRaftLogWorker: Rolled log segment from /home/runner/work/ozone/ozone/hadoop-ozone/integration-test/target/test-dir/MiniOzoneClusterImpl-70d28db6-796b-4d31-8f04-926db9b5570a/ozone-meta/ratis/bf265839-605b-3f16-9796-c5ba1605619e/current/log_inprogress_0 to /home/runner/work/ozone/ozone/hadoop-ozone/integration-test/target/test-dir/MiniOzoneClusterImpl-70d28db6-796b-4d31-8f04-926db9b5570a/ozone-meta/ratis/bf265839-605b-3f16-9796-c5ba1605619e/current/log_0-36905
2023-01-03 10:07:00,909 [om1@group-C5BA1605619E-SegmentedRaftLogWorker] INFO  segmented.SegmentedRaftLogWorker (SegmentedRaftLogWorker.java:execute(656)) - om1@group-C5BA1605619E-SegmentedRaftLogWorker: created new log segment /home/runner/work/ozone/ozone/hadoop-ozone/integration-test/target/test-dir/MiniOzoneClusterImpl-70d28db6-796b-4d31-8f04-926db9b5570a/ozone-meta/ratis/bf265839-605b-3f16-9796-c5ba1605619e/current/log_inprogress_36906
2023-01-03 10:07:00,914 [EventQueue-CommandQueueReportForCommandQueueReportHandler] WARN  events.EventQueue (EventQueue.java:fireEvent(216)) - No event handler registered for event TypedEvent{payloadType=DatanodeDetails, name='Datanode_Command_Queue_Updated'}
2023-01-03 10:07:00,917 [EventQueue-CommandQueueReportForCommandQueueReportHandler] WARN  events.EventQueue (EventQueue.java:fireEvent(216)) - No event handler registered for event TypedEvent{payloadType=DatanodeDetails, name='Datanode_Command_Queue_Updated'}
2023-01-03 10:07:00,917 [EventQueue-CommandQueueReportForCommandQueueReportHandler] WARN  events.EventQueue (EventQueue.java:fireEvent(216)) - No event handler registered for event TypedEvent{payloadType=DatanodeDetails, name='Datanode_Command_Queue_Updated'}
]]></system-out>
  </testcase>
  <testcase name="testListStatusOnLargeDirectoryForACLCheck" classname="TestOzoneFileSystem" time="0.921">
    <system-out><![CDATA[2023-01-03 10:07:46,030 [EventQueue-CommandQueueReportForCommandQueueReportHandler] WARN  events.EventQueue (EventQueue.java:fireEvent(216)) - No event handler registered for event TypedEvent{payloadType=DatanodeDetails, name='Datanode_Command_Queue_Updated'}
2023-01-03 10:07:46,295 [EventQueue-CommandQueueReportForCommandQueueReportHandler] WARN  events.EventQueue (EventQueue.java:fireEvent(216)) - No event handler registered for event TypedEvent{payloadType=DatanodeDetails, name='Datanode_Command_Queue_Updated'}
2023-01-03 10:07:46,420 [EventQueue-CommandQueueReportForCommandQueueReportHandler] WARN  events.EventQueue (EventQueue.java:fireEvent(216)) - No event handler registered for event TypedEvent{payloadType=DatanodeDetails, name='Datanode_Command_Queue_Updated'}
2023-01-03 10:07:46,425 [EventQueue-CommandQueueReportForCommandQueueReportHandler] WARN  events.EventQueue (EventQueue.java:fireEvent(216)) - No event handler registered for event TypedEvent{payloadType=DatanodeDetails, name='Datanode_Command_Queue_Updated'}
2023-01-03 10:07:46,425 [EventQueue-CommandQueueReportForCommandQueueReportHandler] WARN  events.EventQueue (EventQueue.java:fireEvent(216)) - No event handler registered for event TypedEvent{payloadType=DatanodeDetails, name='Datanode_Command_Queue_Updated'}
]]></system-out>
  </testcase>
  <testcase name="testListStatusOnLargeDirectoryForACLCheck" classname="TestOzoneFileSystem" time="1.462">
    <system-out><![CDATA[2023-01-03 10:08:38,313 [EventQueue-CommandQueueReportForCommandQueueReportHandler] WARN  events.EventQueue (EventQueue.java:fireEvent(216)) - No event handler registered for event TypedEvent{payloadType=DatanodeDetails, name='Datanode_Command_Queue_Updated'}
2023-01-03 10:08:38,439 [EventQueue-CommandQueueReportForCommandQueueReportHandler] WARN  events.EventQueue (EventQueue.java:fireEvent(216)) - No event handler registered for event TypedEvent{payloadType=DatanodeDetails, name='Datanode_Command_Queue_Updated'}
2023-01-03 10:08:38,478 [EventQueue-CommandQueueReportForCommandQueueReportHandler] WARN  events.EventQueue (EventQueue.java:fireEvent(216)) - No event handler registered for event TypedEvent{payloadType=DatanodeDetails, name='Datanode_Command_Queue_Updated'}
2023-01-03 10:08:38,523 [EventQueue-CommandQueueReportForCommandQueueReportHandler] WARN  events.EventQueue (EventQueue.java:fireEvent(216)) - No event handler registered for event TypedEvent{payloadType=DatanodeDetails, name='Datanode_Command_Queue_Updated'}
2023-01-03 10:08:38,534 [EventQueue-CommandQueueReportForCommandQueueReportHandler] WARN  events.EventQueue (EventQueue.java:fireEvent(216)) - No event handler registered for event TypedEvent{payloadType=DatanodeDetails, name='Datanode_Command_Queue_Updated'}
2023-01-03 10:08:39,314 [EventQueue-CommandQueueReportForCommandQueueReportHandler] WARN  events.EventQueue (EventQueue.java:fireEvent(216)) - No event handler registered for event TypedEvent{payloadType=DatanodeDetails, name='Datanode_Command_Queue_Updated'}
2023-01-03 10:08:39,439 [EventQueue-CommandQueueReportForCommandQueueReportHandler] WARN  events.EventQueue (EventQueue.java:fireEvent(216)) - No event handler registered for event TypedEvent{payloadType=DatanodeDetails, name='Datanode_Command_Queue_Updated'}
2023-01-03 10:08:39,478 [EventQueue-CommandQueueReportForCommandQueueReportHandler] WARN  events.EventQueue (EventQueue.java:fireEvent(216)) - No event handler registered for event TypedEvent{payloadType=DatanodeDetails, name='Datanode_Command_Queue_Updated'}
2023-01-03 10:08:39,523 [EventQueue-CommandQueueReportForCommandQueueReportHandler] WARN  events.EventQueue (EventQueue.java:fireEvent(216)) - No event handler registered for event TypedEvent{payloadType=DatanodeDetails, name='Datanode_Command_Queue_Updated'}
2023-01-03 10:08:39,535 [EventQueue-CommandQueueReportForCommandQueueReportHandler] WARN  events.EventQueue (EventQueue.java:fireEvent(216)) - No event handler registered for event TypedEvent{payloadType=DatanodeDetails, name='Datanode_Command_Queue_Updated'}
2023-01-03 10:08:39,616 [om1-client-thread1] INFO  segmented.SegmentedRaftLogWorker (SegmentedRaftLogWorker.java:rollLogSegment(457)) - om1@group-C5BA1605619E-SegmentedRaftLogWorker: Rolling segment log-0_36878 to index:36878
2023-01-03 10:08:39,616 [om1@group-C5BA1605619E-SegmentedRaftLogWorker] INFO  segmented.SegmentedRaftLogWorker (SegmentedRaftLogWorker.java:execute(613)) - om1@group-C5BA1605619E-SegmentedRaftLogWorker: Rolled log segment from /home/runner/work/ozone/ozone/hadoop-ozone/integration-test/target/test-dir/MiniOzoneClusterImpl-fa5f3e5f-d2ce-4aac-89a4-435e2b21547f/ozone-meta/ratis/bf265839-605b-3f16-9796-c5ba1605619e/current/log_inprogress_0 to /home/runner/work/ozone/ozone/hadoop-ozone/integration-test/target/test-dir/MiniOzoneClusterImpl-fa5f3e5f-d2ce-4aac-89a4-435e2b21547f/ozone-meta/ratis/bf265839-605b-3f16-9796-c5ba1605619e/current/log_0-36878
2023-01-03 10:08:39,624 [om1@group-C5BA1605619E-SegmentedRaftLogWorker] INFO  segmented.SegmentedRaftLogWorker (SegmentedRaftLogWorker.java:execute(656)) - om1@group-C5BA1605619E-SegmentedRaftLogWorker: created new log segment /home/runner/work/ozone/ozone/hadoop-ozone/integration-test/target/test-dir/MiniOzoneClusterImpl-fa5f3e5f-d2ce-4aac-89a4-435e2b21547f/ozone-meta/ratis/bf265839-605b-3f16-9796-c5ba1605619e/current/log_inprogress_36879
]]></system-out>
  </testcase>
  <testcase name="testListStatusOnLargeDirectoryForACLCheck" classname="TestOzoneFileSystem" time="1.08">
    <system-out><![CDATA[2023-01-03 10:09:26,050 [EventQueue-CommandQueueReportForCommandQueueReportHandler] WARN  events.EventQueue (EventQueue.java:fireEvent(216)) - No event handler registered for event TypedEvent{payloadType=DatanodeDetails, name='Datanode_Command_Queue_Updated'}
2023-01-03 10:09:26,056 [EventQueue-CommandQueueReportForCommandQueueReportHandler] WARN  events.EventQueue (EventQueue.java:fireEvent(216)) - No event handler registered for event TypedEvent{payloadType=DatanodeDetails, name='Datanode_Command_Queue_Updated'}
2023-01-03 10:09:26,057 [EventQueue-CommandQueueReportForCommandQueueReportHandler] WARN  events.EventQueue (EventQueue.java:fireEvent(216)) - No event handler registered for event TypedEvent{payloadType=DatanodeDetails, name='Datanode_Command_Queue_Updated'}
2023-01-03 10:09:26,414 [EventQueue-CommandQueueReportForCommandQueueReportHandler] WARN  events.EventQueue (EventQueue.java:fireEvent(216)) - No event handler registered for event TypedEvent{payloadType=DatanodeDetails, name='Datanode_Command_Queue_Updated'}
2023-01-03 10:09:26,646 [EventQueue-CommandQueueReportForCommandQueueReportHandler] WARN  events.EventQueue (EventQueue.java:fireEvent(216)) - No event handler registered for event TypedEvent{payloadType=DatanodeDetails, name='Datanode_Command_Queue_Updated'}
]]></system-out>
  </testcase>
  <testcase name="testRenameFileToDir" classname="TestOzoneFileSystem" time="0.032">
    <system-out><![CDATA[2023-01-03 10:07:00,959 [OM StateMachine ApplyTransaction Thread - 0] INFO  key.OMKeyRequest (OMKeyRequest.java:wrapUncommittedBlocksAsPseudoKey(835)) - Detect allocated but uncommitted blocks [{blockID={containerID=1, localID=111677748019200071}, length=4194304, offset=0, token=null, pipeline=null, createVersion=0, partNumber=0}] in key root/file1.
10:07:00.962 [IPC Server handler 4 on default port 41175] ERROR OMAudit - user=runner | ip=127.0.0.1 | op=LIST_STATUS {volume=volume17571, bucket=bucket85979, key=a/b/c/file1, dataSize=0, replicationConfig=null} | ret=FAILURE
org.apache.hadoop.ozone.om.exceptions.OMException: Unable to get file status: volume: volume17571 bucket: bucket85979 key: a/b/c/file1
	at org.apache.hadoop.ozone.om.KeyManagerImpl.getOzoneFileStatus(KeyManagerImpl.java:1301) ~[ozone-manager-1.4.0-SNAPSHOT.jar:?]
	at org.apache.hadoop.ozone.om.KeyManagerImpl.getFileStatus(KeyManagerImpl.java:1219) ~[ozone-manager-1.4.0-SNAPSHOT.jar:?]
	at org.apache.hadoop.ozone.om.KeyManagerImpl.listStatus(KeyManagerImpl.java:1585) ~[ozone-manager-1.4.0-SNAPSHOT.jar:?]
	at org.apache.hadoop.ozone.om.OzoneManager.listStatus(OzoneManager.java:3662) ~[ozone-manager-1.4.0-SNAPSHOT.jar:?]
	at org.apache.hadoop.ozone.protocolPB.OzoneManagerRequestHandler.listStatus(OzoneManagerRequestHandler.java:1095) ~[ozone-manager-1.4.0-SNAPSHOT.jar:?]
	at org.apache.hadoop.ozone.protocolPB.OzoneManagerRequestHandler.handleReadRequest(OzoneManagerRequestHandler.java:242) ~[ozone-manager-1.4.0-SNAPSHOT.jar:?]
	at org.apache.hadoop.ozone.protocolPB.OzoneManagerProtocolServerSideTranslatorPB.submitReadRequestToOM(OzoneManagerProtocolServerSideTranslatorPB.java:226) ~[ozone-manager-1.4.0-SNAPSHOT.jar:?]
	at org.apache.hadoop.ozone.protocolPB.OzoneManagerProtocolServerSideTranslatorPB.processRequest(OzoneManagerProtocolServerSideTranslatorPB.java:175) ~[ozone-manager-1.4.0-SNAPSHOT.jar:?]
	at org.apache.hadoop.hdds.server.OzoneProtocolMessageDispatcher.processRequest(OzoneProtocolMessageDispatcher.java:87) [hdds-server-framework-1.4.0-SNAPSHOT.jar:?]
	at org.apache.hadoop.ozone.protocolPB.OzoneManagerProtocolServerSideTranslatorPB.submitRequest(OzoneManagerProtocolServerSideTranslatorPB.java:147) [ozone-manager-1.4.0-SNAPSHOT.jar:?]
	at org.apache.hadoop.ozone.protocol.proto.OzoneManagerProtocolProtos$OzoneManagerService$2.callBlockingMethod(OzoneManagerProtocolProtos.java) [ozone-interface-client-1.4.0-SNAPSHOT.jar:?]
	at org.apache.hadoop.ipc.ProtobufRpcEngine$Server.processCall(ProtobufRpcEngine.java:465) [hadoop-common-3.3.4.jar:?]
	at org.apache.hadoop.ipc.ProtobufRpcEngine2$Server$ProtoBufRpcInvoker.call(ProtobufRpcEngine2.java:578) [hadoop-common-3.3.4.jar:?]
	at org.apache.hadoop.ipc.ProtobufRpcEngine2$Server$ProtoBufRpcInvoker.call(ProtobufRpcEngine2.java:556) [hadoop-common-3.3.4.jar:?]
	at org.apache.hadoop.ipc.RPC$Server.call(RPC.java:1093) [hadoop-common-3.3.4.jar:?]
	at org.apache.hadoop.ipc.Server$RpcCall.run(Server.java:1043) [hadoop-common-3.3.4.jar:?]
	at org.apache.hadoop.ipc.Server$RpcCall.run(Server.java:971) [hadoop-common-3.3.4.jar:?]
	at java.security.AccessController.doPrivileged(Native Method) ~[?:1.8.0_352]
	at javax.security.auth.Subject.doAs(Subject.java:422) [?:1.8.0_352]
	at org.apache.hadoop.security.UserGroupInformation.doAs(UserGroupInformation.java:1878) [hadoop-common-3.3.4.jar:?]
	at org.apache.hadoop.ipc.Server$Handler.run(Server.java:2976) [hadoop-common-3.3.4.jar:?]
]]></system-out>
  </testcase>
  <testcase name="testRenameFileToDir" classname="TestOzoneFileSystem" time="0.028">
    <system-out><![CDATA[2023-01-03 10:07:46,543 [IPC Server handler 10 on default port 46801] INFO  key.OMKeyRequest (OMKeyRequest.java:wrapUncommittedBlocksAsPseudoKey(835)) - Detect allocated but uncommitted blocks [{blockID={containerID=1, localID=111677748019200071}, length=4194304, offset=0, token=null, pipeline=null, createVersion=0, partNumber=0}] in key root/file1.
10:07:46.546 [IPC Server handler 14 on default port 46801] ERROR OMAudit - user=runner | ip=127.0.0.1 | op=LIST_STATUS {volume=volume72509, bucket=bucket24043, key=a/b/c/file1, dataSize=0, replicationConfig=null} | ret=FAILURE
org.apache.hadoop.ozone.om.exceptions.OMException: Unable to get file status: volume: volume72509 bucket: bucket24043 key: a/b/c/file1
	at org.apache.hadoop.ozone.om.KeyManagerImpl.getOzoneFileStatus(KeyManagerImpl.java:1301) ~[ozone-manager-1.4.0-SNAPSHOT.jar:?]
	at org.apache.hadoop.ozone.om.KeyManagerImpl.getFileStatus(KeyManagerImpl.java:1219) ~[ozone-manager-1.4.0-SNAPSHOT.jar:?]
	at org.apache.hadoop.ozone.om.KeyManagerImpl.listStatus(KeyManagerImpl.java:1585) ~[ozone-manager-1.4.0-SNAPSHOT.jar:?]
	at org.apache.hadoop.ozone.om.OzoneManager.listStatus(OzoneManager.java:3662) ~[ozone-manager-1.4.0-SNAPSHOT.jar:?]
	at org.apache.hadoop.ozone.protocolPB.OzoneManagerRequestHandler.listStatus(OzoneManagerRequestHandler.java:1095) ~[ozone-manager-1.4.0-SNAPSHOT.jar:?]
	at org.apache.hadoop.ozone.protocolPB.OzoneManagerRequestHandler.handleReadRequest(OzoneManagerRequestHandler.java:242) ~[ozone-manager-1.4.0-SNAPSHOT.jar:?]
	at org.apache.hadoop.ozone.protocolPB.OzoneManagerProtocolServerSideTranslatorPB.submitRequestDirectlyToOM(OzoneManagerProtocolServerSideTranslatorPB.java:276) ~[ozone-manager-1.4.0-SNAPSHOT.jar:?]
	at org.apache.hadoop.ozone.protocolPB.OzoneManagerProtocolServerSideTranslatorPB.processRequest(OzoneManagerProtocolServerSideTranslatorPB.java:205) ~[ozone-manager-1.4.0-SNAPSHOT.jar:?]
	at org.apache.hadoop.hdds.server.OzoneProtocolMessageDispatcher.processRequest(OzoneProtocolMessageDispatcher.java:87) [hdds-server-framework-1.4.0-SNAPSHOT.jar:?]
	at org.apache.hadoop.ozone.protocolPB.OzoneManagerProtocolServerSideTranslatorPB.submitRequest(OzoneManagerProtocolServerSideTranslatorPB.java:147) [ozone-manager-1.4.0-SNAPSHOT.jar:?]
	at org.apache.hadoop.ozone.protocol.proto.OzoneManagerProtocolProtos$OzoneManagerService$2.callBlockingMethod(OzoneManagerProtocolProtos.java) [ozone-interface-client-1.4.0-SNAPSHOT.jar:?]
	at org.apache.hadoop.ipc.ProtobufRpcEngine$Server.processCall(ProtobufRpcEngine.java:465) [hadoop-common-3.3.4.jar:?]
	at org.apache.hadoop.ipc.ProtobufRpcEngine2$Server$ProtoBufRpcInvoker.call(ProtobufRpcEngine2.java:578) [hadoop-common-3.3.4.jar:?]
	at org.apache.hadoop.ipc.ProtobufRpcEngine2$Server$ProtoBufRpcInvoker.call(ProtobufRpcEngine2.java:556) [hadoop-common-3.3.4.jar:?]
	at org.apache.hadoop.ipc.RPC$Server.call(RPC.java:1093) [hadoop-common-3.3.4.jar:?]
	at org.apache.hadoop.ipc.Server$RpcCall.run(Server.java:1043) [hadoop-common-3.3.4.jar:?]
	at org.apache.hadoop.ipc.Server$RpcCall.run(Server.java:971) [hadoop-common-3.3.4.jar:?]
	at java.security.AccessController.doPrivileged(Native Method) ~[?:1.8.0_352]
	at javax.security.auth.Subject.doAs(Subject.java:422) [?:1.8.0_352]
	at org.apache.hadoop.security.UserGroupInformation.doAs(UserGroupInformation.java:1878) [hadoop-common-3.3.4.jar:?]
	at org.apache.hadoop.ipc.Server$Handler.run(Server.java:2976) [hadoop-common-3.3.4.jar:?]
]]></system-out>
  </testcase>
  <testcase name="testRenameFileToDir" classname="TestOzoneFileSystem" time="0.034">
    <system-out><![CDATA[2023-01-03 10:08:39,661 [OM StateMachine ApplyTransaction Thread - 0] INFO  key.OMKeyRequest (OMKeyRequest.java:wrapUncommittedBlocksAsPseudoKey(835)) - Detect allocated but uncommitted blocks [{blockID={containerID=3, localID=111677748019200071}, length=4194304, offset=0, token=null, pipeline=null, createVersion=0, partNumber=0}] in key root/file1.
10:08:39.663 [IPC Server handler 10 on default port 46431] ERROR OMAudit - user=runner | ip=127.0.0.1 | op=LIST_STATUS {volume=volume30750, bucket=bucket79142, key=a/b/c/file1, dataSize=0, replicationConfig=null} | ret=FAILURE
org.apache.hadoop.ozone.om.exceptions.OMException: Unable to get file status: volume: volume30750 bucket: bucket79142 key: a/b/c/file1
	at org.apache.hadoop.ozone.om.KeyManagerImpl.getOzoneFileStatus(KeyManagerImpl.java:1301) ~[ozone-manager-1.4.0-SNAPSHOT.jar:?]
	at org.apache.hadoop.ozone.om.KeyManagerImpl.getFileStatus(KeyManagerImpl.java:1219) ~[ozone-manager-1.4.0-SNAPSHOT.jar:?]
	at org.apache.hadoop.ozone.om.KeyManagerImpl.listStatus(KeyManagerImpl.java:1585) ~[ozone-manager-1.4.0-SNAPSHOT.jar:?]
	at org.apache.hadoop.ozone.om.OzoneManager.listStatus(OzoneManager.java:3662) ~[ozone-manager-1.4.0-SNAPSHOT.jar:?]
	at org.apache.hadoop.ozone.protocolPB.OzoneManagerRequestHandler.listStatus(OzoneManagerRequestHandler.java:1095) ~[ozone-manager-1.4.0-SNAPSHOT.jar:?]
	at org.apache.hadoop.ozone.protocolPB.OzoneManagerRequestHandler.handleReadRequest(OzoneManagerRequestHandler.java:242) ~[ozone-manager-1.4.0-SNAPSHOT.jar:?]
	at org.apache.hadoop.ozone.protocolPB.OzoneManagerProtocolServerSideTranslatorPB.submitReadRequestToOM(OzoneManagerProtocolServerSideTranslatorPB.java:226) ~[ozone-manager-1.4.0-SNAPSHOT.jar:?]
	at org.apache.hadoop.ozone.protocolPB.OzoneManagerProtocolServerSideTranslatorPB.processRequest(OzoneManagerProtocolServerSideTranslatorPB.java:175) ~[ozone-manager-1.4.0-SNAPSHOT.jar:?]
	at org.apache.hadoop.hdds.server.OzoneProtocolMessageDispatcher.processRequest(OzoneProtocolMessageDispatcher.java:87) [hdds-server-framework-1.4.0-SNAPSHOT.jar:?]
	at org.apache.hadoop.ozone.protocolPB.OzoneManagerProtocolServerSideTranslatorPB.submitRequest(OzoneManagerProtocolServerSideTranslatorPB.java:147) [ozone-manager-1.4.0-SNAPSHOT.jar:?]
	at org.apache.hadoop.ozone.protocol.proto.OzoneManagerProtocolProtos$OzoneManagerService$2.callBlockingMethod(OzoneManagerProtocolProtos.java) [ozone-interface-client-1.4.0-SNAPSHOT.jar:?]
	at org.apache.hadoop.ipc.ProtobufRpcEngine$Server.processCall(ProtobufRpcEngine.java:465) [hadoop-common-3.3.4.jar:?]
	at org.apache.hadoop.ipc.ProtobufRpcEngine2$Server$ProtoBufRpcInvoker.call(ProtobufRpcEngine2.java:578) [hadoop-common-3.3.4.jar:?]
	at org.apache.hadoop.ipc.ProtobufRpcEngine2$Server$ProtoBufRpcInvoker.call(ProtobufRpcEngine2.java:556) [hadoop-common-3.3.4.jar:?]
	at org.apache.hadoop.ipc.RPC$Server.call(RPC.java:1093) [hadoop-common-3.3.4.jar:?]
	at org.apache.hadoop.ipc.Server$RpcCall.run(Server.java:1043) [hadoop-common-3.3.4.jar:?]
	at org.apache.hadoop.ipc.Server$RpcCall.run(Server.java:971) [hadoop-common-3.3.4.jar:?]
	at java.security.AccessController.doPrivileged(Native Method) ~[?:1.8.0_352]
	at javax.security.auth.Subject.doAs(Subject.java:422) [?:1.8.0_352]
	at org.apache.hadoop.security.UserGroupInformation.doAs(UserGroupInformation.java:1878) [hadoop-common-3.3.4.jar:?]
	at org.apache.hadoop.ipc.Server$Handler.run(Server.java:2976) [hadoop-common-3.3.4.jar:?]
]]></system-out>
  </testcase>
  <testcase name="testRenameFileToDir" classname="TestOzoneFileSystem" time="0.027">
    <system-out><![CDATA[2023-01-03 10:09:26,992 [IPC Server handler 6 on default port 33423] INFO  key.OMKeyRequest (OMKeyRequest.java:wrapUncommittedBlocksAsPseudoKey(835)) - Detect allocated but uncommitted blocks [{blockID={containerID=1, localID=111677748019200071}, length=4194304, offset=0, token=null, pipeline=null, createVersion=0, partNumber=0}] in key root/file1.
10:09:26.995 [IPC Server handler 10 on default port 33423] ERROR OMAudit - user=runner | ip=127.0.0.1 | op=LIST_STATUS {volume=volume03607, bucket=bucket70088, key=a/b/c/file1, dataSize=0, replicationConfig=null} | ret=FAILURE
org.apache.hadoop.ozone.om.exceptions.OMException: Unable to get file status: volume: volume03607 bucket: bucket70088 key: a/b/c/file1
	at org.apache.hadoop.ozone.om.KeyManagerImpl.getOzoneFileStatus(KeyManagerImpl.java:1301) ~[ozone-manager-1.4.0-SNAPSHOT.jar:?]
	at org.apache.hadoop.ozone.om.KeyManagerImpl.getFileStatus(KeyManagerImpl.java:1219) ~[ozone-manager-1.4.0-SNAPSHOT.jar:?]
	at org.apache.hadoop.ozone.om.KeyManagerImpl.listStatus(KeyManagerImpl.java:1585) ~[ozone-manager-1.4.0-SNAPSHOT.jar:?]
	at org.apache.hadoop.ozone.om.OzoneManager.listStatus(OzoneManager.java:3662) ~[ozone-manager-1.4.0-SNAPSHOT.jar:?]
	at org.apache.hadoop.ozone.protocolPB.OzoneManagerRequestHandler.listStatus(OzoneManagerRequestHandler.java:1095) ~[ozone-manager-1.4.0-SNAPSHOT.jar:?]
	at org.apache.hadoop.ozone.protocolPB.OzoneManagerRequestHandler.handleReadRequest(OzoneManagerRequestHandler.java:242) ~[ozone-manager-1.4.0-SNAPSHOT.jar:?]
	at org.apache.hadoop.ozone.protocolPB.OzoneManagerProtocolServerSideTranslatorPB.submitRequestDirectlyToOM(OzoneManagerProtocolServerSideTranslatorPB.java:276) ~[ozone-manager-1.4.0-SNAPSHOT.jar:?]
	at org.apache.hadoop.ozone.protocolPB.OzoneManagerProtocolServerSideTranslatorPB.processRequest(OzoneManagerProtocolServerSideTranslatorPB.java:205) ~[ozone-manager-1.4.0-SNAPSHOT.jar:?]
	at org.apache.hadoop.hdds.server.OzoneProtocolMessageDispatcher.processRequest(OzoneProtocolMessageDispatcher.java:87) [hdds-server-framework-1.4.0-SNAPSHOT.jar:?]
	at org.apache.hadoop.ozone.protocolPB.OzoneManagerProtocolServerSideTranslatorPB.submitRequest(OzoneManagerProtocolServerSideTranslatorPB.java:147) [ozone-manager-1.4.0-SNAPSHOT.jar:?]
	at org.apache.hadoop.ozone.protocol.proto.OzoneManagerProtocolProtos$OzoneManagerService$2.callBlockingMethod(OzoneManagerProtocolProtos.java) [ozone-interface-client-1.4.0-SNAPSHOT.jar:?]
	at org.apache.hadoop.ipc.ProtobufRpcEngine$Server.processCall(ProtobufRpcEngine.java:465) [hadoop-common-3.3.4.jar:?]
	at org.apache.hadoop.ipc.ProtobufRpcEngine2$Server$ProtoBufRpcInvoker.call(ProtobufRpcEngine2.java:578) [hadoop-common-3.3.4.jar:?]
	at org.apache.hadoop.ipc.ProtobufRpcEngine2$Server$ProtoBufRpcInvoker.call(ProtobufRpcEngine2.java:556) [hadoop-common-3.3.4.jar:?]
	at org.apache.hadoop.ipc.RPC$Server.call(RPC.java:1093) [hadoop-common-3.3.4.jar:?]
	at org.apache.hadoop.ipc.Server$RpcCall.run(Server.java:1043) [hadoop-common-3.3.4.jar:?]
	at org.apache.hadoop.ipc.Server$RpcCall.run(Server.java:971) [hadoop-common-3.3.4.jar:?]
	at java.security.AccessController.doPrivileged(Native Method) ~[?:1.8.0_352]
	at javax.security.auth.Subject.doAs(Subject.java:422) [?:1.8.0_352]
	at org.apache.hadoop.security.UserGroupInformation.doAs(UserGroupInformation.java:1878) [hadoop-common-3.3.4.jar:?]
	at org.apache.hadoop.ipc.Server$Handler.run(Server.java:2976) [hadoop-common-3.3.4.jar:?]
]]></system-out>
  </testcase>
  <testcase name="testListStatusWithIntermediateDirWithECEnabled" classname="TestOzoneFileSystem" time="0.024">
    <system-out><![CDATA[2023-01-03 10:07:00,986 [IPC Server handler 8 on default port 34199] INFO  pipeline.PipelineStateManagerImpl (PipelineStateManagerImpl.java:addPipeline(103)) - Created pipeline Pipeline[ Id: 20f52c98-9c84-4496-87c2-5352e31dba18, Nodes: ac21c7e9-4632-4894-bb8a-46dc1ad7aae6{ip: 10.1.0.13, host: fv-az292-374.tqgtyn10aqxuxoi0mkfbldi5vh.jx.internal.cloudapp.net, ports: [REPLICATION=39543, RATIS=45013, RATIS_ADMIN=45013, RATIS_SERVER=45013, RATIS_DATASTREAM=36409, STANDALONE=34293], networkLocation: /default-rack, certSerialId: null, persistedOpState: null, persistedOpStateExpiryEpochSec: 0}265cde2e-5350-4bf8-a91b-58e7369f5fcb{ip: 10.1.0.13, host: fv-az292-374.tqgtyn10aqxuxoi0mkfbldi5vh.jx.internal.cloudapp.net, ports: [REPLICATION=36537, RATIS=40615, RATIS_ADMIN=40615, RATIS_SERVER=40615, RATIS_DATASTREAM=33331, STANDALONE=40301], networkLocation: /default-rack, certSerialId: null, persistedOpState: null, persistedOpStateExpiryEpochSec: 0}f16244a9-e060-48f3-8727-dfe3ed85a294{ip: 10.1.0.13, host: fv-az292-374.tqgtyn10aqxuxoi0mkfbldi5vh.jx.internal.cloudapp.net, ports: [REPLICATION=42295, RATIS=45615, RATIS_ADMIN=45615, RATIS_SERVER=45615, RATIS_DATASTREAM=38733, STANDALONE=41669], networkLocation: /default-rack, certSerialId: null, persistedOpState: null, persistedOpStateExpiryEpochSec: 0}e60c2466-e581-4a2a-a391-12b730c6e057{ip: 10.1.0.13, host: fv-az292-374.tqgtyn10aqxuxoi0mkfbldi5vh.jx.internal.cloudapp.net, ports: [REPLICATION=43413, RATIS=43713, RATIS_ADMIN=43713, RATIS_SERVER=43713, RATIS_DATASTREAM=34563, STANDALONE=44941], networkLocation: /default-rack, certSerialId: null, persistedOpState: null, persistedOpStateExpiryEpochSec: 0}1e90a81f-431a-478a-9b2e-dbda4ffaca44{ip: 10.1.0.13, host: fv-az292-374.tqgtyn10aqxuxoi0mkfbldi5vh.jx.internal.cloudapp.net, ports: [REPLICATION=36629, RATIS=44185, RATIS_ADMIN=44185, RATIS_SERVER=44185, RATIS_DATASTREAM=44723, STANDALONE=41267], networkLocation: /default-rack, certSerialId: null, persistedOpState: null, persistedOpStateExpiryEpochSec: 0}, ReplicationConfig: EC/ECReplicationConfig{data=3, parity=2, ecChunkSize=1048576, codec=rs}, State:ALLOCATED, leaderId:, CreationTimestamp2023-01-03T10:07:00.985Z[Etc/UTC]].
2023-01-03 10:07:00,986 [IPC Server handler 8 on default port 34199] INFO  pipeline.PipelineManagerImpl (PipelineManagerImpl.java:openPipeline(367)) - Pipeline Pipeline[ Id: 20f52c98-9c84-4496-87c2-5352e31dba18, Nodes: ac21c7e9-4632-4894-bb8a-46dc1ad7aae6{ip: 10.1.0.13, host: fv-az292-374.tqgtyn10aqxuxoi0mkfbldi5vh.jx.internal.cloudapp.net, ports: [REPLICATION=39543, RATIS=45013, RATIS_ADMIN=45013, RATIS_SERVER=45013, RATIS_DATASTREAM=36409, STANDALONE=34293], networkLocation: /default-rack, certSerialId: null, persistedOpState: null, persistedOpStateExpiryEpochSec: 0}265cde2e-5350-4bf8-a91b-58e7369f5fcb{ip: 10.1.0.13, host: fv-az292-374.tqgtyn10aqxuxoi0mkfbldi5vh.jx.internal.cloudapp.net, ports: [REPLICATION=36537, RATIS=40615, RATIS_ADMIN=40615, RATIS_SERVER=40615, RATIS_DATASTREAM=33331, STANDALONE=40301], networkLocation: /default-rack, certSerialId: null, persistedOpState: null, persistedOpStateExpiryEpochSec: 0}f16244a9-e060-48f3-8727-dfe3ed85a294{ip: 10.1.0.13, host: fv-az292-374.tqgtyn10aqxuxoi0mkfbldi5vh.jx.internal.cloudapp.net, ports: [REPLICATION=42295, RATIS=45615, RATIS_ADMIN=45615, RATIS_SERVER=45615, RATIS_DATASTREAM=38733, STANDALONE=41669], networkLocation: /default-rack, certSerialId: null, persistedOpState: null, persistedOpStateExpiryEpochSec: 0}e60c2466-e581-4a2a-a391-12b730c6e057{ip: 10.1.0.13, host: fv-az292-374.tqgtyn10aqxuxoi0mkfbldi5vh.jx.internal.cloudapp.net, ports: [REPLICATION=43413, RATIS=43713, RATIS_ADMIN=43713, RATIS_SERVER=43713, RATIS_DATASTREAM=34563, STANDALONE=44941], networkLocation: /default-rack, certSerialId: null, persistedOpState: null, persistedOpStateExpiryEpochSec: 0}1e90a81f-431a-478a-9b2e-dbda4ffaca44{ip: 10.1.0.13, host: fv-az292-374.tqgtyn10aqxuxoi0mkfbldi5vh.jx.internal.cloudapp.net, ports: [REPLICATION=36629, RATIS=44185, RATIS_ADMIN=44185, RATIS_SERVER=44185, RATIS_DATASTREAM=44723, STANDALONE=41267], networkLocation: /default-rack, certSerialId: null, persistedOpState: null, persistedOpStateExpiryEpochSec: 0}, ReplicationConfig: EC/ECReplicationConfig{data=3, parity=2, ecChunkSize=1048576, codec=rs}, State:ALLOCATED, leaderId:, CreationTimestamp2023-01-03T10:07:00.985Z[Etc/UTC]] moved to OPEN state
2023-01-03 10:07:00,992 [OM StateMachine ApplyTransaction Thread - 0] INFO  key.OMKeyRequest (OMKeyRequest.java:wrapUncommittedBlocksAsPseudoKey(835)) - Detect allocated but uncommitted blocks [{blockID={containerID=11, localID=111677748019200072}, length=4194304, offset=0, token=null, pipeline=null, createVersion=0, partNumber=0}] in key object-dir/object-name1.
]]></system-out>
  </testcase>
  <testcase name="testListStatusWithIntermediateDirWithECEnabled" classname="TestOzoneFileSystem" time="0.018">
    <system-out><![CDATA[2023-01-03 10:07:46,567 [IPC Server handler 18 on default port 38917] INFO  pipeline.PipelineStateManagerImpl (PipelineStateManagerImpl.java:addPipeline(103)) - Created pipeline Pipeline[ Id: 684eaa13-8337-4b22-83cd-fc85bdac62d9, Nodes: cf16c65b-18c5-4246-b401-9967cdd5b427{ip: 10.1.0.13, host: fv-az292-374.tqgtyn10aqxuxoi0mkfbldi5vh.jx.internal.cloudapp.net, ports: [REPLICATION=43947, RATIS=45509, RATIS_ADMIN=45509, RATIS_SERVER=45509, RATIS_DATASTREAM=37175, STANDALONE=35843], networkLocation: /default-rack, certSerialId: null, persistedOpState: null, persistedOpStateExpiryEpochSec: 0}2c63000f-a9ba-4116-8021-1fc7d553c7a4{ip: 10.1.0.13, host: fv-az292-374.tqgtyn10aqxuxoi0mkfbldi5vh.jx.internal.cloudapp.net, ports: [REPLICATION=34129, RATIS=44077, RATIS_ADMIN=44077, RATIS_SERVER=44077, RATIS_DATASTREAM=33143, STANDALONE=44913], networkLocation: /default-rack, certSerialId: null, persistedOpState: null, persistedOpStateExpiryEpochSec: 0}5c8f94db-7806-4776-a4fa-2f4c620ca121{ip: 10.1.0.13, host: fv-az292-374.tqgtyn10aqxuxoi0mkfbldi5vh.jx.internal.cloudapp.net, ports: [REPLICATION=36621, RATIS=34413, RATIS_ADMIN=34413, RATIS_SERVER=34413, RATIS_DATASTREAM=42515, STANDALONE=36307], networkLocation: /default-rack, certSerialId: null, persistedOpState: null, persistedOpStateExpiryEpochSec: 0}01844fa3-4991-4a9b-b3ea-c862c2ab2093{ip: 10.1.0.13, host: fv-az292-374.tqgtyn10aqxuxoi0mkfbldi5vh.jx.internal.cloudapp.net, ports: [REPLICATION=45803, RATIS=37787, RATIS_ADMIN=37787, RATIS_SERVER=37787, RATIS_DATASTREAM=37099, STANDALONE=41089], networkLocation: /default-rack, certSerialId: null, persistedOpState: null, persistedOpStateExpiryEpochSec: 0}ad81db47-82b5-4afb-987d-b3e16962a519{ip: 10.1.0.13, host: fv-az292-374.tqgtyn10aqxuxoi0mkfbldi5vh.jx.internal.cloudapp.net, ports: [REPLICATION=40711, RATIS=42981, RATIS_ADMIN=42981, RATIS_SERVER=42981, RATIS_DATASTREAM=39737, STANDALONE=33553], networkLocation: /default-rack, certSerialId: null, persistedOpState: null, persistedOpStateExpiryEpochSec: 0}, ReplicationConfig: EC/ECReplicationConfig{data=3, parity=2, ecChunkSize=1048576, codec=rs}, State:ALLOCATED, leaderId:, CreationTimestamp2023-01-03T10:07:46.567Z[Etc/UTC]].
2023-01-03 10:07:46,568 [IPC Server handler 18 on default port 38917] INFO  pipeline.PipelineManagerImpl (PipelineManagerImpl.java:openPipeline(367)) - Pipeline Pipeline[ Id: 684eaa13-8337-4b22-83cd-fc85bdac62d9, Nodes: cf16c65b-18c5-4246-b401-9967cdd5b427{ip: 10.1.0.13, host: fv-az292-374.tqgtyn10aqxuxoi0mkfbldi5vh.jx.internal.cloudapp.net, ports: [REPLICATION=43947, RATIS=45509, RATIS_ADMIN=45509, RATIS_SERVER=45509, RATIS_DATASTREAM=37175, STANDALONE=35843], networkLocation: /default-rack, certSerialId: null, persistedOpState: null, persistedOpStateExpiryEpochSec: 0}2c63000f-a9ba-4116-8021-1fc7d553c7a4{ip: 10.1.0.13, host: fv-az292-374.tqgtyn10aqxuxoi0mkfbldi5vh.jx.internal.cloudapp.net, ports: [REPLICATION=34129, RATIS=44077, RATIS_ADMIN=44077, RATIS_SERVER=44077, RATIS_DATASTREAM=33143, STANDALONE=44913], networkLocation: /default-rack, certSerialId: null, persistedOpState: null, persistedOpStateExpiryEpochSec: 0}5c8f94db-7806-4776-a4fa-2f4c620ca121{ip: 10.1.0.13, host: fv-az292-374.tqgtyn10aqxuxoi0mkfbldi5vh.jx.internal.cloudapp.net, ports: [REPLICATION=36621, RATIS=34413, RATIS_ADMIN=34413, RATIS_SERVER=34413, RATIS_DATASTREAM=42515, STANDALONE=36307], networkLocation: /default-rack, certSerialId: null, persistedOpState: null, persistedOpStateExpiryEpochSec: 0}01844fa3-4991-4a9b-b3ea-c862c2ab2093{ip: 10.1.0.13, host: fv-az292-374.tqgtyn10aqxuxoi0mkfbldi5vh.jx.internal.cloudapp.net, ports: [REPLICATION=45803, RATIS=37787, RATIS_ADMIN=37787, RATIS_SERVER=37787, RATIS_DATASTREAM=37099, STANDALONE=41089], networkLocation: /default-rack, certSerialId: null, persistedOpState: null, persistedOpStateExpiryEpochSec: 0}ad81db47-82b5-4afb-987d-b3e16962a519{ip: 10.1.0.13, host: fv-az292-374.tqgtyn10aqxuxoi0mkfbldi5vh.jx.internal.cloudapp.net, ports: [REPLICATION=40711, RATIS=42981, RATIS_ADMIN=42981, RATIS_SERVER=42981, RATIS_DATASTREAM=39737, STANDALONE=33553], networkLocation: /default-rack, certSerialId: null, persistedOpState: null, persistedOpStateExpiryEpochSec: 0}, ReplicationConfig: EC/ECReplicationConfig{data=3, parity=2, ecChunkSize=1048576, codec=rs}, State:ALLOCATED, leaderId:, CreationTimestamp2023-01-03T10:07:46.567Z[Etc/UTC]] moved to OPEN state
2023-01-03 10:07:46,570 [IPC Server handler 12 on default port 46801] INFO  key.OMKeyRequest (OMKeyRequest.java:wrapUncommittedBlocksAsPseudoKey(835)) - Detect allocated but uncommitted blocks [{blockID={containerID=11, localID=111677748019200072}, length=4194304, offset=0, token=null, pipeline=null, createVersion=0, partNumber=0}] in key object-dir/object-name1.
]]></system-out>
  </testcase>
  <testcase name="testListStatusWithIntermediateDirWithECEnabled" classname="TestOzoneFileSystem" time="0.029">
    <system-out><![CDATA[2023-01-03 10:08:39,690 [IPC Server handler 19 on default port 39587] INFO  pipeline.PipelineStateManagerImpl (PipelineStateManagerImpl.java:addPipeline(103)) - Created pipeline Pipeline[ Id: 8cf26799-3fad-46c9-a940-cbea724b69ff, Nodes: 92295612-f13b-4ff2-b823-10ec710f5439{ip: 10.1.0.13, host: fv-az292-374.tqgtyn10aqxuxoi0mkfbldi5vh.jx.internal.cloudapp.net, ports: [REPLICATION=33973, RATIS=39873, RATIS_ADMIN=39873, RATIS_SERVER=39873, RATIS_DATASTREAM=42237, STANDALONE=42935], networkLocation: /default-rack, certSerialId: null, persistedOpState: null, persistedOpStateExpiryEpochSec: 0}786d16df-aea0-40f0-824b-581d62f1269e{ip: 10.1.0.13, host: fv-az292-374.tqgtyn10aqxuxoi0mkfbldi5vh.jx.internal.cloudapp.net, ports: [REPLICATION=33031, RATIS=45479, RATIS_ADMIN=45479, RATIS_SERVER=45479, RATIS_DATASTREAM=40799, STANDALONE=40969], networkLocation: /default-rack, certSerialId: null, persistedOpState: null, persistedOpStateExpiryEpochSec: 0}c7e71a96-70a3-435a-a6b2-b0df4fa5b7cd{ip: 10.1.0.13, host: fv-az292-374.tqgtyn10aqxuxoi0mkfbldi5vh.jx.internal.cloudapp.net, ports: [REPLICATION=41193, RATIS=35743, RATIS_ADMIN=35743, RATIS_SERVER=35743, RATIS_DATASTREAM=37175, STANDALONE=42781], networkLocation: /default-rack, certSerialId: null, persistedOpState: null, persistedOpStateExpiryEpochSec: 0}6197d2f5-af8d-4e13-93f4-b3dc0462d19d{ip: 10.1.0.13, host: fv-az292-374.tqgtyn10aqxuxoi0mkfbldi5vh.jx.internal.cloudapp.net, ports: [REPLICATION=42573, RATIS=44689, RATIS_ADMIN=44689, RATIS_SERVER=44689, RATIS_DATASTREAM=34149, STANDALONE=35683], networkLocation: /default-rack, certSerialId: null, persistedOpState: null, persistedOpStateExpiryEpochSec: 0}ceb62289-e61f-4ee7-8769-746790ce93a5{ip: 10.1.0.13, host: fv-az292-374.tqgtyn10aqxuxoi0mkfbldi5vh.jx.internal.cloudapp.net, ports: [REPLICATION=43181, RATIS=39919, RATIS_ADMIN=39919, RATIS_SERVER=39919, RATIS_DATASTREAM=34319, STANDALONE=45987], networkLocation: /default-rack, certSerialId: null, persistedOpState: null, persistedOpStateExpiryEpochSec: 0}, ReplicationConfig: EC/ECReplicationConfig{data=3, parity=2, ecChunkSize=1048576, codec=rs}, State:ALLOCATED, leaderId:, CreationTimestamp2023-01-03T10:08:39.690Z[Etc/UTC]].
2023-01-03 10:08:39,691 [IPC Server handler 19 on default port 39587] INFO  pipeline.PipelineManagerImpl (PipelineManagerImpl.java:openPipeline(367)) - Pipeline Pipeline[ Id: 8cf26799-3fad-46c9-a940-cbea724b69ff, Nodes: 92295612-f13b-4ff2-b823-10ec710f5439{ip: 10.1.0.13, host: fv-az292-374.tqgtyn10aqxuxoi0mkfbldi5vh.jx.internal.cloudapp.net, ports: [REPLICATION=33973, RATIS=39873, RATIS_ADMIN=39873, RATIS_SERVER=39873, RATIS_DATASTREAM=42237, STANDALONE=42935], networkLocation: /default-rack, certSerialId: null, persistedOpState: null, persistedOpStateExpiryEpochSec: 0}786d16df-aea0-40f0-824b-581d62f1269e{ip: 10.1.0.13, host: fv-az292-374.tqgtyn10aqxuxoi0mkfbldi5vh.jx.internal.cloudapp.net, ports: [REPLICATION=33031, RATIS=45479, RATIS_ADMIN=45479, RATIS_SERVER=45479, RATIS_DATASTREAM=40799, STANDALONE=40969], networkLocation: /default-rack, certSerialId: null, persistedOpState: null, persistedOpStateExpiryEpochSec: 0}c7e71a96-70a3-435a-a6b2-b0df4fa5b7cd{ip: 10.1.0.13, host: fv-az292-374.tqgtyn10aqxuxoi0mkfbldi5vh.jx.internal.cloudapp.net, ports: [REPLICATION=41193, RATIS=35743, RATIS_ADMIN=35743, RATIS_SERVER=35743, RATIS_DATASTREAM=37175, STANDALONE=42781], networkLocation: /default-rack, certSerialId: null, persistedOpState: null, persistedOpStateExpiryEpochSec: 0}6197d2f5-af8d-4e13-93f4-b3dc0462d19d{ip: 10.1.0.13, host: fv-az292-374.tqgtyn10aqxuxoi0mkfbldi5vh.jx.internal.cloudapp.net, ports: [REPLICATION=42573, RATIS=44689, RATIS_ADMIN=44689, RATIS_SERVER=44689, RATIS_DATASTREAM=34149, STANDALONE=35683], networkLocation: /default-rack, certSerialId: null, persistedOpState: null, persistedOpStateExpiryEpochSec: 0}ceb62289-e61f-4ee7-8769-746790ce93a5{ip: 10.1.0.13, host: fv-az292-374.tqgtyn10aqxuxoi0mkfbldi5vh.jx.internal.cloudapp.net, ports: [REPLICATION=43181, RATIS=39919, RATIS_ADMIN=39919, RATIS_SERVER=39919, RATIS_DATASTREAM=34319, STANDALONE=45987], networkLocation: /default-rack, certSerialId: null, persistedOpState: null, persistedOpStateExpiryEpochSec: 0}, ReplicationConfig: EC/ECReplicationConfig{data=3, parity=2, ecChunkSize=1048576, codec=rs}, State:ALLOCATED, leaderId:, CreationTimestamp2023-01-03T10:08:39.690Z[Etc/UTC]] moved to OPEN state
2023-01-03 10:08:39,693 [OM StateMachine ApplyTransaction Thread - 0] INFO  key.OMKeyRequest (OMKeyRequest.java:wrapUncommittedBlocksAsPseudoKey(835)) - Detect allocated but uncommitted blocks [{blockID={containerID=11, localID=111677748019200072}, length=4194304, offset=0, token=null, pipeline=null, createVersion=0, partNumber=0}] in key object-dir/object-name1.
]]></system-out>
  </testcase>
  <testcase name="testListStatusWithIntermediateDirWithECEnabled" classname="TestOzoneFileSystem" time="0.019">
    <system-out><![CDATA[2023-01-03 10:09:27,017 [IPC Server handler 7 on default port 39719] INFO  pipeline.PipelineStateManagerImpl (PipelineStateManagerImpl.java:addPipeline(103)) - Created pipeline Pipeline[ Id: 28d37dd9-0474-453e-955b-28c41b07f458, Nodes: d48ece42-6afd-4397-aae1-ec0ffb2cc7c4{ip: 10.1.0.13, host: fv-az292-374.tqgtyn10aqxuxoi0mkfbldi5vh.jx.internal.cloudapp.net, ports: [REPLICATION=36375, RATIS=34711, RATIS_ADMIN=34711, RATIS_SERVER=34711, RATIS_DATASTREAM=37501, STANDALONE=43325], networkLocation: /default-rack, certSerialId: null, persistedOpState: null, persistedOpStateExpiryEpochSec: 0}79f3458c-2c66-4b3a-be39-3ff7abbb9f16{ip: 10.1.0.13, host: fv-az292-374.tqgtyn10aqxuxoi0mkfbldi5vh.jx.internal.cloudapp.net, ports: [REPLICATION=45677, RATIS=36965, RATIS_ADMIN=36965, RATIS_SERVER=36965, RATIS_DATASTREAM=36199, STANDALONE=36935], networkLocation: /default-rack, certSerialId: null, persistedOpState: null, persistedOpStateExpiryEpochSec: 0}5f4e8170-34f9-42fb-8ea2-3b8d58ff5808{ip: 10.1.0.13, host: fv-az292-374.tqgtyn10aqxuxoi0mkfbldi5vh.jx.internal.cloudapp.net, ports: [REPLICATION=37739, RATIS=43165, RATIS_ADMIN=43165, RATIS_SERVER=43165, RATIS_DATASTREAM=42261, STANDALONE=46235], networkLocation: /default-rack, certSerialId: null, persistedOpState: null, persistedOpStateExpiryEpochSec: 0}650ee283-e4bb-452b-a208-1b125254dcf6{ip: 10.1.0.13, host: fv-az292-374.tqgtyn10aqxuxoi0mkfbldi5vh.jx.internal.cloudapp.net, ports: [REPLICATION=37411, RATIS=35579, RATIS_ADMIN=35579, RATIS_SERVER=35579, RATIS_DATASTREAM=40065, STANDALONE=40619], networkLocation: /default-rack, certSerialId: null, persistedOpState: null, persistedOpStateExpiryEpochSec: 0}2b04a8b1-164a-4310-98e7-450bb9581035{ip: 10.1.0.13, host: fv-az292-374.tqgtyn10aqxuxoi0mkfbldi5vh.jx.internal.cloudapp.net, ports: [REPLICATION=39627, RATIS=40297, RATIS_ADMIN=40297, RATIS_SERVER=40297, RATIS_DATASTREAM=40255, STANDALONE=33985], networkLocation: /default-rack, certSerialId: null, persistedOpState: null, persistedOpStateExpiryEpochSec: 0}, ReplicationConfig: EC/ECReplicationConfig{data=3, parity=2, ecChunkSize=1048576, codec=rs}, State:ALLOCATED, leaderId:, CreationTimestamp2023-01-03T10:09:27.017Z[Etc/UTC]].
2023-01-03 10:09:27,018 [IPC Server handler 7 on default port 39719] INFO  pipeline.PipelineManagerImpl (PipelineManagerImpl.java:openPipeline(367)) - Pipeline Pipeline[ Id: 28d37dd9-0474-453e-955b-28c41b07f458, Nodes: d48ece42-6afd-4397-aae1-ec0ffb2cc7c4{ip: 10.1.0.13, host: fv-az292-374.tqgtyn10aqxuxoi0mkfbldi5vh.jx.internal.cloudapp.net, ports: [REPLICATION=36375, RATIS=34711, RATIS_ADMIN=34711, RATIS_SERVER=34711, RATIS_DATASTREAM=37501, STANDALONE=43325], networkLocation: /default-rack, certSerialId: null, persistedOpState: null, persistedOpStateExpiryEpochSec: 0}79f3458c-2c66-4b3a-be39-3ff7abbb9f16{ip: 10.1.0.13, host: fv-az292-374.tqgtyn10aqxuxoi0mkfbldi5vh.jx.internal.cloudapp.net, ports: [REPLICATION=45677, RATIS=36965, RATIS_ADMIN=36965, RATIS_SERVER=36965, RATIS_DATASTREAM=36199, STANDALONE=36935], networkLocation: /default-rack, certSerialId: null, persistedOpState: null, persistedOpStateExpiryEpochSec: 0}5f4e8170-34f9-42fb-8ea2-3b8d58ff5808{ip: 10.1.0.13, host: fv-az292-374.tqgtyn10aqxuxoi0mkfbldi5vh.jx.internal.cloudapp.net, ports: [REPLICATION=37739, RATIS=43165, RATIS_ADMIN=43165, RATIS_SERVER=43165, RATIS_DATASTREAM=42261, STANDALONE=46235], networkLocation: /default-rack, certSerialId: null, persistedOpState: null, persistedOpStateExpiryEpochSec: 0}650ee283-e4bb-452b-a208-1b125254dcf6{ip: 10.1.0.13, host: fv-az292-374.tqgtyn10aqxuxoi0mkfbldi5vh.jx.internal.cloudapp.net, ports: [REPLICATION=37411, RATIS=35579, RATIS_ADMIN=35579, RATIS_SERVER=35579, RATIS_DATASTREAM=40065, STANDALONE=40619], networkLocation: /default-rack, certSerialId: null, persistedOpState: null, persistedOpStateExpiryEpochSec: 0}2b04a8b1-164a-4310-98e7-450bb9581035{ip: 10.1.0.13, host: fv-az292-374.tqgtyn10aqxuxoi0mkfbldi5vh.jx.internal.cloudapp.net, ports: [REPLICATION=39627, RATIS=40297, RATIS_ADMIN=40297, RATIS_SERVER=40297, RATIS_DATASTREAM=40255, STANDALONE=33985], networkLocation: /default-rack, certSerialId: null, persistedOpState: null, persistedOpStateExpiryEpochSec: 0}, ReplicationConfig: EC/ECReplicationConfig{data=3, parity=2, ecChunkSize=1048576, codec=rs}, State:ALLOCATED, leaderId:, CreationTimestamp2023-01-03T10:09:27.017Z[Etc/UTC]] moved to OPEN state
2023-01-03 10:09:27,019 [IPC Server handler 8 on default port 33423] INFO  key.OMKeyRequest (OMKeyRequest.java:wrapUncommittedBlocksAsPseudoKey(835)) - Detect allocated but uncommitted blocks [{blockID={containerID=11, localID=111677748019200072}, length=4194304, offset=0, token=null, pipeline=null, createVersion=0, partNumber=0}] in key object-dir/object-name1.
]]></system-out>
  </testcase>
  <testcase name="testMakeDirsWithAnExistingDirectoryPath" classname="TestOzoneFileSystem" time="0.018">
    <system-out><![CDATA[2023-01-03 10:07:01,015 [OM StateMachine ApplyTransaction Thread - 0] INFO  key.OMKeyRequest (OMKeyRequest.java:wrapUncommittedBlocksAsPseudoKey(835)) - Detect allocated but uncommitted blocks [{blockID={containerID=6, localID=111677748019200073}, length=4194304, offset=0, token=null, pipeline=null, createVersion=0, partNumber=0}] in key d1/d2/d3/d4/key1.
]]></system-out>
  </testcase>
  <testcase name="testMakeDirsWithAnExistingDirectoryPath" classname="TestOzoneFileSystem" time="0.018">
    <system-out><![CDATA[2023-01-03 10:07:46,591 [IPC Server handler 3 on default port 46801] INFO  key.OMKeyRequest (OMKeyRequest.java:wrapUncommittedBlocksAsPseudoKey(835)) - Detect allocated but uncommitted blocks [{blockID={containerID=2, localID=111677748019200073}, length=4194304, offset=0, token=null, pipeline=null, createVersion=0, partNumber=0}] in key d1/d2/d3/d4/key1.
]]></system-out>
  </testcase>
  <testcase name="testMakeDirsWithAnExistingDirectoryPath" classname="TestOzoneFileSystem" time="0.017">
    <system-out><![CDATA[2023-01-03 10:08:39,720 [OM StateMachine ApplyTransaction Thread - 0] INFO  key.OMKeyRequest (OMKeyRequest.java:wrapUncommittedBlocksAsPseudoKey(835)) - Detect allocated but uncommitted blocks [{blockID={containerID=4, localID=111677748019200073}, length=4194304, offset=0, token=null, pipeline=null, createVersion=0, partNumber=0}] in key d1/d2/d3/d4/key1.
]]></system-out>
  </testcase>
  <testcase name="testMakeDirsWithAnExistingDirectoryPath" classname="TestOzoneFileSystem" time="0.018">
    <system-out><![CDATA[2023-01-03 10:09:27,041 [IPC Server handler 15 on default port 33423] INFO  key.OMKeyRequest (OMKeyRequest.java:wrapUncommittedBlocksAsPseudoKey(835)) - Detect allocated but uncommitted blocks [{blockID={containerID=6, localID=111677748019200073}, length=4194304, offset=0, token=null, pipeline=null, createVersion=0, partNumber=0}] in key d1/d2/d3/d4/key1.
]]></system-out>
  </testcase>
</testsuite>